<?xml version="1.0" encoding="UTF-8"?>
<testsuites name="Сверка с ПБЭ" time="1892.868" tests="1" failures="1" errors="0">
   <testsuite name="Сверка с ПБЭ" tests="1" failures="1" errors="0" time="1892.868" skipped="0" timestamp="18-11-2024T10:09:02" hostname="liazgina-di - UVV-WS904-D.ot.ru" id="Test Suites/Пн-Ср-Пт/Сверка с ПБЭ">
      <properties>
         <property name="deviceName" value=""/>
         <property name="devicePlatform"/>
         <property name="logFolder" value="C:\\Users\\LIAZGINA-DI\\git\\SPORU\\Reports\\20241118_100856\\\u041F\u043D-\u0421\u0440-\u041F\u0442\\\u0421\u0432\u0435\u0440\u043A\u0430 \u0441 \u041F\u0411\u042D\\20241118_100857"/>
         <property name="logFiles" value="C:\\Users\\LIAZGINA-DI\\git\\SPORU\\Reports\\20241118_100856\\\u041F\u043D-\u0421\u0440-\u041F\u0442\\\u0421\u0432\u0435\u0440\u043A\u0430 \u0441 \u041F\u0411\u042D\\20241118_100857\\execution0.log, C:\\Users\\LIAZGINA-DI\\git\\SPORU\\Reports\\20241118_100856\\\u041F\u043D-\u0421\u0440-\u041F\u0442\\\u0421\u0432\u0435\u0440\u043A\u0430 \u0441 \u041F\u0411\u042D\\20241118_100857\\execution1.log"/>
         <property name="attachments" value=""/>
         <property name="hostName" value="liazgina-di - UVV-WS904-D.ot.ru"/>
         <property name="os" value="Windows 10 64bit"/>
         <property name="katalonVersion" value="9.5.0.217"/>
         <property name="browser" value="Chrome 131.0.0.0"/>
         <property name="hostAddress" value="192.168.0.19"/>
         <property name="sessionId" value="50b117676162f95abbd3b19000b5c552"/>
         <property name="seleniumVersion" value="3.141.59"/>
         <property name="proxyInformation" value="ProxyInformation { proxyOption=NO_PROXY, proxyServerType=HTTP, username=, password=********, proxyServerAddress=, proxyServerPort=0, executionList=&quot;&quot;, isApplyToDesiredCapabilities=true }"/>
         <property name="platform" value="Windows 10"/>
      </properties>
      <testcase name="Test Cases/Выполнение бизнес-плана/Выполнение бизнес-плана Сверка ПАО Россети все филиалы" time="1892.675" classname="Test Cases/Выполнение бизнес-плана/Выполнение бизнес-плана Сверка ПАО Россети все филиалы" status="FAILED">
         <failure type="FAILED" message="Test Cases/Выполнение бизнес-плана/Выполнение бизнес-плана Сверка ПАО Россети все филиалы FAILED.&#xa;Reason:&#xa;com.kms.katalon.core.exception.StepFailedException: Unable to verify equal between actual object '6' and expected object '0' (Root cause: com.kms.katalon.core.exception.StepFailedException: Actual object '6' and expected object '0' are not equal&#xa;	at com.kms.katalon.core.keyword.builtin.VerifyEqualKeyword$_verifyEqual_closure1.doCall(VerifyEqualKeyword.groovy:58)&#xa;	at com.kms.katalon.core.keyword.builtin.VerifyEqualKeyword$_verifyEqual_closure1.call(VerifyEqualKeyword.groovy)&#xa;	at com.kms.katalon.core.keyword.internal.KeywordMain.runKeyword(KeywordMain.groovy:75)&#xa;	at com.kms.katalon.core.keyword.builtin.VerifyEqualKeyword.verifyEqual(VerifyEqualKeyword.groovy:63)&#xa;	at com.kms.katalon.core.keyword.builtin.VerifyEqualKeyword.execute(VerifyEqualKeyword.groovy:44)&#xa;	at com.kms.katalon.core.keyword.internal.KeywordExecutor.executeKeywordForPlatform(KeywordExecutor.groovy:74)&#xa;	at com.kms.katalon.core.keyword.BuiltinKeywords.verifyEqual(BuiltinKeywords.groovy:146)&#xa;	at java.base/jdk.internal.reflect.NativeMethodAccessorImpl.invoke0(Native Method)&#xa;	at java.base/jdk.internal.reflect.NativeMethodAccessorImpl.invoke(NativeMethodAccessorImpl.java:77)&#xa;	at java.base/jdk.internal.reflect.DelegatingMethodAccessorImpl.invoke(DelegatingMethodAccessorImpl.java:43)&#xa;	at Выполнение бизнес-плана Сверка ПАО Россети все филиалы.Numbers(Выполнение бизнес-плана Сверка ПАО Россети все филиалы:740)&#xa;	at Выполнение бизнес-плана Сверка ПАО Россети все филиалы.run(Выполнение бизнес-плана Сверка ПАО Россети все филиалы:189)&#xa;	at com.kms.katalon.core.main.ScriptEngine.run(ScriptEngine.java:194)&#xa;	at com.kms.katalon.core.main.ScriptEngine.runScriptAsRawText(ScriptEngine.java:119)&#xa;	at com.kms.katalon.core.main.TestCaseExecutor.runScript(TestCaseExecutor.java:448)&#xa;	at com.kms.katalon.core.main.TestCaseExecutor.doExecute(TestCaseExecutor.java:439)&#xa;	at com.kms.katalon.core.main.TestCaseExecutor.processExecutionPhase(TestCaseExecutor.java:418)&#xa;	at com.kms.katalon.core.main.TestCaseExecutor.accessMainPhase(TestCaseExecutor.java:410)&#xa;	at com.kms.katalon.core.main.TestCaseExecutor.execute(TestCaseExecutor.java:285)&#xa;	at com.kms.katalon.core.common.CommonExecutor.accessTestCaseMainPhase(CommonExecutor.java:65)&#xa;	at com.kms.katalon.core.main.TestSuiteExecutor.accessTestSuiteMainPhase(TestSuiteExecutor.java:150)&#xa;	at com.kms.katalon.core.main.TestSuiteExecutor.execute(TestSuiteExecutor.java:106)&#xa;	at com.kms.katalon.core.main.TestCaseMain.startTestSuite(TestCaseMain.java:180)&#xa;	at TempTestSuite1731913737709.run(TempTestSuite1731913737709.groovy:35)&#xa;	at java.base/jdk.internal.reflect.NativeMethodAccessorImpl.invoke0(Native Method)&#xa;	at java.base/jdk.internal.reflect.NativeMethodAccessorImpl.invoke(NativeMethodAccessorImpl.java:77)&#xa;	at java.base/jdk.internal.reflect.DelegatingMethodAccessorImpl.invoke(DelegatingMethodAccessorImpl.java:43)&#xa;)&#xa;	at com.kms.katalon.core.keyword.internal.KeywordMain.stepFailed(KeywordMain.groovy:39)&#xa;	at com.kms.katalon.core.keyword.internal.KeywordMain.stepFailed(KeywordMain.groovy)&#xa;	at com.kms.katalon.core.keyword.internal.KeywordMain.runKeyword(KeywordMain.groovy:77)&#xa;	at com.kms.katalon.core.keyword.builtin.VerifyEqualKeyword.verifyEqual(VerifyEqualKeyword.groovy:63)&#xa;	at com.kms.katalon.core.keyword.builtin.VerifyEqualKeyword.execute(VerifyEqualKeyword.groovy:44)&#xa;	at com.kms.katalon.core.keyword.internal.KeywordExecutor.executeKeywordForPlatform(KeywordExecutor.groovy:74)&#xa;	at com.kms.katalon.core.keyword.BuiltinKeywords.verifyEqual(BuiltinKeywords.groovy:146)&#xa;	at java.base/jdk.internal.reflect.NativeMethodAccessorImpl.invoke0(Native Method)&#xa;	at java.base/jdk.internal.reflect.NativeMethodAccessorImpl.invoke(NativeMethodAccessorImpl.java:77)&#xa;	at java.base/jdk.internal.reflect.DelegatingMethodAccessorImpl.invoke(DelegatingMethodAccessorImpl.java:43)&#xa;	at Выполнение бизнес-плана Сверка ПАО Россети все филиалы.Numbers(Выполнение бизнес-плана Сверка ПАО Россети все филиалы:740)&#xa;	at Выполнение бизнес-плана Сверка ПАО Россети все филиалы.run(Выполнение бизнес-плана Сверка ПАО Россети все филиалы:189)&#xa;	at com.kms.katalon.core.main.ScriptEngine.run(ScriptEngine.java:194)&#xa;	at com.kms.katalon.core.main.ScriptEngine.runScriptAsRawText(ScriptEngine.java:119)&#xa;	at com.kms.katalon.core.main.TestCaseExecutor.runScript(TestCaseExecutor.java:448)&#xa;	at com.kms.katalon.core.main.TestCaseExecutor.doExecute(TestCaseExecutor.java:439)&#xa;	at com.kms.katalon.core.main.TestCaseExecutor.processExecutionPhase(TestCaseExecutor.java:418)&#xa;	at com.kms.katalon.core.main.TestCaseExecutor.accessMainPhase(TestCaseExecutor.java:410)&#xa;	at com.kms.katalon.core.main.TestCaseExecutor.execute(TestCaseExecutor.java:285)&#xa;	at com.kms.katalon.core.common.CommonExecutor.accessTestCaseMainPhase(CommonExecutor.java:65)&#xa;	at com.kms.katalon.core.main.TestSuiteExecutor.accessTestSuiteMainPhase(TestSuiteExecutor.java:150)&#xa;	at com.kms.katalon.core.main.TestSuiteExecutor.execute(TestSuiteExecutor.java:106)&#xa;	at com.kms.katalon.core.main.TestCaseMain.startTestSuite(TestCaseMain.java:180)&#xa;	at TempTestSuite1731913737709.run(TempTestSuite1731913737709.groovy:35)&#xa;	at java.base/jdk.internal.reflect.NativeMethodAccessorImpl.invoke0(Native Method)&#xa;	at java.base/jdk.internal.reflect.NativeMethodAccessorImpl.invoke(NativeMethodAccessorImpl.java:77)&#xa;	at java.base/jdk.internal.reflect.DelegatingMethodAccessorImpl.invoke(DelegatingMethodAccessorImpl.java:43)&#xa;Caused by: com.kms.katalon.core.exception.StepFailedException: Actual object '6' and expected object '0' are not equal&#xa;	at com.kms.katalon.core.keyword.builtin.VerifyEqualKeyword$_verifyEqual_closure1.doCall(VerifyEqualKeyword.groovy:58)&#xa;	at com.kms.katalon.core.keyword.builtin.VerifyEqualKeyword$_verifyEqual_closure1.call(VerifyEqualKeyword.groovy)&#xa;	at com.kms.katalon.core.keyword.internal.KeywordMain.runKeyword(KeywordMain.groovy:75)&#xa;	... 24 more&#xa;"/>
         <system-out><![CDATA[18-11-2024T10:09:02 - [TEST_CASE][FAILED] - Test Cases/Выполнение бизнес-плана/Выполнение бизнес-плана Сверка ПАО Россети все филиалы: Test Cases/Выполнение бизнес-плана/Выполнение бизнес-плана Сверка ПАО Россети все филиалы FAILED.
Reason:
com.kms.katalon.core.exception.StepFailedException: Unable to verify equal between actual object '6' and expected object '0' (Root cause: com.kms.katalon.core.exception.StepFailedException: Actual object '6' and expected object '0' are not equal
	at com.kms.katalon.core.keyword.builtin.VerifyEqualKeyword$_verifyEqual_closure1.doCall(VerifyEqualKeyword.groovy:58)
	at com.kms.katalon.core.keyword.builtin.VerifyEqualKeyword$_verifyEqual_closure1.call(VerifyEqualKeyword.groovy)
	at com.kms.katalon.core.keyword.internal.KeywordMain.runKeyword(KeywordMain.groovy:75)
	at com.kms.katalon.core.keyword.builtin.VerifyEqualKeyword.verifyEqual(VerifyEqualKeyword.groovy:63)
	at com.kms.katalon.core.keyword.builtin.VerifyEqualKeyword.execute(VerifyEqualKeyword.groovy:44)
	at com.kms.katalon.core.keyword.internal.KeywordExecutor.executeKeywordForPlatform(KeywordExecutor.groovy:74)
	at com.kms.katalon.core.keyword.BuiltinKeywords.verifyEqual(BuiltinKeywords.groovy:146)
	at java.base/jdk.internal.reflect.NativeMethodAccessorImpl.invoke0(Native Method)
	at java.base/jdk.internal.reflect.NativeMethodAccessorImpl.invoke(NativeMethodAccessorImpl.java:77)
	at java.base/jdk.internal.reflect.DelegatingMethodAccessorImpl.invoke(DelegatingMethodAccessorImpl.java:43)
	at Выполнение бизнес-плана Сверка ПАО Россети все филиалы.Numbers(Выполнение бизнес-плана Сверка ПАО Россети все филиалы:740)
	at Выполнение бизнес-плана Сверка ПАО Россети все филиалы.run(Выполнение бизнес-плана Сверка ПАО Россети все филиалы:189)
	at com.kms.katalon.core.main.ScriptEngine.run(ScriptEngine.java:194)
	at com.kms.katalon.core.main.ScriptEngine.runScriptAsRawText(ScriptEngine.java:119)
	at com.kms.katalon.core.main.TestCaseExecutor.runScript(TestCaseExecutor.java:448)
	at com.kms.katalon.core.main.TestCaseExecutor.doExecute(TestCaseExecutor.java:439)
	at com.kms.katalon.core.main.TestCaseExecutor.processExecutionPhase(TestCaseExecutor.java:418)
	at com.kms.katalon.core.main.TestCaseExecutor.accessMainPhase(TestCaseExecutor.java:410)
	at com.kms.katalon.core.main.TestCaseExecutor.execute(TestCaseExecutor.java:285)
	at com.kms.katalon.core.common.CommonExecutor.accessTestCaseMainPhase(CommonExecutor.java:65)
	at com.kms.katalon.core.main.TestSuiteExecutor.accessTestSuiteMainPhase(TestSuiteExecutor.java:150)
	at com.kms.katalon.core.main.TestSuiteExecutor.execute(TestSuiteExecutor.java:106)
	at com.kms.katalon.core.main.TestCaseMain.startTestSuite(TestCaseMain.java:180)
	at TempTestSuite1731913737709.run(TempTestSuite1731913737709.groovy:35)
	at java.base/jdk.internal.reflect.NativeMethodAccessorImpl.invoke0(Native Method)
	at java.base/jdk.internal.reflect.NativeMethodAccessorImpl.invoke(NativeMethodAccessorImpl.java:77)
	at java.base/jdk.internal.reflect.DelegatingMethodAccessorImpl.invoke(DelegatingMethodAccessorImpl.java:43)
)
	at com.kms.katalon.core.keyword.internal.KeywordMain.stepFailed(KeywordMain.groovy:39)
	at com.kms.katalon.core.keyword.internal.KeywordMain.stepFailed(KeywordMain.groovy)
	at com.kms.katalon.core.keyword.internal.KeywordMain.runKeyword(KeywordMain.groovy:77)
	at com.kms.katalon.core.keyword.builtin.VerifyEqualKeyword.verifyEqual(VerifyEqualKeyword.groovy:63)
	at com.kms.katalon.core.keyword.builtin.VerifyEqualKeyword.execute(VerifyEqualKeyword.groovy:44)
	at com.kms.katalon.core.keyword.internal.KeywordExecutor.executeKeywordForPlatform(KeywordExecutor.groovy:74)
	at com.kms.katalon.core.keyword.BuiltinKeywords.verifyEqual(BuiltinKeywords.groovy:146)
	at java.base/jdk.internal.reflect.NativeMethodAccessorImpl.invoke0(Native Method)
	at java.base/jdk.internal.reflect.NativeMethodAccessorImpl.invoke(NativeMethodAccessorImpl.java:77)
	at java.base/jdk.internal.reflect.DelegatingMethodAccessorImpl.invoke(DelegatingMethodAccessorImpl.java:43)
	at Выполнение бизнес-плана Сверка ПАО Россети все филиалы.Numbers(Выполнение бизнес-плана Сверка ПАО Россети все филиалы:740)
	at Выполнение бизнес-плана Сверка ПАО Россети все филиалы.run(Выполнение бизнес-плана Сверка ПАО Россети все филиалы:189)
	at com.kms.katalon.core.main.ScriptEngine.run(ScriptEngine.java:194)
	at com.kms.katalon.core.main.ScriptEngine.runScriptAsRawText(ScriptEngine.java:119)
	at com.kms.katalon.core.main.TestCaseExecutor.runScript(TestCaseExecutor.java:448)
	at com.kms.katalon.core.main.TestCaseExecutor.doExecute(TestCaseExecutor.java:439)
	at com.kms.katalon.core.main.TestCaseExecutor.processExecutionPhase(TestCaseExecutor.java:418)
	at com.kms.katalon.core.main.TestCaseExecutor.accessMainPhase(TestCaseExecutor.java:410)
	at com.kms.katalon.core.main.TestCaseExecutor.execute(TestCaseExecutor.java:285)
	at com.kms.katalon.core.common.CommonExecutor.accessTestCaseMainPhase(CommonExecutor.java:65)
	at com.kms.katalon.core.main.TestSuiteExecutor.accessTestSuiteMainPhase(TestSuiteExecutor.java:150)
	at com.kms.katalon.core.main.TestSuiteExecutor.execute(TestSuiteExecutor.java:106)
	at com.kms.katalon.core.main.TestCaseMain.startTestSuite(TestCaseMain.java:180)
	at TempTestSuite1731913737709.run(TempTestSuite1731913737709.groovy:35)
	at java.base/jdk.internal.reflect.NativeMethodAccessorImpl.invoke0(Native Method)
	at java.base/jdk.internal.reflect.NativeMethodAccessorImpl.invoke(NativeMethodAccessorImpl.java:77)
	at java.base/jdk.internal.reflect.DelegatingMethodAccessorImpl.invoke(DelegatingMethodAccessorImpl.java:43)
Caused by: com.kms.katalon.core.exception.StepFailedException: Actual object '6' and expected object '0' are not equal
	at com.kms.katalon.core.keyword.builtin.VerifyEqualKeyword$_verifyEqual_closure1.doCall(VerifyEqualKeyword.groovy:58)
	at com.kms.katalon.core.keyword.builtin.VerifyEqualKeyword$_verifyEqual_closure1.call(VerifyEqualKeyword.groovy)
	at com.kms.katalon.core.keyword.internal.KeywordMain.runKeyword(KeywordMain.groovy:75)
	... 24 more


18-11-2024T10:09:03 - [TEST_STEP][PASSED] - openBrowser(""): Browser is opened with url: ''

18-11-2024T10:09:04 - [MESSAGE][INFO] - Starting 'Chrome' driver

18-11-2024T10:09:04 - [MESSAGE][INFO] - Action delay is set to 0 milliseconds

18-11-2024T10:09:06 - [MESSAGE][PASSED] - Browser is opened with url: ''

18-11-2024T10:09:06 - [TEST_STEP][PASSED] - date = new java.util.Date(): null

18-11-2024T10:09:06 - [TEST_STEP][PASSED] - todaysDate = date.format("dd.MM.yyyy"): null

18-11-2024T10:09:06 - [TEST_STEP][PASSED] - dZO = <not implemented yet for class: org.codehaus.groovy.ast.expr.EmptyExpression>: null

18-11-2024T10:09:06 - [TEST_STEP][PASSED] - a = <not implemented yet for class: org.codehaus.groovy.ast.expr.EmptyExpression>: null

18-11-2024T10:09:06 - [TEST_STEP][PASSED] - fileperc = <not implemented yet for class: org.codehaus.groovy.ast.expr.EmptyExpression>: null

18-11-2024T10:09:06 - [TEST_STEP][PASSED] - pageperc = <not implemented yet for class: org.codehaus.groovy.ast.expr.EmptyExpression>: null

18-11-2024T10:09:06 - [TEST_STEP][PASSED] - pageInt = <not implemented yet for class: org.codehaus.groovy.ast.expr.EmptyExpression>: null

18-11-2024T10:09:06 - [TEST_STEP][PASSED] - fileInt = <not implemented yet for class: org.codehaus.groovy.ast.expr.EmptyExpression>: null

18-11-2024T10:09:06 - [TEST_STEP][PASSED] - pageDouble = <not implemented yet for class: org.codehaus.groovy.ast.expr.EmptyExpression>: null

18-11-2024T10:09:06 - [TEST_STEP][PASSED] - fileDouble = <not implemented yet for class: org.codehaus.groovy.ast.expr.EmptyExpression>: null

18-11-2024T10:09:06 - [TEST_STEP][PASSED] - typeOfData = <not implemented yet for class: org.codehaus.groovy.ast.expr.EmptyExpression>: null

18-11-2024T10:09:06 - [TEST_STEP][PASSED] - dzoNum = 0: null

18-11-2024T10:09:06 - [TEST_STEP][PASSED] - filialNum = 0: null

18-11-2024T10:09:06 - [TEST_STEP][PASSED] - urlText = <not implemented yet for class: org.codehaus.groovy.ast.expr.EmptyExpression>: null

18-11-2024T10:09:06 - [TEST_STEP][PASSED] - searchWord = <not implemented yet for class: org.codehaus.groovy.ast.expr.EmptyExpression>: null

18-11-2024T10:09:06 - [TEST_STEP][PASSED] - i = <not implemented yet for class: org.codehaus.groovy.ast.expr.EmptyExpression>: null

18-11-2024T10:09:06 - [TEST_STEP][PASSED] - ii = <not implemented yet for class: org.codehaus.groovy.ast.expr.EmptyExpression>: null

18-11-2024T10:09:06 - [TEST_STEP][PASSED] - navigateToUrl(findTestData("PlanFact").getValue(10, 1)): Navigate to 'https://bi.rosseti.digital/viewer?dashboardGuid=d154a8eaf6824e2b9de1bb04dd061c18&sheetGuid=1305e8ce744049e1abdacea1ea397a26&fit=true' successfully

18-11-2024T10:09:12 - [MESSAGE][PASSED] - Navigate to 'https://bi.rosseti.digital/viewer?dashboardGuid=d154a8eaf6824e2b9de1bb04dd061c18&sheetGuid=1305e8ce744049e1abdacea1ea397a26&fit=true' successfully

18-11-2024T10:09:12 - [TEST_STEP][PASSED] - urlText = getText(findTestObject("Страница авторизации/Text")): Text of object 'Object Repository/Страница авторизации/Text' is: 'Вход'

18-11-2024T10:09:15 - [MESSAGE][PASSED] - Text of object 'Object Repository/Страница авторизации/Text' is: 'Вход'

18-11-2024T10:09:15 - [TEST_STEP][PASSED] - delay(20): Delayed 20 second(s)

18-11-2024T10:09:35 - [MESSAGE][PASSED] - Delayed 20 second(s)

18-11-2024T10:09:35 - [TEST_STEP][PASSED] - searchWord = "Вход": null

18-11-2024T10:09:35 - [TEST_STEP][PASSED] - if (urlText.contains(searchWord) == false): null

18-11-2024T10:09:35 - [TEST_STEP][PASSED] - setText(findTestObject("Страница авторизации/input__username"), findTestData("PlanFact").getValue(8, 1)): Text 'liazgina-di' is set on object 'Object Repository/Страница авторизации/input__username'

18-11-2024T10:09:36 - [MESSAGE][PASSED] - Text 'liazgina-di' is set on object 'Object Repository/Страница авторизации/input__username'

18-11-2024T10:09:36 - [TEST_STEP][PASSED] - setText(findTestObject("Страница авторизации/input__password"), findTestData("PlanFact").getValue(9, 1)): Text ')$%5srZ8o688Dm#q' is set on object 'Object Repository/Страница авторизации/input__password'

18-11-2024T10:09:37 - [MESSAGE][PASSED] - Text ')$%5srZ8o688Dm#q' is set on object 'Object Repository/Страница авторизации/input__password'

18-11-2024T10:09:37 - [TEST_STEP][PASSED] - click(findTestObject("Страница авторизации/button_")): Object: 'Object Repository/Страница авторизации/button_' is clicked on

18-11-2024T10:09:40 - [MESSAGE][PASSED] - Object: 'Object Repository/Страница авторизации/button_' is clicked on

18-11-2024T10:09:40 - [TEST_STEP][PASSED] - delay(50): Delayed 50 second(s)

18-11-2024T10:10:30 - [MESSAGE][PASSED] - Delayed 50 second(s)

18-11-2024T10:10:30 - [TEST_STEP][PASSED] - searchWord = "ДЗО": null

18-11-2024T10:10:30 - [TEST_STEP][PASSED] - urlText = getText(findTestObject("Страница авторизации/Text")): Text of object 'Object Repository/Страница авторизации/Text' is: 'ДЗО 
Все
Период
1, 2, 3 кв. 2024 года
Отклонения фактического уровня потерь от бизнес-плана, п.п.
-0.07
3.72
3.84
-0.05
0.09
-0.51
-0.25
АО «Тываэнерго»
АО «Чеченэнерго»
Россети Северный Кавказ
Россети Сибирь
Россети Тюмень
Россети Центр (ГК)
Россети Центр и Приволжье (ГК)
-1
0
1
2
3
4
5
6
7

Уровень потерь электроэнергии
АО «Тываэнерго»
АО «Чеченэнерго»
Россети Северный Кавказ
Россети Сибирь
Россети Тюмень
Россети Центр (ГК)
Россети Центр и Приволжье (ГК)
0
10
20
30
40
50
60
70
21.03
|
32.87
23.70
6.97
|
2.51
9.98
|
6.88
|
20.96
36.59
|
27.54
|
6.92
2.60
|
9.48
6.63
п.п.
0.05
Итого
0
0.02
0.04
0.06
%
5.29 5.29
5.26 5.26
План
Факт
1
100


Статус данных
Просьба обратить внимание
— все данные не занесены
Факт
План
Итого – Факт
Отпуск в сеть 192 247 697
Отпуск из сети 175 051 868
Потери 17 195 829
Итого – План
Отпуск в сеть 187 501 364
Отпуск из сети 171 438 674
Потери 16 062 691
Выполнение бизнес-плана в части показателя «Уровень потерь электроэнергии»
Показатели баланса электроэнергии по ДЗО – Факт 
Показатели баланса электроэнергии по ДЗО – План
544 127 2 822 152 16 300 204 44 875 501 40 452 567 43 055 315 39 451 497
429 681 1 894 447 12 437 092 41 746 891 39 436 282 38 756 246 36 738 034
114 446 927 705 3 863 112 3 128 610 1 016 285 4 299 069 2 713 463'

18-11-2024T10:11:01 - [MESSAGE][PASSED] - Text of object 'Object Repository/Страница авторизации/Text' is: 'ДЗО 
Все
Период
1, 2, 3 кв. 2024 года
Отклонения фактического уровня потерь от бизнес-плана, п.п.
-0.07
3.72
3.84
-0.05
0.09
-0.51
-0.25
АО «Тываэнерго»
АО «Чеченэнерго»
Россети Северный Кавказ
Россети Сибирь
Россети Тюмень
Россети Центр (ГК)
Россети Центр и Приволжье (ГК)
-1
0
1
2
3
4
5
6
7

Уровень потерь электроэнергии
АО «Тываэнерго»
АО «Чеченэнерго»
Россети Северный Кавказ
Россети Сибирь
Россети Тюмень
Россети Центр (ГК)
Россети Центр и Приволжье (ГК)
0
10
20
30
40
50
60
70
21.03
|
32.87
23.70
6.97
|
2.51
9.98
|
6.88
|
20.96
36.59
|
27.54
|
6.92
2.60
|
9.48
6.63
п.п.
0.05
Итого
0
0.02
0.04
0.06
%
5.29 5.29
5.26 5.26
План
Факт
1
100


Статус данных
Просьба обратить внимание
— все данные не занесены
Факт
План
Итого – Факт
Отпуск в сеть 192 247 697
Отпуск из сети 175 051 868
Потери 17 195 829
Итого – План
Отпуск в сеть 187 501 364
Отпуск из сети 171 438 674
Потери 16 062 691
Выполнение бизнес-плана в части показателя «Уровень потерь электроэнергии»
Показатели баланса электроэнергии по ДЗО – Факт 
Показатели баланса электроэнергии по ДЗО – План
544 127 2 822 152 16 300 204 44 875 501 40 452 567 43 055 315 39 451 497
429 681 1 894 447 12 437 092 41 746 891 39 436 282 38 756 246 36 738 034
114 446 927 705 3 863 112 3 128 610 1 016 285 4 299 069 2 713 463'

18-11-2024T10:11:01 - [TEST_STEP][PASSED] - if (urlText.contains("ошибка") || urlText.contains(searchWord) == false): null

18-11-2024T10:11:01 - [TEST_STEP][PASSED] - Script1718980020443.ZakrytOpoveshenie(): null

18-11-2024T10:11:01 - [TEST_STEP][PASSED] - delay(10): Delayed 10 second(s)

18-11-2024T10:11:11 - [MESSAGE][PASSED] - Delayed 10 second(s)

18-11-2024T10:11:11 - [TEST_STEP][PASSED] - opoveshenie = getText(findTestObject("Выполнение бизнес-плана/Просьба обратить внимание")): Text of object 'Object Repository/Выполнение бизнес-плана/Просьба обратить внимание' is: 'Просьба обратить внимание'

18-11-2024T10:11:41 - [MESSAGE][PASSED] - Text of object 'Object Repository/Выполнение бизнес-плана/Просьба обратить внимание' is: 'Просьба обратить внимание'

18-11-2024T10:11:41 - [TEST_STEP][PASSED] - println(opoveshenie): null

18-11-2024T10:11:41 - [TEST_STEP][PASSED] - if (opoveshenie == "Просьба обратить внимание"): Object: 'Object Repository/Выполнение бизнес-плана/Закрыть оповещение' is clicked on

18-11-2024T10:11:41 - [TEST_STEP][PASSED] - click(findTestObject("Выполнение бизнес-плана/Закрыть оповещение")): Object: 'Object Repository/Выполнение бизнес-плана/Закрыть оповещение' is clicked on

18-11-2024T10:12:11 - [MESSAGE][PASSED] - Object: 'Object Repository/Выполнение бизнес-плана/Закрыть оповещение' is clicked on

18-11-2024T10:12:11 - [TEST_STEP][PASSED] - click(findTestObject("Object Repository/Выполнение бизнес-плана/Фильтр Дата")): Object: 'Object Repository/Выполнение бизнес-плана/Фильтр Дата' is clicked on

18-11-2024T10:12:41 - [MESSAGE][PASSED] - Object: 'Object Repository/Выполнение бизнес-плана/Фильтр Дата' is clicked on

18-11-2024T10:12:41 - [TEST_STEP][PASSED] - click(findTestObject("Выполнение бизнес-плана/Снять выделение в фильтре Дата")): Object: 'Object Repository/Выполнение бизнес-плана/Снять выделение в фильтре Дата' is clicked on

18-11-2024T10:13:11 - [MESSAGE][PASSED] - Object: 'Object Repository/Выполнение бизнес-плана/Снять выделение в фильтре Дата' is clicked on

18-11-2024T10:13:11 - [TEST_STEP][PASSED] - click(findTestObject("Object Repository/Выполнение бизнес-плана/Применить в фильтре Дата")): Object: 'Object Repository/Выполнение бизнес-плана/Применить в фильтре Дата' is clicked on

18-11-2024T10:13:42 - [MESSAGE][PASSED] - Object: 'Object Repository/Выполнение бизнес-плана/Применить в фильтре Дата' is clicked on

18-11-2024T10:13:42 - [TEST_STEP][PASSED] - delay(50): Delayed 50 second(s)

18-11-2024T10:14:32 - [MESSAGE][PASSED] - Delayed 50 second(s)

18-11-2024T10:14:32 - [TEST_STEP][PASSED] - Script1718980020443.ZakrytOpoveshenie(): null

18-11-2024T10:14:32 - [TEST_STEP][PASSED] - delay(10): Delayed 10 second(s)

18-11-2024T10:14:42 - [MESSAGE][PASSED] - Delayed 10 second(s)

18-11-2024T10:14:42 - [TEST_STEP][PASSED] - opoveshenie = getText(findTestObject("Выполнение бизнес-плана/Просьба обратить внимание")): Text of object 'Object Repository/Выполнение бизнес-плана/Просьба обратить внимание' is: 'Просьба обратить внимание'

18-11-2024T10:14:42 - [MESSAGE][PASSED] - Text of object 'Object Repository/Выполнение бизнес-плана/Просьба обратить внимание' is: 'Просьба обратить внимание'

18-11-2024T10:14:42 - [TEST_STEP][PASSED] - println(opoveshenie): null

18-11-2024T10:14:42 - [TEST_STEP][PASSED] - if (opoveshenie == "Просьба обратить внимание"): Object: 'Object Repository/Выполнение бизнес-плана/Закрыть оповещение' is clicked on

18-11-2024T10:14:42 - [TEST_STEP][PASSED] - click(findTestObject("Выполнение бизнес-плана/Закрыть оповещение")): Object: 'Object Repository/Выполнение бизнес-плана/Закрыть оповещение' is clicked on

18-11-2024T10:14:43 - [MESSAGE][PASSED] - Object: 'Object Repository/Выполнение бизнес-плана/Закрыть оповещение' is clicked on

18-11-2024T10:14:43 - [TEST_STEP][PASSED] - click(findTestObject("Object Repository/Выполнение бизнес-плана/Фильтр Дата")): Object: 'Object Repository/Выполнение бизнес-плана/Фильтр Дата' is clicked on

18-11-2024T10:14:43 - [MESSAGE][PASSED] - Object: 'Object Repository/Выполнение бизнес-плана/Фильтр Дата' is clicked on

18-11-2024T10:14:43 - [TEST_STEP][PASSED] - scrollToElement(findTestObject("Выполнение бизнес-плана/2024 список"), 30): Scroll to object 'Object Repository/Выполнение бизнес-плана/2024 список' successfully

18-11-2024T10:14:44 - [MESSAGE][PASSED] - Scroll to object 'Object Repository/Выполнение бизнес-плана/2024 список' successfully

18-11-2024T10:14:44 - [TEST_STEP][PASSED] - click(findTestObject("Выполнение бизнес-плана/2024 список")): Object: 'Object Repository/Выполнение бизнес-плана/2024 список' is clicked on

18-11-2024T10:14:44 - [MESSAGE][PASSED] - Object: 'Object Repository/Выполнение бизнес-плана/2024 список' is clicked on

18-11-2024T10:14:44 - [TEST_STEP][PASSED] - scrollToElement(findTestObject("Выполнение бизнес-плана/1 квартал 2024 список"), 30): Scroll to object 'Object Repository/Выполнение бизнес-плана/1 квартал 2024 список' successfully

18-11-2024T10:14:44 - [MESSAGE][PASSED] - Scroll to object 'Object Repository/Выполнение бизнес-плана/1 квартал 2024 список' successfully

18-11-2024T10:14:44 - [TEST_STEP][PASSED] - click(findTestObject("Выполнение бизнес-плана/1 квартал 2024 список")): Object: 'Object Repository/Выполнение бизнес-плана/1 квартал 2024 список' is clicked on

18-11-2024T10:14:45 - [MESSAGE][PASSED] - Object: 'Object Repository/Выполнение бизнес-плана/1 квартал 2024 список' is clicked on

18-11-2024T10:14:45 - [TEST_STEP][PASSED] - click(findTestObject("Выполнение бизнес-плана/Январь 2024")): Object: 'Object Repository/Выполнение бизнес-плана/Январь 2024' is clicked on

18-11-2024T10:14:45 - [MESSAGE][PASSED] - Object: 'Object Repository/Выполнение бизнес-плана/Январь 2024' is clicked on

18-11-2024T10:14:45 - [TEST_STEP][PASSED] - click(findTestObject("Выполнение бизнес-плана/Февраль 2024")): Object: 'Object Repository/Выполнение бизнес-плана/Февраль 2024' is clicked on

18-11-2024T10:14:46 - [MESSAGE][PASSED] - Object: 'Object Repository/Выполнение бизнес-плана/Февраль 2024' is clicked on

18-11-2024T10:14:46 - [TEST_STEP][PASSED] - click(findTestObject("Выполнение бизнес-плана/Март 2024")): Object: 'Object Repository/Выполнение бизнес-плана/Март 2024' is clicked on

18-11-2024T10:14:46 - [MESSAGE][PASSED] - Object: 'Object Repository/Выполнение бизнес-плана/Март 2024' is clicked on

18-11-2024T10:14:46 - [TEST_STEP][PASSED] - scrollToElement(findTestObject("Выполнение бизнес-плана/2 квартал 2024"), 30): Scroll to object 'Object Repository/Выполнение бизнес-плана/2 квартал 2024' successfully

18-11-2024T10:14:47 - [MESSAGE][PASSED] - Scroll to object 'Object Repository/Выполнение бизнес-плана/2 квартал 2024' successfully

18-11-2024T10:14:47 - [TEST_STEP][PASSED] - click(findTestObject("Выполнение бизнес-плана/2 квартал 2024")): Object: 'Object Repository/Выполнение бизнес-плана/2 квартал 2024' is clicked on

18-11-2024T10:14:47 - [MESSAGE][PASSED] - Object: 'Object Repository/Выполнение бизнес-плана/2 квартал 2024' is clicked on

18-11-2024T10:14:47 - [TEST_STEP][PASSED] - scrollToElement(findTestObject("Выполнение бизнес-плана/3 квартал 2024 список"), 30): Scroll to object 'Object Repository/Выполнение бизнес-плана/3 квартал 2024 список' successfully

18-11-2024T10:14:48 - [MESSAGE][PASSED] - Scroll to object 'Object Repository/Выполнение бизнес-плана/3 квартал 2024 список' successfully

18-11-2024T10:14:48 - [TEST_STEP][PASSED] - click(findTestObject("Выполнение бизнес-плана/3 квартал 2024"), CONTINUE_ON_FAILURE): Object: 'Object Repository/Выполнение бизнес-плана/3 квартал 2024' is clicked on

18-11-2024T10:14:48 - [MESSAGE][PASSED] - Object: 'Object Repository/Выполнение бизнес-плана/3 квартал 2024' is clicked on

18-11-2024T10:14:48 - [TEST_STEP][PASSED] - scrollToElement(findTestObject("Выполнение бизнес-плана/Заголовок дашборда"), 30): Scroll to object 'Object Repository/Выполнение бизнес-плана/Заголовок дашборда' successfully

18-11-2024T10:14:49 - [MESSAGE][PASSED] - Scroll to object 'Object Repository/Выполнение бизнес-плана/Заголовок дашборда' successfully

18-11-2024T10:14:49 - [TEST_STEP][PASSED] - click(findTestObject("Object Repository/Выполнение бизнес-плана/Применить в фильтре Дата")): Object: 'Object Repository/Выполнение бизнес-плана/Применить в фильтре Дата' is clicked on

18-11-2024T10:14:49 - [MESSAGE][PASSED] - Object: 'Object Repository/Выполнение бизнес-плана/Применить в фильтре Дата' is clicked on

18-11-2024T10:14:49 - [TEST_STEP][PASSED] - delay(50): Delayed 50 second(s)

18-11-2024T10:15:39 - [MESSAGE][PASSED] - Delayed 50 second(s)

18-11-2024T10:15:39 - [TEST_STEP][PASSED] - Script1718980020443.ZakrytOpoveshenie(): null

18-11-2024T10:15:39 - [TEST_STEP][PASSED] - delay(10): Delayed 10 second(s)

18-11-2024T10:15:49 - [MESSAGE][PASSED] - Delayed 10 second(s)

18-11-2024T10:15:49 - [TEST_STEP][PASSED] - opoveshenie = getText(findTestObject("Выполнение бизнес-плана/Просьба обратить внимание")): Text of object 'Object Repository/Выполнение бизнес-плана/Просьба обратить внимание' is: 'Просьба обратить внимание'

18-11-2024T10:15:50 - [MESSAGE][PASSED] - Text of object 'Object Repository/Выполнение бизнес-плана/Просьба обратить внимание' is: 'Просьба обратить внимание'

18-11-2024T10:15:50 - [TEST_STEP][PASSED] - println(opoveshenie): null

18-11-2024T10:15:50 - [TEST_STEP][PASSED] - if (opoveshenie == "Просьба обратить внимание"): Object: 'Object Repository/Выполнение бизнес-плана/Закрыть оповещение' is clicked on

18-11-2024T10:15:50 - [TEST_STEP][PASSED] - click(findTestObject("Выполнение бизнес-плана/Закрыть оповещение")): Object: 'Object Repository/Выполнение бизнес-плана/Закрыть оповещение' is clicked on

18-11-2024T10:15:50 - [MESSAGE][PASSED] - Object: 'Object Repository/Выполнение бизнес-плана/Закрыть оповещение' is clicked on

18-11-2024T10:15:50 - [TEST_STEP][PASSED] - delay(30): Delayed 30 second(s)

18-11-2024T10:16:20 - [MESSAGE][PASSED] - Delayed 30 second(s)

18-11-2024T10:16:20 - [TEST_STEP][PASSED] - Script1718980020443.OpenFilter(): null

18-11-2024T10:16:20 - [TEST_STEP][PASSED] - click(findTestObject("Object Repository/Выполнение бизнес-плана/Фильтр ДЗО")): Object: 'Object Repository/Выполнение бизнес-плана/Фильтр ДЗО' is clicked on

18-11-2024T10:16:20 - [MESSAGE][PASSED] - Object: 'Object Repository/Выполнение бизнес-плана/Фильтр ДЗО' is clicked on

18-11-2024T10:16:20 - [TEST_STEP][PASSED] - click(findTestObject("Выполнение бизнес-плана/Снять выделение в фильтре ДЗО")): Object: 'Object Repository/Выполнение бизнес-плана/Снять выделение в фильтре ДЗО' is clicked on

18-11-2024T10:16:21 - [MESSAGE][PASSED] - Object: 'Object Repository/Выполнение бизнес-плана/Снять выделение в фильтре ДЗО' is clicked on

18-11-2024T10:16:21 - [TEST_STEP][PASSED] - click(findTestObject("Выполнение бизнес-плана/ПАО Россети")): Object: 'Object Repository/Выполнение бизнес-плана/ПАО Россети' is clicked on

18-11-2024T10:16:21 - [MESSAGE][PASSED] - Object: 'Object Repository/Выполнение бизнес-плана/ПАО Россети' is clicked on

18-11-2024T10:16:21 - [TEST_STEP][PASSED] - click(findTestObject("Object Repository/Выполнение бизнес-плана/Применить в фильтре ДЗО")): Object: 'Object Repository/Выполнение бизнес-плана/Применить в фильтре ДЗО' is clicked on

18-11-2024T10:16:22 - [MESSAGE][PASSED] - Object: 'Object Repository/Выполнение бизнес-плана/Применить в фильтре ДЗО' is clicked on

18-11-2024T10:16:22 - [TEST_STEP][PASSED] - delay(30): Delayed 30 second(s)

18-11-2024T10:16:52 - [MESSAGE][PASSED] - Delayed 30 second(s)

18-11-2024T10:16:52 - [TEST_STEP][PASSED] - x1 = getText(findTestObject("Выполнение бизнес-плана/Список ДЗО старый")): Text of object 'Object Repository/Выполнение бизнес-плана/Список ДЗО старый' is: 'АО «Тываэнерго»
АО «Чеченэнерго»
Россети Северный Кавказ
Россети Сибирь
Россети Тюмень
Россети Центр (ГК)
Россети Центр и Приволжье (ГК)
0
10
20
30
40
50
60
70'

18-11-2024T10:16:53 - [MESSAGE][PASSED] - Text of object 'Object Repository/Выполнение бизнес-плана/Список ДЗО старый' is: 'АО «Тываэнерго»
АО «Чеченэнерго»
Россети Северный Кавказ
Россети Сибирь
Россети Тюмень
Россети Центр (ГК)
Россети Центр и Приволжье (ГК)
0
10
20
30
40
50
60
70'

18-11-2024T10:16:53 - [TEST_STEP][PASSED] - dZO = "ПАО Россети": null

18-11-2024T10:16:53 - [TEST_STEP][PASSED] - a = 84: null

18-11-2024T10:16:53 - [TEST_STEP][PASSED] - Script1718980020443.Numbers(a, typeOfData, todaysDate, pageInt, fileInt, pageDouble, fileDouble, dZO, dzoNum, filialNum): null

18-11-2024T10:16:53 - [TEST_STEP][PASSED] - println(dzoNum): null

18-11-2024T10:16:53 - [TEST_STEP][PASSED] - planFact = <not implemented yet for class: org.codehaus.groovy.ast.expr.EmptyExpression>: null

18-11-2024T10:16:53 - [TEST_STEP][PASSED] - page = <not implemented yet for class: org.codehaus.groovy.ast.expr.EmptyExpression>: null

18-11-2024T10:16:53 - [TEST_STEP][PASSED] - page1 = <not implemented yet for class: org.codehaus.groovy.ast.expr.EmptyExpression>: null

18-11-2024T10:16:53 - [TEST_STEP][PASSED] - page2 = <not implemented yet for class: org.codehaus.groovy.ast.expr.EmptyExpression>: null

18-11-2024T10:16:53 - [TEST_STEP][PASSED] - filialNumberInRow = <not implemented yet for class: org.codehaus.groovy.ast.expr.EmptyExpression>: null

18-11-2024T10:16:53 - [TEST_STEP][PASSED] - filialsDzoNames = <not implemented yet for class: org.codehaus.groovy.ast.expr.EmptyExpression>: null

18-11-2024T10:16:53 - [TEST_STEP][PASSED] - numberOfFilials = <not implemented yet for class: org.codehaus.groovy.ast.expr.EmptyExpression>: null

18-11-2024T10:16:53 - [TEST_STEP][PASSED] - numberOfSpaces = <not implemented yet for class: org.codehaus.groovy.ast.expr.EmptyExpression>: null

18-11-2024T10:16:53 - [TEST_STEP][PASSED] - file = <not implemented yet for class: org.codehaus.groovy.ast.expr.EmptyExpression>: null

18-11-2024T10:16:53 - [TEST_STEP][PASSED] - otpusk = <not implemented yet for class: org.codehaus.groovy.ast.expr.EmptyExpression>: null

18-11-2024T10:16:53 - [TEST_STEP][PASSED] - poteri = <not implemented yet for class: org.codehaus.groovy.ast.expr.EmptyExpression>: null

18-11-2024T10:16:53 - [TEST_STEP][PASSED] - dataFolder = "Выполнение бизнес-плана/Значения со страницы Выполнение бизнес-плана/": null

18-11-2024T10:16:53 - [TEST_STEP][PASSED] - path = <not implemented yet for class: org.codehaus.groovy.ast.expr.EmptyExpression>: null

18-11-2024T10:16:53 - [TEST_STEP][PASSED] - typeOfDataMain = <not implemented yet for class: org.codehaus.groovy.ast.expr.EmptyExpression>: null

18-11-2024T10:16:53 - [TEST_STEP][PASSED] - fileOtpuskVSet = <not implemented yet for class: org.codehaus.groovy.ast.expr.EmptyExpression>: null

18-11-2024T10:16:53 - [TEST_STEP][PASSED] - pageOtpuskVSet = <not implemented yet for class: org.codehaus.groovy.ast.expr.EmptyExpression>: null

18-11-2024T10:16:53 - [TEST_STEP][PASSED] - filePoteri = <not implemented yet for class: org.codehaus.groovy.ast.expr.EmptyExpression>: null

18-11-2024T10:16:53 - [TEST_STEP][PASSED] - pagePoteri = <not implemented yet for class: org.codehaus.groovy.ast.expr.EmptyExpression>: null

18-11-2024T10:16:53 - [TEST_STEP][PASSED] - compare = <not implemented yet for class: org.codehaus.groovy.ast.expr.EmptyExpression>: null

18-11-2024T10:16:53 - [TEST_STEP][PASSED] - b = <not implemented yet for class: org.codehaus.groovy.ast.expr.EmptyExpression>: null

18-11-2024T10:16:53 - [TEST_STEP][PASSED] - i = <not implemented yet for class: org.codehaus.groovy.ast.expr.EmptyExpression>: null

18-11-2024T10:16:53 - [TEST_STEP][PASSED] - ii = <not implemented yet for class: org.codehaus.groovy.ast.expr.EmptyExpression>: null

18-11-2024T10:16:53 - [TEST_STEP][PASSED] - c = <not implemented yet for class: org.codehaus.groovy.ast.expr.EmptyExpression>: null

18-11-2024T10:16:53 - [TEST_STEP][PASSED] - numberOfErrors = 0: null

18-11-2024T10:16:53 - [TEST_STEP][PASSED] - if (a == 82): null

18-11-2024T10:16:53 - [TEST_STEP][PASSED] - b = findTestData("PlanFact").getValue(1, a): null

18-11-2024T10:16:53 - [TEST_STEP][PASSED] - i = b.indexOf(" (ГК)"): null

18-11-2024T10:16:53 - [TEST_STEP][PASSED] - if (i > -1): null

18-11-2024T10:16:53 - [TEST_STEP][PASSED] - i = b.indexOf("О ""): null

18-11-2024T10:16:53 - [TEST_STEP][PASSED] - if (i > -1): null

18-11-2024T10:16:53 - [TEST_STEP][PASSED] - i = b.indexOf("О «"): null

18-11-2024T10:16:53 - [TEST_STEP][PASSED] - if (i > -1): null

18-11-2024T10:16:53 - [TEST_STEP][PASSED] - i = b.indexOf("г. "): null

18-11-2024T10:16:53 - [TEST_STEP][PASSED] - if (i > -1): null

18-11-2024T10:16:53 - [TEST_STEP][PASSED] - println(b): null

18-11-2024T10:16:53 - [TEST_STEP][PASSED] - for ([planFact = 1, planFact < 3, (planFact++)]): null

18-11-2024T10:16:53 - [TEST_STEP][PASSED] - if (planFact == 1): null

18-11-2024T10:16:53 - [TEST_STEP][PASSED] - typeOfDataMain = "Факт": null

18-11-2024T10:16:53 - [TEST_STEP][PASSED] - otpusk = findTestData("PlanFact").getValue(5, a): null

18-11-2024T10:16:53 - [TEST_STEP][PASSED] - poteri = findTestData("PlanFact").getValue(6, a): null

18-11-2024T10:16:53 - [TEST_STEP][PASSED] - otpusk = otpusk.replaceAll("\s+", ""): null

18-11-2024T10:16:53 - [TEST_STEP][PASSED] - poteri = poteri.replaceAll("\s+", ""): null

18-11-2024T10:16:53 - [TEST_STEP][PASSED] - typeOfData = typeOfDataMain + " Отпуск в сеть": null

18-11-2024T10:16:53 - [TEST_STEP][PASSED] - if (a == 82): null

18-11-2024T10:16:53 - [TEST_STEP][PASSED] - else if (a == 84): null

18-11-2024T10:16:53 - [TEST_STEP][PASSED] - path = dataFolder + typeOfData + " за отчётный период " + "ПАО Россети": null

18-11-2024T10:16:53 - [TEST_STEP][PASSED] - println(path): null

18-11-2024T10:16:53 - [TEST_STEP][PASSED] - page = getText(findTestObject(path)): Text of object 'Object Repository/Выполнение бизнес-плана/Значения со страницы Выполнение бизнес-плана/Факт Отпуск в сеть за отчётный период ПАО Россети' is: '192 247 697'

18-11-2024T10:16:53 - [MESSAGE][PASSED] - Text of object 'Object Repository/Выполнение бизнес-плана/Значения со страницы Выполнение бизнес-плана/Факт Отпуск в сеть за отчётный период ПАО Россети' is: '192 247 697'

18-11-2024T10:16:53 - [TEST_STEP][PASSED] - page = page.replaceAll("\s+", ""): null

18-11-2024T10:16:53 - [TEST_STEP][PASSED] - fileOtpuskVSet = otpusk.toInteger(): null

18-11-2024T10:16:53 - [TEST_STEP][PASSED] - pageOtpuskVSet = page.toInteger(): null

18-11-2024T10:16:53 - [TEST_STEP][PASSED] - typeOfData = typeOfDataMain + " Потери": null

18-11-2024T10:16:53 - [TEST_STEP][PASSED] - if (a == 82): null

18-11-2024T10:16:53 - [TEST_STEP][PASSED] - else if (a == 84): null

18-11-2024T10:16:53 - [TEST_STEP][PASSED] - path = dataFolder + typeOfData + " за отчётный период " + "ПАО Россети": null

18-11-2024T10:16:53 - [TEST_STEP][PASSED] - page = getText(findTestObject(path)): Text of object 'Object Repository/Выполнение бизнес-плана/Значения со страницы Выполнение бизнес-плана/Факт Потери за отчётный период ПАО Россети' is: '17 195 829'

18-11-2024T10:16:54 - [MESSAGE][PASSED] - Text of object 'Object Repository/Выполнение бизнес-плана/Значения со страницы Выполнение бизнес-плана/Факт Потери за отчётный период ПАО Россети' is: '17 195 829'

18-11-2024T10:16:54 - [TEST_STEP][PASSED] - page = page.replaceAll("\s+", ""): null

18-11-2024T10:16:54 - [TEST_STEP][PASSED] - filePoteri = poteri.toInteger(): null

18-11-2024T10:16:54 - [TEST_STEP][PASSED] - pagePoteri = page.toInteger(): null

18-11-2024T10:16:54 - [TEST_STEP][PASSED] - compare = pageOtpuskVSet: null

18-11-2024T10:16:54 - [TEST_STEP][PASSED] - if (compare == fileOtpuskVSet): null

18-11-2024T10:16:54 - [TEST_STEP][PASSED] - else if (compare > fileOtpuskVSet): null

18-11-2024T10:16:54 - [TEST_STEP][PASSED] - else if (compare < fileOtpuskVSet): null

18-11-2024T10:16:54 - [TEST_STEP][PASSED] - compare = compare + 1: null

18-11-2024T10:16:54 - [TEST_STEP][PASSED] - if (compare == fileOtpuskVSet): null

18-11-2024T10:16:54 - [TEST_STEP][PASSED] - else: null

18-11-2024T10:16:54 - [TEST_STEP][PASSED] - numberOfErrors = numberOfErrors + 1: null

18-11-2024T10:16:54 - [TEST_STEP][PASSED] - pageInt = pageOtpuskVSet: null

18-11-2024T10:16:54 - [TEST_STEP][PASSED] - fileInt = fileOtpuskVSet: null

18-11-2024T10:16:54 - [TEST_STEP][PASSED] - typeOfData = typeOfDataMain + " Отпуск в сеть": null

18-11-2024T10:16:54 - [TEST_STEP][PASSED] - Script1718980020443.WriteToExcel(a, typeOfData, todaysDate, pageInt, fileInt, pageDouble, fileDouble, dZO): null

18-11-2024T10:16:54 - [TEST_STEP][PASSED] - sheetName = "Sheet1": null

18-11-2024T10:16:54 - [TEST_STEP][PASSED] - data = findTestData("PlanFact"): null

18-11-2024T10:16:54 - [TEST_STEP][PASSED] - n = data.getRowNumbers() + 1: null

18-11-2024T10:16:54 - [TEST_STEP][PASSED] - year = todaysDate.substring(todaysDate.length() - 4, todaysDate.length()): null

18-11-2024T10:16:54 - [TEST_STEP][PASSED] - y = year.toInteger(): null

18-11-2024T10:16:54 - [TEST_STEP][PASSED] - m = getText(findTestObject("Выполнение бизнес-плана/Период")): Text of object 'Object Repository/Выполнение бизнес-плана/Период' is: '1, 2, 3 кв. 2024 года'

18-11-2024T10:16:54 - [MESSAGE][PASSED] - Text of object 'Object Repository/Выполнение бизнес-плана/Период' is: '1, 2, 3 кв. 2024 года'

18-11-2024T10:16:54 - [TEST_STEP][PASSED] - m = m.substring(0, m.indexOf("2024")): null

18-11-2024T10:16:54 - [TEST_STEP][PASSED] - m = m.trim(): null

18-11-2024T10:16:54 - [TEST_STEP][PASSED] - dashboardName = "Выполнение бизнес-плана": null

18-11-2024T10:16:54 - [TEST_STEP][PASSED] - workbook01 = getWorkbook(excelFilePath): null

18-11-2024T10:16:54 - [TEST_STEP][PASSED] - sheet01 = getExcelSheet(workbook01, sheetName): null

18-11-2024T10:16:54 - [TEST_STEP][PASSED] - setValueToCellByIndex(sheet01, n, 0, dashboardName): null

18-11-2024T10:16:54 - [TEST_STEP][PASSED] - setValueToCellByIndex(sheet01, n, 1, dZO): null

18-11-2024T10:16:54 - [TEST_STEP][PASSED] - setValueToCellByIndex(sheet01, n, 2, typeOfData): null

18-11-2024T10:16:54 - [TEST_STEP][PASSED] - if (typeOfData == "Факт в процентах" || typeOfData == "План в процентах"): null

18-11-2024T10:16:54 - [TEST_STEP][PASSED] - else: null

18-11-2024T10:16:54 - [TEST_STEP][PASSED] - setValueToCellByIndex(sheet01, n, 3, fileInt): null

18-11-2024T10:16:54 - [TEST_STEP][PASSED] - setValueToCellByIndex(sheet01, n, 4, pageInt): null

18-11-2024T10:16:54 - [TEST_STEP][PASSED] - setValueToCellByIndex(sheet01, n, 5, m): null

18-11-2024T10:16:54 - [TEST_STEP][PASSED] - setValueToCellByIndex(sheet01, n, 6, y): null

18-11-2024T10:16:54 - [TEST_STEP][PASSED] - setValueToCellByIndex(sheet01, n, 7, todaysDate): null

18-11-2024T10:16:54 - [TEST_STEP][PASSED] - n = n + 1: null

18-11-2024T10:16:54 - [TEST_STEP][PASSED] - saveWorkbook(excelFilePath, workbook01): null

18-11-2024T10:16:55 - [TEST_STEP][PASSED] - compare = pagePoteri: null

18-11-2024T10:16:55 - [TEST_STEP][PASSED] - if (compare == filePoteri): null

18-11-2024T10:16:55 - [TEST_STEP][PASSED] - else if (compare > filePoteri): null

18-11-2024T10:16:55 - [TEST_STEP][PASSED] - else if (compare < filePoteri): null

18-11-2024T10:16:55 - [TEST_STEP][PASSED] - compare = compare + 1: null

18-11-2024T10:16:55 - [TEST_STEP][PASSED] - if (compare == filePoteri): null

18-11-2024T10:16:55 - [TEST_STEP][PASSED] - else: null

18-11-2024T10:16:55 - [TEST_STEP][PASSED] - numberOfErrors = numberOfErrors + 1: null

18-11-2024T10:16:55 - [TEST_STEP][PASSED] - pageInt = pagePoteri: null

18-11-2024T10:16:55 - [TEST_STEP][PASSED] - fileInt = filePoteri: null

18-11-2024T10:16:55 - [TEST_STEP][PASSED] - typeOfData = typeOfDataMain + " Потери": null

18-11-2024T10:16:55 - [TEST_STEP][PASSED] - Script1718980020443.WriteToExcel(a, typeOfData, todaysDate, pageInt, fileInt, pageDouble, fileDouble, dZO): null

18-11-2024T10:16:55 - [TEST_STEP][PASSED] - sheetName = "Sheet1": null

18-11-2024T10:16:55 - [TEST_STEP][PASSED] - data = findTestData("PlanFact"): null

18-11-2024T10:16:55 - [TEST_STEP][PASSED] - n = data.getRowNumbers() + 1: null

18-11-2024T10:16:55 - [TEST_STEP][PASSED] - year = todaysDate.substring(todaysDate.length() - 4, todaysDate.length()): null

18-11-2024T10:16:55 - [TEST_STEP][PASSED] - y = year.toInteger(): null

18-11-2024T10:16:55 - [TEST_STEP][PASSED] - m = getText(findTestObject("Выполнение бизнес-плана/Период")): Text of object 'Object Repository/Выполнение бизнес-плана/Период' is: '1, 2, 3 кв. 2024 года'

18-11-2024T10:16:55 - [MESSAGE][PASSED] - Text of object 'Object Repository/Выполнение бизнес-плана/Период' is: '1, 2, 3 кв. 2024 года'

18-11-2024T10:16:55 - [TEST_STEP][PASSED] - m = m.substring(0, m.indexOf("2024")): null

18-11-2024T10:16:55 - [TEST_STEP][PASSED] - m = m.trim(): null

18-11-2024T10:16:55 - [TEST_STEP][PASSED] - dashboardName = "Выполнение бизнес-плана": null

18-11-2024T10:16:55 - [TEST_STEP][PASSED] - workbook01 = getWorkbook(excelFilePath): null

18-11-2024T10:16:55 - [TEST_STEP][PASSED] - sheet01 = getExcelSheet(workbook01, sheetName): null

18-11-2024T10:16:55 - [TEST_STEP][PASSED] - setValueToCellByIndex(sheet01, n, 0, dashboardName): null

18-11-2024T10:16:55 - [TEST_STEP][PASSED] - setValueToCellByIndex(sheet01, n, 1, dZO): null

18-11-2024T10:16:55 - [TEST_STEP][PASSED] - setValueToCellByIndex(sheet01, n, 2, typeOfData): null

18-11-2024T10:16:55 - [TEST_STEP][PASSED] - if (typeOfData == "Факт в процентах" || typeOfData == "План в процентах"): null

18-11-2024T10:16:55 - [TEST_STEP][PASSED] - else: null

18-11-2024T10:16:55 - [TEST_STEP][PASSED] - setValueToCellByIndex(sheet01, n, 3, fileInt): null

18-11-2024T10:16:55 - [TEST_STEP][PASSED] - setValueToCellByIndex(sheet01, n, 4, pageInt): null

18-11-2024T10:16:55 - [TEST_STEP][PASSED] - setValueToCellByIndex(sheet01, n, 5, m): null

18-11-2024T10:16:55 - [TEST_STEP][PASSED] - setValueToCellByIndex(sheet01, n, 6, y): null

18-11-2024T10:16:55 - [TEST_STEP][PASSED] - setValueToCellByIndex(sheet01, n, 7, todaysDate): null

18-11-2024T10:16:55 - [TEST_STEP][PASSED] - n = n + 1: null

18-11-2024T10:16:55 - [TEST_STEP][PASSED] - saveWorkbook(excelFilePath, workbook01): null

18-11-2024T10:16:55 - [TEST_STEP][PASSED] - if (planFact == 2): null

18-11-2024T10:16:55 - [TEST_STEP][PASSED] - if (planFact == 1): null

18-11-2024T10:16:55 - [TEST_STEP][PASSED] - else if (planFact == 2): null

18-11-2024T10:16:55 - [TEST_STEP][PASSED] - click(findTestObject("Выполнение бизнес-плана/Кнопка План")): Object: 'Object Repository/Выполнение бизнес-плана/Кнопка План' is clicked on

18-11-2024T10:16:56 - [MESSAGE][PASSED] - Object: 'Object Repository/Выполнение бизнес-плана/Кнопка План' is clicked on

18-11-2024T10:16:56 - [TEST_STEP][PASSED] - typeOfDataMain = "План": null

18-11-2024T10:16:56 - [TEST_STEP][PASSED] - otpusk = findTestData("PlanFact").getValue(2, a): null

18-11-2024T10:16:56 - [TEST_STEP][PASSED] - poteri = findTestData("PlanFact").getValue(3, a): null

18-11-2024T10:16:56 - [TEST_STEP][PASSED] - otpusk = otpusk.replaceAll("\s+", ""): null

18-11-2024T10:16:56 - [TEST_STEP][PASSED] - poteri = poteri.replaceAll("\s+", ""): null

18-11-2024T10:16:56 - [TEST_STEP][PASSED] - typeOfData = typeOfDataMain + " Отпуск в сеть": null

18-11-2024T10:16:56 - [TEST_STEP][PASSED] - if (a == 82): null

18-11-2024T10:16:56 - [TEST_STEP][PASSED] - else if (a == 84): null

18-11-2024T10:16:56 - [TEST_STEP][PASSED] - path = dataFolder + typeOfData + " за отчётный период " + "ПАО Россети": null

18-11-2024T10:16:56 - [TEST_STEP][PASSED] - println(path): null

18-11-2024T10:16:56 - [TEST_STEP][PASSED] - page = getText(findTestObject(path)): Text of object 'Object Repository/Выполнение бизнес-плана/Значения со страницы Выполнение бизнес-плана/План Отпуск в сеть за отчётный период ПАО Россети' is: '187 501 364'

18-11-2024T10:16:56 - [MESSAGE][PASSED] - Text of object 'Object Repository/Выполнение бизнес-плана/Значения со страницы Выполнение бизнес-плана/План Отпуск в сеть за отчётный период ПАО Россети' is: '187 501 364'

18-11-2024T10:16:56 - [TEST_STEP][PASSED] - page = page.replaceAll("\s+", ""): null

18-11-2024T10:16:56 - [TEST_STEP][PASSED] - fileOtpuskVSet = otpusk.toInteger(): null

18-11-2024T10:16:56 - [TEST_STEP][PASSED] - pageOtpuskVSet = page.toInteger(): null

18-11-2024T10:16:56 - [TEST_STEP][PASSED] - typeOfData = typeOfDataMain + " Потери": null

18-11-2024T10:16:56 - [TEST_STEP][PASSED] - if (a == 82): null

18-11-2024T10:16:56 - [TEST_STEP][PASSED] - else if (a == 84): null

18-11-2024T10:16:56 - [TEST_STEP][PASSED] - path = dataFolder + typeOfData + " за отчётный период " + "ПАО Россети": null

18-11-2024T10:16:56 - [TEST_STEP][PASSED] - page = getText(findTestObject(path)): Text of object 'Object Repository/Выполнение бизнес-плана/Значения со страницы Выполнение бизнес-плана/План Потери за отчётный период ПАО Россети' is: '16 062 691'

18-11-2024T10:16:57 - [MESSAGE][PASSED] - Text of object 'Object Repository/Выполнение бизнес-плана/Значения со страницы Выполнение бизнес-плана/План Потери за отчётный период ПАО Россети' is: '16 062 691'

18-11-2024T10:16:57 - [TEST_STEP][PASSED] - page = page.replaceAll("\s+", ""): null

18-11-2024T10:16:57 - [TEST_STEP][PASSED] - filePoteri = poteri.toInteger(): null

18-11-2024T10:16:57 - [TEST_STEP][PASSED] - pagePoteri = page.toInteger(): null

18-11-2024T10:16:57 - [TEST_STEP][PASSED] - compare = pageOtpuskVSet: null

18-11-2024T10:16:57 - [TEST_STEP][PASSED] - if (compare == fileOtpuskVSet): null

18-11-2024T10:16:57 - [TEST_STEP][PASSED] - else if (compare > fileOtpuskVSet): null

18-11-2024T10:16:57 - [TEST_STEP][PASSED] - else if (compare < fileOtpuskVSet): null

18-11-2024T10:16:57 - [TEST_STEP][PASSED] - compare = compare + 1: null

18-11-2024T10:16:57 - [TEST_STEP][PASSED] - if (compare == fileOtpuskVSet): null

18-11-2024T10:16:57 - [TEST_STEP][PASSED] - else: null

18-11-2024T10:16:57 - [TEST_STEP][PASSED] - numberOfErrors = numberOfErrors + 1: null

18-11-2024T10:16:57 - [TEST_STEP][PASSED] - pageInt = pageOtpuskVSet: null

18-11-2024T10:16:57 - [TEST_STEP][PASSED] - fileInt = fileOtpuskVSet: null

18-11-2024T10:16:57 - [TEST_STEP][PASSED] - typeOfData = typeOfDataMain + " Отпуск в сеть": null

18-11-2024T10:16:57 - [TEST_STEP][PASSED] - Script1718980020443.WriteToExcel(a, typeOfData, todaysDate, pageInt, fileInt, pageDouble, fileDouble, dZO): null

18-11-2024T10:16:57 - [TEST_STEP][PASSED] - sheetName = "Sheet1": null

18-11-2024T10:16:57 - [TEST_STEP][PASSED] - data = findTestData("PlanFact"): null

18-11-2024T10:16:57 - [TEST_STEP][PASSED] - n = data.getRowNumbers() + 1: null

18-11-2024T10:16:57 - [TEST_STEP][PASSED] - year = todaysDate.substring(todaysDate.length() - 4, todaysDate.length()): null

18-11-2024T10:16:57 - [TEST_STEP][PASSED] - y = year.toInteger(): null

18-11-2024T10:16:57 - [TEST_STEP][PASSED] - m = getText(findTestObject("Выполнение бизнес-плана/Период")): Text of object 'Object Repository/Выполнение бизнес-плана/Период' is: '1, 2, 3 кв. 2024 года'

18-11-2024T10:16:57 - [MESSAGE][PASSED] - Text of object 'Object Repository/Выполнение бизнес-плана/Период' is: '1, 2, 3 кв. 2024 года'

18-11-2024T10:16:57 - [TEST_STEP][PASSED] - m = m.substring(0, m.indexOf("2024")): null

18-11-2024T10:16:57 - [TEST_STEP][PASSED] - m = m.trim(): null

18-11-2024T10:16:57 - [TEST_STEP][PASSED] - dashboardName = "Выполнение бизнес-плана": null

18-11-2024T10:16:57 - [TEST_STEP][PASSED] - workbook01 = getWorkbook(excelFilePath): null

18-11-2024T10:16:57 - [TEST_STEP][PASSED] - sheet01 = getExcelSheet(workbook01, sheetName): null

18-11-2024T10:16:57 - [TEST_STEP][PASSED] - setValueToCellByIndex(sheet01, n, 0, dashboardName): null

18-11-2024T10:16:57 - [TEST_STEP][PASSED] - setValueToCellByIndex(sheet01, n, 1, dZO): null

18-11-2024T10:16:57 - [TEST_STEP][PASSED] - setValueToCellByIndex(sheet01, n, 2, typeOfData): null

18-11-2024T10:16:57 - [TEST_STEP][PASSED] - if (typeOfData == "Факт в процентах" || typeOfData == "План в процентах"): null

18-11-2024T10:16:57 - [TEST_STEP][PASSED] - else: null

18-11-2024T10:16:57 - [TEST_STEP][PASSED] - setValueToCellByIndex(sheet01, n, 3, fileInt): null

18-11-2024T10:16:57 - [TEST_STEP][PASSED] - setValueToCellByIndex(sheet01, n, 4, pageInt): null

18-11-2024T10:16:57 - [TEST_STEP][PASSED] - setValueToCellByIndex(sheet01, n, 5, m): null

18-11-2024T10:16:57 - [TEST_STEP][PASSED] - setValueToCellByIndex(sheet01, n, 6, y): null

18-11-2024T10:16:57 - [TEST_STEP][PASSED] - setValueToCellByIndex(sheet01, n, 7, todaysDate): null

18-11-2024T10:16:57 - [TEST_STEP][PASSED] - n = n + 1: null

18-11-2024T10:16:57 - [TEST_STEP][PASSED] - saveWorkbook(excelFilePath, workbook01): null

18-11-2024T10:16:57 - [TEST_STEP][PASSED] - compare = pagePoteri: null

18-11-2024T10:16:57 - [TEST_STEP][PASSED] - if (compare == filePoteri): null

18-11-2024T10:16:57 - [TEST_STEP][PASSED] - else if (compare > filePoteri): null

18-11-2024T10:16:57 - [TEST_STEP][PASSED] - else if (compare < filePoteri): null

18-11-2024T10:16:57 - [TEST_STEP][PASSED] - compare = compare + 1: null

18-11-2024T10:16:57 - [TEST_STEP][PASSED] - if (compare == filePoteri): null

18-11-2024T10:16:57 - [TEST_STEP][PASSED] - else: null

18-11-2024T10:16:57 - [TEST_STEP][PASSED] - numberOfErrors = numberOfErrors + 1: null

18-11-2024T10:16:57 - [TEST_STEP][PASSED] - pageInt = pagePoteri: null

18-11-2024T10:16:57 - [TEST_STEP][PASSED] - fileInt = filePoteri: null

18-11-2024T10:16:57 - [TEST_STEP][PASSED] - typeOfData = typeOfDataMain + " Потери": null

18-11-2024T10:16:57 - [TEST_STEP][PASSED] - Script1718980020443.WriteToExcel(a, typeOfData, todaysDate, pageInt, fileInt, pageDouble, fileDouble, dZO): null

18-11-2024T10:16:57 - [TEST_STEP][PASSED] - sheetName = "Sheet1": null

18-11-2024T10:16:57 - [TEST_STEP][PASSED] - data = findTestData("PlanFact"): null

18-11-2024T10:16:57 - [TEST_STEP][PASSED] - n = data.getRowNumbers() + 1: null

18-11-2024T10:16:57 - [TEST_STEP][PASSED] - year = todaysDate.substring(todaysDate.length() - 4, todaysDate.length()): null

18-11-2024T10:16:57 - [TEST_STEP][PASSED] - y = year.toInteger(): null

18-11-2024T10:16:57 - [TEST_STEP][PASSED] - m = getText(findTestObject("Выполнение бизнес-плана/Период")): Text of object 'Object Repository/Выполнение бизнес-плана/Период' is: '1, 2, 3 кв. 2024 года'

18-11-2024T10:16:58 - [MESSAGE][PASSED] - Text of object 'Object Repository/Выполнение бизнес-плана/Период' is: '1, 2, 3 кв. 2024 года'

18-11-2024T10:16:58 - [TEST_STEP][PASSED] - m = m.substring(0, m.indexOf("2024")): null

18-11-2024T10:16:58 - [TEST_STEP][PASSED] - m = m.trim(): null

18-11-2024T10:16:58 - [TEST_STEP][PASSED] - dashboardName = "Выполнение бизнес-плана": null

18-11-2024T10:16:58 - [TEST_STEP][PASSED] - workbook01 = getWorkbook(excelFilePath): null

18-11-2024T10:16:58 - [TEST_STEP][PASSED] - sheet01 = getExcelSheet(workbook01, sheetName): null

18-11-2024T10:16:58 - [TEST_STEP][PASSED] - setValueToCellByIndex(sheet01, n, 0, dashboardName): null

18-11-2024T10:16:58 - [TEST_STEP][PASSED] - setValueToCellByIndex(sheet01, n, 1, dZO): null

18-11-2024T10:16:58 - [TEST_STEP][PASSED] - setValueToCellByIndex(sheet01, n, 2, typeOfData): null

18-11-2024T10:16:58 - [TEST_STEP][PASSED] - if (typeOfData == "Факт в процентах" || typeOfData == "План в процентах"): null

18-11-2024T10:16:58 - [TEST_STEP][PASSED] - else: null

18-11-2024T10:16:58 - [TEST_STEP][PASSED] - setValueToCellByIndex(sheet01, n, 3, fileInt): null

18-11-2024T10:16:58 - [TEST_STEP][PASSED] - setValueToCellByIndex(sheet01, n, 4, pageInt): null

18-11-2024T10:16:58 - [TEST_STEP][PASSED] - setValueToCellByIndex(sheet01, n, 5, m): null

18-11-2024T10:16:58 - [TEST_STEP][PASSED] - setValueToCellByIndex(sheet01, n, 6, y): null

18-11-2024T10:16:58 - [TEST_STEP][PASSED] - setValueToCellByIndex(sheet01, n, 7, todaysDate): null

18-11-2024T10:16:58 - [TEST_STEP][PASSED] - n = n + 1: null

18-11-2024T10:16:58 - [TEST_STEP][PASSED] - saveWorkbook(excelFilePath, workbook01): Object: 'Object Repository/Выполнение бизнес-плана/Кнопка Факт' is clicked on

18-11-2024T10:16:58 - [TEST_STEP][PASSED] - if (planFact == 2): Object: 'Object Repository/Выполнение бизнес-плана/Кнопка Факт' is clicked on

18-11-2024T10:16:58 - [TEST_STEP][PASSED] - click(findTestObject("Выполнение бизнес-плана/Кнопка Факт")): Object: 'Object Repository/Выполнение бизнес-плана/Кнопка Факт' is clicked on

18-11-2024T10:16:58 - [MESSAGE][PASSED] - Object: 'Object Repository/Выполнение бизнес-плана/Кнопка Факт' is clicked on

18-11-2024T10:16:58 - [TEST_STEP][PASSED] - if (a == 84 || a == 82): null

18-11-2024T10:16:58 - [TEST_STEP][PASSED] - page = getText(findTestObject("Выполнение бизнес-плана/textPlanFact")): Text of object 'Object Repository/Выполнение бизнес-плана/textPlanFact' is: '%
5.29 5.29
5.26 5.26
План
Факт
1
100'

18-11-2024T10:16:58 - [MESSAGE][PASSED] - Text of object 'Object Repository/Выполнение бизнес-плана/textPlanFact' is: '%
5.29 5.29
5.26 5.26
План
Факт
1
100'

18-11-2024T10:16:58 - [TEST_STEP][PASSED] - page = page.replaceAll("\n", "_"): null

18-11-2024T10:16:58 - [TEST_STEP][PASSED] - page = page.substring(page.indexOf("_") + 1, page.length()): null

18-11-2024T10:16:58 - [TEST_STEP][PASSED] - page1 = page.substring(0, page.indexOf("_")): null

18-11-2024T10:16:58 - [TEST_STEP][PASSED] - page1 = page.substring(0, page.indexOf(" ")): null

18-11-2024T10:16:58 - [TEST_STEP][PASSED] - page2 = page.substring(page.indexOf("_") + 1, page.length()): null

18-11-2024T10:16:58 - [TEST_STEP][PASSED] - page2 = page2.substring(0, page.indexOf("_")): null

18-11-2024T10:16:58 - [TEST_STEP][PASSED] - page2 = page2.substring(0, page.indexOf(" ")): null

18-11-2024T10:16:58 - [TEST_STEP][PASSED] - println("page1: " + page1): null

18-11-2024T10:16:59 - [TEST_STEP][PASSED] - println("page2: " + page2): null

18-11-2024T10:16:59 - [TEST_STEP][PASSED] - file = findTestData("PlanFact").getValue(4, a): null

18-11-2024T10:16:59 - [TEST_STEP][PASSED] - file = file.replace(",", "."): null

18-11-2024T10:16:59 - [TEST_STEP][PASSED] - println("file Plan: " + file): null

18-11-2024T10:16:59 - [TEST_STEP][PASSED] - typeOfData = "План в процентах": null

18-11-2024T10:16:59 - [TEST_STEP][PASSED] - fileDouble = file.toDouble(): null

18-11-2024T10:16:59 - [TEST_STEP][PASSED] - pageDouble = page1.toDouble(): null

18-11-2024T10:16:59 - [TEST_STEP][PASSED] - if (fileDouble != pageDouble): null

18-11-2024T10:16:59 - [TEST_STEP][PASSED] - numberOfErrors = numberOfErrors + 1: null

18-11-2024T10:16:59 - [TEST_STEP][PASSED] - Script1718980020443.WriteToExcel(a, typeOfData, todaysDate, pageInt, fileInt, pageDouble, fileDouble, dZO): null

18-11-2024T10:16:59 - [TEST_STEP][PASSED] - sheetName = "Sheet1": null

18-11-2024T10:16:59 - [TEST_STEP][PASSED] - data = findTestData("PlanFact"): null

18-11-2024T10:16:59 - [TEST_STEP][PASSED] - n = data.getRowNumbers() + 1: null

18-11-2024T10:16:59 - [TEST_STEP][PASSED] - year = todaysDate.substring(todaysDate.length() - 4, todaysDate.length()): null

18-11-2024T10:16:59 - [TEST_STEP][PASSED] - y = year.toInteger(): null

18-11-2024T10:16:59 - [TEST_STEP][PASSED] - m = getText(findTestObject("Выполнение бизнес-плана/Период")): Text of object 'Object Repository/Выполнение бизнес-плана/Период' is: '1, 2, 3 кв. 2024 года'

18-11-2024T10:16:59 - [MESSAGE][PASSED] - Text of object 'Object Repository/Выполнение бизнес-плана/Период' is: '1, 2, 3 кв. 2024 года'

18-11-2024T10:16:59 - [TEST_STEP][PASSED] - m = m.substring(0, m.indexOf("2024")): null

18-11-2024T10:16:59 - [TEST_STEP][PASSED] - m = m.trim(): null

18-11-2024T10:16:59 - [TEST_STEP][PASSED] - dashboardName = "Выполнение бизнес-плана": null

18-11-2024T10:16:59 - [TEST_STEP][PASSED] - workbook01 = getWorkbook(excelFilePath): null

18-11-2024T10:16:59 - [TEST_STEP][PASSED] - sheet01 = getExcelSheet(workbook01, sheetName): null

18-11-2024T10:16:59 - [TEST_STEP][PASSED] - setValueToCellByIndex(sheet01, n, 0, dashboardName): null

18-11-2024T10:16:59 - [TEST_STEP][PASSED] - setValueToCellByIndex(sheet01, n, 1, dZO): null

18-11-2024T10:16:59 - [TEST_STEP][PASSED] - setValueToCellByIndex(sheet01, n, 2, typeOfData): null

18-11-2024T10:16:59 - [TEST_STEP][PASSED] - if (typeOfData == "Факт в процентах" || typeOfData == "План в процентах"): null

18-11-2024T10:16:59 - [TEST_STEP][PASSED] - setValueToCellByIndex(sheet01, n, 3, fileDouble): null

18-11-2024T10:16:59 - [TEST_STEP][PASSED] - setValueToCellByIndex(sheet01, n, 4, pageDouble): null

18-11-2024T10:16:59 - [TEST_STEP][PASSED] - setValueToCellByIndex(sheet01, n, 5, m): null

18-11-2024T10:16:59 - [TEST_STEP][PASSED] - setValueToCellByIndex(sheet01, n, 6, y): null

18-11-2024T10:16:59 - [TEST_STEP][PASSED] - setValueToCellByIndex(sheet01, n, 7, todaysDate): null

18-11-2024T10:16:59 - [TEST_STEP][PASSED] - n = n + 1: null

18-11-2024T10:16:59 - [TEST_STEP][PASSED] - saveWorkbook(excelFilePath, workbook01): null

18-11-2024T10:16:59 - [TEST_STEP][PASSED] - file = findTestData("PlanFact").getValue(7, a): null

18-11-2024T10:16:59 - [TEST_STEP][PASSED] - file = file.replace(",", "."): null

18-11-2024T10:16:59 - [TEST_STEP][PASSED] - println("file Fact: " + file): null

18-11-2024T10:16:59 - [TEST_STEP][PASSED] - fileDouble = file.toDouble(): null

18-11-2024T10:16:59 - [TEST_STEP][PASSED] - typeOfData = "Факт в процентах": null

18-11-2024T10:16:59 - [TEST_STEP][PASSED] - fileDouble = file.toDouble(): null

18-11-2024T10:16:59 - [TEST_STEP][PASSED] - pageDouble = page2.toDouble(): null

18-11-2024T10:16:59 - [TEST_STEP][PASSED] - if (fileDouble != pageDouble): null

18-11-2024T10:16:59 - [TEST_STEP][PASSED] - numberOfErrors = numberOfErrors + 1: null

18-11-2024T10:16:59 - [TEST_STEP][PASSED] - Script1718980020443.WriteToExcel(a, typeOfData, todaysDate, pageInt, fileInt, pageDouble, fileDouble, dZO): null

18-11-2024T10:16:59 - [TEST_STEP][PASSED] - sheetName = "Sheet1": null

18-11-2024T10:16:59 - [TEST_STEP][PASSED] - data = findTestData("PlanFact"): null

18-11-2024T10:16:59 - [TEST_STEP][PASSED] - n = data.getRowNumbers() + 1: null

18-11-2024T10:16:59 - [TEST_STEP][PASSED] - year = todaysDate.substring(todaysDate.length() - 4, todaysDate.length()): null

18-11-2024T10:16:59 - [TEST_STEP][PASSED] - y = year.toInteger(): null

18-11-2024T10:16:59 - [TEST_STEP][PASSED] - m = getText(findTestObject("Выполнение бизнес-плана/Период")): Text of object 'Object Repository/Выполнение бизнес-плана/Период' is: '1, 2, 3 кв. 2024 года'

18-11-2024T10:17:00 - [MESSAGE][PASSED] - Text of object 'Object Repository/Выполнение бизнес-плана/Период' is: '1, 2, 3 кв. 2024 года'

18-11-2024T10:17:00 - [TEST_STEP][PASSED] - m = m.substring(0, m.indexOf("2024")): null

18-11-2024T10:17:00 - [TEST_STEP][PASSED] - m = m.trim(): null

18-11-2024T10:17:00 - [TEST_STEP][PASSED] - dashboardName = "Выполнение бизнес-плана": null

18-11-2024T10:17:00 - [TEST_STEP][PASSED] - workbook01 = getWorkbook(excelFilePath): null

18-11-2024T10:17:00 - [TEST_STEP][PASSED] - sheet01 = getExcelSheet(workbook01, sheetName): null

18-11-2024T10:17:00 - [TEST_STEP][PASSED] - setValueToCellByIndex(sheet01, n, 0, dashboardName): null

18-11-2024T10:17:00 - [TEST_STEP][PASSED] - setValueToCellByIndex(sheet01, n, 1, dZO): null

18-11-2024T10:17:00 - [TEST_STEP][PASSED] - setValueToCellByIndex(sheet01, n, 2, typeOfData): null

18-11-2024T10:17:00 - [TEST_STEP][PASSED] - if (typeOfData == "Факт в процентах" || typeOfData == "План в процентах"): null

18-11-2024T10:17:00 - [TEST_STEP][PASSED] - setValueToCellByIndex(sheet01, n, 3, fileDouble): null

18-11-2024T10:17:00 - [TEST_STEP][PASSED] - setValueToCellByIndex(sheet01, n, 4, pageDouble): null

18-11-2024T10:17:00 - [TEST_STEP][PASSED] - setValueToCellByIndex(sheet01, n, 5, m): null

18-11-2024T10:17:00 - [TEST_STEP][PASSED] - setValueToCellByIndex(sheet01, n, 6, y): null

18-11-2024T10:17:00 - [TEST_STEP][PASSED] - setValueToCellByIndex(sheet01, n, 7, todaysDate): null

18-11-2024T10:17:00 - [TEST_STEP][PASSED] - n = n + 1: null

18-11-2024T10:17:00 - [TEST_STEP][PASSED] - saveWorkbook(excelFilePath, workbook01): null

18-11-2024T10:17:00 - [TEST_STEP][FAILED] - if (verifyEqual(numberOfErrors, 0) == false): null

18-11-2024T10:17:00 - [MESSAGE][FAILED] - Unable to verify equal between actual object '6' and expected object '0' (Root cause: com.kms.katalon.core.exception.StepFailedException: Actual object '6' and expected object '0' are not equal
	at com.kms.katalon.core.keyword.builtin.VerifyEqualKeyword$_verifyEqual_closure1.doCall(VerifyEqualKeyword.groovy:58)
	at com.kms.katalon.core.keyword.builtin.VerifyEqualKeyword$_verifyEqual_closure1.call(VerifyEqualKeyword.groovy)
	at com.kms.katalon.core.keyword.internal.KeywordMain.runKeyword(KeywordMain.groovy:75)
	at com.kms.katalon.core.keyword.builtin.VerifyEqualKeyword.verifyEqual(VerifyEqualKeyword.groovy:63)
	at com.kms.katalon.core.keyword.builtin.VerifyEqualKeyword.execute(VerifyEqualKeyword.groovy:44)
	at com.kms.katalon.core.keyword.internal.KeywordExecutor.executeKeywordForPlatform(KeywordExecutor.groovy:74)
	at com.kms.katalon.core.keyword.BuiltinKeywords.verifyEqual(BuiltinKeywords.groovy:146)
	at java.base/jdk.internal.reflect.NativeMethodAccessorImpl.invoke0(Native Method)
	at java.base/jdk.internal.reflect.NativeMethodAccessorImpl.invoke(NativeMethodAccessorImpl.java:77)
	at java.base/jdk.internal.reflect.DelegatingMethodAccessorImpl.invoke(DelegatingMethodAccessorImpl.java:43)
	at Выполнение бизнес-плана Сверка ПАО Россети все филиалы.Numbers(Выполнение бизнес-плана Сверка ПАО Россети все филиалы:740)
	at Выполнение бизнес-плана Сверка ПАО Россети все филиалы.run(Выполнение бизнес-плана Сверка ПАО Россети все филиалы:189)
	at com.kms.katalon.core.main.ScriptEngine.run(ScriptEngine.java:194)
	at com.kms.katalon.core.main.ScriptEngine.runScriptAsRawText(ScriptEngine.java:119)
	at com.kms.katalon.core.main.TestCaseExecutor.runScript(TestCaseExecutor.java:448)
	at com.kms.katalon.core.main.TestCaseExecutor.doExecute(TestCaseExecutor.java:439)
	at com.kms.katalon.core.main.TestCaseExecutor.processExecutionPhase(TestCaseExecutor.java:418)
	at com.kms.katalon.core.main.TestCaseExecutor.accessMainPhase(TestCaseExecutor.java:410)
	at com.kms.katalon.core.main.TestCaseExecutor.execute(TestCaseExecutor.java:285)
	at com.kms.katalon.core.common.CommonExecutor.accessTestCaseMainPhase(CommonExecutor.java:65)
	at com.kms.katalon.core.main.TestSuiteExecutor.accessTestSuiteMainPhase(TestSuiteExecutor.java:150)
	at com.kms.katalon.core.main.TestSuiteExecutor.execute(TestSuiteExecutor.java:106)
	at com.kms.katalon.core.main.TestCaseMain.startTestSuite(TestCaseMain.java:180)
	at TempTestSuite1731913737709.run(TempTestSuite1731913737709.groovy:35)
	at java.base/jdk.internal.reflect.NativeMethodAccessorImpl.invoke0(Native Method)
	at java.base/jdk.internal.reflect.NativeMethodAccessorImpl.invoke(NativeMethodAccessorImpl.java:77)
	at java.base/jdk.internal.reflect.DelegatingMethodAccessorImpl.invoke(DelegatingMethodAccessorImpl.java:43)
)

18-11-2024T10:17:00 - [TEST_STEP][PASSED] - println(numberOfErrors): null

18-11-2024T10:17:00 - [TEST_STEP][PASSED] - if (a == 28 || a == 77 || a == 74 || a == 65 || a == 36 || a == 44 || a == 54 || a == 1 || a == 18 || a == 59): null

18-11-2024T10:17:00 - [TEST_STEP][PASSED] - if (a == 82): null

18-11-2024T10:17:00 - [TEST_STEP][PASSED] - dZO = "Россети ФСК ЕЭС": null

18-11-2024T10:17:00 - [TEST_STEP][PASSED] - a = 83: null

18-11-2024T10:17:00 - [TEST_STEP][PASSED] - if (x1.contains(dZO)): null

18-11-2024T10:17:00 - [TEST_STEP][PASSED] - else: null

18-11-2024T10:17:00 - [TEST_STEP][PASSED] - Script1718980020443.NoData(a, typeOfData, todaysDate, fileInt, fileDouble, dZO): null

18-11-2024T10:17:00 - [TEST_STEP][PASSED] - println(a): null

18-11-2024T10:17:00 - [TEST_STEP][PASSED] - println(todaysDate): null

18-11-2024T10:17:00 - [TEST_STEP][PASSED] - println(fileInt): null

18-11-2024T10:17:00 - [TEST_STEP][PASSED] - println(fileDouble): null

18-11-2024T10:17:00 - [TEST_STEP][PASSED] - println(dZO): null

18-11-2024T10:17:00 - [TEST_STEP][PASSED] - typeOfData = "Факт Отпуск в сеть": null

18-11-2024T10:17:00 - [TEST_STEP][PASSED] - fileInt = replaceAll("\s+", "").toInteger(): null

18-11-2024T10:17:00 - [TEST_STEP][PASSED] - Script1718980020443.WriteToExcelNoData(a, typeOfData, todaysDate, fileInt, fileDouble, dZO): null

18-11-2024T10:17:00 - [TEST_STEP][PASSED] - sheetName = "Sheet1": null

18-11-2024T10:17:00 - [TEST_STEP][PASSED] - data = findTestData("PlanFact"): null

18-11-2024T10:17:00 - [TEST_STEP][PASSED] - n = data.getRowNumbers() + 1: null

18-11-2024T10:17:00 - [TEST_STEP][PASSED] - year = todaysDate.substring(todaysDate.length() - 4, todaysDate.length()): null

18-11-2024T10:17:00 - [TEST_STEP][PASSED] - y = year.toInteger(): null

18-11-2024T10:17:00 - [TEST_STEP][PASSED] - m = getText(findTestObject("Выполнение бизнес-плана/Период")): Text of object 'Object Repository/Выполнение бизнес-плана/Период' is: '1, 2, 3 кв. 2024 года'

18-11-2024T10:17:00 - [MESSAGE][PASSED] - Text of object 'Object Repository/Выполнение бизнес-плана/Период' is: '1, 2, 3 кв. 2024 года'

18-11-2024T10:17:00 - [TEST_STEP][PASSED] - m = m.substring(0, m.indexOf("2024")): null

18-11-2024T10:17:00 - [TEST_STEP][PASSED] - m = m.trim(): null

18-11-2024T10:17:00 - [TEST_STEP][PASSED] - dashboardName = "Выполнение бизнес-плана": null

18-11-2024T10:17:00 - [TEST_STEP][PASSED] - workbook01 = getWorkbook(excelFilePath): null

18-11-2024T10:17:01 - [TEST_STEP][PASSED] - sheet01 = getExcelSheet(workbook01, sheetName): null

18-11-2024T10:17:01 - [TEST_STEP][PASSED] - setValueToCellByIndex(sheet01, n, 0, dashboardName): null

18-11-2024T10:17:01 - [TEST_STEP][PASSED] - setValueToCellByIndex(sheet01, n, 1, dZO): null

18-11-2024T10:17:01 - [TEST_STEP][PASSED] - setValueToCellByIndex(sheet01, n, 2, typeOfData): null

18-11-2024T10:17:01 - [TEST_STEP][PASSED] - if (typeOfData == "Факт в процентах" || typeOfData == "План в процентах"): null

18-11-2024T10:17:01 - [TEST_STEP][PASSED] - else: null

18-11-2024T10:17:01 - [TEST_STEP][PASSED] - setValueToCellByIndex(sheet01, n, 3, fileInt): null

18-11-2024T10:17:01 - [TEST_STEP][PASSED] - setValueToCellByIndex(sheet01, n, 4, "нет данных"): null

18-11-2024T10:17:01 - [TEST_STEP][PASSED] - setValueToCellByIndex(sheet01, n, 5, m): null

18-11-2024T10:17:01 - [TEST_STEP][PASSED] - setValueToCellByIndex(sheet01, n, 6, y): null

18-11-2024T10:17:01 - [TEST_STEP][PASSED] - setValueToCellByIndex(sheet01, n, 7, todaysDate): null

18-11-2024T10:17:01 - [TEST_STEP][PASSED] - n = n + 1: null

18-11-2024T10:17:01 - [TEST_STEP][PASSED] - saveWorkbook(excelFilePath, workbook01): null

18-11-2024T10:17:01 - [TEST_STEP][PASSED] - typeOfData = "Факт Потери": null

18-11-2024T10:17:01 - [TEST_STEP][PASSED] - fileInt = replaceAll("\s+", "").toInteger(): null

18-11-2024T10:17:01 - [TEST_STEP][PASSED] - Script1718980020443.WriteToExcelNoData(a, typeOfData, todaysDate, fileInt, fileDouble, dZO): null

18-11-2024T10:17:01 - [TEST_STEP][PASSED] - sheetName = "Sheet1": null

18-11-2024T10:17:01 - [TEST_STEP][PASSED] - data = findTestData("PlanFact"): null

18-11-2024T10:17:01 - [TEST_STEP][PASSED] - n = data.getRowNumbers() + 1: null

18-11-2024T10:17:01 - [TEST_STEP][PASSED] - year = todaysDate.substring(todaysDate.length() - 4, todaysDate.length()): null

18-11-2024T10:17:01 - [TEST_STEP][PASSED] - y = year.toInteger(): null

18-11-2024T10:17:01 - [TEST_STEP][PASSED] - m = getText(findTestObject("Выполнение бизнес-плана/Период")): Text of object 'Object Repository/Выполнение бизнес-плана/Период' is: '1, 2, 3 кв. 2024 года'

18-11-2024T10:17:01 - [MESSAGE][PASSED] - Text of object 'Object Repository/Выполнение бизнес-плана/Период' is: '1, 2, 3 кв. 2024 года'

18-11-2024T10:17:01 - [TEST_STEP][PASSED] - m = m.substring(0, m.indexOf("2024")): null

18-11-2024T10:17:01 - [TEST_STEP][PASSED] - m = m.trim(): null

18-11-2024T10:17:01 - [TEST_STEP][PASSED] - dashboardName = "Выполнение бизнес-плана": null

18-11-2024T10:17:01 - [TEST_STEP][PASSED] - workbook01 = getWorkbook(excelFilePath): null

18-11-2024T10:17:01 - [TEST_STEP][PASSED] - sheet01 = getExcelSheet(workbook01, sheetName): null

18-11-2024T10:17:01 - [TEST_STEP][PASSED] - setValueToCellByIndex(sheet01, n, 0, dashboardName): null

18-11-2024T10:17:01 - [TEST_STEP][PASSED] - setValueToCellByIndex(sheet01, n, 1, dZO): null

18-11-2024T10:17:01 - [TEST_STEP][PASSED] - setValueToCellByIndex(sheet01, n, 2, typeOfData): null

18-11-2024T10:17:01 - [TEST_STEP][PASSED] - if (typeOfData == "Факт в процентах" || typeOfData == "План в процентах"): null

18-11-2024T10:17:01 - [TEST_STEP][PASSED] - else: null

18-11-2024T10:17:01 - [TEST_STEP][PASSED] - setValueToCellByIndex(sheet01, n, 3, fileInt): null

18-11-2024T10:17:01 - [TEST_STEP][PASSED] - setValueToCellByIndex(sheet01, n, 4, "нет данных"): null

18-11-2024T10:17:01 - [TEST_STEP][PASSED] - setValueToCellByIndex(sheet01, n, 5, m): null

18-11-2024T10:17:01 - [TEST_STEP][PASSED] - setValueToCellByIndex(sheet01, n, 6, y): null

18-11-2024T10:17:01 - [TEST_STEP][PASSED] - setValueToCellByIndex(sheet01, n, 7, todaysDate): null

18-11-2024T10:17:01 - [TEST_STEP][PASSED] - n = n + 1: null

18-11-2024T10:17:01 - [TEST_STEP][PASSED] - saveWorkbook(excelFilePath, workbook01): null

18-11-2024T10:17:01 - [TEST_STEP][PASSED] - typeOfData = "План Отпуск в сеть": null

18-11-2024T10:17:01 - [TEST_STEP][PASSED] - fileInt = replaceAll("\s+", "").toInteger(): null

18-11-2024T10:17:01 - [TEST_STEP][PASSED] - Script1718980020443.WriteToExcelNoData(a, typeOfData, todaysDate, fileInt, fileDouble, dZO): null

18-11-2024T10:17:01 - [TEST_STEP][PASSED] - sheetName = "Sheet1": null

18-11-2024T10:17:01 - [TEST_STEP][PASSED] - data = findTestData("PlanFact"): null

18-11-2024T10:17:02 - [TEST_STEP][PASSED] - n = data.getRowNumbers() + 1: null

18-11-2024T10:17:02 - [TEST_STEP][PASSED] - year = todaysDate.substring(todaysDate.length() - 4, todaysDate.length()): null

18-11-2024T10:17:02 - [TEST_STEP][PASSED] - y = year.toInteger(): null

18-11-2024T10:17:02 - [TEST_STEP][PASSED] - m = getText(findTestObject("Выполнение бизнес-плана/Период")): Text of object 'Object Repository/Выполнение бизнес-плана/Период' is: '1, 2, 3 кв. 2024 года'

18-11-2024T10:17:02 - [MESSAGE][PASSED] - Text of object 'Object Repository/Выполнение бизнес-плана/Период' is: '1, 2, 3 кв. 2024 года'

18-11-2024T10:17:02 - [TEST_STEP][PASSED] - m = m.substring(0, m.indexOf("2024")): null

18-11-2024T10:17:02 - [TEST_STEP][PASSED] - m = m.trim(): null

18-11-2024T10:17:02 - [TEST_STEP][PASSED] - dashboardName = "Выполнение бизнес-плана": null

18-11-2024T10:17:02 - [TEST_STEP][PASSED] - workbook01 = getWorkbook(excelFilePath): null

18-11-2024T10:17:02 - [TEST_STEP][PASSED] - sheet01 = getExcelSheet(workbook01, sheetName): null

18-11-2024T10:17:02 - [TEST_STEP][PASSED] - setValueToCellByIndex(sheet01, n, 0, dashboardName): null

18-11-2024T10:17:02 - [TEST_STEP][PASSED] - setValueToCellByIndex(sheet01, n, 1, dZO): null

18-11-2024T10:17:02 - [TEST_STEP][PASSED] - setValueToCellByIndex(sheet01, n, 2, typeOfData): null

18-11-2024T10:17:02 - [TEST_STEP][PASSED] - if (typeOfData == "Факт в процентах" || typeOfData == "План в процентах"): null

18-11-2024T10:17:02 - [TEST_STEP][PASSED] - else: null

18-11-2024T10:17:02 - [TEST_STEP][PASSED] - setValueToCellByIndex(sheet01, n, 3, fileInt): null

18-11-2024T10:17:02 - [TEST_STEP][PASSED] - setValueToCellByIndex(sheet01, n, 4, "нет данных"): null

18-11-2024T10:17:02 - [TEST_STEP][PASSED] - setValueToCellByIndex(sheet01, n, 5, m): null

18-11-2024T10:17:02 - [TEST_STEP][PASSED] - setValueToCellByIndex(sheet01, n, 6, y): null

18-11-2024T10:17:02 - [TEST_STEP][PASSED] - setValueToCellByIndex(sheet01, n, 7, todaysDate): null

18-11-2024T10:17:02 - [TEST_STEP][PASSED] - n = n + 1: null

18-11-2024T10:17:02 - [TEST_STEP][PASSED] - saveWorkbook(excelFilePath, workbook01): null

18-11-2024T10:17:02 - [TEST_STEP][PASSED] - typeOfData = "План Потери": null

18-11-2024T10:17:02 - [TEST_STEP][PASSED] - fileInt = replaceAll("\s+", "").toInteger(): null

18-11-2024T10:17:02 - [TEST_STEP][PASSED] - Script1718980020443.WriteToExcelNoData(a, typeOfData, todaysDate, fileInt, fileDouble, dZO): null

18-11-2024T10:17:02 - [TEST_STEP][PASSED] - sheetName = "Sheet1": null

18-11-2024T10:17:02 - [TEST_STEP][PASSED] - data = findTestData("PlanFact"): null

18-11-2024T10:17:02 - [TEST_STEP][PASSED] - n = data.getRowNumbers() + 1: null

18-11-2024T10:17:02 - [TEST_STEP][PASSED] - year = todaysDate.substring(todaysDate.length() - 4, todaysDate.length()): null

18-11-2024T10:17:02 - [TEST_STEP][PASSED] - y = year.toInteger(): null

18-11-2024T10:17:02 - [TEST_STEP][PASSED] - m = getText(findTestObject("Выполнение бизнес-плана/Период")): Text of object 'Object Repository/Выполнение бизнес-плана/Период' is: '1, 2, 3 кв. 2024 года'

18-11-2024T10:17:03 - [MESSAGE][PASSED] - Text of object 'Object Repository/Выполнение бизнес-плана/Период' is: '1, 2, 3 кв. 2024 года'

18-11-2024T10:17:03 - [TEST_STEP][PASSED] - m = m.substring(0, m.indexOf("2024")): null

18-11-2024T10:17:03 - [TEST_STEP][PASSED] - m = m.trim(): null

18-11-2024T10:17:03 - [TEST_STEP][PASSED] - dashboardName = "Выполнение бизнес-плана": null

18-11-2024T10:17:03 - [TEST_STEP][PASSED] - workbook01 = getWorkbook(excelFilePath): null

18-11-2024T10:17:03 - [TEST_STEP][PASSED] - sheet01 = getExcelSheet(workbook01, sheetName): null

18-11-2024T10:17:03 - [TEST_STEP][PASSED] - setValueToCellByIndex(sheet01, n, 0, dashboardName): null

18-11-2024T10:17:03 - [TEST_STEP][PASSED] - setValueToCellByIndex(sheet01, n, 1, dZO): null

18-11-2024T10:17:03 - [TEST_STEP][PASSED] - setValueToCellByIndex(sheet01, n, 2, typeOfData): null

18-11-2024T10:17:03 - [TEST_STEP][PASSED] - if (typeOfData == "Факт в процентах" || typeOfData == "План в процентах"): null

18-11-2024T10:17:03 - [TEST_STEP][PASSED] - else: null

18-11-2024T10:17:03 - [TEST_STEP][PASSED] - setValueToCellByIndex(sheet01, n, 3, fileInt): null

18-11-2024T10:17:03 - [TEST_STEP][PASSED] - setValueToCellByIndex(sheet01, n, 4, "нет данных"): null

18-11-2024T10:17:03 - [TEST_STEP][PASSED] - setValueToCellByIndex(sheet01, n, 5, m): null

18-11-2024T10:17:03 - [TEST_STEP][PASSED] - setValueToCellByIndex(sheet01, n, 6, y): null

18-11-2024T10:17:03 - [TEST_STEP][PASSED] - setValueToCellByIndex(sheet01, n, 7, todaysDate): null

18-11-2024T10:17:03 - [TEST_STEP][PASSED] - n = n + 1: null

18-11-2024T10:17:03 - [TEST_STEP][PASSED] - saveWorkbook(excelFilePath, workbook01): null

18-11-2024T10:17:03 - [TEST_STEP][PASSED] - typeOfData = "План в процентах": null

18-11-2024T10:17:03 - [TEST_STEP][PASSED] - fileDouble = ").toDouble(): null

18-11-2024T10:17:03 - [TEST_STEP][PASSED] - Script1718980020443.WriteToExcelNoData(a, typeOfData, todaysDate, fileInt, fileDouble, dZO): null

18-11-2024T10:17:03 - [TEST_STEP][PASSED] - sheetName = "Sheet1": null

18-11-2024T10:17:03 - [TEST_STEP][PASSED] - data = findTestData("PlanFact"): null

18-11-2024T10:17:03 - [TEST_STEP][PASSED] - n = data.getRowNumbers() + 1: null

18-11-2024T10:17:03 - [TEST_STEP][PASSED] - year = todaysDate.substring(todaysDate.length() - 4, todaysDate.length()): null

18-11-2024T10:17:03 - [TEST_STEP][PASSED] - y = year.toInteger(): null

18-11-2024T10:17:03 - [TEST_STEP][PASSED] - m = getText(findTestObject("Выполнение бизнес-плана/Период")): Text of object 'Object Repository/Выполнение бизнес-плана/Период' is: '1, 2, 3 кв. 2024 года'

18-11-2024T10:17:03 - [MESSAGE][PASSED] - Text of object 'Object Repository/Выполнение бизнес-плана/Период' is: '1, 2, 3 кв. 2024 года'

18-11-2024T10:17:03 - [TEST_STEP][PASSED] - m = m.substring(0, m.indexOf("2024")): null

18-11-2024T10:17:03 - [TEST_STEP][PASSED] - m = m.trim(): null

18-11-2024T10:17:03 - [TEST_STEP][PASSED] - dashboardName = "Выполнение бизнес-плана": null

18-11-2024T10:17:03 - [TEST_STEP][PASSED] - workbook01 = getWorkbook(excelFilePath): null

18-11-2024T10:17:03 - [TEST_STEP][PASSED] - sheet01 = getExcelSheet(workbook01, sheetName): null

18-11-2024T10:17:03 - [TEST_STEP][PASSED] - setValueToCellByIndex(sheet01, n, 0, dashboardName): null

18-11-2024T10:17:03 - [TEST_STEP][PASSED] - setValueToCellByIndex(sheet01, n, 1, dZO): null

18-11-2024T10:17:03 - [TEST_STEP][PASSED] - setValueToCellByIndex(sheet01, n, 2, typeOfData): null

18-11-2024T10:17:03 - [TEST_STEP][PASSED] - if (typeOfData == "Факт в процентах" || typeOfData == "План в процентах"): null

18-11-2024T10:17:03 - [TEST_STEP][PASSED] - setValueToCellByIndex(sheet01, n, 3, fileDouble): null

18-11-2024T10:17:03 - [TEST_STEP][PASSED] - setValueToCellByIndex(sheet01, n, 4, "нет данных"): null

18-11-2024T10:17:03 - [TEST_STEP][PASSED] - setValueToCellByIndex(sheet01, n, 5, m): null

18-11-2024T10:17:03 - [TEST_STEP][PASSED] - setValueToCellByIndex(sheet01, n, 6, y): null

18-11-2024T10:17:03 - [TEST_STEP][PASSED] - setValueToCellByIndex(sheet01, n, 7, todaysDate): null

18-11-2024T10:17:03 - [TEST_STEP][PASSED] - n = n + 1: null

18-11-2024T10:17:03 - [TEST_STEP][PASSED] - saveWorkbook(excelFilePath, workbook01): null

18-11-2024T10:17:04 - [TEST_STEP][PASSED] - typeOfData = "Факт в процентах": null

18-11-2024T10:17:04 - [TEST_STEP][PASSED] - fileDouble = ").toDouble(): null

18-11-2024T10:17:04 - [TEST_STEP][PASSED] - Script1718980020443.WriteToExcelNoData(a, typeOfData, todaysDate, fileInt, fileDouble, dZO): null

18-11-2024T10:17:04 - [TEST_STEP][PASSED] - sheetName = "Sheet1": null

18-11-2024T10:17:04 - [TEST_STEP][PASSED] - data = findTestData("PlanFact"): null

18-11-2024T10:17:04 - [TEST_STEP][PASSED] - n = data.getRowNumbers() + 1: null

18-11-2024T10:17:04 - [TEST_STEP][PASSED] - year = todaysDate.substring(todaysDate.length() - 4, todaysDate.length()): null

18-11-2024T10:17:04 - [TEST_STEP][PASSED] - y = year.toInteger(): null

18-11-2024T10:17:04 - [TEST_STEP][PASSED] - m = getText(findTestObject("Выполнение бизнес-плана/Период")): Text of object 'Object Repository/Выполнение бизнес-плана/Период' is: '1, 2, 3 кв. 2024 года'

18-11-2024T10:17:04 - [MESSAGE][PASSED] - Text of object 'Object Repository/Выполнение бизнес-плана/Период' is: '1, 2, 3 кв. 2024 года'

18-11-2024T10:17:04 - [TEST_STEP][PASSED] - m = m.substring(0, m.indexOf("2024")): null

18-11-2024T10:17:04 - [TEST_STEP][PASSED] - m = m.trim(): null

18-11-2024T10:17:04 - [TEST_STEP][PASSED] - dashboardName = "Выполнение бизнес-плана": null

18-11-2024T10:17:04 - [TEST_STEP][PASSED] - workbook01 = getWorkbook(excelFilePath): null

18-11-2024T10:17:04 - [TEST_STEP][PASSED] - sheet01 = getExcelSheet(workbook01, sheetName): null

18-11-2024T10:17:04 - [TEST_STEP][PASSED] - setValueToCellByIndex(sheet01, n, 0, dashboardName): null

18-11-2024T10:17:04 - [TEST_STEP][PASSED] - setValueToCellByIndex(sheet01, n, 1, dZO): null

18-11-2024T10:17:04 - [TEST_STEP][PASSED] - setValueToCellByIndex(sheet01, n, 2, typeOfData): null

18-11-2024T10:17:04 - [TEST_STEP][PASSED] - if (typeOfData == "Факт в процентах" || typeOfData == "План в процентах"): null

18-11-2024T10:17:04 - [TEST_STEP][PASSED] - setValueToCellByIndex(sheet01, n, 3, fileDouble): null

18-11-2024T10:17:04 - [TEST_STEP][PASSED] - setValueToCellByIndex(sheet01, n, 4, "нет данных"): null

18-11-2024T10:17:04 - [TEST_STEP][PASSED] - setValueToCellByIndex(sheet01, n, 5, m): null

18-11-2024T10:17:04 - [TEST_STEP][PASSED] - setValueToCellByIndex(sheet01, n, 6, y): null

18-11-2024T10:17:04 - [TEST_STEP][PASSED] - setValueToCellByIndex(sheet01, n, 7, todaysDate): null

18-11-2024T10:17:04 - [TEST_STEP][PASSED] - n = n + 1: null

18-11-2024T10:17:04 - [TEST_STEP][PASSED] - saveWorkbook(excelFilePath, workbook01): null

18-11-2024T10:17:04 - [TEST_STEP][PASSED] - println(dzoNum): null

18-11-2024T10:17:04 - [TEST_STEP][PASSED] - dZO = "РаспредКомплекс": null

18-11-2024T10:17:04 - [TEST_STEP][PASSED] - a = 82: null

18-11-2024T10:17:04 - [TEST_STEP][PASSED] - Script1718980020443.Numbers(a, typeOfData, todaysDate, pageInt, fileInt, pageDouble, fileDouble, dZO, dzoNum, filialNum): null

18-11-2024T10:17:04 - [TEST_STEP][PASSED] - println(dzoNum): null

18-11-2024T10:17:04 - [TEST_STEP][PASSED] - planFact = <not implemented yet for class: org.codehaus.groovy.ast.expr.EmptyExpression>: null

18-11-2024T10:17:04 - [TEST_STEP][PASSED] - page = <not implemented yet for class: org.codehaus.groovy.ast.expr.EmptyExpression>: null

18-11-2024T10:17:04 - [TEST_STEP][PASSED] - page1 = <not implemented yet for class: org.codehaus.groovy.ast.expr.EmptyExpression>: null

18-11-2024T10:17:04 - [TEST_STEP][PASSED] - page2 = <not implemented yet for class: org.codehaus.groovy.ast.expr.EmptyExpression>: null

18-11-2024T10:17:04 - [TEST_STEP][PASSED] - filialNumberInRow = <not implemented yet for class: org.codehaus.groovy.ast.expr.EmptyExpression>: null

18-11-2024T10:17:04 - [TEST_STEP][PASSED] - filialsDzoNames = <not implemented yet for class: org.codehaus.groovy.ast.expr.EmptyExpression>: null

18-11-2024T10:17:04 - [TEST_STEP][PASSED] - numberOfFilials = <not implemented yet for class: org.codehaus.groovy.ast.expr.EmptyExpression>: null

18-11-2024T10:17:04 - [TEST_STEP][PASSED] - numberOfSpaces = <not implemented yet for class: org.codehaus.groovy.ast.expr.EmptyExpression>: null

18-11-2024T10:17:04 - [TEST_STEP][PASSED] - file = <not implemented yet for class: org.codehaus.groovy.ast.expr.EmptyExpression>: null

18-11-2024T10:17:04 - [TEST_STEP][PASSED] - otpusk = <not implemented yet for class: org.codehaus.groovy.ast.expr.EmptyExpression>: null

18-11-2024T10:17:04 - [TEST_STEP][PASSED] - poteri = <not implemented yet for class: org.codehaus.groovy.ast.expr.EmptyExpression>: null

18-11-2024T10:17:04 - [TEST_STEP][PASSED] - dataFolder = "Выполнение бизнес-плана/Значения со страницы Выполнение бизнес-плана/": null

18-11-2024T10:17:04 - [TEST_STEP][PASSED] - path = <not implemented yet for class: org.codehaus.groovy.ast.expr.EmptyExpression>: null

18-11-2024T10:17:04 - [TEST_STEP][PASSED] - typeOfDataMain = <not implemented yet for class: org.codehaus.groovy.ast.expr.EmptyExpression>: null

18-11-2024T10:17:04 - [TEST_STEP][PASSED] - fileOtpuskVSet = <not implemented yet for class: org.codehaus.groovy.ast.expr.EmptyExpression>: null

18-11-2024T10:17:04 - [TEST_STEP][PASSED] - pageOtpuskVSet = <not implemented yet for class: org.codehaus.groovy.ast.expr.EmptyExpression>: null

18-11-2024T10:17:04 - [TEST_STEP][PASSED] - filePoteri = <not implemented yet for class: org.codehaus.groovy.ast.expr.EmptyExpression>: null

18-11-2024T10:17:04 - [TEST_STEP][PASSED] - pagePoteri = <not implemented yet for class: org.codehaus.groovy.ast.expr.EmptyExpression>: null

18-11-2024T10:17:04 - [TEST_STEP][PASSED] - compare = <not implemented yet for class: org.codehaus.groovy.ast.expr.EmptyExpression>: null

18-11-2024T10:17:04 - [TEST_STEP][PASSED] - b = <not implemented yet for class: org.codehaus.groovy.ast.expr.EmptyExpression>: null

18-11-2024T10:17:04 - [TEST_STEP][PASSED] - i = <not implemented yet for class: org.codehaus.groovy.ast.expr.EmptyExpression>: null

18-11-2024T10:17:04 - [TEST_STEP][PASSED] - ii = <not implemented yet for class: org.codehaus.groovy.ast.expr.EmptyExpression>: null

18-11-2024T10:17:04 - [TEST_STEP][PASSED] - c = <not implemented yet for class: org.codehaus.groovy.ast.expr.EmptyExpression>: null

18-11-2024T10:17:04 - [TEST_STEP][PASSED] - numberOfErrors = 0: null

18-11-2024T10:17:04 - [TEST_STEP][PASSED] - if (a == 82): null

18-11-2024T10:17:04 - [TEST_STEP][PASSED] - Script1718980020443.OpenFilter(): null

18-11-2024T10:17:04 - [TEST_STEP][PASSED] - click(findTestObject("Object Repository/Выполнение бизнес-плана/Фильтр ДЗО")): Object: 'Object Repository/Выполнение бизнес-плана/Фильтр ДЗО' is clicked on

18-11-2024T10:17:05 - [MESSAGE][PASSED] - Object: 'Object Repository/Выполнение бизнес-плана/Фильтр ДЗО' is clicked on

18-11-2024T10:17:05 - [TEST_STEP][PASSED] - click(findTestObject("Выполнение бизнес-плана/Снять выделение в фильтре ДЗО")): null

18-11-2024T10:17:05 - [MESSAGE][PASSED] - Object: 'Object Repository/Выполнение бизнес-плана/Снять выделение в фильтре ДЗО' is clicked on

18-11-2024T10:17:05 - [TEST_STEP][PASSED] - click(findTestObject("Выполнение бизнес-плана/Раскрыть список ПАО Россети в фильтре ДЗО")): Object: 'Object Repository/Выполнение бизнес-плана/Раскрыть список ПАО Россети в фильтре ДЗО' is clicked on

18-11-2024T10:17:05 - [MESSAGE][PASSED] - Object: 'Object Repository/Выполнение бизнес-плана/Раскрыть список ПАО Россети в фильтре ДЗО' is clicked on

18-11-2024T10:17:05 - [TEST_STEP][PASSED] - click(findTestObject("Выполнение бизнес-плана/РаспредКомплекс")): Object: 'Object Repository/Выполнение бизнес-плана/РаспредКомплекс' is clicked on

18-11-2024T10:17:06 - [MESSAGE][PASSED] - Object: 'Object Repository/Выполнение бизнес-плана/РаспредКомплекс' is clicked on

18-11-2024T10:17:06 - [TEST_STEP][PASSED] - Script1718980020443.CloseFilter(): null

18-11-2024T10:17:06 - [TEST_STEP][PASSED] - scrollToElement(findTestObject("Выполнение бизнес-плана/Заголовок дашборда"), 30): Scroll to object 'Object Repository/Выполнение бизнес-плана/Заголовок дашборда' successfully

18-11-2024T10:17:06 - [MESSAGE][PASSED] - Scroll to object 'Object Repository/Выполнение бизнес-плана/Заголовок дашборда' successfully

18-11-2024T10:17:06 - [TEST_STEP][PASSED] - click(findTestObject("Object Repository/Выполнение бизнес-плана/Применить в фильтре ДЗО")): null

18-11-2024T10:17:07 - [MESSAGE][PASSED] - Object: 'Object Repository/Выполнение бизнес-плана/Применить в фильтре ДЗО' is clicked on

18-11-2024T10:17:07 - [TEST_STEP][PASSED] - delay(5): Delayed 5 second(s)

18-11-2024T10:17:12 - [MESSAGE][PASSED] - Delayed 5 second(s)

18-11-2024T10:17:12 - [TEST_STEP][PASSED] - b = findTestData("PlanFact").getValue(1, a): null

18-11-2024T10:17:12 - [TEST_STEP][PASSED] - i = b.indexOf(" (ГК)"): null

18-11-2024T10:17:12 - [TEST_STEP][PASSED] - if (i > -1): null

18-11-2024T10:17:12 - [TEST_STEP][PASSED] - i = b.indexOf("О ""): null

18-11-2024T10:17:12 - [TEST_STEP][PASSED] - if (i > -1): null

18-11-2024T10:17:12 - [TEST_STEP][PASSED] - i = b.indexOf("О «"): null

18-11-2024T10:17:12 - [TEST_STEP][PASSED] - if (i > -1): null

18-11-2024T10:17:12 - [TEST_STEP][PASSED] - i = b.indexOf("г. "): null

18-11-2024T10:17:12 - [TEST_STEP][PASSED] - if (i > -1): null

18-11-2024T10:17:12 - [TEST_STEP][PASSED] - println(b): null

18-11-2024T10:17:12 - [TEST_STEP][PASSED] - for ([planFact = 1, planFact < 3, (planFact++)]): null

18-11-2024T10:17:12 - [TEST_STEP][PASSED] - if (planFact == 1): null

18-11-2024T10:17:12 - [TEST_STEP][PASSED] - typeOfDataMain = "Факт": null

18-11-2024T10:17:12 - [TEST_STEP][PASSED] - otpusk = findTestData("PlanFact").getValue(5, a): null

18-11-2024T10:17:12 - [TEST_STEP][PASSED] - poteri = findTestData("PlanFact").getValue(6, a): null

18-11-2024T10:17:12 - [TEST_STEP][PASSED] - otpusk = otpusk.replaceAll("\s+", ""): null

18-11-2024T10:17:12 - [TEST_STEP][PASSED] - poteri = poteri.replaceAll("\s+", ""): null

18-11-2024T10:17:12 - [TEST_STEP][PASSED] - typeOfData = typeOfDataMain + " Отпуск в сеть": null

18-11-2024T10:17:12 - [TEST_STEP][PASSED] - if (a == 82): null

18-11-2024T10:17:12 - [TEST_STEP][PASSED] - path = dataFolder + typeOfData + " за отчётный период " + "РаспредКомплекс": null

18-11-2024T10:17:12 - [TEST_STEP][PASSED] - println(path): null

18-11-2024T10:17:12 - [TEST_STEP][PASSED] - page = getText(findTestObject(path)): Text of object 'Object Repository/Выполнение бизнес-плана/Значения со страницы Выполнение бизнес-плана/Факт Отпуск в сеть за отчётный период РаспредКомплекс' is: '192 247 697'

18-11-2024T10:17:36 - [MESSAGE][PASSED] - Text of object 'Object Repository/Выполнение бизнес-плана/Значения со страницы Выполнение бизнес-плана/Факт Отпуск в сеть за отчётный период РаспредКомплекс' is: '192 247 697'

18-11-2024T10:17:36 - [TEST_STEP][PASSED] - page = page.replaceAll("\s+", ""): null

18-11-2024T10:17:36 - [TEST_STEP][PASSED] - fileOtpuskVSet = otpusk.toInteger(): null

18-11-2024T10:17:36 - [TEST_STEP][PASSED] - pageOtpuskVSet = page.toInteger(): null

18-11-2024T10:17:36 - [TEST_STEP][PASSED] - typeOfData = typeOfDataMain + " Потери": null

18-11-2024T10:17:36 - [TEST_STEP][PASSED] - if (a == 82): null

18-11-2024T10:17:36 - [TEST_STEP][PASSED] - path = dataFolder + typeOfData + " за отчётный период " + "РаспредКомплекс": null

18-11-2024T10:17:36 - [TEST_STEP][PASSED] - page = getText(findTestObject(path)): Text of object 'Object Repository/Выполнение бизнес-плана/Значения со страницы Выполнение бизнес-плана/Факт Потери за отчётный период РаспредКомплекс' is: '17 195 829'

18-11-2024T10:17:36 - [MESSAGE][PASSED] - Text of object 'Object Repository/Выполнение бизнес-плана/Значения со страницы Выполнение бизнес-плана/Факт Потери за отчётный период РаспредКомплекс' is: '17 195 829'

18-11-2024T10:17:36 - [TEST_STEP][PASSED] - page = page.replaceAll("\s+", ""): null

18-11-2024T10:17:36 - [TEST_STEP][PASSED] - filePoteri = poteri.toInteger(): null

18-11-2024T10:17:36 - [TEST_STEP][PASSED] - pagePoteri = page.toInteger(): null

18-11-2024T10:17:36 - [TEST_STEP][PASSED] - compare = pageOtpuskVSet: null

18-11-2024T10:17:36 - [TEST_STEP][PASSED] - if (compare == fileOtpuskVSet): null

18-11-2024T10:17:36 - [TEST_STEP][PASSED] - else if (compare > fileOtpuskVSet): null

18-11-2024T10:17:36 - [TEST_STEP][PASSED] - else if (compare < fileOtpuskVSet): null

18-11-2024T10:17:36 - [TEST_STEP][PASSED] - compare = compare + 1: null

18-11-2024T10:17:36 - [TEST_STEP][PASSED] - if (compare == fileOtpuskVSet): null

18-11-2024T10:17:36 - [TEST_STEP][PASSED] - else: null

18-11-2024T10:17:36 - [TEST_STEP][PASSED] - numberOfErrors = numberOfErrors + 1: null

18-11-2024T10:17:36 - [TEST_STEP][PASSED] - pageInt = pageOtpuskVSet: null

18-11-2024T10:17:36 - [TEST_STEP][PASSED] - fileInt = fileOtpuskVSet: null

18-11-2024T10:17:36 - [TEST_STEP][PASSED] - typeOfData = typeOfDataMain + " Отпуск в сеть": null

18-11-2024T10:17:36 - [TEST_STEP][PASSED] - Script1718980020443.WriteToExcel(a, typeOfData, todaysDate, pageInt, fileInt, pageDouble, fileDouble, dZO): null

18-11-2024T10:17:36 - [TEST_STEP][PASSED] - sheetName = "Sheet1": null

18-11-2024T10:17:36 - [TEST_STEP][PASSED] - data = findTestData("PlanFact"): null

18-11-2024T10:17:36 - [TEST_STEP][PASSED] - n = data.getRowNumbers() + 1: null

18-11-2024T10:17:36 - [TEST_STEP][PASSED] - year = todaysDate.substring(todaysDate.length() - 4, todaysDate.length()): null

18-11-2024T10:17:36 - [TEST_STEP][PASSED] - y = year.toInteger(): null

18-11-2024T10:17:36 - [TEST_STEP][PASSED] - m = getText(findTestObject("Выполнение бизнес-плана/Период")): Text of object 'Object Repository/Выполнение бизнес-плана/Период' is: '1, 2, 3 кв. 2024 года'

18-11-2024T10:17:36 - [MESSAGE][PASSED] - Text of object 'Object Repository/Выполнение бизнес-плана/Период' is: '1, 2, 3 кв. 2024 года'

18-11-2024T10:17:36 - [TEST_STEP][PASSED] - m = m.substring(0, m.indexOf("2024")): null

18-11-2024T10:17:36 - [TEST_STEP][PASSED] - m = m.trim(): null

18-11-2024T10:17:36 - [TEST_STEP][PASSED] - dashboardName = "Выполнение бизнес-плана": null

18-11-2024T10:17:36 - [TEST_STEP][PASSED] - workbook01 = getWorkbook(excelFilePath): null

18-11-2024T10:17:36 - [TEST_STEP][PASSED] - sheet01 = getExcelSheet(workbook01, sheetName): null

18-11-2024T10:17:36 - [TEST_STEP][PASSED] - setValueToCellByIndex(sheet01, n, 0, dashboardName): null

18-11-2024T10:17:36 - [TEST_STEP][PASSED] - setValueToCellByIndex(sheet01, n, 1, dZO): null

18-11-2024T10:17:36 - [TEST_STEP][PASSED] - setValueToCellByIndex(sheet01, n, 2, typeOfData): null

18-11-2024T10:17:36 - [TEST_STEP][PASSED] - if (typeOfData == "Факт в процентах" || typeOfData == "План в процентах"): null

18-11-2024T10:17:36 - [TEST_STEP][PASSED] - else: null

18-11-2024T10:17:36 - [TEST_STEP][PASSED] - setValueToCellByIndex(sheet01, n, 3, fileInt): null

18-11-2024T10:17:36 - [TEST_STEP][PASSED] - setValueToCellByIndex(sheet01, n, 4, pageInt): null

18-11-2024T10:17:36 - [TEST_STEP][PASSED] - setValueToCellByIndex(sheet01, n, 5, m): null

18-11-2024T10:17:36 - [TEST_STEP][PASSED] - setValueToCellByIndex(sheet01, n, 6, y): null

18-11-2024T10:17:36 - [TEST_STEP][PASSED] - setValueToCellByIndex(sheet01, n, 7, todaysDate): null

18-11-2024T10:17:36 - [TEST_STEP][PASSED] - n = n + 1: null

18-11-2024T10:17:36 - [TEST_STEP][PASSED] - saveWorkbook(excelFilePath, workbook01): null

18-11-2024T10:17:37 - [TEST_STEP][PASSED] - compare = pagePoteri: null

18-11-2024T10:17:37 - [TEST_STEP][PASSED] - if (compare == filePoteri): null

18-11-2024T10:17:37 - [TEST_STEP][PASSED] - else if (compare > filePoteri): null

18-11-2024T10:17:37 - [TEST_STEP][PASSED] - else if (compare < filePoteri): null

18-11-2024T10:17:37 - [TEST_STEP][PASSED] - compare = compare + 1: null

18-11-2024T10:17:37 - [TEST_STEP][PASSED] - if (compare == filePoteri): null

18-11-2024T10:17:37 - [TEST_STEP][PASSED] - else: null

18-11-2024T10:17:37 - [TEST_STEP][PASSED] - numberOfErrors = numberOfErrors + 1: null

18-11-2024T10:17:37 - [TEST_STEP][PASSED] - pageInt = pagePoteri: null

18-11-2024T10:17:37 - [TEST_STEP][PASSED] - fileInt = filePoteri: null

18-11-2024T10:17:37 - [TEST_STEP][PASSED] - typeOfData = typeOfDataMain + " Потери": null

18-11-2024T10:17:37 - [TEST_STEP][PASSED] - Script1718980020443.WriteToExcel(a, typeOfData, todaysDate, pageInt, fileInt, pageDouble, fileDouble, dZO): null

18-11-2024T10:17:37 - [TEST_STEP][PASSED] - sheetName = "Sheet1": null

18-11-2024T10:17:37 - [TEST_STEP][PASSED] - data = findTestData("PlanFact"): null

18-11-2024T10:17:37 - [TEST_STEP][PASSED] - n = data.getRowNumbers() + 1: null

18-11-2024T10:17:37 - [TEST_STEP][PASSED] - year = todaysDate.substring(todaysDate.length() - 4, todaysDate.length()): null

18-11-2024T10:17:37 - [TEST_STEP][PASSED] - y = year.toInteger(): null

18-11-2024T10:17:37 - [TEST_STEP][PASSED] - m = getText(findTestObject("Выполнение бизнес-плана/Период")): Text of object 'Object Repository/Выполнение бизнес-плана/Период' is: '1, 2, 3 кв. 2024 года'

18-11-2024T10:17:37 - [MESSAGE][PASSED] - Text of object 'Object Repository/Выполнение бизнес-плана/Период' is: '1, 2, 3 кв. 2024 года'

18-11-2024T10:17:37 - [TEST_STEP][PASSED] - m = m.substring(0, m.indexOf("2024")): null

18-11-2024T10:17:37 - [TEST_STEP][PASSED] - m = m.trim(): null

18-11-2024T10:17:37 - [TEST_STEP][PASSED] - dashboardName = "Выполнение бизнес-плана": null

18-11-2024T10:17:37 - [TEST_STEP][PASSED] - workbook01 = getWorkbook(excelFilePath): null

18-11-2024T10:17:37 - [TEST_STEP][PASSED] - sheet01 = getExcelSheet(workbook01, sheetName): null

18-11-2024T10:17:37 - [TEST_STEP][PASSED] - setValueToCellByIndex(sheet01, n, 0, dashboardName): null

18-11-2024T10:17:37 - [TEST_STEP][PASSED] - setValueToCellByIndex(sheet01, n, 1, dZO): null

18-11-2024T10:17:37 - [TEST_STEP][PASSED] - setValueToCellByIndex(sheet01, n, 2, typeOfData): null

18-11-2024T10:17:37 - [TEST_STEP][PASSED] - if (typeOfData == "Факт в процентах" || typeOfData == "План в процентах"): null

18-11-2024T10:17:37 - [TEST_STEP][PASSED] - else: null

18-11-2024T10:17:37 - [TEST_STEP][PASSED] - setValueToCellByIndex(sheet01, n, 3, fileInt): null

18-11-2024T10:17:37 - [TEST_STEP][PASSED] - setValueToCellByIndex(sheet01, n, 4, pageInt): null

18-11-2024T10:17:37 - [TEST_STEP][PASSED] - setValueToCellByIndex(sheet01, n, 5, m): null

18-11-2024T10:17:37 - [TEST_STEP][PASSED] - setValueToCellByIndex(sheet01, n, 6, y): null

18-11-2024T10:17:37 - [TEST_STEP][PASSED] - setValueToCellByIndex(sheet01, n, 7, todaysDate): null

18-11-2024T10:17:37 - [TEST_STEP][PASSED] - n = n + 1: null

18-11-2024T10:17:37 - [TEST_STEP][PASSED] - saveWorkbook(excelFilePath, workbook01): null

18-11-2024T10:17:37 - [TEST_STEP][PASSED] - if (planFact == 2): null

18-11-2024T10:17:37 - [TEST_STEP][PASSED] - if (planFact == 1): null

18-11-2024T10:17:37 - [TEST_STEP][PASSED] - else if (planFact == 2): null

18-11-2024T10:17:37 - [TEST_STEP][PASSED] - click(findTestObject("Выполнение бизнес-плана/Кнопка План")): Object: 'Object Repository/Выполнение бизнес-плана/Кнопка План' is clicked on

18-11-2024T10:17:38 - [MESSAGE][PASSED] - Object: 'Object Repository/Выполнение бизнес-плана/Кнопка План' is clicked on

18-11-2024T10:17:38 - [TEST_STEP][PASSED] - typeOfDataMain = "План": null

18-11-2024T10:17:38 - [TEST_STEP][PASSED] - otpusk = findTestData("PlanFact").getValue(2, a): null

18-11-2024T10:17:38 - [TEST_STEP][PASSED] - poteri = findTestData("PlanFact").getValue(3, a): null

18-11-2024T10:17:38 - [TEST_STEP][PASSED] - otpusk = otpusk.replaceAll("\s+", ""): null

18-11-2024T10:17:38 - [TEST_STEP][PASSED] - poteri = poteri.replaceAll("\s+", ""): null

18-11-2024T10:17:38 - [TEST_STEP][PASSED] - typeOfData = typeOfDataMain + " Отпуск в сеть": null

18-11-2024T10:17:38 - [TEST_STEP][PASSED] - if (a == 82): null

18-11-2024T10:17:38 - [TEST_STEP][PASSED] - path = dataFolder + typeOfData + " за отчётный период " + "РаспредКомплекс": null

18-11-2024T10:17:38 - [TEST_STEP][PASSED] - println(path): null

18-11-2024T10:17:38 - [TEST_STEP][PASSED] - page = getText(findTestObject(path)): Text of object 'Object Repository/Выполнение бизнес-плана/Значения со страницы Выполнение бизнес-плана/План Отпуск в сеть за отчётный период РаспредКомплекс' is: '187 501 364'

18-11-2024T10:17:38 - [MESSAGE][PASSED] - Text of object 'Object Repository/Выполнение бизнес-плана/Значения со страницы Выполнение бизнес-плана/План Отпуск в сеть за отчётный период РаспредКомплекс' is: '187 501 364'

18-11-2024T10:17:38 - [TEST_STEP][PASSED] - page = page.replaceAll("\s+", ""): null

18-11-2024T10:17:38 - [TEST_STEP][PASSED] - fileOtpuskVSet = otpusk.toInteger(): null

18-11-2024T10:17:38 - [TEST_STEP][PASSED] - pageOtpuskVSet = page.toInteger(): null

18-11-2024T10:17:38 - [TEST_STEP][PASSED] - typeOfData = typeOfDataMain + " Потери": null

18-11-2024T10:17:38 - [TEST_STEP][PASSED] - if (a == 82): null

18-11-2024T10:17:38 - [TEST_STEP][PASSED] - path = dataFolder + typeOfData + " за отчётный период " + "РаспредКомплекс": null

18-11-2024T10:17:38 - [TEST_STEP][PASSED] - page = getText(findTestObject(path)): Text of object 'Object Repository/Выполнение бизнес-плана/Значения со страницы Выполнение бизнес-плана/План Потери за отчётный период РаспредКомплекс' is: '16 062 691'

18-11-2024T10:17:38 - [MESSAGE][PASSED] - Text of object 'Object Repository/Выполнение бизнес-плана/Значения со страницы Выполнение бизнес-плана/План Потери за отчётный период РаспредКомплекс' is: '16 062 691'

18-11-2024T10:17:38 - [TEST_STEP][PASSED] - page = page.replaceAll("\s+", ""): null

18-11-2024T10:17:38 - [TEST_STEP][PASSED] - filePoteri = poteri.toInteger(): null

18-11-2024T10:17:38 - [TEST_STEP][PASSED] - pagePoteri = page.toInteger(): null

18-11-2024T10:17:38 - [TEST_STEP][PASSED] - compare = pageOtpuskVSet: null

18-11-2024T10:17:38 - [TEST_STEP][PASSED] - if (compare == fileOtpuskVSet): null

18-11-2024T10:17:38 - [TEST_STEP][PASSED] - else if (compare > fileOtpuskVSet): null

18-11-2024T10:17:38 - [TEST_STEP][PASSED] - else if (compare < fileOtpuskVSet): null

18-11-2024T10:17:38 - [TEST_STEP][PASSED] - compare = compare + 1: null

18-11-2024T10:17:38 - [TEST_STEP][PASSED] - if (compare == fileOtpuskVSet): null

18-11-2024T10:17:38 - [TEST_STEP][PASSED] - else: null

18-11-2024T10:17:38 - [TEST_STEP][PASSED] - numberOfErrors = numberOfErrors + 1: null

18-11-2024T10:17:38 - [TEST_STEP][PASSED] - pageInt = pageOtpuskVSet: null

18-11-2024T10:17:38 - [TEST_STEP][PASSED] - fileInt = fileOtpuskVSet: null

18-11-2024T10:17:38 - [TEST_STEP][PASSED] - typeOfData = typeOfDataMain + " Отпуск в сеть": null

18-11-2024T10:17:38 - [TEST_STEP][PASSED] - Script1718980020443.WriteToExcel(a, typeOfData, todaysDate, pageInt, fileInt, pageDouble, fileDouble, dZO): null

18-11-2024T10:17:38 - [TEST_STEP][PASSED] - sheetName = "Sheet1": null

18-11-2024T10:17:38 - [TEST_STEP][PASSED] - data = findTestData("PlanFact"): null

18-11-2024T10:17:38 - [TEST_STEP][PASSED] - n = data.getRowNumbers() + 1: null

18-11-2024T10:17:38 - [TEST_STEP][PASSED] - year = todaysDate.substring(todaysDate.length() - 4, todaysDate.length()): null

18-11-2024T10:17:38 - [TEST_STEP][PASSED] - y = year.toInteger(): null

18-11-2024T10:17:38 - [TEST_STEP][PASSED] - m = getText(findTestObject("Выполнение бизнес-плана/Период")): Text of object 'Object Repository/Выполнение бизнес-плана/Период' is: '1, 2, 3 кв. 2024 года'

18-11-2024T10:17:39 - [MESSAGE][PASSED] - Text of object 'Object Repository/Выполнение бизнес-плана/Период' is: '1, 2, 3 кв. 2024 года'

18-11-2024T10:17:39 - [TEST_STEP][PASSED] - m = m.substring(0, m.indexOf("2024")): null

18-11-2024T10:17:39 - [TEST_STEP][PASSED] - m = m.trim(): null

18-11-2024T10:17:39 - [TEST_STEP][PASSED] - dashboardName = "Выполнение бизнес-плана": null

18-11-2024T10:17:39 - [TEST_STEP][PASSED] - workbook01 = getWorkbook(excelFilePath): null

18-11-2024T10:17:39 - [TEST_STEP][PASSED] - sheet01 = getExcelSheet(workbook01, sheetName): null

18-11-2024T10:17:39 - [TEST_STEP][PASSED] - setValueToCellByIndex(sheet01, n, 0, dashboardName): null

18-11-2024T10:17:39 - [TEST_STEP][PASSED] - setValueToCellByIndex(sheet01, n, 1, dZO): null

18-11-2024T10:17:39 - [TEST_STEP][PASSED] - setValueToCellByIndex(sheet01, n, 2, typeOfData): null

18-11-2024T10:17:39 - [TEST_STEP][PASSED] - if (typeOfData == "Факт в процентах" || typeOfData == "План в процентах"): null

18-11-2024T10:17:39 - [TEST_STEP][PASSED] - else: null

18-11-2024T10:17:39 - [TEST_STEP][PASSED] - setValueToCellByIndex(sheet01, n, 3, fileInt): null

18-11-2024T10:17:39 - [TEST_STEP][PASSED] - setValueToCellByIndex(sheet01, n, 4, pageInt): null

18-11-2024T10:17:39 - [TEST_STEP][PASSED] - setValueToCellByIndex(sheet01, n, 5, m): null

18-11-2024T10:17:39 - [TEST_STEP][PASSED] - setValueToCellByIndex(sheet01, n, 6, y): null

18-11-2024T10:17:39 - [TEST_STEP][PASSED] - setValueToCellByIndex(sheet01, n, 7, todaysDate): null

18-11-2024T10:17:39 - [TEST_STEP][PASSED] - n = n + 1: null

18-11-2024T10:17:39 - [TEST_STEP][PASSED] - saveWorkbook(excelFilePath, workbook01): null

18-11-2024T10:17:39 - [TEST_STEP][PASSED] - compare = pagePoteri: null

18-11-2024T10:17:39 - [TEST_STEP][PASSED] - if (compare == filePoteri): null

18-11-2024T10:17:39 - [TEST_STEP][PASSED] - else if (compare > filePoteri): null

18-11-2024T10:17:39 - [TEST_STEP][PASSED] - else if (compare < filePoteri): null

18-11-2024T10:17:39 - [TEST_STEP][PASSED] - compare = compare + 1: null

18-11-2024T10:17:39 - [TEST_STEP][PASSED] - if (compare == filePoteri): null

18-11-2024T10:17:39 - [TEST_STEP][PASSED] - else: null

18-11-2024T10:17:39 - [TEST_STEP][PASSED] - numberOfErrors = numberOfErrors + 1: null

18-11-2024T10:17:39 - [TEST_STEP][PASSED] - pageInt = pagePoteri: null

18-11-2024T10:17:39 - [TEST_STEP][PASSED] - fileInt = filePoteri: null

18-11-2024T10:17:39 - [TEST_STEP][PASSED] - typeOfData = typeOfDataMain + " Потери": null

18-11-2024T10:17:39 - [TEST_STEP][PASSED] - Script1718980020443.WriteToExcel(a, typeOfData, todaysDate, pageInt, fileInt, pageDouble, fileDouble, dZO): null

18-11-2024T10:17:39 - [TEST_STEP][PASSED] - sheetName = "Sheet1": null

18-11-2024T10:17:39 - [TEST_STEP][PASSED] - data = findTestData("PlanFact"): null

18-11-2024T10:17:39 - [TEST_STEP][PASSED] - n = data.getRowNumbers() + 1: null

18-11-2024T10:17:39 - [TEST_STEP][PASSED] - year = todaysDate.substring(todaysDate.length() - 4, todaysDate.length()): null

18-11-2024T10:17:39 - [TEST_STEP][PASSED] - y = year.toInteger(): null

18-11-2024T10:17:39 - [TEST_STEP][PASSED] - m = getText(findTestObject("Выполнение бизнес-плана/Период")): Text of object 'Object Repository/Выполнение бизнес-плана/Период' is: '1, 2, 3 кв. 2024 года'

18-11-2024T10:17:39 - [MESSAGE][PASSED] - Text of object 'Object Repository/Выполнение бизнес-плана/Период' is: '1, 2, 3 кв. 2024 года'

18-11-2024T10:17:39 - [TEST_STEP][PASSED] - m = m.substring(0, m.indexOf("2024")): null

18-11-2024T10:17:39 - [TEST_STEP][PASSED] - m = m.trim(): null

18-11-2024T10:17:39 - [TEST_STEP][PASSED] - dashboardName = "Выполнение бизнес-плана": null

18-11-2024T10:17:39 - [TEST_STEP][PASSED] - workbook01 = getWorkbook(excelFilePath): null

18-11-2024T10:17:39 - [TEST_STEP][PASSED] - sheet01 = getExcelSheet(workbook01, sheetName): null

18-11-2024T10:17:39 - [TEST_STEP][PASSED] - setValueToCellByIndex(sheet01, n, 0, dashboardName): null

18-11-2024T10:17:39 - [TEST_STEP][PASSED] - setValueToCellByIndex(sheet01, n, 1, dZO): null

18-11-2024T10:17:39 - [TEST_STEP][PASSED] - setValueToCellByIndex(sheet01, n, 2, typeOfData): null

18-11-2024T10:17:39 - [TEST_STEP][PASSED] - if (typeOfData == "Факт в процентах" || typeOfData == "План в процентах"): null

18-11-2024T10:17:39 - [TEST_STEP][PASSED] - else: null

18-11-2024T10:17:39 - [TEST_STEP][PASSED] - setValueToCellByIndex(sheet01, n, 3, fileInt): null

18-11-2024T10:17:39 - [TEST_STEP][PASSED] - setValueToCellByIndex(sheet01, n, 4, pageInt): null

18-11-2024T10:17:39 - [TEST_STEP][PASSED] - setValueToCellByIndex(sheet01, n, 5, m): null

18-11-2024T10:17:39 - [TEST_STEP][PASSED] - setValueToCellByIndex(sheet01, n, 6, y): null

18-11-2024T10:17:39 - [TEST_STEP][PASSED] - setValueToCellByIndex(sheet01, n, 7, todaysDate): null

18-11-2024T10:17:39 - [TEST_STEP][PASSED] - n = n + 1: null

18-11-2024T10:17:39 - [TEST_STEP][PASSED] - saveWorkbook(excelFilePath, workbook01): Object: 'Object Repository/Выполнение бизнес-плана/Кнопка Факт' is clicked on

18-11-2024T10:17:39 - [TEST_STEP][PASSED] - if (planFact == 2): Object: 'Object Repository/Выполнение бизнес-плана/Кнопка Факт' is clicked on

18-11-2024T10:17:39 - [TEST_STEP][PASSED] - click(findTestObject("Выполнение бизнес-плана/Кнопка Факт")): Object: 'Object Repository/Выполнение бизнес-плана/Кнопка Факт' is clicked on

18-11-2024T10:17:40 - [MESSAGE][PASSED] - Object: 'Object Repository/Выполнение бизнес-плана/Кнопка Факт' is clicked on

18-11-2024T10:17:40 - [TEST_STEP][PASSED] - if (a == 84 || a == 82): null

18-11-2024T10:17:40 - [TEST_STEP][PASSED] - page = getText(findTestObject("Выполнение бизнес-плана/textPlanFact")): Text of object 'Object Repository/Выполнение бизнес-плана/textPlanFact' is: '%
8.57 8.57
8.94 8.94
План
Факт
1
100'

18-11-2024T10:17:40 - [MESSAGE][PASSED] - Text of object 'Object Repository/Выполнение бизнес-плана/textPlanFact' is: '%
8.57 8.57
8.94 8.94
План
Факт
1
100'

18-11-2024T10:17:40 - [TEST_STEP][PASSED] - page = page.replaceAll("\n", "_"): null

18-11-2024T10:17:40 - [TEST_STEP][PASSED] - page = page.substring(page.indexOf("_") + 1, page.length()): null

18-11-2024T10:17:40 - [TEST_STEP][PASSED] - page1 = page.substring(0, page.indexOf("_")): null

18-11-2024T10:17:40 - [TEST_STEP][PASSED] - page1 = page.substring(0, page.indexOf(" ")): null

18-11-2024T10:17:40 - [TEST_STEP][PASSED] - page2 = page.substring(page.indexOf("_") + 1, page.length()): null

18-11-2024T10:17:40 - [TEST_STEP][PASSED] - page2 = page2.substring(0, page.indexOf("_")): null

18-11-2024T10:17:40 - [TEST_STEP][PASSED] - page2 = page2.substring(0, page.indexOf(" ")): null

18-11-2024T10:17:40 - [TEST_STEP][PASSED] - println("page1: " + page1): null

18-11-2024T10:17:40 - [TEST_STEP][PASSED] - println("page2: " + page2): null

18-11-2024T10:17:40 - [TEST_STEP][PASSED] - file = findTestData("PlanFact").getValue(4, a): null

18-11-2024T10:17:40 - [TEST_STEP][PASSED] - file = file.replace(",", "."): null

18-11-2024T10:17:40 - [TEST_STEP][PASSED] - println("file Plan: " + file): null

18-11-2024T10:17:40 - [TEST_STEP][PASSED] - typeOfData = "План в процентах": null

18-11-2024T10:17:40 - [TEST_STEP][PASSED] - fileDouble = file.toDouble(): null

18-11-2024T10:17:40 - [TEST_STEP][PASSED] - pageDouble = page1.toDouble(): null

18-11-2024T10:17:40 - [TEST_STEP][PASSED] - if (fileDouble != pageDouble): null

18-11-2024T10:17:40 - [TEST_STEP][PASSED] - numberOfErrors = numberOfErrors + 1: null

18-11-2024T10:17:40 - [TEST_STEP][PASSED] - Script1718980020443.WriteToExcel(a, typeOfData, todaysDate, pageInt, fileInt, pageDouble, fileDouble, dZO): null

18-11-2024T10:17:40 - [TEST_STEP][PASSED] - sheetName = "Sheet1": null

18-11-2024T10:17:40 - [TEST_STEP][PASSED] - data = findTestData("PlanFact"): null

18-11-2024T10:17:40 - [TEST_STEP][PASSED] - n = data.getRowNumbers() + 1: null

18-11-2024T10:17:40 - [TEST_STEP][PASSED] - year = todaysDate.substring(todaysDate.length() - 4, todaysDate.length()): null

18-11-2024T10:17:40 - [TEST_STEP][PASSED] - y = year.toInteger(): null

18-11-2024T10:17:40 - [TEST_STEP][PASSED] - m = getText(findTestObject("Выполнение бизнес-плана/Период")): Text of object 'Object Repository/Выполнение бизнес-плана/Период' is: '1, 2, 3 кв. 2024 года'

18-11-2024T10:17:41 - [MESSAGE][PASSED] - Text of object 'Object Repository/Выполнение бизнес-плана/Период' is: '1, 2, 3 кв. 2024 года'

18-11-2024T10:17:41 - [TEST_STEP][PASSED] - m = m.substring(0, m.indexOf("2024")): null

18-11-2024T10:17:41 - [TEST_STEP][PASSED] - m = m.trim(): null

18-11-2024T10:17:41 - [TEST_STEP][PASSED] - dashboardName = "Выполнение бизнес-плана": null

18-11-2024T10:17:41 - [TEST_STEP][PASSED] - workbook01 = getWorkbook(excelFilePath): null

18-11-2024T10:17:41 - [TEST_STEP][PASSED] - sheet01 = getExcelSheet(workbook01, sheetName): null

18-11-2024T10:17:41 - [TEST_STEP][PASSED] - setValueToCellByIndex(sheet01, n, 0, dashboardName): null

18-11-2024T10:17:41 - [TEST_STEP][PASSED] - setValueToCellByIndex(sheet01, n, 1, dZO): null

18-11-2024T10:17:41 - [TEST_STEP][PASSED] - setValueToCellByIndex(sheet01, n, 2, typeOfData): null

18-11-2024T10:17:41 - [TEST_STEP][PASSED] - if (typeOfData == "Факт в процентах" || typeOfData == "План в процентах"): null

18-11-2024T10:17:41 - [TEST_STEP][PASSED] - setValueToCellByIndex(sheet01, n, 3, fileDouble): null

18-11-2024T10:17:41 - [TEST_STEP][PASSED] - setValueToCellByIndex(sheet01, n, 4, pageDouble): null

18-11-2024T10:17:41 - [TEST_STEP][PASSED] - setValueToCellByIndex(sheet01, n, 5, m): null

18-11-2024T10:17:41 - [TEST_STEP][PASSED] - setValueToCellByIndex(sheet01, n, 6, y): null

18-11-2024T10:17:41 - [TEST_STEP][PASSED] - setValueToCellByIndex(sheet01, n, 7, todaysDate): null

18-11-2024T10:17:41 - [TEST_STEP][PASSED] - n = n + 1: null

18-11-2024T10:17:41 - [TEST_STEP][PASSED] - saveWorkbook(excelFilePath, workbook01): null

18-11-2024T10:17:41 - [TEST_STEP][PASSED] - file = findTestData("PlanFact").getValue(7, a): null

18-11-2024T10:17:41 - [TEST_STEP][PASSED] - file = file.replace(",", "."): null

18-11-2024T10:17:41 - [TEST_STEP][PASSED] - println("file Fact: " + file): null

18-11-2024T10:17:41 - [TEST_STEP][PASSED] - fileDouble = file.toDouble(): null

18-11-2024T10:17:41 - [TEST_STEP][PASSED] - typeOfData = "Факт в процентах": null

18-11-2024T10:17:41 - [TEST_STEP][PASSED] - fileDouble = file.toDouble(): null

18-11-2024T10:17:41 - [TEST_STEP][PASSED] - pageDouble = page2.toDouble(): null

18-11-2024T10:17:41 - [TEST_STEP][PASSED] - if (fileDouble != pageDouble): null

18-11-2024T10:17:41 - [TEST_STEP][PASSED] - numberOfErrors = numberOfErrors + 1: null

18-11-2024T10:17:41 - [TEST_STEP][PASSED] - Script1718980020443.WriteToExcel(a, typeOfData, todaysDate, pageInt, fileInt, pageDouble, fileDouble, dZO): null

18-11-2024T10:17:41 - [TEST_STEP][PASSED] - sheetName = "Sheet1": null

18-11-2024T10:17:41 - [TEST_STEP][PASSED] - data = findTestData("PlanFact"): null

18-11-2024T10:17:41 - [TEST_STEP][PASSED] - n = data.getRowNumbers() + 1: null

18-11-2024T10:17:41 - [TEST_STEP][PASSED] - year = todaysDate.substring(todaysDate.length() - 4, todaysDate.length()): null

18-11-2024T10:17:41 - [TEST_STEP][PASSED] - y = year.toInteger(): null

18-11-2024T10:17:41 - [TEST_STEP][PASSED] - m = getText(findTestObject("Выполнение бизнес-плана/Период")): Text of object 'Object Repository/Выполнение бизнес-плана/Период' is: '1, 2, 3 кв. 2024 года'

18-11-2024T10:17:41 - [MESSAGE][PASSED] - Text of object 'Object Repository/Выполнение бизнес-плана/Период' is: '1, 2, 3 кв. 2024 года'

18-11-2024T10:17:41 - [TEST_STEP][PASSED] - m = m.substring(0, m.indexOf("2024")): null

18-11-2024T10:17:41 - [TEST_STEP][PASSED] - m = m.trim(): null

18-11-2024T10:17:41 - [TEST_STEP][PASSED] - dashboardName = "Выполнение бизнес-плана": null

18-11-2024T10:17:41 - [TEST_STEP][PASSED] - workbook01 = getWorkbook(excelFilePath): null

18-11-2024T10:17:41 - [TEST_STEP][PASSED] - sheet01 = getExcelSheet(workbook01, sheetName): null

18-11-2024T10:17:41 - [TEST_STEP][PASSED] - setValueToCellByIndex(sheet01, n, 0, dashboardName): null

18-11-2024T10:17:41 - [TEST_STEP][PASSED] - setValueToCellByIndex(sheet01, n, 1, dZO): null

18-11-2024T10:17:41 - [TEST_STEP][PASSED] - setValueToCellByIndex(sheet01, n, 2, typeOfData): null

18-11-2024T10:17:41 - [TEST_STEP][PASSED] - if (typeOfData == "Факт в процентах" || typeOfData == "План в процентах"): null

18-11-2024T10:17:41 - [TEST_STEP][PASSED] - setValueToCellByIndex(sheet01, n, 3, fileDouble): null

18-11-2024T10:17:41 - [TEST_STEP][PASSED] - setValueToCellByIndex(sheet01, n, 4, pageDouble): null

18-11-2024T10:17:41 - [TEST_STEP][PASSED] - setValueToCellByIndex(sheet01, n, 5, m): null

18-11-2024T10:17:41 - [TEST_STEP][PASSED] - setValueToCellByIndex(sheet01, n, 6, y): null

18-11-2024T10:17:41 - [TEST_STEP][PASSED] - setValueToCellByIndex(sheet01, n, 7, todaysDate): null

18-11-2024T10:17:41 - [TEST_STEP][PASSED] - n = n + 1: null

18-11-2024T10:17:41 - [TEST_STEP][PASSED] - saveWorkbook(excelFilePath, workbook01): null

18-11-2024T10:17:41 - [TEST_STEP][FAILED] - if (verifyEqual(numberOfErrors, 0) == false): null

18-11-2024T10:17:41 - [MESSAGE][FAILED] - Unable to verify equal between actual object '6' and expected object '0' (Root cause: com.kms.katalon.core.exception.StepFailedException: Actual object '6' and expected object '0' are not equal
	at com.kms.katalon.core.keyword.builtin.VerifyEqualKeyword$_verifyEqual_closure1.doCall(VerifyEqualKeyword.groovy:58)
	at com.kms.katalon.core.keyword.builtin.VerifyEqualKeyword$_verifyEqual_closure1.call(VerifyEqualKeyword.groovy)
	at com.kms.katalon.core.keyword.internal.KeywordMain.runKeyword(KeywordMain.groovy:75)
	at com.kms.katalon.core.keyword.builtin.VerifyEqualKeyword.verifyEqual(VerifyEqualKeyword.groovy:63)
	at com.kms.katalon.core.keyword.builtin.VerifyEqualKeyword.execute(VerifyEqualKeyword.groovy:44)
	at com.kms.katalon.core.keyword.internal.KeywordExecutor.executeKeywordForPlatform(KeywordExecutor.groovy:74)
	at com.kms.katalon.core.keyword.BuiltinKeywords.verifyEqual(BuiltinKeywords.groovy:146)
	at java.base/jdk.internal.reflect.NativeMethodAccessorImpl.invoke0(Native Method)
	at java.base/jdk.internal.reflect.NativeMethodAccessorImpl.invoke(NativeMethodAccessorImpl.java:77)
	at java.base/jdk.internal.reflect.DelegatingMethodAccessorImpl.invoke(DelegatingMethodAccessorImpl.java:43)
	at Выполнение бизнес-плана Сверка ПАО Россети все филиалы.Numbers(Выполнение бизнес-плана Сверка ПАО Россети все филиалы:740)
	at Выполнение бизнес-плана Сверка ПАО Россети все филиалы.run(Выполнение бизнес-плана Сверка ПАО Россети все филиалы:211)
	at com.kms.katalon.core.main.ScriptEngine.run(ScriptEngine.java:194)
	at com.kms.katalon.core.main.ScriptEngine.runScriptAsRawText(ScriptEngine.java:119)
	at com.kms.katalon.core.main.TestCaseExecutor.runScript(TestCaseExecutor.java:448)
	at com.kms.katalon.core.main.TestCaseExecutor.doExecute(TestCaseExecutor.java:439)
	at com.kms.katalon.core.main.TestCaseExecutor.processExecutionPhase(TestCaseExecutor.java:418)
	at com.kms.katalon.core.main.TestCaseExecutor.accessMainPhase(TestCaseExecutor.java:410)
	at com.kms.katalon.core.main.TestCaseExecutor.execute(TestCaseExecutor.java:285)
	at com.kms.katalon.core.common.CommonExecutor.accessTestCaseMainPhase(CommonExecutor.java:65)
	at com.kms.katalon.core.main.TestSuiteExecutor.accessTestSuiteMainPhase(TestSuiteExecutor.java:150)
	at com.kms.katalon.core.main.TestSuiteExecutor.execute(TestSuiteExecutor.java:106)
	at com.kms.katalon.core.main.TestCaseMain.startTestSuite(TestCaseMain.java:180)
	at TempTestSuite1731913737709.run(TempTestSuite1731913737709.groovy:35)
	at java.base/jdk.internal.reflect.NativeMethodAccessorImpl.invoke0(Native Method)
	at java.base/jdk.internal.reflect.NativeMethodAccessorImpl.invoke(NativeMethodAccessorImpl.java:77)
	at java.base/jdk.internal.reflect.DelegatingMethodAccessorImpl.invoke(DelegatingMethodAccessorImpl.java:43)
)

18-11-2024T10:17:41 - [TEST_STEP][PASSED] - println(numberOfErrors): null

18-11-2024T10:17:41 - [TEST_STEP][PASSED] - if (a == 28 || a == 77 || a == 74 || a == 65 || a == 36 || a == 44 || a == 54 || a == 1 || a == 18 || a == 59): null

18-11-2024T10:17:41 - [TEST_STEP][PASSED] - if (a == 82): null

18-11-2024T10:17:41 - [TEST_STEP][PASSED] - Script1718980020443.OpenFilter(): null

18-11-2024T10:17:41 - [TEST_STEP][PASSED] - click(findTestObject("Object Repository/Выполнение бизнес-плана/Фильтр ДЗО")): Object: 'Object Repository/Выполнение бизнес-плана/Фильтр ДЗО' is clicked on

18-11-2024T10:17:42 - [MESSAGE][PASSED] - Object: 'Object Repository/Выполнение бизнес-плана/Фильтр ДЗО' is clicked on

18-11-2024T10:17:42 - [TEST_STEP][PASSED] - click(findTestObject("Выполнение бизнес-плана/Снять выделение в фильтре ДЗО")): null

18-11-2024T10:17:42 - [MESSAGE][PASSED] - Object: 'Object Repository/Выполнение бизнес-плана/Снять выделение в фильтре ДЗО' is clicked on

18-11-2024T10:17:42 - [TEST_STEP][PASSED] - Script1718980020443.CloseFilter(): null

18-11-2024T10:17:42 - [TEST_STEP][PASSED] - scrollToElement(findTestObject("Выполнение бизнес-плана/Заголовок дашборда"), 30): Scroll to object 'Object Repository/Выполнение бизнес-плана/Заголовок дашборда' successfully

18-11-2024T10:17:43 - [MESSAGE][PASSED] - Scroll to object 'Object Repository/Выполнение бизнес-плана/Заголовок дашборда' successfully

18-11-2024T10:17:43 - [TEST_STEP][PASSED] - click(findTestObject("Object Repository/Выполнение бизнес-плана/Применить в фильтре ДЗО")): null

18-11-2024T10:17:43 - [MESSAGE][PASSED] - Object: 'Object Repository/Выполнение бизнес-плана/Применить в фильтре ДЗО' is clicked on

18-11-2024T10:17:44 - [TEST_STEP][PASSED] - delay(20): Delayed 20 second(s)

18-11-2024T10:18:04 - [MESSAGE][PASSED] - Delayed 20 second(s)

18-11-2024T10:18:04 - [TEST_STEP][PASSED] - dZO = "АО «Тываэнерго»": null

18-11-2024T10:18:04 - [TEST_STEP][PASSED] - a = 52: null

18-11-2024T10:18:04 - [TEST_STEP][PASSED] - if (x1.contains(dZO)): null

18-11-2024T10:18:04 - [TEST_STEP][PASSED] - dzoNum = dzoNum + 1: null

18-11-2024T10:18:04 - [TEST_STEP][PASSED] - Script1718980020443.Numbers(a, typeOfData, todaysDate, pageInt, fileInt, pageDouble, fileDouble, dZO, dzoNum, filialNum): null

18-11-2024T10:18:04 - [TEST_STEP][PASSED] - println(dzoNum): null

18-11-2024T10:18:04 - [TEST_STEP][PASSED] - planFact = <not implemented yet for class: org.codehaus.groovy.ast.expr.EmptyExpression>: null

18-11-2024T10:18:04 - [TEST_STEP][PASSED] - page = <not implemented yet for class: org.codehaus.groovy.ast.expr.EmptyExpression>: null

18-11-2024T10:18:04 - [TEST_STEP][PASSED] - page1 = <not implemented yet for class: org.codehaus.groovy.ast.expr.EmptyExpression>: null

18-11-2024T10:18:04 - [TEST_STEP][PASSED] - page2 = <not implemented yet for class: org.codehaus.groovy.ast.expr.EmptyExpression>: null

18-11-2024T10:18:04 - [TEST_STEP][PASSED] - filialNumberInRow = <not implemented yet for class: org.codehaus.groovy.ast.expr.EmptyExpression>: null

18-11-2024T10:18:04 - [TEST_STEP][PASSED] - filialsDzoNames = <not implemented yet for class: org.codehaus.groovy.ast.expr.EmptyExpression>: null

18-11-2024T10:18:04 - [TEST_STEP][PASSED] - numberOfFilials = <not implemented yet for class: org.codehaus.groovy.ast.expr.EmptyExpression>: null

18-11-2024T10:18:04 - [TEST_STEP][PASSED] - numberOfSpaces = <not implemented yet for class: org.codehaus.groovy.ast.expr.EmptyExpression>: null

18-11-2024T10:18:04 - [TEST_STEP][PASSED] - file = <not implemented yet for class: org.codehaus.groovy.ast.expr.EmptyExpression>: null

18-11-2024T10:18:04 - [TEST_STEP][PASSED] - otpusk = <not implemented yet for class: org.codehaus.groovy.ast.expr.EmptyExpression>: null

18-11-2024T10:18:04 - [TEST_STEP][PASSED] - poteri = <not implemented yet for class: org.codehaus.groovy.ast.expr.EmptyExpression>: null

18-11-2024T10:18:04 - [TEST_STEP][PASSED] - dataFolder = "Выполнение бизнес-плана/Значения со страницы Выполнение бизнес-плана/": null

18-11-2024T10:18:04 - [TEST_STEP][PASSED] - path = <not implemented yet for class: org.codehaus.groovy.ast.expr.EmptyExpression>: null

18-11-2024T10:18:04 - [TEST_STEP][PASSED] - typeOfDataMain = <not implemented yet for class: org.codehaus.groovy.ast.expr.EmptyExpression>: null

18-11-2024T10:18:04 - [TEST_STEP][PASSED] - fileOtpuskVSet = <not implemented yet for class: org.codehaus.groovy.ast.expr.EmptyExpression>: null

18-11-2024T10:18:04 - [TEST_STEP][PASSED] - pageOtpuskVSet = <not implemented yet for class: org.codehaus.groovy.ast.expr.EmptyExpression>: null

18-11-2024T10:18:04 - [TEST_STEP][PASSED] - filePoteri = <not implemented yet for class: org.codehaus.groovy.ast.expr.EmptyExpression>: null

18-11-2024T10:18:04 - [TEST_STEP][PASSED] - pagePoteri = <not implemented yet for class: org.codehaus.groovy.ast.expr.EmptyExpression>: null

18-11-2024T10:18:04 - [TEST_STEP][PASSED] - compare = <not implemented yet for class: org.codehaus.groovy.ast.expr.EmptyExpression>: null

18-11-2024T10:18:04 - [TEST_STEP][PASSED] - b = <not implemented yet for class: org.codehaus.groovy.ast.expr.EmptyExpression>: null

18-11-2024T10:18:04 - [TEST_STEP][PASSED] - i = <not implemented yet for class: org.codehaus.groovy.ast.expr.EmptyExpression>: null

18-11-2024T10:18:04 - [TEST_STEP][PASSED] - ii = <not implemented yet for class: org.codehaus.groovy.ast.expr.EmptyExpression>: null

18-11-2024T10:18:04 - [TEST_STEP][PASSED] - c = <not implemented yet for class: org.codehaus.groovy.ast.expr.EmptyExpression>: null

18-11-2024T10:18:04 - [TEST_STEP][PASSED] - numberOfErrors = 0: null

18-11-2024T10:18:04 - [TEST_STEP][PASSED] - if (a == 82): null

18-11-2024T10:18:04 - [TEST_STEP][PASSED] - b = findTestData("PlanFact").getValue(1, a): null

18-11-2024T10:18:04 - [TEST_STEP][PASSED] - i = b.indexOf(" (ГК)"): null

18-11-2024T10:18:04 - [TEST_STEP][PASSED] - if (i > -1): null

18-11-2024T10:18:04 - [TEST_STEP][PASSED] - i = b.indexOf("О ""): null

18-11-2024T10:18:04 - [TEST_STEP][PASSED] - if (i > -1): null

18-11-2024T10:18:04 - [TEST_STEP][PASSED] - b = b.substring(i + 3, b.length()): null

18-11-2024T10:18:04 - [TEST_STEP][PASSED] - i = b.indexOf("""): null

18-11-2024T10:18:04 - [TEST_STEP][PASSED] - b = b.substring(0, i): null

18-11-2024T10:18:04 - [TEST_STEP][PASSED] - b = b.trim(): null

18-11-2024T10:18:04 - [TEST_STEP][PASSED] - i = b.indexOf("О «"): null

18-11-2024T10:18:04 - [TEST_STEP][PASSED] - if (i > -1): null

18-11-2024T10:18:04 - [TEST_STEP][PASSED] - i = b.indexOf("г. "): null

18-11-2024T10:18:04 - [TEST_STEP][PASSED] - if (i > -1): null

18-11-2024T10:18:04 - [TEST_STEP][PASSED] - println(b): null

18-11-2024T10:18:04 - [TEST_STEP][PASSED] - for ([planFact = 1, planFact < 3, (planFact++)]): Object: 'Object Repository/Выполнение бизнес-плана/Кнопка Факт' is clicked on

18-11-2024T10:18:04 - [TEST_STEP][PASSED] - if (planFact == 1): null

18-11-2024T10:18:04 - [TEST_STEP][PASSED] - typeOfDataMain = "Факт": null

18-11-2024T10:18:04 - [TEST_STEP][PASSED] - otpusk = findTestData("PlanFact").getValue(5, a): null

18-11-2024T10:18:04 - [TEST_STEP][PASSED] - poteri = findTestData("PlanFact").getValue(6, a): null

18-11-2024T10:18:04 - [TEST_STEP][PASSED] - otpusk = otpusk.replaceAll("\s+", ""): null

18-11-2024T10:18:04 - [TEST_STEP][PASSED] - poteri = poteri.replaceAll("\s+", ""): null

18-11-2024T10:18:04 - [TEST_STEP][PASSED] - typeOfData = typeOfDataMain + " Отпуск в сеть": null

18-11-2024T10:18:04 - [TEST_STEP][PASSED] - if (a == 82): null

18-11-2024T10:18:04 - [TEST_STEP][PASSED] - else if (a == 84): null

18-11-2024T10:18:04 - [TEST_STEP][PASSED] - else if (a == 52 || a == 72 || a == 28 || a == 73 || a == 77 || a == 74 || a == 65 || a == 36 || a == 44 || a == 53 || a == 80 || a == 54 || a == 1 || a == 18 || a == 59 || a == 81): null

18-11-2024T10:18:04 - [TEST_STEP][PASSED] - path = dataFolder + "Table Data/" + typeOfData + " за отчётный период " + dzoNum: null

18-11-2024T10:18:04 - [TEST_STEP][PASSED] - println(path): null

18-11-2024T10:18:04 - [TEST_STEP][PASSED] - page = getText(findTestObject(path)): Text of object 'Object Repository/Выполнение бизнес-плана/Значения со страницы Выполнение бизнес-плана/Table Data/Факт Отпуск в сеть за отчётный период 1' is: '572 217'

18-11-2024T10:18:23 - [MESSAGE][PASSED] - Text of object 'Object Repository/Выполнение бизнес-плана/Значения со страницы Выполнение бизнес-плана/Table Data/Факт Отпуск в сеть за отчётный период 1' is: '572 217'

18-11-2024T10:18:23 - [TEST_STEP][PASSED] - page = page.replaceAll("\s+", ""): null

18-11-2024T10:18:23 - [TEST_STEP][PASSED] - fileOtpuskVSet = otpusk.toInteger(): null

18-11-2024T10:18:23 - [TEST_STEP][PASSED] - pageOtpuskVSet = page.toInteger(): null

18-11-2024T10:18:23 - [TEST_STEP][PASSED] - typeOfData = typeOfDataMain + " Потери": null

18-11-2024T10:18:23 - [TEST_STEP][PASSED] - if (a == 82): null

18-11-2024T10:18:23 - [TEST_STEP][PASSED] - else if (a == 84): null

18-11-2024T10:18:23 - [TEST_STEP][PASSED] - else if (a == 52 || a == 72 || a == 28 || a == 73 || a == 77 || a == 74 || a == 65 || a == 36 || a == 44 || a == 53 || a == 80 || a == 54 || a == 1 || a == 18 || a == 59 || a == 81): null

18-11-2024T10:18:23 - [TEST_STEP][PASSED] - path = dataFolder + "Table Data/" + typeOfData + " за отчётный период " + dzoNum: null

18-11-2024T10:18:23 - [TEST_STEP][PASSED] - page = getText(findTestObject(path)): Text of object 'Object Repository/Выполнение бизнес-плана/Значения со страницы Выполнение бизнес-плана/Table Data/Факт Потери за отчётный период 1' is: '119 926'

18-11-2024T10:18:23 - [MESSAGE][PASSED] - Text of object 'Object Repository/Выполнение бизнес-плана/Значения со страницы Выполнение бизнес-плана/Table Data/Факт Потери за отчётный период 1' is: '119 926'

18-11-2024T10:18:23 - [TEST_STEP][PASSED] - page = page.replaceAll("\s+", ""): null

18-11-2024T10:18:23 - [TEST_STEP][PASSED] - filePoteri = poteri.toInteger(): null

18-11-2024T10:18:23 - [TEST_STEP][PASSED] - pagePoteri = page.toInteger(): null

18-11-2024T10:18:23 - [TEST_STEP][PASSED] - compare = pageOtpuskVSet: null

18-11-2024T10:18:23 - [TEST_STEP][PASSED] - if (compare == fileOtpuskVSet): null

18-11-2024T10:18:23 - [TEST_STEP][PASSED] - if (compare == fileOtpuskVSet): null

18-11-2024T10:18:23 - [TEST_STEP][PASSED] - compare = pagePoteri: null

18-11-2024T10:18:23 - [TEST_STEP][PASSED] - if (compare == filePoteri): null

18-11-2024T10:18:23 - [TEST_STEP][PASSED] - if (compare == filePoteri): null

18-11-2024T10:18:23 - [TEST_STEP][PASSED] - if (planFact == 2): null

18-11-2024T10:18:23 - [TEST_STEP][PASSED] - if (planFact == 1): null

18-11-2024T10:18:23 - [TEST_STEP][PASSED] - else if (planFact == 2): null

18-11-2024T10:18:23 - [TEST_STEP][PASSED] - click(findTestObject("Выполнение бизнес-плана/Кнопка План")): Object: 'Object Repository/Выполнение бизнес-плана/Кнопка План' is clicked on

18-11-2024T10:18:24 - [MESSAGE][PASSED] - Object: 'Object Repository/Выполнение бизнес-плана/Кнопка План' is clicked on

18-11-2024T10:18:24 - [TEST_STEP][PASSED] - typeOfDataMain = "План": null

18-11-2024T10:18:24 - [TEST_STEP][PASSED] - otpusk = findTestData("PlanFact").getValue(2, a): null

18-11-2024T10:18:24 - [TEST_STEP][PASSED] - poteri = findTestData("PlanFact").getValue(3, a): null

18-11-2024T10:18:24 - [TEST_STEP][PASSED] - otpusk = otpusk.replaceAll("\s+", ""): null

18-11-2024T10:18:24 - [TEST_STEP][PASSED] - poteri = poteri.replaceAll("\s+", ""): null

18-11-2024T10:18:24 - [TEST_STEP][PASSED] - typeOfData = typeOfDataMain + " Отпуск в сеть": null

18-11-2024T10:18:24 - [TEST_STEP][PASSED] - if (a == 82): null

18-11-2024T10:18:24 - [TEST_STEP][PASSED] - else if (a == 84): null

18-11-2024T10:18:24 - [TEST_STEP][PASSED] - else if (a == 52 || a == 72 || a == 28 || a == 73 || a == 77 || a == 74 || a == 65 || a == 36 || a == 44 || a == 53 || a == 80 || a == 54 || a == 1 || a == 18 || a == 59 || a == 81): null

18-11-2024T10:18:24 - [TEST_STEP][PASSED] - path = dataFolder + "Table Data/" + typeOfData + " за отчётный период " + dzoNum: null

18-11-2024T10:18:24 - [TEST_STEP][PASSED] - println(path): null

18-11-2024T10:18:24 - [TEST_STEP][PASSED] - page = getText(findTestObject(path)): Text of object 'Object Repository/Выполнение бизнес-плана/Значения со страницы Выполнение бизнес-плана/Table Data/План Отпуск в сеть за отчётный период 1' is: '544 127'

18-11-2024T10:18:24 - [MESSAGE][PASSED] - Text of object 'Object Repository/Выполнение бизнес-плана/Значения со страницы Выполнение бизнес-плана/Table Data/План Отпуск в сеть за отчётный период 1' is: '544 127'

18-11-2024T10:18:24 - [TEST_STEP][PASSED] - page = page.replaceAll("\s+", ""): null

18-11-2024T10:18:24 - [TEST_STEP][PASSED] - fileOtpuskVSet = otpusk.toInteger(): null

18-11-2024T10:18:24 - [TEST_STEP][PASSED] - pageOtpuskVSet = page.toInteger(): null

18-11-2024T10:18:24 - [TEST_STEP][PASSED] - typeOfData = typeOfDataMain + " Потери": null

18-11-2024T10:18:24 - [TEST_STEP][PASSED] - if (a == 82): null

18-11-2024T10:18:24 - [TEST_STEP][PASSED] - else if (a == 84): null

18-11-2024T10:18:24 - [TEST_STEP][PASSED] - else if (a == 52 || a == 72 || a == 28 || a == 73 || a == 77 || a == 74 || a == 65 || a == 36 || a == 44 || a == 53 || a == 80 || a == 54 || a == 1 || a == 18 || a == 59 || a == 81): null

18-11-2024T10:18:24 - [TEST_STEP][PASSED] - path = dataFolder + "Table Data/" + typeOfData + " за отчётный период " + dzoNum: null

18-11-2024T10:18:24 - [TEST_STEP][PASSED] - page = getText(findTestObject(path)): Text of object 'Object Repository/Выполнение бизнес-плана/Значения со страницы Выполнение бизнес-плана/Table Data/План Потери за отчётный период 1' is: '114 446'

18-11-2024T10:18:25 - [MESSAGE][PASSED] - Text of object 'Object Repository/Выполнение бизнес-плана/Значения со страницы Выполнение бизнес-плана/Table Data/План Потери за отчётный период 1' is: '114 446'

18-11-2024T10:18:25 - [TEST_STEP][PASSED] - page = page.replaceAll("\s+", ""): null

18-11-2024T10:18:25 - [TEST_STEP][PASSED] - filePoteri = poteri.toInteger(): null

18-11-2024T10:18:25 - [TEST_STEP][PASSED] - pagePoteri = page.toInteger(): null

18-11-2024T10:18:25 - [TEST_STEP][PASSED] - compare = pageOtpuskVSet: null

18-11-2024T10:18:25 - [TEST_STEP][PASSED] - if (compare == fileOtpuskVSet): null

18-11-2024T10:18:25 - [TEST_STEP][PASSED] - if (compare == fileOtpuskVSet): null

18-11-2024T10:18:25 - [TEST_STEP][PASSED] - compare = pagePoteri: null

18-11-2024T10:18:25 - [TEST_STEP][PASSED] - if (compare == filePoteri): null

18-11-2024T10:18:25 - [TEST_STEP][PASSED] - if (compare == filePoteri): null

18-11-2024T10:18:25 - [TEST_STEP][PASSED] - if (planFact == 2): Object: 'Object Repository/Выполнение бизнес-плана/Кнопка Факт' is clicked on

18-11-2024T10:18:25 - [TEST_STEP][PASSED] - click(findTestObject("Выполнение бизнес-плана/Кнопка Факт")): Object: 'Object Repository/Выполнение бизнес-плана/Кнопка Факт' is clicked on

18-11-2024T10:18:25 - [MESSAGE][PASSED] - Object: 'Object Repository/Выполнение бизнес-плана/Кнопка Факт' is clicked on

18-11-2024T10:18:25 - [TEST_STEP][PASSED] - if (a == 84 || a == 82): null

18-11-2024T10:18:25 - [TEST_STEP][PASSED] - else if (a == 52 || a == 72 || a == 28 || a == 73 || a == 77 || a == 74 || a == 65 || a == 36 || a == 44 || a == 53 || a == 80 || a == 54 || a == 1 || a == 18 || a == 59 || a == 81): null

18-11-2024T10:18:25 - [TEST_STEP][PASSED] - page1 = getText(findTestObject("Object Repository/Выполнение бизнес-плана/spanPlan" + dzoNum)): Text of object 'Object Repository/Выполнение бизнес-плана/spanPlan1' is: '21.03
|'

18-11-2024T10:18:25 - [MESSAGE][PASSED] - Text of object 'Object Repository/Выполнение бизнес-плана/spanPlan1' is: '21.03
|'

18-11-2024T10:18:25 - [TEST_STEP][PASSED] - page1 = page1.replace("|", ""): null

18-11-2024T10:18:25 - [TEST_STEP][PASSED] - page2 = getText(findTestObject("Object Repository/Выполнение бизнес-плана/spanFact" + dzoNum)): Text of object 'Object Repository/Выполнение бизнес-плана/spanFact1' is: '20.96'

18-11-2024T10:18:25 - [MESSAGE][PASSED] - Text of object 'Object Repository/Выполнение бизнес-плана/spanFact1' is: '20.96'

18-11-2024T10:18:25 - [TEST_STEP][PASSED] - page2 = page2.replace("|", ""): null

18-11-2024T10:18:25 - [TEST_STEP][PASSED] - println("page1: " + page1): null

18-11-2024T10:18:25 - [TEST_STEP][PASSED] - println("page2: " + page2): null

18-11-2024T10:18:25 - [TEST_STEP][PASSED] - file = findTestData("PlanFact").getValue(4, a): null

18-11-2024T10:18:25 - [TEST_STEP][PASSED] - file = file.replace(",", "."): null

18-11-2024T10:18:25 - [TEST_STEP][PASSED] - println("file Plan: " + file): null

18-11-2024T10:18:25 - [TEST_STEP][PASSED] - typeOfData = "План в процентах": null

18-11-2024T10:18:25 - [TEST_STEP][PASSED] - fileDouble = file.toDouble(): null

18-11-2024T10:18:25 - [TEST_STEP][PASSED] - pageDouble = page1.toDouble(): null

18-11-2024T10:18:25 - [TEST_STEP][PASSED] - if (fileDouble != pageDouble): null

18-11-2024T10:18:25 - [TEST_STEP][PASSED] - file = findTestData("PlanFact").getValue(7, a): null

18-11-2024T10:18:26 - [TEST_STEP][PASSED] - file = file.replace(",", "."): null

18-11-2024T10:18:26 - [TEST_STEP][PASSED] - println("file Fact: " + file): null

18-11-2024T10:18:26 - [TEST_STEP][PASSED] - fileDouble = file.toDouble(): null

18-11-2024T10:18:26 - [TEST_STEP][PASSED] - typeOfData = "Факт в процентах": null

18-11-2024T10:18:26 - [TEST_STEP][PASSED] - fileDouble = file.toDouble(): null

18-11-2024T10:18:26 - [TEST_STEP][PASSED] - pageDouble = page2.toDouble(): null

18-11-2024T10:18:26 - [TEST_STEP][PASSED] - if (fileDouble != pageDouble): null

18-11-2024T10:18:26 - [TEST_STEP][PASSED] - if (verifyEqual(numberOfErrors, 0) == false): Actual object '0' and expected object '0' are equal

18-11-2024T10:18:26 - [MESSAGE][PASSED] - Actual object '0' and expected object '0' are equal

18-11-2024T10:18:26 - [TEST_STEP][PASSED] - if (a == 82): null

18-11-2024T10:18:26 - [TEST_STEP][PASSED] - println(dzoNum): null

18-11-2024T10:18:26 - [TEST_STEP][PASSED] - dZO = "АО «Чеченэнерго»": null

18-11-2024T10:18:26 - [TEST_STEP][PASSED] - a = 72: null

18-11-2024T10:18:26 - [TEST_STEP][PASSED] - if (x1.contains(dZO)): null

18-11-2024T10:18:26 - [TEST_STEP][PASSED] - dzoNum = dzoNum + 1: null

18-11-2024T10:18:26 - [TEST_STEP][PASSED] - Script1718980020443.Numbers(a, typeOfData, todaysDate, pageInt, fileInt, pageDouble, fileDouble, dZO, dzoNum, filialNum): null

18-11-2024T10:18:26 - [TEST_STEP][PASSED] - println(dzoNum): null

18-11-2024T10:18:26 - [TEST_STEP][PASSED] - planFact = <not implemented yet for class: org.codehaus.groovy.ast.expr.EmptyExpression>: null

18-11-2024T10:18:26 - [TEST_STEP][PASSED] - page = <not implemented yet for class: org.codehaus.groovy.ast.expr.EmptyExpression>: null

18-11-2024T10:18:26 - [TEST_STEP][PASSED] - page1 = <not implemented yet for class: org.codehaus.groovy.ast.expr.EmptyExpression>: null

18-11-2024T10:18:26 - [TEST_STEP][PASSED] - page2 = <not implemented yet for class: org.codehaus.groovy.ast.expr.EmptyExpression>: null

18-11-2024T10:18:26 - [TEST_STEP][PASSED] - filialNumberInRow = <not implemented yet for class: org.codehaus.groovy.ast.expr.EmptyExpression>: null

18-11-2024T10:18:26 - [TEST_STEP][PASSED] - filialsDzoNames = <not implemented yet for class: org.codehaus.groovy.ast.expr.EmptyExpression>: null

18-11-2024T10:18:26 - [TEST_STEP][PASSED] - numberOfFilials = <not implemented yet for class: org.codehaus.groovy.ast.expr.EmptyExpression>: null

18-11-2024T10:18:26 - [TEST_STEP][PASSED] - numberOfSpaces = <not implemented yet for class: org.codehaus.groovy.ast.expr.EmptyExpression>: null

18-11-2024T10:18:26 - [TEST_STEP][PASSED] - file = <not implemented yet for class: org.codehaus.groovy.ast.expr.EmptyExpression>: null

18-11-2024T10:18:26 - [TEST_STEP][PASSED] - otpusk = <not implemented yet for class: org.codehaus.groovy.ast.expr.EmptyExpression>: null

18-11-2024T10:18:26 - [TEST_STEP][PASSED] - poteri = <not implemented yet for class: org.codehaus.groovy.ast.expr.EmptyExpression>: null

18-11-2024T10:18:26 - [TEST_STEP][PASSED] - dataFolder = "Выполнение бизнес-плана/Значения со страницы Выполнение бизнес-плана/": null

18-11-2024T10:18:26 - [TEST_STEP][PASSED] - path = <not implemented yet for class: org.codehaus.groovy.ast.expr.EmptyExpression>: null

18-11-2024T10:18:26 - [TEST_STEP][PASSED] - typeOfDataMain = <not implemented yet for class: org.codehaus.groovy.ast.expr.EmptyExpression>: null

18-11-2024T10:18:26 - [TEST_STEP][PASSED] - fileOtpuskVSet = <not implemented yet for class: org.codehaus.groovy.ast.expr.EmptyExpression>: null

18-11-2024T10:18:26 - [TEST_STEP][PASSED] - pageOtpuskVSet = <not implemented yet for class: org.codehaus.groovy.ast.expr.EmptyExpression>: null

18-11-2024T10:18:26 - [TEST_STEP][PASSED] - filePoteri = <not implemented yet for class: org.codehaus.groovy.ast.expr.EmptyExpression>: null

18-11-2024T10:18:26 - [TEST_STEP][PASSED] - pagePoteri = <not implemented yet for class: org.codehaus.groovy.ast.expr.EmptyExpression>: null

18-11-2024T10:18:26 - [TEST_STEP][PASSED] - compare = <not implemented yet for class: org.codehaus.groovy.ast.expr.EmptyExpression>: null

18-11-2024T10:18:26 - [TEST_STEP][PASSED] - b = <not implemented yet for class: org.codehaus.groovy.ast.expr.EmptyExpression>: null

18-11-2024T10:18:26 - [TEST_STEP][PASSED] - i = <not implemented yet for class: org.codehaus.groovy.ast.expr.EmptyExpression>: null

18-11-2024T10:18:26 - [TEST_STEP][PASSED] - ii = <not implemented yet for class: org.codehaus.groovy.ast.expr.EmptyExpression>: null

18-11-2024T10:18:26 - [TEST_STEP][PASSED] - c = <not implemented yet for class: org.codehaus.groovy.ast.expr.EmptyExpression>: null

18-11-2024T10:18:26 - [TEST_STEP][PASSED] - numberOfErrors = 0: null

18-11-2024T10:18:26 - [TEST_STEP][PASSED] - if (a == 82): null

18-11-2024T10:18:26 - [TEST_STEP][PASSED] - b = findTestData("PlanFact").getValue(1, a): null

18-11-2024T10:18:26 - [TEST_STEP][PASSED] - i = b.indexOf(" (ГК)"): null

18-11-2024T10:18:26 - [TEST_STEP][PASSED] - if (i > -1): null

18-11-2024T10:18:26 - [TEST_STEP][PASSED] - i = b.indexOf("О ""): null

18-11-2024T10:18:26 - [TEST_STEP][PASSED] - if (i > -1): null

18-11-2024T10:18:26 - [TEST_STEP][PASSED] - b = b.substring(i + 3, b.length()): null

18-11-2024T10:18:26 - [TEST_STEP][PASSED] - i = b.indexOf("""): null

18-11-2024T10:18:26 - [TEST_STEP][PASSED] - b = b.substring(0, i): null

18-11-2024T10:18:26 - [TEST_STEP][PASSED] - b = b.trim(): null

18-11-2024T10:18:26 - [TEST_STEP][PASSED] - i = b.indexOf("О «"): null

18-11-2024T10:18:26 - [TEST_STEP][PASSED] - if (i > -1): null

18-11-2024T10:18:26 - [TEST_STEP][PASSED] - i = b.indexOf("г. "): null

18-11-2024T10:18:26 - [TEST_STEP][PASSED] - if (i > -1): null

18-11-2024T10:18:26 - [TEST_STEP][PASSED] - println(b): null

18-11-2024T10:18:26 - [TEST_STEP][PASSED] - for ([planFact = 1, planFact < 3, (planFact++)]): null

18-11-2024T10:18:26 - [TEST_STEP][PASSED] - if (planFact == 1): null

18-11-2024T10:18:26 - [TEST_STEP][PASSED] - typeOfDataMain = "Факт": null

18-11-2024T10:18:26 - [TEST_STEP][PASSED] - otpusk = findTestData("PlanFact").getValue(5, a): null

18-11-2024T10:18:26 - [TEST_STEP][PASSED] - poteri = findTestData("PlanFact").getValue(6, a): null

18-11-2024T10:18:26 - [TEST_STEP][PASSED] - otpusk = otpusk.replaceAll("\s+", ""): null

18-11-2024T10:18:26 - [TEST_STEP][PASSED] - poteri = poteri.replaceAll("\s+", ""): null

18-11-2024T10:18:26 - [TEST_STEP][PASSED] - typeOfData = typeOfDataMain + " Отпуск в сеть": null

18-11-2024T10:18:26 - [TEST_STEP][PASSED] - if (a == 82): null

18-11-2024T10:18:26 - [TEST_STEP][PASSED] - else if (a == 84): null

18-11-2024T10:18:26 - [TEST_STEP][PASSED] - else if (a == 52 || a == 72 || a == 28 || a == 73 || a == 77 || a == 74 || a == 65 || a == 36 || a == 44 || a == 53 || a == 80 || a == 54 || a == 1 || a == 18 || a == 59 || a == 81): null

18-11-2024T10:18:26 - [TEST_STEP][PASSED] - path = dataFolder + "Table Data/" + typeOfData + " за отчётный период " + dzoNum: null

18-11-2024T10:18:26 - [TEST_STEP][PASSED] - println(path): null

18-11-2024T10:18:26 - [TEST_STEP][PASSED] - page = getText(findTestObject(path)): Text of object 'Object Repository/Выполнение бизнес-плана/Значения со страницы Выполнение бизнес-плана/Table Data/Факт Отпуск в сеть за отчётный период 2' is: '3 034 612'

18-11-2024T10:18:26 - [MESSAGE][PASSED] - Text of object 'Object Repository/Выполнение бизнес-плана/Значения со страницы Выполнение бизнес-плана/Table Data/Факт Отпуск в сеть за отчётный период 2' is: '3 034 612'

18-11-2024T10:18:26 - [TEST_STEP][PASSED] - page = page.replaceAll("\s+", ""): null

18-11-2024T10:18:26 - [TEST_STEP][PASSED] - fileOtpuskVSet = otpusk.toInteger(): null

18-11-2024T10:18:26 - [TEST_STEP][PASSED] - pageOtpuskVSet = page.toInteger(): null

18-11-2024T10:18:26 - [TEST_STEP][PASSED] - typeOfData = typeOfDataMain + " Потери": null

18-11-2024T10:18:26 - [TEST_STEP][PASSED] - if (a == 82): null

18-11-2024T10:18:26 - [TEST_STEP][PASSED] - else if (a == 84): null

18-11-2024T10:18:26 - [TEST_STEP][PASSED] - else if (a == 52 || a == 72 || a == 28 || a == 73 || a == 77 || a == 74 || a == 65 || a == 36 || a == 44 || a == 53 || a == 80 || a == 54 || a == 1 || a == 18 || a == 59 || a == 81): null

18-11-2024T10:18:26 - [TEST_STEP][PASSED] - path = dataFolder + "Table Data/" + typeOfData + " за отчётный период " + dzoNum: null

18-11-2024T10:18:26 - [TEST_STEP][PASSED] - page = getText(findTestObject(path)): Text of object 'Object Repository/Выполнение бизнес-плана/Значения со страницы Выполнение бизнес-плана/Table Data/Факт Потери за отчётный период 2' is: '1 110 325'

18-11-2024T10:18:26 - [MESSAGE][PASSED] - Text of object 'Object Repository/Выполнение бизнес-плана/Значения со страницы Выполнение бизнес-плана/Table Data/Факт Потери за отчётный период 2' is: '1 110 325'

18-11-2024T10:18:26 - [TEST_STEP][PASSED] - page = page.replaceAll("\s+", ""): null

18-11-2024T10:18:26 - [TEST_STEP][PASSED] - filePoteri = poteri.toInteger(): null

18-11-2024T10:18:26 - [TEST_STEP][PASSED] - pagePoteri = page.toInteger(): null

18-11-2024T10:18:26 - [TEST_STEP][PASSED] - compare = pageOtpuskVSet: null

18-11-2024T10:18:26 - [TEST_STEP][PASSED] - if (compare == fileOtpuskVSet): null

18-11-2024T10:18:26 - [TEST_STEP][PASSED] - else if (compare > fileOtpuskVSet): null

18-11-2024T10:18:26 - [TEST_STEP][PASSED] - compare = compare - 1: null

18-11-2024T10:18:26 - [TEST_STEP][PASSED] - if (compare == fileOtpuskVSet): null

18-11-2024T10:18:26 - [TEST_STEP][PASSED] - else: null

18-11-2024T10:18:26 - [TEST_STEP][PASSED] - numberOfErrors = numberOfErrors + 1: null

18-11-2024T10:18:26 - [TEST_STEP][PASSED] - pageInt = pageOtpuskVSet: null

18-11-2024T10:18:26 - [TEST_STEP][PASSED] - fileInt = fileOtpuskVSet: null

18-11-2024T10:18:26 - [TEST_STEP][PASSED] - typeOfData = typeOfDataMain + " Отпуск в сеть": null

18-11-2024T10:18:26 - [TEST_STEP][PASSED] - Script1718980020443.WriteToExcel(a, typeOfData, todaysDate, pageInt, fileInt, pageDouble, fileDouble, dZO): null

18-11-2024T10:18:26 - [TEST_STEP][PASSED] - sheetName = "Sheet1": null

18-11-2024T10:18:26 - [TEST_STEP][PASSED] - data = findTestData("PlanFact"): null

18-11-2024T10:18:26 - [TEST_STEP][PASSED] - n = data.getRowNumbers() + 1: null

18-11-2024T10:18:26 - [TEST_STEP][PASSED] - year = todaysDate.substring(todaysDate.length() - 4, todaysDate.length()): null

18-11-2024T10:18:26 - [TEST_STEP][PASSED] - y = year.toInteger(): null

18-11-2024T10:18:26 - [TEST_STEP][PASSED] - m = getText(findTestObject("Выполнение бизнес-плана/Период")): Text of object 'Object Repository/Выполнение бизнес-плана/Период' is: '1, 2, 3 кв. 2024 года'

18-11-2024T10:18:27 - [MESSAGE][PASSED] - Text of object 'Object Repository/Выполнение бизнес-плана/Период' is: '1, 2, 3 кв. 2024 года'

18-11-2024T10:18:27 - [TEST_STEP][PASSED] - m = m.substring(0, m.indexOf("2024")): null

18-11-2024T10:18:27 - [TEST_STEP][PASSED] - m = m.trim(): null

18-11-2024T10:18:27 - [TEST_STEP][PASSED] - dashboardName = "Выполнение бизнес-плана": null

18-11-2024T10:18:27 - [TEST_STEP][PASSED] - workbook01 = getWorkbook(excelFilePath): null

18-11-2024T10:18:27 - [TEST_STEP][PASSED] - sheet01 = getExcelSheet(workbook01, sheetName): null

18-11-2024T10:18:27 - [TEST_STEP][PASSED] - setValueToCellByIndex(sheet01, n, 0, dashboardName): null

18-11-2024T10:18:27 - [TEST_STEP][PASSED] - setValueToCellByIndex(sheet01, n, 1, dZO): null

18-11-2024T10:18:27 - [TEST_STEP][PASSED] - setValueToCellByIndex(sheet01, n, 2, typeOfData): null

18-11-2024T10:18:27 - [TEST_STEP][PASSED] - if (typeOfData == "Факт в процентах" || typeOfData == "План в процентах"): null

18-11-2024T10:18:27 - [TEST_STEP][PASSED] - else: null

18-11-2024T10:18:27 - [TEST_STEP][PASSED] - setValueToCellByIndex(sheet01, n, 3, fileInt): null

18-11-2024T10:18:27 - [TEST_STEP][PASSED] - setValueToCellByIndex(sheet01, n, 4, pageInt): null

18-11-2024T10:18:27 - [TEST_STEP][PASSED] - setValueToCellByIndex(sheet01, n, 5, m): null

18-11-2024T10:18:27 - [TEST_STEP][PASSED] - setValueToCellByIndex(sheet01, n, 6, y): null

18-11-2024T10:18:27 - [TEST_STEP][PASSED] - setValueToCellByIndex(sheet01, n, 7, todaysDate): null

18-11-2024T10:18:27 - [TEST_STEP][PASSED] - n = n + 1: null

18-11-2024T10:18:27 - [TEST_STEP][PASSED] - saveWorkbook(excelFilePath, workbook01): null

18-11-2024T10:18:27 - [TEST_STEP][PASSED] - compare = pagePoteri: null

18-11-2024T10:18:27 - [TEST_STEP][PASSED] - if (compare == filePoteri): null

18-11-2024T10:18:27 - [TEST_STEP][PASSED] - else if (compare > filePoteri): null

18-11-2024T10:18:27 - [TEST_STEP][PASSED] - compare = compare - 1: null

18-11-2024T10:18:27 - [TEST_STEP][PASSED] - if (compare == filePoteri): null

18-11-2024T10:18:27 - [TEST_STEP][PASSED] - else: null

18-11-2024T10:18:27 - [TEST_STEP][PASSED] - numberOfErrors = numberOfErrors + 1: null

18-11-2024T10:18:27 - [TEST_STEP][PASSED] - pageInt = pagePoteri: null

18-11-2024T10:18:27 - [TEST_STEP][PASSED] - fileInt = filePoteri: null

18-11-2024T10:18:27 - [TEST_STEP][PASSED] - typeOfData = typeOfDataMain + " Потери": null

18-11-2024T10:18:27 - [TEST_STEP][PASSED] - Script1718980020443.WriteToExcel(a, typeOfData, todaysDate, pageInt, fileInt, pageDouble, fileDouble, dZO): null

18-11-2024T10:18:27 - [TEST_STEP][PASSED] - sheetName = "Sheet1": null

18-11-2024T10:18:27 - [TEST_STEP][PASSED] - data = findTestData("PlanFact"): null

18-11-2024T10:18:27 - [TEST_STEP][PASSED] - n = data.getRowNumbers() + 1: null

18-11-2024T10:18:27 - [TEST_STEP][PASSED] - year = todaysDate.substring(todaysDate.length() - 4, todaysDate.length()): null

18-11-2024T10:18:27 - [TEST_STEP][PASSED] - y = year.toInteger(): null

18-11-2024T10:18:27 - [TEST_STEP][PASSED] - m = getText(findTestObject("Выполнение бизнес-плана/Период")): Text of object 'Object Repository/Выполнение бизнес-плана/Период' is: '1, 2, 3 кв. 2024 года'

18-11-2024T10:18:27 - [MESSAGE][PASSED] - Text of object 'Object Repository/Выполнение бизнес-плана/Период' is: '1, 2, 3 кв. 2024 года'

18-11-2024T10:18:27 - [TEST_STEP][PASSED] - m = m.substring(0, m.indexOf("2024")): null

18-11-2024T10:18:27 - [TEST_STEP][PASSED] - m = m.trim(): null

18-11-2024T10:18:27 - [TEST_STEP][PASSED] - dashboardName = "Выполнение бизнес-плана": null

18-11-2024T10:18:27 - [TEST_STEP][PASSED] - workbook01 = getWorkbook(excelFilePath): null

18-11-2024T10:18:27 - [TEST_STEP][PASSED] - sheet01 = getExcelSheet(workbook01, sheetName): null

18-11-2024T10:18:27 - [TEST_STEP][PASSED] - setValueToCellByIndex(sheet01, n, 0, dashboardName): null

18-11-2024T10:18:27 - [TEST_STEP][PASSED] - setValueToCellByIndex(sheet01, n, 1, dZO): null

18-11-2024T10:18:27 - [TEST_STEP][PASSED] - setValueToCellByIndex(sheet01, n, 2, typeOfData): null

18-11-2024T10:18:27 - [TEST_STEP][PASSED] - if (typeOfData == "Факт в процентах" || typeOfData == "План в процентах"): null

18-11-2024T10:18:27 - [TEST_STEP][PASSED] - else: null

18-11-2024T10:18:27 - [TEST_STEP][PASSED] - setValueToCellByIndex(sheet01, n, 3, fileInt): null

18-11-2024T10:18:27 - [TEST_STEP][PASSED] - setValueToCellByIndex(sheet01, n, 4, pageInt): null

18-11-2024T10:18:27 - [TEST_STEP][PASSED] - setValueToCellByIndex(sheet01, n, 5, m): null

18-11-2024T10:18:27 - [TEST_STEP][PASSED] - setValueToCellByIndex(sheet01, n, 6, y): null

18-11-2024T10:18:27 - [TEST_STEP][PASSED] - setValueToCellByIndex(sheet01, n, 7, todaysDate): null

18-11-2024T10:18:27 - [TEST_STEP][PASSED] - n = n + 1: null

18-11-2024T10:18:27 - [TEST_STEP][PASSED] - saveWorkbook(excelFilePath, workbook01): null

18-11-2024T10:18:28 - [TEST_STEP][PASSED] - if (planFact == 2): null

18-11-2024T10:18:28 - [TEST_STEP][PASSED] - if (planFact == 1): null

18-11-2024T10:18:28 - [TEST_STEP][PASSED] - else if (planFact == 2): null

18-11-2024T10:18:28 - [TEST_STEP][PASSED] - click(findTestObject("Выполнение бизнес-плана/Кнопка План")): Object: 'Object Repository/Выполнение бизнес-плана/Кнопка План' is clicked on

18-11-2024T10:18:28 - [MESSAGE][PASSED] - Object: 'Object Repository/Выполнение бизнес-плана/Кнопка План' is clicked on

18-11-2024T10:18:28 - [TEST_STEP][PASSED] - typeOfDataMain = "План": null

18-11-2024T10:18:28 - [TEST_STEP][PASSED] - otpusk = findTestData("PlanFact").getValue(2, a): null

18-11-2024T10:18:28 - [TEST_STEP][PASSED] - poteri = findTestData("PlanFact").getValue(3, a): null

18-11-2024T10:18:28 - [TEST_STEP][PASSED] - otpusk = otpusk.replaceAll("\s+", ""): null

18-11-2024T10:18:28 - [TEST_STEP][PASSED] - poteri = poteri.replaceAll("\s+", ""): null

18-11-2024T10:18:28 - [TEST_STEP][PASSED] - typeOfData = typeOfDataMain + " Отпуск в сеть": null

18-11-2024T10:18:28 - [TEST_STEP][PASSED] - if (a == 82): null

18-11-2024T10:18:28 - [TEST_STEP][PASSED] - else if (a == 84): null

18-11-2024T10:18:28 - [TEST_STEP][PASSED] - else if (a == 52 || a == 72 || a == 28 || a == 73 || a == 77 || a == 74 || a == 65 || a == 36 || a == 44 || a == 53 || a == 80 || a == 54 || a == 1 || a == 18 || a == 59 || a == 81): null

18-11-2024T10:18:28 - [TEST_STEP][PASSED] - path = dataFolder + "Table Data/" + typeOfData + " за отчётный период " + dzoNum: null

18-11-2024T10:18:28 - [TEST_STEP][PASSED] - println(path): null

18-11-2024T10:18:28 - [TEST_STEP][PASSED] - page = getText(findTestObject(path)): Text of object 'Object Repository/Выполнение бизнес-плана/Значения со страницы Выполнение бизнес-плана/Table Data/План Отпуск в сеть за отчётный период 2' is: '2 822 152'

18-11-2024T10:18:28 - [MESSAGE][PASSED] - Text of object 'Object Repository/Выполнение бизнес-плана/Значения со страницы Выполнение бизнес-плана/Table Data/План Отпуск в сеть за отчётный период 2' is: '2 822 152'

18-11-2024T10:18:28 - [TEST_STEP][PASSED] - page = page.replaceAll("\s+", ""): null

18-11-2024T10:18:28 - [TEST_STEP][PASSED] - fileOtpuskVSet = otpusk.toInteger(): null

18-11-2024T10:18:28 - [TEST_STEP][PASSED] - pageOtpuskVSet = page.toInteger(): null

18-11-2024T10:18:28 - [TEST_STEP][PASSED] - typeOfData = typeOfDataMain + " Потери": null

18-11-2024T10:18:28 - [TEST_STEP][PASSED] - if (a == 82): null

18-11-2024T10:18:28 - [TEST_STEP][PASSED] - else if (a == 84): null

18-11-2024T10:18:28 - [TEST_STEP][PASSED] - else if (a == 52 || a == 72 || a == 28 || a == 73 || a == 77 || a == 74 || a == 65 || a == 36 || a == 44 || a == 53 || a == 80 || a == 54 || a == 1 || a == 18 || a == 59 || a == 81): null

18-11-2024T10:18:28 - [TEST_STEP][PASSED] - path = dataFolder + "Table Data/" + typeOfData + " за отчётный период " + dzoNum: null

18-11-2024T10:18:28 - [TEST_STEP][PASSED] - page = getText(findTestObject(path)): Text of object 'Object Repository/Выполнение бизнес-плана/Значения со страницы Выполнение бизнес-плана/Table Data/План Потери за отчётный период 2' is: '927 705'

18-11-2024T10:18:29 - [MESSAGE][PASSED] - Text of object 'Object Repository/Выполнение бизнес-плана/Значения со страницы Выполнение бизнес-плана/Table Data/План Потери за отчётный период 2' is: '927 705'

18-11-2024T10:18:29 - [TEST_STEP][PASSED] - page = page.replaceAll("\s+", ""): null

18-11-2024T10:18:29 - [TEST_STEP][PASSED] - filePoteri = poteri.toInteger(): null

18-11-2024T10:18:29 - [TEST_STEP][PASSED] - pagePoteri = page.toInteger(): null

18-11-2024T10:18:29 - [TEST_STEP][PASSED] - compare = pageOtpuskVSet: null

18-11-2024T10:18:29 - [TEST_STEP][PASSED] - if (compare == fileOtpuskVSet): null

18-11-2024T10:18:29 - [TEST_STEP][PASSED] - else if (compare > fileOtpuskVSet): null

18-11-2024T10:18:29 - [TEST_STEP][PASSED] - compare = compare - 1: null

18-11-2024T10:18:29 - [TEST_STEP][PASSED] - if (compare == fileOtpuskVSet): null

18-11-2024T10:18:29 - [TEST_STEP][PASSED] - else: null

18-11-2024T10:18:29 - [TEST_STEP][PASSED] - numberOfErrors = numberOfErrors + 1: null

18-11-2024T10:18:29 - [TEST_STEP][PASSED] - pageInt = pageOtpuskVSet: null

18-11-2024T10:18:29 - [TEST_STEP][PASSED] - fileInt = fileOtpuskVSet: null

18-11-2024T10:18:29 - [TEST_STEP][PASSED] - typeOfData = typeOfDataMain + " Отпуск в сеть": null

18-11-2024T10:18:29 - [TEST_STEP][PASSED] - Script1718980020443.WriteToExcel(a, typeOfData, todaysDate, pageInt, fileInt, pageDouble, fileDouble, dZO): null

18-11-2024T10:18:29 - [TEST_STEP][PASSED] - sheetName = "Sheet1": null

18-11-2024T10:18:29 - [TEST_STEP][PASSED] - data = findTestData("PlanFact"): null

18-11-2024T10:18:29 - [TEST_STEP][PASSED] - n = data.getRowNumbers() + 1: null

18-11-2024T10:18:29 - [TEST_STEP][PASSED] - year = todaysDate.substring(todaysDate.length() - 4, todaysDate.length()): null

18-11-2024T10:18:29 - [TEST_STEP][PASSED] - y = year.toInteger(): null

18-11-2024T10:18:29 - [TEST_STEP][PASSED] - m = getText(findTestObject("Выполнение бизнес-плана/Период")): Text of object 'Object Repository/Выполнение бизнес-плана/Период' is: '1, 2, 3 кв. 2024 года'

18-11-2024T10:18:29 - [MESSAGE][PASSED] - Text of object 'Object Repository/Выполнение бизнес-плана/Период' is: '1, 2, 3 кв. 2024 года'

18-11-2024T10:18:29 - [TEST_STEP][PASSED] - m = m.substring(0, m.indexOf("2024")): null

18-11-2024T10:18:29 - [TEST_STEP][PASSED] - m = m.trim(): null

18-11-2024T10:18:29 - [TEST_STEP][PASSED] - dashboardName = "Выполнение бизнес-плана": null

18-11-2024T10:18:29 - [TEST_STEP][PASSED] - workbook01 = getWorkbook(excelFilePath): null

18-11-2024T10:18:29 - [TEST_STEP][PASSED] - sheet01 = getExcelSheet(workbook01, sheetName): null

18-11-2024T10:18:29 - [TEST_STEP][PASSED] - setValueToCellByIndex(sheet01, n, 0, dashboardName): null

18-11-2024T10:18:29 - [TEST_STEP][PASSED] - setValueToCellByIndex(sheet01, n, 1, dZO): null

18-11-2024T10:18:29 - [TEST_STEP][PASSED] - setValueToCellByIndex(sheet01, n, 2, typeOfData): null

18-11-2024T10:18:29 - [TEST_STEP][PASSED] - if (typeOfData == "Факт в процентах" || typeOfData == "План в процентах"): null

18-11-2024T10:18:29 - [TEST_STEP][PASSED] - else: null

18-11-2024T10:18:29 - [TEST_STEP][PASSED] - setValueToCellByIndex(sheet01, n, 3, fileInt): null

18-11-2024T10:18:29 - [TEST_STEP][PASSED] - setValueToCellByIndex(sheet01, n, 4, pageInt): null

18-11-2024T10:18:29 - [TEST_STEP][PASSED] - setValueToCellByIndex(sheet01, n, 5, m): null

18-11-2024T10:18:29 - [TEST_STEP][PASSED] - setValueToCellByIndex(sheet01, n, 6, y): null

18-11-2024T10:18:29 - [TEST_STEP][PASSED] - setValueToCellByIndex(sheet01, n, 7, todaysDate): null

18-11-2024T10:18:29 - [TEST_STEP][PASSED] - n = n + 1: null

18-11-2024T10:18:29 - [TEST_STEP][PASSED] - saveWorkbook(excelFilePath, workbook01): null

18-11-2024T10:18:29 - [TEST_STEP][PASSED] - compare = pagePoteri: null

18-11-2024T10:18:29 - [TEST_STEP][PASSED] - if (compare == filePoteri): null

18-11-2024T10:18:29 - [TEST_STEP][PASSED] - else if (compare > filePoteri): null

18-11-2024T10:18:29 - [TEST_STEP][PASSED] - compare = compare - 1: null

18-11-2024T10:18:29 - [TEST_STEP][PASSED] - if (compare == filePoteri): null

18-11-2024T10:18:29 - [TEST_STEP][PASSED] - else: null

18-11-2024T10:18:29 - [TEST_STEP][PASSED] - numberOfErrors = numberOfErrors + 1: null

18-11-2024T10:18:29 - [TEST_STEP][PASSED] - pageInt = pagePoteri: null

18-11-2024T10:18:29 - [TEST_STEP][PASSED] - fileInt = filePoteri: null

18-11-2024T10:18:29 - [TEST_STEP][PASSED] - typeOfData = typeOfDataMain + " Потери": null

18-11-2024T10:18:29 - [TEST_STEP][PASSED] - Script1718980020443.WriteToExcel(a, typeOfData, todaysDate, pageInt, fileInt, pageDouble, fileDouble, dZO): null

18-11-2024T10:18:29 - [TEST_STEP][PASSED] - sheetName = "Sheet1": null

18-11-2024T10:18:29 - [TEST_STEP][PASSED] - data = findTestData("PlanFact"): null

18-11-2024T10:18:29 - [TEST_STEP][PASSED] - n = data.getRowNumbers() + 1: null

18-11-2024T10:18:29 - [TEST_STEP][PASSED] - year = todaysDate.substring(todaysDate.length() - 4, todaysDate.length()): null

18-11-2024T10:18:29 - [TEST_STEP][PASSED] - y = year.toInteger(): null

18-11-2024T10:18:29 - [TEST_STEP][PASSED] - m = getText(findTestObject("Выполнение бизнес-плана/Период")): Text of object 'Object Repository/Выполнение бизнес-плана/Период' is: '1, 2, 3 кв. 2024 года'

18-11-2024T10:18:30 - [MESSAGE][PASSED] - Text of object 'Object Repository/Выполнение бизнес-плана/Период' is: '1, 2, 3 кв. 2024 года'

18-11-2024T10:18:30 - [TEST_STEP][PASSED] - m = m.substring(0, m.indexOf("2024")): null

18-11-2024T10:18:30 - [TEST_STEP][PASSED] - m = m.trim(): null

18-11-2024T10:18:30 - [TEST_STEP][PASSED] - dashboardName = "Выполнение бизнес-плана": null

18-11-2024T10:18:30 - [TEST_STEP][PASSED] - workbook01 = getWorkbook(excelFilePath): null

18-11-2024T10:18:30 - [TEST_STEP][PASSED] - sheet01 = getExcelSheet(workbook01, sheetName): null

18-11-2024T10:18:30 - [TEST_STEP][PASSED] - setValueToCellByIndex(sheet01, n, 0, dashboardName): null

18-11-2024T10:18:30 - [TEST_STEP][PASSED] - setValueToCellByIndex(sheet01, n, 1, dZO): null

18-11-2024T10:18:30 - [TEST_STEP][PASSED] - setValueToCellByIndex(sheet01, n, 2, typeOfData): null

18-11-2024T10:18:30 - [TEST_STEP][PASSED] - if (typeOfData == "Факт в процентах" || typeOfData == "План в процентах"): null

18-11-2024T10:18:30 - [TEST_STEP][PASSED] - else: null

18-11-2024T10:18:30 - [TEST_STEP][PASSED] - setValueToCellByIndex(sheet01, n, 3, fileInt): null

18-11-2024T10:18:30 - [TEST_STEP][PASSED] - setValueToCellByIndex(sheet01, n, 4, pageInt): null

18-11-2024T10:18:30 - [TEST_STEP][PASSED] - setValueToCellByIndex(sheet01, n, 5, m): null

18-11-2024T10:18:30 - [TEST_STEP][PASSED] - setValueToCellByIndex(sheet01, n, 6, y): null

18-11-2024T10:18:30 - [TEST_STEP][PASSED] - setValueToCellByIndex(sheet01, n, 7, todaysDate): null

18-11-2024T10:18:30 - [TEST_STEP][PASSED] - n = n + 1: null

18-11-2024T10:18:30 - [TEST_STEP][PASSED] - saveWorkbook(excelFilePath, workbook01): Object: 'Object Repository/Выполнение бизнес-плана/Кнопка Факт' is clicked on

18-11-2024T10:18:30 - [TEST_STEP][PASSED] - if (planFact == 2): Object: 'Object Repository/Выполнение бизнес-плана/Кнопка Факт' is clicked on

18-11-2024T10:18:30 - [TEST_STEP][PASSED] - click(findTestObject("Выполнение бизнес-плана/Кнопка Факт")): Object: 'Object Repository/Выполнение бизнес-плана/Кнопка Факт' is clicked on

18-11-2024T10:18:30 - [MESSAGE][PASSED] - Object: 'Object Repository/Выполнение бизнес-плана/Кнопка Факт' is clicked on

18-11-2024T10:18:30 - [TEST_STEP][PASSED] - if (a == 84 || a == 82): null

18-11-2024T10:18:30 - [TEST_STEP][PASSED] - else if (a == 52 || a == 72 || a == 28 || a == 73 || a == 77 || a == 74 || a == 65 || a == 36 || a == 44 || a == 53 || a == 80 || a == 54 || a == 1 || a == 18 || a == 59 || a == 81): null

18-11-2024T10:18:30 - [TEST_STEP][PASSED] - page1 = getText(findTestObject("Object Repository/Выполнение бизнес-плана/spanPlan" + dzoNum)): Text of object 'Object Repository/Выполнение бизнес-плана/spanPlan2' is: '32.87'

18-11-2024T10:18:31 - [MESSAGE][PASSED] - Text of object 'Object Repository/Выполнение бизнес-плана/spanPlan2' is: '32.87'

18-11-2024T10:18:31 - [TEST_STEP][PASSED] - page1 = page1.replace("|", ""): null

18-11-2024T10:18:31 - [TEST_STEP][PASSED] - page2 = getText(findTestObject("Object Repository/Выполнение бизнес-плана/spanFact" + dzoNum)): Text of object 'Object Repository/Выполнение бизнес-плана/spanFact2' is: '36.59
|'

18-11-2024T10:18:31 - [MESSAGE][PASSED] - Text of object 'Object Repository/Выполнение бизнес-плана/spanFact2' is: '36.59
|'

18-11-2024T10:18:31 - [TEST_STEP][PASSED] - page2 = page2.replace("|", ""): null

18-11-2024T10:18:31 - [TEST_STEP][PASSED] - println("page1: " + page1): null

18-11-2024T10:18:31 - [TEST_STEP][PASSED] - println("page2: " + page2): null

18-11-2024T10:18:31 - [TEST_STEP][PASSED] - file = findTestData("PlanFact").getValue(4, a): null

18-11-2024T10:18:31 - [TEST_STEP][PASSED] - file = file.replace(",", "."): null

18-11-2024T10:18:31 - [TEST_STEP][PASSED] - println("file Plan: " + file): null

18-11-2024T10:18:31 - [TEST_STEP][PASSED] - typeOfData = "План в процентах": null

18-11-2024T10:18:31 - [TEST_STEP][PASSED] - fileDouble = file.toDouble(): null

18-11-2024T10:18:31 - [TEST_STEP][PASSED] - pageDouble = page1.toDouble(): null

18-11-2024T10:18:31 - [TEST_STEP][PASSED] - if (fileDouble != pageDouble): null

18-11-2024T10:18:31 - [TEST_STEP][PASSED] - numberOfErrors = numberOfErrors + 1: null

18-11-2024T10:18:31 - [TEST_STEP][PASSED] - Script1718980020443.WriteToExcel(a, typeOfData, todaysDate, pageInt, fileInt, pageDouble, fileDouble, dZO): null

18-11-2024T10:18:31 - [TEST_STEP][PASSED] - sheetName = "Sheet1": null

18-11-2024T10:18:31 - [TEST_STEP][PASSED] - data = findTestData("PlanFact"): null

18-11-2024T10:18:31 - [TEST_STEP][PASSED] - n = data.getRowNumbers() + 1: null

18-11-2024T10:18:31 - [TEST_STEP][PASSED] - year = todaysDate.substring(todaysDate.length() - 4, todaysDate.length()): null

18-11-2024T10:18:31 - [TEST_STEP][PASSED] - y = year.toInteger(): null

18-11-2024T10:18:31 - [TEST_STEP][PASSED] - m = getText(findTestObject("Выполнение бизнес-плана/Период")): Text of object 'Object Repository/Выполнение бизнес-плана/Период' is: '1, 2, 3 кв. 2024 года'

18-11-2024T10:18:31 - [MESSAGE][PASSED] - Text of object 'Object Repository/Выполнение бизнес-плана/Период' is: '1, 2, 3 кв. 2024 года'

18-11-2024T10:18:31 - [TEST_STEP][PASSED] - m = m.substring(0, m.indexOf("2024")): null

18-11-2024T10:18:31 - [TEST_STEP][PASSED] - m = m.trim(): null

18-11-2024T10:18:31 - [TEST_STEP][PASSED] - dashboardName = "Выполнение бизнес-плана": null

18-11-2024T10:18:31 - [TEST_STEP][PASSED] - workbook01 = getWorkbook(excelFilePath): null

18-11-2024T10:18:31 - [TEST_STEP][PASSED] - sheet01 = getExcelSheet(workbook01, sheetName): null

18-11-2024T10:18:31 - [TEST_STEP][PASSED] - setValueToCellByIndex(sheet01, n, 0, dashboardName): null

18-11-2024T10:18:31 - [TEST_STEP][PASSED] - setValueToCellByIndex(sheet01, n, 1, dZO): null

18-11-2024T10:18:31 - [TEST_STEP][PASSED] - setValueToCellByIndex(sheet01, n, 2, typeOfData): null

18-11-2024T10:18:31 - [TEST_STEP][PASSED] - if (typeOfData == "Факт в процентах" || typeOfData == "План в процентах"): null

18-11-2024T10:18:31 - [TEST_STEP][PASSED] - setValueToCellByIndex(sheet01, n, 3, fileDouble): null

18-11-2024T10:18:31 - [TEST_STEP][PASSED] - setValueToCellByIndex(sheet01, n, 4, pageDouble): null

18-11-2024T10:18:31 - [TEST_STEP][PASSED] - setValueToCellByIndex(sheet01, n, 5, m): null

18-11-2024T10:18:31 - [TEST_STEP][PASSED] - setValueToCellByIndex(sheet01, n, 6, y): null

18-11-2024T10:18:31 - [TEST_STEP][PASSED] - setValueToCellByIndex(sheet01, n, 7, todaysDate): null

18-11-2024T10:18:31 - [TEST_STEP][PASSED] - n = n + 1: null

18-11-2024T10:18:31 - [TEST_STEP][PASSED] - saveWorkbook(excelFilePath, workbook01): null

18-11-2024T10:18:32 - [TEST_STEP][PASSED] - file = findTestData("PlanFact").getValue(7, a): null

18-11-2024T10:18:32 - [TEST_STEP][PASSED] - file = file.replace(",", "."): null

18-11-2024T10:18:32 - [TEST_STEP][PASSED] - println("file Fact: " + file): null

18-11-2024T10:18:32 - [TEST_STEP][PASSED] - fileDouble = file.toDouble(): null

18-11-2024T10:18:32 - [TEST_STEP][PASSED] - typeOfData = "Факт в процентах": null

18-11-2024T10:18:32 - [TEST_STEP][PASSED] - fileDouble = file.toDouble(): null

18-11-2024T10:18:32 - [TEST_STEP][PASSED] - pageDouble = page2.toDouble(): null

18-11-2024T10:18:32 - [TEST_STEP][PASSED] - if (fileDouble != pageDouble): null

18-11-2024T10:18:32 - [TEST_STEP][PASSED] - numberOfErrors = numberOfErrors + 1: null

18-11-2024T10:18:32 - [TEST_STEP][PASSED] - Script1718980020443.WriteToExcel(a, typeOfData, todaysDate, pageInt, fileInt, pageDouble, fileDouble, dZO): null

18-11-2024T10:18:32 - [TEST_STEP][PASSED] - sheetName = "Sheet1": null

18-11-2024T10:18:32 - [TEST_STEP][PASSED] - data = findTestData("PlanFact"): null

18-11-2024T10:18:32 - [TEST_STEP][PASSED] - n = data.getRowNumbers() + 1: null

18-11-2024T10:18:32 - [TEST_STEP][PASSED] - year = todaysDate.substring(todaysDate.length() - 4, todaysDate.length()): null

18-11-2024T10:18:32 - [TEST_STEP][PASSED] - y = year.toInteger(): null

18-11-2024T10:18:32 - [TEST_STEP][PASSED] - m = getText(findTestObject("Выполнение бизнес-плана/Период")): Text of object 'Object Repository/Выполнение бизнес-плана/Период' is: '1, 2, 3 кв. 2024 года'

18-11-2024T10:18:32 - [MESSAGE][PASSED] - Text of object 'Object Repository/Выполнение бизнес-плана/Период' is: '1, 2, 3 кв. 2024 года'

18-11-2024T10:18:32 - [TEST_STEP][PASSED] - m = m.substring(0, m.indexOf("2024")): null

18-11-2024T10:18:32 - [TEST_STEP][PASSED] - m = m.trim(): null

18-11-2024T10:18:32 - [TEST_STEP][PASSED] - dashboardName = "Выполнение бизнес-плана": null

18-11-2024T10:18:32 - [TEST_STEP][PASSED] - workbook01 = getWorkbook(excelFilePath): null

18-11-2024T10:18:32 - [TEST_STEP][PASSED] - sheet01 = getExcelSheet(workbook01, sheetName): null

18-11-2024T10:18:32 - [TEST_STEP][PASSED] - setValueToCellByIndex(sheet01, n, 0, dashboardName): null

18-11-2024T10:18:32 - [TEST_STEP][PASSED] - setValueToCellByIndex(sheet01, n, 1, dZO): null

18-11-2024T10:18:32 - [TEST_STEP][PASSED] - setValueToCellByIndex(sheet01, n, 2, typeOfData): null

18-11-2024T10:18:32 - [TEST_STEP][PASSED] - if (typeOfData == "Факт в процентах" || typeOfData == "План в процентах"): null

18-11-2024T10:18:32 - [TEST_STEP][PASSED] - setValueToCellByIndex(sheet01, n, 3, fileDouble): null

18-11-2024T10:18:32 - [TEST_STEP][PASSED] - setValueToCellByIndex(sheet01, n, 4, pageDouble): null

18-11-2024T10:18:32 - [TEST_STEP][PASSED] - setValueToCellByIndex(sheet01, n, 5, m): null

18-11-2024T10:18:32 - [TEST_STEP][PASSED] - setValueToCellByIndex(sheet01, n, 6, y): null

18-11-2024T10:18:32 - [TEST_STEP][PASSED] - setValueToCellByIndex(sheet01, n, 7, todaysDate): null

18-11-2024T10:18:32 - [TEST_STEP][PASSED] - n = n + 1: null

18-11-2024T10:18:32 - [TEST_STEP][PASSED] - saveWorkbook(excelFilePath, workbook01): null

18-11-2024T10:18:32 - [TEST_STEP][FAILED] - if (verifyEqual(numberOfErrors, 0) == false): null

18-11-2024T10:18:32 - [MESSAGE][FAILED] - Unable to verify equal between actual object '6' and expected object '0' (Root cause: com.kms.katalon.core.exception.StepFailedException: Actual object '6' and expected object '0' are not equal
	at com.kms.katalon.core.keyword.builtin.VerifyEqualKeyword$_verifyEqual_closure1.doCall(VerifyEqualKeyword.groovy:58)
	at com.kms.katalon.core.keyword.builtin.VerifyEqualKeyword$_verifyEqual_closure1.call(VerifyEqualKeyword.groovy)
	at com.kms.katalon.core.keyword.internal.KeywordMain.runKeyword(KeywordMain.groovy:75)
	at com.kms.katalon.core.keyword.builtin.VerifyEqualKeyword.verifyEqual(VerifyEqualKeyword.groovy:63)
	at com.kms.katalon.core.keyword.builtin.VerifyEqualKeyword.execute(VerifyEqualKeyword.groovy:44)
	at com.kms.katalon.core.keyword.internal.KeywordExecutor.executeKeywordForPlatform(KeywordExecutor.groovy:74)
	at com.kms.katalon.core.keyword.BuiltinKeywords.verifyEqual(BuiltinKeywords.groovy:146)
	at java.base/jdk.internal.reflect.NativeMethodAccessorImpl.invoke0(Native Method)
	at java.base/jdk.internal.reflect.NativeMethodAccessorImpl.invoke(NativeMethodAccessorImpl.java:77)
	at java.base/jdk.internal.reflect.DelegatingMethodAccessorImpl.invoke(DelegatingMethodAccessorImpl.java:43)
	at Выполнение бизнес-плана Сверка ПАО Россети все филиалы.Numbers(Выполнение бизнес-плана Сверка ПАО Россети все филиалы:740)
	at Выполнение бизнес-плана Сверка ПАО Россети все филиалы.run(Выполнение бизнес-плана Сверка ПАО Россети все филиалы:234)
	at com.kms.katalon.core.main.ScriptEngine.run(ScriptEngine.java:194)
	at com.kms.katalon.core.main.ScriptEngine.runScriptAsRawText(ScriptEngine.java:119)
	at com.kms.katalon.core.main.TestCaseExecutor.runScript(TestCaseExecutor.java:448)
	at com.kms.katalon.core.main.TestCaseExecutor.doExecute(TestCaseExecutor.java:439)
	at com.kms.katalon.core.main.TestCaseExecutor.processExecutionPhase(TestCaseExecutor.java:418)
	at com.kms.katalon.core.main.TestCaseExecutor.accessMainPhase(TestCaseExecutor.java:410)
	at com.kms.katalon.core.main.TestCaseExecutor.execute(TestCaseExecutor.java:285)
	at com.kms.katalon.core.common.CommonExecutor.accessTestCaseMainPhase(CommonExecutor.java:65)
	at com.kms.katalon.core.main.TestSuiteExecutor.accessTestSuiteMainPhase(TestSuiteExecutor.java:150)
	at com.kms.katalon.core.main.TestSuiteExecutor.execute(TestSuiteExecutor.java:106)
	at com.kms.katalon.core.main.TestCaseMain.startTestSuite(TestCaseMain.java:180)
	at TempTestSuite1731913737709.run(TempTestSuite1731913737709.groovy:35)
	at java.base/jdk.internal.reflect.NativeMethodAccessorImpl.invoke0(Native Method)
	at java.base/jdk.internal.reflect.NativeMethodAccessorImpl.invoke(NativeMethodAccessorImpl.java:77)
	at java.base/jdk.internal.reflect.DelegatingMethodAccessorImpl.invoke(DelegatingMethodAccessorImpl.java:43)
)

18-11-2024T10:18:32 - [TEST_STEP][PASSED] - println(numberOfErrors): null

18-11-2024T10:18:32 - [TEST_STEP][PASSED] - if (a == 28 || a == 77 || a == 74 || a == 65 || a == 36 || a == 44 || a == 54 || a == 1 || a == 18 || a == 59): null

18-11-2024T10:18:32 - [TEST_STEP][PASSED] - if (a == 82): null

18-11-2024T10:18:32 - [TEST_STEP][PASSED] - println(dzoNum): null

18-11-2024T10:18:32 - [TEST_STEP][PASSED] - a = 28: null

18-11-2024T10:18:32 - [TEST_STEP][PASSED] - dZO = "Россети Волга": null

18-11-2024T10:18:32 - [TEST_STEP][PASSED] - if (x1.contains(dZO)): null

18-11-2024T10:18:32 - [TEST_STEP][PASSED] - else: null

18-11-2024T10:18:32 - [TEST_STEP][PASSED] - Script1718980020443.NoData(a, typeOfData, todaysDate, fileInt, fileDouble, dZO): null

18-11-2024T10:18:32 - [TEST_STEP][PASSED] - println(a): null

18-11-2024T10:18:32 - [TEST_STEP][PASSED] - println(todaysDate): null

18-11-2024T10:18:32 - [TEST_STEP][PASSED] - println(fileInt): null

18-11-2024T10:18:32 - [TEST_STEP][PASSED] - println(fileDouble): null

18-11-2024T10:18:32 - [TEST_STEP][PASSED] - println(dZO): null

18-11-2024T10:18:32 - [TEST_STEP][PASSED] - typeOfData = "Факт Отпуск в сеть": null

18-11-2024T10:18:32 - [TEST_STEP][PASSED] - fileInt = replaceAll("\s+", "").toInteger(): null

18-11-2024T10:18:32 - [TEST_STEP][PASSED] - Script1718980020443.WriteToExcelNoData(a, typeOfData, todaysDate, fileInt, fileDouble, dZO): null

18-11-2024T10:18:32 - [TEST_STEP][PASSED] - sheetName = "Sheet1": null

18-11-2024T10:18:32 - [TEST_STEP][PASSED] - data = findTestData("PlanFact"): null

18-11-2024T10:18:32 - [TEST_STEP][PASSED] - n = data.getRowNumbers() + 1: null

18-11-2024T10:18:32 - [TEST_STEP][PASSED] - year = todaysDate.substring(todaysDate.length() - 4, todaysDate.length()): null

18-11-2024T10:18:32 - [TEST_STEP][PASSED] - y = year.toInteger(): null

18-11-2024T10:18:32 - [TEST_STEP][PASSED] - m = getText(findTestObject("Выполнение бизнес-плана/Период")): Text of object 'Object Repository/Выполнение бизнес-плана/Период' is: '1, 2, 3 кв. 2024 года'

18-11-2024T10:18:33 - [MESSAGE][PASSED] - Text of object 'Object Repository/Выполнение бизнес-плана/Период' is: '1, 2, 3 кв. 2024 года'

18-11-2024T10:18:33 - [TEST_STEP][PASSED] - m = m.substring(0, m.indexOf("2024")): null

18-11-2024T10:18:33 - [TEST_STEP][PASSED] - m = m.trim(): null

18-11-2024T10:18:33 - [TEST_STEP][PASSED] - dashboardName = "Выполнение бизнес-плана": null

18-11-2024T10:18:33 - [TEST_STEP][PASSED] - workbook01 = getWorkbook(excelFilePath): null

18-11-2024T10:18:33 - [TEST_STEP][PASSED] - sheet01 = getExcelSheet(workbook01, sheetName): null

18-11-2024T10:18:33 - [TEST_STEP][PASSED] - setValueToCellByIndex(sheet01, n, 0, dashboardName): null

18-11-2024T10:18:33 - [TEST_STEP][PASSED] - setValueToCellByIndex(sheet01, n, 1, dZO): null

18-11-2024T10:18:33 - [TEST_STEP][PASSED] - setValueToCellByIndex(sheet01, n, 2, typeOfData): null

18-11-2024T10:18:33 - [TEST_STEP][PASSED] - if (typeOfData == "Факт в процентах" || typeOfData == "План в процентах"): null

18-11-2024T10:18:33 - [TEST_STEP][PASSED] - else: null

18-11-2024T10:18:33 - [TEST_STEP][PASSED] - setValueToCellByIndex(sheet01, n, 3, fileInt): null

18-11-2024T10:18:33 - [TEST_STEP][PASSED] - setValueToCellByIndex(sheet01, n, 4, "нет данных"): null

18-11-2024T10:18:33 - [TEST_STEP][PASSED] - setValueToCellByIndex(sheet01, n, 5, m): null

18-11-2024T10:18:33 - [TEST_STEP][PASSED] - setValueToCellByIndex(sheet01, n, 6, y): null

18-11-2024T10:18:33 - [TEST_STEP][PASSED] - setValueToCellByIndex(sheet01, n, 7, todaysDate): null

18-11-2024T10:18:33 - [TEST_STEP][PASSED] - n = n + 1: null

18-11-2024T10:18:33 - [TEST_STEP][PASSED] - saveWorkbook(excelFilePath, workbook01): null

18-11-2024T10:18:33 - [TEST_STEP][PASSED] - typeOfData = "Факт Потери": null

18-11-2024T10:18:33 - [TEST_STEP][PASSED] - fileInt = replaceAll("\s+", "").toInteger(): null

18-11-2024T10:18:33 - [TEST_STEP][PASSED] - Script1718980020443.WriteToExcelNoData(a, typeOfData, todaysDate, fileInt, fileDouble, dZO): null

18-11-2024T10:18:33 - [TEST_STEP][PASSED] - sheetName = "Sheet1": null

18-11-2024T10:18:33 - [TEST_STEP][PASSED] - data = findTestData("PlanFact"): null

18-11-2024T10:18:33 - [TEST_STEP][PASSED] - n = data.getRowNumbers() + 1: null

18-11-2024T10:18:33 - [TEST_STEP][PASSED] - year = todaysDate.substring(todaysDate.length() - 4, todaysDate.length()): null

18-11-2024T10:18:33 - [TEST_STEP][PASSED] - y = year.toInteger(): null

18-11-2024T10:18:33 - [TEST_STEP][PASSED] - m = getText(findTestObject("Выполнение бизнес-плана/Период")): Text of object 'Object Repository/Выполнение бизнес-плана/Период' is: '1, 2, 3 кв. 2024 года'

18-11-2024T10:18:33 - [MESSAGE][PASSED] - Text of object 'Object Repository/Выполнение бизнес-плана/Период' is: '1, 2, 3 кв. 2024 года'

18-11-2024T10:18:33 - [TEST_STEP][PASSED] - m = m.substring(0, m.indexOf("2024")): null

18-11-2024T10:18:33 - [TEST_STEP][PASSED] - m = m.trim(): null

18-11-2024T10:18:33 - [TEST_STEP][PASSED] - dashboardName = "Выполнение бизнес-плана": null

18-11-2024T10:18:33 - [TEST_STEP][PASSED] - workbook01 = getWorkbook(excelFilePath): null

18-11-2024T10:18:33 - [TEST_STEP][PASSED] - sheet01 = getExcelSheet(workbook01, sheetName): null

18-11-2024T10:18:33 - [TEST_STEP][PASSED] - setValueToCellByIndex(sheet01, n, 0, dashboardName): null

18-11-2024T10:18:33 - [TEST_STEP][PASSED] - setValueToCellByIndex(sheet01, n, 1, dZO): null

18-11-2024T10:18:33 - [TEST_STEP][PASSED] - setValueToCellByIndex(sheet01, n, 2, typeOfData): null

18-11-2024T10:18:33 - [TEST_STEP][PASSED] - if (typeOfData == "Факт в процентах" || typeOfData == "План в процентах"): null

18-11-2024T10:18:33 - [TEST_STEP][PASSED] - else: null

18-11-2024T10:18:33 - [TEST_STEP][PASSED] - setValueToCellByIndex(sheet01, n, 3, fileInt): null

18-11-2024T10:18:33 - [TEST_STEP][PASSED] - setValueToCellByIndex(sheet01, n, 4, "нет данных"): null

18-11-2024T10:18:33 - [TEST_STEP][PASSED] - setValueToCellByIndex(sheet01, n, 5, m): null

18-11-2024T10:18:33 - [TEST_STEP][PASSED] - setValueToCellByIndex(sheet01, n, 6, y): null

18-11-2024T10:18:33 - [TEST_STEP][PASSED] - setValueToCellByIndex(sheet01, n, 7, todaysDate): null

18-11-2024T10:18:33 - [TEST_STEP][PASSED] - n = n + 1: null

18-11-2024T10:18:33 - [TEST_STEP][PASSED] - saveWorkbook(excelFilePath, workbook01): null

18-11-2024T10:18:34 - [TEST_STEP][PASSED] - typeOfData = "План Отпуск в сеть": null

18-11-2024T10:18:34 - [TEST_STEP][PASSED] - fileInt = replaceAll("\s+", "").toInteger(): null

18-11-2024T10:18:34 - [TEST_STEP][PASSED] - Script1718980020443.WriteToExcelNoData(a, typeOfData, todaysDate, fileInt, fileDouble, dZO): null

18-11-2024T10:18:34 - [TEST_STEP][PASSED] - sheetName = "Sheet1": null

18-11-2024T10:18:34 - [TEST_STEP][PASSED] - data = findTestData("PlanFact"): null

18-11-2024T10:18:34 - [TEST_STEP][PASSED] - n = data.getRowNumbers() + 1: null

18-11-2024T10:18:34 - [TEST_STEP][PASSED] - year = todaysDate.substring(todaysDate.length() - 4, todaysDate.length()): null

18-11-2024T10:18:34 - [TEST_STEP][PASSED] - y = year.toInteger(): null

18-11-2024T10:18:34 - [TEST_STEP][PASSED] - m = getText(findTestObject("Выполнение бизнес-плана/Период")): Text of object 'Object Repository/Выполнение бизнес-плана/Период' is: '1, 2, 3 кв. 2024 года'

18-11-2024T10:18:34 - [MESSAGE][PASSED] - Text of object 'Object Repository/Выполнение бизнес-плана/Период' is: '1, 2, 3 кв. 2024 года'

18-11-2024T10:18:34 - [TEST_STEP][PASSED] - m = m.substring(0, m.indexOf("2024")): null

18-11-2024T10:18:34 - [TEST_STEP][PASSED] - m = m.trim(): null

18-11-2024T10:18:34 - [TEST_STEP][PASSED] - dashboardName = "Выполнение бизнес-плана": null

18-11-2024T10:18:34 - [TEST_STEP][PASSED] - workbook01 = getWorkbook(excelFilePath): null

18-11-2024T10:18:34 - [TEST_STEP][PASSED] - sheet01 = getExcelSheet(workbook01, sheetName): null

18-11-2024T10:18:34 - [TEST_STEP][PASSED] - setValueToCellByIndex(sheet01, n, 0, dashboardName): null

18-11-2024T10:18:34 - [TEST_STEP][PASSED] - setValueToCellByIndex(sheet01, n, 1, dZO): null

18-11-2024T10:18:34 - [TEST_STEP][PASSED] - setValueToCellByIndex(sheet01, n, 2, typeOfData): null

18-11-2024T10:18:34 - [TEST_STEP][PASSED] - if (typeOfData == "Факт в процентах" || typeOfData == "План в процентах"): null

18-11-2024T10:18:34 - [TEST_STEP][PASSED] - else: null

18-11-2024T10:18:34 - [TEST_STEP][PASSED] - setValueToCellByIndex(sheet01, n, 3, fileInt): null

18-11-2024T10:18:34 - [TEST_STEP][PASSED] - setValueToCellByIndex(sheet01, n, 4, "нет данных"): null

18-11-2024T10:18:34 - [TEST_STEP][PASSED] - setValueToCellByIndex(sheet01, n, 5, m): null

18-11-2024T10:18:34 - [TEST_STEP][PASSED] - setValueToCellByIndex(sheet01, n, 6, y): null

18-11-2024T10:18:34 - [TEST_STEP][PASSED] - setValueToCellByIndex(sheet01, n, 7, todaysDate): null

18-11-2024T10:18:34 - [TEST_STEP][PASSED] - n = n + 1: null

18-11-2024T10:18:34 - [TEST_STEP][PASSED] - saveWorkbook(excelFilePath, workbook01): null

18-11-2024T10:18:34 - [TEST_STEP][PASSED] - typeOfData = "План Потери": null

18-11-2024T10:18:34 - [TEST_STEP][PASSED] - fileInt = replaceAll("\s+", "").toInteger(): null

18-11-2024T10:18:34 - [TEST_STEP][PASSED] - Script1718980020443.WriteToExcelNoData(a, typeOfData, todaysDate, fileInt, fileDouble, dZO): null

18-11-2024T10:18:34 - [TEST_STEP][PASSED] - sheetName = "Sheet1": null

18-11-2024T10:18:34 - [TEST_STEP][PASSED] - data = findTestData("PlanFact"): null

18-11-2024T10:18:34 - [TEST_STEP][PASSED] - n = data.getRowNumbers() + 1: null

18-11-2024T10:18:34 - [TEST_STEP][PASSED] - year = todaysDate.substring(todaysDate.length() - 4, todaysDate.length()): null

18-11-2024T10:18:34 - [TEST_STEP][PASSED] - y = year.toInteger(): null

18-11-2024T10:18:34 - [TEST_STEP][PASSED] - m = getText(findTestObject("Выполнение бизнес-плана/Период")): Text of object 'Object Repository/Выполнение бизнес-плана/Период' is: '1, 2, 3 кв. 2024 года'

18-11-2024T10:18:35 - [MESSAGE][PASSED] - Text of object 'Object Repository/Выполнение бизнес-плана/Период' is: '1, 2, 3 кв. 2024 года'

18-11-2024T10:18:35 - [TEST_STEP][PASSED] - m = m.substring(0, m.indexOf("2024")): null

18-11-2024T10:18:35 - [TEST_STEP][PASSED] - m = m.trim(): null

18-11-2024T10:18:35 - [TEST_STEP][PASSED] - dashboardName = "Выполнение бизнес-плана": null

18-11-2024T10:18:35 - [TEST_STEP][PASSED] - workbook01 = getWorkbook(excelFilePath): null

18-11-2024T10:18:35 - [TEST_STEP][PASSED] - sheet01 = getExcelSheet(workbook01, sheetName): null

18-11-2024T10:18:35 - [TEST_STEP][PASSED] - setValueToCellByIndex(sheet01, n, 0, dashboardName): null

18-11-2024T10:18:35 - [TEST_STEP][PASSED] - setValueToCellByIndex(sheet01, n, 1, dZO): null

18-11-2024T10:18:35 - [TEST_STEP][PASSED] - setValueToCellByIndex(sheet01, n, 2, typeOfData): null

18-11-2024T10:18:35 - [TEST_STEP][PASSED] - if (typeOfData == "Факт в процентах" || typeOfData == "План в процентах"): null

18-11-2024T10:18:35 - [TEST_STEP][PASSED] - else: null

18-11-2024T10:18:35 - [TEST_STEP][PASSED] - setValueToCellByIndex(sheet01, n, 3, fileInt): null

18-11-2024T10:18:35 - [TEST_STEP][PASSED] - setValueToCellByIndex(sheet01, n, 4, "нет данных"): null

18-11-2024T10:18:35 - [TEST_STEP][PASSED] - setValueToCellByIndex(sheet01, n, 5, m): null

18-11-2024T10:18:35 - [TEST_STEP][PASSED] - setValueToCellByIndex(sheet01, n, 6, y): null

18-11-2024T10:18:35 - [TEST_STEP][PASSED] - setValueToCellByIndex(sheet01, n, 7, todaysDate): null

18-11-2024T10:18:35 - [TEST_STEP][PASSED] - n = n + 1: null

18-11-2024T10:18:35 - [TEST_STEP][PASSED] - saveWorkbook(excelFilePath, workbook01): null

18-11-2024T10:18:35 - [TEST_STEP][PASSED] - typeOfData = "План в процентах": null

18-11-2024T10:18:35 - [TEST_STEP][PASSED] - fileDouble = ").toDouble(): null

18-11-2024T10:18:35 - [TEST_STEP][PASSED] - Script1718980020443.WriteToExcelNoData(a, typeOfData, todaysDate, fileInt, fileDouble, dZO): null

18-11-2024T10:18:35 - [TEST_STEP][PASSED] - sheetName = "Sheet1": null

18-11-2024T10:18:35 - [TEST_STEP][PASSED] - data = findTestData("PlanFact"): null

18-11-2024T10:18:35 - [TEST_STEP][PASSED] - n = data.getRowNumbers() + 1: null

18-11-2024T10:18:35 - [TEST_STEP][PASSED] - year = todaysDate.substring(todaysDate.length() - 4, todaysDate.length()): null

18-11-2024T10:18:35 - [TEST_STEP][PASSED] - y = year.toInteger(): null

18-11-2024T10:18:35 - [TEST_STEP][PASSED] - m = getText(findTestObject("Выполнение бизнес-плана/Период")): Text of object 'Object Repository/Выполнение бизнес-плана/Период' is: '1, 2, 3 кв. 2024 года'

18-11-2024T10:18:36 - [MESSAGE][PASSED] - Text of object 'Object Repository/Выполнение бизнес-плана/Период' is: '1, 2, 3 кв. 2024 года'

18-11-2024T10:18:36 - [TEST_STEP][PASSED] - m = m.substring(0, m.indexOf("2024")): null

18-11-2024T10:18:36 - [TEST_STEP][PASSED] - m = m.trim(): null

18-11-2024T10:18:36 - [TEST_STEP][PASSED] - dashboardName = "Выполнение бизнес-плана": null

18-11-2024T10:18:36 - [TEST_STEP][PASSED] - workbook01 = getWorkbook(excelFilePath): null

18-11-2024T10:18:36 - [TEST_STEP][PASSED] - sheet01 = getExcelSheet(workbook01, sheetName): null

18-11-2024T10:18:36 - [TEST_STEP][PASSED] - setValueToCellByIndex(sheet01, n, 0, dashboardName): null

18-11-2024T10:18:36 - [TEST_STEP][PASSED] - setValueToCellByIndex(sheet01, n, 1, dZO): null

18-11-2024T10:18:36 - [TEST_STEP][PASSED] - setValueToCellByIndex(sheet01, n, 2, typeOfData): null

18-11-2024T10:18:36 - [TEST_STEP][PASSED] - if (typeOfData == "Факт в процентах" || typeOfData == "План в процентах"): null

18-11-2024T10:18:36 - [TEST_STEP][PASSED] - setValueToCellByIndex(sheet01, n, 3, fileDouble): null

18-11-2024T10:18:36 - [TEST_STEP][PASSED] - setValueToCellByIndex(sheet01, n, 4, "нет данных"): null

18-11-2024T10:18:36 - [TEST_STEP][PASSED] - setValueToCellByIndex(sheet01, n, 5, m): null

18-11-2024T10:18:36 - [TEST_STEP][PASSED] - setValueToCellByIndex(sheet01, n, 6, y): null

18-11-2024T10:18:36 - [TEST_STEP][PASSED] - setValueToCellByIndex(sheet01, n, 7, todaysDate): null

18-11-2024T10:18:36 - [TEST_STEP][PASSED] - n = n + 1: null

18-11-2024T10:18:36 - [TEST_STEP][PASSED] - saveWorkbook(excelFilePath, workbook01): null

18-11-2024T10:18:36 - [TEST_STEP][PASSED] - typeOfData = "Факт в процентах": null

18-11-2024T10:18:36 - [TEST_STEP][PASSED] - fileDouble = ").toDouble(): null

18-11-2024T10:18:36 - [TEST_STEP][PASSED] - Script1718980020443.WriteToExcelNoData(a, typeOfData, todaysDate, fileInt, fileDouble, dZO): null

18-11-2024T10:18:36 - [TEST_STEP][PASSED] - sheetName = "Sheet1": null

18-11-2024T10:18:36 - [TEST_STEP][PASSED] - data = findTestData("PlanFact"): null

18-11-2024T10:18:36 - [TEST_STEP][PASSED] - n = data.getRowNumbers() + 1: null

18-11-2024T10:18:36 - [TEST_STEP][PASSED] - year = todaysDate.substring(todaysDate.length() - 4, todaysDate.length()): null

18-11-2024T10:18:36 - [TEST_STEP][PASSED] - y = year.toInteger(): null

18-11-2024T10:18:36 - [TEST_STEP][PASSED] - m = getText(findTestObject("Выполнение бизнес-плана/Период")): Text of object 'Object Repository/Выполнение бизнес-плана/Период' is: '1, 2, 3 кв. 2024 года'

18-11-2024T10:18:36 - [MESSAGE][PASSED] - Text of object 'Object Repository/Выполнение бизнес-плана/Период' is: '1, 2, 3 кв. 2024 года'

18-11-2024T10:18:36 - [TEST_STEP][PASSED] - m = m.substring(0, m.indexOf("2024")): null

18-11-2024T10:18:36 - [TEST_STEP][PASSED] - m = m.trim(): null

18-11-2024T10:18:36 - [TEST_STEP][PASSED] - dashboardName = "Выполнение бизнес-плана": null

18-11-2024T10:18:36 - [TEST_STEP][PASSED] - workbook01 = getWorkbook(excelFilePath): null

18-11-2024T10:18:36 - [TEST_STEP][PASSED] - sheet01 = getExcelSheet(workbook01, sheetName): null

18-11-2024T10:18:36 - [TEST_STEP][PASSED] - setValueToCellByIndex(sheet01, n, 0, dashboardName): null

18-11-2024T10:18:36 - [TEST_STEP][PASSED] - setValueToCellByIndex(sheet01, n, 1, dZO): null

18-11-2024T10:18:36 - [TEST_STEP][PASSED] - setValueToCellByIndex(sheet01, n, 2, typeOfData): null

18-11-2024T10:18:36 - [TEST_STEP][PASSED] - if (typeOfData == "Факт в процентах" || typeOfData == "План в процентах"): null

18-11-2024T10:18:36 - [TEST_STEP][PASSED] - setValueToCellByIndex(sheet01, n, 3, fileDouble): null

18-11-2024T10:18:36 - [TEST_STEP][PASSED] - setValueToCellByIndex(sheet01, n, 4, "нет данных"): null

18-11-2024T10:18:36 - [TEST_STEP][PASSED] - setValueToCellByIndex(sheet01, n, 5, m): null

18-11-2024T10:18:36 - [TEST_STEP][PASSED] - setValueToCellByIndex(sheet01, n, 6, y): null

18-11-2024T10:18:36 - [TEST_STEP][PASSED] - setValueToCellByIndex(sheet01, n, 7, todaysDate): null

18-11-2024T10:18:36 - [TEST_STEP][PASSED] - n = n + 1: null

18-11-2024T10:18:36 - [TEST_STEP][PASSED] - saveWorkbook(excelFilePath, workbook01): null

18-11-2024T10:18:36 - [TEST_STEP][PASSED] - println(dzoNum): null

18-11-2024T10:18:36 - [TEST_STEP][PASSED] - dZO = "Россети Кубань": null

18-11-2024T10:18:36 - [TEST_STEP][PASSED] - a = 73: null

18-11-2024T10:18:36 - [TEST_STEP][PASSED] - if (x1.contains(dZO)): null

18-11-2024T10:18:36 - [TEST_STEP][PASSED] - else: null

18-11-2024T10:18:36 - [TEST_STEP][PASSED] - Script1718980020443.NoData(a, typeOfData, todaysDate, fileInt, fileDouble, dZO): null

18-11-2024T10:18:36 - [TEST_STEP][PASSED] - println(a): null

18-11-2024T10:18:36 - [TEST_STEP][PASSED] - println(todaysDate): null

18-11-2024T10:18:36 - [TEST_STEP][PASSED] - println(fileInt): null

18-11-2024T10:18:36 - [TEST_STEP][PASSED] - println(fileDouble): null

18-11-2024T10:18:36 - [TEST_STEP][PASSED] - println(dZO): null

18-11-2024T10:18:36 - [TEST_STEP][PASSED] - typeOfData = "Факт Отпуск в сеть": null

18-11-2024T10:18:36 - [TEST_STEP][PASSED] - fileInt = replaceAll("\s+", "").toInteger(): null

18-11-2024T10:18:36 - [TEST_STEP][PASSED] - Script1718980020443.WriteToExcelNoData(a, typeOfData, todaysDate, fileInt, fileDouble, dZO): null

18-11-2024T10:18:36 - [TEST_STEP][PASSED] - sheetName = "Sheet1": null

18-11-2024T10:18:36 - [TEST_STEP][PASSED] - data = findTestData("PlanFact"): null

18-11-2024T10:18:37 - [TEST_STEP][PASSED] - n = data.getRowNumbers() + 1: null

18-11-2024T10:18:37 - [TEST_STEP][PASSED] - year = todaysDate.substring(todaysDate.length() - 4, todaysDate.length()): null

18-11-2024T10:18:37 - [TEST_STEP][PASSED] - y = year.toInteger(): null

18-11-2024T10:18:37 - [TEST_STEP][PASSED] - m = getText(findTestObject("Выполнение бизнес-плана/Период")): Text of object 'Object Repository/Выполнение бизнес-плана/Период' is: '1, 2, 3 кв. 2024 года'

18-11-2024T10:18:37 - [MESSAGE][PASSED] - Text of object 'Object Repository/Выполнение бизнес-плана/Период' is: '1, 2, 3 кв. 2024 года'

18-11-2024T10:18:37 - [TEST_STEP][PASSED] - m = m.substring(0, m.indexOf("2024")): null

18-11-2024T10:18:37 - [TEST_STEP][PASSED] - m = m.trim(): null

18-11-2024T10:18:37 - [TEST_STEP][PASSED] - dashboardName = "Выполнение бизнес-плана": null

18-11-2024T10:18:37 - [TEST_STEP][PASSED] - workbook01 = getWorkbook(excelFilePath): null

18-11-2024T10:18:37 - [TEST_STEP][PASSED] - sheet01 = getExcelSheet(workbook01, sheetName): null

18-11-2024T10:18:37 - [TEST_STEP][PASSED] - setValueToCellByIndex(sheet01, n, 0, dashboardName): null

18-11-2024T10:18:37 - [TEST_STEP][PASSED] - setValueToCellByIndex(sheet01, n, 1, dZO): null

18-11-2024T10:18:37 - [TEST_STEP][PASSED] - setValueToCellByIndex(sheet01, n, 2, typeOfData): null

18-11-2024T10:18:37 - [TEST_STEP][PASSED] - if (typeOfData == "Факт в процентах" || typeOfData == "План в процентах"): null

18-11-2024T10:18:37 - [TEST_STEP][PASSED] - else: null

18-11-2024T10:18:37 - [TEST_STEP][PASSED] - setValueToCellByIndex(sheet01, n, 3, fileInt): null

18-11-2024T10:18:37 - [TEST_STEP][PASSED] - setValueToCellByIndex(sheet01, n, 4, "нет данных"): null

18-11-2024T10:18:37 - [TEST_STEP][PASSED] - setValueToCellByIndex(sheet01, n, 5, m): null

18-11-2024T10:18:37 - [TEST_STEP][PASSED] - setValueToCellByIndex(sheet01, n, 6, y): null

18-11-2024T10:18:37 - [TEST_STEP][PASSED] - setValueToCellByIndex(sheet01, n, 7, todaysDate): null

18-11-2024T10:18:37 - [TEST_STEP][PASSED] - n = n + 1: null

18-11-2024T10:18:37 - [TEST_STEP][PASSED] - saveWorkbook(excelFilePath, workbook01): null

18-11-2024T10:18:37 - [TEST_STEP][PASSED] - typeOfData = "Факт Потери": null

18-11-2024T10:18:37 - [TEST_STEP][PASSED] - fileInt = replaceAll("\s+", "").toInteger(): null

18-11-2024T10:18:37 - [TEST_STEP][PASSED] - Script1718980020443.WriteToExcelNoData(a, typeOfData, todaysDate, fileInt, fileDouble, dZO): null

18-11-2024T10:18:37 - [TEST_STEP][PASSED] - sheetName = "Sheet1": null

18-11-2024T10:18:37 - [TEST_STEP][PASSED] - data = findTestData("PlanFact"): null

18-11-2024T10:18:37 - [TEST_STEP][PASSED] - n = data.getRowNumbers() + 1: null

18-11-2024T10:18:37 - [TEST_STEP][PASSED] - year = todaysDate.substring(todaysDate.length() - 4, todaysDate.length()): null

18-11-2024T10:18:37 - [TEST_STEP][PASSED] - y = year.toInteger(): null

18-11-2024T10:18:37 - [TEST_STEP][PASSED] - m = getText(findTestObject("Выполнение бизнес-плана/Период")): Text of object 'Object Repository/Выполнение бизнес-плана/Период' is: '1, 2, 3 кв. 2024 года'

18-11-2024T10:18:38 - [MESSAGE][PASSED] - Text of object 'Object Repository/Выполнение бизнес-плана/Период' is: '1, 2, 3 кв. 2024 года'

18-11-2024T10:18:38 - [TEST_STEP][PASSED] - m = m.substring(0, m.indexOf("2024")): null

18-11-2024T10:18:38 - [TEST_STEP][PASSED] - m = m.trim(): null

18-11-2024T10:18:38 - [TEST_STEP][PASSED] - dashboardName = "Выполнение бизнес-плана": null

18-11-2024T10:18:38 - [TEST_STEP][PASSED] - workbook01 = getWorkbook(excelFilePath): null

18-11-2024T10:18:38 - [TEST_STEP][PASSED] - sheet01 = getExcelSheet(workbook01, sheetName): null

18-11-2024T10:18:38 - [TEST_STEP][PASSED] - setValueToCellByIndex(sheet01, n, 0, dashboardName): null

18-11-2024T10:18:38 - [TEST_STEP][PASSED] - setValueToCellByIndex(sheet01, n, 1, dZO): null

18-11-2024T10:18:38 - [TEST_STEP][PASSED] - setValueToCellByIndex(sheet01, n, 2, typeOfData): null

18-11-2024T10:18:38 - [TEST_STEP][PASSED] - if (typeOfData == "Факт в процентах" || typeOfData == "План в процентах"): null

18-11-2024T10:18:38 - [TEST_STEP][PASSED] - else: null

18-11-2024T10:18:38 - [TEST_STEP][PASSED] - setValueToCellByIndex(sheet01, n, 3, fileInt): null

18-11-2024T10:18:38 - [TEST_STEP][PASSED] - setValueToCellByIndex(sheet01, n, 4, "нет данных"): null

18-11-2024T10:18:38 - [TEST_STEP][PASSED] - setValueToCellByIndex(sheet01, n, 5, m): null

18-11-2024T10:18:38 - [TEST_STEP][PASSED] - setValueToCellByIndex(sheet01, n, 6, y): null

18-11-2024T10:18:38 - [TEST_STEP][PASSED] - setValueToCellByIndex(sheet01, n, 7, todaysDate): null

18-11-2024T10:18:38 - [TEST_STEP][PASSED] - n = n + 1: null

18-11-2024T10:18:38 - [TEST_STEP][PASSED] - saveWorkbook(excelFilePath, workbook01): null

18-11-2024T10:18:38 - [TEST_STEP][PASSED] - typeOfData = "План Отпуск в сеть": null

18-11-2024T10:18:38 - [TEST_STEP][PASSED] - fileInt = replaceAll("\s+", "").toInteger(): null

18-11-2024T10:18:38 - [TEST_STEP][PASSED] - Script1718980020443.WriteToExcelNoData(a, typeOfData, todaysDate, fileInt, fileDouble, dZO): null

18-11-2024T10:18:38 - [TEST_STEP][PASSED] - sheetName = "Sheet1": null

18-11-2024T10:18:38 - [TEST_STEP][PASSED] - data = findTestData("PlanFact"): null

18-11-2024T10:18:38 - [TEST_STEP][PASSED] - n = data.getRowNumbers() + 1: null

18-11-2024T10:18:38 - [TEST_STEP][PASSED] - year = todaysDate.substring(todaysDate.length() - 4, todaysDate.length()): null

18-11-2024T10:18:38 - [TEST_STEP][PASSED] - y = year.toInteger(): null

18-11-2024T10:18:38 - [TEST_STEP][PASSED] - m = getText(findTestObject("Выполнение бизнес-плана/Период")): Text of object 'Object Repository/Выполнение бизнес-плана/Период' is: '1, 2, 3 кв. 2024 года'

18-11-2024T10:18:38 - [MESSAGE][PASSED] - Text of object 'Object Repository/Выполнение бизнес-плана/Период' is: '1, 2, 3 кв. 2024 года'

18-11-2024T10:18:38 - [TEST_STEP][PASSED] - m = m.substring(0, m.indexOf("2024")): null

18-11-2024T10:18:38 - [TEST_STEP][PASSED] - m = m.trim(): null

18-11-2024T10:18:38 - [TEST_STEP][PASSED] - dashboardName = "Выполнение бизнес-плана": null

18-11-2024T10:18:38 - [TEST_STEP][PASSED] - workbook01 = getWorkbook(excelFilePath): null

18-11-2024T10:18:38 - [TEST_STEP][PASSED] - sheet01 = getExcelSheet(workbook01, sheetName): null

18-11-2024T10:18:38 - [TEST_STEP][PASSED] - setValueToCellByIndex(sheet01, n, 0, dashboardName): null

18-11-2024T10:18:38 - [TEST_STEP][PASSED] - setValueToCellByIndex(sheet01, n, 1, dZO): null

18-11-2024T10:18:38 - [TEST_STEP][PASSED] - setValueToCellByIndex(sheet01, n, 2, typeOfData): null

18-11-2024T10:18:38 - [TEST_STEP][PASSED] - if (typeOfData == "Факт в процентах" || typeOfData == "План в процентах"): null

18-11-2024T10:18:38 - [TEST_STEP][PASSED] - else: null

18-11-2024T10:18:38 - [TEST_STEP][PASSED] - setValueToCellByIndex(sheet01, n, 3, fileInt): null

18-11-2024T10:18:38 - [TEST_STEP][PASSED] - setValueToCellByIndex(sheet01, n, 4, "нет данных"): null

18-11-2024T10:18:38 - [TEST_STEP][PASSED] - setValueToCellByIndex(sheet01, n, 5, m): null

18-11-2024T10:18:38 - [TEST_STEP][PASSED] - setValueToCellByIndex(sheet01, n, 6, y): null

18-11-2024T10:18:38 - [TEST_STEP][PASSED] - setValueToCellByIndex(sheet01, n, 7, todaysDate): null

18-11-2024T10:18:38 - [TEST_STEP][PASSED] - n = n + 1: null

18-11-2024T10:18:38 - [TEST_STEP][PASSED] - saveWorkbook(excelFilePath, workbook01): null

18-11-2024T10:18:38 - [TEST_STEP][PASSED] - typeOfData = "План Потери": null

18-11-2024T10:18:38 - [TEST_STEP][PASSED] - fileInt = replaceAll("\s+", "").toInteger(): null

18-11-2024T10:18:39 - [TEST_STEP][PASSED] - Script1718980020443.WriteToExcelNoData(a, typeOfData, todaysDate, fileInt, fileDouble, dZO): null

18-11-2024T10:18:39 - [TEST_STEP][PASSED] - sheetName = "Sheet1": null

18-11-2024T10:18:39 - [TEST_STEP][PASSED] - data = findTestData("PlanFact"): null

18-11-2024T10:18:39 - [TEST_STEP][PASSED] - n = data.getRowNumbers() + 1: null

18-11-2024T10:18:39 - [TEST_STEP][PASSED] - year = todaysDate.substring(todaysDate.length() - 4, todaysDate.length()): null

18-11-2024T10:18:39 - [TEST_STEP][PASSED] - y = year.toInteger(): null

18-11-2024T10:18:39 - [TEST_STEP][PASSED] - m = getText(findTestObject("Выполнение бизнес-плана/Период")): Text of object 'Object Repository/Выполнение бизнес-плана/Период' is: '1, 2, 3 кв. 2024 года'

18-11-2024T10:18:39 - [MESSAGE][PASSED] - Text of object 'Object Repository/Выполнение бизнес-плана/Период' is: '1, 2, 3 кв. 2024 года'

18-11-2024T10:18:39 - [TEST_STEP][PASSED] - m = m.substring(0, m.indexOf("2024")): null

18-11-2024T10:18:39 - [TEST_STEP][PASSED] - m = m.trim(): null

18-11-2024T10:18:39 - [TEST_STEP][PASSED] - dashboardName = "Выполнение бизнес-плана": null

18-11-2024T10:18:39 - [TEST_STEP][PASSED] - workbook01 = getWorkbook(excelFilePath): null

18-11-2024T10:18:39 - [TEST_STEP][PASSED] - sheet01 = getExcelSheet(workbook01, sheetName): null

18-11-2024T10:18:39 - [TEST_STEP][PASSED] - setValueToCellByIndex(sheet01, n, 0, dashboardName): null

18-11-2024T10:18:39 - [TEST_STEP][PASSED] - setValueToCellByIndex(sheet01, n, 1, dZO): null

18-11-2024T10:18:39 - [TEST_STEP][PASSED] - setValueToCellByIndex(sheet01, n, 2, typeOfData): null

18-11-2024T10:18:39 - [TEST_STEP][PASSED] - if (typeOfData == "Факт в процентах" || typeOfData == "План в процентах"): null

18-11-2024T10:18:39 - [TEST_STEP][PASSED] - else: null

18-11-2024T10:18:39 - [TEST_STEP][PASSED] - setValueToCellByIndex(sheet01, n, 3, fileInt): null

18-11-2024T10:18:39 - [TEST_STEP][PASSED] - setValueToCellByIndex(sheet01, n, 4, "нет данных"): null

18-11-2024T10:18:39 - [TEST_STEP][PASSED] - setValueToCellByIndex(sheet01, n, 5, m): null

18-11-2024T10:18:39 - [TEST_STEP][PASSED] - setValueToCellByIndex(sheet01, n, 6, y): null

18-11-2024T10:18:39 - [TEST_STEP][PASSED] - setValueToCellByIndex(sheet01, n, 7, todaysDate): null

18-11-2024T10:18:39 - [TEST_STEP][PASSED] - n = n + 1: null

18-11-2024T10:18:39 - [TEST_STEP][PASSED] - saveWorkbook(excelFilePath, workbook01): null

18-11-2024T10:18:39 - [TEST_STEP][PASSED] - typeOfData = "План в процентах": null

18-11-2024T10:18:39 - [TEST_STEP][PASSED] - fileDouble = ").toDouble(): null

18-11-2024T10:18:39 - [TEST_STEP][PASSED] - Script1718980020443.WriteToExcelNoData(a, typeOfData, todaysDate, fileInt, fileDouble, dZO): null

18-11-2024T10:18:39 - [TEST_STEP][PASSED] - sheetName = "Sheet1": null

18-11-2024T10:18:39 - [TEST_STEP][PASSED] - data = findTestData("PlanFact"): null

18-11-2024T10:18:39 - [TEST_STEP][PASSED] - n = data.getRowNumbers() + 1: null

18-11-2024T10:18:39 - [TEST_STEP][PASSED] - year = todaysDate.substring(todaysDate.length() - 4, todaysDate.length()): null

18-11-2024T10:18:39 - [TEST_STEP][PASSED] - y = year.toInteger(): null

18-11-2024T10:18:39 - [TEST_STEP][PASSED] - m = getText(findTestObject("Выполнение бизнес-плана/Период")): Text of object 'Object Repository/Выполнение бизнес-плана/Период' is: '1, 2, 3 кв. 2024 года'

18-11-2024T10:18:40 - [MESSAGE][PASSED] - Text of object 'Object Repository/Выполнение бизнес-плана/Период' is: '1, 2, 3 кв. 2024 года'

18-11-2024T10:18:40 - [TEST_STEP][PASSED] - m = m.substring(0, m.indexOf("2024")): null

18-11-2024T10:18:40 - [TEST_STEP][PASSED] - m = m.trim(): null

18-11-2024T10:18:40 - [TEST_STEP][PASSED] - dashboardName = "Выполнение бизнес-плана": null

18-11-2024T10:18:40 - [TEST_STEP][PASSED] - workbook01 = getWorkbook(excelFilePath): null

18-11-2024T10:18:40 - [TEST_STEP][PASSED] - sheet01 = getExcelSheet(workbook01, sheetName): null

18-11-2024T10:18:40 - [TEST_STEP][PASSED] - setValueToCellByIndex(sheet01, n, 0, dashboardName): null

18-11-2024T10:18:40 - [TEST_STEP][PASSED] - setValueToCellByIndex(sheet01, n, 1, dZO): null

18-11-2024T10:18:40 - [TEST_STEP][PASSED] - setValueToCellByIndex(sheet01, n, 2, typeOfData): null

18-11-2024T10:18:40 - [TEST_STEP][PASSED] - if (typeOfData == "Факт в процентах" || typeOfData == "План в процентах"): null

18-11-2024T10:18:40 - [TEST_STEP][PASSED] - setValueToCellByIndex(sheet01, n, 3, fileDouble): null

18-11-2024T10:18:40 - [TEST_STEP][PASSED] - setValueToCellByIndex(sheet01, n, 4, "нет данных"): null

18-11-2024T10:18:40 - [TEST_STEP][PASSED] - setValueToCellByIndex(sheet01, n, 5, m): null

18-11-2024T10:18:40 - [TEST_STEP][PASSED] - setValueToCellByIndex(sheet01, n, 6, y): null

18-11-2024T10:18:40 - [TEST_STEP][PASSED] - setValueToCellByIndex(sheet01, n, 7, todaysDate): null

18-11-2024T10:18:40 - [TEST_STEP][PASSED] - n = n + 1: null

18-11-2024T10:18:40 - [TEST_STEP][PASSED] - saveWorkbook(excelFilePath, workbook01): null

18-11-2024T10:18:40 - [TEST_STEP][PASSED] - typeOfData = "Факт в процентах": null

18-11-2024T10:18:40 - [TEST_STEP][PASSED] - fileDouble = ").toDouble(): null

18-11-2024T10:18:40 - [TEST_STEP][PASSED] - Script1718980020443.WriteToExcelNoData(a, typeOfData, todaysDate, fileInt, fileDouble, dZO): null

18-11-2024T10:18:40 - [TEST_STEP][PASSED] - sheetName = "Sheet1": null

18-11-2024T10:18:40 - [TEST_STEP][PASSED] - data = findTestData("PlanFact"): null

18-11-2024T10:18:40 - [TEST_STEP][PASSED] - n = data.getRowNumbers() + 1: null

18-11-2024T10:18:40 - [TEST_STEP][PASSED] - year = todaysDate.substring(todaysDate.length() - 4, todaysDate.length()): null

18-11-2024T10:18:40 - [TEST_STEP][PASSED] - y = year.toInteger(): null

18-11-2024T10:18:40 - [TEST_STEP][PASSED] - m = getText(findTestObject("Выполнение бизнес-плана/Период")): Text of object 'Object Repository/Выполнение бизнес-плана/Период' is: '1, 2, 3 кв. 2024 года'

18-11-2024T10:18:40 - [MESSAGE][PASSED] - Text of object 'Object Repository/Выполнение бизнес-плана/Период' is: '1, 2, 3 кв. 2024 года'

18-11-2024T10:18:40 - [TEST_STEP][PASSED] - m = m.substring(0, m.indexOf("2024")): null

18-11-2024T10:18:40 - [TEST_STEP][PASSED] - m = m.trim(): null

18-11-2024T10:18:40 - [TEST_STEP][PASSED] - dashboardName = "Выполнение бизнес-плана": null

18-11-2024T10:18:40 - [TEST_STEP][PASSED] - workbook01 = getWorkbook(excelFilePath): null

18-11-2024T10:18:40 - [TEST_STEP][PASSED] - sheet01 = getExcelSheet(workbook01, sheetName): null

18-11-2024T10:18:40 - [TEST_STEP][PASSED] - setValueToCellByIndex(sheet01, n, 0, dashboardName): null

18-11-2024T10:18:40 - [TEST_STEP][PASSED] - setValueToCellByIndex(sheet01, n, 1, dZO): null

18-11-2024T10:18:40 - [TEST_STEP][PASSED] - setValueToCellByIndex(sheet01, n, 2, typeOfData): null

18-11-2024T10:18:40 - [TEST_STEP][PASSED] - if (typeOfData == "Факт в процентах" || typeOfData == "План в процентах"): null

18-11-2024T10:18:40 - [TEST_STEP][PASSED] - setValueToCellByIndex(sheet01, n, 3, fileDouble): null

18-11-2024T10:18:40 - [TEST_STEP][PASSED] - setValueToCellByIndex(sheet01, n, 4, "нет данных"): null

18-11-2024T10:18:40 - [TEST_STEP][PASSED] - setValueToCellByIndex(sheet01, n, 5, m): null

18-11-2024T10:18:40 - [TEST_STEP][PASSED] - setValueToCellByIndex(sheet01, n, 6, y): null

18-11-2024T10:18:40 - [TEST_STEP][PASSED] - setValueToCellByIndex(sheet01, n, 7, todaysDate): null

18-11-2024T10:18:40 - [TEST_STEP][PASSED] - n = n + 1: null

18-11-2024T10:18:40 - [TEST_STEP][PASSED] - saveWorkbook(excelFilePath, workbook01): null

18-11-2024T10:18:40 - [TEST_STEP][PASSED] - println(dzoNum): null

18-11-2024T10:18:41 - [TEST_STEP][PASSED] - dZO = "Россети Ленэнерго": null

18-11-2024T10:18:41 - [TEST_STEP][PASSED] - a = 77: null

18-11-2024T10:18:41 - [TEST_STEP][PASSED] - if (x1.contains(dZO)): null

18-11-2024T10:18:41 - [TEST_STEP][PASSED] - else: null

18-11-2024T10:18:41 - [TEST_STEP][PASSED] - Script1718980020443.NoData(a, typeOfData, todaysDate, fileInt, fileDouble, dZO): null

18-11-2024T10:18:41 - [TEST_STEP][PASSED] - println(a): null

18-11-2024T10:18:41 - [TEST_STEP][PASSED] - println(todaysDate): null

18-11-2024T10:18:41 - [TEST_STEP][PASSED] - println(fileInt): null

18-11-2024T10:18:41 - [TEST_STEP][PASSED] - println(fileDouble): null

18-11-2024T10:18:41 - [TEST_STEP][PASSED] - println(dZO): null

18-11-2024T10:18:41 - [TEST_STEP][PASSED] - typeOfData = "Факт Отпуск в сеть": null

18-11-2024T10:18:41 - [TEST_STEP][PASSED] - fileInt = replaceAll("\s+", "").toInteger(): null

18-11-2024T10:18:41 - [TEST_STEP][PASSED] - Script1718980020443.WriteToExcelNoData(a, typeOfData, todaysDate, fileInt, fileDouble, dZO): null

18-11-2024T10:18:41 - [TEST_STEP][PASSED] - sheetName = "Sheet1": null

18-11-2024T10:18:41 - [TEST_STEP][PASSED] - data = findTestData("PlanFact"): null

18-11-2024T10:18:41 - [TEST_STEP][PASSED] - n = data.getRowNumbers() + 1: null

18-11-2024T10:18:41 - [TEST_STEP][PASSED] - year = todaysDate.substring(todaysDate.length() - 4, todaysDate.length()): null

18-11-2024T10:18:41 - [TEST_STEP][PASSED] - y = year.toInteger(): null

18-11-2024T10:18:41 - [TEST_STEP][PASSED] - m = getText(findTestObject("Выполнение бизнес-плана/Период")): Text of object 'Object Repository/Выполнение бизнес-плана/Период' is: '1, 2, 3 кв. 2024 года'

18-11-2024T10:18:41 - [MESSAGE][PASSED] - Text of object 'Object Repository/Выполнение бизнес-плана/Период' is: '1, 2, 3 кв. 2024 года'

18-11-2024T10:18:41 - [TEST_STEP][PASSED] - m = m.substring(0, m.indexOf("2024")): null

18-11-2024T10:18:41 - [TEST_STEP][PASSED] - m = m.trim(): null

18-11-2024T10:18:41 - [TEST_STEP][PASSED] - dashboardName = "Выполнение бизнес-плана": null

18-11-2024T10:18:41 - [TEST_STEP][PASSED] - workbook01 = getWorkbook(excelFilePath): null

18-11-2024T10:18:41 - [TEST_STEP][PASSED] - sheet01 = getExcelSheet(workbook01, sheetName): null

18-11-2024T10:18:41 - [TEST_STEP][PASSED] - setValueToCellByIndex(sheet01, n, 0, dashboardName): null

18-11-2024T10:18:41 - [TEST_STEP][PASSED] - setValueToCellByIndex(sheet01, n, 1, dZO): null

18-11-2024T10:18:41 - [TEST_STEP][PASSED] - setValueToCellByIndex(sheet01, n, 2, typeOfData): null

18-11-2024T10:18:41 - [TEST_STEP][PASSED] - if (typeOfData == "Факт в процентах" || typeOfData == "План в процентах"): null

18-11-2024T10:18:41 - [TEST_STEP][PASSED] - else: null

18-11-2024T10:18:41 - [TEST_STEP][PASSED] - setValueToCellByIndex(sheet01, n, 3, fileInt): null

18-11-2024T10:18:41 - [TEST_STEP][PASSED] - setValueToCellByIndex(sheet01, n, 4, "нет данных"): null

18-11-2024T10:18:41 - [TEST_STEP][PASSED] - setValueToCellByIndex(sheet01, n, 5, m): null

18-11-2024T10:18:41 - [TEST_STEP][PASSED] - setValueToCellByIndex(sheet01, n, 6, y): null

18-11-2024T10:18:41 - [TEST_STEP][PASSED] - setValueToCellByIndex(sheet01, n, 7, todaysDate): null

18-11-2024T10:18:41 - [TEST_STEP][PASSED] - n = n + 1: null

18-11-2024T10:18:41 - [TEST_STEP][PASSED] - saveWorkbook(excelFilePath, workbook01): null

18-11-2024T10:18:41 - [TEST_STEP][PASSED] - typeOfData = "Факт Потери": null

18-11-2024T10:18:41 - [TEST_STEP][PASSED] - fileInt = replaceAll("\s+", "").toInteger(): null

18-11-2024T10:18:41 - [TEST_STEP][PASSED] - Script1718980020443.WriteToExcelNoData(a, typeOfData, todaysDate, fileInt, fileDouble, dZO): null

18-11-2024T10:18:41 - [TEST_STEP][PASSED] - sheetName = "Sheet1": null

18-11-2024T10:18:41 - [TEST_STEP][PASSED] - data = findTestData("PlanFact"): null

18-11-2024T10:18:41 - [TEST_STEP][PASSED] - n = data.getRowNumbers() + 1: null

18-11-2024T10:18:41 - [TEST_STEP][PASSED] - year = todaysDate.substring(todaysDate.length() - 4, todaysDate.length()): null

18-11-2024T10:18:41 - [TEST_STEP][PASSED] - y = year.toInteger(): null

18-11-2024T10:18:41 - [TEST_STEP][PASSED] - m = getText(findTestObject("Выполнение бизнес-плана/Период")): Text of object 'Object Repository/Выполнение бизнес-плана/Период' is: '1, 2, 3 кв. 2024 года'

18-11-2024T10:18:42 - [MESSAGE][PASSED] - Text of object 'Object Repository/Выполнение бизнес-плана/Период' is: '1, 2, 3 кв. 2024 года'

18-11-2024T10:18:42 - [TEST_STEP][PASSED] - m = m.substring(0, m.indexOf("2024")): null

18-11-2024T10:18:42 - [TEST_STEP][PASSED] - m = m.trim(): null

18-11-2024T10:18:42 - [TEST_STEP][PASSED] - dashboardName = "Выполнение бизнес-плана": null

18-11-2024T10:18:42 - [TEST_STEP][PASSED] - workbook01 = getWorkbook(excelFilePath): null

18-11-2024T10:18:42 - [TEST_STEP][PASSED] - sheet01 = getExcelSheet(workbook01, sheetName): null

18-11-2024T10:18:42 - [TEST_STEP][PASSED] - setValueToCellByIndex(sheet01, n, 0, dashboardName): null

18-11-2024T10:18:42 - [TEST_STEP][PASSED] - setValueToCellByIndex(sheet01, n, 1, dZO): null

18-11-2024T10:18:42 - [TEST_STEP][PASSED] - setValueToCellByIndex(sheet01, n, 2, typeOfData): null

18-11-2024T10:18:42 - [TEST_STEP][PASSED] - if (typeOfData == "Факт в процентах" || typeOfData == "План в процентах"): null

18-11-2024T10:18:42 - [TEST_STEP][PASSED] - else: null

18-11-2024T10:18:42 - [TEST_STEP][PASSED] - setValueToCellByIndex(sheet01, n, 3, fileInt): null

18-11-2024T10:18:42 - [TEST_STEP][PASSED] - setValueToCellByIndex(sheet01, n, 4, "нет данных"): null

18-11-2024T10:18:42 - [TEST_STEP][PASSED] - setValueToCellByIndex(sheet01, n, 5, m): null

18-11-2024T10:18:42 - [TEST_STEP][PASSED] - setValueToCellByIndex(sheet01, n, 6, y): null

18-11-2024T10:18:42 - [TEST_STEP][PASSED] - setValueToCellByIndex(sheet01, n, 7, todaysDate): null

18-11-2024T10:18:42 - [TEST_STEP][PASSED] - n = n + 1: null

18-11-2024T10:18:42 - [TEST_STEP][PASSED] - saveWorkbook(excelFilePath, workbook01): null

18-11-2024T10:18:42 - [TEST_STEP][PASSED] - typeOfData = "План Отпуск в сеть": null

18-11-2024T10:18:42 - [TEST_STEP][PASSED] - fileInt = replaceAll("\s+", "").toInteger(): null

18-11-2024T10:18:42 - [TEST_STEP][PASSED] - Script1718980020443.WriteToExcelNoData(a, typeOfData, todaysDate, fileInt, fileDouble, dZO): null

18-11-2024T10:18:42 - [TEST_STEP][PASSED] - sheetName = "Sheet1": null

18-11-2024T10:18:42 - [TEST_STEP][PASSED] - data = findTestData("PlanFact"): null

18-11-2024T10:18:42 - [TEST_STEP][PASSED] - n = data.getRowNumbers() + 1: null

18-11-2024T10:18:42 - [TEST_STEP][PASSED] - year = todaysDate.substring(todaysDate.length() - 4, todaysDate.length()): null

18-11-2024T10:18:42 - [TEST_STEP][PASSED] - y = year.toInteger(): null

18-11-2024T10:18:42 - [TEST_STEP][PASSED] - m = getText(findTestObject("Выполнение бизнес-плана/Период")): Text of object 'Object Repository/Выполнение бизнес-плана/Период' is: '1, 2, 3 кв. 2024 года'

18-11-2024T10:18:42 - [MESSAGE][PASSED] - Text of object 'Object Repository/Выполнение бизнес-плана/Период' is: '1, 2, 3 кв. 2024 года'

18-11-2024T10:18:42 - [TEST_STEP][PASSED] - m = m.substring(0, m.indexOf("2024")): null

18-11-2024T10:18:42 - [TEST_STEP][PASSED] - m = m.trim(): null

18-11-2024T10:18:42 - [TEST_STEP][PASSED] - dashboardName = "Выполнение бизнес-плана": null

18-11-2024T10:18:42 - [TEST_STEP][PASSED] - workbook01 = getWorkbook(excelFilePath): null

18-11-2024T10:18:42 - [TEST_STEP][PASSED] - sheet01 = getExcelSheet(workbook01, sheetName): null

18-11-2024T10:18:42 - [TEST_STEP][PASSED] - setValueToCellByIndex(sheet01, n, 0, dashboardName): null

18-11-2024T10:18:42 - [TEST_STEP][PASSED] - setValueToCellByIndex(sheet01, n, 1, dZO): null

18-11-2024T10:18:42 - [TEST_STEP][PASSED] - setValueToCellByIndex(sheet01, n, 2, typeOfData): null

18-11-2024T10:18:42 - [TEST_STEP][PASSED] - if (typeOfData == "Факт в процентах" || typeOfData == "План в процентах"): null

18-11-2024T10:18:42 - [TEST_STEP][PASSED] - else: null

18-11-2024T10:18:42 - [TEST_STEP][PASSED] - setValueToCellByIndex(sheet01, n, 3, fileInt): null

18-11-2024T10:18:42 - [TEST_STEP][PASSED] - setValueToCellByIndex(sheet01, n, 4, "нет данных"): null

18-11-2024T10:18:42 - [TEST_STEP][PASSED] - setValueToCellByIndex(sheet01, n, 5, m): null

18-11-2024T10:18:42 - [TEST_STEP][PASSED] - setValueToCellByIndex(sheet01, n, 6, y): null

18-11-2024T10:18:42 - [TEST_STEP][PASSED] - setValueToCellByIndex(sheet01, n, 7, todaysDate): null

18-11-2024T10:18:42 - [TEST_STEP][PASSED] - n = n + 1: null

18-11-2024T10:18:42 - [TEST_STEP][PASSED] - saveWorkbook(excelFilePath, workbook01): null

18-11-2024T10:18:43 - [TEST_STEP][PASSED] - typeOfData = "План Потери": null

18-11-2024T10:18:43 - [TEST_STEP][PASSED] - fileInt = replaceAll("\s+", "").toInteger(): null

18-11-2024T10:18:43 - [TEST_STEP][PASSED] - Script1718980020443.WriteToExcelNoData(a, typeOfData, todaysDate, fileInt, fileDouble, dZO): null

18-11-2024T10:18:43 - [TEST_STEP][PASSED] - sheetName = "Sheet1": null

18-11-2024T10:18:43 - [TEST_STEP][PASSED] - data = findTestData("PlanFact"): null

18-11-2024T10:18:43 - [TEST_STEP][PASSED] - n = data.getRowNumbers() + 1: null

18-11-2024T10:18:43 - [TEST_STEP][PASSED] - year = todaysDate.substring(todaysDate.length() - 4, todaysDate.length()): null

18-11-2024T10:18:43 - [TEST_STEP][PASSED] - y = year.toInteger(): null

18-11-2024T10:18:43 - [TEST_STEP][PASSED] - m = getText(findTestObject("Выполнение бизнес-плана/Период")): Text of object 'Object Repository/Выполнение бизнес-плана/Период' is: '1, 2, 3 кв. 2024 года'

18-11-2024T10:18:43 - [MESSAGE][PASSED] - Text of object 'Object Repository/Выполнение бизнес-плана/Период' is: '1, 2, 3 кв. 2024 года'

18-11-2024T10:18:43 - [TEST_STEP][PASSED] - m = m.substring(0, m.indexOf("2024")): null

18-11-2024T10:18:43 - [TEST_STEP][PASSED] - m = m.trim(): null

18-11-2024T10:18:43 - [TEST_STEP][PASSED] - dashboardName = "Выполнение бизнес-плана": null

18-11-2024T10:18:43 - [TEST_STEP][PASSED] - workbook01 = getWorkbook(excelFilePath): null

18-11-2024T10:18:43 - [TEST_STEP][PASSED] - sheet01 = getExcelSheet(workbook01, sheetName): null

18-11-2024T10:18:43 - [TEST_STEP][PASSED] - setValueToCellByIndex(sheet01, n, 0, dashboardName): null

18-11-2024T10:18:43 - [TEST_STEP][PASSED] - setValueToCellByIndex(sheet01, n, 1, dZO): null

18-11-2024T10:18:43 - [TEST_STEP][PASSED] - setValueToCellByIndex(sheet01, n, 2, typeOfData): null

18-11-2024T10:18:43 - [TEST_STEP][PASSED] - if (typeOfData == "Факт в процентах" || typeOfData == "План в процентах"): null

18-11-2024T10:18:43 - [TEST_STEP][PASSED] - else: null

18-11-2024T10:18:43 - [TEST_STEP][PASSED] - setValueToCellByIndex(sheet01, n, 3, fileInt): null

18-11-2024T10:18:43 - [TEST_STEP][PASSED] - setValueToCellByIndex(sheet01, n, 4, "нет данных"): null

18-11-2024T10:18:43 - [TEST_STEP][PASSED] - setValueToCellByIndex(sheet01, n, 5, m): null

18-11-2024T10:18:43 - [TEST_STEP][PASSED] - setValueToCellByIndex(sheet01, n, 6, y): null

18-11-2024T10:18:43 - [TEST_STEP][PASSED] - setValueToCellByIndex(sheet01, n, 7, todaysDate): null

18-11-2024T10:18:43 - [TEST_STEP][PASSED] - n = n + 1: null

18-11-2024T10:18:43 - [TEST_STEP][PASSED] - saveWorkbook(excelFilePath, workbook01): null

18-11-2024T10:18:43 - [TEST_STEP][PASSED] - typeOfData = "План в процентах": null

18-11-2024T10:18:43 - [TEST_STEP][PASSED] - fileDouble = ").toDouble(): null

18-11-2024T10:18:43 - [TEST_STEP][PASSED] - Script1718980020443.WriteToExcelNoData(a, typeOfData, todaysDate, fileInt, fileDouble, dZO): null

18-11-2024T10:18:43 - [TEST_STEP][PASSED] - sheetName = "Sheet1": null

18-11-2024T10:18:43 - [TEST_STEP][PASSED] - data = findTestData("PlanFact"): null

18-11-2024T10:18:43 - [TEST_STEP][PASSED] - n = data.getRowNumbers() + 1: null

18-11-2024T10:18:43 - [TEST_STEP][PASSED] - year = todaysDate.substring(todaysDate.length() - 4, todaysDate.length()): null

18-11-2024T10:18:43 - [TEST_STEP][PASSED] - y = year.toInteger(): null

18-11-2024T10:18:43 - [TEST_STEP][PASSED] - m = getText(findTestObject("Выполнение бизнес-плана/Период")): Text of object 'Object Repository/Выполнение бизнес-плана/Период' is: '1, 2, 3 кв. 2024 года'

18-11-2024T10:18:45 - [MESSAGE][PASSED] - Text of object 'Object Repository/Выполнение бизнес-плана/Период' is: '1, 2, 3 кв. 2024 года'

18-11-2024T10:18:45 - [TEST_STEP][PASSED] - m = m.substring(0, m.indexOf("2024")): null

18-11-2024T10:18:45 - [TEST_STEP][PASSED] - m = m.trim(): null

18-11-2024T10:18:45 - [TEST_STEP][PASSED] - dashboardName = "Выполнение бизнес-плана": null

18-11-2024T10:18:45 - [TEST_STEP][PASSED] - workbook01 = getWorkbook(excelFilePath): null

18-11-2024T10:18:45 - [TEST_STEP][PASSED] - sheet01 = getExcelSheet(workbook01, sheetName): null

18-11-2024T10:18:45 - [TEST_STEP][PASSED] - setValueToCellByIndex(sheet01, n, 0, dashboardName): null

18-11-2024T10:18:45 - [TEST_STEP][PASSED] - setValueToCellByIndex(sheet01, n, 1, dZO): null

18-11-2024T10:18:45 - [TEST_STEP][PASSED] - setValueToCellByIndex(sheet01, n, 2, typeOfData): null

18-11-2024T10:18:45 - [TEST_STEP][PASSED] - if (typeOfData == "Факт в процентах" || typeOfData == "План в процентах"): null

18-11-2024T10:18:45 - [TEST_STEP][PASSED] - setValueToCellByIndex(sheet01, n, 3, fileDouble): null

18-11-2024T10:18:45 - [TEST_STEP][PASSED] - setValueToCellByIndex(sheet01, n, 4, "нет данных"): null

18-11-2024T10:18:45 - [TEST_STEP][PASSED] - setValueToCellByIndex(sheet01, n, 5, m): null

18-11-2024T10:18:45 - [TEST_STEP][PASSED] - setValueToCellByIndex(sheet01, n, 6, y): null

18-11-2024T10:18:45 - [TEST_STEP][PASSED] - setValueToCellByIndex(sheet01, n, 7, todaysDate): null

18-11-2024T10:18:45 - [TEST_STEP][PASSED] - n = n + 1: null

18-11-2024T10:18:45 - [TEST_STEP][PASSED] - saveWorkbook(excelFilePath, workbook01): null

18-11-2024T10:18:45 - [TEST_STEP][PASSED] - typeOfData = "Факт в процентах": null

18-11-2024T10:18:45 - [TEST_STEP][PASSED] - fileDouble = ").toDouble(): null

18-11-2024T10:18:45 - [TEST_STEP][PASSED] - Script1718980020443.WriteToExcelNoData(a, typeOfData, todaysDate, fileInt, fileDouble, dZO): null

18-11-2024T10:18:45 - [TEST_STEP][PASSED] - sheetName = "Sheet1": null

18-11-2024T10:18:45 - [TEST_STEP][PASSED] - data = findTestData("PlanFact"): null

18-11-2024T10:18:45 - [TEST_STEP][PASSED] - n = data.getRowNumbers() + 1: null

18-11-2024T10:18:45 - [TEST_STEP][PASSED] - year = todaysDate.substring(todaysDate.length() - 4, todaysDate.length()): null

18-11-2024T10:18:45 - [TEST_STEP][PASSED] - y = year.toInteger(): null

18-11-2024T10:18:45 - [TEST_STEP][PASSED] - m = getText(findTestObject("Выполнение бизнес-плана/Период")): Text of object 'Object Repository/Выполнение бизнес-плана/Период' is: '1, 2, 3 кв. 2024 года'

18-11-2024T10:18:45 - [MESSAGE][PASSED] - Text of object 'Object Repository/Выполнение бизнес-плана/Период' is: '1, 2, 3 кв. 2024 года'

18-11-2024T10:18:45 - [TEST_STEP][PASSED] - m = m.substring(0, m.indexOf("2024")): null

18-11-2024T10:18:45 - [TEST_STEP][PASSED] - m = m.trim(): null

18-11-2024T10:18:45 - [TEST_STEP][PASSED] - dashboardName = "Выполнение бизнес-плана": null

18-11-2024T10:18:45 - [TEST_STEP][PASSED] - workbook01 = getWorkbook(excelFilePath): null

18-11-2024T10:18:46 - [TEST_STEP][PASSED] - sheet01 = getExcelSheet(workbook01, sheetName): null

18-11-2024T10:18:46 - [TEST_STEP][PASSED] - setValueToCellByIndex(sheet01, n, 0, dashboardName): null

18-11-2024T10:18:46 - [TEST_STEP][PASSED] - setValueToCellByIndex(sheet01, n, 1, dZO): null

18-11-2024T10:18:46 - [TEST_STEP][PASSED] - setValueToCellByIndex(sheet01, n, 2, typeOfData): null

18-11-2024T10:18:46 - [TEST_STEP][PASSED] - if (typeOfData == "Факт в процентах" || typeOfData == "План в процентах"): null

18-11-2024T10:18:46 - [TEST_STEP][PASSED] - setValueToCellByIndex(sheet01, n, 3, fileDouble): null

18-11-2024T10:18:46 - [TEST_STEP][PASSED] - setValueToCellByIndex(sheet01, n, 4, "нет данных"): null

18-11-2024T10:18:46 - [TEST_STEP][PASSED] - setValueToCellByIndex(sheet01, n, 5, m): null

18-11-2024T10:18:46 - [TEST_STEP][PASSED] - setValueToCellByIndex(sheet01, n, 6, y): null

18-11-2024T10:18:46 - [TEST_STEP][PASSED] - setValueToCellByIndex(sheet01, n, 7, todaysDate): null

18-11-2024T10:18:46 - [TEST_STEP][PASSED] - n = n + 1: null

18-11-2024T10:18:46 - [TEST_STEP][PASSED] - saveWorkbook(excelFilePath, workbook01): null

18-11-2024T10:18:46 - [TEST_STEP][PASSED] - println(dzoNum): null

18-11-2024T10:18:46 - [TEST_STEP][PASSED] - dZO = "Россети Московский регион": null

18-11-2024T10:18:46 - [TEST_STEP][PASSED] - a = 74: null

18-11-2024T10:18:46 - [TEST_STEP][PASSED] - if (x1.contains(dZO)): null

18-11-2024T10:18:46 - [TEST_STEP][PASSED] - else: null

18-11-2024T10:18:46 - [TEST_STEP][PASSED] - Script1718980020443.NoData(a, typeOfData, todaysDate, fileInt, fileDouble, dZO): null

18-11-2024T10:18:46 - [TEST_STEP][PASSED] - println(a): null

18-11-2024T10:18:46 - [TEST_STEP][PASSED] - println(todaysDate): null

18-11-2024T10:18:46 - [TEST_STEP][PASSED] - println(fileInt): null

18-11-2024T10:18:46 - [TEST_STEP][PASSED] - println(fileDouble): null

18-11-2024T10:18:46 - [TEST_STEP][PASSED] - println(dZO): null

18-11-2024T10:18:46 - [TEST_STEP][PASSED] - typeOfData = "Факт Отпуск в сеть": null

18-11-2024T10:18:46 - [TEST_STEP][PASSED] - fileInt = replaceAll("\s+", "").toInteger(): null

18-11-2024T10:18:46 - [TEST_STEP][PASSED] - Script1718980020443.WriteToExcelNoData(a, typeOfData, todaysDate, fileInt, fileDouble, dZO): null

18-11-2024T10:18:46 - [TEST_STEP][PASSED] - sheetName = "Sheet1": null

18-11-2024T10:18:46 - [TEST_STEP][PASSED] - data = findTestData("PlanFact"): null

18-11-2024T10:18:46 - [TEST_STEP][PASSED] - n = data.getRowNumbers() + 1: null

18-11-2024T10:18:46 - [TEST_STEP][PASSED] - year = todaysDate.substring(todaysDate.length() - 4, todaysDate.length()): null

18-11-2024T10:18:46 - [TEST_STEP][PASSED] - y = year.toInteger(): null

18-11-2024T10:18:46 - [TEST_STEP][PASSED] - m = getText(findTestObject("Выполнение бизнес-плана/Период")): Text of object 'Object Repository/Выполнение бизнес-плана/Период' is: '1, 2, 3 кв. 2024 года'

18-11-2024T10:18:46 - [MESSAGE][PASSED] - Text of object 'Object Repository/Выполнение бизнес-плана/Период' is: '1, 2, 3 кв. 2024 года'

18-11-2024T10:18:46 - [TEST_STEP][PASSED] - m = m.substring(0, m.indexOf("2024")): null

18-11-2024T10:18:46 - [TEST_STEP][PASSED] - m = m.trim(): null

18-11-2024T10:18:46 - [TEST_STEP][PASSED] - dashboardName = "Выполнение бизнес-плана": null

18-11-2024T10:18:46 - [TEST_STEP][PASSED] - workbook01 = getWorkbook(excelFilePath): null

18-11-2024T10:18:46 - [TEST_STEP][PASSED] - sheet01 = getExcelSheet(workbook01, sheetName): null

18-11-2024T10:18:46 - [TEST_STEP][PASSED] - setValueToCellByIndex(sheet01, n, 0, dashboardName): null

18-11-2024T10:18:46 - [TEST_STEP][PASSED] - setValueToCellByIndex(sheet01, n, 1, dZO): null

18-11-2024T10:18:46 - [TEST_STEP][PASSED] - setValueToCellByIndex(sheet01, n, 2, typeOfData): null

18-11-2024T10:18:46 - [TEST_STEP][PASSED] - if (typeOfData == "Факт в процентах" || typeOfData == "План в процентах"): null

18-11-2024T10:18:46 - [TEST_STEP][PASSED] - else: null

18-11-2024T10:18:46 - [TEST_STEP][PASSED] - setValueToCellByIndex(sheet01, n, 3, fileInt): null

18-11-2024T10:18:46 - [TEST_STEP][PASSED] - setValueToCellByIndex(sheet01, n, 4, "нет данных"): null

18-11-2024T10:18:46 - [TEST_STEP][PASSED] - setValueToCellByIndex(sheet01, n, 5, m): null

18-11-2024T10:18:46 - [TEST_STEP][PASSED] - setValueToCellByIndex(sheet01, n, 6, y): null

18-11-2024T10:18:46 - [TEST_STEP][PASSED] - setValueToCellByIndex(sheet01, n, 7, todaysDate): null

18-11-2024T10:18:46 - [TEST_STEP][PASSED] - n = n + 1: null

18-11-2024T10:18:46 - [TEST_STEP][PASSED] - saveWorkbook(excelFilePath, workbook01): null

18-11-2024T10:18:46 - [TEST_STEP][PASSED] - typeOfData = "Факт Потери": null

18-11-2024T10:18:46 - [TEST_STEP][PASSED] - fileInt = replaceAll("\s+", "").toInteger(): null

18-11-2024T10:18:46 - [TEST_STEP][PASSED] - Script1718980020443.WriteToExcelNoData(a, typeOfData, todaysDate, fileInt, fileDouble, dZO): null

18-11-2024T10:18:46 - [TEST_STEP][PASSED] - sheetName = "Sheet1": null

18-11-2024T10:18:46 - [TEST_STEP][PASSED] - data = findTestData("PlanFact"): null

18-11-2024T10:18:46 - [TEST_STEP][PASSED] - n = data.getRowNumbers() + 1: null

18-11-2024T10:18:46 - [TEST_STEP][PASSED] - year = todaysDate.substring(todaysDate.length() - 4, todaysDate.length()): null

18-11-2024T10:18:46 - [TEST_STEP][PASSED] - y = year.toInteger(): null

18-11-2024T10:18:46 - [TEST_STEP][PASSED] - m = getText(findTestObject("Выполнение бизнес-плана/Период")): Text of object 'Object Repository/Выполнение бизнес-плана/Период' is: '1, 2, 3 кв. 2024 года'

18-11-2024T10:18:47 - [MESSAGE][PASSED] - Text of object 'Object Repository/Выполнение бизнес-плана/Период' is: '1, 2, 3 кв. 2024 года'

18-11-2024T10:18:47 - [TEST_STEP][PASSED] - m = m.substring(0, m.indexOf("2024")): null

18-11-2024T10:18:47 - [TEST_STEP][PASSED] - m = m.trim(): null

18-11-2024T10:18:47 - [TEST_STEP][PASSED] - dashboardName = "Выполнение бизнес-плана": null

18-11-2024T10:18:47 - [TEST_STEP][PASSED] - workbook01 = getWorkbook(excelFilePath): null

18-11-2024T10:18:47 - [TEST_STEP][PASSED] - sheet01 = getExcelSheet(workbook01, sheetName): null

18-11-2024T10:18:47 - [TEST_STEP][PASSED] - setValueToCellByIndex(sheet01, n, 0, dashboardName): null

18-11-2024T10:18:47 - [TEST_STEP][PASSED] - setValueToCellByIndex(sheet01, n, 1, dZO): null

18-11-2024T10:18:47 - [TEST_STEP][PASSED] - setValueToCellByIndex(sheet01, n, 2, typeOfData): null

18-11-2024T10:18:47 - [TEST_STEP][PASSED] - if (typeOfData == "Факт в процентах" || typeOfData == "План в процентах"): null

18-11-2024T10:18:47 - [TEST_STEP][PASSED] - else: null

18-11-2024T10:18:47 - [TEST_STEP][PASSED] - setValueToCellByIndex(sheet01, n, 3, fileInt): null

18-11-2024T10:18:47 - [TEST_STEP][PASSED] - setValueToCellByIndex(sheet01, n, 4, "нет данных"): null

18-11-2024T10:18:47 - [TEST_STEP][PASSED] - setValueToCellByIndex(sheet01, n, 5, m): null

18-11-2024T10:18:47 - [TEST_STEP][PASSED] - setValueToCellByIndex(sheet01, n, 6, y): null

18-11-2024T10:18:47 - [TEST_STEP][PASSED] - setValueToCellByIndex(sheet01, n, 7, todaysDate): null

18-11-2024T10:18:47 - [TEST_STEP][PASSED] - n = n + 1: null

18-11-2024T10:18:47 - [TEST_STEP][PASSED] - saveWorkbook(excelFilePath, workbook01): null

18-11-2024T10:18:47 - [TEST_STEP][PASSED] - typeOfData = "План Отпуск в сеть": null

18-11-2024T10:18:47 - [TEST_STEP][PASSED] - fileInt = replaceAll("\s+", "").toInteger(): null

18-11-2024T10:18:47 - [TEST_STEP][PASSED] - Script1718980020443.WriteToExcelNoData(a, typeOfData, todaysDate, fileInt, fileDouble, dZO): null

18-11-2024T10:18:47 - [TEST_STEP][PASSED] - sheetName = "Sheet1": null

18-11-2024T10:18:47 - [TEST_STEP][PASSED] - data = findTestData("PlanFact"): null

18-11-2024T10:18:47 - [TEST_STEP][PASSED] - n = data.getRowNumbers() + 1: null

18-11-2024T10:18:47 - [TEST_STEP][PASSED] - year = todaysDate.substring(todaysDate.length() - 4, todaysDate.length()): null

18-11-2024T10:18:47 - [TEST_STEP][PASSED] - y = year.toInteger(): null

18-11-2024T10:18:47 - [TEST_STEP][PASSED] - m = getText(findTestObject("Выполнение бизнес-плана/Период")): Text of object 'Object Repository/Выполнение бизнес-плана/Период' is: '1, 2, 3 кв. 2024 года'

18-11-2024T10:18:47 - [MESSAGE][PASSED] - Text of object 'Object Repository/Выполнение бизнес-плана/Период' is: '1, 2, 3 кв. 2024 года'

18-11-2024T10:18:47 - [TEST_STEP][PASSED] - m = m.substring(0, m.indexOf("2024")): null

18-11-2024T10:18:47 - [TEST_STEP][PASSED] - m = m.trim(): null

18-11-2024T10:18:47 - [TEST_STEP][PASSED] - dashboardName = "Выполнение бизнес-плана": null

18-11-2024T10:18:47 - [TEST_STEP][PASSED] - workbook01 = getWorkbook(excelFilePath): null

18-11-2024T10:18:47 - [TEST_STEP][PASSED] - sheet01 = getExcelSheet(workbook01, sheetName): null

18-11-2024T10:18:47 - [TEST_STEP][PASSED] - setValueToCellByIndex(sheet01, n, 0, dashboardName): null

18-11-2024T10:18:47 - [TEST_STEP][PASSED] - setValueToCellByIndex(sheet01, n, 1, dZO): null

18-11-2024T10:18:47 - [TEST_STEP][PASSED] - setValueToCellByIndex(sheet01, n, 2, typeOfData): null

18-11-2024T10:18:47 - [TEST_STEP][PASSED] - if (typeOfData == "Факт в процентах" || typeOfData == "План в процентах"): null

18-11-2024T10:18:47 - [TEST_STEP][PASSED] - else: null

18-11-2024T10:18:47 - [TEST_STEP][PASSED] - setValueToCellByIndex(sheet01, n, 3, fileInt): null

18-11-2024T10:18:47 - [TEST_STEP][PASSED] - setValueToCellByIndex(sheet01, n, 4, "нет данных"): null

18-11-2024T10:18:47 - [TEST_STEP][PASSED] - setValueToCellByIndex(sheet01, n, 5, m): null

18-11-2024T10:18:47 - [TEST_STEP][PASSED] - setValueToCellByIndex(sheet01, n, 6, y): null

18-11-2024T10:18:47 - [TEST_STEP][PASSED] - setValueToCellByIndex(sheet01, n, 7, todaysDate): null

18-11-2024T10:18:47 - [TEST_STEP][PASSED] - n = n + 1: null

18-11-2024T10:18:47 - [TEST_STEP][PASSED] - saveWorkbook(excelFilePath, workbook01): null

18-11-2024T10:18:48 - [TEST_STEP][PASSED] - typeOfData = "План Потери": null

18-11-2024T10:18:48 - [TEST_STEP][PASSED] - fileInt = replaceAll("\s+", "").toInteger(): null

18-11-2024T10:18:48 - [TEST_STEP][PASSED] - Script1718980020443.WriteToExcelNoData(a, typeOfData, todaysDate, fileInt, fileDouble, dZO): null

18-11-2024T10:18:48 - [TEST_STEP][PASSED] - sheetName = "Sheet1": null

18-11-2024T10:18:48 - [TEST_STEP][PASSED] - data = findTestData("PlanFact"): null

18-11-2024T10:18:48 - [TEST_STEP][PASSED] - n = data.getRowNumbers() + 1: null

18-11-2024T10:18:48 - [TEST_STEP][PASSED] - year = todaysDate.substring(todaysDate.length() - 4, todaysDate.length()): null

18-11-2024T10:18:48 - [TEST_STEP][PASSED] - y = year.toInteger(): null

18-11-2024T10:18:48 - [TEST_STEP][PASSED] - m = getText(findTestObject("Выполнение бизнес-плана/Период")): Text of object 'Object Repository/Выполнение бизнес-плана/Период' is: '1, 2, 3 кв. 2024 года'

18-11-2024T10:18:48 - [MESSAGE][PASSED] - Text of object 'Object Repository/Выполнение бизнес-плана/Период' is: '1, 2, 3 кв. 2024 года'

18-11-2024T10:18:48 - [TEST_STEP][PASSED] - m = m.substring(0, m.indexOf("2024")): null

18-11-2024T10:18:48 - [TEST_STEP][PASSED] - m = m.trim(): null

18-11-2024T10:18:48 - [TEST_STEP][PASSED] - dashboardName = "Выполнение бизнес-плана": null

18-11-2024T10:18:48 - [TEST_STEP][PASSED] - workbook01 = getWorkbook(excelFilePath): null

18-11-2024T10:18:48 - [TEST_STEP][PASSED] - sheet01 = getExcelSheet(workbook01, sheetName): null

18-11-2024T10:18:48 - [TEST_STEP][PASSED] - setValueToCellByIndex(sheet01, n, 0, dashboardName): null

18-11-2024T10:18:48 - [TEST_STEP][PASSED] - setValueToCellByIndex(sheet01, n, 1, dZO): null

18-11-2024T10:18:48 - [TEST_STEP][PASSED] - setValueToCellByIndex(sheet01, n, 2, typeOfData): null

18-11-2024T10:18:48 - [TEST_STEP][PASSED] - if (typeOfData == "Факт в процентах" || typeOfData == "План в процентах"): null

18-11-2024T10:18:48 - [TEST_STEP][PASSED] - else: null

18-11-2024T10:18:48 - [TEST_STEP][PASSED] - setValueToCellByIndex(sheet01, n, 3, fileInt): null

18-11-2024T10:18:48 - [TEST_STEP][PASSED] - setValueToCellByIndex(sheet01, n, 4, "нет данных"): null

18-11-2024T10:18:48 - [TEST_STEP][PASSED] - setValueToCellByIndex(sheet01, n, 5, m): null

18-11-2024T10:18:48 - [TEST_STEP][PASSED] - setValueToCellByIndex(sheet01, n, 6, y): null

18-11-2024T10:18:48 - [TEST_STEP][PASSED] - setValueToCellByIndex(sheet01, n, 7, todaysDate): null

18-11-2024T10:18:48 - [TEST_STEP][PASSED] - n = n + 1: null

18-11-2024T10:18:48 - [TEST_STEP][PASSED] - saveWorkbook(excelFilePath, workbook01): null

18-11-2024T10:18:48 - [TEST_STEP][PASSED] - typeOfData = "План в процентах": null

18-11-2024T10:18:48 - [TEST_STEP][PASSED] - fileDouble = ").toDouble(): null

18-11-2024T10:18:48 - [TEST_STEP][PASSED] - Script1718980020443.WriteToExcelNoData(a, typeOfData, todaysDate, fileInt, fileDouble, dZO): null

18-11-2024T10:18:48 - [TEST_STEP][PASSED] - sheetName = "Sheet1": null

18-11-2024T10:18:48 - [TEST_STEP][PASSED] - data = findTestData("PlanFact"): null

18-11-2024T10:18:48 - [TEST_STEP][PASSED] - n = data.getRowNumbers() + 1: null

18-11-2024T10:18:48 - [TEST_STEP][PASSED] - year = todaysDate.substring(todaysDate.length() - 4, todaysDate.length()): null

18-11-2024T10:18:48 - [TEST_STEP][PASSED] - y = year.toInteger(): null

18-11-2024T10:18:48 - [TEST_STEP][PASSED] - m = getText(findTestObject("Выполнение бизнес-плана/Период")): Text of object 'Object Repository/Выполнение бизнес-плана/Период' is: '1, 2, 3 кв. 2024 года'

18-11-2024T10:18:49 - [MESSAGE][PASSED] - Text of object 'Object Repository/Выполнение бизнес-плана/Период' is: '1, 2, 3 кв. 2024 года'

18-11-2024T10:18:49 - [TEST_STEP][PASSED] - m = m.substring(0, m.indexOf("2024")): null

18-11-2024T10:18:49 - [TEST_STEP][PASSED] - m = m.trim(): null

18-11-2024T10:18:49 - [TEST_STEP][PASSED] - dashboardName = "Выполнение бизнес-плана": null

18-11-2024T10:18:49 - [TEST_STEP][PASSED] - workbook01 = getWorkbook(excelFilePath): null

18-11-2024T10:18:49 - [TEST_STEP][PASSED] - sheet01 = getExcelSheet(workbook01, sheetName): null

18-11-2024T10:18:49 - [TEST_STEP][PASSED] - setValueToCellByIndex(sheet01, n, 0, dashboardName): null

18-11-2024T10:18:49 - [TEST_STEP][PASSED] - setValueToCellByIndex(sheet01, n, 1, dZO): null

18-11-2024T10:18:49 - [TEST_STEP][PASSED] - setValueToCellByIndex(sheet01, n, 2, typeOfData): null

18-11-2024T10:18:49 - [TEST_STEP][PASSED] - if (typeOfData == "Факт в процентах" || typeOfData == "План в процентах"): null

18-11-2024T10:18:49 - [TEST_STEP][PASSED] - setValueToCellByIndex(sheet01, n, 3, fileDouble): null

18-11-2024T10:18:49 - [TEST_STEP][PASSED] - setValueToCellByIndex(sheet01, n, 4, "нет данных"): null

18-11-2024T10:18:49 - [TEST_STEP][PASSED] - setValueToCellByIndex(sheet01, n, 5, m): null

18-11-2024T10:18:49 - [TEST_STEP][PASSED] - setValueToCellByIndex(sheet01, n, 6, y): null

18-11-2024T10:18:49 - [TEST_STEP][PASSED] - setValueToCellByIndex(sheet01, n, 7, todaysDate): null

18-11-2024T10:18:49 - [TEST_STEP][PASSED] - n = n + 1: null

18-11-2024T10:18:49 - [TEST_STEP][PASSED] - saveWorkbook(excelFilePath, workbook01): null

18-11-2024T10:18:49 - [TEST_STEP][PASSED] - typeOfData = "Факт в процентах": null

18-11-2024T10:18:49 - [TEST_STEP][PASSED] - fileDouble = ").toDouble(): null

18-11-2024T10:18:49 - [TEST_STEP][PASSED] - Script1718980020443.WriteToExcelNoData(a, typeOfData, todaysDate, fileInt, fileDouble, dZO): null

18-11-2024T10:18:49 - [TEST_STEP][PASSED] - sheetName = "Sheet1": null

18-11-2024T10:18:49 - [TEST_STEP][PASSED] - data = findTestData("PlanFact"): null

18-11-2024T10:18:49 - [TEST_STEP][PASSED] - n = data.getRowNumbers() + 1: null

18-11-2024T10:18:49 - [TEST_STEP][PASSED] - year = todaysDate.substring(todaysDate.length() - 4, todaysDate.length()): null

18-11-2024T10:18:49 - [TEST_STEP][PASSED] - y = year.toInteger(): null

18-11-2024T10:18:49 - [TEST_STEP][PASSED] - m = getText(findTestObject("Выполнение бизнес-плана/Период")): Text of object 'Object Repository/Выполнение бизнес-плана/Период' is: '1, 2, 3 кв. 2024 года'

18-11-2024T10:18:49 - [MESSAGE][PASSED] - Text of object 'Object Repository/Выполнение бизнес-плана/Период' is: '1, 2, 3 кв. 2024 года'

18-11-2024T10:18:49 - [TEST_STEP][PASSED] - m = m.substring(0, m.indexOf("2024")): null

18-11-2024T10:18:49 - [TEST_STEP][PASSED] - m = m.trim(): null

18-11-2024T10:18:49 - [TEST_STEP][PASSED] - dashboardName = "Выполнение бизнес-плана": null

18-11-2024T10:18:49 - [TEST_STEP][PASSED] - workbook01 = getWorkbook(excelFilePath): null

18-11-2024T10:18:50 - [TEST_STEP][PASSED] - sheet01 = getExcelSheet(workbook01, sheetName): null

18-11-2024T10:18:50 - [TEST_STEP][PASSED] - setValueToCellByIndex(sheet01, n, 0, dashboardName): null

18-11-2024T10:18:50 - [TEST_STEP][PASSED] - setValueToCellByIndex(sheet01, n, 1, dZO): null

18-11-2024T10:18:50 - [TEST_STEP][PASSED] - setValueToCellByIndex(sheet01, n, 2, typeOfData): null

18-11-2024T10:18:50 - [TEST_STEP][PASSED] - if (typeOfData == "Факт в процентах" || typeOfData == "План в процентах"): null

18-11-2024T10:18:50 - [TEST_STEP][PASSED] - setValueToCellByIndex(sheet01, n, 3, fileDouble): null

18-11-2024T10:18:50 - [TEST_STEP][PASSED] - setValueToCellByIndex(sheet01, n, 4, "нет данных"): null

18-11-2024T10:18:50 - [TEST_STEP][PASSED] - setValueToCellByIndex(sheet01, n, 5, m): null

18-11-2024T10:18:50 - [TEST_STEP][PASSED] - setValueToCellByIndex(sheet01, n, 6, y): null

18-11-2024T10:18:50 - [TEST_STEP][PASSED] - setValueToCellByIndex(sheet01, n, 7, todaysDate): null

18-11-2024T10:18:50 - [TEST_STEP][PASSED] - n = n + 1: null

18-11-2024T10:18:50 - [TEST_STEP][PASSED] - saveWorkbook(excelFilePath, workbook01): null

18-11-2024T10:18:50 - [TEST_STEP][PASSED] - println(dzoNum): null

18-11-2024T10:18:50 - [TEST_STEP][PASSED] - dZO = "Россети Северный Кавказ": null

18-11-2024T10:18:50 - [TEST_STEP][PASSED] - a = 65: null

18-11-2024T10:18:50 - [TEST_STEP][PASSED] - if (x1.contains(dZO)): null

18-11-2024T10:18:50 - [TEST_STEP][PASSED] - dzoNum = dzoNum + 1: null

18-11-2024T10:18:50 - [TEST_STEP][PASSED] - Script1718980020443.Numbers(a, typeOfData, todaysDate, pageInt, fileInt, pageDouble, fileDouble, dZO, dzoNum, filialNum): null

18-11-2024T10:18:50 - [TEST_STEP][PASSED] - println(dzoNum): null

18-11-2024T10:18:50 - [TEST_STEP][PASSED] - planFact = <not implemented yet for class: org.codehaus.groovy.ast.expr.EmptyExpression>: null

18-11-2024T10:18:50 - [TEST_STEP][PASSED] - page = <not implemented yet for class: org.codehaus.groovy.ast.expr.EmptyExpression>: null

18-11-2024T10:18:50 - [TEST_STEP][PASSED] - page1 = <not implemented yet for class: org.codehaus.groovy.ast.expr.EmptyExpression>: null

18-11-2024T10:18:50 - [TEST_STEP][PASSED] - page2 = <not implemented yet for class: org.codehaus.groovy.ast.expr.EmptyExpression>: null

18-11-2024T10:18:50 - [TEST_STEP][PASSED] - filialNumberInRow = <not implemented yet for class: org.codehaus.groovy.ast.expr.EmptyExpression>: null

18-11-2024T10:18:50 - [TEST_STEP][PASSED] - filialsDzoNames = <not implemented yet for class: org.codehaus.groovy.ast.expr.EmptyExpression>: null

18-11-2024T10:18:50 - [TEST_STEP][PASSED] - numberOfFilials = <not implemented yet for class: org.codehaus.groovy.ast.expr.EmptyExpression>: null

18-11-2024T10:18:50 - [TEST_STEP][PASSED] - numberOfSpaces = <not implemented yet for class: org.codehaus.groovy.ast.expr.EmptyExpression>: null

18-11-2024T10:18:50 - [TEST_STEP][PASSED] - file = <not implemented yet for class: org.codehaus.groovy.ast.expr.EmptyExpression>: null

18-11-2024T10:18:50 - [TEST_STEP][PASSED] - otpusk = <not implemented yet for class: org.codehaus.groovy.ast.expr.EmptyExpression>: null

18-11-2024T10:18:50 - [TEST_STEP][PASSED] - poteri = <not implemented yet for class: org.codehaus.groovy.ast.expr.EmptyExpression>: null

18-11-2024T10:18:50 - [TEST_STEP][PASSED] - dataFolder = "Выполнение бизнес-плана/Значения со страницы Выполнение бизнес-плана/": null

18-11-2024T10:18:50 - [TEST_STEP][PASSED] - path = <not implemented yet for class: org.codehaus.groovy.ast.expr.EmptyExpression>: null

18-11-2024T10:18:50 - [TEST_STEP][PASSED] - typeOfDataMain = <not implemented yet for class: org.codehaus.groovy.ast.expr.EmptyExpression>: null

18-11-2024T10:18:50 - [TEST_STEP][PASSED] - fileOtpuskVSet = <not implemented yet for class: org.codehaus.groovy.ast.expr.EmptyExpression>: null

18-11-2024T10:18:50 - [TEST_STEP][PASSED] - pageOtpuskVSet = <not implemented yet for class: org.codehaus.groovy.ast.expr.EmptyExpression>: null

18-11-2024T10:18:50 - [TEST_STEP][PASSED] - filePoteri = <not implemented yet for class: org.codehaus.groovy.ast.expr.EmptyExpression>: null

18-11-2024T10:18:50 - [TEST_STEP][PASSED] - pagePoteri = <not implemented yet for class: org.codehaus.groovy.ast.expr.EmptyExpression>: null

18-11-2024T10:18:50 - [TEST_STEP][PASSED] - compare = <not implemented yet for class: org.codehaus.groovy.ast.expr.EmptyExpression>: null

18-11-2024T10:18:50 - [TEST_STEP][PASSED] - b = <not implemented yet for class: org.codehaus.groovy.ast.expr.EmptyExpression>: null

18-11-2024T10:18:50 - [TEST_STEP][PASSED] - i = <not implemented yet for class: org.codehaus.groovy.ast.expr.EmptyExpression>: null

18-11-2024T10:18:50 - [TEST_STEP][PASSED] - ii = <not implemented yet for class: org.codehaus.groovy.ast.expr.EmptyExpression>: null

18-11-2024T10:18:50 - [TEST_STEP][PASSED] - c = <not implemented yet for class: org.codehaus.groovy.ast.expr.EmptyExpression>: null

18-11-2024T10:18:50 - [TEST_STEP][PASSED] - numberOfErrors = 0: null

18-11-2024T10:18:50 - [TEST_STEP][PASSED] - if (a == 82): null

18-11-2024T10:18:50 - [TEST_STEP][PASSED] - b = findTestData("PlanFact").getValue(1, a): null

18-11-2024T10:18:50 - [TEST_STEP][PASSED] - i = b.indexOf(" (ГК)"): null

18-11-2024T10:18:50 - [TEST_STEP][PASSED] - if (i > -1): null

18-11-2024T10:18:50 - [TEST_STEP][PASSED] - i = b.indexOf("О ""): null

18-11-2024T10:18:50 - [TEST_STEP][PASSED] - if (i > -1): null

18-11-2024T10:18:50 - [TEST_STEP][PASSED] - i = b.indexOf("О «"): null

18-11-2024T10:18:50 - [TEST_STEP][PASSED] - if (i > -1): null

18-11-2024T10:18:50 - [TEST_STEP][PASSED] - i = b.indexOf("г. "): null

18-11-2024T10:18:50 - [TEST_STEP][PASSED] - if (i > -1): null

18-11-2024T10:18:50 - [TEST_STEP][PASSED] - println(b): null

18-11-2024T10:18:50 - [TEST_STEP][PASSED] - for ([planFact = 1, planFact < 3, (planFact++)]): null

18-11-2024T10:18:50 - [TEST_STEP][PASSED] - if (planFact == 1): null

18-11-2024T10:18:50 - [TEST_STEP][PASSED] - typeOfDataMain = "Факт": null

18-11-2024T10:18:50 - [TEST_STEP][PASSED] - otpusk = findTestData("PlanFact").getValue(5, a): null

18-11-2024T10:18:50 - [TEST_STEP][PASSED] - poteri = findTestData("PlanFact").getValue(6, a): null

18-11-2024T10:18:50 - [TEST_STEP][PASSED] - otpusk = otpusk.replaceAll("\s+", ""): null

18-11-2024T10:18:50 - [TEST_STEP][PASSED] - poteri = poteri.replaceAll("\s+", ""): null

18-11-2024T10:18:50 - [TEST_STEP][PASSED] - typeOfData = typeOfDataMain + " Отпуск в сеть": null

18-11-2024T10:18:50 - [TEST_STEP][PASSED] - if (a == 82): null

18-11-2024T10:18:50 - [TEST_STEP][PASSED] - else if (a == 84): null

18-11-2024T10:18:50 - [TEST_STEP][PASSED] - else if (a == 52 || a == 72 || a == 28 || a == 73 || a == 77 || a == 74 || a == 65 || a == 36 || a == 44 || a == 53 || a == 80 || a == 54 || a == 1 || a == 18 || a == 59 || a == 81): null

18-11-2024T10:18:50 - [TEST_STEP][PASSED] - path = dataFolder + "Table Data/" + typeOfData + " за отчётный период " + dzoNum: null

18-11-2024T10:18:50 - [TEST_STEP][PASSED] - println(path): null

18-11-2024T10:18:50 - [TEST_STEP][PASSED] - page = getText(findTestObject(path)): Text of object 'Object Repository/Выполнение бизнес-плана/Значения со страницы Выполнение бизнес-плана/Table Data/Факт Отпуск в сеть за отчётный период 3' is: '17 367 779'

18-11-2024T10:18:50 - [MESSAGE][PASSED] - Text of object 'Object Repository/Выполнение бизнес-плана/Значения со страницы Выполнение бизнес-плана/Table Data/Факт Отпуск в сеть за отчётный период 3' is: '17 367 779'

18-11-2024T10:18:50 - [TEST_STEP][PASSED] - page = page.replaceAll("\s+", ""): null

18-11-2024T10:18:50 - [TEST_STEP][PASSED] - fileOtpuskVSet = otpusk.toInteger(): null

18-11-2024T10:18:50 - [TEST_STEP][PASSED] - pageOtpuskVSet = page.toInteger(): null

18-11-2024T10:18:50 - [TEST_STEP][PASSED] - typeOfData = typeOfDataMain + " Потери": null

18-11-2024T10:18:50 - [TEST_STEP][PASSED] - if (a == 82): null

18-11-2024T10:18:50 - [TEST_STEP][PASSED] - else if (a == 84): null

18-11-2024T10:18:50 - [TEST_STEP][PASSED] - else if (a == 52 || a == 72 || a == 28 || a == 73 || a == 77 || a == 74 || a == 65 || a == 36 || a == 44 || a == 53 || a == 80 || a == 54 || a == 1 || a == 18 || a == 59 || a == 81): null

18-11-2024T10:18:50 - [TEST_STEP][PASSED] - path = dataFolder + "Table Data/" + typeOfData + " за отчётный период " + dzoNum: null

18-11-2024T10:18:50 - [TEST_STEP][PASSED] - page = getText(findTestObject(path)): Text of object 'Object Repository/Выполнение бизнес-плана/Значения со страницы Выполнение бизнес-плана/Table Data/Факт Потери за отчётный период 3' is: '4 783 177'

18-11-2024T10:18:51 - [MESSAGE][PASSED] - Text of object 'Object Repository/Выполнение бизнес-плана/Значения со страницы Выполнение бизнес-плана/Table Data/Факт Потери за отчётный период 3' is: '4 783 177'

18-11-2024T10:18:51 - [TEST_STEP][PASSED] - page = page.replaceAll("\s+", ""): null

18-11-2024T10:18:51 - [TEST_STEP][PASSED] - filePoteri = poteri.toInteger(): null

18-11-2024T10:18:51 - [TEST_STEP][PASSED] - pagePoteri = page.toInteger(): null

18-11-2024T10:18:51 - [TEST_STEP][PASSED] - compare = pageOtpuskVSet: null

18-11-2024T10:18:51 - [TEST_STEP][PASSED] - if (compare == fileOtpuskVSet): null

18-11-2024T10:18:51 - [TEST_STEP][PASSED] - else if (compare > fileOtpuskVSet): null

18-11-2024T10:18:51 - [TEST_STEP][PASSED] - compare = compare - 1: null

18-11-2024T10:18:51 - [TEST_STEP][PASSED] - if (compare == fileOtpuskVSet): null

18-11-2024T10:18:51 - [TEST_STEP][PASSED] - else: null

18-11-2024T10:18:51 - [TEST_STEP][PASSED] - numberOfErrors = numberOfErrors + 1: null

18-11-2024T10:18:51 - [TEST_STEP][PASSED] - pageInt = pageOtpuskVSet: null

18-11-2024T10:18:51 - [TEST_STEP][PASSED] - fileInt = fileOtpuskVSet: null

18-11-2024T10:18:51 - [TEST_STEP][PASSED] - typeOfData = typeOfDataMain + " Отпуск в сеть": null

18-11-2024T10:18:51 - [TEST_STEP][PASSED] - Script1718980020443.WriteToExcel(a, typeOfData, todaysDate, pageInt, fileInt, pageDouble, fileDouble, dZO): null

18-11-2024T10:18:51 - [TEST_STEP][PASSED] - sheetName = "Sheet1": null

18-11-2024T10:18:51 - [TEST_STEP][PASSED] - data = findTestData("PlanFact"): null

18-11-2024T10:18:51 - [TEST_STEP][PASSED] - n = data.getRowNumbers() + 1: null

18-11-2024T10:18:51 - [TEST_STEP][PASSED] - year = todaysDate.substring(todaysDate.length() - 4, todaysDate.length()): null

18-11-2024T10:18:51 - [TEST_STEP][PASSED] - y = year.toInteger(): null

18-11-2024T10:18:51 - [TEST_STEP][PASSED] - m = getText(findTestObject("Выполнение бизнес-плана/Период")): Text of object 'Object Repository/Выполнение бизнес-плана/Период' is: '1, 2, 3 кв. 2024 года'

18-11-2024T10:18:51 - [MESSAGE][PASSED] - Text of object 'Object Repository/Выполнение бизнес-плана/Период' is: '1, 2, 3 кв. 2024 года'

18-11-2024T10:18:51 - [TEST_STEP][PASSED] - m = m.substring(0, m.indexOf("2024")): null

18-11-2024T10:18:51 - [TEST_STEP][PASSED] - m = m.trim(): null

18-11-2024T10:18:51 - [TEST_STEP][PASSED] - dashboardName = "Выполнение бизнес-плана": null

18-11-2024T10:18:51 - [TEST_STEP][PASSED] - workbook01 = getWorkbook(excelFilePath): null

18-11-2024T10:18:51 - [TEST_STEP][PASSED] - sheet01 = getExcelSheet(workbook01, sheetName): null

18-11-2024T10:18:51 - [TEST_STEP][PASSED] - setValueToCellByIndex(sheet01, n, 0, dashboardName): null

18-11-2024T10:18:51 - [TEST_STEP][PASSED] - setValueToCellByIndex(sheet01, n, 1, dZO): null

18-11-2024T10:18:51 - [TEST_STEP][PASSED] - setValueToCellByIndex(sheet01, n, 2, typeOfData): null

18-11-2024T10:18:51 - [TEST_STEP][PASSED] - if (typeOfData == "Факт в процентах" || typeOfData == "План в процентах"): null

18-11-2024T10:18:51 - [TEST_STEP][PASSED] - else: null

18-11-2024T10:18:51 - [TEST_STEP][PASSED] - setValueToCellByIndex(sheet01, n, 3, fileInt): null

18-11-2024T10:18:51 - [TEST_STEP][PASSED] - setValueToCellByIndex(sheet01, n, 4, pageInt): null

18-11-2024T10:18:51 - [TEST_STEP][PASSED] - setValueToCellByIndex(sheet01, n, 5, m): null

18-11-2024T10:18:51 - [TEST_STEP][PASSED] - setValueToCellByIndex(sheet01, n, 6, y): null

18-11-2024T10:18:51 - [TEST_STEP][PASSED] - setValueToCellByIndex(sheet01, n, 7, todaysDate): null

18-11-2024T10:18:51 - [TEST_STEP][PASSED] - n = n + 1: null

18-11-2024T10:18:51 - [TEST_STEP][PASSED] - saveWorkbook(excelFilePath, workbook01): null

18-11-2024T10:18:51 - [TEST_STEP][PASSED] - compare = pagePoteri: null

18-11-2024T10:18:51 - [TEST_STEP][PASSED] - if (compare == filePoteri): null

18-11-2024T10:18:51 - [TEST_STEP][PASSED] - else if (compare > filePoteri): null

18-11-2024T10:18:51 - [TEST_STEP][PASSED] - compare = compare - 1: null

18-11-2024T10:18:51 - [TEST_STEP][PASSED] - if (compare == filePoteri): null

18-11-2024T10:18:51 - [TEST_STEP][PASSED] - else: null

18-11-2024T10:18:51 - [TEST_STEP][PASSED] - numberOfErrors = numberOfErrors + 1: null

18-11-2024T10:18:51 - [TEST_STEP][PASSED] - pageInt = pagePoteri: null

18-11-2024T10:18:51 - [TEST_STEP][PASSED] - fileInt = filePoteri: null

18-11-2024T10:18:51 - [TEST_STEP][PASSED] - typeOfData = typeOfDataMain + " Потери": null

18-11-2024T10:18:51 - [TEST_STEP][PASSED] - Script1718980020443.WriteToExcel(a, typeOfData, todaysDate, pageInt, fileInt, pageDouble, fileDouble, dZO): null

18-11-2024T10:18:51 - [TEST_STEP][PASSED] - sheetName = "Sheet1": null

18-11-2024T10:18:51 - [TEST_STEP][PASSED] - data = findTestData("PlanFact"): null

18-11-2024T10:18:51 - [TEST_STEP][PASSED] - n = data.getRowNumbers() + 1: null

18-11-2024T10:18:51 - [TEST_STEP][PASSED] - year = todaysDate.substring(todaysDate.length() - 4, todaysDate.length()): null

18-11-2024T10:18:51 - [TEST_STEP][PASSED] - y = year.toInteger(): null

18-11-2024T10:18:51 - [TEST_STEP][PASSED] - m = getText(findTestObject("Выполнение бизнес-плана/Период")): Text of object 'Object Repository/Выполнение бизнес-плана/Период' is: '1, 2, 3 кв. 2024 года'

18-11-2024T10:18:52 - [MESSAGE][PASSED] - Text of object 'Object Repository/Выполнение бизнес-плана/Период' is: '1, 2, 3 кв. 2024 года'

18-11-2024T10:18:52 - [TEST_STEP][PASSED] - m = m.substring(0, m.indexOf("2024")): null

18-11-2024T10:18:52 - [TEST_STEP][PASSED] - m = m.trim(): null

18-11-2024T10:18:52 - [TEST_STEP][PASSED] - dashboardName = "Выполнение бизнес-плана": null

18-11-2024T10:18:52 - [TEST_STEP][PASSED] - workbook01 = getWorkbook(excelFilePath): null

18-11-2024T10:18:52 - [TEST_STEP][PASSED] - sheet01 = getExcelSheet(workbook01, sheetName): null

18-11-2024T10:18:52 - [TEST_STEP][PASSED] - setValueToCellByIndex(sheet01, n, 0, dashboardName): null

18-11-2024T10:18:52 - [TEST_STEP][PASSED] - setValueToCellByIndex(sheet01, n, 1, dZO): null

18-11-2024T10:18:52 - [TEST_STEP][PASSED] - setValueToCellByIndex(sheet01, n, 2, typeOfData): null

18-11-2024T10:18:52 - [TEST_STEP][PASSED] - if (typeOfData == "Факт в процентах" || typeOfData == "План в процентах"): null

18-11-2024T10:18:52 - [TEST_STEP][PASSED] - else: null

18-11-2024T10:18:52 - [TEST_STEP][PASSED] - setValueToCellByIndex(sheet01, n, 3, fileInt): null

18-11-2024T10:18:52 - [TEST_STEP][PASSED] - setValueToCellByIndex(sheet01, n, 4, pageInt): null

18-11-2024T10:18:52 - [TEST_STEP][PASSED] - setValueToCellByIndex(sheet01, n, 5, m): null

18-11-2024T10:18:52 - [TEST_STEP][PASSED] - setValueToCellByIndex(sheet01, n, 6, y): null

18-11-2024T10:18:52 - [TEST_STEP][PASSED] - setValueToCellByIndex(sheet01, n, 7, todaysDate): null

18-11-2024T10:18:52 - [TEST_STEP][PASSED] - n = n + 1: null

18-11-2024T10:18:52 - [TEST_STEP][PASSED] - saveWorkbook(excelFilePath, workbook01): null

18-11-2024T10:18:52 - [TEST_STEP][PASSED] - if (planFact == 2): null

18-11-2024T10:18:52 - [TEST_STEP][PASSED] - if (planFact == 1): null

18-11-2024T10:18:52 - [TEST_STEP][PASSED] - else if (planFact == 2): null

18-11-2024T10:18:52 - [TEST_STEP][PASSED] - click(findTestObject("Выполнение бизнес-плана/Кнопка План")): Object: 'Object Repository/Выполнение бизнес-плана/Кнопка План' is clicked on

18-11-2024T10:18:52 - [MESSAGE][PASSED] - Object: 'Object Repository/Выполнение бизнес-плана/Кнопка План' is clicked on

18-11-2024T10:18:52 - [TEST_STEP][PASSED] - typeOfDataMain = "План": null

18-11-2024T10:18:52 - [TEST_STEP][PASSED] - otpusk = findTestData("PlanFact").getValue(2, a): null

18-11-2024T10:18:52 - [TEST_STEP][PASSED] - poteri = findTestData("PlanFact").getValue(3, a): null

18-11-2024T10:18:52 - [TEST_STEP][PASSED] - otpusk = otpusk.replaceAll("\s+", ""): null

18-11-2024T10:18:52 - [TEST_STEP][PASSED] - poteri = poteri.replaceAll("\s+", ""): null

18-11-2024T10:18:52 - [TEST_STEP][PASSED] - typeOfData = typeOfDataMain + " Отпуск в сеть": null

18-11-2024T10:18:52 - [TEST_STEP][PASSED] - if (a == 82): null

18-11-2024T10:18:52 - [TEST_STEP][PASSED] - else if (a == 84): null

18-11-2024T10:18:52 - [TEST_STEP][PASSED] - else if (a == 52 || a == 72 || a == 28 || a == 73 || a == 77 || a == 74 || a == 65 || a == 36 || a == 44 || a == 53 || a == 80 || a == 54 || a == 1 || a == 18 || a == 59 || a == 81): null

18-11-2024T10:18:52 - [TEST_STEP][PASSED] - path = dataFolder + "Table Data/" + typeOfData + " за отчётный период " + dzoNum: null

18-11-2024T10:18:52 - [TEST_STEP][PASSED] - println(path): null

18-11-2024T10:18:52 - [TEST_STEP][PASSED] - page = getText(findTestObject(path)): Text of object 'Object Repository/Выполнение бизнес-плана/Значения со страницы Выполнение бизнес-плана/Table Data/План Отпуск в сеть за отчётный период 3' is: '16 300 204'

18-11-2024T10:18:53 - [MESSAGE][PASSED] - Text of object 'Object Repository/Выполнение бизнес-плана/Значения со страницы Выполнение бизнес-плана/Table Data/План Отпуск в сеть за отчётный период 3' is: '16 300 204'

18-11-2024T10:18:53 - [TEST_STEP][PASSED] - page = page.replaceAll("\s+", ""): null

18-11-2024T10:18:53 - [TEST_STEP][PASSED] - fileOtpuskVSet = otpusk.toInteger(): null

18-11-2024T10:18:53 - [TEST_STEP][PASSED] - pageOtpuskVSet = page.toInteger(): null

18-11-2024T10:18:53 - [TEST_STEP][PASSED] - typeOfData = typeOfDataMain + " Потери": null

18-11-2024T10:18:53 - [TEST_STEP][PASSED] - if (a == 82): null

18-11-2024T10:18:53 - [TEST_STEP][PASSED] - else if (a == 84): null

18-11-2024T10:18:53 - [TEST_STEP][PASSED] - else if (a == 52 || a == 72 || a == 28 || a == 73 || a == 77 || a == 74 || a == 65 || a == 36 || a == 44 || a == 53 || a == 80 || a == 54 || a == 1 || a == 18 || a == 59 || a == 81): null

18-11-2024T10:18:53 - [TEST_STEP][PASSED] - path = dataFolder + "Table Data/" + typeOfData + " за отчётный период " + dzoNum: null

18-11-2024T10:18:53 - [TEST_STEP][PASSED] - page = getText(findTestObject(path)): Text of object 'Object Repository/Выполнение бизнес-плана/Значения со страницы Выполнение бизнес-плана/Table Data/План Потери за отчётный период 3' is: '3 863 112'

18-11-2024T10:18:53 - [MESSAGE][PASSED] - Text of object 'Object Repository/Выполнение бизнес-плана/Значения со страницы Выполнение бизнес-плана/Table Data/План Потери за отчётный период 3' is: '3 863 112'

18-11-2024T10:18:53 - [TEST_STEP][PASSED] - page = page.replaceAll("\s+", ""): null

18-11-2024T10:18:53 - [TEST_STEP][PASSED] - filePoteri = poteri.toInteger(): null

18-11-2024T10:18:53 - [TEST_STEP][PASSED] - pagePoteri = page.toInteger(): null

18-11-2024T10:18:53 - [TEST_STEP][PASSED] - compare = pageOtpuskVSet: null

18-11-2024T10:18:53 - [TEST_STEP][PASSED] - if (compare == fileOtpuskVSet): null

18-11-2024T10:18:53 - [TEST_STEP][PASSED] - else if (compare > fileOtpuskVSet): null

18-11-2024T10:18:53 - [TEST_STEP][PASSED] - else if (compare < fileOtpuskVSet): null

18-11-2024T10:18:53 - [TEST_STEP][PASSED] - compare = compare + 1: null

18-11-2024T10:18:53 - [TEST_STEP][PASSED] - if (compare == fileOtpuskVSet): null

18-11-2024T10:18:53 - [TEST_STEP][PASSED] - else: null

18-11-2024T10:18:53 - [TEST_STEP][PASSED] - numberOfErrors = numberOfErrors + 1: null

18-11-2024T10:18:53 - [TEST_STEP][PASSED] - pageInt = pageOtpuskVSet: null

18-11-2024T10:18:53 - [TEST_STEP][PASSED] - fileInt = fileOtpuskVSet: null

18-11-2024T10:18:53 - [TEST_STEP][PASSED] - typeOfData = typeOfDataMain + " Отпуск в сеть": null

18-11-2024T10:18:53 - [TEST_STEP][PASSED] - Script1718980020443.WriteToExcel(a, typeOfData, todaysDate, pageInt, fileInt, pageDouble, fileDouble, dZO): null

18-11-2024T10:18:53 - [TEST_STEP][PASSED] - sheetName = "Sheet1": null

18-11-2024T10:18:53 - [TEST_STEP][PASSED] - data = findTestData("PlanFact"): null

18-11-2024T10:18:53 - [TEST_STEP][PASSED] - n = data.getRowNumbers() + 1: null

18-11-2024T10:18:53 - [TEST_STEP][PASSED] - year = todaysDate.substring(todaysDate.length() - 4, todaysDate.length()): null

18-11-2024T10:18:53 - [TEST_STEP][PASSED] - y = year.toInteger(): null

18-11-2024T10:18:53 - [TEST_STEP][PASSED] - m = getText(findTestObject("Выполнение бизнес-плана/Период")): Text of object 'Object Repository/Выполнение бизнес-плана/Период' is: '1, 2, 3 кв. 2024 года'

18-11-2024T10:18:53 - [MESSAGE][PASSED] - Text of object 'Object Repository/Выполнение бизнес-плана/Период' is: '1, 2, 3 кв. 2024 года'

18-11-2024T10:18:53 - [TEST_STEP][PASSED] - m = m.substring(0, m.indexOf("2024")): null

18-11-2024T10:18:53 - [TEST_STEP][PASSED] - m = m.trim(): null

18-11-2024T10:18:53 - [TEST_STEP][PASSED] - dashboardName = "Выполнение бизнес-плана": null

18-11-2024T10:18:53 - [TEST_STEP][PASSED] - workbook01 = getWorkbook(excelFilePath): null

18-11-2024T10:18:53 - [TEST_STEP][PASSED] - sheet01 = getExcelSheet(workbook01, sheetName): null

18-11-2024T10:18:53 - [TEST_STEP][PASSED] - setValueToCellByIndex(sheet01, n, 0, dashboardName): null

18-11-2024T10:18:53 - [TEST_STEP][PASSED] - setValueToCellByIndex(sheet01, n, 1, dZO): null

18-11-2024T10:18:53 - [TEST_STEP][PASSED] - setValueToCellByIndex(sheet01, n, 2, typeOfData): null

18-11-2024T10:18:53 - [TEST_STEP][PASSED] - if (typeOfData == "Факт в процентах" || typeOfData == "План в процентах"): null

18-11-2024T10:18:53 - [TEST_STEP][PASSED] - else: null

18-11-2024T10:18:53 - [TEST_STEP][PASSED] - setValueToCellByIndex(sheet01, n, 3, fileInt): null

18-11-2024T10:18:53 - [TEST_STEP][PASSED] - setValueToCellByIndex(sheet01, n, 4, pageInt): null

18-11-2024T10:18:53 - [TEST_STEP][PASSED] - setValueToCellByIndex(sheet01, n, 5, m): null

18-11-2024T10:18:53 - [TEST_STEP][PASSED] - setValueToCellByIndex(sheet01, n, 6, y): null

18-11-2024T10:18:53 - [TEST_STEP][PASSED] - setValueToCellByIndex(sheet01, n, 7, todaysDate): null

18-11-2024T10:18:53 - [TEST_STEP][PASSED] - n = n + 1: null

18-11-2024T10:18:53 - [TEST_STEP][PASSED] - saveWorkbook(excelFilePath, workbook01): null

18-11-2024T10:18:54 - [TEST_STEP][PASSED] - compare = pagePoteri: null

18-11-2024T10:18:54 - [TEST_STEP][PASSED] - if (compare == filePoteri): null

18-11-2024T10:18:54 - [TEST_STEP][PASSED] - else if (compare > filePoteri): null

18-11-2024T10:18:54 - [TEST_STEP][PASSED] - else if (compare < filePoteri): null

18-11-2024T10:18:54 - [TEST_STEP][PASSED] - compare = compare + 1: null

18-11-2024T10:18:54 - [TEST_STEP][PASSED] - if (compare == filePoteri): null

18-11-2024T10:18:54 - [TEST_STEP][PASSED] - else: null

18-11-2024T10:18:54 - [TEST_STEP][PASSED] - numberOfErrors = numberOfErrors + 1: null

18-11-2024T10:18:54 - [TEST_STEP][PASSED] - pageInt = pagePoteri: null

18-11-2024T10:18:54 - [TEST_STEP][PASSED] - fileInt = filePoteri: null

18-11-2024T10:18:54 - [TEST_STEP][PASSED] - typeOfData = typeOfDataMain + " Потери": null

18-11-2024T10:18:54 - [TEST_STEP][PASSED] - Script1718980020443.WriteToExcel(a, typeOfData, todaysDate, pageInt, fileInt, pageDouble, fileDouble, dZO): null

18-11-2024T10:18:54 - [TEST_STEP][PASSED] - sheetName = "Sheet1": null

18-11-2024T10:18:54 - [TEST_STEP][PASSED] - data = findTestData("PlanFact"): null

18-11-2024T10:18:54 - [TEST_STEP][PASSED] - n = data.getRowNumbers() + 1: null

18-11-2024T10:18:54 - [TEST_STEP][PASSED] - year = todaysDate.substring(todaysDate.length() - 4, todaysDate.length()): null

18-11-2024T10:18:54 - [TEST_STEP][PASSED] - y = year.toInteger(): null

18-11-2024T10:18:54 - [TEST_STEP][PASSED] - m = getText(findTestObject("Выполнение бизнес-плана/Период")): Text of object 'Object Repository/Выполнение бизнес-плана/Период' is: '1, 2, 3 кв. 2024 года'

18-11-2024T10:18:54 - [MESSAGE][PASSED] - Text of object 'Object Repository/Выполнение бизнес-плана/Период' is: '1, 2, 3 кв. 2024 года'

18-11-2024T10:18:54 - [TEST_STEP][PASSED] - m = m.substring(0, m.indexOf("2024")): null

18-11-2024T10:18:54 - [TEST_STEP][PASSED] - m = m.trim(): null

18-11-2024T10:18:54 - [TEST_STEP][PASSED] - dashboardName = "Выполнение бизнес-плана": null

18-11-2024T10:18:54 - [TEST_STEP][PASSED] - workbook01 = getWorkbook(excelFilePath): null

18-11-2024T10:18:54 - [TEST_STEP][PASSED] - sheet01 = getExcelSheet(workbook01, sheetName): null

18-11-2024T10:18:54 - [TEST_STEP][PASSED] - setValueToCellByIndex(sheet01, n, 0, dashboardName): null

18-11-2024T10:18:54 - [TEST_STEP][PASSED] - setValueToCellByIndex(sheet01, n, 1, dZO): null

18-11-2024T10:18:54 - [TEST_STEP][PASSED] - setValueToCellByIndex(sheet01, n, 2, typeOfData): null

18-11-2024T10:18:54 - [TEST_STEP][PASSED] - if (typeOfData == "Факт в процентах" || typeOfData == "План в процентах"): null

18-11-2024T10:18:54 - [TEST_STEP][PASSED] - else: null

18-11-2024T10:18:54 - [TEST_STEP][PASSED] - setValueToCellByIndex(sheet01, n, 3, fileInt): null

18-11-2024T10:18:54 - [TEST_STEP][PASSED] - setValueToCellByIndex(sheet01, n, 4, pageInt): null

18-11-2024T10:18:54 - [TEST_STEP][PASSED] - setValueToCellByIndex(sheet01, n, 5, m): null

18-11-2024T10:18:54 - [TEST_STEP][PASSED] - setValueToCellByIndex(sheet01, n, 6, y): null

18-11-2024T10:18:54 - [TEST_STEP][PASSED] - setValueToCellByIndex(sheet01, n, 7, todaysDate): null

18-11-2024T10:18:54 - [TEST_STEP][PASSED] - n = n + 1: null

18-11-2024T10:18:54 - [TEST_STEP][PASSED] - saveWorkbook(excelFilePath, workbook01): Object: 'Object Repository/Выполнение бизнес-плана/Кнопка Факт' is clicked on

18-11-2024T10:18:54 - [TEST_STEP][PASSED] - if (planFact == 2): Object: 'Object Repository/Выполнение бизнес-плана/Кнопка Факт' is clicked on

18-11-2024T10:18:54 - [TEST_STEP][PASSED] - click(findTestObject("Выполнение бизнес-плана/Кнопка Факт")): Object: 'Object Repository/Выполнение бизнес-плана/Кнопка Факт' is clicked on

18-11-2024T10:18:54 - [MESSAGE][PASSED] - Object: 'Object Repository/Выполнение бизнес-плана/Кнопка Факт' is clicked on

18-11-2024T10:18:54 - [TEST_STEP][PASSED] - if (a == 84 || a == 82): null

18-11-2024T10:18:54 - [TEST_STEP][PASSED] - else if (a == 52 || a == 72 || a == 28 || a == 73 || a == 77 || a == 74 || a == 65 || a == 36 || a == 44 || a == 53 || a == 80 || a == 54 || a == 1 || a == 18 || a == 59 || a == 81): null

18-11-2024T10:18:54 - [TEST_STEP][PASSED] - page1 = getText(findTestObject("Object Repository/Выполнение бизнес-плана/spanPlan" + dzoNum)): Text of object 'Object Repository/Выполнение бизнес-плана/spanPlan3' is: '23.70'

18-11-2024T10:18:55 - [MESSAGE][PASSED] - Text of object 'Object Repository/Выполнение бизнес-плана/spanPlan3' is: '23.70'

18-11-2024T10:18:55 - [TEST_STEP][PASSED] - page1 = page1.replace("|", ""): null

18-11-2024T10:18:55 - [TEST_STEP][PASSED] - page2 = getText(findTestObject("Object Repository/Выполнение бизнес-плана/spanFact" + dzoNum)): Text of object 'Object Repository/Выполнение бизнес-плана/spanFact3' is: '27.54
|'

18-11-2024T10:18:55 - [MESSAGE][PASSED] - Text of object 'Object Repository/Выполнение бизнес-плана/spanFact3' is: '27.54
|'

18-11-2024T10:18:55 - [TEST_STEP][PASSED] - page2 = page2.replace("|", ""): null

18-11-2024T10:18:55 - [TEST_STEP][PASSED] - println("page1: " + page1): null

18-11-2024T10:18:55 - [TEST_STEP][PASSED] - println("page2: " + page2): null

18-11-2024T10:18:55 - [TEST_STEP][PASSED] - file = findTestData("PlanFact").getValue(4, a): null

18-11-2024T10:18:55 - [TEST_STEP][PASSED] - file = file.replace(",", "."): null

18-11-2024T10:18:55 - [TEST_STEP][PASSED] - println("file Plan: " + file): null

18-11-2024T10:18:55 - [TEST_STEP][PASSED] - typeOfData = "План в процентах": null

18-11-2024T10:18:55 - [TEST_STEP][PASSED] - fileDouble = file.toDouble(): null

18-11-2024T10:18:55 - [TEST_STEP][PASSED] - pageDouble = page1.toDouble(): null

18-11-2024T10:18:55 - [TEST_STEP][PASSED] - if (fileDouble != pageDouble): null

18-11-2024T10:18:55 - [TEST_STEP][PASSED] - numberOfErrors = numberOfErrors + 1: null

18-11-2024T10:18:55 - [TEST_STEP][PASSED] - Script1718980020443.WriteToExcel(a, typeOfData, todaysDate, pageInt, fileInt, pageDouble, fileDouble, dZO): null

18-11-2024T10:18:55 - [TEST_STEP][PASSED] - sheetName = "Sheet1": null

18-11-2024T10:18:55 - [TEST_STEP][PASSED] - data = findTestData("PlanFact"): null

18-11-2024T10:18:55 - [TEST_STEP][PASSED] - n = data.getRowNumbers() + 1: null

18-11-2024T10:18:55 - [TEST_STEP][PASSED] - year = todaysDate.substring(todaysDate.length() - 4, todaysDate.length()): null

18-11-2024T10:18:55 - [TEST_STEP][PASSED] - y = year.toInteger(): null

18-11-2024T10:18:55 - [TEST_STEP][PASSED] - m = getText(findTestObject("Выполнение бизнес-плана/Период")): Text of object 'Object Repository/Выполнение бизнес-плана/Период' is: '1, 2, 3 кв. 2024 года'

18-11-2024T10:18:55 - [MESSAGE][PASSED] - Text of object 'Object Repository/Выполнение бизнес-плана/Период' is: '1, 2, 3 кв. 2024 года'

18-11-2024T10:18:55 - [TEST_STEP][PASSED] - m = m.substring(0, m.indexOf("2024")): null

18-11-2024T10:18:55 - [TEST_STEP][PASSED] - m = m.trim(): null

18-11-2024T10:18:55 - [TEST_STEP][PASSED] - dashboardName = "Выполнение бизнес-плана": null

18-11-2024T10:18:55 - [TEST_STEP][PASSED] - workbook01 = getWorkbook(excelFilePath): null

18-11-2024T10:18:56 - [TEST_STEP][PASSED] - sheet01 = getExcelSheet(workbook01, sheetName): null

18-11-2024T10:18:56 - [TEST_STEP][PASSED] - setValueToCellByIndex(sheet01, n, 0, dashboardName): null

18-11-2024T10:18:56 - [TEST_STEP][PASSED] - setValueToCellByIndex(sheet01, n, 1, dZO): null

18-11-2024T10:18:56 - [TEST_STEP][PASSED] - setValueToCellByIndex(sheet01, n, 2, typeOfData): null

18-11-2024T10:18:56 - [TEST_STEP][PASSED] - if (typeOfData == "Факт в процентах" || typeOfData == "План в процентах"): null

18-11-2024T10:18:56 - [TEST_STEP][PASSED] - setValueToCellByIndex(sheet01, n, 3, fileDouble): null

18-11-2024T10:18:56 - [TEST_STEP][PASSED] - setValueToCellByIndex(sheet01, n, 4, pageDouble): null

18-11-2024T10:18:56 - [TEST_STEP][PASSED] - setValueToCellByIndex(sheet01, n, 5, m): null

18-11-2024T10:18:56 - [TEST_STEP][PASSED] - setValueToCellByIndex(sheet01, n, 6, y): null

18-11-2024T10:18:56 - [TEST_STEP][PASSED] - setValueToCellByIndex(sheet01, n, 7, todaysDate): null

18-11-2024T10:18:56 - [TEST_STEP][PASSED] - n = n + 1: null

18-11-2024T10:18:56 - [TEST_STEP][PASSED] - saveWorkbook(excelFilePath, workbook01): null

18-11-2024T10:18:56 - [TEST_STEP][PASSED] - file = findTestData("PlanFact").getValue(7, a): null

18-11-2024T10:18:56 - [TEST_STEP][PASSED] - file = file.replace(",", "."): null

18-11-2024T10:18:56 - [TEST_STEP][PASSED] - println("file Fact: " + file): null

18-11-2024T10:18:56 - [TEST_STEP][PASSED] - fileDouble = file.toDouble(): null

18-11-2024T10:18:56 - [TEST_STEP][PASSED] - typeOfData = "Факт в процентах": null

18-11-2024T10:18:56 - [TEST_STEP][PASSED] - fileDouble = file.toDouble(): null

18-11-2024T10:18:56 - [TEST_STEP][PASSED] - pageDouble = page2.toDouble(): null

18-11-2024T10:18:56 - [TEST_STEP][PASSED] - if (fileDouble != pageDouble): null

18-11-2024T10:18:56 - [TEST_STEP][PASSED] - numberOfErrors = numberOfErrors + 1: null

18-11-2024T10:18:56 - [TEST_STEP][PASSED] - Script1718980020443.WriteToExcel(a, typeOfData, todaysDate, pageInt, fileInt, pageDouble, fileDouble, dZO): null

18-11-2024T10:18:56 - [TEST_STEP][PASSED] - sheetName = "Sheet1": null

18-11-2024T10:18:56 - [TEST_STEP][PASSED] - data = findTestData("PlanFact"): null

18-11-2024T10:18:56 - [TEST_STEP][PASSED] - n = data.getRowNumbers() + 1: null

18-11-2024T10:18:56 - [TEST_STEP][PASSED] - year = todaysDate.substring(todaysDate.length() - 4, todaysDate.length()): null

18-11-2024T10:18:56 - [TEST_STEP][PASSED] - y = year.toInteger(): null

18-11-2024T10:18:56 - [TEST_STEP][PASSED] - m = getText(findTestObject("Выполнение бизнес-плана/Период")): Text of object 'Object Repository/Выполнение бизнес-плана/Период' is: '1, 2, 3 кв. 2024 года'

18-11-2024T10:18:56 - [MESSAGE][PASSED] - Text of object 'Object Repository/Выполнение бизнес-плана/Период' is: '1, 2, 3 кв. 2024 года'

18-11-2024T10:18:56 - [TEST_STEP][PASSED] - m = m.substring(0, m.indexOf("2024")): null

18-11-2024T10:18:56 - [TEST_STEP][PASSED] - m = m.trim(): null

18-11-2024T10:18:56 - [TEST_STEP][PASSED] - dashboardName = "Выполнение бизнес-плана": null

18-11-2024T10:18:56 - [TEST_STEP][PASSED] - workbook01 = getWorkbook(excelFilePath): null

18-11-2024T10:18:56 - [TEST_STEP][PASSED] - sheet01 = getExcelSheet(workbook01, sheetName): null

18-11-2024T10:18:56 - [TEST_STEP][PASSED] - setValueToCellByIndex(sheet01, n, 0, dashboardName): null

18-11-2024T10:18:56 - [TEST_STEP][PASSED] - setValueToCellByIndex(sheet01, n, 1, dZO): null

18-11-2024T10:18:56 - [TEST_STEP][PASSED] - setValueToCellByIndex(sheet01, n, 2, typeOfData): null

18-11-2024T10:18:56 - [TEST_STEP][PASSED] - if (typeOfData == "Факт в процентах" || typeOfData == "План в процентах"): null

18-11-2024T10:18:56 - [TEST_STEP][PASSED] - setValueToCellByIndex(sheet01, n, 3, fileDouble): null

18-11-2024T10:18:56 - [TEST_STEP][PASSED] - setValueToCellByIndex(sheet01, n, 4, pageDouble): null

18-11-2024T10:18:56 - [TEST_STEP][PASSED] - setValueToCellByIndex(sheet01, n, 5, m): null

18-11-2024T10:18:56 - [TEST_STEP][PASSED] - setValueToCellByIndex(sheet01, n, 6, y): null

18-11-2024T10:18:56 - [TEST_STEP][PASSED] - setValueToCellByIndex(sheet01, n, 7, todaysDate): null

18-11-2024T10:18:56 - [TEST_STEP][PASSED] - n = n + 1: null

18-11-2024T10:18:56 - [TEST_STEP][PASSED] - saveWorkbook(excelFilePath, workbook01): null

18-11-2024T10:18:56 - [TEST_STEP][FAILED] - if (verifyEqual(numberOfErrors, 0) == false): null

18-11-2024T10:18:56 - [MESSAGE][FAILED] - Unable to verify equal between actual object '6' and expected object '0' (Root cause: com.kms.katalon.core.exception.StepFailedException: Actual object '6' and expected object '0' are not equal
	at com.kms.katalon.core.keyword.builtin.VerifyEqualKeyword$_verifyEqual_closure1.doCall(VerifyEqualKeyword.groovy:58)
	at com.kms.katalon.core.keyword.builtin.VerifyEqualKeyword$_verifyEqual_closure1.call(VerifyEqualKeyword.groovy)
	at com.kms.katalon.core.keyword.internal.KeywordMain.runKeyword(KeywordMain.groovy:75)
	at com.kms.katalon.core.keyword.builtin.VerifyEqualKeyword.verifyEqual(VerifyEqualKeyword.groovy:63)
	at com.kms.katalon.core.keyword.builtin.VerifyEqualKeyword.execute(VerifyEqualKeyword.groovy:44)
	at com.kms.katalon.core.keyword.internal.KeywordExecutor.executeKeywordForPlatform(KeywordExecutor.groovy:74)
	at com.kms.katalon.core.keyword.BuiltinKeywords.verifyEqual(BuiltinKeywords.groovy:146)
	at java.base/jdk.internal.reflect.NativeMethodAccessorImpl.invoke0(Native Method)
	at java.base/jdk.internal.reflect.NativeMethodAccessorImpl.invoke(NativeMethodAccessorImpl.java:77)
	at java.base/jdk.internal.reflect.DelegatingMethodAccessorImpl.invoke(DelegatingMethodAccessorImpl.java:43)
	at Выполнение бизнес-плана Сверка ПАО Россети все филиалы.Numbers(Выполнение бизнес-плана Сверка ПАО Россети все филиалы:740)
	at Выполнение бизнес-плана Сверка ПАО Россети все филиалы.run(Выполнение бизнес-плана Сверка ПАО Россети все филиалы:304)
	at com.kms.katalon.core.main.ScriptEngine.run(ScriptEngine.java:194)
	at com.kms.katalon.core.main.ScriptEngine.runScriptAsRawText(ScriptEngine.java:119)
	at com.kms.katalon.core.main.TestCaseExecutor.runScript(TestCaseExecutor.java:448)
	at com.kms.katalon.core.main.TestCaseExecutor.doExecute(TestCaseExecutor.java:439)
	at com.kms.katalon.core.main.TestCaseExecutor.processExecutionPhase(TestCaseExecutor.java:418)
	at com.kms.katalon.core.main.TestCaseExecutor.accessMainPhase(TestCaseExecutor.java:410)
	at com.kms.katalon.core.main.TestCaseExecutor.execute(TestCaseExecutor.java:285)
	at com.kms.katalon.core.common.CommonExecutor.accessTestCaseMainPhase(CommonExecutor.java:65)
	at com.kms.katalon.core.main.TestSuiteExecutor.accessTestSuiteMainPhase(TestSuiteExecutor.java:150)
	at com.kms.katalon.core.main.TestSuiteExecutor.execute(TestSuiteExecutor.java:106)
	at com.kms.katalon.core.main.TestCaseMain.startTestSuite(TestCaseMain.java:180)
	at TempTestSuite1731913737709.run(TempTestSuite1731913737709.groovy:35)
	at java.base/jdk.internal.reflect.NativeMethodAccessorImpl.invoke0(Native Method)
	at java.base/jdk.internal.reflect.NativeMethodAccessorImpl.invoke(NativeMethodAccessorImpl.java:77)
	at java.base/jdk.internal.reflect.DelegatingMethodAccessorImpl.invoke(DelegatingMethodAccessorImpl.java:43)
)

18-11-2024T10:18:56 - [TEST_STEP][PASSED] - println(numberOfErrors): null

18-11-2024T10:18:56 - [TEST_STEP][PASSED] - if (a == 28 || a == 77 || a == 74 || a == 65 || a == 36 || a == 44 || a == 54 || a == 1 || a == 18 || a == 59): null

18-11-2024T10:18:56 - [TEST_STEP][PASSED] - Script1718980020443.Filials(a, typeOfData, todaysDate, pageInt, fileInt, pageDouble, fileDouble, dZO, dzoNum, filialNum): null

18-11-2024T10:18:56 - [TEST_STEP][PASSED] - i = <not implemented yet for class: org.codehaus.groovy.ast.expr.EmptyExpression>: null

18-11-2024T10:18:56 - [TEST_STEP][PASSED] - c = <not implemented yet for class: org.codehaus.groovy.ast.expr.EmptyExpression>: null

18-11-2024T10:18:56 - [TEST_STEP][PASSED] - page = <not implemented yet for class: org.codehaus.groovy.ast.expr.EmptyExpression>: null

18-11-2024T10:18:56 - [TEST_STEP][PASSED] - println(dZO): null

18-11-2024T10:18:56 - [TEST_STEP][PASSED] - reducedDZO = <not implemented yet for class: org.codehaus.groovy.ast.expr.EmptyExpression>: null

18-11-2024T10:18:56 - [TEST_STEP][PASSED] - reducedDZO = dZO.substring(dZO.indexOf(" ") + 1, dZO.length()): null

18-11-2024T10:18:56 - [TEST_STEP][PASSED] - if (reducedDZO.contains(" ")): null

18-11-2024T10:18:56 - [TEST_STEP][PASSED] - reducedDZO = reducedDZO.substring(reducedDZO.indexOf(" ") + 1, reducedDZO.length()): null

18-11-2024T10:18:56 - [TEST_STEP][PASSED] - if (reducedDZO.contains(" ")): null

18-11-2024T10:18:56 - [TEST_STEP][PASSED] - println(reducedDZO): null

18-11-2024T10:18:56 - [TEST_STEP][PASSED] - dzoCut = <not implemented yet for class: org.codehaus.groovy.ast.expr.EmptyExpression>: null

18-11-2024T10:18:56 - [TEST_STEP][PASSED] - Script1718980020443.DZO(a): null

18-11-2024T10:18:56 - [TEST_STEP][PASSED] - Script1718980020443.OpenFilter(): null

18-11-2024T10:18:56 - [TEST_STEP][PASSED] - click(findTestObject("Object Repository/Выполнение бизнес-плана/Фильтр ДЗО")): Object: 'Object Repository/Выполнение бизнес-плана/Фильтр ДЗО' is clicked on

18-11-2024T10:18:57 - [MESSAGE][PASSED] - Object: 'Object Repository/Выполнение бизнес-плана/Фильтр ДЗО' is clicked on

18-11-2024T10:18:57 - [TEST_STEP][PASSED] - click(findTestObject("Выполнение бизнес-плана/Снять выделение в фильтре ДЗО")): Object: 'Object Repository/Выполнение бизнес-плана/Снять выделение в фильтре ДЗО' is clicked on

18-11-2024T10:18:57 - [MESSAGE][PASSED] - Object: 'Object Repository/Выполнение бизнес-плана/Снять выделение в фильтре ДЗО' is clicked on

18-11-2024T10:18:57 - [TEST_STEP][PASSED] - Script1718980020443.OpenRSK(): null

18-11-2024T10:18:57 - [TEST_STEP][PASSED] - click(findTestObject("Выполнение бизнес-плана/Раскрыть список ПАО Россети в фильтре ДЗО")): Object: 'Object Repository/Выполнение бизнес-плана/Раскрыть список ПАО Россети в фильтре ДЗО' is clicked on

18-11-2024T10:18:58 - [MESSAGE][PASSED] - Object: 'Object Repository/Выполнение бизнес-плана/Раскрыть список ПАО Россети в фильтре ДЗО' is clicked on

18-11-2024T10:18:58 - [TEST_STEP][PASSED] - click(findTestObject("Выполнение бизнес-плана/Раскрыть список РаспредКомплекс в фильтре ДЗО")): Object: 'Object Repository/Выполнение бизнес-плана/Раскрыть список РаспредКомплекс в фильтре ДЗО' is clicked on

18-11-2024T10:18:58 - [MESSAGE][PASSED] - Object: 'Object Repository/Выполнение бизнес-плана/Раскрыть список РаспредКомплекс в фильтре ДЗО' is clicked on

18-11-2024T10:18:58 - [TEST_STEP][PASSED] - if (a == 28): null

18-11-2024T10:18:58 - [TEST_STEP][PASSED] - if (a == 77): null

18-11-2024T10:18:58 - [TEST_STEP][PASSED] - if (a == 74): null

18-11-2024T10:18:58 - [TEST_STEP][PASSED] - if (a == 65): Object: 'Object Repository/Выполнение бизнес-плана/Россети Северный Кавказ' is clicked on

18-11-2024T10:18:58 - [TEST_STEP][PASSED] - scrollToElement(findTestObject("Общие объекты/Раскрыть список Россети Северный кавказ"), 30): Scroll to object 'Object Repository/Общие объекты/Раскрыть список Россети Северный кавказ' successfully

18-11-2024T10:18:58 - [MESSAGE][PASSED] - Scroll to object 'Object Repository/Общие объекты/Раскрыть список Россети Северный кавказ' successfully

18-11-2024T10:18:58 - [TEST_STEP][PASSED] - click(findTestObject("Выполнение бизнес-плана/Россети Северный Кавказ")): Object: 'Object Repository/Выполнение бизнес-плана/Россети Северный Кавказ' is clicked on

18-11-2024T10:18:59 - [MESSAGE][PASSED] - Object: 'Object Repository/Выполнение бизнес-плана/Россети Северный Кавказ' is clicked on

18-11-2024T10:18:59 - [TEST_STEP][PASSED] - if (a == 36): null

18-11-2024T10:18:59 - [TEST_STEP][PASSED] - if (a == 44): null

18-11-2024T10:18:59 - [TEST_STEP][PASSED] - if (a == 54): null

18-11-2024T10:18:59 - [TEST_STEP][PASSED] - if (a == 1): null

18-11-2024T10:18:59 - [TEST_STEP][PASSED] - if (a == 18): null

18-11-2024T10:18:59 - [TEST_STEP][PASSED] - if (a == 59): null

18-11-2024T10:18:59 - [TEST_STEP][PASSED] - Script1718980020443.CloseFilter(): null

18-11-2024T10:18:59 - [TEST_STEP][PASSED] - scrollToElement(findTestObject("Выполнение бизнес-плана/Заголовок дашборда"), 30): Scroll to object 'Object Repository/Выполнение бизнес-плана/Заголовок дашборда' successfully

18-11-2024T10:18:59 - [MESSAGE][PASSED] - Scroll to object 'Object Repository/Выполнение бизнес-плана/Заголовок дашборда' successfully

18-11-2024T10:18:59 - [TEST_STEP][PASSED] - click(findTestObject("Object Repository/Выполнение бизнес-плана/Применить в фильтре ДЗО")): Object: 'Object Repository/Выполнение бизнес-плана/Применить в фильтре ДЗО' is clicked on

18-11-2024T10:19:00 - [MESSAGE][PASSED] - Object: 'Object Repository/Выполнение бизнес-плана/Применить в фильтре ДЗО' is clicked on

18-11-2024T10:19:00 - [TEST_STEP][PASSED] - Script1718980020443.ZakrytOpoveshenie(): null

18-11-2024T10:19:00 - [TEST_STEP][PASSED] - delay(10): Delayed 10 second(s)

18-11-2024T10:19:10 - [MESSAGE][PASSED] - Delayed 10 second(s)

18-11-2024T10:19:10 - [TEST_STEP][PASSED] - opoveshenie = getText(findTestObject("Выполнение бизнес-плана/Просьба обратить внимание")): Text of object 'Object Repository/Выполнение бизнес-плана/Просьба обратить внимание' is: ''

18-11-2024T10:19:22 - [MESSAGE][PASSED] - Text of object 'Object Repository/Выполнение бизнес-плана/Просьба обратить внимание' is: ''

18-11-2024T10:19:22 - [TEST_STEP][PASSED] - println(opoveshenie): null

18-11-2024T10:19:22 - [TEST_STEP][PASSED] - if (opoveshenie == "Просьба обратить внимание"): null

18-11-2024T10:19:22 - [TEST_STEP][PASSED] - page = getText(findTestObject("Object Repository/Выполнение бизнес-плана/Filials")): Text of object 'Object Repository/Выполнение бизнес-плана/Filials' is: 'Россети Северный Кавказ
0
10
20
30
40
50
60
70'

18-11-2024T10:19:22 - [MESSAGE][PASSED] - Text of object 'Object Repository/Выполнение бизнес-плана/Filials' is: 'Россети Северный Кавказ
0
10
20
30
40
50
60
70'

18-11-2024T10:19:22 - [TEST_STEP][PASSED] - println(page): null

18-11-2024T10:19:22 - [TEST_STEP][PASSED] - c = page.indexOf(reducedDZO): null

18-11-2024T10:19:22 - [TEST_STEP][PASSED] - if (c > -1): null

18-11-2024T10:19:22 - [TEST_STEP][PASSED] - click(findTestObject("Выполнение бизнес-плана/список")): Object: 'Object Repository/Выполнение бизнес-плана/список' is clicked on

18-11-2024T10:19:22 - [MESSAGE][PASSED] - Object: 'Object Repository/Выполнение бизнес-плана/список' is clicked on

18-11-2024T10:19:22 - [TEST_STEP][PASSED] - delay(10): Delayed 10 second(s)

18-11-2024T10:19:32 - [MESSAGE][PASSED] - Delayed 10 second(s)

18-11-2024T10:19:32 - [TEST_STEP][PASSED] - click(findTestObject("Выполнение бизнес-плана/Раскрытие списка")): Object: 'Object Repository/Выполнение бизнес-плана/Раскрытие списка' is clicked on

18-11-2024T10:19:33 - [MESSAGE][PASSED] - Object: 'Object Repository/Выполнение бизнес-плана/Раскрытие списка' is clicked on

18-11-2024T10:19:33 - [TEST_STEP][PASSED] - delay(10): Delayed 10 second(s)

18-11-2024T10:19:43 - [MESSAGE][PASSED] - Delayed 10 second(s)

18-11-2024T10:19:43 - [TEST_STEP][PASSED] - page = getText(findTestObject("Object Repository/Выполнение бизнес-плана/Filials")): Text of object 'Object Repository/Выполнение бизнес-плана/Filials' is: 'Россети Северный Кавказ
0
10
20
30
40
50
60
70'

18-11-2024T10:19:49 - [MESSAGE][PASSED] - Text of object 'Object Repository/Выполнение бизнес-плана/Filials' is: 'Россети Северный Кавказ
0
10
20
30
40
50
60
70'

18-11-2024T10:19:49 - [TEST_STEP][PASSED] - println(page): null

18-11-2024T10:19:49 - [TEST_STEP][PASSED] - c = page.indexOf(reducedDZO): null

18-11-2024T10:19:49 - [TEST_STEP][PASSED] - x2 = getText(findTestObject("Выполнение бизнес-плана/Список ДЗО старый")): Text of object 'Object Repository/Выполнение бизнес-плана/Список ДЗО старый' is: 'Дагэнерго
Ингушэнерго
Каббалкэнерго
Карачаево-Черкесскэнерго
Севкавказэнерго
Ставропольэнерго
0
10
20
30
40
50
60
70'

18-11-2024T10:19:59 - [MESSAGE][PASSED] - Text of object 'Object Repository/Выполнение бизнес-плана/Список ДЗО старый' is: 'Дагэнерго
Ингушэнерго
Каббалкэнерго
Карачаево-Черкесскэнерго
Севкавказэнерго
Ставропольэнерго
0
10
20
30
40
50
60
70'

18-11-2024T10:19:59 - [TEST_STEP][PASSED] - if (a == 28): null

18-11-2024T10:19:59 - [TEST_STEP][PASSED] - if (a == 77): null

18-11-2024T10:19:59 - [TEST_STEP][PASSED] - if (a == 74): null

18-11-2024T10:19:59 - [TEST_STEP][PASSED] - if (a == 65): null

18-11-2024T10:19:59 - [TEST_STEP][PASSED] - dZO = "Дагэнерго": null

18-11-2024T10:19:59 - [TEST_STEP][PASSED] - a = 71: null

18-11-2024T10:19:59 - [TEST_STEP][PASSED] - if (x2.contains(dZO)): null

18-11-2024T10:19:59 - [TEST_STEP][PASSED] - filialNum = filialNum + 1: null

18-11-2024T10:19:59 - [TEST_STEP][PASSED] - Script1718980020443.Numbers(a, typeOfData, todaysDate, pageInt, fileInt, pageDouble, fileDouble, dZO, dzoNum, filialNum): null

18-11-2024T10:19:59 - [TEST_STEP][PASSED] - println(dzoNum): null

18-11-2024T10:19:59 - [TEST_STEP][PASSED] - planFact = <not implemented yet for class: org.codehaus.groovy.ast.expr.EmptyExpression>: null

18-11-2024T10:19:59 - [TEST_STEP][PASSED] - page = <not implemented yet for class: org.codehaus.groovy.ast.expr.EmptyExpression>: null

18-11-2024T10:19:59 - [TEST_STEP][PASSED] - page1 = <not implemented yet for class: org.codehaus.groovy.ast.expr.EmptyExpression>: null

18-11-2024T10:19:59 - [TEST_STEP][PASSED] - page2 = <not implemented yet for class: org.codehaus.groovy.ast.expr.EmptyExpression>: null

18-11-2024T10:19:59 - [TEST_STEP][PASSED] - filialNumberInRow = <not implemented yet for class: org.codehaus.groovy.ast.expr.EmptyExpression>: null

18-11-2024T10:19:59 - [TEST_STEP][PASSED] - filialsDzoNames = <not implemented yet for class: org.codehaus.groovy.ast.expr.EmptyExpression>: null

18-11-2024T10:19:59 - [TEST_STEP][PASSED] - numberOfFilials = <not implemented yet for class: org.codehaus.groovy.ast.expr.EmptyExpression>: null

18-11-2024T10:19:59 - [TEST_STEP][PASSED] - numberOfSpaces = <not implemented yet for class: org.codehaus.groovy.ast.expr.EmptyExpression>: null

18-11-2024T10:19:59 - [TEST_STEP][PASSED] - file = <not implemented yet for class: org.codehaus.groovy.ast.expr.EmptyExpression>: null

18-11-2024T10:19:59 - [TEST_STEP][PASSED] - otpusk = <not implemented yet for class: org.codehaus.groovy.ast.expr.EmptyExpression>: null

18-11-2024T10:19:59 - [TEST_STEP][PASSED] - poteri = <not implemented yet for class: org.codehaus.groovy.ast.expr.EmptyExpression>: null

18-11-2024T10:19:59 - [TEST_STEP][PASSED] - dataFolder = "Выполнение бизнес-плана/Значения со страницы Выполнение бизнес-плана/": null

18-11-2024T10:19:59 - [TEST_STEP][PASSED] - path = <not implemented yet for class: org.codehaus.groovy.ast.expr.EmptyExpression>: null

18-11-2024T10:19:59 - [TEST_STEP][PASSED] - typeOfDataMain = <not implemented yet for class: org.codehaus.groovy.ast.expr.EmptyExpression>: null

18-11-2024T10:19:59 - [TEST_STEP][PASSED] - fileOtpuskVSet = <not implemented yet for class: org.codehaus.groovy.ast.expr.EmptyExpression>: null

18-11-2024T10:19:59 - [TEST_STEP][PASSED] - pageOtpuskVSet = <not implemented yet for class: org.codehaus.groovy.ast.expr.EmptyExpression>: null

18-11-2024T10:19:59 - [TEST_STEP][PASSED] - filePoteri = <not implemented yet for class: org.codehaus.groovy.ast.expr.EmptyExpression>: null

18-11-2024T10:19:59 - [TEST_STEP][PASSED] - pagePoteri = <not implemented yet for class: org.codehaus.groovy.ast.expr.EmptyExpression>: null

18-11-2024T10:19:59 - [TEST_STEP][PASSED] - compare = <not implemented yet for class: org.codehaus.groovy.ast.expr.EmptyExpression>: null

18-11-2024T10:19:59 - [TEST_STEP][PASSED] - b = <not implemented yet for class: org.codehaus.groovy.ast.expr.EmptyExpression>: null

18-11-2024T10:19:59 - [TEST_STEP][PASSED] - i = <not implemented yet for class: org.codehaus.groovy.ast.expr.EmptyExpression>: null

18-11-2024T10:19:59 - [TEST_STEP][PASSED] - ii = <not implemented yet for class: org.codehaus.groovy.ast.expr.EmptyExpression>: null

18-11-2024T10:19:59 - [TEST_STEP][PASSED] - c = <not implemented yet for class: org.codehaus.groovy.ast.expr.EmptyExpression>: null

18-11-2024T10:19:59 - [TEST_STEP][PASSED] - numberOfErrors = 0: null

18-11-2024T10:19:59 - [TEST_STEP][PASSED] - if (a == 82): null

18-11-2024T10:19:59 - [TEST_STEP][PASSED] - b = findTestData("PlanFact").getValue(1, a): null

18-11-2024T10:19:59 - [TEST_STEP][PASSED] - i = b.indexOf(" (ГК)"): null

18-11-2024T10:19:59 - [TEST_STEP][PASSED] - if (i > -1): null

18-11-2024T10:19:59 - [TEST_STEP][PASSED] - i = b.indexOf("О ""): null

18-11-2024T10:19:59 - [TEST_STEP][PASSED] - if (i > -1): null

18-11-2024T10:19:59 - [TEST_STEP][PASSED] - i = b.indexOf("О «"): null

18-11-2024T10:19:59 - [TEST_STEP][PASSED] - if (i > -1): null

18-11-2024T10:19:59 - [TEST_STEP][PASSED] - i = b.indexOf("г. "): null

18-11-2024T10:19:59 - [TEST_STEP][PASSED] - if (i > -1): null

18-11-2024T10:19:59 - [TEST_STEP][PASSED] - println(b): null

18-11-2024T10:19:59 - [TEST_STEP][PASSED] - for ([planFact = 1, planFact < 3, (planFact++)]): null

18-11-2024T10:19:59 - [TEST_STEP][PASSED] - if (planFact == 1): null

18-11-2024T10:19:59 - [TEST_STEP][PASSED] - typeOfDataMain = "Факт": null

18-11-2024T10:19:59 - [TEST_STEP][PASSED] - otpusk = findTestData("PlanFact").getValue(5, a): null

18-11-2024T10:19:59 - [TEST_STEP][PASSED] - poteri = findTestData("PlanFact").getValue(6, a): null

18-11-2024T10:19:59 - [TEST_STEP][PASSED] - otpusk = otpusk.replaceAll("\s+", ""): null

18-11-2024T10:19:59 - [TEST_STEP][PASSED] - poteri = poteri.replaceAll("\s+", ""): null

18-11-2024T10:19:59 - [TEST_STEP][PASSED] - typeOfData = typeOfDataMain + " Отпуск в сеть": null

18-11-2024T10:19:59 - [TEST_STEP][PASSED] - if (a == 82): null

18-11-2024T10:19:59 - [TEST_STEP][PASSED] - else if (a == 84): null

18-11-2024T10:19:59 - [TEST_STEP][PASSED] - else if (a == 52 || a == 72 || a == 28 || a == 73 || a == 77 || a == 74 || a == 65 || a == 36 || a == 44 || a == 53 || a == 80 || a == 54 || a == 1 || a == 18 || a == 59 || a == 81): null

18-11-2024T10:19:59 - [TEST_STEP][PASSED] - else: null

18-11-2024T10:19:59 - [TEST_STEP][PASSED] - path = dataFolder + typeOfData + " за отчётный период " + b: null

18-11-2024T10:19:59 - [TEST_STEP][PASSED] - println(path): null

18-11-2024T10:19:59 - [TEST_STEP][PASSED] - page = getText(findTestObject(path)): Text of object 'Object Repository/Выполнение бизнес-плана/Значения со страницы Выполнение бизнес-плана/Факт Отпуск в сеть за отчётный период Дагэнерго' is: '6 610 196'

18-11-2024T10:19:59 - [MESSAGE][PASSED] - Text of object 'Object Repository/Выполнение бизнес-плана/Значения со страницы Выполнение бизнес-плана/Факт Отпуск в сеть за отчётный период Дагэнерго' is: '6 610 196'

18-11-2024T10:19:59 - [TEST_STEP][PASSED] - page = page.replaceAll("\s+", ""): null

18-11-2024T10:19:59 - [TEST_STEP][PASSED] - fileOtpuskVSet = otpusk.toInteger(): null

18-11-2024T10:19:59 - [TEST_STEP][PASSED] - pageOtpuskVSet = page.toInteger(): null

18-11-2024T10:19:59 - [TEST_STEP][PASSED] - typeOfData = typeOfDataMain + " Потери": null

18-11-2024T10:19:59 - [TEST_STEP][PASSED] - if (a == 82): null

18-11-2024T10:19:59 - [TEST_STEP][PASSED] - else if (a == 84): null

18-11-2024T10:19:59 - [TEST_STEP][PASSED] - else if (a == 52 || a == 72 || a == 28 || a == 73 || a == 77 || a == 74 || a == 65 || a == 36 || a == 44 || a == 53 || a == 80 || a == 54 || a == 1 || a == 18 || a == 59 || a == 81): null

18-11-2024T10:19:59 - [TEST_STEP][PASSED] - else: null

18-11-2024T10:19:59 - [TEST_STEP][PASSED] - path = dataFolder + typeOfData + " за отчётный период " + b: null

18-11-2024T10:19:59 - [TEST_STEP][PASSED] - page = getText(findTestObject(path)): Text of object 'Object Repository/Выполнение бизнес-плана/Значения со страницы Выполнение бизнес-плана/Факт Потери за отчётный период Дагэнерго' is: '3 159 035'

18-11-2024T10:19:59 - [MESSAGE][PASSED] - Text of object 'Object Repository/Выполнение бизнес-плана/Значения со страницы Выполнение бизнес-плана/Факт Потери за отчётный период Дагэнерго' is: '3 159 035'

18-11-2024T10:19:59 - [TEST_STEP][PASSED] - page = page.replaceAll("\s+", ""): null

18-11-2024T10:19:59 - [TEST_STEP][PASSED] - filePoteri = poteri.toInteger(): null

18-11-2024T10:19:59 - [TEST_STEP][PASSED] - pagePoteri = page.toInteger(): null

18-11-2024T10:19:59 - [TEST_STEP][PASSED] - compare = pageOtpuskVSet: null

18-11-2024T10:19:59 - [TEST_STEP][PASSED] - if (compare == fileOtpuskVSet): null

18-11-2024T10:19:59 - [TEST_STEP][PASSED] - else if (compare > fileOtpuskVSet): null

18-11-2024T10:19:59 - [TEST_STEP][PASSED] - compare = compare - 1: null

18-11-2024T10:19:59 - [TEST_STEP][PASSED] - if (compare == fileOtpuskVSet): null

18-11-2024T10:19:59 - [TEST_STEP][PASSED] - else: null

18-11-2024T10:19:59 - [TEST_STEP][PASSED] - numberOfErrors = numberOfErrors + 1: null

18-11-2024T10:19:59 - [TEST_STEP][PASSED] - pageInt = pageOtpuskVSet: null

18-11-2024T10:19:59 - [TEST_STEP][PASSED] - fileInt = fileOtpuskVSet: null

18-11-2024T10:19:59 - [TEST_STEP][PASSED] - typeOfData = typeOfDataMain + " Отпуск в сеть": null

18-11-2024T10:19:59 - [TEST_STEP][PASSED] - Script1718980020443.WriteToExcel(a, typeOfData, todaysDate, pageInt, fileInt, pageDouble, fileDouble, dZO): null

18-11-2024T10:19:59 - [TEST_STEP][PASSED] - sheetName = "Sheet1": null

18-11-2024T10:19:59 - [TEST_STEP][PASSED] - data = findTestData("PlanFact"): null

18-11-2024T10:19:59 - [TEST_STEP][PASSED] - n = data.getRowNumbers() + 1: null

18-11-2024T10:19:59 - [TEST_STEP][PASSED] - year = todaysDate.substring(todaysDate.length() - 4, todaysDate.length()): null

18-11-2024T10:19:59 - [TEST_STEP][PASSED] - y = year.toInteger(): null

18-11-2024T10:19:59 - [TEST_STEP][PASSED] - m = getText(findTestObject("Выполнение бизнес-плана/Период")): Text of object 'Object Repository/Выполнение бизнес-плана/Период' is: '1, 2, 3 кв. 2024 года'

18-11-2024T10:20:00 - [MESSAGE][PASSED] - Text of object 'Object Repository/Выполнение бизнес-плана/Период' is: '1, 2, 3 кв. 2024 года'

18-11-2024T10:20:00 - [TEST_STEP][PASSED] - m = m.substring(0, m.indexOf("2024")): null

18-11-2024T10:20:00 - [TEST_STEP][PASSED] - m = m.trim(): null

18-11-2024T10:20:00 - [TEST_STEP][PASSED] - dashboardName = "Выполнение бизнес-плана": null

18-11-2024T10:20:00 - [TEST_STEP][PASSED] - workbook01 = getWorkbook(excelFilePath): null

18-11-2024T10:20:00 - [TEST_STEP][PASSED] - sheet01 = getExcelSheet(workbook01, sheetName): null

18-11-2024T10:20:00 - [TEST_STEP][PASSED] - setValueToCellByIndex(sheet01, n, 0, dashboardName): null

18-11-2024T10:20:00 - [TEST_STEP][PASSED] - setValueToCellByIndex(sheet01, n, 1, dZO): null

18-11-2024T10:20:00 - [TEST_STEP][PASSED] - setValueToCellByIndex(sheet01, n, 2, typeOfData): null

18-11-2024T10:20:00 - [TEST_STEP][PASSED] - if (typeOfData == "Факт в процентах" || typeOfData == "План в процентах"): null

18-11-2024T10:20:00 - [TEST_STEP][PASSED] - else: null

18-11-2024T10:20:00 - [TEST_STEP][PASSED] - setValueToCellByIndex(sheet01, n, 3, fileInt): null

18-11-2024T10:20:00 - [TEST_STEP][PASSED] - setValueToCellByIndex(sheet01, n, 4, pageInt): null

18-11-2024T10:20:00 - [TEST_STEP][PASSED] - setValueToCellByIndex(sheet01, n, 5, m): null

18-11-2024T10:20:00 - [TEST_STEP][PASSED] - setValueToCellByIndex(sheet01, n, 6, y): null

18-11-2024T10:20:00 - [TEST_STEP][PASSED] - setValueToCellByIndex(sheet01, n, 7, todaysDate): null

18-11-2024T10:20:00 - [TEST_STEP][PASSED] - n = n + 1: null

18-11-2024T10:20:00 - [TEST_STEP][PASSED] - saveWorkbook(excelFilePath, workbook01): null

18-11-2024T10:20:00 - [TEST_STEP][PASSED] - compare = pagePoteri: null

18-11-2024T10:20:00 - [TEST_STEP][PASSED] - if (compare == filePoteri): null

18-11-2024T10:20:00 - [TEST_STEP][PASSED] - else if (compare > filePoteri): null

18-11-2024T10:20:00 - [TEST_STEP][PASSED] - compare = compare - 1: null

18-11-2024T10:20:00 - [TEST_STEP][PASSED] - if (compare == filePoteri): null

18-11-2024T10:20:00 - [TEST_STEP][PASSED] - else: null

18-11-2024T10:20:00 - [TEST_STEP][PASSED] - numberOfErrors = numberOfErrors + 1: null

18-11-2024T10:20:00 - [TEST_STEP][PASSED] - pageInt = pagePoteri: null

18-11-2024T10:20:00 - [TEST_STEP][PASSED] - fileInt = filePoteri: null

18-11-2024T10:20:00 - [TEST_STEP][PASSED] - typeOfData = typeOfDataMain + " Потери": null

18-11-2024T10:20:00 - [TEST_STEP][PASSED] - Script1718980020443.WriteToExcel(a, typeOfData, todaysDate, pageInt, fileInt, pageDouble, fileDouble, dZO): null

18-11-2024T10:20:00 - [TEST_STEP][PASSED] - sheetName = "Sheet1": null

18-11-2024T10:20:00 - [TEST_STEP][PASSED] - data = findTestData("PlanFact"): null

18-11-2024T10:20:00 - [TEST_STEP][PASSED] - n = data.getRowNumbers() + 1: null

18-11-2024T10:20:00 - [TEST_STEP][PASSED] - year = todaysDate.substring(todaysDate.length() - 4, todaysDate.length()): null

18-11-2024T10:20:00 - [TEST_STEP][PASSED] - y = year.toInteger(): null

18-11-2024T10:20:00 - [TEST_STEP][PASSED] - m = getText(findTestObject("Выполнение бизнес-плана/Период")): Text of object 'Object Repository/Выполнение бизнес-плана/Период' is: '1, 2, 3 кв. 2024 года'

18-11-2024T10:20:00 - [MESSAGE][PASSED] - Text of object 'Object Repository/Выполнение бизнес-плана/Период' is: '1, 2, 3 кв. 2024 года'

18-11-2024T10:20:00 - [TEST_STEP][PASSED] - m = m.substring(0, m.indexOf("2024")): null

18-11-2024T10:20:00 - [TEST_STEP][PASSED] - m = m.trim(): null

18-11-2024T10:20:00 - [TEST_STEP][PASSED] - dashboardName = "Выполнение бизнес-плана": null

18-11-2024T10:20:00 - [TEST_STEP][PASSED] - workbook01 = getWorkbook(excelFilePath): null

18-11-2024T10:20:00 - [TEST_STEP][PASSED] - sheet01 = getExcelSheet(workbook01, sheetName): null

18-11-2024T10:20:00 - [TEST_STEP][PASSED] - setValueToCellByIndex(sheet01, n, 0, dashboardName): null

18-11-2024T10:20:00 - [TEST_STEP][PASSED] - setValueToCellByIndex(sheet01, n, 1, dZO): null

18-11-2024T10:20:00 - [TEST_STEP][PASSED] - setValueToCellByIndex(sheet01, n, 2, typeOfData): null

18-11-2024T10:20:00 - [TEST_STEP][PASSED] - if (typeOfData == "Факт в процентах" || typeOfData == "План в процентах"): null

18-11-2024T10:20:00 - [TEST_STEP][PASSED] - else: null

18-11-2024T10:20:00 - [TEST_STEP][PASSED] - setValueToCellByIndex(sheet01, n, 3, fileInt): null

18-11-2024T10:20:00 - [TEST_STEP][PASSED] - setValueToCellByIndex(sheet01, n, 4, pageInt): null

18-11-2024T10:20:00 - [TEST_STEP][PASSED] - setValueToCellByIndex(sheet01, n, 5, m): null

18-11-2024T10:20:00 - [TEST_STEP][PASSED] - setValueToCellByIndex(sheet01, n, 6, y): null

18-11-2024T10:20:00 - [TEST_STEP][PASSED] - setValueToCellByIndex(sheet01, n, 7, todaysDate): null

18-11-2024T10:20:00 - [TEST_STEP][PASSED] - n = n + 1: null

18-11-2024T10:20:00 - [TEST_STEP][PASSED] - saveWorkbook(excelFilePath, workbook01): null

18-11-2024T10:20:01 - [TEST_STEP][PASSED] - if (planFact == 2): null

18-11-2024T10:20:01 - [TEST_STEP][PASSED] - if (planFact == 1): null

18-11-2024T10:20:01 - [TEST_STEP][PASSED] - else if (planFact == 2): null

18-11-2024T10:20:01 - [TEST_STEP][PASSED] - click(findTestObject("Выполнение бизнес-плана/Кнопка План")): Object: 'Object Repository/Выполнение бизнес-плана/Кнопка План' is clicked on

18-11-2024T10:20:01 - [MESSAGE][PASSED] - Object: 'Object Repository/Выполнение бизнес-плана/Кнопка План' is clicked on

18-11-2024T10:20:01 - [TEST_STEP][PASSED] - typeOfDataMain = "План": null

18-11-2024T10:20:01 - [TEST_STEP][PASSED] - otpusk = findTestData("PlanFact").getValue(2, a): null

18-11-2024T10:20:01 - [TEST_STEP][PASSED] - poteri = findTestData("PlanFact").getValue(3, a): null

18-11-2024T10:20:01 - [TEST_STEP][PASSED] - otpusk = otpusk.replaceAll("\s+", ""): null

18-11-2024T10:20:01 - [TEST_STEP][PASSED] - poteri = poteri.replaceAll("\s+", ""): null

18-11-2024T10:20:01 - [TEST_STEP][PASSED] - typeOfData = typeOfDataMain + " Отпуск в сеть": null

18-11-2024T10:20:01 - [TEST_STEP][PASSED] - if (a == 82): null

18-11-2024T10:20:01 - [TEST_STEP][PASSED] - else if (a == 84): null

18-11-2024T10:20:01 - [TEST_STEP][PASSED] - else if (a == 52 || a == 72 || a == 28 || a == 73 || a == 77 || a == 74 || a == 65 || a == 36 || a == 44 || a == 53 || a == 80 || a == 54 || a == 1 || a == 18 || a == 59 || a == 81): null

18-11-2024T10:20:01 - [TEST_STEP][PASSED] - else: null

18-11-2024T10:20:01 - [TEST_STEP][PASSED] - path = dataFolder + typeOfData + " за отчётный период " + b: null

18-11-2024T10:20:01 - [TEST_STEP][PASSED] - println(path): null

18-11-2024T10:20:01 - [TEST_STEP][PASSED] - page = getText(findTestObject(path)): Text of object 'Object Repository/Выполнение бизнес-плана/Значения со страницы Выполнение бизнес-плана/План Отпуск в сеть за отчётный период Дагэнерго' is: '6 186 218'

18-11-2024T10:20:02 - [MESSAGE][PASSED] - Text of object 'Object Repository/Выполнение бизнес-плана/Значения со страницы Выполнение бизнес-плана/План Отпуск в сеть за отчётный период Дагэнерго' is: '6 186 218'

18-11-2024T10:20:02 - [TEST_STEP][PASSED] - page = page.replaceAll("\s+", ""): null

18-11-2024T10:20:02 - [TEST_STEP][PASSED] - fileOtpuskVSet = otpusk.toInteger(): null

18-11-2024T10:20:02 - [TEST_STEP][PASSED] - pageOtpuskVSet = page.toInteger(): null

18-11-2024T10:20:02 - [TEST_STEP][PASSED] - typeOfData = typeOfDataMain + " Потери": null

18-11-2024T10:20:02 - [TEST_STEP][PASSED] - if (a == 82): null

18-11-2024T10:20:02 - [TEST_STEP][PASSED] - else if (a == 84): null

18-11-2024T10:20:02 - [TEST_STEP][PASSED] - else if (a == 52 || a == 72 || a == 28 || a == 73 || a == 77 || a == 74 || a == 65 || a == 36 || a == 44 || a == 53 || a == 80 || a == 54 || a == 1 || a == 18 || a == 59 || a == 81): null

18-11-2024T10:20:02 - [TEST_STEP][PASSED] - else: null

18-11-2024T10:20:02 - [TEST_STEP][PASSED] - path = dataFolder + typeOfData + " за отчётный период " + b: null

18-11-2024T10:20:02 - [TEST_STEP][PASSED] - page = getText(findTestObject(path)): Text of object 'Object Repository/Выполнение бизнес-плана/Значения со страницы Выполнение бизнес-плана/План Потери за отчётный период Дагэнерго' is: '2 458 608'

18-11-2024T10:20:02 - [MESSAGE][PASSED] - Text of object 'Object Repository/Выполнение бизнес-плана/Значения со страницы Выполнение бизнес-плана/План Потери за отчётный период Дагэнерго' is: '2 458 608'

18-11-2024T10:20:02 - [TEST_STEP][PASSED] - page = page.replaceAll("\s+", ""): null

18-11-2024T10:20:02 - [TEST_STEP][PASSED] - filePoteri = poteri.toInteger(): null

18-11-2024T10:20:02 - [TEST_STEP][PASSED] - pagePoteri = page.toInteger(): null

18-11-2024T10:20:02 - [TEST_STEP][PASSED] - compare = pageOtpuskVSet: null

18-11-2024T10:20:02 - [TEST_STEP][PASSED] - if (compare == fileOtpuskVSet): null

18-11-2024T10:20:02 - [TEST_STEP][PASSED] - else if (compare > fileOtpuskVSet): null

18-11-2024T10:20:02 - [TEST_STEP][PASSED] - else if (compare < fileOtpuskVSet): null

18-11-2024T10:20:02 - [TEST_STEP][PASSED] - compare = compare + 1: null

18-11-2024T10:20:02 - [TEST_STEP][PASSED] - if (compare == fileOtpuskVSet): null

18-11-2024T10:20:02 - [TEST_STEP][PASSED] - else: null

18-11-2024T10:20:02 - [TEST_STEP][PASSED] - numberOfErrors = numberOfErrors + 1: null

18-11-2024T10:20:02 - [TEST_STEP][PASSED] - pageInt = pageOtpuskVSet: null

18-11-2024T10:20:02 - [TEST_STEP][PASSED] - fileInt = fileOtpuskVSet: null

18-11-2024T10:20:02 - [TEST_STEP][PASSED] - typeOfData = typeOfDataMain + " Отпуск в сеть": null

18-11-2024T10:20:02 - [TEST_STEP][PASSED] - Script1718980020443.WriteToExcel(a, typeOfData, todaysDate, pageInt, fileInt, pageDouble, fileDouble, dZO): null

18-11-2024T10:20:02 - [TEST_STEP][PASSED] - sheetName = "Sheet1": null

18-11-2024T10:20:02 - [TEST_STEP][PASSED] - data = findTestData("PlanFact"): null

18-11-2024T10:20:02 - [TEST_STEP][PASSED] - n = data.getRowNumbers() + 1: null

18-11-2024T10:20:02 - [TEST_STEP][PASSED] - year = todaysDate.substring(todaysDate.length() - 4, todaysDate.length()): null

18-11-2024T10:20:02 - [TEST_STEP][PASSED] - y = year.toInteger(): null

18-11-2024T10:20:02 - [TEST_STEP][PASSED] - m = getText(findTestObject("Выполнение бизнес-плана/Период")): Text of object 'Object Repository/Выполнение бизнес-плана/Период' is: '1, 2, 3 кв. 2024 года'

18-11-2024T10:20:02 - [MESSAGE][PASSED] - Text of object 'Object Repository/Выполнение бизнес-плана/Период' is: '1, 2, 3 кв. 2024 года'

18-11-2024T10:20:02 - [TEST_STEP][PASSED] - m = m.substring(0, m.indexOf("2024")): null

18-11-2024T10:20:02 - [TEST_STEP][PASSED] - m = m.trim(): null

18-11-2024T10:20:02 - [TEST_STEP][PASSED] - dashboardName = "Выполнение бизнес-плана": null

18-11-2024T10:20:02 - [TEST_STEP][PASSED] - workbook01 = getWorkbook(excelFilePath): null

18-11-2024T10:20:02 - [TEST_STEP][PASSED] - sheet01 = getExcelSheet(workbook01, sheetName): null

18-11-2024T10:20:02 - [TEST_STEP][PASSED] - setValueToCellByIndex(sheet01, n, 0, dashboardName): null

18-11-2024T10:20:02 - [TEST_STEP][PASSED] - setValueToCellByIndex(sheet01, n, 1, dZO): null

18-11-2024T10:20:02 - [TEST_STEP][PASSED] - setValueToCellByIndex(sheet01, n, 2, typeOfData): null

18-11-2024T10:20:02 - [TEST_STEP][PASSED] - if (typeOfData == "Факт в процентах" || typeOfData == "План в процентах"): null

18-11-2024T10:20:02 - [TEST_STEP][PASSED] - else: null

18-11-2024T10:20:02 - [TEST_STEP][PASSED] - setValueToCellByIndex(sheet01, n, 3, fileInt): null

18-11-2024T10:20:02 - [TEST_STEP][PASSED] - setValueToCellByIndex(sheet01, n, 4, pageInt): null

18-11-2024T10:20:02 - [TEST_STEP][PASSED] - setValueToCellByIndex(sheet01, n, 5, m): null

18-11-2024T10:20:02 - [TEST_STEP][PASSED] - setValueToCellByIndex(sheet01, n, 6, y): null

18-11-2024T10:20:02 - [TEST_STEP][PASSED] - setValueToCellByIndex(sheet01, n, 7, todaysDate): null

18-11-2024T10:20:02 - [TEST_STEP][PASSED] - n = n + 1: null

18-11-2024T10:20:02 - [TEST_STEP][PASSED] - saveWorkbook(excelFilePath, workbook01): null

18-11-2024T10:20:03 - [TEST_STEP][PASSED] - compare = pagePoteri: null

18-11-2024T10:20:03 - [TEST_STEP][PASSED] - if (compare == filePoteri): null

18-11-2024T10:20:03 - [TEST_STEP][PASSED] - else if (compare > filePoteri): null

18-11-2024T10:20:03 - [TEST_STEP][PASSED] - else if (compare < filePoteri): null

18-11-2024T10:20:03 - [TEST_STEP][PASSED] - compare = compare + 1: null

18-11-2024T10:20:03 - [TEST_STEP][PASSED] - if (compare == filePoteri): null

18-11-2024T10:20:03 - [TEST_STEP][PASSED] - else: null

18-11-2024T10:20:03 - [TEST_STEP][PASSED] - numberOfErrors = numberOfErrors + 1: null

18-11-2024T10:20:03 - [TEST_STEP][PASSED] - pageInt = pagePoteri: null

18-11-2024T10:20:03 - [TEST_STEP][PASSED] - fileInt = filePoteri: null

18-11-2024T10:20:03 - [TEST_STEP][PASSED] - typeOfData = typeOfDataMain + " Потери": null

18-11-2024T10:20:03 - [TEST_STEP][PASSED] - Script1718980020443.WriteToExcel(a, typeOfData, todaysDate, pageInt, fileInt, pageDouble, fileDouble, dZO): null

18-11-2024T10:20:03 - [TEST_STEP][PASSED] - sheetName = "Sheet1": null

18-11-2024T10:20:03 - [TEST_STEP][PASSED] - data = findTestData("PlanFact"): null

18-11-2024T10:20:03 - [TEST_STEP][PASSED] - n = data.getRowNumbers() + 1: null

18-11-2024T10:20:03 - [TEST_STEP][PASSED] - year = todaysDate.substring(todaysDate.length() - 4, todaysDate.length()): null

18-11-2024T10:20:03 - [TEST_STEP][PASSED] - y = year.toInteger(): null

18-11-2024T10:20:03 - [TEST_STEP][PASSED] - m = getText(findTestObject("Выполнение бизнес-плана/Период")): Text of object 'Object Repository/Выполнение бизнес-плана/Период' is: '1, 2, 3 кв. 2024 года'

18-11-2024T10:20:03 - [MESSAGE][PASSED] - Text of object 'Object Repository/Выполнение бизнес-плана/Период' is: '1, 2, 3 кв. 2024 года'

18-11-2024T10:20:03 - [TEST_STEP][PASSED] - m = m.substring(0, m.indexOf("2024")): null

18-11-2024T10:20:03 - [TEST_STEP][PASSED] - m = m.trim(): null

18-11-2024T10:20:03 - [TEST_STEP][PASSED] - dashboardName = "Выполнение бизнес-плана": null

18-11-2024T10:20:03 - [TEST_STEP][PASSED] - workbook01 = getWorkbook(excelFilePath): null

18-11-2024T10:20:03 - [TEST_STEP][PASSED] - sheet01 = getExcelSheet(workbook01, sheetName): null

18-11-2024T10:20:03 - [TEST_STEP][PASSED] - setValueToCellByIndex(sheet01, n, 0, dashboardName): null

18-11-2024T10:20:03 - [TEST_STEP][PASSED] - setValueToCellByIndex(sheet01, n, 1, dZO): null

18-11-2024T10:20:03 - [TEST_STEP][PASSED] - setValueToCellByIndex(sheet01, n, 2, typeOfData): null

18-11-2024T10:20:03 - [TEST_STEP][PASSED] - if (typeOfData == "Факт в процентах" || typeOfData == "План в процентах"): null

18-11-2024T10:20:03 - [TEST_STEP][PASSED] - else: null

18-11-2024T10:20:03 - [TEST_STEP][PASSED] - setValueToCellByIndex(sheet01, n, 3, fileInt): null

18-11-2024T10:20:03 - [TEST_STEP][PASSED] - setValueToCellByIndex(sheet01, n, 4, pageInt): null

18-11-2024T10:20:03 - [TEST_STEP][PASSED] - setValueToCellByIndex(sheet01, n, 5, m): null

18-11-2024T10:20:03 - [TEST_STEP][PASSED] - setValueToCellByIndex(sheet01, n, 6, y): null

18-11-2024T10:20:03 - [TEST_STEP][PASSED] - setValueToCellByIndex(sheet01, n, 7, todaysDate): null

18-11-2024T10:20:03 - [TEST_STEP][PASSED] - n = n + 1: null

18-11-2024T10:20:03 - [TEST_STEP][PASSED] - saveWorkbook(excelFilePath, workbook01): Object: 'Object Repository/Выполнение бизнес-плана/Кнопка Факт' is clicked on

18-11-2024T10:20:03 - [TEST_STEP][PASSED] - if (planFact == 2): Object: 'Object Repository/Выполнение бизнес-плана/Кнопка Факт' is clicked on

18-11-2024T10:20:03 - [TEST_STEP][PASSED] - click(findTestObject("Выполнение бизнес-плана/Кнопка Факт")): Object: 'Object Repository/Выполнение бизнес-плана/Кнопка Факт' is clicked on

18-11-2024T10:20:04 - [MESSAGE][PASSED] - Object: 'Object Repository/Выполнение бизнес-плана/Кнопка Факт' is clicked on

18-11-2024T10:20:04 - [TEST_STEP][PASSED] - if (a == 84 || a == 82): null

18-11-2024T10:20:04 - [TEST_STEP][PASSED] - else if (a == 52 || a == 72 || a == 28 || a == 73 || a == 77 || a == 74 || a == 65 || a == 36 || a == 44 || a == 53 || a == 80 || a == 54 || a == 1 || a == 18 || a == 59 || a == 81): null

18-11-2024T10:20:04 - [TEST_STEP][PASSED] - else: null

18-11-2024T10:20:04 - [TEST_STEP][PASSED] - page1 = getText(findTestObject("Object Repository/Выполнение бизнес-плана/spanPlan" + filialNum)): Text of object 'Object Repository/Выполнение бизнес-плана/spanPlan1' is: '39.74
|'

18-11-2024T10:20:04 - [MESSAGE][PASSED] - Text of object 'Object Repository/Выполнение бизнес-плана/spanPlan1' is: '39.74
|'

18-11-2024T10:20:04 - [TEST_STEP][PASSED] - page1 = page1.replace("|", ""): null

18-11-2024T10:20:04 - [TEST_STEP][PASSED] - page2 = getText(findTestObject("Object Repository/Выполнение бизнес-плана/spanFact" + filialNum)): Text of object 'Object Repository/Выполнение бизнес-плана/spanFact1' is: '47.79
|'

18-11-2024T10:20:04 - [MESSAGE][PASSED] - Text of object 'Object Repository/Выполнение бизнес-плана/spanFact1' is: '47.79
|'

18-11-2024T10:20:04 - [TEST_STEP][PASSED] - page2 = page2.replace("|", ""): null

18-11-2024T10:20:04 - [TEST_STEP][PASSED] - println("page1: " + page1): null

18-11-2024T10:20:04 - [TEST_STEP][PASSED] - println("page2: " + page2): null

18-11-2024T10:20:04 - [TEST_STEP][PASSED] - file = findTestData("PlanFact").getValue(4, a): null

18-11-2024T10:20:04 - [TEST_STEP][PASSED] - file = file.replace(",", "."): null

18-11-2024T10:20:04 - [TEST_STEP][PASSED] - println("file Plan: " + file): null

18-11-2024T10:20:04 - [TEST_STEP][PASSED] - typeOfData = "План в процентах": null

18-11-2024T10:20:04 - [TEST_STEP][PASSED] - fileDouble = file.toDouble(): null

18-11-2024T10:20:04 - [TEST_STEP][PASSED] - pageDouble = page1.toDouble(): null

18-11-2024T10:20:04 - [TEST_STEP][PASSED] - if (fileDouble != pageDouble): null

18-11-2024T10:20:04 - [TEST_STEP][PASSED] - numberOfErrors = numberOfErrors + 1: null

18-11-2024T10:20:04 - [TEST_STEP][PASSED] - Script1718980020443.WriteToExcel(a, typeOfData, todaysDate, pageInt, fileInt, pageDouble, fileDouble, dZO): null

18-11-2024T10:20:04 - [TEST_STEP][PASSED] - sheetName = "Sheet1": null

18-11-2024T10:20:04 - [TEST_STEP][PASSED] - data = findTestData("PlanFact"): null

18-11-2024T10:20:04 - [TEST_STEP][PASSED] - n = data.getRowNumbers() + 1: null

18-11-2024T10:20:04 - [TEST_STEP][PASSED] - year = todaysDate.substring(todaysDate.length() - 4, todaysDate.length()): null

18-11-2024T10:20:04 - [TEST_STEP][PASSED] - y = year.toInteger(): null

18-11-2024T10:20:04 - [TEST_STEP][PASSED] - m = getText(findTestObject("Выполнение бизнес-плана/Период")): Text of object 'Object Repository/Выполнение бизнес-плана/Период' is: '1, 2, 3 кв. 2024 года'

18-11-2024T10:20:05 - [MESSAGE][PASSED] - Text of object 'Object Repository/Выполнение бизнес-плана/Период' is: '1, 2, 3 кв. 2024 года'

18-11-2024T10:20:05 - [TEST_STEP][PASSED] - m = m.substring(0, m.indexOf("2024")): null

18-11-2024T10:20:05 - [TEST_STEP][PASSED] - m = m.trim(): null

18-11-2024T10:20:05 - [TEST_STEP][PASSED] - dashboardName = "Выполнение бизнес-плана": null

18-11-2024T10:20:05 - [TEST_STEP][PASSED] - workbook01 = getWorkbook(excelFilePath): null

18-11-2024T10:20:05 - [TEST_STEP][PASSED] - sheet01 = getExcelSheet(workbook01, sheetName): null

18-11-2024T10:20:05 - [TEST_STEP][PASSED] - setValueToCellByIndex(sheet01, n, 0, dashboardName): null

18-11-2024T10:20:05 - [TEST_STEP][PASSED] - setValueToCellByIndex(sheet01, n, 1, dZO): null

18-11-2024T10:20:05 - [TEST_STEP][PASSED] - setValueToCellByIndex(sheet01, n, 2, typeOfData): null

18-11-2024T10:20:05 - [TEST_STEP][PASSED] - if (typeOfData == "Факт в процентах" || typeOfData == "План в процентах"): null

18-11-2024T10:20:05 - [TEST_STEP][PASSED] - setValueToCellByIndex(sheet01, n, 3, fileDouble): null

18-11-2024T10:20:05 - [TEST_STEP][PASSED] - setValueToCellByIndex(sheet01, n, 4, pageDouble): null

18-11-2024T10:20:05 - [TEST_STEP][PASSED] - setValueToCellByIndex(sheet01, n, 5, m): null

18-11-2024T10:20:05 - [TEST_STEP][PASSED] - setValueToCellByIndex(sheet01, n, 6, y): null

18-11-2024T10:20:05 - [TEST_STEP][PASSED] - setValueToCellByIndex(sheet01, n, 7, todaysDate): null

18-11-2024T10:20:05 - [TEST_STEP][PASSED] - n = n + 1: null

18-11-2024T10:20:05 - [TEST_STEP][PASSED] - saveWorkbook(excelFilePath, workbook01): null

18-11-2024T10:20:05 - [TEST_STEP][PASSED] - file = findTestData("PlanFact").getValue(7, a): null

18-11-2024T10:20:05 - [TEST_STEP][PASSED] - file = file.replace(",", "."): null

18-11-2024T10:20:05 - [TEST_STEP][PASSED] - println("file Fact: " + file): null

18-11-2024T10:20:05 - [TEST_STEP][PASSED] - fileDouble = file.toDouble(): null

18-11-2024T10:20:05 - [TEST_STEP][PASSED] - typeOfData = "Факт в процентах": null

18-11-2024T10:20:05 - [TEST_STEP][PASSED] - fileDouble = file.toDouble(): null

18-11-2024T10:20:05 - [TEST_STEP][PASSED] - pageDouble = page2.toDouble(): null

18-11-2024T10:20:05 - [TEST_STEP][PASSED] - if (fileDouble != pageDouble): null

18-11-2024T10:20:05 - [TEST_STEP][PASSED] - numberOfErrors = numberOfErrors + 1: null

18-11-2024T10:20:05 - [TEST_STEP][PASSED] - Script1718980020443.WriteToExcel(a, typeOfData, todaysDate, pageInt, fileInt, pageDouble, fileDouble, dZO): null

18-11-2024T10:20:05 - [TEST_STEP][PASSED] - sheetName = "Sheet1": null

18-11-2024T10:20:05 - [TEST_STEP][PASSED] - data = findTestData("PlanFact"): null

18-11-2024T10:20:05 - [TEST_STEP][PASSED] - n = data.getRowNumbers() + 1: null

18-11-2024T10:20:05 - [TEST_STEP][PASSED] - year = todaysDate.substring(todaysDate.length() - 4, todaysDate.length()): null

18-11-2024T10:20:05 - [TEST_STEP][PASSED] - y = year.toInteger(): null

18-11-2024T10:20:05 - [TEST_STEP][PASSED] - m = getText(findTestObject("Выполнение бизнес-плана/Период")): Text of object 'Object Repository/Выполнение бизнес-плана/Период' is: '1, 2, 3 кв. 2024 года'

18-11-2024T10:20:05 - [MESSAGE][PASSED] - Text of object 'Object Repository/Выполнение бизнес-плана/Период' is: '1, 2, 3 кв. 2024 года'

18-11-2024T10:20:05 - [TEST_STEP][PASSED] - m = m.substring(0, m.indexOf("2024")): null

18-11-2024T10:20:05 - [TEST_STEP][PASSED] - m = m.trim(): null

18-11-2024T10:20:05 - [TEST_STEP][PASSED] - dashboardName = "Выполнение бизнес-плана": null

18-11-2024T10:20:05 - [TEST_STEP][PASSED] - workbook01 = getWorkbook(excelFilePath): null

18-11-2024T10:20:05 - [TEST_STEP][PASSED] - sheet01 = getExcelSheet(workbook01, sheetName): null

18-11-2024T10:20:05 - [TEST_STEP][PASSED] - setValueToCellByIndex(sheet01, n, 0, dashboardName): null

18-11-2024T10:20:05 - [TEST_STEP][PASSED] - setValueToCellByIndex(sheet01, n, 1, dZO): null

18-11-2024T10:20:05 - [TEST_STEP][PASSED] - setValueToCellByIndex(sheet01, n, 2, typeOfData): null

18-11-2024T10:20:05 - [TEST_STEP][PASSED] - if (typeOfData == "Факт в процентах" || typeOfData == "План в процентах"): null

18-11-2024T10:20:05 - [TEST_STEP][PASSED] - setValueToCellByIndex(sheet01, n, 3, fileDouble): null

18-11-2024T10:20:05 - [TEST_STEP][PASSED] - setValueToCellByIndex(sheet01, n, 4, pageDouble): null

18-11-2024T10:20:05 - [TEST_STEP][PASSED] - setValueToCellByIndex(sheet01, n, 5, m): null

18-11-2024T10:20:05 - [TEST_STEP][PASSED] - setValueToCellByIndex(sheet01, n, 6, y): null

18-11-2024T10:20:05 - [TEST_STEP][PASSED] - setValueToCellByIndex(sheet01, n, 7, todaysDate): null

18-11-2024T10:20:05 - [TEST_STEP][PASSED] - n = n + 1: null

18-11-2024T10:20:05 - [TEST_STEP][PASSED] - saveWorkbook(excelFilePath, workbook01): null

18-11-2024T10:20:06 - [TEST_STEP][FAILED] - if (verifyEqual(numberOfErrors, 0) == false): null

18-11-2024T10:20:06 - [MESSAGE][FAILED] - Unable to verify equal between actual object '6' and expected object '0' (Root cause: com.kms.katalon.core.exception.StepFailedException: Actual object '6' and expected object '0' are not equal
	at com.kms.katalon.core.keyword.builtin.VerifyEqualKeyword$_verifyEqual_closure1.doCall(VerifyEqualKeyword.groovy:58)
	at com.kms.katalon.core.keyword.builtin.VerifyEqualKeyword$_verifyEqual_closure1.call(VerifyEqualKeyword.groovy)
	at com.kms.katalon.core.keyword.internal.KeywordMain.runKeyword(KeywordMain.groovy:75)
	at com.kms.katalon.core.keyword.builtin.VerifyEqualKeyword.verifyEqual(VerifyEqualKeyword.groovy:63)
	at com.kms.katalon.core.keyword.builtin.VerifyEqualKeyword.execute(VerifyEqualKeyword.groovy:44)
	at com.kms.katalon.core.keyword.internal.KeywordExecutor.executeKeywordForPlatform(KeywordExecutor.groovy:74)
	at com.kms.katalon.core.keyword.BuiltinKeywords.verifyEqual(BuiltinKeywords.groovy:146)
	at java.base/jdk.internal.reflect.NativeMethodAccessorImpl.invoke0(Native Method)
	at java.base/jdk.internal.reflect.NativeMethodAccessorImpl.invoke(NativeMethodAccessorImpl.java:77)
	at java.base/jdk.internal.reflect.DelegatingMethodAccessorImpl.invoke(DelegatingMethodAccessorImpl.java:43)
	at Выполнение бизнес-плана Сверка ПАО Россети все филиалы.Numbers(Выполнение бизнес-плана Сверка ПАО Россети все филиалы:740)
	at Выполнение бизнес-плана Сверка ПАО Россети все филиалы.Filials(Выполнение бизнес-плана Сверка ПАО Россети все филиалы:1075)
	at Выполнение бизнес-плана Сверка ПАО Россети все филиалы.Numbers(Выполнение бизнес-плана Сверка ПАО Россети все филиалы:745)
	at Выполнение бизнес-плана Сверка ПАО Россети все филиалы.run(Выполнение бизнес-плана Сверка ПАО Россети все филиалы:304)
	at com.kms.katalon.core.main.ScriptEngine.run(ScriptEngine.java:194)
	at com.kms.katalon.core.main.ScriptEngine.runScriptAsRawText(ScriptEngine.java:119)
	at com.kms.katalon.core.main.TestCaseExecutor.runScript(TestCaseExecutor.java:448)
	at com.kms.katalon.core.main.TestCaseExecutor.doExecute(TestCaseExecutor.java:439)
	at com.kms.katalon.core.main.TestCaseExecutor.processExecutionPhase(TestCaseExecutor.java:418)
	at com.kms.katalon.core.main.TestCaseExecutor.accessMainPhase(TestCaseExecutor.java:410)
	at com.kms.katalon.core.main.TestCaseExecutor.execute(TestCaseExecutor.java:285)
	at com.kms.katalon.core.common.CommonExecutor.accessTestCaseMainPhase(CommonExecutor.java:65)
	at com.kms.katalon.core.main.TestSuiteExecutor.accessTestSuiteMainPhase(TestSuiteExecutor.java:150)
	at com.kms.katalon.core.main.TestSuiteExecutor.execute(TestSuiteExecutor.java:106)
	at com.kms.katalon.core.main.TestCaseMain.startTestSuite(TestCaseMain.java:180)
	at TempTestSuite1731913737709.run(TempTestSuite1731913737709.groovy:35)
	at java.base/jdk.internal.reflect.NativeMethodAccessorImpl.invoke0(Native Method)
	at java.base/jdk.internal.reflect.NativeMethodAccessorImpl.invoke(NativeMethodAccessorImpl.java:77)
	at java.base/jdk.internal.reflect.DelegatingMethodAccessorImpl.invoke(DelegatingMethodAccessorImpl.java:43)
)

18-11-2024T10:20:06 - [TEST_STEP][PASSED] - println(numberOfErrors): null

18-11-2024T10:20:06 - [TEST_STEP][PASSED] - if (a == 28 || a == 77 || a == 74 || a == 65 || a == 36 || a == 44 || a == 54 || a == 1 || a == 18 || a == 59): null

18-11-2024T10:20:06 - [TEST_STEP][PASSED] - if (a == 82): null

18-11-2024T10:20:06 - [TEST_STEP][PASSED] - dZO = "Ингушэнерго": null

18-11-2024T10:20:06 - [TEST_STEP][PASSED] - a = 70: null

18-11-2024T10:20:06 - [TEST_STEP][PASSED] - if (x2.contains(dZO)): null

18-11-2024T10:20:06 - [TEST_STEP][PASSED] - filialNum = filialNum + 1: null

18-11-2024T10:20:06 - [TEST_STEP][PASSED] - Script1718980020443.Numbers(a, typeOfData, todaysDate, pageInt, fileInt, pageDouble, fileDouble, dZO, dzoNum, filialNum): null

18-11-2024T10:20:06 - [TEST_STEP][PASSED] - println(dzoNum): null

18-11-2024T10:20:06 - [TEST_STEP][PASSED] - planFact = <not implemented yet for class: org.codehaus.groovy.ast.expr.EmptyExpression>: null

18-11-2024T10:20:06 - [TEST_STEP][PASSED] - page = <not implemented yet for class: org.codehaus.groovy.ast.expr.EmptyExpression>: null

18-11-2024T10:20:06 - [TEST_STEP][PASSED] - page1 = <not implemented yet for class: org.codehaus.groovy.ast.expr.EmptyExpression>: null

18-11-2024T10:20:06 - [TEST_STEP][PASSED] - page2 = <not implemented yet for class: org.codehaus.groovy.ast.expr.EmptyExpression>: null

18-11-2024T10:20:06 - [TEST_STEP][PASSED] - filialNumberInRow = <not implemented yet for class: org.codehaus.groovy.ast.expr.EmptyExpression>: null

18-11-2024T10:20:06 - [TEST_STEP][PASSED] - filialsDzoNames = <not implemented yet for class: org.codehaus.groovy.ast.expr.EmptyExpression>: null

18-11-2024T10:20:06 - [TEST_STEP][PASSED] - numberOfFilials = <not implemented yet for class: org.codehaus.groovy.ast.expr.EmptyExpression>: null

18-11-2024T10:20:06 - [TEST_STEP][PASSED] - numberOfSpaces = <not implemented yet for class: org.codehaus.groovy.ast.expr.EmptyExpression>: null

18-11-2024T10:20:06 - [TEST_STEP][PASSED] - file = <not implemented yet for class: org.codehaus.groovy.ast.expr.EmptyExpression>: null

18-11-2024T10:20:06 - [TEST_STEP][PASSED] - otpusk = <not implemented yet for class: org.codehaus.groovy.ast.expr.EmptyExpression>: null

18-11-2024T10:20:06 - [TEST_STEP][PASSED] - poteri = <not implemented yet for class: org.codehaus.groovy.ast.expr.EmptyExpression>: null

18-11-2024T10:20:06 - [TEST_STEP][PASSED] - dataFolder = "Выполнение бизнес-плана/Значения со страницы Выполнение бизнес-плана/": null

18-11-2024T10:20:06 - [TEST_STEP][PASSED] - path = <not implemented yet for class: org.codehaus.groovy.ast.expr.EmptyExpression>: null

18-11-2024T10:20:06 - [TEST_STEP][PASSED] - typeOfDataMain = <not implemented yet for class: org.codehaus.groovy.ast.expr.EmptyExpression>: null

18-11-2024T10:20:06 - [TEST_STEP][PASSED] - fileOtpuskVSet = <not implemented yet for class: org.codehaus.groovy.ast.expr.EmptyExpression>: null

18-11-2024T10:20:06 - [TEST_STEP][PASSED] - pageOtpuskVSet = <not implemented yet for class: org.codehaus.groovy.ast.expr.EmptyExpression>: null

18-11-2024T10:20:06 - [TEST_STEP][PASSED] - filePoteri = <not implemented yet for class: org.codehaus.groovy.ast.expr.EmptyExpression>: null

18-11-2024T10:20:06 - [TEST_STEP][PASSED] - pagePoteri = <not implemented yet for class: org.codehaus.groovy.ast.expr.EmptyExpression>: null

18-11-2024T10:20:06 - [TEST_STEP][PASSED] - compare = <not implemented yet for class: org.codehaus.groovy.ast.expr.EmptyExpression>: null

18-11-2024T10:20:06 - [TEST_STEP][PASSED] - b = <not implemented yet for class: org.codehaus.groovy.ast.expr.EmptyExpression>: null

18-11-2024T10:20:06 - [TEST_STEP][PASSED] - i = <not implemented yet for class: org.codehaus.groovy.ast.expr.EmptyExpression>: null

18-11-2024T10:20:06 - [TEST_STEP][PASSED] - ii = <not implemented yet for class: org.codehaus.groovy.ast.expr.EmptyExpression>: null

18-11-2024T10:20:06 - [TEST_STEP][PASSED] - c = <not implemented yet for class: org.codehaus.groovy.ast.expr.EmptyExpression>: null

18-11-2024T10:20:06 - [TEST_STEP][PASSED] - numberOfErrors = 0: null

18-11-2024T10:20:06 - [TEST_STEP][PASSED] - if (a == 82): null

18-11-2024T10:20:06 - [TEST_STEP][PASSED] - b = findTestData("PlanFact").getValue(1, a): null

18-11-2024T10:20:06 - [TEST_STEP][PASSED] - i = b.indexOf(" (ГК)"): null

18-11-2024T10:20:06 - [TEST_STEP][PASSED] - if (i > -1): null

18-11-2024T10:20:06 - [TEST_STEP][PASSED] - i = b.indexOf("О ""): null

18-11-2024T10:20:06 - [TEST_STEP][PASSED] - if (i > -1): null

18-11-2024T10:20:06 - [TEST_STEP][PASSED] - i = b.indexOf("О «"): null

18-11-2024T10:20:06 - [TEST_STEP][PASSED] - if (i > -1): null

18-11-2024T10:20:06 - [TEST_STEP][PASSED] - i = b.indexOf("г. "): null

18-11-2024T10:20:06 - [TEST_STEP][PASSED] - if (i > -1): null

18-11-2024T10:20:06 - [TEST_STEP][PASSED] - println(b): null

18-11-2024T10:20:06 - [TEST_STEP][PASSED] - for ([planFact = 1, planFact < 3, (planFact++)]): null

18-11-2024T10:20:06 - [TEST_STEP][PASSED] - if (planFact == 1): null

18-11-2024T10:20:06 - [TEST_STEP][PASSED] - typeOfDataMain = "Факт": null

18-11-2024T10:20:06 - [TEST_STEP][PASSED] - otpusk = findTestData("PlanFact").getValue(5, a): null

18-11-2024T10:20:06 - [TEST_STEP][PASSED] - poteri = findTestData("PlanFact").getValue(6, a): null

18-11-2024T10:20:06 - [TEST_STEP][PASSED] - otpusk = otpusk.replaceAll("\s+", ""): null

18-11-2024T10:20:06 - [TEST_STEP][PASSED] - poteri = poteri.replaceAll("\s+", ""): null

18-11-2024T10:20:06 - [TEST_STEP][PASSED] - typeOfData = typeOfDataMain + " Отпуск в сеть": null

18-11-2024T10:20:06 - [TEST_STEP][PASSED] - if (a == 82): null

18-11-2024T10:20:06 - [TEST_STEP][PASSED] - else if (a == 84): null

18-11-2024T10:20:06 - [TEST_STEP][PASSED] - else if (a == 52 || a == 72 || a == 28 || a == 73 || a == 77 || a == 74 || a == 65 || a == 36 || a == 44 || a == 53 || a == 80 || a == 54 || a == 1 || a == 18 || a == 59 || a == 81): null

18-11-2024T10:20:06 - [TEST_STEP][PASSED] - else: null

18-11-2024T10:20:06 - [TEST_STEP][PASSED] - path = dataFolder + typeOfData + " за отчётный период " + b: null

18-11-2024T10:20:06 - [TEST_STEP][PASSED] - println(path): null

18-11-2024T10:20:06 - [TEST_STEP][PASSED] - page = getText(findTestObject(path)): Text of object 'Object Repository/Выполнение бизнес-плана/Значения со страницы Выполнение бизнес-плана/Факт Отпуск в сеть за отчётный период Ингушэнерго' is: '810 515'

18-11-2024T10:20:06 - [MESSAGE][PASSED] - Text of object 'Object Repository/Выполнение бизнес-плана/Значения со страницы Выполнение бизнес-плана/Факт Отпуск в сеть за отчётный период Ингушэнерго' is: '810 515'

18-11-2024T10:20:06 - [TEST_STEP][PASSED] - page = page.replaceAll("\s+", ""): null

18-11-2024T10:20:06 - [TEST_STEP][PASSED] - fileOtpuskVSet = otpusk.toInteger(): null

18-11-2024T10:20:06 - [TEST_STEP][PASSED] - pageOtpuskVSet = page.toInteger(): null

18-11-2024T10:20:06 - [TEST_STEP][PASSED] - typeOfData = typeOfDataMain + " Потери": null

18-11-2024T10:20:06 - [TEST_STEP][PASSED] - if (a == 82): null

18-11-2024T10:20:06 - [TEST_STEP][PASSED] - else if (a == 84): null

18-11-2024T10:20:06 - [TEST_STEP][PASSED] - else if (a == 52 || a == 72 || a == 28 || a == 73 || a == 77 || a == 74 || a == 65 || a == 36 || a == 44 || a == 53 || a == 80 || a == 54 || a == 1 || a == 18 || a == 59 || a == 81): null

18-11-2024T10:20:06 - [TEST_STEP][PASSED] - else: null

18-11-2024T10:20:06 - [TEST_STEP][PASSED] - path = dataFolder + typeOfData + " за отчётный период " + b: null

18-11-2024T10:20:06 - [TEST_STEP][PASSED] - page = getText(findTestObject(path)): Text of object 'Object Repository/Выполнение бизнес-плана/Значения со страницы Выполнение бизнес-плана/Факт Потери за отчётный период Ингушэнерго' is: '458 410'

18-11-2024T10:20:06 - [MESSAGE][PASSED] - Text of object 'Object Repository/Выполнение бизнес-плана/Значения со страницы Выполнение бизнес-плана/Факт Потери за отчётный период Ингушэнерго' is: '458 410'

18-11-2024T10:20:06 - [TEST_STEP][PASSED] - page = page.replaceAll("\s+", ""): null

18-11-2024T10:20:06 - [TEST_STEP][PASSED] - filePoteri = poteri.toInteger(): null

18-11-2024T10:20:06 - [TEST_STEP][PASSED] - pagePoteri = page.toInteger(): null

18-11-2024T10:20:06 - [TEST_STEP][PASSED] - compare = pageOtpuskVSet: null

18-11-2024T10:20:06 - [TEST_STEP][PASSED] - if (compare == fileOtpuskVSet): null

18-11-2024T10:20:06 - [TEST_STEP][PASSED] - else if (compare > fileOtpuskVSet): null

18-11-2024T10:20:06 - [TEST_STEP][PASSED] - compare = compare - 1: null

18-11-2024T10:20:06 - [TEST_STEP][PASSED] - if (compare == fileOtpuskVSet): null

18-11-2024T10:20:06 - [TEST_STEP][PASSED] - else: null

18-11-2024T10:20:06 - [TEST_STEP][PASSED] - numberOfErrors = numberOfErrors + 1: null

18-11-2024T10:20:06 - [TEST_STEP][PASSED] - pageInt = pageOtpuskVSet: null

18-11-2024T10:20:06 - [TEST_STEP][PASSED] - fileInt = fileOtpuskVSet: null

18-11-2024T10:20:06 - [TEST_STEP][PASSED] - typeOfData = typeOfDataMain + " Отпуск в сеть": null

18-11-2024T10:20:06 - [TEST_STEP][PASSED] - Script1718980020443.WriteToExcel(a, typeOfData, todaysDate, pageInt, fileInt, pageDouble, fileDouble, dZO): null

18-11-2024T10:20:06 - [TEST_STEP][PASSED] - sheetName = "Sheet1": null

18-11-2024T10:20:06 - [TEST_STEP][PASSED] - data = findTestData("PlanFact"): null

18-11-2024T10:20:06 - [TEST_STEP][PASSED] - n = data.getRowNumbers() + 1: null

18-11-2024T10:20:06 - [TEST_STEP][PASSED] - year = todaysDate.substring(todaysDate.length() - 4, todaysDate.length()): null

18-11-2024T10:20:06 - [TEST_STEP][PASSED] - y = year.toInteger(): null

18-11-2024T10:20:06 - [TEST_STEP][PASSED] - m = getText(findTestObject("Выполнение бизнес-плана/Период")): Text of object 'Object Repository/Выполнение бизнес-плана/Период' is: '1, 2, 3 кв. 2024 года'

18-11-2024T10:20:07 - [MESSAGE][PASSED] - Text of object 'Object Repository/Выполнение бизнес-плана/Период' is: '1, 2, 3 кв. 2024 года'

18-11-2024T10:20:07 - [TEST_STEP][PASSED] - m = m.substring(0, m.indexOf("2024")): null

18-11-2024T10:20:07 - [TEST_STEP][PASSED] - m = m.trim(): null

18-11-2024T10:20:07 - [TEST_STEP][PASSED] - dashboardName = "Выполнение бизнес-плана": null

18-11-2024T10:20:07 - [TEST_STEP][PASSED] - workbook01 = getWorkbook(excelFilePath): null

18-11-2024T10:20:07 - [TEST_STEP][PASSED] - sheet01 = getExcelSheet(workbook01, sheetName): null

18-11-2024T10:20:07 - [TEST_STEP][PASSED] - setValueToCellByIndex(sheet01, n, 0, dashboardName): null

18-11-2024T10:20:07 - [TEST_STEP][PASSED] - setValueToCellByIndex(sheet01, n, 1, dZO): null

18-11-2024T10:20:07 - [TEST_STEP][PASSED] - setValueToCellByIndex(sheet01, n, 2, typeOfData): null

18-11-2024T10:20:07 - [TEST_STEP][PASSED] - if (typeOfData == "Факт в процентах" || typeOfData == "План в процентах"): null

18-11-2024T10:20:07 - [TEST_STEP][PASSED] - else: null

18-11-2024T10:20:07 - [TEST_STEP][PASSED] - setValueToCellByIndex(sheet01, n, 3, fileInt): null

18-11-2024T10:20:07 - [TEST_STEP][PASSED] - setValueToCellByIndex(sheet01, n, 4, pageInt): null

18-11-2024T10:20:07 - [TEST_STEP][PASSED] - setValueToCellByIndex(sheet01, n, 5, m): null

18-11-2024T10:20:07 - [TEST_STEP][PASSED] - setValueToCellByIndex(sheet01, n, 6, y): null

18-11-2024T10:20:07 - [TEST_STEP][PASSED] - setValueToCellByIndex(sheet01, n, 7, todaysDate): null

18-11-2024T10:20:07 - [TEST_STEP][PASSED] - n = n + 1: null

18-11-2024T10:20:07 - [TEST_STEP][PASSED] - saveWorkbook(excelFilePath, workbook01): null

18-11-2024T10:20:07 - [TEST_STEP][PASSED] - compare = pagePoteri: null

18-11-2024T10:20:07 - [TEST_STEP][PASSED] - if (compare == filePoteri): null

18-11-2024T10:20:07 - [TEST_STEP][PASSED] - else if (compare > filePoteri): null

18-11-2024T10:20:07 - [TEST_STEP][PASSED] - compare = compare - 1: null

18-11-2024T10:20:07 - [TEST_STEP][PASSED] - if (compare == filePoteri): null

18-11-2024T10:20:07 - [TEST_STEP][PASSED] - else: null

18-11-2024T10:20:07 - [TEST_STEP][PASSED] - numberOfErrors = numberOfErrors + 1: null

18-11-2024T10:20:07 - [TEST_STEP][PASSED] - pageInt = pagePoteri: null

18-11-2024T10:20:07 - [TEST_STEP][PASSED] - fileInt = filePoteri: null

18-11-2024T10:20:07 - [TEST_STEP][PASSED] - typeOfData = typeOfDataMain + " Потери": null

18-11-2024T10:20:07 - [TEST_STEP][PASSED] - Script1718980020443.WriteToExcel(a, typeOfData, todaysDate, pageInt, fileInt, pageDouble, fileDouble, dZO): null

18-11-2024T10:20:07 - [TEST_STEP][PASSED] - sheetName = "Sheet1": null

18-11-2024T10:20:07 - [TEST_STEP][PASSED] - data = findTestData("PlanFact"): null

18-11-2024T10:20:07 - [TEST_STEP][PASSED] - n = data.getRowNumbers() + 1: null

18-11-2024T10:20:07 - [TEST_STEP][PASSED] - year = todaysDate.substring(todaysDate.length() - 4, todaysDate.length()): null

18-11-2024T10:20:07 - [TEST_STEP][PASSED] - y = year.toInteger(): null

18-11-2024T10:20:07 - [TEST_STEP][PASSED] - m = getText(findTestObject("Выполнение бизнес-плана/Период")): Text of object 'Object Repository/Выполнение бизнес-плана/Период' is: '1, 2, 3 кв. 2024 года'

18-11-2024T10:20:07 - [MESSAGE][PASSED] - Text of object 'Object Repository/Выполнение бизнес-плана/Период' is: '1, 2, 3 кв. 2024 года'

18-11-2024T10:20:07 - [TEST_STEP][PASSED] - m = m.substring(0, m.indexOf("2024")): null

18-11-2024T10:20:07 - [TEST_STEP][PASSED] - m = m.trim(): null

18-11-2024T10:20:07 - [TEST_STEP][PASSED] - dashboardName = "Выполнение бизнес-плана": null

18-11-2024T10:20:07 - [TEST_STEP][PASSED] - workbook01 = getWorkbook(excelFilePath): null

18-11-2024T10:20:07 - [TEST_STEP][PASSED] - sheet01 = getExcelSheet(workbook01, sheetName): null

18-11-2024T10:20:07 - [TEST_STEP][PASSED] - setValueToCellByIndex(sheet01, n, 0, dashboardName): null

18-11-2024T10:20:07 - [TEST_STEP][PASSED] - setValueToCellByIndex(sheet01, n, 1, dZO): null

18-11-2024T10:20:07 - [TEST_STEP][PASSED] - setValueToCellByIndex(sheet01, n, 2, typeOfData): null

18-11-2024T10:20:07 - [TEST_STEP][PASSED] - if (typeOfData == "Факт в процентах" || typeOfData == "План в процентах"): null

18-11-2024T10:20:07 - [TEST_STEP][PASSED] - else: null

18-11-2024T10:20:07 - [TEST_STEP][PASSED] - setValueToCellByIndex(sheet01, n, 3, fileInt): null

18-11-2024T10:20:07 - [TEST_STEP][PASSED] - setValueToCellByIndex(sheet01, n, 4, pageInt): null

18-11-2024T10:20:07 - [TEST_STEP][PASSED] - setValueToCellByIndex(sheet01, n, 5, m): null

18-11-2024T10:20:07 - [TEST_STEP][PASSED] - setValueToCellByIndex(sheet01, n, 6, y): null

18-11-2024T10:20:07 - [TEST_STEP][PASSED] - setValueToCellByIndex(sheet01, n, 7, todaysDate): null

18-11-2024T10:20:07 - [TEST_STEP][PASSED] - n = n + 1: null

18-11-2024T10:20:07 - [TEST_STEP][PASSED] - saveWorkbook(excelFilePath, workbook01): null

18-11-2024T10:20:08 - [TEST_STEP][PASSED] - if (planFact == 2): null

18-11-2024T10:20:08 - [TEST_STEP][PASSED] - if (planFact == 1): null

18-11-2024T10:20:08 - [TEST_STEP][PASSED] - else if (planFact == 2): null

18-11-2024T10:20:08 - [TEST_STEP][PASSED] - click(findTestObject("Выполнение бизнес-плана/Кнопка План")): Object: 'Object Repository/Выполнение бизнес-плана/Кнопка План' is clicked on

18-11-2024T10:20:08 - [MESSAGE][PASSED] - Object: 'Object Repository/Выполнение бизнес-плана/Кнопка План' is clicked on

18-11-2024T10:20:08 - [TEST_STEP][PASSED] - typeOfDataMain = "План": null

18-11-2024T10:20:08 - [TEST_STEP][PASSED] - otpusk = findTestData("PlanFact").getValue(2, a): null

18-11-2024T10:20:08 - [TEST_STEP][PASSED] - poteri = findTestData("PlanFact").getValue(3, a): null

18-11-2024T10:20:08 - [TEST_STEP][PASSED] - otpusk = otpusk.replaceAll("\s+", ""): null

18-11-2024T10:20:08 - [TEST_STEP][PASSED] - poteri = poteri.replaceAll("\s+", ""): null

18-11-2024T10:20:08 - [TEST_STEP][PASSED] - typeOfData = typeOfDataMain + " Отпуск в сеть": null

18-11-2024T10:20:08 - [TEST_STEP][PASSED] - if (a == 82): null

18-11-2024T10:20:08 - [TEST_STEP][PASSED] - else if (a == 84): null

18-11-2024T10:20:08 - [TEST_STEP][PASSED] - else if (a == 52 || a == 72 || a == 28 || a == 73 || a == 77 || a == 74 || a == 65 || a == 36 || a == 44 || a == 53 || a == 80 || a == 54 || a == 1 || a == 18 || a == 59 || a == 81): null

18-11-2024T10:20:08 - [TEST_STEP][PASSED] - else: null

18-11-2024T10:20:08 - [TEST_STEP][PASSED] - path = dataFolder + typeOfData + " за отчётный период " + b: null

18-11-2024T10:20:08 - [TEST_STEP][PASSED] - println(path): null

18-11-2024T10:20:08 - [TEST_STEP][PASSED] - page = getText(findTestObject(path)): Text of object 'Object Repository/Выполнение бизнес-плана/Значения со страницы Выполнение бизнес-плана/План Отпуск в сеть за отчётный период Ингушэнерго' is: '723 798'

18-11-2024T10:20:08 - [MESSAGE][PASSED] - Text of object 'Object Repository/Выполнение бизнес-плана/Значения со страницы Выполнение бизнес-плана/План Отпуск в сеть за отчётный период Ингушэнерго' is: '723 798'

18-11-2024T10:20:08 - [TEST_STEP][PASSED] - page = page.replaceAll("\s+", ""): null

18-11-2024T10:20:08 - [TEST_STEP][PASSED] - fileOtpuskVSet = otpusk.toInteger(): null

18-11-2024T10:20:08 - [TEST_STEP][PASSED] - pageOtpuskVSet = page.toInteger(): null

18-11-2024T10:20:08 - [TEST_STEP][PASSED] - typeOfData = typeOfDataMain + " Потери": null

18-11-2024T10:20:08 - [TEST_STEP][PASSED] - if (a == 82): null

18-11-2024T10:20:08 - [TEST_STEP][PASSED] - else if (a == 84): null

18-11-2024T10:20:08 - [TEST_STEP][PASSED] - else if (a == 52 || a == 72 || a == 28 || a == 73 || a == 77 || a == 74 || a == 65 || a == 36 || a == 44 || a == 53 || a == 80 || a == 54 || a == 1 || a == 18 || a == 59 || a == 81): null

18-11-2024T10:20:08 - [TEST_STEP][PASSED] - else: null

18-11-2024T10:20:08 - [TEST_STEP][PASSED] - path = dataFolder + typeOfData + " за отчётный период " + b: null

18-11-2024T10:20:08 - [TEST_STEP][PASSED] - page = getText(findTestObject(path)): Text of object 'Object Repository/Выполнение бизнес-плана/Значения со страницы Выполнение бизнес-плана/План Потери за отчётный период Ингушэнерго' is: '314 075'

18-11-2024T10:20:09 - [MESSAGE][PASSED] - Text of object 'Object Repository/Выполнение бизнес-плана/Значения со страницы Выполнение бизнес-плана/План Потери за отчётный период Ингушэнерго' is: '314 075'

18-11-2024T10:20:09 - [TEST_STEP][PASSED] - page = page.replaceAll("\s+", ""): null

18-11-2024T10:20:09 - [TEST_STEP][PASSED] - filePoteri = poteri.toInteger(): null

18-11-2024T10:20:09 - [TEST_STEP][PASSED] - pagePoteri = page.toInteger(): null

18-11-2024T10:20:09 - [TEST_STEP][PASSED] - compare = pageOtpuskVSet: null

18-11-2024T10:20:09 - [TEST_STEP][PASSED] - if (compare == fileOtpuskVSet): null

18-11-2024T10:20:09 - [TEST_STEP][PASSED] - else if (compare > fileOtpuskVSet): null

18-11-2024T10:20:09 - [TEST_STEP][PASSED] - else if (compare < fileOtpuskVSet): null

18-11-2024T10:20:09 - [TEST_STEP][PASSED] - compare = compare + 1: null

18-11-2024T10:20:09 - [TEST_STEP][PASSED] - if (compare == fileOtpuskVSet): null

18-11-2024T10:20:09 - [TEST_STEP][PASSED] - else: null

18-11-2024T10:20:09 - [TEST_STEP][PASSED] - numberOfErrors = numberOfErrors + 1: null

18-11-2024T10:20:09 - [TEST_STEP][PASSED] - pageInt = pageOtpuskVSet: null

18-11-2024T10:20:09 - [TEST_STEP][PASSED] - fileInt = fileOtpuskVSet: null

18-11-2024T10:20:09 - [TEST_STEP][PASSED] - typeOfData = typeOfDataMain + " Отпуск в сеть": null

18-11-2024T10:20:09 - [TEST_STEP][PASSED] - Script1718980020443.WriteToExcel(a, typeOfData, todaysDate, pageInt, fileInt, pageDouble, fileDouble, dZO): null

18-11-2024T10:20:09 - [TEST_STEP][PASSED] - sheetName = "Sheet1": null

18-11-2024T10:20:09 - [TEST_STEP][PASSED] - data = findTestData("PlanFact"): null

18-11-2024T10:20:09 - [TEST_STEP][PASSED] - n = data.getRowNumbers() + 1: null

18-11-2024T10:20:09 - [TEST_STEP][PASSED] - year = todaysDate.substring(todaysDate.length() - 4, todaysDate.length()): null

18-11-2024T10:20:09 - [TEST_STEP][PASSED] - y = year.toInteger(): null

18-11-2024T10:20:09 - [TEST_STEP][PASSED] - m = getText(findTestObject("Выполнение бизнес-плана/Период")): Text of object 'Object Repository/Выполнение бизнес-плана/Период' is: '1, 2, 3 кв. 2024 года'

18-11-2024T10:20:09 - [MESSAGE][PASSED] - Text of object 'Object Repository/Выполнение бизнес-плана/Период' is: '1, 2, 3 кв. 2024 года'

18-11-2024T10:20:09 - [TEST_STEP][PASSED] - m = m.substring(0, m.indexOf("2024")): null

18-11-2024T10:20:09 - [TEST_STEP][PASSED] - m = m.trim(): null

18-11-2024T10:20:09 - [TEST_STEP][PASSED] - dashboardName = "Выполнение бизнес-плана": null

18-11-2024T10:20:09 - [TEST_STEP][PASSED] - workbook01 = getWorkbook(excelFilePath): null

18-11-2024T10:20:09 - [TEST_STEP][PASSED] - sheet01 = getExcelSheet(workbook01, sheetName): null

18-11-2024T10:20:09 - [TEST_STEP][PASSED] - setValueToCellByIndex(sheet01, n, 0, dashboardName): null

18-11-2024T10:20:09 - [TEST_STEP][PASSED] - setValueToCellByIndex(sheet01, n, 1, dZO): null

18-11-2024T10:20:09 - [TEST_STEP][PASSED] - setValueToCellByIndex(sheet01, n, 2, typeOfData): null

18-11-2024T10:20:09 - [TEST_STEP][PASSED] - if (typeOfData == "Факт в процентах" || typeOfData == "План в процентах"): null

18-11-2024T10:20:09 - [TEST_STEP][PASSED] - else: null

18-11-2024T10:20:09 - [TEST_STEP][PASSED] - setValueToCellByIndex(sheet01, n, 3, fileInt): null

18-11-2024T10:20:09 - [TEST_STEP][PASSED] - setValueToCellByIndex(sheet01, n, 4, pageInt): null

18-11-2024T10:20:09 - [TEST_STEP][PASSED] - setValueToCellByIndex(sheet01, n, 5, m): null

18-11-2024T10:20:09 - [TEST_STEP][PASSED] - setValueToCellByIndex(sheet01, n, 6, y): null

18-11-2024T10:20:09 - [TEST_STEP][PASSED] - setValueToCellByIndex(sheet01, n, 7, todaysDate): null

18-11-2024T10:20:09 - [TEST_STEP][PASSED] - n = n + 1: null

18-11-2024T10:20:09 - [TEST_STEP][PASSED] - saveWorkbook(excelFilePath, workbook01): null

18-11-2024T10:20:09 - [TEST_STEP][PASSED] - compare = pagePoteri: null

18-11-2024T10:20:09 - [TEST_STEP][PASSED] - if (compare == filePoteri): null

18-11-2024T10:20:09 - [TEST_STEP][PASSED] - else if (compare > filePoteri): null

18-11-2024T10:20:09 - [TEST_STEP][PASSED] - else if (compare < filePoteri): null

18-11-2024T10:20:09 - [TEST_STEP][PASSED] - compare = compare + 1: null

18-11-2024T10:20:09 - [TEST_STEP][PASSED] - if (compare == filePoteri): null

18-11-2024T10:20:09 - [TEST_STEP][PASSED] - else: null

18-11-2024T10:20:09 - [TEST_STEP][PASSED] - numberOfErrors = numberOfErrors + 1: null

18-11-2024T10:20:09 - [TEST_STEP][PASSED] - pageInt = pagePoteri: null

18-11-2024T10:20:09 - [TEST_STEP][PASSED] - fileInt = filePoteri: null

18-11-2024T10:20:09 - [TEST_STEP][PASSED] - typeOfData = typeOfDataMain + " Потери": null

18-11-2024T10:20:09 - [TEST_STEP][PASSED] - Script1718980020443.WriteToExcel(a, typeOfData, todaysDate, pageInt, fileInt, pageDouble, fileDouble, dZO): null

18-11-2024T10:20:09 - [TEST_STEP][PASSED] - sheetName = "Sheet1": null

18-11-2024T10:20:09 - [TEST_STEP][PASSED] - data = findTestData("PlanFact"): null

18-11-2024T10:20:09 - [TEST_STEP][PASSED] - n = data.getRowNumbers() + 1: null

18-11-2024T10:20:09 - [TEST_STEP][PASSED] - year = todaysDate.substring(todaysDate.length() - 4, todaysDate.length()): null

18-11-2024T10:20:09 - [TEST_STEP][PASSED] - y = year.toInteger(): null

18-11-2024T10:20:09 - [TEST_STEP][PASSED] - m = getText(findTestObject("Выполнение бизнес-плана/Период")): Text of object 'Object Repository/Выполнение бизнес-плана/Период' is: '1, 2, 3 кв. 2024 года'

18-11-2024T10:20:10 - [MESSAGE][PASSED] - Text of object 'Object Repository/Выполнение бизнес-плана/Период' is: '1, 2, 3 кв. 2024 года'

18-11-2024T10:20:10 - [TEST_STEP][PASSED] - m = m.substring(0, m.indexOf("2024")): null

18-11-2024T10:20:10 - [TEST_STEP][PASSED] - m = m.trim(): null

18-11-2024T10:20:10 - [TEST_STEP][PASSED] - dashboardName = "Выполнение бизнес-плана": null

18-11-2024T10:20:10 - [TEST_STEP][PASSED] - workbook01 = getWorkbook(excelFilePath): null

18-11-2024T10:20:10 - [TEST_STEP][PASSED] - sheet01 = getExcelSheet(workbook01, sheetName): null

18-11-2024T10:20:10 - [TEST_STEP][PASSED] - setValueToCellByIndex(sheet01, n, 0, dashboardName): null

18-11-2024T10:20:10 - [TEST_STEP][PASSED] - setValueToCellByIndex(sheet01, n, 1, dZO): null

18-11-2024T10:20:10 - [TEST_STEP][PASSED] - setValueToCellByIndex(sheet01, n, 2, typeOfData): null

18-11-2024T10:20:10 - [TEST_STEP][PASSED] - if (typeOfData == "Факт в процентах" || typeOfData == "План в процентах"): null

18-11-2024T10:20:10 - [TEST_STEP][PASSED] - else: null

18-11-2024T10:20:10 - [TEST_STEP][PASSED] - setValueToCellByIndex(sheet01, n, 3, fileInt): null

18-11-2024T10:20:10 - [TEST_STEP][PASSED] - setValueToCellByIndex(sheet01, n, 4, pageInt): null

18-11-2024T10:20:10 - [TEST_STEP][PASSED] - setValueToCellByIndex(sheet01, n, 5, m): null

18-11-2024T10:20:10 - [TEST_STEP][PASSED] - setValueToCellByIndex(sheet01, n, 6, y): null

18-11-2024T10:20:10 - [TEST_STEP][PASSED] - setValueToCellByIndex(sheet01, n, 7, todaysDate): null

18-11-2024T10:20:10 - [TEST_STEP][PASSED] - n = n + 1: null

18-11-2024T10:20:10 - [TEST_STEP][PASSED] - saveWorkbook(excelFilePath, workbook01): Object: 'Object Repository/Выполнение бизнес-плана/Кнопка Факт' is clicked on

18-11-2024T10:20:10 - [TEST_STEP][PASSED] - if (planFact == 2): Object: 'Object Repository/Выполнение бизнес-плана/Кнопка Факт' is clicked on

18-11-2024T10:20:10 - [TEST_STEP][PASSED] - click(findTestObject("Выполнение бизнес-плана/Кнопка Факт")): Object: 'Object Repository/Выполнение бизнес-плана/Кнопка Факт' is clicked on

18-11-2024T10:20:10 - [MESSAGE][PASSED] - Object: 'Object Repository/Выполнение бизнес-плана/Кнопка Факт' is clicked on

18-11-2024T10:20:10 - [TEST_STEP][PASSED] - if (a == 84 || a == 82): null

18-11-2024T10:20:10 - [TEST_STEP][PASSED] - else if (a == 52 || a == 72 || a == 28 || a == 73 || a == 77 || a == 74 || a == 65 || a == 36 || a == 44 || a == 53 || a == 80 || a == 54 || a == 1 || a == 18 || a == 59 || a == 81): null

18-11-2024T10:20:10 - [TEST_STEP][PASSED] - else: null

18-11-2024T10:20:10 - [TEST_STEP][PASSED] - page1 = getText(findTestObject("Object Repository/Выполнение бизнес-плана/spanPlan" + filialNum)): Text of object 'Object Repository/Выполнение бизнес-плана/spanPlan2' is: '43.39
|'

18-11-2024T10:20:11 - [MESSAGE][PASSED] - Text of object 'Object Repository/Выполнение бизнес-плана/spanPlan2' is: '43.39
|'

18-11-2024T10:20:11 - [TEST_STEP][PASSED] - page1 = page1.replace("|", ""): null

18-11-2024T10:20:11 - [TEST_STEP][PASSED] - page2 = getText(findTestObject("Object Repository/Выполнение бизнес-плана/spanFact" + filialNum)): Text of object 'Object Repository/Выполнение бизнес-плана/spanFact2' is: '56.56
|'

18-11-2024T10:20:11 - [MESSAGE][PASSED] - Text of object 'Object Repository/Выполнение бизнес-плана/spanFact2' is: '56.56
|'

18-11-2024T10:20:11 - [TEST_STEP][PASSED] - page2 = page2.replace("|", ""): null

18-11-2024T10:20:11 - [TEST_STEP][PASSED] - println("page1: " + page1): null

18-11-2024T10:20:11 - [TEST_STEP][PASSED] - println("page2: " + page2): null

18-11-2024T10:20:11 - [TEST_STEP][PASSED] - file = findTestData("PlanFact").getValue(4, a): null

18-11-2024T10:20:11 - [TEST_STEP][PASSED] - file = file.replace(",", "."): null

18-11-2024T10:20:11 - [TEST_STEP][PASSED] - println("file Plan: " + file): null

18-11-2024T10:20:11 - [TEST_STEP][PASSED] - typeOfData = "План в процентах": null

18-11-2024T10:20:11 - [TEST_STEP][PASSED] - fileDouble = file.toDouble(): null

18-11-2024T10:20:11 - [TEST_STEP][PASSED] - pageDouble = page1.toDouble(): null

18-11-2024T10:20:11 - [TEST_STEP][PASSED] - if (fileDouble != pageDouble): null

18-11-2024T10:20:11 - [TEST_STEP][PASSED] - numberOfErrors = numberOfErrors + 1: null

18-11-2024T10:20:11 - [TEST_STEP][PASSED] - Script1718980020443.WriteToExcel(a, typeOfData, todaysDate, pageInt, fileInt, pageDouble, fileDouble, dZO): null

18-11-2024T10:20:11 - [TEST_STEP][PASSED] - sheetName = "Sheet1": null

18-11-2024T10:20:11 - [TEST_STEP][PASSED] - data = findTestData("PlanFact"): null

18-11-2024T10:20:11 - [TEST_STEP][PASSED] - n = data.getRowNumbers() + 1: null

18-11-2024T10:20:11 - [TEST_STEP][PASSED] - year = todaysDate.substring(todaysDate.length() - 4, todaysDate.length()): null

18-11-2024T10:20:11 - [TEST_STEP][PASSED] - y = year.toInteger(): null

18-11-2024T10:20:11 - [TEST_STEP][PASSED] - m = getText(findTestObject("Выполнение бизнес-плана/Период")): Text of object 'Object Repository/Выполнение бизнес-плана/Период' is: '1, 2, 3 кв. 2024 года'

18-11-2024T10:20:11 - [MESSAGE][PASSED] - Text of object 'Object Repository/Выполнение бизнес-плана/Период' is: '1, 2, 3 кв. 2024 года'

18-11-2024T10:20:11 - [TEST_STEP][PASSED] - m = m.substring(0, m.indexOf("2024")): null

18-11-2024T10:20:11 - [TEST_STEP][PASSED] - m = m.trim(): null

18-11-2024T10:20:11 - [TEST_STEP][PASSED] - dashboardName = "Выполнение бизнес-плана": null

18-11-2024T10:20:11 - [TEST_STEP][PASSED] - workbook01 = getWorkbook(excelFilePath): null

18-11-2024T10:20:11 - [TEST_STEP][PASSED] - sheet01 = getExcelSheet(workbook01, sheetName): null

18-11-2024T10:20:11 - [TEST_STEP][PASSED] - setValueToCellByIndex(sheet01, n, 0, dashboardName): null

18-11-2024T10:20:11 - [TEST_STEP][PASSED] - setValueToCellByIndex(sheet01, n, 1, dZO): null

18-11-2024T10:20:11 - [TEST_STEP][PASSED] - setValueToCellByIndex(sheet01, n, 2, typeOfData): null

18-11-2024T10:20:11 - [TEST_STEP][PASSED] - if (typeOfData == "Факт в процентах" || typeOfData == "План в процентах"): null

18-11-2024T10:20:11 - [TEST_STEP][PASSED] - setValueToCellByIndex(sheet01, n, 3, fileDouble): null

18-11-2024T10:20:11 - [TEST_STEP][PASSED] - setValueToCellByIndex(sheet01, n, 4, pageDouble): null

18-11-2024T10:20:11 - [TEST_STEP][PASSED] - setValueToCellByIndex(sheet01, n, 5, m): null

18-11-2024T10:20:11 - [TEST_STEP][PASSED] - setValueToCellByIndex(sheet01, n, 6, y): null

18-11-2024T10:20:11 - [TEST_STEP][PASSED] - setValueToCellByIndex(sheet01, n, 7, todaysDate): null

18-11-2024T10:20:11 - [TEST_STEP][PASSED] - n = n + 1: null

18-11-2024T10:20:11 - [TEST_STEP][PASSED] - saveWorkbook(excelFilePath, workbook01): null

18-11-2024T10:20:12 - [TEST_STEP][PASSED] - file = findTestData("PlanFact").getValue(7, a): null

18-11-2024T10:20:12 - [TEST_STEP][PASSED] - file = file.replace(",", "."): null

18-11-2024T10:20:12 - [TEST_STEP][PASSED] - println("file Fact: " + file): null

18-11-2024T10:20:12 - [TEST_STEP][PASSED] - fileDouble = file.toDouble(): null

18-11-2024T10:20:12 - [TEST_STEP][PASSED] - typeOfData = "Факт в процентах": null

18-11-2024T10:20:12 - [TEST_STEP][PASSED] - fileDouble = file.toDouble(): null

18-11-2024T10:20:12 - [TEST_STEP][PASSED] - pageDouble = page2.toDouble(): null

18-11-2024T10:20:12 - [TEST_STEP][PASSED] - if (fileDouble != pageDouble): null

18-11-2024T10:20:12 - [TEST_STEP][PASSED] - numberOfErrors = numberOfErrors + 1: null

18-11-2024T10:20:12 - [TEST_STEP][PASSED] - Script1718980020443.WriteToExcel(a, typeOfData, todaysDate, pageInt, fileInt, pageDouble, fileDouble, dZO): null

18-11-2024T10:20:12 - [TEST_STEP][PASSED] - sheetName = "Sheet1": null

18-11-2024T10:20:12 - [TEST_STEP][PASSED] - data = findTestData("PlanFact"): null

18-11-2024T10:20:12 - [TEST_STEP][PASSED] - n = data.getRowNumbers() + 1: null

18-11-2024T10:20:12 - [TEST_STEP][PASSED] - year = todaysDate.substring(todaysDate.length() - 4, todaysDate.length()): null

18-11-2024T10:20:12 - [TEST_STEP][PASSED] - y = year.toInteger(): null

18-11-2024T10:20:12 - [TEST_STEP][PASSED] - m = getText(findTestObject("Выполнение бизнес-плана/Период")): Text of object 'Object Repository/Выполнение бизнес-плана/Период' is: '1, 2, 3 кв. 2024 года'

18-11-2024T10:20:12 - [MESSAGE][PASSED] - Text of object 'Object Repository/Выполнение бизнес-плана/Период' is: '1, 2, 3 кв. 2024 года'

18-11-2024T10:20:12 - [TEST_STEP][PASSED] - m = m.substring(0, m.indexOf("2024")): null

18-11-2024T10:20:12 - [TEST_STEP][PASSED] - m = m.trim(): null

18-11-2024T10:20:12 - [TEST_STEP][PASSED] - dashboardName = "Выполнение бизнес-плана": null

18-11-2024T10:20:12 - [TEST_STEP][PASSED] - workbook01 = getWorkbook(excelFilePath): null

18-11-2024T10:20:12 - [TEST_STEP][PASSED] - sheet01 = getExcelSheet(workbook01, sheetName): null

18-11-2024T10:20:12 - [TEST_STEP][PASSED] - setValueToCellByIndex(sheet01, n, 0, dashboardName): null

18-11-2024T10:20:12 - [TEST_STEP][PASSED] - setValueToCellByIndex(sheet01, n, 1, dZO): null

18-11-2024T10:20:12 - [TEST_STEP][PASSED] - setValueToCellByIndex(sheet01, n, 2, typeOfData): null

18-11-2024T10:20:12 - [TEST_STEP][PASSED] - if (typeOfData == "Факт в процентах" || typeOfData == "План в процентах"): null

18-11-2024T10:20:12 - [TEST_STEP][PASSED] - setValueToCellByIndex(sheet01, n, 3, fileDouble): null

18-11-2024T10:20:12 - [TEST_STEP][PASSED] - setValueToCellByIndex(sheet01, n, 4, pageDouble): null

18-11-2024T10:20:12 - [TEST_STEP][PASSED] - setValueToCellByIndex(sheet01, n, 5, m): null

18-11-2024T10:20:12 - [TEST_STEP][PASSED] - setValueToCellByIndex(sheet01, n, 6, y): null

18-11-2024T10:20:12 - [TEST_STEP][PASSED] - setValueToCellByIndex(sheet01, n, 7, todaysDate): null

18-11-2024T10:20:12 - [TEST_STEP][PASSED] - n = n + 1: null

18-11-2024T10:20:12 - [TEST_STEP][PASSED] - saveWorkbook(excelFilePath, workbook01): null

18-11-2024T10:20:12 - [TEST_STEP][FAILED] - if (verifyEqual(numberOfErrors, 0) == false): null

18-11-2024T10:20:12 - [MESSAGE][FAILED] - Unable to verify equal between actual object '6' and expected object '0' (Root cause: com.kms.katalon.core.exception.StepFailedException: Actual object '6' and expected object '0' are not equal
	at com.kms.katalon.core.keyword.builtin.VerifyEqualKeyword$_verifyEqual_closure1.doCall(VerifyEqualKeyword.groovy:58)
	at com.kms.katalon.core.keyword.builtin.VerifyEqualKeyword$_verifyEqual_closure1.call(VerifyEqualKeyword.groovy)
	at com.kms.katalon.core.keyword.internal.KeywordMain.runKeyword(KeywordMain.groovy:75)
	at com.kms.katalon.core.keyword.builtin.VerifyEqualKeyword.verifyEqual(VerifyEqualKeyword.groovy:63)
	at com.kms.katalon.core.keyword.builtin.VerifyEqualKeyword.execute(VerifyEqualKeyword.groovy:44)
	at com.kms.katalon.core.keyword.internal.KeywordExecutor.executeKeywordForPlatform(KeywordExecutor.groovy:74)
	at com.kms.katalon.core.keyword.BuiltinKeywords.verifyEqual(BuiltinKeywords.groovy:146)
	at java.base/jdk.internal.reflect.NativeMethodAccessorImpl.invoke0(Native Method)
	at java.base/jdk.internal.reflect.NativeMethodAccessorImpl.invoke(NativeMethodAccessorImpl.java:77)
	at java.base/jdk.internal.reflect.DelegatingMethodAccessorImpl.invoke(DelegatingMethodAccessorImpl.java:43)
	at Выполнение бизнес-плана Сверка ПАО Россети все филиалы.Numbers(Выполнение бизнес-плана Сверка ПАО Россети все филиалы:740)
	at Выполнение бизнес-плана Сверка ПАО Россети все филиалы.Filials(Выполнение бизнес-плана Сверка ПАО Россети все филиалы:1087)
	at Выполнение бизнес-плана Сверка ПАО Россети все филиалы.Numbers(Выполнение бизнес-плана Сверка ПАО Россети все филиалы:745)
	at Выполнение бизнес-плана Сверка ПАО Россети все филиалы.run(Выполнение бизнес-плана Сверка ПАО Россети все филиалы:304)
	at com.kms.katalon.core.main.ScriptEngine.run(ScriptEngine.java:194)
	at com.kms.katalon.core.main.ScriptEngine.runScriptAsRawText(ScriptEngine.java:119)
	at com.kms.katalon.core.main.TestCaseExecutor.runScript(TestCaseExecutor.java:448)
	at com.kms.katalon.core.main.TestCaseExecutor.doExecute(TestCaseExecutor.java:439)
	at com.kms.katalon.core.main.TestCaseExecutor.processExecutionPhase(TestCaseExecutor.java:418)
	at com.kms.katalon.core.main.TestCaseExecutor.accessMainPhase(TestCaseExecutor.java:410)
	at com.kms.katalon.core.main.TestCaseExecutor.execute(TestCaseExecutor.java:285)
	at com.kms.katalon.core.common.CommonExecutor.accessTestCaseMainPhase(CommonExecutor.java:65)
	at com.kms.katalon.core.main.TestSuiteExecutor.accessTestSuiteMainPhase(TestSuiteExecutor.java:150)
	at com.kms.katalon.core.main.TestSuiteExecutor.execute(TestSuiteExecutor.java:106)
	at com.kms.katalon.core.main.TestCaseMain.startTestSuite(TestCaseMain.java:180)
	at TempTestSuite1731913737709.run(TempTestSuite1731913737709.groovy:35)
	at java.base/jdk.internal.reflect.NativeMethodAccessorImpl.invoke0(Native Method)
	at java.base/jdk.internal.reflect.NativeMethodAccessorImpl.invoke(NativeMethodAccessorImpl.java:77)
	at java.base/jdk.internal.reflect.DelegatingMethodAccessorImpl.invoke(DelegatingMethodAccessorImpl.java:43)
)

18-11-2024T10:20:12 - [TEST_STEP][PASSED] - println(numberOfErrors): null

18-11-2024T10:20:12 - [TEST_STEP][PASSED] - if (a == 28 || a == 77 || a == 74 || a == 65 || a == 36 || a == 44 || a == 54 || a == 1 || a == 18 || a == 59): null

18-11-2024T10:20:12 - [TEST_STEP][PASSED] - if (a == 82): null

18-11-2024T10:20:12 - [TEST_STEP][PASSED] - dZO = "Каббалкэнерго": null

18-11-2024T10:20:12 - [TEST_STEP][PASSED] - a = 66: null

18-11-2024T10:20:12 - [TEST_STEP][PASSED] - if (x2.contains(dZO)): null

18-11-2024T10:20:12 - [TEST_STEP][PASSED] - filialNum = filialNum + 1: null

18-11-2024T10:20:12 - [TEST_STEP][PASSED] - Script1718980020443.Numbers(a, typeOfData, todaysDate, pageInt, fileInt, pageDouble, fileDouble, dZO, dzoNum, filialNum): null

18-11-2024T10:20:12 - [TEST_STEP][PASSED] - println(dzoNum): null

18-11-2024T10:20:12 - [TEST_STEP][PASSED] - planFact = <not implemented yet for class: org.codehaus.groovy.ast.expr.EmptyExpression>: null

18-11-2024T10:20:12 - [TEST_STEP][PASSED] - page = <not implemented yet for class: org.codehaus.groovy.ast.expr.EmptyExpression>: null

18-11-2024T10:20:12 - [TEST_STEP][PASSED] - page1 = <not implemented yet for class: org.codehaus.groovy.ast.expr.EmptyExpression>: null

18-11-2024T10:20:12 - [TEST_STEP][PASSED] - page2 = <not implemented yet for class: org.codehaus.groovy.ast.expr.EmptyExpression>: null

18-11-2024T10:20:12 - [TEST_STEP][PASSED] - filialNumberInRow = <not implemented yet for class: org.codehaus.groovy.ast.expr.EmptyExpression>: null

18-11-2024T10:20:12 - [TEST_STEP][PASSED] - filialsDzoNames = <not implemented yet for class: org.codehaus.groovy.ast.expr.EmptyExpression>: null

18-11-2024T10:20:12 - [TEST_STEP][PASSED] - numberOfFilials = <not implemented yet for class: org.codehaus.groovy.ast.expr.EmptyExpression>: null

18-11-2024T10:20:12 - [TEST_STEP][PASSED] - numberOfSpaces = <not implemented yet for class: org.codehaus.groovy.ast.expr.EmptyExpression>: null

18-11-2024T10:20:12 - [TEST_STEP][PASSED] - file = <not implemented yet for class: org.codehaus.groovy.ast.expr.EmptyExpression>: null

18-11-2024T10:20:12 - [TEST_STEP][PASSED] - otpusk = <not implemented yet for class: org.codehaus.groovy.ast.expr.EmptyExpression>: null

18-11-2024T10:20:12 - [TEST_STEP][PASSED] - poteri = <not implemented yet for class: org.codehaus.groovy.ast.expr.EmptyExpression>: null

18-11-2024T10:20:12 - [TEST_STEP][PASSED] - dataFolder = "Выполнение бизнес-плана/Значения со страницы Выполнение бизнес-плана/": null

18-11-2024T10:20:12 - [TEST_STEP][PASSED] - path = <not implemented yet for class: org.codehaus.groovy.ast.expr.EmptyExpression>: null

18-11-2024T10:20:12 - [TEST_STEP][PASSED] - typeOfDataMain = <not implemented yet for class: org.codehaus.groovy.ast.expr.EmptyExpression>: null

18-11-2024T10:20:12 - [TEST_STEP][PASSED] - fileOtpuskVSet = <not implemented yet for class: org.codehaus.groovy.ast.expr.EmptyExpression>: null

18-11-2024T10:20:12 - [TEST_STEP][PASSED] - pageOtpuskVSet = <not implemented yet for class: org.codehaus.groovy.ast.expr.EmptyExpression>: null

18-11-2024T10:20:12 - [TEST_STEP][PASSED] - filePoteri = <not implemented yet for class: org.codehaus.groovy.ast.expr.EmptyExpression>: null

18-11-2024T10:20:12 - [TEST_STEP][PASSED] - pagePoteri = <not implemented yet for class: org.codehaus.groovy.ast.expr.EmptyExpression>: null

18-11-2024T10:20:12 - [TEST_STEP][PASSED] - compare = <not implemented yet for class: org.codehaus.groovy.ast.expr.EmptyExpression>: null

18-11-2024T10:20:12 - [TEST_STEP][PASSED] - b = <not implemented yet for class: org.codehaus.groovy.ast.expr.EmptyExpression>: null

18-11-2024T10:20:12 - [TEST_STEP][PASSED] - i = <not implemented yet for class: org.codehaus.groovy.ast.expr.EmptyExpression>: null

18-11-2024T10:20:12 - [TEST_STEP][PASSED] - ii = <not implemented yet for class: org.codehaus.groovy.ast.expr.EmptyExpression>: null

18-11-2024T10:20:12 - [TEST_STEP][PASSED] - c = <not implemented yet for class: org.codehaus.groovy.ast.expr.EmptyExpression>: null

18-11-2024T10:20:12 - [TEST_STEP][PASSED] - numberOfErrors = 0: null

18-11-2024T10:20:12 - [TEST_STEP][PASSED] - if (a == 82): null

18-11-2024T10:20:12 - [TEST_STEP][PASSED] - b = findTestData("PlanFact").getValue(1, a): null

18-11-2024T10:20:12 - [TEST_STEP][PASSED] - i = b.indexOf(" (ГК)"): null

18-11-2024T10:20:12 - [TEST_STEP][PASSED] - if (i > -1): null

18-11-2024T10:20:12 - [TEST_STEP][PASSED] - i = b.indexOf("О ""): null

18-11-2024T10:20:12 - [TEST_STEP][PASSED] - if (i > -1): null

18-11-2024T10:20:12 - [TEST_STEP][PASSED] - i = b.indexOf("О «"): null

18-11-2024T10:20:12 - [TEST_STEP][PASSED] - if (i > -1): null

18-11-2024T10:20:12 - [TEST_STEP][PASSED] - i = b.indexOf("г. "): null

18-11-2024T10:20:12 - [TEST_STEP][PASSED] - if (i > -1): null

18-11-2024T10:20:12 - [TEST_STEP][PASSED] - println(b): null

18-11-2024T10:20:12 - [TEST_STEP][PASSED] - for ([planFact = 1, planFact < 3, (planFact++)]): null

18-11-2024T10:20:12 - [TEST_STEP][PASSED] - if (planFact == 1): null

18-11-2024T10:20:12 - [TEST_STEP][PASSED] - typeOfDataMain = "Факт": null

18-11-2024T10:20:12 - [TEST_STEP][PASSED] - otpusk = findTestData("PlanFact").getValue(5, a): null

18-11-2024T10:20:13 - [TEST_STEP][PASSED] - poteri = findTestData("PlanFact").getValue(6, a): null

18-11-2024T10:20:13 - [TEST_STEP][PASSED] - otpusk = otpusk.replaceAll("\s+", ""): null

18-11-2024T10:20:13 - [TEST_STEP][PASSED] - poteri = poteri.replaceAll("\s+", ""): null

18-11-2024T10:20:13 - [TEST_STEP][PASSED] - typeOfData = typeOfDataMain + " Отпуск в сеть": null

18-11-2024T10:20:13 - [TEST_STEP][PASSED] - if (a == 82): null

18-11-2024T10:20:13 - [TEST_STEP][PASSED] - else if (a == 84): null

18-11-2024T10:20:13 - [TEST_STEP][PASSED] - else if (a == 52 || a == 72 || a == 28 || a == 73 || a == 77 || a == 74 || a == 65 || a == 36 || a == 44 || a == 53 || a == 80 || a == 54 || a == 1 || a == 18 || a == 59 || a == 81): null

18-11-2024T10:20:13 - [TEST_STEP][PASSED] - else: null

18-11-2024T10:20:13 - [TEST_STEP][PASSED] - path = dataFolder + typeOfData + " за отчётный период " + b: null

18-11-2024T10:20:13 - [TEST_STEP][PASSED] - println(path): null

18-11-2024T10:20:13 - [TEST_STEP][PASSED] - page = getText(findTestObject(path)): Text of object 'Object Repository/Выполнение бизнес-плана/Значения со страницы Выполнение бизнес-плана/Факт Отпуск в сеть за отчётный период Каббалкэнерго' is: '1 413 519'

18-11-2024T10:20:13 - [MESSAGE][PASSED] - Text of object 'Object Repository/Выполнение бизнес-плана/Значения со страницы Выполнение бизнес-плана/Факт Отпуск в сеть за отчётный период Каббалкэнерго' is: '1 413 519'

18-11-2024T10:20:13 - [TEST_STEP][PASSED] - page = page.replaceAll("\s+", ""): null

18-11-2024T10:20:13 - [TEST_STEP][PASSED] - fileOtpuskVSet = otpusk.toInteger(): null

18-11-2024T10:20:13 - [TEST_STEP][PASSED] - pageOtpuskVSet = page.toInteger(): null

18-11-2024T10:20:13 - [TEST_STEP][PASSED] - typeOfData = typeOfDataMain + " Потери": null

18-11-2024T10:20:13 - [TEST_STEP][PASSED] - if (a == 82): null

18-11-2024T10:20:13 - [TEST_STEP][PASSED] - else if (a == 84): null

18-11-2024T10:20:13 - [TEST_STEP][PASSED] - else if (a == 52 || a == 72 || a == 28 || a == 73 || a == 77 || a == 74 || a == 65 || a == 36 || a == 44 || a == 53 || a == 80 || a == 54 || a == 1 || a == 18 || a == 59 || a == 81): null

18-11-2024T10:20:13 - [TEST_STEP][PASSED] - else: null

18-11-2024T10:20:13 - [TEST_STEP][PASSED] - path = dataFolder + typeOfData + " за отчётный период " + b: null

18-11-2024T10:20:13 - [TEST_STEP][PASSED] - page = getText(findTestObject(path)): Text of object 'Object Repository/Выполнение бизнес-плана/Значения со страницы Выполнение бизнес-плана/Факт Потери за отчётный период Каббалкэнерго' is: '276 509'

18-11-2024T10:20:13 - [MESSAGE][PASSED] - Text of object 'Object Repository/Выполнение бизнес-плана/Значения со страницы Выполнение бизнес-плана/Факт Потери за отчётный период Каббалкэнерго' is: '276 509'

18-11-2024T10:20:13 - [TEST_STEP][PASSED] - page = page.replaceAll("\s+", ""): null

18-11-2024T10:20:13 - [TEST_STEP][PASSED] - filePoteri = poteri.toInteger(): null

18-11-2024T10:20:13 - [TEST_STEP][PASSED] - pagePoteri = page.toInteger(): null

18-11-2024T10:20:13 - [TEST_STEP][PASSED] - compare = pageOtpuskVSet: null

18-11-2024T10:20:13 - [TEST_STEP][PASSED] - if (compare == fileOtpuskVSet): null

18-11-2024T10:20:13 - [TEST_STEP][PASSED] - else if (compare > fileOtpuskVSet): null

18-11-2024T10:20:13 - [TEST_STEP][PASSED] - compare = compare - 1: null

18-11-2024T10:20:13 - [TEST_STEP][PASSED] - if (compare == fileOtpuskVSet): null

18-11-2024T10:20:13 - [TEST_STEP][PASSED] - else: null

18-11-2024T10:20:13 - [TEST_STEP][PASSED] - numberOfErrors = numberOfErrors + 1: null

18-11-2024T10:20:13 - [TEST_STEP][PASSED] - pageInt = pageOtpuskVSet: null

18-11-2024T10:20:13 - [TEST_STEP][PASSED] - fileInt = fileOtpuskVSet: null

18-11-2024T10:20:13 - [TEST_STEP][PASSED] - typeOfData = typeOfDataMain + " Отпуск в сеть": null

18-11-2024T10:20:13 - [TEST_STEP][PASSED] - Script1718980020443.WriteToExcel(a, typeOfData, todaysDate, pageInt, fileInt, pageDouble, fileDouble, dZO): null

18-11-2024T10:20:13 - [TEST_STEP][PASSED] - sheetName = "Sheet1": null

18-11-2024T10:20:13 - [TEST_STEP][PASSED] - data = findTestData("PlanFact"): null

18-11-2024T10:20:13 - [TEST_STEP][PASSED] - n = data.getRowNumbers() + 1: null

18-11-2024T10:20:13 - [TEST_STEP][PASSED] - year = todaysDate.substring(todaysDate.length() - 4, todaysDate.length()): null

18-11-2024T10:20:13 - [TEST_STEP][PASSED] - y = year.toInteger(): null

18-11-2024T10:20:13 - [TEST_STEP][PASSED] - m = getText(findTestObject("Выполнение бизнес-плана/Период")): Text of object 'Object Repository/Выполнение бизнес-плана/Период' is: '1, 2, 3 кв. 2024 года'

18-11-2024T10:20:14 - [MESSAGE][PASSED] - Text of object 'Object Repository/Выполнение бизнес-плана/Период' is: '1, 2, 3 кв. 2024 года'

18-11-2024T10:20:14 - [TEST_STEP][PASSED] - m = m.substring(0, m.indexOf("2024")): null

18-11-2024T10:20:14 - [TEST_STEP][PASSED] - m = m.trim(): null

18-11-2024T10:20:14 - [TEST_STEP][PASSED] - dashboardName = "Выполнение бизнес-плана": null

18-11-2024T10:20:14 - [TEST_STEP][PASSED] - workbook01 = getWorkbook(excelFilePath): null

18-11-2024T10:20:14 - [TEST_STEP][PASSED] - sheet01 = getExcelSheet(workbook01, sheetName): null

18-11-2024T10:20:14 - [TEST_STEP][PASSED] - setValueToCellByIndex(sheet01, n, 0, dashboardName): null

18-11-2024T10:20:14 - [TEST_STEP][PASSED] - setValueToCellByIndex(sheet01, n, 1, dZO): null

18-11-2024T10:20:14 - [TEST_STEP][PASSED] - setValueToCellByIndex(sheet01, n, 2, typeOfData): null

18-11-2024T10:20:14 - [TEST_STEP][PASSED] - if (typeOfData == "Факт в процентах" || typeOfData == "План в процентах"): null

18-11-2024T10:20:14 - [TEST_STEP][PASSED] - else: null

18-11-2024T10:20:14 - [TEST_STEP][PASSED] - setValueToCellByIndex(sheet01, n, 3, fileInt): null

18-11-2024T10:20:14 - [TEST_STEP][PASSED] - setValueToCellByIndex(sheet01, n, 4, pageInt): null

18-11-2024T10:20:14 - [TEST_STEP][PASSED] - setValueToCellByIndex(sheet01, n, 5, m): null

18-11-2024T10:20:14 - [TEST_STEP][PASSED] - setValueToCellByIndex(sheet01, n, 6, y): null

18-11-2024T10:20:14 - [TEST_STEP][PASSED] - setValueToCellByIndex(sheet01, n, 7, todaysDate): null

18-11-2024T10:20:14 - [TEST_STEP][PASSED] - n = n + 1: null

18-11-2024T10:20:14 - [TEST_STEP][PASSED] - saveWorkbook(excelFilePath, workbook01): null

18-11-2024T10:20:14 - [TEST_STEP][PASSED] - compare = pagePoteri: null

18-11-2024T10:20:14 - [TEST_STEP][PASSED] - if (compare == filePoteri): null

18-11-2024T10:20:14 - [TEST_STEP][PASSED] - else if (compare > filePoteri): null

18-11-2024T10:20:14 - [TEST_STEP][PASSED] - compare = compare - 1: null

18-11-2024T10:20:14 - [TEST_STEP][PASSED] - if (compare == filePoteri): null

18-11-2024T10:20:14 - [TEST_STEP][PASSED] - else: null

18-11-2024T10:20:14 - [TEST_STEP][PASSED] - numberOfErrors = numberOfErrors + 1: null

18-11-2024T10:20:14 - [TEST_STEP][PASSED] - pageInt = pagePoteri: null

18-11-2024T10:20:14 - [TEST_STEP][PASSED] - fileInt = filePoteri: null

18-11-2024T10:20:14 - [TEST_STEP][PASSED] - typeOfData = typeOfDataMain + " Потери": null

18-11-2024T10:20:14 - [TEST_STEP][PASSED] - Script1718980020443.WriteToExcel(a, typeOfData, todaysDate, pageInt, fileInt, pageDouble, fileDouble, dZO): null

18-11-2024T10:20:14 - [TEST_STEP][PASSED] - sheetName = "Sheet1": null

18-11-2024T10:20:14 - [TEST_STEP][PASSED] - data = findTestData("PlanFact"): null

18-11-2024T10:20:14 - [TEST_STEP][PASSED] - n = data.getRowNumbers() + 1: null

18-11-2024T10:20:14 - [TEST_STEP][PASSED] - year = todaysDate.substring(todaysDate.length() - 4, todaysDate.length()): null

18-11-2024T10:20:14 - [TEST_STEP][PASSED] - y = year.toInteger(): null

18-11-2024T10:20:14 - [TEST_STEP][PASSED] - m = getText(findTestObject("Выполнение бизнес-плана/Период")): Text of object 'Object Repository/Выполнение бизнес-плана/Период' is: '1, 2, 3 кв. 2024 года'

18-11-2024T10:20:14 - [MESSAGE][PASSED] - Text of object 'Object Repository/Выполнение бизнес-плана/Период' is: '1, 2, 3 кв. 2024 года'

18-11-2024T10:20:14 - [TEST_STEP][PASSED] - m = m.substring(0, m.indexOf("2024")): null

18-11-2024T10:20:14 - [TEST_STEP][PASSED] - m = m.trim(): null

18-11-2024T10:20:14 - [TEST_STEP][PASSED] - dashboardName = "Выполнение бизнес-плана": null

18-11-2024T10:20:14 - [TEST_STEP][PASSED] - workbook01 = getWorkbook(excelFilePath): null

18-11-2024T10:20:14 - [TEST_STEP][PASSED] - sheet01 = getExcelSheet(workbook01, sheetName): null

18-11-2024T10:20:14 - [TEST_STEP][PASSED] - setValueToCellByIndex(sheet01, n, 0, dashboardName): null

18-11-2024T10:20:14 - [TEST_STEP][PASSED] - setValueToCellByIndex(sheet01, n, 1, dZO): null

18-11-2024T10:20:14 - [TEST_STEP][PASSED] - setValueToCellByIndex(sheet01, n, 2, typeOfData): null

18-11-2024T10:20:14 - [TEST_STEP][PASSED] - if (typeOfData == "Факт в процентах" || typeOfData == "План в процентах"): null

18-11-2024T10:20:14 - [TEST_STEP][PASSED] - else: null

18-11-2024T10:20:14 - [TEST_STEP][PASSED] - setValueToCellByIndex(sheet01, n, 3, fileInt): null

18-11-2024T10:20:14 - [TEST_STEP][PASSED] - setValueToCellByIndex(sheet01, n, 4, pageInt): null

18-11-2024T10:20:14 - [TEST_STEP][PASSED] - setValueToCellByIndex(sheet01, n, 5, m): null

18-11-2024T10:20:14 - [TEST_STEP][PASSED] - setValueToCellByIndex(sheet01, n, 6, y): null

18-11-2024T10:20:14 - [TEST_STEP][PASSED] - setValueToCellByIndex(sheet01, n, 7, todaysDate): null

18-11-2024T10:20:14 - [TEST_STEP][PASSED] - n = n + 1: null

18-11-2024T10:20:14 - [TEST_STEP][PASSED] - saveWorkbook(excelFilePath, workbook01): null

18-11-2024T10:20:14 - [TEST_STEP][PASSED] - if (planFact == 2): null

18-11-2024T10:20:14 - [TEST_STEP][PASSED] - if (planFact == 1): null

18-11-2024T10:20:14 - [TEST_STEP][PASSED] - else if (planFact == 2): null

18-11-2024T10:20:14 - [TEST_STEP][PASSED] - click(findTestObject("Выполнение бизнес-плана/Кнопка План")): Object: 'Object Repository/Выполнение бизнес-плана/Кнопка План' is clicked on

18-11-2024T10:20:15 - [MESSAGE][PASSED] - Object: 'Object Repository/Выполнение бизнес-плана/Кнопка План' is clicked on

18-11-2024T10:20:15 - [TEST_STEP][PASSED] - typeOfDataMain = "План": null

18-11-2024T10:20:15 - [TEST_STEP][PASSED] - otpusk = findTestData("PlanFact").getValue(2, a): null

18-11-2024T10:20:15 - [TEST_STEP][PASSED] - poteri = findTestData("PlanFact").getValue(3, a): null

18-11-2024T10:20:15 - [TEST_STEP][PASSED] - otpusk = otpusk.replaceAll("\s+", ""): null

18-11-2024T10:20:15 - [TEST_STEP][PASSED] - poteri = poteri.replaceAll("\s+", ""): null

18-11-2024T10:20:15 - [TEST_STEP][PASSED] - typeOfData = typeOfDataMain + " Отпуск в сеть": null

18-11-2024T10:20:15 - [TEST_STEP][PASSED] - if (a == 82): null

18-11-2024T10:20:15 - [TEST_STEP][PASSED] - else if (a == 84): null

18-11-2024T10:20:15 - [TEST_STEP][PASSED] - else if (a == 52 || a == 72 || a == 28 || a == 73 || a == 77 || a == 74 || a == 65 || a == 36 || a == 44 || a == 53 || a == 80 || a == 54 || a == 1 || a == 18 || a == 59 || a == 81): null

18-11-2024T10:20:15 - [TEST_STEP][PASSED] - else: null

18-11-2024T10:20:15 - [TEST_STEP][PASSED] - path = dataFolder + typeOfData + " за отчётный период " + b: null

18-11-2024T10:20:15 - [TEST_STEP][PASSED] - println(path): null

18-11-2024T10:20:15 - [TEST_STEP][PASSED] - page = getText(findTestObject(path)): Text of object 'Object Repository/Выполнение бизнес-плана/Значения со страницы Выполнение бизнес-плана/План Отпуск в сеть за отчётный период Каббалкэнерго' is: '1 299 774'

18-11-2024T10:20:15 - [MESSAGE][PASSED] - Text of object 'Object Repository/Выполнение бизнес-плана/Значения со страницы Выполнение бизнес-плана/План Отпуск в сеть за отчётный период Каббалкэнерго' is: '1 299 774'

18-11-2024T10:20:15 - [TEST_STEP][PASSED] - page = page.replaceAll("\s+", ""): null

18-11-2024T10:20:15 - [TEST_STEP][PASSED] - fileOtpuskVSet = otpusk.toInteger(): null

18-11-2024T10:20:15 - [TEST_STEP][PASSED] - pageOtpuskVSet = page.toInteger(): null

18-11-2024T10:20:15 - [TEST_STEP][PASSED] - typeOfData = typeOfDataMain + " Потери": null

18-11-2024T10:20:15 - [TEST_STEP][PASSED] - if (a == 82): null

18-11-2024T10:20:15 - [TEST_STEP][PASSED] - else if (a == 84): null

18-11-2024T10:20:15 - [TEST_STEP][PASSED] - else if (a == 52 || a == 72 || a == 28 || a == 73 || a == 77 || a == 74 || a == 65 || a == 36 || a == 44 || a == 53 || a == 80 || a == 54 || a == 1 || a == 18 || a == 59 || a == 81): null

18-11-2024T10:20:15 - [TEST_STEP][PASSED] - else: null

18-11-2024T10:20:15 - [TEST_STEP][PASSED] - path = dataFolder + typeOfData + " за отчётный период " + b: null

18-11-2024T10:20:15 - [TEST_STEP][PASSED] - page = getText(findTestObject(path)): Text of object 'Object Repository/Выполнение бизнес-плана/Значения со страницы Выполнение бизнес-плана/План Потери за отчётный период Каббалкэнерго' is: '257 408'

18-11-2024T10:20:16 - [MESSAGE][PASSED] - Text of object 'Object Repository/Выполнение бизнес-плана/Значения со страницы Выполнение бизнес-плана/План Потери за отчётный период Каббалкэнерго' is: '257 408'

18-11-2024T10:20:16 - [TEST_STEP][PASSED] - page = page.replaceAll("\s+", ""): null

18-11-2024T10:20:16 - [TEST_STEP][PASSED] - filePoteri = poteri.toInteger(): null

18-11-2024T10:20:16 - [TEST_STEP][PASSED] - pagePoteri = page.toInteger(): null

18-11-2024T10:20:16 - [TEST_STEP][PASSED] - compare = pageOtpuskVSet: null

18-11-2024T10:20:16 - [TEST_STEP][PASSED] - if (compare == fileOtpuskVSet): null

18-11-2024T10:20:16 - [TEST_STEP][PASSED] - else if (compare > fileOtpuskVSet): null

18-11-2024T10:20:16 - [TEST_STEP][PASSED] - else if (compare < fileOtpuskVSet): null

18-11-2024T10:20:16 - [TEST_STEP][PASSED] - compare = compare + 1: null

18-11-2024T10:20:16 - [TEST_STEP][PASSED] - if (compare == fileOtpuskVSet): null

18-11-2024T10:20:16 - [TEST_STEP][PASSED] - else: null

18-11-2024T10:20:16 - [TEST_STEP][PASSED] - numberOfErrors = numberOfErrors + 1: null

18-11-2024T10:20:16 - [TEST_STEP][PASSED] - pageInt = pageOtpuskVSet: null

18-11-2024T10:20:16 - [TEST_STEP][PASSED] - fileInt = fileOtpuskVSet: null

18-11-2024T10:20:16 - [TEST_STEP][PASSED] - typeOfData = typeOfDataMain + " Отпуск в сеть": null

18-11-2024T10:20:16 - [TEST_STEP][PASSED] - Script1718980020443.WriteToExcel(a, typeOfData, todaysDate, pageInt, fileInt, pageDouble, fileDouble, dZO): null

18-11-2024T10:20:16 - [TEST_STEP][PASSED] - sheetName = "Sheet1": null

18-11-2024T10:20:16 - [TEST_STEP][PASSED] - data = findTestData("PlanFact"): null

18-11-2024T10:20:16 - [TEST_STEP][PASSED] - n = data.getRowNumbers() + 1: null

18-11-2024T10:20:16 - [TEST_STEP][PASSED] - year = todaysDate.substring(todaysDate.length() - 4, todaysDate.length()): null

18-11-2024T10:20:16 - [TEST_STEP][PASSED] - y = year.toInteger(): null

18-11-2024T10:20:16 - [TEST_STEP][PASSED] - m = getText(findTestObject("Выполнение бизнес-плана/Период")): Text of object 'Object Repository/Выполнение бизнес-плана/Период' is: '1, 2, 3 кв. 2024 года'

18-11-2024T10:20:16 - [MESSAGE][PASSED] - Text of object 'Object Repository/Выполнение бизнес-плана/Период' is: '1, 2, 3 кв. 2024 года'

18-11-2024T10:20:16 - [TEST_STEP][PASSED] - m = m.substring(0, m.indexOf("2024")): null

18-11-2024T10:20:16 - [TEST_STEP][PASSED] - m = m.trim(): null

18-11-2024T10:20:16 - [TEST_STEP][PASSED] - dashboardName = "Выполнение бизнес-плана": null

18-11-2024T10:20:16 - [TEST_STEP][PASSED] - workbook01 = getWorkbook(excelFilePath): null

18-11-2024T10:20:16 - [TEST_STEP][PASSED] - sheet01 = getExcelSheet(workbook01, sheetName): null

18-11-2024T10:20:16 - [TEST_STEP][PASSED] - setValueToCellByIndex(sheet01, n, 0, dashboardName): null

18-11-2024T10:20:16 - [TEST_STEP][PASSED] - setValueToCellByIndex(sheet01, n, 1, dZO): null

18-11-2024T10:20:16 - [TEST_STEP][PASSED] - setValueToCellByIndex(sheet01, n, 2, typeOfData): null

18-11-2024T10:20:16 - [TEST_STEP][PASSED] - if (typeOfData == "Факт в процентах" || typeOfData == "План в процентах"): null

18-11-2024T10:20:16 - [TEST_STEP][PASSED] - else: null

18-11-2024T10:20:16 - [TEST_STEP][PASSED] - setValueToCellByIndex(sheet01, n, 3, fileInt): null

18-11-2024T10:20:16 - [TEST_STEP][PASSED] - setValueToCellByIndex(sheet01, n, 4, pageInt): null

18-11-2024T10:20:16 - [TEST_STEP][PASSED] - setValueToCellByIndex(sheet01, n, 5, m): null

18-11-2024T10:20:16 - [TEST_STEP][PASSED] - setValueToCellByIndex(sheet01, n, 6, y): null

18-11-2024T10:20:16 - [TEST_STEP][PASSED] - setValueToCellByIndex(sheet01, n, 7, todaysDate): null

18-11-2024T10:20:16 - [TEST_STEP][PASSED] - n = n + 1: null

18-11-2024T10:20:16 - [TEST_STEP][PASSED] - saveWorkbook(excelFilePath, workbook01): null

18-11-2024T10:20:16 - [TEST_STEP][PASSED] - compare = pagePoteri: null

18-11-2024T10:20:16 - [TEST_STEP][PASSED] - if (compare == filePoteri): null

18-11-2024T10:20:16 - [TEST_STEP][PASSED] - else if (compare > filePoteri): null

18-11-2024T10:20:16 - [TEST_STEP][PASSED] - else if (compare < filePoteri): null

18-11-2024T10:20:16 - [TEST_STEP][PASSED] - compare = compare + 1: null

18-11-2024T10:20:16 - [TEST_STEP][PASSED] - if (compare == filePoteri): null

18-11-2024T10:20:16 - [TEST_STEP][PASSED] - else: null

18-11-2024T10:20:16 - [TEST_STEP][PASSED] - numberOfErrors = numberOfErrors + 1: null

18-11-2024T10:20:16 - [TEST_STEP][PASSED] - pageInt = pagePoteri: null

18-11-2024T10:20:16 - [TEST_STEP][PASSED] - fileInt = filePoteri: null

18-11-2024T10:20:16 - [TEST_STEP][PASSED] - typeOfData = typeOfDataMain + " Потери": null

18-11-2024T10:20:16 - [TEST_STEP][PASSED] - Script1718980020443.WriteToExcel(a, typeOfData, todaysDate, pageInt, fileInt, pageDouble, fileDouble, dZO): null

18-11-2024T10:20:16 - [TEST_STEP][PASSED] - sheetName = "Sheet1": null

18-11-2024T10:20:16 - [TEST_STEP][PASSED] - data = findTestData("PlanFact"): null

18-11-2024T10:20:16 - [TEST_STEP][PASSED] - n = data.getRowNumbers() + 1: null

18-11-2024T10:20:16 - [TEST_STEP][PASSED] - year = todaysDate.substring(todaysDate.length() - 4, todaysDate.length()): null

18-11-2024T10:20:16 - [TEST_STEP][PASSED] - y = year.toInteger(): null

18-11-2024T10:20:16 - [TEST_STEP][PASSED] - m = getText(findTestObject("Выполнение бизнес-плана/Период")): Text of object 'Object Repository/Выполнение бизнес-плана/Период' is: '1, 2, 3 кв. 2024 года'

18-11-2024T10:20:17 - [MESSAGE][PASSED] - Text of object 'Object Repository/Выполнение бизнес-плана/Период' is: '1, 2, 3 кв. 2024 года'

18-11-2024T10:20:17 - [TEST_STEP][PASSED] - m = m.substring(0, m.indexOf("2024")): null

18-11-2024T10:20:17 - [TEST_STEP][PASSED] - m = m.trim(): null

18-11-2024T10:20:17 - [TEST_STEP][PASSED] - dashboardName = "Выполнение бизнес-плана": null

18-11-2024T10:20:17 - [TEST_STEP][PASSED] - workbook01 = getWorkbook(excelFilePath): null

18-11-2024T10:20:17 - [TEST_STEP][PASSED] - sheet01 = getExcelSheet(workbook01, sheetName): null

18-11-2024T10:20:17 - [TEST_STEP][PASSED] - setValueToCellByIndex(sheet01, n, 0, dashboardName): null

18-11-2024T10:20:17 - [TEST_STEP][PASSED] - setValueToCellByIndex(sheet01, n, 1, dZO): null

18-11-2024T10:20:17 - [TEST_STEP][PASSED] - setValueToCellByIndex(sheet01, n, 2, typeOfData): null

18-11-2024T10:20:17 - [TEST_STEP][PASSED] - if (typeOfData == "Факт в процентах" || typeOfData == "План в процентах"): null

18-11-2024T10:20:17 - [TEST_STEP][PASSED] - else: null

18-11-2024T10:20:17 - [TEST_STEP][PASSED] - setValueToCellByIndex(sheet01, n, 3, fileInt): null

18-11-2024T10:20:17 - [TEST_STEP][PASSED] - setValueToCellByIndex(sheet01, n, 4, pageInt): null

18-11-2024T10:20:17 - [TEST_STEP][PASSED] - setValueToCellByIndex(sheet01, n, 5, m): null

18-11-2024T10:20:17 - [TEST_STEP][PASSED] - setValueToCellByIndex(sheet01, n, 6, y): null

18-11-2024T10:20:17 - [TEST_STEP][PASSED] - setValueToCellByIndex(sheet01, n, 7, todaysDate): null

18-11-2024T10:20:17 - [TEST_STEP][PASSED] - n = n + 1: null

18-11-2024T10:20:17 - [TEST_STEP][PASSED] - saveWorkbook(excelFilePath, workbook01): Object: 'Object Repository/Выполнение бизнес-плана/Кнопка Факт' is clicked on

18-11-2024T10:20:17 - [TEST_STEP][PASSED] - if (planFact == 2): Object: 'Object Repository/Выполнение бизнес-плана/Кнопка Факт' is clicked on

18-11-2024T10:20:17 - [TEST_STEP][PASSED] - click(findTestObject("Выполнение бизнес-плана/Кнопка Факт")): Object: 'Object Repository/Выполнение бизнес-плана/Кнопка Факт' is clicked on

18-11-2024T10:20:17 - [MESSAGE][PASSED] - Object: 'Object Repository/Выполнение бизнес-плана/Кнопка Факт' is clicked on

18-11-2024T10:20:17 - [TEST_STEP][PASSED] - if (a == 84 || a == 82): null

18-11-2024T10:20:17 - [TEST_STEP][PASSED] - else if (a == 52 || a == 72 || a == 28 || a == 73 || a == 77 || a == 74 || a == 65 || a == 36 || a == 44 || a == 53 || a == 80 || a == 54 || a == 1 || a == 18 || a == 59 || a == 81): null

18-11-2024T10:20:17 - [TEST_STEP][PASSED] - else: null

18-11-2024T10:20:17 - [TEST_STEP][PASSED] - page1 = getText(findTestObject("Object Repository/Выполнение бизнес-плана/spanPlan" + filialNum)): Text of object 'Object Repository/Выполнение бизнес-плана/spanPlan3' is: '19.80
|'

18-11-2024T10:20:18 - [MESSAGE][PASSED] - Text of object 'Object Repository/Выполнение бизнес-плана/spanPlan3' is: '19.80
|'

18-11-2024T10:20:18 - [TEST_STEP][PASSED] - page1 = page1.replace("|", ""): null

18-11-2024T10:20:18 - [TEST_STEP][PASSED] - page2 = getText(findTestObject("Object Repository/Выполнение бизнес-плана/spanFact" + filialNum)): Text of object 'Object Repository/Выполнение бизнес-плана/spanFact3' is: '19.56
|'

18-11-2024T10:20:18 - [MESSAGE][PASSED] - Text of object 'Object Repository/Выполнение бизнес-плана/spanFact3' is: '19.56
|'

18-11-2024T10:20:18 - [TEST_STEP][PASSED] - page2 = page2.replace("|", ""): null

18-11-2024T10:20:18 - [TEST_STEP][PASSED] - println("page1: " + page1): null

18-11-2024T10:20:18 - [TEST_STEP][PASSED] - println("page2: " + page2): null

18-11-2024T10:20:18 - [TEST_STEP][PASSED] - file = findTestData("PlanFact").getValue(4, a): null

18-11-2024T10:20:18 - [TEST_STEP][PASSED] - file = file.replace(",", "."): null

18-11-2024T10:20:18 - [TEST_STEP][PASSED] - println("file Plan: " + file): null

18-11-2024T10:20:18 - [TEST_STEP][PASSED] - typeOfData = "План в процентах": null

18-11-2024T10:20:18 - [TEST_STEP][PASSED] - fileDouble = file.toDouble(): null

18-11-2024T10:20:18 - [TEST_STEP][PASSED] - pageDouble = page1.toDouble(): null

18-11-2024T10:20:18 - [TEST_STEP][PASSED] - if (fileDouble != pageDouble): null

18-11-2024T10:20:18 - [TEST_STEP][PASSED] - numberOfErrors = numberOfErrors + 1: null

18-11-2024T10:20:18 - [TEST_STEP][PASSED] - Script1718980020443.WriteToExcel(a, typeOfData, todaysDate, pageInt, fileInt, pageDouble, fileDouble, dZO): null

18-11-2024T10:20:18 - [TEST_STEP][PASSED] - sheetName = "Sheet1": null

18-11-2024T10:20:18 - [TEST_STEP][PASSED] - data = findTestData("PlanFact"): null

18-11-2024T10:20:18 - [TEST_STEP][PASSED] - n = data.getRowNumbers() + 1: null

18-11-2024T10:20:18 - [TEST_STEP][PASSED] - year = todaysDate.substring(todaysDate.length() - 4, todaysDate.length()): null

18-11-2024T10:20:18 - [TEST_STEP][PASSED] - y = year.toInteger(): null

18-11-2024T10:20:18 - [TEST_STEP][PASSED] - m = getText(findTestObject("Выполнение бизнес-плана/Период")): Text of object 'Object Repository/Выполнение бизнес-плана/Период' is: '1, 2, 3 кв. 2024 года'

18-11-2024T10:20:18 - [MESSAGE][PASSED] - Text of object 'Object Repository/Выполнение бизнес-плана/Период' is: '1, 2, 3 кв. 2024 года'

18-11-2024T10:20:18 - [TEST_STEP][PASSED] - m = m.substring(0, m.indexOf("2024")): null

18-11-2024T10:20:18 - [TEST_STEP][PASSED] - m = m.trim(): null

18-11-2024T10:20:18 - [TEST_STEP][PASSED] - dashboardName = "Выполнение бизнес-плана": null

18-11-2024T10:20:18 - [TEST_STEP][PASSED] - workbook01 = getWorkbook(excelFilePath): null

18-11-2024T10:20:18 - [TEST_STEP][PASSED] - sheet01 = getExcelSheet(workbook01, sheetName): null

18-11-2024T10:20:18 - [TEST_STEP][PASSED] - setValueToCellByIndex(sheet01, n, 0, dashboardName): null

18-11-2024T10:20:18 - [TEST_STEP][PASSED] - setValueToCellByIndex(sheet01, n, 1, dZO): null

18-11-2024T10:20:18 - [TEST_STEP][PASSED] - setValueToCellByIndex(sheet01, n, 2, typeOfData): null

18-11-2024T10:20:18 - [TEST_STEP][PASSED] - if (typeOfData == "Факт в процентах" || typeOfData == "План в процентах"): null

18-11-2024T10:20:18 - [TEST_STEP][PASSED] - setValueToCellByIndex(sheet01, n, 3, fileDouble): null

18-11-2024T10:20:18 - [TEST_STEP][PASSED] - setValueToCellByIndex(sheet01, n, 4, pageDouble): null

18-11-2024T10:20:18 - [TEST_STEP][PASSED] - setValueToCellByIndex(sheet01, n, 5, m): null

18-11-2024T10:20:18 - [TEST_STEP][PASSED] - setValueToCellByIndex(sheet01, n, 6, y): null

18-11-2024T10:20:18 - [TEST_STEP][PASSED] - setValueToCellByIndex(sheet01, n, 7, todaysDate): null

18-11-2024T10:20:18 - [TEST_STEP][PASSED] - n = n + 1: null

18-11-2024T10:20:18 - [TEST_STEP][PASSED] - saveWorkbook(excelFilePath, workbook01): null

18-11-2024T10:20:19 - [TEST_STEP][PASSED] - file = findTestData("PlanFact").getValue(7, a): null

18-11-2024T10:20:19 - [TEST_STEP][PASSED] - file = file.replace(",", "."): null

18-11-2024T10:20:19 - [TEST_STEP][PASSED] - println("file Fact: " + file): null

18-11-2024T10:20:19 - [TEST_STEP][PASSED] - fileDouble = file.toDouble(): null

18-11-2024T10:20:19 - [TEST_STEP][PASSED] - typeOfData = "Факт в процентах": null

18-11-2024T10:20:19 - [TEST_STEP][PASSED] - fileDouble = file.toDouble(): null

18-11-2024T10:20:19 - [TEST_STEP][PASSED] - pageDouble = page2.toDouble(): null

18-11-2024T10:20:19 - [TEST_STEP][PASSED] - if (fileDouble != pageDouble): null

18-11-2024T10:20:19 - [TEST_STEP][PASSED] - numberOfErrors = numberOfErrors + 1: null

18-11-2024T10:20:19 - [TEST_STEP][PASSED] - Script1718980020443.WriteToExcel(a, typeOfData, todaysDate, pageInt, fileInt, pageDouble, fileDouble, dZO): null

18-11-2024T10:20:19 - [TEST_STEP][PASSED] - sheetName = "Sheet1": null

18-11-2024T10:20:19 - [TEST_STEP][PASSED] - data = findTestData("PlanFact"): null

18-11-2024T10:20:19 - [TEST_STEP][PASSED] - n = data.getRowNumbers() + 1: null

18-11-2024T10:20:19 - [TEST_STEP][PASSED] - year = todaysDate.substring(todaysDate.length() - 4, todaysDate.length()): null

18-11-2024T10:20:19 - [TEST_STEP][PASSED] - y = year.toInteger(): null

18-11-2024T10:20:19 - [TEST_STEP][PASSED] - m = getText(findTestObject("Выполнение бизнес-плана/Период")): Text of object 'Object Repository/Выполнение бизнес-плана/Период' is: '1, 2, 3 кв. 2024 года'

18-11-2024T10:20:19 - [MESSAGE][PASSED] - Text of object 'Object Repository/Выполнение бизнес-плана/Период' is: '1, 2, 3 кв. 2024 года'

18-11-2024T10:20:19 - [TEST_STEP][PASSED] - m = m.substring(0, m.indexOf("2024")): null

18-11-2024T10:20:19 - [TEST_STEP][PASSED] - m = m.trim(): null

18-11-2024T10:20:19 - [TEST_STEP][PASSED] - dashboardName = "Выполнение бизнес-плана": null

18-11-2024T10:20:19 - [TEST_STEP][PASSED] - workbook01 = getWorkbook(excelFilePath): null

18-11-2024T10:20:19 - [TEST_STEP][PASSED] - sheet01 = getExcelSheet(workbook01, sheetName): null

18-11-2024T10:20:19 - [TEST_STEP][PASSED] - setValueToCellByIndex(sheet01, n, 0, dashboardName): null

18-11-2024T10:20:19 - [TEST_STEP][PASSED] - setValueToCellByIndex(sheet01, n, 1, dZO): null

18-11-2024T10:20:19 - [TEST_STEP][PASSED] - setValueToCellByIndex(sheet01, n, 2, typeOfData): null

18-11-2024T10:20:19 - [TEST_STEP][PASSED] - if (typeOfData == "Факт в процентах" || typeOfData == "План в процентах"): null

18-11-2024T10:20:19 - [TEST_STEP][PASSED] - setValueToCellByIndex(sheet01, n, 3, fileDouble): null

18-11-2024T10:20:19 - [TEST_STEP][PASSED] - setValueToCellByIndex(sheet01, n, 4, pageDouble): null

18-11-2024T10:20:19 - [TEST_STEP][PASSED] - setValueToCellByIndex(sheet01, n, 5, m): null

18-11-2024T10:20:19 - [TEST_STEP][PASSED] - setValueToCellByIndex(sheet01, n, 6, y): null

18-11-2024T10:20:19 - [TEST_STEP][PASSED] - setValueToCellByIndex(sheet01, n, 7, todaysDate): null

18-11-2024T10:20:19 - [TEST_STEP][PASSED] - n = n + 1: null

18-11-2024T10:20:19 - [TEST_STEP][PASSED] - saveWorkbook(excelFilePath, workbook01): null

18-11-2024T10:20:19 - [TEST_STEP][FAILED] - if (verifyEqual(numberOfErrors, 0) == false): null

18-11-2024T10:20:19 - [MESSAGE][FAILED] - Unable to verify equal between actual object '6' and expected object '0' (Root cause: com.kms.katalon.core.exception.StepFailedException: Actual object '6' and expected object '0' are not equal
	at com.kms.katalon.core.keyword.builtin.VerifyEqualKeyword$_verifyEqual_closure1.doCall(VerifyEqualKeyword.groovy:58)
	at com.kms.katalon.core.keyword.builtin.VerifyEqualKeyword$_verifyEqual_closure1.call(VerifyEqualKeyword.groovy)
	at com.kms.katalon.core.keyword.internal.KeywordMain.runKeyword(KeywordMain.groovy:75)
	at com.kms.katalon.core.keyword.builtin.VerifyEqualKeyword.verifyEqual(VerifyEqualKeyword.groovy:63)
	at com.kms.katalon.core.keyword.builtin.VerifyEqualKeyword.execute(VerifyEqualKeyword.groovy:44)
	at com.kms.katalon.core.keyword.internal.KeywordExecutor.executeKeywordForPlatform(KeywordExecutor.groovy:74)
	at com.kms.katalon.core.keyword.BuiltinKeywords.verifyEqual(BuiltinKeywords.groovy:146)
	at java.base/jdk.internal.reflect.NativeMethodAccessorImpl.invoke0(Native Method)
	at java.base/jdk.internal.reflect.NativeMethodAccessorImpl.invoke(NativeMethodAccessorImpl.java:77)
	at java.base/jdk.internal.reflect.DelegatingMethodAccessorImpl.invoke(DelegatingMethodAccessorImpl.java:43)
	at Выполнение бизнес-плана Сверка ПАО Россети все филиалы.Numbers(Выполнение бизнес-плана Сверка ПАО Россети все филиалы:740)
	at Выполнение бизнес-плана Сверка ПАО Россети все филиалы.Filials(Выполнение бизнес-плана Сверка ПАО Россети все филиалы:1099)
	at Выполнение бизнес-плана Сверка ПАО Россети все филиалы.Numbers(Выполнение бизнес-плана Сверка ПАО Россети все филиалы:745)
	at Выполнение бизнес-плана Сверка ПАО Россети все филиалы.run(Выполнение бизнес-плана Сверка ПАО Россети все филиалы:304)
	at com.kms.katalon.core.main.ScriptEngine.run(ScriptEngine.java:194)
	at com.kms.katalon.core.main.ScriptEngine.runScriptAsRawText(ScriptEngine.java:119)
	at com.kms.katalon.core.main.TestCaseExecutor.runScript(TestCaseExecutor.java:448)
	at com.kms.katalon.core.main.TestCaseExecutor.doExecute(TestCaseExecutor.java:439)
	at com.kms.katalon.core.main.TestCaseExecutor.processExecutionPhase(TestCaseExecutor.java:418)
	at com.kms.katalon.core.main.TestCaseExecutor.accessMainPhase(TestCaseExecutor.java:410)
	at com.kms.katalon.core.main.TestCaseExecutor.execute(TestCaseExecutor.java:285)
	at com.kms.katalon.core.common.CommonExecutor.accessTestCaseMainPhase(CommonExecutor.java:65)
	at com.kms.katalon.core.main.TestSuiteExecutor.accessTestSuiteMainPhase(TestSuiteExecutor.java:150)
	at com.kms.katalon.core.main.TestSuiteExecutor.execute(TestSuiteExecutor.java:106)
	at com.kms.katalon.core.main.TestCaseMain.startTestSuite(TestCaseMain.java:180)
	at TempTestSuite1731913737709.run(TempTestSuite1731913737709.groovy:35)
	at java.base/jdk.internal.reflect.NativeMethodAccessorImpl.invoke0(Native Method)
	at java.base/jdk.internal.reflect.NativeMethodAccessorImpl.invoke(NativeMethodAccessorImpl.java:77)
	at java.base/jdk.internal.reflect.DelegatingMethodAccessorImpl.invoke(DelegatingMethodAccessorImpl.java:43)
)

18-11-2024T10:20:19 - [TEST_STEP][PASSED] - println(numberOfErrors): null

18-11-2024T10:20:19 - [TEST_STEP][PASSED] - if (a == 28 || a == 77 || a == 74 || a == 65 || a == 36 || a == 44 || a == 54 || a == 1 || a == 18 || a == 59): null

18-11-2024T10:20:19 - [TEST_STEP][PASSED] - if (a == 82): null

18-11-2024T10:20:19 - [TEST_STEP][PASSED] - dZO = "Карачаево-Черкесскэнерго": null

18-11-2024T10:20:19 - [TEST_STEP][PASSED] - a = 67: null

18-11-2024T10:20:19 - [TEST_STEP][PASSED] - if (x2.contains(dZO)): null

18-11-2024T10:20:19 - [TEST_STEP][PASSED] - filialNum = filialNum + 1: null

18-11-2024T10:20:19 - [TEST_STEP][PASSED] - Script1718980020443.Numbers(a, typeOfData, todaysDate, pageInt, fileInt, pageDouble, fileDouble, dZO, dzoNum, filialNum): null

18-11-2024T10:20:19 - [TEST_STEP][PASSED] - println(dzoNum): null

18-11-2024T10:20:19 - [TEST_STEP][PASSED] - planFact = <not implemented yet for class: org.codehaus.groovy.ast.expr.EmptyExpression>: null

18-11-2024T10:20:19 - [TEST_STEP][PASSED] - page = <not implemented yet for class: org.codehaus.groovy.ast.expr.EmptyExpression>: null

18-11-2024T10:20:19 - [TEST_STEP][PASSED] - page1 = <not implemented yet for class: org.codehaus.groovy.ast.expr.EmptyExpression>: null

18-11-2024T10:20:19 - [TEST_STEP][PASSED] - page2 = <not implemented yet for class: org.codehaus.groovy.ast.expr.EmptyExpression>: null

18-11-2024T10:20:19 - [TEST_STEP][PASSED] - filialNumberInRow = <not implemented yet for class: org.codehaus.groovy.ast.expr.EmptyExpression>: null

18-11-2024T10:20:19 - [TEST_STEP][PASSED] - filialsDzoNames = <not implemented yet for class: org.codehaus.groovy.ast.expr.EmptyExpression>: null

18-11-2024T10:20:19 - [TEST_STEP][PASSED] - numberOfFilials = <not implemented yet for class: org.codehaus.groovy.ast.expr.EmptyExpression>: null

18-11-2024T10:20:19 - [TEST_STEP][PASSED] - numberOfSpaces = <not implemented yet for class: org.codehaus.groovy.ast.expr.EmptyExpression>: null

18-11-2024T10:20:19 - [TEST_STEP][PASSED] - file = <not implemented yet for class: org.codehaus.groovy.ast.expr.EmptyExpression>: null

18-11-2024T10:20:19 - [TEST_STEP][PASSED] - otpusk = <not implemented yet for class: org.codehaus.groovy.ast.expr.EmptyExpression>: null

18-11-2024T10:20:19 - [TEST_STEP][PASSED] - poteri = <not implemented yet for class: org.codehaus.groovy.ast.expr.EmptyExpression>: null

18-11-2024T10:20:19 - [TEST_STEP][PASSED] - dataFolder = "Выполнение бизнес-плана/Значения со страницы Выполнение бизнес-плана/": null

18-11-2024T10:20:19 - [TEST_STEP][PASSED] - path = <not implemented yet for class: org.codehaus.groovy.ast.expr.EmptyExpression>: null

18-11-2024T10:20:19 - [TEST_STEP][PASSED] - typeOfDataMain = <not implemented yet for class: org.codehaus.groovy.ast.expr.EmptyExpression>: null

18-11-2024T10:20:19 - [TEST_STEP][PASSED] - fileOtpuskVSet = <not implemented yet for class: org.codehaus.groovy.ast.expr.EmptyExpression>: null

18-11-2024T10:20:19 - [TEST_STEP][PASSED] - pageOtpuskVSet = <not implemented yet for class: org.codehaus.groovy.ast.expr.EmptyExpression>: null

18-11-2024T10:20:19 - [TEST_STEP][PASSED] - filePoteri = <not implemented yet for class: org.codehaus.groovy.ast.expr.EmptyExpression>: null

18-11-2024T10:20:19 - [TEST_STEP][PASSED] - pagePoteri = <not implemented yet for class: org.codehaus.groovy.ast.expr.EmptyExpression>: null

18-11-2024T10:20:19 - [TEST_STEP][PASSED] - compare = <not implemented yet for class: org.codehaus.groovy.ast.expr.EmptyExpression>: null

18-11-2024T10:20:19 - [TEST_STEP][PASSED] - b = <not implemented yet for class: org.codehaus.groovy.ast.expr.EmptyExpression>: null

18-11-2024T10:20:19 - [TEST_STEP][PASSED] - i = <not implemented yet for class: org.codehaus.groovy.ast.expr.EmptyExpression>: null

18-11-2024T10:20:19 - [TEST_STEP][PASSED] - ii = <not implemented yet for class: org.codehaus.groovy.ast.expr.EmptyExpression>: null

18-11-2024T10:20:19 - [TEST_STEP][PASSED] - c = <not implemented yet for class: org.codehaus.groovy.ast.expr.EmptyExpression>: null

18-11-2024T10:20:19 - [TEST_STEP][PASSED] - numberOfErrors = 0: null

18-11-2024T10:20:19 - [TEST_STEP][PASSED] - if (a == 82): null

18-11-2024T10:20:19 - [TEST_STEP][PASSED] - b = findTestData("PlanFact").getValue(1, a): null

18-11-2024T10:20:19 - [TEST_STEP][PASSED] - i = b.indexOf(" (ГК)"): null

18-11-2024T10:20:19 - [TEST_STEP][PASSED] - if (i > -1): null

18-11-2024T10:20:19 - [TEST_STEP][PASSED] - i = b.indexOf("О ""): null

18-11-2024T10:20:19 - [TEST_STEP][PASSED] - if (i > -1): null

18-11-2024T10:20:19 - [TEST_STEP][PASSED] - i = b.indexOf("О «"): null

18-11-2024T10:20:19 - [TEST_STEP][PASSED] - if (i > -1): null

18-11-2024T10:20:19 - [TEST_STEP][PASSED] - i = b.indexOf("г. "): null

18-11-2024T10:20:19 - [TEST_STEP][PASSED] - if (i > -1): null

18-11-2024T10:20:19 - [TEST_STEP][PASSED] - println(b): null

18-11-2024T10:20:19 - [TEST_STEP][PASSED] - for ([planFact = 1, planFact < 3, (planFact++)]): null

18-11-2024T10:20:19 - [TEST_STEP][PASSED] - if (planFact == 1): null

18-11-2024T10:20:19 - [TEST_STEP][PASSED] - typeOfDataMain = "Факт": null

18-11-2024T10:20:19 - [TEST_STEP][PASSED] - otpusk = findTestData("PlanFact").getValue(5, a): null

18-11-2024T10:20:19 - [TEST_STEP][PASSED] - poteri = findTestData("PlanFact").getValue(6, a): null

18-11-2024T10:20:19 - [TEST_STEP][PASSED] - otpusk = otpusk.replaceAll("\s+", ""): null

18-11-2024T10:20:19 - [TEST_STEP][PASSED] - poteri = poteri.replaceAll("\s+", ""): null

18-11-2024T10:20:19 - [TEST_STEP][PASSED] - typeOfData = typeOfDataMain + " Отпуск в сеть": null

18-11-2024T10:20:19 - [TEST_STEP][PASSED] - if (a == 82): null

18-11-2024T10:20:19 - [TEST_STEP][PASSED] - else if (a == 84): null

18-11-2024T10:20:19 - [TEST_STEP][PASSED] - else if (a == 52 || a == 72 || a == 28 || a == 73 || a == 77 || a == 74 || a == 65 || a == 36 || a == 44 || a == 53 || a == 80 || a == 54 || a == 1 || a == 18 || a == 59 || a == 81): null

18-11-2024T10:20:19 - [TEST_STEP][PASSED] - else: null

18-11-2024T10:20:19 - [TEST_STEP][PASSED] - path = dataFolder + typeOfData + " за отчётный период " + b: null

18-11-2024T10:20:19 - [TEST_STEP][PASSED] - println(path): null

18-11-2024T10:20:19 - [TEST_STEP][PASSED] - page = getText(findTestObject(path)): Text of object 'Object Repository/Выполнение бизнес-плана/Значения со страницы Выполнение бизнес-плана/Факт Отпуск в сеть за отчётный период Карачаево-Черкесскэнерго' is: '1 013 182'

18-11-2024T10:20:20 - [MESSAGE][PASSED] - Text of object 'Object Repository/Выполнение бизнес-плана/Значения со страницы Выполнение бизнес-плана/Факт Отпуск в сеть за отчётный период Карачаево-Черкесскэнерго' is: '1 013 182'

18-11-2024T10:20:20 - [TEST_STEP][PASSED] - page = page.replaceAll("\s+", ""): null

18-11-2024T10:20:20 - [TEST_STEP][PASSED] - fileOtpuskVSet = otpusk.toInteger(): null

18-11-2024T10:20:20 - [TEST_STEP][PASSED] - pageOtpuskVSet = page.toInteger(): null

18-11-2024T10:20:20 - [TEST_STEP][PASSED] - typeOfData = typeOfDataMain + " Потери": null

18-11-2024T10:20:20 - [TEST_STEP][PASSED] - if (a == 82): null

18-11-2024T10:20:20 - [TEST_STEP][PASSED] - else if (a == 84): null

18-11-2024T10:20:20 - [TEST_STEP][PASSED] - else if (a == 52 || a == 72 || a == 28 || a == 73 || a == 77 || a == 74 || a == 65 || a == 36 || a == 44 || a == 53 || a == 80 || a == 54 || a == 1 || a == 18 || a == 59 || a == 81): null

18-11-2024T10:20:20 - [TEST_STEP][PASSED] - else: null

18-11-2024T10:20:20 - [TEST_STEP][PASSED] - path = dataFolder + typeOfData + " за отчётный период " + b: null

18-11-2024T10:20:20 - [TEST_STEP][PASSED] - page = getText(findTestObject(path)): Text of object 'Object Repository/Выполнение бизнес-плана/Значения со страницы Выполнение бизнес-плана/Факт Потери за отчётный период Карачаево-Черкесскэнерго' is: '146 000'

18-11-2024T10:20:20 - [MESSAGE][PASSED] - Text of object 'Object Repository/Выполнение бизнес-плана/Значения со страницы Выполнение бизнес-плана/Факт Потери за отчётный период Карачаево-Черкесскэнерго' is: '146 000'

18-11-2024T10:20:20 - [TEST_STEP][PASSED] - page = page.replaceAll("\s+", ""): null

18-11-2024T10:20:20 - [TEST_STEP][PASSED] - filePoteri = poteri.toInteger(): null

18-11-2024T10:20:20 - [TEST_STEP][PASSED] - pagePoteri = page.toInteger(): null

18-11-2024T10:20:20 - [TEST_STEP][PASSED] - compare = pageOtpuskVSet: null

18-11-2024T10:20:20 - [TEST_STEP][PASSED] - if (compare == fileOtpuskVSet): null

18-11-2024T10:20:20 - [TEST_STEP][PASSED] - else if (compare > fileOtpuskVSet): null

18-11-2024T10:20:20 - [TEST_STEP][PASSED] - compare = compare - 1: null

18-11-2024T10:20:20 - [TEST_STEP][PASSED] - if (compare == fileOtpuskVSet): null

18-11-2024T10:20:20 - [TEST_STEP][PASSED] - else: null

18-11-2024T10:20:20 - [TEST_STEP][PASSED] - numberOfErrors = numberOfErrors + 1: null

18-11-2024T10:20:20 - [TEST_STEP][PASSED] - pageInt = pageOtpuskVSet: null

18-11-2024T10:20:20 - [TEST_STEP][PASSED] - fileInt = fileOtpuskVSet: null

18-11-2024T10:20:20 - [TEST_STEP][PASSED] - typeOfData = typeOfDataMain + " Отпуск в сеть": null

18-11-2024T10:20:20 - [TEST_STEP][PASSED] - Script1718980020443.WriteToExcel(a, typeOfData, todaysDate, pageInt, fileInt, pageDouble, fileDouble, dZO): null

18-11-2024T10:20:20 - [TEST_STEP][PASSED] - sheetName = "Sheet1": null

18-11-2024T10:20:20 - [TEST_STEP][PASSED] - data = findTestData("PlanFact"): null

18-11-2024T10:20:20 - [TEST_STEP][PASSED] - n = data.getRowNumbers() + 1: null

18-11-2024T10:20:20 - [TEST_STEP][PASSED] - year = todaysDate.substring(todaysDate.length() - 4, todaysDate.length()): null

18-11-2024T10:20:20 - [TEST_STEP][PASSED] - y = year.toInteger(): null

18-11-2024T10:20:20 - [TEST_STEP][PASSED] - m = getText(findTestObject("Выполнение бизнес-плана/Период")): Text of object 'Object Repository/Выполнение бизнес-плана/Период' is: '1, 2, 3 кв. 2024 года'

18-11-2024T10:20:20 - [MESSAGE][PASSED] - Text of object 'Object Repository/Выполнение бизнес-плана/Период' is: '1, 2, 3 кв. 2024 года'

18-11-2024T10:20:20 - [TEST_STEP][PASSED] - m = m.substring(0, m.indexOf("2024")): null

18-11-2024T10:20:20 - [TEST_STEP][PASSED] - m = m.trim(): null

18-11-2024T10:20:20 - [TEST_STEP][PASSED] - dashboardName = "Выполнение бизнес-плана": null

18-11-2024T10:20:20 - [TEST_STEP][PASSED] - workbook01 = getWorkbook(excelFilePath): null

18-11-2024T10:20:20 - [TEST_STEP][PASSED] - sheet01 = getExcelSheet(workbook01, sheetName): null

18-11-2024T10:20:20 - [TEST_STEP][PASSED] - setValueToCellByIndex(sheet01, n, 0, dashboardName): null

18-11-2024T10:20:20 - [TEST_STEP][PASSED] - setValueToCellByIndex(sheet01, n, 1, dZO): null

18-11-2024T10:20:20 - [TEST_STEP][PASSED] - setValueToCellByIndex(sheet01, n, 2, typeOfData): null

18-11-2024T10:20:20 - [TEST_STEP][PASSED] - if (typeOfData == "Факт в процентах" || typeOfData == "План в процентах"): null

18-11-2024T10:20:20 - [TEST_STEP][PASSED] - else: null

18-11-2024T10:20:20 - [TEST_STEP][PASSED] - setValueToCellByIndex(sheet01, n, 3, fileInt): null

18-11-2024T10:20:20 - [TEST_STEP][PASSED] - setValueToCellByIndex(sheet01, n, 4, pageInt): null

18-11-2024T10:20:20 - [TEST_STEP][PASSED] - setValueToCellByIndex(sheet01, n, 5, m): null

18-11-2024T10:20:20 - [TEST_STEP][PASSED] - setValueToCellByIndex(sheet01, n, 6, y): null

18-11-2024T10:20:20 - [TEST_STEP][PASSED] - setValueToCellByIndex(sheet01, n, 7, todaysDate): null

18-11-2024T10:20:20 - [TEST_STEP][PASSED] - n = n + 1: null

18-11-2024T10:20:20 - [TEST_STEP][PASSED] - saveWorkbook(excelFilePath, workbook01): null

18-11-2024T10:20:21 - [TEST_STEP][PASSED] - compare = pagePoteri: null

18-11-2024T10:20:21 - [TEST_STEP][PASSED] - if (compare == filePoteri): null

18-11-2024T10:20:21 - [TEST_STEP][PASSED] - else if (compare > filePoteri): null

18-11-2024T10:20:21 - [TEST_STEP][PASSED] - compare = compare - 1: null

18-11-2024T10:20:21 - [TEST_STEP][PASSED] - if (compare == filePoteri): null

18-11-2024T10:20:21 - [TEST_STEP][PASSED] - else: null

18-11-2024T10:20:21 - [TEST_STEP][PASSED] - numberOfErrors = numberOfErrors + 1: null

18-11-2024T10:20:21 - [TEST_STEP][PASSED] - pageInt = pagePoteri: null

18-11-2024T10:20:21 - [TEST_STEP][PASSED] - fileInt = filePoteri: null

18-11-2024T10:20:21 - [TEST_STEP][PASSED] - typeOfData = typeOfDataMain + " Потери": null

18-11-2024T10:20:21 - [TEST_STEP][PASSED] - Script1718980020443.WriteToExcel(a, typeOfData, todaysDate, pageInt, fileInt, pageDouble, fileDouble, dZO): null

18-11-2024T10:20:21 - [TEST_STEP][PASSED] - sheetName = "Sheet1": null

18-11-2024T10:20:21 - [TEST_STEP][PASSED] - data = findTestData("PlanFact"): null

18-11-2024T10:20:21 - [TEST_STEP][PASSED] - n = data.getRowNumbers() + 1: null

18-11-2024T10:20:21 - [TEST_STEP][PASSED] - year = todaysDate.substring(todaysDate.length() - 4, todaysDate.length()): null

18-11-2024T10:20:21 - [TEST_STEP][PASSED] - y = year.toInteger(): null

18-11-2024T10:20:21 - [TEST_STEP][PASSED] - m = getText(findTestObject("Выполнение бизнес-плана/Период")): Text of object 'Object Repository/Выполнение бизнес-плана/Период' is: '1, 2, 3 кв. 2024 года'

18-11-2024T10:20:21 - [MESSAGE][PASSED] - Text of object 'Object Repository/Выполнение бизнес-плана/Период' is: '1, 2, 3 кв. 2024 года'

18-11-2024T10:20:21 - [TEST_STEP][PASSED] - m = m.substring(0, m.indexOf("2024")): null

18-11-2024T10:20:21 - [TEST_STEP][PASSED] - m = m.trim(): null

18-11-2024T10:20:21 - [TEST_STEP][PASSED] - dashboardName = "Выполнение бизнес-плана": null

18-11-2024T10:20:21 - [TEST_STEP][PASSED] - workbook01 = getWorkbook(excelFilePath): null

18-11-2024T10:20:21 - [TEST_STEP][PASSED] - sheet01 = getExcelSheet(workbook01, sheetName): null

18-11-2024T10:20:21 - [TEST_STEP][PASSED] - setValueToCellByIndex(sheet01, n, 0, dashboardName): null

18-11-2024T10:20:21 - [TEST_STEP][PASSED] - setValueToCellByIndex(sheet01, n, 1, dZO): null

18-11-2024T10:20:21 - [TEST_STEP][PASSED] - setValueToCellByIndex(sheet01, n, 2, typeOfData): null

18-11-2024T10:20:21 - [TEST_STEP][PASSED] - if (typeOfData == "Факт в процентах" || typeOfData == "План в процентах"): null

18-11-2024T10:20:21 - [TEST_STEP][PASSED] - else: null

18-11-2024T10:20:21 - [TEST_STEP][PASSED] - setValueToCellByIndex(sheet01, n, 3, fileInt): null

18-11-2024T10:20:21 - [TEST_STEP][PASSED] - setValueToCellByIndex(sheet01, n, 4, pageInt): null

18-11-2024T10:20:21 - [TEST_STEP][PASSED] - setValueToCellByIndex(sheet01, n, 5, m): null

18-11-2024T10:20:21 - [TEST_STEP][PASSED] - setValueToCellByIndex(sheet01, n, 6, y): null

18-11-2024T10:20:21 - [TEST_STEP][PASSED] - setValueToCellByIndex(sheet01, n, 7, todaysDate): null

18-11-2024T10:20:21 - [TEST_STEP][PASSED] - n = n + 1: null

18-11-2024T10:20:21 - [TEST_STEP][PASSED] - saveWorkbook(excelFilePath, workbook01): null

18-11-2024T10:20:21 - [TEST_STEP][PASSED] - if (planFact == 2): null

18-11-2024T10:20:21 - [TEST_STEP][PASSED] - if (planFact == 1): null

18-11-2024T10:20:21 - [TEST_STEP][PASSED] - else if (planFact == 2): null

18-11-2024T10:20:21 - [TEST_STEP][PASSED] - click(findTestObject("Выполнение бизнес-плана/Кнопка План")): Object: 'Object Repository/Выполнение бизнес-плана/Кнопка План' is clicked on

18-11-2024T10:20:22 - [MESSAGE][PASSED] - Object: 'Object Repository/Выполнение бизнес-плана/Кнопка План' is clicked on

18-11-2024T10:20:22 - [TEST_STEP][PASSED] - typeOfDataMain = "План": null

18-11-2024T10:20:22 - [TEST_STEP][PASSED] - otpusk = findTestData("PlanFact").getValue(2, a): null

18-11-2024T10:20:22 - [TEST_STEP][PASSED] - poteri = findTestData("PlanFact").getValue(3, a): null

18-11-2024T10:20:22 - [TEST_STEP][PASSED] - otpusk = otpusk.replaceAll("\s+", ""): null

18-11-2024T10:20:22 - [TEST_STEP][PASSED] - poteri = poteri.replaceAll("\s+", ""): null

18-11-2024T10:20:22 - [TEST_STEP][PASSED] - typeOfData = typeOfDataMain + " Отпуск в сеть": null

18-11-2024T10:20:22 - [TEST_STEP][PASSED] - if (a == 82): null

18-11-2024T10:20:22 - [TEST_STEP][PASSED] - else if (a == 84): null

18-11-2024T10:20:22 - [TEST_STEP][PASSED] - else if (a == 52 || a == 72 || a == 28 || a == 73 || a == 77 || a == 74 || a == 65 || a == 36 || a == 44 || a == 53 || a == 80 || a == 54 || a == 1 || a == 18 || a == 59 || a == 81): null

18-11-2024T10:20:22 - [TEST_STEP][PASSED] - else: null

18-11-2024T10:20:22 - [TEST_STEP][PASSED] - path = dataFolder + typeOfData + " за отчётный период " + b: null

18-11-2024T10:20:22 - [TEST_STEP][PASSED] - println(path): null

18-11-2024T10:20:22 - [TEST_STEP][PASSED] - page = getText(findTestObject(path)): Text of object 'Object Repository/Выполнение бизнес-плана/Значения со страницы Выполнение бизнес-плана/План Отпуск в сеть за отчётный период Карачаево-Черкесскэнерго' is: '938 915'

18-11-2024T10:20:22 - [MESSAGE][PASSED] - Text of object 'Object Repository/Выполнение бизнес-плана/Значения со страницы Выполнение бизнес-плана/План Отпуск в сеть за отчётный период Карачаево-Черкесскэнерго' is: '938 915'

18-11-2024T10:20:22 - [TEST_STEP][PASSED] - page = page.replaceAll("\s+", ""): null

18-11-2024T10:20:22 - [TEST_STEP][PASSED] - fileOtpuskVSet = otpusk.toInteger(): null

18-11-2024T10:20:22 - [TEST_STEP][PASSED] - pageOtpuskVSet = page.toInteger(): null

18-11-2024T10:20:22 - [TEST_STEP][PASSED] - typeOfData = typeOfDataMain + " Потери": null

18-11-2024T10:20:22 - [TEST_STEP][PASSED] - if (a == 82): null

18-11-2024T10:20:22 - [TEST_STEP][PASSED] - else if (a == 84): null

18-11-2024T10:20:22 - [TEST_STEP][PASSED] - else if (a == 52 || a == 72 || a == 28 || a == 73 || a == 77 || a == 74 || a == 65 || a == 36 || a == 44 || a == 53 || a == 80 || a == 54 || a == 1 || a == 18 || a == 59 || a == 81): null

18-11-2024T10:20:22 - [TEST_STEP][PASSED] - else: null

18-11-2024T10:20:22 - [TEST_STEP][PASSED] - path = dataFolder + typeOfData + " за отчётный период " + b: null

18-11-2024T10:20:22 - [TEST_STEP][PASSED] - page = getText(findTestObject(path)): Text of object 'Object Repository/Выполнение бизнес-плана/Значения со страницы Выполнение бизнес-плана/План Потери за отчётный период Карачаево-Черкесскэнерго' is: '126 591'

18-11-2024T10:20:22 - [MESSAGE][PASSED] - Text of object 'Object Repository/Выполнение бизнес-плана/Значения со страницы Выполнение бизнес-плана/План Потери за отчётный период Карачаево-Черкесскэнерго' is: '126 591'

18-11-2024T10:20:22 - [TEST_STEP][PASSED] - page = page.replaceAll("\s+", ""): null

18-11-2024T10:20:22 - [TEST_STEP][PASSED] - filePoteri = poteri.toInteger(): null

18-11-2024T10:20:22 - [TEST_STEP][PASSED] - pagePoteri = page.toInteger(): null

18-11-2024T10:20:22 - [TEST_STEP][PASSED] - compare = pageOtpuskVSet: null

18-11-2024T10:20:22 - [TEST_STEP][PASSED] - if (compare == fileOtpuskVSet): null

18-11-2024T10:20:22 - [TEST_STEP][PASSED] - else if (compare > fileOtpuskVSet): null

18-11-2024T10:20:22 - [TEST_STEP][PASSED] - else if (compare < fileOtpuskVSet): null

18-11-2024T10:20:22 - [TEST_STEP][PASSED] - compare = compare + 1: null

18-11-2024T10:20:22 - [TEST_STEP][PASSED] - if (compare == fileOtpuskVSet): null

18-11-2024T10:20:22 - [TEST_STEP][PASSED] - else: null

18-11-2024T10:20:22 - [TEST_STEP][PASSED] - numberOfErrors = numberOfErrors + 1: null

18-11-2024T10:20:22 - [TEST_STEP][PASSED] - pageInt = pageOtpuskVSet: null

18-11-2024T10:20:22 - [TEST_STEP][PASSED] - fileInt = fileOtpuskVSet: null

18-11-2024T10:20:22 - [TEST_STEP][PASSED] - typeOfData = typeOfDataMain + " Отпуск в сеть": null

18-11-2024T10:20:22 - [TEST_STEP][PASSED] - Script1718980020443.WriteToExcel(a, typeOfData, todaysDate, pageInt, fileInt, pageDouble, fileDouble, dZO): null

18-11-2024T10:20:22 - [TEST_STEP][PASSED] - sheetName = "Sheet1": null

18-11-2024T10:20:22 - [TEST_STEP][PASSED] - data = findTestData("PlanFact"): null

18-11-2024T10:20:23 - [TEST_STEP][PASSED] - n = data.getRowNumbers() + 1: null

18-11-2024T10:20:23 - [TEST_STEP][PASSED] - year = todaysDate.substring(todaysDate.length() - 4, todaysDate.length()): null

18-11-2024T10:20:23 - [TEST_STEP][PASSED] - y = year.toInteger(): null

18-11-2024T10:20:23 - [TEST_STEP][PASSED] - m = getText(findTestObject("Выполнение бизнес-плана/Период")): Text of object 'Object Repository/Выполнение бизнес-плана/Период' is: '1, 2, 3 кв. 2024 года'

18-11-2024T10:20:23 - [MESSAGE][PASSED] - Text of object 'Object Repository/Выполнение бизнес-плана/Период' is: '1, 2, 3 кв. 2024 года'

18-11-2024T10:20:23 - [TEST_STEP][PASSED] - m = m.substring(0, m.indexOf("2024")): null

18-11-2024T10:20:23 - [TEST_STEP][PASSED] - m = m.trim(): null

18-11-2024T10:20:23 - [TEST_STEP][PASSED] - dashboardName = "Выполнение бизнес-плана": null

18-11-2024T10:20:23 - [TEST_STEP][PASSED] - workbook01 = getWorkbook(excelFilePath): null

18-11-2024T10:20:23 - [TEST_STEP][PASSED] - sheet01 = getExcelSheet(workbook01, sheetName): null

18-11-2024T10:20:23 - [TEST_STEP][PASSED] - setValueToCellByIndex(sheet01, n, 0, dashboardName): null

18-11-2024T10:20:23 - [TEST_STEP][PASSED] - setValueToCellByIndex(sheet01, n, 1, dZO): null

18-11-2024T10:20:23 - [TEST_STEP][PASSED] - setValueToCellByIndex(sheet01, n, 2, typeOfData): null

18-11-2024T10:20:23 - [TEST_STEP][PASSED] - if (typeOfData == "Факт в процентах" || typeOfData == "План в процентах"): null

18-11-2024T10:20:23 - [TEST_STEP][PASSED] - else: null

18-11-2024T10:20:23 - [TEST_STEP][PASSED] - setValueToCellByIndex(sheet01, n, 3, fileInt): null

18-11-2024T10:20:23 - [TEST_STEP][PASSED] - setValueToCellByIndex(sheet01, n, 4, pageInt): null

18-11-2024T10:20:23 - [TEST_STEP][PASSED] - setValueToCellByIndex(sheet01, n, 5, m): null

18-11-2024T10:20:23 - [TEST_STEP][PASSED] - setValueToCellByIndex(sheet01, n, 6, y): null

18-11-2024T10:20:23 - [TEST_STEP][PASSED] - setValueToCellByIndex(sheet01, n, 7, todaysDate): null

18-11-2024T10:20:23 - [TEST_STEP][PASSED] - n = n + 1: null

18-11-2024T10:20:23 - [TEST_STEP][PASSED] - saveWorkbook(excelFilePath, workbook01): null

18-11-2024T10:20:23 - [TEST_STEP][PASSED] - compare = pagePoteri: null

18-11-2024T10:20:23 - [TEST_STEP][PASSED] - if (compare == filePoteri): null

18-11-2024T10:20:23 - [TEST_STEP][PASSED] - else if (compare > filePoteri): null

18-11-2024T10:20:23 - [TEST_STEP][PASSED] - else if (compare < filePoteri): null

18-11-2024T10:20:23 - [TEST_STEP][PASSED] - compare = compare + 1: null

18-11-2024T10:20:23 - [TEST_STEP][PASSED] - if (compare == filePoteri): null

18-11-2024T10:20:23 - [TEST_STEP][PASSED] - else: null

18-11-2024T10:20:23 - [TEST_STEP][PASSED] - numberOfErrors = numberOfErrors + 1: null

18-11-2024T10:20:23 - [TEST_STEP][PASSED] - pageInt = pagePoteri: null

18-11-2024T10:20:23 - [TEST_STEP][PASSED] - fileInt = filePoteri: null

18-11-2024T10:20:23 - [TEST_STEP][PASSED] - typeOfData = typeOfDataMain + " Потери": null

18-11-2024T10:20:23 - [TEST_STEP][PASSED] - Script1718980020443.WriteToExcel(a, typeOfData, todaysDate, pageInt, fileInt, pageDouble, fileDouble, dZO): null

18-11-2024T10:20:23 - [TEST_STEP][PASSED] - sheetName = "Sheet1": null

18-11-2024T10:20:23 - [TEST_STEP][PASSED] - data = findTestData("PlanFact"): null

18-11-2024T10:20:23 - [TEST_STEP][PASSED] - n = data.getRowNumbers() + 1: null

18-11-2024T10:20:23 - [TEST_STEP][PASSED] - year = todaysDate.substring(todaysDate.length() - 4, todaysDate.length()): null

18-11-2024T10:20:23 - [TEST_STEP][PASSED] - y = year.toInteger(): null

18-11-2024T10:20:23 - [TEST_STEP][PASSED] - m = getText(findTestObject("Выполнение бизнес-плана/Период")): Text of object 'Object Repository/Выполнение бизнес-плана/Период' is: '1, 2, 3 кв. 2024 года'

18-11-2024T10:20:23 - [MESSAGE][PASSED] - Text of object 'Object Repository/Выполнение бизнес-плана/Период' is: '1, 2, 3 кв. 2024 года'

18-11-2024T10:20:23 - [TEST_STEP][PASSED] - m = m.substring(0, m.indexOf("2024")): null

18-11-2024T10:20:23 - [TEST_STEP][PASSED] - m = m.trim(): null

18-11-2024T10:20:23 - [TEST_STEP][PASSED] - dashboardName = "Выполнение бизнес-плана": null

18-11-2024T10:20:23 - [TEST_STEP][PASSED] - workbook01 = getWorkbook(excelFilePath): null

18-11-2024T10:20:24 - [TEST_STEP][PASSED] - sheet01 = getExcelSheet(workbook01, sheetName): null

18-11-2024T10:20:24 - [TEST_STEP][PASSED] - setValueToCellByIndex(sheet01, n, 0, dashboardName): null

18-11-2024T10:20:24 - [TEST_STEP][PASSED] - setValueToCellByIndex(sheet01, n, 1, dZO): null

18-11-2024T10:20:24 - [TEST_STEP][PASSED] - setValueToCellByIndex(sheet01, n, 2, typeOfData): null

18-11-2024T10:20:24 - [TEST_STEP][PASSED] - if (typeOfData == "Факт в процентах" || typeOfData == "План в процентах"): null

18-11-2024T10:20:24 - [TEST_STEP][PASSED] - else: null

18-11-2024T10:20:24 - [TEST_STEP][PASSED] - setValueToCellByIndex(sheet01, n, 3, fileInt): null

18-11-2024T10:20:24 - [TEST_STEP][PASSED] - setValueToCellByIndex(sheet01, n, 4, pageInt): null

18-11-2024T10:20:24 - [TEST_STEP][PASSED] - setValueToCellByIndex(sheet01, n, 5, m): null

18-11-2024T10:20:24 - [TEST_STEP][PASSED] - setValueToCellByIndex(sheet01, n, 6, y): null

18-11-2024T10:20:24 - [TEST_STEP][PASSED] - setValueToCellByIndex(sheet01, n, 7, todaysDate): null

18-11-2024T10:20:24 - [TEST_STEP][PASSED] - n = n + 1: null

18-11-2024T10:20:24 - [TEST_STEP][PASSED] - saveWorkbook(excelFilePath, workbook01): Object: 'Object Repository/Выполнение бизнес-плана/Кнопка Факт' is clicked on

18-11-2024T10:20:24 - [TEST_STEP][PASSED] - if (planFact == 2): Object: 'Object Repository/Выполнение бизнес-плана/Кнопка Факт' is clicked on

18-11-2024T10:20:24 - [TEST_STEP][PASSED] - click(findTestObject("Выполнение бизнес-плана/Кнопка Факт")): Object: 'Object Repository/Выполнение бизнес-плана/Кнопка Факт' is clicked on

18-11-2024T10:20:24 - [MESSAGE][PASSED] - Object: 'Object Repository/Выполнение бизнес-плана/Кнопка Факт' is clicked on

18-11-2024T10:20:24 - [TEST_STEP][PASSED] - if (a == 84 || a == 82): null

18-11-2024T10:20:24 - [TEST_STEP][PASSED] - else if (a == 52 || a == 72 || a == 28 || a == 73 || a == 77 || a == 74 || a == 65 || a == 36 || a == 44 || a == 53 || a == 80 || a == 54 || a == 1 || a == 18 || a == 59 || a == 81): null

18-11-2024T10:20:24 - [TEST_STEP][PASSED] - else: null

18-11-2024T10:20:24 - [TEST_STEP][PASSED] - page1 = getText(findTestObject("Object Repository/Выполнение бизнес-плана/spanPlan" + filialNum)): Text of object 'Object Repository/Выполнение бизнес-плана/spanPlan4' is: '13.48
|'

18-11-2024T10:20:24 - [MESSAGE][PASSED] - Text of object 'Object Repository/Выполнение бизнес-плана/spanPlan4' is: '13.48
|'

18-11-2024T10:20:24 - [TEST_STEP][PASSED] - page1 = page1.replace("|", ""): null

18-11-2024T10:20:24 - [TEST_STEP][PASSED] - page2 = getText(findTestObject("Object Repository/Выполнение бизнес-плана/spanFact" + filialNum)): Text of object 'Object Repository/Выполнение бизнес-плана/spanFact4' is: '14.41
|'

18-11-2024T10:20:25 - [MESSAGE][PASSED] - Text of object 'Object Repository/Выполнение бизнес-плана/spanFact4' is: '14.41
|'

18-11-2024T10:20:25 - [TEST_STEP][PASSED] - page2 = page2.replace("|", ""): null

18-11-2024T10:20:25 - [TEST_STEP][PASSED] - println("page1: " + page1): null

18-11-2024T10:20:25 - [TEST_STEP][PASSED] - println("page2: " + page2): null

18-11-2024T10:20:25 - [TEST_STEP][PASSED] - file = findTestData("PlanFact").getValue(4, a): null

18-11-2024T10:20:25 - [TEST_STEP][PASSED] - file = file.replace(",", "."): null

18-11-2024T10:20:25 - [TEST_STEP][PASSED] - println("file Plan: " + file): null

18-11-2024T10:20:25 - [TEST_STEP][PASSED] - typeOfData = "План в процентах": null

18-11-2024T10:20:25 - [TEST_STEP][PASSED] - fileDouble = file.toDouble(): null

18-11-2024T10:20:25 - [TEST_STEP][PASSED] - pageDouble = page1.toDouble(): null

18-11-2024T10:20:25 - [TEST_STEP][PASSED] - if (fileDouble != pageDouble): null

18-11-2024T10:20:25 - [TEST_STEP][PASSED] - file = findTestData("PlanFact").getValue(7, a): null

18-11-2024T10:20:25 - [TEST_STEP][PASSED] - file = file.replace(",", "."): null

18-11-2024T10:20:25 - [TEST_STEP][PASSED] - println("file Fact: " + file): null

18-11-2024T10:20:25 - [TEST_STEP][PASSED] - fileDouble = file.toDouble(): null

18-11-2024T10:20:25 - [TEST_STEP][PASSED] - typeOfData = "Факт в процентах": null

18-11-2024T10:20:25 - [TEST_STEP][PASSED] - fileDouble = file.toDouble(): null

18-11-2024T10:20:25 - [TEST_STEP][PASSED] - pageDouble = page2.toDouble(): null

18-11-2024T10:20:25 - [TEST_STEP][PASSED] - if (fileDouble != pageDouble): null

18-11-2024T10:20:25 - [TEST_STEP][PASSED] - numberOfErrors = numberOfErrors + 1: null

18-11-2024T10:20:25 - [TEST_STEP][PASSED] - Script1718980020443.WriteToExcel(a, typeOfData, todaysDate, pageInt, fileInt, pageDouble, fileDouble, dZO): null

18-11-2024T10:20:25 - [TEST_STEP][PASSED] - sheetName = "Sheet1": null

18-11-2024T10:20:25 - [TEST_STEP][PASSED] - data = findTestData("PlanFact"): null

18-11-2024T10:20:25 - [TEST_STEP][PASSED] - n = data.getRowNumbers() + 1: null

18-11-2024T10:20:25 - [TEST_STEP][PASSED] - year = todaysDate.substring(todaysDate.length() - 4, todaysDate.length()): null

18-11-2024T10:20:25 - [TEST_STEP][PASSED] - y = year.toInteger(): null

18-11-2024T10:20:25 - [TEST_STEP][PASSED] - m = getText(findTestObject("Выполнение бизнес-плана/Период")): Text of object 'Object Repository/Выполнение бизнес-плана/Период' is: '1, 2, 3 кв. 2024 года'

18-11-2024T10:20:25 - [MESSAGE][PASSED] - Text of object 'Object Repository/Выполнение бизнес-плана/Период' is: '1, 2, 3 кв. 2024 года'

18-11-2024T10:20:25 - [TEST_STEP][PASSED] - m = m.substring(0, m.indexOf("2024")): null

18-11-2024T10:20:25 - [TEST_STEP][PASSED] - m = m.trim(): null

18-11-2024T10:20:25 - [TEST_STEP][PASSED] - dashboardName = "Выполнение бизнес-плана": null

18-11-2024T10:20:25 - [TEST_STEP][PASSED] - workbook01 = getWorkbook(excelFilePath): null

18-11-2024T10:20:25 - [TEST_STEP][PASSED] - sheet01 = getExcelSheet(workbook01, sheetName): null

18-11-2024T10:20:25 - [TEST_STEP][PASSED] - setValueToCellByIndex(sheet01, n, 0, dashboardName): null

18-11-2024T10:20:25 - [TEST_STEP][PASSED] - setValueToCellByIndex(sheet01, n, 1, dZO): null

18-11-2024T10:20:25 - [TEST_STEP][PASSED] - setValueToCellByIndex(sheet01, n, 2, typeOfData): null

18-11-2024T10:20:25 - [TEST_STEP][PASSED] - if (typeOfData == "Факт в процентах" || typeOfData == "План в процентах"): null

18-11-2024T10:20:25 - [TEST_STEP][PASSED] - setValueToCellByIndex(sheet01, n, 3, fileDouble): null

18-11-2024T10:20:25 - [TEST_STEP][PASSED] - setValueToCellByIndex(sheet01, n, 4, pageDouble): null

18-11-2024T10:20:25 - [TEST_STEP][PASSED] - setValueToCellByIndex(sheet01, n, 5, m): null

18-11-2024T10:20:25 - [TEST_STEP][PASSED] - setValueToCellByIndex(sheet01, n, 6, y): null

18-11-2024T10:20:25 - [TEST_STEP][PASSED] - setValueToCellByIndex(sheet01, n, 7, todaysDate): null

18-11-2024T10:20:25 - [TEST_STEP][PASSED] - n = n + 1: null

18-11-2024T10:20:25 - [TEST_STEP][PASSED] - saveWorkbook(excelFilePath, workbook01): null

18-11-2024T10:20:25 - [TEST_STEP][FAILED] - if (verifyEqual(numberOfErrors, 0) == false): null

18-11-2024T10:20:25 - [MESSAGE][FAILED] - Unable to verify equal between actual object '5' and expected object '0' (Root cause: com.kms.katalon.core.exception.StepFailedException: Actual object '5' and expected object '0' are not equal
	at com.kms.katalon.core.keyword.builtin.VerifyEqualKeyword$_verifyEqual_closure1.doCall(VerifyEqualKeyword.groovy:58)
	at com.kms.katalon.core.keyword.builtin.VerifyEqualKeyword$_verifyEqual_closure1.call(VerifyEqualKeyword.groovy)
	at com.kms.katalon.core.keyword.internal.KeywordMain.runKeyword(KeywordMain.groovy:75)
	at com.kms.katalon.core.keyword.builtin.VerifyEqualKeyword.verifyEqual(VerifyEqualKeyword.groovy:63)
	at com.kms.katalon.core.keyword.builtin.VerifyEqualKeyword.execute(VerifyEqualKeyword.groovy:44)
	at com.kms.katalon.core.keyword.internal.KeywordExecutor.executeKeywordForPlatform(KeywordExecutor.groovy:74)
	at com.kms.katalon.core.keyword.BuiltinKeywords.verifyEqual(BuiltinKeywords.groovy:146)
	at java.base/jdk.internal.reflect.NativeMethodAccessorImpl.invoke0(Native Method)
	at java.base/jdk.internal.reflect.NativeMethodAccessorImpl.invoke(NativeMethodAccessorImpl.java:77)
	at java.base/jdk.internal.reflect.DelegatingMethodAccessorImpl.invoke(DelegatingMethodAccessorImpl.java:43)
	at Выполнение бизнес-плана Сверка ПАО Россети все филиалы.Numbers(Выполнение бизнес-плана Сверка ПАО Россети все филиалы:740)
	at Выполнение бизнес-плана Сверка ПАО Россети все филиалы.Filials(Выполнение бизнес-плана Сверка ПАО Россети все филиалы:1111)
	at Выполнение бизнес-плана Сверка ПАО Россети все филиалы.Numbers(Выполнение бизнес-плана Сверка ПАО Россети все филиалы:745)
	at Выполнение бизнес-плана Сверка ПАО Россети все филиалы.run(Выполнение бизнес-плана Сверка ПАО Россети все филиалы:304)
	at com.kms.katalon.core.main.ScriptEngine.run(ScriptEngine.java:194)
	at com.kms.katalon.core.main.ScriptEngine.runScriptAsRawText(ScriptEngine.java:119)
	at com.kms.katalon.core.main.TestCaseExecutor.runScript(TestCaseExecutor.java:448)
	at com.kms.katalon.core.main.TestCaseExecutor.doExecute(TestCaseExecutor.java:439)
	at com.kms.katalon.core.main.TestCaseExecutor.processExecutionPhase(TestCaseExecutor.java:418)
	at com.kms.katalon.core.main.TestCaseExecutor.accessMainPhase(TestCaseExecutor.java:410)
	at com.kms.katalon.core.main.TestCaseExecutor.execute(TestCaseExecutor.java:285)
	at com.kms.katalon.core.common.CommonExecutor.accessTestCaseMainPhase(CommonExecutor.java:65)
	at com.kms.katalon.core.main.TestSuiteExecutor.accessTestSuiteMainPhase(TestSuiteExecutor.java:150)
	at com.kms.katalon.core.main.TestSuiteExecutor.execute(TestSuiteExecutor.java:106)
	at com.kms.katalon.core.main.TestCaseMain.startTestSuite(TestCaseMain.java:180)
	at TempTestSuite1731913737709.run(TempTestSuite1731913737709.groovy:35)
	at java.base/jdk.internal.reflect.NativeMethodAccessorImpl.invoke0(Native Method)
	at java.base/jdk.internal.reflect.NativeMethodAccessorImpl.invoke(NativeMethodAccessorImpl.java:77)
	at java.base/jdk.internal.reflect.DelegatingMethodAccessorImpl.invoke(DelegatingMethodAccessorImpl.java:43)
)

18-11-2024T10:20:25 - [TEST_STEP][PASSED] - println(numberOfErrors): null

18-11-2024T10:20:25 - [TEST_STEP][PASSED] - if (a == 28 || a == 77 || a == 74 || a == 65 || a == 36 || a == 44 || a == 54 || a == 1 || a == 18 || a == 59): null

18-11-2024T10:20:25 - [TEST_STEP][PASSED] - if (a == 82): null

18-11-2024T10:20:25 - [TEST_STEP][PASSED] - dZO = "Севкавказэнерго": null

18-11-2024T10:20:25 - [TEST_STEP][PASSED] - a = 68: null

18-11-2024T10:20:25 - [TEST_STEP][PASSED] - if (x2.contains(dZO)): null

18-11-2024T10:20:25 - [TEST_STEP][PASSED] - filialNum = filialNum + 1: null

18-11-2024T10:20:25 - [TEST_STEP][PASSED] - Script1718980020443.Numbers(a, typeOfData, todaysDate, pageInt, fileInt, pageDouble, fileDouble, dZO, dzoNum, filialNum): null

18-11-2024T10:20:25 - [TEST_STEP][PASSED] - println(dzoNum): null

18-11-2024T10:20:25 - [TEST_STEP][PASSED] - planFact = <not implemented yet for class: org.codehaus.groovy.ast.expr.EmptyExpression>: null

18-11-2024T10:20:25 - [TEST_STEP][PASSED] - page = <not implemented yet for class: org.codehaus.groovy.ast.expr.EmptyExpression>: null

18-11-2024T10:20:25 - [TEST_STEP][PASSED] - page1 = <not implemented yet for class: org.codehaus.groovy.ast.expr.EmptyExpression>: null

18-11-2024T10:20:25 - [TEST_STEP][PASSED] - page2 = <not implemented yet for class: org.codehaus.groovy.ast.expr.EmptyExpression>: null

18-11-2024T10:20:25 - [TEST_STEP][PASSED] - filialNumberInRow = <not implemented yet for class: org.codehaus.groovy.ast.expr.EmptyExpression>: null

18-11-2024T10:20:25 - [TEST_STEP][PASSED] - filialsDzoNames = <not implemented yet for class: org.codehaus.groovy.ast.expr.EmptyExpression>: null

18-11-2024T10:20:25 - [TEST_STEP][PASSED] - numberOfFilials = <not implemented yet for class: org.codehaus.groovy.ast.expr.EmptyExpression>: null

18-11-2024T10:20:25 - [TEST_STEP][PASSED] - numberOfSpaces = <not implemented yet for class: org.codehaus.groovy.ast.expr.EmptyExpression>: null

18-11-2024T10:20:25 - [TEST_STEP][PASSED] - file = <not implemented yet for class: org.codehaus.groovy.ast.expr.EmptyExpression>: null

18-11-2024T10:20:25 - [TEST_STEP][PASSED] - otpusk = <not implemented yet for class: org.codehaus.groovy.ast.expr.EmptyExpression>: null

18-11-2024T10:20:25 - [TEST_STEP][PASSED] - poteri = <not implemented yet for class: org.codehaus.groovy.ast.expr.EmptyExpression>: null

18-11-2024T10:20:25 - [TEST_STEP][PASSED] - dataFolder = "Выполнение бизнес-плана/Значения со страницы Выполнение бизнес-плана/": null

18-11-2024T10:20:25 - [TEST_STEP][PASSED] - path = <not implemented yet for class: org.codehaus.groovy.ast.expr.EmptyExpression>: null

18-11-2024T10:20:25 - [TEST_STEP][PASSED] - typeOfDataMain = <not implemented yet for class: org.codehaus.groovy.ast.expr.EmptyExpression>: null

18-11-2024T10:20:25 - [TEST_STEP][PASSED] - fileOtpuskVSet = <not implemented yet for class: org.codehaus.groovy.ast.expr.EmptyExpression>: null

18-11-2024T10:20:25 - [TEST_STEP][PASSED] - pageOtpuskVSet = <not implemented yet for class: org.codehaus.groovy.ast.expr.EmptyExpression>: null

18-11-2024T10:20:25 - [TEST_STEP][PASSED] - filePoteri = <not implemented yet for class: org.codehaus.groovy.ast.expr.EmptyExpression>: null

18-11-2024T10:20:25 - [TEST_STEP][PASSED] - pagePoteri = <not implemented yet for class: org.codehaus.groovy.ast.expr.EmptyExpression>: null

18-11-2024T10:20:25 - [TEST_STEP][PASSED] - compare = <not implemented yet for class: org.codehaus.groovy.ast.expr.EmptyExpression>: null

18-11-2024T10:20:25 - [TEST_STEP][PASSED] - b = <not implemented yet for class: org.codehaus.groovy.ast.expr.EmptyExpression>: null

18-11-2024T10:20:25 - [TEST_STEP][PASSED] - i = <not implemented yet for class: org.codehaus.groovy.ast.expr.EmptyExpression>: null

18-11-2024T10:20:25 - [TEST_STEP][PASSED] - ii = <not implemented yet for class: org.codehaus.groovy.ast.expr.EmptyExpression>: null

18-11-2024T10:20:25 - [TEST_STEP][PASSED] - c = <not implemented yet for class: org.codehaus.groovy.ast.expr.EmptyExpression>: null

18-11-2024T10:20:25 - [TEST_STEP][PASSED] - numberOfErrors = 0: null

18-11-2024T10:20:25 - [TEST_STEP][PASSED] - if (a == 82): null

18-11-2024T10:20:25 - [TEST_STEP][PASSED] - b = findTestData("PlanFact").getValue(1, a): null

18-11-2024T10:20:26 - [TEST_STEP][PASSED] - i = b.indexOf(" (ГК)"): null

18-11-2024T10:20:26 - [TEST_STEP][PASSED] - if (i > -1): null

18-11-2024T10:20:26 - [TEST_STEP][PASSED] - i = b.indexOf("О ""): null

18-11-2024T10:20:26 - [TEST_STEP][PASSED] - if (i > -1): null

18-11-2024T10:20:26 - [TEST_STEP][PASSED] - i = b.indexOf("О «"): null

18-11-2024T10:20:26 - [TEST_STEP][PASSED] - if (i > -1): null

18-11-2024T10:20:26 - [TEST_STEP][PASSED] - i = b.indexOf("г. "): null

18-11-2024T10:20:26 - [TEST_STEP][PASSED] - if (i > -1): null

18-11-2024T10:20:26 - [TEST_STEP][PASSED] - println(b): null

18-11-2024T10:20:26 - [TEST_STEP][PASSED] - for ([planFact = 1, planFact < 3, (planFact++)]): null

18-11-2024T10:20:26 - [TEST_STEP][PASSED] - if (planFact == 1): null

18-11-2024T10:20:26 - [TEST_STEP][PASSED] - typeOfDataMain = "Факт": null

18-11-2024T10:20:26 - [TEST_STEP][PASSED] - otpusk = findTestData("PlanFact").getValue(5, a): null

18-11-2024T10:20:26 - [TEST_STEP][PASSED] - poteri = findTestData("PlanFact").getValue(6, a): null

18-11-2024T10:20:26 - [TEST_STEP][PASSED] - otpusk = otpusk.replaceAll("\s+", ""): null

18-11-2024T10:20:26 - [TEST_STEP][PASSED] - poteri = poteri.replaceAll("\s+", ""): null

18-11-2024T10:20:26 - [TEST_STEP][PASSED] - typeOfData = typeOfDataMain + " Отпуск в сеть": null

18-11-2024T10:20:26 - [TEST_STEP][PASSED] - if (a == 82): null

18-11-2024T10:20:26 - [TEST_STEP][PASSED] - else if (a == 84): null

18-11-2024T10:20:26 - [TEST_STEP][PASSED] - else if (a == 52 || a == 72 || a == 28 || a == 73 || a == 77 || a == 74 || a == 65 || a == 36 || a == 44 || a == 53 || a == 80 || a == 54 || a == 1 || a == 18 || a == 59 || a == 81): null

18-11-2024T10:20:26 - [TEST_STEP][PASSED] - else: null

18-11-2024T10:20:26 - [TEST_STEP][PASSED] - path = dataFolder + typeOfData + " за отчётный период " + b: null

18-11-2024T10:20:26 - [TEST_STEP][PASSED] - println(path): null

18-11-2024T10:20:26 - [TEST_STEP][PASSED] - page = getText(findTestObject(path)): Text of object 'Object Repository/Выполнение бизнес-плана/Значения со страницы Выполнение бизнес-плана/Факт Отпуск в сеть за отчётный период Севкавказэнерго' is: '1 263 745'

18-11-2024T10:20:26 - [MESSAGE][PASSED] - Text of object 'Object Repository/Выполнение бизнес-плана/Значения со страницы Выполнение бизнес-плана/Факт Отпуск в сеть за отчётный период Севкавказэнерго' is: '1 263 745'

18-11-2024T10:20:26 - [TEST_STEP][PASSED] - page = page.replaceAll("\s+", ""): null

18-11-2024T10:20:26 - [TEST_STEP][PASSED] - fileOtpuskVSet = otpusk.toInteger(): null

18-11-2024T10:20:26 - [TEST_STEP][PASSED] - pageOtpuskVSet = page.toInteger(): null

18-11-2024T10:20:26 - [TEST_STEP][PASSED] - typeOfData = typeOfDataMain + " Потери": null

18-11-2024T10:20:26 - [TEST_STEP][PASSED] - if (a == 82): null

18-11-2024T10:20:26 - [TEST_STEP][PASSED] - else if (a == 84): null

18-11-2024T10:20:26 - [TEST_STEP][PASSED] - else if (a == 52 || a == 72 || a == 28 || a == 73 || a == 77 || a == 74 || a == 65 || a == 36 || a == 44 || a == 53 || a == 80 || a == 54 || a == 1 || a == 18 || a == 59 || a == 81): null

18-11-2024T10:20:26 - [TEST_STEP][PASSED] - else: null

18-11-2024T10:20:26 - [TEST_STEP][PASSED] - path = dataFolder + typeOfData + " за отчётный период " + b: null

18-11-2024T10:20:26 - [TEST_STEP][PASSED] - page = getText(findTestObject(path)): Text of object 'Object Repository/Выполнение бизнес-плана/Значения со страницы Выполнение бизнес-плана/Факт Потери за отчётный период Севкавказэнерго' is: '216 844'

18-11-2024T10:20:26 - [MESSAGE][PASSED] - Text of object 'Object Repository/Выполнение бизнес-плана/Значения со страницы Выполнение бизнес-плана/Факт Потери за отчётный период Севкавказэнерго' is: '216 844'

18-11-2024T10:20:26 - [TEST_STEP][PASSED] - page = page.replaceAll("\s+", ""): null

18-11-2024T10:20:26 - [TEST_STEP][PASSED] - filePoteri = poteri.toInteger(): null

18-11-2024T10:20:26 - [TEST_STEP][PASSED] - pagePoteri = page.toInteger(): null

18-11-2024T10:20:26 - [TEST_STEP][PASSED] - compare = pageOtpuskVSet: null

18-11-2024T10:20:26 - [TEST_STEP][PASSED] - if (compare == fileOtpuskVSet): null

18-11-2024T10:20:26 - [TEST_STEP][PASSED] - else if (compare > fileOtpuskVSet): null

18-11-2024T10:20:26 - [TEST_STEP][PASSED] - compare = compare - 1: null

18-11-2024T10:20:26 - [TEST_STEP][PASSED] - if (compare == fileOtpuskVSet): null

18-11-2024T10:20:26 - [TEST_STEP][PASSED] - else: null

18-11-2024T10:20:26 - [TEST_STEP][PASSED] - numberOfErrors = numberOfErrors + 1: null

18-11-2024T10:20:26 - [TEST_STEP][PASSED] - pageInt = pageOtpuskVSet: null

18-11-2024T10:20:26 - [TEST_STEP][PASSED] - fileInt = fileOtpuskVSet: null

18-11-2024T10:20:26 - [TEST_STEP][PASSED] - typeOfData = typeOfDataMain + " Отпуск в сеть": null

18-11-2024T10:20:26 - [TEST_STEP][PASSED] - Script1718980020443.WriteToExcel(a, typeOfData, todaysDate, pageInt, fileInt, pageDouble, fileDouble, dZO): null

18-11-2024T10:20:26 - [TEST_STEP][PASSED] - sheetName = "Sheet1": null

18-11-2024T10:20:26 - [TEST_STEP][PASSED] - data = findTestData("PlanFact"): null

18-11-2024T10:20:26 - [TEST_STEP][PASSED] - n = data.getRowNumbers() + 1: null

18-11-2024T10:20:26 - [TEST_STEP][PASSED] - year = todaysDate.substring(todaysDate.length() - 4, todaysDate.length()): null

18-11-2024T10:20:26 - [TEST_STEP][PASSED] - y = year.toInteger(): null

18-11-2024T10:20:26 - [TEST_STEP][PASSED] - m = getText(findTestObject("Выполнение бизнес-плана/Период")): Text of object 'Object Repository/Выполнение бизнес-плана/Период' is: '1, 2, 3 кв. 2024 года'

18-11-2024T10:20:27 - [MESSAGE][PASSED] - Text of object 'Object Repository/Выполнение бизнес-плана/Период' is: '1, 2, 3 кв. 2024 года'

18-11-2024T10:20:27 - [TEST_STEP][PASSED] - m = m.substring(0, m.indexOf("2024")): null

18-11-2024T10:20:27 - [TEST_STEP][PASSED] - m = m.trim(): null

18-11-2024T10:20:27 - [TEST_STEP][PASSED] - dashboardName = "Выполнение бизнес-плана": null

18-11-2024T10:20:27 - [TEST_STEP][PASSED] - workbook01 = getWorkbook(excelFilePath): null

18-11-2024T10:20:27 - [TEST_STEP][PASSED] - sheet01 = getExcelSheet(workbook01, sheetName): null

18-11-2024T10:20:27 - [TEST_STEP][PASSED] - setValueToCellByIndex(sheet01, n, 0, dashboardName): null

18-11-2024T10:20:27 - [TEST_STEP][PASSED] - setValueToCellByIndex(sheet01, n, 1, dZO): null

18-11-2024T10:20:27 - [TEST_STEP][PASSED] - setValueToCellByIndex(sheet01, n, 2, typeOfData): null

18-11-2024T10:20:27 - [TEST_STEP][PASSED] - if (typeOfData == "Факт в процентах" || typeOfData == "План в процентах"): null

18-11-2024T10:20:27 - [TEST_STEP][PASSED] - else: null

18-11-2024T10:20:27 - [TEST_STEP][PASSED] - setValueToCellByIndex(sheet01, n, 3, fileInt): null

18-11-2024T10:20:27 - [TEST_STEP][PASSED] - setValueToCellByIndex(sheet01, n, 4, pageInt): null

18-11-2024T10:20:27 - [TEST_STEP][PASSED] - setValueToCellByIndex(sheet01, n, 5, m): null

18-11-2024T10:20:27 - [TEST_STEP][PASSED] - setValueToCellByIndex(sheet01, n, 6, y): null

18-11-2024T10:20:27 - [TEST_STEP][PASSED] - setValueToCellByIndex(sheet01, n, 7, todaysDate): null

18-11-2024T10:20:27 - [TEST_STEP][PASSED] - n = n + 1: null

18-11-2024T10:20:27 - [TEST_STEP][PASSED] - saveWorkbook(excelFilePath, workbook01): null

18-11-2024T10:20:27 - [TEST_STEP][PASSED] - compare = pagePoteri: null

18-11-2024T10:20:27 - [TEST_STEP][PASSED] - if (compare == filePoteri): null

18-11-2024T10:20:27 - [TEST_STEP][PASSED] - else if (compare > filePoteri): null

18-11-2024T10:20:27 - [TEST_STEP][PASSED] - compare = compare - 1: null

18-11-2024T10:20:27 - [TEST_STEP][PASSED] - if (compare == filePoteri): null

18-11-2024T10:20:27 - [TEST_STEP][PASSED] - else: null

18-11-2024T10:20:27 - [TEST_STEP][PASSED] - numberOfErrors = numberOfErrors + 1: null

18-11-2024T10:20:27 - [TEST_STEP][PASSED] - pageInt = pagePoteri: null

18-11-2024T10:20:27 - [TEST_STEP][PASSED] - fileInt = filePoteri: null

18-11-2024T10:20:27 - [TEST_STEP][PASSED] - typeOfData = typeOfDataMain + " Потери": null

18-11-2024T10:20:27 - [TEST_STEP][PASSED] - Script1718980020443.WriteToExcel(a, typeOfData, todaysDate, pageInt, fileInt, pageDouble, fileDouble, dZO): null

18-11-2024T10:20:27 - [TEST_STEP][PASSED] - sheetName = "Sheet1": null

18-11-2024T10:20:27 - [TEST_STEP][PASSED] - data = findTestData("PlanFact"): null

18-11-2024T10:20:27 - [TEST_STEP][PASSED] - n = data.getRowNumbers() + 1: null

18-11-2024T10:20:27 - [TEST_STEP][PASSED] - year = todaysDate.substring(todaysDate.length() - 4, todaysDate.length()): null

18-11-2024T10:20:27 - [TEST_STEP][PASSED] - y = year.toInteger(): null

18-11-2024T10:20:27 - [TEST_STEP][PASSED] - m = getText(findTestObject("Выполнение бизнес-плана/Период")): Text of object 'Object Repository/Выполнение бизнес-плана/Период' is: '1, 2, 3 кв. 2024 года'

18-11-2024T10:20:27 - [MESSAGE][PASSED] - Text of object 'Object Repository/Выполнение бизнес-плана/Период' is: '1, 2, 3 кв. 2024 года'

18-11-2024T10:20:27 - [TEST_STEP][PASSED] - m = m.substring(0, m.indexOf("2024")): null

18-11-2024T10:20:27 - [TEST_STEP][PASSED] - m = m.trim(): null

18-11-2024T10:20:27 - [TEST_STEP][PASSED] - dashboardName = "Выполнение бизнес-плана": null

18-11-2024T10:20:27 - [TEST_STEP][PASSED] - workbook01 = getWorkbook(excelFilePath): null

18-11-2024T10:20:27 - [TEST_STEP][PASSED] - sheet01 = getExcelSheet(workbook01, sheetName): null

18-11-2024T10:20:27 - [TEST_STEP][PASSED] - setValueToCellByIndex(sheet01, n, 0, dashboardName): null

18-11-2024T10:20:27 - [TEST_STEP][PASSED] - setValueToCellByIndex(sheet01, n, 1, dZO): null

18-11-2024T10:20:27 - [TEST_STEP][PASSED] - setValueToCellByIndex(sheet01, n, 2, typeOfData): null

18-11-2024T10:20:27 - [TEST_STEP][PASSED] - if (typeOfData == "Факт в процентах" || typeOfData == "План в процентах"): null

18-11-2024T10:20:27 - [TEST_STEP][PASSED] - else: null

18-11-2024T10:20:27 - [TEST_STEP][PASSED] - setValueToCellByIndex(sheet01, n, 3, fileInt): null

18-11-2024T10:20:27 - [TEST_STEP][PASSED] - setValueToCellByIndex(sheet01, n, 4, pageInt): null

18-11-2024T10:20:27 - [TEST_STEP][PASSED] - setValueToCellByIndex(sheet01, n, 5, m): null

18-11-2024T10:20:27 - [TEST_STEP][PASSED] - setValueToCellByIndex(sheet01, n, 6, y): null

18-11-2024T10:20:27 - [TEST_STEP][PASSED] - setValueToCellByIndex(sheet01, n, 7, todaysDate): null

18-11-2024T10:20:27 - [TEST_STEP][PASSED] - n = n + 1: null

18-11-2024T10:20:27 - [TEST_STEP][PASSED] - saveWorkbook(excelFilePath, workbook01): null

18-11-2024T10:20:28 - [TEST_STEP][PASSED] - if (planFact == 2): null

18-11-2024T10:20:28 - [TEST_STEP][PASSED] - if (planFact == 1): null

18-11-2024T10:20:28 - [TEST_STEP][PASSED] - else if (planFact == 2): null

18-11-2024T10:20:28 - [TEST_STEP][PASSED] - click(findTestObject("Выполнение бизнес-плана/Кнопка План")): Object: 'Object Repository/Выполнение бизнес-плана/Кнопка План' is clicked on

18-11-2024T10:20:28 - [MESSAGE][PASSED] - Object: 'Object Repository/Выполнение бизнес-плана/Кнопка План' is clicked on

18-11-2024T10:20:28 - [TEST_STEP][PASSED] - typeOfDataMain = "План": null

18-11-2024T10:20:28 - [TEST_STEP][PASSED] - otpusk = findTestData("PlanFact").getValue(2, a): null

18-11-2024T10:20:28 - [TEST_STEP][PASSED] - poteri = findTestData("PlanFact").getValue(3, a): null

18-11-2024T10:20:28 - [TEST_STEP][PASSED] - otpusk = otpusk.replaceAll("\s+", ""): null

18-11-2024T10:20:28 - [TEST_STEP][PASSED] - poteri = poteri.replaceAll("\s+", ""): null

18-11-2024T10:20:28 - [TEST_STEP][PASSED] - typeOfData = typeOfDataMain + " Отпуск в сеть": null

18-11-2024T10:20:28 - [TEST_STEP][PASSED] - if (a == 82): null

18-11-2024T10:20:28 - [TEST_STEP][PASSED] - else if (a == 84): null

18-11-2024T10:20:28 - [TEST_STEP][PASSED] - else if (a == 52 || a == 72 || a == 28 || a == 73 || a == 77 || a == 74 || a == 65 || a == 36 || a == 44 || a == 53 || a == 80 || a == 54 || a == 1 || a == 18 || a == 59 || a == 81): null

18-11-2024T10:20:28 - [TEST_STEP][PASSED] - else: null

18-11-2024T10:20:28 - [TEST_STEP][PASSED] - path = dataFolder + typeOfData + " за отчётный период " + b: null

18-11-2024T10:20:28 - [TEST_STEP][PASSED] - println(path): null

18-11-2024T10:20:28 - [TEST_STEP][PASSED] - page = getText(findTestObject(path)): Text of object 'Object Repository/Выполнение бизнес-плана/Значения со страницы Выполнение бизнес-плана/План Отпуск в сеть за отчётный период Севкавказэнерго' is: '1 225 365'

18-11-2024T10:20:28 - [MESSAGE][PASSED] - Text of object 'Object Repository/Выполнение бизнес-плана/Значения со страницы Выполнение бизнес-плана/План Отпуск в сеть за отчётный период Севкавказэнерго' is: '1 225 365'

18-11-2024T10:20:28 - [TEST_STEP][PASSED] - page = page.replaceAll("\s+", ""): null

18-11-2024T10:20:28 - [TEST_STEP][PASSED] - fileOtpuskVSet = otpusk.toInteger(): null

18-11-2024T10:20:28 - [TEST_STEP][PASSED] - pageOtpuskVSet = page.toInteger(): null

18-11-2024T10:20:28 - [TEST_STEP][PASSED] - typeOfData = typeOfDataMain + " Потери": null

18-11-2024T10:20:28 - [TEST_STEP][PASSED] - if (a == 82): null

18-11-2024T10:20:28 - [TEST_STEP][PASSED] - else if (a == 84): null

18-11-2024T10:20:28 - [TEST_STEP][PASSED] - else if (a == 52 || a == 72 || a == 28 || a == 73 || a == 77 || a == 74 || a == 65 || a == 36 || a == 44 || a == 53 || a == 80 || a == 54 || a == 1 || a == 18 || a == 59 || a == 81): null

18-11-2024T10:20:28 - [TEST_STEP][PASSED] - else: null

18-11-2024T10:20:28 - [TEST_STEP][PASSED] - path = dataFolder + typeOfData + " за отчётный период " + b: null

18-11-2024T10:20:28 - [TEST_STEP][PASSED] - page = getText(findTestObject(path)): Text of object 'Object Repository/Выполнение бизнес-плана/Значения со страницы Выполнение бизнес-плана/План Потери за отчётный период Севкавказэнерго' is: '208 743'

18-11-2024T10:20:29 - [MESSAGE][PASSED] - Text of object 'Object Repository/Выполнение бизнес-плана/Значения со страницы Выполнение бизнес-плана/План Потери за отчётный период Севкавказэнерго' is: '208 743'

18-11-2024T10:20:29 - [TEST_STEP][PASSED] - page = page.replaceAll("\s+", ""): null

18-11-2024T10:20:29 - [TEST_STEP][PASSED] - filePoteri = poteri.toInteger(): null

18-11-2024T10:20:29 - [TEST_STEP][PASSED] - pagePoteri = page.toInteger(): null

18-11-2024T10:20:29 - [TEST_STEP][PASSED] - compare = pageOtpuskVSet: null

18-11-2024T10:20:29 - [TEST_STEP][PASSED] - if (compare == fileOtpuskVSet): null

18-11-2024T10:20:29 - [TEST_STEP][PASSED] - else if (compare > fileOtpuskVSet): null

18-11-2024T10:20:29 - [TEST_STEP][PASSED] - else if (compare < fileOtpuskVSet): null

18-11-2024T10:20:29 - [TEST_STEP][PASSED] - compare = compare + 1: null

18-11-2024T10:20:29 - [TEST_STEP][PASSED] - if (compare == fileOtpuskVSet): null

18-11-2024T10:20:29 - [TEST_STEP][PASSED] - else: null

18-11-2024T10:20:29 - [TEST_STEP][PASSED] - numberOfErrors = numberOfErrors + 1: null

18-11-2024T10:20:29 - [TEST_STEP][PASSED] - pageInt = pageOtpuskVSet: null

18-11-2024T10:20:29 - [TEST_STEP][PASSED] - fileInt = fileOtpuskVSet: null

18-11-2024T10:20:29 - [TEST_STEP][PASSED] - typeOfData = typeOfDataMain + " Отпуск в сеть": null

18-11-2024T10:20:29 - [TEST_STEP][PASSED] - Script1718980020443.WriteToExcel(a, typeOfData, todaysDate, pageInt, fileInt, pageDouble, fileDouble, dZO): null

18-11-2024T10:20:29 - [TEST_STEP][PASSED] - sheetName = "Sheet1": null

18-11-2024T10:20:29 - [TEST_STEP][PASSED] - data = findTestData("PlanFact"): null

18-11-2024T10:20:29 - [TEST_STEP][PASSED] - n = data.getRowNumbers() + 1: null

18-11-2024T10:20:29 - [TEST_STEP][PASSED] - year = todaysDate.substring(todaysDate.length() - 4, todaysDate.length()): null

18-11-2024T10:20:29 - [TEST_STEP][PASSED] - y = year.toInteger(): null

18-11-2024T10:20:29 - [TEST_STEP][PASSED] - m = getText(findTestObject("Выполнение бизнес-плана/Период")): Text of object 'Object Repository/Выполнение бизнес-плана/Период' is: '1, 2, 3 кв. 2024 года'

18-11-2024T10:20:29 - [MESSAGE][PASSED] - Text of object 'Object Repository/Выполнение бизнес-плана/Период' is: '1, 2, 3 кв. 2024 года'

18-11-2024T10:20:29 - [TEST_STEP][PASSED] - m = m.substring(0, m.indexOf("2024")): null

18-11-2024T10:20:29 - [TEST_STEP][PASSED] - m = m.trim(): null

18-11-2024T10:20:29 - [TEST_STEP][PASSED] - dashboardName = "Выполнение бизнес-плана": null

18-11-2024T10:20:29 - [TEST_STEP][PASSED] - workbook01 = getWorkbook(excelFilePath): null

18-11-2024T10:20:29 - [TEST_STEP][PASSED] - sheet01 = getExcelSheet(workbook01, sheetName): null

18-11-2024T10:20:29 - [TEST_STEP][PASSED] - setValueToCellByIndex(sheet01, n, 0, dashboardName): null

18-11-2024T10:20:29 - [TEST_STEP][PASSED] - setValueToCellByIndex(sheet01, n, 1, dZO): null

18-11-2024T10:20:29 - [TEST_STEP][PASSED] - setValueToCellByIndex(sheet01, n, 2, typeOfData): null

18-11-2024T10:20:29 - [TEST_STEP][PASSED] - if (typeOfData == "Факт в процентах" || typeOfData == "План в процентах"): null

18-11-2024T10:20:29 - [TEST_STEP][PASSED] - else: null

18-11-2024T10:20:29 - [TEST_STEP][PASSED] - setValueToCellByIndex(sheet01, n, 3, fileInt): null

18-11-2024T10:20:29 - [TEST_STEP][PASSED] - setValueToCellByIndex(sheet01, n, 4, pageInt): null

18-11-2024T10:20:29 - [TEST_STEP][PASSED] - setValueToCellByIndex(sheet01, n, 5, m): null

18-11-2024T10:20:29 - [TEST_STEP][PASSED] - setValueToCellByIndex(sheet01, n, 6, y): null

18-11-2024T10:20:29 - [TEST_STEP][PASSED] - setValueToCellByIndex(sheet01, n, 7, todaysDate): null

18-11-2024T10:20:29 - [TEST_STEP][PASSED] - n = n + 1: null

18-11-2024T10:20:29 - [TEST_STEP][PASSED] - saveWorkbook(excelFilePath, workbook01): null

18-11-2024T10:20:29 - [TEST_STEP][PASSED] - compare = pagePoteri: null

18-11-2024T10:20:29 - [TEST_STEP][PASSED] - if (compare == filePoteri): null

18-11-2024T10:20:29 - [TEST_STEP][PASSED] - else if (compare > filePoteri): null

18-11-2024T10:20:29 - [TEST_STEP][PASSED] - else if (compare < filePoteri): null

18-11-2024T10:20:29 - [TEST_STEP][PASSED] - compare = compare + 1: null

18-11-2024T10:20:29 - [TEST_STEP][PASSED] - if (compare == filePoteri): null

18-11-2024T10:20:29 - [TEST_STEP][PASSED] - else: null

18-11-2024T10:20:29 - [TEST_STEP][PASSED] - numberOfErrors = numberOfErrors + 1: null

18-11-2024T10:20:29 - [TEST_STEP][PASSED] - pageInt = pagePoteri: null

18-11-2024T10:20:29 - [TEST_STEP][PASSED] - fileInt = filePoteri: null

18-11-2024T10:20:29 - [TEST_STEP][PASSED] - typeOfData = typeOfDataMain + " Потери": null

18-11-2024T10:20:29 - [TEST_STEP][PASSED] - Script1718980020443.WriteToExcel(a, typeOfData, todaysDate, pageInt, fileInt, pageDouble, fileDouble, dZO): null

18-11-2024T10:20:29 - [TEST_STEP][PASSED] - sheetName = "Sheet1": null

18-11-2024T10:20:29 - [TEST_STEP][PASSED] - data = findTestData("PlanFact"): null

18-11-2024T10:20:29 - [TEST_STEP][PASSED] - n = data.getRowNumbers() + 1: null

18-11-2024T10:20:29 - [TEST_STEP][PASSED] - year = todaysDate.substring(todaysDate.length() - 4, todaysDate.length()): null

18-11-2024T10:20:29 - [TEST_STEP][PASSED] - y = year.toInteger(): null

18-11-2024T10:20:29 - [TEST_STEP][PASSED] - m = getText(findTestObject("Выполнение бизнес-плана/Период")): Text of object 'Object Repository/Выполнение бизнес-плана/Период' is: '1, 2, 3 кв. 2024 года'

18-11-2024T10:20:30 - [MESSAGE][PASSED] - Text of object 'Object Repository/Выполнение бизнес-плана/Период' is: '1, 2, 3 кв. 2024 года'

18-11-2024T10:20:30 - [TEST_STEP][PASSED] - m = m.substring(0, m.indexOf("2024")): null

18-11-2024T10:20:30 - [TEST_STEP][PASSED] - m = m.trim(): null

18-11-2024T10:20:30 - [TEST_STEP][PASSED] - dashboardName = "Выполнение бизнес-плана": null

18-11-2024T10:20:30 - [TEST_STEP][PASSED] - workbook01 = getWorkbook(excelFilePath): null

18-11-2024T10:20:30 - [TEST_STEP][PASSED] - sheet01 = getExcelSheet(workbook01, sheetName): null

18-11-2024T10:20:30 - [TEST_STEP][PASSED] - setValueToCellByIndex(sheet01, n, 0, dashboardName): null

18-11-2024T10:20:30 - [TEST_STEP][PASSED] - setValueToCellByIndex(sheet01, n, 1, dZO): null

18-11-2024T10:20:30 - [TEST_STEP][PASSED] - setValueToCellByIndex(sheet01, n, 2, typeOfData): null

18-11-2024T10:20:30 - [TEST_STEP][PASSED] - if (typeOfData == "Факт в процентах" || typeOfData == "План в процентах"): null

18-11-2024T10:20:30 - [TEST_STEP][PASSED] - else: null

18-11-2024T10:20:30 - [TEST_STEP][PASSED] - setValueToCellByIndex(sheet01, n, 3, fileInt): null

18-11-2024T10:20:30 - [TEST_STEP][PASSED] - setValueToCellByIndex(sheet01, n, 4, pageInt): null

18-11-2024T10:20:30 - [TEST_STEP][PASSED] - setValueToCellByIndex(sheet01, n, 5, m): null

18-11-2024T10:20:30 - [TEST_STEP][PASSED] - setValueToCellByIndex(sheet01, n, 6, y): null

18-11-2024T10:20:30 - [TEST_STEP][PASSED] - setValueToCellByIndex(sheet01, n, 7, todaysDate): null

18-11-2024T10:20:30 - [TEST_STEP][PASSED] - n = n + 1: null

18-11-2024T10:20:30 - [TEST_STEP][PASSED] - saveWorkbook(excelFilePath, workbook01): Object: 'Object Repository/Выполнение бизнес-плана/Кнопка Факт' is clicked on

18-11-2024T10:20:30 - [TEST_STEP][PASSED] - if (planFact == 2): Object: 'Object Repository/Выполнение бизнес-плана/Кнопка Факт' is clicked on

18-11-2024T10:20:30 - [TEST_STEP][PASSED] - click(findTestObject("Выполнение бизнес-плана/Кнопка Факт")): Object: 'Object Repository/Выполнение бизнес-плана/Кнопка Факт' is clicked on

18-11-2024T10:20:30 - [MESSAGE][PASSED] - Object: 'Object Repository/Выполнение бизнес-плана/Кнопка Факт' is clicked on

18-11-2024T10:20:30 - [TEST_STEP][PASSED] - if (a == 84 || a == 82): null

18-11-2024T10:20:30 - [TEST_STEP][PASSED] - else if (a == 52 || a == 72 || a == 28 || a == 73 || a == 77 || a == 74 || a == 65 || a == 36 || a == 44 || a == 53 || a == 80 || a == 54 || a == 1 || a == 18 || a == 59 || a == 81): null

18-11-2024T10:20:30 - [TEST_STEP][PASSED] - else: null

18-11-2024T10:20:30 - [TEST_STEP][PASSED] - page1 = getText(findTestObject("Object Repository/Выполнение бизнес-плана/spanPlan" + filialNum)): Text of object 'Object Repository/Выполнение бизнес-плана/spanPlan5' is: '17.04
|'

18-11-2024T10:20:31 - [MESSAGE][PASSED] - Text of object 'Object Repository/Выполнение бизнес-плана/spanPlan5' is: '17.04
|'

18-11-2024T10:20:31 - [TEST_STEP][PASSED] - page1 = page1.replace("|", ""): null

18-11-2024T10:20:31 - [TEST_STEP][PASSED] - page2 = getText(findTestObject("Object Repository/Выполнение бизнес-плана/spanFact" + filialNum)): Text of object 'Object Repository/Выполнение бизнес-плана/spanFact5' is: '17.16
|'

18-11-2024T10:20:31 - [MESSAGE][PASSED] - Text of object 'Object Repository/Выполнение бизнес-плана/spanFact5' is: '17.16
|'

18-11-2024T10:20:31 - [TEST_STEP][PASSED] - page2 = page2.replace("|", ""): null

18-11-2024T10:20:31 - [TEST_STEP][PASSED] - println("page1: " + page1): null

18-11-2024T10:20:31 - [TEST_STEP][PASSED] - println("page2: " + page2): null

18-11-2024T10:20:31 - [TEST_STEP][PASSED] - file = findTestData("PlanFact").getValue(4, a): null

18-11-2024T10:20:31 - [TEST_STEP][PASSED] - file = file.replace(",", "."): null

18-11-2024T10:20:31 - [TEST_STEP][PASSED] - println("file Plan: " + file): null

18-11-2024T10:20:31 - [TEST_STEP][PASSED] - typeOfData = "План в процентах": null

18-11-2024T10:20:31 - [TEST_STEP][PASSED] - fileDouble = file.toDouble(): null

18-11-2024T10:20:31 - [TEST_STEP][PASSED] - pageDouble = page1.toDouble(): null

18-11-2024T10:20:31 - [TEST_STEP][PASSED] - if (fileDouble != pageDouble): null

18-11-2024T10:20:31 - [TEST_STEP][PASSED] - numberOfErrors = numberOfErrors + 1: null

18-11-2024T10:20:31 - [TEST_STEP][PASSED] - Script1718980020443.WriteToExcel(a, typeOfData, todaysDate, pageInt, fileInt, pageDouble, fileDouble, dZO): null

18-11-2024T10:20:31 - [TEST_STEP][PASSED] - sheetName = "Sheet1": null

18-11-2024T10:20:31 - [TEST_STEP][PASSED] - data = findTestData("PlanFact"): null

18-11-2024T10:20:31 - [TEST_STEP][PASSED] - n = data.getRowNumbers() + 1: null

18-11-2024T10:20:31 - [TEST_STEP][PASSED] - year = todaysDate.substring(todaysDate.length() - 4, todaysDate.length()): null

18-11-2024T10:20:31 - [TEST_STEP][PASSED] - y = year.toInteger(): null

18-11-2024T10:20:31 - [TEST_STEP][PASSED] - m = getText(findTestObject("Выполнение бизнес-плана/Период")): Text of object 'Object Repository/Выполнение бизнес-плана/Период' is: '1, 2, 3 кв. 2024 года'

18-11-2024T10:20:31 - [MESSAGE][PASSED] - Text of object 'Object Repository/Выполнение бизнес-плана/Период' is: '1, 2, 3 кв. 2024 года'

18-11-2024T10:20:31 - [TEST_STEP][PASSED] - m = m.substring(0, m.indexOf("2024")): null

18-11-2024T10:20:31 - [TEST_STEP][PASSED] - m = m.trim(): null

18-11-2024T10:20:31 - [TEST_STEP][PASSED] - dashboardName = "Выполнение бизнес-плана": null

18-11-2024T10:20:31 - [TEST_STEP][PASSED] - workbook01 = getWorkbook(excelFilePath): null

18-11-2024T10:20:31 - [TEST_STEP][PASSED] - sheet01 = getExcelSheet(workbook01, sheetName): null

18-11-2024T10:20:31 - [TEST_STEP][PASSED] - setValueToCellByIndex(sheet01, n, 0, dashboardName): null

18-11-2024T10:20:31 - [TEST_STEP][PASSED] - setValueToCellByIndex(sheet01, n, 1, dZO): null

18-11-2024T10:20:31 - [TEST_STEP][PASSED] - setValueToCellByIndex(sheet01, n, 2, typeOfData): null

18-11-2024T10:20:31 - [TEST_STEP][PASSED] - if (typeOfData == "Факт в процентах" || typeOfData == "План в процентах"): null

18-11-2024T10:20:31 - [TEST_STEP][PASSED] - setValueToCellByIndex(sheet01, n, 3, fileDouble): null

18-11-2024T10:20:31 - [TEST_STEP][PASSED] - setValueToCellByIndex(sheet01, n, 4, pageDouble): null

18-11-2024T10:20:31 - [TEST_STEP][PASSED] - setValueToCellByIndex(sheet01, n, 5, m): null

18-11-2024T10:20:31 - [TEST_STEP][PASSED] - setValueToCellByIndex(sheet01, n, 6, y): null

18-11-2024T10:20:31 - [TEST_STEP][PASSED] - setValueToCellByIndex(sheet01, n, 7, todaysDate): null

18-11-2024T10:20:31 - [TEST_STEP][PASSED] - n = n + 1: null

18-11-2024T10:20:31 - [TEST_STEP][PASSED] - saveWorkbook(excelFilePath, workbook01): null

18-11-2024T10:20:32 - [TEST_STEP][PASSED] - file = findTestData("PlanFact").getValue(7, a): null

18-11-2024T10:20:32 - [TEST_STEP][PASSED] - file = file.replace(",", "."): null

18-11-2024T10:20:32 - [TEST_STEP][PASSED] - println("file Fact: " + file): null

18-11-2024T10:20:32 - [TEST_STEP][PASSED] - fileDouble = file.toDouble(): null

18-11-2024T10:20:32 - [TEST_STEP][PASSED] - typeOfData = "Факт в процентах": null

18-11-2024T10:20:32 - [TEST_STEP][PASSED] - fileDouble = file.toDouble(): null

18-11-2024T10:20:32 - [TEST_STEP][PASSED] - pageDouble = page2.toDouble(): null

18-11-2024T10:20:32 - [TEST_STEP][PASSED] - if (fileDouble != pageDouble): null

18-11-2024T10:20:32 - [TEST_STEP][PASSED] - numberOfErrors = numberOfErrors + 1: null

18-11-2024T10:20:32 - [TEST_STEP][PASSED] - Script1718980020443.WriteToExcel(a, typeOfData, todaysDate, pageInt, fileInt, pageDouble, fileDouble, dZO): null

18-11-2024T10:20:32 - [TEST_STEP][PASSED] - sheetName = "Sheet1": null

18-11-2024T10:20:32 - [TEST_STEP][PASSED] - data = findTestData("PlanFact"): null

18-11-2024T10:20:32 - [TEST_STEP][PASSED] - n = data.getRowNumbers() + 1: null

18-11-2024T10:20:32 - [TEST_STEP][PASSED] - year = todaysDate.substring(todaysDate.length() - 4, todaysDate.length()): null

18-11-2024T10:20:32 - [TEST_STEP][PASSED] - y = year.toInteger(): null

18-11-2024T10:20:32 - [TEST_STEP][PASSED] - m = getText(findTestObject("Выполнение бизнес-плана/Период")): Text of object 'Object Repository/Выполнение бизнес-плана/Период' is: '1, 2, 3 кв. 2024 года'

18-11-2024T10:20:32 - [MESSAGE][PASSED] - Text of object 'Object Repository/Выполнение бизнес-плана/Период' is: '1, 2, 3 кв. 2024 года'

18-11-2024T10:20:32 - [TEST_STEP][PASSED] - m = m.substring(0, m.indexOf("2024")): null

18-11-2024T10:20:32 - [TEST_STEP][PASSED] - m = m.trim(): null

18-11-2024T10:20:32 - [TEST_STEP][PASSED] - dashboardName = "Выполнение бизнес-плана": null

18-11-2024T10:20:32 - [TEST_STEP][PASSED] - workbook01 = getWorkbook(excelFilePath): null

18-11-2024T10:20:32 - [TEST_STEP][PASSED] - sheet01 = getExcelSheet(workbook01, sheetName): null

18-11-2024T10:20:32 - [TEST_STEP][PASSED] - setValueToCellByIndex(sheet01, n, 0, dashboardName): null

18-11-2024T10:20:32 - [TEST_STEP][PASSED] - setValueToCellByIndex(sheet01, n, 1, dZO): null

18-11-2024T10:20:32 - [TEST_STEP][PASSED] - setValueToCellByIndex(sheet01, n, 2, typeOfData): null

18-11-2024T10:20:32 - [TEST_STEP][PASSED] - if (typeOfData == "Факт в процентах" || typeOfData == "План в процентах"): null

18-11-2024T10:20:32 - [TEST_STEP][PASSED] - setValueToCellByIndex(sheet01, n, 3, fileDouble): null

18-11-2024T10:20:32 - [TEST_STEP][PASSED] - setValueToCellByIndex(sheet01, n, 4, pageDouble): null

18-11-2024T10:20:32 - [TEST_STEP][PASSED] - setValueToCellByIndex(sheet01, n, 5, m): null

18-11-2024T10:20:32 - [TEST_STEP][PASSED] - setValueToCellByIndex(sheet01, n, 6, y): null

18-11-2024T10:20:32 - [TEST_STEP][PASSED] - setValueToCellByIndex(sheet01, n, 7, todaysDate): null

18-11-2024T10:20:32 - [TEST_STEP][PASSED] - n = n + 1: null

18-11-2024T10:20:32 - [TEST_STEP][PASSED] - saveWorkbook(excelFilePath, workbook01): null

18-11-2024T10:20:32 - [TEST_STEP][FAILED] - if (verifyEqual(numberOfErrors, 0) == false): null

18-11-2024T10:20:32 - [MESSAGE][FAILED] - Unable to verify equal between actual object '6' and expected object '0' (Root cause: com.kms.katalon.core.exception.StepFailedException: Actual object '6' and expected object '0' are not equal
	at com.kms.katalon.core.keyword.builtin.VerifyEqualKeyword$_verifyEqual_closure1.doCall(VerifyEqualKeyword.groovy:58)
	at com.kms.katalon.core.keyword.builtin.VerifyEqualKeyword$_verifyEqual_closure1.call(VerifyEqualKeyword.groovy)
	at com.kms.katalon.core.keyword.internal.KeywordMain.runKeyword(KeywordMain.groovy:75)
	at com.kms.katalon.core.keyword.builtin.VerifyEqualKeyword.verifyEqual(VerifyEqualKeyword.groovy:63)
	at com.kms.katalon.core.keyword.builtin.VerifyEqualKeyword.execute(VerifyEqualKeyword.groovy:44)
	at com.kms.katalon.core.keyword.internal.KeywordExecutor.executeKeywordForPlatform(KeywordExecutor.groovy:74)
	at com.kms.katalon.core.keyword.BuiltinKeywords.verifyEqual(BuiltinKeywords.groovy:146)
	at java.base/jdk.internal.reflect.NativeMethodAccessorImpl.invoke0(Native Method)
	at java.base/jdk.internal.reflect.NativeMethodAccessorImpl.invoke(NativeMethodAccessorImpl.java:77)
	at java.base/jdk.internal.reflect.DelegatingMethodAccessorImpl.invoke(DelegatingMethodAccessorImpl.java:43)
	at Выполнение бизнес-плана Сверка ПАО Россети все филиалы.Numbers(Выполнение бизнес-плана Сверка ПАО Россети все филиалы:740)
	at Выполнение бизнес-плана Сверка ПАО Россети все филиалы.Filials(Выполнение бизнес-плана Сверка ПАО Россети все филиалы:1123)
	at Выполнение бизнес-плана Сверка ПАО Россети все филиалы.Numbers(Выполнение бизнес-плана Сверка ПАО Россети все филиалы:745)
	at Выполнение бизнес-плана Сверка ПАО Россети все филиалы.run(Выполнение бизнес-плана Сверка ПАО Россети все филиалы:304)
	at com.kms.katalon.core.main.ScriptEngine.run(ScriptEngine.java:194)
	at com.kms.katalon.core.main.ScriptEngine.runScriptAsRawText(ScriptEngine.java:119)
	at com.kms.katalon.core.main.TestCaseExecutor.runScript(TestCaseExecutor.java:448)
	at com.kms.katalon.core.main.TestCaseExecutor.doExecute(TestCaseExecutor.java:439)
	at com.kms.katalon.core.main.TestCaseExecutor.processExecutionPhase(TestCaseExecutor.java:418)
	at com.kms.katalon.core.main.TestCaseExecutor.accessMainPhase(TestCaseExecutor.java:410)
	at com.kms.katalon.core.main.TestCaseExecutor.execute(TestCaseExecutor.java:285)
	at com.kms.katalon.core.common.CommonExecutor.accessTestCaseMainPhase(CommonExecutor.java:65)
	at com.kms.katalon.core.main.TestSuiteExecutor.accessTestSuiteMainPhase(TestSuiteExecutor.java:150)
	at com.kms.katalon.core.main.TestSuiteExecutor.execute(TestSuiteExecutor.java:106)
	at com.kms.katalon.core.main.TestCaseMain.startTestSuite(TestCaseMain.java:180)
	at TempTestSuite1731913737709.run(TempTestSuite1731913737709.groovy:35)
	at java.base/jdk.internal.reflect.NativeMethodAccessorImpl.invoke0(Native Method)
	at java.base/jdk.internal.reflect.NativeMethodAccessorImpl.invoke(NativeMethodAccessorImpl.java:77)
	at java.base/jdk.internal.reflect.DelegatingMethodAccessorImpl.invoke(DelegatingMethodAccessorImpl.java:43)
)

18-11-2024T10:20:32 - [TEST_STEP][PASSED] - println(numberOfErrors): null

18-11-2024T10:20:32 - [TEST_STEP][PASSED] - if (a == 28 || a == 77 || a == 74 || a == 65 || a == 36 || a == 44 || a == 54 || a == 1 || a == 18 || a == 59): null

18-11-2024T10:20:32 - [TEST_STEP][PASSED] - if (a == 82): null

18-11-2024T10:20:32 - [TEST_STEP][PASSED] - dZO = "Ставропольэнерго": null

18-11-2024T10:20:32 - [TEST_STEP][PASSED] - a = 69: null

18-11-2024T10:20:32 - [TEST_STEP][PASSED] - if (x2.contains(dZO)): null

18-11-2024T10:20:32 - [TEST_STEP][PASSED] - filialNum = filialNum + 1: null

18-11-2024T10:20:32 - [TEST_STEP][PASSED] - Script1718980020443.Numbers(a, typeOfData, todaysDate, pageInt, fileInt, pageDouble, fileDouble, dZO, dzoNum, filialNum): null

18-11-2024T10:20:32 - [TEST_STEP][PASSED] - println(dzoNum): null

18-11-2024T10:20:32 - [TEST_STEP][PASSED] - planFact = <not implemented yet for class: org.codehaus.groovy.ast.expr.EmptyExpression>: null

18-11-2024T10:20:32 - [TEST_STEP][PASSED] - page = <not implemented yet for class: org.codehaus.groovy.ast.expr.EmptyExpression>: null

18-11-2024T10:20:32 - [TEST_STEP][PASSED] - page1 = <not implemented yet for class: org.codehaus.groovy.ast.expr.EmptyExpression>: null

18-11-2024T10:20:32 - [TEST_STEP][PASSED] - page2 = <not implemented yet for class: org.codehaus.groovy.ast.expr.EmptyExpression>: null

18-11-2024T10:20:32 - [TEST_STEP][PASSED] - filialNumberInRow = <not implemented yet for class: org.codehaus.groovy.ast.expr.EmptyExpression>: null

18-11-2024T10:20:32 - [TEST_STEP][PASSED] - filialsDzoNames = <not implemented yet for class: org.codehaus.groovy.ast.expr.EmptyExpression>: null

18-11-2024T10:20:32 - [TEST_STEP][PASSED] - numberOfFilials = <not implemented yet for class: org.codehaus.groovy.ast.expr.EmptyExpression>: null

18-11-2024T10:20:32 - [TEST_STEP][PASSED] - numberOfSpaces = <not implemented yet for class: org.codehaus.groovy.ast.expr.EmptyExpression>: null

18-11-2024T10:20:32 - [TEST_STEP][PASSED] - file = <not implemented yet for class: org.codehaus.groovy.ast.expr.EmptyExpression>: null

18-11-2024T10:20:32 - [TEST_STEP][PASSED] - otpusk = <not implemented yet for class: org.codehaus.groovy.ast.expr.EmptyExpression>: null

18-11-2024T10:20:32 - [TEST_STEP][PASSED] - poteri = <not implemented yet for class: org.codehaus.groovy.ast.expr.EmptyExpression>: null

18-11-2024T10:20:32 - [TEST_STEP][PASSED] - dataFolder = "Выполнение бизнес-плана/Значения со страницы Выполнение бизнес-плана/": null

18-11-2024T10:20:32 - [TEST_STEP][PASSED] - path = <not implemented yet for class: org.codehaus.groovy.ast.expr.EmptyExpression>: null

18-11-2024T10:20:32 - [TEST_STEP][PASSED] - typeOfDataMain = <not implemented yet for class: org.codehaus.groovy.ast.expr.EmptyExpression>: null

18-11-2024T10:20:32 - [TEST_STEP][PASSED] - fileOtpuskVSet = <not implemented yet for class: org.codehaus.groovy.ast.expr.EmptyExpression>: null

18-11-2024T10:20:32 - [TEST_STEP][PASSED] - pageOtpuskVSet = <not implemented yet for class: org.codehaus.groovy.ast.expr.EmptyExpression>: null

18-11-2024T10:20:32 - [TEST_STEP][PASSED] - filePoteri = <not implemented yet for class: org.codehaus.groovy.ast.expr.EmptyExpression>: null

18-11-2024T10:20:32 - [TEST_STEP][PASSED] - pagePoteri = <not implemented yet for class: org.codehaus.groovy.ast.expr.EmptyExpression>: null

18-11-2024T10:20:32 - [TEST_STEP][PASSED] - compare = <not implemented yet for class: org.codehaus.groovy.ast.expr.EmptyExpression>: null

18-11-2024T10:20:32 - [TEST_STEP][PASSED] - b = <not implemented yet for class: org.codehaus.groovy.ast.expr.EmptyExpression>: null

18-11-2024T10:20:32 - [TEST_STEP][PASSED] - i = <not implemented yet for class: org.codehaus.groovy.ast.expr.EmptyExpression>: null

18-11-2024T10:20:32 - [TEST_STEP][PASSED] - ii = <not implemented yet for class: org.codehaus.groovy.ast.expr.EmptyExpression>: null

18-11-2024T10:20:32 - [TEST_STEP][PASSED] - c = <not implemented yet for class: org.codehaus.groovy.ast.expr.EmptyExpression>: null

18-11-2024T10:20:32 - [TEST_STEP][PASSED] - numberOfErrors = 0: null

18-11-2024T10:20:32 - [TEST_STEP][PASSED] - if (a == 82): null

18-11-2024T10:20:32 - [TEST_STEP][PASSED] - b = findTestData("PlanFact").getValue(1, a): null

18-11-2024T10:20:32 - [TEST_STEP][PASSED] - i = b.indexOf(" (ГК)"): null

18-11-2024T10:20:32 - [TEST_STEP][PASSED] - if (i > -1): null

18-11-2024T10:20:32 - [TEST_STEP][PASSED] - i = b.indexOf("О ""): null

18-11-2024T10:20:32 - [TEST_STEP][PASSED] - if (i > -1): null

18-11-2024T10:20:32 - [TEST_STEP][PASSED] - i = b.indexOf("О «"): null

18-11-2024T10:20:32 - [TEST_STEP][PASSED] - if (i > -1): null

18-11-2024T10:20:32 - [TEST_STEP][PASSED] - i = b.indexOf("г. "): null

18-11-2024T10:20:32 - [TEST_STEP][PASSED] - if (i > -1): null

18-11-2024T10:20:32 - [TEST_STEP][PASSED] - println(b): null

18-11-2024T10:20:32 - [TEST_STEP][PASSED] - for ([planFact = 1, planFact < 3, (planFact++)]): null

18-11-2024T10:20:32 - [TEST_STEP][PASSED] - if (planFact == 1): null

18-11-2024T10:20:32 - [TEST_STEP][PASSED] - typeOfDataMain = "Факт": null

18-11-2024T10:20:32 - [TEST_STEP][PASSED] - otpusk = findTestData("PlanFact").getValue(5, a): null

18-11-2024T10:20:32 - [TEST_STEP][PASSED] - poteri = findTestData("PlanFact").getValue(6, a): null

18-11-2024T10:20:32 - [TEST_STEP][PASSED] - otpusk = otpusk.replaceAll("\s+", ""): null

18-11-2024T10:20:32 - [TEST_STEP][PASSED] - poteri = poteri.replaceAll("\s+", ""): null

18-11-2024T10:20:32 - [TEST_STEP][PASSED] - typeOfData = typeOfDataMain + " Отпуск в сеть": null

18-11-2024T10:20:32 - [TEST_STEP][PASSED] - if (a == 82): null

18-11-2024T10:20:32 - [TEST_STEP][PASSED] - else if (a == 84): null

18-11-2024T10:20:32 - [TEST_STEP][PASSED] - else if (a == 52 || a == 72 || a == 28 || a == 73 || a == 77 || a == 74 || a == 65 || a == 36 || a == 44 || a == 53 || a == 80 || a == 54 || a == 1 || a == 18 || a == 59 || a == 81): null

18-11-2024T10:20:32 - [TEST_STEP][PASSED] - else: null

18-11-2024T10:20:32 - [TEST_STEP][PASSED] - path = dataFolder + typeOfData + " за отчётный период " + b: null

18-11-2024T10:20:32 - [TEST_STEP][PASSED] - println(path): null

18-11-2024T10:20:32 - [TEST_STEP][PASSED] - page = getText(findTestObject(path)): Text of object 'Object Repository/Выполнение бизнес-плана/Значения со страницы Выполнение бизнес-плана/Факт Отпуск в сеть за отчётный период Ставропольэнерго' is: '6 256 622'

18-11-2024T10:20:33 - [MESSAGE][PASSED] - Text of object 'Object Repository/Выполнение бизнес-плана/Значения со страницы Выполнение бизнес-плана/Факт Отпуск в сеть за отчётный период Ставропольэнерго' is: '6 256 622'

18-11-2024T10:20:33 - [TEST_STEP][PASSED] - page = page.replaceAll("\s+", ""): null

18-11-2024T10:20:33 - [TEST_STEP][PASSED] - fileOtpuskVSet = otpusk.toInteger(): null

18-11-2024T10:20:33 - [TEST_STEP][PASSED] - pageOtpuskVSet = page.toInteger(): null

18-11-2024T10:20:33 - [TEST_STEP][PASSED] - typeOfData = typeOfDataMain + " Потери": null

18-11-2024T10:20:33 - [TEST_STEP][PASSED] - if (a == 82): null

18-11-2024T10:20:33 - [TEST_STEP][PASSED] - else if (a == 84): null

18-11-2024T10:20:33 - [TEST_STEP][PASSED] - else if (a == 52 || a == 72 || a == 28 || a == 73 || a == 77 || a == 74 || a == 65 || a == 36 || a == 44 || a == 53 || a == 80 || a == 54 || a == 1 || a == 18 || a == 59 || a == 81): null

18-11-2024T10:20:33 - [TEST_STEP][PASSED] - else: null

18-11-2024T10:20:33 - [TEST_STEP][PASSED] - path = dataFolder + typeOfData + " за отчётный период " + b: null

18-11-2024T10:20:33 - [TEST_STEP][PASSED] - page = getText(findTestObject(path)): Text of object 'Object Repository/Выполнение бизнес-плана/Значения со страницы Выполнение бизнес-плана/Факт Потери за отчётный период Ставропольэнерго' is: '526 379'

18-11-2024T10:20:33 - [MESSAGE][PASSED] - Text of object 'Object Repository/Выполнение бизнес-плана/Значения со страницы Выполнение бизнес-плана/Факт Потери за отчётный период Ставропольэнерго' is: '526 379'

18-11-2024T10:20:33 - [TEST_STEP][PASSED] - page = page.replaceAll("\s+", ""): null

18-11-2024T10:20:33 - [TEST_STEP][PASSED] - filePoteri = poteri.toInteger(): null

18-11-2024T10:20:33 - [TEST_STEP][PASSED] - pagePoteri = page.toInteger(): null

18-11-2024T10:20:33 - [TEST_STEP][PASSED] - compare = pageOtpuskVSet: null

18-11-2024T10:20:33 - [TEST_STEP][PASSED] - if (compare == fileOtpuskVSet): null

18-11-2024T10:20:33 - [TEST_STEP][PASSED] - else if (compare > fileOtpuskVSet): null

18-11-2024T10:20:33 - [TEST_STEP][PASSED] - compare = compare - 1: null

18-11-2024T10:20:33 - [TEST_STEP][PASSED] - if (compare == fileOtpuskVSet): null

18-11-2024T10:20:33 - [TEST_STEP][PASSED] - else: null

18-11-2024T10:20:33 - [TEST_STEP][PASSED] - numberOfErrors = numberOfErrors + 1: null

18-11-2024T10:20:33 - [TEST_STEP][PASSED] - pageInt = pageOtpuskVSet: null

18-11-2024T10:20:33 - [TEST_STEP][PASSED] - fileInt = fileOtpuskVSet: null

18-11-2024T10:20:33 - [TEST_STEP][PASSED] - typeOfData = typeOfDataMain + " Отпуск в сеть": null

18-11-2024T10:20:33 - [TEST_STEP][PASSED] - Script1718980020443.WriteToExcel(a, typeOfData, todaysDate, pageInt, fileInt, pageDouble, fileDouble, dZO): null

18-11-2024T10:20:33 - [TEST_STEP][PASSED] - sheetName = "Sheet1": null

18-11-2024T10:20:33 - [TEST_STEP][PASSED] - data = findTestData("PlanFact"): null

18-11-2024T10:20:33 - [TEST_STEP][PASSED] - n = data.getRowNumbers() + 1: null

18-11-2024T10:20:33 - [TEST_STEP][PASSED] - year = todaysDate.substring(todaysDate.length() - 4, todaysDate.length()): null

18-11-2024T10:20:33 - [TEST_STEP][PASSED] - y = year.toInteger(): null

18-11-2024T10:20:33 - [TEST_STEP][PASSED] - m = getText(findTestObject("Выполнение бизнес-плана/Период")): Text of object 'Object Repository/Выполнение бизнес-плана/Период' is: '1, 2, 3 кв. 2024 года'

18-11-2024T10:20:33 - [MESSAGE][PASSED] - Text of object 'Object Repository/Выполнение бизнес-плана/Период' is: '1, 2, 3 кв. 2024 года'

18-11-2024T10:20:33 - [TEST_STEP][PASSED] - m = m.substring(0, m.indexOf("2024")): null

18-11-2024T10:20:33 - [TEST_STEP][PASSED] - m = m.trim(): null

18-11-2024T10:20:33 - [TEST_STEP][PASSED] - dashboardName = "Выполнение бизнес-плана": null

18-11-2024T10:20:33 - [TEST_STEP][PASSED] - workbook01 = getWorkbook(excelFilePath): null

18-11-2024T10:20:34 - [TEST_STEP][PASSED] - sheet01 = getExcelSheet(workbook01, sheetName): null

18-11-2024T10:20:34 - [TEST_STEP][PASSED] - setValueToCellByIndex(sheet01, n, 0, dashboardName): null

18-11-2024T10:20:34 - [TEST_STEP][PASSED] - setValueToCellByIndex(sheet01, n, 1, dZO): null

18-11-2024T10:20:34 - [TEST_STEP][PASSED] - setValueToCellByIndex(sheet01, n, 2, typeOfData): null

18-11-2024T10:20:34 - [TEST_STEP][PASSED] - if (typeOfData == "Факт в процентах" || typeOfData == "План в процентах"): null

18-11-2024T10:20:34 - [TEST_STEP][PASSED] - else: null

18-11-2024T10:20:34 - [TEST_STEP][PASSED] - setValueToCellByIndex(sheet01, n, 3, fileInt): null

18-11-2024T10:20:34 - [TEST_STEP][PASSED] - setValueToCellByIndex(sheet01, n, 4, pageInt): null

18-11-2024T10:20:34 - [TEST_STEP][PASSED] - setValueToCellByIndex(sheet01, n, 5, m): null

18-11-2024T10:20:34 - [TEST_STEP][PASSED] - setValueToCellByIndex(sheet01, n, 6, y): null

18-11-2024T10:20:34 - [TEST_STEP][PASSED] - setValueToCellByIndex(sheet01, n, 7, todaysDate): null

18-11-2024T10:20:34 - [TEST_STEP][PASSED] - n = n + 1: null

18-11-2024T10:20:34 - [TEST_STEP][PASSED] - saveWorkbook(excelFilePath, workbook01): null

18-11-2024T10:20:34 - [TEST_STEP][PASSED] - compare = pagePoteri: null

18-11-2024T10:20:34 - [TEST_STEP][PASSED] - if (compare == filePoteri): null

18-11-2024T10:20:34 - [TEST_STEP][PASSED] - else if (compare > filePoteri): null

18-11-2024T10:20:34 - [TEST_STEP][PASSED] - compare = compare - 1: null

18-11-2024T10:20:34 - [TEST_STEP][PASSED] - if (compare == filePoteri): null

18-11-2024T10:20:34 - [TEST_STEP][PASSED] - else: null

18-11-2024T10:20:34 - [TEST_STEP][PASSED] - numberOfErrors = numberOfErrors + 1: null

18-11-2024T10:20:34 - [TEST_STEP][PASSED] - pageInt = pagePoteri: null

18-11-2024T10:20:34 - [TEST_STEP][PASSED] - fileInt = filePoteri: null

18-11-2024T10:20:34 - [TEST_STEP][PASSED] - typeOfData = typeOfDataMain + " Потери": null

18-11-2024T10:20:34 - [TEST_STEP][PASSED] - Script1718980020443.WriteToExcel(a, typeOfData, todaysDate, pageInt, fileInt, pageDouble, fileDouble, dZO): null

18-11-2024T10:20:34 - [TEST_STEP][PASSED] - sheetName = "Sheet1": null

18-11-2024T10:20:34 - [TEST_STEP][PASSED] - data = findTestData("PlanFact"): null

18-11-2024T10:20:34 - [TEST_STEP][PASSED] - n = data.getRowNumbers() + 1: null

18-11-2024T10:20:34 - [TEST_STEP][PASSED] - year = todaysDate.substring(todaysDate.length() - 4, todaysDate.length()): null

18-11-2024T10:20:34 - [TEST_STEP][PASSED] - y = year.toInteger(): null

18-11-2024T10:20:34 - [TEST_STEP][PASSED] - m = getText(findTestObject("Выполнение бизнес-плана/Период")): Text of object 'Object Repository/Выполнение бизнес-плана/Период' is: '1, 2, 3 кв. 2024 года'

18-11-2024T10:20:34 - [MESSAGE][PASSED] - Text of object 'Object Repository/Выполнение бизнес-плана/Период' is: '1, 2, 3 кв. 2024 года'

18-11-2024T10:20:34 - [TEST_STEP][PASSED] - m = m.substring(0, m.indexOf("2024")): null

18-11-2024T10:20:34 - [TEST_STEP][PASSED] - m = m.trim(): null

18-11-2024T10:20:34 - [TEST_STEP][PASSED] - dashboardName = "Выполнение бизнес-плана": null

18-11-2024T10:20:34 - [TEST_STEP][PASSED] - workbook01 = getWorkbook(excelFilePath): null

18-11-2024T10:20:34 - [TEST_STEP][PASSED] - sheet01 = getExcelSheet(workbook01, sheetName): null

18-11-2024T10:20:34 - [TEST_STEP][PASSED] - setValueToCellByIndex(sheet01, n, 0, dashboardName): null

18-11-2024T10:20:34 - [TEST_STEP][PASSED] - setValueToCellByIndex(sheet01, n, 1, dZO): null

18-11-2024T10:20:34 - [TEST_STEP][PASSED] - setValueToCellByIndex(sheet01, n, 2, typeOfData): null

18-11-2024T10:20:34 - [TEST_STEP][PASSED] - if (typeOfData == "Факт в процентах" || typeOfData == "План в процентах"): null

18-11-2024T10:20:34 - [TEST_STEP][PASSED] - else: null

18-11-2024T10:20:34 - [TEST_STEP][PASSED] - setValueToCellByIndex(sheet01, n, 3, fileInt): null

18-11-2024T10:20:34 - [TEST_STEP][PASSED] - setValueToCellByIndex(sheet01, n, 4, pageInt): null

18-11-2024T10:20:34 - [TEST_STEP][PASSED] - setValueToCellByIndex(sheet01, n, 5, m): null

18-11-2024T10:20:34 - [TEST_STEP][PASSED] - setValueToCellByIndex(sheet01, n, 6, y): null

18-11-2024T10:20:34 - [TEST_STEP][PASSED] - setValueToCellByIndex(sheet01, n, 7, todaysDate): null

18-11-2024T10:20:34 - [TEST_STEP][PASSED] - n = n + 1: null

18-11-2024T10:20:34 - [TEST_STEP][PASSED] - saveWorkbook(excelFilePath, workbook01): null

18-11-2024T10:20:34 - [TEST_STEP][PASSED] - if (planFact == 2): null

18-11-2024T10:20:34 - [TEST_STEP][PASSED] - if (planFact == 1): null

18-11-2024T10:20:34 - [TEST_STEP][PASSED] - else if (planFact == 2): null

18-11-2024T10:20:34 - [TEST_STEP][PASSED] - click(findTestObject("Выполнение бизнес-плана/Кнопка План")): Object: 'Object Repository/Выполнение бизнес-плана/Кнопка План' is clicked on

18-11-2024T10:20:35 - [MESSAGE][PASSED] - Object: 'Object Repository/Выполнение бизнес-плана/Кнопка План' is clicked on

18-11-2024T10:20:35 - [TEST_STEP][PASSED] - typeOfDataMain = "План": null

18-11-2024T10:20:35 - [TEST_STEP][PASSED] - otpusk = findTestData("PlanFact").getValue(2, a): null

18-11-2024T10:20:35 - [TEST_STEP][PASSED] - poteri = findTestData("PlanFact").getValue(3, a): null

18-11-2024T10:20:35 - [TEST_STEP][PASSED] - otpusk = otpusk.replaceAll("\s+", ""): null

18-11-2024T10:20:35 - [TEST_STEP][PASSED] - poteri = poteri.replaceAll("\s+", ""): null

18-11-2024T10:20:35 - [TEST_STEP][PASSED] - typeOfData = typeOfDataMain + " Отпуск в сеть": null

18-11-2024T10:20:35 - [TEST_STEP][PASSED] - if (a == 82): null

18-11-2024T10:20:35 - [TEST_STEP][PASSED] - else if (a == 84): null

18-11-2024T10:20:35 - [TEST_STEP][PASSED] - else if (a == 52 || a == 72 || a == 28 || a == 73 || a == 77 || a == 74 || a == 65 || a == 36 || a == 44 || a == 53 || a == 80 || a == 54 || a == 1 || a == 18 || a == 59 || a == 81): null

18-11-2024T10:20:35 - [TEST_STEP][PASSED] - else: null

18-11-2024T10:20:35 - [TEST_STEP][PASSED] - path = dataFolder + typeOfData + " за отчётный период " + b: null

18-11-2024T10:20:35 - [TEST_STEP][PASSED] - println(path): null

18-11-2024T10:20:35 - [TEST_STEP][PASSED] - page = getText(findTestObject(path)): Text of object 'Object Repository/Выполнение бизнес-плана/Значения со страницы Выполнение бизнес-плана/План Отпуск в сеть за отчётный период Ставропольэнерго' is: '5 926 135'

18-11-2024T10:20:35 - [MESSAGE][PASSED] - Text of object 'Object Repository/Выполнение бизнес-плана/Значения со страницы Выполнение бизнес-плана/План Отпуск в сеть за отчётный период Ставропольэнерго' is: '5 926 135'

18-11-2024T10:20:35 - [TEST_STEP][PASSED] - page = page.replaceAll("\s+", ""): null

18-11-2024T10:20:35 - [TEST_STEP][PASSED] - fileOtpuskVSet = otpusk.toInteger(): null

18-11-2024T10:20:35 - [TEST_STEP][PASSED] - pageOtpuskVSet = page.toInteger(): null

18-11-2024T10:20:35 - [TEST_STEP][PASSED] - typeOfData = typeOfDataMain + " Потери": null

18-11-2024T10:20:35 - [TEST_STEP][PASSED] - if (a == 82): null

18-11-2024T10:20:35 - [TEST_STEP][PASSED] - else if (a == 84): null

18-11-2024T10:20:35 - [TEST_STEP][PASSED] - else if (a == 52 || a == 72 || a == 28 || a == 73 || a == 77 || a == 74 || a == 65 || a == 36 || a == 44 || a == 53 || a == 80 || a == 54 || a == 1 || a == 18 || a == 59 || a == 81): null

18-11-2024T10:20:35 - [TEST_STEP][PASSED] - else: null

18-11-2024T10:20:35 - [TEST_STEP][PASSED] - path = dataFolder + typeOfData + " за отчётный период " + b: null

18-11-2024T10:20:35 - [TEST_STEP][PASSED] - page = getText(findTestObject(path)): Text of object 'Object Repository/Выполнение бизнес-плана/Значения со страницы Выполнение бизнес-плана/План Потери за отчётный период Ставропольэнерго' is: '497 688'

18-11-2024T10:20:36 - [MESSAGE][PASSED] - Text of object 'Object Repository/Выполнение бизнес-плана/Значения со страницы Выполнение бизнес-плана/План Потери за отчётный период Ставропольэнерго' is: '497 688'

18-11-2024T10:20:36 - [TEST_STEP][PASSED] - page = page.replaceAll("\s+", ""): null

18-11-2024T10:20:36 - [TEST_STEP][PASSED] - filePoteri = poteri.toInteger(): null

18-11-2024T10:20:36 - [TEST_STEP][PASSED] - pagePoteri = page.toInteger(): null

18-11-2024T10:20:36 - [TEST_STEP][PASSED] - compare = pageOtpuskVSet: null

18-11-2024T10:20:36 - [TEST_STEP][PASSED] - if (compare == fileOtpuskVSet): null

18-11-2024T10:20:36 - [TEST_STEP][PASSED] - else if (compare > fileOtpuskVSet): null

18-11-2024T10:20:36 - [TEST_STEP][PASSED] - else if (compare < fileOtpuskVSet): null

18-11-2024T10:20:36 - [TEST_STEP][PASSED] - compare = compare + 1: null

18-11-2024T10:20:36 - [TEST_STEP][PASSED] - if (compare == fileOtpuskVSet): null

18-11-2024T10:20:36 - [TEST_STEP][PASSED] - else: null

18-11-2024T10:20:36 - [TEST_STEP][PASSED] - numberOfErrors = numberOfErrors + 1: null

18-11-2024T10:20:36 - [TEST_STEP][PASSED] - pageInt = pageOtpuskVSet: null

18-11-2024T10:20:36 - [TEST_STEP][PASSED] - fileInt = fileOtpuskVSet: null

18-11-2024T10:20:36 - [TEST_STEP][PASSED] - typeOfData = typeOfDataMain + " Отпуск в сеть": null

18-11-2024T10:20:36 - [TEST_STEP][PASSED] - Script1718980020443.WriteToExcel(a, typeOfData, todaysDate, pageInt, fileInt, pageDouble, fileDouble, dZO): null

18-11-2024T10:20:36 - [TEST_STEP][PASSED] - sheetName = "Sheet1": null

18-11-2024T10:20:36 - [TEST_STEP][PASSED] - data = findTestData("PlanFact"): null

18-11-2024T10:20:36 - [TEST_STEP][PASSED] - n = data.getRowNumbers() + 1: null

18-11-2024T10:20:36 - [TEST_STEP][PASSED] - year = todaysDate.substring(todaysDate.length() - 4, todaysDate.length()): null

18-11-2024T10:20:36 - [TEST_STEP][PASSED] - y = year.toInteger(): null

18-11-2024T10:20:36 - [TEST_STEP][PASSED] - m = getText(findTestObject("Выполнение бизнес-плана/Период")): Text of object 'Object Repository/Выполнение бизнес-плана/Период' is: '1, 2, 3 кв. 2024 года'

18-11-2024T10:20:36 - [MESSAGE][PASSED] - Text of object 'Object Repository/Выполнение бизнес-плана/Период' is: '1, 2, 3 кв. 2024 года'

18-11-2024T10:20:36 - [TEST_STEP][PASSED] - m = m.substring(0, m.indexOf("2024")): null

18-11-2024T10:20:36 - [TEST_STEP][PASSED] - m = m.trim(): null

18-11-2024T10:20:36 - [TEST_STEP][PASSED] - dashboardName = "Выполнение бизнес-плана": null

18-11-2024T10:20:36 - [TEST_STEP][PASSED] - workbook01 = getWorkbook(excelFilePath): null

18-11-2024T10:20:36 - [TEST_STEP][PASSED] - sheet01 = getExcelSheet(workbook01, sheetName): null

18-11-2024T10:20:36 - [TEST_STEP][PASSED] - setValueToCellByIndex(sheet01, n, 0, dashboardName): null

18-11-2024T10:20:36 - [TEST_STEP][PASSED] - setValueToCellByIndex(sheet01, n, 1, dZO): null

18-11-2024T10:20:36 - [TEST_STEP][PASSED] - setValueToCellByIndex(sheet01, n, 2, typeOfData): null

18-11-2024T10:20:36 - [TEST_STEP][PASSED] - if (typeOfData == "Факт в процентах" || typeOfData == "План в процентах"): null

18-11-2024T10:20:36 - [TEST_STEP][PASSED] - else: null

18-11-2024T10:20:36 - [TEST_STEP][PASSED] - setValueToCellByIndex(sheet01, n, 3, fileInt): null

18-11-2024T10:20:36 - [TEST_STEP][PASSED] - setValueToCellByIndex(sheet01, n, 4, pageInt): null

18-11-2024T10:20:36 - [TEST_STEP][PASSED] - setValueToCellByIndex(sheet01, n, 5, m): null

18-11-2024T10:20:36 - [TEST_STEP][PASSED] - setValueToCellByIndex(sheet01, n, 6, y): null

18-11-2024T10:20:36 - [TEST_STEP][PASSED] - setValueToCellByIndex(sheet01, n, 7, todaysDate): null

18-11-2024T10:20:36 - [TEST_STEP][PASSED] - n = n + 1: null

18-11-2024T10:20:36 - [TEST_STEP][PASSED] - saveWorkbook(excelFilePath, workbook01): null

18-11-2024T10:20:36 - [TEST_STEP][PASSED] - compare = pagePoteri: null

18-11-2024T10:20:36 - [TEST_STEP][PASSED] - if (compare == filePoteri): null

18-11-2024T10:20:36 - [TEST_STEP][PASSED] - else if (compare > filePoteri): null

18-11-2024T10:20:36 - [TEST_STEP][PASSED] - else if (compare < filePoteri): null

18-11-2024T10:20:36 - [TEST_STEP][PASSED] - compare = compare + 1: null

18-11-2024T10:20:36 - [TEST_STEP][PASSED] - if (compare == filePoteri): null

18-11-2024T10:20:36 - [TEST_STEP][PASSED] - else: null

18-11-2024T10:20:36 - [TEST_STEP][PASSED] - numberOfErrors = numberOfErrors + 1: null

18-11-2024T10:20:36 - [TEST_STEP][PASSED] - pageInt = pagePoteri: null

18-11-2024T10:20:36 - [TEST_STEP][PASSED] - fileInt = filePoteri: null

18-11-2024T10:20:36 - [TEST_STEP][PASSED] - typeOfData = typeOfDataMain + " Потери": null

18-11-2024T10:20:36 - [TEST_STEP][PASSED] - Script1718980020443.WriteToExcel(a, typeOfData, todaysDate, pageInt, fileInt, pageDouble, fileDouble, dZO): null

18-11-2024T10:20:36 - [TEST_STEP][PASSED] - sheetName = "Sheet1": null

18-11-2024T10:20:36 - [TEST_STEP][PASSED] - data = findTestData("PlanFact"): null

18-11-2024T10:20:36 - [TEST_STEP][PASSED] - n = data.getRowNumbers() + 1: null

18-11-2024T10:20:36 - [TEST_STEP][PASSED] - year = todaysDate.substring(todaysDate.length() - 4, todaysDate.length()): null

18-11-2024T10:20:36 - [TEST_STEP][PASSED] - y = year.toInteger(): null

18-11-2024T10:20:36 - [TEST_STEP][PASSED] - m = getText(findTestObject("Выполнение бизнес-плана/Период")): Text of object 'Object Repository/Выполнение бизнес-плана/Период' is: '1, 2, 3 кв. 2024 года'

18-11-2024T10:20:37 - [MESSAGE][PASSED] - Text of object 'Object Repository/Выполнение бизнес-плана/Период' is: '1, 2, 3 кв. 2024 года'

18-11-2024T10:20:37 - [TEST_STEP][PASSED] - m = m.substring(0, m.indexOf("2024")): null

18-11-2024T10:20:37 - [TEST_STEP][PASSED] - m = m.trim(): null

18-11-2024T10:20:37 - [TEST_STEP][PASSED] - dashboardName = "Выполнение бизнес-плана": null

18-11-2024T10:20:37 - [TEST_STEP][PASSED] - workbook01 = getWorkbook(excelFilePath): null

18-11-2024T10:20:37 - [TEST_STEP][PASSED] - sheet01 = getExcelSheet(workbook01, sheetName): null

18-11-2024T10:20:37 - [TEST_STEP][PASSED] - setValueToCellByIndex(sheet01, n, 0, dashboardName): null

18-11-2024T10:20:37 - [TEST_STEP][PASSED] - setValueToCellByIndex(sheet01, n, 1, dZO): null

18-11-2024T10:20:37 - [TEST_STEP][PASSED] - setValueToCellByIndex(sheet01, n, 2, typeOfData): null

18-11-2024T10:20:37 - [TEST_STEP][PASSED] - if (typeOfData == "Факт в процентах" || typeOfData == "План в процентах"): null

18-11-2024T10:20:37 - [TEST_STEP][PASSED] - else: null

18-11-2024T10:20:37 - [TEST_STEP][PASSED] - setValueToCellByIndex(sheet01, n, 3, fileInt): null

18-11-2024T10:20:37 - [TEST_STEP][PASSED] - setValueToCellByIndex(sheet01, n, 4, pageInt): null

18-11-2024T10:20:37 - [TEST_STEP][PASSED] - setValueToCellByIndex(sheet01, n, 5, m): null

18-11-2024T10:20:37 - [TEST_STEP][PASSED] - setValueToCellByIndex(sheet01, n, 6, y): null

18-11-2024T10:20:37 - [TEST_STEP][PASSED] - setValueToCellByIndex(sheet01, n, 7, todaysDate): null

18-11-2024T10:20:37 - [TEST_STEP][PASSED] - n = n + 1: null

18-11-2024T10:20:37 - [TEST_STEP][PASSED] - saveWorkbook(excelFilePath, workbook01): Object: 'Object Repository/Выполнение бизнес-плана/Кнопка Факт' is clicked on

18-11-2024T10:20:37 - [TEST_STEP][PASSED] - if (planFact == 2): Object: 'Object Repository/Выполнение бизнес-плана/Кнопка Факт' is clicked on

18-11-2024T10:20:37 - [TEST_STEP][PASSED] - click(findTestObject("Выполнение бизнес-плана/Кнопка Факт")): Object: 'Object Repository/Выполнение бизнес-плана/Кнопка Факт' is clicked on

18-11-2024T10:20:37 - [MESSAGE][PASSED] - Object: 'Object Repository/Выполнение бизнес-плана/Кнопка Факт' is clicked on

18-11-2024T10:20:37 - [TEST_STEP][PASSED] - if (a == 84 || a == 82): null

18-11-2024T10:20:37 - [TEST_STEP][PASSED] - else if (a == 52 || a == 72 || a == 28 || a == 73 || a == 77 || a == 74 || a == 65 || a == 36 || a == 44 || a == 53 || a == 80 || a == 54 || a == 1 || a == 18 || a == 59 || a == 81): null

18-11-2024T10:20:37 - [TEST_STEP][PASSED] - else: null

18-11-2024T10:20:37 - [TEST_STEP][PASSED] - page1 = getText(findTestObject("Object Repository/Выполнение бизнес-плана/spanPlan" + filialNum)): Text of object 'Object Repository/Выполнение бизнес-плана/spanPlan6' is: '8.40
|'

18-11-2024T10:20:38 - [MESSAGE][PASSED] - Text of object 'Object Repository/Выполнение бизнес-плана/spanPlan6' is: '8.40
|'

18-11-2024T10:20:38 - [TEST_STEP][PASSED] - page1 = page1.replace("|", ""): null

18-11-2024T10:20:38 - [TEST_STEP][PASSED] - page2 = getText(findTestObject("Object Repository/Выполнение бизнес-плана/spanFact" + filialNum)): Text of object 'Object Repository/Выполнение бизнес-плана/spanFact6' is: '8.41
|'

18-11-2024T10:20:38 - [MESSAGE][PASSED] - Text of object 'Object Repository/Выполнение бизнес-плана/spanFact6' is: '8.41
|'

18-11-2024T10:20:38 - [TEST_STEP][PASSED] - page2 = page2.replace("|", ""): null

18-11-2024T10:20:38 - [TEST_STEP][PASSED] - println("page1: " + page1): null

18-11-2024T10:20:38 - [TEST_STEP][PASSED] - println("page2: " + page2): null

18-11-2024T10:20:38 - [TEST_STEP][PASSED] - file = findTestData("PlanFact").getValue(4, a): null

18-11-2024T10:20:38 - [TEST_STEP][PASSED] - file = file.replace(",", "."): null

18-11-2024T10:20:38 - [TEST_STEP][PASSED] - println("file Plan: " + file): null

18-11-2024T10:20:38 - [TEST_STEP][PASSED] - typeOfData = "План в процентах": null

18-11-2024T10:20:38 - [TEST_STEP][PASSED] - fileDouble = file.toDouble(): null

18-11-2024T10:20:38 - [TEST_STEP][PASSED] - pageDouble = page1.toDouble(): null

18-11-2024T10:20:38 - [TEST_STEP][PASSED] - if (fileDouble != pageDouble): null

18-11-2024T10:20:38 - [TEST_STEP][PASSED] - file = findTestData("PlanFact").getValue(7, a): null

18-11-2024T10:20:38 - [TEST_STEP][PASSED] - file = file.replace(",", "."): null

18-11-2024T10:20:38 - [TEST_STEP][PASSED] - println("file Fact: " + file): null

18-11-2024T10:20:38 - [TEST_STEP][PASSED] - fileDouble = file.toDouble(): null

18-11-2024T10:20:38 - [TEST_STEP][PASSED] - typeOfData = "Факт в процентах": null

18-11-2024T10:20:38 - [TEST_STEP][PASSED] - fileDouble = file.toDouble(): null

18-11-2024T10:20:38 - [TEST_STEP][PASSED] - pageDouble = page2.toDouble(): null

18-11-2024T10:20:38 - [TEST_STEP][PASSED] - if (fileDouble != pageDouble): null

18-11-2024T10:20:38 - [TEST_STEP][PASSED] - numberOfErrors = numberOfErrors + 1: null

18-11-2024T10:20:38 - [TEST_STEP][PASSED] - Script1718980020443.WriteToExcel(a, typeOfData, todaysDate, pageInt, fileInt, pageDouble, fileDouble, dZO): null

18-11-2024T10:20:38 - [TEST_STEP][PASSED] - sheetName = "Sheet1": null

18-11-2024T10:20:38 - [TEST_STEP][PASSED] - data = findTestData("PlanFact"): null

18-11-2024T10:20:38 - [TEST_STEP][PASSED] - n = data.getRowNumbers() + 1: null

18-11-2024T10:20:38 - [TEST_STEP][PASSED] - year = todaysDate.substring(todaysDate.length() - 4, todaysDate.length()): null

18-11-2024T10:20:38 - [TEST_STEP][PASSED] - y = year.toInteger(): null

18-11-2024T10:20:38 - [TEST_STEP][PASSED] - m = getText(findTestObject("Выполнение бизнес-плана/Период")): Text of object 'Object Repository/Выполнение бизнес-плана/Период' is: '1, 2, 3 кв. 2024 года'

18-11-2024T10:20:38 - [MESSAGE][PASSED] - Text of object 'Object Repository/Выполнение бизнес-плана/Период' is: '1, 2, 3 кв. 2024 года'

18-11-2024T10:20:38 - [TEST_STEP][PASSED] - m = m.substring(0, m.indexOf("2024")): null

18-11-2024T10:20:38 - [TEST_STEP][PASSED] - m = m.trim(): null

18-11-2024T10:20:38 - [TEST_STEP][PASSED] - dashboardName = "Выполнение бизнес-плана": null

18-11-2024T10:20:38 - [TEST_STEP][PASSED] - workbook01 = getWorkbook(excelFilePath): null

18-11-2024T10:20:38 - [TEST_STEP][PASSED] - sheet01 = getExcelSheet(workbook01, sheetName): null

18-11-2024T10:20:38 - [TEST_STEP][PASSED] - setValueToCellByIndex(sheet01, n, 0, dashboardName): null

18-11-2024T10:20:38 - [TEST_STEP][PASSED] - setValueToCellByIndex(sheet01, n, 1, dZO): null

18-11-2024T10:20:38 - [TEST_STEP][PASSED] - setValueToCellByIndex(sheet01, n, 2, typeOfData): null

18-11-2024T10:20:38 - [TEST_STEP][PASSED] - if (typeOfData == "Факт в процентах" || typeOfData == "План в процентах"): null

18-11-2024T10:20:38 - [TEST_STEP][PASSED] - setValueToCellByIndex(sheet01, n, 3, fileDouble): null

18-11-2024T10:20:38 - [TEST_STEP][PASSED] - setValueToCellByIndex(sheet01, n, 4, pageDouble): null

18-11-2024T10:20:38 - [TEST_STEP][PASSED] - setValueToCellByIndex(sheet01, n, 5, m): null

18-11-2024T10:20:38 - [TEST_STEP][PASSED] - setValueToCellByIndex(sheet01, n, 6, y): null

18-11-2024T10:20:38 - [TEST_STEP][PASSED] - setValueToCellByIndex(sheet01, n, 7, todaysDate): null

18-11-2024T10:20:38 - [TEST_STEP][PASSED] - n = n + 1: null

18-11-2024T10:20:38 - [TEST_STEP][PASSED] - saveWorkbook(excelFilePath, workbook01): null

18-11-2024T10:20:39 - [TEST_STEP][FAILED] - if (verifyEqual(numberOfErrors, 0) == false): null

18-11-2024T10:20:39 - [MESSAGE][FAILED] - Unable to verify equal between actual object '5' and expected object '0' (Root cause: com.kms.katalon.core.exception.StepFailedException: Actual object '5' and expected object '0' are not equal
	at com.kms.katalon.core.keyword.builtin.VerifyEqualKeyword$_verifyEqual_closure1.doCall(VerifyEqualKeyword.groovy:58)
	at com.kms.katalon.core.keyword.builtin.VerifyEqualKeyword$_verifyEqual_closure1.call(VerifyEqualKeyword.groovy)
	at com.kms.katalon.core.keyword.internal.KeywordMain.runKeyword(KeywordMain.groovy:75)
	at com.kms.katalon.core.keyword.builtin.VerifyEqualKeyword.verifyEqual(VerifyEqualKeyword.groovy:63)
	at com.kms.katalon.core.keyword.builtin.VerifyEqualKeyword.execute(VerifyEqualKeyword.groovy:44)
	at com.kms.katalon.core.keyword.internal.KeywordExecutor.executeKeywordForPlatform(KeywordExecutor.groovy:74)
	at com.kms.katalon.core.keyword.BuiltinKeywords.verifyEqual(BuiltinKeywords.groovy:146)
	at java.base/jdk.internal.reflect.NativeMethodAccessorImpl.invoke0(Native Method)
	at java.base/jdk.internal.reflect.NativeMethodAccessorImpl.invoke(NativeMethodAccessorImpl.java:77)
	at java.base/jdk.internal.reflect.DelegatingMethodAccessorImpl.invoke(DelegatingMethodAccessorImpl.java:43)
	at Выполнение бизнес-плана Сверка ПАО Россети все филиалы.Numbers(Выполнение бизнес-плана Сверка ПАО Россети все филиалы:740)
	at Выполнение бизнес-плана Сверка ПАО Россети все филиалы.Filials(Выполнение бизнес-плана Сверка ПАО Россети все филиалы:1135)
	at Выполнение бизнес-плана Сверка ПАО Россети все филиалы.Numbers(Выполнение бизнес-плана Сверка ПАО Россети все филиалы:745)
	at Выполнение бизнес-плана Сверка ПАО Россети все филиалы.run(Выполнение бизнес-плана Сверка ПАО Россети все филиалы:304)
	at com.kms.katalon.core.main.ScriptEngine.run(ScriptEngine.java:194)
	at com.kms.katalon.core.main.ScriptEngine.runScriptAsRawText(ScriptEngine.java:119)
	at com.kms.katalon.core.main.TestCaseExecutor.runScript(TestCaseExecutor.java:448)
	at com.kms.katalon.core.main.TestCaseExecutor.doExecute(TestCaseExecutor.java:439)
	at com.kms.katalon.core.main.TestCaseExecutor.processExecutionPhase(TestCaseExecutor.java:418)
	at com.kms.katalon.core.main.TestCaseExecutor.accessMainPhase(TestCaseExecutor.java:410)
	at com.kms.katalon.core.main.TestCaseExecutor.execute(TestCaseExecutor.java:285)
	at com.kms.katalon.core.common.CommonExecutor.accessTestCaseMainPhase(CommonExecutor.java:65)
	at com.kms.katalon.core.main.TestSuiteExecutor.accessTestSuiteMainPhase(TestSuiteExecutor.java:150)
	at com.kms.katalon.core.main.TestSuiteExecutor.execute(TestSuiteExecutor.java:106)
	at com.kms.katalon.core.main.TestCaseMain.startTestSuite(TestCaseMain.java:180)
	at TempTestSuite1731913737709.run(TempTestSuite1731913737709.groovy:35)
	at java.base/jdk.internal.reflect.NativeMethodAccessorImpl.invoke0(Native Method)
	at java.base/jdk.internal.reflect.NativeMethodAccessorImpl.invoke(NativeMethodAccessorImpl.java:77)
	at java.base/jdk.internal.reflect.DelegatingMethodAccessorImpl.invoke(DelegatingMethodAccessorImpl.java:43)
)

18-11-2024T10:20:39 - [TEST_STEP][PASSED] - println(numberOfErrors): null

18-11-2024T10:20:39 - [TEST_STEP][PASSED] - if (a == 28 || a == 77 || a == 74 || a == 65 || a == 36 || a == 44 || a == 54 || a == 1 || a == 18 || a == 59): null

18-11-2024T10:20:39 - [TEST_STEP][PASSED] - if (a == 82): null

18-11-2024T10:20:39 - [TEST_STEP][PASSED] - filialNum = 0: null

18-11-2024T10:20:39 - [TEST_STEP][PASSED] - if (a == 1): null

18-11-2024T10:20:39 - [TEST_STEP][PASSED] - if (a == 18): null

18-11-2024T10:20:39 - [TEST_STEP][PASSED] - if (a == 36): null

18-11-2024T10:20:39 - [TEST_STEP][PASSED] - if (a == 44): null

18-11-2024T10:20:39 - [TEST_STEP][PASSED] - if (a == 54): null

18-11-2024T10:20:39 - [TEST_STEP][PASSED] - if (a == 59): null

18-11-2024T10:20:39 - [TEST_STEP][PASSED] - Script1718980020443.OpenFilter(): null

18-11-2024T10:20:39 - [TEST_STEP][PASSED] - click(findTestObject("Object Repository/Выполнение бизнес-плана/Фильтр ДЗО")): Object: 'Object Repository/Выполнение бизнес-плана/Фильтр ДЗО' is clicked on

18-11-2024T10:20:39 - [MESSAGE][PASSED] - Object: 'Object Repository/Выполнение бизнес-плана/Фильтр ДЗО' is clicked on

18-11-2024T10:20:39 - [TEST_STEP][PASSED] - click(findTestObject("Выполнение бизнес-плана/Снять выделение в фильтре ДЗО")): Object: 'Object Repository/Выполнение бизнес-плана/Снять выделение в фильтре ДЗО' is clicked on

18-11-2024T10:20:40 - [MESSAGE][PASSED] - Object: 'Object Repository/Выполнение бизнес-плана/Снять выделение в фильтре ДЗО' is clicked on

18-11-2024T10:20:40 - [TEST_STEP][PASSED] - Script1718980020443.CloseFilter(): null

18-11-2024T10:20:40 - [TEST_STEP][PASSED] - scrollToElement(findTestObject("Выполнение бизнес-плана/Заголовок дашборда"), 30): Scroll to object 'Object Repository/Выполнение бизнес-плана/Заголовок дашборда' successfully

18-11-2024T10:20:40 - [MESSAGE][PASSED] - Scroll to object 'Object Repository/Выполнение бизнес-плана/Заголовок дашборда' successfully

18-11-2024T10:20:40 - [TEST_STEP][PASSED] - click(findTestObject("Object Repository/Выполнение бизнес-плана/Применить в фильтре ДЗО")): Object: 'Object Repository/Выполнение бизнес-плана/Применить в фильтре ДЗО' is clicked on

18-11-2024T10:20:41 - [MESSAGE][PASSED] - Object: 'Object Repository/Выполнение бизнес-плана/Применить в фильтре ДЗО' is clicked on

18-11-2024T10:20:41 - [TEST_STEP][PASSED] - if (a == 82): null

18-11-2024T10:20:41 - [TEST_STEP][PASSED] - println(dzoNum): null

18-11-2024T10:20:41 - [TEST_STEP][PASSED] - dZO = "Россети Северо-Запад": null

18-11-2024T10:20:41 - [TEST_STEP][PASSED] - a = 36: null

18-11-2024T10:20:41 - [TEST_STEP][PASSED] - if (x1.contains(dZO)): null

18-11-2024T10:20:41 - [TEST_STEP][PASSED] - else: null

18-11-2024T10:20:41 - [TEST_STEP][PASSED] - Script1718980020443.NoData(a, typeOfData, todaysDate, fileInt, fileDouble, dZO): null

18-11-2024T10:20:41 - [TEST_STEP][PASSED] - println(a): null

18-11-2024T10:20:41 - [TEST_STEP][PASSED] - println(todaysDate): null

18-11-2024T10:20:41 - [TEST_STEP][PASSED] - println(fileInt): null

18-11-2024T10:20:41 - [TEST_STEP][PASSED] - println(fileDouble): null

18-11-2024T10:20:41 - [TEST_STEP][PASSED] - println(dZO): null

18-11-2024T10:20:41 - [TEST_STEP][PASSED] - typeOfData = "Факт Отпуск в сеть": null

18-11-2024T10:20:41 - [TEST_STEP][PASSED] - fileInt = replaceAll("\s+", "").toInteger(): null

18-11-2024T10:20:41 - [TEST_STEP][PASSED] - Script1718980020443.WriteToExcelNoData(a, typeOfData, todaysDate, fileInt, fileDouble, dZO): null

18-11-2024T10:20:41 - [TEST_STEP][PASSED] - sheetName = "Sheet1": null

18-11-2024T10:20:41 - [TEST_STEP][PASSED] - data = findTestData("PlanFact"): null

18-11-2024T10:20:41 - [TEST_STEP][PASSED] - n = data.getRowNumbers() + 1: null

18-11-2024T10:20:41 - [TEST_STEP][PASSED] - year = todaysDate.substring(todaysDate.length() - 4, todaysDate.length()): null

18-11-2024T10:20:41 - [TEST_STEP][PASSED] - y = year.toInteger(): null

18-11-2024T10:20:41 - [TEST_STEP][PASSED] - m = getText(findTestObject("Выполнение бизнес-плана/Период")): Text of object 'Object Repository/Выполнение бизнес-плана/Период' is: '1, 2, 3 кв. 2024 года'

18-11-2024T10:21:11 - [MESSAGE][PASSED] - Text of object 'Object Repository/Выполнение бизнес-плана/Период' is: '1, 2, 3 кв. 2024 года'

18-11-2024T10:21:11 - [TEST_STEP][PASSED] - m = m.substring(0, m.indexOf("2024")): null

18-11-2024T10:21:11 - [TEST_STEP][PASSED] - m = m.trim(): null

18-11-2024T10:21:11 - [TEST_STEP][PASSED] - dashboardName = "Выполнение бизнес-плана": null

18-11-2024T10:21:11 - [TEST_STEP][PASSED] - workbook01 = getWorkbook(excelFilePath): null

18-11-2024T10:21:11 - [TEST_STEP][PASSED] - sheet01 = getExcelSheet(workbook01, sheetName): null

18-11-2024T10:21:11 - [TEST_STEP][PASSED] - setValueToCellByIndex(sheet01, n, 0, dashboardName): null

18-11-2024T10:21:11 - [TEST_STEP][PASSED] - setValueToCellByIndex(sheet01, n, 1, dZO): null

18-11-2024T10:21:11 - [TEST_STEP][PASSED] - setValueToCellByIndex(sheet01, n, 2, typeOfData): null

18-11-2024T10:21:11 - [TEST_STEP][PASSED] - if (typeOfData == "Факт в процентах" || typeOfData == "План в процентах"): null

18-11-2024T10:21:11 - [TEST_STEP][PASSED] - else: null

18-11-2024T10:21:11 - [TEST_STEP][PASSED] - setValueToCellByIndex(sheet01, n, 3, fileInt): null

18-11-2024T10:21:11 - [TEST_STEP][PASSED] - setValueToCellByIndex(sheet01, n, 4, "нет данных"): null

18-11-2024T10:21:11 - [TEST_STEP][PASSED] - setValueToCellByIndex(sheet01, n, 5, m): null

18-11-2024T10:21:11 - [TEST_STEP][PASSED] - setValueToCellByIndex(sheet01, n, 6, y): null

18-11-2024T10:21:11 - [TEST_STEP][PASSED] - setValueToCellByIndex(sheet01, n, 7, todaysDate): null

18-11-2024T10:21:11 - [TEST_STEP][PASSED] - n = n + 1: null

18-11-2024T10:21:11 - [TEST_STEP][PASSED] - saveWorkbook(excelFilePath, workbook01): null

18-11-2024T10:21:11 - [TEST_STEP][PASSED] - typeOfData = "Факт Потери": null

18-11-2024T10:21:11 - [TEST_STEP][PASSED] - fileInt = replaceAll("\s+", "").toInteger(): null

18-11-2024T10:21:11 - [TEST_STEP][PASSED] - Script1718980020443.WriteToExcelNoData(a, typeOfData, todaysDate, fileInt, fileDouble, dZO): null

18-11-2024T10:21:11 - [TEST_STEP][PASSED] - sheetName = "Sheet1": null

18-11-2024T10:21:11 - [TEST_STEP][PASSED] - data = findTestData("PlanFact"): null

18-11-2024T10:21:11 - [TEST_STEP][PASSED] - n = data.getRowNumbers() + 1: null

18-11-2024T10:21:11 - [TEST_STEP][PASSED] - year = todaysDate.substring(todaysDate.length() - 4, todaysDate.length()): null

18-11-2024T10:21:11 - [TEST_STEP][PASSED] - y = year.toInteger(): null

18-11-2024T10:21:11 - [TEST_STEP][PASSED] - m = getText(findTestObject("Выполнение бизнес-плана/Период")): Text of object 'Object Repository/Выполнение бизнес-плана/Период' is: '1, 2, 3 кв. 2024 года'

18-11-2024T10:21:41 - [MESSAGE][PASSED] - Text of object 'Object Repository/Выполнение бизнес-плана/Период' is: '1, 2, 3 кв. 2024 года'

18-11-2024T10:21:41 - [TEST_STEP][PASSED] - m = m.substring(0, m.indexOf("2024")): null

18-11-2024T10:21:41 - [TEST_STEP][PASSED] - m = m.trim(): null

18-11-2024T10:21:41 - [TEST_STEP][PASSED] - dashboardName = "Выполнение бизнес-плана": null

18-11-2024T10:21:41 - [TEST_STEP][PASSED] - workbook01 = getWorkbook(excelFilePath): null

18-11-2024T10:21:41 - [TEST_STEP][PASSED] - sheet01 = getExcelSheet(workbook01, sheetName): null

18-11-2024T10:21:41 - [TEST_STEP][PASSED] - setValueToCellByIndex(sheet01, n, 0, dashboardName): null

18-11-2024T10:21:41 - [TEST_STEP][PASSED] - setValueToCellByIndex(sheet01, n, 1, dZO): null

18-11-2024T10:21:41 - [TEST_STEP][PASSED] - setValueToCellByIndex(sheet01, n, 2, typeOfData): null

18-11-2024T10:21:41 - [TEST_STEP][PASSED] - if (typeOfData == "Факт в процентах" || typeOfData == "План в процентах"): null

18-11-2024T10:21:41 - [TEST_STEP][PASSED] - else: null

18-11-2024T10:21:41 - [TEST_STEP][PASSED] - setValueToCellByIndex(sheet01, n, 3, fileInt): null

18-11-2024T10:21:41 - [TEST_STEP][PASSED] - setValueToCellByIndex(sheet01, n, 4, "нет данных"): null

18-11-2024T10:21:41 - [TEST_STEP][PASSED] - setValueToCellByIndex(sheet01, n, 5, m): null

18-11-2024T10:21:41 - [TEST_STEP][PASSED] - setValueToCellByIndex(sheet01, n, 6, y): null

18-11-2024T10:21:41 - [TEST_STEP][PASSED] - setValueToCellByIndex(sheet01, n, 7, todaysDate): null

18-11-2024T10:21:41 - [TEST_STEP][PASSED] - n = n + 1: null

18-11-2024T10:21:41 - [TEST_STEP][PASSED] - saveWorkbook(excelFilePath, workbook01): null

18-11-2024T10:21:42 - [TEST_STEP][PASSED] - typeOfData = "План Отпуск в сеть": null

18-11-2024T10:21:42 - [TEST_STEP][PASSED] - fileInt = replaceAll("\s+", "").toInteger(): null

18-11-2024T10:21:42 - [TEST_STEP][PASSED] - Script1718980020443.WriteToExcelNoData(a, typeOfData, todaysDate, fileInt, fileDouble, dZO): null

18-11-2024T10:21:42 - [TEST_STEP][PASSED] - sheetName = "Sheet1": null

18-11-2024T10:21:42 - [TEST_STEP][PASSED] - data = findTestData("PlanFact"): null

18-11-2024T10:21:42 - [TEST_STEP][PASSED] - n = data.getRowNumbers() + 1: null

18-11-2024T10:21:42 - [TEST_STEP][PASSED] - year = todaysDate.substring(todaysDate.length() - 4, todaysDate.length()): null

18-11-2024T10:21:42 - [TEST_STEP][PASSED] - y = year.toInteger(): null

18-11-2024T10:21:42 - [TEST_STEP][PASSED] - m = getText(findTestObject("Выполнение бизнес-плана/Период")): Text of object 'Object Repository/Выполнение бизнес-плана/Период' is: '1, 2, 3 кв. 2024 года'

18-11-2024T10:22:12 - [MESSAGE][PASSED] - Text of object 'Object Repository/Выполнение бизнес-плана/Период' is: '1, 2, 3 кв. 2024 года'

18-11-2024T10:22:12 - [TEST_STEP][PASSED] - m = m.substring(0, m.indexOf("2024")): null

18-11-2024T10:22:12 - [TEST_STEP][PASSED] - m = m.trim(): null

18-11-2024T10:22:12 - [TEST_STEP][PASSED] - dashboardName = "Выполнение бизнес-плана": null

18-11-2024T10:22:12 - [TEST_STEP][PASSED] - workbook01 = getWorkbook(excelFilePath): null

18-11-2024T10:22:12 - [TEST_STEP][PASSED] - sheet01 = getExcelSheet(workbook01, sheetName): null

18-11-2024T10:22:12 - [TEST_STEP][PASSED] - setValueToCellByIndex(sheet01, n, 0, dashboardName): null

18-11-2024T10:22:12 - [TEST_STEP][PASSED] - setValueToCellByIndex(sheet01, n, 1, dZO): null

18-11-2024T10:22:12 - [TEST_STEP][PASSED] - setValueToCellByIndex(sheet01, n, 2, typeOfData): null

18-11-2024T10:22:12 - [TEST_STEP][PASSED] - if (typeOfData == "Факт в процентах" || typeOfData == "План в процентах"): null

18-11-2024T10:22:12 - [TEST_STEP][PASSED] - else: null

18-11-2024T10:22:12 - [TEST_STEP][PASSED] - setValueToCellByIndex(sheet01, n, 3, fileInt): null

18-11-2024T10:22:12 - [TEST_STEP][PASSED] - setValueToCellByIndex(sheet01, n, 4, "нет данных"): null

18-11-2024T10:22:12 - [TEST_STEP][PASSED] - setValueToCellByIndex(sheet01, n, 5, m): null

18-11-2024T10:22:12 - [TEST_STEP][PASSED] - setValueToCellByIndex(sheet01, n, 6, y): null

18-11-2024T10:22:12 - [TEST_STEP][PASSED] - setValueToCellByIndex(sheet01, n, 7, todaysDate): null

18-11-2024T10:22:12 - [TEST_STEP][PASSED] - n = n + 1: null

18-11-2024T10:22:12 - [TEST_STEP][PASSED] - saveWorkbook(excelFilePath, workbook01): null

18-11-2024T10:22:12 - [TEST_STEP][PASSED] - typeOfData = "План Потери": null

18-11-2024T10:22:12 - [TEST_STEP][PASSED] - fileInt = replaceAll("\s+", "").toInteger(): null

18-11-2024T10:22:12 - [TEST_STEP][PASSED] - Script1718980020443.WriteToExcelNoData(a, typeOfData, todaysDate, fileInt, fileDouble, dZO): null

18-11-2024T10:22:12 - [TEST_STEP][PASSED] - sheetName = "Sheet1": null

18-11-2024T10:22:12 - [TEST_STEP][PASSED] - data = findTestData("PlanFact"): null

18-11-2024T10:22:12 - [TEST_STEP][PASSED] - n = data.getRowNumbers() + 1: null

18-11-2024T10:22:12 - [TEST_STEP][PASSED] - year = todaysDate.substring(todaysDate.length() - 4, todaysDate.length()): null

18-11-2024T10:22:12 - [TEST_STEP][PASSED] - y = year.toInteger(): null

18-11-2024T10:22:12 - [TEST_STEP][PASSED] - m = getText(findTestObject("Выполнение бизнес-плана/Период")): Text of object 'Object Repository/Выполнение бизнес-плана/Период' is: '1, 2, 3 кв. 2024 года'

18-11-2024T10:22:42 - [MESSAGE][PASSED] - Text of object 'Object Repository/Выполнение бизнес-плана/Период' is: '1, 2, 3 кв. 2024 года'

18-11-2024T10:22:42 - [TEST_STEP][PASSED] - m = m.substring(0, m.indexOf("2024")): null

18-11-2024T10:22:42 - [TEST_STEP][PASSED] - m = m.trim(): null

18-11-2024T10:22:42 - [TEST_STEP][PASSED] - dashboardName = "Выполнение бизнес-плана": null

18-11-2024T10:22:42 - [TEST_STEP][PASSED] - workbook01 = getWorkbook(excelFilePath): null

18-11-2024T10:22:42 - [TEST_STEP][PASSED] - sheet01 = getExcelSheet(workbook01, sheetName): null

18-11-2024T10:22:42 - [TEST_STEP][PASSED] - setValueToCellByIndex(sheet01, n, 0, dashboardName): null

18-11-2024T10:22:42 - [TEST_STEP][PASSED] - setValueToCellByIndex(sheet01, n, 1, dZO): null

18-11-2024T10:22:42 - [TEST_STEP][PASSED] - setValueToCellByIndex(sheet01, n, 2, typeOfData): null

18-11-2024T10:22:42 - [TEST_STEP][PASSED] - if (typeOfData == "Факт в процентах" || typeOfData == "План в процентах"): null

18-11-2024T10:22:42 - [TEST_STEP][PASSED] - else: null

18-11-2024T10:22:42 - [TEST_STEP][PASSED] - setValueToCellByIndex(sheet01, n, 3, fileInt): null

18-11-2024T10:22:42 - [TEST_STEP][PASSED] - setValueToCellByIndex(sheet01, n, 4, "нет данных"): null

18-11-2024T10:22:42 - [TEST_STEP][PASSED] - setValueToCellByIndex(sheet01, n, 5, m): null

18-11-2024T10:22:42 - [TEST_STEP][PASSED] - setValueToCellByIndex(sheet01, n, 6, y): null

18-11-2024T10:22:42 - [TEST_STEP][PASSED] - setValueToCellByIndex(sheet01, n, 7, todaysDate): null

18-11-2024T10:22:42 - [TEST_STEP][PASSED] - n = n + 1: null

18-11-2024T10:22:42 - [TEST_STEP][PASSED] - saveWorkbook(excelFilePath, workbook01): null

18-11-2024T10:22:43 - [TEST_STEP][PASSED] - typeOfData = "План в процентах": null

18-11-2024T10:22:43 - [TEST_STEP][PASSED] - fileDouble = ").toDouble(): null

18-11-2024T10:22:43 - [TEST_STEP][PASSED] - Script1718980020443.WriteToExcelNoData(a, typeOfData, todaysDate, fileInt, fileDouble, dZO): null

18-11-2024T10:22:43 - [TEST_STEP][PASSED] - sheetName = "Sheet1": null

18-11-2024T10:22:43 - [TEST_STEP][PASSED] - data = findTestData("PlanFact"): null

18-11-2024T10:22:43 - [TEST_STEP][PASSED] - n = data.getRowNumbers() + 1: null

18-11-2024T10:22:43 - [TEST_STEP][PASSED] - year = todaysDate.substring(todaysDate.length() - 4, todaysDate.length()): null

18-11-2024T10:22:43 - [TEST_STEP][PASSED] - y = year.toInteger(): null

18-11-2024T10:22:43 - [TEST_STEP][PASSED] - m = getText(findTestObject("Выполнение бизнес-плана/Период")): Text of object 'Object Repository/Выполнение бизнес-плана/Период' is: '1, 2, 3 кв. 2024 года'

18-11-2024T10:23:13 - [MESSAGE][PASSED] - Text of object 'Object Repository/Выполнение бизнес-плана/Период' is: '1, 2, 3 кв. 2024 года'

18-11-2024T10:23:13 - [TEST_STEP][PASSED] - m = m.substring(0, m.indexOf("2024")): null

18-11-2024T10:23:13 - [TEST_STEP][PASSED] - m = m.trim(): null

18-11-2024T10:23:13 - [TEST_STEP][PASSED] - dashboardName = "Выполнение бизнес-плана": null

18-11-2024T10:23:13 - [TEST_STEP][PASSED] - workbook01 = getWorkbook(excelFilePath): null

18-11-2024T10:23:13 - [TEST_STEP][PASSED] - sheet01 = getExcelSheet(workbook01, sheetName): null

18-11-2024T10:23:13 - [TEST_STEP][PASSED] - setValueToCellByIndex(sheet01, n, 0, dashboardName): null

18-11-2024T10:23:13 - [TEST_STEP][PASSED] - setValueToCellByIndex(sheet01, n, 1, dZO): null

18-11-2024T10:23:13 - [TEST_STEP][PASSED] - setValueToCellByIndex(sheet01, n, 2, typeOfData): null

18-11-2024T10:23:13 - [TEST_STEP][PASSED] - if (typeOfData == "Факт в процентах" || typeOfData == "План в процентах"): null

18-11-2024T10:23:13 - [TEST_STEP][PASSED] - setValueToCellByIndex(sheet01, n, 3, fileDouble): null

18-11-2024T10:23:13 - [TEST_STEP][PASSED] - setValueToCellByIndex(sheet01, n, 4, "нет данных"): null

18-11-2024T10:23:13 - [TEST_STEP][PASSED] - setValueToCellByIndex(sheet01, n, 5, m): null

18-11-2024T10:23:13 - [TEST_STEP][PASSED] - setValueToCellByIndex(sheet01, n, 6, y): null

18-11-2024T10:23:13 - [TEST_STEP][PASSED] - setValueToCellByIndex(sheet01, n, 7, todaysDate): null

18-11-2024T10:23:13 - [TEST_STEP][PASSED] - n = n + 1: null

18-11-2024T10:23:13 - [TEST_STEP][PASSED] - saveWorkbook(excelFilePath, workbook01): null

18-11-2024T10:23:13 - [TEST_STEP][PASSED] - typeOfData = "Факт в процентах": null

18-11-2024T10:23:13 - [TEST_STEP][PASSED] - fileDouble = ").toDouble(): null

18-11-2024T10:23:13 - [TEST_STEP][PASSED] - Script1718980020443.WriteToExcelNoData(a, typeOfData, todaysDate, fileInt, fileDouble, dZO): null

18-11-2024T10:23:13 - [TEST_STEP][PASSED] - sheetName = "Sheet1": null

18-11-2024T10:23:13 - [TEST_STEP][PASSED] - data = findTestData("PlanFact"): null

18-11-2024T10:23:13 - [TEST_STEP][PASSED] - n = data.getRowNumbers() + 1: null

18-11-2024T10:23:13 - [TEST_STEP][PASSED] - year = todaysDate.substring(todaysDate.length() - 4, todaysDate.length()): null

18-11-2024T10:23:13 - [TEST_STEP][PASSED] - y = year.toInteger(): null

18-11-2024T10:23:13 - [TEST_STEP][PASSED] - m = getText(findTestObject("Выполнение бизнес-плана/Период")): Text of object 'Object Repository/Выполнение бизнес-плана/Период' is: '1, 2, 3 кв. 2024 года'

18-11-2024T10:23:43 - [MESSAGE][PASSED] - Text of object 'Object Repository/Выполнение бизнес-плана/Период' is: '1, 2, 3 кв. 2024 года'

18-11-2024T10:23:43 - [TEST_STEP][PASSED] - m = m.substring(0, m.indexOf("2024")): null

18-11-2024T10:23:43 - [TEST_STEP][PASSED] - m = m.trim(): null

18-11-2024T10:23:43 - [TEST_STEP][PASSED] - dashboardName = "Выполнение бизнес-плана": null

18-11-2024T10:23:43 - [TEST_STEP][PASSED] - workbook01 = getWorkbook(excelFilePath): null

18-11-2024T10:23:43 - [TEST_STEP][PASSED] - sheet01 = getExcelSheet(workbook01, sheetName): null

18-11-2024T10:23:43 - [TEST_STEP][PASSED] - setValueToCellByIndex(sheet01, n, 0, dashboardName): null

18-11-2024T10:23:43 - [TEST_STEP][PASSED] - setValueToCellByIndex(sheet01, n, 1, dZO): null

18-11-2024T10:23:43 - [TEST_STEP][PASSED] - setValueToCellByIndex(sheet01, n, 2, typeOfData): null

18-11-2024T10:23:43 - [TEST_STEP][PASSED] - if (typeOfData == "Факт в процентах" || typeOfData == "План в процентах"): null

18-11-2024T10:23:43 - [TEST_STEP][PASSED] - setValueToCellByIndex(sheet01, n, 3, fileDouble): null

18-11-2024T10:23:43 - [TEST_STEP][PASSED] - setValueToCellByIndex(sheet01, n, 4, "нет данных"): null

18-11-2024T10:23:43 - [TEST_STEP][PASSED] - setValueToCellByIndex(sheet01, n, 5, m): null

18-11-2024T10:23:43 - [TEST_STEP][PASSED] - setValueToCellByIndex(sheet01, n, 6, y): null

18-11-2024T10:23:43 - [TEST_STEP][PASSED] - setValueToCellByIndex(sheet01, n, 7, todaysDate): null

18-11-2024T10:23:43 - [TEST_STEP][PASSED] - n = n + 1: null

18-11-2024T10:23:43 - [TEST_STEP][PASSED] - saveWorkbook(excelFilePath, workbook01): null

18-11-2024T10:23:44 - [TEST_STEP][PASSED] - println(dzoNum): null

18-11-2024T10:23:44 - [TEST_STEP][PASSED] - dZO = "Россети Сибирь": null

18-11-2024T10:23:44 - [TEST_STEP][PASSED] - a = 44: null

18-11-2024T10:23:44 - [TEST_STEP][PASSED] - if (x1.contains(dZO)): null

18-11-2024T10:23:44 - [TEST_STEP][PASSED] - dzoNum = dzoNum + 1: null

18-11-2024T10:23:44 - [TEST_STEP][PASSED] - Script1718980020443.Numbers(a, typeOfData, todaysDate, pageInt, fileInt, pageDouble, fileDouble, dZO, dzoNum, filialNum): null

18-11-2024T10:23:44 - [TEST_STEP][PASSED] - println(dzoNum): null

18-11-2024T10:23:44 - [TEST_STEP][PASSED] - planFact = <not implemented yet for class: org.codehaus.groovy.ast.expr.EmptyExpression>: null

18-11-2024T10:23:44 - [TEST_STEP][PASSED] - page = <not implemented yet for class: org.codehaus.groovy.ast.expr.EmptyExpression>: null

18-11-2024T10:23:44 - [TEST_STEP][PASSED] - page1 = <not implemented yet for class: org.codehaus.groovy.ast.expr.EmptyExpression>: null

18-11-2024T10:23:44 - [TEST_STEP][PASSED] - page2 = <not implemented yet for class: org.codehaus.groovy.ast.expr.EmptyExpression>: null

18-11-2024T10:23:44 - [TEST_STEP][PASSED] - filialNumberInRow = <not implemented yet for class: org.codehaus.groovy.ast.expr.EmptyExpression>: null

18-11-2024T10:23:44 - [TEST_STEP][PASSED] - filialsDzoNames = <not implemented yet for class: org.codehaus.groovy.ast.expr.EmptyExpression>: null

18-11-2024T10:23:44 - [TEST_STEP][PASSED] - numberOfFilials = <not implemented yet for class: org.codehaus.groovy.ast.expr.EmptyExpression>: null

18-11-2024T10:23:44 - [TEST_STEP][PASSED] - numberOfSpaces = <not implemented yet for class: org.codehaus.groovy.ast.expr.EmptyExpression>: null

18-11-2024T10:23:44 - [TEST_STEP][PASSED] - file = <not implemented yet for class: org.codehaus.groovy.ast.expr.EmptyExpression>: null

18-11-2024T10:23:44 - [TEST_STEP][PASSED] - otpusk = <not implemented yet for class: org.codehaus.groovy.ast.expr.EmptyExpression>: null

18-11-2024T10:23:44 - [TEST_STEP][PASSED] - poteri = <not implemented yet for class: org.codehaus.groovy.ast.expr.EmptyExpression>: null

18-11-2024T10:23:44 - [TEST_STEP][PASSED] - dataFolder = "Выполнение бизнес-плана/Значения со страницы Выполнение бизнес-плана/": null

18-11-2024T10:23:44 - [TEST_STEP][PASSED] - path = <not implemented yet for class: org.codehaus.groovy.ast.expr.EmptyExpression>: null

18-11-2024T10:23:44 - [TEST_STEP][PASSED] - typeOfDataMain = <not implemented yet for class: org.codehaus.groovy.ast.expr.EmptyExpression>: null

18-11-2024T10:23:44 - [TEST_STEP][PASSED] - fileOtpuskVSet = <not implemented yet for class: org.codehaus.groovy.ast.expr.EmptyExpression>: null

18-11-2024T10:23:44 - [TEST_STEP][PASSED] - pageOtpuskVSet = <not implemented yet for class: org.codehaus.groovy.ast.expr.EmptyExpression>: null

18-11-2024T10:23:44 - [TEST_STEP][PASSED] - filePoteri = <not implemented yet for class: org.codehaus.groovy.ast.expr.EmptyExpression>: null

18-11-2024T10:23:44 - [TEST_STEP][PASSED] - pagePoteri = <not implemented yet for class: org.codehaus.groovy.ast.expr.EmptyExpression>: null

18-11-2024T10:23:44 - [TEST_STEP][PASSED] - compare = <not implemented yet for class: org.codehaus.groovy.ast.expr.EmptyExpression>: null

18-11-2024T10:23:44 - [TEST_STEP][PASSED] - b = <not implemented yet for class: org.codehaus.groovy.ast.expr.EmptyExpression>: null

18-11-2024T10:23:44 - [TEST_STEP][PASSED] - i = <not implemented yet for class: org.codehaus.groovy.ast.expr.EmptyExpression>: null

18-11-2024T10:23:44 - [TEST_STEP][PASSED] - ii = <not implemented yet for class: org.codehaus.groovy.ast.expr.EmptyExpression>: null

18-11-2024T10:23:44 - [TEST_STEP][PASSED] - c = <not implemented yet for class: org.codehaus.groovy.ast.expr.EmptyExpression>: null

18-11-2024T10:23:44 - [TEST_STEP][PASSED] - numberOfErrors = 0: null

18-11-2024T10:23:44 - [TEST_STEP][PASSED] - if (a == 82): null

18-11-2024T10:23:44 - [TEST_STEP][PASSED] - b = findTestData("PlanFact").getValue(1, a): null

18-11-2024T10:23:44 - [TEST_STEP][PASSED] - i = b.indexOf(" (ГК)"): null

18-11-2024T10:23:44 - [TEST_STEP][PASSED] - if (i > -1): null

18-11-2024T10:23:44 - [TEST_STEP][PASSED] - i = b.indexOf("О ""): null

18-11-2024T10:23:44 - [TEST_STEP][PASSED] - if (i > -1): null

18-11-2024T10:23:44 - [TEST_STEP][PASSED] - i = b.indexOf("О «"): null

18-11-2024T10:23:44 - [TEST_STEP][PASSED] - if (i > -1): null

18-11-2024T10:23:44 - [TEST_STEP][PASSED] - i = b.indexOf("г. "): null

18-11-2024T10:23:44 - [TEST_STEP][PASSED] - if (i > -1): null

18-11-2024T10:23:44 - [TEST_STEP][PASSED] - println(b): null

18-11-2024T10:23:44 - [TEST_STEP][PASSED] - for ([planFact = 1, planFact < 3, (planFact++)]): null

18-11-2024T10:23:44 - [TEST_STEP][PASSED] - if (planFact == 1): null

18-11-2024T10:23:44 - [TEST_STEP][PASSED] - typeOfDataMain = "Факт": null

18-11-2024T10:23:44 - [TEST_STEP][PASSED] - otpusk = findTestData("PlanFact").getValue(5, a): null

18-11-2024T10:23:44 - [TEST_STEP][PASSED] - poteri = findTestData("PlanFact").getValue(6, a): null

18-11-2024T10:23:44 - [TEST_STEP][PASSED] - otpusk = otpusk.replaceAll("\s+", ""): null

18-11-2024T10:23:44 - [TEST_STEP][PASSED] - poteri = poteri.replaceAll("\s+", ""): null

18-11-2024T10:23:44 - [TEST_STEP][PASSED] - typeOfData = typeOfDataMain + " Отпуск в сеть": null

18-11-2024T10:23:44 - [TEST_STEP][PASSED] - if (a == 82): null

18-11-2024T10:23:44 - [TEST_STEP][PASSED] - else if (a == 84): null

18-11-2024T10:23:44 - [TEST_STEP][PASSED] - else if (a == 52 || a == 72 || a == 28 || a == 73 || a == 77 || a == 74 || a == 65 || a == 36 || a == 44 || a == 53 || a == 80 || a == 54 || a == 1 || a == 18 || a == 59 || a == 81): null

18-11-2024T10:23:44 - [TEST_STEP][PASSED] - path = dataFolder + "Table Data/" + typeOfData + " за отчётный период " + dzoNum: null

18-11-2024T10:23:44 - [TEST_STEP][PASSED] - println(path): null

18-11-2024T10:23:44 - [TEST_STEP][PASSED] - page = getText(findTestObject(path)): Text of object 'Object Repository/Выполнение бизнес-плана/Значения со страницы Выполнение бизнес-плана/Table Data/Факт Отпуск в сеть за отчётный период 4' is: '46 928 172'

18-11-2024T10:24:14 - [MESSAGE][PASSED] - Text of object 'Object Repository/Выполнение бизнес-плана/Значения со страницы Выполнение бизнес-плана/Table Data/Факт Отпуск в сеть за отчётный период 4' is: '46 928 172'

18-11-2024T10:24:14 - [TEST_STEP][PASSED] - page = page.replaceAll("\s+", ""): null

18-11-2024T10:24:14 - [TEST_STEP][PASSED] - fileOtpuskVSet = otpusk.toInteger(): null

18-11-2024T10:24:14 - [TEST_STEP][PASSED] - pageOtpuskVSet = page.toInteger(): null

18-11-2024T10:24:14 - [TEST_STEP][PASSED] - typeOfData = typeOfDataMain + " Потери": null

18-11-2024T10:24:14 - [TEST_STEP][PASSED] - if (a == 82): null

18-11-2024T10:24:14 - [TEST_STEP][PASSED] - else if (a == 84): null

18-11-2024T10:24:14 - [TEST_STEP][PASSED] - else if (a == 52 || a == 72 || a == 28 || a == 73 || a == 77 || a == 74 || a == 65 || a == 36 || a == 44 || a == 53 || a == 80 || a == 54 || a == 1 || a == 18 || a == 59 || a == 81): null

18-11-2024T10:24:14 - [TEST_STEP][PASSED] - path = dataFolder + "Table Data/" + typeOfData + " за отчётный период " + dzoNum: null

18-11-2024T10:24:14 - [TEST_STEP][PASSED] - page = getText(findTestObject(path)): Text of object 'Object Repository/Выполнение бизнес-плана/Значения со страницы Выполнение бизнес-плана/Table Data/Факт Потери за отчётный период 4' is: '3 249 406'

18-11-2024T10:24:44 - [MESSAGE][PASSED] - Text of object 'Object Repository/Выполнение бизнес-плана/Значения со страницы Выполнение бизнес-плана/Table Data/Факт Потери за отчётный период 4' is: '3 249 406'

18-11-2024T10:24:44 - [TEST_STEP][PASSED] - page = page.replaceAll("\s+", ""): null

18-11-2024T10:24:44 - [TEST_STEP][PASSED] - filePoteri = poteri.toInteger(): null

18-11-2024T10:24:44 - [TEST_STEP][PASSED] - pagePoteri = page.toInteger(): null

18-11-2024T10:24:44 - [TEST_STEP][PASSED] - compare = pageOtpuskVSet: null

18-11-2024T10:24:44 - [TEST_STEP][PASSED] - if (compare == fileOtpuskVSet): null

18-11-2024T10:24:44 - [TEST_STEP][PASSED] - else if (compare > fileOtpuskVSet): null

18-11-2024T10:24:44 - [TEST_STEP][PASSED] - compare = compare - 1: null

18-11-2024T10:24:44 - [TEST_STEP][PASSED] - if (compare == fileOtpuskVSet): null

18-11-2024T10:24:44 - [TEST_STEP][PASSED] - else: null

18-11-2024T10:24:44 - [TEST_STEP][PASSED] - numberOfErrors = numberOfErrors + 1: null

18-11-2024T10:24:44 - [TEST_STEP][PASSED] - pageInt = pageOtpuskVSet: null

18-11-2024T10:24:44 - [TEST_STEP][PASSED] - fileInt = fileOtpuskVSet: null

18-11-2024T10:24:44 - [TEST_STEP][PASSED] - typeOfData = typeOfDataMain + " Отпуск в сеть": null

18-11-2024T10:24:44 - [TEST_STEP][PASSED] - Script1718980020443.WriteToExcel(a, typeOfData, todaysDate, pageInt, fileInt, pageDouble, fileDouble, dZO): null

18-11-2024T10:24:44 - [TEST_STEP][PASSED] - sheetName = "Sheet1": null

18-11-2024T10:24:44 - [TEST_STEP][PASSED] - data = findTestData("PlanFact"): null

18-11-2024T10:24:44 - [TEST_STEP][PASSED] - n = data.getRowNumbers() + 1: null

18-11-2024T10:24:44 - [TEST_STEP][PASSED] - year = todaysDate.substring(todaysDate.length() - 4, todaysDate.length()): null

18-11-2024T10:24:44 - [TEST_STEP][PASSED] - y = year.toInteger(): null

18-11-2024T10:24:44 - [TEST_STEP][PASSED] - m = getText(findTestObject("Выполнение бизнес-плана/Период")): Text of object 'Object Repository/Выполнение бизнес-плана/Период' is: '1, 2, 3 кв. 2024 года'

18-11-2024T10:25:14 - [MESSAGE][PASSED] - Text of object 'Object Repository/Выполнение бизнес-плана/Период' is: '1, 2, 3 кв. 2024 года'

18-11-2024T10:25:14 - [TEST_STEP][PASSED] - m = m.substring(0, m.indexOf("2024")): null

18-11-2024T10:25:14 - [TEST_STEP][PASSED] - m = m.trim(): null

18-11-2024T10:25:14 - [TEST_STEP][PASSED] - dashboardName = "Выполнение бизнес-плана": null

18-11-2024T10:25:14 - [TEST_STEP][PASSED] - workbook01 = getWorkbook(excelFilePath): null

18-11-2024T10:25:14 - [TEST_STEP][PASSED] - sheet01 = getExcelSheet(workbook01, sheetName): null

18-11-2024T10:25:14 - [TEST_STEP][PASSED] - setValueToCellByIndex(sheet01, n, 0, dashboardName): null

18-11-2024T10:25:14 - [TEST_STEP][PASSED] - setValueToCellByIndex(sheet01, n, 1, dZO): null

18-11-2024T10:25:14 - [TEST_STEP][PASSED] - setValueToCellByIndex(sheet01, n, 2, typeOfData): null

18-11-2024T10:25:14 - [TEST_STEP][PASSED] - if (typeOfData == "Факт в процентах" || typeOfData == "План в процентах"): null

18-11-2024T10:25:14 - [TEST_STEP][PASSED] - else: null

18-11-2024T10:25:14 - [TEST_STEP][PASSED] - setValueToCellByIndex(sheet01, n, 3, fileInt): null

18-11-2024T10:25:14 - [TEST_STEP][PASSED] - setValueToCellByIndex(sheet01, n, 4, pageInt): null

18-11-2024T10:25:14 - [TEST_STEP][PASSED] - setValueToCellByIndex(sheet01, n, 5, m): null

18-11-2024T10:25:14 - [TEST_STEP][PASSED] - setValueToCellByIndex(sheet01, n, 6, y): null

18-11-2024T10:25:14 - [TEST_STEP][PASSED] - setValueToCellByIndex(sheet01, n, 7, todaysDate): null

18-11-2024T10:25:14 - [TEST_STEP][PASSED] - n = n + 1: null

18-11-2024T10:25:14 - [TEST_STEP][PASSED] - saveWorkbook(excelFilePath, workbook01): null

18-11-2024T10:25:14 - [TEST_STEP][PASSED] - compare = pagePoteri: null

18-11-2024T10:25:14 - [TEST_STEP][PASSED] - if (compare == filePoteri): null

18-11-2024T10:25:14 - [TEST_STEP][PASSED] - else if (compare > filePoteri): null

18-11-2024T10:25:14 - [TEST_STEP][PASSED] - compare = compare - 1: null

18-11-2024T10:25:14 - [TEST_STEP][PASSED] - if (compare == filePoteri): null

18-11-2024T10:25:14 - [TEST_STEP][PASSED] - else: null

18-11-2024T10:25:14 - [TEST_STEP][PASSED] - numberOfErrors = numberOfErrors + 1: null

18-11-2024T10:25:14 - [TEST_STEP][PASSED] - pageInt = pagePoteri: null

18-11-2024T10:25:14 - [TEST_STEP][PASSED] - fileInt = filePoteri: null

18-11-2024T10:25:14 - [TEST_STEP][PASSED] - typeOfData = typeOfDataMain + " Потери": null

18-11-2024T10:25:14 - [TEST_STEP][PASSED] - Script1718980020443.WriteToExcel(a, typeOfData, todaysDate, pageInt, fileInt, pageDouble, fileDouble, dZO): null

18-11-2024T10:25:14 - [TEST_STEP][PASSED] - sheetName = "Sheet1": null

18-11-2024T10:25:14 - [TEST_STEP][PASSED] - data = findTestData("PlanFact"): null

18-11-2024T10:25:14 - [TEST_STEP][PASSED] - n = data.getRowNumbers() + 1: null

18-11-2024T10:25:14 - [TEST_STEP][PASSED] - year = todaysDate.substring(todaysDate.length() - 4, todaysDate.length()): null

18-11-2024T10:25:14 - [TEST_STEP][PASSED] - y = year.toInteger(): null

18-11-2024T10:25:14 - [TEST_STEP][PASSED] - m = getText(findTestObject("Выполнение бизнес-плана/Период")): Text of object 'Object Repository/Выполнение бизнес-плана/Период' is: '1, 2, 3 кв. 2024 года'

18-11-2024T10:25:44 - [MESSAGE][PASSED] - Text of object 'Object Repository/Выполнение бизнес-плана/Период' is: '1, 2, 3 кв. 2024 года'

18-11-2024T10:25:44 - [TEST_STEP][PASSED] - m = m.substring(0, m.indexOf("2024")): null

18-11-2024T10:25:44 - [TEST_STEP][PASSED] - m = m.trim(): null

18-11-2024T10:25:44 - [TEST_STEP][PASSED] - dashboardName = "Выполнение бизнес-плана": null

18-11-2024T10:25:44 - [TEST_STEP][PASSED] - workbook01 = getWorkbook(excelFilePath): null

18-11-2024T10:25:44 - [TEST_STEP][PASSED] - sheet01 = getExcelSheet(workbook01, sheetName): null

18-11-2024T10:25:44 - [TEST_STEP][PASSED] - setValueToCellByIndex(sheet01, n, 0, dashboardName): null

18-11-2024T10:25:44 - [TEST_STEP][PASSED] - setValueToCellByIndex(sheet01, n, 1, dZO): null

18-11-2024T10:25:44 - [TEST_STEP][PASSED] - setValueToCellByIndex(sheet01, n, 2, typeOfData): null

18-11-2024T10:25:44 - [TEST_STEP][PASSED] - if (typeOfData == "Факт в процентах" || typeOfData == "План в процентах"): null

18-11-2024T10:25:44 - [TEST_STEP][PASSED] - else: null

18-11-2024T10:25:44 - [TEST_STEP][PASSED] - setValueToCellByIndex(sheet01, n, 3, fileInt): null

18-11-2024T10:25:44 - [TEST_STEP][PASSED] - setValueToCellByIndex(sheet01, n, 4, pageInt): null

18-11-2024T10:25:44 - [TEST_STEP][PASSED] - setValueToCellByIndex(sheet01, n, 5, m): null

18-11-2024T10:25:44 - [TEST_STEP][PASSED] - setValueToCellByIndex(sheet01, n, 6, y): null

18-11-2024T10:25:44 - [TEST_STEP][PASSED] - setValueToCellByIndex(sheet01, n, 7, todaysDate): null

18-11-2024T10:25:44 - [TEST_STEP][PASSED] - n = n + 1: null

18-11-2024T10:25:44 - [TEST_STEP][PASSED] - saveWorkbook(excelFilePath, workbook01): null

18-11-2024T10:25:45 - [TEST_STEP][PASSED] - if (planFact == 2): null

18-11-2024T10:25:45 - [TEST_STEP][PASSED] - if (planFact == 1): null

18-11-2024T10:25:45 - [TEST_STEP][PASSED] - else if (planFact == 2): null

18-11-2024T10:25:45 - [TEST_STEP][PASSED] - click(findTestObject("Выполнение бизнес-плана/Кнопка План")): Object: 'Object Repository/Выполнение бизнес-плана/Кнопка План' is clicked on

18-11-2024T10:26:15 - [MESSAGE][PASSED] - Object: 'Object Repository/Выполнение бизнес-плана/Кнопка План' is clicked on

18-11-2024T10:26:15 - [TEST_STEP][PASSED] - typeOfDataMain = "План": null

18-11-2024T10:26:15 - [TEST_STEP][PASSED] - otpusk = findTestData("PlanFact").getValue(2, a): null

18-11-2024T10:26:15 - [TEST_STEP][PASSED] - poteri = findTestData("PlanFact").getValue(3, a): null

18-11-2024T10:26:15 - [TEST_STEP][PASSED] - otpusk = otpusk.replaceAll("\s+", ""): null

18-11-2024T10:26:15 - [TEST_STEP][PASSED] - poteri = poteri.replaceAll("\s+", ""): null

18-11-2024T10:26:15 - [TEST_STEP][PASSED] - typeOfData = typeOfDataMain + " Отпуск в сеть": null

18-11-2024T10:26:15 - [TEST_STEP][PASSED] - if (a == 82): null

18-11-2024T10:26:15 - [TEST_STEP][PASSED] - else if (a == 84): null

18-11-2024T10:26:15 - [TEST_STEP][PASSED] - else if (a == 52 || a == 72 || a == 28 || a == 73 || a == 77 || a == 74 || a == 65 || a == 36 || a == 44 || a == 53 || a == 80 || a == 54 || a == 1 || a == 18 || a == 59 || a == 81): null

18-11-2024T10:26:15 - [TEST_STEP][PASSED] - path = dataFolder + "Table Data/" + typeOfData + " за отчётный период " + dzoNum: null

18-11-2024T10:26:15 - [TEST_STEP][PASSED] - println(path): null

18-11-2024T10:26:15 - [TEST_STEP][PASSED] - page = getText(findTestObject(path)): Text of object 'Object Repository/Выполнение бизнес-плана/Значения со страницы Выполнение бизнес-плана/Table Data/План Отпуск в сеть за отчётный период 4' is: '44 875 501'

18-11-2024T10:26:45 - [MESSAGE][PASSED] - Text of object 'Object Repository/Выполнение бизнес-плана/Значения со страницы Выполнение бизнес-плана/Table Data/План Отпуск в сеть за отчётный период 4' is: '44 875 501'

18-11-2024T10:26:45 - [TEST_STEP][PASSED] - page = page.replaceAll("\s+", ""): null

18-11-2024T10:26:45 - [TEST_STEP][PASSED] - fileOtpuskVSet = otpusk.toInteger(): null

18-11-2024T10:26:45 - [TEST_STEP][PASSED] - pageOtpuskVSet = page.toInteger(): null

18-11-2024T10:26:45 - [TEST_STEP][PASSED] - typeOfData = typeOfDataMain + " Потери": null

18-11-2024T10:26:45 - [TEST_STEP][PASSED] - if (a == 82): null

18-11-2024T10:26:45 - [TEST_STEP][PASSED] - else if (a == 84): null

18-11-2024T10:26:45 - [TEST_STEP][PASSED] - else if (a == 52 || a == 72 || a == 28 || a == 73 || a == 77 || a == 74 || a == 65 || a == 36 || a == 44 || a == 53 || a == 80 || a == 54 || a == 1 || a == 18 || a == 59 || a == 81): null

18-11-2024T10:26:45 - [TEST_STEP][PASSED] - path = dataFolder + "Table Data/" + typeOfData + " за отчётный период " + dzoNum: null

18-11-2024T10:26:45 - [TEST_STEP][PASSED] - page = getText(findTestObject(path)): Text of object 'Object Repository/Выполнение бизнес-плана/Значения со страницы Выполнение бизнес-плана/Table Data/План Потери за отчётный период 4' is: '3 128 610'

18-11-2024T10:27:15 - [MESSAGE][PASSED] - Text of object 'Object Repository/Выполнение бизнес-плана/Значения со страницы Выполнение бизнес-плана/Table Data/План Потери за отчётный период 4' is: '3 128 610'

18-11-2024T10:27:15 - [TEST_STEP][PASSED] - page = page.replaceAll("\s+", ""): null

18-11-2024T10:27:15 - [TEST_STEP][PASSED] - filePoteri = poteri.toInteger(): null

18-11-2024T10:27:15 - [TEST_STEP][PASSED] - pagePoteri = page.toInteger(): null

18-11-2024T10:27:15 - [TEST_STEP][PASSED] - compare = pageOtpuskVSet: null

18-11-2024T10:27:15 - [TEST_STEP][PASSED] - if (compare == fileOtpuskVSet): null

18-11-2024T10:27:15 - [TEST_STEP][PASSED] - else if (compare > fileOtpuskVSet): null

18-11-2024T10:27:15 - [TEST_STEP][PASSED] - compare = compare - 1: null

18-11-2024T10:27:15 - [TEST_STEP][PASSED] - if (compare == fileOtpuskVSet): null

18-11-2024T10:27:15 - [TEST_STEP][PASSED] - else: null

18-11-2024T10:27:15 - [TEST_STEP][PASSED] - numberOfErrors = numberOfErrors + 1: null

18-11-2024T10:27:15 - [TEST_STEP][PASSED] - pageInt = pageOtpuskVSet: null

18-11-2024T10:27:15 - [TEST_STEP][PASSED] - fileInt = fileOtpuskVSet: null

18-11-2024T10:27:15 - [TEST_STEP][PASSED] - typeOfData = typeOfDataMain + " Отпуск в сеть": null

18-11-2024T10:27:15 - [TEST_STEP][PASSED] - Script1718980020443.WriteToExcel(a, typeOfData, todaysDate, pageInt, fileInt, pageDouble, fileDouble, dZO): null

18-11-2024T10:27:15 - [TEST_STEP][PASSED] - sheetName = "Sheet1": null

18-11-2024T10:27:15 - [TEST_STEP][PASSED] - data = findTestData("PlanFact"): null

18-11-2024T10:27:15 - [TEST_STEP][PASSED] - n = data.getRowNumbers() + 1: null

18-11-2024T10:27:15 - [TEST_STEP][PASSED] - year = todaysDate.substring(todaysDate.length() - 4, todaysDate.length()): null

18-11-2024T10:27:15 - [TEST_STEP][PASSED] - y = year.toInteger(): null

18-11-2024T10:27:15 - [TEST_STEP][PASSED] - m = getText(findTestObject("Выполнение бизнес-плана/Период")): Text of object 'Object Repository/Выполнение бизнес-плана/Период' is: '1, 2, 3 кв. 2024 года'

18-11-2024T10:27:45 - [MESSAGE][PASSED] - Text of object 'Object Repository/Выполнение бизнес-плана/Период' is: '1, 2, 3 кв. 2024 года'

18-11-2024T10:27:45 - [TEST_STEP][PASSED] - m = m.substring(0, m.indexOf("2024")): null

18-11-2024T10:27:45 - [TEST_STEP][PASSED] - m = m.trim(): null

18-11-2024T10:27:45 - [TEST_STEP][PASSED] - dashboardName = "Выполнение бизнес-плана": null

18-11-2024T10:27:45 - [TEST_STEP][PASSED] - workbook01 = getWorkbook(excelFilePath): null

18-11-2024T10:27:45 - [TEST_STEP][PASSED] - sheet01 = getExcelSheet(workbook01, sheetName): null

18-11-2024T10:27:45 - [TEST_STEP][PASSED] - setValueToCellByIndex(sheet01, n, 0, dashboardName): null

18-11-2024T10:27:45 - [TEST_STEP][PASSED] - setValueToCellByIndex(sheet01, n, 1, dZO): null

18-11-2024T10:27:45 - [TEST_STEP][PASSED] - setValueToCellByIndex(sheet01, n, 2, typeOfData): null

18-11-2024T10:27:45 - [TEST_STEP][PASSED] - if (typeOfData == "Факт в процентах" || typeOfData == "План в процентах"): null

18-11-2024T10:27:45 - [TEST_STEP][PASSED] - else: null

18-11-2024T10:27:45 - [TEST_STEP][PASSED] - setValueToCellByIndex(sheet01, n, 3, fileInt): null

18-11-2024T10:27:45 - [TEST_STEP][PASSED] - setValueToCellByIndex(sheet01, n, 4, pageInt): null

18-11-2024T10:27:45 - [TEST_STEP][PASSED] - setValueToCellByIndex(sheet01, n, 5, m): null

18-11-2024T10:27:45 - [TEST_STEP][PASSED] - setValueToCellByIndex(sheet01, n, 6, y): null

18-11-2024T10:27:45 - [TEST_STEP][PASSED] - setValueToCellByIndex(sheet01, n, 7, todaysDate): null

18-11-2024T10:27:45 - [TEST_STEP][PASSED] - n = n + 1: null

18-11-2024T10:27:45 - [TEST_STEP][PASSED] - saveWorkbook(excelFilePath, workbook01): null

18-11-2024T10:27:46 - [TEST_STEP][PASSED] - compare = pagePoteri: null

18-11-2024T10:27:46 - [TEST_STEP][PASSED] - if (compare == filePoteri): null

18-11-2024T10:27:46 - [TEST_STEP][PASSED] - else if (compare > filePoteri): null

18-11-2024T10:27:46 - [TEST_STEP][PASSED] - compare = compare - 1: null

18-11-2024T10:27:46 - [TEST_STEP][PASSED] - if (compare == filePoteri): null

18-11-2024T10:27:46 - [TEST_STEP][PASSED] - else: null

18-11-2024T10:27:46 - [TEST_STEP][PASSED] - numberOfErrors = numberOfErrors + 1: null

18-11-2024T10:27:46 - [TEST_STEP][PASSED] - pageInt = pagePoteri: null

18-11-2024T10:27:46 - [TEST_STEP][PASSED] - fileInt = filePoteri: null

18-11-2024T10:27:46 - [TEST_STEP][PASSED] - typeOfData = typeOfDataMain + " Потери": null

18-11-2024T10:27:46 - [TEST_STEP][PASSED] - Script1718980020443.WriteToExcel(a, typeOfData, todaysDate, pageInt, fileInt, pageDouble, fileDouble, dZO): null

18-11-2024T10:27:46 - [TEST_STEP][PASSED] - sheetName = "Sheet1": null

18-11-2024T10:27:46 - [TEST_STEP][PASSED] - data = findTestData("PlanFact"): null

18-11-2024T10:27:46 - [TEST_STEP][PASSED] - n = data.getRowNumbers() + 1: null

18-11-2024T10:27:46 - [TEST_STEP][PASSED] - year = todaysDate.substring(todaysDate.length() - 4, todaysDate.length()): null

18-11-2024T10:27:46 - [TEST_STEP][PASSED] - y = year.toInteger(): null

18-11-2024T10:27:46 - [TEST_STEP][PASSED] - m = getText(findTestObject("Выполнение бизнес-плана/Период")): Text of object 'Object Repository/Выполнение бизнес-плана/Период' is: '1, 2, 3 кв. 2024 года'

18-11-2024T10:28:16 - [MESSAGE][PASSED] - Text of object 'Object Repository/Выполнение бизнес-плана/Период' is: '1, 2, 3 кв. 2024 года'

18-11-2024T10:28:16 - [TEST_STEP][PASSED] - m = m.substring(0, m.indexOf("2024")): null

18-11-2024T10:28:16 - [TEST_STEP][PASSED] - m = m.trim(): null

18-11-2024T10:28:16 - [TEST_STEP][PASSED] - dashboardName = "Выполнение бизнес-плана": null

18-11-2024T10:28:16 - [TEST_STEP][PASSED] - workbook01 = getWorkbook(excelFilePath): null

18-11-2024T10:28:16 - [TEST_STEP][PASSED] - sheet01 = getExcelSheet(workbook01, sheetName): null

18-11-2024T10:28:16 - [TEST_STEP][PASSED] - setValueToCellByIndex(sheet01, n, 0, dashboardName): null

18-11-2024T10:28:16 - [TEST_STEP][PASSED] - setValueToCellByIndex(sheet01, n, 1, dZO): null

18-11-2024T10:28:16 - [TEST_STEP][PASSED] - setValueToCellByIndex(sheet01, n, 2, typeOfData): null

18-11-2024T10:28:16 - [TEST_STEP][PASSED] - if (typeOfData == "Факт в процентах" || typeOfData == "План в процентах"): null

18-11-2024T10:28:16 - [TEST_STEP][PASSED] - else: null

18-11-2024T10:28:16 - [TEST_STEP][PASSED] - setValueToCellByIndex(sheet01, n, 3, fileInt): null

18-11-2024T10:28:16 - [TEST_STEP][PASSED] - setValueToCellByIndex(sheet01, n, 4, pageInt): null

18-11-2024T10:28:16 - [TEST_STEP][PASSED] - setValueToCellByIndex(sheet01, n, 5, m): null

18-11-2024T10:28:16 - [TEST_STEP][PASSED] - setValueToCellByIndex(sheet01, n, 6, y): null

18-11-2024T10:28:16 - [TEST_STEP][PASSED] - setValueToCellByIndex(sheet01, n, 7, todaysDate): null

18-11-2024T10:28:16 - [TEST_STEP][PASSED] - n = n + 1: null

18-11-2024T10:28:16 - [TEST_STEP][PASSED] - saveWorkbook(excelFilePath, workbook01): Object: 'Object Repository/Выполнение бизнес-плана/Кнопка Факт' is clicked on

18-11-2024T10:28:16 - [TEST_STEP][PASSED] - if (planFact == 2): Object: 'Object Repository/Выполнение бизнес-плана/Кнопка Факт' is clicked on

18-11-2024T10:28:16 - [TEST_STEP][PASSED] - click(findTestObject("Выполнение бизнес-плана/Кнопка Факт")): Object: 'Object Repository/Выполнение бизнес-плана/Кнопка Факт' is clicked on

18-11-2024T10:28:46 - [MESSAGE][PASSED] - Object: 'Object Repository/Выполнение бизнес-плана/Кнопка Факт' is clicked on

18-11-2024T10:28:46 - [TEST_STEP][PASSED] - if (a == 84 || a == 82): null

18-11-2024T10:28:46 - [TEST_STEP][PASSED] - else if (a == 52 || a == 72 || a == 28 || a == 73 || a == 77 || a == 74 || a == 65 || a == 36 || a == 44 || a == 53 || a == 80 || a == 54 || a == 1 || a == 18 || a == 59 || a == 81): null

18-11-2024T10:28:46 - [TEST_STEP][PASSED] - page1 = getText(findTestObject("Object Repository/Выполнение бизнес-плана/spanPlan" + dzoNum)): Text of object 'Object Repository/Выполнение бизнес-плана/spanPlan4' is: '6.97
|'

18-11-2024T10:29:16 - [MESSAGE][PASSED] - Text of object 'Object Repository/Выполнение бизнес-плана/spanPlan4' is: '6.97
|'

18-11-2024T10:29:16 - [TEST_STEP][PASSED] - page1 = page1.replace("|", ""): null

18-11-2024T10:29:16 - [TEST_STEP][PASSED] - page2 = getText(findTestObject("Object Repository/Выполнение бизнес-плана/spanFact" + dzoNum)): Text of object 'Object Repository/Выполнение бизнес-плана/spanFact4' is: '6.92'

18-11-2024T10:29:46 - [MESSAGE][PASSED] - Text of object 'Object Repository/Выполнение бизнес-плана/spanFact4' is: '6.92'

18-11-2024T10:29:46 - [TEST_STEP][PASSED] - page2 = page2.replace("|", ""): null

18-11-2024T10:29:46 - [TEST_STEP][PASSED] - println("page1: " + page1): null

18-11-2024T10:29:46 - [TEST_STEP][PASSED] - println("page2: " + page2): null

18-11-2024T10:29:46 - [TEST_STEP][PASSED] - file = findTestData("PlanFact").getValue(4, a): null

18-11-2024T10:29:46 - [TEST_STEP][PASSED] - file = file.replace(",", "."): null

18-11-2024T10:29:46 - [TEST_STEP][PASSED] - println("file Plan: " + file): null

18-11-2024T10:29:46 - [TEST_STEP][PASSED] - typeOfData = "План в процентах": null

18-11-2024T10:29:46 - [TEST_STEP][PASSED] - fileDouble = file.toDouble(): null

18-11-2024T10:29:46 - [TEST_STEP][PASSED] - pageDouble = page1.toDouble(): null

18-11-2024T10:29:46 - [TEST_STEP][PASSED] - if (fileDouble != pageDouble): null

18-11-2024T10:29:46 - [TEST_STEP][PASSED] - numberOfErrors = numberOfErrors + 1: null

18-11-2024T10:29:46 - [TEST_STEP][PASSED] - Script1718980020443.WriteToExcel(a, typeOfData, todaysDate, pageInt, fileInt, pageDouble, fileDouble, dZO): null

18-11-2024T10:29:46 - [TEST_STEP][PASSED] - sheetName = "Sheet1": null

18-11-2024T10:29:46 - [TEST_STEP][PASSED] - data = findTestData("PlanFact"): null

18-11-2024T10:29:46 - [TEST_STEP][PASSED] - n = data.getRowNumbers() + 1: null

18-11-2024T10:29:46 - [TEST_STEP][PASSED] - year = todaysDate.substring(todaysDate.length() - 4, todaysDate.length()): null

18-11-2024T10:29:46 - [TEST_STEP][PASSED] - y = year.toInteger(): null

18-11-2024T10:29:46 - [TEST_STEP][PASSED] - m = getText(findTestObject("Выполнение бизнес-плана/Период")): Text of object 'Object Repository/Выполнение бизнес-плана/Период' is: '1, 2, 3 кв. 2024 года'

18-11-2024T10:30:16 - [MESSAGE][PASSED] - Text of object 'Object Repository/Выполнение бизнес-плана/Период' is: '1, 2, 3 кв. 2024 года'

18-11-2024T10:30:16 - [TEST_STEP][PASSED] - m = m.substring(0, m.indexOf("2024")): null

18-11-2024T10:30:16 - [TEST_STEP][PASSED] - m = m.trim(): null

18-11-2024T10:30:16 - [TEST_STEP][PASSED] - dashboardName = "Выполнение бизнес-плана": null

18-11-2024T10:30:16 - [TEST_STEP][PASSED] - workbook01 = getWorkbook(excelFilePath): null

18-11-2024T10:30:16 - [TEST_STEP][PASSED] - sheet01 = getExcelSheet(workbook01, sheetName): null

18-11-2024T10:30:16 - [TEST_STEP][PASSED] - setValueToCellByIndex(sheet01, n, 0, dashboardName): null

18-11-2024T10:30:16 - [TEST_STEP][PASSED] - setValueToCellByIndex(sheet01, n, 1, dZO): null

18-11-2024T10:30:16 - [TEST_STEP][PASSED] - setValueToCellByIndex(sheet01, n, 2, typeOfData): null

18-11-2024T10:30:16 - [TEST_STEP][PASSED] - if (typeOfData == "Факт в процентах" || typeOfData == "План в процентах"): null

18-11-2024T10:30:16 - [TEST_STEP][PASSED] - setValueToCellByIndex(sheet01, n, 3, fileDouble): null

18-11-2024T10:30:16 - [TEST_STEP][PASSED] - setValueToCellByIndex(sheet01, n, 4, pageDouble): null

18-11-2024T10:30:16 - [TEST_STEP][PASSED] - setValueToCellByIndex(sheet01, n, 5, m): null

18-11-2024T10:30:16 - [TEST_STEP][PASSED] - setValueToCellByIndex(sheet01, n, 6, y): null

18-11-2024T10:30:16 - [TEST_STEP][PASSED] - setValueToCellByIndex(sheet01, n, 7, todaysDate): null

18-11-2024T10:30:16 - [TEST_STEP][PASSED] - n = n + 1: null

18-11-2024T10:30:16 - [TEST_STEP][PASSED] - saveWorkbook(excelFilePath, workbook01): null

18-11-2024T10:30:17 - [TEST_STEP][PASSED] - file = findTestData("PlanFact").getValue(7, a): null

18-11-2024T10:30:17 - [TEST_STEP][PASSED] - file = file.replace(",", "."): null

18-11-2024T10:30:17 - [TEST_STEP][PASSED] - println("file Fact: " + file): null

18-11-2024T10:30:17 - [TEST_STEP][PASSED] - fileDouble = file.toDouble(): null

18-11-2024T10:30:17 - [TEST_STEP][PASSED] - typeOfData = "Факт в процентах": null

18-11-2024T10:30:17 - [TEST_STEP][PASSED] - fileDouble = file.toDouble(): null

18-11-2024T10:30:17 - [TEST_STEP][PASSED] - pageDouble = page2.toDouble(): null

18-11-2024T10:30:17 - [TEST_STEP][PASSED] - if (fileDouble != pageDouble): null

18-11-2024T10:30:17 - [TEST_STEP][PASSED] - numberOfErrors = numberOfErrors + 1: null

18-11-2024T10:30:17 - [TEST_STEP][PASSED] - Script1718980020443.WriteToExcel(a, typeOfData, todaysDate, pageInt, fileInt, pageDouble, fileDouble, dZO): null

18-11-2024T10:30:17 - [TEST_STEP][PASSED] - sheetName = "Sheet1": null

18-11-2024T10:30:17 - [TEST_STEP][PASSED] - data = findTestData("PlanFact"): null

18-11-2024T10:30:17 - [TEST_STEP][PASSED] - n = data.getRowNumbers() + 1: null

18-11-2024T10:30:17 - [TEST_STEP][PASSED] - year = todaysDate.substring(todaysDate.length() - 4, todaysDate.length()): null

18-11-2024T10:30:17 - [TEST_STEP][PASSED] - y = year.toInteger(): null

18-11-2024T10:30:17 - [TEST_STEP][PASSED] - m = getText(findTestObject("Выполнение бизнес-плана/Период")): Text of object 'Object Repository/Выполнение бизнес-плана/Период' is: '1, 2, 3 кв. 2024 года'

18-11-2024T10:30:47 - [MESSAGE][PASSED] - Text of object 'Object Repository/Выполнение бизнес-плана/Период' is: '1, 2, 3 кв. 2024 года'

18-11-2024T10:30:47 - [TEST_STEP][PASSED] - m = m.substring(0, m.indexOf("2024")): null

18-11-2024T10:30:47 - [TEST_STEP][PASSED] - m = m.trim(): null

18-11-2024T10:30:47 - [TEST_STEP][PASSED] - dashboardName = "Выполнение бизнес-плана": null

18-11-2024T10:30:47 - [TEST_STEP][PASSED] - workbook01 = getWorkbook(excelFilePath): null

18-11-2024T10:30:47 - [TEST_STEP][PASSED] - sheet01 = getExcelSheet(workbook01, sheetName): null

18-11-2024T10:30:47 - [TEST_STEP][PASSED] - setValueToCellByIndex(sheet01, n, 0, dashboardName): null

18-11-2024T10:30:47 - [TEST_STEP][PASSED] - setValueToCellByIndex(sheet01, n, 1, dZO): null

18-11-2024T10:30:47 - [TEST_STEP][PASSED] - setValueToCellByIndex(sheet01, n, 2, typeOfData): null

18-11-2024T10:30:47 - [TEST_STEP][PASSED] - if (typeOfData == "Факт в процентах" || typeOfData == "План в процентах"): null

18-11-2024T10:30:47 - [TEST_STEP][PASSED] - setValueToCellByIndex(sheet01, n, 3, fileDouble): null

18-11-2024T10:30:47 - [TEST_STEP][PASSED] - setValueToCellByIndex(sheet01, n, 4, pageDouble): null

18-11-2024T10:30:47 - [TEST_STEP][PASSED] - setValueToCellByIndex(sheet01, n, 5, m): null

18-11-2024T10:30:47 - [TEST_STEP][PASSED] - setValueToCellByIndex(sheet01, n, 6, y): null

18-11-2024T10:30:47 - [TEST_STEP][PASSED] - setValueToCellByIndex(sheet01, n, 7, todaysDate): null

18-11-2024T10:30:47 - [TEST_STEP][PASSED] - n = n + 1: null

18-11-2024T10:30:47 - [TEST_STEP][PASSED] - saveWorkbook(excelFilePath, workbook01): null

18-11-2024T10:30:47 - [TEST_STEP][FAILED] - if (verifyEqual(numberOfErrors, 0) == false): null

18-11-2024T10:30:47 - [MESSAGE][FAILED] - Unable to verify equal between actual object '6' and expected object '0' (Root cause: com.kms.katalon.core.exception.StepFailedException: Actual object '6' and expected object '0' are not equal
	at com.kms.katalon.core.keyword.builtin.VerifyEqualKeyword$_verifyEqual_closure1.doCall(VerifyEqualKeyword.groovy:58)
	at com.kms.katalon.core.keyword.builtin.VerifyEqualKeyword$_verifyEqual_closure1.call(VerifyEqualKeyword.groovy)
	at com.kms.katalon.core.keyword.internal.KeywordMain.runKeyword(KeywordMain.groovy:75)
	at com.kms.katalon.core.keyword.builtin.VerifyEqualKeyword.verifyEqual(VerifyEqualKeyword.groovy:63)
	at com.kms.katalon.core.keyword.builtin.VerifyEqualKeyword.execute(VerifyEqualKeyword.groovy:44)
	at com.kms.katalon.core.keyword.internal.KeywordExecutor.executeKeywordForPlatform(KeywordExecutor.groovy:74)
	at com.kms.katalon.core.keyword.BuiltinKeywords.verifyEqual(BuiltinKeywords.groovy:146)
	at java.base/jdk.internal.reflect.NativeMethodAccessorImpl.invoke0(Native Method)
	at java.base/jdk.internal.reflect.NativeMethodAccessorImpl.invoke(NativeMethodAccessorImpl.java:77)
	at java.base/jdk.internal.reflect.DelegatingMethodAccessorImpl.invoke(DelegatingMethodAccessorImpl.java:43)
	at Выполнение бизнес-плана Сверка ПАО Россети все филиалы.Numbers(Выполнение бизнес-плана Сверка ПАО Россети все филиалы:740)
	at Выполнение бизнес-плана Сверка ПАО Россети все филиалы.run(Выполнение бизнес-плана Сверка ПАО Россети все филиалы:332)
	at com.kms.katalon.core.main.ScriptEngine.run(ScriptEngine.java:194)
	at com.kms.katalon.core.main.ScriptEngine.runScriptAsRawText(ScriptEngine.java:119)
	at com.kms.katalon.core.main.TestCaseExecutor.runScript(TestCaseExecutor.java:448)
	at com.kms.katalon.core.main.TestCaseExecutor.doExecute(TestCaseExecutor.java:439)
	at com.kms.katalon.core.main.TestCaseExecutor.processExecutionPhase(TestCaseExecutor.java:418)
	at com.kms.katalon.core.main.TestCaseExecutor.accessMainPhase(TestCaseExecutor.java:410)
	at com.kms.katalon.core.main.TestCaseExecutor.execute(TestCaseExecutor.java:285)
	at com.kms.katalon.core.common.CommonExecutor.accessTestCaseMainPhase(CommonExecutor.java:65)
	at com.kms.katalon.core.main.TestSuiteExecutor.accessTestSuiteMainPhase(TestSuiteExecutor.java:150)
	at com.kms.katalon.core.main.TestSuiteExecutor.execute(TestSuiteExecutor.java:106)
	at com.kms.katalon.core.main.TestCaseMain.startTestSuite(TestCaseMain.java:180)
	at TempTestSuite1731913737709.run(TempTestSuite1731913737709.groovy:35)
	at java.base/jdk.internal.reflect.NativeMethodAccessorImpl.invoke0(Native Method)
	at java.base/jdk.internal.reflect.NativeMethodAccessorImpl.invoke(NativeMethodAccessorImpl.java:77)
	at java.base/jdk.internal.reflect.DelegatingMethodAccessorImpl.invoke(DelegatingMethodAccessorImpl.java:43)
)

18-11-2024T10:30:47 - [TEST_STEP][PASSED] - println(numberOfErrors): null

18-11-2024T10:30:47 - [TEST_STEP][PASSED] - if (a == 28 || a == 77 || a == 74 || a == 65 || a == 36 || a == 44 || a == 54 || a == 1 || a == 18 || a == 59): null

18-11-2024T10:30:47 - [TEST_STEP][PASSED] - Script1718980020443.Filials(a, typeOfData, todaysDate, pageInt, fileInt, pageDouble, fileDouble, dZO, dzoNum, filialNum): null

18-11-2024T10:30:47 - [TEST_STEP][PASSED] - i = <not implemented yet for class: org.codehaus.groovy.ast.expr.EmptyExpression>: null

18-11-2024T10:30:47 - [TEST_STEP][PASSED] - c = <not implemented yet for class: org.codehaus.groovy.ast.expr.EmptyExpression>: null

18-11-2024T10:30:47 - [TEST_STEP][PASSED] - page = <not implemented yet for class: org.codehaus.groovy.ast.expr.EmptyExpression>: null

18-11-2024T10:30:47 - [TEST_STEP][PASSED] - println(dZO): null

18-11-2024T10:30:47 - [TEST_STEP][PASSED] - reducedDZO = <not implemented yet for class: org.codehaus.groovy.ast.expr.EmptyExpression>: null

18-11-2024T10:30:47 - [TEST_STEP][PASSED] - reducedDZO = dZO.substring(dZO.indexOf(" ") + 1, dZO.length()): null

18-11-2024T10:30:47 - [TEST_STEP][PASSED] - if (reducedDZO.contains(" ")): null

18-11-2024T10:30:47 - [TEST_STEP][PASSED] - println(reducedDZO): null

18-11-2024T10:30:47 - [TEST_STEP][PASSED] - dzoCut = <not implemented yet for class: org.codehaus.groovy.ast.expr.EmptyExpression>: null

18-11-2024T10:30:47 - [TEST_STEP][PASSED] - Script1718980020443.DZO(a): null

18-11-2024T10:30:47 - [TEST_STEP][PASSED] - Script1718980020443.OpenFilter(): null

18-11-2024T10:30:47 - [TEST_STEP][PASSED] - click(findTestObject("Object Repository/Выполнение бизнес-плана/Фильтр ДЗО")): Object: 'Object Repository/Выполнение бизнес-плана/Фильтр ДЗО' is clicked on

18-11-2024T10:31:17 - [MESSAGE][PASSED] - Object: 'Object Repository/Выполнение бизнес-плана/Фильтр ДЗО' is clicked on

18-11-2024T10:31:17 - [TEST_STEP][PASSED] - click(findTestObject("Выполнение бизнес-плана/Снять выделение в фильтре ДЗО")): Object: 'Object Repository/Выполнение бизнес-плана/Снять выделение в фильтре ДЗО' is clicked on

18-11-2024T10:31:47 - [MESSAGE][PASSED] - Object: 'Object Repository/Выполнение бизнес-плана/Снять выделение в фильтре ДЗО' is clicked on

18-11-2024T10:31:47 - [TEST_STEP][PASSED] - Script1718980020443.OpenRSK(): null

18-11-2024T10:31:47 - [TEST_STEP][PASSED] - click(findTestObject("Выполнение бизнес-плана/Раскрыть список ПАО Россети в фильтре ДЗО")): Object: 'Object Repository/Выполнение бизнес-плана/Раскрыть список ПАО Россети в фильтре ДЗО' is clicked on

18-11-2024T10:32:18 - [MESSAGE][PASSED] - Object: 'Object Repository/Выполнение бизнес-плана/Раскрыть список ПАО Россети в фильтре ДЗО' is clicked on

18-11-2024T10:32:18 - [TEST_STEP][PASSED] - click(findTestObject("Выполнение бизнес-плана/Раскрыть список РаспредКомплекс в фильтре ДЗО")): Object: 'Object Repository/Выполнение бизнес-плана/Раскрыть список РаспредКомплекс в фильтре ДЗО' is clicked on

18-11-2024T10:32:48 - [MESSAGE][PASSED] - Object: 'Object Repository/Выполнение бизнес-плана/Раскрыть список РаспредКомплекс в фильтре ДЗО' is clicked on

18-11-2024T10:32:48 - [TEST_STEP][PASSED] - if (a == 28): null

18-11-2024T10:32:48 - [TEST_STEP][PASSED] - if (a == 77): null

18-11-2024T10:32:48 - [TEST_STEP][PASSED] - if (a == 74): null

18-11-2024T10:32:48 - [TEST_STEP][PASSED] - if (a == 65): null

18-11-2024T10:32:48 - [TEST_STEP][PASSED] - if (a == 36): null

18-11-2024T10:32:48 - [TEST_STEP][PASSED] - if (a == 44): Object: 'Object Repository/Выполнение бизнес-плана/Россети Сибирь' is clicked on

18-11-2024T10:32:48 - [TEST_STEP][PASSED] - scrollToElement(findTestObject("Общие объекты/Раскрыть список Россети Сибирь"), 30): Scroll to object 'Object Repository/Общие объекты/Раскрыть список Россети Сибирь' successfully

18-11-2024T10:33:18 - [MESSAGE][PASSED] - Scroll to object 'Object Repository/Общие объекты/Раскрыть список Россети Сибирь' successfully

18-11-2024T10:33:18 - [TEST_STEP][PASSED] - click(findTestObject("Выполнение бизнес-плана/Россети Сибирь")): Object: 'Object Repository/Выполнение бизнес-плана/Россети Сибирь' is clicked on

18-11-2024T10:33:48 - [MESSAGE][PASSED] - Object: 'Object Repository/Выполнение бизнес-плана/Россети Сибирь' is clicked on

18-11-2024T10:33:48 - [TEST_STEP][PASSED] - if (a == 54): null

18-11-2024T10:33:48 - [TEST_STEP][PASSED] - if (a == 1): null

18-11-2024T10:33:48 - [TEST_STEP][PASSED] - if (a == 18): null

18-11-2024T10:33:48 - [TEST_STEP][PASSED] - if (a == 59): null

18-11-2024T10:33:48 - [TEST_STEP][PASSED] - Script1718980020443.CloseFilter(): null

18-11-2024T10:33:48 - [TEST_STEP][PASSED] - scrollToElement(findTestObject("Выполнение бизнес-плана/Заголовок дашборда"), 30): Scroll to object 'Object Repository/Выполнение бизнес-плана/Заголовок дашборда' successfully

18-11-2024T10:34:02 - [MESSAGE][PASSED] - Scroll to object 'Object Repository/Выполнение бизнес-плана/Заголовок дашборда' successfully

18-11-2024T10:34:02 - [TEST_STEP][PASSED] - click(findTestObject("Object Repository/Выполнение бизнес-плана/Применить в фильтре ДЗО")): Object: 'Object Repository/Выполнение бизнес-плана/Применить в фильтре ДЗО' is clicked on

18-11-2024T10:34:03 - [MESSAGE][PASSED] - Object: 'Object Repository/Выполнение бизнес-плана/Применить в фильтре ДЗО' is clicked on

18-11-2024T10:34:03 - [TEST_STEP][PASSED] - Script1718980020443.ZakrytOpoveshenie(): null

18-11-2024T10:34:03 - [TEST_STEP][PASSED] - delay(10): Delayed 10 second(s)

18-11-2024T10:34:13 - [MESSAGE][PASSED] - Delayed 10 second(s)

18-11-2024T10:34:13 - [TEST_STEP][PASSED] - opoveshenie = getText(findTestObject("Выполнение бизнес-плана/Просьба обратить внимание")): Text of object 'Object Repository/Выполнение бизнес-плана/Просьба обратить внимание' is: ''

18-11-2024T10:34:32 - [MESSAGE][PASSED] - Text of object 'Object Repository/Выполнение бизнес-плана/Просьба обратить внимание' is: ''

18-11-2024T10:34:32 - [TEST_STEP][PASSED] - println(opoveshenie): null

18-11-2024T10:34:32 - [TEST_STEP][PASSED] - if (opoveshenie == "Просьба обратить внимание"): null

18-11-2024T10:34:32 - [TEST_STEP][PASSED] - page = getText(findTestObject("Object Repository/Выполнение бизнес-плана/Filials")): Text of object 'Object Repository/Выполнение бизнес-плана/Filials' is: 'Россети Сибирь
0
10
20
30
40
50
60
70'

18-11-2024T10:34:33 - [MESSAGE][PASSED] - Text of object 'Object Repository/Выполнение бизнес-плана/Filials' is: 'Россети Сибирь
0
10
20
30
40
50
60
70'

18-11-2024T10:34:33 - [TEST_STEP][PASSED] - println(page): null

18-11-2024T10:34:33 - [TEST_STEP][PASSED] - c = page.indexOf(reducedDZO): null

18-11-2024T10:34:33 - [TEST_STEP][PASSED] - if (c > -1): null

18-11-2024T10:34:33 - [TEST_STEP][PASSED] - click(findTestObject("Выполнение бизнес-плана/список")): Object: 'Object Repository/Выполнение бизнес-плана/список' is clicked on

18-11-2024T10:34:33 - [MESSAGE][PASSED] - Object: 'Object Repository/Выполнение бизнес-плана/список' is clicked on

18-11-2024T10:34:33 - [TEST_STEP][PASSED] - delay(10): Delayed 10 second(s)

18-11-2024T10:34:43 - [MESSAGE][PASSED] - Delayed 10 second(s)

18-11-2024T10:34:43 - [TEST_STEP][PASSED] - click(findTestObject("Выполнение бизнес-плана/Раскрытие списка")): Object: 'Object Repository/Выполнение бизнес-плана/Раскрытие списка' is clicked on

18-11-2024T10:34:43 - [MESSAGE][PASSED] - Object: 'Object Repository/Выполнение бизнес-плана/Раскрытие списка' is clicked on

18-11-2024T10:34:43 - [TEST_STEP][PASSED] - delay(10): Delayed 10 second(s)

18-11-2024T10:34:53 - [MESSAGE][PASSED] - Delayed 10 second(s)

18-11-2024T10:34:53 - [TEST_STEP][PASSED] - page = getText(findTestObject("Object Repository/Выполнение бизнес-плана/Filials")): Text of object 'Object Repository/Выполнение бизнес-плана/Filials' is: 'Алтайэнерго
Бурятэнерго
Красноярскэнерго
Кузбассэнерго-РЭС
Омскэнерго
Хакасэнерго
Читаэнерго
0
10
20
30
40
50
60
70'

18-11-2024T10:34:54 - [MESSAGE][PASSED] - Text of object 'Object Repository/Выполнение бизнес-плана/Filials' is: 'Алтайэнерго
Бурятэнерго
Красноярскэнерго
Кузбассэнерго-РЭС
Омскэнерго
Хакасэнерго
Читаэнерго
0
10
20
30
40
50
60
70'

18-11-2024T10:34:54 - [TEST_STEP][PASSED] - println(page): null

18-11-2024T10:34:54 - [TEST_STEP][PASSED] - c = page.indexOf(reducedDZO): null

18-11-2024T10:34:54 - [TEST_STEP][PASSED] - x2 = getText(findTestObject("Выполнение бизнес-плана/Список ДЗО старый")): Text of object 'Object Repository/Выполнение бизнес-плана/Список ДЗО старый' is: 'Алтайэнерго
Бурятэнерго
Красноярскэнерго
Кузбассэнерго-РЭС
Омскэнерго
Хакасэнерго
Читаэнерго
0
10
20
30
40
50
60
70'

18-11-2024T10:34:54 - [MESSAGE][PASSED] - Text of object 'Object Repository/Выполнение бизнес-плана/Список ДЗО старый' is: 'Алтайэнерго
Бурятэнерго
Красноярскэнерго
Кузбассэнерго-РЭС
Омскэнерго
Хакасэнерго
Читаэнерго
0
10
20
30
40
50
60
70'

18-11-2024T10:34:54 - [TEST_STEP][PASSED] - if (a == 28): null

18-11-2024T10:34:54 - [TEST_STEP][PASSED] - if (a == 77): null

18-11-2024T10:34:54 - [TEST_STEP][PASSED] - if (a == 74): null

18-11-2024T10:34:54 - [TEST_STEP][PASSED] - if (a == 65): null

18-11-2024T10:34:54 - [TEST_STEP][PASSED] - if (a == 1): null

18-11-2024T10:34:54 - [TEST_STEP][PASSED] - if (a == 18): null

18-11-2024T10:34:54 - [TEST_STEP][PASSED] - if (a == 36): null

18-11-2024T10:34:54 - [TEST_STEP][PASSED] - if (a == 44): null

18-11-2024T10:34:54 - [TEST_STEP][PASSED] - dZO = "Алтайэнерго": null

18-11-2024T10:34:54 - [TEST_STEP][PASSED] - a = 45: null

18-11-2024T10:34:54 - [TEST_STEP][PASSED] - if (x2.contains(dZO)): null

18-11-2024T10:34:54 - [TEST_STEP][PASSED] - filialNum = filialNum + 1: null

18-11-2024T10:34:54 - [TEST_STEP][PASSED] - Script1718980020443.Numbers(a, typeOfData, todaysDate, pageInt, fileInt, pageDouble, fileDouble, dZO, dzoNum, filialNum): null

18-11-2024T10:34:54 - [TEST_STEP][PASSED] - println(dzoNum): null

18-11-2024T10:34:54 - [TEST_STEP][PASSED] - planFact = <not implemented yet for class: org.codehaus.groovy.ast.expr.EmptyExpression>: null

18-11-2024T10:34:54 - [TEST_STEP][PASSED] - page = <not implemented yet for class: org.codehaus.groovy.ast.expr.EmptyExpression>: null

18-11-2024T10:34:54 - [TEST_STEP][PASSED] - page1 = <not implemented yet for class: org.codehaus.groovy.ast.expr.EmptyExpression>: null

18-11-2024T10:34:54 - [TEST_STEP][PASSED] - page2 = <not implemented yet for class: org.codehaus.groovy.ast.expr.EmptyExpression>: null

18-11-2024T10:34:54 - [TEST_STEP][PASSED] - filialNumberInRow = <not implemented yet for class: org.codehaus.groovy.ast.expr.EmptyExpression>: null

18-11-2024T10:34:54 - [TEST_STEP][PASSED] - filialsDzoNames = <not implemented yet for class: org.codehaus.groovy.ast.expr.EmptyExpression>: null

18-11-2024T10:34:54 - [TEST_STEP][PASSED] - numberOfFilials = <not implemented yet for class: org.codehaus.groovy.ast.expr.EmptyExpression>: null

18-11-2024T10:34:54 - [TEST_STEP][PASSED] - numberOfSpaces = <not implemented yet for class: org.codehaus.groovy.ast.expr.EmptyExpression>: null

18-11-2024T10:34:54 - [TEST_STEP][PASSED] - file = <not implemented yet for class: org.codehaus.groovy.ast.expr.EmptyExpression>: null

18-11-2024T10:34:54 - [TEST_STEP][PASSED] - otpusk = <not implemented yet for class: org.codehaus.groovy.ast.expr.EmptyExpression>: null

18-11-2024T10:34:54 - [TEST_STEP][PASSED] - poteri = <not implemented yet for class: org.codehaus.groovy.ast.expr.EmptyExpression>: null

18-11-2024T10:34:54 - [TEST_STEP][PASSED] - dataFolder = "Выполнение бизнес-плана/Значения со страницы Выполнение бизнес-плана/": null

18-11-2024T10:34:54 - [TEST_STEP][PASSED] - path = <not implemented yet for class: org.codehaus.groovy.ast.expr.EmptyExpression>: null

18-11-2024T10:34:54 - [TEST_STEP][PASSED] - typeOfDataMain = <not implemented yet for class: org.codehaus.groovy.ast.expr.EmptyExpression>: null

18-11-2024T10:34:54 - [TEST_STEP][PASSED] - fileOtpuskVSet = <not implemented yet for class: org.codehaus.groovy.ast.expr.EmptyExpression>: null

18-11-2024T10:34:54 - [TEST_STEP][PASSED] - pageOtpuskVSet = <not implemented yet for class: org.codehaus.groovy.ast.expr.EmptyExpression>: null

18-11-2024T10:34:54 - [TEST_STEP][PASSED] - filePoteri = <not implemented yet for class: org.codehaus.groovy.ast.expr.EmptyExpression>: null

18-11-2024T10:34:54 - [TEST_STEP][PASSED] - pagePoteri = <not implemented yet for class: org.codehaus.groovy.ast.expr.EmptyExpression>: null

18-11-2024T10:34:54 - [TEST_STEP][PASSED] - compare = <not implemented yet for class: org.codehaus.groovy.ast.expr.EmptyExpression>: null

18-11-2024T10:34:54 - [TEST_STEP][PASSED] - b = <not implemented yet for class: org.codehaus.groovy.ast.expr.EmptyExpression>: null

18-11-2024T10:34:54 - [TEST_STEP][PASSED] - i = <not implemented yet for class: org.codehaus.groovy.ast.expr.EmptyExpression>: null

18-11-2024T10:34:54 - [TEST_STEP][PASSED] - ii = <not implemented yet for class: org.codehaus.groovy.ast.expr.EmptyExpression>: null

18-11-2024T10:34:54 - [TEST_STEP][PASSED] - c = <not implemented yet for class: org.codehaus.groovy.ast.expr.EmptyExpression>: null

18-11-2024T10:34:54 - [TEST_STEP][PASSED] - numberOfErrors = 0: null

18-11-2024T10:34:54 - [TEST_STEP][PASSED] - if (a == 82): null

18-11-2024T10:34:54 - [TEST_STEP][PASSED] - b = findTestData("PlanFact").getValue(1, a): null

18-11-2024T10:34:54 - [TEST_STEP][PASSED] - i = b.indexOf(" (ГК)"): null

18-11-2024T10:34:54 - [TEST_STEP][PASSED] - if (i > -1): null

18-11-2024T10:34:54 - [TEST_STEP][PASSED] - i = b.indexOf("О ""): null

18-11-2024T10:34:54 - [TEST_STEP][PASSED] - if (i > -1): null

18-11-2024T10:34:54 - [TEST_STEP][PASSED] - i = b.indexOf("О «"): null

18-11-2024T10:34:54 - [TEST_STEP][PASSED] - if (i > -1): null

18-11-2024T10:34:54 - [TEST_STEP][PASSED] - i = b.indexOf("г. "): null

18-11-2024T10:34:54 - [TEST_STEP][PASSED] - if (i > -1): null

18-11-2024T10:34:54 - [TEST_STEP][PASSED] - println(b): null

18-11-2024T10:34:54 - [TEST_STEP][PASSED] - for ([planFact = 1, planFact < 3, (planFact++)]): Object: 'Object Repository/Выполнение бизнес-плана/Кнопка Факт' is clicked on

18-11-2024T10:34:54 - [TEST_STEP][PASSED] - if (planFact == 1): null

18-11-2024T10:34:54 - [TEST_STEP][PASSED] - typeOfDataMain = "Факт": null

18-11-2024T10:34:54 - [TEST_STEP][PASSED] - otpusk = findTestData("PlanFact").getValue(5, a): null

18-11-2024T10:34:54 - [TEST_STEP][PASSED] - poteri = findTestData("PlanFact").getValue(6, a): null

18-11-2024T10:34:54 - [TEST_STEP][PASSED] - otpusk = otpusk.replaceAll("\s+", ""): null

18-11-2024T10:34:54 - [TEST_STEP][PASSED] - poteri = poteri.replaceAll("\s+", ""): null

18-11-2024T10:34:54 - [TEST_STEP][PASSED] - typeOfData = typeOfDataMain + " Отпуск в сеть": null

18-11-2024T10:34:54 - [TEST_STEP][PASSED] - if (a == 82): null

18-11-2024T10:34:54 - [TEST_STEP][PASSED] - else if (a == 84): null

18-11-2024T10:34:54 - [TEST_STEP][PASSED] - else if (a == 52 || a == 72 || a == 28 || a == 73 || a == 77 || a == 74 || a == 65 || a == 36 || a == 44 || a == 53 || a == 80 || a == 54 || a == 1 || a == 18 || a == 59 || a == 81): null

18-11-2024T10:34:54 - [TEST_STEP][PASSED] - else: null

18-11-2024T10:34:54 - [TEST_STEP][PASSED] - path = dataFolder + typeOfData + " за отчётный период " + b: null

18-11-2024T10:34:54 - [TEST_STEP][PASSED] - println(path): null

18-11-2024T10:34:54 - [TEST_STEP][PASSED] - page = getText(findTestObject(path)): Text of object 'Object Repository/Выполнение бизнес-плана/Значения со страницы Выполнение бизнес-плана/Факт Отпуск в сеть за отчётный период Алтайэнерго' is: '6 470 567'

18-11-2024T10:34:55 - [MESSAGE][PASSED] - Text of object 'Object Repository/Выполнение бизнес-плана/Значения со страницы Выполнение бизнес-плана/Факт Отпуск в сеть за отчётный период Алтайэнерго' is: '6 470 567'

18-11-2024T10:34:55 - [TEST_STEP][PASSED] - page = page.replaceAll("\s+", ""): null

18-11-2024T10:34:55 - [TEST_STEP][PASSED] - fileOtpuskVSet = otpusk.toInteger(): null

18-11-2024T10:34:55 - [TEST_STEP][PASSED] - pageOtpuskVSet = page.toInteger(): null

18-11-2024T10:34:55 - [TEST_STEP][PASSED] - typeOfData = typeOfDataMain + " Потери": null

18-11-2024T10:34:55 - [TEST_STEP][PASSED] - if (a == 82): null

18-11-2024T10:34:55 - [TEST_STEP][PASSED] - else if (a == 84): null

18-11-2024T10:34:55 - [TEST_STEP][PASSED] - else if (a == 52 || a == 72 || a == 28 || a == 73 || a == 77 || a == 74 || a == 65 || a == 36 || a == 44 || a == 53 || a == 80 || a == 54 || a == 1 || a == 18 || a == 59 || a == 81): null

18-11-2024T10:34:55 - [TEST_STEP][PASSED] - else: null

18-11-2024T10:34:55 - [TEST_STEP][PASSED] - path = dataFolder + typeOfData + " за отчётный период " + b: null

18-11-2024T10:34:55 - [TEST_STEP][PASSED] - page = getText(findTestObject(path)): Text of object 'Object Repository/Выполнение бизнес-плана/Значения со страницы Выполнение бизнес-плана/Факт Потери за отчётный период Алтайэнерго' is: '426 419'

18-11-2024T10:34:55 - [MESSAGE][PASSED] - Text of object 'Object Repository/Выполнение бизнес-плана/Значения со страницы Выполнение бизнес-плана/Факт Потери за отчётный период Алтайэнерго' is: '426 419'

18-11-2024T10:34:55 - [TEST_STEP][PASSED] - page = page.replaceAll("\s+", ""): null

18-11-2024T10:34:55 - [TEST_STEP][PASSED] - filePoteri = poteri.toInteger(): null

18-11-2024T10:34:55 - [TEST_STEP][PASSED] - pagePoteri = page.toInteger(): null

18-11-2024T10:34:55 - [TEST_STEP][PASSED] - compare = pageOtpuskVSet: null

18-11-2024T10:34:55 - [TEST_STEP][PASSED] - if (compare == fileOtpuskVSet): null

18-11-2024T10:34:55 - [TEST_STEP][PASSED] - if (compare == fileOtpuskVSet): null

18-11-2024T10:34:55 - [TEST_STEP][PASSED] - compare = pagePoteri: null

18-11-2024T10:34:55 - [TEST_STEP][PASSED] - if (compare == filePoteri): null

18-11-2024T10:34:55 - [TEST_STEP][PASSED] - if (compare == filePoteri): null

18-11-2024T10:34:55 - [TEST_STEP][PASSED] - if (planFact == 2): null

18-11-2024T10:34:55 - [TEST_STEP][PASSED] - if (planFact == 1): null

18-11-2024T10:34:55 - [TEST_STEP][PASSED] - else if (planFact == 2): null

18-11-2024T10:34:55 - [TEST_STEP][PASSED] - click(findTestObject("Выполнение бизнес-плана/Кнопка План")): Object: 'Object Repository/Выполнение бизнес-плана/Кнопка План' is clicked on

18-11-2024T10:34:55 - [MESSAGE][PASSED] - Object: 'Object Repository/Выполнение бизнес-плана/Кнопка План' is clicked on

18-11-2024T10:34:55 - [TEST_STEP][PASSED] - typeOfDataMain = "План": null

18-11-2024T10:34:55 - [TEST_STEP][PASSED] - otpusk = findTestData("PlanFact").getValue(2, a): null

18-11-2024T10:34:55 - [TEST_STEP][PASSED] - poteri = findTestData("PlanFact").getValue(3, a): null

18-11-2024T10:34:55 - [TEST_STEP][PASSED] - otpusk = otpusk.replaceAll("\s+", ""): null

18-11-2024T10:34:55 - [TEST_STEP][PASSED] - poteri = poteri.replaceAll("\s+", ""): null

18-11-2024T10:34:55 - [TEST_STEP][PASSED] - typeOfData = typeOfDataMain + " Отпуск в сеть": null

18-11-2024T10:34:55 - [TEST_STEP][PASSED] - if (a == 82): null

18-11-2024T10:34:55 - [TEST_STEP][PASSED] - else if (a == 84): null

18-11-2024T10:34:55 - [TEST_STEP][PASSED] - else if (a == 52 || a == 72 || a == 28 || a == 73 || a == 77 || a == 74 || a == 65 || a == 36 || a == 44 || a == 53 || a == 80 || a == 54 || a == 1 || a == 18 || a == 59 || a == 81): null

18-11-2024T10:34:55 - [TEST_STEP][PASSED] - else: null

18-11-2024T10:34:55 - [TEST_STEP][PASSED] - path = dataFolder + typeOfData + " за отчётный период " + b: null

18-11-2024T10:34:55 - [TEST_STEP][PASSED] - println(path): null

18-11-2024T10:34:55 - [TEST_STEP][PASSED] - page = getText(findTestObject(path)): Text of object 'Object Repository/Выполнение бизнес-плана/Значения со страницы Выполнение бизнес-плана/План Отпуск в сеть за отчётный период Алтайэнерго' is: '6 173 023'

18-11-2024T10:34:56 - [MESSAGE][PASSED] - Text of object 'Object Repository/Выполнение бизнес-плана/Значения со страницы Выполнение бизнес-плана/План Отпуск в сеть за отчётный период Алтайэнерго' is: '6 173 023'

18-11-2024T10:34:56 - [TEST_STEP][PASSED] - page = page.replaceAll("\s+", ""): null

18-11-2024T10:34:56 - [TEST_STEP][PASSED] - fileOtpuskVSet = otpusk.toInteger(): null

18-11-2024T10:34:56 - [TEST_STEP][PASSED] - pageOtpuskVSet = page.toInteger(): null

18-11-2024T10:34:56 - [TEST_STEP][PASSED] - typeOfData = typeOfDataMain + " Потери": null

18-11-2024T10:34:56 - [TEST_STEP][PASSED] - if (a == 82): null

18-11-2024T10:34:56 - [TEST_STEP][PASSED] - else if (a == 84): null

18-11-2024T10:34:56 - [TEST_STEP][PASSED] - else if (a == 52 || a == 72 || a == 28 || a == 73 || a == 77 || a == 74 || a == 65 || a == 36 || a == 44 || a == 53 || a == 80 || a == 54 || a == 1 || a == 18 || a == 59 || a == 81): null

18-11-2024T10:34:56 - [TEST_STEP][PASSED] - else: null

18-11-2024T10:34:56 - [TEST_STEP][PASSED] - path = dataFolder + typeOfData + " за отчётный период " + b: null

18-11-2024T10:34:56 - [TEST_STEP][PASSED] - page = getText(findTestObject(path)): Text of object 'Object Repository/Выполнение бизнес-плана/Значения со страницы Выполнение бизнес-плана/План Потери за отчётный период Алтайэнерго' is: '410 152'

18-11-2024T10:34:56 - [MESSAGE][PASSED] - Text of object 'Object Repository/Выполнение бизнес-плана/Значения со страницы Выполнение бизнес-плана/План Потери за отчётный период Алтайэнерго' is: '410 152'

18-11-2024T10:34:56 - [TEST_STEP][PASSED] - page = page.replaceAll("\s+", ""): null

18-11-2024T10:34:56 - [TEST_STEP][PASSED] - filePoteri = poteri.toInteger(): null

18-11-2024T10:34:56 - [TEST_STEP][PASSED] - pagePoteri = page.toInteger(): null

18-11-2024T10:34:56 - [TEST_STEP][PASSED] - compare = pageOtpuskVSet: null

18-11-2024T10:34:56 - [TEST_STEP][PASSED] - if (compare == fileOtpuskVSet): null

18-11-2024T10:34:56 - [TEST_STEP][PASSED] - if (compare == fileOtpuskVSet): null

18-11-2024T10:34:56 - [TEST_STEP][PASSED] - compare = pagePoteri: null

18-11-2024T10:34:56 - [TEST_STEP][PASSED] - if (compare == filePoteri): null

18-11-2024T10:34:56 - [TEST_STEP][PASSED] - if (compare == filePoteri): null

18-11-2024T10:34:56 - [TEST_STEP][PASSED] - if (planFact == 2): Object: 'Object Repository/Выполнение бизнес-плана/Кнопка Факт' is clicked on

18-11-2024T10:34:56 - [TEST_STEP][PASSED] - click(findTestObject("Выполнение бизнес-плана/Кнопка Факт")): Object: 'Object Repository/Выполнение бизнес-плана/Кнопка Факт' is clicked on

18-11-2024T10:34:56 - [MESSAGE][PASSED] - Object: 'Object Repository/Выполнение бизнес-плана/Кнопка Факт' is clicked on

18-11-2024T10:34:56 - [TEST_STEP][PASSED] - if (a == 84 || a == 82): null

18-11-2024T10:34:56 - [TEST_STEP][PASSED] - else if (a == 52 || a == 72 || a == 28 || a == 73 || a == 77 || a == 74 || a == 65 || a == 36 || a == 44 || a == 53 || a == 80 || a == 54 || a == 1 || a == 18 || a == 59 || a == 81): null

18-11-2024T10:34:56 - [TEST_STEP][PASSED] - else: null

18-11-2024T10:34:56 - [TEST_STEP][PASSED] - page1 = getText(findTestObject("Object Repository/Выполнение бизнес-плана/spanPlan" + filialNum)): Text of object 'Object Repository/Выполнение бизнес-плана/spanPlan1' is: '6.64
|'

18-11-2024T10:34:57 - [MESSAGE][PASSED] - Text of object 'Object Repository/Выполнение бизнес-плана/spanPlan1' is: '6.64
|'

18-11-2024T10:34:57 - [TEST_STEP][PASSED] - page1 = page1.replace("|", ""): null

18-11-2024T10:34:57 - [TEST_STEP][PASSED] - page2 = getText(findTestObject("Object Repository/Выполнение бизнес-плана/spanFact" + filialNum)): Text of object 'Object Repository/Выполнение бизнес-плана/spanFact1' is: '6.59
|'

18-11-2024T10:34:57 - [MESSAGE][PASSED] - Text of object 'Object Repository/Выполнение бизнес-плана/spanFact1' is: '6.59
|'

18-11-2024T10:34:57 - [TEST_STEP][PASSED] - page2 = page2.replace("|", ""): null

18-11-2024T10:34:57 - [TEST_STEP][PASSED] - println("page1: " + page1): null

18-11-2024T10:34:57 - [TEST_STEP][PASSED] - println("page2: " + page2): null

18-11-2024T10:34:57 - [TEST_STEP][PASSED] - file = findTestData("PlanFact").getValue(4, a): null

18-11-2024T10:34:57 - [TEST_STEP][PASSED] - file = file.replace(",", "."): null

18-11-2024T10:34:57 - [TEST_STEP][PASSED] - println("file Plan: " + file): null

18-11-2024T10:34:57 - [TEST_STEP][PASSED] - typeOfData = "План в процентах": null

18-11-2024T10:34:57 - [TEST_STEP][PASSED] - fileDouble = file.toDouble(): null

18-11-2024T10:34:57 - [TEST_STEP][PASSED] - pageDouble = page1.toDouble(): null

18-11-2024T10:34:57 - [TEST_STEP][PASSED] - if (fileDouble != pageDouble): null

18-11-2024T10:34:57 - [TEST_STEP][PASSED] - file = findTestData("PlanFact").getValue(7, a): null

18-11-2024T10:34:57 - [TEST_STEP][PASSED] - file = file.replace(",", "."): null

18-11-2024T10:34:57 - [TEST_STEP][PASSED] - println("file Fact: " + file): null

18-11-2024T10:34:57 - [TEST_STEP][PASSED] - fileDouble = file.toDouble(): null

18-11-2024T10:34:57 - [TEST_STEP][PASSED] - typeOfData = "Факт в процентах": null

18-11-2024T10:34:57 - [TEST_STEP][PASSED] - fileDouble = file.toDouble(): null

18-11-2024T10:34:57 - [TEST_STEP][PASSED] - pageDouble = page2.toDouble(): null

18-11-2024T10:34:57 - [TEST_STEP][PASSED] - if (fileDouble != pageDouble): null

18-11-2024T10:34:57 - [TEST_STEP][PASSED] - if (verifyEqual(numberOfErrors, 0) == false): Actual object '0' and expected object '0' are equal

18-11-2024T10:34:57 - [MESSAGE][PASSED] - Actual object '0' and expected object '0' are equal

18-11-2024T10:34:57 - [TEST_STEP][PASSED] - if (a == 82): null

18-11-2024T10:34:57 - [TEST_STEP][PASSED] - dZO = "Бурятэнерго": null

18-11-2024T10:34:57 - [TEST_STEP][PASSED] - a = 46: null

18-11-2024T10:34:57 - [TEST_STEP][PASSED] - if (x2.contains(dZO)): null

18-11-2024T10:34:57 - [TEST_STEP][PASSED] - filialNum = filialNum + 1: null

18-11-2024T10:34:57 - [TEST_STEP][PASSED] - Script1718980020443.Numbers(a, typeOfData, todaysDate, pageInt, fileInt, pageDouble, fileDouble, dZO, dzoNum, filialNum): null

18-11-2024T10:34:57 - [TEST_STEP][PASSED] - println(dzoNum): null

18-11-2024T10:34:57 - [TEST_STEP][PASSED] - planFact = <not implemented yet for class: org.codehaus.groovy.ast.expr.EmptyExpression>: null

18-11-2024T10:34:57 - [TEST_STEP][PASSED] - page = <not implemented yet for class: org.codehaus.groovy.ast.expr.EmptyExpression>: null

18-11-2024T10:34:57 - [TEST_STEP][PASSED] - page1 = <not implemented yet for class: org.codehaus.groovy.ast.expr.EmptyExpression>: null

18-11-2024T10:34:57 - [TEST_STEP][PASSED] - page2 = <not implemented yet for class: org.codehaus.groovy.ast.expr.EmptyExpression>: null

18-11-2024T10:34:57 - [TEST_STEP][PASSED] - filialNumberInRow = <not implemented yet for class: org.codehaus.groovy.ast.expr.EmptyExpression>: null

18-11-2024T10:34:57 - [TEST_STEP][PASSED] - filialsDzoNames = <not implemented yet for class: org.codehaus.groovy.ast.expr.EmptyExpression>: null

18-11-2024T10:34:57 - [TEST_STEP][PASSED] - numberOfFilials = <not implemented yet for class: org.codehaus.groovy.ast.expr.EmptyExpression>: null

18-11-2024T10:34:57 - [TEST_STEP][PASSED] - numberOfSpaces = <not implemented yet for class: org.codehaus.groovy.ast.expr.EmptyExpression>: null

18-11-2024T10:34:57 - [TEST_STEP][PASSED] - file = <not implemented yet for class: org.codehaus.groovy.ast.expr.EmptyExpression>: null

18-11-2024T10:34:57 - [TEST_STEP][PASSED] - otpusk = <not implemented yet for class: org.codehaus.groovy.ast.expr.EmptyExpression>: null

18-11-2024T10:34:57 - [TEST_STEP][PASSED] - poteri = <not implemented yet for class: org.codehaus.groovy.ast.expr.EmptyExpression>: null

18-11-2024T10:34:57 - [TEST_STEP][PASSED] - dataFolder = "Выполнение бизнес-плана/Значения со страницы Выполнение бизнес-плана/": null

18-11-2024T10:34:57 - [TEST_STEP][PASSED] - path = <not implemented yet for class: org.codehaus.groovy.ast.expr.EmptyExpression>: null

18-11-2024T10:34:57 - [TEST_STEP][PASSED] - typeOfDataMain = <not implemented yet for class: org.codehaus.groovy.ast.expr.EmptyExpression>: null

18-11-2024T10:34:57 - [TEST_STEP][PASSED] - fileOtpuskVSet = <not implemented yet for class: org.codehaus.groovy.ast.expr.EmptyExpression>: null

18-11-2024T10:34:57 - [TEST_STEP][PASSED] - pageOtpuskVSet = <not implemented yet for class: org.codehaus.groovy.ast.expr.EmptyExpression>: null

18-11-2024T10:34:57 - [TEST_STEP][PASSED] - filePoteri = <not implemented yet for class: org.codehaus.groovy.ast.expr.EmptyExpression>: null

18-11-2024T10:34:57 - [TEST_STEP][PASSED] - pagePoteri = <not implemented yet for class: org.codehaus.groovy.ast.expr.EmptyExpression>: null

18-11-2024T10:34:57 - [TEST_STEP][PASSED] - compare = <not implemented yet for class: org.codehaus.groovy.ast.expr.EmptyExpression>: null

18-11-2024T10:34:57 - [TEST_STEP][PASSED] - b = <not implemented yet for class: org.codehaus.groovy.ast.expr.EmptyExpression>: null

18-11-2024T10:34:57 - [TEST_STEP][PASSED] - i = <not implemented yet for class: org.codehaus.groovy.ast.expr.EmptyExpression>: null

18-11-2024T10:34:57 - [TEST_STEP][PASSED] - ii = <not implemented yet for class: org.codehaus.groovy.ast.expr.EmptyExpression>: null

18-11-2024T10:34:57 - [TEST_STEP][PASSED] - c = <not implemented yet for class: org.codehaus.groovy.ast.expr.EmptyExpression>: null

18-11-2024T10:34:57 - [TEST_STEP][PASSED] - numberOfErrors = 0: null

18-11-2024T10:34:57 - [TEST_STEP][PASSED] - if (a == 82): null

18-11-2024T10:34:57 - [TEST_STEP][PASSED] - b = findTestData("PlanFact").getValue(1, a): null

18-11-2024T10:34:57 - [TEST_STEP][PASSED] - i = b.indexOf(" (ГК)"): null

18-11-2024T10:34:57 - [TEST_STEP][PASSED] - if (i > -1): null

18-11-2024T10:34:57 - [TEST_STEP][PASSED] - i = b.indexOf("О ""): null

18-11-2024T10:34:57 - [TEST_STEP][PASSED] - if (i > -1): null

18-11-2024T10:34:57 - [TEST_STEP][PASSED] - i = b.indexOf("О «"): null

18-11-2024T10:34:57 - [TEST_STEP][PASSED] - if (i > -1): null

18-11-2024T10:34:57 - [TEST_STEP][PASSED] - i = b.indexOf("г. "): null

18-11-2024T10:34:57 - [TEST_STEP][PASSED] - if (i > -1): null

18-11-2024T10:34:57 - [TEST_STEP][PASSED] - println(b): null

18-11-2024T10:34:57 - [TEST_STEP][PASSED] - for ([planFact = 1, planFact < 3, (planFact++)]): Object: 'Object Repository/Выполнение бизнес-плана/Кнопка Факт' is clicked on

18-11-2024T10:34:57 - [TEST_STEP][PASSED] - if (planFact == 1): null

18-11-2024T10:34:57 - [TEST_STEP][PASSED] - typeOfDataMain = "Факт": null

18-11-2024T10:34:57 - [TEST_STEP][PASSED] - otpusk = findTestData("PlanFact").getValue(5, a): null

18-11-2024T10:34:57 - [TEST_STEP][PASSED] - poteri = findTestData("PlanFact").getValue(6, a): null

18-11-2024T10:34:57 - [TEST_STEP][PASSED] - otpusk = otpusk.replaceAll("\s+", ""): null

18-11-2024T10:34:57 - [TEST_STEP][PASSED] - poteri = poteri.replaceAll("\s+", ""): null

18-11-2024T10:34:57 - [TEST_STEP][PASSED] - typeOfData = typeOfDataMain + " Отпуск в сеть": null

18-11-2024T10:34:57 - [TEST_STEP][PASSED] - if (a == 82): null

18-11-2024T10:34:57 - [TEST_STEP][PASSED] - else if (a == 84): null

18-11-2024T10:34:57 - [TEST_STEP][PASSED] - else if (a == 52 || a == 72 || a == 28 || a == 73 || a == 77 || a == 74 || a == 65 || a == 36 || a == 44 || a == 53 || a == 80 || a == 54 || a == 1 || a == 18 || a == 59 || a == 81): null

18-11-2024T10:34:57 - [TEST_STEP][PASSED] - else: null

18-11-2024T10:34:57 - [TEST_STEP][PASSED] - path = dataFolder + typeOfData + " за отчётный период " + b: null

18-11-2024T10:34:57 - [TEST_STEP][PASSED] - println(path): null

18-11-2024T10:34:57 - [TEST_STEP][PASSED] - page = getText(findTestObject(path)): Text of object 'Object Repository/Выполнение бизнес-плана/Значения со страницы Выполнение бизнес-плана/Факт Отпуск в сеть за отчётный период Бурятэнерго' is: '3 766 037'

18-11-2024T10:34:57 - [MESSAGE][PASSED] - Text of object 'Object Repository/Выполнение бизнес-плана/Значения со страницы Выполнение бизнес-плана/Факт Отпуск в сеть за отчётный период Бурятэнерго' is: '3 766 037'

18-11-2024T10:34:57 - [TEST_STEP][PASSED] - page = page.replaceAll("\s+", ""): null

18-11-2024T10:34:57 - [TEST_STEP][PASSED] - fileOtpuskVSet = otpusk.toInteger(): null

18-11-2024T10:34:57 - [TEST_STEP][PASSED] - pageOtpuskVSet = page.toInteger(): null

18-11-2024T10:34:57 - [TEST_STEP][PASSED] - typeOfData = typeOfDataMain + " Потери": null

18-11-2024T10:34:57 - [TEST_STEP][PASSED] - if (a == 82): null

18-11-2024T10:34:57 - [TEST_STEP][PASSED] - else if (a == 84): null

18-11-2024T10:34:57 - [TEST_STEP][PASSED] - else if (a == 52 || a == 72 || a == 28 || a == 73 || a == 77 || a == 74 || a == 65 || a == 36 || a == 44 || a == 53 || a == 80 || a == 54 || a == 1 || a == 18 || a == 59 || a == 81): null

18-11-2024T10:34:57 - [TEST_STEP][PASSED] - else: null

18-11-2024T10:34:57 - [TEST_STEP][PASSED] - path = dataFolder + typeOfData + " за отчётный период " + b: null

18-11-2024T10:34:57 - [TEST_STEP][PASSED] - page = getText(findTestObject(path)): Text of object 'Object Repository/Выполнение бизнес-плана/Значения со страницы Выполнение бизнес-плана/Факт Потери за отчётный период Бурятэнерго' is: '403 447'

18-11-2024T10:34:58 - [MESSAGE][PASSED] - Text of object 'Object Repository/Выполнение бизнес-плана/Значения со страницы Выполнение бизнес-плана/Факт Потери за отчётный период Бурятэнерго' is: '403 447'

18-11-2024T10:34:58 - [TEST_STEP][PASSED] - page = page.replaceAll("\s+", ""): null

18-11-2024T10:34:58 - [TEST_STEP][PASSED] - filePoteri = poteri.toInteger(): null

18-11-2024T10:34:58 - [TEST_STEP][PASSED] - pagePoteri = page.toInteger(): null

18-11-2024T10:34:58 - [TEST_STEP][PASSED] - compare = pageOtpuskVSet: null

18-11-2024T10:34:58 - [TEST_STEP][PASSED] - if (compare == fileOtpuskVSet): null

18-11-2024T10:34:58 - [TEST_STEP][PASSED] - if (compare == fileOtpuskVSet): null

18-11-2024T10:34:58 - [TEST_STEP][PASSED] - compare = pagePoteri: null

18-11-2024T10:34:58 - [TEST_STEP][PASSED] - if (compare == filePoteri): null

18-11-2024T10:34:58 - [TEST_STEP][PASSED] - if (compare == filePoteri): null

18-11-2024T10:34:58 - [TEST_STEP][PASSED] - if (planFact == 2): null

18-11-2024T10:34:58 - [TEST_STEP][PASSED] - if (planFact == 1): null

18-11-2024T10:34:58 - [TEST_STEP][PASSED] - else if (planFact == 2): null

18-11-2024T10:34:58 - [TEST_STEP][PASSED] - click(findTestObject("Выполнение бизнес-плана/Кнопка План")): Object: 'Object Repository/Выполнение бизнес-плана/Кнопка План' is clicked on

18-11-2024T10:34:58 - [MESSAGE][PASSED] - Object: 'Object Repository/Выполнение бизнес-плана/Кнопка План' is clicked on

18-11-2024T10:34:58 - [TEST_STEP][PASSED] - typeOfDataMain = "План": null

18-11-2024T10:34:58 - [TEST_STEP][PASSED] - otpusk = findTestData("PlanFact").getValue(2, a): null

18-11-2024T10:34:58 - [TEST_STEP][PASSED] - poteri = findTestData("PlanFact").getValue(3, a): null

18-11-2024T10:34:58 - [TEST_STEP][PASSED] - otpusk = otpusk.replaceAll("\s+", ""): null

18-11-2024T10:34:58 - [TEST_STEP][PASSED] - poteri = poteri.replaceAll("\s+", ""): null

18-11-2024T10:34:58 - [TEST_STEP][PASSED] - typeOfData = typeOfDataMain + " Отпуск в сеть": null

18-11-2024T10:34:58 - [TEST_STEP][PASSED] - if (a == 82): null

18-11-2024T10:34:58 - [TEST_STEP][PASSED] - else if (a == 84): null

18-11-2024T10:34:58 - [TEST_STEP][PASSED] - else if (a == 52 || a == 72 || a == 28 || a == 73 || a == 77 || a == 74 || a == 65 || a == 36 || a == 44 || a == 53 || a == 80 || a == 54 || a == 1 || a == 18 || a == 59 || a == 81): null

18-11-2024T10:34:58 - [TEST_STEP][PASSED] - else: null

18-11-2024T10:34:58 - [TEST_STEP][PASSED] - path = dataFolder + typeOfData + " за отчётный период " + b: null

18-11-2024T10:34:58 - [TEST_STEP][PASSED] - println(path): null

18-11-2024T10:34:58 - [TEST_STEP][PASSED] - page = getText(findTestObject(path)): Text of object 'Object Repository/Выполнение бизнес-плана/Значения со страницы Выполнение бизнес-плана/План Отпуск в сеть за отчётный период Бурятэнерго' is: '3 621 111'

18-11-2024T10:34:59 - [MESSAGE][PASSED] - Text of object 'Object Repository/Выполнение бизнес-плана/Значения со страницы Выполнение бизнес-плана/План Отпуск в сеть за отчётный период Бурятэнерго' is: '3 621 111'

18-11-2024T10:34:59 - [TEST_STEP][PASSED] - page = page.replaceAll("\s+", ""): null

18-11-2024T10:34:59 - [TEST_STEP][PASSED] - fileOtpuskVSet = otpusk.toInteger(): null

18-11-2024T10:34:59 - [TEST_STEP][PASSED] - pageOtpuskVSet = page.toInteger(): null

18-11-2024T10:34:59 - [TEST_STEP][PASSED] - typeOfData = typeOfDataMain + " Потери": null

18-11-2024T10:34:59 - [TEST_STEP][PASSED] - if (a == 82): null

18-11-2024T10:34:59 - [TEST_STEP][PASSED] - else if (a == 84): null

18-11-2024T10:34:59 - [TEST_STEP][PASSED] - else if (a == 52 || a == 72 || a == 28 || a == 73 || a == 77 || a == 74 || a == 65 || a == 36 || a == 44 || a == 53 || a == 80 || a == 54 || a == 1 || a == 18 || a == 59 || a == 81): null

18-11-2024T10:34:59 - [TEST_STEP][PASSED] - else: null

18-11-2024T10:34:59 - [TEST_STEP][PASSED] - path = dataFolder + typeOfData + " за отчётный период " + b: null

18-11-2024T10:34:59 - [TEST_STEP][PASSED] - page = getText(findTestObject(path)): Text of object 'Object Repository/Выполнение бизнес-плана/Значения со страницы Выполнение бизнес-плана/План Потери за отчётный период Бурятэнерго' is: '373 445'

18-11-2024T10:34:59 - [MESSAGE][PASSED] - Text of object 'Object Repository/Выполнение бизнес-плана/Значения со страницы Выполнение бизнес-плана/План Потери за отчётный период Бурятэнерго' is: '373 445'

18-11-2024T10:34:59 - [TEST_STEP][PASSED] - page = page.replaceAll("\s+", ""): null

18-11-2024T10:34:59 - [TEST_STEP][PASSED] - filePoteri = poteri.toInteger(): null

18-11-2024T10:34:59 - [TEST_STEP][PASSED] - pagePoteri = page.toInteger(): null

18-11-2024T10:34:59 - [TEST_STEP][PASSED] - compare = pageOtpuskVSet: null

18-11-2024T10:34:59 - [TEST_STEP][PASSED] - if (compare == fileOtpuskVSet): null

18-11-2024T10:34:59 - [TEST_STEP][PASSED] - if (compare == fileOtpuskVSet): null

18-11-2024T10:34:59 - [TEST_STEP][PASSED] - compare = pagePoteri: null

18-11-2024T10:34:59 - [TEST_STEP][PASSED] - if (compare == filePoteri): null

18-11-2024T10:34:59 - [TEST_STEP][PASSED] - if (compare == filePoteri): null

18-11-2024T10:34:59 - [TEST_STEP][PASSED] - if (planFact == 2): Object: 'Object Repository/Выполнение бизнес-плана/Кнопка Факт' is clicked on

18-11-2024T10:34:59 - [TEST_STEP][PASSED] - click(findTestObject("Выполнение бизнес-плана/Кнопка Факт")): Object: 'Object Repository/Выполнение бизнес-плана/Кнопка Факт' is clicked on

18-11-2024T10:34:59 - [MESSAGE][PASSED] - Object: 'Object Repository/Выполнение бизнес-плана/Кнопка Факт' is clicked on

18-11-2024T10:34:59 - [TEST_STEP][PASSED] - if (a == 84 || a == 82): null

18-11-2024T10:34:59 - [TEST_STEP][PASSED] - else if (a == 52 || a == 72 || a == 28 || a == 73 || a == 77 || a == 74 || a == 65 || a == 36 || a == 44 || a == 53 || a == 80 || a == 54 || a == 1 || a == 18 || a == 59 || a == 81): null

18-11-2024T10:34:59 - [TEST_STEP][PASSED] - else: null

18-11-2024T10:34:59 - [TEST_STEP][PASSED] - page1 = getText(findTestObject("Object Repository/Выполнение бизнес-плана/spanPlan" + filialNum)): Text of object 'Object Repository/Выполнение бизнес-плана/spanPlan2' is: '10.31
|'

18-11-2024T10:35:00 - [MESSAGE][PASSED] - Text of object 'Object Repository/Выполнение бизнес-плана/spanPlan2' is: '10.31
|'

18-11-2024T10:35:00 - [TEST_STEP][PASSED] - page1 = page1.replace("|", ""): null

18-11-2024T10:35:00 - [TEST_STEP][PASSED] - page2 = getText(findTestObject("Object Repository/Выполнение бизнес-плана/spanFact" + filialNum)): Text of object 'Object Repository/Выполнение бизнес-плана/spanFact2' is: '10.71
|'

18-11-2024T10:35:00 - [MESSAGE][PASSED] - Text of object 'Object Repository/Выполнение бизнес-плана/spanFact2' is: '10.71
|'

18-11-2024T10:35:00 - [TEST_STEP][PASSED] - page2 = page2.replace("|", ""): null

18-11-2024T10:35:00 - [TEST_STEP][PASSED] - println("page1: " + page1): null

18-11-2024T10:35:00 - [TEST_STEP][PASSED] - println("page2: " + page2): null

18-11-2024T10:35:00 - [TEST_STEP][PASSED] - file = findTestData("PlanFact").getValue(4, a): null

18-11-2024T10:35:00 - [TEST_STEP][PASSED] - file = file.replace(",", "."): null

18-11-2024T10:35:00 - [TEST_STEP][PASSED] - println("file Plan: " + file): null

18-11-2024T10:35:00 - [TEST_STEP][PASSED] - typeOfData = "План в процентах": null

18-11-2024T10:35:00 - [TEST_STEP][PASSED] - fileDouble = file.toDouble(): null

18-11-2024T10:35:00 - [TEST_STEP][PASSED] - pageDouble = page1.toDouble(): null

18-11-2024T10:35:00 - [TEST_STEP][PASSED] - if (fileDouble != pageDouble): null

18-11-2024T10:35:00 - [TEST_STEP][PASSED] - file = findTestData("PlanFact").getValue(7, a): null

18-11-2024T10:35:00 - [TEST_STEP][PASSED] - file = file.replace(",", "."): null

18-11-2024T10:35:00 - [TEST_STEP][PASSED] - println("file Fact: " + file): null

18-11-2024T10:35:00 - [TEST_STEP][PASSED] - fileDouble = file.toDouble(): null

18-11-2024T10:35:00 - [TEST_STEP][PASSED] - typeOfData = "Факт в процентах": null

18-11-2024T10:35:00 - [TEST_STEP][PASSED] - fileDouble = file.toDouble(): null

18-11-2024T10:35:00 - [TEST_STEP][PASSED] - pageDouble = page2.toDouble(): null

18-11-2024T10:35:00 - [TEST_STEP][PASSED] - if (fileDouble != pageDouble): null

18-11-2024T10:35:00 - [TEST_STEP][PASSED] - if (verifyEqual(numberOfErrors, 0) == false): Actual object '0' and expected object '0' are equal

18-11-2024T10:35:00 - [MESSAGE][PASSED] - Actual object '0' and expected object '0' are equal

18-11-2024T10:35:00 - [TEST_STEP][PASSED] - if (a == 82): null

18-11-2024T10:35:00 - [TEST_STEP][PASSED] - dZO = "Красноярскэнерго": null

18-11-2024T10:35:00 - [TEST_STEP][PASSED] - a = 47: null

18-11-2024T10:35:00 - [TEST_STEP][PASSED] - if (x2.contains(dZO)): null

18-11-2024T10:35:00 - [TEST_STEP][PASSED] - filialNum = filialNum + 1: null

18-11-2024T10:35:00 - [TEST_STEP][PASSED] - Script1718980020443.Numbers(a, typeOfData, todaysDate, pageInt, fileInt, pageDouble, fileDouble, dZO, dzoNum, filialNum): null

18-11-2024T10:35:00 - [TEST_STEP][PASSED] - println(dzoNum): null

18-11-2024T10:35:00 - [TEST_STEP][PASSED] - planFact = <not implemented yet for class: org.codehaus.groovy.ast.expr.EmptyExpression>: null

18-11-2024T10:35:00 - [TEST_STEP][PASSED] - page = <not implemented yet for class: org.codehaus.groovy.ast.expr.EmptyExpression>: null

18-11-2024T10:35:00 - [TEST_STEP][PASSED] - page1 = <not implemented yet for class: org.codehaus.groovy.ast.expr.EmptyExpression>: null

18-11-2024T10:35:00 - [TEST_STEP][PASSED] - page2 = <not implemented yet for class: org.codehaus.groovy.ast.expr.EmptyExpression>: null

18-11-2024T10:35:00 - [TEST_STEP][PASSED] - filialNumberInRow = <not implemented yet for class: org.codehaus.groovy.ast.expr.EmptyExpression>: null

18-11-2024T10:35:00 - [TEST_STEP][PASSED] - filialsDzoNames = <not implemented yet for class: org.codehaus.groovy.ast.expr.EmptyExpression>: null

18-11-2024T10:35:00 - [TEST_STEP][PASSED] - numberOfFilials = <not implemented yet for class: org.codehaus.groovy.ast.expr.EmptyExpression>: null

18-11-2024T10:35:00 - [TEST_STEP][PASSED] - numberOfSpaces = <not implemented yet for class: org.codehaus.groovy.ast.expr.EmptyExpression>: null

18-11-2024T10:35:00 - [TEST_STEP][PASSED] - file = <not implemented yet for class: org.codehaus.groovy.ast.expr.EmptyExpression>: null

18-11-2024T10:35:00 - [TEST_STEP][PASSED] - otpusk = <not implemented yet for class: org.codehaus.groovy.ast.expr.EmptyExpression>: null

18-11-2024T10:35:00 - [TEST_STEP][PASSED] - poteri = <not implemented yet for class: org.codehaus.groovy.ast.expr.EmptyExpression>: null

18-11-2024T10:35:00 - [TEST_STEP][PASSED] - dataFolder = "Выполнение бизнес-плана/Значения со страницы Выполнение бизнес-плана/": null

18-11-2024T10:35:00 - [TEST_STEP][PASSED] - path = <not implemented yet for class: org.codehaus.groovy.ast.expr.EmptyExpression>: null

18-11-2024T10:35:00 - [TEST_STEP][PASSED] - typeOfDataMain = <not implemented yet for class: org.codehaus.groovy.ast.expr.EmptyExpression>: null

18-11-2024T10:35:00 - [TEST_STEP][PASSED] - fileOtpuskVSet = <not implemented yet for class: org.codehaus.groovy.ast.expr.EmptyExpression>: null

18-11-2024T10:35:00 - [TEST_STEP][PASSED] - pageOtpuskVSet = <not implemented yet for class: org.codehaus.groovy.ast.expr.EmptyExpression>: null

18-11-2024T10:35:00 - [TEST_STEP][PASSED] - filePoteri = <not implemented yet for class: org.codehaus.groovy.ast.expr.EmptyExpression>: null

18-11-2024T10:35:00 - [TEST_STEP][PASSED] - pagePoteri = <not implemented yet for class: org.codehaus.groovy.ast.expr.EmptyExpression>: null

18-11-2024T10:35:00 - [TEST_STEP][PASSED] - compare = <not implemented yet for class: org.codehaus.groovy.ast.expr.EmptyExpression>: null

18-11-2024T10:35:00 - [TEST_STEP][PASSED] - b = <not implemented yet for class: org.codehaus.groovy.ast.expr.EmptyExpression>: null

18-11-2024T10:35:00 - [TEST_STEP][PASSED] - i = <not implemented yet for class: org.codehaus.groovy.ast.expr.EmptyExpression>: null

18-11-2024T10:35:00 - [TEST_STEP][PASSED] - ii = <not implemented yet for class: org.codehaus.groovy.ast.expr.EmptyExpression>: null

18-11-2024T10:35:00 - [TEST_STEP][PASSED] - c = <not implemented yet for class: org.codehaus.groovy.ast.expr.EmptyExpression>: null

18-11-2024T10:35:00 - [TEST_STEP][PASSED] - numberOfErrors = 0: null

18-11-2024T10:35:00 - [TEST_STEP][PASSED] - if (a == 82): null

18-11-2024T10:35:00 - [TEST_STEP][PASSED] - b = findTestData("PlanFact").getValue(1, a): null

18-11-2024T10:35:00 - [TEST_STEP][PASSED] - i = b.indexOf(" (ГК)"): null

18-11-2024T10:35:00 - [TEST_STEP][PASSED] - if (i > -1): null

18-11-2024T10:35:00 - [TEST_STEP][PASSED] - i = b.indexOf("О ""): null

18-11-2024T10:35:00 - [TEST_STEP][PASSED] - if (i > -1): null

18-11-2024T10:35:00 - [TEST_STEP][PASSED] - i = b.indexOf("О «"): null

18-11-2024T10:35:00 - [TEST_STEP][PASSED] - if (i > -1): null

18-11-2024T10:35:00 - [TEST_STEP][PASSED] - i = b.indexOf("г. "): null

18-11-2024T10:35:00 - [TEST_STEP][PASSED] - if (i > -1): null

18-11-2024T10:35:00 - [TEST_STEP][PASSED] - println(b): null

18-11-2024T10:35:00 - [TEST_STEP][PASSED] - for ([planFact = 1, planFact < 3, (planFact++)]): Object: 'Object Repository/Выполнение бизнес-плана/Кнопка Факт' is clicked on

18-11-2024T10:35:00 - [TEST_STEP][PASSED] - if (planFact == 1): null

18-11-2024T10:35:00 - [TEST_STEP][PASSED] - typeOfDataMain = "Факт": null

18-11-2024T10:35:00 - [TEST_STEP][PASSED] - otpusk = findTestData("PlanFact").getValue(5, a): null

18-11-2024T10:35:00 - [TEST_STEP][PASSED] - poteri = findTestData("PlanFact").getValue(6, a): null

18-11-2024T10:35:00 - [TEST_STEP][PASSED] - otpusk = otpusk.replaceAll("\s+", ""): null

18-11-2024T10:35:00 - [TEST_STEP][PASSED] - poteri = poteri.replaceAll("\s+", ""): null

18-11-2024T10:35:00 - [TEST_STEP][PASSED] - typeOfData = typeOfDataMain + " Отпуск в сеть": null

18-11-2024T10:35:00 - [TEST_STEP][PASSED] - if (a == 82): null

18-11-2024T10:35:00 - [TEST_STEP][PASSED] - else if (a == 84): null

18-11-2024T10:35:00 - [TEST_STEP][PASSED] - else if (a == 52 || a == 72 || a == 28 || a == 73 || a == 77 || a == 74 || a == 65 || a == 36 || a == 44 || a == 53 || a == 80 || a == 54 || a == 1 || a == 18 || a == 59 || a == 81): null

18-11-2024T10:35:00 - [TEST_STEP][PASSED] - else: null

18-11-2024T10:35:00 - [TEST_STEP][PASSED] - path = dataFolder + typeOfData + " за отчётный период " + b: null

18-11-2024T10:35:00 - [TEST_STEP][PASSED] - println(path): null

18-11-2024T10:35:00 - [TEST_STEP][PASSED] - page = getText(findTestObject(path)): Text of object 'Object Repository/Выполнение бизнес-плана/Значения со страницы Выполнение бизнес-плана/Факт Отпуск в сеть за отчётный период Красноярскэнерго' is: '10 907 615'

18-11-2024T10:35:00 - [MESSAGE][PASSED] - Text of object 'Object Repository/Выполнение бизнес-плана/Значения со страницы Выполнение бизнес-плана/Факт Отпуск в сеть за отчётный период Красноярскэнерго' is: '10 907 615'

18-11-2024T10:35:00 - [TEST_STEP][PASSED] - page = page.replaceAll("\s+", ""): null

18-11-2024T10:35:00 - [TEST_STEP][PASSED] - fileOtpuskVSet = otpusk.toInteger(): null

18-11-2024T10:35:00 - [TEST_STEP][PASSED] - pageOtpuskVSet = page.toInteger(): null

18-11-2024T10:35:00 - [TEST_STEP][PASSED] - typeOfData = typeOfDataMain + " Потери": null

18-11-2024T10:35:00 - [TEST_STEP][PASSED] - if (a == 82): null

18-11-2024T10:35:00 - [TEST_STEP][PASSED] - else if (a == 84): null

18-11-2024T10:35:00 - [TEST_STEP][PASSED] - else if (a == 52 || a == 72 || a == 28 || a == 73 || a == 77 || a == 74 || a == 65 || a == 36 || a == 44 || a == 53 || a == 80 || a == 54 || a == 1 || a == 18 || a == 59 || a == 81): null

18-11-2024T10:35:00 - [TEST_STEP][PASSED] - else: null

18-11-2024T10:35:00 - [TEST_STEP][PASSED] - path = dataFolder + typeOfData + " за отчётный период " + b: null

18-11-2024T10:35:00 - [TEST_STEP][PASSED] - page = getText(findTestObject(path)): Text of object 'Object Repository/Выполнение бизнес-плана/Значения со страницы Выполнение бизнес-плана/Факт Потери за отчётный период Красноярскэнерго' is: '1 002 042'

18-11-2024T10:35:01 - [MESSAGE][PASSED] - Text of object 'Object Repository/Выполнение бизнес-плана/Значения со страницы Выполнение бизнес-плана/Факт Потери за отчётный период Красноярскэнерго' is: '1 002 042'

18-11-2024T10:35:01 - [TEST_STEP][PASSED] - page = page.replaceAll("\s+", ""): null

18-11-2024T10:35:01 - [TEST_STEP][PASSED] - filePoteri = poteri.toInteger(): null

18-11-2024T10:35:01 - [TEST_STEP][PASSED] - pagePoteri = page.toInteger(): null

18-11-2024T10:35:01 - [TEST_STEP][PASSED] - compare = pageOtpuskVSet: null

18-11-2024T10:35:01 - [TEST_STEP][PASSED] - if (compare == fileOtpuskVSet): null

18-11-2024T10:35:01 - [TEST_STEP][PASSED] - if (compare == fileOtpuskVSet): null

18-11-2024T10:35:01 - [TEST_STEP][PASSED] - compare = pagePoteri: null

18-11-2024T10:35:01 - [TEST_STEP][PASSED] - if (compare == filePoteri): null

18-11-2024T10:35:01 - [TEST_STEP][PASSED] - if (compare == filePoteri): null

18-11-2024T10:35:01 - [TEST_STEP][PASSED] - if (planFact == 2): null

18-11-2024T10:35:01 - [TEST_STEP][PASSED] - if (planFact == 1): null

18-11-2024T10:35:01 - [TEST_STEP][PASSED] - else if (planFact == 2): null

18-11-2024T10:35:01 - [TEST_STEP][PASSED] - click(findTestObject("Выполнение бизнес-плана/Кнопка План")): Object: 'Object Repository/Выполнение бизнес-плана/Кнопка План' is clicked on

18-11-2024T10:35:01 - [MESSAGE][PASSED] - Object: 'Object Repository/Выполнение бизнес-плана/Кнопка План' is clicked on

18-11-2024T10:35:01 - [TEST_STEP][PASSED] - typeOfDataMain = "План": null

18-11-2024T10:35:01 - [TEST_STEP][PASSED] - otpusk = findTestData("PlanFact").getValue(2, a): null

18-11-2024T10:35:01 - [TEST_STEP][PASSED] - poteri = findTestData("PlanFact").getValue(3, a): null

18-11-2024T10:35:01 - [TEST_STEP][PASSED] - otpusk = otpusk.replaceAll("\s+", ""): null

18-11-2024T10:35:01 - [TEST_STEP][PASSED] - poteri = poteri.replaceAll("\s+", ""): null

18-11-2024T10:35:01 - [TEST_STEP][PASSED] - typeOfData = typeOfDataMain + " Отпуск в сеть": null

18-11-2024T10:35:01 - [TEST_STEP][PASSED] - if (a == 82): null

18-11-2024T10:35:01 - [TEST_STEP][PASSED] - else if (a == 84): null

18-11-2024T10:35:01 - [TEST_STEP][PASSED] - else if (a == 52 || a == 72 || a == 28 || a == 73 || a == 77 || a == 74 || a == 65 || a == 36 || a == 44 || a == 53 || a == 80 || a == 54 || a == 1 || a == 18 || a == 59 || a == 81): null

18-11-2024T10:35:01 - [TEST_STEP][PASSED] - else: null

18-11-2024T10:35:01 - [TEST_STEP][PASSED] - path = dataFolder + typeOfData + " за отчётный период " + b: null

18-11-2024T10:35:01 - [TEST_STEP][PASSED] - println(path): null

18-11-2024T10:35:01 - [TEST_STEP][PASSED] - page = getText(findTestObject(path)): Text of object 'Object Repository/Выполнение бизнес-плана/Значения со страницы Выполнение бизнес-плана/План Отпуск в сеть за отчётный период Красноярскэнерго' is: '10 242 874'

18-11-2024T10:35:01 - [MESSAGE][PASSED] - Text of object 'Object Repository/Выполнение бизнес-плана/Значения со страницы Выполнение бизнес-плана/План Отпуск в сеть за отчётный период Красноярскэнерго' is: '10 242 874'

18-11-2024T10:35:01 - [TEST_STEP][PASSED] - page = page.replaceAll("\s+", ""): null

18-11-2024T10:35:01 - [TEST_STEP][PASSED] - fileOtpuskVSet = otpusk.toInteger(): null

18-11-2024T10:35:01 - [TEST_STEP][PASSED] - pageOtpuskVSet = page.toInteger(): null

18-11-2024T10:35:01 - [TEST_STEP][PASSED] - typeOfData = typeOfDataMain + " Потери": null

18-11-2024T10:35:01 - [TEST_STEP][PASSED] - if (a == 82): null

18-11-2024T10:35:01 - [TEST_STEP][PASSED] - else if (a == 84): null

18-11-2024T10:35:01 - [TEST_STEP][PASSED] - else if (a == 52 || a == 72 || a == 28 || a == 73 || a == 77 || a == 74 || a == 65 || a == 36 || a == 44 || a == 53 || a == 80 || a == 54 || a == 1 || a == 18 || a == 59 || a == 81): null

18-11-2024T10:35:01 - [TEST_STEP][PASSED] - else: null

18-11-2024T10:35:01 - [TEST_STEP][PASSED] - path = dataFolder + typeOfData + " за отчётный период " + b: null

18-11-2024T10:35:01 - [TEST_STEP][PASSED] - page = getText(findTestObject(path)): Text of object 'Object Repository/Выполнение бизнес-плана/Значения со страницы Выполнение бизнес-плана/План Потери за отчётный период Красноярскэнерго' is: '952 570'

18-11-2024T10:35:02 - [MESSAGE][PASSED] - Text of object 'Object Repository/Выполнение бизнес-плана/Значения со страницы Выполнение бизнес-плана/План Потери за отчётный период Красноярскэнерго' is: '952 570'

18-11-2024T10:35:02 - [TEST_STEP][PASSED] - page = page.replaceAll("\s+", ""): null

18-11-2024T10:35:02 - [TEST_STEP][PASSED] - filePoteri = poteri.toInteger(): null

18-11-2024T10:35:02 - [TEST_STEP][PASSED] - pagePoteri = page.toInteger(): null

18-11-2024T10:35:02 - [TEST_STEP][PASSED] - compare = pageOtpuskVSet: null

18-11-2024T10:35:02 - [TEST_STEP][PASSED] - if (compare == fileOtpuskVSet): null

18-11-2024T10:35:02 - [TEST_STEP][PASSED] - if (compare == fileOtpuskVSet): null

18-11-2024T10:35:02 - [TEST_STEP][PASSED] - compare = pagePoteri: null

18-11-2024T10:35:02 - [TEST_STEP][PASSED] - if (compare == filePoteri): null

18-11-2024T10:35:02 - [TEST_STEP][PASSED] - if (compare == filePoteri): null

18-11-2024T10:35:02 - [TEST_STEP][PASSED] - if (planFact == 2): Object: 'Object Repository/Выполнение бизнес-плана/Кнопка Факт' is clicked on

18-11-2024T10:35:02 - [TEST_STEP][PASSED] - click(findTestObject("Выполнение бизнес-плана/Кнопка Факт")): Object: 'Object Repository/Выполнение бизнес-плана/Кнопка Факт' is clicked on

18-11-2024T10:35:02 - [MESSAGE][PASSED] - Object: 'Object Repository/Выполнение бизнес-плана/Кнопка Факт' is clicked on

18-11-2024T10:35:02 - [TEST_STEP][PASSED] - if (a == 84 || a == 82): null

18-11-2024T10:35:02 - [TEST_STEP][PASSED] - else if (a == 52 || a == 72 || a == 28 || a == 73 || a == 77 || a == 74 || a == 65 || a == 36 || a == 44 || a == 53 || a == 80 || a == 54 || a == 1 || a == 18 || a == 59 || a == 81): null

18-11-2024T10:35:02 - [TEST_STEP][PASSED] - else: null

18-11-2024T10:35:02 - [TEST_STEP][PASSED] - page1 = getText(findTestObject("Object Repository/Выполнение бизнес-плана/spanPlan" + filialNum)): Text of object 'Object Repository/Выполнение бизнес-плана/spanPlan3' is: '9.30
|'

18-11-2024T10:35:03 - [MESSAGE][PASSED] - Text of object 'Object Repository/Выполнение бизнес-плана/spanPlan3' is: '9.30
|'

18-11-2024T10:35:03 - [TEST_STEP][PASSED] - page1 = page1.replace("|", ""): null

18-11-2024T10:35:03 - [TEST_STEP][PASSED] - page2 = getText(findTestObject("Object Repository/Выполнение бизнес-плана/spanFact" + filialNum)): Text of object 'Object Repository/Выполнение бизнес-плана/spanFact3' is: '9.19
|'

18-11-2024T10:35:03 - [MESSAGE][PASSED] - Text of object 'Object Repository/Выполнение бизнес-плана/spanFact3' is: '9.19
|'

18-11-2024T10:35:03 - [TEST_STEP][PASSED] - page2 = page2.replace("|", ""): null

18-11-2024T10:35:03 - [TEST_STEP][PASSED] - println("page1: " + page1): null

18-11-2024T10:35:03 - [TEST_STEP][PASSED] - println("page2: " + page2): null

18-11-2024T10:35:03 - [TEST_STEP][PASSED] - file = findTestData("PlanFact").getValue(4, a): null

18-11-2024T10:35:03 - [TEST_STEP][PASSED] - file = file.replace(",", "."): null

18-11-2024T10:35:03 - [TEST_STEP][PASSED] - println("file Plan: " + file): null

18-11-2024T10:35:03 - [TEST_STEP][PASSED] - typeOfData = "План в процентах": null

18-11-2024T10:35:03 - [TEST_STEP][PASSED] - fileDouble = file.toDouble(): null

18-11-2024T10:35:03 - [TEST_STEP][PASSED] - pageDouble = page1.toDouble(): null

18-11-2024T10:35:03 - [TEST_STEP][PASSED] - if (fileDouble != pageDouble): null

18-11-2024T10:35:03 - [TEST_STEP][PASSED] - file = findTestData("PlanFact").getValue(7, a): null

18-11-2024T10:35:03 - [TEST_STEP][PASSED] - file = file.replace(",", "."): null

18-11-2024T10:35:03 - [TEST_STEP][PASSED] - println("file Fact: " + file): null

18-11-2024T10:35:03 - [TEST_STEP][PASSED] - fileDouble = file.toDouble(): null

18-11-2024T10:35:03 - [TEST_STEP][PASSED] - typeOfData = "Факт в процентах": null

18-11-2024T10:35:03 - [TEST_STEP][PASSED] - fileDouble = file.toDouble(): null

18-11-2024T10:35:03 - [TEST_STEP][PASSED] - pageDouble = page2.toDouble(): null

18-11-2024T10:35:03 - [TEST_STEP][PASSED] - if (fileDouble != pageDouble): null

18-11-2024T10:35:03 - [TEST_STEP][PASSED] - if (verifyEqual(numberOfErrors, 0) == false): Actual object '0' and expected object '0' are equal

18-11-2024T10:35:03 - [MESSAGE][PASSED] - Actual object '0' and expected object '0' are equal

18-11-2024T10:35:03 - [TEST_STEP][PASSED] - if (a == 82): null

18-11-2024T10:35:03 - [TEST_STEP][PASSED] - dZO = "Кузбассэнерго-РЭС": null

18-11-2024T10:35:03 - [TEST_STEP][PASSED] - a = 48: null

18-11-2024T10:35:03 - [TEST_STEP][PASSED] - if (x2.contains(dZO)): null

18-11-2024T10:35:03 - [TEST_STEP][PASSED] - filialNum = filialNum + 1: null

18-11-2024T10:35:03 - [TEST_STEP][PASSED] - Script1718980020443.Numbers(a, typeOfData, todaysDate, pageInt, fileInt, pageDouble, fileDouble, dZO, dzoNum, filialNum): null

18-11-2024T10:35:03 - [TEST_STEP][PASSED] - println(dzoNum): null

18-11-2024T10:35:03 - [TEST_STEP][PASSED] - planFact = <not implemented yet for class: org.codehaus.groovy.ast.expr.EmptyExpression>: null

18-11-2024T10:35:03 - [TEST_STEP][PASSED] - page = <not implemented yet for class: org.codehaus.groovy.ast.expr.EmptyExpression>: null

18-11-2024T10:35:03 - [TEST_STEP][PASSED] - page1 = <not implemented yet for class: org.codehaus.groovy.ast.expr.EmptyExpression>: null

18-11-2024T10:35:03 - [TEST_STEP][PASSED] - page2 = <not implemented yet for class: org.codehaus.groovy.ast.expr.EmptyExpression>: null

18-11-2024T10:35:03 - [TEST_STEP][PASSED] - filialNumberInRow = <not implemented yet for class: org.codehaus.groovy.ast.expr.EmptyExpression>: null

18-11-2024T10:35:03 - [TEST_STEP][PASSED] - filialsDzoNames = <not implemented yet for class: org.codehaus.groovy.ast.expr.EmptyExpression>: null

18-11-2024T10:35:03 - [TEST_STEP][PASSED] - numberOfFilials = <not implemented yet for class: org.codehaus.groovy.ast.expr.EmptyExpression>: null

18-11-2024T10:35:03 - [TEST_STEP][PASSED] - numberOfSpaces = <not implemented yet for class: org.codehaus.groovy.ast.expr.EmptyExpression>: null

18-11-2024T10:35:03 - [TEST_STEP][PASSED] - file = <not implemented yet for class: org.codehaus.groovy.ast.expr.EmptyExpression>: null

18-11-2024T10:35:03 - [TEST_STEP][PASSED] - otpusk = <not implemented yet for class: org.codehaus.groovy.ast.expr.EmptyExpression>: null

18-11-2024T10:35:03 - [TEST_STEP][PASSED] - poteri = <not implemented yet for class: org.codehaus.groovy.ast.expr.EmptyExpression>: null

18-11-2024T10:35:03 - [TEST_STEP][PASSED] - dataFolder = "Выполнение бизнес-плана/Значения со страницы Выполнение бизнес-плана/": null

18-11-2024T10:35:03 - [TEST_STEP][PASSED] - path = <not implemented yet for class: org.codehaus.groovy.ast.expr.EmptyExpression>: null

18-11-2024T10:35:03 - [TEST_STEP][PASSED] - typeOfDataMain = <not implemented yet for class: org.codehaus.groovy.ast.expr.EmptyExpression>: null

18-11-2024T10:35:03 - [TEST_STEP][PASSED] - fileOtpuskVSet = <not implemented yet for class: org.codehaus.groovy.ast.expr.EmptyExpression>: null

18-11-2024T10:35:03 - [TEST_STEP][PASSED] - pageOtpuskVSet = <not implemented yet for class: org.codehaus.groovy.ast.expr.EmptyExpression>: null

18-11-2024T10:35:03 - [TEST_STEP][PASSED] - filePoteri = <not implemented yet for class: org.codehaus.groovy.ast.expr.EmptyExpression>: null

18-11-2024T10:35:03 - [TEST_STEP][PASSED] - pagePoteri = <not implemented yet for class: org.codehaus.groovy.ast.expr.EmptyExpression>: null

18-11-2024T10:35:03 - [TEST_STEP][PASSED] - compare = <not implemented yet for class: org.codehaus.groovy.ast.expr.EmptyExpression>: null

18-11-2024T10:35:03 - [TEST_STEP][PASSED] - b = <not implemented yet for class: org.codehaus.groovy.ast.expr.EmptyExpression>: null

18-11-2024T10:35:03 - [TEST_STEP][PASSED] - i = <not implemented yet for class: org.codehaus.groovy.ast.expr.EmptyExpression>: null

18-11-2024T10:35:03 - [TEST_STEP][PASSED] - ii = <not implemented yet for class: org.codehaus.groovy.ast.expr.EmptyExpression>: null

18-11-2024T10:35:03 - [TEST_STEP][PASSED] - c = <not implemented yet for class: org.codehaus.groovy.ast.expr.EmptyExpression>: null

18-11-2024T10:35:03 - [TEST_STEP][PASSED] - numberOfErrors = 0: null

18-11-2024T10:35:03 - [TEST_STEP][PASSED] - if (a == 82): null

18-11-2024T10:35:03 - [TEST_STEP][PASSED] - b = findTestData("PlanFact").getValue(1, a): null

18-11-2024T10:35:03 - [TEST_STEP][PASSED] - i = b.indexOf(" (ГК)"): null

18-11-2024T10:35:03 - [TEST_STEP][PASSED] - if (i > -1): null

18-11-2024T10:35:03 - [TEST_STEP][PASSED] - i = b.indexOf("О ""): null

18-11-2024T10:35:03 - [TEST_STEP][PASSED] - if (i > -1): null

18-11-2024T10:35:03 - [TEST_STEP][PASSED] - i = b.indexOf("О «"): null

18-11-2024T10:35:03 - [TEST_STEP][PASSED] - if (i > -1): null

18-11-2024T10:35:03 - [TEST_STEP][PASSED] - i = b.indexOf("г. "): null

18-11-2024T10:35:03 - [TEST_STEP][PASSED] - if (i > -1): null

18-11-2024T10:35:03 - [TEST_STEP][PASSED] - println(b): null

18-11-2024T10:35:03 - [TEST_STEP][PASSED] - for ([planFact = 1, planFact < 3, (planFact++)]): Object: 'Object Repository/Выполнение бизнес-плана/Кнопка Факт' is clicked on

18-11-2024T10:35:03 - [TEST_STEP][PASSED] - if (planFact == 1): null

18-11-2024T10:35:03 - [TEST_STEP][PASSED] - typeOfDataMain = "Факт": null

18-11-2024T10:35:03 - [TEST_STEP][PASSED] - otpusk = findTestData("PlanFact").getValue(5, a): null

18-11-2024T10:35:03 - [TEST_STEP][PASSED] - poteri = findTestData("PlanFact").getValue(6, a): null

18-11-2024T10:35:03 - [TEST_STEP][PASSED] - otpusk = otpusk.replaceAll("\s+", ""): null

18-11-2024T10:35:03 - [TEST_STEP][PASSED] - poteri = poteri.replaceAll("\s+", ""): null

18-11-2024T10:35:03 - [TEST_STEP][PASSED] - typeOfData = typeOfDataMain + " Отпуск в сеть": null

18-11-2024T10:35:03 - [TEST_STEP][PASSED] - if (a == 82): null

18-11-2024T10:35:03 - [TEST_STEP][PASSED] - else if (a == 84): null

18-11-2024T10:35:03 - [TEST_STEP][PASSED] - else if (a == 52 || a == 72 || a == 28 || a == 73 || a == 77 || a == 74 || a == 65 || a == 36 || a == 44 || a == 53 || a == 80 || a == 54 || a == 1 || a == 18 || a == 59 || a == 81): null

18-11-2024T10:35:03 - [TEST_STEP][PASSED] - else: null

18-11-2024T10:35:03 - [TEST_STEP][PASSED] - path = dataFolder + typeOfData + " за отчётный период " + b: null

18-11-2024T10:35:03 - [TEST_STEP][PASSED] - println(path): null

18-11-2024T10:35:03 - [TEST_STEP][PASSED] - page = getText(findTestObject(path)): Text of object 'Object Repository/Выполнение бизнес-плана/Значения со страницы Выполнение бизнес-плана/Факт Отпуск в сеть за отчётный период Кузбассэнерго-РЭС' is: '11 080 481'

18-11-2024T10:35:03 - [MESSAGE][PASSED] - Text of object 'Object Repository/Выполнение бизнес-плана/Значения со страницы Выполнение бизнес-плана/Факт Отпуск в сеть за отчётный период Кузбассэнерго-РЭС' is: '11 080 481'

18-11-2024T10:35:03 - [TEST_STEP][PASSED] - page = page.replaceAll("\s+", ""): null

18-11-2024T10:35:03 - [TEST_STEP][PASSED] - fileOtpuskVSet = otpusk.toInteger(): null

18-11-2024T10:35:03 - [TEST_STEP][PASSED] - pageOtpuskVSet = page.toInteger(): null

18-11-2024T10:35:03 - [TEST_STEP][PASSED] - typeOfData = typeOfDataMain + " Потери": null

18-11-2024T10:35:03 - [TEST_STEP][PASSED] - if (a == 82): null

18-11-2024T10:35:03 - [TEST_STEP][PASSED] - else if (a == 84): null

18-11-2024T10:35:03 - [TEST_STEP][PASSED] - else if (a == 52 || a == 72 || a == 28 || a == 73 || a == 77 || a == 74 || a == 65 || a == 36 || a == 44 || a == 53 || a == 80 || a == 54 || a == 1 || a == 18 || a == 59 || a == 81): null

18-11-2024T10:35:03 - [TEST_STEP][PASSED] - else: null

18-11-2024T10:35:03 - [TEST_STEP][PASSED] - path = dataFolder + typeOfData + " за отчётный период " + b: null

18-11-2024T10:35:03 - [TEST_STEP][PASSED] - page = getText(findTestObject(path)): Text of object 'Object Repository/Выполнение бизнес-плана/Значения со страницы Выполнение бизнес-плана/Факт Потери за отчётный период Кузбассэнерго-РЭС' is: '400 475'

18-11-2024T10:35:04 - [MESSAGE][PASSED] - Text of object 'Object Repository/Выполнение бизнес-плана/Значения со страницы Выполнение бизнес-плана/Факт Потери за отчётный период Кузбассэнерго-РЭС' is: '400 475'

18-11-2024T10:35:04 - [TEST_STEP][PASSED] - page = page.replaceAll("\s+", ""): null

18-11-2024T10:35:04 - [TEST_STEP][PASSED] - filePoteri = poteri.toInteger(): null

18-11-2024T10:35:04 - [TEST_STEP][PASSED] - pagePoteri = page.toInteger(): null

18-11-2024T10:35:04 - [TEST_STEP][PASSED] - compare = pageOtpuskVSet: null

18-11-2024T10:35:04 - [TEST_STEP][PASSED] - if (compare == fileOtpuskVSet): null

18-11-2024T10:35:04 - [TEST_STEP][PASSED] - if (compare == fileOtpuskVSet): null

18-11-2024T10:35:04 - [TEST_STEP][PASSED] - compare = pagePoteri: null

18-11-2024T10:35:04 - [TEST_STEP][PASSED] - if (compare == filePoteri): null

18-11-2024T10:35:04 - [TEST_STEP][PASSED] - if (compare == filePoteri): null

18-11-2024T10:35:04 - [TEST_STEP][PASSED] - if (planFact == 2): null

18-11-2024T10:35:04 - [TEST_STEP][PASSED] - if (planFact == 1): null

18-11-2024T10:35:04 - [TEST_STEP][PASSED] - else if (planFact == 2): null

18-11-2024T10:35:04 - [TEST_STEP][PASSED] - click(findTestObject("Выполнение бизнес-плана/Кнопка План")): Object: 'Object Repository/Выполнение бизнес-плана/Кнопка План' is clicked on

18-11-2024T10:35:04 - [MESSAGE][PASSED] - Object: 'Object Repository/Выполнение бизнес-плана/Кнопка План' is clicked on

18-11-2024T10:35:04 - [TEST_STEP][PASSED] - typeOfDataMain = "План": null

18-11-2024T10:35:04 - [TEST_STEP][PASSED] - otpusk = findTestData("PlanFact").getValue(2, a): null

18-11-2024T10:35:04 - [TEST_STEP][PASSED] - poteri = findTestData("PlanFact").getValue(3, a): null

18-11-2024T10:35:04 - [TEST_STEP][PASSED] - otpusk = otpusk.replaceAll("\s+", ""): null

18-11-2024T10:35:04 - [TEST_STEP][PASSED] - poteri = poteri.replaceAll("\s+", ""): null

18-11-2024T10:35:04 - [TEST_STEP][PASSED] - typeOfData = typeOfDataMain + " Отпуск в сеть": null

18-11-2024T10:35:04 - [TEST_STEP][PASSED] - if (a == 82): null

18-11-2024T10:35:04 - [TEST_STEP][PASSED] - else if (a == 84): null

18-11-2024T10:35:04 - [TEST_STEP][PASSED] - else if (a == 52 || a == 72 || a == 28 || a == 73 || a == 77 || a == 74 || a == 65 || a == 36 || a == 44 || a == 53 || a == 80 || a == 54 || a == 1 || a == 18 || a == 59 || a == 81): null

18-11-2024T10:35:04 - [TEST_STEP][PASSED] - else: null

18-11-2024T10:35:04 - [TEST_STEP][PASSED] - path = dataFolder + typeOfData + " за отчётный период " + b: null

18-11-2024T10:35:04 - [TEST_STEP][PASSED] - println(path): null

18-11-2024T10:35:04 - [TEST_STEP][PASSED] - page = getText(findTestObject(path)): Text of object 'Object Repository/Выполнение бизнес-плана/Значения со страницы Выполнение бизнес-плана/План Отпуск в сеть за отчётный период Кузбассэнерго-РЭС' is: '10 617 905'

18-11-2024T10:35:05 - [MESSAGE][PASSED] - Text of object 'Object Repository/Выполнение бизнес-плана/Значения со страницы Выполнение бизнес-плана/План Отпуск в сеть за отчётный период Кузбассэнерго-РЭС' is: '10 617 905'

18-11-2024T10:35:05 - [TEST_STEP][PASSED] - page = page.replaceAll("\s+", ""): null

18-11-2024T10:35:05 - [TEST_STEP][PASSED] - fileOtpuskVSet = otpusk.toInteger(): null

18-11-2024T10:35:05 - [TEST_STEP][PASSED] - pageOtpuskVSet = page.toInteger(): null

18-11-2024T10:35:05 - [TEST_STEP][PASSED] - typeOfData = typeOfDataMain + " Потери": null

18-11-2024T10:35:05 - [TEST_STEP][PASSED] - if (a == 82): null

18-11-2024T10:35:05 - [TEST_STEP][PASSED] - else if (a == 84): null

18-11-2024T10:35:05 - [TEST_STEP][PASSED] - else if (a == 52 || a == 72 || a == 28 || a == 73 || a == 77 || a == 74 || a == 65 || a == 36 || a == 44 || a == 53 || a == 80 || a == 54 || a == 1 || a == 18 || a == 59 || a == 81): null

18-11-2024T10:35:05 - [TEST_STEP][PASSED] - else: null

18-11-2024T10:35:05 - [TEST_STEP][PASSED] - path = dataFolder + typeOfData + " за отчётный период " + b: null

18-11-2024T10:35:05 - [TEST_STEP][PASSED] - page = getText(findTestObject(path)): Text of object 'Object Repository/Выполнение бизнес-плана/Значения со страницы Выполнение бизнес-плана/План Потери за отчётный период Кузбассэнерго-РЭС' is: '407 547'

18-11-2024T10:35:05 - [MESSAGE][PASSED] - Text of object 'Object Repository/Выполнение бизнес-плана/Значения со страницы Выполнение бизнес-плана/План Потери за отчётный период Кузбассэнерго-РЭС' is: '407 547'

18-11-2024T10:35:05 - [TEST_STEP][PASSED] - page = page.replaceAll("\s+", ""): null

18-11-2024T10:35:05 - [TEST_STEP][PASSED] - filePoteri = poteri.toInteger(): null

18-11-2024T10:35:05 - [TEST_STEP][PASSED] - pagePoteri = page.toInteger(): null

18-11-2024T10:35:05 - [TEST_STEP][PASSED] - compare = pageOtpuskVSet: null

18-11-2024T10:35:05 - [TEST_STEP][PASSED] - if (compare == fileOtpuskVSet): null

18-11-2024T10:35:05 - [TEST_STEP][PASSED] - if (compare == fileOtpuskVSet): null

18-11-2024T10:35:05 - [TEST_STEP][PASSED] - compare = pagePoteri: null

18-11-2024T10:35:05 - [TEST_STEP][PASSED] - if (compare == filePoteri): null

18-11-2024T10:35:05 - [TEST_STEP][PASSED] - if (compare == filePoteri): null

18-11-2024T10:35:05 - [TEST_STEP][PASSED] - if (planFact == 2): Object: 'Object Repository/Выполнение бизнес-плана/Кнопка Факт' is clicked on

18-11-2024T10:35:05 - [TEST_STEP][PASSED] - click(findTestObject("Выполнение бизнес-плана/Кнопка Факт")): Object: 'Object Repository/Выполнение бизнес-плана/Кнопка Факт' is clicked on

18-11-2024T10:35:05 - [MESSAGE][PASSED] - Object: 'Object Repository/Выполнение бизнес-плана/Кнопка Факт' is clicked on

18-11-2024T10:35:05 - [TEST_STEP][PASSED] - if (a == 84 || a == 82): null

18-11-2024T10:35:05 - [TEST_STEP][PASSED] - else if (a == 52 || a == 72 || a == 28 || a == 73 || a == 77 || a == 74 || a == 65 || a == 36 || a == 44 || a == 53 || a == 80 || a == 54 || a == 1 || a == 18 || a == 59 || a == 81): null

18-11-2024T10:35:05 - [TEST_STEP][PASSED] - else: null

18-11-2024T10:35:05 - [TEST_STEP][PASSED] - page1 = getText(findTestObject("Object Repository/Выполнение бизнес-плана/spanPlan" + filialNum)): Text of object 'Object Repository/Выполнение бизнес-плана/spanPlan4' is: '3.84
|'

18-11-2024T10:35:05 - [MESSAGE][PASSED] - Text of object 'Object Repository/Выполнение бизнес-плана/spanPlan4' is: '3.84
|'

18-11-2024T10:35:05 - [TEST_STEP][PASSED] - page1 = page1.replace("|", ""): null

18-11-2024T10:35:05 - [TEST_STEP][PASSED] - page2 = getText(findTestObject("Object Repository/Выполнение бизнес-плана/spanFact" + filialNum)): Text of object 'Object Repository/Выполнение бизнес-плана/spanFact4' is: '3.61
|'

18-11-2024T10:35:06 - [MESSAGE][PASSED] - Text of object 'Object Repository/Выполнение бизнес-плана/spanFact4' is: '3.61
|'

18-11-2024T10:35:06 - [TEST_STEP][PASSED] - page2 = page2.replace("|", ""): null

18-11-2024T10:35:06 - [TEST_STEP][PASSED] - println("page1: " + page1): null

18-11-2024T10:35:06 - [TEST_STEP][PASSED] - println("page2: " + page2): null

18-11-2024T10:35:06 - [TEST_STEP][PASSED] - file = findTestData("PlanFact").getValue(4, a): null

18-11-2024T10:35:06 - [TEST_STEP][PASSED] - file = file.replace(",", "."): null

18-11-2024T10:35:06 - [TEST_STEP][PASSED] - println("file Plan: " + file): null

18-11-2024T10:35:06 - [TEST_STEP][PASSED] - typeOfData = "План в процентах": null

18-11-2024T10:35:06 - [TEST_STEP][PASSED] - fileDouble = file.toDouble(): null

18-11-2024T10:35:06 - [TEST_STEP][PASSED] - pageDouble = page1.toDouble(): null

18-11-2024T10:35:06 - [TEST_STEP][PASSED] - if (fileDouble != pageDouble): null

18-11-2024T10:35:06 - [TEST_STEP][PASSED] - file = findTestData("PlanFact").getValue(7, a): null

18-11-2024T10:35:06 - [TEST_STEP][PASSED] - file = file.replace(",", "."): null

18-11-2024T10:35:06 - [TEST_STEP][PASSED] - println("file Fact: " + file): null

18-11-2024T10:35:06 - [TEST_STEP][PASSED] - fileDouble = file.toDouble(): null

18-11-2024T10:35:06 - [TEST_STEP][PASSED] - typeOfData = "Факт в процентах": null

18-11-2024T10:35:06 - [TEST_STEP][PASSED] - fileDouble = file.toDouble(): null

18-11-2024T10:35:06 - [TEST_STEP][PASSED] - pageDouble = page2.toDouble(): null

18-11-2024T10:35:06 - [TEST_STEP][PASSED] - if (fileDouble != pageDouble): null

18-11-2024T10:35:06 - [TEST_STEP][PASSED] - if (verifyEqual(numberOfErrors, 0) == false): Actual object '0' and expected object '0' are equal

18-11-2024T10:35:06 - [MESSAGE][PASSED] - Actual object '0' and expected object '0' are equal

18-11-2024T10:35:06 - [TEST_STEP][PASSED] - if (a == 82): null

18-11-2024T10:35:06 - [TEST_STEP][PASSED] - dZO = "Омскэнерго": null

18-11-2024T10:35:06 - [TEST_STEP][PASSED] - a = 49: null

18-11-2024T10:35:06 - [TEST_STEP][PASSED] - if (x2.contains(dZO)): null

18-11-2024T10:35:06 - [TEST_STEP][PASSED] - filialNum = filialNum + 1: null

18-11-2024T10:35:06 - [TEST_STEP][PASSED] - Script1718980020443.Numbers(a, typeOfData, todaysDate, pageInt, fileInt, pageDouble, fileDouble, dZO, dzoNum, filialNum): null

18-11-2024T10:35:06 - [TEST_STEP][PASSED] - println(dzoNum): null

18-11-2024T10:35:06 - [TEST_STEP][PASSED] - planFact = <not implemented yet for class: org.codehaus.groovy.ast.expr.EmptyExpression>: null

18-11-2024T10:35:06 - [TEST_STEP][PASSED] - page = <not implemented yet for class: org.codehaus.groovy.ast.expr.EmptyExpression>: null

18-11-2024T10:35:06 - [TEST_STEP][PASSED] - page1 = <not implemented yet for class: org.codehaus.groovy.ast.expr.EmptyExpression>: null

18-11-2024T10:35:06 - [TEST_STEP][PASSED] - page2 = <not implemented yet for class: org.codehaus.groovy.ast.expr.EmptyExpression>: null

18-11-2024T10:35:06 - [TEST_STEP][PASSED] - filialNumberInRow = <not implemented yet for class: org.codehaus.groovy.ast.expr.EmptyExpression>: null

18-11-2024T10:35:06 - [TEST_STEP][PASSED] - filialsDzoNames = <not implemented yet for class: org.codehaus.groovy.ast.expr.EmptyExpression>: null

18-11-2024T10:35:06 - [TEST_STEP][PASSED] - numberOfFilials = <not implemented yet for class: org.codehaus.groovy.ast.expr.EmptyExpression>: null

18-11-2024T10:35:06 - [TEST_STEP][PASSED] - numberOfSpaces = <not implemented yet for class: org.codehaus.groovy.ast.expr.EmptyExpression>: null

18-11-2024T10:35:06 - [TEST_STEP][PASSED] - file = <not implemented yet for class: org.codehaus.groovy.ast.expr.EmptyExpression>: null

18-11-2024T10:35:06 - [TEST_STEP][PASSED] - otpusk = <not implemented yet for class: org.codehaus.groovy.ast.expr.EmptyExpression>: null

18-11-2024T10:35:06 - [TEST_STEP][PASSED] - poteri = <not implemented yet for class: org.codehaus.groovy.ast.expr.EmptyExpression>: null

18-11-2024T10:35:06 - [TEST_STEP][PASSED] - dataFolder = "Выполнение бизнес-плана/Значения со страницы Выполнение бизнес-плана/": null

18-11-2024T10:35:06 - [TEST_STEP][PASSED] - path = <not implemented yet for class: org.codehaus.groovy.ast.expr.EmptyExpression>: null

18-11-2024T10:35:06 - [TEST_STEP][PASSED] - typeOfDataMain = <not implemented yet for class: org.codehaus.groovy.ast.expr.EmptyExpression>: null

18-11-2024T10:35:06 - [TEST_STEP][PASSED] - fileOtpuskVSet = <not implemented yet for class: org.codehaus.groovy.ast.expr.EmptyExpression>: null

18-11-2024T10:35:06 - [TEST_STEP][PASSED] - pageOtpuskVSet = <not implemented yet for class: org.codehaus.groovy.ast.expr.EmptyExpression>: null

18-11-2024T10:35:06 - [TEST_STEP][PASSED] - filePoteri = <not implemented yet for class: org.codehaus.groovy.ast.expr.EmptyExpression>: null

18-11-2024T10:35:06 - [TEST_STEP][PASSED] - pagePoteri = <not implemented yet for class: org.codehaus.groovy.ast.expr.EmptyExpression>: null

18-11-2024T10:35:06 - [TEST_STEP][PASSED] - compare = <not implemented yet for class: org.codehaus.groovy.ast.expr.EmptyExpression>: null

18-11-2024T10:35:06 - [TEST_STEP][PASSED] - b = <not implemented yet for class: org.codehaus.groovy.ast.expr.EmptyExpression>: null

18-11-2024T10:35:06 - [TEST_STEP][PASSED] - i = <not implemented yet for class: org.codehaus.groovy.ast.expr.EmptyExpression>: null

18-11-2024T10:35:06 - [TEST_STEP][PASSED] - ii = <not implemented yet for class: org.codehaus.groovy.ast.expr.EmptyExpression>: null

18-11-2024T10:35:06 - [TEST_STEP][PASSED] - c = <not implemented yet for class: org.codehaus.groovy.ast.expr.EmptyExpression>: null

18-11-2024T10:35:06 - [TEST_STEP][PASSED] - numberOfErrors = 0: null

18-11-2024T10:35:06 - [TEST_STEP][PASSED] - if (a == 82): null

18-11-2024T10:35:06 - [TEST_STEP][PASSED] - b = findTestData("PlanFact").getValue(1, a): null

18-11-2024T10:35:06 - [TEST_STEP][PASSED] - i = b.indexOf(" (ГК)"): null

18-11-2024T10:35:06 - [TEST_STEP][PASSED] - if (i > -1): null

18-11-2024T10:35:06 - [TEST_STEP][PASSED] - i = b.indexOf("О ""): null

18-11-2024T10:35:06 - [TEST_STEP][PASSED] - if (i > -1): null

18-11-2024T10:35:06 - [TEST_STEP][PASSED] - i = b.indexOf("О «"): null

18-11-2024T10:35:06 - [TEST_STEP][PASSED] - if (i > -1): null

18-11-2024T10:35:06 - [TEST_STEP][PASSED] - i = b.indexOf("г. "): null

18-11-2024T10:35:06 - [TEST_STEP][PASSED] - if (i > -1): null

18-11-2024T10:35:06 - [TEST_STEP][PASSED] - println(b): null

18-11-2024T10:35:06 - [TEST_STEP][PASSED] - for ([planFact = 1, planFact < 3, (planFact++)]): Object: 'Object Repository/Выполнение бизнес-плана/Кнопка Факт' is clicked on

18-11-2024T10:35:06 - [TEST_STEP][PASSED] - if (planFact == 1): null

18-11-2024T10:35:06 - [TEST_STEP][PASSED] - typeOfDataMain = "Факт": null

18-11-2024T10:35:06 - [TEST_STEP][PASSED] - otpusk = findTestData("PlanFact").getValue(5, a): null

18-11-2024T10:35:06 - [TEST_STEP][PASSED] - poteri = findTestData("PlanFact").getValue(6, a): null

18-11-2024T10:35:06 - [TEST_STEP][PASSED] - otpusk = otpusk.replaceAll("\s+", ""): null

18-11-2024T10:35:06 - [TEST_STEP][PASSED] - poteri = poteri.replaceAll("\s+", ""): null

18-11-2024T10:35:06 - [TEST_STEP][PASSED] - typeOfData = typeOfDataMain + " Отпуск в сеть": null

18-11-2024T10:35:06 - [TEST_STEP][PASSED] - if (a == 82): null

18-11-2024T10:35:06 - [TEST_STEP][PASSED] - else if (a == 84): null

18-11-2024T10:35:06 - [TEST_STEP][PASSED] - else if (a == 52 || a == 72 || a == 28 || a == 73 || a == 77 || a == 74 || a == 65 || a == 36 || a == 44 || a == 53 || a == 80 || a == 54 || a == 1 || a == 18 || a == 59 || a == 81): null

18-11-2024T10:35:06 - [TEST_STEP][PASSED] - else: null

18-11-2024T10:35:06 - [TEST_STEP][PASSED] - path = dataFolder + typeOfData + " за отчётный период " + b: null

18-11-2024T10:35:06 - [TEST_STEP][PASSED] - println(path): null

18-11-2024T10:35:06 - [TEST_STEP][PASSED] - page = getText(findTestObject(path)): Text of object 'Object Repository/Выполнение бизнес-плана/Значения со страницы Выполнение бизнес-плана/Факт Отпуск в сеть за отчётный период Омскэнерго' is: '6 702 408'

18-11-2024T10:35:06 - [MESSAGE][PASSED] - Text of object 'Object Repository/Выполнение бизнес-плана/Значения со страницы Выполнение бизнес-плана/Факт Отпуск в сеть за отчётный период Омскэнерго' is: '6 702 408'

18-11-2024T10:35:06 - [TEST_STEP][PASSED] - page = page.replaceAll("\s+", ""): null

18-11-2024T10:35:06 - [TEST_STEP][PASSED] - fileOtpuskVSet = otpusk.toInteger(): null

18-11-2024T10:35:06 - [TEST_STEP][PASSED] - pageOtpuskVSet = page.toInteger(): null

18-11-2024T10:35:06 - [TEST_STEP][PASSED] - typeOfData = typeOfDataMain + " Потери": null

18-11-2024T10:35:06 - [TEST_STEP][PASSED] - if (a == 82): null

18-11-2024T10:35:06 - [TEST_STEP][PASSED] - else if (a == 84): null

18-11-2024T10:35:06 - [TEST_STEP][PASSED] - else if (a == 52 || a == 72 || a == 28 || a == 73 || a == 77 || a == 74 || a == 65 || a == 36 || a == 44 || a == 53 || a == 80 || a == 54 || a == 1 || a == 18 || a == 59 || a == 81): null

18-11-2024T10:35:06 - [TEST_STEP][PASSED] - else: null

18-11-2024T10:35:06 - [TEST_STEP][PASSED] - path = dataFolder + typeOfData + " за отчётный период " + b: null

18-11-2024T10:35:06 - [TEST_STEP][PASSED] - page = getText(findTestObject(path)): Text of object 'Object Repository/Выполнение бизнес-плана/Значения со страницы Выполнение бизнес-плана/Факт Потери за отчётный период Омскэнерго' is: '405 419'

18-11-2024T10:35:07 - [MESSAGE][PASSED] - Text of object 'Object Repository/Выполнение бизнес-плана/Значения со страницы Выполнение бизнес-плана/Факт Потери за отчётный период Омскэнерго' is: '405 419'

18-11-2024T10:35:07 - [TEST_STEP][PASSED] - page = page.replaceAll("\s+", ""): null

18-11-2024T10:35:07 - [TEST_STEP][PASSED] - filePoteri = poteri.toInteger(): null

18-11-2024T10:35:07 - [TEST_STEP][PASSED] - pagePoteri = page.toInteger(): null

18-11-2024T10:35:07 - [TEST_STEP][PASSED] - compare = pageOtpuskVSet: null

18-11-2024T10:35:07 - [TEST_STEP][PASSED] - if (compare == fileOtpuskVSet): null

18-11-2024T10:35:07 - [TEST_STEP][PASSED] - if (compare == fileOtpuskVSet): null

18-11-2024T10:35:07 - [TEST_STEP][PASSED] - compare = pagePoteri: null

18-11-2024T10:35:07 - [TEST_STEP][PASSED] - if (compare == filePoteri): null

18-11-2024T10:35:07 - [TEST_STEP][PASSED] - if (compare == filePoteri): null

18-11-2024T10:35:07 - [TEST_STEP][PASSED] - if (planFact == 2): null

18-11-2024T10:35:07 - [TEST_STEP][PASSED] - if (planFact == 1): null

18-11-2024T10:35:07 - [TEST_STEP][PASSED] - else if (planFact == 2): null

18-11-2024T10:35:07 - [TEST_STEP][PASSED] - click(findTestObject("Выполнение бизнес-плана/Кнопка План")): Object: 'Object Repository/Выполнение бизнес-плана/Кнопка План' is clicked on

18-11-2024T10:35:07 - [MESSAGE][PASSED] - Object: 'Object Repository/Выполнение бизнес-плана/Кнопка План' is clicked on

18-11-2024T10:35:07 - [TEST_STEP][PASSED] - typeOfDataMain = "План": null

18-11-2024T10:35:07 - [TEST_STEP][PASSED] - otpusk = findTestData("PlanFact").getValue(2, a): null

18-11-2024T10:35:07 - [TEST_STEP][PASSED] - poteri = findTestData("PlanFact").getValue(3, a): null

18-11-2024T10:35:07 - [TEST_STEP][PASSED] - otpusk = otpusk.replaceAll("\s+", ""): null

18-11-2024T10:35:07 - [TEST_STEP][PASSED] - poteri = poteri.replaceAll("\s+", ""): null

18-11-2024T10:35:07 - [TEST_STEP][PASSED] - typeOfData = typeOfDataMain + " Отпуск в сеть": null

18-11-2024T10:35:07 - [TEST_STEP][PASSED] - if (a == 82): null

18-11-2024T10:35:07 - [TEST_STEP][PASSED] - else if (a == 84): null

18-11-2024T10:35:07 - [TEST_STEP][PASSED] - else if (a == 52 || a == 72 || a == 28 || a == 73 || a == 77 || a == 74 || a == 65 || a == 36 || a == 44 || a == 53 || a == 80 || a == 54 || a == 1 || a == 18 || a == 59 || a == 81): null

18-11-2024T10:35:07 - [TEST_STEP][PASSED] - else: null

18-11-2024T10:35:07 - [TEST_STEP][PASSED] - path = dataFolder + typeOfData + " за отчётный период " + b: null

18-11-2024T10:35:07 - [TEST_STEP][PASSED] - println(path): null

18-11-2024T10:35:07 - [TEST_STEP][PASSED] - page = getText(findTestObject(path)): Text of object 'Object Repository/Выполнение бизнес-плана/Значения со страницы Выполнение бизнес-плана/План Отпуск в сеть за отчётный период Омскэнерго' is: '6 495 201'

18-11-2024T10:35:07 - [MESSAGE][PASSED] - Text of object 'Object Repository/Выполнение бизнес-плана/Значения со страницы Выполнение бизнес-плана/План Отпуск в сеть за отчётный период Омскэнерго' is: '6 495 201'

18-11-2024T10:35:07 - [TEST_STEP][PASSED] - page = page.replaceAll("\s+", ""): null

18-11-2024T10:35:07 - [TEST_STEP][PASSED] - fileOtpuskVSet = otpusk.toInteger(): null

18-11-2024T10:35:07 - [TEST_STEP][PASSED] - pageOtpuskVSet = page.toInteger(): null

18-11-2024T10:35:07 - [TEST_STEP][PASSED] - typeOfData = typeOfDataMain + " Потери": null

18-11-2024T10:35:07 - [TEST_STEP][PASSED] - if (a == 82): null

18-11-2024T10:35:07 - [TEST_STEP][PASSED] - else if (a == 84): null

18-11-2024T10:35:07 - [TEST_STEP][PASSED] - else if (a == 52 || a == 72 || a == 28 || a == 73 || a == 77 || a == 74 || a == 65 || a == 36 || a == 44 || a == 53 || a == 80 || a == 54 || a == 1 || a == 18 || a == 59 || a == 81): null

18-11-2024T10:35:07 - [TEST_STEP][PASSED] - else: null

18-11-2024T10:35:07 - [TEST_STEP][PASSED] - path = dataFolder + typeOfData + " за отчётный период " + b: null

18-11-2024T10:35:07 - [TEST_STEP][PASSED] - page = getText(findTestObject(path)): Text of object 'Object Repository/Выполнение бизнес-плана/Значения со страницы Выполнение бизнес-плана/План Потери за отчётный период Омскэнерго' is: '393 394'

18-11-2024T10:35:08 - [MESSAGE][PASSED] - Text of object 'Object Repository/Выполнение бизнес-плана/Значения со страницы Выполнение бизнес-плана/План Потери за отчётный период Омскэнерго' is: '393 394'

18-11-2024T10:35:08 - [TEST_STEP][PASSED] - page = page.replaceAll("\s+", ""): null

18-11-2024T10:35:08 - [TEST_STEP][PASSED] - filePoteri = poteri.toInteger(): null

18-11-2024T10:35:08 - [TEST_STEP][PASSED] - pagePoteri = page.toInteger(): null

18-11-2024T10:35:08 - [TEST_STEP][PASSED] - compare = pageOtpuskVSet: null

18-11-2024T10:35:08 - [TEST_STEP][PASSED] - if (compare == fileOtpuskVSet): null

18-11-2024T10:35:08 - [TEST_STEP][PASSED] - if (compare == fileOtpuskVSet): null

18-11-2024T10:35:08 - [TEST_STEP][PASSED] - compare = pagePoteri: null

18-11-2024T10:35:08 - [TEST_STEP][PASSED] - if (compare == filePoteri): null

18-11-2024T10:35:08 - [TEST_STEP][PASSED] - if (compare == filePoteri): null

18-11-2024T10:35:08 - [TEST_STEP][PASSED] - if (planFact == 2): Object: 'Object Repository/Выполнение бизнес-плана/Кнопка Факт' is clicked on

18-11-2024T10:35:08 - [TEST_STEP][PASSED] - click(findTestObject("Выполнение бизнес-плана/Кнопка Факт")): Object: 'Object Repository/Выполнение бизнес-плана/Кнопка Факт' is clicked on

18-11-2024T10:35:08 - [MESSAGE][PASSED] - Object: 'Object Repository/Выполнение бизнес-плана/Кнопка Факт' is clicked on

18-11-2024T10:35:08 - [TEST_STEP][PASSED] - if (a == 84 || a == 82): null

18-11-2024T10:35:08 - [TEST_STEP][PASSED] - else if (a == 52 || a == 72 || a == 28 || a == 73 || a == 77 || a == 74 || a == 65 || a == 36 || a == 44 || a == 53 || a == 80 || a == 54 || a == 1 || a == 18 || a == 59 || a == 81): null

18-11-2024T10:35:08 - [TEST_STEP][PASSED] - else: null

18-11-2024T10:35:08 - [TEST_STEP][PASSED] - page1 = getText(findTestObject("Object Repository/Выполнение бизнес-плана/spanPlan" + filialNum)): Text of object 'Object Repository/Выполнение бизнес-плана/spanPlan5' is: '6.06
|'

18-11-2024T10:35:08 - [MESSAGE][PASSED] - Text of object 'Object Repository/Выполнение бизнес-плана/spanPlan5' is: '6.06
|'

18-11-2024T10:35:08 - [TEST_STEP][PASSED] - page1 = page1.replace("|", ""): null

18-11-2024T10:35:08 - [TEST_STEP][PASSED] - page2 = getText(findTestObject("Object Repository/Выполнение бизнес-плана/spanFact" + filialNum)): Text of object 'Object Repository/Выполнение бизнес-плана/spanFact5' is: '6.05
|'

18-11-2024T10:35:09 - [MESSAGE][PASSED] - Text of object 'Object Repository/Выполнение бизнес-плана/spanFact5' is: '6.05
|'

18-11-2024T10:35:09 - [TEST_STEP][PASSED] - page2 = page2.replace("|", ""): null

18-11-2024T10:35:09 - [TEST_STEP][PASSED] - println("page1: " + page1): null

18-11-2024T10:35:09 - [TEST_STEP][PASSED] - println("page2: " + page2): null

18-11-2024T10:35:09 - [TEST_STEP][PASSED] - file = findTestData("PlanFact").getValue(4, a): null

18-11-2024T10:35:09 - [TEST_STEP][PASSED] - file = file.replace(",", "."): null

18-11-2024T10:35:09 - [TEST_STEP][PASSED] - println("file Plan: " + file): null

18-11-2024T10:35:09 - [TEST_STEP][PASSED] - typeOfData = "План в процентах": null

18-11-2024T10:35:09 - [TEST_STEP][PASSED] - fileDouble = file.toDouble(): null

18-11-2024T10:35:09 - [TEST_STEP][PASSED] - pageDouble = page1.toDouble(): null

18-11-2024T10:35:09 - [TEST_STEP][PASSED] - if (fileDouble != pageDouble): null

18-11-2024T10:35:09 - [TEST_STEP][PASSED] - file = findTestData("PlanFact").getValue(7, a): null

18-11-2024T10:35:09 - [TEST_STEP][PASSED] - file = file.replace(",", "."): null

18-11-2024T10:35:09 - [TEST_STEP][PASSED] - println("file Fact: " + file): null

18-11-2024T10:35:09 - [TEST_STEP][PASSED] - fileDouble = file.toDouble(): null

18-11-2024T10:35:09 - [TEST_STEP][PASSED] - typeOfData = "Факт в процентах": null

18-11-2024T10:35:09 - [TEST_STEP][PASSED] - fileDouble = file.toDouble(): null

18-11-2024T10:35:09 - [TEST_STEP][PASSED] - pageDouble = page2.toDouble(): null

18-11-2024T10:35:09 - [TEST_STEP][PASSED] - if (fileDouble != pageDouble): null

18-11-2024T10:35:09 - [TEST_STEP][PASSED] - if (verifyEqual(numberOfErrors, 0) == false): Actual object '0' and expected object '0' are equal

18-11-2024T10:35:09 - [MESSAGE][PASSED] - Actual object '0' and expected object '0' are equal

18-11-2024T10:35:09 - [TEST_STEP][PASSED] - if (a == 82): null

18-11-2024T10:35:09 - [TEST_STEP][PASSED] - dZO = "Хакасэнерго": null

18-11-2024T10:35:09 - [TEST_STEP][PASSED] - a = 50: null

18-11-2024T10:35:09 - [TEST_STEP][PASSED] - if (x2.contains(dZO)): null

18-11-2024T10:35:09 - [TEST_STEP][PASSED] - filialNum = filialNum + 1: null

18-11-2024T10:35:09 - [TEST_STEP][PASSED] - Script1718980020443.Numbers(a, typeOfData, todaysDate, pageInt, fileInt, pageDouble, fileDouble, dZO, dzoNum, filialNum): null

18-11-2024T10:35:09 - [TEST_STEP][PASSED] - println(dzoNum): null

18-11-2024T10:35:09 - [TEST_STEP][PASSED] - planFact = <not implemented yet for class: org.codehaus.groovy.ast.expr.EmptyExpression>: null

18-11-2024T10:35:09 - [TEST_STEP][PASSED] - page = <not implemented yet for class: org.codehaus.groovy.ast.expr.EmptyExpression>: null

18-11-2024T10:35:09 - [TEST_STEP][PASSED] - page1 = <not implemented yet for class: org.codehaus.groovy.ast.expr.EmptyExpression>: null

18-11-2024T10:35:09 - [TEST_STEP][PASSED] - page2 = <not implemented yet for class: org.codehaus.groovy.ast.expr.EmptyExpression>: null

18-11-2024T10:35:09 - [TEST_STEP][PASSED] - filialNumberInRow = <not implemented yet for class: org.codehaus.groovy.ast.expr.EmptyExpression>: null

18-11-2024T10:35:09 - [TEST_STEP][PASSED] - filialsDzoNames = <not implemented yet for class: org.codehaus.groovy.ast.expr.EmptyExpression>: null

18-11-2024T10:35:09 - [TEST_STEP][PASSED] - numberOfFilials = <not implemented yet for class: org.codehaus.groovy.ast.expr.EmptyExpression>: null

18-11-2024T10:35:09 - [TEST_STEP][PASSED] - numberOfSpaces = <not implemented yet for class: org.codehaus.groovy.ast.expr.EmptyExpression>: null

18-11-2024T10:35:09 - [TEST_STEP][PASSED] - file = <not implemented yet for class: org.codehaus.groovy.ast.expr.EmptyExpression>: null

18-11-2024T10:35:09 - [TEST_STEP][PASSED] - otpusk = <not implemented yet for class: org.codehaus.groovy.ast.expr.EmptyExpression>: null

18-11-2024T10:35:09 - [TEST_STEP][PASSED] - poteri = <not implemented yet for class: org.codehaus.groovy.ast.expr.EmptyExpression>: null

18-11-2024T10:35:09 - [TEST_STEP][PASSED] - dataFolder = "Выполнение бизнес-плана/Значения со страницы Выполнение бизнес-плана/": null

18-11-2024T10:35:09 - [TEST_STEP][PASSED] - path = <not implemented yet for class: org.codehaus.groovy.ast.expr.EmptyExpression>: null

18-11-2024T10:35:09 - [TEST_STEP][PASSED] - typeOfDataMain = <not implemented yet for class: org.codehaus.groovy.ast.expr.EmptyExpression>: null

18-11-2024T10:35:09 - [TEST_STEP][PASSED] - fileOtpuskVSet = <not implemented yet for class: org.codehaus.groovy.ast.expr.EmptyExpression>: null

18-11-2024T10:35:09 - [TEST_STEP][PASSED] - pageOtpuskVSet = <not implemented yet for class: org.codehaus.groovy.ast.expr.EmptyExpression>: null

18-11-2024T10:35:09 - [TEST_STEP][PASSED] - filePoteri = <not implemented yet for class: org.codehaus.groovy.ast.expr.EmptyExpression>: null

18-11-2024T10:35:09 - [TEST_STEP][PASSED] - pagePoteri = <not implemented yet for class: org.codehaus.groovy.ast.expr.EmptyExpression>: null

18-11-2024T10:35:09 - [TEST_STEP][PASSED] - compare = <not implemented yet for class: org.codehaus.groovy.ast.expr.EmptyExpression>: null

18-11-2024T10:35:09 - [TEST_STEP][PASSED] - b = <not implemented yet for class: org.codehaus.groovy.ast.expr.EmptyExpression>: null

18-11-2024T10:35:09 - [TEST_STEP][PASSED] - i = <not implemented yet for class: org.codehaus.groovy.ast.expr.EmptyExpression>: null

18-11-2024T10:35:09 - [TEST_STEP][PASSED] - ii = <not implemented yet for class: org.codehaus.groovy.ast.expr.EmptyExpression>: null

18-11-2024T10:35:09 - [TEST_STEP][PASSED] - c = <not implemented yet for class: org.codehaus.groovy.ast.expr.EmptyExpression>: null

18-11-2024T10:35:09 - [TEST_STEP][PASSED] - numberOfErrors = 0: null

18-11-2024T10:35:09 - [TEST_STEP][PASSED] - if (a == 82): null

18-11-2024T10:35:09 - [TEST_STEP][PASSED] - b = findTestData("PlanFact").getValue(1, a): null

18-11-2024T10:35:09 - [TEST_STEP][PASSED] - i = b.indexOf(" (ГК)"): null

18-11-2024T10:35:09 - [TEST_STEP][PASSED] - if (i > -1): null

18-11-2024T10:35:09 - [TEST_STEP][PASSED] - i = b.indexOf("О ""): null

18-11-2024T10:35:09 - [TEST_STEP][PASSED] - if (i > -1): null

18-11-2024T10:35:09 - [TEST_STEP][PASSED] - i = b.indexOf("О «"): null

18-11-2024T10:35:09 - [TEST_STEP][PASSED] - if (i > -1): null

18-11-2024T10:35:09 - [TEST_STEP][PASSED] - i = b.indexOf("г. "): null

18-11-2024T10:35:09 - [TEST_STEP][PASSED] - if (i > -1): null

18-11-2024T10:35:09 - [TEST_STEP][PASSED] - println(b): null

18-11-2024T10:35:09 - [TEST_STEP][PASSED] - for ([planFact = 1, planFact < 3, (planFact++)]): Object: 'Object Repository/Выполнение бизнес-плана/Кнопка Факт' is clicked on

18-11-2024T10:35:09 - [TEST_STEP][PASSED] - if (planFact == 1): null

18-11-2024T10:35:09 - [TEST_STEP][PASSED] - typeOfDataMain = "Факт": null

18-11-2024T10:35:09 - [TEST_STEP][PASSED] - otpusk = findTestData("PlanFact").getValue(5, a): null

18-11-2024T10:35:09 - [TEST_STEP][PASSED] - poteri = findTestData("PlanFact").getValue(6, a): null

18-11-2024T10:35:09 - [TEST_STEP][PASSED] - otpusk = otpusk.replaceAll("\s+", ""): null

18-11-2024T10:35:09 - [TEST_STEP][PASSED] - poteri = poteri.replaceAll("\s+", ""): null

18-11-2024T10:35:09 - [TEST_STEP][PASSED] - typeOfData = typeOfDataMain + " Отпуск в сеть": null

18-11-2024T10:35:09 - [TEST_STEP][PASSED] - if (a == 82): null

18-11-2024T10:35:09 - [TEST_STEP][PASSED] - else if (a == 84): null

18-11-2024T10:35:09 - [TEST_STEP][PASSED] - else if (a == 52 || a == 72 || a == 28 || a == 73 || a == 77 || a == 74 || a == 65 || a == 36 || a == 44 || a == 53 || a == 80 || a == 54 || a == 1 || a == 18 || a == 59 || a == 81): null

18-11-2024T10:35:09 - [TEST_STEP][PASSED] - else: null

18-11-2024T10:35:09 - [TEST_STEP][PASSED] - path = dataFolder + typeOfData + " за отчётный период " + b: null

18-11-2024T10:35:09 - [TEST_STEP][PASSED] - println(path): null

18-11-2024T10:35:09 - [TEST_STEP][PASSED] - page = getText(findTestObject(path)): Text of object 'Object Repository/Выполнение бизнес-плана/Значения со страницы Выполнение бизнес-плана/Факт Отпуск в сеть за отчётный период Хакасэнерго' is: '2 569 596'

18-11-2024T10:35:09 - [MESSAGE][PASSED] - Text of object 'Object Repository/Выполнение бизнес-плана/Значения со страницы Выполнение бизнес-плана/Факт Отпуск в сеть за отчётный период Хакасэнерго' is: '2 569 596'

18-11-2024T10:35:09 - [TEST_STEP][PASSED] - page = page.replaceAll("\s+", ""): null

18-11-2024T10:35:09 - [TEST_STEP][PASSED] - fileOtpuskVSet = otpusk.toInteger(): null

18-11-2024T10:35:09 - [TEST_STEP][PASSED] - pageOtpuskVSet = page.toInteger(): null

18-11-2024T10:35:09 - [TEST_STEP][PASSED] - typeOfData = typeOfDataMain + " Потери": null

18-11-2024T10:35:09 - [TEST_STEP][PASSED] - if (a == 82): null

18-11-2024T10:35:09 - [TEST_STEP][PASSED] - else if (a == 84): null

18-11-2024T10:35:09 - [TEST_STEP][PASSED] - else if (a == 52 || a == 72 || a == 28 || a == 73 || a == 77 || a == 74 || a == 65 || a == 36 || a == 44 || a == 53 || a == 80 || a == 54 || a == 1 || a == 18 || a == 59 || a == 81): null

18-11-2024T10:35:09 - [TEST_STEP][PASSED] - else: null

18-11-2024T10:35:09 - [TEST_STEP][PASSED] - path = dataFolder + typeOfData + " за отчётный период " + b: null

18-11-2024T10:35:09 - [TEST_STEP][PASSED] - page = getText(findTestObject(path)): Text of object 'Object Repository/Выполнение бизнес-плана/Значения со страницы Выполнение бизнес-плана/Факт Потери за отчётный период Хакасэнерго' is: '192 309'

18-11-2024T10:35:10 - [MESSAGE][PASSED] - Text of object 'Object Repository/Выполнение бизнес-плана/Значения со страницы Выполнение бизнес-плана/Факт Потери за отчётный период Хакасэнерго' is: '192 309'

18-11-2024T10:35:10 - [TEST_STEP][PASSED] - page = page.replaceAll("\s+", ""): null

18-11-2024T10:35:10 - [TEST_STEP][PASSED] - filePoteri = poteri.toInteger(): null

18-11-2024T10:35:10 - [TEST_STEP][PASSED] - pagePoteri = page.toInteger(): null

18-11-2024T10:35:10 - [TEST_STEP][PASSED] - compare = pageOtpuskVSet: null

18-11-2024T10:35:10 - [TEST_STEP][PASSED] - if (compare == fileOtpuskVSet): null

18-11-2024T10:35:10 - [TEST_STEP][PASSED] - if (compare == fileOtpuskVSet): null

18-11-2024T10:35:10 - [TEST_STEP][PASSED] - compare = pagePoteri: null

18-11-2024T10:35:10 - [TEST_STEP][PASSED] - if (compare == filePoteri): null

18-11-2024T10:35:10 - [TEST_STEP][PASSED] - if (compare == filePoteri): null

18-11-2024T10:35:10 - [TEST_STEP][PASSED] - if (planFact == 2): null

18-11-2024T10:35:10 - [TEST_STEP][PASSED] - if (planFact == 1): null

18-11-2024T10:35:10 - [TEST_STEP][PASSED] - else if (planFact == 2): null

18-11-2024T10:35:10 - [TEST_STEP][PASSED] - click(findTestObject("Выполнение бизнес-плана/Кнопка План")): Object: 'Object Repository/Выполнение бизнес-плана/Кнопка План' is clicked on

18-11-2024T10:35:10 - [MESSAGE][PASSED] - Object: 'Object Repository/Выполнение бизнес-плана/Кнопка План' is clicked on

18-11-2024T10:35:10 - [TEST_STEP][PASSED] - typeOfDataMain = "План": null

18-11-2024T10:35:10 - [TEST_STEP][PASSED] - otpusk = findTestData("PlanFact").getValue(2, a): null

18-11-2024T10:35:10 - [TEST_STEP][PASSED] - poteri = findTestData("PlanFact").getValue(3, a): null

18-11-2024T10:35:10 - [TEST_STEP][PASSED] - otpusk = otpusk.replaceAll("\s+", ""): null

18-11-2024T10:35:10 - [TEST_STEP][PASSED] - poteri = poteri.replaceAll("\s+", ""): null

18-11-2024T10:35:10 - [TEST_STEP][PASSED] - typeOfData = typeOfDataMain + " Отпуск в сеть": null

18-11-2024T10:35:10 - [TEST_STEP][PASSED] - if (a == 82): null

18-11-2024T10:35:10 - [TEST_STEP][PASSED] - else if (a == 84): null

18-11-2024T10:35:10 - [TEST_STEP][PASSED] - else if (a == 52 || a == 72 || a == 28 || a == 73 || a == 77 || a == 74 || a == 65 || a == 36 || a == 44 || a == 53 || a == 80 || a == 54 || a == 1 || a == 18 || a == 59 || a == 81): null

18-11-2024T10:35:10 - [TEST_STEP][PASSED] - else: null

18-11-2024T10:35:10 - [TEST_STEP][PASSED] - path = dataFolder + typeOfData + " за отчётный период " + b: null

18-11-2024T10:35:10 - [TEST_STEP][PASSED] - println(path): null

18-11-2024T10:35:10 - [TEST_STEP][PASSED] - page = getText(findTestObject(path)): Text of object 'Object Repository/Выполнение бизнес-плана/Значения со страницы Выполнение бизнес-плана/План Отпуск в сеть за отчётный период Хакасэнерго' is: '2 265 562'

18-11-2024T10:35:10 - [MESSAGE][PASSED] - Text of object 'Object Repository/Выполнение бизнес-плана/Значения со страницы Выполнение бизнес-плана/План Отпуск в сеть за отчётный период Хакасэнерго' is: '2 265 562'

18-11-2024T10:35:10 - [TEST_STEP][PASSED] - page = page.replaceAll("\s+", ""): null

18-11-2024T10:35:10 - [TEST_STEP][PASSED] - fileOtpuskVSet = otpusk.toInteger(): null

18-11-2024T10:35:10 - [TEST_STEP][PASSED] - pageOtpuskVSet = page.toInteger(): null

18-11-2024T10:35:10 - [TEST_STEP][PASSED] - typeOfData = typeOfDataMain + " Потери": null

18-11-2024T10:35:10 - [TEST_STEP][PASSED] - if (a == 82): null

18-11-2024T10:35:10 - [TEST_STEP][PASSED] - else if (a == 84): null

18-11-2024T10:35:10 - [TEST_STEP][PASSED] - else if (a == 52 || a == 72 || a == 28 || a == 73 || a == 77 || a == 74 || a == 65 || a == 36 || a == 44 || a == 53 || a == 80 || a == 54 || a == 1 || a == 18 || a == 59 || a == 81): null

18-11-2024T10:35:10 - [TEST_STEP][PASSED] - else: null

18-11-2024T10:35:10 - [TEST_STEP][PASSED] - path = dataFolder + typeOfData + " за отчётный период " + b: null

18-11-2024T10:35:10 - [TEST_STEP][PASSED] - page = getText(findTestObject(path)): Text of object 'Object Repository/Выполнение бизнес-плана/Значения со страницы Выполнение бизнес-плана/План Потери за отчётный период Хакасэнерго' is: '169 570'

18-11-2024T10:35:11 - [MESSAGE][PASSED] - Text of object 'Object Repository/Выполнение бизнес-плана/Значения со страницы Выполнение бизнес-плана/План Потери за отчётный период Хакасэнерго' is: '169 570'

18-11-2024T10:35:11 - [TEST_STEP][PASSED] - page = page.replaceAll("\s+", ""): null

18-11-2024T10:35:11 - [TEST_STEP][PASSED] - filePoteri = poteri.toInteger(): null

18-11-2024T10:35:11 - [TEST_STEP][PASSED] - pagePoteri = page.toInteger(): null

18-11-2024T10:35:11 - [TEST_STEP][PASSED] - compare = pageOtpuskVSet: null

18-11-2024T10:35:11 - [TEST_STEP][PASSED] - if (compare == fileOtpuskVSet): null

18-11-2024T10:35:11 - [TEST_STEP][PASSED] - if (compare == fileOtpuskVSet): null

18-11-2024T10:35:11 - [TEST_STEP][PASSED] - compare = pagePoteri: null

18-11-2024T10:35:11 - [TEST_STEP][PASSED] - if (compare == filePoteri): null

18-11-2024T10:35:11 - [TEST_STEP][PASSED] - if (compare == filePoteri): null

18-11-2024T10:35:11 - [TEST_STEP][PASSED] - if (planFact == 2): Object: 'Object Repository/Выполнение бизнес-плана/Кнопка Факт' is clicked on

18-11-2024T10:35:11 - [TEST_STEP][PASSED] - click(findTestObject("Выполнение бизнес-плана/Кнопка Факт")): Object: 'Object Repository/Выполнение бизнес-плана/Кнопка Факт' is clicked on

18-11-2024T10:35:11 - [MESSAGE][PASSED] - Object: 'Object Repository/Выполнение бизнес-плана/Кнопка Факт' is clicked on

18-11-2024T10:35:11 - [TEST_STEP][PASSED] - if (a == 84 || a == 82): null

18-11-2024T10:35:11 - [TEST_STEP][PASSED] - else if (a == 52 || a == 72 || a == 28 || a == 73 || a == 77 || a == 74 || a == 65 || a == 36 || a == 44 || a == 53 || a == 80 || a == 54 || a == 1 || a == 18 || a == 59 || a == 81): null

18-11-2024T10:35:11 - [TEST_STEP][PASSED] - else: null

18-11-2024T10:35:11 - [TEST_STEP][PASSED] - page1 = getText(findTestObject("Object Repository/Выполнение бизнес-плана/spanPlan" + filialNum)): Text of object 'Object Repository/Выполнение бизнес-плана/spanPlan6' is: '7.48
|'

18-11-2024T10:35:11 - [MESSAGE][PASSED] - Text of object 'Object Repository/Выполнение бизнес-плана/spanPlan6' is: '7.48
|'

18-11-2024T10:35:11 - [TEST_STEP][PASSED] - page1 = page1.replace("|", ""): null

18-11-2024T10:35:11 - [TEST_STEP][PASSED] - page2 = getText(findTestObject("Object Repository/Выполнение бизнес-плана/spanFact" + filialNum)): Text of object 'Object Repository/Выполнение бизнес-плана/spanFact6' is: '7.48
|'

18-11-2024T10:35:12 - [MESSAGE][PASSED] - Text of object 'Object Repository/Выполнение бизнес-плана/spanFact6' is: '7.48
|'

18-11-2024T10:35:12 - [TEST_STEP][PASSED] - page2 = page2.replace("|", ""): null

18-11-2024T10:35:12 - [TEST_STEP][PASSED] - println("page1: " + page1): null

18-11-2024T10:35:12 - [TEST_STEP][PASSED] - println("page2: " + page2): null

18-11-2024T10:35:12 - [TEST_STEP][PASSED] - file = findTestData("PlanFact").getValue(4, a): null

18-11-2024T10:35:12 - [TEST_STEP][PASSED] - file = file.replace(",", "."): null

18-11-2024T10:35:12 - [TEST_STEP][PASSED] - println("file Plan: " + file): null

18-11-2024T10:35:12 - [TEST_STEP][PASSED] - typeOfData = "План в процентах": null

18-11-2024T10:35:12 - [TEST_STEP][PASSED] - fileDouble = file.toDouble(): null

18-11-2024T10:35:12 - [TEST_STEP][PASSED] - pageDouble = page1.toDouble(): null

18-11-2024T10:35:12 - [TEST_STEP][PASSED] - if (fileDouble != pageDouble): null

18-11-2024T10:35:12 - [TEST_STEP][PASSED] - file = findTestData("PlanFact").getValue(7, a): null

18-11-2024T10:35:12 - [TEST_STEP][PASSED] - file = file.replace(",", "."): null

18-11-2024T10:35:12 - [TEST_STEP][PASSED] - println("file Fact: " + file): null

18-11-2024T10:35:12 - [TEST_STEP][PASSED] - fileDouble = file.toDouble(): null

18-11-2024T10:35:12 - [TEST_STEP][PASSED] - typeOfData = "Факт в процентах": null

18-11-2024T10:35:12 - [TEST_STEP][PASSED] - fileDouble = file.toDouble(): null

18-11-2024T10:35:12 - [TEST_STEP][PASSED] - pageDouble = page2.toDouble(): null

18-11-2024T10:35:12 - [TEST_STEP][PASSED] - if (fileDouble != pageDouble): null

18-11-2024T10:35:12 - [TEST_STEP][PASSED] - if (verifyEqual(numberOfErrors, 0) == false): Actual object '0' and expected object '0' are equal

18-11-2024T10:35:12 - [MESSAGE][PASSED] - Actual object '0' and expected object '0' are equal

18-11-2024T10:35:12 - [TEST_STEP][PASSED] - if (a == 82): null

18-11-2024T10:35:12 - [TEST_STEP][PASSED] - dZO = "Читаэнерго": null

18-11-2024T10:35:12 - [TEST_STEP][PASSED] - a = 51: null

18-11-2024T10:35:12 - [TEST_STEP][PASSED] - if (x2.contains(dZO)): null

18-11-2024T10:35:12 - [TEST_STEP][PASSED] - filialNum = filialNum + 1: null

18-11-2024T10:35:12 - [TEST_STEP][PASSED] - Script1718980020443.Numbers(a, typeOfData, todaysDate, pageInt, fileInt, pageDouble, fileDouble, dZO, dzoNum, filialNum): null

18-11-2024T10:35:12 - [TEST_STEP][PASSED] - println(dzoNum): null

18-11-2024T10:35:12 - [TEST_STEP][PASSED] - planFact = <not implemented yet for class: org.codehaus.groovy.ast.expr.EmptyExpression>: null

18-11-2024T10:35:12 - [TEST_STEP][PASSED] - page = <not implemented yet for class: org.codehaus.groovy.ast.expr.EmptyExpression>: null

18-11-2024T10:35:12 - [TEST_STEP][PASSED] - page1 = <not implemented yet for class: org.codehaus.groovy.ast.expr.EmptyExpression>: null

18-11-2024T10:35:12 - [TEST_STEP][PASSED] - page2 = <not implemented yet for class: org.codehaus.groovy.ast.expr.EmptyExpression>: null

18-11-2024T10:35:12 - [TEST_STEP][PASSED] - filialNumberInRow = <not implemented yet for class: org.codehaus.groovy.ast.expr.EmptyExpression>: null

18-11-2024T10:35:12 - [TEST_STEP][PASSED] - filialsDzoNames = <not implemented yet for class: org.codehaus.groovy.ast.expr.EmptyExpression>: null

18-11-2024T10:35:12 - [TEST_STEP][PASSED] - numberOfFilials = <not implemented yet for class: org.codehaus.groovy.ast.expr.EmptyExpression>: null

18-11-2024T10:35:12 - [TEST_STEP][PASSED] - numberOfSpaces = <not implemented yet for class: org.codehaus.groovy.ast.expr.EmptyExpression>: null

18-11-2024T10:35:12 - [TEST_STEP][PASSED] - file = <not implemented yet for class: org.codehaus.groovy.ast.expr.EmptyExpression>: null

18-11-2024T10:35:12 - [TEST_STEP][PASSED] - otpusk = <not implemented yet for class: org.codehaus.groovy.ast.expr.EmptyExpression>: null

18-11-2024T10:35:12 - [TEST_STEP][PASSED] - poteri = <not implemented yet for class: org.codehaus.groovy.ast.expr.EmptyExpression>: null

18-11-2024T10:35:12 - [TEST_STEP][PASSED] - dataFolder = "Выполнение бизнес-плана/Значения со страницы Выполнение бизнес-плана/": null

18-11-2024T10:35:12 - [TEST_STEP][PASSED] - path = <not implemented yet for class: org.codehaus.groovy.ast.expr.EmptyExpression>: null

18-11-2024T10:35:12 - [TEST_STEP][PASSED] - typeOfDataMain = <not implemented yet for class: org.codehaus.groovy.ast.expr.EmptyExpression>: null

18-11-2024T10:35:12 - [TEST_STEP][PASSED] - fileOtpuskVSet = <not implemented yet for class: org.codehaus.groovy.ast.expr.EmptyExpression>: null

18-11-2024T10:35:12 - [TEST_STEP][PASSED] - pageOtpuskVSet = <not implemented yet for class: org.codehaus.groovy.ast.expr.EmptyExpression>: null

18-11-2024T10:35:12 - [TEST_STEP][PASSED] - filePoteri = <not implemented yet for class: org.codehaus.groovy.ast.expr.EmptyExpression>: null

18-11-2024T10:35:12 - [TEST_STEP][PASSED] - pagePoteri = <not implemented yet for class: org.codehaus.groovy.ast.expr.EmptyExpression>: null

18-11-2024T10:35:12 - [TEST_STEP][PASSED] - compare = <not implemented yet for class: org.codehaus.groovy.ast.expr.EmptyExpression>: null

18-11-2024T10:35:12 - [TEST_STEP][PASSED] - b = <not implemented yet for class: org.codehaus.groovy.ast.expr.EmptyExpression>: null

18-11-2024T10:35:12 - [TEST_STEP][PASSED] - i = <not implemented yet for class: org.codehaus.groovy.ast.expr.EmptyExpression>: null

18-11-2024T10:35:12 - [TEST_STEP][PASSED] - ii = <not implemented yet for class: org.codehaus.groovy.ast.expr.EmptyExpression>: null

18-11-2024T10:35:12 - [TEST_STEP][PASSED] - c = <not implemented yet for class: org.codehaus.groovy.ast.expr.EmptyExpression>: null

18-11-2024T10:35:12 - [TEST_STEP][PASSED] - numberOfErrors = 0: null

18-11-2024T10:35:12 - [TEST_STEP][PASSED] - if (a == 82): null

18-11-2024T10:35:12 - [TEST_STEP][PASSED] - b = findTestData("PlanFact").getValue(1, a): null

18-11-2024T10:35:12 - [TEST_STEP][PASSED] - i = b.indexOf(" (ГК)"): null

18-11-2024T10:35:12 - [TEST_STEP][PASSED] - if (i > -1): null

18-11-2024T10:35:12 - [TEST_STEP][PASSED] - i = b.indexOf("О ""): null

18-11-2024T10:35:12 - [TEST_STEP][PASSED] - if (i > -1): null

18-11-2024T10:35:12 - [TEST_STEP][PASSED] - i = b.indexOf("О «"): null

18-11-2024T10:35:12 - [TEST_STEP][PASSED] - if (i > -1): null

18-11-2024T10:35:12 - [TEST_STEP][PASSED] - i = b.indexOf("г. "): null

18-11-2024T10:35:12 - [TEST_STEP][PASSED] - if (i > -1): null

18-11-2024T10:35:12 - [TEST_STEP][PASSED] - println(b): null

18-11-2024T10:35:12 - [TEST_STEP][PASSED] - for ([planFact = 1, planFact < 3, (planFact++)]): null

18-11-2024T10:35:12 - [TEST_STEP][PASSED] - if (planFact == 1): null

18-11-2024T10:35:12 - [TEST_STEP][PASSED] - typeOfDataMain = "Факт": null

18-11-2024T10:35:12 - [TEST_STEP][PASSED] - otpusk = findTestData("PlanFact").getValue(5, a): null

18-11-2024T10:35:12 - [TEST_STEP][PASSED] - poteri = findTestData("PlanFact").getValue(6, a): null

18-11-2024T10:35:12 - [TEST_STEP][PASSED] - otpusk = otpusk.replaceAll("\s+", ""): null

18-11-2024T10:35:12 - [TEST_STEP][PASSED] - poteri = poteri.replaceAll("\s+", ""): null

18-11-2024T10:35:12 - [TEST_STEP][PASSED] - typeOfData = typeOfDataMain + " Отпуск в сеть": null

18-11-2024T10:35:12 - [TEST_STEP][PASSED] - if (a == 82): null

18-11-2024T10:35:12 - [TEST_STEP][PASSED] - else if (a == 84): null

18-11-2024T10:35:12 - [TEST_STEP][PASSED] - else if (a == 52 || a == 72 || a == 28 || a == 73 || a == 77 || a == 74 || a == 65 || a == 36 || a == 44 || a == 53 || a == 80 || a == 54 || a == 1 || a == 18 || a == 59 || a == 81): null

18-11-2024T10:35:12 - [TEST_STEP][PASSED] - else: null

18-11-2024T10:35:12 - [TEST_STEP][PASSED] - path = dataFolder + typeOfData + " за отчётный период " + b: null

18-11-2024T10:35:12 - [TEST_STEP][PASSED] - println(path): null

18-11-2024T10:35:12 - [TEST_STEP][PASSED] - page = getText(findTestObject(path)): Text of object 'Object Repository/Выполнение бизнес-плана/Значения со страницы Выполнение бизнес-плана/Факт Отпуск в сеть за отчётный период Читаэнерго' is: '5 431 468'

18-11-2024T10:35:12 - [MESSAGE][PASSED] - Text of object 'Object Repository/Выполнение бизнес-плана/Значения со страницы Выполнение бизнес-плана/Факт Отпуск в сеть за отчётный период Читаэнерго' is: '5 431 468'

18-11-2024T10:35:12 - [TEST_STEP][PASSED] - page = page.replaceAll("\s+", ""): null

18-11-2024T10:35:12 - [TEST_STEP][PASSED] - fileOtpuskVSet = otpusk.toInteger(): null

18-11-2024T10:35:12 - [TEST_STEP][PASSED] - pageOtpuskVSet = page.toInteger(): null

18-11-2024T10:35:12 - [TEST_STEP][PASSED] - typeOfData = typeOfDataMain + " Потери": null

18-11-2024T10:35:12 - [TEST_STEP][PASSED] - if (a == 82): null

18-11-2024T10:35:12 - [TEST_STEP][PASSED] - else if (a == 84): null

18-11-2024T10:35:12 - [TEST_STEP][PASSED] - else if (a == 52 || a == 72 || a == 28 || a == 73 || a == 77 || a == 74 || a == 65 || a == 36 || a == 44 || a == 53 || a == 80 || a == 54 || a == 1 || a == 18 || a == 59 || a == 81): null

18-11-2024T10:35:12 - [TEST_STEP][PASSED] - else: null

18-11-2024T10:35:12 - [TEST_STEP][PASSED] - path = dataFolder + typeOfData + " за отчётный период " + b: null

18-11-2024T10:35:12 - [TEST_STEP][PASSED] - page = getText(findTestObject(path)): Text of object 'Object Repository/Выполнение бизнес-плана/Значения со страницы Выполнение бизнес-плана/Факт Потери за отчётный период Читаэнерго' is: '419 296'

18-11-2024T10:35:13 - [MESSAGE][PASSED] - Text of object 'Object Repository/Выполнение бизнес-плана/Значения со страницы Выполнение бизнес-плана/Факт Потери за отчётный период Читаэнерго' is: '419 296'

18-11-2024T10:35:13 - [TEST_STEP][PASSED] - page = page.replaceAll("\s+", ""): null

18-11-2024T10:35:13 - [TEST_STEP][PASSED] - filePoteri = poteri.toInteger(): null

18-11-2024T10:35:13 - [TEST_STEP][PASSED] - pagePoteri = page.toInteger(): null

18-11-2024T10:35:13 - [TEST_STEP][PASSED] - compare = pageOtpuskVSet: null

18-11-2024T10:35:13 - [TEST_STEP][PASSED] - if (compare == fileOtpuskVSet): null

18-11-2024T10:35:13 - [TEST_STEP][PASSED] - else if (compare > fileOtpuskVSet): null

18-11-2024T10:35:13 - [TEST_STEP][PASSED] - compare = compare - 1: null

18-11-2024T10:35:13 - [TEST_STEP][PASSED] - if (compare == fileOtpuskVSet): null

18-11-2024T10:35:13 - [TEST_STEP][PASSED] - else: null

18-11-2024T10:35:13 - [TEST_STEP][PASSED] - numberOfErrors = numberOfErrors + 1: null

18-11-2024T10:35:13 - [TEST_STEP][PASSED] - pageInt = pageOtpuskVSet: null

18-11-2024T10:35:13 - [TEST_STEP][PASSED] - fileInt = fileOtpuskVSet: null

18-11-2024T10:35:13 - [TEST_STEP][PASSED] - typeOfData = typeOfDataMain + " Отпуск в сеть": null

18-11-2024T10:35:13 - [TEST_STEP][PASSED] - Script1718980020443.WriteToExcel(a, typeOfData, todaysDate, pageInt, fileInt, pageDouble, fileDouble, dZO): null

18-11-2024T10:35:13 - [TEST_STEP][PASSED] - sheetName = "Sheet1": null

18-11-2024T10:35:13 - [TEST_STEP][PASSED] - data = findTestData("PlanFact"): null

18-11-2024T10:35:13 - [TEST_STEP][PASSED] - n = data.getRowNumbers() + 1: null

18-11-2024T10:35:13 - [TEST_STEP][PASSED] - year = todaysDate.substring(todaysDate.length() - 4, todaysDate.length()): null

18-11-2024T10:35:13 - [TEST_STEP][PASSED] - y = year.toInteger(): null

18-11-2024T10:35:13 - [TEST_STEP][PASSED] - m = getText(findTestObject("Выполнение бизнес-плана/Период")): Text of object 'Object Repository/Выполнение бизнес-плана/Период' is: '1, 2, 3 кв. 2024 года'

18-11-2024T10:35:13 - [MESSAGE][PASSED] - Text of object 'Object Repository/Выполнение бизнес-плана/Период' is: '1, 2, 3 кв. 2024 года'

18-11-2024T10:35:13 - [TEST_STEP][PASSED] - m = m.substring(0, m.indexOf("2024")): null

18-11-2024T10:35:13 - [TEST_STEP][PASSED] - m = m.trim(): null

18-11-2024T10:35:13 - [TEST_STEP][PASSED] - dashboardName = "Выполнение бизнес-плана": null

18-11-2024T10:35:13 - [TEST_STEP][PASSED] - workbook01 = getWorkbook(excelFilePath): null

18-11-2024T10:35:13 - [TEST_STEP][PASSED] - sheet01 = getExcelSheet(workbook01, sheetName): null

18-11-2024T10:35:13 - [TEST_STEP][PASSED] - setValueToCellByIndex(sheet01, n, 0, dashboardName): null

18-11-2024T10:35:13 - [TEST_STEP][PASSED] - setValueToCellByIndex(sheet01, n, 1, dZO): null

18-11-2024T10:35:13 - [TEST_STEP][PASSED] - setValueToCellByIndex(sheet01, n, 2, typeOfData): null

18-11-2024T10:35:13 - [TEST_STEP][PASSED] - if (typeOfData == "Факт в процентах" || typeOfData == "План в процентах"): null

18-11-2024T10:35:13 - [TEST_STEP][PASSED] - else: null

18-11-2024T10:35:13 - [TEST_STEP][PASSED] - setValueToCellByIndex(sheet01, n, 3, fileInt): null

18-11-2024T10:35:13 - [TEST_STEP][PASSED] - setValueToCellByIndex(sheet01, n, 4, pageInt): null

18-11-2024T10:35:13 - [TEST_STEP][PASSED] - setValueToCellByIndex(sheet01, n, 5, m): null

18-11-2024T10:35:13 - [TEST_STEP][PASSED] - setValueToCellByIndex(sheet01, n, 6, y): null

18-11-2024T10:35:13 - [TEST_STEP][PASSED] - setValueToCellByIndex(sheet01, n, 7, todaysDate): null

18-11-2024T10:35:13 - [TEST_STEP][PASSED] - n = n + 1: null

18-11-2024T10:35:13 - [TEST_STEP][PASSED] - saveWorkbook(excelFilePath, workbook01): null

18-11-2024T10:35:13 - [TEST_STEP][PASSED] - compare = pagePoteri: null

18-11-2024T10:35:13 - [TEST_STEP][PASSED] - if (compare == filePoteri): null

18-11-2024T10:35:13 - [TEST_STEP][PASSED] - else if (compare > filePoteri): null

18-11-2024T10:35:13 - [TEST_STEP][PASSED] - compare = compare - 1: null

18-11-2024T10:35:13 - [TEST_STEP][PASSED] - if (compare == filePoteri): null

18-11-2024T10:35:13 - [TEST_STEP][PASSED] - else: null

18-11-2024T10:35:13 - [TEST_STEP][PASSED] - numberOfErrors = numberOfErrors + 1: null

18-11-2024T10:35:13 - [TEST_STEP][PASSED] - pageInt = pagePoteri: null

18-11-2024T10:35:13 - [TEST_STEP][PASSED] - fileInt = filePoteri: null

18-11-2024T10:35:13 - [TEST_STEP][PASSED] - typeOfData = typeOfDataMain + " Потери": null

18-11-2024T10:35:13 - [TEST_STEP][PASSED] - Script1718980020443.WriteToExcel(a, typeOfData, todaysDate, pageInt, fileInt, pageDouble, fileDouble, dZO): null

18-11-2024T10:35:13 - [TEST_STEP][PASSED] - sheetName = "Sheet1": null

18-11-2024T10:35:13 - [TEST_STEP][PASSED] - data = findTestData("PlanFact"): null

18-11-2024T10:35:13 - [TEST_STEP][PASSED] - n = data.getRowNumbers() + 1: null

18-11-2024T10:35:13 - [TEST_STEP][PASSED] - year = todaysDate.substring(todaysDate.length() - 4, todaysDate.length()): null

18-11-2024T10:35:13 - [TEST_STEP][PASSED] - y = year.toInteger(): null

18-11-2024T10:35:13 - [TEST_STEP][PASSED] - m = getText(findTestObject("Выполнение бизнес-плана/Период")): Text of object 'Object Repository/Выполнение бизнес-плана/Период' is: '1, 2, 3 кв. 2024 года'

18-11-2024T10:35:14 - [MESSAGE][PASSED] - Text of object 'Object Repository/Выполнение бизнес-плана/Период' is: '1, 2, 3 кв. 2024 года'

18-11-2024T10:35:14 - [TEST_STEP][PASSED] - m = m.substring(0, m.indexOf("2024")): null

18-11-2024T10:35:14 - [TEST_STEP][PASSED] - m = m.trim(): null

18-11-2024T10:35:14 - [TEST_STEP][PASSED] - dashboardName = "Выполнение бизнес-плана": null

18-11-2024T10:35:14 - [TEST_STEP][PASSED] - workbook01 = getWorkbook(excelFilePath): null

18-11-2024T10:35:14 - [TEST_STEP][PASSED] - sheet01 = getExcelSheet(workbook01, sheetName): null

18-11-2024T10:35:14 - [TEST_STEP][PASSED] - setValueToCellByIndex(sheet01, n, 0, dashboardName): null

18-11-2024T10:35:14 - [TEST_STEP][PASSED] - setValueToCellByIndex(sheet01, n, 1, dZO): null

18-11-2024T10:35:14 - [TEST_STEP][PASSED] - setValueToCellByIndex(sheet01, n, 2, typeOfData): null

18-11-2024T10:35:14 - [TEST_STEP][PASSED] - if (typeOfData == "Факт в процентах" || typeOfData == "План в процентах"): null

18-11-2024T10:35:14 - [TEST_STEP][PASSED] - else: null

18-11-2024T10:35:14 - [TEST_STEP][PASSED] - setValueToCellByIndex(sheet01, n, 3, fileInt): null

18-11-2024T10:35:14 - [TEST_STEP][PASSED] - setValueToCellByIndex(sheet01, n, 4, pageInt): null

18-11-2024T10:35:14 - [TEST_STEP][PASSED] - setValueToCellByIndex(sheet01, n, 5, m): null

18-11-2024T10:35:14 - [TEST_STEP][PASSED] - setValueToCellByIndex(sheet01, n, 6, y): null

18-11-2024T10:35:14 - [TEST_STEP][PASSED] - setValueToCellByIndex(sheet01, n, 7, todaysDate): null

18-11-2024T10:35:14 - [TEST_STEP][PASSED] - n = n + 1: null

18-11-2024T10:35:14 - [TEST_STEP][PASSED] - saveWorkbook(excelFilePath, workbook01): null

18-11-2024T10:35:14 - [TEST_STEP][PASSED] - if (planFact == 2): null

18-11-2024T10:35:14 - [TEST_STEP][PASSED] - if (planFact == 1): null

18-11-2024T10:35:14 - [TEST_STEP][PASSED] - else if (planFact == 2): null

18-11-2024T10:35:14 - [TEST_STEP][PASSED] - click(findTestObject("Выполнение бизнес-плана/Кнопка План")): Object: 'Object Repository/Выполнение бизнес-плана/Кнопка План' is clicked on

18-11-2024T10:35:14 - [MESSAGE][PASSED] - Object: 'Object Repository/Выполнение бизнес-плана/Кнопка План' is clicked on

18-11-2024T10:35:14 - [TEST_STEP][PASSED] - typeOfDataMain = "План": null

18-11-2024T10:35:14 - [TEST_STEP][PASSED] - otpusk = findTestData("PlanFact").getValue(2, a): null

18-11-2024T10:35:14 - [TEST_STEP][PASSED] - poteri = findTestData("PlanFact").getValue(3, a): null

18-11-2024T10:35:14 - [TEST_STEP][PASSED] - otpusk = otpusk.replaceAll("\s+", ""): null

18-11-2024T10:35:14 - [TEST_STEP][PASSED] - poteri = poteri.replaceAll("\s+", ""): null

18-11-2024T10:35:14 - [TEST_STEP][PASSED] - typeOfData = typeOfDataMain + " Отпуск в сеть": null

18-11-2024T10:35:14 - [TEST_STEP][PASSED] - if (a == 82): null

18-11-2024T10:35:14 - [TEST_STEP][PASSED] - else if (a == 84): null

18-11-2024T10:35:14 - [TEST_STEP][PASSED] - else if (a == 52 || a == 72 || a == 28 || a == 73 || a == 77 || a == 74 || a == 65 || a == 36 || a == 44 || a == 53 || a == 80 || a == 54 || a == 1 || a == 18 || a == 59 || a == 81): null

18-11-2024T10:35:14 - [TEST_STEP][PASSED] - else: null

18-11-2024T10:35:14 - [TEST_STEP][PASSED] - path = dataFolder + typeOfData + " за отчётный период " + b: null

18-11-2024T10:35:14 - [TEST_STEP][PASSED] - println(path): null

18-11-2024T10:35:14 - [TEST_STEP][PASSED] - page = getText(findTestObject(path)): Text of object 'Object Repository/Выполнение бизнес-плана/Значения со страницы Выполнение бизнес-плана/План Отпуск в сеть за отчётный период Читаэнерго' is: '5 459 825'

18-11-2024T10:35:15 - [MESSAGE][PASSED] - Text of object 'Object Repository/Выполнение бизнес-плана/Значения со страницы Выполнение бизнес-плана/План Отпуск в сеть за отчётный период Читаэнерго' is: '5 459 825'

18-11-2024T10:35:15 - [TEST_STEP][PASSED] - page = page.replaceAll("\s+", ""): null

18-11-2024T10:35:15 - [TEST_STEP][PASSED] - fileOtpuskVSet = otpusk.toInteger(): null

18-11-2024T10:35:15 - [TEST_STEP][PASSED] - pageOtpuskVSet = page.toInteger(): null

18-11-2024T10:35:15 - [TEST_STEP][PASSED] - typeOfData = typeOfDataMain + " Потери": null

18-11-2024T10:35:15 - [TEST_STEP][PASSED] - if (a == 82): null

18-11-2024T10:35:15 - [TEST_STEP][PASSED] - else if (a == 84): null

18-11-2024T10:35:15 - [TEST_STEP][PASSED] - else if (a == 52 || a == 72 || a == 28 || a == 73 || a == 77 || a == 74 || a == 65 || a == 36 || a == 44 || a == 53 || a == 80 || a == 54 || a == 1 || a == 18 || a == 59 || a == 81): null

18-11-2024T10:35:15 - [TEST_STEP][PASSED] - else: null

18-11-2024T10:35:15 - [TEST_STEP][PASSED] - path = dataFolder + typeOfData + " за отчётный период " + b: null

18-11-2024T10:35:15 - [TEST_STEP][PASSED] - page = getText(findTestObject(path)): Text of object 'Object Repository/Выполнение бизнес-плана/Значения со страницы Выполнение бизнес-плана/План Потери за отчётный период Читаэнерго' is: '421 932'

18-11-2024T10:35:15 - [MESSAGE][PASSED] - Text of object 'Object Repository/Выполнение бизнес-плана/Значения со страницы Выполнение бизнес-плана/План Потери за отчётный период Читаэнерго' is: '421 932'

18-11-2024T10:35:15 - [TEST_STEP][PASSED] - page = page.replaceAll("\s+", ""): null

18-11-2024T10:35:15 - [TEST_STEP][PASSED] - filePoteri = poteri.toInteger(): null

18-11-2024T10:35:15 - [TEST_STEP][PASSED] - pagePoteri = page.toInteger(): null

18-11-2024T10:35:15 - [TEST_STEP][PASSED] - compare = pageOtpuskVSet: null

18-11-2024T10:35:15 - [TEST_STEP][PASSED] - if (compare == fileOtpuskVSet): null

18-11-2024T10:35:15 - [TEST_STEP][PASSED] - else if (compare > fileOtpuskVSet): null

18-11-2024T10:35:15 - [TEST_STEP][PASSED] - compare = compare - 1: null

18-11-2024T10:35:15 - [TEST_STEP][PASSED] - if (compare == fileOtpuskVSet): null

18-11-2024T10:35:15 - [TEST_STEP][PASSED] - else: null

18-11-2024T10:35:15 - [TEST_STEP][PASSED] - numberOfErrors = numberOfErrors + 1: null

18-11-2024T10:35:15 - [TEST_STEP][PASSED] - pageInt = pageOtpuskVSet: null

18-11-2024T10:35:15 - [TEST_STEP][PASSED] - fileInt = fileOtpuskVSet: null

18-11-2024T10:35:15 - [TEST_STEP][PASSED] - typeOfData = typeOfDataMain + " Отпуск в сеть": null

18-11-2024T10:35:15 - [TEST_STEP][PASSED] - Script1718980020443.WriteToExcel(a, typeOfData, todaysDate, pageInt, fileInt, pageDouble, fileDouble, dZO): null

18-11-2024T10:35:15 - [TEST_STEP][PASSED] - sheetName = "Sheet1": null

18-11-2024T10:35:15 - [TEST_STEP][PASSED] - data = findTestData("PlanFact"): null

18-11-2024T10:35:15 - [TEST_STEP][PASSED] - n = data.getRowNumbers() + 1: null

18-11-2024T10:35:15 - [TEST_STEP][PASSED] - year = todaysDate.substring(todaysDate.length() - 4, todaysDate.length()): null

18-11-2024T10:35:15 - [TEST_STEP][PASSED] - y = year.toInteger(): null

18-11-2024T10:35:15 - [TEST_STEP][PASSED] - m = getText(findTestObject("Выполнение бизнес-плана/Период")): Text of object 'Object Repository/Выполнение бизнес-плана/Период' is: '1, 2, 3 кв. 2024 года'

18-11-2024T10:35:15 - [MESSAGE][PASSED] - Text of object 'Object Repository/Выполнение бизнес-плана/Период' is: '1, 2, 3 кв. 2024 года'

18-11-2024T10:35:15 - [TEST_STEP][PASSED] - m = m.substring(0, m.indexOf("2024")): null

18-11-2024T10:35:15 - [TEST_STEP][PASSED] - m = m.trim(): null

18-11-2024T10:35:15 - [TEST_STEP][PASSED] - dashboardName = "Выполнение бизнес-плана": null

18-11-2024T10:35:15 - [TEST_STEP][PASSED] - workbook01 = getWorkbook(excelFilePath): null

18-11-2024T10:35:15 - [TEST_STEP][PASSED] - sheet01 = getExcelSheet(workbook01, sheetName): null

18-11-2024T10:35:15 - [TEST_STEP][PASSED] - setValueToCellByIndex(sheet01, n, 0, dashboardName): null

18-11-2024T10:35:15 - [TEST_STEP][PASSED] - setValueToCellByIndex(sheet01, n, 1, dZO): null

18-11-2024T10:35:15 - [TEST_STEP][PASSED] - setValueToCellByIndex(sheet01, n, 2, typeOfData): null

18-11-2024T10:35:15 - [TEST_STEP][PASSED] - if (typeOfData == "Факт в процентах" || typeOfData == "План в процентах"): null

18-11-2024T10:35:15 - [TEST_STEP][PASSED] - else: null

18-11-2024T10:35:15 - [TEST_STEP][PASSED] - setValueToCellByIndex(sheet01, n, 3, fileInt): null

18-11-2024T10:35:15 - [TEST_STEP][PASSED] - setValueToCellByIndex(sheet01, n, 4, pageInt): null

18-11-2024T10:35:15 - [TEST_STEP][PASSED] - setValueToCellByIndex(sheet01, n, 5, m): null

18-11-2024T10:35:15 - [TEST_STEP][PASSED] - setValueToCellByIndex(sheet01, n, 6, y): null

18-11-2024T10:35:15 - [TEST_STEP][PASSED] - setValueToCellByIndex(sheet01, n, 7, todaysDate): null

18-11-2024T10:35:15 - [TEST_STEP][PASSED] - n = n + 1: null

18-11-2024T10:35:15 - [TEST_STEP][PASSED] - saveWorkbook(excelFilePath, workbook01): null

18-11-2024T10:35:16 - [TEST_STEP][PASSED] - compare = pagePoteri: null

18-11-2024T10:35:16 - [TEST_STEP][PASSED] - if (compare == filePoteri): null

18-11-2024T10:35:16 - [TEST_STEP][PASSED] - else if (compare > filePoteri): null

18-11-2024T10:35:16 - [TEST_STEP][PASSED] - compare = compare - 1: null

18-11-2024T10:35:16 - [TEST_STEP][PASSED] - if (compare == filePoteri): null

18-11-2024T10:35:16 - [TEST_STEP][PASSED] - else: null

18-11-2024T10:35:16 - [TEST_STEP][PASSED] - numberOfErrors = numberOfErrors + 1: null

18-11-2024T10:35:16 - [TEST_STEP][PASSED] - pageInt = pagePoteri: null

18-11-2024T10:35:16 - [TEST_STEP][PASSED] - fileInt = filePoteri: null

18-11-2024T10:35:16 - [TEST_STEP][PASSED] - typeOfData = typeOfDataMain + " Потери": null

18-11-2024T10:35:16 - [TEST_STEP][PASSED] - Script1718980020443.WriteToExcel(a, typeOfData, todaysDate, pageInt, fileInt, pageDouble, fileDouble, dZO): null

18-11-2024T10:35:16 - [TEST_STEP][PASSED] - sheetName = "Sheet1": null

18-11-2024T10:35:16 - [TEST_STEP][PASSED] - data = findTestData("PlanFact"): null

18-11-2024T10:35:16 - [TEST_STEP][PASSED] - n = data.getRowNumbers() + 1: null

18-11-2024T10:35:16 - [TEST_STEP][PASSED] - year = todaysDate.substring(todaysDate.length() - 4, todaysDate.length()): null

18-11-2024T10:35:16 - [TEST_STEP][PASSED] - y = year.toInteger(): null

18-11-2024T10:35:16 - [TEST_STEP][PASSED] - m = getText(findTestObject("Выполнение бизнес-плана/Период")): Text of object 'Object Repository/Выполнение бизнес-плана/Период' is: '1, 2, 3 кв. 2024 года'

18-11-2024T10:35:16 - [MESSAGE][PASSED] - Text of object 'Object Repository/Выполнение бизнес-плана/Период' is: '1, 2, 3 кв. 2024 года'

18-11-2024T10:35:16 - [TEST_STEP][PASSED] - m = m.substring(0, m.indexOf("2024")): null

18-11-2024T10:35:16 - [TEST_STEP][PASSED] - m = m.trim(): null

18-11-2024T10:35:16 - [TEST_STEP][PASSED] - dashboardName = "Выполнение бизнес-плана": null

18-11-2024T10:35:16 - [TEST_STEP][PASSED] - workbook01 = getWorkbook(excelFilePath): null

18-11-2024T10:35:16 - [TEST_STEP][PASSED] - sheet01 = getExcelSheet(workbook01, sheetName): null

18-11-2024T10:35:16 - [TEST_STEP][PASSED] - setValueToCellByIndex(sheet01, n, 0, dashboardName): null

18-11-2024T10:35:16 - [TEST_STEP][PASSED] - setValueToCellByIndex(sheet01, n, 1, dZO): null

18-11-2024T10:35:16 - [TEST_STEP][PASSED] - setValueToCellByIndex(sheet01, n, 2, typeOfData): null

18-11-2024T10:35:16 - [TEST_STEP][PASSED] - if (typeOfData == "Факт в процентах" || typeOfData == "План в процентах"): null

18-11-2024T10:35:16 - [TEST_STEP][PASSED] - else: null

18-11-2024T10:35:16 - [TEST_STEP][PASSED] - setValueToCellByIndex(sheet01, n, 3, fileInt): null

18-11-2024T10:35:16 - [TEST_STEP][PASSED] - setValueToCellByIndex(sheet01, n, 4, pageInt): null

18-11-2024T10:35:16 - [TEST_STEP][PASSED] - setValueToCellByIndex(sheet01, n, 5, m): null

18-11-2024T10:35:16 - [TEST_STEP][PASSED] - setValueToCellByIndex(sheet01, n, 6, y): null

18-11-2024T10:35:16 - [TEST_STEP][PASSED] - setValueToCellByIndex(sheet01, n, 7, todaysDate): null

18-11-2024T10:35:16 - [TEST_STEP][PASSED] - n = n + 1: null

18-11-2024T10:35:16 - [TEST_STEP][PASSED] - saveWorkbook(excelFilePath, workbook01): Object: 'Object Repository/Выполнение бизнес-плана/Кнопка Факт' is clicked on

18-11-2024T10:35:16 - [TEST_STEP][PASSED] - if (planFact == 2): Object: 'Object Repository/Выполнение бизнес-плана/Кнопка Факт' is clicked on

18-11-2024T10:35:16 - [TEST_STEP][PASSED] - click(findTestObject("Выполнение бизнес-плана/Кнопка Факт")): Object: 'Object Repository/Выполнение бизнес-плана/Кнопка Факт' is clicked on

18-11-2024T10:35:17 - [MESSAGE][PASSED] - Object: 'Object Repository/Выполнение бизнес-плана/Кнопка Факт' is clicked on

18-11-2024T10:35:17 - [TEST_STEP][PASSED] - if (a == 84 || a == 82): null

18-11-2024T10:35:17 - [TEST_STEP][PASSED] - else if (a == 52 || a == 72 || a == 28 || a == 73 || a == 77 || a == 74 || a == 65 || a == 36 || a == 44 || a == 53 || a == 80 || a == 54 || a == 1 || a == 18 || a == 59 || a == 81): null

18-11-2024T10:35:17 - [TEST_STEP][PASSED] - else: null

18-11-2024T10:35:17 - [TEST_STEP][PASSED] - page1 = getText(findTestObject("Object Repository/Выполнение бизнес-плана/spanPlan" + filialNum)): Text of object 'Object Repository/Выполнение бизнес-плана/spanPlan7' is: '7.73
|'

18-11-2024T10:35:17 - [MESSAGE][PASSED] - Text of object 'Object Repository/Выполнение бизнес-плана/spanPlan7' is: '7.73
|'

18-11-2024T10:35:17 - [TEST_STEP][PASSED] - page1 = page1.replace("|", ""): null

18-11-2024T10:35:17 - [TEST_STEP][PASSED] - page2 = getText(findTestObject("Object Repository/Выполнение бизнес-плана/spanFact" + filialNum)): Text of object 'Object Repository/Выполнение бизнес-плана/spanFact7' is: '7.72
|'

18-11-2024T10:35:17 - [MESSAGE][PASSED] - Text of object 'Object Repository/Выполнение бизнес-плана/spanFact7' is: '7.72
|'

18-11-2024T10:35:17 - [TEST_STEP][PASSED] - page2 = page2.replace("|", ""): null

18-11-2024T10:35:17 - [TEST_STEP][PASSED] - println("page1: " + page1): null

18-11-2024T10:35:17 - [TEST_STEP][PASSED] - println("page2: " + page2): null

18-11-2024T10:35:17 - [TEST_STEP][PASSED] - file = findTestData("PlanFact").getValue(4, a): null

18-11-2024T10:35:17 - [TEST_STEP][PASSED] - file = file.replace(",", "."): null

18-11-2024T10:35:17 - [TEST_STEP][PASSED] - println("file Plan: " + file): null

18-11-2024T10:35:17 - [TEST_STEP][PASSED] - typeOfData = "План в процентах": null

18-11-2024T10:35:17 - [TEST_STEP][PASSED] - fileDouble = file.toDouble(): null

18-11-2024T10:35:17 - [TEST_STEP][PASSED] - pageDouble = page1.toDouble(): null

18-11-2024T10:35:17 - [TEST_STEP][PASSED] - if (fileDouble != pageDouble): null

18-11-2024T10:35:17 - [TEST_STEP][PASSED] - numberOfErrors = numberOfErrors + 1: null

18-11-2024T10:35:17 - [TEST_STEP][PASSED] - Script1718980020443.WriteToExcel(a, typeOfData, todaysDate, pageInt, fileInt, pageDouble, fileDouble, dZO): null

18-11-2024T10:35:17 - [TEST_STEP][PASSED] - sheetName = "Sheet1": null

18-11-2024T10:35:17 - [TEST_STEP][PASSED] - data = findTestData("PlanFact"): null

18-11-2024T10:35:17 - [TEST_STEP][PASSED] - n = data.getRowNumbers() + 1: null

18-11-2024T10:35:17 - [TEST_STEP][PASSED] - year = todaysDate.substring(todaysDate.length() - 4, todaysDate.length()): null

18-11-2024T10:35:17 - [TEST_STEP][PASSED] - y = year.toInteger(): null

18-11-2024T10:35:17 - [TEST_STEP][PASSED] - m = getText(findTestObject("Выполнение бизнес-плана/Период")): Text of object 'Object Repository/Выполнение бизнес-плана/Период' is: '1, 2, 3 кв. 2024 года'

18-11-2024T10:35:18 - [MESSAGE][PASSED] - Text of object 'Object Repository/Выполнение бизнес-плана/Период' is: '1, 2, 3 кв. 2024 года'

18-11-2024T10:35:18 - [TEST_STEP][PASSED] - m = m.substring(0, m.indexOf("2024")): null

18-11-2024T10:35:18 - [TEST_STEP][PASSED] - m = m.trim(): null

18-11-2024T10:35:18 - [TEST_STEP][PASSED] - dashboardName = "Выполнение бизнес-плана": null

18-11-2024T10:35:18 - [TEST_STEP][PASSED] - workbook01 = getWorkbook(excelFilePath): null

18-11-2024T10:35:18 - [TEST_STEP][PASSED] - sheet01 = getExcelSheet(workbook01, sheetName): null

18-11-2024T10:35:18 - [TEST_STEP][PASSED] - setValueToCellByIndex(sheet01, n, 0, dashboardName): null

18-11-2024T10:35:18 - [TEST_STEP][PASSED] - setValueToCellByIndex(sheet01, n, 1, dZO): null

18-11-2024T10:35:18 - [TEST_STEP][PASSED] - setValueToCellByIndex(sheet01, n, 2, typeOfData): null

18-11-2024T10:35:18 - [TEST_STEP][PASSED] - if (typeOfData == "Факт в процентах" || typeOfData == "План в процентах"): null

18-11-2024T10:35:18 - [TEST_STEP][PASSED] - setValueToCellByIndex(sheet01, n, 3, fileDouble): null

18-11-2024T10:35:18 - [TEST_STEP][PASSED] - setValueToCellByIndex(sheet01, n, 4, pageDouble): null

18-11-2024T10:35:18 - [TEST_STEP][PASSED] - setValueToCellByIndex(sheet01, n, 5, m): null

18-11-2024T10:35:18 - [TEST_STEP][PASSED] - setValueToCellByIndex(sheet01, n, 6, y): null

18-11-2024T10:35:18 - [TEST_STEP][PASSED] - setValueToCellByIndex(sheet01, n, 7, todaysDate): null

18-11-2024T10:35:18 - [TEST_STEP][PASSED] - n = n + 1: null

18-11-2024T10:35:18 - [TEST_STEP][PASSED] - saveWorkbook(excelFilePath, workbook01): null

18-11-2024T10:35:18 - [TEST_STEP][PASSED] - file = findTestData("PlanFact").getValue(7, a): null

18-11-2024T10:35:18 - [TEST_STEP][PASSED] - file = file.replace(",", "."): null

18-11-2024T10:35:18 - [TEST_STEP][PASSED] - println("file Fact: " + file): null

18-11-2024T10:35:18 - [TEST_STEP][PASSED] - fileDouble = file.toDouble(): null

18-11-2024T10:35:18 - [TEST_STEP][PASSED] - typeOfData = "Факт в процентах": null

18-11-2024T10:35:18 - [TEST_STEP][PASSED] - fileDouble = file.toDouble(): null

18-11-2024T10:35:18 - [TEST_STEP][PASSED] - pageDouble = page2.toDouble(): null

18-11-2024T10:35:18 - [TEST_STEP][PASSED] - if (fileDouble != pageDouble): null

18-11-2024T10:35:18 - [TEST_STEP][PASSED] - numberOfErrors = numberOfErrors + 1: null

18-11-2024T10:35:18 - [TEST_STEP][PASSED] - Script1718980020443.WriteToExcel(a, typeOfData, todaysDate, pageInt, fileInt, pageDouble, fileDouble, dZO): null

18-11-2024T10:35:18 - [TEST_STEP][PASSED] - sheetName = "Sheet1": null

18-11-2024T10:35:18 - [TEST_STEP][PASSED] - data = findTestData("PlanFact"): null

18-11-2024T10:35:18 - [TEST_STEP][PASSED] - n = data.getRowNumbers() + 1: null

18-11-2024T10:35:18 - [TEST_STEP][PASSED] - year = todaysDate.substring(todaysDate.length() - 4, todaysDate.length()): null

18-11-2024T10:35:18 - [TEST_STEP][PASSED] - y = year.toInteger(): null

18-11-2024T10:35:18 - [TEST_STEP][PASSED] - m = getText(findTestObject("Выполнение бизнес-плана/Период")): Text of object 'Object Repository/Выполнение бизнес-плана/Период' is: '1, 2, 3 кв. 2024 года'

18-11-2024T10:35:18 - [MESSAGE][PASSED] - Text of object 'Object Repository/Выполнение бизнес-плана/Период' is: '1, 2, 3 кв. 2024 года'

18-11-2024T10:35:18 - [TEST_STEP][PASSED] - m = m.substring(0, m.indexOf("2024")): null

18-11-2024T10:35:18 - [TEST_STEP][PASSED] - m = m.trim(): null

18-11-2024T10:35:18 - [TEST_STEP][PASSED] - dashboardName = "Выполнение бизнес-плана": null

18-11-2024T10:35:18 - [TEST_STEP][PASSED] - workbook01 = getWorkbook(excelFilePath): null

18-11-2024T10:35:18 - [TEST_STEP][PASSED] - sheet01 = getExcelSheet(workbook01, sheetName): null

18-11-2024T10:35:18 - [TEST_STEP][PASSED] - setValueToCellByIndex(sheet01, n, 0, dashboardName): null

18-11-2024T10:35:18 - [TEST_STEP][PASSED] - setValueToCellByIndex(sheet01, n, 1, dZO): null

18-11-2024T10:35:18 - [TEST_STEP][PASSED] - setValueToCellByIndex(sheet01, n, 2, typeOfData): null

18-11-2024T10:35:18 - [TEST_STEP][PASSED] - if (typeOfData == "Факт в процентах" || typeOfData == "План в процентах"): null

18-11-2024T10:35:18 - [TEST_STEP][PASSED] - setValueToCellByIndex(sheet01, n, 3, fileDouble): null

18-11-2024T10:35:18 - [TEST_STEP][PASSED] - setValueToCellByIndex(sheet01, n, 4, pageDouble): null

18-11-2024T10:35:18 - [TEST_STEP][PASSED] - setValueToCellByIndex(sheet01, n, 5, m): null

18-11-2024T10:35:18 - [TEST_STEP][PASSED] - setValueToCellByIndex(sheet01, n, 6, y): null

18-11-2024T10:35:18 - [TEST_STEP][PASSED] - setValueToCellByIndex(sheet01, n, 7, todaysDate): null

18-11-2024T10:35:18 - [TEST_STEP][PASSED] - n = n + 1: null

18-11-2024T10:35:18 - [TEST_STEP][PASSED] - saveWorkbook(excelFilePath, workbook01): null

18-11-2024T10:35:19 - [TEST_STEP][FAILED] - if (verifyEqual(numberOfErrors, 0) == false): null

18-11-2024T10:35:19 - [MESSAGE][FAILED] - Unable to verify equal between actual object '6' and expected object '0' (Root cause: com.kms.katalon.core.exception.StepFailedException: Actual object '6' and expected object '0' are not equal
	at com.kms.katalon.core.keyword.builtin.VerifyEqualKeyword$_verifyEqual_closure1.doCall(VerifyEqualKeyword.groovy:58)
	at com.kms.katalon.core.keyword.builtin.VerifyEqualKeyword$_verifyEqual_closure1.call(VerifyEqualKeyword.groovy)
	at com.kms.katalon.core.keyword.internal.KeywordMain.runKeyword(KeywordMain.groovy:75)
	at com.kms.katalon.core.keyword.builtin.VerifyEqualKeyword.verifyEqual(VerifyEqualKeyword.groovy:63)
	at com.kms.katalon.core.keyword.builtin.VerifyEqualKeyword.execute(VerifyEqualKeyword.groovy:44)
	at com.kms.katalon.core.keyword.internal.KeywordExecutor.executeKeywordForPlatform(KeywordExecutor.groovy:74)
	at com.kms.katalon.core.keyword.BuiltinKeywords.verifyEqual(BuiltinKeywords.groovy:146)
	at jdk.internal.reflect.GeneratedMethodAccessor25.invoke(Unknown Source)
	at java.base/jdk.internal.reflect.DelegatingMethodAccessorImpl.invoke(DelegatingMethodAccessorImpl.java:43)
	at Выполнение бизнес-плана Сверка ПАО Россети все филиалы.Numbers(Выполнение бизнес-плана Сверка ПАО Россети все филиалы:740)
	at Выполнение бизнес-плана Сверка ПАО Россети все филиалы.Filials(Выполнение бизнес-плана Сверка ПАО Россети все филиалы:1633)
	at Выполнение бизнес-плана Сверка ПАО Россети все филиалы.Numbers(Выполнение бизнес-плана Сверка ПАО Россети все филиалы:745)
	at Выполнение бизнес-плана Сверка ПАО Россети все филиалы.run(Выполнение бизнес-плана Сверка ПАО Россети все филиалы:332)
	at com.kms.katalon.core.main.ScriptEngine.run(ScriptEngine.java:194)
	at com.kms.katalon.core.main.ScriptEngine.runScriptAsRawText(ScriptEngine.java:119)
	at com.kms.katalon.core.main.TestCaseExecutor.runScript(TestCaseExecutor.java:448)
	at com.kms.katalon.core.main.TestCaseExecutor.doExecute(TestCaseExecutor.java:439)
	at com.kms.katalon.core.main.TestCaseExecutor.processExecutionPhase(TestCaseExecutor.java:418)
	at com.kms.katalon.core.main.TestCaseExecutor.accessMainPhase(TestCaseExecutor.java:410)
	at com.kms.katalon.core.main.TestCaseExecutor.execute(TestCaseExecutor.java:285)
	at com.kms.katalon.core.common.CommonExecutor.accessTestCaseMainPhase(CommonExecutor.java:65)
	at com.kms.katalon.core.main.TestSuiteExecutor.accessTestSuiteMainPhase(TestSuiteExecutor.java:150)
	at com.kms.katalon.core.main.TestSuiteExecutor.execute(TestSuiteExecutor.java:106)
	at com.kms.katalon.core.main.TestCaseMain.startTestSuite(TestCaseMain.java:180)
	at TempTestSuite1731913737709.run(TempTestSuite1731913737709.groovy:35)
	at java.base/jdk.internal.reflect.NativeMethodAccessorImpl.invoke0(Native Method)
	at java.base/jdk.internal.reflect.NativeMethodAccessorImpl.invoke(NativeMethodAccessorImpl.java:77)
	at java.base/jdk.internal.reflect.DelegatingMethodAccessorImpl.invoke(DelegatingMethodAccessorImpl.java:43)
)

18-11-2024T10:35:19 - [TEST_STEP][PASSED] - println(numberOfErrors): null

18-11-2024T10:35:19 - [TEST_STEP][PASSED] - if (a == 28 || a == 77 || a == 74 || a == 65 || a == 36 || a == 44 || a == 54 || a == 1 || a == 18 || a == 59): null

18-11-2024T10:35:19 - [TEST_STEP][PASSED] - if (a == 82): null

18-11-2024T10:35:19 - [TEST_STEP][PASSED] - filialNum = 0: null

18-11-2024T10:35:19 - [TEST_STEP][PASSED] - if (a == 54): null

18-11-2024T10:35:19 - [TEST_STEP][PASSED] - if (a == 59): null

18-11-2024T10:35:19 - [TEST_STEP][PASSED] - Script1718980020443.OpenFilter(): null

18-11-2024T10:35:19 - [TEST_STEP][PASSED] - click(findTestObject("Object Repository/Выполнение бизнес-плана/Фильтр ДЗО")): Object: 'Object Repository/Выполнение бизнес-плана/Фильтр ДЗО' is clicked on

18-11-2024T10:35:19 - [MESSAGE][PASSED] - Object: 'Object Repository/Выполнение бизнес-плана/Фильтр ДЗО' is clicked on

18-11-2024T10:35:19 - [TEST_STEP][PASSED] - click(findTestObject("Выполнение бизнес-плана/Снять выделение в фильтре ДЗО")): Object: 'Object Repository/Выполнение бизнес-плана/Снять выделение в фильтре ДЗО' is clicked on

18-11-2024T10:35:20 - [MESSAGE][PASSED] - Object: 'Object Repository/Выполнение бизнес-плана/Снять выделение в фильтре ДЗО' is clicked on

18-11-2024T10:35:20 - [TEST_STEP][PASSED] - Script1718980020443.CloseFilter(): null

18-11-2024T10:35:20 - [TEST_STEP][PASSED] - scrollToElement(findTestObject("Выполнение бизнес-плана/Заголовок дашборда"), 30): Scroll to object 'Object Repository/Выполнение бизнес-плана/Заголовок дашборда' successfully

18-11-2024T10:35:20 - [MESSAGE][PASSED] - Scroll to object 'Object Repository/Выполнение бизнес-плана/Заголовок дашборда' successfully

18-11-2024T10:35:20 - [TEST_STEP][PASSED] - click(findTestObject("Object Repository/Выполнение бизнес-плана/Применить в фильтре ДЗО")): Object: 'Object Repository/Выполнение бизнес-плана/Применить в фильтре ДЗО' is clicked on

18-11-2024T10:35:21 - [MESSAGE][PASSED] - Object: 'Object Repository/Выполнение бизнес-плана/Применить в фильтре ДЗО' is clicked on

18-11-2024T10:35:21 - [TEST_STEP][PASSED] - if (a == 82): null

18-11-2024T10:35:21 - [TEST_STEP][PASSED] - println(dzoNum): null

18-11-2024T10:35:21 - [TEST_STEP][PASSED] - dZO = "Россети Томск": null

18-11-2024T10:35:21 - [TEST_STEP][PASSED] - a = 53: null

18-11-2024T10:35:21 - [TEST_STEP][PASSED] - if (x1.contains(dZO)): null

18-11-2024T10:35:21 - [TEST_STEP][PASSED] - else: null

18-11-2024T10:35:21 - [TEST_STEP][PASSED] - Script1718980020443.NoData(a, typeOfData, todaysDate, fileInt, fileDouble, dZO): null

18-11-2024T10:35:21 - [TEST_STEP][PASSED] - println(a): null

18-11-2024T10:35:21 - [TEST_STEP][PASSED] - println(todaysDate): null

18-11-2024T10:35:21 - [TEST_STEP][PASSED] - println(fileInt): null

18-11-2024T10:35:21 - [TEST_STEP][PASSED] - println(fileDouble): null

18-11-2024T10:35:21 - [TEST_STEP][PASSED] - println(dZO): null

18-11-2024T10:35:21 - [TEST_STEP][PASSED] - typeOfData = "Факт Отпуск в сеть": null

18-11-2024T10:35:21 - [TEST_STEP][PASSED] - fileInt = replaceAll("\s+", "").toInteger(): null

18-11-2024T10:35:21 - [TEST_STEP][PASSED] - Script1718980020443.WriteToExcelNoData(a, typeOfData, todaysDate, fileInt, fileDouble, dZO): null

18-11-2024T10:35:21 - [TEST_STEP][PASSED] - sheetName = "Sheet1": null

18-11-2024T10:35:21 - [TEST_STEP][PASSED] - data = findTestData("PlanFact"): null

18-11-2024T10:35:21 - [TEST_STEP][PASSED] - n = data.getRowNumbers() + 1: null

18-11-2024T10:35:21 - [TEST_STEP][PASSED] - year = todaysDate.substring(todaysDate.length() - 4, todaysDate.length()): null

18-11-2024T10:35:21 - [TEST_STEP][PASSED] - y = year.toInteger(): null

18-11-2024T10:35:21 - [TEST_STEP][PASSED] - m = getText(findTestObject("Выполнение бизнес-плана/Период")): Text of object 'Object Repository/Выполнение бизнес-плана/Период' is: '1, 2, 3 кв. 2024 года'

18-11-2024T10:35:41 - [MESSAGE][PASSED] - Text of object 'Object Repository/Выполнение бизнес-плана/Период' is: '1, 2, 3 кв. 2024 года'

18-11-2024T10:35:41 - [TEST_STEP][PASSED] - m = m.substring(0, m.indexOf("2024")): null

18-11-2024T10:35:41 - [TEST_STEP][PASSED] - m = m.trim(): null

18-11-2024T10:35:41 - [TEST_STEP][PASSED] - dashboardName = "Выполнение бизнес-плана": null

18-11-2024T10:35:41 - [TEST_STEP][PASSED] - workbook01 = getWorkbook(excelFilePath): null

18-11-2024T10:35:41 - [TEST_STEP][PASSED] - sheet01 = getExcelSheet(workbook01, sheetName): null

18-11-2024T10:35:41 - [TEST_STEP][PASSED] - setValueToCellByIndex(sheet01, n, 0, dashboardName): null

18-11-2024T10:35:41 - [TEST_STEP][PASSED] - setValueToCellByIndex(sheet01, n, 1, dZO): null

18-11-2024T10:35:41 - [TEST_STEP][PASSED] - setValueToCellByIndex(sheet01, n, 2, typeOfData): null

18-11-2024T10:35:41 - [TEST_STEP][PASSED] - if (typeOfData == "Факт в процентах" || typeOfData == "План в процентах"): null

18-11-2024T10:35:41 - [TEST_STEP][PASSED] - else: null

18-11-2024T10:35:41 - [TEST_STEP][PASSED] - setValueToCellByIndex(sheet01, n, 3, fileInt): null

18-11-2024T10:35:41 - [TEST_STEP][PASSED] - setValueToCellByIndex(sheet01, n, 4, "нет данных"): null

18-11-2024T10:35:41 - [TEST_STEP][PASSED] - setValueToCellByIndex(sheet01, n, 5, m): null

18-11-2024T10:35:41 - [TEST_STEP][PASSED] - setValueToCellByIndex(sheet01, n, 6, y): null

18-11-2024T10:35:41 - [TEST_STEP][PASSED] - setValueToCellByIndex(sheet01, n, 7, todaysDate): null

18-11-2024T10:35:41 - [TEST_STEP][PASSED] - n = n + 1: null

18-11-2024T10:35:41 - [TEST_STEP][PASSED] - saveWorkbook(excelFilePath, workbook01): null

18-11-2024T10:35:41 - [TEST_STEP][PASSED] - typeOfData = "Факт Потери": null

18-11-2024T10:35:41 - [TEST_STEP][PASSED] - fileInt = replaceAll("\s+", "").toInteger(): null

18-11-2024T10:35:42 - [TEST_STEP][PASSED] - Script1718980020443.WriteToExcelNoData(a, typeOfData, todaysDate, fileInt, fileDouble, dZO): null

18-11-2024T10:35:42 - [TEST_STEP][PASSED] - sheetName = "Sheet1": null

18-11-2024T10:35:42 - [TEST_STEP][PASSED] - data = findTestData("PlanFact"): null

18-11-2024T10:35:42 - [TEST_STEP][PASSED] - n = data.getRowNumbers() + 1: null

18-11-2024T10:35:42 - [TEST_STEP][PASSED] - year = todaysDate.substring(todaysDate.length() - 4, todaysDate.length()): null

18-11-2024T10:35:42 - [TEST_STEP][PASSED] - y = year.toInteger(): null

18-11-2024T10:35:42 - [TEST_STEP][PASSED] - m = getText(findTestObject("Выполнение бизнес-плана/Период")): Text of object 'Object Repository/Выполнение бизнес-плана/Период' is: '1, 2, 3 кв. 2024 года'

18-11-2024T10:35:42 - [MESSAGE][PASSED] - Text of object 'Object Repository/Выполнение бизнес-плана/Период' is: '1, 2, 3 кв. 2024 года'

18-11-2024T10:35:42 - [TEST_STEP][PASSED] - m = m.substring(0, m.indexOf("2024")): null

18-11-2024T10:35:42 - [TEST_STEP][PASSED] - m = m.trim(): null

18-11-2024T10:35:42 - [TEST_STEP][PASSED] - dashboardName = "Выполнение бизнес-плана": null

18-11-2024T10:35:42 - [TEST_STEP][PASSED] - workbook01 = getWorkbook(excelFilePath): null

18-11-2024T10:35:42 - [TEST_STEP][PASSED] - sheet01 = getExcelSheet(workbook01, sheetName): null

18-11-2024T10:35:42 - [TEST_STEP][PASSED] - setValueToCellByIndex(sheet01, n, 0, dashboardName): null

18-11-2024T10:35:42 - [TEST_STEP][PASSED] - setValueToCellByIndex(sheet01, n, 1, dZO): null

18-11-2024T10:35:42 - [TEST_STEP][PASSED] - setValueToCellByIndex(sheet01, n, 2, typeOfData): null

18-11-2024T10:35:42 - [TEST_STEP][PASSED] - if (typeOfData == "Факт в процентах" || typeOfData == "План в процентах"): null

18-11-2024T10:35:42 - [TEST_STEP][PASSED] - else: null

18-11-2024T10:35:42 - [TEST_STEP][PASSED] - setValueToCellByIndex(sheet01, n, 3, fileInt): null

18-11-2024T10:35:42 - [TEST_STEP][PASSED] - setValueToCellByIndex(sheet01, n, 4, "нет данных"): null

18-11-2024T10:35:42 - [TEST_STEP][PASSED] - setValueToCellByIndex(sheet01, n, 5, m): null

18-11-2024T10:35:42 - [TEST_STEP][PASSED] - setValueToCellByIndex(sheet01, n, 6, y): null

18-11-2024T10:35:42 - [TEST_STEP][PASSED] - setValueToCellByIndex(sheet01, n, 7, todaysDate): null

18-11-2024T10:35:42 - [TEST_STEP][PASSED] - n = n + 1: null

18-11-2024T10:35:42 - [TEST_STEP][PASSED] - saveWorkbook(excelFilePath, workbook01): null

18-11-2024T10:35:42 - [TEST_STEP][PASSED] - typeOfData = "План Отпуск в сеть": null

18-11-2024T10:35:42 - [TEST_STEP][PASSED] - fileInt = replaceAll("\s+", "").toInteger(): null

18-11-2024T10:35:42 - [TEST_STEP][PASSED] - Script1718980020443.WriteToExcelNoData(a, typeOfData, todaysDate, fileInt, fileDouble, dZO): null

18-11-2024T10:35:42 - [TEST_STEP][PASSED] - sheetName = "Sheet1": null

18-11-2024T10:35:42 - [TEST_STEP][PASSED] - data = findTestData("PlanFact"): null

18-11-2024T10:35:42 - [TEST_STEP][PASSED] - n = data.getRowNumbers() + 1: null

18-11-2024T10:35:42 - [TEST_STEP][PASSED] - year = todaysDate.substring(todaysDate.length() - 4, todaysDate.length()): null

18-11-2024T10:35:42 - [TEST_STEP][PASSED] - y = year.toInteger(): null

18-11-2024T10:35:42 - [TEST_STEP][PASSED] - m = getText(findTestObject("Выполнение бизнес-плана/Период")): Text of object 'Object Repository/Выполнение бизнес-плана/Период' is: '1, 2, 3 кв. 2024 года'

18-11-2024T10:35:43 - [MESSAGE][PASSED] - Text of object 'Object Repository/Выполнение бизнес-плана/Период' is: '1, 2, 3 кв. 2024 года'

18-11-2024T10:35:43 - [TEST_STEP][PASSED] - m = m.substring(0, m.indexOf("2024")): null

18-11-2024T10:35:43 - [TEST_STEP][PASSED] - m = m.trim(): null

18-11-2024T10:35:43 - [TEST_STEP][PASSED] - dashboardName = "Выполнение бизнес-плана": null

18-11-2024T10:35:43 - [TEST_STEP][PASSED] - workbook01 = getWorkbook(excelFilePath): null

18-11-2024T10:35:43 - [TEST_STEP][PASSED] - sheet01 = getExcelSheet(workbook01, sheetName): null

18-11-2024T10:35:43 - [TEST_STEP][PASSED] - setValueToCellByIndex(sheet01, n, 0, dashboardName): null

18-11-2024T10:35:43 - [TEST_STEP][PASSED] - setValueToCellByIndex(sheet01, n, 1, dZO): null

18-11-2024T10:35:43 - [TEST_STEP][PASSED] - setValueToCellByIndex(sheet01, n, 2, typeOfData): null

18-11-2024T10:35:43 - [TEST_STEP][PASSED] - if (typeOfData == "Факт в процентах" || typeOfData == "План в процентах"): null

18-11-2024T10:35:43 - [TEST_STEP][PASSED] - else: null

18-11-2024T10:35:43 - [TEST_STEP][PASSED] - setValueToCellByIndex(sheet01, n, 3, fileInt): null

18-11-2024T10:35:43 - [TEST_STEP][PASSED] - setValueToCellByIndex(sheet01, n, 4, "нет данных"): null

18-11-2024T10:35:43 - [TEST_STEP][PASSED] - setValueToCellByIndex(sheet01, n, 5, m): null

18-11-2024T10:35:43 - [TEST_STEP][PASSED] - setValueToCellByIndex(sheet01, n, 6, y): null

18-11-2024T10:35:43 - [TEST_STEP][PASSED] - setValueToCellByIndex(sheet01, n, 7, todaysDate): null

18-11-2024T10:35:43 - [TEST_STEP][PASSED] - n = n + 1: null

18-11-2024T10:35:43 - [TEST_STEP][PASSED] - saveWorkbook(excelFilePath, workbook01): null

18-11-2024T10:35:43 - [TEST_STEP][PASSED] - typeOfData = "План Потери": null

18-11-2024T10:35:43 - [TEST_STEP][PASSED] - fileInt = replaceAll("\s+", "").toInteger(): null

18-11-2024T10:35:43 - [TEST_STEP][PASSED] - Script1718980020443.WriteToExcelNoData(a, typeOfData, todaysDate, fileInt, fileDouble, dZO): null

18-11-2024T10:35:43 - [TEST_STEP][PASSED] - sheetName = "Sheet1": null

18-11-2024T10:35:43 - [TEST_STEP][PASSED] - data = findTestData("PlanFact"): null

18-11-2024T10:35:43 - [TEST_STEP][PASSED] - n = data.getRowNumbers() + 1: null

18-11-2024T10:35:43 - [TEST_STEP][PASSED] - year = todaysDate.substring(todaysDate.length() - 4, todaysDate.length()): null

18-11-2024T10:35:43 - [TEST_STEP][PASSED] - y = year.toInteger(): null

18-11-2024T10:35:43 - [TEST_STEP][PASSED] - m = getText(findTestObject("Выполнение бизнес-плана/Период")): Text of object 'Object Repository/Выполнение бизнес-плана/Период' is: '1, 2, 3 кв. 2024 года'

18-11-2024T10:35:43 - [MESSAGE][PASSED] - Text of object 'Object Repository/Выполнение бизнес-плана/Период' is: '1, 2, 3 кв. 2024 года'

18-11-2024T10:35:43 - [TEST_STEP][PASSED] - m = m.substring(0, m.indexOf("2024")): null

18-11-2024T10:35:43 - [TEST_STEP][PASSED] - m = m.trim(): null

18-11-2024T10:35:43 - [TEST_STEP][PASSED] - dashboardName = "Выполнение бизнес-плана": null

18-11-2024T10:35:43 - [TEST_STEP][PASSED] - workbook01 = getWorkbook(excelFilePath): null

18-11-2024T10:35:43 - [TEST_STEP][PASSED] - sheet01 = getExcelSheet(workbook01, sheetName): null

18-11-2024T10:35:43 - [TEST_STEP][PASSED] - setValueToCellByIndex(sheet01, n, 0, dashboardName): null

18-11-2024T10:35:43 - [TEST_STEP][PASSED] - setValueToCellByIndex(sheet01, n, 1, dZO): null

18-11-2024T10:35:43 - [TEST_STEP][PASSED] - setValueToCellByIndex(sheet01, n, 2, typeOfData): null

18-11-2024T10:35:43 - [TEST_STEP][PASSED] - if (typeOfData == "Факт в процентах" || typeOfData == "План в процентах"): null

18-11-2024T10:35:43 - [TEST_STEP][PASSED] - else: null

18-11-2024T10:35:43 - [TEST_STEP][PASSED] - setValueToCellByIndex(sheet01, n, 3, fileInt): null

18-11-2024T10:35:43 - [TEST_STEP][PASSED] - setValueToCellByIndex(sheet01, n, 4, "нет данных"): null

18-11-2024T10:35:43 - [TEST_STEP][PASSED] - setValueToCellByIndex(sheet01, n, 5, m): null

18-11-2024T10:35:43 - [TEST_STEP][PASSED] - setValueToCellByIndex(sheet01, n, 6, y): null

18-11-2024T10:35:43 - [TEST_STEP][PASSED] - setValueToCellByIndex(sheet01, n, 7, todaysDate): null

18-11-2024T10:35:43 - [TEST_STEP][PASSED] - n = n + 1: null

18-11-2024T10:35:43 - [TEST_STEP][PASSED] - saveWorkbook(excelFilePath, workbook01): null

18-11-2024T10:35:43 - [TEST_STEP][PASSED] - typeOfData = "План в процентах": null

18-11-2024T10:35:43 - [TEST_STEP][PASSED] - fileDouble = ").toDouble(): null

18-11-2024T10:35:44 - [TEST_STEP][PASSED] - Script1718980020443.WriteToExcelNoData(a, typeOfData, todaysDate, fileInt, fileDouble, dZO): null

18-11-2024T10:35:44 - [TEST_STEP][PASSED] - sheetName = "Sheet1": null

18-11-2024T10:35:44 - [TEST_STEP][PASSED] - data = findTestData("PlanFact"): null

18-11-2024T10:35:44 - [TEST_STEP][PASSED] - n = data.getRowNumbers() + 1: null

18-11-2024T10:35:44 - [TEST_STEP][PASSED] - year = todaysDate.substring(todaysDate.length() - 4, todaysDate.length()): null

18-11-2024T10:35:44 - [TEST_STEP][PASSED] - y = year.toInteger(): null

18-11-2024T10:35:44 - [TEST_STEP][PASSED] - m = getText(findTestObject("Выполнение бизнес-плана/Период")): Text of object 'Object Repository/Выполнение бизнес-плана/Период' is: '1, 2, 3 кв. 2024 года'

18-11-2024T10:35:44 - [MESSAGE][PASSED] - Text of object 'Object Repository/Выполнение бизнес-плана/Период' is: '1, 2, 3 кв. 2024 года'

18-11-2024T10:35:44 - [TEST_STEP][PASSED] - m = m.substring(0, m.indexOf("2024")): null

18-11-2024T10:35:44 - [TEST_STEP][PASSED] - m = m.trim(): null

18-11-2024T10:35:44 - [TEST_STEP][PASSED] - dashboardName = "Выполнение бизнес-плана": null

18-11-2024T10:35:44 - [TEST_STEP][PASSED] - workbook01 = getWorkbook(excelFilePath): null

18-11-2024T10:35:44 - [TEST_STEP][PASSED] - sheet01 = getExcelSheet(workbook01, sheetName): null

18-11-2024T10:35:44 - [TEST_STEP][PASSED] - setValueToCellByIndex(sheet01, n, 0, dashboardName): null

18-11-2024T10:35:44 - [TEST_STEP][PASSED] - setValueToCellByIndex(sheet01, n, 1, dZO): null

18-11-2024T10:35:44 - [TEST_STEP][PASSED] - setValueToCellByIndex(sheet01, n, 2, typeOfData): null

18-11-2024T10:35:44 - [TEST_STEP][PASSED] - if (typeOfData == "Факт в процентах" || typeOfData == "План в процентах"): null

18-11-2024T10:35:44 - [TEST_STEP][PASSED] - setValueToCellByIndex(sheet01, n, 3, fileDouble): null

18-11-2024T10:35:44 - [TEST_STEP][PASSED] - setValueToCellByIndex(sheet01, n, 4, "нет данных"): null

18-11-2024T10:35:44 - [TEST_STEP][PASSED] - setValueToCellByIndex(sheet01, n, 5, m): null

18-11-2024T10:35:44 - [TEST_STEP][PASSED] - setValueToCellByIndex(sheet01, n, 6, y): null

18-11-2024T10:35:44 - [TEST_STEP][PASSED] - setValueToCellByIndex(sheet01, n, 7, todaysDate): null

18-11-2024T10:35:44 - [TEST_STEP][PASSED] - n = n + 1: null

18-11-2024T10:35:44 - [TEST_STEP][PASSED] - saveWorkbook(excelFilePath, workbook01): null

18-11-2024T10:35:44 - [TEST_STEP][PASSED] - typeOfData = "Факт в процентах": null

18-11-2024T10:35:44 - [TEST_STEP][PASSED] - fileDouble = ").toDouble(): null

18-11-2024T10:35:44 - [TEST_STEP][PASSED] - Script1718980020443.WriteToExcelNoData(a, typeOfData, todaysDate, fileInt, fileDouble, dZO): null

18-11-2024T10:35:44 - [TEST_STEP][PASSED] - sheetName = "Sheet1": null

18-11-2024T10:35:44 - [TEST_STEP][PASSED] - data = findTestData("PlanFact"): null

18-11-2024T10:35:44 - [TEST_STEP][PASSED] - n = data.getRowNumbers() + 1: null

18-11-2024T10:35:44 - [TEST_STEP][PASSED] - year = todaysDate.substring(todaysDate.length() - 4, todaysDate.length()): null

18-11-2024T10:35:44 - [TEST_STEP][PASSED] - y = year.toInteger(): null

18-11-2024T10:35:44 - [TEST_STEP][PASSED] - m = getText(findTestObject("Выполнение бизнес-плана/Период")): Text of object 'Object Repository/Выполнение бизнес-плана/Период' is: '1, 2, 3 кв. 2024 года'

18-11-2024T10:35:45 - [MESSAGE][PASSED] - Text of object 'Object Repository/Выполнение бизнес-плана/Период' is: '1, 2, 3 кв. 2024 года'

18-11-2024T10:35:45 - [TEST_STEP][PASSED] - m = m.substring(0, m.indexOf("2024")): null

18-11-2024T10:35:45 - [TEST_STEP][PASSED] - m = m.trim(): null

18-11-2024T10:35:45 - [TEST_STEP][PASSED] - dashboardName = "Выполнение бизнес-плана": null

18-11-2024T10:35:45 - [TEST_STEP][PASSED] - workbook01 = getWorkbook(excelFilePath): null

18-11-2024T10:35:45 - [TEST_STEP][PASSED] - sheet01 = getExcelSheet(workbook01, sheetName): null

18-11-2024T10:35:45 - [TEST_STEP][PASSED] - setValueToCellByIndex(sheet01, n, 0, dashboardName): null

18-11-2024T10:35:45 - [TEST_STEP][PASSED] - setValueToCellByIndex(sheet01, n, 1, dZO): null

18-11-2024T10:35:45 - [TEST_STEP][PASSED] - setValueToCellByIndex(sheet01, n, 2, typeOfData): null

18-11-2024T10:35:45 - [TEST_STEP][PASSED] - if (typeOfData == "Факт в процентах" || typeOfData == "План в процентах"): null

18-11-2024T10:35:45 - [TEST_STEP][PASSED] - setValueToCellByIndex(sheet01, n, 3, fileDouble): null

18-11-2024T10:35:45 - [TEST_STEP][PASSED] - setValueToCellByIndex(sheet01, n, 4, "нет данных"): null

18-11-2024T10:35:45 - [TEST_STEP][PASSED] - setValueToCellByIndex(sheet01, n, 5, m): null

18-11-2024T10:35:45 - [TEST_STEP][PASSED] - setValueToCellByIndex(sheet01, n, 6, y): null

18-11-2024T10:35:45 - [TEST_STEP][PASSED] - setValueToCellByIndex(sheet01, n, 7, todaysDate): null

18-11-2024T10:35:45 - [TEST_STEP][PASSED] - n = n + 1: null

18-11-2024T10:35:45 - [TEST_STEP][PASSED] - saveWorkbook(excelFilePath, workbook01): null

18-11-2024T10:35:45 - [TEST_STEP][PASSED] - println(dzoNum): null

18-11-2024T10:35:45 - [TEST_STEP][PASSED] - dZO = "Россети Тюмень": null

18-11-2024T10:35:45 - [TEST_STEP][PASSED] - a = 80: null

18-11-2024T10:35:45 - [TEST_STEP][PASSED] - if (x1.contains(dZO)): null

18-11-2024T10:35:45 - [TEST_STEP][PASSED] - dzoNum = dzoNum + 1: null

18-11-2024T10:35:45 - [TEST_STEP][PASSED] - Script1718980020443.Numbers(a, typeOfData, todaysDate, pageInt, fileInt, pageDouble, fileDouble, dZO, dzoNum, filialNum): null

18-11-2024T10:35:45 - [TEST_STEP][PASSED] - println(dzoNum): null

18-11-2024T10:35:45 - [TEST_STEP][PASSED] - planFact = <not implemented yet for class: org.codehaus.groovy.ast.expr.EmptyExpression>: null

18-11-2024T10:35:45 - [TEST_STEP][PASSED] - page = <not implemented yet for class: org.codehaus.groovy.ast.expr.EmptyExpression>: null

18-11-2024T10:35:45 - [TEST_STEP][PASSED] - page1 = <not implemented yet for class: org.codehaus.groovy.ast.expr.EmptyExpression>: null

18-11-2024T10:35:45 - [TEST_STEP][PASSED] - page2 = <not implemented yet for class: org.codehaus.groovy.ast.expr.EmptyExpression>: null

18-11-2024T10:35:45 - [TEST_STEP][PASSED] - filialNumberInRow = <not implemented yet for class: org.codehaus.groovy.ast.expr.EmptyExpression>: null

18-11-2024T10:35:45 - [TEST_STEP][PASSED] - filialsDzoNames = <not implemented yet for class: org.codehaus.groovy.ast.expr.EmptyExpression>: null

18-11-2024T10:35:45 - [TEST_STEP][PASSED] - numberOfFilials = <not implemented yet for class: org.codehaus.groovy.ast.expr.EmptyExpression>: null

18-11-2024T10:35:45 - [TEST_STEP][PASSED] - numberOfSpaces = <not implemented yet for class: org.codehaus.groovy.ast.expr.EmptyExpression>: null

18-11-2024T10:35:45 - [TEST_STEP][PASSED] - file = <not implemented yet for class: org.codehaus.groovy.ast.expr.EmptyExpression>: null

18-11-2024T10:35:45 - [TEST_STEP][PASSED] - otpusk = <not implemented yet for class: org.codehaus.groovy.ast.expr.EmptyExpression>: null

18-11-2024T10:35:45 - [TEST_STEP][PASSED] - poteri = <not implemented yet for class: org.codehaus.groovy.ast.expr.EmptyExpression>: null

18-11-2024T10:35:45 - [TEST_STEP][PASSED] - dataFolder = "Выполнение бизнес-плана/Значения со страницы Выполнение бизнес-плана/": null

18-11-2024T10:35:45 - [TEST_STEP][PASSED] - path = <not implemented yet for class: org.codehaus.groovy.ast.expr.EmptyExpression>: null

18-11-2024T10:35:45 - [TEST_STEP][PASSED] - typeOfDataMain = <not implemented yet for class: org.codehaus.groovy.ast.expr.EmptyExpression>: null

18-11-2024T10:35:45 - [TEST_STEP][PASSED] - fileOtpuskVSet = <not implemented yet for class: org.codehaus.groovy.ast.expr.EmptyExpression>: null

18-11-2024T10:35:45 - [TEST_STEP][PASSED] - pageOtpuskVSet = <not implemented yet for class: org.codehaus.groovy.ast.expr.EmptyExpression>: null

18-11-2024T10:35:45 - [TEST_STEP][PASSED] - filePoteri = <not implemented yet for class: org.codehaus.groovy.ast.expr.EmptyExpression>: null

18-11-2024T10:35:45 - [TEST_STEP][PASSED] - pagePoteri = <not implemented yet for class: org.codehaus.groovy.ast.expr.EmptyExpression>: null

18-11-2024T10:35:45 - [TEST_STEP][PASSED] - compare = <not implemented yet for class: org.codehaus.groovy.ast.expr.EmptyExpression>: null

18-11-2024T10:35:45 - [TEST_STEP][PASSED] - b = <not implemented yet for class: org.codehaus.groovy.ast.expr.EmptyExpression>: null

18-11-2024T10:35:45 - [TEST_STEP][PASSED] - i = <not implemented yet for class: org.codehaus.groovy.ast.expr.EmptyExpression>: null

18-11-2024T10:35:45 - [TEST_STEP][PASSED] - ii = <not implemented yet for class: org.codehaus.groovy.ast.expr.EmptyExpression>: null

18-11-2024T10:35:45 - [TEST_STEP][PASSED] - c = <not implemented yet for class: org.codehaus.groovy.ast.expr.EmptyExpression>: null

18-11-2024T10:35:45 - [TEST_STEP][PASSED] - numberOfErrors = 0: null

18-11-2024T10:35:45 - [TEST_STEP][PASSED] - if (a == 82): null

18-11-2024T10:35:45 - [TEST_STEP][PASSED] - b = findTestData("PlanFact").getValue(1, a): null

18-11-2024T10:35:45 - [TEST_STEP][PASSED] - i = b.indexOf(" (ГК)"): null

18-11-2024T10:35:45 - [TEST_STEP][PASSED] - if (i > -1): null

18-11-2024T10:35:45 - [TEST_STEP][PASSED] - i = b.indexOf("О ""): null

18-11-2024T10:35:45 - [TEST_STEP][PASSED] - if (i > -1): null

18-11-2024T10:35:45 - [TEST_STEP][PASSED] - i = b.indexOf("О «"): null

18-11-2024T10:35:45 - [TEST_STEP][PASSED] - if (i > -1): null

18-11-2024T10:35:45 - [TEST_STEP][PASSED] - i = b.indexOf("г. "): null

18-11-2024T10:35:45 - [TEST_STEP][PASSED] - if (i > -1): null

18-11-2024T10:35:45 - [TEST_STEP][PASSED] - println(b): null

18-11-2024T10:35:45 - [TEST_STEP][PASSED] - for ([planFact = 1, planFact < 3, (planFact++)]): Object: 'Object Repository/Выполнение бизнес-плана/Кнопка Факт' is clicked on

18-11-2024T10:35:45 - [TEST_STEP][PASSED] - if (planFact == 1): null

18-11-2024T10:35:45 - [TEST_STEP][PASSED] - typeOfDataMain = "Факт": null

18-11-2024T10:35:45 - [TEST_STEP][PASSED] - otpusk = findTestData("PlanFact").getValue(5, a): null

18-11-2024T10:35:45 - [TEST_STEP][PASSED] - poteri = findTestData("PlanFact").getValue(6, a): null

18-11-2024T10:35:45 - [TEST_STEP][PASSED] - otpusk = otpusk.replaceAll("\s+", ""): null

18-11-2024T10:35:45 - [TEST_STEP][PASSED] - poteri = poteri.replaceAll("\s+", ""): null

18-11-2024T10:35:45 - [TEST_STEP][PASSED] - typeOfData = typeOfDataMain + " Отпуск в сеть": null

18-11-2024T10:35:45 - [TEST_STEP][PASSED] - if (a == 82): null

18-11-2024T10:35:45 - [TEST_STEP][PASSED] - else if (a == 84): null

18-11-2024T10:35:45 - [TEST_STEP][PASSED] - else if (a == 52 || a == 72 || a == 28 || a == 73 || a == 77 || a == 74 || a == 65 || a == 36 || a == 44 || a == 53 || a == 80 || a == 54 || a == 1 || a == 18 || a == 59 || a == 81): null

18-11-2024T10:35:45 - [TEST_STEP][PASSED] - path = dataFolder + "Table Data/" + typeOfData + " за отчётный период " + dzoNum: null

18-11-2024T10:35:45 - [TEST_STEP][PASSED] - println(path): null

18-11-2024T10:35:45 - [TEST_STEP][PASSED] - page = getText(findTestObject(path)): Text of object 'Object Repository/Выполнение бизнес-плана/Значения со страницы Выполнение бизнес-плана/Table Data/Факт Отпуск в сеть за отчётный период 5' is: '39 079 081'

18-11-2024T10:35:45 - [MESSAGE][PASSED] - Text of object 'Object Repository/Выполнение бизнес-плана/Значения со страницы Выполнение бизнес-плана/Table Data/Факт Отпуск в сеть за отчётный период 5' is: '39 079 081'

18-11-2024T10:35:45 - [TEST_STEP][PASSED] - page = page.replaceAll("\s+", ""): null

18-11-2024T10:35:45 - [TEST_STEP][PASSED] - fileOtpuskVSet = otpusk.toInteger(): null

18-11-2024T10:35:45 - [TEST_STEP][PASSED] - pageOtpuskVSet = page.toInteger(): null

18-11-2024T10:35:45 - [TEST_STEP][PASSED] - typeOfData = typeOfDataMain + " Потери": null

18-11-2024T10:35:45 - [TEST_STEP][PASSED] - if (a == 82): null

18-11-2024T10:35:45 - [TEST_STEP][PASSED] - else if (a == 84): null

18-11-2024T10:35:45 - [TEST_STEP][PASSED] - else if (a == 52 || a == 72 || a == 28 || a == 73 || a == 77 || a == 74 || a == 65 || a == 36 || a == 44 || a == 53 || a == 80 || a == 54 || a == 1 || a == 18 || a == 59 || a == 81): null

18-11-2024T10:35:45 - [TEST_STEP][PASSED] - path = dataFolder + "Table Data/" + typeOfData + " за отчётный период " + dzoNum: null

18-11-2024T10:35:45 - [TEST_STEP][PASSED] - page = getText(findTestObject(path)): Text of object 'Object Repository/Выполнение бизнес-плана/Значения со страницы Выполнение бизнес-плана/Table Data/Факт Потери за отчётный период 5' is: '1 016 442'

18-11-2024T10:35:46 - [MESSAGE][PASSED] - Text of object 'Object Repository/Выполнение бизнес-плана/Значения со страницы Выполнение бизнес-плана/Table Data/Факт Потери за отчётный период 5' is: '1 016 442'

18-11-2024T10:35:46 - [TEST_STEP][PASSED] - page = page.replaceAll("\s+", ""): null

18-11-2024T10:35:46 - [TEST_STEP][PASSED] - filePoteri = poteri.toInteger(): null

18-11-2024T10:35:46 - [TEST_STEP][PASSED] - pagePoteri = page.toInteger(): null

18-11-2024T10:35:46 - [TEST_STEP][PASSED] - compare = pageOtpuskVSet: null

18-11-2024T10:35:46 - [TEST_STEP][PASSED] - if (compare == fileOtpuskVSet): null

18-11-2024T10:35:46 - [TEST_STEP][PASSED] - if (compare == fileOtpuskVSet): null

18-11-2024T10:35:46 - [TEST_STEP][PASSED] - compare = pagePoteri: null

18-11-2024T10:35:46 - [TEST_STEP][PASSED] - if (compare == filePoteri): null

18-11-2024T10:35:46 - [TEST_STEP][PASSED] - if (compare == filePoteri): null

18-11-2024T10:35:46 - [TEST_STEP][PASSED] - if (planFact == 2): null

18-11-2024T10:35:46 - [TEST_STEP][PASSED] - if (planFact == 1): null

18-11-2024T10:35:46 - [TEST_STEP][PASSED] - else if (planFact == 2): null

18-11-2024T10:35:46 - [TEST_STEP][PASSED] - click(findTestObject("Выполнение бизнес-плана/Кнопка План")): Object: 'Object Repository/Выполнение бизнес-плана/Кнопка План' is clicked on

18-11-2024T10:35:46 - [MESSAGE][PASSED] - Object: 'Object Repository/Выполнение бизнес-плана/Кнопка План' is clicked on

18-11-2024T10:35:46 - [TEST_STEP][PASSED] - typeOfDataMain = "План": null

18-11-2024T10:35:46 - [TEST_STEP][PASSED] - otpusk = findTestData("PlanFact").getValue(2, a): null

18-11-2024T10:35:46 - [TEST_STEP][PASSED] - poteri = findTestData("PlanFact").getValue(3, a): null

18-11-2024T10:35:46 - [TEST_STEP][PASSED] - otpusk = otpusk.replaceAll("\s+", ""): null

18-11-2024T10:35:46 - [TEST_STEP][PASSED] - poteri = poteri.replaceAll("\s+", ""): null

18-11-2024T10:35:46 - [TEST_STEP][PASSED] - typeOfData = typeOfDataMain + " Отпуск в сеть": null

18-11-2024T10:35:46 - [TEST_STEP][PASSED] - if (a == 82): null

18-11-2024T10:35:46 - [TEST_STEP][PASSED] - else if (a == 84): null

18-11-2024T10:35:46 - [TEST_STEP][PASSED] - else if (a == 52 || a == 72 || a == 28 || a == 73 || a == 77 || a == 74 || a == 65 || a == 36 || a == 44 || a == 53 || a == 80 || a == 54 || a == 1 || a == 18 || a == 59 || a == 81): null

18-11-2024T10:35:46 - [TEST_STEP][PASSED] - path = dataFolder + "Table Data/" + typeOfData + " за отчётный период " + dzoNum: null

18-11-2024T10:35:46 - [TEST_STEP][PASSED] - println(path): null

18-11-2024T10:35:46 - [TEST_STEP][PASSED] - page = getText(findTestObject(path)): Text of object 'Object Repository/Выполнение бизнес-плана/Значения со страницы Выполнение бизнес-плана/Table Data/План Отпуск в сеть за отчётный период 5' is: '40 452 567'

18-11-2024T10:35:46 - [MESSAGE][PASSED] - Text of object 'Object Repository/Выполнение бизнес-плана/Значения со страницы Выполнение бизнес-плана/Table Data/План Отпуск в сеть за отчётный период 5' is: '40 452 567'

18-11-2024T10:35:46 - [TEST_STEP][PASSED] - page = page.replaceAll("\s+", ""): null

18-11-2024T10:35:46 - [TEST_STEP][PASSED] - fileOtpuskVSet = otpusk.toInteger(): null

18-11-2024T10:35:46 - [TEST_STEP][PASSED] - pageOtpuskVSet = page.toInteger(): null

18-11-2024T10:35:46 - [TEST_STEP][PASSED] - typeOfData = typeOfDataMain + " Потери": null

18-11-2024T10:35:46 - [TEST_STEP][PASSED] - if (a == 82): null

18-11-2024T10:35:46 - [TEST_STEP][PASSED] - else if (a == 84): null

18-11-2024T10:35:46 - [TEST_STEP][PASSED] - else if (a == 52 || a == 72 || a == 28 || a == 73 || a == 77 || a == 74 || a == 65 || a == 36 || a == 44 || a == 53 || a == 80 || a == 54 || a == 1 || a == 18 || a == 59 || a == 81): null

18-11-2024T10:35:46 - [TEST_STEP][PASSED] - path = dataFolder + "Table Data/" + typeOfData + " за отчётный период " + dzoNum: null

18-11-2024T10:35:46 - [TEST_STEP][PASSED] - page = getText(findTestObject(path)): Text of object 'Object Repository/Выполнение бизнес-плана/Значения со страницы Выполнение бизнес-плана/Table Data/План Потери за отчётный период 5' is: '1 016 285'

18-11-2024T10:35:47 - [MESSAGE][PASSED] - Text of object 'Object Repository/Выполнение бизнес-плана/Значения со страницы Выполнение бизнес-плана/Table Data/План Потери за отчётный период 5' is: '1 016 285'

18-11-2024T10:35:47 - [TEST_STEP][PASSED] - page = page.replaceAll("\s+", ""): null

18-11-2024T10:35:47 - [TEST_STEP][PASSED] - filePoteri = poteri.toInteger(): null

18-11-2024T10:35:47 - [TEST_STEP][PASSED] - pagePoteri = page.toInteger(): null

18-11-2024T10:35:47 - [TEST_STEP][PASSED] - compare = pageOtpuskVSet: null

18-11-2024T10:35:47 - [TEST_STEP][PASSED] - if (compare == fileOtpuskVSet): null

18-11-2024T10:35:47 - [TEST_STEP][PASSED] - if (compare == fileOtpuskVSet): null

18-11-2024T10:35:47 - [TEST_STEP][PASSED] - compare = pagePoteri: null

18-11-2024T10:35:47 - [TEST_STEP][PASSED] - if (compare == filePoteri): null

18-11-2024T10:35:47 - [TEST_STEP][PASSED] - if (compare == filePoteri): null

18-11-2024T10:35:47 - [TEST_STEP][PASSED] - if (planFact == 2): Object: 'Object Repository/Выполнение бизнес-плана/Кнопка Факт' is clicked on

18-11-2024T10:35:47 - [TEST_STEP][PASSED] - click(findTestObject("Выполнение бизнес-плана/Кнопка Факт")): Object: 'Object Repository/Выполнение бизнес-плана/Кнопка Факт' is clicked on

18-11-2024T10:35:47 - [MESSAGE][PASSED] - Object: 'Object Repository/Выполнение бизнес-плана/Кнопка Факт' is clicked on

18-11-2024T10:35:47 - [TEST_STEP][PASSED] - if (a == 84 || a == 82): null

18-11-2024T10:35:47 - [TEST_STEP][PASSED] - else if (a == 52 || a == 72 || a == 28 || a == 73 || a == 77 || a == 74 || a == 65 || a == 36 || a == 44 || a == 53 || a == 80 || a == 54 || a == 1 || a == 18 || a == 59 || a == 81): null

18-11-2024T10:35:47 - [TEST_STEP][PASSED] - page1 = getText(findTestObject("Object Repository/Выполнение бизнес-плана/spanPlan" + dzoNum)): Text of object 'Object Repository/Выполнение бизнес-плана/spanPlan5' is: '2.51'

18-11-2024T10:35:47 - [MESSAGE][PASSED] - Text of object 'Object Repository/Выполнение бизнес-плана/spanPlan5' is: '2.51'

18-11-2024T10:35:47 - [TEST_STEP][PASSED] - page1 = page1.replace("|", ""): null

18-11-2024T10:35:47 - [TEST_STEP][PASSED] - page2 = getText(findTestObject("Object Repository/Выполнение бизнес-плана/spanFact" + dzoNum)): Text of object 'Object Repository/Выполнение бизнес-плана/spanFact5' is: '2.60
|'

18-11-2024T10:35:48 - [MESSAGE][PASSED] - Text of object 'Object Repository/Выполнение бизнес-плана/spanFact5' is: '2.60
|'

18-11-2024T10:35:48 - [TEST_STEP][PASSED] - page2 = page2.replace("|", ""): null

18-11-2024T10:35:48 - [TEST_STEP][PASSED] - println("page1: " + page1): null

18-11-2024T10:35:48 - [TEST_STEP][PASSED] - println("page2: " + page2): null

18-11-2024T10:35:48 - [TEST_STEP][PASSED] - file = findTestData("PlanFact").getValue(4, a): null

18-11-2024T10:35:48 - [TEST_STEP][PASSED] - file = file.replace(",", "."): null

18-11-2024T10:35:48 - [TEST_STEP][PASSED] - println("file Plan: " + file): null

18-11-2024T10:35:48 - [TEST_STEP][PASSED] - typeOfData = "План в процентах": null

18-11-2024T10:35:48 - [TEST_STEP][PASSED] - fileDouble = file.toDouble(): null

18-11-2024T10:35:48 - [TEST_STEP][PASSED] - pageDouble = page1.toDouble(): null

18-11-2024T10:35:48 - [TEST_STEP][PASSED] - if (fileDouble != pageDouble): null

18-11-2024T10:35:48 - [TEST_STEP][PASSED] - file = findTestData("PlanFact").getValue(7, a): null

18-11-2024T10:35:48 - [TEST_STEP][PASSED] - file = file.replace(",", "."): null

18-11-2024T10:35:48 - [TEST_STEP][PASSED] - println("file Fact: " + file): null

18-11-2024T10:35:48 - [TEST_STEP][PASSED] - fileDouble = file.toDouble(): null

18-11-2024T10:35:48 - [TEST_STEP][PASSED] - typeOfData = "Факт в процентах": null

18-11-2024T10:35:48 - [TEST_STEP][PASSED] - fileDouble = file.toDouble(): null

18-11-2024T10:35:48 - [TEST_STEP][PASSED] - pageDouble = page2.toDouble(): null

18-11-2024T10:35:48 - [TEST_STEP][PASSED] - if (fileDouble != pageDouble): null

18-11-2024T10:35:48 - [TEST_STEP][PASSED] - if (verifyEqual(numberOfErrors, 0) == false): Actual object '0' and expected object '0' are equal

18-11-2024T10:35:48 - [MESSAGE][PASSED] - Actual object '0' and expected object '0' are equal

18-11-2024T10:35:48 - [TEST_STEP][PASSED] - if (a == 82): null

18-11-2024T10:35:48 - [TEST_STEP][PASSED] - println(dzoNum): null

18-11-2024T10:35:48 - [TEST_STEP][PASSED] - dZO = "Россети Урал (ГК)": null

18-11-2024T10:35:48 - [TEST_STEP][PASSED] - a = 54: null

18-11-2024T10:35:48 - [TEST_STEP][PASSED] - if (x1.contains(dZO)): null

18-11-2024T10:35:48 - [TEST_STEP][PASSED] - else: null

18-11-2024T10:35:48 - [TEST_STEP][PASSED] - Script1718980020443.NoData(a, typeOfData, todaysDate, fileInt, fileDouble, dZO): null

18-11-2024T10:35:48 - [TEST_STEP][PASSED] - println(a): null

18-11-2024T10:35:48 - [TEST_STEP][PASSED] - println(todaysDate): null

18-11-2024T10:35:48 - [TEST_STEP][PASSED] - println(fileInt): null

18-11-2024T10:35:48 - [TEST_STEP][PASSED] - println(fileDouble): null

18-11-2024T10:35:48 - [TEST_STEP][PASSED] - println(dZO): null

18-11-2024T10:35:48 - [TEST_STEP][PASSED] - typeOfData = "Факт Отпуск в сеть": null

18-11-2024T10:35:48 - [TEST_STEP][PASSED] - fileInt = replaceAll("\s+", "").toInteger(): null

18-11-2024T10:35:48 - [TEST_STEP][PASSED] - Script1718980020443.WriteToExcelNoData(a, typeOfData, todaysDate, fileInt, fileDouble, dZO): null

18-11-2024T10:35:48 - [TEST_STEP][PASSED] - sheetName = "Sheet1": null

18-11-2024T10:35:48 - [TEST_STEP][PASSED] - data = findTestData("PlanFact"): null

18-11-2024T10:35:48 - [TEST_STEP][PASSED] - n = data.getRowNumbers() + 1: null

18-11-2024T10:35:48 - [TEST_STEP][PASSED] - year = todaysDate.substring(todaysDate.length() - 4, todaysDate.length()): null

18-11-2024T10:35:48 - [TEST_STEP][PASSED] - y = year.toInteger(): null

18-11-2024T10:35:48 - [TEST_STEP][PASSED] - m = getText(findTestObject("Выполнение бизнес-плана/Период")): Text of object 'Object Repository/Выполнение бизнес-плана/Период' is: '1, 2, 3 кв. 2024 года'

18-11-2024T10:35:48 - [MESSAGE][PASSED] - Text of object 'Object Repository/Выполнение бизнес-плана/Период' is: '1, 2, 3 кв. 2024 года'

18-11-2024T10:35:48 - [TEST_STEP][PASSED] - m = m.substring(0, m.indexOf("2024")): null

18-11-2024T10:35:48 - [TEST_STEP][PASSED] - m = m.trim(): null

18-11-2024T10:35:48 - [TEST_STEP][PASSED] - dashboardName = "Выполнение бизнес-плана": null

18-11-2024T10:35:48 - [TEST_STEP][PASSED] - workbook01 = getWorkbook(excelFilePath): null

18-11-2024T10:35:48 - [TEST_STEP][PASSED] - sheet01 = getExcelSheet(workbook01, sheetName): null

18-11-2024T10:35:48 - [TEST_STEP][PASSED] - setValueToCellByIndex(sheet01, n, 0, dashboardName): null

18-11-2024T10:35:48 - [TEST_STEP][PASSED] - setValueToCellByIndex(sheet01, n, 1, dZO): null

18-11-2024T10:35:48 - [TEST_STEP][PASSED] - setValueToCellByIndex(sheet01, n, 2, typeOfData): null

18-11-2024T10:35:48 - [TEST_STEP][PASSED] - if (typeOfData == "Факт в процентах" || typeOfData == "План в процентах"): null

18-11-2024T10:35:48 - [TEST_STEP][PASSED] - else: null

18-11-2024T10:35:48 - [TEST_STEP][PASSED] - setValueToCellByIndex(sheet01, n, 3, fileInt): null

18-11-2024T10:35:48 - [TEST_STEP][PASSED] - setValueToCellByIndex(sheet01, n, 4, "нет данных"): null

18-11-2024T10:35:48 - [TEST_STEP][PASSED] - setValueToCellByIndex(sheet01, n, 5, m): null

18-11-2024T10:35:48 - [TEST_STEP][PASSED] - setValueToCellByIndex(sheet01, n, 6, y): null

18-11-2024T10:35:48 - [TEST_STEP][PASSED] - setValueToCellByIndex(sheet01, n, 7, todaysDate): null

18-11-2024T10:35:48 - [TEST_STEP][PASSED] - n = n + 1: null

18-11-2024T10:35:48 - [TEST_STEP][PASSED] - saveWorkbook(excelFilePath, workbook01): null

18-11-2024T10:35:48 - [TEST_STEP][PASSED] - typeOfData = "Факт Потери": null

18-11-2024T10:35:48 - [TEST_STEP][PASSED] - fileInt = replaceAll("\s+", "").toInteger(): null

18-11-2024T10:35:49 - [TEST_STEP][PASSED] - Script1718980020443.WriteToExcelNoData(a, typeOfData, todaysDate, fileInt, fileDouble, dZO): null

18-11-2024T10:35:49 - [TEST_STEP][PASSED] - sheetName = "Sheet1": null

18-11-2024T10:35:49 - [TEST_STEP][PASSED] - data = findTestData("PlanFact"): null

18-11-2024T10:35:49 - [TEST_STEP][PASSED] - n = data.getRowNumbers() + 1: null

18-11-2024T10:35:49 - [TEST_STEP][PASSED] - year = todaysDate.substring(todaysDate.length() - 4, todaysDate.length()): null

18-11-2024T10:35:49 - [TEST_STEP][PASSED] - y = year.toInteger(): null

18-11-2024T10:35:49 - [TEST_STEP][PASSED] - m = getText(findTestObject("Выполнение бизнес-плана/Период")): Text of object 'Object Repository/Выполнение бизнес-плана/Период' is: '1, 2, 3 кв. 2024 года'

18-11-2024T10:35:49 - [MESSAGE][PASSED] - Text of object 'Object Repository/Выполнение бизнес-плана/Период' is: '1, 2, 3 кв. 2024 года'

18-11-2024T10:35:49 - [TEST_STEP][PASSED] - m = m.substring(0, m.indexOf("2024")): null

18-11-2024T10:35:49 - [TEST_STEP][PASSED] - m = m.trim(): null

18-11-2024T10:35:49 - [TEST_STEP][PASSED] - dashboardName = "Выполнение бизнес-плана": null

18-11-2024T10:35:49 - [TEST_STEP][PASSED] - workbook01 = getWorkbook(excelFilePath): null

18-11-2024T10:35:49 - [TEST_STEP][PASSED] - sheet01 = getExcelSheet(workbook01, sheetName): null

18-11-2024T10:35:49 - [TEST_STEP][PASSED] - setValueToCellByIndex(sheet01, n, 0, dashboardName): null

18-11-2024T10:35:49 - [TEST_STEP][PASSED] - setValueToCellByIndex(sheet01, n, 1, dZO): null

18-11-2024T10:35:49 - [TEST_STEP][PASSED] - setValueToCellByIndex(sheet01, n, 2, typeOfData): null

18-11-2024T10:35:49 - [TEST_STEP][PASSED] - if (typeOfData == "Факт в процентах" || typeOfData == "План в процентах"): null

18-11-2024T10:35:49 - [TEST_STEP][PASSED] - else: null

18-11-2024T10:35:49 - [TEST_STEP][PASSED] - setValueToCellByIndex(sheet01, n, 3, fileInt): null

18-11-2024T10:35:49 - [TEST_STEP][PASSED] - setValueToCellByIndex(sheet01, n, 4, "нет данных"): null

18-11-2024T10:35:49 - [TEST_STEP][PASSED] - setValueToCellByIndex(sheet01, n, 5, m): null

18-11-2024T10:35:49 - [TEST_STEP][PASSED] - setValueToCellByIndex(sheet01, n, 6, y): null

18-11-2024T10:35:49 - [TEST_STEP][PASSED] - setValueToCellByIndex(sheet01, n, 7, todaysDate): null

18-11-2024T10:35:49 - [TEST_STEP][PASSED] - n = n + 1: null

18-11-2024T10:35:49 - [TEST_STEP][PASSED] - saveWorkbook(excelFilePath, workbook01): null

18-11-2024T10:35:49 - [TEST_STEP][PASSED] - typeOfData = "План Отпуск в сеть": null

18-11-2024T10:35:49 - [TEST_STEP][PASSED] - fileInt = replaceAll("\s+", "").toInteger(): null

18-11-2024T10:35:49 - [TEST_STEP][PASSED] - Script1718980020443.WriteToExcelNoData(a, typeOfData, todaysDate, fileInt, fileDouble, dZO): null

18-11-2024T10:35:49 - [TEST_STEP][PASSED] - sheetName = "Sheet1": null

18-11-2024T10:35:49 - [TEST_STEP][PASSED] - data = findTestData("PlanFact"): null

18-11-2024T10:35:49 - [TEST_STEP][PASSED] - n = data.getRowNumbers() + 1: null

18-11-2024T10:35:49 - [TEST_STEP][PASSED] - year = todaysDate.substring(todaysDate.length() - 4, todaysDate.length()): null

18-11-2024T10:35:49 - [TEST_STEP][PASSED] - y = year.toInteger(): null

18-11-2024T10:35:49 - [TEST_STEP][PASSED] - m = getText(findTestObject("Выполнение бизнес-плана/Период")): Text of object 'Object Repository/Выполнение бизнес-плана/Период' is: '1, 2, 3 кв. 2024 года'

18-11-2024T10:35:50 - [MESSAGE][PASSED] - Text of object 'Object Repository/Выполнение бизнес-плана/Период' is: '1, 2, 3 кв. 2024 года'

18-11-2024T10:35:50 - [TEST_STEP][PASSED] - m = m.substring(0, m.indexOf("2024")): null

18-11-2024T10:35:50 - [TEST_STEP][PASSED] - m = m.trim(): null

18-11-2024T10:35:50 - [TEST_STEP][PASSED] - dashboardName = "Выполнение бизнес-плана": null

18-11-2024T10:35:50 - [TEST_STEP][PASSED] - workbook01 = getWorkbook(excelFilePath): null

18-11-2024T10:35:50 - [TEST_STEP][PASSED] - sheet01 = getExcelSheet(workbook01, sheetName): null

18-11-2024T10:35:50 - [TEST_STEP][PASSED] - setValueToCellByIndex(sheet01, n, 0, dashboardName): null

18-11-2024T10:35:50 - [TEST_STEP][PASSED] - setValueToCellByIndex(sheet01, n, 1, dZO): null

18-11-2024T10:35:50 - [TEST_STEP][PASSED] - setValueToCellByIndex(sheet01, n, 2, typeOfData): null

18-11-2024T10:35:50 - [TEST_STEP][PASSED] - if (typeOfData == "Факт в процентах" || typeOfData == "План в процентах"): null

18-11-2024T10:35:50 - [TEST_STEP][PASSED] - else: null

18-11-2024T10:35:50 - [TEST_STEP][PASSED] - setValueToCellByIndex(sheet01, n, 3, fileInt): null

18-11-2024T10:35:50 - [TEST_STEP][PASSED] - setValueToCellByIndex(sheet01, n, 4, "нет данных"): null

18-11-2024T10:35:50 - [TEST_STEP][PASSED] - setValueToCellByIndex(sheet01, n, 5, m): null

18-11-2024T10:35:50 - [TEST_STEP][PASSED] - setValueToCellByIndex(sheet01, n, 6, y): null

18-11-2024T10:35:50 - [TEST_STEP][PASSED] - setValueToCellByIndex(sheet01, n, 7, todaysDate): null

18-11-2024T10:35:50 - [TEST_STEP][PASSED] - n = n + 1: null

18-11-2024T10:35:50 - [TEST_STEP][PASSED] - saveWorkbook(excelFilePath, workbook01): null

18-11-2024T10:35:50 - [TEST_STEP][PASSED] - typeOfData = "План Потери": null

18-11-2024T10:35:50 - [TEST_STEP][PASSED] - fileInt = replaceAll("\s+", "").toInteger(): null

18-11-2024T10:35:50 - [TEST_STEP][PASSED] - Script1718980020443.WriteToExcelNoData(a, typeOfData, todaysDate, fileInt, fileDouble, dZO): null

18-11-2024T10:35:50 - [TEST_STEP][PASSED] - sheetName = "Sheet1": null

18-11-2024T10:35:50 - [TEST_STEP][PASSED] - data = findTestData("PlanFact"): null

18-11-2024T10:35:50 - [TEST_STEP][PASSED] - n = data.getRowNumbers() + 1: null

18-11-2024T10:35:50 - [TEST_STEP][PASSED] - year = todaysDate.substring(todaysDate.length() - 4, todaysDate.length()): null

18-11-2024T10:35:50 - [TEST_STEP][PASSED] - y = year.toInteger(): null

18-11-2024T10:35:50 - [TEST_STEP][PASSED] - m = getText(findTestObject("Выполнение бизнес-плана/Период")): Text of object 'Object Repository/Выполнение бизнес-плана/Период' is: '1, 2, 3 кв. 2024 года'

18-11-2024T10:35:50 - [MESSAGE][PASSED] - Text of object 'Object Repository/Выполнение бизнес-плана/Период' is: '1, 2, 3 кв. 2024 года'

18-11-2024T10:35:50 - [TEST_STEP][PASSED] - m = m.substring(0, m.indexOf("2024")): null

18-11-2024T10:35:50 - [TEST_STEP][PASSED] - m = m.trim(): null

18-11-2024T10:35:50 - [TEST_STEP][PASSED] - dashboardName = "Выполнение бизнес-плана": null

18-11-2024T10:35:50 - [TEST_STEP][PASSED] - workbook01 = getWorkbook(excelFilePath): null

18-11-2024T10:35:50 - [TEST_STEP][PASSED] - sheet01 = getExcelSheet(workbook01, sheetName): null

18-11-2024T10:35:50 - [TEST_STEP][PASSED] - setValueToCellByIndex(sheet01, n, 0, dashboardName): null

18-11-2024T10:35:50 - [TEST_STEP][PASSED] - setValueToCellByIndex(sheet01, n, 1, dZO): null

18-11-2024T10:35:50 - [TEST_STEP][PASSED] - setValueToCellByIndex(sheet01, n, 2, typeOfData): null

18-11-2024T10:35:50 - [TEST_STEP][PASSED] - if (typeOfData == "Факт в процентах" || typeOfData == "План в процентах"): null

18-11-2024T10:35:50 - [TEST_STEP][PASSED] - else: null

18-11-2024T10:35:50 - [TEST_STEP][PASSED] - setValueToCellByIndex(sheet01, n, 3, fileInt): null

18-11-2024T10:35:50 - [TEST_STEP][PASSED] - setValueToCellByIndex(sheet01, n, 4, "нет данных"): null

18-11-2024T10:35:50 - [TEST_STEP][PASSED] - setValueToCellByIndex(sheet01, n, 5, m): null

18-11-2024T10:35:50 - [TEST_STEP][PASSED] - setValueToCellByIndex(sheet01, n, 6, y): null

18-11-2024T10:35:50 - [TEST_STEP][PASSED] - setValueToCellByIndex(sheet01, n, 7, todaysDate): null

18-11-2024T10:35:50 - [TEST_STEP][PASSED] - n = n + 1: null

18-11-2024T10:35:50 - [TEST_STEP][PASSED] - saveWorkbook(excelFilePath, workbook01): null

18-11-2024T10:35:50 - [TEST_STEP][PASSED] - typeOfData = "План в процентах": null

18-11-2024T10:35:50 - [TEST_STEP][PASSED] - fileDouble = ").toDouble(): null

18-11-2024T10:35:51 - [TEST_STEP][PASSED] - Script1718980020443.WriteToExcelNoData(a, typeOfData, todaysDate, fileInt, fileDouble, dZO): null

18-11-2024T10:35:51 - [TEST_STEP][PASSED] - sheetName = "Sheet1": null

18-11-2024T10:35:51 - [TEST_STEP][PASSED] - data = findTestData("PlanFact"): null

18-11-2024T10:35:51 - [TEST_STEP][PASSED] - n = data.getRowNumbers() + 1: null

18-11-2024T10:35:51 - [TEST_STEP][PASSED] - year = todaysDate.substring(todaysDate.length() - 4, todaysDate.length()): null

18-11-2024T10:35:51 - [TEST_STEP][PASSED] - y = year.toInteger(): null

18-11-2024T10:35:51 - [TEST_STEP][PASSED] - m = getText(findTestObject("Выполнение бизнес-плана/Период")): Text of object 'Object Repository/Выполнение бизнес-плана/Период' is: '1, 2, 3 кв. 2024 года'

18-11-2024T10:35:51 - [MESSAGE][PASSED] - Text of object 'Object Repository/Выполнение бизнес-плана/Период' is: '1, 2, 3 кв. 2024 года'

18-11-2024T10:35:51 - [TEST_STEP][PASSED] - m = m.substring(0, m.indexOf("2024")): null

18-11-2024T10:35:51 - [TEST_STEP][PASSED] - m = m.trim(): null

18-11-2024T10:35:51 - [TEST_STEP][PASSED] - dashboardName = "Выполнение бизнес-плана": null

18-11-2024T10:35:51 - [TEST_STEP][PASSED] - workbook01 = getWorkbook(excelFilePath): null

18-11-2024T10:35:51 - [TEST_STEP][PASSED] - sheet01 = getExcelSheet(workbook01, sheetName): null

18-11-2024T10:35:51 - [TEST_STEP][PASSED] - setValueToCellByIndex(sheet01, n, 0, dashboardName): null

18-11-2024T10:35:51 - [TEST_STEP][PASSED] - setValueToCellByIndex(sheet01, n, 1, dZO): null

18-11-2024T10:35:51 - [TEST_STEP][PASSED] - setValueToCellByIndex(sheet01, n, 2, typeOfData): null

18-11-2024T10:35:51 - [TEST_STEP][PASSED] - if (typeOfData == "Факт в процентах" || typeOfData == "План в процентах"): null

18-11-2024T10:35:51 - [TEST_STEP][PASSED] - setValueToCellByIndex(sheet01, n, 3, fileDouble): null

18-11-2024T10:35:51 - [TEST_STEP][PASSED] - setValueToCellByIndex(sheet01, n, 4, "нет данных"): null

18-11-2024T10:35:51 - [TEST_STEP][PASSED] - setValueToCellByIndex(sheet01, n, 5, m): null

18-11-2024T10:35:51 - [TEST_STEP][PASSED] - setValueToCellByIndex(sheet01, n, 6, y): null

18-11-2024T10:35:51 - [TEST_STEP][PASSED] - setValueToCellByIndex(sheet01, n, 7, todaysDate): null

18-11-2024T10:35:51 - [TEST_STEP][PASSED] - n = n + 1: null

18-11-2024T10:35:51 - [TEST_STEP][PASSED] - saveWorkbook(excelFilePath, workbook01): null

18-11-2024T10:35:51 - [TEST_STEP][PASSED] - typeOfData = "Факт в процентах": null

18-11-2024T10:35:51 - [TEST_STEP][PASSED] - fileDouble = ").toDouble(): null

18-11-2024T10:35:51 - [TEST_STEP][PASSED] - Script1718980020443.WriteToExcelNoData(a, typeOfData, todaysDate, fileInt, fileDouble, dZO): null

18-11-2024T10:35:51 - [TEST_STEP][PASSED] - sheetName = "Sheet1": null

18-11-2024T10:35:51 - [TEST_STEP][PASSED] - data = findTestData("PlanFact"): null

18-11-2024T10:35:51 - [TEST_STEP][PASSED] - n = data.getRowNumbers() + 1: null

18-11-2024T10:35:51 - [TEST_STEP][PASSED] - year = todaysDate.substring(todaysDate.length() - 4, todaysDate.length()): null

18-11-2024T10:35:51 - [TEST_STEP][PASSED] - y = year.toInteger(): null

18-11-2024T10:35:51 - [TEST_STEP][PASSED] - m = getText(findTestObject("Выполнение бизнес-плана/Период")): Text of object 'Object Repository/Выполнение бизнес-плана/Период' is: '1, 2, 3 кв. 2024 года'

18-11-2024T10:35:52 - [MESSAGE][PASSED] - Text of object 'Object Repository/Выполнение бизнес-плана/Период' is: '1, 2, 3 кв. 2024 года'

18-11-2024T10:35:52 - [TEST_STEP][PASSED] - m = m.substring(0, m.indexOf("2024")): null

18-11-2024T10:35:52 - [TEST_STEP][PASSED] - m = m.trim(): null

18-11-2024T10:35:52 - [TEST_STEP][PASSED] - dashboardName = "Выполнение бизнес-плана": null

18-11-2024T10:35:52 - [TEST_STEP][PASSED] - workbook01 = getWorkbook(excelFilePath): null

18-11-2024T10:35:52 - [TEST_STEP][PASSED] - sheet01 = getExcelSheet(workbook01, sheetName): null

18-11-2024T10:35:52 - [TEST_STEP][PASSED] - setValueToCellByIndex(sheet01, n, 0, dashboardName): null

18-11-2024T10:35:52 - [TEST_STEP][PASSED] - setValueToCellByIndex(sheet01, n, 1, dZO): null

18-11-2024T10:35:52 - [TEST_STEP][PASSED] - setValueToCellByIndex(sheet01, n, 2, typeOfData): null

18-11-2024T10:35:52 - [TEST_STEP][PASSED] - if (typeOfData == "Факт в процентах" || typeOfData == "План в процентах"): null

18-11-2024T10:35:52 - [TEST_STEP][PASSED] - setValueToCellByIndex(sheet01, n, 3, fileDouble): null

18-11-2024T10:35:52 - [TEST_STEP][PASSED] - setValueToCellByIndex(sheet01, n, 4, "нет данных"): null

18-11-2024T10:35:52 - [TEST_STEP][PASSED] - setValueToCellByIndex(sheet01, n, 5, m): null

18-11-2024T10:35:52 - [TEST_STEP][PASSED] - setValueToCellByIndex(sheet01, n, 6, y): null

18-11-2024T10:35:52 - [TEST_STEP][PASSED] - setValueToCellByIndex(sheet01, n, 7, todaysDate): null

18-11-2024T10:35:52 - [TEST_STEP][PASSED] - n = n + 1: null

18-11-2024T10:35:52 - [TEST_STEP][PASSED] - saveWorkbook(excelFilePath, workbook01): null

18-11-2024T10:35:52 - [TEST_STEP][PASSED] - println(dzoNum): null

18-11-2024T10:35:52 - [TEST_STEP][PASSED] - dZO = "Россети Центр (ГК)": null

18-11-2024T10:35:52 - [TEST_STEP][PASSED] - a = 1: null

18-11-2024T10:35:52 - [TEST_STEP][PASSED] - if (x1.contains(dZO)): null

18-11-2024T10:35:52 - [TEST_STEP][PASSED] - dzoNum = dzoNum + 1: null

18-11-2024T10:35:52 - [TEST_STEP][PASSED] - Script1718980020443.Numbers(a, typeOfData, todaysDate, pageInt, fileInt, pageDouble, fileDouble, dZO, dzoNum, filialNum): null

18-11-2024T10:35:52 - [TEST_STEP][PASSED] - println(dzoNum): null

18-11-2024T10:35:52 - [TEST_STEP][PASSED] - planFact = <not implemented yet for class: org.codehaus.groovy.ast.expr.EmptyExpression>: null

18-11-2024T10:35:52 - [TEST_STEP][PASSED] - page = <not implemented yet for class: org.codehaus.groovy.ast.expr.EmptyExpression>: null

18-11-2024T10:35:52 - [TEST_STEP][PASSED] - page1 = <not implemented yet for class: org.codehaus.groovy.ast.expr.EmptyExpression>: null

18-11-2024T10:35:52 - [TEST_STEP][PASSED] - page2 = <not implemented yet for class: org.codehaus.groovy.ast.expr.EmptyExpression>: null

18-11-2024T10:35:52 - [TEST_STEP][PASSED] - filialNumberInRow = <not implemented yet for class: org.codehaus.groovy.ast.expr.EmptyExpression>: null

18-11-2024T10:35:52 - [TEST_STEP][PASSED] - filialsDzoNames = <not implemented yet for class: org.codehaus.groovy.ast.expr.EmptyExpression>: null

18-11-2024T10:35:52 - [TEST_STEP][PASSED] - numberOfFilials = <not implemented yet for class: org.codehaus.groovy.ast.expr.EmptyExpression>: null

18-11-2024T10:35:52 - [TEST_STEP][PASSED] - numberOfSpaces = <not implemented yet for class: org.codehaus.groovy.ast.expr.EmptyExpression>: null

18-11-2024T10:35:52 - [TEST_STEP][PASSED] - file = <not implemented yet for class: org.codehaus.groovy.ast.expr.EmptyExpression>: null

18-11-2024T10:35:52 - [TEST_STEP][PASSED] - otpusk = <not implemented yet for class: org.codehaus.groovy.ast.expr.EmptyExpression>: null

18-11-2024T10:35:52 - [TEST_STEP][PASSED] - poteri = <not implemented yet for class: org.codehaus.groovy.ast.expr.EmptyExpression>: null

18-11-2024T10:35:52 - [TEST_STEP][PASSED] - dataFolder = "Выполнение бизнес-плана/Значения со страницы Выполнение бизнес-плана/": null

18-11-2024T10:35:52 - [TEST_STEP][PASSED] - path = <not implemented yet for class: org.codehaus.groovy.ast.expr.EmptyExpression>: null

18-11-2024T10:35:52 - [TEST_STEP][PASSED] - typeOfDataMain = <not implemented yet for class: org.codehaus.groovy.ast.expr.EmptyExpression>: null

18-11-2024T10:35:52 - [TEST_STEP][PASSED] - fileOtpuskVSet = <not implemented yet for class: org.codehaus.groovy.ast.expr.EmptyExpression>: null

18-11-2024T10:35:52 - [TEST_STEP][PASSED] - pageOtpuskVSet = <not implemented yet for class: org.codehaus.groovy.ast.expr.EmptyExpression>: null

18-11-2024T10:35:52 - [TEST_STEP][PASSED] - filePoteri = <not implemented yet for class: org.codehaus.groovy.ast.expr.EmptyExpression>: null

18-11-2024T10:35:52 - [TEST_STEP][PASSED] - pagePoteri = <not implemented yet for class: org.codehaus.groovy.ast.expr.EmptyExpression>: null

18-11-2024T10:35:52 - [TEST_STEP][PASSED] - compare = <not implemented yet for class: org.codehaus.groovy.ast.expr.EmptyExpression>: null

18-11-2024T10:35:52 - [TEST_STEP][PASSED] - b = <not implemented yet for class: org.codehaus.groovy.ast.expr.EmptyExpression>: null

18-11-2024T10:35:52 - [TEST_STEP][PASSED] - i = <not implemented yet for class: org.codehaus.groovy.ast.expr.EmptyExpression>: null

18-11-2024T10:35:52 - [TEST_STEP][PASSED] - ii = <not implemented yet for class: org.codehaus.groovy.ast.expr.EmptyExpression>: null

18-11-2024T10:35:52 - [TEST_STEP][PASSED] - c = <not implemented yet for class: org.codehaus.groovy.ast.expr.EmptyExpression>: null

18-11-2024T10:35:52 - [TEST_STEP][PASSED] - numberOfErrors = 0: null

18-11-2024T10:35:52 - [TEST_STEP][PASSED] - if (a == 82): null

18-11-2024T10:35:52 - [TEST_STEP][PASSED] - b = findTestData("PlanFact").getValue(1, a): null

18-11-2024T10:35:52 - [TEST_STEP][PASSED] - i = b.indexOf(" (ГК)"): null

18-11-2024T10:35:52 - [TEST_STEP][PASSED] - if (i > -1): null

18-11-2024T10:35:52 - [TEST_STEP][PASSED] - b = b.substring(0, i): null

18-11-2024T10:35:52 - [TEST_STEP][PASSED] - b = b.trim(): null

18-11-2024T10:35:52 - [TEST_STEP][PASSED] - i = b.indexOf("О ""): null

18-11-2024T10:35:52 - [TEST_STEP][PASSED] - if (i > -1): null

18-11-2024T10:35:52 - [TEST_STEP][PASSED] - i = b.indexOf("О «"): null

18-11-2024T10:35:52 - [TEST_STEP][PASSED] - if (i > -1): null

18-11-2024T10:35:52 - [TEST_STEP][PASSED] - i = b.indexOf("г. "): null

18-11-2024T10:35:52 - [TEST_STEP][PASSED] - if (i > -1): null

18-11-2024T10:35:52 - [TEST_STEP][PASSED] - println(b): null

18-11-2024T10:35:52 - [TEST_STEP][PASSED] - for ([planFact = 1, planFact < 3, (planFact++)]): null

18-11-2024T10:35:52 - [TEST_STEP][PASSED] - if (planFact == 1): null

18-11-2024T10:35:52 - [TEST_STEP][PASSED] - typeOfDataMain = "Факт": null

18-11-2024T10:35:52 - [TEST_STEP][PASSED] - otpusk = findTestData("PlanFact").getValue(5, a): null

18-11-2024T10:35:52 - [TEST_STEP][PASSED] - poteri = findTestData("PlanFact").getValue(6, a): null

18-11-2024T10:35:52 - [TEST_STEP][PASSED] - otpusk = otpusk.replaceAll("\s+", ""): null

18-11-2024T10:35:52 - [TEST_STEP][PASSED] - poteri = poteri.replaceAll("\s+", ""): null

18-11-2024T10:35:52 - [TEST_STEP][PASSED] - typeOfData = typeOfDataMain + " Отпуск в сеть": null

18-11-2024T10:35:52 - [TEST_STEP][PASSED] - if (a == 82): null

18-11-2024T10:35:52 - [TEST_STEP][PASSED] - else if (a == 84): null

18-11-2024T10:35:52 - [TEST_STEP][PASSED] - else if (a == 52 || a == 72 || a == 28 || a == 73 || a == 77 || a == 74 || a == 65 || a == 36 || a == 44 || a == 53 || a == 80 || a == 54 || a == 1 || a == 18 || a == 59 || a == 81): null

18-11-2024T10:35:52 - [TEST_STEP][PASSED] - path = dataFolder + "Table Data/" + typeOfData + " за отчётный период " + dzoNum: null

18-11-2024T10:35:52 - [TEST_STEP][PASSED] - println(path): null

18-11-2024T10:35:52 - [TEST_STEP][PASSED] - page = getText(findTestObject(path)): Text of object 'Object Repository/Выполнение бизнес-плана/Значения со страницы Выполнение бизнес-плана/Table Data/Факт Отпуск в сеть за отчётный период 6' is: '44 371 600'

18-11-2024T10:35:52 - [MESSAGE][PASSED] - Text of object 'Object Repository/Выполнение бизнес-плана/Значения со страницы Выполнение бизнес-плана/Table Data/Факт Отпуск в сеть за отчётный период 6' is: '44 371 600'

18-11-2024T10:35:52 - [TEST_STEP][PASSED] - page = page.replaceAll("\s+", ""): null

18-11-2024T10:35:52 - [TEST_STEP][PASSED] - fileOtpuskVSet = otpusk.toInteger(): null

18-11-2024T10:35:52 - [TEST_STEP][PASSED] - pageOtpuskVSet = page.toInteger(): null

18-11-2024T10:35:52 - [TEST_STEP][PASSED] - typeOfData = typeOfDataMain + " Потери": null

18-11-2024T10:35:52 - [TEST_STEP][PASSED] - if (a == 82): null

18-11-2024T10:35:52 - [TEST_STEP][PASSED] - else if (a == 84): null

18-11-2024T10:35:52 - [TEST_STEP][PASSED] - else if (a == 52 || a == 72 || a == 28 || a == 73 || a == 77 || a == 74 || a == 65 || a == 36 || a == 44 || a == 53 || a == 80 || a == 54 || a == 1 || a == 18 || a == 59 || a == 81): null

18-11-2024T10:35:52 - [TEST_STEP][PASSED] - path = dataFolder + "Table Data/" + typeOfData + " за отчётный период " + dzoNum: null

18-11-2024T10:35:52 - [TEST_STEP][PASSED] - page = getText(findTestObject(path)): Text of object 'Object Repository/Выполнение бизнес-плана/Значения со страницы Выполнение бизнес-плана/Table Data/Факт Потери за отчётный период 6' is: '4 205 240'

18-11-2024T10:35:53 - [MESSAGE][PASSED] - Text of object 'Object Repository/Выполнение бизнес-плана/Значения со страницы Выполнение бизнес-плана/Table Data/Факт Потери за отчётный период 6' is: '4 205 240'

18-11-2024T10:35:53 - [TEST_STEP][PASSED] - page = page.replaceAll("\s+", ""): null

18-11-2024T10:35:53 - [TEST_STEP][PASSED] - filePoteri = poteri.toInteger(): null

18-11-2024T10:35:53 - [TEST_STEP][PASSED] - pagePoteri = page.toInteger(): null

18-11-2024T10:35:53 - [TEST_STEP][PASSED] - compare = pageOtpuskVSet: null

18-11-2024T10:35:53 - [TEST_STEP][PASSED] - if (compare == fileOtpuskVSet): null

18-11-2024T10:35:53 - [TEST_STEP][PASSED] - else if (compare > fileOtpuskVSet): null

18-11-2024T10:35:53 - [TEST_STEP][PASSED] - else if (compare < fileOtpuskVSet): null

18-11-2024T10:35:53 - [TEST_STEP][PASSED] - compare = compare + 1: null

18-11-2024T10:35:53 - [TEST_STEP][PASSED] - if (compare == fileOtpuskVSet): null

18-11-2024T10:35:53 - [TEST_STEP][PASSED] - else: null

18-11-2024T10:35:53 - [TEST_STEP][PASSED] - numberOfErrors = numberOfErrors + 1: null

18-11-2024T10:35:53 - [TEST_STEP][PASSED] - pageInt = pageOtpuskVSet: null

18-11-2024T10:35:53 - [TEST_STEP][PASSED] - fileInt = fileOtpuskVSet: null

18-11-2024T10:35:53 - [TEST_STEP][PASSED] - typeOfData = typeOfDataMain + " Отпуск в сеть": null

18-11-2024T10:35:53 - [TEST_STEP][PASSED] - Script1718980020443.WriteToExcel(a, typeOfData, todaysDate, pageInt, fileInt, pageDouble, fileDouble, dZO): null

18-11-2024T10:35:53 - [TEST_STEP][PASSED] - sheetName = "Sheet1": null

18-11-2024T10:35:53 - [TEST_STEP][PASSED] - data = findTestData("PlanFact"): null

18-11-2024T10:35:53 - [TEST_STEP][PASSED] - n = data.getRowNumbers() + 1: null

18-11-2024T10:35:53 - [TEST_STEP][PASSED] - year = todaysDate.substring(todaysDate.length() - 4, todaysDate.length()): null

18-11-2024T10:35:53 - [TEST_STEP][PASSED] - y = year.toInteger(): null

18-11-2024T10:35:53 - [TEST_STEP][PASSED] - m = getText(findTestObject("Выполнение бизнес-плана/Период")): Text of object 'Object Repository/Выполнение бизнес-плана/Период' is: '1, 2, 3 кв. 2024 года'

18-11-2024T10:35:53 - [MESSAGE][PASSED] - Text of object 'Object Repository/Выполнение бизнес-плана/Период' is: '1, 2, 3 кв. 2024 года'

18-11-2024T10:35:53 - [TEST_STEP][PASSED] - m = m.substring(0, m.indexOf("2024")): null

18-11-2024T10:35:53 - [TEST_STEP][PASSED] - m = m.trim(): null

18-11-2024T10:35:53 - [TEST_STEP][PASSED] - dashboardName = "Выполнение бизнес-плана": null

18-11-2024T10:35:53 - [TEST_STEP][PASSED] - workbook01 = getWorkbook(excelFilePath): null

18-11-2024T10:35:53 - [TEST_STEP][PASSED] - sheet01 = getExcelSheet(workbook01, sheetName): null

18-11-2024T10:35:53 - [TEST_STEP][PASSED] - setValueToCellByIndex(sheet01, n, 0, dashboardName): null

18-11-2024T10:35:53 - [TEST_STEP][PASSED] - setValueToCellByIndex(sheet01, n, 1, dZO): null

18-11-2024T10:35:53 - [TEST_STEP][PASSED] - setValueToCellByIndex(sheet01, n, 2, typeOfData): null

18-11-2024T10:35:53 - [TEST_STEP][PASSED] - if (typeOfData == "Факт в процентах" || typeOfData == "План в процентах"): null

18-11-2024T10:35:53 - [TEST_STEP][PASSED] - else: null

18-11-2024T10:35:53 - [TEST_STEP][PASSED] - setValueToCellByIndex(sheet01, n, 3, fileInt): null

18-11-2024T10:35:53 - [TEST_STEP][PASSED] - setValueToCellByIndex(sheet01, n, 4, pageInt): null

18-11-2024T10:35:53 - [TEST_STEP][PASSED] - setValueToCellByIndex(sheet01, n, 5, m): null

18-11-2024T10:35:53 - [TEST_STEP][PASSED] - setValueToCellByIndex(sheet01, n, 6, y): null

18-11-2024T10:35:53 - [TEST_STEP][PASSED] - setValueToCellByIndex(sheet01, n, 7, todaysDate): null

18-11-2024T10:35:53 - [TEST_STEP][PASSED] - n = n + 1: null

18-11-2024T10:35:53 - [TEST_STEP][PASSED] - saveWorkbook(excelFilePath, workbook01): null

18-11-2024T10:35:53 - [TEST_STEP][PASSED] - compare = pagePoteri: null

18-11-2024T10:35:53 - [TEST_STEP][PASSED] - if (compare == filePoteri): null

18-11-2024T10:35:53 - [TEST_STEP][PASSED] - else if (compare > filePoteri): null

18-11-2024T10:35:53 - [TEST_STEP][PASSED] - else if (compare < filePoteri): null

18-11-2024T10:35:53 - [TEST_STEP][PASSED] - compare = compare + 1: null

18-11-2024T10:35:53 - [TEST_STEP][PASSED] - if (compare == filePoteri): null

18-11-2024T10:35:53 - [TEST_STEP][PASSED] - else: null

18-11-2024T10:35:53 - [TEST_STEP][PASSED] - numberOfErrors = numberOfErrors + 1: null

18-11-2024T10:35:53 - [TEST_STEP][PASSED] - pageInt = pagePoteri: null

18-11-2024T10:35:53 - [TEST_STEP][PASSED] - fileInt = filePoteri: null

18-11-2024T10:35:53 - [TEST_STEP][PASSED] - typeOfData = typeOfDataMain + " Потери": null

18-11-2024T10:35:53 - [TEST_STEP][PASSED] - Script1718980020443.WriteToExcel(a, typeOfData, todaysDate, pageInt, fileInt, pageDouble, fileDouble, dZO): null

18-11-2024T10:35:53 - [TEST_STEP][PASSED] - sheetName = "Sheet1": null

18-11-2024T10:35:53 - [TEST_STEP][PASSED] - data = findTestData("PlanFact"): null

18-11-2024T10:35:53 - [TEST_STEP][PASSED] - n = data.getRowNumbers() + 1: null

18-11-2024T10:35:53 - [TEST_STEP][PASSED] - year = todaysDate.substring(todaysDate.length() - 4, todaysDate.length()): null

18-11-2024T10:35:53 - [TEST_STEP][PASSED] - y = year.toInteger(): null

18-11-2024T10:35:53 - [TEST_STEP][PASSED] - m = getText(findTestObject("Выполнение бизнес-плана/Период")): Text of object 'Object Repository/Выполнение бизнес-плана/Период' is: '1, 2, 3 кв. 2024 года'

18-11-2024T10:35:54 - [MESSAGE][PASSED] - Text of object 'Object Repository/Выполнение бизнес-плана/Период' is: '1, 2, 3 кв. 2024 года'

18-11-2024T10:35:54 - [TEST_STEP][PASSED] - m = m.substring(0, m.indexOf("2024")): null

18-11-2024T10:35:54 - [TEST_STEP][PASSED] - m = m.trim(): null

18-11-2024T10:35:54 - [TEST_STEP][PASSED] - dashboardName = "Выполнение бизнес-плана": null

18-11-2024T10:35:54 - [TEST_STEP][PASSED] - workbook01 = getWorkbook(excelFilePath): null

18-11-2024T10:35:54 - [TEST_STEP][PASSED] - sheet01 = getExcelSheet(workbook01, sheetName): null

18-11-2024T10:35:54 - [TEST_STEP][PASSED] - setValueToCellByIndex(sheet01, n, 0, dashboardName): null

18-11-2024T10:35:54 - [TEST_STEP][PASSED] - setValueToCellByIndex(sheet01, n, 1, dZO): null

18-11-2024T10:35:54 - [TEST_STEP][PASSED] - setValueToCellByIndex(sheet01, n, 2, typeOfData): null

18-11-2024T10:35:54 - [TEST_STEP][PASSED] - if (typeOfData == "Факт в процентах" || typeOfData == "План в процентах"): null

18-11-2024T10:35:54 - [TEST_STEP][PASSED] - else: null

18-11-2024T10:35:54 - [TEST_STEP][PASSED] - setValueToCellByIndex(sheet01, n, 3, fileInt): null

18-11-2024T10:35:54 - [TEST_STEP][PASSED] - setValueToCellByIndex(sheet01, n, 4, pageInt): null

18-11-2024T10:35:54 - [TEST_STEP][PASSED] - setValueToCellByIndex(sheet01, n, 5, m): null

18-11-2024T10:35:54 - [TEST_STEP][PASSED] - setValueToCellByIndex(sheet01, n, 6, y): null

18-11-2024T10:35:54 - [TEST_STEP][PASSED] - setValueToCellByIndex(sheet01, n, 7, todaysDate): null

18-11-2024T10:35:54 - [TEST_STEP][PASSED] - n = n + 1: null

18-11-2024T10:35:54 - [TEST_STEP][PASSED] - saveWorkbook(excelFilePath, workbook01): null

18-11-2024T10:35:54 - [TEST_STEP][PASSED] - if (planFact == 2): null

18-11-2024T10:35:54 - [TEST_STEP][PASSED] - if (planFact == 1): null

18-11-2024T10:35:54 - [TEST_STEP][PASSED] - else if (planFact == 2): null

18-11-2024T10:35:54 - [TEST_STEP][PASSED] - click(findTestObject("Выполнение бизнес-плана/Кнопка План")): Object: 'Object Repository/Выполнение бизнес-плана/Кнопка План' is clicked on

18-11-2024T10:35:54 - [MESSAGE][PASSED] - Object: 'Object Repository/Выполнение бизнес-плана/Кнопка План' is clicked on

18-11-2024T10:35:54 - [TEST_STEP][PASSED] - typeOfDataMain = "План": null

18-11-2024T10:35:54 - [TEST_STEP][PASSED] - otpusk = findTestData("PlanFact").getValue(2, a): null

18-11-2024T10:35:54 - [TEST_STEP][PASSED] - poteri = findTestData("PlanFact").getValue(3, a): null

18-11-2024T10:35:54 - [TEST_STEP][PASSED] - otpusk = otpusk.replaceAll("\s+", ""): null

18-11-2024T10:35:54 - [TEST_STEP][PASSED] - poteri = poteri.replaceAll("\s+", ""): null

18-11-2024T10:35:54 - [TEST_STEP][PASSED] - typeOfData = typeOfDataMain + " Отпуск в сеть": null

18-11-2024T10:35:54 - [TEST_STEP][PASSED] - if (a == 82): null

18-11-2024T10:35:54 - [TEST_STEP][PASSED] - else if (a == 84): null

18-11-2024T10:35:54 - [TEST_STEP][PASSED] - else if (a == 52 || a == 72 || a == 28 || a == 73 || a == 77 || a == 74 || a == 65 || a == 36 || a == 44 || a == 53 || a == 80 || a == 54 || a == 1 || a == 18 || a == 59 || a == 81): null

18-11-2024T10:35:54 - [TEST_STEP][PASSED] - path = dataFolder + "Table Data/" + typeOfData + " за отчётный период " + dzoNum: null

18-11-2024T10:35:54 - [TEST_STEP][PASSED] - println(path): null

18-11-2024T10:35:54 - [TEST_STEP][PASSED] - page = getText(findTestObject(path)): Text of object 'Object Repository/Выполнение бизнес-плана/Значения со страницы Выполнение бизнес-плана/Table Data/План Отпуск в сеть за отчётный период 6' is: '43 055 315'

18-11-2024T10:35:55 - [MESSAGE][PASSED] - Text of object 'Object Repository/Выполнение бизнес-плана/Значения со страницы Выполнение бизнес-плана/Table Data/План Отпуск в сеть за отчётный период 6' is: '43 055 315'

18-11-2024T10:35:55 - [TEST_STEP][PASSED] - page = page.replaceAll("\s+", ""): null

18-11-2024T10:35:55 - [TEST_STEP][PASSED] - fileOtpuskVSet = otpusk.toInteger(): null

18-11-2024T10:35:55 - [TEST_STEP][PASSED] - pageOtpuskVSet = page.toInteger(): null

18-11-2024T10:35:55 - [TEST_STEP][PASSED] - typeOfData = typeOfDataMain + " Потери": null

18-11-2024T10:35:55 - [TEST_STEP][PASSED] - if (a == 82): null

18-11-2024T10:35:55 - [TEST_STEP][PASSED] - else if (a == 84): null

18-11-2024T10:35:55 - [TEST_STEP][PASSED] - else if (a == 52 || a == 72 || a == 28 || a == 73 || a == 77 || a == 74 || a == 65 || a == 36 || a == 44 || a == 53 || a == 80 || a == 54 || a == 1 || a == 18 || a == 59 || a == 81): null

18-11-2024T10:35:55 - [TEST_STEP][PASSED] - path = dataFolder + "Table Data/" + typeOfData + " за отчётный период " + dzoNum: null

18-11-2024T10:35:55 - [TEST_STEP][PASSED] - page = getText(findTestObject(path)): Text of object 'Object Repository/Выполнение бизнес-плана/Значения со страницы Выполнение бизнес-плана/Table Data/План Потери за отчётный период 6' is: '4 299 069'

18-11-2024T10:35:55 - [MESSAGE][PASSED] - Text of object 'Object Repository/Выполнение бизнес-плана/Значения со страницы Выполнение бизнес-плана/Table Data/План Потери за отчётный период 6' is: '4 299 069'

18-11-2024T10:35:55 - [TEST_STEP][PASSED] - page = page.replaceAll("\s+", ""): null

18-11-2024T10:35:55 - [TEST_STEP][PASSED] - filePoteri = poteri.toInteger(): null

18-11-2024T10:35:55 - [TEST_STEP][PASSED] - pagePoteri = page.toInteger(): null

18-11-2024T10:35:55 - [TEST_STEP][PASSED] - compare = pageOtpuskVSet: null

18-11-2024T10:35:55 - [TEST_STEP][PASSED] - if (compare == fileOtpuskVSet): null

18-11-2024T10:35:55 - [TEST_STEP][PASSED] - else if (compare > fileOtpuskVSet): null

18-11-2024T10:35:55 - [TEST_STEP][PASSED] - else if (compare < fileOtpuskVSet): null

18-11-2024T10:35:55 - [TEST_STEP][PASSED] - compare = compare + 1: null

18-11-2024T10:35:55 - [TEST_STEP][PASSED] - if (compare == fileOtpuskVSet): null

18-11-2024T10:35:55 - [TEST_STEP][PASSED] - else: null

18-11-2024T10:35:55 - [TEST_STEP][PASSED] - numberOfErrors = numberOfErrors + 1: null

18-11-2024T10:35:55 - [TEST_STEP][PASSED] - pageInt = pageOtpuskVSet: null

18-11-2024T10:35:55 - [TEST_STEP][PASSED] - fileInt = fileOtpuskVSet: null

18-11-2024T10:35:55 - [TEST_STEP][PASSED] - typeOfData = typeOfDataMain + " Отпуск в сеть": null

18-11-2024T10:35:55 - [TEST_STEP][PASSED] - Script1718980020443.WriteToExcel(a, typeOfData, todaysDate, pageInt, fileInt, pageDouble, fileDouble, dZO): null

18-11-2024T10:35:55 - [TEST_STEP][PASSED] - sheetName = "Sheet1": null

18-11-2024T10:35:55 - [TEST_STEP][PASSED] - data = findTestData("PlanFact"): null

18-11-2024T10:35:55 - [TEST_STEP][PASSED] - n = data.getRowNumbers() + 1: null

18-11-2024T10:35:55 - [TEST_STEP][PASSED] - year = todaysDate.substring(todaysDate.length() - 4, todaysDate.length()): null

18-11-2024T10:35:55 - [TEST_STEP][PASSED] - y = year.toInteger(): null

18-11-2024T10:35:55 - [TEST_STEP][PASSED] - m = getText(findTestObject("Выполнение бизнес-плана/Период")): Text of object 'Object Repository/Выполнение бизнес-плана/Период' is: '1, 2, 3 кв. 2024 года'

18-11-2024T10:35:55 - [MESSAGE][PASSED] - Text of object 'Object Repository/Выполнение бизнес-плана/Период' is: '1, 2, 3 кв. 2024 года'

18-11-2024T10:35:55 - [TEST_STEP][PASSED] - m = m.substring(0, m.indexOf("2024")): null

18-11-2024T10:35:55 - [TEST_STEP][PASSED] - m = m.trim(): null

18-11-2024T10:35:55 - [TEST_STEP][PASSED] - dashboardName = "Выполнение бизнес-плана": null

18-11-2024T10:35:55 - [TEST_STEP][PASSED] - workbook01 = getWorkbook(excelFilePath): null

18-11-2024T10:35:55 - [TEST_STEP][PASSED] - sheet01 = getExcelSheet(workbook01, sheetName): null

18-11-2024T10:35:55 - [TEST_STEP][PASSED] - setValueToCellByIndex(sheet01, n, 0, dashboardName): null

18-11-2024T10:35:55 - [TEST_STEP][PASSED] - setValueToCellByIndex(sheet01, n, 1, dZO): null

18-11-2024T10:35:55 - [TEST_STEP][PASSED] - setValueToCellByIndex(sheet01, n, 2, typeOfData): null

18-11-2024T10:35:55 - [TEST_STEP][PASSED] - if (typeOfData == "Факт в процентах" || typeOfData == "План в процентах"): null

18-11-2024T10:35:55 - [TEST_STEP][PASSED] - else: null

18-11-2024T10:35:55 - [TEST_STEP][PASSED] - setValueToCellByIndex(sheet01, n, 3, fileInt): null

18-11-2024T10:35:55 - [TEST_STEP][PASSED] - setValueToCellByIndex(sheet01, n, 4, pageInt): null

18-11-2024T10:35:55 - [TEST_STEP][PASSED] - setValueToCellByIndex(sheet01, n, 5, m): null

18-11-2024T10:35:55 - [TEST_STEP][PASSED] - setValueToCellByIndex(sheet01, n, 6, y): null

18-11-2024T10:35:55 - [TEST_STEP][PASSED] - setValueToCellByIndex(sheet01, n, 7, todaysDate): null

18-11-2024T10:35:55 - [TEST_STEP][PASSED] - n = n + 1: null

18-11-2024T10:35:55 - [TEST_STEP][PASSED] - saveWorkbook(excelFilePath, workbook01): null

18-11-2024T10:35:56 - [TEST_STEP][PASSED] - compare = pagePoteri: null

18-11-2024T10:35:56 - [TEST_STEP][PASSED] - if (compare == filePoteri): null

18-11-2024T10:35:56 - [TEST_STEP][PASSED] - else if (compare > filePoteri): null

18-11-2024T10:35:56 - [TEST_STEP][PASSED] - else if (compare < filePoteri): null

18-11-2024T10:35:56 - [TEST_STEP][PASSED] - compare = compare + 1: null

18-11-2024T10:35:56 - [TEST_STEP][PASSED] - if (compare == filePoteri): null

18-11-2024T10:35:56 - [TEST_STEP][PASSED] - else: null

18-11-2024T10:35:56 - [TEST_STEP][PASSED] - numberOfErrors = numberOfErrors + 1: null

18-11-2024T10:35:56 - [TEST_STEP][PASSED] - pageInt = pagePoteri: null

18-11-2024T10:35:56 - [TEST_STEP][PASSED] - fileInt = filePoteri: null

18-11-2024T10:35:56 - [TEST_STEP][PASSED] - typeOfData = typeOfDataMain + " Потери": null

18-11-2024T10:35:56 - [TEST_STEP][PASSED] - Script1718980020443.WriteToExcel(a, typeOfData, todaysDate, pageInt, fileInt, pageDouble, fileDouble, dZO): null

18-11-2024T10:35:56 - [TEST_STEP][PASSED] - sheetName = "Sheet1": null

18-11-2024T10:35:56 - [TEST_STEP][PASSED] - data = findTestData("PlanFact"): null

18-11-2024T10:35:56 - [TEST_STEP][PASSED] - n = data.getRowNumbers() + 1: null

18-11-2024T10:35:56 - [TEST_STEP][PASSED] - year = todaysDate.substring(todaysDate.length() - 4, todaysDate.length()): null

18-11-2024T10:35:56 - [TEST_STEP][PASSED] - y = year.toInteger(): null

18-11-2024T10:35:56 - [TEST_STEP][PASSED] - m = getText(findTestObject("Выполнение бизнес-плана/Период")): Text of object 'Object Repository/Выполнение бизнес-плана/Период' is: '1, 2, 3 кв. 2024 года'

18-11-2024T10:35:56 - [MESSAGE][PASSED] - Text of object 'Object Repository/Выполнение бизнес-плана/Период' is: '1, 2, 3 кв. 2024 года'

18-11-2024T10:35:56 - [TEST_STEP][PASSED] - m = m.substring(0, m.indexOf("2024")): null

18-11-2024T10:35:56 - [TEST_STEP][PASSED] - m = m.trim(): null

18-11-2024T10:35:56 - [TEST_STEP][PASSED] - dashboardName = "Выполнение бизнес-плана": null

18-11-2024T10:35:56 - [TEST_STEP][PASSED] - workbook01 = getWorkbook(excelFilePath): null

18-11-2024T10:35:56 - [TEST_STEP][PASSED] - sheet01 = getExcelSheet(workbook01, sheetName): null

18-11-2024T10:35:56 - [TEST_STEP][PASSED] - setValueToCellByIndex(sheet01, n, 0, dashboardName): null

18-11-2024T10:35:56 - [TEST_STEP][PASSED] - setValueToCellByIndex(sheet01, n, 1, dZO): null

18-11-2024T10:35:56 - [TEST_STEP][PASSED] - setValueToCellByIndex(sheet01, n, 2, typeOfData): null

18-11-2024T10:35:56 - [TEST_STEP][PASSED] - if (typeOfData == "Факт в процентах" || typeOfData == "План в процентах"): null

18-11-2024T10:35:56 - [TEST_STEP][PASSED] - else: null

18-11-2024T10:35:56 - [TEST_STEP][PASSED] - setValueToCellByIndex(sheet01, n, 3, fileInt): null

18-11-2024T10:35:56 - [TEST_STEP][PASSED] - setValueToCellByIndex(sheet01, n, 4, pageInt): null

18-11-2024T10:35:56 - [TEST_STEP][PASSED] - setValueToCellByIndex(sheet01, n, 5, m): null

18-11-2024T10:35:56 - [TEST_STEP][PASSED] - setValueToCellByIndex(sheet01, n, 6, y): null

18-11-2024T10:35:56 - [TEST_STEP][PASSED] - setValueToCellByIndex(sheet01, n, 7, todaysDate): null

18-11-2024T10:35:56 - [TEST_STEP][PASSED] - n = n + 1: null

18-11-2024T10:35:56 - [TEST_STEP][PASSED] - saveWorkbook(excelFilePath, workbook01): Object: 'Object Repository/Выполнение бизнес-плана/Кнопка Факт' is clicked on

18-11-2024T10:35:56 - [TEST_STEP][PASSED] - if (planFact == 2): Object: 'Object Repository/Выполнение бизнес-плана/Кнопка Факт' is clicked on

18-11-2024T10:35:56 - [TEST_STEP][PASSED] - click(findTestObject("Выполнение бизнес-плана/Кнопка Факт")): Object: 'Object Repository/Выполнение бизнес-плана/Кнопка Факт' is clicked on

18-11-2024T10:35:56 - [MESSAGE][PASSED] - Object: 'Object Repository/Выполнение бизнес-плана/Кнопка Факт' is clicked on

18-11-2024T10:35:56 - [TEST_STEP][PASSED] - if (a == 84 || a == 82): null

18-11-2024T10:35:56 - [TEST_STEP][PASSED] - else if (a == 52 || a == 72 || a == 28 || a == 73 || a == 77 || a == 74 || a == 65 || a == 36 || a == 44 || a == 53 || a == 80 || a == 54 || a == 1 || a == 18 || a == 59 || a == 81): null

18-11-2024T10:35:56 - [TEST_STEP][PASSED] - page1 = getText(findTestObject("Object Repository/Выполнение бизнес-плана/spanPlan" + dzoNum)): Text of object 'Object Repository/Выполнение бизнес-плана/spanPlan6' is: '9.98
|'

18-11-2024T10:35:57 - [MESSAGE][PASSED] - Text of object 'Object Repository/Выполнение бизнес-плана/spanPlan6' is: '9.98
|'

18-11-2024T10:35:57 - [TEST_STEP][PASSED] - page1 = page1.replace("|", ""): null

18-11-2024T10:35:57 - [TEST_STEP][PASSED] - page2 = getText(findTestObject("Object Repository/Выполнение бизнес-плана/spanFact" + dzoNum)): Text of object 'Object Repository/Выполнение бизнес-плана/spanFact6' is: '9.48'

18-11-2024T10:35:57 - [MESSAGE][PASSED] - Text of object 'Object Repository/Выполнение бизнес-плана/spanFact6' is: '9.48'

18-11-2024T10:35:57 - [TEST_STEP][PASSED] - page2 = page2.replace("|", ""): null

18-11-2024T10:35:57 - [TEST_STEP][PASSED] - println("page1: " + page1): null

18-11-2024T10:35:57 - [TEST_STEP][PASSED] - println("page2: " + page2): null

18-11-2024T10:35:57 - [TEST_STEP][PASSED] - file = findTestData("PlanFact").getValue(4, a): null

18-11-2024T10:35:57 - [TEST_STEP][PASSED] - file = file.replace(",", "."): null

18-11-2024T10:35:57 - [TEST_STEP][PASSED] - println("file Plan: " + file): null

18-11-2024T10:35:57 - [TEST_STEP][PASSED] - typeOfData = "План в процентах": null

18-11-2024T10:35:57 - [TEST_STEP][PASSED] - fileDouble = file.toDouble(): null

18-11-2024T10:35:57 - [TEST_STEP][PASSED] - pageDouble = page1.toDouble(): null

18-11-2024T10:35:57 - [TEST_STEP][PASSED] - if (fileDouble != pageDouble): null

18-11-2024T10:35:57 - [TEST_STEP][PASSED] - numberOfErrors = numberOfErrors + 1: null

18-11-2024T10:35:57 - [TEST_STEP][PASSED] - Script1718980020443.WriteToExcel(a, typeOfData, todaysDate, pageInt, fileInt, pageDouble, fileDouble, dZO): null

18-11-2024T10:35:57 - [TEST_STEP][PASSED] - sheetName = "Sheet1": null

18-11-2024T10:35:57 - [TEST_STEP][PASSED] - data = findTestData("PlanFact"): null

18-11-2024T10:35:57 - [TEST_STEP][PASSED] - n = data.getRowNumbers() + 1: null

18-11-2024T10:35:57 - [TEST_STEP][PASSED] - year = todaysDate.substring(todaysDate.length() - 4, todaysDate.length()): null

18-11-2024T10:35:57 - [TEST_STEP][PASSED] - y = year.toInteger(): null

18-11-2024T10:35:57 - [TEST_STEP][PASSED] - m = getText(findTestObject("Выполнение бизнес-плана/Период")): Text of object 'Object Repository/Выполнение бизнес-плана/Период' is: '1, 2, 3 кв. 2024 года'

18-11-2024T10:35:57 - [MESSAGE][PASSED] - Text of object 'Object Repository/Выполнение бизнес-плана/Период' is: '1, 2, 3 кв. 2024 года'

18-11-2024T10:35:57 - [TEST_STEP][PASSED] - m = m.substring(0, m.indexOf("2024")): null

18-11-2024T10:35:57 - [TEST_STEP][PASSED] - m = m.trim(): null

18-11-2024T10:35:57 - [TEST_STEP][PASSED] - dashboardName = "Выполнение бизнес-плана": null

18-11-2024T10:35:57 - [TEST_STEP][PASSED] - workbook01 = getWorkbook(excelFilePath): null

18-11-2024T10:35:57 - [TEST_STEP][PASSED] - sheet01 = getExcelSheet(workbook01, sheetName): null

18-11-2024T10:35:57 - [TEST_STEP][PASSED] - setValueToCellByIndex(sheet01, n, 0, dashboardName): null

18-11-2024T10:35:57 - [TEST_STEP][PASSED] - setValueToCellByIndex(sheet01, n, 1, dZO): null

18-11-2024T10:35:57 - [TEST_STEP][PASSED] - setValueToCellByIndex(sheet01, n, 2, typeOfData): null

18-11-2024T10:35:57 - [TEST_STEP][PASSED] - if (typeOfData == "Факт в процентах" || typeOfData == "План в процентах"): null

18-11-2024T10:35:57 - [TEST_STEP][PASSED] - setValueToCellByIndex(sheet01, n, 3, fileDouble): null

18-11-2024T10:35:57 - [TEST_STEP][PASSED] - setValueToCellByIndex(sheet01, n, 4, pageDouble): null

18-11-2024T10:35:57 - [TEST_STEP][PASSED] - setValueToCellByIndex(sheet01, n, 5, m): null

18-11-2024T10:35:57 - [TEST_STEP][PASSED] - setValueToCellByIndex(sheet01, n, 6, y): null

18-11-2024T10:35:57 - [TEST_STEP][PASSED] - setValueToCellByIndex(sheet01, n, 7, todaysDate): null

18-11-2024T10:35:57 - [TEST_STEP][PASSED] - n = n + 1: null

18-11-2024T10:35:57 - [TEST_STEP][PASSED] - saveWorkbook(excelFilePath, workbook01): null

18-11-2024T10:35:58 - [TEST_STEP][PASSED] - file = findTestData("PlanFact").getValue(7, a): null

18-11-2024T10:35:58 - [TEST_STEP][PASSED] - file = file.replace(",", "."): null

18-11-2024T10:35:58 - [TEST_STEP][PASSED] - println("file Fact: " + file): null

18-11-2024T10:35:58 - [TEST_STEP][PASSED] - fileDouble = file.toDouble(): null

18-11-2024T10:35:58 - [TEST_STEP][PASSED] - typeOfData = "Факт в процентах": null

18-11-2024T10:35:58 - [TEST_STEP][PASSED] - fileDouble = file.toDouble(): null

18-11-2024T10:35:58 - [TEST_STEP][PASSED] - pageDouble = page2.toDouble(): null

18-11-2024T10:35:58 - [TEST_STEP][PASSED] - if (fileDouble != pageDouble): null

18-11-2024T10:35:58 - [TEST_STEP][PASSED] - numberOfErrors = numberOfErrors + 1: null

18-11-2024T10:35:58 - [TEST_STEP][PASSED] - Script1718980020443.WriteToExcel(a, typeOfData, todaysDate, pageInt, fileInt, pageDouble, fileDouble, dZO): null

18-11-2024T10:35:58 - [TEST_STEP][PASSED] - sheetName = "Sheet1": null

18-11-2024T10:35:58 - [TEST_STEP][PASSED] - data = findTestData("PlanFact"): null

18-11-2024T10:35:58 - [TEST_STEP][PASSED] - n = data.getRowNumbers() + 1: null

18-11-2024T10:35:58 - [TEST_STEP][PASSED] - year = todaysDate.substring(todaysDate.length() - 4, todaysDate.length()): null

18-11-2024T10:35:58 - [TEST_STEP][PASSED] - y = year.toInteger(): null

18-11-2024T10:35:58 - [TEST_STEP][PASSED] - m = getText(findTestObject("Выполнение бизнес-плана/Период")): Text of object 'Object Repository/Выполнение бизнес-плана/Период' is: '1, 2, 3 кв. 2024 года'

18-11-2024T10:35:58 - [MESSAGE][PASSED] - Text of object 'Object Repository/Выполнение бизнес-плана/Период' is: '1, 2, 3 кв. 2024 года'

18-11-2024T10:35:58 - [TEST_STEP][PASSED] - m = m.substring(0, m.indexOf("2024")): null

18-11-2024T10:35:58 - [TEST_STEP][PASSED] - m = m.trim(): null

18-11-2024T10:35:58 - [TEST_STEP][PASSED] - dashboardName = "Выполнение бизнес-плана": null

18-11-2024T10:35:58 - [TEST_STEP][PASSED] - workbook01 = getWorkbook(excelFilePath): null

18-11-2024T10:35:58 - [TEST_STEP][PASSED] - sheet01 = getExcelSheet(workbook01, sheetName): null

18-11-2024T10:35:58 - [TEST_STEP][PASSED] - setValueToCellByIndex(sheet01, n, 0, dashboardName): null

18-11-2024T10:35:58 - [TEST_STEP][PASSED] - setValueToCellByIndex(sheet01, n, 1, dZO): null

18-11-2024T10:35:58 - [TEST_STEP][PASSED] - setValueToCellByIndex(sheet01, n, 2, typeOfData): null

18-11-2024T10:35:58 - [TEST_STEP][PASSED] - if (typeOfData == "Факт в процентах" || typeOfData == "План в процентах"): null

18-11-2024T10:35:58 - [TEST_STEP][PASSED] - setValueToCellByIndex(sheet01, n, 3, fileDouble): null

18-11-2024T10:35:58 - [TEST_STEP][PASSED] - setValueToCellByIndex(sheet01, n, 4, pageDouble): null

18-11-2024T10:35:58 - [TEST_STEP][PASSED] - setValueToCellByIndex(sheet01, n, 5, m): null

18-11-2024T10:35:58 - [TEST_STEP][PASSED] - setValueToCellByIndex(sheet01, n, 6, y): null

18-11-2024T10:35:58 - [TEST_STEP][PASSED] - setValueToCellByIndex(sheet01, n, 7, todaysDate): null

18-11-2024T10:35:58 - [TEST_STEP][PASSED] - n = n + 1: null

18-11-2024T10:35:58 - [TEST_STEP][PASSED] - saveWorkbook(excelFilePath, workbook01): null

18-11-2024T10:35:58 - [TEST_STEP][FAILED] - if (verifyEqual(numberOfErrors, 0) == false): null

18-11-2024T10:35:58 - [MESSAGE][FAILED] - Unable to verify equal between actual object '6' and expected object '0' (Root cause: com.kms.katalon.core.exception.StepFailedException: Actual object '6' and expected object '0' are not equal
	at com.kms.katalon.core.keyword.builtin.VerifyEqualKeyword$_verifyEqual_closure1.doCall(VerifyEqualKeyword.groovy:58)
	at com.kms.katalon.core.keyword.builtin.VerifyEqualKeyword$_verifyEqual_closure1.call(VerifyEqualKeyword.groovy)
	at com.kms.katalon.core.keyword.internal.KeywordMain.runKeyword(KeywordMain.groovy:75)
	at com.kms.katalon.core.keyword.builtin.VerifyEqualKeyword.verifyEqual(VerifyEqualKeyword.groovy:63)
	at com.kms.katalon.core.keyword.builtin.VerifyEqualKeyword.execute(VerifyEqualKeyword.groovy:44)
	at com.kms.katalon.core.keyword.internal.KeywordExecutor.executeKeywordForPlatform(KeywordExecutor.groovy:74)
	at com.kms.katalon.core.keyword.BuiltinKeywords.verifyEqual(BuiltinKeywords.groovy:146)
	at jdk.internal.reflect.GeneratedMethodAccessor25.invoke(Unknown Source)
	at java.base/jdk.internal.reflect.DelegatingMethodAccessorImpl.invoke(DelegatingMethodAccessorImpl.java:43)
	at Выполнение бизнес-плана Сверка ПАО Россети все филиалы.Numbers(Выполнение бизнес-плана Сверка ПАО Россети все филиалы:740)
	at Выполнение бизнес-плана Сверка ПАО Россети все филиалы.run(Выполнение бизнес-плана Сверка ПАО Россети все филиалы:388)
	at com.kms.katalon.core.main.ScriptEngine.run(ScriptEngine.java:194)
	at com.kms.katalon.core.main.ScriptEngine.runScriptAsRawText(ScriptEngine.java:119)
	at com.kms.katalon.core.main.TestCaseExecutor.runScript(TestCaseExecutor.java:448)
	at com.kms.katalon.core.main.TestCaseExecutor.doExecute(TestCaseExecutor.java:439)
	at com.kms.katalon.core.main.TestCaseExecutor.processExecutionPhase(TestCaseExecutor.java:418)
	at com.kms.katalon.core.main.TestCaseExecutor.accessMainPhase(TestCaseExecutor.java:410)
	at com.kms.katalon.core.main.TestCaseExecutor.execute(TestCaseExecutor.java:285)
	at com.kms.katalon.core.common.CommonExecutor.accessTestCaseMainPhase(CommonExecutor.java:65)
	at com.kms.katalon.core.main.TestSuiteExecutor.accessTestSuiteMainPhase(TestSuiteExecutor.java:150)
	at com.kms.katalon.core.main.TestSuiteExecutor.execute(TestSuiteExecutor.java:106)
	at com.kms.katalon.core.main.TestCaseMain.startTestSuite(TestCaseMain.java:180)
	at TempTestSuite1731913737709.run(TempTestSuite1731913737709.groovy:35)
	at java.base/jdk.internal.reflect.NativeMethodAccessorImpl.invoke0(Native Method)
	at java.base/jdk.internal.reflect.NativeMethodAccessorImpl.invoke(NativeMethodAccessorImpl.java:77)
	at java.base/jdk.internal.reflect.DelegatingMethodAccessorImpl.invoke(DelegatingMethodAccessorImpl.java:43)
)

18-11-2024T10:35:58 - [TEST_STEP][PASSED] - println(numberOfErrors): null

18-11-2024T10:35:58 - [TEST_STEP][PASSED] - if (a == 28 || a == 77 || a == 74 || a == 65 || a == 36 || a == 44 || a == 54 || a == 1 || a == 18 || a == 59): null

18-11-2024T10:35:58 - [TEST_STEP][PASSED] - Script1718980020443.Filials(a, typeOfData, todaysDate, pageInt, fileInt, pageDouble, fileDouble, dZO, dzoNum, filialNum): null

18-11-2024T10:35:58 - [TEST_STEP][PASSED] - i = <not implemented yet for class: org.codehaus.groovy.ast.expr.EmptyExpression>: null

18-11-2024T10:35:58 - [TEST_STEP][PASSED] - c = <not implemented yet for class: org.codehaus.groovy.ast.expr.EmptyExpression>: null

18-11-2024T10:35:58 - [TEST_STEP][PASSED] - page = <not implemented yet for class: org.codehaus.groovy.ast.expr.EmptyExpression>: null

18-11-2024T10:35:58 - [TEST_STEP][PASSED] - println(dZO): null

18-11-2024T10:35:58 - [TEST_STEP][PASSED] - reducedDZO = <not implemented yet for class: org.codehaus.groovy.ast.expr.EmptyExpression>: null

18-11-2024T10:35:58 - [TEST_STEP][PASSED] - reducedDZO = dZO.substring(dZO.indexOf(" ") + 1, dZO.length()): null

18-11-2024T10:35:58 - [TEST_STEP][PASSED] - if (reducedDZO.contains(" ")): null

18-11-2024T10:35:58 - [TEST_STEP][PASSED] - reducedDZO = reducedDZO.substring(reducedDZO.indexOf(" ") + 1, reducedDZO.length()): null

18-11-2024T10:35:58 - [TEST_STEP][PASSED] - if (reducedDZO.contains(" ")): null

18-11-2024T10:35:58 - [TEST_STEP][PASSED] - println(reducedDZO): null

18-11-2024T10:35:58 - [TEST_STEP][PASSED] - dzoCut = <not implemented yet for class: org.codehaus.groovy.ast.expr.EmptyExpression>: null

18-11-2024T10:35:58 - [TEST_STEP][PASSED] - Script1718980020443.DZO(a): null

18-11-2024T10:35:58 - [TEST_STEP][PASSED] - Script1718980020443.OpenFilter(): null

18-11-2024T10:35:58 - [TEST_STEP][PASSED] - click(findTestObject("Object Repository/Выполнение бизнес-плана/Фильтр ДЗО")): Object: 'Object Repository/Выполнение бизнес-плана/Фильтр ДЗО' is clicked on

18-11-2024T10:35:59 - [MESSAGE][PASSED] - Object: 'Object Repository/Выполнение бизнес-плана/Фильтр ДЗО' is clicked on

18-11-2024T10:35:59 - [TEST_STEP][PASSED] - click(findTestObject("Выполнение бизнес-плана/Снять выделение в фильтре ДЗО")): Object: 'Object Repository/Выполнение бизнес-плана/Снять выделение в фильтре ДЗО' is clicked on

18-11-2024T10:35:59 - [MESSAGE][PASSED] - Object: 'Object Repository/Выполнение бизнес-плана/Снять выделение в фильтре ДЗО' is clicked on

18-11-2024T10:35:59 - [TEST_STEP][PASSED] - Script1718980020443.OpenRSK(): null

18-11-2024T10:35:59 - [TEST_STEP][PASSED] - click(findTestObject("Выполнение бизнес-плана/Раскрыть список ПАО Россети в фильтре ДЗО")): Object: 'Object Repository/Выполнение бизнес-плана/Раскрыть список ПАО Россети в фильтре ДЗО' is clicked on

18-11-2024T10:36:00 - [MESSAGE][PASSED] - Object: 'Object Repository/Выполнение бизнес-плана/Раскрыть список ПАО Россети в фильтре ДЗО' is clicked on

18-11-2024T10:36:00 - [TEST_STEP][PASSED] - click(findTestObject("Выполнение бизнес-плана/Раскрыть список РаспредКомплекс в фильтре ДЗО")): Object: 'Object Repository/Выполнение бизнес-плана/Раскрыть список РаспредКомплекс в фильтре ДЗО' is clicked on

18-11-2024T10:36:00 - [MESSAGE][PASSED] - Object: 'Object Repository/Выполнение бизнес-плана/Раскрыть список РаспредКомплекс в фильтре ДЗО' is clicked on

18-11-2024T10:36:00 - [TEST_STEP][PASSED] - if (a == 28): null

18-11-2024T10:36:00 - [TEST_STEP][PASSED] - if (a == 77): null

18-11-2024T10:36:00 - [TEST_STEP][PASSED] - if (a == 74): null

18-11-2024T10:36:00 - [TEST_STEP][PASSED] - if (a == 65): null

18-11-2024T10:36:00 - [TEST_STEP][PASSED] - if (a == 36): null

18-11-2024T10:36:00 - [TEST_STEP][PASSED] - if (a == 44): null

18-11-2024T10:36:00 - [TEST_STEP][PASSED] - if (a == 54): null

18-11-2024T10:36:00 - [TEST_STEP][PASSED] - if (a == 1): Object: 'Object Repository/Выполнение бизнес-плана/Россети Центр' is clicked on

18-11-2024T10:36:00 - [TEST_STEP][PASSED] - scrollToElement(findTestObject("Общие объекты/Раскрыть список Россети Центр"), 30): Scroll to object 'Object Repository/Общие объекты/Раскрыть список Россети Центр' successfully

18-11-2024T10:36:00 - [MESSAGE][PASSED] - Scroll to object 'Object Repository/Общие объекты/Раскрыть список Россети Центр' successfully

18-11-2024T10:36:00 - [TEST_STEP][PASSED] - click(findTestObject("Выполнение бизнес-плана/Россети Центр")): Object: 'Object Repository/Выполнение бизнес-плана/Россети Центр' is clicked on

18-11-2024T10:36:01 - [MESSAGE][PASSED] - Object: 'Object Repository/Выполнение бизнес-плана/Россети Центр' is clicked on

18-11-2024T10:36:01 - [TEST_STEP][PASSED] - if (a == 18): null

18-11-2024T10:36:01 - [TEST_STEP][PASSED] - if (a == 59): null

18-11-2024T10:36:01 - [TEST_STEP][PASSED] - Script1718980020443.CloseFilter(): null

18-11-2024T10:36:01 - [TEST_STEP][PASSED] - scrollToElement(findTestObject("Выполнение бизнес-плана/Заголовок дашборда"), 30): Scroll to object 'Object Repository/Выполнение бизнес-плана/Заголовок дашборда' successfully

18-11-2024T10:36:01 - [MESSAGE][PASSED] - Scroll to object 'Object Repository/Выполнение бизнес-плана/Заголовок дашборда' successfully

18-11-2024T10:36:01 - [TEST_STEP][PASSED] - click(findTestObject("Object Repository/Выполнение бизнес-плана/Применить в фильтре ДЗО")): Object: 'Object Repository/Выполнение бизнес-плана/Применить в фильтре ДЗО' is clicked on

18-11-2024T10:36:02 - [MESSAGE][PASSED] - Object: 'Object Repository/Выполнение бизнес-плана/Применить в фильтре ДЗО' is clicked on

18-11-2024T10:36:02 - [TEST_STEP][PASSED] - Script1718980020443.ZakrytOpoveshenie(): null

18-11-2024T10:36:02 - [TEST_STEP][PASSED] - delay(10): Delayed 10 second(s)

18-11-2024T10:36:12 - [MESSAGE][PASSED] - Delayed 10 second(s)

18-11-2024T10:36:12 - [TEST_STEP][PASSED] - opoveshenie = getText(findTestObject("Выполнение бизнес-плана/Просьба обратить внимание")): Text of object 'Object Repository/Выполнение бизнес-плана/Просьба обратить внимание' is: ''

18-11-2024T10:36:39 - [MESSAGE][PASSED] - Text of object 'Object Repository/Выполнение бизнес-плана/Просьба обратить внимание' is: ''

18-11-2024T10:36:39 - [TEST_STEP][PASSED] - println(opoveshenie): null

18-11-2024T10:36:39 - [TEST_STEP][PASSED] - if (opoveshenie == "Просьба обратить внимание"): null

18-11-2024T10:36:39 - [TEST_STEP][PASSED] - page = getText(findTestObject("Object Repository/Выполнение бизнес-плана/Filials")): Text of object 'Object Repository/Выполнение бизнес-плана/Filials' is: 'Россети Центр (ГК)
0
10
20
30
40
50
60
70'

18-11-2024T10:36:40 - [MESSAGE][PASSED] - Text of object 'Object Repository/Выполнение бизнес-плана/Filials' is: 'Россети Центр (ГК)
0
10
20
30
40
50
60
70'

18-11-2024T10:36:40 - [TEST_STEP][PASSED] - println(page): null

18-11-2024T10:36:40 - [TEST_STEP][PASSED] - c = page.indexOf(reducedDZO): null

18-11-2024T10:36:40 - [TEST_STEP][PASSED] - if (c > -1): null

18-11-2024T10:36:40 - [TEST_STEP][PASSED] - click(findTestObject("Выполнение бизнес-плана/список")): Object: 'Object Repository/Выполнение бизнес-плана/список' is clicked on

18-11-2024T10:36:40 - [MESSAGE][PASSED] - Object: 'Object Repository/Выполнение бизнес-плана/список' is clicked on

18-11-2024T10:36:40 - [TEST_STEP][PASSED] - delay(10): Delayed 10 second(s)

18-11-2024T10:36:50 - [MESSAGE][PASSED] - Delayed 10 second(s)

18-11-2024T10:36:50 - [TEST_STEP][PASSED] - click(findTestObject("Выполнение бизнес-плана/Раскрытие списка")): Object: 'Object Repository/Выполнение бизнес-плана/Раскрытие списка' is clicked on

18-11-2024T10:36:51 - [MESSAGE][PASSED] - Object: 'Object Repository/Выполнение бизнес-плана/Раскрытие списка' is clicked on

18-11-2024T10:36:51 - [TEST_STEP][PASSED] - delay(10): Delayed 10 second(s)

18-11-2024T10:37:01 - [MESSAGE][PASSED] - Delayed 10 second(s)

18-11-2024T10:37:01 - [TEST_STEP][PASSED] - page = getText(findTestObject("Object Repository/Выполнение бизнес-плана/Filials")): Text of object 'Object Repository/Выполнение бизнес-плана/Filials' is: 'АО«Воронежскаягорэлектросеть»
АО «Тульскиегородскиеэлектрическиесети»
АО«Ярославскаяэлектросетеваякомпания»
Белгородэнерго
Брянскэнерго
Воронежэнерго
Костромаэнерго
Курскэнерго
Липецкэнерго
ООО «БрянскЭ…
Орелэнерго
Смоленскэнерго
Тамбовэнерго
Тверьэнерго
Ярэнерго
0
20
40
60
10
30
50
70'

18-11-2024T10:37:06 - [MESSAGE][PASSED] - Text of object 'Object Repository/Выполнение бизнес-плана/Filials' is: 'АО«Воронежскаягорэлектросеть»
АО «Тульскиегородскиеэлектрическиесети»
АО«Ярославскаяэлектросетеваякомпания»
Белгородэнерго
Брянскэнерго
Воронежэнерго
Костромаэнерго
Курскэнерго
Липецкэнерго
ООО «БрянскЭ…
Орелэнерго
Смоленскэнерго
Тамбовэнерго
Тверьэнерго
Ярэнерго
0
20
40
60
10
30
50
70'

18-11-2024T10:37:06 - [TEST_STEP][PASSED] - println(page): null

18-11-2024T10:37:06 - [TEST_STEP][PASSED] - c = page.indexOf(reducedDZO): null

18-11-2024T10:37:06 - [TEST_STEP][PASSED] - x2 = getText(findTestObject("Выполнение бизнес-плана/Список ДЗО старый")): Text of object 'Object Repository/Выполнение бизнес-плана/Список ДЗО старый' is: 'АО«Воронежскаягорэлектросеть»
АО «Тульскиегородскиеэлектрическиесети»
АО«Ярославскаяэлектросетеваякомпания»
Белгородэнерго
Брянскэнерго
Воронежэнерго
Костромаэнерго
Курскэнерго
Липецкэнерго
ООО «БрянскЭ…
Орелэнерго
Смоленскэнерго
Тамбовэнерго
Тверьэнерго
Ярэнерго
0
20
40
60
10
30
50
70'

18-11-2024T10:37:07 - [MESSAGE][PASSED] - Text of object 'Object Repository/Выполнение бизнес-плана/Список ДЗО старый' is: 'АО«Воронежскаягорэлектросеть»
АО «Тульскиегородскиеэлектрическиесети»
АО«Ярославскаяэлектросетеваякомпания»
Белгородэнерго
Брянскэнерго
Воронежэнерго
Костромаэнерго
Курскэнерго
Липецкэнерго
ООО «БрянскЭ…
Орелэнерго
Смоленскэнерго
Тамбовэнерго
Тверьэнерго
Ярэнерго
0
20
40
60
10
30
50
70'

18-11-2024T10:37:07 - [TEST_STEP][PASSED] - if (a == 28): null

18-11-2024T10:37:07 - [TEST_STEP][PASSED] - if (a == 77): null

18-11-2024T10:37:07 - [TEST_STEP][PASSED] - if (a == 74): null

18-11-2024T10:37:07 - [TEST_STEP][PASSED] - if (a == 65): null

18-11-2024T10:37:07 - [TEST_STEP][PASSED] - if (a == 1): null

18-11-2024T10:37:07 - [TEST_STEP][PASSED] - dZO = "АО «Воронежская горэлектросеть»": null

18-11-2024T10:37:07 - [TEST_STEP][PASSED] - a = 14: null

18-11-2024T10:37:07 - [TEST_STEP][PASSED] - i = dZO.length() - 1: null

18-11-2024T10:37:07 - [TEST_STEP][PASSED] - dzoCut = substring(4, i).replaceAll("\s+", ""): null

18-11-2024T10:37:07 - [TEST_STEP][PASSED] - if (x2.contains(dzoCut)): null

18-11-2024T10:37:07 - [TEST_STEP][PASSED] - filialNum = filialNum + 1: null

18-11-2024T10:37:07 - [TEST_STEP][PASSED] - Script1718980020443.Numbers(a, typeOfData, todaysDate, pageInt, fileInt, pageDouble, fileDouble, dZO, dzoNum, filialNum): null

18-11-2024T10:37:07 - [TEST_STEP][PASSED] - println(dzoNum): null

18-11-2024T10:37:07 - [TEST_STEP][PASSED] - planFact = <not implemented yet for class: org.codehaus.groovy.ast.expr.EmptyExpression>: null

18-11-2024T10:37:07 - [TEST_STEP][PASSED] - page = <not implemented yet for class: org.codehaus.groovy.ast.expr.EmptyExpression>: null

18-11-2024T10:37:07 - [TEST_STEP][PASSED] - page1 = <not implemented yet for class: org.codehaus.groovy.ast.expr.EmptyExpression>: null

18-11-2024T10:37:07 - [TEST_STEP][PASSED] - page2 = <not implemented yet for class: org.codehaus.groovy.ast.expr.EmptyExpression>: null

18-11-2024T10:37:07 - [TEST_STEP][PASSED] - filialNumberInRow = <not implemented yet for class: org.codehaus.groovy.ast.expr.EmptyExpression>: null

18-11-2024T10:37:07 - [TEST_STEP][PASSED] - filialsDzoNames = <not implemented yet for class: org.codehaus.groovy.ast.expr.EmptyExpression>: null

18-11-2024T10:37:07 - [TEST_STEP][PASSED] - numberOfFilials = <not implemented yet for class: org.codehaus.groovy.ast.expr.EmptyExpression>: null

18-11-2024T10:37:07 - [TEST_STEP][PASSED] - numberOfSpaces = <not implemented yet for class: org.codehaus.groovy.ast.expr.EmptyExpression>: null

18-11-2024T10:37:07 - [TEST_STEP][PASSED] - file = <not implemented yet for class: org.codehaus.groovy.ast.expr.EmptyExpression>: null

18-11-2024T10:37:07 - [TEST_STEP][PASSED] - otpusk = <not implemented yet for class: org.codehaus.groovy.ast.expr.EmptyExpression>: null

18-11-2024T10:37:07 - [TEST_STEP][PASSED] - poteri = <not implemented yet for class: org.codehaus.groovy.ast.expr.EmptyExpression>: null

18-11-2024T10:37:07 - [TEST_STEP][PASSED] - dataFolder = "Выполнение бизнес-плана/Значения со страницы Выполнение бизнес-плана/": null

18-11-2024T10:37:07 - [TEST_STEP][PASSED] - path = <not implemented yet for class: org.codehaus.groovy.ast.expr.EmptyExpression>: null

18-11-2024T10:37:07 - [TEST_STEP][PASSED] - typeOfDataMain = <not implemented yet for class: org.codehaus.groovy.ast.expr.EmptyExpression>: null

18-11-2024T10:37:07 - [TEST_STEP][PASSED] - fileOtpuskVSet = <not implemented yet for class: org.codehaus.groovy.ast.expr.EmptyExpression>: null

18-11-2024T10:37:07 - [TEST_STEP][PASSED] - pageOtpuskVSet = <not implemented yet for class: org.codehaus.groovy.ast.expr.EmptyExpression>: null

18-11-2024T10:37:07 - [TEST_STEP][PASSED] - filePoteri = <not implemented yet for class: org.codehaus.groovy.ast.expr.EmptyExpression>: null

18-11-2024T10:37:07 - [TEST_STEP][PASSED] - pagePoteri = <not implemented yet for class: org.codehaus.groovy.ast.expr.EmptyExpression>: null

18-11-2024T10:37:07 - [TEST_STEP][PASSED] - compare = <not implemented yet for class: org.codehaus.groovy.ast.expr.EmptyExpression>: null

18-11-2024T10:37:07 - [TEST_STEP][PASSED] - b = <not implemented yet for class: org.codehaus.groovy.ast.expr.EmptyExpression>: null

18-11-2024T10:37:07 - [TEST_STEP][PASSED] - i = <not implemented yet for class: org.codehaus.groovy.ast.expr.EmptyExpression>: null

18-11-2024T10:37:07 - [TEST_STEP][PASSED] - ii = <not implemented yet for class: org.codehaus.groovy.ast.expr.EmptyExpression>: null

18-11-2024T10:37:07 - [TEST_STEP][PASSED] - c = <not implemented yet for class: org.codehaus.groovy.ast.expr.EmptyExpression>: null

18-11-2024T10:37:07 - [TEST_STEP][PASSED] - numberOfErrors = 0: null

18-11-2024T10:37:07 - [TEST_STEP][PASSED] - if (a == 82): null

18-11-2024T10:37:07 - [TEST_STEP][PASSED] - b = findTestData("PlanFact").getValue(1, a): null

18-11-2024T10:37:07 - [TEST_STEP][PASSED] - i = b.indexOf(" (ГК)"): null

18-11-2024T10:37:07 - [TEST_STEP][PASSED] - if (i > -1): null

18-11-2024T10:37:07 - [TEST_STEP][PASSED] - i = b.indexOf("О ""): null

18-11-2024T10:37:07 - [TEST_STEP][PASSED] - if (i > -1): null

18-11-2024T10:37:07 - [TEST_STEP][PASSED] - i = b.indexOf("О «"): null

18-11-2024T10:37:07 - [TEST_STEP][PASSED] - if (i > -1): null

18-11-2024T10:37:07 - [TEST_STEP][PASSED] - b = b.substring(i + 3, b.length()): null

18-11-2024T10:37:07 - [TEST_STEP][PASSED] - i = b.indexOf("»"): null

18-11-2024T10:37:07 - [TEST_STEP][PASSED] - b = b.substring(0, i): null

18-11-2024T10:37:07 - [TEST_STEP][PASSED] - b = b.trim(): null

18-11-2024T10:37:07 - [TEST_STEP][PASSED] - i = b.indexOf("г. "): null

18-11-2024T10:37:07 - [TEST_STEP][PASSED] - if (i > -1): null

18-11-2024T10:37:07 - [TEST_STEP][PASSED] - println(b): null

18-11-2024T10:37:07 - [TEST_STEP][PASSED] - for ([planFact = 1, planFact < 3, (planFact++)]): Object: 'Object Repository/Выполнение бизнес-плана/Кнопка Факт' is clicked on

18-11-2024T10:37:07 - [TEST_STEP][PASSED] - if (planFact == 1): null

18-11-2024T10:37:07 - [TEST_STEP][PASSED] - typeOfDataMain = "Факт": null

18-11-2024T10:37:07 - [TEST_STEP][PASSED] - otpusk = findTestData("PlanFact").getValue(5, a): null

18-11-2024T10:37:07 - [TEST_STEP][PASSED] - poteri = findTestData("PlanFact").getValue(6, a): null

18-11-2024T10:37:07 - [TEST_STEP][PASSED] - otpusk = otpusk.replaceAll("\s+", ""): null

18-11-2024T10:37:07 - [TEST_STEP][PASSED] - poteri = poteri.replaceAll("\s+", ""): null

18-11-2024T10:37:07 - [TEST_STEP][PASSED] - typeOfData = typeOfDataMain + " Отпуск в сеть": null

18-11-2024T10:37:07 - [TEST_STEP][PASSED] - if (a == 82): null

18-11-2024T10:37:07 - [TEST_STEP][PASSED] - else if (a == 84): null

18-11-2024T10:37:07 - [TEST_STEP][PASSED] - else if (a == 52 || a == 72 || a == 28 || a == 73 || a == 77 || a == 74 || a == 65 || a == 36 || a == 44 || a == 53 || a == 80 || a == 54 || a == 1 || a == 18 || a == 59 || a == 81): null

18-11-2024T10:37:07 - [TEST_STEP][PASSED] - else: null

18-11-2024T10:37:07 - [TEST_STEP][PASSED] - path = dataFolder + typeOfData + " за отчётный период " + b: null

18-11-2024T10:37:07 - [TEST_STEP][PASSED] - println(path): null

18-11-2024T10:37:07 - [TEST_STEP][PASSED] - page = getText(findTestObject(path)): Text of object 'Object Repository/Выполнение бизнес-плана/Значения со страницы Выполнение бизнес-плана/Факт Отпуск в сеть за отчётный период Воронежская горэлектросеть' is: '1 478 675'

18-11-2024T10:37:07 - [MESSAGE][PASSED] - Text of object 'Object Repository/Выполнение бизнес-плана/Значения со страницы Выполнение бизнес-плана/Факт Отпуск в сеть за отчётный период Воронежская горэлектросеть' is: '1 478 675'

18-11-2024T10:37:07 - [TEST_STEP][PASSED] - page = page.replaceAll("\s+", ""): null

18-11-2024T10:37:07 - [TEST_STEP][PASSED] - fileOtpuskVSet = otpusk.toInteger(): null

18-11-2024T10:37:07 - [TEST_STEP][PASSED] - pageOtpuskVSet = page.toInteger(): null

18-11-2024T10:37:07 - [TEST_STEP][PASSED] - typeOfData = typeOfDataMain + " Потери": null

18-11-2024T10:37:07 - [TEST_STEP][PASSED] - if (a == 82): null

18-11-2024T10:37:07 - [TEST_STEP][PASSED] - else if (a == 84): null

18-11-2024T10:37:07 - [TEST_STEP][PASSED] - else if (a == 52 || a == 72 || a == 28 || a == 73 || a == 77 || a == 74 || a == 65 || a == 36 || a == 44 || a == 53 || a == 80 || a == 54 || a == 1 || a == 18 || a == 59 || a == 81): null

18-11-2024T10:37:07 - [TEST_STEP][PASSED] - else: null

18-11-2024T10:37:07 - [TEST_STEP][PASSED] - path = dataFolder + typeOfData + " за отчётный период " + b: null

18-11-2024T10:37:07 - [TEST_STEP][PASSED] - page = getText(findTestObject(path)): Text of object 'Object Repository/Выполнение бизнес-плана/Значения со страницы Выполнение бизнес-плана/Факт Потери за отчётный период Воронежская горэлектросеть' is: '179 644'

18-11-2024T10:37:07 - [MESSAGE][PASSED] - Text of object 'Object Repository/Выполнение бизнес-плана/Значения со страницы Выполнение бизнес-плана/Факт Потери за отчётный период Воронежская горэлектросеть' is: '179 644'

18-11-2024T10:37:07 - [TEST_STEP][PASSED] - page = page.replaceAll("\s+", ""): null

18-11-2024T10:37:07 - [TEST_STEP][PASSED] - filePoteri = poteri.toInteger(): null

18-11-2024T10:37:07 - [TEST_STEP][PASSED] - pagePoteri = page.toInteger(): null

18-11-2024T10:37:07 - [TEST_STEP][PASSED] - compare = pageOtpuskVSet: null

18-11-2024T10:37:07 - [TEST_STEP][PASSED] - if (compare == fileOtpuskVSet): null

18-11-2024T10:37:07 - [TEST_STEP][PASSED] - if (compare == fileOtpuskVSet): null

18-11-2024T10:37:07 - [TEST_STEP][PASSED] - compare = pagePoteri: null

18-11-2024T10:37:07 - [TEST_STEP][PASSED] - if (compare == filePoteri): null

18-11-2024T10:37:07 - [TEST_STEP][PASSED] - if (compare == filePoteri): null

18-11-2024T10:37:07 - [TEST_STEP][PASSED] - if (planFact == 2): null

18-11-2024T10:37:07 - [TEST_STEP][PASSED] - if (planFact == 1): null

18-11-2024T10:37:07 - [TEST_STEP][PASSED] - else if (planFact == 2): null

18-11-2024T10:37:07 - [TEST_STEP][PASSED] - click(findTestObject("Выполнение бизнес-плана/Кнопка План")): Object: 'Object Repository/Выполнение бизнес-плана/Кнопка План' is clicked on

18-11-2024T10:37:08 - [MESSAGE][PASSED] - Object: 'Object Repository/Выполнение бизнес-плана/Кнопка План' is clicked on

18-11-2024T10:37:08 - [TEST_STEP][PASSED] - typeOfDataMain = "План": null

18-11-2024T10:37:08 - [TEST_STEP][PASSED] - otpusk = findTestData("PlanFact").getValue(2, a): null

18-11-2024T10:37:08 - [TEST_STEP][PASSED] - poteri = findTestData("PlanFact").getValue(3, a): null

18-11-2024T10:37:08 - [TEST_STEP][PASSED] - otpusk = otpusk.replaceAll("\s+", ""): null

18-11-2024T10:37:08 - [TEST_STEP][PASSED] - poteri = poteri.replaceAll("\s+", ""): null

18-11-2024T10:37:08 - [TEST_STEP][PASSED] - typeOfData = typeOfDataMain + " Отпуск в сеть": null

18-11-2024T10:37:08 - [TEST_STEP][PASSED] - if (a == 82): null

18-11-2024T10:37:08 - [TEST_STEP][PASSED] - else if (a == 84): null

18-11-2024T10:37:08 - [TEST_STEP][PASSED] - else if (a == 52 || a == 72 || a == 28 || a == 73 || a == 77 || a == 74 || a == 65 || a == 36 || a == 44 || a == 53 || a == 80 || a == 54 || a == 1 || a == 18 || a == 59 || a == 81): null

18-11-2024T10:37:08 - [TEST_STEP][PASSED] - else: null

18-11-2024T10:37:08 - [TEST_STEP][PASSED] - path = dataFolder + typeOfData + " за отчётный период " + b: null

18-11-2024T10:37:08 - [TEST_STEP][PASSED] - println(path): null

18-11-2024T10:37:08 - [TEST_STEP][PASSED] - page = getText(findTestObject(path)): Text of object 'Object Repository/Выполнение бизнес-плана/Значения со страницы Выполнение бизнес-плана/План Отпуск в сеть за отчётный период Воронежская горэлектросеть' is: '1 417 252'

18-11-2024T10:37:08 - [MESSAGE][PASSED] - Text of object 'Object Repository/Выполнение бизнес-плана/Значения со страницы Выполнение бизнес-плана/План Отпуск в сеть за отчётный период Воронежская горэлектросеть' is: '1 417 252'

18-11-2024T10:37:08 - [TEST_STEP][PASSED] - page = page.replaceAll("\s+", ""): null

18-11-2024T10:37:08 - [TEST_STEP][PASSED] - fileOtpuskVSet = otpusk.toInteger(): null

18-11-2024T10:37:08 - [TEST_STEP][PASSED] - pageOtpuskVSet = page.toInteger(): null

18-11-2024T10:37:08 - [TEST_STEP][PASSED] - typeOfData = typeOfDataMain + " Потери": null

18-11-2024T10:37:08 - [TEST_STEP][PASSED] - if (a == 82): null

18-11-2024T10:37:08 - [TEST_STEP][PASSED] - else if (a == 84): null

18-11-2024T10:37:08 - [TEST_STEP][PASSED] - else if (a == 52 || a == 72 || a == 28 || a == 73 || a == 77 || a == 74 || a == 65 || a == 36 || a == 44 || a == 53 || a == 80 || a == 54 || a == 1 || a == 18 || a == 59 || a == 81): null

18-11-2024T10:37:08 - [TEST_STEP][PASSED] - else: null

18-11-2024T10:37:08 - [TEST_STEP][PASSED] - path = dataFolder + typeOfData + " за отчётный период " + b: null

18-11-2024T10:37:08 - [TEST_STEP][PASSED] - page = getText(findTestObject(path)): Text of object 'Object Repository/Выполнение бизнес-плана/Значения со страницы Выполнение бизнес-плана/План Потери за отчётный период Воронежская горэлектросеть' is: '178 746'

18-11-2024T10:37:09 - [MESSAGE][PASSED] - Text of object 'Object Repository/Выполнение бизнес-плана/Значения со страницы Выполнение бизнес-плана/План Потери за отчётный период Воронежская горэлектросеть' is: '178 746'

18-11-2024T10:37:09 - [TEST_STEP][PASSED] - page = page.replaceAll("\s+", ""): null

18-11-2024T10:37:09 - [TEST_STEP][PASSED] - filePoteri = poteri.toInteger(): null

18-11-2024T10:37:09 - [TEST_STEP][PASSED] - pagePoteri = page.toInteger(): null

18-11-2024T10:37:09 - [TEST_STEP][PASSED] - compare = pageOtpuskVSet: null

18-11-2024T10:37:09 - [TEST_STEP][PASSED] - if (compare == fileOtpuskVSet): null

18-11-2024T10:37:09 - [TEST_STEP][PASSED] - if (compare == fileOtpuskVSet): null

18-11-2024T10:37:09 - [TEST_STEP][PASSED] - compare = pagePoteri: null

18-11-2024T10:37:09 - [TEST_STEP][PASSED] - if (compare == filePoteri): null

18-11-2024T10:37:09 - [TEST_STEP][PASSED] - if (compare == filePoteri): null

18-11-2024T10:37:09 - [TEST_STEP][PASSED] - if (planFact == 2): Object: 'Object Repository/Выполнение бизнес-плана/Кнопка Факт' is clicked on

18-11-2024T10:37:09 - [TEST_STEP][PASSED] - click(findTestObject("Выполнение бизнес-плана/Кнопка Факт")): Object: 'Object Repository/Выполнение бизнес-плана/Кнопка Факт' is clicked on

18-11-2024T10:37:09 - [MESSAGE][PASSED] - Object: 'Object Repository/Выполнение бизнес-плана/Кнопка Факт' is clicked on

18-11-2024T10:37:09 - [TEST_STEP][PASSED] - if (a == 84 || a == 82): null

18-11-2024T10:37:09 - [TEST_STEP][PASSED] - else if (a == 52 || a == 72 || a == 28 || a == 73 || a == 77 || a == 74 || a == 65 || a == 36 || a == 44 || a == 53 || a == 80 || a == 54 || a == 1 || a == 18 || a == 59 || a == 81): null

18-11-2024T10:37:09 - [TEST_STEP][PASSED] - else: null

18-11-2024T10:37:09 - [TEST_STEP][PASSED] - page1 = getText(findTestObject("Object Repository/Выполнение бизнес-плана/spanPlan" + filialNum)): Text of object 'Object Repository/Выполнение бизнес-плана/spanPlan1' is: '12.61
|'

18-11-2024T10:37:09 - [MESSAGE][PASSED] - Text of object 'Object Repository/Выполнение бизнес-плана/spanPlan1' is: '12.61
|'

18-11-2024T10:37:09 - [TEST_STEP][PASSED] - page1 = page1.replace("|", ""): null

18-11-2024T10:37:09 - [TEST_STEP][PASSED] - page2 = getText(findTestObject("Object Repository/Выполнение бизнес-плана/spanFact" + filialNum)): Text of object 'Object Repository/Выполнение бизнес-плана/spanFact1' is: '12.15
|'

18-11-2024T10:37:09 - [MESSAGE][PASSED] - Text of object 'Object Repository/Выполнение бизнес-плана/spanFact1' is: '12.15
|'

18-11-2024T10:37:09 - [TEST_STEP][PASSED] - page2 = page2.replace("|", ""): null

18-11-2024T10:37:09 - [TEST_STEP][PASSED] - println("page1: " + page1): null

18-11-2024T10:37:09 - [TEST_STEP][PASSED] - println("page2: " + page2): null

18-11-2024T10:37:09 - [TEST_STEP][PASSED] - file = findTestData("PlanFact").getValue(4, a): null

18-11-2024T10:37:10 - [TEST_STEP][PASSED] - file = file.replace(",", "."): null

18-11-2024T10:37:10 - [TEST_STEP][PASSED] - println("file Plan: " + file): null

18-11-2024T10:37:10 - [TEST_STEP][PASSED] - typeOfData = "План в процентах": null

18-11-2024T10:37:10 - [TEST_STEP][PASSED] - fileDouble = file.toDouble(): null

18-11-2024T10:37:10 - [TEST_STEP][PASSED] - pageDouble = page1.toDouble(): null

18-11-2024T10:37:10 - [TEST_STEP][PASSED] - if (fileDouble != pageDouble): null

18-11-2024T10:37:10 - [TEST_STEP][PASSED] - file = findTestData("PlanFact").getValue(7, a): null

18-11-2024T10:37:10 - [TEST_STEP][PASSED] - file = file.replace(",", "."): null

18-11-2024T10:37:10 - [TEST_STEP][PASSED] - println("file Fact: " + file): null

18-11-2024T10:37:10 - [TEST_STEP][PASSED] - fileDouble = file.toDouble(): null

18-11-2024T10:37:10 - [TEST_STEP][PASSED] - typeOfData = "Факт в процентах": null

18-11-2024T10:37:10 - [TEST_STEP][PASSED] - fileDouble = file.toDouble(): null

18-11-2024T10:37:10 - [TEST_STEP][PASSED] - pageDouble = page2.toDouble(): null

18-11-2024T10:37:10 - [TEST_STEP][PASSED] - if (fileDouble != pageDouble): null

18-11-2024T10:37:10 - [TEST_STEP][PASSED] - if (verifyEqual(numberOfErrors, 0) == false): Actual object '0' and expected object '0' are equal

18-11-2024T10:37:10 - [MESSAGE][PASSED] - Actual object '0' and expected object '0' are equal

18-11-2024T10:37:10 - [TEST_STEP][PASSED] - if (a == 82): null

18-11-2024T10:37:10 - [TEST_STEP][PASSED] - dZO = "АО «Тульские городские электрические сети»": null

18-11-2024T10:37:10 - [TEST_STEP][PASSED] - a = 16: null

18-11-2024T10:37:10 - [TEST_STEP][PASSED] - i = dZO.length() - 1: null

18-11-2024T10:37:10 - [TEST_STEP][PASSED] - dzoCut = substring(4, i).replaceAll("\s+", ""): null

18-11-2024T10:37:10 - [TEST_STEP][PASSED] - if (x2.contains(dzoCut)): null

18-11-2024T10:37:10 - [TEST_STEP][PASSED] - filialNum = filialNum + 1: null

18-11-2024T10:37:10 - [TEST_STEP][PASSED] - Script1718980020443.Numbers(a, typeOfData, todaysDate, pageInt, fileInt, pageDouble, fileDouble, dZO, dzoNum, filialNum): null

18-11-2024T10:37:10 - [TEST_STEP][PASSED] - println(dzoNum): null

18-11-2024T10:37:10 - [TEST_STEP][PASSED] - planFact = <not implemented yet for class: org.codehaus.groovy.ast.expr.EmptyExpression>: null

18-11-2024T10:37:10 - [TEST_STEP][PASSED] - page = <not implemented yet for class: org.codehaus.groovy.ast.expr.EmptyExpression>: null

18-11-2024T10:37:10 - [TEST_STEP][PASSED] - page1 = <not implemented yet for class: org.codehaus.groovy.ast.expr.EmptyExpression>: null

18-11-2024T10:37:10 - [TEST_STEP][PASSED] - page2 = <not implemented yet for class: org.codehaus.groovy.ast.expr.EmptyExpression>: null

18-11-2024T10:37:10 - [TEST_STEP][PASSED] - filialNumberInRow = <not implemented yet for class: org.codehaus.groovy.ast.expr.EmptyExpression>: null

18-11-2024T10:37:10 - [TEST_STEP][PASSED] - filialsDzoNames = <not implemented yet for class: org.codehaus.groovy.ast.expr.EmptyExpression>: null

18-11-2024T10:37:10 - [TEST_STEP][PASSED] - numberOfFilials = <not implemented yet for class: org.codehaus.groovy.ast.expr.EmptyExpression>: null

18-11-2024T10:37:10 - [TEST_STEP][PASSED] - numberOfSpaces = <not implemented yet for class: org.codehaus.groovy.ast.expr.EmptyExpression>: null

18-11-2024T10:37:10 - [TEST_STEP][PASSED] - file = <not implemented yet for class: org.codehaus.groovy.ast.expr.EmptyExpression>: null

18-11-2024T10:37:10 - [TEST_STEP][PASSED] - otpusk = <not implemented yet for class: org.codehaus.groovy.ast.expr.EmptyExpression>: null

18-11-2024T10:37:10 - [TEST_STEP][PASSED] - poteri = <not implemented yet for class: org.codehaus.groovy.ast.expr.EmptyExpression>: null

18-11-2024T10:37:10 - [TEST_STEP][PASSED] - dataFolder = "Выполнение бизнес-плана/Значения со страницы Выполнение бизнес-плана/": null

18-11-2024T10:37:10 - [TEST_STEP][PASSED] - path = <not implemented yet for class: org.codehaus.groovy.ast.expr.EmptyExpression>: null

18-11-2024T10:37:10 - [TEST_STEP][PASSED] - typeOfDataMain = <not implemented yet for class: org.codehaus.groovy.ast.expr.EmptyExpression>: null

18-11-2024T10:37:10 - [TEST_STEP][PASSED] - fileOtpuskVSet = <not implemented yet for class: org.codehaus.groovy.ast.expr.EmptyExpression>: null

18-11-2024T10:37:10 - [TEST_STEP][PASSED] - pageOtpuskVSet = <not implemented yet for class: org.codehaus.groovy.ast.expr.EmptyExpression>: null

18-11-2024T10:37:10 - [TEST_STEP][PASSED] - filePoteri = <not implemented yet for class: org.codehaus.groovy.ast.expr.EmptyExpression>: null

18-11-2024T10:37:10 - [TEST_STEP][PASSED] - pagePoteri = <not implemented yet for class: org.codehaus.groovy.ast.expr.EmptyExpression>: null

18-11-2024T10:37:10 - [TEST_STEP][PASSED] - compare = <not implemented yet for class: org.codehaus.groovy.ast.expr.EmptyExpression>: null

18-11-2024T10:37:10 - [TEST_STEP][PASSED] - b = <not implemented yet for class: org.codehaus.groovy.ast.expr.EmptyExpression>: null

18-11-2024T10:37:10 - [TEST_STEP][PASSED] - i = <not implemented yet for class: org.codehaus.groovy.ast.expr.EmptyExpression>: null

18-11-2024T10:37:10 - [TEST_STEP][PASSED] - ii = <not implemented yet for class: org.codehaus.groovy.ast.expr.EmptyExpression>: null

18-11-2024T10:37:10 - [TEST_STEP][PASSED] - c = <not implemented yet for class: org.codehaus.groovy.ast.expr.EmptyExpression>: null

18-11-2024T10:37:10 - [TEST_STEP][PASSED] - numberOfErrors = 0: null

18-11-2024T10:37:10 - [TEST_STEP][PASSED] - if (a == 82): null

18-11-2024T10:37:10 - [TEST_STEP][PASSED] - b = findTestData("PlanFact").getValue(1, a): null

18-11-2024T10:37:10 - [TEST_STEP][PASSED] - i = b.indexOf(" (ГК)"): null

18-11-2024T10:37:10 - [TEST_STEP][PASSED] - if (i > -1): null

18-11-2024T10:37:10 - [TEST_STEP][PASSED] - i = b.indexOf("О ""): null

18-11-2024T10:37:10 - [TEST_STEP][PASSED] - if (i > -1): null

18-11-2024T10:37:10 - [TEST_STEP][PASSED] - i = b.indexOf("О «"): null

18-11-2024T10:37:10 - [TEST_STEP][PASSED] - if (i > -1): null

18-11-2024T10:37:10 - [TEST_STEP][PASSED] - b = b.substring(i + 3, b.length()): null

18-11-2024T10:37:10 - [TEST_STEP][PASSED] - i = b.indexOf("»"): null

18-11-2024T10:37:10 - [TEST_STEP][PASSED] - b = b.substring(0, i): null

18-11-2024T10:37:10 - [TEST_STEP][PASSED] - b = b.trim(): null

18-11-2024T10:37:10 - [TEST_STEP][PASSED] - i = b.indexOf("г. "): null

18-11-2024T10:37:10 - [TEST_STEP][PASSED] - if (i > -1): null

18-11-2024T10:37:10 - [TEST_STEP][PASSED] - println(b): null

18-11-2024T10:37:10 - [TEST_STEP][PASSED] - for ([planFact = 1, planFact < 3, (planFact++)]): Object: 'Object Repository/Выполнение бизнес-плана/Кнопка Факт' is clicked on

18-11-2024T10:37:10 - [TEST_STEP][PASSED] - if (planFact == 1): null

18-11-2024T10:37:10 - [TEST_STEP][PASSED] - typeOfDataMain = "Факт": null

18-11-2024T10:37:10 - [TEST_STEP][PASSED] - otpusk = findTestData("PlanFact").getValue(5, a): null

18-11-2024T10:37:10 - [TEST_STEP][PASSED] - poteri = findTestData("PlanFact").getValue(6, a): null

18-11-2024T10:37:10 - [TEST_STEP][PASSED] - otpusk = otpusk.replaceAll("\s+", ""): null

18-11-2024T10:37:10 - [TEST_STEP][PASSED] - poteri = poteri.replaceAll("\s+", ""): null

18-11-2024T10:37:10 - [TEST_STEP][PASSED] - typeOfData = typeOfDataMain + " Отпуск в сеть": null

18-11-2024T10:37:10 - [TEST_STEP][PASSED] - if (a == 82): null

18-11-2024T10:37:10 - [TEST_STEP][PASSED] - else if (a == 84): null

18-11-2024T10:37:10 - [TEST_STEP][PASSED] - else if (a == 52 || a == 72 || a == 28 || a == 73 || a == 77 || a == 74 || a == 65 || a == 36 || a == 44 || a == 53 || a == 80 || a == 54 || a == 1 || a == 18 || a == 59 || a == 81): null

18-11-2024T10:37:10 - [TEST_STEP][PASSED] - else: null

18-11-2024T10:37:10 - [TEST_STEP][PASSED] - path = dataFolder + typeOfData + " за отчётный период " + b: null

18-11-2024T10:37:10 - [TEST_STEP][PASSED] - println(path): null

18-11-2024T10:37:10 - [TEST_STEP][PASSED] - page = getText(findTestObject(path)): Text of object 'Object Repository/Выполнение бизнес-плана/Значения со страницы Выполнение бизнес-плана/Факт Отпуск в сеть за отчётный период Тульские городские электрические сети' is: '863 423'

18-11-2024T10:37:10 - [MESSAGE][PASSED] - Text of object 'Object Repository/Выполнение бизнес-плана/Значения со страницы Выполнение бизнес-плана/Факт Отпуск в сеть за отчётный период Тульские городские электрические сети' is: '863 423'

18-11-2024T10:37:10 - [TEST_STEP][PASSED] - page = page.replaceAll("\s+", ""): null

18-11-2024T10:37:10 - [TEST_STEP][PASSED] - fileOtpuskVSet = otpusk.toInteger(): null

18-11-2024T10:37:10 - [TEST_STEP][PASSED] - pageOtpuskVSet = page.toInteger(): null

18-11-2024T10:37:10 - [TEST_STEP][PASSED] - typeOfData = typeOfDataMain + " Потери": null

18-11-2024T10:37:10 - [TEST_STEP][PASSED] - if (a == 82): null

18-11-2024T10:37:10 - [TEST_STEP][PASSED] - else if (a == 84): null

18-11-2024T10:37:10 - [TEST_STEP][PASSED] - else if (a == 52 || a == 72 || a == 28 || a == 73 || a == 77 || a == 74 || a == 65 || a == 36 || a == 44 || a == 53 || a == 80 || a == 54 || a == 1 || a == 18 || a == 59 || a == 81): null

18-11-2024T10:37:10 - [TEST_STEP][PASSED] - else: null

18-11-2024T10:37:10 - [TEST_STEP][PASSED] - path = dataFolder + typeOfData + " за отчётный период " + b: null

18-11-2024T10:37:10 - [TEST_STEP][PASSED] - page = getText(findTestObject(path)): Text of object 'Object Repository/Выполнение бизнес-плана/Значения со страницы Выполнение бизнес-плана/Факт Потери за отчётный период Тульские городские электрические сети' is: '85 098'

18-11-2024T10:37:10 - [MESSAGE][PASSED] - Text of object 'Object Repository/Выполнение бизнес-плана/Значения со страницы Выполнение бизнес-плана/Факт Потери за отчётный период Тульские городские электрические сети' is: '85 098'

18-11-2024T10:37:10 - [TEST_STEP][PASSED] - page = page.replaceAll("\s+", ""): null

18-11-2024T10:37:10 - [TEST_STEP][PASSED] - filePoteri = poteri.toInteger(): null

18-11-2024T10:37:10 - [TEST_STEP][PASSED] - pagePoteri = page.toInteger(): null

18-11-2024T10:37:10 - [TEST_STEP][PASSED] - compare = pageOtpuskVSet: null

18-11-2024T10:37:10 - [TEST_STEP][PASSED] - if (compare == fileOtpuskVSet): null

18-11-2024T10:37:10 - [TEST_STEP][PASSED] - if (compare == fileOtpuskVSet): null

18-11-2024T10:37:10 - [TEST_STEP][PASSED] - compare = pagePoteri: null

18-11-2024T10:37:10 - [TEST_STEP][PASSED] - if (compare == filePoteri): null

18-11-2024T10:37:10 - [TEST_STEP][PASSED] - if (compare == filePoteri): null

18-11-2024T10:37:10 - [TEST_STEP][PASSED] - if (planFact == 2): null

18-11-2024T10:37:10 - [TEST_STEP][PASSED] - if (planFact == 1): null

18-11-2024T10:37:10 - [TEST_STEP][PASSED] - else if (planFact == 2): null

18-11-2024T10:37:10 - [TEST_STEP][PASSED] - click(findTestObject("Выполнение бизнес-плана/Кнопка План")): Object: 'Object Repository/Выполнение бизнес-плана/Кнопка План' is clicked on

18-11-2024T10:37:11 - [MESSAGE][PASSED] - Object: 'Object Repository/Выполнение бизнес-плана/Кнопка План' is clicked on

18-11-2024T10:37:11 - [TEST_STEP][PASSED] - typeOfDataMain = "План": null

18-11-2024T10:37:11 - [TEST_STEP][PASSED] - otpusk = findTestData("PlanFact").getValue(2, a): null

18-11-2024T10:37:11 - [TEST_STEP][PASSED] - poteri = findTestData("PlanFact").getValue(3, a): null

18-11-2024T10:37:11 - [TEST_STEP][PASSED] - otpusk = otpusk.replaceAll("\s+", ""): null

18-11-2024T10:37:11 - [TEST_STEP][PASSED] - poteri = poteri.replaceAll("\s+", ""): null

18-11-2024T10:37:11 - [TEST_STEP][PASSED] - typeOfData = typeOfDataMain + " Отпуск в сеть": null

18-11-2024T10:37:11 - [TEST_STEP][PASSED] - if (a == 82): null

18-11-2024T10:37:11 - [TEST_STEP][PASSED] - else if (a == 84): null

18-11-2024T10:37:11 - [TEST_STEP][PASSED] - else if (a == 52 || a == 72 || a == 28 || a == 73 || a == 77 || a == 74 || a == 65 || a == 36 || a == 44 || a == 53 || a == 80 || a == 54 || a == 1 || a == 18 || a == 59 || a == 81): null

18-11-2024T10:37:11 - [TEST_STEP][PASSED] - else: null

18-11-2024T10:37:11 - [TEST_STEP][PASSED] - path = dataFolder + typeOfData + " за отчётный период " + b: null

18-11-2024T10:37:11 - [TEST_STEP][PASSED] - println(path): null

18-11-2024T10:37:11 - [TEST_STEP][PASSED] - page = getText(findTestObject(path)): Text of object 'Object Repository/Выполнение бизнес-плана/Значения со страницы Выполнение бизнес-плана/План Отпуск в сеть за отчётный период Тульские городские электрические сети' is: '842 341'

18-11-2024T10:37:11 - [MESSAGE][PASSED] - Text of object 'Object Repository/Выполнение бизнес-плана/Значения со страницы Выполнение бизнес-плана/План Отпуск в сеть за отчётный период Тульские городские электрические сети' is: '842 341'

18-11-2024T10:37:11 - [TEST_STEP][PASSED] - page = page.replaceAll("\s+", ""): null

18-11-2024T10:37:11 - [TEST_STEP][PASSED] - fileOtpuskVSet = otpusk.toInteger(): null

18-11-2024T10:37:11 - [TEST_STEP][PASSED] - pageOtpuskVSet = page.toInteger(): null

18-11-2024T10:37:11 - [TEST_STEP][PASSED] - typeOfData = typeOfDataMain + " Потери": null

18-11-2024T10:37:11 - [TEST_STEP][PASSED] - if (a == 82): null

18-11-2024T10:37:11 - [TEST_STEP][PASSED] - else if (a == 84): null

18-11-2024T10:37:11 - [TEST_STEP][PASSED] - else if (a == 52 || a == 72 || a == 28 || a == 73 || a == 77 || a == 74 || a == 65 || a == 36 || a == 44 || a == 53 || a == 80 || a == 54 || a == 1 || a == 18 || a == 59 || a == 81): null

18-11-2024T10:37:11 - [TEST_STEP][PASSED] - else: null

18-11-2024T10:37:11 - [TEST_STEP][PASSED] - path = dataFolder + typeOfData + " за отчётный период " + b: null

18-11-2024T10:37:11 - [TEST_STEP][PASSED] - page = getText(findTestObject(path)): Text of object 'Object Repository/Выполнение бизнес-плана/Значения со страницы Выполнение бизнес-плана/План Потери за отчётный период Тульские городские электрические сети' is: '85 646'

18-11-2024T10:37:11 - [MESSAGE][PASSED] - Text of object 'Object Repository/Выполнение бизнес-плана/Значения со страницы Выполнение бизнес-плана/План Потери за отчётный период Тульские городские электрические сети' is: '85 646'

18-11-2024T10:37:11 - [TEST_STEP][PASSED] - page = page.replaceAll("\s+", ""): null

18-11-2024T10:37:11 - [TEST_STEP][PASSED] - filePoteri = poteri.toInteger(): null

18-11-2024T10:37:11 - [TEST_STEP][PASSED] - pagePoteri = page.toInteger(): null

18-11-2024T10:37:11 - [TEST_STEP][PASSED] - compare = pageOtpuskVSet: null

18-11-2024T10:37:11 - [TEST_STEP][PASSED] - if (compare == fileOtpuskVSet): null

18-11-2024T10:37:11 - [TEST_STEP][PASSED] - if (compare == fileOtpuskVSet): null

18-11-2024T10:37:11 - [TEST_STEP][PASSED] - compare = pagePoteri: null

18-11-2024T10:37:11 - [TEST_STEP][PASSED] - if (compare == filePoteri): null

18-11-2024T10:37:11 - [TEST_STEP][PASSED] - if (compare == filePoteri): null

18-11-2024T10:37:11 - [TEST_STEP][PASSED] - if (planFact == 2): Object: 'Object Repository/Выполнение бизнес-плана/Кнопка Факт' is clicked on

18-11-2024T10:37:11 - [TEST_STEP][PASSED] - click(findTestObject("Выполнение бизнес-плана/Кнопка Факт")): Object: 'Object Repository/Выполнение бизнес-плана/Кнопка Факт' is clicked on

18-11-2024T10:37:12 - [MESSAGE][PASSED] - Object: 'Object Repository/Выполнение бизнес-плана/Кнопка Факт' is clicked on

18-11-2024T10:37:12 - [TEST_STEP][PASSED] - if (a == 84 || a == 82): null

18-11-2024T10:37:12 - [TEST_STEP][PASSED] - else if (a == 52 || a == 72 || a == 28 || a == 73 || a == 77 || a == 74 || a == 65 || a == 36 || a == 44 || a == 53 || a == 80 || a == 54 || a == 1 || a == 18 || a == 59 || a == 81): null

18-11-2024T10:37:12 - [TEST_STEP][PASSED] - else: null

18-11-2024T10:37:12 - [TEST_STEP][PASSED] - page1 = getText(findTestObject("Object Repository/Выполнение бизнес-плана/spanPlan" + filialNum)): Text of object 'Object Repository/Выполнение бизнес-плана/spanPlan2' is: '10.17
|'

18-11-2024T10:37:12 - [MESSAGE][PASSED] - Text of object 'Object Repository/Выполнение бизнес-плана/spanPlan2' is: '10.17
|'

18-11-2024T10:37:12 - [TEST_STEP][PASSED] - page1 = page1.replace("|", ""): null

18-11-2024T10:37:12 - [TEST_STEP][PASSED] - page2 = getText(findTestObject("Object Repository/Выполнение бизнес-плана/spanFact" + filialNum)): Text of object 'Object Repository/Выполнение бизнес-плана/spanFact2' is: '9.86
|'

18-11-2024T10:37:12 - [MESSAGE][PASSED] - Text of object 'Object Repository/Выполнение бизнес-плана/spanFact2' is: '9.86
|'

18-11-2024T10:37:12 - [TEST_STEP][PASSED] - page2 = page2.replace("|", ""): null

18-11-2024T10:37:12 - [TEST_STEP][PASSED] - println("page1: " + page1): null

18-11-2024T10:37:12 - [TEST_STEP][PASSED] - println("page2: " + page2): null

18-11-2024T10:37:12 - [TEST_STEP][PASSED] - file = findTestData("PlanFact").getValue(4, a): null

18-11-2024T10:37:12 - [TEST_STEP][PASSED] - file = file.replace(",", "."): null

18-11-2024T10:37:12 - [TEST_STEP][PASSED] - println("file Plan: " + file): null

18-11-2024T10:37:12 - [TEST_STEP][PASSED] - typeOfData = "План в процентах": null

18-11-2024T10:37:12 - [TEST_STEP][PASSED] - fileDouble = file.toDouble(): null

18-11-2024T10:37:12 - [TEST_STEP][PASSED] - pageDouble = page1.toDouble(): null

18-11-2024T10:37:12 - [TEST_STEP][PASSED] - if (fileDouble != pageDouble): null

18-11-2024T10:37:12 - [TEST_STEP][PASSED] - file = findTestData("PlanFact").getValue(7, a): null

18-11-2024T10:37:13 - [TEST_STEP][PASSED] - file = file.replace(",", "."): null

18-11-2024T10:37:13 - [TEST_STEP][PASSED] - println("file Fact: " + file): null

18-11-2024T10:37:13 - [TEST_STEP][PASSED] - fileDouble = file.toDouble(): null

18-11-2024T10:37:13 - [TEST_STEP][PASSED] - typeOfData = "Факт в процентах": null

18-11-2024T10:37:13 - [TEST_STEP][PASSED] - fileDouble = file.toDouble(): null

18-11-2024T10:37:13 - [TEST_STEP][PASSED] - pageDouble = page2.toDouble(): null

18-11-2024T10:37:13 - [TEST_STEP][PASSED] - if (fileDouble != pageDouble): null

18-11-2024T10:37:13 - [TEST_STEP][PASSED] - if (verifyEqual(numberOfErrors, 0) == false): Actual object '0' and expected object '0' are equal

18-11-2024T10:37:13 - [MESSAGE][PASSED] - Actual object '0' and expected object '0' are equal

18-11-2024T10:37:13 - [TEST_STEP][PASSED] - if (a == 82): null

18-11-2024T10:37:13 - [TEST_STEP][PASSED] - dZO = "АО «Ярославская электросетевая компания»": null

18-11-2024T10:37:13 - [TEST_STEP][PASSED] - a = 17: null

18-11-2024T10:37:13 - [TEST_STEP][PASSED] - i = dZO.length() - 1: null

18-11-2024T10:37:13 - [TEST_STEP][PASSED] - dzoCut = substring(4, i).replaceAll("\s+", ""): null

18-11-2024T10:37:13 - [TEST_STEP][PASSED] - if (x2.contains(dzoCut)): null

18-11-2024T10:37:13 - [TEST_STEP][PASSED] - filialNum = filialNum + 1: null

18-11-2024T10:37:13 - [TEST_STEP][PASSED] - Script1718980020443.Numbers(a, typeOfData, todaysDate, pageInt, fileInt, pageDouble, fileDouble, dZO, dzoNum, filialNum): null

18-11-2024T10:37:13 - [TEST_STEP][PASSED] - println(dzoNum): null

18-11-2024T10:37:13 - [TEST_STEP][PASSED] - planFact = <not implemented yet for class: org.codehaus.groovy.ast.expr.EmptyExpression>: null

18-11-2024T10:37:13 - [TEST_STEP][PASSED] - page = <not implemented yet for class: org.codehaus.groovy.ast.expr.EmptyExpression>: null

18-11-2024T10:37:13 - [TEST_STEP][PASSED] - page1 = <not implemented yet for class: org.codehaus.groovy.ast.expr.EmptyExpression>: null

18-11-2024T10:37:13 - [TEST_STEP][PASSED] - page2 = <not implemented yet for class: org.codehaus.groovy.ast.expr.EmptyExpression>: null

18-11-2024T10:37:13 - [TEST_STEP][PASSED] - filialNumberInRow = <not implemented yet for class: org.codehaus.groovy.ast.expr.EmptyExpression>: null

18-11-2024T10:37:13 - [TEST_STEP][PASSED] - filialsDzoNames = <not implemented yet for class: org.codehaus.groovy.ast.expr.EmptyExpression>: null

18-11-2024T10:37:13 - [TEST_STEP][PASSED] - numberOfFilials = <not implemented yet for class: org.codehaus.groovy.ast.expr.EmptyExpression>: null

18-11-2024T10:37:13 - [TEST_STEP][PASSED] - numberOfSpaces = <not implemented yet for class: org.codehaus.groovy.ast.expr.EmptyExpression>: null

18-11-2024T10:37:13 - [TEST_STEP][PASSED] - file = <not implemented yet for class: org.codehaus.groovy.ast.expr.EmptyExpression>: null

18-11-2024T10:37:13 - [TEST_STEP][PASSED] - otpusk = <not implemented yet for class: org.codehaus.groovy.ast.expr.EmptyExpression>: null

18-11-2024T10:37:13 - [TEST_STEP][PASSED] - poteri = <not implemented yet for class: org.codehaus.groovy.ast.expr.EmptyExpression>: null

18-11-2024T10:37:13 - [TEST_STEP][PASSED] - dataFolder = "Выполнение бизнес-плана/Значения со страницы Выполнение бизнес-плана/": null

18-11-2024T10:37:13 - [TEST_STEP][PASSED] - path = <not implemented yet for class: org.codehaus.groovy.ast.expr.EmptyExpression>: null

18-11-2024T10:37:13 - [TEST_STEP][PASSED] - typeOfDataMain = <not implemented yet for class: org.codehaus.groovy.ast.expr.EmptyExpression>: null

18-11-2024T10:37:13 - [TEST_STEP][PASSED] - fileOtpuskVSet = <not implemented yet for class: org.codehaus.groovy.ast.expr.EmptyExpression>: null

18-11-2024T10:37:13 - [TEST_STEP][PASSED] - pageOtpuskVSet = <not implemented yet for class: org.codehaus.groovy.ast.expr.EmptyExpression>: null

18-11-2024T10:37:13 - [TEST_STEP][PASSED] - filePoteri = <not implemented yet for class: org.codehaus.groovy.ast.expr.EmptyExpression>: null

18-11-2024T10:37:13 - [TEST_STEP][PASSED] - pagePoteri = <not implemented yet for class: org.codehaus.groovy.ast.expr.EmptyExpression>: null

18-11-2024T10:37:13 - [TEST_STEP][PASSED] - compare = <not implemented yet for class: org.codehaus.groovy.ast.expr.EmptyExpression>: null

18-11-2024T10:37:13 - [TEST_STEP][PASSED] - b = <not implemented yet for class: org.codehaus.groovy.ast.expr.EmptyExpression>: null

18-11-2024T10:37:13 - [TEST_STEP][PASSED] - i = <not implemented yet for class: org.codehaus.groovy.ast.expr.EmptyExpression>: null

18-11-2024T10:37:13 - [TEST_STEP][PASSED] - ii = <not implemented yet for class: org.codehaus.groovy.ast.expr.EmptyExpression>: null

18-11-2024T10:37:13 - [TEST_STEP][PASSED] - c = <not implemented yet for class: org.codehaus.groovy.ast.expr.EmptyExpression>: null

18-11-2024T10:37:13 - [TEST_STEP][PASSED] - numberOfErrors = 0: null

18-11-2024T10:37:13 - [TEST_STEP][PASSED] - if (a == 82): null

18-11-2024T10:37:13 - [TEST_STEP][PASSED] - b = findTestData("PlanFact").getValue(1, a): null

18-11-2024T10:37:13 - [TEST_STEP][PASSED] - i = b.indexOf(" (ГК)"): null

18-11-2024T10:37:13 - [TEST_STEP][PASSED] - if (i > -1): null

18-11-2024T10:37:13 - [TEST_STEP][PASSED] - i = b.indexOf("О ""): null

18-11-2024T10:37:13 - [TEST_STEP][PASSED] - if (i > -1): null

18-11-2024T10:37:13 - [TEST_STEP][PASSED] - i = b.indexOf("О «"): null

18-11-2024T10:37:13 - [TEST_STEP][PASSED] - if (i > -1): null

18-11-2024T10:37:13 - [TEST_STEP][PASSED] - b = b.substring(i + 3, b.length()): null

18-11-2024T10:37:13 - [TEST_STEP][PASSED] - i = b.indexOf("»"): null

18-11-2024T10:37:13 - [TEST_STEP][PASSED] - b = b.substring(0, i): null

18-11-2024T10:37:13 - [TEST_STEP][PASSED] - b = b.trim(): null

18-11-2024T10:37:13 - [TEST_STEP][PASSED] - i = b.indexOf("г. "): null

18-11-2024T10:37:13 - [TEST_STEP][PASSED] - if (i > -1): null

18-11-2024T10:37:13 - [TEST_STEP][PASSED] - println(b): null

18-11-2024T10:37:13 - [TEST_STEP][PASSED] - for ([planFact = 1, planFact < 3, (planFact++)]): Object: 'Object Repository/Выполнение бизнес-плана/Кнопка Факт' is clicked on

18-11-2024T10:37:13 - [TEST_STEP][PASSED] - if (planFact == 1): null

18-11-2024T10:37:13 - [TEST_STEP][PASSED] - typeOfDataMain = "Факт": null

18-11-2024T10:37:13 - [TEST_STEP][PASSED] - otpusk = findTestData("PlanFact").getValue(5, a): null

18-11-2024T10:37:13 - [TEST_STEP][PASSED] - poteri = findTestData("PlanFact").getValue(6, a): null

18-11-2024T10:37:13 - [TEST_STEP][PASSED] - otpusk = otpusk.replaceAll("\s+", ""): null

18-11-2024T10:37:13 - [TEST_STEP][PASSED] - poteri = poteri.replaceAll("\s+", ""): null

18-11-2024T10:37:13 - [TEST_STEP][PASSED] - typeOfData = typeOfDataMain + " Отпуск в сеть": null

18-11-2024T10:37:13 - [TEST_STEP][PASSED] - if (a == 82): null

18-11-2024T10:37:13 - [TEST_STEP][PASSED] - else if (a == 84): null

18-11-2024T10:37:13 - [TEST_STEP][PASSED] - else if (a == 52 || a == 72 || a == 28 || a == 73 || a == 77 || a == 74 || a == 65 || a == 36 || a == 44 || a == 53 || a == 80 || a == 54 || a == 1 || a == 18 || a == 59 || a == 81): null

18-11-2024T10:37:13 - [TEST_STEP][PASSED] - else: null

18-11-2024T10:37:13 - [TEST_STEP][PASSED] - path = dataFolder + typeOfData + " за отчётный период " + b: null

18-11-2024T10:37:13 - [TEST_STEP][PASSED] - println(path): null

18-11-2024T10:37:13 - [TEST_STEP][PASSED] - page = getText(findTestObject(path)): Text of object 'Object Repository/Выполнение бизнес-плана/Значения со страницы Выполнение бизнес-плана/Факт Отпуск в сеть за отчётный период Ярославская электросетевая компания' is: '189 146'

18-11-2024T10:37:13 - [MESSAGE][PASSED] - Text of object 'Object Repository/Выполнение бизнес-плана/Значения со страницы Выполнение бизнес-плана/Факт Отпуск в сеть за отчётный период Ярославская электросетевая компания' is: '189 146'

18-11-2024T10:37:13 - [TEST_STEP][PASSED] - page = page.replaceAll("\s+", ""): null

18-11-2024T10:37:13 - [TEST_STEP][PASSED] - fileOtpuskVSet = otpusk.toInteger(): null

18-11-2024T10:37:13 - [TEST_STEP][PASSED] - pageOtpuskVSet = page.toInteger(): null

18-11-2024T10:37:13 - [TEST_STEP][PASSED] - typeOfData = typeOfDataMain + " Потери": null

18-11-2024T10:37:13 - [TEST_STEP][PASSED] - if (a == 82): null

18-11-2024T10:37:13 - [TEST_STEP][PASSED] - else if (a == 84): null

18-11-2024T10:37:13 - [TEST_STEP][PASSED] - else if (a == 52 || a == 72 || a == 28 || a == 73 || a == 77 || a == 74 || a == 65 || a == 36 || a == 44 || a == 53 || a == 80 || a == 54 || a == 1 || a == 18 || a == 59 || a == 81): null

18-11-2024T10:37:13 - [TEST_STEP][PASSED] - else: null

18-11-2024T10:37:13 - [TEST_STEP][PASSED] - path = dataFolder + typeOfData + " за отчётный период " + b: null

18-11-2024T10:37:13 - [TEST_STEP][PASSED] - page = getText(findTestObject(path)): Text of object 'Object Repository/Выполнение бизнес-плана/Значения со страницы Выполнение бизнес-плана/Факт Потери за отчётный период Ярославская электросетевая компания' is: '15 551'

18-11-2024T10:37:13 - [MESSAGE][PASSED] - Text of object 'Object Repository/Выполнение бизнес-плана/Значения со страницы Выполнение бизнес-плана/Факт Потери за отчётный период Ярославская электросетевая компания' is: '15 551'

18-11-2024T10:37:13 - [TEST_STEP][PASSED] - page = page.replaceAll("\s+", ""): null

18-11-2024T10:37:13 - [TEST_STEP][PASSED] - filePoteri = poteri.toInteger(): null

18-11-2024T10:37:13 - [TEST_STEP][PASSED] - pagePoteri = page.toInteger(): null

18-11-2024T10:37:13 - [TEST_STEP][PASSED] - compare = pageOtpuskVSet: null

18-11-2024T10:37:13 - [TEST_STEP][PASSED] - if (compare == fileOtpuskVSet): null

18-11-2024T10:37:13 - [TEST_STEP][PASSED] - if (compare == fileOtpuskVSet): null

18-11-2024T10:37:13 - [TEST_STEP][PASSED] - compare = pagePoteri: null

18-11-2024T10:37:13 - [TEST_STEP][PASSED] - if (compare == filePoteri): null

18-11-2024T10:37:13 - [TEST_STEP][PASSED] - if (compare == filePoteri): null

18-11-2024T10:37:13 - [TEST_STEP][PASSED] - if (planFact == 2): null

18-11-2024T10:37:13 - [TEST_STEP][PASSED] - if (planFact == 1): null

18-11-2024T10:37:13 - [TEST_STEP][PASSED] - else if (planFact == 2): null

18-11-2024T10:37:13 - [TEST_STEP][PASSED] - click(findTestObject("Выполнение бизнес-плана/Кнопка План")): Object: 'Object Repository/Выполнение бизнес-плана/Кнопка План' is clicked on

18-11-2024T10:37:14 - [MESSAGE][PASSED] - Object: 'Object Repository/Выполнение бизнес-плана/Кнопка План' is clicked on

18-11-2024T10:37:14 - [TEST_STEP][PASSED] - typeOfDataMain = "План": null

18-11-2024T10:37:14 - [TEST_STEP][PASSED] - otpusk = findTestData("PlanFact").getValue(2, a): null

18-11-2024T10:37:14 - [TEST_STEP][PASSED] - poteri = findTestData("PlanFact").getValue(3, a): null

18-11-2024T10:37:14 - [TEST_STEP][PASSED] - otpusk = otpusk.replaceAll("\s+", ""): null

18-11-2024T10:37:14 - [TEST_STEP][PASSED] - poteri = poteri.replaceAll("\s+", ""): null

18-11-2024T10:37:14 - [TEST_STEP][PASSED] - typeOfData = typeOfDataMain + " Отпуск в сеть": null

18-11-2024T10:37:14 - [TEST_STEP][PASSED] - if (a == 82): null

18-11-2024T10:37:14 - [TEST_STEP][PASSED] - else if (a == 84): null

18-11-2024T10:37:14 - [TEST_STEP][PASSED] - else if (a == 52 || a == 72 || a == 28 || a == 73 || a == 77 || a == 74 || a == 65 || a == 36 || a == 44 || a == 53 || a == 80 || a == 54 || a == 1 || a == 18 || a == 59 || a == 81): null

18-11-2024T10:37:14 - [TEST_STEP][PASSED] - else: null

18-11-2024T10:37:14 - [TEST_STEP][PASSED] - path = dataFolder + typeOfData + " за отчётный период " + b: null

18-11-2024T10:37:14 - [TEST_STEP][PASSED] - println(path): null

18-11-2024T10:37:14 - [TEST_STEP][PASSED] - page = getText(findTestObject(path)): Text of object 'Object Repository/Выполнение бизнес-плана/Значения со страницы Выполнение бизнес-плана/План Отпуск в сеть за отчётный период Ярославская электросетевая компания' is: '185 497'

18-11-2024T10:37:14 - [MESSAGE][PASSED] - Text of object 'Object Repository/Выполнение бизнес-плана/Значения со страницы Выполнение бизнес-плана/План Отпуск в сеть за отчётный период Ярославская электросетевая компания' is: '185 497'

18-11-2024T10:37:14 - [TEST_STEP][PASSED] - page = page.replaceAll("\s+", ""): null

18-11-2024T10:37:14 - [TEST_STEP][PASSED] - fileOtpuskVSet = otpusk.toInteger(): null

18-11-2024T10:37:14 - [TEST_STEP][PASSED] - pageOtpuskVSet = page.toInteger(): null

18-11-2024T10:37:14 - [TEST_STEP][PASSED] - typeOfData = typeOfDataMain + " Потери": null

18-11-2024T10:37:14 - [TEST_STEP][PASSED] - if (a == 82): null

18-11-2024T10:37:14 - [TEST_STEP][PASSED] - else if (a == 84): null

18-11-2024T10:37:14 - [TEST_STEP][PASSED] - else if (a == 52 || a == 72 || a == 28 || a == 73 || a == 77 || a == 74 || a == 65 || a == 36 || a == 44 || a == 53 || a == 80 || a == 54 || a == 1 || a == 18 || a == 59 || a == 81): null

18-11-2024T10:37:14 - [TEST_STEP][PASSED] - else: null

18-11-2024T10:37:14 - [TEST_STEP][PASSED] - path = dataFolder + typeOfData + " за отчётный период " + b: null

18-11-2024T10:37:14 - [TEST_STEP][PASSED] - page = getText(findTestObject(path)): Text of object 'Object Repository/Выполнение бизнес-плана/Значения со страницы Выполнение бизнес-плана/План Потери за отчётный период Ярославская электросетевая компания' is: '18 525'

18-11-2024T10:37:14 - [MESSAGE][PASSED] - Text of object 'Object Repository/Выполнение бизнес-плана/Значения со страницы Выполнение бизнес-плана/План Потери за отчётный период Ярославская электросетевая компания' is: '18 525'

18-11-2024T10:37:14 - [TEST_STEP][PASSED] - page = page.replaceAll("\s+", ""): null

18-11-2024T10:37:14 - [TEST_STEP][PASSED] - filePoteri = poteri.toInteger(): null

18-11-2024T10:37:14 - [TEST_STEP][PASSED] - pagePoteri = page.toInteger(): null

18-11-2024T10:37:14 - [TEST_STEP][PASSED] - compare = pageOtpuskVSet: null

18-11-2024T10:37:14 - [TEST_STEP][PASSED] - if (compare == fileOtpuskVSet): null

18-11-2024T10:37:14 - [TEST_STEP][PASSED] - if (compare == fileOtpuskVSet): null

18-11-2024T10:37:14 - [TEST_STEP][PASSED] - compare = pagePoteri: null

18-11-2024T10:37:14 - [TEST_STEP][PASSED] - if (compare == filePoteri): null

18-11-2024T10:37:14 - [TEST_STEP][PASSED] - if (compare == filePoteri): null

18-11-2024T10:37:14 - [TEST_STEP][PASSED] - if (planFact == 2): Object: 'Object Repository/Выполнение бизнес-плана/Кнопка Факт' is clicked on

18-11-2024T10:37:14 - [TEST_STEP][PASSED] - click(findTestObject("Выполнение бизнес-плана/Кнопка Факт")): Object: 'Object Repository/Выполнение бизнес-плана/Кнопка Факт' is clicked on

18-11-2024T10:37:15 - [MESSAGE][PASSED] - Object: 'Object Repository/Выполнение бизнес-плана/Кнопка Факт' is clicked on

18-11-2024T10:37:15 - [TEST_STEP][PASSED] - if (a == 84 || a == 82): null

18-11-2024T10:37:15 - [TEST_STEP][PASSED] - else if (a == 52 || a == 72 || a == 28 || a == 73 || a == 77 || a == 74 || a == 65 || a == 36 || a == 44 || a == 53 || a == 80 || a == 54 || a == 1 || a == 18 || a == 59 || a == 81): null

18-11-2024T10:37:15 - [TEST_STEP][PASSED] - else: null

18-11-2024T10:37:15 - [TEST_STEP][PASSED] - page1 = getText(findTestObject("Object Repository/Выполнение бизнес-плана/spanPlan" + filialNum)): Text of object 'Object Repository/Выполнение бизнес-плана/spanPlan3' is: '9.99
|'

18-11-2024T10:37:15 - [MESSAGE][PASSED] - Text of object 'Object Repository/Выполнение бизнес-плана/spanPlan3' is: '9.99
|'

18-11-2024T10:37:15 - [TEST_STEP][PASSED] - page1 = page1.replace("|", ""): null

18-11-2024T10:37:15 - [TEST_STEP][PASSED] - page2 = getText(findTestObject("Object Repository/Выполнение бизнес-плана/spanFact" + filialNum)): Text of object 'Object Repository/Выполнение бизнес-плана/spanFact3' is: '8.22
|'

18-11-2024T10:37:15 - [MESSAGE][PASSED] - Text of object 'Object Repository/Выполнение бизнес-плана/spanFact3' is: '8.22
|'

18-11-2024T10:37:15 - [TEST_STEP][PASSED] - page2 = page2.replace("|", ""): null

18-11-2024T10:37:15 - [TEST_STEP][PASSED] - println("page1: " + page1): null

18-11-2024T10:37:15 - [TEST_STEP][PASSED] - println("page2: " + page2): null

18-11-2024T10:37:15 - [TEST_STEP][PASSED] - file = findTestData("PlanFact").getValue(4, a): null

18-11-2024T10:37:16 - [TEST_STEP][PASSED] - file = file.replace(",", "."): null

18-11-2024T10:37:16 - [TEST_STEP][PASSED] - println("file Plan: " + file): null

18-11-2024T10:37:16 - [TEST_STEP][PASSED] - typeOfData = "План в процентах": null

18-11-2024T10:37:16 - [TEST_STEP][PASSED] - fileDouble = file.toDouble(): null

18-11-2024T10:37:16 - [TEST_STEP][PASSED] - pageDouble = page1.toDouble(): null

18-11-2024T10:37:16 - [TEST_STEP][PASSED] - if (fileDouble != pageDouble): null

18-11-2024T10:37:16 - [TEST_STEP][PASSED] - file = findTestData("PlanFact").getValue(7, a): null

18-11-2024T10:37:16 - [TEST_STEP][PASSED] - file = file.replace(",", "."): null

18-11-2024T10:37:16 - [TEST_STEP][PASSED] - println("file Fact: " + file): null

18-11-2024T10:37:16 - [TEST_STEP][PASSED] - fileDouble = file.toDouble(): null

18-11-2024T10:37:16 - [TEST_STEP][PASSED] - typeOfData = "Факт в процентах": null

18-11-2024T10:37:16 - [TEST_STEP][PASSED] - fileDouble = file.toDouble(): null

18-11-2024T10:37:16 - [TEST_STEP][PASSED] - pageDouble = page2.toDouble(): null

18-11-2024T10:37:16 - [TEST_STEP][PASSED] - if (fileDouble != pageDouble): null

18-11-2024T10:37:16 - [TEST_STEP][PASSED] - if (verifyEqual(numberOfErrors, 0) == false): Actual object '0' and expected object '0' are equal

18-11-2024T10:37:16 - [MESSAGE][PASSED] - Actual object '0' and expected object '0' are equal

18-11-2024T10:37:16 - [TEST_STEP][PASSED] - if (a == 82): null

18-11-2024T10:37:16 - [TEST_STEP][PASSED] - dZO = "Белгородэнерго": null

18-11-2024T10:37:16 - [TEST_STEP][PASSED] - a = 2: null

18-11-2024T10:37:16 - [TEST_STEP][PASSED] - if (x2.contains(dZO)): null

18-11-2024T10:37:16 - [TEST_STEP][PASSED] - filialNum = filialNum + 1: null

18-11-2024T10:37:16 - [TEST_STEP][PASSED] - Script1718980020443.Numbers(a, typeOfData, todaysDate, pageInt, fileInt, pageDouble, fileDouble, dZO, dzoNum, filialNum): null

18-11-2024T10:37:16 - [TEST_STEP][PASSED] - println(dzoNum): null

18-11-2024T10:37:16 - [TEST_STEP][PASSED] - planFact = <not implemented yet for class: org.codehaus.groovy.ast.expr.EmptyExpression>: null

18-11-2024T10:37:16 - [TEST_STEP][PASSED] - page = <not implemented yet for class: org.codehaus.groovy.ast.expr.EmptyExpression>: null

18-11-2024T10:37:16 - [TEST_STEP][PASSED] - page1 = <not implemented yet for class: org.codehaus.groovy.ast.expr.EmptyExpression>: null

18-11-2024T10:37:16 - [TEST_STEP][PASSED] - page2 = <not implemented yet for class: org.codehaus.groovy.ast.expr.EmptyExpression>: null

18-11-2024T10:37:16 - [TEST_STEP][PASSED] - filialNumberInRow = <not implemented yet for class: org.codehaus.groovy.ast.expr.EmptyExpression>: null

18-11-2024T10:37:16 - [TEST_STEP][PASSED] - filialsDzoNames = <not implemented yet for class: org.codehaus.groovy.ast.expr.EmptyExpression>: null

18-11-2024T10:37:16 - [TEST_STEP][PASSED] - numberOfFilials = <not implemented yet for class: org.codehaus.groovy.ast.expr.EmptyExpression>: null

18-11-2024T10:37:16 - [TEST_STEP][PASSED] - numberOfSpaces = <not implemented yet for class: org.codehaus.groovy.ast.expr.EmptyExpression>: null

18-11-2024T10:37:16 - [TEST_STEP][PASSED] - file = <not implemented yet for class: org.codehaus.groovy.ast.expr.EmptyExpression>: null

18-11-2024T10:37:16 - [TEST_STEP][PASSED] - otpusk = <not implemented yet for class: org.codehaus.groovy.ast.expr.EmptyExpression>: null

18-11-2024T10:37:16 - [TEST_STEP][PASSED] - poteri = <not implemented yet for class: org.codehaus.groovy.ast.expr.EmptyExpression>: null

18-11-2024T10:37:16 - [TEST_STEP][PASSED] - dataFolder = "Выполнение бизнес-плана/Значения со страницы Выполнение бизнес-плана/": null

18-11-2024T10:37:16 - [TEST_STEP][PASSED] - path = <not implemented yet for class: org.codehaus.groovy.ast.expr.EmptyExpression>: null

18-11-2024T10:37:16 - [TEST_STEP][PASSED] - typeOfDataMain = <not implemented yet for class: org.codehaus.groovy.ast.expr.EmptyExpression>: null

18-11-2024T10:37:16 - [TEST_STEP][PASSED] - fileOtpuskVSet = <not implemented yet for class: org.codehaus.groovy.ast.expr.EmptyExpression>: null

18-11-2024T10:37:16 - [TEST_STEP][PASSED] - pageOtpuskVSet = <not implemented yet for class: org.codehaus.groovy.ast.expr.EmptyExpression>: null

18-11-2024T10:37:16 - [TEST_STEP][PASSED] - filePoteri = <not implemented yet for class: org.codehaus.groovy.ast.expr.EmptyExpression>: null

18-11-2024T10:37:16 - [TEST_STEP][PASSED] - pagePoteri = <not implemented yet for class: org.codehaus.groovy.ast.expr.EmptyExpression>: null

18-11-2024T10:37:16 - [TEST_STEP][PASSED] - compare = <not implemented yet for class: org.codehaus.groovy.ast.expr.EmptyExpression>: null

18-11-2024T10:37:16 - [TEST_STEP][PASSED] - b = <not implemented yet for class: org.codehaus.groovy.ast.expr.EmptyExpression>: null

18-11-2024T10:37:16 - [TEST_STEP][PASSED] - i = <not implemented yet for class: org.codehaus.groovy.ast.expr.EmptyExpression>: null

18-11-2024T10:37:16 - [TEST_STEP][PASSED] - ii = <not implemented yet for class: org.codehaus.groovy.ast.expr.EmptyExpression>: null

18-11-2024T10:37:16 - [TEST_STEP][PASSED] - c = <not implemented yet for class: org.codehaus.groovy.ast.expr.EmptyExpression>: null

18-11-2024T10:37:16 - [TEST_STEP][PASSED] - numberOfErrors = 0: null

18-11-2024T10:37:16 - [TEST_STEP][PASSED] - if (a == 82): null

18-11-2024T10:37:16 - [TEST_STEP][PASSED] - b = findTestData("PlanFact").getValue(1, a): null

18-11-2024T10:37:16 - [TEST_STEP][PASSED] - i = b.indexOf(" (ГК)"): null

18-11-2024T10:37:16 - [TEST_STEP][PASSED] - if (i > -1): null

18-11-2024T10:37:16 - [TEST_STEP][PASSED] - i = b.indexOf("О ""): null

18-11-2024T10:37:16 - [TEST_STEP][PASSED] - if (i > -1): null

18-11-2024T10:37:16 - [TEST_STEP][PASSED] - i = b.indexOf("О «"): null

18-11-2024T10:37:16 - [TEST_STEP][PASSED] - if (i > -1): null

18-11-2024T10:37:16 - [TEST_STEP][PASSED] - i = b.indexOf("г. "): null

18-11-2024T10:37:16 - [TEST_STEP][PASSED] - if (i > -1): null

18-11-2024T10:37:16 - [TEST_STEP][PASSED] - println(b): null

18-11-2024T10:37:16 - [TEST_STEP][PASSED] - for ([planFact = 1, planFact < 3, (planFact++)]): Object: 'Object Repository/Выполнение бизнес-плана/Кнопка Факт' is clicked on

18-11-2024T10:37:16 - [TEST_STEP][PASSED] - if (planFact == 1): null

18-11-2024T10:37:16 - [TEST_STEP][PASSED] - typeOfDataMain = "Факт": null

18-11-2024T10:37:16 - [TEST_STEP][PASSED] - otpusk = findTestData("PlanFact").getValue(5, a): null

18-11-2024T10:37:16 - [TEST_STEP][PASSED] - poteri = findTestData("PlanFact").getValue(6, a): null

18-11-2024T10:37:16 - [TEST_STEP][PASSED] - otpusk = otpusk.replaceAll("\s+", ""): null

18-11-2024T10:37:16 - [TEST_STEP][PASSED] - poteri = poteri.replaceAll("\s+", ""): null

18-11-2024T10:37:16 - [TEST_STEP][PASSED] - typeOfData = typeOfDataMain + " Отпуск в сеть": null

18-11-2024T10:37:16 - [TEST_STEP][PASSED] - if (a == 82): null

18-11-2024T10:37:16 - [TEST_STEP][PASSED] - else if (a == 84): null

18-11-2024T10:37:16 - [TEST_STEP][PASSED] - else if (a == 52 || a == 72 || a == 28 || a == 73 || a == 77 || a == 74 || a == 65 || a == 36 || a == 44 || a == 53 || a == 80 || a == 54 || a == 1 || a == 18 || a == 59 || a == 81): null

18-11-2024T10:37:16 - [TEST_STEP][PASSED] - else: null

18-11-2024T10:37:16 - [TEST_STEP][PASSED] - path = dataFolder + typeOfData + " за отчётный период " + b: null

18-11-2024T10:37:16 - [TEST_STEP][PASSED] - println(path): null

18-11-2024T10:37:16 - [TEST_STEP][PASSED] - page = getText(findTestObject(path)): Text of object 'Object Repository/Выполнение бизнес-плана/Значения со страницы Выполнение бизнес-плана/Факт Отпуск в сеть за отчётный период Белгородэнерго' is: '5 170 937'

18-11-2024T10:37:16 - [MESSAGE][PASSED] - Text of object 'Object Repository/Выполнение бизнес-плана/Значения со страницы Выполнение бизнес-плана/Факт Отпуск в сеть за отчётный период Белгородэнерго' is: '5 170 937'

18-11-2024T10:37:16 - [TEST_STEP][PASSED] - page = page.replaceAll("\s+", ""): null

18-11-2024T10:37:16 - [TEST_STEP][PASSED] - fileOtpuskVSet = otpusk.toInteger(): null

18-11-2024T10:37:16 - [TEST_STEP][PASSED] - pageOtpuskVSet = page.toInteger(): null

18-11-2024T10:37:16 - [TEST_STEP][PASSED] - typeOfData = typeOfDataMain + " Потери": null

18-11-2024T10:37:16 - [TEST_STEP][PASSED] - if (a == 82): null

18-11-2024T10:37:16 - [TEST_STEP][PASSED] - else if (a == 84): null

18-11-2024T10:37:16 - [TEST_STEP][PASSED] - else if (a == 52 || a == 72 || a == 28 || a == 73 || a == 77 || a == 74 || a == 65 || a == 36 || a == 44 || a == 53 || a == 80 || a == 54 || a == 1 || a == 18 || a == 59 || a == 81): null

18-11-2024T10:37:16 - [TEST_STEP][PASSED] - else: null

18-11-2024T10:37:16 - [TEST_STEP][PASSED] - path = dataFolder + typeOfData + " за отчётный период " + b: null

18-11-2024T10:37:16 - [TEST_STEP][PASSED] - page = getText(findTestObject(path)): Text of object 'Object Repository/Выполнение бизнес-плана/Значения со страницы Выполнение бизнес-плана/Факт Потери за отчётный период Белгородэнерго' is: '485 649'

18-11-2024T10:37:16 - [MESSAGE][PASSED] - Text of object 'Object Repository/Выполнение бизнес-плана/Значения со страницы Выполнение бизнес-плана/Факт Потери за отчётный период Белгородэнерго' is: '485 649'

18-11-2024T10:37:16 - [TEST_STEP][PASSED] - page = page.replaceAll("\s+", ""): null

18-11-2024T10:37:16 - [TEST_STEP][PASSED] - filePoteri = poteri.toInteger(): null

18-11-2024T10:37:16 - [TEST_STEP][PASSED] - pagePoteri = page.toInteger(): null

18-11-2024T10:37:16 - [TEST_STEP][PASSED] - compare = pageOtpuskVSet: null

18-11-2024T10:37:16 - [TEST_STEP][PASSED] - if (compare == fileOtpuskVSet): null

18-11-2024T10:37:16 - [TEST_STEP][PASSED] - if (compare == fileOtpuskVSet): null

18-11-2024T10:37:16 - [TEST_STEP][PASSED] - compare = pagePoteri: null

18-11-2024T10:37:16 - [TEST_STEP][PASSED] - if (compare == filePoteri): null

18-11-2024T10:37:16 - [TEST_STEP][PASSED] - if (compare == filePoteri): null

18-11-2024T10:37:16 - [TEST_STEP][PASSED] - if (planFact == 2): null

18-11-2024T10:37:16 - [TEST_STEP][PASSED] - if (planFact == 1): null

18-11-2024T10:37:16 - [TEST_STEP][PASSED] - else if (planFact == 2): null

18-11-2024T10:37:16 - [TEST_STEP][PASSED] - click(findTestObject("Выполнение бизнес-плана/Кнопка План")): Object: 'Object Repository/Выполнение бизнес-плана/Кнопка План' is clicked on

18-11-2024T10:37:17 - [MESSAGE][PASSED] - Object: 'Object Repository/Выполнение бизнес-плана/Кнопка План' is clicked on

18-11-2024T10:37:17 - [TEST_STEP][PASSED] - typeOfDataMain = "План": null

18-11-2024T10:37:17 - [TEST_STEP][PASSED] - otpusk = findTestData("PlanFact").getValue(2, a): null

18-11-2024T10:37:17 - [TEST_STEP][PASSED] - poteri = findTestData("PlanFact").getValue(3, a): null

18-11-2024T10:37:17 - [TEST_STEP][PASSED] - otpusk = otpusk.replaceAll("\s+", ""): null

18-11-2024T10:37:17 - [TEST_STEP][PASSED] - poteri = poteri.replaceAll("\s+", ""): null

18-11-2024T10:37:17 - [TEST_STEP][PASSED] - typeOfData = typeOfDataMain + " Отпуск в сеть": null

18-11-2024T10:37:17 - [TEST_STEP][PASSED] - if (a == 82): null

18-11-2024T10:37:17 - [TEST_STEP][PASSED] - else if (a == 84): null

18-11-2024T10:37:17 - [TEST_STEP][PASSED] - else if (a == 52 || a == 72 || a == 28 || a == 73 || a == 77 || a == 74 || a == 65 || a == 36 || a == 44 || a == 53 || a == 80 || a == 54 || a == 1 || a == 18 || a == 59 || a == 81): null

18-11-2024T10:37:17 - [TEST_STEP][PASSED] - else: null

18-11-2024T10:37:17 - [TEST_STEP][PASSED] - path = dataFolder + typeOfData + " за отчётный период " + b: null

18-11-2024T10:37:17 - [TEST_STEP][PASSED] - println(path): null

18-11-2024T10:37:17 - [TEST_STEP][PASSED] - page = getText(findTestObject(path)): Text of object 'Object Repository/Выполнение бизнес-плана/Значения со страницы Выполнение бизнес-плана/План Отпуск в сеть за отчётный период Белгородэнерго' is: '5 036 799'

18-11-2024T10:37:17 - [MESSAGE][PASSED] - Text of object 'Object Repository/Выполнение бизнес-плана/Значения со страницы Выполнение бизнес-плана/План Отпуск в сеть за отчётный период Белгородэнерго' is: '5 036 799'

18-11-2024T10:37:17 - [TEST_STEP][PASSED] - page = page.replaceAll("\s+", ""): null

18-11-2024T10:37:17 - [TEST_STEP][PASSED] - fileOtpuskVSet = otpusk.toInteger(): null

18-11-2024T10:37:17 - [TEST_STEP][PASSED] - pageOtpuskVSet = page.toInteger(): null

18-11-2024T10:37:17 - [TEST_STEP][PASSED] - typeOfData = typeOfDataMain + " Потери": null

18-11-2024T10:37:17 - [TEST_STEP][PASSED] - if (a == 82): null

18-11-2024T10:37:17 - [TEST_STEP][PASSED] - else if (a == 84): null

18-11-2024T10:37:17 - [TEST_STEP][PASSED] - else if (a == 52 || a == 72 || a == 28 || a == 73 || a == 77 || a == 74 || a == 65 || a == 36 || a == 44 || a == 53 || a == 80 || a == 54 || a == 1 || a == 18 || a == 59 || a == 81): null

18-11-2024T10:37:17 - [TEST_STEP][PASSED] - else: null

18-11-2024T10:37:17 - [TEST_STEP][PASSED] - path = dataFolder + typeOfData + " за отчётный период " + b: null

18-11-2024T10:37:17 - [TEST_STEP][PASSED] - page = getText(findTestObject(path)): Text of object 'Object Repository/Выполнение бизнес-плана/Значения со страницы Выполнение бизнес-плана/План Потери за отчётный период Белгородэнерго' is: '488 869'

18-11-2024T10:37:18 - [MESSAGE][PASSED] - Text of object 'Object Repository/Выполнение бизнес-плана/Значения со страницы Выполнение бизнес-плана/План Потери за отчётный период Белгородэнерго' is: '488 869'

18-11-2024T10:37:18 - [TEST_STEP][PASSED] - page = page.replaceAll("\s+", ""): null

18-11-2024T10:37:18 - [TEST_STEP][PASSED] - filePoteri = poteri.toInteger(): null

18-11-2024T10:37:18 - [TEST_STEP][PASSED] - pagePoteri = page.toInteger(): null

18-11-2024T10:37:18 - [TEST_STEP][PASSED] - compare = pageOtpuskVSet: null

18-11-2024T10:37:18 - [TEST_STEP][PASSED] - if (compare == fileOtpuskVSet): null

18-11-2024T10:37:18 - [TEST_STEP][PASSED] - if (compare == fileOtpuskVSet): null

18-11-2024T10:37:18 - [TEST_STEP][PASSED] - compare = pagePoteri: null

18-11-2024T10:37:18 - [TEST_STEP][PASSED] - if (compare == filePoteri): null

18-11-2024T10:37:18 - [TEST_STEP][PASSED] - if (compare == filePoteri): null

18-11-2024T10:37:18 - [TEST_STEP][PASSED] - if (planFact == 2): Object: 'Object Repository/Выполнение бизнес-плана/Кнопка Факт' is clicked on

18-11-2024T10:37:18 - [TEST_STEP][PASSED] - click(findTestObject("Выполнение бизнес-плана/Кнопка Факт")): Object: 'Object Repository/Выполнение бизнес-плана/Кнопка Факт' is clicked on

18-11-2024T10:37:18 - [MESSAGE][PASSED] - Object: 'Object Repository/Выполнение бизнес-плана/Кнопка Факт' is clicked on

18-11-2024T10:37:18 - [TEST_STEP][PASSED] - if (a == 84 || a == 82): null

18-11-2024T10:37:18 - [TEST_STEP][PASSED] - else if (a == 52 || a == 72 || a == 28 || a == 73 || a == 77 || a == 74 || a == 65 || a == 36 || a == 44 || a == 53 || a == 80 || a == 54 || a == 1 || a == 18 || a == 59 || a == 81): null

18-11-2024T10:37:18 - [TEST_STEP][PASSED] - else: null

18-11-2024T10:37:18 - [TEST_STEP][PASSED] - page1 = getText(findTestObject("Object Repository/Выполнение бизнес-плана/spanPlan" + filialNum)): Text of object 'Object Repository/Выполнение бизнес-плана/spanPlan4' is: '9.71
|'

18-11-2024T10:37:18 - [MESSAGE][PASSED] - Text of object 'Object Repository/Выполнение бизнес-плана/spanPlan4' is: '9.71
|'

18-11-2024T10:37:18 - [TEST_STEP][PASSED] - page1 = page1.replace("|", ""): null

18-11-2024T10:37:18 - [TEST_STEP][PASSED] - page2 = getText(findTestObject("Object Repository/Выполнение бизнес-плана/spanFact" + filialNum)): Text of object 'Object Repository/Выполнение бизнес-плана/spanFact4' is: '9.39
|'

18-11-2024T10:37:18 - [MESSAGE][PASSED] - Text of object 'Object Repository/Выполнение бизнес-плана/spanFact4' is: '9.39
|'

18-11-2024T10:37:18 - [TEST_STEP][PASSED] - page2 = page2.replace("|", ""): null

18-11-2024T10:37:18 - [TEST_STEP][PASSED] - println("page1: " + page1): null

18-11-2024T10:37:18 - [TEST_STEP][PASSED] - println("page2: " + page2): null

18-11-2024T10:37:18 - [TEST_STEP][PASSED] - file = findTestData("PlanFact").getValue(4, a): null

18-11-2024T10:37:18 - [TEST_STEP][PASSED] - file = file.replace(",", "."): null

18-11-2024T10:37:18 - [TEST_STEP][PASSED] - println("file Plan: " + file): null

18-11-2024T10:37:18 - [TEST_STEP][PASSED] - typeOfData = "План в процентах": null

18-11-2024T10:37:18 - [TEST_STEP][PASSED] - fileDouble = file.toDouble(): null

18-11-2024T10:37:18 - [TEST_STEP][PASSED] - pageDouble = page1.toDouble(): null

18-11-2024T10:37:18 - [TEST_STEP][PASSED] - if (fileDouble != pageDouble): null

18-11-2024T10:37:18 - [TEST_STEP][PASSED] - file = findTestData("PlanFact").getValue(7, a): null

18-11-2024T10:37:19 - [TEST_STEP][PASSED] - file = file.replace(",", "."): null

18-11-2024T10:37:19 - [TEST_STEP][PASSED] - println("file Fact: " + file): null

18-11-2024T10:37:19 - [TEST_STEP][PASSED] - fileDouble = file.toDouble(): null

18-11-2024T10:37:19 - [TEST_STEP][PASSED] - typeOfData = "Факт в процентах": null

18-11-2024T10:37:19 - [TEST_STEP][PASSED] - fileDouble = file.toDouble(): null

18-11-2024T10:37:19 - [TEST_STEP][PASSED] - pageDouble = page2.toDouble(): null

18-11-2024T10:37:19 - [TEST_STEP][PASSED] - if (fileDouble != pageDouble): null

18-11-2024T10:37:19 - [TEST_STEP][PASSED] - if (verifyEqual(numberOfErrors, 0) == false): Actual object '0' and expected object '0' are equal

18-11-2024T10:37:19 - [MESSAGE][PASSED] - Actual object '0' and expected object '0' are equal

18-11-2024T10:37:19 - [TEST_STEP][PASSED] - if (a == 82): null

18-11-2024T10:37:19 - [TEST_STEP][PASSED] - dZO = "Брянскэнерго": null

18-11-2024T10:37:19 - [TEST_STEP][PASSED] - a = 3: null

18-11-2024T10:37:19 - [TEST_STEP][PASSED] - if (x2.contains(dZO)): null

18-11-2024T10:37:19 - [TEST_STEP][PASSED] - filialNum = filialNum + 1: null

18-11-2024T10:37:19 - [TEST_STEP][PASSED] - Script1718980020443.Numbers(a, typeOfData, todaysDate, pageInt, fileInt, pageDouble, fileDouble, dZO, dzoNum, filialNum): null

18-11-2024T10:37:19 - [TEST_STEP][PASSED] - println(dzoNum): null

18-11-2024T10:37:19 - [TEST_STEP][PASSED] - planFact = <not implemented yet for class: org.codehaus.groovy.ast.expr.EmptyExpression>: null

18-11-2024T10:37:19 - [TEST_STEP][PASSED] - page = <not implemented yet for class: org.codehaus.groovy.ast.expr.EmptyExpression>: null

18-11-2024T10:37:19 - [TEST_STEP][PASSED] - page1 = <not implemented yet for class: org.codehaus.groovy.ast.expr.EmptyExpression>: null

18-11-2024T10:37:19 - [TEST_STEP][PASSED] - page2 = <not implemented yet for class: org.codehaus.groovy.ast.expr.EmptyExpression>: null

18-11-2024T10:37:19 - [TEST_STEP][PASSED] - filialNumberInRow = <not implemented yet for class: org.codehaus.groovy.ast.expr.EmptyExpression>: null

18-11-2024T10:37:19 - [TEST_STEP][PASSED] - filialsDzoNames = <not implemented yet for class: org.codehaus.groovy.ast.expr.EmptyExpression>: null

18-11-2024T10:37:19 - [TEST_STEP][PASSED] - numberOfFilials = <not implemented yet for class: org.codehaus.groovy.ast.expr.EmptyExpression>: null

18-11-2024T10:37:19 - [TEST_STEP][PASSED] - numberOfSpaces = <not implemented yet for class: org.codehaus.groovy.ast.expr.EmptyExpression>: null

18-11-2024T10:37:19 - [TEST_STEP][PASSED] - file = <not implemented yet for class: org.codehaus.groovy.ast.expr.EmptyExpression>: null

18-11-2024T10:37:19 - [TEST_STEP][PASSED] - otpusk = <not implemented yet for class: org.codehaus.groovy.ast.expr.EmptyExpression>: null

18-11-2024T10:37:19 - [TEST_STEP][PASSED] - poteri = <not implemented yet for class: org.codehaus.groovy.ast.expr.EmptyExpression>: null

18-11-2024T10:37:19 - [TEST_STEP][PASSED] - dataFolder = "Выполнение бизнес-плана/Значения со страницы Выполнение бизнес-плана/": null

18-11-2024T10:37:19 - [TEST_STEP][PASSED] - path = <not implemented yet for class: org.codehaus.groovy.ast.expr.EmptyExpression>: null

18-11-2024T10:37:19 - [TEST_STEP][PASSED] - typeOfDataMain = <not implemented yet for class: org.codehaus.groovy.ast.expr.EmptyExpression>: null

18-11-2024T10:37:19 - [TEST_STEP][PASSED] - fileOtpuskVSet = <not implemented yet for class: org.codehaus.groovy.ast.expr.EmptyExpression>: null

18-11-2024T10:37:19 - [TEST_STEP][PASSED] - pageOtpuskVSet = <not implemented yet for class: org.codehaus.groovy.ast.expr.EmptyExpression>: null

18-11-2024T10:37:19 - [TEST_STEP][PASSED] - filePoteri = <not implemented yet for class: org.codehaus.groovy.ast.expr.EmptyExpression>: null

18-11-2024T10:37:19 - [TEST_STEP][PASSED] - pagePoteri = <not implemented yet for class: org.codehaus.groovy.ast.expr.EmptyExpression>: null

18-11-2024T10:37:19 - [TEST_STEP][PASSED] - compare = <not implemented yet for class: org.codehaus.groovy.ast.expr.EmptyExpression>: null

18-11-2024T10:37:19 - [TEST_STEP][PASSED] - b = <not implemented yet for class: org.codehaus.groovy.ast.expr.EmptyExpression>: null

18-11-2024T10:37:19 - [TEST_STEP][PASSED] - i = <not implemented yet for class: org.codehaus.groovy.ast.expr.EmptyExpression>: null

18-11-2024T10:37:19 - [TEST_STEP][PASSED] - ii = <not implemented yet for class: org.codehaus.groovy.ast.expr.EmptyExpression>: null

18-11-2024T10:37:19 - [TEST_STEP][PASSED] - c = <not implemented yet for class: org.codehaus.groovy.ast.expr.EmptyExpression>: null

18-11-2024T10:37:19 - [TEST_STEP][PASSED] - numberOfErrors = 0: null

18-11-2024T10:37:19 - [TEST_STEP][PASSED] - if (a == 82): null

18-11-2024T10:37:19 - [TEST_STEP][PASSED] - b = findTestData("PlanFact").getValue(1, a): null

18-11-2024T10:37:19 - [TEST_STEP][PASSED] - i = b.indexOf(" (ГК)"): null

18-11-2024T10:37:19 - [TEST_STEP][PASSED] - if (i > -1): null

18-11-2024T10:37:19 - [TEST_STEP][PASSED] - i = b.indexOf("О ""): null

18-11-2024T10:37:19 - [TEST_STEP][PASSED] - if (i > -1): null

18-11-2024T10:37:19 - [TEST_STEP][PASSED] - i = b.indexOf("О «"): null

18-11-2024T10:37:19 - [TEST_STEP][PASSED] - if (i > -1): null

18-11-2024T10:37:19 - [TEST_STEP][PASSED] - i = b.indexOf("г. "): null

18-11-2024T10:37:19 - [TEST_STEP][PASSED] - if (i > -1): null

18-11-2024T10:37:19 - [TEST_STEP][PASSED] - println(b): null

18-11-2024T10:37:19 - [TEST_STEP][PASSED] - for ([planFact = 1, planFact < 3, (planFact++)]): Object: 'Object Repository/Выполнение бизнес-плана/Кнопка Факт' is clicked on

18-11-2024T10:37:19 - [TEST_STEP][PASSED] - if (planFact == 1): null

18-11-2024T10:37:19 - [TEST_STEP][PASSED] - typeOfDataMain = "Факт": null

18-11-2024T10:37:19 - [TEST_STEP][PASSED] - otpusk = findTestData("PlanFact").getValue(5, a): null

18-11-2024T10:37:19 - [TEST_STEP][PASSED] - poteri = findTestData("PlanFact").getValue(6, a): null

18-11-2024T10:37:19 - [TEST_STEP][PASSED] - otpusk = otpusk.replaceAll("\s+", ""): null

18-11-2024T10:37:19 - [TEST_STEP][PASSED] - poteri = poteri.replaceAll("\s+", ""): null

18-11-2024T10:37:19 - [TEST_STEP][PASSED] - typeOfData = typeOfDataMain + " Отпуск в сеть": null

18-11-2024T10:37:19 - [TEST_STEP][PASSED] - if (a == 82): null

18-11-2024T10:37:19 - [TEST_STEP][PASSED] - else if (a == 84): null

18-11-2024T10:37:19 - [TEST_STEP][PASSED] - else if (a == 52 || a == 72 || a == 28 || a == 73 || a == 77 || a == 74 || a == 65 || a == 36 || a == 44 || a == 53 || a == 80 || a == 54 || a == 1 || a == 18 || a == 59 || a == 81): null

18-11-2024T10:37:19 - [TEST_STEP][PASSED] - else: null

18-11-2024T10:37:19 - [TEST_STEP][PASSED] - path = dataFolder + typeOfData + " за отчётный период " + b: null

18-11-2024T10:37:19 - [TEST_STEP][PASSED] - println(path): null

18-11-2024T10:37:19 - [TEST_STEP][PASSED] - page = getText(findTestObject(path)): Text of object 'Object Repository/Выполнение бизнес-плана/Значения со страницы Выполнение бизнес-плана/Факт Отпуск в сеть за отчётный период Брянскэнерго' is: '2 679 742'

18-11-2024T10:37:19 - [MESSAGE][PASSED] - Text of object 'Object Repository/Выполнение бизнес-плана/Значения со страницы Выполнение бизнес-плана/Факт Отпуск в сеть за отчётный период Брянскэнерго' is: '2 679 742'

18-11-2024T10:37:19 - [TEST_STEP][PASSED] - page = page.replaceAll("\s+", ""): null

18-11-2024T10:37:19 - [TEST_STEP][PASSED] - fileOtpuskVSet = otpusk.toInteger(): null

18-11-2024T10:37:19 - [TEST_STEP][PASSED] - pageOtpuskVSet = page.toInteger(): null

18-11-2024T10:37:19 - [TEST_STEP][PASSED] - typeOfData = typeOfDataMain + " Потери": null

18-11-2024T10:37:19 - [TEST_STEP][PASSED] - if (a == 82): null

18-11-2024T10:37:19 - [TEST_STEP][PASSED] - else if (a == 84): null

18-11-2024T10:37:19 - [TEST_STEP][PASSED] - else if (a == 52 || a == 72 || a == 28 || a == 73 || a == 77 || a == 74 || a == 65 || a == 36 || a == 44 || a == 53 || a == 80 || a == 54 || a == 1 || a == 18 || a == 59 || a == 81): null

18-11-2024T10:37:19 - [TEST_STEP][PASSED] - else: null

18-11-2024T10:37:19 - [TEST_STEP][PASSED] - path = dataFolder + typeOfData + " за отчётный период " + b: null

18-11-2024T10:37:19 - [TEST_STEP][PASSED] - page = getText(findTestObject(path)): Text of object 'Object Repository/Выполнение бизнес-плана/Значения со страницы Выполнение бизнес-плана/Факт Потери за отчётный период Брянскэнерго' is: '133 373'

18-11-2024T10:37:19 - [MESSAGE][PASSED] - Text of object 'Object Repository/Выполнение бизнес-плана/Значения со страницы Выполнение бизнес-плана/Факт Потери за отчётный период Брянскэнерго' is: '133 373'

18-11-2024T10:37:19 - [TEST_STEP][PASSED] - page = page.replaceAll("\s+", ""): null

18-11-2024T10:37:19 - [TEST_STEP][PASSED] - filePoteri = poteri.toInteger(): null

18-11-2024T10:37:19 - [TEST_STEP][PASSED] - pagePoteri = page.toInteger(): null

18-11-2024T10:37:19 - [TEST_STEP][PASSED] - compare = pageOtpuskVSet: null

18-11-2024T10:37:19 - [TEST_STEP][PASSED] - if (compare == fileOtpuskVSet): null

18-11-2024T10:37:19 - [TEST_STEP][PASSED] - if (compare == fileOtpuskVSet): null

18-11-2024T10:37:19 - [TEST_STEP][PASSED] - compare = pagePoteri: null

18-11-2024T10:37:19 - [TEST_STEP][PASSED] - if (compare == filePoteri): null

18-11-2024T10:37:19 - [TEST_STEP][PASSED] - if (compare == filePoteri): null

18-11-2024T10:37:19 - [TEST_STEP][PASSED] - if (planFact == 2): null

18-11-2024T10:37:19 - [TEST_STEP][PASSED] - if (planFact == 1): null

18-11-2024T10:37:19 - [TEST_STEP][PASSED] - else if (planFact == 2): null

18-11-2024T10:37:19 - [TEST_STEP][PASSED] - click(findTestObject("Выполнение бизнес-плана/Кнопка План")): Object: 'Object Repository/Выполнение бизнес-плана/Кнопка План' is clicked on

18-11-2024T10:37:20 - [MESSAGE][PASSED] - Object: 'Object Repository/Выполнение бизнес-плана/Кнопка План' is clicked on

18-11-2024T10:37:20 - [TEST_STEP][PASSED] - typeOfDataMain = "План": null

18-11-2024T10:37:20 - [TEST_STEP][PASSED] - otpusk = findTestData("PlanFact").getValue(2, a): null

18-11-2024T10:37:20 - [TEST_STEP][PASSED] - poteri = findTestData("PlanFact").getValue(3, a): null

18-11-2024T10:37:20 - [TEST_STEP][PASSED] - otpusk = otpusk.replaceAll("\s+", ""): null

18-11-2024T10:37:20 - [TEST_STEP][PASSED] - poteri = poteri.replaceAll("\s+", ""): null

18-11-2024T10:37:20 - [TEST_STEP][PASSED] - typeOfData = typeOfDataMain + " Отпуск в сеть": null

18-11-2024T10:37:20 - [TEST_STEP][PASSED] - if (a == 82): null

18-11-2024T10:37:20 - [TEST_STEP][PASSED] - else if (a == 84): null

18-11-2024T10:37:20 - [TEST_STEP][PASSED] - else if (a == 52 || a == 72 || a == 28 || a == 73 || a == 77 || a == 74 || a == 65 || a == 36 || a == 44 || a == 53 || a == 80 || a == 54 || a == 1 || a == 18 || a == 59 || a == 81): null

18-11-2024T10:37:20 - [TEST_STEP][PASSED] - else: null

18-11-2024T10:37:20 - [TEST_STEP][PASSED] - path = dataFolder + typeOfData + " за отчётный период " + b: null

18-11-2024T10:37:20 - [TEST_STEP][PASSED] - println(path): null

18-11-2024T10:37:20 - [TEST_STEP][PASSED] - page = getText(findTestObject(path)): Text of object 'Object Repository/Выполнение бизнес-плана/Значения со страницы Выполнение бизнес-плана/План Отпуск в сеть за отчётный период Брянскэнерго' is: '2 648 295'

18-11-2024T10:37:20 - [MESSAGE][PASSED] - Text of object 'Object Repository/Выполнение бизнес-плана/Значения со страницы Выполнение бизнес-плана/План Отпуск в сеть за отчётный период Брянскэнерго' is: '2 648 295'

18-11-2024T10:37:20 - [TEST_STEP][PASSED] - page = page.replaceAll("\s+", ""): null

18-11-2024T10:37:20 - [TEST_STEP][PASSED] - fileOtpuskVSet = otpusk.toInteger(): null

18-11-2024T10:37:20 - [TEST_STEP][PASSED] - pageOtpuskVSet = page.toInteger(): null

18-11-2024T10:37:20 - [TEST_STEP][PASSED] - typeOfData = typeOfDataMain + " Потери": null

18-11-2024T10:37:20 - [TEST_STEP][PASSED] - if (a == 82): null

18-11-2024T10:37:20 - [TEST_STEP][PASSED] - else if (a == 84): null

18-11-2024T10:37:20 - [TEST_STEP][PASSED] - else if (a == 52 || a == 72 || a == 28 || a == 73 || a == 77 || a == 74 || a == 65 || a == 36 || a == 44 || a == 53 || a == 80 || a == 54 || a == 1 || a == 18 || a == 59 || a == 81): null

18-11-2024T10:37:20 - [TEST_STEP][PASSED] - else: null

18-11-2024T10:37:20 - [TEST_STEP][PASSED] - path = dataFolder + typeOfData + " за отчётный период " + b: null

18-11-2024T10:37:20 - [TEST_STEP][PASSED] - page = getText(findTestObject(path)): Text of object 'Object Repository/Выполнение бизнес-плана/Значения со страницы Выполнение бизнес-плана/План Потери за отчётный период Брянскэнерго' is: '136 726'

18-11-2024T10:37:20 - [MESSAGE][PASSED] - Text of object 'Object Repository/Выполнение бизнес-плана/Значения со страницы Выполнение бизнес-плана/План Потери за отчётный период Брянскэнерго' is: '136 726'

18-11-2024T10:37:20 - [TEST_STEP][PASSED] - page = page.replaceAll("\s+", ""): null

18-11-2024T10:37:20 - [TEST_STEP][PASSED] - filePoteri = poteri.toInteger(): null

18-11-2024T10:37:20 - [TEST_STEP][PASSED] - pagePoteri = page.toInteger(): null

18-11-2024T10:37:20 - [TEST_STEP][PASSED] - compare = pageOtpuskVSet: null

18-11-2024T10:37:20 - [TEST_STEP][PASSED] - if (compare == fileOtpuskVSet): null

18-11-2024T10:37:20 - [TEST_STEP][PASSED] - else if (compare > fileOtpuskVSet): null

18-11-2024T10:37:20 - [TEST_STEP][PASSED] - compare = compare - 1: null

18-11-2024T10:37:20 - [TEST_STEP][PASSED] - if (compare == fileOtpuskVSet): null

18-11-2024T10:37:20 - [TEST_STEP][PASSED] - compare = pagePoteri: null

18-11-2024T10:37:20 - [TEST_STEP][PASSED] - if (compare == filePoteri): null

18-11-2024T10:37:20 - [TEST_STEP][PASSED] - if (compare == filePoteri): null

18-11-2024T10:37:20 - [TEST_STEP][PASSED] - if (planFact == 2): Object: 'Object Repository/Выполнение бизнес-плана/Кнопка Факт' is clicked on

18-11-2024T10:37:20 - [TEST_STEP][PASSED] - click(findTestObject("Выполнение бизнес-плана/Кнопка Факт")): Object: 'Object Repository/Выполнение бизнес-плана/Кнопка Факт' is clicked on

18-11-2024T10:37:21 - [MESSAGE][PASSED] - Object: 'Object Repository/Выполнение бизнес-плана/Кнопка Факт' is clicked on

18-11-2024T10:37:21 - [TEST_STEP][PASSED] - if (a == 84 || a == 82): null

18-11-2024T10:37:21 - [TEST_STEP][PASSED] - else if (a == 52 || a == 72 || a == 28 || a == 73 || a == 77 || a == 74 || a == 65 || a == 36 || a == 44 || a == 53 || a == 80 || a == 54 || a == 1 || a == 18 || a == 59 || a == 81): null

18-11-2024T10:37:21 - [TEST_STEP][PASSED] - else: null

18-11-2024T10:37:21 - [TEST_STEP][PASSED] - page1 = getText(findTestObject("Object Repository/Выполнение бизнес-плана/spanPlan" + filialNum)): Text of object 'Object Repository/Выполнение бизнес-плана/spanPlan5' is: '5.16
|'

18-11-2024T10:37:21 - [MESSAGE][PASSED] - Text of object 'Object Repository/Выполнение бизнес-плана/spanPlan5' is: '5.16
|'

18-11-2024T10:37:21 - [TEST_STEP][PASSED] - page1 = page1.replace("|", ""): null

18-11-2024T10:37:21 - [TEST_STEP][PASSED] - page2 = getText(findTestObject("Object Repository/Выполнение бизнес-плана/spanFact" + filialNum)): Text of object 'Object Repository/Выполнение бизнес-плана/spanFact5' is: '4.98
|'

18-11-2024T10:37:21 - [MESSAGE][PASSED] - Text of object 'Object Repository/Выполнение бизнес-плана/spanFact5' is: '4.98
|'

18-11-2024T10:37:21 - [TEST_STEP][PASSED] - page2 = page2.replace("|", ""): null

18-11-2024T10:37:21 - [TEST_STEP][PASSED] - println("page1: " + page1): null

18-11-2024T10:37:21 - [TEST_STEP][PASSED] - println("page2: " + page2): null

18-11-2024T10:37:21 - [TEST_STEP][PASSED] - file = findTestData("PlanFact").getValue(4, a): null

18-11-2024T10:37:21 - [TEST_STEP][PASSED] - file = file.replace(",", "."): null

18-11-2024T10:37:21 - [TEST_STEP][PASSED] - println("file Plan: " + file): null

18-11-2024T10:37:21 - [TEST_STEP][PASSED] - typeOfData = "План в процентах": null

18-11-2024T10:37:21 - [TEST_STEP][PASSED] - fileDouble = file.toDouble(): null

18-11-2024T10:37:21 - [TEST_STEP][PASSED] - pageDouble = page1.toDouble(): null

18-11-2024T10:37:21 - [TEST_STEP][PASSED] - if (fileDouble != pageDouble): null

18-11-2024T10:37:21 - [TEST_STEP][PASSED] - file = findTestData("PlanFact").getValue(7, a): null

18-11-2024T10:37:22 - [TEST_STEP][PASSED] - file = file.replace(",", "."): null

18-11-2024T10:37:22 - [TEST_STEP][PASSED] - println("file Fact: " + file): null

18-11-2024T10:37:22 - [TEST_STEP][PASSED] - fileDouble = file.toDouble(): null

18-11-2024T10:37:22 - [TEST_STEP][PASSED] - typeOfData = "Факт в процентах": null

18-11-2024T10:37:22 - [TEST_STEP][PASSED] - fileDouble = file.toDouble(): null

18-11-2024T10:37:22 - [TEST_STEP][PASSED] - pageDouble = page2.toDouble(): null

18-11-2024T10:37:22 - [TEST_STEP][PASSED] - if (fileDouble != pageDouble): null

18-11-2024T10:37:22 - [TEST_STEP][PASSED] - if (verifyEqual(numberOfErrors, 0) == false): Actual object '0' and expected object '0' are equal

18-11-2024T10:37:22 - [MESSAGE][PASSED] - Actual object '0' and expected object '0' are equal

18-11-2024T10:37:22 - [TEST_STEP][PASSED] - if (a == 82): null

18-11-2024T10:37:22 - [TEST_STEP][PASSED] - dZO = "Воронежэнерго": null

18-11-2024T10:37:22 - [TEST_STEP][PASSED] - a = 4: null

18-11-2024T10:37:22 - [TEST_STEP][PASSED] - if (x2.contains(dZO)): null

18-11-2024T10:37:22 - [TEST_STEP][PASSED] - filialNum = filialNum + 1: null

18-11-2024T10:37:22 - [TEST_STEP][PASSED] - Script1718980020443.Numbers(a, typeOfData, todaysDate, pageInt, fileInt, pageDouble, fileDouble, dZO, dzoNum, filialNum): null

18-11-2024T10:37:22 - [TEST_STEP][PASSED] - println(dzoNum): null

18-11-2024T10:37:22 - [TEST_STEP][PASSED] - planFact = <not implemented yet for class: org.codehaus.groovy.ast.expr.EmptyExpression>: null

18-11-2024T10:37:22 - [TEST_STEP][PASSED] - page = <not implemented yet for class: org.codehaus.groovy.ast.expr.EmptyExpression>: null

18-11-2024T10:37:22 - [TEST_STEP][PASSED] - page1 = <not implemented yet for class: org.codehaus.groovy.ast.expr.EmptyExpression>: null

18-11-2024T10:37:22 - [TEST_STEP][PASSED] - page2 = <not implemented yet for class: org.codehaus.groovy.ast.expr.EmptyExpression>: null

18-11-2024T10:37:22 - [TEST_STEP][PASSED] - filialNumberInRow = <not implemented yet for class: org.codehaus.groovy.ast.expr.EmptyExpression>: null

18-11-2024T10:37:22 - [TEST_STEP][PASSED] - filialsDzoNames = <not implemented yet for class: org.codehaus.groovy.ast.expr.EmptyExpression>: null

18-11-2024T10:37:22 - [TEST_STEP][PASSED] - numberOfFilials = <not implemented yet for class: org.codehaus.groovy.ast.expr.EmptyExpression>: null

18-11-2024T10:37:22 - [TEST_STEP][PASSED] - numberOfSpaces = <not implemented yet for class: org.codehaus.groovy.ast.expr.EmptyExpression>: null

18-11-2024T10:37:22 - [TEST_STEP][PASSED] - file = <not implemented yet for class: org.codehaus.groovy.ast.expr.EmptyExpression>: null

18-11-2024T10:37:22 - [TEST_STEP][PASSED] - otpusk = <not implemented yet for class: org.codehaus.groovy.ast.expr.EmptyExpression>: null

18-11-2024T10:37:22 - [TEST_STEP][PASSED] - poteri = <not implemented yet for class: org.codehaus.groovy.ast.expr.EmptyExpression>: null

18-11-2024T10:37:22 - [TEST_STEP][PASSED] - dataFolder = "Выполнение бизнес-плана/Значения со страницы Выполнение бизнес-плана/": null

18-11-2024T10:37:22 - [TEST_STEP][PASSED] - path = <not implemented yet for class: org.codehaus.groovy.ast.expr.EmptyExpression>: null

18-11-2024T10:37:22 - [TEST_STEP][PASSED] - typeOfDataMain = <not implemented yet for class: org.codehaus.groovy.ast.expr.EmptyExpression>: null

18-11-2024T10:37:22 - [TEST_STEP][PASSED] - fileOtpuskVSet = <not implemented yet for class: org.codehaus.groovy.ast.expr.EmptyExpression>: null

18-11-2024T10:37:22 - [TEST_STEP][PASSED] - pageOtpuskVSet = <not implemented yet for class: org.codehaus.groovy.ast.expr.EmptyExpression>: null

18-11-2024T10:37:22 - [TEST_STEP][PASSED] - filePoteri = <not implemented yet for class: org.codehaus.groovy.ast.expr.EmptyExpression>: null

18-11-2024T10:37:22 - [TEST_STEP][PASSED] - pagePoteri = <not implemented yet for class: org.codehaus.groovy.ast.expr.EmptyExpression>: null

18-11-2024T10:37:22 - [TEST_STEP][PASSED] - compare = <not implemented yet for class: org.codehaus.groovy.ast.expr.EmptyExpression>: null

18-11-2024T10:37:22 - [TEST_STEP][PASSED] - b = <not implemented yet for class: org.codehaus.groovy.ast.expr.EmptyExpression>: null

18-11-2024T10:37:22 - [TEST_STEP][PASSED] - i = <not implemented yet for class: org.codehaus.groovy.ast.expr.EmptyExpression>: null

18-11-2024T10:37:22 - [TEST_STEP][PASSED] - ii = <not implemented yet for class: org.codehaus.groovy.ast.expr.EmptyExpression>: null

18-11-2024T10:37:22 - [TEST_STEP][PASSED] - c = <not implemented yet for class: org.codehaus.groovy.ast.expr.EmptyExpression>: null

18-11-2024T10:37:22 - [TEST_STEP][PASSED] - numberOfErrors = 0: null

18-11-2024T10:37:22 - [TEST_STEP][PASSED] - if (a == 82): null

18-11-2024T10:37:22 - [TEST_STEP][PASSED] - b = findTestData("PlanFact").getValue(1, a): null

18-11-2024T10:37:22 - [TEST_STEP][PASSED] - i = b.indexOf(" (ГК)"): null

18-11-2024T10:37:22 - [TEST_STEP][PASSED] - if (i > -1): null

18-11-2024T10:37:22 - [TEST_STEP][PASSED] - i = b.indexOf("О ""): null

18-11-2024T10:37:22 - [TEST_STEP][PASSED] - if (i > -1): null

18-11-2024T10:37:22 - [TEST_STEP][PASSED] - i = b.indexOf("О «"): null

18-11-2024T10:37:22 - [TEST_STEP][PASSED] - if (i > -1): null

18-11-2024T10:37:22 - [TEST_STEP][PASSED] - i = b.indexOf("г. "): null

18-11-2024T10:37:22 - [TEST_STEP][PASSED] - if (i > -1): null

18-11-2024T10:37:22 - [TEST_STEP][PASSED] - println(b): null

18-11-2024T10:37:22 - [TEST_STEP][PASSED] - for ([planFact = 1, planFact < 3, (planFact++)]): Object: 'Object Repository/Выполнение бизнес-плана/Кнопка Факт' is clicked on

18-11-2024T10:37:22 - [TEST_STEP][PASSED] - if (planFact == 1): null

18-11-2024T10:37:22 - [TEST_STEP][PASSED] - typeOfDataMain = "Факт": null

18-11-2024T10:37:22 - [TEST_STEP][PASSED] - otpusk = findTestData("PlanFact").getValue(5, a): null

18-11-2024T10:37:22 - [TEST_STEP][PASSED] - poteri = findTestData("PlanFact").getValue(6, a): null

18-11-2024T10:37:22 - [TEST_STEP][PASSED] - otpusk = otpusk.replaceAll("\s+", ""): null

18-11-2024T10:37:22 - [TEST_STEP][PASSED] - poteri = poteri.replaceAll("\s+", ""): null

18-11-2024T10:37:22 - [TEST_STEP][PASSED] - typeOfData = typeOfDataMain + " Отпуск в сеть": null

18-11-2024T10:37:22 - [TEST_STEP][PASSED] - if (a == 82): null

18-11-2024T10:37:22 - [TEST_STEP][PASSED] - else if (a == 84): null

18-11-2024T10:37:22 - [TEST_STEP][PASSED] - else if (a == 52 || a == 72 || a == 28 || a == 73 || a == 77 || a == 74 || a == 65 || a == 36 || a == 44 || a == 53 || a == 80 || a == 54 || a == 1 || a == 18 || a == 59 || a == 81): null

18-11-2024T10:37:22 - [TEST_STEP][PASSED] - else: null

18-11-2024T10:37:22 - [TEST_STEP][PASSED] - path = dataFolder + typeOfData + " за отчётный период " + b: null

18-11-2024T10:37:22 - [TEST_STEP][PASSED] - println(path): null

18-11-2024T10:37:22 - [TEST_STEP][PASSED] - page = getText(findTestObject(path)): Text of object 'Object Repository/Выполнение бизнес-плана/Значения со страницы Выполнение бизнес-плана/Факт Отпуск в сеть за отчётный период Воронежэнерго' is: '7 471 092'

18-11-2024T10:37:22 - [MESSAGE][PASSED] - Text of object 'Object Repository/Выполнение бизнес-плана/Значения со страницы Выполнение бизнес-плана/Факт Отпуск в сеть за отчётный период Воронежэнерго' is: '7 471 092'

18-11-2024T10:37:22 - [TEST_STEP][PASSED] - page = page.replaceAll("\s+", ""): null

18-11-2024T10:37:22 - [TEST_STEP][PASSED] - fileOtpuskVSet = otpusk.toInteger(): null

18-11-2024T10:37:22 - [TEST_STEP][PASSED] - pageOtpuskVSet = page.toInteger(): null

18-11-2024T10:37:22 - [TEST_STEP][PASSED] - typeOfData = typeOfDataMain + " Потери": null

18-11-2024T10:37:22 - [TEST_STEP][PASSED] - if (a == 82): null

18-11-2024T10:37:22 - [TEST_STEP][PASSED] - else if (a == 84): null

18-11-2024T10:37:22 - [TEST_STEP][PASSED] - else if (a == 52 || a == 72 || a == 28 || a == 73 || a == 77 || a == 74 || a == 65 || a == 36 || a == 44 || a == 53 || a == 80 || a == 54 || a == 1 || a == 18 || a == 59 || a == 81): null

18-11-2024T10:37:22 - [TEST_STEP][PASSED] - else: null

18-11-2024T10:37:22 - [TEST_STEP][PASSED] - path = dataFolder + typeOfData + " за отчётный период " + b: null

18-11-2024T10:37:22 - [TEST_STEP][PASSED] - page = getText(findTestObject(path)): Text of object 'Object Repository/Выполнение бизнес-плана/Значения со страницы Выполнение бизнес-плана/Факт Потери за отчётный период Воронежэнерго' is: '540 279'

18-11-2024T10:37:22 - [MESSAGE][PASSED] - Text of object 'Object Repository/Выполнение бизнес-плана/Значения со страницы Выполнение бизнес-плана/Факт Потери за отчётный период Воронежэнерго' is: '540 279'

18-11-2024T10:37:22 - [TEST_STEP][PASSED] - page = page.replaceAll("\s+", ""): null

18-11-2024T10:37:22 - [TEST_STEP][PASSED] - filePoteri = poteri.toInteger(): null

18-11-2024T10:37:22 - [TEST_STEP][PASSED] - pagePoteri = page.toInteger(): null

18-11-2024T10:37:22 - [TEST_STEP][PASSED] - compare = pageOtpuskVSet: null

18-11-2024T10:37:22 - [TEST_STEP][PASSED] - if (compare == fileOtpuskVSet): null

18-11-2024T10:37:22 - [TEST_STEP][PASSED] - if (compare == fileOtpuskVSet): null

18-11-2024T10:37:22 - [TEST_STEP][PASSED] - compare = pagePoteri: null

18-11-2024T10:37:22 - [TEST_STEP][PASSED] - if (compare == filePoteri): null

18-11-2024T10:37:22 - [TEST_STEP][PASSED] - if (compare == filePoteri): null

18-11-2024T10:37:22 - [TEST_STEP][PASSED] - if (planFact == 2): null

18-11-2024T10:37:22 - [TEST_STEP][PASSED] - if (planFact == 1): null

18-11-2024T10:37:22 - [TEST_STEP][PASSED] - else if (planFact == 2): null

18-11-2024T10:37:22 - [TEST_STEP][PASSED] - click(findTestObject("Выполнение бизнес-плана/Кнопка План")): Object: 'Object Repository/Выполнение бизнес-плана/Кнопка План' is clicked on

18-11-2024T10:37:23 - [MESSAGE][PASSED] - Object: 'Object Repository/Выполнение бизнес-плана/Кнопка План' is clicked on

18-11-2024T10:37:23 - [TEST_STEP][PASSED] - typeOfDataMain = "План": null

18-11-2024T10:37:23 - [TEST_STEP][PASSED] - otpusk = findTestData("PlanFact").getValue(2, a): null

18-11-2024T10:37:23 - [TEST_STEP][PASSED] - poteri = findTestData("PlanFact").getValue(3, a): null

18-11-2024T10:37:23 - [TEST_STEP][PASSED] - otpusk = otpusk.replaceAll("\s+", ""): null

18-11-2024T10:37:23 - [TEST_STEP][PASSED] - poteri = poteri.replaceAll("\s+", ""): null

18-11-2024T10:37:23 - [TEST_STEP][PASSED] - typeOfData = typeOfDataMain + " Отпуск в сеть": null

18-11-2024T10:37:23 - [TEST_STEP][PASSED] - if (a == 82): null

18-11-2024T10:37:23 - [TEST_STEP][PASSED] - else if (a == 84): null

18-11-2024T10:37:23 - [TEST_STEP][PASSED] - else if (a == 52 || a == 72 || a == 28 || a == 73 || a == 77 || a == 74 || a == 65 || a == 36 || a == 44 || a == 53 || a == 80 || a == 54 || a == 1 || a == 18 || a == 59 || a == 81): null

18-11-2024T10:37:23 - [TEST_STEP][PASSED] - else: null

18-11-2024T10:37:23 - [TEST_STEP][PASSED] - path = dataFolder + typeOfData + " за отчётный период " + b: null

18-11-2024T10:37:23 - [TEST_STEP][PASSED] - println(path): null

18-11-2024T10:37:23 - [TEST_STEP][PASSED] - page = getText(findTestObject(path)): Text of object 'Object Repository/Выполнение бизнес-плана/Значения со страницы Выполнение бизнес-плана/План Отпуск в сеть за отчётный период Воронежэнерго' is: '7 229 505'

18-11-2024T10:37:23 - [MESSAGE][PASSED] - Text of object 'Object Repository/Выполнение бизнес-плана/Значения со страницы Выполнение бизнес-плана/План Отпуск в сеть за отчётный период Воронежэнерго' is: '7 229 505'

18-11-2024T10:37:23 - [TEST_STEP][PASSED] - page = page.replaceAll("\s+", ""): null

18-11-2024T10:37:23 - [TEST_STEP][PASSED] - fileOtpuskVSet = otpusk.toInteger(): null

18-11-2024T10:37:23 - [TEST_STEP][PASSED] - pageOtpuskVSet = page.toInteger(): null

18-11-2024T10:37:23 - [TEST_STEP][PASSED] - typeOfData = typeOfDataMain + " Потери": null

18-11-2024T10:37:23 - [TEST_STEP][PASSED] - if (a == 82): null

18-11-2024T10:37:23 - [TEST_STEP][PASSED] - else if (a == 84): null

18-11-2024T10:37:23 - [TEST_STEP][PASSED] - else if (a == 52 || a == 72 || a == 28 || a == 73 || a == 77 || a == 74 || a == 65 || a == 36 || a == 44 || a == 53 || a == 80 || a == 54 || a == 1 || a == 18 || a == 59 || a == 81): null

18-11-2024T10:37:23 - [TEST_STEP][PASSED] - else: null

18-11-2024T10:37:23 - [TEST_STEP][PASSED] - path = dataFolder + typeOfData + " за отчётный период " + b: null

18-11-2024T10:37:23 - [TEST_STEP][PASSED] - page = getText(findTestObject(path)): Text of object 'Object Repository/Выполнение бизнес-плана/Значения со страницы Выполнение бизнес-плана/План Потери за отчётный период Воронежэнерго' is: '555 290'

18-11-2024T10:37:23 - [MESSAGE][PASSED] - Text of object 'Object Repository/Выполнение бизнес-плана/Значения со страницы Выполнение бизнес-плана/План Потери за отчётный период Воронежэнерго' is: '555 290'

18-11-2024T10:37:23 - [TEST_STEP][PASSED] - page = page.replaceAll("\s+", ""): null

18-11-2024T10:37:23 - [TEST_STEP][PASSED] - filePoteri = poteri.toInteger(): null

18-11-2024T10:37:23 - [TEST_STEP][PASSED] - pagePoteri = page.toInteger(): null

18-11-2024T10:37:23 - [TEST_STEP][PASSED] - compare = pageOtpuskVSet: null

18-11-2024T10:37:23 - [TEST_STEP][PASSED] - if (compare == fileOtpuskVSet): null

18-11-2024T10:37:23 - [TEST_STEP][PASSED] - if (compare == fileOtpuskVSet): null

18-11-2024T10:37:23 - [TEST_STEP][PASSED] - compare = pagePoteri: null

18-11-2024T10:37:23 - [TEST_STEP][PASSED] - if (compare == filePoteri): null

18-11-2024T10:37:23 - [TEST_STEP][PASSED] - if (compare == filePoteri): null

18-11-2024T10:37:23 - [TEST_STEP][PASSED] - if (planFact == 2): Object: 'Object Repository/Выполнение бизнес-плана/Кнопка Факт' is clicked on

18-11-2024T10:37:23 - [TEST_STEP][PASSED] - click(findTestObject("Выполнение бизнес-плана/Кнопка Факт")): Object: 'Object Repository/Выполнение бизнес-плана/Кнопка Факт' is clicked on

18-11-2024T10:37:24 - [MESSAGE][PASSED] - Object: 'Object Repository/Выполнение бизнес-плана/Кнопка Факт' is clicked on

18-11-2024T10:37:24 - [TEST_STEP][PASSED] - if (a == 84 || a == 82): null

18-11-2024T10:37:24 - [TEST_STEP][PASSED] - else if (a == 52 || a == 72 || a == 28 || a == 73 || a == 77 || a == 74 || a == 65 || a == 36 || a == 44 || a == 53 || a == 80 || a == 54 || a == 1 || a == 18 || a == 59 || a == 81): null

18-11-2024T10:37:24 - [TEST_STEP][PASSED] - else: null

18-11-2024T10:37:24 - [TEST_STEP][PASSED] - page1 = getText(findTestObject("Object Repository/Выполнение бизнес-плана/spanPlan" + filialNum)): Text of object 'Object Repository/Выполнение бизнес-плана/spanPlan6' is: '7.68
|'

18-11-2024T10:37:24 - [MESSAGE][PASSED] - Text of object 'Object Repository/Выполнение бизнес-плана/spanPlan6' is: '7.68
|'

18-11-2024T10:37:24 - [TEST_STEP][PASSED] - page1 = page1.replace("|", ""): null

18-11-2024T10:37:24 - [TEST_STEP][PASSED] - page2 = getText(findTestObject("Object Repository/Выполнение бизнес-плана/spanFact" + filialNum)): Text of object 'Object Repository/Выполнение бизнес-плана/spanFact6' is: '7.23
|'

18-11-2024T10:37:24 - [MESSAGE][PASSED] - Text of object 'Object Repository/Выполнение бизнес-плана/spanFact6' is: '7.23
|'

18-11-2024T10:37:24 - [TEST_STEP][PASSED] - page2 = page2.replace("|", ""): null

18-11-2024T10:37:24 - [TEST_STEP][PASSED] - println("page1: " + page1): null

18-11-2024T10:37:24 - [TEST_STEP][PASSED] - println("page2: " + page2): null

18-11-2024T10:37:24 - [TEST_STEP][PASSED] - file = findTestData("PlanFact").getValue(4, a): null

18-11-2024T10:37:24 - [TEST_STEP][PASSED] - file = file.replace(",", "."): null

18-11-2024T10:37:24 - [TEST_STEP][PASSED] - println("file Plan: " + file): null

18-11-2024T10:37:24 - [TEST_STEP][PASSED] - typeOfData = "План в процентах": null

18-11-2024T10:37:24 - [TEST_STEP][PASSED] - fileDouble = file.toDouble(): null

18-11-2024T10:37:24 - [TEST_STEP][PASSED] - pageDouble = page1.toDouble(): null

18-11-2024T10:37:24 - [TEST_STEP][PASSED] - if (fileDouble != pageDouble): null

18-11-2024T10:37:24 - [TEST_STEP][PASSED] - file = findTestData("PlanFact").getValue(7, a): null

18-11-2024T10:37:24 - [TEST_STEP][PASSED] - file = file.replace(",", "."): null

18-11-2024T10:37:24 - [TEST_STEP][PASSED] - println("file Fact: " + file): null

18-11-2024T10:37:24 - [TEST_STEP][PASSED] - fileDouble = file.toDouble(): null

18-11-2024T10:37:24 - [TEST_STEP][PASSED] - typeOfData = "Факт в процентах": null

18-11-2024T10:37:24 - [TEST_STEP][PASSED] - fileDouble = file.toDouble(): null

18-11-2024T10:37:24 - [TEST_STEP][PASSED] - pageDouble = page2.toDouble(): null

18-11-2024T10:37:24 - [TEST_STEP][PASSED] - if (fileDouble != pageDouble): null

18-11-2024T10:37:24 - [TEST_STEP][PASSED] - if (verifyEqual(numberOfErrors, 0) == false): Actual object '0' and expected object '0' are equal

18-11-2024T10:37:24 - [MESSAGE][PASSED] - Actual object '0' and expected object '0' are equal

18-11-2024T10:37:24 - [TEST_STEP][PASSED] - if (a == 82): null

18-11-2024T10:37:24 - [TEST_STEP][PASSED] - dZO = "Костромаэнерго": null

18-11-2024T10:37:24 - [TEST_STEP][PASSED] - a = 5: null

18-11-2024T10:37:24 - [TEST_STEP][PASSED] - if (x2.contains(dZO)): null

18-11-2024T10:37:24 - [TEST_STEP][PASSED] - filialNum = filialNum + 1: null

18-11-2024T10:37:24 - [TEST_STEP][PASSED] - Script1718980020443.Numbers(a, typeOfData, todaysDate, pageInt, fileInt, pageDouble, fileDouble, dZO, dzoNum, filialNum): null

18-11-2024T10:37:24 - [TEST_STEP][PASSED] - println(dzoNum): null

18-11-2024T10:37:24 - [TEST_STEP][PASSED] - planFact = <not implemented yet for class: org.codehaus.groovy.ast.expr.EmptyExpression>: null

18-11-2024T10:37:24 - [TEST_STEP][PASSED] - page = <not implemented yet for class: org.codehaus.groovy.ast.expr.EmptyExpression>: null

18-11-2024T10:37:24 - [TEST_STEP][PASSED] - page1 = <not implemented yet for class: org.codehaus.groovy.ast.expr.EmptyExpression>: null

18-11-2024T10:37:24 - [TEST_STEP][PASSED] - page2 = <not implemented yet for class: org.codehaus.groovy.ast.expr.EmptyExpression>: null

18-11-2024T10:37:24 - [TEST_STEP][PASSED] - filialNumberInRow = <not implemented yet for class: org.codehaus.groovy.ast.expr.EmptyExpression>: null

18-11-2024T10:37:24 - [TEST_STEP][PASSED] - filialsDzoNames = <not implemented yet for class: org.codehaus.groovy.ast.expr.EmptyExpression>: null

18-11-2024T10:37:24 - [TEST_STEP][PASSED] - numberOfFilials = <not implemented yet for class: org.codehaus.groovy.ast.expr.EmptyExpression>: null

18-11-2024T10:37:24 - [TEST_STEP][PASSED] - numberOfSpaces = <not implemented yet for class: org.codehaus.groovy.ast.expr.EmptyExpression>: null

18-11-2024T10:37:24 - [TEST_STEP][PASSED] - file = <not implemented yet for class: org.codehaus.groovy.ast.expr.EmptyExpression>: null

18-11-2024T10:37:24 - [TEST_STEP][PASSED] - otpusk = <not implemented yet for class: org.codehaus.groovy.ast.expr.EmptyExpression>: null

18-11-2024T10:37:24 - [TEST_STEP][PASSED] - poteri = <not implemented yet for class: org.codehaus.groovy.ast.expr.EmptyExpression>: null

18-11-2024T10:37:24 - [TEST_STEP][PASSED] - dataFolder = "Выполнение бизнес-плана/Значения со страницы Выполнение бизнес-плана/": null

18-11-2024T10:37:24 - [TEST_STEP][PASSED] - path = <not implemented yet for class: org.codehaus.groovy.ast.expr.EmptyExpression>: null

18-11-2024T10:37:24 - [TEST_STEP][PASSED] - typeOfDataMain = <not implemented yet for class: org.codehaus.groovy.ast.expr.EmptyExpression>: null

18-11-2024T10:37:24 - [TEST_STEP][PASSED] - fileOtpuskVSet = <not implemented yet for class: org.codehaus.groovy.ast.expr.EmptyExpression>: null

18-11-2024T10:37:24 - [TEST_STEP][PASSED] - pageOtpuskVSet = <not implemented yet for class: org.codehaus.groovy.ast.expr.EmptyExpression>: null

18-11-2024T10:37:24 - [TEST_STEP][PASSED] - filePoteri = <not implemented yet for class: org.codehaus.groovy.ast.expr.EmptyExpression>: null

18-11-2024T10:37:24 - [TEST_STEP][PASSED] - pagePoteri = <not implemented yet for class: org.codehaus.groovy.ast.expr.EmptyExpression>: null

18-11-2024T10:37:24 - [TEST_STEP][PASSED] - compare = <not implemented yet for class: org.codehaus.groovy.ast.expr.EmptyExpression>: null

18-11-2024T10:37:24 - [TEST_STEP][PASSED] - b = <not implemented yet for class: org.codehaus.groovy.ast.expr.EmptyExpression>: null

18-11-2024T10:37:24 - [TEST_STEP][PASSED] - i = <not implemented yet for class: org.codehaus.groovy.ast.expr.EmptyExpression>: null

18-11-2024T10:37:24 - [TEST_STEP][PASSED] - ii = <not implemented yet for class: org.codehaus.groovy.ast.expr.EmptyExpression>: null

18-11-2024T10:37:24 - [TEST_STEP][PASSED] - c = <not implemented yet for class: org.codehaus.groovy.ast.expr.EmptyExpression>: null

18-11-2024T10:37:24 - [TEST_STEP][PASSED] - numberOfErrors = 0: null

18-11-2024T10:37:24 - [TEST_STEP][PASSED] - if (a == 82): null

18-11-2024T10:37:24 - [TEST_STEP][PASSED] - b = findTestData("PlanFact").getValue(1, a): null

18-11-2024T10:37:24 - [TEST_STEP][PASSED] - i = b.indexOf(" (ГК)"): null

18-11-2024T10:37:24 - [TEST_STEP][PASSED] - if (i > -1): null

18-11-2024T10:37:24 - [TEST_STEP][PASSED] - i = b.indexOf("О ""): null

18-11-2024T10:37:24 - [TEST_STEP][PASSED] - if (i > -1): null

18-11-2024T10:37:24 - [TEST_STEP][PASSED] - i = b.indexOf("О «"): null

18-11-2024T10:37:24 - [TEST_STEP][PASSED] - if (i > -1): null

18-11-2024T10:37:24 - [TEST_STEP][PASSED] - i = b.indexOf("г. "): null

18-11-2024T10:37:24 - [TEST_STEP][PASSED] - if (i > -1): null

18-11-2024T10:37:24 - [TEST_STEP][PASSED] - println(b): null

18-11-2024T10:37:24 - [TEST_STEP][PASSED] - for ([planFact = 1, planFact < 3, (planFact++)]): null

18-11-2024T10:37:24 - [TEST_STEP][PASSED] - if (planFact == 1): null

18-11-2024T10:37:24 - [TEST_STEP][PASSED] - typeOfDataMain = "Факт": null

18-11-2024T10:37:24 - [TEST_STEP][PASSED] - otpusk = findTestData("PlanFact").getValue(5, a): null

18-11-2024T10:37:25 - [TEST_STEP][PASSED] - poteri = findTestData("PlanFact").getValue(6, a): null

18-11-2024T10:37:25 - [TEST_STEP][PASSED] - otpusk = otpusk.replaceAll("\s+", ""): null

18-11-2024T10:37:25 - [TEST_STEP][PASSED] - poteri = poteri.replaceAll("\s+", ""): null

18-11-2024T10:37:25 - [TEST_STEP][PASSED] - typeOfData = typeOfDataMain + " Отпуск в сеть": null

18-11-2024T10:37:25 - [TEST_STEP][PASSED] - if (a == 82): null

18-11-2024T10:37:25 - [TEST_STEP][PASSED] - else if (a == 84): null

18-11-2024T10:37:25 - [TEST_STEP][PASSED] - else if (a == 52 || a == 72 || a == 28 || a == 73 || a == 77 || a == 74 || a == 65 || a == 36 || a == 44 || a == 53 || a == 80 || a == 54 || a == 1 || a == 18 || a == 59 || a == 81): null

18-11-2024T10:37:25 - [TEST_STEP][PASSED] - else: null

18-11-2024T10:37:25 - [TEST_STEP][PASSED] - path = dataFolder + typeOfData + " за отчётный период " + b: null

18-11-2024T10:37:25 - [TEST_STEP][PASSED] - println(path): null

18-11-2024T10:37:25 - [TEST_STEP][PASSED] - page = getText(findTestObject(path)): Text of object 'Object Repository/Выполнение бизнес-плана/Значения со страницы Выполнение бизнес-плана/Факт Отпуск в сеть за отчётный период Костромаэнерго' is: '2 101 668'

18-11-2024T10:37:25 - [MESSAGE][PASSED] - Text of object 'Object Repository/Выполнение бизнес-плана/Значения со страницы Выполнение бизнес-плана/Факт Отпуск в сеть за отчётный период Костромаэнерго' is: '2 101 668'

18-11-2024T10:37:25 - [TEST_STEP][PASSED] - page = page.replaceAll("\s+", ""): null

18-11-2024T10:37:25 - [TEST_STEP][PASSED] - fileOtpuskVSet = otpusk.toInteger(): null

18-11-2024T10:37:25 - [TEST_STEP][PASSED] - pageOtpuskVSet = page.toInteger(): null

18-11-2024T10:37:25 - [TEST_STEP][PASSED] - typeOfData = typeOfDataMain + " Потери": null

18-11-2024T10:37:25 - [TEST_STEP][PASSED] - if (a == 82): null

18-11-2024T10:37:25 - [TEST_STEP][PASSED] - else if (a == 84): null

18-11-2024T10:37:25 - [TEST_STEP][PASSED] - else if (a == 52 || a == 72 || a == 28 || a == 73 || a == 77 || a == 74 || a == 65 || a == 36 || a == 44 || a == 53 || a == 80 || a == 54 || a == 1 || a == 18 || a == 59 || a == 81): null

18-11-2024T10:37:25 - [TEST_STEP][PASSED] - else: null

18-11-2024T10:37:25 - [TEST_STEP][PASSED] - path = dataFolder + typeOfData + " за отчётный период " + b: null

18-11-2024T10:37:25 - [TEST_STEP][PASSED] - page = getText(findTestObject(path)): Text of object 'Object Repository/Выполнение бизнес-плана/Значения со страницы Выполнение бизнес-плана/Факт Потери за отчётный период Костромаэнерго' is: '196 726'

18-11-2024T10:37:25 - [MESSAGE][PASSED] - Text of object 'Object Repository/Выполнение бизнес-плана/Значения со страницы Выполнение бизнес-плана/Факт Потери за отчётный период Костромаэнерго' is: '196 726'

18-11-2024T10:37:25 - [TEST_STEP][PASSED] - page = page.replaceAll("\s+", ""): null

18-11-2024T10:37:25 - [TEST_STEP][PASSED] - filePoteri = poteri.toInteger(): null

18-11-2024T10:37:25 - [TEST_STEP][PASSED] - pagePoteri = page.toInteger(): null

18-11-2024T10:37:25 - [TEST_STEP][PASSED] - compare = pageOtpuskVSet: null

18-11-2024T10:37:25 - [TEST_STEP][PASSED] - if (compare == fileOtpuskVSet): null

18-11-2024T10:37:25 - [TEST_STEP][PASSED] - else if (compare > fileOtpuskVSet): null

18-11-2024T10:37:25 - [TEST_STEP][PASSED] - compare = compare - 1: null

18-11-2024T10:37:25 - [TEST_STEP][PASSED] - if (compare == fileOtpuskVSet): null

18-11-2024T10:37:25 - [TEST_STEP][PASSED] - else: null

18-11-2024T10:37:25 - [TEST_STEP][PASSED] - numberOfErrors = numberOfErrors + 1: null

18-11-2024T10:37:25 - [TEST_STEP][PASSED] - pageInt = pageOtpuskVSet: null

18-11-2024T10:37:25 - [TEST_STEP][PASSED] - fileInt = fileOtpuskVSet: null

18-11-2024T10:37:25 - [TEST_STEP][PASSED] - typeOfData = typeOfDataMain + " Отпуск в сеть": null

18-11-2024T10:37:25 - [TEST_STEP][PASSED] - Script1718980020443.WriteToExcel(a, typeOfData, todaysDate, pageInt, fileInt, pageDouble, fileDouble, dZO): null

18-11-2024T10:37:25 - [TEST_STEP][PASSED] - sheetName = "Sheet1": null

18-11-2024T10:37:25 - [TEST_STEP][PASSED] - data = findTestData("PlanFact"): null

18-11-2024T10:37:25 - [TEST_STEP][PASSED] - n = data.getRowNumbers() + 1: null

18-11-2024T10:37:25 - [TEST_STEP][PASSED] - year = todaysDate.substring(todaysDate.length() - 4, todaysDate.length()): null

18-11-2024T10:37:25 - [TEST_STEP][PASSED] - y = year.toInteger(): null

18-11-2024T10:37:25 - [TEST_STEP][PASSED] - m = getText(findTestObject("Выполнение бизнес-плана/Период")): Text of object 'Object Repository/Выполнение бизнес-плана/Период' is: '1, 2, 3 кв. 2024 года'

18-11-2024T10:37:26 - [MESSAGE][PASSED] - Text of object 'Object Repository/Выполнение бизнес-плана/Период' is: '1, 2, 3 кв. 2024 года'

18-11-2024T10:37:26 - [TEST_STEP][PASSED] - m = m.substring(0, m.indexOf("2024")): null

18-11-2024T10:37:26 - [TEST_STEP][PASSED] - m = m.trim(): null

18-11-2024T10:37:26 - [TEST_STEP][PASSED] - dashboardName = "Выполнение бизнес-плана": null

18-11-2024T10:37:26 - [TEST_STEP][PASSED] - workbook01 = getWorkbook(excelFilePath): null

18-11-2024T10:37:26 - [TEST_STEP][PASSED] - sheet01 = getExcelSheet(workbook01, sheetName): null

18-11-2024T10:37:26 - [TEST_STEP][PASSED] - setValueToCellByIndex(sheet01, n, 0, dashboardName): null

18-11-2024T10:37:26 - [TEST_STEP][PASSED] - setValueToCellByIndex(sheet01, n, 1, dZO): null

18-11-2024T10:37:26 - [TEST_STEP][PASSED] - setValueToCellByIndex(sheet01, n, 2, typeOfData): null

18-11-2024T10:37:26 - [TEST_STEP][PASSED] - if (typeOfData == "Факт в процентах" || typeOfData == "План в процентах"): null

18-11-2024T10:37:26 - [TEST_STEP][PASSED] - else: null

18-11-2024T10:37:26 - [TEST_STEP][PASSED] - setValueToCellByIndex(sheet01, n, 3, fileInt): null

18-11-2024T10:37:26 - [TEST_STEP][PASSED] - setValueToCellByIndex(sheet01, n, 4, pageInt): null

18-11-2024T10:37:26 - [TEST_STEP][PASSED] - setValueToCellByIndex(sheet01, n, 5, m): null

18-11-2024T10:37:26 - [TEST_STEP][PASSED] - setValueToCellByIndex(sheet01, n, 6, y): null

18-11-2024T10:37:26 - [TEST_STEP][PASSED] - setValueToCellByIndex(sheet01, n, 7, todaysDate): null

18-11-2024T10:37:26 - [TEST_STEP][PASSED] - n = n + 1: null

18-11-2024T10:37:26 - [TEST_STEP][PASSED] - saveWorkbook(excelFilePath, workbook01): null

18-11-2024T10:37:26 - [TEST_STEP][PASSED] - compare = pagePoteri: null

18-11-2024T10:37:26 - [TEST_STEP][PASSED] - if (compare == filePoteri): null

18-11-2024T10:37:26 - [TEST_STEP][PASSED] - else if (compare > filePoteri): null

18-11-2024T10:37:26 - [TEST_STEP][PASSED] - compare = compare - 1: null

18-11-2024T10:37:26 - [TEST_STEP][PASSED] - if (compare == filePoteri): null

18-11-2024T10:37:26 - [TEST_STEP][PASSED] - else: null

18-11-2024T10:37:26 - [TEST_STEP][PASSED] - numberOfErrors = numberOfErrors + 1: null

18-11-2024T10:37:26 - [TEST_STEP][PASSED] - pageInt = pagePoteri: null

18-11-2024T10:37:26 - [TEST_STEP][PASSED] - fileInt = filePoteri: null

18-11-2024T10:37:26 - [TEST_STEP][PASSED] - typeOfData = typeOfDataMain + " Потери": null

18-11-2024T10:37:26 - [TEST_STEP][PASSED] - Script1718980020443.WriteToExcel(a, typeOfData, todaysDate, pageInt, fileInt, pageDouble, fileDouble, dZO): null

18-11-2024T10:37:26 - [TEST_STEP][PASSED] - sheetName = "Sheet1": null

18-11-2024T10:37:26 - [TEST_STEP][PASSED] - data = findTestData("PlanFact"): null

18-11-2024T10:37:26 - [TEST_STEP][PASSED] - n = data.getRowNumbers() + 1: null

18-11-2024T10:37:26 - [TEST_STEP][PASSED] - year = todaysDate.substring(todaysDate.length() - 4, todaysDate.length()): null

18-11-2024T10:37:26 - [TEST_STEP][PASSED] - y = year.toInteger(): null

18-11-2024T10:37:26 - [TEST_STEP][PASSED] - m = getText(findTestObject("Выполнение бизнес-плана/Период")): Text of object 'Object Repository/Выполнение бизнес-плана/Период' is: '1, 2, 3 кв. 2024 года'

18-11-2024T10:37:26 - [MESSAGE][PASSED] - Text of object 'Object Repository/Выполнение бизнес-плана/Период' is: '1, 2, 3 кв. 2024 года'

18-11-2024T10:37:26 - [TEST_STEP][PASSED] - m = m.substring(0, m.indexOf("2024")): null

18-11-2024T10:37:26 - [TEST_STEP][PASSED] - m = m.trim(): null

18-11-2024T10:37:26 - [TEST_STEP][PASSED] - dashboardName = "Выполнение бизнес-плана": null

18-11-2024T10:37:26 - [TEST_STEP][PASSED] - workbook01 = getWorkbook(excelFilePath): null

18-11-2024T10:37:26 - [TEST_STEP][PASSED] - sheet01 = getExcelSheet(workbook01, sheetName): null

18-11-2024T10:37:26 - [TEST_STEP][PASSED] - setValueToCellByIndex(sheet01, n, 0, dashboardName): null

18-11-2024T10:37:26 - [TEST_STEP][PASSED] - setValueToCellByIndex(sheet01, n, 1, dZO): null

18-11-2024T10:37:26 - [TEST_STEP][PASSED] - setValueToCellByIndex(sheet01, n, 2, typeOfData): null

18-11-2024T10:37:26 - [TEST_STEP][PASSED] - if (typeOfData == "Факт в процентах" || typeOfData == "План в процентах"): null

18-11-2024T10:37:26 - [TEST_STEP][PASSED] - else: null

18-11-2024T10:37:26 - [TEST_STEP][PASSED] - setValueToCellByIndex(sheet01, n, 3, fileInt): null

18-11-2024T10:37:26 - [TEST_STEP][PASSED] - setValueToCellByIndex(sheet01, n, 4, pageInt): null

18-11-2024T10:37:26 - [TEST_STEP][PASSED] - setValueToCellByIndex(sheet01, n, 5, m): null

18-11-2024T10:37:26 - [TEST_STEP][PASSED] - setValueToCellByIndex(sheet01, n, 6, y): null

18-11-2024T10:37:26 - [TEST_STEP][PASSED] - setValueToCellByIndex(sheet01, n, 7, todaysDate): null

18-11-2024T10:37:26 - [TEST_STEP][PASSED] - n = n + 1: null

18-11-2024T10:37:26 - [TEST_STEP][PASSED] - saveWorkbook(excelFilePath, workbook01): null

18-11-2024T10:37:27 - [TEST_STEP][PASSED] - if (planFact == 2): null

18-11-2024T10:37:27 - [TEST_STEP][PASSED] - if (planFact == 1): null

18-11-2024T10:37:27 - [TEST_STEP][PASSED] - else if (planFact == 2): null

18-11-2024T10:37:27 - [TEST_STEP][PASSED] - click(findTestObject("Выполнение бизнес-плана/Кнопка План")): Object: 'Object Repository/Выполнение бизнес-плана/Кнопка План' is clicked on

18-11-2024T10:37:27 - [MESSAGE][PASSED] - Object: 'Object Repository/Выполнение бизнес-плана/Кнопка План' is clicked on

18-11-2024T10:37:27 - [TEST_STEP][PASSED] - typeOfDataMain = "План": null

18-11-2024T10:37:27 - [TEST_STEP][PASSED] - otpusk = findTestData("PlanFact").getValue(2, a): null

18-11-2024T10:37:27 - [TEST_STEP][PASSED] - poteri = findTestData("PlanFact").getValue(3, a): null

18-11-2024T10:37:27 - [TEST_STEP][PASSED] - otpusk = otpusk.replaceAll("\s+", ""): null

18-11-2024T10:37:27 - [TEST_STEP][PASSED] - poteri = poteri.replaceAll("\s+", ""): null

18-11-2024T10:37:27 - [TEST_STEP][PASSED] - typeOfData = typeOfDataMain + " Отпуск в сеть": null

18-11-2024T10:37:27 - [TEST_STEP][PASSED] - if (a == 82): null

18-11-2024T10:37:27 - [TEST_STEP][PASSED] - else if (a == 84): null

18-11-2024T10:37:27 - [TEST_STEP][PASSED] - else if (a == 52 || a == 72 || a == 28 || a == 73 || a == 77 || a == 74 || a == 65 || a == 36 || a == 44 || a == 53 || a == 80 || a == 54 || a == 1 || a == 18 || a == 59 || a == 81): null

18-11-2024T10:37:27 - [TEST_STEP][PASSED] - else: null

18-11-2024T10:37:27 - [TEST_STEP][PASSED] - path = dataFolder + typeOfData + " за отчётный период " + b: null

18-11-2024T10:37:27 - [TEST_STEP][PASSED] - println(path): null

18-11-2024T10:37:27 - [TEST_STEP][PASSED] - page = getText(findTestObject(path)): Text of object 'Object Repository/Выполнение бизнес-плана/Значения со страницы Выполнение бизнес-плана/План Отпуск в сеть за отчётный период Костромаэнерго' is: '2 068 166'

18-11-2024T10:37:27 - [MESSAGE][PASSED] - Text of object 'Object Repository/Выполнение бизнес-плана/Значения со страницы Выполнение бизнес-плана/План Отпуск в сеть за отчётный период Костромаэнерго' is: '2 068 166'

18-11-2024T10:37:27 - [TEST_STEP][PASSED] - page = page.replaceAll("\s+", ""): null

18-11-2024T10:37:27 - [TEST_STEP][PASSED] - fileOtpuskVSet = otpusk.toInteger(): null

18-11-2024T10:37:27 - [TEST_STEP][PASSED] - pageOtpuskVSet = page.toInteger(): null

18-11-2024T10:37:27 - [TEST_STEP][PASSED] - typeOfData = typeOfDataMain + " Потери": null

18-11-2024T10:37:27 - [TEST_STEP][PASSED] - if (a == 82): null

18-11-2024T10:37:27 - [TEST_STEP][PASSED] - else if (a == 84): null

18-11-2024T10:37:27 - [TEST_STEP][PASSED] - else if (a == 52 || a == 72 || a == 28 || a == 73 || a == 77 || a == 74 || a == 65 || a == 36 || a == 44 || a == 53 || a == 80 || a == 54 || a == 1 || a == 18 || a == 59 || a == 81): null

18-11-2024T10:37:27 - [TEST_STEP][PASSED] - else: null

18-11-2024T10:37:27 - [TEST_STEP][PASSED] - path = dataFolder + typeOfData + " за отчётный период " + b: null

18-11-2024T10:37:27 - [TEST_STEP][PASSED] - page = getText(findTestObject(path)): Text of object 'Object Repository/Выполнение бизнес-плана/Значения со страницы Выполнение бизнес-плана/План Потери за отчётный период Костромаэнерго' is: '193 363'

18-11-2024T10:37:28 - [MESSAGE][PASSED] - Text of object 'Object Repository/Выполнение бизнес-плана/Значения со страницы Выполнение бизнес-плана/План Потери за отчётный период Костромаэнерго' is: '193 363'

18-11-2024T10:37:28 - [TEST_STEP][PASSED] - page = page.replaceAll("\s+", ""): null

18-11-2024T10:37:28 - [TEST_STEP][PASSED] - filePoteri = poteri.toInteger(): null

18-11-2024T10:37:28 - [TEST_STEP][PASSED] - pagePoteri = page.toInteger(): null

18-11-2024T10:37:28 - [TEST_STEP][PASSED] - compare = pageOtpuskVSet: null

18-11-2024T10:37:28 - [TEST_STEP][PASSED] - if (compare == fileOtpuskVSet): null

18-11-2024T10:37:28 - [TEST_STEP][PASSED] - else if (compare > fileOtpuskVSet): null

18-11-2024T10:37:28 - [TEST_STEP][PASSED] - compare = compare - 1: null

18-11-2024T10:37:28 - [TEST_STEP][PASSED] - if (compare == fileOtpuskVSet): null

18-11-2024T10:37:28 - [TEST_STEP][PASSED] - else: null

18-11-2024T10:37:28 - [TEST_STEP][PASSED] - numberOfErrors = numberOfErrors + 1: null

18-11-2024T10:37:28 - [TEST_STEP][PASSED] - pageInt = pageOtpuskVSet: null

18-11-2024T10:37:28 - [TEST_STEP][PASSED] - fileInt = fileOtpuskVSet: null

18-11-2024T10:37:28 - [TEST_STEP][PASSED] - typeOfData = typeOfDataMain + " Отпуск в сеть": null

18-11-2024T10:37:28 - [TEST_STEP][PASSED] - Script1718980020443.WriteToExcel(a, typeOfData, todaysDate, pageInt, fileInt, pageDouble, fileDouble, dZO): null

18-11-2024T10:37:28 - [TEST_STEP][PASSED] - sheetName = "Sheet1": null

18-11-2024T10:37:28 - [TEST_STEP][PASSED] - data = findTestData("PlanFact"): null

18-11-2024T10:37:28 - [TEST_STEP][PASSED] - n = data.getRowNumbers() + 1: null

18-11-2024T10:37:28 - [TEST_STEP][PASSED] - year = todaysDate.substring(todaysDate.length() - 4, todaysDate.length()): null

18-11-2024T10:37:28 - [TEST_STEP][PASSED] - y = year.toInteger(): null

18-11-2024T10:37:28 - [TEST_STEP][PASSED] - m = getText(findTestObject("Выполнение бизнес-плана/Период")): Text of object 'Object Repository/Выполнение бизнес-плана/Период' is: '1, 2, 3 кв. 2024 года'

18-11-2024T10:37:28 - [MESSAGE][PASSED] - Text of object 'Object Repository/Выполнение бизнес-плана/Период' is: '1, 2, 3 кв. 2024 года'

18-11-2024T10:37:28 - [TEST_STEP][PASSED] - m = m.substring(0, m.indexOf("2024")): null

18-11-2024T10:37:28 - [TEST_STEP][PASSED] - m = m.trim(): null

18-11-2024T10:37:28 - [TEST_STEP][PASSED] - dashboardName = "Выполнение бизнес-плана": null

18-11-2024T10:37:28 - [TEST_STEP][PASSED] - workbook01 = getWorkbook(excelFilePath): null

18-11-2024T10:37:28 - [TEST_STEP][PASSED] - sheet01 = getExcelSheet(workbook01, sheetName): null

18-11-2024T10:37:28 - [TEST_STEP][PASSED] - setValueToCellByIndex(sheet01, n, 0, dashboardName): null

18-11-2024T10:37:28 - [TEST_STEP][PASSED] - setValueToCellByIndex(sheet01, n, 1, dZO): null

18-11-2024T10:37:28 - [TEST_STEP][PASSED] - setValueToCellByIndex(sheet01, n, 2, typeOfData): null

18-11-2024T10:37:28 - [TEST_STEP][PASSED] - if (typeOfData == "Факт в процентах" || typeOfData == "План в процентах"): null

18-11-2024T10:37:28 - [TEST_STEP][PASSED] - else: null

18-11-2024T10:37:28 - [TEST_STEP][PASSED] - setValueToCellByIndex(sheet01, n, 3, fileInt): null

18-11-2024T10:37:28 - [TEST_STEP][PASSED] - setValueToCellByIndex(sheet01, n, 4, pageInt): null

18-11-2024T10:37:28 - [TEST_STEP][PASSED] - setValueToCellByIndex(sheet01, n, 5, m): null

18-11-2024T10:37:28 - [TEST_STEP][PASSED] - setValueToCellByIndex(sheet01, n, 6, y): null

18-11-2024T10:37:28 - [TEST_STEP][PASSED] - setValueToCellByIndex(sheet01, n, 7, todaysDate): null

18-11-2024T10:37:28 - [TEST_STEP][PASSED] - n = n + 1: null

18-11-2024T10:37:28 - [TEST_STEP][PASSED] - saveWorkbook(excelFilePath, workbook01): null

18-11-2024T10:37:28 - [TEST_STEP][PASSED] - compare = pagePoteri: null

18-11-2024T10:37:28 - [TEST_STEP][PASSED] - if (compare == filePoteri): null

18-11-2024T10:37:28 - [TEST_STEP][PASSED] - else if (compare > filePoteri): null

18-11-2024T10:37:28 - [TEST_STEP][PASSED] - compare = compare - 1: null

18-11-2024T10:37:28 - [TEST_STEP][PASSED] - if (compare == filePoteri): null

18-11-2024T10:37:28 - [TEST_STEP][PASSED] - else: null

18-11-2024T10:37:28 - [TEST_STEP][PASSED] - numberOfErrors = numberOfErrors + 1: null

18-11-2024T10:37:28 - [TEST_STEP][PASSED] - pageInt = pagePoteri: null

18-11-2024T10:37:28 - [TEST_STEP][PASSED] - fileInt = filePoteri: null

18-11-2024T10:37:28 - [TEST_STEP][PASSED] - typeOfData = typeOfDataMain + " Потери": null

18-11-2024T10:37:28 - [TEST_STEP][PASSED] - Script1718980020443.WriteToExcel(a, typeOfData, todaysDate, pageInt, fileInt, pageDouble, fileDouble, dZO): null

18-11-2024T10:37:28 - [TEST_STEP][PASSED] - sheetName = "Sheet1": null

18-11-2024T10:37:28 - [TEST_STEP][PASSED] - data = findTestData("PlanFact"): null

18-11-2024T10:37:29 - [TEST_STEP][PASSED] - n = data.getRowNumbers() + 1: null

18-11-2024T10:37:29 - [TEST_STEP][PASSED] - year = todaysDate.substring(todaysDate.length() - 4, todaysDate.length()): null

18-11-2024T10:37:29 - [TEST_STEP][PASSED] - y = year.toInteger(): null

18-11-2024T10:37:29 - [TEST_STEP][PASSED] - m = getText(findTestObject("Выполнение бизнес-плана/Период")): Text of object 'Object Repository/Выполнение бизнес-плана/Период' is: '1, 2, 3 кв. 2024 года'

18-11-2024T10:37:29 - [MESSAGE][PASSED] - Text of object 'Object Repository/Выполнение бизнес-плана/Период' is: '1, 2, 3 кв. 2024 года'

18-11-2024T10:37:29 - [TEST_STEP][PASSED] - m = m.substring(0, m.indexOf("2024")): null

18-11-2024T10:37:29 - [TEST_STEP][PASSED] - m = m.trim(): null

18-11-2024T10:37:29 - [TEST_STEP][PASSED] - dashboardName = "Выполнение бизнес-плана": null

18-11-2024T10:37:29 - [TEST_STEP][PASSED] - workbook01 = getWorkbook(excelFilePath): null

18-11-2024T10:37:29 - [TEST_STEP][PASSED] - sheet01 = getExcelSheet(workbook01, sheetName): null

18-11-2024T10:37:29 - [TEST_STEP][PASSED] - setValueToCellByIndex(sheet01, n, 0, dashboardName): null

18-11-2024T10:37:29 - [TEST_STEP][PASSED] - setValueToCellByIndex(sheet01, n, 1, dZO): null

18-11-2024T10:37:29 - [TEST_STEP][PASSED] - setValueToCellByIndex(sheet01, n, 2, typeOfData): null

18-11-2024T10:37:29 - [TEST_STEP][PASSED] - if (typeOfData == "Факт в процентах" || typeOfData == "План в процентах"): null

18-11-2024T10:37:29 - [TEST_STEP][PASSED] - else: null

18-11-2024T10:37:29 - [TEST_STEP][PASSED] - setValueToCellByIndex(sheet01, n, 3, fileInt): null

18-11-2024T10:37:29 - [TEST_STEP][PASSED] - setValueToCellByIndex(sheet01, n, 4, pageInt): null

18-11-2024T10:37:29 - [TEST_STEP][PASSED] - setValueToCellByIndex(sheet01, n, 5, m): null

18-11-2024T10:37:29 - [TEST_STEP][PASSED] - setValueToCellByIndex(sheet01, n, 6, y): null

18-11-2024T10:37:29 - [TEST_STEP][PASSED] - setValueToCellByIndex(sheet01, n, 7, todaysDate): null

18-11-2024T10:37:29 - [TEST_STEP][PASSED] - n = n + 1: null

18-11-2024T10:37:29 - [TEST_STEP][PASSED] - saveWorkbook(excelFilePath, workbook01): Object: 'Object Repository/Выполнение бизнес-плана/Кнопка Факт' is clicked on

18-11-2024T10:37:29 - [TEST_STEP][PASSED] - if (planFact == 2): Object: 'Object Repository/Выполнение бизнес-плана/Кнопка Факт' is clicked on

18-11-2024T10:37:29 - [TEST_STEP][PASSED] - click(findTestObject("Выполнение бизнес-плана/Кнопка Факт")): Object: 'Object Repository/Выполнение бизнес-плана/Кнопка Факт' is clicked on

18-11-2024T10:37:29 - [MESSAGE][PASSED] - Object: 'Object Repository/Выполнение бизнес-плана/Кнопка Факт' is clicked on

18-11-2024T10:37:29 - [TEST_STEP][PASSED] - if (a == 84 || a == 82): null

18-11-2024T10:37:29 - [TEST_STEP][PASSED] - else if (a == 52 || a == 72 || a == 28 || a == 73 || a == 77 || a == 74 || a == 65 || a == 36 || a == 44 || a == 53 || a == 80 || a == 54 || a == 1 || a == 18 || a == 59 || a == 81): null

18-11-2024T10:37:29 - [TEST_STEP][PASSED] - else: null

18-11-2024T10:37:29 - [TEST_STEP][PASSED] - page1 = getText(findTestObject("Object Repository/Выполнение бизнес-плана/spanPlan" + filialNum)): Text of object 'Object Repository/Выполнение бизнес-плана/spanPlan7' is: '9.35
|'

18-11-2024T10:37:30 - [MESSAGE][PASSED] - Text of object 'Object Repository/Выполнение бизнес-плана/spanPlan7' is: '9.35
|'

18-11-2024T10:37:30 - [TEST_STEP][PASSED] - page1 = page1.replace("|", ""): null

18-11-2024T10:37:30 - [TEST_STEP][PASSED] - page2 = getText(findTestObject("Object Repository/Выполнение бизнес-плана/spanFact" + filialNum)): Text of object 'Object Repository/Выполнение бизнес-плана/spanFact7' is: '9.36
|'

18-11-2024T10:37:30 - [MESSAGE][PASSED] - Text of object 'Object Repository/Выполнение бизнес-плана/spanFact7' is: '9.36
|'

18-11-2024T10:37:30 - [TEST_STEP][PASSED] - page2 = page2.replace("|", ""): null

18-11-2024T10:37:30 - [TEST_STEP][PASSED] - println("page1: " + page1): null

18-11-2024T10:37:30 - [TEST_STEP][PASSED] - println("page2: " + page2): null

18-11-2024T10:37:30 - [TEST_STEP][PASSED] - file = findTestData("PlanFact").getValue(4, a): null

18-11-2024T10:37:30 - [TEST_STEP][PASSED] - file = file.replace(",", "."): null

18-11-2024T10:37:30 - [TEST_STEP][PASSED] - println("file Plan: " + file): null

18-11-2024T10:37:30 - [TEST_STEP][PASSED] - typeOfData = "План в процентах": null

18-11-2024T10:37:30 - [TEST_STEP][PASSED] - fileDouble = file.toDouble(): null

18-11-2024T10:37:30 - [TEST_STEP][PASSED] - pageDouble = page1.toDouble(): null

18-11-2024T10:37:30 - [TEST_STEP][PASSED] - if (fileDouble != pageDouble): null

18-11-2024T10:37:30 - [TEST_STEP][PASSED] - numberOfErrors = numberOfErrors + 1: null

18-11-2024T10:37:30 - [TEST_STEP][PASSED] - Script1718980020443.WriteToExcel(a, typeOfData, todaysDate, pageInt, fileInt, pageDouble, fileDouble, dZO): null

18-11-2024T10:37:30 - [TEST_STEP][PASSED] - sheetName = "Sheet1": null

18-11-2024T10:37:30 - [TEST_STEP][PASSED] - data = findTestData("PlanFact"): null

18-11-2024T10:37:30 - [TEST_STEP][PASSED] - n = data.getRowNumbers() + 1: null

18-11-2024T10:37:30 - [TEST_STEP][PASSED] - year = todaysDate.substring(todaysDate.length() - 4, todaysDate.length()): null

18-11-2024T10:37:30 - [TEST_STEP][PASSED] - y = year.toInteger(): null

18-11-2024T10:37:30 - [TEST_STEP][PASSED] - m = getText(findTestObject("Выполнение бизнес-плана/Период")): Text of object 'Object Repository/Выполнение бизнес-плана/Период' is: '1, 2, 3 кв. 2024 года'

18-11-2024T10:37:30 - [MESSAGE][PASSED] - Text of object 'Object Repository/Выполнение бизнес-плана/Период' is: '1, 2, 3 кв. 2024 года'

18-11-2024T10:37:30 - [TEST_STEP][PASSED] - m = m.substring(0, m.indexOf("2024")): null

18-11-2024T10:37:30 - [TEST_STEP][PASSED] - m = m.trim(): null

18-11-2024T10:37:30 - [TEST_STEP][PASSED] - dashboardName = "Выполнение бизнес-плана": null

18-11-2024T10:37:30 - [TEST_STEP][PASSED] - workbook01 = getWorkbook(excelFilePath): null

18-11-2024T10:37:31 - [TEST_STEP][PASSED] - sheet01 = getExcelSheet(workbook01, sheetName): null

18-11-2024T10:37:31 - [TEST_STEP][PASSED] - setValueToCellByIndex(sheet01, n, 0, dashboardName): null

18-11-2024T10:37:31 - [TEST_STEP][PASSED] - setValueToCellByIndex(sheet01, n, 1, dZO): null

18-11-2024T10:37:31 - [TEST_STEP][PASSED] - setValueToCellByIndex(sheet01, n, 2, typeOfData): null

18-11-2024T10:37:31 - [TEST_STEP][PASSED] - if (typeOfData == "Факт в процентах" || typeOfData == "План в процентах"): null

18-11-2024T10:37:31 - [TEST_STEP][PASSED] - setValueToCellByIndex(sheet01, n, 3, fileDouble): null

18-11-2024T10:37:31 - [TEST_STEP][PASSED] - setValueToCellByIndex(sheet01, n, 4, pageDouble): null

18-11-2024T10:37:31 - [TEST_STEP][PASSED] - setValueToCellByIndex(sheet01, n, 5, m): null

18-11-2024T10:37:31 - [TEST_STEP][PASSED] - setValueToCellByIndex(sheet01, n, 6, y): null

18-11-2024T10:37:31 - [TEST_STEP][PASSED] - setValueToCellByIndex(sheet01, n, 7, todaysDate): null

18-11-2024T10:37:31 - [TEST_STEP][PASSED] - n = n + 1: null

18-11-2024T10:37:31 - [TEST_STEP][PASSED] - saveWorkbook(excelFilePath, workbook01): null

18-11-2024T10:37:31 - [TEST_STEP][PASSED] - file = findTestData("PlanFact").getValue(7, a): null

18-11-2024T10:37:31 - [TEST_STEP][PASSED] - file = file.replace(",", "."): null

18-11-2024T10:37:31 - [TEST_STEP][PASSED] - println("file Fact: " + file): null

18-11-2024T10:37:31 - [TEST_STEP][PASSED] - fileDouble = file.toDouble(): null

18-11-2024T10:37:31 - [TEST_STEP][PASSED] - typeOfData = "Факт в процентах": null

18-11-2024T10:37:31 - [TEST_STEP][PASSED] - fileDouble = file.toDouble(): null

18-11-2024T10:37:31 - [TEST_STEP][PASSED] - pageDouble = page2.toDouble(): null

18-11-2024T10:37:31 - [TEST_STEP][PASSED] - if (fileDouble != pageDouble): null

18-11-2024T10:37:31 - [TEST_STEP][PASSED] - numberOfErrors = numberOfErrors + 1: null

18-11-2024T10:37:31 - [TEST_STEP][PASSED] - Script1718980020443.WriteToExcel(a, typeOfData, todaysDate, pageInt, fileInt, pageDouble, fileDouble, dZO): null

18-11-2024T10:37:31 - [TEST_STEP][PASSED] - sheetName = "Sheet1": null

18-11-2024T10:37:31 - [TEST_STEP][PASSED] - data = findTestData("PlanFact"): null

18-11-2024T10:37:31 - [TEST_STEP][PASSED] - n = data.getRowNumbers() + 1: null

18-11-2024T10:37:31 - [TEST_STEP][PASSED] - year = todaysDate.substring(todaysDate.length() - 4, todaysDate.length()): null

18-11-2024T10:37:31 - [TEST_STEP][PASSED] - y = year.toInteger(): null

18-11-2024T10:37:31 - [TEST_STEP][PASSED] - m = getText(findTestObject("Выполнение бизнес-плана/Период")): Text of object 'Object Repository/Выполнение бизнес-плана/Период' is: '1, 2, 3 кв. 2024 года'

18-11-2024T10:37:31 - [MESSAGE][PASSED] - Text of object 'Object Repository/Выполнение бизнес-плана/Период' is: '1, 2, 3 кв. 2024 года'

18-11-2024T10:37:31 - [TEST_STEP][PASSED] - m = m.substring(0, m.indexOf("2024")): null

18-11-2024T10:37:31 - [TEST_STEP][PASSED] - m = m.trim(): null

18-11-2024T10:37:31 - [TEST_STEP][PASSED] - dashboardName = "Выполнение бизнес-плана": null

18-11-2024T10:37:31 - [TEST_STEP][PASSED] - workbook01 = getWorkbook(excelFilePath): null

18-11-2024T10:37:31 - [TEST_STEP][PASSED] - sheet01 = getExcelSheet(workbook01, sheetName): null

18-11-2024T10:37:31 - [TEST_STEP][PASSED] - setValueToCellByIndex(sheet01, n, 0, dashboardName): null

18-11-2024T10:37:31 - [TEST_STEP][PASSED] - setValueToCellByIndex(sheet01, n, 1, dZO): null

18-11-2024T10:37:31 - [TEST_STEP][PASSED] - setValueToCellByIndex(sheet01, n, 2, typeOfData): null

18-11-2024T10:37:31 - [TEST_STEP][PASSED] - if (typeOfData == "Факт в процентах" || typeOfData == "План в процентах"): null

18-11-2024T10:37:31 - [TEST_STEP][PASSED] - setValueToCellByIndex(sheet01, n, 3, fileDouble): null

18-11-2024T10:37:31 - [TEST_STEP][PASSED] - setValueToCellByIndex(sheet01, n, 4, pageDouble): null

18-11-2024T10:37:31 - [TEST_STEP][PASSED] - setValueToCellByIndex(sheet01, n, 5, m): null

18-11-2024T10:37:31 - [TEST_STEP][PASSED] - setValueToCellByIndex(sheet01, n, 6, y): null

18-11-2024T10:37:31 - [TEST_STEP][PASSED] - setValueToCellByIndex(sheet01, n, 7, todaysDate): null

18-11-2024T10:37:31 - [TEST_STEP][PASSED] - n = n + 1: null

18-11-2024T10:37:31 - [TEST_STEP][PASSED] - saveWorkbook(excelFilePath, workbook01): null

18-11-2024T10:37:32 - [TEST_STEP][FAILED] - if (verifyEqual(numberOfErrors, 0) == false): null

18-11-2024T10:37:32 - [MESSAGE][FAILED] - Unable to verify equal between actual object '6' and expected object '0' (Root cause: com.kms.katalon.core.exception.StepFailedException: Actual object '6' and expected object '0' are not equal
	at com.kms.katalon.core.keyword.builtin.VerifyEqualKeyword$_verifyEqual_closure1.doCall(VerifyEqualKeyword.groovy:58)
	at com.kms.katalon.core.keyword.builtin.VerifyEqualKeyword$_verifyEqual_closure1.call(VerifyEqualKeyword.groovy)
	at com.kms.katalon.core.keyword.internal.KeywordMain.runKeyword(KeywordMain.groovy:75)
	at com.kms.katalon.core.keyword.builtin.VerifyEqualKeyword.verifyEqual(VerifyEqualKeyword.groovy:63)
	at com.kms.katalon.core.keyword.builtin.VerifyEqualKeyword.execute(VerifyEqualKeyword.groovy:44)
	at com.kms.katalon.core.keyword.internal.KeywordExecutor.executeKeywordForPlatform(KeywordExecutor.groovy:74)
	at com.kms.katalon.core.keyword.BuiltinKeywords.verifyEqual(BuiltinKeywords.groovy:146)
	at jdk.internal.reflect.GeneratedMethodAccessor25.invoke(Unknown Source)
	at java.base/jdk.internal.reflect.DelegatingMethodAccessorImpl.invoke(DelegatingMethodAccessorImpl.java:43)
	at Выполнение бизнес-плана Сверка ПАО Россети все филиалы.Numbers(Выполнение бизнес-плана Сверка ПАО Россети все филиалы:740)
	at Выполнение бизнес-плана Сверка ПАО Россети все филиалы.Filials(Выполнение бизнес-плана Сверка ПАО Россети все филиалы:1235)
	at Выполнение бизнес-плана Сверка ПАО Россети все филиалы.Numbers(Выполнение бизнес-плана Сверка ПАО Россети все филиалы:745)
	at Выполнение бизнес-плана Сверка ПАО Россети все филиалы.run(Выполнение бизнес-плана Сверка ПАО Россети все филиалы:388)
	at com.kms.katalon.core.main.ScriptEngine.run(ScriptEngine.java:194)
	at com.kms.katalon.core.main.ScriptEngine.runScriptAsRawText(ScriptEngine.java:119)
	at com.kms.katalon.core.main.TestCaseExecutor.runScript(TestCaseExecutor.java:448)
	at com.kms.katalon.core.main.TestCaseExecutor.doExecute(TestCaseExecutor.java:439)
	at com.kms.katalon.core.main.TestCaseExecutor.processExecutionPhase(TestCaseExecutor.java:418)
	at com.kms.katalon.core.main.TestCaseExecutor.accessMainPhase(TestCaseExecutor.java:410)
	at com.kms.katalon.core.main.TestCaseExecutor.execute(TestCaseExecutor.java:285)
	at com.kms.katalon.core.common.CommonExecutor.accessTestCaseMainPhase(CommonExecutor.java:65)
	at com.kms.katalon.core.main.TestSuiteExecutor.accessTestSuiteMainPhase(TestSuiteExecutor.java:150)
	at com.kms.katalon.core.main.TestSuiteExecutor.execute(TestSuiteExecutor.java:106)
	at com.kms.katalon.core.main.TestCaseMain.startTestSuite(TestCaseMain.java:180)
	at TempTestSuite1731913737709.run(TempTestSuite1731913737709.groovy:35)
	at java.base/jdk.internal.reflect.NativeMethodAccessorImpl.invoke0(Native Method)
	at java.base/jdk.internal.reflect.NativeMethodAccessorImpl.invoke(NativeMethodAccessorImpl.java:77)
	at java.base/jdk.internal.reflect.DelegatingMethodAccessorImpl.invoke(DelegatingMethodAccessorImpl.java:43)
)

18-11-2024T10:37:32 - [TEST_STEP][PASSED] - println(numberOfErrors): null

18-11-2024T10:37:32 - [TEST_STEP][PASSED] - if (a == 28 || a == 77 || a == 74 || a == 65 || a == 36 || a == 44 || a == 54 || a == 1 || a == 18 || a == 59): null

18-11-2024T10:37:32 - [TEST_STEP][PASSED] - if (a == 82): null

18-11-2024T10:37:32 - [TEST_STEP][PASSED] - dZO = "Курскэнерго": null

18-11-2024T10:37:32 - [TEST_STEP][PASSED] - a = 6: null

18-11-2024T10:37:32 - [TEST_STEP][PASSED] - if (x2.contains(dZO)): null

18-11-2024T10:37:32 - [TEST_STEP][PASSED] - filialNum = filialNum + 1: null

18-11-2024T10:37:32 - [TEST_STEP][PASSED] - Script1718980020443.Numbers(a, typeOfData, todaysDate, pageInt, fileInt, pageDouble, fileDouble, dZO, dzoNum, filialNum): null

18-11-2024T10:37:32 - [TEST_STEP][PASSED] - println(dzoNum): null

18-11-2024T10:37:32 - [TEST_STEP][PASSED] - planFact = <not implemented yet for class: org.codehaus.groovy.ast.expr.EmptyExpression>: null

18-11-2024T10:37:32 - [TEST_STEP][PASSED] - page = <not implemented yet for class: org.codehaus.groovy.ast.expr.EmptyExpression>: null

18-11-2024T10:37:32 - [TEST_STEP][PASSED] - page1 = <not implemented yet for class: org.codehaus.groovy.ast.expr.EmptyExpression>: null

18-11-2024T10:37:32 - [TEST_STEP][PASSED] - page2 = <not implemented yet for class: org.codehaus.groovy.ast.expr.EmptyExpression>: null

18-11-2024T10:37:32 - [TEST_STEP][PASSED] - filialNumberInRow = <not implemented yet for class: org.codehaus.groovy.ast.expr.EmptyExpression>: null

18-11-2024T10:37:32 - [TEST_STEP][PASSED] - filialsDzoNames = <not implemented yet for class: org.codehaus.groovy.ast.expr.EmptyExpression>: null

18-11-2024T10:37:32 - [TEST_STEP][PASSED] - numberOfFilials = <not implemented yet for class: org.codehaus.groovy.ast.expr.EmptyExpression>: null

18-11-2024T10:37:32 - [TEST_STEP][PASSED] - numberOfSpaces = <not implemented yet for class: org.codehaus.groovy.ast.expr.EmptyExpression>: null

18-11-2024T10:37:32 - [TEST_STEP][PASSED] - file = <not implemented yet for class: org.codehaus.groovy.ast.expr.EmptyExpression>: null

18-11-2024T10:37:32 - [TEST_STEP][PASSED] - otpusk = <not implemented yet for class: org.codehaus.groovy.ast.expr.EmptyExpression>: null

18-11-2024T10:37:32 - [TEST_STEP][PASSED] - poteri = <not implemented yet for class: org.codehaus.groovy.ast.expr.EmptyExpression>: null

18-11-2024T10:37:32 - [TEST_STEP][PASSED] - dataFolder = "Выполнение бизнес-плана/Значения со страницы Выполнение бизнес-плана/": null

18-11-2024T10:37:32 - [TEST_STEP][PASSED] - path = <not implemented yet for class: org.codehaus.groovy.ast.expr.EmptyExpression>: null

18-11-2024T10:37:32 - [TEST_STEP][PASSED] - typeOfDataMain = <not implemented yet for class: org.codehaus.groovy.ast.expr.EmptyExpression>: null

18-11-2024T10:37:32 - [TEST_STEP][PASSED] - fileOtpuskVSet = <not implemented yet for class: org.codehaus.groovy.ast.expr.EmptyExpression>: null

18-11-2024T10:37:32 - [TEST_STEP][PASSED] - pageOtpuskVSet = <not implemented yet for class: org.codehaus.groovy.ast.expr.EmptyExpression>: null

18-11-2024T10:37:32 - [TEST_STEP][PASSED] - filePoteri = <not implemented yet for class: org.codehaus.groovy.ast.expr.EmptyExpression>: null

18-11-2024T10:37:32 - [TEST_STEP][PASSED] - pagePoteri = <not implemented yet for class: org.codehaus.groovy.ast.expr.EmptyExpression>: null

18-11-2024T10:37:32 - [TEST_STEP][PASSED] - compare = <not implemented yet for class: org.codehaus.groovy.ast.expr.EmptyExpression>: null

18-11-2024T10:37:32 - [TEST_STEP][PASSED] - b = <not implemented yet for class: org.codehaus.groovy.ast.expr.EmptyExpression>: null

18-11-2024T10:37:32 - [TEST_STEP][PASSED] - i = <not implemented yet for class: org.codehaus.groovy.ast.expr.EmptyExpression>: null

18-11-2024T10:37:32 - [TEST_STEP][PASSED] - ii = <not implemented yet for class: org.codehaus.groovy.ast.expr.EmptyExpression>: null

18-11-2024T10:37:32 - [TEST_STEP][PASSED] - c = <not implemented yet for class: org.codehaus.groovy.ast.expr.EmptyExpression>: null

18-11-2024T10:37:32 - [TEST_STEP][PASSED] - numberOfErrors = 0: null

18-11-2024T10:37:32 - [TEST_STEP][PASSED] - if (a == 82): null

18-11-2024T10:37:32 - [TEST_STEP][PASSED] - b = findTestData("PlanFact").getValue(1, a): null

18-11-2024T10:37:32 - [TEST_STEP][PASSED] - i = b.indexOf(" (ГК)"): null

18-11-2024T10:37:32 - [TEST_STEP][PASSED] - if (i > -1): null

18-11-2024T10:37:32 - [TEST_STEP][PASSED] - i = b.indexOf("О ""): null

18-11-2024T10:37:32 - [TEST_STEP][PASSED] - if (i > -1): null

18-11-2024T10:37:32 - [TEST_STEP][PASSED] - i = b.indexOf("О «"): null

18-11-2024T10:37:32 - [TEST_STEP][PASSED] - if (i > -1): null

18-11-2024T10:37:32 - [TEST_STEP][PASSED] - i = b.indexOf("г. "): null

18-11-2024T10:37:32 - [TEST_STEP][PASSED] - if (i > -1): null

18-11-2024T10:37:32 - [TEST_STEP][PASSED] - println(b): null

18-11-2024T10:37:32 - [TEST_STEP][PASSED] - for ([planFact = 1, planFact < 3, (planFact++)]): Object: 'Object Repository/Выполнение бизнес-плана/Кнопка Факт' is clicked on

18-11-2024T10:37:32 - [TEST_STEP][PASSED] - if (planFact == 1): null

18-11-2024T10:37:32 - [TEST_STEP][PASSED] - typeOfDataMain = "Факт": null

18-11-2024T10:37:32 - [TEST_STEP][PASSED] - otpusk = findTestData("PlanFact").getValue(5, a): null

18-11-2024T10:37:32 - [TEST_STEP][PASSED] - poteri = findTestData("PlanFact").getValue(6, a): null

18-11-2024T10:37:32 - [TEST_STEP][PASSED] - otpusk = otpusk.replaceAll("\s+", ""): null

18-11-2024T10:37:32 - [TEST_STEP][PASSED] - poteri = poteri.replaceAll("\s+", ""): null

18-11-2024T10:37:32 - [TEST_STEP][PASSED] - typeOfData = typeOfDataMain + " Отпуск в сеть": null

18-11-2024T10:37:32 - [TEST_STEP][PASSED] - if (a == 82): null

18-11-2024T10:37:32 - [TEST_STEP][PASSED] - else if (a == 84): null

18-11-2024T10:37:32 - [TEST_STEP][PASSED] - else if (a == 52 || a == 72 || a == 28 || a == 73 || a == 77 || a == 74 || a == 65 || a == 36 || a == 44 || a == 53 || a == 80 || a == 54 || a == 1 || a == 18 || a == 59 || a == 81): null

18-11-2024T10:37:32 - [TEST_STEP][PASSED] - else: null

18-11-2024T10:37:32 - [TEST_STEP][PASSED] - path = dataFolder + typeOfData + " за отчётный период " + b: null

18-11-2024T10:37:32 - [TEST_STEP][PASSED] - println(path): null

18-11-2024T10:37:32 - [TEST_STEP][PASSED] - page = getText(findTestObject(path)): Text of object 'Object Repository/Выполнение бизнес-плана/Значения со страницы Выполнение бизнес-плана/Факт Отпуск в сеть за отчётный период Курскэнерго' is: '2 718 509'

18-11-2024T10:37:32 - [MESSAGE][PASSED] - Text of object 'Object Repository/Выполнение бизнес-плана/Значения со страницы Выполнение бизнес-плана/Факт Отпуск в сеть за отчётный период Курскэнерго' is: '2 718 509'

18-11-2024T10:37:32 - [TEST_STEP][PASSED] - page = page.replaceAll("\s+", ""): null

18-11-2024T10:37:32 - [TEST_STEP][PASSED] - fileOtpuskVSet = otpusk.toInteger(): null

18-11-2024T10:37:32 - [TEST_STEP][PASSED] - pageOtpuskVSet = page.toInteger(): null

18-11-2024T10:37:32 - [TEST_STEP][PASSED] - typeOfData = typeOfDataMain + " Потери": null

18-11-2024T10:37:32 - [TEST_STEP][PASSED] - if (a == 82): null

18-11-2024T10:37:32 - [TEST_STEP][PASSED] - else if (a == 84): null

18-11-2024T10:37:32 - [TEST_STEP][PASSED] - else if (a == 52 || a == 72 || a == 28 || a == 73 || a == 77 || a == 74 || a == 65 || a == 36 || a == 44 || a == 53 || a == 80 || a == 54 || a == 1 || a == 18 || a == 59 || a == 81): null

18-11-2024T10:37:32 - [TEST_STEP][PASSED] - else: null

18-11-2024T10:37:32 - [TEST_STEP][PASSED] - path = dataFolder + typeOfData + " за отчётный период " + b: null

18-11-2024T10:37:32 - [TEST_STEP][PASSED] - page = getText(findTestObject(path)): Text of object 'Object Repository/Выполнение бизнес-плана/Значения со страницы Выполнение бизнес-плана/Факт Потери за отчётный период Курскэнерго' is: '261 582'

18-11-2024T10:37:32 - [MESSAGE][PASSED] - Text of object 'Object Repository/Выполнение бизнес-плана/Значения со страницы Выполнение бизнес-плана/Факт Потери за отчётный период Курскэнерго' is: '261 582'

18-11-2024T10:37:32 - [TEST_STEP][PASSED] - page = page.replaceAll("\s+", ""): null

18-11-2024T10:37:32 - [TEST_STEP][PASSED] - filePoteri = poteri.toInteger(): null

18-11-2024T10:37:32 - [TEST_STEP][PASSED] - pagePoteri = page.toInteger(): null

18-11-2024T10:37:32 - [TEST_STEP][PASSED] - compare = pageOtpuskVSet: null

18-11-2024T10:37:32 - [TEST_STEP][PASSED] - if (compare == fileOtpuskVSet): null

18-11-2024T10:37:32 - [TEST_STEP][PASSED] - if (compare == fileOtpuskVSet): null

18-11-2024T10:37:32 - [TEST_STEP][PASSED] - compare = pagePoteri: null

18-11-2024T10:37:32 - [TEST_STEP][PASSED] - if (compare == filePoteri): null

18-11-2024T10:37:32 - [TEST_STEP][PASSED] - if (compare == filePoteri): null

18-11-2024T10:37:32 - [TEST_STEP][PASSED] - if (planFact == 2): null

18-11-2024T10:37:32 - [TEST_STEP][PASSED] - if (planFact == 1): null

18-11-2024T10:37:32 - [TEST_STEP][PASSED] - else if (planFact == 2): null

18-11-2024T10:37:32 - [TEST_STEP][PASSED] - click(findTestObject("Выполнение бизнес-плана/Кнопка План")): Object: 'Object Repository/Выполнение бизнес-плана/Кнопка План' is clicked on

18-11-2024T10:37:33 - [MESSAGE][PASSED] - Object: 'Object Repository/Выполнение бизнес-плана/Кнопка План' is clicked on

18-11-2024T10:37:33 - [TEST_STEP][PASSED] - typeOfDataMain = "План": null

18-11-2024T10:37:33 - [TEST_STEP][PASSED] - otpusk = findTestData("PlanFact").getValue(2, a): null

18-11-2024T10:37:33 - [TEST_STEP][PASSED] - poteri = findTestData("PlanFact").getValue(3, a): null

18-11-2024T10:37:33 - [TEST_STEP][PASSED] - otpusk = otpusk.replaceAll("\s+", ""): null

18-11-2024T10:37:33 - [TEST_STEP][PASSED] - poteri = poteri.replaceAll("\s+", ""): null

18-11-2024T10:37:33 - [TEST_STEP][PASSED] - typeOfData = typeOfDataMain + " Отпуск в сеть": null

18-11-2024T10:37:33 - [TEST_STEP][PASSED] - if (a == 82): null

18-11-2024T10:37:33 - [TEST_STEP][PASSED] - else if (a == 84): null

18-11-2024T10:37:33 - [TEST_STEP][PASSED] - else if (a == 52 || a == 72 || a == 28 || a == 73 || a == 77 || a == 74 || a == 65 || a == 36 || a == 44 || a == 53 || a == 80 || a == 54 || a == 1 || a == 18 || a == 59 || a == 81): null

18-11-2024T10:37:33 - [TEST_STEP][PASSED] - else: null

18-11-2024T10:37:33 - [TEST_STEP][PASSED] - path = dataFolder + typeOfData + " за отчётный период " + b: null

18-11-2024T10:37:33 - [TEST_STEP][PASSED] - println(path): null

18-11-2024T10:37:33 - [TEST_STEP][PASSED] - page = getText(findTestObject(path)): Text of object 'Object Repository/Выполнение бизнес-плана/Значения со страницы Выполнение бизнес-плана/План Отпуск в сеть за отчётный период Курскэнерго' is: '2 733 186'

18-11-2024T10:37:33 - [MESSAGE][PASSED] - Text of object 'Object Repository/Выполнение бизнес-плана/Значения со страницы Выполнение бизнес-плана/План Отпуск в сеть за отчётный период Курскэнерго' is: '2 733 186'

18-11-2024T10:37:33 - [TEST_STEP][PASSED] - page = page.replaceAll("\s+", ""): null

18-11-2024T10:37:33 - [TEST_STEP][PASSED] - fileOtpuskVSet = otpusk.toInteger(): null

18-11-2024T10:37:33 - [TEST_STEP][PASSED] - pageOtpuskVSet = page.toInteger(): null

18-11-2024T10:37:33 - [TEST_STEP][PASSED] - typeOfData = typeOfDataMain + " Потери": null

18-11-2024T10:37:33 - [TEST_STEP][PASSED] - if (a == 82): null

18-11-2024T10:37:33 - [TEST_STEP][PASSED] - else if (a == 84): null

18-11-2024T10:37:33 - [TEST_STEP][PASSED] - else if (a == 52 || a == 72 || a == 28 || a == 73 || a == 77 || a == 74 || a == 65 || a == 36 || a == 44 || a == 53 || a == 80 || a == 54 || a == 1 || a == 18 || a == 59 || a == 81): null

18-11-2024T10:37:33 - [TEST_STEP][PASSED] - else: null

18-11-2024T10:37:33 - [TEST_STEP][PASSED] - path = dataFolder + typeOfData + " за отчётный период " + b: null

18-11-2024T10:37:33 - [TEST_STEP][PASSED] - page = getText(findTestObject(path)): Text of object 'Object Repository/Выполнение бизнес-плана/Значения со страницы Выполнение бизнес-плана/План Потери за отчётный период Курскэнерго' is: '292 749'

18-11-2024T10:37:33 - [MESSAGE][PASSED] - Text of object 'Object Repository/Выполнение бизнес-плана/Значения со страницы Выполнение бизнес-плана/План Потери за отчётный период Курскэнерго' is: '292 749'

18-11-2024T10:37:33 - [TEST_STEP][PASSED] - page = page.replaceAll("\s+", ""): null

18-11-2024T10:37:33 - [TEST_STEP][PASSED] - filePoteri = poteri.toInteger(): null

18-11-2024T10:37:33 - [TEST_STEP][PASSED] - pagePoteri = page.toInteger(): null

18-11-2024T10:37:33 - [TEST_STEP][PASSED] - compare = pageOtpuskVSet: null

18-11-2024T10:37:33 - [TEST_STEP][PASSED] - if (compare == fileOtpuskVSet): null

18-11-2024T10:37:33 - [TEST_STEP][PASSED] - if (compare == fileOtpuskVSet): null

18-11-2024T10:37:33 - [TEST_STEP][PASSED] - compare = pagePoteri: null

18-11-2024T10:37:33 - [TEST_STEP][PASSED] - if (compare == filePoteri): null

18-11-2024T10:37:33 - [TEST_STEP][PASSED] - if (compare == filePoteri): null

18-11-2024T10:37:33 - [TEST_STEP][PASSED] - if (planFact == 2): Object: 'Object Repository/Выполнение бизнес-плана/Кнопка Факт' is clicked on

18-11-2024T10:37:33 - [TEST_STEP][PASSED] - click(findTestObject("Выполнение бизнес-плана/Кнопка Факт")): Object: 'Object Repository/Выполнение бизнес-плана/Кнопка Факт' is clicked on

18-11-2024T10:37:34 - [MESSAGE][PASSED] - Object: 'Object Repository/Выполнение бизнес-плана/Кнопка Факт' is clicked on

18-11-2024T10:37:34 - [TEST_STEP][PASSED] - if (a == 84 || a == 82): null

18-11-2024T10:37:34 - [TEST_STEP][PASSED] - else if (a == 52 || a == 72 || a == 28 || a == 73 || a == 77 || a == 74 || a == 65 || a == 36 || a == 44 || a == 53 || a == 80 || a == 54 || a == 1 || a == 18 || a == 59 || a == 81): null

18-11-2024T10:37:34 - [TEST_STEP][PASSED] - else: null

18-11-2024T10:37:34 - [TEST_STEP][PASSED] - page1 = getText(findTestObject("Object Repository/Выполнение бизнес-плана/spanPlan" + filialNum)): Text of object 'Object Repository/Выполнение бизнес-плана/spanPlan8' is: '10.71
|'

18-11-2024T10:37:34 - [MESSAGE][PASSED] - Text of object 'Object Repository/Выполнение бизнес-плана/spanPlan8' is: '10.71
|'

18-11-2024T10:37:34 - [TEST_STEP][PASSED] - page1 = page1.replace("|", ""): null

18-11-2024T10:37:34 - [TEST_STEP][PASSED] - page2 = getText(findTestObject("Object Repository/Выполнение бизнес-плана/spanFact" + filialNum)): Text of object 'Object Repository/Выполнение бизнес-плана/spanFact8' is: '9.62
|'

18-11-2024T10:37:34 - [MESSAGE][PASSED] - Text of object 'Object Repository/Выполнение бизнес-плана/spanFact8' is: '9.62
|'

18-11-2024T10:37:34 - [TEST_STEP][PASSED] - page2 = page2.replace("|", ""): null

18-11-2024T10:37:34 - [TEST_STEP][PASSED] - println("page1: " + page1): null

18-11-2024T10:37:34 - [TEST_STEP][PASSED] - println("page2: " + page2): null

18-11-2024T10:37:34 - [TEST_STEP][PASSED] - file = findTestData("PlanFact").getValue(4, a): null

18-11-2024T10:37:34 - [TEST_STEP][PASSED] - file = file.replace(",", "."): null

18-11-2024T10:37:34 - [TEST_STEP][PASSED] - println("file Plan: " + file): null

18-11-2024T10:37:34 - [TEST_STEP][PASSED] - typeOfData = "План в процентах": null

18-11-2024T10:37:34 - [TEST_STEP][PASSED] - fileDouble = file.toDouble(): null

18-11-2024T10:37:34 - [TEST_STEP][PASSED] - pageDouble = page1.toDouble(): null

18-11-2024T10:37:34 - [TEST_STEP][PASSED] - if (fileDouble != pageDouble): null

18-11-2024T10:37:34 - [TEST_STEP][PASSED] - file = findTestData("PlanFact").getValue(7, a): null

18-11-2024T10:37:34 - [TEST_STEP][PASSED] - file = file.replace(",", "."): null

18-11-2024T10:37:34 - [TEST_STEP][PASSED] - println("file Fact: " + file): null

18-11-2024T10:37:34 - [TEST_STEP][PASSED] - fileDouble = file.toDouble(): null

18-11-2024T10:37:34 - [TEST_STEP][PASSED] - typeOfData = "Факт в процентах": null

18-11-2024T10:37:34 - [TEST_STEP][PASSED] - fileDouble = file.toDouble(): null

18-11-2024T10:37:34 - [TEST_STEP][PASSED] - pageDouble = page2.toDouble(): null

18-11-2024T10:37:34 - [TEST_STEP][PASSED] - if (fileDouble != pageDouble): null

18-11-2024T10:37:34 - [TEST_STEP][PASSED] - if (verifyEqual(numberOfErrors, 0) == false): Actual object '0' and expected object '0' are equal

18-11-2024T10:37:34 - [MESSAGE][PASSED] - Actual object '0' and expected object '0' are equal

18-11-2024T10:37:34 - [TEST_STEP][PASSED] - if (a == 82): null

18-11-2024T10:37:34 - [TEST_STEP][PASSED] - dZO = "Липецкэнерго": null

18-11-2024T10:37:34 - [TEST_STEP][PASSED] - a = 7: null

18-11-2024T10:37:34 - [TEST_STEP][PASSED] - if (x2.contains(dZO)): null

18-11-2024T10:37:34 - [TEST_STEP][PASSED] - filialNum = filialNum + 1: null

18-11-2024T10:37:34 - [TEST_STEP][PASSED] - Script1718980020443.Numbers(a, typeOfData, todaysDate, pageInt, fileInt, pageDouble, fileDouble, dZO, dzoNum, filialNum): null

18-11-2024T10:37:34 - [TEST_STEP][PASSED] - println(dzoNum): null

18-11-2024T10:37:34 - [TEST_STEP][PASSED] - planFact = <not implemented yet for class: org.codehaus.groovy.ast.expr.EmptyExpression>: null

18-11-2024T10:37:34 - [TEST_STEP][PASSED] - page = <not implemented yet for class: org.codehaus.groovy.ast.expr.EmptyExpression>: null

18-11-2024T10:37:34 - [TEST_STEP][PASSED] - page1 = <not implemented yet for class: org.codehaus.groovy.ast.expr.EmptyExpression>: null

18-11-2024T10:37:34 - [TEST_STEP][PASSED] - page2 = <not implemented yet for class: org.codehaus.groovy.ast.expr.EmptyExpression>: null

18-11-2024T10:37:34 - [TEST_STEP][PASSED] - filialNumberInRow = <not implemented yet for class: org.codehaus.groovy.ast.expr.EmptyExpression>: null

18-11-2024T10:37:34 - [TEST_STEP][PASSED] - filialsDzoNames = <not implemented yet for class: org.codehaus.groovy.ast.expr.EmptyExpression>: null

18-11-2024T10:37:34 - [TEST_STEP][PASSED] - numberOfFilials = <not implemented yet for class: org.codehaus.groovy.ast.expr.EmptyExpression>: null

18-11-2024T10:37:34 - [TEST_STEP][PASSED] - numberOfSpaces = <not implemented yet for class: org.codehaus.groovy.ast.expr.EmptyExpression>: null

18-11-2024T10:37:34 - [TEST_STEP][PASSED] - file = <not implemented yet for class: org.codehaus.groovy.ast.expr.EmptyExpression>: null

18-11-2024T10:37:34 - [TEST_STEP][PASSED] - otpusk = <not implemented yet for class: org.codehaus.groovy.ast.expr.EmptyExpression>: null

18-11-2024T10:37:34 - [TEST_STEP][PASSED] - poteri = <not implemented yet for class: org.codehaus.groovy.ast.expr.EmptyExpression>: null

18-11-2024T10:37:34 - [TEST_STEP][PASSED] - dataFolder = "Выполнение бизнес-плана/Значения со страницы Выполнение бизнес-плана/": null

18-11-2024T10:37:34 - [TEST_STEP][PASSED] - path = <not implemented yet for class: org.codehaus.groovy.ast.expr.EmptyExpression>: null

18-11-2024T10:37:34 - [TEST_STEP][PASSED] - typeOfDataMain = <not implemented yet for class: org.codehaus.groovy.ast.expr.EmptyExpression>: null

18-11-2024T10:37:34 - [TEST_STEP][PASSED] - fileOtpuskVSet = <not implemented yet for class: org.codehaus.groovy.ast.expr.EmptyExpression>: null

18-11-2024T10:37:34 - [TEST_STEP][PASSED] - pageOtpuskVSet = <not implemented yet for class: org.codehaus.groovy.ast.expr.EmptyExpression>: null

18-11-2024T10:37:34 - [TEST_STEP][PASSED] - filePoteri = <not implemented yet for class: org.codehaus.groovy.ast.expr.EmptyExpression>: null

18-11-2024T10:37:34 - [TEST_STEP][PASSED] - pagePoteri = <not implemented yet for class: org.codehaus.groovy.ast.expr.EmptyExpression>: null

18-11-2024T10:37:34 - [TEST_STEP][PASSED] - compare = <not implemented yet for class: org.codehaus.groovy.ast.expr.EmptyExpression>: null

18-11-2024T10:37:34 - [TEST_STEP][PASSED] - b = <not implemented yet for class: org.codehaus.groovy.ast.expr.EmptyExpression>: null

18-11-2024T10:37:34 - [TEST_STEP][PASSED] - i = <not implemented yet for class: org.codehaus.groovy.ast.expr.EmptyExpression>: null

18-11-2024T10:37:34 - [TEST_STEP][PASSED] - ii = <not implemented yet for class: org.codehaus.groovy.ast.expr.EmptyExpression>: null

18-11-2024T10:37:34 - [TEST_STEP][PASSED] - c = <not implemented yet for class: org.codehaus.groovy.ast.expr.EmptyExpression>: null

18-11-2024T10:37:34 - [TEST_STEP][PASSED] - numberOfErrors = 0: null

18-11-2024T10:37:34 - [TEST_STEP][PASSED] - if (a == 82): null

18-11-2024T10:37:34 - [TEST_STEP][PASSED] - b = findTestData("PlanFact").getValue(1, a): null

18-11-2024T10:37:35 - [TEST_STEP][PASSED] - i = b.indexOf(" (ГК)"): null

18-11-2024T10:37:35 - [TEST_STEP][PASSED] - if (i > -1): null

18-11-2024T10:37:35 - [TEST_STEP][PASSED] - i = b.indexOf("О ""): null

18-11-2024T10:37:35 - [TEST_STEP][PASSED] - if (i > -1): null

18-11-2024T10:37:35 - [TEST_STEP][PASSED] - i = b.indexOf("О «"): null

18-11-2024T10:37:35 - [TEST_STEP][PASSED] - if (i > -1): null

18-11-2024T10:37:35 - [TEST_STEP][PASSED] - i = b.indexOf("г. "): null

18-11-2024T10:37:35 - [TEST_STEP][PASSED] - if (i > -1): null

18-11-2024T10:37:35 - [TEST_STEP][PASSED] - println(b): null

18-11-2024T10:37:35 - [TEST_STEP][PASSED] - for ([planFact = 1, planFact < 3, (planFact++)]): Object: 'Object Repository/Выполнение бизнес-плана/Кнопка Факт' is clicked on

18-11-2024T10:37:35 - [TEST_STEP][PASSED] - if (planFact == 1): null

18-11-2024T10:37:35 - [TEST_STEP][PASSED] - typeOfDataMain = "Факт": null

18-11-2024T10:37:35 - [TEST_STEP][PASSED] - otpusk = findTestData("PlanFact").getValue(5, a): null

18-11-2024T10:37:35 - [TEST_STEP][PASSED] - poteri = findTestData("PlanFact").getValue(6, a): null

18-11-2024T10:37:35 - [TEST_STEP][PASSED] - otpusk = otpusk.replaceAll("\s+", ""): null

18-11-2024T10:37:35 - [TEST_STEP][PASSED] - poteri = poteri.replaceAll("\s+", ""): null

18-11-2024T10:37:35 - [TEST_STEP][PASSED] - typeOfData = typeOfDataMain + " Отпуск в сеть": null

18-11-2024T10:37:35 - [TEST_STEP][PASSED] - if (a == 82): null

18-11-2024T10:37:35 - [TEST_STEP][PASSED] - else if (a == 84): null

18-11-2024T10:37:35 - [TEST_STEP][PASSED] - else if (a == 52 || a == 72 || a == 28 || a == 73 || a == 77 || a == 74 || a == 65 || a == 36 || a == 44 || a == 53 || a == 80 || a == 54 || a == 1 || a == 18 || a == 59 || a == 81): null

18-11-2024T10:37:35 - [TEST_STEP][PASSED] - else: null

18-11-2024T10:37:35 - [TEST_STEP][PASSED] - path = dataFolder + typeOfData + " за отчётный период " + b: null

18-11-2024T10:37:35 - [TEST_STEP][PASSED] - println(path): null

18-11-2024T10:37:35 - [TEST_STEP][PASSED] - page = getText(findTestObject(path)): Text of object 'Object Repository/Выполнение бизнес-плана/Значения со страницы Выполнение бизнес-плана/Факт Отпуск в сеть за отчётный период Липецкэнерго' is: '4 025 919'

18-11-2024T10:37:35 - [MESSAGE][PASSED] - Text of object 'Object Repository/Выполнение бизнес-плана/Значения со страницы Выполнение бизнес-плана/Факт Отпуск в сеть за отчётный период Липецкэнерго' is: '4 025 919'

18-11-2024T10:37:35 - [TEST_STEP][PASSED] - page = page.replaceAll("\s+", ""): null

18-11-2024T10:37:35 - [TEST_STEP][PASSED] - fileOtpuskVSet = otpusk.toInteger(): null

18-11-2024T10:37:35 - [TEST_STEP][PASSED] - pageOtpuskVSet = page.toInteger(): null

18-11-2024T10:37:35 - [TEST_STEP][PASSED] - typeOfData = typeOfDataMain + " Потери": null

18-11-2024T10:37:35 - [TEST_STEP][PASSED] - if (a == 82): null

18-11-2024T10:37:35 - [TEST_STEP][PASSED] - else if (a == 84): null

18-11-2024T10:37:35 - [TEST_STEP][PASSED] - else if (a == 52 || a == 72 || a == 28 || a == 73 || a == 77 || a == 74 || a == 65 || a == 36 || a == 44 || a == 53 || a == 80 || a == 54 || a == 1 || a == 18 || a == 59 || a == 81): null

18-11-2024T10:37:35 - [TEST_STEP][PASSED] - else: null

18-11-2024T10:37:35 - [TEST_STEP][PASSED] - path = dataFolder + typeOfData + " за отчётный период " + b: null

18-11-2024T10:37:35 - [TEST_STEP][PASSED] - page = getText(findTestObject(path)): Text of object 'Object Repository/Выполнение бизнес-плана/Значения со страницы Выполнение бизнес-плана/Факт Потери за отчётный период Липецкэнерго' is: '547 375'

18-11-2024T10:37:35 - [MESSAGE][PASSED] - Text of object 'Object Repository/Выполнение бизнес-плана/Значения со страницы Выполнение бизнес-плана/Факт Потери за отчётный период Липецкэнерго' is: '547 375'

18-11-2024T10:37:35 - [TEST_STEP][PASSED] - page = page.replaceAll("\s+", ""): null

18-11-2024T10:37:35 - [TEST_STEP][PASSED] - filePoteri = poteri.toInteger(): null

18-11-2024T10:37:35 - [TEST_STEP][PASSED] - pagePoteri = page.toInteger(): null

18-11-2024T10:37:35 - [TEST_STEP][PASSED] - compare = pageOtpuskVSet: null

18-11-2024T10:37:35 - [TEST_STEP][PASSED] - if (compare == fileOtpuskVSet): null

18-11-2024T10:37:35 - [TEST_STEP][PASSED] - if (compare == fileOtpuskVSet): null

18-11-2024T10:37:35 - [TEST_STEP][PASSED] - compare = pagePoteri: null

18-11-2024T10:37:35 - [TEST_STEP][PASSED] - if (compare == filePoteri): null

18-11-2024T10:37:35 - [TEST_STEP][PASSED] - if (compare == filePoteri): null

18-11-2024T10:37:35 - [TEST_STEP][PASSED] - if (planFact == 2): null

18-11-2024T10:37:35 - [TEST_STEP][PASSED] - if (planFact == 1): null

18-11-2024T10:37:35 - [TEST_STEP][PASSED] - else if (planFact == 2): null

18-11-2024T10:37:35 - [TEST_STEP][PASSED] - click(findTestObject("Выполнение бизнес-плана/Кнопка План")): Object: 'Object Repository/Выполнение бизнес-плана/Кнопка План' is clicked on

18-11-2024T10:37:36 - [MESSAGE][PASSED] - Object: 'Object Repository/Выполнение бизнес-плана/Кнопка План' is clicked on

18-11-2024T10:37:36 - [TEST_STEP][PASSED] - typeOfDataMain = "План": null

18-11-2024T10:37:36 - [TEST_STEP][PASSED] - otpusk = findTestData("PlanFact").getValue(2, a): null

18-11-2024T10:37:36 - [TEST_STEP][PASSED] - poteri = findTestData("PlanFact").getValue(3, a): null

18-11-2024T10:37:36 - [TEST_STEP][PASSED] - otpusk = otpusk.replaceAll("\s+", ""): null

18-11-2024T10:37:36 - [TEST_STEP][PASSED] - poteri = poteri.replaceAll("\s+", ""): null

18-11-2024T10:37:36 - [TEST_STEP][PASSED] - typeOfData = typeOfDataMain + " Отпуск в сеть": null

18-11-2024T10:37:36 - [TEST_STEP][PASSED] - if (a == 82): null

18-11-2024T10:37:36 - [TEST_STEP][PASSED] - else if (a == 84): null

18-11-2024T10:37:36 - [TEST_STEP][PASSED] - else if (a == 52 || a == 72 || a == 28 || a == 73 || a == 77 || a == 74 || a == 65 || a == 36 || a == 44 || a == 53 || a == 80 || a == 54 || a == 1 || a == 18 || a == 59 || a == 81): null

18-11-2024T10:37:36 - [TEST_STEP][PASSED] - else: null

18-11-2024T10:37:36 - [TEST_STEP][PASSED] - path = dataFolder + typeOfData + " за отчётный период " + b: null

18-11-2024T10:37:36 - [TEST_STEP][PASSED] - println(path): null

18-11-2024T10:37:36 - [TEST_STEP][PASSED] - page = getText(findTestObject(path)): Text of object 'Object Repository/Выполнение бизнес-плана/Значения со страницы Выполнение бизнес-плана/План Отпуск в сеть за отчётный период Липецкэнерго' is: '3 764 247'

18-11-2024T10:37:36 - [MESSAGE][PASSED] - Text of object 'Object Repository/Выполнение бизнес-плана/Значения со страницы Выполнение бизнес-плана/План Отпуск в сеть за отчётный период Липецкэнерго' is: '3 764 247'

18-11-2024T10:37:36 - [TEST_STEP][PASSED] - page = page.replaceAll("\s+", ""): null

18-11-2024T10:37:36 - [TEST_STEP][PASSED] - fileOtpuskVSet = otpusk.toInteger(): null

18-11-2024T10:37:36 - [TEST_STEP][PASSED] - pageOtpuskVSet = page.toInteger(): null

18-11-2024T10:37:36 - [TEST_STEP][PASSED] - typeOfData = typeOfDataMain + " Потери": null

18-11-2024T10:37:36 - [TEST_STEP][PASSED] - if (a == 82): null

18-11-2024T10:37:36 - [TEST_STEP][PASSED] - else if (a == 84): null

18-11-2024T10:37:36 - [TEST_STEP][PASSED] - else if (a == 52 || a == 72 || a == 28 || a == 73 || a == 77 || a == 74 || a == 65 || a == 36 || a == 44 || a == 53 || a == 80 || a == 54 || a == 1 || a == 18 || a == 59 || a == 81): null

18-11-2024T10:37:36 - [TEST_STEP][PASSED] - else: null

18-11-2024T10:37:36 - [TEST_STEP][PASSED] - path = dataFolder + typeOfData + " за отчётный период " + b: null

18-11-2024T10:37:36 - [TEST_STEP][PASSED] - page = getText(findTestObject(path)): Text of object 'Object Repository/Выполнение бизнес-плана/Значения со страницы Выполнение бизнес-плана/План Потери за отчётный период Липецкэнерго' is: '572 526'

18-11-2024T10:37:36 - [MESSAGE][PASSED] - Text of object 'Object Repository/Выполнение бизнес-плана/Значения со страницы Выполнение бизнес-плана/План Потери за отчётный период Липецкэнерго' is: '572 526'

18-11-2024T10:37:36 - [TEST_STEP][PASSED] - page = page.replaceAll("\s+", ""): null

18-11-2024T10:37:36 - [TEST_STEP][PASSED] - filePoteri = poteri.toInteger(): null

18-11-2024T10:37:36 - [TEST_STEP][PASSED] - pagePoteri = page.toInteger(): null

18-11-2024T10:37:36 - [TEST_STEP][PASSED] - compare = pageOtpuskVSet: null

18-11-2024T10:37:36 - [TEST_STEP][PASSED] - if (compare == fileOtpuskVSet): null

18-11-2024T10:37:36 - [TEST_STEP][PASSED] - if (compare == fileOtpuskVSet): null

18-11-2024T10:37:36 - [TEST_STEP][PASSED] - compare = pagePoteri: null

18-11-2024T10:37:36 - [TEST_STEP][PASSED] - if (compare == filePoteri): null

18-11-2024T10:37:36 - [TEST_STEP][PASSED] - if (compare == filePoteri): null

18-11-2024T10:37:36 - [TEST_STEP][PASSED] - if (planFact == 2): Object: 'Object Repository/Выполнение бизнес-плана/Кнопка Факт' is clicked on

18-11-2024T10:37:36 - [TEST_STEP][PASSED] - click(findTestObject("Выполнение бизнес-плана/Кнопка Факт")): Object: 'Object Repository/Выполнение бизнес-плана/Кнопка Факт' is clicked on

18-11-2024T10:37:37 - [MESSAGE][PASSED] - Object: 'Object Repository/Выполнение бизнес-плана/Кнопка Факт' is clicked on

18-11-2024T10:37:37 - [TEST_STEP][PASSED] - if (a == 84 || a == 82): null

18-11-2024T10:37:37 - [TEST_STEP][PASSED] - else if (a == 52 || a == 72 || a == 28 || a == 73 || a == 77 || a == 74 || a == 65 || a == 36 || a == 44 || a == 53 || a == 80 || a == 54 || a == 1 || a == 18 || a == 59 || a == 81): null

18-11-2024T10:37:37 - [TEST_STEP][PASSED] - else: null

18-11-2024T10:37:37 - [TEST_STEP][PASSED] - page1 = getText(findTestObject("Object Repository/Выполнение бизнес-плана/spanPlan" + filialNum)): Text of object 'Object Repository/Выполнение бизнес-плана/spanPlan9' is: '15.21
|'

18-11-2024T10:37:37 - [MESSAGE][PASSED] - Text of object 'Object Repository/Выполнение бизнес-плана/spanPlan9' is: '15.21
|'

18-11-2024T10:37:37 - [TEST_STEP][PASSED] - page1 = page1.replace("|", ""): null

18-11-2024T10:37:37 - [TEST_STEP][PASSED] - page2 = getText(findTestObject("Object Repository/Выполнение бизнес-плана/spanFact" + filialNum)): Text of object 'Object Repository/Выполнение бизнес-плана/spanFact9' is: '13.60
|'

18-11-2024T10:37:37 - [MESSAGE][PASSED] - Text of object 'Object Repository/Выполнение бизнес-плана/spanFact9' is: '13.60
|'

18-11-2024T10:37:37 - [TEST_STEP][PASSED] - page2 = page2.replace("|", ""): null

18-11-2024T10:37:37 - [TEST_STEP][PASSED] - println("page1: " + page1): null

18-11-2024T10:37:37 - [TEST_STEP][PASSED] - println("page2: " + page2): null

18-11-2024T10:37:37 - [TEST_STEP][PASSED] - file = findTestData("PlanFact").getValue(4, a): null

18-11-2024T10:37:37 - [TEST_STEP][PASSED] - file = file.replace(",", "."): null

18-11-2024T10:37:37 - [TEST_STEP][PASSED] - println("file Plan: " + file): null

18-11-2024T10:37:37 - [TEST_STEP][PASSED] - typeOfData = "План в процентах": null

18-11-2024T10:37:37 - [TEST_STEP][PASSED] - fileDouble = file.toDouble(): null

18-11-2024T10:37:37 - [TEST_STEP][PASSED] - pageDouble = page1.toDouble(): null

18-11-2024T10:37:37 - [TEST_STEP][PASSED] - if (fileDouble != pageDouble): null

18-11-2024T10:37:37 - [TEST_STEP][PASSED] - file = findTestData("PlanFact").getValue(7, a): null

18-11-2024T10:37:37 - [TEST_STEP][PASSED] - file = file.replace(",", "."): null

18-11-2024T10:37:37 - [TEST_STEP][PASSED] - println("file Fact: " + file): null

18-11-2024T10:37:37 - [TEST_STEP][PASSED] - fileDouble = file.toDouble(): null

18-11-2024T10:37:37 - [TEST_STEP][PASSED] - typeOfData = "Факт в процентах": null

18-11-2024T10:37:37 - [TEST_STEP][PASSED] - fileDouble = file.toDouble(): null

18-11-2024T10:37:37 - [TEST_STEP][PASSED] - pageDouble = page2.toDouble(): null

18-11-2024T10:37:37 - [TEST_STEP][PASSED] - if (fileDouble != pageDouble): null

18-11-2024T10:37:37 - [TEST_STEP][PASSED] - if (verifyEqual(numberOfErrors, 0) == false): Actual object '0' and expected object '0' are equal

18-11-2024T10:37:37 - [MESSAGE][PASSED] - Actual object '0' and expected object '0' are equal

18-11-2024T10:37:37 - [TEST_STEP][PASSED] - if (a == 82): null

18-11-2024T10:37:37 - [TEST_STEP][PASSED] - dZO = "ООО «БрянскЭлектро»": null

18-11-2024T10:37:37 - [TEST_STEP][PASSED] - a = 13: null

18-11-2024T10:37:37 - [TEST_STEP][PASSED] - dzoCut = dZO.substring(5, 12): null

18-11-2024T10:37:37 - [TEST_STEP][PASSED] - if (x2.contains(dzoCut)): null

18-11-2024T10:37:37 - [TEST_STEP][PASSED] - filialNum = filialNum + 1: null

18-11-2024T10:37:37 - [TEST_STEP][PASSED] - Script1718980020443.Numbers(a, typeOfData, todaysDate, pageInt, fileInt, pageDouble, fileDouble, dZO, dzoNum, filialNum): null

18-11-2024T10:37:37 - [TEST_STEP][PASSED] - println(dzoNum): null

18-11-2024T10:37:37 - [TEST_STEP][PASSED] - planFact = <not implemented yet for class: org.codehaus.groovy.ast.expr.EmptyExpression>: null

18-11-2024T10:37:37 - [TEST_STEP][PASSED] - page = <not implemented yet for class: org.codehaus.groovy.ast.expr.EmptyExpression>: null

18-11-2024T10:37:37 - [TEST_STEP][PASSED] - page1 = <not implemented yet for class: org.codehaus.groovy.ast.expr.EmptyExpression>: null

18-11-2024T10:37:37 - [TEST_STEP][PASSED] - page2 = <not implemented yet for class: org.codehaus.groovy.ast.expr.EmptyExpression>: null

18-11-2024T10:37:37 - [TEST_STEP][PASSED] - filialNumberInRow = <not implemented yet for class: org.codehaus.groovy.ast.expr.EmptyExpression>: null

18-11-2024T10:37:37 - [TEST_STEP][PASSED] - filialsDzoNames = <not implemented yet for class: org.codehaus.groovy.ast.expr.EmptyExpression>: null

18-11-2024T10:37:37 - [TEST_STEP][PASSED] - numberOfFilials = <not implemented yet for class: org.codehaus.groovy.ast.expr.EmptyExpression>: null

18-11-2024T10:37:37 - [TEST_STEP][PASSED] - numberOfSpaces = <not implemented yet for class: org.codehaus.groovy.ast.expr.EmptyExpression>: null

18-11-2024T10:37:37 - [TEST_STEP][PASSED] - file = <not implemented yet for class: org.codehaus.groovy.ast.expr.EmptyExpression>: null

18-11-2024T10:37:37 - [TEST_STEP][PASSED] - otpusk = <not implemented yet for class: org.codehaus.groovy.ast.expr.EmptyExpression>: null

18-11-2024T10:37:37 - [TEST_STEP][PASSED] - poteri = <not implemented yet for class: org.codehaus.groovy.ast.expr.EmptyExpression>: null

18-11-2024T10:37:37 - [TEST_STEP][PASSED] - dataFolder = "Выполнение бизнес-плана/Значения со страницы Выполнение бизнес-плана/": null

18-11-2024T10:37:37 - [TEST_STEP][PASSED] - path = <not implemented yet for class: org.codehaus.groovy.ast.expr.EmptyExpression>: null

18-11-2024T10:37:37 - [TEST_STEP][PASSED] - typeOfDataMain = <not implemented yet for class: org.codehaus.groovy.ast.expr.EmptyExpression>: null

18-11-2024T10:37:37 - [TEST_STEP][PASSED] - fileOtpuskVSet = <not implemented yet for class: org.codehaus.groovy.ast.expr.EmptyExpression>: null

18-11-2024T10:37:37 - [TEST_STEP][PASSED] - pageOtpuskVSet = <not implemented yet for class: org.codehaus.groovy.ast.expr.EmptyExpression>: null

18-11-2024T10:37:37 - [TEST_STEP][PASSED] - filePoteri = <not implemented yet for class: org.codehaus.groovy.ast.expr.EmptyExpression>: null

18-11-2024T10:37:37 - [TEST_STEP][PASSED] - pagePoteri = <not implemented yet for class: org.codehaus.groovy.ast.expr.EmptyExpression>: null

18-11-2024T10:37:37 - [TEST_STEP][PASSED] - compare = <not implemented yet for class: org.codehaus.groovy.ast.expr.EmptyExpression>: null

18-11-2024T10:37:37 - [TEST_STEP][PASSED] - b = <not implemented yet for class: org.codehaus.groovy.ast.expr.EmptyExpression>: null

18-11-2024T10:37:37 - [TEST_STEP][PASSED] - i = <not implemented yet for class: org.codehaus.groovy.ast.expr.EmptyExpression>: null

18-11-2024T10:37:37 - [TEST_STEP][PASSED] - ii = <not implemented yet for class: org.codehaus.groovy.ast.expr.EmptyExpression>: null

18-11-2024T10:37:37 - [TEST_STEP][PASSED] - c = <not implemented yet for class: org.codehaus.groovy.ast.expr.EmptyExpression>: null

18-11-2024T10:37:37 - [TEST_STEP][PASSED] - numberOfErrors = 0: null

18-11-2024T10:37:37 - [TEST_STEP][PASSED] - if (a == 82): null

18-11-2024T10:37:37 - [TEST_STEP][PASSED] - b = findTestData("PlanFact").getValue(1, a): null

18-11-2024T10:37:38 - [TEST_STEP][PASSED] - i = b.indexOf(" (ГК)"): null

18-11-2024T10:37:38 - [TEST_STEP][PASSED] - if (i > -1): null

18-11-2024T10:37:38 - [TEST_STEP][PASSED] - i = b.indexOf("О ""): null

18-11-2024T10:37:38 - [TEST_STEP][PASSED] - if (i > -1): null

18-11-2024T10:37:38 - [TEST_STEP][PASSED] - i = b.indexOf("О «"): null

18-11-2024T10:37:38 - [TEST_STEP][PASSED] - if (i > -1): null

18-11-2024T10:37:38 - [TEST_STEP][PASSED] - b = b.substring(i + 3, b.length()): null

18-11-2024T10:37:38 - [TEST_STEP][PASSED] - i = b.indexOf("»"): null

18-11-2024T10:37:38 - [TEST_STEP][PASSED] - b = b.substring(0, i): null

18-11-2024T10:37:38 - [TEST_STEP][PASSED] - b = b.trim(): null

18-11-2024T10:37:38 - [TEST_STEP][PASSED] - i = b.indexOf("г. "): null

18-11-2024T10:37:38 - [TEST_STEP][PASSED] - if (i > -1): null

18-11-2024T10:37:38 - [TEST_STEP][PASSED] - println(b): null

18-11-2024T10:37:38 - [TEST_STEP][PASSED] - for ([planFact = 1, planFact < 3, (planFact++)]): Object: 'Object Repository/Выполнение бизнес-плана/Кнопка Факт' is clicked on

18-11-2024T10:37:38 - [TEST_STEP][PASSED] - if (planFact == 1): null

18-11-2024T10:37:38 - [TEST_STEP][PASSED] - typeOfDataMain = "Факт": null

18-11-2024T10:37:38 - [TEST_STEP][PASSED] - otpusk = findTestData("PlanFact").getValue(5, a): null

18-11-2024T10:37:38 - [TEST_STEP][PASSED] - poteri = findTestData("PlanFact").getValue(6, a): null

18-11-2024T10:37:38 - [TEST_STEP][PASSED] - otpusk = otpusk.replaceAll("\s+", ""): null

18-11-2024T10:37:38 - [TEST_STEP][PASSED] - poteri = poteri.replaceAll("\s+", ""): null

18-11-2024T10:37:38 - [TEST_STEP][PASSED] - typeOfData = typeOfDataMain + " Отпуск в сеть": null

18-11-2024T10:37:38 - [TEST_STEP][PASSED] - if (a == 82): null

18-11-2024T10:37:38 - [TEST_STEP][PASSED] - else if (a == 84): null

18-11-2024T10:37:38 - [TEST_STEP][PASSED] - else if (a == 52 || a == 72 || a == 28 || a == 73 || a == 77 || a == 74 || a == 65 || a == 36 || a == 44 || a == 53 || a == 80 || a == 54 || a == 1 || a == 18 || a == 59 || a == 81): null

18-11-2024T10:37:38 - [TEST_STEP][PASSED] - else: null

18-11-2024T10:37:38 - [TEST_STEP][PASSED] - path = dataFolder + typeOfData + " за отчётный период " + b: null

18-11-2024T10:37:38 - [TEST_STEP][PASSED] - println(path): null

18-11-2024T10:37:38 - [TEST_STEP][PASSED] - page = getText(findTestObject(path)): Text of object 'Object Repository/Выполнение бизнес-плана/Значения со страницы Выполнение бизнес-плана/Факт Отпуск в сеть за отчётный период БрянскЭлектро' is: '1 602 993'

18-11-2024T10:37:38 - [MESSAGE][PASSED] - Text of object 'Object Repository/Выполнение бизнес-плана/Значения со страницы Выполнение бизнес-плана/Факт Отпуск в сеть за отчётный период БрянскЭлектро' is: '1 602 993'

18-11-2024T10:37:38 - [TEST_STEP][PASSED] - page = page.replaceAll("\s+", ""): null

18-11-2024T10:37:38 - [TEST_STEP][PASSED] - fileOtpuskVSet = otpusk.toInteger(): null

18-11-2024T10:37:38 - [TEST_STEP][PASSED] - pageOtpuskVSet = page.toInteger(): null

18-11-2024T10:37:38 - [TEST_STEP][PASSED] - typeOfData = typeOfDataMain + " Потери": null

18-11-2024T10:37:38 - [TEST_STEP][PASSED] - if (a == 82): null

18-11-2024T10:37:38 - [TEST_STEP][PASSED] - else if (a == 84): null

18-11-2024T10:37:38 - [TEST_STEP][PASSED] - else if (a == 52 || a == 72 || a == 28 || a == 73 || a == 77 || a == 74 || a == 65 || a == 36 || a == 44 || a == 53 || a == 80 || a == 54 || a == 1 || a == 18 || a == 59 || a == 81): null

18-11-2024T10:37:38 - [TEST_STEP][PASSED] - else: null

18-11-2024T10:37:38 - [TEST_STEP][PASSED] - path = dataFolder + typeOfData + " за отчётный период " + b: null

18-11-2024T10:37:38 - [TEST_STEP][PASSED] - page = getText(findTestObject(path)): Text of object 'Object Repository/Выполнение бизнес-плана/Значения со страницы Выполнение бизнес-плана/Факт Потери за отчётный период БрянскЭлектро' is: '153 860'

18-11-2024T10:37:38 - [MESSAGE][PASSED] - Text of object 'Object Repository/Выполнение бизнес-плана/Значения со страницы Выполнение бизнес-плана/Факт Потери за отчётный период БрянскЭлектро' is: '153 860'

18-11-2024T10:37:38 - [TEST_STEP][PASSED] - page = page.replaceAll("\s+", ""): null

18-11-2024T10:37:38 - [TEST_STEP][PASSED] - filePoteri = poteri.toInteger(): null

18-11-2024T10:37:38 - [TEST_STEP][PASSED] - pagePoteri = page.toInteger(): null

18-11-2024T10:37:38 - [TEST_STEP][PASSED] - compare = pageOtpuskVSet: null

18-11-2024T10:37:38 - [TEST_STEP][PASSED] - if (compare == fileOtpuskVSet): null

18-11-2024T10:37:38 - [TEST_STEP][PASSED] - if (compare == fileOtpuskVSet): null

18-11-2024T10:37:38 - [TEST_STEP][PASSED] - compare = pagePoteri: null

18-11-2024T10:37:38 - [TEST_STEP][PASSED] - if (compare == filePoteri): null

18-11-2024T10:37:38 - [TEST_STEP][PASSED] - if (compare == filePoteri): null

18-11-2024T10:37:38 - [TEST_STEP][PASSED] - if (planFact == 2): null

18-11-2024T10:37:38 - [TEST_STEP][PASSED] - if (planFact == 1): null

18-11-2024T10:37:38 - [TEST_STEP][PASSED] - else if (planFact == 2): null

18-11-2024T10:37:38 - [TEST_STEP][PASSED] - click(findTestObject("Выполнение бизнес-плана/Кнопка План")): Object: 'Object Repository/Выполнение бизнес-плана/Кнопка План' is clicked on

18-11-2024T10:37:39 - [MESSAGE][PASSED] - Object: 'Object Repository/Выполнение бизнес-плана/Кнопка План' is clicked on

18-11-2024T10:37:39 - [TEST_STEP][PASSED] - typeOfDataMain = "План": null

18-11-2024T10:37:39 - [TEST_STEP][PASSED] - otpusk = findTestData("PlanFact").getValue(2, a): null

18-11-2024T10:37:39 - [TEST_STEP][PASSED] - poteri = findTestData("PlanFact").getValue(3, a): null

18-11-2024T10:37:39 - [TEST_STEP][PASSED] - otpusk = otpusk.replaceAll("\s+", ""): null

18-11-2024T10:37:39 - [TEST_STEP][PASSED] - poteri = poteri.replaceAll("\s+", ""): null

18-11-2024T10:37:39 - [TEST_STEP][PASSED] - typeOfData = typeOfDataMain + " Отпуск в сеть": null

18-11-2024T10:37:39 - [TEST_STEP][PASSED] - if (a == 82): null

18-11-2024T10:37:39 - [TEST_STEP][PASSED] - else if (a == 84): null

18-11-2024T10:37:39 - [TEST_STEP][PASSED] - else if (a == 52 || a == 72 || a == 28 || a == 73 || a == 77 || a == 74 || a == 65 || a == 36 || a == 44 || a == 53 || a == 80 || a == 54 || a == 1 || a == 18 || a == 59 || a == 81): null

18-11-2024T10:37:39 - [TEST_STEP][PASSED] - else: null

18-11-2024T10:37:39 - [TEST_STEP][PASSED] - path = dataFolder + typeOfData + " за отчётный период " + b: null

18-11-2024T10:37:39 - [TEST_STEP][PASSED] - println(path): null

18-11-2024T10:37:39 - [TEST_STEP][PASSED] - page = getText(findTestObject(path)): Text of object 'Object Repository/Выполнение бизнес-плана/Значения со страницы Выполнение бизнес-плана/План Отпуск в сеть за отчётный период БрянскЭлектро' is: '1 592 893'

18-11-2024T10:37:39 - [MESSAGE][PASSED] - Text of object 'Object Repository/Выполнение бизнес-плана/Значения со страницы Выполнение бизнес-плана/План Отпуск в сеть за отчётный период БрянскЭлектро' is: '1 592 893'

18-11-2024T10:37:39 - [TEST_STEP][PASSED] - page = page.replaceAll("\s+", ""): null

18-11-2024T10:37:39 - [TEST_STEP][PASSED] - fileOtpuskVSet = otpusk.toInteger(): null

18-11-2024T10:37:39 - [TEST_STEP][PASSED] - pageOtpuskVSet = page.toInteger(): null

18-11-2024T10:37:39 - [TEST_STEP][PASSED] - typeOfData = typeOfDataMain + " Потери": null

18-11-2024T10:37:39 - [TEST_STEP][PASSED] - if (a == 82): null

18-11-2024T10:37:39 - [TEST_STEP][PASSED] - else if (a == 84): null

18-11-2024T10:37:39 - [TEST_STEP][PASSED] - else if (a == 52 || a == 72 || a == 28 || a == 73 || a == 77 || a == 74 || a == 65 || a == 36 || a == 44 || a == 53 || a == 80 || a == 54 || a == 1 || a == 18 || a == 59 || a == 81): null

18-11-2024T10:37:39 - [TEST_STEP][PASSED] - else: null

18-11-2024T10:37:39 - [TEST_STEP][PASSED] - path = dataFolder + typeOfData + " за отчётный период " + b: null

18-11-2024T10:37:39 - [TEST_STEP][PASSED] - page = getText(findTestObject(path)): Text of object 'Object Repository/Выполнение бизнес-плана/Значения со страницы Выполнение бизнес-плана/План Потери за отчётный период БрянскЭлектро' is: '159 867'

18-11-2024T10:37:39 - [MESSAGE][PASSED] - Text of object 'Object Repository/Выполнение бизнес-плана/Значения со страницы Выполнение бизнес-плана/План Потери за отчётный период БрянскЭлектро' is: '159 867'

18-11-2024T10:37:39 - [TEST_STEP][PASSED] - page = page.replaceAll("\s+", ""): null

18-11-2024T10:37:39 - [TEST_STEP][PASSED] - filePoteri = poteri.toInteger(): null

18-11-2024T10:37:39 - [TEST_STEP][PASSED] - pagePoteri = page.toInteger(): null

18-11-2024T10:37:39 - [TEST_STEP][PASSED] - compare = pageOtpuskVSet: null

18-11-2024T10:37:39 - [TEST_STEP][PASSED] - if (compare == fileOtpuskVSet): null

18-11-2024T10:37:39 - [TEST_STEP][PASSED] - if (compare == fileOtpuskVSet): null

18-11-2024T10:37:39 - [TEST_STEP][PASSED] - compare = pagePoteri: null

18-11-2024T10:37:39 - [TEST_STEP][PASSED] - if (compare == filePoteri): null

18-11-2024T10:37:39 - [TEST_STEP][PASSED] - if (compare == filePoteri): null

18-11-2024T10:37:39 - [TEST_STEP][PASSED] - if (planFact == 2): Object: 'Object Repository/Выполнение бизнес-плана/Кнопка Факт' is clicked on

18-11-2024T10:37:39 - [TEST_STEP][PASSED] - click(findTestObject("Выполнение бизнес-плана/Кнопка Факт")): Object: 'Object Repository/Выполнение бизнес-плана/Кнопка Факт' is clicked on

18-11-2024T10:37:40 - [MESSAGE][PASSED] - Object: 'Object Repository/Выполнение бизнес-плана/Кнопка Факт' is clicked on

18-11-2024T10:37:40 - [TEST_STEP][PASSED] - if (a == 84 || a == 82): null

18-11-2024T10:37:40 - [TEST_STEP][PASSED] - else if (a == 52 || a == 72 || a == 28 || a == 73 || a == 77 || a == 74 || a == 65 || a == 36 || a == 44 || a == 53 || a == 80 || a == 54 || a == 1 || a == 18 || a == 59 || a == 81): null

18-11-2024T10:37:40 - [TEST_STEP][PASSED] - else: null

18-11-2024T10:37:40 - [TEST_STEP][PASSED] - page1 = getText(findTestObject("Object Repository/Выполнение бизнес-плана/spanPlan" + filialNum)): Text of object 'Object Repository/Выполнение бизнес-плана/spanPlan10' is: '10.04
|'

18-11-2024T10:37:40 - [MESSAGE][PASSED] - Text of object 'Object Repository/Выполнение бизнес-плана/spanPlan10' is: '10.04
|'

18-11-2024T10:37:40 - [TEST_STEP][PASSED] - page1 = page1.replace("|", ""): null

18-11-2024T10:37:40 - [TEST_STEP][PASSED] - page2 = getText(findTestObject("Object Repository/Выполнение бизнес-плана/spanFact" + filialNum)): Text of object 'Object Repository/Выполнение бизнес-плана/spanFact10' is: '9.60
|'

18-11-2024T10:37:40 - [MESSAGE][PASSED] - Text of object 'Object Repository/Выполнение бизнес-плана/spanFact10' is: '9.60
|'

18-11-2024T10:37:40 - [TEST_STEP][PASSED] - page2 = page2.replace("|", ""): null

18-11-2024T10:37:40 - [TEST_STEP][PASSED] - println("page1: " + page1): null

18-11-2024T10:37:40 - [TEST_STEP][PASSED] - println("page2: " + page2): null

18-11-2024T10:37:40 - [TEST_STEP][PASSED] - file = findTestData("PlanFact").getValue(4, a): null

18-11-2024T10:37:40 - [TEST_STEP][PASSED] - file = file.replace(",", "."): null

18-11-2024T10:37:40 - [TEST_STEP][PASSED] - println("file Plan: " + file): null

18-11-2024T10:37:40 - [TEST_STEP][PASSED] - typeOfData = "План в процентах": null

18-11-2024T10:37:40 - [TEST_STEP][PASSED] - fileDouble = file.toDouble(): null

18-11-2024T10:37:40 - [TEST_STEP][PASSED] - pageDouble = page1.toDouble(): null

18-11-2024T10:37:40 - [TEST_STEP][PASSED] - if (fileDouble != pageDouble): null

18-11-2024T10:37:40 - [TEST_STEP][PASSED] - file = findTestData("PlanFact").getValue(7, a): null

18-11-2024T10:37:40 - [TEST_STEP][PASSED] - file = file.replace(",", "."): null

18-11-2024T10:37:40 - [TEST_STEP][PASSED] - println("file Fact: " + file): null

18-11-2024T10:37:40 - [TEST_STEP][PASSED] - fileDouble = file.toDouble(): null

18-11-2024T10:37:40 - [TEST_STEP][PASSED] - typeOfData = "Факт в процентах": null

18-11-2024T10:37:40 - [TEST_STEP][PASSED] - fileDouble = file.toDouble(): null

18-11-2024T10:37:40 - [TEST_STEP][PASSED] - pageDouble = page2.toDouble(): null

18-11-2024T10:37:40 - [TEST_STEP][PASSED] - if (fileDouble != pageDouble): null

18-11-2024T10:37:40 - [TEST_STEP][PASSED] - if (verifyEqual(numberOfErrors, 0) == false): Actual object '0' and expected object '0' are equal

18-11-2024T10:37:40 - [MESSAGE][PASSED] - Actual object '0' and expected object '0' are equal

18-11-2024T10:37:40 - [TEST_STEP][PASSED] - if (a == 82): null

18-11-2024T10:37:40 - [TEST_STEP][PASSED] - dZO = "Орелэнерго": null

18-11-2024T10:37:40 - [TEST_STEP][PASSED] - a = 8: null

18-11-2024T10:37:40 - [TEST_STEP][PASSED] - if (x2.contains(dZO)): null

18-11-2024T10:37:40 - [TEST_STEP][PASSED] - filialNum = filialNum + 1: null

18-11-2024T10:37:40 - [TEST_STEP][PASSED] - Script1718980020443.Numbers(a, typeOfData, todaysDate, pageInt, fileInt, pageDouble, fileDouble, dZO, dzoNum, filialNum): null

18-11-2024T10:37:40 - [TEST_STEP][PASSED] - println(dzoNum): null

18-11-2024T10:37:40 - [TEST_STEP][PASSED] - planFact = <not implemented yet for class: org.codehaus.groovy.ast.expr.EmptyExpression>: null

18-11-2024T10:37:40 - [TEST_STEP][PASSED] - page = <not implemented yet for class: org.codehaus.groovy.ast.expr.EmptyExpression>: null

18-11-2024T10:37:40 - [TEST_STEP][PASSED] - page1 = <not implemented yet for class: org.codehaus.groovy.ast.expr.EmptyExpression>: null

18-11-2024T10:37:40 - [TEST_STEP][PASSED] - page2 = <not implemented yet for class: org.codehaus.groovy.ast.expr.EmptyExpression>: null

18-11-2024T10:37:40 - [TEST_STEP][PASSED] - filialNumberInRow = <not implemented yet for class: org.codehaus.groovy.ast.expr.EmptyExpression>: null

18-11-2024T10:37:40 - [TEST_STEP][PASSED] - filialsDzoNames = <not implemented yet for class: org.codehaus.groovy.ast.expr.EmptyExpression>: null

18-11-2024T10:37:40 - [TEST_STEP][PASSED] - numberOfFilials = <not implemented yet for class: org.codehaus.groovy.ast.expr.EmptyExpression>: null

18-11-2024T10:37:40 - [TEST_STEP][PASSED] - numberOfSpaces = <not implemented yet for class: org.codehaus.groovy.ast.expr.EmptyExpression>: null

18-11-2024T10:37:40 - [TEST_STEP][PASSED] - file = <not implemented yet for class: org.codehaus.groovy.ast.expr.EmptyExpression>: null

18-11-2024T10:37:40 - [TEST_STEP][PASSED] - otpusk = <not implemented yet for class: org.codehaus.groovy.ast.expr.EmptyExpression>: null

18-11-2024T10:37:40 - [TEST_STEP][PASSED] - poteri = <not implemented yet for class: org.codehaus.groovy.ast.expr.EmptyExpression>: null

18-11-2024T10:37:40 - [TEST_STEP][PASSED] - dataFolder = "Выполнение бизнес-плана/Значения со страницы Выполнение бизнес-плана/": null

18-11-2024T10:37:40 - [TEST_STEP][PASSED] - path = <not implemented yet for class: org.codehaus.groovy.ast.expr.EmptyExpression>: null

18-11-2024T10:37:40 - [TEST_STEP][PASSED] - typeOfDataMain = <not implemented yet for class: org.codehaus.groovy.ast.expr.EmptyExpression>: null

18-11-2024T10:37:40 - [TEST_STEP][PASSED] - fileOtpuskVSet = <not implemented yet for class: org.codehaus.groovy.ast.expr.EmptyExpression>: null

18-11-2024T10:37:40 - [TEST_STEP][PASSED] - pageOtpuskVSet = <not implemented yet for class: org.codehaus.groovy.ast.expr.EmptyExpression>: null

18-11-2024T10:37:40 - [TEST_STEP][PASSED] - filePoteri = <not implemented yet for class: org.codehaus.groovy.ast.expr.EmptyExpression>: null

18-11-2024T10:37:40 - [TEST_STEP][PASSED] - pagePoteri = <not implemented yet for class: org.codehaus.groovy.ast.expr.EmptyExpression>: null

18-11-2024T10:37:40 - [TEST_STEP][PASSED] - compare = <not implemented yet for class: org.codehaus.groovy.ast.expr.EmptyExpression>: null

18-11-2024T10:37:40 - [TEST_STEP][PASSED] - b = <not implemented yet for class: org.codehaus.groovy.ast.expr.EmptyExpression>: null

18-11-2024T10:37:40 - [TEST_STEP][PASSED] - i = <not implemented yet for class: org.codehaus.groovy.ast.expr.EmptyExpression>: null

18-11-2024T10:37:40 - [TEST_STEP][PASSED] - ii = <not implemented yet for class: org.codehaus.groovy.ast.expr.EmptyExpression>: null

18-11-2024T10:37:40 - [TEST_STEP][PASSED] - c = <not implemented yet for class: org.codehaus.groovy.ast.expr.EmptyExpression>: null

18-11-2024T10:37:40 - [TEST_STEP][PASSED] - numberOfErrors = 0: null

18-11-2024T10:37:40 - [TEST_STEP][PASSED] - if (a == 82): null

18-11-2024T10:37:40 - [TEST_STEP][PASSED] - b = findTestData("PlanFact").getValue(1, a): null

18-11-2024T10:37:40 - [TEST_STEP][PASSED] - i = b.indexOf(" (ГК)"): null

18-11-2024T10:37:40 - [TEST_STEP][PASSED] - if (i > -1): null

18-11-2024T10:37:40 - [TEST_STEP][PASSED] - i = b.indexOf("О ""): null

18-11-2024T10:37:40 - [TEST_STEP][PASSED] - if (i > -1): null

18-11-2024T10:37:40 - [TEST_STEP][PASSED] - i = b.indexOf("О «"): null

18-11-2024T10:37:40 - [TEST_STEP][PASSED] - if (i > -1): null

18-11-2024T10:37:40 - [TEST_STEP][PASSED] - i = b.indexOf("г. "): null

18-11-2024T10:37:40 - [TEST_STEP][PASSED] - if (i > -1): null

18-11-2024T10:37:40 - [TEST_STEP][PASSED] - println(b): null

18-11-2024T10:37:40 - [TEST_STEP][PASSED] - for ([planFact = 1, planFact < 3, (planFact++)]): Object: 'Object Repository/Выполнение бизнес-плана/Кнопка Факт' is clicked on

18-11-2024T10:37:40 - [TEST_STEP][PASSED] - if (planFact == 1): null

18-11-2024T10:37:40 - [TEST_STEP][PASSED] - typeOfDataMain = "Факт": null

18-11-2024T10:37:40 - [TEST_STEP][PASSED] - otpusk = findTestData("PlanFact").getValue(5, a): null

18-11-2024T10:37:41 - [TEST_STEP][PASSED] - poteri = findTestData("PlanFact").getValue(6, a): null

18-11-2024T10:37:41 - [TEST_STEP][PASSED] - otpusk = otpusk.replaceAll("\s+", ""): null

18-11-2024T10:37:41 - [TEST_STEP][PASSED] - poteri = poteri.replaceAll("\s+", ""): null

18-11-2024T10:37:41 - [TEST_STEP][PASSED] - typeOfData = typeOfDataMain + " Отпуск в сеть": null

18-11-2024T10:37:41 - [TEST_STEP][PASSED] - if (a == 82): null

18-11-2024T10:37:41 - [TEST_STEP][PASSED] - else if (a == 84): null

18-11-2024T10:37:41 - [TEST_STEP][PASSED] - else if (a == 52 || a == 72 || a == 28 || a == 73 || a == 77 || a == 74 || a == 65 || a == 36 || a == 44 || a == 53 || a == 80 || a == 54 || a == 1 || a == 18 || a == 59 || a == 81): null

18-11-2024T10:37:41 - [TEST_STEP][PASSED] - else: null

18-11-2024T10:37:41 - [TEST_STEP][PASSED] - path = dataFolder + typeOfData + " за отчётный период " + b: null

18-11-2024T10:37:41 - [TEST_STEP][PASSED] - println(path): null

18-11-2024T10:37:41 - [TEST_STEP][PASSED] - page = getText(findTestObject(path)): Text of object 'Object Repository/Выполнение бизнес-плана/Значения со страницы Выполнение бизнес-плана/Факт Отпуск в сеть за отчётный период Орелэнерго' is: '1 788 018'

18-11-2024T10:37:41 - [MESSAGE][PASSED] - Text of object 'Object Repository/Выполнение бизнес-плана/Значения со страницы Выполнение бизнес-плана/Факт Отпуск в сеть за отчётный период Орелэнерго' is: '1 788 018'

18-11-2024T10:37:41 - [TEST_STEP][PASSED] - page = page.replaceAll("\s+", ""): null

18-11-2024T10:37:41 - [TEST_STEP][PASSED] - fileOtpuskVSet = otpusk.toInteger(): null

18-11-2024T10:37:41 - [TEST_STEP][PASSED] - pageOtpuskVSet = page.toInteger(): null

18-11-2024T10:37:41 - [TEST_STEP][PASSED] - typeOfData = typeOfDataMain + " Потери": null

18-11-2024T10:37:41 - [TEST_STEP][PASSED] - if (a == 82): null

18-11-2024T10:37:41 - [TEST_STEP][PASSED] - else if (a == 84): null

18-11-2024T10:37:41 - [TEST_STEP][PASSED] - else if (a == 52 || a == 72 || a == 28 || a == 73 || a == 77 || a == 74 || a == 65 || a == 36 || a == 44 || a == 53 || a == 80 || a == 54 || a == 1 || a == 18 || a == 59 || a == 81): null

18-11-2024T10:37:41 - [TEST_STEP][PASSED] - else: null

18-11-2024T10:37:41 - [TEST_STEP][PASSED] - path = dataFolder + typeOfData + " за отчётный период " + b: null

18-11-2024T10:37:41 - [TEST_STEP][PASSED] - page = getText(findTestObject(path)): Text of object 'Object Repository/Выполнение бизнес-плана/Значения со страницы Выполнение бизнес-плана/Факт Потери за отчётный период Орелэнерго' is: '153 685'

18-11-2024T10:37:41 - [MESSAGE][PASSED] - Text of object 'Object Repository/Выполнение бизнес-плана/Значения со страницы Выполнение бизнес-плана/Факт Потери за отчётный период Орелэнерго' is: '153 685'

18-11-2024T10:37:41 - [TEST_STEP][PASSED] - page = page.replaceAll("\s+", ""): null

18-11-2024T10:37:41 - [TEST_STEP][PASSED] - filePoteri = poteri.toInteger(): null

18-11-2024T10:37:41 - [TEST_STEP][PASSED] - pagePoteri = page.toInteger(): null

18-11-2024T10:37:41 - [TEST_STEP][PASSED] - compare = pageOtpuskVSet: null

18-11-2024T10:37:41 - [TEST_STEP][PASSED] - if (compare == fileOtpuskVSet): null

18-11-2024T10:37:41 - [TEST_STEP][PASSED] - if (compare == fileOtpuskVSet): null

18-11-2024T10:37:41 - [TEST_STEP][PASSED] - compare = pagePoteri: null

18-11-2024T10:37:41 - [TEST_STEP][PASSED] - if (compare == filePoteri): null

18-11-2024T10:37:41 - [TEST_STEP][PASSED] - if (compare == filePoteri): null

18-11-2024T10:37:41 - [TEST_STEP][PASSED] - if (planFact == 2): null

18-11-2024T10:37:41 - [TEST_STEP][PASSED] - if (planFact == 1): null

18-11-2024T10:37:41 - [TEST_STEP][PASSED] - else if (planFact == 2): null

18-11-2024T10:37:41 - [TEST_STEP][PASSED] - click(findTestObject("Выполнение бизнес-плана/Кнопка План")): Object: 'Object Repository/Выполнение бизнес-плана/Кнопка План' is clicked on

18-11-2024T10:37:42 - [MESSAGE][PASSED] - Object: 'Object Repository/Выполнение бизнес-плана/Кнопка План' is clicked on

18-11-2024T10:37:42 - [TEST_STEP][PASSED] - typeOfDataMain = "План": null

18-11-2024T10:37:42 - [TEST_STEP][PASSED] - otpusk = findTestData("PlanFact").getValue(2, a): null

18-11-2024T10:37:42 - [TEST_STEP][PASSED] - poteri = findTestData("PlanFact").getValue(3, a): null

18-11-2024T10:37:42 - [TEST_STEP][PASSED] - otpusk = otpusk.replaceAll("\s+", ""): null

18-11-2024T10:37:42 - [TEST_STEP][PASSED] - poteri = poteri.replaceAll("\s+", ""): null

18-11-2024T10:37:42 - [TEST_STEP][PASSED] - typeOfData = typeOfDataMain + " Отпуск в сеть": null

18-11-2024T10:37:42 - [TEST_STEP][PASSED] - if (a == 82): null

18-11-2024T10:37:42 - [TEST_STEP][PASSED] - else if (a == 84): null

18-11-2024T10:37:42 - [TEST_STEP][PASSED] - else if (a == 52 || a == 72 || a == 28 || a == 73 || a == 77 || a == 74 || a == 65 || a == 36 || a == 44 || a == 53 || a == 80 || a == 54 || a == 1 || a == 18 || a == 59 || a == 81): null

18-11-2024T10:37:42 - [TEST_STEP][PASSED] - else: null

18-11-2024T10:37:42 - [TEST_STEP][PASSED] - path = dataFolder + typeOfData + " за отчётный период " + b: null

18-11-2024T10:37:42 - [TEST_STEP][PASSED] - println(path): null

18-11-2024T10:37:42 - [TEST_STEP][PASSED] - page = getText(findTestObject(path)): Text of object 'Object Repository/Выполнение бизнес-плана/Значения со страницы Выполнение бизнес-плана/План Отпуск в сеть за отчётный период Орелэнерго' is: '1 748 788'

18-11-2024T10:37:42 - [MESSAGE][PASSED] - Text of object 'Object Repository/Выполнение бизнес-плана/Значения со страницы Выполнение бизнес-плана/План Отпуск в сеть за отчётный период Орелэнерго' is: '1 748 788'

18-11-2024T10:37:42 - [TEST_STEP][PASSED] - page = page.replaceAll("\s+", ""): null

18-11-2024T10:37:42 - [TEST_STEP][PASSED] - fileOtpuskVSet = otpusk.toInteger(): null

18-11-2024T10:37:42 - [TEST_STEP][PASSED] - pageOtpuskVSet = page.toInteger(): null

18-11-2024T10:37:42 - [TEST_STEP][PASSED] - typeOfData = typeOfDataMain + " Потери": null

18-11-2024T10:37:42 - [TEST_STEP][PASSED] - if (a == 82): null

18-11-2024T10:37:42 - [TEST_STEP][PASSED] - else if (a == 84): null

18-11-2024T10:37:42 - [TEST_STEP][PASSED] - else if (a == 52 || a == 72 || a == 28 || a == 73 || a == 77 || a == 74 || a == 65 || a == 36 || a == 44 || a == 53 || a == 80 || a == 54 || a == 1 || a == 18 || a == 59 || a == 81): null

18-11-2024T10:37:42 - [TEST_STEP][PASSED] - else: null

18-11-2024T10:37:42 - [TEST_STEP][PASSED] - path = dataFolder + typeOfData + " за отчётный период " + b: null

18-11-2024T10:37:42 - [TEST_STEP][PASSED] - page = getText(findTestObject(path)): Text of object 'Object Repository/Выполнение бизнес-плана/Значения со страницы Выполнение бизнес-плана/План Потери за отчётный период Орелэнерго' is: '158 669'

18-11-2024T10:37:42 - [MESSAGE][PASSED] - Text of object 'Object Repository/Выполнение бизнес-плана/Значения со страницы Выполнение бизнес-плана/План Потери за отчётный период Орелэнерго' is: '158 669'

18-11-2024T10:37:42 - [TEST_STEP][PASSED] - page = page.replaceAll("\s+", ""): null

18-11-2024T10:37:42 - [TEST_STEP][PASSED] - filePoteri = poteri.toInteger(): null

18-11-2024T10:37:42 - [TEST_STEP][PASSED] - pagePoteri = page.toInteger(): null

18-11-2024T10:37:42 - [TEST_STEP][PASSED] - compare = pageOtpuskVSet: null

18-11-2024T10:37:42 - [TEST_STEP][PASSED] - if (compare == fileOtpuskVSet): null

18-11-2024T10:37:42 - [TEST_STEP][PASSED] - if (compare == fileOtpuskVSet): null

18-11-2024T10:37:42 - [TEST_STEP][PASSED] - compare = pagePoteri: null

18-11-2024T10:37:42 - [TEST_STEP][PASSED] - if (compare == filePoteri): null

18-11-2024T10:37:42 - [TEST_STEP][PASSED] - if (compare == filePoteri): null

18-11-2024T10:37:42 - [TEST_STEP][PASSED] - if (planFact == 2): Object: 'Object Repository/Выполнение бизнес-плана/Кнопка Факт' is clicked on

18-11-2024T10:37:42 - [TEST_STEP][PASSED] - click(findTestObject("Выполнение бизнес-плана/Кнопка Факт")): Object: 'Object Repository/Выполнение бизнес-плана/Кнопка Факт' is clicked on

18-11-2024T10:37:43 - [MESSAGE][PASSED] - Object: 'Object Repository/Выполнение бизнес-плана/Кнопка Факт' is clicked on

18-11-2024T10:37:43 - [TEST_STEP][PASSED] - if (a == 84 || a == 82): null

18-11-2024T10:37:43 - [TEST_STEP][PASSED] - else if (a == 52 || a == 72 || a == 28 || a == 73 || a == 77 || a == 74 || a == 65 || a == 36 || a == 44 || a == 53 || a == 80 || a == 54 || a == 1 || a == 18 || a == 59 || a == 81): null

18-11-2024T10:37:43 - [TEST_STEP][PASSED] - else: null

18-11-2024T10:37:43 - [TEST_STEP][PASSED] - page1 = getText(findTestObject("Object Repository/Выполнение бизнес-плана/spanPlan" + filialNum)): Text of object 'Object Repository/Выполнение бизнес-плана/spanPlan11' is: '9.07
|'

18-11-2024T10:37:43 - [MESSAGE][PASSED] - Text of object 'Object Repository/Выполнение бизнес-плана/spanPlan11' is: '9.07
|'

18-11-2024T10:37:43 - [TEST_STEP][PASSED] - page1 = page1.replace("|", ""): null

18-11-2024T10:37:43 - [TEST_STEP][PASSED] - page2 = getText(findTestObject("Object Repository/Выполнение бизнес-плана/spanFact" + filialNum)): Text of object 'Object Repository/Выполнение бизнес-плана/spanFact11' is: '8.60
|'

18-11-2024T10:37:43 - [MESSAGE][PASSED] - Text of object 'Object Repository/Выполнение бизнес-плана/spanFact11' is: '8.60
|'

18-11-2024T10:37:43 - [TEST_STEP][PASSED] - page2 = page2.replace("|", ""): null

18-11-2024T10:37:43 - [TEST_STEP][PASSED] - println("page1: " + page1): null

18-11-2024T10:37:43 - [TEST_STEP][PASSED] - println("page2: " + page2): null

18-11-2024T10:37:43 - [TEST_STEP][PASSED] - file = findTestData("PlanFact").getValue(4, a): null

18-11-2024T10:37:43 - [TEST_STEP][PASSED] - file = file.replace(",", "."): null

18-11-2024T10:37:43 - [TEST_STEP][PASSED] - println("file Plan: " + file): null

18-11-2024T10:37:43 - [TEST_STEP][PASSED] - typeOfData = "План в процентах": null

18-11-2024T10:37:43 - [TEST_STEP][PASSED] - fileDouble = file.toDouble(): null

18-11-2024T10:37:43 - [TEST_STEP][PASSED] - pageDouble = page1.toDouble(): null

18-11-2024T10:37:43 - [TEST_STEP][PASSED] - if (fileDouble != pageDouble): null

18-11-2024T10:37:43 - [TEST_STEP][PASSED] - file = findTestData("PlanFact").getValue(7, a): null

18-11-2024T10:37:43 - [TEST_STEP][PASSED] - file = file.replace(",", "."): null

18-11-2024T10:37:43 - [TEST_STEP][PASSED] - println("file Fact: " + file): null

18-11-2024T10:37:43 - [TEST_STEP][PASSED] - fileDouble = file.toDouble(): null

18-11-2024T10:37:43 - [TEST_STEP][PASSED] - typeOfData = "Факт в процентах": null

18-11-2024T10:37:43 - [TEST_STEP][PASSED] - fileDouble = file.toDouble(): null

18-11-2024T10:37:43 - [TEST_STEP][PASSED] - pageDouble = page2.toDouble(): null

18-11-2024T10:37:43 - [TEST_STEP][PASSED] - if (fileDouble != pageDouble): null

18-11-2024T10:37:43 - [TEST_STEP][PASSED] - if (verifyEqual(numberOfErrors, 0) == false): Actual object '0' and expected object '0' are equal

18-11-2024T10:37:43 - [MESSAGE][PASSED] - Actual object '0' and expected object '0' are equal

18-11-2024T10:37:43 - [TEST_STEP][PASSED] - if (a == 82): null

18-11-2024T10:37:43 - [TEST_STEP][PASSED] - dZO = "Смоленскэнерго": null

18-11-2024T10:37:43 - [TEST_STEP][PASSED] - a = 9: null

18-11-2024T10:37:43 - [TEST_STEP][PASSED] - if (x2.contains(dZO)): null

18-11-2024T10:37:43 - [TEST_STEP][PASSED] - filialNum = filialNum + 1: null

18-11-2024T10:37:43 - [TEST_STEP][PASSED] - Script1718980020443.Numbers(a, typeOfData, todaysDate, pageInt, fileInt, pageDouble, fileDouble, dZO, dzoNum, filialNum): null

18-11-2024T10:37:43 - [TEST_STEP][PASSED] - println(dzoNum): null

18-11-2024T10:37:43 - [TEST_STEP][PASSED] - planFact = <not implemented yet for class: org.codehaus.groovy.ast.expr.EmptyExpression>: null

18-11-2024T10:37:43 - [TEST_STEP][PASSED] - page = <not implemented yet for class: org.codehaus.groovy.ast.expr.EmptyExpression>: null

18-11-2024T10:37:43 - [TEST_STEP][PASSED] - page1 = <not implemented yet for class: org.codehaus.groovy.ast.expr.EmptyExpression>: null

18-11-2024T10:37:43 - [TEST_STEP][PASSED] - page2 = <not implemented yet for class: org.codehaus.groovy.ast.expr.EmptyExpression>: null

18-11-2024T10:37:43 - [TEST_STEP][PASSED] - filialNumberInRow = <not implemented yet for class: org.codehaus.groovy.ast.expr.EmptyExpression>: null

18-11-2024T10:37:43 - [TEST_STEP][PASSED] - filialsDzoNames = <not implemented yet for class: org.codehaus.groovy.ast.expr.EmptyExpression>: null

18-11-2024T10:37:43 - [TEST_STEP][PASSED] - numberOfFilials = <not implemented yet for class: org.codehaus.groovy.ast.expr.EmptyExpression>: null

18-11-2024T10:37:43 - [TEST_STEP][PASSED] - numberOfSpaces = <not implemented yet for class: org.codehaus.groovy.ast.expr.EmptyExpression>: null

18-11-2024T10:37:43 - [TEST_STEP][PASSED] - file = <not implemented yet for class: org.codehaus.groovy.ast.expr.EmptyExpression>: null

18-11-2024T10:37:43 - [TEST_STEP][PASSED] - otpusk = <not implemented yet for class: org.codehaus.groovy.ast.expr.EmptyExpression>: null

18-11-2024T10:37:43 - [TEST_STEP][PASSED] - poteri = <not implemented yet for class: org.codehaus.groovy.ast.expr.EmptyExpression>: null

18-11-2024T10:37:43 - [TEST_STEP][PASSED] - dataFolder = "Выполнение бизнес-плана/Значения со страницы Выполнение бизнес-плана/": null

18-11-2024T10:37:43 - [TEST_STEP][PASSED] - path = <not implemented yet for class: org.codehaus.groovy.ast.expr.EmptyExpression>: null

18-11-2024T10:37:43 - [TEST_STEP][PASSED] - typeOfDataMain = <not implemented yet for class: org.codehaus.groovy.ast.expr.EmptyExpression>: null

18-11-2024T10:37:43 - [TEST_STEP][PASSED] - fileOtpuskVSet = <not implemented yet for class: org.codehaus.groovy.ast.expr.EmptyExpression>: null

18-11-2024T10:37:43 - [TEST_STEP][PASSED] - pageOtpuskVSet = <not implemented yet for class: org.codehaus.groovy.ast.expr.EmptyExpression>: null

18-11-2024T10:37:43 - [TEST_STEP][PASSED] - filePoteri = <not implemented yet for class: org.codehaus.groovy.ast.expr.EmptyExpression>: null

18-11-2024T10:37:43 - [TEST_STEP][PASSED] - pagePoteri = <not implemented yet for class: org.codehaus.groovy.ast.expr.EmptyExpression>: null

18-11-2024T10:37:43 - [TEST_STEP][PASSED] - compare = <not implemented yet for class: org.codehaus.groovy.ast.expr.EmptyExpression>: null

18-11-2024T10:37:43 - [TEST_STEP][PASSED] - b = <not implemented yet for class: org.codehaus.groovy.ast.expr.EmptyExpression>: null

18-11-2024T10:37:43 - [TEST_STEP][PASSED] - i = <not implemented yet for class: org.codehaus.groovy.ast.expr.EmptyExpression>: null

18-11-2024T10:37:43 - [TEST_STEP][PASSED] - ii = <not implemented yet for class: org.codehaus.groovy.ast.expr.EmptyExpression>: null

18-11-2024T10:37:43 - [TEST_STEP][PASSED] - c = <not implemented yet for class: org.codehaus.groovy.ast.expr.EmptyExpression>: null

18-11-2024T10:37:43 - [TEST_STEP][PASSED] - numberOfErrors = 0: null

18-11-2024T10:37:43 - [TEST_STEP][PASSED] - if (a == 82): null

18-11-2024T10:37:43 - [TEST_STEP][PASSED] - b = findTestData("PlanFact").getValue(1, a): null

18-11-2024T10:37:43 - [TEST_STEP][PASSED] - i = b.indexOf(" (ГК)"): null

18-11-2024T10:37:43 - [TEST_STEP][PASSED] - if (i > -1): null

18-11-2024T10:37:43 - [TEST_STEP][PASSED] - i = b.indexOf("О ""): null

18-11-2024T10:37:43 - [TEST_STEP][PASSED] - if (i > -1): null

18-11-2024T10:37:43 - [TEST_STEP][PASSED] - i = b.indexOf("О «"): null

18-11-2024T10:37:43 - [TEST_STEP][PASSED] - if (i > -1): null

18-11-2024T10:37:43 - [TEST_STEP][PASSED] - i = b.indexOf("г. "): null

18-11-2024T10:37:43 - [TEST_STEP][PASSED] - if (i > -1): null

18-11-2024T10:37:43 - [TEST_STEP][PASSED] - println(b): null

18-11-2024T10:37:43 - [TEST_STEP][PASSED] - for ([planFact = 1, planFact < 3, (planFact++)]): Object: 'Object Repository/Выполнение бизнес-плана/Кнопка Факт' is clicked on

18-11-2024T10:37:43 - [TEST_STEP][PASSED] - if (planFact == 1): null

18-11-2024T10:37:43 - [TEST_STEP][PASSED] - typeOfDataMain = "Факт": null

18-11-2024T10:37:43 - [TEST_STEP][PASSED] - otpusk = findTestData("PlanFact").getValue(5, a): null

18-11-2024T10:37:43 - [TEST_STEP][PASSED] - poteri = findTestData("PlanFact").getValue(6, a): null

18-11-2024T10:37:44 - [TEST_STEP][PASSED] - otpusk = otpusk.replaceAll("\s+", ""): null

18-11-2024T10:37:44 - [TEST_STEP][PASSED] - poteri = poteri.replaceAll("\s+", ""): null

18-11-2024T10:37:44 - [TEST_STEP][PASSED] - typeOfData = typeOfDataMain + " Отпуск в сеть": null

18-11-2024T10:37:44 - [TEST_STEP][PASSED] - if (a == 82): null

18-11-2024T10:37:44 - [TEST_STEP][PASSED] - else if (a == 84): null

18-11-2024T10:37:44 - [TEST_STEP][PASSED] - else if (a == 52 || a == 72 || a == 28 || a == 73 || a == 77 || a == 74 || a == 65 || a == 36 || a == 44 || a == 53 || a == 80 || a == 54 || a == 1 || a == 18 || a == 59 || a == 81): null

18-11-2024T10:37:44 - [TEST_STEP][PASSED] - else: null

18-11-2024T10:37:44 - [TEST_STEP][PASSED] - path = dataFolder + typeOfData + " за отчётный период " + b: null

18-11-2024T10:37:44 - [TEST_STEP][PASSED] - println(path): null

18-11-2024T10:37:44 - [TEST_STEP][PASSED] - page = getText(findTestObject(path)): Text of object 'Object Repository/Выполнение бизнес-плана/Значения со страницы Выполнение бизнес-плана/Факт Отпуск в сеть за отчётный период Смоленскэнерго' is: '2 877 695'

18-11-2024T10:37:44 - [MESSAGE][PASSED] - Text of object 'Object Repository/Выполнение бизнес-плана/Значения со страницы Выполнение бизнес-плана/Факт Отпуск в сеть за отчётный период Смоленскэнерго' is: '2 877 695'

18-11-2024T10:37:44 - [TEST_STEP][PASSED] - page = page.replaceAll("\s+", ""): null

18-11-2024T10:37:44 - [TEST_STEP][PASSED] - fileOtpuskVSet = otpusk.toInteger(): null

18-11-2024T10:37:44 - [TEST_STEP][PASSED] - pageOtpuskVSet = page.toInteger(): null

18-11-2024T10:37:44 - [TEST_STEP][PASSED] - typeOfData = typeOfDataMain + " Потери": null

18-11-2024T10:37:44 - [TEST_STEP][PASSED] - if (a == 82): null

18-11-2024T10:37:44 - [TEST_STEP][PASSED] - else if (a == 84): null

18-11-2024T10:37:44 - [TEST_STEP][PASSED] - else if (a == 52 || a == 72 || a == 28 || a == 73 || a == 77 || a == 74 || a == 65 || a == 36 || a == 44 || a == 53 || a == 80 || a == 54 || a == 1 || a == 18 || a == 59 || a == 81): null

18-11-2024T10:37:44 - [TEST_STEP][PASSED] - else: null

18-11-2024T10:37:44 - [TEST_STEP][PASSED] - path = dataFolder + typeOfData + " за отчётный период " + b: null

18-11-2024T10:37:44 - [TEST_STEP][PASSED] - page = getText(findTestObject(path)): Text of object 'Object Repository/Выполнение бизнес-плана/Значения со страницы Выполнение бизнес-плана/Факт Потери за отчётный период Смоленскэнерго' is: '338 207'

18-11-2024T10:37:44 - [MESSAGE][PASSED] - Text of object 'Object Repository/Выполнение бизнес-плана/Значения со страницы Выполнение бизнес-плана/Факт Потери за отчётный период Смоленскэнерго' is: '338 207'

18-11-2024T10:37:44 - [TEST_STEP][PASSED] - page = page.replaceAll("\s+", ""): null

18-11-2024T10:37:44 - [TEST_STEP][PASSED] - filePoteri = poteri.toInteger(): null

18-11-2024T10:37:44 - [TEST_STEP][PASSED] - pagePoteri = page.toInteger(): null

18-11-2024T10:37:44 - [TEST_STEP][PASSED] - compare = pageOtpuskVSet: null

18-11-2024T10:37:44 - [TEST_STEP][PASSED] - if (compare == fileOtpuskVSet): null

18-11-2024T10:37:44 - [TEST_STEP][PASSED] - if (compare == fileOtpuskVSet): null

18-11-2024T10:37:44 - [TEST_STEP][PASSED] - compare = pagePoteri: null

18-11-2024T10:37:44 - [TEST_STEP][PASSED] - if (compare == filePoteri): null

18-11-2024T10:37:44 - [TEST_STEP][PASSED] - if (compare == filePoteri): null

18-11-2024T10:37:44 - [TEST_STEP][PASSED] - if (planFact == 2): null

18-11-2024T10:37:44 - [TEST_STEP][PASSED] - if (planFact == 1): null

18-11-2024T10:37:44 - [TEST_STEP][PASSED] - else if (planFact == 2): null

18-11-2024T10:37:44 - [TEST_STEP][PASSED] - click(findTestObject("Выполнение бизнес-плана/Кнопка План")): Object: 'Object Repository/Выполнение бизнес-плана/Кнопка План' is clicked on

18-11-2024T10:37:45 - [MESSAGE][PASSED] - Object: 'Object Repository/Выполнение бизнес-плана/Кнопка План' is clicked on

18-11-2024T10:37:45 - [TEST_STEP][PASSED] - typeOfDataMain = "План": null

18-11-2024T10:37:45 - [TEST_STEP][PASSED] - otpusk = findTestData("PlanFact").getValue(2, a): null

18-11-2024T10:37:45 - [TEST_STEP][PASSED] - poteri = findTestData("PlanFact").getValue(3, a): null

18-11-2024T10:37:45 - [TEST_STEP][PASSED] - otpusk = otpusk.replaceAll("\s+", ""): null

18-11-2024T10:37:45 - [TEST_STEP][PASSED] - poteri = poteri.replaceAll("\s+", ""): null

18-11-2024T10:37:45 - [TEST_STEP][PASSED] - typeOfData = typeOfDataMain + " Отпуск в сеть": null

18-11-2024T10:37:45 - [TEST_STEP][PASSED] - if (a == 82): null

18-11-2024T10:37:45 - [TEST_STEP][PASSED] - else if (a == 84): null

18-11-2024T10:37:45 - [TEST_STEP][PASSED] - else if (a == 52 || a == 72 || a == 28 || a == 73 || a == 77 || a == 74 || a == 65 || a == 36 || a == 44 || a == 53 || a == 80 || a == 54 || a == 1 || a == 18 || a == 59 || a == 81): null

18-11-2024T10:37:45 - [TEST_STEP][PASSED] - else: null

18-11-2024T10:37:45 - [TEST_STEP][PASSED] - path = dataFolder + typeOfData + " за отчётный период " + b: null

18-11-2024T10:37:45 - [TEST_STEP][PASSED] - println(path): null

18-11-2024T10:37:45 - [TEST_STEP][PASSED] - page = getText(findTestObject(path)): Text of object 'Object Repository/Выполнение бизнес-плана/Значения со страницы Выполнение бизнес-плана/План Отпуск в сеть за отчётный период Смоленскэнерго' is: '2 861 590'

18-11-2024T10:37:45 - [MESSAGE][PASSED] - Text of object 'Object Repository/Выполнение бизнес-плана/Значения со страницы Выполнение бизнес-плана/План Отпуск в сеть за отчётный период Смоленскэнерго' is: '2 861 590'

18-11-2024T10:37:45 - [TEST_STEP][PASSED] - page = page.replaceAll("\s+", ""): null

18-11-2024T10:37:45 - [TEST_STEP][PASSED] - fileOtpuskVSet = otpusk.toInteger(): null

18-11-2024T10:37:45 - [TEST_STEP][PASSED] - pageOtpuskVSet = page.toInteger(): null

18-11-2024T10:37:45 - [TEST_STEP][PASSED] - typeOfData = typeOfDataMain + " Потери": null

18-11-2024T10:37:45 - [TEST_STEP][PASSED] - if (a == 82): null

18-11-2024T10:37:45 - [TEST_STEP][PASSED] - else if (a == 84): null

18-11-2024T10:37:45 - [TEST_STEP][PASSED] - else if (a == 52 || a == 72 || a == 28 || a == 73 || a == 77 || a == 74 || a == 65 || a == 36 || a == 44 || a == 53 || a == 80 || a == 54 || a == 1 || a == 18 || a == 59 || a == 81): null

18-11-2024T10:37:45 - [TEST_STEP][PASSED] - else: null

18-11-2024T10:37:45 - [TEST_STEP][PASSED] - path = dataFolder + typeOfData + " за отчётный период " + b: null

18-11-2024T10:37:45 - [TEST_STEP][PASSED] - page = getText(findTestObject(path)): Text of object 'Object Repository/Выполнение бизнес-плана/Значения со страницы Выполнение бизнес-плана/План Потери за отчётный период Смоленскэнерго' is: '339 390'

18-11-2024T10:37:45 - [MESSAGE][PASSED] - Text of object 'Object Repository/Выполнение бизнес-плана/Значения со страницы Выполнение бизнес-плана/План Потери за отчётный период Смоленскэнерго' is: '339 390'

18-11-2024T10:37:45 - [TEST_STEP][PASSED] - page = page.replaceAll("\s+", ""): null

18-11-2024T10:37:45 - [TEST_STEP][PASSED] - filePoteri = poteri.toInteger(): null

18-11-2024T10:37:45 - [TEST_STEP][PASSED] - pagePoteri = page.toInteger(): null

18-11-2024T10:37:45 - [TEST_STEP][PASSED] - compare = pageOtpuskVSet: null

18-11-2024T10:37:45 - [TEST_STEP][PASSED] - if (compare == fileOtpuskVSet): null

18-11-2024T10:37:45 - [TEST_STEP][PASSED] - if (compare == fileOtpuskVSet): null

18-11-2024T10:37:45 - [TEST_STEP][PASSED] - compare = pagePoteri: null

18-11-2024T10:37:45 - [TEST_STEP][PASSED] - if (compare == filePoteri): null

18-11-2024T10:37:45 - [TEST_STEP][PASSED] - if (compare == filePoteri): null

18-11-2024T10:37:45 - [TEST_STEP][PASSED] - if (planFact == 2): Object: 'Object Repository/Выполнение бизнес-плана/Кнопка Факт' is clicked on

18-11-2024T10:37:45 - [TEST_STEP][PASSED] - click(findTestObject("Выполнение бизнес-плана/Кнопка Факт")): Object: 'Object Repository/Выполнение бизнес-плана/Кнопка Факт' is clicked on

18-11-2024T10:37:46 - [MESSAGE][PASSED] - Object: 'Object Repository/Выполнение бизнес-плана/Кнопка Факт' is clicked on

18-11-2024T10:37:46 - [TEST_STEP][PASSED] - if (a == 84 || a == 82): null

18-11-2024T10:37:46 - [TEST_STEP][PASSED] - else if (a == 52 || a == 72 || a == 28 || a == 73 || a == 77 || a == 74 || a == 65 || a == 36 || a == 44 || a == 53 || a == 80 || a == 54 || a == 1 || a == 18 || a == 59 || a == 81): null

18-11-2024T10:37:46 - [TEST_STEP][PASSED] - else: null

18-11-2024T10:37:46 - [TEST_STEP][PASSED] - page1 = getText(findTestObject("Object Repository/Выполнение бизнес-плана/spanPlan" + filialNum)): Text of object 'Object Repository/Выполнение бизнес-плана/spanPlan12' is: '11.86
|'

18-11-2024T10:37:46 - [MESSAGE][PASSED] - Text of object 'Object Repository/Выполнение бизнес-плана/spanPlan12' is: '11.86
|'

18-11-2024T10:37:46 - [TEST_STEP][PASSED] - page1 = page1.replace("|", ""): null

18-11-2024T10:37:46 - [TEST_STEP][PASSED] - page2 = getText(findTestObject("Object Repository/Выполнение бизнес-плана/spanFact" + filialNum)): Text of object 'Object Repository/Выполнение бизнес-плана/spanFact12' is: '11.75
|'

18-11-2024T10:37:46 - [MESSAGE][PASSED] - Text of object 'Object Repository/Выполнение бизнес-плана/spanFact12' is: '11.75
|'

18-11-2024T10:37:46 - [TEST_STEP][PASSED] - page2 = page2.replace("|", ""): null

18-11-2024T10:37:46 - [TEST_STEP][PASSED] - println("page1: " + page1): null

18-11-2024T10:37:46 - [TEST_STEP][PASSED] - println("page2: " + page2): null

18-11-2024T10:37:46 - [TEST_STEP][PASSED] - file = findTestData("PlanFact").getValue(4, a): null

18-11-2024T10:37:46 - [TEST_STEP][PASSED] - file = file.replace(",", "."): null

18-11-2024T10:37:46 - [TEST_STEP][PASSED] - println("file Plan: " + file): null

18-11-2024T10:37:46 - [TEST_STEP][PASSED] - typeOfData = "План в процентах": null

18-11-2024T10:37:46 - [TEST_STEP][PASSED] - fileDouble = file.toDouble(): null

18-11-2024T10:37:46 - [TEST_STEP][PASSED] - pageDouble = page1.toDouble(): null

18-11-2024T10:37:46 - [TEST_STEP][PASSED] - if (fileDouble != pageDouble): null

18-11-2024T10:37:46 - [TEST_STEP][PASSED] - file = findTestData("PlanFact").getValue(7, a): null

18-11-2024T10:37:46 - [TEST_STEP][PASSED] - file = file.replace(",", "."): null

18-11-2024T10:37:46 - [TEST_STEP][PASSED] - println("file Fact: " + file): null

18-11-2024T10:37:46 - [TEST_STEP][PASSED] - fileDouble = file.toDouble(): null

18-11-2024T10:37:46 - [TEST_STEP][PASSED] - typeOfData = "Факт в процентах": null

18-11-2024T10:37:46 - [TEST_STEP][PASSED] - fileDouble = file.toDouble(): null

18-11-2024T10:37:46 - [TEST_STEP][PASSED] - pageDouble = page2.toDouble(): null

18-11-2024T10:37:46 - [TEST_STEP][PASSED] - if (fileDouble != pageDouble): null

18-11-2024T10:37:46 - [TEST_STEP][PASSED] - if (verifyEqual(numberOfErrors, 0) == false): Actual object '0' and expected object '0' are equal

18-11-2024T10:37:46 - [MESSAGE][PASSED] - Actual object '0' and expected object '0' are equal

18-11-2024T10:37:46 - [TEST_STEP][PASSED] - if (a == 82): null

18-11-2024T10:37:46 - [TEST_STEP][PASSED] - dZO = "Тамбовэнерго": null

18-11-2024T10:37:46 - [TEST_STEP][PASSED] - a = 10: null

18-11-2024T10:37:46 - [TEST_STEP][PASSED] - if (x2.contains(dZO)): null

18-11-2024T10:37:46 - [TEST_STEP][PASSED] - filialNum = filialNum + 1: null

18-11-2024T10:37:46 - [TEST_STEP][PASSED] - Script1718980020443.Numbers(a, typeOfData, todaysDate, pageInt, fileInt, pageDouble, fileDouble, dZO, dzoNum, filialNum): null

18-11-2024T10:37:46 - [TEST_STEP][PASSED] - println(dzoNum): null

18-11-2024T10:37:46 - [TEST_STEP][PASSED] - planFact = <not implemented yet for class: org.codehaus.groovy.ast.expr.EmptyExpression>: null

18-11-2024T10:37:46 - [TEST_STEP][PASSED] - page = <not implemented yet for class: org.codehaus.groovy.ast.expr.EmptyExpression>: null

18-11-2024T10:37:46 - [TEST_STEP][PASSED] - page1 = <not implemented yet for class: org.codehaus.groovy.ast.expr.EmptyExpression>: null

18-11-2024T10:37:46 - [TEST_STEP][PASSED] - page2 = <not implemented yet for class: org.codehaus.groovy.ast.expr.EmptyExpression>: null

18-11-2024T10:37:46 - [TEST_STEP][PASSED] - filialNumberInRow = <not implemented yet for class: org.codehaus.groovy.ast.expr.EmptyExpression>: null

18-11-2024T10:37:46 - [TEST_STEP][PASSED] - filialsDzoNames = <not implemented yet for class: org.codehaus.groovy.ast.expr.EmptyExpression>: null

18-11-2024T10:37:46 - [TEST_STEP][PASSED] - numberOfFilials = <not implemented yet for class: org.codehaus.groovy.ast.expr.EmptyExpression>: null

18-11-2024T10:37:46 - [TEST_STEP][PASSED] - numberOfSpaces = <not implemented yet for class: org.codehaus.groovy.ast.expr.EmptyExpression>: null

18-11-2024T10:37:46 - [TEST_STEP][PASSED] - file = <not implemented yet for class: org.codehaus.groovy.ast.expr.EmptyExpression>: null

18-11-2024T10:37:46 - [TEST_STEP][PASSED] - otpusk = <not implemented yet for class: org.codehaus.groovy.ast.expr.EmptyExpression>: null

18-11-2024T10:37:46 - [TEST_STEP][PASSED] - poteri = <not implemented yet for class: org.codehaus.groovy.ast.expr.EmptyExpression>: null

18-11-2024T10:37:46 - [TEST_STEP][PASSED] - dataFolder = "Выполнение бизнес-плана/Значения со страницы Выполнение бизнес-плана/": null

18-11-2024T10:37:46 - [TEST_STEP][PASSED] - path = <not implemented yet for class: org.codehaus.groovy.ast.expr.EmptyExpression>: null

18-11-2024T10:37:46 - [TEST_STEP][PASSED] - typeOfDataMain = <not implemented yet for class: org.codehaus.groovy.ast.expr.EmptyExpression>: null

18-11-2024T10:37:46 - [TEST_STEP][PASSED] - fileOtpuskVSet = <not implemented yet for class: org.codehaus.groovy.ast.expr.EmptyExpression>: null

18-11-2024T10:37:46 - [TEST_STEP][PASSED] - pageOtpuskVSet = <not implemented yet for class: org.codehaus.groovy.ast.expr.EmptyExpression>: null

18-11-2024T10:37:46 - [TEST_STEP][PASSED] - filePoteri = <not implemented yet for class: org.codehaus.groovy.ast.expr.EmptyExpression>: null

18-11-2024T10:37:46 - [TEST_STEP][PASSED] - pagePoteri = <not implemented yet for class: org.codehaus.groovy.ast.expr.EmptyExpression>: null

18-11-2024T10:37:46 - [TEST_STEP][PASSED] - compare = <not implemented yet for class: org.codehaus.groovy.ast.expr.EmptyExpression>: null

18-11-2024T10:37:46 - [TEST_STEP][PASSED] - b = <not implemented yet for class: org.codehaus.groovy.ast.expr.EmptyExpression>: null

18-11-2024T10:37:46 - [TEST_STEP][PASSED] - i = <not implemented yet for class: org.codehaus.groovy.ast.expr.EmptyExpression>: null

18-11-2024T10:37:46 - [TEST_STEP][PASSED] - ii = <not implemented yet for class: org.codehaus.groovy.ast.expr.EmptyExpression>: null

18-11-2024T10:37:46 - [TEST_STEP][PASSED] - c = <not implemented yet for class: org.codehaus.groovy.ast.expr.EmptyExpression>: null

18-11-2024T10:37:46 - [TEST_STEP][PASSED] - numberOfErrors = 0: null

18-11-2024T10:37:46 - [TEST_STEP][PASSED] - if (a == 82): null

18-11-2024T10:37:46 - [TEST_STEP][PASSED] - b = findTestData("PlanFact").getValue(1, a): null

18-11-2024T10:37:46 - [TEST_STEP][PASSED] - i = b.indexOf(" (ГК)"): null

18-11-2024T10:37:46 - [TEST_STEP][PASSED] - if (i > -1): null

18-11-2024T10:37:46 - [TEST_STEP][PASSED] - i = b.indexOf("О ""): null

18-11-2024T10:37:46 - [TEST_STEP][PASSED] - if (i > -1): null

18-11-2024T10:37:46 - [TEST_STEP][PASSED] - i = b.indexOf("О «"): null

18-11-2024T10:37:46 - [TEST_STEP][PASSED] - if (i > -1): null

18-11-2024T10:37:46 - [TEST_STEP][PASSED] - i = b.indexOf("г. "): null

18-11-2024T10:37:46 - [TEST_STEP][PASSED] - if (i > -1): null

18-11-2024T10:37:46 - [TEST_STEP][PASSED] - println(b): null

18-11-2024T10:37:46 - [TEST_STEP][PASSED] - for ([planFact = 1, planFact < 3, (planFact++)]): Object: 'Object Repository/Выполнение бизнес-плана/Кнопка Факт' is clicked on

18-11-2024T10:37:46 - [TEST_STEP][PASSED] - if (planFact == 1): null

18-11-2024T10:37:46 - [TEST_STEP][PASSED] - typeOfDataMain = "Факт": null

18-11-2024T10:37:46 - [TEST_STEP][PASSED] - otpusk = findTestData("PlanFact").getValue(5, a): null

18-11-2024T10:37:46 - [TEST_STEP][PASSED] - poteri = findTestData("PlanFact").getValue(6, a): null

18-11-2024T10:37:47 - [TEST_STEP][PASSED] - otpusk = otpusk.replaceAll("\s+", ""): null

18-11-2024T10:37:47 - [TEST_STEP][PASSED] - poteri = poteri.replaceAll("\s+", ""): null

18-11-2024T10:37:47 - [TEST_STEP][PASSED] - typeOfData = typeOfDataMain + " Отпуск в сеть": null

18-11-2024T10:37:47 - [TEST_STEP][PASSED] - if (a == 82): null

18-11-2024T10:37:47 - [TEST_STEP][PASSED] - else if (a == 84): null

18-11-2024T10:37:47 - [TEST_STEP][PASSED] - else if (a == 52 || a == 72 || a == 28 || a == 73 || a == 77 || a == 74 || a == 65 || a == 36 || a == 44 || a == 53 || a == 80 || a == 54 || a == 1 || a == 18 || a == 59 || a == 81): null

18-11-2024T10:37:47 - [TEST_STEP][PASSED] - else: null

18-11-2024T10:37:47 - [TEST_STEP][PASSED] - path = dataFolder + typeOfData + " за отчётный период " + b: null

18-11-2024T10:37:47 - [TEST_STEP][PASSED] - println(path): null

18-11-2024T10:37:47 - [TEST_STEP][PASSED] - page = getText(findTestObject(path)): Text of object 'Object Repository/Выполнение бизнес-плана/Значения со страницы Выполнение бизнес-плана/Факт Отпуск в сеть за отчётный период Тамбовэнерго' is: '2 262 998'

18-11-2024T10:37:47 - [MESSAGE][PASSED] - Text of object 'Object Repository/Выполнение бизнес-плана/Значения со страницы Выполнение бизнес-плана/Факт Отпуск в сеть за отчётный период Тамбовэнерго' is: '2 262 998'

18-11-2024T10:37:47 - [TEST_STEP][PASSED] - page = page.replaceAll("\s+", ""): null

18-11-2024T10:37:47 - [TEST_STEP][PASSED] - fileOtpuskVSet = otpusk.toInteger(): null

18-11-2024T10:37:47 - [TEST_STEP][PASSED] - pageOtpuskVSet = page.toInteger(): null

18-11-2024T10:37:47 - [TEST_STEP][PASSED] - typeOfData = typeOfDataMain + " Потери": null

18-11-2024T10:37:47 - [TEST_STEP][PASSED] - if (a == 82): null

18-11-2024T10:37:47 - [TEST_STEP][PASSED] - else if (a == 84): null

18-11-2024T10:37:47 - [TEST_STEP][PASSED] - else if (a == 52 || a == 72 || a == 28 || a == 73 || a == 77 || a == 74 || a == 65 || a == 36 || a == 44 || a == 53 || a == 80 || a == 54 || a == 1 || a == 18 || a == 59 || a == 81): null

18-11-2024T10:37:47 - [TEST_STEP][PASSED] - else: null

18-11-2024T10:37:47 - [TEST_STEP][PASSED] - path = dataFolder + typeOfData + " за отчётный период " + b: null

18-11-2024T10:37:47 - [TEST_STEP][PASSED] - page = getText(findTestObject(path)): Text of object 'Object Repository/Выполнение бизнес-плана/Значения со страницы Выполнение бизнес-плана/Факт Потери за отчётный период Тамбовэнерго' is: '185 079'

18-11-2024T10:37:47 - [MESSAGE][PASSED] - Text of object 'Object Repository/Выполнение бизнес-плана/Значения со страницы Выполнение бизнес-плана/Факт Потери за отчётный период Тамбовэнерго' is: '185 079'

18-11-2024T10:37:47 - [TEST_STEP][PASSED] - page = page.replaceAll("\s+", ""): null

18-11-2024T10:37:47 - [TEST_STEP][PASSED] - filePoteri = poteri.toInteger(): null

18-11-2024T10:37:47 - [TEST_STEP][PASSED] - pagePoteri = page.toInteger(): null

18-11-2024T10:37:47 - [TEST_STEP][PASSED] - compare = pageOtpuskVSet: null

18-11-2024T10:37:47 - [TEST_STEP][PASSED] - if (compare == fileOtpuskVSet): null

18-11-2024T10:37:47 - [TEST_STEP][PASSED] - if (compare == fileOtpuskVSet): null

18-11-2024T10:37:47 - [TEST_STEP][PASSED] - compare = pagePoteri: null

18-11-2024T10:37:47 - [TEST_STEP][PASSED] - if (compare == filePoteri): null

18-11-2024T10:37:47 - [TEST_STEP][PASSED] - if (compare == filePoteri): null

18-11-2024T10:37:47 - [TEST_STEP][PASSED] - if (planFact == 2): null

18-11-2024T10:37:47 - [TEST_STEP][PASSED] - if (planFact == 1): null

18-11-2024T10:37:47 - [TEST_STEP][PASSED] - else if (planFact == 2): null

18-11-2024T10:37:47 - [TEST_STEP][PASSED] - click(findTestObject("Выполнение бизнес-плана/Кнопка План")): Object: 'Object Repository/Выполнение бизнес-плана/Кнопка План' is clicked on

18-11-2024T10:37:47 - [MESSAGE][PASSED] - Object: 'Object Repository/Выполнение бизнес-плана/Кнопка План' is clicked on

18-11-2024T10:37:47 - [TEST_STEP][PASSED] - typeOfDataMain = "План": null

18-11-2024T10:37:47 - [TEST_STEP][PASSED] - otpusk = findTestData("PlanFact").getValue(2, a): null

18-11-2024T10:37:48 - [TEST_STEP][PASSED] - poteri = findTestData("PlanFact").getValue(3, a): null

18-11-2024T10:37:48 - [TEST_STEP][PASSED] - otpusk = otpusk.replaceAll("\s+", ""): null

18-11-2024T10:37:48 - [TEST_STEP][PASSED] - poteri = poteri.replaceAll("\s+", ""): null

18-11-2024T10:37:48 - [TEST_STEP][PASSED] - typeOfData = typeOfDataMain + " Отпуск в сеть": null

18-11-2024T10:37:48 - [TEST_STEP][PASSED] - if (a == 82): null

18-11-2024T10:37:48 - [TEST_STEP][PASSED] - else if (a == 84): null

18-11-2024T10:37:48 - [TEST_STEP][PASSED] - else if (a == 52 || a == 72 || a == 28 || a == 73 || a == 77 || a == 74 || a == 65 || a == 36 || a == 44 || a == 53 || a == 80 || a == 54 || a == 1 || a == 18 || a == 59 || a == 81): null

18-11-2024T10:37:48 - [TEST_STEP][PASSED] - else: null

18-11-2024T10:37:48 - [TEST_STEP][PASSED] - path = dataFolder + typeOfData + " за отчётный период " + b: null

18-11-2024T10:37:48 - [TEST_STEP][PASSED] - println(path): null

18-11-2024T10:37:48 - [TEST_STEP][PASSED] - page = getText(findTestObject(path)): Text of object 'Object Repository/Выполнение бизнес-плана/Значения со страницы Выполнение бизнес-плана/План Отпуск в сеть за отчётный период Тамбовэнерго' is: '2 195 554'

18-11-2024T10:37:48 - [MESSAGE][PASSED] - Text of object 'Object Repository/Выполнение бизнес-плана/Значения со страницы Выполнение бизнес-плана/План Отпуск в сеть за отчётный период Тамбовэнерго' is: '2 195 554'

18-11-2024T10:37:48 - [TEST_STEP][PASSED] - page = page.replaceAll("\s+", ""): null

18-11-2024T10:37:48 - [TEST_STEP][PASSED] - fileOtpuskVSet = otpusk.toInteger(): null

18-11-2024T10:37:48 - [TEST_STEP][PASSED] - pageOtpuskVSet = page.toInteger(): null

18-11-2024T10:37:48 - [TEST_STEP][PASSED] - typeOfData = typeOfDataMain + " Потери": null

18-11-2024T10:37:48 - [TEST_STEP][PASSED] - if (a == 82): null

18-11-2024T10:37:48 - [TEST_STEP][PASSED] - else if (a == 84): null

18-11-2024T10:37:48 - [TEST_STEP][PASSED] - else if (a == 52 || a == 72 || a == 28 || a == 73 || a == 77 || a == 74 || a == 65 || a == 36 || a == 44 || a == 53 || a == 80 || a == 54 || a == 1 || a == 18 || a == 59 || a == 81): null

18-11-2024T10:37:48 - [TEST_STEP][PASSED] - else: null

18-11-2024T10:37:48 - [TEST_STEP][PASSED] - path = dataFolder + typeOfData + " за отчётный период " + b: null

18-11-2024T10:37:48 - [TEST_STEP][PASSED] - page = getText(findTestObject(path)): Text of object 'Object Repository/Выполнение бизнес-плана/Значения со страницы Выполнение бизнес-плана/План Потери за отчётный период Тамбовэнерго' is: '191 492'

18-11-2024T10:37:48 - [MESSAGE][PASSED] - Text of object 'Object Repository/Выполнение бизнес-плана/Значения со страницы Выполнение бизнес-плана/План Потери за отчётный период Тамбовэнерго' is: '191 492'

18-11-2024T10:37:48 - [TEST_STEP][PASSED] - page = page.replaceAll("\s+", ""): null

18-11-2024T10:37:48 - [TEST_STEP][PASSED] - filePoteri = poteri.toInteger(): null

18-11-2024T10:37:48 - [TEST_STEP][PASSED] - pagePoteri = page.toInteger(): null

18-11-2024T10:37:48 - [TEST_STEP][PASSED] - compare = pageOtpuskVSet: null

18-11-2024T10:37:48 - [TEST_STEP][PASSED] - if (compare == fileOtpuskVSet): null

18-11-2024T10:37:48 - [TEST_STEP][PASSED] - if (compare == fileOtpuskVSet): null

18-11-2024T10:37:48 - [TEST_STEP][PASSED] - compare = pagePoteri: null

18-11-2024T10:37:48 - [TEST_STEP][PASSED] - if (compare == filePoteri): null

18-11-2024T10:37:48 - [TEST_STEP][PASSED] - if (compare == filePoteri): null

18-11-2024T10:37:48 - [TEST_STEP][PASSED] - if (planFact == 2): Object: 'Object Repository/Выполнение бизнес-плана/Кнопка Факт' is clicked on

18-11-2024T10:37:48 - [TEST_STEP][PASSED] - click(findTestObject("Выполнение бизнес-плана/Кнопка Факт")): Object: 'Object Repository/Выполнение бизнес-плана/Кнопка Факт' is clicked on

18-11-2024T10:37:49 - [MESSAGE][PASSED] - Object: 'Object Repository/Выполнение бизнес-плана/Кнопка Факт' is clicked on

18-11-2024T10:37:49 - [TEST_STEP][PASSED] - if (a == 84 || a == 82): null

18-11-2024T10:37:49 - [TEST_STEP][PASSED] - else if (a == 52 || a == 72 || a == 28 || a == 73 || a == 77 || a == 74 || a == 65 || a == 36 || a == 44 || a == 53 || a == 80 || a == 54 || a == 1 || a == 18 || a == 59 || a == 81): null

18-11-2024T10:37:49 - [TEST_STEP][PASSED] - else: null

18-11-2024T10:37:49 - [TEST_STEP][PASSED] - page1 = getText(findTestObject("Object Repository/Выполнение бизнес-плана/spanPlan" + filialNum)): Text of object 'Object Repository/Выполнение бизнес-плана/spanPlan13' is: '8.72
|'

18-11-2024T10:37:49 - [MESSAGE][PASSED] - Text of object 'Object Repository/Выполнение бизнес-плана/spanPlan13' is: '8.72
|'

18-11-2024T10:37:49 - [TEST_STEP][PASSED] - page1 = page1.replace("|", ""): null

18-11-2024T10:37:49 - [TEST_STEP][PASSED] - page2 = getText(findTestObject("Object Repository/Выполнение бизнес-плана/spanFact" + filialNum)): Text of object 'Object Repository/Выполнение бизнес-плана/spanFact13' is: '8.18
|'

18-11-2024T10:37:49 - [MESSAGE][PASSED] - Text of object 'Object Repository/Выполнение бизнес-плана/spanFact13' is: '8.18
|'

18-11-2024T10:37:49 - [TEST_STEP][PASSED] - page2 = page2.replace("|", ""): null

18-11-2024T10:37:49 - [TEST_STEP][PASSED] - println("page1: " + page1): null

18-11-2024T10:37:49 - [TEST_STEP][PASSED] - println("page2: " + page2): null

18-11-2024T10:37:49 - [TEST_STEP][PASSED] - file = findTestData("PlanFact").getValue(4, a): null

18-11-2024T10:37:49 - [TEST_STEP][PASSED] - file = file.replace(",", "."): null

18-11-2024T10:37:49 - [TEST_STEP][PASSED] - println("file Plan: " + file): null

18-11-2024T10:37:49 - [TEST_STEP][PASSED] - typeOfData = "План в процентах": null

18-11-2024T10:37:49 - [TEST_STEP][PASSED] - fileDouble = file.toDouble(): null

18-11-2024T10:37:49 - [TEST_STEP][PASSED] - pageDouble = page1.toDouble(): null

18-11-2024T10:37:49 - [TEST_STEP][PASSED] - if (fileDouble != pageDouble): null

18-11-2024T10:37:49 - [TEST_STEP][PASSED] - file = findTestData("PlanFact").getValue(7, a): null

18-11-2024T10:37:49 - [TEST_STEP][PASSED] - file = file.replace(",", "."): null

18-11-2024T10:37:49 - [TEST_STEP][PASSED] - println("file Fact: " + file): null

18-11-2024T10:37:49 - [TEST_STEP][PASSED] - fileDouble = file.toDouble(): null

18-11-2024T10:37:49 - [TEST_STEP][PASSED] - typeOfData = "Факт в процентах": null

18-11-2024T10:37:49 - [TEST_STEP][PASSED] - fileDouble = file.toDouble(): null

18-11-2024T10:37:49 - [TEST_STEP][PASSED] - pageDouble = page2.toDouble(): null

18-11-2024T10:37:49 - [TEST_STEP][PASSED] - if (fileDouble != pageDouble): null

18-11-2024T10:37:49 - [TEST_STEP][PASSED] - if (verifyEqual(numberOfErrors, 0) == false): Actual object '0' and expected object '0' are equal

18-11-2024T10:37:49 - [MESSAGE][PASSED] - Actual object '0' and expected object '0' are equal

18-11-2024T10:37:49 - [TEST_STEP][PASSED] - if (a == 82): null

18-11-2024T10:37:49 - [TEST_STEP][PASSED] - dZO = "Тверьэнерго": null

18-11-2024T10:37:49 - [TEST_STEP][PASSED] - a = 11: null

18-11-2024T10:37:49 - [TEST_STEP][PASSED] - if (x2.contains(dZO)): null

18-11-2024T10:37:49 - [TEST_STEP][PASSED] - filialNum = filialNum + 1: null

18-11-2024T10:37:49 - [TEST_STEP][PASSED] - Script1718980020443.Numbers(a, typeOfData, todaysDate, pageInt, fileInt, pageDouble, fileDouble, dZO, dzoNum, filialNum): null

18-11-2024T10:37:49 - [TEST_STEP][PASSED] - println(dzoNum): null

18-11-2024T10:37:49 - [TEST_STEP][PASSED] - planFact = <not implemented yet for class: org.codehaus.groovy.ast.expr.EmptyExpression>: null

18-11-2024T10:37:49 - [TEST_STEP][PASSED] - page = <not implemented yet for class: org.codehaus.groovy.ast.expr.EmptyExpression>: null

18-11-2024T10:37:49 - [TEST_STEP][PASSED] - page1 = <not implemented yet for class: org.codehaus.groovy.ast.expr.EmptyExpression>: null

18-11-2024T10:37:49 - [TEST_STEP][PASSED] - page2 = <not implemented yet for class: org.codehaus.groovy.ast.expr.EmptyExpression>: null

18-11-2024T10:37:49 - [TEST_STEP][PASSED] - filialNumberInRow = <not implemented yet for class: org.codehaus.groovy.ast.expr.EmptyExpression>: null

18-11-2024T10:37:49 - [TEST_STEP][PASSED] - filialsDzoNames = <not implemented yet for class: org.codehaus.groovy.ast.expr.EmptyExpression>: null

18-11-2024T10:37:49 - [TEST_STEP][PASSED] - numberOfFilials = <not implemented yet for class: org.codehaus.groovy.ast.expr.EmptyExpression>: null

18-11-2024T10:37:49 - [TEST_STEP][PASSED] - numberOfSpaces = <not implemented yet for class: org.codehaus.groovy.ast.expr.EmptyExpression>: null

18-11-2024T10:37:49 - [TEST_STEP][PASSED] - file = <not implemented yet for class: org.codehaus.groovy.ast.expr.EmptyExpression>: null

18-11-2024T10:37:49 - [TEST_STEP][PASSED] - otpusk = <not implemented yet for class: org.codehaus.groovy.ast.expr.EmptyExpression>: null

18-11-2024T10:37:49 - [TEST_STEP][PASSED] - poteri = <not implemented yet for class: org.codehaus.groovy.ast.expr.EmptyExpression>: null

18-11-2024T10:37:49 - [TEST_STEP][PASSED] - dataFolder = "Выполнение бизнес-плана/Значения со страницы Выполнение бизнес-плана/": null

18-11-2024T10:37:49 - [TEST_STEP][PASSED] - path = <not implemented yet for class: org.codehaus.groovy.ast.expr.EmptyExpression>: null

18-11-2024T10:37:49 - [TEST_STEP][PASSED] - typeOfDataMain = <not implemented yet for class: org.codehaus.groovy.ast.expr.EmptyExpression>: null

18-11-2024T10:37:49 - [TEST_STEP][PASSED] - fileOtpuskVSet = <not implemented yet for class: org.codehaus.groovy.ast.expr.EmptyExpression>: null

18-11-2024T10:37:49 - [TEST_STEP][PASSED] - pageOtpuskVSet = <not implemented yet for class: org.codehaus.groovy.ast.expr.EmptyExpression>: null

18-11-2024T10:37:49 - [TEST_STEP][PASSED] - filePoteri = <not implemented yet for class: org.codehaus.groovy.ast.expr.EmptyExpression>: null

18-11-2024T10:37:49 - [TEST_STEP][PASSED] - pagePoteri = <not implemented yet for class: org.codehaus.groovy.ast.expr.EmptyExpression>: null

18-11-2024T10:37:49 - [TEST_STEP][PASSED] - compare = <not implemented yet for class: org.codehaus.groovy.ast.expr.EmptyExpression>: null

18-11-2024T10:37:49 - [TEST_STEP][PASSED] - b = <not implemented yet for class: org.codehaus.groovy.ast.expr.EmptyExpression>: null

18-11-2024T10:37:49 - [TEST_STEP][PASSED] - i = <not implemented yet for class: org.codehaus.groovy.ast.expr.EmptyExpression>: null

18-11-2024T10:37:49 - [TEST_STEP][PASSED] - ii = <not implemented yet for class: org.codehaus.groovy.ast.expr.EmptyExpression>: null

18-11-2024T10:37:49 - [TEST_STEP][PASSED] - c = <not implemented yet for class: org.codehaus.groovy.ast.expr.EmptyExpression>: null

18-11-2024T10:37:49 - [TEST_STEP][PASSED] - numberOfErrors = 0: null

18-11-2024T10:37:49 - [TEST_STEP][PASSED] - if (a == 82): null

18-11-2024T10:37:49 - [TEST_STEP][PASSED] - b = findTestData("PlanFact").getValue(1, a): null

18-11-2024T10:37:49 - [TEST_STEP][PASSED] - i = b.indexOf(" (ГК)"): null

18-11-2024T10:37:49 - [TEST_STEP][PASSED] - if (i > -1): null

18-11-2024T10:37:49 - [TEST_STEP][PASSED] - i = b.indexOf("О ""): null

18-11-2024T10:37:49 - [TEST_STEP][PASSED] - if (i > -1): null

18-11-2024T10:37:49 - [TEST_STEP][PASSED] - i = b.indexOf("О «"): null

18-11-2024T10:37:49 - [TEST_STEP][PASSED] - if (i > -1): null

18-11-2024T10:37:49 - [TEST_STEP][PASSED] - i = b.indexOf("г. "): null

18-11-2024T10:37:49 - [TEST_STEP][PASSED] - if (i > -1): null

18-11-2024T10:37:49 - [TEST_STEP][PASSED] - println(b): null

18-11-2024T10:37:49 - [TEST_STEP][PASSED] - for ([planFact = 1, planFact < 3, (planFact++)]): null

18-11-2024T10:37:49 - [TEST_STEP][PASSED] - if (planFact == 1): null

18-11-2024T10:37:49 - [TEST_STEP][PASSED] - typeOfDataMain = "Факт": null

18-11-2024T10:37:49 - [TEST_STEP][PASSED] - otpusk = findTestData("PlanFact").getValue(5, a): null

18-11-2024T10:37:49 - [TEST_STEP][PASSED] - poteri = findTestData("PlanFact").getValue(6, a): null

18-11-2024T10:37:49 - [TEST_STEP][PASSED] - otpusk = otpusk.replaceAll("\s+", ""): null

18-11-2024T10:37:49 - [TEST_STEP][PASSED] - poteri = poteri.replaceAll("\s+", ""): null

18-11-2024T10:37:49 - [TEST_STEP][PASSED] - typeOfData = typeOfDataMain + " Отпуск в сеть": null

18-11-2024T10:37:49 - [TEST_STEP][PASSED] - if (a == 82): null

18-11-2024T10:37:49 - [TEST_STEP][PASSED] - else if (a == 84): null

18-11-2024T10:37:49 - [TEST_STEP][PASSED] - else if (a == 52 || a == 72 || a == 28 || a == 73 || a == 77 || a == 74 || a == 65 || a == 36 || a == 44 || a == 53 || a == 80 || a == 54 || a == 1 || a == 18 || a == 59 || a == 81): null

18-11-2024T10:37:49 - [TEST_STEP][PASSED] - else: null

18-11-2024T10:37:49 - [TEST_STEP][PASSED] - path = dataFolder + typeOfData + " за отчётный период " + b: null

18-11-2024T10:37:49 - [TEST_STEP][PASSED] - println(path): null

18-11-2024T10:37:49 - [TEST_STEP][PASSED] - page = getText(findTestObject(path)): Text of object 'Object Repository/Выполнение бизнес-плана/Значения со страницы Выполнение бизнес-плана/Факт Отпуск в сеть за отчётный период Тверьэнерго' is: '3 880 878'

18-11-2024T10:37:50 - [MESSAGE][PASSED] - Text of object 'Object Repository/Выполнение бизнес-плана/Значения со страницы Выполнение бизнес-плана/Факт Отпуск в сеть за отчётный период Тверьэнерго' is: '3 880 878'

18-11-2024T10:37:50 - [TEST_STEP][PASSED] - page = page.replaceAll("\s+", ""): null

18-11-2024T10:37:50 - [TEST_STEP][PASSED] - fileOtpuskVSet = otpusk.toInteger(): null

18-11-2024T10:37:50 - [TEST_STEP][PASSED] - pageOtpuskVSet = page.toInteger(): null

18-11-2024T10:37:50 - [TEST_STEP][PASSED] - typeOfData = typeOfDataMain + " Потери": null

18-11-2024T10:37:50 - [TEST_STEP][PASSED] - if (a == 82): null

18-11-2024T10:37:50 - [TEST_STEP][PASSED] - else if (a == 84): null

18-11-2024T10:37:50 - [TEST_STEP][PASSED] - else if (a == 52 || a == 72 || a == 28 || a == 73 || a == 77 || a == 74 || a == 65 || a == 36 || a == 44 || a == 53 || a == 80 || a == 54 || a == 1 || a == 18 || a == 59 || a == 81): null

18-11-2024T10:37:50 - [TEST_STEP][PASSED] - else: null

18-11-2024T10:37:50 - [TEST_STEP][PASSED] - path = dataFolder + typeOfData + " за отчётный период " + b: null

18-11-2024T10:37:50 - [TEST_STEP][PASSED] - page = getText(findTestObject(path)): Text of object 'Object Repository/Выполнение бизнес-плана/Значения со страницы Выполнение бизнес-плана/Факт Потери за отчётный период Тверьэнерго' is: '500 811'

18-11-2024T10:37:50 - [MESSAGE][PASSED] - Text of object 'Object Repository/Выполнение бизнес-плана/Значения со страницы Выполнение бизнес-плана/Факт Потери за отчётный период Тверьэнерго' is: '500 811'

18-11-2024T10:37:50 - [TEST_STEP][PASSED] - page = page.replaceAll("\s+", ""): null

18-11-2024T10:37:50 - [TEST_STEP][PASSED] - filePoteri = poteri.toInteger(): null

18-11-2024T10:37:50 - [TEST_STEP][PASSED] - pagePoteri = page.toInteger(): null

18-11-2024T10:37:50 - [TEST_STEP][PASSED] - compare = pageOtpuskVSet: null

18-11-2024T10:37:50 - [TEST_STEP][PASSED] - if (compare == fileOtpuskVSet): null

18-11-2024T10:37:50 - [TEST_STEP][PASSED] - else if (compare > fileOtpuskVSet): null

18-11-2024T10:37:50 - [TEST_STEP][PASSED] - else if (compare < fileOtpuskVSet): null

18-11-2024T10:37:50 - [TEST_STEP][PASSED] - compare = compare + 1: null

18-11-2024T10:37:50 - [TEST_STEP][PASSED] - if (compare == fileOtpuskVSet): null

18-11-2024T10:37:50 - [TEST_STEP][PASSED] - else: null

18-11-2024T10:37:50 - [TEST_STEP][PASSED] - numberOfErrors = numberOfErrors + 1: null

18-11-2024T10:37:50 - [TEST_STEP][PASSED] - pageInt = pageOtpuskVSet: null

18-11-2024T10:37:50 - [TEST_STEP][PASSED] - fileInt = fileOtpuskVSet: null

18-11-2024T10:37:50 - [TEST_STEP][PASSED] - typeOfData = typeOfDataMain + " Отпуск в сеть": null

18-11-2024T10:37:50 - [TEST_STEP][PASSED] - Script1718980020443.WriteToExcel(a, typeOfData, todaysDate, pageInt, fileInt, pageDouble, fileDouble, dZO): null

18-11-2024T10:37:50 - [TEST_STEP][PASSED] - sheetName = "Sheet1": null

18-11-2024T10:37:50 - [TEST_STEP][PASSED] - data = findTestData("PlanFact"): null

18-11-2024T10:37:50 - [TEST_STEP][PASSED] - n = data.getRowNumbers() + 1: null

18-11-2024T10:37:50 - [TEST_STEP][PASSED] - year = todaysDate.substring(todaysDate.length() - 4, todaysDate.length()): null

18-11-2024T10:37:50 - [TEST_STEP][PASSED] - y = year.toInteger(): null

18-11-2024T10:37:50 - [TEST_STEP][PASSED] - m = getText(findTestObject("Выполнение бизнес-плана/Период")): Text of object 'Object Repository/Выполнение бизнес-плана/Период' is: '1, 2, 3 кв. 2024 года'

18-11-2024T10:37:50 - [MESSAGE][PASSED] - Text of object 'Object Repository/Выполнение бизнес-плана/Период' is: '1, 2, 3 кв. 2024 года'

18-11-2024T10:37:50 - [TEST_STEP][PASSED] - m = m.substring(0, m.indexOf("2024")): null

18-11-2024T10:37:50 - [TEST_STEP][PASSED] - m = m.trim(): null

18-11-2024T10:37:50 - [TEST_STEP][PASSED] - dashboardName = "Выполнение бизнес-плана": null

18-11-2024T10:37:50 - [TEST_STEP][PASSED] - workbook01 = getWorkbook(excelFilePath): null

18-11-2024T10:37:51 - [TEST_STEP][PASSED] - sheet01 = getExcelSheet(workbook01, sheetName): null

18-11-2024T10:37:51 - [TEST_STEP][PASSED] - setValueToCellByIndex(sheet01, n, 0, dashboardName): null

18-11-2024T10:37:51 - [TEST_STEP][PASSED] - setValueToCellByIndex(sheet01, n, 1, dZO): null

18-11-2024T10:37:51 - [TEST_STEP][PASSED] - setValueToCellByIndex(sheet01, n, 2, typeOfData): null

18-11-2024T10:37:51 - [TEST_STEP][PASSED] - if (typeOfData == "Факт в процентах" || typeOfData == "План в процентах"): null

18-11-2024T10:37:51 - [TEST_STEP][PASSED] - else: null

18-11-2024T10:37:51 - [TEST_STEP][PASSED] - setValueToCellByIndex(sheet01, n, 3, fileInt): null

18-11-2024T10:37:51 - [TEST_STEP][PASSED] - setValueToCellByIndex(sheet01, n, 4, pageInt): null

18-11-2024T10:37:51 - [TEST_STEP][PASSED] - setValueToCellByIndex(sheet01, n, 5, m): null

18-11-2024T10:37:51 - [TEST_STEP][PASSED] - setValueToCellByIndex(sheet01, n, 6, y): null

18-11-2024T10:37:51 - [TEST_STEP][PASSED] - setValueToCellByIndex(sheet01, n, 7, todaysDate): null

18-11-2024T10:37:51 - [TEST_STEP][PASSED] - n = n + 1: null

18-11-2024T10:37:51 - [TEST_STEP][PASSED] - saveWorkbook(excelFilePath, workbook01): null

18-11-2024T10:37:51 - [TEST_STEP][PASSED] - compare = pagePoteri: null

18-11-2024T10:37:51 - [TEST_STEP][PASSED] - if (compare == filePoteri): null

18-11-2024T10:37:51 - [TEST_STEP][PASSED] - else if (compare > filePoteri): null

18-11-2024T10:37:51 - [TEST_STEP][PASSED] - else if (compare < filePoteri): null

18-11-2024T10:37:51 - [TEST_STEP][PASSED] - compare = compare + 1: null

18-11-2024T10:37:51 - [TEST_STEP][PASSED] - if (compare == filePoteri): null

18-11-2024T10:37:51 - [TEST_STEP][PASSED] - else: null

18-11-2024T10:37:51 - [TEST_STEP][PASSED] - numberOfErrors = numberOfErrors + 1: null

18-11-2024T10:37:51 - [TEST_STEP][PASSED] - pageInt = pagePoteri: null

18-11-2024T10:37:51 - [TEST_STEP][PASSED] - fileInt = filePoteri: null

18-11-2024T10:37:51 - [TEST_STEP][PASSED] - typeOfData = typeOfDataMain + " Потери": null

18-11-2024T10:37:51 - [TEST_STEP][PASSED] - Script1718980020443.WriteToExcel(a, typeOfData, todaysDate, pageInt, fileInt, pageDouble, fileDouble, dZO): null

18-11-2024T10:37:51 - [TEST_STEP][PASSED] - sheetName = "Sheet1": null

18-11-2024T10:37:51 - [TEST_STEP][PASSED] - data = findTestData("PlanFact"): null

18-11-2024T10:37:51 - [TEST_STEP][PASSED] - n = data.getRowNumbers() + 1: null

18-11-2024T10:37:51 - [TEST_STEP][PASSED] - year = todaysDate.substring(todaysDate.length() - 4, todaysDate.length()): null

18-11-2024T10:37:51 - [TEST_STEP][PASSED] - y = year.toInteger(): null

18-11-2024T10:37:51 - [TEST_STEP][PASSED] - m = getText(findTestObject("Выполнение бизнес-плана/Период")): Text of object 'Object Repository/Выполнение бизнес-плана/Период' is: '1, 2, 3 кв. 2024 года'

18-11-2024T10:37:51 - [MESSAGE][PASSED] - Text of object 'Object Repository/Выполнение бизнес-плана/Период' is: '1, 2, 3 кв. 2024 года'

18-11-2024T10:37:51 - [TEST_STEP][PASSED] - m = m.substring(0, m.indexOf("2024")): null

18-11-2024T10:37:51 - [TEST_STEP][PASSED] - m = m.trim(): null

18-11-2024T10:37:51 - [TEST_STEP][PASSED] - dashboardName = "Выполнение бизнес-плана": null

18-11-2024T10:37:51 - [TEST_STEP][PASSED] - workbook01 = getWorkbook(excelFilePath): null

18-11-2024T10:37:51 - [TEST_STEP][PASSED] - sheet01 = getExcelSheet(workbook01, sheetName): null

18-11-2024T10:37:51 - [TEST_STEP][PASSED] - setValueToCellByIndex(sheet01, n, 0, dashboardName): null

18-11-2024T10:37:51 - [TEST_STEP][PASSED] - setValueToCellByIndex(sheet01, n, 1, dZO): null

18-11-2024T10:37:51 - [TEST_STEP][PASSED] - setValueToCellByIndex(sheet01, n, 2, typeOfData): null

18-11-2024T10:37:51 - [TEST_STEP][PASSED] - if (typeOfData == "Факт в процентах" || typeOfData == "План в процентах"): null

18-11-2024T10:37:51 - [TEST_STEP][PASSED] - else: null

18-11-2024T10:37:51 - [TEST_STEP][PASSED] - setValueToCellByIndex(sheet01, n, 3, fileInt): null

18-11-2024T10:37:51 - [TEST_STEP][PASSED] - setValueToCellByIndex(sheet01, n, 4, pageInt): null

18-11-2024T10:37:51 - [TEST_STEP][PASSED] - setValueToCellByIndex(sheet01, n, 5, m): null

18-11-2024T10:37:51 - [TEST_STEP][PASSED] - setValueToCellByIndex(sheet01, n, 6, y): null

18-11-2024T10:37:51 - [TEST_STEP][PASSED] - setValueToCellByIndex(sheet01, n, 7, todaysDate): null

18-11-2024T10:37:51 - [TEST_STEP][PASSED] - n = n + 1: null

18-11-2024T10:37:51 - [TEST_STEP][PASSED] - saveWorkbook(excelFilePath, workbook01): null

18-11-2024T10:37:51 - [TEST_STEP][PASSED] - if (planFact == 2): null

18-11-2024T10:37:51 - [TEST_STEP][PASSED] - if (planFact == 1): null

18-11-2024T10:37:51 - [TEST_STEP][PASSED] - else if (planFact == 2): null

18-11-2024T10:37:51 - [TEST_STEP][PASSED] - click(findTestObject("Выполнение бизнес-плана/Кнопка План")): Object: 'Object Repository/Выполнение бизнес-плана/Кнопка План' is clicked on

18-11-2024T10:37:52 - [MESSAGE][PASSED] - Object: 'Object Repository/Выполнение бизнес-плана/Кнопка План' is clicked on

18-11-2024T10:37:52 - [TEST_STEP][PASSED] - typeOfDataMain = "План": null

18-11-2024T10:37:52 - [TEST_STEP][PASSED] - otpusk = findTestData("PlanFact").getValue(2, a): null

18-11-2024T10:37:52 - [TEST_STEP][PASSED] - poteri = findTestData("PlanFact").getValue(3, a): null

18-11-2024T10:37:52 - [TEST_STEP][PASSED] - otpusk = otpusk.replaceAll("\s+", ""): null

18-11-2024T10:37:52 - [TEST_STEP][PASSED] - poteri = poteri.replaceAll("\s+", ""): null

18-11-2024T10:37:52 - [TEST_STEP][PASSED] - typeOfData = typeOfDataMain + " Отпуск в сеть": null

18-11-2024T10:37:52 - [TEST_STEP][PASSED] - if (a == 82): null

18-11-2024T10:37:52 - [TEST_STEP][PASSED] - else if (a == 84): null

18-11-2024T10:37:52 - [TEST_STEP][PASSED] - else if (a == 52 || a == 72 || a == 28 || a == 73 || a == 77 || a == 74 || a == 65 || a == 36 || a == 44 || a == 53 || a == 80 || a == 54 || a == 1 || a == 18 || a == 59 || a == 81): null

18-11-2024T10:37:52 - [TEST_STEP][PASSED] - else: null

18-11-2024T10:37:52 - [TEST_STEP][PASSED] - path = dataFolder + typeOfData + " за отчётный период " + b: null

18-11-2024T10:37:52 - [TEST_STEP][PASSED] - println(path): null

18-11-2024T10:37:52 - [TEST_STEP][PASSED] - page = getText(findTestObject(path)): Text of object 'Object Repository/Выполнение бизнес-плана/Значения со страницы Выполнение бизнес-плана/План Отпуск в сеть за отчётный период Тверьэнерго' is: '3 756 188'

18-11-2024T10:37:52 - [MESSAGE][PASSED] - Text of object 'Object Repository/Выполнение бизнес-плана/Значения со страницы Выполнение бизнес-плана/План Отпуск в сеть за отчётный период Тверьэнерго' is: '3 756 188'

18-11-2024T10:37:52 - [TEST_STEP][PASSED] - page = page.replaceAll("\s+", ""): null

18-11-2024T10:37:52 - [TEST_STEP][PASSED] - fileOtpuskVSet = otpusk.toInteger(): null

18-11-2024T10:37:52 - [TEST_STEP][PASSED] - pageOtpuskVSet = page.toInteger(): null

18-11-2024T10:37:52 - [TEST_STEP][PASSED] - typeOfData = typeOfDataMain + " Потери": null

18-11-2024T10:37:52 - [TEST_STEP][PASSED] - if (a == 82): null

18-11-2024T10:37:52 - [TEST_STEP][PASSED] - else if (a == 84): null

18-11-2024T10:37:52 - [TEST_STEP][PASSED] - else if (a == 52 || a == 72 || a == 28 || a == 73 || a == 77 || a == 74 || a == 65 || a == 36 || a == 44 || a == 53 || a == 80 || a == 54 || a == 1 || a == 18 || a == 59 || a == 81): null

18-11-2024T10:37:52 - [TEST_STEP][PASSED] - else: null

18-11-2024T10:37:52 - [TEST_STEP][PASSED] - path = dataFolder + typeOfData + " за отчётный период " + b: null

18-11-2024T10:37:52 - [TEST_STEP][PASSED] - page = getText(findTestObject(path)): Text of object 'Object Repository/Выполнение бизнес-плана/Значения со страницы Выполнение бизнес-плана/План Потери за отчётный период Тверьэнерго' is: '496 983'

18-11-2024T10:37:52 - [MESSAGE][PASSED] - Text of object 'Object Repository/Выполнение бизнес-плана/Значения со страницы Выполнение бизнес-плана/План Потери за отчётный период Тверьэнерго' is: '496 983'

18-11-2024T10:37:52 - [TEST_STEP][PASSED] - page = page.replaceAll("\s+", ""): null

18-11-2024T10:37:52 - [TEST_STEP][PASSED] - filePoteri = poteri.toInteger(): null

18-11-2024T10:37:52 - [TEST_STEP][PASSED] - pagePoteri = page.toInteger(): null

18-11-2024T10:37:52 - [TEST_STEP][PASSED] - compare = pageOtpuskVSet: null

18-11-2024T10:37:52 - [TEST_STEP][PASSED] - if (compare == fileOtpuskVSet): null

18-11-2024T10:37:52 - [TEST_STEP][PASSED] - else if (compare > fileOtpuskVSet): null

18-11-2024T10:37:52 - [TEST_STEP][PASSED] - else if (compare < fileOtpuskVSet): null

18-11-2024T10:37:52 - [TEST_STEP][PASSED] - compare = compare + 1: null

18-11-2024T10:37:52 - [TEST_STEP][PASSED] - if (compare == fileOtpuskVSet): null

18-11-2024T10:37:52 - [TEST_STEP][PASSED] - else: null

18-11-2024T10:37:52 - [TEST_STEP][PASSED] - numberOfErrors = numberOfErrors + 1: null

18-11-2024T10:37:52 - [TEST_STEP][PASSED] - pageInt = pageOtpuskVSet: null

18-11-2024T10:37:52 - [TEST_STEP][PASSED] - fileInt = fileOtpuskVSet: null

18-11-2024T10:37:52 - [TEST_STEP][PASSED] - typeOfData = typeOfDataMain + " Отпуск в сеть": null

18-11-2024T10:37:52 - [TEST_STEP][PASSED] - Script1718980020443.WriteToExcel(a, typeOfData, todaysDate, pageInt, fileInt, pageDouble, fileDouble, dZO): null

18-11-2024T10:37:52 - [TEST_STEP][PASSED] - sheetName = "Sheet1": null

18-11-2024T10:37:52 - [TEST_STEP][PASSED] - data = findTestData("PlanFact"): null

18-11-2024T10:37:53 - [TEST_STEP][PASSED] - n = data.getRowNumbers() + 1: null

18-11-2024T10:37:53 - [TEST_STEP][PASSED] - year = todaysDate.substring(todaysDate.length() - 4, todaysDate.length()): null

18-11-2024T10:37:53 - [TEST_STEP][PASSED] - y = year.toInteger(): null

18-11-2024T10:37:53 - [TEST_STEP][PASSED] - m = getText(findTestObject("Выполнение бизнес-плана/Период")): Text of object 'Object Repository/Выполнение бизнес-плана/Период' is: '1, 2, 3 кв. 2024 года'

18-11-2024T10:37:53 - [MESSAGE][PASSED] - Text of object 'Object Repository/Выполнение бизнес-плана/Период' is: '1, 2, 3 кв. 2024 года'

18-11-2024T10:37:53 - [TEST_STEP][PASSED] - m = m.substring(0, m.indexOf("2024")): null

18-11-2024T10:37:53 - [TEST_STEP][PASSED] - m = m.trim(): null

18-11-2024T10:37:53 - [TEST_STEP][PASSED] - dashboardName = "Выполнение бизнес-плана": null

18-11-2024T10:37:53 - [TEST_STEP][PASSED] - workbook01 = getWorkbook(excelFilePath): null

18-11-2024T10:37:53 - [TEST_STEP][PASSED] - sheet01 = getExcelSheet(workbook01, sheetName): null

18-11-2024T10:37:53 - [TEST_STEP][PASSED] - setValueToCellByIndex(sheet01, n, 0, dashboardName): null

18-11-2024T10:37:53 - [TEST_STEP][PASSED] - setValueToCellByIndex(sheet01, n, 1, dZO): null

18-11-2024T10:37:53 - [TEST_STEP][PASSED] - setValueToCellByIndex(sheet01, n, 2, typeOfData): null

18-11-2024T10:37:53 - [TEST_STEP][PASSED] - if (typeOfData == "Факт в процентах" || typeOfData == "План в процентах"): null

18-11-2024T10:37:53 - [TEST_STEP][PASSED] - else: null

18-11-2024T10:37:53 - [TEST_STEP][PASSED] - setValueToCellByIndex(sheet01, n, 3, fileInt): null

18-11-2024T10:37:53 - [TEST_STEP][PASSED] - setValueToCellByIndex(sheet01, n, 4, pageInt): null

18-11-2024T10:37:53 - [TEST_STEP][PASSED] - setValueToCellByIndex(sheet01, n, 5, m): null

18-11-2024T10:37:53 - [TEST_STEP][PASSED] - setValueToCellByIndex(sheet01, n, 6, y): null

18-11-2024T10:37:53 - [TEST_STEP][PASSED] - setValueToCellByIndex(sheet01, n, 7, todaysDate): null

18-11-2024T10:37:53 - [TEST_STEP][PASSED] - n = n + 1: null

18-11-2024T10:37:53 - [TEST_STEP][PASSED] - saveWorkbook(excelFilePath, workbook01): null

18-11-2024T10:37:53 - [TEST_STEP][PASSED] - compare = pagePoteri: null

18-11-2024T10:37:53 - [TEST_STEP][PASSED] - if (compare == filePoteri): null

18-11-2024T10:37:53 - [TEST_STEP][PASSED] - else if (compare > filePoteri): null

18-11-2024T10:37:53 - [TEST_STEP][PASSED] - else if (compare < filePoteri): null

18-11-2024T10:37:53 - [TEST_STEP][PASSED] - compare = compare + 1: null

18-11-2024T10:37:53 - [TEST_STEP][PASSED] - if (compare == filePoteri): null

18-11-2024T10:37:53 - [TEST_STEP][PASSED] - else: null

18-11-2024T10:37:53 - [TEST_STEP][PASSED] - numberOfErrors = numberOfErrors + 1: null

18-11-2024T10:37:53 - [TEST_STEP][PASSED] - pageInt = pagePoteri: null

18-11-2024T10:37:53 - [TEST_STEP][PASSED] - fileInt = filePoteri: null

18-11-2024T10:37:53 - [TEST_STEP][PASSED] - typeOfData = typeOfDataMain + " Потери": null

18-11-2024T10:37:53 - [TEST_STEP][PASSED] - Script1718980020443.WriteToExcel(a, typeOfData, todaysDate, pageInt, fileInt, pageDouble, fileDouble, dZO): null

18-11-2024T10:37:53 - [TEST_STEP][PASSED] - sheetName = "Sheet1": null

18-11-2024T10:37:53 - [TEST_STEP][PASSED] - data = findTestData("PlanFact"): null

18-11-2024T10:37:53 - [TEST_STEP][PASSED] - n = data.getRowNumbers() + 1: null

18-11-2024T10:37:53 - [TEST_STEP][PASSED] - year = todaysDate.substring(todaysDate.length() - 4, todaysDate.length()): null

18-11-2024T10:37:53 - [TEST_STEP][PASSED] - y = year.toInteger(): null

18-11-2024T10:37:53 - [TEST_STEP][PASSED] - m = getText(findTestObject("Выполнение бизнес-плана/Период")): Text of object 'Object Repository/Выполнение бизнес-плана/Период' is: '1, 2, 3 кв. 2024 года'

18-11-2024T10:37:54 - [MESSAGE][PASSED] - Text of object 'Object Repository/Выполнение бизнес-плана/Период' is: '1, 2, 3 кв. 2024 года'

18-11-2024T10:37:54 - [TEST_STEP][PASSED] - m = m.substring(0, m.indexOf("2024")): null

18-11-2024T10:37:54 - [TEST_STEP][PASSED] - m = m.trim(): null

18-11-2024T10:37:54 - [TEST_STEP][PASSED] - dashboardName = "Выполнение бизнес-плана": null

18-11-2024T10:37:54 - [TEST_STEP][PASSED] - workbook01 = getWorkbook(excelFilePath): null

18-11-2024T10:37:54 - [TEST_STEP][PASSED] - sheet01 = getExcelSheet(workbook01, sheetName): null

18-11-2024T10:37:54 - [TEST_STEP][PASSED] - setValueToCellByIndex(sheet01, n, 0, dashboardName): null

18-11-2024T10:37:54 - [TEST_STEP][PASSED] - setValueToCellByIndex(sheet01, n, 1, dZO): null

18-11-2024T10:37:54 - [TEST_STEP][PASSED] - setValueToCellByIndex(sheet01, n, 2, typeOfData): null

18-11-2024T10:37:54 - [TEST_STEP][PASSED] - if (typeOfData == "Факт в процентах" || typeOfData == "План в процентах"): null

18-11-2024T10:37:54 - [TEST_STEP][PASSED] - else: null

18-11-2024T10:37:54 - [TEST_STEP][PASSED] - setValueToCellByIndex(sheet01, n, 3, fileInt): null

18-11-2024T10:37:54 - [TEST_STEP][PASSED] - setValueToCellByIndex(sheet01, n, 4, pageInt): null

18-11-2024T10:37:54 - [TEST_STEP][PASSED] - setValueToCellByIndex(sheet01, n, 5, m): null

18-11-2024T10:37:54 - [TEST_STEP][PASSED] - setValueToCellByIndex(sheet01, n, 6, y): null

18-11-2024T10:37:54 - [TEST_STEP][PASSED] - setValueToCellByIndex(sheet01, n, 7, todaysDate): null

18-11-2024T10:37:54 - [TEST_STEP][PASSED] - n = n + 1: null

18-11-2024T10:37:54 - [TEST_STEP][PASSED] - saveWorkbook(excelFilePath, workbook01): Object: 'Object Repository/Выполнение бизнес-плана/Кнопка Факт' is clicked on

18-11-2024T10:37:54 - [TEST_STEP][PASSED] - if (planFact == 2): Object: 'Object Repository/Выполнение бизнес-плана/Кнопка Факт' is clicked on

18-11-2024T10:37:54 - [TEST_STEP][PASSED] - click(findTestObject("Выполнение бизнес-плана/Кнопка Факт")): Object: 'Object Repository/Выполнение бизнес-плана/Кнопка Факт' is clicked on

18-11-2024T10:37:54 - [MESSAGE][PASSED] - Object: 'Object Repository/Выполнение бизнес-плана/Кнопка Факт' is clicked on

18-11-2024T10:37:54 - [TEST_STEP][PASSED] - if (a == 84 || a == 82): null

18-11-2024T10:37:54 - [TEST_STEP][PASSED] - else if (a == 52 || a == 72 || a == 28 || a == 73 || a == 77 || a == 74 || a == 65 || a == 36 || a == 44 || a == 53 || a == 80 || a == 54 || a == 1 || a == 18 || a == 59 || a == 81): null

18-11-2024T10:37:54 - [TEST_STEP][PASSED] - else: null

18-11-2024T10:37:54 - [TEST_STEP][PASSED] - page1 = getText(findTestObject("Object Repository/Выполнение бизнес-плана/spanPlan" + filialNum)): Text of object 'Object Repository/Выполнение бизнес-плана/spanPlan14' is: '13.23
|'

18-11-2024T10:37:54 - [MESSAGE][PASSED] - Text of object 'Object Repository/Выполнение бизнес-плана/spanPlan14' is: '13.23
|'

18-11-2024T10:37:54 - [TEST_STEP][PASSED] - page1 = page1.replace("|", ""): null

18-11-2024T10:37:54 - [TEST_STEP][PASSED] - page2 = getText(findTestObject("Object Repository/Выполнение бизнес-плана/spanFact" + filialNum)): Text of object 'Object Repository/Выполнение бизнес-плана/spanFact14' is: '12.90
|'

18-11-2024T10:37:55 - [MESSAGE][PASSED] - Text of object 'Object Repository/Выполнение бизнес-плана/spanFact14' is: '12.90
|'

18-11-2024T10:37:55 - [TEST_STEP][PASSED] - page2 = page2.replace("|", ""): null

18-11-2024T10:37:55 - [TEST_STEP][PASSED] - println("page1: " + page1): null

18-11-2024T10:37:55 - [TEST_STEP][PASSED] - println("page2: " + page2): null

18-11-2024T10:37:55 - [TEST_STEP][PASSED] - file = findTestData("PlanFact").getValue(4, a): null

18-11-2024T10:37:55 - [TEST_STEP][PASSED] - file = file.replace(",", "."): null

18-11-2024T10:37:55 - [TEST_STEP][PASSED] - println("file Plan: " + file): null

18-11-2024T10:37:55 - [TEST_STEP][PASSED] - typeOfData = "План в процентах": null

18-11-2024T10:37:55 - [TEST_STEP][PASSED] - fileDouble = file.toDouble(): null

18-11-2024T10:37:55 - [TEST_STEP][PASSED] - pageDouble = page1.toDouble(): null

18-11-2024T10:37:55 - [TEST_STEP][PASSED] - if (fileDouble != pageDouble): null

18-11-2024T10:37:55 - [TEST_STEP][PASSED] - numberOfErrors = numberOfErrors + 1: null

18-11-2024T10:37:55 - [TEST_STEP][PASSED] - Script1718980020443.WriteToExcel(a, typeOfData, todaysDate, pageInt, fileInt, pageDouble, fileDouble, dZO): null

18-11-2024T10:37:55 - [TEST_STEP][PASSED] - sheetName = "Sheet1": null

18-11-2024T10:37:55 - [TEST_STEP][PASSED] - data = findTestData("PlanFact"): null

18-11-2024T10:37:55 - [TEST_STEP][PASSED] - n = data.getRowNumbers() + 1: null

18-11-2024T10:37:55 - [TEST_STEP][PASSED] - year = todaysDate.substring(todaysDate.length() - 4, todaysDate.length()): null

18-11-2024T10:37:55 - [TEST_STEP][PASSED] - y = year.toInteger(): null

18-11-2024T10:37:55 - [TEST_STEP][PASSED] - m = getText(findTestObject("Выполнение бизнес-плана/Период")): Text of object 'Object Repository/Выполнение бизнес-плана/Период' is: '1, 2, 3 кв. 2024 года'

18-11-2024T10:37:55 - [MESSAGE][PASSED] - Text of object 'Object Repository/Выполнение бизнес-плана/Период' is: '1, 2, 3 кв. 2024 года'

18-11-2024T10:37:55 - [TEST_STEP][PASSED] - m = m.substring(0, m.indexOf("2024")): null

18-11-2024T10:37:55 - [TEST_STEP][PASSED] - m = m.trim(): null

18-11-2024T10:37:55 - [TEST_STEP][PASSED] - dashboardName = "Выполнение бизнес-плана": null

18-11-2024T10:37:55 - [TEST_STEP][PASSED] - workbook01 = getWorkbook(excelFilePath): null

18-11-2024T10:37:55 - [TEST_STEP][PASSED] - sheet01 = getExcelSheet(workbook01, sheetName): null

18-11-2024T10:37:55 - [TEST_STEP][PASSED] - setValueToCellByIndex(sheet01, n, 0, dashboardName): null

18-11-2024T10:37:55 - [TEST_STEP][PASSED] - setValueToCellByIndex(sheet01, n, 1, dZO): null

18-11-2024T10:37:55 - [TEST_STEP][PASSED] - setValueToCellByIndex(sheet01, n, 2, typeOfData): null

18-11-2024T10:37:55 - [TEST_STEP][PASSED] - if (typeOfData == "Факт в процентах" || typeOfData == "План в процентах"): null

18-11-2024T10:37:55 - [TEST_STEP][PASSED] - setValueToCellByIndex(sheet01, n, 3, fileDouble): null

18-11-2024T10:37:55 - [TEST_STEP][PASSED] - setValueToCellByIndex(sheet01, n, 4, pageDouble): null

18-11-2024T10:37:55 - [TEST_STEP][PASSED] - setValueToCellByIndex(sheet01, n, 5, m): null

18-11-2024T10:37:55 - [TEST_STEP][PASSED] - setValueToCellByIndex(sheet01, n, 6, y): null

18-11-2024T10:37:55 - [TEST_STEP][PASSED] - setValueToCellByIndex(sheet01, n, 7, todaysDate): null

18-11-2024T10:37:55 - [TEST_STEP][PASSED] - n = n + 1: null

18-11-2024T10:37:55 - [TEST_STEP][PASSED] - saveWorkbook(excelFilePath, workbook01): null

18-11-2024T10:37:55 - [TEST_STEP][PASSED] - file = findTestData("PlanFact").getValue(7, a): null

18-11-2024T10:37:56 - [TEST_STEP][PASSED] - file = file.replace(",", "."): null

18-11-2024T10:37:56 - [TEST_STEP][PASSED] - println("file Fact: " + file): null

18-11-2024T10:37:56 - [TEST_STEP][PASSED] - fileDouble = file.toDouble(): null

18-11-2024T10:37:56 - [TEST_STEP][PASSED] - typeOfData = "Факт в процентах": null

18-11-2024T10:37:56 - [TEST_STEP][PASSED] - fileDouble = file.toDouble(): null

18-11-2024T10:37:56 - [TEST_STEP][PASSED] - pageDouble = page2.toDouble(): null

18-11-2024T10:37:56 - [TEST_STEP][PASSED] - if (fileDouble != pageDouble): null

18-11-2024T10:37:56 - [TEST_STEP][PASSED] - numberOfErrors = numberOfErrors + 1: null

18-11-2024T10:37:56 - [TEST_STEP][PASSED] - Script1718980020443.WriteToExcel(a, typeOfData, todaysDate, pageInt, fileInt, pageDouble, fileDouble, dZO): null

18-11-2024T10:37:56 - [TEST_STEP][PASSED] - sheetName = "Sheet1": null

18-11-2024T10:37:56 - [TEST_STEP][PASSED] - data = findTestData("PlanFact"): null

18-11-2024T10:37:56 - [TEST_STEP][PASSED] - n = data.getRowNumbers() + 1: null

18-11-2024T10:37:56 - [TEST_STEP][PASSED] - year = todaysDate.substring(todaysDate.length() - 4, todaysDate.length()): null

18-11-2024T10:37:56 - [TEST_STEP][PASSED] - y = year.toInteger(): null

18-11-2024T10:37:56 - [TEST_STEP][PASSED] - m = getText(findTestObject("Выполнение бизнес-плана/Период")): Text of object 'Object Repository/Выполнение бизнес-плана/Период' is: '1, 2, 3 кв. 2024 года'

18-11-2024T10:37:56 - [MESSAGE][PASSED] - Text of object 'Object Repository/Выполнение бизнес-плана/Период' is: '1, 2, 3 кв. 2024 года'

18-11-2024T10:37:56 - [TEST_STEP][PASSED] - m = m.substring(0, m.indexOf("2024")): null

18-11-2024T10:37:56 - [TEST_STEP][PASSED] - m = m.trim(): null

18-11-2024T10:37:56 - [TEST_STEP][PASSED] - dashboardName = "Выполнение бизнес-плана": null

18-11-2024T10:37:56 - [TEST_STEP][PASSED] - workbook01 = getWorkbook(excelFilePath): null

18-11-2024T10:37:56 - [TEST_STEP][PASSED] - sheet01 = getExcelSheet(workbook01, sheetName): null

18-11-2024T10:37:56 - [TEST_STEP][PASSED] - setValueToCellByIndex(sheet01, n, 0, dashboardName): null

18-11-2024T10:37:56 - [TEST_STEP][PASSED] - setValueToCellByIndex(sheet01, n, 1, dZO): null

18-11-2024T10:37:56 - [TEST_STEP][PASSED] - setValueToCellByIndex(sheet01, n, 2, typeOfData): null

18-11-2024T10:37:56 - [TEST_STEP][PASSED] - if (typeOfData == "Факт в процентах" || typeOfData == "План в процентах"): null

18-11-2024T10:37:56 - [TEST_STEP][PASSED] - setValueToCellByIndex(sheet01, n, 3, fileDouble): null

18-11-2024T10:37:56 - [TEST_STEP][PASSED] - setValueToCellByIndex(sheet01, n, 4, pageDouble): null

18-11-2024T10:37:56 - [TEST_STEP][PASSED] - setValueToCellByIndex(sheet01, n, 5, m): null

18-11-2024T10:37:56 - [TEST_STEP][PASSED] - setValueToCellByIndex(sheet01, n, 6, y): null

18-11-2024T10:37:56 - [TEST_STEP][PASSED] - setValueToCellByIndex(sheet01, n, 7, todaysDate): null

18-11-2024T10:37:56 - [TEST_STEP][PASSED] - n = n + 1: null

18-11-2024T10:37:56 - [TEST_STEP][PASSED] - saveWorkbook(excelFilePath, workbook01): null

18-11-2024T10:37:56 - [TEST_STEP][FAILED] - if (verifyEqual(numberOfErrors, 0) == false): null

18-11-2024T10:37:56 - [MESSAGE][FAILED] - Unable to verify equal between actual object '6' and expected object '0' (Root cause: com.kms.katalon.core.exception.StepFailedException: Actual object '6' and expected object '0' are not equal
	at com.kms.katalon.core.keyword.builtin.VerifyEqualKeyword$_verifyEqual_closure1.doCall(VerifyEqualKeyword.groovy:58)
	at com.kms.katalon.core.keyword.builtin.VerifyEqualKeyword$_verifyEqual_closure1.call(VerifyEqualKeyword.groovy)
	at com.kms.katalon.core.keyword.internal.KeywordMain.runKeyword(KeywordMain.groovy:75)
	at com.kms.katalon.core.keyword.builtin.VerifyEqualKeyword.verifyEqual(VerifyEqualKeyword.groovy:63)
	at com.kms.katalon.core.keyword.builtin.VerifyEqualKeyword.execute(VerifyEqualKeyword.groovy:44)
	at com.kms.katalon.core.keyword.internal.KeywordExecutor.executeKeywordForPlatform(KeywordExecutor.groovy:74)
	at com.kms.katalon.core.keyword.BuiltinKeywords.verifyEqual(BuiltinKeywords.groovy:146)
	at jdk.internal.reflect.GeneratedMethodAccessor25.invoke(Unknown Source)
	at java.base/jdk.internal.reflect.DelegatingMethodAccessorImpl.invoke(DelegatingMethodAccessorImpl.java:43)
	at Выполнение бизнес-плана Сверка ПАО Россети все филиалы.Numbers(Выполнение бизнес-плана Сверка ПАО Россети все филиалы:740)
	at Выполнение бизнес-плана Сверка ПАО Россети все филиалы.Filials(Выполнение бизнес-плана Сверка ПАО Россети все филиалы:1321)
	at Выполнение бизнес-плана Сверка ПАО Россети все филиалы.Numbers(Выполнение бизнес-плана Сверка ПАО Россети все филиалы:745)
	at Выполнение бизнес-плана Сверка ПАО Россети все филиалы.run(Выполнение бизнес-плана Сверка ПАО Россети все филиалы:388)
	at com.kms.katalon.core.main.ScriptEngine.run(ScriptEngine.java:194)
	at com.kms.katalon.core.main.ScriptEngine.runScriptAsRawText(ScriptEngine.java:119)
	at com.kms.katalon.core.main.TestCaseExecutor.runScript(TestCaseExecutor.java:448)
	at com.kms.katalon.core.main.TestCaseExecutor.doExecute(TestCaseExecutor.java:439)
	at com.kms.katalon.core.main.TestCaseExecutor.processExecutionPhase(TestCaseExecutor.java:418)
	at com.kms.katalon.core.main.TestCaseExecutor.accessMainPhase(TestCaseExecutor.java:410)
	at com.kms.katalon.core.main.TestCaseExecutor.execute(TestCaseExecutor.java:285)
	at com.kms.katalon.core.common.CommonExecutor.accessTestCaseMainPhase(CommonExecutor.java:65)
	at com.kms.katalon.core.main.TestSuiteExecutor.accessTestSuiteMainPhase(TestSuiteExecutor.java:150)
	at com.kms.katalon.core.main.TestSuiteExecutor.execute(TestSuiteExecutor.java:106)
	at com.kms.katalon.core.main.TestCaseMain.startTestSuite(TestCaseMain.java:180)
	at TempTestSuite1731913737709.run(TempTestSuite1731913737709.groovy:35)
	at java.base/jdk.internal.reflect.NativeMethodAccessorImpl.invoke0(Native Method)
	at java.base/jdk.internal.reflect.NativeMethodAccessorImpl.invoke(NativeMethodAccessorImpl.java:77)
	at java.base/jdk.internal.reflect.DelegatingMethodAccessorImpl.invoke(DelegatingMethodAccessorImpl.java:43)
)

18-11-2024T10:37:56 - [TEST_STEP][PASSED] - println(numberOfErrors): null

18-11-2024T10:37:56 - [TEST_STEP][PASSED] - if (a == 28 || a == 77 || a == 74 || a == 65 || a == 36 || a == 44 || a == 54 || a == 1 || a == 18 || a == 59): null

18-11-2024T10:37:56 - [TEST_STEP][PASSED] - if (a == 82): null

18-11-2024T10:37:56 - [TEST_STEP][PASSED] - dZO = "Ярэнерго": null

18-11-2024T10:37:56 - [TEST_STEP][PASSED] - a = 12: null

18-11-2024T10:37:56 - [TEST_STEP][PASSED] - if (x2.contains(dZO)): null

18-11-2024T10:37:56 - [TEST_STEP][PASSED] - filialNum = filialNum + 1: null

18-11-2024T10:37:56 - [TEST_STEP][PASSED] - Script1718980020443.Numbers(a, typeOfData, todaysDate, pageInt, fileInt, pageDouble, fileDouble, dZO, dzoNum, filialNum): null

18-11-2024T10:37:56 - [TEST_STEP][PASSED] - println(dzoNum): null

18-11-2024T10:37:56 - [TEST_STEP][PASSED] - planFact = <not implemented yet for class: org.codehaus.groovy.ast.expr.EmptyExpression>: null

18-11-2024T10:37:56 - [TEST_STEP][PASSED] - page = <not implemented yet for class: org.codehaus.groovy.ast.expr.EmptyExpression>: null

18-11-2024T10:37:56 - [TEST_STEP][PASSED] - page1 = <not implemented yet for class: org.codehaus.groovy.ast.expr.EmptyExpression>: null

18-11-2024T10:37:56 - [TEST_STEP][PASSED] - page2 = <not implemented yet for class: org.codehaus.groovy.ast.expr.EmptyExpression>: null

18-11-2024T10:37:56 - [TEST_STEP][PASSED] - filialNumberInRow = <not implemented yet for class: org.codehaus.groovy.ast.expr.EmptyExpression>: null

18-11-2024T10:37:56 - [TEST_STEP][PASSED] - filialsDzoNames = <not implemented yet for class: org.codehaus.groovy.ast.expr.EmptyExpression>: null

18-11-2024T10:37:56 - [TEST_STEP][PASSED] - numberOfFilials = <not implemented yet for class: org.codehaus.groovy.ast.expr.EmptyExpression>: null

18-11-2024T10:37:56 - [TEST_STEP][PASSED] - numberOfSpaces = <not implemented yet for class: org.codehaus.groovy.ast.expr.EmptyExpression>: null

18-11-2024T10:37:56 - [TEST_STEP][PASSED] - file = <not implemented yet for class: org.codehaus.groovy.ast.expr.EmptyExpression>: null

18-11-2024T10:37:56 - [TEST_STEP][PASSED] - otpusk = <not implemented yet for class: org.codehaus.groovy.ast.expr.EmptyExpression>: null

18-11-2024T10:37:56 - [TEST_STEP][PASSED] - poteri = <not implemented yet for class: org.codehaus.groovy.ast.expr.EmptyExpression>: null

18-11-2024T10:37:56 - [TEST_STEP][PASSED] - dataFolder = "Выполнение бизнес-плана/Значения со страницы Выполнение бизнес-плана/": null

18-11-2024T10:37:56 - [TEST_STEP][PASSED] - path = <not implemented yet for class: org.codehaus.groovy.ast.expr.EmptyExpression>: null

18-11-2024T10:37:56 - [TEST_STEP][PASSED] - typeOfDataMain = <not implemented yet for class: org.codehaus.groovy.ast.expr.EmptyExpression>: null

18-11-2024T10:37:56 - [TEST_STEP][PASSED] - fileOtpuskVSet = <not implemented yet for class: org.codehaus.groovy.ast.expr.EmptyExpression>: null

18-11-2024T10:37:56 - [TEST_STEP][PASSED] - pageOtpuskVSet = <not implemented yet for class: org.codehaus.groovy.ast.expr.EmptyExpression>: null

18-11-2024T10:37:56 - [TEST_STEP][PASSED] - filePoteri = <not implemented yet for class: org.codehaus.groovy.ast.expr.EmptyExpression>: null

18-11-2024T10:37:56 - [TEST_STEP][PASSED] - pagePoteri = <not implemented yet for class: org.codehaus.groovy.ast.expr.EmptyExpression>: null

18-11-2024T10:37:56 - [TEST_STEP][PASSED] - compare = <not implemented yet for class: org.codehaus.groovy.ast.expr.EmptyExpression>: null

18-11-2024T10:37:56 - [TEST_STEP][PASSED] - b = <not implemented yet for class: org.codehaus.groovy.ast.expr.EmptyExpression>: null

18-11-2024T10:37:56 - [TEST_STEP][PASSED] - i = <not implemented yet for class: org.codehaus.groovy.ast.expr.EmptyExpression>: null

18-11-2024T10:37:56 - [TEST_STEP][PASSED] - ii = <not implemented yet for class: org.codehaus.groovy.ast.expr.EmptyExpression>: null

18-11-2024T10:37:56 - [TEST_STEP][PASSED] - c = <not implemented yet for class: org.codehaus.groovy.ast.expr.EmptyExpression>: null

18-11-2024T10:37:56 - [TEST_STEP][PASSED] - numberOfErrors = 0: null

18-11-2024T10:37:56 - [TEST_STEP][PASSED] - if (a == 82): null

18-11-2024T10:37:56 - [TEST_STEP][PASSED] - b = findTestData("PlanFact").getValue(1, a): null

18-11-2024T10:37:56 - [TEST_STEP][PASSED] - i = b.indexOf(" (ГК)"): null

18-11-2024T10:37:56 - [TEST_STEP][PASSED] - if (i > -1): null

18-11-2024T10:37:56 - [TEST_STEP][PASSED] - i = b.indexOf("О ""): null

18-11-2024T10:37:56 - [TEST_STEP][PASSED] - if (i > -1): null

18-11-2024T10:37:56 - [TEST_STEP][PASSED] - i = b.indexOf("О «"): null

18-11-2024T10:37:56 - [TEST_STEP][PASSED] - if (i > -1): null

18-11-2024T10:37:56 - [TEST_STEP][PASSED] - i = b.indexOf("г. "): null

18-11-2024T10:37:56 - [TEST_STEP][PASSED] - if (i > -1): null

18-11-2024T10:37:56 - [TEST_STEP][PASSED] - println(b): null

18-11-2024T10:37:56 - [TEST_STEP][PASSED] - for ([planFact = 1, planFact < 3, (planFact++)]): Object: 'Object Repository/Выполнение бизнес-плана/Кнопка Факт' is clicked on

18-11-2024T10:37:56 - [TEST_STEP][PASSED] - if (planFact == 1): null

18-11-2024T10:37:56 - [TEST_STEP][PASSED] - typeOfDataMain = "Факт": null

18-11-2024T10:37:56 - [TEST_STEP][PASSED] - otpusk = findTestData("PlanFact").getValue(5, a): null

18-11-2024T10:37:56 - [TEST_STEP][PASSED] - poteri = findTestData("PlanFact").getValue(6, a): null

18-11-2024T10:37:56 - [TEST_STEP][PASSED] - otpusk = otpusk.replaceAll("\s+", ""): null

18-11-2024T10:37:56 - [TEST_STEP][PASSED] - poteri = poteri.replaceAll("\s+", ""): null

18-11-2024T10:37:56 - [TEST_STEP][PASSED] - typeOfData = typeOfDataMain + " Отпуск в сеть": null

18-11-2024T10:37:56 - [TEST_STEP][PASSED] - if (a == 82): null

18-11-2024T10:37:56 - [TEST_STEP][PASSED] - else if (a == 84): null

18-11-2024T10:37:56 - [TEST_STEP][PASSED] - else if (a == 52 || a == 72 || a == 28 || a == 73 || a == 77 || a == 74 || a == 65 || a == 36 || a == 44 || a == 53 || a == 80 || a == 54 || a == 1 || a == 18 || a == 59 || a == 81): null

18-11-2024T10:37:56 - [TEST_STEP][PASSED] - else: null

18-11-2024T10:37:56 - [TEST_STEP][PASSED] - path = dataFolder + typeOfData + " за отчётный период " + b: null

18-11-2024T10:37:56 - [TEST_STEP][PASSED] - println(path): null

18-11-2024T10:37:56 - [TEST_STEP][PASSED] - page = getText(findTestObject(path)): Text of object 'Object Repository/Выполнение бизнес-плана/Значения со страницы Выполнение бизнес-плана/Факт Отпуск в сеть за отчётный период Ярэнерго' is: '5 259 905'

18-11-2024T10:37:57 - [MESSAGE][PASSED] - Text of object 'Object Repository/Выполнение бизнес-плана/Значения со страницы Выполнение бизнес-плана/Факт Отпуск в сеть за отчётный период Ярэнерго' is: '5 259 905'

18-11-2024T10:37:57 - [TEST_STEP][PASSED] - page = page.replaceAll("\s+", ""): null

18-11-2024T10:37:57 - [TEST_STEP][PASSED] - fileOtpuskVSet = otpusk.toInteger(): null

18-11-2024T10:37:57 - [TEST_STEP][PASSED] - pageOtpuskVSet = page.toInteger(): null

18-11-2024T10:37:57 - [TEST_STEP][PASSED] - typeOfData = typeOfDataMain + " Потери": null

18-11-2024T10:37:57 - [TEST_STEP][PASSED] - if (a == 82): null

18-11-2024T10:37:57 - [TEST_STEP][PASSED] - else if (a == 84): null

18-11-2024T10:37:57 - [TEST_STEP][PASSED] - else if (a == 52 || a == 72 || a == 28 || a == 73 || a == 77 || a == 74 || a == 65 || a == 36 || a == 44 || a == 53 || a == 80 || a == 54 || a == 1 || a == 18 || a == 59 || a == 81): null

18-11-2024T10:37:57 - [TEST_STEP][PASSED] - else: null

18-11-2024T10:37:57 - [TEST_STEP][PASSED] - path = dataFolder + typeOfData + " за отчётный период " + b: null

18-11-2024T10:37:57 - [TEST_STEP][PASSED] - page = getText(findTestObject(path)): Text of object 'Object Repository/Выполнение бизнес-плана/Значения со страницы Выполнение бизнес-плана/Факт Потери за отчётный период Ярэнерго' is: '428 321'

18-11-2024T10:37:57 - [MESSAGE][PASSED] - Text of object 'Object Repository/Выполнение бизнес-плана/Значения со страницы Выполнение бизнес-плана/Факт Потери за отчётный период Ярэнерго' is: '428 321'

18-11-2024T10:37:57 - [TEST_STEP][PASSED] - page = page.replaceAll("\s+", ""): null

18-11-2024T10:37:57 - [TEST_STEP][PASSED] - filePoteri = poteri.toInteger(): null

18-11-2024T10:37:57 - [TEST_STEP][PASSED] - pagePoteri = page.toInteger(): null

18-11-2024T10:37:57 - [TEST_STEP][PASSED] - compare = pageOtpuskVSet: null

18-11-2024T10:37:57 - [TEST_STEP][PASSED] - if (compare == fileOtpuskVSet): null

18-11-2024T10:37:57 - [TEST_STEP][PASSED] - if (compare == fileOtpuskVSet): null

18-11-2024T10:37:57 - [TEST_STEP][PASSED] - compare = pagePoteri: null

18-11-2024T10:37:57 - [TEST_STEP][PASSED] - if (compare == filePoteri): null

18-11-2024T10:37:57 - [TEST_STEP][PASSED] - if (compare == filePoteri): null

18-11-2024T10:37:57 - [TEST_STEP][PASSED] - if (planFact == 2): null

18-11-2024T10:37:57 - [TEST_STEP][PASSED] - if (planFact == 1): null

18-11-2024T10:37:57 - [TEST_STEP][PASSED] - else if (planFact == 2): null

18-11-2024T10:37:57 - [TEST_STEP][PASSED] - click(findTestObject("Выполнение бизнес-плана/Кнопка План")): Object: 'Object Repository/Выполнение бизнес-плана/Кнопка План' is clicked on

18-11-2024T10:37:57 - [MESSAGE][PASSED] - Object: 'Object Repository/Выполнение бизнес-плана/Кнопка План' is clicked on

18-11-2024T10:37:57 - [TEST_STEP][PASSED] - typeOfDataMain = "План": null

18-11-2024T10:37:57 - [TEST_STEP][PASSED] - otpusk = findTestData("PlanFact").getValue(2, a): null

18-11-2024T10:37:57 - [TEST_STEP][PASSED] - poteri = findTestData("PlanFact").getValue(3, a): null

18-11-2024T10:37:57 - [TEST_STEP][PASSED] - otpusk = otpusk.replaceAll("\s+", ""): null

18-11-2024T10:37:57 - [TEST_STEP][PASSED] - poteri = poteri.replaceAll("\s+", ""): null

18-11-2024T10:37:57 - [TEST_STEP][PASSED] - typeOfData = typeOfDataMain + " Отпуск в сеть": null

18-11-2024T10:37:57 - [TEST_STEP][PASSED] - if (a == 82): null

18-11-2024T10:37:57 - [TEST_STEP][PASSED] - else if (a == 84): null

18-11-2024T10:37:57 - [TEST_STEP][PASSED] - else if (a == 52 || a == 72 || a == 28 || a == 73 || a == 77 || a == 74 || a == 65 || a == 36 || a == 44 || a == 53 || a == 80 || a == 54 || a == 1 || a == 18 || a == 59 || a == 81): null

18-11-2024T10:37:57 - [TEST_STEP][PASSED] - else: null

18-11-2024T10:37:57 - [TEST_STEP][PASSED] - path = dataFolder + typeOfData + " за отчётный период " + b: null

18-11-2024T10:37:57 - [TEST_STEP][PASSED] - println(path): null

18-11-2024T10:37:57 - [TEST_STEP][PASSED] - page = getText(findTestObject(path)): Text of object 'Object Repository/Выполнение бизнес-плана/Значения со страницы Выполнение бизнес-плана/План Отпуск в сеть за отчётный период Ярэнерго' is: '4 975 014'

18-11-2024T10:37:58 - [MESSAGE][PASSED] - Text of object 'Object Repository/Выполнение бизнес-плана/Значения со страницы Выполнение бизнес-плана/План Отпуск в сеть за отчётный период Ярэнерго' is: '4 975 014'

18-11-2024T10:37:58 - [TEST_STEP][PASSED] - page = page.replaceAll("\s+", ""): null

18-11-2024T10:37:58 - [TEST_STEP][PASSED] - fileOtpuskVSet = otpusk.toInteger(): null

18-11-2024T10:37:58 - [TEST_STEP][PASSED] - pageOtpuskVSet = page.toInteger(): null

18-11-2024T10:37:58 - [TEST_STEP][PASSED] - typeOfData = typeOfDataMain + " Потери": null

18-11-2024T10:37:58 - [TEST_STEP][PASSED] - if (a == 82): null

18-11-2024T10:37:58 - [TEST_STEP][PASSED] - else if (a == 84): null

18-11-2024T10:37:58 - [TEST_STEP][PASSED] - else if (a == 52 || a == 72 || a == 28 || a == 73 || a == 77 || a == 74 || a == 65 || a == 36 || a == 44 || a == 53 || a == 80 || a == 54 || a == 1 || a == 18 || a == 59 || a == 81): null

18-11-2024T10:37:58 - [TEST_STEP][PASSED] - else: null

18-11-2024T10:37:58 - [TEST_STEP][PASSED] - path = dataFolder + typeOfData + " за отчётный период " + b: null

18-11-2024T10:37:58 - [TEST_STEP][PASSED] - page = getText(findTestObject(path)): Text of object 'Object Repository/Выполнение бизнес-плана/Значения со страницы Выполнение бизнес-плана/План Потери за отчётный период Ярэнерго' is: '430 228'

18-11-2024T10:37:58 - [MESSAGE][PASSED] - Text of object 'Object Repository/Выполнение бизнес-плана/Значения со страницы Выполнение бизнес-плана/План Потери за отчётный период Ярэнерго' is: '430 228'

18-11-2024T10:37:58 - [TEST_STEP][PASSED] - page = page.replaceAll("\s+", ""): null

18-11-2024T10:37:58 - [TEST_STEP][PASSED] - filePoteri = poteri.toInteger(): null

18-11-2024T10:37:58 - [TEST_STEP][PASSED] - pagePoteri = page.toInteger(): null

18-11-2024T10:37:58 - [TEST_STEP][PASSED] - compare = pageOtpuskVSet: null

18-11-2024T10:37:58 - [TEST_STEP][PASSED] - if (compare == fileOtpuskVSet): null

18-11-2024T10:37:58 - [TEST_STEP][PASSED] - if (compare == fileOtpuskVSet): null

18-11-2024T10:37:58 - [TEST_STEP][PASSED] - compare = pagePoteri: null

18-11-2024T10:37:58 - [TEST_STEP][PASSED] - if (compare == filePoteri): null

18-11-2024T10:37:58 - [TEST_STEP][PASSED] - if (compare == filePoteri): null

18-11-2024T10:37:58 - [TEST_STEP][PASSED] - if (planFact == 2): Object: 'Object Repository/Выполнение бизнес-плана/Кнопка Факт' is clicked on

18-11-2024T10:37:58 - [TEST_STEP][PASSED] - click(findTestObject("Выполнение бизнес-плана/Кнопка Факт")): Object: 'Object Repository/Выполнение бизнес-плана/Кнопка Факт' is clicked on

18-11-2024T10:37:59 - [MESSAGE][PASSED] - Object: 'Object Repository/Выполнение бизнес-плана/Кнопка Факт' is clicked on

18-11-2024T10:37:59 - [TEST_STEP][PASSED] - if (a == 84 || a == 82): null

18-11-2024T10:37:59 - [TEST_STEP][PASSED] - else if (a == 52 || a == 72 || a == 28 || a == 73 || a == 77 || a == 74 || a == 65 || a == 36 || a == 44 || a == 53 || a == 80 || a == 54 || a == 1 || a == 18 || a == 59 || a == 81): null

18-11-2024T10:37:59 - [TEST_STEP][PASSED] - else: null

18-11-2024T10:37:59 - [TEST_STEP][PASSED] - page1 = getText(findTestObject("Object Repository/Выполнение бизнес-плана/spanPlan" + filialNum)): Text of object 'Object Repository/Выполнение бизнес-плана/spanPlan15' is: '8.65
|'

18-11-2024T10:37:59 - [MESSAGE][PASSED] - Text of object 'Object Repository/Выполнение бизнес-плана/spanPlan15' is: '8.65
|'

18-11-2024T10:37:59 - [TEST_STEP][PASSED] - page1 = page1.replace("|", ""): null

18-11-2024T10:37:59 - [TEST_STEP][PASSED] - page2 = getText(findTestObject("Object Repository/Выполнение бизнес-плана/spanFact" + filialNum)): Text of object 'Object Repository/Выполнение бизнес-плана/spanFact15' is: '8.14
|'

18-11-2024T10:37:59 - [MESSAGE][PASSED] - Text of object 'Object Repository/Выполнение бизнес-плана/spanFact15' is: '8.14
|'

18-11-2024T10:37:59 - [TEST_STEP][PASSED] - page2 = page2.replace("|", ""): null

18-11-2024T10:37:59 - [TEST_STEP][PASSED] - println("page1: " + page1): null

18-11-2024T10:37:59 - [TEST_STEP][PASSED] - println("page2: " + page2): null

18-11-2024T10:37:59 - [TEST_STEP][PASSED] - file = findTestData("PlanFact").getValue(4, a): null

18-11-2024T10:37:59 - [TEST_STEP][PASSED] - file = file.replace(",", "."): null

18-11-2024T10:37:59 - [TEST_STEP][PASSED] - println("file Plan: " + file): null

18-11-2024T10:37:59 - [TEST_STEP][PASSED] - typeOfData = "План в процентах": null

18-11-2024T10:37:59 - [TEST_STEP][PASSED] - fileDouble = file.toDouble(): null

18-11-2024T10:37:59 - [TEST_STEP][PASSED] - pageDouble = page1.toDouble(): null

18-11-2024T10:37:59 - [TEST_STEP][PASSED] - if (fileDouble != pageDouble): null

18-11-2024T10:37:59 - [TEST_STEP][PASSED] - file = findTestData("PlanFact").getValue(7, a): null

18-11-2024T10:37:59 - [TEST_STEP][PASSED] - file = file.replace(",", "."): null

18-11-2024T10:37:59 - [TEST_STEP][PASSED] - println("file Fact: " + file): null

18-11-2024T10:37:59 - [TEST_STEP][PASSED] - fileDouble = file.toDouble(): null

18-11-2024T10:37:59 - [TEST_STEP][PASSED] - typeOfData = "Факт в процентах": null

18-11-2024T10:37:59 - [TEST_STEP][PASSED] - fileDouble = file.toDouble(): null

18-11-2024T10:37:59 - [TEST_STEP][PASSED] - pageDouble = page2.toDouble(): null

18-11-2024T10:37:59 - [TEST_STEP][PASSED] - if (fileDouble != pageDouble): null

18-11-2024T10:37:59 - [TEST_STEP][PASSED] - if (verifyEqual(numberOfErrors, 0) == false): Actual object '0' and expected object '0' are equal

18-11-2024T10:37:59 - [MESSAGE][PASSED] - Actual object '0' and expected object '0' are equal

18-11-2024T10:37:59 - [TEST_STEP][PASSED] - if (a == 82): null

18-11-2024T10:37:59 - [TEST_STEP][PASSED] - filialNum = 0: null

18-11-2024T10:37:59 - [TEST_STEP][PASSED] - if (a == 18): null

18-11-2024T10:37:59 - [TEST_STEP][PASSED] - if (a == 36): null

18-11-2024T10:37:59 - [TEST_STEP][PASSED] - if (a == 44): null

18-11-2024T10:37:59 - [TEST_STEP][PASSED] - if (a == 54): null

18-11-2024T10:37:59 - [TEST_STEP][PASSED] - if (a == 59): null

18-11-2024T10:37:59 - [TEST_STEP][PASSED] - Script1718980020443.OpenFilter(): null

18-11-2024T10:37:59 - [TEST_STEP][PASSED] - click(findTestObject("Object Repository/Выполнение бизнес-плана/Фильтр ДЗО")): Object: 'Object Repository/Выполнение бизнес-плана/Фильтр ДЗО' is clicked on

18-11-2024T10:38:00 - [MESSAGE][PASSED] - Object: 'Object Repository/Выполнение бизнес-плана/Фильтр ДЗО' is clicked on

18-11-2024T10:38:00 - [TEST_STEP][PASSED] - click(findTestObject("Выполнение бизнес-плана/Снять выделение в фильтре ДЗО")): Object: 'Object Repository/Выполнение бизнес-плана/Снять выделение в фильтре ДЗО' is clicked on

18-11-2024T10:38:00 - [MESSAGE][PASSED] - Object: 'Object Repository/Выполнение бизнес-плана/Снять выделение в фильтре ДЗО' is clicked on

18-11-2024T10:38:00 - [TEST_STEP][PASSED] - Script1718980020443.CloseFilter(): null

18-11-2024T10:38:00 - [TEST_STEP][PASSED] - scrollToElement(findTestObject("Выполнение бизнес-плана/Заголовок дашборда"), 30): Scroll to object 'Object Repository/Выполнение бизнес-плана/Заголовок дашборда' successfully

18-11-2024T10:38:00 - [MESSAGE][PASSED] - Scroll to object 'Object Repository/Выполнение бизнес-плана/Заголовок дашборда' successfully

18-11-2024T10:38:00 - [TEST_STEP][PASSED] - click(findTestObject("Object Repository/Выполнение бизнес-плана/Применить в фильтре ДЗО")): Object: 'Object Repository/Выполнение бизнес-плана/Применить в фильтре ДЗО' is clicked on

18-11-2024T10:38:01 - [MESSAGE][PASSED] - Object: 'Object Repository/Выполнение бизнес-плана/Применить в фильтре ДЗО' is clicked on

18-11-2024T10:38:01 - [TEST_STEP][PASSED] - if (a == 82): null

18-11-2024T10:38:01 - [TEST_STEP][PASSED] - println(dzoNum): null

18-11-2024T10:38:01 - [TEST_STEP][PASSED] - dZO = "Россети Центр и Приволжье (ГК)": null

18-11-2024T10:38:01 - [TEST_STEP][PASSED] - a = 18: null

18-11-2024T10:38:01 - [TEST_STEP][PASSED] - if (x1.contains(dZO)): null

18-11-2024T10:38:01 - [TEST_STEP][PASSED] - dzoNum = dzoNum + 1: null

18-11-2024T10:38:01 - [TEST_STEP][PASSED] - Script1718980020443.Numbers(a, typeOfData, todaysDate, pageInt, fileInt, pageDouble, fileDouble, dZO, dzoNum, filialNum): null

18-11-2024T10:38:01 - [TEST_STEP][PASSED] - println(dzoNum): null

18-11-2024T10:38:01 - [TEST_STEP][PASSED] - planFact = <not implemented yet for class: org.codehaus.groovy.ast.expr.EmptyExpression>: null

18-11-2024T10:38:01 - [TEST_STEP][PASSED] - page = <not implemented yet for class: org.codehaus.groovy.ast.expr.EmptyExpression>: null

18-11-2024T10:38:01 - [TEST_STEP][PASSED] - page1 = <not implemented yet for class: org.codehaus.groovy.ast.expr.EmptyExpression>: null

18-11-2024T10:38:01 - [TEST_STEP][PASSED] - page2 = <not implemented yet for class: org.codehaus.groovy.ast.expr.EmptyExpression>: null

18-11-2024T10:38:01 - [TEST_STEP][PASSED] - filialNumberInRow = <not implemented yet for class: org.codehaus.groovy.ast.expr.EmptyExpression>: null

18-11-2024T10:38:01 - [TEST_STEP][PASSED] - filialsDzoNames = <not implemented yet for class: org.codehaus.groovy.ast.expr.EmptyExpression>: null

18-11-2024T10:38:01 - [TEST_STEP][PASSED] - numberOfFilials = <not implemented yet for class: org.codehaus.groovy.ast.expr.EmptyExpression>: null

18-11-2024T10:38:01 - [TEST_STEP][PASSED] - numberOfSpaces = <not implemented yet for class: org.codehaus.groovy.ast.expr.EmptyExpression>: null

18-11-2024T10:38:01 - [TEST_STEP][PASSED] - file = <not implemented yet for class: org.codehaus.groovy.ast.expr.EmptyExpression>: null

18-11-2024T10:38:01 - [TEST_STEP][PASSED] - otpusk = <not implemented yet for class: org.codehaus.groovy.ast.expr.EmptyExpression>: null

18-11-2024T10:38:01 - [TEST_STEP][PASSED] - poteri = <not implemented yet for class: org.codehaus.groovy.ast.expr.EmptyExpression>: null

18-11-2024T10:38:01 - [TEST_STEP][PASSED] - dataFolder = "Выполнение бизнес-плана/Значения со страницы Выполнение бизнес-плана/": null

18-11-2024T10:38:01 - [TEST_STEP][PASSED] - path = <not implemented yet for class: org.codehaus.groovy.ast.expr.EmptyExpression>: null

18-11-2024T10:38:01 - [TEST_STEP][PASSED] - typeOfDataMain = <not implemented yet for class: org.codehaus.groovy.ast.expr.EmptyExpression>: null

18-11-2024T10:38:01 - [TEST_STEP][PASSED] - fileOtpuskVSet = <not implemented yet for class: org.codehaus.groovy.ast.expr.EmptyExpression>: null

18-11-2024T10:38:01 - [TEST_STEP][PASSED] - pageOtpuskVSet = <not implemented yet for class: org.codehaus.groovy.ast.expr.EmptyExpression>: null

18-11-2024T10:38:01 - [TEST_STEP][PASSED] - filePoteri = <not implemented yet for class: org.codehaus.groovy.ast.expr.EmptyExpression>: null

18-11-2024T10:38:01 - [TEST_STEP][PASSED] - pagePoteri = <not implemented yet for class: org.codehaus.groovy.ast.expr.EmptyExpression>: null

18-11-2024T10:38:01 - [TEST_STEP][PASSED] - compare = <not implemented yet for class: org.codehaus.groovy.ast.expr.EmptyExpression>: null

18-11-2024T10:38:01 - [TEST_STEP][PASSED] - b = <not implemented yet for class: org.codehaus.groovy.ast.expr.EmptyExpression>: null

18-11-2024T10:38:01 - [TEST_STEP][PASSED] - i = <not implemented yet for class: org.codehaus.groovy.ast.expr.EmptyExpression>: null

18-11-2024T10:38:01 - [TEST_STEP][PASSED] - ii = <not implemented yet for class: org.codehaus.groovy.ast.expr.EmptyExpression>: null

18-11-2024T10:38:01 - [TEST_STEP][PASSED] - c = <not implemented yet for class: org.codehaus.groovy.ast.expr.EmptyExpression>: null

18-11-2024T10:38:01 - [TEST_STEP][PASSED] - numberOfErrors = 0: null

18-11-2024T10:38:01 - [TEST_STEP][PASSED] - if (a == 82): null

18-11-2024T10:38:01 - [TEST_STEP][PASSED] - b = findTestData("PlanFact").getValue(1, a): null

18-11-2024T10:38:01 - [TEST_STEP][PASSED] - i = b.indexOf(" (ГК)"): null

18-11-2024T10:38:01 - [TEST_STEP][PASSED] - if (i > -1): null

18-11-2024T10:38:01 - [TEST_STEP][PASSED] - b = b.substring(0, i): null

18-11-2024T10:38:01 - [TEST_STEP][PASSED] - b = b.trim(): null

18-11-2024T10:38:01 - [TEST_STEP][PASSED] - i = b.indexOf("О ""): null

18-11-2024T10:38:01 - [TEST_STEP][PASSED] - if (i > -1): null

18-11-2024T10:38:01 - [TEST_STEP][PASSED] - i = b.indexOf("О «"): null

18-11-2024T10:38:01 - [TEST_STEP][PASSED] - if (i > -1): null

18-11-2024T10:38:01 - [TEST_STEP][PASSED] - i = b.indexOf("г. "): null

18-11-2024T10:38:01 - [TEST_STEP][PASSED] - if (i > -1): null

18-11-2024T10:38:01 - [TEST_STEP][PASSED] - println(b): null

18-11-2024T10:38:01 - [TEST_STEP][PASSED] - for ([planFact = 1, planFact < 3, (planFact++)]): null

18-11-2024T10:38:01 - [TEST_STEP][PASSED] - if (planFact == 1): null

18-11-2024T10:38:01 - [TEST_STEP][PASSED] - typeOfDataMain = "Факт": null

18-11-2024T10:38:01 - [TEST_STEP][PASSED] - otpusk = findTestData("PlanFact").getValue(5, a): null

18-11-2024T10:38:02 - [TEST_STEP][PASSED] - poteri = findTestData("PlanFact").getValue(6, a): null

18-11-2024T10:38:02 - [TEST_STEP][PASSED] - otpusk = otpusk.replaceAll("\s+", ""): null

18-11-2024T10:38:02 - [TEST_STEP][PASSED] - poteri = poteri.replaceAll("\s+", ""): null

18-11-2024T10:38:02 - [TEST_STEP][PASSED] - typeOfData = typeOfDataMain + " Отпуск в сеть": null

18-11-2024T10:38:02 - [TEST_STEP][PASSED] - if (a == 82): null

18-11-2024T10:38:02 - [TEST_STEP][PASSED] - else if (a == 84): null

18-11-2024T10:38:02 - [TEST_STEP][PASSED] - else if (a == 52 || a == 72 || a == 28 || a == 73 || a == 77 || a == 74 || a == 65 || a == 36 || a == 44 || a == 53 || a == 80 || a == 54 || a == 1 || a == 18 || a == 59 || a == 81): null

18-11-2024T10:38:02 - [TEST_STEP][PASSED] - path = dataFolder + "Table Data/" + typeOfData + " за отчётный период " + dzoNum: null

18-11-2024T10:38:02 - [TEST_STEP][PASSED] - println(path): null

18-11-2024T10:38:02 - [TEST_STEP][PASSED] - page = getText(findTestObject(path)): Text of object 'Object Repository/Выполнение бизнес-плана/Значения со страницы Выполнение бизнес-плана/Table Data/Факт Отпуск в сеть за отчётный период 7' is: '40 894 236'

18-11-2024T10:38:21 - [MESSAGE][PASSED] - Text of object 'Object Repository/Выполнение бизнес-плана/Значения со страницы Выполнение бизнес-плана/Table Data/Факт Отпуск в сеть за отчётный период 7' is: '40 894 236'

18-11-2024T10:38:21 - [TEST_STEP][PASSED] - page = page.replaceAll("\s+", ""): null

18-11-2024T10:38:21 - [TEST_STEP][PASSED] - fileOtpuskVSet = otpusk.toInteger(): null

18-11-2024T10:38:21 - [TEST_STEP][PASSED] - pageOtpuskVSet = page.toInteger(): null

18-11-2024T10:38:21 - [TEST_STEP][PASSED] - typeOfData = typeOfDataMain + " Потери": null

18-11-2024T10:38:21 - [TEST_STEP][PASSED] - if (a == 82): null

18-11-2024T10:38:21 - [TEST_STEP][PASSED] - else if (a == 84): null

18-11-2024T10:38:21 - [TEST_STEP][PASSED] - else if (a == 52 || a == 72 || a == 28 || a == 73 || a == 77 || a == 74 || a == 65 || a == 36 || a == 44 || a == 53 || a == 80 || a == 54 || a == 1 || a == 18 || a == 59 || a == 81): null

18-11-2024T10:38:21 - [TEST_STEP][PASSED] - path = dataFolder + "Table Data/" + typeOfData + " за отчётный период " + dzoNum: null

18-11-2024T10:38:21 - [TEST_STEP][PASSED] - page = getText(findTestObject(path)): Text of object 'Object Repository/Выполнение бизнес-плана/Значения со страницы Выполнение бизнес-плана/Table Data/Факт Потери за отчётный период 7' is: '2 711 313'

18-11-2024T10:38:21 - [MESSAGE][PASSED] - Text of object 'Object Repository/Выполнение бизнес-плана/Значения со страницы Выполнение бизнес-плана/Table Data/Факт Потери за отчётный период 7' is: '2 711 313'

18-11-2024T10:38:21 - [TEST_STEP][PASSED] - page = page.replaceAll("\s+", ""): null

18-11-2024T10:38:21 - [TEST_STEP][PASSED] - filePoteri = poteri.toInteger(): null

18-11-2024T10:38:21 - [TEST_STEP][PASSED] - pagePoteri = page.toInteger(): null

18-11-2024T10:38:21 - [TEST_STEP][PASSED] - compare = pageOtpuskVSet: null

18-11-2024T10:38:21 - [TEST_STEP][PASSED] - if (compare == fileOtpuskVSet): null

18-11-2024T10:38:21 - [TEST_STEP][PASSED] - else if (compare > fileOtpuskVSet): null

18-11-2024T10:38:21 - [TEST_STEP][PASSED] - else if (compare < fileOtpuskVSet): null

18-11-2024T10:38:21 - [TEST_STEP][PASSED] - compare = compare + 1: null

18-11-2024T10:38:21 - [TEST_STEP][PASSED] - if (compare == fileOtpuskVSet): null

18-11-2024T10:38:21 - [TEST_STEP][PASSED] - else: null

18-11-2024T10:38:21 - [TEST_STEP][PASSED] - numberOfErrors = numberOfErrors + 1: null

18-11-2024T10:38:21 - [TEST_STEP][PASSED] - pageInt = pageOtpuskVSet: null

18-11-2024T10:38:21 - [TEST_STEP][PASSED] - fileInt = fileOtpuskVSet: null

18-11-2024T10:38:21 - [TEST_STEP][PASSED] - typeOfData = typeOfDataMain + " Отпуск в сеть": null

18-11-2024T10:38:21 - [TEST_STEP][PASSED] - Script1718980020443.WriteToExcel(a, typeOfData, todaysDate, pageInt, fileInt, pageDouble, fileDouble, dZO): null

18-11-2024T10:38:21 - [TEST_STEP][PASSED] - sheetName = "Sheet1": null

18-11-2024T10:38:21 - [TEST_STEP][PASSED] - data = findTestData("PlanFact"): null

18-11-2024T10:38:21 - [TEST_STEP][PASSED] - n = data.getRowNumbers() + 1: null

18-11-2024T10:38:21 - [TEST_STEP][PASSED] - year = todaysDate.substring(todaysDate.length() - 4, todaysDate.length()): null

18-11-2024T10:38:21 - [TEST_STEP][PASSED] - y = year.toInteger(): null

18-11-2024T10:38:21 - [TEST_STEP][PASSED] - m = getText(findTestObject("Выполнение бизнес-плана/Период")): Text of object 'Object Repository/Выполнение бизнес-плана/Период' is: '1, 2, 3 кв. 2024 года'

18-11-2024T10:38:22 - [MESSAGE][PASSED] - Text of object 'Object Repository/Выполнение бизнес-плана/Период' is: '1, 2, 3 кв. 2024 года'

18-11-2024T10:38:22 - [TEST_STEP][PASSED] - m = m.substring(0, m.indexOf("2024")): null

18-11-2024T10:38:22 - [TEST_STEP][PASSED] - m = m.trim(): null

18-11-2024T10:38:22 - [TEST_STEP][PASSED] - dashboardName = "Выполнение бизнес-плана": null

18-11-2024T10:38:22 - [TEST_STEP][PASSED] - workbook01 = getWorkbook(excelFilePath): null

18-11-2024T10:38:22 - [TEST_STEP][PASSED] - sheet01 = getExcelSheet(workbook01, sheetName): null

18-11-2024T10:38:22 - [TEST_STEP][PASSED] - setValueToCellByIndex(sheet01, n, 0, dashboardName): null

18-11-2024T10:38:22 - [TEST_STEP][PASSED] - setValueToCellByIndex(sheet01, n, 1, dZO): null

18-11-2024T10:38:22 - [TEST_STEP][PASSED] - setValueToCellByIndex(sheet01, n, 2, typeOfData): null

18-11-2024T10:38:22 - [TEST_STEP][PASSED] - if (typeOfData == "Факт в процентах" || typeOfData == "План в процентах"): null

18-11-2024T10:38:22 - [TEST_STEP][PASSED] - else: null

18-11-2024T10:38:22 - [TEST_STEP][PASSED] - setValueToCellByIndex(sheet01, n, 3, fileInt): null

18-11-2024T10:38:22 - [TEST_STEP][PASSED] - setValueToCellByIndex(sheet01, n, 4, pageInt): null

18-11-2024T10:38:22 - [TEST_STEP][PASSED] - setValueToCellByIndex(sheet01, n, 5, m): null

18-11-2024T10:38:22 - [TEST_STEP][PASSED] - setValueToCellByIndex(sheet01, n, 6, y): null

18-11-2024T10:38:22 - [TEST_STEP][PASSED] - setValueToCellByIndex(sheet01, n, 7, todaysDate): null

18-11-2024T10:38:22 - [TEST_STEP][PASSED] - n = n + 1: null

18-11-2024T10:38:22 - [TEST_STEP][PASSED] - saveWorkbook(excelFilePath, workbook01): null

18-11-2024T10:38:22 - [TEST_STEP][PASSED] - compare = pagePoteri: null

18-11-2024T10:38:22 - [TEST_STEP][PASSED] - if (compare == filePoteri): null

18-11-2024T10:38:22 - [TEST_STEP][PASSED] - else if (compare > filePoteri): null

18-11-2024T10:38:22 - [TEST_STEP][PASSED] - else if (compare < filePoteri): null

18-11-2024T10:38:22 - [TEST_STEP][PASSED] - compare = compare + 1: null

18-11-2024T10:38:22 - [TEST_STEP][PASSED] - if (compare == filePoteri): null

18-11-2024T10:38:22 - [TEST_STEP][PASSED] - else: null

18-11-2024T10:38:22 - [TEST_STEP][PASSED] - numberOfErrors = numberOfErrors + 1: null

18-11-2024T10:38:22 - [TEST_STEP][PASSED] - pageInt = pagePoteri: null

18-11-2024T10:38:22 - [TEST_STEP][PASSED] - fileInt = filePoteri: null

18-11-2024T10:38:22 - [TEST_STEP][PASSED] - typeOfData = typeOfDataMain + " Потери": null

18-11-2024T10:38:22 - [TEST_STEP][PASSED] - Script1718980020443.WriteToExcel(a, typeOfData, todaysDate, pageInt, fileInt, pageDouble, fileDouble, dZO): null

18-11-2024T10:38:22 - [TEST_STEP][PASSED] - sheetName = "Sheet1": null

18-11-2024T10:38:22 - [TEST_STEP][PASSED] - data = findTestData("PlanFact"): null

18-11-2024T10:38:22 - [TEST_STEP][PASSED] - n = data.getRowNumbers() + 1: null

18-11-2024T10:38:22 - [TEST_STEP][PASSED] - year = todaysDate.substring(todaysDate.length() - 4, todaysDate.length()): null

18-11-2024T10:38:22 - [TEST_STEP][PASSED] - y = year.toInteger(): null

18-11-2024T10:38:22 - [TEST_STEP][PASSED] - m = getText(findTestObject("Выполнение бизнес-плана/Период")): Text of object 'Object Repository/Выполнение бизнес-плана/Период' is: '1, 2, 3 кв. 2024 года'

18-11-2024T10:38:22 - [MESSAGE][PASSED] - Text of object 'Object Repository/Выполнение бизнес-плана/Период' is: '1, 2, 3 кв. 2024 года'

18-11-2024T10:38:22 - [TEST_STEP][PASSED] - m = m.substring(0, m.indexOf("2024")): null

18-11-2024T10:38:22 - [TEST_STEP][PASSED] - m = m.trim(): null

18-11-2024T10:38:22 - [TEST_STEP][PASSED] - dashboardName = "Выполнение бизнес-плана": null

18-11-2024T10:38:22 - [TEST_STEP][PASSED] - workbook01 = getWorkbook(excelFilePath): null

18-11-2024T10:38:22 - [TEST_STEP][PASSED] - sheet01 = getExcelSheet(workbook01, sheetName): null

18-11-2024T10:38:22 - [TEST_STEP][PASSED] - setValueToCellByIndex(sheet01, n, 0, dashboardName): null

18-11-2024T10:38:22 - [TEST_STEP][PASSED] - setValueToCellByIndex(sheet01, n, 1, dZO): null

18-11-2024T10:38:22 - [TEST_STEP][PASSED] - setValueToCellByIndex(sheet01, n, 2, typeOfData): null

18-11-2024T10:38:22 - [TEST_STEP][PASSED] - if (typeOfData == "Факт в процентах" || typeOfData == "План в процентах"): null

18-11-2024T10:38:22 - [TEST_STEP][PASSED] - else: null

18-11-2024T10:38:22 - [TEST_STEP][PASSED] - setValueToCellByIndex(sheet01, n, 3, fileInt): null

18-11-2024T10:38:22 - [TEST_STEP][PASSED] - setValueToCellByIndex(sheet01, n, 4, pageInt): null

18-11-2024T10:38:22 - [TEST_STEP][PASSED] - setValueToCellByIndex(sheet01, n, 5, m): null

18-11-2024T10:38:22 - [TEST_STEP][PASSED] - setValueToCellByIndex(sheet01, n, 6, y): null

18-11-2024T10:38:22 - [TEST_STEP][PASSED] - setValueToCellByIndex(sheet01, n, 7, todaysDate): null

18-11-2024T10:38:22 - [TEST_STEP][PASSED] - n = n + 1: null

18-11-2024T10:38:22 - [TEST_STEP][PASSED] - saveWorkbook(excelFilePath, workbook01): Object: 'Object Repository/Выполнение бизнес-плана/Кнопка Факт' is clicked on

18-11-2024T10:38:23 - [TEST_STEP][PASSED] - if (planFact == 2): null

18-11-2024T10:38:23 - [TEST_STEP][PASSED] - if (planFact == 1): null

18-11-2024T10:38:23 - [TEST_STEP][PASSED] - else if (planFact == 2): null

18-11-2024T10:38:23 - [TEST_STEP][PASSED] - click(findTestObject("Выполнение бизнес-плана/Кнопка План")): Object: 'Object Repository/Выполнение бизнес-плана/Кнопка План' is clicked on

18-11-2024T10:38:23 - [MESSAGE][PASSED] - Object: 'Object Repository/Выполнение бизнес-плана/Кнопка План' is clicked on

18-11-2024T10:38:23 - [TEST_STEP][PASSED] - typeOfDataMain = "План": null

18-11-2024T10:38:23 - [TEST_STEP][PASSED] - otpusk = findTestData("PlanFact").getValue(2, a): null

18-11-2024T10:38:23 - [TEST_STEP][PASSED] - poteri = findTestData("PlanFact").getValue(3, a): null

18-11-2024T10:38:23 - [TEST_STEP][PASSED] - otpusk = otpusk.replaceAll("\s+", ""): null

18-11-2024T10:38:23 - [TEST_STEP][PASSED] - poteri = poteri.replaceAll("\s+", ""): null

18-11-2024T10:38:23 - [TEST_STEP][PASSED] - typeOfData = typeOfDataMain + " Отпуск в сеть": null

18-11-2024T10:38:23 - [TEST_STEP][PASSED] - if (a == 82): null

18-11-2024T10:38:23 - [TEST_STEP][PASSED] - else if (a == 84): null

18-11-2024T10:38:23 - [TEST_STEP][PASSED] - else if (a == 52 || a == 72 || a == 28 || a == 73 || a == 77 || a == 74 || a == 65 || a == 36 || a == 44 || a == 53 || a == 80 || a == 54 || a == 1 || a == 18 || a == 59 || a == 81): null

18-11-2024T10:38:23 - [TEST_STEP][PASSED] - path = dataFolder + "Table Data/" + typeOfData + " за отчётный период " + dzoNum: null

18-11-2024T10:38:23 - [TEST_STEP][PASSED] - println(path): null

18-11-2024T10:38:23 - [TEST_STEP][PASSED] - page = getText(findTestObject(path)): Text of object 'Object Repository/Выполнение бизнес-плана/Значения со страницы Выполнение бизнес-плана/Table Data/План Отпуск в сеть за отчётный период 7' is: '39 451 497'

18-11-2024T10:38:23 - [MESSAGE][PASSED] - Text of object 'Object Repository/Выполнение бизнес-плана/Значения со страницы Выполнение бизнес-плана/Table Data/План Отпуск в сеть за отчётный период 7' is: '39 451 497'

18-11-2024T10:38:23 - [TEST_STEP][PASSED] - page = page.replaceAll("\s+", ""): null

18-11-2024T10:38:23 - [TEST_STEP][PASSED] - fileOtpuskVSet = otpusk.toInteger(): null

18-11-2024T10:38:23 - [TEST_STEP][PASSED] - pageOtpuskVSet = page.toInteger(): null

18-11-2024T10:38:23 - [TEST_STEP][PASSED] - typeOfData = typeOfDataMain + " Потери": null

18-11-2024T10:38:23 - [TEST_STEP][PASSED] - if (a == 82): null

18-11-2024T10:38:23 - [TEST_STEP][PASSED] - else if (a == 84): null

18-11-2024T10:38:23 - [TEST_STEP][PASSED] - else if (a == 52 || a == 72 || a == 28 || a == 73 || a == 77 || a == 74 || a == 65 || a == 36 || a == 44 || a == 53 || a == 80 || a == 54 || a == 1 || a == 18 || a == 59 || a == 81): null

18-11-2024T10:38:23 - [TEST_STEP][PASSED] - path = dataFolder + "Table Data/" + typeOfData + " за отчётный период " + dzoNum: null

18-11-2024T10:38:23 - [TEST_STEP][PASSED] - page = getText(findTestObject(path)): Text of object 'Object Repository/Выполнение бизнес-плана/Значения со страницы Выполнение бизнес-плана/Table Data/План Потери за отчётный период 7' is: '2 713 463'

18-11-2024T10:38:24 - [MESSAGE][PASSED] - Text of object 'Object Repository/Выполнение бизнес-плана/Значения со страницы Выполнение бизнес-плана/Table Data/План Потери за отчётный период 7' is: '2 713 463'

18-11-2024T10:38:24 - [TEST_STEP][PASSED] - page = page.replaceAll("\s+", ""): null

18-11-2024T10:38:24 - [TEST_STEP][PASSED] - filePoteri = poteri.toInteger(): null

18-11-2024T10:38:24 - [TEST_STEP][PASSED] - pagePoteri = page.toInteger(): null

18-11-2024T10:38:24 - [TEST_STEP][PASSED] - compare = pageOtpuskVSet: null

18-11-2024T10:38:24 - [TEST_STEP][PASSED] - if (compare == fileOtpuskVSet): null

18-11-2024T10:38:24 - [TEST_STEP][PASSED] - if (compare == fileOtpuskVSet): null

18-11-2024T10:38:24 - [TEST_STEP][PASSED] - compare = pagePoteri: null

18-11-2024T10:38:24 - [TEST_STEP][PASSED] - if (compare == filePoteri): null

18-11-2024T10:38:24 - [TEST_STEP][PASSED] - if (compare == filePoteri): null

18-11-2024T10:38:24 - [TEST_STEP][PASSED] - if (planFact == 2): Object: 'Object Repository/Выполнение бизнес-плана/Кнопка Факт' is clicked on

18-11-2024T10:38:24 - [TEST_STEP][PASSED] - click(findTestObject("Выполнение бизнес-плана/Кнопка Факт")): Object: 'Object Repository/Выполнение бизнес-плана/Кнопка Факт' is clicked on

18-11-2024T10:38:24 - [MESSAGE][PASSED] - Object: 'Object Repository/Выполнение бизнес-плана/Кнопка Факт' is clicked on

18-11-2024T10:38:24 - [TEST_STEP][PASSED] - if (a == 84 || a == 82): null

18-11-2024T10:38:24 - [TEST_STEP][PASSED] - else if (a == 52 || a == 72 || a == 28 || a == 73 || a == 77 || a == 74 || a == 65 || a == 36 || a == 44 || a == 53 || a == 80 || a == 54 || a == 1 || a == 18 || a == 59 || a == 81): null

18-11-2024T10:38:24 - [TEST_STEP][PASSED] - page1 = getText(findTestObject("Object Repository/Выполнение бизнес-плана/spanPlan" + dzoNum)): Text of object 'Object Repository/Выполнение бизнес-плана/spanPlan7' is: '6.88
|'

18-11-2024T10:38:24 - [MESSAGE][PASSED] - Text of object 'Object Repository/Выполнение бизнес-плана/spanPlan7' is: '6.88
|'

18-11-2024T10:38:24 - [TEST_STEP][PASSED] - page1 = page1.replace("|", ""): null

18-11-2024T10:38:24 - [TEST_STEP][PASSED] - page2 = getText(findTestObject("Object Repository/Выполнение бизнес-плана/spanFact" + dzoNum)): Text of object 'Object Repository/Выполнение бизнес-плана/spanFact7' is: '6.63'

18-11-2024T10:38:25 - [MESSAGE][PASSED] - Text of object 'Object Repository/Выполнение бизнес-плана/spanFact7' is: '6.63'

18-11-2024T10:38:25 - [TEST_STEP][PASSED] - page2 = page2.replace("|", ""): null

18-11-2024T10:38:25 - [TEST_STEP][PASSED] - println("page1: " + page1): null

18-11-2024T10:38:25 - [TEST_STEP][PASSED] - println("page2: " + page2): null

18-11-2024T10:38:25 - [TEST_STEP][PASSED] - file = findTestData("PlanFact").getValue(4, a): null

18-11-2024T10:38:25 - [TEST_STEP][PASSED] - file = file.replace(",", "."): null

18-11-2024T10:38:25 - [TEST_STEP][PASSED] - println("file Plan: " + file): null

18-11-2024T10:38:25 - [TEST_STEP][PASSED] - typeOfData = "План в процентах": null

18-11-2024T10:38:25 - [TEST_STEP][PASSED] - fileDouble = file.toDouble(): null

18-11-2024T10:38:25 - [TEST_STEP][PASSED] - pageDouble = page1.toDouble(): null

18-11-2024T10:38:25 - [TEST_STEP][PASSED] - if (fileDouble != pageDouble): null

18-11-2024T10:38:25 - [TEST_STEP][PASSED] - file = findTestData("PlanFact").getValue(7, a): null

18-11-2024T10:38:25 - [TEST_STEP][PASSED] - file = file.replace(",", "."): null

18-11-2024T10:38:25 - [TEST_STEP][PASSED] - println("file Fact: " + file): null

18-11-2024T10:38:25 - [TEST_STEP][PASSED] - fileDouble = file.toDouble(): null

18-11-2024T10:38:25 - [TEST_STEP][PASSED] - typeOfData = "Факт в процентах": null

18-11-2024T10:38:25 - [TEST_STEP][PASSED] - fileDouble = file.toDouble(): null

18-11-2024T10:38:25 - [TEST_STEP][PASSED] - pageDouble = page2.toDouble(): null

18-11-2024T10:38:25 - [TEST_STEP][PASSED] - if (fileDouble != pageDouble): null

18-11-2024T10:38:25 - [TEST_STEP][PASSED] - numberOfErrors = numberOfErrors + 1: null

18-11-2024T10:38:25 - [TEST_STEP][PASSED] - Script1718980020443.WriteToExcel(a, typeOfData, todaysDate, pageInt, fileInt, pageDouble, fileDouble, dZO): null

18-11-2024T10:38:25 - [TEST_STEP][PASSED] - sheetName = "Sheet1": null

18-11-2024T10:38:25 - [TEST_STEP][PASSED] - data = findTestData("PlanFact"): null

18-11-2024T10:38:25 - [TEST_STEP][PASSED] - n = data.getRowNumbers() + 1: null

18-11-2024T10:38:25 - [TEST_STEP][PASSED] - year = todaysDate.substring(todaysDate.length() - 4, todaysDate.length()): null

18-11-2024T10:38:25 - [TEST_STEP][PASSED] - y = year.toInteger(): null

18-11-2024T10:38:25 - [TEST_STEP][PASSED] - m = getText(findTestObject("Выполнение бизнес-плана/Период")): Text of object 'Object Repository/Выполнение бизнес-плана/Период' is: '1, 2, 3 кв. 2024 года'

18-11-2024T10:38:25 - [MESSAGE][PASSED] - Text of object 'Object Repository/Выполнение бизнес-плана/Период' is: '1, 2, 3 кв. 2024 года'

18-11-2024T10:38:25 - [TEST_STEP][PASSED] - m = m.substring(0, m.indexOf("2024")): null

18-11-2024T10:38:25 - [TEST_STEP][PASSED] - m = m.trim(): null

18-11-2024T10:38:25 - [TEST_STEP][PASSED] - dashboardName = "Выполнение бизнес-плана": null

18-11-2024T10:38:25 - [TEST_STEP][PASSED] - workbook01 = getWorkbook(excelFilePath): null

18-11-2024T10:38:25 - [TEST_STEP][PASSED] - sheet01 = getExcelSheet(workbook01, sheetName): null

18-11-2024T10:38:25 - [TEST_STEP][PASSED] - setValueToCellByIndex(sheet01, n, 0, dashboardName): null

18-11-2024T10:38:25 - [TEST_STEP][PASSED] - setValueToCellByIndex(sheet01, n, 1, dZO): null

18-11-2024T10:38:25 - [TEST_STEP][PASSED] - setValueToCellByIndex(sheet01, n, 2, typeOfData): null

18-11-2024T10:38:25 - [TEST_STEP][PASSED] - if (typeOfData == "Факт в процентах" || typeOfData == "План в процентах"): null

18-11-2024T10:38:25 - [TEST_STEP][PASSED] - setValueToCellByIndex(sheet01, n, 3, fileDouble): null

18-11-2024T10:38:25 - [TEST_STEP][PASSED] - setValueToCellByIndex(sheet01, n, 4, pageDouble): null

18-11-2024T10:38:25 - [TEST_STEP][PASSED] - setValueToCellByIndex(sheet01, n, 5, m): null

18-11-2024T10:38:25 - [TEST_STEP][PASSED] - setValueToCellByIndex(sheet01, n, 6, y): null

18-11-2024T10:38:25 - [TEST_STEP][PASSED] - setValueToCellByIndex(sheet01, n, 7, todaysDate): null

18-11-2024T10:38:25 - [TEST_STEP][PASSED] - n = n + 1: null

18-11-2024T10:38:25 - [TEST_STEP][PASSED] - saveWorkbook(excelFilePath, workbook01): null

18-11-2024T10:38:25 - [TEST_STEP][FAILED] - if (verifyEqual(numberOfErrors, 0) == false): null

18-11-2024T10:38:25 - [MESSAGE][FAILED] - Unable to verify equal between actual object '3' and expected object '0' (Root cause: com.kms.katalon.core.exception.StepFailedException: Actual object '3' and expected object '0' are not equal
	at com.kms.katalon.core.keyword.builtin.VerifyEqualKeyword$_verifyEqual_closure1.doCall(VerifyEqualKeyword.groovy:58)
	at com.kms.katalon.core.keyword.builtin.VerifyEqualKeyword$_verifyEqual_closure1.call(VerifyEqualKeyword.groovy)
	at com.kms.katalon.core.keyword.internal.KeywordMain.runKeyword(KeywordMain.groovy:75)
	at com.kms.katalon.core.keyword.builtin.VerifyEqualKeyword.verifyEqual(VerifyEqualKeyword.groovy:63)
	at com.kms.katalon.core.keyword.builtin.VerifyEqualKeyword.execute(VerifyEqualKeyword.groovy:44)
	at com.kms.katalon.core.keyword.internal.KeywordExecutor.executeKeywordForPlatform(KeywordExecutor.groovy:74)
	at com.kms.katalon.core.keyword.BuiltinKeywords.verifyEqual(BuiltinKeywords.groovy:146)
	at jdk.internal.reflect.GeneratedMethodAccessor25.invoke(Unknown Source)
	at java.base/jdk.internal.reflect.DelegatingMethodAccessorImpl.invoke(DelegatingMethodAccessorImpl.java:43)
	at Выполнение бизнес-плана Сверка ПАО Россети все филиалы.Numbers(Выполнение бизнес-плана Сверка ПАО Россети все филиалы:740)
	at Выполнение бизнес-плана Сверка ПАО Россети все филиалы.run(Выполнение бизнес-плана Сверка ПАО Россети все филиалы:402)
	at com.kms.katalon.core.main.ScriptEngine.run(ScriptEngine.java:194)
	at com.kms.katalon.core.main.ScriptEngine.runScriptAsRawText(ScriptEngine.java:119)
	at com.kms.katalon.core.main.TestCaseExecutor.runScript(TestCaseExecutor.java:448)
	at com.kms.katalon.core.main.TestCaseExecutor.doExecute(TestCaseExecutor.java:439)
	at com.kms.katalon.core.main.TestCaseExecutor.processExecutionPhase(TestCaseExecutor.java:418)
	at com.kms.katalon.core.main.TestCaseExecutor.accessMainPhase(TestCaseExecutor.java:410)
	at com.kms.katalon.core.main.TestCaseExecutor.execute(TestCaseExecutor.java:285)
	at com.kms.katalon.core.common.CommonExecutor.accessTestCaseMainPhase(CommonExecutor.java:65)
	at com.kms.katalon.core.main.TestSuiteExecutor.accessTestSuiteMainPhase(TestSuiteExecutor.java:150)
	at com.kms.katalon.core.main.TestSuiteExecutor.execute(TestSuiteExecutor.java:106)
	at com.kms.katalon.core.main.TestCaseMain.startTestSuite(TestCaseMain.java:180)
	at TempTestSuite1731913737709.run(TempTestSuite1731913737709.groovy:35)
	at java.base/jdk.internal.reflect.NativeMethodAccessorImpl.invoke0(Native Method)
	at java.base/jdk.internal.reflect.NativeMethodAccessorImpl.invoke(NativeMethodAccessorImpl.java:77)
	at java.base/jdk.internal.reflect.DelegatingMethodAccessorImpl.invoke(DelegatingMethodAccessorImpl.java:43)
)

18-11-2024T10:38:25 - [TEST_STEP][PASSED] - println(numberOfErrors): null

18-11-2024T10:38:25 - [TEST_STEP][PASSED] - if (a == 28 || a == 77 || a == 74 || a == 65 || a == 36 || a == 44 || a == 54 || a == 1 || a == 18 || a == 59): null

18-11-2024T10:38:25 - [TEST_STEP][PASSED] - Script1718980020443.Filials(a, typeOfData, todaysDate, pageInt, fileInt, pageDouble, fileDouble, dZO, dzoNum, filialNum): null

18-11-2024T10:38:25 - [TEST_STEP][PASSED] - i = <not implemented yet for class: org.codehaus.groovy.ast.expr.EmptyExpression>: null

18-11-2024T10:38:25 - [TEST_STEP][PASSED] - c = <not implemented yet for class: org.codehaus.groovy.ast.expr.EmptyExpression>: null

18-11-2024T10:38:25 - [TEST_STEP][PASSED] - page = <not implemented yet for class: org.codehaus.groovy.ast.expr.EmptyExpression>: null

18-11-2024T10:38:25 - [TEST_STEP][PASSED] - println(dZO): null

18-11-2024T10:38:25 - [TEST_STEP][PASSED] - reducedDZO = <not implemented yet for class: org.codehaus.groovy.ast.expr.EmptyExpression>: null

18-11-2024T10:38:25 - [TEST_STEP][PASSED] - reducedDZO = dZO.substring(dZO.indexOf(" ") + 1, dZO.length()): null

18-11-2024T10:38:25 - [TEST_STEP][PASSED] - if (reducedDZO.contains(" ")): null

18-11-2024T10:38:25 - [TEST_STEP][PASSED] - reducedDZO = reducedDZO.substring(reducedDZO.indexOf(" ") + 1, reducedDZO.length()): null

18-11-2024T10:38:25 - [TEST_STEP][PASSED] - if (reducedDZO.contains(" ")): null

18-11-2024T10:38:25 - [TEST_STEP][PASSED] - reducedDZO = reducedDZO.substring(reducedDZO.indexOf(" ") + 1, reducedDZO.length()): null

18-11-2024T10:38:25 - [TEST_STEP][PASSED] - println(reducedDZO): null

18-11-2024T10:38:25 - [TEST_STEP][PASSED] - dzoCut = <not implemented yet for class: org.codehaus.groovy.ast.expr.EmptyExpression>: null

18-11-2024T10:38:25 - [TEST_STEP][PASSED] - Script1718980020443.DZO(a): null

18-11-2024T10:38:25 - [TEST_STEP][PASSED] - Script1718980020443.OpenFilter(): null

18-11-2024T10:38:25 - [TEST_STEP][PASSED] - click(findTestObject("Object Repository/Выполнение бизнес-плана/Фильтр ДЗО")): Object: 'Object Repository/Выполнение бизнес-плана/Фильтр ДЗО' is clicked on

18-11-2024T10:38:26 - [MESSAGE][PASSED] - Object: 'Object Repository/Выполнение бизнес-плана/Фильтр ДЗО' is clicked on

18-11-2024T10:38:26 - [TEST_STEP][PASSED] - click(findTestObject("Выполнение бизнес-плана/Снять выделение в фильтре ДЗО")): Object: 'Object Repository/Выполнение бизнес-плана/Снять выделение в фильтре ДЗО' is clicked on

18-11-2024T10:38:26 - [MESSAGE][PASSED] - Object: 'Object Repository/Выполнение бизнес-плана/Снять выделение в фильтре ДЗО' is clicked on

18-11-2024T10:38:26 - [TEST_STEP][PASSED] - Script1718980020443.OpenRSK(): null

18-11-2024T10:38:26 - [TEST_STEP][PASSED] - click(findTestObject("Выполнение бизнес-плана/Раскрыть список ПАО Россети в фильтре ДЗО")): Object: 'Object Repository/Выполнение бизнес-плана/Раскрыть список ПАО Россети в фильтре ДЗО' is clicked on

18-11-2024T10:38:27 - [MESSAGE][PASSED] - Object: 'Object Repository/Выполнение бизнес-плана/Раскрыть список ПАО Россети в фильтре ДЗО' is clicked on

18-11-2024T10:38:27 - [TEST_STEP][PASSED] - click(findTestObject("Выполнение бизнес-плана/Раскрыть список РаспредКомплекс в фильтре ДЗО")): Object: 'Object Repository/Выполнение бизнес-плана/Раскрыть список РаспредКомплекс в фильтре ДЗО' is clicked on

18-11-2024T10:38:27 - [MESSAGE][PASSED] - Object: 'Object Repository/Выполнение бизнес-плана/Раскрыть список РаспредКомплекс в фильтре ДЗО' is clicked on

18-11-2024T10:38:27 - [TEST_STEP][PASSED] - if (a == 28): null

18-11-2024T10:38:27 - [TEST_STEP][PASSED] - if (a == 77): null

18-11-2024T10:38:27 - [TEST_STEP][PASSED] - if (a == 74): null

18-11-2024T10:38:27 - [TEST_STEP][PASSED] - if (a == 65): null

18-11-2024T10:38:27 - [TEST_STEP][PASSED] - if (a == 36): null

18-11-2024T10:38:27 - [TEST_STEP][PASSED] - if (a == 44): null

18-11-2024T10:38:27 - [TEST_STEP][PASSED] - if (a == 54): null

18-11-2024T10:38:27 - [TEST_STEP][PASSED] - if (a == 1): null

18-11-2024T10:38:27 - [TEST_STEP][PASSED] - if (a == 18): Object: 'Object Repository/Выполнение бизнес-плана/Россети Центр и Приволжье' is clicked on

18-11-2024T10:38:27 - [TEST_STEP][PASSED] - scrollToElement(findTestObject("Выполнение бизнес-плана/Россети Центр и Приволжье"), 30): Scroll to object 'Object Repository/Выполнение бизнес-плана/Россети Центр и Приволжье' successfully

18-11-2024T10:38:27 - [MESSAGE][PASSED] - Scroll to object 'Object Repository/Выполнение бизнес-плана/Россети Центр и Приволжье' successfully

18-11-2024T10:38:27 - [TEST_STEP][PASSED] - click(findTestObject("Выполнение бизнес-плана/Россети Центр и Приволжье")): Object: 'Object Repository/Выполнение бизнес-плана/Россети Центр и Приволжье' is clicked on

18-11-2024T10:38:28 - [MESSAGE][PASSED] - Object: 'Object Repository/Выполнение бизнес-плана/Россети Центр и Приволжье' is clicked on

18-11-2024T10:38:28 - [TEST_STEP][PASSED] - if (a == 59): null

18-11-2024T10:38:28 - [TEST_STEP][PASSED] - Script1718980020443.CloseFilter(): null

18-11-2024T10:38:28 - [TEST_STEP][PASSED] - scrollToElement(findTestObject("Выполнение бизнес-плана/Заголовок дашборда"), 30): Scroll to object 'Object Repository/Выполнение бизнес-плана/Заголовок дашборда' successfully

18-11-2024T10:38:28 - [MESSAGE][PASSED] - Scroll to object 'Object Repository/Выполнение бизнес-плана/Заголовок дашборда' successfully

18-11-2024T10:38:28 - [TEST_STEP][PASSED] - click(findTestObject("Object Repository/Выполнение бизнес-плана/Применить в фильтре ДЗО")): Object: 'Object Repository/Выполнение бизнес-плана/Применить в фильтре ДЗО' is clicked on

18-11-2024T10:38:29 - [MESSAGE][PASSED] - Object: 'Object Repository/Выполнение бизнес-плана/Применить в фильтре ДЗО' is clicked on

18-11-2024T10:38:29 - [TEST_STEP][PASSED] - Script1718980020443.ZakrytOpoveshenie(): null

18-11-2024T10:38:29 - [TEST_STEP][PASSED] - delay(10): Delayed 10 second(s)

18-11-2024T10:38:39 - [MESSAGE][PASSED] - Delayed 10 second(s)

18-11-2024T10:38:39 - [TEST_STEP][PASSED] - opoveshenie = getText(findTestObject("Выполнение бизнес-плана/Просьба обратить внимание")): Text of object 'Object Repository/Выполнение бизнес-плана/Просьба обратить внимание' is: ''

18-11-2024T10:39:07 - [MESSAGE][PASSED] - Text of object 'Object Repository/Выполнение бизнес-плана/Просьба обратить внимание' is: ''

18-11-2024T10:39:07 - [TEST_STEP][PASSED] - println(opoveshenie): null

18-11-2024T10:39:07 - [TEST_STEP][PASSED] - if (opoveshenie == "Просьба обратить внимание"): null

18-11-2024T10:39:07 - [TEST_STEP][PASSED] - page = getText(findTestObject("Object Repository/Выполнение бизнес-плана/Filials")): Text of object 'Object Repository/Выполнение бизнес-плана/Filials' is: 'Россети Центр и Приволжье (ГК)
0
10
20
30
40
50
60
70'

18-11-2024T10:39:07 - [MESSAGE][PASSED] - Text of object 'Object Repository/Выполнение бизнес-плана/Filials' is: 'Россети Центр и Приволжье (ГК)
0
10
20
30
40
50
60
70'

18-11-2024T10:39:07 - [TEST_STEP][PASSED] - println(page): null

18-11-2024T10:39:07 - [TEST_STEP][PASSED] - c = page.indexOf(reducedDZO): null

18-11-2024T10:39:07 - [TEST_STEP][PASSED] - if (c > -1): null

18-11-2024T10:39:07 - [TEST_STEP][PASSED] - click(findTestObject("Выполнение бизнес-плана/список")): Object: 'Object Repository/Выполнение бизнес-плана/список' is clicked on

18-11-2024T10:39:08 - [MESSAGE][PASSED] - Object: 'Object Repository/Выполнение бизнес-плана/список' is clicked on

18-11-2024T10:39:08 - [TEST_STEP][PASSED] - delay(10): Delayed 10 second(s)

18-11-2024T10:39:18 - [MESSAGE][PASSED] - Delayed 10 second(s)

18-11-2024T10:39:18 - [TEST_STEP][PASSED] - click(findTestObject("Выполнение бизнес-плана/Раскрытие списка")): Object: 'Object Repository/Выполнение бизнес-плана/Раскрытие списка' is clicked on

18-11-2024T10:39:18 - [MESSAGE][PASSED] - Object: 'Object Repository/Выполнение бизнес-плана/Раскрытие списка' is clicked on

18-11-2024T10:39:18 - [TEST_STEP][PASSED] - delay(10): Delayed 10 second(s)

18-11-2024T10:39:28 - [MESSAGE][PASSED] - Delayed 10 second(s)

18-11-2024T10:39:28 - [TEST_STEP][PASSED] - page = getText(findTestObject("Object Repository/Выполнение бизнес-плана/Filials")): Text of object 'Object Repository/Выполнение бизнес-плана/Filials' is: 'Владимирэнерго
Ивэнерго
Калугаэнерго
Кировэнерго
Мариэнерго
Нижновэнерго
Рязаньэнерго
Тулэнерго
Удмуртэнерго
0
10
20
30
40
50
60
70'

18-11-2024T10:39:31 - [MESSAGE][PASSED] - Text of object 'Object Repository/Выполнение бизнес-плана/Filials' is: 'Владимирэнерго
Ивэнерго
Калугаэнерго
Кировэнерго
Мариэнерго
Нижновэнерго
Рязаньэнерго
Тулэнерго
Удмуртэнерго
0
10
20
30
40
50
60
70'

18-11-2024T10:39:31 - [TEST_STEP][PASSED] - println(page): null

18-11-2024T10:39:31 - [TEST_STEP][PASSED] - c = page.indexOf(reducedDZO): null

18-11-2024T10:39:31 - [TEST_STEP][PASSED] - x2 = getText(findTestObject("Выполнение бизнес-плана/Список ДЗО старый")): Text of object 'Object Repository/Выполнение бизнес-плана/Список ДЗО старый' is: 'Владимирэнерго
Ивэнерго
Калугаэнерго
Кировэнерго
Мариэнерго
Нижновэнерго
Рязаньэнерго
Тулэнерго
Удмуртэнерго
0
10
20
30
40
50
60
70'

18-11-2024T10:39:31 - [MESSAGE][PASSED] - Text of object 'Object Repository/Выполнение бизнес-плана/Список ДЗО старый' is: 'Владимирэнерго
Ивэнерго
Калугаэнерго
Кировэнерго
Мариэнерго
Нижновэнерго
Рязаньэнерго
Тулэнерго
Удмуртэнерго
0
10
20
30
40
50
60
70'

18-11-2024T10:39:31 - [TEST_STEP][PASSED] - if (a == 28): null

18-11-2024T10:39:31 - [TEST_STEP][PASSED] - if (a == 77): null

18-11-2024T10:39:31 - [TEST_STEP][PASSED] - if (a == 74): null

18-11-2024T10:39:31 - [TEST_STEP][PASSED] - if (a == 65): null

18-11-2024T10:39:31 - [TEST_STEP][PASSED] - if (a == 1): null

18-11-2024T10:39:31 - [TEST_STEP][PASSED] - if (a == 18): null

18-11-2024T10:39:31 - [TEST_STEP][PASSED] - dZO = "Владимирэнерго": null

18-11-2024T10:39:31 - [TEST_STEP][PASSED] - a = 19: null

18-11-2024T10:39:31 - [TEST_STEP][PASSED] - if (x2.contains(dZO)): null

18-11-2024T10:39:31 - [TEST_STEP][PASSED] - filialNum = filialNum + 1: null

18-11-2024T10:39:31 - [TEST_STEP][PASSED] - Script1718980020443.Numbers(a, typeOfData, todaysDate, pageInt, fileInt, pageDouble, fileDouble, dZO, dzoNum, filialNum): null

18-11-2024T10:39:31 - [TEST_STEP][PASSED] - println(dzoNum): null

18-11-2024T10:39:31 - [TEST_STEP][PASSED] - planFact = <not implemented yet for class: org.codehaus.groovy.ast.expr.EmptyExpression>: null

18-11-2024T10:39:31 - [TEST_STEP][PASSED] - page = <not implemented yet for class: org.codehaus.groovy.ast.expr.EmptyExpression>: null

18-11-2024T10:39:31 - [TEST_STEP][PASSED] - page1 = <not implemented yet for class: org.codehaus.groovy.ast.expr.EmptyExpression>: null

18-11-2024T10:39:31 - [TEST_STEP][PASSED] - page2 = <not implemented yet for class: org.codehaus.groovy.ast.expr.EmptyExpression>: null

18-11-2024T10:39:31 - [TEST_STEP][PASSED] - filialNumberInRow = <not implemented yet for class: org.codehaus.groovy.ast.expr.EmptyExpression>: null

18-11-2024T10:39:31 - [TEST_STEP][PASSED] - filialsDzoNames = <not implemented yet for class: org.codehaus.groovy.ast.expr.EmptyExpression>: null

18-11-2024T10:39:31 - [TEST_STEP][PASSED] - numberOfFilials = <not implemented yet for class: org.codehaus.groovy.ast.expr.EmptyExpression>: null

18-11-2024T10:39:31 - [TEST_STEP][PASSED] - numberOfSpaces = <not implemented yet for class: org.codehaus.groovy.ast.expr.EmptyExpression>: null

18-11-2024T10:39:31 - [TEST_STEP][PASSED] - file = <not implemented yet for class: org.codehaus.groovy.ast.expr.EmptyExpression>: null

18-11-2024T10:39:31 - [TEST_STEP][PASSED] - otpusk = <not implemented yet for class: org.codehaus.groovy.ast.expr.EmptyExpression>: null

18-11-2024T10:39:31 - [TEST_STEP][PASSED] - poteri = <not implemented yet for class: org.codehaus.groovy.ast.expr.EmptyExpression>: null

18-11-2024T10:39:31 - [TEST_STEP][PASSED] - dataFolder = "Выполнение бизнес-плана/Значения со страницы Выполнение бизнес-плана/": null

18-11-2024T10:39:31 - [TEST_STEP][PASSED] - path = <not implemented yet for class: org.codehaus.groovy.ast.expr.EmptyExpression>: null

18-11-2024T10:39:31 - [TEST_STEP][PASSED] - typeOfDataMain = <not implemented yet for class: org.codehaus.groovy.ast.expr.EmptyExpression>: null

18-11-2024T10:39:31 - [TEST_STEP][PASSED] - fileOtpuskVSet = <not implemented yet for class: org.codehaus.groovy.ast.expr.EmptyExpression>: null

18-11-2024T10:39:31 - [TEST_STEP][PASSED] - pageOtpuskVSet = <not implemented yet for class: org.codehaus.groovy.ast.expr.EmptyExpression>: null

18-11-2024T10:39:31 - [TEST_STEP][PASSED] - filePoteri = <not implemented yet for class: org.codehaus.groovy.ast.expr.EmptyExpression>: null

18-11-2024T10:39:31 - [TEST_STEP][PASSED] - pagePoteri = <not implemented yet for class: org.codehaus.groovy.ast.expr.EmptyExpression>: null

18-11-2024T10:39:31 - [TEST_STEP][PASSED] - compare = <not implemented yet for class: org.codehaus.groovy.ast.expr.EmptyExpression>: null

18-11-2024T10:39:31 - [TEST_STEP][PASSED] - b = <not implemented yet for class: org.codehaus.groovy.ast.expr.EmptyExpression>: null

18-11-2024T10:39:31 - [TEST_STEP][PASSED] - i = <not implemented yet for class: org.codehaus.groovy.ast.expr.EmptyExpression>: null

18-11-2024T10:39:31 - [TEST_STEP][PASSED] - ii = <not implemented yet for class: org.codehaus.groovy.ast.expr.EmptyExpression>: null

18-11-2024T10:39:31 - [TEST_STEP][PASSED] - c = <not implemented yet for class: org.codehaus.groovy.ast.expr.EmptyExpression>: null

18-11-2024T10:39:31 - [TEST_STEP][PASSED] - numberOfErrors = 0: null

18-11-2024T10:39:31 - [TEST_STEP][PASSED] - if (a == 82): null

18-11-2024T10:39:31 - [TEST_STEP][PASSED] - b = findTestData("PlanFact").getValue(1, a): null

18-11-2024T10:39:31 - [TEST_STEP][PASSED] - i = b.indexOf(" (ГК)"): null

18-11-2024T10:39:31 - [TEST_STEP][PASSED] - if (i > -1): null

18-11-2024T10:39:31 - [TEST_STEP][PASSED] - i = b.indexOf("О ""): null

18-11-2024T10:39:31 - [TEST_STEP][PASSED] - if (i > -1): null

18-11-2024T10:39:31 - [TEST_STEP][PASSED] - i = b.indexOf("О «"): null

18-11-2024T10:39:31 - [TEST_STEP][PASSED] - if (i > -1): null

18-11-2024T10:39:31 - [TEST_STEP][PASSED] - i = b.indexOf("г. "): null

18-11-2024T10:39:31 - [TEST_STEP][PASSED] - if (i > -1): null

18-11-2024T10:39:31 - [TEST_STEP][PASSED] - println(b): null

18-11-2024T10:39:31 - [TEST_STEP][PASSED] - for ([planFact = 1, planFact < 3, (planFact++)]): Object: 'Object Repository/Выполнение бизнес-плана/Кнопка Факт' is clicked on

18-11-2024T10:39:31 - [TEST_STEP][PASSED] - if (planFact == 1): null

18-11-2024T10:39:31 - [TEST_STEP][PASSED] - typeOfDataMain = "Факт": null

18-11-2024T10:39:31 - [TEST_STEP][PASSED] - otpusk = findTestData("PlanFact").getValue(5, a): null

18-11-2024T10:39:31 - [TEST_STEP][PASSED] - poteri = findTestData("PlanFact").getValue(6, a): null

18-11-2024T10:39:31 - [TEST_STEP][PASSED] - otpusk = otpusk.replaceAll("\s+", ""): null

18-11-2024T10:39:31 - [TEST_STEP][PASSED] - poteri = poteri.replaceAll("\s+", ""): null

18-11-2024T10:39:31 - [TEST_STEP][PASSED] - typeOfData = typeOfDataMain + " Отпуск в сеть": null

18-11-2024T10:39:31 - [TEST_STEP][PASSED] - if (a == 82): null

18-11-2024T10:39:31 - [TEST_STEP][PASSED] - else if (a == 84): null

18-11-2024T10:39:31 - [TEST_STEP][PASSED] - else if (a == 52 || a == 72 || a == 28 || a == 73 || a == 77 || a == 74 || a == 65 || a == 36 || a == 44 || a == 53 || a == 80 || a == 54 || a == 1 || a == 18 || a == 59 || a == 81): null

18-11-2024T10:39:31 - [TEST_STEP][PASSED] - else: null

18-11-2024T10:39:31 - [TEST_STEP][PASSED] - path = dataFolder + typeOfData + " за отчётный период " + b: null

18-11-2024T10:39:31 - [TEST_STEP][PASSED] - println(path): null

18-11-2024T10:39:31 - [TEST_STEP][PASSED] - page = getText(findTestObject(path)): Text of object 'Object Repository/Выполнение бизнес-плана/Значения со страницы Выполнение бизнес-плана/Факт Отпуск в сеть за отчётный период Владимирэнерго' is: '4 581 524'

18-11-2024T10:39:32 - [MESSAGE][PASSED] - Text of object 'Object Repository/Выполнение бизнес-плана/Значения со страницы Выполнение бизнес-плана/Факт Отпуск в сеть за отчётный период Владимирэнерго' is: '4 581 524'

18-11-2024T10:39:32 - [TEST_STEP][PASSED] - page = page.replaceAll("\s+", ""): null

18-11-2024T10:39:32 - [TEST_STEP][PASSED] - fileOtpuskVSet = otpusk.toInteger(): null

18-11-2024T10:39:32 - [TEST_STEP][PASSED] - pageOtpuskVSet = page.toInteger(): null

18-11-2024T10:39:32 - [TEST_STEP][PASSED] - typeOfData = typeOfDataMain + " Потери": null

18-11-2024T10:39:32 - [TEST_STEP][PASSED] - if (a == 82): null

18-11-2024T10:39:32 - [TEST_STEP][PASSED] - else if (a == 84): null

18-11-2024T10:39:32 - [TEST_STEP][PASSED] - else if (a == 52 || a == 72 || a == 28 || a == 73 || a == 77 || a == 74 || a == 65 || a == 36 || a == 44 || a == 53 || a == 80 || a == 54 || a == 1 || a == 18 || a == 59 || a == 81): null

18-11-2024T10:39:32 - [TEST_STEP][PASSED] - else: null

18-11-2024T10:39:32 - [TEST_STEP][PASSED] - path = dataFolder + typeOfData + " за отчётный период " + b: null

18-11-2024T10:39:32 - [TEST_STEP][PASSED] - page = getText(findTestObject(path)): Text of object 'Object Repository/Выполнение бизнес-плана/Значения со страницы Выполнение бизнес-плана/Факт Потери за отчётный период Владимирэнерго' is: '255 337'

18-11-2024T10:39:32 - [MESSAGE][PASSED] - Text of object 'Object Repository/Выполнение бизнес-плана/Значения со страницы Выполнение бизнес-плана/Факт Потери за отчётный период Владимирэнерго' is: '255 337'

18-11-2024T10:39:32 - [TEST_STEP][PASSED] - page = page.replaceAll("\s+", ""): null

18-11-2024T10:39:32 - [TEST_STEP][PASSED] - filePoteri = poteri.toInteger(): null

18-11-2024T10:39:32 - [TEST_STEP][PASSED] - pagePoteri = page.toInteger(): null

18-11-2024T10:39:32 - [TEST_STEP][PASSED] - compare = pageOtpuskVSet: null

18-11-2024T10:39:32 - [TEST_STEP][PASSED] - if (compare == fileOtpuskVSet): null

18-11-2024T10:39:32 - [TEST_STEP][PASSED] - if (compare == fileOtpuskVSet): null

18-11-2024T10:39:32 - [TEST_STEP][PASSED] - compare = pagePoteri: null

18-11-2024T10:39:32 - [TEST_STEP][PASSED] - if (compare == filePoteri): null

18-11-2024T10:39:32 - [TEST_STEP][PASSED] - if (compare == filePoteri): null

18-11-2024T10:39:32 - [TEST_STEP][PASSED] - if (planFact == 2): null

18-11-2024T10:39:32 - [TEST_STEP][PASSED] - if (planFact == 1): null

18-11-2024T10:39:32 - [TEST_STEP][PASSED] - else if (planFact == 2): null

18-11-2024T10:39:32 - [TEST_STEP][PASSED] - click(findTestObject("Выполнение бизнес-плана/Кнопка План")): Object: 'Object Repository/Выполнение бизнес-плана/Кнопка План' is clicked on

18-11-2024T10:39:32 - [MESSAGE][PASSED] - Object: 'Object Repository/Выполнение бизнес-плана/Кнопка План' is clicked on

18-11-2024T10:39:32 - [TEST_STEP][PASSED] - typeOfDataMain = "План": null

18-11-2024T10:39:32 - [TEST_STEP][PASSED] - otpusk = findTestData("PlanFact").getValue(2, a): null

18-11-2024T10:39:32 - [TEST_STEP][PASSED] - poteri = findTestData("PlanFact").getValue(3, a): null

18-11-2024T10:39:32 - [TEST_STEP][PASSED] - otpusk = otpusk.replaceAll("\s+", ""): null

18-11-2024T10:39:32 - [TEST_STEP][PASSED] - poteri = poteri.replaceAll("\s+", ""): null

18-11-2024T10:39:32 - [TEST_STEP][PASSED] - typeOfData = typeOfDataMain + " Отпуск в сеть": null

18-11-2024T10:39:32 - [TEST_STEP][PASSED] - if (a == 82): null

18-11-2024T10:39:32 - [TEST_STEP][PASSED] - else if (a == 84): null

18-11-2024T10:39:32 - [TEST_STEP][PASSED] - else if (a == 52 || a == 72 || a == 28 || a == 73 || a == 77 || a == 74 || a == 65 || a == 36 || a == 44 || a == 53 || a == 80 || a == 54 || a == 1 || a == 18 || a == 59 || a == 81): null

18-11-2024T10:39:32 - [TEST_STEP][PASSED] - else: null

18-11-2024T10:39:32 - [TEST_STEP][PASSED] - path = dataFolder + typeOfData + " за отчётный период " + b: null

18-11-2024T10:39:32 - [TEST_STEP][PASSED] - println(path): null

18-11-2024T10:39:32 - [TEST_STEP][PASSED] - page = getText(findTestObject(path)): Text of object 'Object Repository/Выполнение бизнес-плана/Значения со страницы Выполнение бизнес-плана/План Отпуск в сеть за отчётный период Владимирэнерго' is: '4 404 966'

18-11-2024T10:39:33 - [MESSAGE][PASSED] - Text of object 'Object Repository/Выполнение бизнес-плана/Значения со страницы Выполнение бизнес-плана/План Отпуск в сеть за отчётный период Владимирэнерго' is: '4 404 966'

18-11-2024T10:39:33 - [TEST_STEP][PASSED] - page = page.replaceAll("\s+", ""): null

18-11-2024T10:39:33 - [TEST_STEP][PASSED] - fileOtpuskVSet = otpusk.toInteger(): null

18-11-2024T10:39:33 - [TEST_STEP][PASSED] - pageOtpuskVSet = page.toInteger(): null

18-11-2024T10:39:33 - [TEST_STEP][PASSED] - typeOfData = typeOfDataMain + " Потери": null

18-11-2024T10:39:33 - [TEST_STEP][PASSED] - if (a == 82): null

18-11-2024T10:39:33 - [TEST_STEP][PASSED] - else if (a == 84): null

18-11-2024T10:39:33 - [TEST_STEP][PASSED] - else if (a == 52 || a == 72 || a == 28 || a == 73 || a == 77 || a == 74 || a == 65 || a == 36 || a == 44 || a == 53 || a == 80 || a == 54 || a == 1 || a == 18 || a == 59 || a == 81): null

18-11-2024T10:39:33 - [TEST_STEP][PASSED] - else: null

18-11-2024T10:39:33 - [TEST_STEP][PASSED] - path = dataFolder + typeOfData + " за отчётный период " + b: null

18-11-2024T10:39:33 - [TEST_STEP][PASSED] - page = getText(findTestObject(path)): Text of object 'Object Repository/Выполнение бизнес-плана/Значения со страницы Выполнение бизнес-плана/План Потери за отчётный период Владимирэнерго' is: '276 917'

18-11-2024T10:39:33 - [MESSAGE][PASSED] - Text of object 'Object Repository/Выполнение бизнес-плана/Значения со страницы Выполнение бизнес-плана/План Потери за отчётный период Владимирэнерго' is: '276 917'

18-11-2024T10:39:33 - [TEST_STEP][PASSED] - page = page.replaceAll("\s+", ""): null

18-11-2024T10:39:33 - [TEST_STEP][PASSED] - filePoteri = poteri.toInteger(): null

18-11-2024T10:39:33 - [TEST_STEP][PASSED] - pagePoteri = page.toInteger(): null

18-11-2024T10:39:33 - [TEST_STEP][PASSED] - compare = pageOtpuskVSet: null

18-11-2024T10:39:33 - [TEST_STEP][PASSED] - if (compare == fileOtpuskVSet): null

18-11-2024T10:39:33 - [TEST_STEP][PASSED] - if (compare == fileOtpuskVSet): null

18-11-2024T10:39:33 - [TEST_STEP][PASSED] - compare = pagePoteri: null

18-11-2024T10:39:33 - [TEST_STEP][PASSED] - if (compare == filePoteri): null

18-11-2024T10:39:33 - [TEST_STEP][PASSED] - if (compare == filePoteri): null

18-11-2024T10:39:33 - [TEST_STEP][PASSED] - if (planFact == 2): Object: 'Object Repository/Выполнение бизнес-плана/Кнопка Факт' is clicked on

18-11-2024T10:39:33 - [TEST_STEP][PASSED] - click(findTestObject("Выполнение бизнес-плана/Кнопка Факт")): Object: 'Object Repository/Выполнение бизнес-плана/Кнопка Факт' is clicked on

18-11-2024T10:39:33 - [MESSAGE][PASSED] - Object: 'Object Repository/Выполнение бизнес-плана/Кнопка Факт' is clicked on

18-11-2024T10:39:33 - [TEST_STEP][PASSED] - if (a == 84 || a == 82): null

18-11-2024T10:39:33 - [TEST_STEP][PASSED] - else if (a == 52 || a == 72 || a == 28 || a == 73 || a == 77 || a == 74 || a == 65 || a == 36 || a == 44 || a == 53 || a == 80 || a == 54 || a == 1 || a == 18 || a == 59 || a == 81): null

18-11-2024T10:39:33 - [TEST_STEP][PASSED] - else: null

18-11-2024T10:39:33 - [TEST_STEP][PASSED] - page1 = getText(findTestObject("Object Repository/Выполнение бизнес-плана/spanPlan" + filialNum)): Text of object 'Object Repository/Выполнение бизнес-плана/spanPlan1' is: '6.29
|'

18-11-2024T10:39:34 - [MESSAGE][PASSED] - Text of object 'Object Repository/Выполнение бизнес-плана/spanPlan1' is: '6.29
|'

18-11-2024T10:39:34 - [TEST_STEP][PASSED] - page1 = page1.replace("|", ""): null

18-11-2024T10:39:34 - [TEST_STEP][PASSED] - page2 = getText(findTestObject("Object Repository/Выполнение бизнес-плана/spanFact" + filialNum)): Text of object 'Object Repository/Выполнение бизнес-плана/spanFact1' is: '5.57
|'

18-11-2024T10:39:34 - [MESSAGE][PASSED] - Text of object 'Object Repository/Выполнение бизнес-плана/spanFact1' is: '5.57
|'

18-11-2024T10:39:34 - [TEST_STEP][PASSED] - page2 = page2.replace("|", ""): null

18-11-2024T10:39:34 - [TEST_STEP][PASSED] - println("page1: " + page1): null

18-11-2024T10:39:34 - [TEST_STEP][PASSED] - println("page2: " + page2): null

18-11-2024T10:39:34 - [TEST_STEP][PASSED] - file = findTestData("PlanFact").getValue(4, a): null

18-11-2024T10:39:34 - [TEST_STEP][PASSED] - file = file.replace(",", "."): null

18-11-2024T10:39:34 - [TEST_STEP][PASSED] - println("file Plan: " + file): null

18-11-2024T10:39:34 - [TEST_STEP][PASSED] - typeOfData = "План в процентах": null

18-11-2024T10:39:34 - [TEST_STEP][PASSED] - fileDouble = file.toDouble(): null

18-11-2024T10:39:34 - [TEST_STEP][PASSED] - pageDouble = page1.toDouble(): null

18-11-2024T10:39:34 - [TEST_STEP][PASSED] - if (fileDouble != pageDouble): null

18-11-2024T10:39:34 - [TEST_STEP][PASSED] - file = findTestData("PlanFact").getValue(7, a): null

18-11-2024T10:39:34 - [TEST_STEP][PASSED] - file = file.replace(",", "."): null

18-11-2024T10:39:34 - [TEST_STEP][PASSED] - println("file Fact: " + file): null

18-11-2024T10:39:34 - [TEST_STEP][PASSED] - fileDouble = file.toDouble(): null

18-11-2024T10:39:34 - [TEST_STEP][PASSED] - typeOfData = "Факт в процентах": null

18-11-2024T10:39:34 - [TEST_STEP][PASSED] - fileDouble = file.toDouble(): null

18-11-2024T10:39:34 - [TEST_STEP][PASSED] - pageDouble = page2.toDouble(): null

18-11-2024T10:39:34 - [TEST_STEP][PASSED] - if (fileDouble != pageDouble): null

18-11-2024T10:39:34 - [TEST_STEP][PASSED] - if (verifyEqual(numberOfErrors, 0) == false): Actual object '0' and expected object '0' are equal

18-11-2024T10:39:34 - [MESSAGE][PASSED] - Actual object '0' and expected object '0' are equal

18-11-2024T10:39:34 - [TEST_STEP][PASSED] - if (a == 82): null

18-11-2024T10:39:34 - [TEST_STEP][PASSED] - dZO = "Ивэнерго": null

18-11-2024T10:39:34 - [TEST_STEP][PASSED] - a = 20: null

18-11-2024T10:39:34 - [TEST_STEP][PASSED] - if (x2.contains(dZO)): null

18-11-2024T10:39:34 - [TEST_STEP][PASSED] - filialNum = filialNum + 1: null

18-11-2024T10:39:34 - [TEST_STEP][PASSED] - Script1718980020443.Numbers(a, typeOfData, todaysDate, pageInt, fileInt, pageDouble, fileDouble, dZO, dzoNum, filialNum): null

18-11-2024T10:39:34 - [TEST_STEP][PASSED] - println(dzoNum): null

18-11-2024T10:39:34 - [TEST_STEP][PASSED] - planFact = <not implemented yet for class: org.codehaus.groovy.ast.expr.EmptyExpression>: null

18-11-2024T10:39:34 - [TEST_STEP][PASSED] - page = <not implemented yet for class: org.codehaus.groovy.ast.expr.EmptyExpression>: null

18-11-2024T10:39:34 - [TEST_STEP][PASSED] - page1 = <not implemented yet for class: org.codehaus.groovy.ast.expr.EmptyExpression>: null

18-11-2024T10:39:34 - [TEST_STEP][PASSED] - page2 = <not implemented yet for class: org.codehaus.groovy.ast.expr.EmptyExpression>: null

18-11-2024T10:39:34 - [TEST_STEP][PASSED] - filialNumberInRow = <not implemented yet for class: org.codehaus.groovy.ast.expr.EmptyExpression>: null

18-11-2024T10:39:34 - [TEST_STEP][PASSED] - filialsDzoNames = <not implemented yet for class: org.codehaus.groovy.ast.expr.EmptyExpression>: null

18-11-2024T10:39:34 - [TEST_STEP][PASSED] - numberOfFilials = <not implemented yet for class: org.codehaus.groovy.ast.expr.EmptyExpression>: null

18-11-2024T10:39:34 - [TEST_STEP][PASSED] - numberOfSpaces = <not implemented yet for class: org.codehaus.groovy.ast.expr.EmptyExpression>: null

18-11-2024T10:39:34 - [TEST_STEP][PASSED] - file = <not implemented yet for class: org.codehaus.groovy.ast.expr.EmptyExpression>: null

18-11-2024T10:39:34 - [TEST_STEP][PASSED] - otpusk = <not implemented yet for class: org.codehaus.groovy.ast.expr.EmptyExpression>: null

18-11-2024T10:39:34 - [TEST_STEP][PASSED] - poteri = <not implemented yet for class: org.codehaus.groovy.ast.expr.EmptyExpression>: null

18-11-2024T10:39:34 - [TEST_STEP][PASSED] - dataFolder = "Выполнение бизнес-плана/Значения со страницы Выполнение бизнес-плана/": null

18-11-2024T10:39:34 - [TEST_STEP][PASSED] - path = <not implemented yet for class: org.codehaus.groovy.ast.expr.EmptyExpression>: null

18-11-2024T10:39:34 - [TEST_STEP][PASSED] - typeOfDataMain = <not implemented yet for class: org.codehaus.groovy.ast.expr.EmptyExpression>: null

18-11-2024T10:39:34 - [TEST_STEP][PASSED] - fileOtpuskVSet = <not implemented yet for class: org.codehaus.groovy.ast.expr.EmptyExpression>: null

18-11-2024T10:39:34 - [TEST_STEP][PASSED] - pageOtpuskVSet = <not implemented yet for class: org.codehaus.groovy.ast.expr.EmptyExpression>: null

18-11-2024T10:39:34 - [TEST_STEP][PASSED] - filePoteri = <not implemented yet for class: org.codehaus.groovy.ast.expr.EmptyExpression>: null

18-11-2024T10:39:34 - [TEST_STEP][PASSED] - pagePoteri = <not implemented yet for class: org.codehaus.groovy.ast.expr.EmptyExpression>: null

18-11-2024T10:39:34 - [TEST_STEP][PASSED] - compare = <not implemented yet for class: org.codehaus.groovy.ast.expr.EmptyExpression>: null

18-11-2024T10:39:34 - [TEST_STEP][PASSED] - b = <not implemented yet for class: org.codehaus.groovy.ast.expr.EmptyExpression>: null

18-11-2024T10:39:34 - [TEST_STEP][PASSED] - i = <not implemented yet for class: org.codehaus.groovy.ast.expr.EmptyExpression>: null

18-11-2024T10:39:34 - [TEST_STEP][PASSED] - ii = <not implemented yet for class: org.codehaus.groovy.ast.expr.EmptyExpression>: null

18-11-2024T10:39:34 - [TEST_STEP][PASSED] - c = <not implemented yet for class: org.codehaus.groovy.ast.expr.EmptyExpression>: null

18-11-2024T10:39:34 - [TEST_STEP][PASSED] - numberOfErrors = 0: null

18-11-2024T10:39:34 - [TEST_STEP][PASSED] - if (a == 82): null

18-11-2024T10:39:34 - [TEST_STEP][PASSED] - b = findTestData("PlanFact").getValue(1, a): null

18-11-2024T10:39:34 - [TEST_STEP][PASSED] - i = b.indexOf(" (ГК)"): null

18-11-2024T10:39:34 - [TEST_STEP][PASSED] - if (i > -1): null

18-11-2024T10:39:34 - [TEST_STEP][PASSED] - i = b.indexOf("О ""): null

18-11-2024T10:39:34 - [TEST_STEP][PASSED] - if (i > -1): null

18-11-2024T10:39:34 - [TEST_STEP][PASSED] - i = b.indexOf("О «"): null

18-11-2024T10:39:34 - [TEST_STEP][PASSED] - if (i > -1): null

18-11-2024T10:39:34 - [TEST_STEP][PASSED] - i = b.indexOf("г. "): null

18-11-2024T10:39:34 - [TEST_STEP][PASSED] - if (i > -1): null

18-11-2024T10:39:34 - [TEST_STEP][PASSED] - println(b): null

18-11-2024T10:39:34 - [TEST_STEP][PASSED] - for ([planFact = 1, planFact < 3, (planFact++)]): Object: 'Object Repository/Выполнение бизнес-плана/Кнопка Факт' is clicked on

18-11-2024T10:39:34 - [TEST_STEP][PASSED] - if (planFact == 1): null

18-11-2024T10:39:34 - [TEST_STEP][PASSED] - typeOfDataMain = "Факт": null

18-11-2024T10:39:34 - [TEST_STEP][PASSED] - otpusk = findTestData("PlanFact").getValue(5, a): null

18-11-2024T10:39:34 - [TEST_STEP][PASSED] - poteri = findTestData("PlanFact").getValue(6, a): null

18-11-2024T10:39:34 - [TEST_STEP][PASSED] - otpusk = otpusk.replaceAll("\s+", ""): null

18-11-2024T10:39:34 - [TEST_STEP][PASSED] - poteri = poteri.replaceAll("\s+", ""): null

18-11-2024T10:39:34 - [TEST_STEP][PASSED] - typeOfData = typeOfDataMain + " Отпуск в сеть": null

18-11-2024T10:39:34 - [TEST_STEP][PASSED] - if (a == 82): null

18-11-2024T10:39:34 - [TEST_STEP][PASSED] - else if (a == 84): null

18-11-2024T10:39:34 - [TEST_STEP][PASSED] - else if (a == 52 || a == 72 || a == 28 || a == 73 || a == 77 || a == 74 || a == 65 || a == 36 || a == 44 || a == 53 || a == 80 || a == 54 || a == 1 || a == 18 || a == 59 || a == 81): null

18-11-2024T10:39:34 - [TEST_STEP][PASSED] - else: null

18-11-2024T10:39:34 - [TEST_STEP][PASSED] - path = dataFolder + typeOfData + " за отчётный период " + b: null

18-11-2024T10:39:34 - [TEST_STEP][PASSED] - println(path): null

18-11-2024T10:39:34 - [TEST_STEP][PASSED] - page = getText(findTestObject(path)): Text of object 'Object Repository/Выполнение бизнес-плана/Значения со страницы Выполнение бизнес-плана/Факт Отпуск в сеть за отчётный период Ивэнерго' is: '2 277 416'

18-11-2024T10:39:34 - [MESSAGE][PASSED] - Text of object 'Object Repository/Выполнение бизнес-плана/Значения со страницы Выполнение бизнес-плана/Факт Отпуск в сеть за отчётный период Ивэнерго' is: '2 277 416'

18-11-2024T10:39:34 - [TEST_STEP][PASSED] - page = page.replaceAll("\s+", ""): null

18-11-2024T10:39:34 - [TEST_STEP][PASSED] - fileOtpuskVSet = otpusk.toInteger(): null

18-11-2024T10:39:34 - [TEST_STEP][PASSED] - pageOtpuskVSet = page.toInteger(): null

18-11-2024T10:39:34 - [TEST_STEP][PASSED] - typeOfData = typeOfDataMain + " Потери": null

18-11-2024T10:39:34 - [TEST_STEP][PASSED] - if (a == 82): null

18-11-2024T10:39:34 - [TEST_STEP][PASSED] - else if (a == 84): null

18-11-2024T10:39:34 - [TEST_STEP][PASSED] - else if (a == 52 || a == 72 || a == 28 || a == 73 || a == 77 || a == 74 || a == 65 || a == 36 || a == 44 || a == 53 || a == 80 || a == 54 || a == 1 || a == 18 || a == 59 || a == 81): null

18-11-2024T10:39:34 - [TEST_STEP][PASSED] - else: null

18-11-2024T10:39:34 - [TEST_STEP][PASSED] - path = dataFolder + typeOfData + " за отчётный период " + b: null

18-11-2024T10:39:34 - [TEST_STEP][PASSED] - page = getText(findTestObject(path)): Text of object 'Object Repository/Выполнение бизнес-плана/Значения со страницы Выполнение бизнес-плана/Факт Потери за отчётный период Ивэнерго' is: '191 557'

18-11-2024T10:39:35 - [MESSAGE][PASSED] - Text of object 'Object Repository/Выполнение бизнес-плана/Значения со страницы Выполнение бизнес-плана/Факт Потери за отчётный период Ивэнерго' is: '191 557'

18-11-2024T10:39:35 - [TEST_STEP][PASSED] - page = page.replaceAll("\s+", ""): null

18-11-2024T10:39:35 - [TEST_STEP][PASSED] - filePoteri = poteri.toInteger(): null

18-11-2024T10:39:35 - [TEST_STEP][PASSED] - pagePoteri = page.toInteger(): null

18-11-2024T10:39:35 - [TEST_STEP][PASSED] - compare = pageOtpuskVSet: null

18-11-2024T10:39:35 - [TEST_STEP][PASSED] - if (compare == fileOtpuskVSet): null

18-11-2024T10:39:35 - [TEST_STEP][PASSED] - if (compare == fileOtpuskVSet): null

18-11-2024T10:39:35 - [TEST_STEP][PASSED] - compare = pagePoteri: null

18-11-2024T10:39:35 - [TEST_STEP][PASSED] - if (compare == filePoteri): null

18-11-2024T10:39:35 - [TEST_STEP][PASSED] - if (compare == filePoteri): null

18-11-2024T10:39:35 - [TEST_STEP][PASSED] - if (planFact == 2): null

18-11-2024T10:39:35 - [TEST_STEP][PASSED] - if (planFact == 1): null

18-11-2024T10:39:35 - [TEST_STEP][PASSED] - else if (planFact == 2): null

18-11-2024T10:39:35 - [TEST_STEP][PASSED] - click(findTestObject("Выполнение бизнес-плана/Кнопка План")): Object: 'Object Repository/Выполнение бизнес-плана/Кнопка План' is clicked on

18-11-2024T10:39:35 - [MESSAGE][PASSED] - Object: 'Object Repository/Выполнение бизнес-плана/Кнопка План' is clicked on

18-11-2024T10:39:35 - [TEST_STEP][PASSED] - typeOfDataMain = "План": null

18-11-2024T10:39:35 - [TEST_STEP][PASSED] - otpusk = findTestData("PlanFact").getValue(2, a): null

18-11-2024T10:39:35 - [TEST_STEP][PASSED] - poteri = findTestData("PlanFact").getValue(3, a): null

18-11-2024T10:39:35 - [TEST_STEP][PASSED] - otpusk = otpusk.replaceAll("\s+", ""): null

18-11-2024T10:39:35 - [TEST_STEP][PASSED] - poteri = poteri.replaceAll("\s+", ""): null

18-11-2024T10:39:35 - [TEST_STEP][PASSED] - typeOfData = typeOfDataMain + " Отпуск в сеть": null

18-11-2024T10:39:35 - [TEST_STEP][PASSED] - if (a == 82): null

18-11-2024T10:39:35 - [TEST_STEP][PASSED] - else if (a == 84): null

18-11-2024T10:39:35 - [TEST_STEP][PASSED] - else if (a == 52 || a == 72 || a == 28 || a == 73 || a == 77 || a == 74 || a == 65 || a == 36 || a == 44 || a == 53 || a == 80 || a == 54 || a == 1 || a == 18 || a == 59 || a == 81): null

18-11-2024T10:39:35 - [TEST_STEP][PASSED] - else: null

18-11-2024T10:39:35 - [TEST_STEP][PASSED] - path = dataFolder + typeOfData + " за отчётный период " + b: null

18-11-2024T10:39:35 - [TEST_STEP][PASSED] - println(path): null

18-11-2024T10:39:35 - [TEST_STEP][PASSED] - page = getText(findTestObject(path)): Text of object 'Object Repository/Выполнение бизнес-плана/Значения со страницы Выполнение бизнес-плана/План Отпуск в сеть за отчётный период Ивэнерго' is: '2 196 097'

18-11-2024T10:39:36 - [MESSAGE][PASSED] - Text of object 'Object Repository/Выполнение бизнес-плана/Значения со страницы Выполнение бизнес-плана/План Отпуск в сеть за отчётный период Ивэнерго' is: '2 196 097'

18-11-2024T10:39:36 - [TEST_STEP][PASSED] - page = page.replaceAll("\s+", ""): null

18-11-2024T10:39:36 - [TEST_STEP][PASSED] - fileOtpuskVSet = otpusk.toInteger(): null

18-11-2024T10:39:36 - [TEST_STEP][PASSED] - pageOtpuskVSet = page.toInteger(): null

18-11-2024T10:39:36 - [TEST_STEP][PASSED] - typeOfData = typeOfDataMain + " Потери": null

18-11-2024T10:39:36 - [TEST_STEP][PASSED] - if (a == 82): null

18-11-2024T10:39:36 - [TEST_STEP][PASSED] - else if (a == 84): null

18-11-2024T10:39:36 - [TEST_STEP][PASSED] - else if (a == 52 || a == 72 || a == 28 || a == 73 || a == 77 || a == 74 || a == 65 || a == 36 || a == 44 || a == 53 || a == 80 || a == 54 || a == 1 || a == 18 || a == 59 || a == 81): null

18-11-2024T10:39:36 - [TEST_STEP][PASSED] - else: null

18-11-2024T10:39:36 - [TEST_STEP][PASSED] - path = dataFolder + typeOfData + " за отчётный период " + b: null

18-11-2024T10:39:36 - [TEST_STEP][PASSED] - page = getText(findTestObject(path)): Text of object 'Object Repository/Выполнение бизнес-плана/Значения со страницы Выполнение бизнес-плана/План Потери за отчётный период Ивэнерго' is: '178 853'

18-11-2024T10:39:36 - [MESSAGE][PASSED] - Text of object 'Object Repository/Выполнение бизнес-плана/Значения со страницы Выполнение бизнес-плана/План Потери за отчётный период Ивэнерго' is: '178 853'

18-11-2024T10:39:36 - [TEST_STEP][PASSED] - page = page.replaceAll("\s+", ""): null

18-11-2024T10:39:36 - [TEST_STEP][PASSED] - filePoteri = poteri.toInteger(): null

18-11-2024T10:39:36 - [TEST_STEP][PASSED] - pagePoteri = page.toInteger(): null

18-11-2024T10:39:36 - [TEST_STEP][PASSED] - compare = pageOtpuskVSet: null

18-11-2024T10:39:36 - [TEST_STEP][PASSED] - if (compare == fileOtpuskVSet): null

18-11-2024T10:39:36 - [TEST_STEP][PASSED] - if (compare == fileOtpuskVSet): null

18-11-2024T10:39:36 - [TEST_STEP][PASSED] - compare = pagePoteri: null

18-11-2024T10:39:36 - [TEST_STEP][PASSED] - if (compare == filePoteri): null

18-11-2024T10:39:36 - [TEST_STEP][PASSED] - if (compare == filePoteri): null

18-11-2024T10:39:36 - [TEST_STEP][PASSED] - if (planFact == 2): Object: 'Object Repository/Выполнение бизнес-плана/Кнопка Факт' is clicked on

18-11-2024T10:39:36 - [TEST_STEP][PASSED] - click(findTestObject("Выполнение бизнес-плана/Кнопка Факт")): Object: 'Object Repository/Выполнение бизнес-плана/Кнопка Факт' is clicked on

18-11-2024T10:39:36 - [MESSAGE][PASSED] - Object: 'Object Repository/Выполнение бизнес-плана/Кнопка Факт' is clicked on

18-11-2024T10:39:36 - [TEST_STEP][PASSED] - if (a == 84 || a == 82): null

18-11-2024T10:39:36 - [TEST_STEP][PASSED] - else if (a == 52 || a == 72 || a == 28 || a == 73 || a == 77 || a == 74 || a == 65 || a == 36 || a == 44 || a == 53 || a == 80 || a == 54 || a == 1 || a == 18 || a == 59 || a == 81): null

18-11-2024T10:39:36 - [TEST_STEP][PASSED] - else: null

18-11-2024T10:39:36 - [TEST_STEP][PASSED] - page1 = getText(findTestObject("Object Repository/Выполнение бизнес-плана/spanPlan" + filialNum)): Text of object 'Object Repository/Выполнение бизнес-плана/spanPlan2' is: '8.14
|'

18-11-2024T10:39:37 - [MESSAGE][PASSED] - Text of object 'Object Repository/Выполнение бизнес-плана/spanPlan2' is: '8.14
|'

18-11-2024T10:39:37 - [TEST_STEP][PASSED] - page1 = page1.replace("|", ""): null

18-11-2024T10:39:37 - [TEST_STEP][PASSED] - page2 = getText(findTestObject("Object Repository/Выполнение бизнес-плана/spanFact" + filialNum)): Text of object 'Object Repository/Выполнение бизнес-плана/spanFact2' is: '8.41
|'

18-11-2024T10:39:37 - [MESSAGE][PASSED] - Text of object 'Object Repository/Выполнение бизнес-плана/spanFact2' is: '8.41
|'

18-11-2024T10:39:37 - [TEST_STEP][PASSED] - page2 = page2.replace("|", ""): null

18-11-2024T10:39:37 - [TEST_STEP][PASSED] - println("page1: " + page1): null

18-11-2024T10:39:37 - [TEST_STEP][PASSED] - println("page2: " + page2): null

18-11-2024T10:39:37 - [TEST_STEP][PASSED] - file = findTestData("PlanFact").getValue(4, a): null

18-11-2024T10:39:37 - [TEST_STEP][PASSED] - file = file.replace(",", "."): null

18-11-2024T10:39:37 - [TEST_STEP][PASSED] - println("file Plan: " + file): null

18-11-2024T10:39:37 - [TEST_STEP][PASSED] - typeOfData = "План в процентах": null

18-11-2024T10:39:37 - [TEST_STEP][PASSED] - fileDouble = file.toDouble(): null

18-11-2024T10:39:37 - [TEST_STEP][PASSED] - pageDouble = page1.toDouble(): null

18-11-2024T10:39:37 - [TEST_STEP][PASSED] - if (fileDouble != pageDouble): null

18-11-2024T10:39:37 - [TEST_STEP][PASSED] - file = findTestData("PlanFact").getValue(7, a): null

18-11-2024T10:39:37 - [TEST_STEP][PASSED] - file = file.replace(",", "."): null

18-11-2024T10:39:37 - [TEST_STEP][PASSED] - println("file Fact: " + file): null

18-11-2024T10:39:37 - [TEST_STEP][PASSED] - fileDouble = file.toDouble(): null

18-11-2024T10:39:37 - [TEST_STEP][PASSED] - typeOfData = "Факт в процентах": null

18-11-2024T10:39:37 - [TEST_STEP][PASSED] - fileDouble = file.toDouble(): null

18-11-2024T10:39:37 - [TEST_STEP][PASSED] - pageDouble = page2.toDouble(): null

18-11-2024T10:39:37 - [TEST_STEP][PASSED] - if (fileDouble != pageDouble): null

18-11-2024T10:39:37 - [TEST_STEP][PASSED] - if (verifyEqual(numberOfErrors, 0) == false): Actual object '0' and expected object '0' are equal

18-11-2024T10:39:37 - [MESSAGE][PASSED] - Actual object '0' and expected object '0' are equal

18-11-2024T10:39:37 - [TEST_STEP][PASSED] - if (a == 82): null

18-11-2024T10:39:37 - [TEST_STEP][PASSED] - dZO = "Калугаэнерго": null

18-11-2024T10:39:37 - [TEST_STEP][PASSED] - a = 21: null

18-11-2024T10:39:37 - [TEST_STEP][PASSED] - if (x2.contains(dZO)): null

18-11-2024T10:39:37 - [TEST_STEP][PASSED] - filialNum = filialNum + 1: null

18-11-2024T10:39:37 - [TEST_STEP][PASSED] - Script1718980020443.Numbers(a, typeOfData, todaysDate, pageInt, fileInt, pageDouble, fileDouble, dZO, dzoNum, filialNum): null

18-11-2024T10:39:37 - [TEST_STEP][PASSED] - println(dzoNum): null

18-11-2024T10:39:37 - [TEST_STEP][PASSED] - planFact = <not implemented yet for class: org.codehaus.groovy.ast.expr.EmptyExpression>: null

18-11-2024T10:39:37 - [TEST_STEP][PASSED] - page = <not implemented yet for class: org.codehaus.groovy.ast.expr.EmptyExpression>: null

18-11-2024T10:39:37 - [TEST_STEP][PASSED] - page1 = <not implemented yet for class: org.codehaus.groovy.ast.expr.EmptyExpression>: null

18-11-2024T10:39:37 - [TEST_STEP][PASSED] - page2 = <not implemented yet for class: org.codehaus.groovy.ast.expr.EmptyExpression>: null

18-11-2024T10:39:37 - [TEST_STEP][PASSED] - filialNumberInRow = <not implemented yet for class: org.codehaus.groovy.ast.expr.EmptyExpression>: null

18-11-2024T10:39:37 - [TEST_STEP][PASSED] - filialsDzoNames = <not implemented yet for class: org.codehaus.groovy.ast.expr.EmptyExpression>: null

18-11-2024T10:39:37 - [TEST_STEP][PASSED] - numberOfFilials = <not implemented yet for class: org.codehaus.groovy.ast.expr.EmptyExpression>: null

18-11-2024T10:39:37 - [TEST_STEP][PASSED] - numberOfSpaces = <not implemented yet for class: org.codehaus.groovy.ast.expr.EmptyExpression>: null

18-11-2024T10:39:37 - [TEST_STEP][PASSED] - file = <not implemented yet for class: org.codehaus.groovy.ast.expr.EmptyExpression>: null

18-11-2024T10:39:37 - [TEST_STEP][PASSED] - otpusk = <not implemented yet for class: org.codehaus.groovy.ast.expr.EmptyExpression>: null

18-11-2024T10:39:37 - [TEST_STEP][PASSED] - poteri = <not implemented yet for class: org.codehaus.groovy.ast.expr.EmptyExpression>: null

18-11-2024T10:39:37 - [TEST_STEP][PASSED] - dataFolder = "Выполнение бизнес-плана/Значения со страницы Выполнение бизнес-плана/": null

18-11-2024T10:39:37 - [TEST_STEP][PASSED] - path = <not implemented yet for class: org.codehaus.groovy.ast.expr.EmptyExpression>: null

18-11-2024T10:39:37 - [TEST_STEP][PASSED] - typeOfDataMain = <not implemented yet for class: org.codehaus.groovy.ast.expr.EmptyExpression>: null

18-11-2024T10:39:37 - [TEST_STEP][PASSED] - fileOtpuskVSet = <not implemented yet for class: org.codehaus.groovy.ast.expr.EmptyExpression>: null

18-11-2024T10:39:37 - [TEST_STEP][PASSED] - pageOtpuskVSet = <not implemented yet for class: org.codehaus.groovy.ast.expr.EmptyExpression>: null

18-11-2024T10:39:37 - [TEST_STEP][PASSED] - filePoteri = <not implemented yet for class: org.codehaus.groovy.ast.expr.EmptyExpression>: null

18-11-2024T10:39:37 - [TEST_STEP][PASSED] - pagePoteri = <not implemented yet for class: org.codehaus.groovy.ast.expr.EmptyExpression>: null

18-11-2024T10:39:37 - [TEST_STEP][PASSED] - compare = <not implemented yet for class: org.codehaus.groovy.ast.expr.EmptyExpression>: null

18-11-2024T10:39:37 - [TEST_STEP][PASSED] - b = <not implemented yet for class: org.codehaus.groovy.ast.expr.EmptyExpression>: null

18-11-2024T10:39:37 - [TEST_STEP][PASSED] - i = <not implemented yet for class: org.codehaus.groovy.ast.expr.EmptyExpression>: null

18-11-2024T10:39:37 - [TEST_STEP][PASSED] - ii = <not implemented yet for class: org.codehaus.groovy.ast.expr.EmptyExpression>: null

18-11-2024T10:39:37 - [TEST_STEP][PASSED] - c = <not implemented yet for class: org.codehaus.groovy.ast.expr.EmptyExpression>: null

18-11-2024T10:39:37 - [TEST_STEP][PASSED] - numberOfErrors = 0: null

18-11-2024T10:39:37 - [TEST_STEP][PASSED] - if (a == 82): null

18-11-2024T10:39:37 - [TEST_STEP][PASSED] - b = findTestData("PlanFact").getValue(1, a): null

18-11-2024T10:39:37 - [TEST_STEP][PASSED] - i = b.indexOf(" (ГК)"): null

18-11-2024T10:39:37 - [TEST_STEP][PASSED] - if (i > -1): null

18-11-2024T10:39:37 - [TEST_STEP][PASSED] - i = b.indexOf("О ""): null

18-11-2024T10:39:37 - [TEST_STEP][PASSED] - if (i > -1): null

18-11-2024T10:39:37 - [TEST_STEP][PASSED] - i = b.indexOf("О «"): null

18-11-2024T10:39:37 - [TEST_STEP][PASSED] - if (i > -1): null

18-11-2024T10:39:37 - [TEST_STEP][PASSED] - i = b.indexOf("г. "): null

18-11-2024T10:39:37 - [TEST_STEP][PASSED] - if (i > -1): null

18-11-2024T10:39:37 - [TEST_STEP][PASSED] - println(b): null

18-11-2024T10:39:37 - [TEST_STEP][PASSED] - for ([planFact = 1, planFact < 3, (planFact++)]): Object: 'Object Repository/Выполнение бизнес-плана/Кнопка Факт' is clicked on

18-11-2024T10:39:37 - [TEST_STEP][PASSED] - if (planFact == 1): null

18-11-2024T10:39:37 - [TEST_STEP][PASSED] - typeOfDataMain = "Факт": null

18-11-2024T10:39:37 - [TEST_STEP][PASSED] - otpusk = findTestData("PlanFact").getValue(5, a): null

18-11-2024T10:39:37 - [TEST_STEP][PASSED] - poteri = findTestData("PlanFact").getValue(6, a): null

18-11-2024T10:39:37 - [TEST_STEP][PASSED] - otpusk = otpusk.replaceAll("\s+", ""): null

18-11-2024T10:39:37 - [TEST_STEP][PASSED] - poteri = poteri.replaceAll("\s+", ""): null

18-11-2024T10:39:37 - [TEST_STEP][PASSED] - typeOfData = typeOfDataMain + " Отпуск в сеть": null

18-11-2024T10:39:37 - [TEST_STEP][PASSED] - if (a == 82): null

18-11-2024T10:39:37 - [TEST_STEP][PASSED] - else if (a == 84): null

18-11-2024T10:39:37 - [TEST_STEP][PASSED] - else if (a == 52 || a == 72 || a == 28 || a == 73 || a == 77 || a == 74 || a == 65 || a == 36 || a == 44 || a == 53 || a == 80 || a == 54 || a == 1 || a == 18 || a == 59 || a == 81): null

18-11-2024T10:39:37 - [TEST_STEP][PASSED] - else: null

18-11-2024T10:39:37 - [TEST_STEP][PASSED] - path = dataFolder + typeOfData + " за отчётный период " + b: null

18-11-2024T10:39:37 - [TEST_STEP][PASSED] - println(path): null

18-11-2024T10:39:37 - [TEST_STEP][PASSED] - page = getText(findTestObject(path)): Text of object 'Object Repository/Выполнение бизнес-плана/Значения со страницы Выполнение бизнес-плана/Факт Отпуск в сеть за отчётный период Калугаэнерго' is: '4 177 670'

18-11-2024T10:39:37 - [MESSAGE][PASSED] - Text of object 'Object Repository/Выполнение бизнес-плана/Значения со страницы Выполнение бизнес-плана/Факт Отпуск в сеть за отчётный период Калугаэнерго' is: '4 177 670'

18-11-2024T10:39:37 - [TEST_STEP][PASSED] - page = page.replaceAll("\s+", ""): null

18-11-2024T10:39:37 - [TEST_STEP][PASSED] - fileOtpuskVSet = otpusk.toInteger(): null

18-11-2024T10:39:37 - [TEST_STEP][PASSED] - pageOtpuskVSet = page.toInteger(): null

18-11-2024T10:39:37 - [TEST_STEP][PASSED] - typeOfData = typeOfDataMain + " Потери": null

18-11-2024T10:39:37 - [TEST_STEP][PASSED] - if (a == 82): null

18-11-2024T10:39:37 - [TEST_STEP][PASSED] - else if (a == 84): null

18-11-2024T10:39:37 - [TEST_STEP][PASSED] - else if (a == 52 || a == 72 || a == 28 || a == 73 || a == 77 || a == 74 || a == 65 || a == 36 || a == 44 || a == 53 || a == 80 || a == 54 || a == 1 || a == 18 || a == 59 || a == 81): null

18-11-2024T10:39:37 - [TEST_STEP][PASSED] - else: null

18-11-2024T10:39:37 - [TEST_STEP][PASSED] - path = dataFolder + typeOfData + " за отчётный период " + b: null

18-11-2024T10:39:37 - [TEST_STEP][PASSED] - page = getText(findTestObject(path)): Text of object 'Object Repository/Выполнение бизнес-плана/Значения со страницы Выполнение бизнес-плана/Факт Потери за отчётный период Калугаэнерго' is: '334 842'

18-11-2024T10:39:38 - [MESSAGE][PASSED] - Text of object 'Object Repository/Выполнение бизнес-плана/Значения со страницы Выполнение бизнес-плана/Факт Потери за отчётный период Калугаэнерго' is: '334 842'

18-11-2024T10:39:38 - [TEST_STEP][PASSED] - page = page.replaceAll("\s+", ""): null

18-11-2024T10:39:38 - [TEST_STEP][PASSED] - filePoteri = poteri.toInteger(): null

18-11-2024T10:39:38 - [TEST_STEP][PASSED] - pagePoteri = page.toInteger(): null

18-11-2024T10:39:38 - [TEST_STEP][PASSED] - compare = pageOtpuskVSet: null

18-11-2024T10:39:38 - [TEST_STEP][PASSED] - if (compare == fileOtpuskVSet): null

18-11-2024T10:39:38 - [TEST_STEP][PASSED] - if (compare == fileOtpuskVSet): null

18-11-2024T10:39:38 - [TEST_STEP][PASSED] - compare = pagePoteri: null

18-11-2024T10:39:38 - [TEST_STEP][PASSED] - if (compare == filePoteri): null

18-11-2024T10:39:38 - [TEST_STEP][PASSED] - if (compare == filePoteri): null

18-11-2024T10:39:38 - [TEST_STEP][PASSED] - if (planFact == 2): null

18-11-2024T10:39:38 - [TEST_STEP][PASSED] - if (planFact == 1): null

18-11-2024T10:39:38 - [TEST_STEP][PASSED] - else if (planFact == 2): null

18-11-2024T10:39:38 - [TEST_STEP][PASSED] - click(findTestObject("Выполнение бизнес-плана/Кнопка План")): Object: 'Object Repository/Выполнение бизнес-плана/Кнопка План' is clicked on

18-11-2024T10:39:38 - [MESSAGE][PASSED] - Object: 'Object Repository/Выполнение бизнес-плана/Кнопка План' is clicked on

18-11-2024T10:39:38 - [TEST_STEP][PASSED] - typeOfDataMain = "План": null

18-11-2024T10:39:38 - [TEST_STEP][PASSED] - otpusk = findTestData("PlanFact").getValue(2, a): null

18-11-2024T10:39:38 - [TEST_STEP][PASSED] - poteri = findTestData("PlanFact").getValue(3, a): null

18-11-2024T10:39:38 - [TEST_STEP][PASSED] - otpusk = otpusk.replaceAll("\s+", ""): null

18-11-2024T10:39:38 - [TEST_STEP][PASSED] - poteri = poteri.replaceAll("\s+", ""): null

18-11-2024T10:39:38 - [TEST_STEP][PASSED] - typeOfData = typeOfDataMain + " Отпуск в сеть": null

18-11-2024T10:39:38 - [TEST_STEP][PASSED] - if (a == 82): null

18-11-2024T10:39:38 - [TEST_STEP][PASSED] - else if (a == 84): null

18-11-2024T10:39:38 - [TEST_STEP][PASSED] - else if (a == 52 || a == 72 || a == 28 || a == 73 || a == 77 || a == 74 || a == 65 || a == 36 || a == 44 || a == 53 || a == 80 || a == 54 || a == 1 || a == 18 || a == 59 || a == 81): null

18-11-2024T10:39:38 - [TEST_STEP][PASSED] - else: null

18-11-2024T10:39:38 - [TEST_STEP][PASSED] - path = dataFolder + typeOfData + " за отчётный период " + b: null

18-11-2024T10:39:38 - [TEST_STEP][PASSED] - println(path): null

18-11-2024T10:39:38 - [TEST_STEP][PASSED] - page = getText(findTestObject(path)): Text of object 'Object Repository/Выполнение бизнес-плана/Значения со страницы Выполнение бизнес-плана/План Отпуск в сеть за отчётный период Калугаэнерго' is: '3 975 291'

18-11-2024T10:39:39 - [MESSAGE][PASSED] - Text of object 'Object Repository/Выполнение бизнес-плана/Значения со страницы Выполнение бизнес-плана/План Отпуск в сеть за отчётный период Калугаэнерго' is: '3 975 291'

18-11-2024T10:39:39 - [TEST_STEP][PASSED] - page = page.replaceAll("\s+", ""): null

18-11-2024T10:39:39 - [TEST_STEP][PASSED] - fileOtpuskVSet = otpusk.toInteger(): null

18-11-2024T10:39:39 - [TEST_STEP][PASSED] - pageOtpuskVSet = page.toInteger(): null

18-11-2024T10:39:39 - [TEST_STEP][PASSED] - typeOfData = typeOfDataMain + " Потери": null

18-11-2024T10:39:39 - [TEST_STEP][PASSED] - if (a == 82): null

18-11-2024T10:39:39 - [TEST_STEP][PASSED] - else if (a == 84): null

18-11-2024T10:39:39 - [TEST_STEP][PASSED] - else if (a == 52 || a == 72 || a == 28 || a == 73 || a == 77 || a == 74 || a == 65 || a == 36 || a == 44 || a == 53 || a == 80 || a == 54 || a == 1 || a == 18 || a == 59 || a == 81): null

18-11-2024T10:39:39 - [TEST_STEP][PASSED] - else: null

18-11-2024T10:39:39 - [TEST_STEP][PASSED] - path = dataFolder + typeOfData + " за отчётный период " + b: null

18-11-2024T10:39:39 - [TEST_STEP][PASSED] - page = getText(findTestObject(path)): Text of object 'Object Repository/Выполнение бизнес-плана/Значения со страницы Выполнение бизнес-плана/План Потери за отчётный период Калугаэнерго' is: '330 104'

18-11-2024T10:39:39 - [MESSAGE][PASSED] - Text of object 'Object Repository/Выполнение бизнес-плана/Значения со страницы Выполнение бизнес-плана/План Потери за отчётный период Калугаэнерго' is: '330 104'

18-11-2024T10:39:39 - [TEST_STEP][PASSED] - page = page.replaceAll("\s+", ""): null

18-11-2024T10:39:39 - [TEST_STEP][PASSED] - filePoteri = poteri.toInteger(): null

18-11-2024T10:39:39 - [TEST_STEP][PASSED] - pagePoteri = page.toInteger(): null

18-11-2024T10:39:39 - [TEST_STEP][PASSED] - compare = pageOtpuskVSet: null

18-11-2024T10:39:39 - [TEST_STEP][PASSED] - if (compare == fileOtpuskVSet): null

18-11-2024T10:39:39 - [TEST_STEP][PASSED] - if (compare == fileOtpuskVSet): null

18-11-2024T10:39:39 - [TEST_STEP][PASSED] - compare = pagePoteri: null

18-11-2024T10:39:39 - [TEST_STEP][PASSED] - if (compare == filePoteri): null

18-11-2024T10:39:39 - [TEST_STEP][PASSED] - if (compare == filePoteri): null

18-11-2024T10:39:39 - [TEST_STEP][PASSED] - if (planFact == 2): Object: 'Object Repository/Выполнение бизнес-плана/Кнопка Факт' is clicked on

18-11-2024T10:39:39 - [TEST_STEP][PASSED] - click(findTestObject("Выполнение бизнес-плана/Кнопка Факт")): Object: 'Object Repository/Выполнение бизнес-плана/Кнопка Факт' is clicked on

18-11-2024T10:39:39 - [MESSAGE][PASSED] - Object: 'Object Repository/Выполнение бизнес-плана/Кнопка Факт' is clicked on

18-11-2024T10:39:39 - [TEST_STEP][PASSED] - if (a == 84 || a == 82): null

18-11-2024T10:39:39 - [TEST_STEP][PASSED] - else if (a == 52 || a == 72 || a == 28 || a == 73 || a == 77 || a == 74 || a == 65 || a == 36 || a == 44 || a == 53 || a == 80 || a == 54 || a == 1 || a == 18 || a == 59 || a == 81): null

18-11-2024T10:39:39 - [TEST_STEP][PASSED] - else: null

18-11-2024T10:39:39 - [TEST_STEP][PASSED] - page1 = getText(findTestObject("Object Repository/Выполнение бизнес-плана/spanPlan" + filialNum)): Text of object 'Object Repository/Выполнение бизнес-плана/spanPlan3' is: '8.30
|'

18-11-2024T10:39:40 - [MESSAGE][PASSED] - Text of object 'Object Repository/Выполнение бизнес-плана/spanPlan3' is: '8.30
|'

18-11-2024T10:39:40 - [TEST_STEP][PASSED] - page1 = page1.replace("|", ""): null

18-11-2024T10:39:40 - [TEST_STEP][PASSED] - page2 = getText(findTestObject("Object Repository/Выполнение бизнес-плана/spanFact" + filialNum)): Text of object 'Object Repository/Выполнение бизнес-плана/spanFact3' is: '8.02
|'

18-11-2024T10:39:40 - [MESSAGE][PASSED] - Text of object 'Object Repository/Выполнение бизнес-плана/spanFact3' is: '8.02
|'

18-11-2024T10:39:40 - [TEST_STEP][PASSED] - page2 = page2.replace("|", ""): null

18-11-2024T10:39:40 - [TEST_STEP][PASSED] - println("page1: " + page1): null

18-11-2024T10:39:40 - [TEST_STEP][PASSED] - println("page2: " + page2): null

18-11-2024T10:39:40 - [TEST_STEP][PASSED] - file = findTestData("PlanFact").getValue(4, a): null

18-11-2024T10:39:40 - [TEST_STEP][PASSED] - file = file.replace(",", "."): null

18-11-2024T10:39:40 - [TEST_STEP][PASSED] - println("file Plan: " + file): null

18-11-2024T10:39:40 - [TEST_STEP][PASSED] - typeOfData = "План в процентах": null

18-11-2024T10:39:40 - [TEST_STEP][PASSED] - fileDouble = file.toDouble(): null

18-11-2024T10:39:40 - [TEST_STEP][PASSED] - pageDouble = page1.toDouble(): null

18-11-2024T10:39:40 - [TEST_STEP][PASSED] - if (fileDouble != pageDouble): null

18-11-2024T10:39:40 - [TEST_STEP][PASSED] - file = findTestData("PlanFact").getValue(7, a): null

18-11-2024T10:39:40 - [TEST_STEP][PASSED] - file = file.replace(",", "."): null

18-11-2024T10:39:40 - [TEST_STEP][PASSED] - println("file Fact: " + file): null

18-11-2024T10:39:40 - [TEST_STEP][PASSED] - fileDouble = file.toDouble(): null

18-11-2024T10:39:40 - [TEST_STEP][PASSED] - typeOfData = "Факт в процентах": null

18-11-2024T10:39:40 - [TEST_STEP][PASSED] - fileDouble = file.toDouble(): null

18-11-2024T10:39:40 - [TEST_STEP][PASSED] - pageDouble = page2.toDouble(): null

18-11-2024T10:39:40 - [TEST_STEP][PASSED] - if (fileDouble != pageDouble): null

18-11-2024T10:39:40 - [TEST_STEP][PASSED] - if (verifyEqual(numberOfErrors, 0) == false): Actual object '0' and expected object '0' are equal

18-11-2024T10:39:40 - [MESSAGE][PASSED] - Actual object '0' and expected object '0' are equal

18-11-2024T10:39:40 - [TEST_STEP][PASSED] - if (a == 82): null

18-11-2024T10:39:40 - [TEST_STEP][PASSED] - dZO = "Кировэнерго": null

18-11-2024T10:39:40 - [TEST_STEP][PASSED] - a = 22: null

18-11-2024T10:39:40 - [TEST_STEP][PASSED] - if (x2.contains(dZO)): null

18-11-2024T10:39:40 - [TEST_STEP][PASSED] - filialNum = filialNum + 1: null

18-11-2024T10:39:40 - [TEST_STEP][PASSED] - Script1718980020443.Numbers(a, typeOfData, todaysDate, pageInt, fileInt, pageDouble, fileDouble, dZO, dzoNum, filialNum): null

18-11-2024T10:39:40 - [TEST_STEP][PASSED] - println(dzoNum): null

18-11-2024T10:39:40 - [TEST_STEP][PASSED] - planFact = <not implemented yet for class: org.codehaus.groovy.ast.expr.EmptyExpression>: null

18-11-2024T10:39:40 - [TEST_STEP][PASSED] - page = <not implemented yet for class: org.codehaus.groovy.ast.expr.EmptyExpression>: null

18-11-2024T10:39:40 - [TEST_STEP][PASSED] - page1 = <not implemented yet for class: org.codehaus.groovy.ast.expr.EmptyExpression>: null

18-11-2024T10:39:40 - [TEST_STEP][PASSED] - page2 = <not implemented yet for class: org.codehaus.groovy.ast.expr.EmptyExpression>: null

18-11-2024T10:39:40 - [TEST_STEP][PASSED] - filialNumberInRow = <not implemented yet for class: org.codehaus.groovy.ast.expr.EmptyExpression>: null

18-11-2024T10:39:40 - [TEST_STEP][PASSED] - filialsDzoNames = <not implemented yet for class: org.codehaus.groovy.ast.expr.EmptyExpression>: null

18-11-2024T10:39:40 - [TEST_STEP][PASSED] - numberOfFilials = <not implemented yet for class: org.codehaus.groovy.ast.expr.EmptyExpression>: null

18-11-2024T10:39:40 - [TEST_STEP][PASSED] - numberOfSpaces = <not implemented yet for class: org.codehaus.groovy.ast.expr.EmptyExpression>: null

18-11-2024T10:39:40 - [TEST_STEP][PASSED] - file = <not implemented yet for class: org.codehaus.groovy.ast.expr.EmptyExpression>: null

18-11-2024T10:39:40 - [TEST_STEP][PASSED] - otpusk = <not implemented yet for class: org.codehaus.groovy.ast.expr.EmptyExpression>: null

18-11-2024T10:39:40 - [TEST_STEP][PASSED] - poteri = <not implemented yet for class: org.codehaus.groovy.ast.expr.EmptyExpression>: null

18-11-2024T10:39:40 - [TEST_STEP][PASSED] - dataFolder = "Выполнение бизнес-плана/Значения со страницы Выполнение бизнес-плана/": null

18-11-2024T10:39:40 - [TEST_STEP][PASSED] - path = <not implemented yet for class: org.codehaus.groovy.ast.expr.EmptyExpression>: null

18-11-2024T10:39:40 - [TEST_STEP][PASSED] - typeOfDataMain = <not implemented yet for class: org.codehaus.groovy.ast.expr.EmptyExpression>: null

18-11-2024T10:39:40 - [TEST_STEP][PASSED] - fileOtpuskVSet = <not implemented yet for class: org.codehaus.groovy.ast.expr.EmptyExpression>: null

18-11-2024T10:39:40 - [TEST_STEP][PASSED] - pageOtpuskVSet = <not implemented yet for class: org.codehaus.groovy.ast.expr.EmptyExpression>: null

18-11-2024T10:39:40 - [TEST_STEP][PASSED] - filePoteri = <not implemented yet for class: org.codehaus.groovy.ast.expr.EmptyExpression>: null

18-11-2024T10:39:40 - [TEST_STEP][PASSED] - pagePoteri = <not implemented yet for class: org.codehaus.groovy.ast.expr.EmptyExpression>: null

18-11-2024T10:39:40 - [TEST_STEP][PASSED] - compare = <not implemented yet for class: org.codehaus.groovy.ast.expr.EmptyExpression>: null

18-11-2024T10:39:40 - [TEST_STEP][PASSED] - b = <not implemented yet for class: org.codehaus.groovy.ast.expr.EmptyExpression>: null

18-11-2024T10:39:40 - [TEST_STEP][PASSED] - i = <not implemented yet for class: org.codehaus.groovy.ast.expr.EmptyExpression>: null

18-11-2024T10:39:40 - [TEST_STEP][PASSED] - ii = <not implemented yet for class: org.codehaus.groovy.ast.expr.EmptyExpression>: null

18-11-2024T10:39:40 - [TEST_STEP][PASSED] - c = <not implemented yet for class: org.codehaus.groovy.ast.expr.EmptyExpression>: null

18-11-2024T10:39:40 - [TEST_STEP][PASSED] - numberOfErrors = 0: null

18-11-2024T10:39:40 - [TEST_STEP][PASSED] - if (a == 82): null

18-11-2024T10:39:40 - [TEST_STEP][PASSED] - b = findTestData("PlanFact").getValue(1, a): null

18-11-2024T10:39:40 - [TEST_STEP][PASSED] - i = b.indexOf(" (ГК)"): null

18-11-2024T10:39:40 - [TEST_STEP][PASSED] - if (i > -1): null

18-11-2024T10:39:40 - [TEST_STEP][PASSED] - i = b.indexOf("О ""): null

18-11-2024T10:39:40 - [TEST_STEP][PASSED] - if (i > -1): null

18-11-2024T10:39:40 - [TEST_STEP][PASSED] - i = b.indexOf("О «"): null

18-11-2024T10:39:40 - [TEST_STEP][PASSED] - if (i > -1): null

18-11-2024T10:39:40 - [TEST_STEP][PASSED] - i = b.indexOf("г. "): null

18-11-2024T10:39:40 - [TEST_STEP][PASSED] - if (i > -1): null

18-11-2024T10:39:40 - [TEST_STEP][PASSED] - println(b): null

18-11-2024T10:39:40 - [TEST_STEP][PASSED] - for ([planFact = 1, planFact < 3, (planFact++)]): Object: 'Object Repository/Выполнение бизнес-плана/Кнопка Факт' is clicked on

18-11-2024T10:39:40 - [TEST_STEP][PASSED] - if (planFact == 1): null

18-11-2024T10:39:40 - [TEST_STEP][PASSED] - typeOfDataMain = "Факт": null

18-11-2024T10:39:40 - [TEST_STEP][PASSED] - otpusk = findTestData("PlanFact").getValue(5, a): null

18-11-2024T10:39:40 - [TEST_STEP][PASSED] - poteri = findTestData("PlanFact").getValue(6, a): null

18-11-2024T10:39:40 - [TEST_STEP][PASSED] - otpusk = otpusk.replaceAll("\s+", ""): null

18-11-2024T10:39:40 - [TEST_STEP][PASSED] - poteri = poteri.replaceAll("\s+", ""): null

18-11-2024T10:39:40 - [TEST_STEP][PASSED] - typeOfData = typeOfDataMain + " Отпуск в сеть": null

18-11-2024T10:39:40 - [TEST_STEP][PASSED] - if (a == 82): null

18-11-2024T10:39:40 - [TEST_STEP][PASSED] - else if (a == 84): null

18-11-2024T10:39:40 - [TEST_STEP][PASSED] - else if (a == 52 || a == 72 || a == 28 || a == 73 || a == 77 || a == 74 || a == 65 || a == 36 || a == 44 || a == 53 || a == 80 || a == 54 || a == 1 || a == 18 || a == 59 || a == 81): null

18-11-2024T10:39:40 - [TEST_STEP][PASSED] - else: null

18-11-2024T10:39:40 - [TEST_STEP][PASSED] - path = dataFolder + typeOfData + " за отчётный период " + b: null

18-11-2024T10:39:40 - [TEST_STEP][PASSED] - println(path): null

18-11-2024T10:39:40 - [TEST_STEP][PASSED] - page = getText(findTestObject(path)): Text of object 'Object Repository/Выполнение бизнес-плана/Значения со страницы Выполнение бизнес-плана/Факт Отпуск в сеть за отчётный период Кировэнерго' is: '4 164 243'

18-11-2024T10:39:40 - [MESSAGE][PASSED] - Text of object 'Object Repository/Выполнение бизнес-плана/Значения со страницы Выполнение бизнес-плана/Факт Отпуск в сеть за отчётный период Кировэнерго' is: '4 164 243'

18-11-2024T10:39:40 - [TEST_STEP][PASSED] - page = page.replaceAll("\s+", ""): null

18-11-2024T10:39:40 - [TEST_STEP][PASSED] - fileOtpuskVSet = otpusk.toInteger(): null

18-11-2024T10:39:40 - [TEST_STEP][PASSED] - pageOtpuskVSet = page.toInteger(): null

18-11-2024T10:39:40 - [TEST_STEP][PASSED] - typeOfData = typeOfDataMain + " Потери": null

18-11-2024T10:39:40 - [TEST_STEP][PASSED] - if (a == 82): null

18-11-2024T10:39:40 - [TEST_STEP][PASSED] - else if (a == 84): null

18-11-2024T10:39:40 - [TEST_STEP][PASSED] - else if (a == 52 || a == 72 || a == 28 || a == 73 || a == 77 || a == 74 || a == 65 || a == 36 || a == 44 || a == 53 || a == 80 || a == 54 || a == 1 || a == 18 || a == 59 || a == 81): null

18-11-2024T10:39:40 - [TEST_STEP][PASSED] - else: null

18-11-2024T10:39:40 - [TEST_STEP][PASSED] - path = dataFolder + typeOfData + " за отчётный период " + b: null

18-11-2024T10:39:40 - [TEST_STEP][PASSED] - page = getText(findTestObject(path)): Text of object 'Object Repository/Выполнение бизнес-плана/Значения со страницы Выполнение бизнес-плана/Факт Потери за отчётный период Кировэнерго' is: '145 883'

18-11-2024T10:39:41 - [MESSAGE][PASSED] - Text of object 'Object Repository/Выполнение бизнес-плана/Значения со страницы Выполнение бизнес-плана/Факт Потери за отчётный период Кировэнерго' is: '145 883'

18-11-2024T10:39:41 - [TEST_STEP][PASSED] - page = page.replaceAll("\s+", ""): null

18-11-2024T10:39:41 - [TEST_STEP][PASSED] - filePoteri = poteri.toInteger(): null

18-11-2024T10:39:41 - [TEST_STEP][PASSED] - pagePoteri = page.toInteger(): null

18-11-2024T10:39:41 - [TEST_STEP][PASSED] - compare = pageOtpuskVSet: null

18-11-2024T10:39:41 - [TEST_STEP][PASSED] - if (compare == fileOtpuskVSet): null

18-11-2024T10:39:41 - [TEST_STEP][PASSED] - if (compare == fileOtpuskVSet): null

18-11-2024T10:39:41 - [TEST_STEP][PASSED] - compare = pagePoteri: null

18-11-2024T10:39:41 - [TEST_STEP][PASSED] - if (compare == filePoteri): null

18-11-2024T10:39:41 - [TEST_STEP][PASSED] - if (compare == filePoteri): null

18-11-2024T10:39:41 - [TEST_STEP][PASSED] - if (planFact == 2): null

18-11-2024T10:39:41 - [TEST_STEP][PASSED] - if (planFact == 1): null

18-11-2024T10:39:41 - [TEST_STEP][PASSED] - else if (planFact == 2): null

18-11-2024T10:39:41 - [TEST_STEP][PASSED] - click(findTestObject("Выполнение бизнес-плана/Кнопка План")): Object: 'Object Repository/Выполнение бизнес-плана/Кнопка План' is clicked on

18-11-2024T10:39:41 - [MESSAGE][PASSED] - Object: 'Object Repository/Выполнение бизнес-плана/Кнопка План' is clicked on

18-11-2024T10:39:41 - [TEST_STEP][PASSED] - typeOfDataMain = "План": null

18-11-2024T10:39:41 - [TEST_STEP][PASSED] - otpusk = findTestData("PlanFact").getValue(2, a): null

18-11-2024T10:39:41 - [TEST_STEP][PASSED] - poteri = findTestData("PlanFact").getValue(3, a): null

18-11-2024T10:39:41 - [TEST_STEP][PASSED] - otpusk = otpusk.replaceAll("\s+", ""): null

18-11-2024T10:39:41 - [TEST_STEP][PASSED] - poteri = poteri.replaceAll("\s+", ""): null

18-11-2024T10:39:41 - [TEST_STEP][PASSED] - typeOfData = typeOfDataMain + " Отпуск в сеть": null

18-11-2024T10:39:41 - [TEST_STEP][PASSED] - if (a == 82): null

18-11-2024T10:39:41 - [TEST_STEP][PASSED] - else if (a == 84): null

18-11-2024T10:39:41 - [TEST_STEP][PASSED] - else if (a == 52 || a == 72 || a == 28 || a == 73 || a == 77 || a == 74 || a == 65 || a == 36 || a == 44 || a == 53 || a == 80 || a == 54 || a == 1 || a == 18 || a == 59 || a == 81): null

18-11-2024T10:39:41 - [TEST_STEP][PASSED] - else: null

18-11-2024T10:39:41 - [TEST_STEP][PASSED] - path = dataFolder + typeOfData + " за отчётный период " + b: null

18-11-2024T10:39:41 - [TEST_STEP][PASSED] - println(path): null

18-11-2024T10:39:41 - [TEST_STEP][PASSED] - page = getText(findTestObject(path)): Text of object 'Object Repository/Выполнение бизнес-плана/Значения со страницы Выполнение бизнес-плана/План Отпуск в сеть за отчётный период Кировэнерго' is: '3 988 007'

18-11-2024T10:39:42 - [MESSAGE][PASSED] - Text of object 'Object Repository/Выполнение бизнес-плана/Значения со страницы Выполнение бизнес-плана/План Отпуск в сеть за отчётный период Кировэнерго' is: '3 988 007'

18-11-2024T10:39:42 - [TEST_STEP][PASSED] - page = page.replaceAll("\s+", ""): null

18-11-2024T10:39:42 - [TEST_STEP][PASSED] - fileOtpuskVSet = otpusk.toInteger(): null

18-11-2024T10:39:42 - [TEST_STEP][PASSED] - pageOtpuskVSet = page.toInteger(): null

18-11-2024T10:39:42 - [TEST_STEP][PASSED] - typeOfData = typeOfDataMain + " Потери": null

18-11-2024T10:39:42 - [TEST_STEP][PASSED] - if (a == 82): null

18-11-2024T10:39:42 - [TEST_STEP][PASSED] - else if (a == 84): null

18-11-2024T10:39:42 - [TEST_STEP][PASSED] - else if (a == 52 || a == 72 || a == 28 || a == 73 || a == 77 || a == 74 || a == 65 || a == 36 || a == 44 || a == 53 || a == 80 || a == 54 || a == 1 || a == 18 || a == 59 || a == 81): null

18-11-2024T10:39:42 - [TEST_STEP][PASSED] - else: null

18-11-2024T10:39:42 - [TEST_STEP][PASSED] - path = dataFolder + typeOfData + " за отчётный период " + b: null

18-11-2024T10:39:42 - [TEST_STEP][PASSED] - page = getText(findTestObject(path)): Text of object 'Object Repository/Выполнение бизнес-плана/Значения со страницы Выполнение бизнес-плана/План Потери за отчётный период Кировэнерго' is: '163 583'

18-11-2024T10:39:42 - [MESSAGE][PASSED] - Text of object 'Object Repository/Выполнение бизнес-плана/Значения со страницы Выполнение бизнес-плана/План Потери за отчётный период Кировэнерго' is: '163 583'

18-11-2024T10:39:42 - [TEST_STEP][PASSED] - page = page.replaceAll("\s+", ""): null

18-11-2024T10:39:42 - [TEST_STEP][PASSED] - filePoteri = poteri.toInteger(): null

18-11-2024T10:39:42 - [TEST_STEP][PASSED] - pagePoteri = page.toInteger(): null

18-11-2024T10:39:42 - [TEST_STEP][PASSED] - compare = pageOtpuskVSet: null

18-11-2024T10:39:42 - [TEST_STEP][PASSED] - if (compare == fileOtpuskVSet): null

18-11-2024T10:39:42 - [TEST_STEP][PASSED] - if (compare == fileOtpuskVSet): null

18-11-2024T10:39:42 - [TEST_STEP][PASSED] - compare = pagePoteri: null

18-11-2024T10:39:42 - [TEST_STEP][PASSED] - if (compare == filePoteri): null

18-11-2024T10:39:42 - [TEST_STEP][PASSED] - if (compare == filePoteri): null

18-11-2024T10:39:42 - [TEST_STEP][PASSED] - if (planFact == 2): Object: 'Object Repository/Выполнение бизнес-плана/Кнопка Факт' is clicked on

18-11-2024T10:39:42 - [TEST_STEP][PASSED] - click(findTestObject("Выполнение бизнес-плана/Кнопка Факт")): Object: 'Object Repository/Выполнение бизнес-плана/Кнопка Факт' is clicked on

18-11-2024T10:39:42 - [MESSAGE][PASSED] - Object: 'Object Repository/Выполнение бизнес-плана/Кнопка Факт' is clicked on

18-11-2024T10:39:42 - [TEST_STEP][PASSED] - if (a == 84 || a == 82): null

18-11-2024T10:39:42 - [TEST_STEP][PASSED] - else if (a == 52 || a == 72 || a == 28 || a == 73 || a == 77 || a == 74 || a == 65 || a == 36 || a == 44 || a == 53 || a == 80 || a == 54 || a == 1 || a == 18 || a == 59 || a == 81): null

18-11-2024T10:39:42 - [TEST_STEP][PASSED] - else: null

18-11-2024T10:39:42 - [TEST_STEP][PASSED] - page1 = getText(findTestObject("Object Repository/Выполнение бизнес-плана/spanPlan" + filialNum)): Text of object 'Object Repository/Выполнение бизнес-плана/spanPlan4' is: '4.10
|'

18-11-2024T10:39:43 - [MESSAGE][PASSED] - Text of object 'Object Repository/Выполнение бизнес-плана/spanPlan4' is: '4.10
|'

18-11-2024T10:39:43 - [TEST_STEP][PASSED] - page1 = page1.replace("|", ""): null

18-11-2024T10:39:43 - [TEST_STEP][PASSED] - page2 = getText(findTestObject("Object Repository/Выполнение бизнес-плана/spanFact" + filialNum)): Text of object 'Object Repository/Выполнение бизнес-плана/spanFact4' is: '3.50
|'

18-11-2024T10:39:43 - [MESSAGE][PASSED] - Text of object 'Object Repository/Выполнение бизнес-плана/spanFact4' is: '3.50
|'

18-11-2024T10:39:43 - [TEST_STEP][PASSED] - page2 = page2.replace("|", ""): null

18-11-2024T10:39:43 - [TEST_STEP][PASSED] - println("page1: " + page1): null

18-11-2024T10:39:43 - [TEST_STEP][PASSED] - println("page2: " + page2): null

18-11-2024T10:39:43 - [TEST_STEP][PASSED] - file = findTestData("PlanFact").getValue(4, a): null

18-11-2024T10:39:43 - [TEST_STEP][PASSED] - file = file.replace(",", "."): null

18-11-2024T10:39:43 - [TEST_STEP][PASSED] - println("file Plan: " + file): null

18-11-2024T10:39:43 - [TEST_STEP][PASSED] - typeOfData = "План в процентах": null

18-11-2024T10:39:43 - [TEST_STEP][PASSED] - fileDouble = file.toDouble(): null

18-11-2024T10:39:43 - [TEST_STEP][PASSED] - pageDouble = page1.toDouble(): null

18-11-2024T10:39:43 - [TEST_STEP][PASSED] - if (fileDouble != pageDouble): null

18-11-2024T10:39:43 - [TEST_STEP][PASSED] - file = findTestData("PlanFact").getValue(7, a): null

18-11-2024T10:39:43 - [TEST_STEP][PASSED] - file = file.replace(",", "."): null

18-11-2024T10:39:43 - [TEST_STEP][PASSED] - println("file Fact: " + file): null

18-11-2024T10:39:43 - [TEST_STEP][PASSED] - fileDouble = file.toDouble(): null

18-11-2024T10:39:43 - [TEST_STEP][PASSED] - typeOfData = "Факт в процентах": null

18-11-2024T10:39:43 - [TEST_STEP][PASSED] - fileDouble = file.toDouble(): null

18-11-2024T10:39:43 - [TEST_STEP][PASSED] - pageDouble = page2.toDouble(): null

18-11-2024T10:39:43 - [TEST_STEP][PASSED] - if (fileDouble != pageDouble): null

18-11-2024T10:39:43 - [TEST_STEP][PASSED] - if (verifyEqual(numberOfErrors, 0) == false): Actual object '0' and expected object '0' are equal

18-11-2024T10:39:43 - [MESSAGE][PASSED] - Actual object '0' and expected object '0' are equal

18-11-2024T10:39:43 - [TEST_STEP][PASSED] - if (a == 82): null

18-11-2024T10:39:43 - [TEST_STEP][PASSED] - dZO = "Мариэнерго": null

18-11-2024T10:39:43 - [TEST_STEP][PASSED] - a = 23: null

18-11-2024T10:39:43 - [TEST_STEP][PASSED] - if (x2.contains(dZO)): null

18-11-2024T10:39:43 - [TEST_STEP][PASSED] - filialNum = filialNum + 1: null

18-11-2024T10:39:43 - [TEST_STEP][PASSED] - Script1718980020443.Numbers(a, typeOfData, todaysDate, pageInt, fileInt, pageDouble, fileDouble, dZO, dzoNum, filialNum): null

18-11-2024T10:39:43 - [TEST_STEP][PASSED] - println(dzoNum): null

18-11-2024T10:39:43 - [TEST_STEP][PASSED] - planFact = <not implemented yet for class: org.codehaus.groovy.ast.expr.EmptyExpression>: null

18-11-2024T10:39:43 - [TEST_STEP][PASSED] - page = <not implemented yet for class: org.codehaus.groovy.ast.expr.EmptyExpression>: null

18-11-2024T10:39:43 - [TEST_STEP][PASSED] - page1 = <not implemented yet for class: org.codehaus.groovy.ast.expr.EmptyExpression>: null

18-11-2024T10:39:43 - [TEST_STEP][PASSED] - page2 = <not implemented yet for class: org.codehaus.groovy.ast.expr.EmptyExpression>: null

18-11-2024T10:39:43 - [TEST_STEP][PASSED] - filialNumberInRow = <not implemented yet for class: org.codehaus.groovy.ast.expr.EmptyExpression>: null

18-11-2024T10:39:43 - [TEST_STEP][PASSED] - filialsDzoNames = <not implemented yet for class: org.codehaus.groovy.ast.expr.EmptyExpression>: null

18-11-2024T10:39:43 - [TEST_STEP][PASSED] - numberOfFilials = <not implemented yet for class: org.codehaus.groovy.ast.expr.EmptyExpression>: null

18-11-2024T10:39:43 - [TEST_STEP][PASSED] - numberOfSpaces = <not implemented yet for class: org.codehaus.groovy.ast.expr.EmptyExpression>: null

18-11-2024T10:39:43 - [TEST_STEP][PASSED] - file = <not implemented yet for class: org.codehaus.groovy.ast.expr.EmptyExpression>: null

18-11-2024T10:39:43 - [TEST_STEP][PASSED] - otpusk = <not implemented yet for class: org.codehaus.groovy.ast.expr.EmptyExpression>: null

18-11-2024T10:39:43 - [TEST_STEP][PASSED] - poteri = <not implemented yet for class: org.codehaus.groovy.ast.expr.EmptyExpression>: null

18-11-2024T10:39:43 - [TEST_STEP][PASSED] - dataFolder = "Выполнение бизнес-плана/Значения со страницы Выполнение бизнес-плана/": null

18-11-2024T10:39:43 - [TEST_STEP][PASSED] - path = <not implemented yet for class: org.codehaus.groovy.ast.expr.EmptyExpression>: null

18-11-2024T10:39:43 - [TEST_STEP][PASSED] - typeOfDataMain = <not implemented yet for class: org.codehaus.groovy.ast.expr.EmptyExpression>: null

18-11-2024T10:39:43 - [TEST_STEP][PASSED] - fileOtpuskVSet = <not implemented yet for class: org.codehaus.groovy.ast.expr.EmptyExpression>: null

18-11-2024T10:39:43 - [TEST_STEP][PASSED] - pageOtpuskVSet = <not implemented yet for class: org.codehaus.groovy.ast.expr.EmptyExpression>: null

18-11-2024T10:39:43 - [TEST_STEP][PASSED] - filePoteri = <not implemented yet for class: org.codehaus.groovy.ast.expr.EmptyExpression>: null

18-11-2024T10:39:43 - [TEST_STEP][PASSED] - pagePoteri = <not implemented yet for class: org.codehaus.groovy.ast.expr.EmptyExpression>: null

18-11-2024T10:39:43 - [TEST_STEP][PASSED] - compare = <not implemented yet for class: org.codehaus.groovy.ast.expr.EmptyExpression>: null

18-11-2024T10:39:43 - [TEST_STEP][PASSED] - b = <not implemented yet for class: org.codehaus.groovy.ast.expr.EmptyExpression>: null

18-11-2024T10:39:43 - [TEST_STEP][PASSED] - i = <not implemented yet for class: org.codehaus.groovy.ast.expr.EmptyExpression>: null

18-11-2024T10:39:43 - [TEST_STEP][PASSED] - ii = <not implemented yet for class: org.codehaus.groovy.ast.expr.EmptyExpression>: null

18-11-2024T10:39:43 - [TEST_STEP][PASSED] - c = <not implemented yet for class: org.codehaus.groovy.ast.expr.EmptyExpression>: null

18-11-2024T10:39:43 - [TEST_STEP][PASSED] - numberOfErrors = 0: null

18-11-2024T10:39:43 - [TEST_STEP][PASSED] - if (a == 82): null

18-11-2024T10:39:43 - [TEST_STEP][PASSED] - b = findTestData("PlanFact").getValue(1, a): null

18-11-2024T10:39:43 - [TEST_STEP][PASSED] - i = b.indexOf(" (ГК)"): null

18-11-2024T10:39:43 - [TEST_STEP][PASSED] - if (i > -1): null

18-11-2024T10:39:43 - [TEST_STEP][PASSED] - i = b.indexOf("О ""): null

18-11-2024T10:39:43 - [TEST_STEP][PASSED] - if (i > -1): null

18-11-2024T10:39:43 - [TEST_STEP][PASSED] - i = b.indexOf("О «"): null

18-11-2024T10:39:43 - [TEST_STEP][PASSED] - if (i > -1): null

18-11-2024T10:39:43 - [TEST_STEP][PASSED] - i = b.indexOf("г. "): null

18-11-2024T10:39:43 - [TEST_STEP][PASSED] - if (i > -1): null

18-11-2024T10:39:43 - [TEST_STEP][PASSED] - println(b): null

18-11-2024T10:39:43 - [TEST_STEP][PASSED] - for ([planFact = 1, planFact < 3, (planFact++)]): Object: 'Object Repository/Выполнение бизнес-плана/Кнопка Факт' is clicked on

18-11-2024T10:39:43 - [TEST_STEP][PASSED] - if (planFact == 1): null

18-11-2024T10:39:43 - [TEST_STEP][PASSED] - typeOfDataMain = "Факт": null

18-11-2024T10:39:43 - [TEST_STEP][PASSED] - otpusk = findTestData("PlanFact").getValue(5, a): null

18-11-2024T10:39:43 - [TEST_STEP][PASSED] - poteri = findTestData("PlanFact").getValue(6, a): null

18-11-2024T10:39:43 - [TEST_STEP][PASSED] - otpusk = otpusk.replaceAll("\s+", ""): null

18-11-2024T10:39:43 - [TEST_STEP][PASSED] - poteri = poteri.replaceAll("\s+", ""): null

18-11-2024T10:39:43 - [TEST_STEP][PASSED] - typeOfData = typeOfDataMain + " Отпуск в сеть": null

18-11-2024T10:39:43 - [TEST_STEP][PASSED] - if (a == 82): null

18-11-2024T10:39:43 - [TEST_STEP][PASSED] - else if (a == 84): null

18-11-2024T10:39:43 - [TEST_STEP][PASSED] - else if (a == 52 || a == 72 || a == 28 || a == 73 || a == 77 || a == 74 || a == 65 || a == 36 || a == 44 || a == 53 || a == 80 || a == 54 || a == 1 || a == 18 || a == 59 || a == 81): null

18-11-2024T10:39:43 - [TEST_STEP][PASSED] - else: null

18-11-2024T10:39:43 - [TEST_STEP][PASSED] - path = dataFolder + typeOfData + " за отчётный период " + b: null

18-11-2024T10:39:43 - [TEST_STEP][PASSED] - println(path): null

18-11-2024T10:39:43 - [TEST_STEP][PASSED] - page = getText(findTestObject(path)): Text of object 'Object Repository/Выполнение бизнес-плана/Значения со страницы Выполнение бизнес-плана/Факт Отпуск в сеть за отчётный период Мариэнерго' is: '1 464 353'

18-11-2024T10:39:43 - [MESSAGE][PASSED] - Text of object 'Object Repository/Выполнение бизнес-плана/Значения со страницы Выполнение бизнес-плана/Факт Отпуск в сеть за отчётный период Мариэнерго' is: '1 464 353'

18-11-2024T10:39:43 - [TEST_STEP][PASSED] - page = page.replaceAll("\s+", ""): null

18-11-2024T10:39:43 - [TEST_STEP][PASSED] - fileOtpuskVSet = otpusk.toInteger(): null

18-11-2024T10:39:43 - [TEST_STEP][PASSED] - pageOtpuskVSet = page.toInteger(): null

18-11-2024T10:39:43 - [TEST_STEP][PASSED] - typeOfData = typeOfDataMain + " Потери": null

18-11-2024T10:39:43 - [TEST_STEP][PASSED] - if (a == 82): null

18-11-2024T10:39:43 - [TEST_STEP][PASSED] - else if (a == 84): null

18-11-2024T10:39:43 - [TEST_STEP][PASSED] - else if (a == 52 || a == 72 || a == 28 || a == 73 || a == 77 || a == 74 || a == 65 || a == 36 || a == 44 || a == 53 || a == 80 || a == 54 || a == 1 || a == 18 || a == 59 || a == 81): null

18-11-2024T10:39:43 - [TEST_STEP][PASSED] - else: null

18-11-2024T10:39:43 - [TEST_STEP][PASSED] - path = dataFolder + typeOfData + " за отчётный период " + b: null

18-11-2024T10:39:43 - [TEST_STEP][PASSED] - page = getText(findTestObject(path)): Text of object 'Object Repository/Выполнение бизнес-плана/Значения со страницы Выполнение бизнес-плана/Факт Потери за отчётный период Мариэнерго' is: '114 010'

18-11-2024T10:39:44 - [MESSAGE][PASSED] - Text of object 'Object Repository/Выполнение бизнес-плана/Значения со страницы Выполнение бизнес-плана/Факт Потери за отчётный период Мариэнерго' is: '114 010'

18-11-2024T10:39:44 - [TEST_STEP][PASSED] - page = page.replaceAll("\s+", ""): null

18-11-2024T10:39:44 - [TEST_STEP][PASSED] - filePoteri = poteri.toInteger(): null

18-11-2024T10:39:44 - [TEST_STEP][PASSED] - pagePoteri = page.toInteger(): null

18-11-2024T10:39:44 - [TEST_STEP][PASSED] - compare = pageOtpuskVSet: null

18-11-2024T10:39:44 - [TEST_STEP][PASSED] - if (compare == fileOtpuskVSet): null

18-11-2024T10:39:44 - [TEST_STEP][PASSED] - if (compare == fileOtpuskVSet): null

18-11-2024T10:39:44 - [TEST_STEP][PASSED] - compare = pagePoteri: null

18-11-2024T10:39:44 - [TEST_STEP][PASSED] - if (compare == filePoteri): null

18-11-2024T10:39:44 - [TEST_STEP][PASSED] - if (compare == filePoteri): null

18-11-2024T10:39:44 - [TEST_STEP][PASSED] - if (planFact == 2): null

18-11-2024T10:39:44 - [TEST_STEP][PASSED] - if (planFact == 1): null

18-11-2024T10:39:44 - [TEST_STEP][PASSED] - else if (planFact == 2): null

18-11-2024T10:39:44 - [TEST_STEP][PASSED] - click(findTestObject("Выполнение бизнес-плана/Кнопка План")): Object: 'Object Repository/Выполнение бизнес-плана/Кнопка План' is clicked on

18-11-2024T10:39:44 - [MESSAGE][PASSED] - Object: 'Object Repository/Выполнение бизнес-плана/Кнопка План' is clicked on

18-11-2024T10:39:44 - [TEST_STEP][PASSED] - typeOfDataMain = "План": null

18-11-2024T10:39:44 - [TEST_STEP][PASSED] - otpusk = findTestData("PlanFact").getValue(2, a): null

18-11-2024T10:39:44 - [TEST_STEP][PASSED] - poteri = findTestData("PlanFact").getValue(3, a): null

18-11-2024T10:39:44 - [TEST_STEP][PASSED] - otpusk = otpusk.replaceAll("\s+", ""): null

18-11-2024T10:39:44 - [TEST_STEP][PASSED] - poteri = poteri.replaceAll("\s+", ""): null

18-11-2024T10:39:44 - [TEST_STEP][PASSED] - typeOfData = typeOfDataMain + " Отпуск в сеть": null

18-11-2024T10:39:44 - [TEST_STEP][PASSED] - if (a == 82): null

18-11-2024T10:39:44 - [TEST_STEP][PASSED] - else if (a == 84): null

18-11-2024T10:39:44 - [TEST_STEP][PASSED] - else if (a == 52 || a == 72 || a == 28 || a == 73 || a == 77 || a == 74 || a == 65 || a == 36 || a == 44 || a == 53 || a == 80 || a == 54 || a == 1 || a == 18 || a == 59 || a == 81): null

18-11-2024T10:39:44 - [TEST_STEP][PASSED] - else: null

18-11-2024T10:39:44 - [TEST_STEP][PASSED] - path = dataFolder + typeOfData + " за отчётный период " + b: null

18-11-2024T10:39:44 - [TEST_STEP][PASSED] - println(path): null

18-11-2024T10:39:44 - [TEST_STEP][PASSED] - page = getText(findTestObject(path)): Text of object 'Object Repository/Выполнение бизнес-плана/Значения со страницы Выполнение бизнес-плана/План Отпуск в сеть за отчётный период Мариэнерго' is: '1 417 451'

18-11-2024T10:39:45 - [MESSAGE][PASSED] - Text of object 'Object Repository/Выполнение бизнес-плана/Значения со страницы Выполнение бизнес-плана/План Отпуск в сеть за отчётный период Мариэнерго' is: '1 417 451'

18-11-2024T10:39:45 - [TEST_STEP][PASSED] - page = page.replaceAll("\s+", ""): null

18-11-2024T10:39:45 - [TEST_STEP][PASSED] - fileOtpuskVSet = otpusk.toInteger(): null

18-11-2024T10:39:45 - [TEST_STEP][PASSED] - pageOtpuskVSet = page.toInteger(): null

18-11-2024T10:39:45 - [TEST_STEP][PASSED] - typeOfData = typeOfDataMain + " Потери": null

18-11-2024T10:39:45 - [TEST_STEP][PASSED] - if (a == 82): null

18-11-2024T10:39:45 - [TEST_STEP][PASSED] - else if (a == 84): null

18-11-2024T10:39:45 - [TEST_STEP][PASSED] - else if (a == 52 || a == 72 || a == 28 || a == 73 || a == 77 || a == 74 || a == 65 || a == 36 || a == 44 || a == 53 || a == 80 || a == 54 || a == 1 || a == 18 || a == 59 || a == 81): null

18-11-2024T10:39:45 - [TEST_STEP][PASSED] - else: null

18-11-2024T10:39:45 - [TEST_STEP][PASSED] - path = dataFolder + typeOfData + " за отчётный период " + b: null

18-11-2024T10:39:45 - [TEST_STEP][PASSED] - page = getText(findTestObject(path)): Text of object 'Object Repository/Выполнение бизнес-плана/Значения со страницы Выполнение бизнес-плана/План Потери за отчётный период Мариэнерго' is: '114 726'

18-11-2024T10:39:45 - [MESSAGE][PASSED] - Text of object 'Object Repository/Выполнение бизнес-плана/Значения со страницы Выполнение бизнес-плана/План Потери за отчётный период Мариэнерго' is: '114 726'

18-11-2024T10:39:45 - [TEST_STEP][PASSED] - page = page.replaceAll("\s+", ""): null

18-11-2024T10:39:45 - [TEST_STEP][PASSED] - filePoteri = poteri.toInteger(): null

18-11-2024T10:39:45 - [TEST_STEP][PASSED] - pagePoteri = page.toInteger(): null

18-11-2024T10:39:45 - [TEST_STEP][PASSED] - compare = pageOtpuskVSet: null

18-11-2024T10:39:45 - [TEST_STEP][PASSED] - if (compare == fileOtpuskVSet): null

18-11-2024T10:39:45 - [TEST_STEP][PASSED] - if (compare == fileOtpuskVSet): null

18-11-2024T10:39:45 - [TEST_STEP][PASSED] - compare = pagePoteri: null

18-11-2024T10:39:45 - [TEST_STEP][PASSED] - if (compare == filePoteri): null

18-11-2024T10:39:45 - [TEST_STEP][PASSED] - if (compare == filePoteri): null

18-11-2024T10:39:45 - [TEST_STEP][PASSED] - if (planFact == 2): Object: 'Object Repository/Выполнение бизнес-плана/Кнопка Факт' is clicked on

18-11-2024T10:39:45 - [TEST_STEP][PASSED] - click(findTestObject("Выполнение бизнес-плана/Кнопка Факт")): Object: 'Object Repository/Выполнение бизнес-плана/Кнопка Факт' is clicked on

18-11-2024T10:39:45 - [MESSAGE][PASSED] - Object: 'Object Repository/Выполнение бизнес-плана/Кнопка Факт' is clicked on

18-11-2024T10:39:45 - [TEST_STEP][PASSED] - if (a == 84 || a == 82): null

18-11-2024T10:39:45 - [TEST_STEP][PASSED] - else if (a == 52 || a == 72 || a == 28 || a == 73 || a == 77 || a == 74 || a == 65 || a == 36 || a == 44 || a == 53 || a == 80 || a == 54 || a == 1 || a == 18 || a == 59 || a == 81): null

18-11-2024T10:39:45 - [TEST_STEP][PASSED] - else: null

18-11-2024T10:39:45 - [TEST_STEP][PASSED] - page1 = getText(findTestObject("Object Repository/Выполнение бизнес-плана/spanPlan" + filialNum)): Text of object 'Object Repository/Выполнение бизнес-плана/spanPlan5' is: '8.09
|'

18-11-2024T10:39:45 - [MESSAGE][PASSED] - Text of object 'Object Repository/Выполнение бизнес-плана/spanPlan5' is: '8.09
|'

18-11-2024T10:39:45 - [TEST_STEP][PASSED] - page1 = page1.replace("|", ""): null

18-11-2024T10:39:45 - [TEST_STEP][PASSED] - page2 = getText(findTestObject("Object Repository/Выполнение бизнес-плана/spanFact" + filialNum)): Text of object 'Object Repository/Выполнение бизнес-плана/spanFact5' is: '7.79
|'

18-11-2024T10:39:46 - [MESSAGE][PASSED] - Text of object 'Object Repository/Выполнение бизнес-плана/spanFact5' is: '7.79
|'

18-11-2024T10:39:46 - [TEST_STEP][PASSED] - page2 = page2.replace("|", ""): null

18-11-2024T10:39:46 - [TEST_STEP][PASSED] - println("page1: " + page1): null

18-11-2024T10:39:46 - [TEST_STEP][PASSED] - println("page2: " + page2): null

18-11-2024T10:39:46 - [TEST_STEP][PASSED] - file = findTestData("PlanFact").getValue(4, a): null

18-11-2024T10:39:46 - [TEST_STEP][PASSED] - file = file.replace(",", "."): null

18-11-2024T10:39:46 - [TEST_STEP][PASSED] - println("file Plan: " + file): null

18-11-2024T10:39:46 - [TEST_STEP][PASSED] - typeOfData = "План в процентах": null

18-11-2024T10:39:46 - [TEST_STEP][PASSED] - fileDouble = file.toDouble(): null

18-11-2024T10:39:46 - [TEST_STEP][PASSED] - pageDouble = page1.toDouble(): null

18-11-2024T10:39:46 - [TEST_STEP][PASSED] - if (fileDouble != pageDouble): null

18-11-2024T10:39:46 - [TEST_STEP][PASSED] - file = findTestData("PlanFact").getValue(7, a): null

18-11-2024T10:39:46 - [TEST_STEP][PASSED] - file = file.replace(",", "."): null

18-11-2024T10:39:46 - [TEST_STEP][PASSED] - println("file Fact: " + file): null

18-11-2024T10:39:46 - [TEST_STEP][PASSED] - fileDouble = file.toDouble(): null

18-11-2024T10:39:46 - [TEST_STEP][PASSED] - typeOfData = "Факт в процентах": null

18-11-2024T10:39:46 - [TEST_STEP][PASSED] - fileDouble = file.toDouble(): null

18-11-2024T10:39:46 - [TEST_STEP][PASSED] - pageDouble = page2.toDouble(): null

18-11-2024T10:39:46 - [TEST_STEP][PASSED] - if (fileDouble != pageDouble): null

18-11-2024T10:39:46 - [TEST_STEP][PASSED] - if (verifyEqual(numberOfErrors, 0) == false): Actual object '0' and expected object '0' are equal

18-11-2024T10:39:46 - [MESSAGE][PASSED] - Actual object '0' and expected object '0' are equal

18-11-2024T10:39:46 - [TEST_STEP][PASSED] - if (a == 82): null

18-11-2024T10:39:46 - [TEST_STEP][PASSED] - dZO = "Нижновэнерго": null

18-11-2024T10:39:46 - [TEST_STEP][PASSED] - a = 24: null

18-11-2024T10:39:46 - [TEST_STEP][PASSED] - if (x2.contains(dZO)): null

18-11-2024T10:39:46 - [TEST_STEP][PASSED] - filialNum = filialNum + 1: null

18-11-2024T10:39:46 - [TEST_STEP][PASSED] - Script1718980020443.Numbers(a, typeOfData, todaysDate, pageInt, fileInt, pageDouble, fileDouble, dZO, dzoNum, filialNum): null

18-11-2024T10:39:46 - [TEST_STEP][PASSED] - println(dzoNum): null

18-11-2024T10:39:46 - [TEST_STEP][PASSED] - planFact = <not implemented yet for class: org.codehaus.groovy.ast.expr.EmptyExpression>: null

18-11-2024T10:39:46 - [TEST_STEP][PASSED] - page = <not implemented yet for class: org.codehaus.groovy.ast.expr.EmptyExpression>: null

18-11-2024T10:39:46 - [TEST_STEP][PASSED] - page1 = <not implemented yet for class: org.codehaus.groovy.ast.expr.EmptyExpression>: null

18-11-2024T10:39:46 - [TEST_STEP][PASSED] - page2 = <not implemented yet for class: org.codehaus.groovy.ast.expr.EmptyExpression>: null

18-11-2024T10:39:46 - [TEST_STEP][PASSED] - filialNumberInRow = <not implemented yet for class: org.codehaus.groovy.ast.expr.EmptyExpression>: null

18-11-2024T10:39:46 - [TEST_STEP][PASSED] - filialsDzoNames = <not implemented yet for class: org.codehaus.groovy.ast.expr.EmptyExpression>: null

18-11-2024T10:39:46 - [TEST_STEP][PASSED] - numberOfFilials = <not implemented yet for class: org.codehaus.groovy.ast.expr.EmptyExpression>: null

18-11-2024T10:39:46 - [TEST_STEP][PASSED] - numberOfSpaces = <not implemented yet for class: org.codehaus.groovy.ast.expr.EmptyExpression>: null

18-11-2024T10:39:46 - [TEST_STEP][PASSED] - file = <not implemented yet for class: org.codehaus.groovy.ast.expr.EmptyExpression>: null

18-11-2024T10:39:46 - [TEST_STEP][PASSED] - otpusk = <not implemented yet for class: org.codehaus.groovy.ast.expr.EmptyExpression>: null

18-11-2024T10:39:46 - [TEST_STEP][PASSED] - poteri = <not implemented yet for class: org.codehaus.groovy.ast.expr.EmptyExpression>: null

18-11-2024T10:39:46 - [TEST_STEP][PASSED] - dataFolder = "Выполнение бизнес-плана/Значения со страницы Выполнение бизнес-плана/": null

18-11-2024T10:39:46 - [TEST_STEP][PASSED] - path = <not implemented yet for class: org.codehaus.groovy.ast.expr.EmptyExpression>: null

18-11-2024T10:39:46 - [TEST_STEP][PASSED] - typeOfDataMain = <not implemented yet for class: org.codehaus.groovy.ast.expr.EmptyExpression>: null

18-11-2024T10:39:46 - [TEST_STEP][PASSED] - fileOtpuskVSet = <not implemented yet for class: org.codehaus.groovy.ast.expr.EmptyExpression>: null

18-11-2024T10:39:46 - [TEST_STEP][PASSED] - pageOtpuskVSet = <not implemented yet for class: org.codehaus.groovy.ast.expr.EmptyExpression>: null

18-11-2024T10:39:46 - [TEST_STEP][PASSED] - filePoteri = <not implemented yet for class: org.codehaus.groovy.ast.expr.EmptyExpression>: null

18-11-2024T10:39:46 - [TEST_STEP][PASSED] - pagePoteri = <not implemented yet for class: org.codehaus.groovy.ast.expr.EmptyExpression>: null

18-11-2024T10:39:46 - [TEST_STEP][PASSED] - compare = <not implemented yet for class: org.codehaus.groovy.ast.expr.EmptyExpression>: null

18-11-2024T10:39:46 - [TEST_STEP][PASSED] - b = <not implemented yet for class: org.codehaus.groovy.ast.expr.EmptyExpression>: null

18-11-2024T10:39:46 - [TEST_STEP][PASSED] - i = <not implemented yet for class: org.codehaus.groovy.ast.expr.EmptyExpression>: null

18-11-2024T10:39:46 - [TEST_STEP][PASSED] - ii = <not implemented yet for class: org.codehaus.groovy.ast.expr.EmptyExpression>: null

18-11-2024T10:39:46 - [TEST_STEP][PASSED] - c = <not implemented yet for class: org.codehaus.groovy.ast.expr.EmptyExpression>: null

18-11-2024T10:39:46 - [TEST_STEP][PASSED] - numberOfErrors = 0: null

18-11-2024T10:39:46 - [TEST_STEP][PASSED] - if (a == 82): null

18-11-2024T10:39:46 - [TEST_STEP][PASSED] - b = findTestData("PlanFact").getValue(1, a): null

18-11-2024T10:39:46 - [TEST_STEP][PASSED] - i = b.indexOf(" (ГК)"): null

18-11-2024T10:39:46 - [TEST_STEP][PASSED] - if (i > -1): null

18-11-2024T10:39:46 - [TEST_STEP][PASSED] - i = b.indexOf("О ""): null

18-11-2024T10:39:46 - [TEST_STEP][PASSED] - if (i > -1): null

18-11-2024T10:39:46 - [TEST_STEP][PASSED] - i = b.indexOf("О «"): null

18-11-2024T10:39:46 - [TEST_STEP][PASSED] - if (i > -1): null

18-11-2024T10:39:46 - [TEST_STEP][PASSED] - i = b.indexOf("г. "): null

18-11-2024T10:39:46 - [TEST_STEP][PASSED] - if (i > -1): null

18-11-2024T10:39:46 - [TEST_STEP][PASSED] - println(b): null

18-11-2024T10:39:46 - [TEST_STEP][PASSED] - for ([planFact = 1, planFact < 3, (planFact++)]): Object: 'Object Repository/Выполнение бизнес-плана/Кнопка Факт' is clicked on

18-11-2024T10:39:46 - [TEST_STEP][PASSED] - if (planFact == 1): null

18-11-2024T10:39:46 - [TEST_STEP][PASSED] - typeOfDataMain = "Факт": null

18-11-2024T10:39:46 - [TEST_STEP][PASSED] - otpusk = findTestData("PlanFact").getValue(5, a): null

18-11-2024T10:39:46 - [TEST_STEP][PASSED] - poteri = findTestData("PlanFact").getValue(6, a): null

18-11-2024T10:39:46 - [TEST_STEP][PASSED] - otpusk = otpusk.replaceAll("\s+", ""): null

18-11-2024T10:39:46 - [TEST_STEP][PASSED] - poteri = poteri.replaceAll("\s+", ""): null

18-11-2024T10:39:46 - [TEST_STEP][PASSED] - typeOfData = typeOfDataMain + " Отпуск в сеть": null

18-11-2024T10:39:46 - [TEST_STEP][PASSED] - if (a == 82): null

18-11-2024T10:39:46 - [TEST_STEP][PASSED] - else if (a == 84): null

18-11-2024T10:39:46 - [TEST_STEP][PASSED] - else if (a == 52 || a == 72 || a == 28 || a == 73 || a == 77 || a == 74 || a == 65 || a == 36 || a == 44 || a == 53 || a == 80 || a == 54 || a == 1 || a == 18 || a == 59 || a == 81): null

18-11-2024T10:39:46 - [TEST_STEP][PASSED] - else: null

18-11-2024T10:39:46 - [TEST_STEP][PASSED] - path = dataFolder + typeOfData + " за отчётный период " + b: null

18-11-2024T10:39:46 - [TEST_STEP][PASSED] - println(path): null

18-11-2024T10:39:46 - [TEST_STEP][PASSED] - page = getText(findTestObject(path)): Text of object 'Object Repository/Выполнение бизнес-плана/Значения со страницы Выполнение бизнес-плана/Факт Отпуск в сеть за отчётный период Нижновэнерго' is: '9 396 960'

18-11-2024T10:39:46 - [MESSAGE][PASSED] - Text of object 'Object Repository/Выполнение бизнес-плана/Значения со страницы Выполнение бизнес-плана/Факт Отпуск в сеть за отчётный период Нижновэнерго' is: '9 396 960'

18-11-2024T10:39:46 - [TEST_STEP][PASSED] - page = page.replaceAll("\s+", ""): null

18-11-2024T10:39:46 - [TEST_STEP][PASSED] - fileOtpuskVSet = otpusk.toInteger(): null

18-11-2024T10:39:46 - [TEST_STEP][PASSED] - pageOtpuskVSet = page.toInteger(): null

18-11-2024T10:39:46 - [TEST_STEP][PASSED] - typeOfData = typeOfDataMain + " Потери": null

18-11-2024T10:39:46 - [TEST_STEP][PASSED] - if (a == 82): null

18-11-2024T10:39:46 - [TEST_STEP][PASSED] - else if (a == 84): null

18-11-2024T10:39:46 - [TEST_STEP][PASSED] - else if (a == 52 || a == 72 || a == 28 || a == 73 || a == 77 || a == 74 || a == 65 || a == 36 || a == 44 || a == 53 || a == 80 || a == 54 || a == 1 || a == 18 || a == 59 || a == 81): null

18-11-2024T10:39:46 - [TEST_STEP][PASSED] - else: null

18-11-2024T10:39:46 - [TEST_STEP][PASSED] - path = dataFolder + typeOfData + " за отчётный период " + b: null

18-11-2024T10:39:46 - [TEST_STEP][PASSED] - page = getText(findTestObject(path)): Text of object 'Object Repository/Выполнение бизнес-плана/Значения со страницы Выполнение бизнес-плана/Факт Потери за отчётный период Нижновэнерго' is: '783 521'

18-11-2024T10:39:47 - [MESSAGE][PASSED] - Text of object 'Object Repository/Выполнение бизнес-плана/Значения со страницы Выполнение бизнес-плана/Факт Потери за отчётный период Нижновэнерго' is: '783 521'

18-11-2024T10:39:47 - [TEST_STEP][PASSED] - page = page.replaceAll("\s+", ""): null

18-11-2024T10:39:47 - [TEST_STEP][PASSED] - filePoteri = poteri.toInteger(): null

18-11-2024T10:39:47 - [TEST_STEP][PASSED] - pagePoteri = page.toInteger(): null

18-11-2024T10:39:47 - [TEST_STEP][PASSED] - compare = pageOtpuskVSet: null

18-11-2024T10:39:47 - [TEST_STEP][PASSED] - if (compare == fileOtpuskVSet): null

18-11-2024T10:39:47 - [TEST_STEP][PASSED] - if (compare == fileOtpuskVSet): null

18-11-2024T10:39:47 - [TEST_STEP][PASSED] - compare = pagePoteri: null

18-11-2024T10:39:47 - [TEST_STEP][PASSED] - if (compare == filePoteri): null

18-11-2024T10:39:47 - [TEST_STEP][PASSED] - if (compare == filePoteri): null

18-11-2024T10:39:47 - [TEST_STEP][PASSED] - if (planFact == 2): null

18-11-2024T10:39:47 - [TEST_STEP][PASSED] - if (planFact == 1): null

18-11-2024T10:39:47 - [TEST_STEP][PASSED] - else if (planFact == 2): null

18-11-2024T10:39:47 - [TEST_STEP][PASSED] - click(findTestObject("Выполнение бизнес-плана/Кнопка План")): Object: 'Object Repository/Выполнение бизнес-плана/Кнопка План' is clicked on

18-11-2024T10:39:47 - [MESSAGE][PASSED] - Object: 'Object Repository/Выполнение бизнес-плана/Кнопка План' is clicked on

18-11-2024T10:39:47 - [TEST_STEP][PASSED] - typeOfDataMain = "План": null

18-11-2024T10:39:47 - [TEST_STEP][PASSED] - otpusk = findTestData("PlanFact").getValue(2, a): null

18-11-2024T10:39:47 - [TEST_STEP][PASSED] - poteri = findTestData("PlanFact").getValue(3, a): null

18-11-2024T10:39:47 - [TEST_STEP][PASSED] - otpusk = otpusk.replaceAll("\s+", ""): null

18-11-2024T10:39:47 - [TEST_STEP][PASSED] - poteri = poteri.replaceAll("\s+", ""): null

18-11-2024T10:39:47 - [TEST_STEP][PASSED] - typeOfData = typeOfDataMain + " Отпуск в сеть": null

18-11-2024T10:39:47 - [TEST_STEP][PASSED] - if (a == 82): null

18-11-2024T10:39:47 - [TEST_STEP][PASSED] - else if (a == 84): null

18-11-2024T10:39:47 - [TEST_STEP][PASSED] - else if (a == 52 || a == 72 || a == 28 || a == 73 || a == 77 || a == 74 || a == 65 || a == 36 || a == 44 || a == 53 || a == 80 || a == 54 || a == 1 || a == 18 || a == 59 || a == 81): null

18-11-2024T10:39:47 - [TEST_STEP][PASSED] - else: null

18-11-2024T10:39:47 - [TEST_STEP][PASSED] - path = dataFolder + typeOfData + " за отчётный период " + b: null

18-11-2024T10:39:47 - [TEST_STEP][PASSED] - println(path): null

18-11-2024T10:39:47 - [TEST_STEP][PASSED] - page = getText(findTestObject(path)): Text of object 'Object Repository/Выполнение бизнес-плана/Значения со страницы Выполнение бизнес-плана/План Отпуск в сеть за отчётный период Нижновэнерго' is: '9 157 487'

18-11-2024T10:39:47 - [MESSAGE][PASSED] - Text of object 'Object Repository/Выполнение бизнес-плана/Значения со страницы Выполнение бизнес-плана/План Отпуск в сеть за отчётный период Нижновэнерго' is: '9 157 487'

18-11-2024T10:39:47 - [TEST_STEP][PASSED] - page = page.replaceAll("\s+", ""): null

18-11-2024T10:39:47 - [TEST_STEP][PASSED] - fileOtpuskVSet = otpusk.toInteger(): null

18-11-2024T10:39:47 - [TEST_STEP][PASSED] - pageOtpuskVSet = page.toInteger(): null

18-11-2024T10:39:47 - [TEST_STEP][PASSED] - typeOfData = typeOfDataMain + " Потери": null

18-11-2024T10:39:47 - [TEST_STEP][PASSED] - if (a == 82): null

18-11-2024T10:39:47 - [TEST_STEP][PASSED] - else if (a == 84): null

18-11-2024T10:39:47 - [TEST_STEP][PASSED] - else if (a == 52 || a == 72 || a == 28 || a == 73 || a == 77 || a == 74 || a == 65 || a == 36 || a == 44 || a == 53 || a == 80 || a == 54 || a == 1 || a == 18 || a == 59 || a == 81): null

18-11-2024T10:39:47 - [TEST_STEP][PASSED] - else: null

18-11-2024T10:39:47 - [TEST_STEP][PASSED] - path = dataFolder + typeOfData + " за отчётный период " + b: null

18-11-2024T10:39:47 - [TEST_STEP][PASSED] - page = getText(findTestObject(path)): Text of object 'Object Repository/Выполнение бизнес-плана/Значения со страницы Выполнение бизнес-плана/План Потери за отчётный период Нижновэнерго' is: '751 132'

18-11-2024T10:39:48 - [MESSAGE][PASSED] - Text of object 'Object Repository/Выполнение бизнес-плана/Значения со страницы Выполнение бизнес-плана/План Потери за отчётный период Нижновэнерго' is: '751 132'

18-11-2024T10:39:48 - [TEST_STEP][PASSED] - page = page.replaceAll("\s+", ""): null

18-11-2024T10:39:48 - [TEST_STEP][PASSED] - filePoteri = poteri.toInteger(): null

18-11-2024T10:39:48 - [TEST_STEP][PASSED] - pagePoteri = page.toInteger(): null

18-11-2024T10:39:48 - [TEST_STEP][PASSED] - compare = pageOtpuskVSet: null

18-11-2024T10:39:48 - [TEST_STEP][PASSED] - if (compare == fileOtpuskVSet): null

18-11-2024T10:39:48 - [TEST_STEP][PASSED] - if (compare == fileOtpuskVSet): null

18-11-2024T10:39:48 - [TEST_STEP][PASSED] - compare = pagePoteri: null

18-11-2024T10:39:48 - [TEST_STEP][PASSED] - if (compare == filePoteri): null

18-11-2024T10:39:48 - [TEST_STEP][PASSED] - if (compare == filePoteri): null

18-11-2024T10:39:48 - [TEST_STEP][PASSED] - if (planFact == 2): Object: 'Object Repository/Выполнение бизнес-плана/Кнопка Факт' is clicked on

18-11-2024T10:39:48 - [TEST_STEP][PASSED] - click(findTestObject("Выполнение бизнес-плана/Кнопка Факт")): Object: 'Object Repository/Выполнение бизнес-плана/Кнопка Факт' is clicked on

18-11-2024T10:39:48 - [MESSAGE][PASSED] - Object: 'Object Repository/Выполнение бизнес-плана/Кнопка Факт' is clicked on

18-11-2024T10:39:48 - [TEST_STEP][PASSED] - if (a == 84 || a == 82): null

18-11-2024T10:39:48 - [TEST_STEP][PASSED] - else if (a == 52 || a == 72 || a == 28 || a == 73 || a == 77 || a == 74 || a == 65 || a == 36 || a == 44 || a == 53 || a == 80 || a == 54 || a == 1 || a == 18 || a == 59 || a == 81): null

18-11-2024T10:39:48 - [TEST_STEP][PASSED] - else: null

18-11-2024T10:39:48 - [TEST_STEP][PASSED] - page1 = getText(findTestObject("Object Repository/Выполнение бизнес-плана/spanPlan" + filialNum)): Text of object 'Object Repository/Выполнение бизнес-плана/spanPlan6' is: '8.20
|'

18-11-2024T10:39:48 - [MESSAGE][PASSED] - Text of object 'Object Repository/Выполнение бизнес-плана/spanPlan6' is: '8.20
|'

18-11-2024T10:39:48 - [TEST_STEP][PASSED] - page1 = page1.replace("|", ""): null

18-11-2024T10:39:48 - [TEST_STEP][PASSED] - page2 = getText(findTestObject("Object Repository/Выполнение бизнес-плана/spanFact" + filialNum)): Text of object 'Object Repository/Выполнение бизнес-плана/spanFact6' is: '8.34
|'

18-11-2024T10:39:49 - [MESSAGE][PASSED] - Text of object 'Object Repository/Выполнение бизнес-плана/spanFact6' is: '8.34
|'

18-11-2024T10:39:49 - [TEST_STEP][PASSED] - page2 = page2.replace("|", ""): null

18-11-2024T10:39:49 - [TEST_STEP][PASSED] - println("page1: " + page1): null

18-11-2024T10:39:49 - [TEST_STEP][PASSED] - println("page2: " + page2): null

18-11-2024T10:39:49 - [TEST_STEP][PASSED] - file = findTestData("PlanFact").getValue(4, a): null

18-11-2024T10:39:49 - [TEST_STEP][PASSED] - file = file.replace(",", "."): null

18-11-2024T10:39:49 - [TEST_STEP][PASSED] - println("file Plan: " + file): null

18-11-2024T10:39:49 - [TEST_STEP][PASSED] - typeOfData = "План в процентах": null

18-11-2024T10:39:49 - [TEST_STEP][PASSED] - fileDouble = file.toDouble(): null

18-11-2024T10:39:49 - [TEST_STEP][PASSED] - pageDouble = page1.toDouble(): null

18-11-2024T10:39:49 - [TEST_STEP][PASSED] - if (fileDouble != pageDouble): null

18-11-2024T10:39:49 - [TEST_STEP][PASSED] - file = findTestData("PlanFact").getValue(7, a): null

18-11-2024T10:39:49 - [TEST_STEP][PASSED] - file = file.replace(",", "."): null

18-11-2024T10:39:49 - [TEST_STEP][PASSED] - println("file Fact: " + file): null

18-11-2024T10:39:49 - [TEST_STEP][PASSED] - fileDouble = file.toDouble(): null

18-11-2024T10:39:49 - [TEST_STEP][PASSED] - typeOfData = "Факт в процентах": null

18-11-2024T10:39:49 - [TEST_STEP][PASSED] - fileDouble = file.toDouble(): null

18-11-2024T10:39:49 - [TEST_STEP][PASSED] - pageDouble = page2.toDouble(): null

18-11-2024T10:39:49 - [TEST_STEP][PASSED] - if (fileDouble != pageDouble): null

18-11-2024T10:39:49 - [TEST_STEP][PASSED] - if (verifyEqual(numberOfErrors, 0) == false): Actual object '0' and expected object '0' are equal

18-11-2024T10:39:49 - [MESSAGE][PASSED] - Actual object '0' and expected object '0' are equal

18-11-2024T10:39:49 - [TEST_STEP][PASSED] - if (a == 82): null

18-11-2024T10:39:49 - [TEST_STEP][PASSED] - dZO = "Рязаньэнерго": null

18-11-2024T10:39:49 - [TEST_STEP][PASSED] - a = 25: null

18-11-2024T10:39:49 - [TEST_STEP][PASSED] - if (x2.contains(dZO)): null

18-11-2024T10:39:49 - [TEST_STEP][PASSED] - filialNum = filialNum + 1: null

18-11-2024T10:39:49 - [TEST_STEP][PASSED] - Script1718980020443.Numbers(a, typeOfData, todaysDate, pageInt, fileInt, pageDouble, fileDouble, dZO, dzoNum, filialNum): null

18-11-2024T10:39:49 - [TEST_STEP][PASSED] - println(dzoNum): null

18-11-2024T10:39:49 - [TEST_STEP][PASSED] - planFact = <not implemented yet for class: org.codehaus.groovy.ast.expr.EmptyExpression>: null

18-11-2024T10:39:49 - [TEST_STEP][PASSED] - page = <not implemented yet for class: org.codehaus.groovy.ast.expr.EmptyExpression>: null

18-11-2024T10:39:49 - [TEST_STEP][PASSED] - page1 = <not implemented yet for class: org.codehaus.groovy.ast.expr.EmptyExpression>: null

18-11-2024T10:39:49 - [TEST_STEP][PASSED] - page2 = <not implemented yet for class: org.codehaus.groovy.ast.expr.EmptyExpression>: null

18-11-2024T10:39:49 - [TEST_STEP][PASSED] - filialNumberInRow = <not implemented yet for class: org.codehaus.groovy.ast.expr.EmptyExpression>: null

18-11-2024T10:39:49 - [TEST_STEP][PASSED] - filialsDzoNames = <not implemented yet for class: org.codehaus.groovy.ast.expr.EmptyExpression>: null

18-11-2024T10:39:49 - [TEST_STEP][PASSED] - numberOfFilials = <not implemented yet for class: org.codehaus.groovy.ast.expr.EmptyExpression>: null

18-11-2024T10:39:49 - [TEST_STEP][PASSED] - numberOfSpaces = <not implemented yet for class: org.codehaus.groovy.ast.expr.EmptyExpression>: null

18-11-2024T10:39:49 - [TEST_STEP][PASSED] - file = <not implemented yet for class: org.codehaus.groovy.ast.expr.EmptyExpression>: null

18-11-2024T10:39:49 - [TEST_STEP][PASSED] - otpusk = <not implemented yet for class: org.codehaus.groovy.ast.expr.EmptyExpression>: null

18-11-2024T10:39:49 - [TEST_STEP][PASSED] - poteri = <not implemented yet for class: org.codehaus.groovy.ast.expr.EmptyExpression>: null

18-11-2024T10:39:49 - [TEST_STEP][PASSED] - dataFolder = "Выполнение бизнес-плана/Значения со страницы Выполнение бизнес-плана/": null

18-11-2024T10:39:49 - [TEST_STEP][PASSED] - path = <not implemented yet for class: org.codehaus.groovy.ast.expr.EmptyExpression>: null

18-11-2024T10:39:49 - [TEST_STEP][PASSED] - typeOfDataMain = <not implemented yet for class: org.codehaus.groovy.ast.expr.EmptyExpression>: null

18-11-2024T10:39:49 - [TEST_STEP][PASSED] - fileOtpuskVSet = <not implemented yet for class: org.codehaus.groovy.ast.expr.EmptyExpression>: null

18-11-2024T10:39:49 - [TEST_STEP][PASSED] - pageOtpuskVSet = <not implemented yet for class: org.codehaus.groovy.ast.expr.EmptyExpression>: null

18-11-2024T10:39:49 - [TEST_STEP][PASSED] - filePoteri = <not implemented yet for class: org.codehaus.groovy.ast.expr.EmptyExpression>: null

18-11-2024T10:39:49 - [TEST_STEP][PASSED] - pagePoteri = <not implemented yet for class: org.codehaus.groovy.ast.expr.EmptyExpression>: null

18-11-2024T10:39:49 - [TEST_STEP][PASSED] - compare = <not implemented yet for class: org.codehaus.groovy.ast.expr.EmptyExpression>: null

18-11-2024T10:39:49 - [TEST_STEP][PASSED] - b = <not implemented yet for class: org.codehaus.groovy.ast.expr.EmptyExpression>: null

18-11-2024T10:39:49 - [TEST_STEP][PASSED] - i = <not implemented yet for class: org.codehaus.groovy.ast.expr.EmptyExpression>: null

18-11-2024T10:39:49 - [TEST_STEP][PASSED] - ii = <not implemented yet for class: org.codehaus.groovy.ast.expr.EmptyExpression>: null

18-11-2024T10:39:49 - [TEST_STEP][PASSED] - c = <not implemented yet for class: org.codehaus.groovy.ast.expr.EmptyExpression>: null

18-11-2024T10:39:49 - [TEST_STEP][PASSED] - numberOfErrors = 0: null

18-11-2024T10:39:49 - [TEST_STEP][PASSED] - if (a == 82): null

18-11-2024T10:39:49 - [TEST_STEP][PASSED] - b = findTestData("PlanFact").getValue(1, a): null

18-11-2024T10:39:49 - [TEST_STEP][PASSED] - i = b.indexOf(" (ГК)"): null

18-11-2024T10:39:49 - [TEST_STEP][PASSED] - if (i > -1): null

18-11-2024T10:39:49 - [TEST_STEP][PASSED] - i = b.indexOf("О ""): null

18-11-2024T10:39:49 - [TEST_STEP][PASSED] - if (i > -1): null

18-11-2024T10:39:49 - [TEST_STEP][PASSED] - i = b.indexOf("О «"): null

18-11-2024T10:39:49 - [TEST_STEP][PASSED] - if (i > -1): null

18-11-2024T10:39:49 - [TEST_STEP][PASSED] - i = b.indexOf("г. "): null

18-11-2024T10:39:49 - [TEST_STEP][PASSED] - if (i > -1): null

18-11-2024T10:39:49 - [TEST_STEP][PASSED] - println(b): null

18-11-2024T10:39:49 - [TEST_STEP][PASSED] - for ([planFact = 1, planFact < 3, (planFact++)]): Object: 'Object Repository/Выполнение бизнес-плана/Кнопка Факт' is clicked on

18-11-2024T10:39:49 - [TEST_STEP][PASSED] - if (planFact == 1): null

18-11-2024T10:39:49 - [TEST_STEP][PASSED] - typeOfDataMain = "Факт": null

18-11-2024T10:39:49 - [TEST_STEP][PASSED] - otpusk = findTestData("PlanFact").getValue(5, a): null

18-11-2024T10:39:49 - [TEST_STEP][PASSED] - poteri = findTestData("PlanFact").getValue(6, a): null

18-11-2024T10:39:49 - [TEST_STEP][PASSED] - otpusk = otpusk.replaceAll("\s+", ""): null

18-11-2024T10:39:49 - [TEST_STEP][PASSED] - poteri = poteri.replaceAll("\s+", ""): null

18-11-2024T10:39:49 - [TEST_STEP][PASSED] - typeOfData = typeOfDataMain + " Отпуск в сеть": null

18-11-2024T10:39:49 - [TEST_STEP][PASSED] - if (a == 82): null

18-11-2024T10:39:49 - [TEST_STEP][PASSED] - else if (a == 84): null

18-11-2024T10:39:49 - [TEST_STEP][PASSED] - else if (a == 52 || a == 72 || a == 28 || a == 73 || a == 77 || a == 74 || a == 65 || a == 36 || a == 44 || a == 53 || a == 80 || a == 54 || a == 1 || a == 18 || a == 59 || a == 81): null

18-11-2024T10:39:49 - [TEST_STEP][PASSED] - else: null

18-11-2024T10:39:49 - [TEST_STEP][PASSED] - path = dataFolder + typeOfData + " за отчётный период " + b: null

18-11-2024T10:39:49 - [TEST_STEP][PASSED] - println(path): null

18-11-2024T10:39:49 - [TEST_STEP][PASSED] - page = getText(findTestObject(path)): Text of object 'Object Repository/Выполнение бизнес-плана/Значения со страницы Выполнение бизнес-плана/Факт Отпуск в сеть за отчётный период Рязаньэнерго' is: '4 163 601'

18-11-2024T10:39:49 - [MESSAGE][PASSED] - Text of object 'Object Repository/Выполнение бизнес-плана/Значения со страницы Выполнение бизнес-плана/Факт Отпуск в сеть за отчётный период Рязаньэнерго' is: '4 163 601'

18-11-2024T10:39:49 - [TEST_STEP][PASSED] - page = page.replaceAll("\s+", ""): null

18-11-2024T10:39:49 - [TEST_STEP][PASSED] - fileOtpuskVSet = otpusk.toInteger(): null

18-11-2024T10:39:49 - [TEST_STEP][PASSED] - pageOtpuskVSet = page.toInteger(): null

18-11-2024T10:39:49 - [TEST_STEP][PASSED] - typeOfData = typeOfDataMain + " Потери": null

18-11-2024T10:39:49 - [TEST_STEP][PASSED] - if (a == 82): null

18-11-2024T10:39:49 - [TEST_STEP][PASSED] - else if (a == 84): null

18-11-2024T10:39:49 - [TEST_STEP][PASSED] - else if (a == 52 || a == 72 || a == 28 || a == 73 || a == 77 || a == 74 || a == 65 || a == 36 || a == 44 || a == 53 || a == 80 || a == 54 || a == 1 || a == 18 || a == 59 || a == 81): null

18-11-2024T10:39:49 - [TEST_STEP][PASSED] - else: null

18-11-2024T10:39:49 - [TEST_STEP][PASSED] - path = dataFolder + typeOfData + " за отчётный период " + b: null

18-11-2024T10:39:49 - [TEST_STEP][PASSED] - page = getText(findTestObject(path)): Text of object 'Object Repository/Выполнение бизнес-плана/Значения со страницы Выполнение бизнес-плана/Факт Потери за отчётный период Рязаньэнерго' is: '185 955'

18-11-2024T10:39:50 - [MESSAGE][PASSED] - Text of object 'Object Repository/Выполнение бизнес-плана/Значения со страницы Выполнение бизнес-плана/Факт Потери за отчётный период Рязаньэнерго' is: '185 955'

18-11-2024T10:39:50 - [TEST_STEP][PASSED] - page = page.replaceAll("\s+", ""): null

18-11-2024T10:39:50 - [TEST_STEP][PASSED] - filePoteri = poteri.toInteger(): null

18-11-2024T10:39:50 - [TEST_STEP][PASSED] - pagePoteri = page.toInteger(): null

18-11-2024T10:39:50 - [TEST_STEP][PASSED] - compare = pageOtpuskVSet: null

18-11-2024T10:39:50 - [TEST_STEP][PASSED] - if (compare == fileOtpuskVSet): null

18-11-2024T10:39:50 - [TEST_STEP][PASSED] - if (compare == fileOtpuskVSet): null

18-11-2024T10:39:50 - [TEST_STEP][PASSED] - compare = pagePoteri: null

18-11-2024T10:39:50 - [TEST_STEP][PASSED] - if (compare == filePoteri): null

18-11-2024T10:39:50 - [TEST_STEP][PASSED] - if (compare == filePoteri): null

18-11-2024T10:39:50 - [TEST_STEP][PASSED] - if (planFact == 2): null

18-11-2024T10:39:50 - [TEST_STEP][PASSED] - if (planFact == 1): null

18-11-2024T10:39:50 - [TEST_STEP][PASSED] - else if (planFact == 2): null

18-11-2024T10:39:50 - [TEST_STEP][PASSED] - click(findTestObject("Выполнение бизнес-плана/Кнопка План")): Object: 'Object Repository/Выполнение бизнес-плана/Кнопка План' is clicked on

18-11-2024T10:39:50 - [MESSAGE][PASSED] - Object: 'Object Repository/Выполнение бизнес-плана/Кнопка План' is clicked on

18-11-2024T10:39:50 - [TEST_STEP][PASSED] - typeOfDataMain = "План": null

18-11-2024T10:39:50 - [TEST_STEP][PASSED] - otpusk = findTestData("PlanFact").getValue(2, a): null

18-11-2024T10:39:50 - [TEST_STEP][PASSED] - poteri = findTestData("PlanFact").getValue(3, a): null

18-11-2024T10:39:50 - [TEST_STEP][PASSED] - otpusk = otpusk.replaceAll("\s+", ""): null

18-11-2024T10:39:50 - [TEST_STEP][PASSED] - poteri = poteri.replaceAll("\s+", ""): null

18-11-2024T10:39:50 - [TEST_STEP][PASSED] - typeOfData = typeOfDataMain + " Отпуск в сеть": null

18-11-2024T10:39:50 - [TEST_STEP][PASSED] - if (a == 82): null

18-11-2024T10:39:50 - [TEST_STEP][PASSED] - else if (a == 84): null

18-11-2024T10:39:50 - [TEST_STEP][PASSED] - else if (a == 52 || a == 72 || a == 28 || a == 73 || a == 77 || a == 74 || a == 65 || a == 36 || a == 44 || a == 53 || a == 80 || a == 54 || a == 1 || a == 18 || a == 59 || a == 81): null

18-11-2024T10:39:50 - [TEST_STEP][PASSED] - else: null

18-11-2024T10:39:50 - [TEST_STEP][PASSED] - path = dataFolder + typeOfData + " за отчётный период " + b: null

18-11-2024T10:39:50 - [TEST_STEP][PASSED] - println(path): null

18-11-2024T10:39:50 - [TEST_STEP][PASSED] - page = getText(findTestObject(path)): Text of object 'Object Repository/Выполнение бизнес-плана/Значения со страницы Выполнение бизнес-плана/План Отпуск в сеть за отчётный период Рязаньэнерго' is: '4 037 286'

18-11-2024T10:39:50 - [MESSAGE][PASSED] - Text of object 'Object Repository/Выполнение бизнес-плана/Значения со страницы Выполнение бизнес-плана/План Отпуск в сеть за отчётный период Рязаньэнерго' is: '4 037 286'

18-11-2024T10:39:50 - [TEST_STEP][PASSED] - page = page.replaceAll("\s+", ""): null

18-11-2024T10:39:50 - [TEST_STEP][PASSED] - fileOtpuskVSet = otpusk.toInteger(): null

18-11-2024T10:39:50 - [TEST_STEP][PASSED] - pageOtpuskVSet = page.toInteger(): null

18-11-2024T10:39:50 - [TEST_STEP][PASSED] - typeOfData = typeOfDataMain + " Потери": null

18-11-2024T10:39:50 - [TEST_STEP][PASSED] - if (a == 82): null

18-11-2024T10:39:50 - [TEST_STEP][PASSED] - else if (a == 84): null

18-11-2024T10:39:50 - [TEST_STEP][PASSED] - else if (a == 52 || a == 72 || a == 28 || a == 73 || a == 77 || a == 74 || a == 65 || a == 36 || a == 44 || a == 53 || a == 80 || a == 54 || a == 1 || a == 18 || a == 59 || a == 81): null

18-11-2024T10:39:50 - [TEST_STEP][PASSED] - else: null

18-11-2024T10:39:50 - [TEST_STEP][PASSED] - path = dataFolder + typeOfData + " за отчётный период " + b: null

18-11-2024T10:39:50 - [TEST_STEP][PASSED] - page = getText(findTestObject(path)): Text of object 'Object Repository/Выполнение бизнес-плана/Значения со страницы Выполнение бизнес-плана/План Потери за отчётный период Рязаньэнерго' is: '180 720'

18-11-2024T10:39:51 - [MESSAGE][PASSED] - Text of object 'Object Repository/Выполнение бизнес-плана/Значения со страницы Выполнение бизнес-плана/План Потери за отчётный период Рязаньэнерго' is: '180 720'

18-11-2024T10:39:51 - [TEST_STEP][PASSED] - page = page.replaceAll("\s+", ""): null

18-11-2024T10:39:51 - [TEST_STEP][PASSED] - filePoteri = poteri.toInteger(): null

18-11-2024T10:39:51 - [TEST_STEP][PASSED] - pagePoteri = page.toInteger(): null

18-11-2024T10:39:51 - [TEST_STEP][PASSED] - compare = pageOtpuskVSet: null

18-11-2024T10:39:51 - [TEST_STEP][PASSED] - if (compare == fileOtpuskVSet): null

18-11-2024T10:39:51 - [TEST_STEP][PASSED] - if (compare == fileOtpuskVSet): null

18-11-2024T10:39:51 - [TEST_STEP][PASSED] - compare = pagePoteri: null

18-11-2024T10:39:51 - [TEST_STEP][PASSED] - if (compare == filePoteri): null

18-11-2024T10:39:51 - [TEST_STEP][PASSED] - if (compare == filePoteri): null

18-11-2024T10:39:51 - [TEST_STEP][PASSED] - if (planFact == 2): Object: 'Object Repository/Выполнение бизнес-плана/Кнопка Факт' is clicked on

18-11-2024T10:39:51 - [TEST_STEP][PASSED] - click(findTestObject("Выполнение бизнес-плана/Кнопка Факт")): Object: 'Object Repository/Выполнение бизнес-плана/Кнопка Факт' is clicked on

18-11-2024T10:39:51 - [MESSAGE][PASSED] - Object: 'Object Repository/Выполнение бизнес-плана/Кнопка Факт' is clicked on

18-11-2024T10:39:51 - [TEST_STEP][PASSED] - if (a == 84 || a == 82): null

18-11-2024T10:39:51 - [TEST_STEP][PASSED] - else if (a == 52 || a == 72 || a == 28 || a == 73 || a == 77 || a == 74 || a == 65 || a == 36 || a == 44 || a == 53 || a == 80 || a == 54 || a == 1 || a == 18 || a == 59 || a == 81): null

18-11-2024T10:39:51 - [TEST_STEP][PASSED] - else: null

18-11-2024T10:39:51 - [TEST_STEP][PASSED] - page1 = getText(findTestObject("Object Repository/Выполнение бизнес-плана/spanPlan" + filialNum)): Text of object 'Object Repository/Выполнение бизнес-плана/spanPlan7' is: '4.48
|'

18-11-2024T10:39:51 - [MESSAGE][PASSED] - Text of object 'Object Repository/Выполнение бизнес-плана/spanPlan7' is: '4.48
|'

18-11-2024T10:39:51 - [TEST_STEP][PASSED] - page1 = page1.replace("|", ""): null

18-11-2024T10:39:51 - [TEST_STEP][PASSED] - page2 = getText(findTestObject("Object Repository/Выполнение бизнес-плана/spanFact" + filialNum)): Text of object 'Object Repository/Выполнение бизнес-плана/spanFact7' is: '4.47
|'

18-11-2024T10:39:52 - [MESSAGE][PASSED] - Text of object 'Object Repository/Выполнение бизнес-плана/spanFact7' is: '4.47
|'

18-11-2024T10:39:52 - [TEST_STEP][PASSED] - page2 = page2.replace("|", ""): null

18-11-2024T10:39:52 - [TEST_STEP][PASSED] - println("page1: " + page1): null

18-11-2024T10:39:52 - [TEST_STEP][PASSED] - println("page2: " + page2): null

18-11-2024T10:39:52 - [TEST_STEP][PASSED] - file = findTestData("PlanFact").getValue(4, a): null

18-11-2024T10:39:52 - [TEST_STEP][PASSED] - file = file.replace(",", "."): null

18-11-2024T10:39:52 - [TEST_STEP][PASSED] - println("file Plan: " + file): null

18-11-2024T10:39:52 - [TEST_STEP][PASSED] - typeOfData = "План в процентах": null

18-11-2024T10:39:52 - [TEST_STEP][PASSED] - fileDouble = file.toDouble(): null

18-11-2024T10:39:52 - [TEST_STEP][PASSED] - pageDouble = page1.toDouble(): null

18-11-2024T10:39:52 - [TEST_STEP][PASSED] - if (fileDouble != pageDouble): null

18-11-2024T10:39:52 - [TEST_STEP][PASSED] - file = findTestData("PlanFact").getValue(7, a): null

18-11-2024T10:39:52 - [TEST_STEP][PASSED] - file = file.replace(",", "."): null

18-11-2024T10:39:52 - [TEST_STEP][PASSED] - println("file Fact: " + file): null

18-11-2024T10:39:52 - [TEST_STEP][PASSED] - fileDouble = file.toDouble(): null

18-11-2024T10:39:52 - [TEST_STEP][PASSED] - typeOfData = "Факт в процентах": null

18-11-2024T10:39:52 - [TEST_STEP][PASSED] - fileDouble = file.toDouble(): null

18-11-2024T10:39:52 - [TEST_STEP][PASSED] - pageDouble = page2.toDouble(): null

18-11-2024T10:39:52 - [TEST_STEP][PASSED] - if (fileDouble != pageDouble): null

18-11-2024T10:39:52 - [TEST_STEP][PASSED] - if (verifyEqual(numberOfErrors, 0) == false): Actual object '0' and expected object '0' are equal

18-11-2024T10:39:52 - [MESSAGE][PASSED] - Actual object '0' and expected object '0' are equal

18-11-2024T10:39:52 - [TEST_STEP][PASSED] - if (a == 82): null

18-11-2024T10:39:52 - [TEST_STEP][PASSED] - dZO = "Тулэнерго": null

18-11-2024T10:39:52 - [TEST_STEP][PASSED] - a = 26: null

18-11-2024T10:39:52 - [TEST_STEP][PASSED] - if (x2.contains(dZO)): null

18-11-2024T10:39:52 - [TEST_STEP][PASSED] - filialNum = filialNum + 1: null

18-11-2024T10:39:52 - [TEST_STEP][PASSED] - Script1718980020443.Numbers(a, typeOfData, todaysDate, pageInt, fileInt, pageDouble, fileDouble, dZO, dzoNum, filialNum): null

18-11-2024T10:39:52 - [TEST_STEP][PASSED] - println(dzoNum): null

18-11-2024T10:39:52 - [TEST_STEP][PASSED] - planFact = <not implemented yet for class: org.codehaus.groovy.ast.expr.EmptyExpression>: null

18-11-2024T10:39:52 - [TEST_STEP][PASSED] - page = <not implemented yet for class: org.codehaus.groovy.ast.expr.EmptyExpression>: null

18-11-2024T10:39:52 - [TEST_STEP][PASSED] - page1 = <not implemented yet for class: org.codehaus.groovy.ast.expr.EmptyExpression>: null

18-11-2024T10:39:52 - [TEST_STEP][PASSED] - page2 = <not implemented yet for class: org.codehaus.groovy.ast.expr.EmptyExpression>: null

18-11-2024T10:39:52 - [TEST_STEP][PASSED] - filialNumberInRow = <not implemented yet for class: org.codehaus.groovy.ast.expr.EmptyExpression>: null

18-11-2024T10:39:52 - [TEST_STEP][PASSED] - filialsDzoNames = <not implemented yet for class: org.codehaus.groovy.ast.expr.EmptyExpression>: null

18-11-2024T10:39:52 - [TEST_STEP][PASSED] - numberOfFilials = <not implemented yet for class: org.codehaus.groovy.ast.expr.EmptyExpression>: null

18-11-2024T10:39:52 - [TEST_STEP][PASSED] - numberOfSpaces = <not implemented yet for class: org.codehaus.groovy.ast.expr.EmptyExpression>: null

18-11-2024T10:39:52 - [TEST_STEP][PASSED] - file = <not implemented yet for class: org.codehaus.groovy.ast.expr.EmptyExpression>: null

18-11-2024T10:39:52 - [TEST_STEP][PASSED] - otpusk = <not implemented yet for class: org.codehaus.groovy.ast.expr.EmptyExpression>: null

18-11-2024T10:39:52 - [TEST_STEP][PASSED] - poteri = <not implemented yet for class: org.codehaus.groovy.ast.expr.EmptyExpression>: null

18-11-2024T10:39:52 - [TEST_STEP][PASSED] - dataFolder = "Выполнение бизнес-плана/Значения со страницы Выполнение бизнес-плана/": null

18-11-2024T10:39:52 - [TEST_STEP][PASSED] - path = <not implemented yet for class: org.codehaus.groovy.ast.expr.EmptyExpression>: null

18-11-2024T10:39:52 - [TEST_STEP][PASSED] - typeOfDataMain = <not implemented yet for class: org.codehaus.groovy.ast.expr.EmptyExpression>: null

18-11-2024T10:39:52 - [TEST_STEP][PASSED] - fileOtpuskVSet = <not implemented yet for class: org.codehaus.groovy.ast.expr.EmptyExpression>: null

18-11-2024T10:39:52 - [TEST_STEP][PASSED] - pageOtpuskVSet = <not implemented yet for class: org.codehaus.groovy.ast.expr.EmptyExpression>: null

18-11-2024T10:39:52 - [TEST_STEP][PASSED] - filePoteri = <not implemented yet for class: org.codehaus.groovy.ast.expr.EmptyExpression>: null

18-11-2024T10:39:52 - [TEST_STEP][PASSED] - pagePoteri = <not implemented yet for class: org.codehaus.groovy.ast.expr.EmptyExpression>: null

18-11-2024T10:39:52 - [TEST_STEP][PASSED] - compare = <not implemented yet for class: org.codehaus.groovy.ast.expr.EmptyExpression>: null

18-11-2024T10:39:52 - [TEST_STEP][PASSED] - b = <not implemented yet for class: org.codehaus.groovy.ast.expr.EmptyExpression>: null

18-11-2024T10:39:52 - [TEST_STEP][PASSED] - i = <not implemented yet for class: org.codehaus.groovy.ast.expr.EmptyExpression>: null

18-11-2024T10:39:52 - [TEST_STEP][PASSED] - ii = <not implemented yet for class: org.codehaus.groovy.ast.expr.EmptyExpression>: null

18-11-2024T10:39:52 - [TEST_STEP][PASSED] - c = <not implemented yet for class: org.codehaus.groovy.ast.expr.EmptyExpression>: null

18-11-2024T10:39:52 - [TEST_STEP][PASSED] - numberOfErrors = 0: null

18-11-2024T10:39:52 - [TEST_STEP][PASSED] - if (a == 82): null

18-11-2024T10:39:52 - [TEST_STEP][PASSED] - b = findTestData("PlanFact").getValue(1, a): null

18-11-2024T10:39:52 - [TEST_STEP][PASSED] - i = b.indexOf(" (ГК)"): null

18-11-2024T10:39:52 - [TEST_STEP][PASSED] - if (i > -1): null

18-11-2024T10:39:52 - [TEST_STEP][PASSED] - i = b.indexOf("О ""): null

18-11-2024T10:39:52 - [TEST_STEP][PASSED] - if (i > -1): null

18-11-2024T10:39:52 - [TEST_STEP][PASSED] - i = b.indexOf("О «"): null

18-11-2024T10:39:52 - [TEST_STEP][PASSED] - if (i > -1): null

18-11-2024T10:39:52 - [TEST_STEP][PASSED] - i = b.indexOf("г. "): null

18-11-2024T10:39:52 - [TEST_STEP][PASSED] - if (i > -1): null

18-11-2024T10:39:52 - [TEST_STEP][PASSED] - println(b): null

18-11-2024T10:39:52 - [TEST_STEP][PASSED] - for ([planFact = 1, planFact < 3, (planFact++)]): Object: 'Object Repository/Выполнение бизнес-плана/Кнопка Факт' is clicked on

18-11-2024T10:39:52 - [TEST_STEP][PASSED] - if (planFact == 1): null

18-11-2024T10:39:52 - [TEST_STEP][PASSED] - typeOfDataMain = "Факт": null

18-11-2024T10:39:52 - [TEST_STEP][PASSED] - otpusk = findTestData("PlanFact").getValue(5, a): null

18-11-2024T10:39:52 - [TEST_STEP][PASSED] - poteri = findTestData("PlanFact").getValue(6, a): null

18-11-2024T10:39:52 - [TEST_STEP][PASSED] - otpusk = otpusk.replaceAll("\s+", ""): null

18-11-2024T10:39:52 - [TEST_STEP][PASSED] - poteri = poteri.replaceAll("\s+", ""): null

18-11-2024T10:39:52 - [TEST_STEP][PASSED] - typeOfData = typeOfDataMain + " Отпуск в сеть": null

18-11-2024T10:39:52 - [TEST_STEP][PASSED] - if (a == 82): null

18-11-2024T10:39:52 - [TEST_STEP][PASSED] - else if (a == 84): null

18-11-2024T10:39:52 - [TEST_STEP][PASSED] - else if (a == 52 || a == 72 || a == 28 || a == 73 || a == 77 || a == 74 || a == 65 || a == 36 || a == 44 || a == 53 || a == 80 || a == 54 || a == 1 || a == 18 || a == 59 || a == 81): null

18-11-2024T10:39:52 - [TEST_STEP][PASSED] - else: null

18-11-2024T10:39:52 - [TEST_STEP][PASSED] - path = dataFolder + typeOfData + " за отчётный период " + b: null

18-11-2024T10:39:52 - [TEST_STEP][PASSED] - println(path): null

18-11-2024T10:39:52 - [TEST_STEP][PASSED] - page = getText(findTestObject(path)): Text of object 'Object Repository/Выполнение бизнес-плана/Значения со страницы Выполнение бизнес-плана/Факт Отпуск в сеть за отчётный период Тулэнерго' is: '4 849 854'

18-11-2024T10:39:52 - [MESSAGE][PASSED] - Text of object 'Object Repository/Выполнение бизнес-плана/Значения со страницы Выполнение бизнес-плана/Факт Отпуск в сеть за отчётный период Тулэнерго' is: '4 849 854'

18-11-2024T10:39:52 - [TEST_STEP][PASSED] - page = page.replaceAll("\s+", ""): null

18-11-2024T10:39:52 - [TEST_STEP][PASSED] - fileOtpuskVSet = otpusk.toInteger(): null

18-11-2024T10:39:52 - [TEST_STEP][PASSED] - pageOtpuskVSet = page.toInteger(): null

18-11-2024T10:39:52 - [TEST_STEP][PASSED] - typeOfData = typeOfDataMain + " Потери": null

18-11-2024T10:39:52 - [TEST_STEP][PASSED] - if (a == 82): null

18-11-2024T10:39:52 - [TEST_STEP][PASSED] - else if (a == 84): null

18-11-2024T10:39:52 - [TEST_STEP][PASSED] - else if (a == 52 || a == 72 || a == 28 || a == 73 || a == 77 || a == 74 || a == 65 || a == 36 || a == 44 || a == 53 || a == 80 || a == 54 || a == 1 || a == 18 || a == 59 || a == 81): null

18-11-2024T10:39:52 - [TEST_STEP][PASSED] - else: null

18-11-2024T10:39:52 - [TEST_STEP][PASSED] - path = dataFolder + typeOfData + " за отчётный период " + b: null

18-11-2024T10:39:52 - [TEST_STEP][PASSED] - page = getText(findTestObject(path)): Text of object 'Object Repository/Выполнение бизнес-плана/Значения со страницы Выполнение бизнес-плана/Факт Потери за отчётный период Тулэнерго' is: '347 918'

18-11-2024T10:39:52 - [MESSAGE][PASSED] - Text of object 'Object Repository/Выполнение бизнес-плана/Значения со страницы Выполнение бизнес-плана/Факт Потери за отчётный период Тулэнерго' is: '347 918'

18-11-2024T10:39:52 - [TEST_STEP][PASSED] - page = page.replaceAll("\s+", ""): null

18-11-2024T10:39:52 - [TEST_STEP][PASSED] - filePoteri = poteri.toInteger(): null

18-11-2024T10:39:52 - [TEST_STEP][PASSED] - pagePoteri = page.toInteger(): null

18-11-2024T10:39:52 - [TEST_STEP][PASSED] - compare = pageOtpuskVSet: null

18-11-2024T10:39:52 - [TEST_STEP][PASSED] - if (compare == fileOtpuskVSet): null

18-11-2024T10:39:52 - [TEST_STEP][PASSED] - if (compare == fileOtpuskVSet): null

18-11-2024T10:39:52 - [TEST_STEP][PASSED] - compare = pagePoteri: null

18-11-2024T10:39:52 - [TEST_STEP][PASSED] - if (compare == filePoteri): null

18-11-2024T10:39:52 - [TEST_STEP][PASSED] - if (compare == filePoteri): null

18-11-2024T10:39:52 - [TEST_STEP][PASSED] - if (planFact == 2): null

18-11-2024T10:39:52 - [TEST_STEP][PASSED] - if (planFact == 1): null

18-11-2024T10:39:52 - [TEST_STEP][PASSED] - else if (planFact == 2): null

18-11-2024T10:39:52 - [TEST_STEP][PASSED] - click(findTestObject("Выполнение бизнес-плана/Кнопка План")): Object: 'Object Repository/Выполнение бизнес-плана/Кнопка План' is clicked on

18-11-2024T10:39:53 - [MESSAGE][PASSED] - Object: 'Object Repository/Выполнение бизнес-плана/Кнопка План' is clicked on

18-11-2024T10:39:53 - [TEST_STEP][PASSED] - typeOfDataMain = "План": null

18-11-2024T10:39:53 - [TEST_STEP][PASSED] - otpusk = findTestData("PlanFact").getValue(2, a): null

18-11-2024T10:39:53 - [TEST_STEP][PASSED] - poteri = findTestData("PlanFact").getValue(3, a): null

18-11-2024T10:39:53 - [TEST_STEP][PASSED] - otpusk = otpusk.replaceAll("\s+", ""): null

18-11-2024T10:39:53 - [TEST_STEP][PASSED] - poteri = poteri.replaceAll("\s+", ""): null

18-11-2024T10:39:53 - [TEST_STEP][PASSED] - typeOfData = typeOfDataMain + " Отпуск в сеть": null

18-11-2024T10:39:53 - [TEST_STEP][PASSED] - if (a == 82): null

18-11-2024T10:39:53 - [TEST_STEP][PASSED] - else if (a == 84): null

18-11-2024T10:39:53 - [TEST_STEP][PASSED] - else if (a == 52 || a == 72 || a == 28 || a == 73 || a == 77 || a == 74 || a == 65 || a == 36 || a == 44 || a == 53 || a == 80 || a == 54 || a == 1 || a == 18 || a == 59 || a == 81): null

18-11-2024T10:39:53 - [TEST_STEP][PASSED] - else: null

18-11-2024T10:39:53 - [TEST_STEP][PASSED] - path = dataFolder + typeOfData + " за отчётный период " + b: null

18-11-2024T10:39:53 - [TEST_STEP][PASSED] - println(path): null

18-11-2024T10:39:53 - [TEST_STEP][PASSED] - page = getText(findTestObject(path)): Text of object 'Object Repository/Выполнение бизнес-плана/Значения со страницы Выполнение бизнес-плана/План Отпуск в сеть за отчётный период Тулэнерго' is: '4 646 129'

18-11-2024T10:39:53 - [MESSAGE][PASSED] - Text of object 'Object Repository/Выполнение бизнес-плана/Значения со страницы Выполнение бизнес-плана/План Отпуск в сеть за отчётный период Тулэнерго' is: '4 646 129'

18-11-2024T10:39:53 - [TEST_STEP][PASSED] - page = page.replaceAll("\s+", ""): null

18-11-2024T10:39:53 - [TEST_STEP][PASSED] - fileOtpuskVSet = otpusk.toInteger(): null

18-11-2024T10:39:53 - [TEST_STEP][PASSED] - pageOtpuskVSet = page.toInteger(): null

18-11-2024T10:39:53 - [TEST_STEP][PASSED] - typeOfData = typeOfDataMain + " Потери": null

18-11-2024T10:39:53 - [TEST_STEP][PASSED] - if (a == 82): null

18-11-2024T10:39:53 - [TEST_STEP][PASSED] - else if (a == 84): null

18-11-2024T10:39:53 - [TEST_STEP][PASSED] - else if (a == 52 || a == 72 || a == 28 || a == 73 || a == 77 || a == 74 || a == 65 || a == 36 || a == 44 || a == 53 || a == 80 || a == 54 || a == 1 || a == 18 || a == 59 || a == 81): null

18-11-2024T10:39:53 - [TEST_STEP][PASSED] - else: null

18-11-2024T10:39:53 - [TEST_STEP][PASSED] - path = dataFolder + typeOfData + " за отчётный период " + b: null

18-11-2024T10:39:53 - [TEST_STEP][PASSED] - page = getText(findTestObject(path)): Text of object 'Object Repository/Выполнение бизнес-плана/Значения со страницы Выполнение бизнес-плана/План Потери за отчётный период Тулэнерго' is: '369 626'

18-11-2024T10:39:54 - [MESSAGE][PASSED] - Text of object 'Object Repository/Выполнение бизнес-плана/Значения со страницы Выполнение бизнес-плана/План Потери за отчётный период Тулэнерго' is: '369 626'

18-11-2024T10:39:54 - [TEST_STEP][PASSED] - page = page.replaceAll("\s+", ""): null

18-11-2024T10:39:54 - [TEST_STEP][PASSED] - filePoteri = poteri.toInteger(): null

18-11-2024T10:39:54 - [TEST_STEP][PASSED] - pagePoteri = page.toInteger(): null

18-11-2024T10:39:54 - [TEST_STEP][PASSED] - compare = pageOtpuskVSet: null

18-11-2024T10:39:54 - [TEST_STEP][PASSED] - if (compare == fileOtpuskVSet): null

18-11-2024T10:39:54 - [TEST_STEP][PASSED] - if (compare == fileOtpuskVSet): null

18-11-2024T10:39:54 - [TEST_STEP][PASSED] - compare = pagePoteri: null

18-11-2024T10:39:54 - [TEST_STEP][PASSED] - if (compare == filePoteri): null

18-11-2024T10:39:54 - [TEST_STEP][PASSED] - if (compare == filePoteri): null

18-11-2024T10:39:54 - [TEST_STEP][PASSED] - if (planFact == 2): Object: 'Object Repository/Выполнение бизнес-плана/Кнопка Факт' is clicked on

18-11-2024T10:39:54 - [TEST_STEP][PASSED] - click(findTestObject("Выполнение бизнес-плана/Кнопка Факт")): Object: 'Object Repository/Выполнение бизнес-плана/Кнопка Факт' is clicked on

18-11-2024T10:39:54 - [MESSAGE][PASSED] - Object: 'Object Repository/Выполнение бизнес-плана/Кнопка Факт' is clicked on

18-11-2024T10:39:54 - [TEST_STEP][PASSED] - if (a == 84 || a == 82): null

18-11-2024T10:39:54 - [TEST_STEP][PASSED] - else if (a == 52 || a == 72 || a == 28 || a == 73 || a == 77 || a == 74 || a == 65 || a == 36 || a == 44 || a == 53 || a == 80 || a == 54 || a == 1 || a == 18 || a == 59 || a == 81): null

18-11-2024T10:39:54 - [TEST_STEP][PASSED] - else: null

18-11-2024T10:39:54 - [TEST_STEP][PASSED] - page1 = getText(findTestObject("Object Repository/Выполнение бизнес-плана/spanPlan" + filialNum)): Text of object 'Object Repository/Выполнение бизнес-плана/spanPlan8' is: '7.96
|'

18-11-2024T10:39:54 - [MESSAGE][PASSED] - Text of object 'Object Repository/Выполнение бизнес-плана/spanPlan8' is: '7.96
|'

18-11-2024T10:39:54 - [TEST_STEP][PASSED] - page1 = page1.replace("|", ""): null

18-11-2024T10:39:54 - [TEST_STEP][PASSED] - page2 = getText(findTestObject("Object Repository/Выполнение бизнес-плана/spanFact" + filialNum)): Text of object 'Object Repository/Выполнение бизнес-плана/spanFact8' is: '7.17
|'

18-11-2024T10:39:54 - [MESSAGE][PASSED] - Text of object 'Object Repository/Выполнение бизнес-плана/spanFact8' is: '7.17
|'

18-11-2024T10:39:54 - [TEST_STEP][PASSED] - page2 = page2.replace("|", ""): null

18-11-2024T10:39:54 - [TEST_STEP][PASSED] - println("page1: " + page1): null

18-11-2024T10:39:54 - [TEST_STEP][PASSED] - println("page2: " + page2): null

18-11-2024T10:39:54 - [TEST_STEP][PASSED] - file = findTestData("PlanFact").getValue(4, a): null

18-11-2024T10:39:55 - [TEST_STEP][PASSED] - file = file.replace(",", "."): null

18-11-2024T10:39:55 - [TEST_STEP][PASSED] - println("file Plan: " + file): null

18-11-2024T10:39:55 - [TEST_STEP][PASSED] - typeOfData = "План в процентах": null

18-11-2024T10:39:55 - [TEST_STEP][PASSED] - fileDouble = file.toDouble(): null

18-11-2024T10:39:55 - [TEST_STEP][PASSED] - pageDouble = page1.toDouble(): null

18-11-2024T10:39:55 - [TEST_STEP][PASSED] - if (fileDouble != pageDouble): null

18-11-2024T10:39:55 - [TEST_STEP][PASSED] - file = findTestData("PlanFact").getValue(7, a): null

18-11-2024T10:39:55 - [TEST_STEP][PASSED] - file = file.replace(",", "."): null

18-11-2024T10:39:55 - [TEST_STEP][PASSED] - println("file Fact: " + file): null

18-11-2024T10:39:55 - [TEST_STEP][PASSED] - fileDouble = file.toDouble(): null

18-11-2024T10:39:55 - [TEST_STEP][PASSED] - typeOfData = "Факт в процентах": null

18-11-2024T10:39:55 - [TEST_STEP][PASSED] - fileDouble = file.toDouble(): null

18-11-2024T10:39:55 - [TEST_STEP][PASSED] - pageDouble = page2.toDouble(): null

18-11-2024T10:39:55 - [TEST_STEP][PASSED] - if (fileDouble != pageDouble): null

18-11-2024T10:39:55 - [TEST_STEP][PASSED] - if (verifyEqual(numberOfErrors, 0) == false): Actual object '0' and expected object '0' are equal

18-11-2024T10:39:55 - [MESSAGE][PASSED] - Actual object '0' and expected object '0' are equal

18-11-2024T10:39:55 - [TEST_STEP][PASSED] - if (a == 82): null

18-11-2024T10:39:55 - [TEST_STEP][PASSED] - dZO = "Удмуртэнерго": null

18-11-2024T10:39:55 - [TEST_STEP][PASSED] - a = 27: null

18-11-2024T10:39:55 - [TEST_STEP][PASSED] - if (x2.contains(dZO)): null

18-11-2024T10:39:55 - [TEST_STEP][PASSED] - filialNum = filialNum + 1: null

18-11-2024T10:39:55 - [TEST_STEP][PASSED] - Script1718980020443.Numbers(a, typeOfData, todaysDate, pageInt, fileInt, pageDouble, fileDouble, dZO, dzoNum, filialNum): null

18-11-2024T10:39:55 - [TEST_STEP][PASSED] - println(dzoNum): null

18-11-2024T10:39:55 - [TEST_STEP][PASSED] - planFact = <not implemented yet for class: org.codehaus.groovy.ast.expr.EmptyExpression>: null

18-11-2024T10:39:55 - [TEST_STEP][PASSED] - page = <not implemented yet for class: org.codehaus.groovy.ast.expr.EmptyExpression>: null

18-11-2024T10:39:55 - [TEST_STEP][PASSED] - page1 = <not implemented yet for class: org.codehaus.groovy.ast.expr.EmptyExpression>: null

18-11-2024T10:39:55 - [TEST_STEP][PASSED] - page2 = <not implemented yet for class: org.codehaus.groovy.ast.expr.EmptyExpression>: null

18-11-2024T10:39:55 - [TEST_STEP][PASSED] - filialNumberInRow = <not implemented yet for class: org.codehaus.groovy.ast.expr.EmptyExpression>: null

18-11-2024T10:39:55 - [TEST_STEP][PASSED] - filialsDzoNames = <not implemented yet for class: org.codehaus.groovy.ast.expr.EmptyExpression>: null

18-11-2024T10:39:55 - [TEST_STEP][PASSED] - numberOfFilials = <not implemented yet for class: org.codehaus.groovy.ast.expr.EmptyExpression>: null

18-11-2024T10:39:55 - [TEST_STEP][PASSED] - numberOfSpaces = <not implemented yet for class: org.codehaus.groovy.ast.expr.EmptyExpression>: null

18-11-2024T10:39:55 - [TEST_STEP][PASSED] - file = <not implemented yet for class: org.codehaus.groovy.ast.expr.EmptyExpression>: null

18-11-2024T10:39:55 - [TEST_STEP][PASSED] - otpusk = <not implemented yet for class: org.codehaus.groovy.ast.expr.EmptyExpression>: null

18-11-2024T10:39:55 - [TEST_STEP][PASSED] - poteri = <not implemented yet for class: org.codehaus.groovy.ast.expr.EmptyExpression>: null

18-11-2024T10:39:55 - [TEST_STEP][PASSED] - dataFolder = "Выполнение бизнес-плана/Значения со страницы Выполнение бизнес-плана/": null

18-11-2024T10:39:55 - [TEST_STEP][PASSED] - path = <not implemented yet for class: org.codehaus.groovy.ast.expr.EmptyExpression>: null

18-11-2024T10:39:55 - [TEST_STEP][PASSED] - typeOfDataMain = <not implemented yet for class: org.codehaus.groovy.ast.expr.EmptyExpression>: null

18-11-2024T10:39:55 - [TEST_STEP][PASSED] - fileOtpuskVSet = <not implemented yet for class: org.codehaus.groovy.ast.expr.EmptyExpression>: null

18-11-2024T10:39:55 - [TEST_STEP][PASSED] - pageOtpuskVSet = <not implemented yet for class: org.codehaus.groovy.ast.expr.EmptyExpression>: null

18-11-2024T10:39:55 - [TEST_STEP][PASSED] - filePoteri = <not implemented yet for class: org.codehaus.groovy.ast.expr.EmptyExpression>: null

18-11-2024T10:39:55 - [TEST_STEP][PASSED] - pagePoteri = <not implemented yet for class: org.codehaus.groovy.ast.expr.EmptyExpression>: null

18-11-2024T10:39:55 - [TEST_STEP][PASSED] - compare = <not implemented yet for class: org.codehaus.groovy.ast.expr.EmptyExpression>: null

18-11-2024T10:39:55 - [TEST_STEP][PASSED] - b = <not implemented yet for class: org.codehaus.groovy.ast.expr.EmptyExpression>: null

18-11-2024T10:39:55 - [TEST_STEP][PASSED] - i = <not implemented yet for class: org.codehaus.groovy.ast.expr.EmptyExpression>: null

18-11-2024T10:39:55 - [TEST_STEP][PASSED] - ii = <not implemented yet for class: org.codehaus.groovy.ast.expr.EmptyExpression>: null

18-11-2024T10:39:55 - [TEST_STEP][PASSED] - c = <not implemented yet for class: org.codehaus.groovy.ast.expr.EmptyExpression>: null

18-11-2024T10:39:55 - [TEST_STEP][PASSED] - numberOfErrors = 0: null

18-11-2024T10:39:55 - [TEST_STEP][PASSED] - if (a == 82): null

18-11-2024T10:39:55 - [TEST_STEP][PASSED] - b = findTestData("PlanFact").getValue(1, a): null

18-11-2024T10:39:55 - [TEST_STEP][PASSED] - i = b.indexOf(" (ГК)"): null

18-11-2024T10:39:55 - [TEST_STEP][PASSED] - if (i > -1): null

18-11-2024T10:39:55 - [TEST_STEP][PASSED] - i = b.indexOf("О ""): null

18-11-2024T10:39:55 - [TEST_STEP][PASSED] - if (i > -1): null

18-11-2024T10:39:55 - [TEST_STEP][PASSED] - i = b.indexOf("О «"): null

18-11-2024T10:39:55 - [TEST_STEP][PASSED] - if (i > -1): null

18-11-2024T10:39:55 - [TEST_STEP][PASSED] - i = b.indexOf("г. "): null

18-11-2024T10:39:55 - [TEST_STEP][PASSED] - if (i > -1): null

18-11-2024T10:39:55 - [TEST_STEP][PASSED] - println(b): null

18-11-2024T10:39:55 - [TEST_STEP][PASSED] - for ([planFact = 1, planFact < 3, (planFact++)]): Object: 'Object Repository/Выполнение бизнес-плана/Кнопка Факт' is clicked on

18-11-2024T10:39:55 - [TEST_STEP][PASSED] - if (planFact == 1): null

18-11-2024T10:39:55 - [TEST_STEP][PASSED] - typeOfDataMain = "Факт": null

18-11-2024T10:39:55 - [TEST_STEP][PASSED] - otpusk = findTestData("PlanFact").getValue(5, a): null

18-11-2024T10:39:55 - [TEST_STEP][PASSED] - poteri = findTestData("PlanFact").getValue(6, a): null

18-11-2024T10:39:55 - [TEST_STEP][PASSED] - otpusk = otpusk.replaceAll("\s+", ""): null

18-11-2024T10:39:55 - [TEST_STEP][PASSED] - poteri = poteri.replaceAll("\s+", ""): null

18-11-2024T10:39:55 - [TEST_STEP][PASSED] - typeOfData = typeOfDataMain + " Отпуск в сеть": null

18-11-2024T10:39:55 - [TEST_STEP][PASSED] - if (a == 82): null

18-11-2024T10:39:55 - [TEST_STEP][PASSED] - else if (a == 84): null

18-11-2024T10:39:55 - [TEST_STEP][PASSED] - else if (a == 52 || a == 72 || a == 28 || a == 73 || a == 77 || a == 74 || a == 65 || a == 36 || a == 44 || a == 53 || a == 80 || a == 54 || a == 1 || a == 18 || a == 59 || a == 81): null

18-11-2024T10:39:55 - [TEST_STEP][PASSED] - else: null

18-11-2024T10:39:55 - [TEST_STEP][PASSED] - path = dataFolder + typeOfData + " за отчётный период " + b: null

18-11-2024T10:39:55 - [TEST_STEP][PASSED] - println(path): null

18-11-2024T10:39:55 - [TEST_STEP][PASSED] - page = getText(findTestObject(path)): Text of object 'Object Repository/Выполнение бизнес-плана/Значения со страницы Выполнение бизнес-плана/Факт Отпуск в сеть за отчётный период Удмуртэнерго' is: '5 818 614'

18-11-2024T10:39:55 - [MESSAGE][PASSED] - Text of object 'Object Repository/Выполнение бизнес-плана/Значения со страницы Выполнение бизнес-плана/Факт Отпуск в сеть за отчётный период Удмуртэнерго' is: '5 818 614'

18-11-2024T10:39:55 - [TEST_STEP][PASSED] - page = page.replaceAll("\s+", ""): null

18-11-2024T10:39:55 - [TEST_STEP][PASSED] - fileOtpuskVSet = otpusk.toInteger(): null

18-11-2024T10:39:55 - [TEST_STEP][PASSED] - pageOtpuskVSet = page.toInteger(): null

18-11-2024T10:39:55 - [TEST_STEP][PASSED] - typeOfData = typeOfDataMain + " Потери": null

18-11-2024T10:39:55 - [TEST_STEP][PASSED] - if (a == 82): null

18-11-2024T10:39:55 - [TEST_STEP][PASSED] - else if (a == 84): null

18-11-2024T10:39:55 - [TEST_STEP][PASSED] - else if (a == 52 || a == 72 || a == 28 || a == 73 || a == 77 || a == 74 || a == 65 || a == 36 || a == 44 || a == 53 || a == 80 || a == 54 || a == 1 || a == 18 || a == 59 || a == 81): null

18-11-2024T10:39:55 - [TEST_STEP][PASSED] - else: null

18-11-2024T10:39:55 - [TEST_STEP][PASSED] - path = dataFolder + typeOfData + " за отчётный период " + b: null

18-11-2024T10:39:55 - [TEST_STEP][PASSED] - page = getText(findTestObject(path)): Text of object 'Object Repository/Выполнение бизнес-плана/Значения со страницы Выполнение бизнес-плана/Факт Потери за отчётный период Удмуртэнерго' is: '352 290'

18-11-2024T10:39:55 - [MESSAGE][PASSED] - Text of object 'Object Repository/Выполнение бизнес-плана/Значения со страницы Выполнение бизнес-плана/Факт Потери за отчётный период Удмуртэнерго' is: '352 290'

18-11-2024T10:39:55 - [TEST_STEP][PASSED] - page = page.replaceAll("\s+", ""): null

18-11-2024T10:39:55 - [TEST_STEP][PASSED] - filePoteri = poteri.toInteger(): null

18-11-2024T10:39:55 - [TEST_STEP][PASSED] - pagePoteri = page.toInteger(): null

18-11-2024T10:39:55 - [TEST_STEP][PASSED] - compare = pageOtpuskVSet: null

18-11-2024T10:39:55 - [TEST_STEP][PASSED] - if (compare == fileOtpuskVSet): null

18-11-2024T10:39:55 - [TEST_STEP][PASSED] - if (compare == fileOtpuskVSet): null

18-11-2024T10:39:55 - [TEST_STEP][PASSED] - compare = pagePoteri: null

18-11-2024T10:39:55 - [TEST_STEP][PASSED] - if (compare == filePoteri): null

18-11-2024T10:39:55 - [TEST_STEP][PASSED] - if (compare == filePoteri): null

18-11-2024T10:39:55 - [TEST_STEP][PASSED] - if (planFact == 2): null

18-11-2024T10:39:55 - [TEST_STEP][PASSED] - if (planFact == 1): null

18-11-2024T10:39:55 - [TEST_STEP][PASSED] - else if (planFact == 2): null

18-11-2024T10:39:55 - [TEST_STEP][PASSED] - click(findTestObject("Выполнение бизнес-плана/Кнопка План")): Object: 'Object Repository/Выполнение бизнес-плана/Кнопка План' is clicked on

18-11-2024T10:39:56 - [MESSAGE][PASSED] - Object: 'Object Repository/Выполнение бизнес-плана/Кнопка План' is clicked on

18-11-2024T10:39:56 - [TEST_STEP][PASSED] - typeOfDataMain = "План": null

18-11-2024T10:39:56 - [TEST_STEP][PASSED] - otpusk = findTestData("PlanFact").getValue(2, a): null

18-11-2024T10:39:56 - [TEST_STEP][PASSED] - poteri = findTestData("PlanFact").getValue(3, a): null

18-11-2024T10:39:56 - [TEST_STEP][PASSED] - otpusk = otpusk.replaceAll("\s+", ""): null

18-11-2024T10:39:56 - [TEST_STEP][PASSED] - poteri = poteri.replaceAll("\s+", ""): null

18-11-2024T10:39:56 - [TEST_STEP][PASSED] - typeOfData = typeOfDataMain + " Отпуск в сеть": null

18-11-2024T10:39:56 - [TEST_STEP][PASSED] - if (a == 82): null

18-11-2024T10:39:56 - [TEST_STEP][PASSED] - else if (a == 84): null

18-11-2024T10:39:56 - [TEST_STEP][PASSED] - else if (a == 52 || a == 72 || a == 28 || a == 73 || a == 77 || a == 74 || a == 65 || a == 36 || a == 44 || a == 53 || a == 80 || a == 54 || a == 1 || a == 18 || a == 59 || a == 81): null

18-11-2024T10:39:56 - [TEST_STEP][PASSED] - else: null

18-11-2024T10:39:56 - [TEST_STEP][PASSED] - path = dataFolder + typeOfData + " за отчётный период " + b: null

18-11-2024T10:39:56 - [TEST_STEP][PASSED] - println(path): null

18-11-2024T10:39:56 - [TEST_STEP][PASSED] - page = getText(findTestObject(path)): Text of object 'Object Repository/Выполнение бизнес-плана/Значения со страницы Выполнение бизнес-плана/План Отпуск в сеть за отчётный период Удмуртэнерго' is: '5 628 783'

18-11-2024T10:39:56 - [MESSAGE][PASSED] - Text of object 'Object Repository/Выполнение бизнес-плана/Значения со страницы Выполнение бизнес-плана/План Отпуск в сеть за отчётный период Удмуртэнерго' is: '5 628 783'

18-11-2024T10:39:56 - [TEST_STEP][PASSED] - page = page.replaceAll("\s+", ""): null

18-11-2024T10:39:56 - [TEST_STEP][PASSED] - fileOtpuskVSet = otpusk.toInteger(): null

18-11-2024T10:39:56 - [TEST_STEP][PASSED] - pageOtpuskVSet = page.toInteger(): null

18-11-2024T10:39:56 - [TEST_STEP][PASSED] - typeOfData = typeOfDataMain + " Потери": null

18-11-2024T10:39:56 - [TEST_STEP][PASSED] - if (a == 82): null

18-11-2024T10:39:56 - [TEST_STEP][PASSED] - else if (a == 84): null

18-11-2024T10:39:56 - [TEST_STEP][PASSED] - else if (a == 52 || a == 72 || a == 28 || a == 73 || a == 77 || a == 74 || a == 65 || a == 36 || a == 44 || a == 53 || a == 80 || a == 54 || a == 1 || a == 18 || a == 59 || a == 81): null

18-11-2024T10:39:56 - [TEST_STEP][PASSED] - else: null

18-11-2024T10:39:56 - [TEST_STEP][PASSED] - path = dataFolder + typeOfData + " за отчётный период " + b: null

18-11-2024T10:39:56 - [TEST_STEP][PASSED] - page = getText(findTestObject(path)): Text of object 'Object Repository/Выполнение бизнес-плана/Значения со страницы Выполнение бизнес-плана/План Потери за отчётный период Удмуртэнерго' is: '347 803'

18-11-2024T10:39:57 - [MESSAGE][PASSED] - Text of object 'Object Repository/Выполнение бизнес-плана/Значения со страницы Выполнение бизнес-плана/План Потери за отчётный период Удмуртэнерго' is: '347 803'

18-11-2024T10:39:57 - [TEST_STEP][PASSED] - page = page.replaceAll("\s+", ""): null

18-11-2024T10:39:57 - [TEST_STEP][PASSED] - filePoteri = poteri.toInteger(): null

18-11-2024T10:39:57 - [TEST_STEP][PASSED] - pagePoteri = page.toInteger(): null

18-11-2024T10:39:57 - [TEST_STEP][PASSED] - compare = pageOtpuskVSet: null

18-11-2024T10:39:57 - [TEST_STEP][PASSED] - if (compare == fileOtpuskVSet): null

18-11-2024T10:39:57 - [TEST_STEP][PASSED] - if (compare == fileOtpuskVSet): null

18-11-2024T10:39:57 - [TEST_STEP][PASSED] - compare = pagePoteri: null

18-11-2024T10:39:57 - [TEST_STEP][PASSED] - if (compare == filePoteri): null

18-11-2024T10:39:57 - [TEST_STEP][PASSED] - if (compare == filePoteri): null

18-11-2024T10:39:57 - [TEST_STEP][PASSED] - if (planFact == 2): Object: 'Object Repository/Выполнение бизнес-плана/Кнопка Факт' is clicked on

18-11-2024T10:39:57 - [TEST_STEP][PASSED] - click(findTestObject("Выполнение бизнес-плана/Кнопка Факт")): Object: 'Object Repository/Выполнение бизнес-плана/Кнопка Факт' is clicked on

18-11-2024T10:39:57 - [MESSAGE][PASSED] - Object: 'Object Repository/Выполнение бизнес-плана/Кнопка Факт' is clicked on

18-11-2024T10:39:57 - [TEST_STEP][PASSED] - if (a == 84 || a == 82): null

18-11-2024T10:39:57 - [TEST_STEP][PASSED] - else if (a == 52 || a == 72 || a == 28 || a == 73 || a == 77 || a == 74 || a == 65 || a == 36 || a == 44 || a == 53 || a == 80 || a == 54 || a == 1 || a == 18 || a == 59 || a == 81): null

18-11-2024T10:39:57 - [TEST_STEP][PASSED] - else: null

18-11-2024T10:39:57 - [TEST_STEP][PASSED] - page1 = getText(findTestObject("Object Repository/Выполнение бизнес-плана/spanPlan" + filialNum)): Text of object 'Object Repository/Выполнение бизнес-плана/spanPlan9' is: '6.18
|'

18-11-2024T10:39:57 - [MESSAGE][PASSED] - Text of object 'Object Repository/Выполнение бизнес-плана/spanPlan9' is: '6.18
|'

18-11-2024T10:39:57 - [TEST_STEP][PASSED] - page1 = page1.replace("|", ""): null

18-11-2024T10:39:57 - [TEST_STEP][PASSED] - page2 = getText(findTestObject("Object Repository/Выполнение бизнес-плана/spanFact" + filialNum)): Text of object 'Object Repository/Выполнение бизнес-плана/spanFact9' is: '6.05
|'

18-11-2024T10:39:57 - [MESSAGE][PASSED] - Text of object 'Object Repository/Выполнение бизнес-плана/spanFact9' is: '6.05
|'

18-11-2024T10:39:57 - [TEST_STEP][PASSED] - page2 = page2.replace("|", ""): null

18-11-2024T10:39:57 - [TEST_STEP][PASSED] - println("page1: " + page1): null

18-11-2024T10:39:57 - [TEST_STEP][PASSED] - println("page2: " + page2): null

18-11-2024T10:39:57 - [TEST_STEP][PASSED] - file = findTestData("PlanFact").getValue(4, a): null

18-11-2024T10:39:58 - [TEST_STEP][PASSED] - file = file.replace(",", "."): null

18-11-2024T10:39:58 - [TEST_STEP][PASSED] - println("file Plan: " + file): null

18-11-2024T10:39:58 - [TEST_STEP][PASSED] - typeOfData = "План в процентах": null

18-11-2024T10:39:58 - [TEST_STEP][PASSED] - fileDouble = file.toDouble(): null

18-11-2024T10:39:58 - [TEST_STEP][PASSED] - pageDouble = page1.toDouble(): null

18-11-2024T10:39:58 - [TEST_STEP][PASSED] - if (fileDouble != pageDouble): null

18-11-2024T10:39:58 - [TEST_STEP][PASSED] - file = findTestData("PlanFact").getValue(7, a): null

18-11-2024T10:39:58 - [TEST_STEP][PASSED] - file = file.replace(",", "."): null

18-11-2024T10:39:58 - [TEST_STEP][PASSED] - println("file Fact: " + file): null

18-11-2024T10:39:58 - [TEST_STEP][PASSED] - fileDouble = file.toDouble(): null

18-11-2024T10:39:58 - [TEST_STEP][PASSED] - typeOfData = "Факт в процентах": null

18-11-2024T10:39:58 - [TEST_STEP][PASSED] - fileDouble = file.toDouble(): null

18-11-2024T10:39:58 - [TEST_STEP][PASSED] - pageDouble = page2.toDouble(): null

18-11-2024T10:39:58 - [TEST_STEP][PASSED] - if (fileDouble != pageDouble): null

18-11-2024T10:39:58 - [TEST_STEP][PASSED] - if (verifyEqual(numberOfErrors, 0) == false): Actual object '0' and expected object '0' are equal

18-11-2024T10:39:58 - [MESSAGE][PASSED] - Actual object '0' and expected object '0' are equal

18-11-2024T10:39:58 - [TEST_STEP][PASSED] - if (a == 82): null

18-11-2024T10:39:58 - [TEST_STEP][PASSED] - filialNum = 0: null

18-11-2024T10:39:58 - [TEST_STEP][PASSED] - if (a == 36): null

18-11-2024T10:39:58 - [TEST_STEP][PASSED] - if (a == 44): null

18-11-2024T10:39:58 - [TEST_STEP][PASSED] - if (a == 54): null

18-11-2024T10:39:58 - [TEST_STEP][PASSED] - if (a == 59): null

18-11-2024T10:39:58 - [TEST_STEP][PASSED] - Script1718980020443.OpenFilter(): null

18-11-2024T10:39:58 - [TEST_STEP][PASSED] - click(findTestObject("Object Repository/Выполнение бизнес-плана/Фильтр ДЗО")): Object: 'Object Repository/Выполнение бизнес-плана/Фильтр ДЗО' is clicked on

18-11-2024T10:39:58 - [MESSAGE][PASSED] - Object: 'Object Repository/Выполнение бизнес-плана/Фильтр ДЗО' is clicked on

18-11-2024T10:39:58 - [TEST_STEP][PASSED] - click(findTestObject("Выполнение бизнес-плана/Снять выделение в фильтре ДЗО")): Object: 'Object Repository/Выполнение бизнес-плана/Снять выделение в фильтре ДЗО' is clicked on

18-11-2024T10:39:59 - [MESSAGE][PASSED] - Object: 'Object Repository/Выполнение бизнес-плана/Снять выделение в фильтре ДЗО' is clicked on

18-11-2024T10:39:59 - [TEST_STEP][PASSED] - Script1718980020443.CloseFilter(): null

18-11-2024T10:39:59 - [TEST_STEP][PASSED] - scrollToElement(findTestObject("Выполнение бизнес-плана/Заголовок дашборда"), 30): Scroll to object 'Object Repository/Выполнение бизнес-плана/Заголовок дашборда' successfully

18-11-2024T10:39:59 - [MESSAGE][PASSED] - Scroll to object 'Object Repository/Выполнение бизнес-плана/Заголовок дашборда' successfully

18-11-2024T10:39:59 - [TEST_STEP][PASSED] - click(findTestObject("Object Repository/Выполнение бизнес-плана/Применить в фильтре ДЗО")): Object: 'Object Repository/Выполнение бизнес-плана/Применить в фильтре ДЗО' is clicked on

18-11-2024T10:40:00 - [MESSAGE][PASSED] - Object: 'Object Repository/Выполнение бизнес-плана/Применить в фильтре ДЗО' is clicked on

18-11-2024T10:40:00 - [TEST_STEP][PASSED] - if (a == 82): null

18-11-2024T10:40:00 - [TEST_STEP][PASSED] - println(dzoNum): null

18-11-2024T10:40:00 - [TEST_STEP][PASSED] - dZO = "Россети Юг": null

18-11-2024T10:40:00 - [TEST_STEP][PASSED] - a = 59: null

18-11-2024T10:40:00 - [TEST_STEP][PASSED] - if (x1.contains(dZO)): null

18-11-2024T10:40:00 - [TEST_STEP][PASSED] - else: null

18-11-2024T10:40:00 - [TEST_STEP][PASSED] - Script1718980020443.NoData(a, typeOfData, todaysDate, fileInt, fileDouble, dZO): null

18-11-2024T10:40:00 - [TEST_STEP][PASSED] - println(a): null

18-11-2024T10:40:00 - [TEST_STEP][PASSED] - println(todaysDate): null

18-11-2024T10:40:00 - [TEST_STEP][PASSED] - println(fileInt): null

18-11-2024T10:40:00 - [TEST_STEP][PASSED] - println(fileDouble): null

18-11-2024T10:40:00 - [TEST_STEP][PASSED] - println(dZO): null

18-11-2024T10:40:00 - [TEST_STEP][PASSED] - typeOfData = "Факт Отпуск в сеть": null

18-11-2024T10:40:00 - [TEST_STEP][PASSED] - fileInt = replaceAll("\s+", "").toInteger(): null

18-11-2024T10:40:00 - [TEST_STEP][PASSED] - Script1718980020443.WriteToExcelNoData(a, typeOfData, todaysDate, fileInt, fileDouble, dZO): null

18-11-2024T10:40:00 - [TEST_STEP][PASSED] - sheetName = "Sheet1": null

18-11-2024T10:40:00 - [TEST_STEP][PASSED] - data = findTestData("PlanFact"): null

18-11-2024T10:40:00 - [TEST_STEP][PASSED] - n = data.getRowNumbers() + 1: null

18-11-2024T10:40:00 - [TEST_STEP][PASSED] - year = todaysDate.substring(todaysDate.length() - 4, todaysDate.length()): null

18-11-2024T10:40:00 - [TEST_STEP][PASSED] - y = year.toInteger(): null

18-11-2024T10:40:00 - [TEST_STEP][PASSED] - m = getText(findTestObject("Выполнение бизнес-плана/Период")): Text of object 'Object Repository/Выполнение бизнес-плана/Период' is: '1, 2, 3 кв. 2024 года'

18-11-2024T10:40:26 - [MESSAGE][PASSED] - Text of object 'Object Repository/Выполнение бизнес-плана/Период' is: '1, 2, 3 кв. 2024 года'

18-11-2024T10:40:26 - [TEST_STEP][PASSED] - m = m.substring(0, m.indexOf("2024")): null

18-11-2024T10:40:26 - [TEST_STEP][PASSED] - m = m.trim(): null

18-11-2024T10:40:26 - [TEST_STEP][PASSED] - dashboardName = "Выполнение бизнес-плана": null

18-11-2024T10:40:26 - [TEST_STEP][PASSED] - workbook01 = getWorkbook(excelFilePath): null

18-11-2024T10:40:27 - [TEST_STEP][PASSED] - sheet01 = getExcelSheet(workbook01, sheetName): null

18-11-2024T10:40:27 - [TEST_STEP][PASSED] - setValueToCellByIndex(sheet01, n, 0, dashboardName): null

18-11-2024T10:40:27 - [TEST_STEP][PASSED] - setValueToCellByIndex(sheet01, n, 1, dZO): null

18-11-2024T10:40:27 - [TEST_STEP][PASSED] - setValueToCellByIndex(sheet01, n, 2, typeOfData): null

18-11-2024T10:40:27 - [TEST_STEP][PASSED] - if (typeOfData == "Факт в процентах" || typeOfData == "План в процентах"): null

18-11-2024T10:40:27 - [TEST_STEP][PASSED] - else: null

18-11-2024T10:40:27 - [TEST_STEP][PASSED] - setValueToCellByIndex(sheet01, n, 3, fileInt): null

18-11-2024T10:40:27 - [TEST_STEP][PASSED] - setValueToCellByIndex(sheet01, n, 4, "нет данных"): null

18-11-2024T10:40:27 - [TEST_STEP][PASSED] - setValueToCellByIndex(sheet01, n, 5, m): null

18-11-2024T10:40:27 - [TEST_STEP][PASSED] - setValueToCellByIndex(sheet01, n, 6, y): null

18-11-2024T10:40:27 - [TEST_STEP][PASSED] - setValueToCellByIndex(sheet01, n, 7, todaysDate): null

18-11-2024T10:40:27 - [TEST_STEP][PASSED] - n = n + 1: null

18-11-2024T10:40:27 - [TEST_STEP][PASSED] - saveWorkbook(excelFilePath, workbook01): null

18-11-2024T10:40:27 - [TEST_STEP][PASSED] - typeOfData = "Факт Потери": null

18-11-2024T10:40:27 - [TEST_STEP][PASSED] - fileInt = replaceAll("\s+", "").toInteger(): null

18-11-2024T10:40:27 - [TEST_STEP][PASSED] - Script1718980020443.WriteToExcelNoData(a, typeOfData, todaysDate, fileInt, fileDouble, dZO): null

18-11-2024T10:40:27 - [TEST_STEP][PASSED] - sheetName = "Sheet1": null

18-11-2024T10:40:27 - [TEST_STEP][PASSED] - data = findTestData("PlanFact"): null

18-11-2024T10:40:27 - [TEST_STEP][PASSED] - n = data.getRowNumbers() + 1: null

18-11-2024T10:40:27 - [TEST_STEP][PASSED] - year = todaysDate.substring(todaysDate.length() - 4, todaysDate.length()): null

18-11-2024T10:40:27 - [TEST_STEP][PASSED] - y = year.toInteger(): null

18-11-2024T10:40:27 - [TEST_STEP][PASSED] - m = getText(findTestObject("Выполнение бизнес-плана/Период")): Text of object 'Object Repository/Выполнение бизнес-плана/Период' is: '1, 2, 3 кв. 2024 года'

18-11-2024T10:40:27 - [MESSAGE][PASSED] - Text of object 'Object Repository/Выполнение бизнес-плана/Период' is: '1, 2, 3 кв. 2024 года'

18-11-2024T10:40:27 - [TEST_STEP][PASSED] - m = m.substring(0, m.indexOf("2024")): null

18-11-2024T10:40:27 - [TEST_STEP][PASSED] - m = m.trim(): null

18-11-2024T10:40:27 - [TEST_STEP][PASSED] - dashboardName = "Выполнение бизнес-плана": null

18-11-2024T10:40:27 - [TEST_STEP][PASSED] - workbook01 = getWorkbook(excelFilePath): null

18-11-2024T10:40:27 - [TEST_STEP][PASSED] - sheet01 = getExcelSheet(workbook01, sheetName): null

18-11-2024T10:40:27 - [TEST_STEP][PASSED] - setValueToCellByIndex(sheet01, n, 0, dashboardName): null

18-11-2024T10:40:27 - [TEST_STEP][PASSED] - setValueToCellByIndex(sheet01, n, 1, dZO): null

18-11-2024T10:40:27 - [TEST_STEP][PASSED] - setValueToCellByIndex(sheet01, n, 2, typeOfData): null

18-11-2024T10:40:27 - [TEST_STEP][PASSED] - if (typeOfData == "Факт в процентах" || typeOfData == "План в процентах"): null

18-11-2024T10:40:27 - [TEST_STEP][PASSED] - else: null

18-11-2024T10:40:27 - [TEST_STEP][PASSED] - setValueToCellByIndex(sheet01, n, 3, fileInt): null

18-11-2024T10:40:27 - [TEST_STEP][PASSED] - setValueToCellByIndex(sheet01, n, 4, "нет данных"): null

18-11-2024T10:40:27 - [TEST_STEP][PASSED] - setValueToCellByIndex(sheet01, n, 5, m): null

18-11-2024T10:40:27 - [TEST_STEP][PASSED] - setValueToCellByIndex(sheet01, n, 6, y): null

18-11-2024T10:40:27 - [TEST_STEP][PASSED] - setValueToCellByIndex(sheet01, n, 7, todaysDate): null

18-11-2024T10:40:27 - [TEST_STEP][PASSED] - n = n + 1: null

18-11-2024T10:40:27 - [TEST_STEP][PASSED] - saveWorkbook(excelFilePath, workbook01): null

18-11-2024T10:40:27 - [TEST_STEP][PASSED] - typeOfData = "План Отпуск в сеть": null

18-11-2024T10:40:27 - [TEST_STEP][PASSED] - fileInt = replaceAll("\s+", "").toInteger(): null

18-11-2024T10:40:28 - [TEST_STEP][PASSED] - Script1718980020443.WriteToExcelNoData(a, typeOfData, todaysDate, fileInt, fileDouble, dZO): null

18-11-2024T10:40:28 - [TEST_STEP][PASSED] - sheetName = "Sheet1": null

18-11-2024T10:40:28 - [TEST_STEP][PASSED] - data = findTestData("PlanFact"): null

18-11-2024T10:40:28 - [TEST_STEP][PASSED] - n = data.getRowNumbers() + 1: null

18-11-2024T10:40:28 - [TEST_STEP][PASSED] - year = todaysDate.substring(todaysDate.length() - 4, todaysDate.length()): null

18-11-2024T10:40:28 - [TEST_STEP][PASSED] - y = year.toInteger(): null

18-11-2024T10:40:28 - [TEST_STEP][PASSED] - m = getText(findTestObject("Выполнение бизнес-плана/Период")): Text of object 'Object Repository/Выполнение бизнес-плана/Период' is: '1, 2, 3 кв. 2024 года'

18-11-2024T10:40:28 - [MESSAGE][PASSED] - Text of object 'Object Repository/Выполнение бизнес-плана/Период' is: '1, 2, 3 кв. 2024 года'

18-11-2024T10:40:28 - [TEST_STEP][PASSED] - m = m.substring(0, m.indexOf("2024")): null

18-11-2024T10:40:28 - [TEST_STEP][PASSED] - m = m.trim(): null

18-11-2024T10:40:28 - [TEST_STEP][PASSED] - dashboardName = "Выполнение бизнес-плана": null

18-11-2024T10:40:28 - [TEST_STEP][PASSED] - workbook01 = getWorkbook(excelFilePath): null

18-11-2024T10:40:28 - [TEST_STEP][PASSED] - sheet01 = getExcelSheet(workbook01, sheetName): null

18-11-2024T10:40:28 - [TEST_STEP][PASSED] - setValueToCellByIndex(sheet01, n, 0, dashboardName): null

18-11-2024T10:40:28 - [TEST_STEP][PASSED] - setValueToCellByIndex(sheet01, n, 1, dZO): null

18-11-2024T10:40:28 - [TEST_STEP][PASSED] - setValueToCellByIndex(sheet01, n, 2, typeOfData): null

18-11-2024T10:40:28 - [TEST_STEP][PASSED] - if (typeOfData == "Факт в процентах" || typeOfData == "План в процентах"): null

18-11-2024T10:40:28 - [TEST_STEP][PASSED] - else: null

18-11-2024T10:40:28 - [TEST_STEP][PASSED] - setValueToCellByIndex(sheet01, n, 3, fileInt): null

18-11-2024T10:40:28 - [TEST_STEP][PASSED] - setValueToCellByIndex(sheet01, n, 4, "нет данных"): null

18-11-2024T10:40:28 - [TEST_STEP][PASSED] - setValueToCellByIndex(sheet01, n, 5, m): null

18-11-2024T10:40:28 - [TEST_STEP][PASSED] - setValueToCellByIndex(sheet01, n, 6, y): null

18-11-2024T10:40:28 - [TEST_STEP][PASSED] - setValueToCellByIndex(sheet01, n, 7, todaysDate): null

18-11-2024T10:40:28 - [TEST_STEP][PASSED] - n = n + 1: null

18-11-2024T10:40:28 - [TEST_STEP][PASSED] - saveWorkbook(excelFilePath, workbook01): null

18-11-2024T10:40:28 - [TEST_STEP][PASSED] - typeOfData = "План Потери": null

18-11-2024T10:40:28 - [TEST_STEP][PASSED] - fileInt = replaceAll("\s+", "").toInteger(): null

18-11-2024T10:40:28 - [TEST_STEP][PASSED] - Script1718980020443.WriteToExcelNoData(a, typeOfData, todaysDate, fileInt, fileDouble, dZO): null

18-11-2024T10:40:28 - [TEST_STEP][PASSED] - sheetName = "Sheet1": null

18-11-2024T10:40:28 - [TEST_STEP][PASSED] - data = findTestData("PlanFact"): null

18-11-2024T10:40:28 - [TEST_STEP][PASSED] - n = data.getRowNumbers() + 1: null

18-11-2024T10:40:28 - [TEST_STEP][PASSED] - year = todaysDate.substring(todaysDate.length() - 4, todaysDate.length()): null

18-11-2024T10:40:28 - [TEST_STEP][PASSED] - y = year.toInteger(): null

18-11-2024T10:40:28 - [TEST_STEP][PASSED] - m = getText(findTestObject("Выполнение бизнес-плана/Период")): Text of object 'Object Repository/Выполнение бизнес-плана/Период' is: '1, 2, 3 кв. 2024 года'

18-11-2024T10:40:29 - [MESSAGE][PASSED] - Text of object 'Object Repository/Выполнение бизнес-плана/Период' is: '1, 2, 3 кв. 2024 года'

18-11-2024T10:40:29 - [TEST_STEP][PASSED] - m = m.substring(0, m.indexOf("2024")): null

18-11-2024T10:40:29 - [TEST_STEP][PASSED] - m = m.trim(): null

18-11-2024T10:40:29 - [TEST_STEP][PASSED] - dashboardName = "Выполнение бизнес-плана": null

18-11-2024T10:40:29 - [TEST_STEP][PASSED] - workbook01 = getWorkbook(excelFilePath): null

18-11-2024T10:40:29 - [TEST_STEP][PASSED] - sheet01 = getExcelSheet(workbook01, sheetName): null

18-11-2024T10:40:29 - [TEST_STEP][PASSED] - setValueToCellByIndex(sheet01, n, 0, dashboardName): null

18-11-2024T10:40:29 - [TEST_STEP][PASSED] - setValueToCellByIndex(sheet01, n, 1, dZO): null

18-11-2024T10:40:29 - [TEST_STEP][PASSED] - setValueToCellByIndex(sheet01, n, 2, typeOfData): null

18-11-2024T10:40:29 - [TEST_STEP][PASSED] - if (typeOfData == "Факт в процентах" || typeOfData == "План в процентах"): null

18-11-2024T10:40:29 - [TEST_STEP][PASSED] - else: null

18-11-2024T10:40:29 - [TEST_STEP][PASSED] - setValueToCellByIndex(sheet01, n, 3, fileInt): null

18-11-2024T10:40:29 - [TEST_STEP][PASSED] - setValueToCellByIndex(sheet01, n, 4, "нет данных"): null

18-11-2024T10:40:29 - [TEST_STEP][PASSED] - setValueToCellByIndex(sheet01, n, 5, m): null

18-11-2024T10:40:29 - [TEST_STEP][PASSED] - setValueToCellByIndex(sheet01, n, 6, y): null

18-11-2024T10:40:29 - [TEST_STEP][PASSED] - setValueToCellByIndex(sheet01, n, 7, todaysDate): null

18-11-2024T10:40:29 - [TEST_STEP][PASSED] - n = n + 1: null

18-11-2024T10:40:29 - [TEST_STEP][PASSED] - saveWorkbook(excelFilePath, workbook01): null

18-11-2024T10:40:29 - [TEST_STEP][PASSED] - typeOfData = "План в процентах": null

18-11-2024T10:40:29 - [TEST_STEP][PASSED] - fileDouble = ").toDouble(): null

18-11-2024T10:40:29 - [TEST_STEP][PASSED] - Script1718980020443.WriteToExcelNoData(a, typeOfData, todaysDate, fileInt, fileDouble, dZO): null

18-11-2024T10:40:29 - [TEST_STEP][PASSED] - sheetName = "Sheet1": null

18-11-2024T10:40:29 - [TEST_STEP][PASSED] - data = findTestData("PlanFact"): null

18-11-2024T10:40:29 - [TEST_STEP][PASSED] - n = data.getRowNumbers() + 1: null

18-11-2024T10:40:29 - [TEST_STEP][PASSED] - year = todaysDate.substring(todaysDate.length() - 4, todaysDate.length()): null

18-11-2024T10:40:29 - [TEST_STEP][PASSED] - y = year.toInteger(): null

18-11-2024T10:40:29 - [TEST_STEP][PASSED] - m = getText(findTestObject("Выполнение бизнес-плана/Период")): Text of object 'Object Repository/Выполнение бизнес-плана/Период' is: '1, 2, 3 кв. 2024 года'

18-11-2024T10:40:29 - [MESSAGE][PASSED] - Text of object 'Object Repository/Выполнение бизнес-плана/Период' is: '1, 2, 3 кв. 2024 года'

18-11-2024T10:40:29 - [TEST_STEP][PASSED] - m = m.substring(0, m.indexOf("2024")): null

18-11-2024T10:40:29 - [TEST_STEP][PASSED] - m = m.trim(): null

18-11-2024T10:40:29 - [TEST_STEP][PASSED] - dashboardName = "Выполнение бизнес-плана": null

18-11-2024T10:40:29 - [TEST_STEP][PASSED] - workbook01 = getWorkbook(excelFilePath): null

18-11-2024T10:40:29 - [TEST_STEP][PASSED] - sheet01 = getExcelSheet(workbook01, sheetName): null

18-11-2024T10:40:29 - [TEST_STEP][PASSED] - setValueToCellByIndex(sheet01, n, 0, dashboardName): null

18-11-2024T10:40:29 - [TEST_STEP][PASSED] - setValueToCellByIndex(sheet01, n, 1, dZO): null

18-11-2024T10:40:29 - [TEST_STEP][PASSED] - setValueToCellByIndex(sheet01, n, 2, typeOfData): null

18-11-2024T10:40:29 - [TEST_STEP][PASSED] - if (typeOfData == "Факт в процентах" || typeOfData == "План в процентах"): null

18-11-2024T10:40:29 - [TEST_STEP][PASSED] - setValueToCellByIndex(sheet01, n, 3, fileDouble): null

18-11-2024T10:40:29 - [TEST_STEP][PASSED] - setValueToCellByIndex(sheet01, n, 4, "нет данных"): null

18-11-2024T10:40:29 - [TEST_STEP][PASSED] - setValueToCellByIndex(sheet01, n, 5, m): null

18-11-2024T10:40:29 - [TEST_STEP][PASSED] - setValueToCellByIndex(sheet01, n, 6, y): null

18-11-2024T10:40:29 - [TEST_STEP][PASSED] - setValueToCellByIndex(sheet01, n, 7, todaysDate): null

18-11-2024T10:40:29 - [TEST_STEP][PASSED] - n = n + 1: null

18-11-2024T10:40:29 - [TEST_STEP][PASSED] - saveWorkbook(excelFilePath, workbook01): null

18-11-2024T10:40:29 - [TEST_STEP][PASSED] - typeOfData = "Факт в процентах": null

18-11-2024T10:40:29 - [TEST_STEP][PASSED] - fileDouble = ").toDouble(): null

18-11-2024T10:40:30 - [TEST_STEP][PASSED] - Script1718980020443.WriteToExcelNoData(a, typeOfData, todaysDate, fileInt, fileDouble, dZO): null

18-11-2024T10:40:30 - [TEST_STEP][PASSED] - sheetName = "Sheet1": null

18-11-2024T10:40:30 - [TEST_STEP][PASSED] - data = findTestData("PlanFact"): null

18-11-2024T10:40:30 - [TEST_STEP][PASSED] - n = data.getRowNumbers() + 1: null

18-11-2024T10:40:30 - [TEST_STEP][PASSED] - year = todaysDate.substring(todaysDate.length() - 4, todaysDate.length()): null

18-11-2024T10:40:30 - [TEST_STEP][PASSED] - y = year.toInteger(): null

18-11-2024T10:40:30 - [TEST_STEP][PASSED] - m = getText(findTestObject("Выполнение бизнес-плана/Период")): Text of object 'Object Repository/Выполнение бизнес-плана/Период' is: '1, 2, 3 кв. 2024 года'

18-11-2024T10:40:30 - [MESSAGE][PASSED] - Text of object 'Object Repository/Выполнение бизнес-плана/Период' is: '1, 2, 3 кв. 2024 года'

18-11-2024T10:40:30 - [TEST_STEP][PASSED] - m = m.substring(0, m.indexOf("2024")): null

18-11-2024T10:40:30 - [TEST_STEP][PASSED] - m = m.trim(): null

18-11-2024T10:40:30 - [TEST_STEP][PASSED] - dashboardName = "Выполнение бизнес-плана": null

18-11-2024T10:40:30 - [TEST_STEP][PASSED] - workbook01 = getWorkbook(excelFilePath): null

18-11-2024T10:40:30 - [TEST_STEP][PASSED] - sheet01 = getExcelSheet(workbook01, sheetName): null

18-11-2024T10:40:30 - [TEST_STEP][PASSED] - setValueToCellByIndex(sheet01, n, 0, dashboardName): null

18-11-2024T10:40:30 - [TEST_STEP][PASSED] - setValueToCellByIndex(sheet01, n, 1, dZO): null

18-11-2024T10:40:30 - [TEST_STEP][PASSED] - setValueToCellByIndex(sheet01, n, 2, typeOfData): null

18-11-2024T10:40:30 - [TEST_STEP][PASSED] - if (typeOfData == "Факт в процентах" || typeOfData == "План в процентах"): null

18-11-2024T10:40:30 - [TEST_STEP][PASSED] - setValueToCellByIndex(sheet01, n, 3, fileDouble): null

18-11-2024T10:40:30 - [TEST_STEP][PASSED] - setValueToCellByIndex(sheet01, n, 4, "нет данных"): null

18-11-2024T10:40:30 - [TEST_STEP][PASSED] - setValueToCellByIndex(sheet01, n, 5, m): null

18-11-2024T10:40:30 - [TEST_STEP][PASSED] - setValueToCellByIndex(sheet01, n, 6, y): null

18-11-2024T10:40:30 - [TEST_STEP][PASSED] - setValueToCellByIndex(sheet01, n, 7, todaysDate): null

18-11-2024T10:40:30 - [TEST_STEP][PASSED] - n = n + 1: null

18-11-2024T10:40:30 - [TEST_STEP][PASSED] - saveWorkbook(excelFilePath, workbook01): null

18-11-2024T10:40:30 - [TEST_STEP][PASSED] - println(dzoNum): null

18-11-2024T10:40:30 - [TEST_STEP][PASSED] - dZO = "Россети Янтарь": null

18-11-2024T10:40:30 - [TEST_STEP][PASSED] - a = 81: null

18-11-2024T10:40:30 - [TEST_STEP][PASSED] - if (x1.contains(dZO)): null

18-11-2024T10:40:30 - [TEST_STEP][PASSED] - else: null

18-11-2024T10:40:30 - [TEST_STEP][PASSED] - Script1718980020443.NoData(a, typeOfData, todaysDate, fileInt, fileDouble, dZO): null

18-11-2024T10:40:30 - [TEST_STEP][PASSED] - println(a): null

18-11-2024T10:40:30 - [TEST_STEP][PASSED] - println(todaysDate): null

18-11-2024T10:40:30 - [TEST_STEP][PASSED] - println(fileInt): null

18-11-2024T10:40:30 - [TEST_STEP][PASSED] - println(fileDouble): null

18-11-2024T10:40:30 - [TEST_STEP][PASSED] - println(dZO): null

18-11-2024T10:40:30 - [TEST_STEP][PASSED] - typeOfData = "Факт Отпуск в сеть": null

18-11-2024T10:40:30 - [TEST_STEP][PASSED] - fileInt = replaceAll("\s+", "").toInteger(): null

18-11-2024T10:40:30 - [TEST_STEP][PASSED] - Script1718980020443.WriteToExcelNoData(a, typeOfData, todaysDate, fileInt, fileDouble, dZO): null

18-11-2024T10:40:30 - [TEST_STEP][PASSED] - sheetName = "Sheet1": null

18-11-2024T10:40:30 - [TEST_STEP][PASSED] - data = findTestData("PlanFact"): null

18-11-2024T10:40:30 - [TEST_STEP][PASSED] - n = data.getRowNumbers() + 1: null

18-11-2024T10:40:30 - [TEST_STEP][PASSED] - year = todaysDate.substring(todaysDate.length() - 4, todaysDate.length()): null

18-11-2024T10:40:30 - [TEST_STEP][PASSED] - y = year.toInteger(): null

18-11-2024T10:40:30 - [TEST_STEP][PASSED] - m = getText(findTestObject("Выполнение бизнес-плана/Период")): Text of object 'Object Repository/Выполнение бизнес-плана/Период' is: '1, 2, 3 кв. 2024 года'

18-11-2024T10:40:31 - [MESSAGE][PASSED] - Text of object 'Object Repository/Выполнение бизнес-плана/Период' is: '1, 2, 3 кв. 2024 года'

18-11-2024T10:40:31 - [TEST_STEP][PASSED] - m = m.substring(0, m.indexOf("2024")): null

18-11-2024T10:40:31 - [TEST_STEP][PASSED] - m = m.trim(): null

18-11-2024T10:40:31 - [TEST_STEP][PASSED] - dashboardName = "Выполнение бизнес-плана": null

18-11-2024T10:40:31 - [TEST_STEP][PASSED] - workbook01 = getWorkbook(excelFilePath): null

18-11-2024T10:40:31 - [TEST_STEP][PASSED] - sheet01 = getExcelSheet(workbook01, sheetName): null

18-11-2024T10:40:31 - [TEST_STEP][PASSED] - setValueToCellByIndex(sheet01, n, 0, dashboardName): null

18-11-2024T10:40:31 - [TEST_STEP][PASSED] - setValueToCellByIndex(sheet01, n, 1, dZO): null

18-11-2024T10:40:31 - [TEST_STEP][PASSED] - setValueToCellByIndex(sheet01, n, 2, typeOfData): null

18-11-2024T10:40:31 - [TEST_STEP][PASSED] - if (typeOfData == "Факт в процентах" || typeOfData == "План в процентах"): null

18-11-2024T10:40:31 - [TEST_STEP][PASSED] - else: null

18-11-2024T10:40:31 - [TEST_STEP][PASSED] - setValueToCellByIndex(sheet01, n, 3, fileInt): null

18-11-2024T10:40:31 - [TEST_STEP][PASSED] - setValueToCellByIndex(sheet01, n, 4, "нет данных"): null

18-11-2024T10:40:31 - [TEST_STEP][PASSED] - setValueToCellByIndex(sheet01, n, 5, m): null

18-11-2024T10:40:31 - [TEST_STEP][PASSED] - setValueToCellByIndex(sheet01, n, 6, y): null

18-11-2024T10:40:31 - [TEST_STEP][PASSED] - setValueToCellByIndex(sheet01, n, 7, todaysDate): null

18-11-2024T10:40:31 - [TEST_STEP][PASSED] - n = n + 1: null

18-11-2024T10:40:31 - [TEST_STEP][PASSED] - saveWorkbook(excelFilePath, workbook01): null

18-11-2024T10:40:31 - [TEST_STEP][PASSED] - typeOfData = "Факт Потери": null

18-11-2024T10:40:31 - [TEST_STEP][PASSED] - fileInt = replaceAll("\s+", "").toInteger(): null

18-11-2024T10:40:31 - [TEST_STEP][PASSED] - Script1718980020443.WriteToExcelNoData(a, typeOfData, todaysDate, fileInt, fileDouble, dZO): null

18-11-2024T10:40:31 - [TEST_STEP][PASSED] - sheetName = "Sheet1": null

18-11-2024T10:40:31 - [TEST_STEP][PASSED] - data = findTestData("PlanFact"): null

18-11-2024T10:40:31 - [TEST_STEP][PASSED] - n = data.getRowNumbers() + 1: null

18-11-2024T10:40:31 - [TEST_STEP][PASSED] - year = todaysDate.substring(todaysDate.length() - 4, todaysDate.length()): null

18-11-2024T10:40:31 - [TEST_STEP][PASSED] - y = year.toInteger(): null

18-11-2024T10:40:31 - [TEST_STEP][PASSED] - m = getText(findTestObject("Выполнение бизнес-плана/Период")): Text of object 'Object Repository/Выполнение бизнес-плана/Период' is: '1, 2, 3 кв. 2024 года'

18-11-2024T10:40:31 - [MESSAGE][PASSED] - Text of object 'Object Repository/Выполнение бизнес-плана/Период' is: '1, 2, 3 кв. 2024 года'

18-11-2024T10:40:31 - [TEST_STEP][PASSED] - m = m.substring(0, m.indexOf("2024")): null

18-11-2024T10:40:31 - [TEST_STEP][PASSED] - m = m.trim(): null

18-11-2024T10:40:31 - [TEST_STEP][PASSED] - dashboardName = "Выполнение бизнес-плана": null

18-11-2024T10:40:31 - [TEST_STEP][PASSED] - workbook01 = getWorkbook(excelFilePath): null

18-11-2024T10:40:31 - [TEST_STEP][PASSED] - sheet01 = getExcelSheet(workbook01, sheetName): null

18-11-2024T10:40:31 - [TEST_STEP][PASSED] - setValueToCellByIndex(sheet01, n, 0, dashboardName): null

18-11-2024T10:40:31 - [TEST_STEP][PASSED] - setValueToCellByIndex(sheet01, n, 1, dZO): null

18-11-2024T10:40:31 - [TEST_STEP][PASSED] - setValueToCellByIndex(sheet01, n, 2, typeOfData): null

18-11-2024T10:40:31 - [TEST_STEP][PASSED] - if (typeOfData == "Факт в процентах" || typeOfData == "План в процентах"): null

18-11-2024T10:40:31 - [TEST_STEP][PASSED] - else: null

18-11-2024T10:40:31 - [TEST_STEP][PASSED] - setValueToCellByIndex(sheet01, n, 3, fileInt): null

18-11-2024T10:40:31 - [TEST_STEP][PASSED] - setValueToCellByIndex(sheet01, n, 4, "нет данных"): null

18-11-2024T10:40:31 - [TEST_STEP][PASSED] - setValueToCellByIndex(sheet01, n, 5, m): null

18-11-2024T10:40:31 - [TEST_STEP][PASSED] - setValueToCellByIndex(sheet01, n, 6, y): null

18-11-2024T10:40:31 - [TEST_STEP][PASSED] - setValueToCellByIndex(sheet01, n, 7, todaysDate): null

18-11-2024T10:40:31 - [TEST_STEP][PASSED] - n = n + 1: null

18-11-2024T10:40:31 - [TEST_STEP][PASSED] - saveWorkbook(excelFilePath, workbook01): null

18-11-2024T10:40:32 - [TEST_STEP][PASSED] - typeOfData = "План Отпуск в сеть": null

18-11-2024T10:40:32 - [TEST_STEP][PASSED] - fileInt = replaceAll("\s+", "").toInteger(): null

18-11-2024T10:40:32 - [TEST_STEP][PASSED] - Script1718980020443.WriteToExcelNoData(a, typeOfData, todaysDate, fileInt, fileDouble, dZO): null

18-11-2024T10:40:32 - [TEST_STEP][PASSED] - sheetName = "Sheet1": null

18-11-2024T10:40:32 - [TEST_STEP][PASSED] - data = findTestData("PlanFact"): null

18-11-2024T10:40:32 - [TEST_STEP][PASSED] - n = data.getRowNumbers() + 1: null

18-11-2024T10:40:32 - [TEST_STEP][PASSED] - year = todaysDate.substring(todaysDate.length() - 4, todaysDate.length()): null

18-11-2024T10:40:32 - [TEST_STEP][PASSED] - y = year.toInteger(): null

18-11-2024T10:40:32 - [TEST_STEP][PASSED] - m = getText(findTestObject("Выполнение бизнес-плана/Период")): Text of object 'Object Repository/Выполнение бизнес-плана/Период' is: '1, 2, 3 кв. 2024 года'

18-11-2024T10:40:32 - [MESSAGE][PASSED] - Text of object 'Object Repository/Выполнение бизнес-плана/Период' is: '1, 2, 3 кв. 2024 года'

18-11-2024T10:40:32 - [TEST_STEP][PASSED] - m = m.substring(0, m.indexOf("2024")): null

18-11-2024T10:40:32 - [TEST_STEP][PASSED] - m = m.trim(): null

18-11-2024T10:40:32 - [TEST_STEP][PASSED] - dashboardName = "Выполнение бизнес-плана": null

18-11-2024T10:40:32 - [TEST_STEP][PASSED] - workbook01 = getWorkbook(excelFilePath): null

18-11-2024T10:40:32 - [TEST_STEP][PASSED] - sheet01 = getExcelSheet(workbook01, sheetName): null

18-11-2024T10:40:32 - [TEST_STEP][PASSED] - setValueToCellByIndex(sheet01, n, 0, dashboardName): null

18-11-2024T10:40:32 - [TEST_STEP][PASSED] - setValueToCellByIndex(sheet01, n, 1, dZO): null

18-11-2024T10:40:32 - [TEST_STEP][PASSED] - setValueToCellByIndex(sheet01, n, 2, typeOfData): null

18-11-2024T10:40:32 - [TEST_STEP][PASSED] - if (typeOfData == "Факт в процентах" || typeOfData == "План в процентах"): null

18-11-2024T10:40:32 - [TEST_STEP][PASSED] - else: null

18-11-2024T10:40:32 - [TEST_STEP][PASSED] - setValueToCellByIndex(sheet01, n, 3, fileInt): null

18-11-2024T10:40:32 - [TEST_STEP][PASSED] - setValueToCellByIndex(sheet01, n, 4, "нет данных"): null

18-11-2024T10:40:32 - [TEST_STEP][PASSED] - setValueToCellByIndex(sheet01, n, 5, m): null

18-11-2024T10:40:32 - [TEST_STEP][PASSED] - setValueToCellByIndex(sheet01, n, 6, y): null

18-11-2024T10:40:32 - [TEST_STEP][PASSED] - setValueToCellByIndex(sheet01, n, 7, todaysDate): null

18-11-2024T10:40:32 - [TEST_STEP][PASSED] - n = n + 1: null

18-11-2024T10:40:32 - [TEST_STEP][PASSED] - saveWorkbook(excelFilePath, workbook01): null

18-11-2024T10:40:32 - [TEST_STEP][PASSED] - typeOfData = "План Потери": null

18-11-2024T10:40:32 - [TEST_STEP][PASSED] - fileInt = replaceAll("\s+", "").toInteger(): null

18-11-2024T10:40:32 - [TEST_STEP][PASSED] - Script1718980020443.WriteToExcelNoData(a, typeOfData, todaysDate, fileInt, fileDouble, dZO): null

18-11-2024T10:40:32 - [TEST_STEP][PASSED] - sheetName = "Sheet1": null

18-11-2024T10:40:32 - [TEST_STEP][PASSED] - data = findTestData("PlanFact"): null

18-11-2024T10:40:32 - [TEST_STEP][PASSED] - n = data.getRowNumbers() + 1: null

18-11-2024T10:40:32 - [TEST_STEP][PASSED] - year = todaysDate.substring(todaysDate.length() - 4, todaysDate.length()): null

18-11-2024T10:40:32 - [TEST_STEP][PASSED] - y = year.toInteger(): null

18-11-2024T10:40:32 - [TEST_STEP][PASSED] - m = getText(findTestObject("Выполнение бизнес-плана/Период")): Text of object 'Object Repository/Выполнение бизнес-плана/Период' is: '1, 2, 3 кв. 2024 года'

18-11-2024T10:40:33 - [MESSAGE][PASSED] - Text of object 'Object Repository/Выполнение бизнес-плана/Период' is: '1, 2, 3 кв. 2024 года'

18-11-2024T10:40:33 - [TEST_STEP][PASSED] - m = m.substring(0, m.indexOf("2024")): null

18-11-2024T10:40:33 - [TEST_STEP][PASSED] - m = m.trim(): null

18-11-2024T10:40:33 - [TEST_STEP][PASSED] - dashboardName = "Выполнение бизнес-плана": null

18-11-2024T10:40:33 - [TEST_STEP][PASSED] - workbook01 = getWorkbook(excelFilePath): null

18-11-2024T10:40:33 - [TEST_STEP][PASSED] - sheet01 = getExcelSheet(workbook01, sheetName): null

18-11-2024T10:40:33 - [TEST_STEP][PASSED] - setValueToCellByIndex(sheet01, n, 0, dashboardName): null

18-11-2024T10:40:33 - [TEST_STEP][PASSED] - setValueToCellByIndex(sheet01, n, 1, dZO): null

18-11-2024T10:40:33 - [TEST_STEP][PASSED] - setValueToCellByIndex(sheet01, n, 2, typeOfData): null

18-11-2024T10:40:33 - [TEST_STEP][PASSED] - if (typeOfData == "Факт в процентах" || typeOfData == "План в процентах"): null

18-11-2024T10:40:33 - [TEST_STEP][PASSED] - else: null

18-11-2024T10:40:33 - [TEST_STEP][PASSED] - setValueToCellByIndex(sheet01, n, 3, fileInt): null

18-11-2024T10:40:33 - [TEST_STEP][PASSED] - setValueToCellByIndex(sheet01, n, 4, "нет данных"): null

18-11-2024T10:40:33 - [TEST_STEP][PASSED] - setValueToCellByIndex(sheet01, n, 5, m): null

18-11-2024T10:40:33 - [TEST_STEP][PASSED] - setValueToCellByIndex(sheet01, n, 6, y): null

18-11-2024T10:40:33 - [TEST_STEP][PASSED] - setValueToCellByIndex(sheet01, n, 7, todaysDate): null

18-11-2024T10:40:33 - [TEST_STEP][PASSED] - n = n + 1: null

18-11-2024T10:40:33 - [TEST_STEP][PASSED] - saveWorkbook(excelFilePath, workbook01): null

18-11-2024T10:40:33 - [TEST_STEP][PASSED] - typeOfData = "План в процентах": null

18-11-2024T10:40:33 - [TEST_STEP][PASSED] - fileDouble = ").toDouble(): null

18-11-2024T10:40:33 - [TEST_STEP][PASSED] - Script1718980020443.WriteToExcelNoData(a, typeOfData, todaysDate, fileInt, fileDouble, dZO): null

18-11-2024T10:40:33 - [TEST_STEP][PASSED] - sheetName = "Sheet1": null

18-11-2024T10:40:33 - [TEST_STEP][PASSED] - data = findTestData("PlanFact"): null

18-11-2024T10:40:33 - [TEST_STEP][PASSED] - n = data.getRowNumbers() + 1: null

18-11-2024T10:40:33 - [TEST_STEP][PASSED] - year = todaysDate.substring(todaysDate.length() - 4, todaysDate.length()): null

18-11-2024T10:40:33 - [TEST_STEP][PASSED] - y = year.toInteger(): null

18-11-2024T10:40:33 - [TEST_STEP][PASSED] - m = getText(findTestObject("Выполнение бизнес-плана/Период")): Text of object 'Object Repository/Выполнение бизнес-плана/Период' is: '1, 2, 3 кв. 2024 года'

18-11-2024T10:40:33 - [MESSAGE][PASSED] - Text of object 'Object Repository/Выполнение бизнес-плана/Период' is: '1, 2, 3 кв. 2024 года'

18-11-2024T10:40:33 - [TEST_STEP][PASSED] - m = m.substring(0, m.indexOf("2024")): null

18-11-2024T10:40:33 - [TEST_STEP][PASSED] - m = m.trim(): null

18-11-2024T10:40:33 - [TEST_STEP][PASSED] - dashboardName = "Выполнение бизнес-плана": null

18-11-2024T10:40:33 - [TEST_STEP][PASSED] - workbook01 = getWorkbook(excelFilePath): null

18-11-2024T10:40:33 - [TEST_STEP][PASSED] - sheet01 = getExcelSheet(workbook01, sheetName): null

18-11-2024T10:40:33 - [TEST_STEP][PASSED] - setValueToCellByIndex(sheet01, n, 0, dashboardName): null

18-11-2024T10:40:33 - [TEST_STEP][PASSED] - setValueToCellByIndex(sheet01, n, 1, dZO): null

18-11-2024T10:40:33 - [TEST_STEP][PASSED] - setValueToCellByIndex(sheet01, n, 2, typeOfData): null

18-11-2024T10:40:33 - [TEST_STEP][PASSED] - if (typeOfData == "Факт в процентах" || typeOfData == "План в процентах"): null

18-11-2024T10:40:33 - [TEST_STEP][PASSED] - setValueToCellByIndex(sheet01, n, 3, fileDouble): null

18-11-2024T10:40:33 - [TEST_STEP][PASSED] - setValueToCellByIndex(sheet01, n, 4, "нет данных"): null

18-11-2024T10:40:33 - [TEST_STEP][PASSED] - setValueToCellByIndex(sheet01, n, 5, m): null

18-11-2024T10:40:33 - [TEST_STEP][PASSED] - setValueToCellByIndex(sheet01, n, 6, y): null

18-11-2024T10:40:33 - [TEST_STEP][PASSED] - setValueToCellByIndex(sheet01, n, 7, todaysDate): null

18-11-2024T10:40:33 - [TEST_STEP][PASSED] - n = n + 1: null

18-11-2024T10:40:33 - [TEST_STEP][PASSED] - saveWorkbook(excelFilePath, workbook01): null

18-11-2024T10:40:34 - [TEST_STEP][PASSED] - typeOfData = "Факт в процентах": null

18-11-2024T10:40:34 - [TEST_STEP][PASSED] - fileDouble = ").toDouble(): null

18-11-2024T10:40:34 - [TEST_STEP][PASSED] - Script1718980020443.WriteToExcelNoData(a, typeOfData, todaysDate, fileInt, fileDouble, dZO): null

18-11-2024T10:40:34 - [TEST_STEP][PASSED] - sheetName = "Sheet1": null

18-11-2024T10:40:34 - [TEST_STEP][PASSED] - data = findTestData("PlanFact"): null

18-11-2024T10:40:34 - [TEST_STEP][PASSED] - n = data.getRowNumbers() + 1: null

18-11-2024T10:40:34 - [TEST_STEP][PASSED] - year = todaysDate.substring(todaysDate.length() - 4, todaysDate.length()): null

18-11-2024T10:40:34 - [TEST_STEP][PASSED] - y = year.toInteger(): null

18-11-2024T10:40:34 - [TEST_STEP][PASSED] - m = getText(findTestObject("Выполнение бизнес-плана/Период")): Text of object 'Object Repository/Выполнение бизнес-плана/Период' is: '1, 2, 3 кв. 2024 года'

18-11-2024T10:40:34 - [MESSAGE][PASSED] - Text of object 'Object Repository/Выполнение бизнес-плана/Период' is: '1, 2, 3 кв. 2024 года'

18-11-2024T10:40:34 - [TEST_STEP][PASSED] - m = m.substring(0, m.indexOf("2024")): null

18-11-2024T10:40:34 - [TEST_STEP][PASSED] - m = m.trim(): null

18-11-2024T10:40:34 - [TEST_STEP][PASSED] - dashboardName = "Выполнение бизнес-плана": null

18-11-2024T10:40:34 - [TEST_STEP][PASSED] - workbook01 = getWorkbook(excelFilePath): null

18-11-2024T10:40:34 - [TEST_STEP][PASSED] - sheet01 = getExcelSheet(workbook01, sheetName): null

18-11-2024T10:40:34 - [TEST_STEP][PASSED] - setValueToCellByIndex(sheet01, n, 0, dashboardName): null

18-11-2024T10:40:34 - [TEST_STEP][PASSED] - setValueToCellByIndex(sheet01, n, 1, dZO): null

18-11-2024T10:40:34 - [TEST_STEP][PASSED] - setValueToCellByIndex(sheet01, n, 2, typeOfData): null

18-11-2024T10:40:34 - [TEST_STEP][PASSED] - if (typeOfData == "Факт в процентах" || typeOfData == "План в процентах"): null

18-11-2024T10:40:34 - [TEST_STEP][PASSED] - setValueToCellByIndex(sheet01, n, 3, fileDouble): null

18-11-2024T10:40:34 - [TEST_STEP][PASSED] - setValueToCellByIndex(sheet01, n, 4, "нет данных"): null

18-11-2024T10:40:34 - [TEST_STEP][PASSED] - setValueToCellByIndex(sheet01, n, 5, m): null

18-11-2024T10:40:34 - [TEST_STEP][PASSED] - setValueToCellByIndex(sheet01, n, 6, y): null

18-11-2024T10:40:34 - [TEST_STEP][PASSED] - setValueToCellByIndex(sheet01, n, 7, todaysDate): null

18-11-2024T10:40:34 - [TEST_STEP][PASSED] - n = n + 1: null

18-11-2024T10:40:34 - [TEST_STEP][PASSED] - saveWorkbook(excelFilePath, workbook01): null

18-11-2024T10:40:34 - [TEST_STEP][PASSED] - println(dzoNum): null

18-11-2024T10:40:34 - [TEST_STEP][PASSED] - closeBrowser(): Browser is closed

18-11-2024T10:40:35 - [MESSAGE][PASSED] - Browser is closed]]></system-out>
         <system-err><![CDATA[18-11-2024T10:09:02 - [TEST_CASE][FAILED] - Test Cases/Выполнение бизнес-плана/Выполнение бизнес-плана Сверка ПАО Россети все филиалы: Test Cases/Выполнение бизнес-плана/Выполнение бизнес-плана Сверка ПАО Россети все филиалы FAILED.
Reason:
com.kms.katalon.core.exception.StepFailedException: Unable to verify equal between actual object '6' and expected object '0' (Root cause: com.kms.katalon.core.exception.StepFailedException: Actual object '6' and expected object '0' are not equal
	at com.kms.katalon.core.keyword.builtin.VerifyEqualKeyword$_verifyEqual_closure1.doCall(VerifyEqualKeyword.groovy:58)
	at com.kms.katalon.core.keyword.builtin.VerifyEqualKeyword$_verifyEqual_closure1.call(VerifyEqualKeyword.groovy)
	at com.kms.katalon.core.keyword.internal.KeywordMain.runKeyword(KeywordMain.groovy:75)
	at com.kms.katalon.core.keyword.builtin.VerifyEqualKeyword.verifyEqual(VerifyEqualKeyword.groovy:63)
	at com.kms.katalon.core.keyword.builtin.VerifyEqualKeyword.execute(VerifyEqualKeyword.groovy:44)
	at com.kms.katalon.core.keyword.internal.KeywordExecutor.executeKeywordForPlatform(KeywordExecutor.groovy:74)
	at com.kms.katalon.core.keyword.BuiltinKeywords.verifyEqual(BuiltinKeywords.groovy:146)
	at java.base/jdk.internal.reflect.NativeMethodAccessorImpl.invoke0(Native Method)
	at java.base/jdk.internal.reflect.NativeMethodAccessorImpl.invoke(NativeMethodAccessorImpl.java:77)
	at java.base/jdk.internal.reflect.DelegatingMethodAccessorImpl.invoke(DelegatingMethodAccessorImpl.java:43)
	at Выполнение бизнес-плана Сверка ПАО Россети все филиалы.Numbers(Выполнение бизнес-плана Сверка ПАО Россети все филиалы:740)
	at Выполнение бизнес-плана Сверка ПАО Россети все филиалы.run(Выполнение бизнес-плана Сверка ПАО Россети все филиалы:189)
	at com.kms.katalon.core.main.ScriptEngine.run(ScriptEngine.java:194)
	at com.kms.katalon.core.main.ScriptEngine.runScriptAsRawText(ScriptEngine.java:119)
	at com.kms.katalon.core.main.TestCaseExecutor.runScript(TestCaseExecutor.java:448)
	at com.kms.katalon.core.main.TestCaseExecutor.doExecute(TestCaseExecutor.java:439)
	at com.kms.katalon.core.main.TestCaseExecutor.processExecutionPhase(TestCaseExecutor.java:418)
	at com.kms.katalon.core.main.TestCaseExecutor.accessMainPhase(TestCaseExecutor.java:410)
	at com.kms.katalon.core.main.TestCaseExecutor.execute(TestCaseExecutor.java:285)
	at com.kms.katalon.core.common.CommonExecutor.accessTestCaseMainPhase(CommonExecutor.java:65)
	at com.kms.katalon.core.main.TestSuiteExecutor.accessTestSuiteMainPhase(TestSuiteExecutor.java:150)
	at com.kms.katalon.core.main.TestSuiteExecutor.execute(TestSuiteExecutor.java:106)
	at com.kms.katalon.core.main.TestCaseMain.startTestSuite(TestCaseMain.java:180)
	at TempTestSuite1731913737709.run(TempTestSuite1731913737709.groovy:35)
	at java.base/jdk.internal.reflect.NativeMethodAccessorImpl.invoke0(Native Method)
	at java.base/jdk.internal.reflect.NativeMethodAccessorImpl.invoke(NativeMethodAccessorImpl.java:77)
	at java.base/jdk.internal.reflect.DelegatingMethodAccessorImpl.invoke(DelegatingMethodAccessorImpl.java:43)
)
	at com.kms.katalon.core.keyword.internal.KeywordMain.stepFailed(KeywordMain.groovy:39)
	at com.kms.katalon.core.keyword.internal.KeywordMain.stepFailed(KeywordMain.groovy)
	at com.kms.katalon.core.keyword.internal.KeywordMain.runKeyword(KeywordMain.groovy:77)
	at com.kms.katalon.core.keyword.builtin.VerifyEqualKeyword.verifyEqual(VerifyEqualKeyword.groovy:63)
	at com.kms.katalon.core.keyword.builtin.VerifyEqualKeyword.execute(VerifyEqualKeyword.groovy:44)
	at com.kms.katalon.core.keyword.internal.KeywordExecutor.executeKeywordForPlatform(KeywordExecutor.groovy:74)
	at com.kms.katalon.core.keyword.BuiltinKeywords.verifyEqual(BuiltinKeywords.groovy:146)
	at java.base/jdk.internal.reflect.NativeMethodAccessorImpl.invoke0(Native Method)
	at java.base/jdk.internal.reflect.NativeMethodAccessorImpl.invoke(NativeMethodAccessorImpl.java:77)
	at java.base/jdk.internal.reflect.DelegatingMethodAccessorImpl.invoke(DelegatingMethodAccessorImpl.java:43)
	at Выполнение бизнес-плана Сверка ПАО Россети все филиалы.Numbers(Выполнение бизнес-плана Сверка ПАО Россети все филиалы:740)
	at Выполнение бизнес-плана Сверка ПАО Россети все филиалы.run(Выполнение бизнес-плана Сверка ПАО Россети все филиалы:189)
	at com.kms.katalon.core.main.ScriptEngine.run(ScriptEngine.java:194)
	at com.kms.katalon.core.main.ScriptEngine.runScriptAsRawText(ScriptEngine.java:119)
	at com.kms.katalon.core.main.TestCaseExecutor.runScript(TestCaseExecutor.java:448)
	at com.kms.katalon.core.main.TestCaseExecutor.doExecute(TestCaseExecutor.java:439)
	at com.kms.katalon.core.main.TestCaseExecutor.processExecutionPhase(TestCaseExecutor.java:418)
	at com.kms.katalon.core.main.TestCaseExecutor.accessMainPhase(TestCaseExecutor.java:410)
	at com.kms.katalon.core.main.TestCaseExecutor.execute(TestCaseExecutor.java:285)
	at com.kms.katalon.core.common.CommonExecutor.accessTestCaseMainPhase(CommonExecutor.java:65)
	at com.kms.katalon.core.main.TestSuiteExecutor.accessTestSuiteMainPhase(TestSuiteExecutor.java:150)
	at com.kms.katalon.core.main.TestSuiteExecutor.execute(TestSuiteExecutor.java:106)
	at com.kms.katalon.core.main.TestCaseMain.startTestSuite(TestCaseMain.java:180)
	at TempTestSuite1731913737709.run(TempTestSuite1731913737709.groovy:35)
	at java.base/jdk.internal.reflect.NativeMethodAccessorImpl.invoke0(Native Method)
	at java.base/jdk.internal.reflect.NativeMethodAccessorImpl.invoke(NativeMethodAccessorImpl.java:77)
	at java.base/jdk.internal.reflect.DelegatingMethodAccessorImpl.invoke(DelegatingMethodAccessorImpl.java:43)
Caused by: com.kms.katalon.core.exception.StepFailedException: Actual object '6' and expected object '0' are not equal
	at com.kms.katalon.core.keyword.builtin.VerifyEqualKeyword$_verifyEqual_closure1.doCall(VerifyEqualKeyword.groovy:58)
	at com.kms.katalon.core.keyword.builtin.VerifyEqualKeyword$_verifyEqual_closure1.call(VerifyEqualKeyword.groovy)
	at com.kms.katalon.core.keyword.internal.KeywordMain.runKeyword(KeywordMain.groovy:75)
	... 24 more]]></system-err>
      </testcase>
      <system-out><![CDATA[18-11-2024T10:09:02 - [TEST_SUITE][FAILED] - Сверка с ПБЭ: Test Cases/Выполнение бизнес-плана/Выполнение бизнес-плана Сверка ПАО Россети все филиалы FAILED.
Reason:
com.kms.katalon.core.exception.StepFailedException: Unable to verify equal between actual object '6' and expected object '0' (Root cause: com.kms.katalon.core.exception.StepFailedException: Actual object '6' and expected object '0' are not equal
	at com.kms.katalon.core.keyword.builtin.VerifyEqualKeyword$_verifyEqual_closure1.doCall(VerifyEqualKeyword.groovy:58)
	at com.kms.katalon.core.keyword.builtin.VerifyEqualKeyword$_verifyEqual_closure1.call(VerifyEqualKeyword.groovy)
	at com.kms.katalon.core.keyword.internal.KeywordMain.runKeyword(KeywordMain.groovy:75)
	at com.kms.katalon.core.keyword.builtin.VerifyEqualKeyword.verifyEqual(VerifyEqualKeyword.groovy:63)
	at com.kms.katalon.core.keyword.builtin.VerifyEqualKeyword.execute(VerifyEqualKeyword.groovy:44)
	at com.kms.katalon.core.keyword.internal.KeywordExecutor.executeKeywordForPlatform(KeywordExecutor.groovy:74)
	at com.kms.katalon.core.keyword.BuiltinKeywords.verifyEqual(BuiltinKeywords.groovy:146)
	at java.base/jdk.internal.reflect.NativeMethodAccessorImpl.invoke0(Native Method)
	at java.base/jdk.internal.reflect.NativeMethodAccessorImpl.invoke(NativeMethodAccessorImpl.java:77)
	at java.base/jdk.internal.reflect.DelegatingMethodAccessorImpl.invoke(DelegatingMethodAccessorImpl.java:43)
	at Выполнение бизнес-плана Сверка ПАО Россети все филиалы.Numbers(Выполнение бизнес-плана Сверка ПАО Россети все филиалы:740)
	at Выполнение бизнес-плана Сверка ПАО Россети все филиалы.run(Выполнение бизнес-плана Сверка ПАО Россети все филиалы:189)
	at com.kms.katalon.core.main.ScriptEngine.run(ScriptEngine.java:194)
	at com.kms.katalon.core.main.ScriptEngine.runScriptAsRawText(ScriptEngine.java:119)
	at com.kms.katalon.core.main.TestCaseExecutor.runScript(TestCaseExecutor.java:448)
	at com.kms.katalon.core.main.TestCaseExecutor.doExecute(TestCaseExecutor.java:439)
	at com.kms.katalon.core.main.TestCaseExecutor.processExecutionPhase(TestCaseExecutor.java:418)
	at com.kms.katalon.core.main.TestCaseExecutor.accessMainPhase(TestCaseExecutor.java:410)
	at com.kms.katalon.core.main.TestCaseExecutor.execute(TestCaseExecutor.java:285)
	at com.kms.katalon.core.common.CommonExecutor.accessTestCaseMainPhase(CommonExecutor.java:65)
	at com.kms.katalon.core.main.TestSuiteExecutor.accessTestSuiteMainPhase(TestSuiteExecutor.java:150)
	at com.kms.katalon.core.main.TestSuiteExecutor.execute(TestSuiteExecutor.java:106)
	at com.kms.katalon.core.main.TestCaseMain.startTestSuite(TestCaseMain.java:180)
	at TempTestSuite1731913737709.run(TempTestSuite1731913737709.groovy:35)
	at java.base/jdk.internal.reflect.NativeMethodAccessorImpl.invoke0(Native Method)
	at java.base/jdk.internal.reflect.NativeMethodAccessorImpl.invoke(NativeMethodAccessorImpl.java:77)
	at java.base/jdk.internal.reflect.DelegatingMethodAccessorImpl.invoke(DelegatingMethodAccessorImpl.java:43)
)
	at com.kms.katalon.core.keyword.internal.KeywordMain.stepFailed(KeywordMain.groovy:39)
	at com.kms.katalon.core.keyword.internal.KeywordMain.stepFailed(KeywordMain.groovy)
	at com.kms.katalon.core.keyword.internal.KeywordMain.runKeyword(KeywordMain.groovy:77)
	at com.kms.katalon.core.keyword.builtin.VerifyEqualKeyword.verifyEqual(VerifyEqualKeyword.groovy:63)
	at com.kms.katalon.core.keyword.builtin.VerifyEqualKeyword.execute(VerifyEqualKeyword.groovy:44)
	at com.kms.katalon.core.keyword.internal.KeywordExecutor.executeKeywordForPlatform(KeywordExecutor.groovy:74)
	at com.kms.katalon.core.keyword.BuiltinKeywords.verifyEqual(BuiltinKeywords.groovy:146)
	at java.base/jdk.internal.reflect.NativeMethodAccessorImpl.invoke0(Native Method)
	at java.base/jdk.internal.reflect.NativeMethodAccessorImpl.invoke(NativeMethodAccessorImpl.java:77)
	at java.base/jdk.internal.reflect.DelegatingMethodAccessorImpl.invoke(DelegatingMethodAccessorImpl.java:43)
	at Выполнение бизнес-плана Сверка ПАО Россети все филиалы.Numbers(Выполнение бизнес-плана Сверка ПАО Россети все филиалы:740)
	at Выполнение бизнес-плана Сверка ПАО Россети все филиалы.run(Выполнение бизнес-плана Сверка ПАО Россети все филиалы:189)
	at com.kms.katalon.core.main.ScriptEngine.run(ScriptEngine.java:194)
	at com.kms.katalon.core.main.ScriptEngine.runScriptAsRawText(ScriptEngine.java:119)
	at com.kms.katalon.core.main.TestCaseExecutor.runScript(TestCaseExecutor.java:448)
	at com.kms.katalon.core.main.TestCaseExecutor.doExecute(TestCaseExecutor.java:439)
	at com.kms.katalon.core.main.TestCaseExecutor.processExecutionPhase(TestCaseExecutor.java:418)
	at com.kms.katalon.core.main.TestCaseExecutor.accessMainPhase(TestCaseExecutor.java:410)
	at com.kms.katalon.core.main.TestCaseExecutor.execute(TestCaseExecutor.java:285)
	at com.kms.katalon.core.common.CommonExecutor.accessTestCaseMainPhase(CommonExecutor.java:65)
	at com.kms.katalon.core.main.TestSuiteExecutor.accessTestSuiteMainPhase(TestSuiteExecutor.java:150)
	at com.kms.katalon.core.main.TestSuiteExecutor.execute(TestSuiteExecutor.java:106)
	at com.kms.katalon.core.main.TestCaseMain.startTestSuite(TestCaseMain.java:180)
	at TempTestSuite1731913737709.run(TempTestSuite1731913737709.groovy:35)
	at java.base/jdk.internal.reflect.NativeMethodAccessorImpl.invoke0(Native Method)
	at java.base/jdk.internal.reflect.NativeMethodAccessorImpl.invoke(NativeMethodAccessorImpl.java:77)
	at java.base/jdk.internal.reflect.DelegatingMethodAccessorImpl.invoke(DelegatingMethodAccessorImpl.java:43)
Caused by: com.kms.katalon.core.exception.StepFailedException: Actual object '6' and expected object '0' are not equal
	at com.kms.katalon.core.keyword.builtin.VerifyEqualKeyword$_verifyEqual_closure1.doCall(VerifyEqualKeyword.groovy:58)
	at com.kms.katalon.core.keyword.builtin.VerifyEqualKeyword$_verifyEqual_closure1.call(VerifyEqualKeyword.groovy)
	at com.kms.katalon.core.keyword.internal.KeywordMain.runKeyword(KeywordMain.groovy:75)
	... 24 more]]></system-out>
      <system-err><![CDATA[18-11-2024T10:09:02 - [TEST_SUITE][FAILED] - Сверка с ПБЭ: Test Cases/Выполнение бизнес-плана/Выполнение бизнес-плана Сверка ПАО Россети все филиалы FAILED.
Reason:
com.kms.katalon.core.exception.StepFailedException: Unable to verify equal between actual object '6' and expected object '0' (Root cause: com.kms.katalon.core.exception.StepFailedException: Actual object '6' and expected object '0' are not equal
	at com.kms.katalon.core.keyword.builtin.VerifyEqualKeyword$_verifyEqual_closure1.doCall(VerifyEqualKeyword.groovy:58)
	at com.kms.katalon.core.keyword.builtin.VerifyEqualKeyword$_verifyEqual_closure1.call(VerifyEqualKeyword.groovy)
	at com.kms.katalon.core.keyword.internal.KeywordMain.runKeyword(KeywordMain.groovy:75)
	at com.kms.katalon.core.keyword.builtin.VerifyEqualKeyword.verifyEqual(VerifyEqualKeyword.groovy:63)
	at com.kms.katalon.core.keyword.builtin.VerifyEqualKeyword.execute(VerifyEqualKeyword.groovy:44)
	at com.kms.katalon.core.keyword.internal.KeywordExecutor.executeKeywordForPlatform(KeywordExecutor.groovy:74)
	at com.kms.katalon.core.keyword.BuiltinKeywords.verifyEqual(BuiltinKeywords.groovy:146)
	at java.base/jdk.internal.reflect.NativeMethodAccessorImpl.invoke0(Native Method)
	at java.base/jdk.internal.reflect.NativeMethodAccessorImpl.invoke(NativeMethodAccessorImpl.java:77)
	at java.base/jdk.internal.reflect.DelegatingMethodAccessorImpl.invoke(DelegatingMethodAccessorImpl.java:43)
	at Выполнение бизнес-плана Сверка ПАО Россети все филиалы.Numbers(Выполнение бизнес-плана Сверка ПАО Россети все филиалы:740)
	at Выполнение бизнес-плана Сверка ПАО Россети все филиалы.run(Выполнение бизнес-плана Сверка ПАО Россети все филиалы:189)
	at com.kms.katalon.core.main.ScriptEngine.run(ScriptEngine.java:194)
	at com.kms.katalon.core.main.ScriptEngine.runScriptAsRawText(ScriptEngine.java:119)
	at com.kms.katalon.core.main.TestCaseExecutor.runScript(TestCaseExecutor.java:448)
	at com.kms.katalon.core.main.TestCaseExecutor.doExecute(TestCaseExecutor.java:439)
	at com.kms.katalon.core.main.TestCaseExecutor.processExecutionPhase(TestCaseExecutor.java:418)
	at com.kms.katalon.core.main.TestCaseExecutor.accessMainPhase(TestCaseExecutor.java:410)
	at com.kms.katalon.core.main.TestCaseExecutor.execute(TestCaseExecutor.java:285)
	at com.kms.katalon.core.common.CommonExecutor.accessTestCaseMainPhase(CommonExecutor.java:65)
	at com.kms.katalon.core.main.TestSuiteExecutor.accessTestSuiteMainPhase(TestSuiteExecutor.java:150)
	at com.kms.katalon.core.main.TestSuiteExecutor.execute(TestSuiteExecutor.java:106)
	at com.kms.katalon.core.main.TestCaseMain.startTestSuite(TestCaseMain.java:180)
	at TempTestSuite1731913737709.run(TempTestSuite1731913737709.groovy:35)
	at java.base/jdk.internal.reflect.NativeMethodAccessorImpl.invoke0(Native Method)
	at java.base/jdk.internal.reflect.NativeMethodAccessorImpl.invoke(NativeMethodAccessorImpl.java:77)
	at java.base/jdk.internal.reflect.DelegatingMethodAccessorImpl.invoke(DelegatingMethodAccessorImpl.java:43)
)
	at com.kms.katalon.core.keyword.internal.KeywordMain.stepFailed(KeywordMain.groovy:39)
	at com.kms.katalon.core.keyword.internal.KeywordMain.stepFailed(KeywordMain.groovy)
	at com.kms.katalon.core.keyword.internal.KeywordMain.runKeyword(KeywordMain.groovy:77)
	at com.kms.katalon.core.keyword.builtin.VerifyEqualKeyword.verifyEqual(VerifyEqualKeyword.groovy:63)
	at com.kms.katalon.core.keyword.builtin.VerifyEqualKeyword.execute(VerifyEqualKeyword.groovy:44)
	at com.kms.katalon.core.keyword.internal.KeywordExecutor.executeKeywordForPlatform(KeywordExecutor.groovy:74)
	at com.kms.katalon.core.keyword.BuiltinKeywords.verifyEqual(BuiltinKeywords.groovy:146)
	at java.base/jdk.internal.reflect.NativeMethodAccessorImpl.invoke0(Native Method)
	at java.base/jdk.internal.reflect.NativeMethodAccessorImpl.invoke(NativeMethodAccessorImpl.java:77)
	at java.base/jdk.internal.reflect.DelegatingMethodAccessorImpl.invoke(DelegatingMethodAccessorImpl.java:43)
	at Выполнение бизнес-плана Сверка ПАО Россети все филиалы.Numbers(Выполнение бизнес-плана Сверка ПАО Россети все филиалы:740)
	at Выполнение бизнес-плана Сверка ПАО Россети все филиалы.run(Выполнение бизнес-плана Сверка ПАО Россети все филиалы:189)
	at com.kms.katalon.core.main.ScriptEngine.run(ScriptEngine.java:194)
	at com.kms.katalon.core.main.ScriptEngine.runScriptAsRawText(ScriptEngine.java:119)
	at com.kms.katalon.core.main.TestCaseExecutor.runScript(TestCaseExecutor.java:448)
	at com.kms.katalon.core.main.TestCaseExecutor.doExecute(TestCaseExecutor.java:439)
	at com.kms.katalon.core.main.TestCaseExecutor.processExecutionPhase(TestCaseExecutor.java:418)
	at com.kms.katalon.core.main.TestCaseExecutor.accessMainPhase(TestCaseExecutor.java:410)
	at com.kms.katalon.core.main.TestCaseExecutor.execute(TestCaseExecutor.java:285)
	at com.kms.katalon.core.common.CommonExecutor.accessTestCaseMainPhase(CommonExecutor.java:65)
	at com.kms.katalon.core.main.TestSuiteExecutor.accessTestSuiteMainPhase(TestSuiteExecutor.java:150)
	at com.kms.katalon.core.main.TestSuiteExecutor.execute(TestSuiteExecutor.java:106)
	at com.kms.katalon.core.main.TestCaseMain.startTestSuite(TestCaseMain.java:180)
	at TempTestSuite1731913737709.run(TempTestSuite1731913737709.groovy:35)
	at java.base/jdk.internal.reflect.NativeMethodAccessorImpl.invoke0(Native Method)
	at java.base/jdk.internal.reflect.NativeMethodAccessorImpl.invoke(NativeMethodAccessorImpl.java:77)
	at java.base/jdk.internal.reflect.DelegatingMethodAccessorImpl.invoke(DelegatingMethodAccessorImpl.java:43)
Caused by: com.kms.katalon.core.exception.StepFailedException: Actual object '6' and expected object '0' are not equal
	at com.kms.katalon.core.keyword.builtin.VerifyEqualKeyword$_verifyEqual_closure1.doCall(VerifyEqualKeyword.groovy:58)
	at com.kms.katalon.core.keyword.builtin.VerifyEqualKeyword$_verifyEqual_closure1.call(VerifyEqualKeyword.groovy)
	at com.kms.katalon.core.keyword.internal.KeywordMain.runKeyword(KeywordMain.groovy:75)
	... 24 more]]></system-err>
   </testsuite>
</testsuites>
