<?xml version="1.0" encoding="UTF-8"?>
<testsuites name="Сверка дашбордов из разных блоков" time="1591.394" tests="3" failures="1" errors="0">
   <testsuite name="Сверка дашбордов из разных блоков" tests="3" failures="1" errors="0" time="1591.394" skipped="0" timestamp="13-11-2024T09:00:18" hostname="liazgina-di - UVV-WS904-D.ot.ru" id="Test Suites/Пн-Ср-Пт/Сверка дашбордов из разных блоков">
      <properties>
         <property name="deviceName" value=""/>
         <property name="devicePlatform"/>
         <property name="logFolder" value="C:\\Users\\LIAZGINA-DI\\git\\SPORU\\Reports\\20241113_090013\\\u041F\u043D-\u0421\u0440-\u041F\u0442\\\u0421\u0432\u0435\u0440\u043A\u0430 \u0434\u0430\u0448\u0431\u043E\u0440\u0434\u043E\u0432 \u0438\u0437 \u0440\u0430\u0437\u043D\u044B\u0445 \u0431\u043B\u043E\u043A\u043E\u0432\\20241113_090013"/>
         <property name="logFiles" value="C:\\Users\\LIAZGINA-DI\\git\\SPORU\\Reports\\20241113_090013\\\u041F\u043D-\u0421\u0440-\u041F\u0442\\\u0421\u0432\u0435\u0440\u043A\u0430 \u0434\u0430\u0448\u0431\u043E\u0440\u0434\u043E\u0432 \u0438\u0437 \u0440\u0430\u0437\u043D\u044B\u0445 \u0431\u043B\u043E\u043A\u043E\u0432\\20241113_090013\\execution0.log"/>
         <property name="attachments" value=""/>
         <property name="hostName" value="liazgina-di - UVV-WS904-D.ot.ru"/>
         <property name="os" value="Windows 10 64bit"/>
         <property name="katalonVersion" value="9.5.0.217"/>
         <property name="browser" value="Chrome 131.0.0.0"/>
         <property name="hostAddress" value="192.168.0.19"/>
         <property name="sessionId" value="8d889f715161c65d77dece3ba08e80e1"/>
         <property name="seleniumVersion" value="3.141.59"/>
         <property name="proxyInformation" value="ProxyInformation { proxyOption=NO_PROXY, proxyServerType=HTTP, username=, password=********, proxyServerAddress=, proxyServerPort=0, executionList=&quot;&quot;, isApplyToDesiredCapabilities=true }"/>
         <property name="platform" value="Windows 10"/>
      </properties>
      <testcase name="Test Cases/Сверки дашбордов/Выручка по ДЗО сверка дашбордов" time="100.171" classname="Test Cases/Сверки дашбордов/Выручка по ДЗО сверка дашбордов" status="PASSED">
         <system-out><![CDATA[13-11-2024T09:00:18 - [TEST_CASE][PASSED] - Test Cases/Сверки дашбордов/Выручка по ДЗО сверка дашбордов: Test Cases/Сверки дашбордов/Выручка по ДЗО сверка дашбордов

13-11-2024T09:00:18 - [TEST_STEP][PASSED] - date = new java.util.Date(): null

13-11-2024T09:00:18 - [TEST_STEP][PASSED] - todaysDate = date.format("dd.MM.yyyy"): null

13-11-2024T09:00:18 - [TEST_STEP][PASSED] - println(todaysDate): null

13-11-2024T09:00:18 - [TEST_STEP][PASSED] - openBrowser(""): Browser is opened with url: ''

13-11-2024T09:00:19 - [MESSAGE][INFO] - Starting 'Chrome' driver

13-11-2024T09:00:19 - [MESSAGE][INFO] - Action delay is set to 0 milliseconds

13-11-2024T09:00:21 - [MESSAGE][PASSED] - Browser is opened with url: ''

13-11-2024T09:00:21 - [TEST_STEP][PASSED] - navigateToUrl(findTestData("PlanFact").getValue(10, 5)): Navigate to 'https://bi.rosseti.digital/viewer?dashboardGuid=2301950b23be4ed89c1df75f2020051e&sheetGuid=31530aa0b6664c09b016b7f2ab9d853e&fit=true' successfully

13-11-2024T09:00:31 - [MESSAGE][PASSED] - Navigate to 'https://bi.rosseti.digital/viewer?dashboardGuid=2301950b23be4ed89c1df75f2020051e&sheetGuid=31530aa0b6664c09b016b7f2ab9d853e&fit=true' successfully

13-11-2024T09:00:31 - [TEST_STEP][PASSED] - setText(findTestObject("Страница авторизации/input__username"), findTestData("PlanFact").getValue(8, 1)): Text 'liazgina-di' is set on object 'Object Repository/Страница авторизации/input__username'

13-11-2024T09:00:32 - [MESSAGE][PASSED] - Text 'liazgina-di' is set on object 'Object Repository/Страница авторизации/input__username'

13-11-2024T09:00:32 - [TEST_STEP][PASSED] - setText(findTestObject("Страница авторизации/input__password"), findTestData("PlanFact").getValue(9, 1)): Text ')$%5srZ8o688Dm#q' is set on object 'Object Repository/Страница авторизации/input__password'

13-11-2024T09:00:32 - [MESSAGE][PASSED] - Text ')$%5srZ8o688Dm#q' is set on object 'Object Repository/Страница авторизации/input__password'

13-11-2024T09:00:32 - [TEST_STEP][PASSED] - click(findTestObject("Страница авторизации/button_")): Object: 'Object Repository/Страница авторизации/button_' is clicked on

13-11-2024T09:00:37 - [MESSAGE][PASSED] - Object: 'Object Repository/Страница авторизации/button_' is clicked on

13-11-2024T09:00:37 - [TEST_STEP][PASSED] - delay(30): Delayed 30 second(s)

13-11-2024T09:01:07 - [MESSAGE][PASSED] - Delayed 30 second(s)

13-11-2024T09:01:07 - [TEST_STEP][PASSED] - click(findTestObject("Выручка по ДЗО/Фильтр Дата")): Object: 'Object Repository/Выручка по ДЗО/Фильтр Дата' is clicked on

13-11-2024T09:01:08 - [MESSAGE][PASSED] - Object: 'Object Repository/Выручка по ДЗО/Фильтр Дата' is clicked on

13-11-2024T09:01:08 - [TEST_STEP][PASSED] - click(findTestObject("Выручка по ДЗО/Снять выделение в фильтре Дата")): Object: 'Object Repository/Выручка по ДЗО/Снять выделение в фильтре Дата' is clicked on

13-11-2024T09:01:08 - [MESSAGE][PASSED] - Object: 'Object Repository/Выручка по ДЗО/Снять выделение в фильтре Дата' is clicked on

13-11-2024T09:01:08 - [TEST_STEP][PASSED] - click(findTestObject("Выручка по ДЗО/Применить в фильтре Дата")): Object: 'Object Repository/Выручка по ДЗО/Применить в фильтре Дата' is clicked on

13-11-2024T09:01:09 - [MESSAGE][PASSED] - Object: 'Object Repository/Выручка по ДЗО/Применить в фильтре Дата' is clicked on

13-11-2024T09:01:09 - [TEST_STEP][PASSED] - click(findTestObject("Выручка по ДЗО/Фильтр Дата")): Object: 'Object Repository/Выручка по ДЗО/Фильтр Дата' is clicked on

13-11-2024T09:01:11 - [MESSAGE][PASSED] - Object: 'Object Repository/Выручка по ДЗО/Фильтр Дата' is clicked on

13-11-2024T09:01:11 - [TEST_STEP][PASSED] - click(findTestObject("Выручка по ДЗО/Снять выделение в фильтре Дата")): Object: 'Object Repository/Выручка по ДЗО/Снять выделение в фильтре Дата' is clicked on

13-11-2024T09:01:11 - [MESSAGE][PASSED] - Object: 'Object Repository/Выручка по ДЗО/Снять выделение в фильтре Дата' is clicked on

13-11-2024T09:01:11 - [TEST_STEP][PASSED] - scrollToElement(findTestObject("Выручка по ДЗО/2024 список"), 30): Scroll to object 'Object Repository/Выручка по ДЗО/2024 список' successfully

13-11-2024T09:01:11 - [MESSAGE][PASSED] - Scroll to object 'Object Repository/Выручка по ДЗО/2024 список' successfully

13-11-2024T09:01:11 - [TEST_STEP][PASSED] - click(findTestObject("Выручка по ДЗО/2024 список")): Object: 'Object Repository/Выручка по ДЗО/2024 список' is clicked on

13-11-2024T09:01:12 - [MESSAGE][PASSED] - Object: 'Object Repository/Выручка по ДЗО/2024 список' is clicked on

13-11-2024T09:01:12 - [TEST_STEP][PASSED] - scrollToElement(findTestObject("Выручка по ДЗО/1 квартал 2024 выбрать"), 30): Scroll to object 'Object Repository/Выручка по ДЗО/1 квартал 2024 выбрать' successfully

13-11-2024T09:01:12 - [MESSAGE][PASSED] - Scroll to object 'Object Repository/Выручка по ДЗО/1 квартал 2024 выбрать' successfully

13-11-2024T09:01:12 - [TEST_STEP][PASSED] - click(findTestObject("Выручка по ДЗО/1 квартал 2024 выбрать")): Object: 'Object Repository/Выручка по ДЗО/1 квартал 2024 выбрать' is clicked on

13-11-2024T09:01:13 - [MESSAGE][PASSED] - Object: 'Object Repository/Выручка по ДЗО/1 квартал 2024 выбрать' is clicked on

13-11-2024T09:01:13 - [TEST_STEP][PASSED] - scrollToElement(findTestObject("Выручка по ДЗО/2 квартал 2024 выбрать"), 30): Scroll to object 'Object Repository/Выручка по ДЗО/2 квартал 2024 выбрать' successfully

13-11-2024T09:01:13 - [MESSAGE][PASSED] - Scroll to object 'Object Repository/Выручка по ДЗО/2 квартал 2024 выбрать' successfully

13-11-2024T09:01:13 - [TEST_STEP][PASSED] - click(findTestObject("Выручка по ДЗО/2 квартал 2024 выбрать"), CONTINUE_ON_FAILURE): Object: 'Object Repository/Выручка по ДЗО/2 квартал 2024 выбрать' is clicked on

13-11-2024T09:01:13 - [MESSAGE][PASSED] - Object: 'Object Repository/Выручка по ДЗО/2 квартал 2024 выбрать' is clicked on

13-11-2024T09:01:13 - [TEST_STEP][PASSED] - scrollToElement(findTestObject("Выручка по ДЗО/Заголовок дашборда"), 30): Scroll to object 'Object Repository/Выручка по ДЗО/Заголовок дашборда' successfully

13-11-2024T09:01:14 - [MESSAGE][PASSED] - Scroll to object 'Object Repository/Выручка по ДЗО/Заголовок дашборда' successfully

13-11-2024T09:01:14 - [TEST_STEP][PASSED] - click(findTestObject("Выручка по ДЗО/3 квартал 2024 выбрать"), CONTINUE_ON_FAILURE): Object: 'Object Repository/Выручка по ДЗО/3 квартал 2024 выбрать' is clicked on

13-11-2024T09:01:14 - [MESSAGE][PASSED] - Object: 'Object Repository/Выручка по ДЗО/3 квартал 2024 выбрать' is clicked on

13-11-2024T09:01:14 - [TEST_STEP][PASSED] - click(findTestObject("Выручка по ДЗО/Применить в фильтре Дата")): Object: 'Object Repository/Выручка по ДЗО/Применить в фильтре Дата' is clicked on

13-11-2024T09:01:15 - [MESSAGE][PASSED] - Object: 'Object Repository/Выручка по ДЗО/Применить в фильтре Дата' is clicked on

13-11-2024T09:01:15 - [TEST_STEP][PASSED] - a1 = getText(findTestObject("Выручка по ДЗО/График1 Выполнение плановых показателей Блок руководителя")): Text of object 'Object Repository/Выручка по ДЗО/График1 Выполнение плановых показателей Блок руководителя' is: '1 376 1 376
3 393 3 393
58 100 58 100
56 758 56 758
73 967 73 967
152 892 152 892
23 234 23 234
38 849 38 849
50 960 50 960
6 962 6 962
61 784 61 784
76 788 76 788
230 075 230 075
84 937 84 937
91 081 91 081
38 611 38 611
7 049 7 049
1 615 1 615
3 461 3 461
58 125 58 125
60 228 60 228
77 822 77 822
159 792 159 792
24 054 24 054
39 689 39 689
53 076 53 076
7 175 7 175
57 472 57 472
78 503 78 503
204 982 204 982
88 347 88 347
94 954 94 954
39 927 39 927
7 326 7 326
План
Факт
АО «Тываэнерго»
АО «Чеченэнерго»
Россети Волга
Россети Кубань
Россети Ленэнерго (ГК)
Россети Московский регион
Россети Северный Кавказ (ГК)
Россети Северо-Запад
Россети Сибирь (ГК)
Россети Томск
Россети Тюмень
Россети Урал (ГК)
Россети ФСК ЕЭС
Россети Центр
Россети Центр и Приволжье (ГК)
Россети Юг (ГК)
Россети Янтарь
0 млн. руб.
25 000 млн. руб.
50 000 млн. руб.
75 000 млн. руб.
100 000 млн. руб.
125 000 млн. руб.
150 000 млн. руб.
175 000 млн. руб.
200 000 млн. руб.
225 000 млн. руб.
250 000 млн. руб.'

13-11-2024T09:01:17 - [MESSAGE][PASSED] - Text of object 'Object Repository/Выручка по ДЗО/График1 Выполнение плановых показателей Блок руководителя' is: '1 376 1 376
3 393 3 393
58 100 58 100
56 758 56 758
73 967 73 967
152 892 152 892
23 234 23 234
38 849 38 849
50 960 50 960
6 962 6 962
61 784 61 784
76 788 76 788
230 075 230 075
84 937 84 937
91 081 91 081
38 611 38 611
7 049 7 049
1 615 1 615
3 461 3 461
58 125 58 125
60 228 60 228
77 822 77 822
159 792 159 792
24 054 24 054
39 689 39 689
53 076 53 076
7 175 7 175
57 472 57 472
78 503 78 503
204 982 204 982
88 347 88 347
94 954 94 954
39 927 39 927
7 326 7 326
План
Факт
АО «Тываэнерго»
АО «Чеченэнерго»
Россети Волга
Россети Кубань
Россети Ленэнерго (ГК)
Россети Московский регион
Россети Северный Кавказ (ГК)
Россети Северо-Запад
Россети Сибирь (ГК)
Россети Томск
Россети Тюмень
Россети Урал (ГК)
Россети ФСК ЕЭС
Россети Центр
Россети Центр и Приволжье (ГК)
Россети Юг (ГК)
Россети Янтарь
0 млн. руб.
25 000 млн. руб.
50 000 млн. руб.
75 000 млн. руб.
100 000 млн. руб.
125 000 млн. руб.
150 000 млн. руб.
175 000 млн. руб.
200 000 млн. руб.
225 000 млн. руб.
250 000 млн. руб.'

13-11-2024T09:01:17 - [TEST_STEP][PASSED] - println("a1: " + a1): null

13-11-2024T09:01:17 - [TEST_STEP][PASSED] - i = a1.indexOf("План"): null

13-11-2024T09:01:17 - [TEST_STEP][PASSED] - a1 = a1.substring(0, i): null

13-11-2024T09:01:17 - [TEST_STEP][PASSED] - println("a1: " + a1): null

13-11-2024T09:01:17 - [TEST_STEP][PASSED] - a2 = getText(findTestObject("Выручка по ДЗО/График2 Выполнение плановых показателей Блок руководителя")): Text of object 'Object Repository/Выручка по ДЗО/График2 Выполнение плановых показателей Блок руководителя' is: '0,15%0,15%
0,33%0,33%
5,5%5,5%
5,7%5,7%
7,37%7,37%
15,12%15,12%
2,28%2,28%
3,76%3,76%
5,02%5,02%
0,68%0,68%
5,44%5,44%
7,43%7,43%
19,4%19,4%
8,36%8,36%
8,99%8,99%
3,78%3,78%
0,69%0,69%
АО «Тываэнерго»
АО «Чеченэнерго»
Россети Волга
Россети Кубань
Россети Ленэнерго (ГК)
Россети Московский регион
Россети Северный Кавказ (ГК)
Россети Северо-Запад
Россети Сибирь (ГК)
Россети Томск
Россети Тюмень
Россети Урал (ГК)
Россети ФСК ЕЭС
Россети Центр
Россети Центр и Приволжье (ГК)
Россети Юг (ГК)
Россети Янтарь
Россети Центр и Приволжье (ГК): 94 954 028,58'

13-11-2024T09:01:17 - [MESSAGE][PASSED] - Text of object 'Object Repository/Выручка по ДЗО/График2 Выполнение плановых показателей Блок руководителя' is: '0,15%0,15%
0,33%0,33%
5,5%5,5%
5,7%5,7%
7,37%7,37%
15,12%15,12%
2,28%2,28%
3,76%3,76%
5,02%5,02%
0,68%0,68%
5,44%5,44%
7,43%7,43%
19,4%19,4%
8,36%8,36%
8,99%8,99%
3,78%3,78%
0,69%0,69%
АО «Тываэнерго»
АО «Чеченэнерго»
Россети Волга
Россети Кубань
Россети Ленэнерго (ГК)
Россети Московский регион
Россети Северный Кавказ (ГК)
Россети Северо-Запад
Россети Сибирь (ГК)
Россети Томск
Россети Тюмень
Россети Урал (ГК)
Россети ФСК ЕЭС
Россети Центр
Россети Центр и Приволжье (ГК)
Россети Юг (ГК)
Россети Янтарь
Россети Центр и Приволжье (ГК): 94 954 028,58'

13-11-2024T09:01:17 - [TEST_STEP][PASSED] - println("a2: " + a2): null

13-11-2024T09:01:17 - [TEST_STEP][PASSED] - i = a2.indexOf("АО «Тываэнерго»"): null

13-11-2024T09:01:17 - [TEST_STEP][PASSED] - a2 = a2.substring(0, i): null

13-11-2024T09:01:17 - [TEST_STEP][PASSED] - navigateToUrl(findTestData("PlanFact").getValue(10, 10)): Navigate to 'https://bi.rosseti.digital/viewer?dashboardGuid=a1fd28b3785d443cbc4d7690a1d78e31&sheetGuid=4a2f47326819444da0508dec5c59e502&fit=true' successfully

13-11-2024T09:01:18 - [MESSAGE][PASSED] - Navigate to 'https://bi.rosseti.digital/viewer?dashboardGuid=a1fd28b3785d443cbc4d7690a1d78e31&sheetGuid=4a2f47326819444da0508dec5c59e502&fit=true' successfully

13-11-2024T09:01:18 - [TEST_STEP][PASSED] - delay(30): Delayed 30 second(s)

13-11-2024T09:01:48 - [MESSAGE][PASSED] - Delayed 30 second(s)

13-11-2024T09:01:48 - [TEST_STEP][PASSED] - click(findTestObject("Выручка по ДЗО/Фильтр Дата Выручка")): Object: 'Object Repository/Выручка по ДЗО/Фильтр Дата Выручка' is clicked on

13-11-2024T09:01:48 - [MESSAGE][PASSED] - Object: 'Object Repository/Выручка по ДЗО/Фильтр Дата Выручка' is clicked on

13-11-2024T09:01:48 - [TEST_STEP][PASSED] - click(findTestObject("Выручка по ДЗО/Снять выделение в фильтре Дата Выручка")): Object: 'Object Repository/Выручка по ДЗО/Снять выделение в фильтре Дата Выручка' is clicked on

13-11-2024T09:01:49 - [MESSAGE][PASSED] - Object: 'Object Repository/Выручка по ДЗО/Снять выделение в фильтре Дата Выручка' is clicked on

13-11-2024T09:01:49 - [TEST_STEP][PASSED] - click(findTestObject("Выручка по ДЗО/Применить в фильтре Дата Выручка")): Object: 'Object Repository/Выручка по ДЗО/Применить в фильтре Дата Выручка' is clicked on

13-11-2024T09:01:49 - [MESSAGE][PASSED] - Object: 'Object Repository/Выручка по ДЗО/Применить в фильтре Дата Выручка' is clicked on

13-11-2024T09:01:49 - [TEST_STEP][PASSED] - click(findTestObject("Выручка по ДЗО/Фильтр Дата Выручка")): Object: 'Object Repository/Выручка по ДЗО/Фильтр Дата Выручка' is clicked on

13-11-2024T09:01:51 - [MESSAGE][PASSED] - Object: 'Object Repository/Выручка по ДЗО/Фильтр Дата Выручка' is clicked on

13-11-2024T09:01:51 - [TEST_STEP][PASSED] - click(findTestObject("Выручка по ДЗО/Снять выделение в фильтре Дата Выручка")): Object: 'Object Repository/Выручка по ДЗО/Снять выделение в фильтре Дата Выручка' is clicked on

13-11-2024T09:01:52 - [MESSAGE][PASSED] - Object: 'Object Repository/Выручка по ДЗО/Снять выделение в фильтре Дата Выручка' is clicked on

13-11-2024T09:01:52 - [TEST_STEP][PASSED] - scrollToElement(findTestObject("Выручка по ДЗО/2024 список Выручка"), 30): Scroll to object 'Object Repository/Выручка по ДЗО/2024 список Выручка' successfully

13-11-2024T09:01:52 - [MESSAGE][PASSED] - Scroll to object 'Object Repository/Выручка по ДЗО/2024 список Выручка' successfully

13-11-2024T09:01:52 - [TEST_STEP][PASSED] - click(findTestObject("Выручка по ДЗО/2024 список Выручка")): Object: 'Object Repository/Выручка по ДЗО/2024 список Выручка' is clicked on

13-11-2024T09:01:52 - [MESSAGE][PASSED] - Object: 'Object Repository/Выручка по ДЗО/2024 список Выручка' is clicked on

13-11-2024T09:01:52 - [TEST_STEP][PASSED] - scrollToElement(findTestObject("Выручка по ДЗО/1 квартал 2024 выбрать Выручка"), 30): Scroll to object 'Object Repository/Выручка по ДЗО/1 квартал 2024 выбрать Выручка' successfully

13-11-2024T09:01:53 - [MESSAGE][PASSED] - Scroll to object 'Object Repository/Выручка по ДЗО/1 квартал 2024 выбрать Выручка' successfully

13-11-2024T09:01:53 - [TEST_STEP][PASSED] - click(findTestObject("Выручка по ДЗО/1 квартал 2024 выбрать Выручка")): Object: 'Object Repository/Выручка по ДЗО/1 квартал 2024 выбрать Выручка' is clicked on

13-11-2024T09:01:53 - [MESSAGE][PASSED] - Object: 'Object Repository/Выручка по ДЗО/1 квартал 2024 выбрать Выручка' is clicked on

13-11-2024T09:01:53 - [TEST_STEP][PASSED] - scrollToElement(findTestObject("Выручка по ДЗО/2 квартал 2024 выбрать Выручка"), 30): Scroll to object 'Object Repository/Выручка по ДЗО/2 квартал 2024 выбрать Выручка' successfully

13-11-2024T09:01:54 - [MESSAGE][PASSED] - Scroll to object 'Object Repository/Выручка по ДЗО/2 квартал 2024 выбрать Выручка' successfully

13-11-2024T09:01:54 - [TEST_STEP][PASSED] - click(findTestObject("Выручка по ДЗО/2 квартал 2024 выбрать Выручка"), CONTINUE_ON_FAILURE): Object: 'Object Repository/Выручка по ДЗО/2 квартал 2024 выбрать Выручка' is clicked on

13-11-2024T09:01:54 - [MESSAGE][PASSED] - Object: 'Object Repository/Выручка по ДЗО/2 квартал 2024 выбрать Выручка' is clicked on

13-11-2024T09:01:54 - [TEST_STEP][PASSED] - click(findTestObject("Выручка по ДЗО/3 квартал 2024 выбрать Выручка"), CONTINUE_ON_FAILURE): Object: 'Object Repository/Выручка по ДЗО/3 квартал 2024 выбрать Выручка' is clicked on

13-11-2024T09:01:55 - [MESSAGE][PASSED] - Object: 'Object Repository/Выручка по ДЗО/3 квартал 2024 выбрать Выручка' is clicked on

13-11-2024T09:01:55 - [TEST_STEP][PASSED] - scrollToElement(findTestObject("Выручка по ДЗО/Заголовок дашборда Выручка"), 30): Scroll to object 'Object Repository/Выручка по ДЗО/Заголовок дашборда Выручка' successfully

13-11-2024T09:01:55 - [MESSAGE][PASSED] - Scroll to object 'Object Repository/Выручка по ДЗО/Заголовок дашборда Выручка' successfully

13-11-2024T09:01:55 - [TEST_STEP][PASSED] - click(findTestObject("Выручка по ДЗО/Применить в фильтре Дата Выручка")): Object: 'Object Repository/Выручка по ДЗО/Применить в фильтре Дата Выручка' is clicked on

13-11-2024T09:01:56 - [MESSAGE][PASSED] - Object: 'Object Repository/Выручка по ДЗО/Применить в фильтре Дата Выручка' is clicked on

13-11-2024T09:01:56 - [TEST_STEP][PASSED] - b1 = getText(findTestObject("Выручка по ДЗО/График1 Выполнение плановых показателей Выручка")): Text of object 'Object Repository/Выручка по ДЗО/График1 Выполнение плановых показателей Выручка' is: '1 376 1 376
3 393 3 393
58 100 58 100
56 758 56 758
73 967 73 967
152 892 152 892
23 234 23 234
38 849 38 849
50 960 50 960
6 962 6 962
61 784 61 784
76 788 76 788
230 075 230 075
84 937 84 937
91 081 91 081
38 611 38 611
7 049 7 049
1 615 1 615
3 461 3 461
58 125 58 125
60 228 60 228
77 822 77 822
159 792 159 792
24 054 24 054
39 689 39 689
53 076 53 076
7 175 7 175
57 472 57 472
78 503 78 503
204 982 204 982
88 347 88 347
94 954 94 954
39 927 39 927
7 326 7 326
План
Факт
АО «Тываэнерго»
АО «Чеченэнерго»
Россети Волга
Россети Кубань
Россети Ленэнерго (ГК)
Россети Московский регион
Россети Северный Кавказ (ГК)
Россети Северо-Запад
Россети Сибирь (ГК)
Россети Томск
Россети Тюмень
Россети Урал (ГК)
Россети ФСК ЕЭС
Россети Центр
Россети Центр и Приволжье (ГК)
Россети Юг (ГК)
Россети Янтарь
0 млн. руб.
25 000 млн. руб.
50 000 млн. руб.
75 000 млн. руб.
100 000 млн. руб.
125 000 млн. руб.
150 000 млн. руб.
175 000 млн. руб.
200 000 млн. руб.
225 000 млн. руб.
250 000 млн. руб.'

13-11-2024T09:01:57 - [MESSAGE][PASSED] - Text of object 'Object Repository/Выручка по ДЗО/График1 Выполнение плановых показателей Выручка' is: '1 376 1 376
3 393 3 393
58 100 58 100
56 758 56 758
73 967 73 967
152 892 152 892
23 234 23 234
38 849 38 849
50 960 50 960
6 962 6 962
61 784 61 784
76 788 76 788
230 075 230 075
84 937 84 937
91 081 91 081
38 611 38 611
7 049 7 049
1 615 1 615
3 461 3 461
58 125 58 125
60 228 60 228
77 822 77 822
159 792 159 792
24 054 24 054
39 689 39 689
53 076 53 076
7 175 7 175
57 472 57 472
78 503 78 503
204 982 204 982
88 347 88 347
94 954 94 954
39 927 39 927
7 326 7 326
План
Факт
АО «Тываэнерго»
АО «Чеченэнерго»
Россети Волга
Россети Кубань
Россети Ленэнерго (ГК)
Россети Московский регион
Россети Северный Кавказ (ГК)
Россети Северо-Запад
Россети Сибирь (ГК)
Россети Томск
Россети Тюмень
Россети Урал (ГК)
Россети ФСК ЕЭС
Россети Центр
Россети Центр и Приволжье (ГК)
Россети Юг (ГК)
Россети Янтарь
0 млн. руб.
25 000 млн. руб.
50 000 млн. руб.
75 000 млн. руб.
100 000 млн. руб.
125 000 млн. руб.
150 000 млн. руб.
175 000 млн. руб.
200 000 млн. руб.
225 000 млн. руб.
250 000 млн. руб.'

13-11-2024T09:01:57 - [TEST_STEP][PASSED] - println("b1: " + b1): null

13-11-2024T09:01:57 - [TEST_STEP][PASSED] - i = b1.indexOf("План"): null

13-11-2024T09:01:57 - [TEST_STEP][PASSED] - b1 = b1.substring(0, i): null

13-11-2024T09:01:57 - [TEST_STEP][PASSED] - println("b1: " + b1): null

13-11-2024T09:01:57 - [TEST_STEP][PASSED] - b2 = getText(findTestObject("Выручка по ДЗО/График2 Выполнение плановых показателей Выручка")): Text of object 'Object Repository/Выручка по ДЗО/График2 Выполнение плановых показателей Выручка' is: '0,15%0,15%
0,33%0,33%
5,5%5,5%
5,7%5,7%
7,37%7,37%
15,12%15,12%
2,28%2,28%
3,76%3,76%
5,02%5,02%
0,68%0,68%
5,44%5,44%
7,43%7,43%
19,4%19,4%
8,36%8,36%
8,99%8,99%
3,78%3,78%
0,69%0,69%
АО «Тываэнерго»
АО «Чеченэнерго»
Россети Волга
Россети Кубань
Россети Ленэнерго (ГК)
Россети Московский регион
Россети Северный Кавказ (ГК)
Россети Северо-Запад
Россети Сибирь (ГК)
Россети Томск
Россети Тюмень
Россети Урал (ГК)
Россети ФСК ЕЭС
Россети Центр
Россети Центр и Приволжье (ГК)
Россети Юг (ГК)
Россети Янтарь'

13-11-2024T09:01:58 - [MESSAGE][PASSED] - Text of object 'Object Repository/Выручка по ДЗО/График2 Выполнение плановых показателей Выручка' is: '0,15%0,15%
0,33%0,33%
5,5%5,5%
5,7%5,7%
7,37%7,37%
15,12%15,12%
2,28%2,28%
3,76%3,76%
5,02%5,02%
0,68%0,68%
5,44%5,44%
7,43%7,43%
19,4%19,4%
8,36%8,36%
8,99%8,99%
3,78%3,78%
0,69%0,69%
АО «Тываэнерго»
АО «Чеченэнерго»
Россети Волга
Россети Кубань
Россети Ленэнерго (ГК)
Россети Московский регион
Россети Северный Кавказ (ГК)
Россети Северо-Запад
Россети Сибирь (ГК)
Россети Томск
Россети Тюмень
Россети Урал (ГК)
Россети ФСК ЕЭС
Россети Центр
Россети Центр и Приволжье (ГК)
Россети Юг (ГК)
Россети Янтарь'

13-11-2024T09:01:58 - [TEST_STEP][PASSED] - i = b2.indexOf("АО «Тываэнерго»"): null

13-11-2024T09:01:58 - [TEST_STEP][PASSED] - b2 = b2.substring(0, i): null

13-11-2024T09:01:58 - [TEST_STEP][PASSED] - println(b2): null

13-11-2024T09:01:58 - [TEST_STEP][PASSED] - verifyEqual(a1, b1): Actual object '1 376 1 376
3 393 3 393
58 100 58 100
56 758 56 758
73 967 73 967
152 892 152 892
23 234 23 234
38 849 38 849
50 960 50 960
6 962 6 962
61 784 61 784
76 788 76 788
230 075 230 075
84 937 84 937
91 081 91 081
38 611 38 611
7 049 7 049
1 615 1 615
3 461 3 461
58 125 58 125
60 228 60 228
77 822 77 822
159 792 159 792
24 054 24 054
39 689 39 689
53 076 53 076
7 175 7 175
57 472 57 472
78 503 78 503
204 982 204 982
88 347 88 347
94 954 94 954
39 927 39 927
7 326 7 326
' and expected object '1 376 1 376
3 393 3 393
58 100 58 100
56 758 56 758
73 967 73 967
152 892 152 892
23 234 23 234
38 849 38 849
50 960 50 960
6 962 6 962
61 784 61 784
76 788 76 788
230 075 230 075
84 937 84 937
91 081 91 081
38 611 38 611
7 049 7 049
1 615 1 615
3 461 3 461
58 125 58 125
60 228 60 228
77 822 77 822
159 792 159 792
24 054 24 054
39 689 39 689
53 076 53 076
7 175 7 175
57 472 57 472
78 503 78 503
204 982 204 982
88 347 88 347
94 954 94 954
39 927 39 927
7 326 7 326
' are equal

13-11-2024T09:01:58 - [MESSAGE][PASSED] - Actual object '1 376 1 376
3 393 3 393
58 100 58 100
56 758 56 758
73 967 73 967
152 892 152 892
23 234 23 234
38 849 38 849
50 960 50 960
6 962 6 962
61 784 61 784
76 788 76 788
230 075 230 075
84 937 84 937
91 081 91 081
38 611 38 611
7 049 7 049
1 615 1 615
3 461 3 461
58 125 58 125
60 228 60 228
77 822 77 822
159 792 159 792
24 054 24 054
39 689 39 689
53 076 53 076
7 175 7 175
57 472 57 472
78 503 78 503
204 982 204 982
88 347 88 347
94 954 94 954
39 927 39 927
7 326 7 326
' and expected object '1 376 1 376
3 393 3 393
58 100 58 100
56 758 56 758
73 967 73 967
152 892 152 892
23 234 23 234
38 849 38 849
50 960 50 960
6 962 6 962
61 784 61 784
76 788 76 788
230 075 230 075
84 937 84 937
91 081 91 081
38 611 38 611
7 049 7 049
1 615 1 615
3 461 3 461
58 125 58 125
60 228 60 228
77 822 77 822
159 792 159 792
24 054 24 054
39 689 39 689
53 076 53 076
7 175 7 175
57 472 57 472
78 503 78 503
204 982 204 982
88 347 88 347
94 954 94 954
39 927 39 927
7 326 7 326
' are equal

13-11-2024T09:01:58 - [TEST_STEP][PASSED] - if (verifyEqual(a1, b1) == true): Actual object '1 376 1 376
3 393 3 393
58 100 58 100
56 758 56 758
73 967 73 967
152 892 152 892
23 234 23 234
38 849 38 849
50 960 50 960
6 962 6 962
61 784 61 784
76 788 76 788
230 075 230 075
84 937 84 937
91 081 91 081
38 611 38 611
7 049 7 049
1 615 1 615
3 461 3 461
58 125 58 125
60 228 60 228
77 822 77 822
159 792 159 792
24 054 24 054
39 689 39 689
53 076 53 076
7 175 7 175
57 472 57 472
78 503 78 503
204 982 204 982
88 347 88 347
94 954 94 954
39 927 39 927
7 326 7 326
' and expected object '1 376 1 376
3 393 3 393
58 100 58 100
56 758 56 758
73 967 73 967
152 892 152 892
23 234 23 234
38 849 38 849
50 960 50 960
6 962 6 962
61 784 61 784
76 788 76 788
230 075 230 075
84 937 84 937
91 081 91 081
38 611 38 611
7 049 7 049
1 615 1 615
3 461 3 461
58 125 58 125
60 228 60 228
77 822 77 822
159 792 159 792
24 054 24 054
39 689 39 689
53 076 53 076
7 175 7 175
57 472 57 472
78 503 78 503
204 982 204 982
88 347 88 347
94 954 94 954
39 927 39 927
7 326 7 326
' are equal

13-11-2024T09:01:58 - [MESSAGE][PASSED] - Actual object '1 376 1 376
3 393 3 393
58 100 58 100
56 758 56 758
73 967 73 967
152 892 152 892
23 234 23 234
38 849 38 849
50 960 50 960
6 962 6 962
61 784 61 784
76 788 76 788
230 075 230 075
84 937 84 937
91 081 91 081
38 611 38 611
7 049 7 049
1 615 1 615
3 461 3 461
58 125 58 125
60 228 60 228
77 822 77 822
159 792 159 792
24 054 24 054
39 689 39 689
53 076 53 076
7 175 7 175
57 472 57 472
78 503 78 503
204 982 204 982
88 347 88 347
94 954 94 954
39 927 39 927
7 326 7 326
' and expected object '1 376 1 376
3 393 3 393
58 100 58 100
56 758 56 758
73 967 73 967
152 892 152 892
23 234 23 234
38 849 38 849
50 960 50 960
6 962 6 962
61 784 61 784
76 788 76 788
230 075 230 075
84 937 84 937
91 081 91 081
38 611 38 611
7 049 7 049
1 615 1 615
3 461 3 461
58 125 58 125
60 228 60 228
77 822 77 822
159 792 159 792
24 054 24 054
39 689 39 689
53 076 53 076
7 175 7 175
57 472 57 472
78 503 78 503
204 982 204 982
88 347 88 347
94 954 94 954
39 927 39 927
7 326 7 326
' are equal

13-11-2024T09:01:58 - [TEST_STEP][PASSED] - verifyEqual(a2, b2): Actual object '0,15%0,15%
0,33%0,33%
5,5%5,5%
5,7%5,7%
7,37%7,37%
15,12%15,12%
2,28%2,28%
3,76%3,76%
5,02%5,02%
0,68%0,68%
5,44%5,44%
7,43%7,43%
19,4%19,4%
8,36%8,36%
8,99%8,99%
3,78%3,78%
0,69%0,69%
' and expected object '0,15%0,15%
0,33%0,33%
5,5%5,5%
5,7%5,7%
7,37%7,37%
15,12%15,12%
2,28%2,28%
3,76%3,76%
5,02%5,02%
0,68%0,68%
5,44%5,44%
7,43%7,43%
19,4%19,4%
8,36%8,36%
8,99%8,99%
3,78%3,78%
0,69%0,69%
' are equal

13-11-2024T09:01:58 - [MESSAGE][PASSED] - Actual object '0,15%0,15%
0,33%0,33%
5,5%5,5%
5,7%5,7%
7,37%7,37%
15,12%15,12%
2,28%2,28%
3,76%3,76%
5,02%5,02%
0,68%0,68%
5,44%5,44%
7,43%7,43%
19,4%19,4%
8,36%8,36%
8,99%8,99%
3,78%3,78%
0,69%0,69%
' and expected object '0,15%0,15%
0,33%0,33%
5,5%5,5%
5,7%5,7%
7,37%7,37%
15,12%15,12%
2,28%2,28%
3,76%3,76%
5,02%5,02%
0,68%0,68%
5,44%5,44%
7,43%7,43%
19,4%19,4%
8,36%8,36%
8,99%8,99%
3,78%3,78%
0,69%0,69%
' are equal

13-11-2024T09:01:58 - [TEST_STEP][PASSED] - if (verifyEqual(a2, b2) == true): Actual object '0,15%0,15%
0,33%0,33%
5,5%5,5%
5,7%5,7%
7,37%7,37%
15,12%15,12%
2,28%2,28%
3,76%3,76%
5,02%5,02%
0,68%0,68%
5,44%5,44%
7,43%7,43%
19,4%19,4%
8,36%8,36%
8,99%8,99%
3,78%3,78%
0,69%0,69%
' and expected object '0,15%0,15%
0,33%0,33%
5,5%5,5%
5,7%5,7%
7,37%7,37%
15,12%15,12%
2,28%2,28%
3,76%3,76%
5,02%5,02%
0,68%0,68%
5,44%5,44%
7,43%7,43%
19,4%19,4%
8,36%8,36%
8,99%8,99%
3,78%3,78%
0,69%0,69%
' are equal

13-11-2024T09:01:58 - [MESSAGE][PASSED] - Actual object '0,15%0,15%
0,33%0,33%
5,5%5,5%
5,7%5,7%
7,37%7,37%
15,12%15,12%
2,28%2,28%
3,76%3,76%
5,02%5,02%
0,68%0,68%
5,44%5,44%
7,43%7,43%
19,4%19,4%
8,36%8,36%
8,99%8,99%
3,78%3,78%
0,69%0,69%
' and expected object '0,15%0,15%
0,33%0,33%
5,5%5,5%
5,7%5,7%
7,37%7,37%
15,12%15,12%
2,28%2,28%
3,76%3,76%
5,02%5,02%
0,68%0,68%
5,44%5,44%
7,43%7,43%
19,4%19,4%
8,36%8,36%
8,99%8,99%
3,78%3,78%
0,69%0,69%
' are equal

13-11-2024T09:01:58 - [TEST_STEP][PASSED] - closeBrowser(): Browser is closed

13-11-2024T09:01:58 - [MESSAGE][PASSED] - Browser is closed]]></system-out>
         <system-err><![CDATA[]]></system-err>
      </testcase>
      <testcase name="Test Cases/Сверки дашбордов/Прогноз по отраслям сверка дашбордов" time="1216.11" classname="Test Cases/Сверки дашбордов/Прогноз по отраслям сверка дашбордов" status="PASSED">
         <system-out><![CDATA[13-11-2024T09:01:58 - [TEST_CASE][PASSED] - Test Cases/Сверки дашбордов/Прогноз по отраслям сверка дашбордов: Test Cases/Сверки дашбордов/Прогноз по отраслям сверка дашбордов

13-11-2024T09:01:58 - [TEST_STEP][PASSED] - date = new java.util.Date(): null

13-11-2024T09:01:58 - [TEST_STEP][PASSED] - todaysDate = date.format("dd.MM.yyyy"): null

13-11-2024T09:01:58 - [TEST_STEP][PASSED] - println(todaysDate): null

13-11-2024T09:01:58 - [TEST_STEP][PASSED] - typeOfData = <not implemented yet for class: org.codehaus.groovy.ast.expr.EmptyExpression>: null

13-11-2024T09:01:58 - [TEST_STEP][PASSED] - filterSravnenie = <not implemented yet for class: org.codehaus.groovy.ast.expr.EmptyExpression>: null

13-11-2024T09:01:58 - [TEST_STEP][PASSED] - kpoOtpusk = <not implemented yet for class: org.codehaus.groovy.ast.expr.EmptyExpression>: null

13-11-2024T09:01:58 - [TEST_STEP][PASSED] - openBrowser(""): Browser is opened with url: ''

13-11-2024T09:01:58 - [MESSAGE][INFO] - Starting 'Chrome' driver

13-11-2024T09:01:58 - [MESSAGE][INFO] - Action delay is set to 0 milliseconds

13-11-2024T09:01:59 - [MESSAGE][PASSED] - Browser is opened with url: ''

13-11-2024T09:01:59 - [TEST_STEP][PASSED] - navigateToUrl(findTestData("PlanFact").getValue(10, 6)): Navigate to 'https://bi.rosseti.digital/viewer?dashboardGuid=d6acb5b1a7114a9791b34de39263106e&sheetGuid=0b6d261d7f7b4424a967aa8f3a724189&fit=true' successfully

13-11-2024T09:02:07 - [MESSAGE][PASSED] - Navigate to 'https://bi.rosseti.digital/viewer?dashboardGuid=d6acb5b1a7114a9791b34de39263106e&sheetGuid=0b6d261d7f7b4424a967aa8f3a724189&fit=true' successfully

13-11-2024T09:02:07 - [TEST_STEP][PASSED] - setText(findTestObject("Страница авторизации/input__username"), findTestData("PlanFact").getValue(8, 1)): Text 'liazgina-di' is set on object 'Object Repository/Страница авторизации/input__username'

13-11-2024T09:02:07 - [MESSAGE][PASSED] - Text 'liazgina-di' is set on object 'Object Repository/Страница авторизации/input__username'

13-11-2024T09:02:07 - [TEST_STEP][PASSED] - setText(findTestObject("Страница авторизации/input__password"), findTestData("PlanFact").getValue(9, 1)): Text ')$%5srZ8o688Dm#q' is set on object 'Object Repository/Страница авторизации/input__password'

13-11-2024T09:02:08 - [MESSAGE][PASSED] - Text ')$%5srZ8o688Dm#q' is set on object 'Object Repository/Страница авторизации/input__password'

13-11-2024T09:02:08 - [TEST_STEP][PASSED] - click(findTestObject("Страница авторизации/button_")): Object: 'Object Repository/Страница авторизации/button_' is clicked on

13-11-2024T09:02:11 - [MESSAGE][PASSED] - Object: 'Object Repository/Страница авторизации/button_' is clicked on

13-11-2024T09:02:11 - [TEST_STEP][PASSED] - delay(50): Delayed 50 second(s)

13-11-2024T09:03:01 - [MESSAGE][PASSED] - Delayed 50 second(s)

13-11-2024T09:03:01 - [TEST_STEP][PASSED] - click(findTestObject("Прогноз по отраслям/Фильтр Месяц")): Object: 'Object Repository/Прогноз по отраслям/Фильтр Месяц' is clicked on

13-11-2024T09:03:01 - [MESSAGE][PASSED] - Object: 'Object Repository/Прогноз по отраслям/Фильтр Месяц' is clicked on

13-11-2024T09:03:01 - [TEST_STEP][PASSED] - scrollToElement(findTestObject("Прогноз по отраслям/Ноябрь"), 30): Scroll to object 'Object Repository/Прогноз по отраслям/Ноябрь' successfully

13-11-2024T09:03:02 - [MESSAGE][PASSED] - Scroll to object 'Object Repository/Прогноз по отраслям/Ноябрь' successfully

13-11-2024T09:03:02 - [TEST_STEP][PASSED] - click(findTestObject("Прогноз по отраслям/Ноябрь"), CONTINUE_ON_FAILURE): Object: 'Object Repository/Прогноз по отраслям/Ноябрь' is clicked on

13-11-2024T09:03:03 - [MESSAGE][PASSED] - Object: 'Object Repository/Прогноз по отраслям/Ноябрь' is clicked on

13-11-2024T09:03:03 - [TEST_STEP][PASSED] - scrollToElement(findTestObject("Прогноз по отраслям/Заголовок дашборда"), 30): Scroll to object 'Object Repository/Прогноз по отраслям/Заголовок дашборда' successfully

13-11-2024T09:03:05 - [MESSAGE][PASSED] - Scroll to object 'Object Repository/Прогноз по отраслям/Заголовок дашборда' successfully

13-11-2024T09:03:05 - [TEST_STEP][PASSED] - click(findTestObject("Прогноз по отраслям/Фильтр Сравнение с")): Object: 'Object Repository/Прогноз по отраслям/Фильтр Сравнение с' is clicked on

13-11-2024T09:03:05 - [MESSAGE][PASSED] - Object: 'Object Repository/Прогноз по отраслям/Фильтр Сравнение с' is clicked on

13-11-2024T09:03:05 - [TEST_STEP][PASSED] - click(findTestObject("Прогноз по отраслям/Факт прошлого года")): Object: 'Object Repository/Прогноз по отраслям/Факт прошлого года' is clicked on

13-11-2024T09:03:06 - [MESSAGE][PASSED] - Object: 'Object Repository/Прогноз по отраслям/Факт прошлого года' is clicked on

13-11-2024T09:03:06 - [TEST_STEP][PASSED] - click(findTestObject("Прогноз по отраслям/Фильтр КПО-Отпуск")): Object: 'Object Repository/Прогноз по отраслям/Фильтр КПО-Отпуск' is clicked on

13-11-2024T09:03:08 - [MESSAGE][PASSED] - Object: 'Object Repository/Прогноз по отраслям/Фильтр КПО-Отпуск' is clicked on

13-11-2024T09:03:08 - [TEST_STEP][PASSED] - click(findTestObject("Прогноз по отраслям/Отпуск")): Object: 'Object Repository/Прогноз по отраслям/Отпуск' is clicked on

13-11-2024T09:03:08 - [MESSAGE][PASSED] - Object: 'Object Repository/Прогноз по отраслям/Отпуск' is clicked on

13-11-2024T09:03:08 - [TEST_STEP][PASSED] - delay(40): Delayed 40 second(s)

13-11-2024T09:03:48 - [MESSAGE][PASSED] - Delayed 40 second(s)

13-11-2024T09:03:48 - [TEST_STEP][PASSED] - a1 = getText(findTestObject("Прогноз по отраслям/Виджеты дашборда")): Text of object 'Object Repository/Прогноз по отраслям/Виджеты дашборда' is: 'Год 
2023 год
Сравнение с 
Факт прошлого года
Динамика электропотребления, млрд. кВт.ч. по ПАО Россети на 2023 год
12 12
186 186
36 36
50 50
10 10
19 19
0 0
17 17
85 85
19 19
82 82
604 604
10 10
197 197
37 37
48 48
10 10
15 15
4 4
18 18
80 80
19 19
82 82
608 608
Факт прошлого года
Ожидаемое (прогноз по конца года)
Интер РАО (дляФСК)
Промышленныепотребители
Транспорт
Нефтедобыча
Нефтепереработка
Нефтепроводы
Газопроводы
Сельскоехозяйство ипищеваяпромышленность
Непромышленныепотребители
Государственные(муниципальные)организации ипрочиебюджетныепотребители
Население иприравненныегруппыпотребителей
Территориальныесетевыеорганизации
Выручка по ПАО Россети на 2023 год
5 5
285 285
72 72
72 72
18 18
22 22
0 0
50 50
201 201
61 61
190 190
227 227
6 6
331 331
82 82
77 77
20 20
20 20
3 3
57 57
220 220
68 68
214 214
258 258
Факт прошлого года
Ожидаемое (прогноз по конца года)
Интер РАО (дляФСК)
Промышленныепотребители
Транспорт
Нефтедобыча
Нефтепереработка
Нефтепроводы
Газопроводы
Сельскоехозяйство ипищеваяпромышленность
Непромышленныепотребители
Государственные(муниципальные)организации ипрочиебюджетныепотребители
Население иприравненныегруппыпотребителей
Территориальныесетевыеорганизации
Отклонения по ПАО Россети на 2023 год
-18.5% -18.5%
5.9% 5.9%
3.6% 3.6%
-3.9% -3.9%
0.9% 0.9%
-20.7% -20.7%
3 313.2% 3 313.2%
3.8% 3.8%
-5.6% -5.6%
1.3% 1.3%
-0.9% -0.9%
0.7% 0.7%
⬤ Отклонение, %
Интер РАО (для ФСК)
Промышленные потребители
Транспорт
Нефтедобыча
Нефтепереработка
Нефтепроводы
Газопроводы
Сельское хозяйство и пищевая пр…
Непромышленные потребители
Государственные (муниципальные…
Население и приравненные групп…
Территориальные сетевые органи…
Выручка отклонения по ПАО Россети на 2023 год
7.7% 7.7%
16.0% 16.0%
13.2% 13.2%
6.7% 6.7%
13.3% 13.3%
-7.7% -7.7%
1 331.5% 1 331.5%
14.2% 14.2%
9.9% 9.9%
12.0% 12.0%
12.4% 12.4%
13.7% 13.7%
⬤ Отклонение, %
Интер РАО (для ФСК)
Промышленные потребители
Транспорт
Нефтедобыча
Нефтепереработка
Нефтепроводы
Газопроводы
Сельское хозяйство и пищевая пр…
Непромышленные потребители
Государственные (муниципальные…
Население и приравненные групп…
Территориальные сетевые органи…
абс.
%
Прогноз на месяц 
Ноябрь
КПО/Отпуск из сети 
Отпуск из сети, млн. кВт.ч
Организация 
Все
Прогноз электропотребления и выручки за услуги по передаче в разрезе отраслей'

13-11-2024T09:03:49 - [MESSAGE][PASSED] - Text of object 'Object Repository/Прогноз по отраслям/Виджеты дашборда' is: 'Год 
2023 год
Сравнение с 
Факт прошлого года
Динамика электропотребления, млрд. кВт.ч. по ПАО Россети на 2023 год
12 12
186 186
36 36
50 50
10 10
19 19
0 0
17 17
85 85
19 19
82 82
604 604
10 10
197 197
37 37
48 48
10 10
15 15
4 4
18 18
80 80
19 19
82 82
608 608
Факт прошлого года
Ожидаемое (прогноз по конца года)
Интер РАО (дляФСК)
Промышленныепотребители
Транспорт
Нефтедобыча
Нефтепереработка
Нефтепроводы
Газопроводы
Сельскоехозяйство ипищеваяпромышленность
Непромышленныепотребители
Государственные(муниципальные)организации ипрочиебюджетныепотребители
Население иприравненныегруппыпотребителей
Территориальныесетевыеорганизации
Выручка по ПАО Россети на 2023 год
5 5
285 285
72 72
72 72
18 18
22 22
0 0
50 50
201 201
61 61
190 190
227 227
6 6
331 331
82 82
77 77
20 20
20 20
3 3
57 57
220 220
68 68
214 214
258 258
Факт прошлого года
Ожидаемое (прогноз по конца года)
Интер РАО (дляФСК)
Промышленныепотребители
Транспорт
Нефтедобыча
Нефтепереработка
Нефтепроводы
Газопроводы
Сельскоехозяйство ипищеваяпромышленность
Непромышленныепотребители
Государственные(муниципальные)организации ипрочиебюджетныепотребители
Население иприравненныегруппыпотребителей
Территориальныесетевыеорганизации
Отклонения по ПАО Россети на 2023 год
-18.5% -18.5%
5.9% 5.9%
3.6% 3.6%
-3.9% -3.9%
0.9% 0.9%
-20.7% -20.7%
3 313.2% 3 313.2%
3.8% 3.8%
-5.6% -5.6%
1.3% 1.3%
-0.9% -0.9%
0.7% 0.7%
⬤ Отклонение, %
Интер РАО (для ФСК)
Промышленные потребители
Транспорт
Нефтедобыча
Нефтепереработка
Нефтепроводы
Газопроводы
Сельское хозяйство и пищевая пр…
Непромышленные потребители
Государственные (муниципальные…
Население и приравненные групп…
Территориальные сетевые органи…
Выручка отклонения по ПАО Россети на 2023 год
7.7% 7.7%
16.0% 16.0%
13.2% 13.2%
6.7% 6.7%
13.3% 13.3%
-7.7% -7.7%
1 331.5% 1 331.5%
14.2% 14.2%
9.9% 9.9%
12.0% 12.0%
12.4% 12.4%
13.7% 13.7%
⬤ Отклонение, %
Интер РАО (для ФСК)
Промышленные потребители
Транспорт
Нефтедобыча
Нефтепереработка
Нефтепроводы
Газопроводы
Сельское хозяйство и пищевая пр…
Непромышленные потребители
Государственные (муниципальные…
Население и приравненные групп…
Территориальные сетевые органи…
абс.
%
Прогноз на месяц 
Ноябрь
КПО/Отпуск из сети 
Отпуск из сети, млн. кВт.ч
Организация 
Все
Прогноз электропотребления и выручки за услуги по передаче в разрезе отраслей'

13-11-2024T09:03:49 - [TEST_STEP][PASSED] - a1 = a1.replaceAll("[^0-9]", ""): null

13-11-2024T09:03:49 - [TEST_STEP][PASSED] - println("a1:" + a1): null

13-11-2024T09:03:49 - [TEST_STEP][PASSED] - click(findTestObject("Прогноз по отраслям/Фильтр Сравнение с")): Object: 'Object Repository/Прогноз по отраслям/Фильтр Сравнение с' is clicked on

13-11-2024T09:03:49 - [MESSAGE][PASSED] - Object: 'Object Repository/Прогноз по отраслям/Фильтр Сравнение с' is clicked on

13-11-2024T09:03:49 - [TEST_STEP][PASSED] - click(findTestObject("Прогноз по отраслям/План")): Object: 'Object Repository/Прогноз по отраслям/План' is clicked on

13-11-2024T09:03:50 - [MESSAGE][PASSED] - Object: 'Object Repository/Прогноз по отраслям/План' is clicked on

13-11-2024T09:03:50 - [TEST_STEP][PASSED] - delay(40): Delayed 40 second(s)

13-11-2024T09:04:30 - [MESSAGE][PASSED] - Delayed 40 second(s)

13-11-2024T09:04:30 - [TEST_STEP][PASSED] - a2 = getText(findTestObject("Прогноз по отраслям/Виджеты дашборда")): Text of object 'Object Repository/Прогноз по отраслям/Виджеты дашборда' is: 'Год 
2023 год
Сравнение с 
План
Динамика электропотребления, млрд. кВт.ч. по ПАО Россети на 2023 год
10 10
190 190
36 36
14 14
9 9
14 14
4 4
17 17
80 80
19 19
82 82
588 588
10 10
197 197
37 37
48 48
10 10
15 15
4 4
18 18
80 80
19 19
82 82
608 608
План
Ожидаемое (прогноз по конца года)
Интер РАО (дляФСК)
Промышленныепотребители
Транспорт
Нефтедобыча
Нефтепереработка
Нефтепроводы
Газопроводы
Сельскоехозяйство ипищеваяпромышленность
Непромышленныепотребители
Государственные(муниципальные)организации ипрочиебюджетныепотребители
Население иприравненныегруппыпотребителей
Территориальныесетевыеорганизации
Выручка по ПАО Россети на 2023 год
5 5
319 319
81 81
16 16
16 16
20 20
2 2
56 56
215 215
67 67
218 218
239 239
6 6
331 331
82 82
77 77
20 20
20 20
3 3
57 57
220 220
68 68
214 214
258 258
План
Ожидаемое (прогноз по конца года)
Интер РАО (дляФСК)
Промышленныепотребители
Транспорт
Нефтедобыча
Нефтепереработка
Нефтепроводы
Газопроводы
Сельскоехозяйство ипищеваяпромышленность
Непромышленныепотребители
Государственные(муниципальные)организации ипрочиебюджетныепотребители
Население иприравненныегруппыпотребителей
Территориальныесетевыеорганизации
Отклонения по ПАО Россети на 2023 год
-4.7% -4.7%
3.8% 3.8%
1.9% 1.9%
230.3% 230.3%
10.9% 10.9%
4.2% 4.2%
21.7% 21.7%
3.9% 3.9%
-0.6% -0.6%
1.6% 1.6%
-1.0% -1.0%
3.3% 3.3%
⬤ Отклонение, %
Интер РАО (для ФСК)
Промышленные потребители
Транспорт
Нефтедобыча
Нефтепереработка
Нефтепроводы
Газопроводы
Сельское хозяйство и пищевая пр…
Непромышленные потребители
Государственные (муниципальные…
Население и приравненные групп…
Территориальные сетевые органи…
Выручка отклонения по ПАО Россети на 2023 год
15.6% 15.6%
3.8% 3.8%
1.2% 1.2%
398.2% 398.2%
26.9% 26.9%
-0.6% -0.6%
26.9% 26.9%
1.5% 1.5%
2.7% 2.7%
2.0% 2.0%
-2.0% -2.0%
7.9% 7.9%
⬤ Отклонение, %
Интер РАО (для ФСК)
Промышленные потребители
Транспорт
Нефтедобыча
Нефтепереработка
Нефтепроводы
Газопроводы
Сельское хозяйство и пищевая пр…
Непромышленные потребители
Государственные (муниципальные…
Население и приравненные групп…
Территориальные сетевые органи…
абс.
%
Прогноз на месяц 
Ноябрь
КПО/Отпуск из сети 
Отпуск из сети, млн. кВт.ч
Организация 
Все
Прогноз электропотребления и выручки за услуги по передаче в разрезе отраслей'

13-11-2024T09:04:31 - [MESSAGE][PASSED] - Text of object 'Object Repository/Прогноз по отраслям/Виджеты дашборда' is: 'Год 
2023 год
Сравнение с 
План
Динамика электропотребления, млрд. кВт.ч. по ПАО Россети на 2023 год
10 10
190 190
36 36
14 14
9 9
14 14
4 4
17 17
80 80
19 19
82 82
588 588
10 10
197 197
37 37
48 48
10 10
15 15
4 4
18 18
80 80
19 19
82 82
608 608
План
Ожидаемое (прогноз по конца года)
Интер РАО (дляФСК)
Промышленныепотребители
Транспорт
Нефтедобыча
Нефтепереработка
Нефтепроводы
Газопроводы
Сельскоехозяйство ипищеваяпромышленность
Непромышленныепотребители
Государственные(муниципальные)организации ипрочиебюджетныепотребители
Население иприравненныегруппыпотребителей
Территориальныесетевыеорганизации
Выручка по ПАО Россети на 2023 год
5 5
319 319
81 81
16 16
16 16
20 20
2 2
56 56
215 215
67 67
218 218
239 239
6 6
331 331
82 82
77 77
20 20
20 20
3 3
57 57
220 220
68 68
214 214
258 258
План
Ожидаемое (прогноз по конца года)
Интер РАО (дляФСК)
Промышленныепотребители
Транспорт
Нефтедобыча
Нефтепереработка
Нефтепроводы
Газопроводы
Сельскоехозяйство ипищеваяпромышленность
Непромышленныепотребители
Государственные(муниципальные)организации ипрочиебюджетныепотребители
Население иприравненныегруппыпотребителей
Территориальныесетевыеорганизации
Отклонения по ПАО Россети на 2023 год
-4.7% -4.7%
3.8% 3.8%
1.9% 1.9%
230.3% 230.3%
10.9% 10.9%
4.2% 4.2%
21.7% 21.7%
3.9% 3.9%
-0.6% -0.6%
1.6% 1.6%
-1.0% -1.0%
3.3% 3.3%
⬤ Отклонение, %
Интер РАО (для ФСК)
Промышленные потребители
Транспорт
Нефтедобыча
Нефтепереработка
Нефтепроводы
Газопроводы
Сельское хозяйство и пищевая пр…
Непромышленные потребители
Государственные (муниципальные…
Население и приравненные групп…
Территориальные сетевые органи…
Выручка отклонения по ПАО Россети на 2023 год
15.6% 15.6%
3.8% 3.8%
1.2% 1.2%
398.2% 398.2%
26.9% 26.9%
-0.6% -0.6%
26.9% 26.9%
1.5% 1.5%
2.7% 2.7%
2.0% 2.0%
-2.0% -2.0%
7.9% 7.9%
⬤ Отклонение, %
Интер РАО (для ФСК)
Промышленные потребители
Транспорт
Нефтедобыча
Нефтепереработка
Нефтепроводы
Газопроводы
Сельское хозяйство и пищевая пр…
Непромышленные потребители
Государственные (муниципальные…
Население и приравненные групп…
Территориальные сетевые органи…
абс.
%
Прогноз на месяц 
Ноябрь
КПО/Отпуск из сети 
Отпуск из сети, млн. кВт.ч
Организация 
Все
Прогноз электропотребления и выручки за услуги по передаче в разрезе отраслей'

13-11-2024T09:04:31 - [TEST_STEP][PASSED] - a2 = a2.replaceAll("[^0-9]", ""): null

13-11-2024T09:04:31 - [TEST_STEP][PASSED] - println("a2:" + a2): null

13-11-2024T09:04:31 - [TEST_STEP][PASSED] - click(findTestObject("Прогноз по отраслям/Фильтр Сравнение с")): Object: 'Object Repository/Прогноз по отраслям/Фильтр Сравнение с' is clicked on

13-11-2024T09:04:31 - [MESSAGE][PASSED] - Object: 'Object Repository/Прогноз по отраслям/Фильтр Сравнение с' is clicked on

13-11-2024T09:04:31 - [TEST_STEP][PASSED] - click(findTestObject("Прогноз по отраслям/План СУ")): Object: 'Object Repository/Прогноз по отраслям/План СУ' is clicked on

13-11-2024T09:04:32 - [MESSAGE][PASSED] - Object: 'Object Repository/Прогноз по отраслям/План СУ' is clicked on

13-11-2024T09:04:32 - [TEST_STEP][PASSED] - delay(40): Delayed 40 second(s)

13-11-2024T09:05:12 - [MESSAGE][PASSED] - Delayed 40 second(s)

13-11-2024T09:05:12 - [TEST_STEP][PASSED] - a3 = getText(findTestObject("Прогноз по отраслям/Виджеты дашборда")): Text of object 'Object Repository/Прогноз по отраслям/Виджеты дашборда' is: 'Год 
2023 год
Сравнение с 
План/СУ
Динамика электропотребления, млрд. кВт.ч. по ПАО Россети на 2023 год
10 10
186 186
36 36
15 15
9 9
14 14
4 4
17 17
88 88
19 19
83 83
597 597
10 10
197 197
37 37
48 48
10 10
15 15
4 4
18 18
80 80
19 19
82 82
608 608
СУ
Ожидаемое (прогноз по конца года)
Интер РАО (дляФСК)
Промышленныепотребители
Транспорт
Нефтедобыча
Нефтепереработка
Нефтепроводы
Газопроводы
Сельскоехозяйство ипищеваяпромышленность
Непромышленныепотребители
Государственные(муниципальные)организации ипрочиебюджетныепотребители
Население иприравненныегруппыпотребителей
Территориальныесетевыеорганизации
Выручка по ПАО Россети на 2023 год
6 6
331 331
82 82
77 77
20 20
20 20
3 3
57 57
220 220
68 68
214 214
258 258
Ожидаемое (прогноз по конца года)
Интер РАО (дляФСК)
Промышленныепотребители
Транспорт
Нефтедобыча
Нефтепереработка
Нефтепроводы
Газопроводы
Сельскоехозяйство ипищеваяпромышленность
Непромышленныепотребители
Государственные(муниципальные)организации ипрочиебюджетныепотребители
Население иприравненныегруппыпотребителей
Территориальныесетевыеорганизации
Отклонения по ПАО Россети на 2023 год
2.5% 2.5%
5.9% 5.9%
1.9% 1.9%
219.1% 219.1%
11.7% 11.7%
1.9% 1.9%
13.1% 13.1%
3.5% 3.5%
-8.7% -8.7%
0.2% 0.2%
-1.6% -1.6%
1.8% 1.8%
⬤ Отклонение, %
Интер РАО (для ФСК)
Промышленные потребители
Транспорт
Нефтедобыча
Нефтепереработка
Нефтепроводы
Газопроводы
Сельское хозяйство и пищевая пр…
Непромышленные потребители
Государственные (муниципальные…
Население и приравненные групп…
Территориальные сетевые органи…
Выручка отклонения по ПАО Россети на 2023 год
⬤ Отклонение, %
Интер РАО (для ФСК)
Промышленные потребители
Транспорт
Нефтедобыча
Нефтепереработка
Нефтепроводы
Газопроводы
Сельское хозяйство и пищевая пр…
Непромышленные потребители
Государственные (муниципальные…
Население и приравненные групп…
Территориальные сетевые органи…
абс.
%
Прогноз на месяц 
Ноябрь
КПО/Отпуск из сети 
Отпуск из сети, млн. кВт.ч
Организация 
Все
Прогноз электропотребления и выручки за услуги по передаче в разрезе отраслей'

13-11-2024T09:05:13 - [MESSAGE][PASSED] - Text of object 'Object Repository/Прогноз по отраслям/Виджеты дашборда' is: 'Год 
2023 год
Сравнение с 
План/СУ
Динамика электропотребления, млрд. кВт.ч. по ПАО Россети на 2023 год
10 10
186 186
36 36
15 15
9 9
14 14
4 4
17 17
88 88
19 19
83 83
597 597
10 10
197 197
37 37
48 48
10 10
15 15
4 4
18 18
80 80
19 19
82 82
608 608
СУ
Ожидаемое (прогноз по конца года)
Интер РАО (дляФСК)
Промышленныепотребители
Транспорт
Нефтедобыча
Нефтепереработка
Нефтепроводы
Газопроводы
Сельскоехозяйство ипищеваяпромышленность
Непромышленныепотребители
Государственные(муниципальные)организации ипрочиебюджетныепотребители
Население иприравненныегруппыпотребителей
Территориальныесетевыеорганизации
Выручка по ПАО Россети на 2023 год
6 6
331 331
82 82
77 77
20 20
20 20
3 3
57 57
220 220
68 68
214 214
258 258
Ожидаемое (прогноз по конца года)
Интер РАО (дляФСК)
Промышленныепотребители
Транспорт
Нефтедобыча
Нефтепереработка
Нефтепроводы
Газопроводы
Сельскоехозяйство ипищеваяпромышленность
Непромышленныепотребители
Государственные(муниципальные)организации ипрочиебюджетныепотребители
Население иприравненныегруппыпотребителей
Территориальныесетевыеорганизации
Отклонения по ПАО Россети на 2023 год
2.5% 2.5%
5.9% 5.9%
1.9% 1.9%
219.1% 219.1%
11.7% 11.7%
1.9% 1.9%
13.1% 13.1%
3.5% 3.5%
-8.7% -8.7%
0.2% 0.2%
-1.6% -1.6%
1.8% 1.8%
⬤ Отклонение, %
Интер РАО (для ФСК)
Промышленные потребители
Транспорт
Нефтедобыча
Нефтепереработка
Нефтепроводы
Газопроводы
Сельское хозяйство и пищевая пр…
Непромышленные потребители
Государственные (муниципальные…
Население и приравненные групп…
Территориальные сетевые органи…
Выручка отклонения по ПАО Россети на 2023 год
⬤ Отклонение, %
Интер РАО (для ФСК)
Промышленные потребители
Транспорт
Нефтедобыча
Нефтепереработка
Нефтепроводы
Газопроводы
Сельское хозяйство и пищевая пр…
Непромышленные потребители
Государственные (муниципальные…
Население и приравненные групп…
Территориальные сетевые органи…
абс.
%
Прогноз на месяц 
Ноябрь
КПО/Отпуск из сети 
Отпуск из сети, млн. кВт.ч
Организация 
Все
Прогноз электропотребления и выручки за услуги по передаче в разрезе отраслей'

13-11-2024T09:05:13 - [TEST_STEP][PASSED] - a3 = a3.replaceAll("[^0-9]", ""): null

13-11-2024T09:05:13 - [TEST_STEP][PASSED] - println("a3:" + a3): null

13-11-2024T09:05:13 - [TEST_STEP][PASSED] - click(findTestObject("Прогноз по отраслям/Фильтр Сравнение с")): Object: 'Object Repository/Прогноз по отраслям/Фильтр Сравнение с' is clicked on

13-11-2024T09:05:13 - [MESSAGE][PASSED] - Object: 'Object Repository/Прогноз по отраслям/Фильтр Сравнение с' is clicked on

13-11-2024T09:05:13 - [TEST_STEP][PASSED] - click(findTestObject("Прогноз по отраслям/Факт прошлого года")): Object: 'Object Repository/Прогноз по отраслям/Факт прошлого года' is clicked on

13-11-2024T09:05:14 - [MESSAGE][PASSED] - Object: 'Object Repository/Прогноз по отраслям/Факт прошлого года' is clicked on

13-11-2024T09:05:14 - [TEST_STEP][PASSED] - click(findTestObject("Прогноз по отраслям/Фильтр КПО-Отпуск")): Object: 'Object Repository/Прогноз по отраслям/Фильтр КПО-Отпуск' is clicked on

13-11-2024T09:05:44 - [MESSAGE][PASSED] - Object: 'Object Repository/Прогноз по отраслям/Фильтр КПО-Отпуск' is clicked on

13-11-2024T09:05:44 - [TEST_STEP][PASSED] - click(findTestObject("Прогноз по отраслям/КПО")): Object: 'Object Repository/Прогноз по отраслям/КПО' is clicked on

13-11-2024T09:06:14 - [MESSAGE][PASSED] - Object: 'Object Repository/Прогноз по отраслям/КПО' is clicked on

13-11-2024T09:06:14 - [TEST_STEP][PASSED] - delay(40): Delayed 40 second(s)

13-11-2024T09:06:54 - [MESSAGE][PASSED] - Delayed 40 second(s)

13-11-2024T09:06:54 - [TEST_STEP][PASSED] - a4 = getText(findTestObject("Прогноз по отраслям/Виджеты дашборда")): Text of object 'Object Repository/Прогноз по отраслям/Виджеты дашборда' is: 'Год 
2023 год
Сравнение с 
Факт прошлого года
Динамика электропотребления, млрд. кВт.ч. по ПАО Россети на 2023 год
0 0
120 120
38 38
41 41
8 8
10 10
0 0
19 19
77 77
25 25
122 122
61 61
0 0
120 120
39 39
39 39
8 8
8 8
1 1
20 20
78 78
26 26
121 121
60 60
Факт прошлого года
Ожидаемое (прогноз по конца года)
Интер РАО (дляФСК)
Промышленныепотребители
Транспорт
Нефтедобыча
Нефтепереработка
Нефтепроводы
Газопроводы
Сельскоехозяйство ипищеваяпромышленность
Непромышленныепотребители
Государственные(муниципальные)организации ипрочиебюджетныепотребители
Население иприравненныегруппыпотребителей
Территориальныесетевыеорганизации
Выручка по ПАО Россети на 2023 год
5 5
285 285
72 72
72 72
18 18
22 22
0 0
50 50
201 201
61 61
190 190
227 227
6 6
331 331
82 82
77 77
20 20
20 20
3 3
57 57
220 220
68 68
214 214
258 258
Факт прошлого года
Ожидаемое (прогноз по конца года)
Интер РАО (дляФСК)
Промышленныепотребители
Транспорт
Нефтедобыча
Нефтепереработка
Нефтепроводы
Газопроводы
Сельскоехозяйство ипищеваяпромышленность
Непромышленныепотребители
Государственные(муниципальные)организации ипрочиебюджетныепотребители
Население иприравненныегруппыпотребителей
Территориальныесетевыеорганизации
Отклонения по ПАО Россети на 2023 год
0.5% 0.5%
0.9% 0.9%
-5.9% -5.9%
3.1% 3.1%
-17.9% -17.9%
578.4% 578.4%
2.3% 2.3%
1.8% 1.8%
2.1% 2.1%
-0.9% -0.9%
-0.2% -0.2%
⬤ Отклонение, %
Интер РАО (для ФСК)
Промышленные потребители
Транспорт
Нефтедобыча
Нефтепереработка
Нефтепроводы
Газопроводы
Сельское хозяйство и пищевая пр…
Непромышленные потребители
Государственные (муниципальные…
Население и приравненные групп…
Территориальные сетевые органи…
Выручка отклонения по ПАО Россети на 2023 год
7.7% 7.7%
16.0% 16.0%
13.2% 13.2%
6.7% 6.7%
13.3% 13.3%
-7.7% -7.7%
1 331.5% 1 331.5%
14.2% 14.2%
9.9% 9.9%
12.0% 12.0%
12.4% 12.4%
13.7% 13.7%
⬤ Отклонение, %
Интер РАО (для ФСК)
Промышленные потребители
Транспорт
Нефтедобыча
Нефтепереработка
Нефтепроводы
Газопроводы
Сельское хозяйство и пищевая пр…
Непромышленные потребители
Государственные (муниципальные…
Население и приравненные групп…
Территориальные сетевые органи…
абс.
%
Прогноз на месяц 
Ноябрь
КПО/Отпуск из сети 
Котловой полезный отпуск, млн. кВт.ч
Организация 
Все
Прогноз электропотребления и выручки за услуги по передаче в разрезе отраслей'

13-11-2024T09:06:55 - [MESSAGE][PASSED] - Text of object 'Object Repository/Прогноз по отраслям/Виджеты дашборда' is: 'Год 
2023 год
Сравнение с 
Факт прошлого года
Динамика электропотребления, млрд. кВт.ч. по ПАО Россети на 2023 год
0 0
120 120
38 38
41 41
8 8
10 10
0 0
19 19
77 77
25 25
122 122
61 61
0 0
120 120
39 39
39 39
8 8
8 8
1 1
20 20
78 78
26 26
121 121
60 60
Факт прошлого года
Ожидаемое (прогноз по конца года)
Интер РАО (дляФСК)
Промышленныепотребители
Транспорт
Нефтедобыча
Нефтепереработка
Нефтепроводы
Газопроводы
Сельскоехозяйство ипищеваяпромышленность
Непромышленныепотребители
Государственные(муниципальные)организации ипрочиебюджетныепотребители
Население иприравненныегруппыпотребителей
Территориальныесетевыеорганизации
Выручка по ПАО Россети на 2023 год
5 5
285 285
72 72
72 72
18 18
22 22
0 0
50 50
201 201
61 61
190 190
227 227
6 6
331 331
82 82
77 77
20 20
20 20
3 3
57 57
220 220
68 68
214 214
258 258
Факт прошлого года
Ожидаемое (прогноз по конца года)
Интер РАО (дляФСК)
Промышленныепотребители
Транспорт
Нефтедобыча
Нефтепереработка
Нефтепроводы
Газопроводы
Сельскоехозяйство ипищеваяпромышленность
Непромышленныепотребители
Государственные(муниципальные)организации ипрочиебюджетныепотребители
Население иприравненныегруппыпотребителей
Территориальныесетевыеорганизации
Отклонения по ПАО Россети на 2023 год
0.5% 0.5%
0.9% 0.9%
-5.9% -5.9%
3.1% 3.1%
-17.9% -17.9%
578.4% 578.4%
2.3% 2.3%
1.8% 1.8%
2.1% 2.1%
-0.9% -0.9%
-0.2% -0.2%
⬤ Отклонение, %
Интер РАО (для ФСК)
Промышленные потребители
Транспорт
Нефтедобыча
Нефтепереработка
Нефтепроводы
Газопроводы
Сельское хозяйство и пищевая пр…
Непромышленные потребители
Государственные (муниципальные…
Население и приравненные групп…
Территориальные сетевые органи…
Выручка отклонения по ПАО Россети на 2023 год
7.7% 7.7%
16.0% 16.0%
13.2% 13.2%
6.7% 6.7%
13.3% 13.3%
-7.7% -7.7%
1 331.5% 1 331.5%
14.2% 14.2%
9.9% 9.9%
12.0% 12.0%
12.4% 12.4%
13.7% 13.7%
⬤ Отклонение, %
Интер РАО (для ФСК)
Промышленные потребители
Транспорт
Нефтедобыча
Нефтепереработка
Нефтепроводы
Газопроводы
Сельское хозяйство и пищевая пр…
Непромышленные потребители
Государственные (муниципальные…
Население и приравненные групп…
Территориальные сетевые органи…
абс.
%
Прогноз на месяц 
Ноябрь
КПО/Отпуск из сети 
Котловой полезный отпуск, млн. кВт.ч
Организация 
Все
Прогноз электропотребления и выручки за услуги по передаче в разрезе отраслей'

13-11-2024T09:06:55 - [TEST_STEP][PASSED] - a4 = a4.replaceAll("[^0-9]", ""): null

13-11-2024T09:06:55 - [TEST_STEP][PASSED] - println("a4:" + a4): null

13-11-2024T09:06:55 - [TEST_STEP][PASSED] - click(findTestObject("Прогноз по отраслям/Фильтр Сравнение с")): Object: 'Object Repository/Прогноз по отраслям/Фильтр Сравнение с' is clicked on

13-11-2024T09:06:55 - [MESSAGE][PASSED] - Object: 'Object Repository/Прогноз по отраслям/Фильтр Сравнение с' is clicked on

13-11-2024T09:06:55 - [TEST_STEP][PASSED] - click(findTestObject("Прогноз по отраслям/План")): Object: 'Object Repository/Прогноз по отраслям/План' is clicked on

13-11-2024T09:06:56 - [MESSAGE][PASSED] - Object: 'Object Repository/Прогноз по отраслям/План' is clicked on

13-11-2024T09:06:56 - [TEST_STEP][PASSED] - delay(40): Delayed 40 second(s)

13-11-2024T09:07:36 - [MESSAGE][PASSED] - Delayed 40 second(s)

13-11-2024T09:07:36 - [TEST_STEP][PASSED] - a5 = getText(findTestObject("Прогноз по отраслям/Виджеты дашборда")): Text of object 'Object Repository/Прогноз по отраслям/Виджеты дашборда' is: 'Год 
2023 год
Сравнение с 
План
Динамика электропотребления, млрд. кВт.ч. по ПАО Россети на 2023 год
0 0
119 119
37 37
7 7
7 7
8 8
1 1
19 19
75 75
25 25
123 123
55 55
0 0
120 120
39 39
39 39
8 8
8 8
1 1
20 20
78 78
26 26
121 121
60 60
План
Ожидаемое (прогноз по конца года)
Интер РАО (дляФСК)
Промышленныепотребители
Транспорт
Нефтедобыча
Нефтепереработка
Нефтепроводы
Газопроводы
Сельскоехозяйство ипищеваяпромышленность
Непромышленныепотребители
Государственные(муниципальные)организации ипрочиебюджетныепотребители
Население иприравненныегруппыпотребителей
Территориальныесетевыеорганизации
Выручка по ПАО Россети на 2023 год
5 5
319 319
81 81
16 16
16 16
20 20
2 2
56 56
215 215
67 67
218 218
239 239
6 6
331 331
82 82
77 77
20 20
20 20
3 3
57 57
220 220
68 68
214 214
258 258
План
Ожидаемое (прогноз по конца года)
Интер РАО (дляФСК)
Промышленныепотребители
Транспорт
Нефтедобыча
Нефтепереработка
Нефтепроводы
Газопроводы
Сельскоехозяйство ипищеваяпромышленность
Непромышленныепотребители
Государственные(муниципальные)организации ипрочиебюджетныепотребители
Население иприравненныегруппыпотребителей
Территориальныесетевыеорганизации
Отклонения по ПАО Россети на 2023 год
1.2% 1.2%
3.2% 3.2%
492.1% 492.1%
18.1% 18.1%
4.4% 4.4%
11.9% 11.9%
1.2% 1.2%
4.1% 4.1%
2.4% 2.4%
-1.4% -1.4%
9.7% 9.7%
⬤ Отклонение, %
Интер РАО (для ФСК)
Промышленные потребители
Транспорт
Нефтедобыча
Нефтепереработка
Нефтепроводы
Газопроводы
Сельское хозяйство и пищевая пр…
Непромышленные потребители
Государственные (муниципальные…
Население и приравненные групп…
Территориальные сетевые органи…
Выручка отклонения по ПАО Россети на 2023 год
15.6% 15.6%
3.8% 3.8%
1.2% 1.2%
398.2% 398.2%
26.9% 26.9%
-0.6% -0.6%
26.9% 26.9%
1.5% 1.5%
2.7% 2.7%
2.0% 2.0%
-2.0% -2.0%
7.9% 7.9%
⬤ Отклонение, %
Интер РАО (для ФСК)
Промышленные потребители
Транспорт
Нефтедобыча
Нефтепереработка
Нефтепроводы
Газопроводы
Сельское хозяйство и пищевая пр…
Непромышленные потребители
Государственные (муниципальные…
Население и приравненные групп…
Территориальные сетевые органи…
абс.
%
Прогноз на месяц 
Ноябрь
КПО/Отпуск из сети 
Котловой полезный отпуск, млн. кВт.ч
Организация 
Все
Прогноз электропотребления и выручки за услуги по передаче в разрезе отраслей'

13-11-2024T09:07:37 - [MESSAGE][PASSED] - Text of object 'Object Repository/Прогноз по отраслям/Виджеты дашборда' is: 'Год 
2023 год
Сравнение с 
План
Динамика электропотребления, млрд. кВт.ч. по ПАО Россети на 2023 год
0 0
119 119
37 37
7 7
7 7
8 8
1 1
19 19
75 75
25 25
123 123
55 55
0 0
120 120
39 39
39 39
8 8
8 8
1 1
20 20
78 78
26 26
121 121
60 60
План
Ожидаемое (прогноз по конца года)
Интер РАО (дляФСК)
Промышленныепотребители
Транспорт
Нефтедобыча
Нефтепереработка
Нефтепроводы
Газопроводы
Сельскоехозяйство ипищеваяпромышленность
Непромышленныепотребители
Государственные(муниципальные)организации ипрочиебюджетныепотребители
Население иприравненныегруппыпотребителей
Территориальныесетевыеорганизации
Выручка по ПАО Россети на 2023 год
5 5
319 319
81 81
16 16
16 16
20 20
2 2
56 56
215 215
67 67
218 218
239 239
6 6
331 331
82 82
77 77
20 20
20 20
3 3
57 57
220 220
68 68
214 214
258 258
План
Ожидаемое (прогноз по конца года)
Интер РАО (дляФСК)
Промышленныепотребители
Транспорт
Нефтедобыча
Нефтепереработка
Нефтепроводы
Газопроводы
Сельскоехозяйство ипищеваяпромышленность
Непромышленныепотребители
Государственные(муниципальные)организации ипрочиебюджетныепотребители
Население иприравненныегруппыпотребителей
Территориальныесетевыеорганизации
Отклонения по ПАО Россети на 2023 год
1.2% 1.2%
3.2% 3.2%
492.1% 492.1%
18.1% 18.1%
4.4% 4.4%
11.9% 11.9%
1.2% 1.2%
4.1% 4.1%
2.4% 2.4%
-1.4% -1.4%
9.7% 9.7%
⬤ Отклонение, %
Интер РАО (для ФСК)
Промышленные потребители
Транспорт
Нефтедобыча
Нефтепереработка
Нефтепроводы
Газопроводы
Сельское хозяйство и пищевая пр…
Непромышленные потребители
Государственные (муниципальные…
Население и приравненные групп…
Территориальные сетевые органи…
Выручка отклонения по ПАО Россети на 2023 год
15.6% 15.6%
3.8% 3.8%
1.2% 1.2%
398.2% 398.2%
26.9% 26.9%
-0.6% -0.6%
26.9% 26.9%
1.5% 1.5%
2.7% 2.7%
2.0% 2.0%
-2.0% -2.0%
7.9% 7.9%
⬤ Отклонение, %
Интер РАО (для ФСК)
Промышленные потребители
Транспорт
Нефтедобыча
Нефтепереработка
Нефтепроводы
Газопроводы
Сельское хозяйство и пищевая пр…
Непромышленные потребители
Государственные (муниципальные…
Население и приравненные групп…
Территориальные сетевые органи…
абс.
%
Прогноз на месяц 
Ноябрь
КПО/Отпуск из сети 
Котловой полезный отпуск, млн. кВт.ч
Организация 
Все
Прогноз электропотребления и выручки за услуги по передаче в разрезе отраслей'

13-11-2024T09:07:37 - [TEST_STEP][PASSED] - println("a5:" + a5): null

13-11-2024T09:07:37 - [TEST_STEP][PASSED] - a5 = a5.replaceAll("[^0-9]", ""): null

13-11-2024T09:07:37 - [TEST_STEP][PASSED] - println("a5:" + a5): null

13-11-2024T09:07:37 - [TEST_STEP][PASSED] - click(findTestObject("Прогноз по отраслям/Фильтр Сравнение с")): Object: 'Object Repository/Прогноз по отраслям/Фильтр Сравнение с' is clicked on

13-11-2024T09:07:37 - [MESSAGE][PASSED] - Object: 'Object Repository/Прогноз по отраслям/Фильтр Сравнение с' is clicked on

13-11-2024T09:07:37 - [TEST_STEP][PASSED] - click(findTestObject("Прогноз по отраслям/План СУ")): Object: 'Object Repository/Прогноз по отраслям/План СУ' is clicked on

13-11-2024T09:07:38 - [MESSAGE][PASSED] - Object: 'Object Repository/Прогноз по отраслям/План СУ' is clicked on

13-11-2024T09:07:38 - [TEST_STEP][PASSED] - delay(40): Delayed 40 second(s)

13-11-2024T09:08:18 - [MESSAGE][PASSED] - Delayed 40 second(s)

13-11-2024T09:08:18 - [TEST_STEP][PASSED] - a6 = getText(findTestObject("Прогноз по отраслям/Виджеты дашборда")): Text of object 'Object Repository/Прогноз по отраслям/Виджеты дашборда' is: 'Год 
2023 год
Сравнение с 
План/СУ
Динамика электропотребления, млрд. кВт.ч. по ПАО Россети на 2023 год
0 0
0 0
0 0
0 0
0 0
0 0
0 0
0 0
0 0
0 0
0 0
0 0
0 0
120 120
39 39
39 39
8 8
8 8
1 1
20 20
78 78
26 26
121 121
60 60
СУ
Ожидаемое (прогноз по конца года)
Интер РАО (дляФСК)
Промышленныепотребители
Транспорт
Нефтедобыча
Нефтепереработка
Нефтепроводы
Газопроводы
Сельскоехозяйство ипищеваяпромышленность
Непромышленныепотребители
Государственные(муниципальные)организации ипрочиебюджетныепотребители
Население иприравненныегруппыпотребителей
Территориальныесетевыеорганизации
Выручка по ПАО Россети на 2023 год
6 6
331 331
82 82
77 77
20 20
20 20
3 3
57 57
220 220
68 68
214 214
258 258
Ожидаемое (прогноз по конца года)
Интер РАО (дляФСК)
Промышленныепотребители
Транспорт
Нефтедобыча
Нефтепереработка
Нефтепроводы
Газопроводы
Сельскоехозяйство ипищеваяпромышленность
Непромышленныепотребители
Государственные(муниципальные)организации ипрочиебюджетныепотребители
Население иприравненныегруппыпотребителей
Территориальныесетевыеорганизации
Отклонения по ПАО Россети на 2023 год
⬤ Отклонение, %
Интер РАО (для ФСК)
Промышленные потребители
Транспорт
Нефтедобыча
Нефтепереработка
Нефтепроводы
Газопроводы
Сельское хозяйство и пищевая пр…
Непромышленные потребители
Государственные (муниципальные…
Население и приравненные групп…
Территориальные сетевые органи…
Выручка отклонения по ПАО Россети на 2023 год
⬤ Отклонение, %
Интер РАО (для ФСК)
Промышленные потребители
Транспорт
Нефтедобыча
Нефтепереработка
Нефтепроводы
Газопроводы
Сельское хозяйство и пищевая пр…
Непромышленные потребители
Государственные (муниципальные…
Население и приравненные групп…
Территориальные сетевые органи…
абс.
%
Прогноз на месяц 
Ноябрь
КПО/Отпуск из сети 
Котловой полезный отпуск, млн. кВт.ч
Организация 
Все
Прогноз электропотребления и выручки за услуги по передаче в разрезе отраслей'

13-11-2024T09:08:19 - [MESSAGE][PASSED] - Text of object 'Object Repository/Прогноз по отраслям/Виджеты дашборда' is: 'Год 
2023 год
Сравнение с 
План/СУ
Динамика электропотребления, млрд. кВт.ч. по ПАО Россети на 2023 год
0 0
0 0
0 0
0 0
0 0
0 0
0 0
0 0
0 0
0 0
0 0
0 0
0 0
120 120
39 39
39 39
8 8
8 8
1 1
20 20
78 78
26 26
121 121
60 60
СУ
Ожидаемое (прогноз по конца года)
Интер РАО (дляФСК)
Промышленныепотребители
Транспорт
Нефтедобыча
Нефтепереработка
Нефтепроводы
Газопроводы
Сельскоехозяйство ипищеваяпромышленность
Непромышленныепотребители
Государственные(муниципальные)организации ипрочиебюджетныепотребители
Население иприравненныегруппыпотребителей
Территориальныесетевыеорганизации
Выручка по ПАО Россети на 2023 год
6 6
331 331
82 82
77 77
20 20
20 20
3 3
57 57
220 220
68 68
214 214
258 258
Ожидаемое (прогноз по конца года)
Интер РАО (дляФСК)
Промышленныепотребители
Транспорт
Нефтедобыча
Нефтепереработка
Нефтепроводы
Газопроводы
Сельскоехозяйство ипищеваяпромышленность
Непромышленныепотребители
Государственные(муниципальные)организации ипрочиебюджетныепотребители
Население иприравненныегруппыпотребителей
Территориальныесетевыеорганизации
Отклонения по ПАО Россети на 2023 год
⬤ Отклонение, %
Интер РАО (для ФСК)
Промышленные потребители
Транспорт
Нефтедобыча
Нефтепереработка
Нефтепроводы
Газопроводы
Сельское хозяйство и пищевая пр…
Непромышленные потребители
Государственные (муниципальные…
Население и приравненные групп…
Территориальные сетевые органи…
Выручка отклонения по ПАО Россети на 2023 год
⬤ Отклонение, %
Интер РАО (для ФСК)
Промышленные потребители
Транспорт
Нефтедобыча
Нефтепереработка
Нефтепроводы
Газопроводы
Сельское хозяйство и пищевая пр…
Непромышленные потребители
Государственные (муниципальные…
Население и приравненные групп…
Территориальные сетевые органи…
абс.
%
Прогноз на месяц 
Ноябрь
КПО/Отпуск из сети 
Котловой полезный отпуск, млн. кВт.ч
Организация 
Все
Прогноз электропотребления и выручки за услуги по передаче в разрезе отраслей'

13-11-2024T09:08:19 - [TEST_STEP][PASSED] - a6 = a6.replaceAll("[^0-9]", ""): null

13-11-2024T09:08:19 - [TEST_STEP][PASSED] - println("a6:" + a6): null

13-11-2024T09:08:19 - [TEST_STEP][PASSED] - click(findTestObject("Прогноз по отраслям/Переключить отображение с процентов на абс Блок руководителя")): Object: 'Object Repository/Прогноз по отраслям/Переключить отображение с процентов на абс Блок руководителя' is clicked on

13-11-2024T09:08:19 - [MESSAGE][PASSED] - Object: 'Object Repository/Прогноз по отраслям/Переключить отображение с процентов на абс Блок руководителя' is clicked on

13-11-2024T09:08:19 - [TEST_STEP][PASSED] - click(findTestObject("Прогноз по отраслям/Фильтр Сравнение с")): Object: 'Object Repository/Прогноз по отраслям/Фильтр Сравнение с' is clicked on

13-11-2024T09:08:19 - [MESSAGE][PASSED] - Object: 'Object Repository/Прогноз по отраслям/Фильтр Сравнение с' is clicked on

13-11-2024T09:08:19 - [TEST_STEP][PASSED] - click(findTestObject("Прогноз по отраслям/Факт прошлого года")): Object: 'Object Repository/Прогноз по отраслям/Факт прошлого года' is clicked on

13-11-2024T09:08:20 - [MESSAGE][PASSED] - Object: 'Object Repository/Прогноз по отраслям/Факт прошлого года' is clicked on

13-11-2024T09:08:20 - [TEST_STEP][PASSED] - click(findTestObject("Прогноз по отраслям/Фильтр КПО-Отпуск")): Object: 'Object Repository/Прогноз по отраслям/Фильтр КПО-Отпуск' is clicked on

13-11-2024T09:08:22 - [MESSAGE][PASSED] - Object: 'Object Repository/Прогноз по отраслям/Фильтр КПО-Отпуск' is clicked on

13-11-2024T09:08:22 - [TEST_STEP][PASSED] - click(findTestObject("Прогноз по отраслям/Отпуск")): Object: 'Object Repository/Прогноз по отраслям/Отпуск' is clicked on

13-11-2024T09:08:23 - [MESSAGE][PASSED] - Object: 'Object Repository/Прогноз по отраслям/Отпуск' is clicked on

13-11-2024T09:08:23 - [TEST_STEP][PASSED] - delay(40): Delayed 40 second(s)

13-11-2024T09:09:03 - [MESSAGE][PASSED] - Delayed 40 second(s)

13-11-2024T09:09:03 - [TEST_STEP][PASSED] - a7 = getText(findTestObject("Прогноз по отраслям/Виджеты дашборда")): Text of object 'Object Repository/Прогноз по отраслям/Виджеты дашборда' is: 'Год 
2023 год
Сравнение с 
Факт прошлого года
Отклонения по ПАО Россети на 2023 год
-2 263.5 -2 263.5
11 054.6 11 054.6
1 280.2 1 280.2
-1 947.5 -1 947.5
90.9 90.9
-3 845.0 -3 845.0
4 162.1 4 162.1
651.7 651.7
-4 727.7 -4 727.7
256.5 256.5
-723.9 -723.9
4 292.3 4 292.3
⬤ Отклонение, млн. кВт.ч
Интер РАО (для ФСК)
Промышленные потребители
Транспорт
Нефтедобыча
Нефтепереработка
Нефтепроводы
Газопроводы
Сельское хозяйство и пищевая пр…
Непромышленные потребители
Государственные (муниципальные…
Население и приравненные групп…
Территориальные сетевые органи…
Выручка отклонения по ПАО Россети на 2023 год
421.3 421.3
45 574.9 45 574.9
9 547.5 9 547.5
4 889.3 4 889.3
2 337.4 2 337.4
-1 682.6 -1 682.6
2 919.4 2 919.4
7 110.2 7 110.2
19 840.8 19 840.8
7 289.5 7 289.5
23 664.8 23 664.8
31 028.3 31 028.3
⬤ Отклонение, млн. руб.
Интер РАО (для ФСК)
Промышленные потребители
Транспорт
Нефтедобыча
Нефтепереработка
Нефтепроводы
Газопроводы
Сельское хозяйство и пищевая пр…
Непромышленные потребители
Государственные (муниципальные…
Население и приравненные групп…
Территориальные сетевые органи…
Динамика электропотребления, млрд. кВт.ч. по ПАО Россети на 2023 год
12 12
186 186
36 36
50 50
10 10
19 19
0 0
17 17
85 85
19 19
82 82
604 604
10 10
197 197
37 37
48 48
10 10
15 15
4 4
18 18
80 80
19 19
82 82
608 608
Факт прошлого года
Ожидаемое (прогноз по конца года)
Интер РАО (дляФСК)
Промышленныепотребители
Транспорт
Нефтедобыча
Нефтепереработка
Нефтепроводы
Газопроводы
Сельскоехозяйство ипищеваяпромышленность
Непромышленныепотребители
Государственные(муниципальные)организации ипрочиебюджетныепотребители
Население иприравненныегруппыпотребителей
Территориальныесетевыеорганизации
Выручка по ПАО Россети на 2023 год
5 5
285 285
72 72
72 72
18 18
22 22
0 0
50 50
201 201
61 61
190 190
227 227
6 6
331 331
82 82
77 77
20 20
20 20
3 3
57 57
220 220
68 68
214 214
258 258
Факт прошлого года
Ожидаемое (прогноз по конца года)
Интер РАО (дляФСК)
Промышленныепотребители
Транспорт
Нефтедобыча
Нефтепереработка
Нефтепроводы
Газопроводы
Сельскоехозяйство ипищеваяпромышленность
Непромышленныепотребители
Государственные(муниципальные)организации ипрочиебюджетныепотребители
Население иприравненныегруппыпотребителей
Территориальныесетевыеорганизации
абс.
%
Прогноз на месяц 
Ноябрь
КПО/Отпуск из сети 
Отпуск из сети, млн. кВт.ч
Организация 
Все
Прогноз электропотребления и выручки за услуги по передаче в разрезе отраслей'

13-11-2024T09:09:04 - [MESSAGE][PASSED] - Text of object 'Object Repository/Прогноз по отраслям/Виджеты дашборда' is: 'Год 
2023 год
Сравнение с 
Факт прошлого года
Отклонения по ПАО Россети на 2023 год
-2 263.5 -2 263.5
11 054.6 11 054.6
1 280.2 1 280.2
-1 947.5 -1 947.5
90.9 90.9
-3 845.0 -3 845.0
4 162.1 4 162.1
651.7 651.7
-4 727.7 -4 727.7
256.5 256.5
-723.9 -723.9
4 292.3 4 292.3
⬤ Отклонение, млн. кВт.ч
Интер РАО (для ФСК)
Промышленные потребители
Транспорт
Нефтедобыча
Нефтепереработка
Нефтепроводы
Газопроводы
Сельское хозяйство и пищевая пр…
Непромышленные потребители
Государственные (муниципальные…
Население и приравненные групп…
Территориальные сетевые органи…
Выручка отклонения по ПАО Россети на 2023 год
421.3 421.3
45 574.9 45 574.9
9 547.5 9 547.5
4 889.3 4 889.3
2 337.4 2 337.4
-1 682.6 -1 682.6
2 919.4 2 919.4
7 110.2 7 110.2
19 840.8 19 840.8
7 289.5 7 289.5
23 664.8 23 664.8
31 028.3 31 028.3
⬤ Отклонение, млн. руб.
Интер РАО (для ФСК)
Промышленные потребители
Транспорт
Нефтедобыча
Нефтепереработка
Нефтепроводы
Газопроводы
Сельское хозяйство и пищевая пр…
Непромышленные потребители
Государственные (муниципальные…
Население и приравненные групп…
Территориальные сетевые органи…
Динамика электропотребления, млрд. кВт.ч. по ПАО Россети на 2023 год
12 12
186 186
36 36
50 50
10 10
19 19
0 0
17 17
85 85
19 19
82 82
604 604
10 10
197 197
37 37
48 48
10 10
15 15
4 4
18 18
80 80
19 19
82 82
608 608
Факт прошлого года
Ожидаемое (прогноз по конца года)
Интер РАО (дляФСК)
Промышленныепотребители
Транспорт
Нефтедобыча
Нефтепереработка
Нефтепроводы
Газопроводы
Сельскоехозяйство ипищеваяпромышленность
Непромышленныепотребители
Государственные(муниципальные)организации ипрочиебюджетныепотребители
Население иприравненныегруппыпотребителей
Территориальныесетевыеорганизации
Выручка по ПАО Россети на 2023 год
5 5
285 285
72 72
72 72
18 18
22 22
0 0
50 50
201 201
61 61
190 190
227 227
6 6
331 331
82 82
77 77
20 20
20 20
3 3
57 57
220 220
68 68
214 214
258 258
Факт прошлого года
Ожидаемое (прогноз по конца года)
Интер РАО (дляФСК)
Промышленныепотребители
Транспорт
Нефтедобыча
Нефтепереработка
Нефтепроводы
Газопроводы
Сельскоехозяйство ипищеваяпромышленность
Непромышленныепотребители
Государственные(муниципальные)организации ипрочиебюджетныепотребители
Население иприравненныегруппыпотребителей
Территориальныесетевыеорганизации
абс.
%
Прогноз на месяц 
Ноябрь
КПО/Отпуск из сети 
Отпуск из сети, млн. кВт.ч
Организация 
Все
Прогноз электропотребления и выручки за услуги по передаче в разрезе отраслей'

13-11-2024T09:09:04 - [TEST_STEP][PASSED] - a7 = a7.replaceAll("[^0-9]", ""): null

13-11-2024T09:09:04 - [TEST_STEP][PASSED] - println("a7:" + a7): null

13-11-2024T09:09:04 - [TEST_STEP][PASSED] - click(findTestObject("Прогноз по отраслям/Фильтр Сравнение с")): Object: 'Object Repository/Прогноз по отраслям/Фильтр Сравнение с' is clicked on

13-11-2024T09:09:04 - [MESSAGE][PASSED] - Object: 'Object Repository/Прогноз по отраслям/Фильтр Сравнение с' is clicked on

13-11-2024T09:09:04 - [TEST_STEP][PASSED] - click(findTestObject("Прогноз по отраслям/План")): Object: 'Object Repository/Прогноз по отраслям/План' is clicked on

13-11-2024T09:09:05 - [MESSAGE][PASSED] - Object: 'Object Repository/Прогноз по отраслям/План' is clicked on

13-11-2024T09:09:05 - [TEST_STEP][PASSED] - delay(40): Delayed 40 second(s)

13-11-2024T09:09:45 - [MESSAGE][PASSED] - Delayed 40 second(s)

13-11-2024T09:09:45 - [TEST_STEP][PASSED] - a8 = getText(findTestObject("Прогноз по отраслям/Виджеты дашборда")): Text of object 'Object Repository/Прогноз по отраслям/Виджеты дашборда' is: 'Год 
2023 год
Сравнение с 
План
Отклонения по ПАО Россети на 2023 год
-492.2 -492.2
7 165.1 7 165.1
689.3 689.3
33 271.7 33 271.7
986.4 986.4
593.8 593.8
764.0 764.0
670.4 670.4
-592.4 -592.4
308.8 308.8
-940.9 -940.9
19 604.1 19 604.1
⬤ Отклонение, млн. кВт.ч
Интер РАО (для ФСК)
Промышленные потребители
Транспорт
Нефтедобыча
Нефтепереработка
Нефтепроводы
Газопроводы
Сельское хозяйство и пищевая пр…
Непромышленные потребители
Государственные (муниципальные…
Население и приравненные групп…
Территориальные сетевые органи…
Выручка отклонения по ПАО Россети на 2023 год
794.9 794.9
12 195.0 12 195.0
972.7 972.7
61 803.9 61 803.9
4 222.3 4 222.3
-121.8 -121.8
666.2 666.2
873.2 873.2
5 809.6 5 809.6
1 342.6 1 342.6
-4 463.2 -4 463.2
18 375.5 18 375.5
⬤ Отклонение, млн. руб.
Интер РАО (для ФСК)
Промышленные потребители
Транспорт
Нефтедобыча
Нефтепереработка
Нефтепроводы
Газопроводы
Сельское хозяйство и пищевая пр…
Непромышленные потребители
Государственные (муниципальные…
Население и приравненные групп…
Территориальные сетевые органи…
Динамика электропотребления, млрд. кВт.ч. по ПАО Россети на 2023 год
10 10
190 190
36 36
14 14
9 9
14 14
4 4
17 17
80 80
19 19
82 82
588 588
10 10
197 197
37 37
48 48
10 10
15 15
4 4
18 18
80 80
19 19
82 82
608 608
План
Ожидаемое (прогноз по конца года)
Интер РАО (дляФСК)
Промышленныепотребители
Транспорт
Нефтедобыча
Нефтепереработка
Нефтепроводы
Газопроводы
Сельскоехозяйство ипищеваяпромышленность
Непромышленныепотребители
Государственные(муниципальные)организации ипрочиебюджетныепотребители
Население иприравненныегруппыпотребителей
Территориальныесетевыеорганизации
Выручка по ПАО Россети на 2023 год
5 5
319 319
81 81
16 16
16 16
20 20
2 2
56 56
215 215
67 67
218 218
239 239
6 6
331 331
82 82
77 77
20 20
20 20
3 3
57 57
220 220
68 68
214 214
258 258
План
Ожидаемое (прогноз по конца года)
Интер РАО (дляФСК)
Промышленныепотребители
Транспорт
Нефтедобыча
Нефтепереработка
Нефтепроводы
Газопроводы
Сельскоехозяйство ипищеваяпромышленность
Непромышленныепотребители
Государственные(муниципальные)организации ипрочиебюджетныепотребители
Население иприравненныегруппыпотребителей
Территориальныесетевыеорганизации
абс.
%
Прогноз на месяц 
Ноябрь
КПО/Отпуск из сети 
Отпуск из сети, млн. кВт.ч
Организация 
Все
Прогноз электропотребления и выручки за услуги по передаче в разрезе отраслей'

13-11-2024T09:09:45 - [MESSAGE][PASSED] - Text of object 'Object Repository/Прогноз по отраслям/Виджеты дашборда' is: 'Год 
2023 год
Сравнение с 
План
Отклонения по ПАО Россети на 2023 год
-492.2 -492.2
7 165.1 7 165.1
689.3 689.3
33 271.7 33 271.7
986.4 986.4
593.8 593.8
764.0 764.0
670.4 670.4
-592.4 -592.4
308.8 308.8
-940.9 -940.9
19 604.1 19 604.1
⬤ Отклонение, млн. кВт.ч
Интер РАО (для ФСК)
Промышленные потребители
Транспорт
Нефтедобыча
Нефтепереработка
Нефтепроводы
Газопроводы
Сельское хозяйство и пищевая пр…
Непромышленные потребители
Государственные (муниципальные…
Население и приравненные групп…
Территориальные сетевые органи…
Выручка отклонения по ПАО Россети на 2023 год
794.9 794.9
12 195.0 12 195.0
972.7 972.7
61 803.9 61 803.9
4 222.3 4 222.3
-121.8 -121.8
666.2 666.2
873.2 873.2
5 809.6 5 809.6
1 342.6 1 342.6
-4 463.2 -4 463.2
18 375.5 18 375.5
⬤ Отклонение, млн. руб.
Интер РАО (для ФСК)
Промышленные потребители
Транспорт
Нефтедобыча
Нефтепереработка
Нефтепроводы
Газопроводы
Сельское хозяйство и пищевая пр…
Непромышленные потребители
Государственные (муниципальные…
Население и приравненные групп…
Территориальные сетевые органи…
Динамика электропотребления, млрд. кВт.ч. по ПАО Россети на 2023 год
10 10
190 190
36 36
14 14
9 9
14 14
4 4
17 17
80 80
19 19
82 82
588 588
10 10
197 197
37 37
48 48
10 10
15 15
4 4
18 18
80 80
19 19
82 82
608 608
План
Ожидаемое (прогноз по конца года)
Интер РАО (дляФСК)
Промышленныепотребители
Транспорт
Нефтедобыча
Нефтепереработка
Нефтепроводы
Газопроводы
Сельскоехозяйство ипищеваяпромышленность
Непромышленныепотребители
Государственные(муниципальные)организации ипрочиебюджетныепотребители
Население иприравненныегруппыпотребителей
Территориальныесетевыеорганизации
Выручка по ПАО Россети на 2023 год
5 5
319 319
81 81
16 16
16 16
20 20
2 2
56 56
215 215
67 67
218 218
239 239
6 6
331 331
82 82
77 77
20 20
20 20
3 3
57 57
220 220
68 68
214 214
258 258
План
Ожидаемое (прогноз по конца года)
Интер РАО (дляФСК)
Промышленныепотребители
Транспорт
Нефтедобыча
Нефтепереработка
Нефтепроводы
Газопроводы
Сельскоехозяйство ипищеваяпромышленность
Непромышленныепотребители
Государственные(муниципальные)организации ипрочиебюджетныепотребители
Население иприравненныегруппыпотребителей
Территориальныесетевыеорганизации
абс.
%
Прогноз на месяц 
Ноябрь
КПО/Отпуск из сети 
Отпуск из сети, млн. кВт.ч
Организация 
Все
Прогноз электропотребления и выручки за услуги по передаче в разрезе отраслей'

13-11-2024T09:09:45 - [TEST_STEP][PASSED] - a8 = a8.replaceAll("[^0-9]", ""): null

13-11-2024T09:09:45 - [TEST_STEP][PASSED] - println("a8:" + a8): null

13-11-2024T09:09:45 - [TEST_STEP][PASSED] - click(findTestObject("Прогноз по отраслям/Фильтр Сравнение с")): Object: 'Object Repository/Прогноз по отраслям/Фильтр Сравнение с' is clicked on

13-11-2024T09:09:46 - [MESSAGE][PASSED] - Object: 'Object Repository/Прогноз по отраслям/Фильтр Сравнение с' is clicked on

13-11-2024T09:09:46 - [TEST_STEP][PASSED] - click(findTestObject("Прогноз по отраслям/План СУ")): Object: 'Object Repository/Прогноз по отраслям/План СУ' is clicked on

13-11-2024T09:09:47 - [MESSAGE][PASSED] - Object: 'Object Repository/Прогноз по отраслям/План СУ' is clicked on

13-11-2024T09:09:47 - [TEST_STEP][PASSED] - delay(40): Delayed 40 second(s)

13-11-2024T09:10:27 - [MESSAGE][PASSED] - Delayed 40 second(s)

13-11-2024T09:10:27 - [TEST_STEP][PASSED] - a9 = getText(findTestObject("Прогноз по отраслям/Виджеты дашборда")): Text of object 'Object Repository/Прогноз по отраслям/Виджеты дашборда' is: 'Год 
2023 год
Сравнение с 
План/СУ
Отклонения по ПАО Россети на 2023 год
243.5 243.5
11 013.5 11 013.5
674.8 674.8
32 765.3 32 765.3
1 049.4 1 049.4
271.8 271.8
495.2 495.2
588.7 588.7
-7 607.7 -7 607.7
31.9 31.9
-1 318.1 -1 318.1
10 906.5 10 906.5
⬤ Отклонение, млн. кВт.ч
Интер РАО (для ФСК)
Промышленные потребители
Транспорт
Нефтедобыча
Нефтепереработка
Нефтепроводы
Газопроводы
Сельское хозяйство и пищевая пр…
Непромышленные потребители
Государственные (муниципальные…
Население и приравненные групп…
Территориальные сетевые органи…
Выручка отклонения по ПАО Россети на 2023 год
⬤ Отклонение, млн. руб.
Интер РАО (для ФСК)
Промышленные потребители
Транспорт
Нефтедобыча
Нефтепереработка
Нефтепроводы
Газопроводы
Сельское хозяйство и пищевая пр…
Непромышленные потребители
Государственные (муниципальные…
Население и приравненные групп…
Территориальные сетевые органи…
Динамика электропотребления, млрд. кВт.ч. по ПАО Россети на 2023 год
10 10
186 186
36 36
15 15
9 9
14 14
4 4
17 17
88 88
19 19
83 83
597 597
10 10
197 197
37 37
48 48
10 10
15 15
4 4
18 18
80 80
19 19
82 82
608 608
СУ
Ожидаемое (прогноз по конца года)
Интер РАО (дляФСК)
Промышленныепотребители
Транспорт
Нефтедобыча
Нефтепереработка
Нефтепроводы
Газопроводы
Сельскоехозяйство ипищеваяпромышленность
Непромышленныепотребители
Государственные(муниципальные)организации ипрочиебюджетныепотребители
Население иприравненныегруппыпотребителей
Территориальныесетевыеорганизации
Выручка по ПАО Россети на 2023 год
6 6
331 331
82 82
77 77
20 20
20 20
3 3
57 57
220 220
68 68
214 214
258 258
Ожидаемое (прогноз по конца года)
Интер РАО (дляФСК)
Промышленныепотребители
Транспорт
Нефтедобыча
Нефтепереработка
Нефтепроводы
Газопроводы
Сельскоехозяйство ипищеваяпромышленность
Непромышленныепотребители
Государственные(муниципальные)организации ипрочиебюджетныепотребители
Население иприравненныегруппыпотребителей
Территориальныесетевыеорганизации
абс.
%
Прогноз на месяц 
Ноябрь
КПО/Отпуск из сети 
Отпуск из сети, млн. кВт.ч
Организация 
Все
Прогноз электропотребления и выручки за услуги по передаче в разрезе отраслей'

13-11-2024T09:10:27 - [MESSAGE][PASSED] - Text of object 'Object Repository/Прогноз по отраслям/Виджеты дашборда' is: 'Год 
2023 год
Сравнение с 
План/СУ
Отклонения по ПАО Россети на 2023 год
243.5 243.5
11 013.5 11 013.5
674.8 674.8
32 765.3 32 765.3
1 049.4 1 049.4
271.8 271.8
495.2 495.2
588.7 588.7
-7 607.7 -7 607.7
31.9 31.9
-1 318.1 -1 318.1
10 906.5 10 906.5
⬤ Отклонение, млн. кВт.ч
Интер РАО (для ФСК)
Промышленные потребители
Транспорт
Нефтедобыча
Нефтепереработка
Нефтепроводы
Газопроводы
Сельское хозяйство и пищевая пр…
Непромышленные потребители
Государственные (муниципальные…
Население и приравненные групп…
Территориальные сетевые органи…
Выручка отклонения по ПАО Россети на 2023 год
⬤ Отклонение, млн. руб.
Интер РАО (для ФСК)
Промышленные потребители
Транспорт
Нефтедобыча
Нефтепереработка
Нефтепроводы
Газопроводы
Сельское хозяйство и пищевая пр…
Непромышленные потребители
Государственные (муниципальные…
Население и приравненные групп…
Территориальные сетевые органи…
Динамика электропотребления, млрд. кВт.ч. по ПАО Россети на 2023 год
10 10
186 186
36 36
15 15
9 9
14 14
4 4
17 17
88 88
19 19
83 83
597 597
10 10
197 197
37 37
48 48
10 10
15 15
4 4
18 18
80 80
19 19
82 82
608 608
СУ
Ожидаемое (прогноз по конца года)
Интер РАО (дляФСК)
Промышленныепотребители
Транспорт
Нефтедобыча
Нефтепереработка
Нефтепроводы
Газопроводы
Сельскоехозяйство ипищеваяпромышленность
Непромышленныепотребители
Государственные(муниципальные)организации ипрочиебюджетныепотребители
Население иприравненныегруппыпотребителей
Территориальныесетевыеорганизации
Выручка по ПАО Россети на 2023 год
6 6
331 331
82 82
77 77
20 20
20 20
3 3
57 57
220 220
68 68
214 214
258 258
Ожидаемое (прогноз по конца года)
Интер РАО (дляФСК)
Промышленныепотребители
Транспорт
Нефтедобыча
Нефтепереработка
Нефтепроводы
Газопроводы
Сельскоехозяйство ипищеваяпромышленность
Непромышленныепотребители
Государственные(муниципальные)организации ипрочиебюджетныепотребители
Население иприравненныегруппыпотребителей
Территориальныесетевыеорганизации
абс.
%
Прогноз на месяц 
Ноябрь
КПО/Отпуск из сети 
Отпуск из сети, млн. кВт.ч
Организация 
Все
Прогноз электропотребления и выручки за услуги по передаче в разрезе отраслей'

13-11-2024T09:10:27 - [TEST_STEP][PASSED] - a9 = a9.replaceAll("[^0-9]", ""): null

13-11-2024T09:10:27 - [TEST_STEP][PASSED] - println("a9:" + a9): null

13-11-2024T09:10:27 - [TEST_STEP][PASSED] - click(findTestObject("Прогноз по отраслям/Фильтр Сравнение с")): Object: 'Object Repository/Прогноз по отраслям/Фильтр Сравнение с' is clicked on

13-11-2024T09:10:28 - [MESSAGE][PASSED] - Object: 'Object Repository/Прогноз по отраслям/Фильтр Сравнение с' is clicked on

13-11-2024T09:10:28 - [TEST_STEP][PASSED] - click(findTestObject("Прогноз по отраслям/Факт прошлого года")): Object: 'Object Repository/Прогноз по отраслям/Факт прошлого года' is clicked on

13-11-2024T09:10:28 - [MESSAGE][PASSED] - Object: 'Object Repository/Прогноз по отраслям/Факт прошлого года' is clicked on

13-11-2024T09:10:28 - [TEST_STEP][PASSED] - click(findTestObject("Прогноз по отраслям/Фильтр КПО-Отпуск")): Object: 'Object Repository/Прогноз по отраслям/Фильтр КПО-Отпуск' is clicked on

13-11-2024T09:10:31 - [MESSAGE][PASSED] - Object: 'Object Repository/Прогноз по отраслям/Фильтр КПО-Отпуск' is clicked on

13-11-2024T09:10:31 - [TEST_STEP][PASSED] - click(findTestObject("Прогноз по отраслям/КПО")): Object: 'Object Repository/Прогноз по отраслям/КПО' is clicked on

13-11-2024T09:10:32 - [MESSAGE][PASSED] - Object: 'Object Repository/Прогноз по отраслям/КПО' is clicked on

13-11-2024T09:10:32 - [TEST_STEP][PASSED] - delay(40): Delayed 40 second(s)

13-11-2024T09:11:12 - [MESSAGE][PASSED] - Delayed 40 second(s)

13-11-2024T09:11:12 - [TEST_STEP][PASSED] - a10 = getText(findTestObject("Прогноз по отраслям/Виджеты дашборда")): Text of object 'Object Repository/Прогноз по отраслям/Виджеты дашборда' is: 'Год 
2023 год
Сравнение с 
Факт прошлого года
Отклонения по ПАО Россети на 2023 год
0.0 0.0
646.5 646.5
341.1 341.1
-2 455.6 -2 455.6
245.6 245.6
-1 796.0 -1 796.0
676.2 676.2
452.4 452.4
1 386.2 1 386.2
527.5 527.5
-1 130.4 -1 130.4
-128.7 -128.7
⬤ Отклонение, млн. кВт.ч
Интер РАО (для ФСК)
Промышленные потребители
Транспорт
Нефтедобыча
Нефтепереработка
Нефтепроводы
Газопроводы
Сельское хозяйство и пищевая пр…
Непромышленные потребители
Государственные (муниципальные…
Население и приравненные групп…
Территориальные сетевые органи…
Выручка отклонения по ПАО Россети на 2023 год
421.3 421.3
45 574.9 45 574.9
9 547.5 9 547.5
4 889.3 4 889.3
2 337.4 2 337.4
-1 682.6 -1 682.6
2 919.4 2 919.4
7 110.2 7 110.2
19 840.8 19 840.8
7 289.5 7 289.5
23 664.8 23 664.8
31 028.3 31 028.3
⬤ Отклонение, млн. руб.
Интер РАО (для ФСК)
Промышленные потребители
Транспорт
Нефтедобыча
Нефтепереработка
Нефтепроводы
Газопроводы
Сельское хозяйство и пищевая пр…
Непромышленные потребители
Государственные (муниципальные…
Население и приравненные групп…
Территориальные сетевые органи…
Динамика электропотребления, млрд. кВт.ч. по ПАО Россети на 2023 год
0 0
120 120
38 38
41 41
8 8
10 10
0 0
19 19
77 77
25 25
122 122
61 61
0 0
120 120
39 39
39 39
8 8
8 8
1 1
20 20
78 78
26 26
121 121
60 60
Факт прошлого года
Ожидаемое (прогноз по конца года)
Интер РАО (дляФСК)
Промышленныепотребители
Транспорт
Нефтедобыча
Нефтепереработка
Нефтепроводы
Газопроводы
Сельскоехозяйство ипищеваяпромышленность
Непромышленныепотребители
Государственные(муниципальные)организации ипрочиебюджетныепотребители
Население иприравненныегруппыпотребителей
Территориальныесетевыеорганизации
Выручка по ПАО Россети на 2023 год
5 5
285 285
72 72
72 72
18 18
22 22
0 0
50 50
201 201
61 61
190 190
227 227
6 6
331 331
82 82
77 77
20 20
20 20
3 3
57 57
220 220
68 68
214 214
258 258
Факт прошлого года
Ожидаемое (прогноз по конца года)
Интер РАО (дляФСК)
Промышленныепотребители
Транспорт
Нефтедобыча
Нефтепереработка
Нефтепроводы
Газопроводы
Сельскоехозяйство ипищеваяпромышленность
Непромышленныепотребители
Государственные(муниципальные)организации ипрочиебюджетныепотребители
Население иприравненныегруппыпотребителей
Территориальныесетевыеорганизации
абс.
%
Прогноз на месяц 
Ноябрь
КПО/Отпуск из сети 
Котловой полезный отпуск, млн. кВт.ч
Организация 
Все
Прогноз электропотребления и выручки за услуги по передаче в разрезе отраслей'

13-11-2024T09:11:12 - [MESSAGE][PASSED] - Text of object 'Object Repository/Прогноз по отраслям/Виджеты дашборда' is: 'Год 
2023 год
Сравнение с 
Факт прошлого года
Отклонения по ПАО Россети на 2023 год
0.0 0.0
646.5 646.5
341.1 341.1
-2 455.6 -2 455.6
245.6 245.6
-1 796.0 -1 796.0
676.2 676.2
452.4 452.4
1 386.2 1 386.2
527.5 527.5
-1 130.4 -1 130.4
-128.7 -128.7
⬤ Отклонение, млн. кВт.ч
Интер РАО (для ФСК)
Промышленные потребители
Транспорт
Нефтедобыча
Нефтепереработка
Нефтепроводы
Газопроводы
Сельское хозяйство и пищевая пр…
Непромышленные потребители
Государственные (муниципальные…
Население и приравненные групп…
Территориальные сетевые органи…
Выручка отклонения по ПАО Россети на 2023 год
421.3 421.3
45 574.9 45 574.9
9 547.5 9 547.5
4 889.3 4 889.3
2 337.4 2 337.4
-1 682.6 -1 682.6
2 919.4 2 919.4
7 110.2 7 110.2
19 840.8 19 840.8
7 289.5 7 289.5
23 664.8 23 664.8
31 028.3 31 028.3
⬤ Отклонение, млн. руб.
Интер РАО (для ФСК)
Промышленные потребители
Транспорт
Нефтедобыча
Нефтепереработка
Нефтепроводы
Газопроводы
Сельское хозяйство и пищевая пр…
Непромышленные потребители
Государственные (муниципальные…
Население и приравненные групп…
Территориальные сетевые органи…
Динамика электропотребления, млрд. кВт.ч. по ПАО Россети на 2023 год
0 0
120 120
38 38
41 41
8 8
10 10
0 0
19 19
77 77
25 25
122 122
61 61
0 0
120 120
39 39
39 39
8 8
8 8
1 1
20 20
78 78
26 26
121 121
60 60
Факт прошлого года
Ожидаемое (прогноз по конца года)
Интер РАО (дляФСК)
Промышленныепотребители
Транспорт
Нефтедобыча
Нефтепереработка
Нефтепроводы
Газопроводы
Сельскоехозяйство ипищеваяпромышленность
Непромышленныепотребители
Государственные(муниципальные)организации ипрочиебюджетныепотребители
Население иприравненныегруппыпотребителей
Территориальныесетевыеорганизации
Выручка по ПАО Россети на 2023 год
5 5
285 285
72 72
72 72
18 18
22 22
0 0
50 50
201 201
61 61
190 190
227 227
6 6
331 331
82 82
77 77
20 20
20 20
3 3
57 57
220 220
68 68
214 214
258 258
Факт прошлого года
Ожидаемое (прогноз по конца года)
Интер РАО (дляФСК)
Промышленныепотребители
Транспорт
Нефтедобыча
Нефтепереработка
Нефтепроводы
Газопроводы
Сельскоехозяйство ипищеваяпромышленность
Непромышленныепотребители
Государственные(муниципальные)организации ипрочиебюджетныепотребители
Население иприравненныегруппыпотребителей
Территориальныесетевыеорганизации
абс.
%
Прогноз на месяц 
Ноябрь
КПО/Отпуск из сети 
Котловой полезный отпуск, млн. кВт.ч
Организация 
Все
Прогноз электропотребления и выручки за услуги по передаче в разрезе отраслей'

13-11-2024T09:11:12 - [TEST_STEP][PASSED] - a10 = a10.replaceAll("[^0-9]", ""): null

13-11-2024T09:11:12 - [TEST_STEP][PASSED] - println("a10:" + a10): null

13-11-2024T09:11:12 - [TEST_STEP][PASSED] - click(findTestObject("Прогноз по отраслям/Фильтр Сравнение с")): Object: 'Object Repository/Прогноз по отраслям/Фильтр Сравнение с' is clicked on

13-11-2024T09:11:13 - [MESSAGE][PASSED] - Object: 'Object Repository/Прогноз по отраслям/Фильтр Сравнение с' is clicked on

13-11-2024T09:11:13 - [TEST_STEP][PASSED] - click(findTestObject("Прогноз по отраслям/План")): Object: 'Object Repository/Прогноз по отраслям/План' is clicked on

13-11-2024T09:11:13 - [MESSAGE][PASSED] - Object: 'Object Repository/Прогноз по отраслям/План' is clicked on

13-11-2024T09:11:13 - [TEST_STEP][PASSED] - delay(40): Delayed 40 second(s)

13-11-2024T09:11:53 - [MESSAGE][PASSED] - Delayed 40 second(s)

13-11-2024T09:11:53 - [TEST_STEP][PASSED] - a11 = getText(findTestObject("Прогноз по отраслям/Виджеты дашборда")): Text of object 'Object Repository/Прогноз по отраслям/Виджеты дашборда' is: 'Год 
2023 год
Сравнение с 
План
Отклонения по ПАО Россети на 2023 год
0.0 0.0
1 471.7 1 471.7
1 186.5 1 186.5
32 445.2 32 445.2
1 268.3 1 268.3
349.4 349.4
84.3 84.3
239.8 239.8
2 969.4 2 969.4
589.2 589.2
-1 798.4 -1 798.4
5 359.3 5 359.3
⬤ Отклонение, млн. кВт.ч
Интер РАО (для ФСК)
Промышленные потребители
Транспорт
Нефтедобыча
Нефтепереработка
Нефтепроводы
Газопроводы
Сельское хозяйство и пищевая пр…
Непромышленные потребители
Государственные (муниципальные…
Население и приравненные групп…
Территориальные сетевые органи…
Выручка отклонения по ПАО Россети на 2023 год
794.9 794.9
12 195.0 12 195.0
972.7 972.7
61 803.9 61 803.9
4 222.3 4 222.3
-121.8 -121.8
666.2 666.2
873.2 873.2
5 809.6 5 809.6
1 342.6 1 342.6
-4 463.2 -4 463.2
18 375.5 18 375.5
⬤ Отклонение, млн. руб.
Интер РАО (для ФСК)
Промышленные потребители
Транспорт
Нефтедобыча
Нефтепереработка
Нефтепроводы
Газопроводы
Сельское хозяйство и пищевая пр…
Непромышленные потребители
Государственные (муниципальные…
Население и приравненные групп…
Территориальные сетевые органи…
Динамика электропотребления, млрд. кВт.ч. по ПАО Россети на 2023 год
0 0
119 119
37 37
7 7
7 7
8 8
1 1
19 19
75 75
25 25
123 123
55 55
0 0
120 120
39 39
39 39
8 8
8 8
1 1
20 20
78 78
26 26
121 121
60 60
План
Ожидаемое (прогноз по конца года)
Интер РАО (дляФСК)
Промышленныепотребители
Транспорт
Нефтедобыча
Нефтепереработка
Нефтепроводы
Газопроводы
Сельскоехозяйство ипищеваяпромышленность
Непромышленныепотребители
Государственные(муниципальные)организации ипрочиебюджетныепотребители
Население иприравненныегруппыпотребителей
Территориальныесетевыеорганизации
Выручка по ПАО Россети на 2023 год
5 5
319 319
81 81
16 16
16 16
20 20
2 2
56 56
215 215
67 67
218 218
239 239
6 6
331 331
82 82
77 77
20 20
20 20
3 3
57 57
220 220
68 68
214 214
258 258
План
Ожидаемое (прогноз по конца года)
Интер РАО (дляФСК)
Промышленныепотребители
Транспорт
Нефтедобыча
Нефтепереработка
Нефтепроводы
Газопроводы
Сельскоехозяйство ипищеваяпромышленность
Непромышленныепотребители
Государственные(муниципальные)организации ипрочиебюджетныепотребители
Население иприравненныегруппыпотребителей
Территориальныесетевыеорганизации
абс.
%
Прогноз на месяц 
Ноябрь
КПО/Отпуск из сети 
Котловой полезный отпуск, млн. кВт.ч
Организация 
Все
Прогноз электропотребления и выручки за услуги по передаче в разрезе отраслей'

13-11-2024T09:11:54 - [MESSAGE][PASSED] - Text of object 'Object Repository/Прогноз по отраслям/Виджеты дашборда' is: 'Год 
2023 год
Сравнение с 
План
Отклонения по ПАО Россети на 2023 год
0.0 0.0
1 471.7 1 471.7
1 186.5 1 186.5
32 445.2 32 445.2
1 268.3 1 268.3
349.4 349.4
84.3 84.3
239.8 239.8
2 969.4 2 969.4
589.2 589.2
-1 798.4 -1 798.4
5 359.3 5 359.3
⬤ Отклонение, млн. кВт.ч
Интер РАО (для ФСК)
Промышленные потребители
Транспорт
Нефтедобыча
Нефтепереработка
Нефтепроводы
Газопроводы
Сельское хозяйство и пищевая пр…
Непромышленные потребители
Государственные (муниципальные…
Население и приравненные групп…
Территориальные сетевые органи…
Выручка отклонения по ПАО Россети на 2023 год
794.9 794.9
12 195.0 12 195.0
972.7 972.7
61 803.9 61 803.9
4 222.3 4 222.3
-121.8 -121.8
666.2 666.2
873.2 873.2
5 809.6 5 809.6
1 342.6 1 342.6
-4 463.2 -4 463.2
18 375.5 18 375.5
⬤ Отклонение, млн. руб.
Интер РАО (для ФСК)
Промышленные потребители
Транспорт
Нефтедобыча
Нефтепереработка
Нефтепроводы
Газопроводы
Сельское хозяйство и пищевая пр…
Непромышленные потребители
Государственные (муниципальные…
Население и приравненные групп…
Территориальные сетевые органи…
Динамика электропотребления, млрд. кВт.ч. по ПАО Россети на 2023 год
0 0
119 119
37 37
7 7
7 7
8 8
1 1
19 19
75 75
25 25
123 123
55 55
0 0
120 120
39 39
39 39
8 8
8 8
1 1
20 20
78 78
26 26
121 121
60 60
План
Ожидаемое (прогноз по конца года)
Интер РАО (дляФСК)
Промышленныепотребители
Транспорт
Нефтедобыча
Нефтепереработка
Нефтепроводы
Газопроводы
Сельскоехозяйство ипищеваяпромышленность
Непромышленныепотребители
Государственные(муниципальные)организации ипрочиебюджетныепотребители
Население иприравненныегруппыпотребителей
Территориальныесетевыеорганизации
Выручка по ПАО Россети на 2023 год
5 5
319 319
81 81
16 16
16 16
20 20
2 2
56 56
215 215
67 67
218 218
239 239
6 6
331 331
82 82
77 77
20 20
20 20
3 3
57 57
220 220
68 68
214 214
258 258
План
Ожидаемое (прогноз по конца года)
Интер РАО (дляФСК)
Промышленныепотребители
Транспорт
Нефтедобыча
Нефтепереработка
Нефтепроводы
Газопроводы
Сельскоехозяйство ипищеваяпромышленность
Непромышленныепотребители
Государственные(муниципальные)организации ипрочиебюджетныепотребители
Население иприравненныегруппыпотребителей
Территориальныесетевыеорганизации
абс.
%
Прогноз на месяц 
Ноябрь
КПО/Отпуск из сети 
Котловой полезный отпуск, млн. кВт.ч
Организация 
Все
Прогноз электропотребления и выручки за услуги по передаче в разрезе отраслей'

13-11-2024T09:11:54 - [TEST_STEP][PASSED] - println("a11:" + a11): null

13-11-2024T09:11:54 - [TEST_STEP][PASSED] - a11 = a11.replaceAll("[^0-9]", ""): null

13-11-2024T09:11:54 - [TEST_STEP][PASSED] - println("a11:" + a11): null

13-11-2024T09:11:54 - [TEST_STEP][PASSED] - click(findTestObject("Прогноз по отраслям/Фильтр Сравнение с")): Object: 'Object Repository/Прогноз по отраслям/Фильтр Сравнение с' is clicked on

13-11-2024T09:11:54 - [MESSAGE][PASSED] - Object: 'Object Repository/Прогноз по отраслям/Фильтр Сравнение с' is clicked on

13-11-2024T09:11:54 - [TEST_STEP][PASSED] - click(findTestObject("Прогноз по отраслям/План СУ")): Object: 'Object Repository/Прогноз по отраслям/План СУ' is clicked on

13-11-2024T09:11:55 - [MESSAGE][PASSED] - Object: 'Object Repository/Прогноз по отраслям/План СУ' is clicked on

13-11-2024T09:11:55 - [TEST_STEP][PASSED] - delay(40): Delayed 40 second(s)

13-11-2024T09:12:35 - [MESSAGE][PASSED] - Delayed 40 second(s)

13-11-2024T09:12:35 - [TEST_STEP][PASSED] - a12 = getText(findTestObject("Прогноз по отраслям/Виджеты дашборда")): Text of object 'Object Repository/Прогноз по отраслям/Виджеты дашборда' is: 'Год 
2023 год
Сравнение с 
План/СУ
Отклонения по ПАО Россети на 2023 год
0.0 0.0
120 322.6 120 322.6
38 655.4 38 655.4
39 037.8 39 037.8
8 291.7 8 291.7
8 259.5 8 259.5
793.1 793.1
19 706.6 19 706.6
78 310.2 78 310.2
25 579.5 25 579.5
121 219.7 121 219.7
60 414.9 60 414.9
⬤ Отклонение, млн. кВт.ч
Интер РАО (для ФСК)
Промышленные потребители
Транспорт
Нефтедобыча
Нефтепереработка
Нефтепроводы
Газопроводы
Сельское хозяйство и пищевая пр…
Непромышленные потребители
Государственные (муниципальные…
Население и приравненные групп…
Территориальные сетевые органи…
Выручка отклонения по ПАО Россети на 2023 год
⬤ Отклонение, млн. руб.
Интер РАО (для ФСК)
Промышленные потребители
Транспорт
Нефтедобыча
Нефтепереработка
Нефтепроводы
Газопроводы
Сельское хозяйство и пищевая пр…
Непромышленные потребители
Государственные (муниципальные…
Население и приравненные групп…
Территориальные сетевые органи…
Динамика электропотребления, млрд. кВт.ч. по ПАО Россети на 2023 год
0 0
0 0
0 0
0 0
0 0
0 0
0 0
0 0
0 0
0 0
0 0
0 0
0 0
120 120
39 39
39 39
8 8
8 8
1 1
20 20
78 78
26 26
121 121
60 60
СУ
Ожидаемое (прогноз по конца года)
Интер РАО (дляФСК)
Промышленныепотребители
Транспорт
Нефтедобыча
Нефтепереработка
Нефтепроводы
Газопроводы
Сельскоехозяйство ипищеваяпромышленность
Непромышленныепотребители
Государственные(муниципальные)организации ипрочиебюджетныепотребители
Население иприравненныегруппыпотребителей
Территориальныесетевыеорганизации
Выручка по ПАО Россети на 2023 год
6 6
331 331
82 82
77 77
20 20
20 20
3 3
57 57
220 220
68 68
214 214
258 258
Ожидаемое (прогноз по конца года)
Интер РАО (дляФСК)
Промышленныепотребители
Транспорт
Нефтедобыча
Нефтепереработка
Нефтепроводы
Газопроводы
Сельскоехозяйство ипищеваяпромышленность
Непромышленныепотребители
Государственные(муниципальные)организации ипрочиебюджетныепотребители
Население иприравненныегруппыпотребителей
Территориальныесетевыеорганизации
абс.
%
Прогноз на месяц 
Ноябрь
КПО/Отпуск из сети 
Котловой полезный отпуск, млн. кВт.ч
Организация 
Все
Прогноз электропотребления и выручки за услуги по передаче в разрезе отраслей'

13-11-2024T09:12:36 - [MESSAGE][PASSED] - Text of object 'Object Repository/Прогноз по отраслям/Виджеты дашборда' is: 'Год 
2023 год
Сравнение с 
План/СУ
Отклонения по ПАО Россети на 2023 год
0.0 0.0
120 322.6 120 322.6
38 655.4 38 655.4
39 037.8 39 037.8
8 291.7 8 291.7
8 259.5 8 259.5
793.1 793.1
19 706.6 19 706.6
78 310.2 78 310.2
25 579.5 25 579.5
121 219.7 121 219.7
60 414.9 60 414.9
⬤ Отклонение, млн. кВт.ч
Интер РАО (для ФСК)
Промышленные потребители
Транспорт
Нефтедобыча
Нефтепереработка
Нефтепроводы
Газопроводы
Сельское хозяйство и пищевая пр…
Непромышленные потребители
Государственные (муниципальные…
Население и приравненные групп…
Территориальные сетевые органи…
Выручка отклонения по ПАО Россети на 2023 год
⬤ Отклонение, млн. руб.
Интер РАО (для ФСК)
Промышленные потребители
Транспорт
Нефтедобыча
Нефтепереработка
Нефтепроводы
Газопроводы
Сельское хозяйство и пищевая пр…
Непромышленные потребители
Государственные (муниципальные…
Население и приравненные групп…
Территориальные сетевые органи…
Динамика электропотребления, млрд. кВт.ч. по ПАО Россети на 2023 год
0 0
0 0
0 0
0 0
0 0
0 0
0 0
0 0
0 0
0 0
0 0
0 0
0 0
120 120
39 39
39 39
8 8
8 8
1 1
20 20
78 78
26 26
121 121
60 60
СУ
Ожидаемое (прогноз по конца года)
Интер РАО (дляФСК)
Промышленныепотребители
Транспорт
Нефтедобыча
Нефтепереработка
Нефтепроводы
Газопроводы
Сельскоехозяйство ипищеваяпромышленность
Непромышленныепотребители
Государственные(муниципальные)организации ипрочиебюджетныепотребители
Население иприравненныегруппыпотребителей
Территориальныесетевыеорганизации
Выручка по ПАО Россети на 2023 год
6 6
331 331
82 82
77 77
20 20
20 20
3 3
57 57
220 220
68 68
214 214
258 258
Ожидаемое (прогноз по конца года)
Интер РАО (дляФСК)
Промышленныепотребители
Транспорт
Нефтедобыча
Нефтепереработка
Нефтепроводы
Газопроводы
Сельскоехозяйство ипищеваяпромышленность
Непромышленныепотребители
Государственные(муниципальные)организации ипрочиебюджетныепотребители
Население иприравненныегруппыпотребителей
Территориальныесетевыеорганизации
абс.
%
Прогноз на месяц 
Ноябрь
КПО/Отпуск из сети 
Котловой полезный отпуск, млн. кВт.ч
Организация 
Все
Прогноз электропотребления и выручки за услуги по передаче в разрезе отраслей'

13-11-2024T09:12:36 - [TEST_STEP][PASSED] - a12 = a12.replaceAll("[^0-9]", ""): null

13-11-2024T09:12:36 - [TEST_STEP][PASSED] - println("a12:" + a12): null

13-11-2024T09:12:36 - [TEST_STEP][PASSED] - navigateToUrl(findTestData("PlanFact").getValue(10, 12)): Navigate to 'https://bi.rosseti.digital/viewer?dashboardGuid=d218b6eb1b7845df8f1994d6a65c072b&sheetGuid=3059d1e0f28043ee8c80901707e9c246&fit=true' successfully

13-11-2024T09:12:37 - [MESSAGE][PASSED] - Navigate to 'https://bi.rosseti.digital/viewer?dashboardGuid=d218b6eb1b7845df8f1994d6a65c072b&sheetGuid=3059d1e0f28043ee8c80901707e9c246&fit=true' successfully

13-11-2024T09:12:37 - [TEST_STEP][PASSED] - delay(50): Delayed 50 second(s)

13-11-2024T09:13:27 - [MESSAGE][PASSED] - Delayed 50 second(s)

13-11-2024T09:13:27 - [TEST_STEP][PASSED] - click(findTestObject("Прогноз по отраслям/Фильтр месяц Стресс")): Object: 'Object Repository/Прогноз по отраслям/Фильтр месяц Стресс' is clicked on

13-11-2024T09:13:27 - [MESSAGE][PASSED] - Object: 'Object Repository/Прогноз по отраслям/Фильтр месяц Стресс' is clicked on

13-11-2024T09:13:27 - [TEST_STEP][PASSED] - scrollToElement(findTestObject("Прогноз по отраслям/Ноябрь Стресс"), 30): Scroll to object 'Object Repository/Прогноз по отраслям/Ноябрь Стресс' successfully

13-11-2024T09:13:27 - [MESSAGE][PASSED] - Scroll to object 'Object Repository/Прогноз по отраслям/Ноябрь Стресс' successfully

13-11-2024T09:13:27 - [TEST_STEP][PASSED] - click(findTestObject("Прогноз по отраслям/Ноябрь Стресс")): Object: 'Object Repository/Прогноз по отраслям/Ноябрь Стресс' is clicked on

13-11-2024T09:13:29 - [MESSAGE][PASSED] - Object: 'Object Repository/Прогноз по отраслям/Ноябрь Стресс' is clicked on

13-11-2024T09:13:29 - [TEST_STEP][PASSED] - scrollToElement(findTestObject("Прогноз по отраслям/Заголовок дашборда Стресс"), 30): Scroll to object 'Object Repository/Прогноз по отраслям/Заголовок дашборда Стресс' successfully

13-11-2024T09:13:30 - [MESSAGE][PASSED] - Scroll to object 'Object Repository/Прогноз по отраслям/Заголовок дашборда Стресс' successfully

13-11-2024T09:13:30 - [TEST_STEP][PASSED] - click(findTestObject("Прогноз по отраслям/Фильтр Сравнение с Стресс")): Object: 'Object Repository/Прогноз по отраслям/Фильтр Сравнение с Стресс' is clicked on

13-11-2024T09:13:30 - [MESSAGE][PASSED] - Object: 'Object Repository/Прогноз по отраслям/Фильтр Сравнение с Стресс' is clicked on

13-11-2024T09:13:30 - [TEST_STEP][PASSED] - click(findTestObject("Прогноз по отраслям/Факт прошлого года Стресс")): Object: 'Object Repository/Прогноз по отраслям/Факт прошлого года Стресс' is clicked on

13-11-2024T09:13:32 - [MESSAGE][PASSED] - Object: 'Object Repository/Прогноз по отраслям/Факт прошлого года Стресс' is clicked on

13-11-2024T09:13:32 - [TEST_STEP][PASSED] - click(findTestObject("Прогноз по отраслям/Фильтр КПО-Отпуск Стресс")): Object: 'Object Repository/Прогноз по отраслям/Фильтр КПО-Отпуск Стресс' is clicked on

13-11-2024T09:13:34 - [MESSAGE][PASSED] - Object: 'Object Repository/Прогноз по отраслям/Фильтр КПО-Отпуск Стресс' is clicked on

13-11-2024T09:13:34 - [TEST_STEP][PASSED] - click(findTestObject("Прогноз по отраслям/Отпуск Стресс")): Object: 'Object Repository/Прогноз по отраслям/Отпуск Стресс' is clicked on

13-11-2024T09:13:35 - [MESSAGE][PASSED] - Object: 'Object Repository/Прогноз по отраслям/Отпуск Стресс' is clicked on

13-11-2024T09:13:35 - [TEST_STEP][PASSED] - delay(40): Delayed 40 second(s)

13-11-2024T09:14:15 - [MESSAGE][PASSED] - Delayed 40 second(s)

13-11-2024T09:14:15 - [TEST_STEP][PASSED] - b1 = getText(findTestObject("Прогноз по отраслям/Виджеты дашборда")): Text of object 'Object Repository/Прогноз по отраслям/Виджеты дашборда' is: 'Год 
2023 год
Сравнение с 
Факт прошлого года
Динамика электропотребления, млрд. кВт.ч., по ПАО Россети на 2023 год
12 12
186 186
36 36
50 50
10 10
19 19
0 0
17 17
85 85
19 19
82 82
604 604
10 10
197 197
37 37
48 48
10 10
15 15
4 4
18 18
80 80
19 19
82 82
608 608
Факт прошлого года
Ожидаемое (прогноз до конца года)
Интер РАО(для ФСК)
Промышленныепотребители
Транспорт
Нефтедобыча
Нефтеперераб…
Нефтепроводы
Газопроводы
Сельское хозя…
Непромышлен…
Государственн…
Население иприравненныегруппыпотребителей
Территориальн…
Выручка, млрд. руб, по ПАО Россети на 2023 год
5 5
285 285
72 72
72 72
18 18
22 22
0 0
50 50
201 201
61 61
190 190
227 227
6 6
331 331
82 82
77 77
20 20
20 20
3 3
57 57
220 220
68 68
214 214
258 258
Факт прошлого года
Ожидаемое (прогноз до конца года)
Интер РАО(для ФСК)
Промышленныепотребители
Транспорт
Нефтедобыча
Нефтеперераб…
Нефтепроводы
Газопроводы
Сельское хозя…
Непромышлен…
Государственн…
Население иприравненныегруппыпотребителей
Территориальн…
Отклонения по ПАО Россети на 2023 год
-18.5% -18.5%
5.9% 5.9%
3.6% 3.6%
-3.9% -3.9%
0.9% 0.9%
-20.7% -20.7%
3 313.2% 3 313.2%
3.8% 3.8%
-5.6% -5.6%
1.3% 1.3%
-0.9% -0.9%
0.7% 0.7%
⬤ Отклонение, %
Интер РАО (для ФСК)
Промышленные потребители
Транспорт
Нефтедобыча
Нефтепереработка
Нефтепроводы
Газопроводы
Сельское хозяйство и пищевая про…
Непромышленные потребители
Государственные (муниципальные)…
Население и приравненные группы…
Территориальные сетевые организ…
Выручка отклонения по ПАО Россети на 2023 год
7.7% 7.7%
16.0% 16.0%
13.2% 13.2%
6.7% 6.7%
13.3% 13.3%
-7.7% -7.7%
1 331.5% 1 331.5%
14.2% 14.2%
9.9% 9.9%
12.0% 12.0%
12.4% 12.4%
13.7% 13.7%
⬤ Отклонение, %
Интер РАО (для ФСК)
Промышленные потребители
Транспорт
Нефтедобыча
Нефтепереработка
Нефтепроводы
Газопроводы
Сельское хозяйство и пищевая про…
Непромышленные потребители
Государственные (муниципальные)…
Население и приравненные группы…
Территориальные сетевые организ…
абс.
%
Прогноз на месяц 
Ноябрь
КПО/Отпуск из сети 
Отпуск из сети, млн. кВт.ч
Организация 
Все
Прогноз электропотребления и выручки за услуги по передаче в разрезе отраслей'

13-11-2024T09:14:16 - [MESSAGE][PASSED] - Text of object 'Object Repository/Прогноз по отраслям/Виджеты дашборда' is: 'Год 
2023 год
Сравнение с 
Факт прошлого года
Динамика электропотребления, млрд. кВт.ч., по ПАО Россети на 2023 год
12 12
186 186
36 36
50 50
10 10
19 19
0 0
17 17
85 85
19 19
82 82
604 604
10 10
197 197
37 37
48 48
10 10
15 15
4 4
18 18
80 80
19 19
82 82
608 608
Факт прошлого года
Ожидаемое (прогноз до конца года)
Интер РАО(для ФСК)
Промышленныепотребители
Транспорт
Нефтедобыча
Нефтеперераб…
Нефтепроводы
Газопроводы
Сельское хозя…
Непромышлен…
Государственн…
Население иприравненныегруппыпотребителей
Территориальн…
Выручка, млрд. руб, по ПАО Россети на 2023 год
5 5
285 285
72 72
72 72
18 18
22 22
0 0
50 50
201 201
61 61
190 190
227 227
6 6
331 331
82 82
77 77
20 20
20 20
3 3
57 57
220 220
68 68
214 214
258 258
Факт прошлого года
Ожидаемое (прогноз до конца года)
Интер РАО(для ФСК)
Промышленныепотребители
Транспорт
Нефтедобыча
Нефтеперераб…
Нефтепроводы
Газопроводы
Сельское хозя…
Непромышлен…
Государственн…
Население иприравненныегруппыпотребителей
Территориальн…
Отклонения по ПАО Россети на 2023 год
-18.5% -18.5%
5.9% 5.9%
3.6% 3.6%
-3.9% -3.9%
0.9% 0.9%
-20.7% -20.7%
3 313.2% 3 313.2%
3.8% 3.8%
-5.6% -5.6%
1.3% 1.3%
-0.9% -0.9%
0.7% 0.7%
⬤ Отклонение, %
Интер РАО (для ФСК)
Промышленные потребители
Транспорт
Нефтедобыча
Нефтепереработка
Нефтепроводы
Газопроводы
Сельское хозяйство и пищевая про…
Непромышленные потребители
Государственные (муниципальные)…
Население и приравненные группы…
Территориальные сетевые организ…
Выручка отклонения по ПАО Россети на 2023 год
7.7% 7.7%
16.0% 16.0%
13.2% 13.2%
6.7% 6.7%
13.3% 13.3%
-7.7% -7.7%
1 331.5% 1 331.5%
14.2% 14.2%
9.9% 9.9%
12.0% 12.0%
12.4% 12.4%
13.7% 13.7%
⬤ Отклонение, %
Интер РАО (для ФСК)
Промышленные потребители
Транспорт
Нефтедобыча
Нефтепереработка
Нефтепроводы
Газопроводы
Сельское хозяйство и пищевая про…
Непромышленные потребители
Государственные (муниципальные)…
Население и приравненные группы…
Территориальные сетевые организ…
абс.
%
Прогноз на месяц 
Ноябрь
КПО/Отпуск из сети 
Отпуск из сети, млн. кВт.ч
Организация 
Все
Прогноз электропотребления и выручки за услуги по передаче в разрезе отраслей'

13-11-2024T09:14:16 - [TEST_STEP][PASSED] - b1 = b1.replaceAll("[^0-9]", ""): null

13-11-2024T09:14:16 - [TEST_STEP][PASSED] - println("b1:" + b1): null

13-11-2024T09:14:16 - [TEST_STEP][PASSED] - click(findTestObject("Прогноз по отраслям/Фильтр Сравнение с Стресс")): Object: 'Object Repository/Прогноз по отраслям/Фильтр Сравнение с Стресс' is clicked on

13-11-2024T09:14:16 - [MESSAGE][PASSED] - Object: 'Object Repository/Прогноз по отраслям/Фильтр Сравнение с Стресс' is clicked on

13-11-2024T09:14:16 - [TEST_STEP][PASSED] - click(findTestObject("Прогноз по отраслям/План Стресс")): Object: 'Object Repository/Прогноз по отраслям/План Стресс' is clicked on

13-11-2024T09:14:17 - [MESSAGE][PASSED] - Object: 'Object Repository/Прогноз по отраслям/План Стресс' is clicked on

13-11-2024T09:14:17 - [TEST_STEP][PASSED] - delay(40): Delayed 40 second(s)

13-11-2024T09:14:57 - [MESSAGE][PASSED] - Delayed 40 second(s)

13-11-2024T09:14:57 - [TEST_STEP][PASSED] - b2 = getText(findTestObject("Прогноз по отраслям/Виджеты дашборда")): Text of object 'Object Repository/Прогноз по отраслям/Виджеты дашборда' is: 'Год 
2023 год
Сравнение с 
План
Динамика электропотребления, млрд. кВт.ч., по ПАО Россети на 2023 год
10 10
190 190
36 36
14 14
9 9
14 14
4 4
17 17
80 80
19 19
82 82
588 588
10 10
197 197
37 37
48 48
10 10
15 15
4 4
18 18
80 80
19 19
82 82
608 608
План
Ожидаемое (прогноз до конца года)
Интер РАО(для ФСК)
Промышленныепотребители
Транспорт
Нефтедобыча
Нефтеперераб…
Нефтепроводы
Газопроводы
Сельское хозя…
Непромышлен…
Государственн…
Население иприравненныегруппыпотребителей
Территориальн…
Выручка, млрд. руб, по ПАО Россети на 2023 год
5 5
319 319
81 81
16 16
16 16
20 20
2 2
56 56
215 215
67 67
218 218
239 239
6 6
331 331
82 82
77 77
20 20
20 20
3 3
57 57
220 220
68 68
214 214
258 258
План
Ожидаемое (прогноз до конца года)
Интер РАО(для ФСК)
Промышленныепотребители
Транспорт
Нефтедобыча
Нефтеперераб…
Нефтепроводы
Газопроводы
Сельское хозя…
Непромышлен…
Государственн…
Население иприравненныегруппыпотребителей
Территориальн…
Отклонения по ПАО Россети на 2023 год
-4.7% -4.7%
3.8% 3.8%
1.9% 1.9%
230.3% 230.3%
10.9% 10.9%
4.2% 4.2%
21.7% 21.7%
3.9% 3.9%
-0.6% -0.6%
1.6% 1.6%
-1.0% -1.0%
3.3% 3.3%
⬤ Отклонение, %
Интер РАО (для ФСК)
Промышленные потребители
Транспорт
Нефтедобыча
Нефтепереработка
Нефтепроводы
Газопроводы
Сельское хозяйство и пищевая про…
Непромышленные потребители
Государственные (муниципальные)…
Население и приравненные группы…
Территориальные сетевые организ…
Выручка отклонения по ПАО Россети на 2023 год
15.6% 15.6%
3.8% 3.8%
1.2% 1.2%
398.2% 398.2%
26.9% 26.9%
-0.6% -0.6%
26.9% 26.9%
1.5% 1.5%
2.7% 2.7%
2.0% 2.0%
-2.0% -2.0%
7.9% 7.9%
⬤ Отклонение, %
Интер РАО (для ФСК)
Промышленные потребители
Транспорт
Нефтедобыча
Нефтепереработка
Нефтепроводы
Газопроводы
Сельское хозяйство и пищевая про…
Непромышленные потребители
Государственные (муниципальные)…
Население и приравненные группы…
Территориальные сетевые организ…
абс.
%
Прогноз на месяц 
Ноябрь
КПО/Отпуск из сети 
Отпуск из сети, млн. кВт.ч
Организация 
Все
Прогноз электропотребления и выручки за услуги по передаче в разрезе отраслей'

13-11-2024T09:14:58 - [MESSAGE][PASSED] - Text of object 'Object Repository/Прогноз по отраслям/Виджеты дашборда' is: 'Год 
2023 год
Сравнение с 
План
Динамика электропотребления, млрд. кВт.ч., по ПАО Россети на 2023 год
10 10
190 190
36 36
14 14
9 9
14 14
4 4
17 17
80 80
19 19
82 82
588 588
10 10
197 197
37 37
48 48
10 10
15 15
4 4
18 18
80 80
19 19
82 82
608 608
План
Ожидаемое (прогноз до конца года)
Интер РАО(для ФСК)
Промышленныепотребители
Транспорт
Нефтедобыча
Нефтеперераб…
Нефтепроводы
Газопроводы
Сельское хозя…
Непромышлен…
Государственн…
Население иприравненныегруппыпотребителей
Территориальн…
Выручка, млрд. руб, по ПАО Россети на 2023 год
5 5
319 319
81 81
16 16
16 16
20 20
2 2
56 56
215 215
67 67
218 218
239 239
6 6
331 331
82 82
77 77
20 20
20 20
3 3
57 57
220 220
68 68
214 214
258 258
План
Ожидаемое (прогноз до конца года)
Интер РАО(для ФСК)
Промышленныепотребители
Транспорт
Нефтедобыча
Нефтеперераб…
Нефтепроводы
Газопроводы
Сельское хозя…
Непромышлен…
Государственн…
Население иприравненныегруппыпотребителей
Территориальн…
Отклонения по ПАО Россети на 2023 год
-4.7% -4.7%
3.8% 3.8%
1.9% 1.9%
230.3% 230.3%
10.9% 10.9%
4.2% 4.2%
21.7% 21.7%
3.9% 3.9%
-0.6% -0.6%
1.6% 1.6%
-1.0% -1.0%
3.3% 3.3%
⬤ Отклонение, %
Интер РАО (для ФСК)
Промышленные потребители
Транспорт
Нефтедобыча
Нефтепереработка
Нефтепроводы
Газопроводы
Сельское хозяйство и пищевая про…
Непромышленные потребители
Государственные (муниципальные)…
Население и приравненные группы…
Территориальные сетевые организ…
Выручка отклонения по ПАО Россети на 2023 год
15.6% 15.6%
3.8% 3.8%
1.2% 1.2%
398.2% 398.2%
26.9% 26.9%
-0.6% -0.6%
26.9% 26.9%
1.5% 1.5%
2.7% 2.7%
2.0% 2.0%
-2.0% -2.0%
7.9% 7.9%
⬤ Отклонение, %
Интер РАО (для ФСК)
Промышленные потребители
Транспорт
Нефтедобыча
Нефтепереработка
Нефтепроводы
Газопроводы
Сельское хозяйство и пищевая про…
Непромышленные потребители
Государственные (муниципальные)…
Население и приравненные группы…
Территориальные сетевые организ…
абс.
%
Прогноз на месяц 
Ноябрь
КПО/Отпуск из сети 
Отпуск из сети, млн. кВт.ч
Организация 
Все
Прогноз электропотребления и выручки за услуги по передаче в разрезе отраслей'

13-11-2024T09:14:58 - [TEST_STEP][PASSED] - b2 = b2.replaceAll("[^0-9]", ""): null

13-11-2024T09:14:58 - [TEST_STEP][PASSED] - println("b2:" + b2): null

13-11-2024T09:14:58 - [TEST_STEP][PASSED] - click(findTestObject("Прогноз по отраслям/Фильтр Сравнение с Стресс")): Object: 'Object Repository/Прогноз по отраслям/Фильтр Сравнение с Стресс' is clicked on

13-11-2024T09:14:58 - [MESSAGE][PASSED] - Object: 'Object Repository/Прогноз по отраслям/Фильтр Сравнение с Стресс' is clicked on

13-11-2024T09:14:58 - [TEST_STEP][PASSED] - click(findTestObject("Прогноз по отраслям/План СУ Стресс")): Object: 'Object Repository/Прогноз по отраслям/План СУ Стресс' is clicked on

13-11-2024T09:15:00 - [MESSAGE][PASSED] - Object: 'Object Repository/Прогноз по отраслям/План СУ Стресс' is clicked on

13-11-2024T09:15:00 - [TEST_STEP][PASSED] - delay(40): Delayed 40 second(s)

13-11-2024T09:15:40 - [MESSAGE][PASSED] - Delayed 40 second(s)

13-11-2024T09:15:40 - [TEST_STEP][PASSED] - b3 = getText(findTestObject("Прогноз по отраслям/Виджеты дашборда")): Text of object 'Object Repository/Прогноз по отраслям/Виджеты дашборда' is: 'Год 
2023 год
Сравнение с 
План/СУ
Динамика электропотребления, млрд. кВт.ч., по ПАО Россети на 2023 год
10 10
186 186
36 36
15 15
9 9
14 14
4 4
17 17
88 88
19 19
83 83
597 597
10 10
197 197
37 37
48 48
10 10
15 15
4 4
18 18
80 80
19 19
82 82
608 608
СУ
Ожидаемое (прогноз до конца года)
Интер РАО(для ФСК)
Промышленныепотребители
Транспорт
Нефтедобыча
Нефтеперераб…
Нефтепроводы
Газопроводы
Сельское хозя…
Непромышлен…
Государственн…
Население иприравненныегруппыпотребителей
Территориальн…
Выручка, млрд. руб, по ПАО Россети на 2023 год
6 6
331 331
82 82
77 77
20 20
20 20
3 3
57 57
220 220
68 68
214 214
258 258
Ожидаемое (прогноз до конца года)
Интер РАО(для ФСК)
Промышленныепотребители
Транспорт
Нефтедобыча
Нефтеперераб…
Нефтепроводы
Газопроводы
Сельское хозя…
Непромышлен…
Государственн…
Население иприравненныегруппыпотребителей
Территориальн…
Отклонения по ПАО Россети на 2023 год
2.5% 2.5%
5.9% 5.9%
1.9% 1.9%
219.1% 219.1%
11.7% 11.7%
1.9% 1.9%
13.1% 13.1%
3.5% 3.5%
-8.7% -8.7%
0.2% 0.2%
-1.6% -1.6%
1.8% 1.8%
⬤ Отклонение, %
Интер РАО (для ФСК)
Промышленные потребители
Транспорт
Нефтедобыча
Нефтепереработка
Нефтепроводы
Газопроводы
Сельское хозяйство и пищевая про…
Непромышленные потребители
Государственные (муниципальные)…
Население и приравненные группы…
Территориальные сетевые организ…
Выручка отклонения по ПАО Россети на 2023 год
⬤ Отклонение, %
Интер РАО (для ФСК)
Промышленные потребители
Транспорт
Нефтедобыча
Нефтепереработка
Нефтепроводы
Газопроводы
Сельское хозяйство и пищевая про…
Непромышленные потребители
Государственные (муниципальные)…
Население и приравненные группы…
Территориальные сетевые организ…
абс.
%
Прогноз на месяц 
Ноябрь
КПО/Отпуск из сети 
Отпуск из сети, млн. кВт.ч
Организация 
Все
Прогноз электропотребления и выручки за услуги по передаче в разрезе отраслей'

13-11-2024T09:15:40 - [MESSAGE][PASSED] - Text of object 'Object Repository/Прогноз по отраслям/Виджеты дашборда' is: 'Год 
2023 год
Сравнение с 
План/СУ
Динамика электропотребления, млрд. кВт.ч., по ПАО Россети на 2023 год
10 10
186 186
36 36
15 15
9 9
14 14
4 4
17 17
88 88
19 19
83 83
597 597
10 10
197 197
37 37
48 48
10 10
15 15
4 4
18 18
80 80
19 19
82 82
608 608
СУ
Ожидаемое (прогноз до конца года)
Интер РАО(для ФСК)
Промышленныепотребители
Транспорт
Нефтедобыча
Нефтеперераб…
Нефтепроводы
Газопроводы
Сельское хозя…
Непромышлен…
Государственн…
Население иприравненныегруппыпотребителей
Территориальн…
Выручка, млрд. руб, по ПАО Россети на 2023 год
6 6
331 331
82 82
77 77
20 20
20 20
3 3
57 57
220 220
68 68
214 214
258 258
Ожидаемое (прогноз до конца года)
Интер РАО(для ФСК)
Промышленныепотребители
Транспорт
Нефтедобыча
Нефтеперераб…
Нефтепроводы
Газопроводы
Сельское хозя…
Непромышлен…
Государственн…
Население иприравненныегруппыпотребителей
Территориальн…
Отклонения по ПАО Россети на 2023 год
2.5% 2.5%
5.9% 5.9%
1.9% 1.9%
219.1% 219.1%
11.7% 11.7%
1.9% 1.9%
13.1% 13.1%
3.5% 3.5%
-8.7% -8.7%
0.2% 0.2%
-1.6% -1.6%
1.8% 1.8%
⬤ Отклонение, %
Интер РАО (для ФСК)
Промышленные потребители
Транспорт
Нефтедобыча
Нефтепереработка
Нефтепроводы
Газопроводы
Сельское хозяйство и пищевая про…
Непромышленные потребители
Государственные (муниципальные)…
Население и приравненные группы…
Территориальные сетевые организ…
Выручка отклонения по ПАО Россети на 2023 год
⬤ Отклонение, %
Интер РАО (для ФСК)
Промышленные потребители
Транспорт
Нефтедобыча
Нефтепереработка
Нефтепроводы
Газопроводы
Сельское хозяйство и пищевая про…
Непромышленные потребители
Государственные (муниципальные)…
Население и приравненные группы…
Территориальные сетевые организ…
абс.
%
Прогноз на месяц 
Ноябрь
КПО/Отпуск из сети 
Отпуск из сети, млн. кВт.ч
Организация 
Все
Прогноз электропотребления и выручки за услуги по передаче в разрезе отраслей'

13-11-2024T09:15:40 - [TEST_STEP][PASSED] - b3 = b3.replaceAll("[^0-9]", ""): null

13-11-2024T09:15:40 - [TEST_STEP][PASSED] - println("b3:" + b3): null

13-11-2024T09:15:40 - [TEST_STEP][PASSED] - click(findTestObject("Прогноз по отраслям/Фильтр Сравнение с Стресс")): Object: 'Object Repository/Прогноз по отраслям/Фильтр Сравнение с Стресс' is clicked on

13-11-2024T09:15:41 - [MESSAGE][PASSED] - Object: 'Object Repository/Прогноз по отраслям/Фильтр Сравнение с Стресс' is clicked on

13-11-2024T09:15:41 - [TEST_STEP][PASSED] - click(findTestObject("Прогноз по отраслям/Факт прошлого года Стресс")): Object: 'Object Repository/Прогноз по отраслям/Факт прошлого года Стресс' is clicked on

13-11-2024T09:15:42 - [MESSAGE][PASSED] - Object: 'Object Repository/Прогноз по отраслям/Факт прошлого года Стресс' is clicked on

13-11-2024T09:15:42 - [TEST_STEP][PASSED] - click(findTestObject("Прогноз по отраслям/Фильтр КПО-Отпуск Стресс")): Object: 'Object Repository/Прогноз по отраслям/Фильтр КПО-Отпуск Стресс' is clicked on

13-11-2024T09:15:44 - [MESSAGE][PASSED] - Object: 'Object Repository/Прогноз по отраслям/Фильтр КПО-Отпуск Стресс' is clicked on

13-11-2024T09:15:44 - [TEST_STEP][PASSED] - click(findTestObject("Прогноз по отраслям/КПО Стресс")): Object: 'Object Repository/Прогноз по отраслям/КПО Стресс' is clicked on

13-11-2024T09:15:45 - [MESSAGE][PASSED] - Object: 'Object Repository/Прогноз по отраслям/КПО Стресс' is clicked on

13-11-2024T09:15:45 - [TEST_STEP][PASSED] - delay(40): Delayed 40 second(s)

13-11-2024T09:16:25 - [MESSAGE][PASSED] - Delayed 40 second(s)

13-11-2024T09:16:25 - [TEST_STEP][PASSED] - b4 = getText(findTestObject("Прогноз по отраслям/Виджеты дашборда")): Text of object 'Object Repository/Прогноз по отраслям/Виджеты дашборда' is: 'Год 
2023 год
Сравнение с 
Факт прошлого года
Динамика электропотребления, млрд. кВт.ч., по ПАО Россети на 2023 год
0 0
120 120
38 38
41 41
8 8
10 10
0 0
19 19
77 77
25 25
122 122
61 61
0 0
120 120
39 39
39 39
8 8
8 8
1 1
20 20
78 78
26 26
121 121
60 60
Факт прошлого года
Ожидаемое (прогноз до конца года)
Интер РАО(для ФСК)
Промышленныепотребители
Транспорт
Нефтедобыча
Нефтеперераб…
Нефтепроводы
Газопроводы
Сельское хозя…
Непромышлен…
Государственн…
Население иприравненныегруппыпотребителей
Территориальн…
Выручка, млрд. руб, по ПАО Россети на 2023 год
5 5
285 285
72 72
72 72
18 18
22 22
0 0
50 50
201 201
61 61
190 190
227 227
6 6
331 331
82 82
77 77
20 20
20 20
3 3
57 57
220 220
68 68
214 214
258 258
Факт прошлого года
Ожидаемое (прогноз до конца года)
Интер РАО(для ФСК)
Промышленныепотребители
Транспорт
Нефтедобыча
Нефтеперераб…
Нефтепроводы
Газопроводы
Сельское хозя…
Непромышлен…
Государственн…
Население иприравненныегруппыпотребителей
Территориальн…
Отклонения по ПАО Россети на 2023 год
0.5% 0.5%
0.9% 0.9%
-5.9% -5.9%
3.1% 3.1%
-17.9% -17.9%
578.4% 578.4%
2.3% 2.3%
1.8% 1.8%
2.1% 2.1%
-0.9% -0.9%
-0.2% -0.2%
⬤ Отклонение, %
Интер РАО (для ФСК)
Промышленные потребители
Транспорт
Нефтедобыча
Нефтепереработка
Нефтепроводы
Газопроводы
Сельское хозяйство и пищевая про…
Непромышленные потребители
Государственные (муниципальные)…
Население и приравненные группы…
Территориальные сетевые организ…
Выручка отклонения по ПАО Россети на 2023 год
7.7% 7.7%
16.0% 16.0%
13.2% 13.2%
6.7% 6.7%
13.3% 13.3%
-7.7% -7.7%
1 331.5% 1 331.5%
14.2% 14.2%
9.9% 9.9%
12.0% 12.0%
12.4% 12.4%
13.7% 13.7%
⬤ Отклонение, %
Интер РАО (для ФСК)
Промышленные потребители
Транспорт
Нефтедобыча
Нефтепереработка
Нефтепроводы
Газопроводы
Сельское хозяйство и пищевая про…
Непромышленные потребители
Государственные (муниципальные)…
Население и приравненные группы…
Территориальные сетевые организ…
абс.
%
Прогноз на месяц 
Ноябрь
КПО/Отпуск из сети 
Котловой полезный отпуск, млн. кВт.ч
Организация 
Все
Прогноз электропотребления и выручки за услуги по передаче в разрезе отраслей'

13-11-2024T09:16:26 - [MESSAGE][PASSED] - Text of object 'Object Repository/Прогноз по отраслям/Виджеты дашборда' is: 'Год 
2023 год
Сравнение с 
Факт прошлого года
Динамика электропотребления, млрд. кВт.ч., по ПАО Россети на 2023 год
0 0
120 120
38 38
41 41
8 8
10 10
0 0
19 19
77 77
25 25
122 122
61 61
0 0
120 120
39 39
39 39
8 8
8 8
1 1
20 20
78 78
26 26
121 121
60 60
Факт прошлого года
Ожидаемое (прогноз до конца года)
Интер РАО(для ФСК)
Промышленныепотребители
Транспорт
Нефтедобыча
Нефтеперераб…
Нефтепроводы
Газопроводы
Сельское хозя…
Непромышлен…
Государственн…
Население иприравненныегруппыпотребителей
Территориальн…
Выручка, млрд. руб, по ПАО Россети на 2023 год
5 5
285 285
72 72
72 72
18 18
22 22
0 0
50 50
201 201
61 61
190 190
227 227
6 6
331 331
82 82
77 77
20 20
20 20
3 3
57 57
220 220
68 68
214 214
258 258
Факт прошлого года
Ожидаемое (прогноз до конца года)
Интер РАО(для ФСК)
Промышленныепотребители
Транспорт
Нефтедобыча
Нефтеперераб…
Нефтепроводы
Газопроводы
Сельское хозя…
Непромышлен…
Государственн…
Население иприравненныегруппыпотребителей
Территориальн…
Отклонения по ПАО Россети на 2023 год
0.5% 0.5%
0.9% 0.9%
-5.9% -5.9%
3.1% 3.1%
-17.9% -17.9%
578.4% 578.4%
2.3% 2.3%
1.8% 1.8%
2.1% 2.1%
-0.9% -0.9%
-0.2% -0.2%
⬤ Отклонение, %
Интер РАО (для ФСК)
Промышленные потребители
Транспорт
Нефтедобыча
Нефтепереработка
Нефтепроводы
Газопроводы
Сельское хозяйство и пищевая про…
Непромышленные потребители
Государственные (муниципальные)…
Население и приравненные группы…
Территориальные сетевые организ…
Выручка отклонения по ПАО Россети на 2023 год
7.7% 7.7%
16.0% 16.0%
13.2% 13.2%
6.7% 6.7%
13.3% 13.3%
-7.7% -7.7%
1 331.5% 1 331.5%
14.2% 14.2%
9.9% 9.9%
12.0% 12.0%
12.4% 12.4%
13.7% 13.7%
⬤ Отклонение, %
Интер РАО (для ФСК)
Промышленные потребители
Транспорт
Нефтедобыча
Нефтепереработка
Нефтепроводы
Газопроводы
Сельское хозяйство и пищевая про…
Непромышленные потребители
Государственные (муниципальные)…
Население и приравненные группы…
Территориальные сетевые организ…
абс.
%
Прогноз на месяц 
Ноябрь
КПО/Отпуск из сети 
Котловой полезный отпуск, млн. кВт.ч
Организация 
Все
Прогноз электропотребления и выручки за услуги по передаче в разрезе отраслей'

13-11-2024T09:16:26 - [TEST_STEP][PASSED] - b4 = b4.replaceAll("[^0-9]", ""): null

13-11-2024T09:16:26 - [TEST_STEP][PASSED] - println("b4:" + b4): null

13-11-2024T09:16:26 - [TEST_STEP][PASSED] - click(findTestObject("Прогноз по отраслям/Фильтр Сравнение с Стресс")): Object: 'Object Repository/Прогноз по отраслям/Фильтр Сравнение с Стресс' is clicked on

13-11-2024T09:16:26 - [MESSAGE][PASSED] - Object: 'Object Repository/Прогноз по отраслям/Фильтр Сравнение с Стресс' is clicked on

13-11-2024T09:16:26 - [TEST_STEP][PASSED] - click(findTestObject("Прогноз по отраслям/План Стресс")): Object: 'Object Repository/Прогноз по отраслям/План Стресс' is clicked on

13-11-2024T09:16:28 - [MESSAGE][PASSED] - Object: 'Object Repository/Прогноз по отраслям/План Стресс' is clicked on

13-11-2024T09:16:28 - [TEST_STEP][PASSED] - delay(40): Delayed 40 second(s)

13-11-2024T09:17:08 - [MESSAGE][PASSED] - Delayed 40 second(s)

13-11-2024T09:17:08 - [TEST_STEP][PASSED] - b5 = getText(findTestObject("Прогноз по отраслям/Виджеты дашборда")): Text of object 'Object Repository/Прогноз по отраслям/Виджеты дашборда' is: 'Год 
2023 год
Сравнение с 
План
Динамика электропотребления, млрд. кВт.ч., по ПАО Россети на 2023 год
0 0
119 119
37 37
7 7
7 7
8 8
1 1
19 19
75 75
25 25
123 123
55 55
0 0
120 120
39 39
39 39
8 8
8 8
1 1
20 20
78 78
26 26
121 121
60 60
План
Ожидаемое (прогноз до конца года)
Интер РАО(для ФСК)
Промышленныепотребители
Транспорт
Нефтедобыча
Нефтеперераб…
Нефтепроводы
Газопроводы
Сельское хозя…
Непромышлен…
Государственн…
Население иприравненныегруппыпотребителей
Территориальн…
Выручка, млрд. руб, по ПАО Россети на 2023 год
5 5
319 319
81 81
16 16
16 16
20 20
2 2
56 56
215 215
67 67
218 218
239 239
6 6
331 331
82 82
77 77
20 20
20 20
3 3
57 57
220 220
68 68
214 214
258 258
План
Ожидаемое (прогноз до конца года)
Интер РАО(для ФСК)
Промышленныепотребители
Транспорт
Нефтедобыча
Нефтеперераб…
Нефтепроводы
Газопроводы
Сельское хозя…
Непромышлен…
Государственн…
Население иприравненныегруппыпотребителей
Территориальн…
Отклонения по ПАО Россети на 2023 год
1.2% 1.2%
3.2% 3.2%
492.1% 492.1%
18.1% 18.1%
4.4% 4.4%
11.9% 11.9%
1.2% 1.2%
4.1% 4.1%
2.4% 2.4%
-1.4% -1.4%
9.7% 9.7%
⬤ Отклонение, %
Интер РАО (для ФСК)
Промышленные потребители
Транспорт
Нефтедобыча
Нефтепереработка
Нефтепроводы
Газопроводы
Сельское хозяйство и пищевая про…
Непромышленные потребители
Государственные (муниципальные)…
Население и приравненные группы…
Территориальные сетевые организ…
Выручка отклонения по ПАО Россети на 2023 год
15.6% 15.6%
3.8% 3.8%
1.2% 1.2%
398.2% 398.2%
26.9% 26.9%
-0.6% -0.6%
26.9% 26.9%
1.5% 1.5%
2.7% 2.7%
2.0% 2.0%
-2.0% -2.0%
7.9% 7.9%
⬤ Отклонение, %
Интер РАО (для ФСК)
Промышленные потребители
Транспорт
Нефтедобыча
Нефтепереработка
Нефтепроводы
Газопроводы
Сельское хозяйство и пищевая про…
Непромышленные потребители
Государственные (муниципальные)…
Население и приравненные группы…
Территориальные сетевые организ…
абс.
%
Прогноз на месяц 
Ноябрь
КПО/Отпуск из сети 
Котловой полезный отпуск, млн. кВт.ч
Организация 
Все
Прогноз электропотребления и выручки за услуги по передаче в разрезе отраслей'

13-11-2024T09:17:08 - [MESSAGE][PASSED] - Text of object 'Object Repository/Прогноз по отраслям/Виджеты дашборда' is: 'Год 
2023 год
Сравнение с 
План
Динамика электропотребления, млрд. кВт.ч., по ПАО Россети на 2023 год
0 0
119 119
37 37
7 7
7 7
8 8
1 1
19 19
75 75
25 25
123 123
55 55
0 0
120 120
39 39
39 39
8 8
8 8
1 1
20 20
78 78
26 26
121 121
60 60
План
Ожидаемое (прогноз до конца года)
Интер РАО(для ФСК)
Промышленныепотребители
Транспорт
Нефтедобыча
Нефтеперераб…
Нефтепроводы
Газопроводы
Сельское хозя…
Непромышлен…
Государственн…
Население иприравненныегруппыпотребителей
Территориальн…
Выручка, млрд. руб, по ПАО Россети на 2023 год
5 5
319 319
81 81
16 16
16 16
20 20
2 2
56 56
215 215
67 67
218 218
239 239
6 6
331 331
82 82
77 77
20 20
20 20
3 3
57 57
220 220
68 68
214 214
258 258
План
Ожидаемое (прогноз до конца года)
Интер РАО(для ФСК)
Промышленныепотребители
Транспорт
Нефтедобыча
Нефтеперераб…
Нефтепроводы
Газопроводы
Сельское хозя…
Непромышлен…
Государственн…
Население иприравненныегруппыпотребителей
Территориальн…
Отклонения по ПАО Россети на 2023 год
1.2% 1.2%
3.2% 3.2%
492.1% 492.1%
18.1% 18.1%
4.4% 4.4%
11.9% 11.9%
1.2% 1.2%
4.1% 4.1%
2.4% 2.4%
-1.4% -1.4%
9.7% 9.7%
⬤ Отклонение, %
Интер РАО (для ФСК)
Промышленные потребители
Транспорт
Нефтедобыча
Нефтепереработка
Нефтепроводы
Газопроводы
Сельское хозяйство и пищевая про…
Непромышленные потребители
Государственные (муниципальные)…
Население и приравненные группы…
Территориальные сетевые организ…
Выручка отклонения по ПАО Россети на 2023 год
15.6% 15.6%
3.8% 3.8%
1.2% 1.2%
398.2% 398.2%
26.9% 26.9%
-0.6% -0.6%
26.9% 26.9%
1.5% 1.5%
2.7% 2.7%
2.0% 2.0%
-2.0% -2.0%
7.9% 7.9%
⬤ Отклонение, %
Интер РАО (для ФСК)
Промышленные потребители
Транспорт
Нефтедобыча
Нефтепереработка
Нефтепроводы
Газопроводы
Сельское хозяйство и пищевая про…
Непромышленные потребители
Государственные (муниципальные)…
Население и приравненные группы…
Территориальные сетевые организ…
абс.
%
Прогноз на месяц 
Ноябрь
КПО/Отпуск из сети 
Котловой полезный отпуск, млн. кВт.ч
Организация 
Все
Прогноз электропотребления и выручки за услуги по передаче в разрезе отраслей'

13-11-2024T09:17:08 - [TEST_STEP][PASSED] - println("b5:" + b5): null

13-11-2024T09:17:08 - [TEST_STEP][PASSED] - b5 = b5.replaceAll("[^0-9]", ""): null

13-11-2024T09:17:08 - [TEST_STEP][PASSED] - println("b5:" + b5): null

13-11-2024T09:17:08 - [TEST_STEP][PASSED] - click(findTestObject("Прогноз по отраслям/Фильтр Сравнение с Стресс")): Object: 'Object Repository/Прогноз по отраслям/Фильтр Сравнение с Стресс' is clicked on

13-11-2024T09:17:09 - [MESSAGE][PASSED] - Object: 'Object Repository/Прогноз по отраслям/Фильтр Сравнение с Стресс' is clicked on

13-11-2024T09:17:09 - [TEST_STEP][PASSED] - click(findTestObject("Прогноз по отраслям/План СУ Стресс")): Object: 'Object Repository/Прогноз по отраслям/План СУ Стресс' is clicked on

13-11-2024T09:17:10 - [MESSAGE][PASSED] - Object: 'Object Repository/Прогноз по отраслям/План СУ Стресс' is clicked on

13-11-2024T09:17:10 - [TEST_STEP][PASSED] - delay(40): Delayed 40 second(s)

13-11-2024T09:17:50 - [MESSAGE][PASSED] - Delayed 40 second(s)

13-11-2024T09:17:50 - [TEST_STEP][PASSED] - b6 = getText(findTestObject("Прогноз по отраслям/Виджеты дашборда")): Text of object 'Object Repository/Прогноз по отраслям/Виджеты дашборда' is: 'Год 
2023 год
Сравнение с 
План/СУ
Динамика электропотребления, млрд. кВт.ч., по ПАО Россети на 2023 год
0 0
0 0
0 0
0 0
0 0
0 0
0 0
0 0
0 0
0 0
0 0
0 0
0 0
120 120
39 39
39 39
8 8
8 8
1 1
20 20
78 78
26 26
121 121
60 60
СУ
Ожидаемое (прогноз до конца года)
Интер РАО(для ФСК)
Промышленныепотребители
Транспорт
Нефтедобыча
Нефтеперераб…
Нефтепроводы
Газопроводы
Сельское хозя…
Непромышлен…
Государственн…
Население иприравненныегруппыпотребителей
Территориальн…
Выручка, млрд. руб, по ПАО Россети на 2023 год
6 6
331 331
82 82
77 77
20 20
20 20
3 3
57 57
220 220
68 68
214 214
258 258
Ожидаемое (прогноз до конца года)
Интер РАО(для ФСК)
Промышленныепотребители
Транспорт
Нефтедобыча
Нефтеперераб…
Нефтепроводы
Газопроводы
Сельское хозя…
Непромышлен…
Государственн…
Население иприравненныегруппыпотребителей
Территориальн…
Отклонения по ПАО Россети на 2023 год
⬤ Отклонение, %
Интер РАО (для ФСК)
Промышленные потребители
Транспорт
Нефтедобыча
Нефтепереработка
Нефтепроводы
Газопроводы
Сельское хозяйство и пищевая про…
Непромышленные потребители
Государственные (муниципальные)…
Население и приравненные группы…
Территориальные сетевые организ…
Выручка отклонения по ПАО Россети на 2023 год
⬤ Отклонение, %
Интер РАО (для ФСК)
Промышленные потребители
Транспорт
Нефтедобыча
Нефтепереработка
Нефтепроводы
Газопроводы
Сельское хозяйство и пищевая про…
Непромышленные потребители
Государственные (муниципальные)…
Население и приравненные группы…
Территориальные сетевые организ…
абс.
%
Прогноз на месяц 
Ноябрь
КПО/Отпуск из сети 
Котловой полезный отпуск, млн. кВт.ч
Организация 
Все
Прогноз электропотребления и выручки за услуги по передаче в разрезе отраслей'

13-11-2024T09:17:51 - [MESSAGE][PASSED] - Text of object 'Object Repository/Прогноз по отраслям/Виджеты дашборда' is: 'Год 
2023 год
Сравнение с 
План/СУ
Динамика электропотребления, млрд. кВт.ч., по ПАО Россети на 2023 год
0 0
0 0
0 0
0 0
0 0
0 0
0 0
0 0
0 0
0 0
0 0
0 0
0 0
120 120
39 39
39 39
8 8
8 8
1 1
20 20
78 78
26 26
121 121
60 60
СУ
Ожидаемое (прогноз до конца года)
Интер РАО(для ФСК)
Промышленныепотребители
Транспорт
Нефтедобыча
Нефтеперераб…
Нефтепроводы
Газопроводы
Сельское хозя…
Непромышлен…
Государственн…
Население иприравненныегруппыпотребителей
Территориальн…
Выручка, млрд. руб, по ПАО Россети на 2023 год
6 6
331 331
82 82
77 77
20 20
20 20
3 3
57 57
220 220
68 68
214 214
258 258
Ожидаемое (прогноз до конца года)
Интер РАО(для ФСК)
Промышленныепотребители
Транспорт
Нефтедобыча
Нефтеперераб…
Нефтепроводы
Газопроводы
Сельское хозя…
Непромышлен…
Государственн…
Население иприравненныегруппыпотребителей
Территориальн…
Отклонения по ПАО Россети на 2023 год
⬤ Отклонение, %
Интер РАО (для ФСК)
Промышленные потребители
Транспорт
Нефтедобыча
Нефтепереработка
Нефтепроводы
Газопроводы
Сельское хозяйство и пищевая про…
Непромышленные потребители
Государственные (муниципальные)…
Население и приравненные группы…
Территориальные сетевые организ…
Выручка отклонения по ПАО Россети на 2023 год
⬤ Отклонение, %
Интер РАО (для ФСК)
Промышленные потребители
Транспорт
Нефтедобыча
Нефтепереработка
Нефтепроводы
Газопроводы
Сельское хозяйство и пищевая про…
Непромышленные потребители
Государственные (муниципальные)…
Население и приравненные группы…
Территориальные сетевые организ…
абс.
%
Прогноз на месяц 
Ноябрь
КПО/Отпуск из сети 
Котловой полезный отпуск, млн. кВт.ч
Организация 
Все
Прогноз электропотребления и выручки за услуги по передаче в разрезе отраслей'

13-11-2024T09:17:51 - [TEST_STEP][PASSED] - b6 = b6.replaceAll("[^0-9]", ""): null

13-11-2024T09:17:51 - [TEST_STEP][PASSED] - println("b6:" + b6): null

13-11-2024T09:17:51 - [TEST_STEP][PASSED] - click(findTestObject("Прогноз по отраслям/Переключить отображение с процентов на абс Стресс-сценарий")): Object: 'Object Repository/Прогноз по отраслям/Переключить отображение с процентов на абс Стресс-сценарий' is clicked on

13-11-2024T09:17:51 - [MESSAGE][PASSED] - Object: 'Object Repository/Прогноз по отраслям/Переключить отображение с процентов на абс Стресс-сценарий' is clicked on

13-11-2024T09:17:51 - [TEST_STEP][PASSED] - click(findTestObject("Прогноз по отраслям/Фильтр Сравнение с Стресс")): Object: 'Object Repository/Прогноз по отраслям/Фильтр Сравнение с Стресс' is clicked on

13-11-2024T09:17:51 - [MESSAGE][PASSED] - Object: 'Object Repository/Прогноз по отраслям/Фильтр Сравнение с Стресс' is clicked on

13-11-2024T09:17:51 - [TEST_STEP][PASSED] - click(findTestObject("Прогноз по отраслям/Факт прошлого года Стресс")): Object: 'Object Repository/Прогноз по отраслям/Факт прошлого года Стресс' is clicked on

13-11-2024T09:17:53 - [MESSAGE][PASSED] - Object: 'Object Repository/Прогноз по отраслям/Факт прошлого года Стресс' is clicked on

13-11-2024T09:17:53 - [TEST_STEP][PASSED] - click(findTestObject("Прогноз по отраслям/Фильтр КПО-Отпуск Стресс")): Object: 'Object Repository/Прогноз по отраслям/Фильтр КПО-Отпуск Стресс' is clicked on

13-11-2024T09:17:56 - [MESSAGE][PASSED] - Object: 'Object Repository/Прогноз по отраслям/Фильтр КПО-Отпуск Стресс' is clicked on

13-11-2024T09:17:56 - [TEST_STEP][PASSED] - click(findTestObject("Прогноз по отраслям/Отпуск Стресс")): Object: 'Object Repository/Прогноз по отраслям/Отпуск Стресс' is clicked on

13-11-2024T09:17:57 - [MESSAGE][PASSED] - Object: 'Object Repository/Прогноз по отраслям/Отпуск Стресс' is clicked on

13-11-2024T09:17:57 - [TEST_STEP][PASSED] - delay(40): Delayed 40 second(s)

13-11-2024T09:18:37 - [MESSAGE][PASSED] - Delayed 40 second(s)

13-11-2024T09:18:37 - [TEST_STEP][PASSED] - b7 = getText(findTestObject("Прогноз по отраслям/Виджеты дашборда")): Text of object 'Object Repository/Прогноз по отраслям/Виджеты дашборда' is: 'Год 
2023 год
Сравнение с 
Факт прошлого года
Отклонения по ПАО Россети на 2023 год
-2 263.5 -2 263.5
11 054.6 11 054.6
1 280.2 1 280.2
-1 947.5 -1 947.5
90.9 90.9
-3 845.0 -3 845.0
4 162.1 4 162.1
651.7 651.7
-4 727.7 -4 727.7
256.5 256.5
-723.9 -723.9
4 292.3 4 292.3
⬤ Отклонение, млн. кВт.ч
Интер РАО (для ФСК)
Промышленные потребители
Транспорт
Нефтедобыча
Нефтепереработка
Нефтепроводы
Газопроводы
Сельское хозяйство и пищевая про…
Непромышленные потребители
Государственные (муниципальные…
Население и приравненные группы…
Территориальные сетевые организ…
Выручка отклонения по ПАО Россети на 2023 год
421.3 421.3
45 574.9 45 574.9
9 547.5 9 547.5
4 889.3 4 889.3
2 337.4 2 337.4
-1 682.6 -1 682.6
2 919.4 2 919.4
7 110.2 7 110.2
19 840.8 19 840.8
7 289.5 7 289.5
23 664.8 23 664.8
31 028.3 31 028.3
⬤ Отклонение, млн. руб
Интер РАО (для ФСК)
Промышленные потребители
Транспорт
Нефтедобыча
Нефтепереработка
Нефтепроводы
Газопроводы
Сельское хозяйство и пищевая про…
Непромышленные потребители
Государственные (муниципальные…
Население и приравненные группы…
Территориальные сетевые организ…
Динамика электропотребления, млрд. кВт.ч., по ПАО Россети на 2023 год
12 12
186 186
36 36
50 50
10 10
19 19
0 0
17 17
85 85
19 19
82 82
604 604
10 10
197 197
37 37
48 48
10 10
15 15
4 4
18 18
80 80
19 19
82 82
608 608
Факт прошлого года
Ожидаемое (прогноз до конца года)
Интер РАО(для ФСК)
Промышленныепотребители
Транспорт
Нефтедобыча
Нефтеперераб…
Нефтепроводы
Газопроводы
Сельское хозя…
Непромышлен…
Государственн…
Население иприравненныегруппыпотребителей
Территориальн…
Выручка, млрд. руб, по ПАО Россети на 2023 год
5 5
285 285
72 72
72 72
18 18
22 22
0 0
50 50
201 201
61 61
190 190
227 227
6 6
331 331
82 82
77 77
20 20
20 20
3 3
57 57
220 220
68 68
214 214
258 258
Факт прошлого года
Ожидаемое (прогноз до конца года)
Интер РАО(для ФСК)
Промышленныепотребители
Транспорт
Нефтедобыча
Нефтеперераб…
Нефтепроводы
Газопроводы
Сельское хозя…
Непромышлен…
Государственн…
Население иприравненныегруппыпотребителей
Территориальн…
абс.
%
Прогноз на месяц 
Ноябрь
КПО/Отпуск из сети 
Отпуск из сети, млн. кВт.ч
Организация 
Все
Прогноз электропотребления и выручки за услуги по передаче в разрезе отраслей'

13-11-2024T09:18:37 - [MESSAGE][PASSED] - Text of object 'Object Repository/Прогноз по отраслям/Виджеты дашборда' is: 'Год 
2023 год
Сравнение с 
Факт прошлого года
Отклонения по ПАО Россети на 2023 год
-2 263.5 -2 263.5
11 054.6 11 054.6
1 280.2 1 280.2
-1 947.5 -1 947.5
90.9 90.9
-3 845.0 -3 845.0
4 162.1 4 162.1
651.7 651.7
-4 727.7 -4 727.7
256.5 256.5
-723.9 -723.9
4 292.3 4 292.3
⬤ Отклонение, млн. кВт.ч
Интер РАО (для ФСК)
Промышленные потребители
Транспорт
Нефтедобыча
Нефтепереработка
Нефтепроводы
Газопроводы
Сельское хозяйство и пищевая про…
Непромышленные потребители
Государственные (муниципальные…
Население и приравненные группы…
Территориальные сетевые организ…
Выручка отклонения по ПАО Россети на 2023 год
421.3 421.3
45 574.9 45 574.9
9 547.5 9 547.5
4 889.3 4 889.3
2 337.4 2 337.4
-1 682.6 -1 682.6
2 919.4 2 919.4
7 110.2 7 110.2
19 840.8 19 840.8
7 289.5 7 289.5
23 664.8 23 664.8
31 028.3 31 028.3
⬤ Отклонение, млн. руб
Интер РАО (для ФСК)
Промышленные потребители
Транспорт
Нефтедобыча
Нефтепереработка
Нефтепроводы
Газопроводы
Сельское хозяйство и пищевая про…
Непромышленные потребители
Государственные (муниципальные…
Население и приравненные группы…
Территориальные сетевые организ…
Динамика электропотребления, млрд. кВт.ч., по ПАО Россети на 2023 год
12 12
186 186
36 36
50 50
10 10
19 19
0 0
17 17
85 85
19 19
82 82
604 604
10 10
197 197
37 37
48 48
10 10
15 15
4 4
18 18
80 80
19 19
82 82
608 608
Факт прошлого года
Ожидаемое (прогноз до конца года)
Интер РАО(для ФСК)
Промышленныепотребители
Транспорт
Нефтедобыча
Нефтеперераб…
Нефтепроводы
Газопроводы
Сельское хозя…
Непромышлен…
Государственн…
Население иприравненныегруппыпотребителей
Территориальн…
Выручка, млрд. руб, по ПАО Россети на 2023 год
5 5
285 285
72 72
72 72
18 18
22 22
0 0
50 50
201 201
61 61
190 190
227 227
6 6
331 331
82 82
77 77
20 20
20 20
3 3
57 57
220 220
68 68
214 214
258 258
Факт прошлого года
Ожидаемое (прогноз до конца года)
Интер РАО(для ФСК)
Промышленныепотребители
Транспорт
Нефтедобыча
Нефтеперераб…
Нефтепроводы
Газопроводы
Сельское хозя…
Непромышлен…
Государственн…
Население иприравненныегруппыпотребителей
Территориальн…
абс.
%
Прогноз на месяц 
Ноябрь
КПО/Отпуск из сети 
Отпуск из сети, млн. кВт.ч
Организация 
Все
Прогноз электропотребления и выручки за услуги по передаче в разрезе отраслей'

13-11-2024T09:18:37 - [TEST_STEP][PASSED] - b7 = b7.replaceAll("[^0-9]", ""): null

13-11-2024T09:18:37 - [TEST_STEP][PASSED] - println("b7:" + b7): null

13-11-2024T09:18:37 - [TEST_STEP][PASSED] - click(findTestObject("Прогноз по отраслям/Фильтр Сравнение с Стресс")): Object: 'Object Repository/Прогноз по отраслям/Фильтр Сравнение с Стресс' is clicked on

13-11-2024T09:18:38 - [MESSAGE][PASSED] - Object: 'Object Repository/Прогноз по отраслям/Фильтр Сравнение с Стресс' is clicked on

13-11-2024T09:18:38 - [TEST_STEP][PASSED] - click(findTestObject("Прогноз по отраслям/План Стресс")): Object: 'Object Repository/Прогноз по отраслям/План Стресс' is clicked on

13-11-2024T09:18:39 - [MESSAGE][PASSED] - Object: 'Object Repository/Прогноз по отраслям/План Стресс' is clicked on

13-11-2024T09:18:39 - [TEST_STEP][PASSED] - delay(40): Delayed 40 second(s)

13-11-2024T09:19:19 - [MESSAGE][PASSED] - Delayed 40 second(s)

13-11-2024T09:19:19 - [TEST_STEP][PASSED] - b8 = getText(findTestObject("Прогноз по отраслям/Виджеты дашборда")): Text of object 'Object Repository/Прогноз по отраслям/Виджеты дашборда' is: 'Год 
2023 год
Сравнение с 
План
Отклонения по ПАО Россети на 2023 год
-492.2 -492.2
7 165.1 7 165.1
689.3 689.3
33 271.7 33 271.7
986.4 986.4
593.8 593.8
764.0 764.0
670.4 670.4
-592.4 -592.4
308.8 308.8
-940.9 -940.9
19 604.1 19 604.1
⬤ Отклонение, млн. кВт.ч
Интер РАО (для ФСК)
Промышленные потребители
Транспорт
Нефтедобыча
Нефтепереработка
Нефтепроводы
Газопроводы
Сельское хозяйство и пищевая про…
Непромышленные потребители
Государственные (муниципальные…
Население и приравненные группы…
Территориальные сетевые организ…
Выручка отклонения по ПАО Россети на 2023 год
794.9 794.9
12 195.0 12 195.0
972.7 972.7
61 803.9 61 803.9
4 222.3 4 222.3
-121.8 -121.8
666.2 666.2
873.2 873.2
5 809.6 5 809.6
1 342.6 1 342.6
-4 463.2 -4 463.2
18 375.5 18 375.5
⬤ Отклонение, млн. руб
Интер РАО (для ФСК)
Промышленные потребители
Транспорт
Нефтедобыча
Нефтепереработка
Нефтепроводы
Газопроводы
Сельское хозяйство и пищевая про…
Непромышленные потребители
Государственные (муниципальные…
Население и приравненные группы…
Территориальные сетевые организ…
Динамика электропотребления, млрд. кВт.ч., по ПАО Россети на 2023 год
10 10
190 190
36 36
14 14
9 9
14 14
4 4
17 17
80 80
19 19
82 82
588 588
10 10
197 197
37 37
48 48
10 10
15 15
4 4
18 18
80 80
19 19
82 82
608 608
План
Ожидаемое (прогноз до конца года)
Интер РАО(для ФСК)
Промышленныепотребители
Транспорт
Нефтедобыча
Нефтеперераб…
Нефтепроводы
Газопроводы
Сельское хозя…
Непромышлен…
Государственн…
Население иприравненныегруппыпотребителей
Территориальн…
Выручка, млрд. руб, по ПАО Россети на 2023 год
5 5
319 319
81 81
16 16
16 16
20 20
2 2
56 56
215 215
67 67
218 218
239 239
6 6
331 331
82 82
77 77
20 20
20 20
3 3
57 57
220 220
68 68
214 214
258 258
План
Ожидаемое (прогноз до конца года)
Интер РАО(для ФСК)
Промышленныепотребители
Транспорт
Нефтедобыча
Нефтеперераб…
Нефтепроводы
Газопроводы
Сельское хозя…
Непромышлен…
Государственн…
Население иприравненныегруппыпотребителей
Территориальн…
абс.
%
Прогноз на месяц 
Ноябрь
КПО/Отпуск из сети 
Отпуск из сети, млн. кВт.ч
Организация 
Все
Прогноз электропотребления и выручки за услуги по передаче в разрезе отраслей'

13-11-2024T09:19:20 - [MESSAGE][PASSED] - Text of object 'Object Repository/Прогноз по отраслям/Виджеты дашборда' is: 'Год 
2023 год
Сравнение с 
План
Отклонения по ПАО Россети на 2023 год
-492.2 -492.2
7 165.1 7 165.1
689.3 689.3
33 271.7 33 271.7
986.4 986.4
593.8 593.8
764.0 764.0
670.4 670.4
-592.4 -592.4
308.8 308.8
-940.9 -940.9
19 604.1 19 604.1
⬤ Отклонение, млн. кВт.ч
Интер РАО (для ФСК)
Промышленные потребители
Транспорт
Нефтедобыча
Нефтепереработка
Нефтепроводы
Газопроводы
Сельское хозяйство и пищевая про…
Непромышленные потребители
Государственные (муниципальные…
Население и приравненные группы…
Территориальные сетевые организ…
Выручка отклонения по ПАО Россети на 2023 год
794.9 794.9
12 195.0 12 195.0
972.7 972.7
61 803.9 61 803.9
4 222.3 4 222.3
-121.8 -121.8
666.2 666.2
873.2 873.2
5 809.6 5 809.6
1 342.6 1 342.6
-4 463.2 -4 463.2
18 375.5 18 375.5
⬤ Отклонение, млн. руб
Интер РАО (для ФСК)
Промышленные потребители
Транспорт
Нефтедобыча
Нефтепереработка
Нефтепроводы
Газопроводы
Сельское хозяйство и пищевая про…
Непромышленные потребители
Государственные (муниципальные…
Население и приравненные группы…
Территориальные сетевые организ…
Динамика электропотребления, млрд. кВт.ч., по ПАО Россети на 2023 год
10 10
190 190
36 36
14 14
9 9
14 14
4 4
17 17
80 80
19 19
82 82
588 588
10 10
197 197
37 37
48 48
10 10
15 15
4 4
18 18
80 80
19 19
82 82
608 608
План
Ожидаемое (прогноз до конца года)
Интер РАО(для ФСК)
Промышленныепотребители
Транспорт
Нефтедобыча
Нефтеперераб…
Нефтепроводы
Газопроводы
Сельское хозя…
Непромышлен…
Государственн…
Население иприравненныегруппыпотребителей
Территориальн…
Выручка, млрд. руб, по ПАО Россети на 2023 год
5 5
319 319
81 81
16 16
16 16
20 20
2 2
56 56
215 215
67 67
218 218
239 239
6 6
331 331
82 82
77 77
20 20
20 20
3 3
57 57
220 220
68 68
214 214
258 258
План
Ожидаемое (прогноз до конца года)
Интер РАО(для ФСК)
Промышленныепотребители
Транспорт
Нефтедобыча
Нефтеперераб…
Нефтепроводы
Газопроводы
Сельское хозя…
Непромышлен…
Государственн…
Население иприравненныегруппыпотребителей
Территориальн…
абс.
%
Прогноз на месяц 
Ноябрь
КПО/Отпуск из сети 
Отпуск из сети, млн. кВт.ч
Организация 
Все
Прогноз электропотребления и выручки за услуги по передаче в разрезе отраслей'

13-11-2024T09:19:20 - [TEST_STEP][PASSED] - b8 = b8.replaceAll("[^0-9]", ""): null

13-11-2024T09:19:20 - [TEST_STEP][PASSED] - println("b8:" + b8): null

13-11-2024T09:19:20 - [TEST_STEP][PASSED] - click(findTestObject("Прогноз по отраслям/Фильтр Сравнение с Стресс")): Object: 'Object Repository/Прогноз по отраслям/Фильтр Сравнение с Стресс' is clicked on

13-11-2024T09:19:20 - [MESSAGE][PASSED] - Object: 'Object Repository/Прогноз по отраслям/Фильтр Сравнение с Стресс' is clicked on

13-11-2024T09:19:20 - [TEST_STEP][PASSED] - click(findTestObject("Прогноз по отраслям/План СУ Стресс")): Object: 'Object Repository/Прогноз по отраслям/План СУ Стресс' is clicked on

13-11-2024T09:19:22 - [MESSAGE][PASSED] - Object: 'Object Repository/Прогноз по отраслям/План СУ Стресс' is clicked on

13-11-2024T09:19:22 - [TEST_STEP][PASSED] - delay(40): Delayed 40 second(s)

13-11-2024T09:20:02 - [MESSAGE][PASSED] - Delayed 40 second(s)

13-11-2024T09:20:02 - [TEST_STEP][PASSED] - b9 = getText(findTestObject("Прогноз по отраслям/Виджеты дашборда")): Text of object 'Object Repository/Прогноз по отраслям/Виджеты дашборда' is: 'Год 
2023 год
Сравнение с 
План/СУ
Отклонения по ПАО Россети на 2023 год
243.5 243.5
11 013.5 11 013.5
674.8 674.8
32 765.3 32 765.3
1 049.4 1 049.4
271.8 271.8
495.2 495.2
588.7 588.7
-7 607.7 -7 607.7
31.9 31.9
-1 318.1 -1 318.1
10 906.5 10 906.5
⬤ Отклонение, млн. кВт.ч
Интер РАО (для ФСК)
Промышленные потребители
Транспорт
Нефтедобыча
Нефтепереработка
Нефтепроводы
Газопроводы
Сельское хозяйство и пищевая про…
Непромышленные потребители
Государственные (муниципальные…
Население и приравненные группы…
Территориальные сетевые организ…
Выручка отклонения по ПАО Россети на 2023 год
⬤ Отклонение, млн. руб
Интер РАО (для ФСК)
Промышленные потребители
Транспорт
Нефтедобыча
Нефтепереработка
Нефтепроводы
Газопроводы
Сельское хозяйство и пищевая про…
Непромышленные потребители
Государственные (муниципальные…
Население и приравненные группы…
Территориальные сетевые организ…
Динамика электропотребления, млрд. кВт.ч., по ПАО Россети на 2023 год
10 10
186 186
36 36
15 15
9 9
14 14
4 4
17 17
88 88
19 19
83 83
597 597
10 10
197 197
37 37
48 48
10 10
15 15
4 4
18 18
80 80
19 19
82 82
608 608
СУ
Ожидаемое (прогноз до конца года)
Интер РАО(для ФСК)
Промышленныепотребители
Транспорт
Нефтедобыча
Нефтеперераб…
Нефтепроводы
Газопроводы
Сельское хозя…
Непромышлен…
Государственн…
Население иприравненныегруппыпотребителей
Территориальн…
Выручка, млрд. руб, по ПАО Россети на 2023 год
6 6
331 331
82 82
77 77
20 20
20 20
3 3
57 57
220 220
68 68
214 214
258 258
Ожидаемое (прогноз до конца года)
Интер РАО(для ФСК)
Промышленныепотребители
Транспорт
Нефтедобыча
Нефтеперераб…
Нефтепроводы
Газопроводы
Сельское хозя…
Непромышлен…
Государственн…
Население иприравненныегруппыпотребителей
Территориальн…
абс.
%
Прогноз на месяц 
Ноябрь
КПО/Отпуск из сети 
Отпуск из сети, млн. кВт.ч
Организация 
Все
Прогноз электропотребления и выручки за услуги по передаче в разрезе отраслей'

13-11-2024T09:20:02 - [MESSAGE][PASSED] - Text of object 'Object Repository/Прогноз по отраслям/Виджеты дашборда' is: 'Год 
2023 год
Сравнение с 
План/СУ
Отклонения по ПАО Россети на 2023 год
243.5 243.5
11 013.5 11 013.5
674.8 674.8
32 765.3 32 765.3
1 049.4 1 049.4
271.8 271.8
495.2 495.2
588.7 588.7
-7 607.7 -7 607.7
31.9 31.9
-1 318.1 -1 318.1
10 906.5 10 906.5
⬤ Отклонение, млн. кВт.ч
Интер РАО (для ФСК)
Промышленные потребители
Транспорт
Нефтедобыча
Нефтепереработка
Нефтепроводы
Газопроводы
Сельское хозяйство и пищевая про…
Непромышленные потребители
Государственные (муниципальные…
Население и приравненные группы…
Территориальные сетевые организ…
Выручка отклонения по ПАО Россети на 2023 год
⬤ Отклонение, млн. руб
Интер РАО (для ФСК)
Промышленные потребители
Транспорт
Нефтедобыча
Нефтепереработка
Нефтепроводы
Газопроводы
Сельское хозяйство и пищевая про…
Непромышленные потребители
Государственные (муниципальные…
Население и приравненные группы…
Территориальные сетевые организ…
Динамика электропотребления, млрд. кВт.ч., по ПАО Россети на 2023 год
10 10
186 186
36 36
15 15
9 9
14 14
4 4
17 17
88 88
19 19
83 83
597 597
10 10
197 197
37 37
48 48
10 10
15 15
4 4
18 18
80 80
19 19
82 82
608 608
СУ
Ожидаемое (прогноз до конца года)
Интер РАО(для ФСК)
Промышленныепотребители
Транспорт
Нефтедобыча
Нефтеперераб…
Нефтепроводы
Газопроводы
Сельское хозя…
Непромышлен…
Государственн…
Население иприравненныегруппыпотребителей
Территориальн…
Выручка, млрд. руб, по ПАО Россети на 2023 год
6 6
331 331
82 82
77 77
20 20
20 20
3 3
57 57
220 220
68 68
214 214
258 258
Ожидаемое (прогноз до конца года)
Интер РАО(для ФСК)
Промышленныепотребители
Транспорт
Нефтедобыча
Нефтеперераб…
Нефтепроводы
Газопроводы
Сельское хозя…
Непромышлен…
Государственн…
Население иприравненныегруппыпотребителей
Территориальн…
абс.
%
Прогноз на месяц 
Ноябрь
КПО/Отпуск из сети 
Отпуск из сети, млн. кВт.ч
Организация 
Все
Прогноз электропотребления и выручки за услуги по передаче в разрезе отраслей'

13-11-2024T09:20:02 - [TEST_STEP][PASSED] - b9 = b9.replaceAll("[^0-9]", ""): null

13-11-2024T09:20:02 - [TEST_STEP][PASSED] - println("b9:" + b9): null

13-11-2024T09:20:02 - [TEST_STEP][PASSED] - click(findTestObject("Прогноз по отраслям/Фильтр Сравнение с Стресс")): Object: 'Object Repository/Прогноз по отраслям/Фильтр Сравнение с Стресс' is clicked on

13-11-2024T09:20:03 - [MESSAGE][PASSED] - Object: 'Object Repository/Прогноз по отраслям/Фильтр Сравнение с Стресс' is clicked on

13-11-2024T09:20:03 - [TEST_STEP][PASSED] - click(findTestObject("Прогноз по отраслям/Факт прошлого года Стресс")): Object: 'Object Repository/Прогноз по отраслям/Факт прошлого года Стресс' is clicked on

13-11-2024T09:20:04 - [MESSAGE][PASSED] - Object: 'Object Repository/Прогноз по отраслям/Факт прошлого года Стресс' is clicked on

13-11-2024T09:20:04 - [TEST_STEP][PASSED] - click(findTestObject("Прогноз по отраслям/Фильтр КПО-Отпуск Стресс")): Object: 'Object Repository/Прогноз по отраслям/Фильтр КПО-Отпуск Стресс' is clicked on

13-11-2024T09:20:07 - [MESSAGE][PASSED] - Object: 'Object Repository/Прогноз по отраслям/Фильтр КПО-Отпуск Стресс' is clicked on

13-11-2024T09:20:07 - [TEST_STEP][PASSED] - click(findTestObject("Прогноз по отраслям/КПО Стресс")): Object: 'Object Repository/Прогноз по отраслям/КПО Стресс' is clicked on

13-11-2024T09:20:08 - [MESSAGE][PASSED] - Object: 'Object Repository/Прогноз по отраслям/КПО Стресс' is clicked on

13-11-2024T09:20:08 - [TEST_STEP][PASSED] - delay(40): Delayed 40 second(s)

13-11-2024T09:20:48 - [MESSAGE][PASSED] - Delayed 40 second(s)

13-11-2024T09:20:48 - [TEST_STEP][PASSED] - b10 = getText(findTestObject("Прогноз по отраслям/Виджеты дашборда")): Text of object 'Object Repository/Прогноз по отраслям/Виджеты дашборда' is: 'Год 
2023 год
Сравнение с 
Факт прошлого года
Отклонения по ПАО Россети на 2023 год
0.0 0.0
646.5 646.5
341.1 341.1
-2 455.6 -2 455.6
245.6 245.6
-1 796.0 -1 796.0
676.2 676.2
452.4 452.4
1 386.2 1 386.2
527.5 527.5
-1 130.4 -1 130.4
-128.7 -128.7
⬤ Отклонение, млн. кВт.ч
Интер РАО (для ФСК)
Промышленные потребители
Транспорт
Нефтедобыча
Нефтепереработка
Нефтепроводы
Газопроводы
Сельское хозяйство и пищевая про…
Непромышленные потребители
Государственные (муниципальные…
Население и приравненные группы…
Территориальные сетевые организ…
Выручка отклонения по ПАО Россети на 2023 год
421.3 421.3
45 574.9 45 574.9
9 547.5 9 547.5
4 889.3 4 889.3
2 337.4 2 337.4
-1 682.6 -1 682.6
2 919.4 2 919.4
7 110.2 7 110.2
19 840.8 19 840.8
7 289.5 7 289.5
23 664.8 23 664.8
31 028.3 31 028.3
⬤ Отклонение, млн. руб
Интер РАО (для ФСК)
Промышленные потребители
Транспорт
Нефтедобыча
Нефтепереработка
Нефтепроводы
Газопроводы
Сельское хозяйство и пищевая про…
Непромышленные потребители
Государственные (муниципальные…
Население и приравненные группы…
Территориальные сетевые организ…
Динамика электропотребления, млрд. кВт.ч., по ПАО Россети на 2023 год
0 0
120 120
38 38
41 41
8 8
10 10
0 0
19 19
77 77
25 25
122 122
61 61
0 0
120 120
39 39
39 39
8 8
8 8
1 1
20 20
78 78
26 26
121 121
60 60
Факт прошлого года
Ожидаемое (прогноз до конца года)
Интер РАО(для ФСК)
Промышленныепотребители
Транспорт
Нефтедобыча
Нефтеперераб…
Нефтепроводы
Газопроводы
Сельское хозя…
Непромышлен…
Государственн…
Население иприравненныегруппыпотребителей
Территориальн…
Выручка, млрд. руб, по ПАО Россети на 2023 год
5 5
285 285
72 72
72 72
18 18
22 22
0 0
50 50
201 201
61 61
190 190
227 227
6 6
331 331
82 82
77 77
20 20
20 20
3 3
57 57
220 220
68 68
214 214
258 258
Факт прошлого года
Ожидаемое (прогноз до конца года)
Интер РАО(для ФСК)
Промышленныепотребители
Транспорт
Нефтедобыча
Нефтеперераб…
Нефтепроводы
Газопроводы
Сельское хозя…
Непромышлен…
Государственн…
Население иприравненныегруппыпотребителей
Территориальн…
абс.
%
Прогноз на месяц 
Ноябрь
КПО/Отпуск из сети 
Котловой полезный отпуск, млн. кВт.ч
Организация 
Все
Прогноз электропотребления и выручки за услуги по передаче в разрезе отраслей'

13-11-2024T09:20:49 - [MESSAGE][PASSED] - Text of object 'Object Repository/Прогноз по отраслям/Виджеты дашборда' is: 'Год 
2023 год
Сравнение с 
Факт прошлого года
Отклонения по ПАО Россети на 2023 год
0.0 0.0
646.5 646.5
341.1 341.1
-2 455.6 -2 455.6
245.6 245.6
-1 796.0 -1 796.0
676.2 676.2
452.4 452.4
1 386.2 1 386.2
527.5 527.5
-1 130.4 -1 130.4
-128.7 -128.7
⬤ Отклонение, млн. кВт.ч
Интер РАО (для ФСК)
Промышленные потребители
Транспорт
Нефтедобыча
Нефтепереработка
Нефтепроводы
Газопроводы
Сельское хозяйство и пищевая про…
Непромышленные потребители
Государственные (муниципальные…
Население и приравненные группы…
Территориальные сетевые организ…
Выручка отклонения по ПАО Россети на 2023 год
421.3 421.3
45 574.9 45 574.9
9 547.5 9 547.5
4 889.3 4 889.3
2 337.4 2 337.4
-1 682.6 -1 682.6
2 919.4 2 919.4
7 110.2 7 110.2
19 840.8 19 840.8
7 289.5 7 289.5
23 664.8 23 664.8
31 028.3 31 028.3
⬤ Отклонение, млн. руб
Интер РАО (для ФСК)
Промышленные потребители
Транспорт
Нефтедобыча
Нефтепереработка
Нефтепроводы
Газопроводы
Сельское хозяйство и пищевая про…
Непромышленные потребители
Государственные (муниципальные…
Население и приравненные группы…
Территориальные сетевые организ…
Динамика электропотребления, млрд. кВт.ч., по ПАО Россети на 2023 год
0 0
120 120
38 38
41 41
8 8
10 10
0 0
19 19
77 77
25 25
122 122
61 61
0 0
120 120
39 39
39 39
8 8
8 8
1 1
20 20
78 78
26 26
121 121
60 60
Факт прошлого года
Ожидаемое (прогноз до конца года)
Интер РАО(для ФСК)
Промышленныепотребители
Транспорт
Нефтедобыча
Нефтеперераб…
Нефтепроводы
Газопроводы
Сельское хозя…
Непромышлен…
Государственн…
Население иприравненныегруппыпотребителей
Территориальн…
Выручка, млрд. руб, по ПАО Россети на 2023 год
5 5
285 285
72 72
72 72
18 18
22 22
0 0
50 50
201 201
61 61
190 190
227 227
6 6
331 331
82 82
77 77
20 20
20 20
3 3
57 57
220 220
68 68
214 214
258 258
Факт прошлого года
Ожидаемое (прогноз до конца года)
Интер РАО(для ФСК)
Промышленныепотребители
Транспорт
Нефтедобыча
Нефтеперераб…
Нефтепроводы
Газопроводы
Сельское хозя…
Непромышлен…
Государственн…
Население иприравненныегруппыпотребителей
Территориальн…
абс.
%
Прогноз на месяц 
Ноябрь
КПО/Отпуск из сети 
Котловой полезный отпуск, млн. кВт.ч
Организация 
Все
Прогноз электропотребления и выручки за услуги по передаче в разрезе отраслей'

13-11-2024T09:20:49 - [TEST_STEP][PASSED] - b10 = b10.replaceAll("[^0-9]", ""): null

13-11-2024T09:20:49 - [TEST_STEP][PASSED] - println("b10:" + b10): null

13-11-2024T09:20:49 - [TEST_STEP][PASSED] - click(findTestObject("Прогноз по отраслям/Фильтр Сравнение с Стресс")): Object: 'Object Repository/Прогноз по отраслям/Фильтр Сравнение с Стресс' is clicked on

13-11-2024T09:20:49 - [MESSAGE][PASSED] - Object: 'Object Repository/Прогноз по отраслям/Фильтр Сравнение с Стресс' is clicked on

13-11-2024T09:20:49 - [TEST_STEP][PASSED] - click(findTestObject("Прогноз по отраслям/План Стресс")): Object: 'Object Repository/Прогноз по отраслям/План Стресс' is clicked on

13-11-2024T09:20:51 - [MESSAGE][PASSED] - Object: 'Object Repository/Прогноз по отраслям/План Стресс' is clicked on

13-11-2024T09:20:51 - [TEST_STEP][PASSED] - delay(40): Delayed 40 second(s)

13-11-2024T09:21:31 - [MESSAGE][PASSED] - Delayed 40 second(s)

13-11-2024T09:21:31 - [TEST_STEP][PASSED] - b11 = getText(findTestObject("Прогноз по отраслям/Виджеты дашборда")): Text of object 'Object Repository/Прогноз по отраслям/Виджеты дашборда' is: 'Год 
2023 год
Сравнение с 
План
Отклонения по ПАО Россети на 2023 год
0.0 0.0
1 471.7 1 471.7
1 186.5 1 186.5
32 445.2 32 445.2
1 268.3 1 268.3
349.4 349.4
84.3 84.3
239.8 239.8
2 969.4 2 969.4
589.2 589.2
-1 798.4 -1 798.4
5 359.3 5 359.3
⬤ Отклонение, млн. кВт.ч
Интер РАО (для ФСК)
Промышленные потребители
Транспорт
Нефтедобыча
Нефтепереработка
Нефтепроводы
Газопроводы
Сельское хозяйство и пищевая про…
Непромышленные потребители
Государственные (муниципальные…
Население и приравненные группы…
Территориальные сетевые организ…
Выручка отклонения по ПАО Россети на 2023 год
794.9 794.9
12 195.0 12 195.0
972.7 972.7
61 803.9 61 803.9
4 222.3 4 222.3
-121.8 -121.8
666.2 666.2
873.2 873.2
5 809.6 5 809.6
1 342.6 1 342.6
-4 463.2 -4 463.2
18 375.5 18 375.5
⬤ Отклонение, млн. руб
Интер РАО (для ФСК)
Промышленные потребители
Транспорт
Нефтедобыча
Нефтепереработка
Нефтепроводы
Газопроводы
Сельское хозяйство и пищевая про…
Непромышленные потребители
Государственные (муниципальные…
Население и приравненные группы…
Территориальные сетевые организ…
Динамика электропотребления, млрд. кВт.ч., по ПАО Россети на 2023 год
0 0
119 119
37 37
7 7
7 7
8 8
1 1
19 19
75 75
25 25
123 123
55 55
0 0
120 120
39 39
39 39
8 8
8 8
1 1
20 20
78 78
26 26
121 121
60 60
План
Ожидаемое (прогноз до конца года)
Интер РАО(для ФСК)
Промышленныепотребители
Транспорт
Нефтедобыча
Нефтеперераб…
Нефтепроводы
Газопроводы
Сельское хозя…
Непромышлен…
Государственн…
Население иприравненныегруппыпотребителей
Территориальн…
Выручка, млрд. руб, по ПАО Россети на 2023 год
5 5
319 319
81 81
16 16
16 16
20 20
2 2
56 56
215 215
67 67
218 218
239 239
6 6
331 331
82 82
77 77
20 20
20 20
3 3
57 57
220 220
68 68
214 214
258 258
План
Ожидаемое (прогноз до конца года)
Интер РАО(для ФСК)
Промышленныепотребители
Транспорт
Нефтедобыча
Нефтеперераб…
Нефтепроводы
Газопроводы
Сельское хозя…
Непромышлен…
Государственн…
Население иприравненныегруппыпотребителей
Территориальн…
абс.
%
Прогноз на месяц 
Ноябрь
КПО/Отпуск из сети 
Котловой полезный отпуск, млн. кВт.ч
Организация 
Все
Прогноз электропотребления и выручки за услуги по передаче в разрезе отраслей'

13-11-2024T09:21:31 - [MESSAGE][PASSED] - Text of object 'Object Repository/Прогноз по отраслям/Виджеты дашборда' is: 'Год 
2023 год
Сравнение с 
План
Отклонения по ПАО Россети на 2023 год
0.0 0.0
1 471.7 1 471.7
1 186.5 1 186.5
32 445.2 32 445.2
1 268.3 1 268.3
349.4 349.4
84.3 84.3
239.8 239.8
2 969.4 2 969.4
589.2 589.2
-1 798.4 -1 798.4
5 359.3 5 359.3
⬤ Отклонение, млн. кВт.ч
Интер РАО (для ФСК)
Промышленные потребители
Транспорт
Нефтедобыча
Нефтепереработка
Нефтепроводы
Газопроводы
Сельское хозяйство и пищевая про…
Непромышленные потребители
Государственные (муниципальные…
Население и приравненные группы…
Территориальные сетевые организ…
Выручка отклонения по ПАО Россети на 2023 год
794.9 794.9
12 195.0 12 195.0
972.7 972.7
61 803.9 61 803.9
4 222.3 4 222.3
-121.8 -121.8
666.2 666.2
873.2 873.2
5 809.6 5 809.6
1 342.6 1 342.6
-4 463.2 -4 463.2
18 375.5 18 375.5
⬤ Отклонение, млн. руб
Интер РАО (для ФСК)
Промышленные потребители
Транспорт
Нефтедобыча
Нефтепереработка
Нефтепроводы
Газопроводы
Сельское хозяйство и пищевая про…
Непромышленные потребители
Государственные (муниципальные…
Население и приравненные группы…
Территориальные сетевые организ…
Динамика электропотребления, млрд. кВт.ч., по ПАО Россети на 2023 год
0 0
119 119
37 37
7 7
7 7
8 8
1 1
19 19
75 75
25 25
123 123
55 55
0 0
120 120
39 39
39 39
8 8
8 8
1 1
20 20
78 78
26 26
121 121
60 60
План
Ожидаемое (прогноз до конца года)
Интер РАО(для ФСК)
Промышленныепотребители
Транспорт
Нефтедобыча
Нефтеперераб…
Нефтепроводы
Газопроводы
Сельское хозя…
Непромышлен…
Государственн…
Население иприравненныегруппыпотребителей
Территориальн…
Выручка, млрд. руб, по ПАО Россети на 2023 год
5 5
319 319
81 81
16 16
16 16
20 20
2 2
56 56
215 215
67 67
218 218
239 239
6 6
331 331
82 82
77 77
20 20
20 20
3 3
57 57
220 220
68 68
214 214
258 258
План
Ожидаемое (прогноз до конца года)
Интер РАО(для ФСК)
Промышленныепотребители
Транспорт
Нефтедобыча
Нефтеперераб…
Нефтепроводы
Газопроводы
Сельское хозя…
Непромышлен…
Государственн…
Население иприравненныегруппыпотребителей
Территориальн…
абс.
%
Прогноз на месяц 
Ноябрь
КПО/Отпуск из сети 
Котловой полезный отпуск, млн. кВт.ч
Организация 
Все
Прогноз электропотребления и выручки за услуги по передаче в разрезе отраслей'

13-11-2024T09:21:31 - [TEST_STEP][PASSED] - println("b11:" + b11): null

13-11-2024T09:21:31 - [TEST_STEP][PASSED] - b11 = b11.replaceAll("[^0-9]", ""): null

13-11-2024T09:21:31 - [TEST_STEP][PASSED] - println("b11:" + b11): null

13-11-2024T09:21:31 - [TEST_STEP][PASSED] - click(findTestObject("Прогноз по отраслям/Фильтр Сравнение с Стресс")): Object: 'Object Repository/Прогноз по отраслям/Фильтр Сравнение с Стресс' is clicked on

13-11-2024T09:21:32 - [MESSAGE][PASSED] - Object: 'Object Repository/Прогноз по отраслям/Фильтр Сравнение с Стресс' is clicked on

13-11-2024T09:21:32 - [TEST_STEP][PASSED] - click(findTestObject("Прогноз по отраслям/План СУ Стресс")): Object: 'Object Repository/Прогноз по отраслям/План СУ Стресс' is clicked on

13-11-2024T09:21:33 - [MESSAGE][PASSED] - Object: 'Object Repository/Прогноз по отраслям/План СУ Стресс' is clicked on

13-11-2024T09:21:33 - [TEST_STEP][PASSED] - delay(40): Delayed 40 second(s)

13-11-2024T09:22:13 - [MESSAGE][PASSED] - Delayed 40 second(s)

13-11-2024T09:22:13 - [TEST_STEP][PASSED] - b12 = getText(findTestObject("Прогноз по отраслям/Виджеты дашборда")): Text of object 'Object Repository/Прогноз по отраслям/Виджеты дашборда' is: 'Год 
2023 год
Сравнение с 
План/СУ
Отклонения по ПАО Россети на 2023 год
0.0 0.0
120 322.6 120 322.6
38 655.4 38 655.4
39 037.8 39 037.8
8 291.7 8 291.7
8 259.5 8 259.5
793.1 793.1
19 706.6 19 706.6
78 310.2 78 310.2
25 579.5 25 579.5
121 219.7 121 219.7
60 414.9 60 414.9
⬤ Отклонение, млн. кВт.ч
Интер РАО (для ФСК)
Промышленные потребители
Транспорт
Нефтедобыча
Нефтепереработка
Нефтепроводы
Газопроводы
Сельское хозяйство и пищевая про…
Непромышленные потребители
Государственные (муниципальные…
Население и приравненные группы…
Территориальные сетевые организ…
Выручка отклонения по ПАО Россети на 2023 год
⬤ Отклонение, млн. руб
Интер РАО (для ФСК)
Промышленные потребители
Транспорт
Нефтедобыча
Нефтепереработка
Нефтепроводы
Газопроводы
Сельское хозяйство и пищевая про…
Непромышленные потребители
Государственные (муниципальные…
Население и приравненные группы…
Территориальные сетевые организ…
Динамика электропотребления, млрд. кВт.ч., по ПАО Россети на 2023 год
0 0
0 0
0 0
0 0
0 0
0 0
0 0
0 0
0 0
0 0
0 0
0 0
0 0
120 120
39 39
39 39
8 8
8 8
1 1
20 20
78 78
26 26
121 121
60 60
СУ
Ожидаемое (прогноз до конца года)
Интер РАО(для ФСК)
Промышленныепотребители
Транспорт
Нефтедобыча
Нефтеперераб…
Нефтепроводы
Газопроводы
Сельское хозя…
Непромышлен…
Государственн…
Население иприравненныегруппыпотребителей
Территориальн…
Выручка, млрд. руб, по ПАО Россети на 2023 год
6 6
331 331
82 82
77 77
20 20
20 20
3 3
57 57
220 220
68 68
214 214
258 258
Ожидаемое (прогноз до конца года)
Интер РАО(для ФСК)
Промышленныепотребители
Транспорт
Нефтедобыча
Нефтеперераб…
Нефтепроводы
Газопроводы
Сельское хозя…
Непромышлен…
Государственн…
Население иприравненныегруппыпотребителей
Территориальн…
абс.
%
Прогноз на месяц 
Ноябрь
КПО/Отпуск из сети 
Котловой полезный отпуск, млн. кВт.ч
Организация 
Все
Прогноз электропотребления и выручки за услуги по передаче в разрезе отраслей'

13-11-2024T09:22:14 - [MESSAGE][PASSED] - Text of object 'Object Repository/Прогноз по отраслям/Виджеты дашборда' is: 'Год 
2023 год
Сравнение с 
План/СУ
Отклонения по ПАО Россети на 2023 год
0.0 0.0
120 322.6 120 322.6
38 655.4 38 655.4
39 037.8 39 037.8
8 291.7 8 291.7
8 259.5 8 259.5
793.1 793.1
19 706.6 19 706.6
78 310.2 78 310.2
25 579.5 25 579.5
121 219.7 121 219.7
60 414.9 60 414.9
⬤ Отклонение, млн. кВт.ч
Интер РАО (для ФСК)
Промышленные потребители
Транспорт
Нефтедобыча
Нефтепереработка
Нефтепроводы
Газопроводы
Сельское хозяйство и пищевая про…
Непромышленные потребители
Государственные (муниципальные…
Население и приравненные группы…
Территориальные сетевые организ…
Выручка отклонения по ПАО Россети на 2023 год
⬤ Отклонение, млн. руб
Интер РАО (для ФСК)
Промышленные потребители
Транспорт
Нефтедобыча
Нефтепереработка
Нефтепроводы
Газопроводы
Сельское хозяйство и пищевая про…
Непромышленные потребители
Государственные (муниципальные…
Население и приравненные группы…
Территориальные сетевые организ…
Динамика электропотребления, млрд. кВт.ч., по ПАО Россети на 2023 год
0 0
0 0
0 0
0 0
0 0
0 0
0 0
0 0
0 0
0 0
0 0
0 0
0 0
120 120
39 39
39 39
8 8
8 8
1 1
20 20
78 78
26 26
121 121
60 60
СУ
Ожидаемое (прогноз до конца года)
Интер РАО(для ФСК)
Промышленныепотребители
Транспорт
Нефтедобыча
Нефтеперераб…
Нефтепроводы
Газопроводы
Сельское хозя…
Непромышлен…
Государственн…
Население иприравненныегруппыпотребителей
Территориальн…
Выручка, млрд. руб, по ПАО Россети на 2023 год
6 6
331 331
82 82
77 77
20 20
20 20
3 3
57 57
220 220
68 68
214 214
258 258
Ожидаемое (прогноз до конца года)
Интер РАО(для ФСК)
Промышленныепотребители
Транспорт
Нефтедобыча
Нефтеперераб…
Нефтепроводы
Газопроводы
Сельское хозя…
Непромышлен…
Государственн…
Население иприравненныегруппыпотребителей
Территориальн…
абс.
%
Прогноз на месяц 
Ноябрь
КПО/Отпуск из сети 
Котловой полезный отпуск, млн. кВт.ч
Организация 
Все
Прогноз электропотребления и выручки за услуги по передаче в разрезе отраслей'

13-11-2024T09:22:14 - [TEST_STEP][PASSED] - b12 = b12.replaceAll("[^0-9]", ""): null

13-11-2024T09:22:14 - [TEST_STEP][PASSED] - println("b12:" + b12): null

13-11-2024T09:22:14 - [TEST_STEP][PASSED] - if (verifyEqual(a1, b1) == true): Actual object '20232023121218618636365050101019190017178585191982826046041010197197373748481010151544181880801919828260860820235528528572727272181822220050502012016161190190227227663313318282777720202020335757220220686821421425825820231851855959363639390909207207331323313238385656131309090707202377771601601321326767133133777713315133151421429999120120124124137137' and expected object '20232023121218618636365050101019190017178585191982826046041010197197373748481010151544181880801919828260860820235528528572727272181822220050502012016161190190227227663313318282777720202020335757220220686821421425825820231851855959363639390909207207331323313238385656131309090707202377771601601321326767133133777713315133151421429999120120124124137137' are equal

13-11-2024T09:22:14 - [MESSAGE][PASSED] - Actual object '20232023121218618636365050101019190017178585191982826046041010197197373748481010151544181880801919828260860820235528528572727272181822220050502012016161190190227227663313318282777720202020335757220220686821421425825820231851855959363639390909207207331323313238385656131309090707202377771601601321326767133133777713315133151421429999120120124124137137' and expected object '20232023121218618636365050101019190017178585191982826046041010197197373748481010151544181880801919828260860820235528528572727272181822220050502012016161190190227227663313318282777720202020335757220220686821421425825820231851855959363639390909207207331323313238385656131309090707202377771601601321326767133133777713315133151421429999120120124124137137' are equal

13-11-2024T09:22:14 - [TEST_STEP][PASSED] - if (verifyEqual(a2, b2) == true): Actual object '202320231010190190363614149914144417178080191982825885881010197197373748481010151544181880801919828260860820235531931981811616161620202256562152156767218218239239663313318282777720202020335757220220686821421425825820234747383819192303230310910942422172173939060616161010333320231561563838121239823982269269060626926915152727202020207979' and expected object '202320231010190190363614149914144417178080191982825885881010197197373748481010151544181880801919828260860820235531931981811616161620202256562152156767218218239239663313318282777720202020335757220220686821421425825820234747383819192303230310910942422172173939060616161010333320231561563838121239823982269269060626926915152727202020207979' are equal

13-11-2024T09:22:14 - [MESSAGE][PASSED] - Actual object '202320231010190190363614149914144417178080191982825885881010197197373748481010151544181880801919828260860820235531931981811616161620202256562152156767218218239239663313318282777720202020335757220220686821421425825820234747383819192303230310910942422172173939060616161010333320231561563838121239823982269269060626926915152727202020207979' and expected object '202320231010190190363614149914144417178080191982825885881010197197373748481010151544181880801919828260860820235531931981811616161620202256562152156767218218239239663313318282777720202020335757220220686821421425825820234747383819192303230310910942422172173939060616161010333320231561563838121239823982269269060626926915152727202020207979' are equal

13-11-2024T09:22:14 - [TEST_STEP][PASSED] - if (verifyEqual(a3, b3) == true): Actual object '2023202310101861863636151599141444171788881919838359759710101971973737484810101515441818808019198282608608202366331331828277772020202033575722022068682142142582582023252559591919219121911171171919131131353587870202161618182023' and expected object '2023202310101861863636151599141444171788881919838359759710101971973737484810101515441818808019198282608608202366331331828277772020202033575722022068682142142582582023252559591919219121911171171919131131353587870202161618182023' are equal

13-11-2024T09:22:14 - [MESSAGE][PASSED] - Actual object '2023202310101861863636151599141444171788881919838359759710101971973737484810101515441818808019198282608608202366331331828277772020202033575722022068682142142582582023252559591919219121911171171919131131353587870202161618182023' and expected object '2023202310101861863636151599141444171788881919838359759710101971973737484810101515441818808019198282608608202366331331828277772020202033575722022068682142142582582023252559591919219121911171171919131131353587870202161618182023' are equal

13-11-2024T09:22:14 - [TEST_STEP][PASSED] - if (verifyEqual(a4, b4) == true): Actual object '20232023001201203838414188101000191977772525122122616100120120393939398888112020787826261211216060202355285285727272721818222200505020120161611901902272276633133182827777202020203357572202206868214214258258202305050909595931311791795784578423231818212109090202202377771601601321326767133133777713315133151421429999120120124124137137' and expected object '20232023001201203838414188101000191977772525122122616100120120393939398888112020787826261211216060202355285285727272721818222200505020120161611901902272276633133182827777202020203357572202206868214214258258202305050909595931311791795784578423231818212109090202202377771601601321326767133133777713315133151421429999120120124124137137' are equal

13-11-2024T09:22:14 - [MESSAGE][PASSED] - Actual object '20232023001201203838414188101000191977772525122122616100120120393939398888112020787826261211216060202355285285727272721818222200505020120161611901902272276633133182827777202020203357572202206868214214258258202305050909595931311791795784578423231818212109090202202377771601601321326767133133777713315133151421429999120120124124137137' and expected object '20232023001201203838414188101000191977772525122122616100120120393939398888112020787826261211216060202355285285727272721818222200505020120161611901902272276633133182827777202020203357572202206868214214258258202305050909595931311791795784578423231818212109090202202377771601601321326767133133777713315133151421429999120120124124137137' are equal

13-11-2024T09:22:14 - [TEST_STEP][PASSED] - if (verifyEqual(a5, b5) == true): Actual object '20232023001191193737777788111919757525251231235555001201203939393988881120207878262612112160602023553193198181161616162020225656215215676721821823923966331331828277772020202033575722022068682142142582582023121232324921492118118144441191191212414124241414979720231561563838121239823982269269060626926915152727202020207979' and expected object '20232023001191193737777788111919757525251231235555001201203939393988881120207878262612112160602023553193198181161616162020225656215215676721821823923966331331828277772020202033575722022068682142142582582023121232324921492118118144441191191212414124241414979720231561563838121239823982269269060626926915152727202020207979' are equal

13-11-2024T09:22:14 - [MESSAGE][PASSED] - Actual object '20232023001191193737777788111919757525251231235555001201203939393988881120207878262612112160602023553193198181161616162020225656215215676721821823923966331331828277772020202033575722022068682142142582582023121232324921492118118144441191191212414124241414979720231561563838121239823982269269060626926915152727202020207979' and expected object '20232023001191193737777788111919757525251231235555001201203939393988881120207878262612112160602023553193198181161616162020225656215215676721821823923966331331828277772020202033575722022068682142142582582023121232324921492118118144441191191212414124241414979720231561563838121239823982269269060626926915152727202020207979' are equal

13-11-2024T09:22:14 - [TEST_STEP][PASSED] - if (verifyEqual(a6, b6) == true): Actual object '20232023000000000000000000000000001201203939393988881120207878262612112160602023663313318282777720202020335757220220686821421425825820232023' and expected object '20232023000000000000000000000000001201203939393988881120207878262612112160602023663313318282777720202020335757220220686821421425825820232023' are equal

13-11-2024T09:22:14 - [MESSAGE][PASSED] - Actual object '20232023000000000000000000000000001201203939393988881120207878262612112160602023663313318282777720202020335757220220686821421425825820232023' and expected object '20232023000000000000000000000000001201203939393988881120207878262612112160602023663313318282777720202020335757220220686821421425825820232023' are equal

13-11-2024T09:22:14 - [TEST_STEP][PASSED] - if (verifyEqual(a7, b7) == true): Actual object '202320232263522635110546110546128021280219475194759099093845038450416214162165176517472774727725652565723972394292342923202342134213455749455749954759547548893488932337423374168261682629194291947110271102198408198408728957289523664823664831028331028320231212186186363650501010191900171785851919828260460410101971973737484810101515441818808019198282608608202355285285727272721818222200505020120161611901902272276633133182827777202020203357572202206868214214258258' and expected object '202320232263522635110546110546128021280219475194759099093845038450416214162165176517472774727725652565723972394292342923202342134213455749455749954759547548893488932337423374168261682629194291947110271102198408198408728957289523664823664831028331028320231212186186363650501010191900171785851919828260460410101971973737484810101515441818808019198282608608202355285285727272721818222200505020120161611901902272276633133182827777202020203357572202206868214214258258' are equal

13-11-2024T09:22:14 - [MESSAGE][PASSED] - Actual object '202320232263522635110546110546128021280219475194759099093845038450416214162165176517472774727725652565723972394292342923202342134213455749455749954759547548893488932337423374168261682629194291947110271102198408198408728957289523664823664831028331028320231212186186363650501010191900171785851919828260460410101971973737484810101515441818808019198282608608202355285285727272721818222200505020120161611901902272276633133182827777202020203357572202206868214214258258' and expected object '202320232263522635110546110546128021280219475194759099093845038450416214162165176517472774727725652565723972394292342923202342134213455749455749954759547548893488932337423374168261682629194291947110271102198408198408728957289523664823664831028331028320231212186186363650501010191900171785851919828260460410101971973737484810101515441818808019198282608608202355285285727272721818222200505020120161611901902272276633133182827777202020203357572202206868214214258258' are equal

13-11-2024T09:22:14 - [TEST_STEP][PASSED] - if (verifyEqual(a8, b8) == true): Actual object '202320234922492271651716516893689333271733271798649864593859387640764067046704592459243088308894099409196041196041202379497949121950121950972797276180396180394222342223121812186662666287328732580965809613426134264463244632183755183755202310101901903636141499141444171780801919828258858810101971973737484810101515441818808019198282608608202355319319818116161616202022565621521567672182182392396633133182827777202020203357572202206868214214258258' and expected object '202320234922492271651716516893689333271733271798649864593859387640764067046704592459243088308894099409196041196041202379497949121950121950972797276180396180394222342223121812186662666287328732580965809613426134264463244632183755183755202310101901903636141499141444171780801919828258858810101971973737484810101515441818808019198282608608202355319319818116161616202022565621521567672182182392396633133182827777202020203357572202206868214214258258' are equal

13-11-2024T09:22:14 - [MESSAGE][PASSED] - Actual object '202320234922492271651716516893689333271733271798649864593859387640764067046704592459243088308894099409196041196041202379497949121950121950972797276180396180394222342223121812186662666287328732580965809613426134264463244632183755183755202310101901903636141499141444171780801919828258858810101971973737484810101515441818808019198282608608202355319319818116161616202022565621521567672182182392396633133182827777202020203357572202206868214214258258' and expected object '202320234922492271651716516893689333271733271798649864593859387640764067046704592459243088308894099409196041196041202379497949121950121950972797276180396180394222342223121812186662666287328732580965809613426134264463244632183755183755202310101901903636141499141444171780801919828258858810101971973737484810101515441818808019198282608608202355319319818116161616202022565621521567672182182392396633133182827777202020203357572202206868214214258258' are equal

13-11-2024T09:22:14 - [TEST_STEP][PASSED] - if (verifyEqual(a9, b9) == true): Actual object '202320232435243511013511013567486748327653327653104941049427182718495249525887588776077760773193191318113181109065109065202320231010186186363615159914144417178888191983835975971010197197373748481010151544181880801919828260860820236633133182827777202020203357572202206868214214258258' and expected object '202320232435243511013511013567486748327653327653104941049427182718495249525887588776077760773193191318113181109065109065202320231010186186363615159914144417178888191983835975971010197197373748481010151544181880801919828260860820236633133182827777202020203357572202206868214214258258' are equal

13-11-2024T09:22:14 - [MESSAGE][PASSED] - Actual object '202320232435243511013511013567486748327653327653104941049427182718495249525887588776077760773193191318113181109065109065202320231010186186363615159914144417178888191983835975971010197197373748481010151544181880801919828260860820236633133182827777202020203357572202206868214214258258' and expected object '202320232435243511013511013567486748327653327653104941049427182718495249525887588776077760773193191318113181109065109065202320231010186186363615159914144417178888191983835975971010197197373748481010151544181880801919828260860820236633133182827777202020203357572202206868214214258258' are equal

13-11-2024T09:22:14 - [TEST_STEP][PASSED] - if (verifyEqual(a10, b10) == true): Actual object '20232023000064656465341134112455624556245624561796017960676267624524452413862138625275527511304113041287128720234213421345574945574995475954754889348893233742337416826168262919429194711027110219840819840872895728952366482366483102833102832023001201203838414188101000191977772525122122616100120120393939398888112020787826261211216060202355285285727272721818222200505020120161611901902272276633133182827777202020203357572202206868214214258258' and expected object '20232023000064656465341134112455624556245624561796017960676267624524452413862138625275527511304113041287128720234213421345574945574995475954754889348893233742337416826168262919429194711027110219840819840872895728952366482366483102833102832023001201203838414188101000191977772525122122616100120120393939398888112020787826261211216060202355285285727272721818222200505020120161611901902272276633133182827777202020203357572202206868214214258258' are equal

13-11-2024T09:22:14 - [MESSAGE][PASSED] - Actual object '20232023000064656465341134112455624556245624561796017960676267624524452413862138625275527511304113041287128720234213421345574945574995475954754889348893233742337416826168262919429194711027110219840819840872895728952366482366483102833102832023001201203838414188101000191977772525122122616100120120393939398888112020787826261211216060202355285285727272721818222200505020120161611901902272276633133182827777202020203357572202206868214214258258' and expected object '20232023000064656465341134112455624556245624561796017960676267624524452413862138625275527511304113041287128720234213421345574945574995475954754889348893233742337416826168262919429194711027110219840819840872895728952366482366483102833102832023001201203838414188101000191977772525122122616100120120393939398888112020787826261211216060202355285285727272721818222200505020120161611901902272276633133182827777202020203357572202206868214214258258' are equal

13-11-2024T09:22:14 - [TEST_STEP][PASSED] - if (verifyEqual(a11, b11) == true): Actual object '202320230000147171471711865118653244523244521268312683349434948438432398239829694296945892589217984179845359353593202379497949121950121950972797276180396180394222342223121812186662666287328732580965809613426134264463244632183755183755202300119119373777778811191975752525123123555500120120393939398888112020787826261211216060202355319319818116161616202022565621521567672182182392396633133182827777202020203357572202206868214214258258' and expected object '202320230000147171471711865118653244523244521268312683349434948438432398239829694296945892589217984179845359353593202379497949121950121950972797276180396180394222342223121812186662666287328732580965809613426134264463244632183755183755202300119119373777778811191975752525123123555500120120393939398888112020787826261211216060202355319319818116161616202022565621521567672182182392396633133182827777202020203357572202206868214214258258' are equal

13-11-2024T09:22:14 - [MESSAGE][PASSED] - Actual object '202320230000147171471711865118653244523244521268312683349434948438432398239829694296945892589217984179845359353593202379497949121950121950972797276180396180394222342223121812186662666287328732580965809613426134264463244632183755183755202300119119373777778811191975752525123123555500120120393939398888112020787826261211216060202355319319818116161616202022565621521567672182182392396633133182827777202020203357572202206868214214258258' and expected object '202320230000147171471711865118653244523244521268312683349434948438432398239829694296945892589217984179845359353593202379497949121950121950972797276180396180394222342223121812186662666287328732580965809613426134264463244632183755183755202300119119373777778811191975752525123123555500120120393939398888112020787826261211216060202355319319818116161616202022565621521567672182182392396633133182827777202020203357572202206868214214258258' are equal

13-11-2024T09:22:14 - [TEST_STEP][PASSED] - if (verifyEqual(a12, b12) == true): Actual object '20232023000012032261203226386554386554390378390378829178291782595825957931793119706619706678310278310225579525579512121971212197604149604149202320230000000000000000000000000012012039393939888811202078782626121121606020236633133182827777202020203357572202206868214214258258' and expected object '20232023000012032261203226386554386554390378390378829178291782595825957931793119706619706678310278310225579525579512121971212197604149604149202320230000000000000000000000000012012039393939888811202078782626121121606020236633133182827777202020203357572202206868214214258258' are equal

13-11-2024T09:22:14 - [MESSAGE][PASSED] - Actual object '20232023000012032261203226386554386554390378390378829178291782595825957931793119706619706678310278310225579525579512121971212197604149604149202320230000000000000000000000000012012039393939888811202078782626121121606020236633133182827777202020203357572202206868214214258258' and expected object '20232023000012032261203226386554386554390378390378829178291782595825957931793119706619706678310278310225579525579512121971212197604149604149202320230000000000000000000000000012012039393939888811202078782626121121606020236633133182827777202020203357572202206868214214258258' are equal

13-11-2024T09:22:14 - [TEST_STEP][PASSED] - closeBrowser(): Browser is closed

13-11-2024T09:22:14 - [MESSAGE][PASSED] - Browser is closed]]></system-out>
         <system-err><![CDATA[]]></system-err>
      </testcase>
      <testcase name="Test Cases/Сверки дашбордов/Факторный анализ сверка дашбордов" time="274.927" classname="Test Cases/Сверки дашбордов/Факторный анализ сверка дашбордов" status="FAILED">
         <failure type="FAILED" message="Test Cases/Сверки дашбордов/Факторный анализ сверка дашбордов FAILED.&#xa;Reason:&#xa;com.kms.katalon.core.exception.StepFailedException: Unable to verify equal between actual object '-355761' and expected object '9903' (Root cause: com.kms.katalon.core.exception.StepFailedException: Actual object '-355761' and expected object '9903' are not equal&#xa;	at com.kms.katalon.core.keyword.builtin.VerifyEqualKeyword$_verifyEqual_closure1.doCall(VerifyEqualKeyword.groovy:58)&#xa;	at com.kms.katalon.core.keyword.builtin.VerifyEqualKeyword$_verifyEqual_closure1.call(VerifyEqualKeyword.groovy)&#xa;	at com.kms.katalon.core.keyword.internal.KeywordMain.runKeyword(KeywordMain.groovy:75)&#xa;	at com.kms.katalon.core.keyword.builtin.VerifyEqualKeyword.verifyEqual(VerifyEqualKeyword.groovy:63)&#xa;	at com.kms.katalon.core.keyword.builtin.VerifyEqualKeyword.execute(VerifyEqualKeyword.groovy:44)&#xa;	at com.kms.katalon.core.keyword.internal.KeywordExecutor.executeKeywordForPlatform(KeywordExecutor.groovy:74)&#xa;	at com.kms.katalon.core.keyword.BuiltinKeywords.verifyEqual(BuiltinKeywords.groovy:146)&#xa;	at jdk.internal.reflect.GeneratedMethodAccessor20.invoke(Unknown Source)&#xa;	at java.base/jdk.internal.reflect.DelegatingMethodAccessorImpl.invoke(DelegatingMethodAccessorImpl.java:43)&#xa;	at Факторный анализ сверка дашбордов.Compare(Факторный анализ сверка дашбордов:658)&#xa;	at Факторный анализ сверка дашбордов.Test(Факторный анализ сверка дашбордов:422)&#xa;	at Факторный анализ сверка дашбордов.run(Факторный анализ сверка дашбордов:44)&#xa;	at com.kms.katalon.core.main.ScriptEngine.run(ScriptEngine.java:194)&#xa;	at com.kms.katalon.core.main.ScriptEngine.runScriptAsRawText(ScriptEngine.java:119)&#xa;	at com.kms.katalon.core.main.TestCaseExecutor.runScript(TestCaseExecutor.java:448)&#xa;	at com.kms.katalon.core.main.TestCaseExecutor.doExecute(TestCaseExecutor.java:439)&#xa;	at com.kms.katalon.core.main.TestCaseExecutor.processExecutionPhase(TestCaseExecutor.java:418)&#xa;	at com.kms.katalon.core.main.TestCaseExecutor.accessMainPhase(TestCaseExecutor.java:410)&#xa;	at com.kms.katalon.core.main.TestCaseExecutor.execute(TestCaseExecutor.java:285)&#xa;	at com.kms.katalon.core.common.CommonExecutor.accessTestCaseMainPhase(CommonExecutor.java:65)&#xa;	at com.kms.katalon.core.main.TestSuiteExecutor.accessTestSuiteMainPhase(TestSuiteExecutor.java:150)&#xa;	at com.kms.katalon.core.main.TestSuiteExecutor.execute(TestSuiteExecutor.java:106)&#xa;	at com.kms.katalon.core.main.TestCaseMain.startTestSuite(TestCaseMain.java:180)&#xa;	at TempTestSuite1731477613341.run(TempTestSuite1731477613341.groovy:35)&#xa;	at java.base/jdk.internal.reflect.NativeMethodAccessorImpl.invoke0(Native Method)&#xa;	at java.base/jdk.internal.reflect.NativeMethodAccessorImpl.invoke(NativeMethodAccessorImpl.java:77)&#xa;	at java.base/jdk.internal.reflect.DelegatingMethodAccessorImpl.invoke(DelegatingMethodAccessorImpl.java:43)&#xa;)&#xa;	at com.kms.katalon.core.keyword.internal.KeywordMain.stepFailed(KeywordMain.groovy:39)&#xa;	at com.kms.katalon.core.keyword.internal.KeywordMain.stepFailed(KeywordMain.groovy)&#xa;	at com.kms.katalon.core.keyword.internal.KeywordMain.runKeyword(KeywordMain.groovy:77)&#xa;	at com.kms.katalon.core.keyword.builtin.VerifyEqualKeyword.verifyEqual(VerifyEqualKeyword.groovy:63)&#xa;	at com.kms.katalon.core.keyword.builtin.VerifyEqualKeyword.execute(VerifyEqualKeyword.groovy:44)&#xa;	at com.kms.katalon.core.keyword.internal.KeywordExecutor.executeKeywordForPlatform(KeywordExecutor.groovy:74)&#xa;	at com.kms.katalon.core.keyword.BuiltinKeywords.verifyEqual(BuiltinKeywords.groovy:146)&#xa;	at jdk.internal.reflect.GeneratedMethodAccessor20.invoke(Unknown Source)&#xa;	at java.base/jdk.internal.reflect.DelegatingMethodAccessorImpl.invoke(DelegatingMethodAccessorImpl.java:43)&#xa;	at Факторный анализ сверка дашбордов.Compare(Факторный анализ сверка дашбордов:658)&#xa;	at Факторный анализ сверка дашбордов.Test(Факторный анализ сверка дашбордов:422)&#xa;	at Факторный анализ сверка дашбордов.run(Факторный анализ сверка дашбордов:44)&#xa;	at com.kms.katalon.core.main.ScriptEngine.run(ScriptEngine.java:194)&#xa;	at com.kms.katalon.core.main.ScriptEngine.runScriptAsRawText(ScriptEngine.java:119)&#xa;	at com.kms.katalon.core.main.TestCaseExecutor.runScript(TestCaseExecutor.java:448)&#xa;	at com.kms.katalon.core.main.TestCaseExecutor.doExecute(TestCaseExecutor.java:439)&#xa;	at com.kms.katalon.core.main.TestCaseExecutor.processExecutionPhase(TestCaseExecutor.java:418)&#xa;	at com.kms.katalon.core.main.TestCaseExecutor.accessMainPhase(TestCaseExecutor.java:410)&#xa;	at com.kms.katalon.core.main.TestCaseExecutor.execute(TestCaseExecutor.java:285)&#xa;	at com.kms.katalon.core.common.CommonExecutor.accessTestCaseMainPhase(CommonExecutor.java:65)&#xa;	at com.kms.katalon.core.main.TestSuiteExecutor.accessTestSuiteMainPhase(TestSuiteExecutor.java:150)&#xa;	at com.kms.katalon.core.main.TestSuiteExecutor.execute(TestSuiteExecutor.java:106)&#xa;	at com.kms.katalon.core.main.TestCaseMain.startTestSuite(TestCaseMain.java:180)&#xa;	at TempTestSuite1731477613341.run(TempTestSuite1731477613341.groovy:35)&#xa;	at java.base/jdk.internal.reflect.NativeMethodAccessorImpl.invoke0(Native Method)&#xa;	at java.base/jdk.internal.reflect.NativeMethodAccessorImpl.invoke(NativeMethodAccessorImpl.java:77)&#xa;	at java.base/jdk.internal.reflect.DelegatingMethodAccessorImpl.invoke(DelegatingMethodAccessorImpl.java:43)&#xa;Caused by: com.kms.katalon.core.exception.StepFailedException: Actual object '-355761' and expected object '9903' are not equal&#xa;	at com.kms.katalon.core.keyword.builtin.VerifyEqualKeyword$_verifyEqual_closure1.doCall(VerifyEqualKeyword.groovy:58)&#xa;	at com.kms.katalon.core.keyword.builtin.VerifyEqualKeyword$_verifyEqual_closure1.call(VerifyEqualKeyword.groovy)&#xa;	at com.kms.katalon.core.keyword.internal.KeywordMain.runKeyword(KeywordMain.groovy:75)&#xa;	... 24 more&#xa;"/>
         <system-out><![CDATA[13-11-2024T09:22:14 - [TEST_CASE][FAILED] - Test Cases/Сверки дашбордов/Факторный анализ сверка дашбордов: Test Cases/Сверки дашбордов/Факторный анализ сверка дашбордов FAILED.
Reason:
com.kms.katalon.core.exception.StepFailedException: Unable to verify equal between actual object '-355761' and expected object '9903' (Root cause: com.kms.katalon.core.exception.StepFailedException: Actual object '-355761' and expected object '9903' are not equal
	at com.kms.katalon.core.keyword.builtin.VerifyEqualKeyword$_verifyEqual_closure1.doCall(VerifyEqualKeyword.groovy:58)
	at com.kms.katalon.core.keyword.builtin.VerifyEqualKeyword$_verifyEqual_closure1.call(VerifyEqualKeyword.groovy)
	at com.kms.katalon.core.keyword.internal.KeywordMain.runKeyword(KeywordMain.groovy:75)
	at com.kms.katalon.core.keyword.builtin.VerifyEqualKeyword.verifyEqual(VerifyEqualKeyword.groovy:63)
	at com.kms.katalon.core.keyword.builtin.VerifyEqualKeyword.execute(VerifyEqualKeyword.groovy:44)
	at com.kms.katalon.core.keyword.internal.KeywordExecutor.executeKeywordForPlatform(KeywordExecutor.groovy:74)
	at com.kms.katalon.core.keyword.BuiltinKeywords.verifyEqual(BuiltinKeywords.groovy:146)
	at jdk.internal.reflect.GeneratedMethodAccessor20.invoke(Unknown Source)
	at java.base/jdk.internal.reflect.DelegatingMethodAccessorImpl.invoke(DelegatingMethodAccessorImpl.java:43)
	at Факторный анализ сверка дашбордов.Compare(Факторный анализ сверка дашбордов:658)
	at Факторный анализ сверка дашбордов.Test(Факторный анализ сверка дашбордов:422)
	at Факторный анализ сверка дашбордов.run(Факторный анализ сверка дашбордов:44)
	at com.kms.katalon.core.main.ScriptEngine.run(ScriptEngine.java:194)
	at com.kms.katalon.core.main.ScriptEngine.runScriptAsRawText(ScriptEngine.java:119)
	at com.kms.katalon.core.main.TestCaseExecutor.runScript(TestCaseExecutor.java:448)
	at com.kms.katalon.core.main.TestCaseExecutor.doExecute(TestCaseExecutor.java:439)
	at com.kms.katalon.core.main.TestCaseExecutor.processExecutionPhase(TestCaseExecutor.java:418)
	at com.kms.katalon.core.main.TestCaseExecutor.accessMainPhase(TestCaseExecutor.java:410)
	at com.kms.katalon.core.main.TestCaseExecutor.execute(TestCaseExecutor.java:285)
	at com.kms.katalon.core.common.CommonExecutor.accessTestCaseMainPhase(CommonExecutor.java:65)
	at com.kms.katalon.core.main.TestSuiteExecutor.accessTestSuiteMainPhase(TestSuiteExecutor.java:150)
	at com.kms.katalon.core.main.TestSuiteExecutor.execute(TestSuiteExecutor.java:106)
	at com.kms.katalon.core.main.TestCaseMain.startTestSuite(TestCaseMain.java:180)
	at TempTestSuite1731477613341.run(TempTestSuite1731477613341.groovy:35)
	at java.base/jdk.internal.reflect.NativeMethodAccessorImpl.invoke0(Native Method)
	at java.base/jdk.internal.reflect.NativeMethodAccessorImpl.invoke(NativeMethodAccessorImpl.java:77)
	at java.base/jdk.internal.reflect.DelegatingMethodAccessorImpl.invoke(DelegatingMethodAccessorImpl.java:43)
)
	at com.kms.katalon.core.keyword.internal.KeywordMain.stepFailed(KeywordMain.groovy:39)
	at com.kms.katalon.core.keyword.internal.KeywordMain.stepFailed(KeywordMain.groovy)
	at com.kms.katalon.core.keyword.internal.KeywordMain.runKeyword(KeywordMain.groovy:77)
	at com.kms.katalon.core.keyword.builtin.VerifyEqualKeyword.verifyEqual(VerifyEqualKeyword.groovy:63)
	at com.kms.katalon.core.keyword.builtin.VerifyEqualKeyword.execute(VerifyEqualKeyword.groovy:44)
	at com.kms.katalon.core.keyword.internal.KeywordExecutor.executeKeywordForPlatform(KeywordExecutor.groovy:74)
	at com.kms.katalon.core.keyword.BuiltinKeywords.verifyEqual(BuiltinKeywords.groovy:146)
	at jdk.internal.reflect.GeneratedMethodAccessor20.invoke(Unknown Source)
	at java.base/jdk.internal.reflect.DelegatingMethodAccessorImpl.invoke(DelegatingMethodAccessorImpl.java:43)
	at Факторный анализ сверка дашбордов.Compare(Факторный анализ сверка дашбордов:658)
	at Факторный анализ сверка дашбордов.Test(Факторный анализ сверка дашбордов:422)
	at Факторный анализ сверка дашбордов.run(Факторный анализ сверка дашбордов:44)
	at com.kms.katalon.core.main.ScriptEngine.run(ScriptEngine.java:194)
	at com.kms.katalon.core.main.ScriptEngine.runScriptAsRawText(ScriptEngine.java:119)
	at com.kms.katalon.core.main.TestCaseExecutor.runScript(TestCaseExecutor.java:448)
	at com.kms.katalon.core.main.TestCaseExecutor.doExecute(TestCaseExecutor.java:439)
	at com.kms.katalon.core.main.TestCaseExecutor.processExecutionPhase(TestCaseExecutor.java:418)
	at com.kms.katalon.core.main.TestCaseExecutor.accessMainPhase(TestCaseExecutor.java:410)
	at com.kms.katalon.core.main.TestCaseExecutor.execute(TestCaseExecutor.java:285)
	at com.kms.katalon.core.common.CommonExecutor.accessTestCaseMainPhase(CommonExecutor.java:65)
	at com.kms.katalon.core.main.TestSuiteExecutor.accessTestSuiteMainPhase(TestSuiteExecutor.java:150)
	at com.kms.katalon.core.main.TestSuiteExecutor.execute(TestSuiteExecutor.java:106)
	at com.kms.katalon.core.main.TestCaseMain.startTestSuite(TestCaseMain.java:180)
	at TempTestSuite1731477613341.run(TempTestSuite1731477613341.groovy:35)
	at java.base/jdk.internal.reflect.NativeMethodAccessorImpl.invoke0(Native Method)
	at java.base/jdk.internal.reflect.NativeMethodAccessorImpl.invoke(NativeMethodAccessorImpl.java:77)
	at java.base/jdk.internal.reflect.DelegatingMethodAccessorImpl.invoke(DelegatingMethodAccessorImpl.java:43)
Caused by: com.kms.katalon.core.exception.StepFailedException: Actual object '-355761' and expected object '9903' are not equal
	at com.kms.katalon.core.keyword.builtin.VerifyEqualKeyword$_verifyEqual_closure1.doCall(VerifyEqualKeyword.groovy:58)
	at com.kms.katalon.core.keyword.builtin.VerifyEqualKeyword$_verifyEqual_closure1.call(VerifyEqualKeyword.groovy)
	at com.kms.katalon.core.keyword.internal.KeywordMain.runKeyword(KeywordMain.groovy:75)
	... 24 more


13-11-2024T09:22:15 - [TEST_STEP][PASSED] - date = new java.util.Date(): null

13-11-2024T09:22:15 - [TEST_STEP][PASSED] - todaysDate = date.format("dd.MM.yyyy"): null

13-11-2024T09:22:15 - [TEST_STEP][PASSED] - typeOfData = <not implemented yet for class: org.codehaus.groovy.ast.expr.EmptyExpression>: null

13-11-2024T09:22:15 - [TEST_STEP][PASSED] - otobrajeniyeDannyh = <not implemented yet for class: org.codehaus.groovy.ast.expr.EmptyExpression>: null

13-11-2024T09:22:15 - [TEST_STEP][PASSED] - println(todaysDate): null

13-11-2024T09:22:15 - [TEST_STEP][PASSED] - vidget = <not implemented yet for class: org.codehaus.groovy.ast.expr.EmptyExpression>: null

13-11-2024T09:22:15 - [TEST_STEP][PASSED] - x = <not implemented yet for class: org.codehaus.groovy.ast.expr.EmptyExpression>: null

13-11-2024T09:22:15 - [TEST_STEP][PASSED] - y = <not implemented yet for class: org.codehaus.groovy.ast.expr.EmptyExpression>: null

13-11-2024T09:22:15 - [TEST_STEP][PASSED] - DZO = <not implemented yet for class: org.codehaus.groovy.ast.expr.EmptyExpression>: null

13-11-2024T09:22:15 - [TEST_STEP][PASSED] - openBrowser(""): Browser is opened with url: ''

13-11-2024T09:22:15 - [MESSAGE][INFO] - Starting 'Chrome' driver

13-11-2024T09:22:15 - [MESSAGE][INFO] - Action delay is set to 0 milliseconds

13-11-2024T09:22:16 - [MESSAGE][PASSED] - Browser is opened with url: ''

13-11-2024T09:22:16 - [TEST_STEP][PASSED] - run = 1: null

13-11-2024T09:22:16 - [TEST_STEP][PASSED] - for ([run = 1, run < 3, (run++)]): null

13-11-2024T09:22:16 - [TEST_STEP][PASSED] - Script1719551244403.Test(run, todaysDate, typeOfData, otobrajeniyeDannyh, x, y, vidget, DZO): null

13-11-2024T09:22:16 - [TEST_STEP][PASSED] - navigateToUrl(findTestData("PlanFact").getValue(10, 3)): Navigate to 'https://bi.rosseti.digital/viewer?dashboardGuid=2301950b23be4ed89c1df75f2020051e&sheetGuid=ccd7d7486b3d4e6fa0ee9b1eaebed46c&fit=true' successfully

13-11-2024T09:22:25 - [MESSAGE][PASSED] - Navigate to 'https://bi.rosseti.digital/viewer?dashboardGuid=2301950b23be4ed89c1df75f2020051e&sheetGuid=ccd7d7486b3d4e6fa0ee9b1eaebed46c&fit=true' successfully

13-11-2024T09:22:25 - [TEST_STEP][PASSED] - Script1719551244403.Autorization(run): null

13-11-2024T09:22:25 - [TEST_STEP][PASSED] - delay(10): Delayed 10 second(s)

13-11-2024T09:22:35 - [MESSAGE][PASSED] - Delayed 10 second(s)

13-11-2024T09:22:35 - [TEST_STEP][PASSED] - if (run == 1): Delayed 10 second(s)

13-11-2024T09:22:35 - [TEST_STEP][PASSED] - setText(findTestObject("Страница авторизации/input__username"), findTestData("PlanFact").getValue(8, 1)): Text 'liazgina-di' is set on object 'Object Repository/Страница авторизации/input__username'

13-11-2024T09:22:35 - [MESSAGE][PASSED] - Text 'liazgina-di' is set on object 'Object Repository/Страница авторизации/input__username'

13-11-2024T09:22:35 - [TEST_STEP][PASSED] - setText(findTestObject("Страница авторизации/input__password"), findTestData("PlanFact").getValue(9, 1)): Text ')$%5srZ8o688Dm#q' is set on object 'Object Repository/Страница авторизации/input__password'

13-11-2024T09:22:36 - [MESSAGE][PASSED] - Text ')$%5srZ8o688Dm#q' is set on object 'Object Repository/Страница авторизации/input__password'

13-11-2024T09:22:36 - [TEST_STEP][PASSED] - click(findTestObject("Страница авторизации/button_")): Object: 'Object Repository/Страница авторизации/button_' is clicked on

13-11-2024T09:22:39 - [MESSAGE][PASSED] - Object: 'Object Repository/Страница авторизации/button_' is clicked on

13-11-2024T09:22:39 - [TEST_STEP][PASSED] - delay(10): Delayed 10 second(s)

13-11-2024T09:22:49 - [MESSAGE][PASSED] - Delayed 10 second(s)

13-11-2024T09:22:49 - [TEST_STEP][PASSED] - i = <not implemented yet for class: org.codehaus.groovy.ast.expr.EmptyExpression>: null

13-11-2024T09:22:49 - [TEST_STEP][PASSED] - ii = <not implemented yet for class: org.codehaus.groovy.ast.expr.EmptyExpression>: null

13-11-2024T09:22:49 - [TEST_STEP][PASSED] - a = <not implemented yet for class: org.codehaus.groovy.ast.expr.EmptyExpression>: null

13-11-2024T09:22:49 - [TEST_STEP][PASSED] - a1 = <not implemented yet for class: org.codehaus.groovy.ast.expr.EmptyExpression>: null

13-11-2024T09:22:49 - [TEST_STEP][PASSED] - a2 = <not implemented yet for class: org.codehaus.groovy.ast.expr.EmptyExpression>: null

13-11-2024T09:22:49 - [TEST_STEP][PASSED] - click(findTestObject("Факторный анализ/Фильтр Период")): Object: 'Object Repository/Факторный анализ/Фильтр Период' is clicked on

13-11-2024T09:22:57 - [MESSAGE][PASSED] - Object: 'Object Repository/Факторный анализ/Фильтр Период' is clicked on

13-11-2024T09:22:57 - [TEST_STEP][PASSED] - click(findTestObject("Факторный анализ/Снять выделение в фильтре Дата")): Object: 'Object Repository/Факторный анализ/Снять выделение в фильтре Дата' is clicked on

13-11-2024T09:22:58 - [MESSAGE][PASSED] - Object: 'Object Repository/Факторный анализ/Снять выделение в фильтре Дата' is clicked on

13-11-2024T09:22:58 - [TEST_STEP][PASSED] - click(findTestObject("Факторный анализ/Применить в фильтре Дата")): Object: 'Object Repository/Факторный анализ/Применить в фильтре Дата' is clicked on

13-11-2024T09:22:58 - [MESSAGE][PASSED] - Object: 'Object Repository/Факторный анализ/Применить в фильтре Дата' is clicked on

13-11-2024T09:22:58 - [TEST_STEP][PASSED] - delay(10): Delayed 10 second(s)

13-11-2024T09:23:08 - [MESSAGE][PASSED] - Delayed 10 second(s)

13-11-2024T09:23:08 - [TEST_STEP][PASSED] - click(findTestObject("Факторный анализ/Фильтр Период")): Object: 'Object Repository/Факторный анализ/Фильтр Период' is clicked on

13-11-2024T09:23:08 - [MESSAGE][PASSED] - Object: 'Object Repository/Факторный анализ/Фильтр Период' is clicked on

13-11-2024T09:23:08 - [TEST_STEP][PASSED] - click(findTestObject("Факторный анализ/Снять выделение в фильтре Дата")): Object: 'Object Repository/Факторный анализ/Снять выделение в фильтре Дата' is clicked on

13-11-2024T09:23:09 - [MESSAGE][PASSED] - Object: 'Object Repository/Факторный анализ/Снять выделение в фильтре Дата' is clicked on

13-11-2024T09:23:09 - [TEST_STEP][PASSED] - scrollToElement(findTestObject("Факторный анализ/2024 список"), 30): Scroll to object 'Object Repository/Факторный анализ/2024 список' successfully

13-11-2024T09:23:09 - [MESSAGE][PASSED] - Scroll to object 'Object Repository/Факторный анализ/2024 список' successfully

13-11-2024T09:23:09 - [TEST_STEP][PASSED] - click(findTestObject("Факторный анализ/2024 список")): Object: 'Object Repository/Факторный анализ/2024 список' is clicked on

13-11-2024T09:23:10 - [MESSAGE][PASSED] - Object: 'Object Repository/Факторный анализ/2024 список' is clicked on

13-11-2024T09:23:10 - [TEST_STEP][PASSED] - scrollToElement(findTestObject("Факторный анализ/1 квартал 2024 выбрать"), 30): Scroll to object 'Object Repository/Факторный анализ/1 квартал 2024 выбрать' successfully

13-11-2024T09:23:10 - [MESSAGE][PASSED] - Scroll to object 'Object Repository/Факторный анализ/1 квартал 2024 выбрать' successfully

13-11-2024T09:23:10 - [TEST_STEP][PASSED] - click(findTestObject("Факторный анализ/1 квартал 2024 выбрать")): Object: 'Object Repository/Факторный анализ/1 квартал 2024 выбрать' is clicked on

13-11-2024T09:23:10 - [MESSAGE][PASSED] - Object: 'Object Repository/Факторный анализ/1 квартал 2024 выбрать' is clicked on

13-11-2024T09:23:10 - [TEST_STEP][PASSED] - scrollToElement(findTestObject("Факторный анализ/1 квартал 2024 выбрать"), 30): Scroll to object 'Object Repository/Факторный анализ/1 квартал 2024 выбрать' successfully

13-11-2024T09:23:11 - [MESSAGE][PASSED] - Scroll to object 'Object Repository/Факторный анализ/1 квартал 2024 выбрать' successfully

13-11-2024T09:23:11 - [TEST_STEP][PASSED] - click(findTestObject("Факторный анализ/2 квартал 2024 выбрать"), CONTINUE_ON_FAILURE): Object: 'Object Repository/Факторный анализ/2 квартал 2024 выбрать' is clicked on

13-11-2024T09:23:11 - [MESSAGE][PASSED] - Object: 'Object Repository/Факторный анализ/2 квартал 2024 выбрать' is clicked on

13-11-2024T09:23:11 - [TEST_STEP][PASSED] - click(findTestObject("Факторный анализ/3 квартал 2024 выбрать"), CONTINUE_ON_FAILURE): Object: 'Object Repository/Факторный анализ/3 квартал 2024 выбрать' is clicked on

13-11-2024T09:23:12 - [MESSAGE][PASSED] - Object: 'Object Repository/Факторный анализ/3 квартал 2024 выбрать' is clicked on

13-11-2024T09:23:12 - [TEST_STEP][PASSED] - scrollToElement(findTestObject("Факторный анализ/Заголовок дашборда"), 30): Scroll to object 'Object Repository/Факторный анализ/Заголовок дашборда' successfully

13-11-2024T09:23:12 - [MESSAGE][PASSED] - Scroll to object 'Object Repository/Факторный анализ/Заголовок дашборда' successfully

13-11-2024T09:23:12 - [TEST_STEP][PASSED] - click(findTestObject("Факторный анализ/Применить в фильтре Дата")): Object: 'Object Repository/Факторный анализ/Применить в фильтре Дата' is clicked on

13-11-2024T09:23:13 - [MESSAGE][PASSED] - Object: 'Object Repository/Факторный анализ/Применить в фильтре Дата' is clicked on

13-11-2024T09:23:13 - [TEST_STEP][PASSED] - if (run == 1): null

13-11-2024T09:23:13 - [TEST_STEP][PASSED] - a = getText(findTestObject("Факторный анализ/Отклонения выручки по факторам Блок руководителя")): Text of object 'Object Repository/Факторный анализ/Отклонения выручки по факторам Блок руководителя' is: '-355 761-355 761
-10 642-10 642
Отклонение (объём услуг)
Отклонение (средний тариф)
ПАО Россети'

13-11-2024T09:23:15 - [MESSAGE][PASSED] - Text of object 'Object Repository/Факторный анализ/Отклонения выручки по факторам Блок руководителя' is: '-355 761-355 761
-10 642-10 642
Отклонение (объём услуг)
Отклонение (средний тариф)
ПАО Россети'

13-11-2024T09:23:15 - [TEST_STEP][PASSED] - a = a.replaceAll("[\r?
|
]", "/"): null

13-11-2024T09:23:15 - [TEST_STEP][PASSED] - i = a.indexOf("Отклонение"): null

13-11-2024T09:23:15 - [TEST_STEP][PASSED] - if (i > -1): null

13-11-2024T09:23:15 - [TEST_STEP][PASSED] - i = i: null

13-11-2024T09:23:15 - [TEST_STEP][PASSED] - a = substring(0, i).trim(): null

13-11-2024T09:23:15 - [TEST_STEP][PASSED] - println("a: " + a): null

13-11-2024T09:23:15 - [TEST_STEP][PASSED] - i = a.indexOf("/"): null

13-11-2024T09:23:15 - [TEST_STEP][PASSED] - if (i > -1): null

13-11-2024T09:23:15 - [TEST_STEP][PASSED] - a1 = a.substring(0, i): null

13-11-2024T09:23:15 - [TEST_STEP][PASSED] - println("a1: " + a1): null

13-11-2024T09:23:15 - [TEST_STEP][PASSED] - a2 = a.substring(a1.length() + 1, a.length()): null

13-11-2024T09:23:15 - [TEST_STEP][PASSED] - println("a2: " + a2): null

13-11-2024T09:23:15 - [TEST_STEP][PASSED] - i = a1.length() / 2: null

13-11-2024T09:23:15 - [TEST_STEP][PASSED] - if (i > -1): null

13-11-2024T09:23:15 - [TEST_STEP][PASSED] - a1 = replaceAll("\s+", "").trim(): null

13-11-2024T09:23:15 - [TEST_STEP][PASSED] - println("a1: " + a1): null

13-11-2024T09:23:15 - [TEST_STEP][PASSED] - i = a2.length() / 2: null

13-11-2024T09:23:15 - [TEST_STEP][PASSED] - if (i > -1): null

13-11-2024T09:23:15 - [TEST_STEP][PASSED] - a2 = replaceAll("\s+", "").trim(): null

13-11-2024T09:23:15 - [TEST_STEP][PASSED] - println("a2: " + a2): null

13-11-2024T09:23:15 - [TEST_STEP][PASSED] - tableA = getText(findTestObject("Факторный анализ/AllTable1")).replaceAll("[\r?
|
]", "/"): Text of object 'Object Repository/Факторный анализ/AllTable1' is: 'ДЗО
Филиал
Отклонение (объём услуг)
Отклонение (средний тариф)
АО «Тываэнерго» АО "Тываэнерго" 276 -37
АО «Чеченэнерго» АО «Чеченэнерго» -3 339 14
Россети Волга Мордовэнерго -2 825 -86
Оренбургэнерго -11 247 - 162
Пензаэнерго -6 748 -72
Самарские РС -13 058 -1 024
Саратовские РС -13 303 - 443
Ульяновские РС -4 845 - 201
Чувашэнерго -4 186 126
Россети Кубань Кубаньэнерго -53 529 241
Россети Ленэнерго (ГК) Ленинградская область -29 499 598
г. Санкт-Петербург -41 171 -39
Россети Московский регион Московская область 4 566 - 535
г. Москва 2 812 57
Россети Северный Кавказ (ГК) Дагестанская энергосбытовая компания - 111 69
Дагэнерго -6 378 480
Ингушэнерго -1 440 100
Каббалкэнерго -2 677 26
Карачаево-Черкесскэнерго -1 725 -9
Севкавказэнерго -3 016 125
Ставропольэнерго -8 347 - 222
Россети Северо-Запад Архангельский филиал 63 -80
Вологодский филиал 229 -6
Карельский филиал -21 160
Мурманский филиал 102 64
Новгородский филиал 207 -40
Псковский филиал 146 -18
филиал в Республике Коми 10 23
Россети Сибирь (ГК) Алтайэнерго 275 275
Бурятэнерго -95 298
ГАЭС 114 -15
Красноярскэнерго 1 087 - 413
Кузбассэнерго-РЭС 329 205
Омскэнерго 127 - 112
Хакасэнерго 327 - 363
Читаэнерго -44 120
Россети Томск Томская распределительная компания -6 624 - 125
Россети Тюмень Россети Тюмень -65 636 - 459
Россети Урал (ГК) Пермэнерго 594 - 218
Свердловэнерго 805 233
Челябэнерго 973 - 671
Россети ФСК ЕЭС Итого по ФСК ЕЭС -16 312 -8 781
Россети Центр Белгородэнерго 299 111
Брянскэнерго -4 489 32
Воронежэнерго -12 187 182
Костромаэнерго 83 2
Курскэнерго -2 381 132
Липецкэнерго 731 - 322
Орелэнерго -3 553 -22
Смоленскэнерго -6 765 35
Тамбовэнерго -5 262 -4
Тверьэнерго 319 127
Ярэнерго -6 307 31
Россети Центр и Приволжье (ГК) Владимирэнерго 517 49
Ивэнерго 169 40
Калугаэнерго 558 -42
Кировэнерго 403 0
Мариэнерго 144 19
Нижновэнерго 658 231
Рязаньэнерго 259 47
Тулэнерго 733 - 209
Удмуртэнерго 294 3
Россети Юг (ГК) АО «ВМЭС» -3 370 41
Астраханьэнерго -5 158 90
Волгоградэнерго -8 953 - 310
Калмэнерго -1 477 -5
Ростовэнерго -18 198 44
Россети Янтарь Россети Янтарь 305 -28'

13-11-2024T09:23:15 - [MESSAGE][PASSED] - Text of object 'Object Repository/Факторный анализ/AllTable1' is: 'ДЗО
Филиал
Отклонение (объём услуг)
Отклонение (средний тариф)
АО «Тываэнерго» АО "Тываэнерго" 276 -37
АО «Чеченэнерго» АО «Чеченэнерго» -3 339 14
Россети Волга Мордовэнерго -2 825 -86
Оренбургэнерго -11 247 - 162
Пензаэнерго -6 748 -72
Самарские РС -13 058 -1 024
Саратовские РС -13 303 - 443
Ульяновские РС -4 845 - 201
Чувашэнерго -4 186 126
Россети Кубань Кубаньэнерго -53 529 241
Россети Ленэнерго (ГК) Ленинградская область -29 499 598
г. Санкт-Петербург -41 171 -39
Россети Московский регион Московская область 4 566 - 535
г. Москва 2 812 57
Россети Северный Кавказ (ГК) Дагестанская энергосбытовая компания - 111 69
Дагэнерго -6 378 480
Ингушэнерго -1 440 100
Каббалкэнерго -2 677 26
Карачаево-Черкесскэнерго -1 725 -9
Севкавказэнерго -3 016 125
Ставропольэнерго -8 347 - 222
Россети Северо-Запад Архангельский филиал 63 -80
Вологодский филиал 229 -6
Карельский филиал -21 160
Мурманский филиал 102 64
Новгородский филиал 207 -40
Псковский филиал 146 -18
филиал в Республике Коми 10 23
Россети Сибирь (ГК) Алтайэнерго 275 275
Бурятэнерго -95 298
ГАЭС 114 -15
Красноярскэнерго 1 087 - 413
Кузбассэнерго-РЭС 329 205
Омскэнерго 127 - 112
Хакасэнерго 327 - 363
Читаэнерго -44 120
Россети Томск Томская распределительная компания -6 624 - 125
Россети Тюмень Россети Тюмень -65 636 - 459
Россети Урал (ГК) Пермэнерго 594 - 218
Свердловэнерго 805 233
Челябэнерго 973 - 671
Россети ФСК ЕЭС Итого по ФСК ЕЭС -16 312 -8 781
Россети Центр Белгородэнерго 299 111
Брянскэнерго -4 489 32
Воронежэнерго -12 187 182
Костромаэнерго 83 2
Курскэнерго -2 381 132
Липецкэнерго 731 - 322
Орелэнерго -3 553 -22
Смоленскэнерго -6 765 35
Тамбовэнерго -5 262 -4
Тверьэнерго 319 127
Ярэнерго -6 307 31
Россети Центр и Приволжье (ГК) Владимирэнерго 517 49
Ивэнерго 169 40
Калугаэнерго 558 -42
Кировэнерго 403 0
Мариэнерго 144 19
Нижновэнерго 658 231
Рязаньэнерго 259 47
Тулэнерго 733 - 209
Удмуртэнерго 294 3
Россети Юг (ГК) АО «ВМЭС» -3 370 41
Астраханьэнерго -5 158 90
Волгоградэнерго -8 953 - 310
Калмэнерго -1 477 -5
Ростовэнерго -18 198 44
Россети Янтарь Россети Янтарь 305 -28'

13-11-2024T09:23:15 - [TEST_STEP][PASSED] - println("tableA: " + tableA): null

13-11-2024T09:23:15 - [TEST_STEP][PASSED] - for ([i = 1, i < 5, (i++)]): null

13-11-2024T09:23:15 - [TEST_STEP][PASSED] - ii = tableA.indexOf("/") + 1: null

13-11-2024T09:23:15 - [TEST_STEP][PASSED] - tableA = tableA.substring(ii, tableA.length()): null

13-11-2024T09:23:15 - [TEST_STEP][PASSED] - ii = tableA.indexOf("/") + 1: null

13-11-2024T09:23:15 - [TEST_STEP][PASSED] - tableA = tableA.substring(ii, tableA.length()): null

13-11-2024T09:23:15 - [TEST_STEP][PASSED] - ii = tableA.indexOf("/") + 1: null

13-11-2024T09:23:15 - [TEST_STEP][PASSED] - tableA = tableA.substring(ii, tableA.length()): null

13-11-2024T09:23:15 - [TEST_STEP][PASSED] - ii = tableA.indexOf("/") + 1: null

13-11-2024T09:23:15 - [TEST_STEP][PASSED] - tableA = tableA.substring(ii, tableA.length()): null

13-11-2024T09:23:15 - [TEST_STEP][PASSED] - println("tableA: " + tableA): null

13-11-2024T09:23:15 - [TEST_STEP][PASSED] - TyA = Script1719551244403.GetData(x = tableA): null

13-11-2024T09:23:15 - [TEST_STEP][PASSED] - i2 = <not implemented yet for class: org.codehaus.groovy.ast.expr.EmptyExpression>: null

13-11-2024T09:23:15 - [TEST_STEP][PASSED] - i2 = x.indexOf("/") + 1: null

13-11-2024T09:23:15 - [TEST_STEP][PASSED] - x = replaceAll("\p{P}", "").trim(): null

13-11-2024T09:23:15 - [TEST_STEP][PASSED] - return x: null

13-11-2024T09:23:15 - [TEST_STEP][PASSED] - println("TyA: " + TyA): null

13-11-2024T09:23:15 - [TEST_STEP][PASSED] - tableA = Script1719551244403.NewDZO(x = tableA): null

13-11-2024T09:23:15 - [TEST_STEP][PASSED] - i3 = <not implemented yet for class: org.codehaus.groovy.ast.expr.EmptyExpression>: null

13-11-2024T09:23:15 - [TEST_STEP][PASSED] - i3 = x.indexOf("/") + 1: null

13-11-2024T09:23:15 - [TEST_STEP][PASSED] - x = x.substring(i3, x.length()): null

13-11-2024T09:23:15 - [TEST_STEP][PASSED] - return x: null

13-11-2024T09:23:15 - [TEST_STEP][PASSED] - ChA = Script1719551244403.GetData(x = tableA): null

13-11-2024T09:23:15 - [TEST_STEP][PASSED] - i2 = <not implemented yet for class: org.codehaus.groovy.ast.expr.EmptyExpression>: null

13-11-2024T09:23:15 - [TEST_STEP][PASSED] - i2 = x.indexOf("/") + 1: null

13-11-2024T09:23:15 - [TEST_STEP][PASSED] - x = replaceAll("\p{P}", "").trim(): null

13-11-2024T09:23:15 - [TEST_STEP][PASSED] - return x: null

13-11-2024T09:23:15 - [TEST_STEP][PASSED] - println("ChA: " + ChA): null

13-11-2024T09:23:15 - [TEST_STEP][PASSED] - tableA = Script1719551244403.NewDZO(x = tableA): null

13-11-2024T09:23:15 - [TEST_STEP][PASSED] - i3 = <not implemented yet for class: org.codehaus.groovy.ast.expr.EmptyExpression>: null

13-11-2024T09:23:15 - [TEST_STEP][PASSED] - i3 = x.indexOf("/") + 1: null

13-11-2024T09:23:15 - [TEST_STEP][PASSED] - x = x.substring(i3, x.length()): null

13-11-2024T09:23:15 - [TEST_STEP][PASSED] - return x: null

13-11-2024T09:23:15 - [TEST_STEP][PASSED] - i = tableA.indexOf("Кубань"): null

13-11-2024T09:23:15 - [TEST_STEP][PASSED] - VA = replaceAll("\p{P}", "").trim(): null

13-11-2024T09:23:15 - [TEST_STEP][PASSED] - println("VA: " + VA): null

13-11-2024T09:23:15 - [TEST_STEP][PASSED] - for ([i = 1, i < 8, (i++)]): null

13-11-2024T09:23:15 - [TEST_STEP][PASSED] - tableA = Script1719551244403.NewDZO(x = tableA): null

13-11-2024T09:23:15 - [TEST_STEP][PASSED] - i3 = <not implemented yet for class: org.codehaus.groovy.ast.expr.EmptyExpression>: null

13-11-2024T09:23:15 - [TEST_STEP][PASSED] - i3 = x.indexOf("/") + 1: null

13-11-2024T09:23:15 - [TEST_STEP][PASSED] - x = x.substring(i3, x.length()): null

13-11-2024T09:23:15 - [TEST_STEP][PASSED] - return x: null

13-11-2024T09:23:15 - [TEST_STEP][PASSED] - tableA = Script1719551244403.NewDZO(x = tableA): null

13-11-2024T09:23:15 - [TEST_STEP][PASSED] - i3 = <not implemented yet for class: org.codehaus.groovy.ast.expr.EmptyExpression>: null

13-11-2024T09:23:15 - [TEST_STEP][PASSED] - i3 = x.indexOf("/") + 1: null

13-11-2024T09:23:15 - [TEST_STEP][PASSED] - x = x.substring(i3, x.length()): null

13-11-2024T09:23:15 - [TEST_STEP][PASSED] - return x: null

13-11-2024T09:23:15 - [TEST_STEP][PASSED] - tableA = Script1719551244403.NewDZO(x = tableA): null

13-11-2024T09:23:15 - [TEST_STEP][PASSED] - i3 = <not implemented yet for class: org.codehaus.groovy.ast.expr.EmptyExpression>: null

13-11-2024T09:23:15 - [TEST_STEP][PASSED] - i3 = x.indexOf("/") + 1: null

13-11-2024T09:23:15 - [TEST_STEP][PASSED] - x = x.substring(i3, x.length()): null

13-11-2024T09:23:15 - [TEST_STEP][PASSED] - return x: null

13-11-2024T09:23:15 - [TEST_STEP][PASSED] - tableA = Script1719551244403.NewDZO(x = tableA): null

13-11-2024T09:23:15 - [TEST_STEP][PASSED] - i3 = <not implemented yet for class: org.codehaus.groovy.ast.expr.EmptyExpression>: null

13-11-2024T09:23:15 - [TEST_STEP][PASSED] - i3 = x.indexOf("/") + 1: null

13-11-2024T09:23:15 - [TEST_STEP][PASSED] - x = x.substring(i3, x.length()): null

13-11-2024T09:23:15 - [TEST_STEP][PASSED] - return x: null

13-11-2024T09:23:15 - [TEST_STEP][PASSED] - tableA = Script1719551244403.NewDZO(x = tableA): null

13-11-2024T09:23:15 - [TEST_STEP][PASSED] - i3 = <not implemented yet for class: org.codehaus.groovy.ast.expr.EmptyExpression>: null

13-11-2024T09:23:15 - [TEST_STEP][PASSED] - i3 = x.indexOf("/") + 1: null

13-11-2024T09:23:15 - [TEST_STEP][PASSED] - x = x.substring(i3, x.length()): null

13-11-2024T09:23:15 - [TEST_STEP][PASSED] - return x: null

13-11-2024T09:23:15 - [TEST_STEP][PASSED] - tableA = Script1719551244403.NewDZO(x = tableA): null

13-11-2024T09:23:15 - [TEST_STEP][PASSED] - i3 = <not implemented yet for class: org.codehaus.groovy.ast.expr.EmptyExpression>: null

13-11-2024T09:23:15 - [TEST_STEP][PASSED] - i3 = x.indexOf("/") + 1: null

13-11-2024T09:23:15 - [TEST_STEP][PASSED] - x = x.substring(i3, x.length()): null

13-11-2024T09:23:15 - [TEST_STEP][PASSED] - return x: null

13-11-2024T09:23:15 - [TEST_STEP][PASSED] - tableA = Script1719551244403.NewDZO(x = tableA): null

13-11-2024T09:23:15 - [TEST_STEP][PASSED] - i3 = <not implemented yet for class: org.codehaus.groovy.ast.expr.EmptyExpression>: null

13-11-2024T09:23:15 - [TEST_STEP][PASSED] - i3 = x.indexOf("/") + 1: null

13-11-2024T09:23:15 - [TEST_STEP][PASSED] - x = x.substring(i3, x.length()): null

13-11-2024T09:23:15 - [TEST_STEP][PASSED] - return x: null

13-11-2024T09:23:15 - [TEST_STEP][PASSED] - i = tableA.indexOf("Ленэнерго"): null

13-11-2024T09:23:15 - [TEST_STEP][PASSED] - KuA = Script1719551244403.GetData(x = tableA): null

13-11-2024T09:23:15 - [TEST_STEP][PASSED] - i2 = <not implemented yet for class: org.codehaus.groovy.ast.expr.EmptyExpression>: null

13-11-2024T09:23:15 - [TEST_STEP][PASSED] - i2 = x.indexOf("/") + 1: null

13-11-2024T09:23:15 - [TEST_STEP][PASSED] - x = replaceAll("\p{P}", "").trim(): null

13-11-2024T09:23:15 - [TEST_STEP][PASSED] - return x: null

13-11-2024T09:23:15 - [TEST_STEP][PASSED] - println("KuA: " + KuA): null

13-11-2024T09:23:15 - [TEST_STEP][PASSED] - tableA = Script1719551244403.NewDZO(x = tableA): null

13-11-2024T09:23:15 - [TEST_STEP][PASSED] - i3 = <not implemented yet for class: org.codehaus.groovy.ast.expr.EmptyExpression>: null

13-11-2024T09:23:15 - [TEST_STEP][PASSED] - i3 = x.indexOf("/") + 1: null

13-11-2024T09:23:15 - [TEST_STEP][PASSED] - x = x.substring(i3, x.length()): null

13-11-2024T09:23:15 - [TEST_STEP][PASSED] - return x: null

13-11-2024T09:23:15 - [TEST_STEP][PASSED] - i = tableA.indexOf("Московский"): null

13-11-2024T09:23:15 - [TEST_STEP][PASSED] - LenA = replaceAll("\p{P}", "").trim(): null

13-11-2024T09:23:15 - [TEST_STEP][PASSED] - println("LenA: " + LenA): null

13-11-2024T09:23:15 - [TEST_STEP][PASSED] - tableA = Script1719551244403.NewDZO(x = tableA): null

13-11-2024T09:23:15 - [TEST_STEP][PASSED] - i3 = <not implemented yet for class: org.codehaus.groovy.ast.expr.EmptyExpression>: null

13-11-2024T09:23:15 - [TEST_STEP][PASSED] - i3 = x.indexOf("/") + 1: null

13-11-2024T09:23:15 - [TEST_STEP][PASSED] - x = x.substring(i3, x.length()): null

13-11-2024T09:23:15 - [TEST_STEP][PASSED] - return x: null

13-11-2024T09:23:15 - [TEST_STEP][PASSED] - tableA = Script1719551244403.NewDZO(x = tableA): null

13-11-2024T09:23:15 - [TEST_STEP][PASSED] - i3 = <not implemented yet for class: org.codehaus.groovy.ast.expr.EmptyExpression>: null

13-11-2024T09:23:15 - [TEST_STEP][PASSED] - i3 = x.indexOf("/") + 1: null

13-11-2024T09:23:15 - [TEST_STEP][PASSED] - x = x.substring(i3, x.length()): null

13-11-2024T09:23:15 - [TEST_STEP][PASSED] - return x: null

13-11-2024T09:23:15 - [TEST_STEP][PASSED] - i = tableA.indexOf("Кавказ"): null

13-11-2024T09:23:15 - [TEST_STEP][PASSED] - MosA = replaceAll("\p{P}", "").trim(): null

13-11-2024T09:23:15 - [TEST_STEP][PASSED] - println("MosA: " + MosA): null

13-11-2024T09:23:15 - [TEST_STEP][PASSED] - for ([i = 1, i < 3, (i++)]): null

13-11-2024T09:23:15 - [TEST_STEP][PASSED] - tableA = Script1719551244403.NewDZO(x = tableA): null

13-11-2024T09:23:15 - [TEST_STEP][PASSED] - i3 = <not implemented yet for class: org.codehaus.groovy.ast.expr.EmptyExpression>: null

13-11-2024T09:23:15 - [TEST_STEP][PASSED] - i3 = x.indexOf("/") + 1: null

13-11-2024T09:23:15 - [TEST_STEP][PASSED] - x = x.substring(i3, x.length()): null

13-11-2024T09:23:15 - [TEST_STEP][PASSED] - return x: null

13-11-2024T09:23:15 - [TEST_STEP][PASSED] - tableA = Script1719551244403.NewDZO(x = tableA): null

13-11-2024T09:23:15 - [TEST_STEP][PASSED] - i3 = <not implemented yet for class: org.codehaus.groovy.ast.expr.EmptyExpression>: null

13-11-2024T09:23:15 - [TEST_STEP][PASSED] - i3 = x.indexOf("/") + 1: null

13-11-2024T09:23:15 - [TEST_STEP][PASSED] - x = x.substring(i3, x.length()): null

13-11-2024T09:23:15 - [TEST_STEP][PASSED] - return x: null

13-11-2024T09:23:15 - [TEST_STEP][PASSED] - i = tableA.indexOf("Запад"): null

13-11-2024T09:23:15 - [TEST_STEP][PASSED] - SKA = replaceAll("\p{P}", "").trim(): null

13-11-2024T09:23:15 - [TEST_STEP][PASSED] - println("SKA: " + SKA): null

13-11-2024T09:23:15 - [TEST_STEP][PASSED] - for ([i = 1, i < 7, (i++)]): null

13-11-2024T09:23:15 - [TEST_STEP][PASSED] - tableA = Script1719551244403.NewDZO(x = tableA): null

13-11-2024T09:23:15 - [TEST_STEP][PASSED] - i3 = <not implemented yet for class: org.codehaus.groovy.ast.expr.EmptyExpression>: null

13-11-2024T09:23:15 - [TEST_STEP][PASSED] - i3 = x.indexOf("/") + 1: null

13-11-2024T09:23:15 - [TEST_STEP][PASSED] - x = x.substring(i3, x.length()): null

13-11-2024T09:23:15 - [TEST_STEP][PASSED] - return x: null

13-11-2024T09:23:15 - [TEST_STEP][PASSED] - tableA = Script1719551244403.NewDZO(x = tableA): null

13-11-2024T09:23:15 - [TEST_STEP][PASSED] - i3 = <not implemented yet for class: org.codehaus.groovy.ast.expr.EmptyExpression>: null

13-11-2024T09:23:15 - [TEST_STEP][PASSED] - i3 = x.indexOf("/") + 1: null

13-11-2024T09:23:15 - [TEST_STEP][PASSED] - x = x.substring(i3, x.length()): null

13-11-2024T09:23:15 - [TEST_STEP][PASSED] - return x: null

13-11-2024T09:23:15 - [TEST_STEP][PASSED] - tableA = Script1719551244403.NewDZO(x = tableA): null

13-11-2024T09:23:15 - [TEST_STEP][PASSED] - i3 = <not implemented yet for class: org.codehaus.groovy.ast.expr.EmptyExpression>: null

13-11-2024T09:23:15 - [TEST_STEP][PASSED] - i3 = x.indexOf("/") + 1: null

13-11-2024T09:23:15 - [TEST_STEP][PASSED] - x = x.substring(i3, x.length()): null

13-11-2024T09:23:15 - [TEST_STEP][PASSED] - return x: null

13-11-2024T09:23:15 - [TEST_STEP][PASSED] - tableA = Script1719551244403.NewDZO(x = tableA): null

13-11-2024T09:23:15 - [TEST_STEP][PASSED] - i3 = <not implemented yet for class: org.codehaus.groovy.ast.expr.EmptyExpression>: null

13-11-2024T09:23:15 - [TEST_STEP][PASSED] - i3 = x.indexOf("/") + 1: null

13-11-2024T09:23:15 - [TEST_STEP][PASSED] - x = x.substring(i3, x.length()): null

13-11-2024T09:23:15 - [TEST_STEP][PASSED] - return x: null

13-11-2024T09:23:15 - [TEST_STEP][PASSED] - tableA = Script1719551244403.NewDZO(x = tableA): null

13-11-2024T09:23:15 - [TEST_STEP][PASSED] - i3 = <not implemented yet for class: org.codehaus.groovy.ast.expr.EmptyExpression>: null

13-11-2024T09:23:15 - [TEST_STEP][PASSED] - i3 = x.indexOf("/") + 1: null

13-11-2024T09:23:15 - [TEST_STEP][PASSED] - x = x.substring(i3, x.length()): null

13-11-2024T09:23:15 - [TEST_STEP][PASSED] - return x: null

13-11-2024T09:23:15 - [TEST_STEP][PASSED] - tableA = Script1719551244403.NewDZO(x = tableA): null

13-11-2024T09:23:15 - [TEST_STEP][PASSED] - i3 = <not implemented yet for class: org.codehaus.groovy.ast.expr.EmptyExpression>: null

13-11-2024T09:23:15 - [TEST_STEP][PASSED] - i3 = x.indexOf("/") + 1: null

13-11-2024T09:23:15 - [TEST_STEP][PASSED] - x = x.substring(i3, x.length()): null

13-11-2024T09:23:15 - [TEST_STEP][PASSED] - return x: null

13-11-2024T09:23:15 - [TEST_STEP][PASSED] - i = tableA.indexOf("Сибирь"): null

13-11-2024T09:23:15 - [TEST_STEP][PASSED] - SZA = replaceAll("\p{P}", "").trim(): null

13-11-2024T09:23:15 - [TEST_STEP][PASSED] - println("SZA: " + SZA): null

13-11-2024T09:23:15 - [TEST_STEP][PASSED] - for ([i = 1, i < 8, (i++)]): null

13-11-2024T09:23:15 - [TEST_STEP][PASSED] - tableA = Script1719551244403.NewDZO(x = tableA): null

13-11-2024T09:23:15 - [TEST_STEP][PASSED] - i3 = <not implemented yet for class: org.codehaus.groovy.ast.expr.EmptyExpression>: null

13-11-2024T09:23:15 - [TEST_STEP][PASSED] - i3 = x.indexOf("/") + 1: null

13-11-2024T09:23:15 - [TEST_STEP][PASSED] - x = x.substring(i3, x.length()): null

13-11-2024T09:23:15 - [TEST_STEP][PASSED] - return x: null

13-11-2024T09:23:15 - [TEST_STEP][PASSED] - tableA = Script1719551244403.NewDZO(x = tableA): null

13-11-2024T09:23:15 - [TEST_STEP][PASSED] - i3 = <not implemented yet for class: org.codehaus.groovy.ast.expr.EmptyExpression>: null

13-11-2024T09:23:15 - [TEST_STEP][PASSED] - i3 = x.indexOf("/") + 1: null

13-11-2024T09:23:15 - [TEST_STEP][PASSED] - x = x.substring(i3, x.length()): null

13-11-2024T09:23:15 - [TEST_STEP][PASSED] - return x: null

13-11-2024T09:23:15 - [TEST_STEP][PASSED] - tableA = Script1719551244403.NewDZO(x = tableA): null

13-11-2024T09:23:15 - [TEST_STEP][PASSED] - i3 = <not implemented yet for class: org.codehaus.groovy.ast.expr.EmptyExpression>: null

13-11-2024T09:23:15 - [TEST_STEP][PASSED] - i3 = x.indexOf("/") + 1: null

13-11-2024T09:23:15 - [TEST_STEP][PASSED] - x = x.substring(i3, x.length()): null

13-11-2024T09:23:15 - [TEST_STEP][PASSED] - return x: null

13-11-2024T09:23:15 - [TEST_STEP][PASSED] - tableA = Script1719551244403.NewDZO(x = tableA): null

13-11-2024T09:23:15 - [TEST_STEP][PASSED] - i3 = <not implemented yet for class: org.codehaus.groovy.ast.expr.EmptyExpression>: null

13-11-2024T09:23:15 - [TEST_STEP][PASSED] - i3 = x.indexOf("/") + 1: null

13-11-2024T09:23:15 - [TEST_STEP][PASSED] - x = x.substring(i3, x.length()): null

13-11-2024T09:23:15 - [TEST_STEP][PASSED] - return x: null

13-11-2024T09:23:15 - [TEST_STEP][PASSED] - tableA = Script1719551244403.NewDZO(x = tableA): null

13-11-2024T09:23:15 - [TEST_STEP][PASSED] - i3 = <not implemented yet for class: org.codehaus.groovy.ast.expr.EmptyExpression>: null

13-11-2024T09:23:15 - [TEST_STEP][PASSED] - i3 = x.indexOf("/") + 1: null

13-11-2024T09:23:15 - [TEST_STEP][PASSED] - x = x.substring(i3, x.length()): null

13-11-2024T09:23:15 - [TEST_STEP][PASSED] - return x: null

13-11-2024T09:23:15 - [TEST_STEP][PASSED] - tableA = Script1719551244403.NewDZO(x = tableA): null

13-11-2024T09:23:15 - [TEST_STEP][PASSED] - i3 = <not implemented yet for class: org.codehaus.groovy.ast.expr.EmptyExpression>: null

13-11-2024T09:23:15 - [TEST_STEP][PASSED] - i3 = x.indexOf("/") + 1: null

13-11-2024T09:23:15 - [TEST_STEP][PASSED] - x = x.substring(i3, x.length()): null

13-11-2024T09:23:15 - [TEST_STEP][PASSED] - return x: null

13-11-2024T09:23:15 - [TEST_STEP][PASSED] - tableA = Script1719551244403.NewDZO(x = tableA): null

13-11-2024T09:23:15 - [TEST_STEP][PASSED] - i3 = <not implemented yet for class: org.codehaus.groovy.ast.expr.EmptyExpression>: null

13-11-2024T09:23:15 - [TEST_STEP][PASSED] - i3 = x.indexOf("/") + 1: null

13-11-2024T09:23:15 - [TEST_STEP][PASSED] - x = x.substring(i3, x.length()): null

13-11-2024T09:23:15 - [TEST_STEP][PASSED] - return x: null

13-11-2024T09:23:15 - [TEST_STEP][PASSED] - i = tableA.indexOf("Томск"): null

13-11-2024T09:23:15 - [TEST_STEP][PASSED] - SiA = replaceAll("\p{P}", "").trim(): null

13-11-2024T09:23:15 - [TEST_STEP][PASSED] - println("SiA: " + SiA): null

13-11-2024T09:23:15 - [TEST_STEP][PASSED] - for ([i = 1, i < 9, (i++)]): null

13-11-2024T09:23:15 - [TEST_STEP][PASSED] - tableA = Script1719551244403.NewDZO(x = tableA): null

13-11-2024T09:23:15 - [TEST_STEP][PASSED] - i3 = <not implemented yet for class: org.codehaus.groovy.ast.expr.EmptyExpression>: null

13-11-2024T09:23:15 - [TEST_STEP][PASSED] - i3 = x.indexOf("/") + 1: null

13-11-2024T09:23:15 - [TEST_STEP][PASSED] - x = x.substring(i3, x.length()): null

13-11-2024T09:23:15 - [TEST_STEP][PASSED] - return x: null

13-11-2024T09:23:15 - [TEST_STEP][PASSED] - tableA = Script1719551244403.NewDZO(x = tableA): null

13-11-2024T09:23:15 - [TEST_STEP][PASSED] - i3 = <not implemented yet for class: org.codehaus.groovy.ast.expr.EmptyExpression>: null

13-11-2024T09:23:15 - [TEST_STEP][PASSED] - i3 = x.indexOf("/") + 1: null

13-11-2024T09:23:15 - [TEST_STEP][PASSED] - x = x.substring(i3, x.length()): null

13-11-2024T09:23:15 - [TEST_STEP][PASSED] - return x: null

13-11-2024T09:23:15 - [TEST_STEP][PASSED] - tableA = Script1719551244403.NewDZO(x = tableA): null

13-11-2024T09:23:15 - [TEST_STEP][PASSED] - i3 = <not implemented yet for class: org.codehaus.groovy.ast.expr.EmptyExpression>: null

13-11-2024T09:23:15 - [TEST_STEP][PASSED] - i3 = x.indexOf("/") + 1: null

13-11-2024T09:23:15 - [TEST_STEP][PASSED] - x = x.substring(i3, x.length()): null

13-11-2024T09:23:15 - [TEST_STEP][PASSED] - return x: null

13-11-2024T09:23:15 - [TEST_STEP][PASSED] - tableA = Script1719551244403.NewDZO(x = tableA): null

13-11-2024T09:23:15 - [TEST_STEP][PASSED] - i3 = <not implemented yet for class: org.codehaus.groovy.ast.expr.EmptyExpression>: null

13-11-2024T09:23:15 - [TEST_STEP][PASSED] - i3 = x.indexOf("/") + 1: null

13-11-2024T09:23:15 - [TEST_STEP][PASSED] - x = x.substring(i3, x.length()): null

13-11-2024T09:23:15 - [TEST_STEP][PASSED] - return x: null

13-11-2024T09:23:15 - [TEST_STEP][PASSED] - tableA = Script1719551244403.NewDZO(x = tableA): null

13-11-2024T09:23:15 - [TEST_STEP][PASSED] - i3 = <not implemented yet for class: org.codehaus.groovy.ast.expr.EmptyExpression>: null

13-11-2024T09:23:15 - [TEST_STEP][PASSED] - i3 = x.indexOf("/") + 1: null

13-11-2024T09:23:15 - [TEST_STEP][PASSED] - x = x.substring(i3, x.length()): null

13-11-2024T09:23:15 - [TEST_STEP][PASSED] - return x: null

13-11-2024T09:23:15 - [TEST_STEP][PASSED] - tableA = Script1719551244403.NewDZO(x = tableA): null

13-11-2024T09:23:15 - [TEST_STEP][PASSED] - i3 = <not implemented yet for class: org.codehaus.groovy.ast.expr.EmptyExpression>: null

13-11-2024T09:23:15 - [TEST_STEP][PASSED] - i3 = x.indexOf("/") + 1: null

13-11-2024T09:23:15 - [TEST_STEP][PASSED] - x = x.substring(i3, x.length()): null

13-11-2024T09:23:15 - [TEST_STEP][PASSED] - return x: null

13-11-2024T09:23:15 - [TEST_STEP][PASSED] - tableA = Script1719551244403.NewDZO(x = tableA): null

13-11-2024T09:23:15 - [TEST_STEP][PASSED] - i3 = <not implemented yet for class: org.codehaus.groovy.ast.expr.EmptyExpression>: null

13-11-2024T09:23:15 - [TEST_STEP][PASSED] - i3 = x.indexOf("/") + 1: null

13-11-2024T09:23:15 - [TEST_STEP][PASSED] - x = x.substring(i3, x.length()): null

13-11-2024T09:23:15 - [TEST_STEP][PASSED] - return x: null

13-11-2024T09:23:15 - [TEST_STEP][PASSED] - tableA = Script1719551244403.NewDZO(x = tableA): null

13-11-2024T09:23:15 - [TEST_STEP][PASSED] - i3 = <not implemented yet for class: org.codehaus.groovy.ast.expr.EmptyExpression>: null

13-11-2024T09:23:15 - [TEST_STEP][PASSED] - i3 = x.indexOf("/") + 1: null

13-11-2024T09:23:15 - [TEST_STEP][PASSED] - x = x.substring(i3, x.length()): null

13-11-2024T09:23:15 - [TEST_STEP][PASSED] - return x: null

13-11-2024T09:23:15 - [TEST_STEP][PASSED] - i = tableA.indexOf("Тюмень"): null

13-11-2024T09:23:15 - [TEST_STEP][PASSED] - ToA = replaceAll("\p{P}", "").trim(): null

13-11-2024T09:23:15 - [TEST_STEP][PASSED] - println("ToA: " + ToA): null

13-11-2024T09:23:15 - [TEST_STEP][PASSED] - tableA = Script1719551244403.NewDZO(x = tableA): null

13-11-2024T09:23:15 - [TEST_STEP][PASSED] - i3 = <not implemented yet for class: org.codehaus.groovy.ast.expr.EmptyExpression>: null

13-11-2024T09:23:15 - [TEST_STEP][PASSED] - i3 = x.indexOf("/") + 1: null

13-11-2024T09:23:15 - [TEST_STEP][PASSED] - x = x.substring(i3, x.length()): null

13-11-2024T09:23:15 - [TEST_STEP][PASSED] - return x: null

13-11-2024T09:23:15 - [TEST_STEP][PASSED] - TyuA = replaceAll("\p{P}", "").trim(): null

13-11-2024T09:23:15 - [TEST_STEP][PASSED] - println("TyuA: " + TyuA): null

13-11-2024T09:23:15 - [TEST_STEP][PASSED] - tableA = Script1719551244403.NewDZO(x = tableA): null

13-11-2024T09:23:15 - [TEST_STEP][PASSED] - i3 = <not implemented yet for class: org.codehaus.groovy.ast.expr.EmptyExpression>: null

13-11-2024T09:23:15 - [TEST_STEP][PASSED] - i3 = x.indexOf("/") + 1: null

13-11-2024T09:23:15 - [TEST_STEP][PASSED] - x = x.substring(i3, x.length()): null

13-11-2024T09:23:15 - [TEST_STEP][PASSED] - return x: null

13-11-2024T09:23:15 - [TEST_STEP][PASSED] - i = tableA.indexOf("ЕЭС"): null

13-11-2024T09:23:15 - [TEST_STEP][PASSED] - UrA = replaceAll("\p{P}", "").trim(): null

13-11-2024T09:23:15 - [TEST_STEP][PASSED] - println("UrA: " + UrA): null

13-11-2024T09:23:15 - [TEST_STEP][PASSED] - for ([i = 1, i < 4, (i++)]): null

13-11-2024T09:23:15 - [TEST_STEP][PASSED] - tableA = Script1719551244403.NewDZO(x = tableA): null

13-11-2024T09:23:15 - [TEST_STEP][PASSED] - i3 = <not implemented yet for class: org.codehaus.groovy.ast.expr.EmptyExpression>: null

13-11-2024T09:23:15 - [TEST_STEP][PASSED] - i3 = x.indexOf("/") + 1: null

13-11-2024T09:23:15 - [TEST_STEP][PASSED] - x = x.substring(i3, x.length()): null

13-11-2024T09:23:15 - [TEST_STEP][PASSED] - return x: null

13-11-2024T09:23:15 - [TEST_STEP][PASSED] - tableA = Script1719551244403.NewDZO(x = tableA): null

13-11-2024T09:23:15 - [TEST_STEP][PASSED] - i3 = <not implemented yet for class: org.codehaus.groovy.ast.expr.EmptyExpression>: null

13-11-2024T09:23:15 - [TEST_STEP][PASSED] - i3 = x.indexOf("/") + 1: null

13-11-2024T09:23:15 - [TEST_STEP][PASSED] - x = x.substring(i3, x.length()): null

13-11-2024T09:23:15 - [TEST_STEP][PASSED] - return x: null

13-11-2024T09:23:15 - [TEST_STEP][PASSED] - tableA = Script1719551244403.NewDZO(x = tableA): null

13-11-2024T09:23:15 - [TEST_STEP][PASSED] - i3 = <not implemented yet for class: org.codehaus.groovy.ast.expr.EmptyExpression>: null

13-11-2024T09:23:15 - [TEST_STEP][PASSED] - i3 = x.indexOf("/") + 1: null

13-11-2024T09:23:15 - [TEST_STEP][PASSED] - x = x.substring(i3, x.length()): null

13-11-2024T09:23:15 - [TEST_STEP][PASSED] - return x: null

13-11-2024T09:23:15 - [TEST_STEP][PASSED] - i = tableA.indexOf("Центр"): null

13-11-2024T09:23:15 - [TEST_STEP][PASSED] - FSKA = replaceAll("\p{P}", "").trim(): null

13-11-2024T09:23:15 - [TEST_STEP][PASSED] - println("FSKA: " + FSKA): null

13-11-2024T09:23:15 - [TEST_STEP][PASSED] - tableA = Script1719551244403.NewDZO(x = tableA): null

13-11-2024T09:23:15 - [TEST_STEP][PASSED] - i3 = <not implemented yet for class: org.codehaus.groovy.ast.expr.EmptyExpression>: null

13-11-2024T09:23:15 - [TEST_STEP][PASSED] - i3 = x.indexOf("/") + 1: null

13-11-2024T09:23:15 - [TEST_STEP][PASSED] - x = x.substring(i3, x.length()): null

13-11-2024T09:23:15 - [TEST_STEP][PASSED] - return x: null

13-11-2024T09:23:15 - [TEST_STEP][PASSED] - i = tableA.indexOf("Приволжье"): null

13-11-2024T09:23:15 - [TEST_STEP][PASSED] - CenA = replaceAll("\p{P}", "").trim(): null

13-11-2024T09:23:15 - [TEST_STEP][PASSED] - println("CenA: " + CenA): null

13-11-2024T09:23:15 - [TEST_STEP][PASSED] - for ([i = 1, i < 12, (i++)]): null

13-11-2024T09:23:15 - [TEST_STEP][PASSED] - tableA = Script1719551244403.NewDZO(x = tableA): null

13-11-2024T09:23:15 - [TEST_STEP][PASSED] - i3 = <not implemented yet for class: org.codehaus.groovy.ast.expr.EmptyExpression>: null

13-11-2024T09:23:15 - [TEST_STEP][PASSED] - i3 = x.indexOf("/") + 1: null

13-11-2024T09:23:15 - [TEST_STEP][PASSED] - x = x.substring(i3, x.length()): null

13-11-2024T09:23:15 - [TEST_STEP][PASSED] - return x: null

13-11-2024T09:23:15 - [TEST_STEP][PASSED] - tableA = Script1719551244403.NewDZO(x = tableA): null

13-11-2024T09:23:15 - [TEST_STEP][PASSED] - i3 = <not implemented yet for class: org.codehaus.groovy.ast.expr.EmptyExpression>: null

13-11-2024T09:23:15 - [TEST_STEP][PASSED] - i3 = x.indexOf("/") + 1: null

13-11-2024T09:23:15 - [TEST_STEP][PASSED] - x = x.substring(i3, x.length()): null

13-11-2024T09:23:15 - [TEST_STEP][PASSED] - return x: null

13-11-2024T09:23:15 - [TEST_STEP][PASSED] - tableA = Script1719551244403.NewDZO(x = tableA): null

13-11-2024T09:23:15 - [TEST_STEP][PASSED] - i3 = <not implemented yet for class: org.codehaus.groovy.ast.expr.EmptyExpression>: null

13-11-2024T09:23:15 - [TEST_STEP][PASSED] - i3 = x.indexOf("/") + 1: null

13-11-2024T09:23:15 - [TEST_STEP][PASSED] - x = x.substring(i3, x.length()): null

13-11-2024T09:23:15 - [TEST_STEP][PASSED] - return x: null

13-11-2024T09:23:15 - [TEST_STEP][PASSED] - tableA = Script1719551244403.NewDZO(x = tableA): null

13-11-2024T09:23:15 - [TEST_STEP][PASSED] - i3 = <not implemented yet for class: org.codehaus.groovy.ast.expr.EmptyExpression>: null

13-11-2024T09:23:15 - [TEST_STEP][PASSED] - i3 = x.indexOf("/") + 1: null

13-11-2024T09:23:15 - [TEST_STEP][PASSED] - x = x.substring(i3, x.length()): null

13-11-2024T09:23:15 - [TEST_STEP][PASSED] - return x: null

13-11-2024T09:23:15 - [TEST_STEP][PASSED] - tableA = Script1719551244403.NewDZO(x = tableA): null

13-11-2024T09:23:15 - [TEST_STEP][PASSED] - i3 = <not implemented yet for class: org.codehaus.groovy.ast.expr.EmptyExpression>: null

13-11-2024T09:23:15 - [TEST_STEP][PASSED] - i3 = x.indexOf("/") + 1: null

13-11-2024T09:23:15 - [TEST_STEP][PASSED] - x = x.substring(i3, x.length()): null

13-11-2024T09:23:15 - [TEST_STEP][PASSED] - return x: null

13-11-2024T09:23:15 - [TEST_STEP][PASSED] - tableA = Script1719551244403.NewDZO(x = tableA): null

13-11-2024T09:23:15 - [TEST_STEP][PASSED] - i3 = <not implemented yet for class: org.codehaus.groovy.ast.expr.EmptyExpression>: null

13-11-2024T09:23:15 - [TEST_STEP][PASSED] - i3 = x.indexOf("/") + 1: null

13-11-2024T09:23:15 - [TEST_STEP][PASSED] - x = x.substring(i3, x.length()): null

13-11-2024T09:23:15 - [TEST_STEP][PASSED] - return x: null

13-11-2024T09:23:15 - [TEST_STEP][PASSED] - tableA = Script1719551244403.NewDZO(x = tableA): null

13-11-2024T09:23:15 - [TEST_STEP][PASSED] - i3 = <not implemented yet for class: org.codehaus.groovy.ast.expr.EmptyExpression>: null

13-11-2024T09:23:15 - [TEST_STEP][PASSED] - i3 = x.indexOf("/") + 1: null

13-11-2024T09:23:15 - [TEST_STEP][PASSED] - x = x.substring(i3, x.length()): null

13-11-2024T09:23:15 - [TEST_STEP][PASSED] - return x: null

13-11-2024T09:23:15 - [TEST_STEP][PASSED] - tableA = Script1719551244403.NewDZO(x = tableA): null

13-11-2024T09:23:15 - [TEST_STEP][PASSED] - i3 = <not implemented yet for class: org.codehaus.groovy.ast.expr.EmptyExpression>: null

13-11-2024T09:23:15 - [TEST_STEP][PASSED] - i3 = x.indexOf("/") + 1: null

13-11-2024T09:23:15 - [TEST_STEP][PASSED] - x = x.substring(i3, x.length()): null

13-11-2024T09:23:15 - [TEST_STEP][PASSED] - return x: null

13-11-2024T09:23:15 - [TEST_STEP][PASSED] - tableA = Script1719551244403.NewDZO(x = tableA): null

13-11-2024T09:23:15 - [TEST_STEP][PASSED] - i3 = <not implemented yet for class: org.codehaus.groovy.ast.expr.EmptyExpression>: null

13-11-2024T09:23:15 - [TEST_STEP][PASSED] - i3 = x.indexOf("/") + 1: null

13-11-2024T09:23:15 - [TEST_STEP][PASSED] - x = x.substring(i3, x.length()): null

13-11-2024T09:23:15 - [TEST_STEP][PASSED] - return x: null

13-11-2024T09:23:15 - [TEST_STEP][PASSED] - tableA = Script1719551244403.NewDZO(x = tableA): null

13-11-2024T09:23:15 - [TEST_STEP][PASSED] - i3 = <not implemented yet for class: org.codehaus.groovy.ast.expr.EmptyExpression>: null

13-11-2024T09:23:15 - [TEST_STEP][PASSED] - i3 = x.indexOf("/") + 1: null

13-11-2024T09:23:15 - [TEST_STEP][PASSED] - x = x.substring(i3, x.length()): null

13-11-2024T09:23:15 - [TEST_STEP][PASSED] - return x: null

13-11-2024T09:23:15 - [TEST_STEP][PASSED] - tableA = Script1719551244403.NewDZO(x = tableA): null

13-11-2024T09:23:15 - [TEST_STEP][PASSED] - i3 = <not implemented yet for class: org.codehaus.groovy.ast.expr.EmptyExpression>: null

13-11-2024T09:23:15 - [TEST_STEP][PASSED] - i3 = x.indexOf("/") + 1: null

13-11-2024T09:23:15 - [TEST_STEP][PASSED] - x = x.substring(i3, x.length()): null

13-11-2024T09:23:15 - [TEST_STEP][PASSED] - return x: null

13-11-2024T09:23:15 - [TEST_STEP][PASSED] - i = tableA.indexOf("Юг"): null

13-11-2024T09:23:15 - [TEST_STEP][PASSED] - CiPA = replaceAll("\p{P}", "").trim(): null

13-11-2024T09:23:15 - [TEST_STEP][PASSED] - println("CiPA: " + CiPA): null

13-11-2024T09:23:15 - [TEST_STEP][PASSED] - for ([i = 1, i < 10, (i++)]): null

13-11-2024T09:23:15 - [TEST_STEP][PASSED] - tableA = Script1719551244403.NewDZO(x = tableA): null

13-11-2024T09:23:15 - [TEST_STEP][PASSED] - i3 = <not implemented yet for class: org.codehaus.groovy.ast.expr.EmptyExpression>: null

13-11-2024T09:23:15 - [TEST_STEP][PASSED] - i3 = x.indexOf("/") + 1: null

13-11-2024T09:23:15 - [TEST_STEP][PASSED] - x = x.substring(i3, x.length()): null

13-11-2024T09:23:15 - [TEST_STEP][PASSED] - return x: null

13-11-2024T09:23:15 - [TEST_STEP][PASSED] - tableA = Script1719551244403.NewDZO(x = tableA): null

13-11-2024T09:23:15 - [TEST_STEP][PASSED] - i3 = <not implemented yet for class: org.codehaus.groovy.ast.expr.EmptyExpression>: null

13-11-2024T09:23:15 - [TEST_STEP][PASSED] - i3 = x.indexOf("/") + 1: null

13-11-2024T09:23:15 - [TEST_STEP][PASSED] - x = x.substring(i3, x.length()): null

13-11-2024T09:23:15 - [TEST_STEP][PASSED] - return x: null

13-11-2024T09:23:15 - [TEST_STEP][PASSED] - tableA = Script1719551244403.NewDZO(x = tableA): null

13-11-2024T09:23:15 - [TEST_STEP][PASSED] - i3 = <not implemented yet for class: org.codehaus.groovy.ast.expr.EmptyExpression>: null

13-11-2024T09:23:15 - [TEST_STEP][PASSED] - i3 = x.indexOf("/") + 1: null

13-11-2024T09:23:15 - [TEST_STEP][PASSED] - x = x.substring(i3, x.length()): null

13-11-2024T09:23:15 - [TEST_STEP][PASSED] - return x: null

13-11-2024T09:23:15 - [TEST_STEP][PASSED] - tableA = Script1719551244403.NewDZO(x = tableA): null

13-11-2024T09:23:15 - [TEST_STEP][PASSED] - i3 = <not implemented yet for class: org.codehaus.groovy.ast.expr.EmptyExpression>: null

13-11-2024T09:23:15 - [TEST_STEP][PASSED] - i3 = x.indexOf("/") + 1: null

13-11-2024T09:23:15 - [TEST_STEP][PASSED] - x = x.substring(i3, x.length()): null

13-11-2024T09:23:15 - [TEST_STEP][PASSED] - return x: null

13-11-2024T09:23:15 - [TEST_STEP][PASSED] - tableA = Script1719551244403.NewDZO(x = tableA): null

13-11-2024T09:23:15 - [TEST_STEP][PASSED] - i3 = <not implemented yet for class: org.codehaus.groovy.ast.expr.EmptyExpression>: null

13-11-2024T09:23:15 - [TEST_STEP][PASSED] - i3 = x.indexOf("/") + 1: null

13-11-2024T09:23:15 - [TEST_STEP][PASSED] - x = x.substring(i3, x.length()): null

13-11-2024T09:23:15 - [TEST_STEP][PASSED] - return x: null

13-11-2024T09:23:15 - [TEST_STEP][PASSED] - tableA = Script1719551244403.NewDZO(x = tableA): null

13-11-2024T09:23:15 - [TEST_STEP][PASSED] - i3 = <not implemented yet for class: org.codehaus.groovy.ast.expr.EmptyExpression>: null

13-11-2024T09:23:15 - [TEST_STEP][PASSED] - i3 = x.indexOf("/") + 1: null

13-11-2024T09:23:15 - [TEST_STEP][PASSED] - x = x.substring(i3, x.length()): null

13-11-2024T09:23:15 - [TEST_STEP][PASSED] - return x: null

13-11-2024T09:23:15 - [TEST_STEP][PASSED] - tableA = Script1719551244403.NewDZO(x = tableA): null

13-11-2024T09:23:15 - [TEST_STEP][PASSED] - i3 = <not implemented yet for class: org.codehaus.groovy.ast.expr.EmptyExpression>: null

13-11-2024T09:23:15 - [TEST_STEP][PASSED] - i3 = x.indexOf("/") + 1: null

13-11-2024T09:23:15 - [TEST_STEP][PASSED] - x = x.substring(i3, x.length()): null

13-11-2024T09:23:15 - [TEST_STEP][PASSED] - return x: null

13-11-2024T09:23:15 - [TEST_STEP][PASSED] - tableA = Script1719551244403.NewDZO(x = tableA): null

13-11-2024T09:23:15 - [TEST_STEP][PASSED] - i3 = <not implemented yet for class: org.codehaus.groovy.ast.expr.EmptyExpression>: null

13-11-2024T09:23:15 - [TEST_STEP][PASSED] - i3 = x.indexOf("/") + 1: null

13-11-2024T09:23:15 - [TEST_STEP][PASSED] - x = x.substring(i3, x.length()): null

13-11-2024T09:23:15 - [TEST_STEP][PASSED] - return x: null

13-11-2024T09:23:15 - [TEST_STEP][PASSED] - tableA = Script1719551244403.NewDZO(x = tableA): null

13-11-2024T09:23:15 - [TEST_STEP][PASSED] - i3 = <not implemented yet for class: org.codehaus.groovy.ast.expr.EmptyExpression>: null

13-11-2024T09:23:15 - [TEST_STEP][PASSED] - i3 = x.indexOf("/") + 1: null

13-11-2024T09:23:15 - [TEST_STEP][PASSED] - x = x.substring(i3, x.length()): null

13-11-2024T09:23:15 - [TEST_STEP][PASSED] - return x: null

13-11-2024T09:23:15 - [TEST_STEP][PASSED] - i = tableA.indexOf("Янтарь"): null

13-11-2024T09:23:15 - [TEST_STEP][PASSED] - UgA = replaceAll("\p{P}", "").trim(): null

13-11-2024T09:23:15 - [TEST_STEP][PASSED] - println("UgA: " + UgA): null

13-11-2024T09:23:15 - [TEST_STEP][PASSED] - i = tableA.lastIndexOf("/"): null

13-11-2024T09:23:15 - [TEST_STEP][PASSED] - YaA = replaceAll("\p{P}", "").trim(): null

13-11-2024T09:23:15 - [TEST_STEP][PASSED] - println("YaA: " + YaA): null

13-11-2024T09:23:15 - [TEST_STEP][PASSED] - delay(10): Delayed 10 second(s)

13-11-2024T09:23:26 - [MESSAGE][PASSED] - Delayed 10 second(s)

13-11-2024T09:23:26 - [TEST_STEP][PASSED] - navigateToUrl(findTestData("PlanFact").getValue(10, 11)): Navigate to 'https://bi.rosseti.digital/viewer?dashboardGuid=a1fd28b3785d443cbc4d7690a1d78e31&sheetGuid=d3a0ddec2e914cb380b20dca74903099&fit=true' successfully

13-11-2024T09:23:26 - [MESSAGE][PASSED] - Navigate to 'https://bi.rosseti.digital/viewer?dashboardGuid=a1fd28b3785d443cbc4d7690a1d78e31&sheetGuid=d3a0ddec2e914cb380b20dca74903099&fit=true' successfully

13-11-2024T09:23:26 - [TEST_STEP][PASSED] - b = <not implemented yet for class: org.codehaus.groovy.ast.expr.EmptyExpression>: null

13-11-2024T09:23:26 - [TEST_STEP][PASSED] - b1 = <not implemented yet for class: org.codehaus.groovy.ast.expr.EmptyExpression>: null

13-11-2024T09:23:26 - [TEST_STEP][PASSED] - b2 = <not implemented yet for class: org.codehaus.groovy.ast.expr.EmptyExpression>: null

13-11-2024T09:23:26 - [TEST_STEP][PASSED] - click(findTestObject("Факторный анализ/Фильтр Дата Выручка")): Object: 'Object Repository/Факторный анализ/Фильтр Дата Выручка' is clicked on

13-11-2024T09:23:42 - [MESSAGE][PASSED] - Object: 'Object Repository/Факторный анализ/Фильтр Дата Выручка' is clicked on

13-11-2024T09:23:42 - [TEST_STEP][PASSED] - click(findTestObject("Факторный анализ/Снять выделение в фильтре Дата Выручка")): Object: 'Object Repository/Факторный анализ/Снять выделение в фильтре Дата Выручка' is clicked on

13-11-2024T09:23:43 - [MESSAGE][PASSED] - Object: 'Object Repository/Факторный анализ/Снять выделение в фильтре Дата Выручка' is clicked on

13-11-2024T09:23:43 - [TEST_STEP][PASSED] - click(findTestObject("Факторный анализ/Применить в фильтре Дата Выручка")): Object: 'Object Repository/Факторный анализ/Применить в фильтре Дата Выручка' is clicked on

13-11-2024T09:23:43 - [MESSAGE][PASSED] - Object: 'Object Repository/Факторный анализ/Применить в фильтре Дата Выручка' is clicked on

13-11-2024T09:23:43 - [TEST_STEP][PASSED] - delay(10): Delayed 10 second(s)

13-11-2024T09:23:53 - [MESSAGE][PASSED] - Delayed 10 second(s)

13-11-2024T09:23:53 - [TEST_STEP][PASSED] - click(findTestObject("Факторный анализ/Фильтр Дата Выручка")): Object: 'Object Repository/Факторный анализ/Фильтр Дата Выручка' is clicked on

13-11-2024T09:23:54 - [MESSAGE][PASSED] - Object: 'Object Repository/Факторный анализ/Фильтр Дата Выручка' is clicked on

13-11-2024T09:23:54 - [TEST_STEP][PASSED] - click(findTestObject("Факторный анализ/Снять выделение в фильтре Дата Выручка")): Object: 'Object Repository/Факторный анализ/Снять выделение в фильтре Дата Выручка' is clicked on

13-11-2024T09:23:54 - [MESSAGE][PASSED] - Object: 'Object Repository/Факторный анализ/Снять выделение в фильтре Дата Выручка' is clicked on

13-11-2024T09:23:54 - [TEST_STEP][PASSED] - scrollToElement(findTestObject("Факторный анализ/2024 список Выручка"), 30): Scroll to object 'Object Repository/Факторный анализ/2024 список Выручка' successfully

13-11-2024T09:23:55 - [MESSAGE][PASSED] - Scroll to object 'Object Repository/Факторный анализ/2024 список Выручка' successfully

13-11-2024T09:23:55 - [TEST_STEP][PASSED] - click(findTestObject("Факторный анализ/2024 список Выручка")): Object: 'Object Repository/Факторный анализ/2024 список Выручка' is clicked on

13-11-2024T09:23:55 - [MESSAGE][PASSED] - Object: 'Object Repository/Факторный анализ/2024 список Выручка' is clicked on

13-11-2024T09:23:55 - [TEST_STEP][PASSED] - scrollToElement(findTestObject("Факторный анализ/1 квартал 2024 выбрать Выручка"), 30): Scroll to object 'Object Repository/Факторный анализ/1 квартал 2024 выбрать Выручка' successfully

13-11-2024T09:23:55 - [MESSAGE][PASSED] - Scroll to object 'Object Repository/Факторный анализ/1 квартал 2024 выбрать Выручка' successfully

13-11-2024T09:23:55 - [TEST_STEP][PASSED] - click(findTestObject("Факторный анализ/1 квартал 2024 выбрать Выручка")): Object: 'Object Repository/Факторный анализ/1 квартал 2024 выбрать Выручка' is clicked on

13-11-2024T09:23:56 - [MESSAGE][PASSED] - Object: 'Object Repository/Факторный анализ/1 квартал 2024 выбрать Выручка' is clicked on

13-11-2024T09:23:56 - [TEST_STEP][PASSED] - scrollToElement(findTestObject("Факторный анализ/2 квартал 2024 выбрать Выручка"), 30): Scroll to object 'Object Repository/Факторный анализ/2 квартал 2024 выбрать Выручка' successfully

13-11-2024T09:23:56 - [MESSAGE][PASSED] - Scroll to object 'Object Repository/Факторный анализ/2 квартал 2024 выбрать Выручка' successfully

13-11-2024T09:23:56 - [TEST_STEP][PASSED] - click(findTestObject("Факторный анализ/2 квартал 2024 выбрать Выручка"), CONTINUE_ON_FAILURE): Object: 'Object Repository/Факторный анализ/2 квартал 2024 выбрать Выручка' is clicked on

13-11-2024T09:23:57 - [MESSAGE][PASSED] - Object: 'Object Repository/Факторный анализ/2 квартал 2024 выбрать Выручка' is clicked on

13-11-2024T09:23:57 - [TEST_STEP][PASSED] - click(findTestObject("Факторный анализ/3 квартал 2024 выбрать Выручка"), CONTINUE_ON_FAILURE): Object: 'Object Repository/Факторный анализ/3 квартал 2024 выбрать Выручка' is clicked on

13-11-2024T09:23:57 - [MESSAGE][PASSED] - Object: 'Object Repository/Факторный анализ/3 квартал 2024 выбрать Выручка' is clicked on

13-11-2024T09:23:57 - [TEST_STEP][PASSED] - scrollToElement(findTestObject("Факторный анализ/Заголовок дашборда Выручка"), 30): Scroll to object 'Object Repository/Факторный анализ/Заголовок дашборда Выручка' successfully

13-11-2024T09:23:58 - [MESSAGE][PASSED] - Scroll to object 'Object Repository/Факторный анализ/Заголовок дашборда Выручка' successfully

13-11-2024T09:23:58 - [TEST_STEP][PASSED] - click(findTestObject("Факторный анализ/Применить в фильтре Дата Выручка")): Object: 'Object Repository/Факторный анализ/Применить в фильтре Дата Выручка' is clicked on

13-11-2024T09:23:58 - [MESSAGE][PASSED] - Object: 'Object Repository/Факторный анализ/Применить в фильтре Дата Выручка' is clicked on

13-11-2024T09:23:58 - [TEST_STEP][PASSED] - if (run == 1): null

13-11-2024T09:23:58 - [TEST_STEP][PASSED] - b = getText(findTestObject("Факторный анализ/Отклонения выручки по факторам Выручка")): Text of object 'Object Repository/Факторный анализ/Отклонения выручки по факторам Выручка' is: '9 9039 903
-10 841-10 841
Отклонение (объём услуг) филиал без Nan
Отклонение (средний тариф) филиал без Nan
ПАО Россети'

13-11-2024T09:24:01 - [MESSAGE][PASSED] - Text of object 'Object Repository/Факторный анализ/Отклонения выручки по факторам Выручка' is: '9 9039 903
-10 841-10 841
Отклонение (объём услуг) филиал без Nan
Отклонение (средний тариф) филиал без Nan
ПАО Россети'

13-11-2024T09:24:01 - [TEST_STEP][PASSED] - b = b.replaceAll("[\r?
|
]", "/"): null

13-11-2024T09:24:01 - [TEST_STEP][PASSED] - println("b: " + b): null

13-11-2024T09:24:01 - [TEST_STEP][PASSED] - i = b.indexOf("Отклонение"): null

13-11-2024T09:24:01 - [TEST_STEP][PASSED] - if (i > -1): null

13-11-2024T09:24:01 - [TEST_STEP][PASSED] - i = i: null

13-11-2024T09:24:01 - [TEST_STEP][PASSED] - b = substring(0, i).trim(): null

13-11-2024T09:24:01 - [TEST_STEP][PASSED] - println("b: " + b): null

13-11-2024T09:24:01 - [TEST_STEP][PASSED] - i = b.indexOf("/"): null

13-11-2024T09:24:01 - [TEST_STEP][PASSED] - if (i > -1): null

13-11-2024T09:24:01 - [TEST_STEP][PASSED] - b1 = b.substring(0, i): null

13-11-2024T09:24:01 - [TEST_STEP][PASSED] - println("b1: " + b1): null

13-11-2024T09:24:01 - [TEST_STEP][PASSED] - b2 = b.substring(b1.length() + 1, b.length()): null

13-11-2024T09:24:01 - [TEST_STEP][PASSED] - println("b2: " + b2): null

13-11-2024T09:24:01 - [TEST_STEP][PASSED] - i = b1.length() / 2: null

13-11-2024T09:24:01 - [TEST_STEP][PASSED] - if (i > -1): null

13-11-2024T09:24:01 - [TEST_STEP][PASSED] - b1 = replaceAll("\s+", "").trim(): null

13-11-2024T09:24:01 - [TEST_STEP][PASSED] - println("b1: " + b1): null

13-11-2024T09:24:01 - [TEST_STEP][PASSED] - i = b2.length() / 2: null

13-11-2024T09:24:01 - [TEST_STEP][PASSED] - if (i > -1): null

13-11-2024T09:24:01 - [TEST_STEP][PASSED] - b2 = replaceAll("\s+", "").trim(): null

13-11-2024T09:24:01 - [TEST_STEP][PASSED] - println("b2: " + b2): null

13-11-2024T09:24:01 - [TEST_STEP][PASSED] - vidget = "Отклонения выручки по факторам": null

13-11-2024T09:24:01 - [TEST_STEP][PASSED] - DZO = "ПАО Россети": null

13-11-2024T09:24:01 - [TEST_STEP][PASSED] - typeOfData = "Отклонение (объём услуг)": null

13-11-2024T09:24:01 - [TEST_STEP][PASSED] - Script1719551244403.Compare(x = a1, y = b1, run, typeOfData, otobrajeniyeDannyh, todaysDate, vidget, DZO): null

13-11-2024T09:24:01 - [TEST_STEP][FAILED] - if (verifyEqual(x, y) == true): Unable to verify equal between actual object '-355761' and expected object '9903' (Root cause: com.kms.katalon.core.exception.StepFailedException: Actual object '-355761' and expected object '9903' are not equal
	at com.kms.katalon.core.keyword.builtin.VerifyEqualKeyword$_verifyEqual_closure1.doCall(VerifyEqualKeyword.groovy:58)
	at com.kms.katalon.core.keyword.builtin.VerifyEqualKeyword$_verifyEqual_closure1.call(VerifyEqualKeyword.groovy)
	at com.kms.katalon.core.keyword.internal.KeywordMain.runKeyword(KeywordMain.groovy:75)
	at com.kms.katalon.core.keyword.builtin.VerifyEqualKeyword.verifyEqual(VerifyEqualKeyword.groovy:63)
	at com.kms.katalon.core.keyword.builtin.VerifyEqualKeyword.execute(VerifyEqualKeyword.groovy:44)
	at com.kms.katalon.core.keyword.internal.KeywordExecutor.executeKeywordForPlatform(KeywordExecutor.groovy:74)
	at com.kms.katalon.core.keyword.BuiltinKeywords.verifyEqual(BuiltinKeywords.groovy:146)
	at jdk.internal.reflect.GeneratedMethodAccessor20.invoke(Unknown Source)
	at java.base/jdk.internal.reflect.DelegatingMethodAccessorImpl.invoke(DelegatingMethodAccessorImpl.java:43)
	at Факторный анализ сверка дашбордов.Compare(Факторный анализ сверка дашбордов:658)
	at Факторный анализ сверка дашбордов.Test(Факторный анализ сверка дашбордов:422)
	at Факторный анализ сверка дашбордов.run(Факторный анализ сверка дашбордов:44)
	at com.kms.katalon.core.main.ScriptEngine.run(ScriptEngine.java:194)
	at com.kms.katalon.core.main.ScriptEngine.runScriptAsRawText(ScriptEngine.java:119)
	at com.kms.katalon.core.main.TestCaseExecutor.runScript(TestCaseExecutor.java:448)
	at com.kms.katalon.core.main.TestCaseExecutor.doExecute(TestCaseExecutor.java:439)
	at com.kms.katalon.core.main.TestCaseExecutor.processExecutionPhase(TestCaseExecutor.java:418)
	at com.kms.katalon.core.main.TestCaseExecutor.accessMainPhase(TestCaseExecutor.java:410)
	at com.kms.katalon.core.main.TestCaseExecutor.execute(TestCaseExecutor.java:285)
	at com.kms.katalon.core.common.CommonExecutor.accessTestCaseMainPhase(CommonExecutor.java:65)
	at com.kms.katalon.core.main.TestSuiteExecutor.accessTestSuiteMainPhase(TestSuiteExecutor.java:150)
	at com.kms.katalon.core.main.TestSuiteExecutor.execute(TestSuiteExecutor.java:106)
	at com.kms.katalon.core.main.TestCaseMain.startTestSuite(TestCaseMain.java:180)
	at TempTestSuite1731477613341.run(TempTestSuite1731477613341.groovy:35)
	at java.base/jdk.internal.reflect.NativeMethodAccessorImpl.invoke0(Native Method)
	at java.base/jdk.internal.reflect.NativeMethodAccessorImpl.invoke(NativeMethodAccessorImpl.java:77)
	at java.base/jdk.internal.reflect.DelegatingMethodAccessorImpl.invoke(DelegatingMethodAccessorImpl.java:43)
)

13-11-2024T09:24:01 - [MESSAGE][FAILED] - Unable to verify equal between actual object '-355761' and expected object '9903' (Root cause: com.kms.katalon.core.exception.StepFailedException: Actual object '-355761' and expected object '9903' are not equal
	at com.kms.katalon.core.keyword.builtin.VerifyEqualKeyword$_verifyEqual_closure1.doCall(VerifyEqualKeyword.groovy:58)
	at com.kms.katalon.core.keyword.builtin.VerifyEqualKeyword$_verifyEqual_closure1.call(VerifyEqualKeyword.groovy)
	at com.kms.katalon.core.keyword.internal.KeywordMain.runKeyword(KeywordMain.groovy:75)
	at com.kms.katalon.core.keyword.builtin.VerifyEqualKeyword.verifyEqual(VerifyEqualKeyword.groovy:63)
	at com.kms.katalon.core.keyword.builtin.VerifyEqualKeyword.execute(VerifyEqualKeyword.groovy:44)
	at com.kms.katalon.core.keyword.internal.KeywordExecutor.executeKeywordForPlatform(KeywordExecutor.groovy:74)
	at com.kms.katalon.core.keyword.BuiltinKeywords.verifyEqual(BuiltinKeywords.groovy:146)
	at jdk.internal.reflect.GeneratedMethodAccessor20.invoke(Unknown Source)
	at java.base/jdk.internal.reflect.DelegatingMethodAccessorImpl.invoke(DelegatingMethodAccessorImpl.java:43)
	at Факторный анализ сверка дашбордов.Compare(Факторный анализ сверка дашбордов:658)
	at Факторный анализ сверка дашбордов.Test(Факторный анализ сверка дашбордов:422)
	at Факторный анализ сверка дашбордов.run(Факторный анализ сверка дашбордов:44)
	at com.kms.katalon.core.main.ScriptEngine.run(ScriptEngine.java:194)
	at com.kms.katalon.core.main.ScriptEngine.runScriptAsRawText(ScriptEngine.java:119)
	at com.kms.katalon.core.main.TestCaseExecutor.runScript(TestCaseExecutor.java:448)
	at com.kms.katalon.core.main.TestCaseExecutor.doExecute(TestCaseExecutor.java:439)
	at com.kms.katalon.core.main.TestCaseExecutor.processExecutionPhase(TestCaseExecutor.java:418)
	at com.kms.katalon.core.main.TestCaseExecutor.accessMainPhase(TestCaseExecutor.java:410)
	at com.kms.katalon.core.main.TestCaseExecutor.execute(TestCaseExecutor.java:285)
	at com.kms.katalon.core.common.CommonExecutor.accessTestCaseMainPhase(CommonExecutor.java:65)
	at com.kms.katalon.core.main.TestSuiteExecutor.accessTestSuiteMainPhase(TestSuiteExecutor.java:150)
	at com.kms.katalon.core.main.TestSuiteExecutor.execute(TestSuiteExecutor.java:106)
	at com.kms.katalon.core.main.TestCaseMain.startTestSuite(TestCaseMain.java:180)
	at TempTestSuite1731477613341.run(TempTestSuite1731477613341.groovy:35)
	at java.base/jdk.internal.reflect.NativeMethodAccessorImpl.invoke0(Native Method)
	at java.base/jdk.internal.reflect.NativeMethodAccessorImpl.invoke(NativeMethodAccessorImpl.java:77)
	at java.base/jdk.internal.reflect.DelegatingMethodAccessorImpl.invoke(DelegatingMethodAccessorImpl.java:43)
)

13-11-2024T09:24:01 - [TEST_STEP][PASSED] - else: null

13-11-2024T09:24:01 - [TEST_STEP][PASSED] - if (run == 1): null

13-11-2024T09:24:01 - [TEST_STEP][PASSED] - otobrajeniyeDannyh = "Филиал": null

13-11-2024T09:24:01 - [TEST_STEP][PASSED] - Script1719551244403.WriteToExcel(todaysDate, typeOfData, otobrajeniyeDannyh, x, y, vidget, DZO): null

13-11-2024T09:24:01 - [TEST_STEP][PASSED] - sheetName = "Sheet1": null

13-11-2024T09:24:01 - [TEST_STEP][PASSED] - data = findTestData("PlanFact"): null

13-11-2024T09:24:01 - [TEST_STEP][PASSED] - n = data.getRowNumbers() + 1: null

13-11-2024T09:24:01 - [TEST_STEP][PASSED] - period = getText(findTestObject("Факторный анализ/Фильтр Период")): Text of object 'Object Repository/Факторный анализ/Фильтр Период' is: '1, 2, 3 кв. 2024 года'

13-11-2024T09:24:02 - [MESSAGE][PASSED] - Text of object 'Object Repository/Факторный анализ/Фильтр Период' is: '1, 2, 3 кв. 2024 года'

13-11-2024T09:24:02 - [TEST_STEP][PASSED] - println(period): null

13-11-2024T09:24:02 - [TEST_STEP][PASSED] - dashboardName = "Факторный анализ": null

13-11-2024T09:24:02 - [TEST_STEP][PASSED] - workbook01 = getWorkbook(excelFilePath): null

13-11-2024T09:24:02 - [TEST_STEP][PASSED] - sheet01 = getExcelSheet(workbook01, sheetName): null

13-11-2024T09:24:02 - [TEST_STEP][PASSED] - setValueToCellByIndex(sheet01, n, 0, dashboardName): null

13-11-2024T09:24:02 - [TEST_STEP][PASSED] - setValueToCellByIndex(sheet01, n, 1, DZO): null

13-11-2024T09:24:02 - [TEST_STEP][PASSED] - setValueToCellByIndex(sheet01, n, 2, vidget): null

13-11-2024T09:24:02 - [TEST_STEP][PASSED] - setValueToCellByIndex(sheet01, n, 3, typeOfData): null

13-11-2024T09:24:02 - [TEST_STEP][PASSED] - setValueToCellByIndex(sheet01, n, 4, otobrajeniyeDannyh): null

13-11-2024T09:24:02 - [TEST_STEP][PASSED] - setValueToCellByIndex(sheet01, n, 5, period): null

13-11-2024T09:24:02 - [TEST_STEP][PASSED] - setValueToCellByIndex(sheet01, n, 6, todaysDate): null

13-11-2024T09:24:02 - [TEST_STEP][PASSED] - n = n + 1: null

13-11-2024T09:24:02 - [TEST_STEP][PASSED] - saveWorkbook(excelFilePath, workbook01): null

13-11-2024T09:24:02 - [TEST_STEP][PASSED] - typeOfData = "Отклонение (средний тариф)": null

13-11-2024T09:24:02 - [TEST_STEP][PASSED] - Script1719551244403.Compare(x = a2, y = b2, run, typeOfData, otobrajeniyeDannyh, todaysDate, vidget, DZO): null

13-11-2024T09:24:02 - [TEST_STEP][FAILED] - if (verifyEqual(x, y) == true): Unable to verify equal between actual object '-10642' and expected object '-10841' (Root cause: com.kms.katalon.core.exception.StepFailedException: Actual object '-10642' and expected object '-10841' are not equal
	at com.kms.katalon.core.keyword.builtin.VerifyEqualKeyword$_verifyEqual_closure1.doCall(VerifyEqualKeyword.groovy:58)
	at com.kms.katalon.core.keyword.builtin.VerifyEqualKeyword$_verifyEqual_closure1.call(VerifyEqualKeyword.groovy)
	at com.kms.katalon.core.keyword.internal.KeywordMain.runKeyword(KeywordMain.groovy:75)
	at com.kms.katalon.core.keyword.builtin.VerifyEqualKeyword.verifyEqual(VerifyEqualKeyword.groovy:63)
	at com.kms.katalon.core.keyword.builtin.VerifyEqualKeyword.execute(VerifyEqualKeyword.groovy:44)
	at com.kms.katalon.core.keyword.internal.KeywordExecutor.executeKeywordForPlatform(KeywordExecutor.groovy:74)
	at com.kms.katalon.core.keyword.BuiltinKeywords.verifyEqual(BuiltinKeywords.groovy:146)
	at jdk.internal.reflect.GeneratedMethodAccessor20.invoke(Unknown Source)
	at java.base/jdk.internal.reflect.DelegatingMethodAccessorImpl.invoke(DelegatingMethodAccessorImpl.java:43)
	at Факторный анализ сверка дашбордов.Compare(Факторный анализ сверка дашбордов:658)
	at Факторный анализ сверка дашбордов.Test(Факторный анализ сверка дашбордов:426)
	at Факторный анализ сверка дашбордов.run(Факторный анализ сверка дашбордов:44)
	at com.kms.katalon.core.main.ScriptEngine.run(ScriptEngine.java:194)
	at com.kms.katalon.core.main.ScriptEngine.runScriptAsRawText(ScriptEngine.java:119)
	at com.kms.katalon.core.main.TestCaseExecutor.runScript(TestCaseExecutor.java:448)
	at com.kms.katalon.core.main.TestCaseExecutor.doExecute(TestCaseExecutor.java:439)
	at com.kms.katalon.core.main.TestCaseExecutor.processExecutionPhase(TestCaseExecutor.java:418)
	at com.kms.katalon.core.main.TestCaseExecutor.accessMainPhase(TestCaseExecutor.java:410)
	at com.kms.katalon.core.main.TestCaseExecutor.execute(TestCaseExecutor.java:285)
	at com.kms.katalon.core.common.CommonExecutor.accessTestCaseMainPhase(CommonExecutor.java:65)
	at com.kms.katalon.core.main.TestSuiteExecutor.accessTestSuiteMainPhase(TestSuiteExecutor.java:150)
	at com.kms.katalon.core.main.TestSuiteExecutor.execute(TestSuiteExecutor.java:106)
	at com.kms.katalon.core.main.TestCaseMain.startTestSuite(TestCaseMain.java:180)
	at TempTestSuite1731477613341.run(TempTestSuite1731477613341.groovy:35)
	at java.base/jdk.internal.reflect.NativeMethodAccessorImpl.invoke0(Native Method)
	at java.base/jdk.internal.reflect.NativeMethodAccessorImpl.invoke(NativeMethodAccessorImpl.java:77)
	at java.base/jdk.internal.reflect.DelegatingMethodAccessorImpl.invoke(DelegatingMethodAccessorImpl.java:43)
)

13-11-2024T09:24:02 - [MESSAGE][FAILED] - Unable to verify equal between actual object '-10642' and expected object '-10841' (Root cause: com.kms.katalon.core.exception.StepFailedException: Actual object '-10642' and expected object '-10841' are not equal
	at com.kms.katalon.core.keyword.builtin.VerifyEqualKeyword$_verifyEqual_closure1.doCall(VerifyEqualKeyword.groovy:58)
	at com.kms.katalon.core.keyword.builtin.VerifyEqualKeyword$_verifyEqual_closure1.call(VerifyEqualKeyword.groovy)
	at com.kms.katalon.core.keyword.internal.KeywordMain.runKeyword(KeywordMain.groovy:75)
	at com.kms.katalon.core.keyword.builtin.VerifyEqualKeyword.verifyEqual(VerifyEqualKeyword.groovy:63)
	at com.kms.katalon.core.keyword.builtin.VerifyEqualKeyword.execute(VerifyEqualKeyword.groovy:44)
	at com.kms.katalon.core.keyword.internal.KeywordExecutor.executeKeywordForPlatform(KeywordExecutor.groovy:74)
	at com.kms.katalon.core.keyword.BuiltinKeywords.verifyEqual(BuiltinKeywords.groovy:146)
	at jdk.internal.reflect.GeneratedMethodAccessor20.invoke(Unknown Source)
	at java.base/jdk.internal.reflect.DelegatingMethodAccessorImpl.invoke(DelegatingMethodAccessorImpl.java:43)
	at Факторный анализ сверка дашбордов.Compare(Факторный анализ сверка дашбордов:658)
	at Факторный анализ сверка дашбордов.Test(Факторный анализ сверка дашбордов:426)
	at Факторный анализ сверка дашбордов.run(Факторный анализ сверка дашбордов:44)
	at com.kms.katalon.core.main.ScriptEngine.run(ScriptEngine.java:194)
	at com.kms.katalon.core.main.ScriptEngine.runScriptAsRawText(ScriptEngine.java:119)
	at com.kms.katalon.core.main.TestCaseExecutor.runScript(TestCaseExecutor.java:448)
	at com.kms.katalon.core.main.TestCaseExecutor.doExecute(TestCaseExecutor.java:439)
	at com.kms.katalon.core.main.TestCaseExecutor.processExecutionPhase(TestCaseExecutor.java:418)
	at com.kms.katalon.core.main.TestCaseExecutor.accessMainPhase(TestCaseExecutor.java:410)
	at com.kms.katalon.core.main.TestCaseExecutor.execute(TestCaseExecutor.java:285)
	at com.kms.katalon.core.common.CommonExecutor.accessTestCaseMainPhase(CommonExecutor.java:65)
	at com.kms.katalon.core.main.TestSuiteExecutor.accessTestSuiteMainPhase(TestSuiteExecutor.java:150)
	at com.kms.katalon.core.main.TestSuiteExecutor.execute(TestSuiteExecutor.java:106)
	at com.kms.katalon.core.main.TestCaseMain.startTestSuite(TestCaseMain.java:180)
	at TempTestSuite1731477613341.run(TempTestSuite1731477613341.groovy:35)
	at java.base/jdk.internal.reflect.NativeMethodAccessorImpl.invoke0(Native Method)
	at java.base/jdk.internal.reflect.NativeMethodAccessorImpl.invoke(NativeMethodAccessorImpl.java:77)
	at java.base/jdk.internal.reflect.DelegatingMethodAccessorImpl.invoke(DelegatingMethodAccessorImpl.java:43)
)

13-11-2024T09:24:02 - [TEST_STEP][PASSED] - else: null

13-11-2024T09:24:02 - [TEST_STEP][PASSED] - if (run == 1): null

13-11-2024T09:24:02 - [TEST_STEP][PASSED] - otobrajeniyeDannyh = "Филиал": null

13-11-2024T09:24:02 - [TEST_STEP][PASSED] - Script1719551244403.WriteToExcel(todaysDate, typeOfData, otobrajeniyeDannyh, x, y, vidget, DZO): null

13-11-2024T09:24:02 - [TEST_STEP][PASSED] - sheetName = "Sheet1": null

13-11-2024T09:24:02 - [TEST_STEP][PASSED] - data = findTestData("PlanFact"): null

13-11-2024T09:24:02 - [TEST_STEP][PASSED] - n = data.getRowNumbers() + 1: null

13-11-2024T09:24:02 - [TEST_STEP][PASSED] - period = getText(findTestObject("Факторный анализ/Фильтр Период")): Text of object 'Object Repository/Факторный анализ/Фильтр Период' is: '1, 2, 3 кв. 2024 года'

13-11-2024T09:24:02 - [MESSAGE][PASSED] - Text of object 'Object Repository/Факторный анализ/Фильтр Период' is: '1, 2, 3 кв. 2024 года'

13-11-2024T09:24:02 - [TEST_STEP][PASSED] - println(period): null

13-11-2024T09:24:02 - [TEST_STEP][PASSED] - dashboardName = "Факторный анализ": null

13-11-2024T09:24:02 - [TEST_STEP][PASSED] - workbook01 = getWorkbook(excelFilePath): null

13-11-2024T09:24:03 - [TEST_STEP][PASSED] - sheet01 = getExcelSheet(workbook01, sheetName): null

13-11-2024T09:24:03 - [TEST_STEP][PASSED] - setValueToCellByIndex(sheet01, n, 0, dashboardName): null

13-11-2024T09:24:03 - [TEST_STEP][PASSED] - setValueToCellByIndex(sheet01, n, 1, DZO): null

13-11-2024T09:24:03 - [TEST_STEP][PASSED] - setValueToCellByIndex(sheet01, n, 2, vidget): null

13-11-2024T09:24:03 - [TEST_STEP][PASSED] - setValueToCellByIndex(sheet01, n, 3, typeOfData): null

13-11-2024T09:24:03 - [TEST_STEP][PASSED] - setValueToCellByIndex(sheet01, n, 4, otobrajeniyeDannyh): null

13-11-2024T09:24:03 - [TEST_STEP][PASSED] - setValueToCellByIndex(sheet01, n, 5, period): null

13-11-2024T09:24:03 - [TEST_STEP][PASSED] - setValueToCellByIndex(sheet01, n, 6, todaysDate): null

13-11-2024T09:24:03 - [TEST_STEP][PASSED] - n = n + 1: null

13-11-2024T09:24:03 - [TEST_STEP][PASSED] - saveWorkbook(excelFilePath, workbook01): null

13-11-2024T09:24:03 - [TEST_STEP][PASSED] - tableB = getText(findTestObject("Факторный анализ/AllTable1 Выручка")).replaceAll("[\r?
|
]", "/"): Text of object 'Object Repository/Факторный анализ/AllTable1 Выручка' is: 'ДЗО
Филиал
Отклонение (объём услуг) филиал без Nan
Отклонение (средний тариф) филиал без Nan
АО «Тываэнерго» АО "Тываэнерго" 276 -37
АО «Чеченэнерго» АО «Чеченэнерго» 54 14
Россети Волга Мордовэнерго 169 -86
Оренбургэнерго 532 - 162
Пензаэнерго 259 -72
Самарские РС 395 -1 024
Саратовские РС 428 - 443
Ульяновские РС 231 - 201
Чувашэнерго - 126 126
Россети Кубань Кубаньэнерго 3 229 241
Россети Ленэнерго (ГК) Ленинградская область 1 191 598
г. Санкт-Петербург 2 106 -39
Россети Московский регион Московская область 4 566 - 535
г. Москва 2 812 57
Россети Северный Кавказ (ГК) Дагестанская энергосбытовая компания 0 0
Дагэнерго - 462 480
Ингушэнерго - 185 100
Каббалкэнерго 212 26
Карачаево-Черкесскэнерго 111 -9
Севкавказэнерго - 316 125
Ставропольэнерго 289 - 222
Россети Северо-Запад Архангельский филиал 63 -80
Вологодский филиал 229 -6
Карельский филиал -21 160
Мурманский филиал 102 64
Новгородский филиал 207 -40
Псковский филиал 146 -18
филиал в Республике Коми 10 23
Россети Сибирь (ГК) Алтайэнерго 275 275
Бурятэнерго -95 298
ГАЭС 114 -15
Красноярскэнерго 1 087 - 413
Кузбассэнерго-РЭС 329 205
Омскэнерго 127 - 112
Хакасэнерго 327 - 363
Читаэнерго -44 120
Россети Томск Томская распределительная компания 338 - 125
Россети Тюмень Россети Тюмень -3 853 - 459
Россети Урал (ГК) Пермэнерго 594 - 218
Свердловэнерго 805 233
Челябэнерго 973 - 671
Россети ФСК ЕЭС Итого по ФСК ЕЭС -16 312 -8 781
Россети Центр Белгородэнерго 299 111
Брянскэнерго 73 22
Воронежэнерго 602 133
Костромаэнерго 83 2
Курскэнерго 96 86
Липецкэнерго 731 - 322
Орелэнерго 148 -21
Смоленскэнерго 64 35
Тамбовэнерго 276 -4
Тверьэнерго 319 127
Ярэнерго 545 4
Россети Центр и Приволжье (ГК) Владимирэнерго 517 49
Ивэнерго 169 40
Калугаэнерго 558 -42
Кировэнерго 403 0
Мариэнерго 144 19
Нижновэнерго 658 231
Рязаньэнерго 259 47
Тулэнерго 733 - 209
Удмуртэнерго 294 3
Россети Юг (ГК) АО «ВМЭС» 153 41
Астраханьэнерго 73 90
Волгоградэнерго 392 - 310
Калмэнерго 58 -5
Ростовэнерго 779 44
Россети Янтарь Россети Янтарь 305 -28'

13-11-2024T09:24:03 - [MESSAGE][PASSED] - Text of object 'Object Repository/Факторный анализ/AllTable1 Выручка' is: 'ДЗО
Филиал
Отклонение (объём услуг) филиал без Nan
Отклонение (средний тариф) филиал без Nan
АО «Тываэнерго» АО "Тываэнерго" 276 -37
АО «Чеченэнерго» АО «Чеченэнерго» 54 14
Россети Волга Мордовэнерго 169 -86
Оренбургэнерго 532 - 162
Пензаэнерго 259 -72
Самарские РС 395 -1 024
Саратовские РС 428 - 443
Ульяновские РС 231 - 201
Чувашэнерго - 126 126
Россети Кубань Кубаньэнерго 3 229 241
Россети Ленэнерго (ГК) Ленинградская область 1 191 598
г. Санкт-Петербург 2 106 -39
Россети Московский регион Московская область 4 566 - 535
г. Москва 2 812 57
Россети Северный Кавказ (ГК) Дагестанская энергосбытовая компания 0 0
Дагэнерго - 462 480
Ингушэнерго - 185 100
Каббалкэнерго 212 26
Карачаево-Черкесскэнерго 111 -9
Севкавказэнерго - 316 125
Ставропольэнерго 289 - 222
Россети Северо-Запад Архангельский филиал 63 -80
Вологодский филиал 229 -6
Карельский филиал -21 160
Мурманский филиал 102 64
Новгородский филиал 207 -40
Псковский филиал 146 -18
филиал в Республике Коми 10 23
Россети Сибирь (ГК) Алтайэнерго 275 275
Бурятэнерго -95 298
ГАЭС 114 -15
Красноярскэнерго 1 087 - 413
Кузбассэнерго-РЭС 329 205
Омскэнерго 127 - 112
Хакасэнерго 327 - 363
Читаэнерго -44 120
Россети Томск Томская распределительная компания 338 - 125
Россети Тюмень Россети Тюмень -3 853 - 459
Россети Урал (ГК) Пермэнерго 594 - 218
Свердловэнерго 805 233
Челябэнерго 973 - 671
Россети ФСК ЕЭС Итого по ФСК ЕЭС -16 312 -8 781
Россети Центр Белгородэнерго 299 111
Брянскэнерго 73 22
Воронежэнерго 602 133
Костромаэнерго 83 2
Курскэнерго 96 86
Липецкэнерго 731 - 322
Орелэнерго 148 -21
Смоленскэнерго 64 35
Тамбовэнерго 276 -4
Тверьэнерго 319 127
Ярэнерго 545 4
Россети Центр и Приволжье (ГК) Владимирэнерго 517 49
Ивэнерго 169 40
Калугаэнерго 558 -42
Кировэнерго 403 0
Мариэнерго 144 19
Нижновэнерго 658 231
Рязаньэнерго 259 47
Тулэнерго 733 - 209
Удмуртэнерго 294 3
Россети Юг (ГК) АО «ВМЭС» 153 41
Астраханьэнерго 73 90
Волгоградэнерго 392 - 310
Калмэнерго 58 -5
Ростовэнерго 779 44
Россети Янтарь Россети Янтарь 305 -28'

13-11-2024T09:24:03 - [TEST_STEP][PASSED] - println("tableB: " + tableB): null

13-11-2024T09:24:03 - [TEST_STEP][PASSED] - for ([i = 1, i < 5, (i++)]): null

13-11-2024T09:24:03 - [TEST_STEP][PASSED] - ii = tableB.indexOf("/") + 1: null

13-11-2024T09:24:03 - [TEST_STEP][PASSED] - tableB = tableB.substring(ii, tableB.length()): null

13-11-2024T09:24:03 - [TEST_STEP][PASSED] - ii = tableB.indexOf("/") + 1: null

13-11-2024T09:24:03 - [TEST_STEP][PASSED] - tableB = tableB.substring(ii, tableB.length()): null

13-11-2024T09:24:03 - [TEST_STEP][PASSED] - ii = tableB.indexOf("/") + 1: null

13-11-2024T09:24:03 - [TEST_STEP][PASSED] - tableB = tableB.substring(ii, tableB.length()): null

13-11-2024T09:24:03 - [TEST_STEP][PASSED] - ii = tableB.indexOf("/") + 1: null

13-11-2024T09:24:03 - [TEST_STEP][PASSED] - tableB = tableB.substring(ii, tableB.length()): null

13-11-2024T09:24:03 - [TEST_STEP][PASSED] - println("tableB: " + tableB): null

13-11-2024T09:24:03 - [TEST_STEP][PASSED] - TyB = Script1719551244403.GetData(x = tableB): null

13-11-2024T09:24:03 - [TEST_STEP][PASSED] - i2 = <not implemented yet for class: org.codehaus.groovy.ast.expr.EmptyExpression>: null

13-11-2024T09:24:03 - [TEST_STEP][PASSED] - i2 = x.indexOf("/") + 1: null

13-11-2024T09:24:03 - [TEST_STEP][PASSED] - x = replaceAll("\p{P}", "").trim(): null

13-11-2024T09:24:03 - [TEST_STEP][PASSED] - return x: null

13-11-2024T09:24:03 - [TEST_STEP][PASSED] - println("TyB: " + TyB): null

13-11-2024T09:24:03 - [TEST_STEP][PASSED] - tableB = Script1719551244403.NewDZO(x = tableB): null

13-11-2024T09:24:03 - [TEST_STEP][PASSED] - i3 = <not implemented yet for class: org.codehaus.groovy.ast.expr.EmptyExpression>: null

13-11-2024T09:24:03 - [TEST_STEP][PASSED] - i3 = x.indexOf("/") + 1: null

13-11-2024T09:24:03 - [TEST_STEP][PASSED] - x = x.substring(i3, x.length()): null

13-11-2024T09:24:03 - [TEST_STEP][PASSED] - return x: null

13-11-2024T09:24:03 - [TEST_STEP][PASSED] - ChB = Script1719551244403.GetData(x = tableB): null

13-11-2024T09:24:03 - [TEST_STEP][PASSED] - i2 = <not implemented yet for class: org.codehaus.groovy.ast.expr.EmptyExpression>: null

13-11-2024T09:24:03 - [TEST_STEP][PASSED] - i2 = x.indexOf("/") + 1: null

13-11-2024T09:24:03 - [TEST_STEP][PASSED] - x = replaceAll("\p{P}", "").trim(): null

13-11-2024T09:24:03 - [TEST_STEP][PASSED] - return x: null

13-11-2024T09:24:03 - [TEST_STEP][PASSED] - println("ChB: " + ChB): null

13-11-2024T09:24:03 - [TEST_STEP][PASSED] - tableB = Script1719551244403.NewDZO(x = tableB): null

13-11-2024T09:24:03 - [TEST_STEP][PASSED] - i3 = <not implemented yet for class: org.codehaus.groovy.ast.expr.EmptyExpression>: null

13-11-2024T09:24:03 - [TEST_STEP][PASSED] - i3 = x.indexOf("/") + 1: null

13-11-2024T09:24:03 - [TEST_STEP][PASSED] - x = x.substring(i3, x.length()): null

13-11-2024T09:24:03 - [TEST_STEP][PASSED] - return x: null

13-11-2024T09:24:03 - [TEST_STEP][PASSED] - i = tableB.indexOf("Кубань"): null

13-11-2024T09:24:03 - [TEST_STEP][PASSED] - VB = replaceAll("\p{P}", "").trim(): null

13-11-2024T09:24:03 - [TEST_STEP][PASSED] - println("VB: " + VB): null

13-11-2024T09:24:03 - [TEST_STEP][PASSED] - for ([i = 1, i < 8, (i++)]): null

13-11-2024T09:24:03 - [TEST_STEP][PASSED] - tableB = Script1719551244403.NewDZO(x = tableB): null

13-11-2024T09:24:03 - [TEST_STEP][PASSED] - i3 = <not implemented yet for class: org.codehaus.groovy.ast.expr.EmptyExpression>: null

13-11-2024T09:24:03 - [TEST_STEP][PASSED] - i3 = x.indexOf("/") + 1: null

13-11-2024T09:24:03 - [TEST_STEP][PASSED] - x = x.substring(i3, x.length()): null

13-11-2024T09:24:03 - [TEST_STEP][PASSED] - return x: null

13-11-2024T09:24:03 - [TEST_STEP][PASSED] - tableB = Script1719551244403.NewDZO(x = tableB): null

13-11-2024T09:24:03 - [TEST_STEP][PASSED] - i3 = <not implemented yet for class: org.codehaus.groovy.ast.expr.EmptyExpression>: null

13-11-2024T09:24:03 - [TEST_STEP][PASSED] - i3 = x.indexOf("/") + 1: null

13-11-2024T09:24:03 - [TEST_STEP][PASSED] - x = x.substring(i3, x.length()): null

13-11-2024T09:24:03 - [TEST_STEP][PASSED] - return x: null

13-11-2024T09:24:03 - [TEST_STEP][PASSED] - tableB = Script1719551244403.NewDZO(x = tableB): null

13-11-2024T09:24:03 - [TEST_STEP][PASSED] - i3 = <not implemented yet for class: org.codehaus.groovy.ast.expr.EmptyExpression>: null

13-11-2024T09:24:03 - [TEST_STEP][PASSED] - i3 = x.indexOf("/") + 1: null

13-11-2024T09:24:03 - [TEST_STEP][PASSED] - x = x.substring(i3, x.length()): null

13-11-2024T09:24:03 - [TEST_STEP][PASSED] - return x: null

13-11-2024T09:24:03 - [TEST_STEP][PASSED] - tableB = Script1719551244403.NewDZO(x = tableB): null

13-11-2024T09:24:03 - [TEST_STEP][PASSED] - i3 = <not implemented yet for class: org.codehaus.groovy.ast.expr.EmptyExpression>: null

13-11-2024T09:24:03 - [TEST_STEP][PASSED] - i3 = x.indexOf("/") + 1: null

13-11-2024T09:24:03 - [TEST_STEP][PASSED] - x = x.substring(i3, x.length()): null

13-11-2024T09:24:03 - [TEST_STEP][PASSED] - return x: null

13-11-2024T09:24:03 - [TEST_STEP][PASSED] - tableB = Script1719551244403.NewDZO(x = tableB): null

13-11-2024T09:24:03 - [TEST_STEP][PASSED] - i3 = <not implemented yet for class: org.codehaus.groovy.ast.expr.EmptyExpression>: null

13-11-2024T09:24:03 - [TEST_STEP][PASSED] - i3 = x.indexOf("/") + 1: null

13-11-2024T09:24:03 - [TEST_STEP][PASSED] - x = x.substring(i3, x.length()): null

13-11-2024T09:24:03 - [TEST_STEP][PASSED] - return x: null

13-11-2024T09:24:03 - [TEST_STEP][PASSED] - tableB = Script1719551244403.NewDZO(x = tableB): null

13-11-2024T09:24:03 - [TEST_STEP][PASSED] - i3 = <not implemented yet for class: org.codehaus.groovy.ast.expr.EmptyExpression>: null

13-11-2024T09:24:03 - [TEST_STEP][PASSED] - i3 = x.indexOf("/") + 1: null

13-11-2024T09:24:03 - [TEST_STEP][PASSED] - x = x.substring(i3, x.length()): null

13-11-2024T09:24:03 - [TEST_STEP][PASSED] - return x: null

13-11-2024T09:24:03 - [TEST_STEP][PASSED] - tableB = Script1719551244403.NewDZO(x = tableB): null

13-11-2024T09:24:03 - [TEST_STEP][PASSED] - i3 = <not implemented yet for class: org.codehaus.groovy.ast.expr.EmptyExpression>: null

13-11-2024T09:24:03 - [TEST_STEP][PASSED] - i3 = x.indexOf("/") + 1: null

13-11-2024T09:24:03 - [TEST_STEP][PASSED] - x = x.substring(i3, x.length()): null

13-11-2024T09:24:03 - [TEST_STEP][PASSED] - return x: null

13-11-2024T09:24:03 - [TEST_STEP][PASSED] - i = tableB.indexOf("Ленэнерго"): null

13-11-2024T09:24:03 - [TEST_STEP][PASSED] - KuB = Script1719551244403.GetData(x = tableB): null

13-11-2024T09:24:03 - [TEST_STEP][PASSED] - i2 = <not implemented yet for class: org.codehaus.groovy.ast.expr.EmptyExpression>: null

13-11-2024T09:24:03 - [TEST_STEP][PASSED] - i2 = x.indexOf("/") + 1: null

13-11-2024T09:24:03 - [TEST_STEP][PASSED] - x = replaceAll("\p{P}", "").trim(): null

13-11-2024T09:24:03 - [TEST_STEP][PASSED] - return x: null

13-11-2024T09:24:03 - [TEST_STEP][PASSED] - println("KuB: " + KuB): null

13-11-2024T09:24:03 - [TEST_STEP][PASSED] - tableB = Script1719551244403.NewDZO(x = tableB): null

13-11-2024T09:24:03 - [TEST_STEP][PASSED] - i3 = <not implemented yet for class: org.codehaus.groovy.ast.expr.EmptyExpression>: null

13-11-2024T09:24:03 - [TEST_STEP][PASSED] - i3 = x.indexOf("/") + 1: null

13-11-2024T09:24:03 - [TEST_STEP][PASSED] - x = x.substring(i3, x.length()): null

13-11-2024T09:24:03 - [TEST_STEP][PASSED] - return x: null

13-11-2024T09:24:03 - [TEST_STEP][PASSED] - i = tableB.indexOf("Московский"): null

13-11-2024T09:24:03 - [TEST_STEP][PASSED] - LenB = replaceAll("\p{P}", "").trim(): null

13-11-2024T09:24:03 - [TEST_STEP][PASSED] - println("LenB: " + LenB): null

13-11-2024T09:24:03 - [TEST_STEP][PASSED] - tableB = Script1719551244403.NewDZO(x = tableB): null

13-11-2024T09:24:03 - [TEST_STEP][PASSED] - i3 = <not implemented yet for class: org.codehaus.groovy.ast.expr.EmptyExpression>: null

13-11-2024T09:24:03 - [TEST_STEP][PASSED] - i3 = x.indexOf("/") + 1: null

13-11-2024T09:24:03 - [TEST_STEP][PASSED] - x = x.substring(i3, x.length()): null

13-11-2024T09:24:03 - [TEST_STEP][PASSED] - return x: null

13-11-2024T09:24:03 - [TEST_STEP][PASSED] - tableB = Script1719551244403.NewDZO(x = tableB): null

13-11-2024T09:24:03 - [TEST_STEP][PASSED] - i3 = <not implemented yet for class: org.codehaus.groovy.ast.expr.EmptyExpression>: null

13-11-2024T09:24:03 - [TEST_STEP][PASSED] - i3 = x.indexOf("/") + 1: null

13-11-2024T09:24:03 - [TEST_STEP][PASSED] - x = x.substring(i3, x.length()): null

13-11-2024T09:24:03 - [TEST_STEP][PASSED] - return x: null

13-11-2024T09:24:03 - [TEST_STEP][PASSED] - i = tableB.indexOf("Кавказ"): null

13-11-2024T09:24:03 - [TEST_STEP][PASSED] - MosB = replaceAll("\p{P}", "").trim(): null

13-11-2024T09:24:03 - [TEST_STEP][PASSED] - println("MosB: " + MosB): null

13-11-2024T09:24:03 - [TEST_STEP][PASSED] - for ([i = 1, i < 3, (i++)]): null

13-11-2024T09:24:03 - [TEST_STEP][PASSED] - tableB = Script1719551244403.NewDZO(x = tableB): null

13-11-2024T09:24:03 - [TEST_STEP][PASSED] - i3 = <not implemented yet for class: org.codehaus.groovy.ast.expr.EmptyExpression>: null

13-11-2024T09:24:03 - [TEST_STEP][PASSED] - i3 = x.indexOf("/") + 1: null

13-11-2024T09:24:03 - [TEST_STEP][PASSED] - x = x.substring(i3, x.length()): null

13-11-2024T09:24:03 - [TEST_STEP][PASSED] - return x: null

13-11-2024T09:24:03 - [TEST_STEP][PASSED] - tableB = Script1719551244403.NewDZO(x = tableB): null

13-11-2024T09:24:03 - [TEST_STEP][PASSED] - i3 = <not implemented yet for class: org.codehaus.groovy.ast.expr.EmptyExpression>: null

13-11-2024T09:24:03 - [TEST_STEP][PASSED] - i3 = x.indexOf("/") + 1: null

13-11-2024T09:24:03 - [TEST_STEP][PASSED] - x = x.substring(i3, x.length()): null

13-11-2024T09:24:03 - [TEST_STEP][PASSED] - return x: null

13-11-2024T09:24:03 - [TEST_STEP][PASSED] - i = tableB.indexOf("Запад"): null

13-11-2024T09:24:03 - [TEST_STEP][PASSED] - SKB = replaceAll("\p{P}", "").trim(): null

13-11-2024T09:24:03 - [TEST_STEP][PASSED] - println("SKB: " + SKB): null

13-11-2024T09:24:03 - [TEST_STEP][PASSED] - for ([i = 1, i < 7, (i++)]): null

13-11-2024T09:24:03 - [TEST_STEP][PASSED] - tableB = Script1719551244403.NewDZO(x = tableB): null

13-11-2024T09:24:03 - [TEST_STEP][PASSED] - i3 = <not implemented yet for class: org.codehaus.groovy.ast.expr.EmptyExpression>: null

13-11-2024T09:24:03 - [TEST_STEP][PASSED] - i3 = x.indexOf("/") + 1: null

13-11-2024T09:24:03 - [TEST_STEP][PASSED] - x = x.substring(i3, x.length()): null

13-11-2024T09:24:03 - [TEST_STEP][PASSED] - return x: null

13-11-2024T09:24:03 - [TEST_STEP][PASSED] - tableB = Script1719551244403.NewDZO(x = tableB): null

13-11-2024T09:24:03 - [TEST_STEP][PASSED] - i3 = <not implemented yet for class: org.codehaus.groovy.ast.expr.EmptyExpression>: null

13-11-2024T09:24:03 - [TEST_STEP][PASSED] - i3 = x.indexOf("/") + 1: null

13-11-2024T09:24:03 - [TEST_STEP][PASSED] - x = x.substring(i3, x.length()): null

13-11-2024T09:24:03 - [TEST_STEP][PASSED] - return x: null

13-11-2024T09:24:03 - [TEST_STEP][PASSED] - tableB = Script1719551244403.NewDZO(x = tableB): null

13-11-2024T09:24:03 - [TEST_STEP][PASSED] - i3 = <not implemented yet for class: org.codehaus.groovy.ast.expr.EmptyExpression>: null

13-11-2024T09:24:03 - [TEST_STEP][PASSED] - i3 = x.indexOf("/") + 1: null

13-11-2024T09:24:03 - [TEST_STEP][PASSED] - x = x.substring(i3, x.length()): null

13-11-2024T09:24:03 - [TEST_STEP][PASSED] - return x: null

13-11-2024T09:24:03 - [TEST_STEP][PASSED] - tableB = Script1719551244403.NewDZO(x = tableB): null

13-11-2024T09:24:03 - [TEST_STEP][PASSED] - i3 = <not implemented yet for class: org.codehaus.groovy.ast.expr.EmptyExpression>: null

13-11-2024T09:24:03 - [TEST_STEP][PASSED] - i3 = x.indexOf("/") + 1: null

13-11-2024T09:24:03 - [TEST_STEP][PASSED] - x = x.substring(i3, x.length()): null

13-11-2024T09:24:03 - [TEST_STEP][PASSED] - return x: null

13-11-2024T09:24:03 - [TEST_STEP][PASSED] - tableB = Script1719551244403.NewDZO(x = tableB): null

13-11-2024T09:24:03 - [TEST_STEP][PASSED] - i3 = <not implemented yet for class: org.codehaus.groovy.ast.expr.EmptyExpression>: null

13-11-2024T09:24:03 - [TEST_STEP][PASSED] - i3 = x.indexOf("/") + 1: null

13-11-2024T09:24:03 - [TEST_STEP][PASSED] - x = x.substring(i3, x.length()): null

13-11-2024T09:24:03 - [TEST_STEP][PASSED] - return x: null

13-11-2024T09:24:03 - [TEST_STEP][PASSED] - tableB = Script1719551244403.NewDZO(x = tableB): null

13-11-2024T09:24:03 - [TEST_STEP][PASSED] - i3 = <not implemented yet for class: org.codehaus.groovy.ast.expr.EmptyExpression>: null

13-11-2024T09:24:03 - [TEST_STEP][PASSED] - i3 = x.indexOf("/") + 1: null

13-11-2024T09:24:03 - [TEST_STEP][PASSED] - x = x.substring(i3, x.length()): null

13-11-2024T09:24:03 - [TEST_STEP][PASSED] - return x: null

13-11-2024T09:24:03 - [TEST_STEP][PASSED] - i = tableB.indexOf("Сибирь"): null

13-11-2024T09:24:03 - [TEST_STEP][PASSED] - SZB = replaceAll("\p{P}", "").trim(): null

13-11-2024T09:24:03 - [TEST_STEP][PASSED] - println("SZB: " + SZB): null

13-11-2024T09:24:03 - [TEST_STEP][PASSED] - for ([i = 1, i < 8, (i++)]): null

13-11-2024T09:24:03 - [TEST_STEP][PASSED] - tableB = Script1719551244403.NewDZO(x = tableB): null

13-11-2024T09:24:03 - [TEST_STEP][PASSED] - i3 = <not implemented yet for class: org.codehaus.groovy.ast.expr.EmptyExpression>: null

13-11-2024T09:24:03 - [TEST_STEP][PASSED] - i3 = x.indexOf("/") + 1: null

13-11-2024T09:24:03 - [TEST_STEP][PASSED] - x = x.substring(i3, x.length()): null

13-11-2024T09:24:03 - [TEST_STEP][PASSED] - return x: null

13-11-2024T09:24:03 - [TEST_STEP][PASSED] - tableB = Script1719551244403.NewDZO(x = tableB): null

13-11-2024T09:24:03 - [TEST_STEP][PASSED] - i3 = <not implemented yet for class: org.codehaus.groovy.ast.expr.EmptyExpression>: null

13-11-2024T09:24:03 - [TEST_STEP][PASSED] - i3 = x.indexOf("/") + 1: null

13-11-2024T09:24:03 - [TEST_STEP][PASSED] - x = x.substring(i3, x.length()): null

13-11-2024T09:24:03 - [TEST_STEP][PASSED] - return x: null

13-11-2024T09:24:03 - [TEST_STEP][PASSED] - tableB = Script1719551244403.NewDZO(x = tableB): null

13-11-2024T09:24:03 - [TEST_STEP][PASSED] - i3 = <not implemented yet for class: org.codehaus.groovy.ast.expr.EmptyExpression>: null

13-11-2024T09:24:03 - [TEST_STEP][PASSED] - i3 = x.indexOf("/") + 1: null

13-11-2024T09:24:03 - [TEST_STEP][PASSED] - x = x.substring(i3, x.length()): null

13-11-2024T09:24:03 - [TEST_STEP][PASSED] - return x: null

13-11-2024T09:24:03 - [TEST_STEP][PASSED] - tableB = Script1719551244403.NewDZO(x = tableB): null

13-11-2024T09:24:03 - [TEST_STEP][PASSED] - i3 = <not implemented yet for class: org.codehaus.groovy.ast.expr.EmptyExpression>: null

13-11-2024T09:24:03 - [TEST_STEP][PASSED] - i3 = x.indexOf("/") + 1: null

13-11-2024T09:24:03 - [TEST_STEP][PASSED] - x = x.substring(i3, x.length()): null

13-11-2024T09:24:03 - [TEST_STEP][PASSED] - return x: null

13-11-2024T09:24:03 - [TEST_STEP][PASSED] - tableB = Script1719551244403.NewDZO(x = tableB): null

13-11-2024T09:24:03 - [TEST_STEP][PASSED] - i3 = <not implemented yet for class: org.codehaus.groovy.ast.expr.EmptyExpression>: null

13-11-2024T09:24:03 - [TEST_STEP][PASSED] - i3 = x.indexOf("/") + 1: null

13-11-2024T09:24:03 - [TEST_STEP][PASSED] - x = x.substring(i3, x.length()): null

13-11-2024T09:24:03 - [TEST_STEP][PASSED] - return x: null

13-11-2024T09:24:03 - [TEST_STEP][PASSED] - tableB = Script1719551244403.NewDZO(x = tableB): null

13-11-2024T09:24:03 - [TEST_STEP][PASSED] - i3 = <not implemented yet for class: org.codehaus.groovy.ast.expr.EmptyExpression>: null

13-11-2024T09:24:03 - [TEST_STEP][PASSED] - i3 = x.indexOf("/") + 1: null

13-11-2024T09:24:03 - [TEST_STEP][PASSED] - x = x.substring(i3, x.length()): null

13-11-2024T09:24:03 - [TEST_STEP][PASSED] - return x: null

13-11-2024T09:24:03 - [TEST_STEP][PASSED] - tableB = Script1719551244403.NewDZO(x = tableB): null

13-11-2024T09:24:03 - [TEST_STEP][PASSED] - i3 = <not implemented yet for class: org.codehaus.groovy.ast.expr.EmptyExpression>: null

13-11-2024T09:24:03 - [TEST_STEP][PASSED] - i3 = x.indexOf("/") + 1: null

13-11-2024T09:24:03 - [TEST_STEP][PASSED] - x = x.substring(i3, x.length()): null

13-11-2024T09:24:03 - [TEST_STEP][PASSED] - return x: null

13-11-2024T09:24:03 - [TEST_STEP][PASSED] - i = tableB.indexOf("Томск"): null

13-11-2024T09:24:03 - [TEST_STEP][PASSED] - SiB = replaceAll("\p{P}", "").trim(): null

13-11-2024T09:24:03 - [TEST_STEP][PASSED] - println("SiB: " + SiB): null

13-11-2024T09:24:03 - [TEST_STEP][PASSED] - for ([i = 1, i < 9, (i++)]): null

13-11-2024T09:24:03 - [TEST_STEP][PASSED] - tableB = Script1719551244403.NewDZO(x = tableB): null

13-11-2024T09:24:03 - [TEST_STEP][PASSED] - i3 = <not implemented yet for class: org.codehaus.groovy.ast.expr.EmptyExpression>: null

13-11-2024T09:24:03 - [TEST_STEP][PASSED] - i3 = x.indexOf("/") + 1: null

13-11-2024T09:24:03 - [TEST_STEP][PASSED] - x = x.substring(i3, x.length()): null

13-11-2024T09:24:03 - [TEST_STEP][PASSED] - return x: null

13-11-2024T09:24:03 - [TEST_STEP][PASSED] - tableB = Script1719551244403.NewDZO(x = tableB): null

13-11-2024T09:24:03 - [TEST_STEP][PASSED] - i3 = <not implemented yet for class: org.codehaus.groovy.ast.expr.EmptyExpression>: null

13-11-2024T09:24:03 - [TEST_STEP][PASSED] - i3 = x.indexOf("/") + 1: null

13-11-2024T09:24:03 - [TEST_STEP][PASSED] - x = x.substring(i3, x.length()): null

13-11-2024T09:24:03 - [TEST_STEP][PASSED] - return x: null

13-11-2024T09:24:03 - [TEST_STEP][PASSED] - tableB = Script1719551244403.NewDZO(x = tableB): null

13-11-2024T09:24:03 - [TEST_STEP][PASSED] - i3 = <not implemented yet for class: org.codehaus.groovy.ast.expr.EmptyExpression>: null

13-11-2024T09:24:03 - [TEST_STEP][PASSED] - i3 = x.indexOf("/") + 1: null

13-11-2024T09:24:03 - [TEST_STEP][PASSED] - x = x.substring(i3, x.length()): null

13-11-2024T09:24:03 - [TEST_STEP][PASSED] - return x: null

13-11-2024T09:24:03 - [TEST_STEP][PASSED] - tableB = Script1719551244403.NewDZO(x = tableB): null

13-11-2024T09:24:03 - [TEST_STEP][PASSED] - i3 = <not implemented yet for class: org.codehaus.groovy.ast.expr.EmptyExpression>: null

13-11-2024T09:24:03 - [TEST_STEP][PASSED] - i3 = x.indexOf("/") + 1: null

13-11-2024T09:24:03 - [TEST_STEP][PASSED] - x = x.substring(i3, x.length()): null

13-11-2024T09:24:03 - [TEST_STEP][PASSED] - return x: null

13-11-2024T09:24:03 - [TEST_STEP][PASSED] - tableB = Script1719551244403.NewDZO(x = tableB): null

13-11-2024T09:24:03 - [TEST_STEP][PASSED] - i3 = <not implemented yet for class: org.codehaus.groovy.ast.expr.EmptyExpression>: null

13-11-2024T09:24:03 - [TEST_STEP][PASSED] - i3 = x.indexOf("/") + 1: null

13-11-2024T09:24:03 - [TEST_STEP][PASSED] - x = x.substring(i3, x.length()): null

13-11-2024T09:24:03 - [TEST_STEP][PASSED] - return x: null

13-11-2024T09:24:03 - [TEST_STEP][PASSED] - tableB = Script1719551244403.NewDZO(x = tableB): null

13-11-2024T09:24:03 - [TEST_STEP][PASSED] - i3 = <not implemented yet for class: org.codehaus.groovy.ast.expr.EmptyExpression>: null

13-11-2024T09:24:03 - [TEST_STEP][PASSED] - i3 = x.indexOf("/") + 1: null

13-11-2024T09:24:03 - [TEST_STEP][PASSED] - x = x.substring(i3, x.length()): null

13-11-2024T09:24:03 - [TEST_STEP][PASSED] - return x: null

13-11-2024T09:24:03 - [TEST_STEP][PASSED] - tableB = Script1719551244403.NewDZO(x = tableB): null

13-11-2024T09:24:03 - [TEST_STEP][PASSED] - i3 = <not implemented yet for class: org.codehaus.groovy.ast.expr.EmptyExpression>: null

13-11-2024T09:24:03 - [TEST_STEP][PASSED] - i3 = x.indexOf("/") + 1: null

13-11-2024T09:24:03 - [TEST_STEP][PASSED] - x = x.substring(i3, x.length()): null

13-11-2024T09:24:03 - [TEST_STEP][PASSED] - return x: null

13-11-2024T09:24:03 - [TEST_STEP][PASSED] - tableB = Script1719551244403.NewDZO(x = tableB): null

13-11-2024T09:24:03 - [TEST_STEP][PASSED] - i3 = <not implemented yet for class: org.codehaus.groovy.ast.expr.EmptyExpression>: null

13-11-2024T09:24:03 - [TEST_STEP][PASSED] - i3 = x.indexOf("/") + 1: null

13-11-2024T09:24:03 - [TEST_STEP][PASSED] - x = x.substring(i3, x.length()): null

13-11-2024T09:24:03 - [TEST_STEP][PASSED] - return x: null

13-11-2024T09:24:03 - [TEST_STEP][PASSED] - i = tableB.indexOf("Тюмень"): null

13-11-2024T09:24:03 - [TEST_STEP][PASSED] - ToB = replaceAll("\p{P}", "").trim(): null

13-11-2024T09:24:03 - [TEST_STEP][PASSED] - println("ToB: " + ToB): null

13-11-2024T09:24:03 - [TEST_STEP][PASSED] - tableB = Script1719551244403.NewDZO(x = tableB): null

13-11-2024T09:24:03 - [TEST_STEP][PASSED] - i3 = <not implemented yet for class: org.codehaus.groovy.ast.expr.EmptyExpression>: null

13-11-2024T09:24:03 - [TEST_STEP][PASSED] - i3 = x.indexOf("/") + 1: null

13-11-2024T09:24:03 - [TEST_STEP][PASSED] - x = x.substring(i3, x.length()): null

13-11-2024T09:24:03 - [TEST_STEP][PASSED] - return x: null

13-11-2024T09:24:03 - [TEST_STEP][PASSED] - TyuB = replaceAll("\p{P}", "").trim(): null

13-11-2024T09:24:03 - [TEST_STEP][PASSED] - println("TyuB: " + TyuB): null

13-11-2024T09:24:03 - [TEST_STEP][PASSED] - tableB = Script1719551244403.NewDZO(x = tableB): null

13-11-2024T09:24:03 - [TEST_STEP][PASSED] - i3 = <not implemented yet for class: org.codehaus.groovy.ast.expr.EmptyExpression>: null

13-11-2024T09:24:03 - [TEST_STEP][PASSED] - i3 = x.indexOf("/") + 1: null

13-11-2024T09:24:03 - [TEST_STEP][PASSED] - x = x.substring(i3, x.length()): null

13-11-2024T09:24:03 - [TEST_STEP][PASSED] - return x: null

13-11-2024T09:24:03 - [TEST_STEP][PASSED] - i = tableB.indexOf("ЕЭС"): null

13-11-2024T09:24:03 - [TEST_STEP][PASSED] - UrB = replaceAll("\p{P}", "").trim(): null

13-11-2024T09:24:03 - [TEST_STEP][PASSED] - println("UrB: " + UrB): null

13-11-2024T09:24:03 - [TEST_STEP][PASSED] - for ([i = 1, i < 4, (i++)]): null

13-11-2024T09:24:03 - [TEST_STEP][PASSED] - tableB = Script1719551244403.NewDZO(x = tableB): null

13-11-2024T09:24:03 - [TEST_STEP][PASSED] - i3 = <not implemented yet for class: org.codehaus.groovy.ast.expr.EmptyExpression>: null

13-11-2024T09:24:03 - [TEST_STEP][PASSED] - i3 = x.indexOf("/") + 1: null

13-11-2024T09:24:03 - [TEST_STEP][PASSED] - x = x.substring(i3, x.length()): null

13-11-2024T09:24:03 - [TEST_STEP][PASSED] - return x: null

13-11-2024T09:24:03 - [TEST_STEP][PASSED] - tableB = Script1719551244403.NewDZO(x = tableB): null

13-11-2024T09:24:03 - [TEST_STEP][PASSED] - i3 = <not implemented yet for class: org.codehaus.groovy.ast.expr.EmptyExpression>: null

13-11-2024T09:24:03 - [TEST_STEP][PASSED] - i3 = x.indexOf("/") + 1: null

13-11-2024T09:24:03 - [TEST_STEP][PASSED] - x = x.substring(i3, x.length()): null

13-11-2024T09:24:03 - [TEST_STEP][PASSED] - return x: null

13-11-2024T09:24:03 - [TEST_STEP][PASSED] - tableB = Script1719551244403.NewDZO(x = tableB): null

13-11-2024T09:24:03 - [TEST_STEP][PASSED] - i3 = <not implemented yet for class: org.codehaus.groovy.ast.expr.EmptyExpression>: null

13-11-2024T09:24:03 - [TEST_STEP][PASSED] - i3 = x.indexOf("/") + 1: null

13-11-2024T09:24:03 - [TEST_STEP][PASSED] - x = x.substring(i3, x.length()): null

13-11-2024T09:24:03 - [TEST_STEP][PASSED] - return x: null

13-11-2024T09:24:03 - [TEST_STEP][PASSED] - i = tableB.indexOf("Центр"): null

13-11-2024T09:24:03 - [TEST_STEP][PASSED] - FSKB = replaceAll("\p{P}", "").trim(): null

13-11-2024T09:24:03 - [TEST_STEP][PASSED] - println("FSKB: " + FSKB): null

13-11-2024T09:24:03 - [TEST_STEP][PASSED] - tableB = Script1719551244403.NewDZO(x = tableB): null

13-11-2024T09:24:03 - [TEST_STEP][PASSED] - i3 = <not implemented yet for class: org.codehaus.groovy.ast.expr.EmptyExpression>: null

13-11-2024T09:24:03 - [TEST_STEP][PASSED] - i3 = x.indexOf("/") + 1: null

13-11-2024T09:24:03 - [TEST_STEP][PASSED] - x = x.substring(i3, x.length()): null

13-11-2024T09:24:03 - [TEST_STEP][PASSED] - return x: null

13-11-2024T09:24:03 - [TEST_STEP][PASSED] - i = tableB.indexOf("Приволжье"): null

13-11-2024T09:24:03 - [TEST_STEP][PASSED] - CenB = replaceAll("\p{P}", "").trim(): null

13-11-2024T09:24:03 - [TEST_STEP][PASSED] - println("CenB: " + CenB): null

13-11-2024T09:24:03 - [TEST_STEP][PASSED] - for ([i = 1, i < 12, (i++)]): null

13-11-2024T09:24:03 - [TEST_STEP][PASSED] - tableB = Script1719551244403.NewDZO(x = tableB): null

13-11-2024T09:24:03 - [TEST_STEP][PASSED] - i3 = <not implemented yet for class: org.codehaus.groovy.ast.expr.EmptyExpression>: null

13-11-2024T09:24:03 - [TEST_STEP][PASSED] - i3 = x.indexOf("/") + 1: null

13-11-2024T09:24:03 - [TEST_STEP][PASSED] - x = x.substring(i3, x.length()): null

13-11-2024T09:24:03 - [TEST_STEP][PASSED] - return x: null

13-11-2024T09:24:03 - [TEST_STEP][PASSED] - tableB = Script1719551244403.NewDZO(x = tableB): null

13-11-2024T09:24:03 - [TEST_STEP][PASSED] - i3 = <not implemented yet for class: org.codehaus.groovy.ast.expr.EmptyExpression>: null

13-11-2024T09:24:03 - [TEST_STEP][PASSED] - i3 = x.indexOf("/") + 1: null

13-11-2024T09:24:03 - [TEST_STEP][PASSED] - x = x.substring(i3, x.length()): null

13-11-2024T09:24:03 - [TEST_STEP][PASSED] - return x: null

13-11-2024T09:24:03 - [TEST_STEP][PASSED] - tableB = Script1719551244403.NewDZO(x = tableB): null

13-11-2024T09:24:03 - [TEST_STEP][PASSED] - i3 = <not implemented yet for class: org.codehaus.groovy.ast.expr.EmptyExpression>: null

13-11-2024T09:24:03 - [TEST_STEP][PASSED] - i3 = x.indexOf("/") + 1: null

13-11-2024T09:24:03 - [TEST_STEP][PASSED] - x = x.substring(i3, x.length()): null

13-11-2024T09:24:03 - [TEST_STEP][PASSED] - return x: null

13-11-2024T09:24:03 - [TEST_STEP][PASSED] - tableB = Script1719551244403.NewDZO(x = tableB): null

13-11-2024T09:24:03 - [TEST_STEP][PASSED] - i3 = <not implemented yet for class: org.codehaus.groovy.ast.expr.EmptyExpression>: null

13-11-2024T09:24:03 - [TEST_STEP][PASSED] - i3 = x.indexOf("/") + 1: null

13-11-2024T09:24:03 - [TEST_STEP][PASSED] - x = x.substring(i3, x.length()): null

13-11-2024T09:24:03 - [TEST_STEP][PASSED] - return x: null

13-11-2024T09:24:03 - [TEST_STEP][PASSED] - tableB = Script1719551244403.NewDZO(x = tableB): null

13-11-2024T09:24:03 - [TEST_STEP][PASSED] - i3 = <not implemented yet for class: org.codehaus.groovy.ast.expr.EmptyExpression>: null

13-11-2024T09:24:03 - [TEST_STEP][PASSED] - i3 = x.indexOf("/") + 1: null

13-11-2024T09:24:03 - [TEST_STEP][PASSED] - x = x.substring(i3, x.length()): null

13-11-2024T09:24:03 - [TEST_STEP][PASSED] - return x: null

13-11-2024T09:24:03 - [TEST_STEP][PASSED] - tableB = Script1719551244403.NewDZO(x = tableB): null

13-11-2024T09:24:03 - [TEST_STEP][PASSED] - i3 = <not implemented yet for class: org.codehaus.groovy.ast.expr.EmptyExpression>: null

13-11-2024T09:24:03 - [TEST_STEP][PASSED] - i3 = x.indexOf("/") + 1: null

13-11-2024T09:24:03 - [TEST_STEP][PASSED] - x = x.substring(i3, x.length()): null

13-11-2024T09:24:03 - [TEST_STEP][PASSED] - return x: null

13-11-2024T09:24:03 - [TEST_STEP][PASSED] - tableB = Script1719551244403.NewDZO(x = tableB): null

13-11-2024T09:24:03 - [TEST_STEP][PASSED] - i3 = <not implemented yet for class: org.codehaus.groovy.ast.expr.EmptyExpression>: null

13-11-2024T09:24:03 - [TEST_STEP][PASSED] - i3 = x.indexOf("/") + 1: null

13-11-2024T09:24:03 - [TEST_STEP][PASSED] - x = x.substring(i3, x.length()): null

13-11-2024T09:24:03 - [TEST_STEP][PASSED] - return x: null

13-11-2024T09:24:03 - [TEST_STEP][PASSED] - tableB = Script1719551244403.NewDZO(x = tableB): null

13-11-2024T09:24:03 - [TEST_STEP][PASSED] - i3 = <not implemented yet for class: org.codehaus.groovy.ast.expr.EmptyExpression>: null

13-11-2024T09:24:03 - [TEST_STEP][PASSED] - i3 = x.indexOf("/") + 1: null

13-11-2024T09:24:03 - [TEST_STEP][PASSED] - x = x.substring(i3, x.length()): null

13-11-2024T09:24:03 - [TEST_STEP][PASSED] - return x: null

13-11-2024T09:24:03 - [TEST_STEP][PASSED] - tableB = Script1719551244403.NewDZO(x = tableB): null

13-11-2024T09:24:03 - [TEST_STEP][PASSED] - i3 = <not implemented yet for class: org.codehaus.groovy.ast.expr.EmptyExpression>: null

13-11-2024T09:24:03 - [TEST_STEP][PASSED] - i3 = x.indexOf("/") + 1: null

13-11-2024T09:24:03 - [TEST_STEP][PASSED] - x = x.substring(i3, x.length()): null

13-11-2024T09:24:03 - [TEST_STEP][PASSED] - return x: null

13-11-2024T09:24:03 - [TEST_STEP][PASSED] - tableB = Script1719551244403.NewDZO(x = tableB): null

13-11-2024T09:24:03 - [TEST_STEP][PASSED] - i3 = <not implemented yet for class: org.codehaus.groovy.ast.expr.EmptyExpression>: null

13-11-2024T09:24:03 - [TEST_STEP][PASSED] - i3 = x.indexOf("/") + 1: null

13-11-2024T09:24:03 - [TEST_STEP][PASSED] - x = x.substring(i3, x.length()): null

13-11-2024T09:24:03 - [TEST_STEP][PASSED] - return x: null

13-11-2024T09:24:03 - [TEST_STEP][PASSED] - tableB = Script1719551244403.NewDZO(x = tableB): null

13-11-2024T09:24:03 - [TEST_STEP][PASSED] - i3 = <not implemented yet for class: org.codehaus.groovy.ast.expr.EmptyExpression>: null

13-11-2024T09:24:03 - [TEST_STEP][PASSED] - i3 = x.indexOf("/") + 1: null

13-11-2024T09:24:03 - [TEST_STEP][PASSED] - x = x.substring(i3, x.length()): null

13-11-2024T09:24:03 - [TEST_STEP][PASSED] - return x: null

13-11-2024T09:24:03 - [TEST_STEP][PASSED] - i = tableB.indexOf("Юг"): null

13-11-2024T09:24:03 - [TEST_STEP][PASSED] - CiPB = replaceAll("\p{P}", "").trim(): null

13-11-2024T09:24:03 - [TEST_STEP][PASSED] - println("CiPB: " + CiPB): null

13-11-2024T09:24:03 - [TEST_STEP][PASSED] - for ([i = 1, i < 10, (i++)]): null

13-11-2024T09:24:03 - [TEST_STEP][PASSED] - tableB = Script1719551244403.NewDZO(x = tableB): null

13-11-2024T09:24:03 - [TEST_STEP][PASSED] - i3 = <not implemented yet for class: org.codehaus.groovy.ast.expr.EmptyExpression>: null

13-11-2024T09:24:03 - [TEST_STEP][PASSED] - i3 = x.indexOf("/") + 1: null

13-11-2024T09:24:03 - [TEST_STEP][PASSED] - x = x.substring(i3, x.length()): null

13-11-2024T09:24:03 - [TEST_STEP][PASSED] - return x: null

13-11-2024T09:24:03 - [TEST_STEP][PASSED] - tableB = Script1719551244403.NewDZO(x = tableB): null

13-11-2024T09:24:03 - [TEST_STEP][PASSED] - i3 = <not implemented yet for class: org.codehaus.groovy.ast.expr.EmptyExpression>: null

13-11-2024T09:24:03 - [TEST_STEP][PASSED] - i3 = x.indexOf("/") + 1: null

13-11-2024T09:24:03 - [TEST_STEP][PASSED] - x = x.substring(i3, x.length()): null

13-11-2024T09:24:03 - [TEST_STEP][PASSED] - return x: null

13-11-2024T09:24:03 - [TEST_STEP][PASSED] - tableB = Script1719551244403.NewDZO(x = tableB): null

13-11-2024T09:24:03 - [TEST_STEP][PASSED] - i3 = <not implemented yet for class: org.codehaus.groovy.ast.expr.EmptyExpression>: null

13-11-2024T09:24:03 - [TEST_STEP][PASSED] - i3 = x.indexOf("/") + 1: null

13-11-2024T09:24:03 - [TEST_STEP][PASSED] - x = x.substring(i3, x.length()): null

13-11-2024T09:24:03 - [TEST_STEP][PASSED] - return x: null

13-11-2024T09:24:03 - [TEST_STEP][PASSED] - tableB = Script1719551244403.NewDZO(x = tableB): null

13-11-2024T09:24:03 - [TEST_STEP][PASSED] - i3 = <not implemented yet for class: org.codehaus.groovy.ast.expr.EmptyExpression>: null

13-11-2024T09:24:03 - [TEST_STEP][PASSED] - i3 = x.indexOf("/") + 1: null

13-11-2024T09:24:03 - [TEST_STEP][PASSED] - x = x.substring(i3, x.length()): null

13-11-2024T09:24:03 - [TEST_STEP][PASSED] - return x: null

13-11-2024T09:24:03 - [TEST_STEP][PASSED] - tableB = Script1719551244403.NewDZO(x = tableB): null

13-11-2024T09:24:03 - [TEST_STEP][PASSED] - i3 = <not implemented yet for class: org.codehaus.groovy.ast.expr.EmptyExpression>: null

13-11-2024T09:24:03 - [TEST_STEP][PASSED] - i3 = x.indexOf("/") + 1: null

13-11-2024T09:24:03 - [TEST_STEP][PASSED] - x = x.substring(i3, x.length()): null

13-11-2024T09:24:03 - [TEST_STEP][PASSED] - return x: null

13-11-2024T09:24:03 - [TEST_STEP][PASSED] - tableB = Script1719551244403.NewDZO(x = tableB): null

13-11-2024T09:24:03 - [TEST_STEP][PASSED] - i3 = <not implemented yet for class: org.codehaus.groovy.ast.expr.EmptyExpression>: null

13-11-2024T09:24:03 - [TEST_STEP][PASSED] - i3 = x.indexOf("/") + 1: null

13-11-2024T09:24:03 - [TEST_STEP][PASSED] - x = x.substring(i3, x.length()): null

13-11-2024T09:24:03 - [TEST_STEP][PASSED] - return x: null

13-11-2024T09:24:03 - [TEST_STEP][PASSED] - tableB = Script1719551244403.NewDZO(x = tableB): null

13-11-2024T09:24:03 - [TEST_STEP][PASSED] - i3 = <not implemented yet for class: org.codehaus.groovy.ast.expr.EmptyExpression>: null

13-11-2024T09:24:03 - [TEST_STEP][PASSED] - i3 = x.indexOf("/") + 1: null

13-11-2024T09:24:03 - [TEST_STEP][PASSED] - x = x.substring(i3, x.length()): null

13-11-2024T09:24:03 - [TEST_STEP][PASSED] - return x: null

13-11-2024T09:24:03 - [TEST_STEP][PASSED] - tableB = Script1719551244403.NewDZO(x = tableB): null

13-11-2024T09:24:03 - [TEST_STEP][PASSED] - i3 = <not implemented yet for class: org.codehaus.groovy.ast.expr.EmptyExpression>: null

13-11-2024T09:24:03 - [TEST_STEP][PASSED] - i3 = x.indexOf("/") + 1: null

13-11-2024T09:24:03 - [TEST_STEP][PASSED] - x = x.substring(i3, x.length()): null

13-11-2024T09:24:03 - [TEST_STEP][PASSED] - return x: null

13-11-2024T09:24:03 - [TEST_STEP][PASSED] - tableB = Script1719551244403.NewDZO(x = tableB): null

13-11-2024T09:24:03 - [TEST_STEP][PASSED] - i3 = <not implemented yet for class: org.codehaus.groovy.ast.expr.EmptyExpression>: null

13-11-2024T09:24:03 - [TEST_STEP][PASSED] - i3 = x.indexOf("/") + 1: null

13-11-2024T09:24:03 - [TEST_STEP][PASSED] - x = x.substring(i3, x.length()): null

13-11-2024T09:24:03 - [TEST_STEP][PASSED] - return x: null

13-11-2024T09:24:03 - [TEST_STEP][PASSED] - i = tableB.indexOf("Янтарь"): null

13-11-2024T09:24:03 - [TEST_STEP][PASSED] - UgB = replaceAll("\p{P}", "").trim(): null

13-11-2024T09:24:03 - [TEST_STEP][PASSED] - println("UgB: " + UgB): null

13-11-2024T09:24:03 - [TEST_STEP][PASSED] - i = tableB.lastIndexOf("/"): null

13-11-2024T09:24:03 - [TEST_STEP][PASSED] - YaB = replaceAll("\p{P}", "").trim(): null

13-11-2024T09:24:03 - [TEST_STEP][PASSED] - println("YaB: " + YaB): null

13-11-2024T09:24:03 - [TEST_STEP][PASSED] - vidget = "Отклонения выручки по факторам": null

13-11-2024T09:24:03 - [TEST_STEP][PASSED] - if (run == 2): null

13-11-2024T09:24:03 - [TEST_STEP][PASSED] - Script1719551244403.Test(run, todaysDate, typeOfData, otobrajeniyeDannyh, x, y, vidget, DZO): null

13-11-2024T09:24:03 - [TEST_STEP][PASSED] - navigateToUrl(findTestData("PlanFact").getValue(10, 3)): Navigate to 'https://bi.rosseti.digital/viewer?dashboardGuid=2301950b23be4ed89c1df75f2020051e&sheetGuid=ccd7d7486b3d4e6fa0ee9b1eaebed46c&fit=true' successfully

13-11-2024T09:24:05 - [MESSAGE][PASSED] - Navigate to 'https://bi.rosseti.digital/viewer?dashboardGuid=2301950b23be4ed89c1df75f2020051e&sheetGuid=ccd7d7486b3d4e6fa0ee9b1eaebed46c&fit=true' successfully

13-11-2024T09:24:05 - [TEST_STEP][PASSED] - Script1719551244403.Autorization(run): null

13-11-2024T09:24:05 - [TEST_STEP][PASSED] - delay(10): Delayed 10 second(s)

13-11-2024T09:24:15 - [MESSAGE][PASSED] - Delayed 10 second(s)

13-11-2024T09:24:15 - [TEST_STEP][PASSED] - if (run == 1): null

13-11-2024T09:24:15 - [TEST_STEP][PASSED] - i = <not implemented yet for class: org.codehaus.groovy.ast.expr.EmptyExpression>: null

13-11-2024T09:24:15 - [TEST_STEP][PASSED] - ii = <not implemented yet for class: org.codehaus.groovy.ast.expr.EmptyExpression>: null

13-11-2024T09:24:15 - [TEST_STEP][PASSED] - a = <not implemented yet for class: org.codehaus.groovy.ast.expr.EmptyExpression>: null

13-11-2024T09:24:15 - [TEST_STEP][PASSED] - a1 = <not implemented yet for class: org.codehaus.groovy.ast.expr.EmptyExpression>: null

13-11-2024T09:24:15 - [TEST_STEP][PASSED] - a2 = <not implemented yet for class: org.codehaus.groovy.ast.expr.EmptyExpression>: null

13-11-2024T09:24:15 - [TEST_STEP][PASSED] - click(findTestObject("Факторный анализ/Фильтр Период")): Object: 'Object Repository/Факторный анализ/Фильтр Период' is clicked on

13-11-2024T09:24:19 - [MESSAGE][PASSED] - Object: 'Object Repository/Факторный анализ/Фильтр Период' is clicked on

13-11-2024T09:24:19 - [TEST_STEP][PASSED] - click(findTestObject("Факторный анализ/Снять выделение в фильтре Дата")): Object: 'Object Repository/Факторный анализ/Снять выделение в фильтре Дата' is clicked on

13-11-2024T09:24:19 - [MESSAGE][PASSED] - Object: 'Object Repository/Факторный анализ/Снять выделение в фильтре Дата' is clicked on

13-11-2024T09:24:19 - [TEST_STEP][PASSED] - click(findTestObject("Факторный анализ/Применить в фильтре Дата")): Object: 'Object Repository/Факторный анализ/Применить в фильтре Дата' is clicked on

13-11-2024T09:24:20 - [MESSAGE][PASSED] - Object: 'Object Repository/Факторный анализ/Применить в фильтре Дата' is clicked on

13-11-2024T09:24:20 - [TEST_STEP][PASSED] - delay(10): Delayed 10 second(s)

13-11-2024T09:24:30 - [MESSAGE][PASSED] - Delayed 10 second(s)

13-11-2024T09:24:30 - [TEST_STEP][PASSED] - click(findTestObject("Факторный анализ/Фильтр Период")): Object: 'Object Repository/Факторный анализ/Фильтр Период' is clicked on

13-11-2024T09:24:30 - [MESSAGE][PASSED] - Object: 'Object Repository/Факторный анализ/Фильтр Период' is clicked on

13-11-2024T09:24:30 - [TEST_STEP][PASSED] - click(findTestObject("Факторный анализ/Снять выделение в фильтре Дата")): Object: 'Object Repository/Факторный анализ/Снять выделение в фильтре Дата' is clicked on

13-11-2024T09:24:31 - [MESSAGE][PASSED] - Object: 'Object Repository/Факторный анализ/Снять выделение в фильтре Дата' is clicked on

13-11-2024T09:24:31 - [TEST_STEP][PASSED] - scrollToElement(findTestObject("Факторный анализ/2024 список"), 30): Scroll to object 'Object Repository/Факторный анализ/2024 список' successfully

13-11-2024T09:24:31 - [MESSAGE][PASSED] - Scroll to object 'Object Repository/Факторный анализ/2024 список' successfully

13-11-2024T09:24:31 - [TEST_STEP][PASSED] - click(findTestObject("Факторный анализ/2024 список")): Object: 'Object Repository/Факторный анализ/2024 список' is clicked on

13-11-2024T09:24:31 - [MESSAGE][PASSED] - Object: 'Object Repository/Факторный анализ/2024 список' is clicked on

13-11-2024T09:24:31 - [TEST_STEP][PASSED] - scrollToElement(findTestObject("Факторный анализ/1 квартал 2024 выбрать"), 30): Scroll to object 'Object Repository/Факторный анализ/1 квартал 2024 выбрать' successfully

13-11-2024T09:24:32 - [MESSAGE][PASSED] - Scroll to object 'Object Repository/Факторный анализ/1 квартал 2024 выбрать' successfully

13-11-2024T09:24:32 - [TEST_STEP][PASSED] - click(findTestObject("Факторный анализ/1 квартал 2024 выбрать")): Object: 'Object Repository/Факторный анализ/1 квартал 2024 выбрать' is clicked on

13-11-2024T09:24:32 - [MESSAGE][PASSED] - Object: 'Object Repository/Факторный анализ/1 квартал 2024 выбрать' is clicked on

13-11-2024T09:24:32 - [TEST_STEP][PASSED] - scrollToElement(findTestObject("Факторный анализ/1 квартал 2024 выбрать"), 30): Scroll to object 'Object Repository/Факторный анализ/1 квартал 2024 выбрать' successfully

13-11-2024T09:24:32 - [MESSAGE][PASSED] - Scroll to object 'Object Repository/Факторный анализ/1 квартал 2024 выбрать' successfully

13-11-2024T09:24:32 - [TEST_STEP][PASSED] - click(findTestObject("Факторный анализ/2 квартал 2024 выбрать"), CONTINUE_ON_FAILURE): Object: 'Object Repository/Факторный анализ/2 квартал 2024 выбрать' is clicked on

13-11-2024T09:24:33 - [MESSAGE][PASSED] - Object: 'Object Repository/Факторный анализ/2 квартал 2024 выбрать' is clicked on

13-11-2024T09:24:33 - [TEST_STEP][PASSED] - click(findTestObject("Факторный анализ/3 квартал 2024 выбрать"), CONTINUE_ON_FAILURE): Object: 'Object Repository/Факторный анализ/3 квартал 2024 выбрать' is clicked on

13-11-2024T09:24:33 - [MESSAGE][PASSED] - Object: 'Object Repository/Факторный анализ/3 квартал 2024 выбрать' is clicked on

13-11-2024T09:24:33 - [TEST_STEP][PASSED] - scrollToElement(findTestObject("Факторный анализ/Заголовок дашборда"), 30): Scroll to object 'Object Repository/Факторный анализ/Заголовок дашборда' successfully

13-11-2024T09:24:34 - [MESSAGE][PASSED] - Scroll to object 'Object Repository/Факторный анализ/Заголовок дашборда' successfully

13-11-2024T09:24:34 - [TEST_STEP][PASSED] - click(findTestObject("Факторный анализ/Применить в фильтре Дата")): Object: 'Object Repository/Факторный анализ/Применить в фильтре Дата' is clicked on

13-11-2024T09:24:34 - [MESSAGE][PASSED] - Object: 'Object Repository/Факторный анализ/Применить в фильтре Дата' is clicked on

13-11-2024T09:24:34 - [TEST_STEP][PASSED] - if (run == 1): null

13-11-2024T09:24:34 - [TEST_STEP][PASSED] - else: null

13-11-2024T09:24:34 - [TEST_STEP][PASSED] - click(findTestObject("Факторный анализ/Переключить отображение с филиала на месяц")): Object: 'Object Repository/Факторный анализ/Переключить отображение с филиала на месяц' is clicked on

13-11-2024T09:24:37 - [MESSAGE][PASSED] - Object: 'Object Repository/Факторный анализ/Переключить отображение с филиала на месяц' is clicked on

13-11-2024T09:24:37 - [TEST_STEP][PASSED] - a1 = replaceAll("\s+", "").trim(): Text of object 'Object Repository/Факторный анализ/span1 Блок руководителя' is: '-383 585'

13-11-2024T09:24:37 - [MESSAGE][PASSED] - Text of object 'Object Repository/Факторный анализ/span1 Блок руководителя' is: '-383 585'

13-11-2024T09:24:37 - [TEST_STEP][PASSED] - a2 = replaceAll("\s+", "").trim(): Text of object 'Object Repository/Факторный анализ/span2 Блок руководителя' is: '17 144'

13-11-2024T09:24:38 - [MESSAGE][PASSED] - Text of object 'Object Repository/Факторный анализ/span2 Блок руководителя' is: '17 144'

13-11-2024T09:24:38 - [TEST_STEP][PASSED] - println("a1: " + a1): null

13-11-2024T09:24:38 - [TEST_STEP][PASSED] - println("a2: " + a2): null

13-11-2024T09:24:38 - [TEST_STEP][PASSED] - tableA = getText(findTestObject("Факторный анализ/AllTable1")).replaceAll("[\r?
|
]", "/"): Text of object 'Object Repository/Факторный анализ/AllTable1' is: 'ДЗО
Филиал
Отклонение (объём услуг)
Отклонение (средний тариф)
АО «Тываэнерго» АО "Тываэнерго" 276 -37
АО «Чеченэнерго» АО «Чеченэнерго» -3 339 14
Россети Волга Мордовэнерго -2 825 -86
Оренбургэнерго -11 247 - 162
Пензаэнерго -6 748 -72
Самарские РС -13 058 -1 024
Саратовские РС -13 303 - 443
Ульяновские РС -4 845 - 201
Чувашэнерго -4 186 126
Россети Кубань Кубаньэнерго -53 529 241
Россети Ленэнерго (ГК) Ленинградская область -29 499 598
г. Санкт-Петербург -41 171 -39
Россети Московский регион Московская область 4 566 - 535
г. Москва 2 812 57
Россети Северный Кавказ (ГК) Дагестанская энергосбытовая компания - 111 69
Дагэнерго -6 378 480
Ингушэнерго -1 440 100
Каббалкэнерго -2 677 26
Карачаево-Черкесскэнерго -1 725 -9
Севкавказэнерго -3 016 125
Ставропольэнерго -8 347 - 222
Россети Северо-Запад Архангельский филиал 63 -80
Вологодский филиал 229 -6
Карельский филиал -21 160
Мурманский филиал 102 64
Новгородский филиал 207 -40
Псковский филиал 146 -18
филиал в Республике Коми 10 23
Россети Сибирь (ГК) Алтайэнерго 275 275
Бурятэнерго -95 298
ГАЭС 114 -15
Красноярскэнерго 1 087 - 413
Кузбассэнерго-РЭС 329 205
Омскэнерго 127 - 112
Хакасэнерго 327 - 363
Читаэнерго -44 120
Россети Томск Томская распределительная компания -6 624 - 125
Россети Тюмень Россети Тюмень -65 636 - 459
Россети Урал (ГК) Пермэнерго 594 - 218
Свердловэнерго 805 233
Челябэнерго 973 - 671
Россети ФСК ЕЭС Итого по ФСК ЕЭС -16 312 -8 781
Россети Центр Белгородэнерго 299 111
Брянскэнерго -4 489 32
Воронежэнерго -12 187 182
Костромаэнерго 83 2
Курскэнерго -2 381 132
Липецкэнерго 731 - 322
Орелэнерго -3 553 -22
Смоленскэнерго -6 765 35
Тамбовэнерго -5 262 -4
Тверьэнерго 319 127
Ярэнерго -6 307 31
Россети Центр и Приволжье (ГК) Владимирэнерго 517 49
Ивэнерго 169 40
Калугаэнерго 558 -42
Кировэнерго 403 0
Мариэнерго 144 19
Нижновэнерго 658 231
Рязаньэнерго 259 47
Тулэнерго 733 - 209
Удмуртэнерго 294 3
Россети Юг (ГК) АО «ВМЭС» -3 370 41
Астраханьэнерго -5 158 90
Волгоградэнерго -8 953 - 310
Калмэнерго -1 477 -5
Ростовэнерго -18 198 44
Россети Янтарь Россети Янтарь 305 -28'

13-11-2024T09:24:38 - [MESSAGE][PASSED] - Text of object 'Object Repository/Факторный анализ/AllTable1' is: 'ДЗО
Филиал
Отклонение (объём услуг)
Отклонение (средний тариф)
АО «Тываэнерго» АО "Тываэнерго" 276 -37
АО «Чеченэнерго» АО «Чеченэнерго» -3 339 14
Россети Волга Мордовэнерго -2 825 -86
Оренбургэнерго -11 247 - 162
Пензаэнерго -6 748 -72
Самарские РС -13 058 -1 024
Саратовские РС -13 303 - 443
Ульяновские РС -4 845 - 201
Чувашэнерго -4 186 126
Россети Кубань Кубаньэнерго -53 529 241
Россети Ленэнерго (ГК) Ленинградская область -29 499 598
г. Санкт-Петербург -41 171 -39
Россети Московский регион Московская область 4 566 - 535
г. Москва 2 812 57
Россети Северный Кавказ (ГК) Дагестанская энергосбытовая компания - 111 69
Дагэнерго -6 378 480
Ингушэнерго -1 440 100
Каббалкэнерго -2 677 26
Карачаево-Черкесскэнерго -1 725 -9
Севкавказэнерго -3 016 125
Ставропольэнерго -8 347 - 222
Россети Северо-Запад Архангельский филиал 63 -80
Вологодский филиал 229 -6
Карельский филиал -21 160
Мурманский филиал 102 64
Новгородский филиал 207 -40
Псковский филиал 146 -18
филиал в Республике Коми 10 23
Россети Сибирь (ГК) Алтайэнерго 275 275
Бурятэнерго -95 298
ГАЭС 114 -15
Красноярскэнерго 1 087 - 413
Кузбассэнерго-РЭС 329 205
Омскэнерго 127 - 112
Хакасэнерго 327 - 363
Читаэнерго -44 120
Россети Томск Томская распределительная компания -6 624 - 125
Россети Тюмень Россети Тюмень -65 636 - 459
Россети Урал (ГК) Пермэнерго 594 - 218
Свердловэнерго 805 233
Челябэнерго 973 - 671
Россети ФСК ЕЭС Итого по ФСК ЕЭС -16 312 -8 781
Россети Центр Белгородэнерго 299 111
Брянскэнерго -4 489 32
Воронежэнерго -12 187 182
Костромаэнерго 83 2
Курскэнерго -2 381 132
Липецкэнерго 731 - 322
Орелэнерго -3 553 -22
Смоленскэнерго -6 765 35
Тамбовэнерго -5 262 -4
Тверьэнерго 319 127
Ярэнерго -6 307 31
Россети Центр и Приволжье (ГК) Владимирэнерго 517 49
Ивэнерго 169 40
Калугаэнерго 558 -42
Кировэнерго 403 0
Мариэнерго 144 19
Нижновэнерго 658 231
Рязаньэнерго 259 47
Тулэнерго 733 - 209
Удмуртэнерго 294 3
Россети Юг (ГК) АО «ВМЭС» -3 370 41
Астраханьэнерго -5 158 90
Волгоградэнерго -8 953 - 310
Калмэнерго -1 477 -5
Ростовэнерго -18 198 44
Россети Янтарь Россети Янтарь 305 -28'

13-11-2024T09:24:38 - [TEST_STEP][PASSED] - println("tableA: " + tableA): null

13-11-2024T09:24:38 - [TEST_STEP][PASSED] - for ([i = 1, i < 5, (i++)]): null

13-11-2024T09:24:38 - [TEST_STEP][PASSED] - ii = tableA.indexOf("/") + 1: null

13-11-2024T09:24:38 - [TEST_STEP][PASSED] - tableA = tableA.substring(ii, tableA.length()): null

13-11-2024T09:24:38 - [TEST_STEP][PASSED] - ii = tableA.indexOf("/") + 1: null

13-11-2024T09:24:38 - [TEST_STEP][PASSED] - tableA = tableA.substring(ii, tableA.length()): null

13-11-2024T09:24:38 - [TEST_STEP][PASSED] - ii = tableA.indexOf("/") + 1: null

13-11-2024T09:24:38 - [TEST_STEP][PASSED] - tableA = tableA.substring(ii, tableA.length()): null

13-11-2024T09:24:38 - [TEST_STEP][PASSED] - ii = tableA.indexOf("/") + 1: null

13-11-2024T09:24:38 - [TEST_STEP][PASSED] - tableA = tableA.substring(ii, tableA.length()): null

13-11-2024T09:24:38 - [TEST_STEP][PASSED] - println("tableA: " + tableA): null

13-11-2024T09:24:38 - [TEST_STEP][PASSED] - TyA = Script1719551244403.GetData(x = tableA): null

13-11-2024T09:24:38 - [TEST_STEP][PASSED] - i2 = <not implemented yet for class: org.codehaus.groovy.ast.expr.EmptyExpression>: null

13-11-2024T09:24:38 - [TEST_STEP][PASSED] - i2 = x.indexOf("/") + 1: null

13-11-2024T09:24:38 - [TEST_STEP][PASSED] - x = replaceAll("\p{P}", "").trim(): null

13-11-2024T09:24:38 - [TEST_STEP][PASSED] - return x: null

13-11-2024T09:24:38 - [TEST_STEP][PASSED] - println("TyA: " + TyA): null

13-11-2024T09:24:38 - [TEST_STEP][PASSED] - tableA = Script1719551244403.NewDZO(x = tableA): null

13-11-2024T09:24:38 - [TEST_STEP][PASSED] - i3 = <not implemented yet for class: org.codehaus.groovy.ast.expr.EmptyExpression>: null

13-11-2024T09:24:38 - [TEST_STEP][PASSED] - i3 = x.indexOf("/") + 1: null

13-11-2024T09:24:38 - [TEST_STEP][PASSED] - x = x.substring(i3, x.length()): null

13-11-2024T09:24:38 - [TEST_STEP][PASSED] - return x: null

13-11-2024T09:24:38 - [TEST_STEP][PASSED] - ChA = Script1719551244403.GetData(x = tableA): null

13-11-2024T09:24:38 - [TEST_STEP][PASSED] - i2 = <not implemented yet for class: org.codehaus.groovy.ast.expr.EmptyExpression>: null

13-11-2024T09:24:38 - [TEST_STEP][PASSED] - i2 = x.indexOf("/") + 1: null

13-11-2024T09:24:38 - [TEST_STEP][PASSED] - x = replaceAll("\p{P}", "").trim(): null

13-11-2024T09:24:38 - [TEST_STEP][PASSED] - return x: null

13-11-2024T09:24:38 - [TEST_STEP][PASSED] - println("ChA: " + ChA): null

13-11-2024T09:24:38 - [TEST_STEP][PASSED] - tableA = Script1719551244403.NewDZO(x = tableA): null

13-11-2024T09:24:38 - [TEST_STEP][PASSED] - i3 = <not implemented yet for class: org.codehaus.groovy.ast.expr.EmptyExpression>: null

13-11-2024T09:24:38 - [TEST_STEP][PASSED] - i3 = x.indexOf("/") + 1: null

13-11-2024T09:24:38 - [TEST_STEP][PASSED] - x = x.substring(i3, x.length()): null

13-11-2024T09:24:38 - [TEST_STEP][PASSED] - return x: null

13-11-2024T09:24:38 - [TEST_STEP][PASSED] - i = tableA.indexOf("Кубань"): null

13-11-2024T09:24:38 - [TEST_STEP][PASSED] - VA = replaceAll("\p{P}", "").trim(): null

13-11-2024T09:24:38 - [TEST_STEP][PASSED] - println("VA: " + VA): null

13-11-2024T09:24:38 - [TEST_STEP][PASSED] - for ([i = 1, i < 8, (i++)]): null

13-11-2024T09:24:38 - [TEST_STEP][PASSED] - tableA = Script1719551244403.NewDZO(x = tableA): null

13-11-2024T09:24:38 - [TEST_STEP][PASSED] - i3 = <not implemented yet for class: org.codehaus.groovy.ast.expr.EmptyExpression>: null

13-11-2024T09:24:38 - [TEST_STEP][PASSED] - i3 = x.indexOf("/") + 1: null

13-11-2024T09:24:38 - [TEST_STEP][PASSED] - x = x.substring(i3, x.length()): null

13-11-2024T09:24:38 - [TEST_STEP][PASSED] - return x: null

13-11-2024T09:24:38 - [TEST_STEP][PASSED] - tableA = Script1719551244403.NewDZO(x = tableA): null

13-11-2024T09:24:38 - [TEST_STEP][PASSED] - i3 = <not implemented yet for class: org.codehaus.groovy.ast.expr.EmptyExpression>: null

13-11-2024T09:24:38 - [TEST_STEP][PASSED] - i3 = x.indexOf("/") + 1: null

13-11-2024T09:24:38 - [TEST_STEP][PASSED] - x = x.substring(i3, x.length()): null

13-11-2024T09:24:38 - [TEST_STEP][PASSED] - return x: null

13-11-2024T09:24:38 - [TEST_STEP][PASSED] - tableA = Script1719551244403.NewDZO(x = tableA): null

13-11-2024T09:24:38 - [TEST_STEP][PASSED] - i3 = <not implemented yet for class: org.codehaus.groovy.ast.expr.EmptyExpression>: null

13-11-2024T09:24:38 - [TEST_STEP][PASSED] - i3 = x.indexOf("/") + 1: null

13-11-2024T09:24:38 - [TEST_STEP][PASSED] - x = x.substring(i3, x.length()): null

13-11-2024T09:24:38 - [TEST_STEP][PASSED] - return x: null

13-11-2024T09:24:38 - [TEST_STEP][PASSED] - tableA = Script1719551244403.NewDZO(x = tableA): null

13-11-2024T09:24:38 - [TEST_STEP][PASSED] - i3 = <not implemented yet for class: org.codehaus.groovy.ast.expr.EmptyExpression>: null

13-11-2024T09:24:38 - [TEST_STEP][PASSED] - i3 = x.indexOf("/") + 1: null

13-11-2024T09:24:38 - [TEST_STEP][PASSED] - x = x.substring(i3, x.length()): null

13-11-2024T09:24:38 - [TEST_STEP][PASSED] - return x: null

13-11-2024T09:24:38 - [TEST_STEP][PASSED] - tableA = Script1719551244403.NewDZO(x = tableA): null

13-11-2024T09:24:38 - [TEST_STEP][PASSED] - i3 = <not implemented yet for class: org.codehaus.groovy.ast.expr.EmptyExpression>: null

13-11-2024T09:24:38 - [TEST_STEP][PASSED] - i3 = x.indexOf("/") + 1: null

13-11-2024T09:24:38 - [TEST_STEP][PASSED] - x = x.substring(i3, x.length()): null

13-11-2024T09:24:38 - [TEST_STEP][PASSED] - return x: null

13-11-2024T09:24:38 - [TEST_STEP][PASSED] - tableA = Script1719551244403.NewDZO(x = tableA): null

13-11-2024T09:24:38 - [TEST_STEP][PASSED] - i3 = <not implemented yet for class: org.codehaus.groovy.ast.expr.EmptyExpression>: null

13-11-2024T09:24:38 - [TEST_STEP][PASSED] - i3 = x.indexOf("/") + 1: null

13-11-2024T09:24:38 - [TEST_STEP][PASSED] - x = x.substring(i3, x.length()): null

13-11-2024T09:24:38 - [TEST_STEP][PASSED] - return x: null

13-11-2024T09:24:38 - [TEST_STEP][PASSED] - tableA = Script1719551244403.NewDZO(x = tableA): null

13-11-2024T09:24:38 - [TEST_STEP][PASSED] - i3 = <not implemented yet for class: org.codehaus.groovy.ast.expr.EmptyExpression>: null

13-11-2024T09:24:38 - [TEST_STEP][PASSED] - i3 = x.indexOf("/") + 1: null

13-11-2024T09:24:38 - [TEST_STEP][PASSED] - x = x.substring(i3, x.length()): null

13-11-2024T09:24:38 - [TEST_STEP][PASSED] - return x: null

13-11-2024T09:24:38 - [TEST_STEP][PASSED] - i = tableA.indexOf("Ленэнерго"): null

13-11-2024T09:24:38 - [TEST_STEP][PASSED] - KuA = Script1719551244403.GetData(x = tableA): null

13-11-2024T09:24:38 - [TEST_STEP][PASSED] - i2 = <not implemented yet for class: org.codehaus.groovy.ast.expr.EmptyExpression>: null

13-11-2024T09:24:38 - [TEST_STEP][PASSED] - i2 = x.indexOf("/") + 1: null

13-11-2024T09:24:38 - [TEST_STEP][PASSED] - x = replaceAll("\p{P}", "").trim(): null

13-11-2024T09:24:38 - [TEST_STEP][PASSED] - return x: null

13-11-2024T09:24:38 - [TEST_STEP][PASSED] - println("KuA: " + KuA): null

13-11-2024T09:24:38 - [TEST_STEP][PASSED] - tableA = Script1719551244403.NewDZO(x = tableA): null

13-11-2024T09:24:38 - [TEST_STEP][PASSED] - i3 = <not implemented yet for class: org.codehaus.groovy.ast.expr.EmptyExpression>: null

13-11-2024T09:24:38 - [TEST_STEP][PASSED] - i3 = x.indexOf("/") + 1: null

13-11-2024T09:24:38 - [TEST_STEP][PASSED] - x = x.substring(i3, x.length()): null

13-11-2024T09:24:38 - [TEST_STEP][PASSED] - return x: null

13-11-2024T09:24:38 - [TEST_STEP][PASSED] - i = tableA.indexOf("Московский"): null

13-11-2024T09:24:38 - [TEST_STEP][PASSED] - LenA = replaceAll("\p{P}", "").trim(): null

13-11-2024T09:24:38 - [TEST_STEP][PASSED] - println("LenA: " + LenA): null

13-11-2024T09:24:38 - [TEST_STEP][PASSED] - tableA = Script1719551244403.NewDZO(x = tableA): null

13-11-2024T09:24:38 - [TEST_STEP][PASSED] - i3 = <not implemented yet for class: org.codehaus.groovy.ast.expr.EmptyExpression>: null

13-11-2024T09:24:38 - [TEST_STEP][PASSED] - i3 = x.indexOf("/") + 1: null

13-11-2024T09:24:38 - [TEST_STEP][PASSED] - x = x.substring(i3, x.length()): null

13-11-2024T09:24:38 - [TEST_STEP][PASSED] - return x: null

13-11-2024T09:24:38 - [TEST_STEP][PASSED] - tableA = Script1719551244403.NewDZO(x = tableA): null

13-11-2024T09:24:38 - [TEST_STEP][PASSED] - i3 = <not implemented yet for class: org.codehaus.groovy.ast.expr.EmptyExpression>: null

13-11-2024T09:24:38 - [TEST_STEP][PASSED] - i3 = x.indexOf("/") + 1: null

13-11-2024T09:24:38 - [TEST_STEP][PASSED] - x = x.substring(i3, x.length()): null

13-11-2024T09:24:38 - [TEST_STEP][PASSED] - return x: null

13-11-2024T09:24:38 - [TEST_STEP][PASSED] - i = tableA.indexOf("Кавказ"): null

13-11-2024T09:24:38 - [TEST_STEP][PASSED] - MosA = replaceAll("\p{P}", "").trim(): null

13-11-2024T09:24:38 - [TEST_STEP][PASSED] - println("MosA: " + MosA): null

13-11-2024T09:24:38 - [TEST_STEP][PASSED] - for ([i = 1, i < 3, (i++)]): null

13-11-2024T09:24:38 - [TEST_STEP][PASSED] - tableA = Script1719551244403.NewDZO(x = tableA): null

13-11-2024T09:24:38 - [TEST_STEP][PASSED] - i3 = <not implemented yet for class: org.codehaus.groovy.ast.expr.EmptyExpression>: null

13-11-2024T09:24:38 - [TEST_STEP][PASSED] - i3 = x.indexOf("/") + 1: null

13-11-2024T09:24:38 - [TEST_STEP][PASSED] - x = x.substring(i3, x.length()): null

13-11-2024T09:24:38 - [TEST_STEP][PASSED] - return x: null

13-11-2024T09:24:38 - [TEST_STEP][PASSED] - tableA = Script1719551244403.NewDZO(x = tableA): null

13-11-2024T09:24:38 - [TEST_STEP][PASSED] - i3 = <not implemented yet for class: org.codehaus.groovy.ast.expr.EmptyExpression>: null

13-11-2024T09:24:38 - [TEST_STEP][PASSED] - i3 = x.indexOf("/") + 1: null

13-11-2024T09:24:38 - [TEST_STEP][PASSED] - x = x.substring(i3, x.length()): null

13-11-2024T09:24:38 - [TEST_STEP][PASSED] - return x: null

13-11-2024T09:24:38 - [TEST_STEP][PASSED] - i = tableA.indexOf("Запад"): null

13-11-2024T09:24:38 - [TEST_STEP][PASSED] - SKA = replaceAll("\p{P}", "").trim(): null

13-11-2024T09:24:38 - [TEST_STEP][PASSED] - println("SKA: " + SKA): null

13-11-2024T09:24:38 - [TEST_STEP][PASSED] - for ([i = 1, i < 7, (i++)]): null

13-11-2024T09:24:38 - [TEST_STEP][PASSED] - tableA = Script1719551244403.NewDZO(x = tableA): null

13-11-2024T09:24:38 - [TEST_STEP][PASSED] - i3 = <not implemented yet for class: org.codehaus.groovy.ast.expr.EmptyExpression>: null

13-11-2024T09:24:38 - [TEST_STEP][PASSED] - i3 = x.indexOf("/") + 1: null

13-11-2024T09:24:38 - [TEST_STEP][PASSED] - x = x.substring(i3, x.length()): null

13-11-2024T09:24:38 - [TEST_STEP][PASSED] - return x: null

13-11-2024T09:24:38 - [TEST_STEP][PASSED] - tableA = Script1719551244403.NewDZO(x = tableA): null

13-11-2024T09:24:38 - [TEST_STEP][PASSED] - i3 = <not implemented yet for class: org.codehaus.groovy.ast.expr.EmptyExpression>: null

13-11-2024T09:24:38 - [TEST_STEP][PASSED] - i3 = x.indexOf("/") + 1: null

13-11-2024T09:24:38 - [TEST_STEP][PASSED] - x = x.substring(i3, x.length()): null

13-11-2024T09:24:38 - [TEST_STEP][PASSED] - return x: null

13-11-2024T09:24:38 - [TEST_STEP][PASSED] - tableA = Script1719551244403.NewDZO(x = tableA): null

13-11-2024T09:24:38 - [TEST_STEP][PASSED] - i3 = <not implemented yet for class: org.codehaus.groovy.ast.expr.EmptyExpression>: null

13-11-2024T09:24:38 - [TEST_STEP][PASSED] - i3 = x.indexOf("/") + 1: null

13-11-2024T09:24:38 - [TEST_STEP][PASSED] - x = x.substring(i3, x.length()): null

13-11-2024T09:24:38 - [TEST_STEP][PASSED] - return x: null

13-11-2024T09:24:38 - [TEST_STEP][PASSED] - tableA = Script1719551244403.NewDZO(x = tableA): null

13-11-2024T09:24:38 - [TEST_STEP][PASSED] - i3 = <not implemented yet for class: org.codehaus.groovy.ast.expr.EmptyExpression>: null

13-11-2024T09:24:38 - [TEST_STEP][PASSED] - i3 = x.indexOf("/") + 1: null

13-11-2024T09:24:38 - [TEST_STEP][PASSED] - x = x.substring(i3, x.length()): null

13-11-2024T09:24:38 - [TEST_STEP][PASSED] - return x: null

13-11-2024T09:24:38 - [TEST_STEP][PASSED] - tableA = Script1719551244403.NewDZO(x = tableA): null

13-11-2024T09:24:38 - [TEST_STEP][PASSED] - i3 = <not implemented yet for class: org.codehaus.groovy.ast.expr.EmptyExpression>: null

13-11-2024T09:24:38 - [TEST_STEP][PASSED] - i3 = x.indexOf("/") + 1: null

13-11-2024T09:24:38 - [TEST_STEP][PASSED] - x = x.substring(i3, x.length()): null

13-11-2024T09:24:38 - [TEST_STEP][PASSED] - return x: null

13-11-2024T09:24:38 - [TEST_STEP][PASSED] - tableA = Script1719551244403.NewDZO(x = tableA): null

13-11-2024T09:24:38 - [TEST_STEP][PASSED] - i3 = <not implemented yet for class: org.codehaus.groovy.ast.expr.EmptyExpression>: null

13-11-2024T09:24:38 - [TEST_STEP][PASSED] - i3 = x.indexOf("/") + 1: null

13-11-2024T09:24:38 - [TEST_STEP][PASSED] - x = x.substring(i3, x.length()): null

13-11-2024T09:24:38 - [TEST_STEP][PASSED] - return x: null

13-11-2024T09:24:38 - [TEST_STEP][PASSED] - i = tableA.indexOf("Сибирь"): null

13-11-2024T09:24:38 - [TEST_STEP][PASSED] - SZA = replaceAll("\p{P}", "").trim(): null

13-11-2024T09:24:38 - [TEST_STEP][PASSED] - println("SZA: " + SZA): null

13-11-2024T09:24:38 - [TEST_STEP][PASSED] - for ([i = 1, i < 8, (i++)]): null

13-11-2024T09:24:38 - [TEST_STEP][PASSED] - tableA = Script1719551244403.NewDZO(x = tableA): null

13-11-2024T09:24:38 - [TEST_STEP][PASSED] - i3 = <not implemented yet for class: org.codehaus.groovy.ast.expr.EmptyExpression>: null

13-11-2024T09:24:38 - [TEST_STEP][PASSED] - i3 = x.indexOf("/") + 1: null

13-11-2024T09:24:38 - [TEST_STEP][PASSED] - x = x.substring(i3, x.length()): null

13-11-2024T09:24:38 - [TEST_STEP][PASSED] - return x: null

13-11-2024T09:24:38 - [TEST_STEP][PASSED] - tableA = Script1719551244403.NewDZO(x = tableA): null

13-11-2024T09:24:38 - [TEST_STEP][PASSED] - i3 = <not implemented yet for class: org.codehaus.groovy.ast.expr.EmptyExpression>: null

13-11-2024T09:24:38 - [TEST_STEP][PASSED] - i3 = x.indexOf("/") + 1: null

13-11-2024T09:24:38 - [TEST_STEP][PASSED] - x = x.substring(i3, x.length()): null

13-11-2024T09:24:38 - [TEST_STEP][PASSED] - return x: null

13-11-2024T09:24:38 - [TEST_STEP][PASSED] - tableA = Script1719551244403.NewDZO(x = tableA): null

13-11-2024T09:24:38 - [TEST_STEP][PASSED] - i3 = <not implemented yet for class: org.codehaus.groovy.ast.expr.EmptyExpression>: null

13-11-2024T09:24:38 - [TEST_STEP][PASSED] - i3 = x.indexOf("/") + 1: null

13-11-2024T09:24:38 - [TEST_STEP][PASSED] - x = x.substring(i3, x.length()): null

13-11-2024T09:24:38 - [TEST_STEP][PASSED] - return x: null

13-11-2024T09:24:38 - [TEST_STEP][PASSED] - tableA = Script1719551244403.NewDZO(x = tableA): null

13-11-2024T09:24:38 - [TEST_STEP][PASSED] - i3 = <not implemented yet for class: org.codehaus.groovy.ast.expr.EmptyExpression>: null

13-11-2024T09:24:38 - [TEST_STEP][PASSED] - i3 = x.indexOf("/") + 1: null

13-11-2024T09:24:38 - [TEST_STEP][PASSED] - x = x.substring(i3, x.length()): null

13-11-2024T09:24:38 - [TEST_STEP][PASSED] - return x: null

13-11-2024T09:24:38 - [TEST_STEP][PASSED] - tableA = Script1719551244403.NewDZO(x = tableA): null

13-11-2024T09:24:38 - [TEST_STEP][PASSED] - i3 = <not implemented yet for class: org.codehaus.groovy.ast.expr.EmptyExpression>: null

13-11-2024T09:24:38 - [TEST_STEP][PASSED] - i3 = x.indexOf("/") + 1: null

13-11-2024T09:24:38 - [TEST_STEP][PASSED] - x = x.substring(i3, x.length()): null

13-11-2024T09:24:38 - [TEST_STEP][PASSED] - return x: null

13-11-2024T09:24:38 - [TEST_STEP][PASSED] - tableA = Script1719551244403.NewDZO(x = tableA): null

13-11-2024T09:24:38 - [TEST_STEP][PASSED] - i3 = <not implemented yet for class: org.codehaus.groovy.ast.expr.EmptyExpression>: null

13-11-2024T09:24:38 - [TEST_STEP][PASSED] - i3 = x.indexOf("/") + 1: null

13-11-2024T09:24:38 - [TEST_STEP][PASSED] - x = x.substring(i3, x.length()): null

13-11-2024T09:24:38 - [TEST_STEP][PASSED] - return x: null

13-11-2024T09:24:38 - [TEST_STEP][PASSED] - tableA = Script1719551244403.NewDZO(x = tableA): null

13-11-2024T09:24:38 - [TEST_STEP][PASSED] - i3 = <not implemented yet for class: org.codehaus.groovy.ast.expr.EmptyExpression>: null

13-11-2024T09:24:38 - [TEST_STEP][PASSED] - i3 = x.indexOf("/") + 1: null

13-11-2024T09:24:38 - [TEST_STEP][PASSED] - x = x.substring(i3, x.length()): null

13-11-2024T09:24:38 - [TEST_STEP][PASSED] - return x: null

13-11-2024T09:24:38 - [TEST_STEP][PASSED] - i = tableA.indexOf("Томск"): null

13-11-2024T09:24:38 - [TEST_STEP][PASSED] - SiA = replaceAll("\p{P}", "").trim(): null

13-11-2024T09:24:38 - [TEST_STEP][PASSED] - println("SiA: " + SiA): null

13-11-2024T09:24:38 - [TEST_STEP][PASSED] - for ([i = 1, i < 9, (i++)]): null

13-11-2024T09:24:38 - [TEST_STEP][PASSED] - tableA = Script1719551244403.NewDZO(x = tableA): null

13-11-2024T09:24:38 - [TEST_STEP][PASSED] - i3 = <not implemented yet for class: org.codehaus.groovy.ast.expr.EmptyExpression>: null

13-11-2024T09:24:38 - [TEST_STEP][PASSED] - i3 = x.indexOf("/") + 1: null

13-11-2024T09:24:38 - [TEST_STEP][PASSED] - x = x.substring(i3, x.length()): null

13-11-2024T09:24:38 - [TEST_STEP][PASSED] - return x: null

13-11-2024T09:24:38 - [TEST_STEP][PASSED] - tableA = Script1719551244403.NewDZO(x = tableA): null

13-11-2024T09:24:38 - [TEST_STEP][PASSED] - i3 = <not implemented yet for class: org.codehaus.groovy.ast.expr.EmptyExpression>: null

13-11-2024T09:24:38 - [TEST_STEP][PASSED] - i3 = x.indexOf("/") + 1: null

13-11-2024T09:24:38 - [TEST_STEP][PASSED] - x = x.substring(i3, x.length()): null

13-11-2024T09:24:38 - [TEST_STEP][PASSED] - return x: null

13-11-2024T09:24:38 - [TEST_STEP][PASSED] - tableA = Script1719551244403.NewDZO(x = tableA): null

13-11-2024T09:24:38 - [TEST_STEP][PASSED] - i3 = <not implemented yet for class: org.codehaus.groovy.ast.expr.EmptyExpression>: null

13-11-2024T09:24:38 - [TEST_STEP][PASSED] - i3 = x.indexOf("/") + 1: null

13-11-2024T09:24:38 - [TEST_STEP][PASSED] - x = x.substring(i3, x.length()): null

13-11-2024T09:24:38 - [TEST_STEP][PASSED] - return x: null

13-11-2024T09:24:38 - [TEST_STEP][PASSED] - tableA = Script1719551244403.NewDZO(x = tableA): null

13-11-2024T09:24:38 - [TEST_STEP][PASSED] - i3 = <not implemented yet for class: org.codehaus.groovy.ast.expr.EmptyExpression>: null

13-11-2024T09:24:38 - [TEST_STEP][PASSED] - i3 = x.indexOf("/") + 1: null

13-11-2024T09:24:38 - [TEST_STEP][PASSED] - x = x.substring(i3, x.length()): null

13-11-2024T09:24:38 - [TEST_STEP][PASSED] - return x: null

13-11-2024T09:24:38 - [TEST_STEP][PASSED] - tableA = Script1719551244403.NewDZO(x = tableA): null

13-11-2024T09:24:38 - [TEST_STEP][PASSED] - i3 = <not implemented yet for class: org.codehaus.groovy.ast.expr.EmptyExpression>: null

13-11-2024T09:24:38 - [TEST_STEP][PASSED] - i3 = x.indexOf("/") + 1: null

13-11-2024T09:24:38 - [TEST_STEP][PASSED] - x = x.substring(i3, x.length()): null

13-11-2024T09:24:38 - [TEST_STEP][PASSED] - return x: null

13-11-2024T09:24:38 - [TEST_STEP][PASSED] - tableA = Script1719551244403.NewDZO(x = tableA): null

13-11-2024T09:24:38 - [TEST_STEP][PASSED] - i3 = <not implemented yet for class: org.codehaus.groovy.ast.expr.EmptyExpression>: null

13-11-2024T09:24:38 - [TEST_STEP][PASSED] - i3 = x.indexOf("/") + 1: null

13-11-2024T09:24:38 - [TEST_STEP][PASSED] - x = x.substring(i3, x.length()): null

13-11-2024T09:24:38 - [TEST_STEP][PASSED] - return x: null

13-11-2024T09:24:38 - [TEST_STEP][PASSED] - tableA = Script1719551244403.NewDZO(x = tableA): null

13-11-2024T09:24:38 - [TEST_STEP][PASSED] - i3 = <not implemented yet for class: org.codehaus.groovy.ast.expr.EmptyExpression>: null

13-11-2024T09:24:38 - [TEST_STEP][PASSED] - i3 = x.indexOf("/") + 1: null

13-11-2024T09:24:38 - [TEST_STEP][PASSED] - x = x.substring(i3, x.length()): null

13-11-2024T09:24:38 - [TEST_STEP][PASSED] - return x: null

13-11-2024T09:24:38 - [TEST_STEP][PASSED] - tableA = Script1719551244403.NewDZO(x = tableA): null

13-11-2024T09:24:38 - [TEST_STEP][PASSED] - i3 = <not implemented yet for class: org.codehaus.groovy.ast.expr.EmptyExpression>: null

13-11-2024T09:24:38 - [TEST_STEP][PASSED] - i3 = x.indexOf("/") + 1: null

13-11-2024T09:24:38 - [TEST_STEP][PASSED] - x = x.substring(i3, x.length()): null

13-11-2024T09:24:38 - [TEST_STEP][PASSED] - return x: null

13-11-2024T09:24:38 - [TEST_STEP][PASSED] - i = tableA.indexOf("Тюмень"): null

13-11-2024T09:24:38 - [TEST_STEP][PASSED] - ToA = replaceAll("\p{P}", "").trim(): null

13-11-2024T09:24:38 - [TEST_STEP][PASSED] - println("ToA: " + ToA): null

13-11-2024T09:24:38 - [TEST_STEP][PASSED] - tableA = Script1719551244403.NewDZO(x = tableA): null

13-11-2024T09:24:38 - [TEST_STEP][PASSED] - i3 = <not implemented yet for class: org.codehaus.groovy.ast.expr.EmptyExpression>: null

13-11-2024T09:24:38 - [TEST_STEP][PASSED] - i3 = x.indexOf("/") + 1: null

13-11-2024T09:24:38 - [TEST_STEP][PASSED] - x = x.substring(i3, x.length()): null

13-11-2024T09:24:38 - [TEST_STEP][PASSED] - return x: null

13-11-2024T09:24:38 - [TEST_STEP][PASSED] - TyuA = replaceAll("\p{P}", "").trim(): null

13-11-2024T09:24:38 - [TEST_STEP][PASSED] - println("TyuA: " + TyuA): null

13-11-2024T09:24:38 - [TEST_STEP][PASSED] - tableA = Script1719551244403.NewDZO(x = tableA): null

13-11-2024T09:24:38 - [TEST_STEP][PASSED] - i3 = <not implemented yet for class: org.codehaus.groovy.ast.expr.EmptyExpression>: null

13-11-2024T09:24:38 - [TEST_STEP][PASSED] - i3 = x.indexOf("/") + 1: null

13-11-2024T09:24:38 - [TEST_STEP][PASSED] - x = x.substring(i3, x.length()): null

13-11-2024T09:24:38 - [TEST_STEP][PASSED] - return x: null

13-11-2024T09:24:38 - [TEST_STEP][PASSED] - i = tableA.indexOf("ЕЭС"): null

13-11-2024T09:24:38 - [TEST_STEP][PASSED] - UrA = replaceAll("\p{P}", "").trim(): null

13-11-2024T09:24:38 - [TEST_STEP][PASSED] - println("UrA: " + UrA): null

13-11-2024T09:24:38 - [TEST_STEP][PASSED] - for ([i = 1, i < 4, (i++)]): null

13-11-2024T09:24:38 - [TEST_STEP][PASSED] - tableA = Script1719551244403.NewDZO(x = tableA): null

13-11-2024T09:24:38 - [TEST_STEP][PASSED] - i3 = <not implemented yet for class: org.codehaus.groovy.ast.expr.EmptyExpression>: null

13-11-2024T09:24:38 - [TEST_STEP][PASSED] - i3 = x.indexOf("/") + 1: null

13-11-2024T09:24:38 - [TEST_STEP][PASSED] - x = x.substring(i3, x.length()): null

13-11-2024T09:24:38 - [TEST_STEP][PASSED] - return x: null

13-11-2024T09:24:38 - [TEST_STEP][PASSED] - tableA = Script1719551244403.NewDZO(x = tableA): null

13-11-2024T09:24:38 - [TEST_STEP][PASSED] - i3 = <not implemented yet for class: org.codehaus.groovy.ast.expr.EmptyExpression>: null

13-11-2024T09:24:38 - [TEST_STEP][PASSED] - i3 = x.indexOf("/") + 1: null

13-11-2024T09:24:38 - [TEST_STEP][PASSED] - x = x.substring(i3, x.length()): null

13-11-2024T09:24:38 - [TEST_STEP][PASSED] - return x: null

13-11-2024T09:24:38 - [TEST_STEP][PASSED] - tableA = Script1719551244403.NewDZO(x = tableA): null

13-11-2024T09:24:38 - [TEST_STEP][PASSED] - i3 = <not implemented yet for class: org.codehaus.groovy.ast.expr.EmptyExpression>: null

13-11-2024T09:24:38 - [TEST_STEP][PASSED] - i3 = x.indexOf("/") + 1: null

13-11-2024T09:24:38 - [TEST_STEP][PASSED] - x = x.substring(i3, x.length()): null

13-11-2024T09:24:38 - [TEST_STEP][PASSED] - return x: null

13-11-2024T09:24:38 - [TEST_STEP][PASSED] - i = tableA.indexOf("Центр"): null

13-11-2024T09:24:38 - [TEST_STEP][PASSED] - FSKA = replaceAll("\p{P}", "").trim(): null

13-11-2024T09:24:38 - [TEST_STEP][PASSED] - println("FSKA: " + FSKA): null

13-11-2024T09:24:38 - [TEST_STEP][PASSED] - tableA = Script1719551244403.NewDZO(x = tableA): null

13-11-2024T09:24:38 - [TEST_STEP][PASSED] - i3 = <not implemented yet for class: org.codehaus.groovy.ast.expr.EmptyExpression>: null

13-11-2024T09:24:38 - [TEST_STEP][PASSED] - i3 = x.indexOf("/") + 1: null

13-11-2024T09:24:38 - [TEST_STEP][PASSED] - x = x.substring(i3, x.length()): null

13-11-2024T09:24:38 - [TEST_STEP][PASSED] - return x: null

13-11-2024T09:24:38 - [TEST_STEP][PASSED] - i = tableA.indexOf("Приволжье"): null

13-11-2024T09:24:38 - [TEST_STEP][PASSED] - CenA = replaceAll("\p{P}", "").trim(): null

13-11-2024T09:24:38 - [TEST_STEP][PASSED] - println("CenA: " + CenA): null

13-11-2024T09:24:38 - [TEST_STEP][PASSED] - for ([i = 1, i < 12, (i++)]): null

13-11-2024T09:24:38 - [TEST_STEP][PASSED] - tableA = Script1719551244403.NewDZO(x = tableA): null

13-11-2024T09:24:38 - [TEST_STEP][PASSED] - i3 = <not implemented yet for class: org.codehaus.groovy.ast.expr.EmptyExpression>: null

13-11-2024T09:24:38 - [TEST_STEP][PASSED] - i3 = x.indexOf("/") + 1: null

13-11-2024T09:24:38 - [TEST_STEP][PASSED] - x = x.substring(i3, x.length()): null

13-11-2024T09:24:38 - [TEST_STEP][PASSED] - return x: null

13-11-2024T09:24:38 - [TEST_STEP][PASSED] - tableA = Script1719551244403.NewDZO(x = tableA): null

13-11-2024T09:24:38 - [TEST_STEP][PASSED] - i3 = <not implemented yet for class: org.codehaus.groovy.ast.expr.EmptyExpression>: null

13-11-2024T09:24:38 - [TEST_STEP][PASSED] - i3 = x.indexOf("/") + 1: null

13-11-2024T09:24:38 - [TEST_STEP][PASSED] - x = x.substring(i3, x.length()): null

13-11-2024T09:24:38 - [TEST_STEP][PASSED] - return x: null

13-11-2024T09:24:38 - [TEST_STEP][PASSED] - tableA = Script1719551244403.NewDZO(x = tableA): null

13-11-2024T09:24:38 - [TEST_STEP][PASSED] - i3 = <not implemented yet for class: org.codehaus.groovy.ast.expr.EmptyExpression>: null

13-11-2024T09:24:38 - [TEST_STEP][PASSED] - i3 = x.indexOf("/") + 1: null

13-11-2024T09:24:38 - [TEST_STEP][PASSED] - x = x.substring(i3, x.length()): null

13-11-2024T09:24:38 - [TEST_STEP][PASSED] - return x: null

13-11-2024T09:24:38 - [TEST_STEP][PASSED] - tableA = Script1719551244403.NewDZO(x = tableA): null

13-11-2024T09:24:38 - [TEST_STEP][PASSED] - i3 = <not implemented yet for class: org.codehaus.groovy.ast.expr.EmptyExpression>: null

13-11-2024T09:24:38 - [TEST_STEP][PASSED] - i3 = x.indexOf("/") + 1: null

13-11-2024T09:24:38 - [TEST_STEP][PASSED] - x = x.substring(i3, x.length()): null

13-11-2024T09:24:38 - [TEST_STEP][PASSED] - return x: null

13-11-2024T09:24:38 - [TEST_STEP][PASSED] - tableA = Script1719551244403.NewDZO(x = tableA): null

13-11-2024T09:24:38 - [TEST_STEP][PASSED] - i3 = <not implemented yet for class: org.codehaus.groovy.ast.expr.EmptyExpression>: null

13-11-2024T09:24:38 - [TEST_STEP][PASSED] - i3 = x.indexOf("/") + 1: null

13-11-2024T09:24:38 - [TEST_STEP][PASSED] - x = x.substring(i3, x.length()): null

13-11-2024T09:24:38 - [TEST_STEP][PASSED] - return x: null

13-11-2024T09:24:38 - [TEST_STEP][PASSED] - tableA = Script1719551244403.NewDZO(x = tableA): null

13-11-2024T09:24:38 - [TEST_STEP][PASSED] - i3 = <not implemented yet for class: org.codehaus.groovy.ast.expr.EmptyExpression>: null

13-11-2024T09:24:38 - [TEST_STEP][PASSED] - i3 = x.indexOf("/") + 1: null

13-11-2024T09:24:38 - [TEST_STEP][PASSED] - x = x.substring(i3, x.length()): null

13-11-2024T09:24:38 - [TEST_STEP][PASSED] - return x: null

13-11-2024T09:24:38 - [TEST_STEP][PASSED] - tableA = Script1719551244403.NewDZO(x = tableA): null

13-11-2024T09:24:38 - [TEST_STEP][PASSED] - i3 = <not implemented yet for class: org.codehaus.groovy.ast.expr.EmptyExpression>: null

13-11-2024T09:24:38 - [TEST_STEP][PASSED] - i3 = x.indexOf("/") + 1: null

13-11-2024T09:24:38 - [TEST_STEP][PASSED] - x = x.substring(i3, x.length()): null

13-11-2024T09:24:38 - [TEST_STEP][PASSED] - return x: null

13-11-2024T09:24:38 - [TEST_STEP][PASSED] - tableA = Script1719551244403.NewDZO(x = tableA): null

13-11-2024T09:24:38 - [TEST_STEP][PASSED] - i3 = <not implemented yet for class: org.codehaus.groovy.ast.expr.EmptyExpression>: null

13-11-2024T09:24:38 - [TEST_STEP][PASSED] - i3 = x.indexOf("/") + 1: null

13-11-2024T09:24:38 - [TEST_STEP][PASSED] - x = x.substring(i3, x.length()): null

13-11-2024T09:24:38 - [TEST_STEP][PASSED] - return x: null

13-11-2024T09:24:38 - [TEST_STEP][PASSED] - tableA = Script1719551244403.NewDZO(x = tableA): null

13-11-2024T09:24:38 - [TEST_STEP][PASSED] - i3 = <not implemented yet for class: org.codehaus.groovy.ast.expr.EmptyExpression>: null

13-11-2024T09:24:38 - [TEST_STEP][PASSED] - i3 = x.indexOf("/") + 1: null

13-11-2024T09:24:38 - [TEST_STEP][PASSED] - x = x.substring(i3, x.length()): null

13-11-2024T09:24:38 - [TEST_STEP][PASSED] - return x: null

13-11-2024T09:24:38 - [TEST_STEP][PASSED] - tableA = Script1719551244403.NewDZO(x = tableA): null

13-11-2024T09:24:38 - [TEST_STEP][PASSED] - i3 = <not implemented yet for class: org.codehaus.groovy.ast.expr.EmptyExpression>: null

13-11-2024T09:24:38 - [TEST_STEP][PASSED] - i3 = x.indexOf("/") + 1: null

13-11-2024T09:24:38 - [TEST_STEP][PASSED] - x = x.substring(i3, x.length()): null

13-11-2024T09:24:38 - [TEST_STEP][PASSED] - return x: null

13-11-2024T09:24:38 - [TEST_STEP][PASSED] - tableA = Script1719551244403.NewDZO(x = tableA): null

13-11-2024T09:24:38 - [TEST_STEP][PASSED] - i3 = <not implemented yet for class: org.codehaus.groovy.ast.expr.EmptyExpression>: null

13-11-2024T09:24:38 - [TEST_STEP][PASSED] - i3 = x.indexOf("/") + 1: null

13-11-2024T09:24:38 - [TEST_STEP][PASSED] - x = x.substring(i3, x.length()): null

13-11-2024T09:24:38 - [TEST_STEP][PASSED] - return x: null

13-11-2024T09:24:38 - [TEST_STEP][PASSED] - i = tableA.indexOf("Юг"): null

13-11-2024T09:24:38 - [TEST_STEP][PASSED] - CiPA = replaceAll("\p{P}", "").trim(): null

13-11-2024T09:24:38 - [TEST_STEP][PASSED] - println("CiPA: " + CiPA): null

13-11-2024T09:24:38 - [TEST_STEP][PASSED] - for ([i = 1, i < 10, (i++)]): null

13-11-2024T09:24:38 - [TEST_STEP][PASSED] - tableA = Script1719551244403.NewDZO(x = tableA): null

13-11-2024T09:24:38 - [TEST_STEP][PASSED] - i3 = <not implemented yet for class: org.codehaus.groovy.ast.expr.EmptyExpression>: null

13-11-2024T09:24:38 - [TEST_STEP][PASSED] - i3 = x.indexOf("/") + 1: null

13-11-2024T09:24:38 - [TEST_STEP][PASSED] - x = x.substring(i3, x.length()): null

13-11-2024T09:24:38 - [TEST_STEP][PASSED] - return x: null

13-11-2024T09:24:38 - [TEST_STEP][PASSED] - tableA = Script1719551244403.NewDZO(x = tableA): null

13-11-2024T09:24:38 - [TEST_STEP][PASSED] - i3 = <not implemented yet for class: org.codehaus.groovy.ast.expr.EmptyExpression>: null

13-11-2024T09:24:38 - [TEST_STEP][PASSED] - i3 = x.indexOf("/") + 1: null

13-11-2024T09:24:38 - [TEST_STEP][PASSED] - x = x.substring(i3, x.length()): null

13-11-2024T09:24:38 - [TEST_STEP][PASSED] - return x: null

13-11-2024T09:24:38 - [TEST_STEP][PASSED] - tableA = Script1719551244403.NewDZO(x = tableA): null

13-11-2024T09:24:38 - [TEST_STEP][PASSED] - i3 = <not implemented yet for class: org.codehaus.groovy.ast.expr.EmptyExpression>: null

13-11-2024T09:24:38 - [TEST_STEP][PASSED] - i3 = x.indexOf("/") + 1: null

13-11-2024T09:24:38 - [TEST_STEP][PASSED] - x = x.substring(i3, x.length()): null

13-11-2024T09:24:38 - [TEST_STEP][PASSED] - return x: null

13-11-2024T09:24:38 - [TEST_STEP][PASSED] - tableA = Script1719551244403.NewDZO(x = tableA): null

13-11-2024T09:24:38 - [TEST_STEP][PASSED] - i3 = <not implemented yet for class: org.codehaus.groovy.ast.expr.EmptyExpression>: null

13-11-2024T09:24:38 - [TEST_STEP][PASSED] - i3 = x.indexOf("/") + 1: null

13-11-2024T09:24:38 - [TEST_STEP][PASSED] - x = x.substring(i3, x.length()): null

13-11-2024T09:24:38 - [TEST_STEP][PASSED] - return x: null

13-11-2024T09:24:38 - [TEST_STEP][PASSED] - tableA = Script1719551244403.NewDZO(x = tableA): null

13-11-2024T09:24:38 - [TEST_STEP][PASSED] - i3 = <not implemented yet for class: org.codehaus.groovy.ast.expr.EmptyExpression>: null

13-11-2024T09:24:38 - [TEST_STEP][PASSED] - i3 = x.indexOf("/") + 1: null

13-11-2024T09:24:38 - [TEST_STEP][PASSED] - x = x.substring(i3, x.length()): null

13-11-2024T09:24:38 - [TEST_STEP][PASSED] - return x: null

13-11-2024T09:24:38 - [TEST_STEP][PASSED] - tableA = Script1719551244403.NewDZO(x = tableA): null

13-11-2024T09:24:38 - [TEST_STEP][PASSED] - i3 = <not implemented yet for class: org.codehaus.groovy.ast.expr.EmptyExpression>: null

13-11-2024T09:24:38 - [TEST_STEP][PASSED] - i3 = x.indexOf("/") + 1: null

13-11-2024T09:24:38 - [TEST_STEP][PASSED] - x = x.substring(i3, x.length()): null

13-11-2024T09:24:38 - [TEST_STEP][PASSED] - return x: null

13-11-2024T09:24:38 - [TEST_STEP][PASSED] - tableA = Script1719551244403.NewDZO(x = tableA): null

13-11-2024T09:24:38 - [TEST_STEP][PASSED] - i3 = <not implemented yet for class: org.codehaus.groovy.ast.expr.EmptyExpression>: null

13-11-2024T09:24:38 - [TEST_STEP][PASSED] - i3 = x.indexOf("/") + 1: null

13-11-2024T09:24:38 - [TEST_STEP][PASSED] - x = x.substring(i3, x.length()): null

13-11-2024T09:24:38 - [TEST_STEP][PASSED] - return x: null

13-11-2024T09:24:38 - [TEST_STEP][PASSED] - tableA = Script1719551244403.NewDZO(x = tableA): null

13-11-2024T09:24:38 - [TEST_STEP][PASSED] - i3 = <not implemented yet for class: org.codehaus.groovy.ast.expr.EmptyExpression>: null

13-11-2024T09:24:38 - [TEST_STEP][PASSED] - i3 = x.indexOf("/") + 1: null

13-11-2024T09:24:38 - [TEST_STEP][PASSED] - x = x.substring(i3, x.length()): null

13-11-2024T09:24:38 - [TEST_STEP][PASSED] - return x: null

13-11-2024T09:24:38 - [TEST_STEP][PASSED] - tableA = Script1719551244403.NewDZO(x = tableA): null

13-11-2024T09:24:38 - [TEST_STEP][PASSED] - i3 = <not implemented yet for class: org.codehaus.groovy.ast.expr.EmptyExpression>: null

13-11-2024T09:24:38 - [TEST_STEP][PASSED] - i3 = x.indexOf("/") + 1: null

13-11-2024T09:24:38 - [TEST_STEP][PASSED] - x = x.substring(i3, x.length()): null

13-11-2024T09:24:38 - [TEST_STEP][PASSED] - return x: null

13-11-2024T09:24:38 - [TEST_STEP][PASSED] - i = tableA.indexOf("Янтарь"): null

13-11-2024T09:24:38 - [TEST_STEP][PASSED] - UgA = replaceAll("\p{P}", "").trim(): null

13-11-2024T09:24:38 - [TEST_STEP][PASSED] - println("UgA: " + UgA): null

13-11-2024T09:24:38 - [TEST_STEP][PASSED] - i = tableA.lastIndexOf("/"): null

13-11-2024T09:24:38 - [TEST_STEP][PASSED] - YaA = replaceAll("\p{P}", "").trim(): null

13-11-2024T09:24:38 - [TEST_STEP][PASSED] - println("YaA: " + YaA): null

13-11-2024T09:24:38 - [TEST_STEP][PASSED] - delay(10): Delayed 10 second(s)

13-11-2024T09:24:48 - [MESSAGE][PASSED] - Delayed 10 second(s)

13-11-2024T09:24:48 - [TEST_STEP][PASSED] - navigateToUrl(findTestData("PlanFact").getValue(10, 11)): Navigate to 'https://bi.rosseti.digital/viewer?dashboardGuid=a1fd28b3785d443cbc4d7690a1d78e31&sheetGuid=d3a0ddec2e914cb380b20dca74903099&fit=true' successfully

13-11-2024T09:24:49 - [MESSAGE][PASSED] - Navigate to 'https://bi.rosseti.digital/viewer?dashboardGuid=a1fd28b3785d443cbc4d7690a1d78e31&sheetGuid=d3a0ddec2e914cb380b20dca74903099&fit=true' successfully

13-11-2024T09:24:49 - [TEST_STEP][PASSED] - b = <not implemented yet for class: org.codehaus.groovy.ast.expr.EmptyExpression>: null

13-11-2024T09:24:49 - [TEST_STEP][PASSED] - b1 = <not implemented yet for class: org.codehaus.groovy.ast.expr.EmptyExpression>: null

13-11-2024T09:24:49 - [TEST_STEP][PASSED] - b2 = <not implemented yet for class: org.codehaus.groovy.ast.expr.EmptyExpression>: null

13-11-2024T09:24:49 - [TEST_STEP][PASSED] - click(findTestObject("Факторный анализ/Фильтр Дата Выручка")): Object: 'Object Repository/Факторный анализ/Фильтр Дата Выручка' is clicked on

13-11-2024T09:25:21 - [MESSAGE][PASSED] - Object: 'Object Repository/Факторный анализ/Фильтр Дата Выручка' is clicked on

13-11-2024T09:25:21 - [TEST_STEP][PASSED] - click(findTestObject("Факторный анализ/Снять выделение в фильтре Дата Выручка")): Object: 'Object Repository/Факторный анализ/Снять выделение в фильтре Дата Выручка' is clicked on

13-11-2024T09:25:51 - [MESSAGE][PASSED] - Object: 'Object Repository/Факторный анализ/Снять выделение в фильтре Дата Выручка' is clicked on

13-11-2024T09:25:51 - [TEST_STEP][PASSED] - click(findTestObject("Факторный анализ/Применить в фильтре Дата Выручка")): Object: 'Object Repository/Факторный анализ/Применить в фильтре Дата Выручка' is clicked on

13-11-2024T09:26:22 - [MESSAGE][PASSED] - Object: 'Object Repository/Факторный анализ/Применить в фильтре Дата Выручка' is clicked on

13-11-2024T09:26:22 - [TEST_STEP][PASSED] - delay(10): Delayed 10 second(s)

13-11-2024T09:26:32 - [MESSAGE][PASSED] - Delayed 10 second(s)

13-11-2024T09:26:32 - [TEST_STEP][PASSED] - click(findTestObject("Факторный анализ/Фильтр Дата Выручка")): Object: 'Object Repository/Факторный анализ/Фильтр Дата Выручка' is clicked on

13-11-2024T09:26:32 - [MESSAGE][PASSED] - Object: 'Object Repository/Факторный анализ/Фильтр Дата Выручка' is clicked on

13-11-2024T09:26:32 - [TEST_STEP][PASSED] - click(findTestObject("Факторный анализ/Снять выделение в фильтре Дата Выручка")): Object: 'Object Repository/Факторный анализ/Снять выделение в фильтре Дата Выручка' is clicked on

13-11-2024T09:26:33 - [MESSAGE][PASSED] - Object: 'Object Repository/Факторный анализ/Снять выделение в фильтре Дата Выручка' is clicked on

13-11-2024T09:26:33 - [TEST_STEP][PASSED] - scrollToElement(findTestObject("Факторный анализ/2024 список Выручка"), 30): Scroll to object 'Object Repository/Факторный анализ/2024 список Выручка' successfully

13-11-2024T09:26:33 - [MESSAGE][PASSED] - Scroll to object 'Object Repository/Факторный анализ/2024 список Выручка' successfully

13-11-2024T09:26:33 - [TEST_STEP][PASSED] - click(findTestObject("Факторный анализ/2024 список Выручка")): Object: 'Object Repository/Факторный анализ/2024 список Выручка' is clicked on

13-11-2024T09:26:33 - [MESSAGE][PASSED] - Object: 'Object Repository/Факторный анализ/2024 список Выручка' is clicked on

13-11-2024T09:26:33 - [TEST_STEP][PASSED] - scrollToElement(findTestObject("Факторный анализ/1 квартал 2024 выбрать Выручка"), 30): Scroll to object 'Object Repository/Факторный анализ/1 квартал 2024 выбрать Выручка' successfully

13-11-2024T09:26:34 - [MESSAGE][PASSED] - Scroll to object 'Object Repository/Факторный анализ/1 квартал 2024 выбрать Выручка' successfully

13-11-2024T09:26:34 - [TEST_STEP][PASSED] - click(findTestObject("Факторный анализ/1 квартал 2024 выбрать Выручка")): Object: 'Object Repository/Факторный анализ/1 квартал 2024 выбрать Выручка' is clicked on

13-11-2024T09:26:34 - [MESSAGE][PASSED] - Object: 'Object Repository/Факторный анализ/1 квартал 2024 выбрать Выручка' is clicked on

13-11-2024T09:26:34 - [TEST_STEP][PASSED] - scrollToElement(findTestObject("Факторный анализ/2 квартал 2024 выбрать Выручка"), 30): Scroll to object 'Object Repository/Факторный анализ/2 квартал 2024 выбрать Выручка' successfully

13-11-2024T09:26:35 - [MESSAGE][PASSED] - Scroll to object 'Object Repository/Факторный анализ/2 квартал 2024 выбрать Выручка' successfully

13-11-2024T09:26:35 - [TEST_STEP][PASSED] - click(findTestObject("Факторный анализ/2 квартал 2024 выбрать Выручка"), CONTINUE_ON_FAILURE): Object: 'Object Repository/Факторный анализ/2 квартал 2024 выбрать Выручка' is clicked on

13-11-2024T09:26:35 - [MESSAGE][PASSED] - Object: 'Object Repository/Факторный анализ/2 квартал 2024 выбрать Выручка' is clicked on

13-11-2024T09:26:35 - [TEST_STEP][PASSED] - click(findTestObject("Факторный анализ/3 квартал 2024 выбрать Выручка"), CONTINUE_ON_FAILURE): Object: 'Object Repository/Факторный анализ/3 квартал 2024 выбрать Выручка' is clicked on

13-11-2024T09:26:35 - [MESSAGE][PASSED] - Object: 'Object Repository/Факторный анализ/3 квартал 2024 выбрать Выручка' is clicked on

13-11-2024T09:26:35 - [TEST_STEP][PASSED] - scrollToElement(findTestObject("Факторный анализ/Заголовок дашборда Выручка"), 30): Scroll to object 'Object Repository/Факторный анализ/Заголовок дашборда Выручка' successfully

13-11-2024T09:26:36 - [MESSAGE][PASSED] - Scroll to object 'Object Repository/Факторный анализ/Заголовок дашборда Выручка' successfully

13-11-2024T09:26:36 - [TEST_STEP][PASSED] - click(findTestObject("Факторный анализ/Применить в фильтре Дата Выручка")): Object: 'Object Repository/Факторный анализ/Применить в фильтре Дата Выручка' is clicked on

13-11-2024T09:26:36 - [MESSAGE][PASSED] - Object: 'Object Repository/Факторный анализ/Применить в фильтре Дата Выручка' is clicked on

13-11-2024T09:26:36 - [TEST_STEP][PASSED] - if (run == 1): null

13-11-2024T09:26:36 - [TEST_STEP][PASSED] - else: null

13-11-2024T09:26:36 - [TEST_STEP][PASSED] - click(findTestObject("Факторный анализ/Переключить отображение с филиала на месяц")): Object: 'Object Repository/Факторный анализ/Переключить отображение с филиала на месяц' is clicked on

13-11-2024T09:26:40 - [MESSAGE][PASSED] - Object: 'Object Repository/Факторный анализ/Переключить отображение с филиала на месяц' is clicked on

13-11-2024T09:26:40 - [TEST_STEP][PASSED] - b1 = replaceAll("\s+", "").trim(): Text of object 'Object Repository/Факторный анализ/span1 Выручка' is: '-383 585'

13-11-2024T09:26:40 - [MESSAGE][PASSED] - Text of object 'Object Repository/Факторный анализ/span1 Выручка' is: '-383 585'

13-11-2024T09:26:40 - [TEST_STEP][PASSED] - b2 = replaceAll("\s+", "").trim(): Text of object 'Object Repository/Факторный анализ/span2 Выручка' is: '17 144'

13-11-2024T09:26:41 - [MESSAGE][PASSED] - Text of object 'Object Repository/Факторный анализ/span2 Выручка' is: '17 144'

13-11-2024T09:26:41 - [TEST_STEP][PASSED] - println("b1: " + b1): null

13-11-2024T09:26:41 - [TEST_STEP][PASSED] - println("b2: " + b2): null

13-11-2024T09:26:41 - [TEST_STEP][PASSED] - vidget = "Отклонения выручки по факторам": null

13-11-2024T09:26:41 - [TEST_STEP][PASSED] - DZO = "ПАО Россети": null

13-11-2024T09:26:41 - [TEST_STEP][PASSED] - typeOfData = "Отклонение (объём услуг)": null

13-11-2024T09:26:41 - [TEST_STEP][PASSED] - Script1719551244403.Compare(x = a1, y = b1, run, typeOfData, otobrajeniyeDannyh, todaysDate, vidget, DZO): null

13-11-2024T09:26:41 - [TEST_STEP][PASSED] - if (verifyEqual(x, y) == true): Actual object '-383585' and expected object '-383585' are equal

13-11-2024T09:26:41 - [MESSAGE][PASSED] - Actual object '-383585' and expected object '-383585' are equal

13-11-2024T09:26:41 - [TEST_STEP][PASSED] - typeOfData = "Отклонение (средний тариф)": null

13-11-2024T09:26:41 - [TEST_STEP][PASSED] - Script1719551244403.Compare(x = a2, y = b2, run, typeOfData, otobrajeniyeDannyh, todaysDate, vidget, DZO): null

13-11-2024T09:26:41 - [TEST_STEP][PASSED] - if (verifyEqual(x, y) == true): Actual object '17144' and expected object '17144' are equal

13-11-2024T09:26:41 - [MESSAGE][PASSED] - Actual object '17144' and expected object '17144' are equal

13-11-2024T09:26:41 - [TEST_STEP][PASSED] - tableB = getText(findTestObject("Факторный анализ/AllTable1 Выручка")).replaceAll("[\r?
|
]", "/"): Text of object 'Object Repository/Факторный анализ/AllTable1 Выручка' is: 'ДЗО
Филиал
Отклонение (объём услуг) филиал без Nan
Отклонение (средний тариф) филиал без Nan
АО «Тываэнерго» АО "Тываэнерго" 276 -37
АО «Чеченэнерго» АО «Чеченэнерго» 54 14
Россети Волга Мордовэнерго 169 -86
Оренбургэнерго 532 - 162
Пензаэнерго 259 -72
Самарские РС 395 -1 024
Саратовские РС 428 - 443
Ульяновские РС 231 - 201
Чувашэнерго - 126 126
Россети Кубань Кубаньэнерго 3 229 241
Россети Ленэнерго (ГК) Ленинградская область 1 191 598
г. Санкт-Петербург 2 106 -39
Россети Московский регион Московская область 4 566 - 535
г. Москва 2 812 57
Россети Северный Кавказ (ГК) Дагестанская энергосбытовая компания 0 0
Дагэнерго - 462 480
Ингушэнерго - 185 100
Каббалкэнерго 212 26
Карачаево-Черкесскэнерго 111 -9
Севкавказэнерго - 316 125
Ставропольэнерго 289 - 222
Россети Северо-Запад Архангельский филиал 63 -80
Вологодский филиал 229 -6
Карельский филиал -21 160
Мурманский филиал 102 64
Новгородский филиал 207 -40
Псковский филиал 146 -18
филиал в Республике Коми 10 23
Россети Сибирь (ГК) Алтайэнерго 275 275
Бурятэнерго -95 298
ГАЭС 114 -15
Красноярскэнерго 1 087 - 413
Кузбассэнерго-РЭС 329 205
Омскэнерго 127 - 112
Хакасэнерго 327 - 363
Читаэнерго -44 120
Россети Томск Томская распределительная компания 338 - 125
Россети Тюмень Россети Тюмень -3 853 - 459
Россети Урал (ГК) Пермэнерго 594 - 218
Свердловэнерго 805 233
Челябэнерго 973 - 671
Россети ФСК ЕЭС Итого по ФСК ЕЭС -16 312 -8 781
Россети Центр Белгородэнерго 299 111
Брянскэнерго 73 22
Воронежэнерго 602 133
Костромаэнерго 83 2
Курскэнерго 96 86
Липецкэнерго 731 - 322
Орелэнерго 148 -21
Смоленскэнерго 64 35
Тамбовэнерго 276 -4
Тверьэнерго 319 127
Ярэнерго 545 4
Россети Центр и Приволжье (ГК) Владимирэнерго 517 49
Ивэнерго 169 40
Калугаэнерго 558 -42
Кировэнерго 403 0
Мариэнерго 144 19
Нижновэнерго 658 231
Рязаньэнерго 259 47
Тулэнерго 733 - 209
Удмуртэнерго 294 3
Россети Юг (ГК) АО «ВМЭС» 153 41
Астраханьэнерго 73 90
Волгоградэнерго 392 - 310
Калмэнерго 58 -5
Ростовэнерго 779 44
Россети Янтарь Россети Янтарь 305 -28'

13-11-2024T09:26:41 - [MESSAGE][PASSED] - Text of object 'Object Repository/Факторный анализ/AllTable1 Выручка' is: 'ДЗО
Филиал
Отклонение (объём услуг) филиал без Nan
Отклонение (средний тариф) филиал без Nan
АО «Тываэнерго» АО "Тываэнерго" 276 -37
АО «Чеченэнерго» АО «Чеченэнерго» 54 14
Россети Волга Мордовэнерго 169 -86
Оренбургэнерго 532 - 162
Пензаэнерго 259 -72
Самарские РС 395 -1 024
Саратовские РС 428 - 443
Ульяновские РС 231 - 201
Чувашэнерго - 126 126
Россети Кубань Кубаньэнерго 3 229 241
Россети Ленэнерго (ГК) Ленинградская область 1 191 598
г. Санкт-Петербург 2 106 -39
Россети Московский регион Московская область 4 566 - 535
г. Москва 2 812 57
Россети Северный Кавказ (ГК) Дагестанская энергосбытовая компания 0 0
Дагэнерго - 462 480
Ингушэнерго - 185 100
Каббалкэнерго 212 26
Карачаево-Черкесскэнерго 111 -9
Севкавказэнерго - 316 125
Ставропольэнерго 289 - 222
Россети Северо-Запад Архангельский филиал 63 -80
Вологодский филиал 229 -6
Карельский филиал -21 160
Мурманский филиал 102 64
Новгородский филиал 207 -40
Псковский филиал 146 -18
филиал в Республике Коми 10 23
Россети Сибирь (ГК) Алтайэнерго 275 275
Бурятэнерго -95 298
ГАЭС 114 -15
Красноярскэнерго 1 087 - 413
Кузбассэнерго-РЭС 329 205
Омскэнерго 127 - 112
Хакасэнерго 327 - 363
Читаэнерго -44 120
Россети Томск Томская распределительная компания 338 - 125
Россети Тюмень Россети Тюмень -3 853 - 459
Россети Урал (ГК) Пермэнерго 594 - 218
Свердловэнерго 805 233
Челябэнерго 973 - 671
Россети ФСК ЕЭС Итого по ФСК ЕЭС -16 312 -8 781
Россети Центр Белгородэнерго 299 111
Брянскэнерго 73 22
Воронежэнерго 602 133
Костромаэнерго 83 2
Курскэнерго 96 86
Липецкэнерго 731 - 322
Орелэнерго 148 -21
Смоленскэнерго 64 35
Тамбовэнерго 276 -4
Тверьэнерго 319 127
Ярэнерго 545 4
Россети Центр и Приволжье (ГК) Владимирэнерго 517 49
Ивэнерго 169 40
Калугаэнерго 558 -42
Кировэнерго 403 0
Мариэнерго 144 19
Нижновэнерго 658 231
Рязаньэнерго 259 47
Тулэнерго 733 - 209
Удмуртэнерго 294 3
Россети Юг (ГК) АО «ВМЭС» 153 41
Астраханьэнерго 73 90
Волгоградэнерго 392 - 310
Калмэнерго 58 -5
Ростовэнерго 779 44
Россети Янтарь Россети Янтарь 305 -28'

13-11-2024T09:26:41 - [TEST_STEP][PASSED] - println("tableB: " + tableB): null

13-11-2024T09:26:41 - [TEST_STEP][PASSED] - for ([i = 1, i < 5, (i++)]): null

13-11-2024T09:26:41 - [TEST_STEP][PASSED] - ii = tableB.indexOf("/") + 1: null

13-11-2024T09:26:41 - [TEST_STEP][PASSED] - tableB = tableB.substring(ii, tableB.length()): null

13-11-2024T09:26:41 - [TEST_STEP][PASSED] - ii = tableB.indexOf("/") + 1: null

13-11-2024T09:26:41 - [TEST_STEP][PASSED] - tableB = tableB.substring(ii, tableB.length()): null

13-11-2024T09:26:41 - [TEST_STEP][PASSED] - ii = tableB.indexOf("/") + 1: null

13-11-2024T09:26:41 - [TEST_STEP][PASSED] - tableB = tableB.substring(ii, tableB.length()): null

13-11-2024T09:26:41 - [TEST_STEP][PASSED] - ii = tableB.indexOf("/") + 1: null

13-11-2024T09:26:41 - [TEST_STEP][PASSED] - tableB = tableB.substring(ii, tableB.length()): null

13-11-2024T09:26:41 - [TEST_STEP][PASSED] - println("tableB: " + tableB): null

13-11-2024T09:26:41 - [TEST_STEP][PASSED] - TyB = Script1719551244403.GetData(x = tableB): null

13-11-2024T09:26:41 - [TEST_STEP][PASSED] - i2 = <not implemented yet for class: org.codehaus.groovy.ast.expr.EmptyExpression>: null

13-11-2024T09:26:41 - [TEST_STEP][PASSED] - i2 = x.indexOf("/") + 1: null

13-11-2024T09:26:41 - [TEST_STEP][PASSED] - x = replaceAll("\p{P}", "").trim(): null

13-11-2024T09:26:41 - [TEST_STEP][PASSED] - return x: null

13-11-2024T09:26:41 - [TEST_STEP][PASSED] - println("TyB: " + TyB): null

13-11-2024T09:26:41 - [TEST_STEP][PASSED] - tableB = Script1719551244403.NewDZO(x = tableB): null

13-11-2024T09:26:41 - [TEST_STEP][PASSED] - i3 = <not implemented yet for class: org.codehaus.groovy.ast.expr.EmptyExpression>: null

13-11-2024T09:26:41 - [TEST_STEP][PASSED] - i3 = x.indexOf("/") + 1: null

13-11-2024T09:26:41 - [TEST_STEP][PASSED] - x = x.substring(i3, x.length()): null

13-11-2024T09:26:41 - [TEST_STEP][PASSED] - return x: null

13-11-2024T09:26:41 - [TEST_STEP][PASSED] - ChB = Script1719551244403.GetData(x = tableB): null

13-11-2024T09:26:41 - [TEST_STEP][PASSED] - i2 = <not implemented yet for class: org.codehaus.groovy.ast.expr.EmptyExpression>: null

13-11-2024T09:26:41 - [TEST_STEP][PASSED] - i2 = x.indexOf("/") + 1: null

13-11-2024T09:26:41 - [TEST_STEP][PASSED] - x = replaceAll("\p{P}", "").trim(): null

13-11-2024T09:26:41 - [TEST_STEP][PASSED] - return x: null

13-11-2024T09:26:41 - [TEST_STEP][PASSED] - println("ChB: " + ChB): null

13-11-2024T09:26:41 - [TEST_STEP][PASSED] - tableB = Script1719551244403.NewDZO(x = tableB): null

13-11-2024T09:26:41 - [TEST_STEP][PASSED] - i3 = <not implemented yet for class: org.codehaus.groovy.ast.expr.EmptyExpression>: null

13-11-2024T09:26:41 - [TEST_STEP][PASSED] - i3 = x.indexOf("/") + 1: null

13-11-2024T09:26:41 - [TEST_STEP][PASSED] - x = x.substring(i3, x.length()): null

13-11-2024T09:26:41 - [TEST_STEP][PASSED] - return x: null

13-11-2024T09:26:41 - [TEST_STEP][PASSED] - i = tableB.indexOf("Кубань"): null

13-11-2024T09:26:41 - [TEST_STEP][PASSED] - VB = replaceAll("\p{P}", "").trim(): null

13-11-2024T09:26:41 - [TEST_STEP][PASSED] - println("VB: " + VB): null

13-11-2024T09:26:41 - [TEST_STEP][PASSED] - for ([i = 1, i < 8, (i++)]): null

13-11-2024T09:26:41 - [TEST_STEP][PASSED] - tableB = Script1719551244403.NewDZO(x = tableB): null

13-11-2024T09:26:41 - [TEST_STEP][PASSED] - i3 = <not implemented yet for class: org.codehaus.groovy.ast.expr.EmptyExpression>: null

13-11-2024T09:26:41 - [TEST_STEP][PASSED] - i3 = x.indexOf("/") + 1: null

13-11-2024T09:26:41 - [TEST_STEP][PASSED] - x = x.substring(i3, x.length()): null

13-11-2024T09:26:41 - [TEST_STEP][PASSED] - return x: null

13-11-2024T09:26:41 - [TEST_STEP][PASSED] - tableB = Script1719551244403.NewDZO(x = tableB): null

13-11-2024T09:26:41 - [TEST_STEP][PASSED] - i3 = <not implemented yet for class: org.codehaus.groovy.ast.expr.EmptyExpression>: null

13-11-2024T09:26:41 - [TEST_STEP][PASSED] - i3 = x.indexOf("/") + 1: null

13-11-2024T09:26:41 - [TEST_STEP][PASSED] - x = x.substring(i3, x.length()): null

13-11-2024T09:26:41 - [TEST_STEP][PASSED] - return x: null

13-11-2024T09:26:41 - [TEST_STEP][PASSED] - tableB = Script1719551244403.NewDZO(x = tableB): null

13-11-2024T09:26:41 - [TEST_STEP][PASSED] - i3 = <not implemented yet for class: org.codehaus.groovy.ast.expr.EmptyExpression>: null

13-11-2024T09:26:41 - [TEST_STEP][PASSED] - i3 = x.indexOf("/") + 1: null

13-11-2024T09:26:41 - [TEST_STEP][PASSED] - x = x.substring(i3, x.length()): null

13-11-2024T09:26:41 - [TEST_STEP][PASSED] - return x: null

13-11-2024T09:26:41 - [TEST_STEP][PASSED] - tableB = Script1719551244403.NewDZO(x = tableB): null

13-11-2024T09:26:41 - [TEST_STEP][PASSED] - i3 = <not implemented yet for class: org.codehaus.groovy.ast.expr.EmptyExpression>: null

13-11-2024T09:26:41 - [TEST_STEP][PASSED] - i3 = x.indexOf("/") + 1: null

13-11-2024T09:26:41 - [TEST_STEP][PASSED] - x = x.substring(i3, x.length()): null

13-11-2024T09:26:41 - [TEST_STEP][PASSED] - return x: null

13-11-2024T09:26:41 - [TEST_STEP][PASSED] - tableB = Script1719551244403.NewDZO(x = tableB): null

13-11-2024T09:26:41 - [TEST_STEP][PASSED] - i3 = <not implemented yet for class: org.codehaus.groovy.ast.expr.EmptyExpression>: null

13-11-2024T09:26:41 - [TEST_STEP][PASSED] - i3 = x.indexOf("/") + 1: null

13-11-2024T09:26:41 - [TEST_STEP][PASSED] - x = x.substring(i3, x.length()): null

13-11-2024T09:26:41 - [TEST_STEP][PASSED] - return x: null

13-11-2024T09:26:41 - [TEST_STEP][PASSED] - tableB = Script1719551244403.NewDZO(x = tableB): null

13-11-2024T09:26:41 - [TEST_STEP][PASSED] - i3 = <not implemented yet for class: org.codehaus.groovy.ast.expr.EmptyExpression>: null

13-11-2024T09:26:41 - [TEST_STEP][PASSED] - i3 = x.indexOf("/") + 1: null

13-11-2024T09:26:41 - [TEST_STEP][PASSED] - x = x.substring(i3, x.length()): null

13-11-2024T09:26:41 - [TEST_STEP][PASSED] - return x: null

13-11-2024T09:26:41 - [TEST_STEP][PASSED] - tableB = Script1719551244403.NewDZO(x = tableB): null

13-11-2024T09:26:41 - [TEST_STEP][PASSED] - i3 = <not implemented yet for class: org.codehaus.groovy.ast.expr.EmptyExpression>: null

13-11-2024T09:26:41 - [TEST_STEP][PASSED] - i3 = x.indexOf("/") + 1: null

13-11-2024T09:26:41 - [TEST_STEP][PASSED] - x = x.substring(i3, x.length()): null

13-11-2024T09:26:41 - [TEST_STEP][PASSED] - return x: null

13-11-2024T09:26:41 - [TEST_STEP][PASSED] - i = tableB.indexOf("Ленэнерго"): null

13-11-2024T09:26:41 - [TEST_STEP][PASSED] - KuB = Script1719551244403.GetData(x = tableB): null

13-11-2024T09:26:41 - [TEST_STEP][PASSED] - i2 = <not implemented yet for class: org.codehaus.groovy.ast.expr.EmptyExpression>: null

13-11-2024T09:26:41 - [TEST_STEP][PASSED] - i2 = x.indexOf("/") + 1: null

13-11-2024T09:26:41 - [TEST_STEP][PASSED] - x = replaceAll("\p{P}", "").trim(): null

13-11-2024T09:26:41 - [TEST_STEP][PASSED] - return x: null

13-11-2024T09:26:41 - [TEST_STEP][PASSED] - println("KuB: " + KuB): null

13-11-2024T09:26:41 - [TEST_STEP][PASSED] - tableB = Script1719551244403.NewDZO(x = tableB): null

13-11-2024T09:26:41 - [TEST_STEP][PASSED] - i3 = <not implemented yet for class: org.codehaus.groovy.ast.expr.EmptyExpression>: null

13-11-2024T09:26:41 - [TEST_STEP][PASSED] - i3 = x.indexOf("/") + 1: null

13-11-2024T09:26:41 - [TEST_STEP][PASSED] - x = x.substring(i3, x.length()): null

13-11-2024T09:26:41 - [TEST_STEP][PASSED] - return x: null

13-11-2024T09:26:41 - [TEST_STEP][PASSED] - i = tableB.indexOf("Московский"): null

13-11-2024T09:26:41 - [TEST_STEP][PASSED] - LenB = replaceAll("\p{P}", "").trim(): null

13-11-2024T09:26:41 - [TEST_STEP][PASSED] - println("LenB: " + LenB): null

13-11-2024T09:26:41 - [TEST_STEP][PASSED] - tableB = Script1719551244403.NewDZO(x = tableB): null

13-11-2024T09:26:41 - [TEST_STEP][PASSED] - i3 = <not implemented yet for class: org.codehaus.groovy.ast.expr.EmptyExpression>: null

13-11-2024T09:26:41 - [TEST_STEP][PASSED] - i3 = x.indexOf("/") + 1: null

13-11-2024T09:26:41 - [TEST_STEP][PASSED] - x = x.substring(i3, x.length()): null

13-11-2024T09:26:41 - [TEST_STEP][PASSED] - return x: null

13-11-2024T09:26:41 - [TEST_STEP][PASSED] - tableB = Script1719551244403.NewDZO(x = tableB): null

13-11-2024T09:26:41 - [TEST_STEP][PASSED] - i3 = <not implemented yet for class: org.codehaus.groovy.ast.expr.EmptyExpression>: null

13-11-2024T09:26:41 - [TEST_STEP][PASSED] - i3 = x.indexOf("/") + 1: null

13-11-2024T09:26:41 - [TEST_STEP][PASSED] - x = x.substring(i3, x.length()): null

13-11-2024T09:26:41 - [TEST_STEP][PASSED] - return x: null

13-11-2024T09:26:41 - [TEST_STEP][PASSED] - i = tableB.indexOf("Кавказ"): null

13-11-2024T09:26:41 - [TEST_STEP][PASSED] - MosB = replaceAll("\p{P}", "").trim(): null

13-11-2024T09:26:41 - [TEST_STEP][PASSED] - println("MosB: " + MosB): null

13-11-2024T09:26:41 - [TEST_STEP][PASSED] - for ([i = 1, i < 3, (i++)]): null

13-11-2024T09:26:41 - [TEST_STEP][PASSED] - tableB = Script1719551244403.NewDZO(x = tableB): null

13-11-2024T09:26:41 - [TEST_STEP][PASSED] - i3 = <not implemented yet for class: org.codehaus.groovy.ast.expr.EmptyExpression>: null

13-11-2024T09:26:41 - [TEST_STEP][PASSED] - i3 = x.indexOf("/") + 1: null

13-11-2024T09:26:41 - [TEST_STEP][PASSED] - x = x.substring(i3, x.length()): null

13-11-2024T09:26:41 - [TEST_STEP][PASSED] - return x: null

13-11-2024T09:26:41 - [TEST_STEP][PASSED] - tableB = Script1719551244403.NewDZO(x = tableB): null

13-11-2024T09:26:41 - [TEST_STEP][PASSED] - i3 = <not implemented yet for class: org.codehaus.groovy.ast.expr.EmptyExpression>: null

13-11-2024T09:26:41 - [TEST_STEP][PASSED] - i3 = x.indexOf("/") + 1: null

13-11-2024T09:26:41 - [TEST_STEP][PASSED] - x = x.substring(i3, x.length()): null

13-11-2024T09:26:41 - [TEST_STEP][PASSED] - return x: null

13-11-2024T09:26:41 - [TEST_STEP][PASSED] - i = tableB.indexOf("Запад"): null

13-11-2024T09:26:41 - [TEST_STEP][PASSED] - SKB = replaceAll("\p{P}", "").trim(): null

13-11-2024T09:26:41 - [TEST_STEP][PASSED] - println("SKB: " + SKB): null

13-11-2024T09:26:41 - [TEST_STEP][PASSED] - for ([i = 1, i < 7, (i++)]): null

13-11-2024T09:26:41 - [TEST_STEP][PASSED] - tableB = Script1719551244403.NewDZO(x = tableB): null

13-11-2024T09:26:41 - [TEST_STEP][PASSED] - i3 = <not implemented yet for class: org.codehaus.groovy.ast.expr.EmptyExpression>: null

13-11-2024T09:26:41 - [TEST_STEP][PASSED] - i3 = x.indexOf("/") + 1: null

13-11-2024T09:26:41 - [TEST_STEP][PASSED] - x = x.substring(i3, x.length()): null

13-11-2024T09:26:41 - [TEST_STEP][PASSED] - return x: null

13-11-2024T09:26:41 - [TEST_STEP][PASSED] - tableB = Script1719551244403.NewDZO(x = tableB): null

13-11-2024T09:26:41 - [TEST_STEP][PASSED] - i3 = <not implemented yet for class: org.codehaus.groovy.ast.expr.EmptyExpression>: null

13-11-2024T09:26:41 - [TEST_STEP][PASSED] - i3 = x.indexOf("/") + 1: null

13-11-2024T09:26:41 - [TEST_STEP][PASSED] - x = x.substring(i3, x.length()): null

13-11-2024T09:26:41 - [TEST_STEP][PASSED] - return x: null

13-11-2024T09:26:41 - [TEST_STEP][PASSED] - tableB = Script1719551244403.NewDZO(x = tableB): null

13-11-2024T09:26:41 - [TEST_STEP][PASSED] - i3 = <not implemented yet for class: org.codehaus.groovy.ast.expr.EmptyExpression>: null

13-11-2024T09:26:41 - [TEST_STEP][PASSED] - i3 = x.indexOf("/") + 1: null

13-11-2024T09:26:41 - [TEST_STEP][PASSED] - x = x.substring(i3, x.length()): null

13-11-2024T09:26:41 - [TEST_STEP][PASSED] - return x: null

13-11-2024T09:26:41 - [TEST_STEP][PASSED] - tableB = Script1719551244403.NewDZO(x = tableB): null

13-11-2024T09:26:41 - [TEST_STEP][PASSED] - i3 = <not implemented yet for class: org.codehaus.groovy.ast.expr.EmptyExpression>: null

13-11-2024T09:26:41 - [TEST_STEP][PASSED] - i3 = x.indexOf("/") + 1: null

13-11-2024T09:26:41 - [TEST_STEP][PASSED] - x = x.substring(i3, x.length()): null

13-11-2024T09:26:41 - [TEST_STEP][PASSED] - return x: null

13-11-2024T09:26:41 - [TEST_STEP][PASSED] - tableB = Script1719551244403.NewDZO(x = tableB): null

13-11-2024T09:26:41 - [TEST_STEP][PASSED] - i3 = <not implemented yet for class: org.codehaus.groovy.ast.expr.EmptyExpression>: null

13-11-2024T09:26:41 - [TEST_STEP][PASSED] - i3 = x.indexOf("/") + 1: null

13-11-2024T09:26:41 - [TEST_STEP][PASSED] - x = x.substring(i3, x.length()): null

13-11-2024T09:26:41 - [TEST_STEP][PASSED] - return x: null

13-11-2024T09:26:41 - [TEST_STEP][PASSED] - tableB = Script1719551244403.NewDZO(x = tableB): null

13-11-2024T09:26:41 - [TEST_STEP][PASSED] - i3 = <not implemented yet for class: org.codehaus.groovy.ast.expr.EmptyExpression>: null

13-11-2024T09:26:41 - [TEST_STEP][PASSED] - i3 = x.indexOf("/") + 1: null

13-11-2024T09:26:41 - [TEST_STEP][PASSED] - x = x.substring(i3, x.length()): null

13-11-2024T09:26:41 - [TEST_STEP][PASSED] - return x: null

13-11-2024T09:26:41 - [TEST_STEP][PASSED] - i = tableB.indexOf("Сибирь"): null

13-11-2024T09:26:41 - [TEST_STEP][PASSED] - SZB = replaceAll("\p{P}", "").trim(): null

13-11-2024T09:26:41 - [TEST_STEP][PASSED] - println("SZB: " + SZB): null

13-11-2024T09:26:41 - [TEST_STEP][PASSED] - for ([i = 1, i < 8, (i++)]): null

13-11-2024T09:26:41 - [TEST_STEP][PASSED] - tableB = Script1719551244403.NewDZO(x = tableB): null

13-11-2024T09:26:41 - [TEST_STEP][PASSED] - i3 = <not implemented yet for class: org.codehaus.groovy.ast.expr.EmptyExpression>: null

13-11-2024T09:26:41 - [TEST_STEP][PASSED] - i3 = x.indexOf("/") + 1: null

13-11-2024T09:26:41 - [TEST_STEP][PASSED] - x = x.substring(i3, x.length()): null

13-11-2024T09:26:41 - [TEST_STEP][PASSED] - return x: null

13-11-2024T09:26:41 - [TEST_STEP][PASSED] - tableB = Script1719551244403.NewDZO(x = tableB): null

13-11-2024T09:26:41 - [TEST_STEP][PASSED] - i3 = <not implemented yet for class: org.codehaus.groovy.ast.expr.EmptyExpression>: null

13-11-2024T09:26:41 - [TEST_STEP][PASSED] - i3 = x.indexOf("/") + 1: null

13-11-2024T09:26:41 - [TEST_STEP][PASSED] - x = x.substring(i3, x.length()): null

13-11-2024T09:26:41 - [TEST_STEP][PASSED] - return x: null

13-11-2024T09:26:41 - [TEST_STEP][PASSED] - tableB = Script1719551244403.NewDZO(x = tableB): null

13-11-2024T09:26:41 - [TEST_STEP][PASSED] - i3 = <not implemented yet for class: org.codehaus.groovy.ast.expr.EmptyExpression>: null

13-11-2024T09:26:41 - [TEST_STEP][PASSED] - i3 = x.indexOf("/") + 1: null

13-11-2024T09:26:41 - [TEST_STEP][PASSED] - x = x.substring(i3, x.length()): null

13-11-2024T09:26:41 - [TEST_STEP][PASSED] - return x: null

13-11-2024T09:26:41 - [TEST_STEP][PASSED] - tableB = Script1719551244403.NewDZO(x = tableB): null

13-11-2024T09:26:41 - [TEST_STEP][PASSED] - i3 = <not implemented yet for class: org.codehaus.groovy.ast.expr.EmptyExpression>: null

13-11-2024T09:26:41 - [TEST_STEP][PASSED] - i3 = x.indexOf("/") + 1: null

13-11-2024T09:26:41 - [TEST_STEP][PASSED] - x = x.substring(i3, x.length()): null

13-11-2024T09:26:41 - [TEST_STEP][PASSED] - return x: null

13-11-2024T09:26:41 - [TEST_STEP][PASSED] - tableB = Script1719551244403.NewDZO(x = tableB): null

13-11-2024T09:26:41 - [TEST_STEP][PASSED] - i3 = <not implemented yet for class: org.codehaus.groovy.ast.expr.EmptyExpression>: null

13-11-2024T09:26:41 - [TEST_STEP][PASSED] - i3 = x.indexOf("/") + 1: null

13-11-2024T09:26:41 - [TEST_STEP][PASSED] - x = x.substring(i3, x.length()): null

13-11-2024T09:26:41 - [TEST_STEP][PASSED] - return x: null

13-11-2024T09:26:41 - [TEST_STEP][PASSED] - tableB = Script1719551244403.NewDZO(x = tableB): null

13-11-2024T09:26:41 - [TEST_STEP][PASSED] - i3 = <not implemented yet for class: org.codehaus.groovy.ast.expr.EmptyExpression>: null

13-11-2024T09:26:41 - [TEST_STEP][PASSED] - i3 = x.indexOf("/") + 1: null

13-11-2024T09:26:41 - [TEST_STEP][PASSED] - x = x.substring(i3, x.length()): null

13-11-2024T09:26:41 - [TEST_STEP][PASSED] - return x: null

13-11-2024T09:26:41 - [TEST_STEP][PASSED] - tableB = Script1719551244403.NewDZO(x = tableB): null

13-11-2024T09:26:41 - [TEST_STEP][PASSED] - i3 = <not implemented yet for class: org.codehaus.groovy.ast.expr.EmptyExpression>: null

13-11-2024T09:26:41 - [TEST_STEP][PASSED] - i3 = x.indexOf("/") + 1: null

13-11-2024T09:26:41 - [TEST_STEP][PASSED] - x = x.substring(i3, x.length()): null

13-11-2024T09:26:41 - [TEST_STEP][PASSED] - return x: null

13-11-2024T09:26:41 - [TEST_STEP][PASSED] - i = tableB.indexOf("Томск"): null

13-11-2024T09:26:41 - [TEST_STEP][PASSED] - SiB = replaceAll("\p{P}", "").trim(): null

13-11-2024T09:26:41 - [TEST_STEP][PASSED] - println("SiB: " + SiB): null

13-11-2024T09:26:41 - [TEST_STEP][PASSED] - for ([i = 1, i < 9, (i++)]): null

13-11-2024T09:26:41 - [TEST_STEP][PASSED] - tableB = Script1719551244403.NewDZO(x = tableB): null

13-11-2024T09:26:41 - [TEST_STEP][PASSED] - i3 = <not implemented yet for class: org.codehaus.groovy.ast.expr.EmptyExpression>: null

13-11-2024T09:26:41 - [TEST_STEP][PASSED] - i3 = x.indexOf("/") + 1: null

13-11-2024T09:26:41 - [TEST_STEP][PASSED] - x = x.substring(i3, x.length()): null

13-11-2024T09:26:41 - [TEST_STEP][PASSED] - return x: null

13-11-2024T09:26:41 - [TEST_STEP][PASSED] - tableB = Script1719551244403.NewDZO(x = tableB): null

13-11-2024T09:26:41 - [TEST_STEP][PASSED] - i3 = <not implemented yet for class: org.codehaus.groovy.ast.expr.EmptyExpression>: null

13-11-2024T09:26:41 - [TEST_STEP][PASSED] - i3 = x.indexOf("/") + 1: null

13-11-2024T09:26:41 - [TEST_STEP][PASSED] - x = x.substring(i3, x.length()): null

13-11-2024T09:26:41 - [TEST_STEP][PASSED] - return x: null

13-11-2024T09:26:41 - [TEST_STEP][PASSED] - tableB = Script1719551244403.NewDZO(x = tableB): null

13-11-2024T09:26:41 - [TEST_STEP][PASSED] - i3 = <not implemented yet for class: org.codehaus.groovy.ast.expr.EmptyExpression>: null

13-11-2024T09:26:41 - [TEST_STEP][PASSED] - i3 = x.indexOf("/") + 1: null

13-11-2024T09:26:41 - [TEST_STEP][PASSED] - x = x.substring(i3, x.length()): null

13-11-2024T09:26:41 - [TEST_STEP][PASSED] - return x: null

13-11-2024T09:26:41 - [TEST_STEP][PASSED] - tableB = Script1719551244403.NewDZO(x = tableB): null

13-11-2024T09:26:41 - [TEST_STEP][PASSED] - i3 = <not implemented yet for class: org.codehaus.groovy.ast.expr.EmptyExpression>: null

13-11-2024T09:26:41 - [TEST_STEP][PASSED] - i3 = x.indexOf("/") + 1: null

13-11-2024T09:26:41 - [TEST_STEP][PASSED] - x = x.substring(i3, x.length()): null

13-11-2024T09:26:41 - [TEST_STEP][PASSED] - return x: null

13-11-2024T09:26:41 - [TEST_STEP][PASSED] - tableB = Script1719551244403.NewDZO(x = tableB): null

13-11-2024T09:26:41 - [TEST_STEP][PASSED] - i3 = <not implemented yet for class: org.codehaus.groovy.ast.expr.EmptyExpression>: null

13-11-2024T09:26:41 - [TEST_STEP][PASSED] - i3 = x.indexOf("/") + 1: null

13-11-2024T09:26:41 - [TEST_STEP][PASSED] - x = x.substring(i3, x.length()): null

13-11-2024T09:26:41 - [TEST_STEP][PASSED] - return x: null

13-11-2024T09:26:41 - [TEST_STEP][PASSED] - tableB = Script1719551244403.NewDZO(x = tableB): null

13-11-2024T09:26:41 - [TEST_STEP][PASSED] - i3 = <not implemented yet for class: org.codehaus.groovy.ast.expr.EmptyExpression>: null

13-11-2024T09:26:41 - [TEST_STEP][PASSED] - i3 = x.indexOf("/") + 1: null

13-11-2024T09:26:41 - [TEST_STEP][PASSED] - x = x.substring(i3, x.length()): null

13-11-2024T09:26:41 - [TEST_STEP][PASSED] - return x: null

13-11-2024T09:26:41 - [TEST_STEP][PASSED] - tableB = Script1719551244403.NewDZO(x = tableB): null

13-11-2024T09:26:41 - [TEST_STEP][PASSED] - i3 = <not implemented yet for class: org.codehaus.groovy.ast.expr.EmptyExpression>: null

13-11-2024T09:26:41 - [TEST_STEP][PASSED] - i3 = x.indexOf("/") + 1: null

13-11-2024T09:26:41 - [TEST_STEP][PASSED] - x = x.substring(i3, x.length()): null

13-11-2024T09:26:41 - [TEST_STEP][PASSED] - return x: null

13-11-2024T09:26:41 - [TEST_STEP][PASSED] - tableB = Script1719551244403.NewDZO(x = tableB): null

13-11-2024T09:26:41 - [TEST_STEP][PASSED] - i3 = <not implemented yet for class: org.codehaus.groovy.ast.expr.EmptyExpression>: null

13-11-2024T09:26:41 - [TEST_STEP][PASSED] - i3 = x.indexOf("/") + 1: null

13-11-2024T09:26:41 - [TEST_STEP][PASSED] - x = x.substring(i3, x.length()): null

13-11-2024T09:26:41 - [TEST_STEP][PASSED] - return x: null

13-11-2024T09:26:41 - [TEST_STEP][PASSED] - i = tableB.indexOf("Тюмень"): null

13-11-2024T09:26:41 - [TEST_STEP][PASSED] - ToB = replaceAll("\p{P}", "").trim(): null

13-11-2024T09:26:41 - [TEST_STEP][PASSED] - println("ToB: " + ToB): null

13-11-2024T09:26:41 - [TEST_STEP][PASSED] - tableB = Script1719551244403.NewDZO(x = tableB): null

13-11-2024T09:26:41 - [TEST_STEP][PASSED] - i3 = <not implemented yet for class: org.codehaus.groovy.ast.expr.EmptyExpression>: null

13-11-2024T09:26:41 - [TEST_STEP][PASSED] - i3 = x.indexOf("/") + 1: null

13-11-2024T09:26:41 - [TEST_STEP][PASSED] - x = x.substring(i3, x.length()): null

13-11-2024T09:26:41 - [TEST_STEP][PASSED] - return x: null

13-11-2024T09:26:41 - [TEST_STEP][PASSED] - TyuB = replaceAll("\p{P}", "").trim(): null

13-11-2024T09:26:41 - [TEST_STEP][PASSED] - println("TyuB: " + TyuB): null

13-11-2024T09:26:41 - [TEST_STEP][PASSED] - tableB = Script1719551244403.NewDZO(x = tableB): null

13-11-2024T09:26:41 - [TEST_STEP][PASSED] - i3 = <not implemented yet for class: org.codehaus.groovy.ast.expr.EmptyExpression>: null

13-11-2024T09:26:41 - [TEST_STEP][PASSED] - i3 = x.indexOf("/") + 1: null

13-11-2024T09:26:41 - [TEST_STEP][PASSED] - x = x.substring(i3, x.length()): null

13-11-2024T09:26:41 - [TEST_STEP][PASSED] - return x: null

13-11-2024T09:26:41 - [TEST_STEP][PASSED] - i = tableB.indexOf("ЕЭС"): null

13-11-2024T09:26:41 - [TEST_STEP][PASSED] - UrB = replaceAll("\p{P}", "").trim(): null

13-11-2024T09:26:41 - [TEST_STEP][PASSED] - println("UrB: " + UrB): null

13-11-2024T09:26:41 - [TEST_STEP][PASSED] - for ([i = 1, i < 4, (i++)]): null

13-11-2024T09:26:41 - [TEST_STEP][PASSED] - tableB = Script1719551244403.NewDZO(x = tableB): null

13-11-2024T09:26:41 - [TEST_STEP][PASSED] - i3 = <not implemented yet for class: org.codehaus.groovy.ast.expr.EmptyExpression>: null

13-11-2024T09:26:41 - [TEST_STEP][PASSED] - i3 = x.indexOf("/") + 1: null

13-11-2024T09:26:41 - [TEST_STEP][PASSED] - x = x.substring(i3, x.length()): null

13-11-2024T09:26:41 - [TEST_STEP][PASSED] - return x: null

13-11-2024T09:26:41 - [TEST_STEP][PASSED] - tableB = Script1719551244403.NewDZO(x = tableB): null

13-11-2024T09:26:41 - [TEST_STEP][PASSED] - i3 = <not implemented yet for class: org.codehaus.groovy.ast.expr.EmptyExpression>: null

13-11-2024T09:26:41 - [TEST_STEP][PASSED] - i3 = x.indexOf("/") + 1: null

13-11-2024T09:26:41 - [TEST_STEP][PASSED] - x = x.substring(i3, x.length()): null

13-11-2024T09:26:41 - [TEST_STEP][PASSED] - return x: null

13-11-2024T09:26:41 - [TEST_STEP][PASSED] - tableB = Script1719551244403.NewDZO(x = tableB): null

13-11-2024T09:26:41 - [TEST_STEP][PASSED] - i3 = <not implemented yet for class: org.codehaus.groovy.ast.expr.EmptyExpression>: null

13-11-2024T09:26:41 - [TEST_STEP][PASSED] - i3 = x.indexOf("/") + 1: null

13-11-2024T09:26:41 - [TEST_STEP][PASSED] - x = x.substring(i3, x.length()): null

13-11-2024T09:26:41 - [TEST_STEP][PASSED] - return x: null

13-11-2024T09:26:41 - [TEST_STEP][PASSED] - i = tableB.indexOf("Центр"): null

13-11-2024T09:26:41 - [TEST_STEP][PASSED] - FSKB = replaceAll("\p{P}", "").trim(): null

13-11-2024T09:26:41 - [TEST_STEP][PASSED] - println("FSKB: " + FSKB): null

13-11-2024T09:26:41 - [TEST_STEP][PASSED] - tableB = Script1719551244403.NewDZO(x = tableB): null

13-11-2024T09:26:41 - [TEST_STEP][PASSED] - i3 = <not implemented yet for class: org.codehaus.groovy.ast.expr.EmptyExpression>: null

13-11-2024T09:26:41 - [TEST_STEP][PASSED] - i3 = x.indexOf("/") + 1: null

13-11-2024T09:26:41 - [TEST_STEP][PASSED] - x = x.substring(i3, x.length()): null

13-11-2024T09:26:41 - [TEST_STEP][PASSED] - return x: null

13-11-2024T09:26:41 - [TEST_STEP][PASSED] - i = tableB.indexOf("Приволжье"): null

13-11-2024T09:26:41 - [TEST_STEP][PASSED] - CenB = replaceAll("\p{P}", "").trim(): null

13-11-2024T09:26:41 - [TEST_STEP][PASSED] - println("CenB: " + CenB): null

13-11-2024T09:26:41 - [TEST_STEP][PASSED] - for ([i = 1, i < 12, (i++)]): null

13-11-2024T09:26:41 - [TEST_STEP][PASSED] - tableB = Script1719551244403.NewDZO(x = tableB): null

13-11-2024T09:26:41 - [TEST_STEP][PASSED] - i3 = <not implemented yet for class: org.codehaus.groovy.ast.expr.EmptyExpression>: null

13-11-2024T09:26:41 - [TEST_STEP][PASSED] - i3 = x.indexOf("/") + 1: null

13-11-2024T09:26:41 - [TEST_STEP][PASSED] - x = x.substring(i3, x.length()): null

13-11-2024T09:26:41 - [TEST_STEP][PASSED] - return x: null

13-11-2024T09:26:41 - [TEST_STEP][PASSED] - tableB = Script1719551244403.NewDZO(x = tableB): null

13-11-2024T09:26:41 - [TEST_STEP][PASSED] - i3 = <not implemented yet for class: org.codehaus.groovy.ast.expr.EmptyExpression>: null

13-11-2024T09:26:41 - [TEST_STEP][PASSED] - i3 = x.indexOf("/") + 1: null

13-11-2024T09:26:41 - [TEST_STEP][PASSED] - x = x.substring(i3, x.length()): null

13-11-2024T09:26:41 - [TEST_STEP][PASSED] - return x: null

13-11-2024T09:26:41 - [TEST_STEP][PASSED] - tableB = Script1719551244403.NewDZO(x = tableB): null

13-11-2024T09:26:41 - [TEST_STEP][PASSED] - i3 = <not implemented yet for class: org.codehaus.groovy.ast.expr.EmptyExpression>: null

13-11-2024T09:26:41 - [TEST_STEP][PASSED] - i3 = x.indexOf("/") + 1: null

13-11-2024T09:26:41 - [TEST_STEP][PASSED] - x = x.substring(i3, x.length()): null

13-11-2024T09:26:41 - [TEST_STEP][PASSED] - return x: null

13-11-2024T09:26:41 - [TEST_STEP][PASSED] - tableB = Script1719551244403.NewDZO(x = tableB): null

13-11-2024T09:26:41 - [TEST_STEP][PASSED] - i3 = <not implemented yet for class: org.codehaus.groovy.ast.expr.EmptyExpression>: null

13-11-2024T09:26:41 - [TEST_STEP][PASSED] - i3 = x.indexOf("/") + 1: null

13-11-2024T09:26:41 - [TEST_STEP][PASSED] - x = x.substring(i3, x.length()): null

13-11-2024T09:26:41 - [TEST_STEP][PASSED] - return x: null

13-11-2024T09:26:41 - [TEST_STEP][PASSED] - tableB = Script1719551244403.NewDZO(x = tableB): null

13-11-2024T09:26:41 - [TEST_STEP][PASSED] - i3 = <not implemented yet for class: org.codehaus.groovy.ast.expr.EmptyExpression>: null

13-11-2024T09:26:41 - [TEST_STEP][PASSED] - i3 = x.indexOf("/") + 1: null

13-11-2024T09:26:41 - [TEST_STEP][PASSED] - x = x.substring(i3, x.length()): null

13-11-2024T09:26:41 - [TEST_STEP][PASSED] - return x: null

13-11-2024T09:26:41 - [TEST_STEP][PASSED] - tableB = Script1719551244403.NewDZO(x = tableB): null

13-11-2024T09:26:41 - [TEST_STEP][PASSED] - i3 = <not implemented yet for class: org.codehaus.groovy.ast.expr.EmptyExpression>: null

13-11-2024T09:26:41 - [TEST_STEP][PASSED] - i3 = x.indexOf("/") + 1: null

13-11-2024T09:26:41 - [TEST_STEP][PASSED] - x = x.substring(i3, x.length()): null

13-11-2024T09:26:41 - [TEST_STEP][PASSED] - return x: null

13-11-2024T09:26:41 - [TEST_STEP][PASSED] - tableB = Script1719551244403.NewDZO(x = tableB): null

13-11-2024T09:26:41 - [TEST_STEP][PASSED] - i3 = <not implemented yet for class: org.codehaus.groovy.ast.expr.EmptyExpression>: null

13-11-2024T09:26:41 - [TEST_STEP][PASSED] - i3 = x.indexOf("/") + 1: null

13-11-2024T09:26:41 - [TEST_STEP][PASSED] - x = x.substring(i3, x.length()): null

13-11-2024T09:26:41 - [TEST_STEP][PASSED] - return x: null

13-11-2024T09:26:41 - [TEST_STEP][PASSED] - tableB = Script1719551244403.NewDZO(x = tableB): null

13-11-2024T09:26:41 - [TEST_STEP][PASSED] - i3 = <not implemented yet for class: org.codehaus.groovy.ast.expr.EmptyExpression>: null

13-11-2024T09:26:41 - [TEST_STEP][PASSED] - i3 = x.indexOf("/") + 1: null

13-11-2024T09:26:41 - [TEST_STEP][PASSED] - x = x.substring(i3, x.length()): null

13-11-2024T09:26:41 - [TEST_STEP][PASSED] - return x: null

13-11-2024T09:26:41 - [TEST_STEP][PASSED] - tableB = Script1719551244403.NewDZO(x = tableB): null

13-11-2024T09:26:41 - [TEST_STEP][PASSED] - i3 = <not implemented yet for class: org.codehaus.groovy.ast.expr.EmptyExpression>: null

13-11-2024T09:26:41 - [TEST_STEP][PASSED] - i3 = x.indexOf("/") + 1: null

13-11-2024T09:26:41 - [TEST_STEP][PASSED] - x = x.substring(i3, x.length()): null

13-11-2024T09:26:41 - [TEST_STEP][PASSED] - return x: null

13-11-2024T09:26:41 - [TEST_STEP][PASSED] - tableB = Script1719551244403.NewDZO(x = tableB): null

13-11-2024T09:26:41 - [TEST_STEP][PASSED] - i3 = <not implemented yet for class: org.codehaus.groovy.ast.expr.EmptyExpression>: null

13-11-2024T09:26:41 - [TEST_STEP][PASSED] - i3 = x.indexOf("/") + 1: null

13-11-2024T09:26:41 - [TEST_STEP][PASSED] - x = x.substring(i3, x.length()): null

13-11-2024T09:26:41 - [TEST_STEP][PASSED] - return x: null

13-11-2024T09:26:41 - [TEST_STEP][PASSED] - tableB = Script1719551244403.NewDZO(x = tableB): null

13-11-2024T09:26:41 - [TEST_STEP][PASSED] - i3 = <not implemented yet for class: org.codehaus.groovy.ast.expr.EmptyExpression>: null

13-11-2024T09:26:41 - [TEST_STEP][PASSED] - i3 = x.indexOf("/") + 1: null

13-11-2024T09:26:41 - [TEST_STEP][PASSED] - x = x.substring(i3, x.length()): null

13-11-2024T09:26:41 - [TEST_STEP][PASSED] - return x: null

13-11-2024T09:26:41 - [TEST_STEP][PASSED] - i = tableB.indexOf("Юг"): null

13-11-2024T09:26:41 - [TEST_STEP][PASSED] - CiPB = replaceAll("\p{P}", "").trim(): null

13-11-2024T09:26:41 - [TEST_STEP][PASSED] - println("CiPB: " + CiPB): null

13-11-2024T09:26:41 - [TEST_STEP][PASSED] - for ([i = 1, i < 10, (i++)]): null

13-11-2024T09:26:41 - [TEST_STEP][PASSED] - tableB = Script1719551244403.NewDZO(x = tableB): null

13-11-2024T09:26:41 - [TEST_STEP][PASSED] - i3 = <not implemented yet for class: org.codehaus.groovy.ast.expr.EmptyExpression>: null

13-11-2024T09:26:41 - [TEST_STEP][PASSED] - i3 = x.indexOf("/") + 1: null

13-11-2024T09:26:41 - [TEST_STEP][PASSED] - x = x.substring(i3, x.length()): null

13-11-2024T09:26:41 - [TEST_STEP][PASSED] - return x: null

13-11-2024T09:26:41 - [TEST_STEP][PASSED] - tableB = Script1719551244403.NewDZO(x = tableB): null

13-11-2024T09:26:41 - [TEST_STEP][PASSED] - i3 = <not implemented yet for class: org.codehaus.groovy.ast.expr.EmptyExpression>: null

13-11-2024T09:26:41 - [TEST_STEP][PASSED] - i3 = x.indexOf("/") + 1: null

13-11-2024T09:26:41 - [TEST_STEP][PASSED] - x = x.substring(i3, x.length()): null

13-11-2024T09:26:41 - [TEST_STEP][PASSED] - return x: null

13-11-2024T09:26:41 - [TEST_STEP][PASSED] - tableB = Script1719551244403.NewDZO(x = tableB): null

13-11-2024T09:26:41 - [TEST_STEP][PASSED] - i3 = <not implemented yet for class: org.codehaus.groovy.ast.expr.EmptyExpression>: null

13-11-2024T09:26:41 - [TEST_STEP][PASSED] - i3 = x.indexOf("/") + 1: null

13-11-2024T09:26:41 - [TEST_STEP][PASSED] - x = x.substring(i3, x.length()): null

13-11-2024T09:26:41 - [TEST_STEP][PASSED] - return x: null

13-11-2024T09:26:41 - [TEST_STEP][PASSED] - tableB = Script1719551244403.NewDZO(x = tableB): null

13-11-2024T09:26:41 - [TEST_STEP][PASSED] - i3 = <not implemented yet for class: org.codehaus.groovy.ast.expr.EmptyExpression>: null

13-11-2024T09:26:41 - [TEST_STEP][PASSED] - i3 = x.indexOf("/") + 1: null

13-11-2024T09:26:41 - [TEST_STEP][PASSED] - x = x.substring(i3, x.length()): null

13-11-2024T09:26:41 - [TEST_STEP][PASSED] - return x: null

13-11-2024T09:26:41 - [TEST_STEP][PASSED] - tableB = Script1719551244403.NewDZO(x = tableB): null

13-11-2024T09:26:41 - [TEST_STEP][PASSED] - i3 = <not implemented yet for class: org.codehaus.groovy.ast.expr.EmptyExpression>: null

13-11-2024T09:26:41 - [TEST_STEP][PASSED] - i3 = x.indexOf("/") + 1: null

13-11-2024T09:26:41 - [TEST_STEP][PASSED] - x = x.substring(i3, x.length()): null

13-11-2024T09:26:41 - [TEST_STEP][PASSED] - return x: null

13-11-2024T09:26:41 - [TEST_STEP][PASSED] - tableB = Script1719551244403.NewDZO(x = tableB): null

13-11-2024T09:26:41 - [TEST_STEP][PASSED] - i3 = <not implemented yet for class: org.codehaus.groovy.ast.expr.EmptyExpression>: null

13-11-2024T09:26:41 - [TEST_STEP][PASSED] - i3 = x.indexOf("/") + 1: null

13-11-2024T09:26:41 - [TEST_STEP][PASSED] - x = x.substring(i3, x.length()): null

13-11-2024T09:26:41 - [TEST_STEP][PASSED] - return x: null

13-11-2024T09:26:41 - [TEST_STEP][PASSED] - tableB = Script1719551244403.NewDZO(x = tableB): null

13-11-2024T09:26:41 - [TEST_STEP][PASSED] - i3 = <not implemented yet for class: org.codehaus.groovy.ast.expr.EmptyExpression>: null

13-11-2024T09:26:41 - [TEST_STEP][PASSED] - i3 = x.indexOf("/") + 1: null

13-11-2024T09:26:41 - [TEST_STEP][PASSED] - x = x.substring(i3, x.length()): null

13-11-2024T09:26:41 - [TEST_STEP][PASSED] - return x: null

13-11-2024T09:26:41 - [TEST_STEP][PASSED] - tableB = Script1719551244403.NewDZO(x = tableB): null

13-11-2024T09:26:41 - [TEST_STEP][PASSED] - i3 = <not implemented yet for class: org.codehaus.groovy.ast.expr.EmptyExpression>: null

13-11-2024T09:26:41 - [TEST_STEP][PASSED] - i3 = x.indexOf("/") + 1: null

13-11-2024T09:26:41 - [TEST_STEP][PASSED] - x = x.substring(i3, x.length()): null

13-11-2024T09:26:41 - [TEST_STEP][PASSED] - return x: null

13-11-2024T09:26:41 - [TEST_STEP][PASSED] - tableB = Script1719551244403.NewDZO(x = tableB): null

13-11-2024T09:26:41 - [TEST_STEP][PASSED] - i3 = <not implemented yet for class: org.codehaus.groovy.ast.expr.EmptyExpression>: null

13-11-2024T09:26:41 - [TEST_STEP][PASSED] - i3 = x.indexOf("/") + 1: null

13-11-2024T09:26:41 - [TEST_STEP][PASSED] - x = x.substring(i3, x.length()): null

13-11-2024T09:26:41 - [TEST_STEP][PASSED] - return x: null

13-11-2024T09:26:41 - [TEST_STEP][PASSED] - i = tableB.indexOf("Янтарь"): null

13-11-2024T09:26:41 - [TEST_STEP][PASSED] - UgB = replaceAll("\p{P}", "").trim(): null

13-11-2024T09:26:41 - [TEST_STEP][PASSED] - println("UgB: " + UgB): null

13-11-2024T09:26:41 - [TEST_STEP][PASSED] - i = tableB.lastIndexOf("/"): null

13-11-2024T09:26:41 - [TEST_STEP][PASSED] - YaB = replaceAll("\p{P}", "").trim(): null

13-11-2024T09:26:41 - [TEST_STEP][PASSED] - println("YaB: " + YaB): null

13-11-2024T09:26:41 - [TEST_STEP][PASSED] - vidget = "Отклонения выручки по факторам": null

13-11-2024T09:26:41 - [TEST_STEP][PASSED] - if (run == 2): null

13-11-2024T09:26:41 - [TEST_STEP][PASSED] - DZO = "АО «Тываэнерго»": null

13-11-2024T09:26:41 - [TEST_STEP][PASSED] - Script1719551244403.CompareDZO(x = TyA, y = TyB, run, typeOfData, otobrajeniyeDannyh, todaysDate, vidget, DZO): null

13-11-2024T09:26:41 - [TEST_STEP][PASSED] - x1 = x: null

13-11-2024T09:26:41 - [TEST_STEP][PASSED] - y1 = y: null

13-11-2024T09:26:41 - [TEST_STEP][PASSED] - i1 = <not implemented yet for class: org.codehaus.groovy.ast.expr.EmptyExpression>: null

13-11-2024T09:26:41 - [TEST_STEP][PASSED] - if (verifyEqual(x, y) == true): null

13-11-2024T09:26:41 - [MESSAGE][PASSED] - Actual object '276 37' and expected object '276 37' are equal

13-11-2024T09:26:41 - [TEST_STEP][PASSED] - DZO = "АО «Чеченэнерго»": null

13-11-2024T09:26:41 - [TEST_STEP][PASSED] - Script1719551244403.CompareDZO(x = ChA, y = ChB, run, typeOfData, otobrajeniyeDannyh, todaysDate, vidget, DZO): null

13-11-2024T09:26:41 - [TEST_STEP][PASSED] - x1 = x: null

13-11-2024T09:26:41 - [TEST_STEP][PASSED] - y1 = y: null

13-11-2024T09:26:41 - [TEST_STEP][PASSED] - i1 = <not implemented yet for class: org.codehaus.groovy.ast.expr.EmptyExpression>: null

13-11-2024T09:26:41 - [TEST_STEP][FAILED] - if (verifyEqual(x, y) == true): Unable to verify equal between actual object '3 339 14' and expected object '54 14' (Root cause: com.kms.katalon.core.exception.StepFailedException: Actual object '3 339 14' and expected object '54 14' are not equal
	at com.kms.katalon.core.keyword.builtin.VerifyEqualKeyword$_verifyEqual_closure1.doCall(VerifyEqualKeyword.groovy:58)
	at com.kms.katalon.core.keyword.builtin.VerifyEqualKeyword$_verifyEqual_closure1.call(VerifyEqualKeyword.groovy)
	at com.kms.katalon.core.keyword.internal.KeywordMain.runKeyword(KeywordMain.groovy:75)
	at com.kms.katalon.core.keyword.builtin.VerifyEqualKeyword.verifyEqual(VerifyEqualKeyword.groovy:63)
	at com.kms.katalon.core.keyword.builtin.VerifyEqualKeyword.execute(VerifyEqualKeyword.groovy:44)
	at com.kms.katalon.core.keyword.internal.KeywordExecutor.executeKeywordForPlatform(KeywordExecutor.groovy:74)
	at com.kms.katalon.core.keyword.BuiltinKeywords.verifyEqual(BuiltinKeywords.groovy:146)
	at jdk.internal.reflect.GeneratedMethodAccessor20.invoke(Unknown Source)
	at java.base/jdk.internal.reflect.DelegatingMethodAccessorImpl.invoke(DelegatingMethodAccessorImpl.java:43)
	at Факторный анализ сверка дашбордов.CompareDZO(Факторный анализ сверка дашбордов:679)
	at Факторный анализ сверка дашбордов.Test(Факторный анализ сверка дашбордов:593)
	at Факторный анализ сверка дашбордов.run(Факторный анализ сверка дашбордов:44)
	at com.kms.katalon.core.main.ScriptEngine.run(ScriptEngine.java:194)
	at com.kms.katalon.core.main.ScriptEngine.runScriptAsRawText(ScriptEngine.java:119)
	at com.kms.katalon.core.main.TestCaseExecutor.runScript(TestCaseExecutor.java:448)
	at com.kms.katalon.core.main.TestCaseExecutor.doExecute(TestCaseExecutor.java:439)
	at com.kms.katalon.core.main.TestCaseExecutor.processExecutionPhase(TestCaseExecutor.java:418)
	at com.kms.katalon.core.main.TestCaseExecutor.accessMainPhase(TestCaseExecutor.java:410)
	at com.kms.katalon.core.main.TestCaseExecutor.execute(TestCaseExecutor.java:285)
	at com.kms.katalon.core.common.CommonExecutor.accessTestCaseMainPhase(CommonExecutor.java:65)
	at com.kms.katalon.core.main.TestSuiteExecutor.accessTestSuiteMainPhase(TestSuiteExecutor.java:150)
	at com.kms.katalon.core.main.TestSuiteExecutor.execute(TestSuiteExecutor.java:106)
	at com.kms.katalon.core.main.TestCaseMain.startTestSuite(TestCaseMain.java:180)
	at TempTestSuite1731477613341.run(TempTestSuite1731477613341.groovy:35)
	at java.base/jdk.internal.reflect.NativeMethodAccessorImpl.invoke0(Native Method)
	at java.base/jdk.internal.reflect.NativeMethodAccessorImpl.invoke(NativeMethodAccessorImpl.java:77)
	at java.base/jdk.internal.reflect.DelegatingMethodAccessorImpl.invoke(DelegatingMethodAccessorImpl.java:43)
)

13-11-2024T09:26:41 - [MESSAGE][FAILED] - Unable to verify equal between actual object '3 339 14' and expected object '54 14' (Root cause: com.kms.katalon.core.exception.StepFailedException: Actual object '3 339 14' and expected object '54 14' are not equal
	at com.kms.katalon.core.keyword.builtin.VerifyEqualKeyword$_verifyEqual_closure1.doCall(VerifyEqualKeyword.groovy:58)
	at com.kms.katalon.core.keyword.builtin.VerifyEqualKeyword$_verifyEqual_closure1.call(VerifyEqualKeyword.groovy)
	at com.kms.katalon.core.keyword.internal.KeywordMain.runKeyword(KeywordMain.groovy:75)
	at com.kms.katalon.core.keyword.builtin.VerifyEqualKeyword.verifyEqual(VerifyEqualKeyword.groovy:63)
	at com.kms.katalon.core.keyword.builtin.VerifyEqualKeyword.execute(VerifyEqualKeyword.groovy:44)
	at com.kms.katalon.core.keyword.internal.KeywordExecutor.executeKeywordForPlatform(KeywordExecutor.groovy:74)
	at com.kms.katalon.core.keyword.BuiltinKeywords.verifyEqual(BuiltinKeywords.groovy:146)
	at jdk.internal.reflect.GeneratedMethodAccessor20.invoke(Unknown Source)
	at java.base/jdk.internal.reflect.DelegatingMethodAccessorImpl.invoke(DelegatingMethodAccessorImpl.java:43)
	at Факторный анализ сверка дашбордов.CompareDZO(Факторный анализ сверка дашбордов:679)
	at Факторный анализ сверка дашбордов.Test(Факторный анализ сверка дашбордов:593)
	at Факторный анализ сверка дашбордов.run(Факторный анализ сверка дашбордов:44)
	at com.kms.katalon.core.main.ScriptEngine.run(ScriptEngine.java:194)
	at com.kms.katalon.core.main.ScriptEngine.runScriptAsRawText(ScriptEngine.java:119)
	at com.kms.katalon.core.main.TestCaseExecutor.runScript(TestCaseExecutor.java:448)
	at com.kms.katalon.core.main.TestCaseExecutor.doExecute(TestCaseExecutor.java:439)
	at com.kms.katalon.core.main.TestCaseExecutor.processExecutionPhase(TestCaseExecutor.java:418)
	at com.kms.katalon.core.main.TestCaseExecutor.accessMainPhase(TestCaseExecutor.java:410)
	at com.kms.katalon.core.main.TestCaseExecutor.execute(TestCaseExecutor.java:285)
	at com.kms.katalon.core.common.CommonExecutor.accessTestCaseMainPhase(CommonExecutor.java:65)
	at com.kms.katalon.core.main.TestSuiteExecutor.accessTestSuiteMainPhase(TestSuiteExecutor.java:150)
	at com.kms.katalon.core.main.TestSuiteExecutor.execute(TestSuiteExecutor.java:106)
	at com.kms.katalon.core.main.TestCaseMain.startTestSuite(TestCaseMain.java:180)
	at TempTestSuite1731477613341.run(TempTestSuite1731477613341.groovy:35)
	at java.base/jdk.internal.reflect.NativeMethodAccessorImpl.invoke0(Native Method)
	at java.base/jdk.internal.reflect.NativeMethodAccessorImpl.invoke(NativeMethodAccessorImpl.java:77)
	at java.base/jdk.internal.reflect.DelegatingMethodAccessorImpl.invoke(DelegatingMethodAccessorImpl.java:43)
)

13-11-2024T09:26:41 - [TEST_STEP][PASSED] - else: null

13-11-2024T09:26:41 - [TEST_STEP][PASSED] - otobrajeniyeDannyh = "Все": null

13-11-2024T09:26:41 - [TEST_STEP][PASSED] - vidget = "Всего отклонения по факторам": null

13-11-2024T09:26:41 - [TEST_STEP][PASSED] - Script1719551244403.WriteToExcel(todaysDate, typeOfData, otobrajeniyeDannyh, x, y, vidget, DZO): null

13-11-2024T09:26:41 - [TEST_STEP][PASSED] - sheetName = "Sheet1": null

13-11-2024T09:26:41 - [TEST_STEP][PASSED] - data = findTestData("PlanFact"): null

13-11-2024T09:26:41 - [TEST_STEP][PASSED] - n = data.getRowNumbers() + 1: null

13-11-2024T09:26:41 - [TEST_STEP][PASSED] - period = getText(findTestObject("Факторный анализ/Фильтр Период")): Text of object 'Object Repository/Факторный анализ/Фильтр Период' is: '1, 2, 3 кв. 2024 года'

13-11-2024T09:26:41 - [MESSAGE][PASSED] - Text of object 'Object Repository/Факторный анализ/Фильтр Период' is: '1, 2, 3 кв. 2024 года'

13-11-2024T09:26:41 - [TEST_STEP][PASSED] - println(period): null

13-11-2024T09:26:41 - [TEST_STEP][PASSED] - dashboardName = "Факторный анализ": null

13-11-2024T09:26:41 - [TEST_STEP][PASSED] - workbook01 = getWorkbook(excelFilePath): null

13-11-2024T09:26:41 - [TEST_STEP][PASSED] - sheet01 = getExcelSheet(workbook01, sheetName): null

13-11-2024T09:26:41 - [TEST_STEP][PASSED] - setValueToCellByIndex(sheet01, n, 0, dashboardName): null

13-11-2024T09:26:41 - [TEST_STEP][PASSED] - setValueToCellByIndex(sheet01, n, 1, DZO): null

13-11-2024T09:26:41 - [TEST_STEP][PASSED] - setValueToCellByIndex(sheet01, n, 2, vidget): null

13-11-2024T09:26:41 - [TEST_STEP][PASSED] - setValueToCellByIndex(sheet01, n, 3, typeOfData): null

13-11-2024T09:26:41 - [TEST_STEP][PASSED] - setValueToCellByIndex(sheet01, n, 4, otobrajeniyeDannyh): null

13-11-2024T09:26:41 - [TEST_STEP][PASSED] - setValueToCellByIndex(sheet01, n, 5, period): null

13-11-2024T09:26:41 - [TEST_STEP][PASSED] - setValueToCellByIndex(sheet01, n, 6, todaysDate): null

13-11-2024T09:26:41 - [TEST_STEP][PASSED] - n = n + 1: null

13-11-2024T09:26:41 - [TEST_STEP][PASSED] - saveWorkbook(excelFilePath, workbook01): null

13-11-2024T09:26:42 - [TEST_STEP][PASSED] - DZO = "Россети Волга": null

13-11-2024T09:26:42 - [TEST_STEP][PASSED] - Script1719551244403.CompareDZO(x = VA, y = VB, run, typeOfData, otobrajeniyeDannyh, todaysDate, vidget, DZO): null

13-11-2024T09:26:42 - [TEST_STEP][PASSED] - x1 = x: null

13-11-2024T09:26:42 - [TEST_STEP][PASSED] - y1 = y: null

13-11-2024T09:26:42 - [TEST_STEP][PASSED] - i1 = <not implemented yet for class: org.codehaus.groovy.ast.expr.EmptyExpression>: null

13-11-2024T09:26:42 - [TEST_STEP][FAILED] - if (verifyEqual(x, y) == true): Unable to verify equal between actual object '2 825 86 11 247  162 6 748 72  13 058 1 024  13 303  443  4 845  201 4 186 126' and expected object '169 86 532  162 259 72  395 1 024  428  443  231  201  126 126' (Root cause: com.kms.katalon.core.exception.StepFailedException: Actual object '2 825 86 11 247  162 6 748 72  13 058 1 024  13 303  443  4 845  201 4 186 126' and expected object '169 86 532  162 259 72  395 1 024  428  443  231  201  126 126' are not equal
	at com.kms.katalon.core.keyword.builtin.VerifyEqualKeyword$_verifyEqual_closure1.doCall(VerifyEqualKeyword.groovy:58)
	at com.kms.katalon.core.keyword.builtin.VerifyEqualKeyword$_verifyEqual_closure1.call(VerifyEqualKeyword.groovy)
	at com.kms.katalon.core.keyword.internal.KeywordMain.runKeyword(KeywordMain.groovy:75)
	at com.kms.katalon.core.keyword.builtin.VerifyEqualKeyword.verifyEqual(VerifyEqualKeyword.groovy:63)
	at com.kms.katalon.core.keyword.builtin.VerifyEqualKeyword.execute(VerifyEqualKeyword.groovy:44)
	at com.kms.katalon.core.keyword.internal.KeywordExecutor.executeKeywordForPlatform(KeywordExecutor.groovy:74)
	at com.kms.katalon.core.keyword.BuiltinKeywords.verifyEqual(BuiltinKeywords.groovy:146)
	at jdk.internal.reflect.GeneratedMethodAccessor20.invoke(Unknown Source)
	at java.base/jdk.internal.reflect.DelegatingMethodAccessorImpl.invoke(DelegatingMethodAccessorImpl.java:43)
	at Факторный анализ сверка дашбордов.CompareDZO(Факторный анализ сверка дашбордов:679)
	at Факторный анализ сверка дашбордов.Test(Факторный анализ сверка дашбордов:597)
	at Факторный анализ сверка дашбордов.run(Факторный анализ сверка дашбордов:44)
	at com.kms.katalon.core.main.ScriptEngine.run(ScriptEngine.java:194)
	at com.kms.katalon.core.main.ScriptEngine.runScriptAsRawText(ScriptEngine.java:119)
	at com.kms.katalon.core.main.TestCaseExecutor.runScript(TestCaseExecutor.java:448)
	at com.kms.katalon.core.main.TestCaseExecutor.doExecute(TestCaseExecutor.java:439)
	at com.kms.katalon.core.main.TestCaseExecutor.processExecutionPhase(TestCaseExecutor.java:418)
	at com.kms.katalon.core.main.TestCaseExecutor.accessMainPhase(TestCaseExecutor.java:410)
	at com.kms.katalon.core.main.TestCaseExecutor.execute(TestCaseExecutor.java:285)
	at com.kms.katalon.core.common.CommonExecutor.accessTestCaseMainPhase(CommonExecutor.java:65)
	at com.kms.katalon.core.main.TestSuiteExecutor.accessTestSuiteMainPhase(TestSuiteExecutor.java:150)
	at com.kms.katalon.core.main.TestSuiteExecutor.execute(TestSuiteExecutor.java:106)
	at com.kms.katalon.core.main.TestCaseMain.startTestSuite(TestCaseMain.java:180)
	at TempTestSuite1731477613341.run(TempTestSuite1731477613341.groovy:35)
	at java.base/jdk.internal.reflect.NativeMethodAccessorImpl.invoke0(Native Method)
	at java.base/jdk.internal.reflect.NativeMethodAccessorImpl.invoke(NativeMethodAccessorImpl.java:77)
	at java.base/jdk.internal.reflect.DelegatingMethodAccessorImpl.invoke(DelegatingMethodAccessorImpl.java:43)
)

13-11-2024T09:26:42 - [MESSAGE][FAILED] - Unable to verify equal between actual object '2 825 86 11 247  162 6 748 72  13 058 1 024  13 303  443  4 845  201 4 186 126' and expected object '169 86 532  162 259 72  395 1 024  428  443  231  201  126 126' (Root cause: com.kms.katalon.core.exception.StepFailedException: Actual object '2 825 86 11 247  162 6 748 72  13 058 1 024  13 303  443  4 845  201 4 186 126' and expected object '169 86 532  162 259 72  395 1 024  428  443  231  201  126 126' are not equal
	at com.kms.katalon.core.keyword.builtin.VerifyEqualKeyword$_verifyEqual_closure1.doCall(VerifyEqualKeyword.groovy:58)
	at com.kms.katalon.core.keyword.builtin.VerifyEqualKeyword$_verifyEqual_closure1.call(VerifyEqualKeyword.groovy)
	at com.kms.katalon.core.keyword.internal.KeywordMain.runKeyword(KeywordMain.groovy:75)
	at com.kms.katalon.core.keyword.builtin.VerifyEqualKeyword.verifyEqual(VerifyEqualKeyword.groovy:63)
	at com.kms.katalon.core.keyword.builtin.VerifyEqualKeyword.execute(VerifyEqualKeyword.groovy:44)
	at com.kms.katalon.core.keyword.internal.KeywordExecutor.executeKeywordForPlatform(KeywordExecutor.groovy:74)
	at com.kms.katalon.core.keyword.BuiltinKeywords.verifyEqual(BuiltinKeywords.groovy:146)
	at jdk.internal.reflect.GeneratedMethodAccessor20.invoke(Unknown Source)
	at java.base/jdk.internal.reflect.DelegatingMethodAccessorImpl.invoke(DelegatingMethodAccessorImpl.java:43)
	at Факторный анализ сверка дашбордов.CompareDZO(Факторный анализ сверка дашбордов:679)
	at Факторный анализ сверка дашбордов.Test(Факторный анализ сверка дашбордов:597)
	at Факторный анализ сверка дашбордов.run(Факторный анализ сверка дашбордов:44)
	at com.kms.katalon.core.main.ScriptEngine.run(ScriptEngine.java:194)
	at com.kms.katalon.core.main.ScriptEngine.runScriptAsRawText(ScriptEngine.java:119)
	at com.kms.katalon.core.main.TestCaseExecutor.runScript(TestCaseExecutor.java:448)
	at com.kms.katalon.core.main.TestCaseExecutor.doExecute(TestCaseExecutor.java:439)
	at com.kms.katalon.core.main.TestCaseExecutor.processExecutionPhase(TestCaseExecutor.java:418)
	at com.kms.katalon.core.main.TestCaseExecutor.accessMainPhase(TestCaseExecutor.java:410)
	at com.kms.katalon.core.main.TestCaseExecutor.execute(TestCaseExecutor.java:285)
	at com.kms.katalon.core.common.CommonExecutor.accessTestCaseMainPhase(CommonExecutor.java:65)
	at com.kms.katalon.core.main.TestSuiteExecutor.accessTestSuiteMainPhase(TestSuiteExecutor.java:150)
	at com.kms.katalon.core.main.TestSuiteExecutor.execute(TestSuiteExecutor.java:106)
	at com.kms.katalon.core.main.TestCaseMain.startTestSuite(TestCaseMain.java:180)
	at TempTestSuite1731477613341.run(TempTestSuite1731477613341.groovy:35)
	at java.base/jdk.internal.reflect.NativeMethodAccessorImpl.invoke0(Native Method)
	at java.base/jdk.internal.reflect.NativeMethodAccessorImpl.invoke(NativeMethodAccessorImpl.java:77)
	at java.base/jdk.internal.reflect.DelegatingMethodAccessorImpl.invoke(DelegatingMethodAccessorImpl.java:43)
)

13-11-2024T09:26:42 - [TEST_STEP][PASSED] - else: null

13-11-2024T09:26:42 - [TEST_STEP][PASSED] - otobrajeniyeDannyh = "Все": null

13-11-2024T09:26:42 - [TEST_STEP][PASSED] - vidget = "Всего отклонения по факторам": null

13-11-2024T09:26:42 - [TEST_STEP][PASSED] - Script1719551244403.WriteToExcel(todaysDate, typeOfData, otobrajeniyeDannyh, x, y, vidget, DZO): null

13-11-2024T09:26:42 - [TEST_STEP][PASSED] - sheetName = "Sheet1": null

13-11-2024T09:26:42 - [TEST_STEP][PASSED] - data = findTestData("PlanFact"): null

13-11-2024T09:26:42 - [TEST_STEP][PASSED] - n = data.getRowNumbers() + 1: null

13-11-2024T09:26:42 - [TEST_STEP][PASSED] - period = getText(findTestObject("Факторный анализ/Фильтр Период")): Text of object 'Object Repository/Факторный анализ/Фильтр Период' is: '1, 2, 3 кв. 2024 года'

13-11-2024T09:26:42 - [MESSAGE][PASSED] - Text of object 'Object Repository/Факторный анализ/Фильтр Период' is: '1, 2, 3 кв. 2024 года'

13-11-2024T09:26:42 - [TEST_STEP][PASSED] - println(period): null

13-11-2024T09:26:42 - [TEST_STEP][PASSED] - dashboardName = "Факторный анализ": null

13-11-2024T09:26:42 - [TEST_STEP][PASSED] - workbook01 = getWorkbook(excelFilePath): null

13-11-2024T09:26:42 - [TEST_STEP][PASSED] - sheet01 = getExcelSheet(workbook01, sheetName): null

13-11-2024T09:26:42 - [TEST_STEP][PASSED] - setValueToCellByIndex(sheet01, n, 0, dashboardName): null

13-11-2024T09:26:42 - [TEST_STEP][PASSED] - setValueToCellByIndex(sheet01, n, 1, DZO): null

13-11-2024T09:26:42 - [TEST_STEP][PASSED] - setValueToCellByIndex(sheet01, n, 2, vidget): null

13-11-2024T09:26:42 - [TEST_STEP][PASSED] - setValueToCellByIndex(sheet01, n, 3, typeOfData): null

13-11-2024T09:26:42 - [TEST_STEP][PASSED] - setValueToCellByIndex(sheet01, n, 4, otobrajeniyeDannyh): null

13-11-2024T09:26:42 - [TEST_STEP][PASSED] - setValueToCellByIndex(sheet01, n, 5, period): null

13-11-2024T09:26:42 - [TEST_STEP][PASSED] - setValueToCellByIndex(sheet01, n, 6, todaysDate): null

13-11-2024T09:26:42 - [TEST_STEP][PASSED] - n = n + 1: null

13-11-2024T09:26:42 - [TEST_STEP][PASSED] - saveWorkbook(excelFilePath, workbook01): null

13-11-2024T09:26:42 - [TEST_STEP][PASSED] - DZO = "Россети Кубань": null

13-11-2024T09:26:42 - [TEST_STEP][PASSED] - Script1719551244403.CompareDZO(x = KuA, y = KuB, run, typeOfData, otobrajeniyeDannyh, todaysDate, vidget, DZO): null

13-11-2024T09:26:42 - [TEST_STEP][PASSED] - x1 = x: null

13-11-2024T09:26:42 - [TEST_STEP][PASSED] - y1 = y: null

13-11-2024T09:26:42 - [TEST_STEP][PASSED] - i1 = <not implemented yet for class: org.codehaus.groovy.ast.expr.EmptyExpression>: null

13-11-2024T09:26:42 - [TEST_STEP][FAILED] - if (verifyEqual(x, y) == true): Unable to verify equal between actual object '53 529 241' and expected object '3 229 241' (Root cause: com.kms.katalon.core.exception.StepFailedException: Actual object '53 529 241' and expected object '3 229 241' are not equal
	at com.kms.katalon.core.keyword.builtin.VerifyEqualKeyword$_verifyEqual_closure1.doCall(VerifyEqualKeyword.groovy:58)
	at com.kms.katalon.core.keyword.builtin.VerifyEqualKeyword$_verifyEqual_closure1.call(VerifyEqualKeyword.groovy)
	at com.kms.katalon.core.keyword.internal.KeywordMain.runKeyword(KeywordMain.groovy:75)
	at com.kms.katalon.core.keyword.builtin.VerifyEqualKeyword.verifyEqual(VerifyEqualKeyword.groovy:63)
	at com.kms.katalon.core.keyword.builtin.VerifyEqualKeyword.execute(VerifyEqualKeyword.groovy:44)
	at com.kms.katalon.core.keyword.internal.KeywordExecutor.executeKeywordForPlatform(KeywordExecutor.groovy:74)
	at com.kms.katalon.core.keyword.BuiltinKeywords.verifyEqual(BuiltinKeywords.groovy:146)
	at jdk.internal.reflect.GeneratedMethodAccessor20.invoke(Unknown Source)
	at java.base/jdk.internal.reflect.DelegatingMethodAccessorImpl.invoke(DelegatingMethodAccessorImpl.java:43)
	at Факторный анализ сверка дашбордов.CompareDZO(Факторный анализ сверка дашбордов:679)
	at Факторный анализ сверка дашбордов.Test(Факторный анализ сверка дашбордов:601)
	at Факторный анализ сверка дашбордов.run(Факторный анализ сверка дашбордов:44)
	at com.kms.katalon.core.main.ScriptEngine.run(ScriptEngine.java:194)
	at com.kms.katalon.core.main.ScriptEngine.runScriptAsRawText(ScriptEngine.java:119)
	at com.kms.katalon.core.main.TestCaseExecutor.runScript(TestCaseExecutor.java:448)
	at com.kms.katalon.core.main.TestCaseExecutor.doExecute(TestCaseExecutor.java:439)
	at com.kms.katalon.core.main.TestCaseExecutor.processExecutionPhase(TestCaseExecutor.java:418)
	at com.kms.katalon.core.main.TestCaseExecutor.accessMainPhase(TestCaseExecutor.java:410)
	at com.kms.katalon.core.main.TestCaseExecutor.execute(TestCaseExecutor.java:285)
	at com.kms.katalon.core.common.CommonExecutor.accessTestCaseMainPhase(CommonExecutor.java:65)
	at com.kms.katalon.core.main.TestSuiteExecutor.accessTestSuiteMainPhase(TestSuiteExecutor.java:150)
	at com.kms.katalon.core.main.TestSuiteExecutor.execute(TestSuiteExecutor.java:106)
	at com.kms.katalon.core.main.TestCaseMain.startTestSuite(TestCaseMain.java:180)
	at TempTestSuite1731477613341.run(TempTestSuite1731477613341.groovy:35)
	at java.base/jdk.internal.reflect.NativeMethodAccessorImpl.invoke0(Native Method)
	at java.base/jdk.internal.reflect.NativeMethodAccessorImpl.invoke(NativeMethodAccessorImpl.java:77)
	at java.base/jdk.internal.reflect.DelegatingMethodAccessorImpl.invoke(DelegatingMethodAccessorImpl.java:43)
)

13-11-2024T09:26:42 - [MESSAGE][FAILED] - Unable to verify equal between actual object '53 529 241' and expected object '3 229 241' (Root cause: com.kms.katalon.core.exception.StepFailedException: Actual object '53 529 241' and expected object '3 229 241' are not equal
	at com.kms.katalon.core.keyword.builtin.VerifyEqualKeyword$_verifyEqual_closure1.doCall(VerifyEqualKeyword.groovy:58)
	at com.kms.katalon.core.keyword.builtin.VerifyEqualKeyword$_verifyEqual_closure1.call(VerifyEqualKeyword.groovy)
	at com.kms.katalon.core.keyword.internal.KeywordMain.runKeyword(KeywordMain.groovy:75)
	at com.kms.katalon.core.keyword.builtin.VerifyEqualKeyword.verifyEqual(VerifyEqualKeyword.groovy:63)
	at com.kms.katalon.core.keyword.builtin.VerifyEqualKeyword.execute(VerifyEqualKeyword.groovy:44)
	at com.kms.katalon.core.keyword.internal.KeywordExecutor.executeKeywordForPlatform(KeywordExecutor.groovy:74)
	at com.kms.katalon.core.keyword.BuiltinKeywords.verifyEqual(BuiltinKeywords.groovy:146)
	at jdk.internal.reflect.GeneratedMethodAccessor20.invoke(Unknown Source)
	at java.base/jdk.internal.reflect.DelegatingMethodAccessorImpl.invoke(DelegatingMethodAccessorImpl.java:43)
	at Факторный анализ сверка дашбордов.CompareDZO(Факторный анализ сверка дашбордов:679)
	at Факторный анализ сверка дашбордов.Test(Факторный анализ сверка дашбордов:601)
	at Факторный анализ сверка дашбордов.run(Факторный анализ сверка дашбордов:44)
	at com.kms.katalon.core.main.ScriptEngine.run(ScriptEngine.java:194)
	at com.kms.katalon.core.main.ScriptEngine.runScriptAsRawText(ScriptEngine.java:119)
	at com.kms.katalon.core.main.TestCaseExecutor.runScript(TestCaseExecutor.java:448)
	at com.kms.katalon.core.main.TestCaseExecutor.doExecute(TestCaseExecutor.java:439)
	at com.kms.katalon.core.main.TestCaseExecutor.processExecutionPhase(TestCaseExecutor.java:418)
	at com.kms.katalon.core.main.TestCaseExecutor.accessMainPhase(TestCaseExecutor.java:410)
	at com.kms.katalon.core.main.TestCaseExecutor.execute(TestCaseExecutor.java:285)
	at com.kms.katalon.core.common.CommonExecutor.accessTestCaseMainPhase(CommonExecutor.java:65)
	at com.kms.katalon.core.main.TestSuiteExecutor.accessTestSuiteMainPhase(TestSuiteExecutor.java:150)
	at com.kms.katalon.core.main.TestSuiteExecutor.execute(TestSuiteExecutor.java:106)
	at com.kms.katalon.core.main.TestCaseMain.startTestSuite(TestCaseMain.java:180)
	at TempTestSuite1731477613341.run(TempTestSuite1731477613341.groovy:35)
	at java.base/jdk.internal.reflect.NativeMethodAccessorImpl.invoke0(Native Method)
	at java.base/jdk.internal.reflect.NativeMethodAccessorImpl.invoke(NativeMethodAccessorImpl.java:77)
	at java.base/jdk.internal.reflect.DelegatingMethodAccessorImpl.invoke(DelegatingMethodAccessorImpl.java:43)
)

13-11-2024T09:26:42 - [TEST_STEP][PASSED] - else: null

13-11-2024T09:26:42 - [TEST_STEP][PASSED] - otobrajeniyeDannyh = "Все": null

13-11-2024T09:26:42 - [TEST_STEP][PASSED] - vidget = "Всего отклонения по факторам": null

13-11-2024T09:26:42 - [TEST_STEP][PASSED] - Script1719551244403.WriteToExcel(todaysDate, typeOfData, otobrajeniyeDannyh, x, y, vidget, DZO): null

13-11-2024T09:26:42 - [TEST_STEP][PASSED] - sheetName = "Sheet1": null

13-11-2024T09:26:42 - [TEST_STEP][PASSED] - data = findTestData("PlanFact"): null

13-11-2024T09:26:42 - [TEST_STEP][PASSED] - n = data.getRowNumbers() + 1: null

13-11-2024T09:26:42 - [TEST_STEP][PASSED] - period = getText(findTestObject("Факторный анализ/Фильтр Период")): Text of object 'Object Repository/Факторный анализ/Фильтр Период' is: '1, 2, 3 кв. 2024 года'

13-11-2024T09:26:43 - [MESSAGE][PASSED] - Text of object 'Object Repository/Факторный анализ/Фильтр Период' is: '1, 2, 3 кв. 2024 года'

13-11-2024T09:26:43 - [TEST_STEP][PASSED] - println(period): null

13-11-2024T09:26:43 - [TEST_STEP][PASSED] - dashboardName = "Факторный анализ": null

13-11-2024T09:26:43 - [TEST_STEP][PASSED] - workbook01 = getWorkbook(excelFilePath): null

13-11-2024T09:26:43 - [TEST_STEP][PASSED] - sheet01 = getExcelSheet(workbook01, sheetName): null

13-11-2024T09:26:43 - [TEST_STEP][PASSED] - setValueToCellByIndex(sheet01, n, 0, dashboardName): null

13-11-2024T09:26:43 - [TEST_STEP][PASSED] - setValueToCellByIndex(sheet01, n, 1, DZO): null

13-11-2024T09:26:43 - [TEST_STEP][PASSED] - setValueToCellByIndex(sheet01, n, 2, vidget): null

13-11-2024T09:26:43 - [TEST_STEP][PASSED] - setValueToCellByIndex(sheet01, n, 3, typeOfData): null

13-11-2024T09:26:43 - [TEST_STEP][PASSED] - setValueToCellByIndex(sheet01, n, 4, otobrajeniyeDannyh): null

13-11-2024T09:26:43 - [TEST_STEP][PASSED] - setValueToCellByIndex(sheet01, n, 5, period): null

13-11-2024T09:26:43 - [TEST_STEP][PASSED] - setValueToCellByIndex(sheet01, n, 6, todaysDate): null

13-11-2024T09:26:43 - [TEST_STEP][PASSED] - n = n + 1: null

13-11-2024T09:26:43 - [TEST_STEP][PASSED] - saveWorkbook(excelFilePath, workbook01): null

13-11-2024T09:26:43 - [TEST_STEP][PASSED] - DZO = "Московский регион": null

13-11-2024T09:26:43 - [TEST_STEP][PASSED] - Script1719551244403.CompareDZO(x = MosA, y = MosB, run, typeOfData, otobrajeniyeDannyh, todaysDate, vidget, DZO): null

13-11-2024T09:26:43 - [TEST_STEP][PASSED] - x1 = x: null

13-11-2024T09:26:43 - [TEST_STEP][PASSED] - y1 = y: null

13-11-2024T09:26:43 - [TEST_STEP][PASSED] - i1 = <not implemented yet for class: org.codehaus.groovy.ast.expr.EmptyExpression>: null

13-11-2024T09:26:43 - [TEST_STEP][PASSED] - if (verifyEqual(x, y) == true): null

13-11-2024T09:26:43 - [MESSAGE][PASSED] - Actual object '4 566  535  2 812 57' and expected object '4 566  535  2 812 57' are equal

13-11-2024T09:26:43 - [TEST_STEP][PASSED] - DZO = "Россети Ленэнерго (ГК)": null

13-11-2024T09:26:43 - [TEST_STEP][PASSED] - Script1719551244403.CompareDZO(x = LenA, y = LenB, run, typeOfData, otobrajeniyeDannyh, todaysDate, vidget, DZO): null

13-11-2024T09:26:43 - [TEST_STEP][PASSED] - x1 = x: null

13-11-2024T09:26:43 - [TEST_STEP][PASSED] - y1 = y: null

13-11-2024T09:26:43 - [TEST_STEP][PASSED] - i1 = <not implemented yet for class: org.codehaus.groovy.ast.expr.EmptyExpression>: null

13-11-2024T09:26:43 - [TEST_STEP][FAILED] - if (verifyEqual(x, y) == true): Unable to verify equal between actual object '29 499 598  41 171 39' and expected object '1 191 598  2 106 39' (Root cause: com.kms.katalon.core.exception.StepFailedException: Actual object '29 499 598  41 171 39' and expected object '1 191 598  2 106 39' are not equal
	at com.kms.katalon.core.keyword.builtin.VerifyEqualKeyword$_verifyEqual_closure1.doCall(VerifyEqualKeyword.groovy:58)
	at com.kms.katalon.core.keyword.builtin.VerifyEqualKeyword$_verifyEqual_closure1.call(VerifyEqualKeyword.groovy)
	at com.kms.katalon.core.keyword.internal.KeywordMain.runKeyword(KeywordMain.groovy:75)
	at com.kms.katalon.core.keyword.builtin.VerifyEqualKeyword.verifyEqual(VerifyEqualKeyword.groovy:63)
	at com.kms.katalon.core.keyword.builtin.VerifyEqualKeyword.execute(VerifyEqualKeyword.groovy:44)
	at com.kms.katalon.core.keyword.internal.KeywordExecutor.executeKeywordForPlatform(KeywordExecutor.groovy:74)
	at com.kms.katalon.core.keyword.BuiltinKeywords.verifyEqual(BuiltinKeywords.groovy:146)
	at jdk.internal.reflect.GeneratedMethodAccessor20.invoke(Unknown Source)
	at java.base/jdk.internal.reflect.DelegatingMethodAccessorImpl.invoke(DelegatingMethodAccessorImpl.java:43)
	at Факторный анализ сверка дашбордов.CompareDZO(Факторный анализ сверка дашбордов:679)
	at Факторный анализ сверка дашбордов.Test(Факторный анализ сверка дашбордов:609)
	at Факторный анализ сверка дашбордов.run(Факторный анализ сверка дашбордов:44)
	at com.kms.katalon.core.main.ScriptEngine.run(ScriptEngine.java:194)
	at com.kms.katalon.core.main.ScriptEngine.runScriptAsRawText(ScriptEngine.java:119)
	at com.kms.katalon.core.main.TestCaseExecutor.runScript(TestCaseExecutor.java:448)
	at com.kms.katalon.core.main.TestCaseExecutor.doExecute(TestCaseExecutor.java:439)
	at com.kms.katalon.core.main.TestCaseExecutor.processExecutionPhase(TestCaseExecutor.java:418)
	at com.kms.katalon.core.main.TestCaseExecutor.accessMainPhase(TestCaseExecutor.java:410)
	at com.kms.katalon.core.main.TestCaseExecutor.execute(TestCaseExecutor.java:285)
	at com.kms.katalon.core.common.CommonExecutor.accessTestCaseMainPhase(CommonExecutor.java:65)
	at com.kms.katalon.core.main.TestSuiteExecutor.accessTestSuiteMainPhase(TestSuiteExecutor.java:150)
	at com.kms.katalon.core.main.TestSuiteExecutor.execute(TestSuiteExecutor.java:106)
	at com.kms.katalon.core.main.TestCaseMain.startTestSuite(TestCaseMain.java:180)
	at TempTestSuite1731477613341.run(TempTestSuite1731477613341.groovy:35)
	at java.base/jdk.internal.reflect.NativeMethodAccessorImpl.invoke0(Native Method)
	at java.base/jdk.internal.reflect.NativeMethodAccessorImpl.invoke(NativeMethodAccessorImpl.java:77)
	at java.base/jdk.internal.reflect.DelegatingMethodAccessorImpl.invoke(DelegatingMethodAccessorImpl.java:43)
)

13-11-2024T09:26:43 - [MESSAGE][FAILED] - Unable to verify equal between actual object '29 499 598  41 171 39' and expected object '1 191 598  2 106 39' (Root cause: com.kms.katalon.core.exception.StepFailedException: Actual object '29 499 598  41 171 39' and expected object '1 191 598  2 106 39' are not equal
	at com.kms.katalon.core.keyword.builtin.VerifyEqualKeyword$_verifyEqual_closure1.doCall(VerifyEqualKeyword.groovy:58)
	at com.kms.katalon.core.keyword.builtin.VerifyEqualKeyword$_verifyEqual_closure1.call(VerifyEqualKeyword.groovy)
	at com.kms.katalon.core.keyword.internal.KeywordMain.runKeyword(KeywordMain.groovy:75)
	at com.kms.katalon.core.keyword.builtin.VerifyEqualKeyword.verifyEqual(VerifyEqualKeyword.groovy:63)
	at com.kms.katalon.core.keyword.builtin.VerifyEqualKeyword.execute(VerifyEqualKeyword.groovy:44)
	at com.kms.katalon.core.keyword.internal.KeywordExecutor.executeKeywordForPlatform(KeywordExecutor.groovy:74)
	at com.kms.katalon.core.keyword.BuiltinKeywords.verifyEqual(BuiltinKeywords.groovy:146)
	at jdk.internal.reflect.GeneratedMethodAccessor20.invoke(Unknown Source)
	at java.base/jdk.internal.reflect.DelegatingMethodAccessorImpl.invoke(DelegatingMethodAccessorImpl.java:43)
	at Факторный анализ сверка дашбордов.CompareDZO(Факторный анализ сверка дашбордов:679)
	at Факторный анализ сверка дашбордов.Test(Факторный анализ сверка дашбордов:609)
	at Факторный анализ сверка дашбордов.run(Факторный анализ сверка дашбордов:44)
	at com.kms.katalon.core.main.ScriptEngine.run(ScriptEngine.java:194)
	at com.kms.katalon.core.main.ScriptEngine.runScriptAsRawText(ScriptEngine.java:119)
	at com.kms.katalon.core.main.TestCaseExecutor.runScript(TestCaseExecutor.java:448)
	at com.kms.katalon.core.main.TestCaseExecutor.doExecute(TestCaseExecutor.java:439)
	at com.kms.katalon.core.main.TestCaseExecutor.processExecutionPhase(TestCaseExecutor.java:418)
	at com.kms.katalon.core.main.TestCaseExecutor.accessMainPhase(TestCaseExecutor.java:410)
	at com.kms.katalon.core.main.TestCaseExecutor.execute(TestCaseExecutor.java:285)
	at com.kms.katalon.core.common.CommonExecutor.accessTestCaseMainPhase(CommonExecutor.java:65)
	at com.kms.katalon.core.main.TestSuiteExecutor.accessTestSuiteMainPhase(TestSuiteExecutor.java:150)
	at com.kms.katalon.core.main.TestSuiteExecutor.execute(TestSuiteExecutor.java:106)
	at com.kms.katalon.core.main.TestCaseMain.startTestSuite(TestCaseMain.java:180)
	at TempTestSuite1731477613341.run(TempTestSuite1731477613341.groovy:35)
	at java.base/jdk.internal.reflect.NativeMethodAccessorImpl.invoke0(Native Method)
	at java.base/jdk.internal.reflect.NativeMethodAccessorImpl.invoke(NativeMethodAccessorImpl.java:77)
	at java.base/jdk.internal.reflect.DelegatingMethodAccessorImpl.invoke(DelegatingMethodAccessorImpl.java:43)
)

13-11-2024T09:26:43 - [TEST_STEP][PASSED] - else: null

13-11-2024T09:26:43 - [TEST_STEP][PASSED] - otobrajeniyeDannyh = "Все": null

13-11-2024T09:26:43 - [TEST_STEP][PASSED] - vidget = "Всего отклонения по факторам": null

13-11-2024T09:26:43 - [TEST_STEP][PASSED] - Script1719551244403.WriteToExcel(todaysDate, typeOfData, otobrajeniyeDannyh, x, y, vidget, DZO): null

13-11-2024T09:26:43 - [TEST_STEP][PASSED] - sheetName = "Sheet1": null

13-11-2024T09:26:43 - [TEST_STEP][PASSED] - data = findTestData("PlanFact"): null

13-11-2024T09:26:43 - [TEST_STEP][PASSED] - n = data.getRowNumbers() + 1: null

13-11-2024T09:26:43 - [TEST_STEP][PASSED] - period = getText(findTestObject("Факторный анализ/Фильтр Период")): Text of object 'Object Repository/Факторный анализ/Фильтр Период' is: '1, 2, 3 кв. 2024 года'

13-11-2024T09:26:43 - [MESSAGE][PASSED] - Text of object 'Object Repository/Факторный анализ/Фильтр Период' is: '1, 2, 3 кв. 2024 года'

13-11-2024T09:26:43 - [TEST_STEP][PASSED] - println(period): null

13-11-2024T09:26:43 - [TEST_STEP][PASSED] - dashboardName = "Факторный анализ": null

13-11-2024T09:26:43 - [TEST_STEP][PASSED] - workbook01 = getWorkbook(excelFilePath): null

13-11-2024T09:26:43 - [TEST_STEP][PASSED] - sheet01 = getExcelSheet(workbook01, sheetName): null

13-11-2024T09:26:43 - [TEST_STEP][PASSED] - setValueToCellByIndex(sheet01, n, 0, dashboardName): null

13-11-2024T09:26:43 - [TEST_STEP][PASSED] - setValueToCellByIndex(sheet01, n, 1, DZO): null

13-11-2024T09:26:43 - [TEST_STEP][PASSED] - setValueToCellByIndex(sheet01, n, 2, vidget): null

13-11-2024T09:26:43 - [TEST_STEP][PASSED] - setValueToCellByIndex(sheet01, n, 3, typeOfData): null

13-11-2024T09:26:43 - [TEST_STEP][PASSED] - setValueToCellByIndex(sheet01, n, 4, otobrajeniyeDannyh): null

13-11-2024T09:26:43 - [TEST_STEP][PASSED] - setValueToCellByIndex(sheet01, n, 5, period): null

13-11-2024T09:26:43 - [TEST_STEP][PASSED] - setValueToCellByIndex(sheet01, n, 6, todaysDate): null

13-11-2024T09:26:43 - [TEST_STEP][PASSED] - n = n + 1: null

13-11-2024T09:26:43 - [TEST_STEP][PASSED] - saveWorkbook(excelFilePath, workbook01): null

13-11-2024T09:26:44 - [TEST_STEP][PASSED] - DZO = "Россети Северный Кавказ (ГК)": null

13-11-2024T09:26:44 - [TEST_STEP][PASSED] - Script1719551244403.CompareDZO(x = SKA, y = SKB, run, typeOfData, otobrajeniyeDannyh, todaysDate, vidget, DZO): null

13-11-2024T09:26:44 - [TEST_STEP][PASSED] - x1 = x: null

13-11-2024T09:26:44 - [TEST_STEP][PASSED] - y1 = y: null

13-11-2024T09:26:44 - [TEST_STEP][PASSED] - i1 = <not implemented yet for class: org.codehaus.groovy.ast.expr.EmptyExpression>: null

13-11-2024T09:26:44 - [TEST_STEP][FAILED] - if (verifyEqual(x, y) == true): Unable to verify equal between actual object '111 69 6 378 480 1 440 100 2 677 26 1 725 9 3 016 125 8 347  222' and expected object '0 0  462 480  185 100 212 26 111 9  316 125 289  222' (Root cause: com.kms.katalon.core.exception.StepFailedException: Actual object '111 69 6 378 480 1 440 100 2 677 26 1 725 9 3 016 125 8 347  222' and expected object '0 0  462 480  185 100 212 26 111 9  316 125 289  222' are not equal
	at com.kms.katalon.core.keyword.builtin.VerifyEqualKeyword$_verifyEqual_closure1.doCall(VerifyEqualKeyword.groovy:58)
	at com.kms.katalon.core.keyword.builtin.VerifyEqualKeyword$_verifyEqual_closure1.call(VerifyEqualKeyword.groovy)
	at com.kms.katalon.core.keyword.internal.KeywordMain.runKeyword(KeywordMain.groovy:75)
	at com.kms.katalon.core.keyword.builtin.VerifyEqualKeyword.verifyEqual(VerifyEqualKeyword.groovy:63)
	at com.kms.katalon.core.keyword.builtin.VerifyEqualKeyword.execute(VerifyEqualKeyword.groovy:44)
	at com.kms.katalon.core.keyword.internal.KeywordExecutor.executeKeywordForPlatform(KeywordExecutor.groovy:74)
	at com.kms.katalon.core.keyword.BuiltinKeywords.verifyEqual(BuiltinKeywords.groovy:146)
	at jdk.internal.reflect.GeneratedMethodAccessor20.invoke(Unknown Source)
	at java.base/jdk.internal.reflect.DelegatingMethodAccessorImpl.invoke(DelegatingMethodAccessorImpl.java:43)
	at Факторный анализ сверка дашбордов.CompareDZO(Факторный анализ сверка дашбордов:679)
	at Факторный анализ сверка дашбордов.Test(Факторный анализ сверка дашбордов:613)
	at Факторный анализ сверка дашбордов.run(Факторный анализ сверка дашбордов:44)
	at com.kms.katalon.core.main.ScriptEngine.run(ScriptEngine.java:194)
	at com.kms.katalon.core.main.ScriptEngine.runScriptAsRawText(ScriptEngine.java:119)
	at com.kms.katalon.core.main.TestCaseExecutor.runScript(TestCaseExecutor.java:448)
	at com.kms.katalon.core.main.TestCaseExecutor.doExecute(TestCaseExecutor.java:439)
	at com.kms.katalon.core.main.TestCaseExecutor.processExecutionPhase(TestCaseExecutor.java:418)
	at com.kms.katalon.core.main.TestCaseExecutor.accessMainPhase(TestCaseExecutor.java:410)
	at com.kms.katalon.core.main.TestCaseExecutor.execute(TestCaseExecutor.java:285)
	at com.kms.katalon.core.common.CommonExecutor.accessTestCaseMainPhase(CommonExecutor.java:65)
	at com.kms.katalon.core.main.TestSuiteExecutor.accessTestSuiteMainPhase(TestSuiteExecutor.java:150)
	at com.kms.katalon.core.main.TestSuiteExecutor.execute(TestSuiteExecutor.java:106)
	at com.kms.katalon.core.main.TestCaseMain.startTestSuite(TestCaseMain.java:180)
	at TempTestSuite1731477613341.run(TempTestSuite1731477613341.groovy:35)
	at java.base/jdk.internal.reflect.NativeMethodAccessorImpl.invoke0(Native Method)
	at java.base/jdk.internal.reflect.NativeMethodAccessorImpl.invoke(NativeMethodAccessorImpl.java:77)
	at java.base/jdk.internal.reflect.DelegatingMethodAccessorImpl.invoke(DelegatingMethodAccessorImpl.java:43)
)

13-11-2024T09:26:44 - [MESSAGE][FAILED] - Unable to verify equal between actual object '111 69 6 378 480 1 440 100 2 677 26 1 725 9 3 016 125 8 347  222' and expected object '0 0  462 480  185 100 212 26 111 9  316 125 289  222' (Root cause: com.kms.katalon.core.exception.StepFailedException: Actual object '111 69 6 378 480 1 440 100 2 677 26 1 725 9 3 016 125 8 347  222' and expected object '0 0  462 480  185 100 212 26 111 9  316 125 289  222' are not equal
	at com.kms.katalon.core.keyword.builtin.VerifyEqualKeyword$_verifyEqual_closure1.doCall(VerifyEqualKeyword.groovy:58)
	at com.kms.katalon.core.keyword.builtin.VerifyEqualKeyword$_verifyEqual_closure1.call(VerifyEqualKeyword.groovy)
	at com.kms.katalon.core.keyword.internal.KeywordMain.runKeyword(KeywordMain.groovy:75)
	at com.kms.katalon.core.keyword.builtin.VerifyEqualKeyword.verifyEqual(VerifyEqualKeyword.groovy:63)
	at com.kms.katalon.core.keyword.builtin.VerifyEqualKeyword.execute(VerifyEqualKeyword.groovy:44)
	at com.kms.katalon.core.keyword.internal.KeywordExecutor.executeKeywordForPlatform(KeywordExecutor.groovy:74)
	at com.kms.katalon.core.keyword.BuiltinKeywords.verifyEqual(BuiltinKeywords.groovy:146)
	at jdk.internal.reflect.GeneratedMethodAccessor20.invoke(Unknown Source)
	at java.base/jdk.internal.reflect.DelegatingMethodAccessorImpl.invoke(DelegatingMethodAccessorImpl.java:43)
	at Факторный анализ сверка дашбордов.CompareDZO(Факторный анализ сверка дашбордов:679)
	at Факторный анализ сверка дашбордов.Test(Факторный анализ сверка дашбордов:613)
	at Факторный анализ сверка дашбордов.run(Факторный анализ сверка дашбордов:44)
	at com.kms.katalon.core.main.ScriptEngine.run(ScriptEngine.java:194)
	at com.kms.katalon.core.main.ScriptEngine.runScriptAsRawText(ScriptEngine.java:119)
	at com.kms.katalon.core.main.TestCaseExecutor.runScript(TestCaseExecutor.java:448)
	at com.kms.katalon.core.main.TestCaseExecutor.doExecute(TestCaseExecutor.java:439)
	at com.kms.katalon.core.main.TestCaseExecutor.processExecutionPhase(TestCaseExecutor.java:418)
	at com.kms.katalon.core.main.TestCaseExecutor.accessMainPhase(TestCaseExecutor.java:410)
	at com.kms.katalon.core.main.TestCaseExecutor.execute(TestCaseExecutor.java:285)
	at com.kms.katalon.core.common.CommonExecutor.accessTestCaseMainPhase(CommonExecutor.java:65)
	at com.kms.katalon.core.main.TestSuiteExecutor.accessTestSuiteMainPhase(TestSuiteExecutor.java:150)
	at com.kms.katalon.core.main.TestSuiteExecutor.execute(TestSuiteExecutor.java:106)
	at com.kms.katalon.core.main.TestCaseMain.startTestSuite(TestCaseMain.java:180)
	at TempTestSuite1731477613341.run(TempTestSuite1731477613341.groovy:35)
	at java.base/jdk.internal.reflect.NativeMethodAccessorImpl.invoke0(Native Method)
	at java.base/jdk.internal.reflect.NativeMethodAccessorImpl.invoke(NativeMethodAccessorImpl.java:77)
	at java.base/jdk.internal.reflect.DelegatingMethodAccessorImpl.invoke(DelegatingMethodAccessorImpl.java:43)
)

13-11-2024T09:26:44 - [TEST_STEP][PASSED] - else: null

13-11-2024T09:26:44 - [TEST_STEP][PASSED] - otobrajeniyeDannyh = "Все": null

13-11-2024T09:26:44 - [TEST_STEP][PASSED] - vidget = "Всего отклонения по факторам": null

13-11-2024T09:26:44 - [TEST_STEP][PASSED] - Script1719551244403.WriteToExcel(todaysDate, typeOfData, otobrajeniyeDannyh, x, y, vidget, DZO): null

13-11-2024T09:26:44 - [TEST_STEP][PASSED] - sheetName = "Sheet1": null

13-11-2024T09:26:44 - [TEST_STEP][PASSED] - data = findTestData("PlanFact"): null

13-11-2024T09:26:44 - [TEST_STEP][PASSED] - n = data.getRowNumbers() + 1: null

13-11-2024T09:26:44 - [TEST_STEP][PASSED] - period = getText(findTestObject("Факторный анализ/Фильтр Период")): Text of object 'Object Repository/Факторный анализ/Фильтр Период' is: '1, 2, 3 кв. 2024 года'

13-11-2024T09:26:44 - [MESSAGE][PASSED] - Text of object 'Object Repository/Факторный анализ/Фильтр Период' is: '1, 2, 3 кв. 2024 года'

13-11-2024T09:26:44 - [TEST_STEP][PASSED] - println(period): null

13-11-2024T09:26:44 - [TEST_STEP][PASSED] - dashboardName = "Факторный анализ": null

13-11-2024T09:26:44 - [TEST_STEP][PASSED] - workbook01 = getWorkbook(excelFilePath): null

13-11-2024T09:26:44 - [TEST_STEP][PASSED] - sheet01 = getExcelSheet(workbook01, sheetName): null

13-11-2024T09:26:44 - [TEST_STEP][PASSED] - setValueToCellByIndex(sheet01, n, 0, dashboardName): null

13-11-2024T09:26:44 - [TEST_STEP][PASSED] - setValueToCellByIndex(sheet01, n, 1, DZO): null

13-11-2024T09:26:44 - [TEST_STEP][PASSED] - setValueToCellByIndex(sheet01, n, 2, vidget): null

13-11-2024T09:26:44 - [TEST_STEP][PASSED] - setValueToCellByIndex(sheet01, n, 3, typeOfData): null

13-11-2024T09:26:44 - [TEST_STEP][PASSED] - setValueToCellByIndex(sheet01, n, 4, otobrajeniyeDannyh): null

13-11-2024T09:26:44 - [TEST_STEP][PASSED] - setValueToCellByIndex(sheet01, n, 5, period): null

13-11-2024T09:26:44 - [TEST_STEP][PASSED] - setValueToCellByIndex(sheet01, n, 6, todaysDate): null

13-11-2024T09:26:44 - [TEST_STEP][PASSED] - n = n + 1: null

13-11-2024T09:26:44 - [TEST_STEP][PASSED] - saveWorkbook(excelFilePath, workbook01): null

13-11-2024T09:26:44 - [TEST_STEP][PASSED] - DZO = "Россети Северо-Запад": null

13-11-2024T09:26:44 - [TEST_STEP][PASSED] - Script1719551244403.CompareDZO(x = SZA, y = SZB, run, typeOfData, otobrajeniyeDannyh, todaysDate, vidget, DZO): null

13-11-2024T09:26:44 - [TEST_STEP][PASSED] - x1 = x: null

13-11-2024T09:26:44 - [TEST_STEP][PASSED] - y1 = y: null

13-11-2024T09:26:44 - [TEST_STEP][PASSED] - i1 = <not implemented yet for class: org.codehaus.groovy.ast.expr.EmptyExpression>: null

13-11-2024T09:26:44 - [TEST_STEP][FAILED] - if (verifyEqual(x, y) == true): Unable to verify equal between actual object '8 347  222    63 80  229 6  21 160  102 64  207 40  146 18    10 23' and expected object '289  222    63 80  229 6  21 160  102 64  207 40  146 18    10 23' (Root cause: com.kms.katalon.core.exception.StepFailedException: Actual object '8 347  222    63 80  229 6  21 160  102 64  207 40  146 18    10 23' and expected object '289  222    63 80  229 6  21 160  102 64  207 40  146 18    10 23' are not equal
	at com.kms.katalon.core.keyword.builtin.VerifyEqualKeyword$_verifyEqual_closure1.doCall(VerifyEqualKeyword.groovy:58)
	at com.kms.katalon.core.keyword.builtin.VerifyEqualKeyword$_verifyEqual_closure1.call(VerifyEqualKeyword.groovy)
	at com.kms.katalon.core.keyword.internal.KeywordMain.runKeyword(KeywordMain.groovy:75)
	at com.kms.katalon.core.keyword.builtin.VerifyEqualKeyword.verifyEqual(VerifyEqualKeyword.groovy:63)
	at com.kms.katalon.core.keyword.builtin.VerifyEqualKeyword.execute(VerifyEqualKeyword.groovy:44)
	at com.kms.katalon.core.keyword.internal.KeywordExecutor.executeKeywordForPlatform(KeywordExecutor.groovy:74)
	at com.kms.katalon.core.keyword.BuiltinKeywords.verifyEqual(BuiltinKeywords.groovy:146)
	at jdk.internal.reflect.GeneratedMethodAccessor20.invoke(Unknown Source)
	at java.base/jdk.internal.reflect.DelegatingMethodAccessorImpl.invoke(DelegatingMethodAccessorImpl.java:43)
	at Факторный анализ сверка дашбордов.CompareDZO(Факторный анализ сверка дашбордов:679)
	at Факторный анализ сверка дашбордов.Test(Факторный анализ сверка дашбордов:617)
	at Факторный анализ сверка дашбордов.run(Факторный анализ сверка дашбордов:44)
	at com.kms.katalon.core.main.ScriptEngine.run(ScriptEngine.java:194)
	at com.kms.katalon.core.main.ScriptEngine.runScriptAsRawText(ScriptEngine.java:119)
	at com.kms.katalon.core.main.TestCaseExecutor.runScript(TestCaseExecutor.java:448)
	at com.kms.katalon.core.main.TestCaseExecutor.doExecute(TestCaseExecutor.java:439)
	at com.kms.katalon.core.main.TestCaseExecutor.processExecutionPhase(TestCaseExecutor.java:418)
	at com.kms.katalon.core.main.TestCaseExecutor.accessMainPhase(TestCaseExecutor.java:410)
	at com.kms.katalon.core.main.TestCaseExecutor.execute(TestCaseExecutor.java:285)
	at com.kms.katalon.core.common.CommonExecutor.accessTestCaseMainPhase(CommonExecutor.java:65)
	at com.kms.katalon.core.main.TestSuiteExecutor.accessTestSuiteMainPhase(TestSuiteExecutor.java:150)
	at com.kms.katalon.core.main.TestSuiteExecutor.execute(TestSuiteExecutor.java:106)
	at com.kms.katalon.core.main.TestCaseMain.startTestSuite(TestCaseMain.java:180)
	at TempTestSuite1731477613341.run(TempTestSuite1731477613341.groovy:35)
	at java.base/jdk.internal.reflect.NativeMethodAccessorImpl.invoke0(Native Method)
	at java.base/jdk.internal.reflect.NativeMethodAccessorImpl.invoke(NativeMethodAccessorImpl.java:77)
	at java.base/jdk.internal.reflect.DelegatingMethodAccessorImpl.invoke(DelegatingMethodAccessorImpl.java:43)
)

13-11-2024T09:26:44 - [MESSAGE][FAILED] - Unable to verify equal between actual object '8 347  222    63 80  229 6  21 160  102 64  207 40  146 18    10 23' and expected object '289  222    63 80  229 6  21 160  102 64  207 40  146 18    10 23' (Root cause: com.kms.katalon.core.exception.StepFailedException: Actual object '8 347  222    63 80  229 6  21 160  102 64  207 40  146 18    10 23' and expected object '289  222    63 80  229 6  21 160  102 64  207 40  146 18    10 23' are not equal
	at com.kms.katalon.core.keyword.builtin.VerifyEqualKeyword$_verifyEqual_closure1.doCall(VerifyEqualKeyword.groovy:58)
	at com.kms.katalon.core.keyword.builtin.VerifyEqualKeyword$_verifyEqual_closure1.call(VerifyEqualKeyword.groovy)
	at com.kms.katalon.core.keyword.internal.KeywordMain.runKeyword(KeywordMain.groovy:75)
	at com.kms.katalon.core.keyword.builtin.VerifyEqualKeyword.verifyEqual(VerifyEqualKeyword.groovy:63)
	at com.kms.katalon.core.keyword.builtin.VerifyEqualKeyword.execute(VerifyEqualKeyword.groovy:44)
	at com.kms.katalon.core.keyword.internal.KeywordExecutor.executeKeywordForPlatform(KeywordExecutor.groovy:74)
	at com.kms.katalon.core.keyword.BuiltinKeywords.verifyEqual(BuiltinKeywords.groovy:146)
	at jdk.internal.reflect.GeneratedMethodAccessor20.invoke(Unknown Source)
	at java.base/jdk.internal.reflect.DelegatingMethodAccessorImpl.invoke(DelegatingMethodAccessorImpl.java:43)
	at Факторный анализ сверка дашбордов.CompareDZO(Факторный анализ сверка дашбордов:679)
	at Факторный анализ сверка дашбордов.Test(Факторный анализ сверка дашбордов:617)
	at Факторный анализ сверка дашбордов.run(Факторный анализ сверка дашбордов:44)
	at com.kms.katalon.core.main.ScriptEngine.run(ScriptEngine.java:194)
	at com.kms.katalon.core.main.ScriptEngine.runScriptAsRawText(ScriptEngine.java:119)
	at com.kms.katalon.core.main.TestCaseExecutor.runScript(TestCaseExecutor.java:448)
	at com.kms.katalon.core.main.TestCaseExecutor.doExecute(TestCaseExecutor.java:439)
	at com.kms.katalon.core.main.TestCaseExecutor.processExecutionPhase(TestCaseExecutor.java:418)
	at com.kms.katalon.core.main.TestCaseExecutor.accessMainPhase(TestCaseExecutor.java:410)
	at com.kms.katalon.core.main.TestCaseExecutor.execute(TestCaseExecutor.java:285)
	at com.kms.katalon.core.common.CommonExecutor.accessTestCaseMainPhase(CommonExecutor.java:65)
	at com.kms.katalon.core.main.TestSuiteExecutor.accessTestSuiteMainPhase(TestSuiteExecutor.java:150)
	at com.kms.katalon.core.main.TestSuiteExecutor.execute(TestSuiteExecutor.java:106)
	at com.kms.katalon.core.main.TestCaseMain.startTestSuite(TestCaseMain.java:180)
	at TempTestSuite1731477613341.run(TempTestSuite1731477613341.groovy:35)
	at java.base/jdk.internal.reflect.NativeMethodAccessorImpl.invoke0(Native Method)
	at java.base/jdk.internal.reflect.NativeMethodAccessorImpl.invoke(NativeMethodAccessorImpl.java:77)
	at java.base/jdk.internal.reflect.DelegatingMethodAccessorImpl.invoke(DelegatingMethodAccessorImpl.java:43)
)

13-11-2024T09:26:44 - [TEST_STEP][PASSED] - else: null

13-11-2024T09:26:44 - [TEST_STEP][PASSED] - otobrajeniyeDannyh = "Все": null

13-11-2024T09:26:44 - [TEST_STEP][PASSED] - vidget = "Всего отклонения по факторам": null

13-11-2024T09:26:44 - [TEST_STEP][PASSED] - Script1719551244403.WriteToExcel(todaysDate, typeOfData, otobrajeniyeDannyh, x, y, vidget, DZO): null

13-11-2024T09:26:44 - [TEST_STEP][PASSED] - sheetName = "Sheet1": null

13-11-2024T09:26:44 - [TEST_STEP][PASSED] - data = findTestData("PlanFact"): null

13-11-2024T09:26:44 - [TEST_STEP][PASSED] - n = data.getRowNumbers() + 1: null

13-11-2024T09:26:44 - [TEST_STEP][PASSED] - period = getText(findTestObject("Факторный анализ/Фильтр Период")): Text of object 'Object Repository/Факторный анализ/Фильтр Период' is: '1, 2, 3 кв. 2024 года'

13-11-2024T09:26:45 - [MESSAGE][PASSED] - Text of object 'Object Repository/Факторный анализ/Фильтр Период' is: '1, 2, 3 кв. 2024 года'

13-11-2024T09:26:45 - [TEST_STEP][PASSED] - println(period): null

13-11-2024T09:26:45 - [TEST_STEP][PASSED] - dashboardName = "Факторный анализ": null

13-11-2024T09:26:45 - [TEST_STEP][PASSED] - workbook01 = getWorkbook(excelFilePath): null

13-11-2024T09:26:45 - [TEST_STEP][PASSED] - sheet01 = getExcelSheet(workbook01, sheetName): null

13-11-2024T09:26:45 - [TEST_STEP][PASSED] - setValueToCellByIndex(sheet01, n, 0, dashboardName): null

13-11-2024T09:26:45 - [TEST_STEP][PASSED] - setValueToCellByIndex(sheet01, n, 1, DZO): null

13-11-2024T09:26:45 - [TEST_STEP][PASSED] - setValueToCellByIndex(sheet01, n, 2, vidget): null

13-11-2024T09:26:45 - [TEST_STEP][PASSED] - setValueToCellByIndex(sheet01, n, 3, typeOfData): null

13-11-2024T09:26:45 - [TEST_STEP][PASSED] - setValueToCellByIndex(sheet01, n, 4, otobrajeniyeDannyh): null

13-11-2024T09:26:45 - [TEST_STEP][PASSED] - setValueToCellByIndex(sheet01, n, 5, period): null

13-11-2024T09:26:45 - [TEST_STEP][PASSED] - setValueToCellByIndex(sheet01, n, 6, todaysDate): null

13-11-2024T09:26:45 - [TEST_STEP][PASSED] - n = n + 1: null

13-11-2024T09:26:45 - [TEST_STEP][PASSED] - saveWorkbook(excelFilePath, workbook01): null

13-11-2024T09:26:45 - [TEST_STEP][PASSED] - DZO = "Россети Сибирь (ГК)": null

13-11-2024T09:26:45 - [TEST_STEP][PASSED] - Script1719551244403.CompareDZO(x = SiA, y = SiB, run, typeOfData, otobrajeniyeDannyh, todaysDate, vidget, DZO): null

13-11-2024T09:26:45 - [TEST_STEP][PASSED] - x1 = x: null

13-11-2024T09:26:45 - [TEST_STEP][PASSED] - y1 = y: null

13-11-2024T09:26:45 - [TEST_STEP][PASSED] - i1 = <not implemented yet for class: org.codehaus.groovy.ast.expr.EmptyExpression>: null

13-11-2024T09:26:45 - [TEST_STEP][PASSED] - if (verifyEqual(x, y) == true): null

13-11-2024T09:26:45 - [MESSAGE][PASSED] - Actual object '10 23    275 275 95 298 114 15 1 087  413 329 205 127  112 327  363 44 120' and expected object '10 23    275 275 95 298 114 15 1 087  413 329 205 127  112 327  363 44 120' are equal

13-11-2024T09:26:45 - [TEST_STEP][PASSED] - DZO = "Россети Томск": null

13-11-2024T09:26:45 - [TEST_STEP][PASSED] - Script1719551244403.CompareDZO(x = ToA, y = ToB, run, typeOfData, otobrajeniyeDannyh, todaysDate, vidget, DZO): null

13-11-2024T09:26:45 - [TEST_STEP][PASSED] - x1 = x: null

13-11-2024T09:26:45 - [TEST_STEP][PASSED] - y1 = y: null

13-11-2024T09:26:45 - [TEST_STEP][PASSED] - i1 = <not implemented yet for class: org.codehaus.groovy.ast.expr.EmptyExpression>: null

13-11-2024T09:26:45 - [TEST_STEP][FAILED] - if (verifyEqual(x, y) == true): Unable to verify equal between actual object '44 120     6 624  125' and expected object '44 120     338  125' (Root cause: com.kms.katalon.core.exception.StepFailedException: Actual object '44 120     6 624  125' and expected object '44 120     338  125' are not equal
	at com.kms.katalon.core.keyword.builtin.VerifyEqualKeyword$_verifyEqual_closure1.doCall(VerifyEqualKeyword.groovy:58)
	at com.kms.katalon.core.keyword.builtin.VerifyEqualKeyword$_verifyEqual_closure1.call(VerifyEqualKeyword.groovy)
	at com.kms.katalon.core.keyword.internal.KeywordMain.runKeyword(KeywordMain.groovy:75)
	at com.kms.katalon.core.keyword.builtin.VerifyEqualKeyword.verifyEqual(VerifyEqualKeyword.groovy:63)
	at com.kms.katalon.core.keyword.builtin.VerifyEqualKeyword.execute(VerifyEqualKeyword.groovy:44)
	at com.kms.katalon.core.keyword.internal.KeywordExecutor.executeKeywordForPlatform(KeywordExecutor.groovy:74)
	at com.kms.katalon.core.keyword.BuiltinKeywords.verifyEqual(BuiltinKeywords.groovy:146)
	at jdk.internal.reflect.GeneratedMethodAccessor20.invoke(Unknown Source)
	at java.base/jdk.internal.reflect.DelegatingMethodAccessorImpl.invoke(DelegatingMethodAccessorImpl.java:43)
	at Факторный анализ сверка дашбордов.CompareDZO(Факторный анализ сверка дашбордов:679)
	at Факторный анализ сверка дашбордов.Test(Факторный анализ сверка дашбордов:625)
	at Факторный анализ сверка дашбордов.run(Факторный анализ сверка дашбордов:44)
	at com.kms.katalon.core.main.ScriptEngine.run(ScriptEngine.java:194)
	at com.kms.katalon.core.main.ScriptEngine.runScriptAsRawText(ScriptEngine.java:119)
	at com.kms.katalon.core.main.TestCaseExecutor.runScript(TestCaseExecutor.java:448)
	at com.kms.katalon.core.main.TestCaseExecutor.doExecute(TestCaseExecutor.java:439)
	at com.kms.katalon.core.main.TestCaseExecutor.processExecutionPhase(TestCaseExecutor.java:418)
	at com.kms.katalon.core.main.TestCaseExecutor.accessMainPhase(TestCaseExecutor.java:410)
	at com.kms.katalon.core.main.TestCaseExecutor.execute(TestCaseExecutor.java:285)
	at com.kms.katalon.core.common.CommonExecutor.accessTestCaseMainPhase(CommonExecutor.java:65)
	at com.kms.katalon.core.main.TestSuiteExecutor.accessTestSuiteMainPhase(TestSuiteExecutor.java:150)
	at com.kms.katalon.core.main.TestSuiteExecutor.execute(TestSuiteExecutor.java:106)
	at com.kms.katalon.core.main.TestCaseMain.startTestSuite(TestCaseMain.java:180)
	at TempTestSuite1731477613341.run(TempTestSuite1731477613341.groovy:35)
	at java.base/jdk.internal.reflect.NativeMethodAccessorImpl.invoke0(Native Method)
	at java.base/jdk.internal.reflect.NativeMethodAccessorImpl.invoke(NativeMethodAccessorImpl.java:77)
	at java.base/jdk.internal.reflect.DelegatingMethodAccessorImpl.invoke(DelegatingMethodAccessorImpl.java:43)
)

13-11-2024T09:26:45 - [MESSAGE][FAILED] - Unable to verify equal between actual object '44 120     6 624  125' and expected object '44 120     338  125' (Root cause: com.kms.katalon.core.exception.StepFailedException: Actual object '44 120     6 624  125' and expected object '44 120     338  125' are not equal
	at com.kms.katalon.core.keyword.builtin.VerifyEqualKeyword$_verifyEqual_closure1.doCall(VerifyEqualKeyword.groovy:58)
	at com.kms.katalon.core.keyword.builtin.VerifyEqualKeyword$_verifyEqual_closure1.call(VerifyEqualKeyword.groovy)
	at com.kms.katalon.core.keyword.internal.KeywordMain.runKeyword(KeywordMain.groovy:75)
	at com.kms.katalon.core.keyword.builtin.VerifyEqualKeyword.verifyEqual(VerifyEqualKeyword.groovy:63)
	at com.kms.katalon.core.keyword.builtin.VerifyEqualKeyword.execute(VerifyEqualKeyword.groovy:44)
	at com.kms.katalon.core.keyword.internal.KeywordExecutor.executeKeywordForPlatform(KeywordExecutor.groovy:74)
	at com.kms.katalon.core.keyword.BuiltinKeywords.verifyEqual(BuiltinKeywords.groovy:146)
	at jdk.internal.reflect.GeneratedMethodAccessor20.invoke(Unknown Source)
	at java.base/jdk.internal.reflect.DelegatingMethodAccessorImpl.invoke(DelegatingMethodAccessorImpl.java:43)
	at Факторный анализ сверка дашбордов.CompareDZO(Факторный анализ сверка дашбордов:679)
	at Факторный анализ сверка дашбордов.Test(Факторный анализ сверка дашбордов:625)
	at Факторный анализ сверка дашбордов.run(Факторный анализ сверка дашбордов:44)
	at com.kms.katalon.core.main.ScriptEngine.run(ScriptEngine.java:194)
	at com.kms.katalon.core.main.ScriptEngine.runScriptAsRawText(ScriptEngine.java:119)
	at com.kms.katalon.core.main.TestCaseExecutor.runScript(TestCaseExecutor.java:448)
	at com.kms.katalon.core.main.TestCaseExecutor.doExecute(TestCaseExecutor.java:439)
	at com.kms.katalon.core.main.TestCaseExecutor.processExecutionPhase(TestCaseExecutor.java:418)
	at com.kms.katalon.core.main.TestCaseExecutor.accessMainPhase(TestCaseExecutor.java:410)
	at com.kms.katalon.core.main.TestCaseExecutor.execute(TestCaseExecutor.java:285)
	at com.kms.katalon.core.common.CommonExecutor.accessTestCaseMainPhase(CommonExecutor.java:65)
	at com.kms.katalon.core.main.TestSuiteExecutor.accessTestSuiteMainPhase(TestSuiteExecutor.java:150)
	at com.kms.katalon.core.main.TestSuiteExecutor.execute(TestSuiteExecutor.java:106)
	at com.kms.katalon.core.main.TestCaseMain.startTestSuite(TestCaseMain.java:180)
	at TempTestSuite1731477613341.run(TempTestSuite1731477613341.groovy:35)
	at java.base/jdk.internal.reflect.NativeMethodAccessorImpl.invoke0(Native Method)
	at java.base/jdk.internal.reflect.NativeMethodAccessorImpl.invoke(NativeMethodAccessorImpl.java:77)
	at java.base/jdk.internal.reflect.DelegatingMethodAccessorImpl.invoke(DelegatingMethodAccessorImpl.java:43)
)

13-11-2024T09:26:45 - [TEST_STEP][PASSED] - else: null

13-11-2024T09:26:45 - [TEST_STEP][PASSED] - otobrajeniyeDannyh = "Все": null

13-11-2024T09:26:45 - [TEST_STEP][PASSED] - vidget = "Всего отклонения по факторам": null

13-11-2024T09:26:45 - [TEST_STEP][PASSED] - Script1719551244403.WriteToExcel(todaysDate, typeOfData, otobrajeniyeDannyh, x, y, vidget, DZO): null

13-11-2024T09:26:45 - [TEST_STEP][PASSED] - sheetName = "Sheet1": null

13-11-2024T09:26:45 - [TEST_STEP][PASSED] - data = findTestData("PlanFact"): null

13-11-2024T09:26:45 - [TEST_STEP][PASSED] - n = data.getRowNumbers() + 1: null

13-11-2024T09:26:45 - [TEST_STEP][PASSED] - period = getText(findTestObject("Факторный анализ/Фильтр Период")): Text of object 'Object Repository/Факторный анализ/Фильтр Период' is: '1, 2, 3 кв. 2024 года'

13-11-2024T09:26:45 - [MESSAGE][PASSED] - Text of object 'Object Repository/Факторный анализ/Фильтр Период' is: '1, 2, 3 кв. 2024 года'

13-11-2024T09:26:45 - [TEST_STEP][PASSED] - println(period): null

13-11-2024T09:26:45 - [TEST_STEP][PASSED] - dashboardName = "Факторный анализ": null

13-11-2024T09:26:45 - [TEST_STEP][PASSED] - workbook01 = getWorkbook(excelFilePath): null

13-11-2024T09:26:45 - [TEST_STEP][PASSED] - sheet01 = getExcelSheet(workbook01, sheetName): null

13-11-2024T09:26:45 - [TEST_STEP][PASSED] - setValueToCellByIndex(sheet01, n, 0, dashboardName): null

13-11-2024T09:26:45 - [TEST_STEP][PASSED] - setValueToCellByIndex(sheet01, n, 1, DZO): null

13-11-2024T09:26:45 - [TEST_STEP][PASSED] - setValueToCellByIndex(sheet01, n, 2, vidget): null

13-11-2024T09:26:45 - [TEST_STEP][PASSED] - setValueToCellByIndex(sheet01, n, 3, typeOfData): null

13-11-2024T09:26:45 - [TEST_STEP][PASSED] - setValueToCellByIndex(sheet01, n, 4, otobrajeniyeDannyh): null

13-11-2024T09:26:45 - [TEST_STEP][PASSED] - setValueToCellByIndex(sheet01, n, 5, period): null

13-11-2024T09:26:45 - [TEST_STEP][PASSED] - setValueToCellByIndex(sheet01, n, 6, todaysDate): null

13-11-2024T09:26:45 - [TEST_STEP][PASSED] - n = n + 1: null

13-11-2024T09:26:45 - [TEST_STEP][PASSED] - saveWorkbook(excelFilePath, workbook01): null

13-11-2024T09:26:46 - [TEST_STEP][PASSED] - DZO = "Россети Тюмень": null

13-11-2024T09:26:46 - [TEST_STEP][PASSED] - Script1719551244403.CompareDZO(x = TyuA, y = TyuB, run, typeOfData, otobrajeniyeDannyh, todaysDate, vidget, DZO): null

13-11-2024T09:26:46 - [TEST_STEP][PASSED] - x1 = x: null

13-11-2024T09:26:46 - [TEST_STEP][PASSED] - y1 = y: null

13-11-2024T09:26:46 - [TEST_STEP][PASSED] - i1 = <not implemented yet for class: org.codehaus.groovy.ast.expr.EmptyExpression>: null

13-11-2024T09:26:46 - [TEST_STEP][FAILED] - if (verifyEqual(x, y) == true): Unable to verify equal between actual object '6 624  125' and expected object '338  125' (Root cause: com.kms.katalon.core.exception.StepFailedException: Actual object '6 624  125' and expected object '338  125' are not equal
	at com.kms.katalon.core.keyword.builtin.VerifyEqualKeyword$_verifyEqual_closure1.doCall(VerifyEqualKeyword.groovy:58)
	at com.kms.katalon.core.keyword.builtin.VerifyEqualKeyword$_verifyEqual_closure1.call(VerifyEqualKeyword.groovy)
	at com.kms.katalon.core.keyword.internal.KeywordMain.runKeyword(KeywordMain.groovy:75)
	at com.kms.katalon.core.keyword.builtin.VerifyEqualKeyword.verifyEqual(VerifyEqualKeyword.groovy:63)
	at com.kms.katalon.core.keyword.builtin.VerifyEqualKeyword.execute(VerifyEqualKeyword.groovy:44)
	at com.kms.katalon.core.keyword.internal.KeywordExecutor.executeKeywordForPlatform(KeywordExecutor.groovy:74)
	at com.kms.katalon.core.keyword.BuiltinKeywords.verifyEqual(BuiltinKeywords.groovy:146)
	at jdk.internal.reflect.GeneratedMethodAccessor20.invoke(Unknown Source)
	at java.base/jdk.internal.reflect.DelegatingMethodAccessorImpl.invoke(DelegatingMethodAccessorImpl.java:43)
	at Факторный анализ сверка дашбордов.CompareDZO(Факторный анализ сверка дашбордов:679)
	at Факторный анализ сверка дашбордов.Test(Факторный анализ сверка дашбордов:629)
	at Факторный анализ сверка дашбордов.run(Факторный анализ сверка дашбордов:44)
	at com.kms.katalon.core.main.ScriptEngine.run(ScriptEngine.java:194)
	at com.kms.katalon.core.main.ScriptEngine.runScriptAsRawText(ScriptEngine.java:119)
	at com.kms.katalon.core.main.TestCaseExecutor.runScript(TestCaseExecutor.java:448)
	at com.kms.katalon.core.main.TestCaseExecutor.doExecute(TestCaseExecutor.java:439)
	at com.kms.katalon.core.main.TestCaseExecutor.processExecutionPhase(TestCaseExecutor.java:418)
	at com.kms.katalon.core.main.TestCaseExecutor.accessMainPhase(TestCaseExecutor.java:410)
	at com.kms.katalon.core.main.TestCaseExecutor.execute(TestCaseExecutor.java:285)
	at com.kms.katalon.core.common.CommonExecutor.accessTestCaseMainPhase(CommonExecutor.java:65)
	at com.kms.katalon.core.main.TestSuiteExecutor.accessTestSuiteMainPhase(TestSuiteExecutor.java:150)
	at com.kms.katalon.core.main.TestSuiteExecutor.execute(TestSuiteExecutor.java:106)
	at com.kms.katalon.core.main.TestCaseMain.startTestSuite(TestCaseMain.java:180)
	at TempTestSuite1731477613341.run(TempTestSuite1731477613341.groovy:35)
	at java.base/jdk.internal.reflect.NativeMethodAccessorImpl.invoke0(Native Method)
	at java.base/jdk.internal.reflect.NativeMethodAccessorImpl.invoke(NativeMethodAccessorImpl.java:77)
	at java.base/jdk.internal.reflect.DelegatingMethodAccessorImpl.invoke(DelegatingMethodAccessorImpl.java:43)
)

13-11-2024T09:26:46 - [MESSAGE][FAILED] - Unable to verify equal between actual object '6 624  125' and expected object '338  125' (Root cause: com.kms.katalon.core.exception.StepFailedException: Actual object '6 624  125' and expected object '338  125' are not equal
	at com.kms.katalon.core.keyword.builtin.VerifyEqualKeyword$_verifyEqual_closure1.doCall(VerifyEqualKeyword.groovy:58)
	at com.kms.katalon.core.keyword.builtin.VerifyEqualKeyword$_verifyEqual_closure1.call(VerifyEqualKeyword.groovy)
	at com.kms.katalon.core.keyword.internal.KeywordMain.runKeyword(KeywordMain.groovy:75)
	at com.kms.katalon.core.keyword.builtin.VerifyEqualKeyword.verifyEqual(VerifyEqualKeyword.groovy:63)
	at com.kms.katalon.core.keyword.builtin.VerifyEqualKeyword.execute(VerifyEqualKeyword.groovy:44)
	at com.kms.katalon.core.keyword.internal.KeywordExecutor.executeKeywordForPlatform(KeywordExecutor.groovy:74)
	at com.kms.katalon.core.keyword.BuiltinKeywords.verifyEqual(BuiltinKeywords.groovy:146)
	at jdk.internal.reflect.GeneratedMethodAccessor20.invoke(Unknown Source)
	at java.base/jdk.internal.reflect.DelegatingMethodAccessorImpl.invoke(DelegatingMethodAccessorImpl.java:43)
	at Факторный анализ сверка дашбордов.CompareDZO(Факторный анализ сверка дашбордов:679)
	at Факторный анализ сверка дашбордов.Test(Факторный анализ сверка дашбордов:629)
	at Факторный анализ сверка дашбордов.run(Факторный анализ сверка дашбордов:44)
	at com.kms.katalon.core.main.ScriptEngine.run(ScriptEngine.java:194)
	at com.kms.katalon.core.main.ScriptEngine.runScriptAsRawText(ScriptEngine.java:119)
	at com.kms.katalon.core.main.TestCaseExecutor.runScript(TestCaseExecutor.java:448)
	at com.kms.katalon.core.main.TestCaseExecutor.doExecute(TestCaseExecutor.java:439)
	at com.kms.katalon.core.main.TestCaseExecutor.processExecutionPhase(TestCaseExecutor.java:418)
	at com.kms.katalon.core.main.TestCaseExecutor.accessMainPhase(TestCaseExecutor.java:410)
	at com.kms.katalon.core.main.TestCaseExecutor.execute(TestCaseExecutor.java:285)
	at com.kms.katalon.core.common.CommonExecutor.accessTestCaseMainPhase(CommonExecutor.java:65)
	at com.kms.katalon.core.main.TestSuiteExecutor.accessTestSuiteMainPhase(TestSuiteExecutor.java:150)
	at com.kms.katalon.core.main.TestSuiteExecutor.execute(TestSuiteExecutor.java:106)
	at com.kms.katalon.core.main.TestCaseMain.startTestSuite(TestCaseMain.java:180)
	at TempTestSuite1731477613341.run(TempTestSuite1731477613341.groovy:35)
	at java.base/jdk.internal.reflect.NativeMethodAccessorImpl.invoke0(Native Method)
	at java.base/jdk.internal.reflect.NativeMethodAccessorImpl.invoke(NativeMethodAccessorImpl.java:77)
	at java.base/jdk.internal.reflect.DelegatingMethodAccessorImpl.invoke(DelegatingMethodAccessorImpl.java:43)
)

13-11-2024T09:26:46 - [TEST_STEP][PASSED] - else: null

13-11-2024T09:26:46 - [TEST_STEP][PASSED] - otobrajeniyeDannyh = "Все": null

13-11-2024T09:26:46 - [TEST_STEP][PASSED] - vidget = "Всего отклонения по факторам": null

13-11-2024T09:26:46 - [TEST_STEP][PASSED] - Script1719551244403.WriteToExcel(todaysDate, typeOfData, otobrajeniyeDannyh, x, y, vidget, DZO): null

13-11-2024T09:26:46 - [TEST_STEP][PASSED] - sheetName = "Sheet1": null

13-11-2024T09:26:46 - [TEST_STEP][PASSED] - data = findTestData("PlanFact"): null

13-11-2024T09:26:46 - [TEST_STEP][PASSED] - n = data.getRowNumbers() + 1: null

13-11-2024T09:26:46 - [TEST_STEP][PASSED] - period = getText(findTestObject("Факторный анализ/Фильтр Период")): Text of object 'Object Repository/Факторный анализ/Фильтр Период' is: '1, 2, 3 кв. 2024 года'

13-11-2024T09:26:46 - [MESSAGE][PASSED] - Text of object 'Object Repository/Факторный анализ/Фильтр Период' is: '1, 2, 3 кв. 2024 года'

13-11-2024T09:26:46 - [TEST_STEP][PASSED] - println(period): null

13-11-2024T09:26:46 - [TEST_STEP][PASSED] - dashboardName = "Факторный анализ": null

13-11-2024T09:26:46 - [TEST_STEP][PASSED] - workbook01 = getWorkbook(excelFilePath): null

13-11-2024T09:26:46 - [TEST_STEP][PASSED] - sheet01 = getExcelSheet(workbook01, sheetName): null

13-11-2024T09:26:46 - [TEST_STEP][PASSED] - setValueToCellByIndex(sheet01, n, 0, dashboardName): null

13-11-2024T09:26:46 - [TEST_STEP][PASSED] - setValueToCellByIndex(sheet01, n, 1, DZO): null

13-11-2024T09:26:46 - [TEST_STEP][PASSED] - setValueToCellByIndex(sheet01, n, 2, vidget): null

13-11-2024T09:26:46 - [TEST_STEP][PASSED] - setValueToCellByIndex(sheet01, n, 3, typeOfData): null

13-11-2024T09:26:46 - [TEST_STEP][PASSED] - setValueToCellByIndex(sheet01, n, 4, otobrajeniyeDannyh): null

13-11-2024T09:26:46 - [TEST_STEP][PASSED] - setValueToCellByIndex(sheet01, n, 5, period): null

13-11-2024T09:26:46 - [TEST_STEP][PASSED] - setValueToCellByIndex(sheet01, n, 6, todaysDate): null

13-11-2024T09:26:46 - [TEST_STEP][PASSED] - n = n + 1: null

13-11-2024T09:26:46 - [TEST_STEP][PASSED] - saveWorkbook(excelFilePath, workbook01): null

13-11-2024T09:26:46 - [TEST_STEP][PASSED] - DZO = "Россети Урал (ГК)": null

13-11-2024T09:26:46 - [TEST_STEP][PASSED] - Script1719551244403.CompareDZO(x = UrA, y = UrB, run, typeOfData, otobrajeniyeDannyh, todaysDate, vidget, DZO): null

13-11-2024T09:26:46 - [TEST_STEP][PASSED] - x1 = x: null

13-11-2024T09:26:46 - [TEST_STEP][PASSED] - y1 = y: null

13-11-2024T09:26:46 - [TEST_STEP][PASSED] - i1 = <not implemented yet for class: org.codehaus.groovy.ast.expr.EmptyExpression>: null

13-11-2024T09:26:46 - [TEST_STEP][FAILED] - if (verifyEqual(x, y) == true): Unable to verify equal between actual object '65 636  459    594  218 805 233 973  671' and expected object '3 853  459    594  218 805 233 973  671' (Root cause: com.kms.katalon.core.exception.StepFailedException: Actual object '65 636  459    594  218 805 233 973  671' and expected object '3 853  459    594  218 805 233 973  671' are not equal
	at com.kms.katalon.core.keyword.builtin.VerifyEqualKeyword$_verifyEqual_closure1.doCall(VerifyEqualKeyword.groovy:58)
	at com.kms.katalon.core.keyword.builtin.VerifyEqualKeyword$_verifyEqual_closure1.call(VerifyEqualKeyword.groovy)
	at com.kms.katalon.core.keyword.internal.KeywordMain.runKeyword(KeywordMain.groovy:75)
	at com.kms.katalon.core.keyword.builtin.VerifyEqualKeyword.verifyEqual(VerifyEqualKeyword.groovy:63)
	at com.kms.katalon.core.keyword.builtin.VerifyEqualKeyword.execute(VerifyEqualKeyword.groovy:44)
	at com.kms.katalon.core.keyword.internal.KeywordExecutor.executeKeywordForPlatform(KeywordExecutor.groovy:74)
	at com.kms.katalon.core.keyword.BuiltinKeywords.verifyEqual(BuiltinKeywords.groovy:146)
	at jdk.internal.reflect.GeneratedMethodAccessor20.invoke(Unknown Source)
	at java.base/jdk.internal.reflect.DelegatingMethodAccessorImpl.invoke(DelegatingMethodAccessorImpl.java:43)
	at Факторный анализ сверка дашбордов.CompareDZO(Факторный анализ сверка дашбордов:679)
	at Факторный анализ сверка дашбордов.Test(Факторный анализ сверка дашбордов:633)
	at Факторный анализ сверка дашбордов.run(Факторный анализ сверка дашбордов:44)
	at com.kms.katalon.core.main.ScriptEngine.run(ScriptEngine.java:194)
	at com.kms.katalon.core.main.ScriptEngine.runScriptAsRawText(ScriptEngine.java:119)
	at com.kms.katalon.core.main.TestCaseExecutor.runScript(TestCaseExecutor.java:448)
	at com.kms.katalon.core.main.TestCaseExecutor.doExecute(TestCaseExecutor.java:439)
	at com.kms.katalon.core.main.TestCaseExecutor.processExecutionPhase(TestCaseExecutor.java:418)
	at com.kms.katalon.core.main.TestCaseExecutor.accessMainPhase(TestCaseExecutor.java:410)
	at com.kms.katalon.core.main.TestCaseExecutor.execute(TestCaseExecutor.java:285)
	at com.kms.katalon.core.common.CommonExecutor.accessTestCaseMainPhase(CommonExecutor.java:65)
	at com.kms.katalon.core.main.TestSuiteExecutor.accessTestSuiteMainPhase(TestSuiteExecutor.java:150)
	at com.kms.katalon.core.main.TestSuiteExecutor.execute(TestSuiteExecutor.java:106)
	at com.kms.katalon.core.main.TestCaseMain.startTestSuite(TestCaseMain.java:180)
	at TempTestSuite1731477613341.run(TempTestSuite1731477613341.groovy:35)
	at java.base/jdk.internal.reflect.NativeMethodAccessorImpl.invoke0(Native Method)
	at java.base/jdk.internal.reflect.NativeMethodAccessorImpl.invoke(NativeMethodAccessorImpl.java:77)
	at java.base/jdk.internal.reflect.DelegatingMethodAccessorImpl.invoke(DelegatingMethodAccessorImpl.java:43)
)

13-11-2024T09:26:46 - [MESSAGE][FAILED] - Unable to verify equal between actual object '65 636  459    594  218 805 233 973  671' and expected object '3 853  459    594  218 805 233 973  671' (Root cause: com.kms.katalon.core.exception.StepFailedException: Actual object '65 636  459    594  218 805 233 973  671' and expected object '3 853  459    594  218 805 233 973  671' are not equal
	at com.kms.katalon.core.keyword.builtin.VerifyEqualKeyword$_verifyEqual_closure1.doCall(VerifyEqualKeyword.groovy:58)
	at com.kms.katalon.core.keyword.builtin.VerifyEqualKeyword$_verifyEqual_closure1.call(VerifyEqualKeyword.groovy)
	at com.kms.katalon.core.keyword.internal.KeywordMain.runKeyword(KeywordMain.groovy:75)
	at com.kms.katalon.core.keyword.builtin.VerifyEqualKeyword.verifyEqual(VerifyEqualKeyword.groovy:63)
	at com.kms.katalon.core.keyword.builtin.VerifyEqualKeyword.execute(VerifyEqualKeyword.groovy:44)
	at com.kms.katalon.core.keyword.internal.KeywordExecutor.executeKeywordForPlatform(KeywordExecutor.groovy:74)
	at com.kms.katalon.core.keyword.BuiltinKeywords.verifyEqual(BuiltinKeywords.groovy:146)
	at jdk.internal.reflect.GeneratedMethodAccessor20.invoke(Unknown Source)
	at java.base/jdk.internal.reflect.DelegatingMethodAccessorImpl.invoke(DelegatingMethodAccessorImpl.java:43)
	at Факторный анализ сверка дашбордов.CompareDZO(Факторный анализ сверка дашбордов:679)
	at Факторный анализ сверка дашбордов.Test(Факторный анализ сверка дашбордов:633)
	at Факторный анализ сверка дашбордов.run(Факторный анализ сверка дашбордов:44)
	at com.kms.katalon.core.main.ScriptEngine.run(ScriptEngine.java:194)
	at com.kms.katalon.core.main.ScriptEngine.runScriptAsRawText(ScriptEngine.java:119)
	at com.kms.katalon.core.main.TestCaseExecutor.runScript(TestCaseExecutor.java:448)
	at com.kms.katalon.core.main.TestCaseExecutor.doExecute(TestCaseExecutor.java:439)
	at com.kms.katalon.core.main.TestCaseExecutor.processExecutionPhase(TestCaseExecutor.java:418)
	at com.kms.katalon.core.main.TestCaseExecutor.accessMainPhase(TestCaseExecutor.java:410)
	at com.kms.katalon.core.main.TestCaseExecutor.execute(TestCaseExecutor.java:285)
	at com.kms.katalon.core.common.CommonExecutor.accessTestCaseMainPhase(CommonExecutor.java:65)
	at com.kms.katalon.core.main.TestSuiteExecutor.accessTestSuiteMainPhase(TestSuiteExecutor.java:150)
	at com.kms.katalon.core.main.TestSuiteExecutor.execute(TestSuiteExecutor.java:106)
	at com.kms.katalon.core.main.TestCaseMain.startTestSuite(TestCaseMain.java:180)
	at TempTestSuite1731477613341.run(TempTestSuite1731477613341.groovy:35)
	at java.base/jdk.internal.reflect.NativeMethodAccessorImpl.invoke0(Native Method)
	at java.base/jdk.internal.reflect.NativeMethodAccessorImpl.invoke(NativeMethodAccessorImpl.java:77)
	at java.base/jdk.internal.reflect.DelegatingMethodAccessorImpl.invoke(DelegatingMethodAccessorImpl.java:43)
)

13-11-2024T09:26:46 - [TEST_STEP][PASSED] - else: null

13-11-2024T09:26:46 - [TEST_STEP][PASSED] - otobrajeniyeDannyh = "Все": null

13-11-2024T09:26:46 - [TEST_STEP][PASSED] - vidget = "Всего отклонения по факторам": null

13-11-2024T09:26:46 - [TEST_STEP][PASSED] - Script1719551244403.WriteToExcel(todaysDate, typeOfData, otobrajeniyeDannyh, x, y, vidget, DZO): null

13-11-2024T09:26:46 - [TEST_STEP][PASSED] - sheetName = "Sheet1": null

13-11-2024T09:26:46 - [TEST_STEP][PASSED] - data = findTestData("PlanFact"): null

13-11-2024T09:26:46 - [TEST_STEP][PASSED] - n = data.getRowNumbers() + 1: null

13-11-2024T09:26:46 - [TEST_STEP][PASSED] - period = getText(findTestObject("Факторный анализ/Фильтр Период")): Text of object 'Object Repository/Факторный анализ/Фильтр Период' is: '1, 2, 3 кв. 2024 года'

13-11-2024T09:26:47 - [MESSAGE][PASSED] - Text of object 'Object Repository/Факторный анализ/Фильтр Период' is: '1, 2, 3 кв. 2024 года'

13-11-2024T09:26:47 - [TEST_STEP][PASSED] - println(period): null

13-11-2024T09:26:47 - [TEST_STEP][PASSED] - dashboardName = "Факторный анализ": null

13-11-2024T09:26:47 - [TEST_STEP][PASSED] - workbook01 = getWorkbook(excelFilePath): null

13-11-2024T09:26:47 - [TEST_STEP][PASSED] - sheet01 = getExcelSheet(workbook01, sheetName): null

13-11-2024T09:26:47 - [TEST_STEP][PASSED] - setValueToCellByIndex(sheet01, n, 0, dashboardName): null

13-11-2024T09:26:47 - [TEST_STEP][PASSED] - setValueToCellByIndex(sheet01, n, 1, DZO): null

13-11-2024T09:26:47 - [TEST_STEP][PASSED] - setValueToCellByIndex(sheet01, n, 2, vidget): null

13-11-2024T09:26:47 - [TEST_STEP][PASSED] - setValueToCellByIndex(sheet01, n, 3, typeOfData): null

13-11-2024T09:26:47 - [TEST_STEP][PASSED] - setValueToCellByIndex(sheet01, n, 4, otobrajeniyeDannyh): null

13-11-2024T09:26:47 - [TEST_STEP][PASSED] - setValueToCellByIndex(sheet01, n, 5, period): null

13-11-2024T09:26:47 - [TEST_STEP][PASSED] - setValueToCellByIndex(sheet01, n, 6, todaysDate): null

13-11-2024T09:26:47 - [TEST_STEP][PASSED] - n = n + 1: null

13-11-2024T09:26:47 - [TEST_STEP][PASSED] - saveWorkbook(excelFilePath, workbook01): null

13-11-2024T09:26:47 - [TEST_STEP][PASSED] - DZO = "Россети ФСК ЕЭС": null

13-11-2024T09:26:47 - [TEST_STEP][PASSED] - Script1719551244403.CompareDZO(x = FSKA, y = FSKB, run, typeOfData, otobrajeniyeDannyh, todaysDate, vidget, DZO): null

13-11-2024T09:26:47 - [TEST_STEP][PASSED] - x1 = x: null

13-11-2024T09:26:47 - [TEST_STEP][PASSED] - y1 = y: null

13-11-2024T09:26:47 - [TEST_STEP][PASSED] - i1 = <not implemented yet for class: org.codehaus.groovy.ast.expr.EmptyExpression>: null

13-11-2024T09:26:47 - [TEST_STEP][PASSED] - if (verifyEqual(x, y) == true): null

13-11-2024T09:26:47 - [MESSAGE][PASSED] - Actual object '973  671       16 312 8 781' and expected object '973  671       16 312 8 781' are equal

13-11-2024T09:26:47 - [TEST_STEP][PASSED] - DZO = "Центр": null

13-11-2024T09:26:47 - [TEST_STEP][PASSED] - Script1719551244403.CompareDZO(x = CenA, y = CenB, run, typeOfData, otobrajeniyeDannyh, todaysDate, vidget, DZO): null

13-11-2024T09:26:47 - [TEST_STEP][PASSED] - x1 = x: null

13-11-2024T09:26:47 - [TEST_STEP][PASSED] - y1 = y: null

13-11-2024T09:26:47 - [TEST_STEP][PASSED] - i1 = <not implemented yet for class: org.codehaus.groovy.ast.expr.EmptyExpression>: null

13-11-2024T09:26:47 - [TEST_STEP][FAILED] - if (verifyEqual(x, y) == true): Unable to verify equal between actual object '16 312 8 781   299 111 4 489 32 12 187 182 83 2 2 381 132 731  322 3 553 22 6 765 35 5 262 4 319 127 6 307 31' and expected object '16 312 8 781   299 111 73 22 602 133 83 2 96 86 731  322 148 21 64 35 276 4 319 127 545 4' (Root cause: com.kms.katalon.core.exception.StepFailedException: Actual object '16 312 8 781   299 111 4 489 32 12 187 182 83 2 2 381 132 731  322 3 553 22 6 765 35 5 262 4 319 127 6 307 31' and expected object '16 312 8 781   299 111 73 22 602 133 83 2 96 86 731  322 148 21 64 35 276 4 319 127 545 4' are not equal
	at com.kms.katalon.core.keyword.builtin.VerifyEqualKeyword$_verifyEqual_closure1.doCall(VerifyEqualKeyword.groovy:58)
	at com.kms.katalon.core.keyword.builtin.VerifyEqualKeyword$_verifyEqual_closure1.call(VerifyEqualKeyword.groovy)
	at com.kms.katalon.core.keyword.internal.KeywordMain.runKeyword(KeywordMain.groovy:75)
	at com.kms.katalon.core.keyword.builtin.VerifyEqualKeyword.verifyEqual(VerifyEqualKeyword.groovy:63)
	at com.kms.katalon.core.keyword.builtin.VerifyEqualKeyword.execute(VerifyEqualKeyword.groovy:44)
	at com.kms.katalon.core.keyword.internal.KeywordExecutor.executeKeywordForPlatform(KeywordExecutor.groovy:74)
	at com.kms.katalon.core.keyword.BuiltinKeywords.verifyEqual(BuiltinKeywords.groovy:146)
	at jdk.internal.reflect.GeneratedMethodAccessor20.invoke(Unknown Source)
	at java.base/jdk.internal.reflect.DelegatingMethodAccessorImpl.invoke(DelegatingMethodAccessorImpl.java:43)
	at Факторный анализ сверка дашбордов.CompareDZO(Факторный анализ сверка дашбордов:679)
	at Факторный анализ сверка дашбордов.Test(Факторный анализ сверка дашбордов:641)
	at Факторный анализ сверка дашбордов.run(Факторный анализ сверка дашбордов:44)
	at com.kms.katalon.core.main.ScriptEngine.run(ScriptEngine.java:194)
	at com.kms.katalon.core.main.ScriptEngine.runScriptAsRawText(ScriptEngine.java:119)
	at com.kms.katalon.core.main.TestCaseExecutor.runScript(TestCaseExecutor.java:448)
	at com.kms.katalon.core.main.TestCaseExecutor.doExecute(TestCaseExecutor.java:439)
	at com.kms.katalon.core.main.TestCaseExecutor.processExecutionPhase(TestCaseExecutor.java:418)
	at com.kms.katalon.core.main.TestCaseExecutor.accessMainPhase(TestCaseExecutor.java:410)
	at com.kms.katalon.core.main.TestCaseExecutor.execute(TestCaseExecutor.java:285)
	at com.kms.katalon.core.common.CommonExecutor.accessTestCaseMainPhase(CommonExecutor.java:65)
	at com.kms.katalon.core.main.TestSuiteExecutor.accessTestSuiteMainPhase(TestSuiteExecutor.java:150)
	at com.kms.katalon.core.main.TestSuiteExecutor.execute(TestSuiteExecutor.java:106)
	at com.kms.katalon.core.main.TestCaseMain.startTestSuite(TestCaseMain.java:180)
	at TempTestSuite1731477613341.run(TempTestSuite1731477613341.groovy:35)
	at java.base/jdk.internal.reflect.NativeMethodAccessorImpl.invoke0(Native Method)
	at java.base/jdk.internal.reflect.NativeMethodAccessorImpl.invoke(NativeMethodAccessorImpl.java:77)
	at java.base/jdk.internal.reflect.DelegatingMethodAccessorImpl.invoke(DelegatingMethodAccessorImpl.java:43)
)

13-11-2024T09:26:47 - [MESSAGE][FAILED] - Unable to verify equal between actual object '16 312 8 781   299 111 4 489 32 12 187 182 83 2 2 381 132 731  322 3 553 22 6 765 35 5 262 4 319 127 6 307 31' and expected object '16 312 8 781   299 111 73 22 602 133 83 2 96 86 731  322 148 21 64 35 276 4 319 127 545 4' (Root cause: com.kms.katalon.core.exception.StepFailedException: Actual object '16 312 8 781   299 111 4 489 32 12 187 182 83 2 2 381 132 731  322 3 553 22 6 765 35 5 262 4 319 127 6 307 31' and expected object '16 312 8 781   299 111 73 22 602 133 83 2 96 86 731  322 148 21 64 35 276 4 319 127 545 4' are not equal
	at com.kms.katalon.core.keyword.builtin.VerifyEqualKeyword$_verifyEqual_closure1.doCall(VerifyEqualKeyword.groovy:58)
	at com.kms.katalon.core.keyword.builtin.VerifyEqualKeyword$_verifyEqual_closure1.call(VerifyEqualKeyword.groovy)
	at com.kms.katalon.core.keyword.internal.KeywordMain.runKeyword(KeywordMain.groovy:75)
	at com.kms.katalon.core.keyword.builtin.VerifyEqualKeyword.verifyEqual(VerifyEqualKeyword.groovy:63)
	at com.kms.katalon.core.keyword.builtin.VerifyEqualKeyword.execute(VerifyEqualKeyword.groovy:44)
	at com.kms.katalon.core.keyword.internal.KeywordExecutor.executeKeywordForPlatform(KeywordExecutor.groovy:74)
	at com.kms.katalon.core.keyword.BuiltinKeywords.verifyEqual(BuiltinKeywords.groovy:146)
	at jdk.internal.reflect.GeneratedMethodAccessor20.invoke(Unknown Source)
	at java.base/jdk.internal.reflect.DelegatingMethodAccessorImpl.invoke(DelegatingMethodAccessorImpl.java:43)
	at Факторный анализ сверка дашбордов.CompareDZO(Факторный анализ сверка дашбордов:679)
	at Факторный анализ сверка дашбордов.Test(Факторный анализ сверка дашбордов:641)
	at Факторный анализ сверка дашбордов.run(Факторный анализ сверка дашбордов:44)
	at com.kms.katalon.core.main.ScriptEngine.run(ScriptEngine.java:194)
	at com.kms.katalon.core.main.ScriptEngine.runScriptAsRawText(ScriptEngine.java:119)
	at com.kms.katalon.core.main.TestCaseExecutor.runScript(TestCaseExecutor.java:448)
	at com.kms.katalon.core.main.TestCaseExecutor.doExecute(TestCaseExecutor.java:439)
	at com.kms.katalon.core.main.TestCaseExecutor.processExecutionPhase(TestCaseExecutor.java:418)
	at com.kms.katalon.core.main.TestCaseExecutor.accessMainPhase(TestCaseExecutor.java:410)
	at com.kms.katalon.core.main.TestCaseExecutor.execute(TestCaseExecutor.java:285)
	at com.kms.katalon.core.common.CommonExecutor.accessTestCaseMainPhase(CommonExecutor.java:65)
	at com.kms.katalon.core.main.TestSuiteExecutor.accessTestSuiteMainPhase(TestSuiteExecutor.java:150)
	at com.kms.katalon.core.main.TestSuiteExecutor.execute(TestSuiteExecutor.java:106)
	at com.kms.katalon.core.main.TestCaseMain.startTestSuite(TestCaseMain.java:180)
	at TempTestSuite1731477613341.run(TempTestSuite1731477613341.groovy:35)
	at java.base/jdk.internal.reflect.NativeMethodAccessorImpl.invoke0(Native Method)
	at java.base/jdk.internal.reflect.NativeMethodAccessorImpl.invoke(NativeMethodAccessorImpl.java:77)
	at java.base/jdk.internal.reflect.DelegatingMethodAccessorImpl.invoke(DelegatingMethodAccessorImpl.java:43)
)

13-11-2024T09:26:47 - [TEST_STEP][PASSED] - else: null

13-11-2024T09:26:47 - [TEST_STEP][PASSED] - otobrajeniyeDannyh = "Все": null

13-11-2024T09:26:47 - [TEST_STEP][PASSED] - vidget = "Всего отклонения по факторам": null

13-11-2024T09:26:47 - [TEST_STEP][PASSED] - Script1719551244403.WriteToExcel(todaysDate, typeOfData, otobrajeniyeDannyh, x, y, vidget, DZO): null

13-11-2024T09:26:47 - [TEST_STEP][PASSED] - sheetName = "Sheet1": null

13-11-2024T09:26:47 - [TEST_STEP][PASSED] - data = findTestData("PlanFact"): null

13-11-2024T09:26:47 - [TEST_STEP][PASSED] - n = data.getRowNumbers() + 1: null

13-11-2024T09:26:47 - [TEST_STEP][PASSED] - period = getText(findTestObject("Факторный анализ/Фильтр Период")): Text of object 'Object Repository/Факторный анализ/Фильтр Период' is: '1, 2, 3 кв. 2024 года'

13-11-2024T09:26:47 - [MESSAGE][PASSED] - Text of object 'Object Repository/Факторный анализ/Фильтр Период' is: '1, 2, 3 кв. 2024 года'

13-11-2024T09:26:47 - [TEST_STEP][PASSED] - println(period): null

13-11-2024T09:26:47 - [TEST_STEP][PASSED] - dashboardName = "Факторный анализ": null

13-11-2024T09:26:47 - [TEST_STEP][PASSED] - workbook01 = getWorkbook(excelFilePath): null

13-11-2024T09:26:47 - [TEST_STEP][PASSED] - sheet01 = getExcelSheet(workbook01, sheetName): null

13-11-2024T09:26:47 - [TEST_STEP][PASSED] - setValueToCellByIndex(sheet01, n, 0, dashboardName): null

13-11-2024T09:26:47 - [TEST_STEP][PASSED] - setValueToCellByIndex(sheet01, n, 1, DZO): null

13-11-2024T09:26:47 - [TEST_STEP][PASSED] - setValueToCellByIndex(sheet01, n, 2, vidget): null

13-11-2024T09:26:47 - [TEST_STEP][PASSED] - setValueToCellByIndex(sheet01, n, 3, typeOfData): null

13-11-2024T09:26:47 - [TEST_STEP][PASSED] - setValueToCellByIndex(sheet01, n, 4, otobrajeniyeDannyh): null

13-11-2024T09:26:47 - [TEST_STEP][PASSED] - setValueToCellByIndex(sheet01, n, 5, period): null

13-11-2024T09:26:47 - [TEST_STEP][PASSED] - setValueToCellByIndex(sheet01, n, 6, todaysDate): null

13-11-2024T09:26:47 - [TEST_STEP][PASSED] - n = n + 1: null

13-11-2024T09:26:47 - [TEST_STEP][PASSED] - saveWorkbook(excelFilePath, workbook01): null

13-11-2024T09:26:48 - [TEST_STEP][PASSED] - DZO = "Центр и Приволжье (ГК)": null

13-11-2024T09:26:48 - [TEST_STEP][PASSED] - Script1719551244403.CompareDZO(x = CiPA, y = CiPB, run, typeOfData, otobrajeniyeDannyh, todaysDate, vidget, DZO): null

13-11-2024T09:26:48 - [TEST_STEP][PASSED] - x1 = x: null

13-11-2024T09:26:48 - [TEST_STEP][PASSED] - y1 = y: null

13-11-2024T09:26:48 - [TEST_STEP][PASSED] - i1 = <not implemented yet for class: org.codehaus.groovy.ast.expr.EmptyExpression>: null

13-11-2024T09:26:48 - [TEST_STEP][FAILED] - if (verifyEqual(x, y) == true): Unable to verify equal between actual object '6 307 31      517 49 169 40 558 42 403 0 144 19 658 231 259 47 733  209 294 3' and expected object '545 4      517 49 169 40 558 42 403 0 144 19 658 231 259 47 733  209 294 3' (Root cause: com.kms.katalon.core.exception.StepFailedException: Actual object '6 307 31      517 49 169 40 558 42 403 0 144 19 658 231 259 47 733  209 294 3' and expected object '545 4      517 49 169 40 558 42 403 0 144 19 658 231 259 47 733  209 294 3' are not equal
	at com.kms.katalon.core.keyword.builtin.VerifyEqualKeyword$_verifyEqual_closure1.doCall(VerifyEqualKeyword.groovy:58)
	at com.kms.katalon.core.keyword.builtin.VerifyEqualKeyword$_verifyEqual_closure1.call(VerifyEqualKeyword.groovy)
	at com.kms.katalon.core.keyword.internal.KeywordMain.runKeyword(KeywordMain.groovy:75)
	at com.kms.katalon.core.keyword.builtin.VerifyEqualKeyword.verifyEqual(VerifyEqualKeyword.groovy:63)
	at com.kms.katalon.core.keyword.builtin.VerifyEqualKeyword.execute(VerifyEqualKeyword.groovy:44)
	at com.kms.katalon.core.keyword.internal.KeywordExecutor.executeKeywordForPlatform(KeywordExecutor.groovy:74)
	at com.kms.katalon.core.keyword.BuiltinKeywords.verifyEqual(BuiltinKeywords.groovy:146)
	at jdk.internal.reflect.GeneratedMethodAccessor20.invoke(Unknown Source)
	at java.base/jdk.internal.reflect.DelegatingMethodAccessorImpl.invoke(DelegatingMethodAccessorImpl.java:43)
	at Факторный анализ сверка дашбордов.CompareDZO(Факторный анализ сверка дашбордов:679)
	at Факторный анализ сверка дашбордов.Test(Факторный анализ сверка дашбордов:645)
	at Факторный анализ сверка дашбордов.run(Факторный анализ сверка дашбордов:44)
	at com.kms.katalon.core.main.ScriptEngine.run(ScriptEngine.java:194)
	at com.kms.katalon.core.main.ScriptEngine.runScriptAsRawText(ScriptEngine.java:119)
	at com.kms.katalon.core.main.TestCaseExecutor.runScript(TestCaseExecutor.java:448)
	at com.kms.katalon.core.main.TestCaseExecutor.doExecute(TestCaseExecutor.java:439)
	at com.kms.katalon.core.main.TestCaseExecutor.processExecutionPhase(TestCaseExecutor.java:418)
	at com.kms.katalon.core.main.TestCaseExecutor.accessMainPhase(TestCaseExecutor.java:410)
	at com.kms.katalon.core.main.TestCaseExecutor.execute(TestCaseExecutor.java:285)
	at com.kms.katalon.core.common.CommonExecutor.accessTestCaseMainPhase(CommonExecutor.java:65)
	at com.kms.katalon.core.main.TestSuiteExecutor.accessTestSuiteMainPhase(TestSuiteExecutor.java:150)
	at com.kms.katalon.core.main.TestSuiteExecutor.execute(TestSuiteExecutor.java:106)
	at com.kms.katalon.core.main.TestCaseMain.startTestSuite(TestCaseMain.java:180)
	at TempTestSuite1731477613341.run(TempTestSuite1731477613341.groovy:35)
	at java.base/jdk.internal.reflect.NativeMethodAccessorImpl.invoke0(Native Method)
	at java.base/jdk.internal.reflect.NativeMethodAccessorImpl.invoke(NativeMethodAccessorImpl.java:77)
	at java.base/jdk.internal.reflect.DelegatingMethodAccessorImpl.invoke(DelegatingMethodAccessorImpl.java:43)
)

13-11-2024T09:26:48 - [MESSAGE][FAILED] - Unable to verify equal between actual object '6 307 31      517 49 169 40 558 42 403 0 144 19 658 231 259 47 733  209 294 3' and expected object '545 4      517 49 169 40 558 42 403 0 144 19 658 231 259 47 733  209 294 3' (Root cause: com.kms.katalon.core.exception.StepFailedException: Actual object '6 307 31      517 49 169 40 558 42 403 0 144 19 658 231 259 47 733  209 294 3' and expected object '545 4      517 49 169 40 558 42 403 0 144 19 658 231 259 47 733  209 294 3' are not equal
	at com.kms.katalon.core.keyword.builtin.VerifyEqualKeyword$_verifyEqual_closure1.doCall(VerifyEqualKeyword.groovy:58)
	at com.kms.katalon.core.keyword.builtin.VerifyEqualKeyword$_verifyEqual_closure1.call(VerifyEqualKeyword.groovy)
	at com.kms.katalon.core.keyword.internal.KeywordMain.runKeyword(KeywordMain.groovy:75)
	at com.kms.katalon.core.keyword.builtin.VerifyEqualKeyword.verifyEqual(VerifyEqualKeyword.groovy:63)
	at com.kms.katalon.core.keyword.builtin.VerifyEqualKeyword.execute(VerifyEqualKeyword.groovy:44)
	at com.kms.katalon.core.keyword.internal.KeywordExecutor.executeKeywordForPlatform(KeywordExecutor.groovy:74)
	at com.kms.katalon.core.keyword.BuiltinKeywords.verifyEqual(BuiltinKeywords.groovy:146)
	at jdk.internal.reflect.GeneratedMethodAccessor20.invoke(Unknown Source)
	at java.base/jdk.internal.reflect.DelegatingMethodAccessorImpl.invoke(DelegatingMethodAccessorImpl.java:43)
	at Факторный анализ сверка дашбордов.CompareDZO(Факторный анализ сверка дашбордов:679)
	at Факторный анализ сверка дашбордов.Test(Факторный анализ сверка дашбордов:645)
	at Факторный анализ сверка дашбордов.run(Факторный анализ сверка дашбордов:44)
	at com.kms.katalon.core.main.ScriptEngine.run(ScriptEngine.java:194)
	at com.kms.katalon.core.main.ScriptEngine.runScriptAsRawText(ScriptEngine.java:119)
	at com.kms.katalon.core.main.TestCaseExecutor.runScript(TestCaseExecutor.java:448)
	at com.kms.katalon.core.main.TestCaseExecutor.doExecute(TestCaseExecutor.java:439)
	at com.kms.katalon.core.main.TestCaseExecutor.processExecutionPhase(TestCaseExecutor.java:418)
	at com.kms.katalon.core.main.TestCaseExecutor.accessMainPhase(TestCaseExecutor.java:410)
	at com.kms.katalon.core.main.TestCaseExecutor.execute(TestCaseExecutor.java:285)
	at com.kms.katalon.core.common.CommonExecutor.accessTestCaseMainPhase(CommonExecutor.java:65)
	at com.kms.katalon.core.main.TestSuiteExecutor.accessTestSuiteMainPhase(TestSuiteExecutor.java:150)
	at com.kms.katalon.core.main.TestSuiteExecutor.execute(TestSuiteExecutor.java:106)
	at com.kms.katalon.core.main.TestCaseMain.startTestSuite(TestCaseMain.java:180)
	at TempTestSuite1731477613341.run(TempTestSuite1731477613341.groovy:35)
	at java.base/jdk.internal.reflect.NativeMethodAccessorImpl.invoke0(Native Method)
	at java.base/jdk.internal.reflect.NativeMethodAccessorImpl.invoke(NativeMethodAccessorImpl.java:77)
	at java.base/jdk.internal.reflect.DelegatingMethodAccessorImpl.invoke(DelegatingMethodAccessorImpl.java:43)
)

13-11-2024T09:26:48 - [TEST_STEP][PASSED] - else: null

13-11-2024T09:26:48 - [TEST_STEP][PASSED] - otobrajeniyeDannyh = "Все": null

13-11-2024T09:26:48 - [TEST_STEP][PASSED] - vidget = "Всего отклонения по факторам": null

13-11-2024T09:26:48 - [TEST_STEP][PASSED] - Script1719551244403.WriteToExcel(todaysDate, typeOfData, otobrajeniyeDannyh, x, y, vidget, DZO): null

13-11-2024T09:26:48 - [TEST_STEP][PASSED] - sheetName = "Sheet1": null

13-11-2024T09:26:48 - [TEST_STEP][PASSED] - data = findTestData("PlanFact"): null

13-11-2024T09:26:48 - [TEST_STEP][PASSED] - n = data.getRowNumbers() + 1: null

13-11-2024T09:26:48 - [TEST_STEP][PASSED] - period = getText(findTestObject("Факторный анализ/Фильтр Период")): Text of object 'Object Repository/Факторный анализ/Фильтр Период' is: '1, 2, 3 кв. 2024 года'

13-11-2024T09:26:48 - [MESSAGE][PASSED] - Text of object 'Object Repository/Факторный анализ/Фильтр Период' is: '1, 2, 3 кв. 2024 года'

13-11-2024T09:26:48 - [TEST_STEP][PASSED] - println(period): null

13-11-2024T09:26:48 - [TEST_STEP][PASSED] - dashboardName = "Факторный анализ": null

13-11-2024T09:26:48 - [TEST_STEP][PASSED] - workbook01 = getWorkbook(excelFilePath): null

13-11-2024T09:26:48 - [TEST_STEP][PASSED] - sheet01 = getExcelSheet(workbook01, sheetName): null

13-11-2024T09:26:48 - [TEST_STEP][PASSED] - setValueToCellByIndex(sheet01, n, 0, dashboardName): null

13-11-2024T09:26:48 - [TEST_STEP][PASSED] - setValueToCellByIndex(sheet01, n, 1, DZO): null

13-11-2024T09:26:48 - [TEST_STEP][PASSED] - setValueToCellByIndex(sheet01, n, 2, vidget): null

13-11-2024T09:26:48 - [TEST_STEP][PASSED] - setValueToCellByIndex(sheet01, n, 3, typeOfData): null

13-11-2024T09:26:48 - [TEST_STEP][PASSED] - setValueToCellByIndex(sheet01, n, 4, otobrajeniyeDannyh): null

13-11-2024T09:26:48 - [TEST_STEP][PASSED] - setValueToCellByIndex(sheet01, n, 5, period): null

13-11-2024T09:26:48 - [TEST_STEP][PASSED] - setValueToCellByIndex(sheet01, n, 6, todaysDate): null

13-11-2024T09:26:48 - [TEST_STEP][PASSED] - n = n + 1: null

13-11-2024T09:26:48 - [TEST_STEP][PASSED] - saveWorkbook(excelFilePath, workbook01): null

13-11-2024T09:26:48 - [TEST_STEP][PASSED] - DZO = "Россети Юг (ГК)": null

13-11-2024T09:26:48 - [TEST_STEP][PASSED] - Script1719551244403.CompareDZO(x = UgA, y = UgB, run, typeOfData, otobrajeniyeDannyh, todaysDate, vidget, DZO): null

13-11-2024T09:26:48 - [TEST_STEP][PASSED] - x1 = x: null

13-11-2024T09:26:48 - [TEST_STEP][PASSED] - y1 = y: null

13-11-2024T09:26:48 - [TEST_STEP][PASSED] - i1 = <not implemented yet for class: org.codehaus.groovy.ast.expr.EmptyExpression>: null

13-11-2024T09:26:48 - [TEST_STEP][FAILED] - if (verifyEqual(x, y) == true): Unable to verify equal between actual object '294 3     3 370 41 5 158 90 8 953  310 1 477 5 18 198 44' and expected object '294 3     153 41 73 90 392  310 58 5 779 44' (Root cause: com.kms.katalon.core.exception.StepFailedException: Actual object '294 3     3 370 41 5 158 90 8 953  310 1 477 5 18 198 44' and expected object '294 3     153 41 73 90 392  310 58 5 779 44' are not equal
	at com.kms.katalon.core.keyword.builtin.VerifyEqualKeyword$_verifyEqual_closure1.doCall(VerifyEqualKeyword.groovy:58)
	at com.kms.katalon.core.keyword.builtin.VerifyEqualKeyword$_verifyEqual_closure1.call(VerifyEqualKeyword.groovy)
	at com.kms.katalon.core.keyword.internal.KeywordMain.runKeyword(KeywordMain.groovy:75)
	at com.kms.katalon.core.keyword.builtin.VerifyEqualKeyword.verifyEqual(VerifyEqualKeyword.groovy:63)
	at com.kms.katalon.core.keyword.builtin.VerifyEqualKeyword.execute(VerifyEqualKeyword.groovy:44)
	at com.kms.katalon.core.keyword.internal.KeywordExecutor.executeKeywordForPlatform(KeywordExecutor.groovy:74)
	at com.kms.katalon.core.keyword.BuiltinKeywords.verifyEqual(BuiltinKeywords.groovy:146)
	at jdk.internal.reflect.GeneratedMethodAccessor20.invoke(Unknown Source)
	at java.base/jdk.internal.reflect.DelegatingMethodAccessorImpl.invoke(DelegatingMethodAccessorImpl.java:43)
	at Факторный анализ сверка дашбордов.CompareDZO(Факторный анализ сверка дашбордов:679)
	at Факторный анализ сверка дашбордов.Test(Факторный анализ сверка дашбордов:649)
	at Факторный анализ сверка дашбордов.run(Факторный анализ сверка дашбордов:44)
	at com.kms.katalon.core.main.ScriptEngine.run(ScriptEngine.java:194)
	at com.kms.katalon.core.main.ScriptEngine.runScriptAsRawText(ScriptEngine.java:119)
	at com.kms.katalon.core.main.TestCaseExecutor.runScript(TestCaseExecutor.java:448)
	at com.kms.katalon.core.main.TestCaseExecutor.doExecute(TestCaseExecutor.java:439)
	at com.kms.katalon.core.main.TestCaseExecutor.processExecutionPhase(TestCaseExecutor.java:418)
	at com.kms.katalon.core.main.TestCaseExecutor.accessMainPhase(TestCaseExecutor.java:410)
	at com.kms.katalon.core.main.TestCaseExecutor.execute(TestCaseExecutor.java:285)
	at com.kms.katalon.core.common.CommonExecutor.accessTestCaseMainPhase(CommonExecutor.java:65)
	at com.kms.katalon.core.main.TestSuiteExecutor.accessTestSuiteMainPhase(TestSuiteExecutor.java:150)
	at com.kms.katalon.core.main.TestSuiteExecutor.execute(TestSuiteExecutor.java:106)
	at com.kms.katalon.core.main.TestCaseMain.startTestSuite(TestCaseMain.java:180)
	at TempTestSuite1731477613341.run(TempTestSuite1731477613341.groovy:35)
	at java.base/jdk.internal.reflect.NativeMethodAccessorImpl.invoke0(Native Method)
	at java.base/jdk.internal.reflect.NativeMethodAccessorImpl.invoke(NativeMethodAccessorImpl.java:77)
	at java.base/jdk.internal.reflect.DelegatingMethodAccessorImpl.invoke(DelegatingMethodAccessorImpl.java:43)
)

13-11-2024T09:26:48 - [MESSAGE][FAILED] - Unable to verify equal between actual object '294 3     3 370 41 5 158 90 8 953  310 1 477 5 18 198 44' and expected object '294 3     153 41 73 90 392  310 58 5 779 44' (Root cause: com.kms.katalon.core.exception.StepFailedException: Actual object '294 3     3 370 41 5 158 90 8 953  310 1 477 5 18 198 44' and expected object '294 3     153 41 73 90 392  310 58 5 779 44' are not equal
	at com.kms.katalon.core.keyword.builtin.VerifyEqualKeyword$_verifyEqual_closure1.doCall(VerifyEqualKeyword.groovy:58)
	at com.kms.katalon.core.keyword.builtin.VerifyEqualKeyword$_verifyEqual_closure1.call(VerifyEqualKeyword.groovy)
	at com.kms.katalon.core.keyword.internal.KeywordMain.runKeyword(KeywordMain.groovy:75)
	at com.kms.katalon.core.keyword.builtin.VerifyEqualKeyword.verifyEqual(VerifyEqualKeyword.groovy:63)
	at com.kms.katalon.core.keyword.builtin.VerifyEqualKeyword.execute(VerifyEqualKeyword.groovy:44)
	at com.kms.katalon.core.keyword.internal.KeywordExecutor.executeKeywordForPlatform(KeywordExecutor.groovy:74)
	at com.kms.katalon.core.keyword.BuiltinKeywords.verifyEqual(BuiltinKeywords.groovy:146)
	at jdk.internal.reflect.GeneratedMethodAccessor20.invoke(Unknown Source)
	at java.base/jdk.internal.reflect.DelegatingMethodAccessorImpl.invoke(DelegatingMethodAccessorImpl.java:43)
	at Факторный анализ сверка дашбордов.CompareDZO(Факторный анализ сверка дашбордов:679)
	at Факторный анализ сверка дашбордов.Test(Факторный анализ сверка дашбордов:649)
	at Факторный анализ сверка дашбордов.run(Факторный анализ сверка дашбордов:44)
	at com.kms.katalon.core.main.ScriptEngine.run(ScriptEngine.java:194)
	at com.kms.katalon.core.main.ScriptEngine.runScriptAsRawText(ScriptEngine.java:119)
	at com.kms.katalon.core.main.TestCaseExecutor.runScript(TestCaseExecutor.java:448)
	at com.kms.katalon.core.main.TestCaseExecutor.doExecute(TestCaseExecutor.java:439)
	at com.kms.katalon.core.main.TestCaseExecutor.processExecutionPhase(TestCaseExecutor.java:418)
	at com.kms.katalon.core.main.TestCaseExecutor.accessMainPhase(TestCaseExecutor.java:410)
	at com.kms.katalon.core.main.TestCaseExecutor.execute(TestCaseExecutor.java:285)
	at com.kms.katalon.core.common.CommonExecutor.accessTestCaseMainPhase(CommonExecutor.java:65)
	at com.kms.katalon.core.main.TestSuiteExecutor.accessTestSuiteMainPhase(TestSuiteExecutor.java:150)
	at com.kms.katalon.core.main.TestSuiteExecutor.execute(TestSuiteExecutor.java:106)
	at com.kms.katalon.core.main.TestCaseMain.startTestSuite(TestCaseMain.java:180)
	at TempTestSuite1731477613341.run(TempTestSuite1731477613341.groovy:35)
	at java.base/jdk.internal.reflect.NativeMethodAccessorImpl.invoke0(Native Method)
	at java.base/jdk.internal.reflect.NativeMethodAccessorImpl.invoke(NativeMethodAccessorImpl.java:77)
	at java.base/jdk.internal.reflect.DelegatingMethodAccessorImpl.invoke(DelegatingMethodAccessorImpl.java:43)
)

13-11-2024T09:26:48 - [TEST_STEP][PASSED] - else: null

13-11-2024T09:26:48 - [TEST_STEP][PASSED] - otobrajeniyeDannyh = "Все": null

13-11-2024T09:26:48 - [TEST_STEP][PASSED] - vidget = "Всего отклонения по факторам": null

13-11-2024T09:26:48 - [TEST_STEP][PASSED] - Script1719551244403.WriteToExcel(todaysDate, typeOfData, otobrajeniyeDannyh, x, y, vidget, DZO): null

13-11-2024T09:26:48 - [TEST_STEP][PASSED] - sheetName = "Sheet1": null

13-11-2024T09:26:48 - [TEST_STEP][PASSED] - data = findTestData("PlanFact"): null

13-11-2024T09:26:48 - [TEST_STEP][PASSED] - n = data.getRowNumbers() + 1: null

13-11-2024T09:26:48 - [TEST_STEP][PASSED] - period = getText(findTestObject("Факторный анализ/Фильтр Период")): Text of object 'Object Repository/Факторный анализ/Фильтр Период' is: '1, 2, 3 кв. 2024 года'

13-11-2024T09:26:49 - [MESSAGE][PASSED] - Text of object 'Object Repository/Факторный анализ/Фильтр Период' is: '1, 2, 3 кв. 2024 года'

13-11-2024T09:26:49 - [TEST_STEP][PASSED] - println(period): null

13-11-2024T09:26:49 - [TEST_STEP][PASSED] - dashboardName = "Факторный анализ": null

13-11-2024T09:26:49 - [TEST_STEP][PASSED] - workbook01 = getWorkbook(excelFilePath): null

13-11-2024T09:26:49 - [TEST_STEP][PASSED] - sheet01 = getExcelSheet(workbook01, sheetName): null

13-11-2024T09:26:49 - [TEST_STEP][PASSED] - setValueToCellByIndex(sheet01, n, 0, dashboardName): null

13-11-2024T09:26:49 - [TEST_STEP][PASSED] - setValueToCellByIndex(sheet01, n, 1, DZO): null

13-11-2024T09:26:49 - [TEST_STEP][PASSED] - setValueToCellByIndex(sheet01, n, 2, vidget): null

13-11-2024T09:26:49 - [TEST_STEP][PASSED] - setValueToCellByIndex(sheet01, n, 3, typeOfData): null

13-11-2024T09:26:49 - [TEST_STEP][PASSED] - setValueToCellByIndex(sheet01, n, 4, otobrajeniyeDannyh): null

13-11-2024T09:26:49 - [TEST_STEP][PASSED] - setValueToCellByIndex(sheet01, n, 5, period): null

13-11-2024T09:26:49 - [TEST_STEP][PASSED] - setValueToCellByIndex(sheet01, n, 6, todaysDate): null

13-11-2024T09:26:49 - [TEST_STEP][PASSED] - n = n + 1: null

13-11-2024T09:26:49 - [TEST_STEP][PASSED] - saveWorkbook(excelFilePath, workbook01): null

13-11-2024T09:26:49 - [TEST_STEP][PASSED] - DZO = "Россети Янтарь": null

13-11-2024T09:26:49 - [TEST_STEP][PASSED] - Script1719551244403.CompareDZO(x = YaA, y = YaB, run, typeOfData, otobrajeniyeDannyh, todaysDate, vidget, DZO): null

13-11-2024T09:26:49 - [TEST_STEP][PASSED] - x1 = x: null

13-11-2024T09:26:49 - [TEST_STEP][PASSED] - y1 = y: null

13-11-2024T09:26:49 - [TEST_STEP][PASSED] - i1 = <not implemented yet for class: org.codehaus.groovy.ast.expr.EmptyExpression>: null

13-11-2024T09:26:49 - [TEST_STEP][PASSED] - if (verifyEqual(x, y) == true): Actual object '305 28' and expected object '305 28' are equal

13-11-2024T09:26:49 - [MESSAGE][PASSED] - Actual object '305 28' and expected object '305 28' are equal

13-11-2024T09:26:49 - [TEST_STEP][PASSED] - closeBrowser(): Browser is closed

13-11-2024T09:26:49 - [MESSAGE][PASSED] - Browser is closed]]></system-out>
         <system-err><![CDATA[13-11-2024T09:22:14 - [TEST_CASE][FAILED] - Test Cases/Сверки дашбордов/Факторный анализ сверка дашбордов: Test Cases/Сверки дашбордов/Факторный анализ сверка дашбордов FAILED.
Reason:
com.kms.katalon.core.exception.StepFailedException: Unable to verify equal between actual object '-355761' and expected object '9903' (Root cause: com.kms.katalon.core.exception.StepFailedException: Actual object '-355761' and expected object '9903' are not equal
	at com.kms.katalon.core.keyword.builtin.VerifyEqualKeyword$_verifyEqual_closure1.doCall(VerifyEqualKeyword.groovy:58)
	at com.kms.katalon.core.keyword.builtin.VerifyEqualKeyword$_verifyEqual_closure1.call(VerifyEqualKeyword.groovy)
	at com.kms.katalon.core.keyword.internal.KeywordMain.runKeyword(KeywordMain.groovy:75)
	at com.kms.katalon.core.keyword.builtin.VerifyEqualKeyword.verifyEqual(VerifyEqualKeyword.groovy:63)
	at com.kms.katalon.core.keyword.builtin.VerifyEqualKeyword.execute(VerifyEqualKeyword.groovy:44)
	at com.kms.katalon.core.keyword.internal.KeywordExecutor.executeKeywordForPlatform(KeywordExecutor.groovy:74)
	at com.kms.katalon.core.keyword.BuiltinKeywords.verifyEqual(BuiltinKeywords.groovy:146)
	at jdk.internal.reflect.GeneratedMethodAccessor20.invoke(Unknown Source)
	at java.base/jdk.internal.reflect.DelegatingMethodAccessorImpl.invoke(DelegatingMethodAccessorImpl.java:43)
	at Факторный анализ сверка дашбордов.Compare(Факторный анализ сверка дашбордов:658)
	at Факторный анализ сверка дашбордов.Test(Факторный анализ сверка дашбордов:422)
	at Факторный анализ сверка дашбордов.run(Факторный анализ сверка дашбордов:44)
	at com.kms.katalon.core.main.ScriptEngine.run(ScriptEngine.java:194)
	at com.kms.katalon.core.main.ScriptEngine.runScriptAsRawText(ScriptEngine.java:119)
	at com.kms.katalon.core.main.TestCaseExecutor.runScript(TestCaseExecutor.java:448)
	at com.kms.katalon.core.main.TestCaseExecutor.doExecute(TestCaseExecutor.java:439)
	at com.kms.katalon.core.main.TestCaseExecutor.processExecutionPhase(TestCaseExecutor.java:418)
	at com.kms.katalon.core.main.TestCaseExecutor.accessMainPhase(TestCaseExecutor.java:410)
	at com.kms.katalon.core.main.TestCaseExecutor.execute(TestCaseExecutor.java:285)
	at com.kms.katalon.core.common.CommonExecutor.accessTestCaseMainPhase(CommonExecutor.java:65)
	at com.kms.katalon.core.main.TestSuiteExecutor.accessTestSuiteMainPhase(TestSuiteExecutor.java:150)
	at com.kms.katalon.core.main.TestSuiteExecutor.execute(TestSuiteExecutor.java:106)
	at com.kms.katalon.core.main.TestCaseMain.startTestSuite(TestCaseMain.java:180)
	at TempTestSuite1731477613341.run(TempTestSuite1731477613341.groovy:35)
	at java.base/jdk.internal.reflect.NativeMethodAccessorImpl.invoke0(Native Method)
	at java.base/jdk.internal.reflect.NativeMethodAccessorImpl.invoke(NativeMethodAccessorImpl.java:77)
	at java.base/jdk.internal.reflect.DelegatingMethodAccessorImpl.invoke(DelegatingMethodAccessorImpl.java:43)
)
	at com.kms.katalon.core.keyword.internal.KeywordMain.stepFailed(KeywordMain.groovy:39)
	at com.kms.katalon.core.keyword.internal.KeywordMain.stepFailed(KeywordMain.groovy)
	at com.kms.katalon.core.keyword.internal.KeywordMain.runKeyword(KeywordMain.groovy:77)
	at com.kms.katalon.core.keyword.builtin.VerifyEqualKeyword.verifyEqual(VerifyEqualKeyword.groovy:63)
	at com.kms.katalon.core.keyword.builtin.VerifyEqualKeyword.execute(VerifyEqualKeyword.groovy:44)
	at com.kms.katalon.core.keyword.internal.KeywordExecutor.executeKeywordForPlatform(KeywordExecutor.groovy:74)
	at com.kms.katalon.core.keyword.BuiltinKeywords.verifyEqual(BuiltinKeywords.groovy:146)
	at jdk.internal.reflect.GeneratedMethodAccessor20.invoke(Unknown Source)
	at java.base/jdk.internal.reflect.DelegatingMethodAccessorImpl.invoke(DelegatingMethodAccessorImpl.java:43)
	at Факторный анализ сверка дашбордов.Compare(Факторный анализ сверка дашбордов:658)
	at Факторный анализ сверка дашбордов.Test(Факторный анализ сверка дашбордов:422)
	at Факторный анализ сверка дашбордов.run(Факторный анализ сверка дашбордов:44)
	at com.kms.katalon.core.main.ScriptEngine.run(ScriptEngine.java:194)
	at com.kms.katalon.core.main.ScriptEngine.runScriptAsRawText(ScriptEngine.java:119)
	at com.kms.katalon.core.main.TestCaseExecutor.runScript(TestCaseExecutor.java:448)
	at com.kms.katalon.core.main.TestCaseExecutor.doExecute(TestCaseExecutor.java:439)
	at com.kms.katalon.core.main.TestCaseExecutor.processExecutionPhase(TestCaseExecutor.java:418)
	at com.kms.katalon.core.main.TestCaseExecutor.accessMainPhase(TestCaseExecutor.java:410)
	at com.kms.katalon.core.main.TestCaseExecutor.execute(TestCaseExecutor.java:285)
	at com.kms.katalon.core.common.CommonExecutor.accessTestCaseMainPhase(CommonExecutor.java:65)
	at com.kms.katalon.core.main.TestSuiteExecutor.accessTestSuiteMainPhase(TestSuiteExecutor.java:150)
	at com.kms.katalon.core.main.TestSuiteExecutor.execute(TestSuiteExecutor.java:106)
	at com.kms.katalon.core.main.TestCaseMain.startTestSuite(TestCaseMain.java:180)
	at TempTestSuite1731477613341.run(TempTestSuite1731477613341.groovy:35)
	at java.base/jdk.internal.reflect.NativeMethodAccessorImpl.invoke0(Native Method)
	at java.base/jdk.internal.reflect.NativeMethodAccessorImpl.invoke(NativeMethodAccessorImpl.java:77)
	at java.base/jdk.internal.reflect.DelegatingMethodAccessorImpl.invoke(DelegatingMethodAccessorImpl.java:43)
Caused by: com.kms.katalon.core.exception.StepFailedException: Actual object '-355761' and expected object '9903' are not equal
	at com.kms.katalon.core.keyword.builtin.VerifyEqualKeyword$_verifyEqual_closure1.doCall(VerifyEqualKeyword.groovy:58)
	at com.kms.katalon.core.keyword.builtin.VerifyEqualKeyword$_verifyEqual_closure1.call(VerifyEqualKeyword.groovy)
	at com.kms.katalon.core.keyword.internal.KeywordMain.runKeyword(KeywordMain.groovy:75)
	... 24 more]]></system-err>
      </testcase>
      <system-out><![CDATA[13-11-2024T09:00:18 - [TEST_SUITE][FAILED] - Сверка дашбордов из разных блоков: Test Cases/Сверки дашбордов/Факторный анализ сверка дашбордов FAILED.
Reason:
com.kms.katalon.core.exception.StepFailedException: Unable to verify equal between actual object '-355761' and expected object '9903' (Root cause: com.kms.katalon.core.exception.StepFailedException: Actual object '-355761' and expected object '9903' are not equal
	at com.kms.katalon.core.keyword.builtin.VerifyEqualKeyword$_verifyEqual_closure1.doCall(VerifyEqualKeyword.groovy:58)
	at com.kms.katalon.core.keyword.builtin.VerifyEqualKeyword$_verifyEqual_closure1.call(VerifyEqualKeyword.groovy)
	at com.kms.katalon.core.keyword.internal.KeywordMain.runKeyword(KeywordMain.groovy:75)
	at com.kms.katalon.core.keyword.builtin.VerifyEqualKeyword.verifyEqual(VerifyEqualKeyword.groovy:63)
	at com.kms.katalon.core.keyword.builtin.VerifyEqualKeyword.execute(VerifyEqualKeyword.groovy:44)
	at com.kms.katalon.core.keyword.internal.KeywordExecutor.executeKeywordForPlatform(KeywordExecutor.groovy:74)
	at com.kms.katalon.core.keyword.BuiltinKeywords.verifyEqual(BuiltinKeywords.groovy:146)
	at jdk.internal.reflect.GeneratedMethodAccessor20.invoke(Unknown Source)
	at java.base/jdk.internal.reflect.DelegatingMethodAccessorImpl.invoke(DelegatingMethodAccessorImpl.java:43)
	at Факторный анализ сверка дашбордов.Compare(Факторный анализ сверка дашбордов:658)
	at Факторный анализ сверка дашбордов.Test(Факторный анализ сверка дашбордов:422)
	at Факторный анализ сверка дашбордов.run(Факторный анализ сверка дашбордов:44)
	at com.kms.katalon.core.main.ScriptEngine.run(ScriptEngine.java:194)
	at com.kms.katalon.core.main.ScriptEngine.runScriptAsRawText(ScriptEngine.java:119)
	at com.kms.katalon.core.main.TestCaseExecutor.runScript(TestCaseExecutor.java:448)
	at com.kms.katalon.core.main.TestCaseExecutor.doExecute(TestCaseExecutor.java:439)
	at com.kms.katalon.core.main.TestCaseExecutor.processExecutionPhase(TestCaseExecutor.java:418)
	at com.kms.katalon.core.main.TestCaseExecutor.accessMainPhase(TestCaseExecutor.java:410)
	at com.kms.katalon.core.main.TestCaseExecutor.execute(TestCaseExecutor.java:285)
	at com.kms.katalon.core.common.CommonExecutor.accessTestCaseMainPhase(CommonExecutor.java:65)
	at com.kms.katalon.core.main.TestSuiteExecutor.accessTestSuiteMainPhase(TestSuiteExecutor.java:150)
	at com.kms.katalon.core.main.TestSuiteExecutor.execute(TestSuiteExecutor.java:106)
	at com.kms.katalon.core.main.TestCaseMain.startTestSuite(TestCaseMain.java:180)
	at TempTestSuite1731477613341.run(TempTestSuite1731477613341.groovy:35)
	at java.base/jdk.internal.reflect.NativeMethodAccessorImpl.invoke0(Native Method)
	at java.base/jdk.internal.reflect.NativeMethodAccessorImpl.invoke(NativeMethodAccessorImpl.java:77)
	at java.base/jdk.internal.reflect.DelegatingMethodAccessorImpl.invoke(DelegatingMethodAccessorImpl.java:43)
)
	at com.kms.katalon.core.keyword.internal.KeywordMain.stepFailed(KeywordMain.groovy:39)
	at com.kms.katalon.core.keyword.internal.KeywordMain.stepFailed(KeywordMain.groovy)
	at com.kms.katalon.core.keyword.internal.KeywordMain.runKeyword(KeywordMain.groovy:77)
	at com.kms.katalon.core.keyword.builtin.VerifyEqualKeyword.verifyEqual(VerifyEqualKeyword.groovy:63)
	at com.kms.katalon.core.keyword.builtin.VerifyEqualKeyword.execute(VerifyEqualKeyword.groovy:44)
	at com.kms.katalon.core.keyword.internal.KeywordExecutor.executeKeywordForPlatform(KeywordExecutor.groovy:74)
	at com.kms.katalon.core.keyword.BuiltinKeywords.verifyEqual(BuiltinKeywords.groovy:146)
	at jdk.internal.reflect.GeneratedMethodAccessor20.invoke(Unknown Source)
	at java.base/jdk.internal.reflect.DelegatingMethodAccessorImpl.invoke(DelegatingMethodAccessorImpl.java:43)
	at Факторный анализ сверка дашбордов.Compare(Факторный анализ сверка дашбордов:658)
	at Факторный анализ сверка дашбордов.Test(Факторный анализ сверка дашбордов:422)
	at Факторный анализ сверка дашбордов.run(Факторный анализ сверка дашбордов:44)
	at com.kms.katalon.core.main.ScriptEngine.run(ScriptEngine.java:194)
	at com.kms.katalon.core.main.ScriptEngine.runScriptAsRawText(ScriptEngine.java:119)
	at com.kms.katalon.core.main.TestCaseExecutor.runScript(TestCaseExecutor.java:448)
	at com.kms.katalon.core.main.TestCaseExecutor.doExecute(TestCaseExecutor.java:439)
	at com.kms.katalon.core.main.TestCaseExecutor.processExecutionPhase(TestCaseExecutor.java:418)
	at com.kms.katalon.core.main.TestCaseExecutor.accessMainPhase(TestCaseExecutor.java:410)
	at com.kms.katalon.core.main.TestCaseExecutor.execute(TestCaseExecutor.java:285)
	at com.kms.katalon.core.common.CommonExecutor.accessTestCaseMainPhase(CommonExecutor.java:65)
	at com.kms.katalon.core.main.TestSuiteExecutor.accessTestSuiteMainPhase(TestSuiteExecutor.java:150)
	at com.kms.katalon.core.main.TestSuiteExecutor.execute(TestSuiteExecutor.java:106)
	at com.kms.katalon.core.main.TestCaseMain.startTestSuite(TestCaseMain.java:180)
	at TempTestSuite1731477613341.run(TempTestSuite1731477613341.groovy:35)
	at java.base/jdk.internal.reflect.NativeMethodAccessorImpl.invoke0(Native Method)
	at java.base/jdk.internal.reflect.NativeMethodAccessorImpl.invoke(NativeMethodAccessorImpl.java:77)
	at java.base/jdk.internal.reflect.DelegatingMethodAccessorImpl.invoke(DelegatingMethodAccessorImpl.java:43)
Caused by: com.kms.katalon.core.exception.StepFailedException: Actual object '-355761' and expected object '9903' are not equal
	at com.kms.katalon.core.keyword.builtin.VerifyEqualKeyword$_verifyEqual_closure1.doCall(VerifyEqualKeyword.groovy:58)
	at com.kms.katalon.core.keyword.builtin.VerifyEqualKeyword$_verifyEqual_closure1.call(VerifyEqualKeyword.groovy)
	at com.kms.katalon.core.keyword.internal.KeywordMain.runKeyword(KeywordMain.groovy:75)
	... 24 more]]></system-out>
      <system-err><![CDATA[13-11-2024T09:00:18 - [TEST_SUITE][FAILED] - Сверка дашбордов из разных блоков: Test Cases/Сверки дашбордов/Факторный анализ сверка дашбордов FAILED.
Reason:
com.kms.katalon.core.exception.StepFailedException: Unable to verify equal between actual object '-355761' and expected object '9903' (Root cause: com.kms.katalon.core.exception.StepFailedException: Actual object '-355761' and expected object '9903' are not equal
	at com.kms.katalon.core.keyword.builtin.VerifyEqualKeyword$_verifyEqual_closure1.doCall(VerifyEqualKeyword.groovy:58)
	at com.kms.katalon.core.keyword.builtin.VerifyEqualKeyword$_verifyEqual_closure1.call(VerifyEqualKeyword.groovy)
	at com.kms.katalon.core.keyword.internal.KeywordMain.runKeyword(KeywordMain.groovy:75)
	at com.kms.katalon.core.keyword.builtin.VerifyEqualKeyword.verifyEqual(VerifyEqualKeyword.groovy:63)
	at com.kms.katalon.core.keyword.builtin.VerifyEqualKeyword.execute(VerifyEqualKeyword.groovy:44)
	at com.kms.katalon.core.keyword.internal.KeywordExecutor.executeKeywordForPlatform(KeywordExecutor.groovy:74)
	at com.kms.katalon.core.keyword.BuiltinKeywords.verifyEqual(BuiltinKeywords.groovy:146)
	at jdk.internal.reflect.GeneratedMethodAccessor20.invoke(Unknown Source)
	at java.base/jdk.internal.reflect.DelegatingMethodAccessorImpl.invoke(DelegatingMethodAccessorImpl.java:43)
	at Факторный анализ сверка дашбордов.Compare(Факторный анализ сверка дашбордов:658)
	at Факторный анализ сверка дашбордов.Test(Факторный анализ сверка дашбордов:422)
	at Факторный анализ сверка дашбордов.run(Факторный анализ сверка дашбордов:44)
	at com.kms.katalon.core.main.ScriptEngine.run(ScriptEngine.java:194)
	at com.kms.katalon.core.main.ScriptEngine.runScriptAsRawText(ScriptEngine.java:119)
	at com.kms.katalon.core.main.TestCaseExecutor.runScript(TestCaseExecutor.java:448)
	at com.kms.katalon.core.main.TestCaseExecutor.doExecute(TestCaseExecutor.java:439)
	at com.kms.katalon.core.main.TestCaseExecutor.processExecutionPhase(TestCaseExecutor.java:418)
	at com.kms.katalon.core.main.TestCaseExecutor.accessMainPhase(TestCaseExecutor.java:410)
	at com.kms.katalon.core.main.TestCaseExecutor.execute(TestCaseExecutor.java:285)
	at com.kms.katalon.core.common.CommonExecutor.accessTestCaseMainPhase(CommonExecutor.java:65)
	at com.kms.katalon.core.main.TestSuiteExecutor.accessTestSuiteMainPhase(TestSuiteExecutor.java:150)
	at com.kms.katalon.core.main.TestSuiteExecutor.execute(TestSuiteExecutor.java:106)
	at com.kms.katalon.core.main.TestCaseMain.startTestSuite(TestCaseMain.java:180)
	at TempTestSuite1731477613341.run(TempTestSuite1731477613341.groovy:35)
	at java.base/jdk.internal.reflect.NativeMethodAccessorImpl.invoke0(Native Method)
	at java.base/jdk.internal.reflect.NativeMethodAccessorImpl.invoke(NativeMethodAccessorImpl.java:77)
	at java.base/jdk.internal.reflect.DelegatingMethodAccessorImpl.invoke(DelegatingMethodAccessorImpl.java:43)
)
	at com.kms.katalon.core.keyword.internal.KeywordMain.stepFailed(KeywordMain.groovy:39)
	at com.kms.katalon.core.keyword.internal.KeywordMain.stepFailed(KeywordMain.groovy)
	at com.kms.katalon.core.keyword.internal.KeywordMain.runKeyword(KeywordMain.groovy:77)
	at com.kms.katalon.core.keyword.builtin.VerifyEqualKeyword.verifyEqual(VerifyEqualKeyword.groovy:63)
	at com.kms.katalon.core.keyword.builtin.VerifyEqualKeyword.execute(VerifyEqualKeyword.groovy:44)
	at com.kms.katalon.core.keyword.internal.KeywordExecutor.executeKeywordForPlatform(KeywordExecutor.groovy:74)
	at com.kms.katalon.core.keyword.BuiltinKeywords.verifyEqual(BuiltinKeywords.groovy:146)
	at jdk.internal.reflect.GeneratedMethodAccessor20.invoke(Unknown Source)
	at java.base/jdk.internal.reflect.DelegatingMethodAccessorImpl.invoke(DelegatingMethodAccessorImpl.java:43)
	at Факторный анализ сверка дашбордов.Compare(Факторный анализ сверка дашбордов:658)
	at Факторный анализ сверка дашбордов.Test(Факторный анализ сверка дашбордов:422)
	at Факторный анализ сверка дашбордов.run(Факторный анализ сверка дашбордов:44)
	at com.kms.katalon.core.main.ScriptEngine.run(ScriptEngine.java:194)
	at com.kms.katalon.core.main.ScriptEngine.runScriptAsRawText(ScriptEngine.java:119)
	at com.kms.katalon.core.main.TestCaseExecutor.runScript(TestCaseExecutor.java:448)
	at com.kms.katalon.core.main.TestCaseExecutor.doExecute(TestCaseExecutor.java:439)
	at com.kms.katalon.core.main.TestCaseExecutor.processExecutionPhase(TestCaseExecutor.java:418)
	at com.kms.katalon.core.main.TestCaseExecutor.accessMainPhase(TestCaseExecutor.java:410)
	at com.kms.katalon.core.main.TestCaseExecutor.execute(TestCaseExecutor.java:285)
	at com.kms.katalon.core.common.CommonExecutor.accessTestCaseMainPhase(CommonExecutor.java:65)
	at com.kms.katalon.core.main.TestSuiteExecutor.accessTestSuiteMainPhase(TestSuiteExecutor.java:150)
	at com.kms.katalon.core.main.TestSuiteExecutor.execute(TestSuiteExecutor.java:106)
	at com.kms.katalon.core.main.TestCaseMain.startTestSuite(TestCaseMain.java:180)
	at TempTestSuite1731477613341.run(TempTestSuite1731477613341.groovy:35)
	at java.base/jdk.internal.reflect.NativeMethodAccessorImpl.invoke0(Native Method)
	at java.base/jdk.internal.reflect.NativeMethodAccessorImpl.invoke(NativeMethodAccessorImpl.java:77)
	at java.base/jdk.internal.reflect.DelegatingMethodAccessorImpl.invoke(DelegatingMethodAccessorImpl.java:43)
Caused by: com.kms.katalon.core.exception.StepFailedException: Actual object '-355761' and expected object '9903' are not equal
	at com.kms.katalon.core.keyword.builtin.VerifyEqualKeyword$_verifyEqual_closure1.doCall(VerifyEqualKeyword.groovy:58)
	at com.kms.katalon.core.keyword.builtin.VerifyEqualKeyword$_verifyEqual_closure1.call(VerifyEqualKeyword.groovy)
	at com.kms.katalon.core.keyword.internal.KeywordMain.runKeyword(KeywordMain.groovy:75)
	... 24 more]]></system-err>
   </testsuite>
</testsuites>
