<?xml version="1.0" encoding="UTF-8"?>
<testsuites name="Сверка дашбордов из разных блоков" time="13794.978" tests="7" failures="6" errors="0">
   <testsuite name="Сверка дашбордов из разных блоков" tests="7" failures="6" errors="0" time="13794.978" skipped="0" timestamp="17-03-2025T03:23:36" hostname="liazgina-di - UVV-WS904-D.ot.ru" id="Test Suites/Пн-Ср-Пт/Сверка дашбордов из разных блоков">
      <properties>
         <property name="deviceName" value=""/>
         <property name="devicePlatform"/>
         <property name="logFolder" value="C:\\Users\\LIAZGINA-DI\\git\\SPORU\\Reports\\20250317_032331\\\u041F\u043D-\u0421\u0440-\u041F\u0442\\\u0421\u0432\u0435\u0440\u043A\u0430 \u0434\u0430\u0448\u0431\u043E\u0440\u0434\u043E\u0432 \u0438\u0437 \u0440\u0430\u0437\u043D\u044B\u0445 \u0431\u043B\u043E\u043A\u043E\u0432\\20250317_032331"/>
         <property name="logFiles" value="C:\\Users\\LIAZGINA-DI\\git\\SPORU\\Reports\\20250317_032331\\\u041F\u043D-\u0421\u0440-\u041F\u0442\\\u0421\u0432\u0435\u0440\u043A\u0430 \u0434\u0430\u0448\u0431\u043E\u0440\u0434\u043E\u0432 \u0438\u0437 \u0440\u0430\u0437\u043D\u044B\u0445 \u0431\u043B\u043E\u043A\u043E\u0432\\20250317_032331\\execution0.log, C:\\Users\\LIAZGINA-DI\\git\\SPORU\\Reports\\20250317_032331\\\u041F\u043D-\u0421\u0440-\u041F\u0442\\\u0421\u0432\u0435\u0440\u043A\u0430 \u0434\u0430\u0448\u0431\u043E\u0440\u0434\u043E\u0432 \u0438\u0437 \u0440\u0430\u0437\u043D\u044B\u0445 \u0431\u043B\u043E\u043A\u043E\u0432\\20250317_032331\\execution1.log"/>
         <property name="attachments" value="C:\\Users\\LIAZGINA-DI\\git\\SPORU\\Reports\\20250317_032331\\\u041F\u043D-\u0421\u0440-\u041F\u0442\\\u0421\u0432\u0435\u0440\u043A\u0430 \u0434\u0430\u0448\u0431\u043E\u0440\u0434\u043E\u0432 \u0438\u0437 \u0440\u0430\u0437\u043D\u044B\u0445 \u0431\u043B\u043E\u043A\u043E\u0432\\20250317_032331\\1742171526328.png, C:\\Users\\LIAZGINA-DI\\git\\SPORU\\Reports\\20250317_032331\\\u041F\u043D-\u0421\u0440-\u041F\u0442\\\u0421\u0432\u0435\u0440\u043A\u0430 \u0434\u0430\u0448\u0431\u043E\u0440\u0434\u043E\u0432 \u0438\u0437 \u0440\u0430\u0437\u043D\u044B\u0445 \u0431\u043B\u043E\u043A\u043E\u0432\\20250317_032331\\1742172034087.png, C:\\Users\\LIAZGINA-DI\\git\\SPORU\\Reports\\20250317_032331\\\u041F\u043D-\u0421\u0440-\u041F\u0442\\\u0421\u0432\u0435\u0440\u043A\u0430 \u0434\u0430\u0448\u0431\u043E\u0440\u0434\u043E\u0432 \u0438\u0437 \u0440\u0430\u0437\u043D\u044B\u0445 \u0431\u043B\u043E\u043A\u043E\u0432\\20250317_032331\\1742172536548.png, C:\\Users\\LIAZGINA-DI\\git\\SPORU\\Reports\\20250317_032331\\\u041F\u043D-\u0421\u0440-\u041F\u0442\\\u0421\u0432\u0435\u0440\u043A\u0430 \u0434\u0430\u0448\u0431\u043E\u0440\u0434\u043E\u0432 \u0438\u0437 \u0440\u0430\u0437\u043D\u044B\u0445 \u0431\u043B\u043E\u043A\u043E\u0432\\20250317_032331\\1742179694314.png, C:\\Users\\LIAZGINA-DI\\git\\SPORU\\Reports\\20250317_032331\\\u041F\u043D-\u0421\u0440-\u041F\u0442\\\u0421\u0432\u0435\u0440\u043A\u0430 \u0434\u0430\u0448\u0431\u043E\u0440\u0434\u043E\u0432 \u0438\u0437 \u0440\u0430\u0437\u043D\u044B\u0445 \u0431\u043B\u043E\u043A\u043E\u0432\\20250317_032331\\1742181748659.png, C:\\Users\\LIAZGINA-DI\\git\\SPORU\\Reports\\20250317_032331\\\u041F\u043D-\u0421\u0440-\u041F\u0442\\\u0421\u0432\u0435\u0440\u043A\u0430 \u0434\u0430\u0448\u0431\u043E\u0440\u0434\u043E\u0432 \u0438\u0437 \u0440\u0430\u0437\u043D\u044B\u0445 \u0431\u043B\u043E\u043A\u043E\u0432\\20250317_032331\\1742183508805.png, C:\\Users\\LIAZGINA-DI\\git\\SPORU\\Reports\\20250317_032331\\\u041F\u043D-\u0421\u0440-\u041F\u0442\\\u0421\u0432\u0435\u0440\u043A\u0430 \u0434\u0430\u0448\u0431\u043E\u0440\u0434\u043E\u0432 \u0438\u0437 \u0440\u0430\u0437\u043D\u044B\u0445 \u0431\u043B\u043E\u043A\u043E\u0432\\20250317_032331\\1742183593812.png, C:\\Users\\LIAZGINA-DI\\git\\SPORU\\Reports\\20250317_032331\\\u041F\u043D-\u0421\u0440-\u041F\u0442\\\u0421\u0432\u0435\u0440\u043A\u0430 \u0434\u0430\u0448\u0431\u043E\u0440\u0434\u043E\u0432 \u0438\u0437 \u0440\u0430\u0437\u043D\u044B\u0445 \u0431\u043B\u043E\u043A\u043E\u0432\\20250317_032331\\1742183713091.png, C:\\Users\\LIAZGINA-DI\\git\\SPORU\\Reports\\20250317_032331\\\u041F\u043D-\u0421\u0440-\u041F\u0442\\\u0421\u0432\u0435\u0440\u043A\u0430 \u0434\u0430\u0448\u0431\u043E\u0440\u0434\u043E\u0432 \u0438\u0437 \u0440\u0430\u0437\u043D\u044B\u0445 \u0431\u043B\u043E\u043A\u043E\u0432\\20250317_032331\\1742183744891.png, C:\\Users\\LIAZGINA-DI\\git\\SPORU\\Reports\\20250317_032331\\\u041F\u043D-\u0421\u0440-\u041F\u0442\\\u0421\u0432\u0435\u0440\u043A\u0430 \u0434\u0430\u0448\u0431\u043E\u0440\u0434\u043E\u0432 \u0438\u0437 \u0440\u0430\u0437\u043D\u044B\u0445 \u0431\u043B\u043E\u043A\u043E\u0432\\20250317_032331\\1742183777328.png, C:\\Users\\LIAZGINA-DI\\git\\SPORU\\Reports\\20250317_032331\\\u041F\u043D-\u0421\u0440-\u041F\u0442\\\u0421\u0432\u0435\u0440\u043A\u0430 \u0434\u0430\u0448\u0431\u043E\u0440\u0434\u043E\u0432 \u0438\u0437 \u0440\u0430\u0437\u043D\u044B\u0445 \u0431\u043B\u043E\u043A\u043E\u0432\\20250317_032331\\1742183809293.png, C:\\Users\\LIAZGINA-DI\\git\\SPORU\\Reports\\20250317_032331\\\u041F\u043D-\u0421\u0440-\u041F\u0442\\\u0421\u0432\u0435\u0440\u043A\u0430 \u0434\u0430\u0448\u0431\u043E\u0440\u0434\u043E\u0432 \u0438\u0437 \u0440\u0430\u0437\u043D\u044B\u0445 \u0431\u043B\u043E\u043A\u043E\u0432\\20250317_032331\\1742183843744.png, C:\\Users\\LIAZGINA-DI\\git\\SPORU\\Reports\\20250317_032331\\\u041F\u043D-\u0421\u0440-\u041F\u0442\\\u0421\u0432\u0435\u0440\u043A\u0430 \u0434\u0430\u0448\u0431\u043E\u0440\u0434\u043E\u0432 \u0438\u0437 \u0440\u0430\u0437\u043D\u044B\u0445 \u0431\u043B\u043E\u043A\u043E\u0432\\20250317_032331\\1742183875581.png, C:\\Users\\LIAZGINA-DI\\git\\SPORU\\Reports\\20250317_032331\\\u041F\u043D-\u0421\u0440-\u041F\u0442\\\u0421\u0432\u0435\u0440\u043A\u0430 \u0434\u0430\u0448\u0431\u043E\u0440\u0434\u043E\u0432 \u0438\u0437 \u0440\u0430\u0437\u043D\u044B\u0445 \u0431\u043B\u043E\u043A\u043E\u0432\\20250317_032331\\1742183907822.png, C:\\Users\\LIAZGINA-DI\\git\\SPORU\\Reports\\20250317_032331\\\u041F\u043D-\u0421\u0440-\u041F\u0442\\\u0421\u0432\u0435\u0440\u043A\u0430 \u0434\u0430\u0448\u0431\u043E\u0440\u0434\u043E\u0432 \u0438\u0437 \u0440\u0430\u0437\u043D\u044B\u0445 \u0431\u043B\u043E\u043A\u043E\u0432\\20250317_032331\\1742183939784.png, C:\\Users\\LIAZGINA-DI\\git\\SPORU\\Reports\\20250317_032331\\\u041F\u043D-\u0421\u0440-\u041F\u0442\\\u0421\u0432\u0435\u0440\u043A\u0430 \u0434\u0430\u0448\u0431\u043E\u0440\u0434\u043E\u0432 \u0438\u0437 \u0440\u0430\u0437\u043D\u044B\u0445 \u0431\u043B\u043E\u043A\u043E\u0432\\20250317_032331\\1742184046701.png, C:\\Users\\LIAZGINA-DI\\git\\SPORU\\Reports\\20250317_032331\\\u041F\u043D-\u0421\u0440-\u041F\u0442\\\u0421\u0432\u0435\u0440\u043A\u0430 \u0434\u0430\u0448\u0431\u043E\u0440\u0434\u043E\u0432 \u0438\u0437 \u0440\u0430\u0437\u043D\u044B\u0445 \u0431\u043B\u043E\u043A\u043E\u0432\\20250317_032331\\1742184209728.png, C:\\Users\\LIAZGINA-DI\\git\\SPORU\\Reports\\20250317_032331\\\u041F\u043D-\u0421\u0440-\u041F\u0442\\\u0421\u0432\u0435\u0440\u043A\u0430 \u0434\u0430\u0448\u0431\u043E\u0440\u0434\u043E\u0432 \u0438\u0437 \u0440\u0430\u0437\u043D\u044B\u0445 \u0431\u043B\u043E\u043A\u043E\u0432\\20250317_032331\\1742184242902.png, C:\\Users\\LIAZGINA-DI\\git\\SPORU\\Reports\\20250317_032331\\\u041F\u043D-\u0421\u0440-\u041F\u0442\\\u0421\u0432\u0435\u0440\u043A\u0430 \u0434\u0430\u0448\u0431\u043E\u0440\u0434\u043E\u0432 \u0438\u0437 \u0440\u0430\u0437\u043D\u044B\u0445 \u0431\u043B\u043E\u043A\u043E\u0432\\20250317_032331\\1742184424842.png, C:\\Users\\LIAZGINA-DI\\git\\SPORU\\Reports\\20250317_032331\\\u041F\u043D-\u0421\u0440-\u041F\u0442\\\u0421\u0432\u0435\u0440\u043A\u0430 \u0434\u0430\u0448\u0431\u043E\u0440\u0434\u043E\u0432 \u0438\u0437 \u0440\u0430\u0437\u043D\u044B\u0445 \u0431\u043B\u043E\u043A\u043E\u0432\\20250317_032331\\1742184464569.png, C:\\Users\\LIAZGINA-DI\\git\\SPORU\\Reports\\20250317_032331\\\u041F\u043D-\u0421\u0440-\u041F\u0442\\\u0421\u0432\u0435\u0440\u043A\u0430 \u0434\u0430\u0448\u0431\u043E\u0440\u0434\u043E\u0432 \u0438\u0437 \u0440\u0430\u0437\u043D\u044B\u0445 \u0431\u043B\u043E\u043A\u043E\u0432\\20250317_032331\\1742184637184.png, C:\\Users\\LIAZGINA-DI\\git\\SPORU\\Reports\\20250317_032331\\\u041F\u043D-\u0421\u0440-\u041F\u0442\\\u0421\u0432\u0435\u0440\u043A\u0430 \u0434\u0430\u0448\u0431\u043E\u0440\u0434\u043E\u0432 \u0438\u0437 \u0440\u0430\u0437\u043D\u044B\u0445 \u0431\u043B\u043E\u043A\u043E\u0432\\20250317_032331\\1742184808611.png"/>
         <property name="hostName" value="liazgina-di - UVV-WS904-D.ot.ru"/>
         <property name="os" value="Windows 10 64bit"/>
         <property name="katalonVersion" value="9.5.0.217"/>
         <property name="browser" value="Chrome 134.0.0.0"/>
         <property name="hostAddress" value="192.168.0.19"/>
         <property name="sessionId" value="e6a6be11e8f92957d43f37e5bced67fa"/>
         <property name="seleniumVersion" value="3.141.59"/>
         <property name="proxyInformation" value="ProxyInformation { proxyOption=NO_PROXY, proxyServerType=HTTP, username=, password=********, proxyServerAddress=, proxyServerPort=0, executionList=&quot;&quot;, isApplyToDesiredCapabilities=true }"/>
         <property name="platform" value="Windows 10"/>
      </properties>
      <testcase name="Test Cases/Сверки дашбордов/Блок руководителя сверка дашбордов под разными учётками" time="8451.435" classname="Test Cases/Сверки дашбордов/Блок руководителя сверка дашбордов под разными учётками" status="FAILED">
         <failure type="FAILED" message="Test Cases/Сверки дашбордов/Блок руководителя сверка дашбордов под разными учётками FAILED.&#xa;Reason:&#xa;com.kms.katalon.core.exception.StepFailedException: Unable to get text of object 'Object Repository/Выполнение бизнес-плана/table' (Root cause: com.kms.katalon.core.exception.StepFailedException: Unable to get text of object 'Object Repository/Выполнение бизнес-плана/table'&#xa;	at com.kms.katalon.core.webui.keyword.internal.WebUIKeywordMain.stepFailed(WebUIKeywordMain.groovy:64)&#xa;	at com.kms.katalon.core.webui.keyword.internal.WebUIKeywordMain.runKeyword(WebUIKeywordMain.groovy:26)&#xa;	at com.kms.katalon.core.webui.keyword.builtin.GetTextKeyword.getText(GetTextKeyword.groovy:88)&#xa;	at com.kms.katalon.core.webui.keyword.builtin.GetTextKeyword.execute(GetTextKeyword.groovy:67)&#xa;	at com.kms.katalon.core.keyword.internal.KeywordExecutor.executeKeywordForPlatform(KeywordExecutor.groovy:74)&#xa;	at com.kms.katalon.core.webui.keyword.WebUiBuiltInKeywords.getText(WebUiBuiltInKeywords.groovy:957)&#xa;	at Блок руководителя сверка дашбордов под разными учётками.VipolnenieBiznesPlana(Блок руководителя сверка дашбордов под разными учётками:278)&#xa;	at Блок руководителя сверка дашбордов под разными учётками.run(Блок руководителя сверка дашбордов под разными учётками:52)&#xa;	at com.kms.katalon.core.main.ScriptEngine.run(ScriptEngine.java:194)&#xa;	at com.kms.katalon.core.main.ScriptEngine.runScriptAsRawText(ScriptEngine.java:119)&#xa;	at com.kms.katalon.core.main.TestCaseExecutor.runScript(TestCaseExecutor.java:448)&#xa;	at com.kms.katalon.core.main.TestCaseExecutor.doExecute(TestCaseExecutor.java:439)&#xa;	at com.kms.katalon.core.main.TestCaseExecutor.processExecutionPhase(TestCaseExecutor.java:418)&#xa;	at com.kms.katalon.core.main.TestCaseExecutor.accessMainPhase(TestCaseExecutor.java:410)&#xa;	at com.kms.katalon.core.main.TestCaseExecutor.execute(TestCaseExecutor.java:285)&#xa;	at com.kms.katalon.core.common.CommonExecutor.accessTestCaseMainPhase(CommonExecutor.java:65)&#xa;	at com.kms.katalon.core.main.TestSuiteExecutor.accessTestSuiteMainPhase(TestSuiteExecutor.java:150)&#xa;	at com.kms.katalon.core.main.TestSuiteExecutor.execute(TestSuiteExecutor.java:106)&#xa;	at com.kms.katalon.core.main.TestCaseMain.startTestSuite(TestCaseMain.java:180)&#xa;	at TempTestSuite1742171011514.run(TempTestSuite1742171011514.groovy:35)&#xa;	at java.base/jdk.internal.reflect.NativeMethodAccessorImpl.invoke0(Native Method)&#xa;	at java.base/jdk.internal.reflect.NativeMethodAccessorImpl.invoke(NativeMethodAccessorImpl.java:77)&#xa;	at java.base/jdk.internal.reflect.DelegatingMethodAccessorImpl.invoke(DelegatingMethodAccessorImpl.java:43)&#xa;Caused by: com.kms.katalon.core.webui.exception.WebElementNotFoundException: Web element with id: 'Object Repository/Выполнение бизнес-плана/table' located by '//div[@id='grid-25be55ef81e941d9a5e47136b644a838']' not found&#xa;	at com.kms.katalon.core.webui.common.WebUiCommonHelper.findWebElement(WebUiCommonHelper.java:1426)&#xa;	at com.kms.katalon.core.webui.keyword.internal.WebUIAbstractKeyword.findWebElement(WebUIAbstractKeyword.groovy:27)&#xa;	at com.kms.katalon.core.webui.keyword.internal.WebUIAbstractKeyword.findWebElement(WebUIAbstractKeyword.groovy:26)&#xa;	at com.kms.katalon.core.webui.keyword.builtin.GetTextKeyword$_getText_closure1.doCall(GetTextKeyword.groovy:78)&#xa;	at com.kms.katalon.core.webui.keyword.builtin.GetTextKeyword$_getText_closure1.call(GetTextKeyword.groovy)&#xa;	at com.kms.katalon.core.webui.keyword.internal.WebUIKeywordMain.runKeyword(WebUIKeywordMain.groovy:20)&#xa;	at com.kms.katalon.core.webui.keyword.builtin.GetTextKeyword.getText(GetTextKeyword.groovy:88)&#xa;	at com.kms.katalon.core.webui.keyword.builtin.GetTextKeyword.execute(GetTextKeyword.groovy:67)&#xa;	at com.kms.katalon.core.keyword.internal.KeywordExecutor.executeKeywordForPlatform(KeywordExecutor.groovy:74)&#xa;	at com.kms.katalon.core.webui.keyword.WebUiBuiltInKeywords.getText(WebUiBuiltInKeywords.groovy:957)&#xa;	at Script1686231490255.VipolnenieBiznesPlana(Script1686231490255.groovy:278)&#xa;	at Script1686231490255.run(Script1686231490255.groovy:52)&#xa;	... 15 more&#xa;)&#xa;	at com.kms.katalon.core.keyword.internal.KeywordMain.stepFailed(KeywordMain.groovy:39)&#xa;	at com.kms.katalon.core.webui.keyword.internal.WebUIKeywordMain.stepFailed(WebUIKeywordMain.groovy:64)&#xa;	at com.kms.katalon.core.webui.keyword.internal.WebUIKeywordMain.runKeyword(WebUIKeywordMain.groovy:26)&#xa;	at com.kms.katalon.core.webui.keyword.builtin.GetTextKeyword.getText(GetTextKeyword.groovy:88)&#xa;	at com.kms.katalon.core.webui.keyword.builtin.GetTextKeyword.execute(GetTextKeyword.groovy:67)&#xa;	at com.kms.katalon.core.keyword.internal.KeywordExecutor.executeKeywordForPlatform(KeywordExecutor.groovy:74)&#xa;	at com.kms.katalon.core.webui.keyword.WebUiBuiltInKeywords.getText(WebUiBuiltInKeywords.groovy:957)&#xa;	at Блок руководителя сверка дашбордов под разными учётками.VipolnenieBiznesPlana(Блок руководителя сверка дашбордов под разными учётками:278)&#xa;	at Блок руководителя сверка дашбордов под разными учётками.run(Блок руководителя сверка дашбордов под разными учётками:52)&#xa;	at com.kms.katalon.core.main.ScriptEngine.run(ScriptEngine.java:194)&#xa;	at com.kms.katalon.core.main.ScriptEngine.runScriptAsRawText(ScriptEngine.java:119)&#xa;	at com.kms.katalon.core.main.TestCaseExecutor.runScript(TestCaseExecutor.java:448)&#xa;	at com.kms.katalon.core.main.TestCaseExecutor.doExecute(TestCaseExecutor.java:439)&#xa;	at com.kms.katalon.core.main.TestCaseExecutor.processExecutionPhase(TestCaseExecutor.java:418)&#xa;	at com.kms.katalon.core.main.TestCaseExecutor.accessMainPhase(TestCaseExecutor.java:410)&#xa;	at com.kms.katalon.core.main.TestCaseExecutor.execute(TestCaseExecutor.java:285)&#xa;	at com.kms.katalon.core.common.CommonExecutor.accessTestCaseMainPhase(CommonExecutor.java:65)&#xa;	at com.kms.katalon.core.main.TestSuiteExecutor.accessTestSuiteMainPhase(TestSuiteExecutor.java:150)&#xa;	at com.kms.katalon.core.main.TestSuiteExecutor.execute(TestSuiteExecutor.java:106)&#xa;	at com.kms.katalon.core.main.TestCaseMain.startTestSuite(TestCaseMain.java:180)&#xa;	at TempTestSuite1742171011514.run(TempTestSuite1742171011514.groovy:35)&#xa;	at java.base/jdk.internal.reflect.NativeMethodAccessorImpl.invoke0(Native Method)&#xa;	at java.base/jdk.internal.reflect.NativeMethodAccessorImpl.invoke(NativeMethodAccessorImpl.java:77)&#xa;	at java.base/jdk.internal.reflect.DelegatingMethodAccessorImpl.invoke(DelegatingMethodAccessorImpl.java:43)&#xa;Caused by: com.kms.katalon.core.exception.StepFailedException: Unable to get text of object 'Object Repository/Выполнение бизнес-плана/table'&#xa;	... 23 more&#xa;Caused by: com.kms.katalon.core.webui.exception.WebElementNotFoundException: Web element with id: 'Object Repository/Выполнение бизнес-плана/table' located by '//div[@id='grid-25be55ef81e941d9a5e47136b644a838']' not found&#xa;	at com.kms.katalon.core.webui.common.WebUiCommonHelper.findWebElement(WebUiCommonHelper.java:1426)&#xa;	at com.kms.katalon.core.webui.keyword.internal.WebUIAbstractKeyword.findWebElement(WebUIAbstractKeyword.groovy:27)&#xa;	at com.kms.katalon.core.webui.keyword.internal.WebUIAbstractKeyword.findWebElement(WebUIAbstractKeyword.groovy:26)&#xa;	at com.kms.katalon.core.webui.keyword.builtin.GetTextKeyword$_getText_closure1.doCall(GetTextKeyword.groovy:78)&#xa;	at com.kms.katalon.core.webui.keyword.builtin.GetTextKeyword$_getText_closure1.call(GetTextKeyword.groovy)&#xa;	at com.kms.katalon.core.webui.keyword.internal.WebUIKeywordMain.runKeyword(WebUIKeywordMain.groovy:20)&#xa;	... 21 more&#xa;"/>
         <system-out><![CDATA[17-03-2025T03:23:36 - [TEST_CASE][FAILED] - Test Cases/Сверки дашбордов/Блок руководителя сверка дашбордов под разными учётками: Test Cases/Сверки дашбордов/Блок руководителя сверка дашбордов под разными учётками FAILED.
Reason:
com.kms.katalon.core.exception.StepFailedException: Unable to get text of object 'Object Repository/Выполнение бизнес-плана/table' (Root cause: com.kms.katalon.core.exception.StepFailedException: Unable to get text of object 'Object Repository/Выполнение бизнес-плана/table'
	at com.kms.katalon.core.webui.keyword.internal.WebUIKeywordMain.stepFailed(WebUIKeywordMain.groovy:64)
	at com.kms.katalon.core.webui.keyword.internal.WebUIKeywordMain.runKeyword(WebUIKeywordMain.groovy:26)
	at com.kms.katalon.core.webui.keyword.builtin.GetTextKeyword.getText(GetTextKeyword.groovy:88)
	at com.kms.katalon.core.webui.keyword.builtin.GetTextKeyword.execute(GetTextKeyword.groovy:67)
	at com.kms.katalon.core.keyword.internal.KeywordExecutor.executeKeywordForPlatform(KeywordExecutor.groovy:74)
	at com.kms.katalon.core.webui.keyword.WebUiBuiltInKeywords.getText(WebUiBuiltInKeywords.groovy:957)
	at Блок руководителя сверка дашбордов под разными учётками.VipolnenieBiznesPlana(Блок руководителя сверка дашбордов под разными учётками:278)
	at Блок руководителя сверка дашбордов под разными учётками.run(Блок руководителя сверка дашбордов под разными учётками:52)
	at com.kms.katalon.core.main.ScriptEngine.run(ScriptEngine.java:194)
	at com.kms.katalon.core.main.ScriptEngine.runScriptAsRawText(ScriptEngine.java:119)
	at com.kms.katalon.core.main.TestCaseExecutor.runScript(TestCaseExecutor.java:448)
	at com.kms.katalon.core.main.TestCaseExecutor.doExecute(TestCaseExecutor.java:439)
	at com.kms.katalon.core.main.TestCaseExecutor.processExecutionPhase(TestCaseExecutor.java:418)
	at com.kms.katalon.core.main.TestCaseExecutor.accessMainPhase(TestCaseExecutor.java:410)
	at com.kms.katalon.core.main.TestCaseExecutor.execute(TestCaseExecutor.java:285)
	at com.kms.katalon.core.common.CommonExecutor.accessTestCaseMainPhase(CommonExecutor.java:65)
	at com.kms.katalon.core.main.TestSuiteExecutor.accessTestSuiteMainPhase(TestSuiteExecutor.java:150)
	at com.kms.katalon.core.main.TestSuiteExecutor.execute(TestSuiteExecutor.java:106)
	at com.kms.katalon.core.main.TestCaseMain.startTestSuite(TestCaseMain.java:180)
	at TempTestSuite1742171011514.run(TempTestSuite1742171011514.groovy:35)
	at java.base/jdk.internal.reflect.NativeMethodAccessorImpl.invoke0(Native Method)
	at java.base/jdk.internal.reflect.NativeMethodAccessorImpl.invoke(NativeMethodAccessorImpl.java:77)
	at java.base/jdk.internal.reflect.DelegatingMethodAccessorImpl.invoke(DelegatingMethodAccessorImpl.java:43)
Caused by: com.kms.katalon.core.webui.exception.WebElementNotFoundException: Web element with id: 'Object Repository/Выполнение бизнес-плана/table' located by '//div[@id='grid-25be55ef81e941d9a5e47136b644a838']' not found
	at com.kms.katalon.core.webui.common.WebUiCommonHelper.findWebElement(WebUiCommonHelper.java:1426)
	at com.kms.katalon.core.webui.keyword.internal.WebUIAbstractKeyword.findWebElement(WebUIAbstractKeyword.groovy:27)
	at com.kms.katalon.core.webui.keyword.internal.WebUIAbstractKeyword.findWebElement(WebUIAbstractKeyword.groovy:26)
	at com.kms.katalon.core.webui.keyword.builtin.GetTextKeyword$_getText_closure1.doCall(GetTextKeyword.groovy:78)
	at com.kms.katalon.core.webui.keyword.builtin.GetTextKeyword$_getText_closure1.call(GetTextKeyword.groovy)
	at com.kms.katalon.core.webui.keyword.internal.WebUIKeywordMain.runKeyword(WebUIKeywordMain.groovy:20)
	at com.kms.katalon.core.webui.keyword.builtin.GetTextKeyword.getText(GetTextKeyword.groovy:88)
	at com.kms.katalon.core.webui.keyword.builtin.GetTextKeyword.execute(GetTextKeyword.groovy:67)
	at com.kms.katalon.core.keyword.internal.KeywordExecutor.executeKeywordForPlatform(KeywordExecutor.groovy:74)
	at com.kms.katalon.core.webui.keyword.WebUiBuiltInKeywords.getText(WebUiBuiltInKeywords.groovy:957)
	at Script1686231490255.VipolnenieBiznesPlana(Script1686231490255.groovy:278)
	at Script1686231490255.run(Script1686231490255.groovy:52)
	... 15 more
)
	at com.kms.katalon.core.keyword.internal.KeywordMain.stepFailed(KeywordMain.groovy:39)
	at com.kms.katalon.core.webui.keyword.internal.WebUIKeywordMain.stepFailed(WebUIKeywordMain.groovy:64)
	at com.kms.katalon.core.webui.keyword.internal.WebUIKeywordMain.runKeyword(WebUIKeywordMain.groovy:26)
	at com.kms.katalon.core.webui.keyword.builtin.GetTextKeyword.getText(GetTextKeyword.groovy:88)
	at com.kms.katalon.core.webui.keyword.builtin.GetTextKeyword.execute(GetTextKeyword.groovy:67)
	at com.kms.katalon.core.keyword.internal.KeywordExecutor.executeKeywordForPlatform(KeywordExecutor.groovy:74)
	at com.kms.katalon.core.webui.keyword.WebUiBuiltInKeywords.getText(WebUiBuiltInKeywords.groovy:957)
	at Блок руководителя сверка дашбордов под разными учётками.VipolnenieBiznesPlana(Блок руководителя сверка дашбордов под разными учётками:278)
	at Блок руководителя сверка дашбордов под разными учётками.run(Блок руководителя сверка дашбордов под разными учётками:52)
	at com.kms.katalon.core.main.ScriptEngine.run(ScriptEngine.java:194)
	at com.kms.katalon.core.main.ScriptEngine.runScriptAsRawText(ScriptEngine.java:119)
	at com.kms.katalon.core.main.TestCaseExecutor.runScript(TestCaseExecutor.java:448)
	at com.kms.katalon.core.main.TestCaseExecutor.doExecute(TestCaseExecutor.java:439)
	at com.kms.katalon.core.main.TestCaseExecutor.processExecutionPhase(TestCaseExecutor.java:418)
	at com.kms.katalon.core.main.TestCaseExecutor.accessMainPhase(TestCaseExecutor.java:410)
	at com.kms.katalon.core.main.TestCaseExecutor.execute(TestCaseExecutor.java:285)
	at com.kms.katalon.core.common.CommonExecutor.accessTestCaseMainPhase(CommonExecutor.java:65)
	at com.kms.katalon.core.main.TestSuiteExecutor.accessTestSuiteMainPhase(TestSuiteExecutor.java:150)
	at com.kms.katalon.core.main.TestSuiteExecutor.execute(TestSuiteExecutor.java:106)
	at com.kms.katalon.core.main.TestCaseMain.startTestSuite(TestCaseMain.java:180)
	at TempTestSuite1742171011514.run(TempTestSuite1742171011514.groovy:35)
	at java.base/jdk.internal.reflect.NativeMethodAccessorImpl.invoke0(Native Method)
	at java.base/jdk.internal.reflect.NativeMethodAccessorImpl.invoke(NativeMethodAccessorImpl.java:77)
	at java.base/jdk.internal.reflect.DelegatingMethodAccessorImpl.invoke(DelegatingMethodAccessorImpl.java:43)
Caused by: com.kms.katalon.core.exception.StepFailedException: Unable to get text of object 'Object Repository/Выполнение бизнес-плана/table'
	... 23 more
Caused by: com.kms.katalon.core.webui.exception.WebElementNotFoundException: Web element with id: 'Object Repository/Выполнение бизнес-плана/table' located by '//div[@id='grid-25be55ef81e941d9a5e47136b644a838']' not found
	at com.kms.katalon.core.webui.common.WebUiCommonHelper.findWebElement(WebUiCommonHelper.java:1426)
	at com.kms.katalon.core.webui.keyword.internal.WebUIAbstractKeyword.findWebElement(WebUIAbstractKeyword.groovy:27)
	at com.kms.katalon.core.webui.keyword.internal.WebUIAbstractKeyword.findWebElement(WebUIAbstractKeyword.groovy:26)
	at com.kms.katalon.core.webui.keyword.builtin.GetTextKeyword$_getText_closure1.doCall(GetTextKeyword.groovy:78)
	at com.kms.katalon.core.webui.keyword.builtin.GetTextKeyword$_getText_closure1.call(GetTextKeyword.groovy)
	at com.kms.katalon.core.webui.keyword.internal.WebUIKeywordMain.runKeyword(WebUIKeywordMain.groovy:20)
	... 21 more


17-03-2025T03:23:37 - [TEST_STEP][PASSED] - run = 1: null

17-03-2025T03:23:37 - [TEST_STEP][PASSED] - data = findTestData("PlanFact"): null

17-03-2025T03:23:38 - [TEST_STEP][PASSED] - n = <not implemented yet for class: org.codehaus.groovy.ast.expr.EmptyExpression>: null

17-03-2025T03:23:38 - [TEST_STEP][PASSED] - urlData = <not implemented yet for class: org.codehaus.groovy.ast.expr.EmptyExpression>: null

17-03-2025T03:23:38 - [TEST_STEP][PASSED] - dashboardName = <not implemented yet for class: org.codehaus.groovy.ast.expr.EmptyExpression>: null

17-03-2025T03:23:38 - [TEST_STEP][PASSED] - a1 = <not implemented yet for class: org.codehaus.groovy.ast.expr.EmptyExpression>: null

17-03-2025T03:23:38 - [TEST_STEP][PASSED] - a2 = <not implemented yet for class: org.codehaus.groovy.ast.expr.EmptyExpression>: null

17-03-2025T03:23:38 - [TEST_STEP][PASSED] - a3 = <not implemented yet for class: org.codehaus.groovy.ast.expr.EmptyExpression>: null

17-03-2025T03:23:38 - [TEST_STEP][PASSED] - a4 = <not implemented yet for class: org.codehaus.groovy.ast.expr.EmptyExpression>: null

17-03-2025T03:23:38 - [TEST_STEP][PASSED] - a5 = <not implemented yet for class: org.codehaus.groovy.ast.expr.EmptyExpression>: null

17-03-2025T03:23:38 - [TEST_STEP][PASSED] - a6 = <not implemented yet for class: org.codehaus.groovy.ast.expr.EmptyExpression>: null

17-03-2025T03:23:38 - [TEST_STEP][PASSED] - a7 = <not implemented yet for class: org.codehaus.groovy.ast.expr.EmptyExpression>: null

17-03-2025T03:23:38 - [TEST_STEP][PASSED] - a8 = <not implemented yet for class: org.codehaus.groovy.ast.expr.EmptyExpression>: null

17-03-2025T03:23:38 - [TEST_STEP][PASSED] - a9 = <not implemented yet for class: org.codehaus.groovy.ast.expr.EmptyExpression>: null

17-03-2025T03:23:38 - [TEST_STEP][PASSED] - user = <not implemented yet for class: org.codehaus.groovy.ast.expr.EmptyExpression>: null

17-03-2025T03:23:38 - [TEST_STEP][PASSED] - for ([run = 1, run < 4, (run++)]): null

17-03-2025T03:23:38 - [TEST_STEP][PASSED] - VipolnenieBiznesPlana(user, dashboardName, n, data, run, a1, a2, a3, a4, a5, a6, a7, a8, a9, urlData): null

17-03-2025T03:23:38 - [TEST_STEP][PASSED] - n = data.getRowNumbers() + 1: null

17-03-2025T03:23:38 - [TEST_STEP][PASSED] - println(n): null

17-03-2025T03:23:38 - [TEST_STEP][PASSED] - dashboardName = "Выполнение бизнес-плана": null

17-03-2025T03:23:38 - [TEST_STEP][PASSED] - openBrowser(""): Browser is opened with url: ''

17-03-2025T03:23:39 - [MESSAGE][INFO] - Starting 'Chrome' driver

17-03-2025T03:23:39 - [MESSAGE][INFO] - Action delay is set to 0 milliseconds

17-03-2025T03:23:41 - [MESSAGE][PASSED] - Browser is opened with url: ''

17-03-2025T03:23:41 - [TEST_STEP][PASSED] - urlData = 1: null

17-03-2025T03:23:41 - [TEST_STEP][PASSED] - Script1686231490255.CheckPageDownload(urlData, run): null

17-03-2025T03:23:41 - [TEST_STEP][PASSED] - i = 1: null

17-03-2025T03:23:41 - [TEST_STEP][PASSED] - ii = 0: null

17-03-2025T03:23:41 - [TEST_STEP][PASSED] - urlText = <not implemented yet for class: org.codehaus.groovy.ast.expr.EmptyExpression>: null

17-03-2025T03:23:41 - [TEST_STEP][PASSED] - searchWord = <not implemented yet for class: org.codehaus.groovy.ast.expr.EmptyExpression>: null

17-03-2025T03:23:41 - [TEST_STEP][PASSED] - deleteAllCookies(): Delete all cookies successfully

17-03-2025T03:23:41 - [MESSAGE][PASSED] - Delete all cookies successfully

17-03-2025T03:23:41 - [TEST_STEP][PASSED] - refresh(): Refresh successfully

17-03-2025T03:23:42 - [MESSAGE][PASSED] - Refresh successfully

17-03-2025T03:23:42 - [TEST_STEP][PASSED] - delay(70): Delayed 70 second(s)

17-03-2025T03:24:52 - [MESSAGE][PASSED] - Delayed 70 second(s)

17-03-2025T03:24:52 - [TEST_STEP][PASSED] - navigateToUrl(findTestData("PlanFact").getValue(10, urlData)): Navigate to 'https://bi.rosseti.digital/viewer?dashboardGuid=d154a8eaf6824e2b9de1bb04dd061c18&sheetGuid=1305e8ce744049e1abdacea1ea397a26&fit=true' successfully

17-03-2025T03:25:03 - [MESSAGE][PASSED] - Navigate to 'https://bi.rosseti.digital/viewer?dashboardGuid=d154a8eaf6824e2b9de1bb04dd061c18&sheetGuid=1305e8ce744049e1abdacea1ea397a26&fit=true' successfully

17-03-2025T03:25:03 - [TEST_STEP][PASSED] - pageLoaded1 = verifyElementPresent(findTestObject("Страница авторизации/Text"), 30): Object 'Object Repository/Страница авторизации/Text' is present

17-03-2025T03:25:04 - [MESSAGE][PASSED] - Object 'Object Repository/Страница авторизации/Text' is present

17-03-2025T03:25:04 - [TEST_STEP][PASSED] - if (pageLoaded1 == false): null

17-03-2025T03:25:04 - [TEST_STEP][PASSED] - urlText = getText(findTestObject("Страница авторизации/Text")): Text of object 'Object Repository/Страница авторизации/Text' is: 'Вход'

17-03-2025T03:25:05 - [MESSAGE][PASSED] - Text of object 'Object Repository/Страница авторизации/Text' is: 'Вход'

17-03-2025T03:25:05 - [TEST_STEP][PASSED] - delay(70): Delayed 70 second(s)

17-03-2025T03:26:15 - [MESSAGE][PASSED] - Delayed 70 second(s)

17-03-2025T03:26:15 - [TEST_STEP][PASSED] - searchWord = "Вход": null

17-03-2025T03:26:15 - [TEST_STEP][PASSED] - if (urlText.contains(searchWord) == false): null

17-03-2025T03:26:15 - [TEST_STEP][PASSED] - setText(findTestObject("Страница авторизации/input__username"), findTestData("PlanFact").getValue(8, run)): Text 'liazgina-di' is set on object 'Object Repository/Страница авторизации/input__username'

17-03-2025T03:26:15 - [MESSAGE][PASSED] - Text 'liazgina-di' is set on object 'Object Repository/Страница авторизации/input__username'

17-03-2025T03:26:15 - [TEST_STEP][PASSED] - setText(findTestObject("Страница авторизации/input__password"), findTestData("PlanFact").getValue(9, run)): Text ')$%5srZ8o688Dm#q' is set on object 'Object Repository/Страница авторизации/input__password'

17-03-2025T03:26:16 - [MESSAGE][PASSED] - Text ')$%5srZ8o688Dm#q' is set on object 'Object Repository/Страница авторизации/input__password'

17-03-2025T03:26:16 - [TEST_STEP][PASSED] - click(findTestObject("Страница авторизации/button_")): Object: 'Object Repository/Страница авторизации/button_' is clicked on

17-03-2025T03:26:18 - [MESSAGE][PASSED] - Object: 'Object Repository/Страница авторизации/button_' is clicked on

17-03-2025T03:26:18 - [TEST_STEP][PASSED] - delay(70): Delayed 70 second(s)

17-03-2025T03:27:28 - [MESSAGE][PASSED] - Delayed 70 second(s)

17-03-2025T03:27:28 - [TEST_STEP][PASSED] - searchWord = "а": null

17-03-2025T03:27:28 - [TEST_STEP][PASSED] - pageLoaded2 = verifyElementPresent(findTestObject("Страница авторизации/Text"), 50): Object 'Object Repository/Страница авторизации/Text' is present

17-03-2025T03:27:28 - [MESSAGE][PASSED] - Object 'Object Repository/Страница авторизации/Text' is present

17-03-2025T03:27:28 - [TEST_STEP][PASSED] - if (pageLoaded2 == false): null

17-03-2025T03:27:28 - [TEST_STEP][PASSED] - urlText = getText(findTestObject("Страница авторизации/Text")): Text of object 'Object Repository/Страница авторизации/Text' is: 'ДЗО 
ПАО Россети
Период
Январь 2025 года
Отклонения фактического уровня потерь от бизнес-плана, п.п.
-0.01
-0.92
-0.43
-2.42
-0.30
-0.28
-1.44
-2.45
Россети ФСК ЕЭС
Россети Волга
Россети Московский регион
Россети Северо-Запад
Россети Томск
Россети Урал (ГК)
Россети Юг (ГК)
Россети Янтарь
-4
-2
0
2
4
6
8

Уровень потерь электроэнергии
Россети ФСК ЕЭС
Россети Волга
Россети Московский регион
Россети Северо-Запад
Россети Томск
Россети Урал (ГК)
Россети Юг (ГК)
Россети Янтарь
0
10
20
30
40
50
60
70
4.01
|
6.39
|
9.74
|
7.39
|
11.82
|
7.40
|
10.84
|
12.35
|
4.00
5.47
9.32
4.97
11.52
7.12
9.40
9.90
п.п.
2.78
Итого
0
1
2
3
%
5.47 5.47
8.25 8.25
План
Факт
1
100

● Бизнес-план выполнен● ●● Превышение бизнес-плана
Отклонения фактического уровня потерь от бизнес-плана за 3 месяца (нарастающим итогом), п.п.
-0.2-0.2
-8.3-8.3
3.13.1
-0.4-0.4
-0.6-0.6
-0.0-0.0
0.20.2
3.93.9
-0.4-0.4
-8.8-8.8
-0.0-0.0
0.20.2
-0.2-0.2
-0.5-0.5
-0.3-0.3
-0.5-0.5
-0.1-0.1
-0.2-0.2
-8.4-8.4
2.92.9
-0.4-0.4
-0.5-0.5
-0.0-0.0
0.20.2
3.83.8
-0.3-0.3
-7.9-7.9
-0.0-0.0
0.20.2
-0.2-0.2
-0.5-0.5
-0.2-0.2
-0.3-0.3
-0.1-0.1
-0.0-0.0
-0.9-0.9
-0.4-0.4
-2.4-2.4
-0.3-0.3
-0.3-0.3
-1.4-1.4
-2.4-2.4
Россети ФСКЕЭС
АО«Тываэнерго»
АО«Чеченэнерго»
Россети Волга
РоссетиКубань
РоссетиЛенэнерго(ГК)
РоссетиМосковскийрегион
РоссетиСеверныйКавказ (ГК)
Россети Северо-Запад
Россети Сибирь(ГК)
Россети Томск
Россети Тюмень
Россети Урал(ГК)
Россети Центр
Россети Центри Приволжье(ГК)
Россети Юг (Г…
РоссетиЯнтарь
-10
0
10
п.п.
Отклонения фактического уровня потерь от бизнес-плана за 3 месяца (нарастающим итогом)
-0.2-0.2
-1.5-1.5
-0.1-0.1
-0.6-0.6
-95.8-95.8
-0.0-0.0
-0.7-0.7
1.31.3
-0.5-0.5
-0.2-0.2
-90.8-90.8
0.10.1
-0.4-0.4
0.10.1
0.00.0
-0.1-0.1
-0.2-0.2
-0.3-0.3
-0.6-0.6
-0.1-0.1
-0.0-0.0
-1.2-1.2
-89.4-89.4
-0.5-0.5
-90.2-90.2
-0.4-0.4
-1.0-1.0
-0.0-0.0
-0.7-0.7
-80.6-80.6
-1.0-1.0
-0.4-0.4
-0.1-0.1
-0.2-0.2
-0.8-0.8
-1.0-1.0
-0.2-0.2
-0.5-0.5
-1.2-1.2
0.00.0
-7.3-7.3
-0.0-0.0
-0.3-0.3
-1.3-1.3
-0.2-0.2
-0.5-0.5
-43.5-43.5
-1.0-1.0
-0.0-0.0
1.21.2
1.51.5
-0.7-0.7
1.21.2
-0.5-0.5
0.50.5
-0.2-0.2
0.10.1
-40.4-40.4
0.70.7
-0.0-0.0
-0.4-0.4
-0.0-0.0
-0.1-0.1
0.20.2
-0.1-0.1
-0.1-0.1
-0.4-0.4
-0.4-0.4
-0.6-0.6
-1.9-1.9
0.00.0
-0.6-0.6
1.21.2
0.70.7
-0.0-0.0
2.72.7
0.40.4
-1.3-1.3
-44.7-44.7
-0.4-0.4
-37.3-37.3
-0.7-0.7
2.32.3
-0.9-0.9
-0.0-0.0
-0.4-0.4
-39.6-39.6
-0.4-0.4
1.91.9
1.31.3
9.99.9
-0.7-0.7
-0.4-0.4
-0.6-0.6
-0.1-0.1
0.10.1
-1.3-1.3
0.90.9
0.90.9
2.12.1
-0.8-0.8
-0.8-0.8
-0.3-0.3
9.99.9
0.50.5
10.310.3
Итого по ФС…
Каббалкэнерго
Калмэнерго
Калугаэнерго
Карачаево-Черкесскэнерго
Карельский филиал
Кировэнерго
Костромаэнерго
Красноярскэнерго
Кубаньэнерго
Кузбассэнерго-РЭС
Курскэнерго
Ленинградская область
Липецкэнерго
Мариэнерго
Мордовэнерго
Московская область
Мурманский филиал
Нижновэнерго
Новгородский филиал
ООО «БрянскЭлектро»
Омскэнерго
Орелэнерго
Оренбургэнерго
Пензаэнерго
Пермэнерго
Псковский филиал
Россети Тюмень
Россети Янтарь
Ростовэнерго
Рязаньэнерго
Самарские РС
Саратовские РС
Свердловэнерго
Севкавказэнерго
Смоленскэнерго
Ставропольэнерго
Тамбовэнерго
Тверьэнерго
Томская распределительная компания
Тулэнерго
Удмуртэнерго
Ульяновские РС
Хакасэнерго
Челябэнерго
Читаэнерго
Чувашэнерго
Ярэнерго
г. Москва
г. Санкт-Петербург
филиал в Республике Коми
АО "Тываэнерго"
АО «ВМЭС»
АО «Воронежская горэлектросеть»
АО «Тульские городские электрические сети»
АО «Чеченэнерго»
АО «Ярославская электросетевая компания»
АО ЕЭСК
Алтайэнерго
Архангельский филиал
Астраханьэнерго
Белгородэнерго
Брянскэнерго
Бурятэнерго
Владимирэнерго
Волгоградэнерго
Вологодский филиал
Воронежэнерго
Дагэнерго
Ивэнерго
Ингушэнерго
-180
60

Статус данных
Просьба обратить внимание
— все данные не занесены
Факт
План
Итого – Факт
Отпуск в сеть 53 251 393
Отпуск из сети 48 860 625
Потери 4 390 768
Итого – План
Отпуск в сеть 88 391 519
Отпуск из сети 83 558 270
Потери 4 833 249
Выполнение бизнес-плана в части показателя «Уровень потерь электроэнергии»
Показатели баланса электроэнергии по ДЗО – Факт 
57 256 396 3 856 981 9 778 647 3 075 072 476 306 6 843 010 3 467 484 462 838
55 054 236 3 645 880 8 867 734 2 922 288 421 425 6 355 760 3 141 633 417 011
2 202 160 211 102 910 913 152 783 54 881 487 250 325 852 45 827
Показатели баланса электроэнергии по ДЗО – План
58 806 842 4 033 660 10 346 741 3 272 134 504 635 7 177 213 3 760 351 489 942
56 540 011 3 775 836 9 338 688 3 030 349 444 962 6 646 123 3 352 866 429 434
2 266 831 257 824 1 008 053 241 785 59 673 531 090 407 485 60 508'

17-03-2025T03:27:30 - [MESSAGE][PASSED] - Text of object 'Object Repository/Страница авторизации/Text' is: 'ДЗО 
ПАО Россети
Период
Январь 2025 года
Отклонения фактического уровня потерь от бизнес-плана, п.п.
-0.01
-0.92
-0.43
-2.42
-0.30
-0.28
-1.44
-2.45
Россети ФСК ЕЭС
Россети Волга
Россети Московский регион
Россети Северо-Запад
Россети Томск
Россети Урал (ГК)
Россети Юг (ГК)
Россети Янтарь
-4
-2
0
2
4
6
8

Уровень потерь электроэнергии
Россети ФСК ЕЭС
Россети Волга
Россети Московский регион
Россети Северо-Запад
Россети Томск
Россети Урал (ГК)
Россети Юг (ГК)
Россети Янтарь
0
10
20
30
40
50
60
70
4.01
|
6.39
|
9.74
|
7.39
|
11.82
|
7.40
|
10.84
|
12.35
|
4.00
5.47
9.32
4.97
11.52
7.12
9.40
9.90
п.п.
2.78
Итого
0
1
2
3
%
5.47 5.47
8.25 8.25
План
Факт
1
100

● Бизнес-план выполнен● ●● Превышение бизнес-плана
Отклонения фактического уровня потерь от бизнес-плана за 3 месяца (нарастающим итогом), п.п.
-0.2-0.2
-8.3-8.3
3.13.1
-0.4-0.4
-0.6-0.6
-0.0-0.0
0.20.2
3.93.9
-0.4-0.4
-8.8-8.8
-0.0-0.0
0.20.2
-0.2-0.2
-0.5-0.5
-0.3-0.3
-0.5-0.5
-0.1-0.1
-0.2-0.2
-8.4-8.4
2.92.9
-0.4-0.4
-0.5-0.5
-0.0-0.0
0.20.2
3.83.8
-0.3-0.3
-7.9-7.9
-0.0-0.0
0.20.2
-0.2-0.2
-0.5-0.5
-0.2-0.2
-0.3-0.3
-0.1-0.1
-0.0-0.0
-0.9-0.9
-0.4-0.4
-2.4-2.4
-0.3-0.3
-0.3-0.3
-1.4-1.4
-2.4-2.4
Россети ФСКЕЭС
АО«Тываэнерго»
АО«Чеченэнерго»
Россети Волга
РоссетиКубань
РоссетиЛенэнерго(ГК)
РоссетиМосковскийрегион
РоссетиСеверныйКавказ (ГК)
Россети Северо-Запад
Россети Сибирь(ГК)
Россети Томск
Россети Тюмень
Россети Урал(ГК)
Россети Центр
Россети Центри Приволжье(ГК)
Россети Юг (Г…
РоссетиЯнтарь
-10
0
10
п.п.
Отклонения фактического уровня потерь от бизнес-плана за 3 месяца (нарастающим итогом)
-0.2-0.2
-1.5-1.5
-0.1-0.1
-0.6-0.6
-95.8-95.8
-0.0-0.0
-0.7-0.7
1.31.3
-0.5-0.5
-0.2-0.2
-90.8-90.8
0.10.1
-0.4-0.4
0.10.1
0.00.0
-0.1-0.1
-0.2-0.2
-0.3-0.3
-0.6-0.6
-0.1-0.1
-0.0-0.0
-1.2-1.2
-89.4-89.4
-0.5-0.5
-90.2-90.2
-0.4-0.4
-1.0-1.0
-0.0-0.0
-0.7-0.7
-80.6-80.6
-1.0-1.0
-0.4-0.4
-0.1-0.1
-0.2-0.2
-0.8-0.8
-1.0-1.0
-0.2-0.2
-0.5-0.5
-1.2-1.2
0.00.0
-7.3-7.3
-0.0-0.0
-0.3-0.3
-1.3-1.3
-0.2-0.2
-0.5-0.5
-43.5-43.5
-1.0-1.0
-0.0-0.0
1.21.2
1.51.5
-0.7-0.7
1.21.2
-0.5-0.5
0.50.5
-0.2-0.2
0.10.1
-40.4-40.4
0.70.7
-0.0-0.0
-0.4-0.4
-0.0-0.0
-0.1-0.1
0.20.2
-0.1-0.1
-0.1-0.1
-0.4-0.4
-0.4-0.4
-0.6-0.6
-1.9-1.9
0.00.0
-0.6-0.6
1.21.2
0.70.7
-0.0-0.0
2.72.7
0.40.4
-1.3-1.3
-44.7-44.7
-0.4-0.4
-37.3-37.3
-0.7-0.7
2.32.3
-0.9-0.9
-0.0-0.0
-0.4-0.4
-39.6-39.6
-0.4-0.4
1.91.9
1.31.3
9.99.9
-0.7-0.7
-0.4-0.4
-0.6-0.6
-0.1-0.1
0.10.1
-1.3-1.3
0.90.9
0.90.9
2.12.1
-0.8-0.8
-0.8-0.8
-0.3-0.3
9.99.9
0.50.5
10.310.3
Итого по ФС…
Каббалкэнерго
Калмэнерго
Калугаэнерго
Карачаево-Черкесскэнерго
Карельский филиал
Кировэнерго
Костромаэнерго
Красноярскэнерго
Кубаньэнерго
Кузбассэнерго-РЭС
Курскэнерго
Ленинградская область
Липецкэнерго
Мариэнерго
Мордовэнерго
Московская область
Мурманский филиал
Нижновэнерго
Новгородский филиал
ООО «БрянскЭлектро»
Омскэнерго
Орелэнерго
Оренбургэнерго
Пензаэнерго
Пермэнерго
Псковский филиал
Россети Тюмень
Россети Янтарь
Ростовэнерго
Рязаньэнерго
Самарские РС
Саратовские РС
Свердловэнерго
Севкавказэнерго
Смоленскэнерго
Ставропольэнерго
Тамбовэнерго
Тверьэнерго
Томская распределительная компания
Тулэнерго
Удмуртэнерго
Ульяновские РС
Хакасэнерго
Челябэнерго
Читаэнерго
Чувашэнерго
Ярэнерго
г. Москва
г. Санкт-Петербург
филиал в Республике Коми
АО "Тываэнерго"
АО «ВМЭС»
АО «Воронежская горэлектросеть»
АО «Тульские городские электрические сети»
АО «Чеченэнерго»
АО «Ярославская электросетевая компания»
АО ЕЭСК
Алтайэнерго
Архангельский филиал
Астраханьэнерго
Белгородэнерго
Брянскэнерго
Бурятэнерго
Владимирэнерго
Волгоградэнерго
Вологодский филиал
Воронежэнерго
Дагэнерго
Ивэнерго
Ингушэнерго
-180
60

Статус данных
Просьба обратить внимание
— все данные не занесены
Факт
План
Итого – Факт
Отпуск в сеть 53 251 393
Отпуск из сети 48 860 625
Потери 4 390 768
Итого – План
Отпуск в сеть 88 391 519
Отпуск из сети 83 558 270
Потери 4 833 249
Выполнение бизнес-плана в части показателя «Уровень потерь электроэнергии»
Показатели баланса электроэнергии по ДЗО – Факт 
57 256 396 3 856 981 9 778 647 3 075 072 476 306 6 843 010 3 467 484 462 838
55 054 236 3 645 880 8 867 734 2 922 288 421 425 6 355 760 3 141 633 417 011
2 202 160 211 102 910 913 152 783 54 881 487 250 325 852 45 827
Показатели баланса электроэнергии по ДЗО – План
58 806 842 4 033 660 10 346 741 3 272 134 504 635 7 177 213 3 760 351 489 942
56 540 011 3 775 836 9 338 688 3 030 349 444 962 6 646 123 3 352 866 429 434
2 266 831 257 824 1 008 053 241 785 59 673 531 090 407 485 60 508'

17-03-2025T03:27:30 - [TEST_STEP][PASSED] - if (urlText.contains("ошибка") || urlText.contains(searchWord) == false): null

17-03-2025T03:27:30 - [TEST_STEP][PASSED] - Script1686231490255.ZakrytOpoveshenie(): null

17-03-2025T03:27:30 - [TEST_STEP][PASSED] - opoveshenie = getText(findTestObject("Выполнение бизнес-плана/Просьба обратить внимание")): Text of object 'Object Repository/Выполнение бизнес-плана/Просьба обратить внимание' is: 'Просьба обратить внимание'

17-03-2025T03:27:30 - [MESSAGE][PASSED] - Text of object 'Object Repository/Выполнение бизнес-плана/Просьба обратить внимание' is: 'Просьба обратить внимание'

17-03-2025T03:27:30 - [TEST_STEP][PASSED] - println(opoveshenie): null

17-03-2025T03:27:30 - [TEST_STEP][PASSED] - if (opoveshenie == "Просьба обратить внимание"): Object: 'Object Repository/Выполнение бизнес-плана/Закрыть оповещение' is clicked on

17-03-2025T03:27:30 - [TEST_STEP][PASSED] - click(findTestObject("Выполнение бизнес-плана/Закрыть оповещение")): Object: 'Object Repository/Выполнение бизнес-плана/Закрыть оповещение' is clicked on

17-03-2025T03:27:31 - [MESSAGE][PASSED] - Object: 'Object Repository/Выполнение бизнес-плана/Закрыть оповещение' is clicked on

17-03-2025T03:27:31 - [TEST_STEP][PASSED] - click(findTestObject("Object Repository/Выполнение бизнес-плана/Фильтр Дата")): Object: 'Object Repository/Выполнение бизнес-плана/Фильтр Дата' is clicked on

17-03-2025T03:27:31 - [MESSAGE][PASSED] - Object: 'Object Repository/Выполнение бизнес-плана/Фильтр Дата' is clicked on

17-03-2025T03:27:31 - [TEST_STEP][PASSED] - click(findTestObject("Выполнение бизнес-плана/Снять выделение в фильтре Дата")): Object: 'Object Repository/Выполнение бизнес-плана/Снять выделение в фильтре Дата' is clicked on

17-03-2025T03:27:32 - [MESSAGE][PASSED] - Object: 'Object Repository/Выполнение бизнес-плана/Снять выделение в фильтре Дата' is clicked on

17-03-2025T03:27:32 - [TEST_STEP][PASSED] - click(findTestObject("Object Repository/Выполнение бизнес-плана/Применить в фильтре Дата")): Object: 'Object Repository/Выполнение бизнес-плана/Применить в фильтре Дата' is clicked on

17-03-2025T03:27:32 - [MESSAGE][PASSED] - Object: 'Object Repository/Выполнение бизнес-плана/Применить в фильтре Дата' is clicked on

17-03-2025T03:27:32 - [TEST_STEP][PASSED] - delay(70): Delayed 70 second(s)

17-03-2025T03:28:42 - [MESSAGE][PASSED] - Delayed 70 second(s)

17-03-2025T03:28:42 - [TEST_STEP][PASSED] - Script1686231490255.ZakrytOpoveshenie(): null

17-03-2025T03:28:42 - [TEST_STEP][PASSED] - opoveshenie = getText(findTestObject("Выполнение бизнес-плана/Просьба обратить внимание")): Text of object 'Object Repository/Выполнение бизнес-плана/Просьба обратить внимание' is: 'Просьба обратить внимание'

17-03-2025T03:28:43 - [MESSAGE][PASSED] - Text of object 'Object Repository/Выполнение бизнес-плана/Просьба обратить внимание' is: 'Просьба обратить внимание'

17-03-2025T03:28:43 - [TEST_STEP][PASSED] - println(opoveshenie): null

17-03-2025T03:28:43 - [TEST_STEP][PASSED] - if (opoveshenie == "Просьба обратить внимание"): Object: 'Object Repository/Выполнение бизнес-плана/Закрыть оповещение' is clicked on

17-03-2025T03:28:43 - [TEST_STEP][PASSED] - click(findTestObject("Выполнение бизнес-плана/Закрыть оповещение")): Object: 'Object Repository/Выполнение бизнес-плана/Закрыть оповещение' is clicked on

17-03-2025T03:28:43 - [MESSAGE][PASSED] - Object: 'Object Repository/Выполнение бизнес-плана/Закрыть оповещение' is clicked on

17-03-2025T03:28:43 - [TEST_STEP][PASSED] - click(findTestObject("Object Repository/Выполнение бизнес-плана/Фильтр Дата")): Object: 'Object Repository/Выполнение бизнес-плана/Фильтр Дата' is clicked on

17-03-2025T03:28:43 - [MESSAGE][PASSED] - Object: 'Object Repository/Выполнение бизнес-плана/Фильтр Дата' is clicked on

17-03-2025T03:28:43 - [TEST_STEP][PASSED] - scrollToElement(findTestObject("Выполнение бизнес-плана/2025 список"), 30): Scroll to object 'Object Repository/Выполнение бизнес-плана/2025 список' successfully

17-03-2025T03:28:44 - [MESSAGE][PASSED] - Scroll to object 'Object Repository/Выполнение бизнес-плана/2025 список' successfully

17-03-2025T03:28:44 - [TEST_STEP][PASSED] - click(findTestObject("Выполнение бизнес-плана/2025 список"), CONTINUE_ON_FAILURE): Object: 'Object Repository/Выполнение бизнес-плана/2025 список' is clicked on

17-03-2025T03:28:45 - [MESSAGE][PASSED] - Object: 'Object Repository/Выполнение бизнес-плана/2025 список' is clicked on

17-03-2025T03:28:45 - [TEST_STEP][PASSED] - scrollToElement(findTestObject("Выполнение бизнес-плана/1 квартал 2025 список"), 30): Scroll to object 'Object Repository/Выполнение бизнес-плана/1 квартал 2025 список' successfully

17-03-2025T03:28:45 - [MESSAGE][PASSED] - Scroll to object 'Object Repository/Выполнение бизнес-плана/1 квартал 2025 список' successfully

17-03-2025T03:28:45 - [TEST_STEP][PASSED] - click(findTestObject("Выполнение бизнес-плана/1 квартал 2025 список"), CONTINUE_ON_FAILURE): Object: 'Object Repository/Выполнение бизнес-плана/1 квартал 2025 список' is clicked on

17-03-2025T03:28:45 - [MESSAGE][PASSED] - Object: 'Object Repository/Выполнение бизнес-плана/1 квартал 2025 список' is clicked on

17-03-2025T03:28:45 - [TEST_STEP][PASSED] - click(findTestObject("Выполнение бизнес-плана/Январь 2025"), CONTINUE_ON_FAILURE): Object: 'Object Repository/Выполнение бизнес-плана/Январь 2025' is clicked on

17-03-2025T03:28:46 - [MESSAGE][PASSED] - Object: 'Object Repository/Выполнение бизнес-плана/Январь 2025' is clicked on

17-03-2025T03:28:46 - [TEST_STEP][PASSED] - scrollToElement(findTestObject("Выполнение бизнес-плана/Январь 2025"), 30): Scroll to object 'Object Repository/Выполнение бизнес-плана/Январь 2025' successfully

17-03-2025T03:28:46 - [MESSAGE][PASSED] - Scroll to object 'Object Repository/Выполнение бизнес-плана/Январь 2025' successfully

17-03-2025T03:28:46 - [TEST_STEP][PASSED] - click(findTestObject("Object Repository/Выполнение бизнес-плана/Применить в фильтре Дата")): Object: 'Object Repository/Выполнение бизнес-плана/Применить в фильтре Дата' is clicked on

17-03-2025T03:28:47 - [MESSAGE][PASSED] - Object: 'Object Repository/Выполнение бизнес-плана/Применить в фильтре Дата' is clicked on

17-03-2025T03:28:47 - [TEST_STEP][PASSED] - scrollToElement(findTestObject("Выполнение бизнес-плана/Заголовок дашборда"), 30): Scroll to object 'Object Repository/Выполнение бизнес-плана/Заголовок дашборда' successfully

17-03-2025T03:29:11 - [MESSAGE][PASSED] - Scroll to object 'Object Repository/Выполнение бизнес-плана/Заголовок дашборда' successfully

17-03-2025T03:29:11 - [TEST_STEP][PASSED] - delay(70): Delayed 70 second(s)

17-03-2025T03:30:21 - [MESSAGE][PASSED] - Delayed 70 second(s)

17-03-2025T03:30:21 - [TEST_STEP][PASSED] - Script1686231490255.ZakrytOpoveshenie(): null

17-03-2025T03:30:21 - [TEST_STEP][PASSED] - opoveshenie = getText(findTestObject("Выполнение бизнес-плана/Просьба обратить внимание")): Text of object 'Object Repository/Выполнение бизнес-плана/Просьба обратить внимание' is: 'Просьба обратить внимание'

17-03-2025T03:30:21 - [MESSAGE][PASSED] - Text of object 'Object Repository/Выполнение бизнес-плана/Просьба обратить внимание' is: 'Просьба обратить внимание'

17-03-2025T03:30:21 - [TEST_STEP][PASSED] - println(opoveshenie): null

17-03-2025T03:30:21 - [TEST_STEP][PASSED] - if (opoveshenie == "Просьба обратить внимание"): Object: 'Object Repository/Выполнение бизнес-плана/Закрыть оповещение' is clicked on

17-03-2025T03:30:21 - [TEST_STEP][PASSED] - click(findTestObject("Выполнение бизнес-плана/Закрыть оповещение")): Object: 'Object Repository/Выполнение бизнес-плана/Закрыть оповещение' is clicked on

17-03-2025T03:30:22 - [MESSAGE][PASSED] - Object: 'Object Repository/Выполнение бизнес-плана/Закрыть оповещение' is clicked on

17-03-2025T03:30:22 - [TEST_STEP][PASSED] - click(findTestObject("Object Repository/Выполнение бизнес-плана/Фильтр ДЗО")): Object: 'Object Repository/Выполнение бизнес-плана/Фильтр ДЗО' is clicked on

17-03-2025T03:30:22 - [MESSAGE][PASSED] - Object: 'Object Repository/Выполнение бизнес-плана/Фильтр ДЗО' is clicked on

17-03-2025T03:30:22 - [TEST_STEP][PASSED] - click(findTestObject("Выполнение бизнес-плана/Снять выделение в фильтре ДЗО")): Object: 'Object Repository/Выполнение бизнес-плана/Снять выделение в фильтре ДЗО' is clicked on

17-03-2025T03:30:23 - [MESSAGE][PASSED] - Object: 'Object Repository/Выполнение бизнес-плана/Снять выделение в фильтре ДЗО' is clicked on

17-03-2025T03:30:23 - [TEST_STEP][PASSED] - click(findTestObject("Выполнение бизнес-плана/ПАО Россети")): Object: 'Object Repository/Выполнение бизнес-плана/ПАО Россети' is clicked on

17-03-2025T03:30:23 - [MESSAGE][PASSED] - Object: 'Object Repository/Выполнение бизнес-плана/ПАО Россети' is clicked on

17-03-2025T03:30:23 - [TEST_STEP][PASSED] - click(findTestObject("Object Repository/Выполнение бизнес-плана/Применить в фильтре ДЗО")): Object: 'Object Repository/Выполнение бизнес-плана/Применить в фильтре ДЗО' is clicked on

17-03-2025T03:30:24 - [MESSAGE][PASSED] - Object: 'Object Repository/Выполнение бизнес-плана/Применить в фильтре ДЗО' is clicked on

17-03-2025T03:30:24 - [TEST_STEP][PASSED] - delay(70): Delayed 70 second(s)

17-03-2025T03:31:34 - [MESSAGE][PASSED] - Delayed 70 second(s)

17-03-2025T03:31:34 - [TEST_STEP][FAILED] - if (run == 1): null

17-03-2025T03:31:34 - [TEST_STEP][PASSED] - user = "админ": null

17-03-2025T03:31:34 - [TEST_STEP][PASSED] - a1 = getText(findTestObject("Выполнение бизнес-плана/Проценты")): Text of object 'Object Repository/Выполнение бизнес-плана/Проценты' is: '%
5.47 5.47
8.25 8.25
План
Факт
1
100'

17-03-2025T03:31:34 - [MESSAGE][PASSED] - Text of object 'Object Repository/Выполнение бизнес-плана/Проценты' is: '%
5.47 5.47
8.25 8.25
План
Факт
1
100'

17-03-2025T03:31:34 - [TEST_STEP][PASSED] - a2 = getText(findTestObject("Выполнение бизнес-плана/vidget 2")): Text of object 'Object Repository/Выполнение бизнес-плана/vidget 2' is: 'Россети ФСК ЕЭС
Россети Волга
Россети Московский регион
Россети Северо-Запад
Россети Томск
Россети Урал (ГК)
Россети Юг (ГК)
Россети Янтарь
0
10
20
30
40
50
60
70'

17-03-2025T03:31:35 - [MESSAGE][PASSED] - Text of object 'Object Repository/Выполнение бизнес-плана/vidget 2' is: 'Россети ФСК ЕЭС
Россети Волга
Россети Московский регион
Россети Северо-Запад
Россети Томск
Россети Урал (ГК)
Россети Юг (ГК)
Россети Янтарь
0
10
20
30
40
50
60
70'

17-03-2025T03:31:35 - [TEST_STEP][FAILED] - a3 = getText(findTestObject("Выполнение бизнес-плана/table")): Unable to get text of object 'Object Repository/Выполнение бизнес-плана/table' (Root cause: com.kms.katalon.core.exception.StepFailedException: Unable to get text of object 'Object Repository/Выполнение бизнес-плана/table'
	at com.kms.katalon.core.webui.keyword.internal.WebUIKeywordMain.stepFailed(WebUIKeywordMain.groovy:64)
	at com.kms.katalon.core.webui.keyword.internal.WebUIKeywordMain.runKeyword(WebUIKeywordMain.groovy:26)
	at com.kms.katalon.core.webui.keyword.builtin.GetTextKeyword.getText(GetTextKeyword.groovy:88)
	at com.kms.katalon.core.webui.keyword.builtin.GetTextKeyword.execute(GetTextKeyword.groovy:67)
	at com.kms.katalon.core.keyword.internal.KeywordExecutor.executeKeywordForPlatform(KeywordExecutor.groovy:74)
	at com.kms.katalon.core.webui.keyword.WebUiBuiltInKeywords.getText(WebUiBuiltInKeywords.groovy:957)
	at Блок руководителя сверка дашбордов под разными учётками.VipolnenieBiznesPlana(Блок руководителя сверка дашбордов под разными учётками:278)
	at Блок руководителя сверка дашбордов под разными учётками.run(Блок руководителя сверка дашбордов под разными учётками:52)
	at com.kms.katalon.core.main.ScriptEngine.run(ScriptEngine.java:194)
	at com.kms.katalon.core.main.ScriptEngine.runScriptAsRawText(ScriptEngine.java:119)
	at com.kms.katalon.core.main.TestCaseExecutor.runScript(TestCaseExecutor.java:448)
	at com.kms.katalon.core.main.TestCaseExecutor.doExecute(TestCaseExecutor.java:439)
	at com.kms.katalon.core.main.TestCaseExecutor.processExecutionPhase(TestCaseExecutor.java:418)
	at com.kms.katalon.core.main.TestCaseExecutor.accessMainPhase(TestCaseExecutor.java:410)
	at com.kms.katalon.core.main.TestCaseExecutor.execute(TestCaseExecutor.java:285)
	at com.kms.katalon.core.common.CommonExecutor.accessTestCaseMainPhase(CommonExecutor.java:65)
	at com.kms.katalon.core.main.TestSuiteExecutor.accessTestSuiteMainPhase(TestSuiteExecutor.java:150)
	at com.kms.katalon.core.main.TestSuiteExecutor.execute(TestSuiteExecutor.java:106)
	at com.kms.katalon.core.main.TestCaseMain.startTestSuite(TestCaseMain.java:180)
	at TempTestSuite1742171011514.run(TempTestSuite1742171011514.groovy:35)
	at java.base/jdk.internal.reflect.NativeMethodAccessorImpl.invoke0(Native Method)
	at java.base/jdk.internal.reflect.NativeMethodAccessorImpl.invoke(NativeMethodAccessorImpl.java:77)
	at java.base/jdk.internal.reflect.DelegatingMethodAccessorImpl.invoke(DelegatingMethodAccessorImpl.java:43)
Caused by: com.kms.katalon.core.webui.exception.WebElementNotFoundException: Web element with id: 'Object Repository/Выполнение бизнес-плана/table' located by '//div[@id='grid-25be55ef81e941d9a5e47136b644a838']' not found
	at com.kms.katalon.core.webui.common.WebUiCommonHelper.findWebElement(WebUiCommonHelper.java:1426)
	at com.kms.katalon.core.webui.keyword.internal.WebUIAbstractKeyword.findWebElement(WebUIAbstractKeyword.groovy:27)
	at com.kms.katalon.core.webui.keyword.internal.WebUIAbstractKeyword.findWebElement(WebUIAbstractKeyword.groovy:26)
	at com.kms.katalon.core.webui.keyword.builtin.GetTextKeyword$_getText_closure1.doCall(GetTextKeyword.groovy:78)
	at com.kms.katalon.core.webui.keyword.builtin.GetTextKeyword$_getText_closure1.call(GetTextKeyword.groovy)
	at com.kms.katalon.core.webui.keyword.internal.WebUIKeywordMain.runKeyword(WebUIKeywordMain.groovy:20)
	at com.kms.katalon.core.webui.keyword.builtin.GetTextKeyword.getText(GetTextKeyword.groovy:88)
	at com.kms.katalon.core.webui.keyword.builtin.GetTextKeyword.execute(GetTextKeyword.groovy:67)
	at com.kms.katalon.core.keyword.internal.KeywordExecutor.executeKeywordForPlatform(KeywordExecutor.groovy:74)
	at com.kms.katalon.core.webui.keyword.WebUiBuiltInKeywords.getText(WebUiBuiltInKeywords.groovy:957)
	at Script1686231490255.VipolnenieBiznesPlana(Script1686231490255.groovy:278)
	at Script1686231490255.run(Script1686231490255.groovy:52)
	... 15 more
)

17-03-2025T03:32:06 - [MESSAGE][INFO] - Unable to find the element located by 'By.xpath: //div[@id='grid-25be55ef81e941d9a5e47136b644a838']'. Please recheck the objects properties to make sure the desired element is located. 

17-03-2025T03:32:06 - [MESSAGE][FAILED] - Unable to get text of object 'Object Repository/Выполнение бизнес-плана/table' (Root cause: com.kms.katalon.core.exception.StepFailedException: Unable to get text of object 'Object Repository/Выполнение бизнес-плана/table'
	at com.kms.katalon.core.webui.keyword.internal.WebUIKeywordMain.stepFailed(WebUIKeywordMain.groovy:64)
	at com.kms.katalon.core.webui.keyword.internal.WebUIKeywordMain.runKeyword(WebUIKeywordMain.groovy:26)
	at com.kms.katalon.core.webui.keyword.builtin.GetTextKeyword.getText(GetTextKeyword.groovy:88)
	at com.kms.katalon.core.webui.keyword.builtin.GetTextKeyword.execute(GetTextKeyword.groovy:67)
	at com.kms.katalon.core.keyword.internal.KeywordExecutor.executeKeywordForPlatform(KeywordExecutor.groovy:74)
	at com.kms.katalon.core.webui.keyword.WebUiBuiltInKeywords.getText(WebUiBuiltInKeywords.groovy:957)
	at Блок руководителя сверка дашбордов под разными учётками.VipolnenieBiznesPlana(Блок руководителя сверка дашбордов под разными учётками:278)
	at Блок руководителя сверка дашбордов под разными учётками.run(Блок руководителя сверка дашбордов под разными учётками:52)
	at com.kms.katalon.core.main.ScriptEngine.run(ScriptEngine.java:194)
	at com.kms.katalon.core.main.ScriptEngine.runScriptAsRawText(ScriptEngine.java:119)
	at com.kms.katalon.core.main.TestCaseExecutor.runScript(TestCaseExecutor.java:448)
	at com.kms.katalon.core.main.TestCaseExecutor.doExecute(TestCaseExecutor.java:439)
	at com.kms.katalon.core.main.TestCaseExecutor.processExecutionPhase(TestCaseExecutor.java:418)
	at com.kms.katalon.core.main.TestCaseExecutor.accessMainPhase(TestCaseExecutor.java:410)
	at com.kms.katalon.core.main.TestCaseExecutor.execute(TestCaseExecutor.java:285)
	at com.kms.katalon.core.common.CommonExecutor.accessTestCaseMainPhase(CommonExecutor.java:65)
	at com.kms.katalon.core.main.TestSuiteExecutor.accessTestSuiteMainPhase(TestSuiteExecutor.java:150)
	at com.kms.katalon.core.main.TestSuiteExecutor.execute(TestSuiteExecutor.java:106)
	at com.kms.katalon.core.main.TestCaseMain.startTestSuite(TestCaseMain.java:180)
	at TempTestSuite1742171011514.run(TempTestSuite1742171011514.groovy:35)
	at java.base/jdk.internal.reflect.NativeMethodAccessorImpl.invoke0(Native Method)
	at java.base/jdk.internal.reflect.NativeMethodAccessorImpl.invoke(NativeMethodAccessorImpl.java:77)
	at java.base/jdk.internal.reflect.DelegatingMethodAccessorImpl.invoke(DelegatingMethodAccessorImpl.java:43)
Caused by: com.kms.katalon.core.webui.exception.WebElementNotFoundException: Web element with id: 'Object Repository/Выполнение бизнес-плана/table' located by '//div[@id='grid-25be55ef81e941d9a5e47136b644a838']' not found
	at com.kms.katalon.core.webui.common.WebUiCommonHelper.findWebElement(WebUiCommonHelper.java:1426)
	at com.kms.katalon.core.webui.keyword.internal.WebUIAbstractKeyword.findWebElement(WebUIAbstractKeyword.groovy:27)
	at com.kms.katalon.core.webui.keyword.internal.WebUIAbstractKeyword.findWebElement(WebUIAbstractKeyword.groovy:26)
	at com.kms.katalon.core.webui.keyword.builtin.GetTextKeyword$_getText_closure1.doCall(GetTextKeyword.groovy:78)
	at com.kms.katalon.core.webui.keyword.builtin.GetTextKeyword$_getText_closure1.call(GetTextKeyword.groovy)
	at com.kms.katalon.core.webui.keyword.internal.WebUIKeywordMain.runKeyword(WebUIKeywordMain.groovy:20)
	at com.kms.katalon.core.webui.keyword.builtin.GetTextKeyword.getText(GetTextKeyword.groovy:88)
	at com.kms.katalon.core.webui.keyword.builtin.GetTextKeyword.execute(GetTextKeyword.groovy:67)
	at com.kms.katalon.core.keyword.internal.KeywordExecutor.executeKeywordForPlatform(KeywordExecutor.groovy:74)
	at com.kms.katalon.core.webui.keyword.WebUiBuiltInKeywords.getText(WebUiBuiltInKeywords.groovy:957)
	at Script1686231490255.VipolnenieBiznesPlana(Script1686231490255.groovy:278)
	at Script1686231490255.run(Script1686231490255.groovy:52)
	... 15 more
)
[[ATTACHMENT|C:\\Users\\LIAZGINA-DI\\git\\SPORU\\Reports\\20250317_032331\\\u041F\u043D-\u0421\u0440-\u041F\u0442\\\u0421\u0432\u0435\u0440\u043A\u0430 \u0434\u0430\u0448\u0431\u043E\u0440\u0434\u043E\u0432 \u0438\u0437 \u0440\u0430\u0437\u043D\u044B\u0445 \u0431\u043B\u043E\u043A\u043E\u0432\\20250317_032331\\1742171526328.png]]

17-03-2025T03:32:06 - [TEST_STEP][PASSED] - a4 = getText(findTestObject("Выполнение бизнес-плана/Список ДЗО")): Text of object 'Object Repository/Выполнение бизнес-плана/Список ДЗО' is: '-0.01
-0.92
-0.43
-2.42
-0.30
-0.28
-1.44
-2.45
Россети ФСК ЕЭС
Россети Волга
Россети Московский регион
Россети Северо-Запад
Россети Томск
Россети Урал (ГК)
Россети Юг (ГК)
Россети Янтарь
-4
-2
0
2
4
6
8'

17-03-2025T03:32:06 - [MESSAGE][PASSED] - Text of object 'Object Repository/Выполнение бизнес-плана/Список ДЗО' is: '-0.01
-0.92
-0.43
-2.42
-0.30
-0.28
-1.44
-2.45
Россети ФСК ЕЭС
Россети Волга
Россети Московский регион
Россети Северо-Запад
Россети Томск
Россети Урал (ГК)
Россети Юг (ГК)
Россети Янтарь
-4
-2
0
2
4
6
8'

17-03-2025T03:32:06 - [TEST_STEP][PASSED] - a5 = getText(findTestObject("Выполнение бизнес-плана/svg1")): Text of object 'Object Repository/Выполнение бизнес-плана/svg1' is: '%
5.47 5.47
8.25 8.25
План
Факт
1
100'

17-03-2025T03:32:07 - [MESSAGE][PASSED] - Text of object 'Object Repository/Выполнение бизнес-плана/svg1' is: '%
5.47 5.47
8.25 8.25
План
Факт
1
100'

17-03-2025T03:32:07 - [TEST_STEP][PASSED] - a6 = getText(findTestObject("Выполнение бизнес-плана/svg2")): Text of object 'Object Repository/Выполнение бизнес-плана/svg2' is: 'п.п.
2.78
Итого
0
1
2
3'

17-03-2025T03:32:07 - [MESSAGE][PASSED] - Text of object 'Object Repository/Выполнение бизнес-плана/svg2' is: 'п.п.
2.78
Итого
0
1
2
3'

17-03-2025T03:32:07 - [TEST_STEP][PASSED] - a7 = getText(findTestObject("Выполнение бизнес-плана/Значения со страницы Выполнение бизнес-плана/Факт Отпуск в сеть за отчётный период ПАО Россети")): Text of object 'Object Repository/Выполнение бизнес-плана/Значения со страницы Выполнение бизнес-плана/Факт Отпуск в сеть за отчётный период ПАО Россети' is: '53 251 393'

17-03-2025T03:32:07 - [MESSAGE][PASSED] - Text of object 'Object Repository/Выполнение бизнес-плана/Значения со страницы Выполнение бизнес-плана/Факт Отпуск в сеть за отчётный период ПАО Россети' is: '53 251 393'

17-03-2025T03:32:07 - [TEST_STEP][PASSED] - a8 = getText(findTestObject("Выполнение бизнес-плана/Значения со страницы Выполнение бизнес-плана/Факт Отпуск из сети за отчётный период ПАО Россети")): Text of object 'Object Repository/Выполнение бизнес-плана/Значения со страницы Выполнение бизнес-плана/Факт Отпуск из сети за отчётный период ПАО Россети' is: '48 860 625'

17-03-2025T03:32:08 - [MESSAGE][PASSED] - Text of object 'Object Repository/Выполнение бизнес-плана/Значения со страницы Выполнение бизнес-плана/Факт Отпуск из сети за отчётный период ПАО Россети' is: '48 860 625'

17-03-2025T03:32:08 - [TEST_STEP][PASSED] - a9 = getText(findTestObject("Выполнение бизнес-плана/Значения со страницы Выполнение бизнес-плана/Факт Потери за отчётный период ПАО Россети")): Text of object 'Object Repository/Выполнение бизнес-плана/Значения со страницы Выполнение бизнес-плана/Факт Потери за отчётный период ПАО Россети' is: '4 390 768'

17-03-2025T03:32:08 - [MESSAGE][PASSED] - Text of object 'Object Repository/Выполнение бизнес-плана/Значения со страницы Выполнение бизнес-плана/Факт Потери за отчётный период ПАО Россети' is: '4 390 768'

17-03-2025T03:32:08 - [TEST_STEP][PASSED] - Script1686231490255.WriteToExcel(user, dashboardName, n, data, run, a1, a2, a3, a4, a5, a6, a7, a8, a9): null

17-03-2025T03:32:08 - [TEST_STEP][PASSED] - sheetName = "Sheet1": null

17-03-2025T03:32:08 - [TEST_STEP][PASSED] - workbook01 = getWorkbook(excelFilePath): null

17-03-2025T03:32:08 - [TEST_STEP][PASSED] - sheet01 = getExcelSheet(workbook01, sheetName): null

17-03-2025T03:32:08 - [TEST_STEP][PASSED] - setValueToCellByIndex(sheet01, n, 0, dashboardName): null

17-03-2025T03:32:08 - [TEST_STEP][PASSED] - setValueToCellByIndex(sheet01, n, 10, user): null

17-03-2025T03:32:08 - [TEST_STEP][PASSED] - setValueToCellByIndex(sheet01, n, 1, a1): null

17-03-2025T03:32:08 - [TEST_STEP][PASSED] - setValueToCellByIndex(sheet01, n, 2, a2): null

17-03-2025T03:32:08 - [TEST_STEP][PASSED] - setValueToCellByIndex(sheet01, n, 3, a3): null

17-03-2025T03:32:08 - [TEST_STEP][PASSED] - setValueToCellByIndex(sheet01, n, 4, a4): null

17-03-2025T03:32:08 - [TEST_STEP][PASSED] - setValueToCellByIndex(sheet01, n, 5, a5): null

17-03-2025T03:32:08 - [TEST_STEP][PASSED] - setValueToCellByIndex(sheet01, n, 6, a6): null

17-03-2025T03:32:08 - [TEST_STEP][PASSED] - setValueToCellByIndex(sheet01, n, 7, a7): null

17-03-2025T03:32:08 - [TEST_STEP][PASSED] - setValueToCellByIndex(sheet01, n, 8, a8): null

17-03-2025T03:32:08 - [TEST_STEP][PASSED] - setValueToCellByIndex(sheet01, n, 9, a9): null

17-03-2025T03:32:08 - [TEST_STEP][PASSED] - n = n + 1: null

17-03-2025T03:32:08 - [TEST_STEP][PASSED] - saveWorkbook(excelFilePath, workbook01): null

17-03-2025T03:32:09 - [TEST_STEP][PASSED] - if (run == 2): null

17-03-2025T03:32:09 - [TEST_STEP][PASSED] - if (run == 3): null

17-03-2025T03:32:09 - [TEST_STEP][PASSED] - closeBrowser(): null

17-03-2025T03:32:09 - [MESSAGE][PASSED] - Browser is closed

17-03-2025T03:32:09 - [TEST_STEP][PASSED] - VipolnenieBiznesPlana(user, dashboardName, n, data, run, a1, a2, a3, a4, a5, a6, a7, a8, a9, urlData): null

17-03-2025T03:32:09 - [TEST_STEP][PASSED] - n = data.getRowNumbers() + 1: null

17-03-2025T03:32:09 - [TEST_STEP][PASSED] - println(n): null

17-03-2025T03:32:09 - [TEST_STEP][PASSED] - dashboardName = "Выполнение бизнес-плана": null

17-03-2025T03:32:09 - [TEST_STEP][PASSED] - openBrowser(""): Browser is opened with url: ''

17-03-2025T03:32:09 - [MESSAGE][INFO] - Starting 'Chrome' driver

17-03-2025T03:32:09 - [MESSAGE][INFO] - Action delay is set to 0 milliseconds

17-03-2025T03:32:10 - [MESSAGE][PASSED] - Browser is opened with url: ''

17-03-2025T03:32:10 - [TEST_STEP][PASSED] - urlData = 1: null

17-03-2025T03:32:10 - [TEST_STEP][PASSED] - Script1686231490255.CheckPageDownload(urlData, run): null

17-03-2025T03:32:10 - [TEST_STEP][PASSED] - i = 1: null

17-03-2025T03:32:10 - [TEST_STEP][PASSED] - ii = 0: null

17-03-2025T03:32:10 - [TEST_STEP][PASSED] - urlText = <not implemented yet for class: org.codehaus.groovy.ast.expr.EmptyExpression>: null

17-03-2025T03:32:10 - [TEST_STEP][PASSED] - searchWord = <not implemented yet for class: org.codehaus.groovy.ast.expr.EmptyExpression>: null

17-03-2025T03:32:10 - [TEST_STEP][PASSED] - deleteAllCookies(): Delete all cookies successfully

17-03-2025T03:32:10 - [MESSAGE][PASSED] - Delete all cookies successfully

17-03-2025T03:32:10 - [TEST_STEP][PASSED] - refresh(): Refresh successfully

17-03-2025T03:32:10 - [MESSAGE][PASSED] - Refresh successfully

17-03-2025T03:32:10 - [TEST_STEP][PASSED] - delay(70): Delayed 70 second(s)

17-03-2025T03:33:20 - [MESSAGE][PASSED] - Delayed 70 second(s)

17-03-2025T03:33:20 - [TEST_STEP][PASSED] - navigateToUrl(findTestData("PlanFact").getValue(10, urlData)): Navigate to 'https://bi.rosseti.digital/viewer?dashboardGuid=d154a8eaf6824e2b9de1bb04dd061c18&sheetGuid=1305e8ce744049e1abdacea1ea397a26&fit=true' successfully

17-03-2025T03:33:27 - [MESSAGE][PASSED] - Navigate to 'https://bi.rosseti.digital/viewer?dashboardGuid=d154a8eaf6824e2b9de1bb04dd061c18&sheetGuid=1305e8ce744049e1abdacea1ea397a26&fit=true' successfully

17-03-2025T03:33:27 - [TEST_STEP][PASSED] - pageLoaded1 = verifyElementPresent(findTestObject("Страница авторизации/Text"), 30): Object 'Object Repository/Страница авторизации/Text' is present

17-03-2025T03:33:28 - [MESSAGE][PASSED] - Object 'Object Repository/Страница авторизации/Text' is present

17-03-2025T03:33:28 - [TEST_STEP][PASSED] - if (pageLoaded1 == false): null

17-03-2025T03:33:28 - [TEST_STEP][PASSED] - urlText = getText(findTestObject("Страница авторизации/Text")): Text of object 'Object Repository/Страница авторизации/Text' is: 'Вход'

17-03-2025T03:33:28 - [MESSAGE][PASSED] - Text of object 'Object Repository/Страница авторизации/Text' is: 'Вход'

17-03-2025T03:33:28 - [TEST_STEP][PASSED] - delay(70): Delayed 70 second(s)

17-03-2025T03:34:38 - [MESSAGE][PASSED] - Delayed 70 second(s)

17-03-2025T03:34:38 - [TEST_STEP][PASSED] - searchWord = "Вход": null

17-03-2025T03:34:38 - [TEST_STEP][PASSED] - if (urlText.contains(searchWord) == false): null

17-03-2025T03:34:38 - [TEST_STEP][PASSED] - setText(findTestObject("Страница авторизации/input__username"), findTestData("PlanFact").getValue(8, run)): Text 'Andreeva-EV' is set on object 'Object Repository/Страница авторизации/input__username'

17-03-2025T03:34:39 - [MESSAGE][PASSED] - Text 'Andreeva-EV' is set on object 'Object Repository/Страница авторизации/input__username'

17-03-2025T03:34:39 - [TEST_STEP][PASSED] - setText(findTestObject("Страница авторизации/input__password"), findTestData("PlanFact").getValue(9, run)): Text '2nPePKDwCPH3ul7xMZ' is set on object 'Object Repository/Страница авторизации/input__password'

17-03-2025T03:34:40 - [MESSAGE][PASSED] - Text '2nPePKDwCPH3ul7xMZ' is set on object 'Object Repository/Страница авторизации/input__password'

17-03-2025T03:34:40 - [TEST_STEP][PASSED] - click(findTestObject("Страница авторизации/button_")): Object: 'Object Repository/Страница авторизации/button_' is clicked on

17-03-2025T03:34:41 - [MESSAGE][PASSED] - Object: 'Object Repository/Страница авторизации/button_' is clicked on

17-03-2025T03:34:41 - [TEST_STEP][PASSED] - delay(70): Delayed 70 second(s)

17-03-2025T03:35:51 - [MESSAGE][PASSED] - Delayed 70 second(s)

17-03-2025T03:35:51 - [TEST_STEP][PASSED] - searchWord = "а": null

17-03-2025T03:35:51 - [TEST_STEP][PASSED] - pageLoaded2 = verifyElementPresent(findTestObject("Страница авторизации/Text"), 50): Object 'Object Repository/Страница авторизации/Text' is present

17-03-2025T03:35:52 - [MESSAGE][PASSED] - Object 'Object Repository/Страница авторизации/Text' is present

17-03-2025T03:35:52 - [TEST_STEP][PASSED] - if (pageLoaded2 == false): null

17-03-2025T03:35:52 - [TEST_STEP][PASSED] - urlText = getText(findTestObject("Страница авторизации/Text")): Text of object 'Object Repository/Страница авторизации/Text' is: 'ДЗО 
ПАО Россети
Период
Январь 2025 года
Отклонения фактического уровня потерь от бизнес-плана, п.п.
-0.01
-0.92
-0.43
-2.42
-0.30
-0.28
-1.44
-2.45
Россети ФСК ЕЭС
Россети Волга
Россети Московский регион
Россети Северо-Запад
Россети Томск
Россети Урал (ГК)
Россети Юг (ГК)
Россети Янтарь
-4
-2
0
2
4
6
8

Уровень потерь электроэнергии
Россети ФСК ЕЭС
Россети Волга
Россети Московский регион
Россети Северо-Запад
Россети Томск
Россети Урал (ГК)
Россети Юг (ГК)
Россети Янтарь
0
10
20
30
40
50
60
70
4.01
|
6.39
|
9.74
|
7.39
|
11.82
|
7.40
|
10.84
|
12.35
|
4.00
5.47
9.32
4.97
11.52
7.12
9.40
9.90
п.п.
2.78
Итого
0
1
2
3
%
5.47 5.47
8.25 8.25
План
Факт
1
100

● Бизнес-план выполнен● ●● Превышение бизнес-плана
Отклонения фактического уровня потерь от бизнес-плана за 3 месяца (нарастающим итогом), п.п.
-0.2-0.2
-8.3-8.3
3.13.1
-0.4-0.4
-0.6-0.6
-0.0-0.0
0.20.2
3.93.9
-0.4-0.4
-8.8-8.8
-0.0-0.0
0.20.2
-0.2-0.2
-0.5-0.5
-0.3-0.3
-0.5-0.5
-0.1-0.1
-0.2-0.2
-8.4-8.4
2.92.9
-0.4-0.4
-0.5-0.5
-0.0-0.0
0.20.2
3.83.8
-0.3-0.3
-7.9-7.9
-0.0-0.0
0.20.2
-0.2-0.2
-0.5-0.5
-0.2-0.2
-0.3-0.3
-0.1-0.1
-0.0-0.0
-0.9-0.9
-0.4-0.4
-2.4-2.4
-0.3-0.3
-0.3-0.3
-1.4-1.4
-2.4-2.4
Россети ФСКЕЭС
АО«Тываэнерго»
АО«Чеченэнерго»
Россети Волга
РоссетиКубань
РоссетиЛенэнерго(ГК)
РоссетиМосковскийрегион
РоссетиСеверныйКавказ (ГК)
Россети Северо-Запад
Россети Сибирь(ГК)
Россети Томск
Россети Тюмень
Россети Урал(ГК)
Россети Центр
Россети Центри Приволжье(ГК)
Россети Юг (Г…
РоссетиЯнтарь
-10
0
10
п.п.
Отклонения фактического уровня потерь от бизнес-плана за 3 месяца (нарастающим итогом)
-0.2-0.2
-1.5-1.5
-0.1-0.1
-0.6-0.6
-95.8-95.8
-0.0-0.0
-0.7-0.7
1.31.3
-0.5-0.5
-0.2-0.2
-90.8-90.8
0.10.1
-0.4-0.4
0.10.1
0.00.0
-0.1-0.1
-0.2-0.2
-0.3-0.3
-0.6-0.6
-0.1-0.1
-0.0-0.0
-1.2-1.2
-89.4-89.4
-0.5-0.5
-90.2-90.2
-0.4-0.4
-1.0-1.0
-0.0-0.0
-0.7-0.7
-80.6-80.6
-1.0-1.0
-0.4-0.4
-0.1-0.1
-0.2-0.2
-0.8-0.8
-1.0-1.0
-0.2-0.2
-0.5-0.5
-1.2-1.2
0.00.0
-7.3-7.3
-0.0-0.0
-0.3-0.3
-1.3-1.3
-0.2-0.2
-0.5-0.5
-43.5-43.5
-1.0-1.0
-0.0-0.0
1.21.2
1.51.5
-0.7-0.7
1.21.2
-0.5-0.5
0.50.5
-0.2-0.2
0.10.1
-40.4-40.4
0.70.7
-0.0-0.0
-0.4-0.4
-0.0-0.0
-0.1-0.1
0.20.2
-0.1-0.1
-0.1-0.1
-0.4-0.4
-0.4-0.4
-0.6-0.6
-1.9-1.9
0.00.0
-0.6-0.6
1.21.2
0.70.7
-0.0-0.0
2.72.7
0.40.4
-1.3-1.3
-44.7-44.7
-0.4-0.4
-37.3-37.3
-0.7-0.7
2.32.3
-0.9-0.9
-0.0-0.0
-0.4-0.4
-39.6-39.6
-0.4-0.4
1.91.9
1.31.3
9.99.9
-0.7-0.7
-0.4-0.4
-0.6-0.6
-0.1-0.1
0.10.1
-1.3-1.3
0.90.9
0.90.9
2.12.1
-0.8-0.8
-0.8-0.8
-0.3-0.3
9.99.9
0.50.5
10.310.3
Итого по ФС…
Каббалкэнерго
Калмэнерго
Калугаэнерго
Карачаево-Черкесскэнерго
Карельский филиал
Кировэнерго
Костромаэнерго
Красноярскэнерго
Кубаньэнерго
Кузбассэнерго-РЭС
Курскэнерго
Ленинградская область
Липецкэнерго
Мариэнерго
Мордовэнерго
Московская область
Мурманский филиал
Нижновэнерго
Новгородский филиал
ООО «БрянскЭлектро»
Омскэнерго
Орелэнерго
Оренбургэнерго
Пензаэнерго
Пермэнерго
Псковский филиал
Россети Тюмень
Россети Янтарь
Ростовэнерго
Рязаньэнерго
Самарские РС
Саратовские РС
Свердловэнерго
Севкавказэнерго
Смоленскэнерго
Ставропольэнерго
Тамбовэнерго
Тверьэнерго
Томская распределительная компания
Тулэнерго
Удмуртэнерго
Ульяновские РС
Хакасэнерго
Челябэнерго
Читаэнерго
Чувашэнерго
Ярэнерго
г. Москва
г. Санкт-Петербург
филиал в Республике Коми
АО "Тываэнерго"
АО «ВМЭС»
АО «Воронежская горэлектросеть»
АО «Тульские городские электрические сети»
АО «Чеченэнерго»
АО «Ярославская электросетевая компания»
АО ЕЭСК
Алтайэнерго
Архангельский филиал
Астраханьэнерго
Белгородэнерго
Брянскэнерго
Бурятэнерго
Владимирэнерго
Волгоградэнерго
Вологодский филиал
Воронежэнерго
Дагэнерго
Ивэнерго
Ингушэнерго
-180
60

Статус данных
Просьба обратить внимание
— все данные не занесены
Факт
План
Итого – Факт
Отпуск в сеть 53 251 393
Отпуск из сети 48 860 625
Потери 4 390 768
Итого – План
Отпуск в сеть 88 391 519
Отпуск из сети 83 558 270
Потери 4 833 249
Выполнение бизнес-плана в части показателя «Уровень потерь электроэнергии»
Показатели баланса электроэнергии по ДЗО – Факт 
57 256 396 3 856 981 9 778 647 3 075 072 476 306 6 843 010 3 467 484 462 838
55 054 236 3 645 880 8 867 734 2 922 288 421 425 6 355 760 3 141 633 417 011
2 202 160 211 102 910 913 152 783 54 881 487 250 325 852 45 827
Показатели баланса электроэнергии по ДЗО – План
58 806 842 4 033 660 10 346 741 3 272 134 504 635 7 177 213 3 760 351 489 942
56 540 011 3 775 836 9 338 688 3 030 349 444 962 6 646 123 3 352 866 429 434
2 266 831 257 824 1 008 053 241 785 59 673 531 090 407 485 60 508'

17-03-2025T03:35:54 - [MESSAGE][PASSED] - Text of object 'Object Repository/Страница авторизации/Text' is: 'ДЗО 
ПАО Россети
Период
Январь 2025 года
Отклонения фактического уровня потерь от бизнес-плана, п.п.
-0.01
-0.92
-0.43
-2.42
-0.30
-0.28
-1.44
-2.45
Россети ФСК ЕЭС
Россети Волга
Россети Московский регион
Россети Северо-Запад
Россети Томск
Россети Урал (ГК)
Россети Юг (ГК)
Россети Янтарь
-4
-2
0
2
4
6
8

Уровень потерь электроэнергии
Россети ФСК ЕЭС
Россети Волга
Россети Московский регион
Россети Северо-Запад
Россети Томск
Россети Урал (ГК)
Россети Юг (ГК)
Россети Янтарь
0
10
20
30
40
50
60
70
4.01
|
6.39
|
9.74
|
7.39
|
11.82
|
7.40
|
10.84
|
12.35
|
4.00
5.47
9.32
4.97
11.52
7.12
9.40
9.90
п.п.
2.78
Итого
0
1
2
3
%
5.47 5.47
8.25 8.25
План
Факт
1
100

● Бизнес-план выполнен● ●● Превышение бизнес-плана
Отклонения фактического уровня потерь от бизнес-плана за 3 месяца (нарастающим итогом), п.п.
-0.2-0.2
-8.3-8.3
3.13.1
-0.4-0.4
-0.6-0.6
-0.0-0.0
0.20.2
3.93.9
-0.4-0.4
-8.8-8.8
-0.0-0.0
0.20.2
-0.2-0.2
-0.5-0.5
-0.3-0.3
-0.5-0.5
-0.1-0.1
-0.2-0.2
-8.4-8.4
2.92.9
-0.4-0.4
-0.5-0.5
-0.0-0.0
0.20.2
3.83.8
-0.3-0.3
-7.9-7.9
-0.0-0.0
0.20.2
-0.2-0.2
-0.5-0.5
-0.2-0.2
-0.3-0.3
-0.1-0.1
-0.0-0.0
-0.9-0.9
-0.4-0.4
-2.4-2.4
-0.3-0.3
-0.3-0.3
-1.4-1.4
-2.4-2.4
Россети ФСКЕЭС
АО«Тываэнерго»
АО«Чеченэнерго»
Россети Волга
РоссетиКубань
РоссетиЛенэнерго(ГК)
РоссетиМосковскийрегион
РоссетиСеверныйКавказ (ГК)
Россети Северо-Запад
Россети Сибирь(ГК)
Россети Томск
Россети Тюмень
Россети Урал(ГК)
Россети Центр
Россети Центри Приволжье(ГК)
Россети Юг (Г…
РоссетиЯнтарь
-10
0
10
п.п.
Отклонения фактического уровня потерь от бизнес-плана за 3 месяца (нарастающим итогом)
-0.2-0.2
-1.5-1.5
-0.1-0.1
-0.6-0.6
-95.8-95.8
-0.0-0.0
-0.7-0.7
1.31.3
-0.5-0.5
-0.2-0.2
-90.8-90.8
0.10.1
-0.4-0.4
0.10.1
0.00.0
-0.1-0.1
-0.2-0.2
-0.3-0.3
-0.6-0.6
-0.1-0.1
-0.0-0.0
-1.2-1.2
-89.4-89.4
-0.5-0.5
-90.2-90.2
-0.4-0.4
-1.0-1.0
-0.0-0.0
-0.7-0.7
-80.6-80.6
-1.0-1.0
-0.4-0.4
-0.1-0.1
-0.2-0.2
-0.8-0.8
-1.0-1.0
-0.2-0.2
-0.5-0.5
-1.2-1.2
0.00.0
-7.3-7.3
-0.0-0.0
-0.3-0.3
-1.3-1.3
-0.2-0.2
-0.5-0.5
-43.5-43.5
-1.0-1.0
-0.0-0.0
1.21.2
1.51.5
-0.7-0.7
1.21.2
-0.5-0.5
0.50.5
-0.2-0.2
0.10.1
-40.4-40.4
0.70.7
-0.0-0.0
-0.4-0.4
-0.0-0.0
-0.1-0.1
0.20.2
-0.1-0.1
-0.1-0.1
-0.4-0.4
-0.4-0.4
-0.6-0.6
-1.9-1.9
0.00.0
-0.6-0.6
1.21.2
0.70.7
-0.0-0.0
2.72.7
0.40.4
-1.3-1.3
-44.7-44.7
-0.4-0.4
-37.3-37.3
-0.7-0.7
2.32.3
-0.9-0.9
-0.0-0.0
-0.4-0.4
-39.6-39.6
-0.4-0.4
1.91.9
1.31.3
9.99.9
-0.7-0.7
-0.4-0.4
-0.6-0.6
-0.1-0.1
0.10.1
-1.3-1.3
0.90.9
0.90.9
2.12.1
-0.8-0.8
-0.8-0.8
-0.3-0.3
9.99.9
0.50.5
10.310.3
Итого по ФС…
Каббалкэнерго
Калмэнерго
Калугаэнерго
Карачаево-Черкесскэнерго
Карельский филиал
Кировэнерго
Костромаэнерго
Красноярскэнерго
Кубаньэнерго
Кузбассэнерго-РЭС
Курскэнерго
Ленинградская область
Липецкэнерго
Мариэнерго
Мордовэнерго
Московская область
Мурманский филиал
Нижновэнерго
Новгородский филиал
ООО «БрянскЭлектро»
Омскэнерго
Орелэнерго
Оренбургэнерго
Пензаэнерго
Пермэнерго
Псковский филиал
Россети Тюмень
Россети Янтарь
Ростовэнерго
Рязаньэнерго
Самарские РС
Саратовские РС
Свердловэнерго
Севкавказэнерго
Смоленскэнерго
Ставропольэнерго
Тамбовэнерго
Тверьэнерго
Томская распределительная компания
Тулэнерго
Удмуртэнерго
Ульяновские РС
Хакасэнерго
Челябэнерго
Читаэнерго
Чувашэнерго
Ярэнерго
г. Москва
г. Санкт-Петербург
филиал в Республике Коми
АО "Тываэнерго"
АО «ВМЭС»
АО «Воронежская горэлектросеть»
АО «Тульские городские электрические сети»
АО «Чеченэнерго»
АО «Ярославская электросетевая компания»
АО ЕЭСК
Алтайэнерго
Архангельский филиал
Астраханьэнерго
Белгородэнерго
Брянскэнерго
Бурятэнерго
Владимирэнерго
Волгоградэнерго
Вологодский филиал
Воронежэнерго
Дагэнерго
Ивэнерго
Ингушэнерго
-180
60

Статус данных
Просьба обратить внимание
— все данные не занесены
Факт
План
Итого – Факт
Отпуск в сеть 53 251 393
Отпуск из сети 48 860 625
Потери 4 390 768
Итого – План
Отпуск в сеть 88 391 519
Отпуск из сети 83 558 270
Потери 4 833 249
Выполнение бизнес-плана в части показателя «Уровень потерь электроэнергии»
Показатели баланса электроэнергии по ДЗО – Факт 
57 256 396 3 856 981 9 778 647 3 075 072 476 306 6 843 010 3 467 484 462 838
55 054 236 3 645 880 8 867 734 2 922 288 421 425 6 355 760 3 141 633 417 011
2 202 160 211 102 910 913 152 783 54 881 487 250 325 852 45 827
Показатели баланса электроэнергии по ДЗО – План
58 806 842 4 033 660 10 346 741 3 272 134 504 635 7 177 213 3 760 351 489 942
56 540 011 3 775 836 9 338 688 3 030 349 444 962 6 646 123 3 352 866 429 434
2 266 831 257 824 1 008 053 241 785 59 673 531 090 407 485 60 508'

17-03-2025T03:35:54 - [TEST_STEP][PASSED] - if (urlText.contains("ошибка") || urlText.contains(searchWord) == false): null

17-03-2025T03:35:54 - [TEST_STEP][PASSED] - Script1686231490255.ZakrytOpoveshenie(): null

17-03-2025T03:35:54 - [TEST_STEP][PASSED] - opoveshenie = getText(findTestObject("Выполнение бизнес-плана/Просьба обратить внимание")): Text of object 'Object Repository/Выполнение бизнес-плана/Просьба обратить внимание' is: 'Просьба обратить внимание'

17-03-2025T03:35:54 - [MESSAGE][PASSED] - Text of object 'Object Repository/Выполнение бизнес-плана/Просьба обратить внимание' is: 'Просьба обратить внимание'

17-03-2025T03:35:54 - [TEST_STEP][PASSED] - println(opoveshenie): null

17-03-2025T03:35:54 - [TEST_STEP][PASSED] - if (opoveshenie == "Просьба обратить внимание"): Object: 'Object Repository/Выполнение бизнес-плана/Закрыть оповещение' is clicked on

17-03-2025T03:35:54 - [TEST_STEP][PASSED] - click(findTestObject("Выполнение бизнес-плана/Закрыть оповещение")): Object: 'Object Repository/Выполнение бизнес-плана/Закрыть оповещение' is clicked on

17-03-2025T03:35:54 - [MESSAGE][PASSED] - Object: 'Object Repository/Выполнение бизнес-плана/Закрыть оповещение' is clicked on

17-03-2025T03:35:54 - [TEST_STEP][PASSED] - click(findTestObject("Object Repository/Выполнение бизнес-плана/Фильтр Дата")): Object: 'Object Repository/Выполнение бизнес-плана/Фильтр Дата' is clicked on

17-03-2025T03:35:55 - [MESSAGE][PASSED] - Object: 'Object Repository/Выполнение бизнес-плана/Фильтр Дата' is clicked on

17-03-2025T03:35:55 - [TEST_STEP][PASSED] - click(findTestObject("Выполнение бизнес-плана/Снять выделение в фильтре Дата")): Object: 'Object Repository/Выполнение бизнес-плана/Снять выделение в фильтре Дата' is clicked on

17-03-2025T03:35:55 - [MESSAGE][PASSED] - Object: 'Object Repository/Выполнение бизнес-плана/Снять выделение в фильтре Дата' is clicked on

17-03-2025T03:35:55 - [TEST_STEP][PASSED] - click(findTestObject("Object Repository/Выполнение бизнес-плана/Применить в фильтре Дата")): Object: 'Object Repository/Выполнение бизнес-плана/Применить в фильтре Дата' is clicked on

17-03-2025T03:35:56 - [MESSAGE][PASSED] - Object: 'Object Repository/Выполнение бизнес-плана/Применить в фильтре Дата' is clicked on

17-03-2025T03:35:56 - [TEST_STEP][PASSED] - delay(70): Delayed 70 second(s)

17-03-2025T03:37:06 - [MESSAGE][PASSED] - Delayed 70 second(s)

17-03-2025T03:37:06 - [TEST_STEP][PASSED] - Script1686231490255.ZakrytOpoveshenie(): null

17-03-2025T03:37:06 - [TEST_STEP][PASSED] - opoveshenie = getText(findTestObject("Выполнение бизнес-плана/Просьба обратить внимание")): Text of object 'Object Repository/Выполнение бизнес-плана/Просьба обратить внимание' is: 'Просьба обратить внимание'

17-03-2025T03:37:06 - [MESSAGE][PASSED] - Text of object 'Object Repository/Выполнение бизнес-плана/Просьба обратить внимание' is: 'Просьба обратить внимание'

17-03-2025T03:37:06 - [TEST_STEP][PASSED] - println(opoveshenie): null

17-03-2025T03:37:06 - [TEST_STEP][PASSED] - if (opoveshenie == "Просьба обратить внимание"): Object: 'Object Repository/Выполнение бизнес-плана/Закрыть оповещение' is clicked on

17-03-2025T03:37:06 - [TEST_STEP][PASSED] - click(findTestObject("Выполнение бизнес-плана/Закрыть оповещение")): Object: 'Object Repository/Выполнение бизнес-плана/Закрыть оповещение' is clicked on

17-03-2025T03:37:07 - [MESSAGE][PASSED] - Object: 'Object Repository/Выполнение бизнес-плана/Закрыть оповещение' is clicked on

17-03-2025T03:37:07 - [TEST_STEP][PASSED] - click(findTestObject("Object Repository/Выполнение бизнес-плана/Фильтр Дата")): Object: 'Object Repository/Выполнение бизнес-плана/Фильтр Дата' is clicked on

17-03-2025T03:37:07 - [MESSAGE][PASSED] - Object: 'Object Repository/Выполнение бизнес-плана/Фильтр Дата' is clicked on

17-03-2025T03:37:07 - [TEST_STEP][PASSED] - scrollToElement(findTestObject("Выполнение бизнес-плана/2025 список"), 30): Scroll to object 'Object Repository/Выполнение бизнес-плана/2025 список' successfully

17-03-2025T03:37:08 - [MESSAGE][PASSED] - Scroll to object 'Object Repository/Выполнение бизнес-плана/2025 список' successfully

17-03-2025T03:37:08 - [TEST_STEP][PASSED] - click(findTestObject("Выполнение бизнес-плана/2025 список"), CONTINUE_ON_FAILURE): Object: 'Object Repository/Выполнение бизнес-плана/2025 список' is clicked on

17-03-2025T03:37:08 - [MESSAGE][PASSED] - Object: 'Object Repository/Выполнение бизнес-плана/2025 список' is clicked on

17-03-2025T03:37:08 - [TEST_STEP][PASSED] - scrollToElement(findTestObject("Выполнение бизнес-плана/1 квартал 2025 список"), 30): Scroll to object 'Object Repository/Выполнение бизнес-плана/1 квартал 2025 список' successfully

17-03-2025T03:37:09 - [MESSAGE][PASSED] - Scroll to object 'Object Repository/Выполнение бизнес-плана/1 квартал 2025 список' successfully

17-03-2025T03:37:09 - [TEST_STEP][PASSED] - click(findTestObject("Выполнение бизнес-плана/1 квартал 2025 список"), CONTINUE_ON_FAILURE): Object: 'Object Repository/Выполнение бизнес-плана/1 квартал 2025 список' is clicked on

17-03-2025T03:37:09 - [MESSAGE][PASSED] - Object: 'Object Repository/Выполнение бизнес-плана/1 квартал 2025 список' is clicked on

17-03-2025T03:37:09 - [TEST_STEP][PASSED] - click(findTestObject("Выполнение бизнес-плана/Январь 2025"), CONTINUE_ON_FAILURE): Object: 'Object Repository/Выполнение бизнес-плана/Январь 2025' is clicked on

17-03-2025T03:37:09 - [MESSAGE][PASSED] - Object: 'Object Repository/Выполнение бизнес-плана/Январь 2025' is clicked on

17-03-2025T03:37:09 - [TEST_STEP][PASSED] - scrollToElement(findTestObject("Выполнение бизнес-плана/Январь 2025"), 30): Scroll to object 'Object Repository/Выполнение бизнес-плана/Январь 2025' successfully

17-03-2025T03:37:10 - [MESSAGE][PASSED] - Scroll to object 'Object Repository/Выполнение бизнес-плана/Январь 2025' successfully

17-03-2025T03:37:10 - [TEST_STEP][PASSED] - click(findTestObject("Object Repository/Выполнение бизнес-плана/Применить в фильтре Дата")): Object: 'Object Repository/Выполнение бизнес-плана/Применить в фильтре Дата' is clicked on

17-03-2025T03:37:11 - [MESSAGE][PASSED] - Object: 'Object Repository/Выполнение бизнес-плана/Применить в фильтре Дата' is clicked on

17-03-2025T03:37:11 - [TEST_STEP][PASSED] - scrollToElement(findTestObject("Выполнение бизнес-плана/Заголовок дашборда"), 30): Scroll to object 'Object Repository/Выполнение бизнес-плана/Заголовок дашборда' successfully

17-03-2025T03:37:39 - [MESSAGE][PASSED] - Scroll to object 'Object Repository/Выполнение бизнес-плана/Заголовок дашборда' successfully

17-03-2025T03:37:39 - [TEST_STEP][PASSED] - delay(70): Delayed 70 second(s)

17-03-2025T03:38:49 - [MESSAGE][PASSED] - Delayed 70 second(s)

17-03-2025T03:38:49 - [TEST_STEP][PASSED] - Script1686231490255.ZakrytOpoveshenie(): null

17-03-2025T03:38:49 - [TEST_STEP][PASSED] - opoveshenie = getText(findTestObject("Выполнение бизнес-плана/Просьба обратить внимание")): Text of object 'Object Repository/Выполнение бизнес-плана/Просьба обратить внимание' is: 'Просьба обратить внимание'

17-03-2025T03:38:49 - [MESSAGE][PASSED] - Text of object 'Object Repository/Выполнение бизнес-плана/Просьба обратить внимание' is: 'Просьба обратить внимание'

17-03-2025T03:38:49 - [TEST_STEP][PASSED] - println(opoveshenie): null

17-03-2025T03:38:49 - [TEST_STEP][PASSED] - if (opoveshenie == "Просьба обратить внимание"): Object: 'Object Repository/Выполнение бизнес-плана/Закрыть оповещение' is clicked on

17-03-2025T03:38:49 - [TEST_STEP][PASSED] - click(findTestObject("Выполнение бизнес-плана/Закрыть оповещение")): Object: 'Object Repository/Выполнение бизнес-плана/Закрыть оповещение' is clicked on

17-03-2025T03:38:49 - [MESSAGE][PASSED] - Object: 'Object Repository/Выполнение бизнес-плана/Закрыть оповещение' is clicked on

17-03-2025T03:38:49 - [TEST_STEP][PASSED] - click(findTestObject("Object Repository/Выполнение бизнес-плана/Фильтр ДЗО")): Object: 'Object Repository/Выполнение бизнес-плана/Фильтр ДЗО' is clicked on

17-03-2025T03:38:50 - [MESSAGE][PASSED] - Object: 'Object Repository/Выполнение бизнес-плана/Фильтр ДЗО' is clicked on

17-03-2025T03:38:50 - [TEST_STEP][PASSED] - click(findTestObject("Выполнение бизнес-плана/Снять выделение в фильтре ДЗО")): Object: 'Object Repository/Выполнение бизнес-плана/Снять выделение в фильтре ДЗО' is clicked on

17-03-2025T03:38:50 - [MESSAGE][PASSED] - Object: 'Object Repository/Выполнение бизнес-плана/Снять выделение в фильтре ДЗО' is clicked on

17-03-2025T03:38:50 - [TEST_STEP][PASSED] - click(findTestObject("Выполнение бизнес-плана/ПАО Россети")): Object: 'Object Repository/Выполнение бизнес-плана/ПАО Россети' is clicked on

17-03-2025T03:38:51 - [MESSAGE][PASSED] - Object: 'Object Repository/Выполнение бизнес-плана/ПАО Россети' is clicked on

17-03-2025T03:38:51 - [TEST_STEP][PASSED] - click(findTestObject("Object Repository/Выполнение бизнес-плана/Применить в фильтре ДЗО")): Object: 'Object Repository/Выполнение бизнес-плана/Применить в фильтре ДЗО' is clicked on

17-03-2025T03:38:52 - [MESSAGE][PASSED] - Object: 'Object Repository/Выполнение бизнес-плана/Применить в фильтре ДЗО' is clicked on

17-03-2025T03:38:52 - [TEST_STEP][PASSED] - delay(70): Delayed 70 second(s)

17-03-2025T03:40:02 - [MESSAGE][PASSED] - Delayed 70 second(s)

17-03-2025T03:40:02 - [TEST_STEP][PASSED] - if (run == 1): null

17-03-2025T03:40:02 - [TEST_STEP][FAILED] - if (run == 2): null

17-03-2025T03:40:02 - [TEST_STEP][PASSED] - user = "Андреева": null

17-03-2025T03:40:02 - [TEST_STEP][PASSED] - a1 = getText(findTestObject("Выполнение бизнес-плана/Проценты")): Text of object 'Object Repository/Выполнение бизнес-плана/Проценты' is: '%
5.47 5.47
8.25 8.25
План
Факт
1
100'

17-03-2025T03:40:02 - [MESSAGE][PASSED] - Text of object 'Object Repository/Выполнение бизнес-плана/Проценты' is: '%
5.47 5.47
8.25 8.25
План
Факт
1
100'

17-03-2025T03:40:02 - [TEST_STEP][PASSED] - a2 = getText(findTestObject("Выполнение бизнес-плана/vidget 2")): Text of object 'Object Repository/Выполнение бизнес-плана/vidget 2' is: 'Россети ФСК ЕЭС
Россети Волга
Россети Московский регион
Россети Северо-Запад
Россети Томск
Россети Урал (ГК)
Россети Юг (ГК)
Россети Янтарь
0
10
20
30
40
50
60
70'

17-03-2025T03:40:02 - [MESSAGE][PASSED] - Text of object 'Object Repository/Выполнение бизнес-плана/vidget 2' is: 'Россети ФСК ЕЭС
Россети Волга
Россети Московский регион
Россети Северо-Запад
Россети Томск
Россети Урал (ГК)
Россети Юг (ГК)
Россети Янтарь
0
10
20
30
40
50
60
70'

17-03-2025T03:40:02 - [TEST_STEP][FAILED] - a3 = getText(findTestObject("Выполнение бизнес-плана/table")): Unable to get text of object 'Object Repository/Выполнение бизнес-плана/table' (Root cause: com.kms.katalon.core.exception.StepFailedException: Unable to get text of object 'Object Repository/Выполнение бизнес-плана/table'
	at com.kms.katalon.core.webui.keyword.internal.WebUIKeywordMain.stepFailed(WebUIKeywordMain.groovy:64)
	at com.kms.katalon.core.webui.keyword.internal.WebUIKeywordMain.runKeyword(WebUIKeywordMain.groovy:26)
	at com.kms.katalon.core.webui.keyword.builtin.GetTextKeyword.getText(GetTextKeyword.groovy:88)
	at com.kms.katalon.core.webui.keyword.builtin.GetTextKeyword.execute(GetTextKeyword.groovy:67)
	at com.kms.katalon.core.keyword.internal.KeywordExecutor.executeKeywordForPlatform(KeywordExecutor.groovy:74)
	at com.kms.katalon.core.webui.keyword.WebUiBuiltInKeywords.getText(WebUiBuiltInKeywords.groovy:957)
	at Блок руководителя сверка дашбордов под разными учётками.VipolnenieBiznesPlana(Блок руководителя сверка дашбордов под разными учётками:302)
	at Блок руководителя сверка дашбордов под разными учётками.run(Блок руководителя сверка дашбордов под разными учётками:52)
	at com.kms.katalon.core.main.ScriptEngine.run(ScriptEngine.java:194)
	at com.kms.katalon.core.main.ScriptEngine.runScriptAsRawText(ScriptEngine.java:119)
	at com.kms.katalon.core.main.TestCaseExecutor.runScript(TestCaseExecutor.java:448)
	at com.kms.katalon.core.main.TestCaseExecutor.doExecute(TestCaseExecutor.java:439)
	at com.kms.katalon.core.main.TestCaseExecutor.processExecutionPhase(TestCaseExecutor.java:418)
	at com.kms.katalon.core.main.TestCaseExecutor.accessMainPhase(TestCaseExecutor.java:410)
	at com.kms.katalon.core.main.TestCaseExecutor.execute(TestCaseExecutor.java:285)
	at com.kms.katalon.core.common.CommonExecutor.accessTestCaseMainPhase(CommonExecutor.java:65)
	at com.kms.katalon.core.main.TestSuiteExecutor.accessTestSuiteMainPhase(TestSuiteExecutor.java:150)
	at com.kms.katalon.core.main.TestSuiteExecutor.execute(TestSuiteExecutor.java:106)
	at com.kms.katalon.core.main.TestCaseMain.startTestSuite(TestCaseMain.java:180)
	at TempTestSuite1742171011514.run(TempTestSuite1742171011514.groovy:35)
	at java.base/jdk.internal.reflect.NativeMethodAccessorImpl.invoke0(Native Method)
	at java.base/jdk.internal.reflect.NativeMethodAccessorImpl.invoke(NativeMethodAccessorImpl.java:77)
	at java.base/jdk.internal.reflect.DelegatingMethodAccessorImpl.invoke(DelegatingMethodAccessorImpl.java:43)
Caused by: com.kms.katalon.core.webui.exception.WebElementNotFoundException: Web element with id: 'Object Repository/Выполнение бизнес-плана/table' located by '//div[@id='grid-25be55ef81e941d9a5e47136b644a838']' not found
	at com.kms.katalon.core.webui.common.WebUiCommonHelper.findWebElement(WebUiCommonHelper.java:1426)
	at com.kms.katalon.core.webui.keyword.internal.WebUIAbstractKeyword.findWebElement(WebUIAbstractKeyword.groovy:27)
	at com.kms.katalon.core.webui.keyword.internal.WebUIAbstractKeyword.findWebElement(WebUIAbstractKeyword.groovy:26)
	at com.kms.katalon.core.webui.keyword.builtin.GetTextKeyword$_getText_closure1.doCall(GetTextKeyword.groovy:78)
	at com.kms.katalon.core.webui.keyword.builtin.GetTextKeyword$_getText_closure1.call(GetTextKeyword.groovy)
	at com.kms.katalon.core.webui.keyword.internal.WebUIKeywordMain.runKeyword(WebUIKeywordMain.groovy:20)
	at com.kms.katalon.core.webui.keyword.builtin.GetTextKeyword.getText(GetTextKeyword.groovy:88)
	at com.kms.katalon.core.webui.keyword.builtin.GetTextKeyword.execute(GetTextKeyword.groovy:67)
	at com.kms.katalon.core.keyword.internal.KeywordExecutor.executeKeywordForPlatform(KeywordExecutor.groovy:74)
	at com.kms.katalon.core.webui.keyword.WebUiBuiltInKeywords.getText(WebUiBuiltInKeywords.groovy:957)
	at Script1686231490255.VipolnenieBiznesPlana(Script1686231490255.groovy:302)
	at Script1686231490255.run(Script1686231490255.groovy:52)
	... 15 more
)

17-03-2025T03:40:34 - [MESSAGE][INFO] - Unable to find the element located by 'By.xpath: //div[@id='grid-25be55ef81e941d9a5e47136b644a838']'. Please recheck the objects properties to make sure the desired element is located. 

17-03-2025T03:40:34 - [MESSAGE][FAILED] - Unable to get text of object 'Object Repository/Выполнение бизнес-плана/table' (Root cause: com.kms.katalon.core.exception.StepFailedException: Unable to get text of object 'Object Repository/Выполнение бизнес-плана/table'
	at com.kms.katalon.core.webui.keyword.internal.WebUIKeywordMain.stepFailed(WebUIKeywordMain.groovy:64)
	at com.kms.katalon.core.webui.keyword.internal.WebUIKeywordMain.runKeyword(WebUIKeywordMain.groovy:26)
	at com.kms.katalon.core.webui.keyword.builtin.GetTextKeyword.getText(GetTextKeyword.groovy:88)
	at com.kms.katalon.core.webui.keyword.builtin.GetTextKeyword.execute(GetTextKeyword.groovy:67)
	at com.kms.katalon.core.keyword.internal.KeywordExecutor.executeKeywordForPlatform(KeywordExecutor.groovy:74)
	at com.kms.katalon.core.webui.keyword.WebUiBuiltInKeywords.getText(WebUiBuiltInKeywords.groovy:957)
	at Блок руководителя сверка дашбордов под разными учётками.VipolnenieBiznesPlana(Блок руководителя сверка дашбордов под разными учётками:302)
	at Блок руководителя сверка дашбордов под разными учётками.run(Блок руководителя сверка дашбордов под разными учётками:52)
	at com.kms.katalon.core.main.ScriptEngine.run(ScriptEngine.java:194)
	at com.kms.katalon.core.main.ScriptEngine.runScriptAsRawText(ScriptEngine.java:119)
	at com.kms.katalon.core.main.TestCaseExecutor.runScript(TestCaseExecutor.java:448)
	at com.kms.katalon.core.main.TestCaseExecutor.doExecute(TestCaseExecutor.java:439)
	at com.kms.katalon.core.main.TestCaseExecutor.processExecutionPhase(TestCaseExecutor.java:418)
	at com.kms.katalon.core.main.TestCaseExecutor.accessMainPhase(TestCaseExecutor.java:410)
	at com.kms.katalon.core.main.TestCaseExecutor.execute(TestCaseExecutor.java:285)
	at com.kms.katalon.core.common.CommonExecutor.accessTestCaseMainPhase(CommonExecutor.java:65)
	at com.kms.katalon.core.main.TestSuiteExecutor.accessTestSuiteMainPhase(TestSuiteExecutor.java:150)
	at com.kms.katalon.core.main.TestSuiteExecutor.execute(TestSuiteExecutor.java:106)
	at com.kms.katalon.core.main.TestCaseMain.startTestSuite(TestCaseMain.java:180)
	at TempTestSuite1742171011514.run(TempTestSuite1742171011514.groovy:35)
	at java.base/jdk.internal.reflect.NativeMethodAccessorImpl.invoke0(Native Method)
	at java.base/jdk.internal.reflect.NativeMethodAccessorImpl.invoke(NativeMethodAccessorImpl.java:77)
	at java.base/jdk.internal.reflect.DelegatingMethodAccessorImpl.invoke(DelegatingMethodAccessorImpl.java:43)
Caused by: com.kms.katalon.core.webui.exception.WebElementNotFoundException: Web element with id: 'Object Repository/Выполнение бизнес-плана/table' located by '//div[@id='grid-25be55ef81e941d9a5e47136b644a838']' not found
	at com.kms.katalon.core.webui.common.WebUiCommonHelper.findWebElement(WebUiCommonHelper.java:1426)
	at com.kms.katalon.core.webui.keyword.internal.WebUIAbstractKeyword.findWebElement(WebUIAbstractKeyword.groovy:27)
	at com.kms.katalon.core.webui.keyword.internal.WebUIAbstractKeyword.findWebElement(WebUIAbstractKeyword.groovy:26)
	at com.kms.katalon.core.webui.keyword.builtin.GetTextKeyword$_getText_closure1.doCall(GetTextKeyword.groovy:78)
	at com.kms.katalon.core.webui.keyword.builtin.GetTextKeyword$_getText_closure1.call(GetTextKeyword.groovy)
	at com.kms.katalon.core.webui.keyword.internal.WebUIKeywordMain.runKeyword(WebUIKeywordMain.groovy:20)
	at com.kms.katalon.core.webui.keyword.builtin.GetTextKeyword.getText(GetTextKeyword.groovy:88)
	at com.kms.katalon.core.webui.keyword.builtin.GetTextKeyword.execute(GetTextKeyword.groovy:67)
	at com.kms.katalon.core.keyword.internal.KeywordExecutor.executeKeywordForPlatform(KeywordExecutor.groovy:74)
	at com.kms.katalon.core.webui.keyword.WebUiBuiltInKeywords.getText(WebUiBuiltInKeywords.groovy:957)
	at Script1686231490255.VipolnenieBiznesPlana(Script1686231490255.groovy:302)
	at Script1686231490255.run(Script1686231490255.groovy:52)
	... 15 more
)
[[ATTACHMENT|C:\\Users\\LIAZGINA-DI\\git\\SPORU\\Reports\\20250317_032331\\\u041F\u043D-\u0421\u0440-\u041F\u0442\\\u0421\u0432\u0435\u0440\u043A\u0430 \u0434\u0430\u0448\u0431\u043E\u0440\u0434\u043E\u0432 \u0438\u0437 \u0440\u0430\u0437\u043D\u044B\u0445 \u0431\u043B\u043E\u043A\u043E\u0432\\20250317_032331\\1742172034087.png]]

17-03-2025T03:40:34 - [TEST_STEP][PASSED] - a4 = getText(findTestObject("Выполнение бизнес-плана/Список ДЗО")): Text of object 'Object Repository/Выполнение бизнес-плана/Список ДЗО' is: '-0.01
-0.92
-0.43
-2.42
-0.30
-0.28
-1.44
-2.45
Россети ФСК ЕЭС
Россети Волга
Россети Московский регион
Россети Северо-Запад
Россети Томск
Россети Урал (ГК)
Россети Юг (ГК)
Россети Янтарь
-4
-2
0
2
4
6
8'

17-03-2025T03:40:34 - [MESSAGE][PASSED] - Text of object 'Object Repository/Выполнение бизнес-плана/Список ДЗО' is: '-0.01
-0.92
-0.43
-2.42
-0.30
-0.28
-1.44
-2.45
Россети ФСК ЕЭС
Россети Волга
Россети Московский регион
Россети Северо-Запад
Россети Томск
Россети Урал (ГК)
Россети Юг (ГК)
Россети Янтарь
-4
-2
0
2
4
6
8'

17-03-2025T03:40:34 - [TEST_STEP][PASSED] - a5 = getText(findTestObject("Выполнение бизнес-плана/svg1")): Text of object 'Object Repository/Выполнение бизнес-плана/svg1' is: '%
5.47 5.47
8.25 8.25
План
Факт
1
100'

17-03-2025T03:40:34 - [MESSAGE][PASSED] - Text of object 'Object Repository/Выполнение бизнес-плана/svg1' is: '%
5.47 5.47
8.25 8.25
План
Факт
1
100'

17-03-2025T03:40:34 - [TEST_STEP][PASSED] - a6 = getText(findTestObject("Выполнение бизнес-плана/svg2")): Text of object 'Object Repository/Выполнение бизнес-плана/svg2' is: 'п.п.
2.78
Итого
0
1
2
3'

17-03-2025T03:40:35 - [MESSAGE][PASSED] - Text of object 'Object Repository/Выполнение бизнес-плана/svg2' is: 'п.п.
2.78
Итого
0
1
2
3'

17-03-2025T03:40:35 - [TEST_STEP][PASSED] - a7 = getText(findTestObject("Выполнение бизнес-плана/Значения со страницы Выполнение бизнес-плана/Факт Отпуск в сеть за отчётный период ПАО Россети")): Text of object 'Object Repository/Выполнение бизнес-плана/Значения со страницы Выполнение бизнес-плана/Факт Отпуск в сеть за отчётный период ПАО Россети' is: '53 251 393'

17-03-2025T03:40:35 - [MESSAGE][PASSED] - Text of object 'Object Repository/Выполнение бизнес-плана/Значения со страницы Выполнение бизнес-плана/Факт Отпуск в сеть за отчётный период ПАО Россети' is: '53 251 393'

17-03-2025T03:40:35 - [TEST_STEP][PASSED] - a8 = getText(findTestObject("Выполнение бизнес-плана/Значения со страницы Выполнение бизнес-плана/Факт Отпуск из сети за отчётный период ПАО Россети")): Text of object 'Object Repository/Выполнение бизнес-плана/Значения со страницы Выполнение бизнес-плана/Факт Отпуск из сети за отчётный период ПАО Россети' is: '48 860 625'

17-03-2025T03:40:35 - [MESSAGE][PASSED] - Text of object 'Object Repository/Выполнение бизнес-плана/Значения со страницы Выполнение бизнес-плана/Факт Отпуск из сети за отчётный период ПАО Россети' is: '48 860 625'

17-03-2025T03:40:35 - [TEST_STEP][PASSED] - a9 = getText(findTestObject("Выполнение бизнес-плана/Значения со страницы Выполнение бизнес-плана/Факт Потери за отчётный период ПАО Россети")): Text of object 'Object Repository/Выполнение бизнес-плана/Значения со страницы Выполнение бизнес-плана/Факт Потери за отчётный период ПАО Россети' is: '4 390 768'

17-03-2025T03:40:36 - [MESSAGE][PASSED] - Text of object 'Object Repository/Выполнение бизнес-плана/Значения со страницы Выполнение бизнес-плана/Факт Потери за отчётный период ПАО Россети' is: '4 390 768'

17-03-2025T03:40:36 - [TEST_STEP][PASSED] - n = n + 1: null

17-03-2025T03:40:36 - [TEST_STEP][PASSED] - b = data.getRowNumbers() + 1: null

17-03-2025T03:40:36 - [TEST_STEP][PASSED] - verifyEqual(findTestData("PlanFact").getValue(2, b), a1): Actual object '%
5.47 5.47
8.25 8.25
План
Факт
1
100' and expected object '%
5.47 5.47
8.25 8.25
План
Факт
1
100' are equal

17-03-2025T03:40:36 - [MESSAGE][PASSED] - Actual object '%
5.47 5.47
8.25 8.25
План
Факт
1
100' and expected object '%
5.47 5.47
8.25 8.25
План
Факт
1
100' are equal

17-03-2025T03:40:36 - [TEST_STEP][PASSED] - verifyEqual(findTestData("PlanFact").getValue(3, b), a2): Actual object 'Россети ФСК ЕЭС
Россети Волга
Россети Московский регион
Россети Северо-Запад
Россети Томск
Россети Урал (ГК)
Россети Юг (ГК)
Россети Янтарь
0
10
20
30
40
50
60
70' and expected object 'Россети ФСК ЕЭС
Россети Волга
Россети Московский регион
Россети Северо-Запад
Россети Томск
Россети Урал (ГК)
Россети Юг (ГК)
Россети Янтарь
0
10
20
30
40
50
60
70' are equal

17-03-2025T03:40:36 - [MESSAGE][PASSED] - Actual object 'Россети ФСК ЕЭС
Россети Волга
Россети Московский регион
Россети Северо-Запад
Россети Томск
Россети Урал (ГК)
Россети Юг (ГК)
Россети Янтарь
0
10
20
30
40
50
60
70' and expected object 'Россети ФСК ЕЭС
Россети Волга
Россети Московский регион
Россети Северо-Запад
Россети Томск
Россети Урал (ГК)
Россети Юг (ГК)
Россети Янтарь
0
10
20
30
40
50
60
70' are equal

17-03-2025T03:40:36 - [TEST_STEP][FAILED] - verifyEqual(findTestData("PlanFact").getValue(4, b), a3): Unable to verify equal between actual object '' and expected object 'null' (Root cause: com.kms.katalon.core.exception.StepFailedException: Actual object '' and expected object 'null' are not equal
	at com.kms.katalon.core.keyword.builtin.VerifyEqualKeyword$_verifyEqual_closure1.doCall(VerifyEqualKeyword.groovy:58)
	at com.kms.katalon.core.keyword.builtin.VerifyEqualKeyword$_verifyEqual_closure1.call(VerifyEqualKeyword.groovy)
	at com.kms.katalon.core.keyword.internal.KeywordMain.runKeyword(KeywordMain.groovy:75)
	at com.kms.katalon.core.keyword.builtin.VerifyEqualKeyword.verifyEqual(VerifyEqualKeyword.groovy:63)
	at com.kms.katalon.core.keyword.builtin.VerifyEqualKeyword.execute(VerifyEqualKeyword.groovy:44)
	at com.kms.katalon.core.keyword.internal.KeywordExecutor.executeKeywordForPlatform(KeywordExecutor.groovy:74)
	at com.kms.katalon.core.keyword.BuiltinKeywords.verifyEqual(BuiltinKeywords.groovy:146)
	at java.base/jdk.internal.reflect.NativeMethodAccessorImpl.invoke0(Native Method)
	at java.base/jdk.internal.reflect.NativeMethodAccessorImpl.invoke(NativeMethodAccessorImpl.java:77)
	at java.base/jdk.internal.reflect.DelegatingMethodAccessorImpl.invoke(DelegatingMethodAccessorImpl.java:43)
	at Блок руководителя сверка дашбордов под разными учётками.VipolnenieBiznesPlana(Блок руководителя сверка дашбордов под разными учётками:324)
	at Блок руководителя сверка дашбордов под разными учётками.run(Блок руководителя сверка дашбордов под разными учётками:52)
	at com.kms.katalon.core.main.ScriptEngine.run(ScriptEngine.java:194)
	at com.kms.katalon.core.main.ScriptEngine.runScriptAsRawText(ScriptEngine.java:119)
	at com.kms.katalon.core.main.TestCaseExecutor.runScript(TestCaseExecutor.java:448)
	at com.kms.katalon.core.main.TestCaseExecutor.doExecute(TestCaseExecutor.java:439)
	at com.kms.katalon.core.main.TestCaseExecutor.processExecutionPhase(TestCaseExecutor.java:418)
	at com.kms.katalon.core.main.TestCaseExecutor.accessMainPhase(TestCaseExecutor.java:410)
	at com.kms.katalon.core.main.TestCaseExecutor.execute(TestCaseExecutor.java:285)
	at com.kms.katalon.core.common.CommonExecutor.accessTestCaseMainPhase(CommonExecutor.java:65)
	at com.kms.katalon.core.main.TestSuiteExecutor.accessTestSuiteMainPhase(TestSuiteExecutor.java:150)
	at com.kms.katalon.core.main.TestSuiteExecutor.execute(TestSuiteExecutor.java:106)
	at com.kms.katalon.core.main.TestCaseMain.startTestSuite(TestCaseMain.java:180)
	at TempTestSuite1742171011514.run(TempTestSuite1742171011514.groovy:35)
	at java.base/jdk.internal.reflect.NativeMethodAccessorImpl.invoke0(Native Method)
	at java.base/jdk.internal.reflect.NativeMethodAccessorImpl.invoke(NativeMethodAccessorImpl.java:77)
	at java.base/jdk.internal.reflect.DelegatingMethodAccessorImpl.invoke(DelegatingMethodAccessorImpl.java:43)
)

17-03-2025T03:40:36 - [MESSAGE][FAILED] - Unable to verify equal between actual object '' and expected object 'null' (Root cause: com.kms.katalon.core.exception.StepFailedException: Actual object '' and expected object 'null' are not equal
	at com.kms.katalon.core.keyword.builtin.VerifyEqualKeyword$_verifyEqual_closure1.doCall(VerifyEqualKeyword.groovy:58)
	at com.kms.katalon.core.keyword.builtin.VerifyEqualKeyword$_verifyEqual_closure1.call(VerifyEqualKeyword.groovy)
	at com.kms.katalon.core.keyword.internal.KeywordMain.runKeyword(KeywordMain.groovy:75)
	at com.kms.katalon.core.keyword.builtin.VerifyEqualKeyword.verifyEqual(VerifyEqualKeyword.groovy:63)
	at com.kms.katalon.core.keyword.builtin.VerifyEqualKeyword.execute(VerifyEqualKeyword.groovy:44)
	at com.kms.katalon.core.keyword.internal.KeywordExecutor.executeKeywordForPlatform(KeywordExecutor.groovy:74)
	at com.kms.katalon.core.keyword.BuiltinKeywords.verifyEqual(BuiltinKeywords.groovy:146)
	at java.base/jdk.internal.reflect.NativeMethodAccessorImpl.invoke0(Native Method)
	at java.base/jdk.internal.reflect.NativeMethodAccessorImpl.invoke(NativeMethodAccessorImpl.java:77)
	at java.base/jdk.internal.reflect.DelegatingMethodAccessorImpl.invoke(DelegatingMethodAccessorImpl.java:43)
	at Блок руководителя сверка дашбордов под разными учётками.VipolnenieBiznesPlana(Блок руководителя сверка дашбордов под разными учётками:324)
	at Блок руководителя сверка дашбордов под разными учётками.run(Блок руководителя сверка дашбордов под разными учётками:52)
	at com.kms.katalon.core.main.ScriptEngine.run(ScriptEngine.java:194)
	at com.kms.katalon.core.main.ScriptEngine.runScriptAsRawText(ScriptEngine.java:119)
	at com.kms.katalon.core.main.TestCaseExecutor.runScript(TestCaseExecutor.java:448)
	at com.kms.katalon.core.main.TestCaseExecutor.doExecute(TestCaseExecutor.java:439)
	at com.kms.katalon.core.main.TestCaseExecutor.processExecutionPhase(TestCaseExecutor.java:418)
	at com.kms.katalon.core.main.TestCaseExecutor.accessMainPhase(TestCaseExecutor.java:410)
	at com.kms.katalon.core.main.TestCaseExecutor.execute(TestCaseExecutor.java:285)
	at com.kms.katalon.core.common.CommonExecutor.accessTestCaseMainPhase(CommonExecutor.java:65)
	at com.kms.katalon.core.main.TestSuiteExecutor.accessTestSuiteMainPhase(TestSuiteExecutor.java:150)
	at com.kms.katalon.core.main.TestSuiteExecutor.execute(TestSuiteExecutor.java:106)
	at com.kms.katalon.core.main.TestCaseMain.startTestSuite(TestCaseMain.java:180)
	at TempTestSuite1742171011514.run(TempTestSuite1742171011514.groovy:35)
	at java.base/jdk.internal.reflect.NativeMethodAccessorImpl.invoke0(Native Method)
	at java.base/jdk.internal.reflect.NativeMethodAccessorImpl.invoke(NativeMethodAccessorImpl.java:77)
	at java.base/jdk.internal.reflect.DelegatingMethodAccessorImpl.invoke(DelegatingMethodAccessorImpl.java:43)
)

17-03-2025T03:40:36 - [TEST_STEP][PASSED] - verifyEqual(findTestData("PlanFact").getValue(5, b), a4): Actual object '-0.01
-0.92
-0.43
-2.42
-0.30
-0.28
-1.44
-2.45
Россети ФСК ЕЭС
Россети Волга
Россети Московский регион
Россети Северо-Запад
Россети Томск
Россети Урал (ГК)
Россети Юг (ГК)
Россети Янтарь
-4
-2
0
2
4
6
8' and expected object '-0.01
-0.92
-0.43
-2.42
-0.30
-0.28
-1.44
-2.45
Россети ФСК ЕЭС
Россети Волга
Россети Московский регион
Россети Северо-Запад
Россети Томск
Россети Урал (ГК)
Россети Юг (ГК)
Россети Янтарь
-4
-2
0
2
4
6
8' are equal

17-03-2025T03:40:36 - [MESSAGE][PASSED] - Actual object '-0.01
-0.92
-0.43
-2.42
-0.30
-0.28
-1.44
-2.45
Россети ФСК ЕЭС
Россети Волга
Россети Московский регион
Россети Северо-Запад
Россети Томск
Россети Урал (ГК)
Россети Юг (ГК)
Россети Янтарь
-4
-2
0
2
4
6
8' and expected object '-0.01
-0.92
-0.43
-2.42
-0.30
-0.28
-1.44
-2.45
Россети ФСК ЕЭС
Россети Волга
Россети Московский регион
Россети Северо-Запад
Россети Томск
Россети Урал (ГК)
Россети Юг (ГК)
Россети Янтарь
-4
-2
0
2
4
6
8' are equal

17-03-2025T03:40:36 - [TEST_STEP][PASSED] - verifyEqual(findTestData("PlanFact").getValue(6, b), a5): Actual object '%
5.47 5.47
8.25 8.25
План
Факт
1
100' and expected object '%
5.47 5.47
8.25 8.25
План
Факт
1
100' are equal

17-03-2025T03:40:36 - [MESSAGE][PASSED] - Actual object '%
5.47 5.47
8.25 8.25
План
Факт
1
100' and expected object '%
5.47 5.47
8.25 8.25
План
Факт
1
100' are equal

17-03-2025T03:40:36 - [TEST_STEP][PASSED] - verifyEqual(findTestData("PlanFact").getValue(7, b), a6): Actual object 'п.п.
2.78
Итого
0
1
2
3' and expected object 'п.п.
2.78
Итого
0
1
2
3' are equal

17-03-2025T03:40:36 - [MESSAGE][PASSED] - Actual object 'п.п.
2.78
Итого
0
1
2
3' and expected object 'п.п.
2.78
Итого
0
1
2
3' are equal

17-03-2025T03:40:36 - [TEST_STEP][PASSED] - verifyEqual(findTestData("PlanFact").getValue(8, b), a7): Actual object '53 251 393' and expected object '53 251 393' are equal

17-03-2025T03:40:36 - [MESSAGE][PASSED] - Actual object '53 251 393' and expected object '53 251 393' are equal

17-03-2025T03:40:36 - [TEST_STEP][PASSED] - verifyEqual(findTestData("PlanFact").getValue(9, b), a8): Actual object '48 860 625' and expected object '48 860 625' are equal

17-03-2025T03:40:36 - [MESSAGE][PASSED] - Actual object '48 860 625' and expected object '48 860 625' are equal

17-03-2025T03:40:36 - [TEST_STEP][PASSED] - verifyEqual(findTestData("PlanFact").getValue(10, b), a9): Actual object '4 390 768' and expected object '4 390 768' are equal

17-03-2025T03:40:36 - [MESSAGE][PASSED] - Actual object '4 390 768' and expected object '4 390 768' are equal

17-03-2025T03:40:36 - [TEST_STEP][PASSED] - Script1686231490255.WriteToExcel(user, dashboardName, n, data, run, a1, a2, a3, a4, a5, a6, a7, a8, a9): null

17-03-2025T03:40:36 - [TEST_STEP][PASSED] - sheetName = "Sheet1": null

17-03-2025T03:40:36 - [TEST_STEP][PASSED] - workbook01 = getWorkbook(excelFilePath): null

17-03-2025T03:40:36 - [TEST_STEP][PASSED] - sheet01 = getExcelSheet(workbook01, sheetName): null

17-03-2025T03:40:36 - [TEST_STEP][PASSED] - setValueToCellByIndex(sheet01, n, 0, dashboardName): null

17-03-2025T03:40:36 - [TEST_STEP][PASSED] - setValueToCellByIndex(sheet01, n, 10, user): null

17-03-2025T03:40:36 - [TEST_STEP][PASSED] - setValueToCellByIndex(sheet01, n, 1, a1): null

17-03-2025T03:40:36 - [TEST_STEP][PASSED] - setValueToCellByIndex(sheet01, n, 2, a2): null

17-03-2025T03:40:36 - [TEST_STEP][PASSED] - setValueToCellByIndex(sheet01, n, 3, a3): null

17-03-2025T03:40:36 - [TEST_STEP][PASSED] - setValueToCellByIndex(sheet01, n, 4, a4): null

17-03-2025T03:40:36 - [TEST_STEP][PASSED] - setValueToCellByIndex(sheet01, n, 5, a5): null

17-03-2025T03:40:36 - [TEST_STEP][PASSED] - setValueToCellByIndex(sheet01, n, 6, a6): null

17-03-2025T03:40:36 - [TEST_STEP][PASSED] - setValueToCellByIndex(sheet01, n, 7, a7): null

17-03-2025T03:40:36 - [TEST_STEP][PASSED] - setValueToCellByIndex(sheet01, n, 8, a8): null

17-03-2025T03:40:36 - [TEST_STEP][PASSED] - setValueToCellByIndex(sheet01, n, 9, a9): null

17-03-2025T03:40:36 - [TEST_STEP][PASSED] - n = n + 1: null

17-03-2025T03:40:36 - [TEST_STEP][PASSED] - saveWorkbook(excelFilePath, workbook01): null

17-03-2025T03:40:36 - [TEST_STEP][PASSED] - if (run == 3): null

17-03-2025T03:40:36 - [TEST_STEP][PASSED] - closeBrowser(): null

17-03-2025T03:40:37 - [MESSAGE][PASSED] - Browser is closed

17-03-2025T03:40:37 - [TEST_STEP][PASSED] - VipolnenieBiznesPlana(user, dashboardName, n, data, run, a1, a2, a3, a4, a5, a6, a7, a8, a9, urlData): null

17-03-2025T03:40:37 - [TEST_STEP][PASSED] - n = data.getRowNumbers() + 1: null

17-03-2025T03:40:37 - [TEST_STEP][PASSED] - println(n): null

17-03-2025T03:40:37 - [TEST_STEP][PASSED] - dashboardName = "Выполнение бизнес-плана": null

17-03-2025T03:40:37 - [TEST_STEP][PASSED] - openBrowser(""): Browser is opened with url: ''

17-03-2025T03:40:37 - [MESSAGE][INFO] - Starting 'Chrome' driver

17-03-2025T03:40:37 - [MESSAGE][INFO] - Action delay is set to 0 milliseconds

17-03-2025T03:40:38 - [MESSAGE][PASSED] - Browser is opened with url: ''

17-03-2025T03:40:38 - [TEST_STEP][PASSED] - urlData = 1: null

17-03-2025T03:40:38 - [TEST_STEP][PASSED] - Script1686231490255.CheckPageDownload(urlData, run): null

17-03-2025T03:40:38 - [TEST_STEP][PASSED] - i = 1: null

17-03-2025T03:40:38 - [TEST_STEP][PASSED] - ii = 0: null

17-03-2025T03:40:38 - [TEST_STEP][PASSED] - urlText = <not implemented yet for class: org.codehaus.groovy.ast.expr.EmptyExpression>: null

17-03-2025T03:40:38 - [TEST_STEP][PASSED] - searchWord = <not implemented yet for class: org.codehaus.groovy.ast.expr.EmptyExpression>: null

17-03-2025T03:40:38 - [TEST_STEP][PASSED] - deleteAllCookies(): Delete all cookies successfully

17-03-2025T03:40:38 - [MESSAGE][PASSED] - Delete all cookies successfully

17-03-2025T03:40:38 - [TEST_STEP][PASSED] - refresh(): Refresh successfully

17-03-2025T03:40:38 - [MESSAGE][PASSED] - Refresh successfully

17-03-2025T03:40:38 - [TEST_STEP][PASSED] - delay(70): Delayed 70 second(s)

17-03-2025T03:41:48 - [MESSAGE][PASSED] - Delayed 70 second(s)

17-03-2025T03:41:48 - [TEST_STEP][PASSED] - navigateToUrl(findTestData("PlanFact").getValue(10, urlData)): Navigate to 'https://bi.rosseti.digital/viewer?dashboardGuid=d154a8eaf6824e2b9de1bb04dd061c18&sheetGuid=1305e8ce744049e1abdacea1ea397a26&fit=true' successfully

17-03-2025T03:41:52 - [MESSAGE][PASSED] - Navigate to 'https://bi.rosseti.digital/viewer?dashboardGuid=d154a8eaf6824e2b9de1bb04dd061c18&sheetGuid=1305e8ce744049e1abdacea1ea397a26&fit=true' successfully

17-03-2025T03:41:52 - [TEST_STEP][PASSED] - pageLoaded1 = verifyElementPresent(findTestObject("Страница авторизации/Text"), 30): Object 'Object Repository/Страница авторизации/Text' is present

17-03-2025T03:41:54 - [MESSAGE][PASSED] - Object 'Object Repository/Страница авторизации/Text' is present

17-03-2025T03:41:54 - [TEST_STEP][PASSED] - if (pageLoaded1 == false): null

17-03-2025T03:41:54 - [TEST_STEP][PASSED] - urlText = getText(findTestObject("Страница авторизации/Text")): Text of object 'Object Repository/Страница авторизации/Text' is: 'Вход'

17-03-2025T03:41:54 - [MESSAGE][PASSED] - Text of object 'Object Repository/Страница авторизации/Text' is: 'Вход'

17-03-2025T03:41:54 - [TEST_STEP][PASSED] - delay(70): Delayed 70 second(s)

17-03-2025T03:43:04 - [MESSAGE][PASSED] - Delayed 70 second(s)

17-03-2025T03:43:04 - [TEST_STEP][PASSED] - searchWord = "Вход": null

17-03-2025T03:43:04 - [TEST_STEP][PASSED] - if (urlText.contains(searchWord) == false): null

17-03-2025T03:43:04 - [TEST_STEP][PASSED] - setText(findTestObject("Страница авторизации/input__username"), findTestData("PlanFact").getValue(8, run)): Text 'Petrova-OV' is set on object 'Object Repository/Страница авторизации/input__username'

17-03-2025T03:43:05 - [MESSAGE][PASSED] - Text 'Petrova-OV' is set on object 'Object Repository/Страница авторизации/input__username'

17-03-2025T03:43:05 - [TEST_STEP][PASSED] - setText(findTestObject("Страница авторизации/input__password"), findTestData("PlanFact").getValue(9, run)): Text '4Ex@~R53r&3x&BVe7' is set on object 'Object Repository/Страница авторизации/input__password'

17-03-2025T03:43:06 - [MESSAGE][PASSED] - Text '4Ex@~R53r&3x&BVe7' is set on object 'Object Repository/Страница авторизации/input__password'

17-03-2025T03:43:06 - [TEST_STEP][PASSED] - click(findTestObject("Страница авторизации/button_")): Object: 'Object Repository/Страница авторизации/button_' is clicked on

17-03-2025T03:43:07 - [MESSAGE][PASSED] - Object: 'Object Repository/Страница авторизации/button_' is clicked on

17-03-2025T03:43:07 - [TEST_STEP][PASSED] - delay(70): Delayed 70 second(s)

17-03-2025T03:44:17 - [MESSAGE][PASSED] - Delayed 70 second(s)

17-03-2025T03:44:17 - [TEST_STEP][PASSED] - searchWord = "а": null

17-03-2025T03:44:17 - [TEST_STEP][PASSED] - pageLoaded2 = verifyElementPresent(findTestObject("Страница авторизации/Text"), 50): Object 'Object Repository/Страница авторизации/Text' is present

17-03-2025T03:44:18 - [MESSAGE][PASSED] - Object 'Object Repository/Страница авторизации/Text' is present

17-03-2025T03:44:18 - [TEST_STEP][PASSED] - if (pageLoaded2 == false): null

17-03-2025T03:44:18 - [TEST_STEP][PASSED] - urlText = getText(findTestObject("Страница авторизации/Text")): Text of object 'Object Repository/Страница авторизации/Text' is: 'ДЗО 
ПАО Россети
Период
Январь 2025 года
Отклонения фактического уровня потерь от бизнес-плана, п.п.
-0.01
-0.92
-0.43
-2.42
-0.30
-0.28
-1.44
-2.45
Россети ФСК ЕЭС
Россети Волга
Россети Московский регион
Россети Северо-Запад
Россети Томск
Россети Урал (ГК)
Россети Юг (ГК)
Россети Янтарь
-4
-2
0
2
4
6
8

Уровень потерь электроэнергии
Россети ФСК ЕЭС
Россети Волга
Россети Московский регион
Россети Северо-Запад
Россети Томск
Россети Урал (ГК)
Россети Юг (ГК)
Россети Янтарь
0
10
20
30
40
50
60
70
4.01
|
6.39
|
9.74
|
7.39
|
11.82
|
7.40
|
10.84
|
12.35
|
4.00
5.47
9.32
4.97
11.52
7.12
9.40
9.90
п.п.
2.78
Итого
0
1
2
3
%
5.47 5.47
8.25 8.25
План
Факт
1
100

● Бизнес-план выполнен● ●● Превышение бизнес-плана
Отклонения фактического уровня потерь от бизнес-плана за 3 месяца (нарастающим итогом), п.п.
-0.2-0.2
-8.3-8.3
3.13.1
-0.4-0.4
-0.6-0.6
-0.0-0.0
0.20.2
3.93.9
-0.4-0.4
-8.8-8.8
-0.0-0.0
0.20.2
-0.2-0.2
-0.5-0.5
-0.3-0.3
-0.5-0.5
-0.1-0.1
-0.2-0.2
-8.4-8.4
2.92.9
-0.4-0.4
-0.5-0.5
-0.0-0.0
0.20.2
3.83.8
-0.3-0.3
-7.9-7.9
-0.0-0.0
0.20.2
-0.2-0.2
-0.5-0.5
-0.2-0.2
-0.3-0.3
-0.1-0.1
-0.0-0.0
-0.9-0.9
-0.4-0.4
-2.4-2.4
-0.3-0.3
-0.3-0.3
-1.4-1.4
-2.4-2.4
Россети ФСКЕЭС
АО«Тываэнерго»
АО«Чеченэнерго»
Россети Волга
РоссетиКубань
РоссетиЛенэнерго(ГК)
РоссетиМосковскийрегион
РоссетиСеверныйКавказ (ГК)
Россети Северо-Запад
Россети Сибирь(ГК)
Россети Томск
Россети Тюмень
Россети Урал(ГК)
Россети Центр
Россети Центри Приволжье(ГК)
Россети Юг (Г…
РоссетиЯнтарь
-10
0
10
п.п.
Отклонения фактического уровня потерь от бизнес-плана за 3 месяца (нарастающим итогом)
-0.2-0.2
-1.5-1.5
-0.1-0.1
-0.6-0.6
-95.8-95.8
-0.0-0.0
-0.7-0.7
1.31.3
-0.5-0.5
-0.2-0.2
-90.8-90.8
0.10.1
-0.4-0.4
0.10.1
0.00.0
-0.1-0.1
-0.2-0.2
-0.3-0.3
-0.6-0.6
-0.1-0.1
-0.0-0.0
-1.2-1.2
-89.4-89.4
-0.5-0.5
-90.2-90.2
-0.4-0.4
-1.0-1.0
-0.0-0.0
-0.7-0.7
-80.6-80.6
-1.0-1.0
-0.4-0.4
-0.1-0.1
-0.2-0.2
-0.8-0.8
-1.0-1.0
-0.2-0.2
-0.5-0.5
-1.2-1.2
0.00.0
-7.3-7.3
-0.0-0.0
-0.3-0.3
-1.3-1.3
-0.2-0.2
-0.5-0.5
-43.5-43.5
-1.0-1.0
-0.0-0.0
1.21.2
1.51.5
-0.7-0.7
1.21.2
-0.5-0.5
0.50.5
-0.2-0.2
0.10.1
-40.4-40.4
0.70.7
-0.0-0.0
-0.4-0.4
-0.0-0.0
-0.1-0.1
0.20.2
-0.1-0.1
-0.1-0.1
-0.4-0.4
-0.4-0.4
-0.6-0.6
-1.9-1.9
0.00.0
-0.6-0.6
1.21.2
0.70.7
-0.0-0.0
2.72.7
0.40.4
-1.3-1.3
-44.7-44.7
-0.4-0.4
-37.3-37.3
-0.7-0.7
2.32.3
-0.9-0.9
-0.0-0.0
-0.4-0.4
-39.6-39.6
-0.4-0.4
1.91.9
1.31.3
9.99.9
-0.7-0.7
-0.4-0.4
-0.6-0.6
-0.1-0.1
0.10.1
-1.3-1.3
0.90.9
0.90.9
2.12.1
-0.8-0.8
-0.8-0.8
-0.3-0.3
9.99.9
0.50.5
10.310.3
Итого по ФС…
Каббалкэнерго
Калмэнерго
Калугаэнерго
Карачаево-Черкесскэнерго
Карельский филиал
Кировэнерго
Костромаэнерго
Красноярскэнерго
Кубаньэнерго
Кузбассэнерго-РЭС
Курскэнерго
Ленинградская область
Липецкэнерго
Мариэнерго
Мордовэнерго
Московская область
Мурманский филиал
Нижновэнерго
Новгородский филиал
ООО «БрянскЭлектро»
Омскэнерго
Орелэнерго
Оренбургэнерго
Пензаэнерго
Пермэнерго
Псковский филиал
Россети Тюмень
Россети Янтарь
Ростовэнерго
Рязаньэнерго
Самарские РС
Саратовские РС
Свердловэнерго
Севкавказэнерго
Смоленскэнерго
Ставропольэнерго
Тамбовэнерго
Тверьэнерго
Томская распределительная компания
Тулэнерго
Удмуртэнерго
Ульяновские РС
Хакасэнерго
Челябэнерго
Читаэнерго
Чувашэнерго
Ярэнерго
г. Москва
г. Санкт-Петербург
филиал в Республике Коми
АО "Тываэнерго"
АО «ВМЭС»
АО «Воронежская горэлектросеть»
АО «Тульские городские электрические сети»
АО «Чеченэнерго»
АО «Ярославская электросетевая компания»
АО ЕЭСК
Алтайэнерго
Архангельский филиал
Астраханьэнерго
Белгородэнерго
Брянскэнерго
Бурятэнерго
Владимирэнерго
Волгоградэнерго
Вологодский филиал
Воронежэнерго
Дагэнерго
Ивэнерго
Ингушэнерго
-180
60

Статус данных
Просьба обратить внимание
— все данные не занесены
Факт
План
Итого – Факт
Отпуск в сеть 53 251 393
Отпуск из сети 48 860 625
Потери 4 390 768
Итого – План
Отпуск в сеть 88 391 519
Отпуск из сети 83 558 270
Потери 4 833 249
Выполнение бизнес-плана в части показателя «Уровень потерь электроэнергии»
Показатели баланса электроэнергии по ДЗО – Факт 
57 256 396 3 856 981 9 778 647 3 075 072 476 306 6 843 010 3 467 484 462 838
55 054 236 3 645 880 8 867 734 2 922 288 421 425 6 355 760 3 141 633 417 011
2 202 160 211 102 910 913 152 783 54 881 487 250 325 852 45 827
Показатели баланса электроэнергии по ДЗО – План
58 806 842 4 033 660 10 346 741 3 272 134 504 635 7 177 213 3 760 351 489 942
56 540 011 3 775 836 9 338 688 3 030 349 444 962 6 646 123 3 352 866 429 434
2 266 831 257 824 1 008 053 241 785 59 673 531 090 407 485 60 508'

17-03-2025T03:44:20 - [MESSAGE][PASSED] - Text of object 'Object Repository/Страница авторизации/Text' is: 'ДЗО 
ПАО Россети
Период
Январь 2025 года
Отклонения фактического уровня потерь от бизнес-плана, п.п.
-0.01
-0.92
-0.43
-2.42
-0.30
-0.28
-1.44
-2.45
Россети ФСК ЕЭС
Россети Волга
Россети Московский регион
Россети Северо-Запад
Россети Томск
Россети Урал (ГК)
Россети Юг (ГК)
Россети Янтарь
-4
-2
0
2
4
6
8

Уровень потерь электроэнергии
Россети ФСК ЕЭС
Россети Волга
Россети Московский регион
Россети Северо-Запад
Россети Томск
Россети Урал (ГК)
Россети Юг (ГК)
Россети Янтарь
0
10
20
30
40
50
60
70
4.01
|
6.39
|
9.74
|
7.39
|
11.82
|
7.40
|
10.84
|
12.35
|
4.00
5.47
9.32
4.97
11.52
7.12
9.40
9.90
п.п.
2.78
Итого
0
1
2
3
%
5.47 5.47
8.25 8.25
План
Факт
1
100

● Бизнес-план выполнен● ●● Превышение бизнес-плана
Отклонения фактического уровня потерь от бизнес-плана за 3 месяца (нарастающим итогом), п.п.
-0.2-0.2
-8.3-8.3
3.13.1
-0.4-0.4
-0.6-0.6
-0.0-0.0
0.20.2
3.93.9
-0.4-0.4
-8.8-8.8
-0.0-0.0
0.20.2
-0.2-0.2
-0.5-0.5
-0.3-0.3
-0.5-0.5
-0.1-0.1
-0.2-0.2
-8.4-8.4
2.92.9
-0.4-0.4
-0.5-0.5
-0.0-0.0
0.20.2
3.83.8
-0.3-0.3
-7.9-7.9
-0.0-0.0
0.20.2
-0.2-0.2
-0.5-0.5
-0.2-0.2
-0.3-0.3
-0.1-0.1
-0.0-0.0
-0.9-0.9
-0.4-0.4
-2.4-2.4
-0.3-0.3
-0.3-0.3
-1.4-1.4
-2.4-2.4
Россети ФСКЕЭС
АО«Тываэнерго»
АО«Чеченэнерго»
Россети Волга
РоссетиКубань
РоссетиЛенэнерго(ГК)
РоссетиМосковскийрегион
РоссетиСеверныйКавказ (ГК)
Россети Северо-Запад
Россети Сибирь(ГК)
Россети Томск
Россети Тюмень
Россети Урал(ГК)
Россети Центр
Россети Центри Приволжье(ГК)
Россети Юг (Г…
РоссетиЯнтарь
-10
0
10
п.п.
Отклонения фактического уровня потерь от бизнес-плана за 3 месяца (нарастающим итогом)
-0.2-0.2
-1.5-1.5
-0.1-0.1
-0.6-0.6
-95.8-95.8
-0.0-0.0
-0.7-0.7
1.31.3
-0.5-0.5
-0.2-0.2
-90.8-90.8
0.10.1
-0.4-0.4
0.10.1
0.00.0
-0.1-0.1
-0.2-0.2
-0.3-0.3
-0.6-0.6
-0.1-0.1
-0.0-0.0
-1.2-1.2
-89.4-89.4
-0.5-0.5
-90.2-90.2
-0.4-0.4
-1.0-1.0
-0.0-0.0
-0.7-0.7
-80.6-80.6
-1.0-1.0
-0.4-0.4
-0.1-0.1
-0.2-0.2
-0.8-0.8
-1.0-1.0
-0.2-0.2
-0.5-0.5
-1.2-1.2
0.00.0
-7.3-7.3
-0.0-0.0
-0.3-0.3
-1.3-1.3
-0.2-0.2
-0.5-0.5
-43.5-43.5
-1.0-1.0
-0.0-0.0
1.21.2
1.51.5
-0.7-0.7
1.21.2
-0.5-0.5
0.50.5
-0.2-0.2
0.10.1
-40.4-40.4
0.70.7
-0.0-0.0
-0.4-0.4
-0.0-0.0
-0.1-0.1
0.20.2
-0.1-0.1
-0.1-0.1
-0.4-0.4
-0.4-0.4
-0.6-0.6
-1.9-1.9
0.00.0
-0.6-0.6
1.21.2
0.70.7
-0.0-0.0
2.72.7
0.40.4
-1.3-1.3
-44.7-44.7
-0.4-0.4
-37.3-37.3
-0.7-0.7
2.32.3
-0.9-0.9
-0.0-0.0
-0.4-0.4
-39.6-39.6
-0.4-0.4
1.91.9
1.31.3
9.99.9
-0.7-0.7
-0.4-0.4
-0.6-0.6
-0.1-0.1
0.10.1
-1.3-1.3
0.90.9
0.90.9
2.12.1
-0.8-0.8
-0.8-0.8
-0.3-0.3
9.99.9
0.50.5
10.310.3
Итого по ФС…
Каббалкэнерго
Калмэнерго
Калугаэнерго
Карачаево-Черкесскэнерго
Карельский филиал
Кировэнерго
Костромаэнерго
Красноярскэнерго
Кубаньэнерго
Кузбассэнерго-РЭС
Курскэнерго
Ленинградская область
Липецкэнерго
Мариэнерго
Мордовэнерго
Московская область
Мурманский филиал
Нижновэнерго
Новгородский филиал
ООО «БрянскЭлектро»
Омскэнерго
Орелэнерго
Оренбургэнерго
Пензаэнерго
Пермэнерго
Псковский филиал
Россети Тюмень
Россети Янтарь
Ростовэнерго
Рязаньэнерго
Самарские РС
Саратовские РС
Свердловэнерго
Севкавказэнерго
Смоленскэнерго
Ставропольэнерго
Тамбовэнерго
Тверьэнерго
Томская распределительная компания
Тулэнерго
Удмуртэнерго
Ульяновские РС
Хакасэнерго
Челябэнерго
Читаэнерго
Чувашэнерго
Ярэнерго
г. Москва
г. Санкт-Петербург
филиал в Республике Коми
АО "Тываэнерго"
АО «ВМЭС»
АО «Воронежская горэлектросеть»
АО «Тульские городские электрические сети»
АО «Чеченэнерго»
АО «Ярославская электросетевая компания»
АО ЕЭСК
Алтайэнерго
Архангельский филиал
Астраханьэнерго
Белгородэнерго
Брянскэнерго
Бурятэнерго
Владимирэнерго
Волгоградэнерго
Вологодский филиал
Воронежэнерго
Дагэнерго
Ивэнерго
Ингушэнерго
-180
60

Статус данных
Просьба обратить внимание
— все данные не занесены
Факт
План
Итого – Факт
Отпуск в сеть 53 251 393
Отпуск из сети 48 860 625
Потери 4 390 768
Итого – План
Отпуск в сеть 88 391 519
Отпуск из сети 83 558 270
Потери 4 833 249
Выполнение бизнес-плана в части показателя «Уровень потерь электроэнергии»
Показатели баланса электроэнергии по ДЗО – Факт 
57 256 396 3 856 981 9 778 647 3 075 072 476 306 6 843 010 3 467 484 462 838
55 054 236 3 645 880 8 867 734 2 922 288 421 425 6 355 760 3 141 633 417 011
2 202 160 211 102 910 913 152 783 54 881 487 250 325 852 45 827
Показатели баланса электроэнергии по ДЗО – План
58 806 842 4 033 660 10 346 741 3 272 134 504 635 7 177 213 3 760 351 489 942
56 540 011 3 775 836 9 338 688 3 030 349 444 962 6 646 123 3 352 866 429 434
2 266 831 257 824 1 008 053 241 785 59 673 531 090 407 485 60 508'

17-03-2025T03:44:20 - [TEST_STEP][PASSED] - if (urlText.contains("ошибка") || urlText.contains(searchWord) == false): null

17-03-2025T03:44:20 - [TEST_STEP][PASSED] - Script1686231490255.ZakrytOpoveshenie(): null

17-03-2025T03:44:20 - [TEST_STEP][PASSED] - opoveshenie = getText(findTestObject("Выполнение бизнес-плана/Просьба обратить внимание")): Text of object 'Object Repository/Выполнение бизнес-плана/Просьба обратить внимание' is: 'Просьба обратить внимание'

17-03-2025T03:44:20 - [MESSAGE][PASSED] - Text of object 'Object Repository/Выполнение бизнес-плана/Просьба обратить внимание' is: 'Просьба обратить внимание'

17-03-2025T03:44:20 - [TEST_STEP][PASSED] - println(opoveshenie): null

17-03-2025T03:44:20 - [TEST_STEP][PASSED] - if (opoveshenie == "Просьба обратить внимание"): Object: 'Object Repository/Выполнение бизнес-плана/Закрыть оповещение' is clicked on

17-03-2025T03:44:20 - [TEST_STEP][PASSED] - click(findTestObject("Выполнение бизнес-плана/Закрыть оповещение")): Object: 'Object Repository/Выполнение бизнес-плана/Закрыть оповещение' is clicked on

17-03-2025T03:44:20 - [MESSAGE][PASSED] - Object: 'Object Repository/Выполнение бизнес-плана/Закрыть оповещение' is clicked on

17-03-2025T03:44:20 - [TEST_STEP][PASSED] - click(findTestObject("Object Repository/Выполнение бизнес-плана/Фильтр Дата")): Object: 'Object Repository/Выполнение бизнес-плана/Фильтр Дата' is clicked on

17-03-2025T03:44:21 - [MESSAGE][PASSED] - Object: 'Object Repository/Выполнение бизнес-плана/Фильтр Дата' is clicked on

17-03-2025T03:44:21 - [TEST_STEP][PASSED] - click(findTestObject("Выполнение бизнес-плана/Снять выделение в фильтре Дата")): Object: 'Object Repository/Выполнение бизнес-плана/Снять выделение в фильтре Дата' is clicked on

17-03-2025T03:44:21 - [MESSAGE][PASSED] - Object: 'Object Repository/Выполнение бизнес-плана/Снять выделение в фильтре Дата' is clicked on

17-03-2025T03:44:21 - [TEST_STEP][PASSED] - click(findTestObject("Object Repository/Выполнение бизнес-плана/Применить в фильтре Дата")): Object: 'Object Repository/Выполнение бизнес-плана/Применить в фильтре Дата' is clicked on

17-03-2025T03:44:22 - [MESSAGE][PASSED] - Object: 'Object Repository/Выполнение бизнес-плана/Применить в фильтре Дата' is clicked on

17-03-2025T03:44:22 - [TEST_STEP][PASSED] - delay(70): Delayed 70 second(s)

17-03-2025T03:45:32 - [MESSAGE][PASSED] - Delayed 70 second(s)

17-03-2025T03:45:32 - [TEST_STEP][PASSED] - Script1686231490255.ZakrytOpoveshenie(): null

17-03-2025T03:45:32 - [TEST_STEP][PASSED] - opoveshenie = getText(findTestObject("Выполнение бизнес-плана/Просьба обратить внимание")): Text of object 'Object Repository/Выполнение бизнес-плана/Просьба обратить внимание' is: 'Просьба обратить внимание'

17-03-2025T03:45:32 - [MESSAGE][PASSED] - Text of object 'Object Repository/Выполнение бизнес-плана/Просьба обратить внимание' is: 'Просьба обратить внимание'

17-03-2025T03:45:32 - [TEST_STEP][PASSED] - println(opoveshenie): null

17-03-2025T03:45:32 - [TEST_STEP][PASSED] - if (opoveshenie == "Просьба обратить внимание"): Object: 'Object Repository/Выполнение бизнес-плана/Закрыть оповещение' is clicked on

17-03-2025T03:45:32 - [TEST_STEP][PASSED] - click(findTestObject("Выполнение бизнес-плана/Закрыть оповещение")): Object: 'Object Repository/Выполнение бизнес-плана/Закрыть оповещение' is clicked on

17-03-2025T03:45:33 - [MESSAGE][PASSED] - Object: 'Object Repository/Выполнение бизнес-плана/Закрыть оповещение' is clicked on

17-03-2025T03:45:33 - [TEST_STEP][PASSED] - click(findTestObject("Object Repository/Выполнение бизнес-плана/Фильтр Дата")): Object: 'Object Repository/Выполнение бизнес-плана/Фильтр Дата' is clicked on

17-03-2025T03:45:33 - [MESSAGE][PASSED] - Object: 'Object Repository/Выполнение бизнес-плана/Фильтр Дата' is clicked on

17-03-2025T03:45:33 - [TEST_STEP][PASSED] - scrollToElement(findTestObject("Выполнение бизнес-плана/2025 список"), 30): Scroll to object 'Object Repository/Выполнение бизнес-плана/2025 список' successfully

17-03-2025T03:45:33 - [MESSAGE][PASSED] - Scroll to object 'Object Repository/Выполнение бизнес-плана/2025 список' successfully

17-03-2025T03:45:33 - [TEST_STEP][PASSED] - click(findTestObject("Выполнение бизнес-плана/2025 список"), CONTINUE_ON_FAILURE): Object: 'Object Repository/Выполнение бизнес-плана/2025 список' is clicked on

17-03-2025T03:45:34 - [MESSAGE][PASSED] - Object: 'Object Repository/Выполнение бизнес-плана/2025 список' is clicked on

17-03-2025T03:45:34 - [TEST_STEP][PASSED] - scrollToElement(findTestObject("Выполнение бизнес-плана/1 квартал 2025 список"), 30): Scroll to object 'Object Repository/Выполнение бизнес-плана/1 квартал 2025 список' successfully

17-03-2025T03:45:34 - [MESSAGE][PASSED] - Scroll to object 'Object Repository/Выполнение бизнес-плана/1 квартал 2025 список' successfully

17-03-2025T03:45:34 - [TEST_STEP][PASSED] - click(findTestObject("Выполнение бизнес-плана/1 квартал 2025 список"), CONTINUE_ON_FAILURE): Object: 'Object Repository/Выполнение бизнес-плана/1 квартал 2025 список' is clicked on

17-03-2025T03:45:35 - [MESSAGE][PASSED] - Object: 'Object Repository/Выполнение бизнес-плана/1 квартал 2025 список' is clicked on

17-03-2025T03:45:35 - [TEST_STEP][PASSED] - click(findTestObject("Выполнение бизнес-плана/Январь 2025"), CONTINUE_ON_FAILURE): Object: 'Object Repository/Выполнение бизнес-плана/Январь 2025' is clicked on

17-03-2025T03:45:35 - [MESSAGE][PASSED] - Object: 'Object Repository/Выполнение бизнес-плана/Январь 2025' is clicked on

17-03-2025T03:45:35 - [TEST_STEP][PASSED] - scrollToElement(findTestObject("Выполнение бизнес-плана/Январь 2025"), 30): Scroll to object 'Object Repository/Выполнение бизнес-плана/Январь 2025' successfully

17-03-2025T03:45:36 - [MESSAGE][PASSED] - Scroll to object 'Object Repository/Выполнение бизнес-плана/Январь 2025' successfully

17-03-2025T03:45:36 - [TEST_STEP][PASSED] - click(findTestObject("Object Repository/Выполнение бизнес-плана/Применить в фильтре Дата")): Object: 'Object Repository/Выполнение бизнес-плана/Применить в фильтре Дата' is clicked on

17-03-2025T03:45:36 - [MESSAGE][PASSED] - Object: 'Object Repository/Выполнение бизнес-плана/Применить в фильтре Дата' is clicked on

17-03-2025T03:45:36 - [TEST_STEP][PASSED] - scrollToElement(findTestObject("Выполнение бизнес-плана/Заголовок дашборда"), 30): Scroll to object 'Object Repository/Выполнение бизнес-плана/Заголовок дашборда' successfully

17-03-2025T03:46:01 - [MESSAGE][PASSED] - Scroll to object 'Object Repository/Выполнение бизнес-плана/Заголовок дашборда' successfully

17-03-2025T03:46:01 - [TEST_STEP][PASSED] - delay(70): Delayed 70 second(s)

17-03-2025T03:47:11 - [MESSAGE][PASSED] - Delayed 70 second(s)

17-03-2025T03:47:11 - [TEST_STEP][PASSED] - Script1686231490255.ZakrytOpoveshenie(): null

17-03-2025T03:47:11 - [TEST_STEP][PASSED] - opoveshenie = getText(findTestObject("Выполнение бизнес-плана/Просьба обратить внимание")): Text of object 'Object Repository/Выполнение бизнес-плана/Просьба обратить внимание' is: 'Просьба обратить внимание'

17-03-2025T03:47:11 - [MESSAGE][PASSED] - Text of object 'Object Repository/Выполнение бизнес-плана/Просьба обратить внимание' is: 'Просьба обратить внимание'

17-03-2025T03:47:11 - [TEST_STEP][PASSED] - println(opoveshenie): null

17-03-2025T03:47:11 - [TEST_STEP][PASSED] - if (opoveshenie == "Просьба обратить внимание"): Object: 'Object Repository/Выполнение бизнес-плана/Закрыть оповещение' is clicked on

17-03-2025T03:47:11 - [TEST_STEP][PASSED] - click(findTestObject("Выполнение бизнес-плана/Закрыть оповещение")): Object: 'Object Repository/Выполнение бизнес-плана/Закрыть оповещение' is clicked on

17-03-2025T03:47:12 - [MESSAGE][PASSED] - Object: 'Object Repository/Выполнение бизнес-плана/Закрыть оповещение' is clicked on

17-03-2025T03:47:12 - [TEST_STEP][PASSED] - click(findTestObject("Object Repository/Выполнение бизнес-плана/Фильтр ДЗО")): Object: 'Object Repository/Выполнение бизнес-плана/Фильтр ДЗО' is clicked on

17-03-2025T03:47:12 - [MESSAGE][PASSED] - Object: 'Object Repository/Выполнение бизнес-плана/Фильтр ДЗО' is clicked on

17-03-2025T03:47:12 - [TEST_STEP][PASSED] - click(findTestObject("Выполнение бизнес-плана/Снять выделение в фильтре ДЗО")): Object: 'Object Repository/Выполнение бизнес-плана/Снять выделение в фильтре ДЗО' is clicked on

17-03-2025T03:47:13 - [MESSAGE][PASSED] - Object: 'Object Repository/Выполнение бизнес-плана/Снять выделение в фильтре ДЗО' is clicked on

17-03-2025T03:47:13 - [TEST_STEP][PASSED] - click(findTestObject("Выполнение бизнес-плана/ПАО Россети")): Object: 'Object Repository/Выполнение бизнес-плана/ПАО Россети' is clicked on

17-03-2025T03:47:13 - [MESSAGE][PASSED] - Object: 'Object Repository/Выполнение бизнес-плана/ПАО Россети' is clicked on

17-03-2025T03:47:13 - [TEST_STEP][PASSED] - click(findTestObject("Object Repository/Выполнение бизнес-плана/Применить в фильтре ДЗО")): Object: 'Object Repository/Выполнение бизнес-плана/Применить в фильтре ДЗО' is clicked on

17-03-2025T03:47:14 - [MESSAGE][PASSED] - Object: 'Object Repository/Выполнение бизнес-плана/Применить в фильтре ДЗО' is clicked on

17-03-2025T03:47:14 - [TEST_STEP][PASSED] - delay(70): Delayed 70 second(s)

17-03-2025T03:48:24 - [MESSAGE][PASSED] - Delayed 70 second(s)

17-03-2025T03:48:24 - [TEST_STEP][PASSED] - if (run == 1): null

17-03-2025T03:48:24 - [TEST_STEP][PASSED] - if (run == 2): null

17-03-2025T03:48:24 - [TEST_STEP][FAILED] - if (run == 3): null

17-03-2025T03:48:24 - [TEST_STEP][PASSED] - user = "Попова": null

17-03-2025T03:48:24 - [TEST_STEP][PASSED] - a1 = getText(findTestObject("Выполнение бизнес-плана/Проценты")): Text of object 'Object Repository/Выполнение бизнес-плана/Проценты' is: '%
5.47 5.47
8.25 8.25
План
Факт
1
100'

17-03-2025T03:48:25 - [MESSAGE][PASSED] - Text of object 'Object Repository/Выполнение бизнес-плана/Проценты' is: '%
5.47 5.47
8.25 8.25
План
Факт
1
100'

17-03-2025T03:48:25 - [TEST_STEP][PASSED] - a2 = getText(findTestObject("Выполнение бизнес-плана/vidget 2")): Text of object 'Object Repository/Выполнение бизнес-плана/vidget 2' is: 'Россети ФСК ЕЭС
Россети Волга
Россети Московский регион
Россети Северо-Запад
Россети Томск
Россети Урал (ГК)
Россети Юг (ГК)
Россети Янтарь
0
10
20
30
40
50
60
70'

17-03-2025T03:48:25 - [MESSAGE][PASSED] - Text of object 'Object Repository/Выполнение бизнес-плана/vidget 2' is: 'Россети ФСК ЕЭС
Россети Волга
Россети Московский регион
Россети Северо-Запад
Россети Томск
Россети Урал (ГК)
Россети Юг (ГК)
Россети Янтарь
0
10
20
30
40
50
60
70'

17-03-2025T03:48:25 - [TEST_STEP][FAILED] - a3 = getText(findTestObject("Выполнение бизнес-плана/table")): Unable to get text of object 'Object Repository/Выполнение бизнес-плана/table' (Root cause: com.kms.katalon.core.exception.StepFailedException: Unable to get text of object 'Object Repository/Выполнение бизнес-плана/table'
	at com.kms.katalon.core.webui.keyword.internal.WebUIKeywordMain.stepFailed(WebUIKeywordMain.groovy:64)
	at com.kms.katalon.core.webui.keyword.internal.WebUIKeywordMain.runKeyword(WebUIKeywordMain.groovy:26)
	at com.kms.katalon.core.webui.keyword.builtin.GetTextKeyword.getText(GetTextKeyword.groovy:88)
	at com.kms.katalon.core.webui.keyword.builtin.GetTextKeyword.execute(GetTextKeyword.groovy:67)
	at com.kms.katalon.core.keyword.internal.KeywordExecutor.executeKeywordForPlatform(KeywordExecutor.groovy:74)
	at com.kms.katalon.core.webui.keyword.WebUiBuiltInKeywords.getText(WebUiBuiltInKeywords.groovy:957)
	at Блок руководителя сверка дашбордов под разными учётками.VipolnenieBiznesPlana(Блок руководителя сверка дашбордов под разными учётками:348)
	at Блок руководителя сверка дашбордов под разными учётками.run(Блок руководителя сверка дашбордов под разными учётками:52)
	at com.kms.katalon.core.main.ScriptEngine.run(ScriptEngine.java:194)
	at com.kms.katalon.core.main.ScriptEngine.runScriptAsRawText(ScriptEngine.java:119)
	at com.kms.katalon.core.main.TestCaseExecutor.runScript(TestCaseExecutor.java:448)
	at com.kms.katalon.core.main.TestCaseExecutor.doExecute(TestCaseExecutor.java:439)
	at com.kms.katalon.core.main.TestCaseExecutor.processExecutionPhase(TestCaseExecutor.java:418)
	at com.kms.katalon.core.main.TestCaseExecutor.accessMainPhase(TestCaseExecutor.java:410)
	at com.kms.katalon.core.main.TestCaseExecutor.execute(TestCaseExecutor.java:285)
	at com.kms.katalon.core.common.CommonExecutor.accessTestCaseMainPhase(CommonExecutor.java:65)
	at com.kms.katalon.core.main.TestSuiteExecutor.accessTestSuiteMainPhase(TestSuiteExecutor.java:150)
	at com.kms.katalon.core.main.TestSuiteExecutor.execute(TestSuiteExecutor.java:106)
	at com.kms.katalon.core.main.TestCaseMain.startTestSuite(TestCaseMain.java:180)
	at TempTestSuite1742171011514.run(TempTestSuite1742171011514.groovy:35)
	at java.base/jdk.internal.reflect.NativeMethodAccessorImpl.invoke0(Native Method)
	at java.base/jdk.internal.reflect.NativeMethodAccessorImpl.invoke(NativeMethodAccessorImpl.java:77)
	at java.base/jdk.internal.reflect.DelegatingMethodAccessorImpl.invoke(DelegatingMethodAccessorImpl.java:43)
Caused by: com.kms.katalon.core.webui.exception.WebElementNotFoundException: Web element with id: 'Object Repository/Выполнение бизнес-плана/table' located by '//div[@id='grid-25be55ef81e941d9a5e47136b644a838']' not found
	at com.kms.katalon.core.webui.common.WebUiCommonHelper.findWebElement(WebUiCommonHelper.java:1426)
	at com.kms.katalon.core.webui.keyword.internal.WebUIAbstractKeyword.findWebElement(WebUIAbstractKeyword.groovy:27)
	at com.kms.katalon.core.webui.keyword.internal.WebUIAbstractKeyword.findWebElement(WebUIAbstractKeyword.groovy:26)
	at com.kms.katalon.core.webui.keyword.builtin.GetTextKeyword$_getText_closure1.doCall(GetTextKeyword.groovy:78)
	at com.kms.katalon.core.webui.keyword.builtin.GetTextKeyword$_getText_closure1.call(GetTextKeyword.groovy)
	at com.kms.katalon.core.webui.keyword.internal.WebUIKeywordMain.runKeyword(WebUIKeywordMain.groovy:20)
	at com.kms.katalon.core.webui.keyword.builtin.GetTextKeyword.getText(GetTextKeyword.groovy:88)
	at com.kms.katalon.core.webui.keyword.builtin.GetTextKeyword.execute(GetTextKeyword.groovy:67)
	at com.kms.katalon.core.keyword.internal.KeywordExecutor.executeKeywordForPlatform(KeywordExecutor.groovy:74)
	at com.kms.katalon.core.webui.keyword.WebUiBuiltInKeywords.getText(WebUiBuiltInKeywords.groovy:957)
	at Script1686231490255.VipolnenieBiznesPlana(Script1686231490255.groovy:348)
	at Script1686231490255.run(Script1686231490255.groovy:52)
	... 15 more
)

17-03-2025T03:48:56 - [MESSAGE][INFO] - Unable to find the element located by 'By.xpath: //div[@id='grid-25be55ef81e941d9a5e47136b644a838']'. Please recheck the objects properties to make sure the desired element is located. 

17-03-2025T03:48:56 - [MESSAGE][FAILED] - Unable to get text of object 'Object Repository/Выполнение бизнес-плана/table' (Root cause: com.kms.katalon.core.exception.StepFailedException: Unable to get text of object 'Object Repository/Выполнение бизнес-плана/table'
	at com.kms.katalon.core.webui.keyword.internal.WebUIKeywordMain.stepFailed(WebUIKeywordMain.groovy:64)
	at com.kms.katalon.core.webui.keyword.internal.WebUIKeywordMain.runKeyword(WebUIKeywordMain.groovy:26)
	at com.kms.katalon.core.webui.keyword.builtin.GetTextKeyword.getText(GetTextKeyword.groovy:88)
	at com.kms.katalon.core.webui.keyword.builtin.GetTextKeyword.execute(GetTextKeyword.groovy:67)
	at com.kms.katalon.core.keyword.internal.KeywordExecutor.executeKeywordForPlatform(KeywordExecutor.groovy:74)
	at com.kms.katalon.core.webui.keyword.WebUiBuiltInKeywords.getText(WebUiBuiltInKeywords.groovy:957)
	at Блок руководителя сверка дашбордов под разными учётками.VipolnenieBiznesPlana(Блок руководителя сверка дашбордов под разными учётками:348)
	at Блок руководителя сверка дашбордов под разными учётками.run(Блок руководителя сверка дашбордов под разными учётками:52)
	at com.kms.katalon.core.main.ScriptEngine.run(ScriptEngine.java:194)
	at com.kms.katalon.core.main.ScriptEngine.runScriptAsRawText(ScriptEngine.java:119)
	at com.kms.katalon.core.main.TestCaseExecutor.runScript(TestCaseExecutor.java:448)
	at com.kms.katalon.core.main.TestCaseExecutor.doExecute(TestCaseExecutor.java:439)
	at com.kms.katalon.core.main.TestCaseExecutor.processExecutionPhase(TestCaseExecutor.java:418)
	at com.kms.katalon.core.main.TestCaseExecutor.accessMainPhase(TestCaseExecutor.java:410)
	at com.kms.katalon.core.main.TestCaseExecutor.execute(TestCaseExecutor.java:285)
	at com.kms.katalon.core.common.CommonExecutor.accessTestCaseMainPhase(CommonExecutor.java:65)
	at com.kms.katalon.core.main.TestSuiteExecutor.accessTestSuiteMainPhase(TestSuiteExecutor.java:150)
	at com.kms.katalon.core.main.TestSuiteExecutor.execute(TestSuiteExecutor.java:106)
	at com.kms.katalon.core.main.TestCaseMain.startTestSuite(TestCaseMain.java:180)
	at TempTestSuite1742171011514.run(TempTestSuite1742171011514.groovy:35)
	at java.base/jdk.internal.reflect.NativeMethodAccessorImpl.invoke0(Native Method)
	at java.base/jdk.internal.reflect.NativeMethodAccessorImpl.invoke(NativeMethodAccessorImpl.java:77)
	at java.base/jdk.internal.reflect.DelegatingMethodAccessorImpl.invoke(DelegatingMethodAccessorImpl.java:43)
Caused by: com.kms.katalon.core.webui.exception.WebElementNotFoundException: Web element with id: 'Object Repository/Выполнение бизнес-плана/table' located by '//div[@id='grid-25be55ef81e941d9a5e47136b644a838']' not found
	at com.kms.katalon.core.webui.common.WebUiCommonHelper.findWebElement(WebUiCommonHelper.java:1426)
	at com.kms.katalon.core.webui.keyword.internal.WebUIAbstractKeyword.findWebElement(WebUIAbstractKeyword.groovy:27)
	at com.kms.katalon.core.webui.keyword.internal.WebUIAbstractKeyword.findWebElement(WebUIAbstractKeyword.groovy:26)
	at com.kms.katalon.core.webui.keyword.builtin.GetTextKeyword$_getText_closure1.doCall(GetTextKeyword.groovy:78)
	at com.kms.katalon.core.webui.keyword.builtin.GetTextKeyword$_getText_closure1.call(GetTextKeyword.groovy)
	at com.kms.katalon.core.webui.keyword.internal.WebUIKeywordMain.runKeyword(WebUIKeywordMain.groovy:20)
	at com.kms.katalon.core.webui.keyword.builtin.GetTextKeyword.getText(GetTextKeyword.groovy:88)
	at com.kms.katalon.core.webui.keyword.builtin.GetTextKeyword.execute(GetTextKeyword.groovy:67)
	at com.kms.katalon.core.keyword.internal.KeywordExecutor.executeKeywordForPlatform(KeywordExecutor.groovy:74)
	at com.kms.katalon.core.webui.keyword.WebUiBuiltInKeywords.getText(WebUiBuiltInKeywords.groovy:957)
	at Script1686231490255.VipolnenieBiznesPlana(Script1686231490255.groovy:348)
	at Script1686231490255.run(Script1686231490255.groovy:52)
	... 15 more
)
[[ATTACHMENT|C:\\Users\\LIAZGINA-DI\\git\\SPORU\\Reports\\20250317_032331\\\u041F\u043D-\u0421\u0440-\u041F\u0442\\\u0421\u0432\u0435\u0440\u043A\u0430 \u0434\u0430\u0448\u0431\u043E\u0440\u0434\u043E\u0432 \u0438\u0437 \u0440\u0430\u0437\u043D\u044B\u0445 \u0431\u043B\u043E\u043A\u043E\u0432\\20250317_032331\\1742172536548.png]]

17-03-2025T03:48:56 - [TEST_STEP][PASSED] - a4 = getText(findTestObject("Выполнение бизнес-плана/Список ДЗО")): Text of object 'Object Repository/Выполнение бизнес-плана/Список ДЗО' is: '-0.01
-0.92
-0.43
-2.42
-0.30
-0.28
-1.44
-2.45
Россети ФСК ЕЭС
Россети Волга
Россети Московский регион
Россети Северо-Запад
Россети Томск
Россети Урал (ГК)
Россети Юг (ГК)
Россети Янтарь
-4
-2
0
2
4
6
8'

17-03-2025T03:48:56 - [MESSAGE][PASSED] - Text of object 'Object Repository/Выполнение бизнес-плана/Список ДЗО' is: '-0.01
-0.92
-0.43
-2.42
-0.30
-0.28
-1.44
-2.45
Россети ФСК ЕЭС
Россети Волга
Россети Московский регион
Россети Северо-Запад
Россети Томск
Россети Урал (ГК)
Россети Юг (ГК)
Россети Янтарь
-4
-2
0
2
4
6
8'

17-03-2025T03:48:56 - [TEST_STEP][PASSED] - a5 = getText(findTestObject("Выполнение бизнес-плана/svg1")): Text of object 'Object Repository/Выполнение бизнес-плана/svg1' is: '%
5.47 5.47
8.25 8.25
План
Факт
1
100'

17-03-2025T03:48:57 - [MESSAGE][PASSED] - Text of object 'Object Repository/Выполнение бизнес-плана/svg1' is: '%
5.47 5.47
8.25 8.25
План
Факт
1
100'

17-03-2025T03:48:57 - [TEST_STEP][PASSED] - a6 = getText(findTestObject("Выполнение бизнес-плана/svg2")): Text of object 'Object Repository/Выполнение бизнес-плана/svg2' is: 'п.п.
2.78
Итого
0
1
2
3'

17-03-2025T03:48:57 - [MESSAGE][PASSED] - Text of object 'Object Repository/Выполнение бизнес-плана/svg2' is: 'п.п.
2.78
Итого
0
1
2
3'

17-03-2025T03:48:57 - [TEST_STEP][PASSED] - a7 = getText(findTestObject("Выполнение бизнес-плана/Значения со страницы Выполнение бизнес-плана/Факт Отпуск в сеть за отчётный период ПАО Россети")): Text of object 'Object Repository/Выполнение бизнес-плана/Значения со страницы Выполнение бизнес-плана/Факт Отпуск в сеть за отчётный период ПАО Россети' is: '53 251 393'

17-03-2025T03:48:57 - [MESSAGE][PASSED] - Text of object 'Object Repository/Выполнение бизнес-плана/Значения со страницы Выполнение бизнес-плана/Факт Отпуск в сеть за отчётный период ПАО Россети' is: '53 251 393'

17-03-2025T03:48:57 - [TEST_STEP][PASSED] - a8 = getText(findTestObject("Выполнение бизнес-плана/Значения со страницы Выполнение бизнес-плана/Факт Отпуск из сети за отчётный период ПАО Россети")): Text of object 'Object Repository/Выполнение бизнес-плана/Значения со страницы Выполнение бизнес-плана/Факт Отпуск из сети за отчётный период ПАО Россети' is: '48 860 625'

17-03-2025T03:48:58 - [MESSAGE][PASSED] - Text of object 'Object Repository/Выполнение бизнес-плана/Значения со страницы Выполнение бизнес-плана/Факт Отпуск из сети за отчётный период ПАО Россети' is: '48 860 625'

17-03-2025T03:48:58 - [TEST_STEP][PASSED] - a9 = getText(findTestObject("Выполнение бизнес-плана/Значения со страницы Выполнение бизнес-плана/Факт Потери за отчётный период ПАО Россети")): Text of object 'Object Repository/Выполнение бизнес-плана/Значения со страницы Выполнение бизнес-плана/Факт Потери за отчётный период ПАО Россети' is: '4 390 768'

17-03-2025T03:48:58 - [MESSAGE][PASSED] - Text of object 'Object Repository/Выполнение бизнес-плана/Значения со страницы Выполнение бизнес-плана/Факт Потери за отчётный период ПАО Россети' is: '4 390 768'

17-03-2025T03:48:58 - [TEST_STEP][PASSED] - n = n + 2: null

17-03-2025T03:48:58 - [TEST_STEP][PASSED] - b = data.getRowNumbers() + 1: null

17-03-2025T03:48:58 - [TEST_STEP][PASSED] - verifyEqual(findTestData("PlanFact").getValue(2, b), a1): Actual object '%
5.47 5.47
8.25 8.25
План
Факт
1
100' and expected object '%
5.47 5.47
8.25 8.25
План
Факт
1
100' are equal

17-03-2025T03:48:58 - [MESSAGE][PASSED] - Actual object '%
5.47 5.47
8.25 8.25
План
Факт
1
100' and expected object '%
5.47 5.47
8.25 8.25
План
Факт
1
100' are equal

17-03-2025T03:48:58 - [TEST_STEP][PASSED] - verifyEqual(findTestData("PlanFact").getValue(3, b), a2): Actual object 'Россети ФСК ЕЭС
Россети Волга
Россети Московский регион
Россети Северо-Запад
Россети Томск
Россети Урал (ГК)
Россети Юг (ГК)
Россети Янтарь
0
10
20
30
40
50
60
70' and expected object 'Россети ФСК ЕЭС
Россети Волга
Россети Московский регион
Россети Северо-Запад
Россети Томск
Россети Урал (ГК)
Россети Юг (ГК)
Россети Янтарь
0
10
20
30
40
50
60
70' are equal

17-03-2025T03:48:58 - [MESSAGE][PASSED] - Actual object 'Россети ФСК ЕЭС
Россети Волга
Россети Московский регион
Россети Северо-Запад
Россети Томск
Россети Урал (ГК)
Россети Юг (ГК)
Россети Янтарь
0
10
20
30
40
50
60
70' and expected object 'Россети ФСК ЕЭС
Россети Волга
Россети Московский регион
Россети Северо-Запад
Россети Томск
Россети Урал (ГК)
Россети Юг (ГК)
Россети Янтарь
0
10
20
30
40
50
60
70' are equal

17-03-2025T03:48:58 - [TEST_STEP][FAILED] - verifyEqual(findTestData("PlanFact").getValue(4, b), a3): Unable to verify equal between actual object '' and expected object 'null' (Root cause: com.kms.katalon.core.exception.StepFailedException: Actual object '' and expected object 'null' are not equal
	at com.kms.katalon.core.keyword.builtin.VerifyEqualKeyword$_verifyEqual_closure1.doCall(VerifyEqualKeyword.groovy:58)
	at com.kms.katalon.core.keyword.builtin.VerifyEqualKeyword$_verifyEqual_closure1.call(VerifyEqualKeyword.groovy)
	at com.kms.katalon.core.keyword.internal.KeywordMain.runKeyword(KeywordMain.groovy:75)
	at com.kms.katalon.core.keyword.builtin.VerifyEqualKeyword.verifyEqual(VerifyEqualKeyword.groovy:63)
	at com.kms.katalon.core.keyword.builtin.VerifyEqualKeyword.execute(VerifyEqualKeyword.groovy:44)
	at com.kms.katalon.core.keyword.internal.KeywordExecutor.executeKeywordForPlatform(KeywordExecutor.groovy:74)
	at com.kms.katalon.core.keyword.BuiltinKeywords.verifyEqual(BuiltinKeywords.groovy:146)
	at java.base/jdk.internal.reflect.NativeMethodAccessorImpl.invoke0(Native Method)
	at java.base/jdk.internal.reflect.NativeMethodAccessorImpl.invoke(NativeMethodAccessorImpl.java:77)
	at java.base/jdk.internal.reflect.DelegatingMethodAccessorImpl.invoke(DelegatingMethodAccessorImpl.java:43)
	at Блок руководителя сверка дашбордов под разными учётками.VipolnenieBiznesPlana(Блок руководителя сверка дашбордов под разными учётками:370)
	at Блок руководителя сверка дашбордов под разными учётками.run(Блок руководителя сверка дашбордов под разными учётками:52)
	at com.kms.katalon.core.main.ScriptEngine.run(ScriptEngine.java:194)
	at com.kms.katalon.core.main.ScriptEngine.runScriptAsRawText(ScriptEngine.java:119)
	at com.kms.katalon.core.main.TestCaseExecutor.runScript(TestCaseExecutor.java:448)
	at com.kms.katalon.core.main.TestCaseExecutor.doExecute(TestCaseExecutor.java:439)
	at com.kms.katalon.core.main.TestCaseExecutor.processExecutionPhase(TestCaseExecutor.java:418)
	at com.kms.katalon.core.main.TestCaseExecutor.accessMainPhase(TestCaseExecutor.java:410)
	at com.kms.katalon.core.main.TestCaseExecutor.execute(TestCaseExecutor.java:285)
	at com.kms.katalon.core.common.CommonExecutor.accessTestCaseMainPhase(CommonExecutor.java:65)
	at com.kms.katalon.core.main.TestSuiteExecutor.accessTestSuiteMainPhase(TestSuiteExecutor.java:150)
	at com.kms.katalon.core.main.TestSuiteExecutor.execute(TestSuiteExecutor.java:106)
	at com.kms.katalon.core.main.TestCaseMain.startTestSuite(TestCaseMain.java:180)
	at TempTestSuite1742171011514.run(TempTestSuite1742171011514.groovy:35)
	at java.base/jdk.internal.reflect.NativeMethodAccessorImpl.invoke0(Native Method)
	at java.base/jdk.internal.reflect.NativeMethodAccessorImpl.invoke(NativeMethodAccessorImpl.java:77)
	at java.base/jdk.internal.reflect.DelegatingMethodAccessorImpl.invoke(DelegatingMethodAccessorImpl.java:43)
)

17-03-2025T03:48:58 - [MESSAGE][FAILED] - Unable to verify equal between actual object '' and expected object 'null' (Root cause: com.kms.katalon.core.exception.StepFailedException: Actual object '' and expected object 'null' are not equal
	at com.kms.katalon.core.keyword.builtin.VerifyEqualKeyword$_verifyEqual_closure1.doCall(VerifyEqualKeyword.groovy:58)
	at com.kms.katalon.core.keyword.builtin.VerifyEqualKeyword$_verifyEqual_closure1.call(VerifyEqualKeyword.groovy)
	at com.kms.katalon.core.keyword.internal.KeywordMain.runKeyword(KeywordMain.groovy:75)
	at com.kms.katalon.core.keyword.builtin.VerifyEqualKeyword.verifyEqual(VerifyEqualKeyword.groovy:63)
	at com.kms.katalon.core.keyword.builtin.VerifyEqualKeyword.execute(VerifyEqualKeyword.groovy:44)
	at com.kms.katalon.core.keyword.internal.KeywordExecutor.executeKeywordForPlatform(KeywordExecutor.groovy:74)
	at com.kms.katalon.core.keyword.BuiltinKeywords.verifyEqual(BuiltinKeywords.groovy:146)
	at java.base/jdk.internal.reflect.NativeMethodAccessorImpl.invoke0(Native Method)
	at java.base/jdk.internal.reflect.NativeMethodAccessorImpl.invoke(NativeMethodAccessorImpl.java:77)
	at java.base/jdk.internal.reflect.DelegatingMethodAccessorImpl.invoke(DelegatingMethodAccessorImpl.java:43)
	at Блок руководителя сверка дашбордов под разными учётками.VipolnenieBiznesPlana(Блок руководителя сверка дашбордов под разными учётками:370)
	at Блок руководителя сверка дашбордов под разными учётками.run(Блок руководителя сверка дашбордов под разными учётками:52)
	at com.kms.katalon.core.main.ScriptEngine.run(ScriptEngine.java:194)
	at com.kms.katalon.core.main.ScriptEngine.runScriptAsRawText(ScriptEngine.java:119)
	at com.kms.katalon.core.main.TestCaseExecutor.runScript(TestCaseExecutor.java:448)
	at com.kms.katalon.core.main.TestCaseExecutor.doExecute(TestCaseExecutor.java:439)
	at com.kms.katalon.core.main.TestCaseExecutor.processExecutionPhase(TestCaseExecutor.java:418)
	at com.kms.katalon.core.main.TestCaseExecutor.accessMainPhase(TestCaseExecutor.java:410)
	at com.kms.katalon.core.main.TestCaseExecutor.execute(TestCaseExecutor.java:285)
	at com.kms.katalon.core.common.CommonExecutor.accessTestCaseMainPhase(CommonExecutor.java:65)
	at com.kms.katalon.core.main.TestSuiteExecutor.accessTestSuiteMainPhase(TestSuiteExecutor.java:150)
	at com.kms.katalon.core.main.TestSuiteExecutor.execute(TestSuiteExecutor.java:106)
	at com.kms.katalon.core.main.TestCaseMain.startTestSuite(TestCaseMain.java:180)
	at TempTestSuite1742171011514.run(TempTestSuite1742171011514.groovy:35)
	at java.base/jdk.internal.reflect.NativeMethodAccessorImpl.invoke0(Native Method)
	at java.base/jdk.internal.reflect.NativeMethodAccessorImpl.invoke(NativeMethodAccessorImpl.java:77)
	at java.base/jdk.internal.reflect.DelegatingMethodAccessorImpl.invoke(DelegatingMethodAccessorImpl.java:43)
)

17-03-2025T03:48:58 - [TEST_STEP][PASSED] - verifyEqual(findTestData("PlanFact").getValue(5, b), a4): Actual object '-0.01
-0.92
-0.43
-2.42
-0.30
-0.28
-1.44
-2.45
Россети ФСК ЕЭС
Россети Волга
Россети Московский регион
Россети Северо-Запад
Россети Томск
Россети Урал (ГК)
Россети Юг (ГК)
Россети Янтарь
-4
-2
0
2
4
6
8' and expected object '-0.01
-0.92
-0.43
-2.42
-0.30
-0.28
-1.44
-2.45
Россети ФСК ЕЭС
Россети Волга
Россети Московский регион
Россети Северо-Запад
Россети Томск
Россети Урал (ГК)
Россети Юг (ГК)
Россети Янтарь
-4
-2
0
2
4
6
8' are equal

17-03-2025T03:48:58 - [MESSAGE][PASSED] - Actual object '-0.01
-0.92
-0.43
-2.42
-0.30
-0.28
-1.44
-2.45
Россети ФСК ЕЭС
Россети Волга
Россети Московский регион
Россети Северо-Запад
Россети Томск
Россети Урал (ГК)
Россети Юг (ГК)
Россети Янтарь
-4
-2
0
2
4
6
8' and expected object '-0.01
-0.92
-0.43
-2.42
-0.30
-0.28
-1.44
-2.45
Россети ФСК ЕЭС
Россети Волга
Россети Московский регион
Россети Северо-Запад
Россети Томск
Россети Урал (ГК)
Россети Юг (ГК)
Россети Янтарь
-4
-2
0
2
4
6
8' are equal

17-03-2025T03:48:58 - [TEST_STEP][PASSED] - verifyEqual(findTestData("PlanFact").getValue(6, b), a5): Actual object '%
5.47 5.47
8.25 8.25
План
Факт
1
100' and expected object '%
5.47 5.47
8.25 8.25
План
Факт
1
100' are equal

17-03-2025T03:48:58 - [MESSAGE][PASSED] - Actual object '%
5.47 5.47
8.25 8.25
План
Факт
1
100' and expected object '%
5.47 5.47
8.25 8.25
План
Факт
1
100' are equal

17-03-2025T03:48:58 - [TEST_STEP][PASSED] - verifyEqual(findTestData("PlanFact").getValue(7, b), a6): Actual object 'п.п.
2.78
Итого
0
1
2
3' and expected object 'п.п.
2.78
Итого
0
1
2
3' are equal

17-03-2025T03:48:58 - [MESSAGE][PASSED] - Actual object 'п.п.
2.78
Итого
0
1
2
3' and expected object 'п.п.
2.78
Итого
0
1
2
3' are equal

17-03-2025T03:48:58 - [TEST_STEP][PASSED] - verifyEqual(findTestData("PlanFact").getValue(8, b), a7): Actual object '53 251 393' and expected object '53 251 393' are equal

17-03-2025T03:48:58 - [MESSAGE][PASSED] - Actual object '53 251 393' and expected object '53 251 393' are equal

17-03-2025T03:48:58 - [TEST_STEP][PASSED] - verifyEqual(findTestData("PlanFact").getValue(9, b), a8): Actual object '48 860 625' and expected object '48 860 625' are equal

17-03-2025T03:48:59 - [MESSAGE][PASSED] - Actual object '48 860 625' and expected object '48 860 625' are equal

17-03-2025T03:48:59 - [TEST_STEP][PASSED] - verifyEqual(findTestData("PlanFact").getValue(10, b), a9): Actual object '4 390 768' and expected object '4 390 768' are equal

17-03-2025T03:48:59 - [MESSAGE][PASSED] - Actual object '4 390 768' and expected object '4 390 768' are equal

17-03-2025T03:48:59 - [TEST_STEP][PASSED] - Script1686231490255.WriteToExcel(user, dashboardName, n, data, run, a1, a2, a3, a4, a5, a6, a7, a8, a9): null

17-03-2025T03:48:59 - [TEST_STEP][PASSED] - sheetName = "Sheet1": null

17-03-2025T03:48:59 - [TEST_STEP][PASSED] - workbook01 = getWorkbook(excelFilePath): null

17-03-2025T03:48:59 - [TEST_STEP][PASSED] - sheet01 = getExcelSheet(workbook01, sheetName): null

17-03-2025T03:48:59 - [TEST_STEP][PASSED] - setValueToCellByIndex(sheet01, n, 0, dashboardName): null

17-03-2025T03:48:59 - [TEST_STEP][PASSED] - setValueToCellByIndex(sheet01, n, 10, user): null

17-03-2025T03:48:59 - [TEST_STEP][PASSED] - setValueToCellByIndex(sheet01, n, 1, a1): null

17-03-2025T03:48:59 - [TEST_STEP][PASSED] - setValueToCellByIndex(sheet01, n, 2, a2): null

17-03-2025T03:48:59 - [TEST_STEP][PASSED] - setValueToCellByIndex(sheet01, n, 3, a3): null

17-03-2025T03:48:59 - [TEST_STEP][PASSED] - setValueToCellByIndex(sheet01, n, 4, a4): null

17-03-2025T03:48:59 - [TEST_STEP][PASSED] - setValueToCellByIndex(sheet01, n, 5, a5): null

17-03-2025T03:48:59 - [TEST_STEP][PASSED] - setValueToCellByIndex(sheet01, n, 6, a6): null

17-03-2025T03:48:59 - [TEST_STEP][PASSED] - setValueToCellByIndex(sheet01, n, 7, a7): null

17-03-2025T03:48:59 - [TEST_STEP][PASSED] - setValueToCellByIndex(sheet01, n, 8, a8): null

17-03-2025T03:48:59 - [TEST_STEP][PASSED] - setValueToCellByIndex(sheet01, n, 9, a9): null

17-03-2025T03:48:59 - [TEST_STEP][PASSED] - n = n + 1: null

17-03-2025T03:48:59 - [TEST_STEP][PASSED] - saveWorkbook(excelFilePath, workbook01): null

17-03-2025T03:48:59 - [TEST_STEP][PASSED] - closeBrowser(): Browser is closed

17-03-2025T03:48:59 - [MESSAGE][PASSED] - Browser is closed

17-03-2025T03:48:59 - [TEST_STEP][PASSED] - delay(70): Delayed 70 second(s)

17-03-2025T03:50:09 - [MESSAGE][PASSED] - Delayed 70 second(s)

17-03-2025T03:50:09 - [TEST_STEP][PASSED] - for ([run = 1, run < 4, (run++)]): null

17-03-2025T03:50:09 - [TEST_STEP][PASSED] - ViruchkaVRublyah(user, dashboardName, n, data, run, a1, a2, a3, a4, a5, a6, a7, a8, a9, urlData): null

17-03-2025T03:50:09 - [TEST_STEP][PASSED] - n = data.getRowNumbers() + 1: null

17-03-2025T03:50:09 - [TEST_STEP][PASSED] - println(n): null

17-03-2025T03:50:09 - [TEST_STEP][PASSED] - dashboardName = "Вырука в рублях": null

17-03-2025T03:50:09 - [TEST_STEP][PASSED] - openBrowser(""): Browser is opened with url: ''

17-03-2025T03:50:09 - [MESSAGE][INFO] - Starting 'Chrome' driver

17-03-2025T03:50:09 - [MESSAGE][INFO] - Action delay is set to 0 milliseconds

17-03-2025T03:50:10 - [MESSAGE][PASSED] - Browser is opened with url: ''

17-03-2025T03:50:10 - [TEST_STEP][PASSED] - urlData = 2: null

17-03-2025T03:50:10 - [TEST_STEP][PASSED] - Script1686231490255.CheckPageDownload(urlData, run): null

17-03-2025T03:50:10 - [TEST_STEP][PASSED] - i = 1: null

17-03-2025T03:50:10 - [TEST_STEP][PASSED] - ii = 0: null

17-03-2025T03:50:10 - [TEST_STEP][PASSED] - urlText = <not implemented yet for class: org.codehaus.groovy.ast.expr.EmptyExpression>: null

17-03-2025T03:50:10 - [TEST_STEP][PASSED] - searchWord = <not implemented yet for class: org.codehaus.groovy.ast.expr.EmptyExpression>: null

17-03-2025T03:50:10 - [TEST_STEP][PASSED] - deleteAllCookies(): Delete all cookies successfully

17-03-2025T03:50:10 - [MESSAGE][PASSED] - Delete all cookies successfully

17-03-2025T03:50:10 - [TEST_STEP][PASSED] - refresh(): Refresh successfully

17-03-2025T03:50:10 - [MESSAGE][PASSED] - Refresh successfully

17-03-2025T03:50:10 - [TEST_STEP][PASSED] - delay(70): Delayed 70 second(s)

17-03-2025T03:51:20 - [MESSAGE][PASSED] - Delayed 70 second(s)

17-03-2025T03:51:20 - [TEST_STEP][PASSED] - navigateToUrl(findTestData("PlanFact").getValue(10, urlData)): Navigate to 'https://bi.rosseti.digital/viewer?dashboardGuid=2301950b23be4ed89c1df75f2020051e&sheetGuid=b723206f698544fb87299f3095c00435&fit=true' successfully

17-03-2025T03:51:27 - [MESSAGE][PASSED] - Navigate to 'https://bi.rosseti.digital/viewer?dashboardGuid=2301950b23be4ed89c1df75f2020051e&sheetGuid=b723206f698544fb87299f3095c00435&fit=true' successfully

17-03-2025T03:51:27 - [TEST_STEP][PASSED] - pageLoaded1 = verifyElementPresent(findTestObject("Страница авторизации/Text"), 30): Object 'Object Repository/Страница авторизации/Text' is present

17-03-2025T03:51:29 - [MESSAGE][PASSED] - Object 'Object Repository/Страница авторизации/Text' is present

17-03-2025T03:51:29 - [TEST_STEP][PASSED] - if (pageLoaded1 == false): null

17-03-2025T03:51:29 - [TEST_STEP][PASSED] - urlText = getText(findTestObject("Страница авторизации/Text")): Text of object 'Object Repository/Страница авторизации/Text' is: 'Вход'

17-03-2025T03:51:29 - [MESSAGE][PASSED] - Text of object 'Object Repository/Страница авторизации/Text' is: 'Вход'

17-03-2025T03:51:29 - [TEST_STEP][PASSED] - delay(70): Delayed 70 second(s)

17-03-2025T03:52:39 - [MESSAGE][PASSED] - Delayed 70 second(s)

17-03-2025T03:52:39 - [TEST_STEP][PASSED] - searchWord = "Вход": null

17-03-2025T03:52:39 - [TEST_STEP][PASSED] - if (urlText.contains(searchWord) == false): null

17-03-2025T03:52:39 - [TEST_STEP][PASSED] - setText(findTestObject("Страница авторизации/input__username"), findTestData("PlanFact").getValue(8, run)): Text 'liazgina-di' is set on object 'Object Repository/Страница авторизации/input__username'

17-03-2025T03:52:40 - [MESSAGE][PASSED] - Text 'liazgina-di' is set on object 'Object Repository/Страница авторизации/input__username'

17-03-2025T03:52:40 - [TEST_STEP][PASSED] - setText(findTestObject("Страница авторизации/input__password"), findTestData("PlanFact").getValue(9, run)): Text ')$%5srZ8o688Dm#q' is set on object 'Object Repository/Страница авторизации/input__password'

17-03-2025T03:52:40 - [MESSAGE][PASSED] - Text ')$%5srZ8o688Dm#q' is set on object 'Object Repository/Страница авторизации/input__password'

17-03-2025T03:52:40 - [TEST_STEP][PASSED] - click(findTestObject("Страница авторизации/button_")): Object: 'Object Repository/Страница авторизации/button_' is clicked on

17-03-2025T03:52:41 - [MESSAGE][PASSED] - Object: 'Object Repository/Страница авторизации/button_' is clicked on

17-03-2025T03:52:41 - [TEST_STEP][PASSED] - delay(70): Delayed 70 second(s)

17-03-2025T03:53:51 - [MESSAGE][PASSED] - Delayed 70 second(s)

17-03-2025T03:53:51 - [TEST_STEP][PASSED] - searchWord = "а": null

17-03-2025T03:53:51 - [TEST_STEP][PASSED] - pageLoaded2 = verifyElementPresent(findTestObject("Страница авторизации/Text"), 50): Object 'Object Repository/Страница авторизации/Text' is present

17-03-2025T03:53:51 - [MESSAGE][PASSED] - Object 'Object Repository/Страница авторизации/Text' is present

17-03-2025T03:53:51 - [TEST_STEP][PASSED] - if (pageLoaded2 == false): null

17-03-2025T03:53:51 - [TEST_STEP][PASSED] - urlText = getText(findTestObject("Страница авторизации/Text")): Text of object 'Object Repository/Страница авторизации/Text' is: 'Период
Январь 2025 года
Выручка
Все
Выполнение плановых показателей по ПАО Россети за Январь 2025 года
План
Факт
Динамика
2025 год
0 млн.руб.
20 000 млн.руб.
40 000 млн.руб.
60 000 млн.руб.
80 000 млн.руб.
100 000 млн.руб.
120 000 млн.руб.
140 000 млн.руб.
160 000 млн.руб.
180 000 млн.руб.
200 000 млн.руб.
163 377
157 865
↓
ДЗО 
ПАО Россети
Внутренний оборот - выручка за услуги по передаче электрической энергии, учтенная в выручке за электроэнергию для конечных потребителей, при выполнении ДЗО функций гарантирующего поставщика
Подписи данных
⬤Отклонение
АО "РЭС"
АО «Тываэнерго»
АО «Чеченэнерго»
Россети Волга
Россети Кубань
Россети Ленэнерго (ГК)
Россети Московский регион
Россети Северный Кавказ (ГК)
Россети Северо-Запад
Россети Сибирь (ГК)
Россети Томск
Россети Тюмень
Россети Урал (ГК)
Россети ФСК ЕЭС
Россети Центр
Россети Центр и Приволжье (ГК)
Россети Юг (ГК)
Россети Янтарь
-1 200 млн.руб.
-1 000 млн.руб.
- 800 млн.руб.
- 600 млн.руб.
- 400 млн.руб.
- 200 млн.руб.
0 млн.руб.
200 млн.руб.
400 млн.руб.
600 млн.руб.
-73
23
-83
-295
-54
-403
-927
-606
-251
348
-58
-1 104
-474
-59
-675
-613
-191
-19
млн.
%
Выручка
Отклонение выручки по ПАО Россети за Январь 2025 года (факт/план, млн. руб)
ПАО Россети
-5 512.4 млн.руб.
 '

17-03-2025T03:53:52 - [MESSAGE][PASSED] - Text of object 'Object Repository/Страница авторизации/Text' is: 'Период
Январь 2025 года
Выручка
Все
Выполнение плановых показателей по ПАО Россети за Январь 2025 года
План
Факт
Динамика
2025 год
0 млн.руб.
20 000 млн.руб.
40 000 млн.руб.
60 000 млн.руб.
80 000 млн.руб.
100 000 млн.руб.
120 000 млн.руб.
140 000 млн.руб.
160 000 млн.руб.
180 000 млн.руб.
200 000 млн.руб.
163 377
157 865
↓
ДЗО 
ПАО Россети
Внутренний оборот - выручка за услуги по передаче электрической энергии, учтенная в выручке за электроэнергию для конечных потребителей, при выполнении ДЗО функций гарантирующего поставщика
Подписи данных
⬤Отклонение
АО "РЭС"
АО «Тываэнерго»
АО «Чеченэнерго»
Россети Волга
Россети Кубань
Россети Ленэнерго (ГК)
Россети Московский регион
Россети Северный Кавказ (ГК)
Россети Северо-Запад
Россети Сибирь (ГК)
Россети Томск
Россети Тюмень
Россети Урал (ГК)
Россети ФСК ЕЭС
Россети Центр
Россети Центр и Приволжье (ГК)
Россети Юг (ГК)
Россети Янтарь
-1 200 млн.руб.
-1 000 млн.руб.
- 800 млн.руб.
- 600 млн.руб.
- 400 млн.руб.
- 200 млн.руб.
0 млн.руб.
200 млн.руб.
400 млн.руб.
600 млн.руб.
-73
23
-83
-295
-54
-403
-927
-606
-251
348
-58
-1 104
-474
-59
-675
-613
-191
-19
млн.
%
Выручка
Отклонение выручки по ПАО Россети за Январь 2025 года (факт/план, млн. руб)
ПАО Россети
-5 512.4 млн.руб.
 '

17-03-2025T03:53:52 - [TEST_STEP][PASSED] - if (urlText.contains("ошибка") || urlText.contains(searchWord) == false): null

17-03-2025T03:53:52 - [TEST_STEP][PASSED] - click(findTestObject("Выручка в рублях/Фильтр Период")): Object: 'Object Repository/Выручка в рублях/Фильтр Период' is clicked on

17-03-2025T03:53:53 - [MESSAGE][PASSED] - Object: 'Object Repository/Выручка в рублях/Фильтр Период' is clicked on

17-03-2025T03:53:53 - [TEST_STEP][PASSED] - click(findTestObject("Выручка в рублях/Снять выделение в фильтре Дата")): Object: 'Object Repository/Выручка в рублях/Снять выделение в фильтре Дата' is clicked on

17-03-2025T03:53:53 - [MESSAGE][PASSED] - Object: 'Object Repository/Выручка в рублях/Снять выделение в фильтре Дата' is clicked on

17-03-2025T03:53:53 - [TEST_STEP][PASSED] - click(findTestObject("Выручка в рублях/Применить в фильтре Дата")): Object: 'Object Repository/Выручка в рублях/Применить в фильтре Дата' is clicked on

17-03-2025T03:53:54 - [MESSAGE][PASSED] - Object: 'Object Repository/Выручка в рублях/Применить в фильтре Дата' is clicked on

17-03-2025T03:53:54 - [TEST_STEP][PASSED] - click(findTestObject("Выручка в рублях/Фильтр Период")): Object: 'Object Repository/Выручка в рублях/Фильтр Период' is clicked on

17-03-2025T03:53:55 - [MESSAGE][PASSED] - Object: 'Object Repository/Выручка в рублях/Фильтр Период' is clicked on

17-03-2025T03:53:55 - [TEST_STEP][PASSED] - click(findTestObject("Выручка в рублях/Снять выделение в фильтре Дата")): Object: 'Object Repository/Выручка в рублях/Снять выделение в фильтре Дата' is clicked on

17-03-2025T03:53:56 - [MESSAGE][PASSED] - Object: 'Object Repository/Выручка в рублях/Снять выделение в фильтре Дата' is clicked on

17-03-2025T03:53:56 - [TEST_STEP][PASSED] - scrollToElement(findTestObject("Выручка в рублях/2025 список"), 30): Scroll to object 'Object Repository/Выручка в рублях/2025 список' successfully

17-03-2025T03:53:56 - [MESSAGE][PASSED] - Scroll to object 'Object Repository/Выручка в рублях/2025 список' successfully

17-03-2025T03:53:56 - [TEST_STEP][PASSED] - click(findTestObject("Выручка в рублях/2025 список")): Object: 'Object Repository/Выручка в рублях/2025 список' is clicked on

17-03-2025T03:53:57 - [MESSAGE][PASSED] - Object: 'Object Repository/Выручка в рублях/2025 список' is clicked on

17-03-2025T03:53:57 - [TEST_STEP][PASSED] - scrollToElement(findTestObject("Выручка в рублях/1 квартал 2025 список"), 30): Scroll to object 'Object Repository/Выручка в рублях/1 квартал 2025 список' successfully

17-03-2025T03:53:57 - [MESSAGE][PASSED] - Scroll to object 'Object Repository/Выручка в рублях/1 квартал 2025 список' successfully

17-03-2025T03:53:57 - [TEST_STEP][PASSED] - click(findTestObject("Выручка в рублях/1 квартал 2025 список"), CONTINUE_ON_FAILURE): Object: 'Object Repository/Выручка в рублях/1 квартал 2025 список' is clicked on

17-03-2025T03:53:57 - [MESSAGE][PASSED] - Object: 'Object Repository/Выручка в рублях/1 квартал 2025 список' is clicked on

17-03-2025T03:53:57 - [TEST_STEP][PASSED] - scrollToElement(findTestObject("Выручка в рублях/Январь 2025"), 30): Scroll to object 'Object Repository/Выручка в рублях/Январь 2025' successfully

17-03-2025T03:53:58 - [MESSAGE][PASSED] - Scroll to object 'Object Repository/Выручка в рублях/Январь 2025' successfully

17-03-2025T03:53:58 - [TEST_STEP][PASSED] - click(findTestObject("Выручка в рублях/Январь 2025"), CONTINUE_ON_FAILURE): Object: 'Object Repository/Выручка в рублях/Январь 2025' is clicked on

17-03-2025T03:53:58 - [MESSAGE][PASSED] - Object: 'Object Repository/Выручка в рублях/Январь 2025' is clicked on

17-03-2025T03:53:58 - [TEST_STEP][PASSED] - click(findTestObject("Выручка в рублях/Применить в фильтре Дата")): Object: 'Object Repository/Выручка в рублях/Применить в фильтре Дата' is clicked on

17-03-2025T03:53:59 - [MESSAGE][PASSED] - Object: 'Object Repository/Выручка в рублях/Применить в фильтре Дата' is clicked on

17-03-2025T03:53:59 - [TEST_STEP][PASSED] - scrollToElement(findTestObject("Выручка в рублях/Заголовок дашборда"), 30): Scroll to object 'Object Repository/Выручка в рублях/Заголовок дашборда' successfully

17-03-2025T03:54:00 - [MESSAGE][PASSED] - Scroll to object 'Object Repository/Выручка в рублях/Заголовок дашборда' successfully

17-03-2025T03:54:00 - [TEST_STEP][PASSED] - delay(70): Delayed 70 second(s)

17-03-2025T03:55:10 - [MESSAGE][PASSED] - Delayed 70 second(s)

17-03-2025T03:55:10 - [TEST_STEP][PASSED] - a5 = "": null

17-03-2025T03:55:10 - [TEST_STEP][PASSED] - a6 = "": null

17-03-2025T03:55:10 - [TEST_STEP][PASSED] - a7 = "": null

17-03-2025T03:55:10 - [TEST_STEP][PASSED] - a8 = "": null

17-03-2025T03:55:10 - [TEST_STEP][PASSED] - a9 = "": null

17-03-2025T03:55:10 - [TEST_STEP][PASSED] - if (run == 1): null

17-03-2025T03:55:10 - [TEST_STEP][PASSED] - user = "админ": null

17-03-2025T03:55:10 - [TEST_STEP][PASSED] - a1 = getText(findTestObject("Выручка в рублях/График План")): Text of object 'Object Repository/Выручка в рублях/График План' is: '163 377'

17-03-2025T03:55:10 - [MESSAGE][PASSED] - Text of object 'Object Repository/Выручка в рублях/График План' is: '163 377'

17-03-2025T03:55:10 - [TEST_STEP][PASSED] - a2 = getText(findTestObject("Выручка в рублях/График Факт")): Text of object 'Object Repository/Выручка в рублях/График Факт' is: '157 865'

17-03-2025T03:55:10 - [MESSAGE][PASSED] - Text of object 'Object Repository/Выручка в рублях/График Факт' is: '157 865'

17-03-2025T03:55:10 - [TEST_STEP][PASSED] - a3 = getText(findTestObject("Выручка в рублях/График Отклонение выручки")): Text of object 'Object Repository/Выручка в рублях/График Отклонение выручки' is: 'Период
Январь 2025 года
Выручка
Все
Выполнение плановых показателей по ПАО Россети за Январь 2025 года
План
Факт
Динамика
2025 год
0 млн.руб.
20 000 млн.руб.
40 000 млн.руб.
60 000 млн.руб.
80 000 млн.руб.
100 000 млн.руб.
120 000 млн.руб.
140 000 млн.руб.
160 000 млн.руб.
180 000 млн.руб.
200 000 млн.руб.
163 377
157 865
↓
ДЗО 
ПАО Россети
Внутренний оборот - выручка за услуги по передаче электрической энергии, учтенная в выручке за электроэнергию для конечных потребителей, при выполнении ДЗО функций гарантирующего поставщика
Подписи данных
⬤Отклонение
АО "РЭС"
АО «Тываэнерго»
АО «Чеченэнерго»
Россети Волга
Россети Кубань
Россети Ленэнерго (ГК)
Россети Московский регион
Россети Северный Кавказ (ГК)
Россети Северо-Запад
Россети Сибирь (ГК)
Россети Томск
Россети Тюмень
Россети Урал (ГК)
Россети ФСК ЕЭС
Россети Центр
Россети Центр и Приволжье (ГК)
Россети Юг (ГК)
Россети Янтарь
-1 200 млн.руб.
-1 000 млн.руб.
- 800 млн.руб.
- 600 млн.руб.
- 400 млн.руб.
- 200 млн.руб.
0 млн.руб.
200 млн.руб.
400 млн.руб.
600 млн.руб.
-73
23
-83
-295
-54
-403
-927
-606
-251
348
-58
-1 104
-474
-59
-675
-613
-191
-19
млн.
%
Выручка
Отклонение выручки по ПАО Россети за Январь 2025 года (факт/план, млн. руб)
ПАО Россети
-5 512.4 млн.руб.
 '

17-03-2025T03:55:11 - [MESSAGE][PASSED] - Text of object 'Object Repository/Выручка в рублях/График Отклонение выручки' is: 'Период
Январь 2025 года
Выручка
Все
Выполнение плановых показателей по ПАО Россети за Январь 2025 года
План
Факт
Динамика
2025 год
0 млн.руб.
20 000 млн.руб.
40 000 млн.руб.
60 000 млн.руб.
80 000 млн.руб.
100 000 млн.руб.
120 000 млн.руб.
140 000 млн.руб.
160 000 млн.руб.
180 000 млн.руб.
200 000 млн.руб.
163 377
157 865
↓
ДЗО 
ПАО Россети
Внутренний оборот - выручка за услуги по передаче электрической энергии, учтенная в выручке за электроэнергию для конечных потребителей, при выполнении ДЗО функций гарантирующего поставщика
Подписи данных
⬤Отклонение
АО "РЭС"
АО «Тываэнерго»
АО «Чеченэнерго»
Россети Волга
Россети Кубань
Россети Ленэнерго (ГК)
Россети Московский регион
Россети Северный Кавказ (ГК)
Россети Северо-Запад
Россети Сибирь (ГК)
Россети Томск
Россети Тюмень
Россети Урал (ГК)
Россети ФСК ЕЭС
Россети Центр
Россети Центр и Приволжье (ГК)
Россети Юг (ГК)
Россети Янтарь
-1 200 млн.руб.
-1 000 млн.руб.
- 800 млн.руб.
- 600 млн.руб.
- 400 млн.руб.
- 200 млн.руб.
0 млн.руб.
200 млн.руб.
400 млн.руб.
600 млн.руб.
-73
23
-83
-295
-54
-403
-927
-606
-251
348
-58
-1 104
-474
-59
-675
-613
-191
-19
млн.
%
Выручка
Отклонение выручки по ПАО Россети за Январь 2025 года (факт/план, млн. руб)
ПАО Россети
-5 512.4 млн.руб.
 '

17-03-2025T03:55:11 - [TEST_STEP][PASSED] - a3 = a3.substring(a3.lastIndexOf("Отклонение")): null

17-03-2025T03:55:11 - [TEST_STEP][PASSED] - click(findTestObject("Выручка в рублях/Переключить отображение с млн на проценты Выручка в рублях")): Object: 'Object Repository/Выручка в рублях/Переключить отображение с млн на проценты Выручка в рублях' is clicked on

17-03-2025T03:55:11 - [MESSAGE][PASSED] - Object: 'Object Repository/Выручка в рублях/Переключить отображение с млн на проценты Выручка в рублях' is clicked on

17-03-2025T03:55:11 - [TEST_STEP][PASSED] - a4 = getText(findTestObject("Выручка в рублях/График Отклонение выручки")): Text of object 'Object Repository/Выручка в рублях/График Отклонение выручки' is: 'Период
Январь 2025 года
Выручка
Все
Выполнение плановых показателей по ПАО Россети за Январь 2025 года
План
Факт
Динамика
2025 год
0 млн.руб.
20 000 млн.руб.
40 000 млн.руб.
60 000 млн.руб.
80 000 млн.руб.
100 000 млн.руб.
120 000 млн.руб.
140 000 млн.руб.
160 000 млн.руб.
180 000 млн.руб.
200 000 млн.руб.
163 377
157 865
↓
ДЗО 
ПАО Россети
Отклонение выручки по ПАО Россети за Январь 2025 года (факт/план, %)
ПАО Россети
-3.37 %
Внутренний оборот - выручка за услуги по передаче электрической энергии, учтенная в выручке за электроэнергию для конечных потребителей, при выполнении ДЗО функций гарантирующего поставщика
⬤Отклонение
АО "РЭС"
АО «Тываэнерго»
АО «Чеченэнерго»
Россети Волга
Россети Кубань
Россети Ленэнерго (ГК)
Россети Московский регион
Россети Северный Кавказ (ГК)
Россети Северо-Запад
Россети Сибирь (ГК)
Россети Томск
Россети Тюмень
Россети Урал (ГК)
Россети ФСК ЕЭС
Россети Центр
Россети Центр и Приволжье (ГК)
Россети Юг (ГК)
Россети Янтарь
-17 %
-15 %
-12 %
-10 %
-7 %
-5 %
-2 %
0 %
3 %
5 %
8 %
10 %
1…
-3.2 %
9.16 %
-15.18 %
-2.71 %
-0.69 %
-3.46 %
-4.13 %
-13.75 %
-3.55 %
3.18 %
-5.3 %
-10.64 %
-4.34 %
-0.21 %
-5.32 %
-4.49 %
-2.71 %
-1.75 %
Подписи данных
млн.
%
Выручка
 '

17-03-2025T03:55:12 - [MESSAGE][PASSED] - Text of object 'Object Repository/Выручка в рублях/График Отклонение выручки' is: 'Период
Январь 2025 года
Выручка
Все
Выполнение плановых показателей по ПАО Россети за Январь 2025 года
План
Факт
Динамика
2025 год
0 млн.руб.
20 000 млн.руб.
40 000 млн.руб.
60 000 млн.руб.
80 000 млн.руб.
100 000 млн.руб.
120 000 млн.руб.
140 000 млн.руб.
160 000 млн.руб.
180 000 млн.руб.
200 000 млн.руб.
163 377
157 865
↓
ДЗО 
ПАО Россети
Отклонение выручки по ПАО Россети за Январь 2025 года (факт/план, %)
ПАО Россети
-3.37 %
Внутренний оборот - выручка за услуги по передаче электрической энергии, учтенная в выручке за электроэнергию для конечных потребителей, при выполнении ДЗО функций гарантирующего поставщика
⬤Отклонение
АО "РЭС"
АО «Тываэнерго»
АО «Чеченэнерго»
Россети Волга
Россети Кубань
Россети Ленэнерго (ГК)
Россети Московский регион
Россети Северный Кавказ (ГК)
Россети Северо-Запад
Россети Сибирь (ГК)
Россети Томск
Россети Тюмень
Россети Урал (ГК)
Россети ФСК ЕЭС
Россети Центр
Россети Центр и Приволжье (ГК)
Россети Юг (ГК)
Россети Янтарь
-17 %
-15 %
-12 %
-10 %
-7 %
-5 %
-2 %
0 %
3 %
5 %
8 %
10 %
1…
-3.2 %
9.16 %
-15.18 %
-2.71 %
-0.69 %
-3.46 %
-4.13 %
-13.75 %
-3.55 %
3.18 %
-5.3 %
-10.64 %
-4.34 %
-0.21 %
-5.32 %
-4.49 %
-2.71 %
-1.75 %
Подписи данных
млн.
%
Выручка
 '

17-03-2025T03:55:12 - [TEST_STEP][PASSED] - a4 = a4.substring(a4.lastIndexOf("Отклонение")): null

17-03-2025T03:55:12 - [TEST_STEP][PASSED] - click(findTestObject("Выручка в рублях/Переключить отображение с процентов на млн Выручка в рублях")): Object: 'Object Repository/Выручка в рублях/Переключить отображение с процентов на млн Выручка в рублях' is clicked on

17-03-2025T03:55:12 - [MESSAGE][PASSED] - Object: 'Object Repository/Выручка в рублях/Переключить отображение с процентов на млн Выручка в рублях' is clicked on

17-03-2025T03:55:12 - [TEST_STEP][PASSED] - n = n + 3: null

17-03-2025T03:55:12 - [TEST_STEP][PASSED] - Script1686231490255.WriteToExcel(user, dashboardName, n, data, run, a1, a2, a3, a4, a5, a6, a7, a8, a9): null

17-03-2025T03:55:12 - [TEST_STEP][PASSED] - sheetName = "Sheet1": null

17-03-2025T03:55:12 - [TEST_STEP][PASSED] - workbook01 = getWorkbook(excelFilePath): null

17-03-2025T03:55:12 - [TEST_STEP][PASSED] - sheet01 = getExcelSheet(workbook01, sheetName): null

17-03-2025T03:55:12 - [TEST_STEP][PASSED] - setValueToCellByIndex(sheet01, n, 0, dashboardName): null

17-03-2025T03:55:12 - [TEST_STEP][PASSED] - setValueToCellByIndex(sheet01, n, 10, user): null

17-03-2025T03:55:12 - [TEST_STEP][PASSED] - setValueToCellByIndex(sheet01, n, 1, a1): null

17-03-2025T03:55:12 - [TEST_STEP][PASSED] - setValueToCellByIndex(sheet01, n, 2, a2): null

17-03-2025T03:55:12 - [TEST_STEP][PASSED] - setValueToCellByIndex(sheet01, n, 3, a3): null

17-03-2025T03:55:12 - [TEST_STEP][PASSED] - setValueToCellByIndex(sheet01, n, 4, a4): null

17-03-2025T03:55:12 - [TEST_STEP][PASSED] - setValueToCellByIndex(sheet01, n, 5, a5): null

17-03-2025T03:55:12 - [TEST_STEP][PASSED] - setValueToCellByIndex(sheet01, n, 6, a6): null

17-03-2025T03:55:12 - [TEST_STEP][PASSED] - setValueToCellByIndex(sheet01, n, 7, a7): null

17-03-2025T03:55:12 - [TEST_STEP][PASSED] - setValueToCellByIndex(sheet01, n, 8, a8): null

17-03-2025T03:55:12 - [TEST_STEP][PASSED] - setValueToCellByIndex(sheet01, n, 9, a9): null

17-03-2025T03:55:12 - [TEST_STEP][PASSED] - n = n + 1: null

17-03-2025T03:55:12 - [TEST_STEP][PASSED] - saveWorkbook(excelFilePath, workbook01): null

17-03-2025T03:55:12 - [TEST_STEP][PASSED] - if (run == 2): null

17-03-2025T03:55:12 - [TEST_STEP][PASSED] - if (run == 3): null

17-03-2025T03:55:12 - [TEST_STEP][PASSED] - closeBrowser(): null

17-03-2025T03:55:13 - [MESSAGE][PASSED] - Browser is closed

17-03-2025T03:55:13 - [TEST_STEP][PASSED] - ViruchkaVRublyah(user, dashboardName, n, data, run, a1, a2, a3, a4, a5, a6, a7, a8, a9, urlData): null

17-03-2025T03:55:13 - [TEST_STEP][PASSED] - n = data.getRowNumbers() + 1: null

17-03-2025T03:55:13 - [TEST_STEP][PASSED] - println(n): null

17-03-2025T03:55:13 - [TEST_STEP][PASSED] - dashboardName = "Вырука в рублях": null

17-03-2025T03:55:13 - [TEST_STEP][PASSED] - openBrowser(""): Browser is opened with url: ''

17-03-2025T03:55:13 - [MESSAGE][INFO] - Starting 'Chrome' driver

17-03-2025T03:55:13 - [MESSAGE][INFO] - Action delay is set to 0 milliseconds

17-03-2025T03:55:14 - [MESSAGE][PASSED] - Browser is opened with url: ''

17-03-2025T03:55:14 - [TEST_STEP][PASSED] - urlData = 2: null

17-03-2025T03:55:14 - [TEST_STEP][PASSED] - Script1686231490255.CheckPageDownload(urlData, run): null

17-03-2025T03:55:14 - [TEST_STEP][PASSED] - i = 1: null

17-03-2025T03:55:14 - [TEST_STEP][PASSED] - ii = 0: null

17-03-2025T03:55:14 - [TEST_STEP][PASSED] - urlText = <not implemented yet for class: org.codehaus.groovy.ast.expr.EmptyExpression>: null

17-03-2025T03:55:14 - [TEST_STEP][PASSED] - searchWord = <not implemented yet for class: org.codehaus.groovy.ast.expr.EmptyExpression>: null

17-03-2025T03:55:14 - [TEST_STEP][PASSED] - deleteAllCookies(): Delete all cookies successfully

17-03-2025T03:55:14 - [MESSAGE][PASSED] - Delete all cookies successfully

17-03-2025T03:55:14 - [TEST_STEP][PASSED] - refresh(): Refresh successfully

17-03-2025T03:55:14 - [MESSAGE][PASSED] - Refresh successfully

17-03-2025T03:55:14 - [TEST_STEP][PASSED] - delay(70): Delayed 70 second(s)

17-03-2025T03:56:24 - [MESSAGE][PASSED] - Delayed 70 second(s)

17-03-2025T03:56:24 - [TEST_STEP][PASSED] - navigateToUrl(findTestData("PlanFact").getValue(10, urlData)): Navigate to 'https://bi.rosseti.digital/viewer?dashboardGuid=2301950b23be4ed89c1df75f2020051e&sheetGuid=b723206f698544fb87299f3095c00435&fit=true' successfully

17-03-2025T03:56:28 - [MESSAGE][PASSED] - Navigate to 'https://bi.rosseti.digital/viewer?dashboardGuid=2301950b23be4ed89c1df75f2020051e&sheetGuid=b723206f698544fb87299f3095c00435&fit=true' successfully

17-03-2025T03:56:28 - [TEST_STEP][PASSED] - pageLoaded1 = verifyElementPresent(findTestObject("Страница авторизации/Text"), 30): Object 'Object Repository/Страница авторизации/Text' is present

17-03-2025T03:56:30 - [MESSAGE][PASSED] - Object 'Object Repository/Страница авторизации/Text' is present

17-03-2025T03:56:30 - [TEST_STEP][PASSED] - if (pageLoaded1 == false): null

17-03-2025T03:56:30 - [TEST_STEP][PASSED] - urlText = getText(findTestObject("Страница авторизации/Text")): Text of object 'Object Repository/Страница авторизации/Text' is: 'Вход'

17-03-2025T03:56:30 - [MESSAGE][PASSED] - Text of object 'Object Repository/Страница авторизации/Text' is: 'Вход'

17-03-2025T03:56:30 - [TEST_STEP][PASSED] - delay(70): Delayed 70 second(s)

17-03-2025T03:57:40 - [MESSAGE][PASSED] - Delayed 70 second(s)

17-03-2025T03:57:40 - [TEST_STEP][PASSED] - searchWord = "Вход": null

17-03-2025T03:57:40 - [TEST_STEP][PASSED] - if (urlText.contains(searchWord) == false): null

17-03-2025T03:57:40 - [TEST_STEP][PASSED] - setText(findTestObject("Страница авторизации/input__username"), findTestData("PlanFact").getValue(8, run)): Text 'Andreeva-EV' is set on object 'Object Repository/Страница авторизации/input__username'

17-03-2025T03:57:41 - [MESSAGE][PASSED] - Text 'Andreeva-EV' is set on object 'Object Repository/Страница авторизации/input__username'

17-03-2025T03:57:41 - [TEST_STEP][PASSED] - setText(findTestObject("Страница авторизации/input__password"), findTestData("PlanFact").getValue(9, run)): Text '2nPePKDwCPH3ul7xMZ' is set on object 'Object Repository/Страница авторизации/input__password'

17-03-2025T03:57:41 - [MESSAGE][PASSED] - Text '2nPePKDwCPH3ul7xMZ' is set on object 'Object Repository/Страница авторизации/input__password'

17-03-2025T03:57:41 - [TEST_STEP][PASSED] - click(findTestObject("Страница авторизации/button_")): Object: 'Object Repository/Страница авторизации/button_' is clicked on

17-03-2025T03:57:43 - [MESSAGE][PASSED] - Object: 'Object Repository/Страница авторизации/button_' is clicked on

17-03-2025T03:57:43 - [TEST_STEP][PASSED] - delay(70): Delayed 70 second(s)

17-03-2025T03:58:53 - [MESSAGE][PASSED] - Delayed 70 second(s)

17-03-2025T03:58:53 - [TEST_STEP][PASSED] - searchWord = "а": null

17-03-2025T03:58:53 - [TEST_STEP][PASSED] - pageLoaded2 = verifyElementPresent(findTestObject("Страница авторизации/Text"), 50): Object 'Object Repository/Страница авторизации/Text' is present

17-03-2025T03:58:53 - [MESSAGE][PASSED] - Object 'Object Repository/Страница авторизации/Text' is present

17-03-2025T03:58:53 - [TEST_STEP][PASSED] - if (pageLoaded2 == false): null

17-03-2025T03:58:53 - [TEST_STEP][PASSED] - urlText = getText(findTestObject("Страница авторизации/Text")): Text of object 'Object Repository/Страница авторизации/Text' is: 'Период
Январь 2025 года
Выручка
Все
Выполнение плановых показателей по ПАО Россети за Январь 2025 года
План
Факт
Динамика
2025 год
0 млн.руб.
20 000 млн.руб.
40 000 млн.руб.
60 000 млн.руб.
80 000 млн.руб.
100 000 млн.руб.
120 000 млн.руб.
140 000 млн.руб.
160 000 млн.руб.
180 000 млн.руб.
200 000 млн.руб.
163 377
157 865
↓
ДЗО 
ПАО Россети
Внутренний оборот - выручка за услуги по передаче электрической энергии, учтенная в выручке за электроэнергию для конечных потребителей, при выполнении ДЗО функций гарантирующего поставщика
Подписи данных
⬤Отклонение
АО "РЭС"
АО «Тываэнерго»
АО «Чеченэнерго»
Россети Волга
Россети Кубань
Россети Ленэнерго (ГК)
Россети Московский регион
Россети Северный Кавказ (ГК)
Россети Северо-Запад
Россети Сибирь (ГК)
Россети Томск
Россети Тюмень
Россети Урал (ГК)
Россети ФСК ЕЭС
Россети Центр
Россети Центр и Приволжье (ГК)
Россети Юг (ГК)
Россети Янтарь
-1 200 млн.руб.
-1 000 млн.руб.
- 800 млн.руб.
- 600 млн.руб.
- 400 млн.руб.
- 200 млн.руб.
0 млн.руб.
200 млн.руб.
400 млн.руб.
600 млн.руб.
-73
23
-83
-295
-54
-403
-927
-606
-251
348
-58
-1 104
-474
-59
-675
-613
-191
-19
млн.
%
Выручка
Отклонение выручки по ПАО Россети за Январь 2025 года (факт/план, млн. руб)
ПАО Россети
-5 512.4 млн.руб.
 '

17-03-2025T03:58:54 - [MESSAGE][PASSED] - Text of object 'Object Repository/Страница авторизации/Text' is: 'Период
Январь 2025 года
Выручка
Все
Выполнение плановых показателей по ПАО Россети за Январь 2025 года
План
Факт
Динамика
2025 год
0 млн.руб.
20 000 млн.руб.
40 000 млн.руб.
60 000 млн.руб.
80 000 млн.руб.
100 000 млн.руб.
120 000 млн.руб.
140 000 млн.руб.
160 000 млн.руб.
180 000 млн.руб.
200 000 млн.руб.
163 377
157 865
↓
ДЗО 
ПАО Россети
Внутренний оборот - выручка за услуги по передаче электрической энергии, учтенная в выручке за электроэнергию для конечных потребителей, при выполнении ДЗО функций гарантирующего поставщика
Подписи данных
⬤Отклонение
АО "РЭС"
АО «Тываэнерго»
АО «Чеченэнерго»
Россети Волга
Россети Кубань
Россети Ленэнерго (ГК)
Россети Московский регион
Россети Северный Кавказ (ГК)
Россети Северо-Запад
Россети Сибирь (ГК)
Россети Томск
Россети Тюмень
Россети Урал (ГК)
Россети ФСК ЕЭС
Россети Центр
Россети Центр и Приволжье (ГК)
Россети Юг (ГК)
Россети Янтарь
-1 200 млн.руб.
-1 000 млн.руб.
- 800 млн.руб.
- 600 млн.руб.
- 400 млн.руб.
- 200 млн.руб.
0 млн.руб.
200 млн.руб.
400 млн.руб.
600 млн.руб.
-73
23
-83
-295
-54
-403
-927
-606
-251
348
-58
-1 104
-474
-59
-675
-613
-191
-19
млн.
%
Выручка
Отклонение выручки по ПАО Россети за Январь 2025 года (факт/план, млн. руб)
ПАО Россети
-5 512.4 млн.руб.
 '

17-03-2025T03:58:54 - [TEST_STEP][PASSED] - if (urlText.contains("ошибка") || urlText.contains(searchWord) == false): null

17-03-2025T03:58:54 - [TEST_STEP][PASSED] - click(findTestObject("Выручка в рублях/Фильтр Период")): Object: 'Object Repository/Выручка в рублях/Фильтр Период' is clicked on

17-03-2025T03:58:55 - [MESSAGE][PASSED] - Object: 'Object Repository/Выручка в рублях/Фильтр Период' is clicked on

17-03-2025T03:58:55 - [TEST_STEP][PASSED] - click(findTestObject("Выручка в рублях/Снять выделение в фильтре Дата")): Object: 'Object Repository/Выручка в рублях/Снять выделение в фильтре Дата' is clicked on

17-03-2025T03:58:55 - [MESSAGE][PASSED] - Object: 'Object Repository/Выручка в рублях/Снять выделение в фильтре Дата' is clicked on

17-03-2025T03:58:55 - [TEST_STEP][PASSED] - click(findTestObject("Выручка в рублях/Применить в фильтре Дата")): Object: 'Object Repository/Выручка в рублях/Применить в фильтре Дата' is clicked on

17-03-2025T03:58:56 - [MESSAGE][PASSED] - Object: 'Object Repository/Выручка в рублях/Применить в фильтре Дата' is clicked on

17-03-2025T03:58:56 - [TEST_STEP][PASSED] - click(findTestObject("Выручка в рублях/Фильтр Период")): Object: 'Object Repository/Выручка в рублях/Фильтр Период' is clicked on

17-03-2025T03:58:58 - [MESSAGE][PASSED] - Object: 'Object Repository/Выручка в рублях/Фильтр Период' is clicked on

17-03-2025T03:58:58 - [TEST_STEP][PASSED] - click(findTestObject("Выручка в рублях/Снять выделение в фильтре Дата")): Object: 'Object Repository/Выручка в рублях/Снять выделение в фильтре Дата' is clicked on

17-03-2025T03:58:58 - [MESSAGE][PASSED] - Object: 'Object Repository/Выручка в рублях/Снять выделение в фильтре Дата' is clicked on

17-03-2025T03:58:58 - [TEST_STEP][PASSED] - scrollToElement(findTestObject("Выручка в рублях/2025 список"), 30): Scroll to object 'Object Repository/Выручка в рублях/2025 список' successfully

17-03-2025T03:58:58 - [MESSAGE][PASSED] - Scroll to object 'Object Repository/Выручка в рублях/2025 список' successfully

17-03-2025T03:58:58 - [TEST_STEP][PASSED] - click(findTestObject("Выручка в рублях/2025 список")): Object: 'Object Repository/Выручка в рублях/2025 список' is clicked on

17-03-2025T03:58:59 - [MESSAGE][PASSED] - Object: 'Object Repository/Выручка в рублях/2025 список' is clicked on

17-03-2025T03:58:59 - [TEST_STEP][PASSED] - scrollToElement(findTestObject("Выручка в рублях/1 квартал 2025 список"), 30): Scroll to object 'Object Repository/Выручка в рублях/1 квартал 2025 список' successfully

17-03-2025T03:58:59 - [MESSAGE][PASSED] - Scroll to object 'Object Repository/Выручка в рублях/1 квартал 2025 список' successfully

17-03-2025T03:58:59 - [TEST_STEP][PASSED] - click(findTestObject("Выручка в рублях/1 квартал 2025 список"), CONTINUE_ON_FAILURE): Object: 'Object Repository/Выручка в рублях/1 квартал 2025 список' is clicked on

17-03-2025T03:59:00 - [MESSAGE][PASSED] - Object: 'Object Repository/Выручка в рублях/1 квартал 2025 список' is clicked on

17-03-2025T03:59:00 - [TEST_STEP][PASSED] - scrollToElement(findTestObject("Выручка в рублях/Январь 2025"), 30): Scroll to object 'Object Repository/Выручка в рублях/Январь 2025' successfully

17-03-2025T03:59:00 - [MESSAGE][PASSED] - Scroll to object 'Object Repository/Выручка в рублях/Январь 2025' successfully

17-03-2025T03:59:00 - [TEST_STEP][PASSED] - click(findTestObject("Выручка в рублях/Январь 2025"), CONTINUE_ON_FAILURE): Object: 'Object Repository/Выручка в рублях/Январь 2025' is clicked on

17-03-2025T03:59:00 - [MESSAGE][PASSED] - Object: 'Object Repository/Выручка в рублях/Январь 2025' is clicked on

17-03-2025T03:59:00 - [TEST_STEP][PASSED] - click(findTestObject("Выручка в рублях/Применить в фильтре Дата")): Object: 'Object Repository/Выручка в рублях/Применить в фильтре Дата' is clicked on

17-03-2025T03:59:01 - [MESSAGE][PASSED] - Object: 'Object Repository/Выручка в рублях/Применить в фильтре Дата' is clicked on

17-03-2025T03:59:01 - [TEST_STEP][PASSED] - scrollToElement(findTestObject("Выручка в рублях/Заголовок дашборда"), 30): Scroll to object 'Object Repository/Выручка в рублях/Заголовок дашборда' successfully

17-03-2025T03:59:02 - [MESSAGE][PASSED] - Scroll to object 'Object Repository/Выручка в рублях/Заголовок дашборда' successfully

17-03-2025T03:59:02 - [TEST_STEP][PASSED] - delay(70): Delayed 70 second(s)

17-03-2025T04:00:12 - [MESSAGE][PASSED] - Delayed 70 second(s)

17-03-2025T04:00:12 - [TEST_STEP][PASSED] - a5 = "": null

17-03-2025T04:00:12 - [TEST_STEP][PASSED] - a6 = "": null

17-03-2025T04:00:12 - [TEST_STEP][PASSED] - a7 = "": null

17-03-2025T04:00:12 - [TEST_STEP][PASSED] - a8 = "": null

17-03-2025T04:00:12 - [TEST_STEP][PASSED] - a9 = "": null

17-03-2025T04:00:12 - [TEST_STEP][PASSED] - if (run == 1): null

17-03-2025T04:00:12 - [TEST_STEP][PASSED] - if (run == 2): null

17-03-2025T04:00:12 - [TEST_STEP][PASSED] - user = "Андреева": null

17-03-2025T04:00:12 - [TEST_STEP][PASSED] - a1 = getText(findTestObject("Выручка в рублях/График План")): Text of object 'Object Repository/Выручка в рублях/График План' is: '163 377'

17-03-2025T04:00:12 - [MESSAGE][PASSED] - Text of object 'Object Repository/Выручка в рублях/График План' is: '163 377'

17-03-2025T04:00:12 - [TEST_STEP][PASSED] - a2 = getText(findTestObject("Выручка в рублях/График Факт")): Text of object 'Object Repository/Выручка в рублях/График Факт' is: '157 865'

17-03-2025T04:00:12 - [MESSAGE][PASSED] - Text of object 'Object Repository/Выручка в рублях/График Факт' is: '157 865'

17-03-2025T04:00:12 - [TEST_STEP][PASSED] - a3 = getText(findTestObject("Выручка в рублях/График Отклонение выручки")): Text of object 'Object Repository/Выручка в рублях/График Отклонение выручки' is: 'Период
Январь 2025 года
Выручка
Все
Выполнение плановых показателей по ПАО Россети за Январь 2025 года
План
Факт
Динамика
2025 год
0 млн.руб.
20 000 млн.руб.
40 000 млн.руб.
60 000 млн.руб.
80 000 млн.руб.
100 000 млн.руб.
120 000 млн.руб.
140 000 млн.руб.
160 000 млн.руб.
180 000 млн.руб.
200 000 млн.руб.
163 377
157 865
↓
ДЗО 
ПАО Россети
Внутренний оборот - выручка за услуги по передаче электрической энергии, учтенная в выручке за электроэнергию для конечных потребителей, при выполнении ДЗО функций гарантирующего поставщика
Подписи данных
⬤Отклонение
АО "РЭС"
АО «Тываэнерго»
АО «Чеченэнерго»
Россети Волга
Россети Кубань
Россети Ленэнерго (ГК)
Россети Московский регион
Россети Северный Кавказ (ГК)
Россети Северо-Запад
Россети Сибирь (ГК)
Россети Томск
Россети Тюмень
Россети Урал (ГК)
Россети ФСК ЕЭС
Россети Центр
Россети Центр и Приволжье (ГК)
Россети Юг (ГК)
Россети Янтарь
-1 200 млн.руб.
-1 000 млн.руб.
- 800 млн.руб.
- 600 млн.руб.
- 400 млн.руб.
- 200 млн.руб.
0 млн.руб.
200 млн.руб.
400 млн.руб.
600 млн.руб.
-73
23
-83
-295
-54
-403
-927
-606
-251
348
-58
-1 104
-474
-59
-675
-613
-191
-19
млн.
%
Выручка
Отклонение выручки по ПАО Россети за Январь 2025 года (факт/план, млн. руб)
ПАО Россети
-5 512.4 млн.руб.
 '

17-03-2025T04:00:13 - [MESSAGE][PASSED] - Text of object 'Object Repository/Выручка в рублях/График Отклонение выручки' is: 'Период
Январь 2025 года
Выручка
Все
Выполнение плановых показателей по ПАО Россети за Январь 2025 года
План
Факт
Динамика
2025 год
0 млн.руб.
20 000 млн.руб.
40 000 млн.руб.
60 000 млн.руб.
80 000 млн.руб.
100 000 млн.руб.
120 000 млн.руб.
140 000 млн.руб.
160 000 млн.руб.
180 000 млн.руб.
200 000 млн.руб.
163 377
157 865
↓
ДЗО 
ПАО Россети
Внутренний оборот - выручка за услуги по передаче электрической энергии, учтенная в выручке за электроэнергию для конечных потребителей, при выполнении ДЗО функций гарантирующего поставщика
Подписи данных
⬤Отклонение
АО "РЭС"
АО «Тываэнерго»
АО «Чеченэнерго»
Россети Волга
Россети Кубань
Россети Ленэнерго (ГК)
Россети Московский регион
Россети Северный Кавказ (ГК)
Россети Северо-Запад
Россети Сибирь (ГК)
Россети Томск
Россети Тюмень
Россети Урал (ГК)
Россети ФСК ЕЭС
Россети Центр
Россети Центр и Приволжье (ГК)
Россети Юг (ГК)
Россети Янтарь
-1 200 млн.руб.
-1 000 млн.руб.
- 800 млн.руб.
- 600 млн.руб.
- 400 млн.руб.
- 200 млн.руб.
0 млн.руб.
200 млн.руб.
400 млн.руб.
600 млн.руб.
-73
23
-83
-295
-54
-403
-927
-606
-251
348
-58
-1 104
-474
-59
-675
-613
-191
-19
млн.
%
Выручка
Отклонение выручки по ПАО Россети за Январь 2025 года (факт/план, млн. руб)
ПАО Россети
-5 512.4 млн.руб.
 '

17-03-2025T04:00:13 - [TEST_STEP][PASSED] - a3 = a3.substring(a3.lastIndexOf("Отклонение")): null

17-03-2025T04:00:13 - [TEST_STEP][PASSED] - click(findTestObject("Выручка в рублях/Переключить отображение с млн на проценты Выручка в рублях")): Object: 'Object Repository/Выручка в рублях/Переключить отображение с млн на проценты Выручка в рублях' is clicked on

17-03-2025T04:00:13 - [MESSAGE][PASSED] - Object: 'Object Repository/Выручка в рублях/Переключить отображение с млн на проценты Выручка в рублях' is clicked on

17-03-2025T04:00:13 - [TEST_STEP][PASSED] - a4 = getText(findTestObject("Выручка в рублях/График Отклонение выручки")): Text of object 'Object Repository/Выручка в рублях/График Отклонение выручки' is: 'Период
Январь 2025 года
Выручка
Все
Выполнение плановых показателей по ПАО Россети за Январь 2025 года
План
Факт
Динамика
2025 год
0 млн.руб.
20 000 млн.руб.
40 000 млн.руб.
60 000 млн.руб.
80 000 млн.руб.
100 000 млн.руб.
120 000 млн.руб.
140 000 млн.руб.
160 000 млн.руб.
180 000 млн.руб.
200 000 млн.руб.
163 377
157 865
↓
ДЗО 
ПАО Россети
Отклонение выручки по ПАО Россети за Январь 2025 года (факт/план, %)
ПАО Россети
-3.37 %
Внутренний оборот - выручка за услуги по передаче электрической энергии, учтенная в выручке за электроэнергию для конечных потребителей, при выполнении ДЗО функций гарантирующего поставщика
⬤Отклонение
АО "РЭС"
АО «Тываэнерго»
АО «Чеченэнерго»
Россети Волга
Россети Кубань
Россети Ленэнерго (ГК)
Россети Московский регион
Россети Северный Кавказ (ГК)
Россети Северо-Запад
Россети Сибирь (ГК)
Россети Томск
Россети Тюмень
Россети Урал (ГК)
Россети ФСК ЕЭС
Россети Центр
Россети Центр и Приволжье (ГК)
Россети Юг (ГК)
Россети Янтарь
-17 %
-15 %
-12 %
-10 %
-7 %
-5 %
-2 %
0 %
3 %
5 %
8 %
10 %
1…
-3.2 %
9.16 %
-15.18 %
-2.71 %
-0.69 %
-3.46 %
-4.13 %
-13.75 %
-3.55 %
3.18 %
-5.3 %
-10.64 %
-4.34 %
-0.21 %
-5.32 %
-4.49 %
-2.71 %
-1.75 %
Подписи данных
млн.
%
Выручка
 '

17-03-2025T04:00:14 - [MESSAGE][PASSED] - Text of object 'Object Repository/Выручка в рублях/График Отклонение выручки' is: 'Период
Январь 2025 года
Выручка
Все
Выполнение плановых показателей по ПАО Россети за Январь 2025 года
План
Факт
Динамика
2025 год
0 млн.руб.
20 000 млн.руб.
40 000 млн.руб.
60 000 млн.руб.
80 000 млн.руб.
100 000 млн.руб.
120 000 млн.руб.
140 000 млн.руб.
160 000 млн.руб.
180 000 млн.руб.
200 000 млн.руб.
163 377
157 865
↓
ДЗО 
ПАО Россети
Отклонение выручки по ПАО Россети за Январь 2025 года (факт/план, %)
ПАО Россети
-3.37 %
Внутренний оборот - выручка за услуги по передаче электрической энергии, учтенная в выручке за электроэнергию для конечных потребителей, при выполнении ДЗО функций гарантирующего поставщика
⬤Отклонение
АО "РЭС"
АО «Тываэнерго»
АО «Чеченэнерго»
Россети Волга
Россети Кубань
Россети Ленэнерго (ГК)
Россети Московский регион
Россети Северный Кавказ (ГК)
Россети Северо-Запад
Россети Сибирь (ГК)
Россети Томск
Россети Тюмень
Россети Урал (ГК)
Россети ФСК ЕЭС
Россети Центр
Россети Центр и Приволжье (ГК)
Россети Юг (ГК)
Россети Янтарь
-17 %
-15 %
-12 %
-10 %
-7 %
-5 %
-2 %
0 %
3 %
5 %
8 %
10 %
1…
-3.2 %
9.16 %
-15.18 %
-2.71 %
-0.69 %
-3.46 %
-4.13 %
-13.75 %
-3.55 %
3.18 %
-5.3 %
-10.64 %
-4.34 %
-0.21 %
-5.32 %
-4.49 %
-2.71 %
-1.75 %
Подписи данных
млн.
%
Выручка
 '

17-03-2025T04:00:14 - [TEST_STEP][PASSED] - a4 = a4.substring(a4.lastIndexOf("Отклонение")): null

17-03-2025T04:00:14 - [TEST_STEP][PASSED] - click(findTestObject("Выручка в рублях/Переключить отображение с процентов на млн Выручка в рублях")): Object: 'Object Repository/Выручка в рублях/Переключить отображение с процентов на млн Выручка в рублях' is clicked on

17-03-2025T04:00:14 - [MESSAGE][PASSED] - Object: 'Object Repository/Выручка в рублях/Переключить отображение с процентов на млн Выручка в рублях' is clicked on

17-03-2025T04:00:14 - [TEST_STEP][PASSED] - n = n + 4: null

17-03-2025T04:00:14 - [TEST_STEP][PASSED] - b = n - run + 1: null

17-03-2025T04:00:14 - [TEST_STEP][PASSED] - verifyEqual(findTestData("PlanFact").getValue(2, b), a1): Actual object '163 377' and expected object '163 377' are equal

17-03-2025T04:00:14 - [MESSAGE][PASSED] - Actual object '163 377' and expected object '163 377' are equal

17-03-2025T04:00:14 - [TEST_STEP][PASSED] - verifyEqual(findTestData("PlanFact").getValue(3, b), a2): Actual object '157 865' and expected object '157 865' are equal

17-03-2025T04:00:14 - [MESSAGE][PASSED] - Actual object '157 865' and expected object '157 865' are equal

17-03-2025T04:00:14 - [TEST_STEP][PASSED] - verifyEqual(findTestData("PlanFact").getValue(4, b), a3): Actual object 'Отклонение выручки по ПАО Россети за Январь 2025 года (факт/план, млн. руб)
ПАО Россети
-5 512.4 млн.руб.
 ' and expected object 'Отклонение выручки по ПАО Россети за Январь 2025 года (факт/план, млн. руб)
ПАО Россети
-5 512.4 млн.руб.
 ' are equal

17-03-2025T04:00:15 - [MESSAGE][PASSED] - Actual object 'Отклонение выручки по ПАО Россети за Январь 2025 года (факт/план, млн. руб)
ПАО Россети
-5 512.4 млн.руб.
 ' and expected object 'Отклонение выручки по ПАО Россети за Январь 2025 года (факт/план, млн. руб)
ПАО Россети
-5 512.4 млн.руб.
 ' are equal

17-03-2025T04:00:15 - [TEST_STEP][PASSED] - verifyEqual(findTestData("PlanFact").getValue(5, b), a4): Actual object 'Отклонение
АО "РЭС"
АО «Тываэнерго»
АО «Чеченэнерго»
Россети Волга
Россети Кубань
Россети Ленэнерго (ГК)
Россети Московский регион
Россети Северный Кавказ (ГК)
Россети Северо-Запад
Россети Сибирь (ГК)
Россети Томск
Россети Тюмень
Россети Урал (ГК)
Россети ФСК ЕЭС
Россети Центр
Россети Центр и Приволжье (ГК)
Россети Юг (ГК)
Россети Янтарь
-17 %
-15 %
-12 %
-10 %
-7 %
-5 %
-2 %
0 %
3 %
5 %
8 %
10 %
1…
-3.2 %
9.16 %
-15.18 %
-2.71 %
-0.69 %
-3.46 %
-4.13 %
-13.75 %
-3.55 %
3.18 %
-5.3 %
-10.64 %
-4.34 %
-0.21 %
-5.32 %
-4.49 %
-2.71 %
-1.75 %
Подписи данных
млн.
%
Выручка
 ' and expected object 'Отклонение
АО "РЭС"
АО «Тываэнерго»
АО «Чеченэнерго»
Россети Волга
Россети Кубань
Россети Ленэнерго (ГК)
Россети Московский регион
Россети Северный Кавказ (ГК)
Россети Северо-Запад
Россети Сибирь (ГК)
Россети Томск
Россети Тюмень
Россети Урал (ГК)
Россети ФСК ЕЭС
Россети Центр
Россети Центр и Приволжье (ГК)
Россети Юг (ГК)
Россети Янтарь
-17 %
-15 %
-12 %
-10 %
-7 %
-5 %
-2 %
0 %
3 %
5 %
8 %
10 %
1…
-3.2 %
9.16 %
-15.18 %
-2.71 %
-0.69 %
-3.46 %
-4.13 %
-13.75 %
-3.55 %
3.18 %
-5.3 %
-10.64 %
-4.34 %
-0.21 %
-5.32 %
-4.49 %
-2.71 %
-1.75 %
Подписи данных
млн.
%
Выручка
 ' are equal

17-03-2025T04:00:15 - [MESSAGE][PASSED] - Actual object 'Отклонение
АО "РЭС"
АО «Тываэнерго»
АО «Чеченэнерго»
Россети Волга
Россети Кубань
Россети Ленэнерго (ГК)
Россети Московский регион
Россети Северный Кавказ (ГК)
Россети Северо-Запад
Россети Сибирь (ГК)
Россети Томск
Россети Тюмень
Россети Урал (ГК)
Россети ФСК ЕЭС
Россети Центр
Россети Центр и Приволжье (ГК)
Россети Юг (ГК)
Россети Янтарь
-17 %
-15 %
-12 %
-10 %
-7 %
-5 %
-2 %
0 %
3 %
5 %
8 %
10 %
1…
-3.2 %
9.16 %
-15.18 %
-2.71 %
-0.69 %
-3.46 %
-4.13 %
-13.75 %
-3.55 %
3.18 %
-5.3 %
-10.64 %
-4.34 %
-0.21 %
-5.32 %
-4.49 %
-2.71 %
-1.75 %
Подписи данных
млн.
%
Выручка
 ' and expected object 'Отклонение
АО "РЭС"
АО «Тываэнерго»
АО «Чеченэнерго»
Россети Волга
Россети Кубань
Россети Ленэнерго (ГК)
Россети Московский регион
Россети Северный Кавказ (ГК)
Россети Северо-Запад
Россети Сибирь (ГК)
Россети Томск
Россети Тюмень
Россети Урал (ГК)
Россети ФСК ЕЭС
Россети Центр
Россети Центр и Приволжье (ГК)
Россети Юг (ГК)
Россети Янтарь
-17 %
-15 %
-12 %
-10 %
-7 %
-5 %
-2 %
0 %
3 %
5 %
8 %
10 %
1…
-3.2 %
9.16 %
-15.18 %
-2.71 %
-0.69 %
-3.46 %
-4.13 %
-13.75 %
-3.55 %
3.18 %
-5.3 %
-10.64 %
-4.34 %
-0.21 %
-5.32 %
-4.49 %
-2.71 %
-1.75 %
Подписи данных
млн.
%
Выручка
 ' are equal

17-03-2025T04:00:15 - [TEST_STEP][PASSED] - Script1686231490255.WriteToExcel(user, dashboardName, n, data, run, a1, a2, a3, a4, a5, a6, a7, a8, a9): null

17-03-2025T04:00:15 - [TEST_STEP][PASSED] - sheetName = "Sheet1": null

17-03-2025T04:00:15 - [TEST_STEP][PASSED] - workbook01 = getWorkbook(excelFilePath): null

17-03-2025T04:00:15 - [TEST_STEP][PASSED] - sheet01 = getExcelSheet(workbook01, sheetName): null

17-03-2025T04:00:15 - [TEST_STEP][PASSED] - setValueToCellByIndex(sheet01, n, 0, dashboardName): null

17-03-2025T04:00:15 - [TEST_STEP][PASSED] - setValueToCellByIndex(sheet01, n, 10, user): null

17-03-2025T04:00:15 - [TEST_STEP][PASSED] - setValueToCellByIndex(sheet01, n, 1, a1): null

17-03-2025T04:00:15 - [TEST_STEP][PASSED] - setValueToCellByIndex(sheet01, n, 2, a2): null

17-03-2025T04:00:15 - [TEST_STEP][PASSED] - setValueToCellByIndex(sheet01, n, 3, a3): null

17-03-2025T04:00:15 - [TEST_STEP][PASSED] - setValueToCellByIndex(sheet01, n, 4, a4): null

17-03-2025T04:00:15 - [TEST_STEP][PASSED] - setValueToCellByIndex(sheet01, n, 5, a5): null

17-03-2025T04:00:15 - [TEST_STEP][PASSED] - setValueToCellByIndex(sheet01, n, 6, a6): null

17-03-2025T04:00:15 - [TEST_STEP][PASSED] - setValueToCellByIndex(sheet01, n, 7, a7): null

17-03-2025T04:00:15 - [TEST_STEP][PASSED] - setValueToCellByIndex(sheet01, n, 8, a8): null

17-03-2025T04:00:15 - [TEST_STEP][PASSED] - setValueToCellByIndex(sheet01, n, 9, a9): null

17-03-2025T04:00:15 - [TEST_STEP][PASSED] - n = n + 1: null

17-03-2025T04:00:15 - [TEST_STEP][PASSED] - saveWorkbook(excelFilePath, workbook01): null

17-03-2025T04:00:15 - [TEST_STEP][PASSED] - if (run == 3): null

17-03-2025T04:00:15 - [TEST_STEP][PASSED] - closeBrowser(): null

17-03-2025T04:00:15 - [MESSAGE][PASSED] - Browser is closed

17-03-2025T04:00:15 - [TEST_STEP][PASSED] - ViruchkaVRublyah(user, dashboardName, n, data, run, a1, a2, a3, a4, a5, a6, a7, a8, a9, urlData): null

17-03-2025T04:00:15 - [TEST_STEP][PASSED] - n = data.getRowNumbers() + 1: null

17-03-2025T04:00:15 - [TEST_STEP][PASSED] - println(n): null

17-03-2025T04:00:15 - [TEST_STEP][PASSED] - dashboardName = "Вырука в рублях": null

17-03-2025T04:00:15 - [TEST_STEP][PASSED] - openBrowser(""): Browser is opened with url: ''

17-03-2025T04:00:15 - [MESSAGE][INFO] - Starting 'Chrome' driver

17-03-2025T04:00:15 - [MESSAGE][INFO] - Action delay is set to 0 milliseconds

17-03-2025T04:00:16 - [MESSAGE][PASSED] - Browser is opened with url: ''

17-03-2025T04:00:16 - [TEST_STEP][PASSED] - urlData = 2: null

17-03-2025T04:00:16 - [TEST_STEP][PASSED] - Script1686231490255.CheckPageDownload(urlData, run): null

17-03-2025T04:00:16 - [TEST_STEP][PASSED] - i = 1: null

17-03-2025T04:00:16 - [TEST_STEP][PASSED] - ii = 0: null

17-03-2025T04:00:16 - [TEST_STEP][PASSED] - urlText = <not implemented yet for class: org.codehaus.groovy.ast.expr.EmptyExpression>: null

17-03-2025T04:00:16 - [TEST_STEP][PASSED] - searchWord = <not implemented yet for class: org.codehaus.groovy.ast.expr.EmptyExpression>: null

17-03-2025T04:00:16 - [TEST_STEP][PASSED] - deleteAllCookies(): Delete all cookies successfully

17-03-2025T04:00:16 - [MESSAGE][PASSED] - Delete all cookies successfully

17-03-2025T04:00:16 - [TEST_STEP][PASSED] - refresh(): Refresh successfully

17-03-2025T04:00:16 - [MESSAGE][PASSED] - Refresh successfully

17-03-2025T04:00:16 - [TEST_STEP][PASSED] - delay(70): Delayed 70 second(s)

17-03-2025T04:01:26 - [MESSAGE][PASSED] - Delayed 70 second(s)

17-03-2025T04:01:26 - [TEST_STEP][PASSED] - navigateToUrl(findTestData("PlanFact").getValue(10, urlData)): Navigate to 'https://bi.rosseti.digital/viewer?dashboardGuid=2301950b23be4ed89c1df75f2020051e&sheetGuid=b723206f698544fb87299f3095c00435&fit=true' successfully

17-03-2025T04:01:31 - [MESSAGE][PASSED] - Navigate to 'https://bi.rosseti.digital/viewer?dashboardGuid=2301950b23be4ed89c1df75f2020051e&sheetGuid=b723206f698544fb87299f3095c00435&fit=true' successfully

17-03-2025T04:01:31 - [TEST_STEP][PASSED] - pageLoaded1 = verifyElementPresent(findTestObject("Страница авторизации/Text"), 30): Object 'Object Repository/Страница авторизации/Text' is present

17-03-2025T04:01:33 - [MESSAGE][PASSED] - Object 'Object Repository/Страница авторизации/Text' is present

17-03-2025T04:01:33 - [TEST_STEP][PASSED] - if (pageLoaded1 == false): null

17-03-2025T04:01:33 - [TEST_STEP][PASSED] - urlText = getText(findTestObject("Страница авторизации/Text")): Text of object 'Object Repository/Страница авторизации/Text' is: 'Вход'

17-03-2025T04:01:33 - [MESSAGE][PASSED] - Text of object 'Object Repository/Страница авторизации/Text' is: 'Вход'

17-03-2025T04:01:33 - [TEST_STEP][PASSED] - delay(70): Delayed 70 second(s)

17-03-2025T04:02:43 - [MESSAGE][PASSED] - Delayed 70 second(s)

17-03-2025T04:02:43 - [TEST_STEP][PASSED] - searchWord = "Вход": null

17-03-2025T04:02:43 - [TEST_STEP][PASSED] - if (urlText.contains(searchWord) == false): null

17-03-2025T04:02:43 - [TEST_STEP][PASSED] - setText(findTestObject("Страница авторизации/input__username"), findTestData("PlanFact").getValue(8, run)): Text 'Petrova-OV' is set on object 'Object Repository/Страница авторизации/input__username'

17-03-2025T04:02:44 - [MESSAGE][PASSED] - Text 'Petrova-OV' is set on object 'Object Repository/Страница авторизации/input__username'

17-03-2025T04:02:44 - [TEST_STEP][PASSED] - setText(findTestObject("Страница авторизации/input__password"), findTestData("PlanFact").getValue(9, run)): Text '4Ex@~R53r&3x&BVe7' is set on object 'Object Repository/Страница авторизации/input__password'

17-03-2025T04:02:44 - [MESSAGE][PASSED] - Text '4Ex@~R53r&3x&BVe7' is set on object 'Object Repository/Страница авторизации/input__password'

17-03-2025T04:02:44 - [TEST_STEP][PASSED] - click(findTestObject("Страница авторизации/button_")): Object: 'Object Repository/Страница авторизации/button_' is clicked on

17-03-2025T04:02:46 - [MESSAGE][PASSED] - Object: 'Object Repository/Страница авторизации/button_' is clicked on

17-03-2025T04:02:46 - [TEST_STEP][PASSED] - delay(70): Delayed 70 second(s)

17-03-2025T04:03:56 - [MESSAGE][PASSED] - Delayed 70 second(s)

17-03-2025T04:03:56 - [TEST_STEP][PASSED] - searchWord = "а": null

17-03-2025T04:03:56 - [TEST_STEP][PASSED] - pageLoaded2 = verifyElementPresent(findTestObject("Страница авторизации/Text"), 50): Object 'Object Repository/Страница авторизации/Text' is present

17-03-2025T04:03:56 - [MESSAGE][PASSED] - Object 'Object Repository/Страница авторизации/Text' is present

17-03-2025T04:03:56 - [TEST_STEP][PASSED] - if (pageLoaded2 == false): null

17-03-2025T04:03:56 - [TEST_STEP][PASSED] - urlText = getText(findTestObject("Страница авторизации/Text")): Text of object 'Object Repository/Страница авторизации/Text' is: 'Период
Январь 2025 года
Выручка
Все
Выполнение плановых показателей по ПАО Россети за Январь 2025 года
План
Факт
Динамика
2025 год
0 млн.руб.
20 000 млн.руб.
40 000 млн.руб.
60 000 млн.руб.
80 000 млн.руб.
100 000 млн.руб.
120 000 млн.руб.
140 000 млн.руб.
160 000 млн.руб.
180 000 млн.руб.
200 000 млн.руб.
163 377
157 865
↓
ДЗО 
ПАО Россети
Внутренний оборот - выручка за услуги по передаче электрической энергии, учтенная в выручке за электроэнергию для конечных потребителей, при выполнении ДЗО функций гарантирующего поставщика
Подписи данных
⬤Отклонение
АО "РЭС"
АО «Тываэнерго»
АО «Чеченэнерго»
Россети Волга
Россети Кубань
Россети Ленэнерго (ГК)
Россети Московский регион
Россети Северный Кавказ (ГК)
Россети Северо-Запад
Россети Сибирь (ГК)
Россети Томск
Россети Тюмень
Россети Урал (ГК)
Россети ФСК ЕЭС
Россети Центр
Россети Центр и Приволжье (ГК)
Россети Юг (ГК)
Россети Янтарь
-1 200 млн.руб.
-1 000 млн.руб.
- 800 млн.руб.
- 600 млн.руб.
- 400 млн.руб.
- 200 млн.руб.
0 млн.руб.
200 млн.руб.
400 млн.руб.
600 млн.руб.
-73
23
-83
-295
-54
-403
-927
-606
-251
348
-58
-1 104
-474
-59
-675
-613
-191
-19
млн.
%
Выручка
Отклонение выручки по ПАО Россети за Январь 2025 года (факт/план, млн. руб)
ПАО Россети
-5 512.4 млн.руб.
 '

17-03-2025T04:03:57 - [MESSAGE][PASSED] - Text of object 'Object Repository/Страница авторизации/Text' is: 'Период
Январь 2025 года
Выручка
Все
Выполнение плановых показателей по ПАО Россети за Январь 2025 года
План
Факт
Динамика
2025 год
0 млн.руб.
20 000 млн.руб.
40 000 млн.руб.
60 000 млн.руб.
80 000 млн.руб.
100 000 млн.руб.
120 000 млн.руб.
140 000 млн.руб.
160 000 млн.руб.
180 000 млн.руб.
200 000 млн.руб.
163 377
157 865
↓
ДЗО 
ПАО Россети
Внутренний оборот - выручка за услуги по передаче электрической энергии, учтенная в выручке за электроэнергию для конечных потребителей, при выполнении ДЗО функций гарантирующего поставщика
Подписи данных
⬤Отклонение
АО "РЭС"
АО «Тываэнерго»
АО «Чеченэнерго»
Россети Волга
Россети Кубань
Россети Ленэнерго (ГК)
Россети Московский регион
Россети Северный Кавказ (ГК)
Россети Северо-Запад
Россети Сибирь (ГК)
Россети Томск
Россети Тюмень
Россети Урал (ГК)
Россети ФСК ЕЭС
Россети Центр
Россети Центр и Приволжье (ГК)
Россети Юг (ГК)
Россети Янтарь
-1 200 млн.руб.
-1 000 млн.руб.
- 800 млн.руб.
- 600 млн.руб.
- 400 млн.руб.
- 200 млн.руб.
0 млн.руб.
200 млн.руб.
400 млн.руб.
600 млн.руб.
-73
23
-83
-295
-54
-403
-927
-606
-251
348
-58
-1 104
-474
-59
-675
-613
-191
-19
млн.
%
Выручка
Отклонение выручки по ПАО Россети за Январь 2025 года (факт/план, млн. руб)
ПАО Россети
-5 512.4 млн.руб.
 '

17-03-2025T04:03:57 - [TEST_STEP][PASSED] - if (urlText.contains("ошибка") || urlText.contains(searchWord) == false): null

17-03-2025T04:03:57 - [TEST_STEP][PASSED] - click(findTestObject("Выручка в рублях/Фильтр Период")): Object: 'Object Repository/Выручка в рублях/Фильтр Период' is clicked on

17-03-2025T04:03:57 - [MESSAGE][PASSED] - Object: 'Object Repository/Выручка в рублях/Фильтр Период' is clicked on

17-03-2025T04:03:57 - [TEST_STEP][PASSED] - click(findTestObject("Выручка в рублях/Снять выделение в фильтре Дата")): Object: 'Object Repository/Выручка в рублях/Снять выделение в фильтре Дата' is clicked on

17-03-2025T04:03:58 - [MESSAGE][PASSED] - Object: 'Object Repository/Выручка в рублях/Снять выделение в фильтре Дата' is clicked on

17-03-2025T04:03:58 - [TEST_STEP][PASSED] - click(findTestObject("Выручка в рублях/Применить в фильтре Дата")): Object: 'Object Repository/Выручка в рублях/Применить в фильтре Дата' is clicked on

17-03-2025T04:03:58 - [MESSAGE][PASSED] - Object: 'Object Repository/Выручка в рублях/Применить в фильтре Дата' is clicked on

17-03-2025T04:03:58 - [TEST_STEP][PASSED] - click(findTestObject("Выручка в рублях/Фильтр Период")): Object: 'Object Repository/Выручка в рублях/Фильтр Период' is clicked on

17-03-2025T04:04:00 - [MESSAGE][PASSED] - Object: 'Object Repository/Выручка в рублях/Фильтр Период' is clicked on

17-03-2025T04:04:00 - [TEST_STEP][PASSED] - click(findTestObject("Выручка в рублях/Снять выделение в фильтре Дата")): Object: 'Object Repository/Выручка в рублях/Снять выделение в фильтре Дата' is clicked on

17-03-2025T04:04:01 - [MESSAGE][PASSED] - Object: 'Object Repository/Выручка в рублях/Снять выделение в фильтре Дата' is clicked on

17-03-2025T04:04:01 - [TEST_STEP][PASSED] - scrollToElement(findTestObject("Выручка в рублях/2025 список"), 30): Scroll to object 'Object Repository/Выручка в рублях/2025 список' successfully

17-03-2025T04:04:01 - [MESSAGE][PASSED] - Scroll to object 'Object Repository/Выручка в рублях/2025 список' successfully

17-03-2025T04:04:01 - [TEST_STEP][PASSED] - click(findTestObject("Выручка в рублях/2025 список")): Object: 'Object Repository/Выручка в рублях/2025 список' is clicked on

17-03-2025T04:04:02 - [MESSAGE][PASSED] - Object: 'Object Repository/Выручка в рублях/2025 список' is clicked on

17-03-2025T04:04:02 - [TEST_STEP][PASSED] - scrollToElement(findTestObject("Выручка в рублях/1 квартал 2025 список"), 30): Scroll to object 'Object Repository/Выручка в рублях/1 квартал 2025 список' successfully

17-03-2025T04:04:02 - [MESSAGE][PASSED] - Scroll to object 'Object Repository/Выручка в рублях/1 квартал 2025 список' successfully

17-03-2025T04:04:02 - [TEST_STEP][PASSED] - click(findTestObject("Выручка в рублях/1 квартал 2025 список"), CONTINUE_ON_FAILURE): Object: 'Object Repository/Выручка в рублях/1 квартал 2025 список' is clicked on

17-03-2025T04:04:02 - [MESSAGE][PASSED] - Object: 'Object Repository/Выручка в рублях/1 квартал 2025 список' is clicked on

17-03-2025T04:04:02 - [TEST_STEP][PASSED] - scrollToElement(findTestObject("Выручка в рублях/Январь 2025"), 30): Scroll to object 'Object Repository/Выручка в рублях/Январь 2025' successfully

17-03-2025T04:04:03 - [MESSAGE][PASSED] - Scroll to object 'Object Repository/Выручка в рублях/Январь 2025' successfully

17-03-2025T04:04:03 - [TEST_STEP][PASSED] - click(findTestObject("Выручка в рублях/Январь 2025"), CONTINUE_ON_FAILURE): Object: 'Object Repository/Выручка в рублях/Январь 2025' is clicked on

17-03-2025T04:04:03 - [MESSAGE][PASSED] - Object: 'Object Repository/Выручка в рублях/Январь 2025' is clicked on

17-03-2025T04:04:03 - [TEST_STEP][PASSED] - click(findTestObject("Выручка в рублях/Применить в фильтре Дата")): Object: 'Object Repository/Выручка в рублях/Применить в фильтре Дата' is clicked on

17-03-2025T04:04:04 - [MESSAGE][PASSED] - Object: 'Object Repository/Выручка в рублях/Применить в фильтре Дата' is clicked on

17-03-2025T04:04:04 - [TEST_STEP][PASSED] - scrollToElement(findTestObject("Выручка в рублях/Заголовок дашборда"), 30): Scroll to object 'Object Repository/Выручка в рублях/Заголовок дашборда' successfully

17-03-2025T04:04:05 - [MESSAGE][PASSED] - Scroll to object 'Object Repository/Выручка в рублях/Заголовок дашборда' successfully

17-03-2025T04:04:05 - [TEST_STEP][PASSED] - delay(70): Delayed 70 second(s)

17-03-2025T04:05:15 - [MESSAGE][PASSED] - Delayed 70 second(s)

17-03-2025T04:05:15 - [TEST_STEP][PASSED] - a5 = "": null

17-03-2025T04:05:15 - [TEST_STEP][PASSED] - a6 = "": null

17-03-2025T04:05:15 - [TEST_STEP][PASSED] - a7 = "": null

17-03-2025T04:05:15 - [TEST_STEP][PASSED] - a8 = "": null

17-03-2025T04:05:15 - [TEST_STEP][PASSED] - a9 = "": null

17-03-2025T04:05:15 - [TEST_STEP][PASSED] - if (run == 1): null

17-03-2025T04:05:15 - [TEST_STEP][PASSED] - if (run == 2): null

17-03-2025T04:05:15 - [TEST_STEP][PASSED] - if (run == 3): null

17-03-2025T04:05:15 - [TEST_STEP][PASSED] - user = "Попова": null

17-03-2025T04:05:15 - [TEST_STEP][PASSED] - a1 = getText(findTestObject("Выручка в рублях/График План")): Text of object 'Object Repository/Выручка в рублях/График План' is: '163 377'

17-03-2025T04:05:15 - [MESSAGE][PASSED] - Text of object 'Object Repository/Выручка в рублях/График План' is: '163 377'

17-03-2025T04:05:15 - [TEST_STEP][PASSED] - a2 = getText(findTestObject("Выручка в рублях/График Факт")): Text of object 'Object Repository/Выручка в рублях/График Факт' is: '157 865'

17-03-2025T04:05:15 - [MESSAGE][PASSED] - Text of object 'Object Repository/Выручка в рублях/График Факт' is: '157 865'

17-03-2025T04:05:15 - [TEST_STEP][PASSED] - a3 = getText(findTestObject("Выручка в рублях/График Отклонение выручки")): Text of object 'Object Repository/Выручка в рублях/График Отклонение выручки' is: 'Период
Январь 2025 года
Выручка
Все
Выполнение плановых показателей по ПАО Россети за Январь 2025 года
План
Факт
Динамика
2025 год
0 млн.руб.
20 000 млн.руб.
40 000 млн.руб.
60 000 млн.руб.
80 000 млн.руб.
100 000 млн.руб.
120 000 млн.руб.
140 000 млн.руб.
160 000 млн.руб.
180 000 млн.руб.
200 000 млн.руб.
163 377
157 865
↓
ДЗО 
ПАО Россети
Внутренний оборот - выручка за услуги по передаче электрической энергии, учтенная в выручке за электроэнергию для конечных потребителей, при выполнении ДЗО функций гарантирующего поставщика
Подписи данных
⬤Отклонение
АО "РЭС"
АО «Тываэнерго»
АО «Чеченэнерго»
Россети Волга
Россети Кубань
Россети Ленэнерго (ГК)
Россети Московский регион
Россети Северный Кавказ (ГК)
Россети Северо-Запад
Россети Сибирь (ГК)
Россети Томск
Россети Тюмень
Россети Урал (ГК)
Россети ФСК ЕЭС
Россети Центр
Россети Центр и Приволжье (ГК)
Россети Юг (ГК)
Россети Янтарь
-1 200 млн.руб.
-1 000 млн.руб.
- 800 млн.руб.
- 600 млн.руб.
- 400 млн.руб.
- 200 млн.руб.
0 млн.руб.
200 млн.руб.
400 млн.руб.
600 млн.руб.
-73
23
-83
-295
-54
-403
-927
-606
-251
348
-58
-1 104
-474
-59
-675
-613
-191
-19
млн.
%
Выручка
Отклонение выручки по ПАО Россети за Январь 2025 года (факт/план, млн. руб)
ПАО Россети
-5 512.4 млн.руб.
 '

17-03-2025T04:05:16 - [MESSAGE][PASSED] - Text of object 'Object Repository/Выручка в рублях/График Отклонение выручки' is: 'Период
Январь 2025 года
Выручка
Все
Выполнение плановых показателей по ПАО Россети за Январь 2025 года
План
Факт
Динамика
2025 год
0 млн.руб.
20 000 млн.руб.
40 000 млн.руб.
60 000 млн.руб.
80 000 млн.руб.
100 000 млн.руб.
120 000 млн.руб.
140 000 млн.руб.
160 000 млн.руб.
180 000 млн.руб.
200 000 млн.руб.
163 377
157 865
↓
ДЗО 
ПАО Россети
Внутренний оборот - выручка за услуги по передаче электрической энергии, учтенная в выручке за электроэнергию для конечных потребителей, при выполнении ДЗО функций гарантирующего поставщика
Подписи данных
⬤Отклонение
АО "РЭС"
АО «Тываэнерго»
АО «Чеченэнерго»
Россети Волга
Россети Кубань
Россети Ленэнерго (ГК)
Россети Московский регион
Россети Северный Кавказ (ГК)
Россети Северо-Запад
Россети Сибирь (ГК)
Россети Томск
Россети Тюмень
Россети Урал (ГК)
Россети ФСК ЕЭС
Россети Центр
Россети Центр и Приволжье (ГК)
Россети Юг (ГК)
Россети Янтарь
-1 200 млн.руб.
-1 000 млн.руб.
- 800 млн.руб.
- 600 млн.руб.
- 400 млн.руб.
- 200 млн.руб.
0 млн.руб.
200 млн.руб.
400 млн.руб.
600 млн.руб.
-73
23
-83
-295
-54
-403
-927
-606
-251
348
-58
-1 104
-474
-59
-675
-613
-191
-19
млн.
%
Выручка
Отклонение выручки по ПАО Россети за Январь 2025 года (факт/план, млн. руб)
ПАО Россети
-5 512.4 млн.руб.
 '

17-03-2025T04:05:16 - [TEST_STEP][PASSED] - a3 = a3.substring(a3.lastIndexOf("Отклонение")): null

17-03-2025T04:05:16 - [TEST_STEP][PASSED] - click(findTestObject("Выручка в рублях/Переключить отображение с млн на проценты Выручка в рублях")): Object: 'Object Repository/Выручка в рублях/Переключить отображение с млн на проценты Выручка в рублях' is clicked on

17-03-2025T04:05:16 - [MESSAGE][PASSED] - Object: 'Object Repository/Выручка в рублях/Переключить отображение с млн на проценты Выручка в рублях' is clicked on

17-03-2025T04:05:16 - [TEST_STEP][PASSED] - a4 = getText(findTestObject("Выручка в рублях/График Отклонение выручки")): Text of object 'Object Repository/Выручка в рублях/График Отклонение выручки' is: 'Период
Январь 2025 года
Выручка
Все
Выполнение плановых показателей по ПАО Россети за Январь 2025 года
План
Факт
Динамика
2025 год
0 млн.руб.
20 000 млн.руб.
40 000 млн.руб.
60 000 млн.руб.
80 000 млн.руб.
100 000 млн.руб.
120 000 млн.руб.
140 000 млн.руб.
160 000 млн.руб.
180 000 млн.руб.
200 000 млн.руб.
163 377
157 865
↓
ДЗО 
ПАО Россети
Отклонение выручки по ПАО Россети за Январь 2025 года (факт/план, %)
ПАО Россети
-3.37 %
Внутренний оборот - выручка за услуги по передаче электрической энергии, учтенная в выручке за электроэнергию для конечных потребителей, при выполнении ДЗО функций гарантирующего поставщика
⬤Отклонение
АО "РЭС"
АО «Тываэнерго»
АО «Чеченэнерго»
Россети Волга
Россети Кубань
Россети Ленэнерго (ГК)
Россети Московский регион
Россети Северный Кавказ (ГК)
Россети Северо-Запад
Россети Сибирь (ГК)
Россети Томск
Россети Тюмень
Россети Урал (ГК)
Россети ФСК ЕЭС
Россети Центр
Россети Центр и Приволжье (ГК)
Россети Юг (ГК)
Россети Янтарь
-17 %
-15 %
-12 %
-10 %
-7 %
-5 %
-2 %
0 %
3 %
5 %
8 %
10 %
1…
-3.2 %
9.16 %
-15.18 %
-2.71 %
-0.69 %
-3.46 %
-4.13 %
-13.75 %
-3.55 %
3.18 %
-5.3 %
-10.64 %
-4.34 %
-0.21 %
-5.32 %
-4.49 %
-2.71 %
-1.75 %
Подписи данных
млн.
%
Выручка
 '

17-03-2025T04:05:17 - [MESSAGE][PASSED] - Text of object 'Object Repository/Выручка в рублях/График Отклонение выручки' is: 'Период
Январь 2025 года
Выручка
Все
Выполнение плановых показателей по ПАО Россети за Январь 2025 года
План
Факт
Динамика
2025 год
0 млн.руб.
20 000 млн.руб.
40 000 млн.руб.
60 000 млн.руб.
80 000 млн.руб.
100 000 млн.руб.
120 000 млн.руб.
140 000 млн.руб.
160 000 млн.руб.
180 000 млн.руб.
200 000 млн.руб.
163 377
157 865
↓
ДЗО 
ПАО Россети
Отклонение выручки по ПАО Россети за Январь 2025 года (факт/план, %)
ПАО Россети
-3.37 %
Внутренний оборот - выручка за услуги по передаче электрической энергии, учтенная в выручке за электроэнергию для конечных потребителей, при выполнении ДЗО функций гарантирующего поставщика
⬤Отклонение
АО "РЭС"
АО «Тываэнерго»
АО «Чеченэнерго»
Россети Волга
Россети Кубань
Россети Ленэнерго (ГК)
Россети Московский регион
Россети Северный Кавказ (ГК)
Россети Северо-Запад
Россети Сибирь (ГК)
Россети Томск
Россети Тюмень
Россети Урал (ГК)
Россети ФСК ЕЭС
Россети Центр
Россети Центр и Приволжье (ГК)
Россети Юг (ГК)
Россети Янтарь
-17 %
-15 %
-12 %
-10 %
-7 %
-5 %
-2 %
0 %
3 %
5 %
8 %
10 %
1…
-3.2 %
9.16 %
-15.18 %
-2.71 %
-0.69 %
-3.46 %
-4.13 %
-13.75 %
-3.55 %
3.18 %
-5.3 %
-10.64 %
-4.34 %
-0.21 %
-5.32 %
-4.49 %
-2.71 %
-1.75 %
Подписи данных
млн.
%
Выручка
 '

17-03-2025T04:05:17 - [TEST_STEP][PASSED] - a4 = a4.substring(a4.lastIndexOf("Отклонение")): null

17-03-2025T04:05:17 - [TEST_STEP][PASSED] - click(findTestObject("Выручка в рублях/Переключить отображение с процентов на млн Выручка в рублях")): Object: 'Object Repository/Выручка в рублях/Переключить отображение с процентов на млн Выручка в рублях' is clicked on

17-03-2025T04:05:17 - [MESSAGE][PASSED] - Object: 'Object Repository/Выручка в рублях/Переключить отображение с процентов на млн Выручка в рублях' is clicked on

17-03-2025T04:05:17 - [TEST_STEP][PASSED] - n = n + 5: null

17-03-2025T04:05:17 - [TEST_STEP][PASSED] - b = n - run + 1: null

17-03-2025T04:05:17 - [TEST_STEP][PASSED] - verifyEqual(findTestData("PlanFact").getValue(2, b), a1): Actual object '163 377' and expected object '163 377' are equal

17-03-2025T04:05:17 - [MESSAGE][PASSED] - Actual object '163 377' and expected object '163 377' are equal

17-03-2025T04:05:17 - [TEST_STEP][PASSED] - verifyEqual(findTestData("PlanFact").getValue(3, b), a2): Actual object '157 865' and expected object '157 865' are equal

17-03-2025T04:05:17 - [MESSAGE][PASSED] - Actual object '157 865' and expected object '157 865' are equal

17-03-2025T04:05:17 - [TEST_STEP][PASSED] - verifyEqual(findTestData("PlanFact").getValue(4, b), a3): Actual object 'Отклонение выручки по ПАО Россети за Январь 2025 года (факт/план, млн. руб)
ПАО Россети
-5 512.4 млн.руб.
 ' and expected object 'Отклонение выручки по ПАО Россети за Январь 2025 года (факт/план, млн. руб)
ПАО Россети
-5 512.4 млн.руб.
 ' are equal

17-03-2025T04:05:17 - [MESSAGE][PASSED] - Actual object 'Отклонение выручки по ПАО Россети за Январь 2025 года (факт/план, млн. руб)
ПАО Россети
-5 512.4 млн.руб.
 ' and expected object 'Отклонение выручки по ПАО Россети за Январь 2025 года (факт/план, млн. руб)
ПАО Россети
-5 512.4 млн.руб.
 ' are equal

17-03-2025T04:05:17 - [TEST_STEP][PASSED] - verifyEqual(findTestData("PlanFact").getValue(5, b), a4): Actual object 'Отклонение
АО "РЭС"
АО «Тываэнерго»
АО «Чеченэнерго»
Россети Волга
Россети Кубань
Россети Ленэнерго (ГК)
Россети Московский регион
Россети Северный Кавказ (ГК)
Россети Северо-Запад
Россети Сибирь (ГК)
Россети Томск
Россети Тюмень
Россети Урал (ГК)
Россети ФСК ЕЭС
Россети Центр
Россети Центр и Приволжье (ГК)
Россети Юг (ГК)
Россети Янтарь
-17 %
-15 %
-12 %
-10 %
-7 %
-5 %
-2 %
0 %
3 %
5 %
8 %
10 %
1…
-3.2 %
9.16 %
-15.18 %
-2.71 %
-0.69 %
-3.46 %
-4.13 %
-13.75 %
-3.55 %
3.18 %
-5.3 %
-10.64 %
-4.34 %
-0.21 %
-5.32 %
-4.49 %
-2.71 %
-1.75 %
Подписи данных
млн.
%
Выручка
 ' and expected object 'Отклонение
АО "РЭС"
АО «Тываэнерго»
АО «Чеченэнерго»
Россети Волга
Россети Кубань
Россети Ленэнерго (ГК)
Россети Московский регион
Россети Северный Кавказ (ГК)
Россети Северо-Запад
Россети Сибирь (ГК)
Россети Томск
Россети Тюмень
Россети Урал (ГК)
Россети ФСК ЕЭС
Россети Центр
Россети Центр и Приволжье (ГК)
Россети Юг (ГК)
Россети Янтарь
-17 %
-15 %
-12 %
-10 %
-7 %
-5 %
-2 %
0 %
3 %
5 %
8 %
10 %
1…
-3.2 %
9.16 %
-15.18 %
-2.71 %
-0.69 %
-3.46 %
-4.13 %
-13.75 %
-3.55 %
3.18 %
-5.3 %
-10.64 %
-4.34 %
-0.21 %
-5.32 %
-4.49 %
-2.71 %
-1.75 %
Подписи данных
млн.
%
Выручка
 ' are equal

17-03-2025T04:05:17 - [MESSAGE][PASSED] - Actual object 'Отклонение
АО "РЭС"
АО «Тываэнерго»
АО «Чеченэнерго»
Россети Волга
Россети Кубань
Россети Ленэнерго (ГК)
Россети Московский регион
Россети Северный Кавказ (ГК)
Россети Северо-Запад
Россети Сибирь (ГК)
Россети Томск
Россети Тюмень
Россети Урал (ГК)
Россети ФСК ЕЭС
Россети Центр
Россети Центр и Приволжье (ГК)
Россети Юг (ГК)
Россети Янтарь
-17 %
-15 %
-12 %
-10 %
-7 %
-5 %
-2 %
0 %
3 %
5 %
8 %
10 %
1…
-3.2 %
9.16 %
-15.18 %
-2.71 %
-0.69 %
-3.46 %
-4.13 %
-13.75 %
-3.55 %
3.18 %
-5.3 %
-10.64 %
-4.34 %
-0.21 %
-5.32 %
-4.49 %
-2.71 %
-1.75 %
Подписи данных
млн.
%
Выручка
 ' and expected object 'Отклонение
АО "РЭС"
АО «Тываэнерго»
АО «Чеченэнерго»
Россети Волга
Россети Кубань
Россети Ленэнерго (ГК)
Россети Московский регион
Россети Северный Кавказ (ГК)
Россети Северо-Запад
Россети Сибирь (ГК)
Россети Томск
Россети Тюмень
Россети Урал (ГК)
Россети ФСК ЕЭС
Россети Центр
Россети Центр и Приволжье (ГК)
Россети Юг (ГК)
Россети Янтарь
-17 %
-15 %
-12 %
-10 %
-7 %
-5 %
-2 %
0 %
3 %
5 %
8 %
10 %
1…
-3.2 %
9.16 %
-15.18 %
-2.71 %
-0.69 %
-3.46 %
-4.13 %
-13.75 %
-3.55 %
3.18 %
-5.3 %
-10.64 %
-4.34 %
-0.21 %
-5.32 %
-4.49 %
-2.71 %
-1.75 %
Подписи данных
млн.
%
Выручка
 ' are equal

17-03-2025T04:05:17 - [TEST_STEP][PASSED] - Script1686231490255.WriteToExcel(user, dashboardName, n, data, run, a1, a2, a3, a4, a5, a6, a7, a8, a9): null

17-03-2025T04:05:17 - [TEST_STEP][PASSED] - sheetName = "Sheet1": null

17-03-2025T04:05:17 - [TEST_STEP][PASSED] - workbook01 = getWorkbook(excelFilePath): null

17-03-2025T04:05:17 - [TEST_STEP][PASSED] - sheet01 = getExcelSheet(workbook01, sheetName): null

17-03-2025T04:05:17 - [TEST_STEP][PASSED] - setValueToCellByIndex(sheet01, n, 0, dashboardName): null

17-03-2025T04:05:17 - [TEST_STEP][PASSED] - setValueToCellByIndex(sheet01, n, 10, user): null

17-03-2025T04:05:17 - [TEST_STEP][PASSED] - setValueToCellByIndex(sheet01, n, 1, a1): null

17-03-2025T04:05:17 - [TEST_STEP][PASSED] - setValueToCellByIndex(sheet01, n, 2, a2): null

17-03-2025T04:05:17 - [TEST_STEP][PASSED] - setValueToCellByIndex(sheet01, n, 3, a3): null

17-03-2025T04:05:17 - [TEST_STEP][PASSED] - setValueToCellByIndex(sheet01, n, 4, a4): null

17-03-2025T04:05:17 - [TEST_STEP][PASSED] - setValueToCellByIndex(sheet01, n, 5, a5): null

17-03-2025T04:05:17 - [TEST_STEP][PASSED] - setValueToCellByIndex(sheet01, n, 6, a6): null

17-03-2025T04:05:17 - [TEST_STEP][PASSED] - setValueToCellByIndex(sheet01, n, 7, a7): null

17-03-2025T04:05:17 - [TEST_STEP][PASSED] - setValueToCellByIndex(sheet01, n, 8, a8): null

17-03-2025T04:05:17 - [TEST_STEP][PASSED] - setValueToCellByIndex(sheet01, n, 9, a9): null

17-03-2025T04:05:17 - [TEST_STEP][PASSED] - n = n + 1: null

17-03-2025T04:05:17 - [TEST_STEP][PASSED] - saveWorkbook(excelFilePath, workbook01): null

17-03-2025T04:05:18 - [TEST_STEP][PASSED] - closeBrowser(): Browser is closed

17-03-2025T04:05:18 - [MESSAGE][PASSED] - Browser is closed

17-03-2025T04:05:18 - [TEST_STEP][PASSED] - delay(70): Delayed 70 second(s)

17-03-2025T04:06:28 - [MESSAGE][PASSED] - Delayed 70 second(s)

17-03-2025T04:06:28 - [TEST_STEP][PASSED] - for ([run = 1, run < 4, (run++)]): null

17-03-2025T04:06:28 - [TEST_STEP][PASSED] - ObyemPoter(user, dashboardName, n, data, run, a1, a2, a3, a4, a5, a6, a7, a8, a9, urlData): null

17-03-2025T04:06:28 - [TEST_STEP][PASSED] - n = data.getRowNumbers() + 1: null

17-03-2025T04:06:28 - [TEST_STEP][PASSED] - println(n): null

17-03-2025T04:06:28 - [TEST_STEP][PASSED] - dashboardName = "Объём потерь": null

17-03-2025T04:06:28 - [TEST_STEP][PASSED] - openBrowser(""): Browser is opened with url: ''

17-03-2025T04:06:28 - [MESSAGE][INFO] - Starting 'Chrome' driver

17-03-2025T04:06:28 - [MESSAGE][INFO] - Action delay is set to 0 milliseconds

17-03-2025T04:06:29 - [MESSAGE][PASSED] - Browser is opened with url: ''

17-03-2025T04:06:29 - [TEST_STEP][PASSED] - urlData = 14: null

17-03-2025T04:06:29 - [TEST_STEP][PASSED] - Script1686231490255.CheckPageDownload(urlData, run): null

17-03-2025T04:06:29 - [TEST_STEP][PASSED] - i = 1: null

17-03-2025T04:06:29 - [TEST_STEP][PASSED] - ii = 0: null

17-03-2025T04:06:29 - [TEST_STEP][PASSED] - urlText = <not implemented yet for class: org.codehaus.groovy.ast.expr.EmptyExpression>: null

17-03-2025T04:06:29 - [TEST_STEP][PASSED] - searchWord = <not implemented yet for class: org.codehaus.groovy.ast.expr.EmptyExpression>: null

17-03-2025T04:06:29 - [TEST_STEP][PASSED] - deleteAllCookies(): Delete all cookies successfully

17-03-2025T04:06:29 - [MESSAGE][PASSED] - Delete all cookies successfully

17-03-2025T04:06:29 - [TEST_STEP][PASSED] - refresh(): Refresh successfully

17-03-2025T04:06:29 - [MESSAGE][PASSED] - Refresh successfully

17-03-2025T04:06:29 - [TEST_STEP][PASSED] - delay(70): Delayed 70 second(s)

17-03-2025T04:07:39 - [MESSAGE][PASSED] - Delayed 70 second(s)

17-03-2025T04:07:39 - [TEST_STEP][PASSED] - navigateToUrl(findTestData("PlanFact").getValue(10, urlData)): Navigate to 'https://bi.rosseti.digital/viewer?dashboardGuid=d154a8eaf6824e2b9de1bb04dd061c18&sheetGuid=aa9766f159804cfeb6006ba98edf3a23&fit=true' successfully

17-03-2025T04:07:45 - [MESSAGE][PASSED] - Navigate to 'https://bi.rosseti.digital/viewer?dashboardGuid=d154a8eaf6824e2b9de1bb04dd061c18&sheetGuid=aa9766f159804cfeb6006ba98edf3a23&fit=true' successfully

17-03-2025T04:07:45 - [TEST_STEP][PASSED] - pageLoaded1 = verifyElementPresent(findTestObject("Страница авторизации/Text"), 30): Object 'Object Repository/Страница авторизации/Text' is present

17-03-2025T04:07:46 - [MESSAGE][PASSED] - Object 'Object Repository/Страница авторизации/Text' is present

17-03-2025T04:07:46 - [TEST_STEP][PASSED] - if (pageLoaded1 == false): null

17-03-2025T04:07:46 - [TEST_STEP][PASSED] - urlText = getText(findTestObject("Страница авторизации/Text")): Text of object 'Object Repository/Страница авторизации/Text' is: 'Вход'

17-03-2025T04:07:46 - [MESSAGE][PASSED] - Text of object 'Object Repository/Страница авторизации/Text' is: 'Вход'

17-03-2025T04:07:46 - [TEST_STEP][PASSED] - delay(70): Delayed 70 second(s)

17-03-2025T04:08:56 - [MESSAGE][PASSED] - Delayed 70 second(s)

17-03-2025T04:08:56 - [TEST_STEP][PASSED] - searchWord = "Вход": null

17-03-2025T04:08:56 - [TEST_STEP][PASSED] - if (urlText.contains(searchWord) == false): null

17-03-2025T04:08:56 - [TEST_STEP][PASSED] - setText(findTestObject("Страница авторизации/input__username"), findTestData("PlanFact").getValue(8, run)): Text 'liazgina-di' is set on object 'Object Repository/Страница авторизации/input__username'

17-03-2025T04:08:57 - [MESSAGE][PASSED] - Text 'liazgina-di' is set on object 'Object Repository/Страница авторизации/input__username'

17-03-2025T04:08:57 - [TEST_STEP][PASSED] - setText(findTestObject("Страница авторизации/input__password"), findTestData("PlanFact").getValue(9, run)): Text ')$%5srZ8o688Dm#q' is set on object 'Object Repository/Страница авторизации/input__password'

17-03-2025T04:08:58 - [MESSAGE][PASSED] - Text ')$%5srZ8o688Dm#q' is set on object 'Object Repository/Страница авторизации/input__password'

17-03-2025T04:08:58 - [TEST_STEP][PASSED] - click(findTestObject("Страница авторизации/button_")): Object: 'Object Repository/Страница авторизации/button_' is clicked on

17-03-2025T04:08:58 - [MESSAGE][PASSED] - Object: 'Object Repository/Страница авторизации/button_' is clicked on

17-03-2025T04:08:58 - [TEST_STEP][PASSED] - delay(70): Delayed 70 second(s)

17-03-2025T04:10:08 - [MESSAGE][PASSED] - Delayed 70 second(s)

17-03-2025T04:10:08 - [TEST_STEP][PASSED] - searchWord = "а": null

17-03-2025T04:10:08 - [TEST_STEP][PASSED] - pageLoaded2 = verifyElementPresent(findTestObject("Страница авторизации/Text"), 50): Object 'Object Repository/Страница авторизации/Text' is present

17-03-2025T04:10:09 - [MESSAGE][PASSED] - Object 'Object Repository/Страница авторизации/Text' is present

17-03-2025T04:10:09 - [TEST_STEP][PASSED] - if (pageLoaded2 == false): null

17-03-2025T04:10:09 - [TEST_STEP][PASSED] - urlText = getText(findTestObject("Страница авторизации/Text")): Text of object 'Object Repository/Страница авторизации/Text' is: 'ДЗО 
Все
Период
2025 год - 1 квартал - Январь, 2024 год - 1 квартал - Январь, 2023 год - 1 квартал - Январь
тыс. кВт⋅ч
п.п.
Объем потерь
8 783 3018 783 301
9 468 8399 468 839
4 390 7684 390 768
2023 год
2024 год
2025 год
0
2 000
4 000
6 000
8 000
10 000
Уровень потерь
10.5910.59
10.6510.65
8.258.25
Факт
2023 год
2024 год
2025 год
0
2
4
6
8
10
12
●● Отклонения, тыс. кВт⋅ч
тыс. кВт⋅ч
Отклонения объема потерь
685 538685 538
-5 078 071-5 078 071
2023/2024
2024/2025
-6 000 000
-5 000 000
-4 000 000
-3 000 000
-2 000 000
-1 000 000
0
1 000 000
●● Отклонения, п.п.
п.п.
Отклонения уровня потерь
0.060.06
-2.41-2.41
2023/2024
2024/2025
-3
-2
-1
0
1
Фактические данные по объему и уровню потерь электроэнергии'

17-03-2025T04:10:09 - [MESSAGE][PASSED] - Text of object 'Object Repository/Страница авторизации/Text' is: 'ДЗО 
Все
Период
2025 год - 1 квартал - Январь, 2024 год - 1 квартал - Январь, 2023 год - 1 квартал - Январь
тыс. кВт⋅ч
п.п.
Объем потерь
8 783 3018 783 301
9 468 8399 468 839
4 390 7684 390 768
2023 год
2024 год
2025 год
0
2 000
4 000
6 000
8 000
10 000
Уровень потерь
10.5910.59
10.6510.65
8.258.25
Факт
2023 год
2024 год
2025 год
0
2
4
6
8
10
12
●● Отклонения, тыс. кВт⋅ч
тыс. кВт⋅ч
Отклонения объема потерь
685 538685 538
-5 078 071-5 078 071
2023/2024
2024/2025
-6 000 000
-5 000 000
-4 000 000
-3 000 000
-2 000 000
-1 000 000
0
1 000 000
●● Отклонения, п.п.
п.п.
Отклонения уровня потерь
0.060.06
-2.41-2.41
2023/2024
2024/2025
-3
-2
-1
0
1
Фактические данные по объему и уровню потерь электроэнергии'

17-03-2025T04:10:09 - [TEST_STEP][PASSED] - if (urlText.contains("ошибка") || urlText.contains(searchWord) == false): null

17-03-2025T04:10:09 - [TEST_STEP][PASSED] - a9 = "": null

17-03-2025T04:10:09 - [TEST_STEP][PASSED] - a3 = "": null

17-03-2025T04:10:09 - [TEST_STEP][PASSED] - a6 = "": null

17-03-2025T04:10:09 - [TEST_STEP][PASSED] - if (run == 1): null

17-03-2025T04:10:09 - [TEST_STEP][PASSED] - user = "админ": null

17-03-2025T04:10:09 - [TEST_STEP][PASSED] - a1 = getText(findTestObject("Объем потерь/divObemPoter")): Text of object 'Object Repository/Объем потерь/divObemPoter' is: 'Объем потерь
8 783 3018 783 301
9 468 8399 468 839
4 390 7684 390 768
2023 год
2024 год
2025 год
0
2 000
4 000
6 000
8 000
10 000'

17-03-2025T04:10:09 - [MESSAGE][PASSED] - Text of object 'Object Repository/Объем потерь/divObemPoter' is: 'Объем потерь
8 783 3018 783 301
9 468 8399 468 839
4 390 7684 390 768
2023 год
2024 год
2025 год
0
2 000
4 000
6 000
8 000
10 000'

17-03-2025T04:10:09 - [TEST_STEP][PASSED] - a2 = getText(findTestObject("Объем потерь/divUrovenPoter")): Text of object 'Object Repository/Объем потерь/divUrovenPoter' is: 'Уровень потерь
10.5910.59
10.6510.65
8.258.25
Факт
2023 год
2024 год
2025 год
0
2
4
6
8
10
12'

17-03-2025T04:10:10 - [MESSAGE][PASSED] - Text of object 'Object Repository/Объем потерь/divUrovenPoter' is: 'Уровень потерь
10.5910.59
10.6510.65
8.258.25
Факт
2023 год
2024 год
2025 год
0
2
4
6
8
10
12'

17-03-2025T04:10:10 - [TEST_STEP][PASSED] - a3 = getText(findTestObject("Объем потерь/divOtkloneniyaObemaPoter")): Text of object 'Object Repository/Объем потерь/divOtkloneniyaObemaPoter' is: '●● Отклонения, тыс. кВт⋅ч
тыс. кВт⋅ч
Отклонения объема потерь
685 538685 538
-5 078 071-5 078 071
2023/2024
2024/2025
-6 000 000
-5 000 000
-4 000 000
-3 000 000
-2 000 000
-1 000 000
0
1 000 000'

17-03-2025T04:10:10 - [MESSAGE][PASSED] - Text of object 'Object Repository/Объем потерь/divOtkloneniyaObemaPoter' is: '●● Отклонения, тыс. кВт⋅ч
тыс. кВт⋅ч
Отклонения объема потерь
685 538685 538
-5 078 071-5 078 071
2023/2024
2024/2025
-6 000 000
-5 000 000
-4 000 000
-3 000 000
-2 000 000
-1 000 000
0
1 000 000'

17-03-2025T04:10:10 - [TEST_STEP][PASSED] - a4 = getText(findTestObject("Объем потерь/divOtkloneniyaUrovnyaPoter")): Text of object 'Object Repository/Объем потерь/divOtkloneniyaUrovnyaPoter' is: '●● Отклонения, п.п.
п.п.
Отклонения уровня потерь
0.060.06
-2.41-2.41
2023/2024
2024/2025
-3
-2
-1
0
1'

17-03-2025T04:10:10 - [MESSAGE][PASSED] - Text of object 'Object Repository/Объем потерь/divOtkloneniyaUrovnyaPoter' is: '●● Отклонения, п.п.
п.п.
Отклонения уровня потерь
0.060.06
-2.41-2.41
2023/2024
2024/2025
-3
-2
-1
0
1'

17-03-2025T04:10:10 - [TEST_STEP][PASSED] - n = n + 6: null

17-03-2025T04:10:10 - [TEST_STEP][PASSED] - Script1686231490255.WriteToExcel(user, dashboardName, n, data, run, a1, a2, a3, a4, a5, a6, a7, a8, a9): null

17-03-2025T04:10:10 - [TEST_STEP][PASSED] - sheetName = "Sheet1": null

17-03-2025T04:10:10 - [TEST_STEP][PASSED] - workbook01 = getWorkbook(excelFilePath): null

17-03-2025T04:10:10 - [TEST_STEP][PASSED] - sheet01 = getExcelSheet(workbook01, sheetName): null

17-03-2025T04:10:10 - [TEST_STEP][PASSED] - setValueToCellByIndex(sheet01, n, 0, dashboardName): null

17-03-2025T04:10:10 - [TEST_STEP][PASSED] - setValueToCellByIndex(sheet01, n, 10, user): null

17-03-2025T04:10:10 - [TEST_STEP][PASSED] - setValueToCellByIndex(sheet01, n, 1, a1): null

17-03-2025T04:10:10 - [TEST_STEP][PASSED] - setValueToCellByIndex(sheet01, n, 2, a2): null

17-03-2025T04:10:10 - [TEST_STEP][PASSED] - setValueToCellByIndex(sheet01, n, 3, a3): null

17-03-2025T04:10:10 - [TEST_STEP][PASSED] - setValueToCellByIndex(sheet01, n, 4, a4): null

17-03-2025T04:10:10 - [TEST_STEP][PASSED] - setValueToCellByIndex(sheet01, n, 5, a5): null

17-03-2025T04:10:10 - [TEST_STEP][PASSED] - setValueToCellByIndex(sheet01, n, 6, a6): null

17-03-2025T04:10:10 - [TEST_STEP][PASSED] - setValueToCellByIndex(sheet01, n, 7, a7): null

17-03-2025T04:10:10 - [TEST_STEP][PASSED] - setValueToCellByIndex(sheet01, n, 8, a8): null

17-03-2025T04:10:10 - [TEST_STEP][PASSED] - setValueToCellByIndex(sheet01, n, 9, a9): null

17-03-2025T04:10:10 - [TEST_STEP][PASSED] - n = n + 1: null

17-03-2025T04:10:10 - [TEST_STEP][PASSED] - saveWorkbook(excelFilePath, workbook01): null

17-03-2025T04:10:11 - [TEST_STEP][PASSED] - if (run == 2): null

17-03-2025T04:10:11 - [TEST_STEP][PASSED] - if (run == 3): null

17-03-2025T04:10:11 - [TEST_STEP][PASSED] - closeBrowser(): null

17-03-2025T04:10:11 - [MESSAGE][PASSED] - Browser is closed

17-03-2025T04:10:11 - [TEST_STEP][PASSED] - ObyemPoter(user, dashboardName, n, data, run, a1, a2, a3, a4, a5, a6, a7, a8, a9, urlData): null

17-03-2025T04:10:11 - [TEST_STEP][PASSED] - n = data.getRowNumbers() + 1: null

17-03-2025T04:10:11 - [TEST_STEP][PASSED] - println(n): null

17-03-2025T04:10:11 - [TEST_STEP][PASSED] - dashboardName = "Объём потерь": null

17-03-2025T04:10:11 - [TEST_STEP][PASSED] - openBrowser(""): Browser is opened with url: ''

17-03-2025T04:10:11 - [MESSAGE][INFO] - Starting 'Chrome' driver

17-03-2025T04:10:11 - [MESSAGE][INFO] - Action delay is set to 0 milliseconds

17-03-2025T04:10:12 - [MESSAGE][PASSED] - Browser is opened with url: ''

17-03-2025T04:10:12 - [TEST_STEP][PASSED] - urlData = 14: null

17-03-2025T04:10:12 - [TEST_STEP][PASSED] - Script1686231490255.CheckPageDownload(urlData, run): null

17-03-2025T04:10:12 - [TEST_STEP][PASSED] - i = 1: null

17-03-2025T04:10:12 - [TEST_STEP][PASSED] - ii = 0: null

17-03-2025T04:10:12 - [TEST_STEP][PASSED] - urlText = <not implemented yet for class: org.codehaus.groovy.ast.expr.EmptyExpression>: null

17-03-2025T04:10:12 - [TEST_STEP][PASSED] - searchWord = <not implemented yet for class: org.codehaus.groovy.ast.expr.EmptyExpression>: null

17-03-2025T04:10:12 - [TEST_STEP][PASSED] - deleteAllCookies(): Delete all cookies successfully

17-03-2025T04:10:12 - [MESSAGE][PASSED] - Delete all cookies successfully

17-03-2025T04:10:12 - [TEST_STEP][PASSED] - refresh(): Refresh successfully

17-03-2025T04:10:12 - [MESSAGE][PASSED] - Refresh successfully

17-03-2025T04:10:12 - [TEST_STEP][PASSED] - delay(70): Delayed 70 second(s)

17-03-2025T04:11:22 - [MESSAGE][PASSED] - Delayed 70 second(s)

17-03-2025T04:11:22 - [TEST_STEP][PASSED] - navigateToUrl(findTestData("PlanFact").getValue(10, urlData)): Navigate to 'https://bi.rosseti.digital/viewer?dashboardGuid=d154a8eaf6824e2b9de1bb04dd061c18&sheetGuid=aa9766f159804cfeb6006ba98edf3a23&fit=true' successfully

17-03-2025T04:11:26 - [MESSAGE][PASSED] - Navigate to 'https://bi.rosseti.digital/viewer?dashboardGuid=d154a8eaf6824e2b9de1bb04dd061c18&sheetGuid=aa9766f159804cfeb6006ba98edf3a23&fit=true' successfully

17-03-2025T04:11:26 - [TEST_STEP][PASSED] - pageLoaded1 = verifyElementPresent(findTestObject("Страница авторизации/Text"), 30): Object 'Object Repository/Страница авторизации/Text' is present

17-03-2025T04:11:27 - [MESSAGE][PASSED] - Object 'Object Repository/Страница авторизации/Text' is present

17-03-2025T04:11:27 - [TEST_STEP][PASSED] - if (pageLoaded1 == false): null

17-03-2025T04:11:27 - [TEST_STEP][PASSED] - urlText = getText(findTestObject("Страница авторизации/Text")): Text of object 'Object Repository/Страница авторизации/Text' is: 'Вход'

17-03-2025T04:11:27 - [MESSAGE][PASSED] - Text of object 'Object Repository/Страница авторизации/Text' is: 'Вход'

17-03-2025T04:11:27 - [TEST_STEP][PASSED] - delay(70): Delayed 70 second(s)

17-03-2025T04:12:37 - [MESSAGE][PASSED] - Delayed 70 second(s)

17-03-2025T04:12:37 - [TEST_STEP][PASSED] - searchWord = "Вход": null

17-03-2025T04:12:37 - [TEST_STEP][PASSED] - if (urlText.contains(searchWord) == false): null

17-03-2025T04:12:37 - [TEST_STEP][PASSED] - setText(findTestObject("Страница авторизации/input__username"), findTestData("PlanFact").getValue(8, run)): Text 'Andreeva-EV' is set on object 'Object Repository/Страница авторизации/input__username'

17-03-2025T04:12:38 - [MESSAGE][PASSED] - Text 'Andreeva-EV' is set on object 'Object Repository/Страница авторизации/input__username'

17-03-2025T04:12:38 - [TEST_STEP][PASSED] - setText(findTestObject("Страница авторизации/input__password"), findTestData("PlanFact").getValue(9, run)): Text '2nPePKDwCPH3ul7xMZ' is set on object 'Object Repository/Страница авторизации/input__password'

17-03-2025T04:12:39 - [MESSAGE][PASSED] - Text '2nPePKDwCPH3ul7xMZ' is set on object 'Object Repository/Страница авторизации/input__password'

17-03-2025T04:12:39 - [TEST_STEP][PASSED] - click(findTestObject("Страница авторизации/button_")): Object: 'Object Repository/Страница авторизации/button_' is clicked on

17-03-2025T04:12:40 - [MESSAGE][PASSED] - Object: 'Object Repository/Страница авторизации/button_' is clicked on

17-03-2025T04:12:40 - [TEST_STEP][PASSED] - delay(70): Delayed 70 second(s)

17-03-2025T04:13:50 - [MESSAGE][PASSED] - Delayed 70 second(s)

17-03-2025T04:13:50 - [TEST_STEP][PASSED] - searchWord = "а": null

17-03-2025T04:13:50 - [TEST_STEP][PASSED] - pageLoaded2 = verifyElementPresent(findTestObject("Страница авторизации/Text"), 50): Object 'Object Repository/Страница авторизации/Text' is present

17-03-2025T04:13:50 - [MESSAGE][PASSED] - Object 'Object Repository/Страница авторизации/Text' is present

17-03-2025T04:13:50 - [TEST_STEP][PASSED] - if (pageLoaded2 == false): null

17-03-2025T04:13:50 - [TEST_STEP][PASSED] - urlText = getText(findTestObject("Страница авторизации/Text")): Text of object 'Object Repository/Страница авторизации/Text' is: 'ДЗО 
Все
Период
2025 год - 1 квартал - Январь, 2024 год - 1 квартал - Январь, 2023 год - 1 квартал - Январь
тыс. кВт⋅ч
п.п.
Объем потерь
8 783 3018 783 301
9 468 8399 468 839
4 390 7684 390 768
2023 год
2024 год
2025 год
0
2 000
4 000
6 000
8 000
10 000
Уровень потерь
10.5910.59
10.6510.65
8.258.25
Факт
2023 год
2024 год
2025 год
0
2
4
6
8
10
12
●● Отклонения, тыс. кВт⋅ч
тыс. кВт⋅ч
Отклонения объема потерь
685 538685 538
-5 078 071-5 078 071
2023/2024
2024/2025
-6 000 000
-5 000 000
-4 000 000
-3 000 000
-2 000 000
-1 000 000
0
1 000 000
●● Отклонения, п.п.
п.п.
Отклонения уровня потерь
0.060.06
-2.41-2.41
2023/2024
2024/2025
-3
-2
-1
0
1
Фактические данные по объему и уровню потерь электроэнергии'

17-03-2025T04:13:50 - [MESSAGE][PASSED] - Text of object 'Object Repository/Страница авторизации/Text' is: 'ДЗО 
Все
Период
2025 год - 1 квартал - Январь, 2024 год - 1 квартал - Январь, 2023 год - 1 квартал - Январь
тыс. кВт⋅ч
п.п.
Объем потерь
8 783 3018 783 301
9 468 8399 468 839
4 390 7684 390 768
2023 год
2024 год
2025 год
0
2 000
4 000
6 000
8 000
10 000
Уровень потерь
10.5910.59
10.6510.65
8.258.25
Факт
2023 год
2024 год
2025 год
0
2
4
6
8
10
12
●● Отклонения, тыс. кВт⋅ч
тыс. кВт⋅ч
Отклонения объема потерь
685 538685 538
-5 078 071-5 078 071
2023/2024
2024/2025
-6 000 000
-5 000 000
-4 000 000
-3 000 000
-2 000 000
-1 000 000
0
1 000 000
●● Отклонения, п.п.
п.п.
Отклонения уровня потерь
0.060.06
-2.41-2.41
2023/2024
2024/2025
-3
-2
-1
0
1
Фактические данные по объему и уровню потерь электроэнергии'

17-03-2025T04:13:50 - [TEST_STEP][PASSED] - if (urlText.contains("ошибка") || urlText.contains(searchWord) == false): null

17-03-2025T04:13:50 - [TEST_STEP][PASSED] - a9 = "": null

17-03-2025T04:13:50 - [TEST_STEP][PASSED] - a3 = "": null

17-03-2025T04:13:50 - [TEST_STEP][PASSED] - a6 = "": null

17-03-2025T04:13:50 - [TEST_STEP][PASSED] - if (run == 1): null

17-03-2025T04:13:50 - [TEST_STEP][PASSED] - if (run == 2): null

17-03-2025T04:13:50 - [TEST_STEP][PASSED] - user = "Андреева": null

17-03-2025T04:13:50 - [TEST_STEP][PASSED] - a1 = getText(findTestObject("Объем потерь/divObemPoter")): Text of object 'Object Repository/Объем потерь/divObemPoter' is: 'Объем потерь
8 783 3018 783 301
9 468 8399 468 839
4 390 7684 390 768
2023 год
2024 год
2025 год
0
2 000
4 000
6 000
8 000
10 000'

17-03-2025T04:13:51 - [MESSAGE][PASSED] - Text of object 'Object Repository/Объем потерь/divObemPoter' is: 'Объем потерь
8 783 3018 783 301
9 468 8399 468 839
4 390 7684 390 768
2023 год
2024 год
2025 год
0
2 000
4 000
6 000
8 000
10 000'

17-03-2025T04:13:51 - [TEST_STEP][PASSED] - a2 = getText(findTestObject("Объем потерь/divUrovenPoter")): Text of object 'Object Repository/Объем потерь/divUrovenPoter' is: 'Уровень потерь
10.5910.59
10.6510.65
8.258.25
Факт
2023 год
2024 год
2025 год
0
2
4
6
8
10
12'

17-03-2025T04:13:51 - [MESSAGE][PASSED] - Text of object 'Object Repository/Объем потерь/divUrovenPoter' is: 'Уровень потерь
10.5910.59
10.6510.65
8.258.25
Факт
2023 год
2024 год
2025 год
0
2
4
6
8
10
12'

17-03-2025T04:13:51 - [TEST_STEP][PASSED] - a3 = getText(findTestObject("Объем потерь/divOtkloneniyaObemaPoter")): Text of object 'Object Repository/Объем потерь/divOtkloneniyaObemaPoter' is: '●● Отклонения, тыс. кВт⋅ч
тыс. кВт⋅ч
Отклонения объема потерь
685 538685 538
-5 078 071-5 078 071
2023/2024
2024/2025
-6 000 000
-5 000 000
-4 000 000
-3 000 000
-2 000 000
-1 000 000
0
1 000 000'

17-03-2025T04:13:51 - [MESSAGE][PASSED] - Text of object 'Object Repository/Объем потерь/divOtkloneniyaObemaPoter' is: '●● Отклонения, тыс. кВт⋅ч
тыс. кВт⋅ч
Отклонения объема потерь
685 538685 538
-5 078 071-5 078 071
2023/2024
2024/2025
-6 000 000
-5 000 000
-4 000 000
-3 000 000
-2 000 000
-1 000 000
0
1 000 000'

17-03-2025T04:13:51 - [TEST_STEP][PASSED] - a4 = getText(findTestObject("Объем потерь/divOtkloneniyaUrovnyaPoter")): Text of object 'Object Repository/Объем потерь/divOtkloneniyaUrovnyaPoter' is: '●● Отклонения, п.п.
п.п.
Отклонения уровня потерь
0.060.06
-2.41-2.41
2023/2024
2024/2025
-3
-2
-1
0
1'

17-03-2025T04:13:52 - [MESSAGE][PASSED] - Text of object 'Object Repository/Объем потерь/divOtkloneniyaUrovnyaPoter' is: '●● Отклонения, п.п.
п.п.
Отклонения уровня потерь
0.060.06
-2.41-2.41
2023/2024
2024/2025
-3
-2
-1
0
1'

17-03-2025T04:13:52 - [TEST_STEP][PASSED] - n = n + 7: null

17-03-2025T04:13:52 - [TEST_STEP][PASSED] - b = n - run + 1: null

17-03-2025T04:13:52 - [TEST_STEP][PASSED] - verifyEqual(findTestData("PlanFact").getValue(2, b), a1): Actual object 'Объем потерь
8 783 3018 783 301
9 468 8399 468 839
4 390 7684 390 768
2023 год
2024 год
2025 год
0
2 000
4 000
6 000
8 000
10 000' and expected object 'Объем потерь
8 783 3018 783 301
9 468 8399 468 839
4 390 7684 390 768
2023 год
2024 год
2025 год
0
2 000
4 000
6 000
8 000
10 000' are equal

17-03-2025T04:13:52 - [MESSAGE][PASSED] - Actual object 'Объем потерь
8 783 3018 783 301
9 468 8399 468 839
4 390 7684 390 768
2023 год
2024 год
2025 год
0
2 000
4 000
6 000
8 000
10 000' and expected object 'Объем потерь
8 783 3018 783 301
9 468 8399 468 839
4 390 7684 390 768
2023 год
2024 год
2025 год
0
2 000
4 000
6 000
8 000
10 000' are equal

17-03-2025T04:13:52 - [TEST_STEP][PASSED] - verifyEqual(findTestData("PlanFact").getValue(3, b), a2): Actual object 'Уровень потерь
10.5910.59
10.6510.65
8.258.25
Факт
2023 год
2024 год
2025 год
0
2
4
6
8
10
12' and expected object 'Уровень потерь
10.5910.59
10.6510.65
8.258.25
Факт
2023 год
2024 год
2025 год
0
2
4
6
8
10
12' are equal

17-03-2025T04:13:52 - [MESSAGE][PASSED] - Actual object 'Уровень потерь
10.5910.59
10.6510.65
8.258.25
Факт
2023 год
2024 год
2025 год
0
2
4
6
8
10
12' and expected object 'Уровень потерь
10.5910.59
10.6510.65
8.258.25
Факт
2023 год
2024 год
2025 год
0
2
4
6
8
10
12' are equal

17-03-2025T04:13:52 - [TEST_STEP][PASSED] - verifyEqual(findTestData("PlanFact").getValue(4, b), a3): Actual object '●● Отклонения, тыс. кВт⋅ч
тыс. кВт⋅ч
Отклонения объема потерь
685 538685 538
-5 078 071-5 078 071
2023/2024
2024/2025
-6 000 000
-5 000 000
-4 000 000
-3 000 000
-2 000 000
-1 000 000
0
1 000 000' and expected object '●● Отклонения, тыс. кВт⋅ч
тыс. кВт⋅ч
Отклонения объема потерь
685 538685 538
-5 078 071-5 078 071
2023/2024
2024/2025
-6 000 000
-5 000 000
-4 000 000
-3 000 000
-2 000 000
-1 000 000
0
1 000 000' are equal

17-03-2025T04:13:52 - [MESSAGE][PASSED] - Actual object '●● Отклонения, тыс. кВт⋅ч
тыс. кВт⋅ч
Отклонения объема потерь
685 538685 538
-5 078 071-5 078 071
2023/2024
2024/2025
-6 000 000
-5 000 000
-4 000 000
-3 000 000
-2 000 000
-1 000 000
0
1 000 000' and expected object '●● Отклонения, тыс. кВт⋅ч
тыс. кВт⋅ч
Отклонения объема потерь
685 538685 538
-5 078 071-5 078 071
2023/2024
2024/2025
-6 000 000
-5 000 000
-4 000 000
-3 000 000
-2 000 000
-1 000 000
0
1 000 000' are equal

17-03-2025T04:13:52 - [TEST_STEP][PASSED] - verifyEqual(findTestData("PlanFact").getValue(5, b), a4): Actual object '●● Отклонения, п.п.
п.п.
Отклонения уровня потерь
0.060.06
-2.41-2.41
2023/2024
2024/2025
-3
-2
-1
0
1' and expected object '●● Отклонения, п.п.
п.п.
Отклонения уровня потерь
0.060.06
-2.41-2.41
2023/2024
2024/2025
-3
-2
-1
0
1' are equal

17-03-2025T04:13:52 - [MESSAGE][PASSED] - Actual object '●● Отклонения, п.п.
п.п.
Отклонения уровня потерь
0.060.06
-2.41-2.41
2023/2024
2024/2025
-3
-2
-1
0
1' and expected object '●● Отклонения, п.п.
п.п.
Отклонения уровня потерь
0.060.06
-2.41-2.41
2023/2024
2024/2025
-3
-2
-1
0
1' are equal

17-03-2025T04:13:52 - [TEST_STEP][PASSED] - Script1686231490255.WriteToExcel(user, dashboardName, n, data, run, a1, a2, a3, a4, a5, a6, a7, a8, a9): null

17-03-2025T04:13:52 - [TEST_STEP][PASSED] - sheetName = "Sheet1": null

17-03-2025T04:13:52 - [TEST_STEP][PASSED] - workbook01 = getWorkbook(excelFilePath): null

17-03-2025T04:13:52 - [TEST_STEP][PASSED] - sheet01 = getExcelSheet(workbook01, sheetName): null

17-03-2025T04:13:52 - [TEST_STEP][PASSED] - setValueToCellByIndex(sheet01, n, 0, dashboardName): null

17-03-2025T04:13:52 - [TEST_STEP][PASSED] - setValueToCellByIndex(sheet01, n, 10, user): null

17-03-2025T04:13:52 - [TEST_STEP][PASSED] - setValueToCellByIndex(sheet01, n, 1, a1): null

17-03-2025T04:13:52 - [TEST_STEP][PASSED] - setValueToCellByIndex(sheet01, n, 2, a2): null

17-03-2025T04:13:52 - [TEST_STEP][PASSED] - setValueToCellByIndex(sheet01, n, 3, a3): null

17-03-2025T04:13:52 - [TEST_STEP][PASSED] - setValueToCellByIndex(sheet01, n, 4, a4): null

17-03-2025T04:13:52 - [TEST_STEP][PASSED] - setValueToCellByIndex(sheet01, n, 5, a5): null

17-03-2025T04:13:52 - [TEST_STEP][PASSED] - setValueToCellByIndex(sheet01, n, 6, a6): null

17-03-2025T04:13:52 - [TEST_STEP][PASSED] - setValueToCellByIndex(sheet01, n, 7, a7): null

17-03-2025T04:13:52 - [TEST_STEP][PASSED] - setValueToCellByIndex(sheet01, n, 8, a8): null

17-03-2025T04:13:52 - [TEST_STEP][PASSED] - setValueToCellByIndex(sheet01, n, 9, a9): null

17-03-2025T04:13:52 - [TEST_STEP][PASSED] - n = n + 1: null

17-03-2025T04:13:52 - [TEST_STEP][PASSED] - saveWorkbook(excelFilePath, workbook01): null

17-03-2025T04:13:52 - [TEST_STEP][PASSED] - if (run == 3): null

17-03-2025T04:13:52 - [TEST_STEP][PASSED] - closeBrowser(): null

17-03-2025T04:13:52 - [MESSAGE][PASSED] - Browser is closed

17-03-2025T04:13:52 - [TEST_STEP][PASSED] - ObyemPoter(user, dashboardName, n, data, run, a1, a2, a3, a4, a5, a6, a7, a8, a9, urlData): null

17-03-2025T04:13:52 - [TEST_STEP][PASSED] - n = data.getRowNumbers() + 1: null

17-03-2025T04:13:52 - [TEST_STEP][PASSED] - println(n): null

17-03-2025T04:13:52 - [TEST_STEP][PASSED] - dashboardName = "Объём потерь": null

17-03-2025T04:13:52 - [TEST_STEP][PASSED] - openBrowser(""): Browser is opened with url: ''

17-03-2025T04:13:52 - [MESSAGE][INFO] - Starting 'Chrome' driver

17-03-2025T04:13:52 - [MESSAGE][INFO] - Action delay is set to 0 milliseconds

17-03-2025T04:13:53 - [MESSAGE][PASSED] - Browser is opened with url: ''

17-03-2025T04:13:53 - [TEST_STEP][PASSED] - urlData = 14: null

17-03-2025T04:13:53 - [TEST_STEP][PASSED] - Script1686231490255.CheckPageDownload(urlData, run): null

17-03-2025T04:13:53 - [TEST_STEP][PASSED] - i = 1: null

17-03-2025T04:13:53 - [TEST_STEP][PASSED] - ii = 0: null

17-03-2025T04:13:53 - [TEST_STEP][PASSED] - urlText = <not implemented yet for class: org.codehaus.groovy.ast.expr.EmptyExpression>: null

17-03-2025T04:13:53 - [TEST_STEP][PASSED] - searchWord = <not implemented yet for class: org.codehaus.groovy.ast.expr.EmptyExpression>: null

17-03-2025T04:13:53 - [TEST_STEP][PASSED] - deleteAllCookies(): Delete all cookies successfully

17-03-2025T04:13:53 - [MESSAGE][PASSED] - Delete all cookies successfully

17-03-2025T04:13:53 - [TEST_STEP][PASSED] - refresh(): Refresh successfully

17-03-2025T04:13:53 - [MESSAGE][PASSED] - Refresh successfully

17-03-2025T04:13:53 - [TEST_STEP][PASSED] - delay(70): Delayed 70 second(s)

17-03-2025T04:15:03 - [MESSAGE][PASSED] - Delayed 70 second(s)

17-03-2025T04:15:03 - [TEST_STEP][PASSED] - navigateToUrl(findTestData("PlanFact").getValue(10, urlData)): Navigate to 'https://bi.rosseti.digital/viewer?dashboardGuid=d154a8eaf6824e2b9de1bb04dd061c18&sheetGuid=aa9766f159804cfeb6006ba98edf3a23&fit=true' successfully

17-03-2025T04:15:07 - [MESSAGE][PASSED] - Navigate to 'https://bi.rosseti.digital/viewer?dashboardGuid=d154a8eaf6824e2b9de1bb04dd061c18&sheetGuid=aa9766f159804cfeb6006ba98edf3a23&fit=true' successfully

17-03-2025T04:15:07 - [TEST_STEP][PASSED] - pageLoaded1 = verifyElementPresent(findTestObject("Страница авторизации/Text"), 30): Object 'Object Repository/Страница авторизации/Text' is present

17-03-2025T04:15:08 - [MESSAGE][PASSED] - Object 'Object Repository/Страница авторизации/Text' is present

17-03-2025T04:15:08 - [TEST_STEP][PASSED] - if (pageLoaded1 == false): null

17-03-2025T04:15:08 - [TEST_STEP][PASSED] - urlText = getText(findTestObject("Страница авторизации/Text")): Text of object 'Object Repository/Страница авторизации/Text' is: 'Вход'

17-03-2025T04:15:08 - [MESSAGE][PASSED] - Text of object 'Object Repository/Страница авторизации/Text' is: 'Вход'

17-03-2025T04:15:08 - [TEST_STEP][PASSED] - delay(70): Delayed 70 second(s)

17-03-2025T04:16:18 - [MESSAGE][PASSED] - Delayed 70 second(s)

17-03-2025T04:16:18 - [TEST_STEP][PASSED] - searchWord = "Вход": null

17-03-2025T04:16:18 - [TEST_STEP][PASSED] - if (urlText.contains(searchWord) == false): null

17-03-2025T04:16:18 - [TEST_STEP][PASSED] - setText(findTestObject("Страница авторизации/input__username"), findTestData("PlanFact").getValue(8, run)): Text 'Petrova-OV' is set on object 'Object Repository/Страница авторизации/input__username'

17-03-2025T04:16:19 - [MESSAGE][PASSED] - Text 'Petrova-OV' is set on object 'Object Repository/Страница авторизации/input__username'

17-03-2025T04:16:19 - [TEST_STEP][PASSED] - setText(findTestObject("Страница авторизации/input__password"), findTestData("PlanFact").getValue(9, run)): Text '4Ex@~R53r&3x&BVe7' is set on object 'Object Repository/Страница авторизации/input__password'

17-03-2025T04:16:20 - [MESSAGE][PASSED] - Text '4Ex@~R53r&3x&BVe7' is set on object 'Object Repository/Страница авторизации/input__password'

17-03-2025T04:16:20 - [TEST_STEP][PASSED] - click(findTestObject("Страница авторизации/button_")): Object: 'Object Repository/Страница авторизации/button_' is clicked on

17-03-2025T04:16:21 - [MESSAGE][PASSED] - Object: 'Object Repository/Страница авторизации/button_' is clicked on

17-03-2025T04:16:21 - [TEST_STEP][PASSED] - delay(70): Delayed 70 second(s)

17-03-2025T04:17:31 - [MESSAGE][PASSED] - Delayed 70 second(s)

17-03-2025T04:17:31 - [TEST_STEP][PASSED] - searchWord = "а": null

17-03-2025T04:17:31 - [TEST_STEP][PASSED] - pageLoaded2 = verifyElementPresent(findTestObject("Страница авторизации/Text"), 50): Object 'Object Repository/Страница авторизации/Text' is present

17-03-2025T04:17:31 - [MESSAGE][PASSED] - Object 'Object Repository/Страница авторизации/Text' is present

17-03-2025T04:17:31 - [TEST_STEP][PASSED] - if (pageLoaded2 == false): null

17-03-2025T04:17:31 - [TEST_STEP][PASSED] - urlText = getText(findTestObject("Страница авторизации/Text")): Text of object 'Object Repository/Страница авторизации/Text' is: 'ДЗО 
Все
Период
2025 год - 1 квартал - Январь, 2024 год - 1 квартал - Январь, 2023 год - 1 квартал - Январь
тыс. кВт⋅ч
п.п.
Объем потерь
8 783 3018 783 301
9 468 8399 468 839
4 390 7684 390 768
2023 год
2024 год
2025 год
0
2 000
4 000
6 000
8 000
10 000
Уровень потерь
10.5910.59
10.6510.65
8.258.25
Факт
2023 год
2024 год
2025 год
0
2
4
6
8
10
12
●● Отклонения, тыс. кВт⋅ч
тыс. кВт⋅ч
Отклонения объема потерь
685 538685 538
-5 078 071-5 078 071
2023/2024
2024/2025
-6 000 000
-5 000 000
-4 000 000
-3 000 000
-2 000 000
-1 000 000
0
1 000 000
●● Отклонения, п.п.
п.п.
Отклонения уровня потерь
0.060.06
-2.41-2.41
2023/2024
2024/2025
-3
-2
-1
0
1
Фактические данные по объему и уровню потерь электроэнергии'

17-03-2025T04:17:32 - [MESSAGE][PASSED] - Text of object 'Object Repository/Страница авторизации/Text' is: 'ДЗО 
Все
Период
2025 год - 1 квартал - Январь, 2024 год - 1 квартал - Январь, 2023 год - 1 квартал - Январь
тыс. кВт⋅ч
п.п.
Объем потерь
8 783 3018 783 301
9 468 8399 468 839
4 390 7684 390 768
2023 год
2024 год
2025 год
0
2 000
4 000
6 000
8 000
10 000
Уровень потерь
10.5910.59
10.6510.65
8.258.25
Факт
2023 год
2024 год
2025 год
0
2
4
6
8
10
12
●● Отклонения, тыс. кВт⋅ч
тыс. кВт⋅ч
Отклонения объема потерь
685 538685 538
-5 078 071-5 078 071
2023/2024
2024/2025
-6 000 000
-5 000 000
-4 000 000
-3 000 000
-2 000 000
-1 000 000
0
1 000 000
●● Отклонения, п.п.
п.п.
Отклонения уровня потерь
0.060.06
-2.41-2.41
2023/2024
2024/2025
-3
-2
-1
0
1
Фактические данные по объему и уровню потерь электроэнергии'

17-03-2025T04:17:32 - [TEST_STEP][PASSED] - if (urlText.contains("ошибка") || urlText.contains(searchWord) == false): null

17-03-2025T04:17:32 - [TEST_STEP][PASSED] - a9 = "": null

17-03-2025T04:17:32 - [TEST_STEP][PASSED] - a3 = "": null

17-03-2025T04:17:32 - [TEST_STEP][PASSED] - a6 = "": null

17-03-2025T04:17:32 - [TEST_STEP][PASSED] - if (run == 1): null

17-03-2025T04:17:32 - [TEST_STEP][PASSED] - if (run == 2): null

17-03-2025T04:17:32 - [TEST_STEP][PASSED] - if (run == 3): null

17-03-2025T04:17:32 - [TEST_STEP][PASSED] - user = "Попова": null

17-03-2025T04:17:32 - [TEST_STEP][PASSED] - a1 = getText(findTestObject("Объем потерь/divObemPoter")): Text of object 'Object Repository/Объем потерь/divObemPoter' is: 'Объем потерь
8 783 3018 783 301
9 468 8399 468 839
4 390 7684 390 768
2023 год
2024 год
2025 год
0
2 000
4 000
6 000
8 000
10 000'

17-03-2025T04:17:32 - [MESSAGE][PASSED] - Text of object 'Object Repository/Объем потерь/divObemPoter' is: 'Объем потерь
8 783 3018 783 301
9 468 8399 468 839
4 390 7684 390 768
2023 год
2024 год
2025 год
0
2 000
4 000
6 000
8 000
10 000'

17-03-2025T04:17:32 - [TEST_STEP][PASSED] - a2 = getText(findTestObject("Объем потерь/divUrovenPoter")): Text of object 'Object Repository/Объем потерь/divUrovenPoter' is: 'Уровень потерь
10.5910.59
10.6510.65
8.258.25
Факт
2023 год
2024 год
2025 год
0
2
4
6
8
10
12'

17-03-2025T04:17:32 - [MESSAGE][PASSED] - Text of object 'Object Repository/Объем потерь/divUrovenPoter' is: 'Уровень потерь
10.5910.59
10.6510.65
8.258.25
Факт
2023 год
2024 год
2025 год
0
2
4
6
8
10
12'

17-03-2025T04:17:32 - [TEST_STEP][PASSED] - a3 = getText(findTestObject("Объем потерь/divOtkloneniyaObemaPoter")): Text of object 'Object Repository/Объем потерь/divOtkloneniyaObemaPoter' is: '●● Отклонения, тыс. кВт⋅ч
тыс. кВт⋅ч
Отклонения объема потерь
685 538685 538
-5 078 071-5 078 071
2023/2024
2024/2025
-6 000 000
-5 000 000
-4 000 000
-3 000 000
-2 000 000
-1 000 000
0
1 000 000'

17-03-2025T04:17:33 - [MESSAGE][PASSED] - Text of object 'Object Repository/Объем потерь/divOtkloneniyaObemaPoter' is: '●● Отклонения, тыс. кВт⋅ч
тыс. кВт⋅ч
Отклонения объема потерь
685 538685 538
-5 078 071-5 078 071
2023/2024
2024/2025
-6 000 000
-5 000 000
-4 000 000
-3 000 000
-2 000 000
-1 000 000
0
1 000 000'

17-03-2025T04:17:33 - [TEST_STEP][PASSED] - a4 = getText(findTestObject("Объем потерь/divOtkloneniyaUrovnyaPoter")): Text of object 'Object Repository/Объем потерь/divOtkloneniyaUrovnyaPoter' is: '●● Отклонения, п.п.
п.п.
Отклонения уровня потерь
0.060.06
-2.41-2.41
2023/2024
2024/2025
-3
-2
-1
0
1'

17-03-2025T04:17:33 - [MESSAGE][PASSED] - Text of object 'Object Repository/Объем потерь/divOtkloneniyaUrovnyaPoter' is: '●● Отклонения, п.п.
п.п.
Отклонения уровня потерь
0.060.06
-2.41-2.41
2023/2024
2024/2025
-3
-2
-1
0
1'

17-03-2025T04:17:33 - [TEST_STEP][PASSED] - n = n + 8: null

17-03-2025T04:17:33 - [TEST_STEP][PASSED] - b = n - run + 1: null

17-03-2025T04:17:33 - [TEST_STEP][PASSED] - verifyEqual(findTestData("PlanFact").getValue(2, b), a1): Actual object 'Объем потерь
8 783 3018 783 301
9 468 8399 468 839
4 390 7684 390 768
2023 год
2024 год
2025 год
0
2 000
4 000
6 000
8 000
10 000' and expected object 'Объем потерь
8 783 3018 783 301
9 468 8399 468 839
4 390 7684 390 768
2023 год
2024 год
2025 год
0
2 000
4 000
6 000
8 000
10 000' are equal

17-03-2025T04:17:33 - [MESSAGE][PASSED] - Actual object 'Объем потерь
8 783 3018 783 301
9 468 8399 468 839
4 390 7684 390 768
2023 год
2024 год
2025 год
0
2 000
4 000
6 000
8 000
10 000' and expected object 'Объем потерь
8 783 3018 783 301
9 468 8399 468 839
4 390 7684 390 768
2023 год
2024 год
2025 год
0
2 000
4 000
6 000
8 000
10 000' are equal

17-03-2025T04:17:33 - [TEST_STEP][PASSED] - verifyEqual(findTestData("PlanFact").getValue(3, b), a2): Actual object 'Уровень потерь
10.5910.59
10.6510.65
8.258.25
Факт
2023 год
2024 год
2025 год
0
2
4
6
8
10
12' and expected object 'Уровень потерь
10.5910.59
10.6510.65
8.258.25
Факт
2023 год
2024 год
2025 год
0
2
4
6
8
10
12' are equal

17-03-2025T04:17:33 - [MESSAGE][PASSED] - Actual object 'Уровень потерь
10.5910.59
10.6510.65
8.258.25
Факт
2023 год
2024 год
2025 год
0
2
4
6
8
10
12' and expected object 'Уровень потерь
10.5910.59
10.6510.65
8.258.25
Факт
2023 год
2024 год
2025 год
0
2
4
6
8
10
12' are equal

17-03-2025T04:17:33 - [TEST_STEP][PASSED] - verifyEqual(findTestData("PlanFact").getValue(4, b), a3): Actual object '●● Отклонения, тыс. кВт⋅ч
тыс. кВт⋅ч
Отклонения объема потерь
685 538685 538
-5 078 071-5 078 071
2023/2024
2024/2025
-6 000 000
-5 000 000
-4 000 000
-3 000 000
-2 000 000
-1 000 000
0
1 000 000' and expected object '●● Отклонения, тыс. кВт⋅ч
тыс. кВт⋅ч
Отклонения объема потерь
685 538685 538
-5 078 071-5 078 071
2023/2024
2024/2025
-6 000 000
-5 000 000
-4 000 000
-3 000 000
-2 000 000
-1 000 000
0
1 000 000' are equal

17-03-2025T04:17:33 - [MESSAGE][PASSED] - Actual object '●● Отклонения, тыс. кВт⋅ч
тыс. кВт⋅ч
Отклонения объема потерь
685 538685 538
-5 078 071-5 078 071
2023/2024
2024/2025
-6 000 000
-5 000 000
-4 000 000
-3 000 000
-2 000 000
-1 000 000
0
1 000 000' and expected object '●● Отклонения, тыс. кВт⋅ч
тыс. кВт⋅ч
Отклонения объема потерь
685 538685 538
-5 078 071-5 078 071
2023/2024
2024/2025
-6 000 000
-5 000 000
-4 000 000
-3 000 000
-2 000 000
-1 000 000
0
1 000 000' are equal

17-03-2025T04:17:33 - [TEST_STEP][PASSED] - verifyEqual(findTestData("PlanFact").getValue(5, b), a4): Actual object '●● Отклонения, п.п.
п.п.
Отклонения уровня потерь
0.060.06
-2.41-2.41
2023/2024
2024/2025
-3
-2
-1
0
1' and expected object '●● Отклонения, п.п.
п.п.
Отклонения уровня потерь
0.060.06
-2.41-2.41
2023/2024
2024/2025
-3
-2
-1
0
1' are equal

17-03-2025T04:17:33 - [MESSAGE][PASSED] - Actual object '●● Отклонения, п.п.
п.п.
Отклонения уровня потерь
0.060.06
-2.41-2.41
2023/2024
2024/2025
-3
-2
-1
0
1' and expected object '●● Отклонения, п.п.
п.п.
Отклонения уровня потерь
0.060.06
-2.41-2.41
2023/2024
2024/2025
-3
-2
-1
0
1' are equal

17-03-2025T04:17:33 - [TEST_STEP][PASSED] - Script1686231490255.WriteToExcel(user, dashboardName, n, data, run, a1, a2, a3, a4, a5, a6, a7, a8, a9): null

17-03-2025T04:17:33 - [TEST_STEP][PASSED] - sheetName = "Sheet1": null

17-03-2025T04:17:33 - [TEST_STEP][PASSED] - workbook01 = getWorkbook(excelFilePath): null

17-03-2025T04:17:33 - [TEST_STEP][PASSED] - sheet01 = getExcelSheet(workbook01, sheetName): null

17-03-2025T04:17:33 - [TEST_STEP][PASSED] - setValueToCellByIndex(sheet01, n, 0, dashboardName): null

17-03-2025T04:17:33 - [TEST_STEP][PASSED] - setValueToCellByIndex(sheet01, n, 10, user): null

17-03-2025T04:17:33 - [TEST_STEP][PASSED] - setValueToCellByIndex(sheet01, n, 1, a1): null

17-03-2025T04:17:33 - [TEST_STEP][PASSED] - setValueToCellByIndex(sheet01, n, 2, a2): null

17-03-2025T04:17:33 - [TEST_STEP][PASSED] - setValueToCellByIndex(sheet01, n, 3, a3): null

17-03-2025T04:17:33 - [TEST_STEP][PASSED] - setValueToCellByIndex(sheet01, n, 4, a4): null

17-03-2025T04:17:33 - [TEST_STEP][PASSED] - setValueToCellByIndex(sheet01, n, 5, a5): null

17-03-2025T04:17:33 - [TEST_STEP][PASSED] - setValueToCellByIndex(sheet01, n, 6, a6): null

17-03-2025T04:17:33 - [TEST_STEP][PASSED] - setValueToCellByIndex(sheet01, n, 7, a7): null

17-03-2025T04:17:33 - [TEST_STEP][PASSED] - setValueToCellByIndex(sheet01, n, 8, a8): null

17-03-2025T04:17:33 - [TEST_STEP][PASSED] - setValueToCellByIndex(sheet01, n, 9, a9): null

17-03-2025T04:17:33 - [TEST_STEP][PASSED] - n = n + 1: null

17-03-2025T04:17:33 - [TEST_STEP][PASSED] - saveWorkbook(excelFilePath, workbook01): null

17-03-2025T04:17:34 - [TEST_STEP][PASSED] - closeBrowser(): Browser is closed

17-03-2025T04:17:34 - [MESSAGE][PASSED] - Browser is closed

17-03-2025T04:17:34 - [TEST_STEP][PASSED] - delay(70): Delayed 70 second(s)

17-03-2025T04:18:44 - [MESSAGE][PASSED] - Delayed 70 second(s)

17-03-2025T04:18:44 - [TEST_STEP][PASSED] - for ([run = 1, run < 4, (run++)]): null

17-03-2025T04:18:44 - [TEST_STEP][PASSED] - OtpuskIzSeti(user, dashboardName, n, data, run, a1, a2, a3, a4, a5, a6, a7, a8, a9, urlData): null

17-03-2025T04:18:44 - [TEST_STEP][PASSED] - n = data.getRowNumbers() + 1: null

17-03-2025T04:18:44 - [TEST_STEP][PASSED] - println(n): null

17-03-2025T04:18:44 - [TEST_STEP][PASSED] - dashboardName = "Отпуск из сети": null

17-03-2025T04:18:44 - [TEST_STEP][PASSED] - openBrowser(""): Browser is opened with url: ''

17-03-2025T04:18:44 - [MESSAGE][INFO] - Starting 'Chrome' driver

17-03-2025T04:18:44 - [MESSAGE][INFO] - Action delay is set to 0 milliseconds

17-03-2025T04:18:45 - [MESSAGE][PASSED] - Browser is opened with url: ''

17-03-2025T04:18:45 - [TEST_STEP][PASSED] - urlData = 15: null

17-03-2025T04:18:45 - [TEST_STEP][PASSED] - Script1686231490255.CheckPageDownload(urlData, run): null

17-03-2025T04:18:45 - [TEST_STEP][PASSED] - i = 1: null

17-03-2025T04:18:45 - [TEST_STEP][PASSED] - ii = 0: null

17-03-2025T04:18:45 - [TEST_STEP][PASSED] - urlText = <not implemented yet for class: org.codehaus.groovy.ast.expr.EmptyExpression>: null

17-03-2025T04:18:45 - [TEST_STEP][PASSED] - searchWord = <not implemented yet for class: org.codehaus.groovy.ast.expr.EmptyExpression>: null

17-03-2025T04:18:45 - [TEST_STEP][PASSED] - deleteAllCookies(): Delete all cookies successfully

17-03-2025T04:18:45 - [MESSAGE][PASSED] - Delete all cookies successfully

17-03-2025T04:18:45 - [TEST_STEP][PASSED] - refresh(): Refresh successfully

17-03-2025T04:18:45 - [MESSAGE][PASSED] - Refresh successfully

17-03-2025T04:18:45 - [TEST_STEP][PASSED] - delay(70): Delayed 70 second(s)

17-03-2025T04:19:55 - [MESSAGE][PASSED] - Delayed 70 second(s)

17-03-2025T04:19:55 - [TEST_STEP][PASSED] - navigateToUrl(findTestData("PlanFact").getValue(10, urlData)): Navigate to 'https://bi.rosseti.digital/viewer?dashboardGuid=d154a8eaf6824e2b9de1bb04dd061c18&sheetGuid=f217cc6775674247871931fed0993c14&fit=true' successfully

17-03-2025T04:20:00 - [MESSAGE][PASSED] - Navigate to 'https://bi.rosseti.digital/viewer?dashboardGuid=d154a8eaf6824e2b9de1bb04dd061c18&sheetGuid=f217cc6775674247871931fed0993c14&fit=true' successfully

17-03-2025T04:20:00 - [TEST_STEP][PASSED] - pageLoaded1 = verifyElementPresent(findTestObject("Страница авторизации/Text"), 30): Object 'Object Repository/Страница авторизации/Text' is present

17-03-2025T04:20:01 - [MESSAGE][PASSED] - Object 'Object Repository/Страница авторизации/Text' is present

17-03-2025T04:20:01 - [TEST_STEP][PASSED] - if (pageLoaded1 == false): null

17-03-2025T04:20:01 - [TEST_STEP][PASSED] - urlText = getText(findTestObject("Страница авторизации/Text")): Text of object 'Object Repository/Страница авторизации/Text' is: 'Вход'

17-03-2025T04:20:01 - [MESSAGE][PASSED] - Text of object 'Object Repository/Страница авторизации/Text' is: 'Вход'

17-03-2025T04:20:01 - [TEST_STEP][PASSED] - delay(70): Delayed 70 second(s)

17-03-2025T04:21:11 - [MESSAGE][PASSED] - Delayed 70 second(s)

17-03-2025T04:21:11 - [TEST_STEP][PASSED] - searchWord = "Вход": null

17-03-2025T04:21:11 - [TEST_STEP][PASSED] - if (urlText.contains(searchWord) == false): null

17-03-2025T04:21:11 - [TEST_STEP][PASSED] - setText(findTestObject("Страница авторизации/input__username"), findTestData("PlanFact").getValue(8, run)): Text 'liazgina-di' is set on object 'Object Repository/Страница авторизации/input__username'

17-03-2025T04:21:12 - [MESSAGE][PASSED] - Text 'liazgina-di' is set on object 'Object Repository/Страница авторизации/input__username'

17-03-2025T04:21:12 - [TEST_STEP][PASSED] - setText(findTestObject("Страница авторизации/input__password"), findTestData("PlanFact").getValue(9, run)): Text ')$%5srZ8o688Dm#q' is set on object 'Object Repository/Страница авторизации/input__password'

17-03-2025T04:21:13 - [MESSAGE][PASSED] - Text ')$%5srZ8o688Dm#q' is set on object 'Object Repository/Страница авторизации/input__password'

17-03-2025T04:21:13 - [TEST_STEP][PASSED] - click(findTestObject("Страница авторизации/button_")): Object: 'Object Repository/Страница авторизации/button_' is clicked on

17-03-2025T04:21:14 - [MESSAGE][PASSED] - Object: 'Object Repository/Страница авторизации/button_' is clicked on

17-03-2025T04:21:14 - [TEST_STEP][PASSED] - delay(70): Delayed 70 second(s)

17-03-2025T04:22:24 - [MESSAGE][PASSED] - Delayed 70 second(s)

17-03-2025T04:22:24 - [TEST_STEP][PASSED] - searchWord = "а": null

17-03-2025T04:22:24 - [TEST_STEP][PASSED] - pageLoaded2 = verifyElementPresent(findTestObject("Страница авторизации/Text"), 50): Object 'Object Repository/Страница авторизации/Text' is present

17-03-2025T04:22:24 - [MESSAGE][PASSED] - Object 'Object Repository/Страница авторизации/Text' is present

17-03-2025T04:22:24 - [TEST_STEP][PASSED] - if (pageLoaded2 == false): null

17-03-2025T04:22:24 - [TEST_STEP][PASSED] - urlText = getText(findTestObject("Страница авторизации/Text")): Text of object 'Object Repository/Страница авторизации/Text' is: 'ДЗО 
Все
Период
2025 год - 1 квартал - Январь, 2024 год - 1 квартал - Январь, 2023 год - 1 квартал - Январь
Отпуск из сети
Факт
2023 год
2024 год
0
5 000
10 000
15 000
20 000
25 000
30 000
35 000
40 000
45 000
50 000
55 000
51 858 414
530 278
●● Отклонения, тыс. кВт⋅ч
тыс. кВт⋅ч
Отклонения по отпуску из сети
-51 328 135-51 328 135
2023/2024
-60 000 000
-50 000 000
-40 000 000
-30 000 000
-20 000 000
-10 000 000
0
●● Отклонения, %
%
Отклонения по отпуску из сети
-98.98-98.98
2023/2024
-100
0
-125
-75
-50
-25
тыс. кВт⋅ч
Фактические данные по отпуску из сети'

17-03-2025T04:22:25 - [MESSAGE][PASSED] - Text of object 'Object Repository/Страница авторизации/Text' is: 'ДЗО 
Все
Период
2025 год - 1 квартал - Январь, 2024 год - 1 квартал - Январь, 2023 год - 1 квартал - Январь
Отпуск из сети
Факт
2023 год
2024 год
0
5 000
10 000
15 000
20 000
25 000
30 000
35 000
40 000
45 000
50 000
55 000
51 858 414
530 278
●● Отклонения, тыс. кВт⋅ч
тыс. кВт⋅ч
Отклонения по отпуску из сети
-51 328 135-51 328 135
2023/2024
-60 000 000
-50 000 000
-40 000 000
-30 000 000
-20 000 000
-10 000 000
0
●● Отклонения, %
%
Отклонения по отпуску из сети
-98.98-98.98
2023/2024
-100
0
-125
-75
-50
-25
тыс. кВт⋅ч
Фактические данные по отпуску из сети'

17-03-2025T04:22:25 - [TEST_STEP][PASSED] - if (urlText.contains("ошибка") || urlText.contains(searchWord) == false): null

17-03-2025T04:22:25 - [TEST_STEP][PASSED] - a6 = "": null

17-03-2025T04:22:25 - [TEST_STEP][PASSED] - a7 = "": null

17-03-2025T04:22:25 - [TEST_STEP][PASSED] - a8 = "": null

17-03-2025T04:22:25 - [TEST_STEP][PASSED] - a9 = "": null

17-03-2025T04:22:25 - [TEST_STEP][PASSED] - if (run == 1): null

17-03-2025T04:22:25 - [TEST_STEP][PASSED] - user = "админ": null

17-03-2025T04:22:25 - [TEST_STEP][PASSED] - a1 = getText(findTestObject("Отпуск из сети/span1")): Text of object 'Object Repository/Отпуск из сети/span1' is: ''

17-03-2025T04:22:25 - [MESSAGE][PASSED] - Text of object 'Object Repository/Отпуск из сети/span1' is: ''

17-03-2025T04:22:25 - [TEST_STEP][PASSED] - a2 = getText(findTestObject("Отпуск из сети/span2")): Text of object 'Object Repository/Отпуск из сети/span2' is: '51 858 414'

17-03-2025T04:22:26 - [MESSAGE][PASSED] - Text of object 'Object Repository/Отпуск из сети/span2' is: '51 858 414'

17-03-2025T04:22:26 - [TEST_STEP][PASSED] - a3 = getText(findTestObject("Отпуск из сети/span3")): Text of object 'Object Repository/Отпуск из сети/span3' is: '530 278'

17-03-2025T04:22:26 - [MESSAGE][PASSED] - Text of object 'Object Repository/Отпуск из сети/span3' is: '530 278'

17-03-2025T04:22:26 - [TEST_STEP][PASSED] - a4 = getText(findTestObject("Отпуск из сети/График1")): Text of object 'Object Repository/Отпуск из сети/График1' is: '●● Отклонения, тыс. кВт⋅ч
тыс. кВт⋅ч
Отклонения по отпуску из сети
-51 328 135-51 328 135
2023/2024
-60 000 000
-50 000 000
-40 000 000
-30 000 000
-20 000 000
-10 000 000
0'

17-03-2025T04:22:26 - [MESSAGE][PASSED] - Text of object 'Object Repository/Отпуск из сети/График1' is: '●● Отклонения, тыс. кВт⋅ч
тыс. кВт⋅ч
Отклонения по отпуску из сети
-51 328 135-51 328 135
2023/2024
-60 000 000
-50 000 000
-40 000 000
-30 000 000
-20 000 000
-10 000 000
0'

17-03-2025T04:22:26 - [TEST_STEP][PASSED] - a5 = getText(findTestObject("Отпуск из сети/График2")): Text of object 'Object Repository/Отпуск из сети/График2' is: '●● Отклонения, %
%
Отклонения по отпуску из сети
-98.98-98.98
2023/2024
-100
0
-125
-75
-50
-25'

17-03-2025T04:22:26 - [MESSAGE][PASSED] - Text of object 'Object Repository/Отпуск из сети/График2' is: '●● Отклонения, %
%
Отклонения по отпуску из сети
-98.98-98.98
2023/2024
-100
0
-125
-75
-50
-25'

17-03-2025T04:22:26 - [TEST_STEP][PASSED] - n = n + 9: null

17-03-2025T04:22:26 - [TEST_STEP][PASSED] - Script1686231490255.WriteToExcel(user, dashboardName, n, data, run, a1, a2, a3, a4, a5, a6, a7, a8, a9): null

17-03-2025T04:22:26 - [TEST_STEP][PASSED] - sheetName = "Sheet1": null

17-03-2025T04:22:26 - [TEST_STEP][PASSED] - workbook01 = getWorkbook(excelFilePath): null

17-03-2025T04:22:26 - [TEST_STEP][PASSED] - sheet01 = getExcelSheet(workbook01, sheetName): null

17-03-2025T04:22:27 - [TEST_STEP][PASSED] - setValueToCellByIndex(sheet01, n, 0, dashboardName): null

17-03-2025T04:22:27 - [TEST_STEP][PASSED] - setValueToCellByIndex(sheet01, n, 10, user): null

17-03-2025T04:22:27 - [TEST_STEP][PASSED] - setValueToCellByIndex(sheet01, n, 1, a1): null

17-03-2025T04:22:27 - [TEST_STEP][PASSED] - setValueToCellByIndex(sheet01, n, 2, a2): null

17-03-2025T04:22:27 - [TEST_STEP][PASSED] - setValueToCellByIndex(sheet01, n, 3, a3): null

17-03-2025T04:22:27 - [TEST_STEP][PASSED] - setValueToCellByIndex(sheet01, n, 4, a4): null

17-03-2025T04:22:27 - [TEST_STEP][PASSED] - setValueToCellByIndex(sheet01, n, 5, a5): null

17-03-2025T04:22:27 - [TEST_STEP][PASSED] - setValueToCellByIndex(sheet01, n, 6, a6): null

17-03-2025T04:22:27 - [TEST_STEP][PASSED] - setValueToCellByIndex(sheet01, n, 7, a7): null

17-03-2025T04:22:27 - [TEST_STEP][PASSED] - setValueToCellByIndex(sheet01, n, 8, a8): null

17-03-2025T04:22:27 - [TEST_STEP][PASSED] - setValueToCellByIndex(sheet01, n, 9, a9): null

17-03-2025T04:22:27 - [TEST_STEP][PASSED] - n = n + 1: null

17-03-2025T04:22:27 - [TEST_STEP][PASSED] - saveWorkbook(excelFilePath, workbook01): null

17-03-2025T04:22:27 - [TEST_STEP][PASSED] - if (run == 2): null

17-03-2025T04:22:27 - [TEST_STEP][PASSED] - if (run == 3): null

17-03-2025T04:22:27 - [TEST_STEP][PASSED] - closeBrowser(): null

17-03-2025T04:22:27 - [MESSAGE][PASSED] - Browser is closed

17-03-2025T04:22:27 - [TEST_STEP][PASSED] - OtpuskIzSeti(user, dashboardName, n, data, run, a1, a2, a3, a4, a5, a6, a7, a8, a9, urlData): null

17-03-2025T04:22:27 - [TEST_STEP][PASSED] - n = data.getRowNumbers() + 1: null

17-03-2025T04:22:27 - [TEST_STEP][PASSED] - println(n): null

17-03-2025T04:22:27 - [TEST_STEP][PASSED] - dashboardName = "Отпуск из сети": null

17-03-2025T04:22:27 - [TEST_STEP][PASSED] - openBrowser(""): Browser is opened with url: ''

17-03-2025T04:22:27 - [MESSAGE][INFO] - Starting 'Chrome' driver

17-03-2025T04:22:27 - [MESSAGE][INFO] - Action delay is set to 0 milliseconds

17-03-2025T04:22:28 - [MESSAGE][PASSED] - Browser is opened with url: ''

17-03-2025T04:22:28 - [TEST_STEP][PASSED] - urlData = 15: null

17-03-2025T04:22:28 - [TEST_STEP][PASSED] - Script1686231490255.CheckPageDownload(urlData, run): null

17-03-2025T04:22:28 - [TEST_STEP][PASSED] - i = 1: null

17-03-2025T04:22:28 - [TEST_STEP][PASSED] - ii = 0: null

17-03-2025T04:22:28 - [TEST_STEP][PASSED] - urlText = <not implemented yet for class: org.codehaus.groovy.ast.expr.EmptyExpression>: null

17-03-2025T04:22:28 - [TEST_STEP][PASSED] - searchWord = <not implemented yet for class: org.codehaus.groovy.ast.expr.EmptyExpression>: null

17-03-2025T04:22:28 - [TEST_STEP][PASSED] - deleteAllCookies(): Delete all cookies successfully

17-03-2025T04:22:28 - [MESSAGE][PASSED] - Delete all cookies successfully

17-03-2025T04:22:28 - [TEST_STEP][PASSED] - refresh(): Refresh successfully

17-03-2025T04:22:28 - [MESSAGE][PASSED] - Refresh successfully

17-03-2025T04:22:28 - [TEST_STEP][PASSED] - delay(70): Delayed 70 second(s)

17-03-2025T04:23:38 - [MESSAGE][PASSED] - Delayed 70 second(s)

17-03-2025T04:23:38 - [TEST_STEP][PASSED] - navigateToUrl(findTestData("PlanFact").getValue(10, urlData)): Navigate to 'https://bi.rosseti.digital/viewer?dashboardGuid=d154a8eaf6824e2b9de1bb04dd061c18&sheetGuid=f217cc6775674247871931fed0993c14&fit=true' successfully

17-03-2025T04:23:44 - [MESSAGE][PASSED] - Navigate to 'https://bi.rosseti.digital/viewer?dashboardGuid=d154a8eaf6824e2b9de1bb04dd061c18&sheetGuid=f217cc6775674247871931fed0993c14&fit=true' successfully

17-03-2025T04:23:44 - [TEST_STEP][PASSED] - pageLoaded1 = verifyElementPresent(findTestObject("Страница авторизации/Text"), 30): Object 'Object Repository/Страница авторизации/Text' is present

17-03-2025T04:23:45 - [MESSAGE][PASSED] - Object 'Object Repository/Страница авторизации/Text' is present

17-03-2025T04:23:45 - [TEST_STEP][PASSED] - if (pageLoaded1 == false): null

17-03-2025T04:23:45 - [TEST_STEP][PASSED] - urlText = getText(findTestObject("Страница авторизации/Text")): Text of object 'Object Repository/Страница авторизации/Text' is: 'Вход'

17-03-2025T04:23:46 - [MESSAGE][PASSED] - Text of object 'Object Repository/Страница авторизации/Text' is: 'Вход'

17-03-2025T04:23:46 - [TEST_STEP][PASSED] - delay(70): Delayed 70 second(s)

17-03-2025T04:24:56 - [MESSAGE][PASSED] - Delayed 70 second(s)

17-03-2025T04:24:56 - [TEST_STEP][PASSED] - searchWord = "Вход": null

17-03-2025T04:24:56 - [TEST_STEP][PASSED] - if (urlText.contains(searchWord) == false): null

17-03-2025T04:24:56 - [TEST_STEP][PASSED] - setText(findTestObject("Страница авторизации/input__username"), findTestData("PlanFact").getValue(8, run)): Text 'Andreeva-EV' is set on object 'Object Repository/Страница авторизации/input__username'

17-03-2025T04:24:56 - [MESSAGE][PASSED] - Text 'Andreeva-EV' is set on object 'Object Repository/Страница авторизации/input__username'

17-03-2025T04:24:56 - [TEST_STEP][PASSED] - setText(findTestObject("Страница авторизации/input__password"), findTestData("PlanFact").getValue(9, run)): Text '2nPePKDwCPH3ul7xMZ' is set on object 'Object Repository/Страница авторизации/input__password'

17-03-2025T04:24:57 - [MESSAGE][PASSED] - Text '2nPePKDwCPH3ul7xMZ' is set on object 'Object Repository/Страница авторизации/input__password'

17-03-2025T04:24:57 - [TEST_STEP][PASSED] - click(findTestObject("Страница авторизации/button_")): Object: 'Object Repository/Страница авторизации/button_' is clicked on

17-03-2025T04:24:58 - [MESSAGE][PASSED] - Object: 'Object Repository/Страница авторизации/button_' is clicked on

17-03-2025T04:24:58 - [TEST_STEP][PASSED] - delay(70): Delayed 70 second(s)

17-03-2025T04:26:08 - [MESSAGE][PASSED] - Delayed 70 second(s)

17-03-2025T04:26:08 - [TEST_STEP][PASSED] - searchWord = "а": null

17-03-2025T04:26:08 - [TEST_STEP][PASSED] - pageLoaded2 = verifyElementPresent(findTestObject("Страница авторизации/Text"), 50): Object 'Object Repository/Страница авторизации/Text' is present

17-03-2025T04:26:09 - [MESSAGE][PASSED] - Object 'Object Repository/Страница авторизации/Text' is present

17-03-2025T04:26:09 - [TEST_STEP][PASSED] - if (pageLoaded2 == false): null

17-03-2025T04:26:09 - [TEST_STEP][PASSED] - urlText = getText(findTestObject("Страница авторизации/Text")): Text of object 'Object Repository/Страница авторизации/Text' is: 'ДЗО 
Все
Период
2025 год - 1 квартал - Январь, 2024 год - 1 квартал - Январь, 2023 год - 1 квартал - Январь
Отпуск из сети
Факт
2023 год
2024 год
0
5 000
10 000
15 000
20 000
25 000
30 000
35 000
40 000
45 000
50 000
55 000
51 858 414
530 278
●● Отклонения, тыс. кВт⋅ч
тыс. кВт⋅ч
Отклонения по отпуску из сети
-51 328 135-51 328 135
2023/2024
-60 000 000
-50 000 000
-40 000 000
-30 000 000
-20 000 000
-10 000 000
0
●● Отклонения, %
%
Отклонения по отпуску из сети
-98.98-98.98
2023/2024
-100
0
-125
-75
-50
-25
тыс. кВт⋅ч
Фактические данные по отпуску из сети'

17-03-2025T04:26:09 - [MESSAGE][PASSED] - Text of object 'Object Repository/Страница авторизации/Text' is: 'ДЗО 
Все
Период
2025 год - 1 квартал - Январь, 2024 год - 1 квартал - Январь, 2023 год - 1 квартал - Январь
Отпуск из сети
Факт
2023 год
2024 год
0
5 000
10 000
15 000
20 000
25 000
30 000
35 000
40 000
45 000
50 000
55 000
51 858 414
530 278
●● Отклонения, тыс. кВт⋅ч
тыс. кВт⋅ч
Отклонения по отпуску из сети
-51 328 135-51 328 135
2023/2024
-60 000 000
-50 000 000
-40 000 000
-30 000 000
-20 000 000
-10 000 000
0
●● Отклонения, %
%
Отклонения по отпуску из сети
-98.98-98.98
2023/2024
-100
0
-125
-75
-50
-25
тыс. кВт⋅ч
Фактические данные по отпуску из сети'

17-03-2025T04:26:09 - [TEST_STEP][PASSED] - if (urlText.contains("ошибка") || urlText.contains(searchWord) == false): null

17-03-2025T04:26:09 - [TEST_STEP][PASSED] - a6 = "": null

17-03-2025T04:26:09 - [TEST_STEP][PASSED] - a7 = "": null

17-03-2025T04:26:09 - [TEST_STEP][PASSED] - a8 = "": null

17-03-2025T04:26:09 - [TEST_STEP][PASSED] - a9 = "": null

17-03-2025T04:26:09 - [TEST_STEP][PASSED] - if (run == 1): null

17-03-2025T04:26:09 - [TEST_STEP][PASSED] - if (run == 2): null

17-03-2025T04:26:09 - [TEST_STEP][PASSED] - user = "Андреева": null

17-03-2025T04:26:09 - [TEST_STEP][PASSED] - a1 = getText(findTestObject("Отпуск из сети/span1")): Text of object 'Object Repository/Отпуск из сети/span1' is: ''

17-03-2025T04:26:10 - [MESSAGE][PASSED] - Text of object 'Object Repository/Отпуск из сети/span1' is: ''

17-03-2025T04:26:10 - [TEST_STEP][PASSED] - a2 = getText(findTestObject("Отпуск из сети/span2")): Text of object 'Object Repository/Отпуск из сети/span2' is: '51 858 414'

17-03-2025T04:26:10 - [MESSAGE][PASSED] - Text of object 'Object Repository/Отпуск из сети/span2' is: '51 858 414'

17-03-2025T04:26:10 - [TEST_STEP][PASSED] - a3 = getText(findTestObject("Отпуск из сети/span3")): Text of object 'Object Repository/Отпуск из сети/span3' is: '530 278'

17-03-2025T04:26:10 - [MESSAGE][PASSED] - Text of object 'Object Repository/Отпуск из сети/span3' is: '530 278'

17-03-2025T04:26:10 - [TEST_STEP][PASSED] - a4 = getText(findTestObject("Отпуск из сети/График1")): Text of object 'Object Repository/Отпуск из сети/График1' is: '●● Отклонения, тыс. кВт⋅ч
тыс. кВт⋅ч
Отклонения по отпуску из сети
-51 328 135-51 328 135
2023/2024
-60 000 000
-50 000 000
-40 000 000
-30 000 000
-20 000 000
-10 000 000
0'

17-03-2025T04:26:10 - [MESSAGE][PASSED] - Text of object 'Object Repository/Отпуск из сети/График1' is: '●● Отклонения, тыс. кВт⋅ч
тыс. кВт⋅ч
Отклонения по отпуску из сети
-51 328 135-51 328 135
2023/2024
-60 000 000
-50 000 000
-40 000 000
-30 000 000
-20 000 000
-10 000 000
0'

17-03-2025T04:26:10 - [TEST_STEP][PASSED] - a5 = getText(findTestObject("Отпуск из сети/График2")): Text of object 'Object Repository/Отпуск из сети/График2' is: '●● Отклонения, %
%
Отклонения по отпуску из сети
-98.98-98.98
2023/2024
-100
0
-125
-75
-50
-25'

17-03-2025T04:26:11 - [MESSAGE][PASSED] - Text of object 'Object Repository/Отпуск из сети/График2' is: '●● Отклонения, %
%
Отклонения по отпуску из сети
-98.98-98.98
2023/2024
-100
0
-125
-75
-50
-25'

17-03-2025T04:26:11 - [TEST_STEP][PASSED] - n = n + 10: null

17-03-2025T04:26:11 - [TEST_STEP][PASSED] - b = n - run + 1: null

17-03-2025T04:26:11 - [TEST_STEP][PASSED] - verifyEqual(findTestData("PlanFact").getValue(2, b), a1): Actual object '' and expected object '' are equal

17-03-2025T04:26:11 - [MESSAGE][PASSED] - Actual object '' and expected object '' are equal

17-03-2025T04:26:11 - [TEST_STEP][PASSED] - verifyEqual(findTestData("PlanFact").getValue(3, b), a2): Actual object '51 858 414' and expected object '51 858 414' are equal

17-03-2025T04:26:11 - [MESSAGE][PASSED] - Actual object '51 858 414' and expected object '51 858 414' are equal

17-03-2025T04:26:11 - [TEST_STEP][PASSED] - verifyEqual(findTestData("PlanFact").getValue(4, b), a3): Actual object '530 278' and expected object '530 278' are equal

17-03-2025T04:26:11 - [MESSAGE][PASSED] - Actual object '530 278' and expected object '530 278' are equal

17-03-2025T04:26:11 - [TEST_STEP][PASSED] - verifyEqual(findTestData("PlanFact").getValue(5, b), a4): Actual object '●● Отклонения, тыс. кВт⋅ч
тыс. кВт⋅ч
Отклонения по отпуску из сети
-51 328 135-51 328 135
2023/2024
-60 000 000
-50 000 000
-40 000 000
-30 000 000
-20 000 000
-10 000 000
0' and expected object '●● Отклонения, тыс. кВт⋅ч
тыс. кВт⋅ч
Отклонения по отпуску из сети
-51 328 135-51 328 135
2023/2024
-60 000 000
-50 000 000
-40 000 000
-30 000 000
-20 000 000
-10 000 000
0' are equal

17-03-2025T04:26:11 - [MESSAGE][PASSED] - Actual object '●● Отклонения, тыс. кВт⋅ч
тыс. кВт⋅ч
Отклонения по отпуску из сети
-51 328 135-51 328 135
2023/2024
-60 000 000
-50 000 000
-40 000 000
-30 000 000
-20 000 000
-10 000 000
0' and expected object '●● Отклонения, тыс. кВт⋅ч
тыс. кВт⋅ч
Отклонения по отпуску из сети
-51 328 135-51 328 135
2023/2024
-60 000 000
-50 000 000
-40 000 000
-30 000 000
-20 000 000
-10 000 000
0' are equal

17-03-2025T04:26:11 - [TEST_STEP][PASSED] - verifyEqual(findTestData("PlanFact").getValue(6, b), a5): Actual object '●● Отклонения, %
%
Отклонения по отпуску из сети
-98.98-98.98
2023/2024
-100
0
-125
-75
-50
-25' and expected object '●● Отклонения, %
%
Отклонения по отпуску из сети
-98.98-98.98
2023/2024
-100
0
-125
-75
-50
-25' are equal

17-03-2025T04:26:11 - [MESSAGE][PASSED] - Actual object '●● Отклонения, %
%
Отклонения по отпуску из сети
-98.98-98.98
2023/2024
-100
0
-125
-75
-50
-25' and expected object '●● Отклонения, %
%
Отклонения по отпуску из сети
-98.98-98.98
2023/2024
-100
0
-125
-75
-50
-25' are equal

17-03-2025T04:26:11 - [TEST_STEP][PASSED] - Script1686231490255.WriteToExcel(user, dashboardName, n, data, run, a1, a2, a3, a4, a5, a6, a7, a8, a9): null

17-03-2025T04:26:11 - [TEST_STEP][PASSED] - sheetName = "Sheet1": null

17-03-2025T04:26:11 - [TEST_STEP][PASSED] - workbook01 = getWorkbook(excelFilePath): null

17-03-2025T04:26:11 - [TEST_STEP][PASSED] - sheet01 = getExcelSheet(workbook01, sheetName): null

17-03-2025T04:26:11 - [TEST_STEP][PASSED] - setValueToCellByIndex(sheet01, n, 0, dashboardName): null

17-03-2025T04:26:11 - [TEST_STEP][PASSED] - setValueToCellByIndex(sheet01, n, 10, user): null

17-03-2025T04:26:11 - [TEST_STEP][PASSED] - setValueToCellByIndex(sheet01, n, 1, a1): null

17-03-2025T04:26:11 - [TEST_STEP][PASSED] - setValueToCellByIndex(sheet01, n, 2, a2): null

17-03-2025T04:26:11 - [TEST_STEP][PASSED] - setValueToCellByIndex(sheet01, n, 3, a3): null

17-03-2025T04:26:11 - [TEST_STEP][PASSED] - setValueToCellByIndex(sheet01, n, 4, a4): null

17-03-2025T04:26:11 - [TEST_STEP][PASSED] - setValueToCellByIndex(sheet01, n, 5, a5): null

17-03-2025T04:26:11 - [TEST_STEP][PASSED] - setValueToCellByIndex(sheet01, n, 6, a6): null

17-03-2025T04:26:11 - [TEST_STEP][PASSED] - setValueToCellByIndex(sheet01, n, 7, a7): null

17-03-2025T04:26:11 - [TEST_STEP][PASSED] - setValueToCellByIndex(sheet01, n, 8, a8): null

17-03-2025T04:26:11 - [TEST_STEP][PASSED] - setValueToCellByIndex(sheet01, n, 9, a9): null

17-03-2025T04:26:11 - [TEST_STEP][PASSED] - n = n + 1: null

17-03-2025T04:26:11 - [TEST_STEP][PASSED] - saveWorkbook(excelFilePath, workbook01): null

17-03-2025T04:26:11 - [TEST_STEP][PASSED] - if (run == 3): null

17-03-2025T04:26:11 - [TEST_STEP][PASSED] - closeBrowser(): null

17-03-2025T04:26:11 - [MESSAGE][PASSED] - Browser is closed

17-03-2025T04:26:11 - [TEST_STEP][PASSED] - OtpuskIzSeti(user, dashboardName, n, data, run, a1, a2, a3, a4, a5, a6, a7, a8, a9, urlData): null

17-03-2025T04:26:11 - [TEST_STEP][PASSED] - n = data.getRowNumbers() + 1: null

17-03-2025T04:26:11 - [TEST_STEP][PASSED] - println(n): null

17-03-2025T04:26:11 - [TEST_STEP][PASSED] - dashboardName = "Отпуск из сети": null

17-03-2025T04:26:11 - [TEST_STEP][PASSED] - openBrowser(""): Browser is opened with url: ''

17-03-2025T04:26:11 - [MESSAGE][INFO] - Starting 'Chrome' driver

17-03-2025T04:26:11 - [MESSAGE][INFO] - Action delay is set to 0 milliseconds

17-03-2025T04:26:12 - [MESSAGE][PASSED] - Browser is opened with url: ''

17-03-2025T04:26:12 - [TEST_STEP][PASSED] - urlData = 15: null

17-03-2025T04:26:12 - [TEST_STEP][PASSED] - Script1686231490255.CheckPageDownload(urlData, run): null

17-03-2025T04:26:12 - [TEST_STEP][PASSED] - i = 1: null

17-03-2025T04:26:12 - [TEST_STEP][PASSED] - ii = 0: null

17-03-2025T04:26:12 - [TEST_STEP][PASSED] - urlText = <not implemented yet for class: org.codehaus.groovy.ast.expr.EmptyExpression>: null

17-03-2025T04:26:12 - [TEST_STEP][PASSED] - searchWord = <not implemented yet for class: org.codehaus.groovy.ast.expr.EmptyExpression>: null

17-03-2025T04:26:12 - [TEST_STEP][PASSED] - deleteAllCookies(): Delete all cookies successfully

17-03-2025T04:26:12 - [MESSAGE][PASSED] - Delete all cookies successfully

17-03-2025T04:26:12 - [TEST_STEP][PASSED] - refresh(): Refresh successfully

17-03-2025T04:26:13 - [MESSAGE][PASSED] - Refresh successfully

17-03-2025T04:26:13 - [TEST_STEP][PASSED] - delay(70): Delayed 70 second(s)

17-03-2025T04:27:23 - [MESSAGE][PASSED] - Delayed 70 second(s)

17-03-2025T04:27:23 - [TEST_STEP][PASSED] - navigateToUrl(findTestData("PlanFact").getValue(10, urlData)): Navigate to 'https://bi.rosseti.digital/viewer?dashboardGuid=d154a8eaf6824e2b9de1bb04dd061c18&sheetGuid=f217cc6775674247871931fed0993c14&fit=true' successfully

17-03-2025T04:27:26 - [MESSAGE][PASSED] - Navigate to 'https://bi.rosseti.digital/viewer?dashboardGuid=d154a8eaf6824e2b9de1bb04dd061c18&sheetGuid=f217cc6775674247871931fed0993c14&fit=true' successfully

17-03-2025T04:27:26 - [TEST_STEP][PASSED] - pageLoaded1 = verifyElementPresent(findTestObject("Страница авторизации/Text"), 30): Object 'Object Repository/Страница авторизации/Text' is present

17-03-2025T04:27:27 - [MESSAGE][PASSED] - Object 'Object Repository/Страница авторизации/Text' is present

17-03-2025T04:27:27 - [TEST_STEP][PASSED] - if (pageLoaded1 == false): null

17-03-2025T04:27:27 - [TEST_STEP][PASSED] - urlText = getText(findTestObject("Страница авторизации/Text")): Text of object 'Object Repository/Страница авторизации/Text' is: 'Вход'

17-03-2025T04:27:27 - [MESSAGE][PASSED] - Text of object 'Object Repository/Страница авторизации/Text' is: 'Вход'

17-03-2025T04:27:27 - [TEST_STEP][PASSED] - delay(70): Delayed 70 second(s)

17-03-2025T04:28:37 - [MESSAGE][PASSED] - Delayed 70 second(s)

17-03-2025T04:28:37 - [TEST_STEP][PASSED] - searchWord = "Вход": null

17-03-2025T04:28:37 - [TEST_STEP][PASSED] - if (urlText.contains(searchWord) == false): null

17-03-2025T04:28:37 - [TEST_STEP][PASSED] - setText(findTestObject("Страница авторизации/input__username"), findTestData("PlanFact").getValue(8, run)): Text 'Petrova-OV' is set on object 'Object Repository/Страница авторизации/input__username'

17-03-2025T04:28:38 - [MESSAGE][PASSED] - Text 'Petrova-OV' is set on object 'Object Repository/Страница авторизации/input__username'

17-03-2025T04:28:38 - [TEST_STEP][PASSED] - setText(findTestObject("Страница авторизации/input__password"), findTestData("PlanFact").getValue(9, run)): Text '4Ex@~R53r&3x&BVe7' is set on object 'Object Repository/Страница авторизации/input__password'

17-03-2025T04:28:39 - [MESSAGE][PASSED] - Text '4Ex@~R53r&3x&BVe7' is set on object 'Object Repository/Страница авторизации/input__password'

17-03-2025T04:28:39 - [TEST_STEP][PASSED] - click(findTestObject("Страница авторизации/button_")): Object: 'Object Repository/Страница авторизации/button_' is clicked on

17-03-2025T04:28:40 - [MESSAGE][PASSED] - Object: 'Object Repository/Страница авторизации/button_' is clicked on

17-03-2025T04:28:40 - [TEST_STEP][PASSED] - delay(70): Delayed 70 second(s)

17-03-2025T04:29:50 - [MESSAGE][PASSED] - Delayed 70 second(s)

17-03-2025T04:29:50 - [TEST_STEP][PASSED] - searchWord = "а": null

17-03-2025T04:29:50 - [TEST_STEP][PASSED] - pageLoaded2 = verifyElementPresent(findTestObject("Страница авторизации/Text"), 50): Object 'Object Repository/Страница авторизации/Text' is present

17-03-2025T04:29:50 - [MESSAGE][PASSED] - Object 'Object Repository/Страница авторизации/Text' is present

17-03-2025T04:29:50 - [TEST_STEP][PASSED] - if (pageLoaded2 == false): null

17-03-2025T04:29:50 - [TEST_STEP][PASSED] - urlText = getText(findTestObject("Страница авторизации/Text")): Text of object 'Object Repository/Страница авторизации/Text' is: 'ДЗО 
Все
Период
2025 год - 1 квартал - Январь, 2024 год - 1 квартал - Январь, 2023 год - 1 квартал - Январь
Отпуск из сети
Факт
2023 год
2024 год
0
5 000
10 000
15 000
20 000
25 000
30 000
35 000
40 000
45 000
50 000
55 000
51 858 414
530 278
●● Отклонения, тыс. кВт⋅ч
тыс. кВт⋅ч
Отклонения по отпуску из сети
-51 328 135-51 328 135
2023/2024
-60 000 000
-50 000 000
-40 000 000
-30 000 000
-20 000 000
-10 000 000
0
●● Отклонения, %
%
Отклонения по отпуску из сети
-98.98-98.98
2023/2024
-100
0
-125
-75
-50
-25
тыс. кВт⋅ч
Фактические данные по отпуску из сети'

17-03-2025T04:29:51 - [MESSAGE][PASSED] - Text of object 'Object Repository/Страница авторизации/Text' is: 'ДЗО 
Все
Период
2025 год - 1 квартал - Январь, 2024 год - 1 квартал - Январь, 2023 год - 1 квартал - Январь
Отпуск из сети
Факт
2023 год
2024 год
0
5 000
10 000
15 000
20 000
25 000
30 000
35 000
40 000
45 000
50 000
55 000
51 858 414
530 278
●● Отклонения, тыс. кВт⋅ч
тыс. кВт⋅ч
Отклонения по отпуску из сети
-51 328 135-51 328 135
2023/2024
-60 000 000
-50 000 000
-40 000 000
-30 000 000
-20 000 000
-10 000 000
0
●● Отклонения, %
%
Отклонения по отпуску из сети
-98.98-98.98
2023/2024
-100
0
-125
-75
-50
-25
тыс. кВт⋅ч
Фактические данные по отпуску из сети'

17-03-2025T04:29:51 - [TEST_STEP][PASSED] - if (urlText.contains("ошибка") || urlText.contains(searchWord) == false): null

17-03-2025T04:29:51 - [TEST_STEP][PASSED] - a6 = "": null

17-03-2025T04:29:51 - [TEST_STEP][PASSED] - a7 = "": null

17-03-2025T04:29:51 - [TEST_STEP][PASSED] - a8 = "": null

17-03-2025T04:29:51 - [TEST_STEP][PASSED] - a9 = "": null

17-03-2025T04:29:51 - [TEST_STEP][PASSED] - if (run == 1): null

17-03-2025T04:29:51 - [TEST_STEP][PASSED] - if (run == 2): null

17-03-2025T04:29:51 - [TEST_STEP][PASSED] - if (run == 3): null

17-03-2025T04:29:51 - [TEST_STEP][PASSED] - user = "Попова": null

17-03-2025T04:29:51 - [TEST_STEP][PASSED] - a1 = getText(findTestObject("Отпуск из сети/span1")): Text of object 'Object Repository/Отпуск из сети/span1' is: ''

17-03-2025T04:29:51 - [MESSAGE][PASSED] - Text of object 'Object Repository/Отпуск из сети/span1' is: ''

17-03-2025T04:29:51 - [TEST_STEP][PASSED] - a2 = getText(findTestObject("Отпуск из сети/span2")): Text of object 'Object Repository/Отпуск из сети/span2' is: '51 858 414'

17-03-2025T04:29:51 - [MESSAGE][PASSED] - Text of object 'Object Repository/Отпуск из сети/span2' is: '51 858 414'

17-03-2025T04:29:51 - [TEST_STEP][PASSED] - a3 = getText(findTestObject("Отпуск из сети/span3")): Text of object 'Object Repository/Отпуск из сети/span3' is: '530 278'

17-03-2025T04:29:52 - [MESSAGE][PASSED] - Text of object 'Object Repository/Отпуск из сети/span3' is: '530 278'

17-03-2025T04:29:52 - [TEST_STEP][PASSED] - a4 = getText(findTestObject("Отпуск из сети/График1")): Text of object 'Object Repository/Отпуск из сети/График1' is: '●● Отклонения, тыс. кВт⋅ч
тыс. кВт⋅ч
Отклонения по отпуску из сети
-51 328 135-51 328 135
2023/2024
-60 000 000
-50 000 000
-40 000 000
-30 000 000
-20 000 000
-10 000 000
0'

17-03-2025T04:29:52 - [MESSAGE][PASSED] - Text of object 'Object Repository/Отпуск из сети/График1' is: '●● Отклонения, тыс. кВт⋅ч
тыс. кВт⋅ч
Отклонения по отпуску из сети
-51 328 135-51 328 135
2023/2024
-60 000 000
-50 000 000
-40 000 000
-30 000 000
-20 000 000
-10 000 000
0'

17-03-2025T04:29:52 - [TEST_STEP][PASSED] - a5 = getText(findTestObject("Отпуск из сети/График2")): Text of object 'Object Repository/Отпуск из сети/График2' is: '●● Отклонения, %
%
Отклонения по отпуску из сети
-98.98-98.98
2023/2024
-100
0
-125
-75
-50
-25'

17-03-2025T04:29:52 - [MESSAGE][PASSED] - Text of object 'Object Repository/Отпуск из сети/График2' is: '●● Отклонения, %
%
Отклонения по отпуску из сети
-98.98-98.98
2023/2024
-100
0
-125
-75
-50
-25'

17-03-2025T04:29:52 - [TEST_STEP][PASSED] - n = n + 11: null

17-03-2025T04:29:52 - [TEST_STEP][PASSED] - b = n - run + 1: null

17-03-2025T04:29:52 - [TEST_STEP][PASSED] - verifyEqual(findTestData("PlanFact").getValue(2, b), a1): Actual object '' and expected object '' are equal

17-03-2025T04:29:52 - [MESSAGE][PASSED] - Actual object '' and expected object '' are equal

17-03-2025T04:29:52 - [TEST_STEP][PASSED] - verifyEqual(findTestData("PlanFact").getValue(3, b), a2): Actual object '51 858 414' and expected object '51 858 414' are equal

17-03-2025T04:29:53 - [MESSAGE][PASSED] - Actual object '51 858 414' and expected object '51 858 414' are equal

17-03-2025T04:29:53 - [TEST_STEP][PASSED] - verifyEqual(findTestData("PlanFact").getValue(4, b), a3): Actual object '530 278' and expected object '530 278' are equal

17-03-2025T04:29:53 - [MESSAGE][PASSED] - Actual object '530 278' and expected object '530 278' are equal

17-03-2025T04:29:53 - [TEST_STEP][PASSED] - verifyEqual(findTestData("PlanFact").getValue(5, b), a4): Actual object '●● Отклонения, тыс. кВт⋅ч
тыс. кВт⋅ч
Отклонения по отпуску из сети
-51 328 135-51 328 135
2023/2024
-60 000 000
-50 000 000
-40 000 000
-30 000 000
-20 000 000
-10 000 000
0' and expected object '●● Отклонения, тыс. кВт⋅ч
тыс. кВт⋅ч
Отклонения по отпуску из сети
-51 328 135-51 328 135
2023/2024
-60 000 000
-50 000 000
-40 000 000
-30 000 000
-20 000 000
-10 000 000
0' are equal

17-03-2025T04:29:53 - [MESSAGE][PASSED] - Actual object '●● Отклонения, тыс. кВт⋅ч
тыс. кВт⋅ч
Отклонения по отпуску из сети
-51 328 135-51 328 135
2023/2024
-60 000 000
-50 000 000
-40 000 000
-30 000 000
-20 000 000
-10 000 000
0' and expected object '●● Отклонения, тыс. кВт⋅ч
тыс. кВт⋅ч
Отклонения по отпуску из сети
-51 328 135-51 328 135
2023/2024
-60 000 000
-50 000 000
-40 000 000
-30 000 000
-20 000 000
-10 000 000
0' are equal

17-03-2025T04:29:53 - [TEST_STEP][PASSED] - verifyEqual(findTestData("PlanFact").getValue(6, b), a5): Actual object '●● Отклонения, %
%
Отклонения по отпуску из сети
-98.98-98.98
2023/2024
-100
0
-125
-75
-50
-25' and expected object '●● Отклонения, %
%
Отклонения по отпуску из сети
-98.98-98.98
2023/2024
-100
0
-125
-75
-50
-25' are equal

17-03-2025T04:29:53 - [MESSAGE][PASSED] - Actual object '●● Отклонения, %
%
Отклонения по отпуску из сети
-98.98-98.98
2023/2024
-100
0
-125
-75
-50
-25' and expected object '●● Отклонения, %
%
Отклонения по отпуску из сети
-98.98-98.98
2023/2024
-100
0
-125
-75
-50
-25' are equal

17-03-2025T04:29:53 - [TEST_STEP][PASSED] - Script1686231490255.WriteToExcel(user, dashboardName, n, data, run, a1, a2, a3, a4, a5, a6, a7, a8, a9): null

17-03-2025T04:29:53 - [TEST_STEP][PASSED] - sheetName = "Sheet1": null

17-03-2025T04:29:53 - [TEST_STEP][PASSED] - workbook01 = getWorkbook(excelFilePath): null

17-03-2025T04:29:53 - [TEST_STEP][PASSED] - sheet01 = getExcelSheet(workbook01, sheetName): null

17-03-2025T04:29:53 - [TEST_STEP][PASSED] - setValueToCellByIndex(sheet01, n, 0, dashboardName): null

17-03-2025T04:29:53 - [TEST_STEP][PASSED] - setValueToCellByIndex(sheet01, n, 10, user): null

17-03-2025T04:29:53 - [TEST_STEP][PASSED] - setValueToCellByIndex(sheet01, n, 1, a1): null

17-03-2025T04:29:53 - [TEST_STEP][PASSED] - setValueToCellByIndex(sheet01, n, 2, a2): null

17-03-2025T04:29:53 - [TEST_STEP][PASSED] - setValueToCellByIndex(sheet01, n, 3, a3): null

17-03-2025T04:29:53 - [TEST_STEP][PASSED] - setValueToCellByIndex(sheet01, n, 4, a4): null

17-03-2025T04:29:53 - [TEST_STEP][PASSED] - setValueToCellByIndex(sheet01, n, 5, a5): null

17-03-2025T04:29:53 - [TEST_STEP][PASSED] - setValueToCellByIndex(sheet01, n, 6, a6): null

17-03-2025T04:29:53 - [TEST_STEP][PASSED] - setValueToCellByIndex(sheet01, n, 7, a7): null

17-03-2025T04:29:53 - [TEST_STEP][PASSED] - setValueToCellByIndex(sheet01, n, 8, a8): null

17-03-2025T04:29:53 - [TEST_STEP][PASSED] - setValueToCellByIndex(sheet01, n, 9, a9): null

17-03-2025T04:29:53 - [TEST_STEP][PASSED] - n = n + 1: null

17-03-2025T04:29:53 - [TEST_STEP][PASSED] - saveWorkbook(excelFilePath, workbook01): null

17-03-2025T04:29:53 - [TEST_STEP][PASSED] - closeBrowser(): Browser is closed

17-03-2025T04:29:53 - [MESSAGE][PASSED] - Browser is closed

17-03-2025T04:29:53 - [TEST_STEP][PASSED] - delay(70): Delayed 70 second(s)

17-03-2025T04:31:03 - [MESSAGE][PASSED] - Delayed 70 second(s)

17-03-2025T04:31:03 - [TEST_STEP][PASSED] - for ([run = 1, run < 4, (run++)]): null

17-03-2025T04:31:03 - [TEST_STEP][PASSED] - OtpuskVSet(user, dashboardName, n, data, run, a1, a2, a3, a4, a5, a6, a7, a8, a9, urlData): null

17-03-2025T04:31:03 - [TEST_STEP][PASSED] - n = data.getRowNumbers() + 1: null

17-03-2025T04:31:03 - [TEST_STEP][PASSED] - println(n): null

17-03-2025T04:31:03 - [TEST_STEP][PASSED] - dashboardName = "Отпуск в сеть": null

17-03-2025T04:31:03 - [TEST_STEP][PASSED] - openBrowser(""): Browser is opened with url: ''

17-03-2025T04:31:03 - [MESSAGE][INFO] - Starting 'Chrome' driver

17-03-2025T04:31:03 - [MESSAGE][INFO] - Action delay is set to 0 milliseconds

17-03-2025T04:31:04 - [MESSAGE][PASSED] - Browser is opened with url: ''

17-03-2025T04:31:04 - [TEST_STEP][PASSED] - urlData = 16: null

17-03-2025T04:31:04 - [TEST_STEP][PASSED] - Script1686231490255.CheckPageDownload(urlData, run): null

17-03-2025T04:31:04 - [TEST_STEP][PASSED] - i = 1: null

17-03-2025T04:31:04 - [TEST_STEP][PASSED] - ii = 0: null

17-03-2025T04:31:04 - [TEST_STEP][PASSED] - urlText = <not implemented yet for class: org.codehaus.groovy.ast.expr.EmptyExpression>: null

17-03-2025T04:31:04 - [TEST_STEP][PASSED] - searchWord = <not implemented yet for class: org.codehaus.groovy.ast.expr.EmptyExpression>: null

17-03-2025T04:31:04 - [TEST_STEP][PASSED] - deleteAllCookies(): Delete all cookies successfully

17-03-2025T04:31:04 - [MESSAGE][PASSED] - Delete all cookies successfully

17-03-2025T04:31:04 - [TEST_STEP][PASSED] - refresh(): Refresh successfully

17-03-2025T04:31:04 - [MESSAGE][PASSED] - Refresh successfully

17-03-2025T04:31:04 - [TEST_STEP][PASSED] - delay(70): Delayed 70 second(s)

17-03-2025T04:32:14 - [MESSAGE][PASSED] - Delayed 70 second(s)

17-03-2025T04:32:14 - [TEST_STEP][PASSED] - navigateToUrl(findTestData("PlanFact").getValue(10, urlData)): Navigate to 'https://bi.rosseti.digital/viewer?dashboardGuid=d154a8eaf6824e2b9de1bb04dd061c18&sheetGuid=33f591ea3cbf498897e314a4cd5a9f29&fit=true' successfully

17-03-2025T04:32:17 - [MESSAGE][PASSED] - Navigate to 'https://bi.rosseti.digital/viewer?dashboardGuid=d154a8eaf6824e2b9de1bb04dd061c18&sheetGuid=33f591ea3cbf498897e314a4cd5a9f29&fit=true' successfully

17-03-2025T04:32:17 - [TEST_STEP][PASSED] - pageLoaded1 = verifyElementPresent(findTestObject("Страница авторизации/Text"), 30): Object 'Object Repository/Страница авторизации/Text' is present

17-03-2025T04:32:19 - [MESSAGE][PASSED] - Object 'Object Repository/Страница авторизации/Text' is present

17-03-2025T04:32:19 - [TEST_STEP][PASSED] - if (pageLoaded1 == false): null

17-03-2025T04:32:19 - [TEST_STEP][PASSED] - urlText = getText(findTestObject("Страница авторизации/Text")): Text of object 'Object Repository/Страница авторизации/Text' is: 'Вход'

17-03-2025T04:32:20 - [MESSAGE][PASSED] - Text of object 'Object Repository/Страница авторизации/Text' is: 'Вход'

17-03-2025T04:32:20 - [TEST_STEP][PASSED] - delay(70): Delayed 70 second(s)

17-03-2025T04:33:30 - [MESSAGE][PASSED] - Delayed 70 second(s)

17-03-2025T04:33:30 - [TEST_STEP][PASSED] - searchWord = "Вход": null

17-03-2025T04:33:30 - [TEST_STEP][PASSED] - if (urlText.contains(searchWord) == false): null

17-03-2025T04:33:30 - [TEST_STEP][PASSED] - setText(findTestObject("Страница авторизации/input__username"), findTestData("PlanFact").getValue(8, run)): Text 'liazgina-di' is set on object 'Object Repository/Страница авторизации/input__username'

17-03-2025T04:33:30 - [MESSAGE][PASSED] - Text 'liazgina-di' is set on object 'Object Repository/Страница авторизации/input__username'

17-03-2025T04:33:30 - [TEST_STEP][PASSED] - setText(findTestObject("Страница авторизации/input__password"), findTestData("PlanFact").getValue(9, run)): Text ')$%5srZ8o688Dm#q' is set on object 'Object Repository/Страница авторизации/input__password'

17-03-2025T04:33:31 - [MESSAGE][PASSED] - Text ')$%5srZ8o688Dm#q' is set on object 'Object Repository/Страница авторизации/input__password'

17-03-2025T04:33:31 - [TEST_STEP][PASSED] - click(findTestObject("Страница авторизации/button_")): Object: 'Object Repository/Страница авторизации/button_' is clicked on

17-03-2025T04:33:32 - [MESSAGE][PASSED] - Object: 'Object Repository/Страница авторизации/button_' is clicked on

17-03-2025T04:33:32 - [TEST_STEP][PASSED] - delay(70): Delayed 70 second(s)

17-03-2025T04:34:42 - [MESSAGE][PASSED] - Delayed 70 second(s)

17-03-2025T04:34:42 - [TEST_STEP][PASSED] - searchWord = "а": null

17-03-2025T04:34:42 - [TEST_STEP][PASSED] - pageLoaded2 = verifyElementPresent(findTestObject("Страница авторизации/Text"), 50): Object 'Object Repository/Страница авторизации/Text' is present

17-03-2025T04:34:43 - [MESSAGE][PASSED] - Object 'Object Repository/Страница авторизации/Text' is present

17-03-2025T04:34:43 - [TEST_STEP][PASSED] - if (pageLoaded2 == false): null

17-03-2025T04:34:43 - [TEST_STEP][PASSED] - urlText = getText(findTestObject("Страница авторизации/Text")): Text of object 'Object Repository/Страница авторизации/Text' is: 'ДЗО 
Все
Период
2025 год - 1 квартал - Январь, 2024 год - 1 квартал - Январь, 2023 год - 1 квартал - Январь
тыс. кВт⋅ч
Отпуск в сеть
Факт
2023 год
2024 год
0
5 000
10 000
15 000
20 000
25 000
30 000
35 000
40 000
45 000
50 000
55 000
60 000
65 000
57 789 443
648 220
●● Отклонения, %
%
Отклонения по отпуску в сеть
-98.88-98.88
2023/2024
-100
0
-125
-75
-50
-25
●● Отклонения, тыс. кВт⋅ч
тыс. кВт⋅ч
Отклонения по отпуску в сеть
-57 141 223-57 141 223
2023/2024
-60 000 000
-50 000 000
-40 000 000
-30 000 000
-20 000 000
-10 000 000
0
Фактические данные по отпуску в сеть'

17-03-2025T04:34:43 - [MESSAGE][PASSED] - Text of object 'Object Repository/Страница авторизации/Text' is: 'ДЗО 
Все
Период
2025 год - 1 квартал - Январь, 2024 год - 1 квартал - Январь, 2023 год - 1 квартал - Январь
тыс. кВт⋅ч
Отпуск в сеть
Факт
2023 год
2024 год
0
5 000
10 000
15 000
20 000
25 000
30 000
35 000
40 000
45 000
50 000
55 000
60 000
65 000
57 789 443
648 220
●● Отклонения, %
%
Отклонения по отпуску в сеть
-98.88-98.88
2023/2024
-100
0
-125
-75
-50
-25
●● Отклонения, тыс. кВт⋅ч
тыс. кВт⋅ч
Отклонения по отпуску в сеть
-57 141 223-57 141 223
2023/2024
-60 000 000
-50 000 000
-40 000 000
-30 000 000
-20 000 000
-10 000 000
0
Фактические данные по отпуску в сеть'

17-03-2025T04:34:43 - [TEST_STEP][PASSED] - if (urlText.contains("ошибка") || urlText.contains(searchWord) == false): null

17-03-2025T04:34:43 - [TEST_STEP][PASSED] - a5 = "": null

17-03-2025T04:34:43 - [TEST_STEP][PASSED] - a6 = "": null

17-03-2025T04:34:43 - [TEST_STEP][PASSED] - a7 = "": null

17-03-2025T04:34:43 - [TEST_STEP][PASSED] - a8 = "": null

17-03-2025T04:34:43 - [TEST_STEP][PASSED] - a9 = "": null

17-03-2025T04:34:43 - [TEST_STEP][PASSED] - if (run == 1): null

17-03-2025T04:34:43 - [TEST_STEP][PASSED] - user = "админ": null

17-03-2025T04:34:43 - [TEST_STEP][PASSED] - a1 = getText(findTestObject("Отпуск в сеть/span1")): Text of object 'Object Repository/Отпуск в сеть/span1' is: '57 789 443'

17-03-2025T04:34:43 - [MESSAGE][PASSED] - Text of object 'Object Repository/Отпуск в сеть/span1' is: '57 789 443'

17-03-2025T04:34:43 - [TEST_STEP][PASSED] - a2 = getText(findTestObject("Отпуск в сеть/span2")): Text of object 'Object Repository/Отпуск в сеть/span2' is: '648 220'

17-03-2025T04:34:44 - [MESSAGE][PASSED] - Text of object 'Object Repository/Отпуск в сеть/span2' is: '648 220'

17-03-2025T04:34:44 - [TEST_STEP][PASSED] - a3 = getText(findTestObject("Отпуск в сеть/График1")): Text of object 'Object Repository/Отпуск в сеть/График1' is: '●● Отклонения, тыс. кВт⋅ч
тыс. кВт⋅ч
Отклонения по отпуску в сеть
-57 141 223-57 141 223
2023/2024
-60 000 000
-50 000 000
-40 000 000
-30 000 000
-20 000 000
-10 000 000
0'

17-03-2025T04:34:44 - [MESSAGE][PASSED] - Text of object 'Object Repository/Отпуск в сеть/График1' is: '●● Отклонения, тыс. кВт⋅ч
тыс. кВт⋅ч
Отклонения по отпуску в сеть
-57 141 223-57 141 223
2023/2024
-60 000 000
-50 000 000
-40 000 000
-30 000 000
-20 000 000
-10 000 000
0'

17-03-2025T04:34:44 - [TEST_STEP][PASSED] - a4 = getText(findTestObject("Отпуск в сеть/График2")): Text of object 'Object Repository/Отпуск в сеть/График2' is: '●● Отклонения, %
%
Отклонения по отпуску в сеть
-98.88-98.88
2023/2024
-100
0
-125
-75
-50
-25'

17-03-2025T04:34:44 - [MESSAGE][PASSED] - Text of object 'Object Repository/Отпуск в сеть/График2' is: '●● Отклонения, %
%
Отклонения по отпуску в сеть
-98.88-98.88
2023/2024
-100
0
-125
-75
-50
-25'

17-03-2025T04:34:44 - [TEST_STEP][PASSED] - n = n + 12: null

17-03-2025T04:34:44 - [TEST_STEP][PASSED] - Script1686231490255.WriteToExcel(user, dashboardName, n, data, run, a1, a2, a3, a4, a5, a6, a7, a8, a9): null

17-03-2025T04:34:44 - [TEST_STEP][PASSED] - sheetName = "Sheet1": null

17-03-2025T04:34:44 - [TEST_STEP][PASSED] - workbook01 = getWorkbook(excelFilePath): null

17-03-2025T04:34:44 - [TEST_STEP][PASSED] - sheet01 = getExcelSheet(workbook01, sheetName): null

17-03-2025T04:34:44 - [TEST_STEP][PASSED] - setValueToCellByIndex(sheet01, n, 0, dashboardName): null

17-03-2025T04:34:44 - [TEST_STEP][PASSED] - setValueToCellByIndex(sheet01, n, 10, user): null

17-03-2025T04:34:44 - [TEST_STEP][PASSED] - setValueToCellByIndex(sheet01, n, 1, a1): null

17-03-2025T04:34:44 - [TEST_STEP][PASSED] - setValueToCellByIndex(sheet01, n, 2, a2): null

17-03-2025T04:34:44 - [TEST_STEP][PASSED] - setValueToCellByIndex(sheet01, n, 3, a3): null

17-03-2025T04:34:44 - [TEST_STEP][PASSED] - setValueToCellByIndex(sheet01, n, 4, a4): null

17-03-2025T04:34:44 - [TEST_STEP][PASSED] - setValueToCellByIndex(sheet01, n, 5, a5): null

17-03-2025T04:34:44 - [TEST_STEP][PASSED] - setValueToCellByIndex(sheet01, n, 6, a6): null

17-03-2025T04:34:44 - [TEST_STEP][PASSED] - setValueToCellByIndex(sheet01, n, 7, a7): null

17-03-2025T04:34:44 - [TEST_STEP][PASSED] - setValueToCellByIndex(sheet01, n, 8, a8): null

17-03-2025T04:34:44 - [TEST_STEP][PASSED] - setValueToCellByIndex(sheet01, n, 9, a9): null

17-03-2025T04:34:44 - [TEST_STEP][PASSED] - n = n + 1: null

17-03-2025T04:34:44 - [TEST_STEP][PASSED] - saveWorkbook(excelFilePath, workbook01): null

17-03-2025T04:34:45 - [TEST_STEP][PASSED] - if (run == 2): null

17-03-2025T04:34:45 - [TEST_STEP][PASSED] - if (run == 3): null

17-03-2025T04:34:45 - [TEST_STEP][PASSED] - closeBrowser(): null

17-03-2025T04:34:45 - [MESSAGE][PASSED] - Browser is closed

17-03-2025T04:34:45 - [TEST_STEP][PASSED] - OtpuskVSet(user, dashboardName, n, data, run, a1, a2, a3, a4, a5, a6, a7, a8, a9, urlData): null

17-03-2025T04:34:45 - [TEST_STEP][PASSED] - n = data.getRowNumbers() + 1: null

17-03-2025T04:34:45 - [TEST_STEP][PASSED] - println(n): null

17-03-2025T04:34:45 - [TEST_STEP][PASSED] - dashboardName = "Отпуск в сеть": null

17-03-2025T04:34:45 - [TEST_STEP][PASSED] - openBrowser(""): Browser is opened with url: ''

17-03-2025T04:34:45 - [MESSAGE][INFO] - Starting 'Chrome' driver

17-03-2025T04:34:45 - [MESSAGE][INFO] - Action delay is set to 0 milliseconds

17-03-2025T04:34:46 - [MESSAGE][PASSED] - Browser is opened with url: ''

17-03-2025T04:34:46 - [TEST_STEP][PASSED] - urlData = 16: null

17-03-2025T04:34:46 - [TEST_STEP][PASSED] - Script1686231490255.CheckPageDownload(urlData, run): null

17-03-2025T04:34:46 - [TEST_STEP][PASSED] - i = 1: null

17-03-2025T04:34:46 - [TEST_STEP][PASSED] - ii = 0: null

17-03-2025T04:34:46 - [TEST_STEP][PASSED] - urlText = <not implemented yet for class: org.codehaus.groovy.ast.expr.EmptyExpression>: null

17-03-2025T04:34:46 - [TEST_STEP][PASSED] - searchWord = <not implemented yet for class: org.codehaus.groovy.ast.expr.EmptyExpression>: null

17-03-2025T04:34:46 - [TEST_STEP][PASSED] - deleteAllCookies(): Delete all cookies successfully

17-03-2025T04:34:46 - [MESSAGE][PASSED] - Delete all cookies successfully

17-03-2025T04:34:46 - [TEST_STEP][PASSED] - refresh(): Refresh successfully

17-03-2025T04:34:46 - [MESSAGE][PASSED] - Refresh successfully

17-03-2025T04:34:46 - [TEST_STEP][PASSED] - delay(70): Delayed 70 second(s)

17-03-2025T04:35:56 - [MESSAGE][PASSED] - Delayed 70 second(s)

17-03-2025T04:35:56 - [TEST_STEP][PASSED] - navigateToUrl(findTestData("PlanFact").getValue(10, urlData)): Navigate to 'https://bi.rosseti.digital/viewer?dashboardGuid=d154a8eaf6824e2b9de1bb04dd061c18&sheetGuid=33f591ea3cbf498897e314a4cd5a9f29&fit=true' successfully

17-03-2025T04:35:59 - [MESSAGE][PASSED] - Navigate to 'https://bi.rosseti.digital/viewer?dashboardGuid=d154a8eaf6824e2b9de1bb04dd061c18&sheetGuid=33f591ea3cbf498897e314a4cd5a9f29&fit=true' successfully

17-03-2025T04:35:59 - [TEST_STEP][PASSED] - pageLoaded1 = verifyElementPresent(findTestObject("Страница авторизации/Text"), 30): Object 'Object Repository/Страница авторизации/Text' is present

17-03-2025T04:36:01 - [MESSAGE][PASSED] - Object 'Object Repository/Страница авторизации/Text' is present

17-03-2025T04:36:01 - [TEST_STEP][PASSED] - if (pageLoaded1 == false): null

17-03-2025T04:36:01 - [TEST_STEP][PASSED] - urlText = getText(findTestObject("Страница авторизации/Text")): Text of object 'Object Repository/Страница авторизации/Text' is: 'Вход'

17-03-2025T04:36:01 - [MESSAGE][PASSED] - Text of object 'Object Repository/Страница авторизации/Text' is: 'Вход'

17-03-2025T04:36:01 - [TEST_STEP][PASSED] - delay(70): Delayed 70 second(s)

17-03-2025T04:37:11 - [MESSAGE][PASSED] - Delayed 70 second(s)

17-03-2025T04:37:11 - [TEST_STEP][PASSED] - searchWord = "Вход": null

17-03-2025T04:37:11 - [TEST_STEP][PASSED] - if (urlText.contains(searchWord) == false): null

17-03-2025T04:37:11 - [TEST_STEP][PASSED] - setText(findTestObject("Страница авторизации/input__username"), findTestData("PlanFact").getValue(8, run)): Text 'Andreeva-EV' is set on object 'Object Repository/Страница авторизации/input__username'

17-03-2025T04:37:12 - [MESSAGE][PASSED] - Text 'Andreeva-EV' is set on object 'Object Repository/Страница авторизации/input__username'

17-03-2025T04:37:12 - [TEST_STEP][PASSED] - setText(findTestObject("Страница авторизации/input__password"), findTestData("PlanFact").getValue(9, run)): Text '2nPePKDwCPH3ul7xMZ' is set on object 'Object Repository/Страница авторизации/input__password'

17-03-2025T04:37:13 - [MESSAGE][PASSED] - Text '2nPePKDwCPH3ul7xMZ' is set on object 'Object Repository/Страница авторизации/input__password'

17-03-2025T04:37:13 - [TEST_STEP][PASSED] - click(findTestObject("Страница авторизации/button_")): Object: 'Object Repository/Страница авторизации/button_' is clicked on

17-03-2025T04:37:14 - [MESSAGE][PASSED] - Object: 'Object Repository/Страница авторизации/button_' is clicked on

17-03-2025T04:37:14 - [TEST_STEP][PASSED] - delay(70): Delayed 70 second(s)

17-03-2025T04:38:24 - [MESSAGE][PASSED] - Delayed 70 second(s)

17-03-2025T04:38:24 - [TEST_STEP][PASSED] - searchWord = "а": null

17-03-2025T04:38:24 - [TEST_STEP][PASSED] - pageLoaded2 = verifyElementPresent(findTestObject("Страница авторизации/Text"), 50): Object 'Object Repository/Страница авторизации/Text' is present

17-03-2025T04:38:24 - [MESSAGE][PASSED] - Object 'Object Repository/Страница авторизации/Text' is present

17-03-2025T04:38:24 - [TEST_STEP][PASSED] - if (pageLoaded2 == false): null

17-03-2025T04:38:24 - [TEST_STEP][PASSED] - urlText = getText(findTestObject("Страница авторизации/Text")): Text of object 'Object Repository/Страница авторизации/Text' is: 'ДЗО 
Все
Период
2025 год - 1 квартал - Январь, 2024 год - 1 квартал - Январь, 2023 год - 1 квартал - Январь
тыс. кВт⋅ч
Отпуск в сеть
Факт
2023 год
2024 год
0
5 000
10 000
15 000
20 000
25 000
30 000
35 000
40 000
45 000
50 000
55 000
60 000
65 000
57 789 443
648 220
●● Отклонения, %
%
Отклонения по отпуску в сеть
-98.88-98.88
2023/2024
-100
0
-125
-75
-50
-25
●● Отклонения, тыс. кВт⋅ч
тыс. кВт⋅ч
Отклонения по отпуску в сеть
-57 141 223-57 141 223
2023/2024
-60 000 000
-50 000 000
-40 000 000
-30 000 000
-20 000 000
-10 000 000
0
Фактические данные по отпуску в сеть'

17-03-2025T04:38:25 - [MESSAGE][PASSED] - Text of object 'Object Repository/Страница авторизации/Text' is: 'ДЗО 
Все
Период
2025 год - 1 квартал - Январь, 2024 год - 1 квартал - Январь, 2023 год - 1 квартал - Январь
тыс. кВт⋅ч
Отпуск в сеть
Факт
2023 год
2024 год
0
5 000
10 000
15 000
20 000
25 000
30 000
35 000
40 000
45 000
50 000
55 000
60 000
65 000
57 789 443
648 220
●● Отклонения, %
%
Отклонения по отпуску в сеть
-98.88-98.88
2023/2024
-100
0
-125
-75
-50
-25
●● Отклонения, тыс. кВт⋅ч
тыс. кВт⋅ч
Отклонения по отпуску в сеть
-57 141 223-57 141 223
2023/2024
-60 000 000
-50 000 000
-40 000 000
-30 000 000
-20 000 000
-10 000 000
0
Фактические данные по отпуску в сеть'

17-03-2025T04:38:25 - [TEST_STEP][PASSED] - if (urlText.contains("ошибка") || urlText.contains(searchWord) == false): null

17-03-2025T04:38:25 - [TEST_STEP][PASSED] - a5 = "": null

17-03-2025T04:38:25 - [TEST_STEP][PASSED] - a6 = "": null

17-03-2025T04:38:25 - [TEST_STEP][PASSED] - a7 = "": null

17-03-2025T04:38:25 - [TEST_STEP][PASSED] - a8 = "": null

17-03-2025T04:38:25 - [TEST_STEP][PASSED] - a9 = "": null

17-03-2025T04:38:25 - [TEST_STEP][PASSED] - if (run == 1): null

17-03-2025T04:38:25 - [TEST_STEP][PASSED] - if (run == 2): null

17-03-2025T04:38:25 - [TEST_STEP][PASSED] - user = "Андреева": null

17-03-2025T04:38:25 - [TEST_STEP][PASSED] - a1 = getText(findTestObject("Отпуск в сеть/span1")): Text of object 'Object Repository/Отпуск в сеть/span1' is: '57 789 443'

17-03-2025T04:38:25 - [MESSAGE][PASSED] - Text of object 'Object Repository/Отпуск в сеть/span1' is: '57 789 443'

17-03-2025T04:38:25 - [TEST_STEP][PASSED] - a2 = getText(findTestObject("Отпуск в сеть/span2")): Text of object 'Object Repository/Отпуск в сеть/span2' is: '648 220'

17-03-2025T04:38:25 - [MESSAGE][PASSED] - Text of object 'Object Repository/Отпуск в сеть/span2' is: '648 220'

17-03-2025T04:38:25 - [TEST_STEP][PASSED] - a3 = getText(findTestObject("Отпуск в сеть/График1")): Text of object 'Object Repository/Отпуск в сеть/График1' is: '●● Отклонения, тыс. кВт⋅ч
тыс. кВт⋅ч
Отклонения по отпуску в сеть
-57 141 223-57 141 223
2023/2024
-60 000 000
-50 000 000
-40 000 000
-30 000 000
-20 000 000
-10 000 000
0'

17-03-2025T04:38:26 - [MESSAGE][PASSED] - Text of object 'Object Repository/Отпуск в сеть/График1' is: '●● Отклонения, тыс. кВт⋅ч
тыс. кВт⋅ч
Отклонения по отпуску в сеть
-57 141 223-57 141 223
2023/2024
-60 000 000
-50 000 000
-40 000 000
-30 000 000
-20 000 000
-10 000 000
0'

17-03-2025T04:38:26 - [TEST_STEP][PASSED] - a4 = getText(findTestObject("Отпуск в сеть/График2")): Text of object 'Object Repository/Отпуск в сеть/График2' is: '●● Отклонения, %
%
Отклонения по отпуску в сеть
-98.88-98.88
2023/2024
-100
0
-125
-75
-50
-25'

17-03-2025T04:38:26 - [MESSAGE][PASSED] - Text of object 'Object Repository/Отпуск в сеть/График2' is: '●● Отклонения, %
%
Отклонения по отпуску в сеть
-98.88-98.88
2023/2024
-100
0
-125
-75
-50
-25'

17-03-2025T04:38:26 - [TEST_STEP][PASSED] - n = n + 13: null

17-03-2025T04:38:26 - [TEST_STEP][PASSED] - b = n - run + 1: null

17-03-2025T04:38:26 - [TEST_STEP][PASSED] - verifyEqual(findTestData("PlanFact").getValue(2, b), a1): Actual object '57 789 443' and expected object '57 789 443' are equal

17-03-2025T04:38:26 - [MESSAGE][PASSED] - Actual object '57 789 443' and expected object '57 789 443' are equal

17-03-2025T04:38:26 - [TEST_STEP][PASSED] - verifyEqual(findTestData("PlanFact").getValue(3, b), a2): Actual object '648 220' and expected object '648 220' are equal

17-03-2025T04:38:26 - [MESSAGE][PASSED] - Actual object '648 220' and expected object '648 220' are equal

17-03-2025T04:38:26 - [TEST_STEP][PASSED] - verifyEqual(findTestData("PlanFact").getValue(4, b), a3): Actual object '●● Отклонения, тыс. кВт⋅ч
тыс. кВт⋅ч
Отклонения по отпуску в сеть
-57 141 223-57 141 223
2023/2024
-60 000 000
-50 000 000
-40 000 000
-30 000 000
-20 000 000
-10 000 000
0' and expected object '●● Отклонения, тыс. кВт⋅ч
тыс. кВт⋅ч
Отклонения по отпуску в сеть
-57 141 223-57 141 223
2023/2024
-60 000 000
-50 000 000
-40 000 000
-30 000 000
-20 000 000
-10 000 000
0' are equal

17-03-2025T04:38:26 - [MESSAGE][PASSED] - Actual object '●● Отклонения, тыс. кВт⋅ч
тыс. кВт⋅ч
Отклонения по отпуску в сеть
-57 141 223-57 141 223
2023/2024
-60 000 000
-50 000 000
-40 000 000
-30 000 000
-20 000 000
-10 000 000
0' and expected object '●● Отклонения, тыс. кВт⋅ч
тыс. кВт⋅ч
Отклонения по отпуску в сеть
-57 141 223-57 141 223
2023/2024
-60 000 000
-50 000 000
-40 000 000
-30 000 000
-20 000 000
-10 000 000
0' are equal

17-03-2025T04:38:26 - [TEST_STEP][PASSED] - verifyEqual(findTestData("PlanFact").getValue(5, b), a4): Actual object '●● Отклонения, %
%
Отклонения по отпуску в сеть
-98.88-98.88
2023/2024
-100
0
-125
-75
-50
-25' and expected object '●● Отклонения, %
%
Отклонения по отпуску в сеть
-98.88-98.88
2023/2024
-100
0
-125
-75
-50
-25' are equal

17-03-2025T04:38:26 - [MESSAGE][PASSED] - Actual object '●● Отклонения, %
%
Отклонения по отпуску в сеть
-98.88-98.88
2023/2024
-100
0
-125
-75
-50
-25' and expected object '●● Отклонения, %
%
Отклонения по отпуску в сеть
-98.88-98.88
2023/2024
-100
0
-125
-75
-50
-25' are equal

17-03-2025T04:38:26 - [TEST_STEP][PASSED] - Script1686231490255.WriteToExcel(user, dashboardName, n, data, run, a1, a2, a3, a4, a5, a6, a7, a8, a9): null

17-03-2025T04:38:26 - [TEST_STEP][PASSED] - sheetName = "Sheet1": null

17-03-2025T04:38:26 - [TEST_STEP][PASSED] - workbook01 = getWorkbook(excelFilePath): null

17-03-2025T04:38:26 - [TEST_STEP][PASSED] - sheet01 = getExcelSheet(workbook01, sheetName): null

17-03-2025T04:38:26 - [TEST_STEP][PASSED] - setValueToCellByIndex(sheet01, n, 0, dashboardName): null

17-03-2025T04:38:26 - [TEST_STEP][PASSED] - setValueToCellByIndex(sheet01, n, 10, user): null

17-03-2025T04:38:26 - [TEST_STEP][PASSED] - setValueToCellByIndex(sheet01, n, 1, a1): null

17-03-2025T04:38:26 - [TEST_STEP][PASSED] - setValueToCellByIndex(sheet01, n, 2, a2): null

17-03-2025T04:38:26 - [TEST_STEP][PASSED] - setValueToCellByIndex(sheet01, n, 3, a3): null

17-03-2025T04:38:26 - [TEST_STEP][PASSED] - setValueToCellByIndex(sheet01, n, 4, a4): null

17-03-2025T04:38:26 - [TEST_STEP][PASSED] - setValueToCellByIndex(sheet01, n, 5, a5): null

17-03-2025T04:38:26 - [TEST_STEP][PASSED] - setValueToCellByIndex(sheet01, n, 6, a6): null

17-03-2025T04:38:26 - [TEST_STEP][PASSED] - setValueToCellByIndex(sheet01, n, 7, a7): null

17-03-2025T04:38:26 - [TEST_STEP][PASSED] - setValueToCellByIndex(sheet01, n, 8, a8): null

17-03-2025T04:38:26 - [TEST_STEP][PASSED] - setValueToCellByIndex(sheet01, n, 9, a9): null

17-03-2025T04:38:26 - [TEST_STEP][PASSED] - n = n + 1: null

17-03-2025T04:38:26 - [TEST_STEP][PASSED] - saveWorkbook(excelFilePath, workbook01): null

17-03-2025T04:38:27 - [TEST_STEP][PASSED] - if (run == 3): null

17-03-2025T04:38:27 - [TEST_STEP][PASSED] - closeBrowser(): null

17-03-2025T04:38:27 - [MESSAGE][PASSED] - Browser is closed

17-03-2025T04:38:27 - [TEST_STEP][PASSED] - OtpuskVSet(user, dashboardName, n, data, run, a1, a2, a3, a4, a5, a6, a7, a8, a9, urlData): null

17-03-2025T04:38:27 - [TEST_STEP][PASSED] - n = data.getRowNumbers() + 1: null

17-03-2025T04:38:27 - [TEST_STEP][PASSED] - println(n): null

17-03-2025T04:38:27 - [TEST_STEP][PASSED] - dashboardName = "Отпуск в сеть": null

17-03-2025T04:38:27 - [TEST_STEP][PASSED] - openBrowser(""): Browser is opened with url: ''

17-03-2025T04:38:27 - [MESSAGE][INFO] - Starting 'Chrome' driver

17-03-2025T04:38:27 - [MESSAGE][INFO] - Action delay is set to 0 milliseconds

17-03-2025T04:38:28 - [MESSAGE][PASSED] - Browser is opened with url: ''

17-03-2025T04:38:28 - [TEST_STEP][PASSED] - urlData = 16: null

17-03-2025T04:38:28 - [TEST_STEP][PASSED] - Script1686231490255.CheckPageDownload(urlData, run): null

17-03-2025T04:38:28 - [TEST_STEP][PASSED] - i = 1: null

17-03-2025T04:38:28 - [TEST_STEP][PASSED] - ii = 0: null

17-03-2025T04:38:28 - [TEST_STEP][PASSED] - urlText = <not implemented yet for class: org.codehaus.groovy.ast.expr.EmptyExpression>: null

17-03-2025T04:38:28 - [TEST_STEP][PASSED] - searchWord = <not implemented yet for class: org.codehaus.groovy.ast.expr.EmptyExpression>: null

17-03-2025T04:38:28 - [TEST_STEP][PASSED] - deleteAllCookies(): Delete all cookies successfully

17-03-2025T04:38:28 - [MESSAGE][PASSED] - Delete all cookies successfully

17-03-2025T04:38:28 - [TEST_STEP][PASSED] - refresh(): Refresh successfully

17-03-2025T04:38:28 - [MESSAGE][PASSED] - Refresh successfully

17-03-2025T04:38:28 - [TEST_STEP][PASSED] - delay(70): Delayed 70 second(s)

17-03-2025T04:39:38 - [MESSAGE][PASSED] - Delayed 70 second(s)

17-03-2025T04:39:38 - [TEST_STEP][PASSED] - navigateToUrl(findTestData("PlanFact").getValue(10, urlData)): Navigate to 'https://bi.rosseti.digital/viewer?dashboardGuid=d154a8eaf6824e2b9de1bb04dd061c18&sheetGuid=33f591ea3cbf498897e314a4cd5a9f29&fit=true' successfully

17-03-2025T04:39:44 - [MESSAGE][PASSED] - Navigate to 'https://bi.rosseti.digital/viewer?dashboardGuid=d154a8eaf6824e2b9de1bb04dd061c18&sheetGuid=33f591ea3cbf498897e314a4cd5a9f29&fit=true' successfully

17-03-2025T04:39:44 - [TEST_STEP][PASSED] - pageLoaded1 = verifyElementPresent(findTestObject("Страница авторизации/Text"), 30): Object 'Object Repository/Страница авторизации/Text' is present

17-03-2025T04:39:45 - [MESSAGE][PASSED] - Object 'Object Repository/Страница авторизации/Text' is present

17-03-2025T04:39:45 - [TEST_STEP][PASSED] - if (pageLoaded1 == false): null

17-03-2025T04:39:45 - [TEST_STEP][PASSED] - urlText = getText(findTestObject("Страница авторизации/Text")): Text of object 'Object Repository/Страница авторизации/Text' is: 'Вход'

17-03-2025T04:39:45 - [MESSAGE][PASSED] - Text of object 'Object Repository/Страница авторизации/Text' is: 'Вход'

17-03-2025T04:39:45 - [TEST_STEP][PASSED] - delay(70): Delayed 70 second(s)

17-03-2025T04:40:55 - [MESSAGE][PASSED] - Delayed 70 second(s)

17-03-2025T04:40:55 - [TEST_STEP][PASSED] - searchWord = "Вход": null

17-03-2025T04:40:55 - [TEST_STEP][PASSED] - if (urlText.contains(searchWord) == false): null

17-03-2025T04:40:55 - [TEST_STEP][PASSED] - setText(findTestObject("Страница авторизации/input__username"), findTestData("PlanFact").getValue(8, run)): Text 'Petrova-OV' is set on object 'Object Repository/Страница авторизации/input__username'

17-03-2025T04:40:56 - [MESSAGE][PASSED] - Text 'Petrova-OV' is set on object 'Object Repository/Страница авторизации/input__username'

17-03-2025T04:40:56 - [TEST_STEP][PASSED] - setText(findTestObject("Страница авторизации/input__password"), findTestData("PlanFact").getValue(9, run)): Text '4Ex@~R53r&3x&BVe7' is set on object 'Object Repository/Страница авторизации/input__password'

17-03-2025T04:40:57 - [MESSAGE][PASSED] - Text '4Ex@~R53r&3x&BVe7' is set on object 'Object Repository/Страница авторизации/input__password'

17-03-2025T04:40:57 - [TEST_STEP][PASSED] - click(findTestObject("Страница авторизации/button_")): Object: 'Object Repository/Страница авторизации/button_' is clicked on

17-03-2025T04:40:58 - [MESSAGE][PASSED] - Object: 'Object Repository/Страница авторизации/button_' is clicked on

17-03-2025T04:40:58 - [TEST_STEP][PASSED] - delay(70): Delayed 70 second(s)

17-03-2025T04:42:08 - [MESSAGE][PASSED] - Delayed 70 second(s)

17-03-2025T04:42:08 - [TEST_STEP][PASSED] - searchWord = "а": null

17-03-2025T04:42:08 - [TEST_STEP][PASSED] - pageLoaded2 = verifyElementPresent(findTestObject("Страница авторизации/Text"), 50): Object 'Object Repository/Страница авторизации/Text' is present

17-03-2025T04:42:09 - [MESSAGE][PASSED] - Object 'Object Repository/Страница авторизации/Text' is present

17-03-2025T04:42:09 - [TEST_STEP][PASSED] - if (pageLoaded2 == false): null

17-03-2025T04:42:09 - [TEST_STEP][PASSED] - urlText = getText(findTestObject("Страница авторизации/Text")): Text of object 'Object Repository/Страница авторизации/Text' is: 'ДЗО 
Все
Период
2025 год - 1 квартал - Январь, 2024 год - 1 квартал - Январь, 2023 год - 1 квартал - Январь
тыс. кВт⋅ч
Отпуск в сеть
Факт
2023 год
2024 год
0
5 000
10 000
15 000
20 000
25 000
30 000
35 000
40 000
45 000
50 000
55 000
60 000
65 000
57 789 443
648 220
●● Отклонения, %
%
Отклонения по отпуску в сеть
-98.88-98.88
2023/2024
-100
0
-125
-75
-50
-25
●● Отклонения, тыс. кВт⋅ч
тыс. кВт⋅ч
Отклонения по отпуску в сеть
-57 141 223-57 141 223
2023/2024
-60 000 000
-50 000 000
-40 000 000
-30 000 000
-20 000 000
-10 000 000
0
Фактические данные по отпуску в сеть'

17-03-2025T04:42:09 - [MESSAGE][PASSED] - Text of object 'Object Repository/Страница авторизации/Text' is: 'ДЗО 
Все
Период
2025 год - 1 квартал - Январь, 2024 год - 1 квартал - Январь, 2023 год - 1 квартал - Январь
тыс. кВт⋅ч
Отпуск в сеть
Факт
2023 год
2024 год
0
5 000
10 000
15 000
20 000
25 000
30 000
35 000
40 000
45 000
50 000
55 000
60 000
65 000
57 789 443
648 220
●● Отклонения, %
%
Отклонения по отпуску в сеть
-98.88-98.88
2023/2024
-100
0
-125
-75
-50
-25
●● Отклонения, тыс. кВт⋅ч
тыс. кВт⋅ч
Отклонения по отпуску в сеть
-57 141 223-57 141 223
2023/2024
-60 000 000
-50 000 000
-40 000 000
-30 000 000
-20 000 000
-10 000 000
0
Фактические данные по отпуску в сеть'

17-03-2025T04:42:09 - [TEST_STEP][PASSED] - if (urlText.contains("ошибка") || urlText.contains(searchWord) == false): null

17-03-2025T04:42:09 - [TEST_STEP][PASSED] - a5 = "": null

17-03-2025T04:42:09 - [TEST_STEP][PASSED] - a6 = "": null

17-03-2025T04:42:09 - [TEST_STEP][PASSED] - a7 = "": null

17-03-2025T04:42:09 - [TEST_STEP][PASSED] - a8 = "": null

17-03-2025T04:42:09 - [TEST_STEP][PASSED] - a9 = "": null

17-03-2025T04:42:09 - [TEST_STEP][PASSED] - if (run == 1): null

17-03-2025T04:42:09 - [TEST_STEP][PASSED] - if (run == 2): null

17-03-2025T04:42:09 - [TEST_STEP][PASSED] - if (run == 3): null

17-03-2025T04:42:09 - [TEST_STEP][PASSED] - user = "Попова": null

17-03-2025T04:42:09 - [TEST_STEP][PASSED] - a1 = getText(findTestObject("Отпуск в сеть/span1")): Text of object 'Object Repository/Отпуск в сеть/span1' is: '57 789 443'

17-03-2025T04:42:09 - [MESSAGE][PASSED] - Text of object 'Object Repository/Отпуск в сеть/span1' is: '57 789 443'

17-03-2025T04:42:09 - [TEST_STEP][PASSED] - a2 = getText(findTestObject("Отпуск в сеть/span2")): Text of object 'Object Repository/Отпуск в сеть/span2' is: '648 220'

17-03-2025T04:42:10 - [MESSAGE][PASSED] - Text of object 'Object Repository/Отпуск в сеть/span2' is: '648 220'

17-03-2025T04:42:10 - [TEST_STEP][PASSED] - a3 = getText(findTestObject("Отпуск в сеть/График1")): Text of object 'Object Repository/Отпуск в сеть/График1' is: '●● Отклонения, тыс. кВт⋅ч
тыс. кВт⋅ч
Отклонения по отпуску в сеть
-57 141 223-57 141 223
2023/2024
-60 000 000
-50 000 000
-40 000 000
-30 000 000
-20 000 000
-10 000 000
0'

17-03-2025T04:42:10 - [MESSAGE][PASSED] - Text of object 'Object Repository/Отпуск в сеть/График1' is: '●● Отклонения, тыс. кВт⋅ч
тыс. кВт⋅ч
Отклонения по отпуску в сеть
-57 141 223-57 141 223
2023/2024
-60 000 000
-50 000 000
-40 000 000
-30 000 000
-20 000 000
-10 000 000
0'

17-03-2025T04:42:10 - [TEST_STEP][PASSED] - a4 = getText(findTestObject("Отпуск в сеть/График2")): Text of object 'Object Repository/Отпуск в сеть/График2' is: '●● Отклонения, %
%
Отклонения по отпуску в сеть
-98.88-98.88
2023/2024
-100
0
-125
-75
-50
-25'

17-03-2025T04:42:10 - [MESSAGE][PASSED] - Text of object 'Object Repository/Отпуск в сеть/График2' is: '●● Отклонения, %
%
Отклонения по отпуску в сеть
-98.88-98.88
2023/2024
-100
0
-125
-75
-50
-25'

17-03-2025T04:42:10 - [TEST_STEP][PASSED] - n = n + 14: null

17-03-2025T04:42:10 - [TEST_STEP][PASSED] - b = n - run + 1: null

17-03-2025T04:42:10 - [TEST_STEP][PASSED] - verifyEqual(findTestData("PlanFact").getValue(2, b), a1): Actual object '57 789 443' and expected object '57 789 443' are equal

17-03-2025T04:42:10 - [MESSAGE][PASSED] - Actual object '57 789 443' and expected object '57 789 443' are equal

17-03-2025T04:42:10 - [TEST_STEP][PASSED] - verifyEqual(findTestData("PlanFact").getValue(3, b), a2): Actual object '648 220' and expected object '648 220' are equal

17-03-2025T04:42:10 - [MESSAGE][PASSED] - Actual object '648 220' and expected object '648 220' are equal

17-03-2025T04:42:10 - [TEST_STEP][PASSED] - verifyEqual(findTestData("PlanFact").getValue(4, b), a3): Actual object '●● Отклонения, тыс. кВт⋅ч
тыс. кВт⋅ч
Отклонения по отпуску в сеть
-57 141 223-57 141 223
2023/2024
-60 000 000
-50 000 000
-40 000 000
-30 000 000
-20 000 000
-10 000 000
0' and expected object '●● Отклонения, тыс. кВт⋅ч
тыс. кВт⋅ч
Отклонения по отпуску в сеть
-57 141 223-57 141 223
2023/2024
-60 000 000
-50 000 000
-40 000 000
-30 000 000
-20 000 000
-10 000 000
0' are equal

17-03-2025T04:42:10 - [MESSAGE][PASSED] - Actual object '●● Отклонения, тыс. кВт⋅ч
тыс. кВт⋅ч
Отклонения по отпуску в сеть
-57 141 223-57 141 223
2023/2024
-60 000 000
-50 000 000
-40 000 000
-30 000 000
-20 000 000
-10 000 000
0' and expected object '●● Отклонения, тыс. кВт⋅ч
тыс. кВт⋅ч
Отклонения по отпуску в сеть
-57 141 223-57 141 223
2023/2024
-60 000 000
-50 000 000
-40 000 000
-30 000 000
-20 000 000
-10 000 000
0' are equal

17-03-2025T04:42:10 - [TEST_STEP][PASSED] - verifyEqual(findTestData("PlanFact").getValue(5, b), a4): Actual object '●● Отклонения, %
%
Отклонения по отпуску в сеть
-98.88-98.88
2023/2024
-100
0
-125
-75
-50
-25' and expected object '●● Отклонения, %
%
Отклонения по отпуску в сеть
-98.88-98.88
2023/2024
-100
0
-125
-75
-50
-25' are equal

17-03-2025T04:42:10 - [MESSAGE][PASSED] - Actual object '●● Отклонения, %
%
Отклонения по отпуску в сеть
-98.88-98.88
2023/2024
-100
0
-125
-75
-50
-25' and expected object '●● Отклонения, %
%
Отклонения по отпуску в сеть
-98.88-98.88
2023/2024
-100
0
-125
-75
-50
-25' are equal

17-03-2025T04:42:10 - [TEST_STEP][PASSED] - Script1686231490255.WriteToExcel(user, dashboardName, n, data, run, a1, a2, a3, a4, a5, a6, a7, a8, a9): null

17-03-2025T04:42:10 - [TEST_STEP][PASSED] - sheetName = "Sheet1": null

17-03-2025T04:42:10 - [TEST_STEP][PASSED] - workbook01 = getWorkbook(excelFilePath): null

17-03-2025T04:42:11 - [TEST_STEP][PASSED] - sheet01 = getExcelSheet(workbook01, sheetName): null

17-03-2025T04:42:11 - [TEST_STEP][PASSED] - setValueToCellByIndex(sheet01, n, 0, dashboardName): null

17-03-2025T04:42:11 - [TEST_STEP][PASSED] - setValueToCellByIndex(sheet01, n, 10, user): null

17-03-2025T04:42:11 - [TEST_STEP][PASSED] - setValueToCellByIndex(sheet01, n, 1, a1): null

17-03-2025T04:42:11 - [TEST_STEP][PASSED] - setValueToCellByIndex(sheet01, n, 2, a2): null

17-03-2025T04:42:11 - [TEST_STEP][PASSED] - setValueToCellByIndex(sheet01, n, 3, a3): null

17-03-2025T04:42:11 - [TEST_STEP][PASSED] - setValueToCellByIndex(sheet01, n, 4, a4): null

17-03-2025T04:42:11 - [TEST_STEP][PASSED] - setValueToCellByIndex(sheet01, n, 5, a5): null

17-03-2025T04:42:11 - [TEST_STEP][PASSED] - setValueToCellByIndex(sheet01, n, 6, a6): null

17-03-2025T04:42:11 - [TEST_STEP][PASSED] - setValueToCellByIndex(sheet01, n, 7, a7): null

17-03-2025T04:42:11 - [TEST_STEP][PASSED] - setValueToCellByIndex(sheet01, n, 8, a8): null

17-03-2025T04:42:11 - [TEST_STEP][PASSED] - setValueToCellByIndex(sheet01, n, 9, a9): null

17-03-2025T04:42:11 - [TEST_STEP][PASSED] - n = n + 1: null

17-03-2025T04:42:11 - [TEST_STEP][PASSED] - saveWorkbook(excelFilePath, workbook01): null

17-03-2025T04:42:11 - [TEST_STEP][PASSED] - closeBrowser(): Browser is closed

17-03-2025T04:42:11 - [MESSAGE][PASSED] - Browser is closed

17-03-2025T04:42:11 - [TEST_STEP][PASSED] - delay(70): Delayed 70 second(s)

17-03-2025T04:43:21 - [MESSAGE][PASSED] - Delayed 70 second(s)

17-03-2025T04:43:21 - [TEST_STEP][PASSED] - for ([run = 1, run < 4, (run++)]): null

17-03-2025T04:43:21 - [TEST_STEP][PASSED] - KotlovoyPolezniyOtpusk(user, dashboardName, n, data, run, a1, a2, a3, a4, a5, a6, a7, a8, a9, urlData): null

17-03-2025T04:43:21 - [TEST_STEP][PASSED] - n = data.getRowNumbers() + 1: null

17-03-2025T04:43:21 - [TEST_STEP][PASSED] - println(n): null

17-03-2025T04:43:21 - [TEST_STEP][PASSED] - dashboardName = "Котловой полезный отпуск": null

17-03-2025T04:43:21 - [TEST_STEP][PASSED] - openBrowser(""): Browser is opened with url: ''

17-03-2025T04:43:21 - [MESSAGE][INFO] - Starting 'Chrome' driver

17-03-2025T04:43:21 - [MESSAGE][INFO] - Action delay is set to 0 milliseconds

17-03-2025T04:43:22 - [MESSAGE][PASSED] - Browser is opened with url: ''

17-03-2025T04:43:22 - [TEST_STEP][PASSED] - urlData = 18: null

17-03-2025T04:43:22 - [TEST_STEP][PASSED] - Script1686231490255.CheckPageDownload(urlData, run): null

17-03-2025T04:43:22 - [TEST_STEP][PASSED] - i = 1: null

17-03-2025T04:43:22 - [TEST_STEP][PASSED] - ii = 0: null

17-03-2025T04:43:22 - [TEST_STEP][PASSED] - urlText = <not implemented yet for class: org.codehaus.groovy.ast.expr.EmptyExpression>: null

17-03-2025T04:43:22 - [TEST_STEP][PASSED] - searchWord = <not implemented yet for class: org.codehaus.groovy.ast.expr.EmptyExpression>: null

17-03-2025T04:43:22 - [TEST_STEP][PASSED] - deleteAllCookies(): Delete all cookies successfully

17-03-2025T04:43:22 - [MESSAGE][PASSED] - Delete all cookies successfully

17-03-2025T04:43:22 - [TEST_STEP][PASSED] - refresh(): Refresh successfully

17-03-2025T04:43:22 - [MESSAGE][PASSED] - Refresh successfully

17-03-2025T04:43:22 - [TEST_STEP][PASSED] - delay(70): Delayed 70 second(s)

17-03-2025T04:44:32 - [MESSAGE][PASSED] - Delayed 70 second(s)

17-03-2025T04:44:32 - [TEST_STEP][PASSED] - navigateToUrl(findTestData("PlanFact").getValue(10, urlData)): Navigate to 'https://bi.rosseti.digital/viewer?dashboardGuid=2301950b23be4ed89c1df75f2020051e&sheetGuid=9de09c51f7e14f6a9e9103985ef32ea6&fit=true' successfully

17-03-2025T04:44:35 - [MESSAGE][PASSED] - Navigate to 'https://bi.rosseti.digital/viewer?dashboardGuid=2301950b23be4ed89c1df75f2020051e&sheetGuid=9de09c51f7e14f6a9e9103985ef32ea6&fit=true' successfully

17-03-2025T04:44:35 - [TEST_STEP][PASSED] - pageLoaded1 = verifyElementPresent(findTestObject("Страница авторизации/Text"), 30): Object 'Object Repository/Страница авторизации/Text' is present

17-03-2025T04:44:37 - [MESSAGE][PASSED] - Object 'Object Repository/Страница авторизации/Text' is present

17-03-2025T04:44:37 - [TEST_STEP][PASSED] - if (pageLoaded1 == false): null

17-03-2025T04:44:37 - [TEST_STEP][PASSED] - urlText = getText(findTestObject("Страница авторизации/Text")): Text of object 'Object Repository/Страница авторизации/Text' is: 'Вход'

17-03-2025T04:44:37 - [MESSAGE][PASSED] - Text of object 'Object Repository/Страница авторизации/Text' is: 'Вход'

17-03-2025T04:44:37 - [TEST_STEP][PASSED] - delay(70): Delayed 70 second(s)

17-03-2025T04:45:47 - [MESSAGE][PASSED] - Delayed 70 second(s)

17-03-2025T04:45:47 - [TEST_STEP][PASSED] - searchWord = "Вход": null

17-03-2025T04:45:47 - [TEST_STEP][PASSED] - if (urlText.contains(searchWord) == false): null

17-03-2025T04:45:47 - [TEST_STEP][PASSED] - setText(findTestObject("Страница авторизации/input__username"), findTestData("PlanFact").getValue(8, run)): Text 'liazgina-di' is set on object 'Object Repository/Страница авторизации/input__username'

17-03-2025T04:45:48 - [MESSAGE][PASSED] - Text 'liazgina-di' is set on object 'Object Repository/Страница авторизации/input__username'

17-03-2025T04:45:48 - [TEST_STEP][PASSED] - setText(findTestObject("Страница авторизации/input__password"), findTestData("PlanFact").getValue(9, run)): Text ')$%5srZ8o688Dm#q' is set on object 'Object Repository/Страница авторизации/input__password'

17-03-2025T04:45:49 - [MESSAGE][PASSED] - Text ')$%5srZ8o688Dm#q' is set on object 'Object Repository/Страница авторизации/input__password'

17-03-2025T04:45:49 - [TEST_STEP][PASSED] - click(findTestObject("Страница авторизации/button_")): Object: 'Object Repository/Страница авторизации/button_' is clicked on

17-03-2025T04:45:49 - [MESSAGE][PASSED] - Object: 'Object Repository/Страница авторизации/button_' is clicked on

17-03-2025T04:45:49 - [TEST_STEP][PASSED] - delay(70): Delayed 70 second(s)

17-03-2025T04:46:59 - [MESSAGE][PASSED] - Delayed 70 second(s)

17-03-2025T04:46:59 - [TEST_STEP][PASSED] - searchWord = "а": null

17-03-2025T04:46:59 - [TEST_STEP][PASSED] - pageLoaded2 = verifyElementPresent(findTestObject("Страница авторизации/Text"), 50): Object 'Object Repository/Страница авторизации/Text' is present

17-03-2025T04:47:00 - [MESSAGE][PASSED] - Object 'Object Repository/Страница авторизации/Text' is present

17-03-2025T04:47:00 - [TEST_STEP][PASSED] - if (pageLoaded2 == false): null

17-03-2025T04:47:00 - [TEST_STEP][PASSED] - urlText = getText(findTestObject("Страница авторизации/Text")): Text of object 'Object Repository/Страница авторизации/Text' is: 'Период
Январь 2025 года
Выручка
Все
ДЗО 
ПАО Россети
Внутренний оборот – выручка за услуги по передаче электрической энергии, входящая в стоимость электроэнергии (продажа) при выполнении ДЗО функций гарантирующего поставщика
Подписи данных
Отклонение котлового полезного отпуска ПАО Россети за Январь 2025 года (факт/план, млн. кВтч)
ПАО Россети
-2 398 млн.кВтч.
млн.
%
Котловой полезный отпуск
Выполнение плановых показателей по ПАО Россети за Январь 2025 года
План
Факт
Динамика
2025 год
0 млн.кВтч.
5 000 млн.кВтч.
10 000 млн.кВтч.
15 000 млн.кВтч.
20 000 млн.кВтч.
25 000 млн.кВтч.
30 000 млн.кВтч.
35 000 млн.кВтч.
40 000 млн.кВтч.
45 000 млн.кВтч.
50 000 млн.кВтч.
55 000 млн.кВтч.
60 000 млн.кВтч.
65 000 млн.кВтч.
54 934
52 559
↓
⬤Отклонение
АО "РЭС"
АО «Тываэнерго»
АО «Чеченэнерго»
Россети Волга
Россети Кубань
Россети Ленэнерго (ГК)
Россети Московский регион
Россети Северный Кавказ (ГК)
Россети Северо-Запад
Россети Сибирь (ГК)
Россети Томск
Россети Тюмень
Россети Урал (ГК)
Россети ФСК ЕЭС
Россети Центр
Россети Центр и Приволжье (ГК)
Россети Юг (ГК)
Россети Янтарь
-500млн.кВтч.
-400млн.кВтч.
-300млн.кВтч.
-200млн.кВтч.
-100млн.кВтч.
0млн.кВтч.
100млн.кВтч.
-600млн.кВтч.
20…
-44
7
-15
-154
-102
-178
-370
-188
-91
100
-27
-476
-253
-23
-255
-250
-67
-12'

17-03-2025T04:47:00 - [MESSAGE][PASSED] - Text of object 'Object Repository/Страница авторизации/Text' is: 'Период
Январь 2025 года
Выручка
Все
ДЗО 
ПАО Россети
Внутренний оборот – выручка за услуги по передаче электрической энергии, входящая в стоимость электроэнергии (продажа) при выполнении ДЗО функций гарантирующего поставщика
Подписи данных
Отклонение котлового полезного отпуска ПАО Россети за Январь 2025 года (факт/план, млн. кВтч)
ПАО Россети
-2 398 млн.кВтч.
млн.
%
Котловой полезный отпуск
Выполнение плановых показателей по ПАО Россети за Январь 2025 года
План
Факт
Динамика
2025 год
0 млн.кВтч.
5 000 млн.кВтч.
10 000 млн.кВтч.
15 000 млн.кВтч.
20 000 млн.кВтч.
25 000 млн.кВтч.
30 000 млн.кВтч.
35 000 млн.кВтч.
40 000 млн.кВтч.
45 000 млн.кВтч.
50 000 млн.кВтч.
55 000 млн.кВтч.
60 000 млн.кВтч.
65 000 млн.кВтч.
54 934
52 559
↓
⬤Отклонение
АО "РЭС"
АО «Тываэнерго»
АО «Чеченэнерго»
Россети Волга
Россети Кубань
Россети Ленэнерго (ГК)
Россети Московский регион
Россети Северный Кавказ (ГК)
Россети Северо-Запад
Россети Сибирь (ГК)
Россети Томск
Россети Тюмень
Россети Урал (ГК)
Россети ФСК ЕЭС
Россети Центр
Россети Центр и Приволжье (ГК)
Россети Юг (ГК)
Россети Янтарь
-500млн.кВтч.
-400млн.кВтч.
-300млн.кВтч.
-200млн.кВтч.
-100млн.кВтч.
0млн.кВтч.
100млн.кВтч.
-600млн.кВтч.
20…
-44
7
-15
-154
-102
-178
-370
-188
-91
100
-27
-476
-253
-23
-255
-250
-67
-12'

17-03-2025T04:47:00 - [TEST_STEP][PASSED] - if (urlText.contains("ошибка") || urlText.contains(searchWord) == false): null

17-03-2025T04:47:00 - [TEST_STEP][PASSED] - a2 = "": null

17-03-2025T04:47:00 - [TEST_STEP][PASSED] - a3 = "": null

17-03-2025T04:47:00 - [TEST_STEP][PASSED] - a4 = "": null

17-03-2025T04:47:00 - [TEST_STEP][PASSED] - a5 = "": null

17-03-2025T04:47:00 - [TEST_STEP][PASSED] - a6 = "": null

17-03-2025T04:47:00 - [TEST_STEP][PASSED] - a7 = "": null

17-03-2025T04:47:00 - [TEST_STEP][PASSED] - a8 = "": null

17-03-2025T04:47:00 - [TEST_STEP][PASSED] - a9 = "": null

17-03-2025T04:47:00 - [TEST_STEP][PASSED] - if (run == 1): null

17-03-2025T04:47:00 - [TEST_STEP][PASSED] - user = "админ": null

17-03-2025T04:47:00 - [TEST_STEP][PASSED] - a1 = getText(findTestObject("Котловой полезный отпуск/График 1")): Text of object 'Object Repository/Котловой полезный отпуск/График 1' is: 'Период
Январь 2025 года
Выручка
Все
ДЗО 
ПАО Россети
Внутренний оборот – выручка за услуги по передаче электрической энергии, входящая в стоимость электроэнергии (продажа) при выполнении ДЗО функций гарантирующего поставщика
Подписи данных
Отклонение котлового полезного отпуска ПАО Россети за Январь 2025 года (факт/план, млн. кВтч)
ПАО Россети
-2 398 млн.кВтч.
млн.
%
Котловой полезный отпуск
Выполнение плановых показателей по ПАО Россети за Январь 2025 года
План
Факт
Динамика
2025 год
0 млн.кВтч.
5 000 млн.кВтч.
10 000 млн.кВтч.
15 000 млн.кВтч.
20 000 млн.кВтч.
25 000 млн.кВтч.
30 000 млн.кВтч.
35 000 млн.кВтч.
40 000 млн.кВтч.
45 000 млн.кВтч.
50 000 млн.кВтч.
55 000 млн.кВтч.
60 000 млн.кВтч.
65 000 млн.кВтч.
54 934
52 559
↓
⬤Отклонение
АО "РЭС"
АО «Тываэнерго»
АО «Чеченэнерго»
Россети Волга
Россети Кубань
Россети Ленэнерго (ГК)
Россети Московский регион
Россети Северный Кавказ (ГК)
Россети Северо-Запад
Россети Сибирь (ГК)
Россети Томск
Россети Тюмень
Россети Урал (ГК)
Россети ФСК ЕЭС
Россети Центр
Россети Центр и Приволжье (ГК)
Россети Юг (ГК)
Россети Янтарь
-500млн.кВтч.
-400млн.кВтч.
-300млн.кВтч.
-200млн.кВтч.
-100млн.кВтч.
0млн.кВтч.
100млн.кВтч.
-600млн.кВтч.
20…
-44
7
-15
-154
-102
-178
-370
-188
-91
100
-27
-476
-253
-23
-255
-250
-67
-12'

17-03-2025T04:47:01 - [MESSAGE][PASSED] - Text of object 'Object Repository/Котловой полезный отпуск/График 1' is: 'Период
Январь 2025 года
Выручка
Все
ДЗО 
ПАО Россети
Внутренний оборот – выручка за услуги по передаче электрической энергии, входящая в стоимость электроэнергии (продажа) при выполнении ДЗО функций гарантирующего поставщика
Подписи данных
Отклонение котлового полезного отпуска ПАО Россети за Январь 2025 года (факт/план, млн. кВтч)
ПАО Россети
-2 398 млн.кВтч.
млн.
%
Котловой полезный отпуск
Выполнение плановых показателей по ПАО Россети за Январь 2025 года
План
Факт
Динамика
2025 год
0 млн.кВтч.
5 000 млн.кВтч.
10 000 млн.кВтч.
15 000 млн.кВтч.
20 000 млн.кВтч.
25 000 млн.кВтч.
30 000 млн.кВтч.
35 000 млн.кВтч.
40 000 млн.кВтч.
45 000 млн.кВтч.
50 000 млн.кВтч.
55 000 млн.кВтч.
60 000 млн.кВтч.
65 000 млн.кВтч.
54 934
52 559
↓
⬤Отклонение
АО "РЭС"
АО «Тываэнерго»
АО «Чеченэнерго»
Россети Волга
Россети Кубань
Россети Ленэнерго (ГК)
Россети Московский регион
Россети Северный Кавказ (ГК)
Россети Северо-Запад
Россети Сибирь (ГК)
Россети Томск
Россети Тюмень
Россети Урал (ГК)
Россети ФСК ЕЭС
Россети Центр
Россети Центр и Приволжье (ГК)
Россети Юг (ГК)
Россети Янтарь
-500млн.кВтч.
-400млн.кВтч.
-300млн.кВтч.
-200млн.кВтч.
-100млн.кВтч.
0млн.кВтч.
100млн.кВтч.
-600млн.кВтч.
20…
-44
7
-15
-154
-102
-178
-370
-188
-91
100
-27
-476
-253
-23
-255
-250
-67
-12'

17-03-2025T04:47:01 - [TEST_STEP][PASSED] - a1 = replaceAll("[\r?
|
]", "").replaceAll("\s+", ""): null

17-03-2025T04:47:01 - [TEST_STEP][PASSED] - if (a1 == ""): null

17-03-2025T04:47:01 - [TEST_STEP][PASSED] - n = n + 21: null

17-03-2025T04:47:01 - [TEST_STEP][PASSED] - Script1686231490255.WriteToExcel(user, dashboardName, n, data, run, a1, a2, a3, a4, a5, a6, a7, a8, a9): null

17-03-2025T04:47:01 - [TEST_STEP][PASSED] - sheetName = "Sheet1": null

17-03-2025T04:47:01 - [TEST_STEP][PASSED] - workbook01 = getWorkbook(excelFilePath): null

17-03-2025T04:47:01 - [TEST_STEP][PASSED] - sheet01 = getExcelSheet(workbook01, sheetName): null

17-03-2025T04:47:01 - [TEST_STEP][PASSED] - setValueToCellByIndex(sheet01, n, 0, dashboardName): null

17-03-2025T04:47:01 - [TEST_STEP][PASSED] - setValueToCellByIndex(sheet01, n, 10, user): null

17-03-2025T04:47:01 - [TEST_STEP][PASSED] - setValueToCellByIndex(sheet01, n, 1, a1): null

17-03-2025T04:47:01 - [TEST_STEP][PASSED] - setValueToCellByIndex(sheet01, n, 2, a2): null

17-03-2025T04:47:01 - [TEST_STEP][PASSED] - setValueToCellByIndex(sheet01, n, 3, a3): null

17-03-2025T04:47:01 - [TEST_STEP][PASSED] - setValueToCellByIndex(sheet01, n, 4, a4): null

17-03-2025T04:47:01 - [TEST_STEP][PASSED] - setValueToCellByIndex(sheet01, n, 5, a5): null

17-03-2025T04:47:01 - [TEST_STEP][PASSED] - setValueToCellByIndex(sheet01, n, 6, a6): null

17-03-2025T04:47:01 - [TEST_STEP][PASSED] - setValueToCellByIndex(sheet01, n, 7, a7): null

17-03-2025T04:47:01 - [TEST_STEP][PASSED] - setValueToCellByIndex(sheet01, n, 8, a8): null

17-03-2025T04:47:01 - [TEST_STEP][PASSED] - setValueToCellByIndex(sheet01, n, 9, a9): null

17-03-2025T04:47:01 - [TEST_STEP][PASSED] - n = n + 1: null

17-03-2025T04:47:01 - [TEST_STEP][PASSED] - saveWorkbook(excelFilePath, workbook01): null

17-03-2025T04:47:01 - [TEST_STEP][PASSED] - if (run == 2): null

17-03-2025T04:47:01 - [TEST_STEP][PASSED] - if (run == 3): null

17-03-2025T04:47:01 - [TEST_STEP][PASSED] - closeBrowser(): null

17-03-2025T04:47:02 - [MESSAGE][PASSED] - Browser is closed

17-03-2025T04:47:02 - [TEST_STEP][PASSED] - KotlovoyPolezniyOtpusk(user, dashboardName, n, data, run, a1, a2, a3, a4, a5, a6, a7, a8, a9, urlData): null

17-03-2025T04:47:02 - [TEST_STEP][PASSED] - n = data.getRowNumbers() + 1: null

17-03-2025T04:47:02 - [TEST_STEP][PASSED] - println(n): null

17-03-2025T04:47:02 - [TEST_STEP][PASSED] - dashboardName = "Котловой полезный отпуск": null

17-03-2025T04:47:02 - [TEST_STEP][PASSED] - openBrowser(""): Browser is opened with url: ''

17-03-2025T04:47:02 - [MESSAGE][INFO] - Starting 'Chrome' driver

17-03-2025T04:47:02 - [MESSAGE][INFO] - Action delay is set to 0 milliseconds

17-03-2025T04:47:03 - [MESSAGE][PASSED] - Browser is opened with url: ''

17-03-2025T04:47:03 - [TEST_STEP][PASSED] - urlData = 18: null

17-03-2025T04:47:03 - [TEST_STEP][PASSED] - Script1686231490255.CheckPageDownload(urlData, run): null

17-03-2025T04:47:03 - [TEST_STEP][PASSED] - i = 1: null

17-03-2025T04:47:03 - [TEST_STEP][PASSED] - ii = 0: null

17-03-2025T04:47:03 - [TEST_STEP][PASSED] - urlText = <not implemented yet for class: org.codehaus.groovy.ast.expr.EmptyExpression>: null

17-03-2025T04:47:03 - [TEST_STEP][PASSED] - searchWord = <not implemented yet for class: org.codehaus.groovy.ast.expr.EmptyExpression>: null

17-03-2025T04:47:03 - [TEST_STEP][PASSED] - deleteAllCookies(): Delete all cookies successfully

17-03-2025T04:47:03 - [MESSAGE][PASSED] - Delete all cookies successfully

17-03-2025T04:47:03 - [TEST_STEP][PASSED] - refresh(): Refresh successfully

17-03-2025T04:47:03 - [MESSAGE][PASSED] - Refresh successfully

17-03-2025T04:47:03 - [TEST_STEP][PASSED] - delay(70): Delayed 70 second(s)

17-03-2025T04:48:13 - [MESSAGE][PASSED] - Delayed 70 second(s)

17-03-2025T04:48:13 - [TEST_STEP][PASSED] - navigateToUrl(findTestData("PlanFact").getValue(10, urlData)): Navigate to 'https://bi.rosseti.digital/viewer?dashboardGuid=2301950b23be4ed89c1df75f2020051e&sheetGuid=9de09c51f7e14f6a9e9103985ef32ea6&fit=true' successfully

17-03-2025T04:48:16 - [MESSAGE][PASSED] - Navigate to 'https://bi.rosseti.digital/viewer?dashboardGuid=2301950b23be4ed89c1df75f2020051e&sheetGuid=9de09c51f7e14f6a9e9103985ef32ea6&fit=true' successfully

17-03-2025T04:48:16 - [TEST_STEP][PASSED] - pageLoaded1 = verifyElementPresent(findTestObject("Страница авторизации/Text"), 30): Object 'Object Repository/Страница авторизации/Text' is present

17-03-2025T04:48:17 - [MESSAGE][PASSED] - Object 'Object Repository/Страница авторизации/Text' is present

17-03-2025T04:48:17 - [TEST_STEP][PASSED] - if (pageLoaded1 == false): null

17-03-2025T04:48:17 - [TEST_STEP][PASSED] - urlText = getText(findTestObject("Страница авторизации/Text")): Text of object 'Object Repository/Страница авторизации/Text' is: 'Вход'

17-03-2025T04:48:17 - [MESSAGE][PASSED] - Text of object 'Object Repository/Страница авторизации/Text' is: 'Вход'

17-03-2025T04:48:17 - [TEST_STEP][PASSED] - delay(70): Delayed 70 second(s)

17-03-2025T04:49:27 - [MESSAGE][PASSED] - Delayed 70 second(s)

17-03-2025T04:49:27 - [TEST_STEP][PASSED] - searchWord = "Вход": null

17-03-2025T04:49:27 - [TEST_STEP][PASSED] - if (urlText.contains(searchWord) == false): null

17-03-2025T04:49:27 - [TEST_STEP][PASSED] - setText(findTestObject("Страница авторизации/input__username"), findTestData("PlanFact").getValue(8, run)): Text 'Andreeva-EV' is set on object 'Object Repository/Страница авторизации/input__username'

17-03-2025T04:49:28 - [MESSAGE][PASSED] - Text 'Andreeva-EV' is set on object 'Object Repository/Страница авторизации/input__username'

17-03-2025T04:49:28 - [TEST_STEP][PASSED] - setText(findTestObject("Страница авторизации/input__password"), findTestData("PlanFact").getValue(9, run)): Text '2nPePKDwCPH3ul7xMZ' is set on object 'Object Repository/Страница авторизации/input__password'

17-03-2025T04:49:29 - [MESSAGE][PASSED] - Text '2nPePKDwCPH3ul7xMZ' is set on object 'Object Repository/Страница авторизации/input__password'

17-03-2025T04:49:29 - [TEST_STEP][PASSED] - click(findTestObject("Страница авторизации/button_")): Object: 'Object Repository/Страница авторизации/button_' is clicked on

17-03-2025T04:49:30 - [MESSAGE][PASSED] - Object: 'Object Repository/Страница авторизации/button_' is clicked on

17-03-2025T04:49:30 - [TEST_STEP][PASSED] - delay(70): Delayed 70 second(s)

17-03-2025T04:50:40 - [MESSAGE][PASSED] - Delayed 70 second(s)

17-03-2025T04:50:40 - [TEST_STEP][PASSED] - searchWord = "а": null

17-03-2025T04:50:40 - [TEST_STEP][PASSED] - pageLoaded2 = verifyElementPresent(findTestObject("Страница авторизации/Text"), 50): Object 'Object Repository/Страница авторизации/Text' is present

17-03-2025T04:50:40 - [MESSAGE][PASSED] - Object 'Object Repository/Страница авторизации/Text' is present

17-03-2025T04:50:40 - [TEST_STEP][PASSED] - if (pageLoaded2 == false): null

17-03-2025T04:50:40 - [TEST_STEP][PASSED] - urlText = getText(findTestObject("Страница авторизации/Text")): Text of object 'Object Repository/Страница авторизации/Text' is: 'Период
Январь 2025 года
Выручка
Все
ДЗО 
ПАО Россети
Внутренний оборот – выручка за услуги по передаче электрической энергии, входящая в стоимость электроэнергии (продажа) при выполнении ДЗО функций гарантирующего поставщика
Подписи данных
Отклонение котлового полезного отпуска ПАО Россети за Январь 2025 года (факт/план, млн. кВтч)
ПАО Россети
-2 398 млн.кВтч.
млн.
%
Котловой полезный отпуск
Выполнение плановых показателей по ПАО Россети за Январь 2025 года
План
Факт
Динамика
2025 год
0 млн.кВтч.
5 000 млн.кВтч.
10 000 млн.кВтч.
15 000 млн.кВтч.
20 000 млн.кВтч.
25 000 млн.кВтч.
30 000 млн.кВтч.
35 000 млн.кВтч.
40 000 млн.кВтч.
45 000 млн.кВтч.
50 000 млн.кВтч.
55 000 млн.кВтч.
60 000 млн.кВтч.
65 000 млн.кВтч.
54 934
52 559
↓
⬤Отклонение
АО "РЭС"
АО «Тываэнерго»
АО «Чеченэнерго»
Россети Волга
Россети Кубань
Россети Ленэнерго (ГК)
Россети Московский регион
Россети Северный Кавказ (ГК)
Россети Северо-Запад
Россети Сибирь (ГК)
Россети Томск
Россети Тюмень
Россети Урал (ГК)
Россети ФСК ЕЭС
Россети Центр
Россети Центр и Приволжье (ГК)
Россети Юг (ГК)
Россети Янтарь
-500млн.кВтч.
-400млн.кВтч.
-300млн.кВтч.
-200млн.кВтч.
-100млн.кВтч.
0млн.кВтч.
100млн.кВтч.
-600млн.кВтч.
20…
-44
7
-15
-154
-102
-178
-370
-188
-91
100
-27
-476
-253
-23
-255
-250
-67
-12'

17-03-2025T04:50:41 - [MESSAGE][PASSED] - Text of object 'Object Repository/Страница авторизации/Text' is: 'Период
Январь 2025 года
Выручка
Все
ДЗО 
ПАО Россети
Внутренний оборот – выручка за услуги по передаче электрической энергии, входящая в стоимость электроэнергии (продажа) при выполнении ДЗО функций гарантирующего поставщика
Подписи данных
Отклонение котлового полезного отпуска ПАО Россети за Январь 2025 года (факт/план, млн. кВтч)
ПАО Россети
-2 398 млн.кВтч.
млн.
%
Котловой полезный отпуск
Выполнение плановых показателей по ПАО Россети за Январь 2025 года
План
Факт
Динамика
2025 год
0 млн.кВтч.
5 000 млн.кВтч.
10 000 млн.кВтч.
15 000 млн.кВтч.
20 000 млн.кВтч.
25 000 млн.кВтч.
30 000 млн.кВтч.
35 000 млн.кВтч.
40 000 млн.кВтч.
45 000 млн.кВтч.
50 000 млн.кВтч.
55 000 млн.кВтч.
60 000 млн.кВтч.
65 000 млн.кВтч.
54 934
52 559
↓
⬤Отклонение
АО "РЭС"
АО «Тываэнерго»
АО «Чеченэнерго»
Россети Волга
Россети Кубань
Россети Ленэнерго (ГК)
Россети Московский регион
Россети Северный Кавказ (ГК)
Россети Северо-Запад
Россети Сибирь (ГК)
Россети Томск
Россети Тюмень
Россети Урал (ГК)
Россети ФСК ЕЭС
Россети Центр
Россети Центр и Приволжье (ГК)
Россети Юг (ГК)
Россети Янтарь
-500млн.кВтч.
-400млн.кВтч.
-300млн.кВтч.
-200млн.кВтч.
-100млн.кВтч.
0млн.кВтч.
100млн.кВтч.
-600млн.кВтч.
20…
-44
7
-15
-154
-102
-178
-370
-188
-91
100
-27
-476
-253
-23
-255
-250
-67
-12'

17-03-2025T04:50:41 - [TEST_STEP][PASSED] - if (urlText.contains("ошибка") || urlText.contains(searchWord) == false): null

17-03-2025T04:50:41 - [TEST_STEP][PASSED] - a2 = "": null

17-03-2025T04:50:41 - [TEST_STEP][PASSED] - a3 = "": null

17-03-2025T04:50:41 - [TEST_STEP][PASSED] - a4 = "": null

17-03-2025T04:50:41 - [TEST_STEP][PASSED] - a5 = "": null

17-03-2025T04:50:41 - [TEST_STEP][PASSED] - a6 = "": null

17-03-2025T04:50:41 - [TEST_STEP][PASSED] - a7 = "": null

17-03-2025T04:50:41 - [TEST_STEP][PASSED] - a8 = "": null

17-03-2025T04:50:41 - [TEST_STEP][PASSED] - a9 = "": null

17-03-2025T04:50:41 - [TEST_STEP][PASSED] - if (run == 1): null

17-03-2025T04:50:41 - [TEST_STEP][PASSED] - if (run == 2): null

17-03-2025T04:50:41 - [TEST_STEP][PASSED] - user = "Андреева": null

17-03-2025T04:50:41 - [TEST_STEP][PASSED] - a1 = getText(findTestObject("Котловой полезный отпуск/График 1")): Text of object 'Object Repository/Котловой полезный отпуск/График 1' is: 'Период
Январь 2025 года
Выручка
Все
ДЗО 
ПАО Россети
Внутренний оборот – выручка за услуги по передаче электрической энергии, входящая в стоимость электроэнергии (продажа) при выполнении ДЗО функций гарантирующего поставщика
Подписи данных
Отклонение котлового полезного отпуска ПАО Россети за Январь 2025 года (факт/план, млн. кВтч)
ПАО Россети
-2 398 млн.кВтч.
млн.
%
Котловой полезный отпуск
Выполнение плановых показателей по ПАО Россети за Январь 2025 года
План
Факт
Динамика
2025 год
0 млн.кВтч.
5 000 млн.кВтч.
10 000 млн.кВтч.
15 000 млн.кВтч.
20 000 млн.кВтч.
25 000 млн.кВтч.
30 000 млн.кВтч.
35 000 млн.кВтч.
40 000 млн.кВтч.
45 000 млн.кВтч.
50 000 млн.кВтч.
55 000 млн.кВтч.
60 000 млн.кВтч.
65 000 млн.кВтч.
54 934
52 559
↓
⬤Отклонение
АО "РЭС"
АО «Тываэнерго»
АО «Чеченэнерго»
Россети Волга
Россети Кубань
Россети Ленэнерго (ГК)
Россети Московский регион
Россети Северный Кавказ (ГК)
Россети Северо-Запад
Россети Сибирь (ГК)
Россети Томск
Россети Тюмень
Россети Урал (ГК)
Россети ФСК ЕЭС
Россети Центр
Россети Центр и Приволжье (ГК)
Россети Юг (ГК)
Россети Янтарь
-500млн.кВтч.
-400млн.кВтч.
-300млн.кВтч.
-200млн.кВтч.
-100млн.кВтч.
0млн.кВтч.
100млн.кВтч.
-600млн.кВтч.
20…
-44
7
-15
-154
-102
-178
-370
-188
-91
100
-27
-476
-253
-23
-255
-250
-67
-12'

17-03-2025T04:50:42 - [MESSAGE][PASSED] - Text of object 'Object Repository/Котловой полезный отпуск/График 1' is: 'Период
Январь 2025 года
Выручка
Все
ДЗО 
ПАО Россети
Внутренний оборот – выручка за услуги по передаче электрической энергии, входящая в стоимость электроэнергии (продажа) при выполнении ДЗО функций гарантирующего поставщика
Подписи данных
Отклонение котлового полезного отпуска ПАО Россети за Январь 2025 года (факт/план, млн. кВтч)
ПАО Россети
-2 398 млн.кВтч.
млн.
%
Котловой полезный отпуск
Выполнение плановых показателей по ПАО Россети за Январь 2025 года
План
Факт
Динамика
2025 год
0 млн.кВтч.
5 000 млн.кВтч.
10 000 млн.кВтч.
15 000 млн.кВтч.
20 000 млн.кВтч.
25 000 млн.кВтч.
30 000 млн.кВтч.
35 000 млн.кВтч.
40 000 млн.кВтч.
45 000 млн.кВтч.
50 000 млн.кВтч.
55 000 млн.кВтч.
60 000 млн.кВтч.
65 000 млн.кВтч.
54 934
52 559
↓
⬤Отклонение
АО "РЭС"
АО «Тываэнерго»
АО «Чеченэнерго»
Россети Волга
Россети Кубань
Россети Ленэнерго (ГК)
Россети Московский регион
Россети Северный Кавказ (ГК)
Россети Северо-Запад
Россети Сибирь (ГК)
Россети Томск
Россети Тюмень
Россети Урал (ГК)
Россети ФСК ЕЭС
Россети Центр
Россети Центр и Приволжье (ГК)
Россети Юг (ГК)
Россети Янтарь
-500млн.кВтч.
-400млн.кВтч.
-300млн.кВтч.
-200млн.кВтч.
-100млн.кВтч.
0млн.кВтч.
100млн.кВтч.
-600млн.кВтч.
20…
-44
7
-15
-154
-102
-178
-370
-188
-91
100
-27
-476
-253
-23
-255
-250
-67
-12'

17-03-2025T04:50:42 - [TEST_STEP][PASSED] - a1 = replaceAll("[\r?
|
]", "").replaceAll("\s+", ""): null

17-03-2025T04:50:42 - [TEST_STEP][PASSED] - if (a1 == ""): null

17-03-2025T04:50:42 - [TEST_STEP][PASSED] - n = n + 22: null

17-03-2025T04:50:42 - [TEST_STEP][PASSED] - b = n - run + 1: null

17-03-2025T04:50:42 - [TEST_STEP][PASSED] - verifyEqual(findTestData("PlanFact").getValue(2, b), a1): Actual object '20252025239820252025050001000015000200002500030000350004000045000500005500060000650005493452559↓⬤500400300200100010060020447151541021783701889110027476253232552506712' and expected object '20252025239820252025050001000015000200002500030000350004000045000500005500060000650005493452559↓⬤500400300200100010060020447151541021783701889110027476253232552506712' are equal

17-03-2025T04:50:42 - [MESSAGE][PASSED] - Actual object '20252025239820252025050001000015000200002500030000350004000045000500005500060000650005493452559↓⬤500400300200100010060020447151541021783701889110027476253232552506712' and expected object '20252025239820252025050001000015000200002500030000350004000045000500005500060000650005493452559↓⬤500400300200100010060020447151541021783701889110027476253232552506712' are equal

17-03-2025T04:50:42 - [TEST_STEP][PASSED] - Script1686231490255.WriteToExcel(user, dashboardName, n, data, run, a1, a2, a3, a4, a5, a6, a7, a8, a9): null

17-03-2025T04:50:42 - [TEST_STEP][PASSED] - sheetName = "Sheet1": null

17-03-2025T04:50:42 - [TEST_STEP][PASSED] - workbook01 = getWorkbook(excelFilePath): null

17-03-2025T04:50:42 - [TEST_STEP][PASSED] - sheet01 = getExcelSheet(workbook01, sheetName): null

17-03-2025T04:50:42 - [TEST_STEP][PASSED] - setValueToCellByIndex(sheet01, n, 0, dashboardName): null

17-03-2025T04:50:42 - [TEST_STEP][PASSED] - setValueToCellByIndex(sheet01, n, 10, user): null

17-03-2025T04:50:42 - [TEST_STEP][PASSED] - setValueToCellByIndex(sheet01, n, 1, a1): null

17-03-2025T04:50:42 - [TEST_STEP][PASSED] - setValueToCellByIndex(sheet01, n, 2, a2): null

17-03-2025T04:50:42 - [TEST_STEP][PASSED] - setValueToCellByIndex(sheet01, n, 3, a3): null

17-03-2025T04:50:42 - [TEST_STEP][PASSED] - setValueToCellByIndex(sheet01, n, 4, a4): null

17-03-2025T04:50:42 - [TEST_STEP][PASSED] - setValueToCellByIndex(sheet01, n, 5, a5): null

17-03-2025T04:50:42 - [TEST_STEP][PASSED] - setValueToCellByIndex(sheet01, n, 6, a6): null

17-03-2025T04:50:42 - [TEST_STEP][PASSED] - setValueToCellByIndex(sheet01, n, 7, a7): null

17-03-2025T04:50:42 - [TEST_STEP][PASSED] - setValueToCellByIndex(sheet01, n, 8, a8): null

17-03-2025T04:50:42 - [TEST_STEP][PASSED] - setValueToCellByIndex(sheet01, n, 9, a9): null

17-03-2025T04:50:42 - [TEST_STEP][PASSED] - n = n + 1: null

17-03-2025T04:50:42 - [TEST_STEP][PASSED] - saveWorkbook(excelFilePath, workbook01): null

17-03-2025T04:50:42 - [TEST_STEP][PASSED] - if (run == 3): null

17-03-2025T04:50:42 - [TEST_STEP][PASSED] - closeBrowser(): null

17-03-2025T04:50:42 - [MESSAGE][PASSED] - Browser is closed

17-03-2025T04:50:42 - [TEST_STEP][PASSED] - KotlovoyPolezniyOtpusk(user, dashboardName, n, data, run, a1, a2, a3, a4, a5, a6, a7, a8, a9, urlData): null

17-03-2025T04:50:42 - [TEST_STEP][PASSED] - n = data.getRowNumbers() + 1: null

17-03-2025T04:50:42 - [TEST_STEP][PASSED] - println(n): null

17-03-2025T04:50:42 - [TEST_STEP][PASSED] - dashboardName = "Котловой полезный отпуск": null

17-03-2025T04:50:42 - [TEST_STEP][PASSED] - openBrowser(""): Browser is opened with url: ''

17-03-2025T04:50:42 - [MESSAGE][INFO] - Starting 'Chrome' driver

17-03-2025T04:50:42 - [MESSAGE][INFO] - Action delay is set to 0 milliseconds

17-03-2025T04:50:43 - [MESSAGE][PASSED] - Browser is opened with url: ''

17-03-2025T04:50:43 - [TEST_STEP][PASSED] - urlData = 18: null

17-03-2025T04:50:43 - [TEST_STEP][PASSED] - Script1686231490255.CheckPageDownload(urlData, run): null

17-03-2025T04:50:43 - [TEST_STEP][PASSED] - i = 1: null

17-03-2025T04:50:43 - [TEST_STEP][PASSED] - ii = 0: null

17-03-2025T04:50:43 - [TEST_STEP][PASSED] - urlText = <not implemented yet for class: org.codehaus.groovy.ast.expr.EmptyExpression>: null

17-03-2025T04:50:43 - [TEST_STEP][PASSED] - searchWord = <not implemented yet for class: org.codehaus.groovy.ast.expr.EmptyExpression>: null

17-03-2025T04:50:43 - [TEST_STEP][PASSED] - deleteAllCookies(): Delete all cookies successfully

17-03-2025T04:50:43 - [MESSAGE][PASSED] - Delete all cookies successfully

17-03-2025T04:50:43 - [TEST_STEP][PASSED] - refresh(): Refresh successfully

17-03-2025T04:50:43 - [MESSAGE][PASSED] - Refresh successfully

17-03-2025T04:50:43 - [TEST_STEP][PASSED] - delay(70): Delayed 70 second(s)

17-03-2025T04:51:53 - [MESSAGE][PASSED] - Delayed 70 second(s)

17-03-2025T04:51:53 - [TEST_STEP][PASSED] - navigateToUrl(findTestData("PlanFact").getValue(10, urlData)): Navigate to 'https://bi.rosseti.digital/viewer?dashboardGuid=2301950b23be4ed89c1df75f2020051e&sheetGuid=9de09c51f7e14f6a9e9103985ef32ea6&fit=true' successfully

17-03-2025T04:51:57 - [MESSAGE][PASSED] - Navigate to 'https://bi.rosseti.digital/viewer?dashboardGuid=2301950b23be4ed89c1df75f2020051e&sheetGuid=9de09c51f7e14f6a9e9103985ef32ea6&fit=true' successfully

17-03-2025T04:51:57 - [TEST_STEP][PASSED] - pageLoaded1 = verifyElementPresent(findTestObject("Страница авторизации/Text"), 30): Object 'Object Repository/Страница авторизации/Text' is present

17-03-2025T04:51:59 - [MESSAGE][PASSED] - Object 'Object Repository/Страница авторизации/Text' is present

17-03-2025T04:51:59 - [TEST_STEP][PASSED] - if (pageLoaded1 == false): null

17-03-2025T04:51:59 - [TEST_STEP][PASSED] - urlText = getText(findTestObject("Страница авторизации/Text")): Text of object 'Object Repository/Страница авторизации/Text' is: 'Вход'

17-03-2025T04:51:59 - [MESSAGE][PASSED] - Text of object 'Object Repository/Страница авторизации/Text' is: 'Вход'

17-03-2025T04:51:59 - [TEST_STEP][PASSED] - delay(70): Delayed 70 second(s)

17-03-2025T04:53:09 - [MESSAGE][PASSED] - Delayed 70 second(s)

17-03-2025T04:53:09 - [TEST_STEP][PASSED] - searchWord = "Вход": null

17-03-2025T04:53:09 - [TEST_STEP][PASSED] - if (urlText.contains(searchWord) == false): null

17-03-2025T04:53:09 - [TEST_STEP][PASSED] - setText(findTestObject("Страница авторизации/input__username"), findTestData("PlanFact").getValue(8, run)): Text 'Petrova-OV' is set on object 'Object Repository/Страница авторизации/input__username'

17-03-2025T04:53:10 - [MESSAGE][PASSED] - Text 'Petrova-OV' is set on object 'Object Repository/Страница авторизации/input__username'

17-03-2025T04:53:10 - [TEST_STEP][PASSED] - setText(findTestObject("Страница авторизации/input__password"), findTestData("PlanFact").getValue(9, run)): Text '4Ex@~R53r&3x&BVe7' is set on object 'Object Repository/Страница авторизации/input__password'

17-03-2025T04:53:10 - [MESSAGE][PASSED] - Text '4Ex@~R53r&3x&BVe7' is set on object 'Object Repository/Страница авторизации/input__password'

17-03-2025T04:53:10 - [TEST_STEP][PASSED] - click(findTestObject("Страница авторизации/button_")): Object: 'Object Repository/Страница авторизации/button_' is clicked on

17-03-2025T04:53:11 - [MESSAGE][PASSED] - Object: 'Object Repository/Страница авторизации/button_' is clicked on

17-03-2025T04:53:11 - [TEST_STEP][PASSED] - delay(70): Delayed 70 second(s)

17-03-2025T04:54:22 - [MESSAGE][PASSED] - Delayed 70 second(s)

17-03-2025T04:54:22 - [TEST_STEP][PASSED] - searchWord = "а": null

17-03-2025T04:54:22 - [TEST_STEP][PASSED] - pageLoaded2 = verifyElementPresent(findTestObject("Страница авторизации/Text"), 50): Object 'Object Repository/Страница авторизации/Text' is present

17-03-2025T04:54:22 - [MESSAGE][PASSED] - Object 'Object Repository/Страница авторизации/Text' is present

17-03-2025T04:54:22 - [TEST_STEP][PASSED] - if (pageLoaded2 == false): null

17-03-2025T04:54:22 - [TEST_STEP][PASSED] - urlText = getText(findTestObject("Страница авторизации/Text")): Text of object 'Object Repository/Страница авторизации/Text' is: 'Период
Январь 2025 года
Выручка
Все
ДЗО 
ПАО Россети
Внутренний оборот – выручка за услуги по передаче электрической энергии, входящая в стоимость электроэнергии (продажа) при выполнении ДЗО функций гарантирующего поставщика
Подписи данных
Отклонение котлового полезного отпуска ПАО Россети за Январь 2025 года (факт/план, млн. кВтч)
ПАО Россети
-2 398 млн.кВтч.
млн.
%
Котловой полезный отпуск
Выполнение плановых показателей по ПАО Россети за Январь 2025 года
План
Факт
Динамика
2025 год
0 млн.кВтч.
5 000 млн.кВтч.
10 000 млн.кВтч.
15 000 млн.кВтч.
20 000 млн.кВтч.
25 000 млн.кВтч.
30 000 млн.кВтч.
35 000 млн.кВтч.
40 000 млн.кВтч.
45 000 млн.кВтч.
50 000 млн.кВтч.
55 000 млн.кВтч.
60 000 млн.кВтч.
65 000 млн.кВтч.
54 934
52 559
↓
⬤Отклонение
АО "РЭС"
АО «Тываэнерго»
АО «Чеченэнерго»
Россети Волга
Россети Кубань
Россети Ленэнерго (ГК)
Россети Московский регион
Россети Северный Кавказ (ГК)
Россети Северо-Запад
Россети Сибирь (ГК)
Россети Томск
Россети Тюмень
Россети Урал (ГК)
Россети ФСК ЕЭС
Россети Центр
Россети Центр и Приволжье (ГК)
Россети Юг (ГК)
Россети Янтарь
-500млн.кВтч.
-400млн.кВтч.
-300млн.кВтч.
-200млн.кВтч.
-100млн.кВтч.
0млн.кВтч.
100млн.кВтч.
-600млн.кВтч.
20…
-44
7
-15
-154
-102
-178
-370
-188
-91
100
-27
-476
-253
-23
-255
-250
-67
-12'

17-03-2025T04:54:23 - [MESSAGE][PASSED] - Text of object 'Object Repository/Страница авторизации/Text' is: 'Период
Январь 2025 года
Выручка
Все
ДЗО 
ПАО Россети
Внутренний оборот – выручка за услуги по передаче электрической энергии, входящая в стоимость электроэнергии (продажа) при выполнении ДЗО функций гарантирующего поставщика
Подписи данных
Отклонение котлового полезного отпуска ПАО Россети за Январь 2025 года (факт/план, млн. кВтч)
ПАО Россети
-2 398 млн.кВтч.
млн.
%
Котловой полезный отпуск
Выполнение плановых показателей по ПАО Россети за Январь 2025 года
План
Факт
Динамика
2025 год
0 млн.кВтч.
5 000 млн.кВтч.
10 000 млн.кВтч.
15 000 млн.кВтч.
20 000 млн.кВтч.
25 000 млн.кВтч.
30 000 млн.кВтч.
35 000 млн.кВтч.
40 000 млн.кВтч.
45 000 млн.кВтч.
50 000 млн.кВтч.
55 000 млн.кВтч.
60 000 млн.кВтч.
65 000 млн.кВтч.
54 934
52 559
↓
⬤Отклонение
АО "РЭС"
АО «Тываэнерго»
АО «Чеченэнерго»
Россети Волга
Россети Кубань
Россети Ленэнерго (ГК)
Россети Московский регион
Россети Северный Кавказ (ГК)
Россети Северо-Запад
Россети Сибирь (ГК)
Россети Томск
Россети Тюмень
Россети Урал (ГК)
Россети ФСК ЕЭС
Россети Центр
Россети Центр и Приволжье (ГК)
Россети Юг (ГК)
Россети Янтарь
-500млн.кВтч.
-400млн.кВтч.
-300млн.кВтч.
-200млн.кВтч.
-100млн.кВтч.
0млн.кВтч.
100млн.кВтч.
-600млн.кВтч.
20…
-44
7
-15
-154
-102
-178
-370
-188
-91
100
-27
-476
-253
-23
-255
-250
-67
-12'

17-03-2025T04:54:23 - [TEST_STEP][PASSED] - if (urlText.contains("ошибка") || urlText.contains(searchWord) == false): null

17-03-2025T04:54:23 - [TEST_STEP][PASSED] - a2 = "": null

17-03-2025T04:54:23 - [TEST_STEP][PASSED] - a3 = "": null

17-03-2025T04:54:23 - [TEST_STEP][PASSED] - a4 = "": null

17-03-2025T04:54:23 - [TEST_STEP][PASSED] - a5 = "": null

17-03-2025T04:54:23 - [TEST_STEP][PASSED] - a6 = "": null

17-03-2025T04:54:23 - [TEST_STEP][PASSED] - a7 = "": null

17-03-2025T04:54:23 - [TEST_STEP][PASSED] - a8 = "": null

17-03-2025T04:54:23 - [TEST_STEP][PASSED] - a9 = "": null

17-03-2025T04:54:23 - [TEST_STEP][PASSED] - if (run == 1): null

17-03-2025T04:54:23 - [TEST_STEP][PASSED] - if (run == 2): null

17-03-2025T04:54:23 - [TEST_STEP][PASSED] - if (run == 3): null

17-03-2025T04:54:23 - [TEST_STEP][PASSED] - user = "Попова": null

17-03-2025T04:54:23 - [TEST_STEP][PASSED] - a1 = getText(findTestObject("Котловой полезный отпуск/График 1")): Text of object 'Object Repository/Котловой полезный отпуск/График 1' is: 'Период
Январь 2025 года
Выручка
Все
ДЗО 
ПАО Россети
Внутренний оборот – выручка за услуги по передаче электрической энергии, входящая в стоимость электроэнергии (продажа) при выполнении ДЗО функций гарантирующего поставщика
Подписи данных
Отклонение котлового полезного отпуска ПАО Россети за Январь 2025 года (факт/план, млн. кВтч)
ПАО Россети
-2 398 млн.кВтч.
млн.
%
Котловой полезный отпуск
Выполнение плановых показателей по ПАО Россети за Январь 2025 года
План
Факт
Динамика
2025 год
0 млн.кВтч.
5 000 млн.кВтч.
10 000 млн.кВтч.
15 000 млн.кВтч.
20 000 млн.кВтч.
25 000 млн.кВтч.
30 000 млн.кВтч.
35 000 млн.кВтч.
40 000 млн.кВтч.
45 000 млн.кВтч.
50 000 млн.кВтч.
55 000 млн.кВтч.
60 000 млн.кВтч.
65 000 млн.кВтч.
54 934
52 559
↓
⬤Отклонение
АО "РЭС"
АО «Тываэнерго»
АО «Чеченэнерго»
Россети Волга
Россети Кубань
Россети Ленэнерго (ГК)
Россети Московский регион
Россети Северный Кавказ (ГК)
Россети Северо-Запад
Россети Сибирь (ГК)
Россети Томск
Россети Тюмень
Россети Урал (ГК)
Россети ФСК ЕЭС
Россети Центр
Россети Центр и Приволжье (ГК)
Россети Юг (ГК)
Россети Янтарь
-500млн.кВтч.
-400млн.кВтч.
-300млн.кВтч.
-200млн.кВтч.
-100млн.кВтч.
0млн.кВтч.
100млн.кВтч.
-600млн.кВтч.
20…
-44
7
-15
-154
-102
-178
-370
-188
-91
100
-27
-476
-253
-23
-255
-250
-67
-12'

17-03-2025T04:54:23 - [MESSAGE][PASSED] - Text of object 'Object Repository/Котловой полезный отпуск/График 1' is: 'Период
Январь 2025 года
Выручка
Все
ДЗО 
ПАО Россети
Внутренний оборот – выручка за услуги по передаче электрической энергии, входящая в стоимость электроэнергии (продажа) при выполнении ДЗО функций гарантирующего поставщика
Подписи данных
Отклонение котлового полезного отпуска ПАО Россети за Январь 2025 года (факт/план, млн. кВтч)
ПАО Россети
-2 398 млн.кВтч.
млн.
%
Котловой полезный отпуск
Выполнение плановых показателей по ПАО Россети за Январь 2025 года
План
Факт
Динамика
2025 год
0 млн.кВтч.
5 000 млн.кВтч.
10 000 млн.кВтч.
15 000 млн.кВтч.
20 000 млн.кВтч.
25 000 млн.кВтч.
30 000 млн.кВтч.
35 000 млн.кВтч.
40 000 млн.кВтч.
45 000 млн.кВтч.
50 000 млн.кВтч.
55 000 млн.кВтч.
60 000 млн.кВтч.
65 000 млн.кВтч.
54 934
52 559
↓
⬤Отклонение
АО "РЭС"
АО «Тываэнерго»
АО «Чеченэнерго»
Россети Волга
Россети Кубань
Россети Ленэнерго (ГК)
Россети Московский регион
Россети Северный Кавказ (ГК)
Россети Северо-Запад
Россети Сибирь (ГК)
Россети Томск
Россети Тюмень
Россети Урал (ГК)
Россети ФСК ЕЭС
Россети Центр
Россети Центр и Приволжье (ГК)
Россети Юг (ГК)
Россети Янтарь
-500млн.кВтч.
-400млн.кВтч.
-300млн.кВтч.
-200млн.кВтч.
-100млн.кВтч.
0млн.кВтч.
100млн.кВтч.
-600млн.кВтч.
20…
-44
7
-15
-154
-102
-178
-370
-188
-91
100
-27
-476
-253
-23
-255
-250
-67
-12'

17-03-2025T04:54:23 - [TEST_STEP][PASSED] - a1 = replaceAll("[\r?
|
]", "").replaceAll("\s+", ""): null

17-03-2025T04:54:23 - [TEST_STEP][PASSED] - if (a1 == ""): null

17-03-2025T04:54:23 - [TEST_STEP][PASSED] - n = n + 23: null

17-03-2025T04:54:23 - [TEST_STEP][PASSED] - b = n - run + 1: null

17-03-2025T04:54:23 - [TEST_STEP][PASSED] - verifyEqual(findTestData("PlanFact").getValue(2, b), a1): Actual object '20252025239820252025050001000015000200002500030000350004000045000500005500060000650005493452559↓⬤500400300200100010060020447151541021783701889110027476253232552506712' and expected object '20252025239820252025050001000015000200002500030000350004000045000500005500060000650005493452559↓⬤500400300200100010060020447151541021783701889110027476253232552506712' are equal

17-03-2025T04:54:23 - [MESSAGE][PASSED] - Actual object '20252025239820252025050001000015000200002500030000350004000045000500005500060000650005493452559↓⬤500400300200100010060020447151541021783701889110027476253232552506712' and expected object '20252025239820252025050001000015000200002500030000350004000045000500005500060000650005493452559↓⬤500400300200100010060020447151541021783701889110027476253232552506712' are equal

17-03-2025T04:54:23 - [TEST_STEP][PASSED] - Script1686231490255.WriteToExcel(user, dashboardName, n, data, run, a1, a2, a3, a4, a5, a6, a7, a8, a9): null

17-03-2025T04:54:23 - [TEST_STEP][PASSED] - sheetName = "Sheet1": null

17-03-2025T04:54:23 - [TEST_STEP][PASSED] - workbook01 = getWorkbook(excelFilePath): null

17-03-2025T04:54:23 - [TEST_STEP][PASSED] - sheet01 = getExcelSheet(workbook01, sheetName): null

17-03-2025T04:54:23 - [TEST_STEP][PASSED] - setValueToCellByIndex(sheet01, n, 0, dashboardName): null

17-03-2025T04:54:23 - [TEST_STEP][PASSED] - setValueToCellByIndex(sheet01, n, 10, user): null

17-03-2025T04:54:23 - [TEST_STEP][PASSED] - setValueToCellByIndex(sheet01, n, 1, a1): null

17-03-2025T04:54:23 - [TEST_STEP][PASSED] - setValueToCellByIndex(sheet01, n, 2, a2): null

17-03-2025T04:54:23 - [TEST_STEP][PASSED] - setValueToCellByIndex(sheet01, n, 3, a3): null

17-03-2025T04:54:23 - [TEST_STEP][PASSED] - setValueToCellByIndex(sheet01, n, 4, a4): null

17-03-2025T04:54:23 - [TEST_STEP][PASSED] - setValueToCellByIndex(sheet01, n, 5, a5): null

17-03-2025T04:54:23 - [TEST_STEP][PASSED] - setValueToCellByIndex(sheet01, n, 6, a6): null

17-03-2025T04:54:23 - [TEST_STEP][PASSED] - setValueToCellByIndex(sheet01, n, 7, a7): null

17-03-2025T04:54:23 - [TEST_STEP][PASSED] - setValueToCellByIndex(sheet01, n, 8, a8): null

17-03-2025T04:54:23 - [TEST_STEP][PASSED] - setValueToCellByIndex(sheet01, n, 9, a9): null

17-03-2025T04:54:23 - [TEST_STEP][PASSED] - n = n + 1: null

17-03-2025T04:54:23 - [TEST_STEP][PASSED] - saveWorkbook(excelFilePath, workbook01): null

17-03-2025T04:54:24 - [TEST_STEP][PASSED] - closeBrowser(): Browser is closed

17-03-2025T04:54:24 - [MESSAGE][PASSED] - Browser is closed

17-03-2025T04:54:24 - [TEST_STEP][PASSED] - delay(70): Delayed 70 second(s)

17-03-2025T04:55:34 - [MESSAGE][PASSED] - Delayed 70 second(s)

17-03-2025T04:55:34 - [TEST_STEP][PASSED] - for ([run = 1, run < 4, (run++)]): null

17-03-2025T04:55:34 - [TEST_STEP][PASSED] - FaktorniyAnaliz(user, dashboardName, n, data, run, a1, a2, a3, a4, a5, a6, a7, a8, a9, urlData): null

17-03-2025T04:55:34 - [TEST_STEP][PASSED] - n = data.getRowNumbers() + 1: null

17-03-2025T04:55:34 - [TEST_STEP][PASSED] - println(n): null

17-03-2025T04:55:34 - [TEST_STEP][PASSED] - dashboardName = "Факторный анализ": null

17-03-2025T04:55:34 - [TEST_STEP][PASSED] - openBrowser(""): Browser is opened with url: ''

17-03-2025T04:55:34 - [MESSAGE][INFO] - Starting 'Chrome' driver

17-03-2025T04:55:34 - [MESSAGE][INFO] - Action delay is set to 0 milliseconds

17-03-2025T04:55:35 - [MESSAGE][PASSED] - Browser is opened with url: ''

17-03-2025T04:55:35 - [TEST_STEP][PASSED] - urlData = 3: null

17-03-2025T04:55:35 - [TEST_STEP][PASSED] - Script1686231490255.CheckPageDownload(urlData, run): null

17-03-2025T04:55:35 - [TEST_STEP][PASSED] - i = 1: null

17-03-2025T04:55:35 - [TEST_STEP][PASSED] - ii = 0: null

17-03-2025T04:55:35 - [TEST_STEP][PASSED] - urlText = <not implemented yet for class: org.codehaus.groovy.ast.expr.EmptyExpression>: null

17-03-2025T04:55:35 - [TEST_STEP][PASSED] - searchWord = <not implemented yet for class: org.codehaus.groovy.ast.expr.EmptyExpression>: null

17-03-2025T04:55:35 - [TEST_STEP][PASSED] - deleteAllCookies(): Delete all cookies successfully

17-03-2025T04:55:35 - [MESSAGE][PASSED] - Delete all cookies successfully

17-03-2025T04:55:35 - [TEST_STEP][PASSED] - refresh(): Refresh successfully

17-03-2025T04:55:35 - [MESSAGE][PASSED] - Refresh successfully

17-03-2025T04:55:35 - [TEST_STEP][PASSED] - delay(70): Delayed 70 second(s)

17-03-2025T04:56:45 - [MESSAGE][PASSED] - Delayed 70 second(s)

17-03-2025T04:56:45 - [TEST_STEP][PASSED] - navigateToUrl(findTestData("PlanFact").getValue(10, urlData)): Navigate to 'https://bi.rosseti.digital/viewer?dashboardGuid=2301950b23be4ed89c1df75f2020051e&sheetGuid=ccd7d7486b3d4e6fa0ee9b1eaebed46c&fit=true' successfully

17-03-2025T04:56:54 - [MESSAGE][PASSED] - Navigate to 'https://bi.rosseti.digital/viewer?dashboardGuid=2301950b23be4ed89c1df75f2020051e&sheetGuid=ccd7d7486b3d4e6fa0ee9b1eaebed46c&fit=true' successfully

17-03-2025T04:56:54 - [TEST_STEP][PASSED] - pageLoaded1 = verifyElementPresent(findTestObject("Страница авторизации/Text"), 30): Object 'Object Repository/Страница авторизации/Text' is present

17-03-2025T04:56:56 - [MESSAGE][PASSED] - Object 'Object Repository/Страница авторизации/Text' is present

17-03-2025T04:56:56 - [TEST_STEP][PASSED] - if (pageLoaded1 == false): null

17-03-2025T04:56:56 - [TEST_STEP][PASSED] - urlText = getText(findTestObject("Страница авторизации/Text")): Text of object 'Object Repository/Страница авторизации/Text' is: 'Вход'

17-03-2025T04:56:56 - [MESSAGE][PASSED] - Text of object 'Object Repository/Страница авторизации/Text' is: 'Вход'

17-03-2025T04:56:56 - [TEST_STEP][PASSED] - delay(70): Delayed 70 second(s)

17-03-2025T04:58:06 - [MESSAGE][PASSED] - Delayed 70 second(s)

17-03-2025T04:58:06 - [TEST_STEP][PASSED] - searchWord = "Вход": null

17-03-2025T04:58:06 - [TEST_STEP][PASSED] - if (urlText.contains(searchWord) == false): null

17-03-2025T04:58:06 - [TEST_STEP][PASSED] - setText(findTestObject("Страница авторизации/input__username"), findTestData("PlanFact").getValue(8, run)): Text 'liazgina-di' is set on object 'Object Repository/Страница авторизации/input__username'

17-03-2025T04:58:07 - [MESSAGE][PASSED] - Text 'liazgina-di' is set on object 'Object Repository/Страница авторизации/input__username'

17-03-2025T04:58:07 - [TEST_STEP][PASSED] - setText(findTestObject("Страница авторизации/input__password"), findTestData("PlanFact").getValue(9, run)): Text ')$%5srZ8o688Dm#q' is set on object 'Object Repository/Страница авторизации/input__password'

17-03-2025T04:58:07 - [MESSAGE][PASSED] - Text ')$%5srZ8o688Dm#q' is set on object 'Object Repository/Страница авторизации/input__password'

17-03-2025T04:58:07 - [TEST_STEP][PASSED] - click(findTestObject("Страница авторизации/button_")): Object: 'Object Repository/Страница авторизации/button_' is clicked on

17-03-2025T04:58:09 - [MESSAGE][PASSED] - Object: 'Object Repository/Страница авторизации/button_' is clicked on

17-03-2025T04:58:09 - [TEST_STEP][PASSED] - delay(70): Delayed 70 second(s)

17-03-2025T04:59:19 - [MESSAGE][PASSED] - Delayed 70 second(s)

17-03-2025T04:59:19 - [TEST_STEP][PASSED] - searchWord = "а": null

17-03-2025T04:59:19 - [TEST_STEP][PASSED] - pageLoaded2 = verifyElementPresent(findTestObject("Страница авторизации/Text"), 50): Object 'Object Repository/Страница авторизации/Text' is present

17-03-2025T04:59:19 - [MESSAGE][PASSED] - Object 'Object Repository/Страница авторизации/Text' is present

17-03-2025T04:59:19 - [TEST_STEP][PASSED] - if (pageLoaded2 == false): null

17-03-2025T04:59:19 - [TEST_STEP][PASSED] - urlText = getText(findTestObject("Страница авторизации/Text")): Text of object 'Object Repository/Страница авторизации/Text' is: 'Период
Январь 2025 года
ДЗО 
ПАО Россети
Подписи данных
Итого отклонения по группе компаний: 22 888 млн.руб.
Филиал
Месяц
Факторный анализ
Всего отклонения по факторам по ПАО Россети за Январь 2025 года
ДЗО
Филиал
Отклонение (объём услуг)
Отклонение (средний тариф)
АО "РЭС" АО "РЭС" -76 3
АО «Тываэнерго» АО "Тываэнерго" 19 4
АО «Чеченэнерго» АО «Чеченэнерго» -35 -48
Россети Волга Мордовэнерго - 150 -6
Оренбургэнерго -62 -9
Пензаэнерго -35 -1
Самарские РС -78 142
Саратовские РС -77 -49
Ульяновские РС 14 6
Чувашэнерго -4 12
Россети Кубань Кубаньэнерго - 341 287
Россети Ленэнерго (ГК) Ленинградская область - 311 187
г. Санкт-Петербург - 291 12
Россети Московский регион Московская область - 780 53
г. Москва - 195 -5
Россети Северный Кавказ (ГК) Дагэнерго - 238 -48
Ингушэнерго -60 14
Каббалкэнерго 20 -4
Карачаево-Черкесскэнерго -10 - 109
Севкавказэнерго - 121 -10
Ставропольэнерго -68 28
Россети Северо-Запад Архангельский филиал -52 21
Вологодский филиал -40 10
Карельский филиал -50 -15
Мурманский филиал 20 -17
Новгородский филиал -49 0
Псковский филиал -48 13
филиал в Республике Коми -53 9
Россети Сибирь (ГК) Алтайэнерго 39 16
Бурятэнерго 10 -7
ГАЭС 9 2
Красноярскэнерго 117 -4
Кузбассэнерго-РЭС 37 147
Омскэнерго -2 -21
Хакасэнерго -10 -12
Читаэнерго -1 25
Россети Томск Томская распределительная компания -62 5
Россети Тюмень Россети Тюмень - 986 - 117
Россети Урал (ГК) Пермэнерго - 187 5
Свердловэнерго - 152 -4
Челябэнерго - 141 5
Россети ФСК ЕЭС Итого по ФСК ЕЭС - 311 252
Россети Центр Белгородэнерго -85 14
Брянскэнерго -50 -8
Воронежэнерго -98 -2
Костромаэнерго -42 3
Курскэнерго -32 8
Липецкэнерго -79 20
Орелэнерго -40 5
Смоленскэнерго -52 -7
Тамбовэнерго -25 -5
Тверьэнерго - 133 0
Ярэнерго -60 -7
Россети Центр и Приволжье (ГК) Владимирэнерго - 134 -19
Ивэнерго -16 -6
Калугаэнерго -73 20
Кировэнерго -51 3
Мариэнерго -10 9
Нижновэнерго - 171 -4
Рязаньэнерго -93 1
Тулэнерго -82 7
Удмуртэнерго -55 60
Россети Юг (ГК) АО «ВМЭС» 0 4
Астраханьэнерго 1 -6
Волгоградэнерго - 140 -12
Калмэнерго -8 2
Ростовэнерго -47 16
Россети Янтарь Россети Янтарь -31 12
Отклонения выручки по факторам по выбранным ДЗО, руб
-134 977-134 977
1 3521 352
Отклонение (объём услуг)
Отклонение (средний тариф)
ПАО Россети'

17-03-2025T04:59:20 - [MESSAGE][PASSED] - Text of object 'Object Repository/Страница авторизации/Text' is: 'Период
Январь 2025 года
ДЗО 
ПАО Россети
Подписи данных
Итого отклонения по группе компаний: 22 888 млн.руб.
Филиал
Месяц
Факторный анализ
Всего отклонения по факторам по ПАО Россети за Январь 2025 года
ДЗО
Филиал
Отклонение (объём услуг)
Отклонение (средний тариф)
АО "РЭС" АО "РЭС" -76 3
АО «Тываэнерго» АО "Тываэнерго" 19 4
АО «Чеченэнерго» АО «Чеченэнерго» -35 -48
Россети Волга Мордовэнерго - 150 -6
Оренбургэнерго -62 -9
Пензаэнерго -35 -1
Самарские РС -78 142
Саратовские РС -77 -49
Ульяновские РС 14 6
Чувашэнерго -4 12
Россети Кубань Кубаньэнерго - 341 287
Россети Ленэнерго (ГК) Ленинградская область - 311 187
г. Санкт-Петербург - 291 12
Россети Московский регион Московская область - 780 53
г. Москва - 195 -5
Россети Северный Кавказ (ГК) Дагэнерго - 238 -48
Ингушэнерго -60 14
Каббалкэнерго 20 -4
Карачаево-Черкесскэнерго -10 - 109
Севкавказэнерго - 121 -10
Ставропольэнерго -68 28
Россети Северо-Запад Архангельский филиал -52 21
Вологодский филиал -40 10
Карельский филиал -50 -15
Мурманский филиал 20 -17
Новгородский филиал -49 0
Псковский филиал -48 13
филиал в Республике Коми -53 9
Россети Сибирь (ГК) Алтайэнерго 39 16
Бурятэнерго 10 -7
ГАЭС 9 2
Красноярскэнерго 117 -4
Кузбассэнерго-РЭС 37 147
Омскэнерго -2 -21
Хакасэнерго -10 -12
Читаэнерго -1 25
Россети Томск Томская распределительная компания -62 5
Россети Тюмень Россети Тюмень - 986 - 117
Россети Урал (ГК) Пермэнерго - 187 5
Свердловэнерго - 152 -4
Челябэнерго - 141 5
Россети ФСК ЕЭС Итого по ФСК ЕЭС - 311 252
Россети Центр Белгородэнерго -85 14
Брянскэнерго -50 -8
Воронежэнерго -98 -2
Костромаэнерго -42 3
Курскэнерго -32 8
Липецкэнерго -79 20
Орелэнерго -40 5
Смоленскэнерго -52 -7
Тамбовэнерго -25 -5
Тверьэнерго - 133 0
Ярэнерго -60 -7
Россети Центр и Приволжье (ГК) Владимирэнерго - 134 -19
Ивэнерго -16 -6
Калугаэнерго -73 20
Кировэнерго -51 3
Мариэнерго -10 9
Нижновэнерго - 171 -4
Рязаньэнерго -93 1
Тулэнерго -82 7
Удмуртэнерго -55 60
Россети Юг (ГК) АО «ВМЭС» 0 4
Астраханьэнерго 1 -6
Волгоградэнерго - 140 -12
Калмэнерго -8 2
Ростовэнерго -47 16
Россети Янтарь Россети Янтарь -31 12
Отклонения выручки по факторам по выбранным ДЗО, руб
-134 977-134 977
1 3521 352
Отклонение (объём услуг)
Отклонение (средний тариф)
ПАО Россети'

17-03-2025T04:59:20 - [TEST_STEP][PASSED] - if (urlText.contains("ошибка") || urlText.contains(searchWord) == false): null

17-03-2025T04:59:20 - [TEST_STEP][PASSED] - click(findTestObject("Факторный анализ/Фильтр Период")): Object: 'Object Repository/Факторный анализ/Фильтр Период' is clicked on

17-03-2025T04:59:20 - [MESSAGE][PASSED] - Object: 'Object Repository/Факторный анализ/Фильтр Период' is clicked on

17-03-2025T04:59:20 - [TEST_STEP][PASSED] - click(findTestObject("Факторный анализ/Снять выделение в фильтре Дата")): Object: 'Object Repository/Факторный анализ/Снять выделение в фильтре Дата' is clicked on

17-03-2025T04:59:21 - [MESSAGE][PASSED] - Object: 'Object Repository/Факторный анализ/Снять выделение в фильтре Дата' is clicked on

17-03-2025T04:59:21 - [TEST_STEP][PASSED] - click(findTestObject("Факторный анализ/Применить в фильтре Дата")): Object: 'Object Repository/Факторный анализ/Применить в фильтре Дата' is clicked on

17-03-2025T04:59:21 - [MESSAGE][PASSED] - Object: 'Object Repository/Факторный анализ/Применить в фильтре Дата' is clicked on

17-03-2025T04:59:21 - [TEST_STEP][PASSED] - click(findTestObject("Факторный анализ/Фильтр Период")): Object: 'Object Repository/Факторный анализ/Фильтр Период' is clicked on

17-03-2025T04:59:23 - [MESSAGE][PASSED] - Object: 'Object Repository/Факторный анализ/Фильтр Период' is clicked on

17-03-2025T04:59:23 - [TEST_STEP][PASSED] - click(findTestObject("Факторный анализ/Снять выделение в фильтре Дата")): Object: 'Object Repository/Факторный анализ/Снять выделение в фильтре Дата' is clicked on

17-03-2025T04:59:24 - [MESSAGE][PASSED] - Object: 'Object Repository/Факторный анализ/Снять выделение в фильтре Дата' is clicked on

17-03-2025T04:59:24 - [TEST_STEP][PASSED] - scrollToElement(findTestObject("Факторный анализ/2025 список"), 30): Scroll to object 'Object Repository/Факторный анализ/2025 список' successfully

17-03-2025T04:59:24 - [MESSAGE][PASSED] - Scroll to object 'Object Repository/Факторный анализ/2025 список' successfully

17-03-2025T04:59:24 - [TEST_STEP][PASSED] - click(findTestObject("Факторный анализ/2025 список")): Object: 'Object Repository/Факторный анализ/2025 список' is clicked on

17-03-2025T04:59:24 - [MESSAGE][PASSED] - Object: 'Object Repository/Факторный анализ/2025 список' is clicked on

17-03-2025T04:59:24 - [TEST_STEP][PASSED] - scrollToElement(findTestObject("Факторный анализ/1 квартал 2025 список"), 30): Scroll to object 'Object Repository/Факторный анализ/1 квартал 2025 список' successfully

17-03-2025T04:59:25 - [MESSAGE][PASSED] - Scroll to object 'Object Repository/Факторный анализ/1 квартал 2025 список' successfully

17-03-2025T04:59:25 - [TEST_STEP][PASSED] - click(findTestObject("Факторный анализ/1 квартал 2025 список"), CONTINUE_ON_FAILURE): Object: 'Object Repository/Факторный анализ/1 квартал 2025 список' is clicked on

17-03-2025T04:59:25 - [MESSAGE][PASSED] - Object: 'Object Repository/Факторный анализ/1 квартал 2025 список' is clicked on

17-03-2025T04:59:25 - [TEST_STEP][PASSED] - scrollToElement(findTestObject("Факторный анализ/Январь 2025"), 30): Scroll to object 'Object Repository/Факторный анализ/Январь 2025' successfully

17-03-2025T04:59:25 - [MESSAGE][PASSED] - Scroll to object 'Object Repository/Факторный анализ/Январь 2025' successfully

17-03-2025T04:59:25 - [TEST_STEP][PASSED] - click(findTestObject("Факторный анализ/Январь 2025"), CONTINUE_ON_FAILURE): Object: 'Object Repository/Факторный анализ/Январь 2025' is clicked on

17-03-2025T04:59:26 - [MESSAGE][PASSED] - Object: 'Object Repository/Факторный анализ/Январь 2025' is clicked on

17-03-2025T04:59:26 - [TEST_STEP][PASSED] - scrollToElement(findTestObject("Факторный анализ/Заголовок дашборда"), 30): Scroll to object 'Object Repository/Факторный анализ/Заголовок дашборда' successfully

17-03-2025T04:59:26 - [MESSAGE][PASSED] - Scroll to object 'Object Repository/Факторный анализ/Заголовок дашборда' successfully

17-03-2025T04:59:26 - [TEST_STEP][PASSED] - click(findTestObject("Факторный анализ/Применить в фильтре Дата")): Object: 'Object Repository/Факторный анализ/Применить в фильтре Дата' is clicked on

17-03-2025T04:59:27 - [MESSAGE][PASSED] - Object: 'Object Repository/Факторный анализ/Применить в фильтре Дата' is clicked on

17-03-2025T04:59:27 - [TEST_STEP][PASSED] - a5 = "": null

17-03-2025T04:59:27 - [TEST_STEP][PASSED] - a6 = "": null

17-03-2025T04:59:27 - [TEST_STEP][PASSED] - a7 = "": null

17-03-2025T04:59:27 - [TEST_STEP][PASSED] - a8 = "": null

17-03-2025T04:59:27 - [TEST_STEP][PASSED] - a9 = "": null

17-03-2025T04:59:27 - [TEST_STEP][PASSED] - if (run == 1): null

17-03-2025T04:59:27 - [TEST_STEP][PASSED] - user = "админ": null

17-03-2025T04:59:27 - [TEST_STEP][PASSED] - a1 = getText(findTestObject("Факторный анализ/span1 Блок руководителя")): Text of object 'Object Repository/Факторный анализ/span1 Блок руководителя' is: ''

17-03-2025T04:59:28 - [MESSAGE][PASSED] - Text of object 'Object Repository/Факторный анализ/span1 Блок руководителя' is: ''

17-03-2025T04:59:28 - [TEST_STEP][PASSED] - a2 = getText(findTestObject("Факторный анализ/span2 Блок руководителя")): Text of object 'Object Repository/Факторный анализ/span2 Блок руководителя' is: ''

17-03-2025T04:59:28 - [MESSAGE][PASSED] - Text of object 'Object Repository/Факторный анализ/span2 Блок руководителя' is: ''

17-03-2025T04:59:28 - [TEST_STEP][PASSED] - a3 = getText(findTestObject("Факторный анализ/График Всего отклонения по факторам Блок руководителя")): Text of object 'Object Repository/Факторный анализ/График Всего отклонения по факторам Блок руководителя' is: 'ДЗО
Филиал
Отклонение (объём услуг)
Отклонение (средний тариф)
АО "РЭС" АО "РЭС" -76 3
АО «Тываэнерго» АО "Тываэнерго" 19 4
АО «Чеченэнерго» АО «Чеченэнерго» -35 -48
Россети Волга Мордовэнерго - 150 -6
Оренбургэнерго -62 -9
Пензаэнерго -35 -1
Самарские РС -78 142
Саратовские РС -77 -49
Ульяновские РС 14 6
Чувашэнерго -4 12
Россети Кубань Кубаньэнерго - 341 287
Россети Ленэнерго (ГК) Ленинградская область - 311 187
г. Санкт-Петербург - 291 12
Россети Московский регион Московская область - 780 53
г. Москва - 195 -5
Россети Северный Кавказ (ГК) Дагэнерго - 238 -48
Ингушэнерго -60 14
Каббалкэнерго 20 -4
Карачаево-Черкесскэнерго -10 - 109
Севкавказэнерго - 121 -10
Ставропольэнерго -68 28
Россети Северо-Запад Архангельский филиал -52 21
Вологодский филиал -40 10
Карельский филиал -50 -15
Мурманский филиал 20 -17
Новгородский филиал -49 0
Псковский филиал -48 13
филиал в Республике Коми -53 9
Россети Сибирь (ГК) Алтайэнерго 39 16
Бурятэнерго 10 -7
ГАЭС 9 2
Красноярскэнерго 117 -4
Кузбассэнерго-РЭС 37 147
Омскэнерго -2 -21
Хакасэнерго -10 -12
Читаэнерго -1 25
Россети Томск Томская распределительная компания -62 5
Россети Тюмень Россети Тюмень - 986 - 117
Россети Урал (ГК) Пермэнерго - 187 5
Свердловэнерго - 152 -4
Челябэнерго - 141 5
Россети ФСК ЕЭС Итого по ФСК ЕЭС - 311 252
Россети Центр Белгородэнерго -85 14
Брянскэнерго -50 -8
Воронежэнерго -98 -2
Костромаэнерго -42 3
Курскэнерго -32 8
Липецкэнерго -79 20
Орелэнерго -40 5
Смоленскэнерго -52 -7
Тамбовэнерго -25 -5
Тверьэнерго - 133 0
Ярэнерго -60 -7
Россети Центр и Приволжье (ГК) Владимирэнерго - 134 -19
Ивэнерго -16 -6
Калугаэнерго -73 20
Кировэнерго -51 3
Мариэнерго -10 9
Нижновэнерго - 171 -4
Рязаньэнерго -93 1
Тулэнерго -82 7
Удмуртэнерго -55 60
Россети Юг (ГК) АО «ВМЭС» 0 4
Астраханьэнерго 1 -6
Волгоградэнерго - 140 -12
Калмэнерго -8 2
Ростовэнерго -47 16
Россети Янтарь Россети Янтарь -31 12'

17-03-2025T04:59:28 - [MESSAGE][PASSED] - Text of object 'Object Repository/Факторный анализ/График Всего отклонения по факторам Блок руководителя' is: 'ДЗО
Филиал
Отклонение (объём услуг)
Отклонение (средний тариф)
АО "РЭС" АО "РЭС" -76 3
АО «Тываэнерго» АО "Тываэнерго" 19 4
АО «Чеченэнерго» АО «Чеченэнерго» -35 -48
Россети Волга Мордовэнерго - 150 -6
Оренбургэнерго -62 -9
Пензаэнерго -35 -1
Самарские РС -78 142
Саратовские РС -77 -49
Ульяновские РС 14 6
Чувашэнерго -4 12
Россети Кубань Кубаньэнерго - 341 287
Россети Ленэнерго (ГК) Ленинградская область - 311 187
г. Санкт-Петербург - 291 12
Россети Московский регион Московская область - 780 53
г. Москва - 195 -5
Россети Северный Кавказ (ГК) Дагэнерго - 238 -48
Ингушэнерго -60 14
Каббалкэнерго 20 -4
Карачаево-Черкесскэнерго -10 - 109
Севкавказэнерго - 121 -10
Ставропольэнерго -68 28
Россети Северо-Запад Архангельский филиал -52 21
Вологодский филиал -40 10
Карельский филиал -50 -15
Мурманский филиал 20 -17
Новгородский филиал -49 0
Псковский филиал -48 13
филиал в Республике Коми -53 9
Россети Сибирь (ГК) Алтайэнерго 39 16
Бурятэнерго 10 -7
ГАЭС 9 2
Красноярскэнерго 117 -4
Кузбассэнерго-РЭС 37 147
Омскэнерго -2 -21
Хакасэнерго -10 -12
Читаэнерго -1 25
Россети Томск Томская распределительная компания -62 5
Россети Тюмень Россети Тюмень - 986 - 117
Россети Урал (ГК) Пермэнерго - 187 5
Свердловэнерго - 152 -4
Челябэнерго - 141 5
Россети ФСК ЕЭС Итого по ФСК ЕЭС - 311 252
Россети Центр Белгородэнерго -85 14
Брянскэнерго -50 -8
Воронежэнерго -98 -2
Костромаэнерго -42 3
Курскэнерго -32 8
Липецкэнерго -79 20
Орелэнерго -40 5
Смоленскэнерго -52 -7
Тамбовэнерго -25 -5
Тверьэнерго - 133 0
Ярэнерго -60 -7
Россети Центр и Приволжье (ГК) Владимирэнерго - 134 -19
Ивэнерго -16 -6
Калугаэнерго -73 20
Кировэнерго -51 3
Мариэнерго -10 9
Нижновэнерго - 171 -4
Рязаньэнерго -93 1
Тулэнерго -82 7
Удмуртэнерго -55 60
Россети Юг (ГК) АО «ВМЭС» 0 4
Астраханьэнерго 1 -6
Волгоградэнерго - 140 -12
Калмэнерго -8 2
Ростовэнерго -47 16
Россети Янтарь Россети Янтарь -31 12'

17-03-2025T04:59:28 - [TEST_STEP][PASSED] - click(findTestObject("Факторный анализ/Переключить отображение с филиала на месяц")): Object: 'Object Repository/Факторный анализ/Переключить отображение с филиала на месяц' is clicked on

17-03-2025T04:59:29 - [MESSAGE][PASSED] - Object: 'Object Repository/Факторный анализ/Переключить отображение с филиала на месяц' is clicked on

17-03-2025T04:59:29 - [TEST_STEP][PASSED] - a4 = getText(findTestObject("Факторный анализ/График Всего отклонения по факторам Блок руководителя")): Text of object 'Object Repository/Факторный анализ/График Всего отклонения по факторам Блок руководителя' is: 'ДЗО
Филиал
Отклонение (объём услуг)
Отклонение (средний тариф)
АО "РЭС" АО "РЭС" -76 3
АО «Тываэнерго» АО "Тываэнерго" 19 4
АО «Чеченэнерго» АО «Чеченэнерго» -35 -48
Россети Волга Мордовэнерго - 150 -6
Оренбургэнерго -62 -9
Пензаэнерго -35 -1
Самарские РС -78 142
Саратовские РС -77 -49
Ульяновские РС 14 6
Чувашэнерго -4 12
Россети Кубань Кубаньэнерго - 341 287
Россети Ленэнерго (ГК) Ленинградская область - 311 187
г. Санкт-Петербург - 291 12
Россети Московский регион Московская область - 780 53
г. Москва - 195 -5
Россети Северный Кавказ (ГК) Дагэнерго - 238 -48
Ингушэнерго -60 14
Каббалкэнерго 20 -4
Карачаево-Черкесскэнерго -10 - 109
Севкавказэнерго - 121 -10
Ставропольэнерго -68 28
Россети Северо-Запад Архангельский филиал -52 21
Вологодский филиал -40 10
Карельский филиал -50 -15
Мурманский филиал 20 -17
Новгородский филиал -49 0
Псковский филиал -48 13
филиал в Республике Коми -53 9
Россети Сибирь (ГК) Алтайэнерго 39 16
Бурятэнерго 10 -7
ГАЭС 9 2
Красноярскэнерго 117 -4
Кузбассэнерго-РЭС 37 147
Омскэнерго -2 -21
Хакасэнерго -10 -12
Читаэнерго -1 25
Россети Томск Томская распределительная компания -62 5
Россети Тюмень Россети Тюмень - 986 - 117
Россети Урал (ГК) Пермэнерго - 187 5
Свердловэнерго - 152 -4
Челябэнерго - 141 5
Россети ФСК ЕЭС Итого по ФСК ЕЭС - 311 252
Россети Центр Белгородэнерго -85 14
Брянскэнерго -50 -8
Воронежэнерго -98 -2
Костромаэнерго -42 3
Курскэнерго -32 8
Липецкэнерго -79 20
Орелэнерго -40 5
Смоленскэнерго -52 -7
Тамбовэнерго -25 -5
Тверьэнерго - 133 0
Ярэнерго -60 -7
Россети Центр и Приволжье (ГК) Владимирэнерго - 134 -19
Ивэнерго -16 -6
Калугаэнерго -73 20
Кировэнерго -51 3
Мариэнерго -10 9
Нижновэнерго - 171 -4
Рязаньэнерго -93 1
Тулэнерго -82 7
Удмуртэнерго -55 60
Россети Юг (ГК) АО «ВМЭС» 0 4
Астраханьэнерго 1 -6
Волгоградэнерго - 140 -12
Калмэнерго -8 2
Ростовэнерго -47 16
Россети Янтарь Россети Янтарь -31 12'

17-03-2025T04:59:29 - [MESSAGE][PASSED] - Text of object 'Object Repository/Факторный анализ/График Всего отклонения по факторам Блок руководителя' is: 'ДЗО
Филиал
Отклонение (объём услуг)
Отклонение (средний тариф)
АО "РЭС" АО "РЭС" -76 3
АО «Тываэнерго» АО "Тываэнерго" 19 4
АО «Чеченэнерго» АО «Чеченэнерго» -35 -48
Россети Волга Мордовэнерго - 150 -6
Оренбургэнерго -62 -9
Пензаэнерго -35 -1
Самарские РС -78 142
Саратовские РС -77 -49
Ульяновские РС 14 6
Чувашэнерго -4 12
Россети Кубань Кубаньэнерго - 341 287
Россети Ленэнерго (ГК) Ленинградская область - 311 187
г. Санкт-Петербург - 291 12
Россети Московский регион Московская область - 780 53
г. Москва - 195 -5
Россети Северный Кавказ (ГК) Дагэнерго - 238 -48
Ингушэнерго -60 14
Каббалкэнерго 20 -4
Карачаево-Черкесскэнерго -10 - 109
Севкавказэнерго - 121 -10
Ставропольэнерго -68 28
Россети Северо-Запад Архангельский филиал -52 21
Вологодский филиал -40 10
Карельский филиал -50 -15
Мурманский филиал 20 -17
Новгородский филиал -49 0
Псковский филиал -48 13
филиал в Республике Коми -53 9
Россети Сибирь (ГК) Алтайэнерго 39 16
Бурятэнерго 10 -7
ГАЭС 9 2
Красноярскэнерго 117 -4
Кузбассэнерго-РЭС 37 147
Омскэнерго -2 -21
Хакасэнерго -10 -12
Читаэнерго -1 25
Россети Томск Томская распределительная компания -62 5
Россети Тюмень Россети Тюмень - 986 - 117
Россети Урал (ГК) Пермэнерго - 187 5
Свердловэнерго - 152 -4
Челябэнерго - 141 5
Россети ФСК ЕЭС Итого по ФСК ЕЭС - 311 252
Россети Центр Белгородэнерго -85 14
Брянскэнерго -50 -8
Воронежэнерго -98 -2
Костромаэнерго -42 3
Курскэнерго -32 8
Липецкэнерго -79 20
Орелэнерго -40 5
Смоленскэнерго -52 -7
Тамбовэнерго -25 -5
Тверьэнерго - 133 0
Ярэнерго -60 -7
Россети Центр и Приволжье (ГК) Владимирэнерго - 134 -19
Ивэнерго -16 -6
Калугаэнерго -73 20
Кировэнерго -51 3
Мариэнерго -10 9
Нижновэнерго - 171 -4
Рязаньэнерго -93 1
Тулэнерго -82 7
Удмуртэнерго -55 60
Россети Юг (ГК) АО «ВМЭС» 0 4
Астраханьэнерго 1 -6
Волгоградэнерго - 140 -12
Калмэнерго -8 2
Ростовэнерго -47 16
Россети Янтарь Россети Янтарь -31 12'

17-03-2025T04:59:29 - [TEST_STEP][PASSED] - n = n + 24: null

17-03-2025T04:59:29 - [TEST_STEP][PASSED] - Script1686231490255.WriteToExcel(user, dashboardName, n, data, run, a1, a2, a3, a4, a5, a6, a7, a8, a9): null

17-03-2025T04:59:29 - [TEST_STEP][PASSED] - sheetName = "Sheet1": null

17-03-2025T04:59:29 - [TEST_STEP][PASSED] - workbook01 = getWorkbook(excelFilePath): null

17-03-2025T04:59:29 - [TEST_STEP][PASSED] - sheet01 = getExcelSheet(workbook01, sheetName): null

17-03-2025T04:59:29 - [TEST_STEP][PASSED] - setValueToCellByIndex(sheet01, n, 0, dashboardName): null

17-03-2025T04:59:29 - [TEST_STEP][PASSED] - setValueToCellByIndex(sheet01, n, 10, user): null

17-03-2025T04:59:29 - [TEST_STEP][PASSED] - setValueToCellByIndex(sheet01, n, 1, a1): null

17-03-2025T04:59:29 - [TEST_STEP][PASSED] - setValueToCellByIndex(sheet01, n, 2, a2): null

17-03-2025T04:59:29 - [TEST_STEP][PASSED] - setValueToCellByIndex(sheet01, n, 3, a3): null

17-03-2025T04:59:29 - [TEST_STEP][PASSED] - setValueToCellByIndex(sheet01, n, 4, a4): null

17-03-2025T04:59:29 - [TEST_STEP][PASSED] - setValueToCellByIndex(sheet01, n, 5, a5): null

17-03-2025T04:59:29 - [TEST_STEP][PASSED] - setValueToCellByIndex(sheet01, n, 6, a6): null

17-03-2025T04:59:29 - [TEST_STEP][PASSED] - setValueToCellByIndex(sheet01, n, 7, a7): null

17-03-2025T04:59:29 - [TEST_STEP][PASSED] - setValueToCellByIndex(sheet01, n, 8, a8): null

17-03-2025T04:59:29 - [TEST_STEP][PASSED] - setValueToCellByIndex(sheet01, n, 9, a9): null

17-03-2025T04:59:29 - [TEST_STEP][PASSED] - n = n + 1: null

17-03-2025T04:59:29 - [TEST_STEP][PASSED] - saveWorkbook(excelFilePath, workbook01): null

17-03-2025T04:59:29 - [TEST_STEP][PASSED] - if (run == 2): null

17-03-2025T04:59:29 - [TEST_STEP][PASSED] - if (run == 3): null

17-03-2025T04:59:29 - [TEST_STEP][PASSED] - closeBrowser(): null

17-03-2025T04:59:30 - [MESSAGE][PASSED] - Browser is closed

17-03-2025T04:59:30 - [TEST_STEP][PASSED] - FaktorniyAnaliz(user, dashboardName, n, data, run, a1, a2, a3, a4, a5, a6, a7, a8, a9, urlData): null

17-03-2025T04:59:30 - [TEST_STEP][PASSED] - n = data.getRowNumbers() + 1: null

17-03-2025T04:59:30 - [TEST_STEP][PASSED] - println(n): null

17-03-2025T04:59:30 - [TEST_STEP][PASSED] - dashboardName = "Факторный анализ": null

17-03-2025T04:59:30 - [TEST_STEP][PASSED] - openBrowser(""): Browser is opened with url: ''

17-03-2025T04:59:30 - [MESSAGE][INFO] - Starting 'Chrome' driver

17-03-2025T04:59:30 - [MESSAGE][INFO] - Action delay is set to 0 milliseconds

17-03-2025T04:59:31 - [MESSAGE][PASSED] - Browser is opened with url: ''

17-03-2025T04:59:31 - [TEST_STEP][PASSED] - urlData = 3: null

17-03-2025T04:59:31 - [TEST_STEP][PASSED] - Script1686231490255.CheckPageDownload(urlData, run): null

17-03-2025T04:59:31 - [TEST_STEP][PASSED] - i = 1: null

17-03-2025T04:59:31 - [TEST_STEP][PASSED] - ii = 0: null

17-03-2025T04:59:31 - [TEST_STEP][PASSED] - urlText = <not implemented yet for class: org.codehaus.groovy.ast.expr.EmptyExpression>: null

17-03-2025T04:59:31 - [TEST_STEP][PASSED] - searchWord = <not implemented yet for class: org.codehaus.groovy.ast.expr.EmptyExpression>: null

17-03-2025T04:59:31 - [TEST_STEP][PASSED] - deleteAllCookies(): Delete all cookies successfully

17-03-2025T04:59:31 - [MESSAGE][PASSED] - Delete all cookies successfully

17-03-2025T04:59:31 - [TEST_STEP][PASSED] - refresh(): Refresh successfully

17-03-2025T04:59:31 - [MESSAGE][PASSED] - Refresh successfully

17-03-2025T04:59:31 - [TEST_STEP][PASSED] - delay(70): Delayed 70 second(s)

17-03-2025T05:00:41 - [MESSAGE][PASSED] - Delayed 70 second(s)

17-03-2025T05:00:41 - [TEST_STEP][PASSED] - navigateToUrl(findTestData("PlanFact").getValue(10, urlData)): Navigate to 'https://bi.rosseti.digital/viewer?dashboardGuid=2301950b23be4ed89c1df75f2020051e&sheetGuid=ccd7d7486b3d4e6fa0ee9b1eaebed46c&fit=true' successfully

17-03-2025T05:00:50 - [MESSAGE][PASSED] - Navigate to 'https://bi.rosseti.digital/viewer?dashboardGuid=2301950b23be4ed89c1df75f2020051e&sheetGuid=ccd7d7486b3d4e6fa0ee9b1eaebed46c&fit=true' successfully

17-03-2025T05:00:50 - [TEST_STEP][PASSED] - pageLoaded1 = verifyElementPresent(findTestObject("Страница авторизации/Text"), 30): Object 'Object Repository/Страница авторизации/Text' is present

17-03-2025T05:00:52 - [MESSAGE][PASSED] - Object 'Object Repository/Страница авторизации/Text' is present

17-03-2025T05:00:52 - [TEST_STEP][PASSED] - if (pageLoaded1 == false): null

17-03-2025T05:00:52 - [TEST_STEP][PASSED] - urlText = getText(findTestObject("Страница авторизации/Text")): Text of object 'Object Repository/Страница авторизации/Text' is: 'Вход'

17-03-2025T05:00:52 - [MESSAGE][PASSED] - Text of object 'Object Repository/Страница авторизации/Text' is: 'Вход'

17-03-2025T05:00:52 - [TEST_STEP][PASSED] - delay(70): Delayed 70 second(s)

17-03-2025T05:02:02 - [MESSAGE][PASSED] - Delayed 70 second(s)

17-03-2025T05:02:02 - [TEST_STEP][PASSED] - searchWord = "Вход": null

17-03-2025T05:02:02 - [TEST_STEP][PASSED] - if (urlText.contains(searchWord) == false): null

17-03-2025T05:02:02 - [TEST_STEP][PASSED] - setText(findTestObject("Страница авторизации/input__username"), findTestData("PlanFact").getValue(8, run)): Text 'Andreeva-EV' is set on object 'Object Repository/Страница авторизации/input__username'

17-03-2025T05:02:03 - [MESSAGE][PASSED] - Text 'Andreeva-EV' is set on object 'Object Repository/Страница авторизации/input__username'

17-03-2025T05:02:03 - [TEST_STEP][PASSED] - setText(findTestObject("Страница авторизации/input__password"), findTestData("PlanFact").getValue(9, run)): Text '2nPePKDwCPH3ul7xMZ' is set on object 'Object Repository/Страница авторизации/input__password'

17-03-2025T05:02:03 - [MESSAGE][PASSED] - Text '2nPePKDwCPH3ul7xMZ' is set on object 'Object Repository/Страница авторизации/input__password'

17-03-2025T05:02:03 - [TEST_STEP][PASSED] - click(findTestObject("Страница авторизации/button_")): Object: 'Object Repository/Страница авторизации/button_' is clicked on

17-03-2025T05:02:05 - [MESSAGE][PASSED] - Object: 'Object Repository/Страница авторизации/button_' is clicked on

17-03-2025T05:02:05 - [TEST_STEP][PASSED] - delay(70): Delayed 70 second(s)

17-03-2025T05:03:15 - [MESSAGE][PASSED] - Delayed 70 second(s)

17-03-2025T05:03:15 - [TEST_STEP][PASSED] - searchWord = "а": null

17-03-2025T05:03:15 - [TEST_STEP][PASSED] - pageLoaded2 = verifyElementPresent(findTestObject("Страница авторизации/Text"), 50): Object 'Object Repository/Страница авторизации/Text' is present

17-03-2025T05:03:15 - [MESSAGE][PASSED] - Object 'Object Repository/Страница авторизации/Text' is present

17-03-2025T05:03:15 - [TEST_STEP][PASSED] - if (pageLoaded2 == false): null

17-03-2025T05:03:15 - [TEST_STEP][PASSED] - urlText = getText(findTestObject("Страница авторизации/Text")): Text of object 'Object Repository/Страница авторизации/Text' is: 'Период
Январь 2025 года
ДЗО 
ПАО Россети
Подписи данных
Итого отклонения по группе компаний: 22 888 млн.руб.
Филиал
Месяц
Факторный анализ
Всего отклонения по факторам по ПАО Россети за Январь 2025 года
ДЗО
Филиал
Отклонение (объём услуг)
Отклонение (средний тариф)
АО "РЭС" АО "РЭС" -76 3
АО «Тываэнерго» АО "Тываэнерго" 19 4
АО «Чеченэнерго» АО «Чеченэнерго» -35 -48
Россети Волга Мордовэнерго - 150 -6
Оренбургэнерго -62 -9
Пензаэнерго -35 -1
Самарские РС -78 142
Саратовские РС -77 -49
Ульяновские РС 14 6
Чувашэнерго -4 12
Россети Кубань Кубаньэнерго - 341 287
Россети Ленэнерго (ГК) Ленинградская область - 311 187
г. Санкт-Петербург - 291 12
Россети Московский регион Московская область - 780 53
г. Москва - 195 -5
Россети Северный Кавказ (ГК) Дагэнерго - 238 -48
Ингушэнерго -60 14
Каббалкэнерго 20 -4
Карачаево-Черкесскэнерго -10 - 109
Севкавказэнерго - 121 -10
Ставропольэнерго -68 28
Россети Северо-Запад Архангельский филиал -52 21
Вологодский филиал -40 10
Карельский филиал -50 -15
Мурманский филиал 20 -17
Новгородский филиал -49 0
Псковский филиал -48 13
филиал в Республике Коми -53 9
Россети Сибирь (ГК) Алтайэнерго 39 16
Бурятэнерго 10 -7
ГАЭС 9 2
Красноярскэнерго 117 -4
Кузбассэнерго-РЭС 37 147
Омскэнерго -2 -21
Хакасэнерго -10 -12
Читаэнерго -1 25
Россети Томск Томская распределительная компания -62 5
Россети Тюмень Россети Тюмень - 986 - 117
Россети Урал (ГК) Пермэнерго - 187 5
Свердловэнерго - 152 -4
Челябэнерго - 141 5
Россети ФСК ЕЭС Итого по ФСК ЕЭС - 311 252
Россети Центр Белгородэнерго -85 14
Брянскэнерго -50 -8
Воронежэнерго -98 -2
Костромаэнерго -42 3
Курскэнерго -32 8
Липецкэнерго -79 20
Орелэнерго -40 5
Смоленскэнерго -52 -7
Тамбовэнерго -25 -5
Тверьэнерго - 133 0
Ярэнерго -60 -7
Россети Центр и Приволжье (ГК) Владимирэнерго - 134 -19
Ивэнерго -16 -6
Калугаэнерго -73 20
Кировэнерго -51 3
Мариэнерго -10 9
Нижновэнерго - 171 -4
Рязаньэнерго -93 1
Тулэнерго -82 7
Удмуртэнерго -55 60
Россети Юг (ГК) АО «ВМЭС» 0 4
Астраханьэнерго 1 -6
Волгоградэнерго - 140 -12
Калмэнерго -8 2
Ростовэнерго -47 16
Россети Янтарь Россети Янтарь -31 12
Отклонения выручки по факторам по выбранным ДЗО, руб
-134 977-134 977
1 3521 352
Отклонение (объём услуг)
Отклонение (средний тариф)
ПАО Россети'

17-03-2025T05:03:16 - [MESSAGE][PASSED] - Text of object 'Object Repository/Страница авторизации/Text' is: 'Период
Январь 2025 года
ДЗО 
ПАО Россети
Подписи данных
Итого отклонения по группе компаний: 22 888 млн.руб.
Филиал
Месяц
Факторный анализ
Всего отклонения по факторам по ПАО Россети за Январь 2025 года
ДЗО
Филиал
Отклонение (объём услуг)
Отклонение (средний тариф)
АО "РЭС" АО "РЭС" -76 3
АО «Тываэнерго» АО "Тываэнерго" 19 4
АО «Чеченэнерго» АО «Чеченэнерго» -35 -48
Россети Волга Мордовэнерго - 150 -6
Оренбургэнерго -62 -9
Пензаэнерго -35 -1
Самарские РС -78 142
Саратовские РС -77 -49
Ульяновские РС 14 6
Чувашэнерго -4 12
Россети Кубань Кубаньэнерго - 341 287
Россети Ленэнерго (ГК) Ленинградская область - 311 187
г. Санкт-Петербург - 291 12
Россети Московский регион Московская область - 780 53
г. Москва - 195 -5
Россети Северный Кавказ (ГК) Дагэнерго - 238 -48
Ингушэнерго -60 14
Каббалкэнерго 20 -4
Карачаево-Черкесскэнерго -10 - 109
Севкавказэнерго - 121 -10
Ставропольэнерго -68 28
Россети Северо-Запад Архангельский филиал -52 21
Вологодский филиал -40 10
Карельский филиал -50 -15
Мурманский филиал 20 -17
Новгородский филиал -49 0
Псковский филиал -48 13
филиал в Республике Коми -53 9
Россети Сибирь (ГК) Алтайэнерго 39 16
Бурятэнерго 10 -7
ГАЭС 9 2
Красноярскэнерго 117 -4
Кузбассэнерго-РЭС 37 147
Омскэнерго -2 -21
Хакасэнерго -10 -12
Читаэнерго -1 25
Россети Томск Томская распределительная компания -62 5
Россети Тюмень Россети Тюмень - 986 - 117
Россети Урал (ГК) Пермэнерго - 187 5
Свердловэнерго - 152 -4
Челябэнерго - 141 5
Россети ФСК ЕЭС Итого по ФСК ЕЭС - 311 252
Россети Центр Белгородэнерго -85 14
Брянскэнерго -50 -8
Воронежэнерго -98 -2
Костромаэнерго -42 3
Курскэнерго -32 8
Липецкэнерго -79 20
Орелэнерго -40 5
Смоленскэнерго -52 -7
Тамбовэнерго -25 -5
Тверьэнерго - 133 0
Ярэнерго -60 -7
Россети Центр и Приволжье (ГК) Владимирэнерго - 134 -19
Ивэнерго -16 -6
Калугаэнерго -73 20
Кировэнерго -51 3
Мариэнерго -10 9
Нижновэнерго - 171 -4
Рязаньэнерго -93 1
Тулэнерго -82 7
Удмуртэнерго -55 60
Россети Юг (ГК) АО «ВМЭС» 0 4
Астраханьэнерго 1 -6
Волгоградэнерго - 140 -12
Калмэнерго -8 2
Ростовэнерго -47 16
Россети Янтарь Россети Янтарь -31 12
Отклонения выручки по факторам по выбранным ДЗО, руб
-134 977-134 977
1 3521 352
Отклонение (объём услуг)
Отклонение (средний тариф)
ПАО Россети'

17-03-2025T05:03:16 - [TEST_STEP][PASSED] - if (urlText.contains("ошибка") || urlText.contains(searchWord) == false): null

17-03-2025T05:03:16 - [TEST_STEP][PASSED] - click(findTestObject("Факторный анализ/Фильтр Период")): Object: 'Object Repository/Факторный анализ/Фильтр Период' is clicked on

17-03-2025T05:03:16 - [MESSAGE][PASSED] - Object: 'Object Repository/Факторный анализ/Фильтр Период' is clicked on

17-03-2025T05:03:16 - [TEST_STEP][PASSED] - click(findTestObject("Факторный анализ/Снять выделение в фильтре Дата")): Object: 'Object Repository/Факторный анализ/Снять выделение в фильтре Дата' is clicked on

17-03-2025T05:03:17 - [MESSAGE][PASSED] - Object: 'Object Repository/Факторный анализ/Снять выделение в фильтре Дата' is clicked on

17-03-2025T05:03:17 - [TEST_STEP][PASSED] - click(findTestObject("Факторный анализ/Применить в фильтре Дата")): Object: 'Object Repository/Факторный анализ/Применить в фильтре Дата' is clicked on

17-03-2025T05:03:17 - [MESSAGE][PASSED] - Object: 'Object Repository/Факторный анализ/Применить в фильтре Дата' is clicked on

17-03-2025T05:03:17 - [TEST_STEP][PASSED] - click(findTestObject("Факторный анализ/Фильтр Период")): Object: 'Object Repository/Факторный анализ/Фильтр Период' is clicked on

17-03-2025T05:03:19 - [MESSAGE][PASSED] - Object: 'Object Repository/Факторный анализ/Фильтр Период' is clicked on

17-03-2025T05:03:19 - [TEST_STEP][PASSED] - click(findTestObject("Факторный анализ/Снять выделение в фильтре Дата")): Object: 'Object Repository/Факторный анализ/Снять выделение в фильтре Дата' is clicked on

17-03-2025T05:03:20 - [MESSAGE][PASSED] - Object: 'Object Repository/Факторный анализ/Снять выделение в фильтре Дата' is clicked on

17-03-2025T05:03:20 - [TEST_STEP][PASSED] - scrollToElement(findTestObject("Факторный анализ/2025 список"), 30): Scroll to object 'Object Repository/Факторный анализ/2025 список' successfully

17-03-2025T05:03:20 - [MESSAGE][PASSED] - Scroll to object 'Object Repository/Факторный анализ/2025 список' successfully

17-03-2025T05:03:20 - [TEST_STEP][PASSED] - click(findTestObject("Факторный анализ/2025 список")): Object: 'Object Repository/Факторный анализ/2025 список' is clicked on

17-03-2025T05:03:20 - [MESSAGE][PASSED] - Object: 'Object Repository/Факторный анализ/2025 список' is clicked on

17-03-2025T05:03:20 - [TEST_STEP][PASSED] - scrollToElement(findTestObject("Факторный анализ/1 квартал 2025 список"), 30): Scroll to object 'Object Repository/Факторный анализ/1 квартал 2025 список' successfully

17-03-2025T05:03:21 - [MESSAGE][PASSED] - Scroll to object 'Object Repository/Факторный анализ/1 квартал 2025 список' successfully

17-03-2025T05:03:21 - [TEST_STEP][PASSED] - click(findTestObject("Факторный анализ/1 квартал 2025 список"), CONTINUE_ON_FAILURE): Object: 'Object Repository/Факторный анализ/1 квартал 2025 список' is clicked on

17-03-2025T05:03:21 - [MESSAGE][PASSED] - Object: 'Object Repository/Факторный анализ/1 квартал 2025 список' is clicked on

17-03-2025T05:03:21 - [TEST_STEP][PASSED] - scrollToElement(findTestObject("Факторный анализ/Январь 2025"), 30): Scroll to object 'Object Repository/Факторный анализ/Январь 2025' successfully

17-03-2025T05:03:21 - [MESSAGE][PASSED] - Scroll to object 'Object Repository/Факторный анализ/Январь 2025' successfully

17-03-2025T05:03:21 - [TEST_STEP][PASSED] - click(findTestObject("Факторный анализ/Январь 2025"), CONTINUE_ON_FAILURE): Object: 'Object Repository/Факторный анализ/Январь 2025' is clicked on

17-03-2025T05:03:22 - [MESSAGE][PASSED] - Object: 'Object Repository/Факторный анализ/Январь 2025' is clicked on

17-03-2025T05:03:22 - [TEST_STEP][PASSED] - scrollToElement(findTestObject("Факторный анализ/Заголовок дашборда"), 30): Scroll to object 'Object Repository/Факторный анализ/Заголовок дашборда' successfully

17-03-2025T05:03:22 - [MESSAGE][PASSED] - Scroll to object 'Object Repository/Факторный анализ/Заголовок дашборда' successfully

17-03-2025T05:03:22 - [TEST_STEP][PASSED] - click(findTestObject("Факторный анализ/Применить в фильтре Дата")): Object: 'Object Repository/Факторный анализ/Применить в фильтре Дата' is clicked on

17-03-2025T05:03:23 - [MESSAGE][PASSED] - Object: 'Object Repository/Факторный анализ/Применить в фильтре Дата' is clicked on

17-03-2025T05:03:23 - [TEST_STEP][PASSED] - a5 = "": null

17-03-2025T05:03:23 - [TEST_STEP][PASSED] - a6 = "": null

17-03-2025T05:03:23 - [TEST_STEP][PASSED] - a7 = "": null

17-03-2025T05:03:23 - [TEST_STEP][PASSED] - a8 = "": null

17-03-2025T05:03:23 - [TEST_STEP][PASSED] - a9 = "": null

17-03-2025T05:03:23 - [TEST_STEP][PASSED] - if (run == 1): null

17-03-2025T05:03:23 - [TEST_STEP][PASSED] - if (run == 2): null

17-03-2025T05:03:23 - [TEST_STEP][PASSED] - user = "Андреева": null

17-03-2025T05:03:23 - [TEST_STEP][PASSED] - a1 = getText(findTestObject("Факторный анализ/span1 Блок руководителя")): Text of object 'Object Repository/Факторный анализ/span1 Блок руководителя' is: ''

17-03-2025T05:03:24 - [MESSAGE][PASSED] - Text of object 'Object Repository/Факторный анализ/span1 Блок руководителя' is: ''

17-03-2025T05:03:24 - [TEST_STEP][PASSED] - a2 = getText(findTestObject("Факторный анализ/span2 Блок руководителя")): Text of object 'Object Repository/Факторный анализ/span2 Блок руководителя' is: ''

17-03-2025T05:03:24 - [MESSAGE][PASSED] - Text of object 'Object Repository/Факторный анализ/span2 Блок руководителя' is: ''

17-03-2025T05:03:24 - [TEST_STEP][PASSED] - a3 = getText(findTestObject("Факторный анализ/График Всего отклонения по факторам Блок руководителя")): Text of object 'Object Repository/Факторный анализ/График Всего отклонения по факторам Блок руководителя' is: 'ДЗО
Филиал
Отклонение (объём услуг)
Отклонение (средний тариф)
АО "РЭС" АО "РЭС" -76 3
АО «Тываэнерго» АО "Тываэнерго" 19 4
АО «Чеченэнерго» АО «Чеченэнерго» -35 -48
Россети Волга Мордовэнерго - 150 -6
Оренбургэнерго -62 -9
Пензаэнерго -35 -1
Самарские РС -78 142
Саратовские РС -77 -49
Ульяновские РС 14 6
Чувашэнерго -4 12
Россети Кубань Кубаньэнерго - 341 287
Россети Ленэнерго (ГК) Ленинградская область - 311 187
г. Санкт-Петербург - 291 12
Россети Московский регион Московская область - 780 53
г. Москва - 195 -5
Россети Северный Кавказ (ГК) Дагэнерго - 238 -48
Ингушэнерго -60 14
Каббалкэнерго 20 -4
Карачаево-Черкесскэнерго -10 - 109
Севкавказэнерго - 121 -10
Ставропольэнерго -68 28
Россети Северо-Запад Архангельский филиал -52 21
Вологодский филиал -40 10
Карельский филиал -50 -15
Мурманский филиал 20 -17
Новгородский филиал -49 0
Псковский филиал -48 13
филиал в Республике Коми -53 9
Россети Сибирь (ГК) Алтайэнерго 39 16
Бурятэнерго 10 -7
ГАЭС 9 2
Красноярскэнерго 117 -4
Кузбассэнерго-РЭС 37 147
Омскэнерго -2 -21
Хакасэнерго -10 -12
Читаэнерго -1 25
Россети Томск Томская распределительная компания -62 5
Россети Тюмень Россети Тюмень - 986 - 117
Россети Урал (ГК) Пермэнерго - 187 5
Свердловэнерго - 152 -4
Челябэнерго - 141 5
Россети ФСК ЕЭС Итого по ФСК ЕЭС - 311 252
Россети Центр Белгородэнерго -85 14
Брянскэнерго -50 -8
Воронежэнерго -98 -2
Костромаэнерго -42 3
Курскэнерго -32 8
Липецкэнерго -79 20
Орелэнерго -40 5
Смоленскэнерго -52 -7
Тамбовэнерго -25 -5
Тверьэнерго - 133 0
Ярэнерго -60 -7
Россети Центр и Приволжье (ГК) Владимирэнерго - 134 -19
Ивэнерго -16 -6
Калугаэнерго -73 20
Кировэнерго -51 3
Мариэнерго -10 9
Нижновэнерго - 171 -4
Рязаньэнерго -93 1
Тулэнерго -82 7
Удмуртэнерго -55 60
Россети Юг (ГК) АО «ВМЭС» 0 4
Астраханьэнерго 1 -6
Волгоградэнерго - 140 -12
Калмэнерго -8 2
Ростовэнерго -47 16
Россети Янтарь Россети Янтарь -31 12'

17-03-2025T05:03:25 - [MESSAGE][PASSED] - Text of object 'Object Repository/Факторный анализ/График Всего отклонения по факторам Блок руководителя' is: 'ДЗО
Филиал
Отклонение (объём услуг)
Отклонение (средний тариф)
АО "РЭС" АО "РЭС" -76 3
АО «Тываэнерго» АО "Тываэнерго" 19 4
АО «Чеченэнерго» АО «Чеченэнерго» -35 -48
Россети Волга Мордовэнерго - 150 -6
Оренбургэнерго -62 -9
Пензаэнерго -35 -1
Самарские РС -78 142
Саратовские РС -77 -49
Ульяновские РС 14 6
Чувашэнерго -4 12
Россети Кубань Кубаньэнерго - 341 287
Россети Ленэнерго (ГК) Ленинградская область - 311 187
г. Санкт-Петербург - 291 12
Россети Московский регион Московская область - 780 53
г. Москва - 195 -5
Россети Северный Кавказ (ГК) Дагэнерго - 238 -48
Ингушэнерго -60 14
Каббалкэнерго 20 -4
Карачаево-Черкесскэнерго -10 - 109
Севкавказэнерго - 121 -10
Ставропольэнерго -68 28
Россети Северо-Запад Архангельский филиал -52 21
Вологодский филиал -40 10
Карельский филиал -50 -15
Мурманский филиал 20 -17
Новгородский филиал -49 0
Псковский филиал -48 13
филиал в Республике Коми -53 9
Россети Сибирь (ГК) Алтайэнерго 39 16
Бурятэнерго 10 -7
ГАЭС 9 2
Красноярскэнерго 117 -4
Кузбассэнерго-РЭС 37 147
Омскэнерго -2 -21
Хакасэнерго -10 -12
Читаэнерго -1 25
Россети Томск Томская распределительная компания -62 5
Россети Тюмень Россети Тюмень - 986 - 117
Россети Урал (ГК) Пермэнерго - 187 5
Свердловэнерго - 152 -4
Челябэнерго - 141 5
Россети ФСК ЕЭС Итого по ФСК ЕЭС - 311 252
Россети Центр Белгородэнерго -85 14
Брянскэнерго -50 -8
Воронежэнерго -98 -2
Костромаэнерго -42 3
Курскэнерго -32 8
Липецкэнерго -79 20
Орелэнерго -40 5
Смоленскэнерго -52 -7
Тамбовэнерго -25 -5
Тверьэнерго - 133 0
Ярэнерго -60 -7
Россети Центр и Приволжье (ГК) Владимирэнерго - 134 -19
Ивэнерго -16 -6
Калугаэнерго -73 20
Кировэнерго -51 3
Мариэнерго -10 9
Нижновэнерго - 171 -4
Рязаньэнерго -93 1
Тулэнерго -82 7
Удмуртэнерго -55 60
Россети Юг (ГК) АО «ВМЭС» 0 4
Астраханьэнерго 1 -6
Волгоградэнерго - 140 -12
Калмэнерго -8 2
Ростовэнерго -47 16
Россети Янтарь Россети Янтарь -31 12'

17-03-2025T05:03:25 - [TEST_STEP][PASSED] - click(findTestObject("Факторный анализ/Переключить отображение с филиала на месяц")): Object: 'Object Repository/Факторный анализ/Переключить отображение с филиала на месяц' is clicked on

17-03-2025T05:03:25 - [MESSAGE][PASSED] - Object: 'Object Repository/Факторный анализ/Переключить отображение с филиала на месяц' is clicked on

17-03-2025T05:03:25 - [TEST_STEP][PASSED] - a4 = getText(findTestObject("Факторный анализ/График Всего отклонения по факторам Блок руководителя")): Text of object 'Object Repository/Факторный анализ/График Всего отклонения по факторам Блок руководителя' is: 'ДЗО
Филиал
Отклонение (объём услуг)
Отклонение (средний тариф)
АО "РЭС" АО "РЭС" -76 3
АО «Тываэнерго» АО "Тываэнерго" 19 4
АО «Чеченэнерго» АО «Чеченэнерго» -35 -48
Россети Волга Мордовэнерго - 150 -6
Оренбургэнерго -62 -9
Пензаэнерго -35 -1
Самарские РС -78 142
Саратовские РС -77 -49
Ульяновские РС 14 6
Чувашэнерго -4 12
Россети Кубань Кубаньэнерго - 341 287
Россети Ленэнерго (ГК) Ленинградская область - 311 187
г. Санкт-Петербург - 291 12
Россети Московский регион Московская область - 780 53
г. Москва - 195 -5
Россети Северный Кавказ (ГК) Дагэнерго - 238 -48
Ингушэнерго -60 14
Каббалкэнерго 20 -4
Карачаево-Черкесскэнерго -10 - 109
Севкавказэнерго - 121 -10
Ставропольэнерго -68 28
Россети Северо-Запад Архангельский филиал -52 21
Вологодский филиал -40 10
Карельский филиал -50 -15
Мурманский филиал 20 -17
Новгородский филиал -49 0
Псковский филиал -48 13
филиал в Республике Коми -53 9
Россети Сибирь (ГК) Алтайэнерго 39 16
Бурятэнерго 10 -7
ГАЭС 9 2
Красноярскэнерго 117 -4
Кузбассэнерго-РЭС 37 147
Омскэнерго -2 -21
Хакасэнерго -10 -12
Читаэнерго -1 25
Россети Томск Томская распределительная компания -62 5
Россети Тюмень Россети Тюмень - 986 - 117
Россети Урал (ГК) Пермэнерго - 187 5
Свердловэнерго - 152 -4
Челябэнерго - 141 5
Россети ФСК ЕЭС Итого по ФСК ЕЭС - 311 252
Россети Центр Белгородэнерго -85 14
Брянскэнерго -50 -8
Воронежэнерго -98 -2
Костромаэнерго -42 3
Курскэнерго -32 8
Липецкэнерго -79 20
Орелэнерго -40 5
Смоленскэнерго -52 -7
Тамбовэнерго -25 -5
Тверьэнерго - 133 0
Ярэнерго -60 -7
Россети Центр и Приволжье (ГК) Владимирэнерго - 134 -19
Ивэнерго -16 -6
Калугаэнерго -73 20
Кировэнерго -51 3
Мариэнерго -10 9
Нижновэнерго - 171 -4
Рязаньэнерго -93 1
Тулэнерго -82 7
Удмуртэнерго -55 60
Россети Юг (ГК) АО «ВМЭС» 0 4
Астраханьэнерго 1 -6
Волгоградэнерго - 140 -12
Калмэнерго -8 2
Ростовэнерго -47 16
Россети Янтарь Россети Янтарь -31 12'

17-03-2025T05:03:25 - [MESSAGE][PASSED] - Text of object 'Object Repository/Факторный анализ/График Всего отклонения по факторам Блок руководителя' is: 'ДЗО
Филиал
Отклонение (объём услуг)
Отклонение (средний тариф)
АО "РЭС" АО "РЭС" -76 3
АО «Тываэнерго» АО "Тываэнерго" 19 4
АО «Чеченэнерго» АО «Чеченэнерго» -35 -48
Россети Волга Мордовэнерго - 150 -6
Оренбургэнерго -62 -9
Пензаэнерго -35 -1
Самарские РС -78 142
Саратовские РС -77 -49
Ульяновские РС 14 6
Чувашэнерго -4 12
Россети Кубань Кубаньэнерго - 341 287
Россети Ленэнерго (ГК) Ленинградская область - 311 187
г. Санкт-Петербург - 291 12
Россети Московский регион Московская область - 780 53
г. Москва - 195 -5
Россети Северный Кавказ (ГК) Дагэнерго - 238 -48
Ингушэнерго -60 14
Каббалкэнерго 20 -4
Карачаево-Черкесскэнерго -10 - 109
Севкавказэнерго - 121 -10
Ставропольэнерго -68 28
Россети Северо-Запад Архангельский филиал -52 21
Вологодский филиал -40 10
Карельский филиал -50 -15
Мурманский филиал 20 -17
Новгородский филиал -49 0
Псковский филиал -48 13
филиал в Республике Коми -53 9
Россети Сибирь (ГК) Алтайэнерго 39 16
Бурятэнерго 10 -7
ГАЭС 9 2
Красноярскэнерго 117 -4
Кузбассэнерго-РЭС 37 147
Омскэнерго -2 -21
Хакасэнерго -10 -12
Читаэнерго -1 25
Россети Томск Томская распределительная компания -62 5
Россети Тюмень Россети Тюмень - 986 - 117
Россети Урал (ГК) Пермэнерго - 187 5
Свердловэнерго - 152 -4
Челябэнерго - 141 5
Россети ФСК ЕЭС Итого по ФСК ЕЭС - 311 252
Россети Центр Белгородэнерго -85 14
Брянскэнерго -50 -8
Воронежэнерго -98 -2
Костромаэнерго -42 3
Курскэнерго -32 8
Липецкэнерго -79 20
Орелэнерго -40 5
Смоленскэнерго -52 -7
Тамбовэнерго -25 -5
Тверьэнерго - 133 0
Ярэнерго -60 -7
Россети Центр и Приволжье (ГК) Владимирэнерго - 134 -19
Ивэнерго -16 -6
Калугаэнерго -73 20
Кировэнерго -51 3
Мариэнерго -10 9
Нижновэнерго - 171 -4
Рязаньэнерго -93 1
Тулэнерго -82 7
Удмуртэнерго -55 60
Россети Юг (ГК) АО «ВМЭС» 0 4
Астраханьэнерго 1 -6
Волгоградэнерго - 140 -12
Калмэнерго -8 2
Ростовэнерго -47 16
Россети Янтарь Россети Янтарь -31 12'

17-03-2025T05:03:25 - [TEST_STEP][PASSED] - n = n + 25: null

17-03-2025T05:03:25 - [TEST_STEP][PASSED] - b = n - run + 1: null

17-03-2025T05:03:25 - [TEST_STEP][PASSED] - verifyEqual(findTestData("PlanFact").getValue(2, b), a1): Actual object '' and expected object '' are equal

17-03-2025T05:03:25 - [MESSAGE][PASSED] - Actual object '' and expected object '' are equal

17-03-2025T05:03:25 - [TEST_STEP][PASSED] - verifyEqual(findTestData("PlanFact").getValue(3, b), a2): Actual object '' and expected object '' are equal

17-03-2025T05:03:25 - [MESSAGE][PASSED] - Actual object '' and expected object '' are equal

17-03-2025T05:03:25 - [TEST_STEP][PASSED] - verifyEqual(findTestData("PlanFact").getValue(4, b), a3): Actual object 'ДЗО
Филиал
Отклонение (объём услуг)
Отклонение (средний тариф)
АО "РЭС" АО "РЭС" -76 3
АО «Тываэнерго» АО "Тываэнерго" 19 4
АО «Чеченэнерго» АО «Чеченэнерго» -35 -48
Россети Волга Мордовэнерго - 150 -6
Оренбургэнерго -62 -9
Пензаэнерго -35 -1
Самарские РС -78 142
Саратовские РС -77 -49
Ульяновские РС 14 6
Чувашэнерго -4 12
Россети Кубань Кубаньэнерго - 341 287
Россети Ленэнерго (ГК) Ленинградская область - 311 187
г. Санкт-Петербург - 291 12
Россети Московский регион Московская область - 780 53
г. Москва - 195 -5
Россети Северный Кавказ (ГК) Дагэнерго - 238 -48
Ингушэнерго -60 14
Каббалкэнерго 20 -4
Карачаево-Черкесскэнерго -10 - 109
Севкавказэнерго - 121 -10
Ставропольэнерго -68 28
Россети Северо-Запад Архангельский филиал -52 21
Вологодский филиал -40 10
Карельский филиал -50 -15
Мурманский филиал 20 -17
Новгородский филиал -49 0
Псковский филиал -48 13
филиал в Республике Коми -53 9
Россети Сибирь (ГК) Алтайэнерго 39 16
Бурятэнерго 10 -7
ГАЭС 9 2
Красноярскэнерго 117 -4
Кузбассэнерго-РЭС 37 147
Омскэнерго -2 -21
Хакасэнерго -10 -12
Читаэнерго -1 25
Россети Томск Томская распределительная компания -62 5
Россети Тюмень Россети Тюмень - 986 - 117
Россети Урал (ГК) Пермэнерго - 187 5
Свердловэнерго - 152 -4
Челябэнерго - 141 5
Россети ФСК ЕЭС Итого по ФСК ЕЭС - 311 252
Россети Центр Белгородэнерго -85 14
Брянскэнерго -50 -8
Воронежэнерго -98 -2
Костромаэнерго -42 3
Курскэнерго -32 8
Липецкэнерго -79 20
Орелэнерго -40 5
Смоленскэнерго -52 -7
Тамбовэнерго -25 -5
Тверьэнерго - 133 0
Ярэнерго -60 -7
Россети Центр и Приволжье (ГК) Владимирэнерго - 134 -19
Ивэнерго -16 -6
Калугаэнерго -73 20
Кировэнерго -51 3
Мариэнерго -10 9
Нижновэнерго - 171 -4
Рязаньэнерго -93 1
Тулэнерго -82 7
Удмуртэнерго -55 60
Россети Юг (ГК) АО «ВМЭС» 0 4
Астраханьэнерго 1 -6
Волгоградэнерго - 140 -12
Калмэнерго -8 2
Ростовэнерго -47 16
Россети Янтарь Россети Янтарь -31 12' and expected object 'ДЗО
Филиал
Отклонение (объём услуг)
Отклонение (средний тариф)
АО "РЭС" АО "РЭС" -76 3
АО «Тываэнерго» АО "Тываэнерго" 19 4
АО «Чеченэнерго» АО «Чеченэнерго» -35 -48
Россети Волга Мордовэнерго - 150 -6
Оренбургэнерго -62 -9
Пензаэнерго -35 -1
Самарские РС -78 142
Саратовские РС -77 -49
Ульяновские РС 14 6
Чувашэнерго -4 12
Россети Кубань Кубаньэнерго - 341 287
Россети Ленэнерго (ГК) Ленинградская область - 311 187
г. Санкт-Петербург - 291 12
Россети Московский регион Московская область - 780 53
г. Москва - 195 -5
Россети Северный Кавказ (ГК) Дагэнерго - 238 -48
Ингушэнерго -60 14
Каббалкэнерго 20 -4
Карачаево-Черкесскэнерго -10 - 109
Севкавказэнерго - 121 -10
Ставропольэнерго -68 28
Россети Северо-Запад Архангельский филиал -52 21
Вологодский филиал -40 10
Карельский филиал -50 -15
Мурманский филиал 20 -17
Новгородский филиал -49 0
Псковский филиал -48 13
филиал в Республике Коми -53 9
Россети Сибирь (ГК) Алтайэнерго 39 16
Бурятэнерго 10 -7
ГАЭС 9 2
Красноярскэнерго 117 -4
Кузбассэнерго-РЭС 37 147
Омскэнерго -2 -21
Хакасэнерго -10 -12
Читаэнерго -1 25
Россети Томск Томская распределительная компания -62 5
Россети Тюмень Россети Тюмень - 986 - 117
Россети Урал (ГК) Пермэнерго - 187 5
Свердловэнерго - 152 -4
Челябэнерго - 141 5
Россети ФСК ЕЭС Итого по ФСК ЕЭС - 311 252
Россети Центр Белгородэнерго -85 14
Брянскэнерго -50 -8
Воронежэнерго -98 -2
Костромаэнерго -42 3
Курскэнерго -32 8
Липецкэнерго -79 20
Орелэнерго -40 5
Смоленскэнерго -52 -7
Тамбовэнерго -25 -5
Тверьэнерго - 133 0
Ярэнерго -60 -7
Россети Центр и Приволжье (ГК) Владимирэнерго - 134 -19
Ивэнерго -16 -6
Калугаэнерго -73 20
Кировэнерго -51 3
Мариэнерго -10 9
Нижновэнерго - 171 -4
Рязаньэнерго -93 1
Тулэнерго -82 7
Удмуртэнерго -55 60
Россети Юг (ГК) АО «ВМЭС» 0 4
Астраханьэнерго 1 -6
Волгоградэнерго - 140 -12
Калмэнерго -8 2
Ростовэнерго -47 16
Россети Янтарь Россети Янтарь -31 12' are equal

17-03-2025T05:03:25 - [MESSAGE][PASSED] - Actual object 'ДЗО
Филиал
Отклонение (объём услуг)
Отклонение (средний тариф)
АО "РЭС" АО "РЭС" -76 3
АО «Тываэнерго» АО "Тываэнерго" 19 4
АО «Чеченэнерго» АО «Чеченэнерго» -35 -48
Россети Волга Мордовэнерго - 150 -6
Оренбургэнерго -62 -9
Пензаэнерго -35 -1
Самарские РС -78 142
Саратовские РС -77 -49
Ульяновские РС 14 6
Чувашэнерго -4 12
Россети Кубань Кубаньэнерго - 341 287
Россети Ленэнерго (ГК) Ленинградская область - 311 187
г. Санкт-Петербург - 291 12
Россети Московский регион Московская область - 780 53
г. Москва - 195 -5
Россети Северный Кавказ (ГК) Дагэнерго - 238 -48
Ингушэнерго -60 14
Каббалкэнерго 20 -4
Карачаево-Черкесскэнерго -10 - 109
Севкавказэнерго - 121 -10
Ставропольэнерго -68 28
Россети Северо-Запад Архангельский филиал -52 21
Вологодский филиал -40 10
Карельский филиал -50 -15
Мурманский филиал 20 -17
Новгородский филиал -49 0
Псковский филиал -48 13
филиал в Республике Коми -53 9
Россети Сибирь (ГК) Алтайэнерго 39 16
Бурятэнерго 10 -7
ГАЭС 9 2
Красноярскэнерго 117 -4
Кузбассэнерго-РЭС 37 147
Омскэнерго -2 -21
Хакасэнерго -10 -12
Читаэнерго -1 25
Россети Томск Томская распределительная компания -62 5
Россети Тюмень Россети Тюмень - 986 - 117
Россети Урал (ГК) Пермэнерго - 187 5
Свердловэнерго - 152 -4
Челябэнерго - 141 5
Россети ФСК ЕЭС Итого по ФСК ЕЭС - 311 252
Россети Центр Белгородэнерго -85 14
Брянскэнерго -50 -8
Воронежэнерго -98 -2
Костромаэнерго -42 3
Курскэнерго -32 8
Липецкэнерго -79 20
Орелэнерго -40 5
Смоленскэнерго -52 -7
Тамбовэнерго -25 -5
Тверьэнерго - 133 0
Ярэнерго -60 -7
Россети Центр и Приволжье (ГК) Владимирэнерго - 134 -19
Ивэнерго -16 -6
Калугаэнерго -73 20
Кировэнерго -51 3
Мариэнерго -10 9
Нижновэнерго - 171 -4
Рязаньэнерго -93 1
Тулэнерго -82 7
Удмуртэнерго -55 60
Россети Юг (ГК) АО «ВМЭС» 0 4
Астраханьэнерго 1 -6
Волгоградэнерго - 140 -12
Калмэнерго -8 2
Ростовэнерго -47 16
Россети Янтарь Россети Янтарь -31 12' and expected object 'ДЗО
Филиал
Отклонение (объём услуг)
Отклонение (средний тариф)
АО "РЭС" АО "РЭС" -76 3
АО «Тываэнерго» АО "Тываэнерго" 19 4
АО «Чеченэнерго» АО «Чеченэнерго» -35 -48
Россети Волга Мордовэнерго - 150 -6
Оренбургэнерго -62 -9
Пензаэнерго -35 -1
Самарские РС -78 142
Саратовские РС -77 -49
Ульяновские РС 14 6
Чувашэнерго -4 12
Россети Кубань Кубаньэнерго - 341 287
Россети Ленэнерго (ГК) Ленинградская область - 311 187
г. Санкт-Петербург - 291 12
Россети Московский регион Московская область - 780 53
г. Москва - 195 -5
Россети Северный Кавказ (ГК) Дагэнерго - 238 -48
Ингушэнерго -60 14
Каббалкэнерго 20 -4
Карачаево-Черкесскэнерго -10 - 109
Севкавказэнерго - 121 -10
Ставропольэнерго -68 28
Россети Северо-Запад Архангельский филиал -52 21
Вологодский филиал -40 10
Карельский филиал -50 -15
Мурманский филиал 20 -17
Новгородский филиал -49 0
Псковский филиал -48 13
филиал в Республике Коми -53 9
Россети Сибирь (ГК) Алтайэнерго 39 16
Бурятэнерго 10 -7
ГАЭС 9 2
Красноярскэнерго 117 -4
Кузбассэнерго-РЭС 37 147
Омскэнерго -2 -21
Хакасэнерго -10 -12
Читаэнерго -1 25
Россети Томск Томская распределительная компания -62 5
Россети Тюмень Россети Тюмень - 986 - 117
Россети Урал (ГК) Пермэнерго - 187 5
Свердловэнерго - 152 -4
Челябэнерго - 141 5
Россети ФСК ЕЭС Итого по ФСК ЕЭС - 311 252
Россети Центр Белгородэнерго -85 14
Брянскэнерго -50 -8
Воронежэнерго -98 -2
Костромаэнерго -42 3
Курскэнерго -32 8
Липецкэнерго -79 20
Орелэнерго -40 5
Смоленскэнерго -52 -7
Тамбовэнерго -25 -5
Тверьэнерго - 133 0
Ярэнерго -60 -7
Россети Центр и Приволжье (ГК) Владимирэнерго - 134 -19
Ивэнерго -16 -6
Калугаэнерго -73 20
Кировэнерго -51 3
Мариэнерго -10 9
Нижновэнерго - 171 -4
Рязаньэнерго -93 1
Тулэнерго -82 7
Удмуртэнерго -55 60
Россети Юг (ГК) АО «ВМЭС» 0 4
Астраханьэнерго 1 -6
Волгоградэнерго - 140 -12
Калмэнерго -8 2
Ростовэнерго -47 16
Россети Янтарь Россети Янтарь -31 12' are equal

17-03-2025T05:03:25 - [TEST_STEP][PASSED] - verifyEqual(findTestData("PlanFact").getValue(5, b), a4): Actual object 'ДЗО
Филиал
Отклонение (объём услуг)
Отклонение (средний тариф)
АО "РЭС" АО "РЭС" -76 3
АО «Тываэнерго» АО "Тываэнерго" 19 4
АО «Чеченэнерго» АО «Чеченэнерго» -35 -48
Россети Волга Мордовэнерго - 150 -6
Оренбургэнерго -62 -9
Пензаэнерго -35 -1
Самарские РС -78 142
Саратовские РС -77 -49
Ульяновские РС 14 6
Чувашэнерго -4 12
Россети Кубань Кубаньэнерго - 341 287
Россети Ленэнерго (ГК) Ленинградская область - 311 187
г. Санкт-Петербург - 291 12
Россети Московский регион Московская область - 780 53
г. Москва - 195 -5
Россети Северный Кавказ (ГК) Дагэнерго - 238 -48
Ингушэнерго -60 14
Каббалкэнерго 20 -4
Карачаево-Черкесскэнерго -10 - 109
Севкавказэнерго - 121 -10
Ставропольэнерго -68 28
Россети Северо-Запад Архангельский филиал -52 21
Вологодский филиал -40 10
Карельский филиал -50 -15
Мурманский филиал 20 -17
Новгородский филиал -49 0
Псковский филиал -48 13
филиал в Республике Коми -53 9
Россети Сибирь (ГК) Алтайэнерго 39 16
Бурятэнерго 10 -7
ГАЭС 9 2
Красноярскэнерго 117 -4
Кузбассэнерго-РЭС 37 147
Омскэнерго -2 -21
Хакасэнерго -10 -12
Читаэнерго -1 25
Россети Томск Томская распределительная компания -62 5
Россети Тюмень Россети Тюмень - 986 - 117
Россети Урал (ГК) Пермэнерго - 187 5
Свердловэнерго - 152 -4
Челябэнерго - 141 5
Россети ФСК ЕЭС Итого по ФСК ЕЭС - 311 252
Россети Центр Белгородэнерго -85 14
Брянскэнерго -50 -8
Воронежэнерго -98 -2
Костромаэнерго -42 3
Курскэнерго -32 8
Липецкэнерго -79 20
Орелэнерго -40 5
Смоленскэнерго -52 -7
Тамбовэнерго -25 -5
Тверьэнерго - 133 0
Ярэнерго -60 -7
Россети Центр и Приволжье (ГК) Владимирэнерго - 134 -19
Ивэнерго -16 -6
Калугаэнерго -73 20
Кировэнерго -51 3
Мариэнерго -10 9
Нижновэнерго - 171 -4
Рязаньэнерго -93 1
Тулэнерго -82 7
Удмуртэнерго -55 60
Россети Юг (ГК) АО «ВМЭС» 0 4
Астраханьэнерго 1 -6
Волгоградэнерго - 140 -12
Калмэнерго -8 2
Ростовэнерго -47 16
Россети Янтарь Россети Янтарь -31 12' and expected object 'ДЗО
Филиал
Отклонение (объём услуг)
Отклонение (средний тариф)
АО "РЭС" АО "РЭС" -76 3
АО «Тываэнерго» АО "Тываэнерго" 19 4
АО «Чеченэнерго» АО «Чеченэнерго» -35 -48
Россети Волга Мордовэнерго - 150 -6
Оренбургэнерго -62 -9
Пензаэнерго -35 -1
Самарские РС -78 142
Саратовские РС -77 -49
Ульяновские РС 14 6
Чувашэнерго -4 12
Россети Кубань Кубаньэнерго - 341 287
Россети Ленэнерго (ГК) Ленинградская область - 311 187
г. Санкт-Петербург - 291 12
Россети Московский регион Московская область - 780 53
г. Москва - 195 -5
Россети Северный Кавказ (ГК) Дагэнерго - 238 -48
Ингушэнерго -60 14
Каббалкэнерго 20 -4
Карачаево-Черкесскэнерго -10 - 109
Севкавказэнерго - 121 -10
Ставропольэнерго -68 28
Россети Северо-Запад Архангельский филиал -52 21
Вологодский филиал -40 10
Карельский филиал -50 -15
Мурманский филиал 20 -17
Новгородский филиал -49 0
Псковский филиал -48 13
филиал в Республике Коми -53 9
Россети Сибирь (ГК) Алтайэнерго 39 16
Бурятэнерго 10 -7
ГАЭС 9 2
Красноярскэнерго 117 -4
Кузбассэнерго-РЭС 37 147
Омскэнерго -2 -21
Хакасэнерго -10 -12
Читаэнерго -1 25
Россети Томск Томская распределительная компания -62 5
Россети Тюмень Россети Тюмень - 986 - 117
Россети Урал (ГК) Пермэнерго - 187 5
Свердловэнерго - 152 -4
Челябэнерго - 141 5
Россети ФСК ЕЭС Итого по ФСК ЕЭС - 311 252
Россети Центр Белгородэнерго -85 14
Брянскэнерго -50 -8
Воронежэнерго -98 -2
Костромаэнерго -42 3
Курскэнерго -32 8
Липецкэнерго -79 20
Орелэнерго -40 5
Смоленскэнерго -52 -7
Тамбовэнерго -25 -5
Тверьэнерго - 133 0
Ярэнерго -60 -7
Россети Центр и Приволжье (ГК) Владимирэнерго - 134 -19
Ивэнерго -16 -6
Калугаэнерго -73 20
Кировэнерго -51 3
Мариэнерго -10 9
Нижновэнерго - 171 -4
Рязаньэнерго -93 1
Тулэнерго -82 7
Удмуртэнерго -55 60
Россети Юг (ГК) АО «ВМЭС» 0 4
Астраханьэнерго 1 -6
Волгоградэнерго - 140 -12
Калмэнерго -8 2
Ростовэнерго -47 16
Россети Янтарь Россети Янтарь -31 12' are equal

17-03-2025T05:03:25 - [MESSAGE][PASSED] - Actual object 'ДЗО
Филиал
Отклонение (объём услуг)
Отклонение (средний тариф)
АО "РЭС" АО "РЭС" -76 3
АО «Тываэнерго» АО "Тываэнерго" 19 4
АО «Чеченэнерго» АО «Чеченэнерго» -35 -48
Россети Волга Мордовэнерго - 150 -6
Оренбургэнерго -62 -9
Пензаэнерго -35 -1
Самарские РС -78 142
Саратовские РС -77 -49
Ульяновские РС 14 6
Чувашэнерго -4 12
Россети Кубань Кубаньэнерго - 341 287
Россети Ленэнерго (ГК) Ленинградская область - 311 187
г. Санкт-Петербург - 291 12
Россети Московский регион Московская область - 780 53
г. Москва - 195 -5
Россети Северный Кавказ (ГК) Дагэнерго - 238 -48
Ингушэнерго -60 14
Каббалкэнерго 20 -4
Карачаево-Черкесскэнерго -10 - 109
Севкавказэнерго - 121 -10
Ставропольэнерго -68 28
Россети Северо-Запад Архангельский филиал -52 21
Вологодский филиал -40 10
Карельский филиал -50 -15
Мурманский филиал 20 -17
Новгородский филиал -49 0
Псковский филиал -48 13
филиал в Республике Коми -53 9
Россети Сибирь (ГК) Алтайэнерго 39 16
Бурятэнерго 10 -7
ГАЭС 9 2
Красноярскэнерго 117 -4
Кузбассэнерго-РЭС 37 147
Омскэнерго -2 -21
Хакасэнерго -10 -12
Читаэнерго -1 25
Россети Томск Томская распределительная компания -62 5
Россети Тюмень Россети Тюмень - 986 - 117
Россети Урал (ГК) Пермэнерго - 187 5
Свердловэнерго - 152 -4
Челябэнерго - 141 5
Россети ФСК ЕЭС Итого по ФСК ЕЭС - 311 252
Россети Центр Белгородэнерго -85 14
Брянскэнерго -50 -8
Воронежэнерго -98 -2
Костромаэнерго -42 3
Курскэнерго -32 8
Липецкэнерго -79 20
Орелэнерго -40 5
Смоленскэнерго -52 -7
Тамбовэнерго -25 -5
Тверьэнерго - 133 0
Ярэнерго -60 -7
Россети Центр и Приволжье (ГК) Владимирэнерго - 134 -19
Ивэнерго -16 -6
Калугаэнерго -73 20
Кировэнерго -51 3
Мариэнерго -10 9
Нижновэнерго - 171 -4
Рязаньэнерго -93 1
Тулэнерго -82 7
Удмуртэнерго -55 60
Россети Юг (ГК) АО «ВМЭС» 0 4
Астраханьэнерго 1 -6
Волгоградэнерго - 140 -12
Калмэнерго -8 2
Ростовэнерго -47 16
Россети Янтарь Россети Янтарь -31 12' and expected object 'ДЗО
Филиал
Отклонение (объём услуг)
Отклонение (средний тариф)
АО "РЭС" АО "РЭС" -76 3
АО «Тываэнерго» АО "Тываэнерго" 19 4
АО «Чеченэнерго» АО «Чеченэнерго» -35 -48
Россети Волга Мордовэнерго - 150 -6
Оренбургэнерго -62 -9
Пензаэнерго -35 -1
Самарские РС -78 142
Саратовские РС -77 -49
Ульяновские РС 14 6
Чувашэнерго -4 12
Россети Кубань Кубаньэнерго - 341 287
Россети Ленэнерго (ГК) Ленинградская область - 311 187
г. Санкт-Петербург - 291 12
Россети Московский регион Московская область - 780 53
г. Москва - 195 -5
Россети Северный Кавказ (ГК) Дагэнерго - 238 -48
Ингушэнерго -60 14
Каббалкэнерго 20 -4
Карачаево-Черкесскэнерго -10 - 109
Севкавказэнерго - 121 -10
Ставропольэнерго -68 28
Россети Северо-Запад Архангельский филиал -52 21
Вологодский филиал -40 10
Карельский филиал -50 -15
Мурманский филиал 20 -17
Новгородский филиал -49 0
Псковский филиал -48 13
филиал в Республике Коми -53 9
Россети Сибирь (ГК) Алтайэнерго 39 16
Бурятэнерго 10 -7
ГАЭС 9 2
Красноярскэнерго 117 -4
Кузбассэнерго-РЭС 37 147
Омскэнерго -2 -21
Хакасэнерго -10 -12
Читаэнерго -1 25
Россети Томск Томская распределительная компания -62 5
Россети Тюмень Россети Тюмень - 986 - 117
Россети Урал (ГК) Пермэнерго - 187 5
Свердловэнерго - 152 -4
Челябэнерго - 141 5
Россети ФСК ЕЭС Итого по ФСК ЕЭС - 311 252
Россети Центр Белгородэнерго -85 14
Брянскэнерго -50 -8
Воронежэнерго -98 -2
Костромаэнерго -42 3
Курскэнерго -32 8
Липецкэнерго -79 20
Орелэнерго -40 5
Смоленскэнерго -52 -7
Тамбовэнерго -25 -5
Тверьэнерго - 133 0
Ярэнерго -60 -7
Россети Центр и Приволжье (ГК) Владимирэнерго - 134 -19
Ивэнерго -16 -6
Калугаэнерго -73 20
Кировэнерго -51 3
Мариэнерго -10 9
Нижновэнерго - 171 -4
Рязаньэнерго -93 1
Тулэнерго -82 7
Удмуртэнерго -55 60
Россети Юг (ГК) АО «ВМЭС» 0 4
Астраханьэнерго 1 -6
Волгоградэнерго - 140 -12
Калмэнерго -8 2
Ростовэнерго -47 16
Россети Янтарь Россети Янтарь -31 12' are equal

17-03-2025T05:03:25 - [TEST_STEP][PASSED] - Script1686231490255.WriteToExcel(user, dashboardName, n, data, run, a1, a2, a3, a4, a5, a6, a7, a8, a9): null

17-03-2025T05:03:25 - [TEST_STEP][PASSED] - sheetName = "Sheet1": null

17-03-2025T05:03:25 - [TEST_STEP][PASSED] - workbook01 = getWorkbook(excelFilePath): null

17-03-2025T05:03:26 - [TEST_STEP][PASSED] - sheet01 = getExcelSheet(workbook01, sheetName): null

17-03-2025T05:03:26 - [TEST_STEP][PASSED] - setValueToCellByIndex(sheet01, n, 0, dashboardName): null

17-03-2025T05:03:26 - [TEST_STEP][PASSED] - setValueToCellByIndex(sheet01, n, 10, user): null

17-03-2025T05:03:26 - [TEST_STEP][PASSED] - setValueToCellByIndex(sheet01, n, 1, a1): null

17-03-2025T05:03:26 - [TEST_STEP][PASSED] - setValueToCellByIndex(sheet01, n, 2, a2): null

17-03-2025T05:03:26 - [TEST_STEP][PASSED] - setValueToCellByIndex(sheet01, n, 3, a3): null

17-03-2025T05:03:26 - [TEST_STEP][PASSED] - setValueToCellByIndex(sheet01, n, 4, a4): null

17-03-2025T05:03:26 - [TEST_STEP][PASSED] - setValueToCellByIndex(sheet01, n, 5, a5): null

17-03-2025T05:03:26 - [TEST_STEP][PASSED] - setValueToCellByIndex(sheet01, n, 6, a6): null

17-03-2025T05:03:26 - [TEST_STEP][PASSED] - setValueToCellByIndex(sheet01, n, 7, a7): null

17-03-2025T05:03:26 - [TEST_STEP][PASSED] - setValueToCellByIndex(sheet01, n, 8, a8): null

17-03-2025T05:03:26 - [TEST_STEP][PASSED] - setValueToCellByIndex(sheet01, n, 9, a9): null

17-03-2025T05:03:26 - [TEST_STEP][PASSED] - n = n + 1: null

17-03-2025T05:03:26 - [TEST_STEP][PASSED] - saveWorkbook(excelFilePath, workbook01): null

17-03-2025T05:03:26 - [TEST_STEP][PASSED] - if (run == 3): null

17-03-2025T05:03:26 - [TEST_STEP][PASSED] - closeBrowser(): null

17-03-2025T05:03:26 - [MESSAGE][PASSED] - Browser is closed

17-03-2025T05:03:26 - [TEST_STEP][PASSED] - FaktorniyAnaliz(user, dashboardName, n, data, run, a1, a2, a3, a4, a5, a6, a7, a8, a9, urlData): null

17-03-2025T05:03:26 - [TEST_STEP][PASSED] - n = data.getRowNumbers() + 1: null

17-03-2025T05:03:26 - [TEST_STEP][PASSED] - println(n): null

17-03-2025T05:03:26 - [TEST_STEP][PASSED] - dashboardName = "Факторный анализ": null

17-03-2025T05:03:26 - [TEST_STEP][PASSED] - openBrowser(""): Browser is opened with url: ''

17-03-2025T05:03:26 - [MESSAGE][INFO] - Starting 'Chrome' driver

17-03-2025T05:03:26 - [MESSAGE][INFO] - Action delay is set to 0 milliseconds

17-03-2025T05:03:27 - [MESSAGE][PASSED] - Browser is opened with url: ''

17-03-2025T05:03:27 - [TEST_STEP][PASSED] - urlData = 3: null

17-03-2025T05:03:27 - [TEST_STEP][PASSED] - Script1686231490255.CheckPageDownload(urlData, run): null

17-03-2025T05:03:27 - [TEST_STEP][PASSED] - i = 1: null

17-03-2025T05:03:27 - [TEST_STEP][PASSED] - ii = 0: null

17-03-2025T05:03:27 - [TEST_STEP][PASSED] - urlText = <not implemented yet for class: org.codehaus.groovy.ast.expr.EmptyExpression>: null

17-03-2025T05:03:27 - [TEST_STEP][PASSED] - searchWord = <not implemented yet for class: org.codehaus.groovy.ast.expr.EmptyExpression>: null

17-03-2025T05:03:27 - [TEST_STEP][PASSED] - deleteAllCookies(): Delete all cookies successfully

17-03-2025T05:03:27 - [MESSAGE][PASSED] - Delete all cookies successfully

17-03-2025T05:03:27 - [TEST_STEP][PASSED] - refresh(): Refresh successfully

17-03-2025T05:03:27 - [MESSAGE][PASSED] - Refresh successfully

17-03-2025T05:03:27 - [TEST_STEP][PASSED] - delay(70): Delayed 70 second(s)

17-03-2025T05:04:37 - [MESSAGE][PASSED] - Delayed 70 second(s)

17-03-2025T05:04:37 - [TEST_STEP][PASSED] - navigateToUrl(findTestData("PlanFact").getValue(10, urlData)): Navigate to 'https://bi.rosseti.digital/viewer?dashboardGuid=2301950b23be4ed89c1df75f2020051e&sheetGuid=ccd7d7486b3d4e6fa0ee9b1eaebed46c&fit=true' successfully

17-03-2025T05:04:40 - [MESSAGE][PASSED] - Navigate to 'https://bi.rosseti.digital/viewer?dashboardGuid=2301950b23be4ed89c1df75f2020051e&sheetGuid=ccd7d7486b3d4e6fa0ee9b1eaebed46c&fit=true' successfully

17-03-2025T05:04:40 - [TEST_STEP][PASSED] - pageLoaded1 = verifyElementPresent(findTestObject("Страница авторизации/Text"), 30): Object 'Object Repository/Страница авторизации/Text' is present

17-03-2025T05:04:42 - [MESSAGE][PASSED] - Object 'Object Repository/Страница авторизации/Text' is present

17-03-2025T05:04:42 - [TEST_STEP][PASSED] - if (pageLoaded1 == false): null

17-03-2025T05:04:42 - [TEST_STEP][PASSED] - urlText = getText(findTestObject("Страница авторизации/Text")): Text of object 'Object Repository/Страница авторизации/Text' is: 'Вход'

17-03-2025T05:04:43 - [MESSAGE][PASSED] - Text of object 'Object Repository/Страница авторизации/Text' is: 'Вход'

17-03-2025T05:04:43 - [TEST_STEP][PASSED] - delay(70): Delayed 70 second(s)

17-03-2025T05:05:53 - [MESSAGE][PASSED] - Delayed 70 second(s)

17-03-2025T05:05:53 - [TEST_STEP][PASSED] - searchWord = "Вход": null

17-03-2025T05:05:53 - [TEST_STEP][PASSED] - if (urlText.contains(searchWord) == false): null

17-03-2025T05:05:53 - [TEST_STEP][PASSED] - setText(findTestObject("Страница авторизации/input__username"), findTestData("PlanFact").getValue(8, run)): Text 'Petrova-OV' is set on object 'Object Repository/Страница авторизации/input__username'

17-03-2025T05:05:53 - [MESSAGE][PASSED] - Text 'Petrova-OV' is set on object 'Object Repository/Страница авторизации/input__username'

17-03-2025T05:05:53 - [TEST_STEP][PASSED] - setText(findTestObject("Страница авторизации/input__password"), findTestData("PlanFact").getValue(9, run)): Text '4Ex@~R53r&3x&BVe7' is set on object 'Object Repository/Страница авторизации/input__password'

17-03-2025T05:05:54 - [MESSAGE][PASSED] - Text '4Ex@~R53r&3x&BVe7' is set on object 'Object Repository/Страница авторизации/input__password'

17-03-2025T05:05:54 - [TEST_STEP][PASSED] - click(findTestObject("Страница авторизации/button_")): Object: 'Object Repository/Страница авторизации/button_' is clicked on

17-03-2025T05:05:55 - [MESSAGE][PASSED] - Object: 'Object Repository/Страница авторизации/button_' is clicked on

17-03-2025T05:05:55 - [TEST_STEP][PASSED] - delay(70): Delayed 70 second(s)

17-03-2025T05:07:05 - [MESSAGE][PASSED] - Delayed 70 second(s)

17-03-2025T05:07:05 - [TEST_STEP][PASSED] - searchWord = "а": null

17-03-2025T05:07:05 - [TEST_STEP][PASSED] - pageLoaded2 = verifyElementPresent(findTestObject("Страница авторизации/Text"), 50): Object 'Object Repository/Страница авторизации/Text' is present

17-03-2025T05:07:06 - [MESSAGE][PASSED] - Object 'Object Repository/Страница авторизации/Text' is present

17-03-2025T05:07:06 - [TEST_STEP][PASSED] - if (pageLoaded2 == false): null

17-03-2025T05:07:06 - [TEST_STEP][PASSED] - urlText = getText(findTestObject("Страница авторизации/Text")): Text of object 'Object Repository/Страница авторизации/Text' is: 'Период
Январь 2025 года
ДЗО 
ПАО Россети
Подписи данных
Итого отклонения по группе компаний: 22 888 млн.руб.
Филиал
Месяц
Факторный анализ
Всего отклонения по факторам по ПАО Россети за Январь 2025 года
ДЗО
Филиал
Отклонение (объём услуг)
Отклонение (средний тариф)
АО "РЭС" АО "РЭС" -76 3
АО «Тываэнерго» АО "Тываэнерго" 19 4
АО «Чеченэнерго» АО «Чеченэнерго» -35 -48
Россети Волга Мордовэнерго - 150 -6
Оренбургэнерго -62 -9
Пензаэнерго -35 -1
Самарские РС -78 142
Саратовские РС -77 -49
Ульяновские РС 14 6
Чувашэнерго -4 12
Россети Кубань Кубаньэнерго - 341 287
Россети Ленэнерго (ГК) Ленинградская область - 311 187
г. Санкт-Петербург - 291 12
Россети Московский регион Московская область - 780 53
г. Москва - 195 -5
Россети Северный Кавказ (ГК) Дагэнерго - 238 -48
Ингушэнерго -60 14
Каббалкэнерго 20 -4
Карачаево-Черкесскэнерго -10 - 109
Севкавказэнерго - 121 -10
Ставропольэнерго -68 28
Россети Северо-Запад Архангельский филиал -52 21
Вологодский филиал -40 10
Карельский филиал -50 -15
Мурманский филиал 20 -17
Новгородский филиал -49 0
Псковский филиал -48 13
филиал в Республике Коми -53 9
Россети Сибирь (ГК) Алтайэнерго 39 16
Бурятэнерго 10 -7
ГАЭС 9 2
Красноярскэнерго 117 -4
Кузбассэнерго-РЭС 37 147
Омскэнерго -2 -21
Хакасэнерго -10 -12
Читаэнерго -1 25
Россети Томск Томская распределительная компания -62 5
Россети Тюмень Россети Тюмень - 986 - 117
Россети Урал (ГК) Пермэнерго - 187 5
Свердловэнерго - 152 -4
Челябэнерго - 141 5
Россети ФСК ЕЭС Итого по ФСК ЕЭС - 311 252
Россети Центр Белгородэнерго -85 14
Брянскэнерго -50 -8
Воронежэнерго -98 -2
Костромаэнерго -42 3
Курскэнерго -32 8
Липецкэнерго -79 20
Орелэнерго -40 5
Смоленскэнерго -52 -7
Тамбовэнерго -25 -5
Тверьэнерго - 133 0
Ярэнерго -60 -7
Россети Центр и Приволжье (ГК) Владимирэнерго - 134 -19
Ивэнерго -16 -6
Калугаэнерго -73 20
Кировэнерго -51 3
Мариэнерго -10 9
Нижновэнерго - 171 -4
Рязаньэнерго -93 1
Тулэнерго -82 7
Удмуртэнерго -55 60
Россети Юг (ГК) АО «ВМЭС» 0 4
Астраханьэнерго 1 -6
Волгоградэнерго - 140 -12
Калмэнерго -8 2
Ростовэнерго -47 16
Россети Янтарь Россети Янтарь -31 12
Отклонения выручки по факторам по выбранным ДЗО, руб
-134 977-134 977
1 3521 352
Отклонение (объём услуг)
Отклонение (средний тариф)
ПАО Россети'

17-03-2025T05:07:06 - [MESSAGE][PASSED] - Text of object 'Object Repository/Страница авторизации/Text' is: 'Период
Январь 2025 года
ДЗО 
ПАО Россети
Подписи данных
Итого отклонения по группе компаний: 22 888 млн.руб.
Филиал
Месяц
Факторный анализ
Всего отклонения по факторам по ПАО Россети за Январь 2025 года
ДЗО
Филиал
Отклонение (объём услуг)
Отклонение (средний тариф)
АО "РЭС" АО "РЭС" -76 3
АО «Тываэнерго» АО "Тываэнерго" 19 4
АО «Чеченэнерго» АО «Чеченэнерго» -35 -48
Россети Волга Мордовэнерго - 150 -6
Оренбургэнерго -62 -9
Пензаэнерго -35 -1
Самарские РС -78 142
Саратовские РС -77 -49
Ульяновские РС 14 6
Чувашэнерго -4 12
Россети Кубань Кубаньэнерго - 341 287
Россети Ленэнерго (ГК) Ленинградская область - 311 187
г. Санкт-Петербург - 291 12
Россети Московский регион Московская область - 780 53
г. Москва - 195 -5
Россети Северный Кавказ (ГК) Дагэнерго - 238 -48
Ингушэнерго -60 14
Каббалкэнерго 20 -4
Карачаево-Черкесскэнерго -10 - 109
Севкавказэнерго - 121 -10
Ставропольэнерго -68 28
Россети Северо-Запад Архангельский филиал -52 21
Вологодский филиал -40 10
Карельский филиал -50 -15
Мурманский филиал 20 -17
Новгородский филиал -49 0
Псковский филиал -48 13
филиал в Республике Коми -53 9
Россети Сибирь (ГК) Алтайэнерго 39 16
Бурятэнерго 10 -7
ГАЭС 9 2
Красноярскэнерго 117 -4
Кузбассэнерго-РЭС 37 147
Омскэнерго -2 -21
Хакасэнерго -10 -12
Читаэнерго -1 25
Россети Томск Томская распределительная компания -62 5
Россети Тюмень Россети Тюмень - 986 - 117
Россети Урал (ГК) Пермэнерго - 187 5
Свердловэнерго - 152 -4
Челябэнерго - 141 5
Россети ФСК ЕЭС Итого по ФСК ЕЭС - 311 252
Россети Центр Белгородэнерго -85 14
Брянскэнерго -50 -8
Воронежэнерго -98 -2
Костромаэнерго -42 3
Курскэнерго -32 8
Липецкэнерго -79 20
Орелэнерго -40 5
Смоленскэнерго -52 -7
Тамбовэнерго -25 -5
Тверьэнерго - 133 0
Ярэнерго -60 -7
Россети Центр и Приволжье (ГК) Владимирэнерго - 134 -19
Ивэнерго -16 -6
Калугаэнерго -73 20
Кировэнерго -51 3
Мариэнерго -10 9
Нижновэнерго - 171 -4
Рязаньэнерго -93 1
Тулэнерго -82 7
Удмуртэнерго -55 60
Россети Юг (ГК) АО «ВМЭС» 0 4
Астраханьэнерго 1 -6
Волгоградэнерго - 140 -12
Калмэнерго -8 2
Ростовэнерго -47 16
Россети Янтарь Россети Янтарь -31 12
Отклонения выручки по факторам по выбранным ДЗО, руб
-134 977-134 977
1 3521 352
Отклонение (объём услуг)
Отклонение (средний тариф)
ПАО Россети'

17-03-2025T05:07:06 - [TEST_STEP][PASSED] - if (urlText.contains("ошибка") || urlText.contains(searchWord) == false): null

17-03-2025T05:07:06 - [TEST_STEP][PASSED] - click(findTestObject("Факторный анализ/Фильтр Период")): Object: 'Object Repository/Факторный анализ/Фильтр Период' is clicked on

17-03-2025T05:07:07 - [MESSAGE][PASSED] - Object: 'Object Repository/Факторный анализ/Фильтр Период' is clicked on

17-03-2025T05:07:07 - [TEST_STEP][PASSED] - click(findTestObject("Факторный анализ/Снять выделение в фильтре Дата")): Object: 'Object Repository/Факторный анализ/Снять выделение в фильтре Дата' is clicked on

17-03-2025T05:07:07 - [MESSAGE][PASSED] - Object: 'Object Repository/Факторный анализ/Снять выделение в фильтре Дата' is clicked on

17-03-2025T05:07:07 - [TEST_STEP][PASSED] - click(findTestObject("Факторный анализ/Применить в фильтре Дата")): Object: 'Object Repository/Факторный анализ/Применить в фильтре Дата' is clicked on

17-03-2025T05:07:08 - [MESSAGE][PASSED] - Object: 'Object Repository/Факторный анализ/Применить в фильтре Дата' is clicked on

17-03-2025T05:07:08 - [TEST_STEP][PASSED] - click(findTestObject("Факторный анализ/Фильтр Период")): Object: 'Object Repository/Факторный анализ/Фильтр Период' is clicked on

17-03-2025T05:07:10 - [MESSAGE][PASSED] - Object: 'Object Repository/Факторный анализ/Фильтр Период' is clicked on

17-03-2025T05:07:10 - [TEST_STEP][PASSED] - click(findTestObject("Факторный анализ/Снять выделение в фильтре Дата")): Object: 'Object Repository/Факторный анализ/Снять выделение в фильтре Дата' is clicked on

17-03-2025T05:07:11 - [MESSAGE][PASSED] - Object: 'Object Repository/Факторный анализ/Снять выделение в фильтре Дата' is clicked on

17-03-2025T05:07:11 - [TEST_STEP][PASSED] - scrollToElement(findTestObject("Факторный анализ/2025 список"), 30): Scroll to object 'Object Repository/Факторный анализ/2025 список' successfully

17-03-2025T05:07:11 - [MESSAGE][PASSED] - Scroll to object 'Object Repository/Факторный анализ/2025 список' successfully

17-03-2025T05:07:11 - [TEST_STEP][PASSED] - click(findTestObject("Факторный анализ/2025 список")): Object: 'Object Repository/Факторный анализ/2025 список' is clicked on

17-03-2025T05:07:11 - [MESSAGE][PASSED] - Object: 'Object Repository/Факторный анализ/2025 список' is clicked on

17-03-2025T05:07:11 - [TEST_STEP][PASSED] - scrollToElement(findTestObject("Факторный анализ/1 квартал 2025 список"), 30): Scroll to object 'Object Repository/Факторный анализ/1 квартал 2025 список' successfully

17-03-2025T05:07:12 - [MESSAGE][PASSED] - Scroll to object 'Object Repository/Факторный анализ/1 квартал 2025 список' successfully

17-03-2025T05:07:12 - [TEST_STEP][PASSED] - click(findTestObject("Факторный анализ/1 квартал 2025 список"), CONTINUE_ON_FAILURE): Object: 'Object Repository/Факторный анализ/1 квартал 2025 список' is clicked on

17-03-2025T05:07:12 - [MESSAGE][PASSED] - Object: 'Object Repository/Факторный анализ/1 квартал 2025 список' is clicked on

17-03-2025T05:07:12 - [TEST_STEP][PASSED] - scrollToElement(findTestObject("Факторный анализ/Январь 2025"), 30): Scroll to object 'Object Repository/Факторный анализ/Январь 2025' successfully

17-03-2025T05:07:12 - [MESSAGE][PASSED] - Scroll to object 'Object Repository/Факторный анализ/Январь 2025' successfully

17-03-2025T05:07:12 - [TEST_STEP][PASSED] - click(findTestObject("Факторный анализ/Январь 2025"), CONTINUE_ON_FAILURE): Object: 'Object Repository/Факторный анализ/Январь 2025' is clicked on

17-03-2025T05:07:13 - [MESSAGE][PASSED] - Object: 'Object Repository/Факторный анализ/Январь 2025' is clicked on

17-03-2025T05:07:13 - [TEST_STEP][PASSED] - scrollToElement(findTestObject("Факторный анализ/Заголовок дашборда"), 30): Scroll to object 'Object Repository/Факторный анализ/Заголовок дашборда' successfully

17-03-2025T05:07:13 - [MESSAGE][PASSED] - Scroll to object 'Object Repository/Факторный анализ/Заголовок дашборда' successfully

17-03-2025T05:07:13 - [TEST_STEP][PASSED] - click(findTestObject("Факторный анализ/Применить в фильтре Дата")): Object: 'Object Repository/Факторный анализ/Применить в фильтре Дата' is clicked on

17-03-2025T05:07:14 - [MESSAGE][PASSED] - Object: 'Object Repository/Факторный анализ/Применить в фильтре Дата' is clicked on

17-03-2025T05:07:14 - [TEST_STEP][PASSED] - a5 = "": null

17-03-2025T05:07:14 - [TEST_STEP][PASSED] - a6 = "": null

17-03-2025T05:07:14 - [TEST_STEP][PASSED] - a7 = "": null

17-03-2025T05:07:14 - [TEST_STEP][PASSED] - a8 = "": null

17-03-2025T05:07:14 - [TEST_STEP][PASSED] - a9 = "": null

17-03-2025T05:07:14 - [TEST_STEP][PASSED] - if (run == 1): null

17-03-2025T05:07:14 - [TEST_STEP][PASSED] - if (run == 2): null

17-03-2025T05:07:14 - [TEST_STEP][PASSED] - if (run == 3): null

17-03-2025T05:07:14 - [TEST_STEP][PASSED] - user = "Попова": null

17-03-2025T05:07:14 - [TEST_STEP][PASSED] - a1 = getText(findTestObject("Факторный анализ/span1 Блок руководителя")): Text of object 'Object Repository/Факторный анализ/span1 Блок руководителя' is: ''

17-03-2025T05:07:15 - [MESSAGE][PASSED] - Text of object 'Object Repository/Факторный анализ/span1 Блок руководителя' is: ''

17-03-2025T05:07:15 - [TEST_STEP][PASSED] - a2 = getText(findTestObject("Факторный анализ/span2 Блок руководителя")): Text of object 'Object Repository/Факторный анализ/span2 Блок руководителя' is: ''

17-03-2025T05:07:16 - [MESSAGE][PASSED] - Text of object 'Object Repository/Факторный анализ/span2 Блок руководителя' is: ''

17-03-2025T05:07:16 - [TEST_STEP][PASSED] - a3 = getText(findTestObject("Факторный анализ/График Всего отклонения по факторам Блок руководителя")): Text of object 'Object Repository/Факторный анализ/График Всего отклонения по факторам Блок руководителя' is: 'ДЗО
Филиал
Отклонение (объём услуг)
Отклонение (средний тариф)
АО "РЭС" АО "РЭС" -76 3
АО «Тываэнерго» АО "Тываэнерго" 19 4
АО «Чеченэнерго» АО «Чеченэнерго» -35 -48
Россети Волга Мордовэнерго - 150 -6
Оренбургэнерго -62 -9
Пензаэнерго -35 -1
Самарские РС -78 142
Саратовские РС -77 -49
Ульяновские РС 14 6
Чувашэнерго -4 12
Россети Кубань Кубаньэнерго - 341 287
Россети Ленэнерго (ГК) Ленинградская область - 311 187
г. Санкт-Петербург - 291 12
Россети Московский регион Московская область - 780 53
г. Москва - 195 -5
Россети Северный Кавказ (ГК) Дагэнерго - 238 -48
Ингушэнерго -60 14
Каббалкэнерго 20 -4
Карачаево-Черкесскэнерго -10 - 109
Севкавказэнерго - 121 -10
Ставропольэнерго -68 28
Россети Северо-Запад Архангельский филиал -52 21
Вологодский филиал -40 10
Карельский филиал -50 -15
Мурманский филиал 20 -17
Новгородский филиал -49 0
Псковский филиал -48 13
филиал в Республике Коми -53 9
Россети Сибирь (ГК) Алтайэнерго 39 16
Бурятэнерго 10 -7
ГАЭС 9 2
Красноярскэнерго 117 -4
Кузбассэнерго-РЭС 37 147
Омскэнерго -2 -21
Хакасэнерго -10 -12
Читаэнерго -1 25
Россети Томск Томская распределительная компания -62 5
Россети Тюмень Россети Тюмень - 986 - 117
Россети Урал (ГК) Пермэнерго - 187 5
Свердловэнерго - 152 -4
Челябэнерго - 141 5
Россети ФСК ЕЭС Итого по ФСК ЕЭС - 311 252
Россети Центр Белгородэнерго -85 14
Брянскэнерго -50 -8
Воронежэнерго -98 -2
Костромаэнерго -42 3
Курскэнерго -32 8
Липецкэнерго -79 20
Орелэнерго -40 5
Смоленскэнерго -52 -7
Тамбовэнерго -25 -5
Тверьэнерго - 133 0
Ярэнерго -60 -7
Россети Центр и Приволжье (ГК) Владимирэнерго - 134 -19
Ивэнерго -16 -6
Калугаэнерго -73 20
Кировэнерго -51 3
Мариэнерго -10 9
Нижновэнерго - 171 -4
Рязаньэнерго -93 1
Тулэнерго -82 7
Удмуртэнерго -55 60
Россети Юг (ГК) АО «ВМЭС» 0 4
Астраханьэнерго 1 -6
Волгоградэнерго - 140 -12
Калмэнерго -8 2
Ростовэнерго -47 16
Россети Янтарь Россети Янтарь -31 12'

17-03-2025T05:07:16 - [MESSAGE][PASSED] - Text of object 'Object Repository/Факторный анализ/График Всего отклонения по факторам Блок руководителя' is: 'ДЗО
Филиал
Отклонение (объём услуг)
Отклонение (средний тариф)
АО "РЭС" АО "РЭС" -76 3
АО «Тываэнерго» АО "Тываэнерго" 19 4
АО «Чеченэнерго» АО «Чеченэнерго» -35 -48
Россети Волга Мордовэнерго - 150 -6
Оренбургэнерго -62 -9
Пензаэнерго -35 -1
Самарские РС -78 142
Саратовские РС -77 -49
Ульяновские РС 14 6
Чувашэнерго -4 12
Россети Кубань Кубаньэнерго - 341 287
Россети Ленэнерго (ГК) Ленинградская область - 311 187
г. Санкт-Петербург - 291 12
Россети Московский регион Московская область - 780 53
г. Москва - 195 -5
Россети Северный Кавказ (ГК) Дагэнерго - 238 -48
Ингушэнерго -60 14
Каббалкэнерго 20 -4
Карачаево-Черкесскэнерго -10 - 109
Севкавказэнерго - 121 -10
Ставропольэнерго -68 28
Россети Северо-Запад Архангельский филиал -52 21
Вологодский филиал -40 10
Карельский филиал -50 -15
Мурманский филиал 20 -17
Новгородский филиал -49 0
Псковский филиал -48 13
филиал в Республике Коми -53 9
Россети Сибирь (ГК) Алтайэнерго 39 16
Бурятэнерго 10 -7
ГАЭС 9 2
Красноярскэнерго 117 -4
Кузбассэнерго-РЭС 37 147
Омскэнерго -2 -21
Хакасэнерго -10 -12
Читаэнерго -1 25
Россети Томск Томская распределительная компания -62 5
Россети Тюмень Россети Тюмень - 986 - 117
Россети Урал (ГК) Пермэнерго - 187 5
Свердловэнерго - 152 -4
Челябэнерго - 141 5
Россети ФСК ЕЭС Итого по ФСК ЕЭС - 311 252
Россети Центр Белгородэнерго -85 14
Брянскэнерго -50 -8
Воронежэнерго -98 -2
Костромаэнерго -42 3
Курскэнерго -32 8
Липецкэнерго -79 20
Орелэнерго -40 5
Смоленскэнерго -52 -7
Тамбовэнерго -25 -5
Тверьэнерго - 133 0
Ярэнерго -60 -7
Россети Центр и Приволжье (ГК) Владимирэнерго - 134 -19
Ивэнерго -16 -6
Калугаэнерго -73 20
Кировэнерго -51 3
Мариэнерго -10 9
Нижновэнерго - 171 -4
Рязаньэнерго -93 1
Тулэнерго -82 7
Удмуртэнерго -55 60
Россети Юг (ГК) АО «ВМЭС» 0 4
Астраханьэнерго 1 -6
Волгоградэнерго - 140 -12
Калмэнерго -8 2
Ростовэнерго -47 16
Россети Янтарь Россети Янтарь -31 12'

17-03-2025T05:07:16 - [TEST_STEP][PASSED] - click(findTestObject("Факторный анализ/Переключить отображение с филиала на месяц")): Object: 'Object Repository/Факторный анализ/Переключить отображение с филиала на месяц' is clicked on

17-03-2025T05:07:16 - [MESSAGE][PASSED] - Object: 'Object Repository/Факторный анализ/Переключить отображение с филиала на месяц' is clicked on

17-03-2025T05:07:16 - [TEST_STEP][PASSED] - a4 = getText(findTestObject("Факторный анализ/График Всего отклонения по факторам Блок руководителя")): Text of object 'Object Repository/Факторный анализ/График Всего отклонения по факторам Блок руководителя' is: 'ДЗО
Филиал
Отклонение (объём услуг)
Отклонение (средний тариф)
АО "РЭС" АО "РЭС" -76 3
АО «Тываэнерго» АО "Тываэнерго" 19 4
АО «Чеченэнерго» АО «Чеченэнерго» -35 -48
Россети Волга Мордовэнерго - 150 -6
Оренбургэнерго -62 -9
Пензаэнерго -35 -1
Самарские РС -78 142
Саратовские РС -77 -49
Ульяновские РС 14 6
Чувашэнерго -4 12
Россети Кубань Кубаньэнерго - 341 287
Россети Ленэнерго (ГК) Ленинградская область - 311 187
г. Санкт-Петербург - 291 12
Россети Московский регион Московская область - 780 53
г. Москва - 195 -5
Россети Северный Кавказ (ГК) Дагэнерго - 238 -48
Ингушэнерго -60 14
Каббалкэнерго 20 -4
Карачаево-Черкесскэнерго -10 - 109
Севкавказэнерго - 121 -10
Ставропольэнерго -68 28
Россети Северо-Запад Архангельский филиал -52 21
Вологодский филиал -40 10
Карельский филиал -50 -15
Мурманский филиал 20 -17
Новгородский филиал -49 0
Псковский филиал -48 13
филиал в Республике Коми -53 9
Россети Сибирь (ГК) Алтайэнерго 39 16
Бурятэнерго 10 -7
ГАЭС 9 2
Красноярскэнерго 117 -4
Кузбассэнерго-РЭС 37 147
Омскэнерго -2 -21
Хакасэнерго -10 -12
Читаэнерго -1 25
Россети Томск Томская распределительная компания -62 5
Россети Тюмень Россети Тюмень - 986 - 117
Россети Урал (ГК) Пермэнерго - 187 5
Свердловэнерго - 152 -4
Челябэнерго - 141 5
Россети ФСК ЕЭС Итого по ФСК ЕЭС - 311 252
Россети Центр Белгородэнерго -85 14
Брянскэнерго -50 -8
Воронежэнерго -98 -2
Костромаэнерго -42 3
Курскэнерго -32 8
Липецкэнерго -79 20
Орелэнерго -40 5
Смоленскэнерго -52 -7
Тамбовэнерго -25 -5
Тверьэнерго - 133 0
Ярэнерго -60 -7
Россети Центр и Приволжье (ГК) Владимирэнерго - 134 -19
Ивэнерго -16 -6
Калугаэнерго -73 20
Кировэнерго -51 3
Мариэнерго -10 9
Нижновэнерго - 171 -4
Рязаньэнерго -93 1
Тулэнерго -82 7
Удмуртэнерго -55 60
Россети Юг (ГК) АО «ВМЭС» 0 4
Астраханьэнерго 1 -6
Волгоградэнерго - 140 -12
Калмэнерго -8 2
Ростовэнерго -47 16
Россети Янтарь Россети Янтарь -31 12'

17-03-2025T05:07:17 - [MESSAGE][PASSED] - Text of object 'Object Repository/Факторный анализ/График Всего отклонения по факторам Блок руководителя' is: 'ДЗО
Филиал
Отклонение (объём услуг)
Отклонение (средний тариф)
АО "РЭС" АО "РЭС" -76 3
АО «Тываэнерго» АО "Тываэнерго" 19 4
АО «Чеченэнерго» АО «Чеченэнерго» -35 -48
Россети Волга Мордовэнерго - 150 -6
Оренбургэнерго -62 -9
Пензаэнерго -35 -1
Самарские РС -78 142
Саратовские РС -77 -49
Ульяновские РС 14 6
Чувашэнерго -4 12
Россети Кубань Кубаньэнерго - 341 287
Россети Ленэнерго (ГК) Ленинградская область - 311 187
г. Санкт-Петербург - 291 12
Россети Московский регион Московская область - 780 53
г. Москва - 195 -5
Россети Северный Кавказ (ГК) Дагэнерго - 238 -48
Ингушэнерго -60 14
Каббалкэнерго 20 -4
Карачаево-Черкесскэнерго -10 - 109
Севкавказэнерго - 121 -10
Ставропольэнерго -68 28
Россети Северо-Запад Архангельский филиал -52 21
Вологодский филиал -40 10
Карельский филиал -50 -15
Мурманский филиал 20 -17
Новгородский филиал -49 0
Псковский филиал -48 13
филиал в Республике Коми -53 9
Россети Сибирь (ГК) Алтайэнерго 39 16
Бурятэнерго 10 -7
ГАЭС 9 2
Красноярскэнерго 117 -4
Кузбассэнерго-РЭС 37 147
Омскэнерго -2 -21
Хакасэнерго -10 -12
Читаэнерго -1 25
Россети Томск Томская распределительная компания -62 5
Россети Тюмень Россети Тюмень - 986 - 117
Россети Урал (ГК) Пермэнерго - 187 5
Свердловэнерго - 152 -4
Челябэнерго - 141 5
Россети ФСК ЕЭС Итого по ФСК ЕЭС - 311 252
Россети Центр Белгородэнерго -85 14
Брянскэнерго -50 -8
Воронежэнерго -98 -2
Костромаэнерго -42 3
Курскэнерго -32 8
Липецкэнерго -79 20
Орелэнерго -40 5
Смоленскэнерго -52 -7
Тамбовэнерго -25 -5
Тверьэнерго - 133 0
Ярэнерго -60 -7
Россети Центр и Приволжье (ГК) Владимирэнерго - 134 -19
Ивэнерго -16 -6
Калугаэнерго -73 20
Кировэнерго -51 3
Мариэнерго -10 9
Нижновэнерго - 171 -4
Рязаньэнерго -93 1
Тулэнерго -82 7
Удмуртэнерго -55 60
Россети Юг (ГК) АО «ВМЭС» 0 4
Астраханьэнерго 1 -6
Волгоградэнерго - 140 -12
Калмэнерго -8 2
Ростовэнерго -47 16
Россети Янтарь Россети Янтарь -31 12'

17-03-2025T05:07:17 - [TEST_STEP][PASSED] - n = n + 26: null

17-03-2025T05:07:17 - [TEST_STEP][PASSED] - b = n - run + 1: null

17-03-2025T05:07:17 - [TEST_STEP][PASSED] - verifyEqual(findTestData("PlanFact").getValue(2, b), a1): Actual object '' and expected object '' are equal

17-03-2025T05:07:17 - [MESSAGE][PASSED] - Actual object '' and expected object '' are equal

17-03-2025T05:07:17 - [TEST_STEP][PASSED] - verifyEqual(findTestData("PlanFact").getValue(3, b), a2): Actual object '' and expected object '' are equal

17-03-2025T05:07:17 - [MESSAGE][PASSED] - Actual object '' and expected object '' are equal

17-03-2025T05:07:17 - [TEST_STEP][PASSED] - verifyEqual(findTestData("PlanFact").getValue(4, b), a3): Actual object 'ДЗО
Филиал
Отклонение (объём услуг)
Отклонение (средний тариф)
АО "РЭС" АО "РЭС" -76 3
АО «Тываэнерго» АО "Тываэнерго" 19 4
АО «Чеченэнерго» АО «Чеченэнерго» -35 -48
Россети Волга Мордовэнерго - 150 -6
Оренбургэнерго -62 -9
Пензаэнерго -35 -1
Самарские РС -78 142
Саратовские РС -77 -49
Ульяновские РС 14 6
Чувашэнерго -4 12
Россети Кубань Кубаньэнерго - 341 287
Россети Ленэнерго (ГК) Ленинградская область - 311 187
г. Санкт-Петербург - 291 12
Россети Московский регион Московская область - 780 53
г. Москва - 195 -5
Россети Северный Кавказ (ГК) Дагэнерго - 238 -48
Ингушэнерго -60 14
Каббалкэнерго 20 -4
Карачаево-Черкесскэнерго -10 - 109
Севкавказэнерго - 121 -10
Ставропольэнерго -68 28
Россети Северо-Запад Архангельский филиал -52 21
Вологодский филиал -40 10
Карельский филиал -50 -15
Мурманский филиал 20 -17
Новгородский филиал -49 0
Псковский филиал -48 13
филиал в Республике Коми -53 9
Россети Сибирь (ГК) Алтайэнерго 39 16
Бурятэнерго 10 -7
ГАЭС 9 2
Красноярскэнерго 117 -4
Кузбассэнерго-РЭС 37 147
Омскэнерго -2 -21
Хакасэнерго -10 -12
Читаэнерго -1 25
Россети Томск Томская распределительная компания -62 5
Россети Тюмень Россети Тюмень - 986 - 117
Россети Урал (ГК) Пермэнерго - 187 5
Свердловэнерго - 152 -4
Челябэнерго - 141 5
Россети ФСК ЕЭС Итого по ФСК ЕЭС - 311 252
Россети Центр Белгородэнерго -85 14
Брянскэнерго -50 -8
Воронежэнерго -98 -2
Костромаэнерго -42 3
Курскэнерго -32 8
Липецкэнерго -79 20
Орелэнерго -40 5
Смоленскэнерго -52 -7
Тамбовэнерго -25 -5
Тверьэнерго - 133 0
Ярэнерго -60 -7
Россети Центр и Приволжье (ГК) Владимирэнерго - 134 -19
Ивэнерго -16 -6
Калугаэнерго -73 20
Кировэнерго -51 3
Мариэнерго -10 9
Нижновэнерго - 171 -4
Рязаньэнерго -93 1
Тулэнерго -82 7
Удмуртэнерго -55 60
Россети Юг (ГК) АО «ВМЭС» 0 4
Астраханьэнерго 1 -6
Волгоградэнерго - 140 -12
Калмэнерго -8 2
Ростовэнерго -47 16
Россети Янтарь Россети Янтарь -31 12' and expected object 'ДЗО
Филиал
Отклонение (объём услуг)
Отклонение (средний тариф)
АО "РЭС" АО "РЭС" -76 3
АО «Тываэнерго» АО "Тываэнерго" 19 4
АО «Чеченэнерго» АО «Чеченэнерго» -35 -48
Россети Волга Мордовэнерго - 150 -6
Оренбургэнерго -62 -9
Пензаэнерго -35 -1
Самарские РС -78 142
Саратовские РС -77 -49
Ульяновские РС 14 6
Чувашэнерго -4 12
Россети Кубань Кубаньэнерго - 341 287
Россети Ленэнерго (ГК) Ленинградская область - 311 187
г. Санкт-Петербург - 291 12
Россети Московский регион Московская область - 780 53
г. Москва - 195 -5
Россети Северный Кавказ (ГК) Дагэнерго - 238 -48
Ингушэнерго -60 14
Каббалкэнерго 20 -4
Карачаево-Черкесскэнерго -10 - 109
Севкавказэнерго - 121 -10
Ставропольэнерго -68 28
Россети Северо-Запад Архангельский филиал -52 21
Вологодский филиал -40 10
Карельский филиал -50 -15
Мурманский филиал 20 -17
Новгородский филиал -49 0
Псковский филиал -48 13
филиал в Республике Коми -53 9
Россети Сибирь (ГК) Алтайэнерго 39 16
Бурятэнерго 10 -7
ГАЭС 9 2
Красноярскэнерго 117 -4
Кузбассэнерго-РЭС 37 147
Омскэнерго -2 -21
Хакасэнерго -10 -12
Читаэнерго -1 25
Россети Томск Томская распределительная компания -62 5
Россети Тюмень Россети Тюмень - 986 - 117
Россети Урал (ГК) Пермэнерго - 187 5
Свердловэнерго - 152 -4
Челябэнерго - 141 5
Россети ФСК ЕЭС Итого по ФСК ЕЭС - 311 252
Россети Центр Белгородэнерго -85 14
Брянскэнерго -50 -8
Воронежэнерго -98 -2
Костромаэнерго -42 3
Курскэнерго -32 8
Липецкэнерго -79 20
Орелэнерго -40 5
Смоленскэнерго -52 -7
Тамбовэнерго -25 -5
Тверьэнерго - 133 0
Ярэнерго -60 -7
Россети Центр и Приволжье (ГК) Владимирэнерго - 134 -19
Ивэнерго -16 -6
Калугаэнерго -73 20
Кировэнерго -51 3
Мариэнерго -10 9
Нижновэнерго - 171 -4
Рязаньэнерго -93 1
Тулэнерго -82 7
Удмуртэнерго -55 60
Россети Юг (ГК) АО «ВМЭС» 0 4
Астраханьэнерго 1 -6
Волгоградэнерго - 140 -12
Калмэнерго -8 2
Ростовэнерго -47 16
Россети Янтарь Россети Янтарь -31 12' are equal

17-03-2025T05:07:17 - [MESSAGE][PASSED] - Actual object 'ДЗО
Филиал
Отклонение (объём услуг)
Отклонение (средний тариф)
АО "РЭС" АО "РЭС" -76 3
АО «Тываэнерго» АО "Тываэнерго" 19 4
АО «Чеченэнерго» АО «Чеченэнерго» -35 -48
Россети Волга Мордовэнерго - 150 -6
Оренбургэнерго -62 -9
Пензаэнерго -35 -1
Самарские РС -78 142
Саратовские РС -77 -49
Ульяновские РС 14 6
Чувашэнерго -4 12
Россети Кубань Кубаньэнерго - 341 287
Россети Ленэнерго (ГК) Ленинградская область - 311 187
г. Санкт-Петербург - 291 12
Россети Московский регион Московская область - 780 53
г. Москва - 195 -5
Россети Северный Кавказ (ГК) Дагэнерго - 238 -48
Ингушэнерго -60 14
Каббалкэнерго 20 -4
Карачаево-Черкесскэнерго -10 - 109
Севкавказэнерго - 121 -10
Ставропольэнерго -68 28
Россети Северо-Запад Архангельский филиал -52 21
Вологодский филиал -40 10
Карельский филиал -50 -15
Мурманский филиал 20 -17
Новгородский филиал -49 0
Псковский филиал -48 13
филиал в Республике Коми -53 9
Россети Сибирь (ГК) Алтайэнерго 39 16
Бурятэнерго 10 -7
ГАЭС 9 2
Красноярскэнерго 117 -4
Кузбассэнерго-РЭС 37 147
Омскэнерго -2 -21
Хакасэнерго -10 -12
Читаэнерго -1 25
Россети Томск Томская распределительная компания -62 5
Россети Тюмень Россети Тюмень - 986 - 117
Россети Урал (ГК) Пермэнерго - 187 5
Свердловэнерго - 152 -4
Челябэнерго - 141 5
Россети ФСК ЕЭС Итого по ФСК ЕЭС - 311 252
Россети Центр Белгородэнерго -85 14
Брянскэнерго -50 -8
Воронежэнерго -98 -2
Костромаэнерго -42 3
Курскэнерго -32 8
Липецкэнерго -79 20
Орелэнерго -40 5
Смоленскэнерго -52 -7
Тамбовэнерго -25 -5
Тверьэнерго - 133 0
Ярэнерго -60 -7
Россети Центр и Приволжье (ГК) Владимирэнерго - 134 -19
Ивэнерго -16 -6
Калугаэнерго -73 20
Кировэнерго -51 3
Мариэнерго -10 9
Нижновэнерго - 171 -4
Рязаньэнерго -93 1
Тулэнерго -82 7
Удмуртэнерго -55 60
Россети Юг (ГК) АО «ВМЭС» 0 4
Астраханьэнерго 1 -6
Волгоградэнерго - 140 -12
Калмэнерго -8 2
Ростовэнерго -47 16
Россети Янтарь Россети Янтарь -31 12' and expected object 'ДЗО
Филиал
Отклонение (объём услуг)
Отклонение (средний тариф)
АО "РЭС" АО "РЭС" -76 3
АО «Тываэнерго» АО "Тываэнерго" 19 4
АО «Чеченэнерго» АО «Чеченэнерго» -35 -48
Россети Волга Мордовэнерго - 150 -6
Оренбургэнерго -62 -9
Пензаэнерго -35 -1
Самарские РС -78 142
Саратовские РС -77 -49
Ульяновские РС 14 6
Чувашэнерго -4 12
Россети Кубань Кубаньэнерго - 341 287
Россети Ленэнерго (ГК) Ленинградская область - 311 187
г. Санкт-Петербург - 291 12
Россети Московский регион Московская область - 780 53
г. Москва - 195 -5
Россети Северный Кавказ (ГК) Дагэнерго - 238 -48
Ингушэнерго -60 14
Каббалкэнерго 20 -4
Карачаево-Черкесскэнерго -10 - 109
Севкавказэнерго - 121 -10
Ставропольэнерго -68 28
Россети Северо-Запад Архангельский филиал -52 21
Вологодский филиал -40 10
Карельский филиал -50 -15
Мурманский филиал 20 -17
Новгородский филиал -49 0
Псковский филиал -48 13
филиал в Республике Коми -53 9
Россети Сибирь (ГК) Алтайэнерго 39 16
Бурятэнерго 10 -7
ГАЭС 9 2
Красноярскэнерго 117 -4
Кузбассэнерго-РЭС 37 147
Омскэнерго -2 -21
Хакасэнерго -10 -12
Читаэнерго -1 25
Россети Томск Томская распределительная компания -62 5
Россети Тюмень Россети Тюмень - 986 - 117
Россети Урал (ГК) Пермэнерго - 187 5
Свердловэнерго - 152 -4
Челябэнерго - 141 5
Россети ФСК ЕЭС Итого по ФСК ЕЭС - 311 252
Россети Центр Белгородэнерго -85 14
Брянскэнерго -50 -8
Воронежэнерго -98 -2
Костромаэнерго -42 3
Курскэнерго -32 8
Липецкэнерго -79 20
Орелэнерго -40 5
Смоленскэнерго -52 -7
Тамбовэнерго -25 -5
Тверьэнерго - 133 0
Ярэнерго -60 -7
Россети Центр и Приволжье (ГК) Владимирэнерго - 134 -19
Ивэнерго -16 -6
Калугаэнерго -73 20
Кировэнерго -51 3
Мариэнерго -10 9
Нижновэнерго - 171 -4
Рязаньэнерго -93 1
Тулэнерго -82 7
Удмуртэнерго -55 60
Россети Юг (ГК) АО «ВМЭС» 0 4
Астраханьэнерго 1 -6
Волгоградэнерго - 140 -12
Калмэнерго -8 2
Ростовэнерго -47 16
Россети Янтарь Россети Янтарь -31 12' are equal

17-03-2025T05:07:17 - [TEST_STEP][PASSED] - verifyEqual(findTestData("PlanFact").getValue(5, b), a4): Actual object 'ДЗО
Филиал
Отклонение (объём услуг)
Отклонение (средний тариф)
АО "РЭС" АО "РЭС" -76 3
АО «Тываэнерго» АО "Тываэнерго" 19 4
АО «Чеченэнерго» АО «Чеченэнерго» -35 -48
Россети Волга Мордовэнерго - 150 -6
Оренбургэнерго -62 -9
Пензаэнерго -35 -1
Самарские РС -78 142
Саратовские РС -77 -49
Ульяновские РС 14 6
Чувашэнерго -4 12
Россети Кубань Кубаньэнерго - 341 287
Россети Ленэнерго (ГК) Ленинградская область - 311 187
г. Санкт-Петербург - 291 12
Россети Московский регион Московская область - 780 53
г. Москва - 195 -5
Россети Северный Кавказ (ГК) Дагэнерго - 238 -48
Ингушэнерго -60 14
Каббалкэнерго 20 -4
Карачаево-Черкесскэнерго -10 - 109
Севкавказэнерго - 121 -10
Ставропольэнерго -68 28
Россети Северо-Запад Архангельский филиал -52 21
Вологодский филиал -40 10
Карельский филиал -50 -15
Мурманский филиал 20 -17
Новгородский филиал -49 0
Псковский филиал -48 13
филиал в Республике Коми -53 9
Россети Сибирь (ГК) Алтайэнерго 39 16
Бурятэнерго 10 -7
ГАЭС 9 2
Красноярскэнерго 117 -4
Кузбассэнерго-РЭС 37 147
Омскэнерго -2 -21
Хакасэнерго -10 -12
Читаэнерго -1 25
Россети Томск Томская распределительная компания -62 5
Россети Тюмень Россети Тюмень - 986 - 117
Россети Урал (ГК) Пермэнерго - 187 5
Свердловэнерго - 152 -4
Челябэнерго - 141 5
Россети ФСК ЕЭС Итого по ФСК ЕЭС - 311 252
Россети Центр Белгородэнерго -85 14
Брянскэнерго -50 -8
Воронежэнерго -98 -2
Костромаэнерго -42 3
Курскэнерго -32 8
Липецкэнерго -79 20
Орелэнерго -40 5
Смоленскэнерго -52 -7
Тамбовэнерго -25 -5
Тверьэнерго - 133 0
Ярэнерго -60 -7
Россети Центр и Приволжье (ГК) Владимирэнерго - 134 -19
Ивэнерго -16 -6
Калугаэнерго -73 20
Кировэнерго -51 3
Мариэнерго -10 9
Нижновэнерго - 171 -4
Рязаньэнерго -93 1
Тулэнерго -82 7
Удмуртэнерго -55 60
Россети Юг (ГК) АО «ВМЭС» 0 4
Астраханьэнерго 1 -6
Волгоградэнерго - 140 -12
Калмэнерго -8 2
Ростовэнерго -47 16
Россети Янтарь Россети Янтарь -31 12' and expected object 'ДЗО
Филиал
Отклонение (объём услуг)
Отклонение (средний тариф)
АО "РЭС" АО "РЭС" -76 3
АО «Тываэнерго» АО "Тываэнерго" 19 4
АО «Чеченэнерго» АО «Чеченэнерго» -35 -48
Россети Волга Мордовэнерго - 150 -6
Оренбургэнерго -62 -9
Пензаэнерго -35 -1
Самарские РС -78 142
Саратовские РС -77 -49
Ульяновские РС 14 6
Чувашэнерго -4 12
Россети Кубань Кубаньэнерго - 341 287
Россети Ленэнерго (ГК) Ленинградская область - 311 187
г. Санкт-Петербург - 291 12
Россети Московский регион Московская область - 780 53
г. Москва - 195 -5
Россети Северный Кавказ (ГК) Дагэнерго - 238 -48
Ингушэнерго -60 14
Каббалкэнерго 20 -4
Карачаево-Черкесскэнерго -10 - 109
Севкавказэнерго - 121 -10
Ставропольэнерго -68 28
Россети Северо-Запад Архангельский филиал -52 21
Вологодский филиал -40 10
Карельский филиал -50 -15
Мурманский филиал 20 -17
Новгородский филиал -49 0
Псковский филиал -48 13
филиал в Республике Коми -53 9
Россети Сибирь (ГК) Алтайэнерго 39 16
Бурятэнерго 10 -7
ГАЭС 9 2
Красноярскэнерго 117 -4
Кузбассэнерго-РЭС 37 147
Омскэнерго -2 -21
Хакасэнерго -10 -12
Читаэнерго -1 25
Россети Томск Томская распределительная компания -62 5
Россети Тюмень Россети Тюмень - 986 - 117
Россети Урал (ГК) Пермэнерго - 187 5
Свердловэнерго - 152 -4
Челябэнерго - 141 5
Россети ФСК ЕЭС Итого по ФСК ЕЭС - 311 252
Россети Центр Белгородэнерго -85 14
Брянскэнерго -50 -8
Воронежэнерго -98 -2
Костромаэнерго -42 3
Курскэнерго -32 8
Липецкэнерго -79 20
Орелэнерго -40 5
Смоленскэнерго -52 -7
Тамбовэнерго -25 -5
Тверьэнерго - 133 0
Ярэнерго -60 -7
Россети Центр и Приволжье (ГК) Владимирэнерго - 134 -19
Ивэнерго -16 -6
Калугаэнерго -73 20
Кировэнерго -51 3
Мариэнерго -10 9
Нижновэнерго - 171 -4
Рязаньэнерго -93 1
Тулэнерго -82 7
Удмуртэнерго -55 60
Россети Юг (ГК) АО «ВМЭС» 0 4
Астраханьэнерго 1 -6
Волгоградэнерго - 140 -12
Калмэнерго -8 2
Ростовэнерго -47 16
Россети Янтарь Россети Янтарь -31 12' are equal

17-03-2025T05:07:17 - [MESSAGE][PASSED] - Actual object 'ДЗО
Филиал
Отклонение (объём услуг)
Отклонение (средний тариф)
АО "РЭС" АО "РЭС" -76 3
АО «Тываэнерго» АО "Тываэнерго" 19 4
АО «Чеченэнерго» АО «Чеченэнерго» -35 -48
Россети Волга Мордовэнерго - 150 -6
Оренбургэнерго -62 -9
Пензаэнерго -35 -1
Самарские РС -78 142
Саратовские РС -77 -49
Ульяновские РС 14 6
Чувашэнерго -4 12
Россети Кубань Кубаньэнерго - 341 287
Россети Ленэнерго (ГК) Ленинградская область - 311 187
г. Санкт-Петербург - 291 12
Россети Московский регион Московская область - 780 53
г. Москва - 195 -5
Россети Северный Кавказ (ГК) Дагэнерго - 238 -48
Ингушэнерго -60 14
Каббалкэнерго 20 -4
Карачаево-Черкесскэнерго -10 - 109
Севкавказэнерго - 121 -10
Ставропольэнерго -68 28
Россети Северо-Запад Архангельский филиал -52 21
Вологодский филиал -40 10
Карельский филиал -50 -15
Мурманский филиал 20 -17
Новгородский филиал -49 0
Псковский филиал -48 13
филиал в Республике Коми -53 9
Россети Сибирь (ГК) Алтайэнерго 39 16
Бурятэнерго 10 -7
ГАЭС 9 2
Красноярскэнерго 117 -4
Кузбассэнерго-РЭС 37 147
Омскэнерго -2 -21
Хакасэнерго -10 -12
Читаэнерго -1 25
Россети Томск Томская распределительная компания -62 5
Россети Тюмень Россети Тюмень - 986 - 117
Россети Урал (ГК) Пермэнерго - 187 5
Свердловэнерго - 152 -4
Челябэнерго - 141 5
Россети ФСК ЕЭС Итого по ФСК ЕЭС - 311 252
Россети Центр Белгородэнерго -85 14
Брянскэнерго -50 -8
Воронежэнерго -98 -2
Костромаэнерго -42 3
Курскэнерго -32 8
Липецкэнерго -79 20
Орелэнерго -40 5
Смоленскэнерго -52 -7
Тамбовэнерго -25 -5
Тверьэнерго - 133 0
Ярэнерго -60 -7
Россети Центр и Приволжье (ГК) Владимирэнерго - 134 -19
Ивэнерго -16 -6
Калугаэнерго -73 20
Кировэнерго -51 3
Мариэнерго -10 9
Нижновэнерго - 171 -4
Рязаньэнерго -93 1
Тулэнерго -82 7
Удмуртэнерго -55 60
Россети Юг (ГК) АО «ВМЭС» 0 4
Астраханьэнерго 1 -6
Волгоградэнерго - 140 -12
Калмэнерго -8 2
Ростовэнерго -47 16
Россети Янтарь Россети Янтарь -31 12' and expected object 'ДЗО
Филиал
Отклонение (объём услуг)
Отклонение (средний тариф)
АО "РЭС" АО "РЭС" -76 3
АО «Тываэнерго» АО "Тываэнерго" 19 4
АО «Чеченэнерго» АО «Чеченэнерго» -35 -48
Россети Волга Мордовэнерго - 150 -6
Оренбургэнерго -62 -9
Пензаэнерго -35 -1
Самарские РС -78 142
Саратовские РС -77 -49
Ульяновские РС 14 6
Чувашэнерго -4 12
Россети Кубань Кубаньэнерго - 341 287
Россети Ленэнерго (ГК) Ленинградская область - 311 187
г. Санкт-Петербург - 291 12
Россети Московский регион Московская область - 780 53
г. Москва - 195 -5
Россети Северный Кавказ (ГК) Дагэнерго - 238 -48
Ингушэнерго -60 14
Каббалкэнерго 20 -4
Карачаево-Черкесскэнерго -10 - 109
Севкавказэнерго - 121 -10
Ставропольэнерго -68 28
Россети Северо-Запад Архангельский филиал -52 21
Вологодский филиал -40 10
Карельский филиал -50 -15
Мурманский филиал 20 -17
Новгородский филиал -49 0
Псковский филиал -48 13
филиал в Республике Коми -53 9
Россети Сибирь (ГК) Алтайэнерго 39 16
Бурятэнерго 10 -7
ГАЭС 9 2
Красноярскэнерго 117 -4
Кузбассэнерго-РЭС 37 147
Омскэнерго -2 -21
Хакасэнерго -10 -12
Читаэнерго -1 25
Россети Томск Томская распределительная компания -62 5
Россети Тюмень Россети Тюмень - 986 - 117
Россети Урал (ГК) Пермэнерго - 187 5
Свердловэнерго - 152 -4
Челябэнерго - 141 5
Россети ФСК ЕЭС Итого по ФСК ЕЭС - 311 252
Россети Центр Белгородэнерго -85 14
Брянскэнерго -50 -8
Воронежэнерго -98 -2
Костромаэнерго -42 3
Курскэнерго -32 8
Липецкэнерго -79 20
Орелэнерго -40 5
Смоленскэнерго -52 -7
Тамбовэнерго -25 -5
Тверьэнерго - 133 0
Ярэнерго -60 -7
Россети Центр и Приволжье (ГК) Владимирэнерго - 134 -19
Ивэнерго -16 -6
Калугаэнерго -73 20
Кировэнерго -51 3
Мариэнерго -10 9
Нижновэнерго - 171 -4
Рязаньэнерго -93 1
Тулэнерго -82 7
Удмуртэнерго -55 60
Россети Юг (ГК) АО «ВМЭС» 0 4
Астраханьэнерго 1 -6
Волгоградэнерго - 140 -12
Калмэнерго -8 2
Ростовэнерго -47 16
Россети Янтарь Россети Янтарь -31 12' are equal

17-03-2025T05:07:17 - [TEST_STEP][PASSED] - Script1686231490255.WriteToExcel(user, dashboardName, n, data, run, a1, a2, a3, a4, a5, a6, a7, a8, a9): null

17-03-2025T05:07:17 - [TEST_STEP][PASSED] - sheetName = "Sheet1": null

17-03-2025T05:07:17 - [TEST_STEP][PASSED] - workbook01 = getWorkbook(excelFilePath): null

17-03-2025T05:07:17 - [TEST_STEP][PASSED] - sheet01 = getExcelSheet(workbook01, sheetName): null

17-03-2025T05:07:17 - [TEST_STEP][PASSED] - setValueToCellByIndex(sheet01, n, 0, dashboardName): null

17-03-2025T05:07:17 - [TEST_STEP][PASSED] - setValueToCellByIndex(sheet01, n, 10, user): null

17-03-2025T05:07:17 - [TEST_STEP][PASSED] - setValueToCellByIndex(sheet01, n, 1, a1): null

17-03-2025T05:07:17 - [TEST_STEP][PASSED] - setValueToCellByIndex(sheet01, n, 2, a2): null

17-03-2025T05:07:17 - [TEST_STEP][PASSED] - setValueToCellByIndex(sheet01, n, 3, a3): null

17-03-2025T05:07:17 - [TEST_STEP][PASSED] - setValueToCellByIndex(sheet01, n, 4, a4): null

17-03-2025T05:07:17 - [TEST_STEP][PASSED] - setValueToCellByIndex(sheet01, n, 5, a5): null

17-03-2025T05:07:17 - [TEST_STEP][PASSED] - setValueToCellByIndex(sheet01, n, 6, a6): null

17-03-2025T05:07:17 - [TEST_STEP][PASSED] - setValueToCellByIndex(sheet01, n, 7, a7): null

17-03-2025T05:07:17 - [TEST_STEP][PASSED] - setValueToCellByIndex(sheet01, n, 8, a8): null

17-03-2025T05:07:17 - [TEST_STEP][PASSED] - setValueToCellByIndex(sheet01, n, 9, a9): null

17-03-2025T05:07:17 - [TEST_STEP][PASSED] - n = n + 1: null

17-03-2025T05:07:17 - [TEST_STEP][PASSED] - saveWorkbook(excelFilePath, workbook01): null

17-03-2025T05:07:17 - [TEST_STEP][PASSED] - closeBrowser(): Browser is closed

17-03-2025T05:07:17 - [MESSAGE][PASSED] - Browser is closed

17-03-2025T05:07:17 - [TEST_STEP][PASSED] - delay(70): Delayed 70 second(s)

17-03-2025T05:08:27 - [MESSAGE][PASSED] - Delayed 70 second(s)

17-03-2025T05:08:27 - [TEST_STEP][PASSED] - for ([run = 1, run < 4, (run++)]): null

17-03-2025T05:08:27 - [TEST_STEP][PASSED] - ViruchkaPoDZO(user, dashboardName, n, data, run, a1, a2, a3, a4, a5, a6, a7, a8, a9, urlData): null

17-03-2025T05:08:27 - [TEST_STEP][PASSED] - n = data.getRowNumbers() + 1: null

17-03-2025T05:08:27 - [TEST_STEP][PASSED] - println(n): null

17-03-2025T05:08:27 - [TEST_STEP][PASSED] - dashboardName = "Выручка по ДЗО": null

17-03-2025T05:08:27 - [TEST_STEP][PASSED] - openBrowser(""): Browser is opened with url: ''

17-03-2025T05:08:27 - [MESSAGE][INFO] - Starting 'Chrome' driver

17-03-2025T05:08:27 - [MESSAGE][INFO] - Action delay is set to 0 milliseconds

17-03-2025T05:08:28 - [MESSAGE][PASSED] - Browser is opened with url: ''

17-03-2025T05:08:28 - [TEST_STEP][PASSED] - urlData = 5: null

17-03-2025T05:08:28 - [TEST_STEP][PASSED] - Script1686231490255.CheckPageDownload(urlData, run): null

17-03-2025T05:08:28 - [TEST_STEP][PASSED] - i = 1: null

17-03-2025T05:08:28 - [TEST_STEP][PASSED] - ii = 0: null

17-03-2025T05:08:28 - [TEST_STEP][PASSED] - urlText = <not implemented yet for class: org.codehaus.groovy.ast.expr.EmptyExpression>: null

17-03-2025T05:08:28 - [TEST_STEP][PASSED] - searchWord = <not implemented yet for class: org.codehaus.groovy.ast.expr.EmptyExpression>: null

17-03-2025T05:08:28 - [TEST_STEP][PASSED] - deleteAllCookies(): Delete all cookies successfully

17-03-2025T05:08:28 - [MESSAGE][PASSED] - Delete all cookies successfully

17-03-2025T05:08:28 - [TEST_STEP][PASSED] - refresh(): Refresh successfully

17-03-2025T05:08:28 - [MESSAGE][PASSED] - Refresh successfully

17-03-2025T05:08:28 - [TEST_STEP][PASSED] - delay(70): Delayed 70 second(s)

17-03-2025T05:09:38 - [MESSAGE][PASSED] - Delayed 70 second(s)

17-03-2025T05:09:38 - [TEST_STEP][PASSED] - navigateToUrl(findTestData("PlanFact").getValue(10, urlData)): Navigate to 'https://bi.rosseti.digital/viewer?dashboardGuid=2301950b23be4ed89c1df75f2020051e&sheetGuid=31530aa0b6664c09b016b7f2ab9d853e&fit=true' successfully

17-03-2025T05:09:42 - [MESSAGE][PASSED] - Navigate to 'https://bi.rosseti.digital/viewer?dashboardGuid=2301950b23be4ed89c1df75f2020051e&sheetGuid=31530aa0b6664c09b016b7f2ab9d853e&fit=true' successfully

17-03-2025T05:09:42 - [TEST_STEP][PASSED] - pageLoaded1 = verifyElementPresent(findTestObject("Страница авторизации/Text"), 30): Object 'Object Repository/Страница авторизации/Text' is present

17-03-2025T05:09:44 - [MESSAGE][PASSED] - Object 'Object Repository/Страница авторизации/Text' is present

17-03-2025T05:09:44 - [TEST_STEP][PASSED] - if (pageLoaded1 == false): null

17-03-2025T05:09:44 - [TEST_STEP][PASSED] - urlText = getText(findTestObject("Страница авторизации/Text")): Text of object 'Object Repository/Страница авторизации/Text' is: 'Вход'

17-03-2025T05:09:44 - [MESSAGE][PASSED] - Text of object 'Object Repository/Страница авторизации/Text' is: 'Вход'

17-03-2025T05:09:44 - [TEST_STEP][PASSED] - delay(70): Delayed 70 second(s)

17-03-2025T05:10:54 - [MESSAGE][PASSED] - Delayed 70 second(s)

17-03-2025T05:10:54 - [TEST_STEP][PASSED] - searchWord = "Вход": null

17-03-2025T05:10:54 - [TEST_STEP][PASSED] - if (urlText.contains(searchWord) == false): null

17-03-2025T05:10:54 - [TEST_STEP][PASSED] - setText(findTestObject("Страница авторизации/input__username"), findTestData("PlanFact").getValue(8, run)): Text 'liazgina-di' is set on object 'Object Repository/Страница авторизации/input__username'

17-03-2025T05:10:55 - [MESSAGE][PASSED] - Text 'liazgina-di' is set on object 'Object Repository/Страница авторизации/input__username'

17-03-2025T05:10:55 - [TEST_STEP][PASSED] - setText(findTestObject("Страница авторизации/input__password"), findTestData("PlanFact").getValue(9, run)): Text ')$%5srZ8o688Dm#q' is set on object 'Object Repository/Страница авторизации/input__password'

17-03-2025T05:10:55 - [MESSAGE][PASSED] - Text ')$%5srZ8o688Dm#q' is set on object 'Object Repository/Страница авторизации/input__password'

17-03-2025T05:10:55 - [TEST_STEP][PASSED] - click(findTestObject("Страница авторизации/button_")): Object: 'Object Repository/Страница авторизации/button_' is clicked on

17-03-2025T05:10:56 - [MESSAGE][PASSED] - Object: 'Object Repository/Страница авторизации/button_' is clicked on

17-03-2025T05:10:56 - [TEST_STEP][PASSED] - delay(70): Delayed 70 second(s)

17-03-2025T05:12:06 - [MESSAGE][PASSED] - Delayed 70 second(s)

17-03-2025T05:12:06 - [TEST_STEP][PASSED] - searchWord = "а": null

17-03-2025T05:12:06 - [TEST_STEP][PASSED] - pageLoaded2 = verifyElementPresent(findTestObject("Страница авторизации/Text"), 50): Object 'Object Repository/Страница авторизации/Text' is present

17-03-2025T05:12:06 - [MESSAGE][PASSED] - Object 'Object Repository/Страница авторизации/Text' is present

17-03-2025T05:12:06 - [TEST_STEP][PASSED] - if (pageLoaded2 == false): null

17-03-2025T05:12:06 - [TEST_STEP][PASSED] - urlText = getText(findTestObject("Страница авторизации/Text")): Text of object 'Object Repository/Страница авторизации/Text' is: 'Период
Январь 2025 года
Выручка
Все
ДЗО 
ПАО Россети
Выручка по ДЗО
Выполнение плановых показателей по ПАО Россети за Январь 2025 года
2 275 2 275
0 0
0 0
8 938 8 938
7 813 7 813
11 645 11 645
12 788 12 788
0 0
7 066 7 066
0 0
1 091 1 091
10 368 10 368
10 920 10 920
28 393 28 393
12 599 12 599
13 668 13 668
6 349 6 349
1 064 1 064
2 202 2 202
274 274
463 463
10 568 10 568
7 759 7 759
11 241 11 241
21 497 21 497
3 799 3 799
6 815 6 815
11 296 11 296
1 034 1 034
9 265 9 265
10 446 10 446
28 334 28 334
11 924 11 924
13 055 13 055
6 848 6 848
1 045 1 045
План
Факт
АО "РЭС"
АО «Тываэнерго»
АО «Чеченэнерго»
Россети Волга
Россети Кубань
Россети Ленэнерго (ГК)
Россети Московский регион
Россети Северный Кавказ (ГК)
Россети Северо-Запад
Россети Сибирь (ГК)
Россети Томск
Россети Тюмень
Россети Урал (ГК)
Россети ФСК ЕЭС
Россети Центр
Россети Центр и Приволжье (ГК)
Россети Юг (ГК)
Россети Янтарь
0 млн. руб.
2 500 млн. руб.
5 000 млн. руб.
7 500 млн. руб.
10 000 млн. руб.
12 500 млн. руб.
15 000 млн. руб.
17 500 млн. руб.
20 000 млн. руб.
22 500 млн. руб.
25 000 млн. руб.
27 500 млн. руб.
30 000 млн. руб.
Выполнение плановых показателей по ПАО Россети за Январь 2025 года
1,4%1,4%
0,17%0,17%
0,29%0,29%
6,69%6,69%
4,92%4,92%
7,12%7,12%
13,62%13,62%
2,41%2,41%
4,32%4,32%
7,16%7,16%
0,65%0,65%
5,87%5,87%
6,62%6,62%
17,95%17,95%
7,55%7,55%
8,27%8,27%
4,34%4,34%
0,66%0,66%
АО "РЭС"
АО «Тываэнерго»
АО «Чеченэнерго»
Россети Волга
Россети Кубань
Россети Ленэнерго (ГК)
Россети Московский регион
Россети Северный Кавказ (ГК)
Россети Северо-Запад
Россети Сибирь (ГК)
Россети Томск
Россети Тюмень
Россети Урал (ГК)
Россети ФСК ЕЭС
Россети Центр
Россети Центр и Приволжье (ГК)
Россети Юг (ГК)
Россети Янтарь'

17-03-2025T05:12:07 - [MESSAGE][PASSED] - Text of object 'Object Repository/Страница авторизации/Text' is: 'Период
Январь 2025 года
Выручка
Все
ДЗО 
ПАО Россети
Выручка по ДЗО
Выполнение плановых показателей по ПАО Россети за Январь 2025 года
2 275 2 275
0 0
0 0
8 938 8 938
7 813 7 813
11 645 11 645
12 788 12 788
0 0
7 066 7 066
0 0
1 091 1 091
10 368 10 368
10 920 10 920
28 393 28 393
12 599 12 599
13 668 13 668
6 349 6 349
1 064 1 064
2 202 2 202
274 274
463 463
10 568 10 568
7 759 7 759
11 241 11 241
21 497 21 497
3 799 3 799
6 815 6 815
11 296 11 296
1 034 1 034
9 265 9 265
10 446 10 446
28 334 28 334
11 924 11 924
13 055 13 055
6 848 6 848
1 045 1 045
План
Факт
АО "РЭС"
АО «Тываэнерго»
АО «Чеченэнерго»
Россети Волга
Россети Кубань
Россети Ленэнерго (ГК)
Россети Московский регион
Россети Северный Кавказ (ГК)
Россети Северо-Запад
Россети Сибирь (ГК)
Россети Томск
Россети Тюмень
Россети Урал (ГК)
Россети ФСК ЕЭС
Россети Центр
Россети Центр и Приволжье (ГК)
Россети Юг (ГК)
Россети Янтарь
0 млн. руб.
2 500 млн. руб.
5 000 млн. руб.
7 500 млн. руб.
10 000 млн. руб.
12 500 млн. руб.
15 000 млн. руб.
17 500 млн. руб.
20 000 млн. руб.
22 500 млн. руб.
25 000 млн. руб.
27 500 млн. руб.
30 000 млн. руб.
Выполнение плановых показателей по ПАО Россети за Январь 2025 года
1,4%1,4%
0,17%0,17%
0,29%0,29%
6,69%6,69%
4,92%4,92%
7,12%7,12%
13,62%13,62%
2,41%2,41%
4,32%4,32%
7,16%7,16%
0,65%0,65%
5,87%5,87%
6,62%6,62%
17,95%17,95%
7,55%7,55%
8,27%8,27%
4,34%4,34%
0,66%0,66%
АО "РЭС"
АО «Тываэнерго»
АО «Чеченэнерго»
Россети Волга
Россети Кубань
Россети Ленэнерго (ГК)
Россети Московский регион
Россети Северный Кавказ (ГК)
Россети Северо-Запад
Россети Сибирь (ГК)
Россети Томск
Россети Тюмень
Россети Урал (ГК)
Россети ФСК ЕЭС
Россети Центр
Россети Центр и Приволжье (ГК)
Россети Юг (ГК)
Россети Янтарь'

17-03-2025T05:12:07 - [TEST_STEP][PASSED] - if (urlText.contains("ошибка") || urlText.contains(searchWord) == false): null

17-03-2025T05:12:07 - [TEST_STEP][PASSED] - click(findTestObject("Выручка по ДЗО/Фильтр Дата")): Object: 'Object Repository/Выручка по ДЗО/Фильтр Дата' is clicked on

17-03-2025T05:12:07 - [MESSAGE][PASSED] - Object: 'Object Repository/Выручка по ДЗО/Фильтр Дата' is clicked on

17-03-2025T05:12:07 - [TEST_STEP][PASSED] - click(findTestObject("Выручка по ДЗО/Снять выделение в фильтре Дата")): Object: 'Object Repository/Выручка по ДЗО/Снять выделение в фильтре Дата' is clicked on

17-03-2025T05:12:07 - [MESSAGE][PASSED] - Object: 'Object Repository/Выручка по ДЗО/Снять выделение в фильтре Дата' is clicked on

17-03-2025T05:12:07 - [TEST_STEP][PASSED] - click(findTestObject("Выручка по ДЗО/Применить в фильтре Дата")): Object: 'Object Repository/Выручка по ДЗО/Применить в фильтре Дата' is clicked on

17-03-2025T05:12:08 - [MESSAGE][PASSED] - Object: 'Object Repository/Выручка по ДЗО/Применить в фильтре Дата' is clicked on

17-03-2025T05:12:08 - [TEST_STEP][PASSED] - click(findTestObject("Выручка по ДЗО/Фильтр Дата")): Object: 'Object Repository/Выручка по ДЗО/Фильтр Дата' is clicked on

17-03-2025T05:12:10 - [MESSAGE][PASSED] - Object: 'Object Repository/Выручка по ДЗО/Фильтр Дата' is clicked on

17-03-2025T05:12:10 - [TEST_STEP][PASSED] - click(findTestObject("Выручка по ДЗО/Снять выделение в фильтре Дата")): Object: 'Object Repository/Выручка по ДЗО/Снять выделение в фильтре Дата' is clicked on

17-03-2025T05:12:10 - [MESSAGE][PASSED] - Object: 'Object Repository/Выручка по ДЗО/Снять выделение в фильтре Дата' is clicked on

17-03-2025T05:12:10 - [TEST_STEP][PASSED] - scrollToElement(findTestObject("Выручка по ДЗО/2025 список"), 30): Scroll to object 'Object Repository/Выручка по ДЗО/2025 список' successfully

17-03-2025T05:12:11 - [MESSAGE][PASSED] - Scroll to object 'Object Repository/Выручка по ДЗО/2025 список' successfully

17-03-2025T05:12:11 - [TEST_STEP][PASSED] - click(findTestObject("Выручка по ДЗО/2025 список")): Object: 'Object Repository/Выручка по ДЗО/2025 список' is clicked on

17-03-2025T05:12:11 - [MESSAGE][PASSED] - Object: 'Object Repository/Выручка по ДЗО/2025 список' is clicked on

17-03-2025T05:12:11 - [TEST_STEP][PASSED] - scrollToElement(findTestObject("Выручка по ДЗО/1 квартал 2025 список"), 30): Scroll to object 'Object Repository/Выручка по ДЗО/1 квартал 2025 список' successfully

17-03-2025T05:12:11 - [MESSAGE][PASSED] - Scroll to object 'Object Repository/Выручка по ДЗО/1 квартал 2025 список' successfully

17-03-2025T05:12:11 - [TEST_STEP][PASSED] - click(findTestObject("Выручка по ДЗО/1 квартал 2025 список"), CONTINUE_ON_FAILURE): Object: 'Object Repository/Выручка по ДЗО/1 квартал 2025 список' is clicked on

17-03-2025T05:12:12 - [MESSAGE][PASSED] - Object: 'Object Repository/Выручка по ДЗО/1 квартал 2025 список' is clicked on

17-03-2025T05:12:12 - [TEST_STEP][PASSED] - scrollToElement(findTestObject("Выручка по ДЗО/Январь 2025"), 30): Scroll to object 'Object Repository/Выручка по ДЗО/Январь 2025' successfully

17-03-2025T05:12:12 - [MESSAGE][PASSED] - Scroll to object 'Object Repository/Выручка по ДЗО/Январь 2025' successfully

17-03-2025T05:12:12 - [TEST_STEP][PASSED] - click(findTestObject("Выручка по ДЗО/Январь 2025"), CONTINUE_ON_FAILURE): Object: 'Object Repository/Выручка по ДЗО/Январь 2025' is clicked on

17-03-2025T05:12:12 - [MESSAGE][PASSED] - Object: 'Object Repository/Выручка по ДЗО/Январь 2025' is clicked on

17-03-2025T05:12:12 - [TEST_STEP][PASSED] - scrollToElement(findTestObject("Выручка по ДЗО/Заголовок дашборда"), 30): Scroll to object 'Object Repository/Выручка по ДЗО/Заголовок дашборда' successfully

17-03-2025T05:12:13 - [MESSAGE][PASSED] - Scroll to object 'Object Repository/Выручка по ДЗО/Заголовок дашборда' successfully

17-03-2025T05:12:13 - [TEST_STEP][PASSED] - click(findTestObject("Выручка по ДЗО/Применить в фильтре Дата")): Object: 'Object Repository/Выручка по ДЗО/Применить в фильтре Дата' is clicked on

17-03-2025T05:12:13 - [MESSAGE][PASSED] - Object: 'Object Repository/Выручка по ДЗО/Применить в фильтре Дата' is clicked on

17-03-2025T05:12:13 - [TEST_STEP][PASSED] - a3 = "": null

17-03-2025T05:12:13 - [TEST_STEP][PASSED] - a4 = "": null

17-03-2025T05:12:13 - [TEST_STEP][PASSED] - a5 = "": null

17-03-2025T05:12:13 - [TEST_STEP][PASSED] - a6 = "": null

17-03-2025T05:12:13 - [TEST_STEP][PASSED] - a7 = "": null

17-03-2025T05:12:13 - [TEST_STEP][PASSED] - a8 = "": null

17-03-2025T05:12:13 - [TEST_STEP][PASSED] - a9 = "": null

17-03-2025T05:12:13 - [TEST_STEP][PASSED] - if (run == 1): null

17-03-2025T05:12:13 - [TEST_STEP][PASSED] - user = "админ": null

17-03-2025T05:12:13 - [TEST_STEP][PASSED] - a1 = getText(findTestObject("Выручка по ДЗО/График1 Выполнение плановых показателей Блок руководителя")): Text of object 'Object Repository/Выручка по ДЗО/График1 Выполнение плановых показателей Блок руководителя' is: '2 275 2 275
0 0
0 0
8 938 8 938
7 813 7 813
11 645 11 645
12 788 12 788
0 0
7 066 7 066
0 0
1 091 1 091
10 368 10 368
10 920 10 920
28 393 28 393
12 599 12 599
13 668 13 668
6 349 6 349
1 064 1 064
2 202 2 202
274 274
463 463
10 568 10 568
7 759 7 759
11 241 11 241
21 497 21 497
3 799 3 799
6 815 6 815
11 296 11 296
1 034 1 034
9 265 9 265
10 446 10 446
28 334 28 334
11 924 11 924
13 055 13 055
6 848 6 848
1 045 1 045
План
Факт
АО "РЭС"
АО «Тываэнерго»
АО «Чеченэнерго»
Россети Волга
Россети Кубань
Россети Ленэнерго (ГК)
Россети Московский регион
Россети Северный Кавказ (ГК)
Россети Северо-Запад
Россети Сибирь (ГК)
Россети Томск
Россети Тюмень
Россети Урал (ГК)
Россети ФСК ЕЭС
Россети Центр
Россети Центр и Приволжье (ГК)
Россети Юг (ГК)
Россети Янтарь
0 млн. руб.
2 500 млн. руб.
5 000 млн. руб.
7 500 млн. руб.
10 000 млн. руб.
12 500 млн. руб.
15 000 млн. руб.
17 500 млн. руб.
20 000 млн. руб.
22 500 млн. руб.
25 000 млн. руб.
27 500 млн. руб.
30 000 млн. руб.'

17-03-2025T05:12:14 - [MESSAGE][PASSED] - Text of object 'Object Repository/Выручка по ДЗО/График1 Выполнение плановых показателей Блок руководителя' is: '2 275 2 275
0 0
0 0
8 938 8 938
7 813 7 813
11 645 11 645
12 788 12 788
0 0
7 066 7 066
0 0
1 091 1 091
10 368 10 368
10 920 10 920
28 393 28 393
12 599 12 599
13 668 13 668
6 349 6 349
1 064 1 064
2 202 2 202
274 274
463 463
10 568 10 568
7 759 7 759
11 241 11 241
21 497 21 497
3 799 3 799
6 815 6 815
11 296 11 296
1 034 1 034
9 265 9 265
10 446 10 446
28 334 28 334
11 924 11 924
13 055 13 055
6 848 6 848
1 045 1 045
План
Факт
АО "РЭС"
АО «Тываэнерго»
АО «Чеченэнерго»
Россети Волга
Россети Кубань
Россети Ленэнерго (ГК)
Россети Московский регион
Россети Северный Кавказ (ГК)
Россети Северо-Запад
Россети Сибирь (ГК)
Россети Томск
Россети Тюмень
Россети Урал (ГК)
Россети ФСК ЕЭС
Россети Центр
Россети Центр и Приволжье (ГК)
Россети Юг (ГК)
Россети Янтарь
0 млн. руб.
2 500 млн. руб.
5 000 млн. руб.
7 500 млн. руб.
10 000 млн. руб.
12 500 млн. руб.
15 000 млн. руб.
17 500 млн. руб.
20 000 млн. руб.
22 500 млн. руб.
25 000 млн. руб.
27 500 млн. руб.
30 000 млн. руб.'

17-03-2025T05:12:14 - [TEST_STEP][PASSED] - a2 = getText(findTestObject("Выручка по ДЗО/График2 Выполнение плановых показателей Блок руководителя")): Text of object 'Object Repository/Выручка по ДЗО/График2 Выполнение плановых показателей Блок руководителя' is: '1,4%1,4%
0,17%0,17%
0,29%0,29%
6,69%6,69%
4,92%4,92%
7,12%7,12%
13,62%13,62%
2,41%2,41%
4,32%4,32%
7,16%7,16%
0,65%0,65%
5,87%5,87%
6,62%6,62%
17,95%17,95%
7,55%7,55%
8,27%8,27%
4,34%4,34%
0,66%0,66%
АО "РЭС"
АО «Тываэнерго»
АО «Чеченэнерго»
Россети Волга
Россети Кубань
Россети Ленэнерго (ГК)
Россети Московский регион
Россети Северный Кавказ (ГК)
Россети Северо-Запад
Россети Сибирь (ГК)
Россети Томск
Россети Тюмень
Россети Урал (ГК)
Россети ФСК ЕЭС
Россети Центр
Россети Центр и Приволжье (ГК)
Россети Юг (ГК)
Россети Янтарь
Россети Центр и Приволжье (ГК): 13 054 893,11'

17-03-2025T05:12:15 - [MESSAGE][PASSED] - Text of object 'Object Repository/Выручка по ДЗО/График2 Выполнение плановых показателей Блок руководителя' is: '1,4%1,4%
0,17%0,17%
0,29%0,29%
6,69%6,69%
4,92%4,92%
7,12%7,12%
13,62%13,62%
2,41%2,41%
4,32%4,32%
7,16%7,16%
0,65%0,65%
5,87%5,87%
6,62%6,62%
17,95%17,95%
7,55%7,55%
8,27%8,27%
4,34%4,34%
0,66%0,66%
АО "РЭС"
АО «Тываэнерго»
АО «Чеченэнерго»
Россети Волга
Россети Кубань
Россети Ленэнерго (ГК)
Россети Московский регион
Россети Северный Кавказ (ГК)
Россети Северо-Запад
Россети Сибирь (ГК)
Россети Томск
Россети Тюмень
Россети Урал (ГК)
Россети ФСК ЕЭС
Россети Центр
Россети Центр и Приволжье (ГК)
Россети Юг (ГК)
Россети Янтарь
Россети Центр и Приволжье (ГК): 13 054 893,11'

17-03-2025T05:12:15 - [TEST_STEP][PASSED] - a2 = indexOf("АО «Тываэнерго»")).replaceAll("[а-яА-Я]", ""): null

17-03-2025T05:12:15 - [TEST_STEP][PASSED] - n = n + 27: null

17-03-2025T05:12:15 - [TEST_STEP][PASSED] - Script1686231490255.WriteToExcel(user, dashboardName, n, data, run, a1, a2, a3, a4, a5, a6, a7, a8, a9): null

17-03-2025T05:12:15 - [TEST_STEP][PASSED] - sheetName = "Sheet1": null

17-03-2025T05:12:15 - [TEST_STEP][PASSED] - workbook01 = getWorkbook(excelFilePath): null

17-03-2025T05:12:15 - [TEST_STEP][PASSED] - sheet01 = getExcelSheet(workbook01, sheetName): null

17-03-2025T05:12:15 - [TEST_STEP][PASSED] - setValueToCellByIndex(sheet01, n, 0, dashboardName): null

17-03-2025T05:12:15 - [TEST_STEP][PASSED] - setValueToCellByIndex(sheet01, n, 10, user): null

17-03-2025T05:12:15 - [TEST_STEP][PASSED] - setValueToCellByIndex(sheet01, n, 1, a1): null

17-03-2025T05:12:15 - [TEST_STEP][PASSED] - setValueToCellByIndex(sheet01, n, 2, a2): null

17-03-2025T05:12:15 - [TEST_STEP][PASSED] - setValueToCellByIndex(sheet01, n, 3, a3): null

17-03-2025T05:12:15 - [TEST_STEP][PASSED] - setValueToCellByIndex(sheet01, n, 4, a4): null

17-03-2025T05:12:15 - [TEST_STEP][PASSED] - setValueToCellByIndex(sheet01, n, 5, a5): null

17-03-2025T05:12:15 - [TEST_STEP][PASSED] - setValueToCellByIndex(sheet01, n, 6, a6): null

17-03-2025T05:12:15 - [TEST_STEP][PASSED] - setValueToCellByIndex(sheet01, n, 7, a7): null

17-03-2025T05:12:15 - [TEST_STEP][PASSED] - setValueToCellByIndex(sheet01, n, 8, a8): null

17-03-2025T05:12:15 - [TEST_STEP][PASSED] - setValueToCellByIndex(sheet01, n, 9, a9): null

17-03-2025T05:12:15 - [TEST_STEP][PASSED] - n = n + 1: null

17-03-2025T05:12:15 - [TEST_STEP][PASSED] - saveWorkbook(excelFilePath, workbook01): null

17-03-2025T05:12:15 - [TEST_STEP][PASSED] - if (run == 2): null

17-03-2025T05:12:15 - [TEST_STEP][PASSED] - if (run == 3): null

17-03-2025T05:12:15 - [TEST_STEP][PASSED] - closeBrowser(): null

17-03-2025T05:12:15 - [MESSAGE][PASSED] - Browser is closed

17-03-2025T05:12:15 - [TEST_STEP][PASSED] - ViruchkaPoDZO(user, dashboardName, n, data, run, a1, a2, a3, a4, a5, a6, a7, a8, a9, urlData): null

17-03-2025T05:12:15 - [TEST_STEP][PASSED] - n = data.getRowNumbers() + 1: null

17-03-2025T05:12:15 - [TEST_STEP][PASSED] - println(n): null

17-03-2025T05:12:15 - [TEST_STEP][PASSED] - dashboardName = "Выручка по ДЗО": null

17-03-2025T05:12:15 - [TEST_STEP][PASSED] - openBrowser(""): Browser is opened with url: ''

17-03-2025T05:12:15 - [MESSAGE][INFO] - Starting 'Chrome' driver

17-03-2025T05:12:15 - [MESSAGE][INFO] - Action delay is set to 0 milliseconds

17-03-2025T05:12:16 - [MESSAGE][PASSED] - Browser is opened with url: ''

17-03-2025T05:12:16 - [TEST_STEP][PASSED] - urlData = 5: null

17-03-2025T05:12:16 - [TEST_STEP][PASSED] - Script1686231490255.CheckPageDownload(urlData, run): null

17-03-2025T05:12:16 - [TEST_STEP][PASSED] - i = 1: null

17-03-2025T05:12:16 - [TEST_STEP][PASSED] - ii = 0: null

17-03-2025T05:12:16 - [TEST_STEP][PASSED] - urlText = <not implemented yet for class: org.codehaus.groovy.ast.expr.EmptyExpression>: null

17-03-2025T05:12:16 - [TEST_STEP][PASSED] - searchWord = <not implemented yet for class: org.codehaus.groovy.ast.expr.EmptyExpression>: null

17-03-2025T05:12:16 - [TEST_STEP][PASSED] - deleteAllCookies(): Delete all cookies successfully

17-03-2025T05:12:16 - [MESSAGE][PASSED] - Delete all cookies successfully

17-03-2025T05:12:16 - [TEST_STEP][PASSED] - refresh(): Refresh successfully

17-03-2025T05:12:16 - [MESSAGE][PASSED] - Refresh successfully

17-03-2025T05:12:16 - [TEST_STEP][PASSED] - delay(70): Delayed 70 second(s)

17-03-2025T05:13:26 - [MESSAGE][PASSED] - Delayed 70 second(s)

17-03-2025T05:13:26 - [TEST_STEP][PASSED] - navigateToUrl(findTestData("PlanFact").getValue(10, urlData)): Navigate to 'https://bi.rosseti.digital/viewer?dashboardGuid=2301950b23be4ed89c1df75f2020051e&sheetGuid=31530aa0b6664c09b016b7f2ab9d853e&fit=true' successfully

17-03-2025T05:13:29 - [MESSAGE][PASSED] - Navigate to 'https://bi.rosseti.digital/viewer?dashboardGuid=2301950b23be4ed89c1df75f2020051e&sheetGuid=31530aa0b6664c09b016b7f2ab9d853e&fit=true' successfully

17-03-2025T05:13:29 - [TEST_STEP][PASSED] - pageLoaded1 = verifyElementPresent(findTestObject("Страница авторизации/Text"), 30): Object 'Object Repository/Страница авторизации/Text' is present

17-03-2025T05:13:31 - [MESSAGE][PASSED] - Object 'Object Repository/Страница авторизации/Text' is present

17-03-2025T05:13:31 - [TEST_STEP][PASSED] - if (pageLoaded1 == false): null

17-03-2025T05:13:31 - [TEST_STEP][PASSED] - urlText = getText(findTestObject("Страница авторизации/Text")): Text of object 'Object Repository/Страница авторизации/Text' is: 'Вход'

17-03-2025T05:13:31 - [MESSAGE][PASSED] - Text of object 'Object Repository/Страница авторизации/Text' is: 'Вход'

17-03-2025T05:13:31 - [TEST_STEP][PASSED] - delay(70): Delayed 70 second(s)

17-03-2025T05:14:41 - [MESSAGE][PASSED] - Delayed 70 second(s)

17-03-2025T05:14:41 - [TEST_STEP][PASSED] - searchWord = "Вход": null

17-03-2025T05:14:41 - [TEST_STEP][PASSED] - if (urlText.contains(searchWord) == false): null

17-03-2025T05:14:41 - [TEST_STEP][PASSED] - setText(findTestObject("Страница авторизации/input__username"), findTestData("PlanFact").getValue(8, run)): Text 'Andreeva-EV' is set on object 'Object Repository/Страница авторизации/input__username'

17-03-2025T05:14:42 - [MESSAGE][PASSED] - Text 'Andreeva-EV' is set on object 'Object Repository/Страница авторизации/input__username'

17-03-2025T05:14:42 - [TEST_STEP][PASSED] - setText(findTestObject("Страница авторизации/input__password"), findTestData("PlanFact").getValue(9, run)): Text '2nPePKDwCPH3ul7xMZ' is set on object 'Object Repository/Страница авторизации/input__password'

17-03-2025T05:14:43 - [MESSAGE][PASSED] - Text '2nPePKDwCPH3ul7xMZ' is set on object 'Object Repository/Страница авторизации/input__password'

17-03-2025T05:14:43 - [TEST_STEP][PASSED] - click(findTestObject("Страница авторизации/button_")): Object: 'Object Repository/Страница авторизации/button_' is clicked on

17-03-2025T05:14:44 - [MESSAGE][PASSED] - Object: 'Object Repository/Страница авторизации/button_' is clicked on

17-03-2025T05:14:44 - [TEST_STEP][PASSED] - delay(70): Delayed 70 second(s)

17-03-2025T05:15:54 - [MESSAGE][PASSED] - Delayed 70 second(s)

17-03-2025T05:15:54 - [TEST_STEP][PASSED] - searchWord = "а": null

17-03-2025T05:15:54 - [TEST_STEP][PASSED] - pageLoaded2 = verifyElementPresent(findTestObject("Страница авторизации/Text"), 50): Object 'Object Repository/Страница авторизации/Text' is present

17-03-2025T05:15:54 - [MESSAGE][PASSED] - Object 'Object Repository/Страница авторизации/Text' is present

17-03-2025T05:15:54 - [TEST_STEP][PASSED] - if (pageLoaded2 == false): null

17-03-2025T05:15:54 - [TEST_STEP][PASSED] - urlText = getText(findTestObject("Страница авторизации/Text")): Text of object 'Object Repository/Страница авторизации/Text' is: 'Период
Январь 2025 года
Выручка
Все
ДЗО 
ПАО Россети
Выручка по ДЗО
Выполнение плановых показателей по ПАО Россети за Январь 2025 года
2 275 2 275
0 0
0 0
8 938 8 938
7 813 7 813
11 645 11 645
12 788 12 788
0 0
7 066 7 066
0 0
1 091 1 091
10 368 10 368
10 920 10 920
28 393 28 393
12 599 12 599
13 668 13 668
6 349 6 349
1 064 1 064
2 202 2 202
274 274
463 463
10 568 10 568
7 759 7 759
11 241 11 241
21 497 21 497
3 799 3 799
6 815 6 815
11 296 11 296
1 034 1 034
9 265 9 265
10 446 10 446
28 334 28 334
11 924 11 924
13 055 13 055
6 848 6 848
1 045 1 045
План
Факт
АО "РЭС"
АО «Тываэнерго»
АО «Чеченэнерго»
Россети Волга
Россети Кубань
Россети Ленэнерго (ГК)
Россети Московский регион
Россети Северный Кавказ (ГК)
Россети Северо-Запад
Россети Сибирь (ГК)
Россети Томск
Россети Тюмень
Россети Урал (ГК)
Россети ФСК ЕЭС
Россети Центр
Россети Центр и Приволжье (ГК)
Россети Юг (ГК)
Россети Янтарь
0 млн. руб.
2 500 млн. руб.
5 000 млн. руб.
7 500 млн. руб.
10 000 млн. руб.
12 500 млн. руб.
15 000 млн. руб.
17 500 млн. руб.
20 000 млн. руб.
22 500 млн. руб.
25 000 млн. руб.
27 500 млн. руб.
30 000 млн. руб.
Выполнение плановых показателей по ПАО Россети за Январь 2025 года
1,4%1,4%
0,17%0,17%
0,29%0,29%
6,69%6,69%
4,92%4,92%
7,12%7,12%
13,62%13,62%
2,41%2,41%
4,32%4,32%
7,16%7,16%
0,65%0,65%
5,87%5,87%
6,62%6,62%
17,95%17,95%
7,55%7,55%
8,27%8,27%
4,34%4,34%
0,66%0,66%
АО "РЭС"
АО «Тываэнерго»
АО «Чеченэнерго»
Россети Волга
Россети Кубань
Россети Ленэнерго (ГК)
Россети Московский регион
Россети Северный Кавказ (ГК)
Россети Северо-Запад
Россети Сибирь (ГК)
Россети Томск
Россети Тюмень
Россети Урал (ГК)
Россети ФСК ЕЭС
Россети Центр
Россети Центр и Приволжье (ГК)
Россети Юг (ГК)
Россети Янтарь'

17-03-2025T05:15:55 - [MESSAGE][PASSED] - Text of object 'Object Repository/Страница авторизации/Text' is: 'Период
Январь 2025 года
Выручка
Все
ДЗО 
ПАО Россети
Выручка по ДЗО
Выполнение плановых показателей по ПАО Россети за Январь 2025 года
2 275 2 275
0 0
0 0
8 938 8 938
7 813 7 813
11 645 11 645
12 788 12 788
0 0
7 066 7 066
0 0
1 091 1 091
10 368 10 368
10 920 10 920
28 393 28 393
12 599 12 599
13 668 13 668
6 349 6 349
1 064 1 064
2 202 2 202
274 274
463 463
10 568 10 568
7 759 7 759
11 241 11 241
21 497 21 497
3 799 3 799
6 815 6 815
11 296 11 296
1 034 1 034
9 265 9 265
10 446 10 446
28 334 28 334
11 924 11 924
13 055 13 055
6 848 6 848
1 045 1 045
План
Факт
АО "РЭС"
АО «Тываэнерго»
АО «Чеченэнерго»
Россети Волга
Россети Кубань
Россети Ленэнерго (ГК)
Россети Московский регион
Россети Северный Кавказ (ГК)
Россети Северо-Запад
Россети Сибирь (ГК)
Россети Томск
Россети Тюмень
Россети Урал (ГК)
Россети ФСК ЕЭС
Россети Центр
Россети Центр и Приволжье (ГК)
Россети Юг (ГК)
Россети Янтарь
0 млн. руб.
2 500 млн. руб.
5 000 млн. руб.
7 500 млн. руб.
10 000 млн. руб.
12 500 млн. руб.
15 000 млн. руб.
17 500 млн. руб.
20 000 млн. руб.
22 500 млн. руб.
25 000 млн. руб.
27 500 млн. руб.
30 000 млн. руб.
Выполнение плановых показателей по ПАО Россети за Январь 2025 года
1,4%1,4%
0,17%0,17%
0,29%0,29%
6,69%6,69%
4,92%4,92%
7,12%7,12%
13,62%13,62%
2,41%2,41%
4,32%4,32%
7,16%7,16%
0,65%0,65%
5,87%5,87%
6,62%6,62%
17,95%17,95%
7,55%7,55%
8,27%8,27%
4,34%4,34%
0,66%0,66%
АО "РЭС"
АО «Тываэнерго»
АО «Чеченэнерго»
Россети Волга
Россети Кубань
Россети Ленэнерго (ГК)
Россети Московский регион
Россети Северный Кавказ (ГК)
Россети Северо-Запад
Россети Сибирь (ГК)
Россети Томск
Россети Тюмень
Россети Урал (ГК)
Россети ФСК ЕЭС
Россети Центр
Россети Центр и Приволжье (ГК)
Россети Юг (ГК)
Россети Янтарь'

17-03-2025T05:15:55 - [TEST_STEP][PASSED] - if (urlText.contains("ошибка") || urlText.contains(searchWord) == false): null

17-03-2025T05:15:55 - [TEST_STEP][PASSED] - click(findTestObject("Выручка по ДЗО/Фильтр Дата")): Object: 'Object Repository/Выручка по ДЗО/Фильтр Дата' is clicked on

17-03-2025T05:15:55 - [MESSAGE][PASSED] - Object: 'Object Repository/Выручка по ДЗО/Фильтр Дата' is clicked on

17-03-2025T05:15:55 - [TEST_STEP][PASSED] - click(findTestObject("Выручка по ДЗО/Снять выделение в фильтре Дата")): Object: 'Object Repository/Выручка по ДЗО/Снять выделение в фильтре Дата' is clicked on

17-03-2025T05:15:55 - [MESSAGE][PASSED] - Object: 'Object Repository/Выручка по ДЗО/Снять выделение в фильтре Дата' is clicked on

17-03-2025T05:15:55 - [TEST_STEP][PASSED] - click(findTestObject("Выручка по ДЗО/Применить в фильтре Дата")): Object: 'Object Repository/Выручка по ДЗО/Применить в фильтре Дата' is clicked on

17-03-2025T05:15:56 - [MESSAGE][PASSED] - Object: 'Object Repository/Выручка по ДЗО/Применить в фильтре Дата' is clicked on

17-03-2025T05:15:56 - [TEST_STEP][PASSED] - click(findTestObject("Выручка по ДЗО/Фильтр Дата")): Object: 'Object Repository/Выручка по ДЗО/Фильтр Дата' is clicked on

17-03-2025T05:15:58 - [MESSAGE][PASSED] - Object: 'Object Repository/Выручка по ДЗО/Фильтр Дата' is clicked on

17-03-2025T05:15:58 - [TEST_STEP][PASSED] - click(findTestObject("Выручка по ДЗО/Снять выделение в фильтре Дата")): Object: 'Object Repository/Выручка по ДЗО/Снять выделение в фильтре Дата' is clicked on

17-03-2025T05:15:58 - [MESSAGE][PASSED] - Object: 'Object Repository/Выручка по ДЗО/Снять выделение в фильтре Дата' is clicked on

17-03-2025T05:15:58 - [TEST_STEP][PASSED] - scrollToElement(findTestObject("Выручка по ДЗО/2025 список"), 30): Scroll to object 'Object Repository/Выручка по ДЗО/2025 список' successfully

17-03-2025T05:15:58 - [MESSAGE][PASSED] - Scroll to object 'Object Repository/Выручка по ДЗО/2025 список' successfully

17-03-2025T05:15:58 - [TEST_STEP][PASSED] - click(findTestObject("Выручка по ДЗО/2025 список")): Object: 'Object Repository/Выручка по ДЗО/2025 список' is clicked on

17-03-2025T05:15:59 - [MESSAGE][PASSED] - Object: 'Object Repository/Выручка по ДЗО/2025 список' is clicked on

17-03-2025T05:15:59 - [TEST_STEP][PASSED] - scrollToElement(findTestObject("Выручка по ДЗО/1 квартал 2025 список"), 30): Scroll to object 'Object Repository/Выручка по ДЗО/1 квартал 2025 список' successfully

17-03-2025T05:15:59 - [MESSAGE][PASSED] - Scroll to object 'Object Repository/Выручка по ДЗО/1 квартал 2025 список' successfully

17-03-2025T05:15:59 - [TEST_STEP][PASSED] - click(findTestObject("Выручка по ДЗО/1 квартал 2025 список"), CONTINUE_ON_FAILURE): Object: 'Object Repository/Выручка по ДЗО/1 квартал 2025 список' is clicked on

17-03-2025T05:16:00 - [MESSAGE][PASSED] - Object: 'Object Repository/Выручка по ДЗО/1 квартал 2025 список' is clicked on

17-03-2025T05:16:00 - [TEST_STEP][PASSED] - scrollToElement(findTestObject("Выручка по ДЗО/Январь 2025"), 30): Scroll to object 'Object Repository/Выручка по ДЗО/Январь 2025' successfully

17-03-2025T05:16:00 - [MESSAGE][PASSED] - Scroll to object 'Object Repository/Выручка по ДЗО/Январь 2025' successfully

17-03-2025T05:16:00 - [TEST_STEP][PASSED] - click(findTestObject("Выручка по ДЗО/Январь 2025"), CONTINUE_ON_FAILURE): Object: 'Object Repository/Выручка по ДЗО/Январь 2025' is clicked on

17-03-2025T05:16:00 - [MESSAGE][PASSED] - Object: 'Object Repository/Выручка по ДЗО/Январь 2025' is clicked on

17-03-2025T05:16:00 - [TEST_STEP][PASSED] - scrollToElement(findTestObject("Выручка по ДЗО/Заголовок дашборда"), 30): Scroll to object 'Object Repository/Выручка по ДЗО/Заголовок дашборда' successfully

17-03-2025T05:16:01 - [MESSAGE][PASSED] - Scroll to object 'Object Repository/Выручка по ДЗО/Заголовок дашборда' successfully

17-03-2025T05:16:01 - [TEST_STEP][PASSED] - click(findTestObject("Выручка по ДЗО/Применить в фильтре Дата")): Object: 'Object Repository/Выручка по ДЗО/Применить в фильтре Дата' is clicked on

17-03-2025T05:16:01 - [MESSAGE][PASSED] - Object: 'Object Repository/Выручка по ДЗО/Применить в фильтре Дата' is clicked on

17-03-2025T05:16:01 - [TEST_STEP][PASSED] - a3 = "": null

17-03-2025T05:16:01 - [TEST_STEP][PASSED] - a4 = "": null

17-03-2025T05:16:01 - [TEST_STEP][PASSED] - a5 = "": null

17-03-2025T05:16:01 - [TEST_STEP][PASSED] - a6 = "": null

17-03-2025T05:16:01 - [TEST_STEP][PASSED] - a7 = "": null

17-03-2025T05:16:01 - [TEST_STEP][PASSED] - a8 = "": null

17-03-2025T05:16:01 - [TEST_STEP][PASSED] - a9 = "": null

17-03-2025T05:16:01 - [TEST_STEP][PASSED] - if (run == 1): null

17-03-2025T05:16:01 - [TEST_STEP][PASSED] - if (run == 2): null

17-03-2025T05:16:01 - [TEST_STEP][PASSED] - user = "Андреева": null

17-03-2025T05:16:01 - [TEST_STEP][PASSED] - a1 = getText(findTestObject("Выручка по ДЗО/График1 Выполнение плановых показателей Блок руководителя")): Text of object 'Object Repository/Выручка по ДЗО/График1 Выполнение плановых показателей Блок руководителя' is: '2 275 2 275
0 0
0 0
8 938 8 938
7 813 7 813
11 645 11 645
12 788 12 788
0 0
7 066 7 066
0 0
1 091 1 091
10 368 10 368
10 920 10 920
28 393 28 393
12 599 12 599
13 668 13 668
6 349 6 349
1 064 1 064
2 202 2 202
274 274
463 463
10 568 10 568
7 759 7 759
11 241 11 241
21 497 21 497
3 799 3 799
6 815 6 815
11 296 11 296
1 034 1 034
9 265 9 265
10 446 10 446
28 334 28 334
11 924 11 924
13 055 13 055
6 848 6 848
1 045 1 045
План
Факт
АО "РЭС"
АО «Тываэнерго»
АО «Чеченэнерго»
Россети Волга
Россети Кубань
Россети Ленэнерго (ГК)
Россети Московский регион
Россети Северный Кавказ (ГК)
Россети Северо-Запад
Россети Сибирь (ГК)
Россети Томск
Россети Тюмень
Россети Урал (ГК)
Россети ФСК ЕЭС
Россети Центр
Россети Центр и Приволжье (ГК)
Россети Юг (ГК)
Россети Янтарь
0 млн. руб.
2 500 млн. руб.
5 000 млн. руб.
7 500 млн. руб.
10 000 млн. руб.
12 500 млн. руб.
15 000 млн. руб.
17 500 млн. руб.
20 000 млн. руб.
22 500 млн. руб.
25 000 млн. руб.
27 500 млн. руб.
30 000 млн. руб.'

17-03-2025T05:16:02 - [MESSAGE][PASSED] - Text of object 'Object Repository/Выручка по ДЗО/График1 Выполнение плановых показателей Блок руководителя' is: '2 275 2 275
0 0
0 0
8 938 8 938
7 813 7 813
11 645 11 645
12 788 12 788
0 0
7 066 7 066
0 0
1 091 1 091
10 368 10 368
10 920 10 920
28 393 28 393
12 599 12 599
13 668 13 668
6 349 6 349
1 064 1 064
2 202 2 202
274 274
463 463
10 568 10 568
7 759 7 759
11 241 11 241
21 497 21 497
3 799 3 799
6 815 6 815
11 296 11 296
1 034 1 034
9 265 9 265
10 446 10 446
28 334 28 334
11 924 11 924
13 055 13 055
6 848 6 848
1 045 1 045
План
Факт
АО "РЭС"
АО «Тываэнерго»
АО «Чеченэнерго»
Россети Волга
Россети Кубань
Россети Ленэнерго (ГК)
Россети Московский регион
Россети Северный Кавказ (ГК)
Россети Северо-Запад
Россети Сибирь (ГК)
Россети Томск
Россети Тюмень
Россети Урал (ГК)
Россети ФСК ЕЭС
Россети Центр
Россети Центр и Приволжье (ГК)
Россети Юг (ГК)
Россети Янтарь
0 млн. руб.
2 500 млн. руб.
5 000 млн. руб.
7 500 млн. руб.
10 000 млн. руб.
12 500 млн. руб.
15 000 млн. руб.
17 500 млн. руб.
20 000 млн. руб.
22 500 млн. руб.
25 000 млн. руб.
27 500 млн. руб.
30 000 млн. руб.'

17-03-2025T05:16:02 - [TEST_STEP][PASSED] - a2 = getText(findTestObject("Выручка по ДЗО/График2 Выполнение плановых показателей Блок руководителя")): Text of object 'Object Repository/Выручка по ДЗО/График2 Выполнение плановых показателей Блок руководителя' is: '1,4%1,4%
0,17%0,17%
0,29%0,29%
6,69%6,69%
4,92%4,92%
7,12%7,12%
13,62%13,62%
2,41%2,41%
4,32%4,32%
7,16%7,16%
0,65%0,65%
5,87%5,87%
6,62%6,62%
17,95%17,95%
7,55%7,55%
8,27%8,27%
4,34%4,34%
0,66%0,66%
АО "РЭС"
АО «Тываэнерго»
АО «Чеченэнерго»
Россети Волга
Россети Кубань
Россети Ленэнерго (ГК)
Россети Московский регион
Россети Северный Кавказ (ГК)
Россети Северо-Запад
Россети Сибирь (ГК)
Россети Томск
Россети Тюмень
Россети Урал (ГК)
Россети ФСК ЕЭС
Россети Центр
Россети Центр и Приволжье (ГК)
Россети Юг (ГК)
Россети Янтарь
Россети Центр и Приволжье (ГК): 13 054 893,11'

17-03-2025T05:16:03 - [MESSAGE][PASSED] - Text of object 'Object Repository/Выручка по ДЗО/График2 Выполнение плановых показателей Блок руководителя' is: '1,4%1,4%
0,17%0,17%
0,29%0,29%
6,69%6,69%
4,92%4,92%
7,12%7,12%
13,62%13,62%
2,41%2,41%
4,32%4,32%
7,16%7,16%
0,65%0,65%
5,87%5,87%
6,62%6,62%
17,95%17,95%
7,55%7,55%
8,27%8,27%
4,34%4,34%
0,66%0,66%
АО "РЭС"
АО «Тываэнерго»
АО «Чеченэнерго»
Россети Волга
Россети Кубань
Россети Ленэнерго (ГК)
Россети Московский регион
Россети Северный Кавказ (ГК)
Россети Северо-Запад
Россети Сибирь (ГК)
Россети Томск
Россети Тюмень
Россети Урал (ГК)
Россети ФСК ЕЭС
Россети Центр
Россети Центр и Приволжье (ГК)
Россети Юг (ГК)
Россети Янтарь
Россети Центр и Приволжье (ГК): 13 054 893,11'

17-03-2025T05:16:03 - [TEST_STEP][PASSED] - a2 = indexOf("АО «Тываэнерго»")).replaceAll("[а-яА-Я]", ""): null

17-03-2025T05:16:03 - [TEST_STEP][PASSED] - n = n + 28: null

17-03-2025T05:16:03 - [TEST_STEP][PASSED] - b = n - run + 1: null

17-03-2025T05:16:03 - [TEST_STEP][PASSED] - verifyEqual(findTestData("PlanFact").getValue(2, b), a1): Actual object '2 275 2 275
0 0
0 0
8 938 8 938
7 813 7 813
11 645 11 645
12 788 12 788
0 0
7 066 7 066
0 0
1 091 1 091
10 368 10 368
10 920 10 920
28 393 28 393
12 599 12 599
13 668 13 668
6 349 6 349
1 064 1 064
2 202 2 202
274 274
463 463
10 568 10 568
7 759 7 759
11 241 11 241
21 497 21 497
3 799 3 799
6 815 6 815
11 296 11 296
1 034 1 034
9 265 9 265
10 446 10 446
28 334 28 334
11 924 11 924
13 055 13 055
6 848 6 848
1 045 1 045
План
Факт
АО "РЭС"
АО «Тываэнерго»
АО «Чеченэнерго»
Россети Волга
Россети Кубань
Россети Ленэнерго (ГК)
Россети Московский регион
Россети Северный Кавказ (ГК)
Россети Северо-Запад
Россети Сибирь (ГК)
Россети Томск
Россети Тюмень
Россети Урал (ГК)
Россети ФСК ЕЭС
Россети Центр
Россети Центр и Приволжье (ГК)
Россети Юг (ГК)
Россети Янтарь
0 млн. руб.
2 500 млн. руб.
5 000 млн. руб.
7 500 млн. руб.
10 000 млн. руб.
12 500 млн. руб.
15 000 млн. руб.
17 500 млн. руб.
20 000 млн. руб.
22 500 млн. руб.
25 000 млн. руб.
27 500 млн. руб.
30 000 млн. руб.' and expected object '2 275 2 275
0 0
0 0
8 938 8 938
7 813 7 813
11 645 11 645
12 788 12 788
0 0
7 066 7 066
0 0
1 091 1 091
10 368 10 368
10 920 10 920
28 393 28 393
12 599 12 599
13 668 13 668
6 349 6 349
1 064 1 064
2 202 2 202
274 274
463 463
10 568 10 568
7 759 7 759
11 241 11 241
21 497 21 497
3 799 3 799
6 815 6 815
11 296 11 296
1 034 1 034
9 265 9 265
10 446 10 446
28 334 28 334
11 924 11 924
13 055 13 055
6 848 6 848
1 045 1 045
План
Факт
АО "РЭС"
АО «Тываэнерго»
АО «Чеченэнерго»
Россети Волга
Россети Кубань
Россети Ленэнерго (ГК)
Россети Московский регион
Россети Северный Кавказ (ГК)
Россети Северо-Запад
Россети Сибирь (ГК)
Россети Томск
Россети Тюмень
Россети Урал (ГК)
Россети ФСК ЕЭС
Россети Центр
Россети Центр и Приволжье (ГК)
Россети Юг (ГК)
Россети Янтарь
0 млн. руб.
2 500 млн. руб.
5 000 млн. руб.
7 500 млн. руб.
10 000 млн. руб.
12 500 млн. руб.
15 000 млн. руб.
17 500 млн. руб.
20 000 млн. руб.
22 500 млн. руб.
25 000 млн. руб.
27 500 млн. руб.
30 000 млн. руб.' are equal

17-03-2025T05:16:03 - [MESSAGE][PASSED] - Actual object '2 275 2 275
0 0
0 0
8 938 8 938
7 813 7 813
11 645 11 645
12 788 12 788
0 0
7 066 7 066
0 0
1 091 1 091
10 368 10 368
10 920 10 920
28 393 28 393
12 599 12 599
13 668 13 668
6 349 6 349
1 064 1 064
2 202 2 202
274 274
463 463
10 568 10 568
7 759 7 759
11 241 11 241
21 497 21 497
3 799 3 799
6 815 6 815
11 296 11 296
1 034 1 034
9 265 9 265
10 446 10 446
28 334 28 334
11 924 11 924
13 055 13 055
6 848 6 848
1 045 1 045
План
Факт
АО "РЭС"
АО «Тываэнерго»
АО «Чеченэнерго»
Россети Волга
Россети Кубань
Россети Ленэнерго (ГК)
Россети Московский регион
Россети Северный Кавказ (ГК)
Россети Северо-Запад
Россети Сибирь (ГК)
Россети Томск
Россети Тюмень
Россети Урал (ГК)
Россети ФСК ЕЭС
Россети Центр
Россети Центр и Приволжье (ГК)
Россети Юг (ГК)
Россети Янтарь
0 млн. руб.
2 500 млн. руб.
5 000 млн. руб.
7 500 млн. руб.
10 000 млн. руб.
12 500 млн. руб.
15 000 млн. руб.
17 500 млн. руб.
20 000 млн. руб.
22 500 млн. руб.
25 000 млн. руб.
27 500 млн. руб.
30 000 млн. руб.' and expected object '2 275 2 275
0 0
0 0
8 938 8 938
7 813 7 813
11 645 11 645
12 788 12 788
0 0
7 066 7 066
0 0
1 091 1 091
10 368 10 368
10 920 10 920
28 393 28 393
12 599 12 599
13 668 13 668
6 349 6 349
1 064 1 064
2 202 2 202
274 274
463 463
10 568 10 568
7 759 7 759
11 241 11 241
21 497 21 497
3 799 3 799
6 815 6 815
11 296 11 296
1 034 1 034
9 265 9 265
10 446 10 446
28 334 28 334
11 924 11 924
13 055 13 055
6 848 6 848
1 045 1 045
План
Факт
АО "РЭС"
АО «Тываэнерго»
АО «Чеченэнерго»
Россети Волга
Россети Кубань
Россети Ленэнерго (ГК)
Россети Московский регион
Россети Северный Кавказ (ГК)
Россети Северо-Запад
Россети Сибирь (ГК)
Россети Томск
Россети Тюмень
Россети Урал (ГК)
Россети ФСК ЕЭС
Россети Центр
Россети Центр и Приволжье (ГК)
Россети Юг (ГК)
Россети Янтарь
0 млн. руб.
2 500 млн. руб.
5 000 млн. руб.
7 500 млн. руб.
10 000 млн. руб.
12 500 млн. руб.
15 000 млн. руб.
17 500 млн. руб.
20 000 млн. руб.
22 500 млн. руб.
25 000 млн. руб.
27 500 млн. руб.
30 000 млн. руб.' are equal

17-03-2025T05:16:03 - [TEST_STEP][PASSED] - verifyEqual(findTestData("PlanFact").getValue(3, b), a2): Actual object '1,4%1,4%
0,17%0,17%
0,29%0,29%
6,69%6,69%
4,92%4,92%
7,12%7,12%
13,62%13,62%
2,41%2,41%
4,32%4,32%
7,16%7,16%
0,65%0,65%
5,87%5,87%
6,62%6,62%
17,95%17,95%
7,55%7,55%
8,27%8,27%
4,34%4,34%
0,66%0,66%
 ""
' and expected object '1,4%1,4%
0,17%0,17%
0,29%0,29%
6,69%6,69%
4,92%4,92%
7,12%7,12%
13,62%13,62%
2,41%2,41%
4,32%4,32%
7,16%7,16%
0,65%0,65%
5,87%5,87%
6,62%6,62%
17,95%17,95%
7,55%7,55%
8,27%8,27%
4,34%4,34%
0,66%0,66%
 ""
' are equal

17-03-2025T05:16:03 - [MESSAGE][PASSED] - Actual object '1,4%1,4%
0,17%0,17%
0,29%0,29%
6,69%6,69%
4,92%4,92%
7,12%7,12%
13,62%13,62%
2,41%2,41%
4,32%4,32%
7,16%7,16%
0,65%0,65%
5,87%5,87%
6,62%6,62%
17,95%17,95%
7,55%7,55%
8,27%8,27%
4,34%4,34%
0,66%0,66%
 ""
' and expected object '1,4%1,4%
0,17%0,17%
0,29%0,29%
6,69%6,69%
4,92%4,92%
7,12%7,12%
13,62%13,62%
2,41%2,41%
4,32%4,32%
7,16%7,16%
0,65%0,65%
5,87%5,87%
6,62%6,62%
17,95%17,95%
7,55%7,55%
8,27%8,27%
4,34%4,34%
0,66%0,66%
 ""
' are equal

17-03-2025T05:16:03 - [TEST_STEP][PASSED] - Script1686231490255.WriteToExcel(user, dashboardName, n, data, run, a1, a2, a3, a4, a5, a6, a7, a8, a9): null

17-03-2025T05:16:03 - [TEST_STEP][PASSED] - sheetName = "Sheet1": null

17-03-2025T05:16:03 - [TEST_STEP][PASSED] - workbook01 = getWorkbook(excelFilePath): null

17-03-2025T05:16:03 - [TEST_STEP][PASSED] - sheet01 = getExcelSheet(workbook01, sheetName): null

17-03-2025T05:16:03 - [TEST_STEP][PASSED] - setValueToCellByIndex(sheet01, n, 0, dashboardName): null

17-03-2025T05:16:03 - [TEST_STEP][PASSED] - setValueToCellByIndex(sheet01, n, 10, user): null

17-03-2025T05:16:03 - [TEST_STEP][PASSED] - setValueToCellByIndex(sheet01, n, 1, a1): null

17-03-2025T05:16:03 - [TEST_STEP][PASSED] - setValueToCellByIndex(sheet01, n, 2, a2): null

17-03-2025T05:16:03 - [TEST_STEP][PASSED] - setValueToCellByIndex(sheet01, n, 3, a3): null

17-03-2025T05:16:03 - [TEST_STEP][PASSED] - setValueToCellByIndex(sheet01, n, 4, a4): null

17-03-2025T05:16:03 - [TEST_STEP][PASSED] - setValueToCellByIndex(sheet01, n, 5, a5): null

17-03-2025T05:16:03 - [TEST_STEP][PASSED] - setValueToCellByIndex(sheet01, n, 6, a6): null

17-03-2025T05:16:03 - [TEST_STEP][PASSED] - setValueToCellByIndex(sheet01, n, 7, a7): null

17-03-2025T05:16:03 - [TEST_STEP][PASSED] - setValueToCellByIndex(sheet01, n, 8, a8): null

17-03-2025T05:16:03 - [TEST_STEP][PASSED] - setValueToCellByIndex(sheet01, n, 9, a9): null

17-03-2025T05:16:03 - [TEST_STEP][PASSED] - n = n + 1: null

17-03-2025T05:16:03 - [TEST_STEP][PASSED] - saveWorkbook(excelFilePath, workbook01): null

17-03-2025T05:16:03 - [TEST_STEP][PASSED] - if (run == 3): null

17-03-2025T05:16:03 - [TEST_STEP][PASSED] - closeBrowser(): null

17-03-2025T05:16:03 - [MESSAGE][PASSED] - Browser is closed

17-03-2025T05:16:03 - [TEST_STEP][PASSED] - ViruchkaPoDZO(user, dashboardName, n, data, run, a1, a2, a3, a4, a5, a6, a7, a8, a9, urlData): null

17-03-2025T05:16:03 - [TEST_STEP][PASSED] - n = data.getRowNumbers() + 1: null

17-03-2025T05:16:03 - [TEST_STEP][PASSED] - println(n): null

17-03-2025T05:16:03 - [TEST_STEP][PASSED] - dashboardName = "Выручка по ДЗО": null

17-03-2025T05:16:03 - [TEST_STEP][PASSED] - openBrowser(""): Browser is opened with url: ''

17-03-2025T05:16:03 - [MESSAGE][INFO] - Starting 'Chrome' driver

17-03-2025T05:16:03 - [MESSAGE][INFO] - Action delay is set to 0 milliseconds

17-03-2025T05:16:04 - [MESSAGE][PASSED] - Browser is opened with url: ''

17-03-2025T05:16:04 - [TEST_STEP][PASSED] - urlData = 5: null

17-03-2025T05:16:04 - [TEST_STEP][PASSED] - Script1686231490255.CheckPageDownload(urlData, run): null

17-03-2025T05:16:04 - [TEST_STEP][PASSED] - i = 1: null

17-03-2025T05:16:04 - [TEST_STEP][PASSED] - ii = 0: null

17-03-2025T05:16:04 - [TEST_STEP][PASSED] - urlText = <not implemented yet for class: org.codehaus.groovy.ast.expr.EmptyExpression>: null

17-03-2025T05:16:04 - [TEST_STEP][PASSED] - searchWord = <not implemented yet for class: org.codehaus.groovy.ast.expr.EmptyExpression>: null

17-03-2025T05:16:04 - [TEST_STEP][PASSED] - deleteAllCookies(): Delete all cookies successfully

17-03-2025T05:16:04 - [MESSAGE][PASSED] - Delete all cookies successfully

17-03-2025T05:16:04 - [TEST_STEP][PASSED] - refresh(): Refresh successfully

17-03-2025T05:16:04 - [MESSAGE][PASSED] - Refresh successfully

17-03-2025T05:16:04 - [TEST_STEP][PASSED] - delay(70): Delayed 70 second(s)

17-03-2025T05:17:14 - [MESSAGE][PASSED] - Delayed 70 second(s)

17-03-2025T05:17:14 - [TEST_STEP][PASSED] - navigateToUrl(findTestData("PlanFact").getValue(10, urlData)): Navigate to 'https://bi.rosseti.digital/viewer?dashboardGuid=2301950b23be4ed89c1df75f2020051e&sheetGuid=31530aa0b6664c09b016b7f2ab9d853e&fit=true' successfully

17-03-2025T05:17:18 - [MESSAGE][PASSED] - Navigate to 'https://bi.rosseti.digital/viewer?dashboardGuid=2301950b23be4ed89c1df75f2020051e&sheetGuid=31530aa0b6664c09b016b7f2ab9d853e&fit=true' successfully

17-03-2025T05:17:18 - [TEST_STEP][PASSED] - pageLoaded1 = verifyElementPresent(findTestObject("Страница авторизации/Text"), 30): Object 'Object Repository/Страница авторизации/Text' is present

17-03-2025T05:17:20 - [MESSAGE][PASSED] - Object 'Object Repository/Страница авторизации/Text' is present

17-03-2025T05:17:20 - [TEST_STEP][PASSED] - if (pageLoaded1 == false): null

17-03-2025T05:17:20 - [TEST_STEP][PASSED] - urlText = getText(findTestObject("Страница авторизации/Text")): Text of object 'Object Repository/Страница авторизации/Text' is: 'Вход'

17-03-2025T05:17:20 - [MESSAGE][PASSED] - Text of object 'Object Repository/Страница авторизации/Text' is: 'Вход'

17-03-2025T05:17:20 - [TEST_STEP][PASSED] - delay(70): Delayed 70 second(s)

17-03-2025T05:18:30 - [MESSAGE][PASSED] - Delayed 70 second(s)

17-03-2025T05:18:30 - [TEST_STEP][PASSED] - searchWord = "Вход": null

17-03-2025T05:18:30 - [TEST_STEP][PASSED] - if (urlText.contains(searchWord) == false): null

17-03-2025T05:18:30 - [TEST_STEP][PASSED] - setText(findTestObject("Страница авторизации/input__username"), findTestData("PlanFact").getValue(8, run)): Text 'Petrova-OV' is set on object 'Object Repository/Страница авторизации/input__username'

17-03-2025T05:18:30 - [MESSAGE][PASSED] - Text 'Petrova-OV' is set on object 'Object Repository/Страница авторизации/input__username'

17-03-2025T05:18:30 - [TEST_STEP][PASSED] - setText(findTestObject("Страница авторизации/input__password"), findTestData("PlanFact").getValue(9, run)): Text '4Ex@~R53r&3x&BVe7' is set on object 'Object Repository/Страница авторизации/input__password'

17-03-2025T05:18:31 - [MESSAGE][PASSED] - Text '4Ex@~R53r&3x&BVe7' is set on object 'Object Repository/Страница авторизации/input__password'

17-03-2025T05:18:31 - [TEST_STEP][PASSED] - click(findTestObject("Страница авторизации/button_")): Object: 'Object Repository/Страница авторизации/button_' is clicked on

17-03-2025T05:18:33 - [MESSAGE][PASSED] - Object: 'Object Repository/Страница авторизации/button_' is clicked on

17-03-2025T05:18:33 - [TEST_STEP][PASSED] - delay(70): Delayed 70 second(s)

17-03-2025T05:19:43 - [MESSAGE][PASSED] - Delayed 70 second(s)

17-03-2025T05:19:43 - [TEST_STEP][PASSED] - searchWord = "а": null

17-03-2025T05:19:43 - [TEST_STEP][PASSED] - pageLoaded2 = verifyElementPresent(findTestObject("Страница авторизации/Text"), 50): Object 'Object Repository/Страница авторизации/Text' is present

17-03-2025T05:19:43 - [MESSAGE][PASSED] - Object 'Object Repository/Страница авторизации/Text' is present

17-03-2025T05:19:43 - [TEST_STEP][PASSED] - if (pageLoaded2 == false): null

17-03-2025T05:19:43 - [TEST_STEP][PASSED] - urlText = getText(findTestObject("Страница авторизации/Text")): Text of object 'Object Repository/Страница авторизации/Text' is: 'Период
Январь 2025 года
Выручка
Все
ДЗО 
ПАО Россети
Выручка по ДЗО
Выполнение плановых показателей по ПАО Россети за Январь 2025 года
2 275 2 275
0 0
0 0
8 938 8 938
7 813 7 813
11 645 11 645
12 788 12 788
0 0
7 066 7 066
0 0
1 091 1 091
10 368 10 368
10 920 10 920
28 393 28 393
12 599 12 599
13 668 13 668
6 349 6 349
1 064 1 064
2 202 2 202
274 274
463 463
10 568 10 568
7 759 7 759
11 241 11 241
21 497 21 497
3 799 3 799
6 815 6 815
11 296 11 296
1 034 1 034
9 265 9 265
10 446 10 446
28 334 28 334
11 924 11 924
13 055 13 055
6 848 6 848
1 045 1 045
План
Факт
АО "РЭС"
АО «Тываэнерго»
АО «Чеченэнерго»
Россети Волга
Россети Кубань
Россети Ленэнерго (ГК)
Россети Московский регион
Россети Северный Кавказ (ГК)
Россети Северо-Запад
Россети Сибирь (ГК)
Россети Томск
Россети Тюмень
Россети Урал (ГК)
Россети ФСК ЕЭС
Россети Центр
Россети Центр и Приволжье (ГК)
Россети Юг (ГК)
Россети Янтарь
0 млн. руб.
2 500 млн. руб.
5 000 млн. руб.
7 500 млн. руб.
10 000 млн. руб.
12 500 млн. руб.
15 000 млн. руб.
17 500 млн. руб.
20 000 млн. руб.
22 500 млн. руб.
25 000 млн. руб.
27 500 млн. руб.
30 000 млн. руб.
Выполнение плановых показателей по ПАО Россети за Январь 2025 года
1,4%1,4%
0,17%0,17%
0,29%0,29%
6,69%6,69%
4,92%4,92%
7,12%7,12%
13,62%13,62%
2,41%2,41%
4,32%4,32%
7,16%7,16%
0,65%0,65%
5,87%5,87%
6,62%6,62%
17,95%17,95%
7,55%7,55%
8,27%8,27%
4,34%4,34%
0,66%0,66%
АО "РЭС"
АО «Тываэнерго»
АО «Чеченэнерго»
Россети Волга
Россети Кубань
Россети Ленэнерго (ГК)
Россети Московский регион
Россети Северный Кавказ (ГК)
Россети Северо-Запад
Россети Сибирь (ГК)
Россети Томск
Россети Тюмень
Россети Урал (ГК)
Россети ФСК ЕЭС
Россети Центр
Россети Центр и Приволжье (ГК)
Россети Юг (ГК)
Россети Янтарь'

17-03-2025T05:19:44 - [MESSAGE][PASSED] - Text of object 'Object Repository/Страница авторизации/Text' is: 'Период
Январь 2025 года
Выручка
Все
ДЗО 
ПАО Россети
Выручка по ДЗО
Выполнение плановых показателей по ПАО Россети за Январь 2025 года
2 275 2 275
0 0
0 0
8 938 8 938
7 813 7 813
11 645 11 645
12 788 12 788
0 0
7 066 7 066
0 0
1 091 1 091
10 368 10 368
10 920 10 920
28 393 28 393
12 599 12 599
13 668 13 668
6 349 6 349
1 064 1 064
2 202 2 202
274 274
463 463
10 568 10 568
7 759 7 759
11 241 11 241
21 497 21 497
3 799 3 799
6 815 6 815
11 296 11 296
1 034 1 034
9 265 9 265
10 446 10 446
28 334 28 334
11 924 11 924
13 055 13 055
6 848 6 848
1 045 1 045
План
Факт
АО "РЭС"
АО «Тываэнерго»
АО «Чеченэнерго»
Россети Волга
Россети Кубань
Россети Ленэнерго (ГК)
Россети Московский регион
Россети Северный Кавказ (ГК)
Россети Северо-Запад
Россети Сибирь (ГК)
Россети Томск
Россети Тюмень
Россети Урал (ГК)
Россети ФСК ЕЭС
Россети Центр
Россети Центр и Приволжье (ГК)
Россети Юг (ГК)
Россети Янтарь
0 млн. руб.
2 500 млн. руб.
5 000 млн. руб.
7 500 млн. руб.
10 000 млн. руб.
12 500 млн. руб.
15 000 млн. руб.
17 500 млн. руб.
20 000 млн. руб.
22 500 млн. руб.
25 000 млн. руб.
27 500 млн. руб.
30 000 млн. руб.
Выполнение плановых показателей по ПАО Россети за Январь 2025 года
1,4%1,4%
0,17%0,17%
0,29%0,29%
6,69%6,69%
4,92%4,92%
7,12%7,12%
13,62%13,62%
2,41%2,41%
4,32%4,32%
7,16%7,16%
0,65%0,65%
5,87%5,87%
6,62%6,62%
17,95%17,95%
7,55%7,55%
8,27%8,27%
4,34%4,34%
0,66%0,66%
АО "РЭС"
АО «Тываэнерго»
АО «Чеченэнерго»
Россети Волга
Россети Кубань
Россети Ленэнерго (ГК)
Россети Московский регион
Россети Северный Кавказ (ГК)
Россети Северо-Запад
Россети Сибирь (ГК)
Россети Томск
Россети Тюмень
Россети Урал (ГК)
Россети ФСК ЕЭС
Россети Центр
Россети Центр и Приволжье (ГК)
Россети Юг (ГК)
Россети Янтарь'

17-03-2025T05:19:44 - [TEST_STEP][PASSED] - if (urlText.contains("ошибка") || urlText.contains(searchWord) == false): null

17-03-2025T05:19:44 - [TEST_STEP][PASSED] - click(findTestObject("Выручка по ДЗО/Фильтр Дата")): Object: 'Object Repository/Выручка по ДЗО/Фильтр Дата' is clicked on

17-03-2025T05:19:44 - [MESSAGE][PASSED] - Object: 'Object Repository/Выручка по ДЗО/Фильтр Дата' is clicked on

17-03-2025T05:19:44 - [TEST_STEP][PASSED] - click(findTestObject("Выручка по ДЗО/Снять выделение в фильтре Дата")): Object: 'Object Repository/Выручка по ДЗО/Снять выделение в фильтре Дата' is clicked on

17-03-2025T05:19:44 - [MESSAGE][PASSED] - Object: 'Object Repository/Выручка по ДЗО/Снять выделение в фильтре Дата' is clicked on

17-03-2025T05:19:44 - [TEST_STEP][PASSED] - click(findTestObject("Выручка по ДЗО/Применить в фильтре Дата")): Object: 'Object Repository/Выручка по ДЗО/Применить в фильтре Дата' is clicked on

17-03-2025T05:19:45 - [MESSAGE][PASSED] - Object: 'Object Repository/Выручка по ДЗО/Применить в фильтре Дата' is clicked on

17-03-2025T05:19:45 - [TEST_STEP][PASSED] - click(findTestObject("Выручка по ДЗО/Фильтр Дата")): Object: 'Object Repository/Выручка по ДЗО/Фильтр Дата' is clicked on

17-03-2025T05:19:47 - [MESSAGE][PASSED] - Object: 'Object Repository/Выручка по ДЗО/Фильтр Дата' is clicked on

17-03-2025T05:19:47 - [TEST_STEP][PASSED] - click(findTestObject("Выручка по ДЗО/Снять выделение в фильтре Дата")): Object: 'Object Repository/Выручка по ДЗО/Снять выделение в фильтре Дата' is clicked on

17-03-2025T05:19:47 - [MESSAGE][PASSED] - Object: 'Object Repository/Выручка по ДЗО/Снять выделение в фильтре Дата' is clicked on

17-03-2025T05:19:47 - [TEST_STEP][PASSED] - scrollToElement(findTestObject("Выручка по ДЗО/2025 список"), 30): Scroll to object 'Object Repository/Выручка по ДЗО/2025 список' successfully

17-03-2025T05:19:47 - [MESSAGE][PASSED] - Scroll to object 'Object Repository/Выручка по ДЗО/2025 список' successfully

17-03-2025T05:19:47 - [TEST_STEP][PASSED] - click(findTestObject("Выручка по ДЗО/2025 список")): Object: 'Object Repository/Выручка по ДЗО/2025 список' is clicked on

17-03-2025T05:19:48 - [MESSAGE][PASSED] - Object: 'Object Repository/Выручка по ДЗО/2025 список' is clicked on

17-03-2025T05:19:48 - [TEST_STEP][PASSED] - scrollToElement(findTestObject("Выручка по ДЗО/1 квартал 2025 список"), 30): Scroll to object 'Object Repository/Выручка по ДЗО/1 квартал 2025 список' successfully

17-03-2025T05:19:48 - [MESSAGE][PASSED] - Scroll to object 'Object Repository/Выручка по ДЗО/1 квартал 2025 список' successfully

17-03-2025T05:19:48 - [TEST_STEP][PASSED] - click(findTestObject("Выручка по ДЗО/1 квартал 2025 список"), CONTINUE_ON_FAILURE): Object: 'Object Repository/Выручка по ДЗО/1 квартал 2025 список' is clicked on

17-03-2025T05:19:49 - [MESSAGE][PASSED] - Object: 'Object Repository/Выручка по ДЗО/1 квартал 2025 список' is clicked on

17-03-2025T05:19:49 - [TEST_STEP][PASSED] - scrollToElement(findTestObject("Выручка по ДЗО/Январь 2025"), 30): Scroll to object 'Object Repository/Выручка по ДЗО/Январь 2025' successfully

17-03-2025T05:19:49 - [MESSAGE][PASSED] - Scroll to object 'Object Repository/Выручка по ДЗО/Январь 2025' successfully

17-03-2025T05:19:49 - [TEST_STEP][PASSED] - click(findTestObject("Выручка по ДЗО/Январь 2025"), CONTINUE_ON_FAILURE): Object: 'Object Repository/Выручка по ДЗО/Январь 2025' is clicked on

17-03-2025T05:19:49 - [MESSAGE][PASSED] - Object: 'Object Repository/Выручка по ДЗО/Январь 2025' is clicked on

17-03-2025T05:19:49 - [TEST_STEP][PASSED] - scrollToElement(findTestObject("Выручка по ДЗО/Заголовок дашборда"), 30): Scroll to object 'Object Repository/Выручка по ДЗО/Заголовок дашборда' successfully

17-03-2025T05:19:50 - [MESSAGE][PASSED] - Scroll to object 'Object Repository/Выручка по ДЗО/Заголовок дашборда' successfully

17-03-2025T05:19:50 - [TEST_STEP][PASSED] - click(findTestObject("Выручка по ДЗО/Применить в фильтре Дата")): Object: 'Object Repository/Выручка по ДЗО/Применить в фильтре Дата' is clicked on

17-03-2025T05:19:50 - [MESSAGE][PASSED] - Object: 'Object Repository/Выручка по ДЗО/Применить в фильтре Дата' is clicked on

17-03-2025T05:19:50 - [TEST_STEP][PASSED] - a3 = "": null

17-03-2025T05:19:50 - [TEST_STEP][PASSED] - a4 = "": null

17-03-2025T05:19:50 - [TEST_STEP][PASSED] - a5 = "": null

17-03-2025T05:19:50 - [TEST_STEP][PASSED] - a6 = "": null

17-03-2025T05:19:50 - [TEST_STEP][PASSED] - a7 = "": null

17-03-2025T05:19:50 - [TEST_STEP][PASSED] - a8 = "": null

17-03-2025T05:19:50 - [TEST_STEP][PASSED] - a9 = "": null

17-03-2025T05:19:50 - [TEST_STEP][PASSED] - if (run == 1): null

17-03-2025T05:19:50 - [TEST_STEP][PASSED] - if (run == 2): null

17-03-2025T05:19:50 - [TEST_STEP][PASSED] - if (run == 3): null

17-03-2025T05:19:50 - [TEST_STEP][PASSED] - user = "Попова": null

17-03-2025T05:19:50 - [TEST_STEP][PASSED] - a1 = getText(findTestObject("Выручка по ДЗО/График1 Выполнение плановых показателей Блок руководителя")): Text of object 'Object Repository/Выручка по ДЗО/График1 Выполнение плановых показателей Блок руководителя' is: '2 275 2 275
0 0
0 0
8 938 8 938
7 813 7 813
11 645 11 645
12 788 12 788
0 0
7 066 7 066
0 0
1 091 1 091
10 368 10 368
10 920 10 920
28 393 28 393
12 599 12 599
13 668 13 668
6 349 6 349
1 064 1 064
2 202 2 202
274 274
463 463
10 568 10 568
7 759 7 759
11 241 11 241
21 497 21 497
3 799 3 799
6 815 6 815
11 296 11 296
1 034 1 034
9 265 9 265
10 446 10 446
28 334 28 334
11 924 11 924
13 055 13 055
6 848 6 848
1 045 1 045
План
Факт
АО "РЭС"
АО «Тываэнерго»
АО «Чеченэнерго»
Россети Волга
Россети Кубань
Россети Ленэнерго (ГК)
Россети Московский регион
Россети Северный Кавказ (ГК)
Россети Северо-Запад
Россети Сибирь (ГК)
Россети Томск
Россети Тюмень
Россети Урал (ГК)
Россети ФСК ЕЭС
Россети Центр
Россети Центр и Приволжье (ГК)
Россети Юг (ГК)
Россети Янтарь
0 млн. руб.
2 500 млн. руб.
5 000 млн. руб.
7 500 млн. руб.
10 000 млн. руб.
12 500 млн. руб.
15 000 млн. руб.
17 500 млн. руб.
20 000 млн. руб.
22 500 млн. руб.
25 000 млн. руб.
27 500 млн. руб.
30 000 млн. руб.'

17-03-2025T05:19:51 - [MESSAGE][PASSED] - Text of object 'Object Repository/Выручка по ДЗО/График1 Выполнение плановых показателей Блок руководителя' is: '2 275 2 275
0 0
0 0
8 938 8 938
7 813 7 813
11 645 11 645
12 788 12 788
0 0
7 066 7 066
0 0
1 091 1 091
10 368 10 368
10 920 10 920
28 393 28 393
12 599 12 599
13 668 13 668
6 349 6 349
1 064 1 064
2 202 2 202
274 274
463 463
10 568 10 568
7 759 7 759
11 241 11 241
21 497 21 497
3 799 3 799
6 815 6 815
11 296 11 296
1 034 1 034
9 265 9 265
10 446 10 446
28 334 28 334
11 924 11 924
13 055 13 055
6 848 6 848
1 045 1 045
План
Факт
АО "РЭС"
АО «Тываэнерго»
АО «Чеченэнерго»
Россети Волга
Россети Кубань
Россети Ленэнерго (ГК)
Россети Московский регион
Россети Северный Кавказ (ГК)
Россети Северо-Запад
Россети Сибирь (ГК)
Россети Томск
Россети Тюмень
Россети Урал (ГК)
Россети ФСК ЕЭС
Россети Центр
Россети Центр и Приволжье (ГК)
Россети Юг (ГК)
Россети Янтарь
0 млн. руб.
2 500 млн. руб.
5 000 млн. руб.
7 500 млн. руб.
10 000 млн. руб.
12 500 млн. руб.
15 000 млн. руб.
17 500 млн. руб.
20 000 млн. руб.
22 500 млн. руб.
25 000 млн. руб.
27 500 млн. руб.
30 000 млн. руб.'

17-03-2025T05:19:51 - [TEST_STEP][PASSED] - a2 = getText(findTestObject("Выручка по ДЗО/График2 Выполнение плановых показателей Блок руководителя")): Text of object 'Object Repository/Выручка по ДЗО/График2 Выполнение плановых показателей Блок руководителя' is: '1,4%1,4%
0,17%0,17%
0,29%0,29%
6,69%6,69%
4,92%4,92%
7,12%7,12%
13,62%13,62%
2,41%2,41%
4,32%4,32%
7,16%7,16%
0,65%0,65%
5,87%5,87%
6,62%6,62%
17,95%17,95%
7,55%7,55%
8,27%8,27%
4,34%4,34%
0,66%0,66%
АО "РЭС"
АО «Тываэнерго»
АО «Чеченэнерго»
Россети Волга
Россети Кубань
Россети Ленэнерго (ГК)
Россети Московский регион
Россети Северный Кавказ (ГК)
Россети Северо-Запад
Россети Сибирь (ГК)
Россети Томск
Россети Тюмень
Россети Урал (ГК)
Россети ФСК ЕЭС
Россети Центр
Россети Центр и Приволжье (ГК)
Россети Юг (ГК)
Россети Янтарь
Россети Центр и Приволжье (ГК): 13 054 893,11'

17-03-2025T05:19:51 - [MESSAGE][PASSED] - Text of object 'Object Repository/Выручка по ДЗО/График2 Выполнение плановых показателей Блок руководителя' is: '1,4%1,4%
0,17%0,17%
0,29%0,29%
6,69%6,69%
4,92%4,92%
7,12%7,12%
13,62%13,62%
2,41%2,41%
4,32%4,32%
7,16%7,16%
0,65%0,65%
5,87%5,87%
6,62%6,62%
17,95%17,95%
7,55%7,55%
8,27%8,27%
4,34%4,34%
0,66%0,66%
АО "РЭС"
АО «Тываэнерго»
АО «Чеченэнерго»
Россети Волга
Россети Кубань
Россети Ленэнерго (ГК)
Россети Московский регион
Россети Северный Кавказ (ГК)
Россети Северо-Запад
Россети Сибирь (ГК)
Россети Томск
Россети Тюмень
Россети Урал (ГК)
Россети ФСК ЕЭС
Россети Центр
Россети Центр и Приволжье (ГК)
Россети Юг (ГК)
Россети Янтарь
Россети Центр и Приволжье (ГК): 13 054 893,11'

17-03-2025T05:19:51 - [TEST_STEP][PASSED] - a2 = indexOf("АО «Тываэнерго»")).replaceAll("[а-яА-Я]", ""): null

17-03-2025T05:19:51 - [TEST_STEP][PASSED] - n = n + 29: null

17-03-2025T05:19:51 - [TEST_STEP][PASSED] - b = n - run + 1: null

17-03-2025T05:19:51 - [TEST_STEP][PASSED] - verifyEqual(findTestData("PlanFact").getValue(2, b), a1): Actual object '2 275 2 275
0 0
0 0
8 938 8 938
7 813 7 813
11 645 11 645
12 788 12 788
0 0
7 066 7 066
0 0
1 091 1 091
10 368 10 368
10 920 10 920
28 393 28 393
12 599 12 599
13 668 13 668
6 349 6 349
1 064 1 064
2 202 2 202
274 274
463 463
10 568 10 568
7 759 7 759
11 241 11 241
21 497 21 497
3 799 3 799
6 815 6 815
11 296 11 296
1 034 1 034
9 265 9 265
10 446 10 446
28 334 28 334
11 924 11 924
13 055 13 055
6 848 6 848
1 045 1 045
План
Факт
АО "РЭС"
АО «Тываэнерго»
АО «Чеченэнерго»
Россети Волга
Россети Кубань
Россети Ленэнерго (ГК)
Россети Московский регион
Россети Северный Кавказ (ГК)
Россети Северо-Запад
Россети Сибирь (ГК)
Россети Томск
Россети Тюмень
Россети Урал (ГК)
Россети ФСК ЕЭС
Россети Центр
Россети Центр и Приволжье (ГК)
Россети Юг (ГК)
Россети Янтарь
0 млн. руб.
2 500 млн. руб.
5 000 млн. руб.
7 500 млн. руб.
10 000 млн. руб.
12 500 млн. руб.
15 000 млн. руб.
17 500 млн. руб.
20 000 млн. руб.
22 500 млн. руб.
25 000 млн. руб.
27 500 млн. руб.
30 000 млн. руб.' and expected object '2 275 2 275
0 0
0 0
8 938 8 938
7 813 7 813
11 645 11 645
12 788 12 788
0 0
7 066 7 066
0 0
1 091 1 091
10 368 10 368
10 920 10 920
28 393 28 393
12 599 12 599
13 668 13 668
6 349 6 349
1 064 1 064
2 202 2 202
274 274
463 463
10 568 10 568
7 759 7 759
11 241 11 241
21 497 21 497
3 799 3 799
6 815 6 815
11 296 11 296
1 034 1 034
9 265 9 265
10 446 10 446
28 334 28 334
11 924 11 924
13 055 13 055
6 848 6 848
1 045 1 045
План
Факт
АО "РЭС"
АО «Тываэнерго»
АО «Чеченэнерго»
Россети Волга
Россети Кубань
Россети Ленэнерго (ГК)
Россети Московский регион
Россети Северный Кавказ (ГК)
Россети Северо-Запад
Россети Сибирь (ГК)
Россети Томск
Россети Тюмень
Россети Урал (ГК)
Россети ФСК ЕЭС
Россети Центр
Россети Центр и Приволжье (ГК)
Россети Юг (ГК)
Россети Янтарь
0 млн. руб.
2 500 млн. руб.
5 000 млн. руб.
7 500 млн. руб.
10 000 млн. руб.
12 500 млн. руб.
15 000 млн. руб.
17 500 млн. руб.
20 000 млн. руб.
22 500 млн. руб.
25 000 млн. руб.
27 500 млн. руб.
30 000 млн. руб.' are equal

17-03-2025T05:19:51 - [MESSAGE][PASSED] - Actual object '2 275 2 275
0 0
0 0
8 938 8 938
7 813 7 813
11 645 11 645
12 788 12 788
0 0
7 066 7 066
0 0
1 091 1 091
10 368 10 368
10 920 10 920
28 393 28 393
12 599 12 599
13 668 13 668
6 349 6 349
1 064 1 064
2 202 2 202
274 274
463 463
10 568 10 568
7 759 7 759
11 241 11 241
21 497 21 497
3 799 3 799
6 815 6 815
11 296 11 296
1 034 1 034
9 265 9 265
10 446 10 446
28 334 28 334
11 924 11 924
13 055 13 055
6 848 6 848
1 045 1 045
План
Факт
АО "РЭС"
АО «Тываэнерго»
АО «Чеченэнерго»
Россети Волга
Россети Кубань
Россети Ленэнерго (ГК)
Россети Московский регион
Россети Северный Кавказ (ГК)
Россети Северо-Запад
Россети Сибирь (ГК)
Россети Томск
Россети Тюмень
Россети Урал (ГК)
Россети ФСК ЕЭС
Россети Центр
Россети Центр и Приволжье (ГК)
Россети Юг (ГК)
Россети Янтарь
0 млн. руб.
2 500 млн. руб.
5 000 млн. руб.
7 500 млн. руб.
10 000 млн. руб.
12 500 млн. руб.
15 000 млн. руб.
17 500 млн. руб.
20 000 млн. руб.
22 500 млн. руб.
25 000 млн. руб.
27 500 млн. руб.
30 000 млн. руб.' and expected object '2 275 2 275
0 0
0 0
8 938 8 938
7 813 7 813
11 645 11 645
12 788 12 788
0 0
7 066 7 066
0 0
1 091 1 091
10 368 10 368
10 920 10 920
28 393 28 393
12 599 12 599
13 668 13 668
6 349 6 349
1 064 1 064
2 202 2 202
274 274
463 463
10 568 10 568
7 759 7 759
11 241 11 241
21 497 21 497
3 799 3 799
6 815 6 815
11 296 11 296
1 034 1 034
9 265 9 265
10 446 10 446
28 334 28 334
11 924 11 924
13 055 13 055
6 848 6 848
1 045 1 045
План
Факт
АО "РЭС"
АО «Тываэнерго»
АО «Чеченэнерго»
Россети Волга
Россети Кубань
Россети Ленэнерго (ГК)
Россети Московский регион
Россети Северный Кавказ (ГК)
Россети Северо-Запад
Россети Сибирь (ГК)
Россети Томск
Россети Тюмень
Россети Урал (ГК)
Россети ФСК ЕЭС
Россети Центр
Россети Центр и Приволжье (ГК)
Россети Юг (ГК)
Россети Янтарь
0 млн. руб.
2 500 млн. руб.
5 000 млн. руб.
7 500 млн. руб.
10 000 млн. руб.
12 500 млн. руб.
15 000 млн. руб.
17 500 млн. руб.
20 000 млн. руб.
22 500 млн. руб.
25 000 млн. руб.
27 500 млн. руб.
30 000 млн. руб.' are equal

17-03-2025T05:19:51 - [TEST_STEP][PASSED] - verifyEqual(findTestData("PlanFact").getValue(3, b), a2): Actual object '1,4%1,4%
0,17%0,17%
0,29%0,29%
6,69%6,69%
4,92%4,92%
7,12%7,12%
13,62%13,62%
2,41%2,41%
4,32%4,32%
7,16%7,16%
0,65%0,65%
5,87%5,87%
6,62%6,62%
17,95%17,95%
7,55%7,55%
8,27%8,27%
4,34%4,34%
0,66%0,66%
 ""
' and expected object '1,4%1,4%
0,17%0,17%
0,29%0,29%
6,69%6,69%
4,92%4,92%
7,12%7,12%
13,62%13,62%
2,41%2,41%
4,32%4,32%
7,16%7,16%
0,65%0,65%
5,87%5,87%
6,62%6,62%
17,95%17,95%
7,55%7,55%
8,27%8,27%
4,34%4,34%
0,66%0,66%
 ""
' are equal

17-03-2025T05:19:51 - [MESSAGE][PASSED] - Actual object '1,4%1,4%
0,17%0,17%
0,29%0,29%
6,69%6,69%
4,92%4,92%
7,12%7,12%
13,62%13,62%
2,41%2,41%
4,32%4,32%
7,16%7,16%
0,65%0,65%
5,87%5,87%
6,62%6,62%
17,95%17,95%
7,55%7,55%
8,27%8,27%
4,34%4,34%
0,66%0,66%
 ""
' and expected object '1,4%1,4%
0,17%0,17%
0,29%0,29%
6,69%6,69%
4,92%4,92%
7,12%7,12%
13,62%13,62%
2,41%2,41%
4,32%4,32%
7,16%7,16%
0,65%0,65%
5,87%5,87%
6,62%6,62%
17,95%17,95%
7,55%7,55%
8,27%8,27%
4,34%4,34%
0,66%0,66%
 ""
' are equal

17-03-2025T05:19:51 - [TEST_STEP][PASSED] - Script1686231490255.WriteToExcel(user, dashboardName, n, data, run, a1, a2, a3, a4, a5, a6, a7, a8, a9): null

17-03-2025T05:19:51 - [TEST_STEP][PASSED] - sheetName = "Sheet1": null

17-03-2025T05:19:51 - [TEST_STEP][PASSED] - workbook01 = getWorkbook(excelFilePath): null

17-03-2025T05:19:52 - [TEST_STEP][PASSED] - sheet01 = getExcelSheet(workbook01, sheetName): null

17-03-2025T05:19:52 - [TEST_STEP][PASSED] - setValueToCellByIndex(sheet01, n, 0, dashboardName): null

17-03-2025T05:19:52 - [TEST_STEP][PASSED] - setValueToCellByIndex(sheet01, n, 10, user): null

17-03-2025T05:19:52 - [TEST_STEP][PASSED] - setValueToCellByIndex(sheet01, n, 1, a1): null

17-03-2025T05:19:52 - [TEST_STEP][PASSED] - setValueToCellByIndex(sheet01, n, 2, a2): null

17-03-2025T05:19:52 - [TEST_STEP][PASSED] - setValueToCellByIndex(sheet01, n, 3, a3): null

17-03-2025T05:19:52 - [TEST_STEP][PASSED] - setValueToCellByIndex(sheet01, n, 4, a4): null

17-03-2025T05:19:52 - [TEST_STEP][PASSED] - setValueToCellByIndex(sheet01, n, 5, a5): null

17-03-2025T05:19:52 - [TEST_STEP][PASSED] - setValueToCellByIndex(sheet01, n, 6, a6): null

17-03-2025T05:19:52 - [TEST_STEP][PASSED] - setValueToCellByIndex(sheet01, n, 7, a7): null

17-03-2025T05:19:52 - [TEST_STEP][PASSED] - setValueToCellByIndex(sheet01, n, 8, a8): null

17-03-2025T05:19:52 - [TEST_STEP][PASSED] - setValueToCellByIndex(sheet01, n, 9, a9): null

17-03-2025T05:19:52 - [TEST_STEP][PASSED] - n = n + 1: null

17-03-2025T05:19:52 - [TEST_STEP][PASSED] - saveWorkbook(excelFilePath, workbook01): null

17-03-2025T05:19:52 - [TEST_STEP][PASSED] - closeBrowser(): Browser is closed

17-03-2025T05:19:52 - [MESSAGE][PASSED] - Browser is closed

17-03-2025T05:19:52 - [TEST_STEP][PASSED] - delay(70): Delayed 70 second(s)

17-03-2025T05:21:02 - [MESSAGE][PASSED] - Delayed 70 second(s)

17-03-2025T05:21:02 - [TEST_STEP][PASSED] - for ([run = 1, run < 4, (run++)]): null

17-03-2025T05:21:02 - [TEST_STEP][PASSED] - PrognozPoDZO(user, dashboardName, n, data, run, a1, a2, a3, a4, a5, a6, a7, a8, a9, urlData): null

17-03-2025T05:21:02 - [TEST_STEP][PASSED] - n = data.getRowNumbers() + 1: null

17-03-2025T05:21:02 - [TEST_STEP][PASSED] - println(n): null

17-03-2025T05:21:02 - [TEST_STEP][PASSED] - dashboardName = "Прогноз по ДЗО": null

17-03-2025T05:21:02 - [TEST_STEP][PASSED] - openBrowser(""): Browser is opened with url: ''

17-03-2025T05:21:02 - [MESSAGE][INFO] - Starting 'Chrome' driver

17-03-2025T05:21:02 - [MESSAGE][INFO] - Action delay is set to 0 milliseconds

17-03-2025T05:21:03 - [MESSAGE][PASSED] - Browser is opened with url: ''

17-03-2025T05:21:03 - [TEST_STEP][PASSED] - urlData = 19: null

17-03-2025T05:21:03 - [TEST_STEP][PASSED] - Script1686231490255.CheckPageDownload(urlData, run): null

17-03-2025T05:21:03 - [TEST_STEP][PASSED] - i = 1: null

17-03-2025T05:21:03 - [TEST_STEP][PASSED] - ii = 0: null

17-03-2025T05:21:03 - [TEST_STEP][PASSED] - urlText = <not implemented yet for class: org.codehaus.groovy.ast.expr.EmptyExpression>: null

17-03-2025T05:21:03 - [TEST_STEP][PASSED] - searchWord = <not implemented yet for class: org.codehaus.groovy.ast.expr.EmptyExpression>: null

17-03-2025T05:21:03 - [TEST_STEP][PASSED] - deleteAllCookies(): Delete all cookies successfully

17-03-2025T05:21:03 - [MESSAGE][PASSED] - Delete all cookies successfully

17-03-2025T05:21:03 - [TEST_STEP][PASSED] - refresh(): Refresh successfully

17-03-2025T05:21:03 - [MESSAGE][PASSED] - Refresh successfully

17-03-2025T05:21:03 - [TEST_STEP][PASSED] - delay(70): Delayed 70 second(s)

17-03-2025T05:22:13 - [MESSAGE][PASSED] - Delayed 70 second(s)

17-03-2025T05:22:13 - [TEST_STEP][PASSED] - navigateToUrl(findTestData("PlanFact").getValue(10, urlData)): Navigate to 'https://bi.rosseti.digital/viewer?dashboardGuid=d6acb5b1a7114a9791b34de39263106e&sheetGuid=752a4d1009e74632abe0071aea7fa3c6&fit=true' successfully

17-03-2025T05:22:16 - [MESSAGE][PASSED] - Navigate to 'https://bi.rosseti.digital/viewer?dashboardGuid=d6acb5b1a7114a9791b34de39263106e&sheetGuid=752a4d1009e74632abe0071aea7fa3c6&fit=true' successfully

17-03-2025T05:22:16 - [TEST_STEP][PASSED] - pageLoaded1 = verifyElementPresent(findTestObject("Страница авторизации/Text"), 30): Object 'Object Repository/Страница авторизации/Text' is present

17-03-2025T05:22:18 - [MESSAGE][PASSED] - Object 'Object Repository/Страница авторизации/Text' is present

17-03-2025T05:22:18 - [TEST_STEP][PASSED] - if (pageLoaded1 == false): null

17-03-2025T05:22:18 - [TEST_STEP][PASSED] - urlText = getText(findTestObject("Страница авторизации/Text")): Text of object 'Object Repository/Страница авторизации/Text' is: 'Вход'

17-03-2025T05:22:18 - [MESSAGE][PASSED] - Text of object 'Object Repository/Страница авторизации/Text' is: 'Вход'

17-03-2025T05:22:18 - [TEST_STEP][PASSED] - delay(70): Delayed 70 second(s)

17-03-2025T05:23:28 - [MESSAGE][PASSED] - Delayed 70 second(s)

17-03-2025T05:23:28 - [TEST_STEP][PASSED] - searchWord = "Вход": null

17-03-2025T05:23:28 - [TEST_STEP][PASSED] - if (urlText.contains(searchWord) == false): null

17-03-2025T05:23:28 - [TEST_STEP][PASSED] - setText(findTestObject("Страница авторизации/input__username"), findTestData("PlanFact").getValue(8, run)): Text 'liazgina-di' is set on object 'Object Repository/Страница авторизации/input__username'

17-03-2025T05:23:29 - [MESSAGE][PASSED] - Text 'liazgina-di' is set on object 'Object Repository/Страница авторизации/input__username'

17-03-2025T05:23:29 - [TEST_STEP][PASSED] - setText(findTestObject("Страница авторизации/input__password"), findTestData("PlanFact").getValue(9, run)): Text ')$%5srZ8o688Dm#q' is set on object 'Object Repository/Страница авторизации/input__password'

17-03-2025T05:23:30 - [MESSAGE][PASSED] - Text ')$%5srZ8o688Dm#q' is set on object 'Object Repository/Страница авторизации/input__password'

17-03-2025T05:23:30 - [TEST_STEP][PASSED] - click(findTestObject("Страница авторизации/button_")): Object: 'Object Repository/Страница авторизации/button_' is clicked on

17-03-2025T05:23:31 - [MESSAGE][PASSED] - Object: 'Object Repository/Страница авторизации/button_' is clicked on

17-03-2025T05:23:31 - [TEST_STEP][PASSED] - delay(70): Delayed 70 second(s)

17-03-2025T05:24:41 - [MESSAGE][PASSED] - Delayed 70 second(s)

17-03-2025T05:24:41 - [TEST_STEP][PASSED] - searchWord = "а": null

17-03-2025T05:24:41 - [TEST_STEP][PASSED] - pageLoaded2 = verifyElementPresent(findTestObject("Страница авторизации/Text"), 50): Object 'Object Repository/Страница авторизации/Text' is present

17-03-2025T05:24:41 - [MESSAGE][PASSED] - Object 'Object Repository/Страница авторизации/Text' is present

17-03-2025T05:24:41 - [TEST_STEP][PASSED] - if (pageLoaded2 == false): null

17-03-2025T05:24:41 - [TEST_STEP][PASSED] - urlText = getText(findTestObject("Страница авторизации/Text")): Text of object 'Object Repository/Страница авторизации/Text' is: 'Сравнение с 
План
абс.
%
Отклонения по ПАО Россети на 2025 год
⬤ Отклонение, %
Выручка отклонения по ПАО Россети на 2025 год
⬤ Отклонение, %
Год 
2025 год
Динамика электропотребления, млрд. кВт.ч.
У виджета нет данных
Выручка, млрд. руб.
У виджета нет данных
Прогноз на месяц 
Ноябрь
КПО/Отпуск из сети 
Отпуск из сети, млн. кВт.ч
Организация 
Все

Прогноз электропотребления и выручки за услуги по передаче в разрезе ДЗО'

17-03-2025T05:24:42 - [MESSAGE][PASSED] - Text of object 'Object Repository/Страница авторизации/Text' is: 'Сравнение с 
План
абс.
%
Отклонения по ПАО Россети на 2025 год
⬤ Отклонение, %
Выручка отклонения по ПАО Россети на 2025 год
⬤ Отклонение, %
Год 
2025 год
Динамика электропотребления, млрд. кВт.ч.
У виджета нет данных
Выручка, млрд. руб.
У виджета нет данных
Прогноз на месяц 
Ноябрь
КПО/Отпуск из сети 
Отпуск из сети, млн. кВт.ч
Организация 
Все

Прогноз электропотребления и выручки за услуги по передаче в разрезе ДЗО'

17-03-2025T05:24:42 - [TEST_STEP][PASSED] - if (urlText.contains("ошибка") || urlText.contains(searchWord) == false): null

17-03-2025T05:24:42 - [TEST_STEP][PASSED] - a3 = "": null

17-03-2025T05:24:42 - [TEST_STEP][PASSED] - a4 = "": null

17-03-2025T05:24:42 - [TEST_STEP][PASSED] - a5 = "": null

17-03-2025T05:24:42 - [TEST_STEP][PASSED] - a6 = "": null

17-03-2025T05:24:42 - [TEST_STEP][PASSED] - a7 = "": null

17-03-2025T05:24:42 - [TEST_STEP][PASSED] - a8 = "": null

17-03-2025T05:24:42 - [TEST_STEP][PASSED] - a9 = "": null

17-03-2025T05:24:42 - [TEST_STEP][PASSED] - if (run == 1): null

17-03-2025T05:24:42 - [TEST_STEP][PASSED] - user = "админ": null

17-03-2025T05:24:42 - [TEST_STEP][PASSED] - a1 = getText(findTestObject("Прогноз по ДЗО/График1")): Text of object 'Object Repository/Прогноз по ДЗО/График1' is: 'Динамика электропотребления, млрд. кВт.ч.
У виджета нет данных'

17-03-2025T05:24:42 - [MESSAGE][PASSED] - Text of object 'Object Repository/Прогноз по ДЗО/График1' is: 'Динамика электропотребления, млрд. кВт.ч.
У виджета нет данных'

17-03-2025T05:24:42 - [TEST_STEP][PASSED] - i = a1.indexOf("по ПАО Россети на 2023 год"): null

17-03-2025T05:24:42 - [TEST_STEP][PASSED] - if (i > -1): null

17-03-2025T05:24:42 - [TEST_STEP][PASSED] - i = a1.indexOf("Динамика электропотребления, млн. кВт.ч."): null

17-03-2025T05:24:42 - [TEST_STEP][PASSED] - if (i > -1): null

17-03-2025T05:24:42 - [TEST_STEP][PASSED] - a1 = a1.trim(): null

17-03-2025T05:24:42 - [TEST_STEP][PASSED] - a2 = getText(findTestObject("Прогноз по ДЗО/График2")): Text of object 'Object Repository/Прогноз по ДЗО/График2' is: 'Выручка, млрд. руб.
У виджета нет данных'

17-03-2025T05:24:42 - [MESSAGE][PASSED] - Text of object 'Object Repository/Прогноз по ДЗО/График2' is: 'Выручка, млрд. руб.
У виджета нет данных'

17-03-2025T05:24:42 - [TEST_STEP][PASSED] - a3 = getText(findTestObject("Прогноз по ДЗО/График3")): Text of object 'Object Repository/Прогноз по ДЗО/График3' is: 'Отклонения по ПАО Россети на 2025 год
⬤ Отклонение, %'

17-03-2025T05:24:42 - [MESSAGE][PASSED] - Text of object 'Object Repository/Прогноз по ДЗО/График3' is: 'Отклонения по ПАО Россети на 2025 год
⬤ Отклонение, %'

17-03-2025T05:24:42 - [TEST_STEP][PASSED] - a4 = getText(findTestObject("Прогноз по ДЗО/График4")): Text of object 'Object Repository/Прогноз по ДЗО/График4' is: 'Выручка отклонения по ПАО Россети на 2025 год
⬤ Отклонение, %'

17-03-2025T05:24:43 - [MESSAGE][PASSED] - Text of object 'Object Repository/Прогноз по ДЗО/График4' is: 'Выручка отклонения по ПАО Россети на 2025 год
⬤ Отклонение, %'

17-03-2025T05:24:43 - [TEST_STEP][PASSED] - click(findTestObject("Прогноз по ДЗО/Переключить отображение с процентов на абс Блок руководителя")): Object: 'Object Repository/Прогноз по ДЗО/Переключить отображение с процентов на абс Блок руководителя' is clicked on

17-03-2025T05:24:43 - [MESSAGE][PASSED] - Object: 'Object Repository/Прогноз по ДЗО/Переключить отображение с процентов на абс Блок руководителя' is clicked on

17-03-2025T05:24:43 - [TEST_STEP][PASSED] - a5 = getText(findTestObject("Прогноз по ДЗО/График5")): Text of object 'Object Repository/Прогноз по ДЗО/График5' is: 'Отклонения по ПАО Россети на 2025 год
⬤ Отклонение, млн. кВт.ч'

17-03-2025T05:24:43 - [MESSAGE][PASSED] - Text of object 'Object Repository/Прогноз по ДЗО/График5' is: 'Отклонения по ПАО Россети на 2025 год
⬤ Отклонение, млн. кВт.ч'

17-03-2025T05:24:43 - [TEST_STEP][PASSED] - a6 = getText(findTestObject("Прогноз по ДЗО/График6")): Text of object 'Object Repository/Прогноз по ДЗО/График6' is: 'Выручка отклонения по ПАО Россети на 2025 год
⬤ Отклонение, млн. руб'

17-03-2025T05:24:44 - [MESSAGE][PASSED] - Text of object 'Object Repository/Прогноз по ДЗО/График6' is: 'Выручка отклонения по ПАО Россети на 2025 год
⬤ Отклонение, млн. руб'

17-03-2025T05:24:44 - [TEST_STEP][PASSED] - click(findTestObject("Прогноз по ДЗО/Переключить отображение с абс на проценты")): Object: 'Object Repository/Прогноз по ДЗО/Переключить отображение с абс на проценты' is clicked on

17-03-2025T05:24:44 - [MESSAGE][PASSED] - Object: 'Object Repository/Прогноз по ДЗО/Переключить отображение с абс на проценты' is clicked on

17-03-2025T05:24:44 - [TEST_STEP][PASSED] - n = n + 30: null

17-03-2025T05:24:44 - [TEST_STEP][PASSED] - Script1686231490255.WriteToExcel(user, dashboardName, n, data, run, a1, a2, a3, a4, a5, a6, a7, a8, a9): null

17-03-2025T05:24:44 - [TEST_STEP][PASSED] - sheetName = "Sheet1": null

17-03-2025T05:24:44 - [TEST_STEP][PASSED] - workbook01 = getWorkbook(excelFilePath): null

17-03-2025T05:24:44 - [TEST_STEP][PASSED] - sheet01 = getExcelSheet(workbook01, sheetName): null

17-03-2025T05:24:44 - [TEST_STEP][PASSED] - setValueToCellByIndex(sheet01, n, 0, dashboardName): null

17-03-2025T05:24:44 - [TEST_STEP][PASSED] - setValueToCellByIndex(sheet01, n, 10, user): null

17-03-2025T05:24:44 - [TEST_STEP][PASSED] - setValueToCellByIndex(sheet01, n, 1, a1): null

17-03-2025T05:24:44 - [TEST_STEP][PASSED] - setValueToCellByIndex(sheet01, n, 2, a2): null

17-03-2025T05:24:44 - [TEST_STEP][PASSED] - setValueToCellByIndex(sheet01, n, 3, a3): null

17-03-2025T05:24:44 - [TEST_STEP][PASSED] - setValueToCellByIndex(sheet01, n, 4, a4): null

17-03-2025T05:24:44 - [TEST_STEP][PASSED] - setValueToCellByIndex(sheet01, n, 5, a5): null

17-03-2025T05:24:44 - [TEST_STEP][PASSED] - setValueToCellByIndex(sheet01, n, 6, a6): null

17-03-2025T05:24:44 - [TEST_STEP][PASSED] - setValueToCellByIndex(sheet01, n, 7, a7): null

17-03-2025T05:24:44 - [TEST_STEP][PASSED] - setValueToCellByIndex(sheet01, n, 8, a8): null

17-03-2025T05:24:44 - [TEST_STEP][PASSED] - setValueToCellByIndex(sheet01, n, 9, a9): null

17-03-2025T05:24:44 - [TEST_STEP][PASSED] - n = n + 1: null

17-03-2025T05:24:44 - [TEST_STEP][PASSED] - saveWorkbook(excelFilePath, workbook01): null

17-03-2025T05:24:44 - [TEST_STEP][PASSED] - if (run == 2): null

17-03-2025T05:24:44 - [TEST_STEP][PASSED] - if (run == 3): null

17-03-2025T05:24:44 - [TEST_STEP][PASSED] - closeBrowser(): null

17-03-2025T05:24:45 - [MESSAGE][PASSED] - Browser is closed

17-03-2025T05:24:45 - [TEST_STEP][PASSED] - PrognozPoDZO(user, dashboardName, n, data, run, a1, a2, a3, a4, a5, a6, a7, a8, a9, urlData): null

17-03-2025T05:24:45 - [TEST_STEP][PASSED] - n = data.getRowNumbers() + 1: null

17-03-2025T05:24:45 - [TEST_STEP][PASSED] - println(n): null

17-03-2025T05:24:45 - [TEST_STEP][PASSED] - dashboardName = "Прогноз по ДЗО": null

17-03-2025T05:24:45 - [TEST_STEP][PASSED] - openBrowser(""): Browser is opened with url: ''

17-03-2025T05:24:45 - [MESSAGE][INFO] - Starting 'Chrome' driver

17-03-2025T05:24:45 - [MESSAGE][INFO] - Action delay is set to 0 milliseconds

17-03-2025T05:24:46 - [MESSAGE][PASSED] - Browser is opened with url: ''

17-03-2025T05:24:46 - [TEST_STEP][PASSED] - urlData = 19: null

17-03-2025T05:24:46 - [TEST_STEP][PASSED] - Script1686231490255.CheckPageDownload(urlData, run): null

17-03-2025T05:24:46 - [TEST_STEP][PASSED] - i = 1: null

17-03-2025T05:24:46 - [TEST_STEP][PASSED] - ii = 0: null

17-03-2025T05:24:46 - [TEST_STEP][PASSED] - urlText = <not implemented yet for class: org.codehaus.groovy.ast.expr.EmptyExpression>: null

17-03-2025T05:24:46 - [TEST_STEP][PASSED] - searchWord = <not implemented yet for class: org.codehaus.groovy.ast.expr.EmptyExpression>: null

17-03-2025T05:24:46 - [TEST_STEP][PASSED] - deleteAllCookies(): Delete all cookies successfully

17-03-2025T05:24:46 - [MESSAGE][PASSED] - Delete all cookies successfully

17-03-2025T05:24:46 - [TEST_STEP][PASSED] - refresh(): Refresh successfully

17-03-2025T05:24:46 - [MESSAGE][PASSED] - Refresh successfully

17-03-2025T05:24:46 - [TEST_STEP][PASSED] - delay(70): Delayed 70 second(s)

17-03-2025T05:25:56 - [MESSAGE][PASSED] - Delayed 70 second(s)

17-03-2025T05:25:56 - [TEST_STEP][PASSED] - navigateToUrl(findTestData("PlanFact").getValue(10, urlData)): Navigate to 'https://bi.rosseti.digital/viewer?dashboardGuid=d6acb5b1a7114a9791b34de39263106e&sheetGuid=752a4d1009e74632abe0071aea7fa3c6&fit=true' successfully

17-03-2025T05:26:00 - [MESSAGE][PASSED] - Navigate to 'https://bi.rosseti.digital/viewer?dashboardGuid=d6acb5b1a7114a9791b34de39263106e&sheetGuid=752a4d1009e74632abe0071aea7fa3c6&fit=true' successfully

17-03-2025T05:26:00 - [TEST_STEP][PASSED] - pageLoaded1 = verifyElementPresent(findTestObject("Страница авторизации/Text"), 30): Object 'Object Repository/Страница авторизации/Text' is present

17-03-2025T05:26:01 - [MESSAGE][PASSED] - Object 'Object Repository/Страница авторизации/Text' is present

17-03-2025T05:26:01 - [TEST_STEP][PASSED] - if (pageLoaded1 == false): null

17-03-2025T05:26:01 - [TEST_STEP][PASSED] - urlText = getText(findTestObject("Страница авторизации/Text")): Text of object 'Object Repository/Страница авторизации/Text' is: 'Вход'

17-03-2025T05:26:02 - [MESSAGE][PASSED] - Text of object 'Object Repository/Страница авторизации/Text' is: 'Вход'

17-03-2025T05:26:02 - [TEST_STEP][PASSED] - delay(70): Delayed 70 second(s)

17-03-2025T05:27:12 - [MESSAGE][PASSED] - Delayed 70 second(s)

17-03-2025T05:27:12 - [TEST_STEP][PASSED] - searchWord = "Вход": null

17-03-2025T05:27:12 - [TEST_STEP][PASSED] - if (urlText.contains(searchWord) == false): null

17-03-2025T05:27:12 - [TEST_STEP][PASSED] - setText(findTestObject("Страница авторизации/input__username"), findTestData("PlanFact").getValue(8, run)): Text 'Andreeva-EV' is set on object 'Object Repository/Страница авторизации/input__username'

17-03-2025T05:27:12 - [MESSAGE][PASSED] - Text 'Andreeva-EV' is set on object 'Object Repository/Страница авторизации/input__username'

17-03-2025T05:27:12 - [TEST_STEP][PASSED] - setText(findTestObject("Страница авторизации/input__password"), findTestData("PlanFact").getValue(9, run)): Text '2nPePKDwCPH3ul7xMZ' is set on object 'Object Repository/Страница авторизации/input__password'

17-03-2025T05:27:13 - [MESSAGE][PASSED] - Text '2nPePKDwCPH3ul7xMZ' is set on object 'Object Repository/Страница авторизации/input__password'

17-03-2025T05:27:13 - [TEST_STEP][PASSED] - click(findTestObject("Страница авторизации/button_")): Object: 'Object Repository/Страница авторизации/button_' is clicked on

17-03-2025T05:27:14 - [MESSAGE][PASSED] - Object: 'Object Repository/Страница авторизации/button_' is clicked on

17-03-2025T05:27:14 - [TEST_STEP][PASSED] - delay(70): Delayed 70 second(s)

17-03-2025T05:28:24 - [MESSAGE][PASSED] - Delayed 70 second(s)

17-03-2025T05:28:24 - [TEST_STEP][PASSED] - searchWord = "а": null

17-03-2025T05:28:24 - [TEST_STEP][PASSED] - pageLoaded2 = verifyElementPresent(findTestObject("Страница авторизации/Text"), 50): Object 'Object Repository/Страница авторизации/Text' is present

17-03-2025T05:28:25 - [MESSAGE][PASSED] - Object 'Object Repository/Страница авторизации/Text' is present

17-03-2025T05:28:25 - [TEST_STEP][PASSED] - if (pageLoaded2 == false): null

17-03-2025T05:28:25 - [TEST_STEP][PASSED] - urlText = getText(findTestObject("Страница авторизации/Text")): Text of object 'Object Repository/Страница авторизации/Text' is: 'Сравнение с 
План
абс.
%
Отклонения по ПАО Россети на 2025 год
⬤ Отклонение, %
Выручка отклонения по ПАО Россети на 2025 год
⬤ Отклонение, %
Год 
2025 год
Динамика электропотребления, млрд. кВт.ч.
У виджета нет данных
Выручка, млрд. руб.
У виджета нет данных
Прогноз на месяц 
Ноябрь
КПО/Отпуск из сети 
Отпуск из сети, млн. кВт.ч
Организация 
Все

Прогноз электропотребления и выручки за услуги по передаче в разрезе ДЗО'

17-03-2025T05:28:25 - [MESSAGE][PASSED] - Text of object 'Object Repository/Страница авторизации/Text' is: 'Сравнение с 
План
абс.
%
Отклонения по ПАО Россети на 2025 год
⬤ Отклонение, %
Выручка отклонения по ПАО Россети на 2025 год
⬤ Отклонение, %
Год 
2025 год
Динамика электропотребления, млрд. кВт.ч.
У виджета нет данных
Выручка, млрд. руб.
У виджета нет данных
Прогноз на месяц 
Ноябрь
КПО/Отпуск из сети 
Отпуск из сети, млн. кВт.ч
Организация 
Все

Прогноз электропотребления и выручки за услуги по передаче в разрезе ДЗО'

17-03-2025T05:28:25 - [TEST_STEP][PASSED] - if (urlText.contains("ошибка") || urlText.contains(searchWord) == false): null

17-03-2025T05:28:25 - [TEST_STEP][PASSED] - a3 = "": null

17-03-2025T05:28:25 - [TEST_STEP][PASSED] - a4 = "": null

17-03-2025T05:28:25 - [TEST_STEP][PASSED] - a5 = "": null

17-03-2025T05:28:25 - [TEST_STEP][PASSED] - a6 = "": null

17-03-2025T05:28:25 - [TEST_STEP][PASSED] - a7 = "": null

17-03-2025T05:28:25 - [TEST_STEP][PASSED] - a8 = "": null

17-03-2025T05:28:25 - [TEST_STEP][PASSED] - a9 = "": null

17-03-2025T05:28:25 - [TEST_STEP][PASSED] - if (run == 1): null

17-03-2025T05:28:25 - [TEST_STEP][PASSED] - if (run == 2): null

17-03-2025T05:28:25 - [TEST_STEP][PASSED] - user = "Андреева": null

17-03-2025T05:28:25 - [TEST_STEP][PASSED] - a1 = getText(findTestObject("Прогноз по ДЗО/График1")): Text of object 'Object Repository/Прогноз по ДЗО/График1' is: 'Динамика электропотребления, млрд. кВт.ч.
У виджета нет данных'

17-03-2025T05:28:25 - [MESSAGE][PASSED] - Text of object 'Object Repository/Прогноз по ДЗО/График1' is: 'Динамика электропотребления, млрд. кВт.ч.
У виджета нет данных'

17-03-2025T05:28:25 - [TEST_STEP][PASSED] - i = a1.indexOf("по ПАО Россети на 2023 год"): null

17-03-2025T05:28:25 - [TEST_STEP][PASSED] - if (i > -1): null

17-03-2025T05:28:25 - [TEST_STEP][PASSED] - i = a1.indexOf("Динамика электропотребления, млн. кВт.ч."): null

17-03-2025T05:28:25 - [TEST_STEP][PASSED] - if (i > -1): null

17-03-2025T05:28:25 - [TEST_STEP][PASSED] - a1 = a1.trim(): null

17-03-2025T05:28:25 - [TEST_STEP][PASSED] - a2 = getText(findTestObject("Прогноз по ДЗО/График2")): Text of object 'Object Repository/Прогноз по ДЗО/График2' is: 'Выручка, млрд. руб.
У виджета нет данных'

17-03-2025T05:28:26 - [MESSAGE][PASSED] - Text of object 'Object Repository/Прогноз по ДЗО/График2' is: 'Выручка, млрд. руб.
У виджета нет данных'

17-03-2025T05:28:26 - [TEST_STEP][PASSED] - a3 = getText(findTestObject("Прогноз по ДЗО/График3")): Text of object 'Object Repository/Прогноз по ДЗО/График3' is: 'Отклонения по ПАО Россети на 2025 год
⬤ Отклонение, %'

17-03-2025T05:28:26 - [MESSAGE][PASSED] - Text of object 'Object Repository/Прогноз по ДЗО/График3' is: 'Отклонения по ПАО Россети на 2025 год
⬤ Отклонение, %'

17-03-2025T05:28:26 - [TEST_STEP][PASSED] - a4 = getText(findTestObject("Прогноз по ДЗО/График4")): Text of object 'Object Repository/Прогноз по ДЗО/График4' is: 'Выручка отклонения по ПАО Россети на 2025 год
⬤ Отклонение, %'

17-03-2025T05:28:26 - [MESSAGE][PASSED] - Text of object 'Object Repository/Прогноз по ДЗО/График4' is: 'Выручка отклонения по ПАО Россети на 2025 год
⬤ Отклонение, %'

17-03-2025T05:28:26 - [TEST_STEP][PASSED] - click(findTestObject("Прогноз по ДЗО/Переключить отображение с процентов на абс Блок руководителя")): Object: 'Object Repository/Прогноз по ДЗО/Переключить отображение с процентов на абс Блок руководителя' is clicked on

17-03-2025T05:28:27 - [MESSAGE][PASSED] - Object: 'Object Repository/Прогноз по ДЗО/Переключить отображение с процентов на абс Блок руководителя' is clicked on

17-03-2025T05:28:27 - [TEST_STEP][PASSED] - a5 = getText(findTestObject("Прогноз по ДЗО/График5")): Text of object 'Object Repository/Прогноз по ДЗО/График5' is: 'Отклонения по ПАО Россети на 2025 год
⬤ Отклонение, млн. кВт.ч'

17-03-2025T05:28:27 - [MESSAGE][PASSED] - Text of object 'Object Repository/Прогноз по ДЗО/График5' is: 'Отклонения по ПАО Россети на 2025 год
⬤ Отклонение, млн. кВт.ч'

17-03-2025T05:28:27 - [TEST_STEP][PASSED] - a6 = getText(findTestObject("Прогноз по ДЗО/График6")): Text of object 'Object Repository/Прогноз по ДЗО/График6' is: 'Выручка отклонения по ПАО Россети на 2025 год
⬤ Отклонение, млн. руб'

17-03-2025T05:28:27 - [MESSAGE][PASSED] - Text of object 'Object Repository/Прогноз по ДЗО/График6' is: 'Выручка отклонения по ПАО Россети на 2025 год
⬤ Отклонение, млн. руб'

17-03-2025T05:28:27 - [TEST_STEP][PASSED] - click(findTestObject("Прогноз по ДЗО/Переключить отображение с абс на проценты")): Object: 'Object Repository/Прогноз по ДЗО/Переключить отображение с абс на проценты' is clicked on

17-03-2025T05:28:27 - [MESSAGE][PASSED] - Object: 'Object Repository/Прогноз по ДЗО/Переключить отображение с абс на проценты' is clicked on

17-03-2025T05:28:27 - [TEST_STEP][PASSED] - n = n + 31: null

17-03-2025T05:28:27 - [TEST_STEP][PASSED] - b = n - run + 1: null

17-03-2025T05:28:27 - [TEST_STEP][PASSED] - verifyEqual(findTestData("PlanFact").getValue(2, b), a1): Actual object 'Динамика электропотребления, млрд. кВт.ч.
У виджета нет данных' and expected object 'Динамика электропотребления, млрд. кВт.ч.
У виджета нет данных' are equal

17-03-2025T05:28:28 - [MESSAGE][PASSED] - Actual object 'Динамика электропотребления, млрд. кВт.ч.
У виджета нет данных' and expected object 'Динамика электропотребления, млрд. кВт.ч.
У виджета нет данных' are equal

17-03-2025T05:28:28 - [TEST_STEP][PASSED] - verifyEqual(findTestData("PlanFact").getValue(3, b), a2): Actual object 'Выручка, млрд. руб.
У виджета нет данных' and expected object 'Выручка, млрд. руб.
У виджета нет данных' are equal

17-03-2025T05:28:28 - [MESSAGE][PASSED] - Actual object 'Выручка, млрд. руб.
У виджета нет данных' and expected object 'Выручка, млрд. руб.
У виджета нет данных' are equal

17-03-2025T05:28:28 - [TEST_STEP][PASSED] - verifyEqual(findTestData("PlanFact").getValue(4, b), a3): Actual object 'Отклонения по ПАО Россети на 2025 год
⬤ Отклонение, %' and expected object 'Отклонения по ПАО Россети на 2025 год
⬤ Отклонение, %' are equal

17-03-2025T05:28:28 - [MESSAGE][PASSED] - Actual object 'Отклонения по ПАО Россети на 2025 год
⬤ Отклонение, %' and expected object 'Отклонения по ПАО Россети на 2025 год
⬤ Отклонение, %' are equal

17-03-2025T05:28:28 - [TEST_STEP][PASSED] - verifyEqual(findTestData("PlanFact").getValue(5, b), a4): Actual object 'Выручка отклонения по ПАО Россети на 2025 год
⬤ Отклонение, %' and expected object 'Выручка отклонения по ПАО Россети на 2025 год
⬤ Отклонение, %' are equal

17-03-2025T05:28:28 - [MESSAGE][PASSED] - Actual object 'Выручка отклонения по ПАО Россети на 2025 год
⬤ Отклонение, %' and expected object 'Выручка отклонения по ПАО Россети на 2025 год
⬤ Отклонение, %' are equal

17-03-2025T05:28:28 - [TEST_STEP][PASSED] - verifyEqual(findTestData("PlanFact").getValue(6, b), a5): Actual object 'Отклонения по ПАО Россети на 2025 год
⬤ Отклонение, млн. кВт.ч' and expected object 'Отклонения по ПАО Россети на 2025 год
⬤ Отклонение, млн. кВт.ч' are equal

17-03-2025T05:28:28 - [MESSAGE][PASSED] - Actual object 'Отклонения по ПАО Россети на 2025 год
⬤ Отклонение, млн. кВт.ч' and expected object 'Отклонения по ПАО Россети на 2025 год
⬤ Отклонение, млн. кВт.ч' are equal

17-03-2025T05:28:28 - [TEST_STEP][PASSED] - verifyEqual(findTestData("PlanFact").getValue(7, b), a6): Actual object 'Выручка отклонения по ПАО Россети на 2025 год
⬤ Отклонение, млн. руб' and expected object 'Выручка отклонения по ПАО Россети на 2025 год
⬤ Отклонение, млн. руб' are equal

17-03-2025T05:28:28 - [MESSAGE][PASSED] - Actual object 'Выручка отклонения по ПАО Россети на 2025 год
⬤ Отклонение, млн. руб' and expected object 'Выручка отклонения по ПАО Россети на 2025 год
⬤ Отклонение, млн. руб' are equal

17-03-2025T05:28:28 - [TEST_STEP][PASSED] - Script1686231490255.WriteToExcel(user, dashboardName, n, data, run, a1, a2, a3, a4, a5, a6, a7, a8, a9): null

17-03-2025T05:28:28 - [TEST_STEP][PASSED] - sheetName = "Sheet1": null

17-03-2025T05:28:28 - [TEST_STEP][PASSED] - workbook01 = getWorkbook(excelFilePath): null

17-03-2025T05:28:28 - [TEST_STEP][PASSED] - sheet01 = getExcelSheet(workbook01, sheetName): null

17-03-2025T05:28:28 - [TEST_STEP][PASSED] - setValueToCellByIndex(sheet01, n, 0, dashboardName): null

17-03-2025T05:28:28 - [TEST_STEP][PASSED] - setValueToCellByIndex(sheet01, n, 10, user): null

17-03-2025T05:28:28 - [TEST_STEP][PASSED] - setValueToCellByIndex(sheet01, n, 1, a1): null

17-03-2025T05:28:28 - [TEST_STEP][PASSED] - setValueToCellByIndex(sheet01, n, 2, a2): null

17-03-2025T05:28:28 - [TEST_STEP][PASSED] - setValueToCellByIndex(sheet01, n, 3, a3): null

17-03-2025T05:28:28 - [TEST_STEP][PASSED] - setValueToCellByIndex(sheet01, n, 4, a4): null

17-03-2025T05:28:28 - [TEST_STEP][PASSED] - setValueToCellByIndex(sheet01, n, 5, a5): null

17-03-2025T05:28:28 - [TEST_STEP][PASSED] - setValueToCellByIndex(sheet01, n, 6, a6): null

17-03-2025T05:28:28 - [TEST_STEP][PASSED] - setValueToCellByIndex(sheet01, n, 7, a7): null

17-03-2025T05:28:28 - [TEST_STEP][PASSED] - setValueToCellByIndex(sheet01, n, 8, a8): null

17-03-2025T05:28:28 - [TEST_STEP][PASSED] - setValueToCellByIndex(sheet01, n, 9, a9): null

17-03-2025T05:28:28 - [TEST_STEP][PASSED] - n = n + 1: null

17-03-2025T05:28:28 - [TEST_STEP][PASSED] - saveWorkbook(excelFilePath, workbook01): null

17-03-2025T05:28:28 - [TEST_STEP][PASSED] - if (run == 3): null

17-03-2025T05:28:28 - [TEST_STEP][PASSED] - closeBrowser(): null

17-03-2025T05:28:28 - [MESSAGE][PASSED] - Browser is closed

17-03-2025T05:28:28 - [TEST_STEP][PASSED] - PrognozPoDZO(user, dashboardName, n, data, run, a1, a2, a3, a4, a5, a6, a7, a8, a9, urlData): null

17-03-2025T05:28:28 - [TEST_STEP][PASSED] - n = data.getRowNumbers() + 1: null

17-03-2025T05:28:28 - [TEST_STEP][PASSED] - println(n): null

17-03-2025T05:28:28 - [TEST_STEP][PASSED] - dashboardName = "Прогноз по ДЗО": null

17-03-2025T05:28:28 - [TEST_STEP][PASSED] - openBrowser(""): Browser is opened with url: ''

17-03-2025T05:28:28 - [MESSAGE][INFO] - Starting 'Chrome' driver

17-03-2025T05:28:28 - [MESSAGE][INFO] - Action delay is set to 0 milliseconds

17-03-2025T05:28:29 - [MESSAGE][PASSED] - Browser is opened with url: ''

17-03-2025T05:28:29 - [TEST_STEP][PASSED] - urlData = 19: null

17-03-2025T05:28:29 - [TEST_STEP][PASSED] - Script1686231490255.CheckPageDownload(urlData, run): null

17-03-2025T05:28:29 - [TEST_STEP][PASSED] - i = 1: null

17-03-2025T05:28:29 - [TEST_STEP][PASSED] - ii = 0: null

17-03-2025T05:28:29 - [TEST_STEP][PASSED] - urlText = <not implemented yet for class: org.codehaus.groovy.ast.expr.EmptyExpression>: null

17-03-2025T05:28:29 - [TEST_STEP][PASSED] - searchWord = <not implemented yet for class: org.codehaus.groovy.ast.expr.EmptyExpression>: null

17-03-2025T05:28:29 - [TEST_STEP][PASSED] - deleteAllCookies(): Delete all cookies successfully

17-03-2025T05:28:29 - [MESSAGE][PASSED] - Delete all cookies successfully

17-03-2025T05:28:29 - [TEST_STEP][PASSED] - refresh(): Refresh successfully

17-03-2025T05:28:29 - [MESSAGE][PASSED] - Refresh successfully

17-03-2025T05:28:29 - [TEST_STEP][PASSED] - delay(70): Delayed 70 second(s)

17-03-2025T05:29:39 - [MESSAGE][PASSED] - Delayed 70 second(s)

17-03-2025T05:29:39 - [TEST_STEP][PASSED] - navigateToUrl(findTestData("PlanFact").getValue(10, urlData)): Navigate to 'https://bi.rosseti.digital/viewer?dashboardGuid=d6acb5b1a7114a9791b34de39263106e&sheetGuid=752a4d1009e74632abe0071aea7fa3c6&fit=true' successfully

17-03-2025T05:29:43 - [MESSAGE][PASSED] - Navigate to 'https://bi.rosseti.digital/viewer?dashboardGuid=d6acb5b1a7114a9791b34de39263106e&sheetGuid=752a4d1009e74632abe0071aea7fa3c6&fit=true' successfully

17-03-2025T05:29:43 - [TEST_STEP][PASSED] - pageLoaded1 = verifyElementPresent(findTestObject("Страница авторизации/Text"), 30): Object 'Object Repository/Страница авторизации/Text' is present

17-03-2025T05:29:44 - [MESSAGE][PASSED] - Object 'Object Repository/Страница авторизации/Text' is present

17-03-2025T05:29:44 - [TEST_STEP][PASSED] - if (pageLoaded1 == false): null

17-03-2025T05:29:44 - [TEST_STEP][PASSED] - urlText = getText(findTestObject("Страница авторизации/Text")): Text of object 'Object Repository/Страница авторизации/Text' is: 'Вход'

17-03-2025T05:29:44 - [MESSAGE][PASSED] - Text of object 'Object Repository/Страница авторизации/Text' is: 'Вход'

17-03-2025T05:29:44 - [TEST_STEP][PASSED] - delay(70): Delayed 70 second(s)

17-03-2025T05:30:54 - [MESSAGE][PASSED] - Delayed 70 second(s)

17-03-2025T05:30:54 - [TEST_STEP][PASSED] - searchWord = "Вход": null

17-03-2025T05:30:54 - [TEST_STEP][PASSED] - if (urlText.contains(searchWord) == false): null

17-03-2025T05:30:54 - [TEST_STEP][PASSED] - setText(findTestObject("Страница авторизации/input__username"), findTestData("PlanFact").getValue(8, run)): Text 'Petrova-OV' is set on object 'Object Repository/Страница авторизации/input__username'

17-03-2025T05:30:55 - [MESSAGE][PASSED] - Text 'Petrova-OV' is set on object 'Object Repository/Страница авторизации/input__username'

17-03-2025T05:30:55 - [TEST_STEP][PASSED] - setText(findTestObject("Страница авторизации/input__password"), findTestData("PlanFact").getValue(9, run)): Text '4Ex@~R53r&3x&BVe7' is set on object 'Object Repository/Страница авторизации/input__password'

17-03-2025T05:30:56 - [MESSAGE][PASSED] - Text '4Ex@~R53r&3x&BVe7' is set on object 'Object Repository/Страница авторизации/input__password'

17-03-2025T05:30:56 - [TEST_STEP][PASSED] - click(findTestObject("Страница авторизации/button_")): Object: 'Object Repository/Страница авторизации/button_' is clicked on

17-03-2025T05:30:57 - [MESSAGE][PASSED] - Object: 'Object Repository/Страница авторизации/button_' is clicked on

17-03-2025T05:30:57 - [TEST_STEP][PASSED] - delay(70): Delayed 70 second(s)

17-03-2025T05:32:07 - [MESSAGE][PASSED] - Delayed 70 second(s)

17-03-2025T05:32:07 - [TEST_STEP][PASSED] - searchWord = "а": null

17-03-2025T05:32:07 - [TEST_STEP][PASSED] - pageLoaded2 = verifyElementPresent(findTestObject("Страница авторизации/Text"), 50): Object 'Object Repository/Страница авторизации/Text' is present

17-03-2025T05:32:08 - [MESSAGE][PASSED] - Object 'Object Repository/Страница авторизации/Text' is present

17-03-2025T05:32:08 - [TEST_STEP][PASSED] - if (pageLoaded2 == false): null

17-03-2025T05:32:08 - [TEST_STEP][PASSED] - urlText = getText(findTestObject("Страница авторизации/Text")): Text of object 'Object Repository/Страница авторизации/Text' is: 'Сравнение с 
План
абс.
%
Отклонения по ПАО Россети на 2025 год
⬤ Отклонение, %
Выручка отклонения по ПАО Россети на 2025 год
⬤ Отклонение, %
Год 
2025 год
Динамика электропотребления, млрд. кВт.ч.
У виджета нет данных
Выручка, млрд. руб.
У виджета нет данных
Прогноз на месяц 
Ноябрь
КПО/Отпуск из сети 
Отпуск из сети, млн. кВт.ч
Организация 
Все

Прогноз электропотребления и выручки за услуги по передаче в разрезе ДЗО'

17-03-2025T05:32:08 - [MESSAGE][PASSED] - Text of object 'Object Repository/Страница авторизации/Text' is: 'Сравнение с 
План
абс.
%
Отклонения по ПАО Россети на 2025 год
⬤ Отклонение, %
Выручка отклонения по ПАО Россети на 2025 год
⬤ Отклонение, %
Год 
2025 год
Динамика электропотребления, млрд. кВт.ч.
У виджета нет данных
Выручка, млрд. руб.
У виджета нет данных
Прогноз на месяц 
Ноябрь
КПО/Отпуск из сети 
Отпуск из сети, млн. кВт.ч
Организация 
Все

Прогноз электропотребления и выручки за услуги по передаче в разрезе ДЗО'

17-03-2025T05:32:08 - [TEST_STEP][PASSED] - if (urlText.contains("ошибка") || urlText.contains(searchWord) == false): null

17-03-2025T05:32:08 - [TEST_STEP][PASSED] - a3 = "": null

17-03-2025T05:32:08 - [TEST_STEP][PASSED] - a4 = "": null

17-03-2025T05:32:08 - [TEST_STEP][PASSED] - a5 = "": null

17-03-2025T05:32:08 - [TEST_STEP][PASSED] - a6 = "": null

17-03-2025T05:32:08 - [TEST_STEP][PASSED] - a7 = "": null

17-03-2025T05:32:08 - [TEST_STEP][PASSED] - a8 = "": null

17-03-2025T05:32:08 - [TEST_STEP][PASSED] - a9 = "": null

17-03-2025T05:32:08 - [TEST_STEP][PASSED] - if (run == 1): null

17-03-2025T05:32:08 - [TEST_STEP][PASSED] - if (run == 2): null

17-03-2025T05:32:08 - [TEST_STEP][PASSED] - if (run == 3): null

17-03-2025T05:32:08 - [TEST_STEP][PASSED] - user = "Попова": null

17-03-2025T05:32:08 - [TEST_STEP][PASSED] - a1 = getText(findTestObject("Прогноз по ДЗО/График1")): Text of object 'Object Repository/Прогноз по ДЗО/График1' is: 'Динамика электропотребления, млрд. кВт.ч.
У виджета нет данных'

17-03-2025T05:32:08 - [MESSAGE][PASSED] - Text of object 'Object Repository/Прогноз по ДЗО/График1' is: 'Динамика электропотребления, млрд. кВт.ч.
У виджета нет данных'

17-03-2025T05:32:08 - [TEST_STEP][PASSED] - i = a1.indexOf("по ПАО Россети на 2023 год"): null

17-03-2025T05:32:08 - [TEST_STEP][PASSED] - if (i > -1): null

17-03-2025T05:32:08 - [TEST_STEP][PASSED] - i = a1.indexOf("Динамика электропотребления, млн. кВт.ч."): null

17-03-2025T05:32:08 - [TEST_STEP][PASSED] - if (i > -1): null

17-03-2025T05:32:08 - [TEST_STEP][PASSED] - a1 = a1.trim(): null

17-03-2025T05:32:08 - [TEST_STEP][PASSED] - a2 = getText(findTestObject("Прогноз по ДЗО/График2")): Text of object 'Object Repository/Прогноз по ДЗО/График2' is: 'Выручка, млрд. руб.
У виджета нет данных'

17-03-2025T05:32:08 - [MESSAGE][PASSED] - Text of object 'Object Repository/Прогноз по ДЗО/График2' is: 'Выручка, млрд. руб.
У виджета нет данных'

17-03-2025T05:32:08 - [TEST_STEP][PASSED] - a3 = getText(findTestObject("Прогноз по ДЗО/График3")): Text of object 'Object Repository/Прогноз по ДЗО/График3' is: 'Отклонения по ПАО Россети на 2025 год
⬤ Отклонение, %'

17-03-2025T05:32:09 - [MESSAGE][PASSED] - Text of object 'Object Repository/Прогноз по ДЗО/График3' is: 'Отклонения по ПАО Россети на 2025 год
⬤ Отклонение, %'

17-03-2025T05:32:09 - [TEST_STEP][PASSED] - a4 = getText(findTestObject("Прогноз по ДЗО/График4")): Text of object 'Object Repository/Прогноз по ДЗО/График4' is: 'Выручка отклонения по ПАО Россети на 2025 год
⬤ Отклонение, %'

17-03-2025T05:32:09 - [MESSAGE][PASSED] - Text of object 'Object Repository/Прогноз по ДЗО/График4' is: 'Выручка отклонения по ПАО Россети на 2025 год
⬤ Отклонение, %'

17-03-2025T05:32:09 - [TEST_STEP][PASSED] - click(findTestObject("Прогноз по ДЗО/Переключить отображение с процентов на абс Блок руководителя")): Object: 'Object Repository/Прогноз по ДЗО/Переключить отображение с процентов на абс Блок руководителя' is clicked on

17-03-2025T05:32:09 - [MESSAGE][PASSED] - Object: 'Object Repository/Прогноз по ДЗО/Переключить отображение с процентов на абс Блок руководителя' is clicked on

17-03-2025T05:32:09 - [TEST_STEP][PASSED] - a5 = getText(findTestObject("Прогноз по ДЗО/График5")): Text of object 'Object Repository/Прогноз по ДЗО/График5' is: 'Отклонения по ПАО Россети на 2025 год
⬤ Отклонение, млн. кВт.ч'

17-03-2025T05:32:10 - [MESSAGE][PASSED] - Text of object 'Object Repository/Прогноз по ДЗО/График5' is: 'Отклонения по ПАО Россети на 2025 год
⬤ Отклонение, млн. кВт.ч'

17-03-2025T05:32:10 - [TEST_STEP][PASSED] - a6 = getText(findTestObject("Прогноз по ДЗО/График6")): Text of object 'Object Repository/Прогноз по ДЗО/График6' is: 'Выручка отклонения по ПАО Россети на 2025 год
⬤ Отклонение, млн. руб'

17-03-2025T05:32:10 - [MESSAGE][PASSED] - Text of object 'Object Repository/Прогноз по ДЗО/График6' is: 'Выручка отклонения по ПАО Россети на 2025 год
⬤ Отклонение, млн. руб'

17-03-2025T05:32:10 - [TEST_STEP][PASSED] - click(findTestObject("Прогноз по ДЗО/Переключить отображение с абс на проценты")): Object: 'Object Repository/Прогноз по ДЗО/Переключить отображение с абс на проценты' is clicked on

17-03-2025T05:32:10 - [MESSAGE][PASSED] - Object: 'Object Repository/Прогноз по ДЗО/Переключить отображение с абс на проценты' is clicked on

17-03-2025T05:32:10 - [TEST_STEP][PASSED] - n = n + 32: null

17-03-2025T05:32:10 - [TEST_STEP][PASSED] - b = n - run + 1: null

17-03-2025T05:32:10 - [TEST_STEP][PASSED] - verifyEqual(findTestData("PlanFact").getValue(2, b), a1): Actual object 'Динамика электропотребления, млрд. кВт.ч.
У виджета нет данных' and expected object 'Динамика электропотребления, млрд. кВт.ч.
У виджета нет данных' are equal

17-03-2025T05:32:10 - [MESSAGE][PASSED] - Actual object 'Динамика электропотребления, млрд. кВт.ч.
У виджета нет данных' and expected object 'Динамика электропотребления, млрд. кВт.ч.
У виджета нет данных' are equal

17-03-2025T05:32:10 - [TEST_STEP][PASSED] - verifyEqual(findTestData("PlanFact").getValue(3, b), a2): Actual object 'Выручка, млрд. руб.
У виджета нет данных' and expected object 'Выручка, млрд. руб.
У виджета нет данных' are equal

17-03-2025T05:32:10 - [MESSAGE][PASSED] - Actual object 'Выручка, млрд. руб.
У виджета нет данных' and expected object 'Выручка, млрд. руб.
У виджета нет данных' are equal

17-03-2025T05:32:10 - [TEST_STEP][PASSED] - verifyEqual(findTestData("PlanFact").getValue(4, b), a3): Actual object 'Отклонения по ПАО Россети на 2025 год
⬤ Отклонение, %' and expected object 'Отклонения по ПАО Россети на 2025 год
⬤ Отклонение, %' are equal

17-03-2025T05:32:11 - [MESSAGE][PASSED] - Actual object 'Отклонения по ПАО Россети на 2025 год
⬤ Отклонение, %' and expected object 'Отклонения по ПАО Россети на 2025 год
⬤ Отклонение, %' are equal

17-03-2025T05:32:11 - [TEST_STEP][PASSED] - verifyEqual(findTestData("PlanFact").getValue(5, b), a4): Actual object 'Выручка отклонения по ПАО Россети на 2025 год
⬤ Отклонение, %' and expected object 'Выручка отклонения по ПАО Россети на 2025 год
⬤ Отклонение, %' are equal

17-03-2025T05:32:11 - [MESSAGE][PASSED] - Actual object 'Выручка отклонения по ПАО Россети на 2025 год
⬤ Отклонение, %' and expected object 'Выручка отклонения по ПАО Россети на 2025 год
⬤ Отклонение, %' are equal

17-03-2025T05:32:11 - [TEST_STEP][PASSED] - verifyEqual(findTestData("PlanFact").getValue(6, b), a5): Actual object 'Отклонения по ПАО Россети на 2025 год
⬤ Отклонение, млн. кВт.ч' and expected object 'Отклонения по ПАО Россети на 2025 год
⬤ Отклонение, млн. кВт.ч' are equal

17-03-2025T05:32:11 - [MESSAGE][PASSED] - Actual object 'Отклонения по ПАО Россети на 2025 год
⬤ Отклонение, млн. кВт.ч' and expected object 'Отклонения по ПАО Россети на 2025 год
⬤ Отклонение, млн. кВт.ч' are equal

17-03-2025T05:32:11 - [TEST_STEP][PASSED] - verifyEqual(findTestData("PlanFact").getValue(7, b), a6): Actual object 'Выручка отклонения по ПАО Россети на 2025 год
⬤ Отклонение, млн. руб' and expected object 'Выручка отклонения по ПАО Россети на 2025 год
⬤ Отклонение, млн. руб' are equal

17-03-2025T05:32:11 - [MESSAGE][PASSED] - Actual object 'Выручка отклонения по ПАО Россети на 2025 год
⬤ Отклонение, млн. руб' and expected object 'Выручка отклонения по ПАО Россети на 2025 год
⬤ Отклонение, млн. руб' are equal

17-03-2025T05:32:11 - [TEST_STEP][PASSED] - Script1686231490255.WriteToExcel(user, dashboardName, n, data, run, a1, a2, a3, a4, a5, a6, a7, a8, a9): null

17-03-2025T05:32:11 - [TEST_STEP][PASSED] - sheetName = "Sheet1": null

17-03-2025T05:32:11 - [TEST_STEP][PASSED] - workbook01 = getWorkbook(excelFilePath): null

17-03-2025T05:32:11 - [TEST_STEP][PASSED] - sheet01 = getExcelSheet(workbook01, sheetName): null

17-03-2025T05:32:11 - [TEST_STEP][PASSED] - setValueToCellByIndex(sheet01, n, 0, dashboardName): null

17-03-2025T05:32:11 - [TEST_STEP][PASSED] - setValueToCellByIndex(sheet01, n, 10, user): null

17-03-2025T05:32:11 - [TEST_STEP][PASSED] - setValueToCellByIndex(sheet01, n, 1, a1): null

17-03-2025T05:32:11 - [TEST_STEP][PASSED] - setValueToCellByIndex(sheet01, n, 2, a2): null

17-03-2025T05:32:11 - [TEST_STEP][PASSED] - setValueToCellByIndex(sheet01, n, 3, a3): null

17-03-2025T05:32:11 - [TEST_STEP][PASSED] - setValueToCellByIndex(sheet01, n, 4, a4): null

17-03-2025T05:32:11 - [TEST_STEP][PASSED] - setValueToCellByIndex(sheet01, n, 5, a5): null

17-03-2025T05:32:11 - [TEST_STEP][PASSED] - setValueToCellByIndex(sheet01, n, 6, a6): null

17-03-2025T05:32:11 - [TEST_STEP][PASSED] - setValueToCellByIndex(sheet01, n, 7, a7): null

17-03-2025T05:32:11 - [TEST_STEP][PASSED] - setValueToCellByIndex(sheet01, n, 8, a8): null

17-03-2025T05:32:11 - [TEST_STEP][PASSED] - setValueToCellByIndex(sheet01, n, 9, a9): null

17-03-2025T05:32:11 - [TEST_STEP][PASSED] - n = n + 1: null

17-03-2025T05:32:11 - [TEST_STEP][PASSED] - saveWorkbook(excelFilePath, workbook01): null

17-03-2025T05:32:11 - [TEST_STEP][PASSED] - closeBrowser(): Browser is closed

17-03-2025T05:32:11 - [MESSAGE][PASSED] - Browser is closed

17-03-2025T05:32:11 - [TEST_STEP][PASSED] - delay(70): Delayed 70 second(s)

17-03-2025T05:33:21 - [MESSAGE][PASSED] - Delayed 70 second(s)

17-03-2025T05:33:21 - [TEST_STEP][PASSED] - for ([run = 1, run < 4, (run++)]): null

17-03-2025T05:33:21 - [TEST_STEP][PASSED] - PrognozPoOtraslyam(user, dashboardName, n, data, run, a1, a2, a3, a4, a5, a6, a7, a8, a9, urlData): null

17-03-2025T05:33:21 - [TEST_STEP][PASSED] - n = data.getRowNumbers() + 1: null

17-03-2025T05:33:21 - [TEST_STEP][PASSED] - println(n): null

17-03-2025T05:33:21 - [TEST_STEP][PASSED] - dashboardName = "Прогноз по отраслям": null

17-03-2025T05:33:21 - [TEST_STEP][PASSED] - openBrowser(""): Browser is opened with url: ''

17-03-2025T05:33:21 - [MESSAGE][INFO] - Starting 'Chrome' driver

17-03-2025T05:33:21 - [MESSAGE][INFO] - Action delay is set to 0 milliseconds

17-03-2025T05:33:22 - [MESSAGE][PASSED] - Browser is opened with url: ''

17-03-2025T05:33:22 - [TEST_STEP][PASSED] - urlData = 6: null

17-03-2025T05:33:22 - [TEST_STEP][PASSED] - Script1686231490255.CheckPageDownload(urlData, run): null

17-03-2025T05:33:22 - [TEST_STEP][PASSED] - i = 1: null

17-03-2025T05:33:22 - [TEST_STEP][PASSED] - ii = 0: null

17-03-2025T05:33:22 - [TEST_STEP][PASSED] - urlText = <not implemented yet for class: org.codehaus.groovy.ast.expr.EmptyExpression>: null

17-03-2025T05:33:22 - [TEST_STEP][PASSED] - searchWord = <not implemented yet for class: org.codehaus.groovy.ast.expr.EmptyExpression>: null

17-03-2025T05:33:22 - [TEST_STEP][PASSED] - deleteAllCookies(): Delete all cookies successfully

17-03-2025T05:33:22 - [MESSAGE][PASSED] - Delete all cookies successfully

17-03-2025T05:33:22 - [TEST_STEP][PASSED] - refresh(): Refresh successfully

17-03-2025T05:33:22 - [MESSAGE][PASSED] - Refresh successfully

17-03-2025T05:33:22 - [TEST_STEP][PASSED] - delay(70): Delayed 70 second(s)

17-03-2025T05:34:32 - [MESSAGE][PASSED] - Delayed 70 second(s)

17-03-2025T05:34:32 - [TEST_STEP][PASSED] - navigateToUrl(findTestData("PlanFact").getValue(10, urlData)): Navigate to 'https://bi.rosseti.digital/viewer?dashboardGuid=d6acb5b1a7114a9791b34de39263106e&sheetGuid=0b6d261d7f7b4424a967aa8f3a724189&fit=true' successfully

17-03-2025T05:34:35 - [MESSAGE][PASSED] - Navigate to 'https://bi.rosseti.digital/viewer?dashboardGuid=d6acb5b1a7114a9791b34de39263106e&sheetGuid=0b6d261d7f7b4424a967aa8f3a724189&fit=true' successfully

17-03-2025T05:34:35 - [TEST_STEP][PASSED] - pageLoaded1 = verifyElementPresent(findTestObject("Страница авторизации/Text"), 30): Object 'Object Repository/Страница авторизации/Text' is present

17-03-2025T05:34:37 - [MESSAGE][PASSED] - Object 'Object Repository/Страница авторизации/Text' is present

17-03-2025T05:34:37 - [TEST_STEP][PASSED] - if (pageLoaded1 == false): null

17-03-2025T05:34:37 - [TEST_STEP][PASSED] - urlText = getText(findTestObject("Страница авторизации/Text")): Text of object 'Object Repository/Страница авторизации/Text' is: 'Вход'

17-03-2025T05:34:38 - [MESSAGE][PASSED] - Text of object 'Object Repository/Страница авторизации/Text' is: 'Вход'

17-03-2025T05:34:38 - [TEST_STEP][PASSED] - delay(70): Delayed 70 second(s)

17-03-2025T05:35:48 - [MESSAGE][PASSED] - Delayed 70 second(s)

17-03-2025T05:35:48 - [TEST_STEP][PASSED] - searchWord = "Вход": null

17-03-2025T05:35:48 - [TEST_STEP][PASSED] - if (urlText.contains(searchWord) == false): null

17-03-2025T05:35:48 - [TEST_STEP][PASSED] - setText(findTestObject("Страница авторизации/input__username"), findTestData("PlanFact").getValue(8, run)): Text 'liazgina-di' is set on object 'Object Repository/Страница авторизации/input__username'

17-03-2025T05:35:48 - [MESSAGE][PASSED] - Text 'liazgina-di' is set on object 'Object Repository/Страница авторизации/input__username'

17-03-2025T05:35:48 - [TEST_STEP][PASSED] - setText(findTestObject("Страница авторизации/input__password"), findTestData("PlanFact").getValue(9, run)): Text ')$%5srZ8o688Dm#q' is set on object 'Object Repository/Страница авторизации/input__password'

17-03-2025T05:35:49 - [MESSAGE][PASSED] - Text ')$%5srZ8o688Dm#q' is set on object 'Object Repository/Страница авторизации/input__password'

17-03-2025T05:35:49 - [TEST_STEP][PASSED] - click(findTestObject("Страница авторизации/button_")): Object: 'Object Repository/Страница авторизации/button_' is clicked on

17-03-2025T05:35:50 - [MESSAGE][PASSED] - Object: 'Object Repository/Страница авторизации/button_' is clicked on

17-03-2025T05:35:50 - [TEST_STEP][PASSED] - delay(70): Delayed 70 second(s)

17-03-2025T05:37:00 - [MESSAGE][PASSED] - Delayed 70 second(s)

17-03-2025T05:37:00 - [TEST_STEP][PASSED] - searchWord = "а": null

17-03-2025T05:37:00 - [TEST_STEP][PASSED] - pageLoaded2 = verifyElementPresent(findTestObject("Страница авторизации/Text"), 50): Object 'Object Repository/Страница авторизации/Text' is present

17-03-2025T05:37:01 - [MESSAGE][PASSED] - Object 'Object Repository/Страница авторизации/Text' is present

17-03-2025T05:37:01 - [TEST_STEP][PASSED] - if (pageLoaded2 == false): null

17-03-2025T05:37:01 - [TEST_STEP][PASSED] - urlText = getText(findTestObject("Страница авторизации/Text")): Text of object 'Object Repository/Страница авторизации/Text' is: 'Год 
2023 год
Сравнение с 
План
Динамика электропотребления, млрд. кВт.ч. по ПАО Россети на 2023 год
10 10
190 190
36 36
14 14
9 9
14 14
4 4
17 17
80 80
19 19
82 82
588 588
10 10
197 197
37 37
48 48
10 10
15 15
4 4
18 18
80 80
19 19
82 82
608 608
План
Ожидаемое (прогноз по конца года)
Интер РАО (дляФСК)
Промышленныепотребители
Транспорт
Нефтедобыча
Нефтепереработка
Нефтепроводы
Газопроводы
Сельскоехозяйство ипищеваяпромышленность
Непромышленныепотребители
Государственные(муниципальные)организации ипрочиебюджетныепотребители
Население иприравненныегруппыпотребителей
Территориальныесетевыеорганизации
Выручка по ПАО Россети на 2023 год
5 5
319 319
81 81
16 16
16 16
20 20
2 2
56 56
215 215
67 67
218 218
239 239
6 6
331 331
82 82
77 77
20 20
20 20
3 3
57 57
220 220
68 68
214 214
258 258
План
Ожидаемое (прогноз по конца года)
Интер РАО (дляФСК)
Промышленныепотребители
Транспорт
Нефтедобыча
Нефтепереработка
Нефтепроводы
Газопроводы
Сельскоехозяйство ипищеваяпромышленность
Непромышленныепотребители
Государственные(муниципальные)организации ипрочиебюджетныепотребители
Население иприравненныегруппыпотребителей
Территориальныесетевыеорганизации
Отклонения по ПАО Россети на 2023 год
-4.7% -4.7%
3.8% 3.8%
1.9% 1.9%
230.3% 230.3%
10.9% 10.9%
4.2% 4.2%
21.7% 21.7%
3.9% 3.9%
-0.6% -0.6%
1.6% 1.6%
-1.0% -1.0%
3.3% 3.3%
⬤ Отклонение, %
Интер РАО (для ФСК)
Промышленные потребители
Транспорт
Нефтедобыча
Нефтепереработка
Нефтепроводы
Газопроводы
Сельское хозяйство и пищевая пр…
Непромышленные потребители
Государственные (муниципальные…
Население и приравненные групп…
Территориальные сетевые органи…
Выручка отклонения по ПАО Россети на 2023 год
15.6% 15.6%
3.8% 3.8%
1.2% 1.2%
398.2% 398.2%
26.9% 26.9%
-0.6% -0.6%
26.9% 26.9%
1.5% 1.5%
2.7% 2.7%
2.0% 2.0%
-2.0% -2.0%
7.9% 7.9%
⬤ Отклонение, %
Интер РАО (для ФСК)
Промышленные потребители
Транспорт
Нефтедобыча
Нефтепереработка
Нефтепроводы
Газопроводы
Сельское хозяйство и пищевая пр…
Непромышленные потребители
Государственные (муниципальные…
Население и приравненные групп…
Территориальные сетевые органи…
абс.
%
Прогноз на месяц 
Ноябрь
КПО/Отпуск из сети 
Отпуск из сети, млн. кВт.ч
Организация 
Все
Прогноз электропотребления и выручки за услуги по передаче в разрезе отраслей'

17-03-2025T05:37:01 - [MESSAGE][PASSED] - Text of object 'Object Repository/Страница авторизации/Text' is: 'Год 
2023 год
Сравнение с 
План
Динамика электропотребления, млрд. кВт.ч. по ПАО Россети на 2023 год
10 10
190 190
36 36
14 14
9 9
14 14
4 4
17 17
80 80
19 19
82 82
588 588
10 10
197 197
37 37
48 48
10 10
15 15
4 4
18 18
80 80
19 19
82 82
608 608
План
Ожидаемое (прогноз по конца года)
Интер РАО (дляФСК)
Промышленныепотребители
Транспорт
Нефтедобыча
Нефтепереработка
Нефтепроводы
Газопроводы
Сельскоехозяйство ипищеваяпромышленность
Непромышленныепотребители
Государственные(муниципальные)организации ипрочиебюджетныепотребители
Население иприравненныегруппыпотребителей
Территориальныесетевыеорганизации
Выручка по ПАО Россети на 2023 год
5 5
319 319
81 81
16 16
16 16
20 20
2 2
56 56
215 215
67 67
218 218
239 239
6 6
331 331
82 82
77 77
20 20
20 20
3 3
57 57
220 220
68 68
214 214
258 258
План
Ожидаемое (прогноз по конца года)
Интер РАО (дляФСК)
Промышленныепотребители
Транспорт
Нефтедобыча
Нефтепереработка
Нефтепроводы
Газопроводы
Сельскоехозяйство ипищеваяпромышленность
Непромышленныепотребители
Государственные(муниципальные)организации ипрочиебюджетныепотребители
Население иприравненныегруппыпотребителей
Территориальныесетевыеорганизации
Отклонения по ПАО Россети на 2023 год
-4.7% -4.7%
3.8% 3.8%
1.9% 1.9%
230.3% 230.3%
10.9% 10.9%
4.2% 4.2%
21.7% 21.7%
3.9% 3.9%
-0.6% -0.6%
1.6% 1.6%
-1.0% -1.0%
3.3% 3.3%
⬤ Отклонение, %
Интер РАО (для ФСК)
Промышленные потребители
Транспорт
Нефтедобыча
Нефтепереработка
Нефтепроводы
Газопроводы
Сельское хозяйство и пищевая пр…
Непромышленные потребители
Государственные (муниципальные…
Население и приравненные групп…
Территориальные сетевые органи…
Выручка отклонения по ПАО Россети на 2023 год
15.6% 15.6%
3.8% 3.8%
1.2% 1.2%
398.2% 398.2%
26.9% 26.9%
-0.6% -0.6%
26.9% 26.9%
1.5% 1.5%
2.7% 2.7%
2.0% 2.0%
-2.0% -2.0%
7.9% 7.9%
⬤ Отклонение, %
Интер РАО (для ФСК)
Промышленные потребители
Транспорт
Нефтедобыча
Нефтепереработка
Нефтепроводы
Газопроводы
Сельское хозяйство и пищевая пр…
Непромышленные потребители
Государственные (муниципальные…
Население и приравненные групп…
Территориальные сетевые органи…
абс.
%
Прогноз на месяц 
Ноябрь
КПО/Отпуск из сети 
Отпуск из сети, млн. кВт.ч
Организация 
Все
Прогноз электропотребления и выручки за услуги по передаче в разрезе отраслей'

17-03-2025T05:37:01 - [TEST_STEP][PASSED] - if (urlText.contains("ошибка") || urlText.contains(searchWord) == false): null

17-03-2025T05:37:01 - [TEST_STEP][PASSED] - a3 = "": null

17-03-2025T05:37:01 - [TEST_STEP][PASSED] - a4 = "": null

17-03-2025T05:37:01 - [TEST_STEP][PASSED] - a5 = "": null

17-03-2025T05:37:01 - [TEST_STEP][PASSED] - a6 = "": null

17-03-2025T05:37:01 - [TEST_STEP][PASSED] - a7 = "": null

17-03-2025T05:37:01 - [TEST_STEP][PASSED] - a8 = "": null

17-03-2025T05:37:01 - [TEST_STEP][PASSED] - a9 = "": null

17-03-2025T05:37:01 - [TEST_STEP][PASSED] - if (run == 1): null

17-03-2025T05:37:01 - [TEST_STEP][PASSED] - user = "админ": null

17-03-2025T05:37:01 - [TEST_STEP][PASSED] - a1 = getText(findTestObject("Прогноз по отраслям/Виджеты дашборда")): Text of object 'Object Repository/Прогноз по отраслям/Виджеты дашборда' is: 'Год 
2023 год
Сравнение с 
План
Динамика электропотребления, млрд. кВт.ч. по ПАО Россети на 2023 год
10 10
190 190
36 36
14 14
9 9
14 14
4 4
17 17
80 80
19 19
82 82
588 588
10 10
197 197
37 37
48 48
10 10
15 15
4 4
18 18
80 80
19 19
82 82
608 608
План
Ожидаемое (прогноз по конца года)
Интер РАО (дляФСК)
Промышленныепотребители
Транспорт
Нефтедобыча
Нефтепереработка
Нефтепроводы
Газопроводы
Сельскоехозяйство ипищеваяпромышленность
Непромышленныепотребители
Государственные(муниципальные)организации ипрочиебюджетныепотребители
Население иприравненныегруппыпотребителей
Территориальныесетевыеорганизации
Выручка по ПАО Россети на 2023 год
5 5
319 319
81 81
16 16
16 16
20 20
2 2
56 56
215 215
67 67
218 218
239 239
6 6
331 331
82 82
77 77
20 20
20 20
3 3
57 57
220 220
68 68
214 214
258 258
План
Ожидаемое (прогноз по конца года)
Интер РАО (дляФСК)
Промышленныепотребители
Транспорт
Нефтедобыча
Нефтепереработка
Нефтепроводы
Газопроводы
Сельскоехозяйство ипищеваяпромышленность
Непромышленныепотребители
Государственные(муниципальные)организации ипрочиебюджетныепотребители
Население иприравненныегруппыпотребителей
Территориальныесетевыеорганизации
Отклонения по ПАО Россети на 2023 год
-4.7% -4.7%
3.8% 3.8%
1.9% 1.9%
230.3% 230.3%
10.9% 10.9%
4.2% 4.2%
21.7% 21.7%
3.9% 3.9%
-0.6% -0.6%
1.6% 1.6%
-1.0% -1.0%
3.3% 3.3%
⬤ Отклонение, %
Интер РАО (для ФСК)
Промышленные потребители
Транспорт
Нефтедобыча
Нефтепереработка
Нефтепроводы
Газопроводы
Сельское хозяйство и пищевая пр…
Непромышленные потребители
Государственные (муниципальные…
Население и приравненные групп…
Территориальные сетевые органи…
Выручка отклонения по ПАО Россети на 2023 год
15.6% 15.6%
3.8% 3.8%
1.2% 1.2%
398.2% 398.2%
26.9% 26.9%
-0.6% -0.6%
26.9% 26.9%
1.5% 1.5%
2.7% 2.7%
2.0% 2.0%
-2.0% -2.0%
7.9% 7.9%
⬤ Отклонение, %
Интер РАО (для ФСК)
Промышленные потребители
Транспорт
Нефтедобыча
Нефтепереработка
Нефтепроводы
Газопроводы
Сельское хозяйство и пищевая пр…
Непромышленные потребители
Государственные (муниципальные…
Население и приравненные групп…
Территориальные сетевые органи…
абс.
%
Прогноз на месяц 
Ноябрь
КПО/Отпуск из сети 
Отпуск из сети, млн. кВт.ч
Организация 
Все
Прогноз электропотребления и выручки за услуги по передаче в разрезе отраслей'

17-03-2025T05:37:02 - [MESSAGE][PASSED] - Text of object 'Object Repository/Прогноз по отраслям/Виджеты дашборда' is: 'Год 
2023 год
Сравнение с 
План
Динамика электропотребления, млрд. кВт.ч. по ПАО Россети на 2023 год
10 10
190 190
36 36
14 14
9 9
14 14
4 4
17 17
80 80
19 19
82 82
588 588
10 10
197 197
37 37
48 48
10 10
15 15
4 4
18 18
80 80
19 19
82 82
608 608
План
Ожидаемое (прогноз по конца года)
Интер РАО (дляФСК)
Промышленныепотребители
Транспорт
Нефтедобыча
Нефтепереработка
Нефтепроводы
Газопроводы
Сельскоехозяйство ипищеваяпромышленность
Непромышленныепотребители
Государственные(муниципальные)организации ипрочиебюджетныепотребители
Население иприравненныегруппыпотребителей
Территориальныесетевыеорганизации
Выручка по ПАО Россети на 2023 год
5 5
319 319
81 81
16 16
16 16
20 20
2 2
56 56
215 215
67 67
218 218
239 239
6 6
331 331
82 82
77 77
20 20
20 20
3 3
57 57
220 220
68 68
214 214
258 258
План
Ожидаемое (прогноз по конца года)
Интер РАО (дляФСК)
Промышленныепотребители
Транспорт
Нефтедобыча
Нефтепереработка
Нефтепроводы
Газопроводы
Сельскоехозяйство ипищеваяпромышленность
Непромышленныепотребители
Государственные(муниципальные)организации ипрочиебюджетныепотребители
Население иприравненныегруппыпотребителей
Территориальныесетевыеорганизации
Отклонения по ПАО Россети на 2023 год
-4.7% -4.7%
3.8% 3.8%
1.9% 1.9%
230.3% 230.3%
10.9% 10.9%
4.2% 4.2%
21.7% 21.7%
3.9% 3.9%
-0.6% -0.6%
1.6% 1.6%
-1.0% -1.0%
3.3% 3.3%
⬤ Отклонение, %
Интер РАО (для ФСК)
Промышленные потребители
Транспорт
Нефтедобыча
Нефтепереработка
Нефтепроводы
Газопроводы
Сельское хозяйство и пищевая пр…
Непромышленные потребители
Государственные (муниципальные…
Население и приравненные групп…
Территориальные сетевые органи…
Выручка отклонения по ПАО Россети на 2023 год
15.6% 15.6%
3.8% 3.8%
1.2% 1.2%
398.2% 398.2%
26.9% 26.9%
-0.6% -0.6%
26.9% 26.9%
1.5% 1.5%
2.7% 2.7%
2.0% 2.0%
-2.0% -2.0%
7.9% 7.9%
⬤ Отклонение, %
Интер РАО (для ФСК)
Промышленные потребители
Транспорт
Нефтедобыча
Нефтепереработка
Нефтепроводы
Газопроводы
Сельское хозяйство и пищевая пр…
Непромышленные потребители
Государственные (муниципальные…
Население и приравненные групп…
Территориальные сетевые органи…
абс.
%
Прогноз на месяц 
Ноябрь
КПО/Отпуск из сети 
Отпуск из сети, млн. кВт.ч
Организация 
Все
Прогноз электропотребления и выручки за услуги по передаче в разрезе отраслей'

17-03-2025T05:37:02 - [TEST_STEP][PASSED] - click(findTestObject("Прогноз по отраслям/Переключить отображение с процентов на абс Блок руководителя")): Object: 'Object Repository/Прогноз по отраслям/Переключить отображение с процентов на абс Блок руководителя' is clicked on

17-03-2025T05:37:02 - [MESSAGE][PASSED] - Object: 'Object Repository/Прогноз по отраслям/Переключить отображение с процентов на абс Блок руководителя' is clicked on

17-03-2025T05:37:02 - [TEST_STEP][PASSED] - a2 = getText(findTestObject("Прогноз по отраслям/Виджеты дашборда")): Text of object 'Object Repository/Прогноз по отраслям/Виджеты дашборда' is: 'Год 
2023 год
Сравнение с 
План
Отклонения по ПАО Россети на 2023 год
-492.2 -492.2
7 165.1 7 165.1
689.3 689.3
33 271.7 33 271.7
986.4 986.4
593.8 593.8
764.0 764.0
670.4 670.4
-592.4 -592.4
308.8 308.8
-940.9 -940.9
19 604.1 19 604.1
⬤ Отклонение, млн. кВт.ч
Интер РАО (для ФСК)
Промышленные потребители
Транспорт
Нефтедобыча
Нефтепереработка
Нефтепроводы
Газопроводы
Сельское хозяйство и пищевая пр…
Непромышленные потребители
Государственные (муниципальные…
Население и приравненные групп…
Территориальные сетевые органи…
Выручка отклонения по ПАО Россети на 2023 год
794.9 794.9
12 195.0 12 195.0
972.7 972.7
61 803.9 61 803.9
4 222.3 4 222.3
-121.8 -121.8
666.2 666.2
873.2 873.2
5 809.6 5 809.6
1 342.6 1 342.6
-4 463.2 -4 463.2
18 375.5 18 375.5
⬤ Отклонение, млн. руб.
Интер РАО (для ФСК)
Промышленные потребители
Транспорт
Нефтедобыча
Нефтепереработка
Нефтепроводы
Газопроводы
Сельское хозяйство и пищевая пр…
Непромышленные потребители
Государственные (муниципальные…
Население и приравненные групп…
Территориальные сетевые органи…
Динамика электропотребления, млрд. кВт.ч. по ПАО Россети на 2023 год
10 10
190 190
36 36
14 14
9 9
14 14
4 4
17 17
80 80
19 19
82 82
588 588
10 10
197 197
37 37
48 48
10 10
15 15
4 4
18 18
80 80
19 19
82 82
608 608
План
Ожидаемое (прогноз по конца года)
Интер РАО (дляФСК)
Промышленныепотребители
Транспорт
Нефтедобыча
Нефтепереработка
Нефтепроводы
Газопроводы
Сельскоехозяйство ипищеваяпромышленность
Непромышленныепотребители
Государственные(муниципальные)организации ипрочиебюджетныепотребители
Население иприравненныегруппыпотребителей
Территориальныесетевыеорганизации
Выручка по ПАО Россети на 2023 год
5 5
319 319
81 81
16 16
16 16
20 20
2 2
56 56
215 215
67 67
218 218
239 239
6 6
331 331
82 82
77 77
20 20
20 20
3 3
57 57
220 220
68 68
214 214
258 258
План
Ожидаемое (прогноз по конца года)
Интер РАО (дляФСК)
Промышленныепотребители
Транспорт
Нефтедобыча
Нефтепереработка
Нефтепроводы
Газопроводы
Сельскоехозяйство ипищеваяпромышленность
Непромышленныепотребители
Государственные(муниципальные)организации ипрочиебюджетныепотребители
Население иприравненныегруппыпотребителей
Территориальныесетевыеорганизации
абс.
%
Прогноз на месяц 
Ноябрь
КПО/Отпуск из сети 
Отпуск из сети, млн. кВт.ч
Организация 
Все
Прогноз электропотребления и выручки за услуги по передаче в разрезе отраслей'

17-03-2025T05:37:02 - [MESSAGE][PASSED] - Text of object 'Object Repository/Прогноз по отраслям/Виджеты дашборда' is: 'Год 
2023 год
Сравнение с 
План
Отклонения по ПАО Россети на 2023 год
-492.2 -492.2
7 165.1 7 165.1
689.3 689.3
33 271.7 33 271.7
986.4 986.4
593.8 593.8
764.0 764.0
670.4 670.4
-592.4 -592.4
308.8 308.8
-940.9 -940.9
19 604.1 19 604.1
⬤ Отклонение, млн. кВт.ч
Интер РАО (для ФСК)
Промышленные потребители
Транспорт
Нефтедобыча
Нефтепереработка
Нефтепроводы
Газопроводы
Сельское хозяйство и пищевая пр…
Непромышленные потребители
Государственные (муниципальные…
Население и приравненные групп…
Территориальные сетевые органи…
Выручка отклонения по ПАО Россети на 2023 год
794.9 794.9
12 195.0 12 195.0
972.7 972.7
61 803.9 61 803.9
4 222.3 4 222.3
-121.8 -121.8
666.2 666.2
873.2 873.2
5 809.6 5 809.6
1 342.6 1 342.6
-4 463.2 -4 463.2
18 375.5 18 375.5
⬤ Отклонение, млн. руб.
Интер РАО (для ФСК)
Промышленные потребители
Транспорт
Нефтедобыча
Нефтепереработка
Нефтепроводы
Газопроводы
Сельское хозяйство и пищевая пр…
Непромышленные потребители
Государственные (муниципальные…
Население и приравненные групп…
Территориальные сетевые органи…
Динамика электропотребления, млрд. кВт.ч. по ПАО Россети на 2023 год
10 10
190 190
36 36
14 14
9 9
14 14
4 4
17 17
80 80
19 19
82 82
588 588
10 10
197 197
37 37
48 48
10 10
15 15
4 4
18 18
80 80
19 19
82 82
608 608
План
Ожидаемое (прогноз по конца года)
Интер РАО (дляФСК)
Промышленныепотребители
Транспорт
Нефтедобыча
Нефтепереработка
Нефтепроводы
Газопроводы
Сельскоехозяйство ипищеваяпромышленность
Непромышленныепотребители
Государственные(муниципальные)организации ипрочиебюджетныепотребители
Население иприравненныегруппыпотребителей
Территориальныесетевыеорганизации
Выручка по ПАО Россети на 2023 год
5 5
319 319
81 81
16 16
16 16
20 20
2 2
56 56
215 215
67 67
218 218
239 239
6 6
331 331
82 82
77 77
20 20
20 20
3 3
57 57
220 220
68 68
214 214
258 258
План
Ожидаемое (прогноз по конца года)
Интер РАО (дляФСК)
Промышленныепотребители
Транспорт
Нефтедобыча
Нефтепереработка
Нефтепроводы
Газопроводы
Сельскоехозяйство ипищеваяпромышленность
Непромышленныепотребители
Государственные(муниципальные)организации ипрочиебюджетныепотребители
Население иприравненныегруппыпотребителей
Территориальныесетевыеорганизации
абс.
%
Прогноз на месяц 
Ноябрь
КПО/Отпуск из сети 
Отпуск из сети, млн. кВт.ч
Организация 
Все
Прогноз электропотребления и выручки за услуги по передаче в разрезе отраслей'

17-03-2025T05:37:02 - [TEST_STEP][PASSED] - click(findTestObject("Прогноз по отраслям/Переключить отображение с абс на проценты")): Object: 'Object Repository/Прогноз по отраслям/Переключить отображение с абс на проценты' is clicked on

17-03-2025T05:37:03 - [MESSAGE][PASSED] - Object: 'Object Repository/Прогноз по отраслям/Переключить отображение с абс на проценты' is clicked on

17-03-2025T05:37:03 - [TEST_STEP][PASSED] - i = a1.indexOf("млрд. кВт.ч."): null

17-03-2025T05:37:03 - [TEST_STEP][PASSED] - if (i > -1): null

17-03-2025T05:37:03 - [TEST_STEP][PASSED] - a1 = a1.substring(0, i) + a1.substring(i + 12, a1.length()): null

17-03-2025T05:37:03 - [TEST_STEP][PASSED] - i = a1.indexOf("Выручка"): null

17-03-2025T05:37:03 - [TEST_STEP][PASSED] - if (i > -1): null

17-03-2025T05:37:03 - [TEST_STEP][PASSED] - a1 = a1.substring(0, i) + a1.substring(i + 8, a1.length()): null

17-03-2025T05:37:03 - [TEST_STEP][PASSED] - i = a1.indexOf("по ПАО Россети на 2023 год"): null

17-03-2025T05:37:03 - [TEST_STEP][PASSED] - if (i > -1): null

17-03-2025T05:37:03 - [TEST_STEP][PASSED] - a1 = a1.substring(0, i) + a1.substring(i + 27, a1.length()): null

17-03-2025T05:37:03 - [TEST_STEP][PASSED] - i = a1.indexOf("по ПАО Россети на 2023 год"): null

17-03-2025T05:37:03 - [TEST_STEP][PASSED] - if (i > -1): null

17-03-2025T05:37:03 - [TEST_STEP][PASSED] - a1 = a1.substring(0, i) + a1.substring(i + 27, a1.length()): null

17-03-2025T05:37:03 - [TEST_STEP][PASSED] - i = a1.indexOf("по ПАО Россети на 2023 год"): null

17-03-2025T05:37:03 - [TEST_STEP][PASSED] - if (i > -1): null

17-03-2025T05:37:03 - [TEST_STEP][PASSED] - a1 = a1.substring(0, i) + a1.substring(i + 27, a1.length()): null

17-03-2025T05:37:03 - [TEST_STEP][PASSED] - i = a1.indexOf("Отклонения"): null

17-03-2025T05:37:03 - [TEST_STEP][PASSED] - if (i > -1): null

17-03-2025T05:37:03 - [TEST_STEP][PASSED] - a1 = a1.substring(0, i) + a1.substring(i + 11, a1.length()): null

17-03-2025T05:37:03 - [TEST_STEP][PASSED] - n = n + 33: null

17-03-2025T05:37:03 - [TEST_STEP][PASSED] - Script1686231490255.WriteToExcel(user, dashboardName, n, data, run, a1, a2, a3, a4, a5, a6, a7, a8, a9): null

17-03-2025T05:37:03 - [TEST_STEP][PASSED] - sheetName = "Sheet1": null

17-03-2025T05:37:03 - [TEST_STEP][PASSED] - workbook01 = getWorkbook(excelFilePath): null

17-03-2025T05:37:03 - [TEST_STEP][PASSED] - sheet01 = getExcelSheet(workbook01, sheetName): null

17-03-2025T05:37:03 - [TEST_STEP][PASSED] - setValueToCellByIndex(sheet01, n, 0, dashboardName): null

17-03-2025T05:37:03 - [TEST_STEP][PASSED] - setValueToCellByIndex(sheet01, n, 10, user): null

17-03-2025T05:37:03 - [TEST_STEP][PASSED] - setValueToCellByIndex(sheet01, n, 1, a1): null

17-03-2025T05:37:03 - [TEST_STEP][PASSED] - setValueToCellByIndex(sheet01, n, 2, a2): null

17-03-2025T05:37:03 - [TEST_STEP][PASSED] - setValueToCellByIndex(sheet01, n, 3, a3): null

17-03-2025T05:37:03 - [TEST_STEP][PASSED] - setValueToCellByIndex(sheet01, n, 4, a4): null

17-03-2025T05:37:03 - [TEST_STEP][PASSED] - setValueToCellByIndex(sheet01, n, 5, a5): null

17-03-2025T05:37:03 - [TEST_STEP][PASSED] - setValueToCellByIndex(sheet01, n, 6, a6): null

17-03-2025T05:37:03 - [TEST_STEP][PASSED] - setValueToCellByIndex(sheet01, n, 7, a7): null

17-03-2025T05:37:03 - [TEST_STEP][PASSED] - setValueToCellByIndex(sheet01, n, 8, a8): null

17-03-2025T05:37:03 - [TEST_STEP][PASSED] - setValueToCellByIndex(sheet01, n, 9, a9): null

17-03-2025T05:37:03 - [TEST_STEP][PASSED] - n = n + 1: null

17-03-2025T05:37:03 - [TEST_STEP][PASSED] - saveWorkbook(excelFilePath, workbook01): null

17-03-2025T05:37:03 - [TEST_STEP][PASSED] - if (run == 2): null

17-03-2025T05:37:03 - [TEST_STEP][PASSED] - if (run == 3): null

17-03-2025T05:37:03 - [TEST_STEP][PASSED] - closeBrowser(): null

17-03-2025T05:37:03 - [MESSAGE][PASSED] - Browser is closed

17-03-2025T05:37:03 - [TEST_STEP][PASSED] - PrognozPoOtraslyam(user, dashboardName, n, data, run, a1, a2, a3, a4, a5, a6, a7, a8, a9, urlData): null

17-03-2025T05:37:03 - [TEST_STEP][PASSED] - n = data.getRowNumbers() + 1: null

17-03-2025T05:37:03 - [TEST_STEP][PASSED] - println(n): null

17-03-2025T05:37:03 - [TEST_STEP][PASSED] - dashboardName = "Прогноз по отраслям": null

17-03-2025T05:37:03 - [TEST_STEP][PASSED] - openBrowser(""): Browser is opened with url: ''

17-03-2025T05:37:03 - [MESSAGE][INFO] - Starting 'Chrome' driver

17-03-2025T05:37:03 - [MESSAGE][INFO] - Action delay is set to 0 milliseconds

17-03-2025T05:37:04 - [MESSAGE][PASSED] - Browser is opened with url: ''

17-03-2025T05:37:04 - [TEST_STEP][PASSED] - urlData = 6: null

17-03-2025T05:37:04 - [TEST_STEP][PASSED] - Script1686231490255.CheckPageDownload(urlData, run): null

17-03-2025T05:37:04 - [TEST_STEP][PASSED] - i = 1: null

17-03-2025T05:37:04 - [TEST_STEP][PASSED] - ii = 0: null

17-03-2025T05:37:04 - [TEST_STEP][PASSED] - urlText = <not implemented yet for class: org.codehaus.groovy.ast.expr.EmptyExpression>: null

17-03-2025T05:37:04 - [TEST_STEP][PASSED] - searchWord = <not implemented yet for class: org.codehaus.groovy.ast.expr.EmptyExpression>: null

17-03-2025T05:37:04 - [TEST_STEP][PASSED] - deleteAllCookies(): Delete all cookies successfully

17-03-2025T05:37:04 - [MESSAGE][PASSED] - Delete all cookies successfully

17-03-2025T05:37:04 - [TEST_STEP][PASSED] - refresh(): Refresh successfully

17-03-2025T05:37:04 - [MESSAGE][PASSED] - Refresh successfully

17-03-2025T05:37:04 - [TEST_STEP][PASSED] - delay(70): Delayed 70 second(s)

17-03-2025T05:38:14 - [MESSAGE][PASSED] - Delayed 70 second(s)

17-03-2025T05:38:14 - [TEST_STEP][PASSED] - navigateToUrl(findTestData("PlanFact").getValue(10, urlData)): Navigate to 'https://bi.rosseti.digital/viewer?dashboardGuid=d6acb5b1a7114a9791b34de39263106e&sheetGuid=0b6d261d7f7b4424a967aa8f3a724189&fit=true' successfully

17-03-2025T05:38:18 - [MESSAGE][PASSED] - Navigate to 'https://bi.rosseti.digital/viewer?dashboardGuid=d6acb5b1a7114a9791b34de39263106e&sheetGuid=0b6d261d7f7b4424a967aa8f3a724189&fit=true' successfully

17-03-2025T05:38:18 - [TEST_STEP][PASSED] - pageLoaded1 = verifyElementPresent(findTestObject("Страница авторизации/Text"), 30): Object 'Object Repository/Страница авторизации/Text' is present

17-03-2025T05:38:19 - [MESSAGE][PASSED] - Object 'Object Repository/Страница авторизации/Text' is present

17-03-2025T05:38:19 - [TEST_STEP][PASSED] - if (pageLoaded1 == false): null

17-03-2025T05:38:19 - [TEST_STEP][PASSED] - urlText = getText(findTestObject("Страница авторизации/Text")): Text of object 'Object Repository/Страница авторизации/Text' is: 'Вход'

17-03-2025T05:38:20 - [MESSAGE][PASSED] - Text of object 'Object Repository/Страница авторизации/Text' is: 'Вход'

17-03-2025T05:38:20 - [TEST_STEP][PASSED] - delay(70): Delayed 70 second(s)

17-03-2025T05:39:30 - [MESSAGE][PASSED] - Delayed 70 second(s)

17-03-2025T05:39:30 - [TEST_STEP][PASSED] - searchWord = "Вход": null

17-03-2025T05:39:30 - [TEST_STEP][PASSED] - if (urlText.contains(searchWord) == false): null

17-03-2025T05:39:30 - [TEST_STEP][PASSED] - setText(findTestObject("Страница авторизации/input__username"), findTestData("PlanFact").getValue(8, run)): Text 'Andreeva-EV' is set on object 'Object Repository/Страница авторизации/input__username'

17-03-2025T05:39:30 - [MESSAGE][PASSED] - Text 'Andreeva-EV' is set on object 'Object Repository/Страница авторизации/input__username'

17-03-2025T05:39:30 - [TEST_STEP][PASSED] - setText(findTestObject("Страница авторизации/input__password"), findTestData("PlanFact").getValue(9, run)): Text '2nPePKDwCPH3ul7xMZ' is set on object 'Object Repository/Страница авторизации/input__password'

17-03-2025T05:39:31 - [MESSAGE][PASSED] - Text '2nPePKDwCPH3ul7xMZ' is set on object 'Object Repository/Страница авторизации/input__password'

17-03-2025T05:39:31 - [TEST_STEP][PASSED] - click(findTestObject("Страница авторизации/button_")): Object: 'Object Repository/Страница авторизации/button_' is clicked on

17-03-2025T05:39:32 - [MESSAGE][PASSED] - Object: 'Object Repository/Страница авторизации/button_' is clicked on

17-03-2025T05:39:32 - [TEST_STEP][PASSED] - delay(70): Delayed 70 second(s)

17-03-2025T05:40:42 - [MESSAGE][PASSED] - Delayed 70 second(s)

17-03-2025T05:40:42 - [TEST_STEP][PASSED] - searchWord = "а": null

17-03-2025T05:40:42 - [TEST_STEP][PASSED] - pageLoaded2 = verifyElementPresent(findTestObject("Страница авторизации/Text"), 50): Object 'Object Repository/Страница авторизации/Text' is present

17-03-2025T05:40:43 - [MESSAGE][PASSED] - Object 'Object Repository/Страница авторизации/Text' is present

17-03-2025T05:40:43 - [TEST_STEP][PASSED] - if (pageLoaded2 == false): null

17-03-2025T05:40:43 - [TEST_STEP][PASSED] - urlText = getText(findTestObject("Страница авторизации/Text")): Text of object 'Object Repository/Страница авторизации/Text' is: 'Год 
2023 год
Сравнение с 
План
Динамика электропотребления, млрд. кВт.ч. по ПАО Россети на 2023 год
10 10
190 190
36 36
14 14
9 9
14 14
4 4
17 17
80 80
19 19
82 82
588 588
10 10
197 197
37 37
48 48
10 10
15 15
4 4
18 18
80 80
19 19
82 82
608 608
План
Ожидаемое (прогноз по конца года)
Интер РАО (дляФСК)
Промышленныепотребители
Транспорт
Нефтедобыча
Нефтепереработка
Нефтепроводы
Газопроводы
Сельскоехозяйство ипищеваяпромышленность
Непромышленныепотребители
Государственные(муниципальные)организации ипрочиебюджетныепотребители
Население иприравненныегруппыпотребителей
Территориальныесетевыеорганизации
Выручка по ПАО Россети на 2023 год
5 5
319 319
81 81
16 16
16 16
20 20
2 2
56 56
215 215
67 67
218 218
239 239
6 6
331 331
82 82
77 77
20 20
20 20
3 3
57 57
220 220
68 68
214 214
258 258
План
Ожидаемое (прогноз по конца года)
Интер РАО (дляФСК)
Промышленныепотребители
Транспорт
Нефтедобыча
Нефтепереработка
Нефтепроводы
Газопроводы
Сельскоехозяйство ипищеваяпромышленность
Непромышленныепотребители
Государственные(муниципальные)организации ипрочиебюджетныепотребители
Население иприравненныегруппыпотребителей
Территориальныесетевыеорганизации
Отклонения по ПАО Россети на 2023 год
-4.7% -4.7%
3.8% 3.8%
1.9% 1.9%
230.3% 230.3%
10.9% 10.9%
4.2% 4.2%
21.7% 21.7%
3.9% 3.9%
-0.6% -0.6%
1.6% 1.6%
-1.0% -1.0%
3.3% 3.3%
⬤ Отклонение, %
Интер РАО (для ФСК)
Промышленные потребители
Транспорт
Нефтедобыча
Нефтепереработка
Нефтепроводы
Газопроводы
Сельское хозяйство и пищевая пр…
Непромышленные потребители
Государственные (муниципальные…
Население и приравненные групп…
Территориальные сетевые органи…
Выручка отклонения по ПАО Россети на 2023 год
15.6% 15.6%
3.8% 3.8%
1.2% 1.2%
398.2% 398.2%
26.9% 26.9%
-0.6% -0.6%
26.9% 26.9%
1.5% 1.5%
2.7% 2.7%
2.0% 2.0%
-2.0% -2.0%
7.9% 7.9%
⬤ Отклонение, %
Интер РАО (для ФСК)
Промышленные потребители
Транспорт
Нефтедобыча
Нефтепереработка
Нефтепроводы
Газопроводы
Сельское хозяйство и пищевая пр…
Непромышленные потребители
Государственные (муниципальные…
Население и приравненные групп…
Территориальные сетевые органи…
абс.
%
Прогноз на месяц 
Ноябрь
КПО/Отпуск из сети 
Отпуск из сети, млн. кВт.ч
Организация 
Все
Прогноз электропотребления и выручки за услуги по передаче в разрезе отраслей'

17-03-2025T05:40:43 - [MESSAGE][PASSED] - Text of object 'Object Repository/Страница авторизации/Text' is: 'Год 
2023 год
Сравнение с 
План
Динамика электропотребления, млрд. кВт.ч. по ПАО Россети на 2023 год
10 10
190 190
36 36
14 14
9 9
14 14
4 4
17 17
80 80
19 19
82 82
588 588
10 10
197 197
37 37
48 48
10 10
15 15
4 4
18 18
80 80
19 19
82 82
608 608
План
Ожидаемое (прогноз по конца года)
Интер РАО (дляФСК)
Промышленныепотребители
Транспорт
Нефтедобыча
Нефтепереработка
Нефтепроводы
Газопроводы
Сельскоехозяйство ипищеваяпромышленность
Непромышленныепотребители
Государственные(муниципальные)организации ипрочиебюджетныепотребители
Население иприравненныегруппыпотребителей
Территориальныесетевыеорганизации
Выручка по ПАО Россети на 2023 год
5 5
319 319
81 81
16 16
16 16
20 20
2 2
56 56
215 215
67 67
218 218
239 239
6 6
331 331
82 82
77 77
20 20
20 20
3 3
57 57
220 220
68 68
214 214
258 258
План
Ожидаемое (прогноз по конца года)
Интер РАО (дляФСК)
Промышленныепотребители
Транспорт
Нефтедобыча
Нефтепереработка
Нефтепроводы
Газопроводы
Сельскоехозяйство ипищеваяпромышленность
Непромышленныепотребители
Государственные(муниципальные)организации ипрочиебюджетныепотребители
Население иприравненныегруппыпотребителей
Территориальныесетевыеорганизации
Отклонения по ПАО Россети на 2023 год
-4.7% -4.7%
3.8% 3.8%
1.9% 1.9%
230.3% 230.3%
10.9% 10.9%
4.2% 4.2%
21.7% 21.7%
3.9% 3.9%
-0.6% -0.6%
1.6% 1.6%
-1.0% -1.0%
3.3% 3.3%
⬤ Отклонение, %
Интер РАО (для ФСК)
Промышленные потребители
Транспорт
Нефтедобыча
Нефтепереработка
Нефтепроводы
Газопроводы
Сельское хозяйство и пищевая пр…
Непромышленные потребители
Государственные (муниципальные…
Население и приравненные групп…
Территориальные сетевые органи…
Выручка отклонения по ПАО Россети на 2023 год
15.6% 15.6%
3.8% 3.8%
1.2% 1.2%
398.2% 398.2%
26.9% 26.9%
-0.6% -0.6%
26.9% 26.9%
1.5% 1.5%
2.7% 2.7%
2.0% 2.0%
-2.0% -2.0%
7.9% 7.9%
⬤ Отклонение, %
Интер РАО (для ФСК)
Промышленные потребители
Транспорт
Нефтедобыча
Нефтепереработка
Нефтепроводы
Газопроводы
Сельское хозяйство и пищевая пр…
Непромышленные потребители
Государственные (муниципальные…
Население и приравненные групп…
Территориальные сетевые органи…
абс.
%
Прогноз на месяц 
Ноябрь
КПО/Отпуск из сети 
Отпуск из сети, млн. кВт.ч
Организация 
Все
Прогноз электропотребления и выручки за услуги по передаче в разрезе отраслей'

17-03-2025T05:40:43 - [TEST_STEP][PASSED] - if (urlText.contains("ошибка") || urlText.contains(searchWord) == false): null

17-03-2025T05:40:43 - [TEST_STEP][PASSED] - a3 = "": null

17-03-2025T05:40:43 - [TEST_STEP][PASSED] - a4 = "": null

17-03-2025T05:40:43 - [TEST_STEP][PASSED] - a5 = "": null

17-03-2025T05:40:43 - [TEST_STEP][PASSED] - a6 = "": null

17-03-2025T05:40:43 - [TEST_STEP][PASSED] - a7 = "": null

17-03-2025T05:40:43 - [TEST_STEP][PASSED] - a8 = "": null

17-03-2025T05:40:43 - [TEST_STEP][PASSED] - a9 = "": null

17-03-2025T05:40:43 - [TEST_STEP][PASSED] - if (run == 1): null

17-03-2025T05:40:43 - [TEST_STEP][PASSED] - if (run == 2): null

17-03-2025T05:40:43 - [TEST_STEP][PASSED] - user = "Андреева": null

17-03-2025T05:40:43 - [TEST_STEP][PASSED] - a1 = getText(findTestObject("Прогноз по отраслям/Виджеты дашборда")): Text of object 'Object Repository/Прогноз по отраслям/Виджеты дашборда' is: 'Год 
2023 год
Сравнение с 
План
Динамика электропотребления, млрд. кВт.ч. по ПАО Россети на 2023 год
10 10
190 190
36 36
14 14
9 9
14 14
4 4
17 17
80 80
19 19
82 82
588 588
10 10
197 197
37 37
48 48
10 10
15 15
4 4
18 18
80 80
19 19
82 82
608 608
План
Ожидаемое (прогноз по конца года)
Интер РАО (дляФСК)
Промышленныепотребители
Транспорт
Нефтедобыча
Нефтепереработка
Нефтепроводы
Газопроводы
Сельскоехозяйство ипищеваяпромышленность
Непромышленныепотребители
Государственные(муниципальные)организации ипрочиебюджетныепотребители
Население иприравненныегруппыпотребителей
Территориальныесетевыеорганизации
Выручка по ПАО Россети на 2023 год
5 5
319 319
81 81
16 16
16 16
20 20
2 2
56 56
215 215
67 67
218 218
239 239
6 6
331 331
82 82
77 77
20 20
20 20
3 3
57 57
220 220
68 68
214 214
258 258
План
Ожидаемое (прогноз по конца года)
Интер РАО (дляФСК)
Промышленныепотребители
Транспорт
Нефтедобыча
Нефтепереработка
Нефтепроводы
Газопроводы
Сельскоехозяйство ипищеваяпромышленность
Непромышленныепотребители
Государственные(муниципальные)организации ипрочиебюджетныепотребители
Население иприравненныегруппыпотребителей
Территориальныесетевыеорганизации
Отклонения по ПАО Россети на 2023 год
-4.7% -4.7%
3.8% 3.8%
1.9% 1.9%
230.3% 230.3%
10.9% 10.9%
4.2% 4.2%
21.7% 21.7%
3.9% 3.9%
-0.6% -0.6%
1.6% 1.6%
-1.0% -1.0%
3.3% 3.3%
⬤ Отклонение, %
Интер РАО (для ФСК)
Промышленные потребители
Транспорт
Нефтедобыча
Нефтепереработка
Нефтепроводы
Газопроводы
Сельское хозяйство и пищевая пр…
Непромышленные потребители
Государственные (муниципальные…
Население и приравненные групп…
Территориальные сетевые органи…
Выручка отклонения по ПАО Россети на 2023 год
15.6% 15.6%
3.8% 3.8%
1.2% 1.2%
398.2% 398.2%
26.9% 26.9%
-0.6% -0.6%
26.9% 26.9%
1.5% 1.5%
2.7% 2.7%
2.0% 2.0%
-2.0% -2.0%
7.9% 7.9%
⬤ Отклонение, %
Интер РАО (для ФСК)
Промышленные потребители
Транспорт
Нефтедобыча
Нефтепереработка
Нефтепроводы
Газопроводы
Сельское хозяйство и пищевая пр…
Непромышленные потребители
Государственные (муниципальные…
Население и приравненные групп…
Территориальные сетевые органи…
абс.
%
Прогноз на месяц 
Ноябрь
КПО/Отпуск из сети 
Отпуск из сети, млн. кВт.ч
Организация 
Все
Прогноз электропотребления и выручки за услуги по передаче в разрезе отраслей'

17-03-2025T05:40:44 - [MESSAGE][PASSED] - Text of object 'Object Repository/Прогноз по отраслям/Виджеты дашборда' is: 'Год 
2023 год
Сравнение с 
План
Динамика электропотребления, млрд. кВт.ч. по ПАО Россети на 2023 год
10 10
190 190
36 36
14 14
9 9
14 14
4 4
17 17
80 80
19 19
82 82
588 588
10 10
197 197
37 37
48 48
10 10
15 15
4 4
18 18
80 80
19 19
82 82
608 608
План
Ожидаемое (прогноз по конца года)
Интер РАО (дляФСК)
Промышленныепотребители
Транспорт
Нефтедобыча
Нефтепереработка
Нефтепроводы
Газопроводы
Сельскоехозяйство ипищеваяпромышленность
Непромышленныепотребители
Государственные(муниципальные)организации ипрочиебюджетныепотребители
Население иприравненныегруппыпотребителей
Территориальныесетевыеорганизации
Выручка по ПАО Россети на 2023 год
5 5
319 319
81 81
16 16
16 16
20 20
2 2
56 56
215 215
67 67
218 218
239 239
6 6
331 331
82 82
77 77
20 20
20 20
3 3
57 57
220 220
68 68
214 214
258 258
План
Ожидаемое (прогноз по конца года)
Интер РАО (дляФСК)
Промышленныепотребители
Транспорт
Нефтедобыча
Нефтепереработка
Нефтепроводы
Газопроводы
Сельскоехозяйство ипищеваяпромышленность
Непромышленныепотребители
Государственные(муниципальные)организации ипрочиебюджетныепотребители
Население иприравненныегруппыпотребителей
Территориальныесетевыеорганизации
Отклонения по ПАО Россети на 2023 год
-4.7% -4.7%
3.8% 3.8%
1.9% 1.9%
230.3% 230.3%
10.9% 10.9%
4.2% 4.2%
21.7% 21.7%
3.9% 3.9%
-0.6% -0.6%
1.6% 1.6%
-1.0% -1.0%
3.3% 3.3%
⬤ Отклонение, %
Интер РАО (для ФСК)
Промышленные потребители
Транспорт
Нефтедобыча
Нефтепереработка
Нефтепроводы
Газопроводы
Сельское хозяйство и пищевая пр…
Непромышленные потребители
Государственные (муниципальные…
Население и приравненные групп…
Территориальные сетевые органи…
Выручка отклонения по ПАО Россети на 2023 год
15.6% 15.6%
3.8% 3.8%
1.2% 1.2%
398.2% 398.2%
26.9% 26.9%
-0.6% -0.6%
26.9% 26.9%
1.5% 1.5%
2.7% 2.7%
2.0% 2.0%
-2.0% -2.0%
7.9% 7.9%
⬤ Отклонение, %
Интер РАО (для ФСК)
Промышленные потребители
Транспорт
Нефтедобыча
Нефтепереработка
Нефтепроводы
Газопроводы
Сельское хозяйство и пищевая пр…
Непромышленные потребители
Государственные (муниципальные…
Население и приравненные групп…
Территориальные сетевые органи…
абс.
%
Прогноз на месяц 
Ноябрь
КПО/Отпуск из сети 
Отпуск из сети, млн. кВт.ч
Организация 
Все
Прогноз электропотребления и выручки за услуги по передаче в разрезе отраслей'

17-03-2025T05:40:44 - [TEST_STEP][PASSED] - click(findTestObject("Прогноз по отраслям/Переключить отображение с процентов на абс Блок руководителя")): Object: 'Object Repository/Прогноз по отраслям/Переключить отображение с процентов на абс Блок руководителя' is clicked on

17-03-2025T05:40:44 - [MESSAGE][PASSED] - Object: 'Object Repository/Прогноз по отраслям/Переключить отображение с процентов на абс Блок руководителя' is clicked on

17-03-2025T05:40:44 - [TEST_STEP][PASSED] - a2 = getText(findTestObject("Прогноз по отраслям/Виджеты дашборда")): Text of object 'Object Repository/Прогноз по отраслям/Виджеты дашборда' is: 'Год 
2023 год
Сравнение с 
План
Отклонения по ПАО Россети на 2023 год
-492.2 -492.2
7 165.1 7 165.1
689.3 689.3
33 271.7 33 271.7
986.4 986.4
593.8 593.8
764.0 764.0
670.4 670.4
-592.4 -592.4
308.8 308.8
-940.9 -940.9
19 604.1 19 604.1
⬤ Отклонение, млн. кВт.ч
Интер РАО (для ФСК)
Промышленные потребители
Транспорт
Нефтедобыча
Нефтепереработка
Нефтепроводы
Газопроводы
Сельское хозяйство и пищевая пр…
Непромышленные потребители
Государственные (муниципальные…
Население и приравненные групп…
Территориальные сетевые органи…
Выручка отклонения по ПАО Россети на 2023 год
794.9 794.9
12 195.0 12 195.0
972.7 972.7
61 803.9 61 803.9
4 222.3 4 222.3
-121.8 -121.8
666.2 666.2
873.2 873.2
5 809.6 5 809.6
1 342.6 1 342.6
-4 463.2 -4 463.2
18 375.5 18 375.5
⬤ Отклонение, млн. руб.
Интер РАО (для ФСК)
Промышленные потребители
Транспорт
Нефтедобыча
Нефтепереработка
Нефтепроводы
Газопроводы
Сельское хозяйство и пищевая пр…
Непромышленные потребители
Государственные (муниципальные…
Население и приравненные групп…
Территориальные сетевые органи…
Динамика электропотребления, млрд. кВт.ч. по ПАО Россети на 2023 год
10 10
190 190
36 36
14 14
9 9
14 14
4 4
17 17
80 80
19 19
82 82
588 588
10 10
197 197
37 37
48 48
10 10
15 15
4 4
18 18
80 80
19 19
82 82
608 608
План
Ожидаемое (прогноз по конца года)
Интер РАО (дляФСК)
Промышленныепотребители
Транспорт
Нефтедобыча
Нефтепереработка
Нефтепроводы
Газопроводы
Сельскоехозяйство ипищеваяпромышленность
Непромышленныепотребители
Государственные(муниципальные)организации ипрочиебюджетныепотребители
Население иприравненныегруппыпотребителей
Территориальныесетевыеорганизации
Выручка по ПАО Россети на 2023 год
5 5
319 319
81 81
16 16
16 16
20 20
2 2
56 56
215 215
67 67
218 218
239 239
6 6
331 331
82 82
77 77
20 20
20 20
3 3
57 57
220 220
68 68
214 214
258 258
План
Ожидаемое (прогноз по конца года)
Интер РАО (дляФСК)
Промышленныепотребители
Транспорт
Нефтедобыча
Нефтепереработка
Нефтепроводы
Газопроводы
Сельскоехозяйство ипищеваяпромышленность
Непромышленныепотребители
Государственные(муниципальные)организации ипрочиебюджетныепотребители
Население иприравненныегруппыпотребителей
Территориальныесетевыеорганизации
абс.
%
Прогноз на месяц 
Ноябрь
КПО/Отпуск из сети 
Отпуск из сети, млн. кВт.ч
Организация 
Все
Прогноз электропотребления и выручки за услуги по передаче в разрезе отраслей'

17-03-2025T05:40:44 - [MESSAGE][PASSED] - Text of object 'Object Repository/Прогноз по отраслям/Виджеты дашборда' is: 'Год 
2023 год
Сравнение с 
План
Отклонения по ПАО Россети на 2023 год
-492.2 -492.2
7 165.1 7 165.1
689.3 689.3
33 271.7 33 271.7
986.4 986.4
593.8 593.8
764.0 764.0
670.4 670.4
-592.4 -592.4
308.8 308.8
-940.9 -940.9
19 604.1 19 604.1
⬤ Отклонение, млн. кВт.ч
Интер РАО (для ФСК)
Промышленные потребители
Транспорт
Нефтедобыча
Нефтепереработка
Нефтепроводы
Газопроводы
Сельское хозяйство и пищевая пр…
Непромышленные потребители
Государственные (муниципальные…
Население и приравненные групп…
Территориальные сетевые органи…
Выручка отклонения по ПАО Россети на 2023 год
794.9 794.9
12 195.0 12 195.0
972.7 972.7
61 803.9 61 803.9
4 222.3 4 222.3
-121.8 -121.8
666.2 666.2
873.2 873.2
5 809.6 5 809.6
1 342.6 1 342.6
-4 463.2 -4 463.2
18 375.5 18 375.5
⬤ Отклонение, млн. руб.
Интер РАО (для ФСК)
Промышленные потребители
Транспорт
Нефтедобыча
Нефтепереработка
Нефтепроводы
Газопроводы
Сельское хозяйство и пищевая пр…
Непромышленные потребители
Государственные (муниципальные…
Население и приравненные групп…
Территориальные сетевые органи…
Динамика электропотребления, млрд. кВт.ч. по ПАО Россети на 2023 год
10 10
190 190
36 36
14 14
9 9
14 14
4 4
17 17
80 80
19 19
82 82
588 588
10 10
197 197
37 37
48 48
10 10
15 15
4 4
18 18
80 80
19 19
82 82
608 608
План
Ожидаемое (прогноз по конца года)
Интер РАО (дляФСК)
Промышленныепотребители
Транспорт
Нефтедобыча
Нефтепереработка
Нефтепроводы
Газопроводы
Сельскоехозяйство ипищеваяпромышленность
Непромышленныепотребители
Государственные(муниципальные)организации ипрочиебюджетныепотребители
Население иприравненныегруппыпотребителей
Территориальныесетевыеорганизации
Выручка по ПАО Россети на 2023 год
5 5
319 319
81 81
16 16
16 16
20 20
2 2
56 56
215 215
67 67
218 218
239 239
6 6
331 331
82 82
77 77
20 20
20 20
3 3
57 57
220 220
68 68
214 214
258 258
План
Ожидаемое (прогноз по конца года)
Интер РАО (дляФСК)
Промышленныепотребители
Транспорт
Нефтедобыча
Нефтепереработка
Нефтепроводы
Газопроводы
Сельскоехозяйство ипищеваяпромышленность
Непромышленныепотребители
Государственные(муниципальные)организации ипрочиебюджетныепотребители
Население иприравненныегруппыпотребителей
Территориальныесетевыеорганизации
абс.
%
Прогноз на месяц 
Ноябрь
КПО/Отпуск из сети 
Отпуск из сети, млн. кВт.ч
Организация 
Все
Прогноз электропотребления и выручки за услуги по передаче в разрезе отраслей'

17-03-2025T05:40:44 - [TEST_STEP][PASSED] - click(findTestObject("Прогноз по отраслям/Переключить отображение с абс на проценты")): Object: 'Object Repository/Прогноз по отраслям/Переключить отображение с абс на проценты' is clicked on

17-03-2025T05:40:45 - [MESSAGE][PASSED] - Object: 'Object Repository/Прогноз по отраслям/Переключить отображение с абс на проценты' is clicked on

17-03-2025T05:40:45 - [TEST_STEP][PASSED] - i = a1.indexOf("млрд. кВт.ч."): null

17-03-2025T05:40:45 - [TEST_STEP][PASSED] - if (i > -1): null

17-03-2025T05:40:45 - [TEST_STEP][PASSED] - a1 = a1.substring(0, i) + a1.substring(i + 12, a1.length()): null

17-03-2025T05:40:45 - [TEST_STEP][PASSED] - i = a1.indexOf("по ПАО Россети на 2023 год"): null

17-03-2025T05:40:45 - [TEST_STEP][PASSED] - if (i > -1): null

17-03-2025T05:40:45 - [TEST_STEP][PASSED] - a1 = a1.substring(0, i) + a1.substring(i + 27, a1.length()): null

17-03-2025T05:40:45 - [TEST_STEP][PASSED] - i = a1.indexOf("Выручка"): null

17-03-2025T05:40:45 - [TEST_STEP][PASSED] - if (i > -1): null

17-03-2025T05:40:45 - [TEST_STEP][PASSED] - a1 = a1.substring(0, i) + a1.substring(i + 8, a1.length()): null

17-03-2025T05:40:45 - [TEST_STEP][PASSED] - i = a1.indexOf("по ПАО Россети на 2023 год"): null

17-03-2025T05:40:45 - [TEST_STEP][PASSED] - if (i > -1): null

17-03-2025T05:40:45 - [TEST_STEP][PASSED] - a1 = a1.substring(0, i) + a1.substring(i + 27, a1.length()): null

17-03-2025T05:40:45 - [TEST_STEP][PASSED] - i = a1.indexOf("по ПАО Россети на 2023 год"): null

17-03-2025T05:40:45 - [TEST_STEP][PASSED] - if (i > -1): null

17-03-2025T05:40:45 - [TEST_STEP][PASSED] - a1 = a1.substring(0, i) + a1.substring(i + 27, a1.length()): null

17-03-2025T05:40:45 - [TEST_STEP][PASSED] - i = a1.indexOf("Отклонения по ПАО Россети на 2023 год"): null

17-03-2025T05:40:45 - [TEST_STEP][PASSED] - if (i > -1): null

17-03-2025T05:40:45 - [TEST_STEP][PASSED] - i = a1.indexOf("Отклонения"): null

17-03-2025T05:40:45 - [TEST_STEP][PASSED] - if (i > -1): null

17-03-2025T05:40:45 - [TEST_STEP][PASSED] - a1 = a1.substring(0, i) + a1.substring(i + 11, a1.length()): null

17-03-2025T05:40:45 - [TEST_STEP][PASSED] - n = n + 34: null

17-03-2025T05:40:45 - [TEST_STEP][PASSED] - b = n - run + 1: null

17-03-2025T05:40:45 - [TEST_STEP][PASSED] - verifyEqual(findTestData("PlanFact").getValue(2, b), a1): Actual object 'Год 
2023 год
Сравнение с 
План
Динамика электропотребления,  10 10
190 190
36 36
14 14
9 9
14 14
4 4
17 17
80 80
19 19
82 82
588 588
10 10
197 197
37 37
48 48
10 10
15 15
4 4
18 18
80 80
19 19
82 82
608 608
План
Ожидаемое (прогноз по конца года)
Интер РАО (дляФСК)
Промышленныепотребители
Транспорт
Нефтедобыча
Нефтепереработка
Нефтепроводы
Газопроводы
Сельскоехозяйство ипищеваяпромышленность
Непромышленныепотребители
Государственные(муниципальные)организации ипрочиебюджетныепотребители
Население иприравненныегруппыпотребителей
Территориальныесетевыеорганизации
5 5
319 319
81 81
16 16
16 16
20 20
2 2
56 56
215 215
67 67
218 218
239 239
6 6
331 331
82 82
77 77
20 20
20 20
3 3
57 57
220 220
68 68
214 214
258 258
План
Ожидаемое (прогноз по конца года)
Интер РАО (дляФСК)
Промышленныепотребители
Транспорт
Нефтедобыча
Нефтепереработка
Нефтепроводы
Газопроводы
Сельскоехозяйство ипищеваяпромышленность
Непромышленныепотребители
Государственные(муниципальные)организации ипрочиебюджетныепотребители
Население иприравненныегруппыпотребителей
Территориальныесетевыеорганизации
-4.7% -4.7%
3.8% 3.8%
1.9% 1.9%
230.3% 230.3%
10.9% 10.9%
4.2% 4.2%
21.7% 21.7%
3.9% 3.9%
-0.6% -0.6%
1.6% 1.6%
-1.0% -1.0%
3.3% 3.3%
⬤ Отклонение, %
Интер РАО (для ФСК)
Промышленные потребители
Транспорт
Нефтедобыча
Нефтепереработка
Нефтепроводы
Газопроводы
Сельское хозяйство и пищевая пр…
Непромышленные потребители
Государственные (муниципальные…
Население и приравненные групп…
Территориальные сетевые органи…
Выручка отклонения по ПАО Россети на 2023 год
15.6% 15.6%
3.8% 3.8%
1.2% 1.2%
398.2% 398.2%
26.9% 26.9%
-0.6% -0.6%
26.9% 26.9%
1.5% 1.5%
2.7% 2.7%
2.0% 2.0%
-2.0% -2.0%
7.9% 7.9%
⬤ Отклонение, %
Интер РАО (для ФСК)
Промышленные потребители
Транспорт
Нефтедобыча
Нефтепереработка
Нефтепроводы
Газопроводы
Сельское хозяйство и пищевая пр…
Непромышленные потребители
Государственные (муниципальные…
Население и приравненные групп…
Территориальные сетевые органи…
абс.
%
Прогноз на месяц 
Ноябрь
КПО/Отпуск из сети 
Отпуск из сети, млн. кВт.ч
Организация 
Все
Прогноз электропотребления и выручки за услуги по передаче в разрезе отраслей' and expected object 'Год 
2023 год
Сравнение с 
План
Динамика электропотребления,  10 10
190 190
36 36
14 14
9 9
14 14
4 4
17 17
80 80
19 19
82 82
588 588
10 10
197 197
37 37
48 48
10 10
15 15
4 4
18 18
80 80
19 19
82 82
608 608
План
Ожидаемое (прогноз по конца года)
Интер РАО (дляФСК)
Промышленныепотребители
Транспорт
Нефтедобыча
Нефтепереработка
Нефтепроводы
Газопроводы
Сельскоехозяйство ипищеваяпромышленность
Непромышленныепотребители
Государственные(муниципальные)организации ипрочиебюджетныепотребители
Население иприравненныегруппыпотребителей
Территориальныесетевыеорганизации
5 5
319 319
81 81
16 16
16 16
20 20
2 2
56 56
215 215
67 67
218 218
239 239
6 6
331 331
82 82
77 77
20 20
20 20
3 3
57 57
220 220
68 68
214 214
258 258
План
Ожидаемое (прогноз по конца года)
Интер РАО (дляФСК)
Промышленныепотребители
Транспорт
Нефтедобыча
Нефтепереработка
Нефтепроводы
Газопроводы
Сельскоехозяйство ипищеваяпромышленность
Непромышленныепотребители
Государственные(муниципальные)организации ипрочиебюджетныепотребители
Население иприравненныегруппыпотребителей
Территориальныесетевыеорганизации
-4.7% -4.7%
3.8% 3.8%
1.9% 1.9%
230.3% 230.3%
10.9% 10.9%
4.2% 4.2%
21.7% 21.7%
3.9% 3.9%
-0.6% -0.6%
1.6% 1.6%
-1.0% -1.0%
3.3% 3.3%
⬤ Отклонение, %
Интер РАО (для ФСК)
Промышленные потребители
Транспорт
Нефтедобыча
Нефтепереработка
Нефтепроводы
Газопроводы
Сельское хозяйство и пищевая пр…
Непромышленные потребители
Государственные (муниципальные…
Население и приравненные групп…
Территориальные сетевые органи…
Выручка отклонения по ПАО Россети на 2023 год
15.6% 15.6%
3.8% 3.8%
1.2% 1.2%
398.2% 398.2%
26.9% 26.9%
-0.6% -0.6%
26.9% 26.9%
1.5% 1.5%
2.7% 2.7%
2.0% 2.0%
-2.0% -2.0%
7.9% 7.9%
⬤ Отклонение, %
Интер РАО (для ФСК)
Промышленные потребители
Транспорт
Нефтедобыча
Нефтепереработка
Нефтепроводы
Газопроводы
Сельское хозяйство и пищевая пр…
Непромышленные потребители
Государственные (муниципальные…
Население и приравненные групп…
Территориальные сетевые органи…
абс.
%
Прогноз на месяц 
Ноябрь
КПО/Отпуск из сети 
Отпуск из сети, млн. кВт.ч
Организация 
Все
Прогноз электропотребления и выручки за услуги по передаче в разрезе отраслей' are equal

17-03-2025T05:40:45 - [MESSAGE][PASSED] - Actual object 'Год 
2023 год
Сравнение с 
План
Динамика электропотребления,  10 10
190 190
36 36
14 14
9 9
14 14
4 4
17 17
80 80
19 19
82 82
588 588
10 10
197 197
37 37
48 48
10 10
15 15
4 4
18 18
80 80
19 19
82 82
608 608
План
Ожидаемое (прогноз по конца года)
Интер РАО (дляФСК)
Промышленныепотребители
Транспорт
Нефтедобыча
Нефтепереработка
Нефтепроводы
Газопроводы
Сельскоехозяйство ипищеваяпромышленность
Непромышленныепотребители
Государственные(муниципальные)организации ипрочиебюджетныепотребители
Население иприравненныегруппыпотребителей
Территориальныесетевыеорганизации
5 5
319 319
81 81
16 16
16 16
20 20
2 2
56 56
215 215
67 67
218 218
239 239
6 6
331 331
82 82
77 77
20 20
20 20
3 3
57 57
220 220
68 68
214 214
258 258
План
Ожидаемое (прогноз по конца года)
Интер РАО (дляФСК)
Промышленныепотребители
Транспорт
Нефтедобыча
Нефтепереработка
Нефтепроводы
Газопроводы
Сельскоехозяйство ипищеваяпромышленность
Непромышленныепотребители
Государственные(муниципальные)организации ипрочиебюджетныепотребители
Население иприравненныегруппыпотребителей
Территориальныесетевыеорганизации
-4.7% -4.7%
3.8% 3.8%
1.9% 1.9%
230.3% 230.3%
10.9% 10.9%
4.2% 4.2%
21.7% 21.7%
3.9% 3.9%
-0.6% -0.6%
1.6% 1.6%
-1.0% -1.0%
3.3% 3.3%
⬤ Отклонение, %
Интер РАО (для ФСК)
Промышленные потребители
Транспорт
Нефтедобыча
Нефтепереработка
Нефтепроводы
Газопроводы
Сельское хозяйство и пищевая пр…
Непромышленные потребители
Государственные (муниципальные…
Население и приравненные групп…
Территориальные сетевые органи…
Выручка отклонения по ПАО Россети на 2023 год
15.6% 15.6%
3.8% 3.8%
1.2% 1.2%
398.2% 398.2%
26.9% 26.9%
-0.6% -0.6%
26.9% 26.9%
1.5% 1.5%
2.7% 2.7%
2.0% 2.0%
-2.0% -2.0%
7.9% 7.9%
⬤ Отклонение, %
Интер РАО (для ФСК)
Промышленные потребители
Транспорт
Нефтедобыча
Нефтепереработка
Нефтепроводы
Газопроводы
Сельское хозяйство и пищевая пр…
Непромышленные потребители
Государственные (муниципальные…
Население и приравненные групп…
Территориальные сетевые органи…
абс.
%
Прогноз на месяц 
Ноябрь
КПО/Отпуск из сети 
Отпуск из сети, млн. кВт.ч
Организация 
Все
Прогноз электропотребления и выручки за услуги по передаче в разрезе отраслей' and expected object 'Год 
2023 год
Сравнение с 
План
Динамика электропотребления,  10 10
190 190
36 36
14 14
9 9
14 14
4 4
17 17
80 80
19 19
82 82
588 588
10 10
197 197
37 37
48 48
10 10
15 15
4 4
18 18
80 80
19 19
82 82
608 608
План
Ожидаемое (прогноз по конца года)
Интер РАО (дляФСК)
Промышленныепотребители
Транспорт
Нефтедобыча
Нефтепереработка
Нефтепроводы
Газопроводы
Сельскоехозяйство ипищеваяпромышленность
Непромышленныепотребители
Государственные(муниципальные)организации ипрочиебюджетныепотребители
Население иприравненныегруппыпотребителей
Территориальныесетевыеорганизации
5 5
319 319
81 81
16 16
16 16
20 20
2 2
56 56
215 215
67 67
218 218
239 239
6 6
331 331
82 82
77 77
20 20
20 20
3 3
57 57
220 220
68 68
214 214
258 258
План
Ожидаемое (прогноз по конца года)
Интер РАО (дляФСК)
Промышленныепотребители
Транспорт
Нефтедобыча
Нефтепереработка
Нефтепроводы
Газопроводы
Сельскоехозяйство ипищеваяпромышленность
Непромышленныепотребители
Государственные(муниципальные)организации ипрочиебюджетныепотребители
Население иприравненныегруппыпотребителей
Территориальныесетевыеорганизации
-4.7% -4.7%
3.8% 3.8%
1.9% 1.9%
230.3% 230.3%
10.9% 10.9%
4.2% 4.2%
21.7% 21.7%
3.9% 3.9%
-0.6% -0.6%
1.6% 1.6%
-1.0% -1.0%
3.3% 3.3%
⬤ Отклонение, %
Интер РАО (для ФСК)
Промышленные потребители
Транспорт
Нефтедобыча
Нефтепереработка
Нефтепроводы
Газопроводы
Сельское хозяйство и пищевая пр…
Непромышленные потребители
Государственные (муниципальные…
Население и приравненные групп…
Территориальные сетевые органи…
Выручка отклонения по ПАО Россети на 2023 год
15.6% 15.6%
3.8% 3.8%
1.2% 1.2%
398.2% 398.2%
26.9% 26.9%
-0.6% -0.6%
26.9% 26.9%
1.5% 1.5%
2.7% 2.7%
2.0% 2.0%
-2.0% -2.0%
7.9% 7.9%
⬤ Отклонение, %
Интер РАО (для ФСК)
Промышленные потребители
Транспорт
Нефтедобыча
Нефтепереработка
Нефтепроводы
Газопроводы
Сельское хозяйство и пищевая пр…
Непромышленные потребители
Государственные (муниципальные…
Население и приравненные групп…
Территориальные сетевые органи…
абс.
%
Прогноз на месяц 
Ноябрь
КПО/Отпуск из сети 
Отпуск из сети, млн. кВт.ч
Организация 
Все
Прогноз электропотребления и выручки за услуги по передаче в разрезе отраслей' are equal

17-03-2025T05:40:45 - [TEST_STEP][PASSED] - verifyEqual(findTestData("PlanFact").getValue(3, b), a2): Actual object 'Год 
2023 год
Сравнение с 
План
Отклонения по ПАО Россети на 2023 год
-492.2 -492.2
7 165.1 7 165.1
689.3 689.3
33 271.7 33 271.7
986.4 986.4
593.8 593.8
764.0 764.0
670.4 670.4
-592.4 -592.4
308.8 308.8
-940.9 -940.9
19 604.1 19 604.1
⬤ Отклонение, млн. кВт.ч
Интер РАО (для ФСК)
Промышленные потребители
Транспорт
Нефтедобыча
Нефтепереработка
Нефтепроводы
Газопроводы
Сельское хозяйство и пищевая пр…
Непромышленные потребители
Государственные (муниципальные…
Население и приравненные групп…
Территориальные сетевые органи…
Выручка отклонения по ПАО Россети на 2023 год
794.9 794.9
12 195.0 12 195.0
972.7 972.7
61 803.9 61 803.9
4 222.3 4 222.3
-121.8 -121.8
666.2 666.2
873.2 873.2
5 809.6 5 809.6
1 342.6 1 342.6
-4 463.2 -4 463.2
18 375.5 18 375.5
⬤ Отклонение, млн. руб.
Интер РАО (для ФСК)
Промышленные потребители
Транспорт
Нефтедобыча
Нефтепереработка
Нефтепроводы
Газопроводы
Сельское хозяйство и пищевая пр…
Непромышленные потребители
Государственные (муниципальные…
Население и приравненные групп…
Территориальные сетевые органи…
Динамика электропотребления, млрд. кВт.ч. по ПАО Россети на 2023 год
10 10
190 190
36 36
14 14
9 9
14 14
4 4
17 17
80 80
19 19
82 82
588 588
10 10
197 197
37 37
48 48
10 10
15 15
4 4
18 18
80 80
19 19
82 82
608 608
План
Ожидаемое (прогноз по конца года)
Интер РАО (дляФСК)
Промышленныепотребители
Транспорт
Нефтедобыча
Нефтепереработка
Нефтепроводы
Газопроводы
Сельскоехозяйство ипищеваяпромышленность
Непромышленныепотребители
Государственные(муниципальные)организации ипрочиебюджетныепотребители
Население иприравненныегруппыпотребителей
Территориальныесетевыеорганизации
Выручка по ПАО Россети на 2023 год
5 5
319 319
81 81
16 16
16 16
20 20
2 2
56 56
215 215
67 67
218 218
239 239
6 6
331 331
82 82
77 77
20 20
20 20
3 3
57 57
220 220
68 68
214 214
258 258
План
Ожидаемое (прогноз по конца года)
Интер РАО (дляФСК)
Промышленныепотребители
Транспорт
Нефтедобыча
Нефтепереработка
Нефтепроводы
Газопроводы
Сельскоехозяйство ипищеваяпромышленность
Непромышленныепотребители
Государственные(муниципальные)организации ипрочиебюджетныепотребители
Население иприравненныегруппыпотребителей
Территориальныесетевыеорганизации
абс.
%
Прогноз на месяц 
Ноябрь
КПО/Отпуск из сети 
Отпуск из сети, млн. кВт.ч
Организация 
Все
Прогноз электропотребления и выручки за услуги по передаче в разрезе отраслей' and expected object 'Год 
2023 год
Сравнение с 
План
Отклонения по ПАО Россети на 2023 год
-492.2 -492.2
7 165.1 7 165.1
689.3 689.3
33 271.7 33 271.7
986.4 986.4
593.8 593.8
764.0 764.0
670.4 670.4
-592.4 -592.4
308.8 308.8
-940.9 -940.9
19 604.1 19 604.1
⬤ Отклонение, млн. кВт.ч
Интер РАО (для ФСК)
Промышленные потребители
Транспорт
Нефтедобыча
Нефтепереработка
Нефтепроводы
Газопроводы
Сельское хозяйство и пищевая пр…
Непромышленные потребители
Государственные (муниципальные…
Население и приравненные групп…
Территориальные сетевые органи…
Выручка отклонения по ПАО Россети на 2023 год
794.9 794.9
12 195.0 12 195.0
972.7 972.7
61 803.9 61 803.9
4 222.3 4 222.3
-121.8 -121.8
666.2 666.2
873.2 873.2
5 809.6 5 809.6
1 342.6 1 342.6
-4 463.2 -4 463.2
18 375.5 18 375.5
⬤ Отклонение, млн. руб.
Интер РАО (для ФСК)
Промышленные потребители
Транспорт
Нефтедобыча
Нефтепереработка
Нефтепроводы
Газопроводы
Сельское хозяйство и пищевая пр…
Непромышленные потребители
Государственные (муниципальные…
Население и приравненные групп…
Территориальные сетевые органи…
Динамика электропотребления, млрд. кВт.ч. по ПАО Россети на 2023 год
10 10
190 190
36 36
14 14
9 9
14 14
4 4
17 17
80 80
19 19
82 82
588 588
10 10
197 197
37 37
48 48
10 10
15 15
4 4
18 18
80 80
19 19
82 82
608 608
План
Ожидаемое (прогноз по конца года)
Интер РАО (дляФСК)
Промышленныепотребители
Транспорт
Нефтедобыча
Нефтепереработка
Нефтепроводы
Газопроводы
Сельскоехозяйство ипищеваяпромышленность
Непромышленныепотребители
Государственные(муниципальные)организации ипрочиебюджетныепотребители
Население иприравненныегруппыпотребителей
Территориальныесетевыеорганизации
Выручка по ПАО Россети на 2023 год
5 5
319 319
81 81
16 16
16 16
20 20
2 2
56 56
215 215
67 67
218 218
239 239
6 6
331 331
82 82
77 77
20 20
20 20
3 3
57 57
220 220
68 68
214 214
258 258
План
Ожидаемое (прогноз по конца года)
Интер РАО (дляФСК)
Промышленныепотребители
Транспорт
Нефтедобыча
Нефтепереработка
Нефтепроводы
Газопроводы
Сельскоехозяйство ипищеваяпромышленность
Непромышленныепотребители
Государственные(муниципальные)организации ипрочиебюджетныепотребители
Население иприравненныегруппыпотребителей
Территориальныесетевыеорганизации
абс.
%
Прогноз на месяц 
Ноябрь
КПО/Отпуск из сети 
Отпуск из сети, млн. кВт.ч
Организация 
Все
Прогноз электропотребления и выручки за услуги по передаче в разрезе отраслей' are equal

17-03-2025T05:40:45 - [MESSAGE][PASSED] - Actual object 'Год 
2023 год
Сравнение с 
План
Отклонения по ПАО Россети на 2023 год
-492.2 -492.2
7 165.1 7 165.1
689.3 689.3
33 271.7 33 271.7
986.4 986.4
593.8 593.8
764.0 764.0
670.4 670.4
-592.4 -592.4
308.8 308.8
-940.9 -940.9
19 604.1 19 604.1
⬤ Отклонение, млн. кВт.ч
Интер РАО (для ФСК)
Промышленные потребители
Транспорт
Нефтедобыча
Нефтепереработка
Нефтепроводы
Газопроводы
Сельское хозяйство и пищевая пр…
Непромышленные потребители
Государственные (муниципальные…
Население и приравненные групп…
Территориальные сетевые органи…
Выручка отклонения по ПАО Россети на 2023 год
794.9 794.9
12 195.0 12 195.0
972.7 972.7
61 803.9 61 803.9
4 222.3 4 222.3
-121.8 -121.8
666.2 666.2
873.2 873.2
5 809.6 5 809.6
1 342.6 1 342.6
-4 463.2 -4 463.2
18 375.5 18 375.5
⬤ Отклонение, млн. руб.
Интер РАО (для ФСК)
Промышленные потребители
Транспорт
Нефтедобыча
Нефтепереработка
Нефтепроводы
Газопроводы
Сельское хозяйство и пищевая пр…
Непромышленные потребители
Государственные (муниципальные…
Население и приравненные групп…
Территориальные сетевые органи…
Динамика электропотребления, млрд. кВт.ч. по ПАО Россети на 2023 год
10 10
190 190
36 36
14 14
9 9
14 14
4 4
17 17
80 80
19 19
82 82
588 588
10 10
197 197
37 37
48 48
10 10
15 15
4 4
18 18
80 80
19 19
82 82
608 608
План
Ожидаемое (прогноз по конца года)
Интер РАО (дляФСК)
Промышленныепотребители
Транспорт
Нефтедобыча
Нефтепереработка
Нефтепроводы
Газопроводы
Сельскоехозяйство ипищеваяпромышленность
Непромышленныепотребители
Государственные(муниципальные)организации ипрочиебюджетныепотребители
Население иприравненныегруппыпотребителей
Территориальныесетевыеорганизации
Выручка по ПАО Россети на 2023 год
5 5
319 319
81 81
16 16
16 16
20 20
2 2
56 56
215 215
67 67
218 218
239 239
6 6
331 331
82 82
77 77
20 20
20 20
3 3
57 57
220 220
68 68
214 214
258 258
План
Ожидаемое (прогноз по конца года)
Интер РАО (дляФСК)
Промышленныепотребители
Транспорт
Нефтедобыча
Нефтепереработка
Нефтепроводы
Газопроводы
Сельскоехозяйство ипищеваяпромышленность
Непромышленныепотребители
Государственные(муниципальные)организации ипрочиебюджетныепотребители
Население иприравненныегруппыпотребителей
Территориальныесетевыеорганизации
абс.
%
Прогноз на месяц 
Ноябрь
КПО/Отпуск из сети 
Отпуск из сети, млн. кВт.ч
Организация 
Все
Прогноз электропотребления и выручки за услуги по передаче в разрезе отраслей' and expected object 'Год 
2023 год
Сравнение с 
План
Отклонения по ПАО Россети на 2023 год
-492.2 -492.2
7 165.1 7 165.1
689.3 689.3
33 271.7 33 271.7
986.4 986.4
593.8 593.8
764.0 764.0
670.4 670.4
-592.4 -592.4
308.8 308.8
-940.9 -940.9
19 604.1 19 604.1
⬤ Отклонение, млн. кВт.ч
Интер РАО (для ФСК)
Промышленные потребители
Транспорт
Нефтедобыча
Нефтепереработка
Нефтепроводы
Газопроводы
Сельское хозяйство и пищевая пр…
Непромышленные потребители
Государственные (муниципальные…
Население и приравненные групп…
Территориальные сетевые органи…
Выручка отклонения по ПАО Россети на 2023 год
794.9 794.9
12 195.0 12 195.0
972.7 972.7
61 803.9 61 803.9
4 222.3 4 222.3
-121.8 -121.8
666.2 666.2
873.2 873.2
5 809.6 5 809.6
1 342.6 1 342.6
-4 463.2 -4 463.2
18 375.5 18 375.5
⬤ Отклонение, млн. руб.
Интер РАО (для ФСК)
Промышленные потребители
Транспорт
Нефтедобыча
Нефтепереработка
Нефтепроводы
Газопроводы
Сельское хозяйство и пищевая пр…
Непромышленные потребители
Государственные (муниципальные…
Население и приравненные групп…
Территориальные сетевые органи…
Динамика электропотребления, млрд. кВт.ч. по ПАО Россети на 2023 год
10 10
190 190
36 36
14 14
9 9
14 14
4 4
17 17
80 80
19 19
82 82
588 588
10 10
197 197
37 37
48 48
10 10
15 15
4 4
18 18
80 80
19 19
82 82
608 608
План
Ожидаемое (прогноз по конца года)
Интер РАО (дляФСК)
Промышленныепотребители
Транспорт
Нефтедобыча
Нефтепереработка
Нефтепроводы
Газопроводы
Сельскоехозяйство ипищеваяпромышленность
Непромышленныепотребители
Государственные(муниципальные)организации ипрочиебюджетныепотребители
Население иприравненныегруппыпотребителей
Территориальныесетевыеорганизации
Выручка по ПАО Россети на 2023 год
5 5
319 319
81 81
16 16
16 16
20 20
2 2
56 56
215 215
67 67
218 218
239 239
6 6
331 331
82 82
77 77
20 20
20 20
3 3
57 57
220 220
68 68
214 214
258 258
План
Ожидаемое (прогноз по конца года)
Интер РАО (дляФСК)
Промышленныепотребители
Транспорт
Нефтедобыча
Нефтепереработка
Нефтепроводы
Газопроводы
Сельскоехозяйство ипищеваяпромышленность
Непромышленныепотребители
Государственные(муниципальные)организации ипрочиебюджетныепотребители
Население иприравненныегруппыпотребителей
Территориальныесетевыеорганизации
абс.
%
Прогноз на месяц 
Ноябрь
КПО/Отпуск из сети 
Отпуск из сети, млн. кВт.ч
Организация 
Все
Прогноз электропотребления и выручки за услуги по передаче в разрезе отраслей' are equal

17-03-2025T05:40:45 - [TEST_STEP][PASSED] - Script1686231490255.WriteToExcel(user, dashboardName, n, data, run, a1, a2, a3, a4, a5, a6, a7, a8, a9): null

17-03-2025T05:40:45 - [TEST_STEP][PASSED] - sheetName = "Sheet1": null

17-03-2025T05:40:45 - [TEST_STEP][PASSED] - workbook01 = getWorkbook(excelFilePath): null

17-03-2025T05:40:45 - [TEST_STEP][PASSED] - sheet01 = getExcelSheet(workbook01, sheetName): null

17-03-2025T05:40:45 - [TEST_STEP][PASSED] - setValueToCellByIndex(sheet01, n, 0, dashboardName): null

17-03-2025T05:40:45 - [TEST_STEP][PASSED] - setValueToCellByIndex(sheet01, n, 10, user): null

17-03-2025T05:40:45 - [TEST_STEP][PASSED] - setValueToCellByIndex(sheet01, n, 1, a1): null

17-03-2025T05:40:45 - [TEST_STEP][PASSED] - setValueToCellByIndex(sheet01, n, 2, a2): null

17-03-2025T05:40:45 - [TEST_STEP][PASSED] - setValueToCellByIndex(sheet01, n, 3, a3): null

17-03-2025T05:40:45 - [TEST_STEP][PASSED] - setValueToCellByIndex(sheet01, n, 4, a4): null

17-03-2025T05:40:45 - [TEST_STEP][PASSED] - setValueToCellByIndex(sheet01, n, 5, a5): null

17-03-2025T05:40:45 - [TEST_STEP][PASSED] - setValueToCellByIndex(sheet01, n, 6, a6): null

17-03-2025T05:40:45 - [TEST_STEP][PASSED] - setValueToCellByIndex(sheet01, n, 7, a7): null

17-03-2025T05:40:45 - [TEST_STEP][PASSED] - setValueToCellByIndex(sheet01, n, 8, a8): null

17-03-2025T05:40:45 - [TEST_STEP][PASSED] - setValueToCellByIndex(sheet01, n, 9, a9): null

17-03-2025T05:40:45 - [TEST_STEP][PASSED] - n = n + 1: null

17-03-2025T05:40:45 - [TEST_STEP][PASSED] - saveWorkbook(excelFilePath, workbook01): null

17-03-2025T05:40:45 - [TEST_STEP][PASSED] - if (run == 3): null

17-03-2025T05:40:45 - [TEST_STEP][PASSED] - closeBrowser(): null

17-03-2025T05:40:45 - [MESSAGE][PASSED] - Browser is closed

17-03-2025T05:40:45 - [TEST_STEP][PASSED] - PrognozPoOtraslyam(user, dashboardName, n, data, run, a1, a2, a3, a4, a5, a6, a7, a8, a9, urlData): null

17-03-2025T05:40:45 - [TEST_STEP][PASSED] - n = data.getRowNumbers() + 1: null

17-03-2025T05:40:45 - [TEST_STEP][PASSED] - println(n): null

17-03-2025T05:40:45 - [TEST_STEP][PASSED] - dashboardName = "Прогноз по отраслям": null

17-03-2025T05:40:45 - [TEST_STEP][PASSED] - openBrowser(""): Browser is opened with url: ''

17-03-2025T05:40:45 - [MESSAGE][INFO] - Starting 'Chrome' driver

17-03-2025T05:40:45 - [MESSAGE][INFO] - Action delay is set to 0 milliseconds

17-03-2025T05:40:46 - [MESSAGE][PASSED] - Browser is opened with url: ''

17-03-2025T05:40:46 - [TEST_STEP][PASSED] - urlData = 6: null

17-03-2025T05:40:46 - [TEST_STEP][PASSED] - Script1686231490255.CheckPageDownload(urlData, run): null

17-03-2025T05:40:46 - [TEST_STEP][PASSED] - i = 1: null

17-03-2025T05:40:46 - [TEST_STEP][PASSED] - ii = 0: null

17-03-2025T05:40:46 - [TEST_STEP][PASSED] - urlText = <not implemented yet for class: org.codehaus.groovy.ast.expr.EmptyExpression>: null

17-03-2025T05:40:46 - [TEST_STEP][PASSED] - searchWord = <not implemented yet for class: org.codehaus.groovy.ast.expr.EmptyExpression>: null

17-03-2025T05:40:46 - [TEST_STEP][PASSED] - deleteAllCookies(): Delete all cookies successfully

17-03-2025T05:40:46 - [MESSAGE][PASSED] - Delete all cookies successfully

17-03-2025T05:40:46 - [TEST_STEP][PASSED] - refresh(): Refresh successfully

17-03-2025T05:40:46 - [MESSAGE][PASSED] - Refresh successfully

17-03-2025T05:40:46 - [TEST_STEP][PASSED] - delay(70): Delayed 70 second(s)

17-03-2025T05:41:56 - [MESSAGE][PASSED] - Delayed 70 second(s)

17-03-2025T05:41:56 - [TEST_STEP][PASSED] - navigateToUrl(findTestData("PlanFact").getValue(10, urlData)): Navigate to 'https://bi.rosseti.digital/viewer?dashboardGuid=d6acb5b1a7114a9791b34de39263106e&sheetGuid=0b6d261d7f7b4424a967aa8f3a724189&fit=true' successfully

17-03-2025T05:42:00 - [MESSAGE][PASSED] - Navigate to 'https://bi.rosseti.digital/viewer?dashboardGuid=d6acb5b1a7114a9791b34de39263106e&sheetGuid=0b6d261d7f7b4424a967aa8f3a724189&fit=true' successfully

17-03-2025T05:42:00 - [TEST_STEP][PASSED] - pageLoaded1 = verifyElementPresent(findTestObject("Страница авторизации/Text"), 30): Object 'Object Repository/Страница авторизации/Text' is present

17-03-2025T05:42:01 - [MESSAGE][PASSED] - Object 'Object Repository/Страница авторизации/Text' is present

17-03-2025T05:42:01 - [TEST_STEP][PASSED] - if (pageLoaded1 == false): null

17-03-2025T05:42:01 - [TEST_STEP][PASSED] - urlText = getText(findTestObject("Страница авторизации/Text")): Text of object 'Object Repository/Страница авторизации/Text' is: 'Вход'

17-03-2025T05:42:02 - [MESSAGE][PASSED] - Text of object 'Object Repository/Страница авторизации/Text' is: 'Вход'

17-03-2025T05:42:02 - [TEST_STEP][PASSED] - delay(70): Delayed 70 second(s)

17-03-2025T05:43:12 - [MESSAGE][PASSED] - Delayed 70 second(s)

17-03-2025T05:43:12 - [TEST_STEP][PASSED] - searchWord = "Вход": null

17-03-2025T05:43:12 - [TEST_STEP][PASSED] - if (urlText.contains(searchWord) == false): null

17-03-2025T05:43:12 - [TEST_STEP][PASSED] - setText(findTestObject("Страница авторизации/input__username"), findTestData("PlanFact").getValue(8, run)): Text 'Petrova-OV' is set on object 'Object Repository/Страница авторизации/input__username'

17-03-2025T05:43:12 - [MESSAGE][PASSED] - Text 'Petrova-OV' is set on object 'Object Repository/Страница авторизации/input__username'

17-03-2025T05:43:12 - [TEST_STEP][PASSED] - setText(findTestObject("Страница авторизации/input__password"), findTestData("PlanFact").getValue(9, run)): Text '4Ex@~R53r&3x&BVe7' is set on object 'Object Repository/Страница авторизации/input__password'

17-03-2025T05:43:13 - [MESSAGE][PASSED] - Text '4Ex@~R53r&3x&BVe7' is set on object 'Object Repository/Страница авторизации/input__password'

17-03-2025T05:43:13 - [TEST_STEP][PASSED] - click(findTestObject("Страница авторизации/button_")): Object: 'Object Repository/Страница авторизации/button_' is clicked on

17-03-2025T05:43:14 - [MESSAGE][PASSED] - Object: 'Object Repository/Страница авторизации/button_' is clicked on

17-03-2025T05:43:14 - [TEST_STEP][PASSED] - delay(70): Delayed 70 second(s)

17-03-2025T05:44:24 - [MESSAGE][PASSED] - Delayed 70 second(s)

17-03-2025T05:44:24 - [TEST_STEP][PASSED] - searchWord = "а": null

17-03-2025T05:44:24 - [TEST_STEP][PASSED] - pageLoaded2 = verifyElementPresent(findTestObject("Страница авторизации/Text"), 50): Object 'Object Repository/Страница авторизации/Text' is present

17-03-2025T05:44:25 - [MESSAGE][PASSED] - Object 'Object Repository/Страница авторизации/Text' is present

17-03-2025T05:44:25 - [TEST_STEP][PASSED] - if (pageLoaded2 == false): null

17-03-2025T05:44:25 - [TEST_STEP][PASSED] - urlText = getText(findTestObject("Страница авторизации/Text")): Text of object 'Object Repository/Страница авторизации/Text' is: 'Год 
2023 год
Сравнение с 
План
Динамика электропотребления, млрд. кВт.ч. по ПАО Россети на 2023 год
10 10
190 190
36 36
14 14
9 9
14 14
4 4
17 17
80 80
19 19
82 82
588 588
10 10
197 197
37 37
48 48
10 10
15 15
4 4
18 18
80 80
19 19
82 82
608 608
План
Ожидаемое (прогноз по конца года)
Интер РАО (дляФСК)
Промышленныепотребители
Транспорт
Нефтедобыча
Нефтепереработка
Нефтепроводы
Газопроводы
Сельскоехозяйство ипищеваяпромышленность
Непромышленныепотребители
Государственные(муниципальные)организации ипрочиебюджетныепотребители
Население иприравненныегруппыпотребителей
Территориальныесетевыеорганизации
Выручка по ПАО Россети на 2023 год
5 5
319 319
81 81
16 16
16 16
20 20
2 2
56 56
215 215
67 67
218 218
239 239
6 6
331 331
82 82
77 77
20 20
20 20
3 3
57 57
220 220
68 68
214 214
258 258
План
Ожидаемое (прогноз по конца года)
Интер РАО (дляФСК)
Промышленныепотребители
Транспорт
Нефтедобыча
Нефтепереработка
Нефтепроводы
Газопроводы
Сельскоехозяйство ипищеваяпромышленность
Непромышленныепотребители
Государственные(муниципальные)организации ипрочиебюджетныепотребители
Население иприравненныегруппыпотребителей
Территориальныесетевыеорганизации
Отклонения по ПАО Россети на 2023 год
-4.7% -4.7%
3.8% 3.8%
1.9% 1.9%
230.3% 230.3%
10.9% 10.9%
4.2% 4.2%
21.7% 21.7%
3.9% 3.9%
-0.6% -0.6%
1.6% 1.6%
-1.0% -1.0%
3.3% 3.3%
⬤ Отклонение, %
Интер РАО (для ФСК)
Промышленные потребители
Транспорт
Нефтедобыча
Нефтепереработка
Нефтепроводы
Газопроводы
Сельское хозяйство и пищевая пр…
Непромышленные потребители
Государственные (муниципальные…
Население и приравненные групп…
Территориальные сетевые органи…
Выручка отклонения по ПАО Россети на 2023 год
15.6% 15.6%
3.8% 3.8%
1.2% 1.2%
398.2% 398.2%
26.9% 26.9%
-0.6% -0.6%
26.9% 26.9%
1.5% 1.5%
2.7% 2.7%
2.0% 2.0%
-2.0% -2.0%
7.9% 7.9%
⬤ Отклонение, %
Интер РАО (для ФСК)
Промышленные потребители
Транспорт
Нефтедобыча
Нефтепереработка
Нефтепроводы
Газопроводы
Сельское хозяйство и пищевая пр…
Непромышленные потребители
Государственные (муниципальные…
Население и приравненные групп…
Территориальные сетевые органи…
абс.
%
Прогноз на месяц 
Ноябрь
КПО/Отпуск из сети 
Отпуск из сети, млн. кВт.ч
Организация 
Все
Прогноз электропотребления и выручки за услуги по передаче в разрезе отраслей'

17-03-2025T05:44:25 - [MESSAGE][PASSED] - Text of object 'Object Repository/Страница авторизации/Text' is: 'Год 
2023 год
Сравнение с 
План
Динамика электропотребления, млрд. кВт.ч. по ПАО Россети на 2023 год
10 10
190 190
36 36
14 14
9 9
14 14
4 4
17 17
80 80
19 19
82 82
588 588
10 10
197 197
37 37
48 48
10 10
15 15
4 4
18 18
80 80
19 19
82 82
608 608
План
Ожидаемое (прогноз по конца года)
Интер РАО (дляФСК)
Промышленныепотребители
Транспорт
Нефтедобыча
Нефтепереработка
Нефтепроводы
Газопроводы
Сельскоехозяйство ипищеваяпромышленность
Непромышленныепотребители
Государственные(муниципальные)организации ипрочиебюджетныепотребители
Население иприравненныегруппыпотребителей
Территориальныесетевыеорганизации
Выручка по ПАО Россети на 2023 год
5 5
319 319
81 81
16 16
16 16
20 20
2 2
56 56
215 215
67 67
218 218
239 239
6 6
331 331
82 82
77 77
20 20
20 20
3 3
57 57
220 220
68 68
214 214
258 258
План
Ожидаемое (прогноз по конца года)
Интер РАО (дляФСК)
Промышленныепотребители
Транспорт
Нефтедобыча
Нефтепереработка
Нефтепроводы
Газопроводы
Сельскоехозяйство ипищеваяпромышленность
Непромышленныепотребители
Государственные(муниципальные)организации ипрочиебюджетныепотребители
Население иприравненныегруппыпотребителей
Территориальныесетевыеорганизации
Отклонения по ПАО Россети на 2023 год
-4.7% -4.7%
3.8% 3.8%
1.9% 1.9%
230.3% 230.3%
10.9% 10.9%
4.2% 4.2%
21.7% 21.7%
3.9% 3.9%
-0.6% -0.6%
1.6% 1.6%
-1.0% -1.0%
3.3% 3.3%
⬤ Отклонение, %
Интер РАО (для ФСК)
Промышленные потребители
Транспорт
Нефтедобыча
Нефтепереработка
Нефтепроводы
Газопроводы
Сельское хозяйство и пищевая пр…
Непромышленные потребители
Государственные (муниципальные…
Население и приравненные групп…
Территориальные сетевые органи…
Выручка отклонения по ПАО Россети на 2023 год
15.6% 15.6%
3.8% 3.8%
1.2% 1.2%
398.2% 398.2%
26.9% 26.9%
-0.6% -0.6%
26.9% 26.9%
1.5% 1.5%
2.7% 2.7%
2.0% 2.0%
-2.0% -2.0%
7.9% 7.9%
⬤ Отклонение, %
Интер РАО (для ФСК)
Промышленные потребители
Транспорт
Нефтедобыча
Нефтепереработка
Нефтепроводы
Газопроводы
Сельское хозяйство и пищевая пр…
Непромышленные потребители
Государственные (муниципальные…
Население и приравненные групп…
Территориальные сетевые органи…
абс.
%
Прогноз на месяц 
Ноябрь
КПО/Отпуск из сети 
Отпуск из сети, млн. кВт.ч
Организация 
Все
Прогноз электропотребления и выручки за услуги по передаче в разрезе отраслей'

17-03-2025T05:44:25 - [TEST_STEP][PASSED] - if (urlText.contains("ошибка") || urlText.contains(searchWord) == false): null

17-03-2025T05:44:25 - [TEST_STEP][PASSED] - a3 = "": null

17-03-2025T05:44:25 - [TEST_STEP][PASSED] - a4 = "": null

17-03-2025T05:44:25 - [TEST_STEP][PASSED] - a5 = "": null

17-03-2025T05:44:25 - [TEST_STEP][PASSED] - a6 = "": null

17-03-2025T05:44:25 - [TEST_STEP][PASSED] - a7 = "": null

17-03-2025T05:44:25 - [TEST_STEP][PASSED] - a8 = "": null

17-03-2025T05:44:25 - [TEST_STEP][PASSED] - a9 = "": null

17-03-2025T05:44:25 - [TEST_STEP][PASSED] - if (run == 1): null

17-03-2025T05:44:25 - [TEST_STEP][PASSED] - if (run == 2): null

17-03-2025T05:44:25 - [TEST_STEP][PASSED] - if (run == 3): null

17-03-2025T05:44:25 - [TEST_STEP][PASSED] - user = "Попова": null

17-03-2025T05:44:25 - [TEST_STEP][PASSED] - a1 = getText(findTestObject("Прогноз по отраслям/Виджеты дашборда")): Text of object 'Object Repository/Прогноз по отраслям/Виджеты дашборда' is: 'Год 
2023 год
Сравнение с 
План
Динамика электропотребления, млрд. кВт.ч. по ПАО Россети на 2023 год
10 10
190 190
36 36
14 14
9 9
14 14
4 4
17 17
80 80
19 19
82 82
588 588
10 10
197 197
37 37
48 48
10 10
15 15
4 4
18 18
80 80
19 19
82 82
608 608
План
Ожидаемое (прогноз по конца года)
Интер РАО (дляФСК)
Промышленныепотребители
Транспорт
Нефтедобыча
Нефтепереработка
Нефтепроводы
Газопроводы
Сельскоехозяйство ипищеваяпромышленность
Непромышленныепотребители
Государственные(муниципальные)организации ипрочиебюджетныепотребители
Население иприравненныегруппыпотребителей
Территориальныесетевыеорганизации
Выручка по ПАО Россети на 2023 год
5 5
319 319
81 81
16 16
16 16
20 20
2 2
56 56
215 215
67 67
218 218
239 239
6 6
331 331
82 82
77 77
20 20
20 20
3 3
57 57
220 220
68 68
214 214
258 258
План
Ожидаемое (прогноз по конца года)
Интер РАО (дляФСК)
Промышленныепотребители
Транспорт
Нефтедобыча
Нефтепереработка
Нефтепроводы
Газопроводы
Сельскоехозяйство ипищеваяпромышленность
Непромышленныепотребители
Государственные(муниципальные)организации ипрочиебюджетныепотребители
Население иприравненныегруппыпотребителей
Территориальныесетевыеорганизации
Отклонения по ПАО Россети на 2023 год
-4.7% -4.7%
3.8% 3.8%
1.9% 1.9%
230.3% 230.3%
10.9% 10.9%
4.2% 4.2%
21.7% 21.7%
3.9% 3.9%
-0.6% -0.6%
1.6% 1.6%
-1.0% -1.0%
3.3% 3.3%
⬤ Отклонение, %
Интер РАО (для ФСК)
Промышленные потребители
Транспорт
Нефтедобыча
Нефтепереработка
Нефтепроводы
Газопроводы
Сельское хозяйство и пищевая пр…
Непромышленные потребители
Государственные (муниципальные…
Население и приравненные групп…
Территориальные сетевые органи…
Выручка отклонения по ПАО Россети на 2023 год
15.6% 15.6%
3.8% 3.8%
1.2% 1.2%
398.2% 398.2%
26.9% 26.9%
-0.6% -0.6%
26.9% 26.9%
1.5% 1.5%
2.7% 2.7%
2.0% 2.0%
-2.0% -2.0%
7.9% 7.9%
⬤ Отклонение, %
Интер РАО (для ФСК)
Промышленные потребители
Транспорт
Нефтедобыча
Нефтепереработка
Нефтепроводы
Газопроводы
Сельское хозяйство и пищевая пр…
Непромышленные потребители
Государственные (муниципальные…
Население и приравненные групп…
Территориальные сетевые органи…
абс.
%
Прогноз на месяц 
Ноябрь
КПО/Отпуск из сети 
Отпуск из сети, млн. кВт.ч
Организация 
Все
Прогноз электропотребления и выручки за услуги по передаче в разрезе отраслей'

17-03-2025T05:44:26 - [MESSAGE][PASSED] - Text of object 'Object Repository/Прогноз по отраслям/Виджеты дашборда' is: 'Год 
2023 год
Сравнение с 
План
Динамика электропотребления, млрд. кВт.ч. по ПАО Россети на 2023 год
10 10
190 190
36 36
14 14
9 9
14 14
4 4
17 17
80 80
19 19
82 82
588 588
10 10
197 197
37 37
48 48
10 10
15 15
4 4
18 18
80 80
19 19
82 82
608 608
План
Ожидаемое (прогноз по конца года)
Интер РАО (дляФСК)
Промышленныепотребители
Транспорт
Нефтедобыча
Нефтепереработка
Нефтепроводы
Газопроводы
Сельскоехозяйство ипищеваяпромышленность
Непромышленныепотребители
Государственные(муниципальные)организации ипрочиебюджетныепотребители
Население иприравненныегруппыпотребителей
Территориальныесетевыеорганизации
Выручка по ПАО Россети на 2023 год
5 5
319 319
81 81
16 16
16 16
20 20
2 2
56 56
215 215
67 67
218 218
239 239
6 6
331 331
82 82
77 77
20 20
20 20
3 3
57 57
220 220
68 68
214 214
258 258
План
Ожидаемое (прогноз по конца года)
Интер РАО (дляФСК)
Промышленныепотребители
Транспорт
Нефтедобыча
Нефтепереработка
Нефтепроводы
Газопроводы
Сельскоехозяйство ипищеваяпромышленность
Непромышленныепотребители
Государственные(муниципальные)организации ипрочиебюджетныепотребители
Население иприравненныегруппыпотребителей
Территориальныесетевыеорганизации
Отклонения по ПАО Россети на 2023 год
-4.7% -4.7%
3.8% 3.8%
1.9% 1.9%
230.3% 230.3%
10.9% 10.9%
4.2% 4.2%
21.7% 21.7%
3.9% 3.9%
-0.6% -0.6%
1.6% 1.6%
-1.0% -1.0%
3.3% 3.3%
⬤ Отклонение, %
Интер РАО (для ФСК)
Промышленные потребители
Транспорт
Нефтедобыча
Нефтепереработка
Нефтепроводы
Газопроводы
Сельское хозяйство и пищевая пр…
Непромышленные потребители
Государственные (муниципальные…
Население и приравненные групп…
Территориальные сетевые органи…
Выручка отклонения по ПАО Россети на 2023 год
15.6% 15.6%
3.8% 3.8%
1.2% 1.2%
398.2% 398.2%
26.9% 26.9%
-0.6% -0.6%
26.9% 26.9%
1.5% 1.5%
2.7% 2.7%
2.0% 2.0%
-2.0% -2.0%
7.9% 7.9%
⬤ Отклонение, %
Интер РАО (для ФСК)
Промышленные потребители
Транспорт
Нефтедобыча
Нефтепереработка
Нефтепроводы
Газопроводы
Сельское хозяйство и пищевая пр…
Непромышленные потребители
Государственные (муниципальные…
Население и приравненные групп…
Территориальные сетевые органи…
абс.
%
Прогноз на месяц 
Ноябрь
КПО/Отпуск из сети 
Отпуск из сети, млн. кВт.ч
Организация 
Все
Прогноз электропотребления и выручки за услуги по передаче в разрезе отраслей'

17-03-2025T05:44:26 - [TEST_STEP][PASSED] - click(findTestObject("Прогноз по отраслям/Переключить отображение с процентов на абс Блок руководителя")): Object: 'Object Repository/Прогноз по отраслям/Переключить отображение с процентов на абс Блок руководителя' is clicked on

17-03-2025T05:44:26 - [MESSAGE][PASSED] - Object: 'Object Repository/Прогноз по отраслям/Переключить отображение с процентов на абс Блок руководителя' is clicked on

17-03-2025T05:44:26 - [TEST_STEP][PASSED] - a2 = getText(findTestObject("Прогноз по отраслям/Виджеты дашборда")): Text of object 'Object Repository/Прогноз по отраслям/Виджеты дашборда' is: 'Год 
2023 год
Сравнение с 
План
Отклонения по ПАО Россети на 2023 год
-492.2 -492.2
7 165.1 7 165.1
689.3 689.3
33 271.7 33 271.7
986.4 986.4
593.8 593.8
764.0 764.0
670.4 670.4
-592.4 -592.4
308.8 308.8
-940.9 -940.9
19 604.1 19 604.1
⬤ Отклонение, млн. кВт.ч
Интер РАО (для ФСК)
Промышленные потребители
Транспорт
Нефтедобыча
Нефтепереработка
Нефтепроводы
Газопроводы
Сельское хозяйство и пищевая пр…
Непромышленные потребители
Государственные (муниципальные…
Население и приравненные групп…
Территориальные сетевые органи…
Выручка отклонения по ПАО Россети на 2023 год
794.9 794.9
12 195.0 12 195.0
972.7 972.7
61 803.9 61 803.9
4 222.3 4 222.3
-121.8 -121.8
666.2 666.2
873.2 873.2
5 809.6 5 809.6
1 342.6 1 342.6
-4 463.2 -4 463.2
18 375.5 18 375.5
⬤ Отклонение, млн. руб.
Интер РАО (для ФСК)
Промышленные потребители
Транспорт
Нефтедобыча
Нефтепереработка
Нефтепроводы
Газопроводы
Сельское хозяйство и пищевая пр…
Непромышленные потребители
Государственные (муниципальные…
Население и приравненные групп…
Территориальные сетевые органи…
Динамика электропотребления, млрд. кВт.ч. по ПАО Россети на 2023 год
10 10
190 190
36 36
14 14
9 9
14 14
4 4
17 17
80 80
19 19
82 82
588 588
10 10
197 197
37 37
48 48
10 10
15 15
4 4
18 18
80 80
19 19
82 82
608 608
План
Ожидаемое (прогноз по конца года)
Интер РАО (дляФСК)
Промышленныепотребители
Транспорт
Нефтедобыча
Нефтепереработка
Нефтепроводы
Газопроводы
Сельскоехозяйство ипищеваяпромышленность
Непромышленныепотребители
Государственные(муниципальные)организации ипрочиебюджетныепотребители
Население иприравненныегруппыпотребителей
Территориальныесетевыеорганизации
Выручка по ПАО Россети на 2023 год
5 5
319 319
81 81
16 16
16 16
20 20
2 2
56 56
215 215
67 67
218 218
239 239
6 6
331 331
82 82
77 77
20 20
20 20
3 3
57 57
220 220
68 68
214 214
258 258
План
Ожидаемое (прогноз по конца года)
Интер РАО (дляФСК)
Промышленныепотребители
Транспорт
Нефтедобыча
Нефтепереработка
Нефтепроводы
Газопроводы
Сельскоехозяйство ипищеваяпромышленность
Непромышленныепотребители
Государственные(муниципальные)организации ипрочиебюджетныепотребители
Население иприравненныегруппыпотребителей
Территориальныесетевыеорганизации
абс.
%
Прогноз на месяц 
Ноябрь
КПО/Отпуск из сети 
Отпуск из сети, млн. кВт.ч
Организация 
Все
Прогноз электропотребления и выручки за услуги по передаче в разрезе отраслей'

17-03-2025T05:44:26 - [MESSAGE][PASSED] - Text of object 'Object Repository/Прогноз по отраслям/Виджеты дашборда' is: 'Год 
2023 год
Сравнение с 
План
Отклонения по ПАО Россети на 2023 год
-492.2 -492.2
7 165.1 7 165.1
689.3 689.3
33 271.7 33 271.7
986.4 986.4
593.8 593.8
764.0 764.0
670.4 670.4
-592.4 -592.4
308.8 308.8
-940.9 -940.9
19 604.1 19 604.1
⬤ Отклонение, млн. кВт.ч
Интер РАО (для ФСК)
Промышленные потребители
Транспорт
Нефтедобыча
Нефтепереработка
Нефтепроводы
Газопроводы
Сельское хозяйство и пищевая пр…
Непромышленные потребители
Государственные (муниципальные…
Население и приравненные групп…
Территориальные сетевые органи…
Выручка отклонения по ПАО Россети на 2023 год
794.9 794.9
12 195.0 12 195.0
972.7 972.7
61 803.9 61 803.9
4 222.3 4 222.3
-121.8 -121.8
666.2 666.2
873.2 873.2
5 809.6 5 809.6
1 342.6 1 342.6
-4 463.2 -4 463.2
18 375.5 18 375.5
⬤ Отклонение, млн. руб.
Интер РАО (для ФСК)
Промышленные потребители
Транспорт
Нефтедобыча
Нефтепереработка
Нефтепроводы
Газопроводы
Сельское хозяйство и пищевая пр…
Непромышленные потребители
Государственные (муниципальные…
Население и приравненные групп…
Территориальные сетевые органи…
Динамика электропотребления, млрд. кВт.ч. по ПАО Россети на 2023 год
10 10
190 190
36 36
14 14
9 9
14 14
4 4
17 17
80 80
19 19
82 82
588 588
10 10
197 197
37 37
48 48
10 10
15 15
4 4
18 18
80 80
19 19
82 82
608 608
План
Ожидаемое (прогноз по конца года)
Интер РАО (дляФСК)
Промышленныепотребители
Транспорт
Нефтедобыча
Нефтепереработка
Нефтепроводы
Газопроводы
Сельскоехозяйство ипищеваяпромышленность
Непромышленныепотребители
Государственные(муниципальные)организации ипрочиебюджетныепотребители
Население иприравненныегруппыпотребителей
Территориальныесетевыеорганизации
Выручка по ПАО Россети на 2023 год
5 5
319 319
81 81
16 16
16 16
20 20
2 2
56 56
215 215
67 67
218 218
239 239
6 6
331 331
82 82
77 77
20 20
20 20
3 3
57 57
220 220
68 68
214 214
258 258
План
Ожидаемое (прогноз по конца года)
Интер РАО (дляФСК)
Промышленныепотребители
Транспорт
Нефтедобыча
Нефтепереработка
Нефтепроводы
Газопроводы
Сельскоехозяйство ипищеваяпромышленность
Непромышленныепотребители
Государственные(муниципальные)организации ипрочиебюджетныепотребители
Население иприравненныегруппыпотребителей
Территориальныесетевыеорганизации
абс.
%
Прогноз на месяц 
Ноябрь
КПО/Отпуск из сети 
Отпуск из сети, млн. кВт.ч
Организация 
Все
Прогноз электропотребления и выручки за услуги по передаче в разрезе отраслей'

17-03-2025T05:44:26 - [TEST_STEP][PASSED] - click(findTestObject("Прогноз по отраслям/Переключить отображение с абс на проценты")): Object: 'Object Repository/Прогноз по отраслям/Переключить отображение с абс на проценты' is clicked on

17-03-2025T05:44:27 - [MESSAGE][PASSED] - Object: 'Object Repository/Прогноз по отраслям/Переключить отображение с абс на проценты' is clicked on

17-03-2025T05:44:27 - [TEST_STEP][PASSED] - i = a1.indexOf("млрд. кВт.ч."): null

17-03-2025T05:44:27 - [TEST_STEP][PASSED] - if (i > -1): null

17-03-2025T05:44:27 - [TEST_STEP][PASSED] - a1 = a1.substring(0, i) + a1.substring(i + 12, a1.length()): null

17-03-2025T05:44:27 - [TEST_STEP][PASSED] - i = a1.indexOf("Выручка, млрд. руб."): null

17-03-2025T05:44:27 - [TEST_STEP][PASSED] - if (i > -1): null

17-03-2025T05:44:27 - [TEST_STEP][PASSED] - i = a1.indexOf("Выручка"): null

17-03-2025T05:44:27 - [TEST_STEP][PASSED] - if (i > -1): null

17-03-2025T05:44:27 - [TEST_STEP][PASSED] - a1 = a1.substring(0, i) + a1.substring(i + 8, a1.length()): null

17-03-2025T05:44:27 - [TEST_STEP][PASSED] - i = a1.indexOf("по ПАО Россети на 2023 год"): null

17-03-2025T05:44:27 - [TEST_STEP][PASSED] - if (i > -1): null

17-03-2025T05:44:27 - [TEST_STEP][PASSED] - a1 = a1.substring(0, i) + a1.substring(i + 27, a1.length()): null

17-03-2025T05:44:27 - [TEST_STEP][PASSED] - i = a1.indexOf("Отклонения"): null

17-03-2025T05:44:27 - [TEST_STEP][PASSED] - if (i > -1): null

17-03-2025T05:44:27 - [TEST_STEP][PASSED] - a1 = a1.substring(0, i) + a1.substring(i + 11, a1.length()): null

17-03-2025T05:44:27 - [TEST_STEP][PASSED] - i = a1.indexOf("по ПАО Россети на 2023 год"): null

17-03-2025T05:44:27 - [TEST_STEP][PASSED] - if (i > -1): null

17-03-2025T05:44:27 - [TEST_STEP][PASSED] - a1 = a1.substring(0, i) + a1.substring(i + 27, a1.length()): null

17-03-2025T05:44:27 - [TEST_STEP][PASSED] - i = a1.indexOf("по ПАО Россети на 2023 год"): null

17-03-2025T05:44:27 - [TEST_STEP][PASSED] - if (i > -1): null

17-03-2025T05:44:27 - [TEST_STEP][PASSED] - a1 = a1.substring(0, i) + a1.substring(i + 27, a1.length()): null

17-03-2025T05:44:27 - [TEST_STEP][PASSED] - println(a1): null

17-03-2025T05:44:27 - [TEST_STEP][PASSED] - n = n + 35: null

17-03-2025T05:44:27 - [TEST_STEP][PASSED] - b = n - run + 1: null

17-03-2025T05:44:27 - [TEST_STEP][PASSED] - verifyEqual(findTestData("PlanFact").getValue(2, b), a1): Actual object 'Год 
2023 год
Сравнение с 
План
Динамика электропотребления,  10 10
190 190
36 36
14 14
9 9
14 14
4 4
17 17
80 80
19 19
82 82
588 588
10 10
197 197
37 37
48 48
10 10
15 15
4 4
18 18
80 80
19 19
82 82
608 608
План
Ожидаемое (прогноз по конца года)
Интер РАО (дляФСК)
Промышленныепотребители
Транспорт
Нефтедобыча
Нефтепереработка
Нефтепроводы
Газопроводы
Сельскоехозяйство ипищеваяпромышленность
Непромышленныепотребители
Государственные(муниципальные)организации ипрочиебюджетныепотребители
Население иприравненныегруппыпотребителей
Территориальныесетевыеорганизации
5 5
319 319
81 81
16 16
16 16
20 20
2 2
56 56
215 215
67 67
218 218
239 239
6 6
331 331
82 82
77 77
20 20
20 20
3 3
57 57
220 220
68 68
214 214
258 258
План
Ожидаемое (прогноз по конца года)
Интер РАО (дляФСК)
Промышленныепотребители
Транспорт
Нефтедобыча
Нефтепереработка
Нефтепроводы
Газопроводы
Сельскоехозяйство ипищеваяпромышленность
Непромышленныепотребители
Государственные(муниципальные)организации ипрочиебюджетныепотребители
Население иприравненныегруппыпотребителей
Территориальныесетевыеорганизации
-4.7% -4.7%
3.8% 3.8%
1.9% 1.9%
230.3% 230.3%
10.9% 10.9%
4.2% 4.2%
21.7% 21.7%
3.9% 3.9%
-0.6% -0.6%
1.6% 1.6%
-1.0% -1.0%
3.3% 3.3%
⬤ Отклонение, %
Интер РАО (для ФСК)
Промышленные потребители
Транспорт
Нефтедобыча
Нефтепереработка
Нефтепроводы
Газопроводы
Сельское хозяйство и пищевая пр…
Непромышленные потребители
Государственные (муниципальные…
Население и приравненные групп…
Территориальные сетевые органи…
Выручка отклонения по ПАО Россети на 2023 год
15.6% 15.6%
3.8% 3.8%
1.2% 1.2%
398.2% 398.2%
26.9% 26.9%
-0.6% -0.6%
26.9% 26.9%
1.5% 1.5%
2.7% 2.7%
2.0% 2.0%
-2.0% -2.0%
7.9% 7.9%
⬤ Отклонение, %
Интер РАО (для ФСК)
Промышленные потребители
Транспорт
Нефтедобыча
Нефтепереработка
Нефтепроводы
Газопроводы
Сельское хозяйство и пищевая пр…
Непромышленные потребители
Государственные (муниципальные…
Население и приравненные групп…
Территориальные сетевые органи…
абс.
%
Прогноз на месяц 
Ноябрь
КПО/Отпуск из сети 
Отпуск из сети, млн. кВт.ч
Организация 
Все
Прогноз электропотребления и выручки за услуги по передаче в разрезе отраслей' and expected object 'Год 
2023 год
Сравнение с 
План
Динамика электропотребления,  10 10
190 190
36 36
14 14
9 9
14 14
4 4
17 17
80 80
19 19
82 82
588 588
10 10
197 197
37 37
48 48
10 10
15 15
4 4
18 18
80 80
19 19
82 82
608 608
План
Ожидаемое (прогноз по конца года)
Интер РАО (дляФСК)
Промышленныепотребители
Транспорт
Нефтедобыча
Нефтепереработка
Нефтепроводы
Газопроводы
Сельскоехозяйство ипищеваяпромышленность
Непромышленныепотребители
Государственные(муниципальные)организации ипрочиебюджетныепотребители
Население иприравненныегруппыпотребителей
Территориальныесетевыеорганизации
5 5
319 319
81 81
16 16
16 16
20 20
2 2
56 56
215 215
67 67
218 218
239 239
6 6
331 331
82 82
77 77
20 20
20 20
3 3
57 57
220 220
68 68
214 214
258 258
План
Ожидаемое (прогноз по конца года)
Интер РАО (дляФСК)
Промышленныепотребители
Транспорт
Нефтедобыча
Нефтепереработка
Нефтепроводы
Газопроводы
Сельскоехозяйство ипищеваяпромышленность
Непромышленныепотребители
Государственные(муниципальные)организации ипрочиебюджетныепотребители
Население иприравненныегруппыпотребителей
Территориальныесетевыеорганизации
-4.7% -4.7%
3.8% 3.8%
1.9% 1.9%
230.3% 230.3%
10.9% 10.9%
4.2% 4.2%
21.7% 21.7%
3.9% 3.9%
-0.6% -0.6%
1.6% 1.6%
-1.0% -1.0%
3.3% 3.3%
⬤ Отклонение, %
Интер РАО (для ФСК)
Промышленные потребители
Транспорт
Нефтедобыча
Нефтепереработка
Нефтепроводы
Газопроводы
Сельское хозяйство и пищевая пр…
Непромышленные потребители
Государственные (муниципальные…
Население и приравненные групп…
Территориальные сетевые органи…
Выручка отклонения по ПАО Россети на 2023 год
15.6% 15.6%
3.8% 3.8%
1.2% 1.2%
398.2% 398.2%
26.9% 26.9%
-0.6% -0.6%
26.9% 26.9%
1.5% 1.5%
2.7% 2.7%
2.0% 2.0%
-2.0% -2.0%
7.9% 7.9%
⬤ Отклонение, %
Интер РАО (для ФСК)
Промышленные потребители
Транспорт
Нефтедобыча
Нефтепереработка
Нефтепроводы
Газопроводы
Сельское хозяйство и пищевая пр…
Непромышленные потребители
Государственные (муниципальные…
Население и приравненные групп…
Территориальные сетевые органи…
абс.
%
Прогноз на месяц 
Ноябрь
КПО/Отпуск из сети 
Отпуск из сети, млн. кВт.ч
Организация 
Все
Прогноз электропотребления и выручки за услуги по передаче в разрезе отраслей' are equal

17-03-2025T05:44:27 - [MESSAGE][PASSED] - Actual object 'Год 
2023 год
Сравнение с 
План
Динамика электропотребления,  10 10
190 190
36 36
14 14
9 9
14 14
4 4
17 17
80 80
19 19
82 82
588 588
10 10
197 197
37 37
48 48
10 10
15 15
4 4
18 18
80 80
19 19
82 82
608 608
План
Ожидаемое (прогноз по конца года)
Интер РАО (дляФСК)
Промышленныепотребители
Транспорт
Нефтедобыча
Нефтепереработка
Нефтепроводы
Газопроводы
Сельскоехозяйство ипищеваяпромышленность
Непромышленныепотребители
Государственные(муниципальные)организации ипрочиебюджетныепотребители
Население иприравненныегруппыпотребителей
Территориальныесетевыеорганизации
5 5
319 319
81 81
16 16
16 16
20 20
2 2
56 56
215 215
67 67
218 218
239 239
6 6
331 331
82 82
77 77
20 20
20 20
3 3
57 57
220 220
68 68
214 214
258 258
План
Ожидаемое (прогноз по конца года)
Интер РАО (дляФСК)
Промышленныепотребители
Транспорт
Нефтедобыча
Нефтепереработка
Нефтепроводы
Газопроводы
Сельскоехозяйство ипищеваяпромышленность
Непромышленныепотребители
Государственные(муниципальные)организации ипрочиебюджетныепотребители
Население иприравненныегруппыпотребителей
Территориальныесетевыеорганизации
-4.7% -4.7%
3.8% 3.8%
1.9% 1.9%
230.3% 230.3%
10.9% 10.9%
4.2% 4.2%
21.7% 21.7%
3.9% 3.9%
-0.6% -0.6%
1.6% 1.6%
-1.0% -1.0%
3.3% 3.3%
⬤ Отклонение, %
Интер РАО (для ФСК)
Промышленные потребители
Транспорт
Нефтедобыча
Нефтепереработка
Нефтепроводы
Газопроводы
Сельское хозяйство и пищевая пр…
Непромышленные потребители
Государственные (муниципальные…
Население и приравненные групп…
Территориальные сетевые органи…
Выручка отклонения по ПАО Россети на 2023 год
15.6% 15.6%
3.8% 3.8%
1.2% 1.2%
398.2% 398.2%
26.9% 26.9%
-0.6% -0.6%
26.9% 26.9%
1.5% 1.5%
2.7% 2.7%
2.0% 2.0%
-2.0% -2.0%
7.9% 7.9%
⬤ Отклонение, %
Интер РАО (для ФСК)
Промышленные потребители
Транспорт
Нефтедобыча
Нефтепереработка
Нефтепроводы
Газопроводы
Сельское хозяйство и пищевая пр…
Непромышленные потребители
Государственные (муниципальные…
Население и приравненные групп…
Территориальные сетевые органи…
абс.
%
Прогноз на месяц 
Ноябрь
КПО/Отпуск из сети 
Отпуск из сети, млн. кВт.ч
Организация 
Все
Прогноз электропотребления и выручки за услуги по передаче в разрезе отраслей' and expected object 'Год 
2023 год
Сравнение с 
План
Динамика электропотребления,  10 10
190 190
36 36
14 14
9 9
14 14
4 4
17 17
80 80
19 19
82 82
588 588
10 10
197 197
37 37
48 48
10 10
15 15
4 4
18 18
80 80
19 19
82 82
608 608
План
Ожидаемое (прогноз по конца года)
Интер РАО (дляФСК)
Промышленныепотребители
Транспорт
Нефтедобыча
Нефтепереработка
Нефтепроводы
Газопроводы
Сельскоехозяйство ипищеваяпромышленность
Непромышленныепотребители
Государственные(муниципальные)организации ипрочиебюджетныепотребители
Население иприравненныегруппыпотребителей
Территориальныесетевыеорганизации
5 5
319 319
81 81
16 16
16 16
20 20
2 2
56 56
215 215
67 67
218 218
239 239
6 6
331 331
82 82
77 77
20 20
20 20
3 3
57 57
220 220
68 68
214 214
258 258
План
Ожидаемое (прогноз по конца года)
Интер РАО (дляФСК)
Промышленныепотребители
Транспорт
Нефтедобыча
Нефтепереработка
Нефтепроводы
Газопроводы
Сельскоехозяйство ипищеваяпромышленность
Непромышленныепотребители
Государственные(муниципальные)организации ипрочиебюджетныепотребители
Население иприравненныегруппыпотребителей
Территориальныесетевыеорганизации
-4.7% -4.7%
3.8% 3.8%
1.9% 1.9%
230.3% 230.3%
10.9% 10.9%
4.2% 4.2%
21.7% 21.7%
3.9% 3.9%
-0.6% -0.6%
1.6% 1.6%
-1.0% -1.0%
3.3% 3.3%
⬤ Отклонение, %
Интер РАО (для ФСК)
Промышленные потребители
Транспорт
Нефтедобыча
Нефтепереработка
Нефтепроводы
Газопроводы
Сельское хозяйство и пищевая пр…
Непромышленные потребители
Государственные (муниципальные…
Население и приравненные групп…
Территориальные сетевые органи…
Выручка отклонения по ПАО Россети на 2023 год
15.6% 15.6%
3.8% 3.8%
1.2% 1.2%
398.2% 398.2%
26.9% 26.9%
-0.6% -0.6%
26.9% 26.9%
1.5% 1.5%
2.7% 2.7%
2.0% 2.0%
-2.0% -2.0%
7.9% 7.9%
⬤ Отклонение, %
Интер РАО (для ФСК)
Промышленные потребители
Транспорт
Нефтедобыча
Нефтепереработка
Нефтепроводы
Газопроводы
Сельское хозяйство и пищевая пр…
Непромышленные потребители
Государственные (муниципальные…
Население и приравненные групп…
Территориальные сетевые органи…
абс.
%
Прогноз на месяц 
Ноябрь
КПО/Отпуск из сети 
Отпуск из сети, млн. кВт.ч
Организация 
Все
Прогноз электропотребления и выручки за услуги по передаче в разрезе отраслей' are equal

17-03-2025T05:44:27 - [TEST_STEP][PASSED] - verifyEqual(findTestData("PlanFact").getValue(3, b), a2): Actual object 'Год 
2023 год
Сравнение с 
План
Отклонения по ПАО Россети на 2023 год
-492.2 -492.2
7 165.1 7 165.1
689.3 689.3
33 271.7 33 271.7
986.4 986.4
593.8 593.8
764.0 764.0
670.4 670.4
-592.4 -592.4
308.8 308.8
-940.9 -940.9
19 604.1 19 604.1
⬤ Отклонение, млн. кВт.ч
Интер РАО (для ФСК)
Промышленные потребители
Транспорт
Нефтедобыча
Нефтепереработка
Нефтепроводы
Газопроводы
Сельское хозяйство и пищевая пр…
Непромышленные потребители
Государственные (муниципальные…
Население и приравненные групп…
Территориальные сетевые органи…
Выручка отклонения по ПАО Россети на 2023 год
794.9 794.9
12 195.0 12 195.0
972.7 972.7
61 803.9 61 803.9
4 222.3 4 222.3
-121.8 -121.8
666.2 666.2
873.2 873.2
5 809.6 5 809.6
1 342.6 1 342.6
-4 463.2 -4 463.2
18 375.5 18 375.5
⬤ Отклонение, млн. руб.
Интер РАО (для ФСК)
Промышленные потребители
Транспорт
Нефтедобыча
Нефтепереработка
Нефтепроводы
Газопроводы
Сельское хозяйство и пищевая пр…
Непромышленные потребители
Государственные (муниципальные…
Население и приравненные групп…
Территориальные сетевые органи…
Динамика электропотребления, млрд. кВт.ч. по ПАО Россети на 2023 год
10 10
190 190
36 36
14 14
9 9
14 14
4 4
17 17
80 80
19 19
82 82
588 588
10 10
197 197
37 37
48 48
10 10
15 15
4 4
18 18
80 80
19 19
82 82
608 608
План
Ожидаемое (прогноз по конца года)
Интер РАО (дляФСК)
Промышленныепотребители
Транспорт
Нефтедобыча
Нефтепереработка
Нефтепроводы
Газопроводы
Сельскоехозяйство ипищеваяпромышленность
Непромышленныепотребители
Государственные(муниципальные)организации ипрочиебюджетныепотребители
Население иприравненныегруппыпотребителей
Территориальныесетевыеорганизации
Выручка по ПАО Россети на 2023 год
5 5
319 319
81 81
16 16
16 16
20 20
2 2
56 56
215 215
67 67
218 218
239 239
6 6
331 331
82 82
77 77
20 20
20 20
3 3
57 57
220 220
68 68
214 214
258 258
План
Ожидаемое (прогноз по конца года)
Интер РАО (дляФСК)
Промышленныепотребители
Транспорт
Нефтедобыча
Нефтепереработка
Нефтепроводы
Газопроводы
Сельскоехозяйство ипищеваяпромышленность
Непромышленныепотребители
Государственные(муниципальные)организации ипрочиебюджетныепотребители
Население иприравненныегруппыпотребителей
Территориальныесетевыеорганизации
абс.
%
Прогноз на месяц 
Ноябрь
КПО/Отпуск из сети 
Отпуск из сети, млн. кВт.ч
Организация 
Все
Прогноз электропотребления и выручки за услуги по передаче в разрезе отраслей' and expected object 'Год 
2023 год
Сравнение с 
План
Отклонения по ПАО Россети на 2023 год
-492.2 -492.2
7 165.1 7 165.1
689.3 689.3
33 271.7 33 271.7
986.4 986.4
593.8 593.8
764.0 764.0
670.4 670.4
-592.4 -592.4
308.8 308.8
-940.9 -940.9
19 604.1 19 604.1
⬤ Отклонение, млн. кВт.ч
Интер РАО (для ФСК)
Промышленные потребители
Транспорт
Нефтедобыча
Нефтепереработка
Нефтепроводы
Газопроводы
Сельское хозяйство и пищевая пр…
Непромышленные потребители
Государственные (муниципальные…
Население и приравненные групп…
Территориальные сетевые органи…
Выручка отклонения по ПАО Россети на 2023 год
794.9 794.9
12 195.0 12 195.0
972.7 972.7
61 803.9 61 803.9
4 222.3 4 222.3
-121.8 -121.8
666.2 666.2
873.2 873.2
5 809.6 5 809.6
1 342.6 1 342.6
-4 463.2 -4 463.2
18 375.5 18 375.5
⬤ Отклонение, млн. руб.
Интер РАО (для ФСК)
Промышленные потребители
Транспорт
Нефтедобыча
Нефтепереработка
Нефтепроводы
Газопроводы
Сельское хозяйство и пищевая пр…
Непромышленные потребители
Государственные (муниципальные…
Население и приравненные групп…
Территориальные сетевые органи…
Динамика электропотребления, млрд. кВт.ч. по ПАО Россети на 2023 год
10 10
190 190
36 36
14 14
9 9
14 14
4 4
17 17
80 80
19 19
82 82
588 588
10 10
197 197
37 37
48 48
10 10
15 15
4 4
18 18
80 80
19 19
82 82
608 608
План
Ожидаемое (прогноз по конца года)
Интер РАО (дляФСК)
Промышленныепотребители
Транспорт
Нефтедобыча
Нефтепереработка
Нефтепроводы
Газопроводы
Сельскоехозяйство ипищеваяпромышленность
Непромышленныепотребители
Государственные(муниципальные)организации ипрочиебюджетныепотребители
Население иприравненныегруппыпотребителей
Территориальныесетевыеорганизации
Выручка по ПАО Россети на 2023 год
5 5
319 319
81 81
16 16
16 16
20 20
2 2
56 56
215 215
67 67
218 218
239 239
6 6
331 331
82 82
77 77
20 20
20 20
3 3
57 57
220 220
68 68
214 214
258 258
План
Ожидаемое (прогноз по конца года)
Интер РАО (дляФСК)
Промышленныепотребители
Транспорт
Нефтедобыча
Нефтепереработка
Нефтепроводы
Газопроводы
Сельскоехозяйство ипищеваяпромышленность
Непромышленныепотребители
Государственные(муниципальные)организации ипрочиебюджетныепотребители
Население иприравненныегруппыпотребителей
Территориальныесетевыеорганизации
абс.
%
Прогноз на месяц 
Ноябрь
КПО/Отпуск из сети 
Отпуск из сети, млн. кВт.ч
Организация 
Все
Прогноз электропотребления и выручки за услуги по передаче в разрезе отраслей' are equal

17-03-2025T05:44:27 - [MESSAGE][PASSED] - Actual object 'Год 
2023 год
Сравнение с 
План
Отклонения по ПАО Россети на 2023 год
-492.2 -492.2
7 165.1 7 165.1
689.3 689.3
33 271.7 33 271.7
986.4 986.4
593.8 593.8
764.0 764.0
670.4 670.4
-592.4 -592.4
308.8 308.8
-940.9 -940.9
19 604.1 19 604.1
⬤ Отклонение, млн. кВт.ч
Интер РАО (для ФСК)
Промышленные потребители
Транспорт
Нефтедобыча
Нефтепереработка
Нефтепроводы
Газопроводы
Сельское хозяйство и пищевая пр…
Непромышленные потребители
Государственные (муниципальные…
Население и приравненные групп…
Территориальные сетевые органи…
Выручка отклонения по ПАО Россети на 2023 год
794.9 794.9
12 195.0 12 195.0
972.7 972.7
61 803.9 61 803.9
4 222.3 4 222.3
-121.8 -121.8
666.2 666.2
873.2 873.2
5 809.6 5 809.6
1 342.6 1 342.6
-4 463.2 -4 463.2
18 375.5 18 375.5
⬤ Отклонение, млн. руб.
Интер РАО (для ФСК)
Промышленные потребители
Транспорт
Нефтедобыча
Нефтепереработка
Нефтепроводы
Газопроводы
Сельское хозяйство и пищевая пр…
Непромышленные потребители
Государственные (муниципальные…
Население и приравненные групп…
Территориальные сетевые органи…
Динамика электропотребления, млрд. кВт.ч. по ПАО Россети на 2023 год
10 10
190 190
36 36
14 14
9 9
14 14
4 4
17 17
80 80
19 19
82 82
588 588
10 10
197 197
37 37
48 48
10 10
15 15
4 4
18 18
80 80
19 19
82 82
608 608
План
Ожидаемое (прогноз по конца года)
Интер РАО (дляФСК)
Промышленныепотребители
Транспорт
Нефтедобыча
Нефтепереработка
Нефтепроводы
Газопроводы
Сельскоехозяйство ипищеваяпромышленность
Непромышленныепотребители
Государственные(муниципальные)организации ипрочиебюджетныепотребители
Население иприравненныегруппыпотребителей
Территориальныесетевыеорганизации
Выручка по ПАО Россети на 2023 год
5 5
319 319
81 81
16 16
16 16
20 20
2 2
56 56
215 215
67 67
218 218
239 239
6 6
331 331
82 82
77 77
20 20
20 20
3 3
57 57
220 220
68 68
214 214
258 258
План
Ожидаемое (прогноз по конца года)
Интер РАО (дляФСК)
Промышленныепотребители
Транспорт
Нефтедобыча
Нефтепереработка
Нефтепроводы
Газопроводы
Сельскоехозяйство ипищеваяпромышленность
Непромышленныепотребители
Государственные(муниципальные)организации ипрочиебюджетныепотребители
Население иприравненныегруппыпотребителей
Территориальныесетевыеорганизации
абс.
%
Прогноз на месяц 
Ноябрь
КПО/Отпуск из сети 
Отпуск из сети, млн. кВт.ч
Организация 
Все
Прогноз электропотребления и выручки за услуги по передаче в разрезе отраслей' and expected object 'Год 
2023 год
Сравнение с 
План
Отклонения по ПАО Россети на 2023 год
-492.2 -492.2
7 165.1 7 165.1
689.3 689.3
33 271.7 33 271.7
986.4 986.4
593.8 593.8
764.0 764.0
670.4 670.4
-592.4 -592.4
308.8 308.8
-940.9 -940.9
19 604.1 19 604.1
⬤ Отклонение, млн. кВт.ч
Интер РАО (для ФСК)
Промышленные потребители
Транспорт
Нефтедобыча
Нефтепереработка
Нефтепроводы
Газопроводы
Сельское хозяйство и пищевая пр…
Непромышленные потребители
Государственные (муниципальные…
Население и приравненные групп…
Территориальные сетевые органи…
Выручка отклонения по ПАО Россети на 2023 год
794.9 794.9
12 195.0 12 195.0
972.7 972.7
61 803.9 61 803.9
4 222.3 4 222.3
-121.8 -121.8
666.2 666.2
873.2 873.2
5 809.6 5 809.6
1 342.6 1 342.6
-4 463.2 -4 463.2
18 375.5 18 375.5
⬤ Отклонение, млн. руб.
Интер РАО (для ФСК)
Промышленные потребители
Транспорт
Нефтедобыча
Нефтепереработка
Нефтепроводы
Газопроводы
Сельское хозяйство и пищевая пр…
Непромышленные потребители
Государственные (муниципальные…
Население и приравненные групп…
Территориальные сетевые органи…
Динамика электропотребления, млрд. кВт.ч. по ПАО Россети на 2023 год
10 10
190 190
36 36
14 14
9 9
14 14
4 4
17 17
80 80
19 19
82 82
588 588
10 10
197 197
37 37
48 48
10 10
15 15
4 4
18 18
80 80
19 19
82 82
608 608
План
Ожидаемое (прогноз по конца года)
Интер РАО (дляФСК)
Промышленныепотребители
Транспорт
Нефтедобыча
Нефтепереработка
Нефтепроводы
Газопроводы
Сельскоехозяйство ипищеваяпромышленность
Непромышленныепотребители
Государственные(муниципальные)организации ипрочиебюджетныепотребители
Население иприравненныегруппыпотребителей
Территориальныесетевыеорганизации
Выручка по ПАО Россети на 2023 год
5 5
319 319
81 81
16 16
16 16
20 20
2 2
56 56
215 215
67 67
218 218
239 239
6 6
331 331
82 82
77 77
20 20
20 20
3 3
57 57
220 220
68 68
214 214
258 258
План
Ожидаемое (прогноз по конца года)
Интер РАО (дляФСК)
Промышленныепотребители
Транспорт
Нефтедобыча
Нефтепереработка
Нефтепроводы
Газопроводы
Сельскоехозяйство ипищеваяпромышленность
Непромышленныепотребители
Государственные(муниципальные)организации ипрочиебюджетныепотребители
Население иприравненныегруппыпотребителей
Территориальныесетевыеорганизации
абс.
%
Прогноз на месяц 
Ноябрь
КПО/Отпуск из сети 
Отпуск из сети, млн. кВт.ч
Организация 
Все
Прогноз электропотребления и выручки за услуги по передаче в разрезе отраслей' are equal

17-03-2025T05:44:27 - [TEST_STEP][PASSED] - Script1686231490255.WriteToExcel(user, dashboardName, n, data, run, a1, a2, a3, a4, a5, a6, a7, a8, a9): null

17-03-2025T05:44:27 - [TEST_STEP][PASSED] - sheetName = "Sheet1": null

17-03-2025T05:44:27 - [TEST_STEP][PASSED] - workbook01 = getWorkbook(excelFilePath): null

17-03-2025T05:44:27 - [TEST_STEP][PASSED] - sheet01 = getExcelSheet(workbook01, sheetName): null

17-03-2025T05:44:27 - [TEST_STEP][PASSED] - setValueToCellByIndex(sheet01, n, 0, dashboardName): null

17-03-2025T05:44:27 - [TEST_STEP][PASSED] - setValueToCellByIndex(sheet01, n, 10, user): null

17-03-2025T05:44:27 - [TEST_STEP][PASSED] - setValueToCellByIndex(sheet01, n, 1, a1): null

17-03-2025T05:44:27 - [TEST_STEP][PASSED] - setValueToCellByIndex(sheet01, n, 2, a2): null

17-03-2025T05:44:27 - [TEST_STEP][PASSED] - setValueToCellByIndex(sheet01, n, 3, a3): null

17-03-2025T05:44:27 - [TEST_STEP][PASSED] - setValueToCellByIndex(sheet01, n, 4, a4): null

17-03-2025T05:44:27 - [TEST_STEP][PASSED] - setValueToCellByIndex(sheet01, n, 5, a5): null

17-03-2025T05:44:27 - [TEST_STEP][PASSED] - setValueToCellByIndex(sheet01, n, 6, a6): null

17-03-2025T05:44:27 - [TEST_STEP][PASSED] - setValueToCellByIndex(sheet01, n, 7, a7): null

17-03-2025T05:44:27 - [TEST_STEP][PASSED] - setValueToCellByIndex(sheet01, n, 8, a8): null

17-03-2025T05:44:27 - [TEST_STEP][PASSED] - setValueToCellByIndex(sheet01, n, 9, a9): null

17-03-2025T05:44:27 - [TEST_STEP][PASSED] - n = n + 1: null

17-03-2025T05:44:27 - [TEST_STEP][PASSED] - saveWorkbook(excelFilePath, workbook01): null

17-03-2025T05:44:27 - [TEST_STEP][PASSED] - closeBrowser(): Browser is closed

17-03-2025T05:44:27 - [MESSAGE][PASSED] - Browser is closed]]></system-out>
         <system-err><![CDATA[17-03-2025T03:23:36 - [TEST_CASE][FAILED] - Test Cases/Сверки дашбордов/Блок руководителя сверка дашбордов под разными учётками: Test Cases/Сверки дашбордов/Блок руководителя сверка дашбордов под разными учётками FAILED.
Reason:
com.kms.katalon.core.exception.StepFailedException: Unable to get text of object 'Object Repository/Выполнение бизнес-плана/table' (Root cause: com.kms.katalon.core.exception.StepFailedException: Unable to get text of object 'Object Repository/Выполнение бизнес-плана/table'
	at com.kms.katalon.core.webui.keyword.internal.WebUIKeywordMain.stepFailed(WebUIKeywordMain.groovy:64)
	at com.kms.katalon.core.webui.keyword.internal.WebUIKeywordMain.runKeyword(WebUIKeywordMain.groovy:26)
	at com.kms.katalon.core.webui.keyword.builtin.GetTextKeyword.getText(GetTextKeyword.groovy:88)
	at com.kms.katalon.core.webui.keyword.builtin.GetTextKeyword.execute(GetTextKeyword.groovy:67)
	at com.kms.katalon.core.keyword.internal.KeywordExecutor.executeKeywordForPlatform(KeywordExecutor.groovy:74)
	at com.kms.katalon.core.webui.keyword.WebUiBuiltInKeywords.getText(WebUiBuiltInKeywords.groovy:957)
	at Блок руководителя сверка дашбордов под разными учётками.VipolnenieBiznesPlana(Блок руководителя сверка дашбордов под разными учётками:278)
	at Блок руководителя сверка дашбордов под разными учётками.run(Блок руководителя сверка дашбордов под разными учётками:52)
	at com.kms.katalon.core.main.ScriptEngine.run(ScriptEngine.java:194)
	at com.kms.katalon.core.main.ScriptEngine.runScriptAsRawText(ScriptEngine.java:119)
	at com.kms.katalon.core.main.TestCaseExecutor.runScript(TestCaseExecutor.java:448)
	at com.kms.katalon.core.main.TestCaseExecutor.doExecute(TestCaseExecutor.java:439)
	at com.kms.katalon.core.main.TestCaseExecutor.processExecutionPhase(TestCaseExecutor.java:418)
	at com.kms.katalon.core.main.TestCaseExecutor.accessMainPhase(TestCaseExecutor.java:410)
	at com.kms.katalon.core.main.TestCaseExecutor.execute(TestCaseExecutor.java:285)
	at com.kms.katalon.core.common.CommonExecutor.accessTestCaseMainPhase(CommonExecutor.java:65)
	at com.kms.katalon.core.main.TestSuiteExecutor.accessTestSuiteMainPhase(TestSuiteExecutor.java:150)
	at com.kms.katalon.core.main.TestSuiteExecutor.execute(TestSuiteExecutor.java:106)
	at com.kms.katalon.core.main.TestCaseMain.startTestSuite(TestCaseMain.java:180)
	at TempTestSuite1742171011514.run(TempTestSuite1742171011514.groovy:35)
	at java.base/jdk.internal.reflect.NativeMethodAccessorImpl.invoke0(Native Method)
	at java.base/jdk.internal.reflect.NativeMethodAccessorImpl.invoke(NativeMethodAccessorImpl.java:77)
	at java.base/jdk.internal.reflect.DelegatingMethodAccessorImpl.invoke(DelegatingMethodAccessorImpl.java:43)
Caused by: com.kms.katalon.core.webui.exception.WebElementNotFoundException: Web element with id: 'Object Repository/Выполнение бизнес-плана/table' located by '//div[@id='grid-25be55ef81e941d9a5e47136b644a838']' not found
	at com.kms.katalon.core.webui.common.WebUiCommonHelper.findWebElement(WebUiCommonHelper.java:1426)
	at com.kms.katalon.core.webui.keyword.internal.WebUIAbstractKeyword.findWebElement(WebUIAbstractKeyword.groovy:27)
	at com.kms.katalon.core.webui.keyword.internal.WebUIAbstractKeyword.findWebElement(WebUIAbstractKeyword.groovy:26)
	at com.kms.katalon.core.webui.keyword.builtin.GetTextKeyword$_getText_closure1.doCall(GetTextKeyword.groovy:78)
	at com.kms.katalon.core.webui.keyword.builtin.GetTextKeyword$_getText_closure1.call(GetTextKeyword.groovy)
	at com.kms.katalon.core.webui.keyword.internal.WebUIKeywordMain.runKeyword(WebUIKeywordMain.groovy:20)
	at com.kms.katalon.core.webui.keyword.builtin.GetTextKeyword.getText(GetTextKeyword.groovy:88)
	at com.kms.katalon.core.webui.keyword.builtin.GetTextKeyword.execute(GetTextKeyword.groovy:67)
	at com.kms.katalon.core.keyword.internal.KeywordExecutor.executeKeywordForPlatform(KeywordExecutor.groovy:74)
	at com.kms.katalon.core.webui.keyword.WebUiBuiltInKeywords.getText(WebUiBuiltInKeywords.groovy:957)
	at Script1686231490255.VipolnenieBiznesPlana(Script1686231490255.groovy:278)
	at Script1686231490255.run(Script1686231490255.groovy:52)
	... 15 more
)
	at com.kms.katalon.core.keyword.internal.KeywordMain.stepFailed(KeywordMain.groovy:39)
	at com.kms.katalon.core.webui.keyword.internal.WebUIKeywordMain.stepFailed(WebUIKeywordMain.groovy:64)
	at com.kms.katalon.core.webui.keyword.internal.WebUIKeywordMain.runKeyword(WebUIKeywordMain.groovy:26)
	at com.kms.katalon.core.webui.keyword.builtin.GetTextKeyword.getText(GetTextKeyword.groovy:88)
	at com.kms.katalon.core.webui.keyword.builtin.GetTextKeyword.execute(GetTextKeyword.groovy:67)
	at com.kms.katalon.core.keyword.internal.KeywordExecutor.executeKeywordForPlatform(KeywordExecutor.groovy:74)
	at com.kms.katalon.core.webui.keyword.WebUiBuiltInKeywords.getText(WebUiBuiltInKeywords.groovy:957)
	at Блок руководителя сверка дашбордов под разными учётками.VipolnenieBiznesPlana(Блок руководителя сверка дашбордов под разными учётками:278)
	at Блок руководителя сверка дашбордов под разными учётками.run(Блок руководителя сверка дашбордов под разными учётками:52)
	at com.kms.katalon.core.main.ScriptEngine.run(ScriptEngine.java:194)
	at com.kms.katalon.core.main.ScriptEngine.runScriptAsRawText(ScriptEngine.java:119)
	at com.kms.katalon.core.main.TestCaseExecutor.runScript(TestCaseExecutor.java:448)
	at com.kms.katalon.core.main.TestCaseExecutor.doExecute(TestCaseExecutor.java:439)
	at com.kms.katalon.core.main.TestCaseExecutor.processExecutionPhase(TestCaseExecutor.java:418)
	at com.kms.katalon.core.main.TestCaseExecutor.accessMainPhase(TestCaseExecutor.java:410)
	at com.kms.katalon.core.main.TestCaseExecutor.execute(TestCaseExecutor.java:285)
	at com.kms.katalon.core.common.CommonExecutor.accessTestCaseMainPhase(CommonExecutor.java:65)
	at com.kms.katalon.core.main.TestSuiteExecutor.accessTestSuiteMainPhase(TestSuiteExecutor.java:150)
	at com.kms.katalon.core.main.TestSuiteExecutor.execute(TestSuiteExecutor.java:106)
	at com.kms.katalon.core.main.TestCaseMain.startTestSuite(TestCaseMain.java:180)
	at TempTestSuite1742171011514.run(TempTestSuite1742171011514.groovy:35)
	at java.base/jdk.internal.reflect.NativeMethodAccessorImpl.invoke0(Native Method)
	at java.base/jdk.internal.reflect.NativeMethodAccessorImpl.invoke(NativeMethodAccessorImpl.java:77)
	at java.base/jdk.internal.reflect.DelegatingMethodAccessorImpl.invoke(DelegatingMethodAccessorImpl.java:43)
Caused by: com.kms.katalon.core.exception.StepFailedException: Unable to get text of object 'Object Repository/Выполнение бизнес-плана/table'
	... 23 more
Caused by: com.kms.katalon.core.webui.exception.WebElementNotFoundException: Web element with id: 'Object Repository/Выполнение бизнес-плана/table' located by '//div[@id='grid-25be55ef81e941d9a5e47136b644a838']' not found
	at com.kms.katalon.core.webui.common.WebUiCommonHelper.findWebElement(WebUiCommonHelper.java:1426)
	at com.kms.katalon.core.webui.keyword.internal.WebUIAbstractKeyword.findWebElement(WebUIAbstractKeyword.groovy:27)
	at com.kms.katalon.core.webui.keyword.internal.WebUIAbstractKeyword.findWebElement(WebUIAbstractKeyword.groovy:26)
	at com.kms.katalon.core.webui.keyword.builtin.GetTextKeyword$_getText_closure1.doCall(GetTextKeyword.groovy:78)
	at com.kms.katalon.core.webui.keyword.builtin.GetTextKeyword$_getText_closure1.call(GetTextKeyword.groovy)
	at com.kms.katalon.core.webui.keyword.internal.WebUIKeywordMain.runKeyword(WebUIKeywordMain.groovy:20)
	... 21 more]]></system-err>
      </testcase>
      <testcase name="Test Cases/Сверки дашбордов/Выполнение бизнес-плана сверка дашбордов" time="226.429" classname="Test Cases/Сверки дашбордов/Выполнение бизнес-плана сверка дашбордов" status="FAILED">
         <failure type="FAILED" message="Test Cases/Сверки дашбордов/Выполнение бизнес-плана сверка дашбордов FAILED.&#xa;Reason:&#xa;com.kms.katalon.core.exception.StepFailedException: Unable to get text of object 'Object Repository/Выполнение бизнес-плана/Значения со страницы Выполнение бизнес-плана/Table Data/План Потери за отчётный период 1' (Root cause: com.kms.katalon.core.exception.StepFailedException: Unable to get text of object 'Object Repository/Выполнение бизнес-плана/Значения со страницы Выполнение бизнес-плана/Table Data/План Потери за отчётный период 1'&#xa;	at com.kms.katalon.core.webui.keyword.internal.WebUIKeywordMain.stepFailed(WebUIKeywordMain.groovy:64)&#xa;	at com.kms.katalon.core.webui.keyword.internal.WebUIKeywordMain.runKeyword(WebUIKeywordMain.groovy:26)&#xa;	at com.kms.katalon.core.webui.keyword.builtin.GetTextKeyword.getText(GetTextKeyword.groovy:88)&#xa;	at com.kms.katalon.core.webui.keyword.builtin.GetTextKeyword.execute(GetTextKeyword.groovy:67)&#xa;	at com.kms.katalon.core.keyword.internal.KeywordExecutor.executeKeywordForPlatform(KeywordExecutor.groovy:74)&#xa;	at com.kms.katalon.core.webui.keyword.WebUiBuiltInKeywords.getText(WebUiBuiltInKeywords.groovy:957)&#xa;	at Выполнение бизнес-плана сверка дашбордов.GetAllData(Выполнение бизнес-плана сверка дашбордов:985)&#xa;	at Выполнение бизнес-плана сверка дашбордов.run(Выполнение бизнес-плана сверка дашбордов:156)&#xa;	at com.kms.katalon.core.main.ScriptEngine.run(ScriptEngine.java:194)&#xa;	at com.kms.katalon.core.main.ScriptEngine.runScriptAsRawText(ScriptEngine.java:119)&#xa;	at com.kms.katalon.core.main.TestCaseExecutor.runScript(TestCaseExecutor.java:448)&#xa;	at com.kms.katalon.core.main.TestCaseExecutor.doExecute(TestCaseExecutor.java:439)&#xa;	at com.kms.katalon.core.main.TestCaseExecutor.processExecutionPhase(TestCaseExecutor.java:418)&#xa;	at com.kms.katalon.core.main.TestCaseExecutor.accessMainPhase(TestCaseExecutor.java:410)&#xa;	at com.kms.katalon.core.main.TestCaseExecutor.execute(TestCaseExecutor.java:285)&#xa;	at com.kms.katalon.core.common.CommonExecutor.accessTestCaseMainPhase(CommonExecutor.java:65)&#xa;	at com.kms.katalon.core.main.TestSuiteExecutor.accessTestSuiteMainPhase(TestSuiteExecutor.java:150)&#xa;	at com.kms.katalon.core.main.TestSuiteExecutor.execute(TestSuiteExecutor.java:106)&#xa;	at com.kms.katalon.core.main.TestCaseMain.startTestSuite(TestCaseMain.java:180)&#xa;	at TempTestSuite1742171011514.run(TempTestSuite1742171011514.groovy:35)&#xa;	at java.base/jdk.internal.reflect.NativeMethodAccessorImpl.invoke0(Native Method)&#xa;	at java.base/jdk.internal.reflect.NativeMethodAccessorImpl.invoke(NativeMethodAccessorImpl.java:77)&#xa;	at java.base/jdk.internal.reflect.DelegatingMethodAccessorImpl.invoke(DelegatingMethodAccessorImpl.java:43)&#xa;Caused by: com.kms.katalon.core.webui.exception.WebElementNotFoundException: Web element with id: 'Object Repository/Выполнение бизнес-плана/Значения со страницы Выполнение бизнес-плана/Table Data/План Потери за отчётный период 1' located by '(.//*[normalize-space(text()) and normalize-space(.)='Показатели баланса электроэнергии по ДЗО – План'])[2]/following::td[35]' not found&#xa;	at com.kms.katalon.core.webui.common.WebUiCommonHelper.findWebElement(WebUiCommonHelper.java:1426)&#xa;	at com.kms.katalon.core.webui.keyword.internal.WebUIAbstractKeyword.findWebElement(WebUIAbstractKeyword.groovy:27)&#xa;	at com.kms.katalon.core.webui.keyword.internal.WebUIAbstractKeyword.findWebElement(WebUIAbstractKeyword.groovy:26)&#xa;	at com.kms.katalon.core.webui.keyword.builtin.GetTextKeyword$_getText_closure1.doCall(GetTextKeyword.groovy:78)&#xa;	at com.kms.katalon.core.webui.keyword.builtin.GetTextKeyword$_getText_closure1.call(GetTextKeyword.groovy)&#xa;	at com.kms.katalon.core.webui.keyword.internal.WebUIKeywordMain.runKeyword(WebUIKeywordMain.groovy:20)&#xa;	at com.kms.katalon.core.webui.keyword.builtin.GetTextKeyword.getText(GetTextKeyword.groovy:88)&#xa;	at com.kms.katalon.core.webui.keyword.builtin.GetTextKeyword.execute(GetTextKeyword.groovy:67)&#xa;	at com.kms.katalon.core.keyword.internal.KeywordExecutor.executeKeywordForPlatform(KeywordExecutor.groovy:74)&#xa;	at com.kms.katalon.core.webui.keyword.WebUiBuiltInKeywords.getText(WebUiBuiltInKeywords.groovy:957)&#xa;	at Script1719299571342.GetAllData(Script1719299571342.groovy:985)&#xa;	at Script1719299571342.run(Script1719299571342.groovy:156)&#xa;	... 15 more&#xa;)&#xa;	at com.kms.katalon.core.keyword.internal.KeywordMain.stepFailed(KeywordMain.groovy:39)&#xa;	at com.kms.katalon.core.webui.keyword.internal.WebUIKeywordMain.stepFailed(WebUIKeywordMain.groovy:64)&#xa;	at com.kms.katalon.core.webui.keyword.internal.WebUIKeywordMain.runKeyword(WebUIKeywordMain.groovy:26)&#xa;	at com.kms.katalon.core.webui.keyword.builtin.GetTextKeyword.getText(GetTextKeyword.groovy:88)&#xa;	at com.kms.katalon.core.webui.keyword.builtin.GetTextKeyword.execute(GetTextKeyword.groovy:67)&#xa;	at com.kms.katalon.core.keyword.internal.KeywordExecutor.executeKeywordForPlatform(KeywordExecutor.groovy:74)&#xa;	at com.kms.katalon.core.webui.keyword.WebUiBuiltInKeywords.getText(WebUiBuiltInKeywords.groovy:957)&#xa;	at Выполнение бизнес-плана сверка дашбордов.GetAllData(Выполнение бизнес-плана сверка дашбордов:985)&#xa;	at Выполнение бизнес-плана сверка дашбордов.run(Выполнение бизнес-плана сверка дашбордов:156)&#xa;	at com.kms.katalon.core.main.ScriptEngine.run(ScriptEngine.java:194)&#xa;	at com.kms.katalon.core.main.ScriptEngine.runScriptAsRawText(ScriptEngine.java:119)&#xa;	at com.kms.katalon.core.main.TestCaseExecutor.runScript(TestCaseExecutor.java:448)&#xa;	at com.kms.katalon.core.main.TestCaseExecutor.doExecute(TestCaseExecutor.java:439)&#xa;	at com.kms.katalon.core.main.TestCaseExecutor.processExecutionPhase(TestCaseExecutor.java:418)&#xa;	at com.kms.katalon.core.main.TestCaseExecutor.accessMainPhase(TestCaseExecutor.java:410)&#xa;	at com.kms.katalon.core.main.TestCaseExecutor.execute(TestCaseExecutor.java:285)&#xa;	at com.kms.katalon.core.common.CommonExecutor.accessTestCaseMainPhase(CommonExecutor.java:65)&#xa;	at com.kms.katalon.core.main.TestSuiteExecutor.accessTestSuiteMainPhase(TestSuiteExecutor.java:150)&#xa;	at com.kms.katalon.core.main.TestSuiteExecutor.execute(TestSuiteExecutor.java:106)&#xa;	at com.kms.katalon.core.main.TestCaseMain.startTestSuite(TestCaseMain.java:180)&#xa;	at TempTestSuite1742171011514.run(TempTestSuite1742171011514.groovy:35)&#xa;	at java.base/jdk.internal.reflect.NativeMethodAccessorImpl.invoke0(Native Method)&#xa;	at java.base/jdk.internal.reflect.NativeMethodAccessorImpl.invoke(NativeMethodAccessorImpl.java:77)&#xa;	at java.base/jdk.internal.reflect.DelegatingMethodAccessorImpl.invoke(DelegatingMethodAccessorImpl.java:43)&#xa;Caused by: com.kms.katalon.core.exception.StepFailedException: Unable to get text of object 'Object Repository/Выполнение бизнес-плана/Значения со страницы Выполнение бизнес-плана/Table Data/План Потери за отчётный период 1'&#xa;	... 23 more&#xa;Caused by: com.kms.katalon.core.webui.exception.WebElementNotFoundException: Web element with id: 'Object Repository/Выполнение бизнес-плана/Значения со страницы Выполнение бизнес-плана/Table Data/План Потери за отчётный период 1' located by '(.//*[normalize-space(text()) and normalize-space(.)='Показатели баланса электроэнергии по ДЗО – План'])[2]/following::td[35]' not found&#xa;	at com.kms.katalon.core.webui.common.WebUiCommonHelper.findWebElement(WebUiCommonHelper.java:1426)&#xa;	at com.kms.katalon.core.webui.keyword.internal.WebUIAbstractKeyword.findWebElement(WebUIAbstractKeyword.groovy:27)&#xa;	at com.kms.katalon.core.webui.keyword.internal.WebUIAbstractKeyword.findWebElement(WebUIAbstractKeyword.groovy:26)&#xa;	at com.kms.katalon.core.webui.keyword.builtin.GetTextKeyword$_getText_closure1.doCall(GetTextKeyword.groovy:78)&#xa;	at com.kms.katalon.core.webui.keyword.builtin.GetTextKeyword$_getText_closure1.call(GetTextKeyword.groovy)&#xa;	at com.kms.katalon.core.webui.keyword.internal.WebUIKeywordMain.runKeyword(WebUIKeywordMain.groovy:20)&#xa;	... 21 more&#xa;"/>
         <system-out><![CDATA[17-03-2025T05:44:28 - [TEST_CASE][FAILED] - Test Cases/Сверки дашбордов/Выполнение бизнес-плана сверка дашбордов: Test Cases/Сверки дашбордов/Выполнение бизнес-плана сверка дашбордов FAILED.
Reason:
com.kms.katalon.core.exception.StepFailedException: Unable to get text of object 'Object Repository/Выполнение бизнес-плана/Значения со страницы Выполнение бизнес-плана/Table Data/План Потери за отчётный период 1' (Root cause: com.kms.katalon.core.exception.StepFailedException: Unable to get text of object 'Object Repository/Выполнение бизнес-плана/Значения со страницы Выполнение бизнес-плана/Table Data/План Потери за отчётный период 1'
	at com.kms.katalon.core.webui.keyword.internal.WebUIKeywordMain.stepFailed(WebUIKeywordMain.groovy:64)
	at com.kms.katalon.core.webui.keyword.internal.WebUIKeywordMain.runKeyword(WebUIKeywordMain.groovy:26)
	at com.kms.katalon.core.webui.keyword.builtin.GetTextKeyword.getText(GetTextKeyword.groovy:88)
	at com.kms.katalon.core.webui.keyword.builtin.GetTextKeyword.execute(GetTextKeyword.groovy:67)
	at com.kms.katalon.core.keyword.internal.KeywordExecutor.executeKeywordForPlatform(KeywordExecutor.groovy:74)
	at com.kms.katalon.core.webui.keyword.WebUiBuiltInKeywords.getText(WebUiBuiltInKeywords.groovy:957)
	at Выполнение бизнес-плана сверка дашбордов.GetAllData(Выполнение бизнес-плана сверка дашбордов:985)
	at Выполнение бизнес-плана сверка дашбордов.run(Выполнение бизнес-плана сверка дашбордов:156)
	at com.kms.katalon.core.main.ScriptEngine.run(ScriptEngine.java:194)
	at com.kms.katalon.core.main.ScriptEngine.runScriptAsRawText(ScriptEngine.java:119)
	at com.kms.katalon.core.main.TestCaseExecutor.runScript(TestCaseExecutor.java:448)
	at com.kms.katalon.core.main.TestCaseExecutor.doExecute(TestCaseExecutor.java:439)
	at com.kms.katalon.core.main.TestCaseExecutor.processExecutionPhase(TestCaseExecutor.java:418)
	at com.kms.katalon.core.main.TestCaseExecutor.accessMainPhase(TestCaseExecutor.java:410)
	at com.kms.katalon.core.main.TestCaseExecutor.execute(TestCaseExecutor.java:285)
	at com.kms.katalon.core.common.CommonExecutor.accessTestCaseMainPhase(CommonExecutor.java:65)
	at com.kms.katalon.core.main.TestSuiteExecutor.accessTestSuiteMainPhase(TestSuiteExecutor.java:150)
	at com.kms.katalon.core.main.TestSuiteExecutor.execute(TestSuiteExecutor.java:106)
	at com.kms.katalon.core.main.TestCaseMain.startTestSuite(TestCaseMain.java:180)
	at TempTestSuite1742171011514.run(TempTestSuite1742171011514.groovy:35)
	at java.base/jdk.internal.reflect.NativeMethodAccessorImpl.invoke0(Native Method)
	at java.base/jdk.internal.reflect.NativeMethodAccessorImpl.invoke(NativeMethodAccessorImpl.java:77)
	at java.base/jdk.internal.reflect.DelegatingMethodAccessorImpl.invoke(DelegatingMethodAccessorImpl.java:43)
Caused by: com.kms.katalon.core.webui.exception.WebElementNotFoundException: Web element with id: 'Object Repository/Выполнение бизнес-плана/Значения со страницы Выполнение бизнес-плана/Table Data/План Потери за отчётный период 1' located by '(.//*[normalize-space(text()) and normalize-space(.)='Показатели баланса электроэнергии по ДЗО – План'])[2]/following::td[35]' not found
	at com.kms.katalon.core.webui.common.WebUiCommonHelper.findWebElement(WebUiCommonHelper.java:1426)
	at com.kms.katalon.core.webui.keyword.internal.WebUIAbstractKeyword.findWebElement(WebUIAbstractKeyword.groovy:27)
	at com.kms.katalon.core.webui.keyword.internal.WebUIAbstractKeyword.findWebElement(WebUIAbstractKeyword.groovy:26)
	at com.kms.katalon.core.webui.keyword.builtin.GetTextKeyword$_getText_closure1.doCall(GetTextKeyword.groovy:78)
	at com.kms.katalon.core.webui.keyword.builtin.GetTextKeyword$_getText_closure1.call(GetTextKeyword.groovy)
	at com.kms.katalon.core.webui.keyword.internal.WebUIKeywordMain.runKeyword(WebUIKeywordMain.groovy:20)
	at com.kms.katalon.core.webui.keyword.builtin.GetTextKeyword.getText(GetTextKeyword.groovy:88)
	at com.kms.katalon.core.webui.keyword.builtin.GetTextKeyword.execute(GetTextKeyword.groovy:67)
	at com.kms.katalon.core.keyword.internal.KeywordExecutor.executeKeywordForPlatform(KeywordExecutor.groovy:74)
	at com.kms.katalon.core.webui.keyword.WebUiBuiltInKeywords.getText(WebUiBuiltInKeywords.groovy:957)
	at Script1719299571342.GetAllData(Script1719299571342.groovy:985)
	at Script1719299571342.run(Script1719299571342.groovy:156)
	... 15 more
)
	at com.kms.katalon.core.keyword.internal.KeywordMain.stepFailed(KeywordMain.groovy:39)
	at com.kms.katalon.core.webui.keyword.internal.WebUIKeywordMain.stepFailed(WebUIKeywordMain.groovy:64)
	at com.kms.katalon.core.webui.keyword.internal.WebUIKeywordMain.runKeyword(WebUIKeywordMain.groovy:26)
	at com.kms.katalon.core.webui.keyword.builtin.GetTextKeyword.getText(GetTextKeyword.groovy:88)
	at com.kms.katalon.core.webui.keyword.builtin.GetTextKeyword.execute(GetTextKeyword.groovy:67)
	at com.kms.katalon.core.keyword.internal.KeywordExecutor.executeKeywordForPlatform(KeywordExecutor.groovy:74)
	at com.kms.katalon.core.webui.keyword.WebUiBuiltInKeywords.getText(WebUiBuiltInKeywords.groovy:957)
	at Выполнение бизнес-плана сверка дашбордов.GetAllData(Выполнение бизнес-плана сверка дашбордов:985)
	at Выполнение бизнес-плана сверка дашбордов.run(Выполнение бизнес-плана сверка дашбордов:156)
	at com.kms.katalon.core.main.ScriptEngine.run(ScriptEngine.java:194)
	at com.kms.katalon.core.main.ScriptEngine.runScriptAsRawText(ScriptEngine.java:119)
	at com.kms.katalon.core.main.TestCaseExecutor.runScript(TestCaseExecutor.java:448)
	at com.kms.katalon.core.main.TestCaseExecutor.doExecute(TestCaseExecutor.java:439)
	at com.kms.katalon.core.main.TestCaseExecutor.processExecutionPhase(TestCaseExecutor.java:418)
	at com.kms.katalon.core.main.TestCaseExecutor.accessMainPhase(TestCaseExecutor.java:410)
	at com.kms.katalon.core.main.TestCaseExecutor.execute(TestCaseExecutor.java:285)
	at com.kms.katalon.core.common.CommonExecutor.accessTestCaseMainPhase(CommonExecutor.java:65)
	at com.kms.katalon.core.main.TestSuiteExecutor.accessTestSuiteMainPhase(TestSuiteExecutor.java:150)
	at com.kms.katalon.core.main.TestSuiteExecutor.execute(TestSuiteExecutor.java:106)
	at com.kms.katalon.core.main.TestCaseMain.startTestSuite(TestCaseMain.java:180)
	at TempTestSuite1742171011514.run(TempTestSuite1742171011514.groovy:35)
	at java.base/jdk.internal.reflect.NativeMethodAccessorImpl.invoke0(Native Method)
	at java.base/jdk.internal.reflect.NativeMethodAccessorImpl.invoke(NativeMethodAccessorImpl.java:77)
	at java.base/jdk.internal.reflect.DelegatingMethodAccessorImpl.invoke(DelegatingMethodAccessorImpl.java:43)
Caused by: com.kms.katalon.core.exception.StepFailedException: Unable to get text of object 'Object Repository/Выполнение бизнес-плана/Значения со страницы Выполнение бизнес-плана/Table Data/План Потери за отчётный период 1'
	... 23 more
Caused by: com.kms.katalon.core.webui.exception.WebElementNotFoundException: Web element with id: 'Object Repository/Выполнение бизнес-плана/Значения со страницы Выполнение бизнес-плана/Table Data/План Потери за отчётный период 1' located by '(.//*[normalize-space(text()) and normalize-space(.)='Показатели баланса электроэнергии по ДЗО – План'])[2]/following::td[35]' not found
	at com.kms.katalon.core.webui.common.WebUiCommonHelper.findWebElement(WebUiCommonHelper.java:1426)
	at com.kms.katalon.core.webui.keyword.internal.WebUIAbstractKeyword.findWebElement(WebUIAbstractKeyword.groovy:27)
	at com.kms.katalon.core.webui.keyword.internal.WebUIAbstractKeyword.findWebElement(WebUIAbstractKeyword.groovy:26)
	at com.kms.katalon.core.webui.keyword.builtin.GetTextKeyword$_getText_closure1.doCall(GetTextKeyword.groovy:78)
	at com.kms.katalon.core.webui.keyword.builtin.GetTextKeyword$_getText_closure1.call(GetTextKeyword.groovy)
	at com.kms.katalon.core.webui.keyword.internal.WebUIKeywordMain.runKeyword(WebUIKeywordMain.groovy:20)
	... 21 more


17-03-2025T05:44:28 - [TEST_STEP][PASSED] - date = new java.util.Date(): null

17-03-2025T05:44:28 - [TEST_STEP][PASSED] - todaysDate = date.format("dd.MM.yyyy"): null

17-03-2025T05:44:28 - [TEST_STEP][PASSED] - blockNum = <not implemented yet for class: org.codehaus.groovy.ast.expr.EmptyExpression>: null

17-03-2025T05:44:28 - [TEST_STEP][PASSED] - path = <not implemented yet for class: org.codehaus.groovy.ast.expr.EmptyExpression>: null

17-03-2025T05:44:28 - [TEST_STEP][PASSED] - typeOfData = <not implemented yet for class: org.codehaus.groovy.ast.expr.EmptyExpression>: null

17-03-2025T05:44:28 - [TEST_STEP][PASSED] - i = <not implemented yet for class: org.codehaus.groovy.ast.expr.EmptyExpression>: null

17-03-2025T05:44:28 - [TEST_STEP][PASSED] - dZO = <not implemented yet for class: org.codehaus.groovy.ast.expr.EmptyExpression>: null

17-03-2025T05:44:28 - [TEST_STEP][PASSED] - vidget = <not implemented yet for class: org.codehaus.groovy.ast.expr.EmptyExpression>: null

17-03-2025T05:44:28 - [TEST_STEP][PASSED] - tabR = <not implemented yet for class: org.codehaus.groovy.ast.expr.EmptyExpression>: null

17-03-2025T05:44:28 - [TEST_STEP][PASSED] - tabB = <not implemented yet for class: org.codehaus.groovy.ast.expr.EmptyExpression>: null

17-03-2025T05:44:28 - [TEST_STEP][PASSED] - o1R = <not implemented yet for class: org.codehaus.groovy.ast.expr.EmptyExpression>: null

17-03-2025T05:44:28 - [TEST_STEP][PASSED] - o1B = <not implemented yet for class: org.codehaus.groovy.ast.expr.EmptyExpression>: null

17-03-2025T05:44:28 - [TEST_STEP][PASSED] - PercPlanR = <not implemented yet for class: org.codehaus.groovy.ast.expr.EmptyExpression>: null

17-03-2025T05:44:28 - [TEST_STEP][PASSED] - PercPlanB = <not implemented yet for class: org.codehaus.groovy.ast.expr.EmptyExpression>: null

17-03-2025T05:44:28 - [TEST_STEP][PASSED] - PercFactR = <not implemented yet for class: org.codehaus.groovy.ast.expr.EmptyExpression>: null

17-03-2025T05:44:28 - [TEST_STEP][PASSED] - PercFactB = <not implemented yet for class: org.codehaus.groovy.ast.expr.EmptyExpression>: null

17-03-2025T05:44:28 - [TEST_STEP][PASSED] - pRR = "ПАО Россети/": null

17-03-2025T05:44:28 - [TEST_STEP][PASSED] - fR = "Россети ФСК ЕЭС/": null

17-03-2025T05:44:28 - [TEST_STEP][PASSED] - tyR = "АО "Тываэнерго"/": null

17-03-2025T05:44:28 - [TEST_STEP][PASSED] - chR = "Чеченэнерго": null

17-03-2025T05:44:28 - [TEST_STEP][PASSED] - vR = "Россети Волга/": null

17-03-2025T05:44:28 - [TEST_STEP][PASSED] - kR = "Россети Кубань/": null

17-03-2025T05:44:28 - [TEST_STEP][PASSED] - lR = "Россети Ленэнерго (ГК)/": null

17-03-2025T05:44:28 - [TEST_STEP][PASSED] - mR = "Россети Московский регион/": null

17-03-2025T05:44:28 - [TEST_STEP][PASSED] - sKR = "Россети Северный Кавказ (ГК)/": null

17-03-2025T05:44:28 - [TEST_STEP][PASSED] - sZR = "Россети Северо-Запад/": null

17-03-2025T05:44:28 - [TEST_STEP][PASSED] - siR = "Россети Сибирь (ГК)/": null

17-03-2025T05:44:28 - [TEST_STEP][PASSED] - tomR = "Россети Томск/": null

17-03-2025T05:44:28 - [TEST_STEP][PASSED] - tyumR = "Россети Тюмень/": null

17-03-2025T05:44:28 - [TEST_STEP][PASSED] - urR = "Россети Урал (ГК)/": null

17-03-2025T05:44:28 - [TEST_STEP][PASSED] - cenR = "Россети Центр (ГК)/": null

17-03-2025T05:44:28 - [TEST_STEP][PASSED] - cIPR = "Россети Центр и Приволжье (ГК)/": null

17-03-2025T05:44:28 - [TEST_STEP][PASSED] - ugR = "Россети Юг (ГК)/": null

17-03-2025T05:44:28 - [TEST_STEP][PASSED] - yR = "Россети Янтарь/": null

17-03-2025T05:44:28 - [TEST_STEP][PASSED] - pRB = "ПАО Россети/": null

17-03-2025T05:44:28 - [TEST_STEP][PASSED] - fB = "Россети ФСК ЕЭС/": null

17-03-2025T05:44:28 - [TEST_STEP][PASSED] - tyB = "АО "Тываэнерго"/": null

17-03-2025T05:44:28 - [TEST_STEP][PASSED] - chB = "Чеченэнерго": null

17-03-2025T05:44:28 - [TEST_STEP][PASSED] - vB = "Россети Волга/": null

17-03-2025T05:44:28 - [TEST_STEP][PASSED] - kB = "Россети Кубань/": null

17-03-2025T05:44:28 - [TEST_STEP][PASSED] - lB = "Россети Ленэнерго (ГК)/": null

17-03-2025T05:44:28 - [TEST_STEP][PASSED] - mB = "Россети Московский регион/": null

17-03-2025T05:44:28 - [TEST_STEP][PASSED] - sKB = "Россети Северный Кавказ (ГК)/": null

17-03-2025T05:44:28 - [TEST_STEP][PASSED] - sZB = "Россети Северо-Запад/": null

17-03-2025T05:44:28 - [TEST_STEP][PASSED] - siB = "Россети Сибирь (ГК)/": null

17-03-2025T05:44:28 - [TEST_STEP][PASSED] - tomB = "Россети Томск/": null

17-03-2025T05:44:28 - [TEST_STEP][PASSED] - tyumB = "Россети Тюмень/": null

17-03-2025T05:44:28 - [TEST_STEP][PASSED] - urB = "Россети Урал (ГК)/": null

17-03-2025T05:44:28 - [TEST_STEP][PASSED] - cenB = "Россети Центр (ГК)/": null

17-03-2025T05:44:28 - [TEST_STEP][PASSED] - cIPB = "Россети Центр и Приволжье (ГК)/": null

17-03-2025T05:44:28 - [TEST_STEP][PASSED] - ugB = "Россети Юг (ГК)/": null

17-03-2025T05:44:28 - [TEST_STEP][PASSED] - yB = "Россети Янтарь/": null

17-03-2025T05:44:28 - [TEST_STEP][PASSED] - VseDZO = <not implemented yet for class: org.codehaus.groovy.ast.expr.EmptyExpression>: null

17-03-2025T05:44:28 - [TEST_STEP][PASSED] - a = <not implemented yet for class: org.codehaus.groovy.ast.expr.EmptyExpression>: null

17-03-2025T05:44:28 - [TEST_STEP][PASSED] - b = <not implemented yet for class: org.codehaus.groovy.ast.expr.EmptyExpression>: null

17-03-2025T05:44:28 - [TEST_STEP][PASSED] - dZONum = 0: null

17-03-2025T05:44:28 - [TEST_STEP][PASSED] - x = <not implemented yet for class: org.codehaus.groovy.ast.expr.EmptyExpression>: null

17-03-2025T05:44:28 - [TEST_STEP][PASSED] - blockNum = 1: null

17-03-2025T05:44:28 - [TEST_STEP][PASSED] - path = "Object Repository/Выполнение бизнес-плана/": null

17-03-2025T05:44:28 - [TEST_STEP][PASSED] - Script1719299571342.Presettings(blockNum, path): null

17-03-2025T05:44:28 - [TEST_STEP][PASSED] - blockNumber = <not implemented yet for class: org.codehaus.groovy.ast.expr.EmptyExpression>: null

17-03-2025T05:44:28 - [TEST_STEP][PASSED] - urlText = <not implemented yet for class: org.codehaus.groovy.ast.expr.EmptyExpression>: null

17-03-2025T05:44:28 - [TEST_STEP][PASSED] - searchWord = <not implemented yet for class: org.codehaus.groovy.ast.expr.EmptyExpression>: null

17-03-2025T05:44:28 - [TEST_STEP][PASSED] - i = <not implemented yet for class: org.codehaus.groovy.ast.expr.EmptyExpression>: null

17-03-2025T05:44:28 - [TEST_STEP][PASSED] - ii = <not implemented yet for class: org.codehaus.groovy.ast.expr.EmptyExpression>: null

17-03-2025T05:44:28 - [TEST_STEP][PASSED] - openBrowser(""): Browser is opened with url: ''

17-03-2025T05:44:28 - [MESSAGE][INFO] - Starting 'Chrome' driver

17-03-2025T05:44:28 - [MESSAGE][INFO] - Action delay is set to 0 milliseconds

17-03-2025T05:44:30 - [MESSAGE][PASSED] - Browser is opened with url: ''

17-03-2025T05:44:30 - [TEST_STEP][PASSED] - if (blockNum == 1): null

17-03-2025T05:44:30 - [TEST_STEP][PASSED] - path = "Object Repository/Выполнение бизнес-плана/": null

17-03-2025T05:44:30 - [TEST_STEP][PASSED] - blockNumber = 1: null

17-03-2025T05:44:30 - [TEST_STEP][PASSED] - navigateToUrl(findTestData("PlanFact").getValue(10, blockNumber)): Navigate to 'https://bi.rosseti.digital/viewer?dashboardGuid=d154a8eaf6824e2b9de1bb04dd061c18&sheetGuid=1305e8ce744049e1abdacea1ea397a26&fit=true' successfully

17-03-2025T05:44:33 - [MESSAGE][PASSED] - Navigate to 'https://bi.rosseti.digital/viewer?dashboardGuid=d154a8eaf6824e2b9de1bb04dd061c18&sheetGuid=1305e8ce744049e1abdacea1ea397a26&fit=true' successfully

17-03-2025T05:44:33 - [TEST_STEP][PASSED] - urlText = getText(findTestObject("Страница авторизации/Text")): Text of object 'Object Repository/Страница авторизации/Text' is: 'Вход'

17-03-2025T05:44:34 - [MESSAGE][PASSED] - Text of object 'Object Repository/Страница авторизации/Text' is: 'Вход'

17-03-2025T05:44:34 - [TEST_STEP][PASSED] - delay(10): Delayed 10 second(s)

17-03-2025T05:44:44 - [MESSAGE][PASSED] - Delayed 10 second(s)

17-03-2025T05:44:44 - [TEST_STEP][PASSED] - searchWord = "Вход": null

17-03-2025T05:44:44 - [TEST_STEP][PASSED] - if (urlText.contains(searchWord) == false): null

17-03-2025T05:44:44 - [TEST_STEP][PASSED] - setText(findTestObject("Страница авторизации/input__username"), findTestData("PlanFact").getValue(8, 1)): Text 'liazgina-di' is set on object 'Object Repository/Страница авторизации/input__username'

17-03-2025T05:44:45 - [MESSAGE][PASSED] - Text 'liazgina-di' is set on object 'Object Repository/Страница авторизации/input__username'

17-03-2025T05:44:45 - [TEST_STEP][PASSED] - setText(findTestObject("Страница авторизации/input__password"), findTestData("PlanFact").getValue(9, 1)): Text ')$%5srZ8o688Dm#q' is set on object 'Object Repository/Страница авторизации/input__password'

17-03-2025T05:44:46 - [MESSAGE][PASSED] - Text ')$%5srZ8o688Dm#q' is set on object 'Object Repository/Страница авторизации/input__password'

17-03-2025T05:44:46 - [TEST_STEP][PASSED] - click(findTestObject("Страница авторизации/button_")): Object: 'Object Repository/Страница авторизации/button_' is clicked on

17-03-2025T05:44:46 - [MESSAGE][PASSED] - Object: 'Object Repository/Страница авторизации/button_' is clicked on

17-03-2025T05:44:46 - [TEST_STEP][PASSED] - delay(50): Delayed 50 second(s)

17-03-2025T05:45:36 - [MESSAGE][PASSED] - Delayed 50 second(s)

17-03-2025T05:45:36 - [TEST_STEP][PASSED] - searchWord = "ДЗО": null

17-03-2025T05:45:36 - [TEST_STEP][PASSED] - urlText = getText(findTestObject("Страница авторизации/Text")): Text of object 'Object Repository/Страница авторизации/Text' is: 'ДЗО 
ПАО Россети
Период
Январь 2025 года
Отклонения фактического уровня потерь от бизнес-плана, п.п.
-0.01
-0.92
-0.43
-2.42
-0.30
-0.28
-1.44
-2.45
Россети ФСК ЕЭС
Россети Волга
Россети Московский регион
Россети Северо-Запад
Россети Томск
Россети Урал (ГК)
Россети Юг (ГК)
Россети Янтарь
-4
-2
0
2
4
6
8

Уровень потерь электроэнергии
Россети ФСК ЕЭС
Россети Волга
Россети Московский регион
Россети Северо-Запад
Россети Томск
Россети Урал (ГК)
Россети Юг (ГК)
Россети Янтарь
0
10
20
30
40
50
60
70
4.01
|
6.39
|
9.74
|
7.39
|
11.82
|
7.40
|
10.84
|
12.35
|
4.00
5.47
9.32
4.97
11.52
7.12
9.40
9.90
п.п.
2.78
Итого
0
1
2
3
%
5.47 5.47
8.25 8.25
План
Факт
1
100

● Бизнес-план выполнен● ●● Превышение бизнес-плана
Отклонения фактического уровня потерь от бизнес-плана за 3 месяца (нарастающим итогом), п.п.
-0.2-0.2
-8.3-8.3
3.13.1
-0.4-0.4
-0.6-0.6
-0.0-0.0
0.20.2
3.93.9
-0.4-0.4
-8.8-8.8
-0.0-0.0
0.20.2
-0.2-0.2
-0.5-0.5
-0.3-0.3
-0.5-0.5
-0.1-0.1
-0.2-0.2
-8.4-8.4
2.92.9
-0.4-0.4
-0.5-0.5
-0.0-0.0
0.20.2
3.83.8
-0.3-0.3
-7.9-7.9
-0.0-0.0
0.20.2
-0.2-0.2
-0.5-0.5
-0.2-0.2
-0.3-0.3
-0.1-0.1
-0.0-0.0
-0.9-0.9
-0.4-0.4
-2.4-2.4
-0.3-0.3
-0.3-0.3
-1.4-1.4
-2.4-2.4
Россети ФСКЕЭС
АО«Тываэнерго»
АО«Чеченэнерго»
Россети Волга
РоссетиКубань
РоссетиЛенэнерго(ГК)
РоссетиМосковскийрегион
РоссетиСеверныйКавказ (ГК)
Россети Северо-Запад
Россети Сибирь(ГК)
Россети Томск
Россети Тюмень
Россети Урал(ГК)
Россети Центр
Россети Центри Приволжье(ГК)
Россети Юг (Г…
РоссетиЯнтарь
-10
0
10
п.п.
Отклонения фактического уровня потерь от бизнес-плана за 3 месяца (нарастающим итогом)
-0.2-0.2
-1.5-1.5
-0.1-0.1
-0.6-0.6
-95.8-95.8
-0.0-0.0
-0.7-0.7
1.31.3
-0.5-0.5
-0.2-0.2
-90.8-90.8
0.10.1
-0.4-0.4
0.10.1
0.00.0
-0.1-0.1
-0.2-0.2
-0.3-0.3
-0.6-0.6
-0.1-0.1
-0.0-0.0
-1.2-1.2
-89.4-89.4
-0.5-0.5
-90.2-90.2
-0.4-0.4
-1.0-1.0
-0.0-0.0
-0.7-0.7
-80.6-80.6
-1.0-1.0
-0.4-0.4
-0.1-0.1
-0.2-0.2
-0.8-0.8
-1.0-1.0
-0.2-0.2
-0.5-0.5
-1.2-1.2
0.00.0
-7.3-7.3
-0.0-0.0
-0.3-0.3
-1.3-1.3
-0.2-0.2
-0.5-0.5
-43.5-43.5
-1.0-1.0
-0.0-0.0
1.21.2
1.51.5
-0.7-0.7
1.21.2
-0.5-0.5
0.50.5
-0.2-0.2
0.10.1
-40.4-40.4
0.70.7
-0.0-0.0
-0.4-0.4
-0.0-0.0
-0.1-0.1
0.20.2
-0.1-0.1
-0.1-0.1
-0.4-0.4
-0.4-0.4
-0.6-0.6
-1.9-1.9
0.00.0
-0.6-0.6
1.21.2
0.70.7
-0.0-0.0
2.72.7
0.40.4
-1.3-1.3
-44.7-44.7
-0.4-0.4
-37.3-37.3
-0.7-0.7
2.32.3
-0.9-0.9
-0.0-0.0
-0.4-0.4
-39.6-39.6
-0.4-0.4
1.91.9
1.31.3
9.99.9
-0.7-0.7
-0.4-0.4
-0.6-0.6
-0.1-0.1
0.10.1
-1.3-1.3
0.90.9
0.90.9
2.12.1
-0.8-0.8
-0.8-0.8
-0.3-0.3
9.99.9
0.50.5
10.310.3
Итого по ФС…
Каббалкэнерго
Калмэнерго
Калугаэнерго
Карачаево-Черкесскэнерго
Карельский филиал
Кировэнерго
Костромаэнерго
Красноярскэнерго
Кубаньэнерго
Кузбассэнерго-РЭС
Курскэнерго
Ленинградская область
Липецкэнерго
Мариэнерго
Мордовэнерго
Московская область
Мурманский филиал
Нижновэнерго
Новгородский филиал
ООО «БрянскЭлектро»
Омскэнерго
Орелэнерго
Оренбургэнерго
Пензаэнерго
Пермэнерго
Псковский филиал
Россети Тюмень
Россети Янтарь
Ростовэнерго
Рязаньэнерго
Самарские РС
Саратовские РС
Свердловэнерго
Севкавказэнерго
Смоленскэнерго
Ставропольэнерго
Тамбовэнерго
Тверьэнерго
Томская распределительная компания
Тулэнерго
Удмуртэнерго
Ульяновские РС
Хакасэнерго
Челябэнерго
Читаэнерго
Чувашэнерго
Ярэнерго
г. Москва
г. Санкт-Петербург
филиал в Республике Коми
АО "Тываэнерго"
АО «ВМЭС»
АО «Воронежская горэлектросеть»
АО «Тульские городские электрические сети»
АО «Чеченэнерго»
АО «Ярославская электросетевая компания»
АО ЕЭСК
Алтайэнерго
Архангельский филиал
Астраханьэнерго
Белгородэнерго
Брянскэнерго
Бурятэнерго
Владимирэнерго
Волгоградэнерго
Вологодский филиал
Воронежэнерго
Дагэнерго
Ивэнерго
Ингушэнерго
-180
60

Статус данных
Просьба обратить внимание
— все данные не занесены
Факт
План
Итого – Факт
Отпуск в сеть 53 251 393
Отпуск из сети 48 860 625
Потери 4 390 768
Итого – План
Отпуск в сеть 88 391 519
Отпуск из сети 83 558 270
Потери 4 833 249
Выполнение бизнес-плана в части показателя «Уровень потерь электроэнергии»
Показатели баланса электроэнергии по ДЗО – Факт 
57 256 396 3 856 981 9 778 647 3 075 072 476 306 6 843 010 3 467 484 462 838
55 054 236 3 645 880 8 867 734 2 922 288 421 425 6 355 760 3 141 633 417 011
2 202 160 211 102 910 913 152 783 54 881 487 250 325 852 45 827
Показатели баланса электроэнергии по ДЗО – План
58 806 842 4 033 660 10 346 741 3 272 134 504 635 7 177 213 3 760 351 489 942
56 540 011 3 775 836 9 338 688 3 030 349 444 962 6 646 123 3 352 866 429 434
2 266 831 257 824 1 008 053 241 785 59 673 531 090 407 485 60 508'

17-03-2025T05:45:38 - [MESSAGE][PASSED] - Text of object 'Object Repository/Страница авторизации/Text' is: 'ДЗО 
ПАО Россети
Период
Январь 2025 года
Отклонения фактического уровня потерь от бизнес-плана, п.п.
-0.01
-0.92
-0.43
-2.42
-0.30
-0.28
-1.44
-2.45
Россети ФСК ЕЭС
Россети Волга
Россети Московский регион
Россети Северо-Запад
Россети Томск
Россети Урал (ГК)
Россети Юг (ГК)
Россети Янтарь
-4
-2
0
2
4
6
8

Уровень потерь электроэнергии
Россети ФСК ЕЭС
Россети Волга
Россети Московский регион
Россети Северо-Запад
Россети Томск
Россети Урал (ГК)
Россети Юг (ГК)
Россети Янтарь
0
10
20
30
40
50
60
70
4.01
|
6.39
|
9.74
|
7.39
|
11.82
|
7.40
|
10.84
|
12.35
|
4.00
5.47
9.32
4.97
11.52
7.12
9.40
9.90
п.п.
2.78
Итого
0
1
2
3
%
5.47 5.47
8.25 8.25
План
Факт
1
100

● Бизнес-план выполнен● ●● Превышение бизнес-плана
Отклонения фактического уровня потерь от бизнес-плана за 3 месяца (нарастающим итогом), п.п.
-0.2-0.2
-8.3-8.3
3.13.1
-0.4-0.4
-0.6-0.6
-0.0-0.0
0.20.2
3.93.9
-0.4-0.4
-8.8-8.8
-0.0-0.0
0.20.2
-0.2-0.2
-0.5-0.5
-0.3-0.3
-0.5-0.5
-0.1-0.1
-0.2-0.2
-8.4-8.4
2.92.9
-0.4-0.4
-0.5-0.5
-0.0-0.0
0.20.2
3.83.8
-0.3-0.3
-7.9-7.9
-0.0-0.0
0.20.2
-0.2-0.2
-0.5-0.5
-0.2-0.2
-0.3-0.3
-0.1-0.1
-0.0-0.0
-0.9-0.9
-0.4-0.4
-2.4-2.4
-0.3-0.3
-0.3-0.3
-1.4-1.4
-2.4-2.4
Россети ФСКЕЭС
АО«Тываэнерго»
АО«Чеченэнерго»
Россети Волга
РоссетиКубань
РоссетиЛенэнерго(ГК)
РоссетиМосковскийрегион
РоссетиСеверныйКавказ (ГК)
Россети Северо-Запад
Россети Сибирь(ГК)
Россети Томск
Россети Тюмень
Россети Урал(ГК)
Россети Центр
Россети Центри Приволжье(ГК)
Россети Юг (Г…
РоссетиЯнтарь
-10
0
10
п.п.
Отклонения фактического уровня потерь от бизнес-плана за 3 месяца (нарастающим итогом)
-0.2-0.2
-1.5-1.5
-0.1-0.1
-0.6-0.6
-95.8-95.8
-0.0-0.0
-0.7-0.7
1.31.3
-0.5-0.5
-0.2-0.2
-90.8-90.8
0.10.1
-0.4-0.4
0.10.1
0.00.0
-0.1-0.1
-0.2-0.2
-0.3-0.3
-0.6-0.6
-0.1-0.1
-0.0-0.0
-1.2-1.2
-89.4-89.4
-0.5-0.5
-90.2-90.2
-0.4-0.4
-1.0-1.0
-0.0-0.0
-0.7-0.7
-80.6-80.6
-1.0-1.0
-0.4-0.4
-0.1-0.1
-0.2-0.2
-0.8-0.8
-1.0-1.0
-0.2-0.2
-0.5-0.5
-1.2-1.2
0.00.0
-7.3-7.3
-0.0-0.0
-0.3-0.3
-1.3-1.3
-0.2-0.2
-0.5-0.5
-43.5-43.5
-1.0-1.0
-0.0-0.0
1.21.2
1.51.5
-0.7-0.7
1.21.2
-0.5-0.5
0.50.5
-0.2-0.2
0.10.1
-40.4-40.4
0.70.7
-0.0-0.0
-0.4-0.4
-0.0-0.0
-0.1-0.1
0.20.2
-0.1-0.1
-0.1-0.1
-0.4-0.4
-0.4-0.4
-0.6-0.6
-1.9-1.9
0.00.0
-0.6-0.6
1.21.2
0.70.7
-0.0-0.0
2.72.7
0.40.4
-1.3-1.3
-44.7-44.7
-0.4-0.4
-37.3-37.3
-0.7-0.7
2.32.3
-0.9-0.9
-0.0-0.0
-0.4-0.4
-39.6-39.6
-0.4-0.4
1.91.9
1.31.3
9.99.9
-0.7-0.7
-0.4-0.4
-0.6-0.6
-0.1-0.1
0.10.1
-1.3-1.3
0.90.9
0.90.9
2.12.1
-0.8-0.8
-0.8-0.8
-0.3-0.3
9.99.9
0.50.5
10.310.3
Итого по ФС…
Каббалкэнерго
Калмэнерго
Калугаэнерго
Карачаево-Черкесскэнерго
Карельский филиал
Кировэнерго
Костромаэнерго
Красноярскэнерго
Кубаньэнерго
Кузбассэнерго-РЭС
Курскэнерго
Ленинградская область
Липецкэнерго
Мариэнерго
Мордовэнерго
Московская область
Мурманский филиал
Нижновэнерго
Новгородский филиал
ООО «БрянскЭлектро»
Омскэнерго
Орелэнерго
Оренбургэнерго
Пензаэнерго
Пермэнерго
Псковский филиал
Россети Тюмень
Россети Янтарь
Ростовэнерго
Рязаньэнерго
Самарские РС
Саратовские РС
Свердловэнерго
Севкавказэнерго
Смоленскэнерго
Ставропольэнерго
Тамбовэнерго
Тверьэнерго
Томская распределительная компания
Тулэнерго
Удмуртэнерго
Ульяновские РС
Хакасэнерго
Челябэнерго
Читаэнерго
Чувашэнерго
Ярэнерго
г. Москва
г. Санкт-Петербург
филиал в Республике Коми
АО "Тываэнерго"
АО «ВМЭС»
АО «Воронежская горэлектросеть»
АО «Тульские городские электрические сети»
АО «Чеченэнерго»
АО «Ярославская электросетевая компания»
АО ЕЭСК
Алтайэнерго
Архангельский филиал
Астраханьэнерго
Белгородэнерго
Брянскэнерго
Бурятэнерго
Владимирэнерго
Волгоградэнерго
Вологодский филиал
Воронежэнерго
Дагэнерго
Ивэнерго
Ингушэнерго
-180
60

Статус данных
Просьба обратить внимание
— все данные не занесены
Факт
План
Итого – Факт
Отпуск в сеть 53 251 393
Отпуск из сети 48 860 625
Потери 4 390 768
Итого – План
Отпуск в сеть 88 391 519
Отпуск из сети 83 558 270
Потери 4 833 249
Выполнение бизнес-плана в части показателя «Уровень потерь электроэнергии»
Показатели баланса электроэнергии по ДЗО – Факт 
57 256 396 3 856 981 9 778 647 3 075 072 476 306 6 843 010 3 467 484 462 838
55 054 236 3 645 880 8 867 734 2 922 288 421 425 6 355 760 3 141 633 417 011
2 202 160 211 102 910 913 152 783 54 881 487 250 325 852 45 827
Показатели баланса электроэнергии по ДЗО – План
58 806 842 4 033 660 10 346 741 3 272 134 504 635 7 177 213 3 760 351 489 942
56 540 011 3 775 836 9 338 688 3 030 349 444 962 6 646 123 3 352 866 429 434
2 266 831 257 824 1 008 053 241 785 59 673 531 090 407 485 60 508'

17-03-2025T05:45:38 - [TEST_STEP][PASSED] - if (urlText.contains("ошибка") || urlText.contains(searchWord) == false): null

17-03-2025T05:45:38 - [TEST_STEP][PASSED] - Script1719299571342.ZakrytOpoveshenie(): null

17-03-2025T05:45:38 - [TEST_STEP][PASSED] - opoveshenie = getText(findTestObject("Выполнение бизнес-плана/Просьба обратить внимание")): Text of object 'Object Repository/Выполнение бизнес-плана/Просьба обратить внимание' is: 'Просьба обратить внимание'

17-03-2025T05:45:38 - [MESSAGE][PASSED] - Text of object 'Object Repository/Выполнение бизнес-плана/Просьба обратить внимание' is: 'Просьба обратить внимание'

17-03-2025T05:45:38 - [TEST_STEP][PASSED] - if (opoveshenie == "Просьба обратить внимание"): Object: 'Object Repository/Выполнение бизнес-плана/Закрыть оповещение' is clicked on

17-03-2025T05:45:38 - [TEST_STEP][PASSED] - click(findTestObject("Выполнение бизнес-плана/Закрыть оповещение")): Object: 'Object Repository/Выполнение бизнес-плана/Закрыть оповещение' is clicked on

17-03-2025T05:45:39 - [MESSAGE][PASSED] - Object: 'Object Repository/Выполнение бизнес-плана/Закрыть оповещение' is clicked on

17-03-2025T05:45:39 - [TEST_STEP][PASSED] - click(findTestObject(path + "Фильтр Дата")): Object: 'Object Repository/Выполнение бизнес-плана/Фильтр Дата' is clicked on

17-03-2025T05:45:39 - [MESSAGE][PASSED] - Object: 'Object Repository/Выполнение бизнес-плана/Фильтр Дата' is clicked on

17-03-2025T05:45:39 - [TEST_STEP][PASSED] - click(findTestObject(path + "Снять выделение в фильтре Дата")): Object: 'Object Repository/Выполнение бизнес-плана/Снять выделение в фильтре Дата' is clicked on

17-03-2025T05:45:40 - [MESSAGE][PASSED] - Object: 'Object Repository/Выполнение бизнес-плана/Снять выделение в фильтре Дата' is clicked on

17-03-2025T05:45:40 - [TEST_STEP][PASSED] - click(findTestObject(path + "Применить в фильтре Дата")): Object: 'Object Repository/Выполнение бизнес-плана/Применить в фильтре Дата' is clicked on

17-03-2025T05:45:40 - [MESSAGE][PASSED] - Object: 'Object Repository/Выполнение бизнес-плана/Применить в фильтре Дата' is clicked on

17-03-2025T05:45:40 - [TEST_STEP][PASSED] - delay(50): Delayed 50 second(s)

17-03-2025T05:46:30 - [MESSAGE][PASSED] - Delayed 50 second(s)

17-03-2025T05:46:30 - [TEST_STEP][PASSED] - Script1719299571342.ZakrytOpoveshenie(): null

17-03-2025T05:46:30 - [TEST_STEP][PASSED] - opoveshenie = getText(findTestObject("Выполнение бизнес-плана/Просьба обратить внимание")): Text of object 'Object Repository/Выполнение бизнес-плана/Просьба обратить внимание' is: 'Просьба обратить внимание'

17-03-2025T05:46:31 - [MESSAGE][PASSED] - Text of object 'Object Repository/Выполнение бизнес-плана/Просьба обратить внимание' is: 'Просьба обратить внимание'

17-03-2025T05:46:31 - [TEST_STEP][PASSED] - if (opoveshenie == "Просьба обратить внимание"): Object: 'Object Repository/Выполнение бизнес-плана/Закрыть оповещение' is clicked on

17-03-2025T05:46:31 - [TEST_STEP][PASSED] - click(findTestObject("Выполнение бизнес-плана/Закрыть оповещение")): Object: 'Object Repository/Выполнение бизнес-плана/Закрыть оповещение' is clicked on

17-03-2025T05:46:31 - [MESSAGE][PASSED] - Object: 'Object Repository/Выполнение бизнес-плана/Закрыть оповещение' is clicked on

17-03-2025T05:46:31 - [TEST_STEP][PASSED] - click(findTestObject(path + "Фильтр Дата")): Object: 'Object Repository/Выполнение бизнес-плана/Фильтр Дата' is clicked on

17-03-2025T05:46:31 - [MESSAGE][PASSED] - Object: 'Object Repository/Выполнение бизнес-плана/Фильтр Дата' is clicked on

17-03-2025T05:46:31 - [TEST_STEP][PASSED] - scrollToElement(findTestObject(path + "2025 список"), 30): Scroll to object 'Object Repository/Выполнение бизнес-плана/2025 список' successfully

17-03-2025T05:46:32 - [MESSAGE][PASSED] - Scroll to object 'Object Repository/Выполнение бизнес-плана/2025 список' successfully

17-03-2025T05:46:32 - [TEST_STEP][PASSED] - click(findTestObject(path + "2025 список")): Object: 'Object Repository/Выполнение бизнес-плана/2025 список' is clicked on

17-03-2025T05:46:33 - [MESSAGE][PASSED] - Object: 'Object Repository/Выполнение бизнес-плана/2025 список' is clicked on

17-03-2025T05:46:33 - [TEST_STEP][PASSED] - scrollToElement(findTestObject(path + "1 квартал 2025 список"), 30): Scroll to object 'Object Repository/Выполнение бизнес-плана/1 квартал 2025 список' successfully

17-03-2025T05:46:33 - [MESSAGE][PASSED] - Scroll to object 'Object Repository/Выполнение бизнес-плана/1 квартал 2025 список' successfully

17-03-2025T05:46:33 - [TEST_STEP][PASSED] - click(findTestObject(path + "1 квартал 2025 список")): Object: 'Object Repository/Выполнение бизнес-плана/1 квартал 2025 список' is clicked on

17-03-2025T05:46:33 - [MESSAGE][PASSED] - Object: 'Object Repository/Выполнение бизнес-плана/1 квартал 2025 список' is clicked on

17-03-2025T05:46:33 - [TEST_STEP][PASSED] - scrollToElement(findTestObject(path + "Январь 2025"), 30): Scroll to object 'Object Repository/Выполнение бизнес-плана/Январь 2025' successfully

17-03-2025T05:46:34 - [MESSAGE][PASSED] - Scroll to object 'Object Repository/Выполнение бизнес-плана/Январь 2025' successfully

17-03-2025T05:46:34 - [TEST_STEP][PASSED] - click(findTestObject(path + "Январь 2025")): Object: 'Object Repository/Выполнение бизнес-плана/Январь 2025' is clicked on

17-03-2025T05:46:34 - [MESSAGE][PASSED] - Object: 'Object Repository/Выполнение бизнес-плана/Январь 2025' is clicked on

17-03-2025T05:46:34 - [TEST_STEP][PASSED] - scrollToElement(findTestObject(path + "Заголовок дашборда"), 30): Scroll to object 'Object Repository/Выполнение бизнес-плана/Заголовок дашборда' successfully

17-03-2025T05:46:35 - [MESSAGE][PASSED] - Scroll to object 'Object Repository/Выполнение бизнес-плана/Заголовок дашборда' successfully

17-03-2025T05:46:35 - [TEST_STEP][PASSED] - click(findTestObject(path + "Применить в фильтре Дата")): Object: 'Object Repository/Выполнение бизнес-плана/Применить в фильтре Дата' is clicked on

17-03-2025T05:46:35 - [MESSAGE][PASSED] - Object: 'Object Repository/Выполнение бизнес-плана/Применить в фильтре Дата' is clicked on

17-03-2025T05:46:35 - [TEST_STEP][PASSED] - delay(30): Delayed 30 second(s)

17-03-2025T05:47:05 - [MESSAGE][PASSED] - Delayed 30 second(s)

17-03-2025T05:47:05 - [TEST_STEP][PASSED] - Script1719299571342.ZakrytOpoveshenie(): null

17-03-2025T05:47:05 - [TEST_STEP][PASSED] - opoveshenie = getText(findTestObject("Выполнение бизнес-плана/Просьба обратить внимание")): Text of object 'Object Repository/Выполнение бизнес-плана/Просьба обратить внимание' is: 'Просьба обратить внимание'

17-03-2025T05:47:06 - [MESSAGE][PASSED] - Text of object 'Object Repository/Выполнение бизнес-плана/Просьба обратить внимание' is: 'Просьба обратить внимание'

17-03-2025T05:47:06 - [TEST_STEP][PASSED] - if (opoveshenie == "Просьба обратить внимание"): Object: 'Object Repository/Выполнение бизнес-плана/Закрыть оповещение' is clicked on

17-03-2025T05:47:06 - [TEST_STEP][PASSED] - click(findTestObject("Выполнение бизнес-плана/Закрыть оповещение")): Object: 'Object Repository/Выполнение бизнес-плана/Закрыть оповещение' is clicked on

17-03-2025T05:47:06 - [MESSAGE][PASSED] - Object: 'Object Repository/Выполнение бизнес-плана/Закрыть оповещение' is clicked on

17-03-2025T05:47:06 - [TEST_STEP][PASSED] - click(findTestObject(path + "Фильтр ДЗО")): Object: 'Object Repository/Выполнение бизнес-плана/Фильтр ДЗО' is clicked on

17-03-2025T05:47:06 - [MESSAGE][PASSED] - Object: 'Object Repository/Выполнение бизнес-плана/Фильтр ДЗО' is clicked on

17-03-2025T05:47:06 - [TEST_STEP][PASSED] - click(findTestObject(path + "Снять выделение в фильтре ДЗО")): Object: 'Object Repository/Выполнение бизнес-плана/Снять выделение в фильтре ДЗО' is clicked on

17-03-2025T05:47:07 - [MESSAGE][PASSED] - Object: 'Object Repository/Выполнение бизнес-плана/Снять выделение в фильтре ДЗО' is clicked on

17-03-2025T05:47:07 - [TEST_STEP][PASSED] - click(findTestObject(path + "ПАО Россети")): Object: 'Object Repository/Выполнение бизнес-плана/ПАО Россети' is clicked on

17-03-2025T05:47:07 - [MESSAGE][PASSED] - Object: 'Object Repository/Выполнение бизнес-плана/ПАО Россети' is clicked on

17-03-2025T05:47:07 - [TEST_STEP][PASSED] - click(findTestObject(path + "Применить в фильтре ДЗО")): Object: 'Object Repository/Выполнение бизнес-плана/Применить в фильтре ДЗО' is clicked on

17-03-2025T05:47:08 - [MESSAGE][PASSED] - Object: 'Object Repository/Выполнение бизнес-плана/Применить в фильтре ДЗО' is clicked on

17-03-2025T05:47:08 - [TEST_STEP][PASSED] - delay(30): Delayed 30 second(s)

17-03-2025T05:47:38 - [MESSAGE][PASSED] - Delayed 30 second(s)

17-03-2025T05:47:38 - [TEST_STEP][PASSED] - VseDZO = getText(findTestObject(path + "Список ДЗО")): Text of object 'Object Repository/Выполнение бизнес-плана/Список ДЗО' is: '-0.01
-0.92
-0.43
-2.42
-0.30
-0.28
-1.44
-2.45
Россети ФСК ЕЭС
Россети Волга
Россети Московский регион
Россети Северо-Запад
Россети Томск
Россети Урал (ГК)
Россети Юг (ГК)
Россети Янтарь
-4
-2
0
2
4
6
8'

17-03-2025T05:47:39 - [MESSAGE][PASSED] - Text of object 'Object Repository/Выполнение бизнес-плана/Список ДЗО' is: '-0.01
-0.92
-0.43
-2.42
-0.30
-0.28
-1.44
-2.45
Россети ФСК ЕЭС
Россети Волга
Россети Московский регион
Россети Северо-Запад
Россети Томск
Россети Урал (ГК)
Россети Юг (ГК)
Россети Янтарь
-4
-2
0
2
4
6
8'

17-03-2025T05:47:39 - [TEST_STEP][PASSED] - pRR = GetAllPAOData(path, dZONum, VseDZO, z = "ПАО Россети/"): null

17-03-2025T05:47:39 - [TEST_STEP][PASSED] - path2 = "Значения со страницы Выполнение бизнес-плана/Table Data/": null

17-03-2025T05:47:39 - [TEST_STEP][PASSED] - ii = <not implemented yet for class: org.codehaus.groovy.ast.expr.EmptyExpression>: null

17-03-2025T05:47:39 - [TEST_STEP][PASSED] - i1 = <not implemented yet for class: org.codehaus.groovy.ast.expr.EmptyExpression>: null

17-03-2025T05:47:39 - [TEST_STEP][PASSED] - z = <not implemented yet for class: org.codehaus.groovy.ast.expr.EmptyExpression>: null

17-03-2025T05:47:39 - [TEST_STEP][PASSED] - z1 = <not implemented yet for class: org.codehaus.groovy.ast.expr.EmptyExpression>: null

17-03-2025T05:47:39 - [TEST_STEP][PASSED] - println("path: " + path): null

17-03-2025T05:47:39 - [TEST_STEP][PASSED] - z = getText(findTestObject(path + "Итого")).replaceAll("[\r?
|
]", "/"): Text of object 'Object Repository/Выполнение бизнес-плана/Итого' is: '%
5.47 5.47
8.25 8.25
План
Факт
1
100'

17-03-2025T05:47:39 - [MESSAGE][PASSED] - Text of object 'Object Repository/Выполнение бизнес-плана/Итого' is: '%
5.47 5.47
8.25 8.25
План
Факт
1
100'

17-03-2025T05:47:39 - [TEST_STEP][PASSED] - ii = z.indexOf("%") + 2: null

17-03-2025T05:47:39 - [TEST_STEP][PASSED] - if (ii > -1): null

17-03-2025T05:47:39 - [TEST_STEP][PASSED] - z = z.substring(ii, z.length()): null

17-03-2025T05:47:39 - [TEST_STEP][PASSED] - println(z): null

17-03-2025T05:47:39 - [TEST_STEP][PASSED] - ii = z.indexOf("/1/100") - 1: null

17-03-2025T05:47:39 - [TEST_STEP][PASSED] - if (ii > -1): null

17-03-2025T05:47:39 - [TEST_STEP][PASSED] - z = z.substring(0, ii): null

17-03-2025T05:47:39 - [TEST_STEP][PASSED] - println(z): null

17-03-2025T05:47:39 - [TEST_STEP][PASSED] - ii = z.indexOf("План"): null

17-03-2025T05:47:39 - [TEST_STEP][PASSED] - if (ii > -1): null

17-03-2025T05:47:39 - [TEST_STEP][PASSED] - z = z.substring(0, ii): null

17-03-2025T05:47:39 - [TEST_STEP][PASSED] - println(z): null

17-03-2025T05:47:39 - [TEST_STEP][PASSED] - ii = z.indexOf("/") + 1: null

17-03-2025T05:47:39 - [TEST_STEP][PASSED] - z1 = z.substring(0, ii): null

17-03-2025T05:47:39 - [TEST_STEP][PASSED] - println(z1): null

17-03-2025T05:47:39 - [TEST_STEP][PASSED] - z = z.substring(ii, z.length()): null

17-03-2025T05:47:39 - [TEST_STEP][PASSED] - println(z): null

17-03-2025T05:47:39 - [TEST_STEP][PASSED] - ii = z1.length() / 2: null

17-03-2025T05:47:39 - [TEST_STEP][PASSED] - z1 = replaceAll("[\r?
|
]", "/").trim(): null

17-03-2025T05:47:39 - [TEST_STEP][PASSED] - println(z1): null

17-03-2025T05:47:39 - [TEST_STEP][PASSED] - ii = z.length() / 2: null

17-03-2025T05:47:39 - [TEST_STEP][PASSED] - z = replace("/", "").trim(): null

17-03-2025T05:47:39 - [TEST_STEP][PASSED] - println(z): null

17-03-2025T05:47:39 - [TEST_STEP][PASSED] - x = x + z1 + "/" + z: null

17-03-2025T05:47:39 - [TEST_STEP][PASSED] - println(x): null

17-03-2025T05:47:39 - [TEST_STEP][PASSED] - if (verifyElementPresent(findTestObject(path + "Таблица Итого-Факт"), 30)): null

17-03-2025T05:47:39 - [MESSAGE][PASSED] - Object 'Object Repository/Выполнение бизнес-плана/Таблица Итого-Факт' is present

17-03-2025T05:47:39 - [TEST_STEP][PASSED] - z = replaceAll("\s+", "").replaceAll("[а-яА-Я]", ""): Text of object 'Object Repository/Выполнение бизнес-плана/Таблица Итого-Факт' is: 'Отпуск в сеть 53 251 393
Отпуск из сети 48 860 625
Потери 4 390 768'

17-03-2025T05:47:40 - [MESSAGE][PASSED] - Text of object 'Object Repository/Выполнение бизнес-плана/Таблица Итого-Факт' is: 'Отпуск в сеть 53 251 393
Отпуск из сети 48 860 625
Потери 4 390 768'

17-03-2025T05:47:40 - [TEST_STEP][PASSED] - println(z): null

17-03-2025T05:47:40 - [TEST_STEP][PASSED] - x = x + "/" + z: null

17-03-2025T05:47:40 - [TEST_STEP][PASSED] - println(x): null

17-03-2025T05:47:40 - [TEST_STEP][PASSED] - click(findTestObject(path + "Кнопка План")): Object: 'Object Repository/Выполнение бизнес-плана/Кнопка План' is clicked on

17-03-2025T05:47:40 - [MESSAGE][PASSED] - Object: 'Object Repository/Выполнение бизнес-плана/Кнопка План' is clicked on

17-03-2025T05:47:40 - [TEST_STEP][PASSED] - z = replaceAll("\s+", "").replaceAll("[а-яА-Я]", ""): Text of object 'Object Repository/Выполнение бизнес-плана/Таблица Итого-План' is: 'Отпуск в сеть 88 391 519
Отпуск из сети 83 558 270
Потери 4 833 249'

17-03-2025T05:47:40 - [MESSAGE][PASSED] - Text of object 'Object Repository/Выполнение бизнес-плана/Таблица Итого-План' is: 'Отпуск в сеть 88 391 519
Отпуск из сети 83 558 270
Потери 4 833 249'

17-03-2025T05:47:40 - [TEST_STEP][PASSED] - x = x + "/" + z: null

17-03-2025T05:47:40 - [TEST_STEP][PASSED] - println(x): null

17-03-2025T05:47:40 - [TEST_STEP][PASSED] - click(findTestObject(path + "Кнопка Факт")): Object: 'Object Repository/Выполнение бизнес-плана/Кнопка Факт' is clicked on

17-03-2025T05:47:41 - [MESSAGE][PASSED] - Object: 'Object Repository/Выполнение бизнес-плана/Кнопка Факт' is clicked on

17-03-2025T05:47:41 - [TEST_STEP][PASSED] - return x: null

17-03-2025T05:47:41 - [TEST_STEP][PASSED] - println("pRR: " + pRR): null

17-03-2025T05:47:41 - [TEST_STEP][PASSED] - i = VseDZO.indexOf("ЕЭС"): null

17-03-2025T05:47:41 - [TEST_STEP][PASSED] - if (i > -1): null

17-03-2025T05:47:41 - [TEST_STEP][PASSED] - dZONum = dZONum + 1: null

17-03-2025T05:47:41 - [TEST_STEP][PASSED] - fR = GetAllData(path, dZONum, VseDZO, x = "Россети ФСК ЕЭС/"): null

17-03-2025T05:47:41 - [TEST_STEP][PASSED] - ii = <not implemented yet for class: org.codehaus.groovy.ast.expr.EmptyExpression>: null

17-03-2025T05:47:41 - [TEST_STEP][PASSED] - i1 = <not implemented yet for class: org.codehaus.groovy.ast.expr.EmptyExpression>: null

17-03-2025T05:47:41 - [TEST_STEP][PASSED] - z = <not implemented yet for class: org.codehaus.groovy.ast.expr.EmptyExpression>: null

17-03-2025T05:47:41 - [TEST_STEP][PASSED] - path2 = "Значения со страницы Выполнение бизнес-плана/Table Data/": null

17-03-2025T05:47:41 - [TEST_STEP][PASSED] - println("path: " + path): null

17-03-2025T05:47:41 - [TEST_STEP][PASSED] - println("dZONum: " + dZONum): null

17-03-2025T05:47:41 - [TEST_STEP][PASSED] - z = getText(findTestObject(path + "spanPlan" + dZONum)): Text of object 'Object Repository/Выполнение бизнес-плана/spanPlan1' is: '4.01
|'

17-03-2025T05:47:41 - [MESSAGE][PASSED] - Text of object 'Object Repository/Выполнение бизнес-плана/spanPlan1' is: '4.01
|'

17-03-2025T05:47:41 - [TEST_STEP][PASSED] - println(z): null

17-03-2025T05:47:41 - [TEST_STEP][PASSED] - ii = z.indexOf("|"): null

17-03-2025T05:47:41 - [TEST_STEP][PASSED] - if (ii > -1): null

17-03-2025T05:47:41 - [TEST_STEP][PASSED] - z = z.substring(0, z.length() - 1): null

17-03-2025T05:47:41 - [TEST_STEP][PASSED] - println(z): null

17-03-2025T05:47:41 - [TEST_STEP][PASSED] - z = z.replaceAll("\s+", ""): null

17-03-2025T05:47:41 - [TEST_STEP][PASSED] - z = z.replace("[\r?
|
]", "/"): null

17-03-2025T05:47:41 - [TEST_STEP][PASSED] - println(z): null

17-03-2025T05:47:41 - [TEST_STEP][PASSED] - x = x + z: null

17-03-2025T05:47:41 - [TEST_STEP][PASSED] - z = getText(findTestObject(path + "spanFact" + dZONum)): Text of object 'Object Repository/Выполнение бизнес-плана/spanFact1' is: '4.00'

17-03-2025T05:47:41 - [MESSAGE][PASSED] - Text of object 'Object Repository/Выполнение бизнес-плана/spanFact1' is: '4.00'

17-03-2025T05:47:41 - [TEST_STEP][PASSED] - ii = z.indexOf("|"): null

17-03-2025T05:47:41 - [TEST_STEP][PASSED] - if (ii > -1): null

17-03-2025T05:47:41 - [TEST_STEP][PASSED] - x = x + "/" + z: null

17-03-2025T05:47:41 - [TEST_STEP][PASSED] - z = getText(findTestObject(path + path2 + "Факт Отпуск в сеть за отчётный период " + dZONum)).replaceAll("\s+", ""): Text of object 'Object Repository/Выполнение бизнес-плана/Значения со страницы Выполнение бизнес-плана/Table Data/Факт Отпуск в сеть за отчётный период 1' is: '57 256 396'

17-03-2025T05:47:41 - [MESSAGE][PASSED] - Text of object 'Object Repository/Выполнение бизнес-плана/Значения со страницы Выполнение бизнес-плана/Table Data/Факт Отпуск в сеть за отчётный период 1' is: '57 256 396'

17-03-2025T05:47:41 - [TEST_STEP][PASSED] - println("z=" + z): null

17-03-2025T05:47:41 - [TEST_STEP][PASSED] - x = x + "/" + z: null

17-03-2025T05:47:41 - [TEST_STEP][PASSED] - z = getText(findTestObject(path + path2 + "Факт Отпуск из сети за отчётный период " + dZONum)).replaceAll("\s+", ""): Text of object 'Object Repository/Выполнение бизнес-плана/Значения со страницы Выполнение бизнес-плана/Table Data/Факт Отпуск из сети за отчётный период 1' is: '211 102'

17-03-2025T05:47:42 - [MESSAGE][PASSED] - Text of object 'Object Repository/Выполнение бизнес-плана/Значения со страницы Выполнение бизнес-плана/Table Data/Факт Отпуск из сети за отчётный период 1' is: '211 102'

17-03-2025T05:47:42 - [TEST_STEP][PASSED] - x = x + "/" + z: null

17-03-2025T05:47:42 - [TEST_STEP][PASSED] - z = getText(findTestObject(path + path2 + "Факт Потери за отчётный период " + dZONum)).replaceAll("\s+", ""): Text of object 'Object Repository/Выполнение бизнес-плана/Значения со страницы Выполнение бизнес-плана/Table Data/Факт Потери за отчётный период 1' is: '9 338 688'

17-03-2025T05:47:42 - [MESSAGE][PASSED] - Text of object 'Object Repository/Выполнение бизнес-плана/Значения со страницы Выполнение бизнес-плана/Table Data/Факт Потери за отчётный период 1' is: '9 338 688'

17-03-2025T05:47:42 - [TEST_STEP][PASSED] - x = x + "/" + z: null

17-03-2025T05:47:42 - [TEST_STEP][PASSED] - z = getText(findTestObject(path + path2 + "План Отпуск в сеть за отчётный период " + dZONum)).replaceAll("\s+", ""): Text of object 'Object Repository/Выполнение бизнес-плана/Значения со страницы Выполнение бизнес-плана/Table Data/План Отпуск в сеть за отчётный период 1' is: '58 806 842'

17-03-2025T05:47:42 - [MESSAGE][PASSED] - Text of object 'Object Repository/Выполнение бизнес-плана/Значения со страницы Выполнение бизнес-плана/Table Data/План Отпуск в сеть за отчётный период 1' is: '58 806 842'

17-03-2025T05:47:42 - [TEST_STEP][PASSED] - x = x + "/" + z: null

17-03-2025T05:47:42 - [TEST_STEP][PASSED] - z = getText(findTestObject(path + path2 + "План Отпуск из сети за отчётный период " + dZONum)).replaceAll("\s+", ""): Text of object 'Object Repository/Выполнение бизнес-плана/Значения со страницы Выполнение бизнес-плана/Table Data/План Отпуск из сети за отчётный период 1' is: '257 824'

17-03-2025T05:47:43 - [MESSAGE][PASSED] - Text of object 'Object Repository/Выполнение бизнес-плана/Значения со страницы Выполнение бизнес-плана/Table Data/План Отпуск из сети за отчётный период 1' is: '257 824'

17-03-2025T05:47:43 - [TEST_STEP][PASSED] - x = x + "/" + z: null

17-03-2025T05:47:43 - [TEST_STEP][ERROR] - z = getText(findTestObject(path + path2 + "План Потери за отчётный период " + dZONum)).replaceAll("\s+", ""): Test Cases/Сверки дашбордов/Выполнение бизнес-плана сверка дашбордов FAILED.
Reason:
java.lang.NullPointerException: Cannot invoke method replaceAll() on null object
	at Выполнение бизнес-плана сверка дашбордов.GetAllData(Выполнение бизнес-плана сверка дашбордов:985)
	at Выполнение бизнес-плана сверка дашбордов.run(Выполнение бизнес-плана сверка дашбордов:156)
	at com.kms.katalon.core.main.ScriptEngine.run(ScriptEngine.java:194)
	at com.kms.katalon.core.main.ScriptEngine.runScriptAsRawText(ScriptEngine.java:119)
	at com.kms.katalon.core.main.TestCaseExecutor.runScript(TestCaseExecutor.java:448)
	at com.kms.katalon.core.main.TestCaseExecutor.doExecute(TestCaseExecutor.java:439)
	at com.kms.katalon.core.main.TestCaseExecutor.processExecutionPhase(TestCaseExecutor.java:418)
	at com.kms.katalon.core.main.TestCaseExecutor.accessMainPhase(TestCaseExecutor.java:410)
	at com.kms.katalon.core.main.TestCaseExecutor.execute(TestCaseExecutor.java:285)
	at com.kms.katalon.core.common.CommonExecutor.accessTestCaseMainPhase(CommonExecutor.java:65)
	at com.kms.katalon.core.main.TestSuiteExecutor.accessTestSuiteMainPhase(TestSuiteExecutor.java:150)
	at com.kms.katalon.core.main.TestSuiteExecutor.execute(TestSuiteExecutor.java:106)
	at com.kms.katalon.core.main.TestCaseMain.startTestSuite(TestCaseMain.java:180)
	at TempTestSuite1742171011514.run(TempTestSuite1742171011514.groovy:35)
	at java.base/jdk.internal.reflect.NativeMethodAccessorImpl.invoke0(Native Method)
	at java.base/jdk.internal.reflect.NativeMethodAccessorImpl.invoke(NativeMethodAccessorImpl.java:77)
	at java.base/jdk.internal.reflect.DelegatingMethodAccessorImpl.invoke(DelegatingMethodAccessorImpl.java:43)


17-03-2025T05:48:14 - [MESSAGE][INFO] - Unable to find the element located by 'By.xpath: (.//*[normalize-space(text()) and normalize-space(.)='Показатели баланса электроэнергии по ДЗО – План'])[2]/following::td[35]'. Please recheck the objects properties to make sure the desired element is located. 

17-03-2025T05:48:14 - [MESSAGE][FAILED] - Unable to get text of object 'Object Repository/Выполнение бизнес-плана/Значения со страницы Выполнение бизнес-плана/Table Data/План Потери за отчётный период 1' (Root cause: com.kms.katalon.core.exception.StepFailedException: Unable to get text of object 'Object Repository/Выполнение бизнес-плана/Значения со страницы Выполнение бизнес-плана/Table Data/План Потери за отчётный период 1'
	at com.kms.katalon.core.webui.keyword.internal.WebUIKeywordMain.stepFailed(WebUIKeywordMain.groovy:64)
	at com.kms.katalon.core.webui.keyword.internal.WebUIKeywordMain.runKeyword(WebUIKeywordMain.groovy:26)
	at com.kms.katalon.core.webui.keyword.builtin.GetTextKeyword.getText(GetTextKeyword.groovy:88)
	at com.kms.katalon.core.webui.keyword.builtin.GetTextKeyword.execute(GetTextKeyword.groovy:67)
	at com.kms.katalon.core.keyword.internal.KeywordExecutor.executeKeywordForPlatform(KeywordExecutor.groovy:74)
	at com.kms.katalon.core.webui.keyword.WebUiBuiltInKeywords.getText(WebUiBuiltInKeywords.groovy:957)
	at Выполнение бизнес-плана сверка дашбордов.GetAllData(Выполнение бизнес-плана сверка дашбордов:985)
	at Выполнение бизнес-плана сверка дашбордов.run(Выполнение бизнес-плана сверка дашбордов:156)
	at com.kms.katalon.core.main.ScriptEngine.run(ScriptEngine.java:194)
	at com.kms.katalon.core.main.ScriptEngine.runScriptAsRawText(ScriptEngine.java:119)
	at com.kms.katalon.core.main.TestCaseExecutor.runScript(TestCaseExecutor.java:448)
	at com.kms.katalon.core.main.TestCaseExecutor.doExecute(TestCaseExecutor.java:439)
	at com.kms.katalon.core.main.TestCaseExecutor.processExecutionPhase(TestCaseExecutor.java:418)
	at com.kms.katalon.core.main.TestCaseExecutor.accessMainPhase(TestCaseExecutor.java:410)
	at com.kms.katalon.core.main.TestCaseExecutor.execute(TestCaseExecutor.java:285)
	at com.kms.katalon.core.common.CommonExecutor.accessTestCaseMainPhase(CommonExecutor.java:65)
	at com.kms.katalon.core.main.TestSuiteExecutor.accessTestSuiteMainPhase(TestSuiteExecutor.java:150)
	at com.kms.katalon.core.main.TestSuiteExecutor.execute(TestSuiteExecutor.java:106)
	at com.kms.katalon.core.main.TestCaseMain.startTestSuite(TestCaseMain.java:180)
	at TempTestSuite1742171011514.run(TempTestSuite1742171011514.groovy:35)
	at java.base/jdk.internal.reflect.NativeMethodAccessorImpl.invoke0(Native Method)
	at java.base/jdk.internal.reflect.NativeMethodAccessorImpl.invoke(NativeMethodAccessorImpl.java:77)
	at java.base/jdk.internal.reflect.DelegatingMethodAccessorImpl.invoke(DelegatingMethodAccessorImpl.java:43)
Caused by: com.kms.katalon.core.webui.exception.WebElementNotFoundException: Web element with id: 'Object Repository/Выполнение бизнес-плана/Значения со страницы Выполнение бизнес-плана/Table Data/План Потери за отчётный период 1' located by '(.//*[normalize-space(text()) and normalize-space(.)='Показатели баланса электроэнергии по ДЗО – План'])[2]/following::td[35]' not found
	at com.kms.katalon.core.webui.common.WebUiCommonHelper.findWebElement(WebUiCommonHelper.java:1426)
	at com.kms.katalon.core.webui.keyword.internal.WebUIAbstractKeyword.findWebElement(WebUIAbstractKeyword.groovy:27)
	at com.kms.katalon.core.webui.keyword.internal.WebUIAbstractKeyword.findWebElement(WebUIAbstractKeyword.groovy:26)
	at com.kms.katalon.core.webui.keyword.builtin.GetTextKeyword$_getText_closure1.doCall(GetTextKeyword.groovy:78)
	at com.kms.katalon.core.webui.keyword.builtin.GetTextKeyword$_getText_closure1.call(GetTextKeyword.groovy)
	at com.kms.katalon.core.webui.keyword.internal.WebUIKeywordMain.runKeyword(WebUIKeywordMain.groovy:20)
	at com.kms.katalon.core.webui.keyword.builtin.GetTextKeyword.getText(GetTextKeyword.groovy:88)
	at com.kms.katalon.core.webui.keyword.builtin.GetTextKeyword.execute(GetTextKeyword.groovy:67)
	at com.kms.katalon.core.keyword.internal.KeywordExecutor.executeKeywordForPlatform(KeywordExecutor.groovy:74)
	at com.kms.katalon.core.webui.keyword.WebUiBuiltInKeywords.getText(WebUiBuiltInKeywords.groovy:957)
	at Script1719299571342.GetAllData(Script1719299571342.groovy:985)
	at Script1719299571342.run(Script1719299571342.groovy:156)
	... 15 more
)
[[ATTACHMENT|C:\\Users\\LIAZGINA-DI\\git\\SPORU\\Reports\\20250317_032331\\\u041F\u043D-\u0421\u0440-\u041F\u0442\\\u0421\u0432\u0435\u0440\u043A\u0430 \u0434\u0430\u0448\u0431\u043E\u0440\u0434\u043E\u0432 \u0438\u0437 \u0440\u0430\u0437\u043D\u044B\u0445 \u0431\u043B\u043E\u043A\u043E\u0432\\20250317_032331\\1742179694314.png]]

17-03-2025T05:48:14 - [MESSAGE][ERROR] - Test Cases/Сверки дашбордов/Выполнение бизнес-плана сверка дашбордов FAILED.
Reason:
java.lang.NullPointerException: Cannot invoke method replaceAll() on null object
	at Выполнение бизнес-плана сверка дашбордов.GetAllData(Выполнение бизнес-плана сверка дашбордов:985)
	at Выполнение бизнес-плана сверка дашбордов.run(Выполнение бизнес-плана сверка дашбордов:156)
	at com.kms.katalon.core.main.ScriptEngine.run(ScriptEngine.java:194)
	at com.kms.katalon.core.main.ScriptEngine.runScriptAsRawText(ScriptEngine.java:119)
	at com.kms.katalon.core.main.TestCaseExecutor.runScript(TestCaseExecutor.java:448)
	at com.kms.katalon.core.main.TestCaseExecutor.doExecute(TestCaseExecutor.java:439)
	at com.kms.katalon.core.main.TestCaseExecutor.processExecutionPhase(TestCaseExecutor.java:418)
	at com.kms.katalon.core.main.TestCaseExecutor.accessMainPhase(TestCaseExecutor.java:410)
	at com.kms.katalon.core.main.TestCaseExecutor.execute(TestCaseExecutor.java:285)
	at com.kms.katalon.core.common.CommonExecutor.accessTestCaseMainPhase(CommonExecutor.java:65)
	at com.kms.katalon.core.main.TestSuiteExecutor.accessTestSuiteMainPhase(TestSuiteExecutor.java:150)
	at com.kms.katalon.core.main.TestSuiteExecutor.execute(TestSuiteExecutor.java:106)
	at com.kms.katalon.core.main.TestCaseMain.startTestSuite(TestCaseMain.java:180)
	at TempTestSuite1742171011514.run(TempTestSuite1742171011514.groovy:35)
	at java.base/jdk.internal.reflect.NativeMethodAccessorImpl.invoke0(Native Method)
	at java.base/jdk.internal.reflect.NativeMethodAccessorImpl.invoke(NativeMethodAccessorImpl.java:77)
	at java.base/jdk.internal.reflect.DelegatingMethodAccessorImpl.invoke(DelegatingMethodAccessorImpl.java:43)]]></system-out>
         <system-err><![CDATA[17-03-2025T05:44:28 - [TEST_CASE][FAILED] - Test Cases/Сверки дашбордов/Выполнение бизнес-плана сверка дашбордов: Test Cases/Сверки дашбордов/Выполнение бизнес-плана сверка дашбордов FAILED.
Reason:
com.kms.katalon.core.exception.StepFailedException: Unable to get text of object 'Object Repository/Выполнение бизнес-плана/Значения со страницы Выполнение бизнес-плана/Table Data/План Потери за отчётный период 1' (Root cause: com.kms.katalon.core.exception.StepFailedException: Unable to get text of object 'Object Repository/Выполнение бизнес-плана/Значения со страницы Выполнение бизнес-плана/Table Data/План Потери за отчётный период 1'
	at com.kms.katalon.core.webui.keyword.internal.WebUIKeywordMain.stepFailed(WebUIKeywordMain.groovy:64)
	at com.kms.katalon.core.webui.keyword.internal.WebUIKeywordMain.runKeyword(WebUIKeywordMain.groovy:26)
	at com.kms.katalon.core.webui.keyword.builtin.GetTextKeyword.getText(GetTextKeyword.groovy:88)
	at com.kms.katalon.core.webui.keyword.builtin.GetTextKeyword.execute(GetTextKeyword.groovy:67)
	at com.kms.katalon.core.keyword.internal.KeywordExecutor.executeKeywordForPlatform(KeywordExecutor.groovy:74)
	at com.kms.katalon.core.webui.keyword.WebUiBuiltInKeywords.getText(WebUiBuiltInKeywords.groovy:957)
	at Выполнение бизнес-плана сверка дашбордов.GetAllData(Выполнение бизнес-плана сверка дашбордов:985)
	at Выполнение бизнес-плана сверка дашбордов.run(Выполнение бизнес-плана сверка дашбордов:156)
	at com.kms.katalon.core.main.ScriptEngine.run(ScriptEngine.java:194)
	at com.kms.katalon.core.main.ScriptEngine.runScriptAsRawText(ScriptEngine.java:119)
	at com.kms.katalon.core.main.TestCaseExecutor.runScript(TestCaseExecutor.java:448)
	at com.kms.katalon.core.main.TestCaseExecutor.doExecute(TestCaseExecutor.java:439)
	at com.kms.katalon.core.main.TestCaseExecutor.processExecutionPhase(TestCaseExecutor.java:418)
	at com.kms.katalon.core.main.TestCaseExecutor.accessMainPhase(TestCaseExecutor.java:410)
	at com.kms.katalon.core.main.TestCaseExecutor.execute(TestCaseExecutor.java:285)
	at com.kms.katalon.core.common.CommonExecutor.accessTestCaseMainPhase(CommonExecutor.java:65)
	at com.kms.katalon.core.main.TestSuiteExecutor.accessTestSuiteMainPhase(TestSuiteExecutor.java:150)
	at com.kms.katalon.core.main.TestSuiteExecutor.execute(TestSuiteExecutor.java:106)
	at com.kms.katalon.core.main.TestCaseMain.startTestSuite(TestCaseMain.java:180)
	at TempTestSuite1742171011514.run(TempTestSuite1742171011514.groovy:35)
	at java.base/jdk.internal.reflect.NativeMethodAccessorImpl.invoke0(Native Method)
	at java.base/jdk.internal.reflect.NativeMethodAccessorImpl.invoke(NativeMethodAccessorImpl.java:77)
	at java.base/jdk.internal.reflect.DelegatingMethodAccessorImpl.invoke(DelegatingMethodAccessorImpl.java:43)
Caused by: com.kms.katalon.core.webui.exception.WebElementNotFoundException: Web element with id: 'Object Repository/Выполнение бизнес-плана/Значения со страницы Выполнение бизнес-плана/Table Data/План Потери за отчётный период 1' located by '(.//*[normalize-space(text()) and normalize-space(.)='Показатели баланса электроэнергии по ДЗО – План'])[2]/following::td[35]' not found
	at com.kms.katalon.core.webui.common.WebUiCommonHelper.findWebElement(WebUiCommonHelper.java:1426)
	at com.kms.katalon.core.webui.keyword.internal.WebUIAbstractKeyword.findWebElement(WebUIAbstractKeyword.groovy:27)
	at com.kms.katalon.core.webui.keyword.internal.WebUIAbstractKeyword.findWebElement(WebUIAbstractKeyword.groovy:26)
	at com.kms.katalon.core.webui.keyword.builtin.GetTextKeyword$_getText_closure1.doCall(GetTextKeyword.groovy:78)
	at com.kms.katalon.core.webui.keyword.builtin.GetTextKeyword$_getText_closure1.call(GetTextKeyword.groovy)
	at com.kms.katalon.core.webui.keyword.internal.WebUIKeywordMain.runKeyword(WebUIKeywordMain.groovy:20)
	at com.kms.katalon.core.webui.keyword.builtin.GetTextKeyword.getText(GetTextKeyword.groovy:88)
	at com.kms.katalon.core.webui.keyword.builtin.GetTextKeyword.execute(GetTextKeyword.groovy:67)
	at com.kms.katalon.core.keyword.internal.KeywordExecutor.executeKeywordForPlatform(KeywordExecutor.groovy:74)
	at com.kms.katalon.core.webui.keyword.WebUiBuiltInKeywords.getText(WebUiBuiltInKeywords.groovy:957)
	at Script1719299571342.GetAllData(Script1719299571342.groovy:985)
	at Script1719299571342.run(Script1719299571342.groovy:156)
	... 15 more
)
	at com.kms.katalon.core.keyword.internal.KeywordMain.stepFailed(KeywordMain.groovy:39)
	at com.kms.katalon.core.webui.keyword.internal.WebUIKeywordMain.stepFailed(WebUIKeywordMain.groovy:64)
	at com.kms.katalon.core.webui.keyword.internal.WebUIKeywordMain.runKeyword(WebUIKeywordMain.groovy:26)
	at com.kms.katalon.core.webui.keyword.builtin.GetTextKeyword.getText(GetTextKeyword.groovy:88)
	at com.kms.katalon.core.webui.keyword.builtin.GetTextKeyword.execute(GetTextKeyword.groovy:67)
	at com.kms.katalon.core.keyword.internal.KeywordExecutor.executeKeywordForPlatform(KeywordExecutor.groovy:74)
	at com.kms.katalon.core.webui.keyword.WebUiBuiltInKeywords.getText(WebUiBuiltInKeywords.groovy:957)
	at Выполнение бизнес-плана сверка дашбордов.GetAllData(Выполнение бизнес-плана сверка дашбордов:985)
	at Выполнение бизнес-плана сверка дашбордов.run(Выполнение бизнес-плана сверка дашбордов:156)
	at com.kms.katalon.core.main.ScriptEngine.run(ScriptEngine.java:194)
	at com.kms.katalon.core.main.ScriptEngine.runScriptAsRawText(ScriptEngine.java:119)
	at com.kms.katalon.core.main.TestCaseExecutor.runScript(TestCaseExecutor.java:448)
	at com.kms.katalon.core.main.TestCaseExecutor.doExecute(TestCaseExecutor.java:439)
	at com.kms.katalon.core.main.TestCaseExecutor.processExecutionPhase(TestCaseExecutor.java:418)
	at com.kms.katalon.core.main.TestCaseExecutor.accessMainPhase(TestCaseExecutor.java:410)
	at com.kms.katalon.core.main.TestCaseExecutor.execute(TestCaseExecutor.java:285)
	at com.kms.katalon.core.common.CommonExecutor.accessTestCaseMainPhase(CommonExecutor.java:65)
	at com.kms.katalon.core.main.TestSuiteExecutor.accessTestSuiteMainPhase(TestSuiteExecutor.java:150)
	at com.kms.katalon.core.main.TestSuiteExecutor.execute(TestSuiteExecutor.java:106)
	at com.kms.katalon.core.main.TestCaseMain.startTestSuite(TestCaseMain.java:180)
	at TempTestSuite1742171011514.run(TempTestSuite1742171011514.groovy:35)
	at java.base/jdk.internal.reflect.NativeMethodAccessorImpl.invoke0(Native Method)
	at java.base/jdk.internal.reflect.NativeMethodAccessorImpl.invoke(NativeMethodAccessorImpl.java:77)
	at java.base/jdk.internal.reflect.DelegatingMethodAccessorImpl.invoke(DelegatingMethodAccessorImpl.java:43)
Caused by: com.kms.katalon.core.exception.StepFailedException: Unable to get text of object 'Object Repository/Выполнение бизнес-плана/Значения со страницы Выполнение бизнес-плана/Table Data/План Потери за отчётный период 1'
	... 23 more
Caused by: com.kms.katalon.core.webui.exception.WebElementNotFoundException: Web element with id: 'Object Repository/Выполнение бизнес-плана/Значения со страницы Выполнение бизнес-плана/Table Data/План Потери за отчётный период 1' located by '(.//*[normalize-space(text()) and normalize-space(.)='Показатели баланса электроэнергии по ДЗО – План'])[2]/following::td[35]' not found
	at com.kms.katalon.core.webui.common.WebUiCommonHelper.findWebElement(WebUiCommonHelper.java:1426)
	at com.kms.katalon.core.webui.keyword.internal.WebUIAbstractKeyword.findWebElement(WebUIAbstractKeyword.groovy:27)
	at com.kms.katalon.core.webui.keyword.internal.WebUIAbstractKeyword.findWebElement(WebUIAbstractKeyword.groovy:26)
	at com.kms.katalon.core.webui.keyword.builtin.GetTextKeyword$_getText_closure1.doCall(GetTextKeyword.groovy:78)
	at com.kms.katalon.core.webui.keyword.builtin.GetTextKeyword$_getText_closure1.call(GetTextKeyword.groovy)
	at com.kms.katalon.core.webui.keyword.internal.WebUIKeywordMain.runKeyword(WebUIKeywordMain.groovy:20)
	... 21 more]]></system-err>
      </testcase>
      <testcase name="Test Cases/Сверки дашбордов/Выручка в рублях сверка дашбордов ПАО Россети" time="2054.333" classname="Test Cases/Сверки дашбордов/Выручка в рублях сверка дашбордов ПАО Россети" status="FAILED">
         <failure type="FAILED" message="Test Cases/Сверки дашбордов/Выручка в рублях сверка дашбордов ПАО Россети FAILED.&#xa;Reason:&#xa;com.kms.katalon.core.exception.StepFailedException: Unable to get text of object 'Object Repository/Выручка в рублях/span15' (Root cause: com.kms.katalon.core.exception.StepFailedException: Unable to get text of object 'Object Repository/Выручка в рублях/span15'&#xa;	at com.kms.katalon.core.webui.keyword.internal.WebUIKeywordMain.stepFailed(WebUIKeywordMain.groovy:64)&#xa;	at com.kms.katalon.core.webui.keyword.internal.WebUIKeywordMain.runKeyword(WebUIKeywordMain.groovy:26)&#xa;	at com.kms.katalon.core.webui.keyword.builtin.GetTextKeyword.getText(GetTextKeyword.groovy:88)&#xa;	at com.kms.katalon.core.webui.keyword.builtin.GetTextKeyword.execute(GetTextKeyword.groovy:67)&#xa;	at com.kms.katalon.core.keyword.internal.KeywordExecutor.executeKeywordForPlatform(KeywordExecutor.groovy:74)&#xa;	at com.kms.katalon.core.webui.keyword.WebUiBuiltInKeywords.getText(WebUiBuiltInKeywords.groovy:957)&#xa;	at Выручка в рублях сверка дашбордов ПАО Россети.Blocks(Выручка в рублях сверка дашбордов ПАО Россети:194)&#xa;	at Выручка в рублях сверка дашбордов ПАО Россети.ViruchkaChange(Выручка в рублях сверка дашбордов ПАО Россети:60)&#xa;	at Выручка в рублях сверка дашбордов ПАО Россети.run(Выручка в рублях сверка дашбордов ПАО Россети:55)&#xa;	at com.kms.katalon.core.main.ScriptEngine.run(ScriptEngine.java:194)&#xa;	at com.kms.katalon.core.main.ScriptEngine.runScriptAsRawText(ScriptEngine.java:119)&#xa;	at com.kms.katalon.core.main.TestCaseExecutor.runScript(TestCaseExecutor.java:448)&#xa;	at com.kms.katalon.core.main.TestCaseExecutor.doExecute(TestCaseExecutor.java:439)&#xa;	at com.kms.katalon.core.main.TestCaseExecutor.processExecutionPhase(TestCaseExecutor.java:418)&#xa;	at com.kms.katalon.core.main.TestCaseExecutor.accessMainPhase(TestCaseExecutor.java:410)&#xa;	at com.kms.katalon.core.main.TestCaseExecutor.execute(TestCaseExecutor.java:285)&#xa;	at com.kms.katalon.core.common.CommonExecutor.accessTestCaseMainPhase(CommonExecutor.java:65)&#xa;	at com.kms.katalon.core.main.TestSuiteExecutor.accessTestSuiteMainPhase(TestSuiteExecutor.java:150)&#xa;	at com.kms.katalon.core.main.TestSuiteExecutor.execute(TestSuiteExecutor.java:106)&#xa;	at com.kms.katalon.core.main.TestCaseMain.startTestSuite(TestCaseMain.java:180)&#xa;	at TempTestSuite1742171011514.run(TempTestSuite1742171011514.groovy:35)&#xa;	at java.base/jdk.internal.reflect.NativeMethodAccessorImpl.invoke0(Native Method)&#xa;	at java.base/jdk.internal.reflect.NativeMethodAccessorImpl.invoke(NativeMethodAccessorImpl.java:77)&#xa;	at java.base/jdk.internal.reflect.DelegatingMethodAccessorImpl.invoke(DelegatingMethodAccessorImpl.java:43)&#xa;Caused by: com.kms.katalon.core.webui.exception.WebElementNotFoundException: Web element with id: 'Object Repository/Выручка в рублях/span15' located by '//div[27]/div[2]/div/div/div/div[14]/span' not found&#xa;	at com.kms.katalon.core.webui.common.WebUiCommonHelper.findWebElement(WebUiCommonHelper.java:1426)&#xa;	at com.kms.katalon.core.webui.keyword.internal.WebUIAbstractKeyword.findWebElement(WebUIAbstractKeyword.groovy:27)&#xa;	at com.kms.katalon.core.webui.keyword.internal.WebUIAbstractKeyword.findWebElement(WebUIAbstractKeyword.groovy:26)&#xa;	at com.kms.katalon.core.webui.keyword.builtin.GetTextKeyword$_getText_closure1.doCall(GetTextKeyword.groovy:78)&#xa;	at com.kms.katalon.core.webui.keyword.builtin.GetTextKeyword$_getText_closure1.call(GetTextKeyword.groovy)&#xa;	at com.kms.katalon.core.webui.keyword.internal.WebUIKeywordMain.runKeyword(WebUIKeywordMain.groovy:20)&#xa;	at com.kms.katalon.core.webui.keyword.builtin.GetTextKeyword.getText(GetTextKeyword.groovy:88)&#xa;	at com.kms.katalon.core.webui.keyword.builtin.GetTextKeyword.execute(GetTextKeyword.groovy:67)&#xa;	at com.kms.katalon.core.keyword.internal.KeywordExecutor.executeKeywordForPlatform(KeywordExecutor.groovy:74)&#xa;	at com.kms.katalon.core.webui.keyword.WebUiBuiltInKeywords.getText(WebUiBuiltInKeywords.groovy:957)&#xa;	at Script1710234207206.Blocks(Script1710234207206.groovy:194)&#xa;	at Script1710234207206.ViruchkaChange(Script1710234207206.groovy:60)&#xa;	at Script1710234207206.run(Script1710234207206.groovy:55)&#xa;	... 15 more&#xa;)&#xa;	at com.kms.katalon.core.keyword.internal.KeywordMain.stepFailed(KeywordMain.groovy:39)&#xa;	at com.kms.katalon.core.webui.keyword.internal.WebUIKeywordMain.stepFailed(WebUIKeywordMain.groovy:64)&#xa;	at com.kms.katalon.core.webui.keyword.internal.WebUIKeywordMain.runKeyword(WebUIKeywordMain.groovy:26)&#xa;	at com.kms.katalon.core.webui.keyword.builtin.GetTextKeyword.getText(GetTextKeyword.groovy:88)&#xa;	at com.kms.katalon.core.webui.keyword.builtin.GetTextKeyword.execute(GetTextKeyword.groovy:67)&#xa;	at com.kms.katalon.core.keyword.internal.KeywordExecutor.executeKeywordForPlatform(KeywordExecutor.groovy:74)&#xa;	at com.kms.katalon.core.webui.keyword.WebUiBuiltInKeywords.getText(WebUiBuiltInKeywords.groovy:957)&#xa;	at Выручка в рублях сверка дашбордов ПАО Россети.Blocks(Выручка в рублях сверка дашбордов ПАО Россети:194)&#xa;	at Выручка в рублях сверка дашбордов ПАО Россети.ViruchkaChange(Выручка в рублях сверка дашбордов ПАО Россети:60)&#xa;	at Выручка в рублях сверка дашбордов ПАО Россети.run(Выручка в рублях сверка дашбордов ПАО Россети:55)&#xa;	at com.kms.katalon.core.main.ScriptEngine.run(ScriptEngine.java:194)&#xa;	at com.kms.katalon.core.main.ScriptEngine.runScriptAsRawText(ScriptEngine.java:119)&#xa;	at com.kms.katalon.core.main.TestCaseExecutor.runScript(TestCaseExecutor.java:448)&#xa;	at com.kms.katalon.core.main.TestCaseExecutor.doExecute(TestCaseExecutor.java:439)&#xa;	at com.kms.katalon.core.main.TestCaseExecutor.processExecutionPhase(TestCaseExecutor.java:418)&#xa;	at com.kms.katalon.core.main.TestCaseExecutor.accessMainPhase(TestCaseExecutor.java:410)&#xa;	at com.kms.katalon.core.main.TestCaseExecutor.execute(TestCaseExecutor.java:285)&#xa;	at com.kms.katalon.core.common.CommonExecutor.accessTestCaseMainPhase(CommonExecutor.java:65)&#xa;	at com.kms.katalon.core.main.TestSuiteExecutor.accessTestSuiteMainPhase(TestSuiteExecutor.java:150)&#xa;	at com.kms.katalon.core.main.TestSuiteExecutor.execute(TestSuiteExecutor.java:106)&#xa;	at com.kms.katalon.core.main.TestCaseMain.startTestSuite(TestCaseMain.java:180)&#xa;	at TempTestSuite1742171011514.run(TempTestSuite1742171011514.groovy:35)&#xa;	at java.base/jdk.internal.reflect.NativeMethodAccessorImpl.invoke0(Native Method)&#xa;	at java.base/jdk.internal.reflect.NativeMethodAccessorImpl.invoke(NativeMethodAccessorImpl.java:77)&#xa;	at java.base/jdk.internal.reflect.DelegatingMethodAccessorImpl.invoke(DelegatingMethodAccessorImpl.java:43)&#xa;Caused by: com.kms.katalon.core.exception.StepFailedException: Unable to get text of object 'Object Repository/Выручка в рублях/span15'&#xa;	... 24 more&#xa;Caused by: com.kms.katalon.core.webui.exception.WebElementNotFoundException: Web element with id: 'Object Repository/Выручка в рублях/span15' located by '//div[27]/div[2]/div/div/div/div[14]/span' not found&#xa;	at com.kms.katalon.core.webui.common.WebUiCommonHelper.findWebElement(WebUiCommonHelper.java:1426)&#xa;	at com.kms.katalon.core.webui.keyword.internal.WebUIAbstractKeyword.findWebElement(WebUIAbstractKeyword.groovy:27)&#xa;	at com.kms.katalon.core.webui.keyword.internal.WebUIAbstractKeyword.findWebElement(WebUIAbstractKeyword.groovy:26)&#xa;	at com.kms.katalon.core.webui.keyword.builtin.GetTextKeyword$_getText_closure1.doCall(GetTextKeyword.groovy:78)&#xa;	at com.kms.katalon.core.webui.keyword.builtin.GetTextKeyword$_getText_closure1.call(GetTextKeyword.groovy)&#xa;	at com.kms.katalon.core.webui.keyword.internal.WebUIKeywordMain.runKeyword(WebUIKeywordMain.groovy:20)&#xa;	... 22 more&#xa;"/>
         <system-out><![CDATA[17-03-2025T05:48:14 - [TEST_CASE][FAILED] - Test Cases/Сверки дашбордов/Выручка в рублях сверка дашбордов ПАО Россети: Test Cases/Сверки дашбордов/Выручка в рублях сверка дашбордов ПАО Россети FAILED.
Reason:
com.kms.katalon.core.exception.StepFailedException: Unable to get text of object 'Object Repository/Выручка в рублях/span15' (Root cause: com.kms.katalon.core.exception.StepFailedException: Unable to get text of object 'Object Repository/Выручка в рублях/span15'
	at com.kms.katalon.core.webui.keyword.internal.WebUIKeywordMain.stepFailed(WebUIKeywordMain.groovy:64)
	at com.kms.katalon.core.webui.keyword.internal.WebUIKeywordMain.runKeyword(WebUIKeywordMain.groovy:26)
	at com.kms.katalon.core.webui.keyword.builtin.GetTextKeyword.getText(GetTextKeyword.groovy:88)
	at com.kms.katalon.core.webui.keyword.builtin.GetTextKeyword.execute(GetTextKeyword.groovy:67)
	at com.kms.katalon.core.keyword.internal.KeywordExecutor.executeKeywordForPlatform(KeywordExecutor.groovy:74)
	at com.kms.katalon.core.webui.keyword.WebUiBuiltInKeywords.getText(WebUiBuiltInKeywords.groovy:957)
	at Выручка в рублях сверка дашбордов ПАО Россети.Blocks(Выручка в рублях сверка дашбордов ПАО Россети:194)
	at Выручка в рублях сверка дашбордов ПАО Россети.ViruchkaChange(Выручка в рублях сверка дашбордов ПАО Россети:60)
	at Выручка в рублях сверка дашбордов ПАО Россети.run(Выручка в рублях сверка дашбордов ПАО Россети:55)
	at com.kms.katalon.core.main.ScriptEngine.run(ScriptEngine.java:194)
	at com.kms.katalon.core.main.ScriptEngine.runScriptAsRawText(ScriptEngine.java:119)
	at com.kms.katalon.core.main.TestCaseExecutor.runScript(TestCaseExecutor.java:448)
	at com.kms.katalon.core.main.TestCaseExecutor.doExecute(TestCaseExecutor.java:439)
	at com.kms.katalon.core.main.TestCaseExecutor.processExecutionPhase(TestCaseExecutor.java:418)
	at com.kms.katalon.core.main.TestCaseExecutor.accessMainPhase(TestCaseExecutor.java:410)
	at com.kms.katalon.core.main.TestCaseExecutor.execute(TestCaseExecutor.java:285)
	at com.kms.katalon.core.common.CommonExecutor.accessTestCaseMainPhase(CommonExecutor.java:65)
	at com.kms.katalon.core.main.TestSuiteExecutor.accessTestSuiteMainPhase(TestSuiteExecutor.java:150)
	at com.kms.katalon.core.main.TestSuiteExecutor.execute(TestSuiteExecutor.java:106)
	at com.kms.katalon.core.main.TestCaseMain.startTestSuite(TestCaseMain.java:180)
	at TempTestSuite1742171011514.run(TempTestSuite1742171011514.groovy:35)
	at java.base/jdk.internal.reflect.NativeMethodAccessorImpl.invoke0(Native Method)
	at java.base/jdk.internal.reflect.NativeMethodAccessorImpl.invoke(NativeMethodAccessorImpl.java:77)
	at java.base/jdk.internal.reflect.DelegatingMethodAccessorImpl.invoke(DelegatingMethodAccessorImpl.java:43)
Caused by: com.kms.katalon.core.webui.exception.WebElementNotFoundException: Web element with id: 'Object Repository/Выручка в рублях/span15' located by '//div[27]/div[2]/div/div/div/div[14]/span' not found
	at com.kms.katalon.core.webui.common.WebUiCommonHelper.findWebElement(WebUiCommonHelper.java:1426)
	at com.kms.katalon.core.webui.keyword.internal.WebUIAbstractKeyword.findWebElement(WebUIAbstractKeyword.groovy:27)
	at com.kms.katalon.core.webui.keyword.internal.WebUIAbstractKeyword.findWebElement(WebUIAbstractKeyword.groovy:26)
	at com.kms.katalon.core.webui.keyword.builtin.GetTextKeyword$_getText_closure1.doCall(GetTextKeyword.groovy:78)
	at com.kms.katalon.core.webui.keyword.builtin.GetTextKeyword$_getText_closure1.call(GetTextKeyword.groovy)
	at com.kms.katalon.core.webui.keyword.internal.WebUIKeywordMain.runKeyword(WebUIKeywordMain.groovy:20)
	at com.kms.katalon.core.webui.keyword.builtin.GetTextKeyword.getText(GetTextKeyword.groovy:88)
	at com.kms.katalon.core.webui.keyword.builtin.GetTextKeyword.execute(GetTextKeyword.groovy:67)
	at com.kms.katalon.core.keyword.internal.KeywordExecutor.executeKeywordForPlatform(KeywordExecutor.groovy:74)
	at com.kms.katalon.core.webui.keyword.WebUiBuiltInKeywords.getText(WebUiBuiltInKeywords.groovy:957)
	at Script1710234207206.Blocks(Script1710234207206.groovy:194)
	at Script1710234207206.ViruchkaChange(Script1710234207206.groovy:60)
	at Script1710234207206.run(Script1710234207206.groovy:55)
	... 15 more
)
	at com.kms.katalon.core.keyword.internal.KeywordMain.stepFailed(KeywordMain.groovy:39)
	at com.kms.katalon.core.webui.keyword.internal.WebUIKeywordMain.stepFailed(WebUIKeywordMain.groovy:64)
	at com.kms.katalon.core.webui.keyword.internal.WebUIKeywordMain.runKeyword(WebUIKeywordMain.groovy:26)
	at com.kms.katalon.core.webui.keyword.builtin.GetTextKeyword.getText(GetTextKeyword.groovy:88)
	at com.kms.katalon.core.webui.keyword.builtin.GetTextKeyword.execute(GetTextKeyword.groovy:67)
	at com.kms.katalon.core.keyword.internal.KeywordExecutor.executeKeywordForPlatform(KeywordExecutor.groovy:74)
	at com.kms.katalon.core.webui.keyword.WebUiBuiltInKeywords.getText(WebUiBuiltInKeywords.groovy:957)
	at Выручка в рублях сверка дашбордов ПАО Россети.Blocks(Выручка в рублях сверка дашбордов ПАО Россети:194)
	at Выручка в рублях сверка дашбордов ПАО Россети.ViruchkaChange(Выручка в рублях сверка дашбордов ПАО Россети:60)
	at Выручка в рублях сверка дашбордов ПАО Россети.run(Выручка в рублях сверка дашбордов ПАО Россети:55)
	at com.kms.katalon.core.main.ScriptEngine.run(ScriptEngine.java:194)
	at com.kms.katalon.core.main.ScriptEngine.runScriptAsRawText(ScriptEngine.java:119)
	at com.kms.katalon.core.main.TestCaseExecutor.runScript(TestCaseExecutor.java:448)
	at com.kms.katalon.core.main.TestCaseExecutor.doExecute(TestCaseExecutor.java:439)
	at com.kms.katalon.core.main.TestCaseExecutor.processExecutionPhase(TestCaseExecutor.java:418)
	at com.kms.katalon.core.main.TestCaseExecutor.accessMainPhase(TestCaseExecutor.java:410)
	at com.kms.katalon.core.main.TestCaseExecutor.execute(TestCaseExecutor.java:285)
	at com.kms.katalon.core.common.CommonExecutor.accessTestCaseMainPhase(CommonExecutor.java:65)
	at com.kms.katalon.core.main.TestSuiteExecutor.accessTestSuiteMainPhase(TestSuiteExecutor.java:150)
	at com.kms.katalon.core.main.TestSuiteExecutor.execute(TestSuiteExecutor.java:106)
	at com.kms.katalon.core.main.TestCaseMain.startTestSuite(TestCaseMain.java:180)
	at TempTestSuite1742171011514.run(TempTestSuite1742171011514.groovy:35)
	at java.base/jdk.internal.reflect.NativeMethodAccessorImpl.invoke0(Native Method)
	at java.base/jdk.internal.reflect.NativeMethodAccessorImpl.invoke(NativeMethodAccessorImpl.java:77)
	at java.base/jdk.internal.reflect.DelegatingMethodAccessorImpl.invoke(DelegatingMethodAccessorImpl.java:43)
Caused by: com.kms.katalon.core.exception.StepFailedException: Unable to get text of object 'Object Repository/Выручка в рублях/span15'
	... 24 more
Caused by: com.kms.katalon.core.webui.exception.WebElementNotFoundException: Web element with id: 'Object Repository/Выручка в рублях/span15' located by '//div[27]/div[2]/div/div/div/div[14]/span' not found
	at com.kms.katalon.core.webui.common.WebUiCommonHelper.findWebElement(WebUiCommonHelper.java:1426)
	at com.kms.katalon.core.webui.keyword.internal.WebUIAbstractKeyword.findWebElement(WebUIAbstractKeyword.groovy:27)
	at com.kms.katalon.core.webui.keyword.internal.WebUIAbstractKeyword.findWebElement(WebUIAbstractKeyword.groovy:26)
	at com.kms.katalon.core.webui.keyword.builtin.GetTextKeyword$_getText_closure1.doCall(GetTextKeyword.groovy:78)
	at com.kms.katalon.core.webui.keyword.builtin.GetTextKeyword$_getText_closure1.call(GetTextKeyword.groovy)
	at com.kms.katalon.core.webui.keyword.internal.WebUIKeywordMain.runKeyword(WebUIKeywordMain.groovy:20)
	... 22 more


17-03-2025T05:48:14 - [TEST_STEP][PASSED] - date = new java.util.Date(): null

17-03-2025T05:48:14 - [TEST_STEP][PASSED] - todaysDate = date.format("dd.MM.yyyy"): null

17-03-2025T05:48:14 - [TEST_STEP][PASSED] - println(todaysDate): null

17-03-2025T05:48:14 - [TEST_STEP][PASSED] - run = 1: null

17-03-2025T05:48:14 - [TEST_STEP][PASSED] - vir = 1: null

17-03-2025T05:48:14 - [TEST_STEP][PASSED] - block = 1: null

17-03-2025T05:48:14 - [TEST_STEP][PASSED] - vidget = <not implemented yet for class: org.codehaus.groovy.ast.expr.EmptyExpression>: null

17-03-2025T05:48:14 - [TEST_STEP][PASSED] - nameOfBlock = <not implemented yet for class: org.codehaus.groovy.ast.expr.EmptyExpression>: null

17-03-2025T05:48:14 - [TEST_STEP][PASSED] - typeOfData = <not implemented yet for class: org.codehaus.groovy.ast.expr.EmptyExpression>: null

17-03-2025T05:48:14 - [TEST_STEP][PASSED] - viruchka = <not implemented yet for class: org.codehaus.groovy.ast.expr.EmptyExpression>: null

17-03-2025T05:48:14 - [TEST_STEP][PASSED] - a = <not implemented yet for class: org.codehaus.groovy.ast.expr.EmptyExpression>: null

17-03-2025T05:48:14 - [TEST_STEP][PASSED] - b = <not implemented yet for class: org.codehaus.groovy.ast.expr.EmptyExpression>: null

17-03-2025T05:48:14 - [TEST_STEP][PASSED] - x = <not implemented yet for class: org.codehaus.groovy.ast.expr.EmptyExpression>: null

17-03-2025T05:48:14 - [TEST_STEP][PASSED] - y = <not implemented yet for class: org.codehaus.groovy.ast.expr.EmptyExpression>: null

17-03-2025T05:48:14 - [TEST_STEP][PASSED] - dZO = "ПАО Россети": null

17-03-2025T05:48:14 - [TEST_STEP][PASSED] - for ([run = 1, run < 3, (run++)]): null

17-03-2025T05:48:14 - [TEST_STEP][PASSED] - Script1710234207206.ViruchkaChange(run, vir, block, nameOfBlock, typeOfData, viruchka, vidget, todaysDate, a, b, dZO, x, y): null

17-03-2025T05:48:14 - [TEST_STEP][PASSED] - for ([vir = 1, vir < 4, (vir++)]): null

17-03-2025T05:48:14 - [TEST_STEP][PASSED] - Script1710234207206.Blocks(run, vir, block, nameOfBlock, typeOfData, viruchka, vidget, todaysDate, a, b, dZO, x, y): null

17-03-2025T05:48:14 - [TEST_STEP][PASSED] - i = <not implemented yet for class: org.codehaus.groovy.ast.expr.EmptyExpression>: null

17-03-2025T05:48:14 - [TEST_STEP][PASSED] - perc = "": null

17-03-2025T05:48:14 - [TEST_STEP][PASSED] - a1 = <not implemented yet for class: org.codehaus.groovy.ast.expr.EmptyExpression>: null

17-03-2025T05:48:14 - [TEST_STEP][PASSED] - a2 = <not implemented yet for class: org.codehaus.groovy.ast.expr.EmptyExpression>: null

17-03-2025T05:48:14 - [TEST_STEP][PASSED] - a30 = <not implemented yet for class: org.codehaus.groovy.ast.expr.EmptyExpression>: null

17-03-2025T05:48:14 - [TEST_STEP][PASSED] - a31 = <not implemented yet for class: org.codehaus.groovy.ast.expr.EmptyExpression>: null

17-03-2025T05:48:14 - [TEST_STEP][PASSED] - a32 = <not implemented yet for class: org.codehaus.groovy.ast.expr.EmptyExpression>: null

17-03-2025T05:48:14 - [TEST_STEP][PASSED] - a33 = <not implemented yet for class: org.codehaus.groovy.ast.expr.EmptyExpression>: null

17-03-2025T05:48:14 - [TEST_STEP][PASSED] - a34 = <not implemented yet for class: org.codehaus.groovy.ast.expr.EmptyExpression>: null

17-03-2025T05:48:14 - [TEST_STEP][PASSED] - a35 = <not implemented yet for class: org.codehaus.groovy.ast.expr.EmptyExpression>: null

17-03-2025T05:48:14 - [TEST_STEP][PASSED] - a36 = <not implemented yet for class: org.codehaus.groovy.ast.expr.EmptyExpression>: null

17-03-2025T05:48:14 - [TEST_STEP][PASSED] - a37 = <not implemented yet for class: org.codehaus.groovy.ast.expr.EmptyExpression>: null

17-03-2025T05:48:14 - [TEST_STEP][PASSED] - a38 = <not implemented yet for class: org.codehaus.groovy.ast.expr.EmptyExpression>: null

17-03-2025T05:48:14 - [TEST_STEP][PASSED] - a39 = <not implemented yet for class: org.codehaus.groovy.ast.expr.EmptyExpression>: null

17-03-2025T05:48:14 - [TEST_STEP][PASSED] - a310 = <not implemented yet for class: org.codehaus.groovy.ast.expr.EmptyExpression>: null

17-03-2025T05:48:14 - [TEST_STEP][PASSED] - a311 = <not implemented yet for class: org.codehaus.groovy.ast.expr.EmptyExpression>: null

17-03-2025T05:48:14 - [TEST_STEP][PASSED] - a312 = <not implemented yet for class: org.codehaus.groovy.ast.expr.EmptyExpression>: null

17-03-2025T05:48:14 - [TEST_STEP][PASSED] - a313 = <not implemented yet for class: org.codehaus.groovy.ast.expr.EmptyExpression>: null

17-03-2025T05:48:14 - [TEST_STEP][PASSED] - a314 = <not implemented yet for class: org.codehaus.groovy.ast.expr.EmptyExpression>: null

17-03-2025T05:48:14 - [TEST_STEP][PASSED] - a315 = <not implemented yet for class: org.codehaus.groovy.ast.expr.EmptyExpression>: null

17-03-2025T05:48:14 - [TEST_STEP][PASSED] - a316 = <not implemented yet for class: org.codehaus.groovy.ast.expr.EmptyExpression>: null

17-03-2025T05:48:14 - [TEST_STEP][PASSED] - a317 = <not implemented yet for class: org.codehaus.groovy.ast.expr.EmptyExpression>: null

17-03-2025T05:48:14 - [TEST_STEP][PASSED] - b1 = <not implemented yet for class: org.codehaus.groovy.ast.expr.EmptyExpression>: null

17-03-2025T05:48:14 - [TEST_STEP][PASSED] - b2 = <not implemented yet for class: org.codehaus.groovy.ast.expr.EmptyExpression>: null

17-03-2025T05:48:14 - [TEST_STEP][PASSED] - b30 = <not implemented yet for class: org.codehaus.groovy.ast.expr.EmptyExpression>: null

17-03-2025T05:48:14 - [TEST_STEP][PASSED] - b31 = <not implemented yet for class: org.codehaus.groovy.ast.expr.EmptyExpression>: null

17-03-2025T05:48:14 - [TEST_STEP][PASSED] - b32 = <not implemented yet for class: org.codehaus.groovy.ast.expr.EmptyExpression>: null

17-03-2025T05:48:14 - [TEST_STEP][PASSED] - b33 = <not implemented yet for class: org.codehaus.groovy.ast.expr.EmptyExpression>: null

17-03-2025T05:48:14 - [TEST_STEP][PASSED] - b34 = <not implemented yet for class: org.codehaus.groovy.ast.expr.EmptyExpression>: null

17-03-2025T05:48:14 - [TEST_STEP][PASSED] - b35 = <not implemented yet for class: org.codehaus.groovy.ast.expr.EmptyExpression>: null

17-03-2025T05:48:14 - [TEST_STEP][PASSED] - b36 = <not implemented yet for class: org.codehaus.groovy.ast.expr.EmptyExpression>: null

17-03-2025T05:48:14 - [TEST_STEP][PASSED] - b37 = <not implemented yet for class: org.codehaus.groovy.ast.expr.EmptyExpression>: null

17-03-2025T05:48:14 - [TEST_STEP][PASSED] - b38 = <not implemented yet for class: org.codehaus.groovy.ast.expr.EmptyExpression>: null

17-03-2025T05:48:14 - [TEST_STEP][PASSED] - b39 = <not implemented yet for class: org.codehaus.groovy.ast.expr.EmptyExpression>: null

17-03-2025T05:48:14 - [TEST_STEP][PASSED] - b310 = <not implemented yet for class: org.codehaus.groovy.ast.expr.EmptyExpression>: null

17-03-2025T05:48:14 - [TEST_STEP][PASSED] - b311 = <not implemented yet for class: org.codehaus.groovy.ast.expr.EmptyExpression>: null

17-03-2025T05:48:14 - [TEST_STEP][PASSED] - b312 = <not implemented yet for class: org.codehaus.groovy.ast.expr.EmptyExpression>: null

17-03-2025T05:48:14 - [TEST_STEP][PASSED] - b313 = <not implemented yet for class: org.codehaus.groovy.ast.expr.EmptyExpression>: null

17-03-2025T05:48:14 - [TEST_STEP][PASSED] - b314 = <not implemented yet for class: org.codehaus.groovy.ast.expr.EmptyExpression>: null

17-03-2025T05:48:14 - [TEST_STEP][PASSED] - b315 = <not implemented yet for class: org.codehaus.groovy.ast.expr.EmptyExpression>: null

17-03-2025T05:48:14 - [TEST_STEP][PASSED] - b316 = <not implemented yet for class: org.codehaus.groovy.ast.expr.EmptyExpression>: null

17-03-2025T05:48:14 - [TEST_STEP][PASSED] - b317 = <not implemented yet for class: org.codehaus.groovy.ast.expr.EmptyExpression>: null

17-03-2025T05:48:14 - [TEST_STEP][PASSED] - block = 1: null

17-03-2025T05:48:14 - [TEST_STEP][PASSED] - nameOfBlock = "": null

17-03-2025T05:48:14 - [TEST_STEP][PASSED] - Script1710234207206.PreSettings(run, vir, block, nameOfBlock, typeOfData, todaysDate): null

17-03-2025T05:48:14 - [TEST_STEP][PASSED] - openBrowser(""): Browser is opened with url: ''

17-03-2025T05:48:14 - [MESSAGE][WARNING] - A browser is already opened. Closing browser and opening a new one

17-03-2025T05:48:15 - [MESSAGE][INFO] - Starting 'Chrome' driver

17-03-2025T05:48:15 - [MESSAGE][INFO] - Action delay is set to 0 milliseconds

17-03-2025T05:48:16 - [MESSAGE][PASSED] - Browser is opened with url: ''

17-03-2025T05:48:16 - [TEST_STEP][PASSED] - refresh(): Refresh successfully

17-03-2025T05:48:16 - [MESSAGE][PASSED] - Refresh successfully

17-03-2025T05:48:16 - [TEST_STEP][PASSED] - delay(50): Delayed 50 second(s)

17-03-2025T05:49:06 - [MESSAGE][PASSED] - Delayed 50 second(s)

17-03-2025T05:49:06 - [TEST_STEP][PASSED] - println("run:" + run): null

17-03-2025T05:49:06 - [TEST_STEP][PASSED] - println("vir:" + vir): null

17-03-2025T05:49:06 - [TEST_STEP][PASSED] - println("block:" + block): null

17-03-2025T05:49:06 - [TEST_STEP][PASSED] - if (block == 1): null

17-03-2025T05:49:06 - [TEST_STEP][PASSED] - nameOfBlock = "": null

17-03-2025T05:49:06 - [TEST_STEP][PASSED] - println("nameOfBlock:" + nameOfBlock): null

17-03-2025T05:49:06 - [TEST_STEP][PASSED] - println("typeOfData:" + typeOfData): null

17-03-2025T05:49:06 - [TEST_STEP][PASSED] - println("todaysDate:" + todaysDate): null

17-03-2025T05:49:06 - [TEST_STEP][PASSED] - Script1710234207206.Autorization(block, nameOfBlock): null

17-03-2025T05:49:06 - [TEST_STEP][PASSED] - i = <not implemented yet for class: org.codehaus.groovy.ast.expr.EmptyExpression>: null

17-03-2025T05:49:06 - [TEST_STEP][PASSED] - ii = <not implemented yet for class: org.codehaus.groovy.ast.expr.EmptyExpression>: null

17-03-2025T05:49:06 - [TEST_STEP][PASSED] - urlData = <not implemented yet for class: org.codehaus.groovy.ast.expr.EmptyExpression>: null

17-03-2025T05:49:06 - [TEST_STEP][PASSED] - searchWord = <not implemented yet for class: org.codehaus.groovy.ast.expr.EmptyExpression>: null

17-03-2025T05:49:06 - [TEST_STEP][PASSED] - urlText = <not implemented yet for class: org.codehaus.groovy.ast.expr.EmptyExpression>: null

17-03-2025T05:49:06 - [TEST_STEP][PASSED] - println("block:" + block): null

17-03-2025T05:49:06 - [TEST_STEP][PASSED] - if (block == 1): null

17-03-2025T05:49:06 - [TEST_STEP][PASSED] - nameOfBlock = "": null

17-03-2025T05:49:06 - [TEST_STEP][PASSED] - println("nameOfBlock:" + nameOfBlock): null

17-03-2025T05:49:06 - [TEST_STEP][PASSED] - if (block == 1): Delayed 45 second(s)

17-03-2025T05:49:06 - [TEST_STEP][PASSED] - urlData = 2: null

17-03-2025T05:49:06 - [TEST_STEP][PASSED] - delay(45): Delayed 45 second(s)

17-03-2025T05:49:51 - [MESSAGE][PASSED] - Delayed 45 second(s)

17-03-2025T05:49:51 - [TEST_STEP][PASSED] - navigateToUrl(findTestData("PlanFact").getValue(10, urlData)): Navigate to 'https://bi.rosseti.digital/viewer?dashboardGuid=2301950b23be4ed89c1df75f2020051e&sheetGuid=b723206f698544fb87299f3095c00435&fit=true' successfully

17-03-2025T05:49:56 - [MESSAGE][PASSED] - Navigate to 'https://bi.rosseti.digital/viewer?dashboardGuid=2301950b23be4ed89c1df75f2020051e&sheetGuid=b723206f698544fb87299f3095c00435&fit=true' successfully

17-03-2025T05:49:56 - [TEST_STEP][PASSED] - urlText = getText(findTestObject("Страница авторизации/Text")): Text of object 'Object Repository/Страница авторизации/Text' is: 'Вход'

17-03-2025T05:49:57 - [MESSAGE][PASSED] - Text of object 'Object Repository/Страница авторизации/Text' is: 'Вход'

17-03-2025T05:49:57 - [TEST_STEP][PASSED] - searchWord = "Вход": null

17-03-2025T05:49:57 - [TEST_STEP][PASSED] - if (urlText == null || urlText.contains("ошибка") || urlText.contains(searchWord) == false): null

17-03-2025T05:49:57 - [TEST_STEP][PASSED] - if (verifyElementPresent(findTestObject("Страница авторизации/button_"), 30) == true): null

17-03-2025T05:49:57 - [MESSAGE][PASSED] - Object 'Object Repository/Страница авторизации/button_' is present

17-03-2025T05:49:57 - [TEST_STEP][PASSED] - setText(findTestObject("Страница авторизации/input__username"), findTestData("PlanFact").getValue(8, 1)): Text 'liazgina-di' is set on object 'Object Repository/Страница авторизации/input__username'

17-03-2025T05:49:58 - [MESSAGE][PASSED] - Text 'liazgina-di' is set on object 'Object Repository/Страница авторизации/input__username'

17-03-2025T05:49:58 - [TEST_STEP][PASSED] - setText(findTestObject("Страница авторизации/input__password"), findTestData("PlanFact").getValue(9, 1)): Text ')$%5srZ8o688Dm#q' is set on object 'Object Repository/Страница авторизации/input__password'

17-03-2025T05:49:59 - [MESSAGE][PASSED] - Text ')$%5srZ8o688Dm#q' is set on object 'Object Repository/Страница авторизации/input__password'

17-03-2025T05:49:59 - [TEST_STEP][PASSED] - click(findTestObject("Страница авторизации/button_")): Object: 'Object Repository/Страница авторизации/button_' is clicked on

17-03-2025T05:49:59 - [MESSAGE][PASSED] - Object: 'Object Repository/Страница авторизации/button_' is clicked on

17-03-2025T05:49:59 - [TEST_STEP][PASSED] - delay(45): Delayed 45 second(s)

17-03-2025T05:50:44 - [MESSAGE][PASSED] - Delayed 45 second(s)

17-03-2025T05:50:44 - [TEST_STEP][PASSED] - urlText = getText(findTestObject("Страница авторизации/Text")): Text of object 'Object Repository/Страница авторизации/Text' is: 'Период
Январь 2025 года
Выручка
Все
Выполнение плановых показателей по ПАО Россети за Январь 2025 года
План
Факт
Динамика
2025 год
0 млн.руб.
20 000 млн.руб.
40 000 млн.руб.
60 000 млн.руб.
80 000 млн.руб.
100 000 млн.руб.
120 000 млн.руб.
140 000 млн.руб.
160 000 млн.руб.
180 000 млн.руб.
200 000 млн.руб.
163 377
157 865
↓
ДЗО 
ПАО Россети
Внутренний оборот - выручка за услуги по передаче электрической энергии, учтенная в выручке за электроэнергию для конечных потребителей, при выполнении ДЗО функций гарантирующего поставщика
Подписи данных
⬤Отклонение
АО "РЭС"
АО «Тываэнерго»
АО «Чеченэнерго»
Россети Волга
Россети Кубань
Россети Ленэнерго (ГК)
Россети Московский регион
Россети Северный Кавказ (ГК)
Россети Северо-Запад
Россети Сибирь (ГК)
Россети Томск
Россети Тюмень
Россети Урал (ГК)
Россети ФСК ЕЭС
Россети Центр
Россети Центр и Приволжье (ГК)
Россети Юг (ГК)
Россети Янтарь
-1 200 млн.руб.
-1 000 млн.руб.
- 800 млн.руб.
- 600 млн.руб.
- 400 млн.руб.
- 200 млн.руб.
0 млн.руб.
200 млн.руб.
400 млн.руб.
600 млн.руб.
-73
23
-83
-295
-54
-403
-927
-606
-251
348
-58
-1 104
-474
-59
-675
-613
-191
-19
млн.
%
Выручка
Отклонение выручки по ПАО Россети за Январь 2025 года (факт/план, млн. руб)
ПАО Россети
-5 512.4 млн.руб.
 '

17-03-2025T05:50:45 - [MESSAGE][PASSED] - Text of object 'Object Repository/Страница авторизации/Text' is: 'Период
Январь 2025 года
Выручка
Все
Выполнение плановых показателей по ПАО Россети за Январь 2025 года
План
Факт
Динамика
2025 год
0 млн.руб.
20 000 млн.руб.
40 000 млн.руб.
60 000 млн.руб.
80 000 млн.руб.
100 000 млн.руб.
120 000 млн.руб.
140 000 млн.руб.
160 000 млн.руб.
180 000 млн.руб.
200 000 млн.руб.
163 377
157 865
↓
ДЗО 
ПАО Россети
Внутренний оборот - выручка за услуги по передаче электрической энергии, учтенная в выручке за электроэнергию для конечных потребителей, при выполнении ДЗО функций гарантирующего поставщика
Подписи данных
⬤Отклонение
АО "РЭС"
АО «Тываэнерго»
АО «Чеченэнерго»
Россети Волга
Россети Кубань
Россети Ленэнерго (ГК)
Россети Московский регион
Россети Северный Кавказ (ГК)
Россети Северо-Запад
Россети Сибирь (ГК)
Россети Томск
Россети Тюмень
Россети Урал (ГК)
Россети ФСК ЕЭС
Россети Центр
Россети Центр и Приволжье (ГК)
Россети Юг (ГК)
Россети Янтарь
-1 200 млн.руб.
-1 000 млн.руб.
- 800 млн.руб.
- 600 млн.руб.
- 400 млн.руб.
- 200 млн.руб.
0 млн.руб.
200 млн.руб.
400 млн.руб.
600 млн.руб.
-73
23
-83
-295
-54
-403
-927
-606
-251
348
-58
-1 104
-474
-59
-675
-613
-191
-19
млн.
%
Выручка
Отклонение выручки по ПАО Россети за Январь 2025 года (факт/план, млн. руб)
ПАО Россети
-5 512.4 млн.руб.
 '

17-03-2025T05:50:45 - [TEST_STEP][PASSED] - searchWord = "а": null

17-03-2025T05:50:45 - [TEST_STEP][PASSED] - if (urlText.contains("ошибка") || urlText.contains(searchWord) == false): null

17-03-2025T05:50:45 - [TEST_STEP][PASSED] - delay(45): Delayed 45 second(s)

17-03-2025T05:51:30 - [MESSAGE][PASSED] - Delayed 45 second(s)

17-03-2025T05:51:30 - [TEST_STEP][PASSED] - if (block == 2): null

17-03-2025T05:51:30 - [TEST_STEP][PASSED] - click(findTestObject("Выручка в рублях/Фильтр Период" + nameOfBlock)): Object: 'Object Repository/Выручка в рублях/Фильтр Период' is clicked on

17-03-2025T05:51:31 - [MESSAGE][PASSED] - Object: 'Object Repository/Выручка в рублях/Фильтр Период' is clicked on

17-03-2025T05:51:31 - [TEST_STEP][PASSED] - click(findTestObject("Выручка в рублях/Снять выделение в фильтре Дата" + nameOfBlock)): Object: 'Object Repository/Выручка в рублях/Снять выделение в фильтре Дата' is clicked on

17-03-2025T05:51:31 - [MESSAGE][PASSED] - Object: 'Object Repository/Выручка в рублях/Снять выделение в фильтре Дата' is clicked on

17-03-2025T05:51:31 - [TEST_STEP][PASSED] - click(findTestObject("Выручка в рублях/Применить в фильтре Дата" + nameOfBlock)): Object: 'Object Repository/Выручка в рублях/Применить в фильтре Дата' is clicked on

17-03-2025T05:51:32 - [MESSAGE][PASSED] - Object: 'Object Repository/Выручка в рублях/Применить в фильтре Дата' is clicked on

17-03-2025T05:51:32 - [TEST_STEP][PASSED] - delay(50): Delayed 50 second(s)

17-03-2025T05:52:22 - [MESSAGE][PASSED] - Delayed 50 second(s)

17-03-2025T05:52:22 - [TEST_STEP][PASSED] - click(findTestObject("Выручка в рублях/Фильтр Период" + nameOfBlock)): Object: 'Object Repository/Выручка в рублях/Фильтр Период' is clicked on

17-03-2025T05:52:22 - [MESSAGE][PASSED] - Object: 'Object Repository/Выручка в рублях/Фильтр Период' is clicked on

17-03-2025T05:52:22 - [TEST_STEP][PASSED] - click(findTestObject("Выручка в рублях/Снять выделение в фильтре Дата" + nameOfBlock)): Object: 'Object Repository/Выручка в рублях/Снять выделение в фильтре Дата' is clicked on

17-03-2025T05:52:23 - [MESSAGE][PASSED] - Object: 'Object Repository/Выручка в рублях/Снять выделение в фильтре Дата' is clicked on

17-03-2025T05:52:23 - [TEST_STEP][PASSED] - scrollToElement(findTestObject("Выручка в рублях/2025 список" + nameOfBlock), 30): Scroll to object 'Object Repository/Выручка в рублях/2025 список' successfully

17-03-2025T05:52:23 - [MESSAGE][PASSED] - Scroll to object 'Object Repository/Выручка в рублях/2025 список' successfully

17-03-2025T05:52:23 - [TEST_STEP][PASSED] - click(findTestObject("Выручка в рублях/2025 список" + nameOfBlock)): Object: 'Object Repository/Выручка в рублях/2025 список' is clicked on

17-03-2025T05:52:23 - [MESSAGE][PASSED] - Object: 'Object Repository/Выручка в рублях/2025 список' is clicked on

17-03-2025T05:52:23 - [TEST_STEP][PASSED] - scrollToElement(findTestObject("Выручка в рублях/1 квартал 2025 список Выручка"), 30): Scroll to object 'Object Repository/Выручка в рублях/1 квартал 2025 список Выручка' successfully

17-03-2025T05:52:24 - [MESSAGE][PASSED] - Scroll to object 'Object Repository/Выручка в рублях/1 квартал 2025 список Выручка' successfully

17-03-2025T05:52:24 - [TEST_STEP][PASSED] - click(findTestObject("Выручка в рублях/1 квартал 2025 список" + nameOfBlock)): Object: 'Object Repository/Выручка в рублях/1 квартал 2025 список' is clicked on

17-03-2025T05:52:24 - [MESSAGE][PASSED] - Object: 'Object Repository/Выручка в рублях/1 квартал 2025 список' is clicked on

17-03-2025T05:52:24 - [TEST_STEP][PASSED] - scrollToElement(findTestObject("Выручка в рублях/Январь 2025" + nameOfBlock), 30): Scroll to object 'Object Repository/Выручка в рублях/Январь 2025' successfully

17-03-2025T05:52:24 - [MESSAGE][PASSED] - Scroll to object 'Object Repository/Выручка в рублях/Январь 2025' successfully

17-03-2025T05:52:24 - [TEST_STEP][PASSED] - click(findTestObject("Выручка в рублях/Январь 2025" + nameOfBlock)): Object: 'Object Repository/Выручка в рублях/Январь 2025' is clicked on

17-03-2025T05:52:25 - [MESSAGE][PASSED] - Object: 'Object Repository/Выручка в рублях/Январь 2025' is clicked on

17-03-2025T05:52:25 - [TEST_STEP][PASSED] - scrollToElement(findTestObject("Выручка в рублях/Заголовок дашборда" + nameOfBlock), 30): Scroll to object 'Object Repository/Выручка в рублях/Заголовок дашборда' successfully

17-03-2025T05:52:25 - [MESSAGE][PASSED] - Scroll to object 'Object Repository/Выручка в рублях/Заголовок дашборда' successfully

17-03-2025T05:52:25 - [TEST_STEP][PASSED] - click(findTestObject("Выручка в рублях/Применить в фильтре Дата" + nameOfBlock)): Object: 'Object Repository/Выручка в рублях/Применить в фильтре Дата' is clicked on

17-03-2025T05:52:26 - [MESSAGE][PASSED] - Object: 'Object Repository/Выручка в рублях/Применить в фильтре Дата' is clicked on

17-03-2025T05:52:26 - [TEST_STEP][PASSED] - delay(55): Delayed 55 second(s)

17-03-2025T05:53:21 - [MESSAGE][PASSED] - Delayed 55 second(s)

17-03-2025T05:53:21 - [TEST_STEP][PASSED] - click(findTestObject("Выручка в рублях/Фильтр ДЗО" + nameOfBlock)): Object: 'Object Repository/Выручка в рублях/Фильтр ДЗО' is clicked on

17-03-2025T05:53:21 - [MESSAGE][PASSED] - Object: 'Object Repository/Выручка в рублях/Фильтр ДЗО' is clicked on

17-03-2025T05:53:21 - [TEST_STEP][PASSED] - click(findTestObject("Выручка в рублях/Снять выделение в фильтре ДЗО" + nameOfBlock)): Object: 'Object Repository/Выручка в рублях/Снять выделение в фильтре ДЗО' is clicked on

17-03-2025T05:53:22 - [MESSAGE][PASSED] - Object: 'Object Repository/Выручка в рублях/Снять выделение в фильтре ДЗО' is clicked on

17-03-2025T05:53:22 - [TEST_STEP][PASSED] - click(findTestObject("Выручка в рублях/Применить в фильтре ДЗО" + nameOfBlock)): Object: 'Object Repository/Выручка в рублях/Применить в фильтре ДЗО' is clicked on

17-03-2025T05:53:22 - [MESSAGE][PASSED] - Object: 'Object Repository/Выручка в рублях/Применить в фильтре ДЗО' is clicked on

17-03-2025T05:53:22 - [TEST_STEP][PASSED] - delay(50): Delayed 50 second(s)

17-03-2025T05:54:12 - [MESSAGE][PASSED] - Delayed 50 second(s)

17-03-2025T05:54:12 - [TEST_STEP][PASSED] - Script1710234207206.Tumbler(run, vir, block, nameOfBlock): null

17-03-2025T05:54:12 - [TEST_STEP][PASSED] - println("run:" + run): null

17-03-2025T05:54:12 - [TEST_STEP][PASSED] - println("vir:" + vir): null

17-03-2025T05:54:12 - [TEST_STEP][PASSED] - println("block:" + block): null

17-03-2025T05:54:12 - [TEST_STEP][PASSED] - println("nameOfBlock:" + nameOfBlock): null

17-03-2025T05:54:12 - [TEST_STEP][PASSED] - if (vir == 1): null

17-03-2025T05:54:12 - [TEST_STEP][PASSED] - if (run == 2): null

17-03-2025T05:54:12 - [TEST_STEP][PASSED] - click(findTestObject("Выручка в рублях/Фильтр ДЗО" + nameOfBlock)): Object: 'Object Repository/Выручка в рублях/Фильтр ДЗО' is clicked on

17-03-2025T05:54:12 - [MESSAGE][PASSED] - Object: 'Object Repository/Выручка в рублях/Фильтр ДЗО' is clicked on

17-03-2025T05:54:12 - [TEST_STEP][PASSED] - Script1710234207206.Rosseti(nameOfBlock): null

17-03-2025T05:54:12 - [TEST_STEP][PASSED] - println("nameOfBlock:" + nameOfBlock): null

17-03-2025T05:54:12 - [TEST_STEP][PASSED] - click(findTestObject("Выручка в рублях/ПАО Россети" + nameOfBlock)): Object: 'Object Repository/Выручка в рублях/ПАО Россети' is clicked on

17-03-2025T05:54:13 - [MESSAGE][PASSED] - Object: 'Object Repository/Выручка в рублях/ПАО Россети' is clicked on

17-03-2025T05:54:13 - [TEST_STEP][PASSED] - click(findTestObject("Выручка в рублях/Применить в фильтре ДЗО" + nameOfBlock)): Object: 'Object Repository/Выручка в рублях/Применить в фильтре ДЗО' is clicked on

17-03-2025T05:54:14 - [MESSAGE][PASSED] - Object: 'Object Repository/Выручка в рублях/Применить в фильтре ДЗО' is clicked on

17-03-2025T05:54:14 - [TEST_STEP][PASSED] - if (run == 2): null

17-03-2025T05:54:14 - [TEST_STEP][PASSED] - if (vir == 1 || vir == 2): Text of object 'Object Repository/Выручка в рублях/График План' is: '163 377'

17-03-2025T05:54:14 - [TEST_STEP][PASSED] - a1 = getText(findTestObject("Выручка в рублях/График План")): Text of object 'Object Repository/Выручка в рублях/График План' is: '163 377'

17-03-2025T05:54:15 - [MESSAGE][PASSED] - Text of object 'Object Repository/Выручка в рублях/График План' is: '163 377'

17-03-2025T05:54:15 - [TEST_STEP][PASSED] - if (vir == 1 || vir == 2): Text of object 'Object Repository/Выручка в рублях/График Факт' is: '157 865'

17-03-2025T05:54:15 - [TEST_STEP][PASSED] - a2 = getText(findTestObject("Выручка в рублях/График Факт")): Text of object 'Object Repository/Выручка в рублях/График Факт' is: '157 865'

17-03-2025T05:54:15 - [MESSAGE][PASSED] - Text of object 'Object Repository/Выручка в рублях/График Факт' is: '157 865'

17-03-2025T05:54:15 - [TEST_STEP][PASSED] - a30 = getText(findTestObject("Выручка в рублях/span1" + perc)): Text of object 'Object Repository/Выручка в рублях/span1' is: '-5 512.4 млн.руб.'

17-03-2025T05:54:15 - [MESSAGE][PASSED] - Text of object 'Object Repository/Выручка в рублях/span1' is: '-5 512.4 млн.руб.'

17-03-2025T05:54:15 - [TEST_STEP][PASSED] - i = a30.indexOf("млн.руб."): null

17-03-2025T05:54:15 - [TEST_STEP][PASSED] - if (i > -1): null

17-03-2025T05:54:15 - [TEST_STEP][PASSED] - a30 = a30.substring(0, i): null

17-03-2025T05:54:15 - [TEST_STEP][PASSED] - a30 = a30.replaceAll(" ", ""): null

17-03-2025T05:54:15 - [TEST_STEP][PASSED] - if (a30.contains("%")): null

17-03-2025T05:54:15 - [TEST_STEP][PASSED] - a30 = ").trim(): null

17-03-2025T05:54:15 - [TEST_STEP][PASSED] - println("a30: " + a30): null

17-03-2025T05:54:15 - [TEST_STEP][PASSED] - if (vir == 1 || vir == 2): Text of object 'Object Repository/Выручка в рублях/span2' is: '-73'

17-03-2025T05:54:15 - [TEST_STEP][PASSED] - a31 = ").trim(): Text of object 'Object Repository/Выручка в рублях/span2' is: '-73'

17-03-2025T05:54:16 - [MESSAGE][PASSED] - Text of object 'Object Repository/Выручка в рублях/span2' is: '-73'

17-03-2025T05:54:16 - [TEST_STEP][PASSED] - if (vir == 1 || vir == 2): Text of object 'Object Repository/Выручка в рублях/span3' is: '23'

17-03-2025T05:54:16 - [TEST_STEP][PASSED] - a32 = ").trim(): Text of object 'Object Repository/Выручка в рублях/span3' is: '23'

17-03-2025T05:54:16 - [MESSAGE][PASSED] - Text of object 'Object Repository/Выручка в рублях/span3' is: '23'

17-03-2025T05:54:16 - [TEST_STEP][PASSED] - if (vir == 1 || vir == 2): Text of object 'Object Repository/Выручка в рублях/span8' is: '-927'

17-03-2025T05:54:16 - [TEST_STEP][PASSED] - a33 = ").trim(): Text of object 'Object Repository/Выручка в рублях/span4' is: '-83'

17-03-2025T05:54:16 - [MESSAGE][PASSED] - Text of object 'Object Repository/Выручка в рублях/span4' is: '-83'

17-03-2025T05:54:16 - [TEST_STEP][PASSED] - a34 = ").trim(): Text of object 'Object Repository/Выручка в рублях/span5' is: '-295'

17-03-2025T05:54:16 - [MESSAGE][PASSED] - Text of object 'Object Repository/Выручка в рублях/span5' is: '-295'

17-03-2025T05:54:16 - [TEST_STEP][PASSED] - a35 = ").trim(): Text of object 'Object Repository/Выручка в рублях/span6' is: '-54'

17-03-2025T05:54:17 - [MESSAGE][PASSED] - Text of object 'Object Repository/Выручка в рублях/span6' is: '-54'

17-03-2025T05:54:17 - [TEST_STEP][PASSED] - a36 = ").trim(): Text of object 'Object Repository/Выручка в рублях/span7' is: '-403'

17-03-2025T05:54:17 - [MESSAGE][PASSED] - Text of object 'Object Repository/Выручка в рублях/span7' is: '-403'

17-03-2025T05:54:17 - [TEST_STEP][PASSED] - a37 = ").trim(): Text of object 'Object Repository/Выручка в рублях/span8' is: '-927'

17-03-2025T05:54:17 - [MESSAGE][PASSED] - Text of object 'Object Repository/Выручка в рублях/span8' is: '-927'

17-03-2025T05:54:17 - [TEST_STEP][PASSED] - if (vir == 1 || vir == 2): Text of object 'Object Repository/Выручка в рублях/span17' is: '-613'

17-03-2025T05:54:17 - [TEST_STEP][PASSED] - a38 = ").trim(): Text of object 'Object Repository/Выручка в рублях/span9' is: '-606'

17-03-2025T05:54:18 - [MESSAGE][PASSED] - Text of object 'Object Repository/Выручка в рублях/span9' is: '-606'

17-03-2025T05:54:18 - [TEST_STEP][PASSED] - a39 = ").trim(): Text of object 'Object Repository/Выручка в рублях/span10' is: '-251'

17-03-2025T05:54:18 - [MESSAGE][PASSED] - Text of object 'Object Repository/Выручка в рублях/span10' is: '-251'

17-03-2025T05:54:18 - [TEST_STEP][PASSED] - a310 = ").trim(): Text of object 'Object Repository/Выручка в рублях/span11' is: '348'

17-03-2025T05:54:18 - [MESSAGE][PASSED] - Text of object 'Object Repository/Выручка в рублях/span11' is: '348'

17-03-2025T05:54:18 - [TEST_STEP][PASSED] - a311 = ").trim(): Text of object 'Object Repository/Выручка в рублях/span12' is: '-58'

17-03-2025T05:54:18 - [MESSAGE][PASSED] - Text of object 'Object Repository/Выручка в рублях/span12' is: '-58'

17-03-2025T05:54:18 - [TEST_STEP][PASSED] - a312 = ").trim(): Text of object 'Object Repository/Выручка в рублях/span13' is: '-1 104'

17-03-2025T05:54:19 - [MESSAGE][PASSED] - Text of object 'Object Repository/Выручка в рублях/span13' is: '-1 104'

17-03-2025T05:54:19 - [TEST_STEP][PASSED] - a313 = ").trim(): Text of object 'Object Repository/Выручка в рублях/span14' is: '-474'

17-03-2025T05:54:19 - [MESSAGE][PASSED] - Text of object 'Object Repository/Выручка в рублях/span14' is: '-474'

17-03-2025T05:54:19 - [TEST_STEP][PASSED] - a314 = ").trim(): Text of object 'Object Repository/Выручка в рублях/span15' is: '-59'

17-03-2025T05:54:19 - [MESSAGE][PASSED] - Text of object 'Object Repository/Выручка в рублях/span15' is: '-59'

17-03-2025T05:54:19 - [TEST_STEP][PASSED] - a315 = ").trim(): Text of object 'Object Repository/Выручка в рублях/span16' is: '-675'

17-03-2025T05:54:20 - [MESSAGE][PASSED] - Text of object 'Object Repository/Выручка в рублях/span16' is: '-675'

17-03-2025T05:54:20 - [TEST_STEP][PASSED] - a316 = ").trim(): Text of object 'Object Repository/Выручка в рублях/span17' is: '-613'

17-03-2025T05:54:20 - [MESSAGE][PASSED] - Text of object 'Object Repository/Выручка в рублях/span17' is: '-613'

17-03-2025T05:54:20 - [TEST_STEP][PASSED] - if (vir == 1 || vir == 2): Text of object 'Object Repository/Выручка в рублях/span18' is: '-191'

17-03-2025T05:54:20 - [TEST_STEP][PASSED] - a317 = ").trim(): Text of object 'Object Repository/Выручка в рублях/span18' is: '-191'

17-03-2025T05:54:20 - [MESSAGE][PASSED] - Text of object 'Object Repository/Выручка в рублях/span18' is: '-191'

17-03-2025T05:54:20 - [TEST_STEP][PASSED] - block = 2: null

17-03-2025T05:54:20 - [TEST_STEP][PASSED] - nameOfBlock = " Выручка": null

17-03-2025T05:54:20 - [TEST_STEP][PASSED] - Script1710234207206.PreSettings(run, vir, block, nameOfBlock, typeOfData, todaysDate): null

17-03-2025T05:54:20 - [TEST_STEP][PASSED] - openBrowser(""): Browser is opened with url: ''

17-03-2025T05:54:20 - [MESSAGE][WARNING] - A browser is already opened. Closing browser and opening a new one

17-03-2025T05:54:20 - [MESSAGE][INFO] - Starting 'Chrome' driver

17-03-2025T05:54:20 - [MESSAGE][INFO] - Action delay is set to 0 milliseconds

17-03-2025T05:54:21 - [MESSAGE][PASSED] - Browser is opened with url: ''

17-03-2025T05:54:21 - [TEST_STEP][PASSED] - refresh(): Refresh successfully

17-03-2025T05:54:21 - [MESSAGE][PASSED] - Refresh successfully

17-03-2025T05:54:21 - [TEST_STEP][PASSED] - delay(50): Delayed 50 second(s)

17-03-2025T05:55:11 - [MESSAGE][PASSED] - Delayed 50 second(s)

17-03-2025T05:55:11 - [TEST_STEP][PASSED] - println("run:" + run): null

17-03-2025T05:55:11 - [TEST_STEP][PASSED] - println("vir:" + vir): null

17-03-2025T05:55:11 - [TEST_STEP][PASSED] - println("block:" + block): null

17-03-2025T05:55:11 - [TEST_STEP][PASSED] - if (block == 1): null

17-03-2025T05:55:11 - [TEST_STEP][PASSED] - else: null

17-03-2025T05:55:11 - [TEST_STEP][PASSED] - nameOfBlock = " Выручка": null

17-03-2025T05:55:11 - [TEST_STEP][PASSED] - println("nameOfBlock:" + nameOfBlock): null

17-03-2025T05:55:11 - [TEST_STEP][PASSED] - println("typeOfData:" + typeOfData): null

17-03-2025T05:55:11 - [TEST_STEP][PASSED] - println("todaysDate:" + todaysDate): null

17-03-2025T05:55:11 - [TEST_STEP][PASSED] - Script1710234207206.Autorization(block, nameOfBlock): null

17-03-2025T05:55:11 - [TEST_STEP][PASSED] - i = <not implemented yet for class: org.codehaus.groovy.ast.expr.EmptyExpression>: null

17-03-2025T05:55:11 - [TEST_STEP][PASSED] - ii = <not implemented yet for class: org.codehaus.groovy.ast.expr.EmptyExpression>: null

17-03-2025T05:55:11 - [TEST_STEP][PASSED] - urlData = <not implemented yet for class: org.codehaus.groovy.ast.expr.EmptyExpression>: null

17-03-2025T05:55:11 - [TEST_STEP][PASSED] - searchWord = <not implemented yet for class: org.codehaus.groovy.ast.expr.EmptyExpression>: null

17-03-2025T05:55:11 - [TEST_STEP][PASSED] - urlText = <not implemented yet for class: org.codehaus.groovy.ast.expr.EmptyExpression>: null

17-03-2025T05:55:11 - [TEST_STEP][PASSED] - println("block:" + block): null

17-03-2025T05:55:11 - [TEST_STEP][PASSED] - if (block == 1): null

17-03-2025T05:55:11 - [TEST_STEP][PASSED] - else: null

17-03-2025T05:55:11 - [TEST_STEP][PASSED] - delay(45): Delayed 45 second(s)

17-03-2025T05:55:56 - [MESSAGE][PASSED] - Delayed 45 second(s)

17-03-2025T05:55:56 - [TEST_STEP][PASSED] - nameOfBlock = " Выручка": null

17-03-2025T05:55:56 - [TEST_STEP][PASSED] - println("nameOfBlock:" + nameOfBlock): null

17-03-2025T05:55:56 - [TEST_STEP][PASSED] - if (block == 1): null

17-03-2025T05:55:56 - [TEST_STEP][PASSED] - else: Delayed 45 second(s)

17-03-2025T05:55:56 - [TEST_STEP][PASSED] - urlData = 9: null

17-03-2025T05:55:56 - [TEST_STEP][PASSED] - delay(45): Delayed 45 second(s)

17-03-2025T05:56:41 - [MESSAGE][PASSED] - Delayed 45 second(s)

17-03-2025T05:56:41 - [TEST_STEP][PASSED] - navigateToUrl(findTestData("PlanFact").getValue(10, urlData)): Navigate to 'https://bi.rosseti.digital/viewer?dashboardGuid=a1fd28b3785d443cbc4d7690a1d78e31&sheetGuid=86092a20c5984827a0c87b24cac76a50&fit=true' successfully

17-03-2025T05:56:45 - [MESSAGE][PASSED] - Navigate to 'https://bi.rosseti.digital/viewer?dashboardGuid=a1fd28b3785d443cbc4d7690a1d78e31&sheetGuid=86092a20c5984827a0c87b24cac76a50&fit=true' successfully

17-03-2025T05:56:45 - [TEST_STEP][PASSED] - urlText = getText(findTestObject("Страница авторизации/Text")): Text of object 'Object Repository/Страница авторизации/Text' is: 'Вход'

17-03-2025T05:56:46 - [MESSAGE][PASSED] - Text of object 'Object Repository/Страница авторизации/Text' is: 'Вход'

17-03-2025T05:56:46 - [TEST_STEP][PASSED] - searchWord = "Вход": null

17-03-2025T05:56:46 - [TEST_STEP][PASSED] - if (urlText == null || urlText.contains("ошибка") || urlText.contains(searchWord) == false): null

17-03-2025T05:56:46 - [TEST_STEP][PASSED] - if (verifyElementPresent(findTestObject("Страница авторизации/button_"), 30) == true): null

17-03-2025T05:56:46 - [MESSAGE][PASSED] - Object 'Object Repository/Страница авторизации/button_' is present

17-03-2025T05:56:46 - [TEST_STEP][PASSED] - setText(findTestObject("Страница авторизации/input__username"), findTestData("PlanFact").getValue(8, 1)): Text 'liazgina-di' is set on object 'Object Repository/Страница авторизации/input__username'

17-03-2025T05:56:47 - [MESSAGE][PASSED] - Text 'liazgina-di' is set on object 'Object Repository/Страница авторизации/input__username'

17-03-2025T05:56:47 - [TEST_STEP][PASSED] - setText(findTestObject("Страница авторизации/input__password"), findTestData("PlanFact").getValue(9, 1)): Text ')$%5srZ8o688Dm#q' is set on object 'Object Repository/Страница авторизации/input__password'

17-03-2025T05:56:48 - [MESSAGE][PASSED] - Text ')$%5srZ8o688Dm#q' is set on object 'Object Repository/Страница авторизации/input__password'

17-03-2025T05:56:48 - [TEST_STEP][PASSED] - click(findTestObject("Страница авторизации/button_")): Object: 'Object Repository/Страница авторизации/button_' is clicked on

17-03-2025T05:56:51 - [MESSAGE][PASSED] - Object: 'Object Repository/Страница авторизации/button_' is clicked on

17-03-2025T05:56:51 - [TEST_STEP][PASSED] - delay(45): Delayed 45 second(s)

17-03-2025T05:57:36 - [MESSAGE][PASSED] - Delayed 45 second(s)

17-03-2025T05:57:36 - [TEST_STEP][PASSED] - urlText = getText(findTestObject("Страница авторизации/Text")): Text of object 'Object Repository/Страница авторизации/Text' is: 'Период
Январь 2025 года
Выручка
Все
Выполнение плановых показателей, млн.руб.
План
Факт
Динамика
2025 год
0 млн.руб.
20 000 млн.руб.
40 000 млн.руб.
60 000 млн.руб.
80 000 млн.руб.
100 000 млн.руб.
120 000 млн.руб.
140 000 млн.руб.
160 000 млн.руб.
180 000 млн.руб.
200 000 млн.руб.
163 377
157 865
↓
ДЗО 
Все
Подписи данных
⬤Отклонение
АО "РЭС"
АО «Тываэнерго»
АО «Чеченэнерго»
Россети Волга
Россети Кубань
Россети Ленэнерго (ГК)
Россети Московский регион
Россети Северный Кавказ (ГК)
Россети Северо-Запад
Россети Сибирь (ГК)
Россети Томск
Россети Тюмень
Россети Урал (ГК)
Россети ФСК ЕЭС
Россети Центр
Россети Центр и Приволжье (ГК)
Россети Юг (ГК)
Россети Янтарь
-1 200млн.руб.
-1 000млн.руб.
-800млн.руб.
-600млн.руб.
-400млн.руб.
-200млн.руб.
0 млн.руб.
200млн.руб.
400млн.руб.
600 …
-73
23
-83
-295
-54
-403
-927
-606
-251
348
-58
-1 104
-474
-59
-675
-613
-191
-19
млн.
%
Выручка
Отклонение выручки по ПАО Россети за Январь 2025 года (факт/план, млн. руб)
ПАО Россети
-5 512.4 млн.руб.
Статус данных
×
Просьба обратить внимание
Данные занесены и согласованы не полностью
ВЫБРАННЫЕ ЗНАЧЕНИЯ ФИЛЬТРОВ
ДЗО | ПЕРИОД
ПАО Россети: [«Выбраны все филиалы по всем ДЗО по всем категориям»]
2025: [Янв]
*Внутренний оборот'

17-03-2025T05:57:36 - [MESSAGE][PASSED] - Text of object 'Object Repository/Страница авторизации/Text' is: 'Период
Январь 2025 года
Выручка
Все
Выполнение плановых показателей, млн.руб.
План
Факт
Динамика
2025 год
0 млн.руб.
20 000 млн.руб.
40 000 млн.руб.
60 000 млн.руб.
80 000 млн.руб.
100 000 млн.руб.
120 000 млн.руб.
140 000 млн.руб.
160 000 млн.руб.
180 000 млн.руб.
200 000 млн.руб.
163 377
157 865
↓
ДЗО 
Все
Подписи данных
⬤Отклонение
АО "РЭС"
АО «Тываэнерго»
АО «Чеченэнерго»
Россети Волга
Россети Кубань
Россети Ленэнерго (ГК)
Россети Московский регион
Россети Северный Кавказ (ГК)
Россети Северо-Запад
Россети Сибирь (ГК)
Россети Томск
Россети Тюмень
Россети Урал (ГК)
Россети ФСК ЕЭС
Россети Центр
Россети Центр и Приволжье (ГК)
Россети Юг (ГК)
Россети Янтарь
-1 200млн.руб.
-1 000млн.руб.
-800млн.руб.
-600млн.руб.
-400млн.руб.
-200млн.руб.
0 млн.руб.
200млн.руб.
400млн.руб.
600 …
-73
23
-83
-295
-54
-403
-927
-606
-251
348
-58
-1 104
-474
-59
-675
-613
-191
-19
млн.
%
Выручка
Отклонение выручки по ПАО Россети за Январь 2025 года (факт/план, млн. руб)
ПАО Россети
-5 512.4 млн.руб.
Статус данных
×
Просьба обратить внимание
Данные занесены и согласованы не полностью
ВЫБРАННЫЕ ЗНАЧЕНИЯ ФИЛЬТРОВ
ДЗО | ПЕРИОД
ПАО Россети: [«Выбраны все филиалы по всем ДЗО по всем категориям»]
2025: [Янв]
*Внутренний оборот'

17-03-2025T05:57:36 - [TEST_STEP][PASSED] - searchWord = "а": null

17-03-2025T05:57:36 - [TEST_STEP][PASSED] - if (urlText.contains("ошибка") || urlText.contains(searchWord) == false): null

17-03-2025T05:57:36 - [TEST_STEP][PASSED] - delay(45): Delayed 45 second(s)

17-03-2025T05:58:21 - [MESSAGE][PASSED] - Delayed 45 second(s)

17-03-2025T05:58:21 - [TEST_STEP][PASSED] - if (block == 2): Delayed 50 second(s)

17-03-2025T05:58:21 - [TEST_STEP][PASSED] - opoveshenie = getText(findTestObject("Выручка в рублях/Просьба обратить внимание")): Text of object 'Object Repository/Выручка в рублях/Просьба обратить внимание' is: 'Просьба обратить внимание'

17-03-2025T05:58:22 - [MESSAGE][PASSED] - Text of object 'Object Repository/Выручка в рублях/Просьба обратить внимание' is: 'Просьба обратить внимание'

17-03-2025T05:58:22 - [TEST_STEP][PASSED] - if (opoveshenie == "Просьба обратить внимание"): Delayed 50 second(s)

17-03-2025T05:58:22 - [TEST_STEP][PASSED] - click(findTestObject("Выручка в рублях/Закрыть оповещение")): Object: 'Object Repository/Выручка в рублях/Закрыть оповещение' is clicked on

17-03-2025T05:58:22 - [MESSAGE][PASSED] - Object: 'Object Repository/Выручка в рублях/Закрыть оповещение' is clicked on

17-03-2025T05:58:22 - [TEST_STEP][PASSED] - delay(50): Delayed 50 second(s)

17-03-2025T05:59:12 - [MESSAGE][PASSED] - Delayed 50 second(s)

17-03-2025T05:59:12 - [TEST_STEP][PASSED] - click(findTestObject("Выручка в рублях/Фильтр Период" + nameOfBlock)): Object: 'Object Repository/Выручка в рублях/Фильтр Период Выручка' is clicked on

17-03-2025T05:59:12 - [MESSAGE][PASSED] - Object: 'Object Repository/Выручка в рублях/Фильтр Период Выручка' is clicked on

17-03-2025T05:59:12 - [TEST_STEP][PASSED] - click(findTestObject("Выручка в рублях/Снять выделение в фильтре Дата" + nameOfBlock)): Object: 'Object Repository/Выручка в рублях/Снять выделение в фильтре Дата Выручка' is clicked on

17-03-2025T05:59:13 - [MESSAGE][PASSED] - Object: 'Object Repository/Выручка в рублях/Снять выделение в фильтре Дата Выручка' is clicked on

17-03-2025T05:59:13 - [TEST_STEP][PASSED] - click(findTestObject("Выручка в рублях/Применить в фильтре Дата" + nameOfBlock)): Object: 'Object Repository/Выручка в рублях/Применить в фильтре Дата Выручка' is clicked on

17-03-2025T05:59:14 - [MESSAGE][PASSED] - Object: 'Object Repository/Выручка в рублях/Применить в фильтре Дата Выручка' is clicked on

17-03-2025T05:59:14 - [TEST_STEP][PASSED] - delay(50): Delayed 50 second(s)

17-03-2025T06:00:04 - [MESSAGE][PASSED] - Delayed 50 second(s)

17-03-2025T06:00:04 - [TEST_STEP][PASSED] - click(findTestObject("Выручка в рублях/Фильтр Период" + nameOfBlock)): Object: 'Object Repository/Выручка в рублях/Фильтр Период Выручка' is clicked on

17-03-2025T06:00:04 - [MESSAGE][PASSED] - Object: 'Object Repository/Выручка в рублях/Фильтр Период Выручка' is clicked on

17-03-2025T06:00:04 - [TEST_STEP][PASSED] - click(findTestObject("Выручка в рублях/Снять выделение в фильтре Дата" + nameOfBlock)): Object: 'Object Repository/Выручка в рублях/Снять выделение в фильтре Дата Выручка' is clicked on

17-03-2025T06:00:04 - [MESSAGE][PASSED] - Object: 'Object Repository/Выручка в рублях/Снять выделение в фильтре Дата Выручка' is clicked on

17-03-2025T06:00:04 - [TEST_STEP][PASSED] - scrollToElement(findTestObject("Выручка в рублях/2025 список" + nameOfBlock), 30): Scroll to object 'Object Repository/Выручка в рублях/2025 список Выручка' successfully

17-03-2025T06:00:05 - [MESSAGE][PASSED] - Scroll to object 'Object Repository/Выручка в рублях/2025 список Выручка' successfully

17-03-2025T06:00:05 - [TEST_STEP][PASSED] - click(findTestObject("Выручка в рублях/2025 список" + nameOfBlock)): Object: 'Object Repository/Выручка в рублях/2025 список Выручка' is clicked on

17-03-2025T06:00:05 - [MESSAGE][PASSED] - Object: 'Object Repository/Выручка в рублях/2025 список Выручка' is clicked on

17-03-2025T06:00:05 - [TEST_STEP][PASSED] - scrollToElement(findTestObject("Выручка в рублях/1 квартал 2025 список Выручка"), 30): Scroll to object 'Object Repository/Выручка в рублях/1 квартал 2025 список Выручка' successfully

17-03-2025T06:00:06 - [MESSAGE][PASSED] - Scroll to object 'Object Repository/Выручка в рублях/1 квартал 2025 список Выручка' successfully

17-03-2025T06:00:06 - [TEST_STEP][PASSED] - click(findTestObject("Выручка в рублях/1 квартал 2025 список" + nameOfBlock)): Object: 'Object Repository/Выручка в рублях/1 квартал 2025 список Выручка' is clicked on

17-03-2025T06:00:06 - [MESSAGE][PASSED] - Object: 'Object Repository/Выручка в рублях/1 квартал 2025 список Выручка' is clicked on

17-03-2025T06:00:06 - [TEST_STEP][PASSED] - scrollToElement(findTestObject("Выручка в рублях/Январь 2025" + nameOfBlock), 30): Scroll to object 'Object Repository/Выручка в рублях/Январь 2025 Выручка' successfully

17-03-2025T06:00:06 - [MESSAGE][PASSED] - Scroll to object 'Object Repository/Выручка в рублях/Январь 2025 Выручка' successfully

17-03-2025T06:00:06 - [TEST_STEP][PASSED] - click(findTestObject("Выручка в рублях/Январь 2025" + nameOfBlock)): Object: 'Object Repository/Выручка в рублях/Январь 2025 Выручка' is clicked on

17-03-2025T06:00:07 - [MESSAGE][PASSED] - Object: 'Object Repository/Выручка в рублях/Январь 2025 Выручка' is clicked on

17-03-2025T06:00:07 - [TEST_STEP][PASSED] - scrollToElement(findTestObject("Выручка в рублях/Заголовок дашборда" + nameOfBlock), 30): Scroll to object 'Object Repository/Выручка в рублях/Заголовок дашборда Выручка' successfully

17-03-2025T06:00:07 - [MESSAGE][PASSED] - Scroll to object 'Object Repository/Выручка в рублях/Заголовок дашборда Выручка' successfully

17-03-2025T06:00:07 - [TEST_STEP][PASSED] - click(findTestObject("Выручка в рублях/Применить в фильтре Дата" + nameOfBlock)): Object: 'Object Repository/Выручка в рублях/Применить в фильтре Дата Выручка' is clicked on

17-03-2025T06:00:08 - [MESSAGE][PASSED] - Object: 'Object Repository/Выручка в рублях/Применить в фильтре Дата Выручка' is clicked on

17-03-2025T06:00:08 - [TEST_STEP][PASSED] - delay(55): Delayed 55 second(s)

17-03-2025T06:01:03 - [MESSAGE][PASSED] - Delayed 55 second(s)

17-03-2025T06:01:03 - [TEST_STEP][PASSED] - click(findTestObject("Выручка в рублях/Фильтр ДЗО" + nameOfBlock)): Object: 'Object Repository/Выручка в рублях/Фильтр ДЗО Выручка' is clicked on

17-03-2025T06:01:03 - [MESSAGE][PASSED] - Object: 'Object Repository/Выручка в рублях/Фильтр ДЗО Выручка' is clicked on

17-03-2025T06:01:03 - [TEST_STEP][PASSED] - click(findTestObject("Выручка в рублях/Снять выделение в фильтре ДЗО" + nameOfBlock)): Object: 'Object Repository/Выручка в рублях/Снять выделение в фильтре ДЗО Выручка' is clicked on

17-03-2025T06:01:04 - [MESSAGE][PASSED] - Object: 'Object Repository/Выручка в рублях/Снять выделение в фильтре ДЗО Выручка' is clicked on

17-03-2025T06:01:04 - [TEST_STEP][PASSED] - click(findTestObject("Выручка в рублях/Применить в фильтре ДЗО" + nameOfBlock)): Object: 'Object Repository/Выручка в рублях/Применить в фильтре ДЗО Выручка' is clicked on

17-03-2025T06:01:04 - [MESSAGE][PASSED] - Object: 'Object Repository/Выручка в рублях/Применить в фильтре ДЗО Выручка' is clicked on

17-03-2025T06:01:04 - [TEST_STEP][PASSED] - delay(50): Delayed 50 second(s)

17-03-2025T06:01:54 - [MESSAGE][PASSED] - Delayed 50 second(s)

17-03-2025T06:01:54 - [TEST_STEP][PASSED] - Script1710234207206.Tumbler(run, vir, block, nameOfBlock): null

17-03-2025T06:01:54 - [TEST_STEP][PASSED] - println("run:" + run): null

17-03-2025T06:01:54 - [TEST_STEP][PASSED] - println("vir:" + vir): null

17-03-2025T06:01:54 - [TEST_STEP][PASSED] - println("block:" + block): null

17-03-2025T06:01:54 - [TEST_STEP][PASSED] - println("nameOfBlock:" + nameOfBlock): null

17-03-2025T06:01:54 - [TEST_STEP][PASSED] - if (vir == 1): null

17-03-2025T06:01:54 - [TEST_STEP][PASSED] - if (run == 2): null

17-03-2025T06:01:54 - [TEST_STEP][PASSED] - click(findTestObject("Выручка в рублях/Фильтр ДЗО" + nameOfBlock)): Object: 'Object Repository/Выручка в рублях/Фильтр ДЗО Выручка' is clicked on

17-03-2025T06:01:54 - [MESSAGE][PASSED] - Object: 'Object Repository/Выручка в рублях/Фильтр ДЗО Выручка' is clicked on

17-03-2025T06:01:54 - [TEST_STEP][PASSED] - Script1710234207206.Rosseti(nameOfBlock): null

17-03-2025T06:01:54 - [TEST_STEP][PASSED] - println("nameOfBlock:" + nameOfBlock): null

17-03-2025T06:01:54 - [TEST_STEP][PASSED] - click(findTestObject("Выручка в рублях/ПАО Россети" + nameOfBlock)): Object: 'Object Repository/Выручка в рублях/ПАО Россети Выручка' is clicked on

17-03-2025T06:01:55 - [MESSAGE][PASSED] - Object: 'Object Repository/Выручка в рублях/ПАО Россети Выручка' is clicked on

17-03-2025T06:01:55 - [TEST_STEP][PASSED] - click(findTestObject("Выручка в рублях/Применить в фильтре ДЗО" + nameOfBlock)): Object: 'Object Repository/Выручка в рублях/Применить в фильтре ДЗО Выручка' is clicked on

17-03-2025T06:01:56 - [MESSAGE][PASSED] - Object: 'Object Repository/Выручка в рублях/Применить в фильтре ДЗО Выручка' is clicked on

17-03-2025T06:01:56 - [TEST_STEP][PASSED] - if (vir == 1 || vir == 2): Text of object 'Object Repository/Выручка в рублях/График План Выручка' is: '163 377'

17-03-2025T06:01:56 - [TEST_STEP][PASSED] - b1 = getText(findTestObject("Выручка в рублях/График План Выручка")): Text of object 'Object Repository/Выручка в рублях/График План Выручка' is: '163 377'

17-03-2025T06:01:57 - [MESSAGE][PASSED] - Text of object 'Object Repository/Выручка в рублях/График План Выручка' is: '163 377'

17-03-2025T06:01:57 - [TEST_STEP][PASSED] - if (vir == 1 || vir == 2): Text of object 'Object Repository/Выручка в рублях/График Факт Выручка' is: '157 865'

17-03-2025T06:01:57 - [TEST_STEP][PASSED] - b2 = getText(findTestObject("Выручка в рублях/График Факт Выручка")): Text of object 'Object Repository/Выручка в рублях/График Факт Выручка' is: '157 865'

17-03-2025T06:01:57 - [MESSAGE][PASSED] - Text of object 'Object Repository/Выручка в рублях/График Факт Выручка' is: '157 865'

17-03-2025T06:01:57 - [TEST_STEP][PASSED] - b30 = getText(findTestObject("Выручка в рублях/span1" + perc)): Text of object 'Object Repository/Выручка в рублях/span1' is: '-5 512.4 млн.руб.'

17-03-2025T06:01:58 - [MESSAGE][PASSED] - Text of object 'Object Repository/Выручка в рублях/span1' is: '-5 512.4 млн.руб.'

17-03-2025T06:01:58 - [TEST_STEP][PASSED] - i = b30.indexOf("млн.руб."): null

17-03-2025T06:01:58 - [TEST_STEP][PASSED] - if (i > -1): null

17-03-2025T06:01:58 - [TEST_STEP][PASSED] - b30 = b30.substring(0, i): null

17-03-2025T06:01:58 - [TEST_STEP][PASSED] - b30 = b30.replaceAll(" ", ""): null

17-03-2025T06:01:58 - [TEST_STEP][PASSED] - if (b30.contains("%")): null

17-03-2025T06:01:58 - [TEST_STEP][PASSED] - b30 = ").trim(): null

17-03-2025T06:01:58 - [TEST_STEP][PASSED] - println("b30: " + b30): null

17-03-2025T06:01:58 - [TEST_STEP][PASSED] - if (vir == 1 || vir == 2): Text of object 'Object Repository/Выручка в рублях/span2' is: '-73'

17-03-2025T06:01:58 - [TEST_STEP][PASSED] - b31 = ").trim(): Text of object 'Object Repository/Выручка в рублях/span2' is: '-73'

17-03-2025T06:01:58 - [MESSAGE][PASSED] - Text of object 'Object Repository/Выручка в рублях/span2' is: '-73'

17-03-2025T06:01:58 - [TEST_STEP][PASSED] - if (vir == 1 || vir == 2): Text of object 'Object Repository/Выручка в рублях/span3' is: '23'

17-03-2025T06:01:58 - [TEST_STEP][PASSED] - b32 = ").trim(): Text of object 'Object Repository/Выручка в рублях/span3' is: '23'

17-03-2025T06:01:58 - [MESSAGE][PASSED] - Text of object 'Object Repository/Выручка в рублях/span3' is: '23'

17-03-2025T06:01:58 - [TEST_STEP][PASSED] - if (vir == 1 || vir == 2): Text of object 'Object Repository/Выручка в рублях/span8' is: '-927'

17-03-2025T06:01:58 - [TEST_STEP][PASSED] - b33 = ").trim(): Text of object 'Object Repository/Выручка в рублях/span4' is: '-83'

17-03-2025T06:01:59 - [MESSAGE][PASSED] - Text of object 'Object Repository/Выручка в рублях/span4' is: '-83'

17-03-2025T06:01:59 - [TEST_STEP][PASSED] - b34 = ").trim(): Text of object 'Object Repository/Выручка в рублях/span5' is: '-295'

17-03-2025T06:01:59 - [MESSAGE][PASSED] - Text of object 'Object Repository/Выручка в рублях/span5' is: '-295'

17-03-2025T06:01:59 - [TEST_STEP][PASSED] - b35 = ").trim(): Text of object 'Object Repository/Выручка в рублях/span6' is: '-54'

17-03-2025T06:01:59 - [MESSAGE][PASSED] - Text of object 'Object Repository/Выручка в рублях/span6' is: '-54'

17-03-2025T06:01:59 - [TEST_STEP][PASSED] - b36 = ").trim(): Text of object 'Object Repository/Выручка в рублях/span7' is: '-403'

17-03-2025T06:01:59 - [MESSAGE][PASSED] - Text of object 'Object Repository/Выручка в рублях/span7' is: '-403'

17-03-2025T06:01:59 - [TEST_STEP][PASSED] - b37 = ").trim(): Text of object 'Object Repository/Выручка в рублях/span8' is: '-927'

17-03-2025T06:02:00 - [MESSAGE][PASSED] - Text of object 'Object Repository/Выручка в рублях/span8' is: '-927'

17-03-2025T06:02:00 - [TEST_STEP][PASSED] - if (vir == 1 || vir == 2): Text of object 'Object Repository/Выручка в рублях/span17' is: '-613'

17-03-2025T06:02:00 - [TEST_STEP][PASSED] - b38 = ").trim(): Text of object 'Object Repository/Выручка в рублях/span9' is: '-606'

17-03-2025T06:02:00 - [MESSAGE][PASSED] - Text of object 'Object Repository/Выручка в рублях/span9' is: '-606'

17-03-2025T06:02:00 - [TEST_STEP][PASSED] - b39 = ").trim(): Text of object 'Object Repository/Выручка в рублях/span10' is: '-251'

17-03-2025T06:02:00 - [MESSAGE][PASSED] - Text of object 'Object Repository/Выручка в рублях/span10' is: '-251'

17-03-2025T06:02:00 - [TEST_STEP][PASSED] - b310 = ").trim(): Text of object 'Object Repository/Выручка в рублях/span11' is: '348'

17-03-2025T06:02:01 - [MESSAGE][PASSED] - Text of object 'Object Repository/Выручка в рублях/span11' is: '348'

17-03-2025T06:02:01 - [TEST_STEP][PASSED] - b311 = ").trim(): Text of object 'Object Repository/Выручка в рублях/span12' is: '-58'

17-03-2025T06:02:01 - [MESSAGE][PASSED] - Text of object 'Object Repository/Выручка в рублях/span12' is: '-58'

17-03-2025T06:02:01 - [TEST_STEP][PASSED] - b312 = ").trim(): Text of object 'Object Repository/Выручка в рублях/span13' is: '-1 104'

17-03-2025T06:02:01 - [MESSAGE][PASSED] - Text of object 'Object Repository/Выручка в рублях/span13' is: '-1 104'

17-03-2025T06:02:01 - [TEST_STEP][PASSED] - b313 = ").trim(): Text of object 'Object Repository/Выручка в рублях/span14' is: '-474'

17-03-2025T06:02:01 - [MESSAGE][PASSED] - Text of object 'Object Repository/Выручка в рублях/span14' is: '-474'

17-03-2025T06:02:01 - [TEST_STEP][PASSED] - b314 = ").trim(): Text of object 'Object Repository/Выручка в рублях/span15' is: '-59'

17-03-2025T06:02:02 - [MESSAGE][PASSED] - Text of object 'Object Repository/Выручка в рублях/span15' is: '-59'

17-03-2025T06:02:02 - [TEST_STEP][PASSED] - b315 = ").trim(): Text of object 'Object Repository/Выручка в рублях/span16' is: '-675'

17-03-2025T06:02:02 - [MESSAGE][PASSED] - Text of object 'Object Repository/Выручка в рублях/span16' is: '-675'

17-03-2025T06:02:02 - [TEST_STEP][PASSED] - b316 = ").trim(): Text of object 'Object Repository/Выручка в рублях/span17' is: '-613'

17-03-2025T06:02:02 - [MESSAGE][PASSED] - Text of object 'Object Repository/Выручка в рублях/span17' is: '-613'

17-03-2025T06:02:02 - [TEST_STEP][PASSED] - if (vir == 1 || vir == 2): Text of object 'Object Repository/Выручка в рублях/span18' is: '-191'

17-03-2025T06:02:02 - [TEST_STEP][PASSED] - b317 = ").trim(): Text of object 'Object Repository/Выручка в рублях/span18' is: '-191'

17-03-2025T06:02:03 - [MESSAGE][PASSED] - Text of object 'Object Repository/Выручка в рублях/span18' is: '-191'

17-03-2025T06:02:03 - [TEST_STEP][PASSED] - dZO = "ПАО Россети": null

17-03-2025T06:02:03 - [TEST_STEP][PASSED] - if (verifyEqual(a1, b1) == false): Actual object '163 377' and expected object '163 377' are equal

17-03-2025T06:02:03 - [MESSAGE][PASSED] - Actual object '163 377' and expected object '163 377' are equal

17-03-2025T06:02:03 - [TEST_STEP][PASSED] - if (verifyEqual(a2, b2) == false): Actual object '157 865' and expected object '157 865' are equal

17-03-2025T06:02:03 - [MESSAGE][PASSED] - Actual object '157 865' and expected object '157 865' are equal

17-03-2025T06:02:03 - [TEST_STEP][PASSED] - vidget = "Отклонения": null

17-03-2025T06:02:03 - [TEST_STEP][PASSED] - if (verifyEqual(a30, b30) == false): Actual object '-5512.4' and expected object '-5512.4' are equal

17-03-2025T06:02:03 - [MESSAGE][PASSED] - Actual object '-5512.4' and expected object '-5512.4' are equal

17-03-2025T06:02:03 - [TEST_STEP][PASSED] - dZO = "АО «Тываэнерго»": null

17-03-2025T06:02:03 - [TEST_STEP][PASSED] - if (verifyEqual(a31, b31) == false): Actual object '-73' and expected object '-73' are equal

17-03-2025T06:02:03 - [MESSAGE][PASSED] - Actual object '-73' and expected object '-73' are equal

17-03-2025T06:02:03 - [TEST_STEP][PASSED] - dZO = "АО «Чеченэнерго»": null

17-03-2025T06:02:03 - [TEST_STEP][PASSED] - if (verifyEqual(a32, b32) == false): Actual object '23' and expected object '23' are equal

17-03-2025T06:02:03 - [MESSAGE][PASSED] - Actual object '23' and expected object '23' are equal

17-03-2025T06:02:03 - [TEST_STEP][PASSED] - dZO = "Россети Волга": null

17-03-2025T06:02:03 - [TEST_STEP][PASSED] - if (verifyEqual(a33, b33) == false): Actual object '-83' and expected object '-83' are equal

17-03-2025T06:02:03 - [MESSAGE][PASSED] - Actual object '-83' and expected object '-83' are equal

17-03-2025T06:02:03 - [TEST_STEP][PASSED] - dZO = "Россети Кубань": null

17-03-2025T06:02:03 - [TEST_STEP][PASSED] - if (verifyEqual(a34, b34) == false): Actual object '-295' and expected object '-295' are equal

17-03-2025T06:02:03 - [MESSAGE][PASSED] - Actual object '-295' and expected object '-295' are equal

17-03-2025T06:02:03 - [TEST_STEP][PASSED] - dZO = "Россети Ленэнерго (ГК)": null

17-03-2025T06:02:03 - [TEST_STEP][PASSED] - if (verifyEqual(a35, b35) == false): Actual object '-54' and expected object '-54' are equal

17-03-2025T06:02:03 - [MESSAGE][PASSED] - Actual object '-54' and expected object '-54' are equal

17-03-2025T06:02:03 - [TEST_STEP][PASSED] - dZO = "Россети Московский регион": null

17-03-2025T06:02:03 - [TEST_STEP][PASSED] - if (verifyEqual(a36, b36) == false): Actual object '-403' and expected object '-403' are equal

17-03-2025T06:02:03 - [MESSAGE][PASSED] - Actual object '-403' and expected object '-403' are equal

17-03-2025T06:02:03 - [TEST_STEP][PASSED] - dZO = "Россети Северный Кавказ (ГК)": null

17-03-2025T06:02:03 - [TEST_STEP][PASSED] - if (verifyEqual(a37, b37) == false): Actual object '-927' and expected object '-927' are equal

17-03-2025T06:02:03 - [MESSAGE][PASSED] - Actual object '-927' and expected object '-927' are equal

17-03-2025T06:02:03 - [TEST_STEP][PASSED] - dZO = "Россети Северо-Запад": null

17-03-2025T06:02:03 - [TEST_STEP][PASSED] - if (verifyEqual(a38, b38) == false): Actual object '-606' and expected object '-606' are equal

17-03-2025T06:02:03 - [MESSAGE][PASSED] - Actual object '-606' and expected object '-606' are equal

17-03-2025T06:02:03 - [TEST_STEP][PASSED] - dZO = "Россети Сибирь (ГК)": null

17-03-2025T06:02:03 - [TEST_STEP][PASSED] - if (verifyEqual(a39, b39) == false): Actual object '-251' and expected object '-251' are equal

17-03-2025T06:02:03 - [MESSAGE][PASSED] - Actual object '-251' and expected object '-251' are equal

17-03-2025T06:02:03 - [TEST_STEP][PASSED] - dZO = "Россети Томск": null

17-03-2025T06:02:03 - [TEST_STEP][PASSED] - if (verifyEqual(a310, b310) == false): Actual object '348' and expected object '348' are equal

17-03-2025T06:02:03 - [MESSAGE][PASSED] - Actual object '348' and expected object '348' are equal

17-03-2025T06:02:03 - [TEST_STEP][PASSED] - dZO = "Россети Тюмень": null

17-03-2025T06:02:03 - [TEST_STEP][PASSED] - if (verifyEqual(a311, b311) == false): Actual object '-58' and expected object '-58' are equal

17-03-2025T06:02:03 - [MESSAGE][PASSED] - Actual object '-58' and expected object '-58' are equal

17-03-2025T06:02:03 - [TEST_STEP][PASSED] - dZO = "Россети Урал (ГК)": null

17-03-2025T06:02:03 - [TEST_STEP][PASSED] - if (verifyEqual(a312, b312) == false): Actual object '-1 104' and expected object '-1 104' are equal

17-03-2025T06:02:03 - [MESSAGE][PASSED] - Actual object '-1 104' and expected object '-1 104' are equal

17-03-2025T06:02:03 - [TEST_STEP][PASSED] - dZO = "Россети ФСК ЕЭС": null

17-03-2025T06:02:03 - [TEST_STEP][PASSED] - if (verifyEqual(a313, b313) == false): Actual object '-474' and expected object '-474' are equal

17-03-2025T06:02:03 - [MESSAGE][PASSED] - Actual object '-474' and expected object '-474' are equal

17-03-2025T06:02:03 - [TEST_STEP][PASSED] - dZO = "Россети Центр": null

17-03-2025T06:02:03 - [TEST_STEP][PASSED] - if (verifyEqual(a314, b314) == false): Actual object '-59' and expected object '-59' are equal

17-03-2025T06:02:03 - [MESSAGE][PASSED] - Actual object '-59' and expected object '-59' are equal

17-03-2025T06:02:03 - [TEST_STEP][PASSED] - dZO = "Россети Центр и Приволжье (ГК)": null

17-03-2025T06:02:03 - [TEST_STEP][PASSED] - if (verifyEqual(a315, b315) == false): Actual object '-675' and expected object '-675' are equal

17-03-2025T06:02:03 - [MESSAGE][PASSED] - Actual object '-675' and expected object '-675' are equal

17-03-2025T06:02:03 - [TEST_STEP][PASSED] - dZO = "Россети Юг (ГК)": null

17-03-2025T06:02:03 - [TEST_STEP][PASSED] - if (verifyEqual(a316, b316) == false): Actual object '-613' and expected object '-613' are equal

17-03-2025T06:02:03 - [MESSAGE][PASSED] - Actual object '-613' and expected object '-613' are equal

17-03-2025T06:02:03 - [TEST_STEP][PASSED] - dZO = "Россети Янтарь": null

17-03-2025T06:02:03 - [TEST_STEP][PASSED] - if (verifyEqual(a317, b317) == false): Actual object '-191' and expected object '-191' are equal

17-03-2025T06:02:03 - [MESSAGE][PASSED] - Actual object '-191' and expected object '-191' are equal

17-03-2025T06:02:03 - [TEST_STEP][PASSED] - closeBrowser(): null

17-03-2025T06:02:03 - [MESSAGE][PASSED] - Browser is closed

17-03-2025T06:02:03 - [TEST_STEP][PASSED] - Script1710234207206.Blocks(run, vir, block, nameOfBlock, typeOfData, viruchka, vidget, todaysDate, a, b, dZO, x, y): null

17-03-2025T06:02:03 - [TEST_STEP][PASSED] - i = <not implemented yet for class: org.codehaus.groovy.ast.expr.EmptyExpression>: null

17-03-2025T06:02:03 - [TEST_STEP][PASSED] - perc = "": null

17-03-2025T06:02:03 - [TEST_STEP][PASSED] - a1 = <not implemented yet for class: org.codehaus.groovy.ast.expr.EmptyExpression>: null

17-03-2025T06:02:03 - [TEST_STEP][PASSED] - a2 = <not implemented yet for class: org.codehaus.groovy.ast.expr.EmptyExpression>: null

17-03-2025T06:02:03 - [TEST_STEP][PASSED] - a30 = <not implemented yet for class: org.codehaus.groovy.ast.expr.EmptyExpression>: null

17-03-2025T06:02:03 - [TEST_STEP][PASSED] - a31 = <not implemented yet for class: org.codehaus.groovy.ast.expr.EmptyExpression>: null

17-03-2025T06:02:03 - [TEST_STEP][PASSED] - a32 = <not implemented yet for class: org.codehaus.groovy.ast.expr.EmptyExpression>: null

17-03-2025T06:02:03 - [TEST_STEP][PASSED] - a33 = <not implemented yet for class: org.codehaus.groovy.ast.expr.EmptyExpression>: null

17-03-2025T06:02:03 - [TEST_STEP][PASSED] - a34 = <not implemented yet for class: org.codehaus.groovy.ast.expr.EmptyExpression>: null

17-03-2025T06:02:03 - [TEST_STEP][PASSED] - a35 = <not implemented yet for class: org.codehaus.groovy.ast.expr.EmptyExpression>: null

17-03-2025T06:02:03 - [TEST_STEP][PASSED] - a36 = <not implemented yet for class: org.codehaus.groovy.ast.expr.EmptyExpression>: null

17-03-2025T06:02:03 - [TEST_STEP][PASSED] - a37 = <not implemented yet for class: org.codehaus.groovy.ast.expr.EmptyExpression>: null

17-03-2025T06:02:03 - [TEST_STEP][PASSED] - a38 = <not implemented yet for class: org.codehaus.groovy.ast.expr.EmptyExpression>: null

17-03-2025T06:02:03 - [TEST_STEP][PASSED] - a39 = <not implemented yet for class: org.codehaus.groovy.ast.expr.EmptyExpression>: null

17-03-2025T06:02:03 - [TEST_STEP][PASSED] - a310 = <not implemented yet for class: org.codehaus.groovy.ast.expr.EmptyExpression>: null

17-03-2025T06:02:03 - [TEST_STEP][PASSED] - a311 = <not implemented yet for class: org.codehaus.groovy.ast.expr.EmptyExpression>: null

17-03-2025T06:02:03 - [TEST_STEP][PASSED] - a312 = <not implemented yet for class: org.codehaus.groovy.ast.expr.EmptyExpression>: null

17-03-2025T06:02:03 - [TEST_STEP][PASSED] - a313 = <not implemented yet for class: org.codehaus.groovy.ast.expr.EmptyExpression>: null

17-03-2025T06:02:03 - [TEST_STEP][PASSED] - a314 = <not implemented yet for class: org.codehaus.groovy.ast.expr.EmptyExpression>: null

17-03-2025T06:02:03 - [TEST_STEP][PASSED] - a315 = <not implemented yet for class: org.codehaus.groovy.ast.expr.EmptyExpression>: null

17-03-2025T06:02:03 - [TEST_STEP][PASSED] - a316 = <not implemented yet for class: org.codehaus.groovy.ast.expr.EmptyExpression>: null

17-03-2025T06:02:03 - [TEST_STEP][PASSED] - a317 = <not implemented yet for class: org.codehaus.groovy.ast.expr.EmptyExpression>: null

17-03-2025T06:02:03 - [TEST_STEP][PASSED] - b1 = <not implemented yet for class: org.codehaus.groovy.ast.expr.EmptyExpression>: null

17-03-2025T06:02:03 - [TEST_STEP][PASSED] - b2 = <not implemented yet for class: org.codehaus.groovy.ast.expr.EmptyExpression>: null

17-03-2025T06:02:03 - [TEST_STEP][PASSED] - b30 = <not implemented yet for class: org.codehaus.groovy.ast.expr.EmptyExpression>: null

17-03-2025T06:02:03 - [TEST_STEP][PASSED] - b31 = <not implemented yet for class: org.codehaus.groovy.ast.expr.EmptyExpression>: null

17-03-2025T06:02:03 - [TEST_STEP][PASSED] - b32 = <not implemented yet for class: org.codehaus.groovy.ast.expr.EmptyExpression>: null

17-03-2025T06:02:03 - [TEST_STEP][PASSED] - b33 = <not implemented yet for class: org.codehaus.groovy.ast.expr.EmptyExpression>: null

17-03-2025T06:02:03 - [TEST_STEP][PASSED] - b34 = <not implemented yet for class: org.codehaus.groovy.ast.expr.EmptyExpression>: null

17-03-2025T06:02:03 - [TEST_STEP][PASSED] - b35 = <not implemented yet for class: org.codehaus.groovy.ast.expr.EmptyExpression>: null

17-03-2025T06:02:03 - [TEST_STEP][PASSED] - b36 = <not implemented yet for class: org.codehaus.groovy.ast.expr.EmptyExpression>: null

17-03-2025T06:02:03 - [TEST_STEP][PASSED] - b37 = <not implemented yet for class: org.codehaus.groovy.ast.expr.EmptyExpression>: null

17-03-2025T06:02:03 - [TEST_STEP][PASSED] - b38 = <not implemented yet for class: org.codehaus.groovy.ast.expr.EmptyExpression>: null

17-03-2025T06:02:03 - [TEST_STEP][PASSED] - b39 = <not implemented yet for class: org.codehaus.groovy.ast.expr.EmptyExpression>: null

17-03-2025T06:02:03 - [TEST_STEP][PASSED] - b310 = <not implemented yet for class: org.codehaus.groovy.ast.expr.EmptyExpression>: null

17-03-2025T06:02:03 - [TEST_STEP][PASSED] - b311 = <not implemented yet for class: org.codehaus.groovy.ast.expr.EmptyExpression>: null

17-03-2025T06:02:03 - [TEST_STEP][PASSED] - b312 = <not implemented yet for class: org.codehaus.groovy.ast.expr.EmptyExpression>: null

17-03-2025T06:02:03 - [TEST_STEP][PASSED] - b313 = <not implemented yet for class: org.codehaus.groovy.ast.expr.EmptyExpression>: null

17-03-2025T06:02:03 - [TEST_STEP][PASSED] - b314 = <not implemented yet for class: org.codehaus.groovy.ast.expr.EmptyExpression>: null

17-03-2025T06:02:03 - [TEST_STEP][PASSED] - b315 = <not implemented yet for class: org.codehaus.groovy.ast.expr.EmptyExpression>: null

17-03-2025T06:02:03 - [TEST_STEP][PASSED] - b316 = <not implemented yet for class: org.codehaus.groovy.ast.expr.EmptyExpression>: null

17-03-2025T06:02:03 - [TEST_STEP][PASSED] - b317 = <not implemented yet for class: org.codehaus.groovy.ast.expr.EmptyExpression>: null

17-03-2025T06:02:03 - [TEST_STEP][PASSED] - block = 1: null

17-03-2025T06:02:03 - [TEST_STEP][PASSED] - nameOfBlock = "": null

17-03-2025T06:02:03 - [TEST_STEP][PASSED] - Script1710234207206.PreSettings(run, vir, block, nameOfBlock, typeOfData, todaysDate): null

17-03-2025T06:02:03 - [TEST_STEP][PASSED] - openBrowser(""): Browser is opened with url: ''

17-03-2025T06:02:03 - [MESSAGE][INFO] - Starting 'Chrome' driver

17-03-2025T06:02:03 - [MESSAGE][INFO] - Action delay is set to 0 milliseconds

17-03-2025T06:02:04 - [MESSAGE][PASSED] - Browser is opened with url: ''

17-03-2025T06:02:04 - [TEST_STEP][PASSED] - refresh(): Refresh successfully

17-03-2025T06:02:04 - [MESSAGE][PASSED] - Refresh successfully

17-03-2025T06:02:04 - [TEST_STEP][PASSED] - delay(50): Delayed 50 second(s)

17-03-2025T06:02:54 - [MESSAGE][PASSED] - Delayed 50 second(s)

17-03-2025T06:02:54 - [TEST_STEP][PASSED] - println("run:" + run): null

17-03-2025T06:02:54 - [TEST_STEP][PASSED] - println("vir:" + vir): null

17-03-2025T06:02:54 - [TEST_STEP][PASSED] - println("block:" + block): null

17-03-2025T06:02:54 - [TEST_STEP][PASSED] - if (block == 1): null

17-03-2025T06:02:54 - [TEST_STEP][PASSED] - nameOfBlock = "": null

17-03-2025T06:02:54 - [TEST_STEP][PASSED] - println("nameOfBlock:" + nameOfBlock): null

17-03-2025T06:02:54 - [TEST_STEP][PASSED] - println("typeOfData:" + typeOfData): null

17-03-2025T06:02:54 - [TEST_STEP][PASSED] - println("todaysDate:" + todaysDate): null

17-03-2025T06:02:54 - [TEST_STEP][PASSED] - Script1710234207206.Autorization(block, nameOfBlock): null

17-03-2025T06:02:54 - [TEST_STEP][PASSED] - i = <not implemented yet for class: org.codehaus.groovy.ast.expr.EmptyExpression>: null

17-03-2025T06:02:54 - [TEST_STEP][PASSED] - ii = <not implemented yet for class: org.codehaus.groovy.ast.expr.EmptyExpression>: null

17-03-2025T06:02:54 - [TEST_STEP][PASSED] - urlData = <not implemented yet for class: org.codehaus.groovy.ast.expr.EmptyExpression>: null

17-03-2025T06:02:54 - [TEST_STEP][PASSED] - searchWord = <not implemented yet for class: org.codehaus.groovy.ast.expr.EmptyExpression>: null

17-03-2025T06:02:54 - [TEST_STEP][PASSED] - urlText = <not implemented yet for class: org.codehaus.groovy.ast.expr.EmptyExpression>: null

17-03-2025T06:02:54 - [TEST_STEP][PASSED] - println("block:" + block): null

17-03-2025T06:02:54 - [TEST_STEP][PASSED] - if (block == 1): null

17-03-2025T06:02:54 - [TEST_STEP][PASSED] - nameOfBlock = "": null

17-03-2025T06:02:54 - [TEST_STEP][PASSED] - println("nameOfBlock:" + nameOfBlock): null

17-03-2025T06:02:54 - [TEST_STEP][PASSED] - if (block == 1): Delayed 45 second(s)

17-03-2025T06:02:54 - [TEST_STEP][PASSED] - urlData = 2: null

17-03-2025T06:02:54 - [TEST_STEP][PASSED] - delay(45): Delayed 45 second(s)

17-03-2025T06:03:39 - [MESSAGE][PASSED] - Delayed 45 second(s)

17-03-2025T06:03:39 - [TEST_STEP][PASSED] - navigateToUrl(findTestData("PlanFact").getValue(10, urlData)): Navigate to 'https://bi.rosseti.digital/viewer?dashboardGuid=2301950b23be4ed89c1df75f2020051e&sheetGuid=b723206f698544fb87299f3095c00435&fit=true' successfully

17-03-2025T06:03:42 - [MESSAGE][PASSED] - Navigate to 'https://bi.rosseti.digital/viewer?dashboardGuid=2301950b23be4ed89c1df75f2020051e&sheetGuid=b723206f698544fb87299f3095c00435&fit=true' successfully

17-03-2025T06:03:42 - [TEST_STEP][PASSED] - urlText = getText(findTestObject("Страница авторизации/Text")): Text of object 'Object Repository/Страница авторизации/Text' is: 'Вход'

17-03-2025T06:03:44 - [MESSAGE][PASSED] - Text of object 'Object Repository/Страница авторизации/Text' is: 'Вход'

17-03-2025T06:03:44 - [TEST_STEP][PASSED] - searchWord = "Вход": null

17-03-2025T06:03:44 - [TEST_STEP][PASSED] - if (urlText == null || urlText.contains("ошибка") || urlText.contains(searchWord) == false): null

17-03-2025T06:03:44 - [TEST_STEP][PASSED] - if (verifyElementPresent(findTestObject("Страница авторизации/button_"), 30) == true): null

17-03-2025T06:03:45 - [MESSAGE][PASSED] - Object 'Object Repository/Страница авторизации/button_' is present

17-03-2025T06:03:45 - [TEST_STEP][PASSED] - setText(findTestObject("Страница авторизации/input__username"), findTestData("PlanFact").getValue(8, 1)): Text 'liazgina-di' is set on object 'Object Repository/Страница авторизации/input__username'

17-03-2025T06:03:45 - [MESSAGE][PASSED] - Text 'liazgina-di' is set on object 'Object Repository/Страница авторизации/input__username'

17-03-2025T06:03:45 - [TEST_STEP][PASSED] - setText(findTestObject("Страница авторизации/input__password"), findTestData("PlanFact").getValue(9, 1)): Text ')$%5srZ8o688Dm#q' is set on object 'Object Repository/Страница авторизации/input__password'

17-03-2025T06:03:46 - [MESSAGE][PASSED] - Text ')$%5srZ8o688Dm#q' is set on object 'Object Repository/Страница авторизации/input__password'

17-03-2025T06:03:46 - [TEST_STEP][PASSED] - click(findTestObject("Страница авторизации/button_")): Object: 'Object Repository/Страница авторизации/button_' is clicked on

17-03-2025T06:03:47 - [MESSAGE][PASSED] - Object: 'Object Repository/Страница авторизации/button_' is clicked on

17-03-2025T06:03:47 - [TEST_STEP][PASSED] - delay(45): Delayed 45 second(s)

17-03-2025T06:04:32 - [MESSAGE][PASSED] - Delayed 45 second(s)

17-03-2025T06:04:32 - [TEST_STEP][PASSED] - urlText = getText(findTestObject("Страница авторизации/Text")): Text of object 'Object Repository/Страница авторизации/Text' is: 'Период
Январь 2025 года
Выручка
Все
Выполнение плановых показателей по ПАО Россети за Январь 2025 года
План
Факт
Динамика
2025 год
0 млн.руб.
20 000 млн.руб.
40 000 млн.руб.
60 000 млн.руб.
80 000 млн.руб.
100 000 млн.руб.
120 000 млн.руб.
140 000 млн.руб.
160 000 млн.руб.
180 000 млн.руб.
200 000 млн.руб.
163 377
157 865
↓
ДЗО 
ПАО Россети
Внутренний оборот - выручка за услуги по передаче электрической энергии, учтенная в выручке за электроэнергию для конечных потребителей, при выполнении ДЗО функций гарантирующего поставщика
Подписи данных
⬤Отклонение
АО "РЭС"
АО «Тываэнерго»
АО «Чеченэнерго»
Россети Волга
Россети Кубань
Россети Ленэнерго (ГК)
Россети Московский регион
Россети Северный Кавказ (ГК)
Россети Северо-Запад
Россети Сибирь (ГК)
Россети Томск
Россети Тюмень
Россети Урал (ГК)
Россети ФСК ЕЭС
Россети Центр
Россети Центр и Приволжье (ГК)
Россети Юг (ГК)
Россети Янтарь
-1 200 млн.руб.
-1 000 млн.руб.
- 800 млн.руб.
- 600 млн.руб.
- 400 млн.руб.
- 200 млн.руб.
0 млн.руб.
200 млн.руб.
400 млн.руб.
600 млн.руб.
-73
23
-83
-295
-54
-403
-927
-606
-251
348
-58
-1 104
-474
-59
-675
-613
-191
-19
млн.
%
Выручка
Отклонение выручки по ПАО Россети за Январь 2025 года (факт/план, млн. руб)
ПАО Россети
-5 512.4 млн.руб.
 '

17-03-2025T06:04:33 - [MESSAGE][PASSED] - Text of object 'Object Repository/Страница авторизации/Text' is: 'Период
Январь 2025 года
Выручка
Все
Выполнение плановых показателей по ПАО Россети за Январь 2025 года
План
Факт
Динамика
2025 год
0 млн.руб.
20 000 млн.руб.
40 000 млн.руб.
60 000 млн.руб.
80 000 млн.руб.
100 000 млн.руб.
120 000 млн.руб.
140 000 млн.руб.
160 000 млн.руб.
180 000 млн.руб.
200 000 млн.руб.
163 377
157 865
↓
ДЗО 
ПАО Россети
Внутренний оборот - выручка за услуги по передаче электрической энергии, учтенная в выручке за электроэнергию для конечных потребителей, при выполнении ДЗО функций гарантирующего поставщика
Подписи данных
⬤Отклонение
АО "РЭС"
АО «Тываэнерго»
АО «Чеченэнерго»
Россети Волга
Россети Кубань
Россети Ленэнерго (ГК)
Россети Московский регион
Россети Северный Кавказ (ГК)
Россети Северо-Запад
Россети Сибирь (ГК)
Россети Томск
Россети Тюмень
Россети Урал (ГК)
Россети ФСК ЕЭС
Россети Центр
Россети Центр и Приволжье (ГК)
Россети Юг (ГК)
Россети Янтарь
-1 200 млн.руб.
-1 000 млн.руб.
- 800 млн.руб.
- 600 млн.руб.
- 400 млн.руб.
- 200 млн.руб.
0 млн.руб.
200 млн.руб.
400 млн.руб.
600 млн.руб.
-73
23
-83
-295
-54
-403
-927
-606
-251
348
-58
-1 104
-474
-59
-675
-613
-191
-19
млн.
%
Выручка
Отклонение выручки по ПАО Россети за Январь 2025 года (факт/план, млн. руб)
ПАО Россети
-5 512.4 млн.руб.
 '

17-03-2025T06:04:33 - [TEST_STEP][PASSED] - searchWord = "а": null

17-03-2025T06:04:33 - [TEST_STEP][PASSED] - if (urlText.contains("ошибка") || urlText.contains(searchWord) == false): null

17-03-2025T06:04:33 - [TEST_STEP][PASSED] - delay(45): Delayed 45 second(s)

17-03-2025T06:05:18 - [MESSAGE][PASSED] - Delayed 45 second(s)

17-03-2025T06:05:18 - [TEST_STEP][PASSED] - if (block == 2): null

17-03-2025T06:05:18 - [TEST_STEP][PASSED] - click(findTestObject("Выручка в рублях/Фильтр Период" + nameOfBlock)): Object: 'Object Repository/Выручка в рублях/Фильтр Период' is clicked on

17-03-2025T06:05:18 - [MESSAGE][PASSED] - Object: 'Object Repository/Выручка в рублях/Фильтр Период' is clicked on

17-03-2025T06:05:18 - [TEST_STEP][PASSED] - click(findTestObject("Выручка в рублях/Снять выделение в фильтре Дата" + nameOfBlock)): Object: 'Object Repository/Выручка в рублях/Снять выделение в фильтре Дата' is clicked on

17-03-2025T06:05:19 - [MESSAGE][PASSED] - Object: 'Object Repository/Выручка в рублях/Снять выделение в фильтре Дата' is clicked on

17-03-2025T06:05:19 - [TEST_STEP][PASSED] - click(findTestObject("Выручка в рублях/Применить в фильтре Дата" + nameOfBlock)): Object: 'Object Repository/Выручка в рублях/Применить в фильтре Дата' is clicked on

17-03-2025T06:05:19 - [MESSAGE][PASSED] - Object: 'Object Repository/Выручка в рублях/Применить в фильтре Дата' is clicked on

17-03-2025T06:05:19 - [TEST_STEP][PASSED] - delay(50): Delayed 50 second(s)

17-03-2025T06:06:09 - [MESSAGE][PASSED] - Delayed 50 second(s)

17-03-2025T06:06:09 - [TEST_STEP][PASSED] - click(findTestObject("Выручка в рублях/Фильтр Период" + nameOfBlock)): Object: 'Object Repository/Выручка в рублях/Фильтр Период' is clicked on

17-03-2025T06:06:10 - [MESSAGE][PASSED] - Object: 'Object Repository/Выручка в рублях/Фильтр Период' is clicked on

17-03-2025T06:06:10 - [TEST_STEP][PASSED] - click(findTestObject("Выручка в рублях/Снять выделение в фильтре Дата" + nameOfBlock)): Object: 'Object Repository/Выручка в рублях/Снять выделение в фильтре Дата' is clicked on

17-03-2025T06:06:10 - [MESSAGE][PASSED] - Object: 'Object Repository/Выручка в рублях/Снять выделение в фильтре Дата' is clicked on

17-03-2025T06:06:10 - [TEST_STEP][PASSED] - scrollToElement(findTestObject("Выручка в рублях/2025 список" + nameOfBlock), 30): Scroll to object 'Object Repository/Выручка в рублях/2025 список' successfully

17-03-2025T06:06:11 - [MESSAGE][PASSED] - Scroll to object 'Object Repository/Выручка в рублях/2025 список' successfully

17-03-2025T06:06:11 - [TEST_STEP][PASSED] - click(findTestObject("Выручка в рублях/2025 список" + nameOfBlock)): Object: 'Object Repository/Выручка в рублях/2025 список' is clicked on

17-03-2025T06:06:11 - [MESSAGE][PASSED] - Object: 'Object Repository/Выручка в рублях/2025 список' is clicked on

17-03-2025T06:06:11 - [TEST_STEP][PASSED] - scrollToElement(findTestObject("Выручка в рублях/1 квартал 2025 список Выручка"), 30): Scroll to object 'Object Repository/Выручка в рублях/1 квартал 2025 список Выручка' successfully

17-03-2025T06:06:11 - [MESSAGE][PASSED] - Scroll to object 'Object Repository/Выручка в рублях/1 квартал 2025 список Выручка' successfully

17-03-2025T06:06:11 - [TEST_STEP][PASSED] - click(findTestObject("Выручка в рублях/1 квартал 2025 список" + nameOfBlock)): Object: 'Object Repository/Выручка в рублях/1 квартал 2025 список' is clicked on

17-03-2025T06:06:12 - [MESSAGE][PASSED] - Object: 'Object Repository/Выручка в рублях/1 квартал 2025 список' is clicked on

17-03-2025T06:06:12 - [TEST_STEP][PASSED] - scrollToElement(findTestObject("Выручка в рублях/Январь 2025" + nameOfBlock), 30): Scroll to object 'Object Repository/Выручка в рублях/Январь 2025' successfully

17-03-2025T06:06:12 - [MESSAGE][PASSED] - Scroll to object 'Object Repository/Выручка в рублях/Январь 2025' successfully

17-03-2025T06:06:12 - [TEST_STEP][PASSED] - click(findTestObject("Выручка в рублях/Январь 2025" + nameOfBlock)): Object: 'Object Repository/Выручка в рублях/Январь 2025' is clicked on

17-03-2025T06:06:12 - [MESSAGE][PASSED] - Object: 'Object Repository/Выручка в рублях/Январь 2025' is clicked on

17-03-2025T06:06:12 - [TEST_STEP][PASSED] - scrollToElement(findTestObject("Выручка в рублях/Заголовок дашборда" + nameOfBlock), 30): Scroll to object 'Object Repository/Выручка в рублях/Заголовок дашборда' successfully

17-03-2025T06:06:13 - [MESSAGE][PASSED] - Scroll to object 'Object Repository/Выручка в рублях/Заголовок дашборда' successfully

17-03-2025T06:06:13 - [TEST_STEP][PASSED] - click(findTestObject("Выручка в рублях/Применить в фильтре Дата" + nameOfBlock)): Object: 'Object Repository/Выручка в рублях/Применить в фильтре Дата' is clicked on

17-03-2025T06:06:13 - [MESSAGE][PASSED] - Object: 'Object Repository/Выручка в рублях/Применить в фильтре Дата' is clicked on

17-03-2025T06:06:13 - [TEST_STEP][PASSED] - delay(55): Delayed 55 second(s)

17-03-2025T06:07:08 - [MESSAGE][PASSED] - Delayed 55 second(s)

17-03-2025T06:07:08 - [TEST_STEP][PASSED] - click(findTestObject("Выручка в рублях/Фильтр ДЗО" + nameOfBlock)): Object: 'Object Repository/Выручка в рублях/Фильтр ДЗО' is clicked on

17-03-2025T06:07:09 - [MESSAGE][PASSED] - Object: 'Object Repository/Выручка в рублях/Фильтр ДЗО' is clicked on

17-03-2025T06:07:09 - [TEST_STEP][PASSED] - click(findTestObject("Выручка в рублях/Снять выделение в фильтре ДЗО" + nameOfBlock)): Object: 'Object Repository/Выручка в рублях/Снять выделение в фильтре ДЗО' is clicked on

17-03-2025T06:07:09 - [MESSAGE][PASSED] - Object: 'Object Repository/Выручка в рублях/Снять выделение в фильтре ДЗО' is clicked on

17-03-2025T06:07:09 - [TEST_STEP][PASSED] - click(findTestObject("Выручка в рублях/Применить в фильтре ДЗО" + nameOfBlock)): Object: 'Object Repository/Выручка в рублях/Применить в фильтре ДЗО' is clicked on

17-03-2025T06:07:10 - [MESSAGE][PASSED] - Object: 'Object Repository/Выручка в рублях/Применить в фильтре ДЗО' is clicked on

17-03-2025T06:07:10 - [TEST_STEP][PASSED] - delay(50): Delayed 50 second(s)

17-03-2025T06:08:00 - [MESSAGE][PASSED] - Delayed 50 second(s)

17-03-2025T06:08:00 - [TEST_STEP][PASSED] - Script1710234207206.Tumbler(run, vir, block, nameOfBlock): null

17-03-2025T06:08:00 - [TEST_STEP][PASSED] - println("run:" + run): null

17-03-2025T06:08:00 - [TEST_STEP][PASSED] - println("vir:" + vir): null

17-03-2025T06:08:00 - [TEST_STEP][PASSED] - println("block:" + block): null

17-03-2025T06:08:00 - [TEST_STEP][PASSED] - println("nameOfBlock:" + nameOfBlock): null

17-03-2025T06:08:00 - [TEST_STEP][PASSED] - if (vir == 1): null

17-03-2025T06:08:00 - [TEST_STEP][PASSED] - else if (vir == 2): Object: 'Object Repository/Выручка в рублях/Применить в фильтре Выручка' is clicked on

17-03-2025T06:08:00 - [TEST_STEP][PASSED] - if (run == 2): null

17-03-2025T06:08:00 - [TEST_STEP][PASSED] - click(findTestObject("Выручка в рублях/Фильтр Выручка" + nameOfBlock)): Object: 'Object Repository/Выручка в рублях/Фильтр Выручка' is clicked on

17-03-2025T06:08:00 - [MESSAGE][PASSED] - Object: 'Object Repository/Выручка в рублях/Фильтр Выручка' is clicked on

17-03-2025T06:08:00 - [TEST_STEP][PASSED] - click(findTestObject("Выручка в рублях/Итого в фильтре Выручка" + nameOfBlock)): Object: 'Object Repository/Выручка в рублях/Итого в фильтре Выручка' is clicked on

17-03-2025T06:08:01 - [MESSAGE][PASSED] - Object: 'Object Repository/Выручка в рублях/Итого в фильтре Выручка' is clicked on

17-03-2025T06:08:01 - [TEST_STEP][PASSED] - click(findTestObject("Выручка в рублях/Применить в фильтре Выручка" + nameOfBlock)): Object: 'Object Repository/Выручка в рублях/Применить в фильтре Выручка' is clicked on

17-03-2025T06:08:01 - [MESSAGE][PASSED] - Object: 'Object Repository/Выручка в рублях/Применить в фильтре Выручка' is clicked on

17-03-2025T06:08:01 - [TEST_STEP][PASSED] - click(findTestObject("Выручка в рублях/Фильтр ДЗО" + nameOfBlock)): Object: 'Object Repository/Выручка в рублях/Фильтр ДЗО' is clicked on

17-03-2025T06:08:03 - [MESSAGE][PASSED] - Object: 'Object Repository/Выручка в рублях/Фильтр ДЗО' is clicked on

17-03-2025T06:08:03 - [TEST_STEP][PASSED] - Script1710234207206.Rosseti(nameOfBlock): null

17-03-2025T06:08:03 - [TEST_STEP][PASSED] - println("nameOfBlock:" + nameOfBlock): null

17-03-2025T06:08:03 - [TEST_STEP][PASSED] - click(findTestObject("Выручка в рублях/ПАО Россети" + nameOfBlock)): Object: 'Object Repository/Выручка в рублях/ПАО Россети' is clicked on

17-03-2025T06:08:03 - [MESSAGE][PASSED] - Object: 'Object Repository/Выручка в рублях/ПАО Россети' is clicked on

17-03-2025T06:08:03 - [TEST_STEP][PASSED] - click(findTestObject("Выручка в рублях/Применить в фильтре ДЗО" + nameOfBlock)): Object: 'Object Repository/Выручка в рублях/Применить в фильтре ДЗО' is clicked on

17-03-2025T06:08:04 - [MESSAGE][PASSED] - Object: 'Object Repository/Выручка в рублях/Применить в фильтре ДЗО' is clicked on

17-03-2025T06:08:04 - [TEST_STEP][PASSED] - if (run == 2): null

17-03-2025T06:08:04 - [TEST_STEP][PASSED] - if (vir == 1 || vir == 2): Text of object 'Object Repository/Выручка в рублях/График План' is: '160 406'

17-03-2025T06:08:04 - [TEST_STEP][PASSED] - a1 = getText(findTestObject("Выручка в рублях/График План")): Text of object 'Object Repository/Выручка в рублях/График План' is: '160 406'

17-03-2025T06:08:05 - [MESSAGE][PASSED] - Text of object 'Object Repository/Выручка в рублях/График План' is: '160 406'

17-03-2025T06:08:05 - [TEST_STEP][PASSED] - if (vir == 1 || vir == 2): Text of object 'Object Repository/Выручка в рублях/График Факт' is: '155 462'

17-03-2025T06:08:05 - [TEST_STEP][PASSED] - a2 = getText(findTestObject("Выручка в рублях/График Факт")): Text of object 'Object Repository/Выручка в рублях/График Факт' is: '155 462'

17-03-2025T06:08:05 - [MESSAGE][PASSED] - Text of object 'Object Repository/Выручка в рублях/График Факт' is: '155 462'

17-03-2025T06:08:05 - [TEST_STEP][PASSED] - a30 = getText(findTestObject("Выручка в рублях/span1" + perc)): Text of object 'Object Repository/Выручка в рублях/span1' is: '-4 943.3 млн.руб.'

17-03-2025T06:08:06 - [MESSAGE][PASSED] - Text of object 'Object Repository/Выручка в рублях/span1' is: '-4 943.3 млн.руб.'

17-03-2025T06:08:06 - [TEST_STEP][PASSED] - i = a30.indexOf("млн.руб."): null

17-03-2025T06:08:06 - [TEST_STEP][PASSED] - if (i > -1): null

17-03-2025T06:08:06 - [TEST_STEP][PASSED] - a30 = a30.substring(0, i): null

17-03-2025T06:08:06 - [TEST_STEP][PASSED] - a30 = a30.replaceAll(" ", ""): null

17-03-2025T06:08:06 - [TEST_STEP][PASSED] - if (a30.contains("%")): null

17-03-2025T06:08:06 - [TEST_STEP][PASSED] - a30 = ").trim(): null

17-03-2025T06:08:06 - [TEST_STEP][PASSED] - println("a30: " + a30): null

17-03-2025T06:08:06 - [TEST_STEP][PASSED] - if (vir == 1 || vir == 2): Text of object 'Object Repository/Выручка в рублях/span2' is: '-73'

17-03-2025T06:08:06 - [TEST_STEP][PASSED] - a31 = ").trim(): Text of object 'Object Repository/Выручка в рублях/span2' is: '-73'

17-03-2025T06:08:06 - [MESSAGE][PASSED] - Text of object 'Object Repository/Выручка в рублях/span2' is: '-73'

17-03-2025T06:08:06 - [TEST_STEP][PASSED] - if (vir == 1 || vir == 2): Text of object 'Object Repository/Выручка в рублях/span3' is: '-0'

17-03-2025T06:08:06 - [TEST_STEP][PASSED] - a32 = ").trim(): Text of object 'Object Repository/Выручка в рублях/span3' is: '-0'

17-03-2025T06:08:06 - [MESSAGE][PASSED] - Text of object 'Object Repository/Выручка в рублях/span3' is: '-0'

17-03-2025T06:08:06 - [TEST_STEP][PASSED] - if (vir == 1 || vir == 2): Text of object 'Object Repository/Выручка в рублях/span8' is: '-96'

17-03-2025T06:08:06 - [TEST_STEP][PASSED] - a33 = ").trim(): Text of object 'Object Repository/Выручка в рублях/span4' is: '-295'

17-03-2025T06:08:06 - [MESSAGE][PASSED] - Text of object 'Object Repository/Выручка в рублях/span4' is: '-295'

17-03-2025T06:08:06 - [TEST_STEP][PASSED] - a34 = ").trim(): Text of object 'Object Repository/Выручка в рублях/span5' is: '-54'

17-03-2025T06:08:07 - [MESSAGE][PASSED] - Text of object 'Object Repository/Выручка в рублях/span5' is: '-54'

17-03-2025T06:08:07 - [TEST_STEP][PASSED] - a35 = ").trim(): Text of object 'Object Repository/Выручка в рублях/span6' is: '-403'

17-03-2025T06:08:07 - [MESSAGE][PASSED] - Text of object 'Object Repository/Выручка в рублях/span6' is: '-403'

17-03-2025T06:08:07 - [TEST_STEP][PASSED] - a36 = ").trim(): Text of object 'Object Repository/Выручка в рублях/span7' is: '-927'

17-03-2025T06:08:07 - [MESSAGE][PASSED] - Text of object 'Object Repository/Выручка в рублях/span7' is: '-927'

17-03-2025T06:08:07 - [TEST_STEP][PASSED] - a37 = ").trim(): Text of object 'Object Repository/Выручка в рублях/span8' is: '-96'

17-03-2025T06:08:08 - [MESSAGE][PASSED] - Text of object 'Object Repository/Выручка в рублях/span8' is: '-96'

17-03-2025T06:08:08 - [TEST_STEP][PASSED] - if (vir == 1 || vir == 2): Text of object 'Object Repository/Выручка в рублях/span17' is: '-191'

17-03-2025T06:08:08 - [TEST_STEP][PASSED] - a38 = ").trim(): Text of object 'Object Repository/Выручка в рублях/span9' is: '-251'

17-03-2025T06:08:08 - [MESSAGE][PASSED] - Text of object 'Object Repository/Выручка в рублях/span9' is: '-251'

17-03-2025T06:08:08 - [TEST_STEP][PASSED] - a39 = ").trim(): Text of object 'Object Repository/Выручка в рублях/span10' is: '348'

17-03-2025T06:08:08 - [MESSAGE][PASSED] - Text of object 'Object Repository/Выручка в рублях/span10' is: '348'

17-03-2025T06:08:08 - [TEST_STEP][PASSED] - a310 = ").trim(): Text of object 'Object Repository/Выручка в рублях/span11' is: '-58'

17-03-2025T06:08:08 - [MESSAGE][PASSED] - Text of object 'Object Repository/Выручка в рублях/span11' is: '-58'

17-03-2025T06:08:08 - [TEST_STEP][PASSED] - a311 = ").trim(): Text of object 'Object Repository/Выручка в рублях/span12' is: '-1 104'

17-03-2025T06:08:09 - [MESSAGE][PASSED] - Text of object 'Object Repository/Выручка в рублях/span12' is: '-1 104'

17-03-2025T06:08:09 - [TEST_STEP][PASSED] - a312 = ").trim(): Text of object 'Object Repository/Выручка в рублях/span13' is: '-474'

17-03-2025T06:08:09 - [MESSAGE][PASSED] - Text of object 'Object Repository/Выручка в рублях/span13' is: '-474'

17-03-2025T06:08:09 - [TEST_STEP][PASSED] - a313 = ").trim(): Text of object 'Object Repository/Выручка в рублях/span14' is: '-59'

17-03-2025T06:08:09 - [MESSAGE][PASSED] - Text of object 'Object Repository/Выручка в рублях/span14' is: '-59'

17-03-2025T06:08:09 - [TEST_STEP][PASSED] - a314 = ").trim(): Text of object 'Object Repository/Выручка в рублях/span15' is: '-675'

17-03-2025T06:08:09 - [MESSAGE][PASSED] - Text of object 'Object Repository/Выручка в рублях/span15' is: '-675'

17-03-2025T06:08:09 - [TEST_STEP][PASSED] - a315 = ").trim(): Text of object 'Object Repository/Выручка в рублях/span16' is: '-613'

17-03-2025T06:08:10 - [MESSAGE][PASSED] - Text of object 'Object Repository/Выручка в рублях/span16' is: '-613'

17-03-2025T06:08:10 - [TEST_STEP][PASSED] - a316 = ").trim(): Text of object 'Object Repository/Выручка в рублях/span17' is: '-191'

17-03-2025T06:08:10 - [MESSAGE][PASSED] - Text of object 'Object Repository/Выручка в рублях/span17' is: '-191'

17-03-2025T06:08:10 - [TEST_STEP][PASSED] - if (vir == 1 || vir == 2): Text of object 'Object Repository/Выручка в рублях/span18' is: '-19'

17-03-2025T06:08:10 - [TEST_STEP][PASSED] - a317 = ").trim(): Text of object 'Object Repository/Выручка в рублях/span18' is: '-19'

17-03-2025T06:08:10 - [MESSAGE][PASSED] - Text of object 'Object Repository/Выручка в рублях/span18' is: '-19'

17-03-2025T06:08:10 - [TEST_STEP][PASSED] - block = 2: null

17-03-2025T06:08:10 - [TEST_STEP][PASSED] - nameOfBlock = " Выручка": null

17-03-2025T06:08:10 - [TEST_STEP][PASSED] - Script1710234207206.PreSettings(run, vir, block, nameOfBlock, typeOfData, todaysDate): null

17-03-2025T06:08:10 - [TEST_STEP][PASSED] - openBrowser(""): Browser is opened with url: ''

17-03-2025T06:08:10 - [MESSAGE][WARNING] - A browser is already opened. Closing browser and opening a new one

17-03-2025T06:08:11 - [MESSAGE][INFO] - Starting 'Chrome' driver

17-03-2025T06:08:11 - [MESSAGE][INFO] - Action delay is set to 0 milliseconds

17-03-2025T06:08:12 - [MESSAGE][PASSED] - Browser is opened with url: ''

17-03-2025T06:08:12 - [TEST_STEP][PASSED] - refresh(): Refresh successfully

17-03-2025T06:08:12 - [MESSAGE][PASSED] - Refresh successfully

17-03-2025T06:08:12 - [TEST_STEP][PASSED] - delay(50): Delayed 50 second(s)

17-03-2025T06:09:02 - [MESSAGE][PASSED] - Delayed 50 second(s)

17-03-2025T06:09:02 - [TEST_STEP][PASSED] - println("run:" + run): null

17-03-2025T06:09:02 - [TEST_STEP][PASSED] - println("vir:" + vir): null

17-03-2025T06:09:02 - [TEST_STEP][PASSED] - println("block:" + block): null

17-03-2025T06:09:02 - [TEST_STEP][PASSED] - if (block == 1): null

17-03-2025T06:09:02 - [TEST_STEP][PASSED] - else: null

17-03-2025T06:09:02 - [TEST_STEP][PASSED] - nameOfBlock = " Выручка": null

17-03-2025T06:09:02 - [TEST_STEP][PASSED] - println("nameOfBlock:" + nameOfBlock): null

17-03-2025T06:09:02 - [TEST_STEP][PASSED] - println("typeOfData:" + typeOfData): null

17-03-2025T06:09:02 - [TEST_STEP][PASSED] - println("todaysDate:" + todaysDate): null

17-03-2025T06:09:02 - [TEST_STEP][PASSED] - Script1710234207206.Autorization(block, nameOfBlock): null

17-03-2025T06:09:02 - [TEST_STEP][PASSED] - i = <not implemented yet for class: org.codehaus.groovy.ast.expr.EmptyExpression>: null

17-03-2025T06:09:02 - [TEST_STEP][PASSED] - ii = <not implemented yet for class: org.codehaus.groovy.ast.expr.EmptyExpression>: null

17-03-2025T06:09:02 - [TEST_STEP][PASSED] - urlData = <not implemented yet for class: org.codehaus.groovy.ast.expr.EmptyExpression>: null

17-03-2025T06:09:02 - [TEST_STEP][PASSED] - searchWord = <not implemented yet for class: org.codehaus.groovy.ast.expr.EmptyExpression>: null

17-03-2025T06:09:02 - [TEST_STEP][PASSED] - urlText = <not implemented yet for class: org.codehaus.groovy.ast.expr.EmptyExpression>: null

17-03-2025T06:09:02 - [TEST_STEP][PASSED] - println("block:" + block): null

17-03-2025T06:09:02 - [TEST_STEP][PASSED] - if (block == 1): null

17-03-2025T06:09:02 - [TEST_STEP][PASSED] - else: null

17-03-2025T06:09:02 - [TEST_STEP][PASSED] - delay(45): Delayed 45 second(s)

17-03-2025T06:09:47 - [MESSAGE][PASSED] - Delayed 45 second(s)

17-03-2025T06:09:47 - [TEST_STEP][PASSED] - nameOfBlock = " Выручка": null

17-03-2025T06:09:47 - [TEST_STEP][PASSED] - println("nameOfBlock:" + nameOfBlock): null

17-03-2025T06:09:47 - [TEST_STEP][PASSED] - if (block == 1): null

17-03-2025T06:09:47 - [TEST_STEP][PASSED] - else: Delayed 45 second(s)

17-03-2025T06:09:47 - [TEST_STEP][PASSED] - urlData = 9: null

17-03-2025T06:09:47 - [TEST_STEP][PASSED] - delay(45): Delayed 45 second(s)

17-03-2025T06:10:32 - [MESSAGE][PASSED] - Delayed 45 second(s)

17-03-2025T06:10:32 - [TEST_STEP][PASSED] - navigateToUrl(findTestData("PlanFact").getValue(10, urlData)): Navigate to 'https://bi.rosseti.digital/viewer?dashboardGuid=a1fd28b3785d443cbc4d7690a1d78e31&sheetGuid=86092a20c5984827a0c87b24cac76a50&fit=true' successfully

17-03-2025T06:10:35 - [MESSAGE][PASSED] - Navigate to 'https://bi.rosseti.digital/viewer?dashboardGuid=a1fd28b3785d443cbc4d7690a1d78e31&sheetGuid=86092a20c5984827a0c87b24cac76a50&fit=true' successfully

17-03-2025T06:10:35 - [TEST_STEP][PASSED] - urlText = getText(findTestObject("Страница авторизации/Text")): Text of object 'Object Repository/Страница авторизации/Text' is: 'Вход'

17-03-2025T06:10:37 - [MESSAGE][PASSED] - Text of object 'Object Repository/Страница авторизации/Text' is: 'Вход'

17-03-2025T06:10:37 - [TEST_STEP][PASSED] - searchWord = "Вход": null

17-03-2025T06:10:37 - [TEST_STEP][PASSED] - if (urlText == null || urlText.contains("ошибка") || urlText.contains(searchWord) == false): null

17-03-2025T06:10:37 - [TEST_STEP][PASSED] - if (verifyElementPresent(findTestObject("Страница авторизации/button_"), 30) == true): null

17-03-2025T06:10:37 - [MESSAGE][PASSED] - Object 'Object Repository/Страница авторизации/button_' is present

17-03-2025T06:10:37 - [TEST_STEP][PASSED] - setText(findTestObject("Страница авторизации/input__username"), findTestData("PlanFact").getValue(8, 1)): Text 'liazgina-di' is set on object 'Object Repository/Страница авторизации/input__username'

17-03-2025T06:10:38 - [MESSAGE][PASSED] - Text 'liazgina-di' is set on object 'Object Repository/Страница авторизации/input__username'

17-03-2025T06:10:38 - [TEST_STEP][PASSED] - setText(findTestObject("Страница авторизации/input__password"), findTestData("PlanFact").getValue(9, 1)): Text ')$%5srZ8o688Dm#q' is set on object 'Object Repository/Страница авторизации/input__password'

17-03-2025T06:10:38 - [MESSAGE][PASSED] - Text ')$%5srZ8o688Dm#q' is set on object 'Object Repository/Страница авторизации/input__password'

17-03-2025T06:10:38 - [TEST_STEP][PASSED] - click(findTestObject("Страница авторизации/button_")): Object: 'Object Repository/Страница авторизации/button_' is clicked on

17-03-2025T06:10:40 - [MESSAGE][PASSED] - Object: 'Object Repository/Страница авторизации/button_' is clicked on

17-03-2025T06:10:40 - [TEST_STEP][PASSED] - delay(45): Delayed 45 second(s)

17-03-2025T06:11:25 - [MESSAGE][PASSED] - Delayed 45 second(s)

17-03-2025T06:11:25 - [TEST_STEP][PASSED] - urlText = getText(findTestObject("Страница авторизации/Text")): Text of object 'Object Repository/Страница авторизации/Text' is: 'Период
Январь 2025 года
Выручка
Все
Выполнение плановых показателей по ПАО Россети за Январь 2025 года
План
Факт
Динамика
2025 год
0 млн.руб.
20 000 млн.руб.
40 000 млн.руб.
60 000 млн.руб.
80 000 млн.руб.
100 000 млн.руб.
120 000 млн.руб.
140 000 млн.руб.
160 000 млн.руб.
180 000 млн.руб.
200 000 млн.руб.
163 377
157 865
↓
ДЗО 
Все
Подписи данных
⬤Отклонение
АО "РЭС"
АО «Тываэнерго»
АО «Чеченэнерго»
Россети Волга
Россети Кубань
Россети Ленэнерго (ГК)
Россети Московский регион
Россети Северный Кавказ (ГК)
Россети Северо-Запад
Россети Сибирь (ГК)
Россети Томск
Россети Тюмень
Россети Урал (ГК)
Россети ФСК ЕЭС
Россети Центр
Россети Центр и Приволжье (ГК)
Россети Юг (ГК)
Россети Янтарь
-1 200млн.руб.
-1 000млн.руб.
-800млн.руб.
-600млн.руб.
-400млн.руб.
-200млн.руб.
0 млн.руб.
200млн.руб.
400млн.руб.
600 …
-73
23
-83
-295
-54
-403
-927
-606
-251
348
-58
-1 104
-474
-59
-675
-613
-191
-19
млн.
%
Выручка
Отклонение выручки по ПАО Россети за Январь 2025 года (факт/план, млн. руб)
ПАО Россети
-5 512.4 млн.руб.
Статус данных
×
Просьба обратить внимание
Данные занесены и согласованы не полностью
ВЫБРАННЫЕ ЗНАЧЕНИЯ ФИЛЬТРОВ
ДЗО | ПЕРИОД
ПАО Россети: [«Выбраны все филиалы по всем ДЗО по всем категориям»]
2025: [Янв]
*Внутренний оборот'

17-03-2025T06:11:25 - [MESSAGE][PASSED] - Text of object 'Object Repository/Страница авторизации/Text' is: 'Период
Январь 2025 года
Выручка
Все
Выполнение плановых показателей по ПАО Россети за Январь 2025 года
План
Факт
Динамика
2025 год
0 млн.руб.
20 000 млн.руб.
40 000 млн.руб.
60 000 млн.руб.
80 000 млн.руб.
100 000 млн.руб.
120 000 млн.руб.
140 000 млн.руб.
160 000 млн.руб.
180 000 млн.руб.
200 000 млн.руб.
163 377
157 865
↓
ДЗО 
Все
Подписи данных
⬤Отклонение
АО "РЭС"
АО «Тываэнерго»
АО «Чеченэнерго»
Россети Волга
Россети Кубань
Россети Ленэнерго (ГК)
Россети Московский регион
Россети Северный Кавказ (ГК)
Россети Северо-Запад
Россети Сибирь (ГК)
Россети Томск
Россети Тюмень
Россети Урал (ГК)
Россети ФСК ЕЭС
Россети Центр
Россети Центр и Приволжье (ГК)
Россети Юг (ГК)
Россети Янтарь
-1 200млн.руб.
-1 000млн.руб.
-800млн.руб.
-600млн.руб.
-400млн.руб.
-200млн.руб.
0 млн.руб.
200млн.руб.
400млн.руб.
600 …
-73
23
-83
-295
-54
-403
-927
-606
-251
348
-58
-1 104
-474
-59
-675
-613
-191
-19
млн.
%
Выручка
Отклонение выручки по ПАО Россети за Январь 2025 года (факт/план, млн. руб)
ПАО Россети
-5 512.4 млн.руб.
Статус данных
×
Просьба обратить внимание
Данные занесены и согласованы не полностью
ВЫБРАННЫЕ ЗНАЧЕНИЯ ФИЛЬТРОВ
ДЗО | ПЕРИОД
ПАО Россети: [«Выбраны все филиалы по всем ДЗО по всем категориям»]
2025: [Янв]
*Внутренний оборот'

17-03-2025T06:11:25 - [TEST_STEP][PASSED] - searchWord = "а": null

17-03-2025T06:11:25 - [TEST_STEP][PASSED] - if (urlText.contains("ошибка") || urlText.contains(searchWord) == false): null

17-03-2025T06:11:25 - [TEST_STEP][PASSED] - delay(45): Delayed 45 second(s)

17-03-2025T06:12:10 - [MESSAGE][PASSED] - Delayed 45 second(s)

17-03-2025T06:12:10 - [TEST_STEP][PASSED] - if (block == 2): Delayed 50 second(s)

17-03-2025T06:12:10 - [TEST_STEP][PASSED] - opoveshenie = getText(findTestObject("Выручка в рублях/Просьба обратить внимание")): Text of object 'Object Repository/Выручка в рублях/Просьба обратить внимание' is: 'Просьба обратить внимание'

17-03-2025T06:12:11 - [MESSAGE][PASSED] - Text of object 'Object Repository/Выручка в рублях/Просьба обратить внимание' is: 'Просьба обратить внимание'

17-03-2025T06:12:11 - [TEST_STEP][PASSED] - if (opoveshenie == "Просьба обратить внимание"): Delayed 50 second(s)

17-03-2025T06:12:11 - [TEST_STEP][PASSED] - click(findTestObject("Выручка в рублях/Закрыть оповещение")): Object: 'Object Repository/Выручка в рублях/Закрыть оповещение' is clicked on

17-03-2025T06:12:11 - [MESSAGE][PASSED] - Object: 'Object Repository/Выручка в рублях/Закрыть оповещение' is clicked on

17-03-2025T06:12:11 - [TEST_STEP][PASSED] - delay(50): Delayed 50 second(s)

17-03-2025T06:13:01 - [MESSAGE][PASSED] - Delayed 50 second(s)

17-03-2025T06:13:01 - [TEST_STEP][PASSED] - click(findTestObject("Выручка в рублях/Фильтр Период" + nameOfBlock)): Object: 'Object Repository/Выручка в рублях/Фильтр Период Выручка' is clicked on

17-03-2025T06:13:01 - [MESSAGE][PASSED] - Object: 'Object Repository/Выручка в рублях/Фильтр Период Выручка' is clicked on

17-03-2025T06:13:01 - [TEST_STEP][PASSED] - click(findTestObject("Выручка в рублях/Снять выделение в фильтре Дата" + nameOfBlock)): Object: 'Object Repository/Выручка в рублях/Снять выделение в фильтре Дата Выручка' is clicked on

17-03-2025T06:13:02 - [MESSAGE][PASSED] - Object: 'Object Repository/Выручка в рублях/Снять выделение в фильтре Дата Выручка' is clicked on

17-03-2025T06:13:02 - [TEST_STEP][PASSED] - click(findTestObject("Выручка в рублях/Применить в фильтре Дата" + nameOfBlock)): Object: 'Object Repository/Выручка в рублях/Применить в фильтре Дата Выручка' is clicked on

17-03-2025T06:13:03 - [MESSAGE][PASSED] - Object: 'Object Repository/Выручка в рублях/Применить в фильтре Дата Выручка' is clicked on

17-03-2025T06:13:03 - [TEST_STEP][PASSED] - delay(50): Delayed 50 second(s)

17-03-2025T06:13:53 - [MESSAGE][PASSED] - Delayed 50 second(s)

17-03-2025T06:13:53 - [TEST_STEP][PASSED] - click(findTestObject("Выручка в рублях/Фильтр Период" + nameOfBlock)): Object: 'Object Repository/Выручка в рублях/Фильтр Период Выручка' is clicked on

17-03-2025T06:13:53 - [MESSAGE][PASSED] - Object: 'Object Repository/Выручка в рублях/Фильтр Период Выручка' is clicked on

17-03-2025T06:13:53 - [TEST_STEP][PASSED] - click(findTestObject("Выручка в рублях/Снять выделение в фильтре Дата" + nameOfBlock)): Object: 'Object Repository/Выручка в рублях/Снять выделение в фильтре Дата Выручка' is clicked on

17-03-2025T06:13:53 - [MESSAGE][PASSED] - Object: 'Object Repository/Выручка в рублях/Снять выделение в фильтре Дата Выручка' is clicked on

17-03-2025T06:13:53 - [TEST_STEP][PASSED] - scrollToElement(findTestObject("Выручка в рублях/2025 список" + nameOfBlock), 30): Scroll to object 'Object Repository/Выручка в рублях/2025 список Выручка' successfully

17-03-2025T06:13:54 - [MESSAGE][PASSED] - Scroll to object 'Object Repository/Выручка в рублях/2025 список Выручка' successfully

17-03-2025T06:13:54 - [TEST_STEP][PASSED] - click(findTestObject("Выручка в рублях/2025 список" + nameOfBlock)): Object: 'Object Repository/Выручка в рублях/2025 список Выручка' is clicked on

17-03-2025T06:13:54 - [MESSAGE][PASSED] - Object: 'Object Repository/Выручка в рублях/2025 список Выручка' is clicked on

17-03-2025T06:13:54 - [TEST_STEP][PASSED] - scrollToElement(findTestObject("Выручка в рублях/1 квартал 2025 список Выручка"), 30): Scroll to object 'Object Repository/Выручка в рублях/1 квартал 2025 список Выручка' successfully

17-03-2025T06:13:55 - [MESSAGE][PASSED] - Scroll to object 'Object Repository/Выручка в рублях/1 квартал 2025 список Выручка' successfully

17-03-2025T06:13:55 - [TEST_STEP][PASSED] - click(findTestObject("Выручка в рублях/1 квартал 2025 список" + nameOfBlock)): Object: 'Object Repository/Выручка в рублях/1 квартал 2025 список Выручка' is clicked on

17-03-2025T06:13:55 - [MESSAGE][PASSED] - Object: 'Object Repository/Выручка в рублях/1 квартал 2025 список Выручка' is clicked on

17-03-2025T06:13:55 - [TEST_STEP][PASSED] - scrollToElement(findTestObject("Выручка в рублях/Январь 2025" + nameOfBlock), 30): Scroll to object 'Object Repository/Выручка в рублях/Январь 2025 Выручка' successfully

17-03-2025T06:13:55 - [MESSAGE][PASSED] - Scroll to object 'Object Repository/Выручка в рублях/Январь 2025 Выручка' successfully

17-03-2025T06:13:55 - [TEST_STEP][PASSED] - click(findTestObject("Выручка в рублях/Январь 2025" + nameOfBlock)): Object: 'Object Repository/Выручка в рублях/Январь 2025 Выручка' is clicked on

17-03-2025T06:13:56 - [MESSAGE][PASSED] - Object: 'Object Repository/Выручка в рублях/Январь 2025 Выручка' is clicked on

17-03-2025T06:13:56 - [TEST_STEP][PASSED] - scrollToElement(findTestObject("Выручка в рублях/Заголовок дашборда" + nameOfBlock), 30): Scroll to object 'Object Repository/Выручка в рублях/Заголовок дашборда Выручка' successfully

17-03-2025T06:13:56 - [MESSAGE][PASSED] - Scroll to object 'Object Repository/Выручка в рублях/Заголовок дашборда Выручка' successfully

17-03-2025T06:13:56 - [TEST_STEP][PASSED] - click(findTestObject("Выручка в рублях/Применить в фильтре Дата" + nameOfBlock)): Object: 'Object Repository/Выручка в рублях/Применить в фильтре Дата Выручка' is clicked on

17-03-2025T06:13:57 - [MESSAGE][PASSED] - Object: 'Object Repository/Выручка в рублях/Применить в фильтре Дата Выручка' is clicked on

17-03-2025T06:13:57 - [TEST_STEP][PASSED] - delay(55): Delayed 55 second(s)

17-03-2025T06:14:52 - [MESSAGE][PASSED] - Delayed 55 second(s)

17-03-2025T06:14:52 - [TEST_STEP][PASSED] - click(findTestObject("Выручка в рублях/Фильтр ДЗО" + nameOfBlock)): Object: 'Object Repository/Выручка в рублях/Фильтр ДЗО Выручка' is clicked on

17-03-2025T06:14:52 - [MESSAGE][PASSED] - Object: 'Object Repository/Выручка в рублях/Фильтр ДЗО Выручка' is clicked on

17-03-2025T06:14:52 - [TEST_STEP][PASSED] - click(findTestObject("Выручка в рублях/Снять выделение в фильтре ДЗО" + nameOfBlock)): Object: 'Object Repository/Выручка в рублях/Снять выделение в фильтре ДЗО Выручка' is clicked on

17-03-2025T06:14:52 - [MESSAGE][PASSED] - Object: 'Object Repository/Выручка в рублях/Снять выделение в фильтре ДЗО Выручка' is clicked on

17-03-2025T06:14:52 - [TEST_STEP][PASSED] - click(findTestObject("Выручка в рублях/Применить в фильтре ДЗО" + nameOfBlock)): Object: 'Object Repository/Выручка в рублях/Применить в фильтре ДЗО Выручка' is clicked on

17-03-2025T06:14:53 - [MESSAGE][PASSED] - Object: 'Object Repository/Выручка в рублях/Применить в фильтре ДЗО Выручка' is clicked on

17-03-2025T06:14:53 - [TEST_STEP][PASSED] - delay(50): Delayed 50 second(s)

17-03-2025T06:15:43 - [MESSAGE][PASSED] - Delayed 50 second(s)

17-03-2025T06:15:43 - [TEST_STEP][PASSED] - Script1710234207206.Tumbler(run, vir, block, nameOfBlock): null

17-03-2025T06:15:43 - [TEST_STEP][PASSED] - println("run:" + run): null

17-03-2025T06:15:43 - [TEST_STEP][PASSED] - println("vir:" + vir): null

17-03-2025T06:15:43 - [TEST_STEP][PASSED] - println("block:" + block): null

17-03-2025T06:15:43 - [TEST_STEP][PASSED] - println("nameOfBlock:" + nameOfBlock): null

17-03-2025T06:15:43 - [TEST_STEP][PASSED] - if (vir == 1): null

17-03-2025T06:15:43 - [TEST_STEP][PASSED] - else if (vir == 2): Object: 'Object Repository/Выручка в рублях/Применить в фильтре Выручка Выручка' is clicked on

17-03-2025T06:15:43 - [TEST_STEP][PASSED] - if (run == 2): null

17-03-2025T06:15:43 - [TEST_STEP][PASSED] - click(findTestObject("Выручка в рублях/Фильтр Выручка" + nameOfBlock)): Object: 'Object Repository/Выручка в рублях/Фильтр Выручка Выручка' is clicked on

17-03-2025T06:15:43 - [MESSAGE][PASSED] - Object: 'Object Repository/Выручка в рублях/Фильтр Выручка Выручка' is clicked on

17-03-2025T06:15:43 - [TEST_STEP][PASSED] - click(findTestObject("Выручка в рублях/Итого в фильтре Выручка" + nameOfBlock)): Object: 'Object Repository/Выручка в рублях/Итого в фильтре Выручка Выручка' is clicked on

17-03-2025T06:15:44 - [MESSAGE][PASSED] - Object: 'Object Repository/Выручка в рублях/Итого в фильтре Выручка Выручка' is clicked on

17-03-2025T06:15:44 - [TEST_STEP][PASSED] - click(findTestObject("Выручка в рублях/Применить в фильтре Выручка" + nameOfBlock)): Object: 'Object Repository/Выручка в рублях/Применить в фильтре Выручка Выручка' is clicked on

17-03-2025T06:15:45 - [MESSAGE][PASSED] - Object: 'Object Repository/Выручка в рублях/Применить в фильтре Выручка Выручка' is clicked on

17-03-2025T06:15:45 - [TEST_STEP][PASSED] - click(findTestObject("Выручка в рублях/Фильтр ДЗО" + nameOfBlock)): Object: 'Object Repository/Выручка в рублях/Фильтр ДЗО Выручка' is clicked on

17-03-2025T06:15:46 - [MESSAGE][PASSED] - Object: 'Object Repository/Выручка в рублях/Фильтр ДЗО Выручка' is clicked on

17-03-2025T06:15:46 - [TEST_STEP][PASSED] - Script1710234207206.Rosseti(nameOfBlock): null

17-03-2025T06:15:46 - [TEST_STEP][PASSED] - println("nameOfBlock:" + nameOfBlock): null

17-03-2025T06:15:46 - [TEST_STEP][PASSED] - click(findTestObject("Выручка в рублях/ПАО Россети" + nameOfBlock)): Object: 'Object Repository/Выручка в рублях/ПАО Россети Выручка' is clicked on

17-03-2025T06:15:47 - [MESSAGE][PASSED] - Object: 'Object Repository/Выручка в рублях/ПАО Россети Выручка' is clicked on

17-03-2025T06:15:47 - [TEST_STEP][PASSED] - click(findTestObject("Выручка в рублях/Применить в фильтре ДЗО" + nameOfBlock)): Object: 'Object Repository/Выручка в рублях/Применить в фильтре ДЗО Выручка' is clicked on

17-03-2025T06:15:47 - [MESSAGE][PASSED] - Object: 'Object Repository/Выручка в рублях/Применить в фильтре ДЗО Выручка' is clicked on

17-03-2025T06:15:47 - [TEST_STEP][PASSED] - if (vir == 1 || vir == 2): Text of object 'Object Repository/Выручка в рублях/График План Выручка' is: '160 406'

17-03-2025T06:15:47 - [TEST_STEP][PASSED] - b1 = getText(findTestObject("Выручка в рублях/График План Выручка")): Text of object 'Object Repository/Выручка в рублях/График План Выручка' is: '160 406'

17-03-2025T06:15:48 - [MESSAGE][PASSED] - Text of object 'Object Repository/Выручка в рублях/График План Выручка' is: '160 406'

17-03-2025T06:15:48 - [TEST_STEP][PASSED] - if (vir == 1 || vir == 2): Text of object 'Object Repository/Выручка в рублях/График Факт Выручка' is: '155 462'

17-03-2025T06:15:48 - [TEST_STEP][PASSED] - b2 = getText(findTestObject("Выручка в рублях/График Факт Выручка")): Text of object 'Object Repository/Выручка в рублях/График Факт Выручка' is: '155 462'

17-03-2025T06:15:48 - [MESSAGE][PASSED] - Text of object 'Object Repository/Выручка в рублях/График Факт Выручка' is: '155 462'

17-03-2025T06:15:48 - [TEST_STEP][PASSED] - b30 = getText(findTestObject("Выручка в рублях/span1" + perc)): Text of object 'Object Repository/Выручка в рублях/span1' is: '-4 943.3 млн.руб.'

17-03-2025T06:15:49 - [MESSAGE][PASSED] - Text of object 'Object Repository/Выручка в рублях/span1' is: '-4 943.3 млн.руб.'

17-03-2025T06:15:49 - [TEST_STEP][PASSED] - i = b30.indexOf("млн.руб."): null

17-03-2025T06:15:49 - [TEST_STEP][PASSED] - if (i > -1): null

17-03-2025T06:15:49 - [TEST_STEP][PASSED] - b30 = b30.substring(0, i): null

17-03-2025T06:15:49 - [TEST_STEP][PASSED] - b30 = b30.replaceAll(" ", ""): null

17-03-2025T06:15:49 - [TEST_STEP][PASSED] - if (b30.contains("%")): null

17-03-2025T06:15:49 - [TEST_STEP][PASSED] - b30 = ").trim(): null

17-03-2025T06:15:49 - [TEST_STEP][PASSED] - println("b30: " + b30): null

17-03-2025T06:15:49 - [TEST_STEP][PASSED] - if (vir == 1 || vir == 2): Text of object 'Object Repository/Выручка в рублях/span2' is: '-73'

17-03-2025T06:15:49 - [TEST_STEP][PASSED] - b31 = ").trim(): Text of object 'Object Repository/Выручка в рублях/span2' is: '-73'

17-03-2025T06:15:49 - [MESSAGE][PASSED] - Text of object 'Object Repository/Выручка в рублях/span2' is: '-73'

17-03-2025T06:15:49 - [TEST_STEP][PASSED] - if (vir == 1 || vir == 2): Text of object 'Object Repository/Выручка в рублях/span3' is: '-0'

17-03-2025T06:15:49 - [TEST_STEP][PASSED] - b32 = ").trim(): Text of object 'Object Repository/Выручка в рублях/span3' is: '-0'

17-03-2025T06:15:49 - [MESSAGE][PASSED] - Text of object 'Object Repository/Выручка в рублях/span3' is: '-0'

17-03-2025T06:15:49 - [TEST_STEP][PASSED] - if (vir == 1 || vir == 2): Text of object 'Object Repository/Выручка в рублях/span8' is: '-96'

17-03-2025T06:15:49 - [TEST_STEP][PASSED] - b33 = ").trim(): Text of object 'Object Repository/Выручка в рублях/span4' is: '-295'

17-03-2025T06:15:50 - [MESSAGE][PASSED] - Text of object 'Object Repository/Выручка в рублях/span4' is: '-295'

17-03-2025T06:15:50 - [TEST_STEP][PASSED] - b34 = ").trim(): Text of object 'Object Repository/Выручка в рублях/span5' is: '-54'

17-03-2025T06:15:50 - [MESSAGE][PASSED] - Text of object 'Object Repository/Выручка в рублях/span5' is: '-54'

17-03-2025T06:15:50 - [TEST_STEP][PASSED] - b35 = ").trim(): Text of object 'Object Repository/Выручка в рублях/span6' is: '-403'

17-03-2025T06:15:50 - [MESSAGE][PASSED] - Text of object 'Object Repository/Выручка в рублях/span6' is: '-403'

17-03-2025T06:15:50 - [TEST_STEP][PASSED] - b36 = ").trim(): Text of object 'Object Repository/Выручка в рублях/span7' is: '-927'

17-03-2025T06:15:50 - [MESSAGE][PASSED] - Text of object 'Object Repository/Выручка в рублях/span7' is: '-927'

17-03-2025T06:15:50 - [TEST_STEP][PASSED] - b37 = ").trim(): Text of object 'Object Repository/Выручка в рублях/span8' is: '-96'

17-03-2025T06:15:51 - [MESSAGE][PASSED] - Text of object 'Object Repository/Выручка в рублях/span8' is: '-96'

17-03-2025T06:15:51 - [TEST_STEP][PASSED] - if (vir == 1 || vir == 2): Text of object 'Object Repository/Выручка в рублях/span17' is: '-191'

17-03-2025T06:15:51 - [TEST_STEP][PASSED] - b38 = ").trim(): Text of object 'Object Repository/Выручка в рублях/span9' is: '-251'

17-03-2025T06:15:51 - [MESSAGE][PASSED] - Text of object 'Object Repository/Выручка в рублях/span9' is: '-251'

17-03-2025T06:15:51 - [TEST_STEP][PASSED] - b39 = ").trim(): Text of object 'Object Repository/Выручка в рублях/span10' is: '348'

17-03-2025T06:15:51 - [MESSAGE][PASSED] - Text of object 'Object Repository/Выручка в рублях/span10' is: '348'

17-03-2025T06:15:51 - [TEST_STEP][PASSED] - b310 = ").trim(): Text of object 'Object Repository/Выручка в рублях/span11' is: '-58'

17-03-2025T06:15:52 - [MESSAGE][PASSED] - Text of object 'Object Repository/Выручка в рублях/span11' is: '-58'

17-03-2025T06:15:52 - [TEST_STEP][PASSED] - b311 = ").trim(): Text of object 'Object Repository/Выручка в рублях/span12' is: '-1 104'

17-03-2025T06:15:52 - [MESSAGE][PASSED] - Text of object 'Object Repository/Выручка в рублях/span12' is: '-1 104'

17-03-2025T06:15:52 - [TEST_STEP][PASSED] - b312 = ").trim(): Text of object 'Object Repository/Выручка в рублях/span13' is: '-474'

17-03-2025T06:15:52 - [MESSAGE][PASSED] - Text of object 'Object Repository/Выручка в рублях/span13' is: '-474'

17-03-2025T06:15:52 - [TEST_STEP][PASSED] - b313 = ").trim(): Text of object 'Object Repository/Выручка в рублях/span14' is: '-59'

17-03-2025T06:15:52 - [MESSAGE][PASSED] - Text of object 'Object Repository/Выручка в рублях/span14' is: '-59'

17-03-2025T06:15:52 - [TEST_STEP][PASSED] - b314 = ").trim(): Text of object 'Object Repository/Выручка в рублях/span15' is: '-675'

17-03-2025T06:15:53 - [MESSAGE][PASSED] - Text of object 'Object Repository/Выручка в рублях/span15' is: '-675'

17-03-2025T06:15:53 - [TEST_STEP][PASSED] - b315 = ").trim(): Text of object 'Object Repository/Выручка в рублях/span16' is: '-613'

17-03-2025T06:15:53 - [MESSAGE][PASSED] - Text of object 'Object Repository/Выручка в рублях/span16' is: '-613'

17-03-2025T06:15:53 - [TEST_STEP][PASSED] - b316 = ").trim(): Text of object 'Object Repository/Выручка в рублях/span17' is: '-191'

17-03-2025T06:15:53 - [MESSAGE][PASSED] - Text of object 'Object Repository/Выручка в рублях/span17' is: '-191'

17-03-2025T06:15:53 - [TEST_STEP][PASSED] - if (vir == 1 || vir == 2): Text of object 'Object Repository/Выручка в рублях/span18' is: '-19'

17-03-2025T06:15:53 - [TEST_STEP][PASSED] - b317 = ").trim(): Text of object 'Object Repository/Выручка в рублях/span18' is: '-19'

17-03-2025T06:15:54 - [MESSAGE][PASSED] - Text of object 'Object Repository/Выручка в рублях/span18' is: '-19'

17-03-2025T06:15:54 - [TEST_STEP][PASSED] - dZO = "ПАО Россети": null

17-03-2025T06:15:54 - [TEST_STEP][PASSED] - if (verifyEqual(a1, b1) == false): Actual object '160 406' and expected object '160 406' are equal

17-03-2025T06:15:54 - [MESSAGE][PASSED] - Actual object '160 406' and expected object '160 406' are equal

17-03-2025T06:15:54 - [TEST_STEP][PASSED] - if (verifyEqual(a2, b2) == false): Actual object '155 462' and expected object '155 462' are equal

17-03-2025T06:15:54 - [MESSAGE][PASSED] - Actual object '155 462' and expected object '155 462' are equal

17-03-2025T06:15:54 - [TEST_STEP][PASSED] - vidget = "Отклонения": null

17-03-2025T06:15:54 - [TEST_STEP][PASSED] - if (verifyEqual(a30, b30) == false): Actual object '-4943.3' and expected object '-4943.3' are equal

17-03-2025T06:15:54 - [MESSAGE][PASSED] - Actual object '-4943.3' and expected object '-4943.3' are equal

17-03-2025T06:15:54 - [TEST_STEP][PASSED] - dZO = "АО «Тываэнерго»": null

17-03-2025T06:15:54 - [TEST_STEP][PASSED] - if (verifyEqual(a31, b31) == false): Actual object '-73' and expected object '-73' are equal

17-03-2025T06:15:54 - [MESSAGE][PASSED] - Actual object '-73' and expected object '-73' are equal

17-03-2025T06:15:54 - [TEST_STEP][PASSED] - dZO = "АО «Чеченэнерго»": null

17-03-2025T06:15:54 - [TEST_STEP][PASSED] - if (verifyEqual(a32, b32) == false): Actual object '-0' and expected object '-0' are equal

17-03-2025T06:15:54 - [MESSAGE][PASSED] - Actual object '-0' and expected object '-0' are equal

17-03-2025T06:15:54 - [TEST_STEP][PASSED] - dZO = "Россети Волга": null

17-03-2025T06:15:54 - [TEST_STEP][PASSED] - if (verifyEqual(a33, b33) == false): Actual object '-295' and expected object '-295' are equal

17-03-2025T06:15:54 - [MESSAGE][PASSED] - Actual object '-295' and expected object '-295' are equal

17-03-2025T06:15:54 - [TEST_STEP][PASSED] - dZO = "Россети Кубань": null

17-03-2025T06:15:54 - [TEST_STEP][PASSED] - if (verifyEqual(a34, b34) == false): Actual object '-54' and expected object '-54' are equal

17-03-2025T06:15:54 - [MESSAGE][PASSED] - Actual object '-54' and expected object '-54' are equal

17-03-2025T06:15:54 - [TEST_STEP][PASSED] - dZO = "Россети Ленэнерго (ГК)": null

17-03-2025T06:15:54 - [TEST_STEP][PASSED] - if (verifyEqual(a35, b35) == false): Actual object '-403' and expected object '-403' are equal

17-03-2025T06:15:54 - [MESSAGE][PASSED] - Actual object '-403' and expected object '-403' are equal

17-03-2025T06:15:54 - [TEST_STEP][PASSED] - dZO = "Россети Московский регион": null

17-03-2025T06:15:54 - [TEST_STEP][PASSED] - if (verifyEqual(a36, b36) == false): Actual object '-927' and expected object '-927' are equal

17-03-2025T06:15:54 - [MESSAGE][PASSED] - Actual object '-927' and expected object '-927' are equal

17-03-2025T06:15:54 - [TEST_STEP][PASSED] - dZO = "Россети Северный Кавказ (ГК)": null

17-03-2025T06:15:54 - [TEST_STEP][PASSED] - if (verifyEqual(a37, b37) == false): Actual object '-96' and expected object '-96' are equal

17-03-2025T06:15:54 - [MESSAGE][PASSED] - Actual object '-96' and expected object '-96' are equal

17-03-2025T06:15:54 - [TEST_STEP][PASSED] - dZO = "Россети Северо-Запад": null

17-03-2025T06:15:54 - [TEST_STEP][PASSED] - if (verifyEqual(a38, b38) == false): Actual object '-251' and expected object '-251' are equal

17-03-2025T06:15:54 - [MESSAGE][PASSED] - Actual object '-251' and expected object '-251' are equal

17-03-2025T06:15:54 - [TEST_STEP][PASSED] - dZO = "Россети Сибирь (ГК)": null

17-03-2025T06:15:54 - [TEST_STEP][PASSED] - if (verifyEqual(a39, b39) == false): Actual object '348' and expected object '348' are equal

17-03-2025T06:15:54 - [MESSAGE][PASSED] - Actual object '348' and expected object '348' are equal

17-03-2025T06:15:54 - [TEST_STEP][PASSED] - dZO = "Россети Томск": null

17-03-2025T06:15:54 - [TEST_STEP][PASSED] - if (verifyEqual(a310, b310) == false): Actual object '-58' and expected object '-58' are equal

17-03-2025T06:15:54 - [MESSAGE][PASSED] - Actual object '-58' and expected object '-58' are equal

17-03-2025T06:15:54 - [TEST_STEP][PASSED] - dZO = "Россети Тюмень": null

17-03-2025T06:15:54 - [TEST_STEP][PASSED] - if (verifyEqual(a311, b311) == false): Actual object '-1 104' and expected object '-1 104' are equal

17-03-2025T06:15:54 - [MESSAGE][PASSED] - Actual object '-1 104' and expected object '-1 104' are equal

17-03-2025T06:15:54 - [TEST_STEP][PASSED] - dZO = "Россети Урал (ГК)": null

17-03-2025T06:15:54 - [TEST_STEP][PASSED] - if (verifyEqual(a312, b312) == false): Actual object '-474' and expected object '-474' are equal

17-03-2025T06:15:54 - [MESSAGE][PASSED] - Actual object '-474' and expected object '-474' are equal

17-03-2025T06:15:54 - [TEST_STEP][PASSED] - dZO = "Россети ФСК ЕЭС": null

17-03-2025T06:15:54 - [TEST_STEP][PASSED] - if (verifyEqual(a313, b313) == false): Actual object '-59' and expected object '-59' are equal

17-03-2025T06:15:54 - [MESSAGE][PASSED] - Actual object '-59' and expected object '-59' are equal

17-03-2025T06:15:54 - [TEST_STEP][PASSED] - dZO = "Россети Центр": null

17-03-2025T06:15:54 - [TEST_STEP][PASSED] - if (verifyEqual(a314, b314) == false): Actual object '-675' and expected object '-675' are equal

17-03-2025T06:15:54 - [MESSAGE][PASSED] - Actual object '-675' and expected object '-675' are equal

17-03-2025T06:15:54 - [TEST_STEP][PASSED] - dZO = "Россети Центр и Приволжье (ГК)": null

17-03-2025T06:15:54 - [TEST_STEP][PASSED] - if (verifyEqual(a315, b315) == false): Actual object '-613' and expected object '-613' are equal

17-03-2025T06:15:54 - [MESSAGE][PASSED] - Actual object '-613' and expected object '-613' are equal

17-03-2025T06:15:54 - [TEST_STEP][PASSED] - dZO = "Россети Юг (ГК)": null

17-03-2025T06:15:54 - [TEST_STEP][PASSED] - if (verifyEqual(a316, b316) == false): Actual object '-191' and expected object '-191' are equal

17-03-2025T06:15:54 - [MESSAGE][PASSED] - Actual object '-191' and expected object '-191' are equal

17-03-2025T06:15:54 - [TEST_STEP][PASSED] - dZO = "Россети Янтарь": null

17-03-2025T06:15:54 - [TEST_STEP][PASSED] - if (verifyEqual(a317, b317) == false): Actual object '-19' and expected object '-19' are equal

17-03-2025T06:15:54 - [MESSAGE][PASSED] - Actual object '-19' and expected object '-19' are equal

17-03-2025T06:15:54 - [TEST_STEP][PASSED] - closeBrowser(): null

17-03-2025T06:15:54 - [MESSAGE][PASSED] - Browser is closed

17-03-2025T06:15:54 - [TEST_STEP][PASSED] - Script1710234207206.Blocks(run, vir, block, nameOfBlock, typeOfData, viruchka, vidget, todaysDate, a, b, dZO, x, y): null

17-03-2025T06:15:54 - [TEST_STEP][PASSED] - i = <not implemented yet for class: org.codehaus.groovy.ast.expr.EmptyExpression>: null

17-03-2025T06:15:54 - [TEST_STEP][PASSED] - perc = "": null

17-03-2025T06:15:54 - [TEST_STEP][PASSED] - a1 = <not implemented yet for class: org.codehaus.groovy.ast.expr.EmptyExpression>: null

17-03-2025T06:15:54 - [TEST_STEP][PASSED] - a2 = <not implemented yet for class: org.codehaus.groovy.ast.expr.EmptyExpression>: null

17-03-2025T06:15:54 - [TEST_STEP][PASSED] - a30 = <not implemented yet for class: org.codehaus.groovy.ast.expr.EmptyExpression>: null

17-03-2025T06:15:54 - [TEST_STEP][PASSED] - a31 = <not implemented yet for class: org.codehaus.groovy.ast.expr.EmptyExpression>: null

17-03-2025T06:15:54 - [TEST_STEP][PASSED] - a32 = <not implemented yet for class: org.codehaus.groovy.ast.expr.EmptyExpression>: null

17-03-2025T06:15:54 - [TEST_STEP][PASSED] - a33 = <not implemented yet for class: org.codehaus.groovy.ast.expr.EmptyExpression>: null

17-03-2025T06:15:54 - [TEST_STEP][PASSED] - a34 = <not implemented yet for class: org.codehaus.groovy.ast.expr.EmptyExpression>: null

17-03-2025T06:15:54 - [TEST_STEP][PASSED] - a35 = <not implemented yet for class: org.codehaus.groovy.ast.expr.EmptyExpression>: null

17-03-2025T06:15:54 - [TEST_STEP][PASSED] - a36 = <not implemented yet for class: org.codehaus.groovy.ast.expr.EmptyExpression>: null

17-03-2025T06:15:54 - [TEST_STEP][PASSED] - a37 = <not implemented yet for class: org.codehaus.groovy.ast.expr.EmptyExpression>: null

17-03-2025T06:15:54 - [TEST_STEP][PASSED] - a38 = <not implemented yet for class: org.codehaus.groovy.ast.expr.EmptyExpression>: null

17-03-2025T06:15:54 - [TEST_STEP][PASSED] - a39 = <not implemented yet for class: org.codehaus.groovy.ast.expr.EmptyExpression>: null

17-03-2025T06:15:54 - [TEST_STEP][PASSED] - a310 = <not implemented yet for class: org.codehaus.groovy.ast.expr.EmptyExpression>: null

17-03-2025T06:15:54 - [TEST_STEP][PASSED] - a311 = <not implemented yet for class: org.codehaus.groovy.ast.expr.EmptyExpression>: null

17-03-2025T06:15:54 - [TEST_STEP][PASSED] - a312 = <not implemented yet for class: org.codehaus.groovy.ast.expr.EmptyExpression>: null

17-03-2025T06:15:54 - [TEST_STEP][PASSED] - a313 = <not implemented yet for class: org.codehaus.groovy.ast.expr.EmptyExpression>: null

17-03-2025T06:15:54 - [TEST_STEP][PASSED] - a314 = <not implemented yet for class: org.codehaus.groovy.ast.expr.EmptyExpression>: null

17-03-2025T06:15:54 - [TEST_STEP][PASSED] - a315 = <not implemented yet for class: org.codehaus.groovy.ast.expr.EmptyExpression>: null

17-03-2025T06:15:54 - [TEST_STEP][PASSED] - a316 = <not implemented yet for class: org.codehaus.groovy.ast.expr.EmptyExpression>: null

17-03-2025T06:15:54 - [TEST_STEP][PASSED] - a317 = <not implemented yet for class: org.codehaus.groovy.ast.expr.EmptyExpression>: null

17-03-2025T06:15:54 - [TEST_STEP][PASSED] - b1 = <not implemented yet for class: org.codehaus.groovy.ast.expr.EmptyExpression>: null

17-03-2025T06:15:54 - [TEST_STEP][PASSED] - b2 = <not implemented yet for class: org.codehaus.groovy.ast.expr.EmptyExpression>: null

17-03-2025T06:15:54 - [TEST_STEP][PASSED] - b30 = <not implemented yet for class: org.codehaus.groovy.ast.expr.EmptyExpression>: null

17-03-2025T06:15:54 - [TEST_STEP][PASSED] - b31 = <not implemented yet for class: org.codehaus.groovy.ast.expr.EmptyExpression>: null

17-03-2025T06:15:54 - [TEST_STEP][PASSED] - b32 = <not implemented yet for class: org.codehaus.groovy.ast.expr.EmptyExpression>: null

17-03-2025T06:15:54 - [TEST_STEP][PASSED] - b33 = <not implemented yet for class: org.codehaus.groovy.ast.expr.EmptyExpression>: null

17-03-2025T06:15:54 - [TEST_STEP][PASSED] - b34 = <not implemented yet for class: org.codehaus.groovy.ast.expr.EmptyExpression>: null

17-03-2025T06:15:54 - [TEST_STEP][PASSED] - b35 = <not implemented yet for class: org.codehaus.groovy.ast.expr.EmptyExpression>: null

17-03-2025T06:15:54 - [TEST_STEP][PASSED] - b36 = <not implemented yet for class: org.codehaus.groovy.ast.expr.EmptyExpression>: null

17-03-2025T06:15:54 - [TEST_STEP][PASSED] - b37 = <not implemented yet for class: org.codehaus.groovy.ast.expr.EmptyExpression>: null

17-03-2025T06:15:54 - [TEST_STEP][PASSED] - b38 = <not implemented yet for class: org.codehaus.groovy.ast.expr.EmptyExpression>: null

17-03-2025T06:15:54 - [TEST_STEP][PASSED] - b39 = <not implemented yet for class: org.codehaus.groovy.ast.expr.EmptyExpression>: null

17-03-2025T06:15:54 - [TEST_STEP][PASSED] - b310 = <not implemented yet for class: org.codehaus.groovy.ast.expr.EmptyExpression>: null

17-03-2025T06:15:54 - [TEST_STEP][PASSED] - b311 = <not implemented yet for class: org.codehaus.groovy.ast.expr.EmptyExpression>: null

17-03-2025T06:15:54 - [TEST_STEP][PASSED] - b312 = <not implemented yet for class: org.codehaus.groovy.ast.expr.EmptyExpression>: null

17-03-2025T06:15:54 - [TEST_STEP][PASSED] - b313 = <not implemented yet for class: org.codehaus.groovy.ast.expr.EmptyExpression>: null

17-03-2025T06:15:54 - [TEST_STEP][PASSED] - b314 = <not implemented yet for class: org.codehaus.groovy.ast.expr.EmptyExpression>: null

17-03-2025T06:15:54 - [TEST_STEP][PASSED] - b315 = <not implemented yet for class: org.codehaus.groovy.ast.expr.EmptyExpression>: null

17-03-2025T06:15:54 - [TEST_STEP][PASSED] - b316 = <not implemented yet for class: org.codehaus.groovy.ast.expr.EmptyExpression>: null

17-03-2025T06:15:54 - [TEST_STEP][PASSED] - b317 = <not implemented yet for class: org.codehaus.groovy.ast.expr.EmptyExpression>: null

17-03-2025T06:15:54 - [TEST_STEP][PASSED] - block = 1: null

17-03-2025T06:15:54 - [TEST_STEP][PASSED] - nameOfBlock = "": null

17-03-2025T06:15:54 - [TEST_STEP][PASSED] - Script1710234207206.PreSettings(run, vir, block, nameOfBlock, typeOfData, todaysDate): null

17-03-2025T06:15:54 - [TEST_STEP][PASSED] - openBrowser(""): Browser is opened with url: ''

17-03-2025T06:15:54 - [MESSAGE][INFO] - Starting 'Chrome' driver

17-03-2025T06:15:54 - [MESSAGE][INFO] - Action delay is set to 0 milliseconds

17-03-2025T06:15:55 - [MESSAGE][PASSED] - Browser is opened with url: ''

17-03-2025T06:15:55 - [TEST_STEP][PASSED] - refresh(): Refresh successfully

17-03-2025T06:15:55 - [MESSAGE][PASSED] - Refresh successfully

17-03-2025T06:15:55 - [TEST_STEP][PASSED] - delay(50): Delayed 50 second(s)

17-03-2025T06:16:45 - [MESSAGE][PASSED] - Delayed 50 second(s)

17-03-2025T06:16:45 - [TEST_STEP][PASSED] - println("run:" + run): null

17-03-2025T06:16:45 - [TEST_STEP][PASSED] - println("vir:" + vir): null

17-03-2025T06:16:45 - [TEST_STEP][PASSED] - println("block:" + block): null

17-03-2025T06:16:45 - [TEST_STEP][PASSED] - if (block == 1): null

17-03-2025T06:16:45 - [TEST_STEP][PASSED] - nameOfBlock = "": null

17-03-2025T06:16:45 - [TEST_STEP][PASSED] - println("nameOfBlock:" + nameOfBlock): null

17-03-2025T06:16:45 - [TEST_STEP][PASSED] - println("typeOfData:" + typeOfData): null

17-03-2025T06:16:45 - [TEST_STEP][PASSED] - println("todaysDate:" + todaysDate): null

17-03-2025T06:16:45 - [TEST_STEP][PASSED] - Script1710234207206.Autorization(block, nameOfBlock): null

17-03-2025T06:16:45 - [TEST_STEP][PASSED] - i = <not implemented yet for class: org.codehaus.groovy.ast.expr.EmptyExpression>: null

17-03-2025T06:16:45 - [TEST_STEP][PASSED] - ii = <not implemented yet for class: org.codehaus.groovy.ast.expr.EmptyExpression>: null

17-03-2025T06:16:45 - [TEST_STEP][PASSED] - urlData = <not implemented yet for class: org.codehaus.groovy.ast.expr.EmptyExpression>: null

17-03-2025T06:16:45 - [TEST_STEP][PASSED] - searchWord = <not implemented yet for class: org.codehaus.groovy.ast.expr.EmptyExpression>: null

17-03-2025T06:16:45 - [TEST_STEP][PASSED] - urlText = <not implemented yet for class: org.codehaus.groovy.ast.expr.EmptyExpression>: null

17-03-2025T06:16:45 - [TEST_STEP][PASSED] - println("block:" + block): null

17-03-2025T06:16:45 - [TEST_STEP][PASSED] - if (block == 1): null

17-03-2025T06:16:45 - [TEST_STEP][PASSED] - nameOfBlock = "": null

17-03-2025T06:16:45 - [TEST_STEP][PASSED] - println("nameOfBlock:" + nameOfBlock): null

17-03-2025T06:16:45 - [TEST_STEP][PASSED] - if (block == 1): Delayed 45 second(s)

17-03-2025T06:16:45 - [TEST_STEP][PASSED] - urlData = 2: null

17-03-2025T06:16:45 - [TEST_STEP][PASSED] - delay(45): Delayed 45 second(s)

17-03-2025T06:17:30 - [MESSAGE][PASSED] - Delayed 45 second(s)

17-03-2025T06:17:30 - [TEST_STEP][PASSED] - navigateToUrl(findTestData("PlanFact").getValue(10, urlData)): Navigate to 'https://bi.rosseti.digital/viewer?dashboardGuid=2301950b23be4ed89c1df75f2020051e&sheetGuid=b723206f698544fb87299f3095c00435&fit=true' successfully

17-03-2025T06:17:34 - [MESSAGE][PASSED] - Navigate to 'https://bi.rosseti.digital/viewer?dashboardGuid=2301950b23be4ed89c1df75f2020051e&sheetGuid=b723206f698544fb87299f3095c00435&fit=true' successfully

17-03-2025T06:17:34 - [TEST_STEP][PASSED] - urlText = getText(findTestObject("Страница авторизации/Text")): Text of object 'Object Repository/Страница авторизации/Text' is: 'Вход'

17-03-2025T06:17:36 - [MESSAGE][PASSED] - Text of object 'Object Repository/Страница авторизации/Text' is: 'Вход'

17-03-2025T06:17:36 - [TEST_STEP][PASSED] - searchWord = "Вход": null

17-03-2025T06:17:36 - [TEST_STEP][PASSED] - if (urlText == null || urlText.contains("ошибка") || urlText.contains(searchWord) == false): null

17-03-2025T06:17:36 - [TEST_STEP][PASSED] - if (verifyElementPresent(findTestObject("Страница авторизации/button_"), 30) == true): null

17-03-2025T06:17:36 - [MESSAGE][PASSED] - Object 'Object Repository/Страница авторизации/button_' is present

17-03-2025T06:17:36 - [TEST_STEP][PASSED] - setText(findTestObject("Страница авторизации/input__username"), findTestData("PlanFact").getValue(8, 1)): Text 'liazgina-di' is set on object 'Object Repository/Страница авторизации/input__username'

17-03-2025T06:17:37 - [MESSAGE][PASSED] - Text 'liazgina-di' is set on object 'Object Repository/Страница авторизации/input__username'

17-03-2025T06:17:37 - [TEST_STEP][PASSED] - setText(findTestObject("Страница авторизации/input__password"), findTestData("PlanFact").getValue(9, 1)): Text ')$%5srZ8o688Dm#q' is set on object 'Object Repository/Страница авторизации/input__password'

17-03-2025T06:17:38 - [MESSAGE][PASSED] - Text ')$%5srZ8o688Dm#q' is set on object 'Object Repository/Страница авторизации/input__password'

17-03-2025T06:17:38 - [TEST_STEP][PASSED] - click(findTestObject("Страница авторизации/button_")): Object: 'Object Repository/Страница авторизации/button_' is clicked on

17-03-2025T06:17:39 - [MESSAGE][PASSED] - Object: 'Object Repository/Страница авторизации/button_' is clicked on

17-03-2025T06:17:39 - [TEST_STEP][PASSED] - delay(45): Delayed 45 second(s)

17-03-2025T06:18:24 - [MESSAGE][PASSED] - Delayed 45 second(s)

17-03-2025T06:18:24 - [TEST_STEP][PASSED] - urlText = getText(findTestObject("Страница авторизации/Text")): Text of object 'Object Repository/Страница авторизации/Text' is: 'Период
Январь 2025 года
Выручка
Все
Выполнение плановых показателей по ПАО Россети за Январь 2025 года
План
Факт
Динамика
2025 год
0 млн.руб.
20 000 млн.руб.
40 000 млн.руб.
60 000 млн.руб.
80 000 млн.руб.
100 000 млн.руб.
120 000 млн.руб.
140 000 млн.руб.
160 000 млн.руб.
180 000 млн.руб.
200 000 млн.руб.
163 377
157 865
↓
ДЗО 
ПАО Россети
Внутренний оборот - выручка за услуги по передаче электрической энергии, учтенная в выручке за электроэнергию для конечных потребителей, при выполнении ДЗО функций гарантирующего поставщика
Подписи данных
⬤Отклонение
АО "РЭС"
АО «Тываэнерго»
АО «Чеченэнерго»
Россети Волга
Россети Кубань
Россети Ленэнерго (ГК)
Россети Московский регион
Россети Северный Кавказ (ГК)
Россети Северо-Запад
Россети Сибирь (ГК)
Россети Томск
Россети Тюмень
Россети Урал (ГК)
Россети ФСК ЕЭС
Россети Центр
Россети Центр и Приволжье (ГК)
Россети Юг (ГК)
Россети Янтарь
-1 200 млн.руб.
-1 000 млн.руб.
- 800 млн.руб.
- 600 млн.руб.
- 400 млн.руб.
- 200 млн.руб.
0 млн.руб.
200 млн.руб.
400 млн.руб.
600 млн.руб.
-73
23
-83
-295
-54
-403
-927
-606
-251
348
-58
-1 104
-474
-59
-675
-613
-191
-19
млн.
%
Выручка
Отклонение выручки по ПАО Россети за Январь 2025 года (факт/план, млн. руб)
ПАО Россети
-5 512.4 млн.руб.
 '

17-03-2025T06:18:25 - [MESSAGE][PASSED] - Text of object 'Object Repository/Страница авторизации/Text' is: 'Период
Январь 2025 года
Выручка
Все
Выполнение плановых показателей по ПАО Россети за Январь 2025 года
План
Факт
Динамика
2025 год
0 млн.руб.
20 000 млн.руб.
40 000 млн.руб.
60 000 млн.руб.
80 000 млн.руб.
100 000 млн.руб.
120 000 млн.руб.
140 000 млн.руб.
160 000 млн.руб.
180 000 млн.руб.
200 000 млн.руб.
163 377
157 865
↓
ДЗО 
ПАО Россети
Внутренний оборот - выручка за услуги по передаче электрической энергии, учтенная в выручке за электроэнергию для конечных потребителей, при выполнении ДЗО функций гарантирующего поставщика
Подписи данных
⬤Отклонение
АО "РЭС"
АО «Тываэнерго»
АО «Чеченэнерго»
Россети Волга
Россети Кубань
Россети Ленэнерго (ГК)
Россети Московский регион
Россети Северный Кавказ (ГК)
Россети Северо-Запад
Россети Сибирь (ГК)
Россети Томск
Россети Тюмень
Россети Урал (ГК)
Россети ФСК ЕЭС
Россети Центр
Россети Центр и Приволжье (ГК)
Россети Юг (ГК)
Россети Янтарь
-1 200 млн.руб.
-1 000 млн.руб.
- 800 млн.руб.
- 600 млн.руб.
- 400 млн.руб.
- 200 млн.руб.
0 млн.руб.
200 млн.руб.
400 млн.руб.
600 млн.руб.
-73
23
-83
-295
-54
-403
-927
-606
-251
348
-58
-1 104
-474
-59
-675
-613
-191
-19
млн.
%
Выручка
Отклонение выручки по ПАО Россети за Январь 2025 года (факт/план, млн. руб)
ПАО Россети
-5 512.4 млн.руб.
 '

17-03-2025T06:18:25 - [TEST_STEP][PASSED] - searchWord = "а": null

17-03-2025T06:18:25 - [TEST_STEP][PASSED] - if (urlText.contains("ошибка") || urlText.contains(searchWord) == false): null

17-03-2025T06:18:25 - [TEST_STEP][PASSED] - delay(45): Delayed 45 second(s)

17-03-2025T06:19:10 - [MESSAGE][PASSED] - Delayed 45 second(s)

17-03-2025T06:19:10 - [TEST_STEP][PASSED] - if (block == 2): null

17-03-2025T06:19:10 - [TEST_STEP][PASSED] - click(findTestObject("Выручка в рублях/Фильтр Период" + nameOfBlock)): Object: 'Object Repository/Выручка в рублях/Фильтр Период' is clicked on

17-03-2025T06:19:10 - [MESSAGE][PASSED] - Object: 'Object Repository/Выручка в рублях/Фильтр Период' is clicked on

17-03-2025T06:19:10 - [TEST_STEP][PASSED] - click(findTestObject("Выручка в рублях/Снять выделение в фильтре Дата" + nameOfBlock)): Object: 'Object Repository/Выручка в рублях/Снять выделение в фильтре Дата' is clicked on

17-03-2025T06:19:11 - [MESSAGE][PASSED] - Object: 'Object Repository/Выручка в рублях/Снять выделение в фильтре Дата' is clicked on

17-03-2025T06:19:11 - [TEST_STEP][PASSED] - click(findTestObject("Выручка в рублях/Применить в фильтре Дата" + nameOfBlock)): Object: 'Object Repository/Выручка в рублях/Применить в фильтре Дата' is clicked on

17-03-2025T06:19:11 - [MESSAGE][PASSED] - Object: 'Object Repository/Выручка в рублях/Применить в фильтре Дата' is clicked on

17-03-2025T06:19:11 - [TEST_STEP][PASSED] - delay(50): Delayed 50 second(s)

17-03-2025T06:20:01 - [MESSAGE][PASSED] - Delayed 50 second(s)

17-03-2025T06:20:01 - [TEST_STEP][PASSED] - click(findTestObject("Выручка в рублях/Фильтр Период" + nameOfBlock)): Object: 'Object Repository/Выручка в рублях/Фильтр Период' is clicked on

17-03-2025T06:20:02 - [MESSAGE][PASSED] - Object: 'Object Repository/Выручка в рублях/Фильтр Период' is clicked on

17-03-2025T06:20:02 - [TEST_STEP][PASSED] - click(findTestObject("Выручка в рублях/Снять выделение в фильтре Дата" + nameOfBlock)): Object: 'Object Repository/Выручка в рублях/Снять выделение в фильтре Дата' is clicked on

17-03-2025T06:20:02 - [MESSAGE][PASSED] - Object: 'Object Repository/Выручка в рублях/Снять выделение в фильтре Дата' is clicked on

17-03-2025T06:20:02 - [TEST_STEP][PASSED] - scrollToElement(findTestObject("Выручка в рублях/2025 список" + nameOfBlock), 30): Scroll to object 'Object Repository/Выручка в рублях/2025 список' successfully

17-03-2025T06:20:02 - [MESSAGE][PASSED] - Scroll to object 'Object Repository/Выручка в рублях/2025 список' successfully

17-03-2025T06:20:02 - [TEST_STEP][PASSED] - click(findTestObject("Выручка в рублях/2025 список" + nameOfBlock)): Object: 'Object Repository/Выручка в рублях/2025 список' is clicked on

17-03-2025T06:20:03 - [MESSAGE][PASSED] - Object: 'Object Repository/Выручка в рублях/2025 список' is clicked on

17-03-2025T06:20:03 - [TEST_STEP][PASSED] - scrollToElement(findTestObject("Выручка в рублях/1 квартал 2025 список Выручка"), 30): Scroll to object 'Object Repository/Выручка в рублях/1 квартал 2025 список Выручка' successfully

17-03-2025T06:20:03 - [MESSAGE][PASSED] - Scroll to object 'Object Repository/Выручка в рублях/1 квартал 2025 список Выручка' successfully

17-03-2025T06:20:03 - [TEST_STEP][PASSED] - click(findTestObject("Выручка в рублях/1 квартал 2025 список" + nameOfBlock)): Object: 'Object Repository/Выручка в рублях/1 квартал 2025 список' is clicked on

17-03-2025T06:20:04 - [MESSAGE][PASSED] - Object: 'Object Repository/Выручка в рублях/1 квартал 2025 список' is clicked on

17-03-2025T06:20:04 - [TEST_STEP][PASSED] - scrollToElement(findTestObject("Выручка в рублях/Январь 2025" + nameOfBlock), 30): Scroll to object 'Object Repository/Выручка в рублях/Январь 2025' successfully

17-03-2025T06:20:04 - [MESSAGE][PASSED] - Scroll to object 'Object Repository/Выручка в рублях/Январь 2025' successfully

17-03-2025T06:20:04 - [TEST_STEP][PASSED] - click(findTestObject("Выручка в рублях/Январь 2025" + nameOfBlock)): Object: 'Object Repository/Выручка в рублях/Январь 2025' is clicked on

17-03-2025T06:20:04 - [MESSAGE][PASSED] - Object: 'Object Repository/Выручка в рублях/Январь 2025' is clicked on

17-03-2025T06:20:04 - [TEST_STEP][PASSED] - scrollToElement(findTestObject("Выручка в рублях/Заголовок дашборда" + nameOfBlock), 30): Scroll to object 'Object Repository/Выручка в рублях/Заголовок дашборда' successfully

17-03-2025T06:20:05 - [MESSAGE][PASSED] - Scroll to object 'Object Repository/Выручка в рублях/Заголовок дашборда' successfully

17-03-2025T06:20:05 - [TEST_STEP][PASSED] - click(findTestObject("Выручка в рублях/Применить в фильтре Дата" + nameOfBlock)): Object: 'Object Repository/Выручка в рублях/Применить в фильтре Дата' is clicked on

17-03-2025T06:20:05 - [MESSAGE][PASSED] - Object: 'Object Repository/Выручка в рублях/Применить в фильтре Дата' is clicked on

17-03-2025T06:20:05 - [TEST_STEP][PASSED] - delay(55): Delayed 55 second(s)

17-03-2025T06:21:00 - [MESSAGE][PASSED] - Delayed 55 second(s)

17-03-2025T06:21:00 - [TEST_STEP][PASSED] - click(findTestObject("Выручка в рублях/Фильтр ДЗО" + nameOfBlock)): Object: 'Object Repository/Выручка в рублях/Фильтр ДЗО' is clicked on

17-03-2025T06:21:01 - [MESSAGE][PASSED] - Object: 'Object Repository/Выручка в рублях/Фильтр ДЗО' is clicked on

17-03-2025T06:21:01 - [TEST_STEP][PASSED] - click(findTestObject("Выручка в рублях/Снять выделение в фильтре ДЗО" + nameOfBlock)): Object: 'Object Repository/Выручка в рублях/Снять выделение в фильтре ДЗО' is clicked on

17-03-2025T06:21:01 - [MESSAGE][PASSED] - Object: 'Object Repository/Выручка в рублях/Снять выделение в фильтре ДЗО' is clicked on

17-03-2025T06:21:01 - [TEST_STEP][PASSED] - click(findTestObject("Выручка в рублях/Применить в фильтре ДЗО" + nameOfBlock)): Object: 'Object Repository/Выручка в рублях/Применить в фильтре ДЗО' is clicked on

17-03-2025T06:21:02 - [MESSAGE][PASSED] - Object: 'Object Repository/Выручка в рублях/Применить в фильтре ДЗО' is clicked on

17-03-2025T06:21:02 - [TEST_STEP][PASSED] - delay(50): Delayed 50 second(s)

17-03-2025T06:21:52 - [MESSAGE][PASSED] - Delayed 50 second(s)

17-03-2025T06:21:52 - [TEST_STEP][PASSED] - Script1710234207206.Tumbler(run, vir, block, nameOfBlock): null

17-03-2025T06:21:52 - [TEST_STEP][PASSED] - println("run:" + run): null

17-03-2025T06:21:52 - [TEST_STEP][PASSED] - println("vir:" + vir): null

17-03-2025T06:21:52 - [TEST_STEP][PASSED] - println("block:" + block): null

17-03-2025T06:21:52 - [TEST_STEP][PASSED] - println("nameOfBlock:" + nameOfBlock): null

17-03-2025T06:21:52 - [TEST_STEP][PASSED] - if (vir == 1): null

17-03-2025T06:21:52 - [TEST_STEP][PASSED] - else if (vir == 2): null

17-03-2025T06:21:52 - [TEST_STEP][PASSED] - else if (vir == 3): Object: 'Object Repository/Выручка в рублях/Применить в фильтре Выручка' is clicked on

17-03-2025T06:21:52 - [TEST_STEP][PASSED] - if (run == 2): null

17-03-2025T06:21:52 - [TEST_STEP][PASSED] - click(findTestObject("Выручка в рублях/Фильтр Выручка" + nameOfBlock)): Object: 'Object Repository/Выручка в рублях/Фильтр Выручка' is clicked on

17-03-2025T06:21:52 - [MESSAGE][PASSED] - Object: 'Object Repository/Выручка в рублях/Фильтр Выручка' is clicked on

17-03-2025T06:21:52 - [TEST_STEP][PASSED] - click(findTestObject("Выручка в рублях/Внутренний оборот в фильтре Выручка" + nameOfBlock)): Object: 'Object Repository/Выручка в рублях/Внутренний оборот в фильтре Выручка' is clicked on

17-03-2025T06:21:53 - [MESSAGE][PASSED] - Object: 'Object Repository/Выручка в рублях/Внутренний оборот в фильтре Выручка' is clicked on

17-03-2025T06:21:53 - [TEST_STEP][PASSED] - click(findTestObject("Выручка в рублях/Применить в фильтре Выручка" + nameOfBlock)): Object: 'Object Repository/Выручка в рублях/Применить в фильтре Выручка' is clicked on

17-03-2025T06:21:53 - [MESSAGE][PASSED] - Object: 'Object Repository/Выручка в рублях/Применить в фильтре Выручка' is clicked on

17-03-2025T06:21:53 - [TEST_STEP][PASSED] - click(findTestObject("Выручка в рублях/Фильтр ДЗО" + nameOfBlock)): Object: 'Object Repository/Выручка в рублях/Фильтр ДЗО' is clicked on

17-03-2025T06:21:54 - [MESSAGE][PASSED] - Object: 'Object Repository/Выручка в рублях/Фильтр ДЗО' is clicked on

17-03-2025T06:21:54 - [TEST_STEP][PASSED] - Script1710234207206.Rosseti(nameOfBlock): null

17-03-2025T06:21:54 - [TEST_STEP][PASSED] - println("nameOfBlock:" + nameOfBlock): null

17-03-2025T06:21:54 - [TEST_STEP][PASSED] - click(findTestObject("Выручка в рублях/ПАО Россети" + nameOfBlock)): Object: 'Object Repository/Выручка в рублях/ПАО Россети' is clicked on

17-03-2025T06:21:55 - [MESSAGE][PASSED] - Object: 'Object Repository/Выручка в рублях/ПАО Россети' is clicked on

17-03-2025T06:21:55 - [TEST_STEP][PASSED] - click(findTestObject("Выручка в рублях/Применить в фильтре ДЗО" + nameOfBlock)): Object: 'Object Repository/Выручка в рублях/Применить в фильтре ДЗО' is clicked on

17-03-2025T06:21:55 - [MESSAGE][PASSED] - Object: 'Object Repository/Выручка в рублях/Применить в фильтре ДЗО' is clicked on

17-03-2025T06:21:55 - [TEST_STEP][PASSED] - if (run == 2): null

17-03-2025T06:21:55 - [TEST_STEP][PASSED] - if (vir == 1 || vir == 2): null

17-03-2025T06:21:55 - [TEST_STEP][PASSED] - else: Text of object 'Object Repository/Выручка в рублях/vir3Plan' is: '2 971'

17-03-2025T06:21:55 - [TEST_STEP][PASSED] - a1 = getText(findTestObject("Выручка в рублях/vir3Plan")): Text of object 'Object Repository/Выручка в рублях/vir3Plan' is: '2 971'

17-03-2025T06:21:56 - [MESSAGE][PASSED] - Text of object 'Object Repository/Выручка в рублях/vir3Plan' is: '2 971'

17-03-2025T06:21:56 - [TEST_STEP][PASSED] - if (vir == 1 || vir == 2): null

17-03-2025T06:21:56 - [TEST_STEP][PASSED] - else: Text of object 'Object Repository/Выручка в рублях/vir3Fact' is: '2 402'

17-03-2025T06:21:56 - [TEST_STEP][PASSED] - a2 = getText(findTestObject("Выручка в рублях/vir3Fact")): Text of object 'Object Repository/Выручка в рублях/vir3Fact' is: '2 402'

17-03-2025T06:21:57 - [MESSAGE][PASSED] - Text of object 'Object Repository/Выручка в рублях/vir3Fact' is: '2 402'

17-03-2025T06:21:57 - [TEST_STEP][PASSED] - a30 = getText(findTestObject("Выручка в рублях/span1" + perc)): Text of object 'Object Repository/Выручка в рублях/span1' is: '-569 млн.руб.'

17-03-2025T06:21:57 - [MESSAGE][PASSED] - Text of object 'Object Repository/Выручка в рублях/span1' is: '-569 млн.руб.'

17-03-2025T06:21:57 - [TEST_STEP][PASSED] - i = a30.indexOf("млн.руб."): null

17-03-2025T06:21:57 - [TEST_STEP][PASSED] - if (i > -1): null

17-03-2025T06:21:57 - [TEST_STEP][PASSED] - a30 = a30.substring(0, i): null

17-03-2025T06:21:57 - [TEST_STEP][PASSED] - a30 = a30.replaceAll(" ", ""): null

17-03-2025T06:21:57 - [TEST_STEP][PASSED] - if (a30.contains("%")): null

17-03-2025T06:21:57 - [TEST_STEP][PASSED] - a30 = ").trim(): null

17-03-2025T06:21:57 - [TEST_STEP][PASSED] - println("a30: " + a30): null

17-03-2025T06:21:57 - [TEST_STEP][PASSED] - if (vir == 1 || vir == 2): null

17-03-2025T06:21:57 - [TEST_STEP][ERROR] - else: Test Cases/Сверки дашбордов/Выручка в рублях сверка дашбордов ПАО Россети FAILED.
Reason:
java.lang.NullPointerException: Cannot invoke method replace() on null object
	at Выручка в рублях сверка дашбордов ПАО Россети.Blocks(Выручка в рублях сверка дашбордов ПАО Россети:194)
	at Выручка в рублях сверка дашбордов ПАО Россети.ViruchkaChange(Выручка в рублях сверка дашбордов ПАО Россети:60)
	at Выручка в рублях сверка дашбордов ПАО Россети.run(Выручка в рублях сверка дашбордов ПАО Россети:55)
	at com.kms.katalon.core.main.ScriptEngine.run(ScriptEngine.java:194)
	at com.kms.katalon.core.main.ScriptEngine.runScriptAsRawText(ScriptEngine.java:119)
	at com.kms.katalon.core.main.TestCaseExecutor.runScript(TestCaseExecutor.java:448)
	at com.kms.katalon.core.main.TestCaseExecutor.doExecute(TestCaseExecutor.java:439)
	at com.kms.katalon.core.main.TestCaseExecutor.processExecutionPhase(TestCaseExecutor.java:418)
	at com.kms.katalon.core.main.TestCaseExecutor.accessMainPhase(TestCaseExecutor.java:410)
	at com.kms.katalon.core.main.TestCaseExecutor.execute(TestCaseExecutor.java:285)
	at com.kms.katalon.core.common.CommonExecutor.accessTestCaseMainPhase(CommonExecutor.java:65)
	at com.kms.katalon.core.main.TestSuiteExecutor.accessTestSuiteMainPhase(TestSuiteExecutor.java:150)
	at com.kms.katalon.core.main.TestSuiteExecutor.execute(TestSuiteExecutor.java:106)
	at com.kms.katalon.core.main.TestCaseMain.startTestSuite(TestCaseMain.java:180)
	at TempTestSuite1742171011514.run(TempTestSuite1742171011514.groovy:35)
	at java.base/jdk.internal.reflect.NativeMethodAccessorImpl.invoke0(Native Method)
	at java.base/jdk.internal.reflect.NativeMethodAccessorImpl.invoke(NativeMethodAccessorImpl.java:77)
	at java.base/jdk.internal.reflect.DelegatingMethodAccessorImpl.invoke(DelegatingMethodAccessorImpl.java:43)


17-03-2025T06:21:57 - [TEST_STEP][ERROR] - a31 = ").trim(): Test Cases/Сверки дашбордов/Выручка в рублях сверка дашбордов ПАО Россети FAILED.
Reason:
java.lang.NullPointerException: Cannot invoke method replace() on null object
	at Выручка в рублях сверка дашбордов ПАО Россети.Blocks(Выручка в рублях сверка дашбордов ПАО Россети:194)
	at Выручка в рублях сверка дашбордов ПАО Россети.ViruchkaChange(Выручка в рублях сверка дашбордов ПАО Россети:60)
	at Выручка в рублях сверка дашбордов ПАО Россети.run(Выручка в рублях сверка дашбордов ПАО Россети:55)
	at com.kms.katalon.core.main.ScriptEngine.run(ScriptEngine.java:194)
	at com.kms.katalon.core.main.ScriptEngine.runScriptAsRawText(ScriptEngine.java:119)
	at com.kms.katalon.core.main.TestCaseExecutor.runScript(TestCaseExecutor.java:448)
	at com.kms.katalon.core.main.TestCaseExecutor.doExecute(TestCaseExecutor.java:439)
	at com.kms.katalon.core.main.TestCaseExecutor.processExecutionPhase(TestCaseExecutor.java:418)
	at com.kms.katalon.core.main.TestCaseExecutor.accessMainPhase(TestCaseExecutor.java:410)
	at com.kms.katalon.core.main.TestCaseExecutor.execute(TestCaseExecutor.java:285)
	at com.kms.katalon.core.common.CommonExecutor.accessTestCaseMainPhase(CommonExecutor.java:65)
	at com.kms.katalon.core.main.TestSuiteExecutor.accessTestSuiteMainPhase(TestSuiteExecutor.java:150)
	at com.kms.katalon.core.main.TestSuiteExecutor.execute(TestSuiteExecutor.java:106)
	at com.kms.katalon.core.main.TestCaseMain.startTestSuite(TestCaseMain.java:180)
	at TempTestSuite1742171011514.run(TempTestSuite1742171011514.groovy:35)
	at java.base/jdk.internal.reflect.NativeMethodAccessorImpl.invoke0(Native Method)
	at java.base/jdk.internal.reflect.NativeMethodAccessorImpl.invoke(NativeMethodAccessorImpl.java:77)
	at java.base/jdk.internal.reflect.DelegatingMethodAccessorImpl.invoke(DelegatingMethodAccessorImpl.java:43)


17-03-2025T06:22:28 - [MESSAGE][INFO] - Unable to find the element located by 'By.xpath: //div[27]/div[2]/div/div/div/div[14]/span'. Please recheck the objects properties to make sure the desired element is located. 

17-03-2025T06:22:28 - [MESSAGE][FAILED] - Unable to get text of object 'Object Repository/Выручка в рублях/span15' (Root cause: com.kms.katalon.core.exception.StepFailedException: Unable to get text of object 'Object Repository/Выручка в рублях/span15'
	at com.kms.katalon.core.webui.keyword.internal.WebUIKeywordMain.stepFailed(WebUIKeywordMain.groovy:64)
	at com.kms.katalon.core.webui.keyword.internal.WebUIKeywordMain.runKeyword(WebUIKeywordMain.groovy:26)
	at com.kms.katalon.core.webui.keyword.builtin.GetTextKeyword.getText(GetTextKeyword.groovy:88)
	at com.kms.katalon.core.webui.keyword.builtin.GetTextKeyword.execute(GetTextKeyword.groovy:67)
	at com.kms.katalon.core.keyword.internal.KeywordExecutor.executeKeywordForPlatform(KeywordExecutor.groovy:74)
	at com.kms.katalon.core.webui.keyword.WebUiBuiltInKeywords.getText(WebUiBuiltInKeywords.groovy:957)
	at Выручка в рублях сверка дашбордов ПАО Россети.Blocks(Выручка в рублях сверка дашбордов ПАО Россети:194)
	at Выручка в рублях сверка дашбордов ПАО Россети.ViruchkaChange(Выручка в рублях сверка дашбордов ПАО Россети:60)
	at Выручка в рублях сверка дашбордов ПАО Россети.run(Выручка в рублях сверка дашбордов ПАО Россети:55)
	at com.kms.katalon.core.main.ScriptEngine.run(ScriptEngine.java:194)
	at com.kms.katalon.core.main.ScriptEngine.runScriptAsRawText(ScriptEngine.java:119)
	at com.kms.katalon.core.main.TestCaseExecutor.runScript(TestCaseExecutor.java:448)
	at com.kms.katalon.core.main.TestCaseExecutor.doExecute(TestCaseExecutor.java:439)
	at com.kms.katalon.core.main.TestCaseExecutor.processExecutionPhase(TestCaseExecutor.java:418)
	at com.kms.katalon.core.main.TestCaseExecutor.accessMainPhase(TestCaseExecutor.java:410)
	at com.kms.katalon.core.main.TestCaseExecutor.execute(TestCaseExecutor.java:285)
	at com.kms.katalon.core.common.CommonExecutor.accessTestCaseMainPhase(CommonExecutor.java:65)
	at com.kms.katalon.core.main.TestSuiteExecutor.accessTestSuiteMainPhase(TestSuiteExecutor.java:150)
	at com.kms.katalon.core.main.TestSuiteExecutor.execute(TestSuiteExecutor.java:106)
	at com.kms.katalon.core.main.TestCaseMain.startTestSuite(TestCaseMain.java:180)
	at TempTestSuite1742171011514.run(TempTestSuite1742171011514.groovy:35)
	at java.base/jdk.internal.reflect.NativeMethodAccessorImpl.invoke0(Native Method)
	at java.base/jdk.internal.reflect.NativeMethodAccessorImpl.invoke(NativeMethodAccessorImpl.java:77)
	at java.base/jdk.internal.reflect.DelegatingMethodAccessorImpl.invoke(DelegatingMethodAccessorImpl.java:43)
Caused by: com.kms.katalon.core.webui.exception.WebElementNotFoundException: Web element with id: 'Object Repository/Выручка в рублях/span15' located by '//div[27]/div[2]/div/div/div/div[14]/span' not found
	at com.kms.katalon.core.webui.common.WebUiCommonHelper.findWebElement(WebUiCommonHelper.java:1426)
	at com.kms.katalon.core.webui.keyword.internal.WebUIAbstractKeyword.findWebElement(WebUIAbstractKeyword.groovy:27)
	at com.kms.katalon.core.webui.keyword.internal.WebUIAbstractKeyword.findWebElement(WebUIAbstractKeyword.groovy:26)
	at com.kms.katalon.core.webui.keyword.builtin.GetTextKeyword$_getText_closure1.doCall(GetTextKeyword.groovy:78)
	at com.kms.katalon.core.webui.keyword.builtin.GetTextKeyword$_getText_closure1.call(GetTextKeyword.groovy)
	at com.kms.katalon.core.webui.keyword.internal.WebUIKeywordMain.runKeyword(WebUIKeywordMain.groovy:20)
	at com.kms.katalon.core.webui.keyword.builtin.GetTextKeyword.getText(GetTextKeyword.groovy:88)
	at com.kms.katalon.core.webui.keyword.builtin.GetTextKeyword.execute(GetTextKeyword.groovy:67)
	at com.kms.katalon.core.keyword.internal.KeywordExecutor.executeKeywordForPlatform(KeywordExecutor.groovy:74)
	at com.kms.katalon.core.webui.keyword.WebUiBuiltInKeywords.getText(WebUiBuiltInKeywords.groovy:957)
	at Script1710234207206.Blocks(Script1710234207206.groovy:194)
	at Script1710234207206.ViruchkaChange(Script1710234207206.groovy:60)
	at Script1710234207206.run(Script1710234207206.groovy:55)
	... 15 more
)
[[ATTACHMENT|C:\\Users\\LIAZGINA-DI\\git\\SPORU\\Reports\\20250317_032331\\\u041F\u043D-\u0421\u0440-\u041F\u0442\\\u0421\u0432\u0435\u0440\u043A\u0430 \u0434\u0430\u0448\u0431\u043E\u0440\u0434\u043E\u0432 \u0438\u0437 \u0440\u0430\u0437\u043D\u044B\u0445 \u0431\u043B\u043E\u043A\u043E\u0432\\20250317_032331\\1742181748659.png]]

17-03-2025T06:22:28 - [MESSAGE][ERROR] - Test Cases/Сверки дашбордов/Выручка в рублях сверка дашбордов ПАО Россети FAILED.
Reason:
java.lang.NullPointerException: Cannot invoke method replace() on null object
	at Выручка в рублях сверка дашбордов ПАО Россети.Blocks(Выручка в рублях сверка дашбордов ПАО Россети:194)
	at Выручка в рублях сверка дашбордов ПАО Россети.ViruchkaChange(Выручка в рублях сверка дашбордов ПАО Россети:60)
	at Выручка в рублях сверка дашбордов ПАО Россети.run(Выручка в рублях сверка дашбордов ПАО Россети:55)
	at com.kms.katalon.core.main.ScriptEngine.run(ScriptEngine.java:194)
	at com.kms.katalon.core.main.ScriptEngine.runScriptAsRawText(ScriptEngine.java:119)
	at com.kms.katalon.core.main.TestCaseExecutor.runScript(TestCaseExecutor.java:448)
	at com.kms.katalon.core.main.TestCaseExecutor.doExecute(TestCaseExecutor.java:439)
	at com.kms.katalon.core.main.TestCaseExecutor.processExecutionPhase(TestCaseExecutor.java:418)
	at com.kms.katalon.core.main.TestCaseExecutor.accessMainPhase(TestCaseExecutor.java:410)
	at com.kms.katalon.core.main.TestCaseExecutor.execute(TestCaseExecutor.java:285)
	at com.kms.katalon.core.common.CommonExecutor.accessTestCaseMainPhase(CommonExecutor.java:65)
	at com.kms.katalon.core.main.TestSuiteExecutor.accessTestSuiteMainPhase(TestSuiteExecutor.java:150)
	at com.kms.katalon.core.main.TestSuiteExecutor.execute(TestSuiteExecutor.java:106)
	at com.kms.katalon.core.main.TestCaseMain.startTestSuite(TestCaseMain.java:180)
	at TempTestSuite1742171011514.run(TempTestSuite1742171011514.groovy:35)
	at java.base/jdk.internal.reflect.NativeMethodAccessorImpl.invoke0(Native Method)
	at java.base/jdk.internal.reflect.NativeMethodAccessorImpl.invoke(NativeMethodAccessorImpl.java:77)
	at java.base/jdk.internal.reflect.DelegatingMethodAccessorImpl.invoke(DelegatingMethodAccessorImpl.java:43)]]></system-out>
         <system-err><![CDATA[17-03-2025T05:48:14 - [TEST_CASE][FAILED] - Test Cases/Сверки дашбордов/Выручка в рублях сверка дашбордов ПАО Россети: Test Cases/Сверки дашбордов/Выручка в рублях сверка дашбордов ПАО Россети FAILED.
Reason:
com.kms.katalon.core.exception.StepFailedException: Unable to get text of object 'Object Repository/Выручка в рублях/span15' (Root cause: com.kms.katalon.core.exception.StepFailedException: Unable to get text of object 'Object Repository/Выручка в рублях/span15'
	at com.kms.katalon.core.webui.keyword.internal.WebUIKeywordMain.stepFailed(WebUIKeywordMain.groovy:64)
	at com.kms.katalon.core.webui.keyword.internal.WebUIKeywordMain.runKeyword(WebUIKeywordMain.groovy:26)
	at com.kms.katalon.core.webui.keyword.builtin.GetTextKeyword.getText(GetTextKeyword.groovy:88)
	at com.kms.katalon.core.webui.keyword.builtin.GetTextKeyword.execute(GetTextKeyword.groovy:67)
	at com.kms.katalon.core.keyword.internal.KeywordExecutor.executeKeywordForPlatform(KeywordExecutor.groovy:74)
	at com.kms.katalon.core.webui.keyword.WebUiBuiltInKeywords.getText(WebUiBuiltInKeywords.groovy:957)
	at Выручка в рублях сверка дашбордов ПАО Россети.Blocks(Выручка в рублях сверка дашбордов ПАО Россети:194)
	at Выручка в рублях сверка дашбордов ПАО Россети.ViruchkaChange(Выручка в рублях сверка дашбордов ПАО Россети:60)
	at Выручка в рублях сверка дашбордов ПАО Россети.run(Выручка в рублях сверка дашбордов ПАО Россети:55)
	at com.kms.katalon.core.main.ScriptEngine.run(ScriptEngine.java:194)
	at com.kms.katalon.core.main.ScriptEngine.runScriptAsRawText(ScriptEngine.java:119)
	at com.kms.katalon.core.main.TestCaseExecutor.runScript(TestCaseExecutor.java:448)
	at com.kms.katalon.core.main.TestCaseExecutor.doExecute(TestCaseExecutor.java:439)
	at com.kms.katalon.core.main.TestCaseExecutor.processExecutionPhase(TestCaseExecutor.java:418)
	at com.kms.katalon.core.main.TestCaseExecutor.accessMainPhase(TestCaseExecutor.java:410)
	at com.kms.katalon.core.main.TestCaseExecutor.execute(TestCaseExecutor.java:285)
	at com.kms.katalon.core.common.CommonExecutor.accessTestCaseMainPhase(CommonExecutor.java:65)
	at com.kms.katalon.core.main.TestSuiteExecutor.accessTestSuiteMainPhase(TestSuiteExecutor.java:150)
	at com.kms.katalon.core.main.TestSuiteExecutor.execute(TestSuiteExecutor.java:106)
	at com.kms.katalon.core.main.TestCaseMain.startTestSuite(TestCaseMain.java:180)
	at TempTestSuite1742171011514.run(TempTestSuite1742171011514.groovy:35)
	at java.base/jdk.internal.reflect.NativeMethodAccessorImpl.invoke0(Native Method)
	at java.base/jdk.internal.reflect.NativeMethodAccessorImpl.invoke(NativeMethodAccessorImpl.java:77)
	at java.base/jdk.internal.reflect.DelegatingMethodAccessorImpl.invoke(DelegatingMethodAccessorImpl.java:43)
Caused by: com.kms.katalon.core.webui.exception.WebElementNotFoundException: Web element with id: 'Object Repository/Выручка в рублях/span15' located by '//div[27]/div[2]/div/div/div/div[14]/span' not found
	at com.kms.katalon.core.webui.common.WebUiCommonHelper.findWebElement(WebUiCommonHelper.java:1426)
	at com.kms.katalon.core.webui.keyword.internal.WebUIAbstractKeyword.findWebElement(WebUIAbstractKeyword.groovy:27)
	at com.kms.katalon.core.webui.keyword.internal.WebUIAbstractKeyword.findWebElement(WebUIAbstractKeyword.groovy:26)
	at com.kms.katalon.core.webui.keyword.builtin.GetTextKeyword$_getText_closure1.doCall(GetTextKeyword.groovy:78)
	at com.kms.katalon.core.webui.keyword.builtin.GetTextKeyword$_getText_closure1.call(GetTextKeyword.groovy)
	at com.kms.katalon.core.webui.keyword.internal.WebUIKeywordMain.runKeyword(WebUIKeywordMain.groovy:20)
	at com.kms.katalon.core.webui.keyword.builtin.GetTextKeyword.getText(GetTextKeyword.groovy:88)
	at com.kms.katalon.core.webui.keyword.builtin.GetTextKeyword.execute(GetTextKeyword.groovy:67)
	at com.kms.katalon.core.keyword.internal.KeywordExecutor.executeKeywordForPlatform(KeywordExecutor.groovy:74)
	at com.kms.katalon.core.webui.keyword.WebUiBuiltInKeywords.getText(WebUiBuiltInKeywords.groovy:957)
	at Script1710234207206.Blocks(Script1710234207206.groovy:194)
	at Script1710234207206.ViruchkaChange(Script1710234207206.groovy:60)
	at Script1710234207206.run(Script1710234207206.groovy:55)
	... 15 more
)
	at com.kms.katalon.core.keyword.internal.KeywordMain.stepFailed(KeywordMain.groovy:39)
	at com.kms.katalon.core.webui.keyword.internal.WebUIKeywordMain.stepFailed(WebUIKeywordMain.groovy:64)
	at com.kms.katalon.core.webui.keyword.internal.WebUIKeywordMain.runKeyword(WebUIKeywordMain.groovy:26)
	at com.kms.katalon.core.webui.keyword.builtin.GetTextKeyword.getText(GetTextKeyword.groovy:88)
	at com.kms.katalon.core.webui.keyword.builtin.GetTextKeyword.execute(GetTextKeyword.groovy:67)
	at com.kms.katalon.core.keyword.internal.KeywordExecutor.executeKeywordForPlatform(KeywordExecutor.groovy:74)
	at com.kms.katalon.core.webui.keyword.WebUiBuiltInKeywords.getText(WebUiBuiltInKeywords.groovy:957)
	at Выручка в рублях сверка дашбордов ПАО Россети.Blocks(Выручка в рублях сверка дашбордов ПАО Россети:194)
	at Выручка в рублях сверка дашбордов ПАО Россети.ViruchkaChange(Выручка в рублях сверка дашбордов ПАО Россети:60)
	at Выручка в рублях сверка дашбордов ПАО Россети.run(Выручка в рублях сверка дашбордов ПАО Россети:55)
	at com.kms.katalon.core.main.ScriptEngine.run(ScriptEngine.java:194)
	at com.kms.katalon.core.main.ScriptEngine.runScriptAsRawText(ScriptEngine.java:119)
	at com.kms.katalon.core.main.TestCaseExecutor.runScript(TestCaseExecutor.java:448)
	at com.kms.katalon.core.main.TestCaseExecutor.doExecute(TestCaseExecutor.java:439)
	at com.kms.katalon.core.main.TestCaseExecutor.processExecutionPhase(TestCaseExecutor.java:418)
	at com.kms.katalon.core.main.TestCaseExecutor.accessMainPhase(TestCaseExecutor.java:410)
	at com.kms.katalon.core.main.TestCaseExecutor.execute(TestCaseExecutor.java:285)
	at com.kms.katalon.core.common.CommonExecutor.accessTestCaseMainPhase(CommonExecutor.java:65)
	at com.kms.katalon.core.main.TestSuiteExecutor.accessTestSuiteMainPhase(TestSuiteExecutor.java:150)
	at com.kms.katalon.core.main.TestSuiteExecutor.execute(TestSuiteExecutor.java:106)
	at com.kms.katalon.core.main.TestCaseMain.startTestSuite(TestCaseMain.java:180)
	at TempTestSuite1742171011514.run(TempTestSuite1742171011514.groovy:35)
	at java.base/jdk.internal.reflect.NativeMethodAccessorImpl.invoke0(Native Method)
	at java.base/jdk.internal.reflect.NativeMethodAccessorImpl.invoke(NativeMethodAccessorImpl.java:77)
	at java.base/jdk.internal.reflect.DelegatingMethodAccessorImpl.invoke(DelegatingMethodAccessorImpl.java:43)
Caused by: com.kms.katalon.core.exception.StepFailedException: Unable to get text of object 'Object Repository/Выручка в рублях/span15'
	... 24 more
Caused by: com.kms.katalon.core.webui.exception.WebElementNotFoundException: Web element with id: 'Object Repository/Выручка в рублях/span15' located by '//div[27]/div[2]/div/div/div/div[14]/span' not found
	at com.kms.katalon.core.webui.common.WebUiCommonHelper.findWebElement(WebUiCommonHelper.java:1426)
	at com.kms.katalon.core.webui.keyword.internal.WebUIAbstractKeyword.findWebElement(WebUIAbstractKeyword.groovy:27)
	at com.kms.katalon.core.webui.keyword.internal.WebUIAbstractKeyword.findWebElement(WebUIAbstractKeyword.groovy:26)
	at com.kms.katalon.core.webui.keyword.builtin.GetTextKeyword$_getText_closure1.doCall(GetTextKeyword.groovy:78)
	at com.kms.katalon.core.webui.keyword.builtin.GetTextKeyword$_getText_closure1.call(GetTextKeyword.groovy)
	at com.kms.katalon.core.webui.keyword.internal.WebUIKeywordMain.runKeyword(WebUIKeywordMain.groovy:20)
	... 22 more]]></system-err>
      </testcase>
      <testcase name="Test Cases/Сверки дашбордов/Выручка по ДЗО сверка дашбордов" time="144.425" classname="Test Cases/Сверки дашбордов/Выручка по ДЗО сверка дашбордов" status="FAILED">
         <failure type="FAILED" message="Test Cases/Сверки дашбордов/Выручка по ДЗО сверка дашбордов FAILED.&#xa;Reason:&#xa;com.kms.katalon.core.exception.StepFailedException: Unable to verify equal between actual object '2 275 2 275&#xa;0 0&#xa;0 0&#xa;8 938 8 938&#xa;7 813 7 813&#xa;11 645 11 645&#xa;12 788 12 788&#xa;0 0&#xa;7 066 7 066&#xa;0 0&#xa;1 091 1 091&#xa;10 368 10 368&#xa;10 920 10 920&#xa;28 393 28 393&#xa;12 599 12 599&#xa;13 668 13 668&#xa;6 349 6 349&#xa;1 064 1 064&#xa;2 202 2 202&#xa;274 274&#xa;463 463&#xa;10 568 10 568&#xa;7 759 7 759&#xa;11 241 11 241&#xa;21 497 21 497&#xa;3 799 3 799&#xa;6 815 6 815&#xa;11 296 11 296&#xa;1 034 1 034&#xa;9 265 9 265&#xa;10 446 10 446&#xa;28 334 28 334&#xa;11 924 11 924&#xa;13 055 13 055&#xa;6 848 6 848&#xa;1 045 1 045&#xa;' and expected object '2 275 2 275&#xa;251 251&#xa;545 545&#xa;10 863 10 863&#xa;7 813 7 813&#xa;11 645 11 645&#xa;22 423 22 423&#xa;4 405 4 405&#xa;7 066 7 066&#xa;10 948 10 948&#xa;1 091 1 091&#xa;10 368 10 368&#xa;10 920 10 920&#xa;28 393 28 393&#xa;12 599 12 599&#xa;13 668 13 668&#xa;7 039 7 039&#xa;1 064 1 064&#xa;2 202 2 202&#xa;274 274&#xa;463 463&#xa;10 568 10 568&#xa;7 759 7 759&#xa;11 241 11 241&#xa;21 497 21 497&#xa;3 799 3 799&#xa;6 815 6 815&#xa;11 296 11 296&#xa;1 034 1 034&#xa;9 265 9 265&#xa;10 446 10 446&#xa;28 334 28 334&#xa;11 924 11 924&#xa;13 055 13 055&#xa;6 848 6 848&#xa;1 045 1 045&#xa;' (Root cause: com.kms.katalon.core.exception.StepFailedException: Actual object '2 275 2 275&#xa;0 0&#xa;0 0&#xa;8 938 8 938&#xa;7 813 7 813&#xa;11 645 11 645&#xa;12 788 12 788&#xa;0 0&#xa;7 066 7 066&#xa;0 0&#xa;1 091 1 091&#xa;10 368 10 368&#xa;10 920 10 920&#xa;28 393 28 393&#xa;12 599 12 599&#xa;13 668 13 668&#xa;6 349 6 349&#xa;1 064 1 064&#xa;2 202 2 202&#xa;274 274&#xa;463 463&#xa;10 568 10 568&#xa;7 759 7 759&#xa;11 241 11 241&#xa;21 497 21 497&#xa;3 799 3 799&#xa;6 815 6 815&#xa;11 296 11 296&#xa;1 034 1 034&#xa;9 265 9 265&#xa;10 446 10 446&#xa;28 334 28 334&#xa;11 924 11 924&#xa;13 055 13 055&#xa;6 848 6 848&#xa;1 045 1 045&#xa;' and expected object '2 275 2 275&#xa;251 251&#xa;545 545&#xa;10 863 10 863&#xa;7 813 7 813&#xa;11 645 11 645&#xa;22 423 22 423&#xa;4 405 4 405&#xa;7 066 7 066&#xa;10 948 10 948&#xa;1 091 1 091&#xa;10 368 10 368&#xa;10 920 10 920&#xa;28 393 28 393&#xa;12 599 12 599&#xa;13 668 13 668&#xa;7 039 7 039&#xa;1 064 1 064&#xa;2 202 2 202&#xa;274 274&#xa;463 463&#xa;10 568 10 568&#xa;7 759 7 759&#xa;11 241 11 241&#xa;21 497 21 497&#xa;3 799 3 799&#xa;6 815 6 815&#xa;11 296 11 296&#xa;1 034 1 034&#xa;9 265 9 265&#xa;10 446 10 446&#xa;28 334 28 334&#xa;11 924 11 924&#xa;13 055 13 055&#xa;6 848 6 848&#xa;1 045 1 045&#xa;' are not equal&#xa;	at com.kms.katalon.core.keyword.builtin.VerifyEqualKeyword$_verifyEqual_closure1.doCall(VerifyEqualKeyword.groovy:58)&#xa;	at com.kms.katalon.core.keyword.builtin.VerifyEqualKeyword$_verifyEqual_closure1.call(VerifyEqualKeyword.groovy)&#xa;	at com.kms.katalon.core.keyword.internal.KeywordMain.runKeyword(KeywordMain.groovy:75)&#xa;	at com.kms.katalon.core.keyword.builtin.VerifyEqualKeyword.verifyEqual(VerifyEqualKeyword.groovy:63)&#xa;	at com.kms.katalon.core.keyword.builtin.VerifyEqualKeyword.execute(VerifyEqualKeyword.groovy:44)&#xa;	at com.kms.katalon.core.keyword.internal.KeywordExecutor.executeKeywordForPlatform(KeywordExecutor.groovy:74)&#xa;	at com.kms.katalon.core.keyword.BuiltinKeywords.verifyEqual(BuiltinKeywords.groovy:146)&#xa;	at jdk.internal.reflect.GeneratedMethodAccessor23.invoke(Unknown Source)&#xa;	at java.base/jdk.internal.reflect.DelegatingMethodAccessorImpl.invoke(DelegatingMethodAccessorImpl.java:43)&#xa;	at Выручка по ДЗО сверка дашбордов.run(Выручка по ДЗО сверка дашбордов:149)&#xa;	at com.kms.katalon.core.main.ScriptEngine.run(ScriptEngine.java:194)&#xa;	at com.kms.katalon.core.main.ScriptEngine.runScriptAsRawText(ScriptEngine.java:119)&#xa;	at com.kms.katalon.core.main.TestCaseExecutor.runScript(TestCaseExecutor.java:448)&#xa;	at com.kms.katalon.core.main.TestCaseExecutor.doExecute(TestCaseExecutor.java:439)&#xa;	at com.kms.katalon.core.main.TestCaseExecutor.processExecutionPhase(TestCaseExecutor.java:418)&#xa;	at com.kms.katalon.core.main.TestCaseExecutor.accessMainPhase(TestCaseExecutor.java:410)&#xa;	at com.kms.katalon.core.main.TestCaseExecutor.execute(TestCaseExecutor.java:285)&#xa;	at com.kms.katalon.core.common.CommonExecutor.accessTestCaseMainPhase(CommonExecutor.java:65)&#xa;	at com.kms.katalon.core.main.TestSuiteExecutor.accessTestSuiteMainPhase(TestSuiteExecutor.java:150)&#xa;	at com.kms.katalon.core.main.TestSuiteExecutor.execute(TestSuiteExecutor.java:106)&#xa;	at com.kms.katalon.core.main.TestCaseMain.startTestSuite(TestCaseMain.java:180)&#xa;	at TempTestSuite1742171011514.run(TempTestSuite1742171011514.groovy:35)&#xa;	at java.base/jdk.internal.reflect.NativeMethodAccessorImpl.invoke0(Native Method)&#xa;	at java.base/jdk.internal.reflect.NativeMethodAccessorImpl.invoke(NativeMethodAccessorImpl.java:77)&#xa;	at java.base/jdk.internal.reflect.DelegatingMethodAccessorImpl.invoke(DelegatingMethodAccessorImpl.java:43)&#xa;)&#xa;	at com.kms.katalon.core.keyword.internal.KeywordMain.stepFailed(KeywordMain.groovy:39)&#xa;	at com.kms.katalon.core.keyword.internal.KeywordMain.stepFailed(KeywordMain.groovy)&#xa;	at com.kms.katalon.core.keyword.internal.KeywordMain.runKeyword(KeywordMain.groovy:77)&#xa;	at com.kms.katalon.core.keyword.builtin.VerifyEqualKeyword.verifyEqual(VerifyEqualKeyword.groovy:63)&#xa;	at com.kms.katalon.core.keyword.builtin.VerifyEqualKeyword.execute(VerifyEqualKeyword.groovy:44)&#xa;	at com.kms.katalon.core.keyword.internal.KeywordExecutor.executeKeywordForPlatform(KeywordExecutor.groovy:74)&#xa;	at com.kms.katalon.core.keyword.BuiltinKeywords.verifyEqual(BuiltinKeywords.groovy:146)&#xa;	at jdk.internal.reflect.GeneratedMethodAccessor23.invoke(Unknown Source)&#xa;	at java.base/jdk.internal.reflect.DelegatingMethodAccessorImpl.invoke(DelegatingMethodAccessorImpl.java:43)&#xa;	at Выручка по ДЗО сверка дашбордов.run(Выручка по ДЗО сверка дашбордов:149)&#xa;	at com.kms.katalon.core.main.ScriptEngine.run(ScriptEngine.java:194)&#xa;	at com.kms.katalon.core.main.ScriptEngine.runScriptAsRawText(ScriptEngine.java:119)&#xa;	at com.kms.katalon.core.main.TestCaseExecutor.runScript(TestCaseExecutor.java:448)&#xa;	at com.kms.katalon.core.main.TestCaseExecutor.doExecute(TestCaseExecutor.java:439)&#xa;	at com.kms.katalon.core.main.TestCaseExecutor.processExecutionPhase(TestCaseExecutor.java:418)&#xa;	at com.kms.katalon.core.main.TestCaseExecutor.accessMainPhase(TestCaseExecutor.java:410)&#xa;	at com.kms.katalon.core.main.TestCaseExecutor.execute(TestCaseExecutor.java:285)&#xa;	at com.kms.katalon.core.common.CommonExecutor.accessTestCaseMainPhase(CommonExecutor.java:65)&#xa;	at com.kms.katalon.core.main.TestSuiteExecutor.accessTestSuiteMainPhase(TestSuiteExecutor.java:150)&#xa;	at com.kms.katalon.core.main.TestSuiteExecutor.execute(TestSuiteExecutor.java:106)&#xa;	at com.kms.katalon.core.main.TestCaseMain.startTestSuite(TestCaseMain.java:180)&#xa;	at TempTestSuite1742171011514.run(TempTestSuite1742171011514.groovy:35)&#xa;	at java.base/jdk.internal.reflect.NativeMethodAccessorImpl.invoke0(Native Method)&#xa;	at java.base/jdk.internal.reflect.NativeMethodAccessorImpl.invoke(NativeMethodAccessorImpl.java:77)&#xa;	at java.base/jdk.internal.reflect.DelegatingMethodAccessorImpl.invoke(DelegatingMethodAccessorImpl.java:43)&#xa;Caused by: com.kms.katalon.core.exception.StepFailedException: Actual object '2 275 2 275&#xa;0 0&#xa;0 0&#xa;8 938 8 938&#xa;7 813 7 813&#xa;11 645 11 645&#xa;12 788 12 788&#xa;0 0&#xa;7 066 7 066&#xa;0 0&#xa;1 091 1 091&#xa;10 368 10 368&#xa;10 920 10 920&#xa;28 393 28 393&#xa;12 599 12 599&#xa;13 668 13 668&#xa;6 349 6 349&#xa;1 064 1 064&#xa;2 202 2 202&#xa;274 274&#xa;463 463&#xa;10 568 10 568&#xa;7 759 7 759&#xa;11 241 11 241&#xa;21 497 21 497&#xa;3 799 3 799&#xa;6 815 6 815&#xa;11 296 11 296&#xa;1 034 1 034&#xa;9 265 9 265&#xa;10 446 10 446&#xa;28 334 28 334&#xa;11 924 11 924&#xa;13 055 13 055&#xa;6 848 6 848&#xa;1 045 1 045&#xa;' and expected object '2 275 2 275&#xa;251 251&#xa;545 545&#xa;10 863 10 863&#xa;7 813 7 813&#xa;11 645 11 645&#xa;22 423 22 423&#xa;4 405 4 405&#xa;7 066 7 066&#xa;10 948 10 948&#xa;1 091 1 091&#xa;10 368 10 368&#xa;10 920 10 920&#xa;28 393 28 393&#xa;12 599 12 599&#xa;13 668 13 668&#xa;7 039 7 039&#xa;1 064 1 064&#xa;2 202 2 202&#xa;274 274&#xa;463 463&#xa;10 568 10 568&#xa;7 759 7 759&#xa;11 241 11 241&#xa;21 497 21 497&#xa;3 799 3 799&#xa;6 815 6 815&#xa;11 296 11 296&#xa;1 034 1 034&#xa;9 265 9 265&#xa;10 446 10 446&#xa;28 334 28 334&#xa;11 924 11 924&#xa;13 055 13 055&#xa;6 848 6 848&#xa;1 045 1 045&#xa;' are not equal&#xa;	at com.kms.katalon.core.keyword.builtin.VerifyEqualKeyword$_verifyEqual_closure1.doCall(VerifyEqualKeyword.groovy:58)&#xa;	at com.kms.katalon.core.keyword.builtin.VerifyEqualKeyword$_verifyEqual_closure1.call(VerifyEqualKeyword.groovy)&#xa;	at com.kms.katalon.core.keyword.internal.KeywordMain.runKeyword(KeywordMain.groovy:75)&#xa;	... 22 more&#xa;"/>
         <system-out><![CDATA[17-03-2025T06:22:28 - [TEST_CASE][FAILED] - Test Cases/Сверки дашбордов/Выручка по ДЗО сверка дашбордов: Test Cases/Сверки дашбордов/Выручка по ДЗО сверка дашбордов FAILED.
Reason:
com.kms.katalon.core.exception.StepFailedException: Unable to verify equal between actual object '2 275 2 275
0 0
0 0
8 938 8 938
7 813 7 813
11 645 11 645
12 788 12 788
0 0
7 066 7 066
0 0
1 091 1 091
10 368 10 368
10 920 10 920
28 393 28 393
12 599 12 599
13 668 13 668
6 349 6 349
1 064 1 064
2 202 2 202
274 274
463 463
10 568 10 568
7 759 7 759
11 241 11 241
21 497 21 497
3 799 3 799
6 815 6 815
11 296 11 296
1 034 1 034
9 265 9 265
10 446 10 446
28 334 28 334
11 924 11 924
13 055 13 055
6 848 6 848
1 045 1 045
' and expected object '2 275 2 275
251 251
545 545
10 863 10 863
7 813 7 813
11 645 11 645
22 423 22 423
4 405 4 405
7 066 7 066
10 948 10 948
1 091 1 091
10 368 10 368
10 920 10 920
28 393 28 393
12 599 12 599
13 668 13 668
7 039 7 039
1 064 1 064
2 202 2 202
274 274
463 463
10 568 10 568
7 759 7 759
11 241 11 241
21 497 21 497
3 799 3 799
6 815 6 815
11 296 11 296
1 034 1 034
9 265 9 265
10 446 10 446
28 334 28 334
11 924 11 924
13 055 13 055
6 848 6 848
1 045 1 045
' (Root cause: com.kms.katalon.core.exception.StepFailedException: Actual object '2 275 2 275
0 0
0 0
8 938 8 938
7 813 7 813
11 645 11 645
12 788 12 788
0 0
7 066 7 066
0 0
1 091 1 091
10 368 10 368
10 920 10 920
28 393 28 393
12 599 12 599
13 668 13 668
6 349 6 349
1 064 1 064
2 202 2 202
274 274
463 463
10 568 10 568
7 759 7 759
11 241 11 241
21 497 21 497
3 799 3 799
6 815 6 815
11 296 11 296
1 034 1 034
9 265 9 265
10 446 10 446
28 334 28 334
11 924 11 924
13 055 13 055
6 848 6 848
1 045 1 045
' and expected object '2 275 2 275
251 251
545 545
10 863 10 863
7 813 7 813
11 645 11 645
22 423 22 423
4 405 4 405
7 066 7 066
10 948 10 948
1 091 1 091
10 368 10 368
10 920 10 920
28 393 28 393
12 599 12 599
13 668 13 668
7 039 7 039
1 064 1 064
2 202 2 202
274 274
463 463
10 568 10 568
7 759 7 759
11 241 11 241
21 497 21 497
3 799 3 799
6 815 6 815
11 296 11 296
1 034 1 034
9 265 9 265
10 446 10 446
28 334 28 334
11 924 11 924
13 055 13 055
6 848 6 848
1 045 1 045
' are not equal
	at com.kms.katalon.core.keyword.builtin.VerifyEqualKeyword$_verifyEqual_closure1.doCall(VerifyEqualKeyword.groovy:58)
	at com.kms.katalon.core.keyword.builtin.VerifyEqualKeyword$_verifyEqual_closure1.call(VerifyEqualKeyword.groovy)
	at com.kms.katalon.core.keyword.internal.KeywordMain.runKeyword(KeywordMain.groovy:75)
	at com.kms.katalon.core.keyword.builtin.VerifyEqualKeyword.verifyEqual(VerifyEqualKeyword.groovy:63)
	at com.kms.katalon.core.keyword.builtin.VerifyEqualKeyword.execute(VerifyEqualKeyword.groovy:44)
	at com.kms.katalon.core.keyword.internal.KeywordExecutor.executeKeywordForPlatform(KeywordExecutor.groovy:74)
	at com.kms.katalon.core.keyword.BuiltinKeywords.verifyEqual(BuiltinKeywords.groovy:146)
	at jdk.internal.reflect.GeneratedMethodAccessor23.invoke(Unknown Source)
	at java.base/jdk.internal.reflect.DelegatingMethodAccessorImpl.invoke(DelegatingMethodAccessorImpl.java:43)
	at Выручка по ДЗО сверка дашбордов.run(Выручка по ДЗО сверка дашбордов:149)
	at com.kms.katalon.core.main.ScriptEngine.run(ScriptEngine.java:194)
	at com.kms.katalon.core.main.ScriptEngine.runScriptAsRawText(ScriptEngine.java:119)
	at com.kms.katalon.core.main.TestCaseExecutor.runScript(TestCaseExecutor.java:448)
	at com.kms.katalon.core.main.TestCaseExecutor.doExecute(TestCaseExecutor.java:439)
	at com.kms.katalon.core.main.TestCaseExecutor.processExecutionPhase(TestCaseExecutor.java:418)
	at com.kms.katalon.core.main.TestCaseExecutor.accessMainPhase(TestCaseExecutor.java:410)
	at com.kms.katalon.core.main.TestCaseExecutor.execute(TestCaseExecutor.java:285)
	at com.kms.katalon.core.common.CommonExecutor.accessTestCaseMainPhase(CommonExecutor.java:65)
	at com.kms.katalon.core.main.TestSuiteExecutor.accessTestSuiteMainPhase(TestSuiteExecutor.java:150)
	at com.kms.katalon.core.main.TestSuiteExecutor.execute(TestSuiteExecutor.java:106)
	at com.kms.katalon.core.main.TestCaseMain.startTestSuite(TestCaseMain.java:180)
	at TempTestSuite1742171011514.run(TempTestSuite1742171011514.groovy:35)
	at java.base/jdk.internal.reflect.NativeMethodAccessorImpl.invoke0(Native Method)
	at java.base/jdk.internal.reflect.NativeMethodAccessorImpl.invoke(NativeMethodAccessorImpl.java:77)
	at java.base/jdk.internal.reflect.DelegatingMethodAccessorImpl.invoke(DelegatingMethodAccessorImpl.java:43)
)
	at com.kms.katalon.core.keyword.internal.KeywordMain.stepFailed(KeywordMain.groovy:39)
	at com.kms.katalon.core.keyword.internal.KeywordMain.stepFailed(KeywordMain.groovy)
	at com.kms.katalon.core.keyword.internal.KeywordMain.runKeyword(KeywordMain.groovy:77)
	at com.kms.katalon.core.keyword.builtin.VerifyEqualKeyword.verifyEqual(VerifyEqualKeyword.groovy:63)
	at com.kms.katalon.core.keyword.builtin.VerifyEqualKeyword.execute(VerifyEqualKeyword.groovy:44)
	at com.kms.katalon.core.keyword.internal.KeywordExecutor.executeKeywordForPlatform(KeywordExecutor.groovy:74)
	at com.kms.katalon.core.keyword.BuiltinKeywords.verifyEqual(BuiltinKeywords.groovy:146)
	at jdk.internal.reflect.GeneratedMethodAccessor23.invoke(Unknown Source)
	at java.base/jdk.internal.reflect.DelegatingMethodAccessorImpl.invoke(DelegatingMethodAccessorImpl.java:43)
	at Выручка по ДЗО сверка дашбордов.run(Выручка по ДЗО сверка дашбордов:149)
	at com.kms.katalon.core.main.ScriptEngine.run(ScriptEngine.java:194)
	at com.kms.katalon.core.main.ScriptEngine.runScriptAsRawText(ScriptEngine.java:119)
	at com.kms.katalon.core.main.TestCaseExecutor.runScript(TestCaseExecutor.java:448)
	at com.kms.katalon.core.main.TestCaseExecutor.doExecute(TestCaseExecutor.java:439)
	at com.kms.katalon.core.main.TestCaseExecutor.processExecutionPhase(TestCaseExecutor.java:418)
	at com.kms.katalon.core.main.TestCaseExecutor.accessMainPhase(TestCaseExecutor.java:410)
	at com.kms.katalon.core.main.TestCaseExecutor.execute(TestCaseExecutor.java:285)
	at com.kms.katalon.core.common.CommonExecutor.accessTestCaseMainPhase(CommonExecutor.java:65)
	at com.kms.katalon.core.main.TestSuiteExecutor.accessTestSuiteMainPhase(TestSuiteExecutor.java:150)
	at com.kms.katalon.core.main.TestSuiteExecutor.execute(TestSuiteExecutor.java:106)
	at com.kms.katalon.core.main.TestCaseMain.startTestSuite(TestCaseMain.java:180)
	at TempTestSuite1742171011514.run(TempTestSuite1742171011514.groovy:35)
	at java.base/jdk.internal.reflect.NativeMethodAccessorImpl.invoke0(Native Method)
	at java.base/jdk.internal.reflect.NativeMethodAccessorImpl.invoke(NativeMethodAccessorImpl.java:77)
	at java.base/jdk.internal.reflect.DelegatingMethodAccessorImpl.invoke(DelegatingMethodAccessorImpl.java:43)
Caused by: com.kms.katalon.core.exception.StepFailedException: Actual object '2 275 2 275
0 0
0 0
8 938 8 938
7 813 7 813
11 645 11 645
12 788 12 788
0 0
7 066 7 066
0 0
1 091 1 091
10 368 10 368
10 920 10 920
28 393 28 393
12 599 12 599
13 668 13 668
6 349 6 349
1 064 1 064
2 202 2 202
274 274
463 463
10 568 10 568
7 759 7 759
11 241 11 241
21 497 21 497
3 799 3 799
6 815 6 815
11 296 11 296
1 034 1 034
9 265 9 265
10 446 10 446
28 334 28 334
11 924 11 924
13 055 13 055
6 848 6 848
1 045 1 045
' and expected object '2 275 2 275
251 251
545 545
10 863 10 863
7 813 7 813
11 645 11 645
22 423 22 423
4 405 4 405
7 066 7 066
10 948 10 948
1 091 1 091
10 368 10 368
10 920 10 920
28 393 28 393
12 599 12 599
13 668 13 668
7 039 7 039
1 064 1 064
2 202 2 202
274 274
463 463
10 568 10 568
7 759 7 759
11 241 11 241
21 497 21 497
3 799 3 799
6 815 6 815
11 296 11 296
1 034 1 034
9 265 9 265
10 446 10 446
28 334 28 334
11 924 11 924
13 055 13 055
6 848 6 848
1 045 1 045
' are not equal
	at com.kms.katalon.core.keyword.builtin.VerifyEqualKeyword$_verifyEqual_closure1.doCall(VerifyEqualKeyword.groovy:58)
	at com.kms.katalon.core.keyword.builtin.VerifyEqualKeyword$_verifyEqual_closure1.call(VerifyEqualKeyword.groovy)
	at com.kms.katalon.core.keyword.internal.KeywordMain.runKeyword(KeywordMain.groovy:75)
	... 22 more


17-03-2025T06:22:28 - [TEST_STEP][PASSED] - date = new java.util.Date(): null

17-03-2025T06:22:28 - [TEST_STEP][PASSED] - todaysDate = date.format("dd.MM.yyyy"): null

17-03-2025T06:22:28 - [TEST_STEP][PASSED] - println(todaysDate): null

17-03-2025T06:22:28 - [TEST_STEP][PASSED] - openBrowser(""): Browser is opened with url: ''

17-03-2025T06:22:28 - [MESSAGE][WARNING] - A browser is already opened. Closing browser and opening a new one

17-03-2025T06:22:29 - [MESSAGE][INFO] - Starting 'Chrome' driver

17-03-2025T06:22:29 - [MESSAGE][INFO] - Action delay is set to 0 milliseconds

17-03-2025T06:22:30 - [MESSAGE][PASSED] - Browser is opened with url: ''

17-03-2025T06:22:30 - [TEST_STEP][PASSED] - navigateToUrl(findTestData("PlanFact").getValue(10, 5)): Navigate to 'https://bi.rosseti.digital/viewer?dashboardGuid=2301950b23be4ed89c1df75f2020051e&sheetGuid=31530aa0b6664c09b016b7f2ab9d853e&fit=true' successfully

17-03-2025T06:22:33 - [MESSAGE][PASSED] - Navigate to 'https://bi.rosseti.digital/viewer?dashboardGuid=2301950b23be4ed89c1df75f2020051e&sheetGuid=31530aa0b6664c09b016b7f2ab9d853e&fit=true' successfully

17-03-2025T06:22:33 - [TEST_STEP][PASSED] - setText(findTestObject("Страница авторизации/input__username"), findTestData("PlanFact").getValue(8, 1)): Text 'liazgina-di' is set on object 'Object Repository/Страница авторизации/input__username'

17-03-2025T06:22:36 - [MESSAGE][PASSED] - Text 'liazgina-di' is set on object 'Object Repository/Страница авторизации/input__username'

17-03-2025T06:22:36 - [TEST_STEP][PASSED] - setText(findTestObject("Страница авторизации/input__password"), findTestData("PlanFact").getValue(9, 1)): Text ')$%5srZ8o688Dm#q' is set on object 'Object Repository/Страница авторизации/input__password'

17-03-2025T06:22:36 - [MESSAGE][PASSED] - Text ')$%5srZ8o688Dm#q' is set on object 'Object Repository/Страница авторизации/input__password'

17-03-2025T06:22:36 - [TEST_STEP][PASSED] - click(findTestObject("Страница авторизации/button_")): Object: 'Object Repository/Страница авторизации/button_' is clicked on

17-03-2025T06:22:37 - [MESSAGE][PASSED] - Object: 'Object Repository/Страница авторизации/button_' is clicked on

17-03-2025T06:22:37 - [TEST_STEP][PASSED] - delay(30): Delayed 30 second(s)

17-03-2025T06:23:07 - [MESSAGE][PASSED] - Delayed 30 second(s)

17-03-2025T06:23:07 - [TEST_STEP][PASSED] - click(findTestObject("Выручка по ДЗО/Фильтр Дата")): Object: 'Object Repository/Выручка по ДЗО/Фильтр Дата' is clicked on

17-03-2025T06:23:07 - [MESSAGE][PASSED] - Object: 'Object Repository/Выручка по ДЗО/Фильтр Дата' is clicked on

17-03-2025T06:23:07 - [TEST_STEP][PASSED] - click(findTestObject("Выручка по ДЗО/Снять выделение в фильтре Дата")): Object: 'Object Repository/Выручка по ДЗО/Снять выделение в фильтре Дата' is clicked on

17-03-2025T06:23:08 - [MESSAGE][PASSED] - Object: 'Object Repository/Выручка по ДЗО/Снять выделение в фильтре Дата' is clicked on

17-03-2025T06:23:08 - [TEST_STEP][PASSED] - click(findTestObject("Выручка по ДЗО/Применить в фильтре Дата")): Object: 'Object Repository/Выручка по ДЗО/Применить в фильтре Дата' is clicked on

17-03-2025T06:23:08 - [MESSAGE][PASSED] - Object: 'Object Repository/Выручка по ДЗО/Применить в фильтре Дата' is clicked on

17-03-2025T06:23:08 - [TEST_STEP][PASSED] - click(findTestObject("Выручка по ДЗО/Фильтр Дата")): Object: 'Object Repository/Выручка по ДЗО/Фильтр Дата' is clicked on

17-03-2025T06:23:10 - [MESSAGE][PASSED] - Object: 'Object Repository/Выручка по ДЗО/Фильтр Дата' is clicked on

17-03-2025T06:23:10 - [TEST_STEP][PASSED] - click(findTestObject("Выручка по ДЗО/Снять выделение в фильтре Дата")): Object: 'Object Repository/Выручка по ДЗО/Снять выделение в фильтре Дата' is clicked on

17-03-2025T06:23:10 - [MESSAGE][PASSED] - Object: 'Object Repository/Выручка по ДЗО/Снять выделение в фильтре Дата' is clicked on

17-03-2025T06:23:10 - [TEST_STEP][PASSED] - scrollToElement(findTestObject("Выручка по ДЗО/2025 список"), 30): Scroll to object 'Object Repository/Выручка по ДЗО/2025 список' successfully

17-03-2025T06:23:11 - [MESSAGE][PASSED] - Scroll to object 'Object Repository/Выручка по ДЗО/2025 список' successfully

17-03-2025T06:23:11 - [TEST_STEP][PASSED] - click(findTestObject("Выручка по ДЗО/2025 список")): Object: 'Object Repository/Выручка по ДЗО/2025 список' is clicked on

17-03-2025T06:23:11 - [MESSAGE][PASSED] - Object: 'Object Repository/Выручка по ДЗО/2025 список' is clicked on

17-03-2025T06:23:11 - [TEST_STEP][PASSED] - scrollToElement(findTestObject("Выручка по ДЗО/1 квартал 2025 список"), 30): Scroll to object 'Object Repository/Выручка по ДЗО/1 квартал 2025 список' successfully

17-03-2025T06:23:11 - [MESSAGE][PASSED] - Scroll to object 'Object Repository/Выручка по ДЗО/1 квартал 2025 список' successfully

17-03-2025T06:23:11 - [TEST_STEP][PASSED] - click(findTestObject("Выручка по ДЗО/1 квартал 2025 список"), CONTINUE_ON_FAILURE): Object: 'Object Repository/Выручка по ДЗО/1 квартал 2025 список' is clicked on

17-03-2025T06:23:12 - [MESSAGE][PASSED] - Object: 'Object Repository/Выручка по ДЗО/1 квартал 2025 список' is clicked on

17-03-2025T06:23:12 - [TEST_STEP][PASSED] - scrollToElement(findTestObject("Выручка по ДЗО/Январь 2025"), 30): Scroll to object 'Object Repository/Выручка по ДЗО/Январь 2025' successfully

17-03-2025T06:23:12 - [MESSAGE][PASSED] - Scroll to object 'Object Repository/Выручка по ДЗО/Январь 2025' successfully

17-03-2025T06:23:12 - [TEST_STEP][PASSED] - click(findTestObject("Выручка по ДЗО/Январь 2025"), CONTINUE_ON_FAILURE): Object: 'Object Repository/Выручка по ДЗО/Январь 2025' is clicked on

17-03-2025T06:23:12 - [MESSAGE][PASSED] - Object: 'Object Repository/Выручка по ДЗО/Январь 2025' is clicked on

17-03-2025T06:23:12 - [TEST_STEP][PASSED] - scrollToElement(findTestObject("Выручка по ДЗО/Заголовок дашборда"), 30): Scroll to object 'Object Repository/Выручка по ДЗО/Заголовок дашборда' successfully

17-03-2025T06:23:13 - [MESSAGE][PASSED] - Scroll to object 'Object Repository/Выручка по ДЗО/Заголовок дашборда' successfully

17-03-2025T06:23:13 - [TEST_STEP][PASSED] - click(findTestObject("Выручка по ДЗО/Применить в фильтре Дата")): Object: 'Object Repository/Выручка по ДЗО/Применить в фильтре Дата' is clicked on

17-03-2025T06:23:13 - [MESSAGE][PASSED] - Object: 'Object Repository/Выручка по ДЗО/Применить в фильтре Дата' is clicked on

17-03-2025T06:23:13 - [TEST_STEP][PASSED] - delay(30): Delayed 30 second(s)

17-03-2025T06:23:43 - [MESSAGE][PASSED] - Delayed 30 second(s)

17-03-2025T06:23:43 - [TEST_STEP][PASSED] - a1 = getText(findTestObject("Выручка по ДЗО/График1 Выполнение плановых показателей Блок руководителя")): Text of object 'Object Repository/Выручка по ДЗО/График1 Выполнение плановых показателей Блок руководителя' is: '2 275 2 275
0 0
0 0
8 938 8 938
7 813 7 813
11 645 11 645
12 788 12 788
0 0
7 066 7 066
0 0
1 091 1 091
10 368 10 368
10 920 10 920
28 393 28 393
12 599 12 599
13 668 13 668
6 349 6 349
1 064 1 064
2 202 2 202
274 274
463 463
10 568 10 568
7 759 7 759
11 241 11 241
21 497 21 497
3 799 3 799
6 815 6 815
11 296 11 296
1 034 1 034
9 265 9 265
10 446 10 446
28 334 28 334
11 924 11 924
13 055 13 055
6 848 6 848
1 045 1 045
План
Факт
АО "РЭС"
АО «Тываэнерго»
АО «Чеченэнерго»
Россети Волга
Россети Кубань
Россети Ленэнерго (ГК)
Россети Московский регион
Россети Северный Кавказ (ГК)
Россети Северо-Запад
Россети Сибирь (ГК)
Россети Томск
Россети Тюмень
Россети Урал (ГК)
Россети ФСК ЕЭС
Россети Центр
Россети Центр и Приволжье (ГК)
Россети Юг (ГК)
Россети Янтарь
0 млн. руб.
2 500 млн. руб.
5 000 млн. руб.
7 500 млн. руб.
10 000 млн. руб.
12 500 млн. руб.
15 000 млн. руб.
17 500 млн. руб.
20 000 млн. руб.
22 500 млн. руб.
25 000 млн. руб.
27 500 млн. руб.
30 000 млн. руб.'

17-03-2025T06:23:44 - [MESSAGE][PASSED] - Text of object 'Object Repository/Выручка по ДЗО/График1 Выполнение плановых показателей Блок руководителя' is: '2 275 2 275
0 0
0 0
8 938 8 938
7 813 7 813
11 645 11 645
12 788 12 788
0 0
7 066 7 066
0 0
1 091 1 091
10 368 10 368
10 920 10 920
28 393 28 393
12 599 12 599
13 668 13 668
6 349 6 349
1 064 1 064
2 202 2 202
274 274
463 463
10 568 10 568
7 759 7 759
11 241 11 241
21 497 21 497
3 799 3 799
6 815 6 815
11 296 11 296
1 034 1 034
9 265 9 265
10 446 10 446
28 334 28 334
11 924 11 924
13 055 13 055
6 848 6 848
1 045 1 045
План
Факт
АО "РЭС"
АО «Тываэнерго»
АО «Чеченэнерго»
Россети Волга
Россети Кубань
Россети Ленэнерго (ГК)
Россети Московский регион
Россети Северный Кавказ (ГК)
Россети Северо-Запад
Россети Сибирь (ГК)
Россети Томск
Россети Тюмень
Россети Урал (ГК)
Россети ФСК ЕЭС
Россети Центр
Россети Центр и Приволжье (ГК)
Россети Юг (ГК)
Россети Янтарь
0 млн. руб.
2 500 млн. руб.
5 000 млн. руб.
7 500 млн. руб.
10 000 млн. руб.
12 500 млн. руб.
15 000 млн. руб.
17 500 млн. руб.
20 000 млн. руб.
22 500 млн. руб.
25 000 млн. руб.
27 500 млн. руб.
30 000 млн. руб.'

17-03-2025T06:23:44 - [TEST_STEP][PASSED] - println("a1: " + a1): null

17-03-2025T06:23:44 - [TEST_STEP][PASSED] - i = a1.indexOf("План"): null

17-03-2025T06:23:44 - [TEST_STEP][PASSED] - a1 = a1.substring(0, i): null

17-03-2025T06:23:44 - [TEST_STEP][PASSED] - println("a1: " + a1): null

17-03-2025T06:23:44 - [TEST_STEP][PASSED] - a2 = getText(findTestObject("Выручка по ДЗО/График2 Выполнение плановых показателей Блок руководителя")): Text of object 'Object Repository/Выручка по ДЗО/График2 Выполнение плановых показателей Блок руководителя' is: '1,4%1,4%
0,17%0,17%
0,29%0,29%
6,69%6,69%
4,92%4,92%
7,12%7,12%
13,62%13,62%
2,41%2,41%
4,32%4,32%
7,16%7,16%
0,65%0,65%
5,87%5,87%
6,62%6,62%
17,95%17,95%
7,55%7,55%
8,27%8,27%
4,34%4,34%
0,66%0,66%
АО "РЭС"
АО «Тываэнерго»
АО «Чеченэнерго»
Россети Волга
Россети Кубань
Россети Ленэнерго (ГК)
Россети Московский регион
Россети Северный Кавказ (ГК)
Россети Северо-Запад
Россети Сибирь (ГК)
Россети Томск
Россети Тюмень
Россети Урал (ГК)
Россети ФСК ЕЭС
Россети Центр
Россети Центр и Приволжье (ГК)
Россети Юг (ГК)
Россети Янтарь
Россети Центр и Приволжье (ГК): 13 054 893,11'

17-03-2025T06:23:44 - [MESSAGE][PASSED] - Text of object 'Object Repository/Выручка по ДЗО/График2 Выполнение плановых показателей Блок руководителя' is: '1,4%1,4%
0,17%0,17%
0,29%0,29%
6,69%6,69%
4,92%4,92%
7,12%7,12%
13,62%13,62%
2,41%2,41%
4,32%4,32%
7,16%7,16%
0,65%0,65%
5,87%5,87%
6,62%6,62%
17,95%17,95%
7,55%7,55%
8,27%8,27%
4,34%4,34%
0,66%0,66%
АО "РЭС"
АО «Тываэнерго»
АО «Чеченэнерго»
Россети Волга
Россети Кубань
Россети Ленэнерго (ГК)
Россети Московский регион
Россети Северный Кавказ (ГК)
Россети Северо-Запад
Россети Сибирь (ГК)
Россети Томск
Россети Тюмень
Россети Урал (ГК)
Россети ФСК ЕЭС
Россети Центр
Россети Центр и Приволжье (ГК)
Россети Юг (ГК)
Россети Янтарь
Россети Центр и Приволжье (ГК): 13 054 893,11'

17-03-2025T06:23:44 - [TEST_STEP][PASSED] - println("a2: " + a2): null

17-03-2025T06:23:44 - [TEST_STEP][PASSED] - i = a2.indexOf("АО «Тываэнерго»"): null

17-03-2025T06:23:44 - [TEST_STEP][PASSED] - a2 = a2.substring(0, i): null

17-03-2025T06:23:44 - [TEST_STEP][PASSED] - navigateToUrl(findTestData("PlanFact").getValue(10, 10)): Navigate to 'https://bi.rosseti.digital/viewer?dashboardGuid=a1fd28b3785d443cbc4d7690a1d78e31&sheetGuid=4a2f47326819444da0508dec5c59e502&fit=true' successfully

17-03-2025T06:23:45 - [MESSAGE][PASSED] - Navigate to 'https://bi.rosseti.digital/viewer?dashboardGuid=a1fd28b3785d443cbc4d7690a1d78e31&sheetGuid=4a2f47326819444da0508dec5c59e502&fit=true' successfully

17-03-2025T06:23:45 - [TEST_STEP][PASSED] - delay(30): Delayed 30 second(s)

17-03-2025T06:24:15 - [MESSAGE][PASSED] - Delayed 30 second(s)

17-03-2025T06:24:15 - [TEST_STEP][PASSED] - click(findTestObject("Выручка по ДЗО/Фильтр Дата Выручка")): Object: 'Object Repository/Выручка по ДЗО/Фильтр Дата Выручка' is clicked on

17-03-2025T06:24:15 - [MESSAGE][PASSED] - Object: 'Object Repository/Выручка по ДЗО/Фильтр Дата Выручка' is clicked on

17-03-2025T06:24:15 - [TEST_STEP][PASSED] - click(findTestObject("Выручка по ДЗО/Снять выделение в фильтре Дата Выручка")): Object: 'Object Repository/Выручка по ДЗО/Снять выделение в фильтре Дата Выручка' is clicked on

17-03-2025T06:24:15 - [MESSAGE][PASSED] - Object: 'Object Repository/Выручка по ДЗО/Снять выделение в фильтре Дата Выручка' is clicked on

17-03-2025T06:24:15 - [TEST_STEP][PASSED] - click(findTestObject("Выручка по ДЗО/Применить в фильтре Дата Выручка")): Object: 'Object Repository/Выручка по ДЗО/Применить в фильтре Дата Выручка' is clicked on

17-03-2025T06:24:16 - [MESSAGE][PASSED] - Object: 'Object Repository/Выручка по ДЗО/Применить в фильтре Дата Выручка' is clicked on

17-03-2025T06:24:16 - [TEST_STEP][PASSED] - click(findTestObject("Выручка по ДЗО/Фильтр Дата Выручка")): Object: 'Object Repository/Выручка по ДЗО/Фильтр Дата Выручка' is clicked on

17-03-2025T06:24:17 - [MESSAGE][PASSED] - Object: 'Object Repository/Выручка по ДЗО/Фильтр Дата Выручка' is clicked on

17-03-2025T06:24:17 - [TEST_STEP][PASSED] - click(findTestObject("Выручка по ДЗО/Снять выделение в фильтре Дата Выручка")): Object: 'Object Repository/Выручка по ДЗО/Снять выделение в фильтре Дата Выручка' is clicked on

17-03-2025T06:24:18 - [MESSAGE][PASSED] - Object: 'Object Repository/Выручка по ДЗО/Снять выделение в фильтре Дата Выручка' is clicked on

17-03-2025T06:24:18 - [TEST_STEP][PASSED] - scrollToElement(findTestObject("Выручка по ДЗО/2025 список"), 30): Scroll to object 'Object Repository/Выручка по ДЗО/2025 список' successfully

17-03-2025T06:24:18 - [MESSAGE][PASSED] - Scroll to object 'Object Repository/Выручка по ДЗО/2025 список' successfully

17-03-2025T06:24:18 - [TEST_STEP][PASSED] - click(findTestObject("Выручка по ДЗО/2025 список")): Object: 'Object Repository/Выручка по ДЗО/2025 список' is clicked on

17-03-2025T06:24:18 - [MESSAGE][PASSED] - Object: 'Object Repository/Выручка по ДЗО/2025 список' is clicked on

17-03-2025T06:24:18 - [TEST_STEP][PASSED] - scrollToElement(findTestObject("Выручка по ДЗО/1 квартал 2025 список"), 30): Scroll to object 'Object Repository/Выручка по ДЗО/1 квартал 2025 список' successfully

17-03-2025T06:24:19 - [MESSAGE][PASSED] - Scroll to object 'Object Repository/Выручка по ДЗО/1 квартал 2025 список' successfully

17-03-2025T06:24:19 - [TEST_STEP][PASSED] - click(findTestObject("Выручка по ДЗО/1 квартал 2025 список"), CONTINUE_ON_FAILURE): Object: 'Object Repository/Выручка по ДЗО/1 квартал 2025 список' is clicked on

17-03-2025T06:24:19 - [MESSAGE][PASSED] - Object: 'Object Repository/Выручка по ДЗО/1 квартал 2025 список' is clicked on

17-03-2025T06:24:19 - [TEST_STEP][PASSED] - scrollToElement(findTestObject("Выручка по ДЗО/Январь 2025"), 30): Scroll to object 'Object Repository/Выручка по ДЗО/Январь 2025' successfully

17-03-2025T06:24:20 - [MESSAGE][PASSED] - Scroll to object 'Object Repository/Выручка по ДЗО/Январь 2025' successfully

17-03-2025T06:24:20 - [TEST_STEP][PASSED] - click(findTestObject("Выручка по ДЗО/Январь 2025"), CONTINUE_ON_FAILURE): Object: 'Object Repository/Выручка по ДЗО/Январь 2025' is clicked on

17-03-2025T06:24:20 - [MESSAGE][PASSED] - Object: 'Object Repository/Выручка по ДЗО/Январь 2025' is clicked on

17-03-2025T06:24:20 - [TEST_STEP][PASSED] - scrollToElement(findTestObject("Выручка по ДЗО/Заголовок дашборда Выручка"), 30): Scroll to object 'Object Repository/Выручка по ДЗО/Заголовок дашборда Выручка' successfully

17-03-2025T06:24:20 - [MESSAGE][PASSED] - Scroll to object 'Object Repository/Выручка по ДЗО/Заголовок дашборда Выручка' successfully

17-03-2025T06:24:20 - [TEST_STEP][PASSED] - click(findTestObject("Выручка по ДЗО/Применить в фильтре Дата Выручка")): Object: 'Object Repository/Выручка по ДЗО/Применить в фильтре Дата Выручка' is clicked on

17-03-2025T06:24:21 - [MESSAGE][PASSED] - Object: 'Object Repository/Выручка по ДЗО/Применить в фильтре Дата Выручка' is clicked on

17-03-2025T06:24:21 - [TEST_STEP][PASSED] - delay(30): Delayed 30 second(s)

17-03-2025T06:24:51 - [MESSAGE][PASSED] - Delayed 30 second(s)

17-03-2025T06:24:51 - [TEST_STEP][PASSED] - b1 = getText(findTestObject("Выручка по ДЗО/График1 Выполнение плановых показателей Выручка")): Text of object 'Object Repository/Выручка по ДЗО/График1 Выполнение плановых показателей Выручка' is: '2 275 2 275
251 251
545 545
10 863 10 863
7 813 7 813
11 645 11 645
22 423 22 423
4 405 4 405
7 066 7 066
10 948 10 948
1 091 1 091
10 368 10 368
10 920 10 920
28 393 28 393
12 599 12 599
13 668 13 668
7 039 7 039
1 064 1 064
2 202 2 202
274 274
463 463
10 568 10 568
7 759 7 759
11 241 11 241
21 497 21 497
3 799 3 799
6 815 6 815
11 296 11 296
1 034 1 034
9 265 9 265
10 446 10 446
28 334 28 334
11 924 11 924
13 055 13 055
6 848 6 848
1 045 1 045
План
Факт
АО "РЭС"
АО «Тываэнерго»
АО «Чеченэнерго»
Россети Волга
Россети Кубань
Россети Ленэнерго (ГК)
Россети Московский регион
Россети Северный Кавказ (ГК)
Россети Северо-Запад
Россети Сибирь (ГК)
Россети Томск
Россети Тюмень
Россети Урал (ГК)
Россети ФСК ЕЭС
Россети Центр
Россети Центр и Приволжье (ГК)
Россети Юг (ГК)
Россети Янтарь
0 млн. руб.
5 000 млн. руб.
10 000 млн. руб.
15 000 млн. руб.
20 000 млн. руб.
25 000 млн. руб.
30 000 млн. руб.
Россети Московский регион: 22 423 389,33'

17-03-2025T06:24:51 - [MESSAGE][PASSED] - Text of object 'Object Repository/Выручка по ДЗО/График1 Выполнение плановых показателей Выручка' is: '2 275 2 275
251 251
545 545
10 863 10 863
7 813 7 813
11 645 11 645
22 423 22 423
4 405 4 405
7 066 7 066
10 948 10 948
1 091 1 091
10 368 10 368
10 920 10 920
28 393 28 393
12 599 12 599
13 668 13 668
7 039 7 039
1 064 1 064
2 202 2 202
274 274
463 463
10 568 10 568
7 759 7 759
11 241 11 241
21 497 21 497
3 799 3 799
6 815 6 815
11 296 11 296
1 034 1 034
9 265 9 265
10 446 10 446
28 334 28 334
11 924 11 924
13 055 13 055
6 848 6 848
1 045 1 045
План
Факт
АО "РЭС"
АО «Тываэнерго»
АО «Чеченэнерго»
Россети Волга
Россети Кубань
Россети Ленэнерго (ГК)
Россети Московский регион
Россети Северный Кавказ (ГК)
Россети Северо-Запад
Россети Сибирь (ГК)
Россети Томск
Россети Тюмень
Россети Урал (ГК)
Россети ФСК ЕЭС
Россети Центр
Россети Центр и Приволжье (ГК)
Россети Юг (ГК)
Россети Янтарь
0 млн. руб.
5 000 млн. руб.
10 000 млн. руб.
15 000 млн. руб.
20 000 млн. руб.
25 000 млн. руб.
30 000 млн. руб.
Россети Московский регион: 22 423 389,33'

17-03-2025T06:24:51 - [TEST_STEP][PASSED] - println("b1: " + b1): null

17-03-2025T06:24:51 - [TEST_STEP][PASSED] - i = b1.indexOf("План"): null

17-03-2025T06:24:51 - [TEST_STEP][PASSED] - b1 = b1.substring(0, i): null

17-03-2025T06:24:51 - [TEST_STEP][PASSED] - println("b1: " + b1): null

17-03-2025T06:24:51 - [TEST_STEP][PASSED] - b2 = getText(findTestObject("Выручка по ДЗО/График2 Выполнение плановых показателей Выручка")): Text of object 'Object Repository/Выручка по ДЗО/График2 Выполнение плановых показателей Выручка' is: '1,4%1,4%
0,17%0,17%
0,29%0,29%
6,69%6,69%
4,92%4,92%
7,12%7,12%
13,62%13,62%
2,41%2,41%
4,32%4,32%
7,16%7,16%
0,65%0,65%
5,87%5,87%
6,62%6,62%
17,95%17,95%
7,55%7,55%
8,27%8,27%
4,34%4,34%
0,66%0,66%
АО "РЭС"
АО «Тываэнерго»
АО «Чеченэнерго»
Россети Волга
Россети Кубань
Россети Ленэнерго (ГК)
Россети Московский регион
Россети Северный Кавказ (ГК)
Россети Северо-Запад
Россети Сибирь (ГК)
Россети Томск
Россети Тюмень
Россети Урал (ГК)
Россети ФСК ЕЭС
Россети Центр
Россети Центр и Приволжье (ГК)
Россети Юг (ГК)
Россети Янтарь'

17-03-2025T06:24:52 - [MESSAGE][PASSED] - Text of object 'Object Repository/Выручка по ДЗО/График2 Выполнение плановых показателей Выручка' is: '1,4%1,4%
0,17%0,17%
0,29%0,29%
6,69%6,69%
4,92%4,92%
7,12%7,12%
13,62%13,62%
2,41%2,41%
4,32%4,32%
7,16%7,16%
0,65%0,65%
5,87%5,87%
6,62%6,62%
17,95%17,95%
7,55%7,55%
8,27%8,27%
4,34%4,34%
0,66%0,66%
АО "РЭС"
АО «Тываэнерго»
АО «Чеченэнерго»
Россети Волга
Россети Кубань
Россети Ленэнерго (ГК)
Россети Московский регион
Россети Северный Кавказ (ГК)
Россети Северо-Запад
Россети Сибирь (ГК)
Россети Томск
Россети Тюмень
Россети Урал (ГК)
Россети ФСК ЕЭС
Россети Центр
Россети Центр и Приволжье (ГК)
Россети Юг (ГК)
Россети Янтарь'

17-03-2025T06:24:52 - [TEST_STEP][PASSED] - i = b2.indexOf("АО «Тываэнерго»"): null

17-03-2025T06:24:52 - [TEST_STEP][PASSED] - b2 = b2.substring(0, i): null

17-03-2025T06:24:52 - [TEST_STEP][PASSED] - println(b2): null

17-03-2025T06:24:52 - [TEST_STEP][FAILED] - verifyEqual(a1, b1): Unable to verify equal between actual object '2 275 2 275
0 0
0 0
8 938 8 938
7 813 7 813
11 645 11 645
12 788 12 788
0 0
7 066 7 066
0 0
1 091 1 091
10 368 10 368
10 920 10 920
28 393 28 393
12 599 12 599
13 668 13 668
6 349 6 349
1 064 1 064
2 202 2 202
274 274
463 463
10 568 10 568
7 759 7 759
11 241 11 241
21 497 21 497
3 799 3 799
6 815 6 815
11 296 11 296
1 034 1 034
9 265 9 265
10 446 10 446
28 334 28 334
11 924 11 924
13 055 13 055
6 848 6 848
1 045 1 045
' and expected object '2 275 2 275
251 251
545 545
10 863 10 863
7 813 7 813
11 645 11 645
22 423 22 423
4 405 4 405
7 066 7 066
10 948 10 948
1 091 1 091
10 368 10 368
10 920 10 920
28 393 28 393
12 599 12 599
13 668 13 668
7 039 7 039
1 064 1 064
2 202 2 202
274 274
463 463
10 568 10 568
7 759 7 759
11 241 11 241
21 497 21 497
3 799 3 799
6 815 6 815
11 296 11 296
1 034 1 034
9 265 9 265
10 446 10 446
28 334 28 334
11 924 11 924
13 055 13 055
6 848 6 848
1 045 1 045
' (Root cause: com.kms.katalon.core.exception.StepFailedException: Actual object '2 275 2 275
0 0
0 0
8 938 8 938
7 813 7 813
11 645 11 645
12 788 12 788
0 0
7 066 7 066
0 0
1 091 1 091
10 368 10 368
10 920 10 920
28 393 28 393
12 599 12 599
13 668 13 668
6 349 6 349
1 064 1 064
2 202 2 202
274 274
463 463
10 568 10 568
7 759 7 759
11 241 11 241
21 497 21 497
3 799 3 799
6 815 6 815
11 296 11 296
1 034 1 034
9 265 9 265
10 446 10 446
28 334 28 334
11 924 11 924
13 055 13 055
6 848 6 848
1 045 1 045
' and expected object '2 275 2 275
251 251
545 545
10 863 10 863
7 813 7 813
11 645 11 645
22 423 22 423
4 405 4 405
7 066 7 066
10 948 10 948
1 091 1 091
10 368 10 368
10 920 10 920
28 393 28 393
12 599 12 599
13 668 13 668
7 039 7 039
1 064 1 064
2 202 2 202
274 274
463 463
10 568 10 568
7 759 7 759
11 241 11 241
21 497 21 497
3 799 3 799
6 815 6 815
11 296 11 296
1 034 1 034
9 265 9 265
10 446 10 446
28 334 28 334
11 924 11 924
13 055 13 055
6 848 6 848
1 045 1 045
' are not equal
	at com.kms.katalon.core.keyword.builtin.VerifyEqualKeyword$_verifyEqual_closure1.doCall(VerifyEqualKeyword.groovy:58)
	at com.kms.katalon.core.keyword.builtin.VerifyEqualKeyword$_verifyEqual_closure1.call(VerifyEqualKeyword.groovy)
	at com.kms.katalon.core.keyword.internal.KeywordMain.runKeyword(KeywordMain.groovy:75)
	at com.kms.katalon.core.keyword.builtin.VerifyEqualKeyword.verifyEqual(VerifyEqualKeyword.groovy:63)
	at com.kms.katalon.core.keyword.builtin.VerifyEqualKeyword.execute(VerifyEqualKeyword.groovy:44)
	at com.kms.katalon.core.keyword.internal.KeywordExecutor.executeKeywordForPlatform(KeywordExecutor.groovy:74)
	at com.kms.katalon.core.keyword.BuiltinKeywords.verifyEqual(BuiltinKeywords.groovy:146)
	at jdk.internal.reflect.GeneratedMethodAccessor23.invoke(Unknown Source)
	at java.base/jdk.internal.reflect.DelegatingMethodAccessorImpl.invoke(DelegatingMethodAccessorImpl.java:43)
	at Выручка по ДЗО сверка дашбордов.run(Выручка по ДЗО сверка дашбордов:149)
	at com.kms.katalon.core.main.ScriptEngine.run(ScriptEngine.java:194)
	at com.kms.katalon.core.main.ScriptEngine.runScriptAsRawText(ScriptEngine.java:119)
	at com.kms.katalon.core.main.TestCaseExecutor.runScript(TestCaseExecutor.java:448)
	at com.kms.katalon.core.main.TestCaseExecutor.doExecute(TestCaseExecutor.java:439)
	at com.kms.katalon.core.main.TestCaseExecutor.processExecutionPhase(TestCaseExecutor.java:418)
	at com.kms.katalon.core.main.TestCaseExecutor.accessMainPhase(TestCaseExecutor.java:410)
	at com.kms.katalon.core.main.TestCaseExecutor.execute(TestCaseExecutor.java:285)
	at com.kms.katalon.core.common.CommonExecutor.accessTestCaseMainPhase(CommonExecutor.java:65)
	at com.kms.katalon.core.main.TestSuiteExecutor.accessTestSuiteMainPhase(TestSuiteExecutor.java:150)
	at com.kms.katalon.core.main.TestSuiteExecutor.execute(TestSuiteExecutor.java:106)
	at com.kms.katalon.core.main.TestCaseMain.startTestSuite(TestCaseMain.java:180)
	at TempTestSuite1742171011514.run(TempTestSuite1742171011514.groovy:35)
	at java.base/jdk.internal.reflect.NativeMethodAccessorImpl.invoke0(Native Method)
	at java.base/jdk.internal.reflect.NativeMethodAccessorImpl.invoke(NativeMethodAccessorImpl.java:77)
	at java.base/jdk.internal.reflect.DelegatingMethodAccessorImpl.invoke(DelegatingMethodAccessorImpl.java:43)
)

17-03-2025T06:24:52 - [MESSAGE][FAILED] - Unable to verify equal between actual object '2 275 2 275
0 0
0 0
8 938 8 938
7 813 7 813
11 645 11 645
12 788 12 788
0 0
7 066 7 066
0 0
1 091 1 091
10 368 10 368
10 920 10 920
28 393 28 393
12 599 12 599
13 668 13 668
6 349 6 349
1 064 1 064
2 202 2 202
274 274
463 463
10 568 10 568
7 759 7 759
11 241 11 241
21 497 21 497
3 799 3 799
6 815 6 815
11 296 11 296
1 034 1 034
9 265 9 265
10 446 10 446
28 334 28 334
11 924 11 924
13 055 13 055
6 848 6 848
1 045 1 045
' and expected object '2 275 2 275
251 251
545 545
10 863 10 863
7 813 7 813
11 645 11 645
22 423 22 423
4 405 4 405
7 066 7 066
10 948 10 948
1 091 1 091
10 368 10 368
10 920 10 920
28 393 28 393
12 599 12 599
13 668 13 668
7 039 7 039
1 064 1 064
2 202 2 202
274 274
463 463
10 568 10 568
7 759 7 759
11 241 11 241
21 497 21 497
3 799 3 799
6 815 6 815
11 296 11 296
1 034 1 034
9 265 9 265
10 446 10 446
28 334 28 334
11 924 11 924
13 055 13 055
6 848 6 848
1 045 1 045
' (Root cause: com.kms.katalon.core.exception.StepFailedException: Actual object '2 275 2 275
0 0
0 0
8 938 8 938
7 813 7 813
11 645 11 645
12 788 12 788
0 0
7 066 7 066
0 0
1 091 1 091
10 368 10 368
10 920 10 920
28 393 28 393
12 599 12 599
13 668 13 668
6 349 6 349
1 064 1 064
2 202 2 202
274 274
463 463
10 568 10 568
7 759 7 759
11 241 11 241
21 497 21 497
3 799 3 799
6 815 6 815
11 296 11 296
1 034 1 034
9 265 9 265
10 446 10 446
28 334 28 334
11 924 11 924
13 055 13 055
6 848 6 848
1 045 1 045
' and expected object '2 275 2 275
251 251
545 545
10 863 10 863
7 813 7 813
11 645 11 645
22 423 22 423
4 405 4 405
7 066 7 066
10 948 10 948
1 091 1 091
10 368 10 368
10 920 10 920
28 393 28 393
12 599 12 599
13 668 13 668
7 039 7 039
1 064 1 064
2 202 2 202
274 274
463 463
10 568 10 568
7 759 7 759
11 241 11 241
21 497 21 497
3 799 3 799
6 815 6 815
11 296 11 296
1 034 1 034
9 265 9 265
10 446 10 446
28 334 28 334
11 924 11 924
13 055 13 055
6 848 6 848
1 045 1 045
' are not equal
	at com.kms.katalon.core.keyword.builtin.VerifyEqualKeyword$_verifyEqual_closure1.doCall(VerifyEqualKeyword.groovy:58)
	at com.kms.katalon.core.keyword.builtin.VerifyEqualKeyword$_verifyEqual_closure1.call(VerifyEqualKeyword.groovy)
	at com.kms.katalon.core.keyword.internal.KeywordMain.runKeyword(KeywordMain.groovy:75)
	at com.kms.katalon.core.keyword.builtin.VerifyEqualKeyword.verifyEqual(VerifyEqualKeyword.groovy:63)
	at com.kms.katalon.core.keyword.builtin.VerifyEqualKeyword.execute(VerifyEqualKeyword.groovy:44)
	at com.kms.katalon.core.keyword.internal.KeywordExecutor.executeKeywordForPlatform(KeywordExecutor.groovy:74)
	at com.kms.katalon.core.keyword.BuiltinKeywords.verifyEqual(BuiltinKeywords.groovy:146)
	at jdk.internal.reflect.GeneratedMethodAccessor23.invoke(Unknown Source)
	at java.base/jdk.internal.reflect.DelegatingMethodAccessorImpl.invoke(DelegatingMethodAccessorImpl.java:43)
	at Выручка по ДЗО сверка дашбордов.run(Выручка по ДЗО сверка дашбордов:149)
	at com.kms.katalon.core.main.ScriptEngine.run(ScriptEngine.java:194)
	at com.kms.katalon.core.main.ScriptEngine.runScriptAsRawText(ScriptEngine.java:119)
	at com.kms.katalon.core.main.TestCaseExecutor.runScript(TestCaseExecutor.java:448)
	at com.kms.katalon.core.main.TestCaseExecutor.doExecute(TestCaseExecutor.java:439)
	at com.kms.katalon.core.main.TestCaseExecutor.processExecutionPhase(TestCaseExecutor.java:418)
	at com.kms.katalon.core.main.TestCaseExecutor.accessMainPhase(TestCaseExecutor.java:410)
	at com.kms.katalon.core.main.TestCaseExecutor.execute(TestCaseExecutor.java:285)
	at com.kms.katalon.core.common.CommonExecutor.accessTestCaseMainPhase(CommonExecutor.java:65)
	at com.kms.katalon.core.main.TestSuiteExecutor.accessTestSuiteMainPhase(TestSuiteExecutor.java:150)
	at com.kms.katalon.core.main.TestSuiteExecutor.execute(TestSuiteExecutor.java:106)
	at com.kms.katalon.core.main.TestCaseMain.startTestSuite(TestCaseMain.java:180)
	at TempTestSuite1742171011514.run(TempTestSuite1742171011514.groovy:35)
	at java.base/jdk.internal.reflect.NativeMethodAccessorImpl.invoke0(Native Method)
	at java.base/jdk.internal.reflect.NativeMethodAccessorImpl.invoke(NativeMethodAccessorImpl.java:77)
	at java.base/jdk.internal.reflect.DelegatingMethodAccessorImpl.invoke(DelegatingMethodAccessorImpl.java:43)
)

17-03-2025T06:24:52 - [TEST_STEP][FAILED] - if (verifyEqual(a1, b1) == true): Unable to verify equal between actual object '2 275 2 275
0 0
0 0
8 938 8 938
7 813 7 813
11 645 11 645
12 788 12 788
0 0
7 066 7 066
0 0
1 091 1 091
10 368 10 368
10 920 10 920
28 393 28 393
12 599 12 599
13 668 13 668
6 349 6 349
1 064 1 064
2 202 2 202
274 274
463 463
10 568 10 568
7 759 7 759
11 241 11 241
21 497 21 497
3 799 3 799
6 815 6 815
11 296 11 296
1 034 1 034
9 265 9 265
10 446 10 446
28 334 28 334
11 924 11 924
13 055 13 055
6 848 6 848
1 045 1 045
' and expected object '2 275 2 275
251 251
545 545
10 863 10 863
7 813 7 813
11 645 11 645
22 423 22 423
4 405 4 405
7 066 7 066
10 948 10 948
1 091 1 091
10 368 10 368
10 920 10 920
28 393 28 393
12 599 12 599
13 668 13 668
7 039 7 039
1 064 1 064
2 202 2 202
274 274
463 463
10 568 10 568
7 759 7 759
11 241 11 241
21 497 21 497
3 799 3 799
6 815 6 815
11 296 11 296
1 034 1 034
9 265 9 265
10 446 10 446
28 334 28 334
11 924 11 924
13 055 13 055
6 848 6 848
1 045 1 045
' (Root cause: com.kms.katalon.core.exception.StepFailedException: Actual object '2 275 2 275
0 0
0 0
8 938 8 938
7 813 7 813
11 645 11 645
12 788 12 788
0 0
7 066 7 066
0 0
1 091 1 091
10 368 10 368
10 920 10 920
28 393 28 393
12 599 12 599
13 668 13 668
6 349 6 349
1 064 1 064
2 202 2 202
274 274
463 463
10 568 10 568
7 759 7 759
11 241 11 241
21 497 21 497
3 799 3 799
6 815 6 815
11 296 11 296
1 034 1 034
9 265 9 265
10 446 10 446
28 334 28 334
11 924 11 924
13 055 13 055
6 848 6 848
1 045 1 045
' and expected object '2 275 2 275
251 251
545 545
10 863 10 863
7 813 7 813
11 645 11 645
22 423 22 423
4 405 4 405
7 066 7 066
10 948 10 948
1 091 1 091
10 368 10 368
10 920 10 920
28 393 28 393
12 599 12 599
13 668 13 668
7 039 7 039
1 064 1 064
2 202 2 202
274 274
463 463
10 568 10 568
7 759 7 759
11 241 11 241
21 497 21 497
3 799 3 799
6 815 6 815
11 296 11 296
1 034 1 034
9 265 9 265
10 446 10 446
28 334 28 334
11 924 11 924
13 055 13 055
6 848 6 848
1 045 1 045
' are not equal
	at com.kms.katalon.core.keyword.builtin.VerifyEqualKeyword$_verifyEqual_closure1.doCall(VerifyEqualKeyword.groovy:58)
	at com.kms.katalon.core.keyword.builtin.VerifyEqualKeyword$_verifyEqual_closure1.call(VerifyEqualKeyword.groovy)
	at com.kms.katalon.core.keyword.internal.KeywordMain.runKeyword(KeywordMain.groovy:75)
	at com.kms.katalon.core.keyword.builtin.VerifyEqualKeyword.verifyEqual(VerifyEqualKeyword.groovy:63)
	at com.kms.katalon.core.keyword.builtin.VerifyEqualKeyword.execute(VerifyEqualKeyword.groovy:44)
	at com.kms.katalon.core.keyword.internal.KeywordExecutor.executeKeywordForPlatform(KeywordExecutor.groovy:74)
	at com.kms.katalon.core.keyword.BuiltinKeywords.verifyEqual(BuiltinKeywords.groovy:146)
	at jdk.internal.reflect.GeneratedMethodAccessor23.invoke(Unknown Source)
	at java.base/jdk.internal.reflect.DelegatingMethodAccessorImpl.invoke(DelegatingMethodAccessorImpl.java:43)
	at Выручка по ДЗО сверка дашбордов.run(Выручка по ДЗО сверка дашбордов:151)
	at com.kms.katalon.core.main.ScriptEngine.run(ScriptEngine.java:194)
	at com.kms.katalon.core.main.ScriptEngine.runScriptAsRawText(ScriptEngine.java:119)
	at com.kms.katalon.core.main.TestCaseExecutor.runScript(TestCaseExecutor.java:448)
	at com.kms.katalon.core.main.TestCaseExecutor.doExecute(TestCaseExecutor.java:439)
	at com.kms.katalon.core.main.TestCaseExecutor.processExecutionPhase(TestCaseExecutor.java:418)
	at com.kms.katalon.core.main.TestCaseExecutor.accessMainPhase(TestCaseExecutor.java:410)
	at com.kms.katalon.core.main.TestCaseExecutor.execute(TestCaseExecutor.java:285)
	at com.kms.katalon.core.common.CommonExecutor.accessTestCaseMainPhase(CommonExecutor.java:65)
	at com.kms.katalon.core.main.TestSuiteExecutor.accessTestSuiteMainPhase(TestSuiteExecutor.java:150)
	at com.kms.katalon.core.main.TestSuiteExecutor.execute(TestSuiteExecutor.java:106)
	at com.kms.katalon.core.main.TestCaseMain.startTestSuite(TestCaseMain.java:180)
	at TempTestSuite1742171011514.run(TempTestSuite1742171011514.groovy:35)
	at java.base/jdk.internal.reflect.NativeMethodAccessorImpl.invoke0(Native Method)
	at java.base/jdk.internal.reflect.NativeMethodAccessorImpl.invoke(NativeMethodAccessorImpl.java:77)
	at java.base/jdk.internal.reflect.DelegatingMethodAccessorImpl.invoke(DelegatingMethodAccessorImpl.java:43)
)

17-03-2025T06:24:52 - [MESSAGE][FAILED] - Unable to verify equal between actual object '2 275 2 275
0 0
0 0
8 938 8 938
7 813 7 813
11 645 11 645
12 788 12 788
0 0
7 066 7 066
0 0
1 091 1 091
10 368 10 368
10 920 10 920
28 393 28 393
12 599 12 599
13 668 13 668
6 349 6 349
1 064 1 064
2 202 2 202
274 274
463 463
10 568 10 568
7 759 7 759
11 241 11 241
21 497 21 497
3 799 3 799
6 815 6 815
11 296 11 296
1 034 1 034
9 265 9 265
10 446 10 446
28 334 28 334
11 924 11 924
13 055 13 055
6 848 6 848
1 045 1 045
' and expected object '2 275 2 275
251 251
545 545
10 863 10 863
7 813 7 813
11 645 11 645
22 423 22 423
4 405 4 405
7 066 7 066
10 948 10 948
1 091 1 091
10 368 10 368
10 920 10 920
28 393 28 393
12 599 12 599
13 668 13 668
7 039 7 039
1 064 1 064
2 202 2 202
274 274
463 463
10 568 10 568
7 759 7 759
11 241 11 241
21 497 21 497
3 799 3 799
6 815 6 815
11 296 11 296
1 034 1 034
9 265 9 265
10 446 10 446
28 334 28 334
11 924 11 924
13 055 13 055
6 848 6 848
1 045 1 045
' (Root cause: com.kms.katalon.core.exception.StepFailedException: Actual object '2 275 2 275
0 0
0 0
8 938 8 938
7 813 7 813
11 645 11 645
12 788 12 788
0 0
7 066 7 066
0 0
1 091 1 091
10 368 10 368
10 920 10 920
28 393 28 393
12 599 12 599
13 668 13 668
6 349 6 349
1 064 1 064
2 202 2 202
274 274
463 463
10 568 10 568
7 759 7 759
11 241 11 241
21 497 21 497
3 799 3 799
6 815 6 815
11 296 11 296
1 034 1 034
9 265 9 265
10 446 10 446
28 334 28 334
11 924 11 924
13 055 13 055
6 848 6 848
1 045 1 045
' and expected object '2 275 2 275
251 251
545 545
10 863 10 863
7 813 7 813
11 645 11 645
22 423 22 423
4 405 4 405
7 066 7 066
10 948 10 948
1 091 1 091
10 368 10 368
10 920 10 920
28 393 28 393
12 599 12 599
13 668 13 668
7 039 7 039
1 064 1 064
2 202 2 202
274 274
463 463
10 568 10 568
7 759 7 759
11 241 11 241
21 497 21 497
3 799 3 799
6 815 6 815
11 296 11 296
1 034 1 034
9 265 9 265
10 446 10 446
28 334 28 334
11 924 11 924
13 055 13 055
6 848 6 848
1 045 1 045
' are not equal
	at com.kms.katalon.core.keyword.builtin.VerifyEqualKeyword$_verifyEqual_closure1.doCall(VerifyEqualKeyword.groovy:58)
	at com.kms.katalon.core.keyword.builtin.VerifyEqualKeyword$_verifyEqual_closure1.call(VerifyEqualKeyword.groovy)
	at com.kms.katalon.core.keyword.internal.KeywordMain.runKeyword(KeywordMain.groovy:75)
	at com.kms.katalon.core.keyword.builtin.VerifyEqualKeyword.verifyEqual(VerifyEqualKeyword.groovy:63)
	at com.kms.katalon.core.keyword.builtin.VerifyEqualKeyword.execute(VerifyEqualKeyword.groovy:44)
	at com.kms.katalon.core.keyword.internal.KeywordExecutor.executeKeywordForPlatform(KeywordExecutor.groovy:74)
	at com.kms.katalon.core.keyword.BuiltinKeywords.verifyEqual(BuiltinKeywords.groovy:146)
	at jdk.internal.reflect.GeneratedMethodAccessor23.invoke(Unknown Source)
	at java.base/jdk.internal.reflect.DelegatingMethodAccessorImpl.invoke(DelegatingMethodAccessorImpl.java:43)
	at Выручка по ДЗО сверка дашбордов.run(Выручка по ДЗО сверка дашбордов:151)
	at com.kms.katalon.core.main.ScriptEngine.run(ScriptEngine.java:194)
	at com.kms.katalon.core.main.ScriptEngine.runScriptAsRawText(ScriptEngine.java:119)
	at com.kms.katalon.core.main.TestCaseExecutor.runScript(TestCaseExecutor.java:448)
	at com.kms.katalon.core.main.TestCaseExecutor.doExecute(TestCaseExecutor.java:439)
	at com.kms.katalon.core.main.TestCaseExecutor.processExecutionPhase(TestCaseExecutor.java:418)
	at com.kms.katalon.core.main.TestCaseExecutor.accessMainPhase(TestCaseExecutor.java:410)
	at com.kms.katalon.core.main.TestCaseExecutor.execute(TestCaseExecutor.java:285)
	at com.kms.katalon.core.common.CommonExecutor.accessTestCaseMainPhase(CommonExecutor.java:65)
	at com.kms.katalon.core.main.TestSuiteExecutor.accessTestSuiteMainPhase(TestSuiteExecutor.java:150)
	at com.kms.katalon.core.main.TestSuiteExecutor.execute(TestSuiteExecutor.java:106)
	at com.kms.katalon.core.main.TestCaseMain.startTestSuite(TestCaseMain.java:180)
	at TempTestSuite1742171011514.run(TempTestSuite1742171011514.groovy:35)
	at java.base/jdk.internal.reflect.NativeMethodAccessorImpl.invoke0(Native Method)
	at java.base/jdk.internal.reflect.NativeMethodAccessorImpl.invoke(NativeMethodAccessorImpl.java:77)
	at java.base/jdk.internal.reflect.DelegatingMethodAccessorImpl.invoke(DelegatingMethodAccessorImpl.java:43)
)

17-03-2025T06:24:52 - [TEST_STEP][PASSED] - else: null

17-03-2025T06:24:52 - [TEST_STEP][PASSED] - Script1679562813597.WriteToExcel(todaysDate): null

17-03-2025T06:24:52 - [TEST_STEP][PASSED] - sheetName = "Sheet1": null

17-03-2025T06:24:52 - [TEST_STEP][PASSED] - data = findTestData("PlanFact"): null

17-03-2025T06:24:52 - [TEST_STEP][PASSED] - n = data.getRowNumbers() + 1: null

17-03-2025T06:24:52 - [TEST_STEP][PASSED] - dZO = getText(findTestObject("Выручка по ДЗО/Фильтр ДЗО")): Text of object 'Object Repository/Выручка по ДЗО/Фильтр ДЗО' is: 'Все'

17-03-2025T06:24:52 - [MESSAGE][PASSED] - Text of object 'Object Repository/Выручка по ДЗО/Фильтр ДЗО' is: 'Все'

17-03-2025T06:24:52 - [TEST_STEP][PASSED] - period = getText(findTestObject("Выручка по ДЗО/Фильтр Дата")): Text of object 'Object Repository/Выручка по ДЗО/Фильтр Дата' is: 'Январь 2025 года'

17-03-2025T06:24:52 - [MESSAGE][PASSED] - Text of object 'Object Repository/Выручка по ДЗО/Фильтр Дата' is: 'Январь 2025 года'

17-03-2025T06:24:52 - [TEST_STEP][PASSED] - println(period): null

17-03-2025T06:24:52 - [TEST_STEP][PASSED] - if (period.findAll("[а-яА-Я]") == false): null

17-03-2025T06:24:52 - [TEST_STEP][PASSED] - dashboardName = "Выручка по ДЗО": null

17-03-2025T06:24:52 - [TEST_STEP][PASSED] - workbook01 = getWorkbook(excelFilePath): null

17-03-2025T06:24:52 - [TEST_STEP][PASSED] - sheet01 = getExcelSheet(workbook01, sheetName): null

17-03-2025T06:24:52 - [TEST_STEP][PASSED] - setValueToCellByIndex(sheet01, n, 0, dashboardName): null

17-03-2025T06:24:52 - [TEST_STEP][PASSED] - setValueToCellByIndex(sheet01, n, 1, dZO): null

17-03-2025T06:24:52 - [TEST_STEP][PASSED] - setValueToCellByIndex(sheet01, n, 2, period): null

17-03-2025T06:24:52 - [TEST_STEP][PASSED] - setValueToCellByIndex(sheet01, n, 3, todaysDate): null

17-03-2025T06:24:52 - [TEST_STEP][PASSED] - n = n + 1: null

17-03-2025T06:24:52 - [TEST_STEP][PASSED] - saveWorkbook(excelFilePath, workbook01): null

17-03-2025T06:24:53 - [TEST_STEP][PASSED] - verifyEqual(a2, b2): Actual object '1,4%1,4%
0,17%0,17%
0,29%0,29%
6,69%6,69%
4,92%4,92%
7,12%7,12%
13,62%13,62%
2,41%2,41%
4,32%4,32%
7,16%7,16%
0,65%0,65%
5,87%5,87%
6,62%6,62%
17,95%17,95%
7,55%7,55%
8,27%8,27%
4,34%4,34%
0,66%0,66%
АО "РЭС"
' and expected object '1,4%1,4%
0,17%0,17%
0,29%0,29%
6,69%6,69%
4,92%4,92%
7,12%7,12%
13,62%13,62%
2,41%2,41%
4,32%4,32%
7,16%7,16%
0,65%0,65%
5,87%5,87%
6,62%6,62%
17,95%17,95%
7,55%7,55%
8,27%8,27%
4,34%4,34%
0,66%0,66%
АО "РЭС"
' are equal

17-03-2025T06:24:53 - [MESSAGE][PASSED] - Actual object '1,4%1,4%
0,17%0,17%
0,29%0,29%
6,69%6,69%
4,92%4,92%
7,12%7,12%
13,62%13,62%
2,41%2,41%
4,32%4,32%
7,16%7,16%
0,65%0,65%
5,87%5,87%
6,62%6,62%
17,95%17,95%
7,55%7,55%
8,27%8,27%
4,34%4,34%
0,66%0,66%
АО "РЭС"
' and expected object '1,4%1,4%
0,17%0,17%
0,29%0,29%
6,69%6,69%
4,92%4,92%
7,12%7,12%
13,62%13,62%
2,41%2,41%
4,32%4,32%
7,16%7,16%
0,65%0,65%
5,87%5,87%
6,62%6,62%
17,95%17,95%
7,55%7,55%
8,27%8,27%
4,34%4,34%
0,66%0,66%
АО "РЭС"
' are equal

17-03-2025T06:24:53 - [TEST_STEP][PASSED] - if (verifyEqual(a2, b2) == true): Actual object '1,4%1,4%
0,17%0,17%
0,29%0,29%
6,69%6,69%
4,92%4,92%
7,12%7,12%
13,62%13,62%
2,41%2,41%
4,32%4,32%
7,16%7,16%
0,65%0,65%
5,87%5,87%
6,62%6,62%
17,95%17,95%
7,55%7,55%
8,27%8,27%
4,34%4,34%
0,66%0,66%
АО "РЭС"
' and expected object '1,4%1,4%
0,17%0,17%
0,29%0,29%
6,69%6,69%
4,92%4,92%
7,12%7,12%
13,62%13,62%
2,41%2,41%
4,32%4,32%
7,16%7,16%
0,65%0,65%
5,87%5,87%
6,62%6,62%
17,95%17,95%
7,55%7,55%
8,27%8,27%
4,34%4,34%
0,66%0,66%
АО "РЭС"
' are equal

17-03-2025T06:24:53 - [MESSAGE][PASSED] - Actual object '1,4%1,4%
0,17%0,17%
0,29%0,29%
6,69%6,69%
4,92%4,92%
7,12%7,12%
13,62%13,62%
2,41%2,41%
4,32%4,32%
7,16%7,16%
0,65%0,65%
5,87%5,87%
6,62%6,62%
17,95%17,95%
7,55%7,55%
8,27%8,27%
4,34%4,34%
0,66%0,66%
АО "РЭС"
' and expected object '1,4%1,4%
0,17%0,17%
0,29%0,29%
6,69%6,69%
4,92%4,92%
7,12%7,12%
13,62%13,62%
2,41%2,41%
4,32%4,32%
7,16%7,16%
0,65%0,65%
5,87%5,87%
6,62%6,62%
17,95%17,95%
7,55%7,55%
8,27%8,27%
4,34%4,34%
0,66%0,66%
АО "РЭС"
' are equal

17-03-2025T06:24:53 - [TEST_STEP][PASSED] - closeBrowser(): Browser is closed

17-03-2025T06:24:53 - [MESSAGE][PASSED] - Browser is closed]]></system-out>
         <system-err><![CDATA[17-03-2025T06:22:28 - [TEST_CASE][FAILED] - Test Cases/Сверки дашбордов/Выручка по ДЗО сверка дашбордов: Test Cases/Сверки дашбордов/Выручка по ДЗО сверка дашбордов FAILED.
Reason:
com.kms.katalon.core.exception.StepFailedException: Unable to verify equal between actual object '2 275 2 275
0 0
0 0
8 938 8 938
7 813 7 813
11 645 11 645
12 788 12 788
0 0
7 066 7 066
0 0
1 091 1 091
10 368 10 368
10 920 10 920
28 393 28 393
12 599 12 599
13 668 13 668
6 349 6 349
1 064 1 064
2 202 2 202
274 274
463 463
10 568 10 568
7 759 7 759
11 241 11 241
21 497 21 497
3 799 3 799
6 815 6 815
11 296 11 296
1 034 1 034
9 265 9 265
10 446 10 446
28 334 28 334
11 924 11 924
13 055 13 055
6 848 6 848
1 045 1 045
' and expected object '2 275 2 275
251 251
545 545
10 863 10 863
7 813 7 813
11 645 11 645
22 423 22 423
4 405 4 405
7 066 7 066
10 948 10 948
1 091 1 091
10 368 10 368
10 920 10 920
28 393 28 393
12 599 12 599
13 668 13 668
7 039 7 039
1 064 1 064
2 202 2 202
274 274
463 463
10 568 10 568
7 759 7 759
11 241 11 241
21 497 21 497
3 799 3 799
6 815 6 815
11 296 11 296
1 034 1 034
9 265 9 265
10 446 10 446
28 334 28 334
11 924 11 924
13 055 13 055
6 848 6 848
1 045 1 045
' (Root cause: com.kms.katalon.core.exception.StepFailedException: Actual object '2 275 2 275
0 0
0 0
8 938 8 938
7 813 7 813
11 645 11 645
12 788 12 788
0 0
7 066 7 066
0 0
1 091 1 091
10 368 10 368
10 920 10 920
28 393 28 393
12 599 12 599
13 668 13 668
6 349 6 349
1 064 1 064
2 202 2 202
274 274
463 463
10 568 10 568
7 759 7 759
11 241 11 241
21 497 21 497
3 799 3 799
6 815 6 815
11 296 11 296
1 034 1 034
9 265 9 265
10 446 10 446
28 334 28 334
11 924 11 924
13 055 13 055
6 848 6 848
1 045 1 045
' and expected object '2 275 2 275
251 251
545 545
10 863 10 863
7 813 7 813
11 645 11 645
22 423 22 423
4 405 4 405
7 066 7 066
10 948 10 948
1 091 1 091
10 368 10 368
10 920 10 920
28 393 28 393
12 599 12 599
13 668 13 668
7 039 7 039
1 064 1 064
2 202 2 202
274 274
463 463
10 568 10 568
7 759 7 759
11 241 11 241
21 497 21 497
3 799 3 799
6 815 6 815
11 296 11 296
1 034 1 034
9 265 9 265
10 446 10 446
28 334 28 334
11 924 11 924
13 055 13 055
6 848 6 848
1 045 1 045
' are not equal
	at com.kms.katalon.core.keyword.builtin.VerifyEqualKeyword$_verifyEqual_closure1.doCall(VerifyEqualKeyword.groovy:58)
	at com.kms.katalon.core.keyword.builtin.VerifyEqualKeyword$_verifyEqual_closure1.call(VerifyEqualKeyword.groovy)
	at com.kms.katalon.core.keyword.internal.KeywordMain.runKeyword(KeywordMain.groovy:75)
	at com.kms.katalon.core.keyword.builtin.VerifyEqualKeyword.verifyEqual(VerifyEqualKeyword.groovy:63)
	at com.kms.katalon.core.keyword.builtin.VerifyEqualKeyword.execute(VerifyEqualKeyword.groovy:44)
	at com.kms.katalon.core.keyword.internal.KeywordExecutor.executeKeywordForPlatform(KeywordExecutor.groovy:74)
	at com.kms.katalon.core.keyword.BuiltinKeywords.verifyEqual(BuiltinKeywords.groovy:146)
	at jdk.internal.reflect.GeneratedMethodAccessor23.invoke(Unknown Source)
	at java.base/jdk.internal.reflect.DelegatingMethodAccessorImpl.invoke(DelegatingMethodAccessorImpl.java:43)
	at Выручка по ДЗО сверка дашбордов.run(Выручка по ДЗО сверка дашбордов:149)
	at com.kms.katalon.core.main.ScriptEngine.run(ScriptEngine.java:194)
	at com.kms.katalon.core.main.ScriptEngine.runScriptAsRawText(ScriptEngine.java:119)
	at com.kms.katalon.core.main.TestCaseExecutor.runScript(TestCaseExecutor.java:448)
	at com.kms.katalon.core.main.TestCaseExecutor.doExecute(TestCaseExecutor.java:439)
	at com.kms.katalon.core.main.TestCaseExecutor.processExecutionPhase(TestCaseExecutor.java:418)
	at com.kms.katalon.core.main.TestCaseExecutor.accessMainPhase(TestCaseExecutor.java:410)
	at com.kms.katalon.core.main.TestCaseExecutor.execute(TestCaseExecutor.java:285)
	at com.kms.katalon.core.common.CommonExecutor.accessTestCaseMainPhase(CommonExecutor.java:65)
	at com.kms.katalon.core.main.TestSuiteExecutor.accessTestSuiteMainPhase(TestSuiteExecutor.java:150)
	at com.kms.katalon.core.main.TestSuiteExecutor.execute(TestSuiteExecutor.java:106)
	at com.kms.katalon.core.main.TestCaseMain.startTestSuite(TestCaseMain.java:180)
	at TempTestSuite1742171011514.run(TempTestSuite1742171011514.groovy:35)
	at java.base/jdk.internal.reflect.NativeMethodAccessorImpl.invoke0(Native Method)
	at java.base/jdk.internal.reflect.NativeMethodAccessorImpl.invoke(NativeMethodAccessorImpl.java:77)
	at java.base/jdk.internal.reflect.DelegatingMethodAccessorImpl.invoke(DelegatingMethodAccessorImpl.java:43)
)
	at com.kms.katalon.core.keyword.internal.KeywordMain.stepFailed(KeywordMain.groovy:39)
	at com.kms.katalon.core.keyword.internal.KeywordMain.stepFailed(KeywordMain.groovy)
	at com.kms.katalon.core.keyword.internal.KeywordMain.runKeyword(KeywordMain.groovy:77)
	at com.kms.katalon.core.keyword.builtin.VerifyEqualKeyword.verifyEqual(VerifyEqualKeyword.groovy:63)
	at com.kms.katalon.core.keyword.builtin.VerifyEqualKeyword.execute(VerifyEqualKeyword.groovy:44)
	at com.kms.katalon.core.keyword.internal.KeywordExecutor.executeKeywordForPlatform(KeywordExecutor.groovy:74)
	at com.kms.katalon.core.keyword.BuiltinKeywords.verifyEqual(BuiltinKeywords.groovy:146)
	at jdk.internal.reflect.GeneratedMethodAccessor23.invoke(Unknown Source)
	at java.base/jdk.internal.reflect.DelegatingMethodAccessorImpl.invoke(DelegatingMethodAccessorImpl.java:43)
	at Выручка по ДЗО сверка дашбордов.run(Выручка по ДЗО сверка дашбордов:149)
	at com.kms.katalon.core.main.ScriptEngine.run(ScriptEngine.java:194)
	at com.kms.katalon.core.main.ScriptEngine.runScriptAsRawText(ScriptEngine.java:119)
	at com.kms.katalon.core.main.TestCaseExecutor.runScript(TestCaseExecutor.java:448)
	at com.kms.katalon.core.main.TestCaseExecutor.doExecute(TestCaseExecutor.java:439)
	at com.kms.katalon.core.main.TestCaseExecutor.processExecutionPhase(TestCaseExecutor.java:418)
	at com.kms.katalon.core.main.TestCaseExecutor.accessMainPhase(TestCaseExecutor.java:410)
	at com.kms.katalon.core.main.TestCaseExecutor.execute(TestCaseExecutor.java:285)
	at com.kms.katalon.core.common.CommonExecutor.accessTestCaseMainPhase(CommonExecutor.java:65)
	at com.kms.katalon.core.main.TestSuiteExecutor.accessTestSuiteMainPhase(TestSuiteExecutor.java:150)
	at com.kms.katalon.core.main.TestSuiteExecutor.execute(TestSuiteExecutor.java:106)
	at com.kms.katalon.core.main.TestCaseMain.startTestSuite(TestCaseMain.java:180)
	at TempTestSuite1742171011514.run(TempTestSuite1742171011514.groovy:35)
	at java.base/jdk.internal.reflect.NativeMethodAccessorImpl.invoke0(Native Method)
	at java.base/jdk.internal.reflect.NativeMethodAccessorImpl.invoke(NativeMethodAccessorImpl.java:77)
	at java.base/jdk.internal.reflect.DelegatingMethodAccessorImpl.invoke(DelegatingMethodAccessorImpl.java:43)
Caused by: com.kms.katalon.core.exception.StepFailedException: Actual object '2 275 2 275
0 0
0 0
8 938 8 938
7 813 7 813
11 645 11 645
12 788 12 788
0 0
7 066 7 066
0 0
1 091 1 091
10 368 10 368
10 920 10 920
28 393 28 393
12 599 12 599
13 668 13 668
6 349 6 349
1 064 1 064
2 202 2 202
274 274
463 463
10 568 10 568
7 759 7 759
11 241 11 241
21 497 21 497
3 799 3 799
6 815 6 815
11 296 11 296
1 034 1 034
9 265 9 265
10 446 10 446
28 334 28 334
11 924 11 924
13 055 13 055
6 848 6 848
1 045 1 045
' and expected object '2 275 2 275
251 251
545 545
10 863 10 863
7 813 7 813
11 645 11 645
22 423 22 423
4 405 4 405
7 066 7 066
10 948 10 948
1 091 1 091
10 368 10 368
10 920 10 920
28 393 28 393
12 599 12 599
13 668 13 668
7 039 7 039
1 064 1 064
2 202 2 202
274 274
463 463
10 568 10 568
7 759 7 759
11 241 11 241
21 497 21 497
3 799 3 799
6 815 6 815
11 296 11 296
1 034 1 034
9 265 9 265
10 446 10 446
28 334 28 334
11 924 11 924
13 055 13 055
6 848 6 848
1 045 1 045
' are not equal
	at com.kms.katalon.core.keyword.builtin.VerifyEqualKeyword$_verifyEqual_closure1.doCall(VerifyEqualKeyword.groovy:58)
	at com.kms.katalon.core.keyword.builtin.VerifyEqualKeyword$_verifyEqual_closure1.call(VerifyEqualKeyword.groovy)
	at com.kms.katalon.core.keyword.internal.KeywordMain.runKeyword(KeywordMain.groovy:75)
	... 22 more]]></system-err>
      </testcase>
      <testcase name="Test Cases/Сверки дашбордов/Прогноз по отраслям сверка дашбордов" time="1143.245" classname="Test Cases/Сверки дашбордов/Прогноз по отраслям сверка дашбордов" status="PASSED">
         <system-out><![CDATA[17-03-2025T06:24:53 - [TEST_CASE][PASSED] - Test Cases/Сверки дашбордов/Прогноз по отраслям сверка дашбордов: Test Cases/Сверки дашбордов/Прогноз по отраслям сверка дашбордов

17-03-2025T06:24:53 - [TEST_STEP][PASSED] - date = new java.util.Date(): null

17-03-2025T06:24:53 - [TEST_STEP][PASSED] - todaysDate = date.format("dd.MM.yyyy"): null

17-03-2025T06:24:53 - [TEST_STEP][PASSED] - println(todaysDate): null

17-03-2025T06:24:53 - [TEST_STEP][PASSED] - typeOfData = <not implemented yet for class: org.codehaus.groovy.ast.expr.EmptyExpression>: null

17-03-2025T06:24:53 - [TEST_STEP][PASSED] - filterSravnenie = <not implemented yet for class: org.codehaus.groovy.ast.expr.EmptyExpression>: null

17-03-2025T06:24:53 - [TEST_STEP][PASSED] - kpoOtpusk = <not implemented yet for class: org.codehaus.groovy.ast.expr.EmptyExpression>: null

17-03-2025T06:24:53 - [TEST_STEP][PASSED] - openBrowser(""): Browser is opened with url: ''

17-03-2025T06:24:53 - [MESSAGE][INFO] - Starting 'Chrome' driver

17-03-2025T06:24:53 - [MESSAGE][INFO] - Action delay is set to 0 milliseconds

17-03-2025T06:24:54 - [MESSAGE][PASSED] - Browser is opened with url: ''

17-03-2025T06:24:54 - [TEST_STEP][PASSED] - navigateToUrl(findTestData("PlanFact").getValue(10, 6)): Navigate to 'https://bi.rosseti.digital/viewer?dashboardGuid=d6acb5b1a7114a9791b34de39263106e&sheetGuid=0b6d261d7f7b4424a967aa8f3a724189&fit=true' successfully

17-03-2025T06:24:57 - [MESSAGE][PASSED] - Navigate to 'https://bi.rosseti.digital/viewer?dashboardGuid=d6acb5b1a7114a9791b34de39263106e&sheetGuid=0b6d261d7f7b4424a967aa8f3a724189&fit=true' successfully

17-03-2025T06:24:57 - [TEST_STEP][PASSED] - setText(findTestObject("Страница авторизации/input__username"), findTestData("PlanFact").getValue(8, 1)): Text 'liazgina-di' is set on object 'Object Repository/Страница авторизации/input__username'

17-03-2025T06:24:59 - [MESSAGE][PASSED] - Text 'liazgina-di' is set on object 'Object Repository/Страница авторизации/input__username'

17-03-2025T06:24:59 - [TEST_STEP][PASSED] - setText(findTestObject("Страница авторизации/input__password"), findTestData("PlanFact").getValue(9, 1)): Text ')$%5srZ8o688Dm#q' is set on object 'Object Repository/Страница авторизации/input__password'

17-03-2025T06:25:00 - [MESSAGE][PASSED] - Text ')$%5srZ8o688Dm#q' is set on object 'Object Repository/Страница авторизации/input__password'

17-03-2025T06:25:00 - [TEST_STEP][PASSED] - click(findTestObject("Страница авторизации/button_")): Object: 'Object Repository/Страница авторизации/button_' is clicked on

17-03-2025T06:25:01 - [MESSAGE][PASSED] - Object: 'Object Repository/Страница авторизации/button_' is clicked on

17-03-2025T06:25:01 - [TEST_STEP][PASSED] - delay(50): Delayed 50 second(s)

17-03-2025T06:25:51 - [MESSAGE][PASSED] - Delayed 50 second(s)

17-03-2025T06:25:51 - [TEST_STEP][PASSED] - click(findTestObject("Прогноз по отраслям/Фильтр Месяц")): Object: 'Object Repository/Прогноз по отраслям/Фильтр Месяц' is clicked on

17-03-2025T06:25:52 - [MESSAGE][PASSED] - Object: 'Object Repository/Прогноз по отраслям/Фильтр Месяц' is clicked on

17-03-2025T06:25:52 - [TEST_STEP][PASSED] - scrollToElement(findTestObject("Прогноз по отраслям/Ноябрь"), 30): Scroll to object 'Object Repository/Прогноз по отраслям/Ноябрь' successfully

17-03-2025T06:25:52 - [MESSAGE][PASSED] - Scroll to object 'Object Repository/Прогноз по отраслям/Ноябрь' successfully

17-03-2025T06:25:52 - [TEST_STEP][PASSED] - click(findTestObject("Прогноз по отраслям/Ноябрь"), CONTINUE_ON_FAILURE): Object: 'Object Repository/Прогноз по отраслям/Ноябрь' is clicked on

17-03-2025T06:25:53 - [MESSAGE][PASSED] - Object: 'Object Repository/Прогноз по отраслям/Ноябрь' is clicked on

17-03-2025T06:25:53 - [TEST_STEP][PASSED] - scrollToElement(findTestObject("Прогноз по отраслям/Заголовок дашборда"), 30): Scroll to object 'Object Repository/Прогноз по отраслям/Заголовок дашборда' successfully

17-03-2025T06:25:55 - [MESSAGE][PASSED] - Scroll to object 'Object Repository/Прогноз по отраслям/Заголовок дашборда' successfully

17-03-2025T06:25:55 - [TEST_STEP][PASSED] - click(findTestObject("Прогноз по отраслям/Фильтр Сравнение с")): Object: 'Object Repository/Прогноз по отраслям/Фильтр Сравнение с' is clicked on

17-03-2025T06:25:55 - [MESSAGE][PASSED] - Object: 'Object Repository/Прогноз по отраслям/Фильтр Сравнение с' is clicked on

17-03-2025T06:25:55 - [TEST_STEP][PASSED] - click(findTestObject("Прогноз по отраслям/Факт прошлого года")): Object: 'Object Repository/Прогноз по отраслям/Факт прошлого года' is clicked on

17-03-2025T06:25:56 - [MESSAGE][PASSED] - Object: 'Object Repository/Прогноз по отраслям/Факт прошлого года' is clicked on

17-03-2025T06:25:56 - [TEST_STEP][PASSED] - click(findTestObject("Прогноз по отраслям/Фильтр КПО-Отпуск")): Object: 'Object Repository/Прогноз по отраслям/Фильтр КПО-Отпуск' is clicked on

17-03-2025T06:25:57 - [MESSAGE][PASSED] - Object: 'Object Repository/Прогноз по отраслям/Фильтр КПО-Отпуск' is clicked on

17-03-2025T06:25:57 - [TEST_STEP][PASSED] - click(findTestObject("Прогноз по отраслям/Отпуск")): Object: 'Object Repository/Прогноз по отраслям/Отпуск' is clicked on

17-03-2025T06:25:58 - [MESSAGE][PASSED] - Object: 'Object Repository/Прогноз по отраслям/Отпуск' is clicked on

17-03-2025T06:25:58 - [TEST_STEP][PASSED] - delay(40): Delayed 40 second(s)

17-03-2025T06:26:38 - [MESSAGE][PASSED] - Delayed 40 second(s)

17-03-2025T06:26:38 - [TEST_STEP][PASSED] - a1 = getText(findTestObject("Прогноз по отраслям/Виджеты дашборда")): Text of object 'Object Repository/Прогноз по отраслям/Виджеты дашборда' is: 'Год 
2023 год
Сравнение с 
Факт прошлого года
Динамика электропотребления, млрд. кВт.ч. по ПАО Россети на 2023 год
12 12
186 186
36 36
50 50
10 10
19 19
0 0
17 17
85 85
19 19
82 82
604 604
10 10
197 197
37 37
48 48
10 10
15 15
4 4
18 18
80 80
19 19
82 82
608 608
Факт прошлого года
Ожидаемое (прогноз по конца года)
Интер РАО (дляФСК)
Промышленныепотребители
Транспорт
Нефтедобыча
Нефтепереработка
Нефтепроводы
Газопроводы
Сельскоехозяйство ипищеваяпромышленность
Непромышленныепотребители
Государственные(муниципальные)организации ипрочиебюджетныепотребители
Население иприравненныегруппыпотребителей
Территориальныесетевыеорганизации
Выручка по ПАО Россети на 2023 год
5 5
285 285
72 72
72 72
18 18
22 22
0 0
50 50
201 201
61 61
190 190
227 227
6 6
331 331
82 82
77 77
20 20
20 20
3 3
57 57
220 220
68 68
214 214
258 258
Факт прошлого года
Ожидаемое (прогноз по конца года)
Интер РАО (дляФСК)
Промышленныепотребители
Транспорт
Нефтедобыча
Нефтепереработка
Нефтепроводы
Газопроводы
Сельскоехозяйство ипищеваяпромышленность
Непромышленныепотребители
Государственные(муниципальные)организации ипрочиебюджетныепотребители
Население иприравненныегруппыпотребителей
Территориальныесетевыеорганизации
Отклонения по ПАО Россети на 2023 год
-18.5% -18.5%
5.9% 5.9%
3.6% 3.6%
-3.9% -3.9%
0.9% 0.9%
-20.7% -20.7%
3 313.2% 3 313.2%
3.8% 3.8%
-5.6% -5.6%
1.3% 1.3%
-0.9% -0.9%
0.7% 0.7%
⬤ Отклонение, %
Интер РАО (для ФСК)
Промышленные потребители
Транспорт
Нефтедобыча
Нефтепереработка
Нефтепроводы
Газопроводы
Сельское хозяйство и пищевая пр…
Непромышленные потребители
Государственные (муниципальные…
Население и приравненные групп…
Территориальные сетевые органи…
Выручка отклонения по ПАО Россети на 2023 год
7.7% 7.7%
16.0% 16.0%
13.2% 13.2%
6.7% 6.7%
13.3% 13.3%
-7.7% -7.7%
1 331.5% 1 331.5%
14.2% 14.2%
9.9% 9.9%
12.0% 12.0%
12.4% 12.4%
13.7% 13.7%
⬤ Отклонение, %
Интер РАО (для ФСК)
Промышленные потребители
Транспорт
Нефтедобыча
Нефтепереработка
Нефтепроводы
Газопроводы
Сельское хозяйство и пищевая пр…
Непромышленные потребители
Государственные (муниципальные…
Население и приравненные групп…
Территориальные сетевые органи…
абс.
%
Прогноз на месяц 
Ноябрь
КПО/Отпуск из сети 
Отпуск из сети, млн. кВт.ч
Организация 
Все
Прогноз электропотребления и выручки за услуги по передаче в разрезе отраслей'

17-03-2025T06:26:38 - [MESSAGE][PASSED] - Text of object 'Object Repository/Прогноз по отраслям/Виджеты дашборда' is: 'Год 
2023 год
Сравнение с 
Факт прошлого года
Динамика электропотребления, млрд. кВт.ч. по ПАО Россети на 2023 год
12 12
186 186
36 36
50 50
10 10
19 19
0 0
17 17
85 85
19 19
82 82
604 604
10 10
197 197
37 37
48 48
10 10
15 15
4 4
18 18
80 80
19 19
82 82
608 608
Факт прошлого года
Ожидаемое (прогноз по конца года)
Интер РАО (дляФСК)
Промышленныепотребители
Транспорт
Нефтедобыча
Нефтепереработка
Нефтепроводы
Газопроводы
Сельскоехозяйство ипищеваяпромышленность
Непромышленныепотребители
Государственные(муниципальные)организации ипрочиебюджетныепотребители
Население иприравненныегруппыпотребителей
Территориальныесетевыеорганизации
Выручка по ПАО Россети на 2023 год
5 5
285 285
72 72
72 72
18 18
22 22
0 0
50 50
201 201
61 61
190 190
227 227
6 6
331 331
82 82
77 77
20 20
20 20
3 3
57 57
220 220
68 68
214 214
258 258
Факт прошлого года
Ожидаемое (прогноз по конца года)
Интер РАО (дляФСК)
Промышленныепотребители
Транспорт
Нефтедобыча
Нефтепереработка
Нефтепроводы
Газопроводы
Сельскоехозяйство ипищеваяпромышленность
Непромышленныепотребители
Государственные(муниципальные)организации ипрочиебюджетныепотребители
Население иприравненныегруппыпотребителей
Территориальныесетевыеорганизации
Отклонения по ПАО Россети на 2023 год
-18.5% -18.5%
5.9% 5.9%
3.6% 3.6%
-3.9% -3.9%
0.9% 0.9%
-20.7% -20.7%
3 313.2% 3 313.2%
3.8% 3.8%
-5.6% -5.6%
1.3% 1.3%
-0.9% -0.9%
0.7% 0.7%
⬤ Отклонение, %
Интер РАО (для ФСК)
Промышленные потребители
Транспорт
Нефтедобыча
Нефтепереработка
Нефтепроводы
Газопроводы
Сельское хозяйство и пищевая пр…
Непромышленные потребители
Государственные (муниципальные…
Население и приравненные групп…
Территориальные сетевые органи…
Выручка отклонения по ПАО Россети на 2023 год
7.7% 7.7%
16.0% 16.0%
13.2% 13.2%
6.7% 6.7%
13.3% 13.3%
-7.7% -7.7%
1 331.5% 1 331.5%
14.2% 14.2%
9.9% 9.9%
12.0% 12.0%
12.4% 12.4%
13.7% 13.7%
⬤ Отклонение, %
Интер РАО (для ФСК)
Промышленные потребители
Транспорт
Нефтедобыча
Нефтепереработка
Нефтепроводы
Газопроводы
Сельское хозяйство и пищевая пр…
Непромышленные потребители
Государственные (муниципальные…
Население и приравненные групп…
Территориальные сетевые органи…
абс.
%
Прогноз на месяц 
Ноябрь
КПО/Отпуск из сети 
Отпуск из сети, млн. кВт.ч
Организация 
Все
Прогноз электропотребления и выручки за услуги по передаче в разрезе отраслей'

17-03-2025T06:26:38 - [TEST_STEP][PASSED] - a1 = a1.replaceAll("[^0-9]", ""): null

17-03-2025T06:26:38 - [TEST_STEP][PASSED] - println("a1:" + a1): null

17-03-2025T06:26:38 - [TEST_STEP][PASSED] - click(findTestObject("Прогноз по отраслям/Фильтр Сравнение с")): Object: 'Object Repository/Прогноз по отраслям/Фильтр Сравнение с' is clicked on

17-03-2025T06:26:39 - [MESSAGE][PASSED] - Object: 'Object Repository/Прогноз по отраслям/Фильтр Сравнение с' is clicked on

17-03-2025T06:26:39 - [TEST_STEP][PASSED] - click(findTestObject("Прогноз по отраслям/План")): Object: 'Object Repository/Прогноз по отраслям/План' is clicked on

17-03-2025T06:26:40 - [MESSAGE][PASSED] - Object: 'Object Repository/Прогноз по отраслям/План' is clicked on

17-03-2025T06:26:40 - [TEST_STEP][PASSED] - delay(40): Delayed 40 second(s)

17-03-2025T06:27:20 - [MESSAGE][PASSED] - Delayed 40 second(s)

17-03-2025T06:27:20 - [TEST_STEP][PASSED] - a2 = getText(findTestObject("Прогноз по отраслям/Виджеты дашборда")): Text of object 'Object Repository/Прогноз по отраслям/Виджеты дашборда' is: 'Год 
2023 год
Сравнение с 
План
Динамика электропотребления, млрд. кВт.ч. по ПАО Россети на 2023 год
10 10
190 190
36 36
14 14
9 9
14 14
4 4
17 17
80 80
19 19
82 82
588 588
10 10
197 197
37 37
48 48
10 10
15 15
4 4
18 18
80 80
19 19
82 82
608 608
План
Ожидаемое (прогноз по конца года)
Интер РАО (дляФСК)
Промышленныепотребители
Транспорт
Нефтедобыча
Нефтепереработка
Нефтепроводы
Газопроводы
Сельскоехозяйство ипищеваяпромышленность
Непромышленныепотребители
Государственные(муниципальные)организации ипрочиебюджетныепотребители
Население иприравненныегруппыпотребителей
Территориальныесетевыеорганизации
Выручка по ПАО Россети на 2023 год
5 5
319 319
81 81
16 16
16 16
20 20
2 2
56 56
215 215
67 67
218 218
239 239
6 6
331 331
82 82
77 77
20 20
20 20
3 3
57 57
220 220
68 68
214 214
258 258
План
Ожидаемое (прогноз по конца года)
Интер РАО (дляФСК)
Промышленныепотребители
Транспорт
Нефтедобыча
Нефтепереработка
Нефтепроводы
Газопроводы
Сельскоехозяйство ипищеваяпромышленность
Непромышленныепотребители
Государственные(муниципальные)организации ипрочиебюджетныепотребители
Население иприравненныегруппыпотребителей
Территориальныесетевыеорганизации
Отклонения по ПАО Россети на 2023 год
-4.7% -4.7%
3.8% 3.8%
1.9% 1.9%
230.3% 230.3%
10.9% 10.9%
4.2% 4.2%
21.7% 21.7%
3.9% 3.9%
-0.6% -0.6%
1.6% 1.6%
-1.0% -1.0%
3.3% 3.3%
⬤ Отклонение, %
Интер РАО (для ФСК)
Промышленные потребители
Транспорт
Нефтедобыча
Нефтепереработка
Нефтепроводы
Газопроводы
Сельское хозяйство и пищевая пр…
Непромышленные потребители
Государственные (муниципальные…
Население и приравненные групп…
Территориальные сетевые органи…
Выручка отклонения по ПАО Россети на 2023 год
15.6% 15.6%
3.8% 3.8%
1.2% 1.2%
398.2% 398.2%
26.9% 26.9%
-0.6% -0.6%
26.9% 26.9%
1.5% 1.5%
2.7% 2.7%
2.0% 2.0%
-2.0% -2.0%
7.9% 7.9%
⬤ Отклонение, %
Интер РАО (для ФСК)
Промышленные потребители
Транспорт
Нефтедобыча
Нефтепереработка
Нефтепроводы
Газопроводы
Сельское хозяйство и пищевая пр…
Непромышленные потребители
Государственные (муниципальные…
Население и приравненные групп…
Территориальные сетевые органи…
абс.
%
Прогноз на месяц 
Ноябрь
КПО/Отпуск из сети 
Отпуск из сети, млн. кВт.ч
Организация 
Все
Прогноз электропотребления и выручки за услуги по передаче в разрезе отраслей'

17-03-2025T06:27:20 - [MESSAGE][PASSED] - Text of object 'Object Repository/Прогноз по отраслям/Виджеты дашборда' is: 'Год 
2023 год
Сравнение с 
План
Динамика электропотребления, млрд. кВт.ч. по ПАО Россети на 2023 год
10 10
190 190
36 36
14 14
9 9
14 14
4 4
17 17
80 80
19 19
82 82
588 588
10 10
197 197
37 37
48 48
10 10
15 15
4 4
18 18
80 80
19 19
82 82
608 608
План
Ожидаемое (прогноз по конца года)
Интер РАО (дляФСК)
Промышленныепотребители
Транспорт
Нефтедобыча
Нефтепереработка
Нефтепроводы
Газопроводы
Сельскоехозяйство ипищеваяпромышленность
Непромышленныепотребители
Государственные(муниципальные)организации ипрочиебюджетныепотребители
Население иприравненныегруппыпотребителей
Территориальныесетевыеорганизации
Выручка по ПАО Россети на 2023 год
5 5
319 319
81 81
16 16
16 16
20 20
2 2
56 56
215 215
67 67
218 218
239 239
6 6
331 331
82 82
77 77
20 20
20 20
3 3
57 57
220 220
68 68
214 214
258 258
План
Ожидаемое (прогноз по конца года)
Интер РАО (дляФСК)
Промышленныепотребители
Транспорт
Нефтедобыча
Нефтепереработка
Нефтепроводы
Газопроводы
Сельскоехозяйство ипищеваяпромышленность
Непромышленныепотребители
Государственные(муниципальные)организации ипрочиебюджетныепотребители
Население иприравненныегруппыпотребителей
Территориальныесетевыеорганизации
Отклонения по ПАО Россети на 2023 год
-4.7% -4.7%
3.8% 3.8%
1.9% 1.9%
230.3% 230.3%
10.9% 10.9%
4.2% 4.2%
21.7% 21.7%
3.9% 3.9%
-0.6% -0.6%
1.6% 1.6%
-1.0% -1.0%
3.3% 3.3%
⬤ Отклонение, %
Интер РАО (для ФСК)
Промышленные потребители
Транспорт
Нефтедобыча
Нефтепереработка
Нефтепроводы
Газопроводы
Сельское хозяйство и пищевая пр…
Непромышленные потребители
Государственные (муниципальные…
Население и приравненные групп…
Территориальные сетевые органи…
Выручка отклонения по ПАО Россети на 2023 год
15.6% 15.6%
3.8% 3.8%
1.2% 1.2%
398.2% 398.2%
26.9% 26.9%
-0.6% -0.6%
26.9% 26.9%
1.5% 1.5%
2.7% 2.7%
2.0% 2.0%
-2.0% -2.0%
7.9% 7.9%
⬤ Отклонение, %
Интер РАО (для ФСК)
Промышленные потребители
Транспорт
Нефтедобыча
Нефтепереработка
Нефтепроводы
Газопроводы
Сельское хозяйство и пищевая пр…
Непромышленные потребители
Государственные (муниципальные…
Население и приравненные групп…
Территориальные сетевые органи…
абс.
%
Прогноз на месяц 
Ноябрь
КПО/Отпуск из сети 
Отпуск из сети, млн. кВт.ч
Организация 
Все
Прогноз электропотребления и выручки за услуги по передаче в разрезе отраслей'

17-03-2025T06:27:20 - [TEST_STEP][PASSED] - a2 = a2.replaceAll("[^0-9]", ""): null

17-03-2025T06:27:20 - [TEST_STEP][PASSED] - println("a2:" + a2): null

17-03-2025T06:27:20 - [TEST_STEP][PASSED] - click(findTestObject("Прогноз по отраслям/Фильтр Сравнение с")): Object: 'Object Repository/Прогноз по отраслям/Фильтр Сравнение с' is clicked on

17-03-2025T06:27:20 - [MESSAGE][PASSED] - Object: 'Object Repository/Прогноз по отраслям/Фильтр Сравнение с' is clicked on

17-03-2025T06:27:20 - [TEST_STEP][PASSED] - click(findTestObject("Прогноз по отраслям/План СУ")): Object: 'Object Repository/Прогноз по отраслям/План СУ' is clicked on

17-03-2025T06:27:21 - [MESSAGE][PASSED] - Object: 'Object Repository/Прогноз по отраслям/План СУ' is clicked on

17-03-2025T06:27:21 - [TEST_STEP][PASSED] - delay(40): Delayed 40 second(s)

17-03-2025T06:28:01 - [MESSAGE][PASSED] - Delayed 40 second(s)

17-03-2025T06:28:01 - [TEST_STEP][PASSED] - a3 = getText(findTestObject("Прогноз по отраслям/Виджеты дашборда")): Text of object 'Object Repository/Прогноз по отраслям/Виджеты дашборда' is: 'Год 
2023 год
Сравнение с 
План/СУ
Динамика электропотребления, млрд. кВт.ч. по ПАО Россети на 2023 год
10 10
181 181
36 36
15 15
9 9
14 14
4 4
16 16
86 86
19 19
79 79
586 586
10 10
197 197
37 37
48 48
10 10
15 15
4 4
18 18
80 80
19 19
82 82
608 608
СУ
Ожидаемое (прогноз по конца года)
Интер РАО (дляФСК)
Промышленныепотребители
Транспорт
Нефтедобыча
Нефтепереработка
Нефтепроводы
Газопроводы
Сельскоехозяйство ипищеваяпромышленность
Непромышленныепотребители
Государственные(муниципальные)организации ипрочиебюджетныепотребители
Население иприравненныегруппыпотребителей
Территориальныесетевыеорганизации
Выручка по ПАО Россети на 2023 год
6 6
331 331
82 82
77 77
20 20
20 20
3 3
57 57
220 220
68 68
214 214
258 258
Ожидаемое (прогноз по конца года)
Интер РАО (дляФСК)
Промышленныепотребители
Транспорт
Нефтедобыча
Нефтепереработка
Нефтепроводы
Газопроводы
Сельскоехозяйство ипищеваяпромышленность
Непромышленныепотребители
Государственные(муниципальные)организации ипрочиебюджетныепотребители
Население иприравненныегруппыпотребителей
Территориальныесетевыеорганизации
Отклонения по ПАО Россети на 2023 год
2.5% 2.5%
8.9% 8.9%
3.5% 3.5%
221.4% 221.4%
12.8% 12.8%
6.9% 6.9%
13.5% 13.5%
8.1% 8.1%
-6.9% -6.9%
2.3% 2.3%
3.1% 3.1%
3.8% 3.8%
⬤ Отклонение, %
Интер РАО (для ФСК)
Промышленные потребители
Транспорт
Нефтедобыча
Нефтепереработка
Нефтепроводы
Газопроводы
Сельское хозяйство и пищевая пр…
Непромышленные потребители
Государственные (муниципальные…
Население и приравненные групп…
Территориальные сетевые органи…
Выручка отклонения по ПАО Россети на 2023 год
⬤ Отклонение, %
Интер РАО (для ФСК)
Промышленные потребители
Транспорт
Нефтедобыча
Нефтепереработка
Нефтепроводы
Газопроводы
Сельское хозяйство и пищевая пр…
Непромышленные потребители
Государственные (муниципальные…
Население и приравненные групп…
Территориальные сетевые органи…
абс.
%
Прогноз на месяц 
Ноябрь
КПО/Отпуск из сети 
Отпуск из сети, млн. кВт.ч
Организация 
Все
Прогноз электропотребления и выручки за услуги по передаче в разрезе отраслей'

17-03-2025T06:28:02 - [MESSAGE][PASSED] - Text of object 'Object Repository/Прогноз по отраслям/Виджеты дашборда' is: 'Год 
2023 год
Сравнение с 
План/СУ
Динамика электропотребления, млрд. кВт.ч. по ПАО Россети на 2023 год
10 10
181 181
36 36
15 15
9 9
14 14
4 4
16 16
86 86
19 19
79 79
586 586
10 10
197 197
37 37
48 48
10 10
15 15
4 4
18 18
80 80
19 19
82 82
608 608
СУ
Ожидаемое (прогноз по конца года)
Интер РАО (дляФСК)
Промышленныепотребители
Транспорт
Нефтедобыча
Нефтепереработка
Нефтепроводы
Газопроводы
Сельскоехозяйство ипищеваяпромышленность
Непромышленныепотребители
Государственные(муниципальные)организации ипрочиебюджетныепотребители
Население иприравненныегруппыпотребителей
Территориальныесетевыеорганизации
Выручка по ПАО Россети на 2023 год
6 6
331 331
82 82
77 77
20 20
20 20
3 3
57 57
220 220
68 68
214 214
258 258
Ожидаемое (прогноз по конца года)
Интер РАО (дляФСК)
Промышленныепотребители
Транспорт
Нефтедобыча
Нефтепереработка
Нефтепроводы
Газопроводы
Сельскоехозяйство ипищеваяпромышленность
Непромышленныепотребители
Государственные(муниципальные)организации ипрочиебюджетныепотребители
Население иприравненныегруппыпотребителей
Территориальныесетевыеорганизации
Отклонения по ПАО Россети на 2023 год
2.5% 2.5%
8.9% 8.9%
3.5% 3.5%
221.4% 221.4%
12.8% 12.8%
6.9% 6.9%
13.5% 13.5%
8.1% 8.1%
-6.9% -6.9%
2.3% 2.3%
3.1% 3.1%
3.8% 3.8%
⬤ Отклонение, %
Интер РАО (для ФСК)
Промышленные потребители
Транспорт
Нефтедобыча
Нефтепереработка
Нефтепроводы
Газопроводы
Сельское хозяйство и пищевая пр…
Непромышленные потребители
Государственные (муниципальные…
Население и приравненные групп…
Территориальные сетевые органи…
Выручка отклонения по ПАО Россети на 2023 год
⬤ Отклонение, %
Интер РАО (для ФСК)
Промышленные потребители
Транспорт
Нефтедобыча
Нефтепереработка
Нефтепроводы
Газопроводы
Сельское хозяйство и пищевая пр…
Непромышленные потребители
Государственные (муниципальные…
Население и приравненные групп…
Территориальные сетевые органи…
абс.
%
Прогноз на месяц 
Ноябрь
КПО/Отпуск из сети 
Отпуск из сети, млн. кВт.ч
Организация 
Все
Прогноз электропотребления и выручки за услуги по передаче в разрезе отраслей'

17-03-2025T06:28:02 - [TEST_STEP][PASSED] - a3 = a3.replaceAll("[^0-9]", ""): null

17-03-2025T06:28:02 - [TEST_STEP][PASSED] - println("a3:" + a3): null

17-03-2025T06:28:02 - [TEST_STEP][PASSED] - click(findTestObject("Прогноз по отраслям/Фильтр Сравнение с")): Object: 'Object Repository/Прогноз по отраслям/Фильтр Сравнение с' is clicked on

17-03-2025T06:28:02 - [MESSAGE][PASSED] - Object: 'Object Repository/Прогноз по отраслям/Фильтр Сравнение с' is clicked on

17-03-2025T06:28:02 - [TEST_STEP][PASSED] - click(findTestObject("Прогноз по отраслям/Факт прошлого года")): Object: 'Object Repository/Прогноз по отраслям/Факт прошлого года' is clicked on

17-03-2025T06:28:03 - [MESSAGE][PASSED] - Object: 'Object Repository/Прогноз по отраслям/Факт прошлого года' is clicked on

17-03-2025T06:28:03 - [TEST_STEP][PASSED] - click(findTestObject("Прогноз по отраслям/Фильтр КПО-Отпуск")): Object: 'Object Repository/Прогноз по отраслям/Фильтр КПО-Отпуск' is clicked on

17-03-2025T06:28:04 - [MESSAGE][PASSED] - Object: 'Object Repository/Прогноз по отраслям/Фильтр КПО-Отпуск' is clicked on

17-03-2025T06:28:04 - [TEST_STEP][PASSED] - click(findTestObject("Прогноз по отраслям/КПО")): Object: 'Object Repository/Прогноз по отраслям/КПО' is clicked on

17-03-2025T06:28:05 - [MESSAGE][PASSED] - Object: 'Object Repository/Прогноз по отраслям/КПО' is clicked on

17-03-2025T06:28:05 - [TEST_STEP][PASSED] - delay(40): Delayed 40 second(s)

17-03-2025T06:28:45 - [MESSAGE][PASSED] - Delayed 40 second(s)

17-03-2025T06:28:45 - [TEST_STEP][PASSED] - a4 = getText(findTestObject("Прогноз по отраслям/Виджеты дашборда")): Text of object 'Object Repository/Прогноз по отраслям/Виджеты дашборда' is: 'Год 
2023 год
Сравнение с 
Факт прошлого года
Динамика электропотребления, млрд. кВт.ч. по ПАО Россети на 2023 год
0 0
120 120
38 38
41 41
8 8
10 10
0 0
19 19
77 77
25 25
122 122
61 61
0 0
120 120
39 39
39 39
8 8
8 8
1 1
20 20
78 78
26 26
121 121
60 60
Факт прошлого года
Ожидаемое (прогноз по конца года)
Интер РАО (дляФСК)
Промышленныепотребители
Транспорт
Нефтедобыча
Нефтепереработка
Нефтепроводы
Газопроводы
Сельскоехозяйство ипищеваяпромышленность
Непромышленныепотребители
Государственные(муниципальные)организации ипрочиебюджетныепотребители
Население иприравненныегруппыпотребителей
Территориальныесетевыеорганизации
Выручка по ПАО Россети на 2023 год
5 5
285 285
72 72
72 72
18 18
22 22
0 0
50 50
201 201
61 61
190 190
227 227
6 6
331 331
82 82
77 77
20 20
20 20
3 3
57 57
220 220
68 68
214 214
258 258
Факт прошлого года
Ожидаемое (прогноз по конца года)
Интер РАО (дляФСК)
Промышленныепотребители
Транспорт
Нефтедобыча
Нефтепереработка
Нефтепроводы
Газопроводы
Сельскоехозяйство ипищеваяпромышленность
Непромышленныепотребители
Государственные(муниципальные)организации ипрочиебюджетныепотребители
Население иприравненныегруппыпотребителей
Территориальныесетевыеорганизации
Отклонения по ПАО Россети на 2023 год
0.5% 0.5%
0.9% 0.9%
-5.9% -5.9%
3.1% 3.1%
-17.9% -17.9%
578.4% 578.4%
2.3% 2.3%
1.8% 1.8%
2.1% 2.1%
-0.9% -0.9%
-0.2% -0.2%
⬤ Отклонение, %
Интер РАО (для ФСК)
Промышленные потребители
Транспорт
Нефтедобыча
Нефтепереработка
Нефтепроводы
Газопроводы
Сельское хозяйство и пищевая пр…
Непромышленные потребители
Государственные (муниципальные…
Население и приравненные групп…
Территориальные сетевые органи…
Выручка отклонения по ПАО Россети на 2023 год
7.7% 7.7%
16.0% 16.0%
13.2% 13.2%
6.7% 6.7%
13.3% 13.3%
-7.7% -7.7%
1 331.5% 1 331.5%
14.2% 14.2%
9.9% 9.9%
12.0% 12.0%
12.4% 12.4%
13.7% 13.7%
⬤ Отклонение, %
Интер РАО (для ФСК)
Промышленные потребители
Транспорт
Нефтедобыча
Нефтепереработка
Нефтепроводы
Газопроводы
Сельское хозяйство и пищевая пр…
Непромышленные потребители
Государственные (муниципальные…
Население и приравненные групп…
Территориальные сетевые органи…
абс.
%
Прогноз на месяц 
Ноябрь
КПО/Отпуск из сети 
Котловой полезный отпуск, млн. кВт.ч
Организация 
Все
Прогноз электропотребления и выручки за услуги по передаче в разрезе отраслей'

17-03-2025T06:28:45 - [MESSAGE][PASSED] - Text of object 'Object Repository/Прогноз по отраслям/Виджеты дашборда' is: 'Год 
2023 год
Сравнение с 
Факт прошлого года
Динамика электропотребления, млрд. кВт.ч. по ПАО Россети на 2023 год
0 0
120 120
38 38
41 41
8 8
10 10
0 0
19 19
77 77
25 25
122 122
61 61
0 0
120 120
39 39
39 39
8 8
8 8
1 1
20 20
78 78
26 26
121 121
60 60
Факт прошлого года
Ожидаемое (прогноз по конца года)
Интер РАО (дляФСК)
Промышленныепотребители
Транспорт
Нефтедобыча
Нефтепереработка
Нефтепроводы
Газопроводы
Сельскоехозяйство ипищеваяпромышленность
Непромышленныепотребители
Государственные(муниципальные)организации ипрочиебюджетныепотребители
Население иприравненныегруппыпотребителей
Территориальныесетевыеорганизации
Выручка по ПАО Россети на 2023 год
5 5
285 285
72 72
72 72
18 18
22 22
0 0
50 50
201 201
61 61
190 190
227 227
6 6
331 331
82 82
77 77
20 20
20 20
3 3
57 57
220 220
68 68
214 214
258 258
Факт прошлого года
Ожидаемое (прогноз по конца года)
Интер РАО (дляФСК)
Промышленныепотребители
Транспорт
Нефтедобыча
Нефтепереработка
Нефтепроводы
Газопроводы
Сельскоехозяйство ипищеваяпромышленность
Непромышленныепотребители
Государственные(муниципальные)организации ипрочиебюджетныепотребители
Население иприравненныегруппыпотребителей
Территориальныесетевыеорганизации
Отклонения по ПАО Россети на 2023 год
0.5% 0.5%
0.9% 0.9%
-5.9% -5.9%
3.1% 3.1%
-17.9% -17.9%
578.4% 578.4%
2.3% 2.3%
1.8% 1.8%
2.1% 2.1%
-0.9% -0.9%
-0.2% -0.2%
⬤ Отклонение, %
Интер РАО (для ФСК)
Промышленные потребители
Транспорт
Нефтедобыча
Нефтепереработка
Нефтепроводы
Газопроводы
Сельское хозяйство и пищевая пр…
Непромышленные потребители
Государственные (муниципальные…
Население и приравненные групп…
Территориальные сетевые органи…
Выручка отклонения по ПАО Россети на 2023 год
7.7% 7.7%
16.0% 16.0%
13.2% 13.2%
6.7% 6.7%
13.3% 13.3%
-7.7% -7.7%
1 331.5% 1 331.5%
14.2% 14.2%
9.9% 9.9%
12.0% 12.0%
12.4% 12.4%
13.7% 13.7%
⬤ Отклонение, %
Интер РАО (для ФСК)
Промышленные потребители
Транспорт
Нефтедобыча
Нефтепереработка
Нефтепроводы
Газопроводы
Сельское хозяйство и пищевая пр…
Непромышленные потребители
Государственные (муниципальные…
Население и приравненные групп…
Территориальные сетевые органи…
абс.
%
Прогноз на месяц 
Ноябрь
КПО/Отпуск из сети 
Котловой полезный отпуск, млн. кВт.ч
Организация 
Все
Прогноз электропотребления и выручки за услуги по передаче в разрезе отраслей'

17-03-2025T06:28:45 - [TEST_STEP][PASSED] - a4 = a4.replaceAll("[^0-9]", ""): null

17-03-2025T06:28:45 - [TEST_STEP][PASSED] - println("a4:" + a4): null

17-03-2025T06:28:45 - [TEST_STEP][PASSED] - click(findTestObject("Прогноз по отраслям/Фильтр Сравнение с")): Object: 'Object Repository/Прогноз по отраслям/Фильтр Сравнение с' is clicked on

17-03-2025T06:28:46 - [MESSAGE][PASSED] - Object: 'Object Repository/Прогноз по отраслям/Фильтр Сравнение с' is clicked on

17-03-2025T06:28:46 - [TEST_STEP][PASSED] - click(findTestObject("Прогноз по отраслям/План")): Object: 'Object Repository/Прогноз по отраслям/План' is clicked on

17-03-2025T06:28:47 - [MESSAGE][PASSED] - Object: 'Object Repository/Прогноз по отраслям/План' is clicked on

17-03-2025T06:28:47 - [TEST_STEP][PASSED] - delay(40): Delayed 40 second(s)

17-03-2025T06:29:27 - [MESSAGE][PASSED] - Delayed 40 second(s)

17-03-2025T06:29:27 - [TEST_STEP][PASSED] - a5 = getText(findTestObject("Прогноз по отраслям/Виджеты дашборда")): Text of object 'Object Repository/Прогноз по отраслям/Виджеты дашборда' is: 'Год 
2023 год
Сравнение с 
План
Динамика электропотребления, млрд. кВт.ч. по ПАО Россети на 2023 год
0 0
119 119
37 37
7 7
7 7
8 8
1 1
19 19
75 75
25 25
123 123
55 55
0 0
120 120
39 39
39 39
8 8
8 8
1 1
20 20
78 78
26 26
121 121
60 60
План
Ожидаемое (прогноз по конца года)
Интер РАО (дляФСК)
Промышленныепотребители
Транспорт
Нефтедобыча
Нефтепереработка
Нефтепроводы
Газопроводы
Сельскоехозяйство ипищеваяпромышленность
Непромышленныепотребители
Государственные(муниципальные)организации ипрочиебюджетныепотребители
Население иприравненныегруппыпотребителей
Территориальныесетевыеорганизации
Выручка по ПАО Россети на 2023 год
5 5
319 319
81 81
16 16
16 16
20 20
2 2
56 56
215 215
67 67
218 218
239 239
6 6
331 331
82 82
77 77
20 20
20 20
3 3
57 57
220 220
68 68
214 214
258 258
План
Ожидаемое (прогноз по конца года)
Интер РАО (дляФСК)
Промышленныепотребители
Транспорт
Нефтедобыча
Нефтепереработка
Нефтепроводы
Газопроводы
Сельскоехозяйство ипищеваяпромышленность
Непромышленныепотребители
Государственные(муниципальные)организации ипрочиебюджетныепотребители
Население иприравненныегруппыпотребителей
Территориальныесетевыеорганизации
Отклонения по ПАО Россети на 2023 год
1.2% 1.2%
3.2% 3.2%
492.1% 492.1%
18.1% 18.1%
4.4% 4.4%
11.9% 11.9%
1.2% 1.2%
4.1% 4.1%
2.4% 2.4%
-1.4% -1.4%
9.7% 9.7%
⬤ Отклонение, %
Интер РАО (для ФСК)
Промышленные потребители
Транспорт
Нефтедобыча
Нефтепереработка
Нефтепроводы
Газопроводы
Сельское хозяйство и пищевая пр…
Непромышленные потребители
Государственные (муниципальные…
Население и приравненные групп…
Территориальные сетевые органи…
Выручка отклонения по ПАО Россети на 2023 год
15.6% 15.6%
3.8% 3.8%
1.2% 1.2%
398.2% 398.2%
26.9% 26.9%
-0.6% -0.6%
26.9% 26.9%
1.5% 1.5%
2.7% 2.7%
2.0% 2.0%
-2.0% -2.0%
7.9% 7.9%
⬤ Отклонение, %
Интер РАО (для ФСК)
Промышленные потребители
Транспорт
Нефтедобыча
Нефтепереработка
Нефтепроводы
Газопроводы
Сельское хозяйство и пищевая пр…
Непромышленные потребители
Государственные (муниципальные…
Население и приравненные групп…
Территориальные сетевые органи…
абс.
%
Прогноз на месяц 
Ноябрь
КПО/Отпуск из сети 
Котловой полезный отпуск, млн. кВт.ч
Организация 
Все
Прогноз электропотребления и выручки за услуги по передаче в разрезе отраслей'

17-03-2025T06:29:27 - [MESSAGE][PASSED] - Text of object 'Object Repository/Прогноз по отраслям/Виджеты дашборда' is: 'Год 
2023 год
Сравнение с 
План
Динамика электропотребления, млрд. кВт.ч. по ПАО Россети на 2023 год
0 0
119 119
37 37
7 7
7 7
8 8
1 1
19 19
75 75
25 25
123 123
55 55
0 0
120 120
39 39
39 39
8 8
8 8
1 1
20 20
78 78
26 26
121 121
60 60
План
Ожидаемое (прогноз по конца года)
Интер РАО (дляФСК)
Промышленныепотребители
Транспорт
Нефтедобыча
Нефтепереработка
Нефтепроводы
Газопроводы
Сельскоехозяйство ипищеваяпромышленность
Непромышленныепотребители
Государственные(муниципальные)организации ипрочиебюджетныепотребители
Население иприравненныегруппыпотребителей
Территориальныесетевыеорганизации
Выручка по ПАО Россети на 2023 год
5 5
319 319
81 81
16 16
16 16
20 20
2 2
56 56
215 215
67 67
218 218
239 239
6 6
331 331
82 82
77 77
20 20
20 20
3 3
57 57
220 220
68 68
214 214
258 258
План
Ожидаемое (прогноз по конца года)
Интер РАО (дляФСК)
Промышленныепотребители
Транспорт
Нефтедобыча
Нефтепереработка
Нефтепроводы
Газопроводы
Сельскоехозяйство ипищеваяпромышленность
Непромышленныепотребители
Государственные(муниципальные)организации ипрочиебюджетныепотребители
Население иприравненныегруппыпотребителей
Территориальныесетевыеорганизации
Отклонения по ПАО Россети на 2023 год
1.2% 1.2%
3.2% 3.2%
492.1% 492.1%
18.1% 18.1%
4.4% 4.4%
11.9% 11.9%
1.2% 1.2%
4.1% 4.1%
2.4% 2.4%
-1.4% -1.4%
9.7% 9.7%
⬤ Отклонение, %
Интер РАО (для ФСК)
Промышленные потребители
Транспорт
Нефтедобыча
Нефтепереработка
Нефтепроводы
Газопроводы
Сельское хозяйство и пищевая пр…
Непромышленные потребители
Государственные (муниципальные…
Население и приравненные групп…
Территориальные сетевые органи…
Выручка отклонения по ПАО Россети на 2023 год
15.6% 15.6%
3.8% 3.8%
1.2% 1.2%
398.2% 398.2%
26.9% 26.9%
-0.6% -0.6%
26.9% 26.9%
1.5% 1.5%
2.7% 2.7%
2.0% 2.0%
-2.0% -2.0%
7.9% 7.9%
⬤ Отклонение, %
Интер РАО (для ФСК)
Промышленные потребители
Транспорт
Нефтедобыча
Нефтепереработка
Нефтепроводы
Газопроводы
Сельское хозяйство и пищевая пр…
Непромышленные потребители
Государственные (муниципальные…
Население и приравненные групп…
Территориальные сетевые органи…
абс.
%
Прогноз на месяц 
Ноябрь
КПО/Отпуск из сети 
Котловой полезный отпуск, млн. кВт.ч
Организация 
Все
Прогноз электропотребления и выручки за услуги по передаче в разрезе отраслей'

17-03-2025T06:29:27 - [TEST_STEP][PASSED] - println("a5:" + a5): null

17-03-2025T06:29:27 - [TEST_STEP][PASSED] - a5 = a5.replaceAll("[^0-9]", ""): null

17-03-2025T06:29:27 - [TEST_STEP][PASSED] - println("a5:" + a5): null

17-03-2025T06:29:27 - [TEST_STEP][PASSED] - click(findTestObject("Прогноз по отраслям/Фильтр Сравнение с")): Object: 'Object Repository/Прогноз по отраслям/Фильтр Сравнение с' is clicked on

17-03-2025T06:29:27 - [MESSAGE][PASSED] - Object: 'Object Repository/Прогноз по отраслям/Фильтр Сравнение с' is clicked on

17-03-2025T06:29:27 - [TEST_STEP][PASSED] - click(findTestObject("Прогноз по отраслям/План СУ")): Object: 'Object Repository/Прогноз по отраслям/План СУ' is clicked on

17-03-2025T06:29:28 - [MESSAGE][PASSED] - Object: 'Object Repository/Прогноз по отраслям/План СУ' is clicked on

17-03-2025T06:29:28 - [TEST_STEP][PASSED] - delay(40): Delayed 40 second(s)

17-03-2025T06:30:08 - [MESSAGE][PASSED] - Delayed 40 second(s)

17-03-2025T06:30:08 - [TEST_STEP][PASSED] - a6 = getText(findTestObject("Прогноз по отраслям/Виджеты дашборда")): Text of object 'Object Repository/Прогноз по отраслям/Виджеты дашборда' is: 'Год 
2023 год
Сравнение с 
План/СУ
Динамика электропотребления, млрд. кВт.ч. по ПАО Россети на 2023 год
0 0
0 0
0 0
0 0
0 0
0 0
0 0
0 0
0 0
0 0
0 0
0 0
0 0
120 120
39 39
39 39
8 8
8 8
1 1
20 20
78 78
26 26
121 121
60 60
СУ
Ожидаемое (прогноз по конца года)
Интер РАО (дляФСК)
Промышленныепотребители
Транспорт
Нефтедобыча
Нефтепереработка
Нефтепроводы
Газопроводы
Сельскоехозяйство ипищеваяпромышленность
Непромышленныепотребители
Государственные(муниципальные)организации ипрочиебюджетныепотребители
Население иприравненныегруппыпотребителей
Территориальныесетевыеорганизации
Выручка по ПАО Россети на 2023 год
6 6
331 331
82 82
77 77
20 20
20 20
3 3
57 57
220 220
68 68
214 214
258 258
Ожидаемое (прогноз по конца года)
Интер РАО (дляФСК)
Промышленныепотребители
Транспорт
Нефтедобыча
Нефтепереработка
Нефтепроводы
Газопроводы
Сельскоехозяйство ипищеваяпромышленность
Непромышленныепотребители
Государственные(муниципальные)организации ипрочиебюджетныепотребители
Население иприравненныегруппыпотребителей
Территориальныесетевыеорганизации
Отклонения по ПАО Россети на 2023 год
⬤ Отклонение, %
Интер РАО (для ФСК)
Промышленные потребители
Транспорт
Нефтедобыча
Нефтепереработка
Нефтепроводы
Газопроводы
Сельское хозяйство и пищевая пр…
Непромышленные потребители
Государственные (муниципальные…
Население и приравненные групп…
Территориальные сетевые органи…
Выручка отклонения по ПАО Россети на 2023 год
⬤ Отклонение, %
Интер РАО (для ФСК)
Промышленные потребители
Транспорт
Нефтедобыча
Нефтепереработка
Нефтепроводы
Газопроводы
Сельское хозяйство и пищевая пр…
Непромышленные потребители
Государственные (муниципальные…
Население и приравненные групп…
Территориальные сетевые органи…
абс.
%
Прогноз на месяц 
Ноябрь
КПО/Отпуск из сети 
Котловой полезный отпуск, млн. кВт.ч
Организация 
Все
Прогноз электропотребления и выручки за услуги по передаче в разрезе отраслей'

17-03-2025T06:30:09 - [MESSAGE][PASSED] - Text of object 'Object Repository/Прогноз по отраслям/Виджеты дашборда' is: 'Год 
2023 год
Сравнение с 
План/СУ
Динамика электропотребления, млрд. кВт.ч. по ПАО Россети на 2023 год
0 0
0 0
0 0
0 0
0 0
0 0
0 0
0 0
0 0
0 0
0 0
0 0
0 0
120 120
39 39
39 39
8 8
8 8
1 1
20 20
78 78
26 26
121 121
60 60
СУ
Ожидаемое (прогноз по конца года)
Интер РАО (дляФСК)
Промышленныепотребители
Транспорт
Нефтедобыча
Нефтепереработка
Нефтепроводы
Газопроводы
Сельскоехозяйство ипищеваяпромышленность
Непромышленныепотребители
Государственные(муниципальные)организации ипрочиебюджетныепотребители
Население иприравненныегруппыпотребителей
Территориальныесетевыеорганизации
Выручка по ПАО Россети на 2023 год
6 6
331 331
82 82
77 77
20 20
20 20
3 3
57 57
220 220
68 68
214 214
258 258
Ожидаемое (прогноз по конца года)
Интер РАО (дляФСК)
Промышленныепотребители
Транспорт
Нефтедобыча
Нефтепереработка
Нефтепроводы
Газопроводы
Сельскоехозяйство ипищеваяпромышленность
Непромышленныепотребители
Государственные(муниципальные)организации ипрочиебюджетныепотребители
Население иприравненныегруппыпотребителей
Территориальныесетевыеорганизации
Отклонения по ПАО Россети на 2023 год
⬤ Отклонение, %
Интер РАО (для ФСК)
Промышленные потребители
Транспорт
Нефтедобыча
Нефтепереработка
Нефтепроводы
Газопроводы
Сельское хозяйство и пищевая пр…
Непромышленные потребители
Государственные (муниципальные…
Население и приравненные групп…
Территориальные сетевые органи…
Выручка отклонения по ПАО Россети на 2023 год
⬤ Отклонение, %
Интер РАО (для ФСК)
Промышленные потребители
Транспорт
Нефтедобыча
Нефтепереработка
Нефтепроводы
Газопроводы
Сельское хозяйство и пищевая пр…
Непромышленные потребители
Государственные (муниципальные…
Население и приравненные групп…
Территориальные сетевые органи…
абс.
%
Прогноз на месяц 
Ноябрь
КПО/Отпуск из сети 
Котловой полезный отпуск, млн. кВт.ч
Организация 
Все
Прогноз электропотребления и выручки за услуги по передаче в разрезе отраслей'

17-03-2025T06:30:09 - [TEST_STEP][PASSED] - a6 = a6.replaceAll("[^0-9]", ""): null

17-03-2025T06:30:09 - [TEST_STEP][PASSED] - println("a6:" + a6): null

17-03-2025T06:30:09 - [TEST_STEP][PASSED] - click(findTestObject("Прогноз по отраслям/Переключить отображение с процентов на абс Блок руководителя")): Object: 'Object Repository/Прогноз по отраслям/Переключить отображение с процентов на абс Блок руководителя' is clicked on

17-03-2025T06:30:09 - [MESSAGE][PASSED] - Object: 'Object Repository/Прогноз по отраслям/Переключить отображение с процентов на абс Блок руководителя' is clicked on

17-03-2025T06:30:09 - [TEST_STEP][PASSED] - click(findTestObject("Прогноз по отраслям/Фильтр Сравнение с")): Object: 'Object Repository/Прогноз по отраслям/Фильтр Сравнение с' is clicked on

17-03-2025T06:30:09 - [MESSAGE][PASSED] - Object: 'Object Repository/Прогноз по отраслям/Фильтр Сравнение с' is clicked on

17-03-2025T06:30:09 - [TEST_STEP][PASSED] - click(findTestObject("Прогноз по отраслям/Факт прошлого года")): Object: 'Object Repository/Прогноз по отраслям/Факт прошлого года' is clicked on

17-03-2025T06:30:10 - [MESSAGE][PASSED] - Object: 'Object Repository/Прогноз по отраслям/Факт прошлого года' is clicked on

17-03-2025T06:30:10 - [TEST_STEP][PASSED] - click(findTestObject("Прогноз по отраслям/Фильтр КПО-Отпуск")): Object: 'Object Repository/Прогноз по отраслям/Фильтр КПО-Отпуск' is clicked on

17-03-2025T06:30:11 - [MESSAGE][PASSED] - Object: 'Object Repository/Прогноз по отраслям/Фильтр КПО-Отпуск' is clicked on

17-03-2025T06:30:11 - [TEST_STEP][PASSED] - click(findTestObject("Прогноз по отраслям/Отпуск")): Object: 'Object Repository/Прогноз по отраслям/Отпуск' is clicked on

17-03-2025T06:30:12 - [MESSAGE][PASSED] - Object: 'Object Repository/Прогноз по отраслям/Отпуск' is clicked on

17-03-2025T06:30:12 - [TEST_STEP][PASSED] - delay(40): Delayed 40 second(s)

17-03-2025T06:30:52 - [MESSAGE][PASSED] - Delayed 40 second(s)

17-03-2025T06:30:52 - [TEST_STEP][PASSED] - a7 = getText(findTestObject("Прогноз по отраслям/Виджеты дашборда")): Text of object 'Object Repository/Прогноз по отраслям/Виджеты дашборда' is: 'Год 
2023 год
Сравнение с 
Факт прошлого года
Отклонения по ПАО Россети на 2023 год
-2 263.5 -2 263.5
11 054.6 11 054.6
1 280.2 1 280.2
-1 947.5 -1 947.5
90.9 90.9
-3 845.0 -3 845.0
4 162.1 4 162.1
651.7 651.7
-4 727.7 -4 727.7
256.5 256.5
-723.9 -723.9
4 292.3 4 292.3
⬤ Отклонение, млн. кВт.ч
Интер РАО (для ФСК)
Промышленные потребители
Транспорт
Нефтедобыча
Нефтепереработка
Нефтепроводы
Газопроводы
Сельское хозяйство и пищевая пр…
Непромышленные потребители
Государственные (муниципальные…
Население и приравненные групп…
Территориальные сетевые органи…
Выручка отклонения по ПАО Россети на 2023 год
421.3 421.3
45 574.9 45 574.9
9 547.5 9 547.5
4 889.3 4 889.3
2 337.4 2 337.4
-1 682.6 -1 682.6
2 919.4 2 919.4
7 110.2 7 110.2
19 840.8 19 840.8
7 289.5 7 289.5
23 664.8 23 664.8
31 028.3 31 028.3
⬤ Отклонение, млн. руб.
Интер РАО (для ФСК)
Промышленные потребители
Транспорт
Нефтедобыча
Нефтепереработка
Нефтепроводы
Газопроводы
Сельское хозяйство и пищевая пр…
Непромышленные потребители
Государственные (муниципальные…
Население и приравненные групп…
Территориальные сетевые органи…
Динамика электропотребления, млрд. кВт.ч. по ПАО Россети на 2023 год
12 12
186 186
36 36
50 50
10 10
19 19
0 0
17 17
85 85
19 19
82 82
604 604
10 10
197 197
37 37
48 48
10 10
15 15
4 4
18 18
80 80
19 19
82 82
608 608
Факт прошлого года
Ожидаемое (прогноз по конца года)
Интер РАО (дляФСК)
Промышленныепотребители
Транспорт
Нефтедобыча
Нефтепереработка
Нефтепроводы
Газопроводы
Сельскоехозяйство ипищеваяпромышленность
Непромышленныепотребители
Государственные(муниципальные)организации ипрочиебюджетныепотребители
Население иприравненныегруппыпотребителей
Территориальныесетевыеорганизации
Выручка по ПАО Россети на 2023 год
5 5
285 285
72 72
72 72
18 18
22 22
0 0
50 50
201 201
61 61
190 190
227 227
6 6
331 331
82 82
77 77
20 20
20 20
3 3
57 57
220 220
68 68
214 214
258 258
Факт прошлого года
Ожидаемое (прогноз по конца года)
Интер РАО (дляФСК)
Промышленныепотребители
Транспорт
Нефтедобыча
Нефтепереработка
Нефтепроводы
Газопроводы
Сельскоехозяйство ипищеваяпромышленность
Непромышленныепотребители
Государственные(муниципальные)организации ипрочиебюджетныепотребители
Население иприравненныегруппыпотребителей
Территориальныесетевыеорганизации
абс.
%
Прогноз на месяц 
Ноябрь
КПО/Отпуск из сети 
Отпуск из сети, млн. кВт.ч
Организация 
Все
Прогноз электропотребления и выручки за услуги по передаче в разрезе отраслей'

17-03-2025T06:30:53 - [MESSAGE][PASSED] - Text of object 'Object Repository/Прогноз по отраслям/Виджеты дашборда' is: 'Год 
2023 год
Сравнение с 
Факт прошлого года
Отклонения по ПАО Россети на 2023 год
-2 263.5 -2 263.5
11 054.6 11 054.6
1 280.2 1 280.2
-1 947.5 -1 947.5
90.9 90.9
-3 845.0 -3 845.0
4 162.1 4 162.1
651.7 651.7
-4 727.7 -4 727.7
256.5 256.5
-723.9 -723.9
4 292.3 4 292.3
⬤ Отклонение, млн. кВт.ч
Интер РАО (для ФСК)
Промышленные потребители
Транспорт
Нефтедобыча
Нефтепереработка
Нефтепроводы
Газопроводы
Сельское хозяйство и пищевая пр…
Непромышленные потребители
Государственные (муниципальные…
Население и приравненные групп…
Территориальные сетевые органи…
Выручка отклонения по ПАО Россети на 2023 год
421.3 421.3
45 574.9 45 574.9
9 547.5 9 547.5
4 889.3 4 889.3
2 337.4 2 337.4
-1 682.6 -1 682.6
2 919.4 2 919.4
7 110.2 7 110.2
19 840.8 19 840.8
7 289.5 7 289.5
23 664.8 23 664.8
31 028.3 31 028.3
⬤ Отклонение, млн. руб.
Интер РАО (для ФСК)
Промышленные потребители
Транспорт
Нефтедобыча
Нефтепереработка
Нефтепроводы
Газопроводы
Сельское хозяйство и пищевая пр…
Непромышленные потребители
Государственные (муниципальные…
Население и приравненные групп…
Территориальные сетевые органи…
Динамика электропотребления, млрд. кВт.ч. по ПАО Россети на 2023 год
12 12
186 186
36 36
50 50
10 10
19 19
0 0
17 17
85 85
19 19
82 82
604 604
10 10
197 197
37 37
48 48
10 10
15 15
4 4
18 18
80 80
19 19
82 82
608 608
Факт прошлого года
Ожидаемое (прогноз по конца года)
Интер РАО (дляФСК)
Промышленныепотребители
Транспорт
Нефтедобыча
Нефтепереработка
Нефтепроводы
Газопроводы
Сельскоехозяйство ипищеваяпромышленность
Непромышленныепотребители
Государственные(муниципальные)организации ипрочиебюджетныепотребители
Население иприравненныегруппыпотребителей
Территориальныесетевыеорганизации
Выручка по ПАО Россети на 2023 год
5 5
285 285
72 72
72 72
18 18
22 22
0 0
50 50
201 201
61 61
190 190
227 227
6 6
331 331
82 82
77 77
20 20
20 20
3 3
57 57
220 220
68 68
214 214
258 258
Факт прошлого года
Ожидаемое (прогноз по конца года)
Интер РАО (дляФСК)
Промышленныепотребители
Транспорт
Нефтедобыча
Нефтепереработка
Нефтепроводы
Газопроводы
Сельскоехозяйство ипищеваяпромышленность
Непромышленныепотребители
Государственные(муниципальные)организации ипрочиебюджетныепотребители
Население иприравненныегруппыпотребителей
Территориальныесетевыеорганизации
абс.
%
Прогноз на месяц 
Ноябрь
КПО/Отпуск из сети 
Отпуск из сети, млн. кВт.ч
Организация 
Все
Прогноз электропотребления и выручки за услуги по передаче в разрезе отраслей'

17-03-2025T06:30:53 - [TEST_STEP][PASSED] - a7 = a7.replaceAll("[^0-9]", ""): null

17-03-2025T06:30:53 - [TEST_STEP][PASSED] - println("a7:" + a7): null

17-03-2025T06:30:53 - [TEST_STEP][PASSED] - click(findTestObject("Прогноз по отраслям/Фильтр Сравнение с")): Object: 'Object Repository/Прогноз по отраслям/Фильтр Сравнение с' is clicked on

17-03-2025T06:30:53 - [MESSAGE][PASSED] - Object: 'Object Repository/Прогноз по отраслям/Фильтр Сравнение с' is clicked on

17-03-2025T06:30:53 - [TEST_STEP][PASSED] - click(findTestObject("Прогноз по отраслям/План")): Object: 'Object Repository/Прогноз по отраслям/План' is clicked on

17-03-2025T06:30:54 - [MESSAGE][PASSED] - Object: 'Object Repository/Прогноз по отраслям/План' is clicked on

17-03-2025T06:30:54 - [TEST_STEP][PASSED] - delay(40): Delayed 40 second(s)

17-03-2025T06:31:34 - [MESSAGE][PASSED] - Delayed 40 second(s)

17-03-2025T06:31:34 - [TEST_STEP][PASSED] - a8 = getText(findTestObject("Прогноз по отраслям/Виджеты дашборда")): Text of object 'Object Repository/Прогноз по отраслям/Виджеты дашборда' is: 'Год 
2023 год
Сравнение с 
План
Отклонения по ПАО Россети на 2023 год
-492.2 -492.2
7 165.1 7 165.1
689.3 689.3
33 271.7 33 271.7
986.4 986.4
593.8 593.8
764.0 764.0
670.4 670.4
-592.4 -592.4
308.8 308.8
-940.9 -940.9
19 604.1 19 604.1
⬤ Отклонение, млн. кВт.ч
Интер РАО (для ФСК)
Промышленные потребители
Транспорт
Нефтедобыча
Нефтепереработка
Нефтепроводы
Газопроводы
Сельское хозяйство и пищевая пр…
Непромышленные потребители
Государственные (муниципальные…
Население и приравненные групп…
Территориальные сетевые органи…
Выручка отклонения по ПАО Россети на 2023 год
794.9 794.9
12 195.0 12 195.0
972.7 972.7
61 803.9 61 803.9
4 222.3 4 222.3
-121.8 -121.8
666.2 666.2
873.2 873.2
5 809.6 5 809.6
1 342.6 1 342.6
-4 463.2 -4 463.2
18 375.5 18 375.5
⬤ Отклонение, млн. руб.
Интер РАО (для ФСК)
Промышленные потребители
Транспорт
Нефтедобыча
Нефтепереработка
Нефтепроводы
Газопроводы
Сельское хозяйство и пищевая пр…
Непромышленные потребители
Государственные (муниципальные…
Население и приравненные групп…
Территориальные сетевые органи…
Динамика электропотребления, млрд. кВт.ч. по ПАО Россети на 2023 год
10 10
190 190
36 36
14 14
9 9
14 14
4 4
17 17
80 80
19 19
82 82
588 588
10 10
197 197
37 37
48 48
10 10
15 15
4 4
18 18
80 80
19 19
82 82
608 608
План
Ожидаемое (прогноз по конца года)
Интер РАО (дляФСК)
Промышленныепотребители
Транспорт
Нефтедобыча
Нефтепереработка
Нефтепроводы
Газопроводы
Сельскоехозяйство ипищеваяпромышленность
Непромышленныепотребители
Государственные(муниципальные)организации ипрочиебюджетныепотребители
Население иприравненныегруппыпотребителей
Территориальныесетевыеорганизации
Выручка по ПАО Россети на 2023 год
5 5
319 319
81 81
16 16
16 16
20 20
2 2
56 56
215 215
67 67
218 218
239 239
6 6
331 331
82 82
77 77
20 20
20 20
3 3
57 57
220 220
68 68
214 214
258 258
План
Ожидаемое (прогноз по конца года)
Интер РАО (дляФСК)
Промышленныепотребители
Транспорт
Нефтедобыча
Нефтепереработка
Нефтепроводы
Газопроводы
Сельскоехозяйство ипищеваяпромышленность
Непромышленныепотребители
Государственные(муниципальные)организации ипрочиебюджетныепотребители
Население иприравненныегруппыпотребителей
Территориальныесетевыеорганизации
абс.
%
Прогноз на месяц 
Ноябрь
КПО/Отпуск из сети 
Отпуск из сети, млн. кВт.ч
Организация 
Все
Прогноз электропотребления и выручки за услуги по передаче в разрезе отраслей'

17-03-2025T06:31:35 - [MESSAGE][PASSED] - Text of object 'Object Repository/Прогноз по отраслям/Виджеты дашборда' is: 'Год 
2023 год
Сравнение с 
План
Отклонения по ПАО Россети на 2023 год
-492.2 -492.2
7 165.1 7 165.1
689.3 689.3
33 271.7 33 271.7
986.4 986.4
593.8 593.8
764.0 764.0
670.4 670.4
-592.4 -592.4
308.8 308.8
-940.9 -940.9
19 604.1 19 604.1
⬤ Отклонение, млн. кВт.ч
Интер РАО (для ФСК)
Промышленные потребители
Транспорт
Нефтедобыча
Нефтепереработка
Нефтепроводы
Газопроводы
Сельское хозяйство и пищевая пр…
Непромышленные потребители
Государственные (муниципальные…
Население и приравненные групп…
Территориальные сетевые органи…
Выручка отклонения по ПАО Россети на 2023 год
794.9 794.9
12 195.0 12 195.0
972.7 972.7
61 803.9 61 803.9
4 222.3 4 222.3
-121.8 -121.8
666.2 666.2
873.2 873.2
5 809.6 5 809.6
1 342.6 1 342.6
-4 463.2 -4 463.2
18 375.5 18 375.5
⬤ Отклонение, млн. руб.
Интер РАО (для ФСК)
Промышленные потребители
Транспорт
Нефтедобыча
Нефтепереработка
Нефтепроводы
Газопроводы
Сельское хозяйство и пищевая пр…
Непромышленные потребители
Государственные (муниципальные…
Население и приравненные групп…
Территориальные сетевые органи…
Динамика электропотребления, млрд. кВт.ч. по ПАО Россети на 2023 год
10 10
190 190
36 36
14 14
9 9
14 14
4 4
17 17
80 80
19 19
82 82
588 588
10 10
197 197
37 37
48 48
10 10
15 15
4 4
18 18
80 80
19 19
82 82
608 608
План
Ожидаемое (прогноз по конца года)
Интер РАО (дляФСК)
Промышленныепотребители
Транспорт
Нефтедобыча
Нефтепереработка
Нефтепроводы
Газопроводы
Сельскоехозяйство ипищеваяпромышленность
Непромышленныепотребители
Государственные(муниципальные)организации ипрочиебюджетныепотребители
Население иприравненныегруппыпотребителей
Территориальныесетевыеорганизации
Выручка по ПАО Россети на 2023 год
5 5
319 319
81 81
16 16
16 16
20 20
2 2
56 56
215 215
67 67
218 218
239 239
6 6
331 331
82 82
77 77
20 20
20 20
3 3
57 57
220 220
68 68
214 214
258 258
План
Ожидаемое (прогноз по конца года)
Интер РАО (дляФСК)
Промышленныепотребители
Транспорт
Нефтедобыча
Нефтепереработка
Нефтепроводы
Газопроводы
Сельскоехозяйство ипищеваяпромышленность
Непромышленныепотребители
Государственные(муниципальные)организации ипрочиебюджетныепотребители
Население иприравненныегруппыпотребителей
Территориальныесетевыеорганизации
абс.
%
Прогноз на месяц 
Ноябрь
КПО/Отпуск из сети 
Отпуск из сети, млн. кВт.ч
Организация 
Все
Прогноз электропотребления и выручки за услуги по передаче в разрезе отраслей'

17-03-2025T06:31:35 - [TEST_STEP][PASSED] - a8 = a8.replaceAll("[^0-9]", ""): null

17-03-2025T06:31:35 - [TEST_STEP][PASSED] - println("a8:" + a8): null

17-03-2025T06:31:35 - [TEST_STEP][PASSED] - click(findTestObject("Прогноз по отраслям/Фильтр Сравнение с")): Object: 'Object Repository/Прогноз по отраслям/Фильтр Сравнение с' is clicked on

17-03-2025T06:31:35 - [MESSAGE][PASSED] - Object: 'Object Repository/Прогноз по отраслям/Фильтр Сравнение с' is clicked on

17-03-2025T06:31:35 - [TEST_STEP][PASSED] - click(findTestObject("Прогноз по отраслям/План СУ")): Object: 'Object Repository/Прогноз по отраслям/План СУ' is clicked on

17-03-2025T06:31:36 - [MESSAGE][PASSED] - Object: 'Object Repository/Прогноз по отраслям/План СУ' is clicked on

17-03-2025T06:31:36 - [TEST_STEP][PASSED] - delay(40): Delayed 40 second(s)

17-03-2025T06:32:16 - [MESSAGE][PASSED] - Delayed 40 second(s)

17-03-2025T06:32:16 - [TEST_STEP][PASSED] - a9 = getText(findTestObject("Прогноз по отраслям/Виджеты дашборда")): Text of object 'Object Repository/Прогноз по отраслям/Виджеты дашборда' is: 'Год 
2023 год
Сравнение с 
План/СУ
Отклонения по ПАО Россети на 2023 год
243.5 243.5
16 024.4 16 024.4
1 255.1 1 255.1
32 869.9 32 869.9
1 135.7 1 135.7
950.0 950.0
511.1 511.1
1 324.2 1 324.2
-5 962.8 -5 962.8
433.5 433.5
2 431.5 2 431.5
22 321.4 22 321.4
⬤ Отклонение, млн. кВт.ч
Интер РАО (для ФСК)
Промышленные потребители
Транспорт
Нефтедобыча
Нефтепереработка
Нефтепроводы
Газопроводы
Сельское хозяйство и пищевая пр…
Непромышленные потребители
Государственные (муниципальные…
Население и приравненные групп…
Территориальные сетевые органи…
Выручка отклонения по ПАО Россети на 2023 год
⬤ Отклонение, млн. руб.
Интер РАО (для ФСК)
Промышленные потребители
Транспорт
Нефтедобыча
Нефтепереработка
Нефтепроводы
Газопроводы
Сельское хозяйство и пищевая пр…
Непромышленные потребители
Государственные (муниципальные…
Население и приравненные групп…
Территориальные сетевые органи…
Динамика электропотребления, млрд. кВт.ч. по ПАО Россети на 2023 год
10 10
181 181
36 36
15 15
9 9
14 14
4 4
16 16
86 86
19 19
79 79
586 586
10 10
197 197
37 37
48 48
10 10
15 15
4 4
18 18
80 80
19 19
82 82
608 608
СУ
Ожидаемое (прогноз по конца года)
Интер РАО (дляФСК)
Промышленныепотребители
Транспорт
Нефтедобыча
Нефтепереработка
Нефтепроводы
Газопроводы
Сельскоехозяйство ипищеваяпромышленность
Непромышленныепотребители
Государственные(муниципальные)организации ипрочиебюджетныепотребители
Население иприравненныегруппыпотребителей
Территориальныесетевыеорганизации
Выручка по ПАО Россети на 2023 год
6 6
331 331
82 82
77 77
20 20
20 20
3 3
57 57
220 220
68 68
214 214
258 258
Ожидаемое (прогноз по конца года)
Интер РАО (дляФСК)
Промышленныепотребители
Транспорт
Нефтедобыча
Нефтепереработка
Нефтепроводы
Газопроводы
Сельскоехозяйство ипищеваяпромышленность
Непромышленныепотребители
Государственные(муниципальные)организации ипрочиебюджетныепотребители
Население иприравненныегруппыпотребителей
Территориальныесетевыеорганизации
абс.
%
Прогноз на месяц 
Ноябрь
КПО/Отпуск из сети 
Отпуск из сети, млн. кВт.ч
Организация 
Все
Прогноз электропотребления и выручки за услуги по передаче в разрезе отраслей'

17-03-2025T06:32:16 - [MESSAGE][PASSED] - Text of object 'Object Repository/Прогноз по отраслям/Виджеты дашборда' is: 'Год 
2023 год
Сравнение с 
План/СУ
Отклонения по ПАО Россети на 2023 год
243.5 243.5
16 024.4 16 024.4
1 255.1 1 255.1
32 869.9 32 869.9
1 135.7 1 135.7
950.0 950.0
511.1 511.1
1 324.2 1 324.2
-5 962.8 -5 962.8
433.5 433.5
2 431.5 2 431.5
22 321.4 22 321.4
⬤ Отклонение, млн. кВт.ч
Интер РАО (для ФСК)
Промышленные потребители
Транспорт
Нефтедобыча
Нефтепереработка
Нефтепроводы
Газопроводы
Сельское хозяйство и пищевая пр…
Непромышленные потребители
Государственные (муниципальные…
Население и приравненные групп…
Территориальные сетевые органи…
Выручка отклонения по ПАО Россети на 2023 год
⬤ Отклонение, млн. руб.
Интер РАО (для ФСК)
Промышленные потребители
Транспорт
Нефтедобыча
Нефтепереработка
Нефтепроводы
Газопроводы
Сельское хозяйство и пищевая пр…
Непромышленные потребители
Государственные (муниципальные…
Население и приравненные групп…
Территориальные сетевые органи…
Динамика электропотребления, млрд. кВт.ч. по ПАО Россети на 2023 год
10 10
181 181
36 36
15 15
9 9
14 14
4 4
16 16
86 86
19 19
79 79
586 586
10 10
197 197
37 37
48 48
10 10
15 15
4 4
18 18
80 80
19 19
82 82
608 608
СУ
Ожидаемое (прогноз по конца года)
Интер РАО (дляФСК)
Промышленныепотребители
Транспорт
Нефтедобыча
Нефтепереработка
Нефтепроводы
Газопроводы
Сельскоехозяйство ипищеваяпромышленность
Непромышленныепотребители
Государственные(муниципальные)организации ипрочиебюджетныепотребители
Население иприравненныегруппыпотребителей
Территориальныесетевыеорганизации
Выручка по ПАО Россети на 2023 год
6 6
331 331
82 82
77 77
20 20
20 20
3 3
57 57
220 220
68 68
214 214
258 258
Ожидаемое (прогноз по конца года)
Интер РАО (дляФСК)
Промышленныепотребители
Транспорт
Нефтедобыча
Нефтепереработка
Нефтепроводы
Газопроводы
Сельскоехозяйство ипищеваяпромышленность
Непромышленныепотребители
Государственные(муниципальные)организации ипрочиебюджетныепотребители
Население иприравненныегруппыпотребителей
Территориальныесетевыеорганизации
абс.
%
Прогноз на месяц 
Ноябрь
КПО/Отпуск из сети 
Отпуск из сети, млн. кВт.ч
Организация 
Все
Прогноз электропотребления и выручки за услуги по передаче в разрезе отраслей'

17-03-2025T06:32:16 - [TEST_STEP][PASSED] - a9 = a9.replaceAll("[^0-9]", ""): null

17-03-2025T06:32:16 - [TEST_STEP][PASSED] - println("a9:" + a9): null

17-03-2025T06:32:16 - [TEST_STEP][PASSED] - click(findTestObject("Прогноз по отраслям/Фильтр Сравнение с")): Object: 'Object Repository/Прогноз по отраслям/Фильтр Сравнение с' is clicked on

17-03-2025T06:32:17 - [MESSAGE][PASSED] - Object: 'Object Repository/Прогноз по отраслям/Фильтр Сравнение с' is clicked on

17-03-2025T06:32:17 - [TEST_STEP][PASSED] - click(findTestObject("Прогноз по отраслям/Факт прошлого года")): Object: 'Object Repository/Прогноз по отраслям/Факт прошлого года' is clicked on

17-03-2025T06:32:17 - [MESSAGE][PASSED] - Object: 'Object Repository/Прогноз по отраслям/Факт прошлого года' is clicked on

17-03-2025T06:32:17 - [TEST_STEP][PASSED] - click(findTestObject("Прогноз по отраслям/Фильтр КПО-Отпуск")): Object: 'Object Repository/Прогноз по отраслям/Фильтр КПО-Отпуск' is clicked on

17-03-2025T06:32:18 - [MESSAGE][PASSED] - Object: 'Object Repository/Прогноз по отраслям/Фильтр КПО-Отпуск' is clicked on

17-03-2025T06:32:18 - [TEST_STEP][PASSED] - click(findTestObject("Прогноз по отраслям/КПО")): Object: 'Object Repository/Прогноз по отраслям/КПО' is clicked on

17-03-2025T06:32:19 - [MESSAGE][PASSED] - Object: 'Object Repository/Прогноз по отраслям/КПО' is clicked on

17-03-2025T06:32:19 - [TEST_STEP][PASSED] - delay(40): Delayed 40 second(s)

17-03-2025T06:32:59 - [MESSAGE][PASSED] - Delayed 40 second(s)

17-03-2025T06:32:59 - [TEST_STEP][PASSED] - a10 = getText(findTestObject("Прогноз по отраслям/Виджеты дашборда")): Text of object 'Object Repository/Прогноз по отраслям/Виджеты дашборда' is: 'Год 
2023 год
Сравнение с 
Факт прошлого года
Отклонения по ПАО Россети на 2023 год
0.0 0.0
646.5 646.5
341.1 341.1
-2 455.6 -2 455.6
245.6 245.6
-1 796.0 -1 796.0
676.2 676.2
452.4 452.4
1 386.2 1 386.2
527.5 527.5
-1 130.4 -1 130.4
-128.7 -128.7
⬤ Отклонение, млн. кВт.ч
Интер РАО (для ФСК)
Промышленные потребители
Транспорт
Нефтедобыча
Нефтепереработка
Нефтепроводы
Газопроводы
Сельское хозяйство и пищевая пр…
Непромышленные потребители
Государственные (муниципальные…
Население и приравненные групп…
Территориальные сетевые органи…
Выручка отклонения по ПАО Россети на 2023 год
421.3 421.3
45 574.9 45 574.9
9 547.5 9 547.5
4 889.3 4 889.3
2 337.4 2 337.4
-1 682.6 -1 682.6
2 919.4 2 919.4
7 110.2 7 110.2
19 840.8 19 840.8
7 289.5 7 289.5
23 664.8 23 664.8
31 028.3 31 028.3
⬤ Отклонение, млн. руб.
Интер РАО (для ФСК)
Промышленные потребители
Транспорт
Нефтедобыча
Нефтепереработка
Нефтепроводы
Газопроводы
Сельское хозяйство и пищевая пр…
Непромышленные потребители
Государственные (муниципальные…
Население и приравненные групп…
Территориальные сетевые органи…
Динамика электропотребления, млрд. кВт.ч. по ПАО Россети на 2023 год
0 0
120 120
38 38
41 41
8 8
10 10
0 0
19 19
77 77
25 25
122 122
61 61
0 0
120 120
39 39
39 39
8 8
8 8
1 1
20 20
78 78
26 26
121 121
60 60
Факт прошлого года
Ожидаемое (прогноз по конца года)
Интер РАО (дляФСК)
Промышленныепотребители
Транспорт
Нефтедобыча
Нефтепереработка
Нефтепроводы
Газопроводы
Сельскоехозяйство ипищеваяпромышленность
Непромышленныепотребители
Государственные(муниципальные)организации ипрочиебюджетныепотребители
Население иприравненныегруппыпотребителей
Территориальныесетевыеорганизации
Выручка по ПАО Россети на 2023 год
5 5
285 285
72 72
72 72
18 18
22 22
0 0
50 50
201 201
61 61
190 190
227 227
6 6
331 331
82 82
77 77
20 20
20 20
3 3
57 57
220 220
68 68
214 214
258 258
Факт прошлого года
Ожидаемое (прогноз по конца года)
Интер РАО (дляФСК)
Промышленныепотребители
Транспорт
Нефтедобыча
Нефтепереработка
Нефтепроводы
Газопроводы
Сельскоехозяйство ипищеваяпромышленность
Непромышленныепотребители
Государственные(муниципальные)организации ипрочиебюджетныепотребители
Население иприравненныегруппыпотребителей
Территориальныесетевыеорганизации
абс.
%
Прогноз на месяц 
Ноябрь
КПО/Отпуск из сети 
Котловой полезный отпуск, млн. кВт.ч
Организация 
Все
Прогноз электропотребления и выручки за услуги по передаче в разрезе отраслей'

17-03-2025T06:33:00 - [MESSAGE][PASSED] - Text of object 'Object Repository/Прогноз по отраслям/Виджеты дашборда' is: 'Год 
2023 год
Сравнение с 
Факт прошлого года
Отклонения по ПАО Россети на 2023 год
0.0 0.0
646.5 646.5
341.1 341.1
-2 455.6 -2 455.6
245.6 245.6
-1 796.0 -1 796.0
676.2 676.2
452.4 452.4
1 386.2 1 386.2
527.5 527.5
-1 130.4 -1 130.4
-128.7 -128.7
⬤ Отклонение, млн. кВт.ч
Интер РАО (для ФСК)
Промышленные потребители
Транспорт
Нефтедобыча
Нефтепереработка
Нефтепроводы
Газопроводы
Сельское хозяйство и пищевая пр…
Непромышленные потребители
Государственные (муниципальные…
Население и приравненные групп…
Территориальные сетевые органи…
Выручка отклонения по ПАО Россети на 2023 год
421.3 421.3
45 574.9 45 574.9
9 547.5 9 547.5
4 889.3 4 889.3
2 337.4 2 337.4
-1 682.6 -1 682.6
2 919.4 2 919.4
7 110.2 7 110.2
19 840.8 19 840.8
7 289.5 7 289.5
23 664.8 23 664.8
31 028.3 31 028.3
⬤ Отклонение, млн. руб.
Интер РАО (для ФСК)
Промышленные потребители
Транспорт
Нефтедобыча
Нефтепереработка
Нефтепроводы
Газопроводы
Сельское хозяйство и пищевая пр…
Непромышленные потребители
Государственные (муниципальные…
Население и приравненные групп…
Территориальные сетевые органи…
Динамика электропотребления, млрд. кВт.ч. по ПАО Россети на 2023 год
0 0
120 120
38 38
41 41
8 8
10 10
0 0
19 19
77 77
25 25
122 122
61 61
0 0
120 120
39 39
39 39
8 8
8 8
1 1
20 20
78 78
26 26
121 121
60 60
Факт прошлого года
Ожидаемое (прогноз по конца года)
Интер РАО (дляФСК)
Промышленныепотребители
Транспорт
Нефтедобыча
Нефтепереработка
Нефтепроводы
Газопроводы
Сельскоехозяйство ипищеваяпромышленность
Непромышленныепотребители
Государственные(муниципальные)организации ипрочиебюджетныепотребители
Население иприравненныегруппыпотребителей
Территориальныесетевыеорганизации
Выручка по ПАО Россети на 2023 год
5 5
285 285
72 72
72 72
18 18
22 22
0 0
50 50
201 201
61 61
190 190
227 227
6 6
331 331
82 82
77 77
20 20
20 20
3 3
57 57
220 220
68 68
214 214
258 258
Факт прошлого года
Ожидаемое (прогноз по конца года)
Интер РАО (дляФСК)
Промышленныепотребители
Транспорт
Нефтедобыча
Нефтепереработка
Нефтепроводы
Газопроводы
Сельскоехозяйство ипищеваяпромышленность
Непромышленныепотребители
Государственные(муниципальные)организации ипрочиебюджетныепотребители
Население иприравненныегруппыпотребителей
Территориальныесетевыеорганизации
абс.
%
Прогноз на месяц 
Ноябрь
КПО/Отпуск из сети 
Котловой полезный отпуск, млн. кВт.ч
Организация 
Все
Прогноз электропотребления и выручки за услуги по передаче в разрезе отраслей'

17-03-2025T06:33:00 - [TEST_STEP][PASSED] - a10 = a10.replaceAll("[^0-9]", ""): null

17-03-2025T06:33:00 - [TEST_STEP][PASSED] - println("a10:" + a10): null

17-03-2025T06:33:00 - [TEST_STEP][PASSED] - click(findTestObject("Прогноз по отраслям/Фильтр Сравнение с")): Object: 'Object Repository/Прогноз по отраслям/Фильтр Сравнение с' is clicked on

17-03-2025T06:33:00 - [MESSAGE][PASSED] - Object: 'Object Repository/Прогноз по отраслям/Фильтр Сравнение с' is clicked on

17-03-2025T06:33:00 - [TEST_STEP][PASSED] - click(findTestObject("Прогноз по отраслям/План")): Object: 'Object Repository/Прогноз по отраслям/План' is clicked on

17-03-2025T06:33:01 - [MESSAGE][PASSED] - Object: 'Object Repository/Прогноз по отраслям/План' is clicked on

17-03-2025T06:33:01 - [TEST_STEP][PASSED] - delay(40): Delayed 40 second(s)

17-03-2025T06:33:41 - [MESSAGE][PASSED] - Delayed 40 second(s)

17-03-2025T06:33:41 - [TEST_STEP][PASSED] - a11 = getText(findTestObject("Прогноз по отраслям/Виджеты дашборда")): Text of object 'Object Repository/Прогноз по отраслям/Виджеты дашборда' is: 'Год 
2023 год
Сравнение с 
План
Отклонения по ПАО Россети на 2023 год
0.0 0.0
1 471.7 1 471.7
1 186.5 1 186.5
32 445.2 32 445.2
1 268.3 1 268.3
349.4 349.4
84.3 84.3
239.8 239.8
2 969.4 2 969.4
589.2 589.2
-1 798.4 -1 798.4
5 359.3 5 359.3
⬤ Отклонение, млн. кВт.ч
Интер РАО (для ФСК)
Промышленные потребители
Транспорт
Нефтедобыча
Нефтепереработка
Нефтепроводы
Газопроводы
Сельское хозяйство и пищевая пр…
Непромышленные потребители
Государственные (муниципальные…
Население и приравненные групп…
Территориальные сетевые органи…
Выручка отклонения по ПАО Россети на 2023 год
794.9 794.9
12 195.0 12 195.0
972.7 972.7
61 803.9 61 803.9
4 222.3 4 222.3
-121.8 -121.8
666.2 666.2
873.2 873.2
5 809.6 5 809.6
1 342.6 1 342.6
-4 463.2 -4 463.2
18 375.5 18 375.5
⬤ Отклонение, млн. руб.
Интер РАО (для ФСК)
Промышленные потребители
Транспорт
Нефтедобыча
Нефтепереработка
Нефтепроводы
Газопроводы
Сельское хозяйство и пищевая пр…
Непромышленные потребители
Государственные (муниципальные…
Население и приравненные групп…
Территориальные сетевые органи…
Динамика электропотребления, млрд. кВт.ч. по ПАО Россети на 2023 год
0 0
119 119
37 37
7 7
7 7
8 8
1 1
19 19
75 75
25 25
123 123
55 55
0 0
120 120
39 39
39 39
8 8
8 8
1 1
20 20
78 78
26 26
121 121
60 60
План
Ожидаемое (прогноз по конца года)
Интер РАО (дляФСК)
Промышленныепотребители
Транспорт
Нефтедобыча
Нефтепереработка
Нефтепроводы
Газопроводы
Сельскоехозяйство ипищеваяпромышленность
Непромышленныепотребители
Государственные(муниципальные)организации ипрочиебюджетныепотребители
Население иприравненныегруппыпотребителей
Территориальныесетевыеорганизации
Выручка по ПАО Россети на 2023 год
5 5
319 319
81 81
16 16
16 16
20 20
2 2
56 56
215 215
67 67
218 218
239 239
6 6
331 331
82 82
77 77
20 20
20 20
3 3
57 57
220 220
68 68
214 214
258 258
План
Ожидаемое (прогноз по конца года)
Интер РАО (дляФСК)
Промышленныепотребители
Транспорт
Нефтедобыча
Нефтепереработка
Нефтепроводы
Газопроводы
Сельскоехозяйство ипищеваяпромышленность
Непромышленныепотребители
Государственные(муниципальные)организации ипрочиебюджетныепотребители
Население иприравненныегруппыпотребителей
Территориальныесетевыеорганизации
абс.
%
Прогноз на месяц 
Ноябрь
КПО/Отпуск из сети 
Котловой полезный отпуск, млн. кВт.ч
Организация 
Все
Прогноз электропотребления и выручки за услуги по передаче в разрезе отраслей'

17-03-2025T06:33:42 - [MESSAGE][PASSED] - Text of object 'Object Repository/Прогноз по отраслям/Виджеты дашборда' is: 'Год 
2023 год
Сравнение с 
План
Отклонения по ПАО Россети на 2023 год
0.0 0.0
1 471.7 1 471.7
1 186.5 1 186.5
32 445.2 32 445.2
1 268.3 1 268.3
349.4 349.4
84.3 84.3
239.8 239.8
2 969.4 2 969.4
589.2 589.2
-1 798.4 -1 798.4
5 359.3 5 359.3
⬤ Отклонение, млн. кВт.ч
Интер РАО (для ФСК)
Промышленные потребители
Транспорт
Нефтедобыча
Нефтепереработка
Нефтепроводы
Газопроводы
Сельское хозяйство и пищевая пр…
Непромышленные потребители
Государственные (муниципальные…
Население и приравненные групп…
Территориальные сетевые органи…
Выручка отклонения по ПАО Россети на 2023 год
794.9 794.9
12 195.0 12 195.0
972.7 972.7
61 803.9 61 803.9
4 222.3 4 222.3
-121.8 -121.8
666.2 666.2
873.2 873.2
5 809.6 5 809.6
1 342.6 1 342.6
-4 463.2 -4 463.2
18 375.5 18 375.5
⬤ Отклонение, млн. руб.
Интер РАО (для ФСК)
Промышленные потребители
Транспорт
Нефтедобыча
Нефтепереработка
Нефтепроводы
Газопроводы
Сельское хозяйство и пищевая пр…
Непромышленные потребители
Государственные (муниципальные…
Население и приравненные групп…
Территориальные сетевые органи…
Динамика электропотребления, млрд. кВт.ч. по ПАО Россети на 2023 год
0 0
119 119
37 37
7 7
7 7
8 8
1 1
19 19
75 75
25 25
123 123
55 55
0 0
120 120
39 39
39 39
8 8
8 8
1 1
20 20
78 78
26 26
121 121
60 60
План
Ожидаемое (прогноз по конца года)
Интер РАО (дляФСК)
Промышленныепотребители
Транспорт
Нефтедобыча
Нефтепереработка
Нефтепроводы
Газопроводы
Сельскоехозяйство ипищеваяпромышленность
Непромышленныепотребители
Государственные(муниципальные)организации ипрочиебюджетныепотребители
Население иприравненныегруппыпотребителей
Территориальныесетевыеорганизации
Выручка по ПАО Россети на 2023 год
5 5
319 319
81 81
16 16
16 16
20 20
2 2
56 56
215 215
67 67
218 218
239 239
6 6
331 331
82 82
77 77
20 20
20 20
3 3
57 57
220 220
68 68
214 214
258 258
План
Ожидаемое (прогноз по конца года)
Интер РАО (дляФСК)
Промышленныепотребители
Транспорт
Нефтедобыча
Нефтепереработка
Нефтепроводы
Газопроводы
Сельскоехозяйство ипищеваяпромышленность
Непромышленныепотребители
Государственные(муниципальные)организации ипрочиебюджетныепотребители
Население иприравненныегруппыпотребителей
Территориальныесетевыеорганизации
абс.
%
Прогноз на месяц 
Ноябрь
КПО/Отпуск из сети 
Котловой полезный отпуск, млн. кВт.ч
Организация 
Все
Прогноз электропотребления и выручки за услуги по передаче в разрезе отраслей'

17-03-2025T06:33:42 - [TEST_STEP][PASSED] - println("a11:" + a11): null

17-03-2025T06:33:42 - [TEST_STEP][PASSED] - a11 = a11.replaceAll("[^0-9]", ""): null

17-03-2025T06:33:42 - [TEST_STEP][PASSED] - println("a11:" + a11): null

17-03-2025T06:33:42 - [TEST_STEP][PASSED] - click(findTestObject("Прогноз по отраслям/Фильтр Сравнение с")): Object: 'Object Repository/Прогноз по отраслям/Фильтр Сравнение с' is clicked on

17-03-2025T06:33:42 - [MESSAGE][PASSED] - Object: 'Object Repository/Прогноз по отраслям/Фильтр Сравнение с' is clicked on

17-03-2025T06:33:42 - [TEST_STEP][PASSED] - click(findTestObject("Прогноз по отраслям/План СУ")): Object: 'Object Repository/Прогноз по отраслям/План СУ' is clicked on

17-03-2025T06:33:43 - [MESSAGE][PASSED] - Object: 'Object Repository/Прогноз по отраслям/План СУ' is clicked on

17-03-2025T06:33:43 - [TEST_STEP][PASSED] - delay(40): Delayed 40 second(s)

17-03-2025T06:34:23 - [MESSAGE][PASSED] - Delayed 40 second(s)

17-03-2025T06:34:23 - [TEST_STEP][PASSED] - a12 = getText(findTestObject("Прогноз по отраслям/Виджеты дашборда")): Text of object 'Object Repository/Прогноз по отраслям/Виджеты дашборда' is: 'Год 
2023 год
Сравнение с 
План/СУ
Отклонения по ПАО Россети на 2023 год
0.0 0.0
120 322.6 120 322.6
38 655.4 38 655.4
39 037.8 39 037.8
8 291.7 8 291.7
8 259.5 8 259.5
793.1 793.1
19 706.6 19 706.6
78 310.2 78 310.2
25 579.5 25 579.5
121 219.7 121 219.7
60 414.9 60 414.9
⬤ Отклонение, млн. кВт.ч
Интер РАО (для ФСК)
Промышленные потребители
Транспорт
Нефтедобыча
Нефтепереработка
Нефтепроводы
Газопроводы
Сельское хозяйство и пищевая пр…
Непромышленные потребители
Государственные (муниципальные…
Население и приравненные групп…
Территориальные сетевые органи…
Выручка отклонения по ПАО Россети на 2023 год
⬤ Отклонение, млн. руб.
Интер РАО (для ФСК)
Промышленные потребители
Транспорт
Нефтедобыча
Нефтепереработка
Нефтепроводы
Газопроводы
Сельское хозяйство и пищевая пр…
Непромышленные потребители
Государственные (муниципальные…
Население и приравненные групп…
Территориальные сетевые органи…
Динамика электропотребления, млрд. кВт.ч. по ПАО Россети на 2023 год
0 0
0 0
0 0
0 0
0 0
0 0
0 0
0 0
0 0
0 0
0 0
0 0
0 0
120 120
39 39
39 39
8 8
8 8
1 1
20 20
78 78
26 26
121 121
60 60
СУ
Ожидаемое (прогноз по конца года)
Интер РАО (дляФСК)
Промышленныепотребители
Транспорт
Нефтедобыча
Нефтепереработка
Нефтепроводы
Газопроводы
Сельскоехозяйство ипищеваяпромышленность
Непромышленныепотребители
Государственные(муниципальные)организации ипрочиебюджетныепотребители
Население иприравненныегруппыпотребителей
Территориальныесетевыеорганизации
Выручка по ПАО Россети на 2023 год
6 6
331 331
82 82
77 77
20 20
20 20
3 3
57 57
220 220
68 68
214 214
258 258
Ожидаемое (прогноз по конца года)
Интер РАО (дляФСК)
Промышленныепотребители
Транспорт
Нефтедобыча
Нефтепереработка
Нефтепроводы
Газопроводы
Сельскоехозяйство ипищеваяпромышленность
Непромышленныепотребители
Государственные(муниципальные)организации ипрочиебюджетныепотребители
Население иприравненныегруппыпотребителей
Территориальныесетевыеорганизации
абс.
%
Прогноз на месяц 
Ноябрь
КПО/Отпуск из сети 
Котловой полезный отпуск, млн. кВт.ч
Организация 
Все
Прогноз электропотребления и выручки за услуги по передаче в разрезе отраслей'

17-03-2025T06:34:23 - [MESSAGE][PASSED] - Text of object 'Object Repository/Прогноз по отраслям/Виджеты дашборда' is: 'Год 
2023 год
Сравнение с 
План/СУ
Отклонения по ПАО Россети на 2023 год
0.0 0.0
120 322.6 120 322.6
38 655.4 38 655.4
39 037.8 39 037.8
8 291.7 8 291.7
8 259.5 8 259.5
793.1 793.1
19 706.6 19 706.6
78 310.2 78 310.2
25 579.5 25 579.5
121 219.7 121 219.7
60 414.9 60 414.9
⬤ Отклонение, млн. кВт.ч
Интер РАО (для ФСК)
Промышленные потребители
Транспорт
Нефтедобыча
Нефтепереработка
Нефтепроводы
Газопроводы
Сельское хозяйство и пищевая пр…
Непромышленные потребители
Государственные (муниципальные…
Население и приравненные групп…
Территориальные сетевые органи…
Выручка отклонения по ПАО Россети на 2023 год
⬤ Отклонение, млн. руб.
Интер РАО (для ФСК)
Промышленные потребители
Транспорт
Нефтедобыча
Нефтепереработка
Нефтепроводы
Газопроводы
Сельское хозяйство и пищевая пр…
Непромышленные потребители
Государственные (муниципальные…
Население и приравненные групп…
Территориальные сетевые органи…
Динамика электропотребления, млрд. кВт.ч. по ПАО Россети на 2023 год
0 0
0 0
0 0
0 0
0 0
0 0
0 0
0 0
0 0
0 0
0 0
0 0
0 0
120 120
39 39
39 39
8 8
8 8
1 1
20 20
78 78
26 26
121 121
60 60
СУ
Ожидаемое (прогноз по конца года)
Интер РАО (дляФСК)
Промышленныепотребители
Транспорт
Нефтедобыча
Нефтепереработка
Нефтепроводы
Газопроводы
Сельскоехозяйство ипищеваяпромышленность
Непромышленныепотребители
Государственные(муниципальные)организации ипрочиебюджетныепотребители
Население иприравненныегруппыпотребителей
Территориальныесетевыеорганизации
Выручка по ПАО Россети на 2023 год
6 6
331 331
82 82
77 77
20 20
20 20
3 3
57 57
220 220
68 68
214 214
258 258
Ожидаемое (прогноз по конца года)
Интер РАО (дляФСК)
Промышленныепотребители
Транспорт
Нефтедобыча
Нефтепереработка
Нефтепроводы
Газопроводы
Сельскоехозяйство ипищеваяпромышленность
Непромышленныепотребители
Государственные(муниципальные)организации ипрочиебюджетныепотребители
Население иприравненныегруппыпотребителей
Территориальныесетевыеорганизации
абс.
%
Прогноз на месяц 
Ноябрь
КПО/Отпуск из сети 
Котловой полезный отпуск, млн. кВт.ч
Организация 
Все
Прогноз электропотребления и выручки за услуги по передаче в разрезе отраслей'

17-03-2025T06:34:23 - [TEST_STEP][PASSED] - a12 = a12.replaceAll("[^0-9]", ""): null

17-03-2025T06:34:23 - [TEST_STEP][PASSED] - println("a12:" + a12): null

17-03-2025T06:34:23 - [TEST_STEP][PASSED] - navigateToUrl(findTestData("PlanFact").getValue(10, 12)): Navigate to 'https://bi.rosseti.digital/viewer?dashboardGuid=d218b6eb1b7845df8f1994d6a65c072b&sheetGuid=3059d1e0f28043ee8c80901707e9c246&fit=true' successfully

17-03-2025T06:34:24 - [MESSAGE][PASSED] - Navigate to 'https://bi.rosseti.digital/viewer?dashboardGuid=d218b6eb1b7845df8f1994d6a65c072b&sheetGuid=3059d1e0f28043ee8c80901707e9c246&fit=true' successfully

17-03-2025T06:34:24 - [TEST_STEP][PASSED] - delay(50): Delayed 50 second(s)

17-03-2025T06:35:14 - [MESSAGE][PASSED] - Delayed 50 second(s)

17-03-2025T06:35:14 - [TEST_STEP][PASSED] - click(findTestObject("Прогноз по отраслям/Фильтр месяц Стресс")): Object: 'Object Repository/Прогноз по отраслям/Фильтр месяц Стресс' is clicked on

17-03-2025T06:35:14 - [MESSAGE][PASSED] - Object: 'Object Repository/Прогноз по отраслям/Фильтр месяц Стресс' is clicked on

17-03-2025T06:35:14 - [TEST_STEP][PASSED] - scrollToElement(findTestObject("Прогноз по отраслям/Ноябрь Стресс"), 30): Scroll to object 'Object Repository/Прогноз по отраслям/Ноябрь Стресс' successfully

17-03-2025T06:35:15 - [MESSAGE][PASSED] - Scroll to object 'Object Repository/Прогноз по отраслям/Ноябрь Стресс' successfully

17-03-2025T06:35:15 - [TEST_STEP][PASSED] - click(findTestObject("Прогноз по отраслям/Ноябрь Стресс")): Object: 'Object Repository/Прогноз по отраслям/Ноябрь Стресс' is clicked on

17-03-2025T06:35:16 - [MESSAGE][PASSED] - Object: 'Object Repository/Прогноз по отраслям/Ноябрь Стресс' is clicked on

17-03-2025T06:35:16 - [TEST_STEP][PASSED] - scrollToElement(findTestObject("Прогноз по отраслям/Заголовок дашборда Стресс"), 30): Scroll to object 'Object Repository/Прогноз по отраслям/Заголовок дашборда Стресс' successfully

17-03-2025T06:35:17 - [MESSAGE][PASSED] - Scroll to object 'Object Repository/Прогноз по отраслям/Заголовок дашборда Стресс' successfully

17-03-2025T06:35:17 - [TEST_STEP][PASSED] - click(findTestObject("Прогноз по отраслям/Фильтр Сравнение с Стресс")): Object: 'Object Repository/Прогноз по отраслям/Фильтр Сравнение с Стресс' is clicked on

17-03-2025T06:35:17 - [MESSAGE][PASSED] - Object: 'Object Repository/Прогноз по отраслям/Фильтр Сравнение с Стресс' is clicked on

17-03-2025T06:35:17 - [TEST_STEP][PASSED] - click(findTestObject("Прогноз по отраслям/Факт прошлого года Стресс")): Object: 'Object Repository/Прогноз по отраслям/Факт прошлого года Стресс' is clicked on

17-03-2025T06:35:19 - [MESSAGE][PASSED] - Object: 'Object Repository/Прогноз по отраслям/Факт прошлого года Стресс' is clicked on

17-03-2025T06:35:19 - [TEST_STEP][PASSED] - click(findTestObject("Прогноз по отраслям/Фильтр КПО-Отпуск Стресс")): Object: 'Object Repository/Прогноз по отраслям/Фильтр КПО-Отпуск Стресс' is clicked on

17-03-2025T06:35:20 - [MESSAGE][PASSED] - Object: 'Object Repository/Прогноз по отраслям/Фильтр КПО-Отпуск Стресс' is clicked on

17-03-2025T06:35:20 - [TEST_STEP][PASSED] - click(findTestObject("Прогноз по отраслям/Отпуск Стресс")): Object: 'Object Repository/Прогноз по отраслям/Отпуск Стресс' is clicked on

17-03-2025T06:35:21 - [MESSAGE][PASSED] - Object: 'Object Repository/Прогноз по отраслям/Отпуск Стресс' is clicked on

17-03-2025T06:35:21 - [TEST_STEP][PASSED] - delay(40): Delayed 40 second(s)

17-03-2025T06:36:01 - [MESSAGE][PASSED] - Delayed 40 second(s)

17-03-2025T06:36:01 - [TEST_STEP][PASSED] - b1 = getText(findTestObject("Прогноз по отраслям/Виджеты дашборда")): Text of object 'Object Repository/Прогноз по отраслям/Виджеты дашборда' is: 'Год 
2023 год
Сравнение с 
Факт прошлого года
Динамика электропотребления, млрд. кВт.ч., по ПАО Россети на 2023 год
12 12
186 186
36 36
50 50
10 10
19 19
0 0
17 17
85 85
19 19
82 82
604 604
10 10
197 197
37 37
48 48
10 10
15 15
4 4
18 18
80 80
19 19
82 82
608 608
Факт прошлого года
Ожидаемое (прогноз до конца года)
Интер РАО(для ФСК)
Промышленныепотребители
Транспорт
Нефтедобыча
Нефтеперераб…
Нефтепроводы
Газопроводы
Сельское хозя…
Непромышлен…
Государственн…
Население иприравненныегруппыпотребителей
Территориальн…
Выручка, млрд. руб, по ПАО Россети на 2023 год
5 5
285 285
72 72
72 72
18 18
22 22
0 0
50 50
201 201
61 61
190 190
227 227
6 6
331 331
82 82
77 77
20 20
20 20
3 3
57 57
220 220
68 68
214 214
258 258
Факт прошлого года
Ожидаемое (прогноз до конца года)
Интер РАО(для ФСК)
Промышленныепотребители
Транспорт
Нефтедобыча
Нефтеперераб…
Нефтепроводы
Газопроводы
Сельское хозя…
Непромышлен…
Государственн…
Население иприравненныегруппыпотребителей
Территориальн…
Отклонения по ПАО Россети на 2023 год
-18.5% -18.5%
5.9% 5.9%
3.6% 3.6%
-3.9% -3.9%
0.9% 0.9%
-20.7% -20.7%
3 313.2% 3 313.2%
3.8% 3.8%
-5.6% -5.6%
1.3% 1.3%
-0.9% -0.9%
0.7% 0.7%
⬤ Отклонение, %
Интер РАО (для ФСК)
Промышленные потребители
Транспорт
Нефтедобыча
Нефтепереработка
Нефтепроводы
Газопроводы
Сельское хозяйство и пищевая про…
Непромышленные потребители
Государственные (муниципальные)…
Население и приравненные группы…
Территориальные сетевые организ…
Выручка отклонения по ПАО Россети на 2023 год
7.7% 7.7%
16.0% 16.0%
13.2% 13.2%
6.7% 6.7%
13.3% 13.3%
-7.7% -7.7%
1 331.5% 1 331.5%
14.2% 14.2%
9.9% 9.9%
12.0% 12.0%
12.4% 12.4%
13.7% 13.7%
⬤ Отклонение, %
Интер РАО (для ФСК)
Промышленные потребители
Транспорт
Нефтедобыча
Нефтепереработка
Нефтепроводы
Газопроводы
Сельское хозяйство и пищевая про…
Непромышленные потребители
Государственные (муниципальные)…
Население и приравненные группы…
Территориальные сетевые организ…
абс.
%
Прогноз на месяц 
Ноябрь
КПО/Отпуск из сети 
Отпуск из сети, млн. кВт.ч
Организация 
Все
Прогноз электропотребления и выручки за услуги по передаче в разрезе отраслей'

17-03-2025T06:36:02 - [MESSAGE][PASSED] - Text of object 'Object Repository/Прогноз по отраслям/Виджеты дашборда' is: 'Год 
2023 год
Сравнение с 
Факт прошлого года
Динамика электропотребления, млрд. кВт.ч., по ПАО Россети на 2023 год
12 12
186 186
36 36
50 50
10 10
19 19
0 0
17 17
85 85
19 19
82 82
604 604
10 10
197 197
37 37
48 48
10 10
15 15
4 4
18 18
80 80
19 19
82 82
608 608
Факт прошлого года
Ожидаемое (прогноз до конца года)
Интер РАО(для ФСК)
Промышленныепотребители
Транспорт
Нефтедобыча
Нефтеперераб…
Нефтепроводы
Газопроводы
Сельское хозя…
Непромышлен…
Государственн…
Население иприравненныегруппыпотребителей
Территориальн…
Выручка, млрд. руб, по ПАО Россети на 2023 год
5 5
285 285
72 72
72 72
18 18
22 22
0 0
50 50
201 201
61 61
190 190
227 227
6 6
331 331
82 82
77 77
20 20
20 20
3 3
57 57
220 220
68 68
214 214
258 258
Факт прошлого года
Ожидаемое (прогноз до конца года)
Интер РАО(для ФСК)
Промышленныепотребители
Транспорт
Нефтедобыча
Нефтеперераб…
Нефтепроводы
Газопроводы
Сельское хозя…
Непромышлен…
Государственн…
Население иприравненныегруппыпотребителей
Территориальн…
Отклонения по ПАО Россети на 2023 год
-18.5% -18.5%
5.9% 5.9%
3.6% 3.6%
-3.9% -3.9%
0.9% 0.9%
-20.7% -20.7%
3 313.2% 3 313.2%
3.8% 3.8%
-5.6% -5.6%
1.3% 1.3%
-0.9% -0.9%
0.7% 0.7%
⬤ Отклонение, %
Интер РАО (для ФСК)
Промышленные потребители
Транспорт
Нефтедобыча
Нефтепереработка
Нефтепроводы
Газопроводы
Сельское хозяйство и пищевая про…
Непромышленные потребители
Государственные (муниципальные)…
Население и приравненные группы…
Территориальные сетевые организ…
Выручка отклонения по ПАО Россети на 2023 год
7.7% 7.7%
16.0% 16.0%
13.2% 13.2%
6.7% 6.7%
13.3% 13.3%
-7.7% -7.7%
1 331.5% 1 331.5%
14.2% 14.2%
9.9% 9.9%
12.0% 12.0%
12.4% 12.4%
13.7% 13.7%
⬤ Отклонение, %
Интер РАО (для ФСК)
Промышленные потребители
Транспорт
Нефтедобыча
Нефтепереработка
Нефтепроводы
Газопроводы
Сельское хозяйство и пищевая про…
Непромышленные потребители
Государственные (муниципальные)…
Население и приравненные группы…
Территориальные сетевые организ…
абс.
%
Прогноз на месяц 
Ноябрь
КПО/Отпуск из сети 
Отпуск из сети, млн. кВт.ч
Организация 
Все
Прогноз электропотребления и выручки за услуги по передаче в разрезе отраслей'

17-03-2025T06:36:02 - [TEST_STEP][PASSED] - b1 = b1.replaceAll("[^0-9]", ""): null

17-03-2025T06:36:02 - [TEST_STEP][PASSED] - println("b1:" + b1): null

17-03-2025T06:36:02 - [TEST_STEP][PASSED] - click(findTestObject("Прогноз по отраслям/Фильтр Сравнение с Стресс")): Object: 'Object Repository/Прогноз по отраслям/Фильтр Сравнение с Стресс' is clicked on

17-03-2025T06:36:02 - [MESSAGE][PASSED] - Object: 'Object Repository/Прогноз по отраслям/Фильтр Сравнение с Стресс' is clicked on

17-03-2025T06:36:02 - [TEST_STEP][PASSED] - click(findTestObject("Прогноз по отраслям/План Стресс")): Object: 'Object Repository/Прогноз по отраслям/План Стресс' is clicked on

17-03-2025T06:36:04 - [MESSAGE][PASSED] - Object: 'Object Repository/Прогноз по отраслям/План Стресс' is clicked on

17-03-2025T06:36:04 - [TEST_STEP][PASSED] - delay(40): Delayed 40 second(s)

17-03-2025T06:36:44 - [MESSAGE][PASSED] - Delayed 40 second(s)

17-03-2025T06:36:44 - [TEST_STEP][PASSED] - b2 = getText(findTestObject("Прогноз по отраслям/Виджеты дашборда")): Text of object 'Object Repository/Прогноз по отраслям/Виджеты дашборда' is: 'Год 
2023 год
Сравнение с 
План
Динамика электропотребления, млрд. кВт.ч., по ПАО Россети на 2023 год
10 10
190 190
36 36
14 14
9 9
14 14
4 4
17 17
80 80
19 19
82 82
588 588
10 10
197 197
37 37
48 48
10 10
15 15
4 4
18 18
80 80
19 19
82 82
608 608
План
Ожидаемое (прогноз до конца года)
Интер РАО(для ФСК)
Промышленныепотребители
Транспорт
Нефтедобыча
Нефтеперераб…
Нефтепроводы
Газопроводы
Сельское хозя…
Непромышлен…
Государственн…
Население иприравненныегруппыпотребителей
Территориальн…
Выручка, млрд. руб, по ПАО Россети на 2023 год
5 5
319 319
81 81
16 16
16 16
20 20
2 2
56 56
215 215
67 67
218 218
239 239
6 6
331 331
82 82
77 77
20 20
20 20
3 3
57 57
220 220
68 68
214 214
258 258
План
Ожидаемое (прогноз до конца года)
Интер РАО(для ФСК)
Промышленныепотребители
Транспорт
Нефтедобыча
Нефтеперераб…
Нефтепроводы
Газопроводы
Сельское хозя…
Непромышлен…
Государственн…
Население иприравненныегруппыпотребителей
Территориальн…
Отклонения по ПАО Россети на 2023 год
-4.7% -4.7%
3.8% 3.8%
1.9% 1.9%
230.3% 230.3%
10.9% 10.9%
4.2% 4.2%
21.7% 21.7%
3.9% 3.9%
-0.6% -0.6%
1.6% 1.6%
-1.0% -1.0%
3.3% 3.3%
⬤ Отклонение, %
Интер РАО (для ФСК)
Промышленные потребители
Транспорт
Нефтедобыча
Нефтепереработка
Нефтепроводы
Газопроводы
Сельское хозяйство и пищевая про…
Непромышленные потребители
Государственные (муниципальные)…
Население и приравненные группы…
Территориальные сетевые организ…
Выручка отклонения по ПАО Россети на 2023 год
15.6% 15.6%
3.8% 3.8%
1.2% 1.2%
398.2% 398.2%
26.9% 26.9%
-0.6% -0.6%
26.9% 26.9%
1.5% 1.5%
2.7% 2.7%
2.0% 2.0%
-2.0% -2.0%
7.9% 7.9%
⬤ Отклонение, %
Интер РАО (для ФСК)
Промышленные потребители
Транспорт
Нефтедобыча
Нефтепереработка
Нефтепроводы
Газопроводы
Сельское хозяйство и пищевая про…
Непромышленные потребители
Государственные (муниципальные)…
Население и приравненные группы…
Территориальные сетевые организ…
абс.
%
Прогноз на месяц 
Ноябрь
КПО/Отпуск из сети 
Отпуск из сети, млн. кВт.ч
Организация 
Все
Прогноз электропотребления и выручки за услуги по передаче в разрезе отраслей'

17-03-2025T06:36:44 - [MESSAGE][PASSED] - Text of object 'Object Repository/Прогноз по отраслям/Виджеты дашборда' is: 'Год 
2023 год
Сравнение с 
План
Динамика электропотребления, млрд. кВт.ч., по ПАО Россети на 2023 год
10 10
190 190
36 36
14 14
9 9
14 14
4 4
17 17
80 80
19 19
82 82
588 588
10 10
197 197
37 37
48 48
10 10
15 15
4 4
18 18
80 80
19 19
82 82
608 608
План
Ожидаемое (прогноз до конца года)
Интер РАО(для ФСК)
Промышленныепотребители
Транспорт
Нефтедобыча
Нефтеперераб…
Нефтепроводы
Газопроводы
Сельское хозя…
Непромышлен…
Государственн…
Население иприравненныегруппыпотребителей
Территориальн…
Выручка, млрд. руб, по ПАО Россети на 2023 год
5 5
319 319
81 81
16 16
16 16
20 20
2 2
56 56
215 215
67 67
218 218
239 239
6 6
331 331
82 82
77 77
20 20
20 20
3 3
57 57
220 220
68 68
214 214
258 258
План
Ожидаемое (прогноз до конца года)
Интер РАО(для ФСК)
Промышленныепотребители
Транспорт
Нефтедобыча
Нефтеперераб…
Нефтепроводы
Газопроводы
Сельское хозя…
Непромышлен…
Государственн…
Население иприравненныегруппыпотребителей
Территориальн…
Отклонения по ПАО Россети на 2023 год
-4.7% -4.7%
3.8% 3.8%
1.9% 1.9%
230.3% 230.3%
10.9% 10.9%
4.2% 4.2%
21.7% 21.7%
3.9% 3.9%
-0.6% -0.6%
1.6% 1.6%
-1.0% -1.0%
3.3% 3.3%
⬤ Отклонение, %
Интер РАО (для ФСК)
Промышленные потребители
Транспорт
Нефтедобыча
Нефтепереработка
Нефтепроводы
Газопроводы
Сельское хозяйство и пищевая про…
Непромышленные потребители
Государственные (муниципальные)…
Население и приравненные группы…
Территориальные сетевые организ…
Выручка отклонения по ПАО Россети на 2023 год
15.6% 15.6%
3.8% 3.8%
1.2% 1.2%
398.2% 398.2%
26.9% 26.9%
-0.6% -0.6%
26.9% 26.9%
1.5% 1.5%
2.7% 2.7%
2.0% 2.0%
-2.0% -2.0%
7.9% 7.9%
⬤ Отклонение, %
Интер РАО (для ФСК)
Промышленные потребители
Транспорт
Нефтедобыча
Нефтепереработка
Нефтепроводы
Газопроводы
Сельское хозяйство и пищевая про…
Непромышленные потребители
Государственные (муниципальные)…
Население и приравненные группы…
Территориальные сетевые организ…
абс.
%
Прогноз на месяц 
Ноябрь
КПО/Отпуск из сети 
Отпуск из сети, млн. кВт.ч
Организация 
Все
Прогноз электропотребления и выручки за услуги по передаче в разрезе отраслей'

17-03-2025T06:36:44 - [TEST_STEP][PASSED] - b2 = b2.replaceAll("[^0-9]", ""): null

17-03-2025T06:36:44 - [TEST_STEP][PASSED] - println("b2:" + b2): null

17-03-2025T06:36:44 - [TEST_STEP][PASSED] - click(findTestObject("Прогноз по отраслям/Фильтр Сравнение с Стресс")): Object: 'Object Repository/Прогноз по отраслям/Фильтр Сравнение с Стресс' is clicked on

17-03-2025T06:36:45 - [MESSAGE][PASSED] - Object: 'Object Repository/Прогноз по отраслям/Фильтр Сравнение с Стресс' is clicked on

17-03-2025T06:36:45 - [TEST_STEP][PASSED] - click(findTestObject("Прогноз по отраслям/План СУ Стресс")): Object: 'Object Repository/Прогноз по отраслям/План СУ Стресс' is clicked on

17-03-2025T06:36:46 - [MESSAGE][PASSED] - Object: 'Object Repository/Прогноз по отраслям/План СУ Стресс' is clicked on

17-03-2025T06:36:46 - [TEST_STEP][PASSED] - delay(40): Delayed 40 second(s)

17-03-2025T06:37:26 - [MESSAGE][PASSED] - Delayed 40 second(s)

17-03-2025T06:37:26 - [TEST_STEP][PASSED] - b3 = getText(findTestObject("Прогноз по отраслям/Виджеты дашборда")): Text of object 'Object Repository/Прогноз по отраслям/Виджеты дашборда' is: 'Год 
2023 год
Сравнение с 
План/СУ
Динамика электропотребления, млрд. кВт.ч., по ПАО Россети на 2023 год
10 10
181 181
36 36
15 15
9 9
14 14
4 4
16 16
86 86
19 19
79 79
586 586
10 10
197 197
37 37
48 48
10 10
15 15
4 4
18 18
80 80
19 19
82 82
608 608
СУ
Ожидаемое (прогноз до конца года)
Интер РАО(для ФСК)
Промышленныепотребители
Транспорт
Нефтедобыча
Нефтеперераб…
Нефтепроводы
Газопроводы
Сельское хозя…
Непромышлен…
Государственн…
Население иприравненныегруппыпотребителей
Территориальн…
Выручка, млрд. руб, по ПАО Россети на 2023 год
6 6
331 331
82 82
77 77
20 20
20 20
3 3
57 57
220 220
68 68
214 214
258 258
Ожидаемое (прогноз до конца года)
Интер РАО(для ФСК)
Промышленныепотребители
Транспорт
Нефтедобыча
Нефтеперераб…
Нефтепроводы
Газопроводы
Сельское хозя…
Непромышлен…
Государственн…
Население иприравненныегруппыпотребителей
Территориальн…
Отклонения по ПАО Россети на 2023 год
2.5% 2.5%
8.9% 8.9%
3.5% 3.5%
221.4% 221.4%
12.8% 12.8%
6.9% 6.9%
13.5% 13.5%
8.1% 8.1%
-6.9% -6.9%
2.3% 2.3%
3.1% 3.1%
3.8% 3.8%
⬤ Отклонение, %
Интер РАО (для ФСК)
Промышленные потребители
Транспорт
Нефтедобыча
Нефтепереработка
Нефтепроводы
Газопроводы
Сельское хозяйство и пищевая про…
Непромышленные потребители
Государственные (муниципальные)…
Население и приравненные группы…
Территориальные сетевые организ…
Выручка отклонения по ПАО Россети на 2023 год
⬤ Отклонение, %
Интер РАО (для ФСК)
Промышленные потребители
Транспорт
Нефтедобыча
Нефтепереработка
Нефтепроводы
Газопроводы
Сельское хозяйство и пищевая про…
Непромышленные потребители
Государственные (муниципальные)…
Население и приравненные группы…
Территориальные сетевые организ…
абс.
%
Прогноз на месяц 
Ноябрь
КПО/Отпуск из сети 
Отпуск из сети, млн. кВт.ч
Организация 
Все
Прогноз электропотребления и выручки за услуги по передаче в разрезе отраслей'

17-03-2025T06:37:27 - [MESSAGE][PASSED] - Text of object 'Object Repository/Прогноз по отраслям/Виджеты дашборда' is: 'Год 
2023 год
Сравнение с 
План/СУ
Динамика электропотребления, млрд. кВт.ч., по ПАО Россети на 2023 год
10 10
181 181
36 36
15 15
9 9
14 14
4 4
16 16
86 86
19 19
79 79
586 586
10 10
197 197
37 37
48 48
10 10
15 15
4 4
18 18
80 80
19 19
82 82
608 608
СУ
Ожидаемое (прогноз до конца года)
Интер РАО(для ФСК)
Промышленныепотребители
Транспорт
Нефтедобыча
Нефтеперераб…
Нефтепроводы
Газопроводы
Сельское хозя…
Непромышлен…
Государственн…
Население иприравненныегруппыпотребителей
Территориальн…
Выручка, млрд. руб, по ПАО Россети на 2023 год
6 6
331 331
82 82
77 77
20 20
20 20
3 3
57 57
220 220
68 68
214 214
258 258
Ожидаемое (прогноз до конца года)
Интер РАО(для ФСК)
Промышленныепотребители
Транспорт
Нефтедобыча
Нефтеперераб…
Нефтепроводы
Газопроводы
Сельское хозя…
Непромышлен…
Государственн…
Население иприравненныегруппыпотребителей
Территориальн…
Отклонения по ПАО Россети на 2023 год
2.5% 2.5%
8.9% 8.9%
3.5% 3.5%
221.4% 221.4%
12.8% 12.8%
6.9% 6.9%
13.5% 13.5%
8.1% 8.1%
-6.9% -6.9%
2.3% 2.3%
3.1% 3.1%
3.8% 3.8%
⬤ Отклонение, %
Интер РАО (для ФСК)
Промышленные потребители
Транспорт
Нефтедобыча
Нефтепереработка
Нефтепроводы
Газопроводы
Сельское хозяйство и пищевая про…
Непромышленные потребители
Государственные (муниципальные)…
Население и приравненные группы…
Территориальные сетевые организ…
Выручка отклонения по ПАО Россети на 2023 год
⬤ Отклонение, %
Интер РАО (для ФСК)
Промышленные потребители
Транспорт
Нефтедобыча
Нефтепереработка
Нефтепроводы
Газопроводы
Сельское хозяйство и пищевая про…
Непромышленные потребители
Государственные (муниципальные)…
Население и приравненные группы…
Территориальные сетевые организ…
абс.
%
Прогноз на месяц 
Ноябрь
КПО/Отпуск из сети 
Отпуск из сети, млн. кВт.ч
Организация 
Все
Прогноз электропотребления и выручки за услуги по передаче в разрезе отраслей'

17-03-2025T06:37:27 - [TEST_STEP][PASSED] - b3 = b3.replaceAll("[^0-9]", ""): null

17-03-2025T06:37:27 - [TEST_STEP][PASSED] - println("b3:" + b3): null

17-03-2025T06:37:27 - [TEST_STEP][PASSED] - click(findTestObject("Прогноз по отраслям/Фильтр Сравнение с Стресс")): Object: 'Object Repository/Прогноз по отраслям/Фильтр Сравнение с Стресс' is clicked on

17-03-2025T06:37:27 - [MESSAGE][PASSED] - Object: 'Object Repository/Прогноз по отраслям/Фильтр Сравнение с Стресс' is clicked on

17-03-2025T06:37:27 - [TEST_STEP][PASSED] - click(findTestObject("Прогноз по отраслям/Факт прошлого года Стресс")): Object: 'Object Repository/Прогноз по отраслям/Факт прошлого года Стресс' is clicked on

17-03-2025T06:37:28 - [MESSAGE][PASSED] - Object: 'Object Repository/Прогноз по отраслям/Факт прошлого года Стресс' is clicked on

17-03-2025T06:37:28 - [TEST_STEP][PASSED] - click(findTestObject("Прогноз по отраслям/Фильтр КПО-Отпуск Стресс")): Object: 'Object Repository/Прогноз по отраслям/Фильтр КПО-Отпуск Стресс' is clicked on

17-03-2025T06:37:30 - [MESSAGE][PASSED] - Object: 'Object Repository/Прогноз по отраслям/Фильтр КПО-Отпуск Стресс' is clicked on

17-03-2025T06:37:30 - [TEST_STEP][PASSED] - click(findTestObject("Прогноз по отраслям/КПО Стресс")): Object: 'Object Repository/Прогноз по отраслям/КПО Стресс' is clicked on

17-03-2025T06:37:31 - [MESSAGE][PASSED] - Object: 'Object Repository/Прогноз по отраслям/КПО Стресс' is clicked on

17-03-2025T06:37:31 - [TEST_STEP][PASSED] - delay(40): Delayed 40 second(s)

17-03-2025T06:38:11 - [MESSAGE][PASSED] - Delayed 40 second(s)

17-03-2025T06:38:11 - [TEST_STEP][PASSED] - b4 = getText(findTestObject("Прогноз по отраслям/Виджеты дашборда")): Text of object 'Object Repository/Прогноз по отраслям/Виджеты дашборда' is: 'Год 
2023 год
Сравнение с 
Факт прошлого года
Динамика электропотребления, млрд. кВт.ч., по ПАО Россети на 2023 год
0 0
120 120
38 38
41 41
8 8
10 10
0 0
19 19
77 77
25 25
122 122
61 61
0 0
120 120
39 39
39 39
8 8
8 8
1 1
20 20
78 78
26 26
121 121
60 60
Факт прошлого года
Ожидаемое (прогноз до конца года)
Интер РАО(для ФСК)
Промышленныепотребители
Транспорт
Нефтедобыча
Нефтеперераб…
Нефтепроводы
Газопроводы
Сельское хозя…
Непромышлен…
Государственн…
Население иприравненныегруппыпотребителей
Территориальн…
Выручка, млрд. руб, по ПАО Россети на 2023 год
5 5
285 285
72 72
72 72
18 18
22 22
0 0
50 50
201 201
61 61
190 190
227 227
6 6
331 331
82 82
77 77
20 20
20 20
3 3
57 57
220 220
68 68
214 214
258 258
Факт прошлого года
Ожидаемое (прогноз до конца года)
Интер РАО(для ФСК)
Промышленныепотребители
Транспорт
Нефтедобыча
Нефтеперераб…
Нефтепроводы
Газопроводы
Сельское хозя…
Непромышлен…
Государственн…
Население иприравненныегруппыпотребителей
Территориальн…
Отклонения по ПАО Россети на 2023 год
0.5% 0.5%
0.9% 0.9%
-5.9% -5.9%
3.1% 3.1%
-17.9% -17.9%
578.4% 578.4%
2.3% 2.3%
1.8% 1.8%
2.1% 2.1%
-0.9% -0.9%
-0.2% -0.2%
⬤ Отклонение, %
Интер РАО (для ФСК)
Промышленные потребители
Транспорт
Нефтедобыча
Нефтепереработка
Нефтепроводы
Газопроводы
Сельское хозяйство и пищевая про…
Непромышленные потребители
Государственные (муниципальные)…
Население и приравненные группы…
Территориальные сетевые организ…
Выручка отклонения по ПАО Россети на 2023 год
7.7% 7.7%
16.0% 16.0%
13.2% 13.2%
6.7% 6.7%
13.3% 13.3%
-7.7% -7.7%
1 331.5% 1 331.5%
14.2% 14.2%
9.9% 9.9%
12.0% 12.0%
12.4% 12.4%
13.7% 13.7%
⬤ Отклонение, %
Интер РАО (для ФСК)
Промышленные потребители
Транспорт
Нефтедобыча
Нефтепереработка
Нефтепроводы
Газопроводы
Сельское хозяйство и пищевая про…
Непромышленные потребители
Государственные (муниципальные)…
Население и приравненные группы…
Территориальные сетевые организ…
абс.
%
Прогноз на месяц 
Ноябрь
КПО/Отпуск из сети 
Котловой полезный отпуск, млн. кВт.ч
Организация 
Все
Прогноз электропотребления и выручки за услуги по передаче в разрезе отраслей'

17-03-2025T06:38:12 - [MESSAGE][PASSED] - Text of object 'Object Repository/Прогноз по отраслям/Виджеты дашборда' is: 'Год 
2023 год
Сравнение с 
Факт прошлого года
Динамика электропотребления, млрд. кВт.ч., по ПАО Россети на 2023 год
0 0
120 120
38 38
41 41
8 8
10 10
0 0
19 19
77 77
25 25
122 122
61 61
0 0
120 120
39 39
39 39
8 8
8 8
1 1
20 20
78 78
26 26
121 121
60 60
Факт прошлого года
Ожидаемое (прогноз до конца года)
Интер РАО(для ФСК)
Промышленныепотребители
Транспорт
Нефтедобыча
Нефтеперераб…
Нефтепроводы
Газопроводы
Сельское хозя…
Непромышлен…
Государственн…
Население иприравненныегруппыпотребителей
Территориальн…
Выручка, млрд. руб, по ПАО Россети на 2023 год
5 5
285 285
72 72
72 72
18 18
22 22
0 0
50 50
201 201
61 61
190 190
227 227
6 6
331 331
82 82
77 77
20 20
20 20
3 3
57 57
220 220
68 68
214 214
258 258
Факт прошлого года
Ожидаемое (прогноз до конца года)
Интер РАО(для ФСК)
Промышленныепотребители
Транспорт
Нефтедобыча
Нефтеперераб…
Нефтепроводы
Газопроводы
Сельское хозя…
Непромышлен…
Государственн…
Население иприравненныегруппыпотребителей
Территориальн…
Отклонения по ПАО Россети на 2023 год
0.5% 0.5%
0.9% 0.9%
-5.9% -5.9%
3.1% 3.1%
-17.9% -17.9%
578.4% 578.4%
2.3% 2.3%
1.8% 1.8%
2.1% 2.1%
-0.9% -0.9%
-0.2% -0.2%
⬤ Отклонение, %
Интер РАО (для ФСК)
Промышленные потребители
Транспорт
Нефтедобыча
Нефтепереработка
Нефтепроводы
Газопроводы
Сельское хозяйство и пищевая про…
Непромышленные потребители
Государственные (муниципальные)…
Население и приравненные группы…
Территориальные сетевые организ…
Выручка отклонения по ПАО Россети на 2023 год
7.7% 7.7%
16.0% 16.0%
13.2% 13.2%
6.7% 6.7%
13.3% 13.3%
-7.7% -7.7%
1 331.5% 1 331.5%
14.2% 14.2%
9.9% 9.9%
12.0% 12.0%
12.4% 12.4%
13.7% 13.7%
⬤ Отклонение, %
Интер РАО (для ФСК)
Промышленные потребители
Транспорт
Нефтедобыча
Нефтепереработка
Нефтепроводы
Газопроводы
Сельское хозяйство и пищевая про…
Непромышленные потребители
Государственные (муниципальные)…
Население и приравненные группы…
Территориальные сетевые организ…
абс.
%
Прогноз на месяц 
Ноябрь
КПО/Отпуск из сети 
Котловой полезный отпуск, млн. кВт.ч
Организация 
Все
Прогноз электропотребления и выручки за услуги по передаче в разрезе отраслей'

17-03-2025T06:38:12 - [TEST_STEP][PASSED] - b4 = b4.replaceAll("[^0-9]", ""): null

17-03-2025T06:38:12 - [TEST_STEP][PASSED] - println("b4:" + b4): null

17-03-2025T06:38:12 - [TEST_STEP][PASSED] - click(findTestObject("Прогноз по отраслям/Фильтр Сравнение с Стресс")): Object: 'Object Repository/Прогноз по отраслям/Фильтр Сравнение с Стресс' is clicked on

17-03-2025T06:38:12 - [MESSAGE][PASSED] - Object: 'Object Repository/Прогноз по отраслям/Фильтр Сравнение с Стресс' is clicked on

17-03-2025T06:38:12 - [TEST_STEP][PASSED] - click(findTestObject("Прогноз по отраслям/План Стресс")): Object: 'Object Repository/Прогноз по отраслям/План Стресс' is clicked on

17-03-2025T06:38:13 - [MESSAGE][PASSED] - Object: 'Object Repository/Прогноз по отраслям/План Стресс' is clicked on

17-03-2025T06:38:13 - [TEST_STEP][PASSED] - delay(40): Delayed 40 second(s)

17-03-2025T06:38:53 - [MESSAGE][PASSED] - Delayed 40 second(s)

17-03-2025T06:38:53 - [TEST_STEP][PASSED] - b5 = getText(findTestObject("Прогноз по отраслям/Виджеты дашборда")): Text of object 'Object Repository/Прогноз по отраслям/Виджеты дашборда' is: 'Год 
2023 год
Сравнение с 
План
Динамика электропотребления, млрд. кВт.ч., по ПАО Россети на 2023 год
0 0
119 119
37 37
7 7
7 7
8 8
1 1
19 19
75 75
25 25
123 123
55 55
0 0
120 120
39 39
39 39
8 8
8 8
1 1
20 20
78 78
26 26
121 121
60 60
План
Ожидаемое (прогноз до конца года)
Интер РАО(для ФСК)
Промышленныепотребители
Транспорт
Нефтедобыча
Нефтеперераб…
Нефтепроводы
Газопроводы
Сельское хозя…
Непромышлен…
Государственн…
Население иприравненныегруппыпотребителей
Территориальн…
Выручка, млрд. руб, по ПАО Россети на 2023 год
5 5
319 319
81 81
16 16
16 16
20 20
2 2
56 56
215 215
67 67
218 218
239 239
6 6
331 331
82 82
77 77
20 20
20 20
3 3
57 57
220 220
68 68
214 214
258 258
План
Ожидаемое (прогноз до конца года)
Интер РАО(для ФСК)
Промышленныепотребители
Транспорт
Нефтедобыча
Нефтеперераб…
Нефтепроводы
Газопроводы
Сельское хозя…
Непромышлен…
Государственн…
Население иприравненныегруппыпотребителей
Территориальн…
Отклонения по ПАО Россети на 2023 год
1.2% 1.2%
3.2% 3.2%
492.1% 492.1%
18.1% 18.1%
4.4% 4.4%
11.9% 11.9%
1.2% 1.2%
4.1% 4.1%
2.4% 2.4%
-1.4% -1.4%
9.7% 9.7%
⬤ Отклонение, %
Интер РАО (для ФСК)
Промышленные потребители
Транспорт
Нефтедобыча
Нефтепереработка
Нефтепроводы
Газопроводы
Сельское хозяйство и пищевая про…
Непромышленные потребители
Государственные (муниципальные)…
Население и приравненные группы…
Территориальные сетевые организ…
Выручка отклонения по ПАО Россети на 2023 год
15.6% 15.6%
3.8% 3.8%
1.2% 1.2%
398.2% 398.2%
26.9% 26.9%
-0.6% -0.6%
26.9% 26.9%
1.5% 1.5%
2.7% 2.7%
2.0% 2.0%
-2.0% -2.0%
7.9% 7.9%
⬤ Отклонение, %
Интер РАО (для ФСК)
Промышленные потребители
Транспорт
Нефтедобыча
Нефтепереработка
Нефтепроводы
Газопроводы
Сельское хозяйство и пищевая про…
Непромышленные потребители
Государственные (муниципальные)…
Население и приравненные группы…
Территориальные сетевые организ…
абс.
%
Прогноз на месяц 
Ноябрь
КПО/Отпуск из сети 
Котловой полезный отпуск, млн. кВт.ч
Организация 
Все
Прогноз электропотребления и выручки за услуги по передаче в разрезе отраслей'

17-03-2025T06:38:54 - [MESSAGE][PASSED] - Text of object 'Object Repository/Прогноз по отраслям/Виджеты дашборда' is: 'Год 
2023 год
Сравнение с 
План
Динамика электропотребления, млрд. кВт.ч., по ПАО Россети на 2023 год
0 0
119 119
37 37
7 7
7 7
8 8
1 1
19 19
75 75
25 25
123 123
55 55
0 0
120 120
39 39
39 39
8 8
8 8
1 1
20 20
78 78
26 26
121 121
60 60
План
Ожидаемое (прогноз до конца года)
Интер РАО(для ФСК)
Промышленныепотребители
Транспорт
Нефтедобыча
Нефтеперераб…
Нефтепроводы
Газопроводы
Сельское хозя…
Непромышлен…
Государственн…
Население иприравненныегруппыпотребителей
Территориальн…
Выручка, млрд. руб, по ПАО Россети на 2023 год
5 5
319 319
81 81
16 16
16 16
20 20
2 2
56 56
215 215
67 67
218 218
239 239
6 6
331 331
82 82
77 77
20 20
20 20
3 3
57 57
220 220
68 68
214 214
258 258
План
Ожидаемое (прогноз до конца года)
Интер РАО(для ФСК)
Промышленныепотребители
Транспорт
Нефтедобыча
Нефтеперераб…
Нефтепроводы
Газопроводы
Сельское хозя…
Непромышлен…
Государственн…
Население иприравненныегруппыпотребителей
Территориальн…
Отклонения по ПАО Россети на 2023 год
1.2% 1.2%
3.2% 3.2%
492.1% 492.1%
18.1% 18.1%
4.4% 4.4%
11.9% 11.9%
1.2% 1.2%
4.1% 4.1%
2.4% 2.4%
-1.4% -1.4%
9.7% 9.7%
⬤ Отклонение, %
Интер РАО (для ФСК)
Промышленные потребители
Транспорт
Нефтедобыча
Нефтепереработка
Нефтепроводы
Газопроводы
Сельское хозяйство и пищевая про…
Непромышленные потребители
Государственные (муниципальные)…
Население и приравненные группы…
Территориальные сетевые организ…
Выручка отклонения по ПАО Россети на 2023 год
15.6% 15.6%
3.8% 3.8%
1.2% 1.2%
398.2% 398.2%
26.9% 26.9%
-0.6% -0.6%
26.9% 26.9%
1.5% 1.5%
2.7% 2.7%
2.0% 2.0%
-2.0% -2.0%
7.9% 7.9%
⬤ Отклонение, %
Интер РАО (для ФСК)
Промышленные потребители
Транспорт
Нефтедобыча
Нефтепереработка
Нефтепроводы
Газопроводы
Сельское хозяйство и пищевая про…
Непромышленные потребители
Государственные (муниципальные)…
Население и приравненные группы…
Территориальные сетевые организ…
абс.
%
Прогноз на месяц 
Ноябрь
КПО/Отпуск из сети 
Котловой полезный отпуск, млн. кВт.ч
Организация 
Все
Прогноз электропотребления и выручки за услуги по передаче в разрезе отраслей'

17-03-2025T06:38:54 - [TEST_STEP][PASSED] - println("b5:" + b5): null

17-03-2025T06:38:54 - [TEST_STEP][PASSED] - b5 = b5.replaceAll("[^0-9]", ""): null

17-03-2025T06:38:54 - [TEST_STEP][PASSED] - println("b5:" + b5): null

17-03-2025T06:38:54 - [TEST_STEP][PASSED] - click(findTestObject("Прогноз по отраслям/Фильтр Сравнение с Стресс")): Object: 'Object Repository/Прогноз по отраслям/Фильтр Сравнение с Стресс' is clicked on

17-03-2025T06:38:54 - [MESSAGE][PASSED] - Object: 'Object Repository/Прогноз по отраслям/Фильтр Сравнение с Стресс' is clicked on

17-03-2025T06:38:54 - [TEST_STEP][PASSED] - click(findTestObject("Прогноз по отраслям/План СУ Стресс")): Object: 'Object Repository/Прогноз по отраслям/План СУ Стресс' is clicked on

17-03-2025T06:38:55 - [MESSAGE][PASSED] - Object: 'Object Repository/Прогноз по отраслям/План СУ Стресс' is clicked on

17-03-2025T06:38:55 - [TEST_STEP][PASSED] - delay(40): Delayed 40 second(s)

17-03-2025T06:39:35 - [MESSAGE][PASSED] - Delayed 40 second(s)

17-03-2025T06:39:35 - [TEST_STEP][PASSED] - b6 = getText(findTestObject("Прогноз по отраслям/Виджеты дашборда")): Text of object 'Object Repository/Прогноз по отраслям/Виджеты дашборда' is: 'Год 
2023 год
Сравнение с 
План/СУ
Динамика электропотребления, млрд. кВт.ч., по ПАО Россети на 2023 год
0 0
0 0
0 0
0 0
0 0
0 0
0 0
0 0
0 0
0 0
0 0
0 0
0 0
120 120
39 39
39 39
8 8
8 8
1 1
20 20
78 78
26 26
121 121
60 60
СУ
Ожидаемое (прогноз до конца года)
Интер РАО(для ФСК)
Промышленныепотребители
Транспорт
Нефтедобыча
Нефтеперераб…
Нефтепроводы
Газопроводы
Сельское хозя…
Непромышлен…
Государственн…
Население иприравненныегруппыпотребителей
Территориальн…
Выручка, млрд. руб, по ПАО Россети на 2023 год
6 6
331 331
82 82
77 77
20 20
20 20
3 3
57 57
220 220
68 68
214 214
258 258
Ожидаемое (прогноз до конца года)
Интер РАО(для ФСК)
Промышленныепотребители
Транспорт
Нефтедобыча
Нефтеперераб…
Нефтепроводы
Газопроводы
Сельское хозя…
Непромышлен…
Государственн…
Население иприравненныегруппыпотребителей
Территориальн…
Отклонения по ПАО Россети на 2023 год
⬤ Отклонение, %
Интер РАО (для ФСК)
Промышленные потребители
Транспорт
Нефтедобыча
Нефтепереработка
Нефтепроводы
Газопроводы
Сельское хозяйство и пищевая про…
Непромышленные потребители
Государственные (муниципальные)…
Население и приравненные группы…
Территориальные сетевые организ…
Выручка отклонения по ПАО Россети на 2023 год
⬤ Отклонение, %
Интер РАО (для ФСК)
Промышленные потребители
Транспорт
Нефтедобыча
Нефтепереработка
Нефтепроводы
Газопроводы
Сельское хозяйство и пищевая про…
Непромышленные потребители
Государственные (муниципальные)…
Население и приравненные группы…
Территориальные сетевые организ…
абс.
%
Прогноз на месяц 
Ноябрь
КПО/Отпуск из сети 
Котловой полезный отпуск, млн. кВт.ч
Организация 
Все
Прогноз электропотребления и выручки за услуги по передаче в разрезе отраслей'

17-03-2025T06:39:36 - [MESSAGE][PASSED] - Text of object 'Object Repository/Прогноз по отраслям/Виджеты дашборда' is: 'Год 
2023 год
Сравнение с 
План/СУ
Динамика электропотребления, млрд. кВт.ч., по ПАО Россети на 2023 год
0 0
0 0
0 0
0 0
0 0
0 0
0 0
0 0
0 0
0 0
0 0
0 0
0 0
120 120
39 39
39 39
8 8
8 8
1 1
20 20
78 78
26 26
121 121
60 60
СУ
Ожидаемое (прогноз до конца года)
Интер РАО(для ФСК)
Промышленныепотребители
Транспорт
Нефтедобыча
Нефтеперераб…
Нефтепроводы
Газопроводы
Сельское хозя…
Непромышлен…
Государственн…
Население иприравненныегруппыпотребителей
Территориальн…
Выручка, млрд. руб, по ПАО Россети на 2023 год
6 6
331 331
82 82
77 77
20 20
20 20
3 3
57 57
220 220
68 68
214 214
258 258
Ожидаемое (прогноз до конца года)
Интер РАО(для ФСК)
Промышленныепотребители
Транспорт
Нефтедобыча
Нефтеперераб…
Нефтепроводы
Газопроводы
Сельское хозя…
Непромышлен…
Государственн…
Население иприравненныегруппыпотребителей
Территориальн…
Отклонения по ПАО Россети на 2023 год
⬤ Отклонение, %
Интер РАО (для ФСК)
Промышленные потребители
Транспорт
Нефтедобыча
Нефтепереработка
Нефтепроводы
Газопроводы
Сельское хозяйство и пищевая про…
Непромышленные потребители
Государственные (муниципальные)…
Население и приравненные группы…
Территориальные сетевые организ…
Выручка отклонения по ПАО Россети на 2023 год
⬤ Отклонение, %
Интер РАО (для ФСК)
Промышленные потребители
Транспорт
Нефтедобыча
Нефтепереработка
Нефтепроводы
Газопроводы
Сельское хозяйство и пищевая про…
Непромышленные потребители
Государственные (муниципальные)…
Население и приравненные группы…
Территориальные сетевые организ…
абс.
%
Прогноз на месяц 
Ноябрь
КПО/Отпуск из сети 
Котловой полезный отпуск, млн. кВт.ч
Организация 
Все
Прогноз электропотребления и выручки за услуги по передаче в разрезе отраслей'

17-03-2025T06:39:36 - [TEST_STEP][PASSED] - b6 = b6.replaceAll("[^0-9]", ""): null

17-03-2025T06:39:36 - [TEST_STEP][PASSED] - println("b6:" + b6): null

17-03-2025T06:39:36 - [TEST_STEP][PASSED] - click(findTestObject("Прогноз по отраслям/Переключить отображение с процентов на абс Стресс-сценарий")): Object: 'Object Repository/Прогноз по отраслям/Переключить отображение с процентов на абс Стресс-сценарий' is clicked on

17-03-2025T06:39:36 - [MESSAGE][PASSED] - Object: 'Object Repository/Прогноз по отраслям/Переключить отображение с процентов на абс Стресс-сценарий' is clicked on

17-03-2025T06:39:36 - [TEST_STEP][PASSED] - click(findTestObject("Прогноз по отраслям/Фильтр Сравнение с Стресс")): Object: 'Object Repository/Прогноз по отраслям/Фильтр Сравнение с Стресс' is clicked on

17-03-2025T06:39:37 - [MESSAGE][PASSED] - Object: 'Object Repository/Прогноз по отраслям/Фильтр Сравнение с Стресс' is clicked on

17-03-2025T06:39:37 - [TEST_STEP][PASSED] - click(findTestObject("Прогноз по отраслям/Факт прошлого года Стресс")): Object: 'Object Repository/Прогноз по отраслям/Факт прошлого года Стресс' is clicked on

17-03-2025T06:39:38 - [MESSAGE][PASSED] - Object: 'Object Repository/Прогноз по отраслям/Факт прошлого года Стресс' is clicked on

17-03-2025T06:39:38 - [TEST_STEP][PASSED] - click(findTestObject("Прогноз по отраслям/Фильтр КПО-Отпуск Стресс")): Object: 'Object Repository/Прогноз по отраслям/Фильтр КПО-Отпуск Стресс' is clicked on

17-03-2025T06:39:40 - [MESSAGE][PASSED] - Object: 'Object Repository/Прогноз по отраслям/Фильтр КПО-Отпуск Стресс' is clicked on

17-03-2025T06:39:40 - [TEST_STEP][PASSED] - click(findTestObject("Прогноз по отраслям/Отпуск Стресс")): Object: 'Object Repository/Прогноз по отраслям/Отпуск Стресс' is clicked on

17-03-2025T06:39:41 - [MESSAGE][PASSED] - Object: 'Object Repository/Прогноз по отраслям/Отпуск Стресс' is clicked on

17-03-2025T06:39:41 - [TEST_STEP][PASSED] - delay(40): Delayed 40 second(s)

17-03-2025T06:40:21 - [MESSAGE][PASSED] - Delayed 40 second(s)

17-03-2025T06:40:21 - [TEST_STEP][PASSED] - b7 = getText(findTestObject("Прогноз по отраслям/Виджеты дашборда")): Text of object 'Object Repository/Прогноз по отраслям/Виджеты дашборда' is: 'Год 
2023 год
Сравнение с 
Факт прошлого года
Отклонения по ПАО Россети на 2023 год
-2 263.5 -2 263.5
11 054.6 11 054.6
1 280.2 1 280.2
-1 947.5 -1 947.5
90.9 90.9
-3 845.0 -3 845.0
4 162.1 4 162.1
651.7 651.7
-4 727.7 -4 727.7
256.5 256.5
-723.9 -723.9
4 292.3 4 292.3
⬤ Отклонение, млн. кВт.ч
Интер РАО (для ФСК)
Промышленные потребители
Транспорт
Нефтедобыча
Нефтепереработка
Нефтепроводы
Газопроводы
Сельское хозяйство и пищевая про…
Непромышленные потребители
Государственные (муниципальные…
Население и приравненные группы…
Территориальные сетевые организ…
Выручка отклонения по ПАО Россети на 2023 год
421.3 421.3
45 574.9 45 574.9
9 547.5 9 547.5
4 889.3 4 889.3
2 337.4 2 337.4
-1 682.6 -1 682.6
2 919.4 2 919.4
7 110.2 7 110.2
19 840.8 19 840.8
7 289.5 7 289.5
23 664.8 23 664.8
31 028.3 31 028.3
⬤ Отклонение, млн. руб
Интер РАО (для ФСК)
Промышленные потребители
Транспорт
Нефтедобыча
Нефтепереработка
Нефтепроводы
Газопроводы
Сельское хозяйство и пищевая про…
Непромышленные потребители
Государственные (муниципальные…
Население и приравненные группы…
Территориальные сетевые организ…
Динамика электропотребления, млрд. кВт.ч., по ПАО Россети на 2023 год
12 12
186 186
36 36
50 50
10 10
19 19
0 0
17 17
85 85
19 19
82 82
604 604
10 10
197 197
37 37
48 48
10 10
15 15
4 4
18 18
80 80
19 19
82 82
608 608
Факт прошлого года
Ожидаемое (прогноз до конца года)
Интер РАО(для ФСК)
Промышленныепотребители
Транспорт
Нефтедобыча
Нефтеперераб…
Нефтепроводы
Газопроводы
Сельское хозя…
Непромышлен…
Государственн…
Население иприравненныегруппыпотребителей
Территориальн…
Выручка, млрд. руб, по ПАО Россети на 2023 год
5 5
285 285
72 72
72 72
18 18
22 22
0 0
50 50
201 201
61 61
190 190
227 227
6 6
331 331
82 82
77 77
20 20
20 20
3 3
57 57
220 220
68 68
214 214
258 258
Факт прошлого года
Ожидаемое (прогноз до конца года)
Интер РАО(для ФСК)
Промышленныепотребители
Транспорт
Нефтедобыча
Нефтеперераб…
Нефтепроводы
Газопроводы
Сельское хозя…
Непромышлен…
Государственн…
Население иприравненныегруппыпотребителей
Территориальн…
абс.
%
Прогноз на месяц 
Ноябрь
КПО/Отпуск из сети 
Отпуск из сети, млн. кВт.ч
Организация 
Все
Прогноз электропотребления и выручки за услуги по передаче в разрезе отраслей'

17-03-2025T06:40:21 - [MESSAGE][PASSED] - Text of object 'Object Repository/Прогноз по отраслям/Виджеты дашборда' is: 'Год 
2023 год
Сравнение с 
Факт прошлого года
Отклонения по ПАО Россети на 2023 год
-2 263.5 -2 263.5
11 054.6 11 054.6
1 280.2 1 280.2
-1 947.5 -1 947.5
90.9 90.9
-3 845.0 -3 845.0
4 162.1 4 162.1
651.7 651.7
-4 727.7 -4 727.7
256.5 256.5
-723.9 -723.9
4 292.3 4 292.3
⬤ Отклонение, млн. кВт.ч
Интер РАО (для ФСК)
Промышленные потребители
Транспорт
Нефтедобыча
Нефтепереработка
Нефтепроводы
Газопроводы
Сельское хозяйство и пищевая про…
Непромышленные потребители
Государственные (муниципальные…
Население и приравненные группы…
Территориальные сетевые организ…
Выручка отклонения по ПАО Россети на 2023 год
421.3 421.3
45 574.9 45 574.9
9 547.5 9 547.5
4 889.3 4 889.3
2 337.4 2 337.4
-1 682.6 -1 682.6
2 919.4 2 919.4
7 110.2 7 110.2
19 840.8 19 840.8
7 289.5 7 289.5
23 664.8 23 664.8
31 028.3 31 028.3
⬤ Отклонение, млн. руб
Интер РАО (для ФСК)
Промышленные потребители
Транспорт
Нефтедобыча
Нефтепереработка
Нефтепроводы
Газопроводы
Сельское хозяйство и пищевая про…
Непромышленные потребители
Государственные (муниципальные…
Население и приравненные группы…
Территориальные сетевые организ…
Динамика электропотребления, млрд. кВт.ч., по ПАО Россети на 2023 год
12 12
186 186
36 36
50 50
10 10
19 19
0 0
17 17
85 85
19 19
82 82
604 604
10 10
197 197
37 37
48 48
10 10
15 15
4 4
18 18
80 80
19 19
82 82
608 608
Факт прошлого года
Ожидаемое (прогноз до конца года)
Интер РАО(для ФСК)
Промышленныепотребители
Транспорт
Нефтедобыча
Нефтеперераб…
Нефтепроводы
Газопроводы
Сельское хозя…
Непромышлен…
Государственн…
Население иприравненныегруппыпотребителей
Территориальн…
Выручка, млрд. руб, по ПАО Россети на 2023 год
5 5
285 285
72 72
72 72
18 18
22 22
0 0
50 50
201 201
61 61
190 190
227 227
6 6
331 331
82 82
77 77
20 20
20 20
3 3
57 57
220 220
68 68
214 214
258 258
Факт прошлого года
Ожидаемое (прогноз до конца года)
Интер РАО(для ФСК)
Промышленныепотребители
Транспорт
Нефтедобыча
Нефтеперераб…
Нефтепроводы
Газопроводы
Сельское хозя…
Непромышлен…
Государственн…
Население иприравненныегруппыпотребителей
Территориальн…
абс.
%
Прогноз на месяц 
Ноябрь
КПО/Отпуск из сети 
Отпуск из сети, млн. кВт.ч
Организация 
Все
Прогноз электропотребления и выручки за услуги по передаче в разрезе отраслей'

17-03-2025T06:40:21 - [TEST_STEP][PASSED] - b7 = b7.replaceAll("[^0-9]", ""): null

17-03-2025T06:40:21 - [TEST_STEP][PASSED] - println("b7:" + b7): null

17-03-2025T06:40:21 - [TEST_STEP][PASSED] - click(findTestObject("Прогноз по отраслям/Фильтр Сравнение с Стресс")): Object: 'Object Repository/Прогноз по отраслям/Фильтр Сравнение с Стресс' is clicked on

17-03-2025T06:40:22 - [MESSAGE][PASSED] - Object: 'Object Repository/Прогноз по отраслям/Фильтр Сравнение с Стресс' is clicked on

17-03-2025T06:40:22 - [TEST_STEP][PASSED] - click(findTestObject("Прогноз по отраслям/План Стресс")): Object: 'Object Repository/Прогноз по отраслям/План Стресс' is clicked on

17-03-2025T06:40:23 - [MESSAGE][PASSED] - Object: 'Object Repository/Прогноз по отраслям/План Стресс' is clicked on

17-03-2025T06:40:23 - [TEST_STEP][PASSED] - delay(40): Delayed 40 second(s)

17-03-2025T06:41:03 - [MESSAGE][PASSED] - Delayed 40 second(s)

17-03-2025T06:41:03 - [TEST_STEP][PASSED] - b8 = getText(findTestObject("Прогноз по отраслям/Виджеты дашборда")): Text of object 'Object Repository/Прогноз по отраслям/Виджеты дашборда' is: 'Год 
2023 год
Сравнение с 
План
Отклонения по ПАО Россети на 2023 год
-492.2 -492.2
7 165.1 7 165.1
689.3 689.3
33 271.7 33 271.7
986.4 986.4
593.8 593.8
764.0 764.0
670.4 670.4
-592.4 -592.4
308.8 308.8
-940.9 -940.9
19 604.1 19 604.1
⬤ Отклонение, млн. кВт.ч
Интер РАО (для ФСК)
Промышленные потребители
Транспорт
Нефтедобыча
Нефтепереработка
Нефтепроводы
Газопроводы
Сельское хозяйство и пищевая про…
Непромышленные потребители
Государственные (муниципальные…
Население и приравненные группы…
Территориальные сетевые организ…
Выручка отклонения по ПАО Россети на 2023 год
794.9 794.9
12 195.0 12 195.0
972.7 972.7
61 803.9 61 803.9
4 222.3 4 222.3
-121.8 -121.8
666.2 666.2
873.2 873.2
5 809.6 5 809.6
1 342.6 1 342.6
-4 463.2 -4 463.2
18 375.5 18 375.5
⬤ Отклонение, млн. руб
Интер РАО (для ФСК)
Промышленные потребители
Транспорт
Нефтедобыча
Нефтепереработка
Нефтепроводы
Газопроводы
Сельское хозяйство и пищевая про…
Непромышленные потребители
Государственные (муниципальные…
Население и приравненные группы…
Территориальные сетевые организ…
Динамика электропотребления, млрд. кВт.ч., по ПАО Россети на 2023 год
10 10
190 190
36 36
14 14
9 9
14 14
4 4
17 17
80 80
19 19
82 82
588 588
10 10
197 197
37 37
48 48
10 10
15 15
4 4
18 18
80 80
19 19
82 82
608 608
План
Ожидаемое (прогноз до конца года)
Интер РАО(для ФСК)
Промышленныепотребители
Транспорт
Нефтедобыча
Нефтеперераб…
Нефтепроводы
Газопроводы
Сельское хозя…
Непромышлен…
Государственн…
Население иприравненныегруппыпотребителей
Территориальн…
Выручка, млрд. руб, по ПАО Россети на 2023 год
5 5
319 319
81 81
16 16
16 16
20 20
2 2
56 56
215 215
67 67
218 218
239 239
6 6
331 331
82 82
77 77
20 20
20 20
3 3
57 57
220 220
68 68
214 214
258 258
План
Ожидаемое (прогноз до конца года)
Интер РАО(для ФСК)
Промышленныепотребители
Транспорт
Нефтедобыча
Нефтеперераб…
Нефтепроводы
Газопроводы
Сельское хозя…
Непромышлен…
Государственн…
Население иприравненныегруппыпотребителей
Территориальн…
абс.
%
Прогноз на месяц 
Ноябрь
КПО/Отпуск из сети 
Отпуск из сети, млн. кВт.ч
Организация 
Все
Прогноз электропотребления и выручки за услуги по передаче в разрезе отраслей'

17-03-2025T06:41:04 - [MESSAGE][PASSED] - Text of object 'Object Repository/Прогноз по отраслям/Виджеты дашборда' is: 'Год 
2023 год
Сравнение с 
План
Отклонения по ПАО Россети на 2023 год
-492.2 -492.2
7 165.1 7 165.1
689.3 689.3
33 271.7 33 271.7
986.4 986.4
593.8 593.8
764.0 764.0
670.4 670.4
-592.4 -592.4
308.8 308.8
-940.9 -940.9
19 604.1 19 604.1
⬤ Отклонение, млн. кВт.ч
Интер РАО (для ФСК)
Промышленные потребители
Транспорт
Нефтедобыча
Нефтепереработка
Нефтепроводы
Газопроводы
Сельское хозяйство и пищевая про…
Непромышленные потребители
Государственные (муниципальные…
Население и приравненные группы…
Территориальные сетевые организ…
Выручка отклонения по ПАО Россети на 2023 год
794.9 794.9
12 195.0 12 195.0
972.7 972.7
61 803.9 61 803.9
4 222.3 4 222.3
-121.8 -121.8
666.2 666.2
873.2 873.2
5 809.6 5 809.6
1 342.6 1 342.6
-4 463.2 -4 463.2
18 375.5 18 375.5
⬤ Отклонение, млн. руб
Интер РАО (для ФСК)
Промышленные потребители
Транспорт
Нефтедобыча
Нефтепереработка
Нефтепроводы
Газопроводы
Сельское хозяйство и пищевая про…
Непромышленные потребители
Государственные (муниципальные…
Население и приравненные группы…
Территориальные сетевые организ…
Динамика электропотребления, млрд. кВт.ч., по ПАО Россети на 2023 год
10 10
190 190
36 36
14 14
9 9
14 14
4 4
17 17
80 80
19 19
82 82
588 588
10 10
197 197
37 37
48 48
10 10
15 15
4 4
18 18
80 80
19 19
82 82
608 608
План
Ожидаемое (прогноз до конца года)
Интер РАО(для ФСК)
Промышленныепотребители
Транспорт
Нефтедобыча
Нефтеперераб…
Нефтепроводы
Газопроводы
Сельское хозя…
Непромышлен…
Государственн…
Население иприравненныегруппыпотребителей
Территориальн…
Выручка, млрд. руб, по ПАО Россети на 2023 год
5 5
319 319
81 81
16 16
16 16
20 20
2 2
56 56
215 215
67 67
218 218
239 239
6 6
331 331
82 82
77 77
20 20
20 20
3 3
57 57
220 220
68 68
214 214
258 258
План
Ожидаемое (прогноз до конца года)
Интер РАО(для ФСК)
Промышленныепотребители
Транспорт
Нефтедобыча
Нефтеперераб…
Нефтепроводы
Газопроводы
Сельское хозя…
Непромышлен…
Государственн…
Население иприравненныегруппыпотребителей
Территориальн…
абс.
%
Прогноз на месяц 
Ноябрь
КПО/Отпуск из сети 
Отпуск из сети, млн. кВт.ч
Организация 
Все
Прогноз электропотребления и выручки за услуги по передаче в разрезе отраслей'

17-03-2025T06:41:04 - [TEST_STEP][PASSED] - b8 = b8.replaceAll("[^0-9]", ""): null

17-03-2025T06:41:04 - [TEST_STEP][PASSED] - println("b8:" + b8): null

17-03-2025T06:41:04 - [TEST_STEP][PASSED] - click(findTestObject("Прогноз по отраслям/Фильтр Сравнение с Стресс")): Object: 'Object Repository/Прогноз по отраслям/Фильтр Сравнение с Стресс' is clicked on

17-03-2025T06:41:04 - [MESSAGE][PASSED] - Object: 'Object Repository/Прогноз по отраслям/Фильтр Сравнение с Стресс' is clicked on

17-03-2025T06:41:04 - [TEST_STEP][PASSED] - click(findTestObject("Прогноз по отраслям/План СУ Стресс")): Object: 'Object Repository/Прогноз по отраслям/План СУ Стресс' is clicked on

17-03-2025T06:41:05 - [MESSAGE][PASSED] - Object: 'Object Repository/Прогноз по отраслям/План СУ Стресс' is clicked on

17-03-2025T06:41:05 - [TEST_STEP][PASSED] - delay(40): Delayed 40 second(s)

17-03-2025T06:41:45 - [MESSAGE][PASSED] - Delayed 40 second(s)

17-03-2025T06:41:45 - [TEST_STEP][PASSED] - b9 = getText(findTestObject("Прогноз по отраслям/Виджеты дашборда")): Text of object 'Object Repository/Прогноз по отраслям/Виджеты дашборда' is: 'Год 
2023 год
Сравнение с 
План/СУ
Отклонения по ПАО Россети на 2023 год
243.5 243.5
16 024.4 16 024.4
1 255.1 1 255.1
32 869.9 32 869.9
1 135.7 1 135.7
950.0 950.0
511.1 511.1
1 324.2 1 324.2
-5 962.8 -5 962.8
433.5 433.5
2 431.5 2 431.5
22 321.4 22 321.4
⬤ Отклонение, млн. кВт.ч
Интер РАО (для ФСК)
Промышленные потребители
Транспорт
Нефтедобыча
Нефтепереработка
Нефтепроводы
Газопроводы
Сельское хозяйство и пищевая про…
Непромышленные потребители
Государственные (муниципальные…
Население и приравненные группы…
Территориальные сетевые организ…
Выручка отклонения по ПАО Россети на 2023 год
⬤ Отклонение, млн. руб
Интер РАО (для ФСК)
Промышленные потребители
Транспорт
Нефтедобыча
Нефтепереработка
Нефтепроводы
Газопроводы
Сельское хозяйство и пищевая про…
Непромышленные потребители
Государственные (муниципальные…
Население и приравненные группы…
Территориальные сетевые организ…
Динамика электропотребления, млрд. кВт.ч., по ПАО Россети на 2023 год
10 10
181 181
36 36
15 15
9 9
14 14
4 4
16 16
86 86
19 19
79 79
586 586
10 10
197 197
37 37
48 48
10 10
15 15
4 4
18 18
80 80
19 19
82 82
608 608
СУ
Ожидаемое (прогноз до конца года)
Интер РАО(для ФСК)
Промышленныепотребители
Транспорт
Нефтедобыча
Нефтеперераб…
Нефтепроводы
Газопроводы
Сельское хозя…
Непромышлен…
Государственн…
Население иприравненныегруппыпотребителей
Территориальн…
Выручка, млрд. руб, по ПАО Россети на 2023 год
6 6
331 331
82 82
77 77
20 20
20 20
3 3
57 57
220 220
68 68
214 214
258 258
Ожидаемое (прогноз до конца года)
Интер РАО(для ФСК)
Промышленныепотребители
Транспорт
Нефтедобыча
Нефтеперераб…
Нефтепроводы
Газопроводы
Сельское хозя…
Непромышлен…
Государственн…
Население иприравненныегруппыпотребителей
Территориальн…
абс.
%
Прогноз на месяц 
Ноябрь
КПО/Отпуск из сети 
Отпуск из сети, млн. кВт.ч
Организация 
Все
Прогноз электропотребления и выручки за услуги по передаче в разрезе отраслей'

17-03-2025T06:41:46 - [MESSAGE][PASSED] - Text of object 'Object Repository/Прогноз по отраслям/Виджеты дашборда' is: 'Год 
2023 год
Сравнение с 
План/СУ
Отклонения по ПАО Россети на 2023 год
243.5 243.5
16 024.4 16 024.4
1 255.1 1 255.1
32 869.9 32 869.9
1 135.7 1 135.7
950.0 950.0
511.1 511.1
1 324.2 1 324.2
-5 962.8 -5 962.8
433.5 433.5
2 431.5 2 431.5
22 321.4 22 321.4
⬤ Отклонение, млн. кВт.ч
Интер РАО (для ФСК)
Промышленные потребители
Транспорт
Нефтедобыча
Нефтепереработка
Нефтепроводы
Газопроводы
Сельское хозяйство и пищевая про…
Непромышленные потребители
Государственные (муниципальные…
Население и приравненные группы…
Территориальные сетевые организ…
Выручка отклонения по ПАО Россети на 2023 год
⬤ Отклонение, млн. руб
Интер РАО (для ФСК)
Промышленные потребители
Транспорт
Нефтедобыча
Нефтепереработка
Нефтепроводы
Газопроводы
Сельское хозяйство и пищевая про…
Непромышленные потребители
Государственные (муниципальные…
Население и приравненные группы…
Территориальные сетевые организ…
Динамика электропотребления, млрд. кВт.ч., по ПАО Россети на 2023 год
10 10
181 181
36 36
15 15
9 9
14 14
4 4
16 16
86 86
19 19
79 79
586 586
10 10
197 197
37 37
48 48
10 10
15 15
4 4
18 18
80 80
19 19
82 82
608 608
СУ
Ожидаемое (прогноз до конца года)
Интер РАО(для ФСК)
Промышленныепотребители
Транспорт
Нефтедобыча
Нефтеперераб…
Нефтепроводы
Газопроводы
Сельское хозя…
Непромышлен…
Государственн…
Население иприравненныегруппыпотребителей
Территориальн…
Выручка, млрд. руб, по ПАО Россети на 2023 год
6 6
331 331
82 82
77 77
20 20
20 20
3 3
57 57
220 220
68 68
214 214
258 258
Ожидаемое (прогноз до конца года)
Интер РАО(для ФСК)
Промышленныепотребители
Транспорт
Нефтедобыча
Нефтеперераб…
Нефтепроводы
Газопроводы
Сельское хозя…
Непромышлен…
Государственн…
Население иприравненныегруппыпотребителей
Территориальн…
абс.
%
Прогноз на месяц 
Ноябрь
КПО/Отпуск из сети 
Отпуск из сети, млн. кВт.ч
Организация 
Все
Прогноз электропотребления и выручки за услуги по передаче в разрезе отраслей'

17-03-2025T06:41:46 - [TEST_STEP][PASSED] - b9 = b9.replaceAll("[^0-9]", ""): null

17-03-2025T06:41:46 - [TEST_STEP][PASSED] - println("b9:" + b9): null

17-03-2025T06:41:46 - [TEST_STEP][PASSED] - click(findTestObject("Прогноз по отраслям/Фильтр Сравнение с Стресс")): Object: 'Object Repository/Прогноз по отраслям/Фильтр Сравнение с Стресс' is clicked on

17-03-2025T06:41:46 - [MESSAGE][PASSED] - Object: 'Object Repository/Прогноз по отраслям/Фильтр Сравнение с Стресс' is clicked on

17-03-2025T06:41:46 - [TEST_STEP][PASSED] - click(findTestObject("Прогноз по отраслям/Факт прошлого года Стресс")): Object: 'Object Repository/Прогноз по отраслям/Факт прошлого года Стресс' is clicked on

17-03-2025T06:41:48 - [MESSAGE][PASSED] - Object: 'Object Repository/Прогноз по отраслям/Факт прошлого года Стресс' is clicked on

17-03-2025T06:41:48 - [TEST_STEP][PASSED] - click(findTestObject("Прогноз по отраслям/Фильтр КПО-Отпуск Стресс")): Object: 'Object Repository/Прогноз по отраслям/Фильтр КПО-Отпуск Стресс' is clicked on

17-03-2025T06:41:49 - [MESSAGE][PASSED] - Object: 'Object Repository/Прогноз по отраслям/Фильтр КПО-Отпуск Стресс' is clicked on

17-03-2025T06:41:49 - [TEST_STEP][PASSED] - click(findTestObject("Прогноз по отраслям/КПО Стресс")): Object: 'Object Repository/Прогноз по отраслям/КПО Стресс' is clicked on

17-03-2025T06:41:50 - [MESSAGE][PASSED] - Object: 'Object Repository/Прогноз по отраслям/КПО Стресс' is clicked on

17-03-2025T06:41:50 - [TEST_STEP][PASSED] - delay(40): Delayed 40 second(s)

17-03-2025T06:42:30 - [MESSAGE][PASSED] - Delayed 40 second(s)

17-03-2025T06:42:30 - [TEST_STEP][PASSED] - b10 = getText(findTestObject("Прогноз по отраслям/Виджеты дашборда")): Text of object 'Object Repository/Прогноз по отраслям/Виджеты дашборда' is: 'Год 
2023 год
Сравнение с 
Факт прошлого года
Отклонения по ПАО Россети на 2023 год
0.0 0.0
646.5 646.5
341.1 341.1
-2 455.6 -2 455.6
245.6 245.6
-1 796.0 -1 796.0
676.2 676.2
452.4 452.4
1 386.2 1 386.2
527.5 527.5
-1 130.4 -1 130.4
-128.7 -128.7
⬤ Отклонение, млн. кВт.ч
Интер РАО (для ФСК)
Промышленные потребители
Транспорт
Нефтедобыча
Нефтепереработка
Нефтепроводы
Газопроводы
Сельское хозяйство и пищевая про…
Непромышленные потребители
Государственные (муниципальные…
Население и приравненные группы…
Территориальные сетевые организ…
Выручка отклонения по ПАО Россети на 2023 год
421.3 421.3
45 574.9 45 574.9
9 547.5 9 547.5
4 889.3 4 889.3
2 337.4 2 337.4
-1 682.6 -1 682.6
2 919.4 2 919.4
7 110.2 7 110.2
19 840.8 19 840.8
7 289.5 7 289.5
23 664.8 23 664.8
31 028.3 31 028.3
⬤ Отклонение, млн. руб
Интер РАО (для ФСК)
Промышленные потребители
Транспорт
Нефтедобыча
Нефтепереработка
Нефтепроводы
Газопроводы
Сельское хозяйство и пищевая про…
Непромышленные потребители
Государственные (муниципальные…
Население и приравненные группы…
Территориальные сетевые организ…
Динамика электропотребления, млрд. кВт.ч., по ПАО Россети на 2023 год
0 0
120 120
38 38
41 41
8 8
10 10
0 0
19 19
77 77
25 25
122 122
61 61
0 0
120 120
39 39
39 39
8 8
8 8
1 1
20 20
78 78
26 26
121 121
60 60
Факт прошлого года
Ожидаемое (прогноз до конца года)
Интер РАО(для ФСК)
Промышленныепотребители
Транспорт
Нефтедобыча
Нефтеперераб…
Нефтепроводы
Газопроводы
Сельское хозя…
Непромышлен…
Государственн…
Население иприравненныегруппыпотребителей
Территориальн…
Выручка, млрд. руб, по ПАО Россети на 2023 год
5 5
285 285
72 72
72 72
18 18
22 22
0 0
50 50
201 201
61 61
190 190
227 227
6 6
331 331
82 82
77 77
20 20
20 20
3 3
57 57
220 220
68 68
214 214
258 258
Факт прошлого года
Ожидаемое (прогноз до конца года)
Интер РАО(для ФСК)
Промышленныепотребители
Транспорт
Нефтедобыча
Нефтеперераб…
Нефтепроводы
Газопроводы
Сельское хозя…
Непромышлен…
Государственн…
Население иприравненныегруппыпотребителей
Территориальн…
абс.
%
Прогноз на месяц 
Ноябрь
КПО/Отпуск из сети 
Котловой полезный отпуск, млн. кВт.ч
Организация 
Все
Прогноз электропотребления и выручки за услуги по передаче в разрезе отраслей'

17-03-2025T06:42:31 - [MESSAGE][PASSED] - Text of object 'Object Repository/Прогноз по отраслям/Виджеты дашборда' is: 'Год 
2023 год
Сравнение с 
Факт прошлого года
Отклонения по ПАО Россети на 2023 год
0.0 0.0
646.5 646.5
341.1 341.1
-2 455.6 -2 455.6
245.6 245.6
-1 796.0 -1 796.0
676.2 676.2
452.4 452.4
1 386.2 1 386.2
527.5 527.5
-1 130.4 -1 130.4
-128.7 -128.7
⬤ Отклонение, млн. кВт.ч
Интер РАО (для ФСК)
Промышленные потребители
Транспорт
Нефтедобыча
Нефтепереработка
Нефтепроводы
Газопроводы
Сельское хозяйство и пищевая про…
Непромышленные потребители
Государственные (муниципальные…
Население и приравненные группы…
Территориальные сетевые организ…
Выручка отклонения по ПАО Россети на 2023 год
421.3 421.3
45 574.9 45 574.9
9 547.5 9 547.5
4 889.3 4 889.3
2 337.4 2 337.4
-1 682.6 -1 682.6
2 919.4 2 919.4
7 110.2 7 110.2
19 840.8 19 840.8
7 289.5 7 289.5
23 664.8 23 664.8
31 028.3 31 028.3
⬤ Отклонение, млн. руб
Интер РАО (для ФСК)
Промышленные потребители
Транспорт
Нефтедобыча
Нефтепереработка
Нефтепроводы
Газопроводы
Сельское хозяйство и пищевая про…
Непромышленные потребители
Государственные (муниципальные…
Население и приравненные группы…
Территориальные сетевые организ…
Динамика электропотребления, млрд. кВт.ч., по ПАО Россети на 2023 год
0 0
120 120
38 38
41 41
8 8
10 10
0 0
19 19
77 77
25 25
122 122
61 61
0 0
120 120
39 39
39 39
8 8
8 8
1 1
20 20
78 78
26 26
121 121
60 60
Факт прошлого года
Ожидаемое (прогноз до конца года)
Интер РАО(для ФСК)
Промышленныепотребители
Транспорт
Нефтедобыча
Нефтеперераб…
Нефтепроводы
Газопроводы
Сельское хозя…
Непромышлен…
Государственн…
Население иприравненныегруппыпотребителей
Территориальн…
Выручка, млрд. руб, по ПАО Россети на 2023 год
5 5
285 285
72 72
72 72
18 18
22 22
0 0
50 50
201 201
61 61
190 190
227 227
6 6
331 331
82 82
77 77
20 20
20 20
3 3
57 57
220 220
68 68
214 214
258 258
Факт прошлого года
Ожидаемое (прогноз до конца года)
Интер РАО(для ФСК)
Промышленныепотребители
Транспорт
Нефтедобыча
Нефтеперераб…
Нефтепроводы
Газопроводы
Сельское хозя…
Непромышлен…
Государственн…
Население иприравненныегруппыпотребителей
Территориальн…
абс.
%
Прогноз на месяц 
Ноябрь
КПО/Отпуск из сети 
Котловой полезный отпуск, млн. кВт.ч
Организация 
Все
Прогноз электропотребления и выручки за услуги по передаче в разрезе отраслей'

17-03-2025T06:42:31 - [TEST_STEP][PASSED] - b10 = b10.replaceAll("[^0-9]", ""): null

17-03-2025T06:42:31 - [TEST_STEP][PASSED] - println("b10:" + b10): null

17-03-2025T06:42:31 - [TEST_STEP][PASSED] - click(findTestObject("Прогноз по отраслям/Фильтр Сравнение с Стресс")): Object: 'Object Repository/Прогноз по отраслям/Фильтр Сравнение с Стресс' is clicked on

17-03-2025T06:42:31 - [MESSAGE][PASSED] - Object: 'Object Repository/Прогноз по отраслям/Фильтр Сравнение с Стресс' is clicked on

17-03-2025T06:42:31 - [TEST_STEP][PASSED] - click(findTestObject("Прогноз по отраслям/План Стресс")): Object: 'Object Repository/Прогноз по отраслям/План Стресс' is clicked on

17-03-2025T06:42:33 - [MESSAGE][PASSED] - Object: 'Object Repository/Прогноз по отраслям/План Стресс' is clicked on

17-03-2025T06:42:33 - [TEST_STEP][PASSED] - delay(40): Delayed 40 second(s)

17-03-2025T06:43:13 - [MESSAGE][PASSED] - Delayed 40 second(s)

17-03-2025T06:43:13 - [TEST_STEP][PASSED] - b11 = getText(findTestObject("Прогноз по отраслям/Виджеты дашборда")): Text of object 'Object Repository/Прогноз по отраслям/Виджеты дашборда' is: 'Год 
2023 год
Сравнение с 
План
Отклонения по ПАО Россети на 2023 год
0.0 0.0
1 471.7 1 471.7
1 186.5 1 186.5
32 445.2 32 445.2
1 268.3 1 268.3
349.4 349.4
84.3 84.3
239.8 239.8
2 969.4 2 969.4
589.2 589.2
-1 798.4 -1 798.4
5 359.3 5 359.3
⬤ Отклонение, млн. кВт.ч
Интер РАО (для ФСК)
Промышленные потребители
Транспорт
Нефтедобыча
Нефтепереработка
Нефтепроводы
Газопроводы
Сельское хозяйство и пищевая про…
Непромышленные потребители
Государственные (муниципальные…
Население и приравненные группы…
Территориальные сетевые организ…
Выручка отклонения по ПАО Россети на 2023 год
794.9 794.9
12 195.0 12 195.0
972.7 972.7
61 803.9 61 803.9
4 222.3 4 222.3
-121.8 -121.8
666.2 666.2
873.2 873.2
5 809.6 5 809.6
1 342.6 1 342.6
-4 463.2 -4 463.2
18 375.5 18 375.5
⬤ Отклонение, млн. руб
Интер РАО (для ФСК)
Промышленные потребители
Транспорт
Нефтедобыча
Нефтепереработка
Нефтепроводы
Газопроводы
Сельское хозяйство и пищевая про…
Непромышленные потребители
Государственные (муниципальные…
Население и приравненные группы…
Территориальные сетевые организ…
Динамика электропотребления, млрд. кВт.ч., по ПАО Россети на 2023 год
0 0
119 119
37 37
7 7
7 7
8 8
1 1
19 19
75 75
25 25
123 123
55 55
0 0
120 120
39 39
39 39
8 8
8 8
1 1
20 20
78 78
26 26
121 121
60 60
План
Ожидаемое (прогноз до конца года)
Интер РАО(для ФСК)
Промышленныепотребители
Транспорт
Нефтедобыча
Нефтеперераб…
Нефтепроводы
Газопроводы
Сельское хозя…
Непромышлен…
Государственн…
Население иприравненныегруппыпотребителей
Территориальн…
Выручка, млрд. руб, по ПАО Россети на 2023 год
5 5
319 319
81 81
16 16
16 16
20 20
2 2
56 56
215 215
67 67
218 218
239 239
6 6
331 331
82 82
77 77
20 20
20 20
3 3
57 57
220 220
68 68
214 214
258 258
План
Ожидаемое (прогноз до конца года)
Интер РАО(для ФСК)
Промышленныепотребители
Транспорт
Нефтедобыча
Нефтеперераб…
Нефтепроводы
Газопроводы
Сельское хозя…
Непромышлен…
Государственн…
Население иприравненныегруппыпотребителей
Территориальн…
абс.
%
Прогноз на месяц 
Ноябрь
КПО/Отпуск из сети 
Котловой полезный отпуск, млн. кВт.ч
Организация 
Все
Прогноз электропотребления и выручки за услуги по передаче в разрезе отраслей'

17-03-2025T06:43:13 - [MESSAGE][PASSED] - Text of object 'Object Repository/Прогноз по отраслям/Виджеты дашборда' is: 'Год 
2023 год
Сравнение с 
План
Отклонения по ПАО Россети на 2023 год
0.0 0.0
1 471.7 1 471.7
1 186.5 1 186.5
32 445.2 32 445.2
1 268.3 1 268.3
349.4 349.4
84.3 84.3
239.8 239.8
2 969.4 2 969.4
589.2 589.2
-1 798.4 -1 798.4
5 359.3 5 359.3
⬤ Отклонение, млн. кВт.ч
Интер РАО (для ФСК)
Промышленные потребители
Транспорт
Нефтедобыча
Нефтепереработка
Нефтепроводы
Газопроводы
Сельское хозяйство и пищевая про…
Непромышленные потребители
Государственные (муниципальные…
Население и приравненные группы…
Территориальные сетевые организ…
Выручка отклонения по ПАО Россети на 2023 год
794.9 794.9
12 195.0 12 195.0
972.7 972.7
61 803.9 61 803.9
4 222.3 4 222.3
-121.8 -121.8
666.2 666.2
873.2 873.2
5 809.6 5 809.6
1 342.6 1 342.6
-4 463.2 -4 463.2
18 375.5 18 375.5
⬤ Отклонение, млн. руб
Интер РАО (для ФСК)
Промышленные потребители
Транспорт
Нефтедобыча
Нефтепереработка
Нефтепроводы
Газопроводы
Сельское хозяйство и пищевая про…
Непромышленные потребители
Государственные (муниципальные…
Население и приравненные группы…
Территориальные сетевые организ…
Динамика электропотребления, млрд. кВт.ч., по ПАО Россети на 2023 год
0 0
119 119
37 37
7 7
7 7
8 8
1 1
19 19
75 75
25 25
123 123
55 55
0 0
120 120
39 39
39 39
8 8
8 8
1 1
20 20
78 78
26 26
121 121
60 60
План
Ожидаемое (прогноз до конца года)
Интер РАО(для ФСК)
Промышленныепотребители
Транспорт
Нефтедобыча
Нефтеперераб…
Нефтепроводы
Газопроводы
Сельское хозя…
Непромышлен…
Государственн…
Население иприравненныегруппыпотребителей
Территориальн…
Выручка, млрд. руб, по ПАО Россети на 2023 год
5 5
319 319
81 81
16 16
16 16
20 20
2 2
56 56
215 215
67 67
218 218
239 239
6 6
331 331
82 82
77 77
20 20
20 20
3 3
57 57
220 220
68 68
214 214
258 258
План
Ожидаемое (прогноз до конца года)
Интер РАО(для ФСК)
Промышленныепотребители
Транспорт
Нефтедобыча
Нефтеперераб…
Нефтепроводы
Газопроводы
Сельское хозя…
Непромышлен…
Государственн…
Население иприравненныегруппыпотребителей
Территориальн…
абс.
%
Прогноз на месяц 
Ноябрь
КПО/Отпуск из сети 
Котловой полезный отпуск, млн. кВт.ч
Организация 
Все
Прогноз электропотребления и выручки за услуги по передаче в разрезе отраслей'

17-03-2025T06:43:13 - [TEST_STEP][PASSED] - println("b11:" + b11): null

17-03-2025T06:43:13 - [TEST_STEP][PASSED] - b11 = b11.replaceAll("[^0-9]", ""): null

17-03-2025T06:43:13 - [TEST_STEP][PASSED] - println("b11:" + b11): null

17-03-2025T06:43:13 - [TEST_STEP][PASSED] - click(findTestObject("Прогноз по отраслям/Фильтр Сравнение с Стресс")): Object: 'Object Repository/Прогноз по отраслям/Фильтр Сравнение с Стресс' is clicked on

17-03-2025T06:43:14 - [MESSAGE][PASSED] - Object: 'Object Repository/Прогноз по отраслям/Фильтр Сравнение с Стресс' is clicked on

17-03-2025T06:43:14 - [TEST_STEP][PASSED] - click(findTestObject("Прогноз по отраслям/План СУ Стресс")): Object: 'Object Repository/Прогноз по отраслям/План СУ Стресс' is clicked on

17-03-2025T06:43:15 - [MESSAGE][PASSED] - Object: 'Object Repository/Прогноз по отраслям/План СУ Стресс' is clicked on

17-03-2025T06:43:15 - [TEST_STEP][PASSED] - delay(40): Delayed 40 second(s)

17-03-2025T06:43:55 - [MESSAGE][PASSED] - Delayed 40 second(s)

17-03-2025T06:43:55 - [TEST_STEP][PASSED] - b12 = getText(findTestObject("Прогноз по отраслям/Виджеты дашборда")): Text of object 'Object Repository/Прогноз по отраслям/Виджеты дашборда' is: 'Год 
2023 год
Сравнение с 
План/СУ
Отклонения по ПАО Россети на 2023 год
0.0 0.0
120 322.6 120 322.6
38 655.4 38 655.4
39 037.8 39 037.8
8 291.7 8 291.7
8 259.5 8 259.5
793.1 793.1
19 706.6 19 706.6
78 310.2 78 310.2
25 579.5 25 579.5
121 219.7 121 219.7
60 414.9 60 414.9
⬤ Отклонение, млн. кВт.ч
Интер РАО (для ФСК)
Промышленные потребители
Транспорт
Нефтедобыча
Нефтепереработка
Нефтепроводы
Газопроводы
Сельское хозяйство и пищевая про…
Непромышленные потребители
Государственные (муниципальные…
Население и приравненные группы…
Территориальные сетевые организ…
Выручка отклонения по ПАО Россети на 2023 год
⬤ Отклонение, млн. руб
Интер РАО (для ФСК)
Промышленные потребители
Транспорт
Нефтедобыча
Нефтепереработка
Нефтепроводы
Газопроводы
Сельское хозяйство и пищевая про…
Непромышленные потребители
Государственные (муниципальные…
Население и приравненные группы…
Территориальные сетевые организ…
Динамика электропотребления, млрд. кВт.ч., по ПАО Россети на 2023 год
0 0
0 0
0 0
0 0
0 0
0 0
0 0
0 0
0 0
0 0
0 0
0 0
0 0
120 120
39 39
39 39
8 8
8 8
1 1
20 20
78 78
26 26
121 121
60 60
СУ
Ожидаемое (прогноз до конца года)
Интер РАО(для ФСК)
Промышленныепотребители
Транспорт
Нефтедобыча
Нефтеперераб…
Нефтепроводы
Газопроводы
Сельское хозя…
Непромышлен…
Государственн…
Население иприравненныегруппыпотребителей
Территориальн…
Выручка, млрд. руб, по ПАО Россети на 2023 год
6 6
331 331
82 82
77 77
20 20
20 20
3 3
57 57
220 220
68 68
214 214
258 258
Ожидаемое (прогноз до конца года)
Интер РАО(для ФСК)
Промышленныепотребители
Транспорт
Нефтедобыча
Нефтеперераб…
Нефтепроводы
Газопроводы
Сельское хозя…
Непромышлен…
Государственн…
Население иприравненныегруппыпотребителей
Территориальн…
абс.
%
Прогноз на месяц 
Ноябрь
КПО/Отпуск из сети 
Котловой полезный отпуск, млн. кВт.ч
Организация 
Все
Прогноз электропотребления и выручки за услуги по передаче в разрезе отраслей'

17-03-2025T06:43:56 - [MESSAGE][PASSED] - Text of object 'Object Repository/Прогноз по отраслям/Виджеты дашборда' is: 'Год 
2023 год
Сравнение с 
План/СУ
Отклонения по ПАО Россети на 2023 год
0.0 0.0
120 322.6 120 322.6
38 655.4 38 655.4
39 037.8 39 037.8
8 291.7 8 291.7
8 259.5 8 259.5
793.1 793.1
19 706.6 19 706.6
78 310.2 78 310.2
25 579.5 25 579.5
121 219.7 121 219.7
60 414.9 60 414.9
⬤ Отклонение, млн. кВт.ч
Интер РАО (для ФСК)
Промышленные потребители
Транспорт
Нефтедобыча
Нефтепереработка
Нефтепроводы
Газопроводы
Сельское хозяйство и пищевая про…
Непромышленные потребители
Государственные (муниципальные…
Население и приравненные группы…
Территориальные сетевые организ…
Выручка отклонения по ПАО Россети на 2023 год
⬤ Отклонение, млн. руб
Интер РАО (для ФСК)
Промышленные потребители
Транспорт
Нефтедобыча
Нефтепереработка
Нефтепроводы
Газопроводы
Сельское хозяйство и пищевая про…
Непромышленные потребители
Государственные (муниципальные…
Население и приравненные группы…
Территориальные сетевые организ…
Динамика электропотребления, млрд. кВт.ч., по ПАО Россети на 2023 год
0 0
0 0
0 0
0 0
0 0
0 0
0 0
0 0
0 0
0 0
0 0
0 0
0 0
120 120
39 39
39 39
8 8
8 8
1 1
20 20
78 78
26 26
121 121
60 60
СУ
Ожидаемое (прогноз до конца года)
Интер РАО(для ФСК)
Промышленныепотребители
Транспорт
Нефтедобыча
Нефтеперераб…
Нефтепроводы
Газопроводы
Сельское хозя…
Непромышлен…
Государственн…
Население иприравненныегруппыпотребителей
Территориальн…
Выручка, млрд. руб, по ПАО Россети на 2023 год
6 6
331 331
82 82
77 77
20 20
20 20
3 3
57 57
220 220
68 68
214 214
258 258
Ожидаемое (прогноз до конца года)
Интер РАО(для ФСК)
Промышленныепотребители
Транспорт
Нефтедобыча
Нефтеперераб…
Нефтепроводы
Газопроводы
Сельское хозя…
Непромышлен…
Государственн…
Население иприравненныегруппыпотребителей
Территориальн…
абс.
%
Прогноз на месяц 
Ноябрь
КПО/Отпуск из сети 
Котловой полезный отпуск, млн. кВт.ч
Организация 
Все
Прогноз электропотребления и выручки за услуги по передаче в разрезе отраслей'

17-03-2025T06:43:56 - [TEST_STEP][PASSED] - b12 = b12.replaceAll("[^0-9]", ""): null

17-03-2025T06:43:56 - [TEST_STEP][PASSED] - println("b12:" + b12): null

17-03-2025T06:43:56 - [TEST_STEP][PASSED] - if (verifyEqual(a1, b1) == true): Actual object '20232023121218618636365050101019190017178585191982826046041010197197373748481010151544181880801919828260860820235528528572727272181822220050502012016161190190227227663313318282777720202020335757220220686821421425825820231851855959363639390909207207331323313238385656131309090707202377771601601321326767133133777713315133151421429999120120124124137137' and expected object '20232023121218618636365050101019190017178585191982826046041010197197373748481010151544181880801919828260860820235528528572727272181822220050502012016161190190227227663313318282777720202020335757220220686821421425825820231851855959363639390909207207331323313238385656131309090707202377771601601321326767133133777713315133151421429999120120124124137137' are equal

17-03-2025T06:43:56 - [MESSAGE][PASSED] - Actual object '20232023121218618636365050101019190017178585191982826046041010197197373748481010151544181880801919828260860820235528528572727272181822220050502012016161190190227227663313318282777720202020335757220220686821421425825820231851855959363639390909207207331323313238385656131309090707202377771601601321326767133133777713315133151421429999120120124124137137' and expected object '20232023121218618636365050101019190017178585191982826046041010197197373748481010151544181880801919828260860820235528528572727272181822220050502012016161190190227227663313318282777720202020335757220220686821421425825820231851855959363639390909207207331323313238385656131309090707202377771601601321326767133133777713315133151421429999120120124124137137' are equal

17-03-2025T06:43:56 - [TEST_STEP][PASSED] - if (verifyEqual(a2, b2) == true): Actual object '202320231010190190363614149914144417178080191982825885881010197197373748481010151544181880801919828260860820235531931981811616161620202256562152156767218218239239663313318282777720202020335757220220686821421425825820234747383819192303230310910942422172173939060616161010333320231561563838121239823982269269060626926915152727202020207979' and expected object '202320231010190190363614149914144417178080191982825885881010197197373748481010151544181880801919828260860820235531931981811616161620202256562152156767218218239239663313318282777720202020335757220220686821421425825820234747383819192303230310910942422172173939060616161010333320231561563838121239823982269269060626926915152727202020207979' are equal

17-03-2025T06:43:56 - [MESSAGE][PASSED] - Actual object '202320231010190190363614149914144417178080191982825885881010197197373748481010151544181880801919828260860820235531931981811616161620202256562152156767218218239239663313318282777720202020335757220220686821421425825820234747383819192303230310910942422172173939060616161010333320231561563838121239823982269269060626926915152727202020207979' and expected object '202320231010190190363614149914144417178080191982825885881010197197373748481010151544181880801919828260860820235531931981811616161620202256562152156767218218239239663313318282777720202020335757220220686821421425825820234747383819192303230310910942422172173939060616161010333320231561563838121239823982269269060626926915152727202020207979' are equal

17-03-2025T06:43:56 - [TEST_STEP][PASSED] - if (verifyEqual(a3, b3) == true): Actual object '2023202310101811813636151599141444161686861919797958658610101971973737484810101515441818808019198282608608202366331331828277772020202033575722022068682142142582582023252589893535221422141281286969135135818169692323313138382023' and expected object '2023202310101811813636151599141444161686861919797958658610101971973737484810101515441818808019198282608608202366331331828277772020202033575722022068682142142582582023252589893535221422141281286969135135818169692323313138382023' are equal

17-03-2025T06:43:56 - [MESSAGE][PASSED] - Actual object '2023202310101811813636151599141444161686861919797958658610101971973737484810101515441818808019198282608608202366331331828277772020202033575722022068682142142582582023252589893535221422141281286969135135818169692323313138382023' and expected object '2023202310101811813636151599141444161686861919797958658610101971973737484810101515441818808019198282608608202366331331828277772020202033575722022068682142142582582023252589893535221422141281286969135135818169692323313138382023' are equal

17-03-2025T06:43:56 - [TEST_STEP][PASSED] - if (verifyEqual(a4, b4) == true): Actual object '20232023001201203838414188101000191977772525122122616100120120393939398888112020787826261211216060202355285285727272721818222200505020120161611901902272276633133182827777202020203357572202206868214214258258202305050909595931311791795784578423231818212109090202202377771601601321326767133133777713315133151421429999120120124124137137' and expected object '20232023001201203838414188101000191977772525122122616100120120393939398888112020787826261211216060202355285285727272721818222200505020120161611901902272276633133182827777202020203357572202206868214214258258202305050909595931311791795784578423231818212109090202202377771601601321326767133133777713315133151421429999120120124124137137' are equal

17-03-2025T06:43:56 - [MESSAGE][PASSED] - Actual object '20232023001201203838414188101000191977772525122122616100120120393939398888112020787826261211216060202355285285727272721818222200505020120161611901902272276633133182827777202020203357572202206868214214258258202305050909595931311791795784578423231818212109090202202377771601601321326767133133777713315133151421429999120120124124137137' and expected object '20232023001201203838414188101000191977772525122122616100120120393939398888112020787826261211216060202355285285727272721818222200505020120161611901902272276633133182827777202020203357572202206868214214258258202305050909595931311791795784578423231818212109090202202377771601601321326767133133777713315133151421429999120120124124137137' are equal

17-03-2025T06:43:56 - [TEST_STEP][PASSED] - if (verifyEqual(a5, b5) == true): Actual object '20232023001191193737777788111919757525251231235555001201203939393988881120207878262612112160602023553193198181161616162020225656215215676721821823923966331331828277772020202033575722022068682142142582582023121232324921492118118144441191191212414124241414979720231561563838121239823982269269060626926915152727202020207979' and expected object '20232023001191193737777788111919757525251231235555001201203939393988881120207878262612112160602023553193198181161616162020225656215215676721821823923966331331828277772020202033575722022068682142142582582023121232324921492118118144441191191212414124241414979720231561563838121239823982269269060626926915152727202020207979' are equal

17-03-2025T06:43:56 - [MESSAGE][PASSED] - Actual object '20232023001191193737777788111919757525251231235555001201203939393988881120207878262612112160602023553193198181161616162020225656215215676721821823923966331331828277772020202033575722022068682142142582582023121232324921492118118144441191191212414124241414979720231561563838121239823982269269060626926915152727202020207979' and expected object '20232023001191193737777788111919757525251231235555001201203939393988881120207878262612112160602023553193198181161616162020225656215215676721821823923966331331828277772020202033575722022068682142142582582023121232324921492118118144441191191212414124241414979720231561563838121239823982269269060626926915152727202020207979' are equal

17-03-2025T06:43:56 - [TEST_STEP][PASSED] - if (verifyEqual(a6, b6) == true): Actual object '20232023000000000000000000000000001201203939393988881120207878262612112160602023663313318282777720202020335757220220686821421425825820232023' and expected object '20232023000000000000000000000000001201203939393988881120207878262612112160602023663313318282777720202020335757220220686821421425825820232023' are equal

17-03-2025T06:43:56 - [MESSAGE][PASSED] - Actual object '20232023000000000000000000000000001201203939393988881120207878262612112160602023663313318282777720202020335757220220686821421425825820232023' and expected object '20232023000000000000000000000000001201203939393988881120207878262612112160602023663313318282777720202020335757220220686821421425825820232023' are equal

17-03-2025T06:43:56 - [TEST_STEP][PASSED] - if (verifyEqual(a7, b7) == true): Actual object '202320232263522635110546110546128021280219475194759099093845038450416214162165176517472774727725652565723972394292342923202342134213455749455749954759547548893488932337423374168261682629194291947110271102198408198408728957289523664823664831028331028320231212186186363650501010191900171785851919828260460410101971973737484810101515441818808019198282608608202355285285727272721818222200505020120161611901902272276633133182827777202020203357572202206868214214258258' and expected object '202320232263522635110546110546128021280219475194759099093845038450416214162165176517472774727725652565723972394292342923202342134213455749455749954759547548893488932337423374168261682629194291947110271102198408198408728957289523664823664831028331028320231212186186363650501010191900171785851919828260460410101971973737484810101515441818808019198282608608202355285285727272721818222200505020120161611901902272276633133182827777202020203357572202206868214214258258' are equal

17-03-2025T06:43:56 - [MESSAGE][PASSED] - Actual object '202320232263522635110546110546128021280219475194759099093845038450416214162165176517472774727725652565723972394292342923202342134213455749455749954759547548893488932337423374168261682629194291947110271102198408198408728957289523664823664831028331028320231212186186363650501010191900171785851919828260460410101971973737484810101515441818808019198282608608202355285285727272721818222200505020120161611901902272276633133182827777202020203357572202206868214214258258' and expected object '202320232263522635110546110546128021280219475194759099093845038450416214162165176517472774727725652565723972394292342923202342134213455749455749954759547548893488932337423374168261682629194291947110271102198408198408728957289523664823664831028331028320231212186186363650501010191900171785851919828260460410101971973737484810101515441818808019198282608608202355285285727272721818222200505020120161611901902272276633133182827777202020203357572202206868214214258258' are equal

17-03-2025T06:43:56 - [TEST_STEP][PASSED] - if (verifyEqual(a8, b8) == true): Actual object '202320234922492271651716516893689333271733271798649864593859387640764067046704592459243088308894099409196041196041202379497949121950121950972797276180396180394222342223121812186662666287328732580965809613426134264463244632183755183755202310101901903636141499141444171780801919828258858810101971973737484810101515441818808019198282608608202355319319818116161616202022565621521567672182182392396633133182827777202020203357572202206868214214258258' and expected object '202320234922492271651716516893689333271733271798649864593859387640764067046704592459243088308894099409196041196041202379497949121950121950972797276180396180394222342223121812186662666287328732580965809613426134264463244632183755183755202310101901903636141499141444171780801919828258858810101971973737484810101515441818808019198282608608202355319319818116161616202022565621521567672182182392396633133182827777202020203357572202206868214214258258' are equal

17-03-2025T06:43:56 - [MESSAGE][PASSED] - Actual object '202320234922492271651716516893689333271733271798649864593859387640764067046704592459243088308894099409196041196041202379497949121950121950972797276180396180394222342223121812186662666287328732580965809613426134264463244632183755183755202310101901903636141499141444171780801919828258858810101971973737484810101515441818808019198282608608202355319319818116161616202022565621521567672182182392396633133182827777202020203357572202206868214214258258' and expected object '202320234922492271651716516893689333271733271798649864593859387640764067046704592459243088308894099409196041196041202379497949121950121950972797276180396180394222342223121812186662666287328732580965809613426134264463244632183755183755202310101901903636141499141444171780801919828258858810101971973737484810101515441818808019198282608608202355319319818116161616202022565621521567672182182392396633133182827777202020203357572202206868214214258258' are equal

17-03-2025T06:43:56 - [TEST_STEP][PASSED] - if (verifyEqual(a9, b9) == true): Actual object '202320232435243516024416024412551125513286993286991135711357950095005111511113242132425962859628433543352431524315223214223214202320231010181181363615159914144416168686191979795865861010197197373748481010151544181880801919828260860820236633133182827777202020203357572202206868214214258258' and expected object '202320232435243516024416024412551125513286993286991135711357950095005111511113242132425962859628433543352431524315223214223214202320231010181181363615159914144416168686191979795865861010197197373748481010151544181880801919828260860820236633133182827777202020203357572202206868214214258258' are equal

17-03-2025T06:43:56 - [MESSAGE][PASSED] - Actual object '202320232435243516024416024412551125513286993286991135711357950095005111511113242132425962859628433543352431524315223214223214202320231010181181363615159914144416168686191979795865861010197197373748481010151544181880801919828260860820236633133182827777202020203357572202206868214214258258' and expected object '202320232435243516024416024412551125513286993286991135711357950095005111511113242132425962859628433543352431524315223214223214202320231010181181363615159914144416168686191979795865861010197197373748481010151544181880801919828260860820236633133182827777202020203357572202206868214214258258' are equal

17-03-2025T06:43:56 - [TEST_STEP][PASSED] - if (verifyEqual(a10, b10) == true): Actual object '20232023000064656465341134112455624556245624561796017960676267624524452413862138625275527511304113041287128720234213421345574945574995475954754889348893233742337416826168262919429194711027110219840819840872895728952366482366483102833102832023001201203838414188101000191977772525122122616100120120393939398888112020787826261211216060202355285285727272721818222200505020120161611901902272276633133182827777202020203357572202206868214214258258' and expected object '20232023000064656465341134112455624556245624561796017960676267624524452413862138625275527511304113041287128720234213421345574945574995475954754889348893233742337416826168262919429194711027110219840819840872895728952366482366483102833102832023001201203838414188101000191977772525122122616100120120393939398888112020787826261211216060202355285285727272721818222200505020120161611901902272276633133182827777202020203357572202206868214214258258' are equal

17-03-2025T06:43:56 - [MESSAGE][PASSED] - Actual object '20232023000064656465341134112455624556245624561796017960676267624524452413862138625275527511304113041287128720234213421345574945574995475954754889348893233742337416826168262919429194711027110219840819840872895728952366482366483102833102832023001201203838414188101000191977772525122122616100120120393939398888112020787826261211216060202355285285727272721818222200505020120161611901902272276633133182827777202020203357572202206868214214258258' and expected object '20232023000064656465341134112455624556245624561796017960676267624524452413862138625275527511304113041287128720234213421345574945574995475954754889348893233742337416826168262919429194711027110219840819840872895728952366482366483102833102832023001201203838414188101000191977772525122122616100120120393939398888112020787826261211216060202355285285727272721818222200505020120161611901902272276633133182827777202020203357572202206868214214258258' are equal

17-03-2025T06:43:56 - [TEST_STEP][PASSED] - if (verifyEqual(a11, b11) == true): Actual object '202320230000147171471711865118653244523244521268312683349434948438432398239829694296945892589217984179845359353593202379497949121950121950972797276180396180394222342223121812186662666287328732580965809613426134264463244632183755183755202300119119373777778811191975752525123123555500120120393939398888112020787826261211216060202355319319818116161616202022565621521567672182182392396633133182827777202020203357572202206868214214258258' and expected object '202320230000147171471711865118653244523244521268312683349434948438432398239829694296945892589217984179845359353593202379497949121950121950972797276180396180394222342223121812186662666287328732580965809613426134264463244632183755183755202300119119373777778811191975752525123123555500120120393939398888112020787826261211216060202355319319818116161616202022565621521567672182182392396633133182827777202020203357572202206868214214258258' are equal

17-03-2025T06:43:56 - [MESSAGE][PASSED] - Actual object '202320230000147171471711865118653244523244521268312683349434948438432398239829694296945892589217984179845359353593202379497949121950121950972797276180396180394222342223121812186662666287328732580965809613426134264463244632183755183755202300119119373777778811191975752525123123555500120120393939398888112020787826261211216060202355319319818116161616202022565621521567672182182392396633133182827777202020203357572202206868214214258258' and expected object '202320230000147171471711865118653244523244521268312683349434948438432398239829694296945892589217984179845359353593202379497949121950121950972797276180396180394222342223121812186662666287328732580965809613426134264463244632183755183755202300119119373777778811191975752525123123555500120120393939398888112020787826261211216060202355319319818116161616202022565621521567672182182392396633133182827777202020203357572202206868214214258258' are equal

17-03-2025T06:43:56 - [TEST_STEP][PASSED] - if (verifyEqual(a12, b12) == true): Actual object '20232023000012032261203226386554386554390378390378829178291782595825957931793119706619706678310278310225579525579512121971212197604149604149202320230000000000000000000000000012012039393939888811202078782626121121606020236633133182827777202020203357572202206868214214258258' and expected object '20232023000012032261203226386554386554390378390378829178291782595825957931793119706619706678310278310225579525579512121971212197604149604149202320230000000000000000000000000012012039393939888811202078782626121121606020236633133182827777202020203357572202206868214214258258' are equal

17-03-2025T06:43:56 - [MESSAGE][PASSED] - Actual object '20232023000012032261203226386554386554390378390378829178291782595825957931793119706619706678310278310225579525579512121971212197604149604149202320230000000000000000000000000012012039393939888811202078782626121121606020236633133182827777202020203357572202206868214214258258' and expected object '20232023000012032261203226386554386554390378390378829178291782595825957931793119706619706678310278310225579525579512121971212197604149604149202320230000000000000000000000000012012039393939888811202078782626121121606020236633133182827777202020203357572202206868214214258258' are equal

17-03-2025T06:43:56 - [TEST_STEP][PASSED] - closeBrowser(): Browser is closed

17-03-2025T06:43:56 - [MESSAGE][PASSED] - Browser is closed]]></system-out>
         <system-err><![CDATA[]]></system-err>
      </testcase>
      <testcase name="Test Cases/Сверки дашбордов/Факторный анализ сверка дашбордов" time="149.413" classname="Test Cases/Сверки дашбордов/Факторный анализ сверка дашбордов" status="FAILED">
         <failure type="FAILED" message="Test Cases/Сверки дашбордов/Факторный анализ сверка дашбордов FAILED.&#xa;Reason:&#xa;com.kms.katalon.core.exception.StepFailedException: Unable to verify equal between actual object '1352' and expected object '0' (Root cause: com.kms.katalon.core.exception.StepFailedException: Actual object '1352' and expected object '0' are not equal&#xa;	at com.kms.katalon.core.keyword.builtin.VerifyEqualKeyword$_verifyEqual_closure1.doCall(VerifyEqualKeyword.groovy:58)&#xa;	at com.kms.katalon.core.keyword.builtin.VerifyEqualKeyword$_verifyEqual_closure1.call(VerifyEqualKeyword.groovy)&#xa;	at com.kms.katalon.core.keyword.internal.KeywordMain.runKeyword(KeywordMain.groovy:75)&#xa;	at com.kms.katalon.core.keyword.builtin.VerifyEqualKeyword.verifyEqual(VerifyEqualKeyword.groovy:63)&#xa;	at com.kms.katalon.core.keyword.builtin.VerifyEqualKeyword.execute(VerifyEqualKeyword.groovy:44)&#xa;	at com.kms.katalon.core.keyword.internal.KeywordExecutor.executeKeywordForPlatform(KeywordExecutor.groovy:74)&#xa;	at com.kms.katalon.core.keyword.BuiltinKeywords.verifyEqual(BuiltinKeywords.groovy:146)&#xa;	at jdk.internal.reflect.GeneratedMethodAccessor23.invoke(Unknown Source)&#xa;	at java.base/jdk.internal.reflect.DelegatingMethodAccessorImpl.invoke(DelegatingMethodAccessorImpl.java:43)&#xa;	at Факторный анализ сверка дашбордов.Compare(Факторный анализ сверка дашбордов:654)&#xa;	at Факторный анализ сверка дашбордов.Test(Факторный анализ сверка дашбордов:422)&#xa;	at Факторный анализ сверка дашбордов.run(Факторный анализ сверка дашбордов:44)&#xa;	at com.kms.katalon.core.main.ScriptEngine.run(ScriptEngine.java:194)&#xa;	at com.kms.katalon.core.main.ScriptEngine.runScriptAsRawText(ScriptEngine.java:119)&#xa;	at com.kms.katalon.core.main.TestCaseExecutor.runScript(TestCaseExecutor.java:448)&#xa;	at com.kms.katalon.core.main.TestCaseExecutor.doExecute(TestCaseExecutor.java:439)&#xa;	at com.kms.katalon.core.main.TestCaseExecutor.processExecutionPhase(TestCaseExecutor.java:418)&#xa;	at com.kms.katalon.core.main.TestCaseExecutor.accessMainPhase(TestCaseExecutor.java:410)&#xa;	at com.kms.katalon.core.main.TestCaseExecutor.execute(TestCaseExecutor.java:285)&#xa;	at com.kms.katalon.core.common.CommonExecutor.accessTestCaseMainPhase(CommonExecutor.java:65)&#xa;	at com.kms.katalon.core.main.TestSuiteExecutor.accessTestSuiteMainPhase(TestSuiteExecutor.java:150)&#xa;	at com.kms.katalon.core.main.TestSuiteExecutor.execute(TestSuiteExecutor.java:106)&#xa;	at com.kms.katalon.core.main.TestCaseMain.startTestSuite(TestCaseMain.java:180)&#xa;	at TempTestSuite1742171011514.run(TempTestSuite1742171011514.groovy:35)&#xa;	at java.base/jdk.internal.reflect.NativeMethodAccessorImpl.invoke0(Native Method)&#xa;	at java.base/jdk.internal.reflect.NativeMethodAccessorImpl.invoke(NativeMethodAccessorImpl.java:77)&#xa;	at java.base/jdk.internal.reflect.DelegatingMethodAccessorImpl.invoke(DelegatingMethodAccessorImpl.java:43)&#xa;)&#xa;	at com.kms.katalon.core.keyword.internal.KeywordMain.stepFailed(KeywordMain.groovy:39)&#xa;	at com.kms.katalon.core.keyword.internal.KeywordMain.stepFailed(KeywordMain.groovy)&#xa;	at com.kms.katalon.core.keyword.internal.KeywordMain.runKeyword(KeywordMain.groovy:77)&#xa;	at com.kms.katalon.core.keyword.builtin.VerifyEqualKeyword.verifyEqual(VerifyEqualKeyword.groovy:63)&#xa;	at com.kms.katalon.core.keyword.builtin.VerifyEqualKeyword.execute(VerifyEqualKeyword.groovy:44)&#xa;	at com.kms.katalon.core.keyword.internal.KeywordExecutor.executeKeywordForPlatform(KeywordExecutor.groovy:74)&#xa;	at com.kms.katalon.core.keyword.BuiltinKeywords.verifyEqual(BuiltinKeywords.groovy:146)&#xa;	at jdk.internal.reflect.GeneratedMethodAccessor23.invoke(Unknown Source)&#xa;	at java.base/jdk.internal.reflect.DelegatingMethodAccessorImpl.invoke(DelegatingMethodAccessorImpl.java:43)&#xa;	at Факторный анализ сверка дашбордов.Compare(Факторный анализ сверка дашбордов:654)&#xa;	at Факторный анализ сверка дашбордов.Test(Факторный анализ сверка дашбордов:422)&#xa;	at Факторный анализ сверка дашбордов.run(Факторный анализ сверка дашбордов:44)&#xa;	at com.kms.katalon.core.main.ScriptEngine.run(ScriptEngine.java:194)&#xa;	at com.kms.katalon.core.main.ScriptEngine.runScriptAsRawText(ScriptEngine.java:119)&#xa;	at com.kms.katalon.core.main.TestCaseExecutor.runScript(TestCaseExecutor.java:448)&#xa;	at com.kms.katalon.core.main.TestCaseExecutor.doExecute(TestCaseExecutor.java:439)&#xa;	at com.kms.katalon.core.main.TestCaseExecutor.processExecutionPhase(TestCaseExecutor.java:418)&#xa;	at com.kms.katalon.core.main.TestCaseExecutor.accessMainPhase(TestCaseExecutor.java:410)&#xa;	at com.kms.katalon.core.main.TestCaseExecutor.execute(TestCaseExecutor.java:285)&#xa;	at com.kms.katalon.core.common.CommonExecutor.accessTestCaseMainPhase(CommonExecutor.java:65)&#xa;	at com.kms.katalon.core.main.TestSuiteExecutor.accessTestSuiteMainPhase(TestSuiteExecutor.java:150)&#xa;	at com.kms.katalon.core.main.TestSuiteExecutor.execute(TestSuiteExecutor.java:106)&#xa;	at com.kms.katalon.core.main.TestCaseMain.startTestSuite(TestCaseMain.java:180)&#xa;	at TempTestSuite1742171011514.run(TempTestSuite1742171011514.groovy:35)&#xa;	at java.base/jdk.internal.reflect.NativeMethodAccessorImpl.invoke0(Native Method)&#xa;	at java.base/jdk.internal.reflect.NativeMethodAccessorImpl.invoke(NativeMethodAccessorImpl.java:77)&#xa;	at java.base/jdk.internal.reflect.DelegatingMethodAccessorImpl.invoke(DelegatingMethodAccessorImpl.java:43)&#xa;Caused by: com.kms.katalon.core.exception.StepFailedException: Actual object '1352' and expected object '0' are not equal&#xa;	at com.kms.katalon.core.keyword.builtin.VerifyEqualKeyword$_verifyEqual_closure1.doCall(VerifyEqualKeyword.groovy:58)&#xa;	at com.kms.katalon.core.keyword.builtin.VerifyEqualKeyword$_verifyEqual_closure1.call(VerifyEqualKeyword.groovy)&#xa;	at com.kms.katalon.core.keyword.internal.KeywordMain.runKeyword(KeywordMain.groovy:75)&#xa;	... 24 more&#xa;"/>
         <system-out><![CDATA[17-03-2025T06:43:56 - [TEST_CASE][FAILED] - Test Cases/Сверки дашбордов/Факторный анализ сверка дашбордов: Test Cases/Сверки дашбордов/Факторный анализ сверка дашбордов FAILED.
Reason:
com.kms.katalon.core.exception.StepFailedException: Unable to verify equal between actual object '1352' and expected object '0' (Root cause: com.kms.katalon.core.exception.StepFailedException: Actual object '1352' and expected object '0' are not equal
	at com.kms.katalon.core.keyword.builtin.VerifyEqualKeyword$_verifyEqual_closure1.doCall(VerifyEqualKeyword.groovy:58)
	at com.kms.katalon.core.keyword.builtin.VerifyEqualKeyword$_verifyEqual_closure1.call(VerifyEqualKeyword.groovy)
	at com.kms.katalon.core.keyword.internal.KeywordMain.runKeyword(KeywordMain.groovy:75)
	at com.kms.katalon.core.keyword.builtin.VerifyEqualKeyword.verifyEqual(VerifyEqualKeyword.groovy:63)
	at com.kms.katalon.core.keyword.builtin.VerifyEqualKeyword.execute(VerifyEqualKeyword.groovy:44)
	at com.kms.katalon.core.keyword.internal.KeywordExecutor.executeKeywordForPlatform(KeywordExecutor.groovy:74)
	at com.kms.katalon.core.keyword.BuiltinKeywords.verifyEqual(BuiltinKeywords.groovy:146)
	at jdk.internal.reflect.GeneratedMethodAccessor23.invoke(Unknown Source)
	at java.base/jdk.internal.reflect.DelegatingMethodAccessorImpl.invoke(DelegatingMethodAccessorImpl.java:43)
	at Факторный анализ сверка дашбордов.Compare(Факторный анализ сверка дашбордов:654)
	at Факторный анализ сверка дашбордов.Test(Факторный анализ сверка дашбордов:422)
	at Факторный анализ сверка дашбордов.run(Факторный анализ сверка дашбордов:44)
	at com.kms.katalon.core.main.ScriptEngine.run(ScriptEngine.java:194)
	at com.kms.katalon.core.main.ScriptEngine.runScriptAsRawText(ScriptEngine.java:119)
	at com.kms.katalon.core.main.TestCaseExecutor.runScript(TestCaseExecutor.java:448)
	at com.kms.katalon.core.main.TestCaseExecutor.doExecute(TestCaseExecutor.java:439)
	at com.kms.katalon.core.main.TestCaseExecutor.processExecutionPhase(TestCaseExecutor.java:418)
	at com.kms.katalon.core.main.TestCaseExecutor.accessMainPhase(TestCaseExecutor.java:410)
	at com.kms.katalon.core.main.TestCaseExecutor.execute(TestCaseExecutor.java:285)
	at com.kms.katalon.core.common.CommonExecutor.accessTestCaseMainPhase(CommonExecutor.java:65)
	at com.kms.katalon.core.main.TestSuiteExecutor.accessTestSuiteMainPhase(TestSuiteExecutor.java:150)
	at com.kms.katalon.core.main.TestSuiteExecutor.execute(TestSuiteExecutor.java:106)
	at com.kms.katalon.core.main.TestCaseMain.startTestSuite(TestCaseMain.java:180)
	at TempTestSuite1742171011514.run(TempTestSuite1742171011514.groovy:35)
	at java.base/jdk.internal.reflect.NativeMethodAccessorImpl.invoke0(Native Method)
	at java.base/jdk.internal.reflect.NativeMethodAccessorImpl.invoke(NativeMethodAccessorImpl.java:77)
	at java.base/jdk.internal.reflect.DelegatingMethodAccessorImpl.invoke(DelegatingMethodAccessorImpl.java:43)
)
	at com.kms.katalon.core.keyword.internal.KeywordMain.stepFailed(KeywordMain.groovy:39)
	at com.kms.katalon.core.keyword.internal.KeywordMain.stepFailed(KeywordMain.groovy)
	at com.kms.katalon.core.keyword.internal.KeywordMain.runKeyword(KeywordMain.groovy:77)
	at com.kms.katalon.core.keyword.builtin.VerifyEqualKeyword.verifyEqual(VerifyEqualKeyword.groovy:63)
	at com.kms.katalon.core.keyword.builtin.VerifyEqualKeyword.execute(VerifyEqualKeyword.groovy:44)
	at com.kms.katalon.core.keyword.internal.KeywordExecutor.executeKeywordForPlatform(KeywordExecutor.groovy:74)
	at com.kms.katalon.core.keyword.BuiltinKeywords.verifyEqual(BuiltinKeywords.groovy:146)
	at jdk.internal.reflect.GeneratedMethodAccessor23.invoke(Unknown Source)
	at java.base/jdk.internal.reflect.DelegatingMethodAccessorImpl.invoke(DelegatingMethodAccessorImpl.java:43)
	at Факторный анализ сверка дашбордов.Compare(Факторный анализ сверка дашбордов:654)
	at Факторный анализ сверка дашбордов.Test(Факторный анализ сверка дашбордов:422)
	at Факторный анализ сверка дашбордов.run(Факторный анализ сверка дашбордов:44)
	at com.kms.katalon.core.main.ScriptEngine.run(ScriptEngine.java:194)
	at com.kms.katalon.core.main.ScriptEngine.runScriptAsRawText(ScriptEngine.java:119)
	at com.kms.katalon.core.main.TestCaseExecutor.runScript(TestCaseExecutor.java:448)
	at com.kms.katalon.core.main.TestCaseExecutor.doExecute(TestCaseExecutor.java:439)
	at com.kms.katalon.core.main.TestCaseExecutor.processExecutionPhase(TestCaseExecutor.java:418)
	at com.kms.katalon.core.main.TestCaseExecutor.accessMainPhase(TestCaseExecutor.java:410)
	at com.kms.katalon.core.main.TestCaseExecutor.execute(TestCaseExecutor.java:285)
	at com.kms.katalon.core.common.CommonExecutor.accessTestCaseMainPhase(CommonExecutor.java:65)
	at com.kms.katalon.core.main.TestSuiteExecutor.accessTestSuiteMainPhase(TestSuiteExecutor.java:150)
	at com.kms.katalon.core.main.TestSuiteExecutor.execute(TestSuiteExecutor.java:106)
	at com.kms.katalon.core.main.TestCaseMain.startTestSuite(TestCaseMain.java:180)
	at TempTestSuite1742171011514.run(TempTestSuite1742171011514.groovy:35)
	at java.base/jdk.internal.reflect.NativeMethodAccessorImpl.invoke0(Native Method)
	at java.base/jdk.internal.reflect.NativeMethodAccessorImpl.invoke(NativeMethodAccessorImpl.java:77)
	at java.base/jdk.internal.reflect.DelegatingMethodAccessorImpl.invoke(DelegatingMethodAccessorImpl.java:43)
Caused by: com.kms.katalon.core.exception.StepFailedException: Actual object '1352' and expected object '0' are not equal
	at com.kms.katalon.core.keyword.builtin.VerifyEqualKeyword$_verifyEqual_closure1.doCall(VerifyEqualKeyword.groovy:58)
	at com.kms.katalon.core.keyword.builtin.VerifyEqualKeyword$_verifyEqual_closure1.call(VerifyEqualKeyword.groovy)
	at com.kms.katalon.core.keyword.internal.KeywordMain.runKeyword(KeywordMain.groovy:75)
	... 24 more


17-03-2025T06:43:56 - [TEST_STEP][PASSED] - date = new java.util.Date(): null

17-03-2025T06:43:56 - [TEST_STEP][PASSED] - todaysDate = date.format("dd.MM.yyyy"): null

17-03-2025T06:43:56 - [TEST_STEP][PASSED] - typeOfData = <not implemented yet for class: org.codehaus.groovy.ast.expr.EmptyExpression>: null

17-03-2025T06:43:56 - [TEST_STEP][PASSED] - otobrajeniyeDannyh = <not implemented yet for class: org.codehaus.groovy.ast.expr.EmptyExpression>: null

17-03-2025T06:43:56 - [TEST_STEP][PASSED] - println(todaysDate): null

17-03-2025T06:43:56 - [TEST_STEP][PASSED] - vidget = <not implemented yet for class: org.codehaus.groovy.ast.expr.EmptyExpression>: null

17-03-2025T06:43:56 - [TEST_STEP][PASSED] - x = <not implemented yet for class: org.codehaus.groovy.ast.expr.EmptyExpression>: null

17-03-2025T06:43:56 - [TEST_STEP][PASSED] - y = <not implemented yet for class: org.codehaus.groovy.ast.expr.EmptyExpression>: null

17-03-2025T06:43:56 - [TEST_STEP][PASSED] - DZO = <not implemented yet for class: org.codehaus.groovy.ast.expr.EmptyExpression>: null

17-03-2025T06:43:56 - [TEST_STEP][PASSED] - openBrowser(""): Browser is opened with url: ''

17-03-2025T06:43:56 - [MESSAGE][INFO] - Starting 'Chrome' driver

17-03-2025T06:43:56 - [MESSAGE][INFO] - Action delay is set to 0 milliseconds

17-03-2025T06:43:57 - [MESSAGE][PASSED] - Browser is opened with url: ''

17-03-2025T06:43:57 - [TEST_STEP][PASSED] - run = 1: null

17-03-2025T06:43:57 - [TEST_STEP][PASSED] - for ([run = 1, run < 3, (run++)]): null

17-03-2025T06:43:57 - [TEST_STEP][PASSED] - Script1719551244403.Test(run, todaysDate, typeOfData, otobrajeniyeDannyh, x, y, vidget, DZO): null

17-03-2025T06:43:57 - [TEST_STEP][PASSED] - navigateToUrl(findTestData("PlanFact").getValue(10, 3)): Navigate to 'https://bi.rosseti.digital/viewer?dashboardGuid=2301950b23be4ed89c1df75f2020051e&sheetGuid=ccd7d7486b3d4e6fa0ee9b1eaebed46c&fit=true' successfully

17-03-2025T06:44:01 - [MESSAGE][PASSED] - Navigate to 'https://bi.rosseti.digital/viewer?dashboardGuid=2301950b23be4ed89c1df75f2020051e&sheetGuid=ccd7d7486b3d4e6fa0ee9b1eaebed46c&fit=true' successfully

17-03-2025T06:44:01 - [TEST_STEP][PASSED] - Script1719551244403.Autorization(run): null

17-03-2025T06:44:01 - [TEST_STEP][PASSED] - delay(10): Delayed 10 second(s)

17-03-2025T06:44:11 - [MESSAGE][PASSED] - Delayed 10 second(s)

17-03-2025T06:44:11 - [TEST_STEP][PASSED] - if (run == 1): Delayed 10 second(s)

17-03-2025T06:44:11 - [TEST_STEP][PASSED] - setText(findTestObject("Страница авторизации/input__username"), findTestData("PlanFact").getValue(8, 1)): Text 'liazgina-di' is set on object 'Object Repository/Страница авторизации/input__username'

17-03-2025T06:44:12 - [MESSAGE][PASSED] - Text 'liazgina-di' is set on object 'Object Repository/Страница авторизации/input__username'

17-03-2025T06:44:12 - [TEST_STEP][PASSED] - setText(findTestObject("Страница авторизации/input__password"), findTestData("PlanFact").getValue(9, 1)): Text ')$%5srZ8o688Dm#q' is set on object 'Object Repository/Страница авторизации/input__password'

17-03-2025T06:44:12 - [MESSAGE][PASSED] - Text ')$%5srZ8o688Dm#q' is set on object 'Object Repository/Страница авторизации/input__password'

17-03-2025T06:44:12 - [TEST_STEP][PASSED] - click(findTestObject("Страница авторизации/button_")): Object: 'Object Repository/Страница авторизации/button_' is clicked on

17-03-2025T06:44:13 - [MESSAGE][PASSED] - Object: 'Object Repository/Страница авторизации/button_' is clicked on

17-03-2025T06:44:13 - [TEST_STEP][PASSED] - delay(10): Delayed 10 second(s)

17-03-2025T06:44:23 - [MESSAGE][PASSED] - Delayed 10 second(s)

17-03-2025T06:44:23 - [TEST_STEP][PASSED] - i = <not implemented yet for class: org.codehaus.groovy.ast.expr.EmptyExpression>: null

17-03-2025T06:44:23 - [TEST_STEP][PASSED] - ii = <not implemented yet for class: org.codehaus.groovy.ast.expr.EmptyExpression>: null

17-03-2025T06:44:23 - [TEST_STEP][PASSED] - a = <not implemented yet for class: org.codehaus.groovy.ast.expr.EmptyExpression>: null

17-03-2025T06:44:23 - [TEST_STEP][PASSED] - a1 = <not implemented yet for class: org.codehaus.groovy.ast.expr.EmptyExpression>: null

17-03-2025T06:44:23 - [TEST_STEP][PASSED] - a2 = <not implemented yet for class: org.codehaus.groovy.ast.expr.EmptyExpression>: null

17-03-2025T06:44:23 - [TEST_STEP][PASSED] - click(findTestObject("Факторный анализ/Фильтр Период")): Object: 'Object Repository/Факторный анализ/Фильтр Период' is clicked on

17-03-2025T06:44:24 - [MESSAGE][PASSED] - Object: 'Object Repository/Факторный анализ/Фильтр Период' is clicked on

17-03-2025T06:44:24 - [TEST_STEP][PASSED] - click(findTestObject("Факторный анализ/Снять выделение в фильтре Дата")): Object: 'Object Repository/Факторный анализ/Снять выделение в фильтре Дата' is clicked on

17-03-2025T06:44:24 - [MESSAGE][PASSED] - Object: 'Object Repository/Факторный анализ/Снять выделение в фильтре Дата' is clicked on

17-03-2025T06:44:24 - [TEST_STEP][PASSED] - click(findTestObject("Факторный анализ/Применить в фильтре Дата")): Object: 'Object Repository/Факторный анализ/Применить в фильтре Дата' is clicked on

17-03-2025T06:44:25 - [MESSAGE][PASSED] - Object: 'Object Repository/Факторный анализ/Применить в фильтре Дата' is clicked on

17-03-2025T06:44:25 - [TEST_STEP][PASSED] - delay(10): Delayed 10 second(s)

17-03-2025T06:44:35 - [MESSAGE][PASSED] - Delayed 10 second(s)

17-03-2025T06:44:35 - [TEST_STEP][PASSED] - click(findTestObject("Факторный анализ/Фильтр Период")): Object: 'Object Repository/Факторный анализ/Фильтр Период' is clicked on

17-03-2025T06:44:35 - [MESSAGE][PASSED] - Object: 'Object Repository/Факторный анализ/Фильтр Период' is clicked on

17-03-2025T06:44:35 - [TEST_STEP][PASSED] - click(findTestObject("Факторный анализ/Снять выделение в фильтре Дата")): Object: 'Object Repository/Факторный анализ/Снять выделение в фильтре Дата' is clicked on

17-03-2025T06:44:36 - [MESSAGE][PASSED] - Object: 'Object Repository/Факторный анализ/Снять выделение в фильтре Дата' is clicked on

17-03-2025T06:44:36 - [TEST_STEP][PASSED] - scrollToElement(findTestObject("Факторный анализ/2025 список"), 30): Scroll to object 'Object Repository/Факторный анализ/2025 список' successfully

17-03-2025T06:44:36 - [MESSAGE][PASSED] - Scroll to object 'Object Repository/Факторный анализ/2025 список' successfully

17-03-2025T06:44:36 - [TEST_STEP][PASSED] - click(findTestObject("Факторный анализ/2025 список")): Object: 'Object Repository/Факторный анализ/2025 список' is clicked on

17-03-2025T06:44:36 - [MESSAGE][PASSED] - Object: 'Object Repository/Факторный анализ/2025 список' is clicked on

17-03-2025T06:44:36 - [TEST_STEP][PASSED] - scrollToElement(findTestObject("Факторный анализ/1 квартал 2025 список"), 30): Scroll to object 'Object Repository/Факторный анализ/1 квартал 2025 список' successfully

17-03-2025T06:44:37 - [MESSAGE][PASSED] - Scroll to object 'Object Repository/Факторный анализ/1 квартал 2025 список' successfully

17-03-2025T06:44:37 - [TEST_STEP][PASSED] - click(findTestObject("Факторный анализ/1 квартал 2025 список"), CONTINUE_ON_FAILURE): Object: 'Object Repository/Факторный анализ/1 квартал 2025 список' is clicked on

17-03-2025T06:44:37 - [MESSAGE][PASSED] - Object: 'Object Repository/Факторный анализ/1 квартал 2025 список' is clicked on

17-03-2025T06:44:37 - [TEST_STEP][PASSED] - scrollToElement(findTestObject("Факторный анализ/Январь 2025"), 30): Scroll to object 'Object Repository/Факторный анализ/Январь 2025' successfully

17-03-2025T06:44:37 - [MESSAGE][PASSED] - Scroll to object 'Object Repository/Факторный анализ/Январь 2025' successfully

17-03-2025T06:44:37 - [TEST_STEP][PASSED] - click(findTestObject("Факторный анализ/Январь 2025"), CONTINUE_ON_FAILURE): Object: 'Object Repository/Факторный анализ/Январь 2025' is clicked on

17-03-2025T06:44:38 - [MESSAGE][PASSED] - Object: 'Object Repository/Факторный анализ/Январь 2025' is clicked on

17-03-2025T06:44:38 - [TEST_STEP][PASSED] - scrollToElement(findTestObject("Факторный анализ/Заголовок дашборда"), 30): Scroll to object 'Object Repository/Факторный анализ/Заголовок дашборда' successfully

17-03-2025T06:44:38 - [MESSAGE][PASSED] - Scroll to object 'Object Repository/Факторный анализ/Заголовок дашборда' successfully

17-03-2025T06:44:38 - [TEST_STEP][PASSED] - click(findTestObject("Факторный анализ/Применить в фильтре Дата")): Object: 'Object Repository/Факторный анализ/Применить в фильтре Дата' is clicked on

17-03-2025T06:44:39 - [MESSAGE][PASSED] - Object: 'Object Repository/Факторный анализ/Применить в фильтре Дата' is clicked on

17-03-2025T06:44:39 - [TEST_STEP][PASSED] - if (run == 1): null

17-03-2025T06:44:39 - [TEST_STEP][PASSED] - a = getText(findTestObject("Факторный анализ/Отклонения выручки по факторам Блок руководителя")): Text of object 'Object Repository/Факторный анализ/Отклонения выручки по факторам Блок руководителя' is: '-134 977-134 977
1 3521 352
Отклонение (объём услуг)
Отклонение (средний тариф)
ПАО Россети'

17-03-2025T06:44:40 - [MESSAGE][PASSED] - Text of object 'Object Repository/Факторный анализ/Отклонения выручки по факторам Блок руководителя' is: '-134 977-134 977
1 3521 352
Отклонение (объём услуг)
Отклонение (средний тариф)
ПАО Россети'

17-03-2025T06:44:40 - [TEST_STEP][PASSED] - a = a.replaceAll("[\r?
|
]", "/"): null

17-03-2025T06:44:40 - [TEST_STEP][PASSED] - i = a.indexOf("Отклонение"): null

17-03-2025T06:44:40 - [TEST_STEP][PASSED] - if (i > -1): null

17-03-2025T06:44:40 - [TEST_STEP][PASSED] - i = i: null

17-03-2025T06:44:40 - [TEST_STEP][PASSED] - a = substring(0, i).trim(): null

17-03-2025T06:44:40 - [TEST_STEP][PASSED] - println("a: " + a): null

17-03-2025T06:44:40 - [TEST_STEP][PASSED] - i = a.indexOf("/"): null

17-03-2025T06:44:40 - [TEST_STEP][PASSED] - if (i > -1): null

17-03-2025T06:44:40 - [TEST_STEP][PASSED] - a1 = a.substring(0, i): null

17-03-2025T06:44:40 - [TEST_STEP][PASSED] - println("a1: " + a1): null

17-03-2025T06:44:40 - [TEST_STEP][PASSED] - a2 = a.substring(a1.length() + 1, a.length()): null

17-03-2025T06:44:40 - [TEST_STEP][PASSED] - println("a2: " + a2): null

17-03-2025T06:44:40 - [TEST_STEP][PASSED] - i = a1.length() / 2: null

17-03-2025T06:44:40 - [TEST_STEP][PASSED] - if (i > -1): null

17-03-2025T06:44:40 - [TEST_STEP][PASSED] - a1 = replaceAll("\s+", "").trim(): null

17-03-2025T06:44:40 - [TEST_STEP][PASSED] - println("a1: " + a1): null

17-03-2025T06:44:40 - [TEST_STEP][PASSED] - i = a2.length() / 2: null

17-03-2025T06:44:40 - [TEST_STEP][PASSED] - if (i > -1): null

17-03-2025T06:44:40 - [TEST_STEP][PASSED] - a2 = replaceAll("\s+", "").trim(): null

17-03-2025T06:44:40 - [TEST_STEP][PASSED] - println("a2: " + a2): null

17-03-2025T06:44:40 - [TEST_STEP][PASSED] - tableA = getText(findTestObject("Факторный анализ/AllTable1")).replaceAll("[\r?
|
]", "/"): Text of object 'Object Repository/Факторный анализ/AllTable1' is: 'ДЗО
Филиал
Отклонение (объём услуг)
Отклонение (средний тариф)
АО "РЭС" АО "РЭС" -76 3
АО «Тываэнерго» АО "Тываэнерго" 19 4
АО «Чеченэнерго» АО «Чеченэнерго» -35 -48
Россети Волга Мордовэнерго - 150 -6
Оренбургэнерго -62 -9
Пензаэнерго -35 -1
Самарские РС -78 142
Саратовские РС -77 -49
Ульяновские РС 14 6
Чувашэнерго -4 12
Россети Кубань Кубаньэнерго - 341 287
Россети Ленэнерго (ГК) Ленинградская область - 311 187
г. Санкт-Петербург - 291 12
Россети Московский регион Московская область - 780 53
г. Москва - 195 -5
Россети Северный Кавказ (ГК) Дагэнерго - 238 -48
Ингушэнерго -60 14
Каббалкэнерго 20 -4
Карачаево-Черкесскэнерго -10 - 109
Севкавказэнерго - 121 -10
Ставропольэнерго -68 28
Россети Северо-Запад Архангельский филиал -52 21
Вологодский филиал -40 10
Карельский филиал -50 -15
Мурманский филиал 20 -17
Новгородский филиал -49 0
Псковский филиал -48 13
филиал в Республике Коми -53 9
Россети Сибирь (ГК) Алтайэнерго 39 16
Бурятэнерго 10 -7
ГАЭС 9 2
Красноярскэнерго 117 -4
Кузбассэнерго-РЭС 37 147
Омскэнерго -2 -21
Хакасэнерго -10 -12
Читаэнерго -1 25
Россети Томск Томская распределительная компания -62 5
Россети Тюмень Россети Тюмень - 986 - 117
Россети Урал (ГК) Пермэнерго - 187 5
Свердловэнерго - 152 -4
Челябэнерго - 141 5
Россети ФСК ЕЭС Итого по ФСК ЕЭС - 311 252
Россети Центр Белгородэнерго -85 14
Брянскэнерго -50 -8
Воронежэнерго -98 -2
Костромаэнерго -42 3
Курскэнерго -32 8
Липецкэнерго -79 20
Орелэнерго -40 5
Смоленскэнерго -52 -7
Тамбовэнерго -25 -5
Тверьэнерго - 133 0
Ярэнерго -60 -7
Россети Центр и Приволжье (ГК) Владимирэнерго - 134 -19
Ивэнерго -16 -6
Калугаэнерго -73 20
Кировэнерго -51 3
Мариэнерго -10 9
Нижновэнерго - 171 -4
Рязаньэнерго -93 1
Тулэнерго -82 7
Удмуртэнерго -55 60
Россети Юг (ГК) АО «ВМЭС» 0 4
Астраханьэнерго 1 -6
Волгоградэнерго - 140 -12
Калмэнерго -8 2
Ростовэнерго -47 16
Россети Янтарь Россети Янтарь -31 12'

17-03-2025T06:44:40 - [MESSAGE][PASSED] - Text of object 'Object Repository/Факторный анализ/AllTable1' is: 'ДЗО
Филиал
Отклонение (объём услуг)
Отклонение (средний тариф)
АО "РЭС" АО "РЭС" -76 3
АО «Тываэнерго» АО "Тываэнерго" 19 4
АО «Чеченэнерго» АО «Чеченэнерго» -35 -48
Россети Волга Мордовэнерго - 150 -6
Оренбургэнерго -62 -9
Пензаэнерго -35 -1
Самарские РС -78 142
Саратовские РС -77 -49
Ульяновские РС 14 6
Чувашэнерго -4 12
Россети Кубань Кубаньэнерго - 341 287
Россети Ленэнерго (ГК) Ленинградская область - 311 187
г. Санкт-Петербург - 291 12
Россети Московский регион Московская область - 780 53
г. Москва - 195 -5
Россети Северный Кавказ (ГК) Дагэнерго - 238 -48
Ингушэнерго -60 14
Каббалкэнерго 20 -4
Карачаево-Черкесскэнерго -10 - 109
Севкавказэнерго - 121 -10
Ставропольэнерго -68 28
Россети Северо-Запад Архангельский филиал -52 21
Вологодский филиал -40 10
Карельский филиал -50 -15
Мурманский филиал 20 -17
Новгородский филиал -49 0
Псковский филиал -48 13
филиал в Республике Коми -53 9
Россети Сибирь (ГК) Алтайэнерго 39 16
Бурятэнерго 10 -7
ГАЭС 9 2
Красноярскэнерго 117 -4
Кузбассэнерго-РЭС 37 147
Омскэнерго -2 -21
Хакасэнерго -10 -12
Читаэнерго -1 25
Россети Томск Томская распределительная компания -62 5
Россети Тюмень Россети Тюмень - 986 - 117
Россети Урал (ГК) Пермэнерго - 187 5
Свердловэнерго - 152 -4
Челябэнерго - 141 5
Россети ФСК ЕЭС Итого по ФСК ЕЭС - 311 252
Россети Центр Белгородэнерго -85 14
Брянскэнерго -50 -8
Воронежэнерго -98 -2
Костромаэнерго -42 3
Курскэнерго -32 8
Липецкэнерго -79 20
Орелэнерго -40 5
Смоленскэнерго -52 -7
Тамбовэнерго -25 -5
Тверьэнерго - 133 0
Ярэнерго -60 -7
Россети Центр и Приволжье (ГК) Владимирэнерго - 134 -19
Ивэнерго -16 -6
Калугаэнерго -73 20
Кировэнерго -51 3
Мариэнерго -10 9
Нижновэнерго - 171 -4
Рязаньэнерго -93 1
Тулэнерго -82 7
Удмуртэнерго -55 60
Россети Юг (ГК) АО «ВМЭС» 0 4
Астраханьэнерго 1 -6
Волгоградэнерго - 140 -12
Калмэнерго -8 2
Ростовэнерго -47 16
Россети Янтарь Россети Янтарь -31 12'

17-03-2025T06:44:40 - [TEST_STEP][PASSED] - println("tableA: " + tableA): null

17-03-2025T06:44:40 - [TEST_STEP][PASSED] - for ([i = 1, i < 5, (i++)]): null

17-03-2025T06:44:40 - [TEST_STEP][PASSED] - ii = tableA.indexOf("/") + 1: null

17-03-2025T06:44:40 - [TEST_STEP][PASSED] - tableA = tableA.substring(ii, tableA.length()): null

17-03-2025T06:44:40 - [TEST_STEP][PASSED] - ii = tableA.indexOf("/") + 1: null

17-03-2025T06:44:40 - [TEST_STEP][PASSED] - tableA = tableA.substring(ii, tableA.length()): null

17-03-2025T06:44:40 - [TEST_STEP][PASSED] - ii = tableA.indexOf("/") + 1: null

17-03-2025T06:44:40 - [TEST_STEP][PASSED] - tableA = tableA.substring(ii, tableA.length()): null

17-03-2025T06:44:40 - [TEST_STEP][PASSED] - ii = tableA.indexOf("/") + 1: null

17-03-2025T06:44:40 - [TEST_STEP][PASSED] - tableA = tableA.substring(ii, tableA.length()): null

17-03-2025T06:44:40 - [TEST_STEP][PASSED] - println("tableA: " + tableA): null

17-03-2025T06:44:40 - [TEST_STEP][PASSED] - TyA = Script1719551244403.GetData(x = tableA): null

17-03-2025T06:44:40 - [TEST_STEP][PASSED] - i2 = <not implemented yet for class: org.codehaus.groovy.ast.expr.EmptyExpression>: null

17-03-2025T06:44:40 - [TEST_STEP][PASSED] - i2 = x.indexOf("/") + 1: null

17-03-2025T06:44:40 - [TEST_STEP][PASSED] - x = replaceAll("\p{P}", "").trim(): null

17-03-2025T06:44:40 - [TEST_STEP][PASSED] - return x: null

17-03-2025T06:44:40 - [TEST_STEP][PASSED] - println("TyA: " + TyA): null

17-03-2025T06:44:40 - [TEST_STEP][PASSED] - tableA = Script1719551244403.NewDZO(x = tableA): null

17-03-2025T06:44:40 - [TEST_STEP][PASSED] - i3 = <not implemented yet for class: org.codehaus.groovy.ast.expr.EmptyExpression>: null

17-03-2025T06:44:40 - [TEST_STEP][PASSED] - i3 = x.indexOf("/") + 1: null

17-03-2025T06:44:40 - [TEST_STEP][PASSED] - x = x.substring(i3, x.length()): null

17-03-2025T06:44:40 - [TEST_STEP][PASSED] - return x: null

17-03-2025T06:44:40 - [TEST_STEP][PASSED] - ChA = Script1719551244403.GetData(x = tableA): null

17-03-2025T06:44:40 - [TEST_STEP][PASSED] - i2 = <not implemented yet for class: org.codehaus.groovy.ast.expr.EmptyExpression>: null

17-03-2025T06:44:40 - [TEST_STEP][PASSED] - i2 = x.indexOf("/") + 1: null

17-03-2025T06:44:40 - [TEST_STEP][PASSED] - x = replaceAll("\p{P}", "").trim(): null

17-03-2025T06:44:40 - [TEST_STEP][PASSED] - return x: null

17-03-2025T06:44:40 - [TEST_STEP][PASSED] - println("ChA: " + ChA): null

17-03-2025T06:44:40 - [TEST_STEP][PASSED] - tableA = Script1719551244403.NewDZO(x = tableA): null

17-03-2025T06:44:40 - [TEST_STEP][PASSED] - i3 = <not implemented yet for class: org.codehaus.groovy.ast.expr.EmptyExpression>: null

17-03-2025T06:44:40 - [TEST_STEP][PASSED] - i3 = x.indexOf("/") + 1: null

17-03-2025T06:44:40 - [TEST_STEP][PASSED] - x = x.substring(i3, x.length()): null

17-03-2025T06:44:40 - [TEST_STEP][PASSED] - return x: null

17-03-2025T06:44:40 - [TEST_STEP][PASSED] - i = tableA.indexOf("Кубань"): null

17-03-2025T06:44:40 - [TEST_STEP][PASSED] - VA = replaceAll("\p{P}", "").trim(): null

17-03-2025T06:44:40 - [TEST_STEP][PASSED] - println("VA: " + VA): null

17-03-2025T06:44:40 - [TEST_STEP][PASSED] - for ([i = 1, i < 8, (i++)]): null

17-03-2025T06:44:40 - [TEST_STEP][PASSED] - tableA = Script1719551244403.NewDZO(x = tableA): null

17-03-2025T06:44:40 - [TEST_STEP][PASSED] - i3 = <not implemented yet for class: org.codehaus.groovy.ast.expr.EmptyExpression>: null

17-03-2025T06:44:40 - [TEST_STEP][PASSED] - i3 = x.indexOf("/") + 1: null

17-03-2025T06:44:40 - [TEST_STEP][PASSED] - x = x.substring(i3, x.length()): null

17-03-2025T06:44:40 - [TEST_STEP][PASSED] - return x: null

17-03-2025T06:44:40 - [TEST_STEP][PASSED] - tableA = Script1719551244403.NewDZO(x = tableA): null

17-03-2025T06:44:40 - [TEST_STEP][PASSED] - i3 = <not implemented yet for class: org.codehaus.groovy.ast.expr.EmptyExpression>: null

17-03-2025T06:44:40 - [TEST_STEP][PASSED] - i3 = x.indexOf("/") + 1: null

17-03-2025T06:44:40 - [TEST_STEP][PASSED] - x = x.substring(i3, x.length()): null

17-03-2025T06:44:40 - [TEST_STEP][PASSED] - return x: null

17-03-2025T06:44:40 - [TEST_STEP][PASSED] - tableA = Script1719551244403.NewDZO(x = tableA): null

17-03-2025T06:44:40 - [TEST_STEP][PASSED] - i3 = <not implemented yet for class: org.codehaus.groovy.ast.expr.EmptyExpression>: null

17-03-2025T06:44:40 - [TEST_STEP][PASSED] - i3 = x.indexOf("/") + 1: null

17-03-2025T06:44:40 - [TEST_STEP][PASSED] - x = x.substring(i3, x.length()): null

17-03-2025T06:44:40 - [TEST_STEP][PASSED] - return x: null

17-03-2025T06:44:40 - [TEST_STEP][PASSED] - tableA = Script1719551244403.NewDZO(x = tableA): null

17-03-2025T06:44:40 - [TEST_STEP][PASSED] - i3 = <not implemented yet for class: org.codehaus.groovy.ast.expr.EmptyExpression>: null

17-03-2025T06:44:40 - [TEST_STEP][PASSED] - i3 = x.indexOf("/") + 1: null

17-03-2025T06:44:40 - [TEST_STEP][PASSED] - x = x.substring(i3, x.length()): null

17-03-2025T06:44:40 - [TEST_STEP][PASSED] - return x: null

17-03-2025T06:44:40 - [TEST_STEP][PASSED] - tableA = Script1719551244403.NewDZO(x = tableA): null

17-03-2025T06:44:40 - [TEST_STEP][PASSED] - i3 = <not implemented yet for class: org.codehaus.groovy.ast.expr.EmptyExpression>: null

17-03-2025T06:44:40 - [TEST_STEP][PASSED] - i3 = x.indexOf("/") + 1: null

17-03-2025T06:44:40 - [TEST_STEP][PASSED] - x = x.substring(i3, x.length()): null

17-03-2025T06:44:40 - [TEST_STEP][PASSED] - return x: null

17-03-2025T06:44:40 - [TEST_STEP][PASSED] - tableA = Script1719551244403.NewDZO(x = tableA): null

17-03-2025T06:44:40 - [TEST_STEP][PASSED] - i3 = <not implemented yet for class: org.codehaus.groovy.ast.expr.EmptyExpression>: null

17-03-2025T06:44:40 - [TEST_STEP][PASSED] - i3 = x.indexOf("/") + 1: null

17-03-2025T06:44:40 - [TEST_STEP][PASSED] - x = x.substring(i3, x.length()): null

17-03-2025T06:44:40 - [TEST_STEP][PASSED] - return x: null

17-03-2025T06:44:40 - [TEST_STEP][PASSED] - tableA = Script1719551244403.NewDZO(x = tableA): null

17-03-2025T06:44:40 - [TEST_STEP][PASSED] - i3 = <not implemented yet for class: org.codehaus.groovy.ast.expr.EmptyExpression>: null

17-03-2025T06:44:40 - [TEST_STEP][PASSED] - i3 = x.indexOf("/") + 1: null

17-03-2025T06:44:40 - [TEST_STEP][PASSED] - x = x.substring(i3, x.length()): null

17-03-2025T06:44:40 - [TEST_STEP][PASSED] - return x: null

17-03-2025T06:44:40 - [TEST_STEP][PASSED] - i = tableA.indexOf("Ленэнерго"): null

17-03-2025T06:44:40 - [TEST_STEP][PASSED] - KuA = Script1719551244403.GetData(x = tableA): null

17-03-2025T06:44:40 - [TEST_STEP][PASSED] - i2 = <not implemented yet for class: org.codehaus.groovy.ast.expr.EmptyExpression>: null

17-03-2025T06:44:40 - [TEST_STEP][PASSED] - i2 = x.indexOf("/") + 1: null

17-03-2025T06:44:40 - [TEST_STEP][PASSED] - x = replaceAll("\p{P}", "").trim(): null

17-03-2025T06:44:40 - [TEST_STEP][PASSED] - return x: null

17-03-2025T06:44:40 - [TEST_STEP][PASSED] - println("KuA: " + KuA): null

17-03-2025T06:44:40 - [TEST_STEP][PASSED] - tableA = Script1719551244403.NewDZO(x = tableA): null

17-03-2025T06:44:40 - [TEST_STEP][PASSED] - i3 = <not implemented yet for class: org.codehaus.groovy.ast.expr.EmptyExpression>: null

17-03-2025T06:44:40 - [TEST_STEP][PASSED] - i3 = x.indexOf("/") + 1: null

17-03-2025T06:44:40 - [TEST_STEP][PASSED] - x = x.substring(i3, x.length()): null

17-03-2025T06:44:40 - [TEST_STEP][PASSED] - return x: null

17-03-2025T06:44:40 - [TEST_STEP][PASSED] - i = tableA.indexOf("Московский"): null

17-03-2025T06:44:40 - [TEST_STEP][PASSED] - LenA = replaceAll("\p{P}", "").trim(): null

17-03-2025T06:44:40 - [TEST_STEP][PASSED] - println("LenA: " + LenA): null

17-03-2025T06:44:40 - [TEST_STEP][PASSED] - tableA = Script1719551244403.NewDZO(x = tableA): null

17-03-2025T06:44:40 - [TEST_STEP][PASSED] - i3 = <not implemented yet for class: org.codehaus.groovy.ast.expr.EmptyExpression>: null

17-03-2025T06:44:40 - [TEST_STEP][PASSED] - i3 = x.indexOf("/") + 1: null

17-03-2025T06:44:40 - [TEST_STEP][PASSED] - x = x.substring(i3, x.length()): null

17-03-2025T06:44:40 - [TEST_STEP][PASSED] - return x: null

17-03-2025T06:44:40 - [TEST_STEP][PASSED] - tableA = Script1719551244403.NewDZO(x = tableA): null

17-03-2025T06:44:40 - [TEST_STEP][PASSED] - i3 = <not implemented yet for class: org.codehaus.groovy.ast.expr.EmptyExpression>: null

17-03-2025T06:44:40 - [TEST_STEP][PASSED] - i3 = x.indexOf("/") + 1: null

17-03-2025T06:44:40 - [TEST_STEP][PASSED] - x = x.substring(i3, x.length()): null

17-03-2025T06:44:40 - [TEST_STEP][PASSED] - return x: null

17-03-2025T06:44:40 - [TEST_STEP][PASSED] - i = tableA.indexOf("Кавказ"): null

17-03-2025T06:44:40 - [TEST_STEP][PASSED] - MosA = replaceAll("\p{P}", "").trim(): null

17-03-2025T06:44:40 - [TEST_STEP][PASSED] - println("MosA: " + MosA): null

17-03-2025T06:44:40 - [TEST_STEP][PASSED] - for ([i = 1, i < 3, (i++)]): null

17-03-2025T06:44:40 - [TEST_STEP][PASSED] - tableA = Script1719551244403.NewDZO(x = tableA): null

17-03-2025T06:44:40 - [TEST_STEP][PASSED] - i3 = <not implemented yet for class: org.codehaus.groovy.ast.expr.EmptyExpression>: null

17-03-2025T06:44:40 - [TEST_STEP][PASSED] - i3 = x.indexOf("/") + 1: null

17-03-2025T06:44:40 - [TEST_STEP][PASSED] - x = x.substring(i3, x.length()): null

17-03-2025T06:44:40 - [TEST_STEP][PASSED] - return x: null

17-03-2025T06:44:40 - [TEST_STEP][PASSED] - tableA = Script1719551244403.NewDZO(x = tableA): null

17-03-2025T06:44:40 - [TEST_STEP][PASSED] - i3 = <not implemented yet for class: org.codehaus.groovy.ast.expr.EmptyExpression>: null

17-03-2025T06:44:40 - [TEST_STEP][PASSED] - i3 = x.indexOf("/") + 1: null

17-03-2025T06:44:40 - [TEST_STEP][PASSED] - x = x.substring(i3, x.length()): null

17-03-2025T06:44:40 - [TEST_STEP][PASSED] - return x: null

17-03-2025T06:44:40 - [TEST_STEP][PASSED] - i = tableA.indexOf("Запад"): null

17-03-2025T06:44:40 - [TEST_STEP][PASSED] - SKA = replaceAll("\p{P}", "").trim(): null

17-03-2025T06:44:40 - [TEST_STEP][PASSED] - println("SKA: " + SKA): null

17-03-2025T06:44:40 - [TEST_STEP][PASSED] - for ([i = 1, i < 7, (i++)]): null

17-03-2025T06:44:40 - [TEST_STEP][PASSED] - tableA = Script1719551244403.NewDZO(x = tableA): null

17-03-2025T06:44:40 - [TEST_STEP][PASSED] - i3 = <not implemented yet for class: org.codehaus.groovy.ast.expr.EmptyExpression>: null

17-03-2025T06:44:40 - [TEST_STEP][PASSED] - i3 = x.indexOf("/") + 1: null

17-03-2025T06:44:40 - [TEST_STEP][PASSED] - x = x.substring(i3, x.length()): null

17-03-2025T06:44:40 - [TEST_STEP][PASSED] - return x: null

17-03-2025T06:44:40 - [TEST_STEP][PASSED] - tableA = Script1719551244403.NewDZO(x = tableA): null

17-03-2025T06:44:40 - [TEST_STEP][PASSED] - i3 = <not implemented yet for class: org.codehaus.groovy.ast.expr.EmptyExpression>: null

17-03-2025T06:44:40 - [TEST_STEP][PASSED] - i3 = x.indexOf("/") + 1: null

17-03-2025T06:44:40 - [TEST_STEP][PASSED] - x = x.substring(i3, x.length()): null

17-03-2025T06:44:40 - [TEST_STEP][PASSED] - return x: null

17-03-2025T06:44:40 - [TEST_STEP][PASSED] - tableA = Script1719551244403.NewDZO(x = tableA): null

17-03-2025T06:44:40 - [TEST_STEP][PASSED] - i3 = <not implemented yet for class: org.codehaus.groovy.ast.expr.EmptyExpression>: null

17-03-2025T06:44:40 - [TEST_STEP][PASSED] - i3 = x.indexOf("/") + 1: null

17-03-2025T06:44:40 - [TEST_STEP][PASSED] - x = x.substring(i3, x.length()): null

17-03-2025T06:44:40 - [TEST_STEP][PASSED] - return x: null

17-03-2025T06:44:40 - [TEST_STEP][PASSED] - tableA = Script1719551244403.NewDZO(x = tableA): null

17-03-2025T06:44:40 - [TEST_STEP][PASSED] - i3 = <not implemented yet for class: org.codehaus.groovy.ast.expr.EmptyExpression>: null

17-03-2025T06:44:40 - [TEST_STEP][PASSED] - i3 = x.indexOf("/") + 1: null

17-03-2025T06:44:40 - [TEST_STEP][PASSED] - x = x.substring(i3, x.length()): null

17-03-2025T06:44:40 - [TEST_STEP][PASSED] - return x: null

17-03-2025T06:44:40 - [TEST_STEP][PASSED] - tableA = Script1719551244403.NewDZO(x = tableA): null

17-03-2025T06:44:40 - [TEST_STEP][PASSED] - i3 = <not implemented yet for class: org.codehaus.groovy.ast.expr.EmptyExpression>: null

17-03-2025T06:44:40 - [TEST_STEP][PASSED] - i3 = x.indexOf("/") + 1: null

17-03-2025T06:44:40 - [TEST_STEP][PASSED] - x = x.substring(i3, x.length()): null

17-03-2025T06:44:40 - [TEST_STEP][PASSED] - return x: null

17-03-2025T06:44:40 - [TEST_STEP][PASSED] - tableA = Script1719551244403.NewDZO(x = tableA): null

17-03-2025T06:44:40 - [TEST_STEP][PASSED] - i3 = <not implemented yet for class: org.codehaus.groovy.ast.expr.EmptyExpression>: null

17-03-2025T06:44:40 - [TEST_STEP][PASSED] - i3 = x.indexOf("/") + 1: null

17-03-2025T06:44:40 - [TEST_STEP][PASSED] - x = x.substring(i3, x.length()): null

17-03-2025T06:44:40 - [TEST_STEP][PASSED] - return x: null

17-03-2025T06:44:40 - [TEST_STEP][PASSED] - i = tableA.indexOf("Сибирь"): null

17-03-2025T06:44:40 - [TEST_STEP][PASSED] - SZA = replaceAll("\p{P}", "").trim(): null

17-03-2025T06:44:40 - [TEST_STEP][PASSED] - println("SZA: " + SZA): null

17-03-2025T06:44:40 - [TEST_STEP][PASSED] - for ([i = 1, i < 8, (i++)]): null

17-03-2025T06:44:40 - [TEST_STEP][PASSED] - tableA = Script1719551244403.NewDZO(x = tableA): null

17-03-2025T06:44:40 - [TEST_STEP][PASSED] - i3 = <not implemented yet for class: org.codehaus.groovy.ast.expr.EmptyExpression>: null

17-03-2025T06:44:40 - [TEST_STEP][PASSED] - i3 = x.indexOf("/") + 1: null

17-03-2025T06:44:40 - [TEST_STEP][PASSED] - x = x.substring(i3, x.length()): null

17-03-2025T06:44:40 - [TEST_STEP][PASSED] - return x: null

17-03-2025T06:44:40 - [TEST_STEP][PASSED] - tableA = Script1719551244403.NewDZO(x = tableA): null

17-03-2025T06:44:40 - [TEST_STEP][PASSED] - i3 = <not implemented yet for class: org.codehaus.groovy.ast.expr.EmptyExpression>: null

17-03-2025T06:44:40 - [TEST_STEP][PASSED] - i3 = x.indexOf("/") + 1: null

17-03-2025T06:44:40 - [TEST_STEP][PASSED] - x = x.substring(i3, x.length()): null

17-03-2025T06:44:40 - [TEST_STEP][PASSED] - return x: null

17-03-2025T06:44:40 - [TEST_STEP][PASSED] - tableA = Script1719551244403.NewDZO(x = tableA): null

17-03-2025T06:44:40 - [TEST_STEP][PASSED] - i3 = <not implemented yet for class: org.codehaus.groovy.ast.expr.EmptyExpression>: null

17-03-2025T06:44:40 - [TEST_STEP][PASSED] - i3 = x.indexOf("/") + 1: null

17-03-2025T06:44:40 - [TEST_STEP][PASSED] - x = x.substring(i3, x.length()): null

17-03-2025T06:44:40 - [TEST_STEP][PASSED] - return x: null

17-03-2025T06:44:40 - [TEST_STEP][PASSED] - tableA = Script1719551244403.NewDZO(x = tableA): null

17-03-2025T06:44:40 - [TEST_STEP][PASSED] - i3 = <not implemented yet for class: org.codehaus.groovy.ast.expr.EmptyExpression>: null

17-03-2025T06:44:40 - [TEST_STEP][PASSED] - i3 = x.indexOf("/") + 1: null

17-03-2025T06:44:40 - [TEST_STEP][PASSED] - x = x.substring(i3, x.length()): null

17-03-2025T06:44:40 - [TEST_STEP][PASSED] - return x: null

17-03-2025T06:44:40 - [TEST_STEP][PASSED] - tableA = Script1719551244403.NewDZO(x = tableA): null

17-03-2025T06:44:40 - [TEST_STEP][PASSED] - i3 = <not implemented yet for class: org.codehaus.groovy.ast.expr.EmptyExpression>: null

17-03-2025T06:44:40 - [TEST_STEP][PASSED] - i3 = x.indexOf("/") + 1: null

17-03-2025T06:44:40 - [TEST_STEP][PASSED] - x = x.substring(i3, x.length()): null

17-03-2025T06:44:40 - [TEST_STEP][PASSED] - return x: null

17-03-2025T06:44:40 - [TEST_STEP][PASSED] - tableA = Script1719551244403.NewDZO(x = tableA): null

17-03-2025T06:44:40 - [TEST_STEP][PASSED] - i3 = <not implemented yet for class: org.codehaus.groovy.ast.expr.EmptyExpression>: null

17-03-2025T06:44:40 - [TEST_STEP][PASSED] - i3 = x.indexOf("/") + 1: null

17-03-2025T06:44:40 - [TEST_STEP][PASSED] - x = x.substring(i3, x.length()): null

17-03-2025T06:44:40 - [TEST_STEP][PASSED] - return x: null

17-03-2025T06:44:40 - [TEST_STEP][PASSED] - tableA = Script1719551244403.NewDZO(x = tableA): null

17-03-2025T06:44:40 - [TEST_STEP][PASSED] - i3 = <not implemented yet for class: org.codehaus.groovy.ast.expr.EmptyExpression>: null

17-03-2025T06:44:40 - [TEST_STEP][PASSED] - i3 = x.indexOf("/") + 1: null

17-03-2025T06:44:40 - [TEST_STEP][PASSED] - x = x.substring(i3, x.length()): null

17-03-2025T06:44:40 - [TEST_STEP][PASSED] - return x: null

17-03-2025T06:44:40 - [TEST_STEP][PASSED] - i = tableA.indexOf("Томск"): null

17-03-2025T06:44:40 - [TEST_STEP][PASSED] - SiA = replaceAll("\p{P}", "").trim(): null

17-03-2025T06:44:40 - [TEST_STEP][PASSED] - println("SiA: " + SiA): null

17-03-2025T06:44:40 - [TEST_STEP][PASSED] - for ([i = 1, i < 9, (i++)]): null

17-03-2025T06:44:40 - [TEST_STEP][PASSED] - tableA = Script1719551244403.NewDZO(x = tableA): null

17-03-2025T06:44:40 - [TEST_STEP][PASSED] - i3 = <not implemented yet for class: org.codehaus.groovy.ast.expr.EmptyExpression>: null

17-03-2025T06:44:40 - [TEST_STEP][PASSED] - i3 = x.indexOf("/") + 1: null

17-03-2025T06:44:40 - [TEST_STEP][PASSED] - x = x.substring(i3, x.length()): null

17-03-2025T06:44:40 - [TEST_STEP][PASSED] - return x: null

17-03-2025T06:44:40 - [TEST_STEP][PASSED] - tableA = Script1719551244403.NewDZO(x = tableA): null

17-03-2025T06:44:40 - [TEST_STEP][PASSED] - i3 = <not implemented yet for class: org.codehaus.groovy.ast.expr.EmptyExpression>: null

17-03-2025T06:44:40 - [TEST_STEP][PASSED] - i3 = x.indexOf("/") + 1: null

17-03-2025T06:44:40 - [TEST_STEP][PASSED] - x = x.substring(i3, x.length()): null

17-03-2025T06:44:40 - [TEST_STEP][PASSED] - return x: null

17-03-2025T06:44:40 - [TEST_STEP][PASSED] - tableA = Script1719551244403.NewDZO(x = tableA): null

17-03-2025T06:44:40 - [TEST_STEP][PASSED] - i3 = <not implemented yet for class: org.codehaus.groovy.ast.expr.EmptyExpression>: null

17-03-2025T06:44:40 - [TEST_STEP][PASSED] - i3 = x.indexOf("/") + 1: null

17-03-2025T06:44:40 - [TEST_STEP][PASSED] - x = x.substring(i3, x.length()): null

17-03-2025T06:44:40 - [TEST_STEP][PASSED] - return x: null

17-03-2025T06:44:40 - [TEST_STEP][PASSED] - tableA = Script1719551244403.NewDZO(x = tableA): null

17-03-2025T06:44:40 - [TEST_STEP][PASSED] - i3 = <not implemented yet for class: org.codehaus.groovy.ast.expr.EmptyExpression>: null

17-03-2025T06:44:40 - [TEST_STEP][PASSED] - i3 = x.indexOf("/") + 1: null

17-03-2025T06:44:40 - [TEST_STEP][PASSED] - x = x.substring(i3, x.length()): null

17-03-2025T06:44:40 - [TEST_STEP][PASSED] - return x: null

17-03-2025T06:44:40 - [TEST_STEP][PASSED] - tableA = Script1719551244403.NewDZO(x = tableA): null

17-03-2025T06:44:40 - [TEST_STEP][PASSED] - i3 = <not implemented yet for class: org.codehaus.groovy.ast.expr.EmptyExpression>: null

17-03-2025T06:44:40 - [TEST_STEP][PASSED] - i3 = x.indexOf("/") + 1: null

17-03-2025T06:44:40 - [TEST_STEP][PASSED] - x = x.substring(i3, x.length()): null

17-03-2025T06:44:40 - [TEST_STEP][PASSED] - return x: null

17-03-2025T06:44:40 - [TEST_STEP][PASSED] - tableA = Script1719551244403.NewDZO(x = tableA): null

17-03-2025T06:44:40 - [TEST_STEP][PASSED] - i3 = <not implemented yet for class: org.codehaus.groovy.ast.expr.EmptyExpression>: null

17-03-2025T06:44:40 - [TEST_STEP][PASSED] - i3 = x.indexOf("/") + 1: null

17-03-2025T06:44:40 - [TEST_STEP][PASSED] - x = x.substring(i3, x.length()): null

17-03-2025T06:44:40 - [TEST_STEP][PASSED] - return x: null

17-03-2025T06:44:40 - [TEST_STEP][PASSED] - tableA = Script1719551244403.NewDZO(x = tableA): null

17-03-2025T06:44:40 - [TEST_STEP][PASSED] - i3 = <not implemented yet for class: org.codehaus.groovy.ast.expr.EmptyExpression>: null

17-03-2025T06:44:40 - [TEST_STEP][PASSED] - i3 = x.indexOf("/") + 1: null

17-03-2025T06:44:40 - [TEST_STEP][PASSED] - x = x.substring(i3, x.length()): null

17-03-2025T06:44:40 - [TEST_STEP][PASSED] - return x: null

17-03-2025T06:44:40 - [TEST_STEP][PASSED] - tableA = Script1719551244403.NewDZO(x = tableA): null

17-03-2025T06:44:40 - [TEST_STEP][PASSED] - i3 = <not implemented yet for class: org.codehaus.groovy.ast.expr.EmptyExpression>: null

17-03-2025T06:44:40 - [TEST_STEP][PASSED] - i3 = x.indexOf("/") + 1: null

17-03-2025T06:44:40 - [TEST_STEP][PASSED] - x = x.substring(i3, x.length()): null

17-03-2025T06:44:40 - [TEST_STEP][PASSED] - return x: null

17-03-2025T06:44:40 - [TEST_STEP][PASSED] - i = tableA.indexOf("Тюмень"): null

17-03-2025T06:44:40 - [TEST_STEP][PASSED] - ToA = replaceAll("\p{P}", "").trim(): null

17-03-2025T06:44:40 - [TEST_STEP][PASSED] - println("ToA: " + ToA): null

17-03-2025T06:44:40 - [TEST_STEP][PASSED] - tableA = Script1719551244403.NewDZO(x = tableA): null

17-03-2025T06:44:40 - [TEST_STEP][PASSED] - i3 = <not implemented yet for class: org.codehaus.groovy.ast.expr.EmptyExpression>: null

17-03-2025T06:44:40 - [TEST_STEP][PASSED] - i3 = x.indexOf("/") + 1: null

17-03-2025T06:44:40 - [TEST_STEP][PASSED] - x = x.substring(i3, x.length()): null

17-03-2025T06:44:40 - [TEST_STEP][PASSED] - return x: null

17-03-2025T06:44:40 - [TEST_STEP][PASSED] - TyuA = replaceAll("\p{P}", "").trim(): null

17-03-2025T06:44:40 - [TEST_STEP][PASSED] - println("TyuA: " + TyuA): null

17-03-2025T06:44:40 - [TEST_STEP][PASSED] - tableA = Script1719551244403.NewDZO(x = tableA): null

17-03-2025T06:44:40 - [TEST_STEP][PASSED] - i3 = <not implemented yet for class: org.codehaus.groovy.ast.expr.EmptyExpression>: null

17-03-2025T06:44:40 - [TEST_STEP][PASSED] - i3 = x.indexOf("/") + 1: null

17-03-2025T06:44:40 - [TEST_STEP][PASSED] - x = x.substring(i3, x.length()): null

17-03-2025T06:44:40 - [TEST_STEP][PASSED] - return x: null

17-03-2025T06:44:40 - [TEST_STEP][PASSED] - i = tableA.indexOf("ЕЭС"): null

17-03-2025T06:44:40 - [TEST_STEP][PASSED] - UrA = replaceAll("\p{P}", "").trim(): null

17-03-2025T06:44:40 - [TEST_STEP][PASSED] - println("UrA: " + UrA): null

17-03-2025T06:44:40 - [TEST_STEP][PASSED] - for ([i = 1, i < 4, (i++)]): null

17-03-2025T06:44:40 - [TEST_STEP][PASSED] - tableA = Script1719551244403.NewDZO(x = tableA): null

17-03-2025T06:44:40 - [TEST_STEP][PASSED] - i3 = <not implemented yet for class: org.codehaus.groovy.ast.expr.EmptyExpression>: null

17-03-2025T06:44:40 - [TEST_STEP][PASSED] - i3 = x.indexOf("/") + 1: null

17-03-2025T06:44:40 - [TEST_STEP][PASSED] - x = x.substring(i3, x.length()): null

17-03-2025T06:44:40 - [TEST_STEP][PASSED] - return x: null

17-03-2025T06:44:40 - [TEST_STEP][PASSED] - tableA = Script1719551244403.NewDZO(x = tableA): null

17-03-2025T06:44:40 - [TEST_STEP][PASSED] - i3 = <not implemented yet for class: org.codehaus.groovy.ast.expr.EmptyExpression>: null

17-03-2025T06:44:40 - [TEST_STEP][PASSED] - i3 = x.indexOf("/") + 1: null

17-03-2025T06:44:40 - [TEST_STEP][PASSED] - x = x.substring(i3, x.length()): null

17-03-2025T06:44:40 - [TEST_STEP][PASSED] - return x: null

17-03-2025T06:44:40 - [TEST_STEP][PASSED] - tableA = Script1719551244403.NewDZO(x = tableA): null

17-03-2025T06:44:40 - [TEST_STEP][PASSED] - i3 = <not implemented yet for class: org.codehaus.groovy.ast.expr.EmptyExpression>: null

17-03-2025T06:44:40 - [TEST_STEP][PASSED] - i3 = x.indexOf("/") + 1: null

17-03-2025T06:44:40 - [TEST_STEP][PASSED] - x = x.substring(i3, x.length()): null

17-03-2025T06:44:40 - [TEST_STEP][PASSED] - return x: null

17-03-2025T06:44:40 - [TEST_STEP][PASSED] - i = tableA.indexOf("Центр"): null

17-03-2025T06:44:40 - [TEST_STEP][PASSED] - FSKA = replaceAll("\p{P}", "").trim(): null

17-03-2025T06:44:40 - [TEST_STEP][PASSED] - println("FSKA: " + FSKA): null

17-03-2025T06:44:40 - [TEST_STEP][PASSED] - tableA = Script1719551244403.NewDZO(x = tableA): null

17-03-2025T06:44:40 - [TEST_STEP][PASSED] - i3 = <not implemented yet for class: org.codehaus.groovy.ast.expr.EmptyExpression>: null

17-03-2025T06:44:40 - [TEST_STEP][PASSED] - i3 = x.indexOf("/") + 1: null

17-03-2025T06:44:40 - [TEST_STEP][PASSED] - x = x.substring(i3, x.length()): null

17-03-2025T06:44:40 - [TEST_STEP][PASSED] - return x: null

17-03-2025T06:44:40 - [TEST_STEP][PASSED] - i = tableA.indexOf("Приволжье"): null

17-03-2025T06:44:40 - [TEST_STEP][PASSED] - CenA = replaceAll("\p{P}", "").trim(): null

17-03-2025T06:44:40 - [TEST_STEP][PASSED] - println("CenA: " + CenA): null

17-03-2025T06:44:40 - [TEST_STEP][PASSED] - for ([i = 1, i < 12, (i++)]): null

17-03-2025T06:44:40 - [TEST_STEP][PASSED] - tableA = Script1719551244403.NewDZO(x = tableA): null

17-03-2025T06:44:40 - [TEST_STEP][PASSED] - i3 = <not implemented yet for class: org.codehaus.groovy.ast.expr.EmptyExpression>: null

17-03-2025T06:44:40 - [TEST_STEP][PASSED] - i3 = x.indexOf("/") + 1: null

17-03-2025T06:44:40 - [TEST_STEP][PASSED] - x = x.substring(i3, x.length()): null

17-03-2025T06:44:40 - [TEST_STEP][PASSED] - return x: null

17-03-2025T06:44:40 - [TEST_STEP][PASSED] - tableA = Script1719551244403.NewDZO(x = tableA): null

17-03-2025T06:44:40 - [TEST_STEP][PASSED] - i3 = <not implemented yet for class: org.codehaus.groovy.ast.expr.EmptyExpression>: null

17-03-2025T06:44:40 - [TEST_STEP][PASSED] - i3 = x.indexOf("/") + 1: null

17-03-2025T06:44:40 - [TEST_STEP][PASSED] - x = x.substring(i3, x.length()): null

17-03-2025T06:44:40 - [TEST_STEP][PASSED] - return x: null

17-03-2025T06:44:40 - [TEST_STEP][PASSED] - tableA = Script1719551244403.NewDZO(x = tableA): null

17-03-2025T06:44:40 - [TEST_STEP][PASSED] - i3 = <not implemented yet for class: org.codehaus.groovy.ast.expr.EmptyExpression>: null

17-03-2025T06:44:40 - [TEST_STEP][PASSED] - i3 = x.indexOf("/") + 1: null

17-03-2025T06:44:40 - [TEST_STEP][PASSED] - x = x.substring(i3, x.length()): null

17-03-2025T06:44:40 - [TEST_STEP][PASSED] - return x: null

17-03-2025T06:44:40 - [TEST_STEP][PASSED] - tableA = Script1719551244403.NewDZO(x = tableA): null

17-03-2025T06:44:40 - [TEST_STEP][PASSED] - i3 = <not implemented yet for class: org.codehaus.groovy.ast.expr.EmptyExpression>: null

17-03-2025T06:44:40 - [TEST_STEP][PASSED] - i3 = x.indexOf("/") + 1: null

17-03-2025T06:44:40 - [TEST_STEP][PASSED] - x = x.substring(i3, x.length()): null

17-03-2025T06:44:40 - [TEST_STEP][PASSED] - return x: null

17-03-2025T06:44:40 - [TEST_STEP][PASSED] - tableA = Script1719551244403.NewDZO(x = tableA): null

17-03-2025T06:44:40 - [TEST_STEP][PASSED] - i3 = <not implemented yet for class: org.codehaus.groovy.ast.expr.EmptyExpression>: null

17-03-2025T06:44:40 - [TEST_STEP][PASSED] - i3 = x.indexOf("/") + 1: null

17-03-2025T06:44:40 - [TEST_STEP][PASSED] - x = x.substring(i3, x.length()): null

17-03-2025T06:44:40 - [TEST_STEP][PASSED] - return x: null

17-03-2025T06:44:40 - [TEST_STEP][PASSED] - tableA = Script1719551244403.NewDZO(x = tableA): null

17-03-2025T06:44:40 - [TEST_STEP][PASSED] - i3 = <not implemented yet for class: org.codehaus.groovy.ast.expr.EmptyExpression>: null

17-03-2025T06:44:40 - [TEST_STEP][PASSED] - i3 = x.indexOf("/") + 1: null

17-03-2025T06:44:40 - [TEST_STEP][PASSED] - x = x.substring(i3, x.length()): null

17-03-2025T06:44:40 - [TEST_STEP][PASSED] - return x: null

17-03-2025T06:44:40 - [TEST_STEP][PASSED] - tableA = Script1719551244403.NewDZO(x = tableA): null

17-03-2025T06:44:40 - [TEST_STEP][PASSED] - i3 = <not implemented yet for class: org.codehaus.groovy.ast.expr.EmptyExpression>: null

17-03-2025T06:44:40 - [TEST_STEP][PASSED] - i3 = x.indexOf("/") + 1: null

17-03-2025T06:44:40 - [TEST_STEP][PASSED] - x = x.substring(i3, x.length()): null

17-03-2025T06:44:40 - [TEST_STEP][PASSED] - return x: null

17-03-2025T06:44:40 - [TEST_STEP][PASSED] - tableA = Script1719551244403.NewDZO(x = tableA): null

17-03-2025T06:44:40 - [TEST_STEP][PASSED] - i3 = <not implemented yet for class: org.codehaus.groovy.ast.expr.EmptyExpression>: null

17-03-2025T06:44:40 - [TEST_STEP][PASSED] - i3 = x.indexOf("/") + 1: null

17-03-2025T06:44:40 - [TEST_STEP][PASSED] - x = x.substring(i3, x.length()): null

17-03-2025T06:44:40 - [TEST_STEP][PASSED] - return x: null

17-03-2025T06:44:40 - [TEST_STEP][PASSED] - tableA = Script1719551244403.NewDZO(x = tableA): null

17-03-2025T06:44:40 - [TEST_STEP][PASSED] - i3 = <not implemented yet for class: org.codehaus.groovy.ast.expr.EmptyExpression>: null

17-03-2025T06:44:40 - [TEST_STEP][PASSED] - i3 = x.indexOf("/") + 1: null

17-03-2025T06:44:40 - [TEST_STEP][PASSED] - x = x.substring(i3, x.length()): null

17-03-2025T06:44:40 - [TEST_STEP][PASSED] - return x: null

17-03-2025T06:44:40 - [TEST_STEP][PASSED] - tableA = Script1719551244403.NewDZO(x = tableA): null

17-03-2025T06:44:40 - [TEST_STEP][PASSED] - i3 = <not implemented yet for class: org.codehaus.groovy.ast.expr.EmptyExpression>: null

17-03-2025T06:44:40 - [TEST_STEP][PASSED] - i3 = x.indexOf("/") + 1: null

17-03-2025T06:44:40 - [TEST_STEP][PASSED] - x = x.substring(i3, x.length()): null

17-03-2025T06:44:40 - [TEST_STEP][PASSED] - return x: null

17-03-2025T06:44:40 - [TEST_STEP][PASSED] - tableA = Script1719551244403.NewDZO(x = tableA): null

17-03-2025T06:44:40 - [TEST_STEP][PASSED] - i3 = <not implemented yet for class: org.codehaus.groovy.ast.expr.EmptyExpression>: null

17-03-2025T06:44:40 - [TEST_STEP][PASSED] - i3 = x.indexOf("/") + 1: null

17-03-2025T06:44:40 - [TEST_STEP][PASSED] - x = x.substring(i3, x.length()): null

17-03-2025T06:44:40 - [TEST_STEP][PASSED] - return x: null

17-03-2025T06:44:40 - [TEST_STEP][PASSED] - i = tableA.indexOf("Юг"): null

17-03-2025T06:44:40 - [TEST_STEP][PASSED] - CiPA = replaceAll("\p{P}", "").trim(): null

17-03-2025T06:44:40 - [TEST_STEP][PASSED] - println("CiPA: " + CiPA): null

17-03-2025T06:44:40 - [TEST_STEP][PASSED] - for ([i = 1, i < 10, (i++)]): null

17-03-2025T06:44:40 - [TEST_STEP][PASSED] - tableA = Script1719551244403.NewDZO(x = tableA): null

17-03-2025T06:44:40 - [TEST_STEP][PASSED] - i3 = <not implemented yet for class: org.codehaus.groovy.ast.expr.EmptyExpression>: null

17-03-2025T06:44:40 - [TEST_STEP][PASSED] - i3 = x.indexOf("/") + 1: null

17-03-2025T06:44:40 - [TEST_STEP][PASSED] - x = x.substring(i3, x.length()): null

17-03-2025T06:44:40 - [TEST_STEP][PASSED] - return x: null

17-03-2025T06:44:40 - [TEST_STEP][PASSED] - tableA = Script1719551244403.NewDZO(x = tableA): null

17-03-2025T06:44:40 - [TEST_STEP][PASSED] - i3 = <not implemented yet for class: org.codehaus.groovy.ast.expr.EmptyExpression>: null

17-03-2025T06:44:40 - [TEST_STEP][PASSED] - i3 = x.indexOf("/") + 1: null

17-03-2025T06:44:40 - [TEST_STEP][PASSED] - x = x.substring(i3, x.length()): null

17-03-2025T06:44:40 - [TEST_STEP][PASSED] - return x: null

17-03-2025T06:44:40 - [TEST_STEP][PASSED] - tableA = Script1719551244403.NewDZO(x = tableA): null

17-03-2025T06:44:40 - [TEST_STEP][PASSED] - i3 = <not implemented yet for class: org.codehaus.groovy.ast.expr.EmptyExpression>: null

17-03-2025T06:44:40 - [TEST_STEP][PASSED] - i3 = x.indexOf("/") + 1: null

17-03-2025T06:44:40 - [TEST_STEP][PASSED] - x = x.substring(i3, x.length()): null

17-03-2025T06:44:40 - [TEST_STEP][PASSED] - return x: null

17-03-2025T06:44:40 - [TEST_STEP][PASSED] - tableA = Script1719551244403.NewDZO(x = tableA): null

17-03-2025T06:44:40 - [TEST_STEP][PASSED] - i3 = <not implemented yet for class: org.codehaus.groovy.ast.expr.EmptyExpression>: null

17-03-2025T06:44:40 - [TEST_STEP][PASSED] - i3 = x.indexOf("/") + 1: null

17-03-2025T06:44:40 - [TEST_STEP][PASSED] - x = x.substring(i3, x.length()): null

17-03-2025T06:44:40 - [TEST_STEP][PASSED] - return x: null

17-03-2025T06:44:40 - [TEST_STEP][PASSED] - tableA = Script1719551244403.NewDZO(x = tableA): null

17-03-2025T06:44:40 - [TEST_STEP][PASSED] - i3 = <not implemented yet for class: org.codehaus.groovy.ast.expr.EmptyExpression>: null

17-03-2025T06:44:40 - [TEST_STEP][PASSED] - i3 = x.indexOf("/") + 1: null

17-03-2025T06:44:40 - [TEST_STEP][PASSED] - x = x.substring(i3, x.length()): null

17-03-2025T06:44:40 - [TEST_STEP][PASSED] - return x: null

17-03-2025T06:44:40 - [TEST_STEP][PASSED] - tableA = Script1719551244403.NewDZO(x = tableA): null

17-03-2025T06:44:40 - [TEST_STEP][PASSED] - i3 = <not implemented yet for class: org.codehaus.groovy.ast.expr.EmptyExpression>: null

17-03-2025T06:44:40 - [TEST_STEP][PASSED] - i3 = x.indexOf("/") + 1: null

17-03-2025T06:44:40 - [TEST_STEP][PASSED] - x = x.substring(i3, x.length()): null

17-03-2025T06:44:40 - [TEST_STEP][PASSED] - return x: null

17-03-2025T06:44:40 - [TEST_STEP][PASSED] - tableA = Script1719551244403.NewDZO(x = tableA): null

17-03-2025T06:44:40 - [TEST_STEP][PASSED] - i3 = <not implemented yet for class: org.codehaus.groovy.ast.expr.EmptyExpression>: null

17-03-2025T06:44:40 - [TEST_STEP][PASSED] - i3 = x.indexOf("/") + 1: null

17-03-2025T06:44:40 - [TEST_STEP][PASSED] - x = x.substring(i3, x.length()): null

17-03-2025T06:44:40 - [TEST_STEP][PASSED] - return x: null

17-03-2025T06:44:40 - [TEST_STEP][PASSED] - tableA = Script1719551244403.NewDZO(x = tableA): null

17-03-2025T06:44:40 - [TEST_STEP][PASSED] - i3 = <not implemented yet for class: org.codehaus.groovy.ast.expr.EmptyExpression>: null

17-03-2025T06:44:40 - [TEST_STEP][PASSED] - i3 = x.indexOf("/") + 1: null

17-03-2025T06:44:40 - [TEST_STEP][PASSED] - x = x.substring(i3, x.length()): null

17-03-2025T06:44:40 - [TEST_STEP][PASSED] - return x: null

17-03-2025T06:44:40 - [TEST_STEP][PASSED] - tableA = Script1719551244403.NewDZO(x = tableA): null

17-03-2025T06:44:40 - [TEST_STEP][PASSED] - i3 = <not implemented yet for class: org.codehaus.groovy.ast.expr.EmptyExpression>: null

17-03-2025T06:44:40 - [TEST_STEP][PASSED] - i3 = x.indexOf("/") + 1: null

17-03-2025T06:44:40 - [TEST_STEP][PASSED] - x = x.substring(i3, x.length()): null

17-03-2025T06:44:40 - [TEST_STEP][PASSED] - return x: null

17-03-2025T06:44:40 - [TEST_STEP][PASSED] - i = tableA.indexOf("Янтарь"): null

17-03-2025T06:44:40 - [TEST_STEP][PASSED] - UgA = replaceAll("\p{P}", "").trim(): null

17-03-2025T06:44:40 - [TEST_STEP][PASSED] - println("UgA: " + UgA): null

17-03-2025T06:44:40 - [TEST_STEP][PASSED] - i = tableA.lastIndexOf("/"): null

17-03-2025T06:44:40 - [TEST_STEP][PASSED] - YaA = replaceAll("\p{P}", "").trim(): null

17-03-2025T06:44:40 - [TEST_STEP][PASSED] - println("YaA: " + YaA): null

17-03-2025T06:44:40 - [TEST_STEP][PASSED] - delay(10): Delayed 10 second(s)

17-03-2025T06:44:50 - [MESSAGE][PASSED] - Delayed 10 second(s)

17-03-2025T06:44:50 - [TEST_STEP][PASSED] - navigateToUrl(findTestData("PlanFact").getValue(10, 11)): Navigate to 'https://bi.rosseti.digital/viewer?dashboardGuid=a1fd28b3785d443cbc4d7690a1d78e31&sheetGuid=d3a0ddec2e914cb380b20dca74903099&fit=true' successfully

17-03-2025T06:44:51 - [MESSAGE][PASSED] - Navigate to 'https://bi.rosseti.digital/viewer?dashboardGuid=a1fd28b3785d443cbc4d7690a1d78e31&sheetGuid=d3a0ddec2e914cb380b20dca74903099&fit=true' successfully

17-03-2025T06:44:51 - [TEST_STEP][PASSED] - b = <not implemented yet for class: org.codehaus.groovy.ast.expr.EmptyExpression>: null

17-03-2025T06:44:51 - [TEST_STEP][PASSED] - b1 = <not implemented yet for class: org.codehaus.groovy.ast.expr.EmptyExpression>: null

17-03-2025T06:44:51 - [TEST_STEP][PASSED] - b2 = <not implemented yet for class: org.codehaus.groovy.ast.expr.EmptyExpression>: null

17-03-2025T06:44:51 - [TEST_STEP][PASSED] - click(findTestObject("Факторный анализ/Фильтр Дата Выручка")): Object: 'Object Repository/Факторный анализ/Фильтр Дата Выручка' is clicked on

17-03-2025T06:45:01 - [MESSAGE][PASSED] - Object: 'Object Repository/Факторный анализ/Фильтр Дата Выручка' is clicked on

17-03-2025T06:45:01 - [TEST_STEP][PASSED] - click(findTestObject("Факторный анализ/Снять выделение в фильтре Дата Выручка")): Object: 'Object Repository/Факторный анализ/Снять выделение в фильтре Дата Выручка' is clicked on

17-03-2025T06:45:01 - [MESSAGE][PASSED] - Object: 'Object Repository/Факторный анализ/Снять выделение в фильтре Дата Выручка' is clicked on

17-03-2025T06:45:01 - [TEST_STEP][PASSED] - click(findTestObject("Факторный анализ/Применить в фильтре Дата Выручка")): Object: 'Object Repository/Факторный анализ/Применить в фильтре Дата Выручка' is clicked on

17-03-2025T06:45:02 - [MESSAGE][PASSED] - Object: 'Object Repository/Факторный анализ/Применить в фильтре Дата Выручка' is clicked on

17-03-2025T06:45:02 - [TEST_STEP][PASSED] - delay(10): Delayed 10 second(s)

17-03-2025T06:45:12 - [MESSAGE][PASSED] - Delayed 10 second(s)

17-03-2025T06:45:12 - [TEST_STEP][PASSED] - click(findTestObject("Факторный анализ/Фильтр Дата Выручка")): Object: 'Object Repository/Факторный анализ/Фильтр Дата Выручка' is clicked on

17-03-2025T06:45:12 - [MESSAGE][PASSED] - Object: 'Object Repository/Факторный анализ/Фильтр Дата Выручка' is clicked on

17-03-2025T06:45:12 - [TEST_STEP][PASSED] - click(findTestObject("Факторный анализ/Снять выделение в фильтре Дата Выручка")): Object: 'Object Repository/Факторный анализ/Снять выделение в фильтре Дата Выручка' is clicked on

17-03-2025T06:45:13 - [MESSAGE][PASSED] - Object: 'Object Repository/Факторный анализ/Снять выделение в фильтре Дата Выручка' is clicked on

17-03-2025T06:45:13 - [TEST_STEP][PASSED] - scrollToElement(findTestObject("Факторный анализ/2025 список Выручка"), 30): Scroll to object 'Object Repository/Факторный анализ/2025 список Выручка' successfully

17-03-2025T06:45:13 - [MESSAGE][PASSED] - Scroll to object 'Object Repository/Факторный анализ/2025 список Выручка' successfully

17-03-2025T06:45:13 - [TEST_STEP][PASSED] - click(findTestObject("Факторный анализ/2025 список Выручка")): Object: 'Object Repository/Факторный анализ/2025 список Выручка' is clicked on

17-03-2025T06:45:13 - [MESSAGE][PASSED] - Object: 'Object Repository/Факторный анализ/2025 список Выручка' is clicked on

17-03-2025T06:45:13 - [TEST_STEP][PASSED] - scrollToElement(findTestObject("Факторный анализ/1 квартал 2025 список Выручка"), 30): Scroll to object 'Object Repository/Факторный анализ/1 квартал 2025 список Выручка' successfully

17-03-2025T06:45:14 - [MESSAGE][PASSED] - Scroll to object 'Object Repository/Факторный анализ/1 квартал 2025 список Выручка' successfully

17-03-2025T06:45:14 - [TEST_STEP][PASSED] - click(findTestObject("Факторный анализ/1 квартал 2025 список Выручка"), CONTINUE_ON_FAILURE): Object: 'Object Repository/Факторный анализ/1 квартал 2025 список Выручка' is clicked on

17-03-2025T06:45:14 - [MESSAGE][PASSED] - Object: 'Object Repository/Факторный анализ/1 квартал 2025 список Выручка' is clicked on

17-03-2025T06:45:14 - [TEST_STEP][PASSED] - scrollToElement(findTestObject("Факторный анализ/Январь 2025 Выручка"), 30): Scroll to object 'Object Repository/Факторный анализ/Январь 2025 Выручка' successfully

17-03-2025T06:45:14 - [MESSAGE][PASSED] - Scroll to object 'Object Repository/Факторный анализ/Январь 2025 Выручка' successfully

17-03-2025T06:45:14 - [TEST_STEP][PASSED] - click(findTestObject("Факторный анализ/Январь 2025 Выручка"), CONTINUE_ON_FAILURE): Object: 'Object Repository/Факторный анализ/Январь 2025 Выручка' is clicked on

17-03-2025T06:45:15 - [MESSAGE][PASSED] - Object: 'Object Repository/Факторный анализ/Январь 2025 Выручка' is clicked on

17-03-2025T06:45:15 - [TEST_STEP][PASSED] - scrollToElement(findTestObject("Факторный анализ/Заголовок дашборда Выручка"), 30): Scroll to object 'Object Repository/Факторный анализ/Заголовок дашборда Выручка' successfully

17-03-2025T06:45:15 - [MESSAGE][PASSED] - Scroll to object 'Object Repository/Факторный анализ/Заголовок дашборда Выручка' successfully

17-03-2025T06:45:15 - [TEST_STEP][PASSED] - click(findTestObject("Факторный анализ/Применить в фильтре Дата Выручка")): Object: 'Object Repository/Факторный анализ/Применить в фильтре Дата Выручка' is clicked on

17-03-2025T06:45:16 - [MESSAGE][PASSED] - Object: 'Object Repository/Факторный анализ/Применить в фильтре Дата Выручка' is clicked on

17-03-2025T06:45:16 - [TEST_STEP][PASSED] - if (run == 1): null

17-03-2025T06:45:16 - [TEST_STEP][PASSED] - b = getText(findTestObject("Факторный анализ/Отклонения выручки по факторам Выручка")): Text of object 'Object Repository/Факторный анализ/Отклонения выручки по факторам Выручка' is: '-134 977-134 977
00
Отклонение (объём услуг) филиал без Nan
Отклонение (средний тариф) филиал без Nan
ПАО Россети'

17-03-2025T06:45:18 - [MESSAGE][PASSED] - Text of object 'Object Repository/Факторный анализ/Отклонения выручки по факторам Выручка' is: '-134 977-134 977
00
Отклонение (объём услуг) филиал без Nan
Отклонение (средний тариф) филиал без Nan
ПАО Россети'

17-03-2025T06:45:18 - [TEST_STEP][PASSED] - b = b.replaceAll("[\r?
|
]", "/"): null

17-03-2025T06:45:18 - [TEST_STEP][PASSED] - println("b: " + b): null

17-03-2025T06:45:18 - [TEST_STEP][PASSED] - i = b.indexOf("Отклонение"): null

17-03-2025T06:45:18 - [TEST_STEP][PASSED] - if (i > -1): null

17-03-2025T06:45:18 - [TEST_STEP][PASSED] - i = i: null

17-03-2025T06:45:18 - [TEST_STEP][PASSED] - b = substring(0, i).trim(): null

17-03-2025T06:45:18 - [TEST_STEP][PASSED] - println("b: " + b): null

17-03-2025T06:45:18 - [TEST_STEP][PASSED] - i = b.indexOf("/"): null

17-03-2025T06:45:18 - [TEST_STEP][PASSED] - if (i > -1): null

17-03-2025T06:45:18 - [TEST_STEP][PASSED] - b1 = b.substring(0, i): null

17-03-2025T06:45:18 - [TEST_STEP][PASSED] - println("b1: " + b1): null

17-03-2025T06:45:18 - [TEST_STEP][PASSED] - b2 = b.substring(b1.length() + 1, b.length()): null

17-03-2025T06:45:18 - [TEST_STEP][PASSED] - println("b2: " + b2): null

17-03-2025T06:45:18 - [TEST_STEP][PASSED] - i = b1.length() / 2: null

17-03-2025T06:45:18 - [TEST_STEP][PASSED] - if (i > -1): null

17-03-2025T06:45:18 - [TEST_STEP][PASSED] - b1 = replaceAll("\s+", "").trim(): null

17-03-2025T06:45:18 - [TEST_STEP][PASSED] - println("b1: " + b1): null

17-03-2025T06:45:18 - [TEST_STEP][PASSED] - i = b2.length() / 2: null

17-03-2025T06:45:18 - [TEST_STEP][PASSED] - if (i > -1): null

17-03-2025T06:45:18 - [TEST_STEP][PASSED] - b2 = replaceAll("\s+", "").trim(): null

17-03-2025T06:45:18 - [TEST_STEP][PASSED] - println("b2: " + b2): null

17-03-2025T06:45:18 - [TEST_STEP][PASSED] - vidget = "Отклонения выручки по факторам": null

17-03-2025T06:45:18 - [TEST_STEP][PASSED] - DZO = "ПАО Россети": null

17-03-2025T06:45:18 - [TEST_STEP][PASSED] - typeOfData = "Отклонение (объём услуг)": null

17-03-2025T06:45:18 - [TEST_STEP][PASSED] - Script1719551244403.Compare(x = a1, y = b1, run, typeOfData, otobrajeniyeDannyh, todaysDate, vidget, DZO): null

17-03-2025T06:45:18 - [TEST_STEP][PASSED] - if (verifyEqual(x, y) == true): Actual object '-134977' and expected object '-134977' are equal

17-03-2025T06:45:18 - [MESSAGE][PASSED] - Actual object '-134977' and expected object '-134977' are equal

17-03-2025T06:45:18 - [TEST_STEP][PASSED] - typeOfData = "Отклонение (средний тариф)": null

17-03-2025T06:45:18 - [TEST_STEP][PASSED] - Script1719551244403.Compare(x = a2, y = b2, run, typeOfData, otobrajeniyeDannyh, todaysDate, vidget, DZO): null

17-03-2025T06:45:18 - [TEST_STEP][FAILED] - if (verifyEqual(x, y) == true): Unable to verify equal between actual object '1352' and expected object '0' (Root cause: com.kms.katalon.core.exception.StepFailedException: Actual object '1352' and expected object '0' are not equal
	at com.kms.katalon.core.keyword.builtin.VerifyEqualKeyword$_verifyEqual_closure1.doCall(VerifyEqualKeyword.groovy:58)
	at com.kms.katalon.core.keyword.builtin.VerifyEqualKeyword$_verifyEqual_closure1.call(VerifyEqualKeyword.groovy)
	at com.kms.katalon.core.keyword.internal.KeywordMain.runKeyword(KeywordMain.groovy:75)
	at com.kms.katalon.core.keyword.builtin.VerifyEqualKeyword.verifyEqual(VerifyEqualKeyword.groovy:63)
	at com.kms.katalon.core.keyword.builtin.VerifyEqualKeyword.execute(VerifyEqualKeyword.groovy:44)
	at com.kms.katalon.core.keyword.internal.KeywordExecutor.executeKeywordForPlatform(KeywordExecutor.groovy:74)
	at com.kms.katalon.core.keyword.BuiltinKeywords.verifyEqual(BuiltinKeywords.groovy:146)
	at jdk.internal.reflect.GeneratedMethodAccessor23.invoke(Unknown Source)
	at java.base/jdk.internal.reflect.DelegatingMethodAccessorImpl.invoke(DelegatingMethodAccessorImpl.java:43)
	at Факторный анализ сверка дашбордов.Compare(Факторный анализ сверка дашбордов:654)
	at Факторный анализ сверка дашбордов.Test(Факторный анализ сверка дашбордов:422)
	at Факторный анализ сверка дашбордов.run(Факторный анализ сверка дашбордов:44)
	at com.kms.katalon.core.main.ScriptEngine.run(ScriptEngine.java:194)
	at com.kms.katalon.core.main.ScriptEngine.runScriptAsRawText(ScriptEngine.java:119)
	at com.kms.katalon.core.main.TestCaseExecutor.runScript(TestCaseExecutor.java:448)
	at com.kms.katalon.core.main.TestCaseExecutor.doExecute(TestCaseExecutor.java:439)
	at com.kms.katalon.core.main.TestCaseExecutor.processExecutionPhase(TestCaseExecutor.java:418)
	at com.kms.katalon.core.main.TestCaseExecutor.accessMainPhase(TestCaseExecutor.java:410)
	at com.kms.katalon.core.main.TestCaseExecutor.execute(TestCaseExecutor.java:285)
	at com.kms.katalon.core.common.CommonExecutor.accessTestCaseMainPhase(CommonExecutor.java:65)
	at com.kms.katalon.core.main.TestSuiteExecutor.accessTestSuiteMainPhase(TestSuiteExecutor.java:150)
	at com.kms.katalon.core.main.TestSuiteExecutor.execute(TestSuiteExecutor.java:106)
	at com.kms.katalon.core.main.TestCaseMain.startTestSuite(TestCaseMain.java:180)
	at TempTestSuite1742171011514.run(TempTestSuite1742171011514.groovy:35)
	at java.base/jdk.internal.reflect.NativeMethodAccessorImpl.invoke0(Native Method)
	at java.base/jdk.internal.reflect.NativeMethodAccessorImpl.invoke(NativeMethodAccessorImpl.java:77)
	at java.base/jdk.internal.reflect.DelegatingMethodAccessorImpl.invoke(DelegatingMethodAccessorImpl.java:43)
)

17-03-2025T06:45:18 - [MESSAGE][FAILED] - Unable to verify equal between actual object '1352' and expected object '0' (Root cause: com.kms.katalon.core.exception.StepFailedException: Actual object '1352' and expected object '0' are not equal
	at com.kms.katalon.core.keyword.builtin.VerifyEqualKeyword$_verifyEqual_closure1.doCall(VerifyEqualKeyword.groovy:58)
	at com.kms.katalon.core.keyword.builtin.VerifyEqualKeyword$_verifyEqual_closure1.call(VerifyEqualKeyword.groovy)
	at com.kms.katalon.core.keyword.internal.KeywordMain.runKeyword(KeywordMain.groovy:75)
	at com.kms.katalon.core.keyword.builtin.VerifyEqualKeyword.verifyEqual(VerifyEqualKeyword.groovy:63)
	at com.kms.katalon.core.keyword.builtin.VerifyEqualKeyword.execute(VerifyEqualKeyword.groovy:44)
	at com.kms.katalon.core.keyword.internal.KeywordExecutor.executeKeywordForPlatform(KeywordExecutor.groovy:74)
	at com.kms.katalon.core.keyword.BuiltinKeywords.verifyEqual(BuiltinKeywords.groovy:146)
	at jdk.internal.reflect.GeneratedMethodAccessor23.invoke(Unknown Source)
	at java.base/jdk.internal.reflect.DelegatingMethodAccessorImpl.invoke(DelegatingMethodAccessorImpl.java:43)
	at Факторный анализ сверка дашбордов.Compare(Факторный анализ сверка дашбордов:654)
	at Факторный анализ сверка дашбордов.Test(Факторный анализ сверка дашбордов:422)
	at Факторный анализ сверка дашбордов.run(Факторный анализ сверка дашбордов:44)
	at com.kms.katalon.core.main.ScriptEngine.run(ScriptEngine.java:194)
	at com.kms.katalon.core.main.ScriptEngine.runScriptAsRawText(ScriptEngine.java:119)
	at com.kms.katalon.core.main.TestCaseExecutor.runScript(TestCaseExecutor.java:448)
	at com.kms.katalon.core.main.TestCaseExecutor.doExecute(TestCaseExecutor.java:439)
	at com.kms.katalon.core.main.TestCaseExecutor.processExecutionPhase(TestCaseExecutor.java:418)
	at com.kms.katalon.core.main.TestCaseExecutor.accessMainPhase(TestCaseExecutor.java:410)
	at com.kms.katalon.core.main.TestCaseExecutor.execute(TestCaseExecutor.java:285)
	at com.kms.katalon.core.common.CommonExecutor.accessTestCaseMainPhase(CommonExecutor.java:65)
	at com.kms.katalon.core.main.TestSuiteExecutor.accessTestSuiteMainPhase(TestSuiteExecutor.java:150)
	at com.kms.katalon.core.main.TestSuiteExecutor.execute(TestSuiteExecutor.java:106)
	at com.kms.katalon.core.main.TestCaseMain.startTestSuite(TestCaseMain.java:180)
	at TempTestSuite1742171011514.run(TempTestSuite1742171011514.groovy:35)
	at java.base/jdk.internal.reflect.NativeMethodAccessorImpl.invoke0(Native Method)
	at java.base/jdk.internal.reflect.NativeMethodAccessorImpl.invoke(NativeMethodAccessorImpl.java:77)
	at java.base/jdk.internal.reflect.DelegatingMethodAccessorImpl.invoke(DelegatingMethodAccessorImpl.java:43)
)

17-03-2025T06:45:18 - [TEST_STEP][PASSED] - else: null

17-03-2025T06:45:18 - [TEST_STEP][PASSED] - if (run == 1): null

17-03-2025T06:45:18 - [TEST_STEP][PASSED] - otobrajeniyeDannyh = "Филиал": null

17-03-2025T06:45:18 - [TEST_STEP][PASSED] - Script1719551244403.WriteToExcel(todaysDate, typeOfData, otobrajeniyeDannyh, x, y, vidget, DZO): null

17-03-2025T06:45:18 - [TEST_STEP][PASSED] - sheetName = "Sheet1": null

17-03-2025T06:45:18 - [TEST_STEP][PASSED] - data = findTestData("PlanFact"): null

17-03-2025T06:45:18 - [TEST_STEP][PASSED] - n = data.getRowNumbers() + 1: null

17-03-2025T06:45:18 - [TEST_STEP][PASSED] - period = getText(findTestObject("Факторный анализ/Фильтр Период")): Text of object 'Object Repository/Факторный анализ/Фильтр Период' is: 'Январь 2025 года'

17-03-2025T06:45:18 - [MESSAGE][PASSED] - Text of object 'Object Repository/Факторный анализ/Фильтр Период' is: 'Январь 2025 года'

17-03-2025T06:45:18 - [TEST_STEP][PASSED] - println(period): null

17-03-2025T06:45:18 - [TEST_STEP][PASSED] - dashboardName = "Факторный анализ": null

17-03-2025T06:45:18 - [TEST_STEP][PASSED] - workbook01 = getWorkbook(excelFilePath): null

17-03-2025T06:45:18 - [TEST_STEP][PASSED] - sheet01 = getExcelSheet(workbook01, sheetName): null

17-03-2025T06:45:18 - [TEST_STEP][PASSED] - setValueToCellByIndex(sheet01, n, 0, dashboardName): null

17-03-2025T06:45:18 - [TEST_STEP][PASSED] - setValueToCellByIndex(sheet01, n, 1, DZO): null

17-03-2025T06:45:18 - [TEST_STEP][PASSED] - setValueToCellByIndex(sheet01, n, 2, vidget): null

17-03-2025T06:45:18 - [TEST_STEP][PASSED] - setValueToCellByIndex(sheet01, n, 3, typeOfData): null

17-03-2025T06:45:18 - [TEST_STEP][PASSED] - setValueToCellByIndex(sheet01, n, 4, otobrajeniyeDannyh): null

17-03-2025T06:45:18 - [TEST_STEP][PASSED] - setValueToCellByIndex(sheet01, n, 5, period): null

17-03-2025T06:45:18 - [TEST_STEP][PASSED] - setValueToCellByIndex(sheet01, n, 6, todaysDate): null

17-03-2025T06:45:18 - [TEST_STEP][PASSED] - n = n + 1: null

17-03-2025T06:45:18 - [TEST_STEP][PASSED] - saveWorkbook(excelFilePath, workbook01): null

17-03-2025T06:45:19 - [TEST_STEP][PASSED] - tableB = getText(findTestObject("Факторный анализ/AllTable1 Выручка")).replaceAll("[\r?
|
]", "/"): Text of object 'Object Repository/Факторный анализ/AllTable1 Выручка' is: 'ДЗО
Филиал
Отклонение (объём услуг) филиал без Nan
Отклонение (средний тариф) филиал без Nan
АО "РЭС" АО "РЭС" -76 3
АО «Тываэнерго» АО "Тываэнерго" 19 4
АО «Чеченэнерго» АО «Чеченэнерго» -35 -48
Россети Волга Мордовэнерго - 150 -6
Оренбургэнерго -62 -9
Пензаэнерго -35 -1
Самарские РС -78 142
Саратовские РС -77 -49
Ульяновские РС 14 6
Чувашэнерго -4 12
Россети Кубань Кубаньэнерго - 341 287
Россети Ленэнерго (ГК) Ленинградская область - 311 187
г. Санкт-Петербург - 291 12
Россети Московский регион Московская область - 780 53
г. Москва - 195 -5
Россети Северный Кавказ (ГК) Дагэнерго - 238 -48
Ингушэнерго -60 14
Каббалкэнерго 20 -4
Карачаево-Черкесскэнерго -10 - 109
Севкавказэнерго - 121 -10
Ставропольэнерго -68 28
Россети Северо-Запад Архангельский филиал -52 21
Вологодский филиал -40 10
Карельский филиал -50 -15
Мурманский филиал 20 -17
Новгородский филиал -49 0
Псковский филиал -48 13
филиал в Республике Коми -53 9
Россети Сибирь (ГК) Алтайэнерго 39 16
Бурятэнерго 10 -7
ГАЭС 9 2
Красноярскэнерго 117 -4
Кузбассэнерго-РЭС 37 147
Омскэнерго -2 -21
Хакасэнерго -10 -12
Читаэнерго -1 25
Россети Томск Томская распределительная компания -62 5
Россети Тюмень Россети Тюмень - 986 - 117
Россети Урал (ГК) Пермэнерго - 187 5
Свердловэнерго - 152 -4
Челябэнерго - 141 5
Россети ФСК ЕЭС Итого по ФСК ЕЭС - 311 252
Россети Центр Белгородэнерго -85 14
Брянскэнерго -50 -8
Воронежэнерго -98 -2
Костромаэнерго -42 3
Курскэнерго -32 8
Липецкэнерго -79 20
Орелэнерго -40 5
Смоленскэнерго -52 -7
Тамбовэнерго -25 -5
Тверьэнерго - 133 0
Ярэнерго -60 -6
Россети Центр и Приволжье (ГК) Владимирэнерго - 134 -19
Ивэнерго -16 -6
Калугаэнерго -73 20
Кировэнерго -51 3
Мариэнерго -10 9
Нижновэнерго - 171 -4
Рязаньэнерго -93 1
Тулэнерго -82 7
Удмуртэнерго -55 60
Россети Юг (ГК) АО «ВМЭС» 0 4
Астраханьэнерго 1 -6
Волгоградэнерго - 140 -12
Калмэнерго -8 2
Ростовэнерго -47 16
Россети Янтарь Россети Янтарь -31 12'

17-03-2025T06:45:19 - [MESSAGE][PASSED] - Text of object 'Object Repository/Факторный анализ/AllTable1 Выручка' is: 'ДЗО
Филиал
Отклонение (объём услуг) филиал без Nan
Отклонение (средний тариф) филиал без Nan
АО "РЭС" АО "РЭС" -76 3
АО «Тываэнерго» АО "Тываэнерго" 19 4
АО «Чеченэнерго» АО «Чеченэнерго» -35 -48
Россети Волга Мордовэнерго - 150 -6
Оренбургэнерго -62 -9
Пензаэнерго -35 -1
Самарские РС -78 142
Саратовские РС -77 -49
Ульяновские РС 14 6
Чувашэнерго -4 12
Россети Кубань Кубаньэнерго - 341 287
Россети Ленэнерго (ГК) Ленинградская область - 311 187
г. Санкт-Петербург - 291 12
Россети Московский регион Московская область - 780 53
г. Москва - 195 -5
Россети Северный Кавказ (ГК) Дагэнерго - 238 -48
Ингушэнерго -60 14
Каббалкэнерго 20 -4
Карачаево-Черкесскэнерго -10 - 109
Севкавказэнерго - 121 -10
Ставропольэнерго -68 28
Россети Северо-Запад Архангельский филиал -52 21
Вологодский филиал -40 10
Карельский филиал -50 -15
Мурманский филиал 20 -17
Новгородский филиал -49 0
Псковский филиал -48 13
филиал в Республике Коми -53 9
Россети Сибирь (ГК) Алтайэнерго 39 16
Бурятэнерго 10 -7
ГАЭС 9 2
Красноярскэнерго 117 -4
Кузбассэнерго-РЭС 37 147
Омскэнерго -2 -21
Хакасэнерго -10 -12
Читаэнерго -1 25
Россети Томск Томская распределительная компания -62 5
Россети Тюмень Россети Тюмень - 986 - 117
Россети Урал (ГК) Пермэнерго - 187 5
Свердловэнерго - 152 -4
Челябэнерго - 141 5
Россети ФСК ЕЭС Итого по ФСК ЕЭС - 311 252
Россети Центр Белгородэнерго -85 14
Брянскэнерго -50 -8
Воронежэнерго -98 -2
Костромаэнерго -42 3
Курскэнерго -32 8
Липецкэнерго -79 20
Орелэнерго -40 5
Смоленскэнерго -52 -7
Тамбовэнерго -25 -5
Тверьэнерго - 133 0
Ярэнерго -60 -6
Россети Центр и Приволжье (ГК) Владимирэнерго - 134 -19
Ивэнерго -16 -6
Калугаэнерго -73 20
Кировэнерго -51 3
Мариэнерго -10 9
Нижновэнерго - 171 -4
Рязаньэнерго -93 1
Тулэнерго -82 7
Удмуртэнерго -55 60
Россети Юг (ГК) АО «ВМЭС» 0 4
Астраханьэнерго 1 -6
Волгоградэнерго - 140 -12
Калмэнерго -8 2
Ростовэнерго -47 16
Россети Янтарь Россети Янтарь -31 12'

17-03-2025T06:45:19 - [TEST_STEP][PASSED] - println("tableB: " + tableB): null

17-03-2025T06:45:19 - [TEST_STEP][PASSED] - for ([i = 1, i < 5, (i++)]): null

17-03-2025T06:45:19 - [TEST_STEP][PASSED] - ii = tableB.indexOf("/") + 1: null

17-03-2025T06:45:19 - [TEST_STEP][PASSED] - tableB = tableB.substring(ii, tableB.length()): null

17-03-2025T06:45:19 - [TEST_STEP][PASSED] - ii = tableB.indexOf("/") + 1: null

17-03-2025T06:45:19 - [TEST_STEP][PASSED] - tableB = tableB.substring(ii, tableB.length()): null

17-03-2025T06:45:19 - [TEST_STEP][PASSED] - ii = tableB.indexOf("/") + 1: null

17-03-2025T06:45:19 - [TEST_STEP][PASSED] - tableB = tableB.substring(ii, tableB.length()): null

17-03-2025T06:45:19 - [TEST_STEP][PASSED] - ii = tableB.indexOf("/") + 1: null

17-03-2025T06:45:19 - [TEST_STEP][PASSED] - tableB = tableB.substring(ii, tableB.length()): null

17-03-2025T06:45:19 - [TEST_STEP][PASSED] - println("tableB: " + tableB): null

17-03-2025T06:45:19 - [TEST_STEP][PASSED] - TyB = Script1719551244403.GetData(x = tableB): null

17-03-2025T06:45:19 - [TEST_STEP][PASSED] - i2 = <not implemented yet for class: org.codehaus.groovy.ast.expr.EmptyExpression>: null

17-03-2025T06:45:19 - [TEST_STEP][PASSED] - i2 = x.indexOf("/") + 1: null

17-03-2025T06:45:19 - [TEST_STEP][PASSED] - x = replaceAll("\p{P}", "").trim(): null

17-03-2025T06:45:19 - [TEST_STEP][PASSED] - return x: null

17-03-2025T06:45:19 - [TEST_STEP][PASSED] - println("TyB: " + TyB): null

17-03-2025T06:45:19 - [TEST_STEP][PASSED] - tableB = Script1719551244403.NewDZO(x = tableB): null

17-03-2025T06:45:19 - [TEST_STEP][PASSED] - i3 = <not implemented yet for class: org.codehaus.groovy.ast.expr.EmptyExpression>: null

17-03-2025T06:45:19 - [TEST_STEP][PASSED] - i3 = x.indexOf("/") + 1: null

17-03-2025T06:45:19 - [TEST_STEP][PASSED] - x = x.substring(i3, x.length()): null

17-03-2025T06:45:19 - [TEST_STEP][PASSED] - return x: null

17-03-2025T06:45:19 - [TEST_STEP][PASSED] - ChB = Script1719551244403.GetData(x = tableB): null

17-03-2025T06:45:19 - [TEST_STEP][PASSED] - i2 = <not implemented yet for class: org.codehaus.groovy.ast.expr.EmptyExpression>: null

17-03-2025T06:45:19 - [TEST_STEP][PASSED] - i2 = x.indexOf("/") + 1: null

17-03-2025T06:45:19 - [TEST_STEP][PASSED] - x = replaceAll("\p{P}", "").trim(): null

17-03-2025T06:45:19 - [TEST_STEP][PASSED] - return x: null

17-03-2025T06:45:19 - [TEST_STEP][PASSED] - println("ChB: " + ChB): null

17-03-2025T06:45:19 - [TEST_STEP][PASSED] - tableB = Script1719551244403.NewDZO(x = tableB): null

17-03-2025T06:45:19 - [TEST_STEP][PASSED] - i3 = <not implemented yet for class: org.codehaus.groovy.ast.expr.EmptyExpression>: null

17-03-2025T06:45:19 - [TEST_STEP][PASSED] - i3 = x.indexOf("/") + 1: null

17-03-2025T06:45:19 - [TEST_STEP][PASSED] - x = x.substring(i3, x.length()): null

17-03-2025T06:45:19 - [TEST_STEP][PASSED] - return x: null

17-03-2025T06:45:19 - [TEST_STEP][PASSED] - i = tableB.indexOf("Кубань"): null

17-03-2025T06:45:19 - [TEST_STEP][PASSED] - VB = replaceAll("\p{P}", "").trim(): null

17-03-2025T06:45:19 - [TEST_STEP][PASSED] - println("VB: " + VB): null

17-03-2025T06:45:19 - [TEST_STEP][PASSED] - for ([i = 1, i < 8, (i++)]): null

17-03-2025T06:45:19 - [TEST_STEP][PASSED] - tableB = Script1719551244403.NewDZO(x = tableB): null

17-03-2025T06:45:19 - [TEST_STEP][PASSED] - i3 = <not implemented yet for class: org.codehaus.groovy.ast.expr.EmptyExpression>: null

17-03-2025T06:45:19 - [TEST_STEP][PASSED] - i3 = x.indexOf("/") + 1: null

17-03-2025T06:45:19 - [TEST_STEP][PASSED] - x = x.substring(i3, x.length()): null

17-03-2025T06:45:19 - [TEST_STEP][PASSED] - return x: null

17-03-2025T06:45:19 - [TEST_STEP][PASSED] - tableB = Script1719551244403.NewDZO(x = tableB): null

17-03-2025T06:45:19 - [TEST_STEP][PASSED] - i3 = <not implemented yet for class: org.codehaus.groovy.ast.expr.EmptyExpression>: null

17-03-2025T06:45:19 - [TEST_STEP][PASSED] - i3 = x.indexOf("/") + 1: null

17-03-2025T06:45:19 - [TEST_STEP][PASSED] - x = x.substring(i3, x.length()): null

17-03-2025T06:45:19 - [TEST_STEP][PASSED] - return x: null

17-03-2025T06:45:19 - [TEST_STEP][PASSED] - tableB = Script1719551244403.NewDZO(x = tableB): null

17-03-2025T06:45:19 - [TEST_STEP][PASSED] - i3 = <not implemented yet for class: org.codehaus.groovy.ast.expr.EmptyExpression>: null

17-03-2025T06:45:19 - [TEST_STEP][PASSED] - i3 = x.indexOf("/") + 1: null

17-03-2025T06:45:19 - [TEST_STEP][PASSED] - x = x.substring(i3, x.length()): null

17-03-2025T06:45:19 - [TEST_STEP][PASSED] - return x: null

17-03-2025T06:45:19 - [TEST_STEP][PASSED] - tableB = Script1719551244403.NewDZO(x = tableB): null

17-03-2025T06:45:19 - [TEST_STEP][PASSED] - i3 = <not implemented yet for class: org.codehaus.groovy.ast.expr.EmptyExpression>: null

17-03-2025T06:45:19 - [TEST_STEP][PASSED] - i3 = x.indexOf("/") + 1: null

17-03-2025T06:45:19 - [TEST_STEP][PASSED] - x = x.substring(i3, x.length()): null

17-03-2025T06:45:19 - [TEST_STEP][PASSED] - return x: null

17-03-2025T06:45:19 - [TEST_STEP][PASSED] - tableB = Script1719551244403.NewDZO(x = tableB): null

17-03-2025T06:45:19 - [TEST_STEP][PASSED] - i3 = <not implemented yet for class: org.codehaus.groovy.ast.expr.EmptyExpression>: null

17-03-2025T06:45:19 - [TEST_STEP][PASSED] - i3 = x.indexOf("/") + 1: null

17-03-2025T06:45:19 - [TEST_STEP][PASSED] - x = x.substring(i3, x.length()): null

17-03-2025T06:45:19 - [TEST_STEP][PASSED] - return x: null

17-03-2025T06:45:19 - [TEST_STEP][PASSED] - tableB = Script1719551244403.NewDZO(x = tableB): null

17-03-2025T06:45:19 - [TEST_STEP][PASSED] - i3 = <not implemented yet for class: org.codehaus.groovy.ast.expr.EmptyExpression>: null

17-03-2025T06:45:19 - [TEST_STEP][PASSED] - i3 = x.indexOf("/") + 1: null

17-03-2025T06:45:19 - [TEST_STEP][PASSED] - x = x.substring(i3, x.length()): null

17-03-2025T06:45:19 - [TEST_STEP][PASSED] - return x: null

17-03-2025T06:45:19 - [TEST_STEP][PASSED] - tableB = Script1719551244403.NewDZO(x = tableB): null

17-03-2025T06:45:19 - [TEST_STEP][PASSED] - i3 = <not implemented yet for class: org.codehaus.groovy.ast.expr.EmptyExpression>: null

17-03-2025T06:45:19 - [TEST_STEP][PASSED] - i3 = x.indexOf("/") + 1: null

17-03-2025T06:45:19 - [TEST_STEP][PASSED] - x = x.substring(i3, x.length()): null

17-03-2025T06:45:19 - [TEST_STEP][PASSED] - return x: null

17-03-2025T06:45:19 - [TEST_STEP][PASSED] - i = tableB.indexOf("Ленэнерго"): null

17-03-2025T06:45:19 - [TEST_STEP][PASSED] - KuB = Script1719551244403.GetData(x = tableB): null

17-03-2025T06:45:19 - [TEST_STEP][PASSED] - i2 = <not implemented yet for class: org.codehaus.groovy.ast.expr.EmptyExpression>: null

17-03-2025T06:45:19 - [TEST_STEP][PASSED] - i2 = x.indexOf("/") + 1: null

17-03-2025T06:45:19 - [TEST_STEP][PASSED] - x = replaceAll("\p{P}", "").trim(): null

17-03-2025T06:45:19 - [TEST_STEP][PASSED] - return x: null

17-03-2025T06:45:19 - [TEST_STEP][PASSED] - println("KuB: " + KuB): null

17-03-2025T06:45:19 - [TEST_STEP][PASSED] - tableB = Script1719551244403.NewDZO(x = tableB): null

17-03-2025T06:45:19 - [TEST_STEP][PASSED] - i3 = <not implemented yet for class: org.codehaus.groovy.ast.expr.EmptyExpression>: null

17-03-2025T06:45:19 - [TEST_STEP][PASSED] - i3 = x.indexOf("/") + 1: null

17-03-2025T06:45:19 - [TEST_STEP][PASSED] - x = x.substring(i3, x.length()): null

17-03-2025T06:45:19 - [TEST_STEP][PASSED] - return x: null

17-03-2025T06:45:19 - [TEST_STEP][PASSED] - i = tableB.indexOf("Московский"): null

17-03-2025T06:45:19 - [TEST_STEP][PASSED] - LenB = replaceAll("\p{P}", "").trim(): null

17-03-2025T06:45:19 - [TEST_STEP][PASSED] - println("LenB: " + LenB): null

17-03-2025T06:45:19 - [TEST_STEP][PASSED] - tableB = Script1719551244403.NewDZO(x = tableB): null

17-03-2025T06:45:19 - [TEST_STEP][PASSED] - i3 = <not implemented yet for class: org.codehaus.groovy.ast.expr.EmptyExpression>: null

17-03-2025T06:45:19 - [TEST_STEP][PASSED] - i3 = x.indexOf("/") + 1: null

17-03-2025T06:45:19 - [TEST_STEP][PASSED] - x = x.substring(i3, x.length()): null

17-03-2025T06:45:19 - [TEST_STEP][PASSED] - return x: null

17-03-2025T06:45:19 - [TEST_STEP][PASSED] - tableB = Script1719551244403.NewDZO(x = tableB): null

17-03-2025T06:45:19 - [TEST_STEP][PASSED] - i3 = <not implemented yet for class: org.codehaus.groovy.ast.expr.EmptyExpression>: null

17-03-2025T06:45:19 - [TEST_STEP][PASSED] - i3 = x.indexOf("/") + 1: null

17-03-2025T06:45:19 - [TEST_STEP][PASSED] - x = x.substring(i3, x.length()): null

17-03-2025T06:45:19 - [TEST_STEP][PASSED] - return x: null

17-03-2025T06:45:19 - [TEST_STEP][PASSED] - i = tableB.indexOf("Кавказ"): null

17-03-2025T06:45:19 - [TEST_STEP][PASSED] - MosB = replaceAll("\p{P}", "").trim(): null

17-03-2025T06:45:19 - [TEST_STEP][PASSED] - println("MosB: " + MosB): null

17-03-2025T06:45:19 - [TEST_STEP][PASSED] - for ([i = 1, i < 3, (i++)]): null

17-03-2025T06:45:19 - [TEST_STEP][PASSED] - tableB = Script1719551244403.NewDZO(x = tableB): null

17-03-2025T06:45:19 - [TEST_STEP][PASSED] - i3 = <not implemented yet for class: org.codehaus.groovy.ast.expr.EmptyExpression>: null

17-03-2025T06:45:19 - [TEST_STEP][PASSED] - i3 = x.indexOf("/") + 1: null

17-03-2025T06:45:19 - [TEST_STEP][PASSED] - x = x.substring(i3, x.length()): null

17-03-2025T06:45:19 - [TEST_STEP][PASSED] - return x: null

17-03-2025T06:45:19 - [TEST_STEP][PASSED] - tableB = Script1719551244403.NewDZO(x = tableB): null

17-03-2025T06:45:19 - [TEST_STEP][PASSED] - i3 = <not implemented yet for class: org.codehaus.groovy.ast.expr.EmptyExpression>: null

17-03-2025T06:45:19 - [TEST_STEP][PASSED] - i3 = x.indexOf("/") + 1: null

17-03-2025T06:45:19 - [TEST_STEP][PASSED] - x = x.substring(i3, x.length()): null

17-03-2025T06:45:19 - [TEST_STEP][PASSED] - return x: null

17-03-2025T06:45:19 - [TEST_STEP][PASSED] - i = tableB.indexOf("Запад"): null

17-03-2025T06:45:19 - [TEST_STEP][PASSED] - SKB = replaceAll("\p{P}", "").trim(): null

17-03-2025T06:45:19 - [TEST_STEP][PASSED] - println("SKB: " + SKB): null

17-03-2025T06:45:19 - [TEST_STEP][PASSED] - for ([i = 1, i < 7, (i++)]): null

17-03-2025T06:45:19 - [TEST_STEP][PASSED] - tableB = Script1719551244403.NewDZO(x = tableB): null

17-03-2025T06:45:19 - [TEST_STEP][PASSED] - i3 = <not implemented yet for class: org.codehaus.groovy.ast.expr.EmptyExpression>: null

17-03-2025T06:45:19 - [TEST_STEP][PASSED] - i3 = x.indexOf("/") + 1: null

17-03-2025T06:45:19 - [TEST_STEP][PASSED] - x = x.substring(i3, x.length()): null

17-03-2025T06:45:19 - [TEST_STEP][PASSED] - return x: null

17-03-2025T06:45:19 - [TEST_STEP][PASSED] - tableB = Script1719551244403.NewDZO(x = tableB): null

17-03-2025T06:45:19 - [TEST_STEP][PASSED] - i3 = <not implemented yet for class: org.codehaus.groovy.ast.expr.EmptyExpression>: null

17-03-2025T06:45:19 - [TEST_STEP][PASSED] - i3 = x.indexOf("/") + 1: null

17-03-2025T06:45:19 - [TEST_STEP][PASSED] - x = x.substring(i3, x.length()): null

17-03-2025T06:45:19 - [TEST_STEP][PASSED] - return x: null

17-03-2025T06:45:19 - [TEST_STEP][PASSED] - tableB = Script1719551244403.NewDZO(x = tableB): null

17-03-2025T06:45:19 - [TEST_STEP][PASSED] - i3 = <not implemented yet for class: org.codehaus.groovy.ast.expr.EmptyExpression>: null

17-03-2025T06:45:19 - [TEST_STEP][PASSED] - i3 = x.indexOf("/") + 1: null

17-03-2025T06:45:19 - [TEST_STEP][PASSED] - x = x.substring(i3, x.length()): null

17-03-2025T06:45:19 - [TEST_STEP][PASSED] - return x: null

17-03-2025T06:45:19 - [TEST_STEP][PASSED] - tableB = Script1719551244403.NewDZO(x = tableB): null

17-03-2025T06:45:19 - [TEST_STEP][PASSED] - i3 = <not implemented yet for class: org.codehaus.groovy.ast.expr.EmptyExpression>: null

17-03-2025T06:45:19 - [TEST_STEP][PASSED] - i3 = x.indexOf("/") + 1: null

17-03-2025T06:45:19 - [TEST_STEP][PASSED] - x = x.substring(i3, x.length()): null

17-03-2025T06:45:19 - [TEST_STEP][PASSED] - return x: null

17-03-2025T06:45:19 - [TEST_STEP][PASSED] - tableB = Script1719551244403.NewDZO(x = tableB): null

17-03-2025T06:45:19 - [TEST_STEP][PASSED] - i3 = <not implemented yet for class: org.codehaus.groovy.ast.expr.EmptyExpression>: null

17-03-2025T06:45:19 - [TEST_STEP][PASSED] - i3 = x.indexOf("/") + 1: null

17-03-2025T06:45:19 - [TEST_STEP][PASSED] - x = x.substring(i3, x.length()): null

17-03-2025T06:45:19 - [TEST_STEP][PASSED] - return x: null

17-03-2025T06:45:19 - [TEST_STEP][PASSED] - tableB = Script1719551244403.NewDZO(x = tableB): null

17-03-2025T06:45:19 - [TEST_STEP][PASSED] - i3 = <not implemented yet for class: org.codehaus.groovy.ast.expr.EmptyExpression>: null

17-03-2025T06:45:19 - [TEST_STEP][PASSED] - i3 = x.indexOf("/") + 1: null

17-03-2025T06:45:19 - [TEST_STEP][PASSED] - x = x.substring(i3, x.length()): null

17-03-2025T06:45:19 - [TEST_STEP][PASSED] - return x: null

17-03-2025T06:45:19 - [TEST_STEP][PASSED] - i = tableB.indexOf("Сибирь"): null

17-03-2025T06:45:19 - [TEST_STEP][PASSED] - SZB = replaceAll("\p{P}", "").trim(): null

17-03-2025T06:45:19 - [TEST_STEP][PASSED] - println("SZB: " + SZB): null

17-03-2025T06:45:19 - [TEST_STEP][PASSED] - for ([i = 1, i < 8, (i++)]): null

17-03-2025T06:45:19 - [TEST_STEP][PASSED] - tableB = Script1719551244403.NewDZO(x = tableB): null

17-03-2025T06:45:19 - [TEST_STEP][PASSED] - i3 = <not implemented yet for class: org.codehaus.groovy.ast.expr.EmptyExpression>: null

17-03-2025T06:45:19 - [TEST_STEP][PASSED] - i3 = x.indexOf("/") + 1: null

17-03-2025T06:45:19 - [TEST_STEP][PASSED] - x = x.substring(i3, x.length()): null

17-03-2025T06:45:19 - [TEST_STEP][PASSED] - return x: null

17-03-2025T06:45:19 - [TEST_STEP][PASSED] - tableB = Script1719551244403.NewDZO(x = tableB): null

17-03-2025T06:45:19 - [TEST_STEP][PASSED] - i3 = <not implemented yet for class: org.codehaus.groovy.ast.expr.EmptyExpression>: null

17-03-2025T06:45:19 - [TEST_STEP][PASSED] - i3 = x.indexOf("/") + 1: null

17-03-2025T06:45:19 - [TEST_STEP][PASSED] - x = x.substring(i3, x.length()): null

17-03-2025T06:45:19 - [TEST_STEP][PASSED] - return x: null

17-03-2025T06:45:19 - [TEST_STEP][PASSED] - tableB = Script1719551244403.NewDZO(x = tableB): null

17-03-2025T06:45:19 - [TEST_STEP][PASSED] - i3 = <not implemented yet for class: org.codehaus.groovy.ast.expr.EmptyExpression>: null

17-03-2025T06:45:19 - [TEST_STEP][PASSED] - i3 = x.indexOf("/") + 1: null

17-03-2025T06:45:19 - [TEST_STEP][PASSED] - x = x.substring(i3, x.length()): null

17-03-2025T06:45:19 - [TEST_STEP][PASSED] - return x: null

17-03-2025T06:45:19 - [TEST_STEP][PASSED] - tableB = Script1719551244403.NewDZO(x = tableB): null

17-03-2025T06:45:19 - [TEST_STEP][PASSED] - i3 = <not implemented yet for class: org.codehaus.groovy.ast.expr.EmptyExpression>: null

17-03-2025T06:45:19 - [TEST_STEP][PASSED] - i3 = x.indexOf("/") + 1: null

17-03-2025T06:45:19 - [TEST_STEP][PASSED] - x = x.substring(i3, x.length()): null

17-03-2025T06:45:19 - [TEST_STEP][PASSED] - return x: null

17-03-2025T06:45:19 - [TEST_STEP][PASSED] - tableB = Script1719551244403.NewDZO(x = tableB): null

17-03-2025T06:45:19 - [TEST_STEP][PASSED] - i3 = <not implemented yet for class: org.codehaus.groovy.ast.expr.EmptyExpression>: null

17-03-2025T06:45:19 - [TEST_STEP][PASSED] - i3 = x.indexOf("/") + 1: null

17-03-2025T06:45:19 - [TEST_STEP][PASSED] - x = x.substring(i3, x.length()): null

17-03-2025T06:45:19 - [TEST_STEP][PASSED] - return x: null

17-03-2025T06:45:19 - [TEST_STEP][PASSED] - tableB = Script1719551244403.NewDZO(x = tableB): null

17-03-2025T06:45:19 - [TEST_STEP][PASSED] - i3 = <not implemented yet for class: org.codehaus.groovy.ast.expr.EmptyExpression>: null

17-03-2025T06:45:19 - [TEST_STEP][PASSED] - i3 = x.indexOf("/") + 1: null

17-03-2025T06:45:19 - [TEST_STEP][PASSED] - x = x.substring(i3, x.length()): null

17-03-2025T06:45:19 - [TEST_STEP][PASSED] - return x: null

17-03-2025T06:45:19 - [TEST_STEP][PASSED] - tableB = Script1719551244403.NewDZO(x = tableB): null

17-03-2025T06:45:19 - [TEST_STEP][PASSED] - i3 = <not implemented yet for class: org.codehaus.groovy.ast.expr.EmptyExpression>: null

17-03-2025T06:45:19 - [TEST_STEP][PASSED] - i3 = x.indexOf("/") + 1: null

17-03-2025T06:45:19 - [TEST_STEP][PASSED] - x = x.substring(i3, x.length()): null

17-03-2025T06:45:19 - [TEST_STEP][PASSED] - return x: null

17-03-2025T06:45:19 - [TEST_STEP][PASSED] - i = tableB.indexOf("Томск"): null

17-03-2025T06:45:19 - [TEST_STEP][PASSED] - SiB = replaceAll("\p{P}", "").trim(): null

17-03-2025T06:45:19 - [TEST_STEP][PASSED] - println("SiB: " + SiB): null

17-03-2025T06:45:19 - [TEST_STEP][PASSED] - for ([i = 1, i < 9, (i++)]): null

17-03-2025T06:45:19 - [TEST_STEP][PASSED] - tableB = Script1719551244403.NewDZO(x = tableB): null

17-03-2025T06:45:19 - [TEST_STEP][PASSED] - i3 = <not implemented yet for class: org.codehaus.groovy.ast.expr.EmptyExpression>: null

17-03-2025T06:45:19 - [TEST_STEP][PASSED] - i3 = x.indexOf("/") + 1: null

17-03-2025T06:45:19 - [TEST_STEP][PASSED] - x = x.substring(i3, x.length()): null

17-03-2025T06:45:19 - [TEST_STEP][PASSED] - return x: null

17-03-2025T06:45:19 - [TEST_STEP][PASSED] - tableB = Script1719551244403.NewDZO(x = tableB): null

17-03-2025T06:45:19 - [TEST_STEP][PASSED] - i3 = <not implemented yet for class: org.codehaus.groovy.ast.expr.EmptyExpression>: null

17-03-2025T06:45:19 - [TEST_STEP][PASSED] - i3 = x.indexOf("/") + 1: null

17-03-2025T06:45:19 - [TEST_STEP][PASSED] - x = x.substring(i3, x.length()): null

17-03-2025T06:45:19 - [TEST_STEP][PASSED] - return x: null

17-03-2025T06:45:19 - [TEST_STEP][PASSED] - tableB = Script1719551244403.NewDZO(x = tableB): null

17-03-2025T06:45:19 - [TEST_STEP][PASSED] - i3 = <not implemented yet for class: org.codehaus.groovy.ast.expr.EmptyExpression>: null

17-03-2025T06:45:19 - [TEST_STEP][PASSED] - i3 = x.indexOf("/") + 1: null

17-03-2025T06:45:19 - [TEST_STEP][PASSED] - x = x.substring(i3, x.length()): null

17-03-2025T06:45:19 - [TEST_STEP][PASSED] - return x: null

17-03-2025T06:45:19 - [TEST_STEP][PASSED] - tableB = Script1719551244403.NewDZO(x = tableB): null

17-03-2025T06:45:19 - [TEST_STEP][PASSED] - i3 = <not implemented yet for class: org.codehaus.groovy.ast.expr.EmptyExpression>: null

17-03-2025T06:45:19 - [TEST_STEP][PASSED] - i3 = x.indexOf("/") + 1: null

17-03-2025T06:45:19 - [TEST_STEP][PASSED] - x = x.substring(i3, x.length()): null

17-03-2025T06:45:19 - [TEST_STEP][PASSED] - return x: null

17-03-2025T06:45:19 - [TEST_STEP][PASSED] - tableB = Script1719551244403.NewDZO(x = tableB): null

17-03-2025T06:45:19 - [TEST_STEP][PASSED] - i3 = <not implemented yet for class: org.codehaus.groovy.ast.expr.EmptyExpression>: null

17-03-2025T06:45:19 - [TEST_STEP][PASSED] - i3 = x.indexOf("/") + 1: null

17-03-2025T06:45:19 - [TEST_STEP][PASSED] - x = x.substring(i3, x.length()): null

17-03-2025T06:45:19 - [TEST_STEP][PASSED] - return x: null

17-03-2025T06:45:19 - [TEST_STEP][PASSED] - tableB = Script1719551244403.NewDZO(x = tableB): null

17-03-2025T06:45:19 - [TEST_STEP][PASSED] - i3 = <not implemented yet for class: org.codehaus.groovy.ast.expr.EmptyExpression>: null

17-03-2025T06:45:19 - [TEST_STEP][PASSED] - i3 = x.indexOf("/") + 1: null

17-03-2025T06:45:19 - [TEST_STEP][PASSED] - x = x.substring(i3, x.length()): null

17-03-2025T06:45:19 - [TEST_STEP][PASSED] - return x: null

17-03-2025T06:45:19 - [TEST_STEP][PASSED] - tableB = Script1719551244403.NewDZO(x = tableB): null

17-03-2025T06:45:19 - [TEST_STEP][PASSED] - i3 = <not implemented yet for class: org.codehaus.groovy.ast.expr.EmptyExpression>: null

17-03-2025T06:45:19 - [TEST_STEP][PASSED] - i3 = x.indexOf("/") + 1: null

17-03-2025T06:45:19 - [TEST_STEP][PASSED] - x = x.substring(i3, x.length()): null

17-03-2025T06:45:19 - [TEST_STEP][PASSED] - return x: null

17-03-2025T06:45:19 - [TEST_STEP][PASSED] - tableB = Script1719551244403.NewDZO(x = tableB): null

17-03-2025T06:45:19 - [TEST_STEP][PASSED] - i3 = <not implemented yet for class: org.codehaus.groovy.ast.expr.EmptyExpression>: null

17-03-2025T06:45:19 - [TEST_STEP][PASSED] - i3 = x.indexOf("/") + 1: null

17-03-2025T06:45:19 - [TEST_STEP][PASSED] - x = x.substring(i3, x.length()): null

17-03-2025T06:45:19 - [TEST_STEP][PASSED] - return x: null

17-03-2025T06:45:19 - [TEST_STEP][PASSED] - i = tableB.indexOf("Тюмень"): null

17-03-2025T06:45:19 - [TEST_STEP][PASSED] - ToB = replaceAll("\p{P}", "").trim(): null

17-03-2025T06:45:19 - [TEST_STEP][PASSED] - println("ToB: " + ToB): null

17-03-2025T06:45:19 - [TEST_STEP][PASSED] - tableB = Script1719551244403.NewDZO(x = tableB): null

17-03-2025T06:45:19 - [TEST_STEP][PASSED] - i3 = <not implemented yet for class: org.codehaus.groovy.ast.expr.EmptyExpression>: null

17-03-2025T06:45:19 - [TEST_STEP][PASSED] - i3 = x.indexOf("/") + 1: null

17-03-2025T06:45:19 - [TEST_STEP][PASSED] - x = x.substring(i3, x.length()): null

17-03-2025T06:45:19 - [TEST_STEP][PASSED] - return x: null

17-03-2025T06:45:19 - [TEST_STEP][PASSED] - TyuB = replaceAll("\p{P}", "").trim(): null

17-03-2025T06:45:19 - [TEST_STEP][PASSED] - println("TyuB: " + TyuB): null

17-03-2025T06:45:19 - [TEST_STEP][PASSED] - tableB = Script1719551244403.NewDZO(x = tableB): null

17-03-2025T06:45:19 - [TEST_STEP][PASSED] - i3 = <not implemented yet for class: org.codehaus.groovy.ast.expr.EmptyExpression>: null

17-03-2025T06:45:19 - [TEST_STEP][PASSED] - i3 = x.indexOf("/") + 1: null

17-03-2025T06:45:19 - [TEST_STEP][PASSED] - x = x.substring(i3, x.length()): null

17-03-2025T06:45:19 - [TEST_STEP][PASSED] - return x: null

17-03-2025T06:45:19 - [TEST_STEP][PASSED] - i = tableB.indexOf("ЕЭС"): null

17-03-2025T06:45:19 - [TEST_STEP][PASSED] - UrB = replaceAll("\p{P}", "").trim(): null

17-03-2025T06:45:19 - [TEST_STEP][PASSED] - println("UrB: " + UrB): null

17-03-2025T06:45:19 - [TEST_STEP][PASSED] - for ([i = 1, i < 4, (i++)]): null

17-03-2025T06:45:19 - [TEST_STEP][PASSED] - tableB = Script1719551244403.NewDZO(x = tableB): null

17-03-2025T06:45:19 - [TEST_STEP][PASSED] - i3 = <not implemented yet for class: org.codehaus.groovy.ast.expr.EmptyExpression>: null

17-03-2025T06:45:19 - [TEST_STEP][PASSED] - i3 = x.indexOf("/") + 1: null

17-03-2025T06:45:19 - [TEST_STEP][PASSED] - x = x.substring(i3, x.length()): null

17-03-2025T06:45:19 - [TEST_STEP][PASSED] - return x: null

17-03-2025T06:45:19 - [TEST_STEP][PASSED] - tableB = Script1719551244403.NewDZO(x = tableB): null

17-03-2025T06:45:19 - [TEST_STEP][PASSED] - i3 = <not implemented yet for class: org.codehaus.groovy.ast.expr.EmptyExpression>: null

17-03-2025T06:45:19 - [TEST_STEP][PASSED] - i3 = x.indexOf("/") + 1: null

17-03-2025T06:45:19 - [TEST_STEP][PASSED] - x = x.substring(i3, x.length()): null

17-03-2025T06:45:19 - [TEST_STEP][PASSED] - return x: null

17-03-2025T06:45:19 - [TEST_STEP][PASSED] - tableB = Script1719551244403.NewDZO(x = tableB): null

17-03-2025T06:45:19 - [TEST_STEP][PASSED] - i3 = <not implemented yet for class: org.codehaus.groovy.ast.expr.EmptyExpression>: null

17-03-2025T06:45:19 - [TEST_STEP][PASSED] - i3 = x.indexOf("/") + 1: null

17-03-2025T06:45:19 - [TEST_STEP][PASSED] - x = x.substring(i3, x.length()): null

17-03-2025T06:45:19 - [TEST_STEP][PASSED] - return x: null

17-03-2025T06:45:19 - [TEST_STEP][PASSED] - i = tableB.indexOf("Центр"): null

17-03-2025T06:45:19 - [TEST_STEP][PASSED] - FSKB = replaceAll("\p{P}", "").trim(): null

17-03-2025T06:45:19 - [TEST_STEP][PASSED] - println("FSKB: " + FSKB): null

17-03-2025T06:45:19 - [TEST_STEP][PASSED] - tableB = Script1719551244403.NewDZO(x = tableB): null

17-03-2025T06:45:19 - [TEST_STEP][PASSED] - i3 = <not implemented yet for class: org.codehaus.groovy.ast.expr.EmptyExpression>: null

17-03-2025T06:45:19 - [TEST_STEP][PASSED] - i3 = x.indexOf("/") + 1: null

17-03-2025T06:45:19 - [TEST_STEP][PASSED] - x = x.substring(i3, x.length()): null

17-03-2025T06:45:19 - [TEST_STEP][PASSED] - return x: null

17-03-2025T06:45:19 - [TEST_STEP][PASSED] - i = tableB.indexOf("Приволжье"): null

17-03-2025T06:45:19 - [TEST_STEP][PASSED] - CenB = replaceAll("\p{P}", "").trim(): null

17-03-2025T06:45:19 - [TEST_STEP][PASSED] - println("CenB: " + CenB): null

17-03-2025T06:45:19 - [TEST_STEP][PASSED] - for ([i = 1, i < 12, (i++)]): null

17-03-2025T06:45:19 - [TEST_STEP][PASSED] - tableB = Script1719551244403.NewDZO(x = tableB): null

17-03-2025T06:45:19 - [TEST_STEP][PASSED] - i3 = <not implemented yet for class: org.codehaus.groovy.ast.expr.EmptyExpression>: null

17-03-2025T06:45:19 - [TEST_STEP][PASSED] - i3 = x.indexOf("/") + 1: null

17-03-2025T06:45:19 - [TEST_STEP][PASSED] - x = x.substring(i3, x.length()): null

17-03-2025T06:45:19 - [TEST_STEP][PASSED] - return x: null

17-03-2025T06:45:19 - [TEST_STEP][PASSED] - tableB = Script1719551244403.NewDZO(x = tableB): null

17-03-2025T06:45:19 - [TEST_STEP][PASSED] - i3 = <not implemented yet for class: org.codehaus.groovy.ast.expr.EmptyExpression>: null

17-03-2025T06:45:19 - [TEST_STEP][PASSED] - i3 = x.indexOf("/") + 1: null

17-03-2025T06:45:19 - [TEST_STEP][PASSED] - x = x.substring(i3, x.length()): null

17-03-2025T06:45:19 - [TEST_STEP][PASSED] - return x: null

17-03-2025T06:45:19 - [TEST_STEP][PASSED] - tableB = Script1719551244403.NewDZO(x = tableB): null

17-03-2025T06:45:19 - [TEST_STEP][PASSED] - i3 = <not implemented yet for class: org.codehaus.groovy.ast.expr.EmptyExpression>: null

17-03-2025T06:45:19 - [TEST_STEP][PASSED] - i3 = x.indexOf("/") + 1: null

17-03-2025T06:45:19 - [TEST_STEP][PASSED] - x = x.substring(i3, x.length()): null

17-03-2025T06:45:19 - [TEST_STEP][PASSED] - return x: null

17-03-2025T06:45:19 - [TEST_STEP][PASSED] - tableB = Script1719551244403.NewDZO(x = tableB): null

17-03-2025T06:45:19 - [TEST_STEP][PASSED] - i3 = <not implemented yet for class: org.codehaus.groovy.ast.expr.EmptyExpression>: null

17-03-2025T06:45:19 - [TEST_STEP][PASSED] - i3 = x.indexOf("/") + 1: null

17-03-2025T06:45:19 - [TEST_STEP][PASSED] - x = x.substring(i3, x.length()): null

17-03-2025T06:45:19 - [TEST_STEP][PASSED] - return x: null

17-03-2025T06:45:19 - [TEST_STEP][PASSED] - tableB = Script1719551244403.NewDZO(x = tableB): null

17-03-2025T06:45:19 - [TEST_STEP][PASSED] - i3 = <not implemented yet for class: org.codehaus.groovy.ast.expr.EmptyExpression>: null

17-03-2025T06:45:19 - [TEST_STEP][PASSED] - i3 = x.indexOf("/") + 1: null

17-03-2025T06:45:19 - [TEST_STEP][PASSED] - x = x.substring(i3, x.length()): null

17-03-2025T06:45:19 - [TEST_STEP][PASSED] - return x: null

17-03-2025T06:45:19 - [TEST_STEP][PASSED] - tableB = Script1719551244403.NewDZO(x = tableB): null

17-03-2025T06:45:19 - [TEST_STEP][PASSED] - i3 = <not implemented yet for class: org.codehaus.groovy.ast.expr.EmptyExpression>: null

17-03-2025T06:45:19 - [TEST_STEP][PASSED] - i3 = x.indexOf("/") + 1: null

17-03-2025T06:45:19 - [TEST_STEP][PASSED] - x = x.substring(i3, x.length()): null

17-03-2025T06:45:19 - [TEST_STEP][PASSED] - return x: null

17-03-2025T06:45:19 - [TEST_STEP][PASSED] - tableB = Script1719551244403.NewDZO(x = tableB): null

17-03-2025T06:45:19 - [TEST_STEP][PASSED] - i3 = <not implemented yet for class: org.codehaus.groovy.ast.expr.EmptyExpression>: null

17-03-2025T06:45:19 - [TEST_STEP][PASSED] - i3 = x.indexOf("/") + 1: null

17-03-2025T06:45:19 - [TEST_STEP][PASSED] - x = x.substring(i3, x.length()): null

17-03-2025T06:45:19 - [TEST_STEP][PASSED] - return x: null

17-03-2025T06:45:19 - [TEST_STEP][PASSED] - tableB = Script1719551244403.NewDZO(x = tableB): null

17-03-2025T06:45:19 - [TEST_STEP][PASSED] - i3 = <not implemented yet for class: org.codehaus.groovy.ast.expr.EmptyExpression>: null

17-03-2025T06:45:19 - [TEST_STEP][PASSED] - i3 = x.indexOf("/") + 1: null

17-03-2025T06:45:19 - [TEST_STEP][PASSED] - x = x.substring(i3, x.length()): null

17-03-2025T06:45:19 - [TEST_STEP][PASSED] - return x: null

17-03-2025T06:45:19 - [TEST_STEP][PASSED] - tableB = Script1719551244403.NewDZO(x = tableB): null

17-03-2025T06:45:19 - [TEST_STEP][PASSED] - i3 = <not implemented yet for class: org.codehaus.groovy.ast.expr.EmptyExpression>: null

17-03-2025T06:45:19 - [TEST_STEP][PASSED] - i3 = x.indexOf("/") + 1: null

17-03-2025T06:45:19 - [TEST_STEP][PASSED] - x = x.substring(i3, x.length()): null

17-03-2025T06:45:19 - [TEST_STEP][PASSED] - return x: null

17-03-2025T06:45:19 - [TEST_STEP][PASSED] - tableB = Script1719551244403.NewDZO(x = tableB): null

17-03-2025T06:45:19 - [TEST_STEP][PASSED] - i3 = <not implemented yet for class: org.codehaus.groovy.ast.expr.EmptyExpression>: null

17-03-2025T06:45:19 - [TEST_STEP][PASSED] - i3 = x.indexOf("/") + 1: null

17-03-2025T06:45:19 - [TEST_STEP][PASSED] - x = x.substring(i3, x.length()): null

17-03-2025T06:45:19 - [TEST_STEP][PASSED] - return x: null

17-03-2025T06:45:19 - [TEST_STEP][PASSED] - tableB = Script1719551244403.NewDZO(x = tableB): null

17-03-2025T06:45:19 - [TEST_STEP][PASSED] - i3 = <not implemented yet for class: org.codehaus.groovy.ast.expr.EmptyExpression>: null

17-03-2025T06:45:19 - [TEST_STEP][PASSED] - i3 = x.indexOf("/") + 1: null

17-03-2025T06:45:19 - [TEST_STEP][PASSED] - x = x.substring(i3, x.length()): null

17-03-2025T06:45:19 - [TEST_STEP][PASSED] - return x: null

17-03-2025T06:45:19 - [TEST_STEP][PASSED] - i = tableB.indexOf("Юг"): null

17-03-2025T06:45:19 - [TEST_STEP][PASSED] - CiPB = replaceAll("\p{P}", "").trim(): null

17-03-2025T06:45:19 - [TEST_STEP][PASSED] - println("CiPB: " + CiPB): null

17-03-2025T06:45:19 - [TEST_STEP][PASSED] - for ([i = 1, i < 10, (i++)]): null

17-03-2025T06:45:19 - [TEST_STEP][PASSED] - tableB = Script1719551244403.NewDZO(x = tableB): null

17-03-2025T06:45:19 - [TEST_STEP][PASSED] - i3 = <not implemented yet for class: org.codehaus.groovy.ast.expr.EmptyExpression>: null

17-03-2025T06:45:19 - [TEST_STEP][PASSED] - i3 = x.indexOf("/") + 1: null

17-03-2025T06:45:19 - [TEST_STEP][PASSED] - x = x.substring(i3, x.length()): null

17-03-2025T06:45:19 - [TEST_STEP][PASSED] - return x: null

17-03-2025T06:45:19 - [TEST_STEP][PASSED] - tableB = Script1719551244403.NewDZO(x = tableB): null

17-03-2025T06:45:19 - [TEST_STEP][PASSED] - i3 = <not implemented yet for class: org.codehaus.groovy.ast.expr.EmptyExpression>: null

17-03-2025T06:45:19 - [TEST_STEP][PASSED] - i3 = x.indexOf("/") + 1: null

17-03-2025T06:45:19 - [TEST_STEP][PASSED] - x = x.substring(i3, x.length()): null

17-03-2025T06:45:19 - [TEST_STEP][PASSED] - return x: null

17-03-2025T06:45:19 - [TEST_STEP][PASSED] - tableB = Script1719551244403.NewDZO(x = tableB): null

17-03-2025T06:45:19 - [TEST_STEP][PASSED] - i3 = <not implemented yet for class: org.codehaus.groovy.ast.expr.EmptyExpression>: null

17-03-2025T06:45:19 - [TEST_STEP][PASSED] - i3 = x.indexOf("/") + 1: null

17-03-2025T06:45:19 - [TEST_STEP][PASSED] - x = x.substring(i3, x.length()): null

17-03-2025T06:45:19 - [TEST_STEP][PASSED] - return x: null

17-03-2025T06:45:19 - [TEST_STEP][PASSED] - tableB = Script1719551244403.NewDZO(x = tableB): null

17-03-2025T06:45:19 - [TEST_STEP][PASSED] - i3 = <not implemented yet for class: org.codehaus.groovy.ast.expr.EmptyExpression>: null

17-03-2025T06:45:19 - [TEST_STEP][PASSED] - i3 = x.indexOf("/") + 1: null

17-03-2025T06:45:19 - [TEST_STEP][PASSED] - x = x.substring(i3, x.length()): null

17-03-2025T06:45:19 - [TEST_STEP][PASSED] - return x: null

17-03-2025T06:45:19 - [TEST_STEP][PASSED] - tableB = Script1719551244403.NewDZO(x = tableB): null

17-03-2025T06:45:19 - [TEST_STEP][PASSED] - i3 = <not implemented yet for class: org.codehaus.groovy.ast.expr.EmptyExpression>: null

17-03-2025T06:45:19 - [TEST_STEP][PASSED] - i3 = x.indexOf("/") + 1: null

17-03-2025T06:45:19 - [TEST_STEP][PASSED] - x = x.substring(i3, x.length()): null

17-03-2025T06:45:19 - [TEST_STEP][PASSED] - return x: null

17-03-2025T06:45:19 - [TEST_STEP][PASSED] - tableB = Script1719551244403.NewDZO(x = tableB): null

17-03-2025T06:45:19 - [TEST_STEP][PASSED] - i3 = <not implemented yet for class: org.codehaus.groovy.ast.expr.EmptyExpression>: null

17-03-2025T06:45:19 - [TEST_STEP][PASSED] - i3 = x.indexOf("/") + 1: null

17-03-2025T06:45:19 - [TEST_STEP][PASSED] - x = x.substring(i3, x.length()): null

17-03-2025T06:45:19 - [TEST_STEP][PASSED] - return x: null

17-03-2025T06:45:19 - [TEST_STEP][PASSED] - tableB = Script1719551244403.NewDZO(x = tableB): null

17-03-2025T06:45:19 - [TEST_STEP][PASSED] - i3 = <not implemented yet for class: org.codehaus.groovy.ast.expr.EmptyExpression>: null

17-03-2025T06:45:19 - [TEST_STEP][PASSED] - i3 = x.indexOf("/") + 1: null

17-03-2025T06:45:19 - [TEST_STEP][PASSED] - x = x.substring(i3, x.length()): null

17-03-2025T06:45:19 - [TEST_STEP][PASSED] - return x: null

17-03-2025T06:45:19 - [TEST_STEP][PASSED] - tableB = Script1719551244403.NewDZO(x = tableB): null

17-03-2025T06:45:19 - [TEST_STEP][PASSED] - i3 = <not implemented yet for class: org.codehaus.groovy.ast.expr.EmptyExpression>: null

17-03-2025T06:45:19 - [TEST_STEP][PASSED] - i3 = x.indexOf("/") + 1: null

17-03-2025T06:45:19 - [TEST_STEP][PASSED] - x = x.substring(i3, x.length()): null

17-03-2025T06:45:19 - [TEST_STEP][PASSED] - return x: null

17-03-2025T06:45:19 - [TEST_STEP][PASSED] - tableB = Script1719551244403.NewDZO(x = tableB): null

17-03-2025T06:45:19 - [TEST_STEP][PASSED] - i3 = <not implemented yet for class: org.codehaus.groovy.ast.expr.EmptyExpression>: null

17-03-2025T06:45:19 - [TEST_STEP][PASSED] - i3 = x.indexOf("/") + 1: null

17-03-2025T06:45:19 - [TEST_STEP][PASSED] - x = x.substring(i3, x.length()): null

17-03-2025T06:45:19 - [TEST_STEP][PASSED] - return x: null

17-03-2025T06:45:19 - [TEST_STEP][PASSED] - i = tableB.indexOf("Янтарь"): null

17-03-2025T06:45:19 - [TEST_STEP][PASSED] - UgB = replaceAll("\p{P}", "").trim(): null

17-03-2025T06:45:19 - [TEST_STEP][PASSED] - println("UgB: " + UgB): null

17-03-2025T06:45:19 - [TEST_STEP][PASSED] - i = tableB.lastIndexOf("/"): null

17-03-2025T06:45:19 - [TEST_STEP][PASSED] - YaB = replaceAll("\p{P}", "").trim(): null

17-03-2025T06:45:19 - [TEST_STEP][PASSED] - println("YaB: " + YaB): null

17-03-2025T06:45:19 - [TEST_STEP][PASSED] - vidget = "Отклонения выручки по факторам": null

17-03-2025T06:45:19 - [TEST_STEP][PASSED] - if (run == 2): null

17-03-2025T06:45:19 - [TEST_STEP][PASSED] - Script1719551244403.Test(run, todaysDate, typeOfData, otobrajeniyeDannyh, x, y, vidget, DZO): null

17-03-2025T06:45:19 - [TEST_STEP][PASSED] - navigateToUrl(findTestData("PlanFact").getValue(10, 3)): Navigate to 'https://bi.rosseti.digital/viewer?dashboardGuid=2301950b23be4ed89c1df75f2020051e&sheetGuid=ccd7d7486b3d4e6fa0ee9b1eaebed46c&fit=true' successfully

17-03-2025T06:45:19 - [MESSAGE][PASSED] - Navigate to 'https://bi.rosseti.digital/viewer?dashboardGuid=2301950b23be4ed89c1df75f2020051e&sheetGuid=ccd7d7486b3d4e6fa0ee9b1eaebed46c&fit=true' successfully

17-03-2025T06:45:19 - [TEST_STEP][PASSED] - Script1719551244403.Autorization(run): null

17-03-2025T06:45:19 - [TEST_STEP][PASSED] - delay(10): Delayed 10 second(s)

17-03-2025T06:45:29 - [MESSAGE][PASSED] - Delayed 10 second(s)

17-03-2025T06:45:29 - [TEST_STEP][PASSED] - if (run == 1): null

17-03-2025T06:45:29 - [TEST_STEP][PASSED] - i = <not implemented yet for class: org.codehaus.groovy.ast.expr.EmptyExpression>: null

17-03-2025T06:45:29 - [TEST_STEP][PASSED] - ii = <not implemented yet for class: org.codehaus.groovy.ast.expr.EmptyExpression>: null

17-03-2025T06:45:29 - [TEST_STEP][PASSED] - a = <not implemented yet for class: org.codehaus.groovy.ast.expr.EmptyExpression>: null

17-03-2025T06:45:29 - [TEST_STEP][PASSED] - a1 = <not implemented yet for class: org.codehaus.groovy.ast.expr.EmptyExpression>: null

17-03-2025T06:45:29 - [TEST_STEP][PASSED] - a2 = <not implemented yet for class: org.codehaus.groovy.ast.expr.EmptyExpression>: null

17-03-2025T06:45:29 - [TEST_STEP][PASSED] - click(findTestObject("Факторный анализ/Фильтр Период")): Object: 'Object Repository/Факторный анализ/Фильтр Период' is clicked on

17-03-2025T06:45:30 - [MESSAGE][PASSED] - Object: 'Object Repository/Факторный анализ/Фильтр Период' is clicked on

17-03-2025T06:45:30 - [TEST_STEP][PASSED] - click(findTestObject("Факторный анализ/Снять выделение в фильтре Дата")): Object: 'Object Repository/Факторный анализ/Снять выделение в фильтре Дата' is clicked on

17-03-2025T06:45:30 - [MESSAGE][PASSED] - Object: 'Object Repository/Факторный анализ/Снять выделение в фильтре Дата' is clicked on

17-03-2025T06:45:30 - [TEST_STEP][PASSED] - click(findTestObject("Факторный анализ/Применить в фильтре Дата")): Object: 'Object Repository/Факторный анализ/Применить в фильтре Дата' is clicked on

17-03-2025T06:45:31 - [MESSAGE][PASSED] - Object: 'Object Repository/Факторный анализ/Применить в фильтре Дата' is clicked on

17-03-2025T06:45:31 - [TEST_STEP][PASSED] - delay(10): Delayed 10 second(s)

17-03-2025T06:45:41 - [MESSAGE][PASSED] - Delayed 10 second(s)

17-03-2025T06:45:41 - [TEST_STEP][PASSED] - click(findTestObject("Факторный анализ/Фильтр Период")): Object: 'Object Repository/Факторный анализ/Фильтр Период' is clicked on

17-03-2025T06:45:41 - [MESSAGE][PASSED] - Object: 'Object Repository/Факторный анализ/Фильтр Период' is clicked on

17-03-2025T06:45:41 - [TEST_STEP][PASSED] - click(findTestObject("Факторный анализ/Снять выделение в фильтре Дата")): Object: 'Object Repository/Факторный анализ/Снять выделение в фильтре Дата' is clicked on

17-03-2025T06:45:42 - [MESSAGE][PASSED] - Object: 'Object Repository/Факторный анализ/Снять выделение в фильтре Дата' is clicked on

17-03-2025T06:45:42 - [TEST_STEP][PASSED] - scrollToElement(findTestObject("Факторный анализ/2025 список"), 30): Scroll to object 'Object Repository/Факторный анализ/2025 список' successfully

17-03-2025T06:45:42 - [MESSAGE][PASSED] - Scroll to object 'Object Repository/Факторный анализ/2025 список' successfully

17-03-2025T06:45:42 - [TEST_STEP][PASSED] - click(findTestObject("Факторный анализ/2025 список")): Object: 'Object Repository/Факторный анализ/2025 список' is clicked on

17-03-2025T06:45:42 - [MESSAGE][PASSED] - Object: 'Object Repository/Факторный анализ/2025 список' is clicked on

17-03-2025T06:45:42 - [TEST_STEP][PASSED] - scrollToElement(findTestObject("Факторный анализ/1 квартал 2025 список"), 30): Scroll to object 'Object Repository/Факторный анализ/1 квартал 2025 список' successfully

17-03-2025T06:45:43 - [MESSAGE][PASSED] - Scroll to object 'Object Repository/Факторный анализ/1 квартал 2025 список' successfully

17-03-2025T06:45:43 - [TEST_STEP][PASSED] - click(findTestObject("Факторный анализ/1 квартал 2025 список"), CONTINUE_ON_FAILURE): Object: 'Object Repository/Факторный анализ/1 квартал 2025 список' is clicked on

17-03-2025T06:45:43 - [MESSAGE][PASSED] - Object: 'Object Repository/Факторный анализ/1 квартал 2025 список' is clicked on

17-03-2025T06:45:43 - [TEST_STEP][PASSED] - scrollToElement(findTestObject("Факторный анализ/Январь 2025"), 30): Scroll to object 'Object Repository/Факторный анализ/Январь 2025' successfully

17-03-2025T06:45:43 - [MESSAGE][PASSED] - Scroll to object 'Object Repository/Факторный анализ/Январь 2025' successfully

17-03-2025T06:45:43 - [TEST_STEP][PASSED] - click(findTestObject("Факторный анализ/Январь 2025"), CONTINUE_ON_FAILURE): Object: 'Object Repository/Факторный анализ/Январь 2025' is clicked on

17-03-2025T06:45:44 - [MESSAGE][PASSED] - Object: 'Object Repository/Факторный анализ/Январь 2025' is clicked on

17-03-2025T06:45:44 - [TEST_STEP][PASSED] - scrollToElement(findTestObject("Факторный анализ/Заголовок дашборда"), 30): Scroll to object 'Object Repository/Факторный анализ/Заголовок дашборда' successfully

17-03-2025T06:45:44 - [MESSAGE][PASSED] - Scroll to object 'Object Repository/Факторный анализ/Заголовок дашборда' successfully

17-03-2025T06:45:44 - [TEST_STEP][PASSED] - click(findTestObject("Факторный анализ/Применить в фильтре Дата")): Object: 'Object Repository/Факторный анализ/Применить в фильтре Дата' is clicked on

17-03-2025T06:45:45 - [MESSAGE][PASSED] - Object: 'Object Repository/Факторный анализ/Применить в фильтре Дата' is clicked on

17-03-2025T06:45:45 - [TEST_STEP][PASSED] - if (run == 1): null

17-03-2025T06:45:45 - [TEST_STEP][PASSED] - else: null

17-03-2025T06:45:45 - [TEST_STEP][PASSED] - click(findTestObject("Факторный анализ/Переключить отображение с филиала на месяц")): Object: 'Object Repository/Факторный анализ/Переключить отображение с филиала на месяц' is clicked on

17-03-2025T06:45:46 - [MESSAGE][PASSED] - Object: 'Object Repository/Факторный анализ/Переключить отображение с филиала на месяц' is clicked on

17-03-2025T06:45:46 - [TEST_STEP][PASSED] - a1 = replaceAll("\s+", "").trim(): Text of object 'Object Repository/Факторный анализ/span1 Блок руководителя' is: '-6 864'

17-03-2025T06:45:46 - [MESSAGE][PASSED] - Text of object 'Object Repository/Факторный анализ/span1 Блок руководителя' is: '-6 864'

17-03-2025T06:45:46 - [TEST_STEP][PASSED] - a2 = replaceAll("\s+", "").trim(): Text of object 'Object Repository/Факторный анализ/span2 Блок руководителя' is: '1 354'

17-03-2025T06:45:46 - [MESSAGE][PASSED] - Text of object 'Object Repository/Факторный анализ/span2 Блок руководителя' is: '1 354'

17-03-2025T06:45:46 - [TEST_STEP][PASSED] - println("a1: " + a1): null

17-03-2025T06:45:46 - [TEST_STEP][PASSED] - println("a2: " + a2): null

17-03-2025T06:45:46 - [TEST_STEP][PASSED] - tableA = getText(findTestObject("Факторный анализ/AllTable1")).replaceAll("[\r?
|
]", "/"): Text of object 'Object Repository/Факторный анализ/AllTable1' is: 'ДЗО
Филиал
Отклонение (объём услуг)
Отклонение (средний тариф)
АО "РЭС" АО "РЭС" -76 3
АО «Тываэнерго» АО "Тываэнерго" 19 4
АО «Чеченэнерго» АО «Чеченэнерго» -35 -48
Россети Волга Мордовэнерго - 150 -6
Оренбургэнерго -62 -9
Пензаэнерго -35 -1
Самарские РС -78 142
Саратовские РС -77 -49
Ульяновские РС 14 6
Чувашэнерго -4 12
Россети Кубань Кубаньэнерго - 341 287
Россети Ленэнерго (ГК) Ленинградская область - 311 187
г. Санкт-Петербург - 291 12
Россети Московский регион Московская область - 780 53
г. Москва - 195 -5
Россети Северный Кавказ (ГК) Дагэнерго - 238 -48
Ингушэнерго -60 14
Каббалкэнерго 20 -4
Карачаево-Черкесскэнерго -10 - 109
Севкавказэнерго - 121 -10
Ставропольэнерго -68 28
Россети Северо-Запад Архангельский филиал -52 21
Вологодский филиал -40 10
Карельский филиал -50 -15
Мурманский филиал 20 -17
Новгородский филиал -49 0
Псковский филиал -48 13
филиал в Республике Коми -53 9
Россети Сибирь (ГК) Алтайэнерго 39 16
Бурятэнерго 10 -7
ГАЭС 9 2
Красноярскэнерго 117 -4
Кузбассэнерго-РЭС 37 147
Омскэнерго -2 -21
Хакасэнерго -10 -12
Читаэнерго -1 25
Россети Томск Томская распределительная компания -62 5
Россети Тюмень Россети Тюмень - 986 - 117
Россети Урал (ГК) Пермэнерго - 187 5
Свердловэнерго - 152 -4
Челябэнерго - 141 5
Россети ФСК ЕЭС Итого по ФСК ЕЭС - 311 252
Россети Центр Белгородэнерго -85 14
Брянскэнерго -50 -8
Воронежэнерго -98 -2
Костромаэнерго -42 3
Курскэнерго -32 8
Липецкэнерго -79 20
Орелэнерго -40 5
Смоленскэнерго -52 -7
Тамбовэнерго -25 -5
Тверьэнерго - 133 0
Ярэнерго -60 -7
Россети Центр и Приволжье (ГК) Владимирэнерго - 134 -19
Ивэнерго -16 -6
Калугаэнерго -73 20
Кировэнерго -51 3
Мариэнерго -10 9
Нижновэнерго - 171 -4
Рязаньэнерго -93 1
Тулэнерго -82 7
Удмуртэнерго -55 60
Россети Юг (ГК) АО «ВМЭС» 0 4
Астраханьэнерго 1 -6
Волгоградэнерго - 140 -12
Калмэнерго -8 2
Ростовэнерго -47 16
Россети Янтарь Россети Янтарь -31 12'

17-03-2025T06:45:47 - [MESSAGE][PASSED] - Text of object 'Object Repository/Факторный анализ/AllTable1' is: 'ДЗО
Филиал
Отклонение (объём услуг)
Отклонение (средний тариф)
АО "РЭС" АО "РЭС" -76 3
АО «Тываэнерго» АО "Тываэнерго" 19 4
АО «Чеченэнерго» АО «Чеченэнерго» -35 -48
Россети Волга Мордовэнерго - 150 -6
Оренбургэнерго -62 -9
Пензаэнерго -35 -1
Самарские РС -78 142
Саратовские РС -77 -49
Ульяновские РС 14 6
Чувашэнерго -4 12
Россети Кубань Кубаньэнерго - 341 287
Россети Ленэнерго (ГК) Ленинградская область - 311 187
г. Санкт-Петербург - 291 12
Россети Московский регион Московская область - 780 53
г. Москва - 195 -5
Россети Северный Кавказ (ГК) Дагэнерго - 238 -48
Ингушэнерго -60 14
Каббалкэнерго 20 -4
Карачаево-Черкесскэнерго -10 - 109
Севкавказэнерго - 121 -10
Ставропольэнерго -68 28
Россети Северо-Запад Архангельский филиал -52 21
Вологодский филиал -40 10
Карельский филиал -50 -15
Мурманский филиал 20 -17
Новгородский филиал -49 0
Псковский филиал -48 13
филиал в Республике Коми -53 9
Россети Сибирь (ГК) Алтайэнерго 39 16
Бурятэнерго 10 -7
ГАЭС 9 2
Красноярскэнерго 117 -4
Кузбассэнерго-РЭС 37 147
Омскэнерго -2 -21
Хакасэнерго -10 -12
Читаэнерго -1 25
Россети Томск Томская распределительная компания -62 5
Россети Тюмень Россети Тюмень - 986 - 117
Россети Урал (ГК) Пермэнерго - 187 5
Свердловэнерго - 152 -4
Челябэнерго - 141 5
Россети ФСК ЕЭС Итого по ФСК ЕЭС - 311 252
Россети Центр Белгородэнерго -85 14
Брянскэнерго -50 -8
Воронежэнерго -98 -2
Костромаэнерго -42 3
Курскэнерго -32 8
Липецкэнерго -79 20
Орелэнерго -40 5
Смоленскэнерго -52 -7
Тамбовэнерго -25 -5
Тверьэнерго - 133 0
Ярэнерго -60 -7
Россети Центр и Приволжье (ГК) Владимирэнерго - 134 -19
Ивэнерго -16 -6
Калугаэнерго -73 20
Кировэнерго -51 3
Мариэнерго -10 9
Нижновэнерго - 171 -4
Рязаньэнерго -93 1
Тулэнерго -82 7
Удмуртэнерго -55 60
Россети Юг (ГК) АО «ВМЭС» 0 4
Астраханьэнерго 1 -6
Волгоградэнерго - 140 -12
Калмэнерго -8 2
Ростовэнерго -47 16
Россети Янтарь Россети Янтарь -31 12'

17-03-2025T06:45:47 - [TEST_STEP][PASSED] - println("tableA: " + tableA): null

17-03-2025T06:45:47 - [TEST_STEP][PASSED] - for ([i = 1, i < 5, (i++)]): null

17-03-2025T06:45:47 - [TEST_STEP][PASSED] - ii = tableA.indexOf("/") + 1: null

17-03-2025T06:45:47 - [TEST_STEP][PASSED] - tableA = tableA.substring(ii, tableA.length()): null

17-03-2025T06:45:47 - [TEST_STEP][PASSED] - ii = tableA.indexOf("/") + 1: null

17-03-2025T06:45:47 - [TEST_STEP][PASSED] - tableA = tableA.substring(ii, tableA.length()): null

17-03-2025T06:45:47 - [TEST_STEP][PASSED] - ii = tableA.indexOf("/") + 1: null

17-03-2025T06:45:47 - [TEST_STEP][PASSED] - tableA = tableA.substring(ii, tableA.length()): null

17-03-2025T06:45:47 - [TEST_STEP][PASSED] - ii = tableA.indexOf("/") + 1: null

17-03-2025T06:45:47 - [TEST_STEP][PASSED] - tableA = tableA.substring(ii, tableA.length()): null

17-03-2025T06:45:47 - [TEST_STEP][PASSED] - println("tableA: " + tableA): null

17-03-2025T06:45:47 - [TEST_STEP][PASSED] - TyA = Script1719551244403.GetData(x = tableA): null

17-03-2025T06:45:47 - [TEST_STEP][PASSED] - i2 = <not implemented yet for class: org.codehaus.groovy.ast.expr.EmptyExpression>: null

17-03-2025T06:45:47 - [TEST_STEP][PASSED] - i2 = x.indexOf("/") + 1: null

17-03-2025T06:45:47 - [TEST_STEP][PASSED] - x = replaceAll("\p{P}", "").trim(): null

17-03-2025T06:45:47 - [TEST_STEP][PASSED] - return x: null

17-03-2025T06:45:47 - [TEST_STEP][PASSED] - println("TyA: " + TyA): null

17-03-2025T06:45:47 - [TEST_STEP][PASSED] - tableA = Script1719551244403.NewDZO(x = tableA): null

17-03-2025T06:45:47 - [TEST_STEP][PASSED] - i3 = <not implemented yet for class: org.codehaus.groovy.ast.expr.EmptyExpression>: null

17-03-2025T06:45:47 - [TEST_STEP][PASSED] - i3 = x.indexOf("/") + 1: null

17-03-2025T06:45:47 - [TEST_STEP][PASSED] - x = x.substring(i3, x.length()): null

17-03-2025T06:45:47 - [TEST_STEP][PASSED] - return x: null

17-03-2025T06:45:47 - [TEST_STEP][PASSED] - ChA = Script1719551244403.GetData(x = tableA): null

17-03-2025T06:45:47 - [TEST_STEP][PASSED] - i2 = <not implemented yet for class: org.codehaus.groovy.ast.expr.EmptyExpression>: null

17-03-2025T06:45:47 - [TEST_STEP][PASSED] - i2 = x.indexOf("/") + 1: null

17-03-2025T06:45:47 - [TEST_STEP][PASSED] - x = replaceAll("\p{P}", "").trim(): null

17-03-2025T06:45:47 - [TEST_STEP][PASSED] - return x: null

17-03-2025T06:45:47 - [TEST_STEP][PASSED] - println("ChA: " + ChA): null

17-03-2025T06:45:47 - [TEST_STEP][PASSED] - tableA = Script1719551244403.NewDZO(x = tableA): null

17-03-2025T06:45:47 - [TEST_STEP][PASSED] - i3 = <not implemented yet for class: org.codehaus.groovy.ast.expr.EmptyExpression>: null

17-03-2025T06:45:47 - [TEST_STEP][PASSED] - i3 = x.indexOf("/") + 1: null

17-03-2025T06:45:47 - [TEST_STEP][PASSED] - x = x.substring(i3, x.length()): null

17-03-2025T06:45:47 - [TEST_STEP][PASSED] - return x: null

17-03-2025T06:45:47 - [TEST_STEP][PASSED] - i = tableA.indexOf("Кубань"): null

17-03-2025T06:45:47 - [TEST_STEP][PASSED] - VA = replaceAll("\p{P}", "").trim(): null

17-03-2025T06:45:47 - [TEST_STEP][PASSED] - println("VA: " + VA): null

17-03-2025T06:45:47 - [TEST_STEP][PASSED] - for ([i = 1, i < 8, (i++)]): null

17-03-2025T06:45:47 - [TEST_STEP][PASSED] - tableA = Script1719551244403.NewDZO(x = tableA): null

17-03-2025T06:45:47 - [TEST_STEP][PASSED] - i3 = <not implemented yet for class: org.codehaus.groovy.ast.expr.EmptyExpression>: null

17-03-2025T06:45:47 - [TEST_STEP][PASSED] - i3 = x.indexOf("/") + 1: null

17-03-2025T06:45:47 - [TEST_STEP][PASSED] - x = x.substring(i3, x.length()): null

17-03-2025T06:45:47 - [TEST_STEP][PASSED] - return x: null

17-03-2025T06:45:47 - [TEST_STEP][PASSED] - tableA = Script1719551244403.NewDZO(x = tableA): null

17-03-2025T06:45:47 - [TEST_STEP][PASSED] - i3 = <not implemented yet for class: org.codehaus.groovy.ast.expr.EmptyExpression>: null

17-03-2025T06:45:47 - [TEST_STEP][PASSED] - i3 = x.indexOf("/") + 1: null

17-03-2025T06:45:47 - [TEST_STEP][PASSED] - x = x.substring(i3, x.length()): null

17-03-2025T06:45:47 - [TEST_STEP][PASSED] - return x: null

17-03-2025T06:45:47 - [TEST_STEP][PASSED] - tableA = Script1719551244403.NewDZO(x = tableA): null

17-03-2025T06:45:47 - [TEST_STEP][PASSED] - i3 = <not implemented yet for class: org.codehaus.groovy.ast.expr.EmptyExpression>: null

17-03-2025T06:45:47 - [TEST_STEP][PASSED] - i3 = x.indexOf("/") + 1: null

17-03-2025T06:45:47 - [TEST_STEP][PASSED] - x = x.substring(i3, x.length()): null

17-03-2025T06:45:47 - [TEST_STEP][PASSED] - return x: null

17-03-2025T06:45:47 - [TEST_STEP][PASSED] - tableA = Script1719551244403.NewDZO(x = tableA): null

17-03-2025T06:45:47 - [TEST_STEP][PASSED] - i3 = <not implemented yet for class: org.codehaus.groovy.ast.expr.EmptyExpression>: null

17-03-2025T06:45:47 - [TEST_STEP][PASSED] - i3 = x.indexOf("/") + 1: null

17-03-2025T06:45:47 - [TEST_STEP][PASSED] - x = x.substring(i3, x.length()): null

17-03-2025T06:45:47 - [TEST_STEP][PASSED] - return x: null

17-03-2025T06:45:47 - [TEST_STEP][PASSED] - tableA = Script1719551244403.NewDZO(x = tableA): null

17-03-2025T06:45:47 - [TEST_STEP][PASSED] - i3 = <not implemented yet for class: org.codehaus.groovy.ast.expr.EmptyExpression>: null

17-03-2025T06:45:47 - [TEST_STEP][PASSED] - i3 = x.indexOf("/") + 1: null

17-03-2025T06:45:47 - [TEST_STEP][PASSED] - x = x.substring(i3, x.length()): null

17-03-2025T06:45:47 - [TEST_STEP][PASSED] - return x: null

17-03-2025T06:45:47 - [TEST_STEP][PASSED] - tableA = Script1719551244403.NewDZO(x = tableA): null

17-03-2025T06:45:47 - [TEST_STEP][PASSED] - i3 = <not implemented yet for class: org.codehaus.groovy.ast.expr.EmptyExpression>: null

17-03-2025T06:45:47 - [TEST_STEP][PASSED] - i3 = x.indexOf("/") + 1: null

17-03-2025T06:45:47 - [TEST_STEP][PASSED] - x = x.substring(i3, x.length()): null

17-03-2025T06:45:47 - [TEST_STEP][PASSED] - return x: null

17-03-2025T06:45:47 - [TEST_STEP][PASSED] - tableA = Script1719551244403.NewDZO(x = tableA): null

17-03-2025T06:45:47 - [TEST_STEP][PASSED] - i3 = <not implemented yet for class: org.codehaus.groovy.ast.expr.EmptyExpression>: null

17-03-2025T06:45:47 - [TEST_STEP][PASSED] - i3 = x.indexOf("/") + 1: null

17-03-2025T06:45:47 - [TEST_STEP][PASSED] - x = x.substring(i3, x.length()): null

17-03-2025T06:45:47 - [TEST_STEP][PASSED] - return x: null

17-03-2025T06:45:47 - [TEST_STEP][PASSED] - i = tableA.indexOf("Ленэнерго"): null

17-03-2025T06:45:47 - [TEST_STEP][PASSED] - KuA = Script1719551244403.GetData(x = tableA): null

17-03-2025T06:45:47 - [TEST_STEP][PASSED] - i2 = <not implemented yet for class: org.codehaus.groovy.ast.expr.EmptyExpression>: null

17-03-2025T06:45:47 - [TEST_STEP][PASSED] - i2 = x.indexOf("/") + 1: null

17-03-2025T06:45:47 - [TEST_STEP][PASSED] - x = replaceAll("\p{P}", "").trim(): null

17-03-2025T06:45:47 - [TEST_STEP][PASSED] - return x: null

17-03-2025T06:45:47 - [TEST_STEP][PASSED] - println("KuA: " + KuA): null

17-03-2025T06:45:47 - [TEST_STEP][PASSED] - tableA = Script1719551244403.NewDZO(x = tableA): null

17-03-2025T06:45:47 - [TEST_STEP][PASSED] - i3 = <not implemented yet for class: org.codehaus.groovy.ast.expr.EmptyExpression>: null

17-03-2025T06:45:47 - [TEST_STEP][PASSED] - i3 = x.indexOf("/") + 1: null

17-03-2025T06:45:47 - [TEST_STEP][PASSED] - x = x.substring(i3, x.length()): null

17-03-2025T06:45:47 - [TEST_STEP][PASSED] - return x: null

17-03-2025T06:45:47 - [TEST_STEP][PASSED] - i = tableA.indexOf("Московский"): null

17-03-2025T06:45:47 - [TEST_STEP][PASSED] - LenA = replaceAll("\p{P}", "").trim(): null

17-03-2025T06:45:47 - [TEST_STEP][PASSED] - println("LenA: " + LenA): null

17-03-2025T06:45:47 - [TEST_STEP][PASSED] - tableA = Script1719551244403.NewDZO(x = tableA): null

17-03-2025T06:45:47 - [TEST_STEP][PASSED] - i3 = <not implemented yet for class: org.codehaus.groovy.ast.expr.EmptyExpression>: null

17-03-2025T06:45:47 - [TEST_STEP][PASSED] - i3 = x.indexOf("/") + 1: null

17-03-2025T06:45:47 - [TEST_STEP][PASSED] - x = x.substring(i3, x.length()): null

17-03-2025T06:45:47 - [TEST_STEP][PASSED] - return x: null

17-03-2025T06:45:47 - [TEST_STEP][PASSED] - tableA = Script1719551244403.NewDZO(x = tableA): null

17-03-2025T06:45:47 - [TEST_STEP][PASSED] - i3 = <not implemented yet for class: org.codehaus.groovy.ast.expr.EmptyExpression>: null

17-03-2025T06:45:47 - [TEST_STEP][PASSED] - i3 = x.indexOf("/") + 1: null

17-03-2025T06:45:47 - [TEST_STEP][PASSED] - x = x.substring(i3, x.length()): null

17-03-2025T06:45:47 - [TEST_STEP][PASSED] - return x: null

17-03-2025T06:45:47 - [TEST_STEP][PASSED] - i = tableA.indexOf("Кавказ"): null

17-03-2025T06:45:47 - [TEST_STEP][PASSED] - MosA = replaceAll("\p{P}", "").trim(): null

17-03-2025T06:45:47 - [TEST_STEP][PASSED] - println("MosA: " + MosA): null

17-03-2025T06:45:47 - [TEST_STEP][PASSED] - for ([i = 1, i < 3, (i++)]): null

17-03-2025T06:45:47 - [TEST_STEP][PASSED] - tableA = Script1719551244403.NewDZO(x = tableA): null

17-03-2025T06:45:47 - [TEST_STEP][PASSED] - i3 = <not implemented yet for class: org.codehaus.groovy.ast.expr.EmptyExpression>: null

17-03-2025T06:45:47 - [TEST_STEP][PASSED] - i3 = x.indexOf("/") + 1: null

17-03-2025T06:45:47 - [TEST_STEP][PASSED] - x = x.substring(i3, x.length()): null

17-03-2025T06:45:47 - [TEST_STEP][PASSED] - return x: null

17-03-2025T06:45:47 - [TEST_STEP][PASSED] - tableA = Script1719551244403.NewDZO(x = tableA): null

17-03-2025T06:45:47 - [TEST_STEP][PASSED] - i3 = <not implemented yet for class: org.codehaus.groovy.ast.expr.EmptyExpression>: null

17-03-2025T06:45:47 - [TEST_STEP][PASSED] - i3 = x.indexOf("/") + 1: null

17-03-2025T06:45:47 - [TEST_STEP][PASSED] - x = x.substring(i3, x.length()): null

17-03-2025T06:45:47 - [TEST_STEP][PASSED] - return x: null

17-03-2025T06:45:47 - [TEST_STEP][PASSED] - i = tableA.indexOf("Запад"): null

17-03-2025T06:45:47 - [TEST_STEP][PASSED] - SKA = replaceAll("\p{P}", "").trim(): null

17-03-2025T06:45:47 - [TEST_STEP][PASSED] - println("SKA: " + SKA): null

17-03-2025T06:45:47 - [TEST_STEP][PASSED] - for ([i = 1, i < 7, (i++)]): null

17-03-2025T06:45:47 - [TEST_STEP][PASSED] - tableA = Script1719551244403.NewDZO(x = tableA): null

17-03-2025T06:45:47 - [TEST_STEP][PASSED] - i3 = <not implemented yet for class: org.codehaus.groovy.ast.expr.EmptyExpression>: null

17-03-2025T06:45:47 - [TEST_STEP][PASSED] - i3 = x.indexOf("/") + 1: null

17-03-2025T06:45:47 - [TEST_STEP][PASSED] - x = x.substring(i3, x.length()): null

17-03-2025T06:45:47 - [TEST_STEP][PASSED] - return x: null

17-03-2025T06:45:47 - [TEST_STEP][PASSED] - tableA = Script1719551244403.NewDZO(x = tableA): null

17-03-2025T06:45:47 - [TEST_STEP][PASSED] - i3 = <not implemented yet for class: org.codehaus.groovy.ast.expr.EmptyExpression>: null

17-03-2025T06:45:47 - [TEST_STEP][PASSED] - i3 = x.indexOf("/") + 1: null

17-03-2025T06:45:47 - [TEST_STEP][PASSED] - x = x.substring(i3, x.length()): null

17-03-2025T06:45:47 - [TEST_STEP][PASSED] - return x: null

17-03-2025T06:45:47 - [TEST_STEP][PASSED] - tableA = Script1719551244403.NewDZO(x = tableA): null

17-03-2025T06:45:47 - [TEST_STEP][PASSED] - i3 = <not implemented yet for class: org.codehaus.groovy.ast.expr.EmptyExpression>: null

17-03-2025T06:45:47 - [TEST_STEP][PASSED] - i3 = x.indexOf("/") + 1: null

17-03-2025T06:45:47 - [TEST_STEP][PASSED] - x = x.substring(i3, x.length()): null

17-03-2025T06:45:47 - [TEST_STEP][PASSED] - return x: null

17-03-2025T06:45:47 - [TEST_STEP][PASSED] - tableA = Script1719551244403.NewDZO(x = tableA): null

17-03-2025T06:45:47 - [TEST_STEP][PASSED] - i3 = <not implemented yet for class: org.codehaus.groovy.ast.expr.EmptyExpression>: null

17-03-2025T06:45:47 - [TEST_STEP][PASSED] - i3 = x.indexOf("/") + 1: null

17-03-2025T06:45:47 - [TEST_STEP][PASSED] - x = x.substring(i3, x.length()): null

17-03-2025T06:45:47 - [TEST_STEP][PASSED] - return x: null

17-03-2025T06:45:47 - [TEST_STEP][PASSED] - tableA = Script1719551244403.NewDZO(x = tableA): null

17-03-2025T06:45:47 - [TEST_STEP][PASSED] - i3 = <not implemented yet for class: org.codehaus.groovy.ast.expr.EmptyExpression>: null

17-03-2025T06:45:47 - [TEST_STEP][PASSED] - i3 = x.indexOf("/") + 1: null

17-03-2025T06:45:47 - [TEST_STEP][PASSED] - x = x.substring(i3, x.length()): null

17-03-2025T06:45:47 - [TEST_STEP][PASSED] - return x: null

17-03-2025T06:45:47 - [TEST_STEP][PASSED] - tableA = Script1719551244403.NewDZO(x = tableA): null

17-03-2025T06:45:47 - [TEST_STEP][PASSED] - i3 = <not implemented yet for class: org.codehaus.groovy.ast.expr.EmptyExpression>: null

17-03-2025T06:45:47 - [TEST_STEP][PASSED] - i3 = x.indexOf("/") + 1: null

17-03-2025T06:45:47 - [TEST_STEP][PASSED] - x = x.substring(i3, x.length()): null

17-03-2025T06:45:47 - [TEST_STEP][PASSED] - return x: null

17-03-2025T06:45:47 - [TEST_STEP][PASSED] - i = tableA.indexOf("Сибирь"): null

17-03-2025T06:45:47 - [TEST_STEP][PASSED] - SZA = replaceAll("\p{P}", "").trim(): null

17-03-2025T06:45:47 - [TEST_STEP][PASSED] - println("SZA: " + SZA): null

17-03-2025T06:45:47 - [TEST_STEP][PASSED] - for ([i = 1, i < 8, (i++)]): null

17-03-2025T06:45:47 - [TEST_STEP][PASSED] - tableA = Script1719551244403.NewDZO(x = tableA): null

17-03-2025T06:45:47 - [TEST_STEP][PASSED] - i3 = <not implemented yet for class: org.codehaus.groovy.ast.expr.EmptyExpression>: null

17-03-2025T06:45:47 - [TEST_STEP][PASSED] - i3 = x.indexOf("/") + 1: null

17-03-2025T06:45:47 - [TEST_STEP][PASSED] - x = x.substring(i3, x.length()): null

17-03-2025T06:45:47 - [TEST_STEP][PASSED] - return x: null

17-03-2025T06:45:47 - [TEST_STEP][PASSED] - tableA = Script1719551244403.NewDZO(x = tableA): null

17-03-2025T06:45:47 - [TEST_STEP][PASSED] - i3 = <not implemented yet for class: org.codehaus.groovy.ast.expr.EmptyExpression>: null

17-03-2025T06:45:47 - [TEST_STEP][PASSED] - i3 = x.indexOf("/") + 1: null

17-03-2025T06:45:47 - [TEST_STEP][PASSED] - x = x.substring(i3, x.length()): null

17-03-2025T06:45:47 - [TEST_STEP][PASSED] - return x: null

17-03-2025T06:45:47 - [TEST_STEP][PASSED] - tableA = Script1719551244403.NewDZO(x = tableA): null

17-03-2025T06:45:47 - [TEST_STEP][PASSED] - i3 = <not implemented yet for class: org.codehaus.groovy.ast.expr.EmptyExpression>: null

17-03-2025T06:45:47 - [TEST_STEP][PASSED] - i3 = x.indexOf("/") + 1: null

17-03-2025T06:45:47 - [TEST_STEP][PASSED] - x = x.substring(i3, x.length()): null

17-03-2025T06:45:47 - [TEST_STEP][PASSED] - return x: null

17-03-2025T06:45:47 - [TEST_STEP][PASSED] - tableA = Script1719551244403.NewDZO(x = tableA): null

17-03-2025T06:45:47 - [TEST_STEP][PASSED] - i3 = <not implemented yet for class: org.codehaus.groovy.ast.expr.EmptyExpression>: null

17-03-2025T06:45:47 - [TEST_STEP][PASSED] - i3 = x.indexOf("/") + 1: null

17-03-2025T06:45:47 - [TEST_STEP][PASSED] - x = x.substring(i3, x.length()): null

17-03-2025T06:45:47 - [TEST_STEP][PASSED] - return x: null

17-03-2025T06:45:47 - [TEST_STEP][PASSED] - tableA = Script1719551244403.NewDZO(x = tableA): null

17-03-2025T06:45:47 - [TEST_STEP][PASSED] - i3 = <not implemented yet for class: org.codehaus.groovy.ast.expr.EmptyExpression>: null

17-03-2025T06:45:47 - [TEST_STEP][PASSED] - i3 = x.indexOf("/") + 1: null

17-03-2025T06:45:47 - [TEST_STEP][PASSED] - x = x.substring(i3, x.length()): null

17-03-2025T06:45:47 - [TEST_STEP][PASSED] - return x: null

17-03-2025T06:45:47 - [TEST_STEP][PASSED] - tableA = Script1719551244403.NewDZO(x = tableA): null

17-03-2025T06:45:47 - [TEST_STEP][PASSED] - i3 = <not implemented yet for class: org.codehaus.groovy.ast.expr.EmptyExpression>: null

17-03-2025T06:45:47 - [TEST_STEP][PASSED] - i3 = x.indexOf("/") + 1: null

17-03-2025T06:45:47 - [TEST_STEP][PASSED] - x = x.substring(i3, x.length()): null

17-03-2025T06:45:47 - [TEST_STEP][PASSED] - return x: null

17-03-2025T06:45:47 - [TEST_STEP][PASSED] - tableA = Script1719551244403.NewDZO(x = tableA): null

17-03-2025T06:45:47 - [TEST_STEP][PASSED] - i3 = <not implemented yet for class: org.codehaus.groovy.ast.expr.EmptyExpression>: null

17-03-2025T06:45:47 - [TEST_STEP][PASSED] - i3 = x.indexOf("/") + 1: null

17-03-2025T06:45:47 - [TEST_STEP][PASSED] - x = x.substring(i3, x.length()): null

17-03-2025T06:45:47 - [TEST_STEP][PASSED] - return x: null

17-03-2025T06:45:47 - [TEST_STEP][PASSED] - i = tableA.indexOf("Томск"): null

17-03-2025T06:45:47 - [TEST_STEP][PASSED] - SiA = replaceAll("\p{P}", "").trim(): null

17-03-2025T06:45:47 - [TEST_STEP][PASSED] - println("SiA: " + SiA): null

17-03-2025T06:45:47 - [TEST_STEP][PASSED] - for ([i = 1, i < 9, (i++)]): null

17-03-2025T06:45:47 - [TEST_STEP][PASSED] - tableA = Script1719551244403.NewDZO(x = tableA): null

17-03-2025T06:45:47 - [TEST_STEP][PASSED] - i3 = <not implemented yet for class: org.codehaus.groovy.ast.expr.EmptyExpression>: null

17-03-2025T06:45:47 - [TEST_STEP][PASSED] - i3 = x.indexOf("/") + 1: null

17-03-2025T06:45:47 - [TEST_STEP][PASSED] - x = x.substring(i3, x.length()): null

17-03-2025T06:45:47 - [TEST_STEP][PASSED] - return x: null

17-03-2025T06:45:47 - [TEST_STEP][PASSED] - tableA = Script1719551244403.NewDZO(x = tableA): null

17-03-2025T06:45:47 - [TEST_STEP][PASSED] - i3 = <not implemented yet for class: org.codehaus.groovy.ast.expr.EmptyExpression>: null

17-03-2025T06:45:47 - [TEST_STEP][PASSED] - i3 = x.indexOf("/") + 1: null

17-03-2025T06:45:47 - [TEST_STEP][PASSED] - x = x.substring(i3, x.length()): null

17-03-2025T06:45:47 - [TEST_STEP][PASSED] - return x: null

17-03-2025T06:45:47 - [TEST_STEP][PASSED] - tableA = Script1719551244403.NewDZO(x = tableA): null

17-03-2025T06:45:47 - [TEST_STEP][PASSED] - i3 = <not implemented yet for class: org.codehaus.groovy.ast.expr.EmptyExpression>: null

17-03-2025T06:45:47 - [TEST_STEP][PASSED] - i3 = x.indexOf("/") + 1: null

17-03-2025T06:45:47 - [TEST_STEP][PASSED] - x = x.substring(i3, x.length()): null

17-03-2025T06:45:47 - [TEST_STEP][PASSED] - return x: null

17-03-2025T06:45:47 - [TEST_STEP][PASSED] - tableA = Script1719551244403.NewDZO(x = tableA): null

17-03-2025T06:45:47 - [TEST_STEP][PASSED] - i3 = <not implemented yet for class: org.codehaus.groovy.ast.expr.EmptyExpression>: null

17-03-2025T06:45:47 - [TEST_STEP][PASSED] - i3 = x.indexOf("/") + 1: null

17-03-2025T06:45:47 - [TEST_STEP][PASSED] - x = x.substring(i3, x.length()): null

17-03-2025T06:45:47 - [TEST_STEP][PASSED] - return x: null

17-03-2025T06:45:47 - [TEST_STEP][PASSED] - tableA = Script1719551244403.NewDZO(x = tableA): null

17-03-2025T06:45:47 - [TEST_STEP][PASSED] - i3 = <not implemented yet for class: org.codehaus.groovy.ast.expr.EmptyExpression>: null

17-03-2025T06:45:47 - [TEST_STEP][PASSED] - i3 = x.indexOf("/") + 1: null

17-03-2025T06:45:47 - [TEST_STEP][PASSED] - x = x.substring(i3, x.length()): null

17-03-2025T06:45:47 - [TEST_STEP][PASSED] - return x: null

17-03-2025T06:45:47 - [TEST_STEP][PASSED] - tableA = Script1719551244403.NewDZO(x = tableA): null

17-03-2025T06:45:47 - [TEST_STEP][PASSED] - i3 = <not implemented yet for class: org.codehaus.groovy.ast.expr.EmptyExpression>: null

17-03-2025T06:45:47 - [TEST_STEP][PASSED] - i3 = x.indexOf("/") + 1: null

17-03-2025T06:45:47 - [TEST_STEP][PASSED] - x = x.substring(i3, x.length()): null

17-03-2025T06:45:47 - [TEST_STEP][PASSED] - return x: null

17-03-2025T06:45:47 - [TEST_STEP][PASSED] - tableA = Script1719551244403.NewDZO(x = tableA): null

17-03-2025T06:45:47 - [TEST_STEP][PASSED] - i3 = <not implemented yet for class: org.codehaus.groovy.ast.expr.EmptyExpression>: null

17-03-2025T06:45:47 - [TEST_STEP][PASSED] - i3 = x.indexOf("/") + 1: null

17-03-2025T06:45:47 - [TEST_STEP][PASSED] - x = x.substring(i3, x.length()): null

17-03-2025T06:45:47 - [TEST_STEP][PASSED] - return x: null

17-03-2025T06:45:47 - [TEST_STEP][PASSED] - tableA = Script1719551244403.NewDZO(x = tableA): null

17-03-2025T06:45:47 - [TEST_STEP][PASSED] - i3 = <not implemented yet for class: org.codehaus.groovy.ast.expr.EmptyExpression>: null

17-03-2025T06:45:47 - [TEST_STEP][PASSED] - i3 = x.indexOf("/") + 1: null

17-03-2025T06:45:47 - [TEST_STEP][PASSED] - x = x.substring(i3, x.length()): null

17-03-2025T06:45:47 - [TEST_STEP][PASSED] - return x: null

17-03-2025T06:45:47 - [TEST_STEP][PASSED] - i = tableA.indexOf("Тюмень"): null

17-03-2025T06:45:47 - [TEST_STEP][PASSED] - ToA = replaceAll("\p{P}", "").trim(): null

17-03-2025T06:45:47 - [TEST_STEP][PASSED] - println("ToA: " + ToA): null

17-03-2025T06:45:47 - [TEST_STEP][PASSED] - tableA = Script1719551244403.NewDZO(x = tableA): null

17-03-2025T06:45:47 - [TEST_STEP][PASSED] - i3 = <not implemented yet for class: org.codehaus.groovy.ast.expr.EmptyExpression>: null

17-03-2025T06:45:47 - [TEST_STEP][PASSED] - i3 = x.indexOf("/") + 1: null

17-03-2025T06:45:47 - [TEST_STEP][PASSED] - x = x.substring(i3, x.length()): null

17-03-2025T06:45:47 - [TEST_STEP][PASSED] - return x: null

17-03-2025T06:45:47 - [TEST_STEP][PASSED] - TyuA = replaceAll("\p{P}", "").trim(): null

17-03-2025T06:45:47 - [TEST_STEP][PASSED] - println("TyuA: " + TyuA): null

17-03-2025T06:45:47 - [TEST_STEP][PASSED] - tableA = Script1719551244403.NewDZO(x = tableA): null

17-03-2025T06:45:47 - [TEST_STEP][PASSED] - i3 = <not implemented yet for class: org.codehaus.groovy.ast.expr.EmptyExpression>: null

17-03-2025T06:45:47 - [TEST_STEP][PASSED] - i3 = x.indexOf("/") + 1: null

17-03-2025T06:45:47 - [TEST_STEP][PASSED] - x = x.substring(i3, x.length()): null

17-03-2025T06:45:47 - [TEST_STEP][PASSED] - return x: null

17-03-2025T06:45:47 - [TEST_STEP][PASSED] - i = tableA.indexOf("ЕЭС"): null

17-03-2025T06:45:47 - [TEST_STEP][PASSED] - UrA = replaceAll("\p{P}", "").trim(): null

17-03-2025T06:45:47 - [TEST_STEP][PASSED] - println("UrA: " + UrA): null

17-03-2025T06:45:47 - [TEST_STEP][PASSED] - for ([i = 1, i < 4, (i++)]): null

17-03-2025T06:45:47 - [TEST_STEP][PASSED] - tableA = Script1719551244403.NewDZO(x = tableA): null

17-03-2025T06:45:47 - [TEST_STEP][PASSED] - i3 = <not implemented yet for class: org.codehaus.groovy.ast.expr.EmptyExpression>: null

17-03-2025T06:45:47 - [TEST_STEP][PASSED] - i3 = x.indexOf("/") + 1: null

17-03-2025T06:45:47 - [TEST_STEP][PASSED] - x = x.substring(i3, x.length()): null

17-03-2025T06:45:47 - [TEST_STEP][PASSED] - return x: null

17-03-2025T06:45:47 - [TEST_STEP][PASSED] - tableA = Script1719551244403.NewDZO(x = tableA): null

17-03-2025T06:45:47 - [TEST_STEP][PASSED] - i3 = <not implemented yet for class: org.codehaus.groovy.ast.expr.EmptyExpression>: null

17-03-2025T06:45:47 - [TEST_STEP][PASSED] - i3 = x.indexOf("/") + 1: null

17-03-2025T06:45:47 - [TEST_STEP][PASSED] - x = x.substring(i3, x.length()): null

17-03-2025T06:45:47 - [TEST_STEP][PASSED] - return x: null

17-03-2025T06:45:47 - [TEST_STEP][PASSED] - tableA = Script1719551244403.NewDZO(x = tableA): null

17-03-2025T06:45:47 - [TEST_STEP][PASSED] - i3 = <not implemented yet for class: org.codehaus.groovy.ast.expr.EmptyExpression>: null

17-03-2025T06:45:47 - [TEST_STEP][PASSED] - i3 = x.indexOf("/") + 1: null

17-03-2025T06:45:47 - [TEST_STEP][PASSED] - x = x.substring(i3, x.length()): null

17-03-2025T06:45:47 - [TEST_STEP][PASSED] - return x: null

17-03-2025T06:45:47 - [TEST_STEP][PASSED] - i = tableA.indexOf("Центр"): null

17-03-2025T06:45:47 - [TEST_STEP][PASSED] - FSKA = replaceAll("\p{P}", "").trim(): null

17-03-2025T06:45:47 - [TEST_STEP][PASSED] - println("FSKA: " + FSKA): null

17-03-2025T06:45:47 - [TEST_STEP][PASSED] - tableA = Script1719551244403.NewDZO(x = tableA): null

17-03-2025T06:45:47 - [TEST_STEP][PASSED] - i3 = <not implemented yet for class: org.codehaus.groovy.ast.expr.EmptyExpression>: null

17-03-2025T06:45:47 - [TEST_STEP][PASSED] - i3 = x.indexOf("/") + 1: null

17-03-2025T06:45:47 - [TEST_STEP][PASSED] - x = x.substring(i3, x.length()): null

17-03-2025T06:45:47 - [TEST_STEP][PASSED] - return x: null

17-03-2025T06:45:47 - [TEST_STEP][PASSED] - i = tableA.indexOf("Приволжье"): null

17-03-2025T06:45:47 - [TEST_STEP][PASSED] - CenA = replaceAll("\p{P}", "").trim(): null

17-03-2025T06:45:47 - [TEST_STEP][PASSED] - println("CenA: " + CenA): null

17-03-2025T06:45:47 - [TEST_STEP][PASSED] - for ([i = 1, i < 12, (i++)]): null

17-03-2025T06:45:47 - [TEST_STEP][PASSED] - tableA = Script1719551244403.NewDZO(x = tableA): null

17-03-2025T06:45:47 - [TEST_STEP][PASSED] - i3 = <not implemented yet for class: org.codehaus.groovy.ast.expr.EmptyExpression>: null

17-03-2025T06:45:47 - [TEST_STEP][PASSED] - i3 = x.indexOf("/") + 1: null

17-03-2025T06:45:47 - [TEST_STEP][PASSED] - x = x.substring(i3, x.length()): null

17-03-2025T06:45:47 - [TEST_STEP][PASSED] - return x: null

17-03-2025T06:45:47 - [TEST_STEP][PASSED] - tableA = Script1719551244403.NewDZO(x = tableA): null

17-03-2025T06:45:47 - [TEST_STEP][PASSED] - i3 = <not implemented yet for class: org.codehaus.groovy.ast.expr.EmptyExpression>: null

17-03-2025T06:45:47 - [TEST_STEP][PASSED] - i3 = x.indexOf("/") + 1: null

17-03-2025T06:45:47 - [TEST_STEP][PASSED] - x = x.substring(i3, x.length()): null

17-03-2025T06:45:47 - [TEST_STEP][PASSED] - return x: null

17-03-2025T06:45:47 - [TEST_STEP][PASSED] - tableA = Script1719551244403.NewDZO(x = tableA): null

17-03-2025T06:45:47 - [TEST_STEP][PASSED] - i3 = <not implemented yet for class: org.codehaus.groovy.ast.expr.EmptyExpression>: null

17-03-2025T06:45:47 - [TEST_STEP][PASSED] - i3 = x.indexOf("/") + 1: null

17-03-2025T06:45:47 - [TEST_STEP][PASSED] - x = x.substring(i3, x.length()): null

17-03-2025T06:45:47 - [TEST_STEP][PASSED] - return x: null

17-03-2025T06:45:47 - [TEST_STEP][PASSED] - tableA = Script1719551244403.NewDZO(x = tableA): null

17-03-2025T06:45:47 - [TEST_STEP][PASSED] - i3 = <not implemented yet for class: org.codehaus.groovy.ast.expr.EmptyExpression>: null

17-03-2025T06:45:47 - [TEST_STEP][PASSED] - i3 = x.indexOf("/") + 1: null

17-03-2025T06:45:47 - [TEST_STEP][PASSED] - x = x.substring(i3, x.length()): null

17-03-2025T06:45:47 - [TEST_STEP][PASSED] - return x: null

17-03-2025T06:45:47 - [TEST_STEP][PASSED] - tableA = Script1719551244403.NewDZO(x = tableA): null

17-03-2025T06:45:47 - [TEST_STEP][PASSED] - i3 = <not implemented yet for class: org.codehaus.groovy.ast.expr.EmptyExpression>: null

17-03-2025T06:45:47 - [TEST_STEP][PASSED] - i3 = x.indexOf("/") + 1: null

17-03-2025T06:45:47 - [TEST_STEP][PASSED] - x = x.substring(i3, x.length()): null

17-03-2025T06:45:47 - [TEST_STEP][PASSED] - return x: null

17-03-2025T06:45:47 - [TEST_STEP][PASSED] - tableA = Script1719551244403.NewDZO(x = tableA): null

17-03-2025T06:45:47 - [TEST_STEP][PASSED] - i3 = <not implemented yet for class: org.codehaus.groovy.ast.expr.EmptyExpression>: null

17-03-2025T06:45:47 - [TEST_STEP][PASSED] - i3 = x.indexOf("/") + 1: null

17-03-2025T06:45:47 - [TEST_STEP][PASSED] - x = x.substring(i3, x.length()): null

17-03-2025T06:45:47 - [TEST_STEP][PASSED] - return x: null

17-03-2025T06:45:47 - [TEST_STEP][PASSED] - tableA = Script1719551244403.NewDZO(x = tableA): null

17-03-2025T06:45:47 - [TEST_STEP][PASSED] - i3 = <not implemented yet for class: org.codehaus.groovy.ast.expr.EmptyExpression>: null

17-03-2025T06:45:47 - [TEST_STEP][PASSED] - i3 = x.indexOf("/") + 1: null

17-03-2025T06:45:47 - [TEST_STEP][PASSED] - x = x.substring(i3, x.length()): null

17-03-2025T06:45:47 - [TEST_STEP][PASSED] - return x: null

17-03-2025T06:45:47 - [TEST_STEP][PASSED] - tableA = Script1719551244403.NewDZO(x = tableA): null

17-03-2025T06:45:47 - [TEST_STEP][PASSED] - i3 = <not implemented yet for class: org.codehaus.groovy.ast.expr.EmptyExpression>: null

17-03-2025T06:45:47 - [TEST_STEP][PASSED] - i3 = x.indexOf("/") + 1: null

17-03-2025T06:45:47 - [TEST_STEP][PASSED] - x = x.substring(i3, x.length()): null

17-03-2025T06:45:47 - [TEST_STEP][PASSED] - return x: null

17-03-2025T06:45:47 - [TEST_STEP][PASSED] - tableA = Script1719551244403.NewDZO(x = tableA): null

17-03-2025T06:45:47 - [TEST_STEP][PASSED] - i3 = <not implemented yet for class: org.codehaus.groovy.ast.expr.EmptyExpression>: null

17-03-2025T06:45:47 - [TEST_STEP][PASSED] - i3 = x.indexOf("/") + 1: null

17-03-2025T06:45:47 - [TEST_STEP][PASSED] - x = x.substring(i3, x.length()): null

17-03-2025T06:45:47 - [TEST_STEP][PASSED] - return x: null

17-03-2025T06:45:47 - [TEST_STEP][PASSED] - tableA = Script1719551244403.NewDZO(x = tableA): null

17-03-2025T06:45:47 - [TEST_STEP][PASSED] - i3 = <not implemented yet for class: org.codehaus.groovy.ast.expr.EmptyExpression>: null

17-03-2025T06:45:47 - [TEST_STEP][PASSED] - i3 = x.indexOf("/") + 1: null

17-03-2025T06:45:47 - [TEST_STEP][PASSED] - x = x.substring(i3, x.length()): null

17-03-2025T06:45:47 - [TEST_STEP][PASSED] - return x: null

17-03-2025T06:45:47 - [TEST_STEP][PASSED] - tableA = Script1719551244403.NewDZO(x = tableA): null

17-03-2025T06:45:47 - [TEST_STEP][PASSED] - i3 = <not implemented yet for class: org.codehaus.groovy.ast.expr.EmptyExpression>: null

17-03-2025T06:45:47 - [TEST_STEP][PASSED] - i3 = x.indexOf("/") + 1: null

17-03-2025T06:45:47 - [TEST_STEP][PASSED] - x = x.substring(i3, x.length()): null

17-03-2025T06:45:47 - [TEST_STEP][PASSED] - return x: null

17-03-2025T06:45:47 - [TEST_STEP][PASSED] - i = tableA.indexOf("Юг"): null

17-03-2025T06:45:47 - [TEST_STEP][PASSED] - CiPA = replaceAll("\p{P}", "").trim(): null

17-03-2025T06:45:47 - [TEST_STEP][PASSED] - println("CiPA: " + CiPA): null

17-03-2025T06:45:47 - [TEST_STEP][PASSED] - for ([i = 1, i < 10, (i++)]): null

17-03-2025T06:45:47 - [TEST_STEP][PASSED] - tableA = Script1719551244403.NewDZO(x = tableA): null

17-03-2025T06:45:47 - [TEST_STEP][PASSED] - i3 = <not implemented yet for class: org.codehaus.groovy.ast.expr.EmptyExpression>: null

17-03-2025T06:45:47 - [TEST_STEP][PASSED] - i3 = x.indexOf("/") + 1: null

17-03-2025T06:45:47 - [TEST_STEP][PASSED] - x = x.substring(i3, x.length()): null

17-03-2025T06:45:47 - [TEST_STEP][PASSED] - return x: null

17-03-2025T06:45:47 - [TEST_STEP][PASSED] - tableA = Script1719551244403.NewDZO(x = tableA): null

17-03-2025T06:45:47 - [TEST_STEP][PASSED] - i3 = <not implemented yet for class: org.codehaus.groovy.ast.expr.EmptyExpression>: null

17-03-2025T06:45:47 - [TEST_STEP][PASSED] - i3 = x.indexOf("/") + 1: null

17-03-2025T06:45:47 - [TEST_STEP][PASSED] - x = x.substring(i3, x.length()): null

17-03-2025T06:45:47 - [TEST_STEP][PASSED] - return x: null

17-03-2025T06:45:47 - [TEST_STEP][PASSED] - tableA = Script1719551244403.NewDZO(x = tableA): null

17-03-2025T06:45:47 - [TEST_STEP][PASSED] - i3 = <not implemented yet for class: org.codehaus.groovy.ast.expr.EmptyExpression>: null

17-03-2025T06:45:47 - [TEST_STEP][PASSED] - i3 = x.indexOf("/") + 1: null

17-03-2025T06:45:47 - [TEST_STEP][PASSED] - x = x.substring(i3, x.length()): null

17-03-2025T06:45:47 - [TEST_STEP][PASSED] - return x: null

17-03-2025T06:45:47 - [TEST_STEP][PASSED] - tableA = Script1719551244403.NewDZO(x = tableA): null

17-03-2025T06:45:47 - [TEST_STEP][PASSED] - i3 = <not implemented yet for class: org.codehaus.groovy.ast.expr.EmptyExpression>: null

17-03-2025T06:45:47 - [TEST_STEP][PASSED] - i3 = x.indexOf("/") + 1: null

17-03-2025T06:45:47 - [TEST_STEP][PASSED] - x = x.substring(i3, x.length()): null

17-03-2025T06:45:47 - [TEST_STEP][PASSED] - return x: null

17-03-2025T06:45:47 - [TEST_STEP][PASSED] - tableA = Script1719551244403.NewDZO(x = tableA): null

17-03-2025T06:45:47 - [TEST_STEP][PASSED] - i3 = <not implemented yet for class: org.codehaus.groovy.ast.expr.EmptyExpression>: null

17-03-2025T06:45:47 - [TEST_STEP][PASSED] - i3 = x.indexOf("/") + 1: null

17-03-2025T06:45:47 - [TEST_STEP][PASSED] - x = x.substring(i3, x.length()): null

17-03-2025T06:45:47 - [TEST_STEP][PASSED] - return x: null

17-03-2025T06:45:47 - [TEST_STEP][PASSED] - tableA = Script1719551244403.NewDZO(x = tableA): null

17-03-2025T06:45:47 - [TEST_STEP][PASSED] - i3 = <not implemented yet for class: org.codehaus.groovy.ast.expr.EmptyExpression>: null

17-03-2025T06:45:47 - [TEST_STEP][PASSED] - i3 = x.indexOf("/") + 1: null

17-03-2025T06:45:47 - [TEST_STEP][PASSED] - x = x.substring(i3, x.length()): null

17-03-2025T06:45:47 - [TEST_STEP][PASSED] - return x: null

17-03-2025T06:45:47 - [TEST_STEP][PASSED] - tableA = Script1719551244403.NewDZO(x = tableA): null

17-03-2025T06:45:47 - [TEST_STEP][PASSED] - i3 = <not implemented yet for class: org.codehaus.groovy.ast.expr.EmptyExpression>: null

17-03-2025T06:45:47 - [TEST_STEP][PASSED] - i3 = x.indexOf("/") + 1: null

17-03-2025T06:45:47 - [TEST_STEP][PASSED] - x = x.substring(i3, x.length()): null

17-03-2025T06:45:47 - [TEST_STEP][PASSED] - return x: null

17-03-2025T06:45:47 - [TEST_STEP][PASSED] - tableA = Script1719551244403.NewDZO(x = tableA): null

17-03-2025T06:45:47 - [TEST_STEP][PASSED] - i3 = <not implemented yet for class: org.codehaus.groovy.ast.expr.EmptyExpression>: null

17-03-2025T06:45:47 - [TEST_STEP][PASSED] - i3 = x.indexOf("/") + 1: null

17-03-2025T06:45:47 - [TEST_STEP][PASSED] - x = x.substring(i3, x.length()): null

17-03-2025T06:45:47 - [TEST_STEP][PASSED] - return x: null

17-03-2025T06:45:47 - [TEST_STEP][PASSED] - tableA = Script1719551244403.NewDZO(x = tableA): null

17-03-2025T06:45:47 - [TEST_STEP][PASSED] - i3 = <not implemented yet for class: org.codehaus.groovy.ast.expr.EmptyExpression>: null

17-03-2025T06:45:47 - [TEST_STEP][PASSED] - i3 = x.indexOf("/") + 1: null

17-03-2025T06:45:47 - [TEST_STEP][PASSED] - x = x.substring(i3, x.length()): null

17-03-2025T06:45:47 - [TEST_STEP][PASSED] - return x: null

17-03-2025T06:45:47 - [TEST_STEP][PASSED] - i = tableA.indexOf("Янтарь"): null

17-03-2025T06:45:47 - [TEST_STEP][PASSED] - UgA = replaceAll("\p{P}", "").trim(): null

17-03-2025T06:45:47 - [TEST_STEP][PASSED] - println("UgA: " + UgA): null

17-03-2025T06:45:47 - [TEST_STEP][PASSED] - i = tableA.lastIndexOf("/"): null

17-03-2025T06:45:47 - [TEST_STEP][PASSED] - YaA = replaceAll("\p{P}", "").trim(): null

17-03-2025T06:45:47 - [TEST_STEP][PASSED] - println("YaA: " + YaA): null

17-03-2025T06:45:47 - [TEST_STEP][PASSED] - delay(10): Delayed 10 second(s)

17-03-2025T06:45:57 - [MESSAGE][PASSED] - Delayed 10 second(s)

17-03-2025T06:45:57 - [TEST_STEP][PASSED] - navigateToUrl(findTestData("PlanFact").getValue(10, 11)): Navigate to 'https://bi.rosseti.digital/viewer?dashboardGuid=a1fd28b3785d443cbc4d7690a1d78e31&sheetGuid=d3a0ddec2e914cb380b20dca74903099&fit=true' successfully

17-03-2025T06:45:57 - [MESSAGE][PASSED] - Navigate to 'https://bi.rosseti.digital/viewer?dashboardGuid=a1fd28b3785d443cbc4d7690a1d78e31&sheetGuid=d3a0ddec2e914cb380b20dca74903099&fit=true' successfully

17-03-2025T06:45:57 - [TEST_STEP][PASSED] - b = <not implemented yet for class: org.codehaus.groovy.ast.expr.EmptyExpression>: null

17-03-2025T06:45:57 - [TEST_STEP][PASSED] - b1 = <not implemented yet for class: org.codehaus.groovy.ast.expr.EmptyExpression>: null

17-03-2025T06:45:57 - [TEST_STEP][PASSED] - b2 = <not implemented yet for class: org.codehaus.groovy.ast.expr.EmptyExpression>: null

17-03-2025T06:45:57 - [TEST_STEP][PASSED] - click(findTestObject("Факторный анализ/Фильтр Дата Выручка")): Object: 'Object Repository/Факторный анализ/Фильтр Дата Выручка' is clicked on

17-03-2025T06:46:06 - [MESSAGE][PASSED] - Object: 'Object Repository/Факторный анализ/Фильтр Дата Выручка' is clicked on

17-03-2025T06:46:06 - [TEST_STEP][PASSED] - click(findTestObject("Факторный анализ/Снять выделение в фильтре Дата Выручка")): Object: 'Object Repository/Факторный анализ/Снять выделение в фильтре Дата Выручка' is clicked on

17-03-2025T06:46:07 - [MESSAGE][PASSED] - Object: 'Object Repository/Факторный анализ/Снять выделение в фильтре Дата Выручка' is clicked on

17-03-2025T06:46:07 - [TEST_STEP][PASSED] - click(findTestObject("Факторный анализ/Применить в фильтре Дата Выручка")): Object: 'Object Repository/Факторный анализ/Применить в фильтре Дата Выручка' is clicked on

17-03-2025T06:46:07 - [MESSAGE][PASSED] - Object: 'Object Repository/Факторный анализ/Применить в фильтре Дата Выручка' is clicked on

17-03-2025T06:46:07 - [TEST_STEP][PASSED] - delay(10): Delayed 10 second(s)

17-03-2025T06:46:17 - [MESSAGE][PASSED] - Delayed 10 second(s)

17-03-2025T06:46:17 - [TEST_STEP][PASSED] - click(findTestObject("Факторный анализ/Фильтр Дата Выручка")): Object: 'Object Repository/Факторный анализ/Фильтр Дата Выручка' is clicked on

17-03-2025T06:46:18 - [MESSAGE][PASSED] - Object: 'Object Repository/Факторный анализ/Фильтр Дата Выручка' is clicked on

17-03-2025T06:46:18 - [TEST_STEP][PASSED] - click(findTestObject("Факторный анализ/Снять выделение в фильтре Дата Выручка")): Object: 'Object Repository/Факторный анализ/Снять выделение в фильтре Дата Выручка' is clicked on

17-03-2025T06:46:18 - [MESSAGE][PASSED] - Object: 'Object Repository/Факторный анализ/Снять выделение в фильтре Дата Выручка' is clicked on

17-03-2025T06:46:18 - [TEST_STEP][PASSED] - scrollToElement(findTestObject("Факторный анализ/2025 список Выручка"), 30): Scroll to object 'Object Repository/Факторный анализ/2025 список Выручка' successfully

17-03-2025T06:46:18 - [MESSAGE][PASSED] - Scroll to object 'Object Repository/Факторный анализ/2025 список Выручка' successfully

17-03-2025T06:46:18 - [TEST_STEP][PASSED] - click(findTestObject("Факторный анализ/2025 список Выручка")): Object: 'Object Repository/Факторный анализ/2025 список Выручка' is clicked on

17-03-2025T06:46:19 - [MESSAGE][PASSED] - Object: 'Object Repository/Факторный анализ/2025 список Выручка' is clicked on

17-03-2025T06:46:19 - [TEST_STEP][PASSED] - scrollToElement(findTestObject("Факторный анализ/1 квартал 2025 список Выручка"), 30): Scroll to object 'Object Repository/Факторный анализ/1 квартал 2025 список Выручка' successfully

17-03-2025T06:46:19 - [MESSAGE][PASSED] - Scroll to object 'Object Repository/Факторный анализ/1 квартал 2025 список Выручка' successfully

17-03-2025T06:46:19 - [TEST_STEP][PASSED] - click(findTestObject("Факторный анализ/1 квартал 2025 список Выручка"), CONTINUE_ON_FAILURE): Object: 'Object Repository/Факторный анализ/1 квартал 2025 список Выручка' is clicked on

17-03-2025T06:46:20 - [MESSAGE][PASSED] - Object: 'Object Repository/Факторный анализ/1 квартал 2025 список Выручка' is clicked on

17-03-2025T06:46:20 - [TEST_STEP][PASSED] - scrollToElement(findTestObject("Факторный анализ/Январь 2025 Выручка"), 30): Scroll to object 'Object Repository/Факторный анализ/Январь 2025 Выручка' successfully

17-03-2025T06:46:20 - [MESSAGE][PASSED] - Scroll to object 'Object Repository/Факторный анализ/Январь 2025 Выручка' successfully

17-03-2025T06:46:20 - [TEST_STEP][PASSED] - click(findTestObject("Факторный анализ/Январь 2025 Выручка"), CONTINUE_ON_FAILURE): Object: 'Object Repository/Факторный анализ/Январь 2025 Выручка' is clicked on

17-03-2025T06:46:20 - [MESSAGE][PASSED] - Object: 'Object Repository/Факторный анализ/Январь 2025 Выручка' is clicked on

17-03-2025T06:46:20 - [TEST_STEP][PASSED] - scrollToElement(findTestObject("Факторный анализ/Заголовок дашборда Выручка"), 30): Scroll to object 'Object Repository/Факторный анализ/Заголовок дашборда Выручка' successfully

17-03-2025T06:46:21 - [MESSAGE][PASSED] - Scroll to object 'Object Repository/Факторный анализ/Заголовок дашборда Выручка' successfully

17-03-2025T06:46:21 - [TEST_STEP][PASSED] - click(findTestObject("Факторный анализ/Применить в фильтре Дата Выручка")): Object: 'Object Repository/Факторный анализ/Применить в фильтре Дата Выручка' is clicked on

17-03-2025T06:46:21 - [MESSAGE][PASSED] - Object: 'Object Repository/Факторный анализ/Применить в фильтре Дата Выручка' is clicked on

17-03-2025T06:46:21 - [TEST_STEP][PASSED] - if (run == 1): null

17-03-2025T06:46:21 - [TEST_STEP][PASSED] - else: null

17-03-2025T06:46:21 - [TEST_STEP][PASSED] - click(findTestObject("Факторный анализ/Переключить отображение с филиала на месяц")): Object: 'Object Repository/Факторный анализ/Переключить отображение с филиала на месяц' is clicked on

17-03-2025T06:46:23 - [MESSAGE][PASSED] - Object: 'Object Repository/Факторный анализ/Переключить отображение с филиала на месяц' is clicked on

17-03-2025T06:46:23 - [TEST_STEP][PASSED] - b1 = replaceAll("\s+", "").trim(): Text of object 'Object Repository/Факторный анализ/span1 Выручка' is: '-6 864'

17-03-2025T06:46:23 - [MESSAGE][PASSED] - Text of object 'Object Repository/Факторный анализ/span1 Выручка' is: '-6 864'

17-03-2025T06:46:23 - [TEST_STEP][PASSED] - b2 = replaceAll("\s+", "").trim(): Text of object 'Object Repository/Факторный анализ/span2 Выручка' is: '1 354'

17-03-2025T06:46:23 - [MESSAGE][PASSED] - Text of object 'Object Repository/Факторный анализ/span2 Выручка' is: '1 354'

17-03-2025T06:46:23 - [TEST_STEP][PASSED] - println("b1: " + b1): null

17-03-2025T06:46:23 - [TEST_STEP][PASSED] - println("b2: " + b2): null

17-03-2025T06:46:23 - [TEST_STEP][PASSED] - vidget = "Отклонения выручки по факторам": null

17-03-2025T06:46:23 - [TEST_STEP][PASSED] - DZO = "ПАО Россети": null

17-03-2025T06:46:23 - [TEST_STEP][PASSED] - typeOfData = "Отклонение (объём услуг)": null

17-03-2025T06:46:23 - [TEST_STEP][PASSED] - Script1719551244403.Compare(x = a1, y = b1, run, typeOfData, otobrajeniyeDannyh, todaysDate, vidget, DZO): null

17-03-2025T06:46:23 - [TEST_STEP][PASSED] - if (verifyEqual(x, y) == true): Actual object '-6864' and expected object '-6864' are equal

17-03-2025T06:46:23 - [MESSAGE][PASSED] - Actual object '-6864' and expected object '-6864' are equal

17-03-2025T06:46:23 - [TEST_STEP][PASSED] - typeOfData = "Отклонение (средний тариф)": null

17-03-2025T06:46:23 - [TEST_STEP][PASSED] - Script1719551244403.Compare(x = a2, y = b2, run, typeOfData, otobrajeniyeDannyh, todaysDate, vidget, DZO): null

17-03-2025T06:46:23 - [TEST_STEP][PASSED] - if (verifyEqual(x, y) == true): Actual object '1354' and expected object '1354' are equal

17-03-2025T06:46:23 - [MESSAGE][PASSED] - Actual object '1354' and expected object '1354' are equal

17-03-2025T06:46:23 - [TEST_STEP][PASSED] - tableB = getText(findTestObject("Факторный анализ/AllTable1 Выручка")).replaceAll("[\r?
|
]", "/"): Text of object 'Object Repository/Факторный анализ/AllTable1 Выручка' is: 'ДЗО
Филиал
Отклонение (объём услуг) филиал без Nan
Отклонение (средний тариф) филиал без Nan
АО "РЭС" АО "РЭС" -76 3
АО «Тываэнерго» АО "Тываэнерго" 19 4
АО «Чеченэнерго» АО «Чеченэнерго» -35 -48
Россети Волга Мордовэнерго - 150 -6
Оренбургэнерго -62 -9
Пензаэнерго -35 -1
Самарские РС -78 142
Саратовские РС -77 -49
Ульяновские РС 14 6
Чувашэнерго -4 12
Россети Кубань Кубаньэнерго - 341 287
Россети Ленэнерго (ГК) Ленинградская область - 311 187
г. Санкт-Петербург - 291 12
Россети Московский регион Московская область - 780 53
г. Москва - 195 -5
Россети Северный Кавказ (ГК) Дагэнерго - 238 -48
Ингушэнерго -60 14
Каббалкэнерго 20 -4
Карачаево-Черкесскэнерго -10 - 109
Севкавказэнерго - 121 -10
Ставропольэнерго -68 28
Россети Северо-Запад Архангельский филиал -52 21
Вологодский филиал -40 10
Карельский филиал -50 -15
Мурманский филиал 20 -17
Новгородский филиал -49 0
Псковский филиал -48 13
филиал в Республике Коми -53 9
Россети Сибирь (ГК) Алтайэнерго 39 16
Бурятэнерго 10 -7
ГАЭС 9 2
Красноярскэнерго 117 -4
Кузбассэнерго-РЭС 37 147
Омскэнерго -2 -21
Хакасэнерго -10 -12
Читаэнерго -1 25
Россети Томск Томская распределительная компания -62 5
Россети Тюмень Россети Тюмень - 986 - 117
Россети Урал (ГК) Пермэнерго - 187 5
Свердловэнерго - 152 -4
Челябэнерго - 141 5
Россети ФСК ЕЭС Итого по ФСК ЕЭС - 311 252
Россети Центр Белгородэнерго -85 14
Брянскэнерго -50 -8
Воронежэнерго -98 -2
Костромаэнерго -42 3
Курскэнерго -32 8
Липецкэнерго -79 20
Орелэнерго -40 5
Смоленскэнерго -52 -7
Тамбовэнерго -25 -5
Тверьэнерго - 133 0
Ярэнерго -60 -6
Россети Центр и Приволжье (ГК) Владимирэнерго - 134 -19
Ивэнерго -16 -6
Калугаэнерго -73 20
Кировэнерго -51 3
Мариэнерго -10 9
Нижновэнерго - 171 -4
Рязаньэнерго -93 1
Тулэнерго -82 7
Удмуртэнерго -55 60
Россети Юг (ГК) АО «ВМЭС» 0 4
Астраханьэнерго 1 -6
Волгоградэнерго - 140 -12
Калмэнерго -8 2
Ростовэнерго -47 16
Россети Янтарь Россети Янтарь -31 12'

17-03-2025T06:46:24 - [MESSAGE][PASSED] - Text of object 'Object Repository/Факторный анализ/AllTable1 Выручка' is: 'ДЗО
Филиал
Отклонение (объём услуг) филиал без Nan
Отклонение (средний тариф) филиал без Nan
АО "РЭС" АО "РЭС" -76 3
АО «Тываэнерго» АО "Тываэнерго" 19 4
АО «Чеченэнерго» АО «Чеченэнерго» -35 -48
Россети Волга Мордовэнерго - 150 -6
Оренбургэнерго -62 -9
Пензаэнерго -35 -1
Самарские РС -78 142
Саратовские РС -77 -49
Ульяновские РС 14 6
Чувашэнерго -4 12
Россети Кубань Кубаньэнерго - 341 287
Россети Ленэнерго (ГК) Ленинградская область - 311 187
г. Санкт-Петербург - 291 12
Россети Московский регион Московская область - 780 53
г. Москва - 195 -5
Россети Северный Кавказ (ГК) Дагэнерго - 238 -48
Ингушэнерго -60 14
Каббалкэнерго 20 -4
Карачаево-Черкесскэнерго -10 - 109
Севкавказэнерго - 121 -10
Ставропольэнерго -68 28
Россети Северо-Запад Архангельский филиал -52 21
Вологодский филиал -40 10
Карельский филиал -50 -15
Мурманский филиал 20 -17
Новгородский филиал -49 0
Псковский филиал -48 13
филиал в Республике Коми -53 9
Россети Сибирь (ГК) Алтайэнерго 39 16
Бурятэнерго 10 -7
ГАЭС 9 2
Красноярскэнерго 117 -4
Кузбассэнерго-РЭС 37 147
Омскэнерго -2 -21
Хакасэнерго -10 -12
Читаэнерго -1 25
Россети Томск Томская распределительная компания -62 5
Россети Тюмень Россети Тюмень - 986 - 117
Россети Урал (ГК) Пермэнерго - 187 5
Свердловэнерго - 152 -4
Челябэнерго - 141 5
Россети ФСК ЕЭС Итого по ФСК ЕЭС - 311 252
Россети Центр Белгородэнерго -85 14
Брянскэнерго -50 -8
Воронежэнерго -98 -2
Костромаэнерго -42 3
Курскэнерго -32 8
Липецкэнерго -79 20
Орелэнерго -40 5
Смоленскэнерго -52 -7
Тамбовэнерго -25 -5
Тверьэнерго - 133 0
Ярэнерго -60 -6
Россети Центр и Приволжье (ГК) Владимирэнерго - 134 -19
Ивэнерго -16 -6
Калугаэнерго -73 20
Кировэнерго -51 3
Мариэнерго -10 9
Нижновэнерго - 171 -4
Рязаньэнерго -93 1
Тулэнерго -82 7
Удмуртэнерго -55 60
Россети Юг (ГК) АО «ВМЭС» 0 4
Астраханьэнерго 1 -6
Волгоградэнерго - 140 -12
Калмэнерго -8 2
Ростовэнерго -47 16
Россети Янтарь Россети Янтарь -31 12'

17-03-2025T06:46:24 - [TEST_STEP][PASSED] - println("tableB: " + tableB): null

17-03-2025T06:46:24 - [TEST_STEP][PASSED] - for ([i = 1, i < 5, (i++)]): null

17-03-2025T06:46:24 - [TEST_STEP][PASSED] - ii = tableB.indexOf("/") + 1: null

17-03-2025T06:46:24 - [TEST_STEP][PASSED] - tableB = tableB.substring(ii, tableB.length()): null

17-03-2025T06:46:24 - [TEST_STEP][PASSED] - ii = tableB.indexOf("/") + 1: null

17-03-2025T06:46:24 - [TEST_STEP][PASSED] - tableB = tableB.substring(ii, tableB.length()): null

17-03-2025T06:46:24 - [TEST_STEP][PASSED] - ii = tableB.indexOf("/") + 1: null

17-03-2025T06:46:24 - [TEST_STEP][PASSED] - tableB = tableB.substring(ii, tableB.length()): null

17-03-2025T06:46:24 - [TEST_STEP][PASSED] - ii = tableB.indexOf("/") + 1: null

17-03-2025T06:46:24 - [TEST_STEP][PASSED] - tableB = tableB.substring(ii, tableB.length()): null

17-03-2025T06:46:24 - [TEST_STEP][PASSED] - println("tableB: " + tableB): null

17-03-2025T06:46:24 - [TEST_STEP][PASSED] - TyB = Script1719551244403.GetData(x = tableB): null

17-03-2025T06:46:24 - [TEST_STEP][PASSED] - i2 = <not implemented yet for class: org.codehaus.groovy.ast.expr.EmptyExpression>: null

17-03-2025T06:46:24 - [TEST_STEP][PASSED] - i2 = x.indexOf("/") + 1: null

17-03-2025T06:46:24 - [TEST_STEP][PASSED] - x = replaceAll("\p{P}", "").trim(): null

17-03-2025T06:46:24 - [TEST_STEP][PASSED] - return x: null

17-03-2025T06:46:24 - [TEST_STEP][PASSED] - println("TyB: " + TyB): null

17-03-2025T06:46:24 - [TEST_STEP][PASSED] - tableB = Script1719551244403.NewDZO(x = tableB): null

17-03-2025T06:46:24 - [TEST_STEP][PASSED] - i3 = <not implemented yet for class: org.codehaus.groovy.ast.expr.EmptyExpression>: null

17-03-2025T06:46:24 - [TEST_STEP][PASSED] - i3 = x.indexOf("/") + 1: null

17-03-2025T06:46:24 - [TEST_STEP][PASSED] - x = x.substring(i3, x.length()): null

17-03-2025T06:46:24 - [TEST_STEP][PASSED] - return x: null

17-03-2025T06:46:24 - [TEST_STEP][PASSED] - ChB = Script1719551244403.GetData(x = tableB): null

17-03-2025T06:46:24 - [TEST_STEP][PASSED] - i2 = <not implemented yet for class: org.codehaus.groovy.ast.expr.EmptyExpression>: null

17-03-2025T06:46:24 - [TEST_STEP][PASSED] - i2 = x.indexOf("/") + 1: null

17-03-2025T06:46:24 - [TEST_STEP][PASSED] - x = replaceAll("\p{P}", "").trim(): null

17-03-2025T06:46:24 - [TEST_STEP][PASSED] - return x: null

17-03-2025T06:46:24 - [TEST_STEP][PASSED] - println("ChB: " + ChB): null

17-03-2025T06:46:24 - [TEST_STEP][PASSED] - tableB = Script1719551244403.NewDZO(x = tableB): null

17-03-2025T06:46:24 - [TEST_STEP][PASSED] - i3 = <not implemented yet for class: org.codehaus.groovy.ast.expr.EmptyExpression>: null

17-03-2025T06:46:24 - [TEST_STEP][PASSED] - i3 = x.indexOf("/") + 1: null

17-03-2025T06:46:24 - [TEST_STEP][PASSED] - x = x.substring(i3, x.length()): null

17-03-2025T06:46:24 - [TEST_STEP][PASSED] - return x: null

17-03-2025T06:46:24 - [TEST_STEP][PASSED] - i = tableB.indexOf("Кубань"): null

17-03-2025T06:46:24 - [TEST_STEP][PASSED] - VB = replaceAll("\p{P}", "").trim(): null

17-03-2025T06:46:24 - [TEST_STEP][PASSED] - println("VB: " + VB): null

17-03-2025T06:46:24 - [TEST_STEP][PASSED] - for ([i = 1, i < 8, (i++)]): null

17-03-2025T06:46:24 - [TEST_STEP][PASSED] - tableB = Script1719551244403.NewDZO(x = tableB): null

17-03-2025T06:46:24 - [TEST_STEP][PASSED] - i3 = <not implemented yet for class: org.codehaus.groovy.ast.expr.EmptyExpression>: null

17-03-2025T06:46:24 - [TEST_STEP][PASSED] - i3 = x.indexOf("/") + 1: null

17-03-2025T06:46:24 - [TEST_STEP][PASSED] - x = x.substring(i3, x.length()): null

17-03-2025T06:46:24 - [TEST_STEP][PASSED] - return x: null

17-03-2025T06:46:24 - [TEST_STEP][PASSED] - tableB = Script1719551244403.NewDZO(x = tableB): null

17-03-2025T06:46:24 - [TEST_STEP][PASSED] - i3 = <not implemented yet for class: org.codehaus.groovy.ast.expr.EmptyExpression>: null

17-03-2025T06:46:24 - [TEST_STEP][PASSED] - i3 = x.indexOf("/") + 1: null

17-03-2025T06:46:24 - [TEST_STEP][PASSED] - x = x.substring(i3, x.length()): null

17-03-2025T06:46:24 - [TEST_STEP][PASSED] - return x: null

17-03-2025T06:46:24 - [TEST_STEP][PASSED] - tableB = Script1719551244403.NewDZO(x = tableB): null

17-03-2025T06:46:24 - [TEST_STEP][PASSED] - i3 = <not implemented yet for class: org.codehaus.groovy.ast.expr.EmptyExpression>: null

17-03-2025T06:46:24 - [TEST_STEP][PASSED] - i3 = x.indexOf("/") + 1: null

17-03-2025T06:46:24 - [TEST_STEP][PASSED] - x = x.substring(i3, x.length()): null

17-03-2025T06:46:24 - [TEST_STEP][PASSED] - return x: null

17-03-2025T06:46:24 - [TEST_STEP][PASSED] - tableB = Script1719551244403.NewDZO(x = tableB): null

17-03-2025T06:46:24 - [TEST_STEP][PASSED] - i3 = <not implemented yet for class: org.codehaus.groovy.ast.expr.EmptyExpression>: null

17-03-2025T06:46:24 - [TEST_STEP][PASSED] - i3 = x.indexOf("/") + 1: null

17-03-2025T06:46:24 - [TEST_STEP][PASSED] - x = x.substring(i3, x.length()): null

17-03-2025T06:46:24 - [TEST_STEP][PASSED] - return x: null

17-03-2025T06:46:24 - [TEST_STEP][PASSED] - tableB = Script1719551244403.NewDZO(x = tableB): null

17-03-2025T06:46:24 - [TEST_STEP][PASSED] - i3 = <not implemented yet for class: org.codehaus.groovy.ast.expr.EmptyExpression>: null

17-03-2025T06:46:24 - [TEST_STEP][PASSED] - i3 = x.indexOf("/") + 1: null

17-03-2025T06:46:24 - [TEST_STEP][PASSED] - x = x.substring(i3, x.length()): null

17-03-2025T06:46:24 - [TEST_STEP][PASSED] - return x: null

17-03-2025T06:46:24 - [TEST_STEP][PASSED] - tableB = Script1719551244403.NewDZO(x = tableB): null

17-03-2025T06:46:24 - [TEST_STEP][PASSED] - i3 = <not implemented yet for class: org.codehaus.groovy.ast.expr.EmptyExpression>: null

17-03-2025T06:46:24 - [TEST_STEP][PASSED] - i3 = x.indexOf("/") + 1: null

17-03-2025T06:46:24 - [TEST_STEP][PASSED] - x = x.substring(i3, x.length()): null

17-03-2025T06:46:24 - [TEST_STEP][PASSED] - return x: null

17-03-2025T06:46:24 - [TEST_STEP][PASSED] - tableB = Script1719551244403.NewDZO(x = tableB): null

17-03-2025T06:46:24 - [TEST_STEP][PASSED] - i3 = <not implemented yet for class: org.codehaus.groovy.ast.expr.EmptyExpression>: null

17-03-2025T06:46:24 - [TEST_STEP][PASSED] - i3 = x.indexOf("/") + 1: null

17-03-2025T06:46:24 - [TEST_STEP][PASSED] - x = x.substring(i3, x.length()): null

17-03-2025T06:46:24 - [TEST_STEP][PASSED] - return x: null

17-03-2025T06:46:24 - [TEST_STEP][PASSED] - i = tableB.indexOf("Ленэнерго"): null

17-03-2025T06:46:24 - [TEST_STEP][PASSED] - KuB = Script1719551244403.GetData(x = tableB): null

17-03-2025T06:46:24 - [TEST_STEP][PASSED] - i2 = <not implemented yet for class: org.codehaus.groovy.ast.expr.EmptyExpression>: null

17-03-2025T06:46:24 - [TEST_STEP][PASSED] - i2 = x.indexOf("/") + 1: null

17-03-2025T06:46:24 - [TEST_STEP][PASSED] - x = replaceAll("\p{P}", "").trim(): null

17-03-2025T06:46:24 - [TEST_STEP][PASSED] - return x: null

17-03-2025T06:46:24 - [TEST_STEP][PASSED] - println("KuB: " + KuB): null

17-03-2025T06:46:24 - [TEST_STEP][PASSED] - tableB = Script1719551244403.NewDZO(x = tableB): null

17-03-2025T06:46:24 - [TEST_STEP][PASSED] - i3 = <not implemented yet for class: org.codehaus.groovy.ast.expr.EmptyExpression>: null

17-03-2025T06:46:24 - [TEST_STEP][PASSED] - i3 = x.indexOf("/") + 1: null

17-03-2025T06:46:24 - [TEST_STEP][PASSED] - x = x.substring(i3, x.length()): null

17-03-2025T06:46:24 - [TEST_STEP][PASSED] - return x: null

17-03-2025T06:46:24 - [TEST_STEP][PASSED] - i = tableB.indexOf("Московский"): null

17-03-2025T06:46:24 - [TEST_STEP][PASSED] - LenB = replaceAll("\p{P}", "").trim(): null

17-03-2025T06:46:24 - [TEST_STEP][PASSED] - println("LenB: " + LenB): null

17-03-2025T06:46:24 - [TEST_STEP][PASSED] - tableB = Script1719551244403.NewDZO(x = tableB): null

17-03-2025T06:46:24 - [TEST_STEP][PASSED] - i3 = <not implemented yet for class: org.codehaus.groovy.ast.expr.EmptyExpression>: null

17-03-2025T06:46:24 - [TEST_STEP][PASSED] - i3 = x.indexOf("/") + 1: null

17-03-2025T06:46:24 - [TEST_STEP][PASSED] - x = x.substring(i3, x.length()): null

17-03-2025T06:46:24 - [TEST_STEP][PASSED] - return x: null

17-03-2025T06:46:24 - [TEST_STEP][PASSED] - tableB = Script1719551244403.NewDZO(x = tableB): null

17-03-2025T06:46:24 - [TEST_STEP][PASSED] - i3 = <not implemented yet for class: org.codehaus.groovy.ast.expr.EmptyExpression>: null

17-03-2025T06:46:24 - [TEST_STEP][PASSED] - i3 = x.indexOf("/") + 1: null

17-03-2025T06:46:24 - [TEST_STEP][PASSED] - x = x.substring(i3, x.length()): null

17-03-2025T06:46:24 - [TEST_STEP][PASSED] - return x: null

17-03-2025T06:46:24 - [TEST_STEP][PASSED] - i = tableB.indexOf("Кавказ"): null

17-03-2025T06:46:24 - [TEST_STEP][PASSED] - MosB = replaceAll("\p{P}", "").trim(): null

17-03-2025T06:46:24 - [TEST_STEP][PASSED] - println("MosB: " + MosB): null

17-03-2025T06:46:24 - [TEST_STEP][PASSED] - for ([i = 1, i < 3, (i++)]): null

17-03-2025T06:46:24 - [TEST_STEP][PASSED] - tableB = Script1719551244403.NewDZO(x = tableB): null

17-03-2025T06:46:24 - [TEST_STEP][PASSED] - i3 = <not implemented yet for class: org.codehaus.groovy.ast.expr.EmptyExpression>: null

17-03-2025T06:46:24 - [TEST_STEP][PASSED] - i3 = x.indexOf("/") + 1: null

17-03-2025T06:46:24 - [TEST_STEP][PASSED] - x = x.substring(i3, x.length()): null

17-03-2025T06:46:24 - [TEST_STEP][PASSED] - return x: null

17-03-2025T06:46:24 - [TEST_STEP][PASSED] - tableB = Script1719551244403.NewDZO(x = tableB): null

17-03-2025T06:46:24 - [TEST_STEP][PASSED] - i3 = <not implemented yet for class: org.codehaus.groovy.ast.expr.EmptyExpression>: null

17-03-2025T06:46:24 - [TEST_STEP][PASSED] - i3 = x.indexOf("/") + 1: null

17-03-2025T06:46:24 - [TEST_STEP][PASSED] - x = x.substring(i3, x.length()): null

17-03-2025T06:46:24 - [TEST_STEP][PASSED] - return x: null

17-03-2025T06:46:24 - [TEST_STEP][PASSED] - i = tableB.indexOf("Запад"): null

17-03-2025T06:46:24 - [TEST_STEP][PASSED] - SKB = replaceAll("\p{P}", "").trim(): null

17-03-2025T06:46:24 - [TEST_STEP][PASSED] - println("SKB: " + SKB): null

17-03-2025T06:46:24 - [TEST_STEP][PASSED] - for ([i = 1, i < 7, (i++)]): null

17-03-2025T06:46:24 - [TEST_STEP][PASSED] - tableB = Script1719551244403.NewDZO(x = tableB): null

17-03-2025T06:46:24 - [TEST_STEP][PASSED] - i3 = <not implemented yet for class: org.codehaus.groovy.ast.expr.EmptyExpression>: null

17-03-2025T06:46:24 - [TEST_STEP][PASSED] - i3 = x.indexOf("/") + 1: null

17-03-2025T06:46:24 - [TEST_STEP][PASSED] - x = x.substring(i3, x.length()): null

17-03-2025T06:46:24 - [TEST_STEP][PASSED] - return x: null

17-03-2025T06:46:24 - [TEST_STEP][PASSED] - tableB = Script1719551244403.NewDZO(x = tableB): null

17-03-2025T06:46:24 - [TEST_STEP][PASSED] - i3 = <not implemented yet for class: org.codehaus.groovy.ast.expr.EmptyExpression>: null

17-03-2025T06:46:24 - [TEST_STEP][PASSED] - i3 = x.indexOf("/") + 1: null

17-03-2025T06:46:24 - [TEST_STEP][PASSED] - x = x.substring(i3, x.length()): null

17-03-2025T06:46:24 - [TEST_STEP][PASSED] - return x: null

17-03-2025T06:46:24 - [TEST_STEP][PASSED] - tableB = Script1719551244403.NewDZO(x = tableB): null

17-03-2025T06:46:24 - [TEST_STEP][PASSED] - i3 = <not implemented yet for class: org.codehaus.groovy.ast.expr.EmptyExpression>: null

17-03-2025T06:46:24 - [TEST_STEP][PASSED] - i3 = x.indexOf("/") + 1: null

17-03-2025T06:46:24 - [TEST_STEP][PASSED] - x = x.substring(i3, x.length()): null

17-03-2025T06:46:24 - [TEST_STEP][PASSED] - return x: null

17-03-2025T06:46:24 - [TEST_STEP][PASSED] - tableB = Script1719551244403.NewDZO(x = tableB): null

17-03-2025T06:46:24 - [TEST_STEP][PASSED] - i3 = <not implemented yet for class: org.codehaus.groovy.ast.expr.EmptyExpression>: null

17-03-2025T06:46:24 - [TEST_STEP][PASSED] - i3 = x.indexOf("/") + 1: null

17-03-2025T06:46:24 - [TEST_STEP][PASSED] - x = x.substring(i3, x.length()): null

17-03-2025T06:46:24 - [TEST_STEP][PASSED] - return x: null

17-03-2025T06:46:24 - [TEST_STEP][PASSED] - tableB = Script1719551244403.NewDZO(x = tableB): null

17-03-2025T06:46:24 - [TEST_STEP][PASSED] - i3 = <not implemented yet for class: org.codehaus.groovy.ast.expr.EmptyExpression>: null

17-03-2025T06:46:24 - [TEST_STEP][PASSED] - i3 = x.indexOf("/") + 1: null

17-03-2025T06:46:24 - [TEST_STEP][PASSED] - x = x.substring(i3, x.length()): null

17-03-2025T06:46:24 - [TEST_STEP][PASSED] - return x: null

17-03-2025T06:46:24 - [TEST_STEP][PASSED] - tableB = Script1719551244403.NewDZO(x = tableB): null

17-03-2025T06:46:24 - [TEST_STEP][PASSED] - i3 = <not implemented yet for class: org.codehaus.groovy.ast.expr.EmptyExpression>: null

17-03-2025T06:46:24 - [TEST_STEP][PASSED] - i3 = x.indexOf("/") + 1: null

17-03-2025T06:46:24 - [TEST_STEP][PASSED] - x = x.substring(i3, x.length()): null

17-03-2025T06:46:24 - [TEST_STEP][PASSED] - return x: null

17-03-2025T06:46:24 - [TEST_STEP][PASSED] - i = tableB.indexOf("Сибирь"): null

17-03-2025T06:46:24 - [TEST_STEP][PASSED] - SZB = replaceAll("\p{P}", "").trim(): null

17-03-2025T06:46:24 - [TEST_STEP][PASSED] - println("SZB: " + SZB): null

17-03-2025T06:46:24 - [TEST_STEP][PASSED] - for ([i = 1, i < 8, (i++)]): null

17-03-2025T06:46:24 - [TEST_STEP][PASSED] - tableB = Script1719551244403.NewDZO(x = tableB): null

17-03-2025T06:46:24 - [TEST_STEP][PASSED] - i3 = <not implemented yet for class: org.codehaus.groovy.ast.expr.EmptyExpression>: null

17-03-2025T06:46:24 - [TEST_STEP][PASSED] - i3 = x.indexOf("/") + 1: null

17-03-2025T06:46:24 - [TEST_STEP][PASSED] - x = x.substring(i3, x.length()): null

17-03-2025T06:46:24 - [TEST_STEP][PASSED] - return x: null

17-03-2025T06:46:24 - [TEST_STEP][PASSED] - tableB = Script1719551244403.NewDZO(x = tableB): null

17-03-2025T06:46:24 - [TEST_STEP][PASSED] - i3 = <not implemented yet for class: org.codehaus.groovy.ast.expr.EmptyExpression>: null

17-03-2025T06:46:24 - [TEST_STEP][PASSED] - i3 = x.indexOf("/") + 1: null

17-03-2025T06:46:24 - [TEST_STEP][PASSED] - x = x.substring(i3, x.length()): null

17-03-2025T06:46:24 - [TEST_STEP][PASSED] - return x: null

17-03-2025T06:46:24 - [TEST_STEP][PASSED] - tableB = Script1719551244403.NewDZO(x = tableB): null

17-03-2025T06:46:24 - [TEST_STEP][PASSED] - i3 = <not implemented yet for class: org.codehaus.groovy.ast.expr.EmptyExpression>: null

17-03-2025T06:46:24 - [TEST_STEP][PASSED] - i3 = x.indexOf("/") + 1: null

17-03-2025T06:46:24 - [TEST_STEP][PASSED] - x = x.substring(i3, x.length()): null

17-03-2025T06:46:24 - [TEST_STEP][PASSED] - return x: null

17-03-2025T06:46:24 - [TEST_STEP][PASSED] - tableB = Script1719551244403.NewDZO(x = tableB): null

17-03-2025T06:46:24 - [TEST_STEP][PASSED] - i3 = <not implemented yet for class: org.codehaus.groovy.ast.expr.EmptyExpression>: null

17-03-2025T06:46:24 - [TEST_STEP][PASSED] - i3 = x.indexOf("/") + 1: null

17-03-2025T06:46:24 - [TEST_STEP][PASSED] - x = x.substring(i3, x.length()): null

17-03-2025T06:46:24 - [TEST_STEP][PASSED] - return x: null

17-03-2025T06:46:24 - [TEST_STEP][PASSED] - tableB = Script1719551244403.NewDZO(x = tableB): null

17-03-2025T06:46:24 - [TEST_STEP][PASSED] - i3 = <not implemented yet for class: org.codehaus.groovy.ast.expr.EmptyExpression>: null

17-03-2025T06:46:24 - [TEST_STEP][PASSED] - i3 = x.indexOf("/") + 1: null

17-03-2025T06:46:24 - [TEST_STEP][PASSED] - x = x.substring(i3, x.length()): null

17-03-2025T06:46:24 - [TEST_STEP][PASSED] - return x: null

17-03-2025T06:46:24 - [TEST_STEP][PASSED] - tableB = Script1719551244403.NewDZO(x = tableB): null

17-03-2025T06:46:24 - [TEST_STEP][PASSED] - i3 = <not implemented yet for class: org.codehaus.groovy.ast.expr.EmptyExpression>: null

17-03-2025T06:46:24 - [TEST_STEP][PASSED] - i3 = x.indexOf("/") + 1: null

17-03-2025T06:46:24 - [TEST_STEP][PASSED] - x = x.substring(i3, x.length()): null

17-03-2025T06:46:24 - [TEST_STEP][PASSED] - return x: null

17-03-2025T06:46:24 - [TEST_STEP][PASSED] - tableB = Script1719551244403.NewDZO(x = tableB): null

17-03-2025T06:46:24 - [TEST_STEP][PASSED] - i3 = <not implemented yet for class: org.codehaus.groovy.ast.expr.EmptyExpression>: null

17-03-2025T06:46:24 - [TEST_STEP][PASSED] - i3 = x.indexOf("/") + 1: null

17-03-2025T06:46:24 - [TEST_STEP][PASSED] - x = x.substring(i3, x.length()): null

17-03-2025T06:46:24 - [TEST_STEP][PASSED] - return x: null

17-03-2025T06:46:24 - [TEST_STEP][PASSED] - i = tableB.indexOf("Томск"): null

17-03-2025T06:46:24 - [TEST_STEP][PASSED] - SiB = replaceAll("\p{P}", "").trim(): null

17-03-2025T06:46:24 - [TEST_STEP][PASSED] - println("SiB: " + SiB): null

17-03-2025T06:46:24 - [TEST_STEP][PASSED] - for ([i = 1, i < 9, (i++)]): null

17-03-2025T06:46:24 - [TEST_STEP][PASSED] - tableB = Script1719551244403.NewDZO(x = tableB): null

17-03-2025T06:46:24 - [TEST_STEP][PASSED] - i3 = <not implemented yet for class: org.codehaus.groovy.ast.expr.EmptyExpression>: null

17-03-2025T06:46:24 - [TEST_STEP][PASSED] - i3 = x.indexOf("/") + 1: null

17-03-2025T06:46:24 - [TEST_STEP][PASSED] - x = x.substring(i3, x.length()): null

17-03-2025T06:46:24 - [TEST_STEP][PASSED] - return x: null

17-03-2025T06:46:24 - [TEST_STEP][PASSED] - tableB = Script1719551244403.NewDZO(x = tableB): null

17-03-2025T06:46:24 - [TEST_STEP][PASSED] - i3 = <not implemented yet for class: org.codehaus.groovy.ast.expr.EmptyExpression>: null

17-03-2025T06:46:24 - [TEST_STEP][PASSED] - i3 = x.indexOf("/") + 1: null

17-03-2025T06:46:24 - [TEST_STEP][PASSED] - x = x.substring(i3, x.length()): null

17-03-2025T06:46:24 - [TEST_STEP][PASSED] - return x: null

17-03-2025T06:46:24 - [TEST_STEP][PASSED] - tableB = Script1719551244403.NewDZO(x = tableB): null

17-03-2025T06:46:24 - [TEST_STEP][PASSED] - i3 = <not implemented yet for class: org.codehaus.groovy.ast.expr.EmptyExpression>: null

17-03-2025T06:46:24 - [TEST_STEP][PASSED] - i3 = x.indexOf("/") + 1: null

17-03-2025T06:46:24 - [TEST_STEP][PASSED] - x = x.substring(i3, x.length()): null

17-03-2025T06:46:24 - [TEST_STEP][PASSED] - return x: null

17-03-2025T06:46:24 - [TEST_STEP][PASSED] - tableB = Script1719551244403.NewDZO(x = tableB): null

17-03-2025T06:46:24 - [TEST_STEP][PASSED] - i3 = <not implemented yet for class: org.codehaus.groovy.ast.expr.EmptyExpression>: null

17-03-2025T06:46:24 - [TEST_STEP][PASSED] - i3 = x.indexOf("/") + 1: null

17-03-2025T06:46:24 - [TEST_STEP][PASSED] - x = x.substring(i3, x.length()): null

17-03-2025T06:46:24 - [TEST_STEP][PASSED] - return x: null

17-03-2025T06:46:24 - [TEST_STEP][PASSED] - tableB = Script1719551244403.NewDZO(x = tableB): null

17-03-2025T06:46:24 - [TEST_STEP][PASSED] - i3 = <not implemented yet for class: org.codehaus.groovy.ast.expr.EmptyExpression>: null

17-03-2025T06:46:24 - [TEST_STEP][PASSED] - i3 = x.indexOf("/") + 1: null

17-03-2025T06:46:24 - [TEST_STEP][PASSED] - x = x.substring(i3, x.length()): null

17-03-2025T06:46:24 - [TEST_STEP][PASSED] - return x: null

17-03-2025T06:46:24 - [TEST_STEP][PASSED] - tableB = Script1719551244403.NewDZO(x = tableB): null

17-03-2025T06:46:24 - [TEST_STEP][PASSED] - i3 = <not implemented yet for class: org.codehaus.groovy.ast.expr.EmptyExpression>: null

17-03-2025T06:46:24 - [TEST_STEP][PASSED] - i3 = x.indexOf("/") + 1: null

17-03-2025T06:46:24 - [TEST_STEP][PASSED] - x = x.substring(i3, x.length()): null

17-03-2025T06:46:24 - [TEST_STEP][PASSED] - return x: null

17-03-2025T06:46:24 - [TEST_STEP][PASSED] - tableB = Script1719551244403.NewDZO(x = tableB): null

17-03-2025T06:46:24 - [TEST_STEP][PASSED] - i3 = <not implemented yet for class: org.codehaus.groovy.ast.expr.EmptyExpression>: null

17-03-2025T06:46:24 - [TEST_STEP][PASSED] - i3 = x.indexOf("/") + 1: null

17-03-2025T06:46:24 - [TEST_STEP][PASSED] - x = x.substring(i3, x.length()): null

17-03-2025T06:46:24 - [TEST_STEP][PASSED] - return x: null

17-03-2025T06:46:24 - [TEST_STEP][PASSED] - tableB = Script1719551244403.NewDZO(x = tableB): null

17-03-2025T06:46:24 - [TEST_STEP][PASSED] - i3 = <not implemented yet for class: org.codehaus.groovy.ast.expr.EmptyExpression>: null

17-03-2025T06:46:24 - [TEST_STEP][PASSED] - i3 = x.indexOf("/") + 1: null

17-03-2025T06:46:24 - [TEST_STEP][PASSED] - x = x.substring(i3, x.length()): null

17-03-2025T06:46:24 - [TEST_STEP][PASSED] - return x: null

17-03-2025T06:46:24 - [TEST_STEP][PASSED] - i = tableB.indexOf("Тюмень"): null

17-03-2025T06:46:24 - [TEST_STEP][PASSED] - ToB = replaceAll("\p{P}", "").trim(): null

17-03-2025T06:46:24 - [TEST_STEP][PASSED] - println("ToB: " + ToB): null

17-03-2025T06:46:24 - [TEST_STEP][PASSED] - tableB = Script1719551244403.NewDZO(x = tableB): null

17-03-2025T06:46:24 - [TEST_STEP][PASSED] - i3 = <not implemented yet for class: org.codehaus.groovy.ast.expr.EmptyExpression>: null

17-03-2025T06:46:24 - [TEST_STEP][PASSED] - i3 = x.indexOf("/") + 1: null

17-03-2025T06:46:24 - [TEST_STEP][PASSED] - x = x.substring(i3, x.length()): null

17-03-2025T06:46:24 - [TEST_STEP][PASSED] - return x: null

17-03-2025T06:46:24 - [TEST_STEP][PASSED] - TyuB = replaceAll("\p{P}", "").trim(): null

17-03-2025T06:46:24 - [TEST_STEP][PASSED] - println("TyuB: " + TyuB): null

17-03-2025T06:46:24 - [TEST_STEP][PASSED] - tableB = Script1719551244403.NewDZO(x = tableB): null

17-03-2025T06:46:24 - [TEST_STEP][PASSED] - i3 = <not implemented yet for class: org.codehaus.groovy.ast.expr.EmptyExpression>: null

17-03-2025T06:46:24 - [TEST_STEP][PASSED] - i3 = x.indexOf("/") + 1: null

17-03-2025T06:46:24 - [TEST_STEP][PASSED] - x = x.substring(i3, x.length()): null

17-03-2025T06:46:24 - [TEST_STEP][PASSED] - return x: null

17-03-2025T06:46:24 - [TEST_STEP][PASSED] - i = tableB.indexOf("ЕЭС"): null

17-03-2025T06:46:24 - [TEST_STEP][PASSED] - UrB = replaceAll("\p{P}", "").trim(): null

17-03-2025T06:46:24 - [TEST_STEP][PASSED] - println("UrB: " + UrB): null

17-03-2025T06:46:24 - [TEST_STEP][PASSED] - for ([i = 1, i < 4, (i++)]): null

17-03-2025T06:46:24 - [TEST_STEP][PASSED] - tableB = Script1719551244403.NewDZO(x = tableB): null

17-03-2025T06:46:24 - [TEST_STEP][PASSED] - i3 = <not implemented yet for class: org.codehaus.groovy.ast.expr.EmptyExpression>: null

17-03-2025T06:46:24 - [TEST_STEP][PASSED] - i3 = x.indexOf("/") + 1: null

17-03-2025T06:46:24 - [TEST_STEP][PASSED] - x = x.substring(i3, x.length()): null

17-03-2025T06:46:24 - [TEST_STEP][PASSED] - return x: null

17-03-2025T06:46:24 - [TEST_STEP][PASSED] - tableB = Script1719551244403.NewDZO(x = tableB): null

17-03-2025T06:46:24 - [TEST_STEP][PASSED] - i3 = <not implemented yet for class: org.codehaus.groovy.ast.expr.EmptyExpression>: null

17-03-2025T06:46:24 - [TEST_STEP][PASSED] - i3 = x.indexOf("/") + 1: null

17-03-2025T06:46:24 - [TEST_STEP][PASSED] - x = x.substring(i3, x.length()): null

17-03-2025T06:46:24 - [TEST_STEP][PASSED] - return x: null

17-03-2025T06:46:24 - [TEST_STEP][PASSED] - tableB = Script1719551244403.NewDZO(x = tableB): null

17-03-2025T06:46:24 - [TEST_STEP][PASSED] - i3 = <not implemented yet for class: org.codehaus.groovy.ast.expr.EmptyExpression>: null

17-03-2025T06:46:24 - [TEST_STEP][PASSED] - i3 = x.indexOf("/") + 1: null

17-03-2025T06:46:24 - [TEST_STEP][PASSED] - x = x.substring(i3, x.length()): null

17-03-2025T06:46:24 - [TEST_STEP][PASSED] - return x: null

17-03-2025T06:46:24 - [TEST_STEP][PASSED] - i = tableB.indexOf("Центр"): null

17-03-2025T06:46:24 - [TEST_STEP][PASSED] - FSKB = replaceAll("\p{P}", "").trim(): null

17-03-2025T06:46:24 - [TEST_STEP][PASSED] - println("FSKB: " + FSKB): null

17-03-2025T06:46:24 - [TEST_STEP][PASSED] - tableB = Script1719551244403.NewDZO(x = tableB): null

17-03-2025T06:46:24 - [TEST_STEP][PASSED] - i3 = <not implemented yet for class: org.codehaus.groovy.ast.expr.EmptyExpression>: null

17-03-2025T06:46:24 - [TEST_STEP][PASSED] - i3 = x.indexOf("/") + 1: null

17-03-2025T06:46:24 - [TEST_STEP][PASSED] - x = x.substring(i3, x.length()): null

17-03-2025T06:46:24 - [TEST_STEP][PASSED] - return x: null

17-03-2025T06:46:24 - [TEST_STEP][PASSED] - i = tableB.indexOf("Приволжье"): null

17-03-2025T06:46:24 - [TEST_STEP][PASSED] - CenB = replaceAll("\p{P}", "").trim(): null

17-03-2025T06:46:24 - [TEST_STEP][PASSED] - println("CenB: " + CenB): null

17-03-2025T06:46:24 - [TEST_STEP][PASSED] - for ([i = 1, i < 12, (i++)]): null

17-03-2025T06:46:24 - [TEST_STEP][PASSED] - tableB = Script1719551244403.NewDZO(x = tableB): null

17-03-2025T06:46:24 - [TEST_STEP][PASSED] - i3 = <not implemented yet for class: org.codehaus.groovy.ast.expr.EmptyExpression>: null

17-03-2025T06:46:24 - [TEST_STEP][PASSED] - i3 = x.indexOf("/") + 1: null

17-03-2025T06:46:24 - [TEST_STEP][PASSED] - x = x.substring(i3, x.length()): null

17-03-2025T06:46:24 - [TEST_STEP][PASSED] - return x: null

17-03-2025T06:46:24 - [TEST_STEP][PASSED] - tableB = Script1719551244403.NewDZO(x = tableB): null

17-03-2025T06:46:24 - [TEST_STEP][PASSED] - i3 = <not implemented yet for class: org.codehaus.groovy.ast.expr.EmptyExpression>: null

17-03-2025T06:46:24 - [TEST_STEP][PASSED] - i3 = x.indexOf("/") + 1: null

17-03-2025T06:46:24 - [TEST_STEP][PASSED] - x = x.substring(i3, x.length()): null

17-03-2025T06:46:24 - [TEST_STEP][PASSED] - return x: null

17-03-2025T06:46:24 - [TEST_STEP][PASSED] - tableB = Script1719551244403.NewDZO(x = tableB): null

17-03-2025T06:46:24 - [TEST_STEP][PASSED] - i3 = <not implemented yet for class: org.codehaus.groovy.ast.expr.EmptyExpression>: null

17-03-2025T06:46:24 - [TEST_STEP][PASSED] - i3 = x.indexOf("/") + 1: null

17-03-2025T06:46:24 - [TEST_STEP][PASSED] - x = x.substring(i3, x.length()): null

17-03-2025T06:46:24 - [TEST_STEP][PASSED] - return x: null

17-03-2025T06:46:24 - [TEST_STEP][PASSED] - tableB = Script1719551244403.NewDZO(x = tableB): null

17-03-2025T06:46:24 - [TEST_STEP][PASSED] - i3 = <not implemented yet for class: org.codehaus.groovy.ast.expr.EmptyExpression>: null

17-03-2025T06:46:24 - [TEST_STEP][PASSED] - i3 = x.indexOf("/") + 1: null

17-03-2025T06:46:24 - [TEST_STEP][PASSED] - x = x.substring(i3, x.length()): null

17-03-2025T06:46:24 - [TEST_STEP][PASSED] - return x: null

17-03-2025T06:46:24 - [TEST_STEP][PASSED] - tableB = Script1719551244403.NewDZO(x = tableB): null

17-03-2025T06:46:24 - [TEST_STEP][PASSED] - i3 = <not implemented yet for class: org.codehaus.groovy.ast.expr.EmptyExpression>: null

17-03-2025T06:46:24 - [TEST_STEP][PASSED] - i3 = x.indexOf("/") + 1: null

17-03-2025T06:46:24 - [TEST_STEP][PASSED] - x = x.substring(i3, x.length()): null

17-03-2025T06:46:24 - [TEST_STEP][PASSED] - return x: null

17-03-2025T06:46:24 - [TEST_STEP][PASSED] - tableB = Script1719551244403.NewDZO(x = tableB): null

17-03-2025T06:46:24 - [TEST_STEP][PASSED] - i3 = <not implemented yet for class: org.codehaus.groovy.ast.expr.EmptyExpression>: null

17-03-2025T06:46:24 - [TEST_STEP][PASSED] - i3 = x.indexOf("/") + 1: null

17-03-2025T06:46:24 - [TEST_STEP][PASSED] - x = x.substring(i3, x.length()): null

17-03-2025T06:46:24 - [TEST_STEP][PASSED] - return x: null

17-03-2025T06:46:24 - [TEST_STEP][PASSED] - tableB = Script1719551244403.NewDZO(x = tableB): null

17-03-2025T06:46:24 - [TEST_STEP][PASSED] - i3 = <not implemented yet for class: org.codehaus.groovy.ast.expr.EmptyExpression>: null

17-03-2025T06:46:24 - [TEST_STEP][PASSED] - i3 = x.indexOf("/") + 1: null

17-03-2025T06:46:24 - [TEST_STEP][PASSED] - x = x.substring(i3, x.length()): null

17-03-2025T06:46:24 - [TEST_STEP][PASSED] - return x: null

17-03-2025T06:46:24 - [TEST_STEP][PASSED] - tableB = Script1719551244403.NewDZO(x = tableB): null

17-03-2025T06:46:24 - [TEST_STEP][PASSED] - i3 = <not implemented yet for class: org.codehaus.groovy.ast.expr.EmptyExpression>: null

17-03-2025T06:46:24 - [TEST_STEP][PASSED] - i3 = x.indexOf("/") + 1: null

17-03-2025T06:46:24 - [TEST_STEP][PASSED] - x = x.substring(i3, x.length()): null

17-03-2025T06:46:24 - [TEST_STEP][PASSED] - return x: null

17-03-2025T06:46:24 - [TEST_STEP][PASSED] - tableB = Script1719551244403.NewDZO(x = tableB): null

17-03-2025T06:46:24 - [TEST_STEP][PASSED] - i3 = <not implemented yet for class: org.codehaus.groovy.ast.expr.EmptyExpression>: null

17-03-2025T06:46:24 - [TEST_STEP][PASSED] - i3 = x.indexOf("/") + 1: null

17-03-2025T06:46:24 - [TEST_STEP][PASSED] - x = x.substring(i3, x.length()): null

17-03-2025T06:46:24 - [TEST_STEP][PASSED] - return x: null

17-03-2025T06:46:24 - [TEST_STEP][PASSED] - tableB = Script1719551244403.NewDZO(x = tableB): null

17-03-2025T06:46:24 - [TEST_STEP][PASSED] - i3 = <not implemented yet for class: org.codehaus.groovy.ast.expr.EmptyExpression>: null

17-03-2025T06:46:24 - [TEST_STEP][PASSED] - i3 = x.indexOf("/") + 1: null

17-03-2025T06:46:24 - [TEST_STEP][PASSED] - x = x.substring(i3, x.length()): null

17-03-2025T06:46:24 - [TEST_STEP][PASSED] - return x: null

17-03-2025T06:46:24 - [TEST_STEP][PASSED] - tableB = Script1719551244403.NewDZO(x = tableB): null

17-03-2025T06:46:24 - [TEST_STEP][PASSED] - i3 = <not implemented yet for class: org.codehaus.groovy.ast.expr.EmptyExpression>: null

17-03-2025T06:46:24 - [TEST_STEP][PASSED] - i3 = x.indexOf("/") + 1: null

17-03-2025T06:46:24 - [TEST_STEP][PASSED] - x = x.substring(i3, x.length()): null

17-03-2025T06:46:24 - [TEST_STEP][PASSED] - return x: null

17-03-2025T06:46:24 - [TEST_STEP][PASSED] - i = tableB.indexOf("Юг"): null

17-03-2025T06:46:24 - [TEST_STEP][PASSED] - CiPB = replaceAll("\p{P}", "").trim(): null

17-03-2025T06:46:24 - [TEST_STEP][PASSED] - println("CiPB: " + CiPB): null

17-03-2025T06:46:24 - [TEST_STEP][PASSED] - for ([i = 1, i < 10, (i++)]): null

17-03-2025T06:46:24 - [TEST_STEP][PASSED] - tableB = Script1719551244403.NewDZO(x = tableB): null

17-03-2025T06:46:24 - [TEST_STEP][PASSED] - i3 = <not implemented yet for class: org.codehaus.groovy.ast.expr.EmptyExpression>: null

17-03-2025T06:46:24 - [TEST_STEP][PASSED] - i3 = x.indexOf("/") + 1: null

17-03-2025T06:46:24 - [TEST_STEP][PASSED] - x = x.substring(i3, x.length()): null

17-03-2025T06:46:24 - [TEST_STEP][PASSED] - return x: null

17-03-2025T06:46:24 - [TEST_STEP][PASSED] - tableB = Script1719551244403.NewDZO(x = tableB): null

17-03-2025T06:46:24 - [TEST_STEP][PASSED] - i3 = <not implemented yet for class: org.codehaus.groovy.ast.expr.EmptyExpression>: null

17-03-2025T06:46:24 - [TEST_STEP][PASSED] - i3 = x.indexOf("/") + 1: null

17-03-2025T06:46:24 - [TEST_STEP][PASSED] - x = x.substring(i3, x.length()): null

17-03-2025T06:46:24 - [TEST_STEP][PASSED] - return x: null

17-03-2025T06:46:24 - [TEST_STEP][PASSED] - tableB = Script1719551244403.NewDZO(x = tableB): null

17-03-2025T06:46:24 - [TEST_STEP][PASSED] - i3 = <not implemented yet for class: org.codehaus.groovy.ast.expr.EmptyExpression>: null

17-03-2025T06:46:24 - [TEST_STEP][PASSED] - i3 = x.indexOf("/") + 1: null

17-03-2025T06:46:24 - [TEST_STEP][PASSED] - x = x.substring(i3, x.length()): null

17-03-2025T06:46:24 - [TEST_STEP][PASSED] - return x: null

17-03-2025T06:46:24 - [TEST_STEP][PASSED] - tableB = Script1719551244403.NewDZO(x = tableB): null

17-03-2025T06:46:24 - [TEST_STEP][PASSED] - i3 = <not implemented yet for class: org.codehaus.groovy.ast.expr.EmptyExpression>: null

17-03-2025T06:46:24 - [TEST_STEP][PASSED] - i3 = x.indexOf("/") + 1: null

17-03-2025T06:46:24 - [TEST_STEP][PASSED] - x = x.substring(i3, x.length()): null

17-03-2025T06:46:24 - [TEST_STEP][PASSED] - return x: null

17-03-2025T06:46:24 - [TEST_STEP][PASSED] - tableB = Script1719551244403.NewDZO(x = tableB): null

17-03-2025T06:46:24 - [TEST_STEP][PASSED] - i3 = <not implemented yet for class: org.codehaus.groovy.ast.expr.EmptyExpression>: null

17-03-2025T06:46:24 - [TEST_STEP][PASSED] - i3 = x.indexOf("/") + 1: null

17-03-2025T06:46:24 - [TEST_STEP][PASSED] - x = x.substring(i3, x.length()): null

17-03-2025T06:46:24 - [TEST_STEP][PASSED] - return x: null

17-03-2025T06:46:24 - [TEST_STEP][PASSED] - tableB = Script1719551244403.NewDZO(x = tableB): null

17-03-2025T06:46:24 - [TEST_STEP][PASSED] - i3 = <not implemented yet for class: org.codehaus.groovy.ast.expr.EmptyExpression>: null

17-03-2025T06:46:24 - [TEST_STEP][PASSED] - i3 = x.indexOf("/") + 1: null

17-03-2025T06:46:24 - [TEST_STEP][PASSED] - x = x.substring(i3, x.length()): null

17-03-2025T06:46:24 - [TEST_STEP][PASSED] - return x: null

17-03-2025T06:46:24 - [TEST_STEP][PASSED] - tableB = Script1719551244403.NewDZO(x = tableB): null

17-03-2025T06:46:24 - [TEST_STEP][PASSED] - i3 = <not implemented yet for class: org.codehaus.groovy.ast.expr.EmptyExpression>: null

17-03-2025T06:46:24 - [TEST_STEP][PASSED] - i3 = x.indexOf("/") + 1: null

17-03-2025T06:46:24 - [TEST_STEP][PASSED] - x = x.substring(i3, x.length()): null

17-03-2025T06:46:24 - [TEST_STEP][PASSED] - return x: null

17-03-2025T06:46:24 - [TEST_STEP][PASSED] - tableB = Script1719551244403.NewDZO(x = tableB): null

17-03-2025T06:46:24 - [TEST_STEP][PASSED] - i3 = <not implemented yet for class: org.codehaus.groovy.ast.expr.EmptyExpression>: null

17-03-2025T06:46:24 - [TEST_STEP][PASSED] - i3 = x.indexOf("/") + 1: null

17-03-2025T06:46:24 - [TEST_STEP][PASSED] - x = x.substring(i3, x.length()): null

17-03-2025T06:46:24 - [TEST_STEP][PASSED] - return x: null

17-03-2025T06:46:24 - [TEST_STEP][PASSED] - tableB = Script1719551244403.NewDZO(x = tableB): null

17-03-2025T06:46:24 - [TEST_STEP][PASSED] - i3 = <not implemented yet for class: org.codehaus.groovy.ast.expr.EmptyExpression>: null

17-03-2025T06:46:24 - [TEST_STEP][PASSED] - i3 = x.indexOf("/") + 1: null

17-03-2025T06:46:24 - [TEST_STEP][PASSED] - x = x.substring(i3, x.length()): null

17-03-2025T06:46:24 - [TEST_STEP][PASSED] - return x: null

17-03-2025T06:46:24 - [TEST_STEP][PASSED] - i = tableB.indexOf("Янтарь"): null

17-03-2025T06:46:24 - [TEST_STEP][PASSED] - UgB = replaceAll("\p{P}", "").trim(): null

17-03-2025T06:46:24 - [TEST_STEP][PASSED] - println("UgB: " + UgB): null

17-03-2025T06:46:24 - [TEST_STEP][PASSED] - i = tableB.lastIndexOf("/"): null

17-03-2025T06:46:24 - [TEST_STEP][PASSED] - YaB = replaceAll("\p{P}", "").trim(): null

17-03-2025T06:46:24 - [TEST_STEP][PASSED] - println("YaB: " + YaB): null

17-03-2025T06:46:24 - [TEST_STEP][PASSED] - vidget = "Отклонения выручки по факторам": null

17-03-2025T06:46:24 - [TEST_STEP][PASSED] - if (run == 2): null

17-03-2025T06:46:24 - [TEST_STEP][PASSED] - DZO = "АО «Тываэнерго»": null

17-03-2025T06:46:24 - [TEST_STEP][PASSED] - Script1719551244403.CompareDZO(x = TyA, y = TyB, run, typeOfData, otobrajeniyeDannyh, todaysDate, vidget, DZO): null

17-03-2025T06:46:24 - [TEST_STEP][PASSED] - x1 = x: null

17-03-2025T06:46:24 - [TEST_STEP][PASSED] - y1 = y: null

17-03-2025T06:46:24 - [TEST_STEP][PASSED] - i1 = <not implemented yet for class: org.codehaus.groovy.ast.expr.EmptyExpression>: null

17-03-2025T06:46:24 - [TEST_STEP][PASSED] - if (verifyEqual(x, y) == true): null

17-03-2025T06:46:24 - [MESSAGE][PASSED] - Actual object '76 3' and expected object '76 3' are equal

17-03-2025T06:46:24 - [TEST_STEP][PASSED] - DZO = "АО «Чеченэнерго»": null

17-03-2025T06:46:24 - [TEST_STEP][PASSED] - Script1719551244403.CompareDZO(x = ChA, y = ChB, run, typeOfData, otobrajeniyeDannyh, todaysDate, vidget, DZO): null

17-03-2025T06:46:24 - [TEST_STEP][PASSED] - x1 = x: null

17-03-2025T06:46:24 - [TEST_STEP][PASSED] - y1 = y: null

17-03-2025T06:46:24 - [TEST_STEP][PASSED] - i1 = <not implemented yet for class: org.codehaus.groovy.ast.expr.EmptyExpression>: null

17-03-2025T06:46:24 - [TEST_STEP][PASSED] - if (verifyEqual(x, y) == true): null

17-03-2025T06:46:24 - [MESSAGE][PASSED] - Actual object '19 4' and expected object '19 4' are equal

17-03-2025T06:46:24 - [TEST_STEP][PASSED] - DZO = "Россети Волга": null

17-03-2025T06:46:24 - [TEST_STEP][PASSED] - Script1719551244403.CompareDZO(x = VA, y = VB, run, typeOfData, otobrajeniyeDannyh, todaysDate, vidget, DZO): null

17-03-2025T06:46:24 - [TEST_STEP][PASSED] - x1 = x: null

17-03-2025T06:46:24 - [TEST_STEP][PASSED] - y1 = y: null

17-03-2025T06:46:24 - [TEST_STEP][PASSED] - i1 = <not implemented yet for class: org.codehaus.groovy.ast.expr.EmptyExpression>: null

17-03-2025T06:46:24 - [TEST_STEP][PASSED] - if (verifyEqual(x, y) == true): null

17-03-2025T06:46:24 - [MESSAGE][PASSED] - Actual object '35 48    150 6 62 9 35 1  78 142  77 49  14 6 4 12' and expected object '35 48    150 6 62 9 35 1  78 142  77 49  14 6 4 12' are equal

17-03-2025T06:46:24 - [TEST_STEP][PASSED] - DZO = "Россети Кубань": null

17-03-2025T06:46:24 - [TEST_STEP][PASSED] - Script1719551244403.CompareDZO(x = KuA, y = KuB, run, typeOfData, otobrajeniyeDannyh, todaysDate, vidget, DZO): null

17-03-2025T06:46:24 - [TEST_STEP][PASSED] - x1 = x: null

17-03-2025T06:46:24 - [TEST_STEP][PASSED] - y1 = y: null

17-03-2025T06:46:24 - [TEST_STEP][PASSED] - i1 = <not implemented yet for class: org.codehaus.groovy.ast.expr.EmptyExpression>: null

17-03-2025T06:46:24 - [TEST_STEP][PASSED] - if (verifyEqual(x, y) == true): null

17-03-2025T06:46:24 - [MESSAGE][PASSED] - Actual object '4 12' and expected object '4 12' are equal

17-03-2025T06:46:24 - [TEST_STEP][PASSED] - DZO = "Московский регион": null

17-03-2025T06:46:24 - [TEST_STEP][PASSED] - Script1719551244403.CompareDZO(x = MosA, y = MosB, run, typeOfData, otobrajeniyeDannyh, todaysDate, vidget, DZO): null

17-03-2025T06:46:24 - [TEST_STEP][PASSED] - x1 = x: null

17-03-2025T06:46:24 - [TEST_STEP][PASSED] - y1 = y: null

17-03-2025T06:46:24 - [TEST_STEP][PASSED] - i1 = <not implemented yet for class: org.codehaus.groovy.ast.expr.EmptyExpression>: null

17-03-2025T06:46:24 - [TEST_STEP][PASSED] - if (verifyEqual(x, y) == true): null

17-03-2025T06:46:24 - [MESSAGE][PASSED] - Actual object '291 12      780 53   195 5' and expected object '291 12      780 53   195 5' are equal

17-03-2025T06:46:24 - [TEST_STEP][PASSED] - DZO = "Россети Ленэнерго (ГК)": null

17-03-2025T06:46:24 - [TEST_STEP][PASSED] - Script1719551244403.CompareDZO(x = LenA, y = LenB, run, typeOfData, otobrajeniyeDannyh, todaysDate, vidget, DZO): null

17-03-2025T06:46:24 - [TEST_STEP][PASSED] - x1 = x: null

17-03-2025T06:46:24 - [TEST_STEP][PASSED] - y1 = y: null

17-03-2025T06:46:24 - [TEST_STEP][PASSED] - i1 = <not implemented yet for class: org.codehaus.groovy.ast.expr.EmptyExpression>: null

17-03-2025T06:46:24 - [TEST_STEP][PASSED] - if (verifyEqual(x, y) == true): null

17-03-2025T06:46:24 - [MESSAGE][PASSED] - Actual object '341 287      311 187   291 12' and expected object '341 287      311 187   291 12' are equal

17-03-2025T06:46:24 - [TEST_STEP][PASSED] - DZO = "Россети Северный Кавказ (ГК)": null

17-03-2025T06:46:24 - [TEST_STEP][PASSED] - Script1719551244403.CompareDZO(x = SKA, y = SKB, run, typeOfData, otobrajeniyeDannyh, todaysDate, vidget, DZO): null

17-03-2025T06:46:24 - [TEST_STEP][PASSED] - x1 = x: null

17-03-2025T06:46:24 - [TEST_STEP][PASSED] - y1 = y: null

17-03-2025T06:46:24 - [TEST_STEP][PASSED] - i1 = <not implemented yet for class: org.codehaus.groovy.ast.expr.EmptyExpression>: null

17-03-2025T06:46:24 - [TEST_STEP][PASSED] - if (verifyEqual(x, y) == true): null

17-03-2025T06:46:24 - [MESSAGE][PASSED] - Actual object '195 5      238 48 60 14 20 4 10  109  121 10 68 28' and expected object '195 5      238 48 60 14 20 4 10  109  121 10 68 28' are equal

17-03-2025T06:46:24 - [TEST_STEP][PASSED] - DZO = "Россети Северо-Запад": null

17-03-2025T06:46:24 - [TEST_STEP][PASSED] - Script1719551244403.CompareDZO(x = SZA, y = SZB, run, typeOfData, otobrajeniyeDannyh, todaysDate, vidget, DZO): null

17-03-2025T06:46:24 - [TEST_STEP][PASSED] - x1 = x: null

17-03-2025T06:46:24 - [TEST_STEP][PASSED] - y1 = y: null

17-03-2025T06:46:24 - [TEST_STEP][PASSED] - i1 = <not implemented yet for class: org.codehaus.groovy.ast.expr.EmptyExpression>: null

17-03-2025T06:46:24 - [TEST_STEP][PASSED] - if (verifyEqual(x, y) == true): null

17-03-2025T06:46:24 - [MESSAGE][PASSED] - Actual object '68 28    52 21  40 10  50 15  20 17  49 0  48 13    53 9' and expected object '68 28    52 21  40 10  50 15  20 17  49 0  48 13    53 9' are equal

17-03-2025T06:46:24 - [TEST_STEP][PASSED] - DZO = "Россети Сибирь (ГК)": null

17-03-2025T06:46:24 - [TEST_STEP][PASSED] - Script1719551244403.CompareDZO(x = SiA, y = SiB, run, typeOfData, otobrajeniyeDannyh, todaysDate, vidget, DZO): null

17-03-2025T06:46:24 - [TEST_STEP][PASSED] - x1 = x: null

17-03-2025T06:46:24 - [TEST_STEP][PASSED] - y1 = y: null

17-03-2025T06:46:24 - [TEST_STEP][PASSED] - i1 = <not implemented yet for class: org.codehaus.groovy.ast.expr.EmptyExpression>: null

17-03-2025T06:46:24 - [TEST_STEP][PASSED] - if (verifyEqual(x, y) == true): null

17-03-2025T06:46:24 - [MESSAGE][PASSED] - Actual object '53 9    39 16 10 7 9 2 117 4 37 147 2 21 10 12 1 25' and expected object '53 9    39 16 10 7 9 2 117 4 37 147 2 21 10 12 1 25' are equal

17-03-2025T06:46:24 - [TEST_STEP][PASSED] - DZO = "Россети Томск": null

17-03-2025T06:46:24 - [TEST_STEP][PASSED] - Script1719551244403.CompareDZO(x = ToA, y = ToB, run, typeOfData, otobrajeniyeDannyh, todaysDate, vidget, DZO): null

17-03-2025T06:46:24 - [TEST_STEP][PASSED] - x1 = x: null

17-03-2025T06:46:24 - [TEST_STEP][PASSED] - y1 = y: null

17-03-2025T06:46:24 - [TEST_STEP][PASSED] - i1 = <not implemented yet for class: org.codehaus.groovy.ast.expr.EmptyExpression>: null

17-03-2025T06:46:24 - [TEST_STEP][PASSED] - if (verifyEqual(x, y) == true): null

17-03-2025T06:46:24 - [MESSAGE][PASSED] - Actual object '1 25     62 5' and expected object '1 25     62 5' are equal

17-03-2025T06:46:24 - [TEST_STEP][PASSED] - DZO = "Россети Тюмень": null

17-03-2025T06:46:24 - [TEST_STEP][PASSED] - Script1719551244403.CompareDZO(x = TyuA, y = TyuB, run, typeOfData, otobrajeniyeDannyh, todaysDate, vidget, DZO): null

17-03-2025T06:46:24 - [TEST_STEP][PASSED] - x1 = x: null

17-03-2025T06:46:24 - [TEST_STEP][PASSED] - y1 = y: null

17-03-2025T06:46:24 - [TEST_STEP][PASSED] - i1 = <not implemented yet for class: org.codehaus.groovy.ast.expr.EmptyExpression>: null

17-03-2025T06:46:24 - [TEST_STEP][PASSED] - if (verifyEqual(x, y) == true): null

17-03-2025T06:46:24 - [MESSAGE][PASSED] - Actual object '62 5' and expected object '62 5' are equal

17-03-2025T06:46:24 - [TEST_STEP][PASSED] - DZO = "Россети Урал (ГК)": null

17-03-2025T06:46:24 - [TEST_STEP][PASSED] - Script1719551244403.CompareDZO(x = UrA, y = UrB, run, typeOfData, otobrajeniyeDannyh, todaysDate, vidget, DZO): null

17-03-2025T06:46:24 - [TEST_STEP][PASSED] - x1 = x: null

17-03-2025T06:46:24 - [TEST_STEP][PASSED] - y1 = y: null

17-03-2025T06:46:24 - [TEST_STEP][PASSED] - i1 = <not implemented yet for class: org.codehaus.groovy.ast.expr.EmptyExpression>: null

17-03-2025T06:46:24 - [TEST_STEP][PASSED] - if (verifyEqual(x, y) == true): null

17-03-2025T06:46:24 - [MESSAGE][PASSED] - Actual object '986  117     187 5  152 4  141 5' and expected object '986  117     187 5  152 4  141 5' are equal

17-03-2025T06:46:24 - [TEST_STEP][PASSED] - DZO = "Россети ФСК ЕЭС": null

17-03-2025T06:46:24 - [TEST_STEP][PASSED] - Script1719551244403.CompareDZO(x = FSKA, y = FSKB, run, typeOfData, otobrajeniyeDannyh, todaysDate, vidget, DZO): null

17-03-2025T06:46:24 - [TEST_STEP][PASSED] - x1 = x: null

17-03-2025T06:46:24 - [TEST_STEP][PASSED] - y1 = y: null

17-03-2025T06:46:24 - [TEST_STEP][PASSED] - i1 = <not implemented yet for class: org.codehaus.groovy.ast.expr.EmptyExpression>: null

17-03-2025T06:46:24 - [TEST_STEP][PASSED] - if (verifyEqual(x, y) == true): null

17-03-2025T06:46:24 - [MESSAGE][PASSED] - Actual object '141 5        311 252' and expected object '141 5        311 252' are equal

17-03-2025T06:46:24 - [TEST_STEP][PASSED] - DZO = "Центр": null

17-03-2025T06:46:24 - [TEST_STEP][PASSED] - Script1719551244403.CompareDZO(x = CenA, y = CenB, run, typeOfData, otobrajeniyeDannyh, todaysDate, vidget, DZO): null

17-03-2025T06:46:24 - [TEST_STEP][PASSED] - x1 = x: null

17-03-2025T06:46:24 - [TEST_STEP][PASSED] - y1 = y: null

17-03-2025T06:46:24 - [TEST_STEP][PASSED] - i1 = <not implemented yet for class: org.codehaus.groovy.ast.expr.EmptyExpression>: null

17-03-2025T06:46:24 - [TEST_STEP][FAILED] - if (verifyEqual(x, y) == true): Unable to verify equal between actual object '311 252   85 14 50 8 98 2 42 3 32 8 79 20 40 5 52 7 25 5  133 0 60 7' and expected object '311 252   85 14 50 8 98 2 42 3 32 8 79 20 40 5 52 7 25 5  133 0 60 6' (Root cause: com.kms.katalon.core.exception.StepFailedException: Actual object '311 252   85 14 50 8 98 2 42 3 32 8 79 20 40 5 52 7 25 5  133 0 60 7' and expected object '311 252   85 14 50 8 98 2 42 3 32 8 79 20 40 5 52 7 25 5  133 0 60 6' are not equal
	at com.kms.katalon.core.keyword.builtin.VerifyEqualKeyword$_verifyEqual_closure1.doCall(VerifyEqualKeyword.groovy:58)
	at com.kms.katalon.core.keyword.builtin.VerifyEqualKeyword$_verifyEqual_closure1.call(VerifyEqualKeyword.groovy)
	at com.kms.katalon.core.keyword.internal.KeywordMain.runKeyword(KeywordMain.groovy:75)
	at com.kms.katalon.core.keyword.builtin.VerifyEqualKeyword.verifyEqual(VerifyEqualKeyword.groovy:63)
	at com.kms.katalon.core.keyword.builtin.VerifyEqualKeyword.execute(VerifyEqualKeyword.groovy:44)
	at com.kms.katalon.core.keyword.internal.KeywordExecutor.executeKeywordForPlatform(KeywordExecutor.groovy:74)
	at com.kms.katalon.core.keyword.BuiltinKeywords.verifyEqual(BuiltinKeywords.groovy:146)
	at jdk.internal.reflect.GeneratedMethodAccessor23.invoke(Unknown Source)
	at java.base/jdk.internal.reflect.DelegatingMethodAccessorImpl.invoke(DelegatingMethodAccessorImpl.java:43)
	at Факторный анализ сверка дашбордов.CompareDZO(Факторный анализ сверка дашбордов:675)
	at Факторный анализ сверка дашбордов.Test(Факторный анализ сверка дашбордов:637)
	at Факторный анализ сверка дашбордов.run(Факторный анализ сверка дашбордов:44)
	at com.kms.katalon.core.main.ScriptEngine.run(ScriptEngine.java:194)
	at com.kms.katalon.core.main.ScriptEngine.runScriptAsRawText(ScriptEngine.java:119)
	at com.kms.katalon.core.main.TestCaseExecutor.runScript(TestCaseExecutor.java:448)
	at com.kms.katalon.core.main.TestCaseExecutor.doExecute(TestCaseExecutor.java:439)
	at com.kms.katalon.core.main.TestCaseExecutor.processExecutionPhase(TestCaseExecutor.java:418)
	at com.kms.katalon.core.main.TestCaseExecutor.accessMainPhase(TestCaseExecutor.java:410)
	at com.kms.katalon.core.main.TestCaseExecutor.execute(TestCaseExecutor.java:285)
	at com.kms.katalon.core.common.CommonExecutor.accessTestCaseMainPhase(CommonExecutor.java:65)
	at com.kms.katalon.core.main.TestSuiteExecutor.accessTestSuiteMainPhase(TestSuiteExecutor.java:150)
	at com.kms.katalon.core.main.TestSuiteExecutor.execute(TestSuiteExecutor.java:106)
	at com.kms.katalon.core.main.TestCaseMain.startTestSuite(TestCaseMain.java:180)
	at TempTestSuite1742171011514.run(TempTestSuite1742171011514.groovy:35)
	at java.base/jdk.internal.reflect.NativeMethodAccessorImpl.invoke0(Native Method)
	at java.base/jdk.internal.reflect.NativeMethodAccessorImpl.invoke(NativeMethodAccessorImpl.java:77)
	at java.base/jdk.internal.reflect.DelegatingMethodAccessorImpl.invoke(DelegatingMethodAccessorImpl.java:43)
)

17-03-2025T06:46:24 - [MESSAGE][FAILED] - Unable to verify equal between actual object '311 252   85 14 50 8 98 2 42 3 32 8 79 20 40 5 52 7 25 5  133 0 60 7' and expected object '311 252   85 14 50 8 98 2 42 3 32 8 79 20 40 5 52 7 25 5  133 0 60 6' (Root cause: com.kms.katalon.core.exception.StepFailedException: Actual object '311 252   85 14 50 8 98 2 42 3 32 8 79 20 40 5 52 7 25 5  133 0 60 7' and expected object '311 252   85 14 50 8 98 2 42 3 32 8 79 20 40 5 52 7 25 5  133 0 60 6' are not equal
	at com.kms.katalon.core.keyword.builtin.VerifyEqualKeyword$_verifyEqual_closure1.doCall(VerifyEqualKeyword.groovy:58)
	at com.kms.katalon.core.keyword.builtin.VerifyEqualKeyword$_verifyEqual_closure1.call(VerifyEqualKeyword.groovy)
	at com.kms.katalon.core.keyword.internal.KeywordMain.runKeyword(KeywordMain.groovy:75)
	at com.kms.katalon.core.keyword.builtin.VerifyEqualKeyword.verifyEqual(VerifyEqualKeyword.groovy:63)
	at com.kms.katalon.core.keyword.builtin.VerifyEqualKeyword.execute(VerifyEqualKeyword.groovy:44)
	at com.kms.katalon.core.keyword.internal.KeywordExecutor.executeKeywordForPlatform(KeywordExecutor.groovy:74)
	at com.kms.katalon.core.keyword.BuiltinKeywords.verifyEqual(BuiltinKeywords.groovy:146)
	at jdk.internal.reflect.GeneratedMethodAccessor23.invoke(Unknown Source)
	at java.base/jdk.internal.reflect.DelegatingMethodAccessorImpl.invoke(DelegatingMethodAccessorImpl.java:43)
	at Факторный анализ сверка дашбордов.CompareDZO(Факторный анализ сверка дашбордов:675)
	at Факторный анализ сверка дашбордов.Test(Факторный анализ сверка дашбордов:637)
	at Факторный анализ сверка дашбордов.run(Факторный анализ сверка дашбордов:44)
	at com.kms.katalon.core.main.ScriptEngine.run(ScriptEngine.java:194)
	at com.kms.katalon.core.main.ScriptEngine.runScriptAsRawText(ScriptEngine.java:119)
	at com.kms.katalon.core.main.TestCaseExecutor.runScript(TestCaseExecutor.java:448)
	at com.kms.katalon.core.main.TestCaseExecutor.doExecute(TestCaseExecutor.java:439)
	at com.kms.katalon.core.main.TestCaseExecutor.processExecutionPhase(TestCaseExecutor.java:418)
	at com.kms.katalon.core.main.TestCaseExecutor.accessMainPhase(TestCaseExecutor.java:410)
	at com.kms.katalon.core.main.TestCaseExecutor.execute(TestCaseExecutor.java:285)
	at com.kms.katalon.core.common.CommonExecutor.accessTestCaseMainPhase(CommonExecutor.java:65)
	at com.kms.katalon.core.main.TestSuiteExecutor.accessTestSuiteMainPhase(TestSuiteExecutor.java:150)
	at com.kms.katalon.core.main.TestSuiteExecutor.execute(TestSuiteExecutor.java:106)
	at com.kms.katalon.core.main.TestCaseMain.startTestSuite(TestCaseMain.java:180)
	at TempTestSuite1742171011514.run(TempTestSuite1742171011514.groovy:35)
	at java.base/jdk.internal.reflect.NativeMethodAccessorImpl.invoke0(Native Method)
	at java.base/jdk.internal.reflect.NativeMethodAccessorImpl.invoke(NativeMethodAccessorImpl.java:77)
	at java.base/jdk.internal.reflect.DelegatingMethodAccessorImpl.invoke(DelegatingMethodAccessorImpl.java:43)
)

17-03-2025T06:46:24 - [TEST_STEP][PASSED] - else: null

17-03-2025T06:46:24 - [TEST_STEP][PASSED] - otobrajeniyeDannyh = "Все": null

17-03-2025T06:46:24 - [TEST_STEP][PASSED] - vidget = "Всего отклонения по факторам": null

17-03-2025T06:46:24 - [TEST_STEP][PASSED] - Script1719551244403.WriteToExcel(todaysDate, typeOfData, otobrajeniyeDannyh, x, y, vidget, DZO): null

17-03-2025T06:46:24 - [TEST_STEP][PASSED] - sheetName = "Sheet1": null

17-03-2025T06:46:24 - [TEST_STEP][PASSED] - data = findTestData("PlanFact"): null

17-03-2025T06:46:24 - [TEST_STEP][PASSED] - n = data.getRowNumbers() + 1: null

17-03-2025T06:46:24 - [TEST_STEP][PASSED] - period = getText(findTestObject("Факторный анализ/Фильтр Период")): Text of object 'Object Repository/Факторный анализ/Фильтр Период' is: 'Январь 2025 года'

17-03-2025T06:46:24 - [MESSAGE][PASSED] - Text of object 'Object Repository/Факторный анализ/Фильтр Период' is: 'Январь 2025 года'

17-03-2025T06:46:24 - [TEST_STEP][PASSED] - println(period): null

17-03-2025T06:46:24 - [TEST_STEP][PASSED] - dashboardName = "Факторный анализ": null

17-03-2025T06:46:24 - [TEST_STEP][PASSED] - workbook01 = getWorkbook(excelFilePath): null

17-03-2025T06:46:24 - [TEST_STEP][PASSED] - sheet01 = getExcelSheet(workbook01, sheetName): null

17-03-2025T06:46:24 - [TEST_STEP][PASSED] - setValueToCellByIndex(sheet01, n, 0, dashboardName): null

17-03-2025T06:46:24 - [TEST_STEP][PASSED] - setValueToCellByIndex(sheet01, n, 1, DZO): null

17-03-2025T06:46:24 - [TEST_STEP][PASSED] - setValueToCellByIndex(sheet01, n, 2, vidget): null

17-03-2025T06:46:24 - [TEST_STEP][PASSED] - setValueToCellByIndex(sheet01, n, 3, typeOfData): null

17-03-2025T06:46:24 - [TEST_STEP][PASSED] - setValueToCellByIndex(sheet01, n, 4, otobrajeniyeDannyh): null

17-03-2025T06:46:24 - [TEST_STEP][PASSED] - setValueToCellByIndex(sheet01, n, 5, period): null

17-03-2025T06:46:24 - [TEST_STEP][PASSED] - setValueToCellByIndex(sheet01, n, 6, todaysDate): null

17-03-2025T06:46:24 - [TEST_STEP][PASSED] - n = n + 1: null

17-03-2025T06:46:24 - [TEST_STEP][PASSED] - saveWorkbook(excelFilePath, workbook01): null

17-03-2025T06:46:24 - [TEST_STEP][PASSED] - DZO = "Центр и Приволжье (ГК)": null

17-03-2025T06:46:24 - [TEST_STEP][PASSED] - Script1719551244403.CompareDZO(x = CiPA, y = CiPB, run, typeOfData, otobrajeniyeDannyh, todaysDate, vidget, DZO): null

17-03-2025T06:46:24 - [TEST_STEP][PASSED] - x1 = x: null

17-03-2025T06:46:24 - [TEST_STEP][PASSED] - y1 = y: null

17-03-2025T06:46:24 - [TEST_STEP][PASSED] - i1 = <not implemented yet for class: org.codehaus.groovy.ast.expr.EmptyExpression>: null

17-03-2025T06:46:24 - [TEST_STEP][FAILED] - if (verifyEqual(x, y) == true): Unable to verify equal between actual object '60 7       134 19 16 6 73 20 51 3 10 9  171 4 93 1 82 7 55 60' and expected object '60 6       134 19 16 6 73 20 51 3 10 9  171 4 93 1 82 7 55 60' (Root cause: com.kms.katalon.core.exception.StepFailedException: Actual object '60 7       134 19 16 6 73 20 51 3 10 9  171 4 93 1 82 7 55 60' and expected object '60 6       134 19 16 6 73 20 51 3 10 9  171 4 93 1 82 7 55 60' are not equal
	at com.kms.katalon.core.keyword.builtin.VerifyEqualKeyword$_verifyEqual_closure1.doCall(VerifyEqualKeyword.groovy:58)
	at com.kms.katalon.core.keyword.builtin.VerifyEqualKeyword$_verifyEqual_closure1.call(VerifyEqualKeyword.groovy)
	at com.kms.katalon.core.keyword.internal.KeywordMain.runKeyword(KeywordMain.groovy:75)
	at com.kms.katalon.core.keyword.builtin.VerifyEqualKeyword.verifyEqual(VerifyEqualKeyword.groovy:63)
	at com.kms.katalon.core.keyword.builtin.VerifyEqualKeyword.execute(VerifyEqualKeyword.groovy:44)
	at com.kms.katalon.core.keyword.internal.KeywordExecutor.executeKeywordForPlatform(KeywordExecutor.groovy:74)
	at com.kms.katalon.core.keyword.BuiltinKeywords.verifyEqual(BuiltinKeywords.groovy:146)
	at jdk.internal.reflect.GeneratedMethodAccessor23.invoke(Unknown Source)
	at java.base/jdk.internal.reflect.DelegatingMethodAccessorImpl.invoke(DelegatingMethodAccessorImpl.java:43)
	at Факторный анализ сверка дашбордов.CompareDZO(Факторный анализ сверка дашбордов:675)
	at Факторный анализ сверка дашбордов.Test(Факторный анализ сверка дашбордов:641)
	at Факторный анализ сверка дашбордов.run(Факторный анализ сверка дашбордов:44)
	at com.kms.katalon.core.main.ScriptEngine.run(ScriptEngine.java:194)
	at com.kms.katalon.core.main.ScriptEngine.runScriptAsRawText(ScriptEngine.java:119)
	at com.kms.katalon.core.main.TestCaseExecutor.runScript(TestCaseExecutor.java:448)
	at com.kms.katalon.core.main.TestCaseExecutor.doExecute(TestCaseExecutor.java:439)
	at com.kms.katalon.core.main.TestCaseExecutor.processExecutionPhase(TestCaseExecutor.java:418)
	at com.kms.katalon.core.main.TestCaseExecutor.accessMainPhase(TestCaseExecutor.java:410)
	at com.kms.katalon.core.main.TestCaseExecutor.execute(TestCaseExecutor.java:285)
	at com.kms.katalon.core.common.CommonExecutor.accessTestCaseMainPhase(CommonExecutor.java:65)
	at com.kms.katalon.core.main.TestSuiteExecutor.accessTestSuiteMainPhase(TestSuiteExecutor.java:150)
	at com.kms.katalon.core.main.TestSuiteExecutor.execute(TestSuiteExecutor.java:106)
	at com.kms.katalon.core.main.TestCaseMain.startTestSuite(TestCaseMain.java:180)
	at TempTestSuite1742171011514.run(TempTestSuite1742171011514.groovy:35)
	at java.base/jdk.internal.reflect.NativeMethodAccessorImpl.invoke0(Native Method)
	at java.base/jdk.internal.reflect.NativeMethodAccessorImpl.invoke(NativeMethodAccessorImpl.java:77)
	at java.base/jdk.internal.reflect.DelegatingMethodAccessorImpl.invoke(DelegatingMethodAccessorImpl.java:43)
)

17-03-2025T06:46:24 - [MESSAGE][FAILED] - Unable to verify equal between actual object '60 7       134 19 16 6 73 20 51 3 10 9  171 4 93 1 82 7 55 60' and expected object '60 6       134 19 16 6 73 20 51 3 10 9  171 4 93 1 82 7 55 60' (Root cause: com.kms.katalon.core.exception.StepFailedException: Actual object '60 7       134 19 16 6 73 20 51 3 10 9  171 4 93 1 82 7 55 60' and expected object '60 6       134 19 16 6 73 20 51 3 10 9  171 4 93 1 82 7 55 60' are not equal
	at com.kms.katalon.core.keyword.builtin.VerifyEqualKeyword$_verifyEqual_closure1.doCall(VerifyEqualKeyword.groovy:58)
	at com.kms.katalon.core.keyword.builtin.VerifyEqualKeyword$_verifyEqual_closure1.call(VerifyEqualKeyword.groovy)
	at com.kms.katalon.core.keyword.internal.KeywordMain.runKeyword(KeywordMain.groovy:75)
	at com.kms.katalon.core.keyword.builtin.VerifyEqualKeyword.verifyEqual(VerifyEqualKeyword.groovy:63)
	at com.kms.katalon.core.keyword.builtin.VerifyEqualKeyword.execute(VerifyEqualKeyword.groovy:44)
	at com.kms.katalon.core.keyword.internal.KeywordExecutor.executeKeywordForPlatform(KeywordExecutor.groovy:74)
	at com.kms.katalon.core.keyword.BuiltinKeywords.verifyEqual(BuiltinKeywords.groovy:146)
	at jdk.internal.reflect.GeneratedMethodAccessor23.invoke(Unknown Source)
	at java.base/jdk.internal.reflect.DelegatingMethodAccessorImpl.invoke(DelegatingMethodAccessorImpl.java:43)
	at Факторный анализ сверка дашбордов.CompareDZO(Факторный анализ сверка дашбордов:675)
	at Факторный анализ сверка дашбордов.Test(Факторный анализ сверка дашбордов:641)
	at Факторный анализ сверка дашбордов.run(Факторный анализ сверка дашбордов:44)
	at com.kms.katalon.core.main.ScriptEngine.run(ScriptEngine.java:194)
	at com.kms.katalon.core.main.ScriptEngine.runScriptAsRawText(ScriptEngine.java:119)
	at com.kms.katalon.core.main.TestCaseExecutor.runScript(TestCaseExecutor.java:448)
	at com.kms.katalon.core.main.TestCaseExecutor.doExecute(TestCaseExecutor.java:439)
	at com.kms.katalon.core.main.TestCaseExecutor.processExecutionPhase(TestCaseExecutor.java:418)
	at com.kms.katalon.core.main.TestCaseExecutor.accessMainPhase(TestCaseExecutor.java:410)
	at com.kms.katalon.core.main.TestCaseExecutor.execute(TestCaseExecutor.java:285)
	at com.kms.katalon.core.common.CommonExecutor.accessTestCaseMainPhase(CommonExecutor.java:65)
	at com.kms.katalon.core.main.TestSuiteExecutor.accessTestSuiteMainPhase(TestSuiteExecutor.java:150)
	at com.kms.katalon.core.main.TestSuiteExecutor.execute(TestSuiteExecutor.java:106)
	at com.kms.katalon.core.main.TestCaseMain.startTestSuite(TestCaseMain.java:180)
	at TempTestSuite1742171011514.run(TempTestSuite1742171011514.groovy:35)
	at java.base/jdk.internal.reflect.NativeMethodAccessorImpl.invoke0(Native Method)
	at java.base/jdk.internal.reflect.NativeMethodAccessorImpl.invoke(NativeMethodAccessorImpl.java:77)
	at java.base/jdk.internal.reflect.DelegatingMethodAccessorImpl.invoke(DelegatingMethodAccessorImpl.java:43)
)

17-03-2025T06:46:24 - [TEST_STEP][PASSED] - else: null

17-03-2025T06:46:24 - [TEST_STEP][PASSED] - otobrajeniyeDannyh = "Все": null

17-03-2025T06:46:24 - [TEST_STEP][PASSED] - vidget = "Всего отклонения по факторам": null

17-03-2025T06:46:24 - [TEST_STEP][PASSED] - Script1719551244403.WriteToExcel(todaysDate, typeOfData, otobrajeniyeDannyh, x, y, vidget, DZO): null

17-03-2025T06:46:24 - [TEST_STEP][PASSED] - sheetName = "Sheet1": null

17-03-2025T06:46:24 - [TEST_STEP][PASSED] - data = findTestData("PlanFact"): null

17-03-2025T06:46:25 - [TEST_STEP][PASSED] - n = data.getRowNumbers() + 1: null

17-03-2025T06:46:25 - [TEST_STEP][PASSED] - period = getText(findTestObject("Факторный анализ/Фильтр Период")): Text of object 'Object Repository/Факторный анализ/Фильтр Период' is: 'Январь 2025 года'

17-03-2025T06:46:25 - [MESSAGE][PASSED] - Text of object 'Object Repository/Факторный анализ/Фильтр Период' is: 'Январь 2025 года'

17-03-2025T06:46:25 - [TEST_STEP][PASSED] - println(period): null

17-03-2025T06:46:25 - [TEST_STEP][PASSED] - dashboardName = "Факторный анализ": null

17-03-2025T06:46:25 - [TEST_STEP][PASSED] - workbook01 = getWorkbook(excelFilePath): null

17-03-2025T06:46:25 - [TEST_STEP][PASSED] - sheet01 = getExcelSheet(workbook01, sheetName): null

17-03-2025T06:46:25 - [TEST_STEP][PASSED] - setValueToCellByIndex(sheet01, n, 0, dashboardName): null

17-03-2025T06:46:25 - [TEST_STEP][PASSED] - setValueToCellByIndex(sheet01, n, 1, DZO): null

17-03-2025T06:46:25 - [TEST_STEP][PASSED] - setValueToCellByIndex(sheet01, n, 2, vidget): null

17-03-2025T06:46:25 - [TEST_STEP][PASSED] - setValueToCellByIndex(sheet01, n, 3, typeOfData): null

17-03-2025T06:46:25 - [TEST_STEP][PASSED] - setValueToCellByIndex(sheet01, n, 4, otobrajeniyeDannyh): null

17-03-2025T06:46:25 - [TEST_STEP][PASSED] - setValueToCellByIndex(sheet01, n, 5, period): null

17-03-2025T06:46:25 - [TEST_STEP][PASSED] - setValueToCellByIndex(sheet01, n, 6, todaysDate): null

17-03-2025T06:46:25 - [TEST_STEP][PASSED] - n = n + 1: null

17-03-2025T06:46:25 - [TEST_STEP][PASSED] - saveWorkbook(excelFilePath, workbook01): null

17-03-2025T06:46:25 - [TEST_STEP][PASSED] - DZO = "Россети Юг (ГК)": null

17-03-2025T06:46:25 - [TEST_STEP][PASSED] - Script1719551244403.CompareDZO(x = UgA, y = UgB, run, typeOfData, otobrajeniyeDannyh, todaysDate, vidget, DZO): null

17-03-2025T06:46:25 - [TEST_STEP][PASSED] - x1 = x: null

17-03-2025T06:46:25 - [TEST_STEP][PASSED] - y1 = y: null

17-03-2025T06:46:25 - [TEST_STEP][PASSED] - i1 = <not implemented yet for class: org.codehaus.groovy.ast.expr.EmptyExpression>: null

17-03-2025T06:46:25 - [TEST_STEP][PASSED] - if (verifyEqual(x, y) == true): null

17-03-2025T06:46:25 - [MESSAGE][PASSED] - Actual object '55 60     0 4 1 6  140 12 8 2 47 16' and expected object '55 60     0 4 1 6  140 12 8 2 47 16' are equal

17-03-2025T06:46:25 - [TEST_STEP][PASSED] - DZO = "Россети Янтарь": null

17-03-2025T06:46:25 - [TEST_STEP][PASSED] - Script1719551244403.CompareDZO(x = YaA, y = YaB, run, typeOfData, otobrajeniyeDannyh, todaysDate, vidget, DZO): null

17-03-2025T06:46:25 - [TEST_STEP][PASSED] - x1 = x: null

17-03-2025T06:46:25 - [TEST_STEP][PASSED] - y1 = y: null

17-03-2025T06:46:25 - [TEST_STEP][PASSED] - i1 = <not implemented yet for class: org.codehaus.groovy.ast.expr.EmptyExpression>: null

17-03-2025T06:46:25 - [TEST_STEP][PASSED] - if (verifyEqual(x, y) == true): Actual object '31 12' and expected object '31 12' are equal

17-03-2025T06:46:25 - [MESSAGE][PASSED] - Actual object '31 12' and expected object '31 12' are equal

17-03-2025T06:46:25 - [TEST_STEP][PASSED] - closeBrowser(): Browser is closed

17-03-2025T06:46:25 - [MESSAGE][PASSED] - Browser is closed]]></system-out>
         <system-err><![CDATA[17-03-2025T06:43:56 - [TEST_CASE][FAILED] - Test Cases/Сверки дашбордов/Факторный анализ сверка дашбордов: Test Cases/Сверки дашбордов/Факторный анализ сверка дашбордов FAILED.
Reason:
com.kms.katalon.core.exception.StepFailedException: Unable to verify equal between actual object '1352' and expected object '0' (Root cause: com.kms.katalon.core.exception.StepFailedException: Actual object '1352' and expected object '0' are not equal
	at com.kms.katalon.core.keyword.builtin.VerifyEqualKeyword$_verifyEqual_closure1.doCall(VerifyEqualKeyword.groovy:58)
	at com.kms.katalon.core.keyword.builtin.VerifyEqualKeyword$_verifyEqual_closure1.call(VerifyEqualKeyword.groovy)
	at com.kms.katalon.core.keyword.internal.KeywordMain.runKeyword(KeywordMain.groovy:75)
	at com.kms.katalon.core.keyword.builtin.VerifyEqualKeyword.verifyEqual(VerifyEqualKeyword.groovy:63)
	at com.kms.katalon.core.keyword.builtin.VerifyEqualKeyword.execute(VerifyEqualKeyword.groovy:44)
	at com.kms.katalon.core.keyword.internal.KeywordExecutor.executeKeywordForPlatform(KeywordExecutor.groovy:74)
	at com.kms.katalon.core.keyword.BuiltinKeywords.verifyEqual(BuiltinKeywords.groovy:146)
	at jdk.internal.reflect.GeneratedMethodAccessor23.invoke(Unknown Source)
	at java.base/jdk.internal.reflect.DelegatingMethodAccessorImpl.invoke(DelegatingMethodAccessorImpl.java:43)
	at Факторный анализ сверка дашбордов.Compare(Факторный анализ сверка дашбордов:654)
	at Факторный анализ сверка дашбордов.Test(Факторный анализ сверка дашбордов:422)
	at Факторный анализ сверка дашбордов.run(Факторный анализ сверка дашбордов:44)
	at com.kms.katalon.core.main.ScriptEngine.run(ScriptEngine.java:194)
	at com.kms.katalon.core.main.ScriptEngine.runScriptAsRawText(ScriptEngine.java:119)
	at com.kms.katalon.core.main.TestCaseExecutor.runScript(TestCaseExecutor.java:448)
	at com.kms.katalon.core.main.TestCaseExecutor.doExecute(TestCaseExecutor.java:439)
	at com.kms.katalon.core.main.TestCaseExecutor.processExecutionPhase(TestCaseExecutor.java:418)
	at com.kms.katalon.core.main.TestCaseExecutor.accessMainPhase(TestCaseExecutor.java:410)
	at com.kms.katalon.core.main.TestCaseExecutor.execute(TestCaseExecutor.java:285)
	at com.kms.katalon.core.common.CommonExecutor.accessTestCaseMainPhase(CommonExecutor.java:65)
	at com.kms.katalon.core.main.TestSuiteExecutor.accessTestSuiteMainPhase(TestSuiteExecutor.java:150)
	at com.kms.katalon.core.main.TestSuiteExecutor.execute(TestSuiteExecutor.java:106)
	at com.kms.katalon.core.main.TestCaseMain.startTestSuite(TestCaseMain.java:180)
	at TempTestSuite1742171011514.run(TempTestSuite1742171011514.groovy:35)
	at java.base/jdk.internal.reflect.NativeMethodAccessorImpl.invoke0(Native Method)
	at java.base/jdk.internal.reflect.NativeMethodAccessorImpl.invoke(NativeMethodAccessorImpl.java:77)
	at java.base/jdk.internal.reflect.DelegatingMethodAccessorImpl.invoke(DelegatingMethodAccessorImpl.java:43)
)
	at com.kms.katalon.core.keyword.internal.KeywordMain.stepFailed(KeywordMain.groovy:39)
	at com.kms.katalon.core.keyword.internal.KeywordMain.stepFailed(KeywordMain.groovy)
	at com.kms.katalon.core.keyword.internal.KeywordMain.runKeyword(KeywordMain.groovy:77)
	at com.kms.katalon.core.keyword.builtin.VerifyEqualKeyword.verifyEqual(VerifyEqualKeyword.groovy:63)
	at com.kms.katalon.core.keyword.builtin.VerifyEqualKeyword.execute(VerifyEqualKeyword.groovy:44)
	at com.kms.katalon.core.keyword.internal.KeywordExecutor.executeKeywordForPlatform(KeywordExecutor.groovy:74)
	at com.kms.katalon.core.keyword.BuiltinKeywords.verifyEqual(BuiltinKeywords.groovy:146)
	at jdk.internal.reflect.GeneratedMethodAccessor23.invoke(Unknown Source)
	at java.base/jdk.internal.reflect.DelegatingMethodAccessorImpl.invoke(DelegatingMethodAccessorImpl.java:43)
	at Факторный анализ сверка дашбордов.Compare(Факторный анализ сверка дашбордов:654)
	at Факторный анализ сверка дашбордов.Test(Факторный анализ сверка дашбордов:422)
	at Факторный анализ сверка дашбордов.run(Факторный анализ сверка дашбордов:44)
	at com.kms.katalon.core.main.ScriptEngine.run(ScriptEngine.java:194)
	at com.kms.katalon.core.main.ScriptEngine.runScriptAsRawText(ScriptEngine.java:119)
	at com.kms.katalon.core.main.TestCaseExecutor.runScript(TestCaseExecutor.java:448)
	at com.kms.katalon.core.main.TestCaseExecutor.doExecute(TestCaseExecutor.java:439)
	at com.kms.katalon.core.main.TestCaseExecutor.processExecutionPhase(TestCaseExecutor.java:418)
	at com.kms.katalon.core.main.TestCaseExecutor.accessMainPhase(TestCaseExecutor.java:410)
	at com.kms.katalon.core.main.TestCaseExecutor.execute(TestCaseExecutor.java:285)
	at com.kms.katalon.core.common.CommonExecutor.accessTestCaseMainPhase(CommonExecutor.java:65)
	at com.kms.katalon.core.main.TestSuiteExecutor.accessTestSuiteMainPhase(TestSuiteExecutor.java:150)
	at com.kms.katalon.core.main.TestSuiteExecutor.execute(TestSuiteExecutor.java:106)
	at com.kms.katalon.core.main.TestCaseMain.startTestSuite(TestCaseMain.java:180)
	at TempTestSuite1742171011514.run(TempTestSuite1742171011514.groovy:35)
	at java.base/jdk.internal.reflect.NativeMethodAccessorImpl.invoke0(Native Method)
	at java.base/jdk.internal.reflect.NativeMethodAccessorImpl.invoke(NativeMethodAccessorImpl.java:77)
	at java.base/jdk.internal.reflect.DelegatingMethodAccessorImpl.invoke(DelegatingMethodAccessorImpl.java:43)
Caused by: com.kms.katalon.core.exception.StepFailedException: Actual object '1352' and expected object '0' are not equal
	at com.kms.katalon.core.keyword.builtin.VerifyEqualKeyword$_verifyEqual_closure1.doCall(VerifyEqualKeyword.groovy:58)
	at com.kms.katalon.core.keyword.builtin.VerifyEqualKeyword$_verifyEqual_closure1.call(VerifyEqualKeyword.groovy)
	at com.kms.katalon.core.keyword.internal.KeywordMain.runKeyword(KeywordMain.groovy:75)
	... 24 more]]></system-err>
      </testcase>
      <testcase name="Test Cases/Выполнение бизнес-плана/Выполнение бизнес-плана Сверка ПАО Россети все филиалы" time="1625.421" classname="Test Cases/Выполнение бизнес-плана/Выполнение бизнес-плана Сверка ПАО Россети все филиалы" status="FAILED">
         <failure type="FAILED" message="Test Cases/Выполнение бизнес-плана/Выполнение бизнес-плана Сверка ПАО Россети все филиалы FAILED.&#xa;Reason:&#xa;com.kms.katalon.core.exception.StepFailedException: Unable to verify equal between actual object '6' and expected object '0' (Root cause: com.kms.katalon.core.exception.StepFailedException: Actual object '6' and expected object '0' are not equal&#xa;	at com.kms.katalon.core.keyword.builtin.VerifyEqualKeyword$_verifyEqual_closure1.doCall(VerifyEqualKeyword.groovy:58)&#xa;	at com.kms.katalon.core.keyword.builtin.VerifyEqualKeyword$_verifyEqual_closure1.call(VerifyEqualKeyword.groovy)&#xa;	at com.kms.katalon.core.keyword.internal.KeywordMain.runKeyword(KeywordMain.groovy:75)&#xa;	at com.kms.katalon.core.keyword.builtin.VerifyEqualKeyword.verifyEqual(VerifyEqualKeyword.groovy:63)&#xa;	at com.kms.katalon.core.keyword.builtin.VerifyEqualKeyword.execute(VerifyEqualKeyword.groovy:44)&#xa;	at com.kms.katalon.core.keyword.internal.KeywordExecutor.executeKeywordForPlatform(KeywordExecutor.groovy:74)&#xa;	at com.kms.katalon.core.keyword.BuiltinKeywords.verifyEqual(BuiltinKeywords.groovy:146)&#xa;	at jdk.internal.reflect.GeneratedMethodAccessor23.invoke(Unknown Source)&#xa;	at java.base/jdk.internal.reflect.DelegatingMethodAccessorImpl.invoke(DelegatingMethodAccessorImpl.java:43)&#xa;	at Выполнение бизнес-плана Сверка ПАО Россети все филиалы.Numbers(Выполнение бизнес-плана Сверка ПАО Россети все филиалы:744)&#xa;	at Выполнение бизнес-плана Сверка ПАО Россети все филиалы.run(Выполнение бизнес-плана Сверка ПАО Россети все филиалы:172)&#xa;	at com.kms.katalon.core.main.ScriptEngine.run(ScriptEngine.java:194)&#xa;	at com.kms.katalon.core.main.ScriptEngine.runScriptAsRawText(ScriptEngine.java:119)&#xa;	at com.kms.katalon.core.main.TestCaseExecutor.runScript(TestCaseExecutor.java:448)&#xa;	at com.kms.katalon.core.main.TestCaseExecutor.doExecute(TestCaseExecutor.java:439)&#xa;	at com.kms.katalon.core.main.TestCaseExecutor.processExecutionPhase(TestCaseExecutor.java:418)&#xa;	at com.kms.katalon.core.main.TestCaseExecutor.accessMainPhase(TestCaseExecutor.java:410)&#xa;	at com.kms.katalon.core.main.TestCaseExecutor.execute(TestCaseExecutor.java:285)&#xa;	at com.kms.katalon.core.common.CommonExecutor.accessTestCaseMainPhase(CommonExecutor.java:65)&#xa;	at com.kms.katalon.core.main.TestSuiteExecutor.accessTestSuiteMainPhase(TestSuiteExecutor.java:150)&#xa;	at com.kms.katalon.core.main.TestSuiteExecutor.execute(TestSuiteExecutor.java:106)&#xa;	at com.kms.katalon.core.main.TestCaseMain.startTestSuite(TestCaseMain.java:180)&#xa;	at TempTestSuite1742171011514.run(TempTestSuite1742171011514.groovy:35)&#xa;	at java.base/jdk.internal.reflect.NativeMethodAccessorImpl.invoke0(Native Method)&#xa;	at java.base/jdk.internal.reflect.NativeMethodAccessorImpl.invoke(NativeMethodAccessorImpl.java:77)&#xa;	at java.base/jdk.internal.reflect.DelegatingMethodAccessorImpl.invoke(DelegatingMethodAccessorImpl.java:43)&#xa;)&#xa;	at com.kms.katalon.core.keyword.internal.KeywordMain.stepFailed(KeywordMain.groovy:39)&#xa;	at com.kms.katalon.core.keyword.internal.KeywordMain.stepFailed(KeywordMain.groovy)&#xa;	at com.kms.katalon.core.keyword.internal.KeywordMain.runKeyword(KeywordMain.groovy:77)&#xa;	at com.kms.katalon.core.keyword.builtin.VerifyEqualKeyword.verifyEqual(VerifyEqualKeyword.groovy:63)&#xa;	at com.kms.katalon.core.keyword.builtin.VerifyEqualKeyword.execute(VerifyEqualKeyword.groovy:44)&#xa;	at com.kms.katalon.core.keyword.internal.KeywordExecutor.executeKeywordForPlatform(KeywordExecutor.groovy:74)&#xa;	at com.kms.katalon.core.keyword.BuiltinKeywords.verifyEqual(BuiltinKeywords.groovy:146)&#xa;	at jdk.internal.reflect.GeneratedMethodAccessor23.invoke(Unknown Source)&#xa;	at java.base/jdk.internal.reflect.DelegatingMethodAccessorImpl.invoke(DelegatingMethodAccessorImpl.java:43)&#xa;	at Выполнение бизнес-плана Сверка ПАО Россети все филиалы.Numbers(Выполнение бизнес-плана Сверка ПАО Россети все филиалы:744)&#xa;	at Выполнение бизнес-плана Сверка ПАО Россети все филиалы.run(Выполнение бизнес-плана Сверка ПАО Россети все филиалы:172)&#xa;	at com.kms.katalon.core.main.ScriptEngine.run(ScriptEngine.java:194)&#xa;	at com.kms.katalon.core.main.ScriptEngine.runScriptAsRawText(ScriptEngine.java:119)&#xa;	at com.kms.katalon.core.main.TestCaseExecutor.runScript(TestCaseExecutor.java:448)&#xa;	at com.kms.katalon.core.main.TestCaseExecutor.doExecute(TestCaseExecutor.java:439)&#xa;	at com.kms.katalon.core.main.TestCaseExecutor.processExecutionPhase(TestCaseExecutor.java:418)&#xa;	at com.kms.katalon.core.main.TestCaseExecutor.accessMainPhase(TestCaseExecutor.java:410)&#xa;	at com.kms.katalon.core.main.TestCaseExecutor.execute(TestCaseExecutor.java:285)&#xa;	at com.kms.katalon.core.common.CommonExecutor.accessTestCaseMainPhase(CommonExecutor.java:65)&#xa;	at com.kms.katalon.core.main.TestSuiteExecutor.accessTestSuiteMainPhase(TestSuiteExecutor.java:150)&#xa;	at com.kms.katalon.core.main.TestSuiteExecutor.execute(TestSuiteExecutor.java:106)&#xa;	at com.kms.katalon.core.main.TestCaseMain.startTestSuite(TestCaseMain.java:180)&#xa;	at TempTestSuite1742171011514.run(TempTestSuite1742171011514.groovy:35)&#xa;	at java.base/jdk.internal.reflect.NativeMethodAccessorImpl.invoke0(Native Method)&#xa;	at java.base/jdk.internal.reflect.NativeMethodAccessorImpl.invoke(NativeMethodAccessorImpl.java:77)&#xa;	at java.base/jdk.internal.reflect.DelegatingMethodAccessorImpl.invoke(DelegatingMethodAccessorImpl.java:43)&#xa;Caused by: com.kms.katalon.core.exception.StepFailedException: Actual object '6' and expected object '0' are not equal&#xa;	at com.kms.katalon.core.keyword.builtin.VerifyEqualKeyword$_verifyEqual_closure1.doCall(VerifyEqualKeyword.groovy:58)&#xa;	at com.kms.katalon.core.keyword.builtin.VerifyEqualKeyword$_verifyEqual_closure1.call(VerifyEqualKeyword.groovy)&#xa;	at com.kms.katalon.core.keyword.internal.KeywordMain.runKeyword(KeywordMain.groovy:75)&#xa;	... 23 more&#xa;"/>
         <system-out><![CDATA[17-03-2025T06:46:25 - [TEST_CASE][FAILED] - Test Cases/Выполнение бизнес-плана/Выполнение бизнес-плана Сверка ПАО Россети все филиалы: Test Cases/Выполнение бизнес-плана/Выполнение бизнес-плана Сверка ПАО Россети все филиалы FAILED.
Reason:
com.kms.katalon.core.exception.StepFailedException: Unable to verify equal between actual object '6' and expected object '0' (Root cause: com.kms.katalon.core.exception.StepFailedException: Actual object '6' and expected object '0' are not equal
	at com.kms.katalon.core.keyword.builtin.VerifyEqualKeyword$_verifyEqual_closure1.doCall(VerifyEqualKeyword.groovy:58)
	at com.kms.katalon.core.keyword.builtin.VerifyEqualKeyword$_verifyEqual_closure1.call(VerifyEqualKeyword.groovy)
	at com.kms.katalon.core.keyword.internal.KeywordMain.runKeyword(KeywordMain.groovy:75)
	at com.kms.katalon.core.keyword.builtin.VerifyEqualKeyword.verifyEqual(VerifyEqualKeyword.groovy:63)
	at com.kms.katalon.core.keyword.builtin.VerifyEqualKeyword.execute(VerifyEqualKeyword.groovy:44)
	at com.kms.katalon.core.keyword.internal.KeywordExecutor.executeKeywordForPlatform(KeywordExecutor.groovy:74)
	at com.kms.katalon.core.keyword.BuiltinKeywords.verifyEqual(BuiltinKeywords.groovy:146)
	at jdk.internal.reflect.GeneratedMethodAccessor23.invoke(Unknown Source)
	at java.base/jdk.internal.reflect.DelegatingMethodAccessorImpl.invoke(DelegatingMethodAccessorImpl.java:43)
	at Выполнение бизнес-плана Сверка ПАО Россети все филиалы.Numbers(Выполнение бизнес-плана Сверка ПАО Россети все филиалы:744)
	at Выполнение бизнес-плана Сверка ПАО Россети все филиалы.run(Выполнение бизнес-плана Сверка ПАО Россети все филиалы:172)
	at com.kms.katalon.core.main.ScriptEngine.run(ScriptEngine.java:194)
	at com.kms.katalon.core.main.ScriptEngine.runScriptAsRawText(ScriptEngine.java:119)
	at com.kms.katalon.core.main.TestCaseExecutor.runScript(TestCaseExecutor.java:448)
	at com.kms.katalon.core.main.TestCaseExecutor.doExecute(TestCaseExecutor.java:439)
	at com.kms.katalon.core.main.TestCaseExecutor.processExecutionPhase(TestCaseExecutor.java:418)
	at com.kms.katalon.core.main.TestCaseExecutor.accessMainPhase(TestCaseExecutor.java:410)
	at com.kms.katalon.core.main.TestCaseExecutor.execute(TestCaseExecutor.java:285)
	at com.kms.katalon.core.common.CommonExecutor.accessTestCaseMainPhase(CommonExecutor.java:65)
	at com.kms.katalon.core.main.TestSuiteExecutor.accessTestSuiteMainPhase(TestSuiteExecutor.java:150)
	at com.kms.katalon.core.main.TestSuiteExecutor.execute(TestSuiteExecutor.java:106)
	at com.kms.katalon.core.main.TestCaseMain.startTestSuite(TestCaseMain.java:180)
	at TempTestSuite1742171011514.run(TempTestSuite1742171011514.groovy:35)
	at java.base/jdk.internal.reflect.NativeMethodAccessorImpl.invoke0(Native Method)
	at java.base/jdk.internal.reflect.NativeMethodAccessorImpl.invoke(NativeMethodAccessorImpl.java:77)
	at java.base/jdk.internal.reflect.DelegatingMethodAccessorImpl.invoke(DelegatingMethodAccessorImpl.java:43)
)
	at com.kms.katalon.core.keyword.internal.KeywordMain.stepFailed(KeywordMain.groovy:39)
	at com.kms.katalon.core.keyword.internal.KeywordMain.stepFailed(KeywordMain.groovy)
	at com.kms.katalon.core.keyword.internal.KeywordMain.runKeyword(KeywordMain.groovy:77)
	at com.kms.katalon.core.keyword.builtin.VerifyEqualKeyword.verifyEqual(VerifyEqualKeyword.groovy:63)
	at com.kms.katalon.core.keyword.builtin.VerifyEqualKeyword.execute(VerifyEqualKeyword.groovy:44)
	at com.kms.katalon.core.keyword.internal.KeywordExecutor.executeKeywordForPlatform(KeywordExecutor.groovy:74)
	at com.kms.katalon.core.keyword.BuiltinKeywords.verifyEqual(BuiltinKeywords.groovy:146)
	at jdk.internal.reflect.GeneratedMethodAccessor23.invoke(Unknown Source)
	at java.base/jdk.internal.reflect.DelegatingMethodAccessorImpl.invoke(DelegatingMethodAccessorImpl.java:43)
	at Выполнение бизнес-плана Сверка ПАО Россети все филиалы.Numbers(Выполнение бизнес-плана Сверка ПАО Россети все филиалы:744)
	at Выполнение бизнес-плана Сверка ПАО Россети все филиалы.run(Выполнение бизнес-плана Сверка ПАО Россети все филиалы:172)
	at com.kms.katalon.core.main.ScriptEngine.run(ScriptEngine.java:194)
	at com.kms.katalon.core.main.ScriptEngine.runScriptAsRawText(ScriptEngine.java:119)
	at com.kms.katalon.core.main.TestCaseExecutor.runScript(TestCaseExecutor.java:448)
	at com.kms.katalon.core.main.TestCaseExecutor.doExecute(TestCaseExecutor.java:439)
	at com.kms.katalon.core.main.TestCaseExecutor.processExecutionPhase(TestCaseExecutor.java:418)
	at com.kms.katalon.core.main.TestCaseExecutor.accessMainPhase(TestCaseExecutor.java:410)
	at com.kms.katalon.core.main.TestCaseExecutor.execute(TestCaseExecutor.java:285)
	at com.kms.katalon.core.common.CommonExecutor.accessTestCaseMainPhase(CommonExecutor.java:65)
	at com.kms.katalon.core.main.TestSuiteExecutor.accessTestSuiteMainPhase(TestSuiteExecutor.java:150)
	at com.kms.katalon.core.main.TestSuiteExecutor.execute(TestSuiteExecutor.java:106)
	at com.kms.katalon.core.main.TestCaseMain.startTestSuite(TestCaseMain.java:180)
	at TempTestSuite1742171011514.run(TempTestSuite1742171011514.groovy:35)
	at java.base/jdk.internal.reflect.NativeMethodAccessorImpl.invoke0(Native Method)
	at java.base/jdk.internal.reflect.NativeMethodAccessorImpl.invoke(NativeMethodAccessorImpl.java:77)
	at java.base/jdk.internal.reflect.DelegatingMethodAccessorImpl.invoke(DelegatingMethodAccessorImpl.java:43)
Caused by: com.kms.katalon.core.exception.StepFailedException: Actual object '6' and expected object '0' are not equal
	at com.kms.katalon.core.keyword.builtin.VerifyEqualKeyword$_verifyEqual_closure1.doCall(VerifyEqualKeyword.groovy:58)
	at com.kms.katalon.core.keyword.builtin.VerifyEqualKeyword$_verifyEqual_closure1.call(VerifyEqualKeyword.groovy)
	at com.kms.katalon.core.keyword.internal.KeywordMain.runKeyword(KeywordMain.groovy:75)
	... 23 more


17-03-2025T06:46:26 - [TEST_STEP][PASSED] - openBrowser(""): Browser is opened with url: ''

17-03-2025T06:46:26 - [MESSAGE][INFO] - Starting 'Chrome' driver

17-03-2025T06:46:26 - [MESSAGE][INFO] - Action delay is set to 0 milliseconds

17-03-2025T06:46:27 - [MESSAGE][PASSED] - Browser is opened with url: ''

17-03-2025T06:46:27 - [TEST_STEP][PASSED] - date = new java.util.Date(): null

17-03-2025T06:46:27 - [TEST_STEP][PASSED] - todaysDate = date.format("dd.MM.yyyy"): null

17-03-2025T06:46:27 - [TEST_STEP][PASSED] - dZO = <not implemented yet for class: org.codehaus.groovy.ast.expr.EmptyExpression>: null

17-03-2025T06:46:27 - [TEST_STEP][PASSED] - a = <not implemented yet for class: org.codehaus.groovy.ast.expr.EmptyExpression>: null

17-03-2025T06:46:27 - [TEST_STEP][PASSED] - fileperc = <not implemented yet for class: org.codehaus.groovy.ast.expr.EmptyExpression>: null

17-03-2025T06:46:27 - [TEST_STEP][PASSED] - pageperc = <not implemented yet for class: org.codehaus.groovy.ast.expr.EmptyExpression>: null

17-03-2025T06:46:27 - [TEST_STEP][PASSED] - pageInt = <not implemented yet for class: org.codehaus.groovy.ast.expr.EmptyExpression>: null

17-03-2025T06:46:27 - [TEST_STEP][PASSED] - fileInt = <not implemented yet for class: org.codehaus.groovy.ast.expr.EmptyExpression>: null

17-03-2025T06:46:27 - [TEST_STEP][PASSED] - pageDouble = <not implemented yet for class: org.codehaus.groovy.ast.expr.EmptyExpression>: null

17-03-2025T06:46:27 - [TEST_STEP][PASSED] - fileDouble = <not implemented yet for class: org.codehaus.groovy.ast.expr.EmptyExpression>: null

17-03-2025T06:46:27 - [TEST_STEP][PASSED] - typeOfData = <not implemented yet for class: org.codehaus.groovy.ast.expr.EmptyExpression>: null

17-03-2025T06:46:27 - [TEST_STEP][PASSED] - dzoNum = 0: null

17-03-2025T06:46:27 - [TEST_STEP][PASSED] - filialNum = 0: null

17-03-2025T06:46:27 - [TEST_STEP][PASSED] - urlText = <not implemented yet for class: org.codehaus.groovy.ast.expr.EmptyExpression>: null

17-03-2025T06:46:27 - [TEST_STEP][PASSED] - searchWord = <not implemented yet for class: org.codehaus.groovy.ast.expr.EmptyExpression>: null

17-03-2025T06:46:27 - [TEST_STEP][PASSED] - i = <not implemented yet for class: org.codehaus.groovy.ast.expr.EmptyExpression>: null

17-03-2025T06:46:27 - [TEST_STEP][PASSED] - ii = <not implemented yet for class: org.codehaus.groovy.ast.expr.EmptyExpression>: null

17-03-2025T06:46:27 - [TEST_STEP][PASSED] - navigateToUrl(findTestData("PlanFact").getValue(10, 1)): Navigate to 'https://bi.rosseti.digital/viewer?dashboardGuid=d154a8eaf6824e2b9de1bb04dd061c18&sheetGuid=1305e8ce744049e1abdacea1ea397a26&fit=true' successfully

17-03-2025T06:46:32 - [MESSAGE][PASSED] - Navigate to 'https://bi.rosseti.digital/viewer?dashboardGuid=d154a8eaf6824e2b9de1bb04dd061c18&sheetGuid=1305e8ce744049e1abdacea1ea397a26&fit=true' successfully

17-03-2025T06:46:32 - [TEST_STEP][PASSED] - urlText = getText(findTestObject("Страница авторизации/Text")): Text of object 'Object Repository/Страница авторизации/Text' is: 'Вход'

17-03-2025T06:46:33 - [MESSAGE][PASSED] - Text of object 'Object Repository/Страница авторизации/Text' is: 'Вход'

17-03-2025T06:46:33 - [TEST_STEP][PASSED] - delay(20): Delayed 20 second(s)

17-03-2025T06:46:53 - [MESSAGE][PASSED] - Delayed 20 second(s)

17-03-2025T06:46:53 - [TEST_STEP][PASSED] - searchWord = "Вход": null

17-03-2025T06:46:53 - [TEST_STEP][PASSED] - if (urlText.contains(searchWord) == false): null

17-03-2025T06:46:53 - [TEST_STEP][PASSED] - setText(findTestObject("Страница авторизации/input__username"), findTestData("PlanFact").getValue(8, 1)): Text 'liazgina-di' is set on object 'Object Repository/Страница авторизации/input__username'

17-03-2025T06:46:54 - [MESSAGE][PASSED] - Text 'liazgina-di' is set on object 'Object Repository/Страница авторизации/input__username'

17-03-2025T06:46:54 - [TEST_STEP][PASSED] - setText(findTestObject("Страница авторизации/input__password"), findTestData("PlanFact").getValue(9, 1)): Text ')$%5srZ8o688Dm#q' is set on object 'Object Repository/Страница авторизации/input__password'

17-03-2025T06:46:55 - [MESSAGE][PASSED] - Text ')$%5srZ8o688Dm#q' is set on object 'Object Repository/Страница авторизации/input__password'

17-03-2025T06:46:55 - [TEST_STEP][PASSED] - click(findTestObject("Страница авторизации/button_")): Object: 'Object Repository/Страница авторизации/button_' is clicked on

17-03-2025T06:46:56 - [MESSAGE][PASSED] - Object: 'Object Repository/Страница авторизации/button_' is clicked on

17-03-2025T06:46:56 - [TEST_STEP][PASSED] - delay(50): Delayed 50 second(s)

17-03-2025T06:47:46 - [MESSAGE][PASSED] - Delayed 50 second(s)

17-03-2025T06:47:46 - [TEST_STEP][PASSED] - searchWord = "ДЗО": null

17-03-2025T06:47:46 - [TEST_STEP][PASSED] - urlText = getText(findTestObject("Страница авторизации/Text")): Text of object 'Object Repository/Страница авторизации/Text' is: 'ДЗО 
ПАО Россети
Период
Январь 2025 года
Отклонения фактического уровня потерь от бизнес-плана, п.п.
-0.01
-0.92
-0.43
-2.42
-0.30
-0.28
-1.44
-2.45
Россети ФСК ЕЭС
Россети Волга
Россети Московский регион
Россети Северо-Запад
Россети Томск
Россети Урал (ГК)
Россети Юг (ГК)
Россети Янтарь
-4
-2
0
2
4
6
8

Уровень потерь электроэнергии
Россети ФСК ЕЭС
Россети Волга
Россети Московский регион
Россети Северо-Запад
Россети Томск
Россети Урал (ГК)
Россети Юг (ГК)
Россети Янтарь
0
10
20
30
40
50
60
70
4.01
|
6.39
|
9.74
|
7.39
|
11.82
|
7.40
|
10.84
|
12.35
|
4.00
5.47
9.32
4.97
11.52
7.12
9.40
9.90
п.п.
2.78
Итого
0
1
2
3
%
5.47 5.47
8.25 8.25
План
Факт
1
100

● Бизнес-план выполнен● ●● Превышение бизнес-плана
Отклонения фактического уровня потерь от бизнес-плана за 3 месяца (нарастающим итогом), п.п.
-0.2-0.2
-8.3-8.3
3.13.1
-0.4-0.4
-0.6-0.6
-0.0-0.0
0.20.2
3.93.9
-0.4-0.4
-8.8-8.8
-0.0-0.0
0.20.2
-0.2-0.2
-0.5-0.5
-0.3-0.3
-0.5-0.5
-0.1-0.1
-0.2-0.2
-8.4-8.4
2.92.9
-0.4-0.4
-0.5-0.5
-0.0-0.0
0.20.2
3.83.8
-0.3-0.3
-7.9-7.9
-0.0-0.0
0.20.2
-0.2-0.2
-0.5-0.5
-0.2-0.2
-0.3-0.3
-0.1-0.1
-0.0-0.0
-0.9-0.9
-0.4-0.4
-2.4-2.4
-0.3-0.3
-0.3-0.3
-1.4-1.4
-2.4-2.4
Россети ФСКЕЭС
АО«Тываэнерго»
АО«Чеченэнерго»
Россети Волга
РоссетиКубань
РоссетиЛенэнерго(ГК)
РоссетиМосковскийрегион
РоссетиСеверныйКавказ (ГК)
Россети Северо-Запад
Россети Сибирь(ГК)
Россети Томск
Россети Тюмень
Россети Урал(ГК)
Россети Центр
Россети Центри Приволжье(ГК)
Россети Юг (Г…
РоссетиЯнтарь
-10
0
10
п.п.
Отклонения фактического уровня потерь от бизнес-плана за 3 месяца (нарастающим итогом)
-0.2-0.2
-1.5-1.5
-0.1-0.1
-0.6-0.6
-95.8-95.8
-0.0-0.0
-0.7-0.7
1.31.3
-0.5-0.5
-0.2-0.2
-90.8-90.8
0.10.1
-0.4-0.4
0.10.1
0.00.0
-0.1-0.1
-0.2-0.2
-0.3-0.3
-0.6-0.6
-0.1-0.1
-0.0-0.0
-1.2-1.2
-89.4-89.4
-0.5-0.5
-90.2-90.2
-0.4-0.4
-1.0-1.0
-0.0-0.0
-0.7-0.7
-80.6-80.6
-1.0-1.0
-0.4-0.4
-0.1-0.1
-0.2-0.2
-0.8-0.8
-1.0-1.0
-0.2-0.2
-0.5-0.5
-1.2-1.2
0.00.0
-7.3-7.3
-0.0-0.0
-0.3-0.3
-1.3-1.3
-0.2-0.2
-0.5-0.5
-43.5-43.5
-1.0-1.0
-0.0-0.0
1.21.2
1.51.5
-0.7-0.7
1.21.2
-0.5-0.5
0.50.5
-0.2-0.2
0.10.1
-40.4-40.4
0.70.7
-0.0-0.0
-0.4-0.4
-0.0-0.0
-0.1-0.1
0.20.2
-0.1-0.1
-0.1-0.1
-0.4-0.4
-0.4-0.4
-0.6-0.6
-1.9-1.9
0.00.0
-0.6-0.6
1.21.2
0.70.7
-0.0-0.0
2.72.7
0.40.4
-1.3-1.3
-44.7-44.7
-0.4-0.4
-37.3-37.3
-0.7-0.7
2.32.3
-0.9-0.9
-0.0-0.0
-0.4-0.4
-39.6-39.6
-0.4-0.4
1.91.9
1.31.3
9.99.9
-0.7-0.7
-0.4-0.4
-0.6-0.6
-0.1-0.1
0.10.1
-1.3-1.3
0.90.9
0.90.9
2.12.1
-0.8-0.8
-0.8-0.8
-0.3-0.3
9.99.9
0.50.5
10.310.3
Итого по ФС…
Каббалкэнерго
Калмэнерго
Калугаэнерго
Карачаево-Черкесскэнерго
Карельский филиал
Кировэнерго
Костромаэнерго
Красноярскэнерго
Кубаньэнерго
Кузбассэнерго-РЭС
Курскэнерго
Ленинградская область
Липецкэнерго
Мариэнерго
Мордовэнерго
Московская область
Мурманский филиал
Нижновэнерго
Новгородский филиал
ООО «БрянскЭлектро»
Омскэнерго
Орелэнерго
Оренбургэнерго
Пензаэнерго
Пермэнерго
Псковский филиал
Россети Тюмень
Россети Янтарь
Ростовэнерго
Рязаньэнерго
Самарские РС
Саратовские РС
Свердловэнерго
Севкавказэнерго
Смоленскэнерго
Ставропольэнерго
Тамбовэнерго
Тверьэнерго
Томская распределительная компания
Тулэнерго
Удмуртэнерго
Ульяновские РС
Хакасэнерго
Челябэнерго
Читаэнерго
Чувашэнерго
Ярэнерго
г. Москва
г. Санкт-Петербург
филиал в Республике Коми
АО "Тываэнерго"
АО «ВМЭС»
АО «Воронежская горэлектросеть»
АО «Тульские городские электрические сети»
АО «Чеченэнерго»
АО «Ярославская электросетевая компания»
АО ЕЭСК
Алтайэнерго
Архангельский филиал
Астраханьэнерго
Белгородэнерго
Брянскэнерго
Бурятэнерго
Владимирэнерго
Волгоградэнерго
Вологодский филиал
Воронежэнерго
Дагэнерго
Ивэнерго
Ингушэнерго
-180
60

Статус данных
Просьба обратить внимание
— все данные не занесены
Факт
План
Итого – Факт
Отпуск в сеть 53 251 393
Отпуск из сети 48 860 625
Потери 4 390 768
Итого – План
Отпуск в сеть 88 391 519
Отпуск из сети 83 558 270
Потери 4 833 249
Выполнение бизнес-плана в части показателя «Уровень потерь электроэнергии»
Показатели баланса электроэнергии по ДЗО – Факт 
57 256 396 3 856 981 9 778 647 3 075 072 476 306 6 843 010 3 467 484 462 838
55 054 236 3 645 880 8 867 734 2 922 288 421 425 6 355 760 3 141 633 417 011
2 202 160 211 102 910 913 152 783 54 881 487 250 325 852 45 827
Показатели баланса электроэнергии по ДЗО – План
58 806 842 4 033 660 10 346 741 3 272 134 504 635 7 177 213 3 760 351 489 942
56 540 011 3 775 836 9 338 688 3 030 349 444 962 6 646 123 3 352 866 429 434
2 266 831 257 824 1 008 053 241 785 59 673 531 090 407 485 60 508'

17-03-2025T06:47:48 - [MESSAGE][PASSED] - Text of object 'Object Repository/Страница авторизации/Text' is: 'ДЗО 
ПАО Россети
Период
Январь 2025 года
Отклонения фактического уровня потерь от бизнес-плана, п.п.
-0.01
-0.92
-0.43
-2.42
-0.30
-0.28
-1.44
-2.45
Россети ФСК ЕЭС
Россети Волга
Россети Московский регион
Россети Северо-Запад
Россети Томск
Россети Урал (ГК)
Россети Юг (ГК)
Россети Янтарь
-4
-2
0
2
4
6
8

Уровень потерь электроэнергии
Россети ФСК ЕЭС
Россети Волга
Россети Московский регион
Россети Северо-Запад
Россети Томск
Россети Урал (ГК)
Россети Юг (ГК)
Россети Янтарь
0
10
20
30
40
50
60
70
4.01
|
6.39
|
9.74
|
7.39
|
11.82
|
7.40
|
10.84
|
12.35
|
4.00
5.47
9.32
4.97
11.52
7.12
9.40
9.90
п.п.
2.78
Итого
0
1
2
3
%
5.47 5.47
8.25 8.25
План
Факт
1
100

● Бизнес-план выполнен● ●● Превышение бизнес-плана
Отклонения фактического уровня потерь от бизнес-плана за 3 месяца (нарастающим итогом), п.п.
-0.2-0.2
-8.3-8.3
3.13.1
-0.4-0.4
-0.6-0.6
-0.0-0.0
0.20.2
3.93.9
-0.4-0.4
-8.8-8.8
-0.0-0.0
0.20.2
-0.2-0.2
-0.5-0.5
-0.3-0.3
-0.5-0.5
-0.1-0.1
-0.2-0.2
-8.4-8.4
2.92.9
-0.4-0.4
-0.5-0.5
-0.0-0.0
0.20.2
3.83.8
-0.3-0.3
-7.9-7.9
-0.0-0.0
0.20.2
-0.2-0.2
-0.5-0.5
-0.2-0.2
-0.3-0.3
-0.1-0.1
-0.0-0.0
-0.9-0.9
-0.4-0.4
-2.4-2.4
-0.3-0.3
-0.3-0.3
-1.4-1.4
-2.4-2.4
Россети ФСКЕЭС
АО«Тываэнерго»
АО«Чеченэнерго»
Россети Волга
РоссетиКубань
РоссетиЛенэнерго(ГК)
РоссетиМосковскийрегион
РоссетиСеверныйКавказ (ГК)
Россети Северо-Запад
Россети Сибирь(ГК)
Россети Томск
Россети Тюмень
Россети Урал(ГК)
Россети Центр
Россети Центри Приволжье(ГК)
Россети Юг (Г…
РоссетиЯнтарь
-10
0
10
п.п.
Отклонения фактического уровня потерь от бизнес-плана за 3 месяца (нарастающим итогом)
-0.2-0.2
-1.5-1.5
-0.1-0.1
-0.6-0.6
-95.8-95.8
-0.0-0.0
-0.7-0.7
1.31.3
-0.5-0.5
-0.2-0.2
-90.8-90.8
0.10.1
-0.4-0.4
0.10.1
0.00.0
-0.1-0.1
-0.2-0.2
-0.3-0.3
-0.6-0.6
-0.1-0.1
-0.0-0.0
-1.2-1.2
-89.4-89.4
-0.5-0.5
-90.2-90.2
-0.4-0.4
-1.0-1.0
-0.0-0.0
-0.7-0.7
-80.6-80.6
-1.0-1.0
-0.4-0.4
-0.1-0.1
-0.2-0.2
-0.8-0.8
-1.0-1.0
-0.2-0.2
-0.5-0.5
-1.2-1.2
0.00.0
-7.3-7.3
-0.0-0.0
-0.3-0.3
-1.3-1.3
-0.2-0.2
-0.5-0.5
-43.5-43.5
-1.0-1.0
-0.0-0.0
1.21.2
1.51.5
-0.7-0.7
1.21.2
-0.5-0.5
0.50.5
-0.2-0.2
0.10.1
-40.4-40.4
0.70.7
-0.0-0.0
-0.4-0.4
-0.0-0.0
-0.1-0.1
0.20.2
-0.1-0.1
-0.1-0.1
-0.4-0.4
-0.4-0.4
-0.6-0.6
-1.9-1.9
0.00.0
-0.6-0.6
1.21.2
0.70.7
-0.0-0.0
2.72.7
0.40.4
-1.3-1.3
-44.7-44.7
-0.4-0.4
-37.3-37.3
-0.7-0.7
2.32.3
-0.9-0.9
-0.0-0.0
-0.4-0.4
-39.6-39.6
-0.4-0.4
1.91.9
1.31.3
9.99.9
-0.7-0.7
-0.4-0.4
-0.6-0.6
-0.1-0.1
0.10.1
-1.3-1.3
0.90.9
0.90.9
2.12.1
-0.8-0.8
-0.8-0.8
-0.3-0.3
9.99.9
0.50.5
10.310.3
Итого по ФС…
Каббалкэнерго
Калмэнерго
Калугаэнерго
Карачаево-Черкесскэнерго
Карельский филиал
Кировэнерго
Костромаэнерго
Красноярскэнерго
Кубаньэнерго
Кузбассэнерго-РЭС
Курскэнерго
Ленинградская область
Липецкэнерго
Мариэнерго
Мордовэнерго
Московская область
Мурманский филиал
Нижновэнерго
Новгородский филиал
ООО «БрянскЭлектро»
Омскэнерго
Орелэнерго
Оренбургэнерго
Пензаэнерго
Пермэнерго
Псковский филиал
Россети Тюмень
Россети Янтарь
Ростовэнерго
Рязаньэнерго
Самарские РС
Саратовские РС
Свердловэнерго
Севкавказэнерго
Смоленскэнерго
Ставропольэнерго
Тамбовэнерго
Тверьэнерго
Томская распределительная компания
Тулэнерго
Удмуртэнерго
Ульяновские РС
Хакасэнерго
Челябэнерго
Читаэнерго
Чувашэнерго
Ярэнерго
г. Москва
г. Санкт-Петербург
филиал в Республике Коми
АО "Тываэнерго"
АО «ВМЭС»
АО «Воронежская горэлектросеть»
АО «Тульские городские электрические сети»
АО «Чеченэнерго»
АО «Ярославская электросетевая компания»
АО ЕЭСК
Алтайэнерго
Архангельский филиал
Астраханьэнерго
Белгородэнерго
Брянскэнерго
Бурятэнерго
Владимирэнерго
Волгоградэнерго
Вологодский филиал
Воронежэнерго
Дагэнерго
Ивэнерго
Ингушэнерго
-180
60

Статус данных
Просьба обратить внимание
— все данные не занесены
Факт
План
Итого – Факт
Отпуск в сеть 53 251 393
Отпуск из сети 48 860 625
Потери 4 390 768
Итого – План
Отпуск в сеть 88 391 519
Отпуск из сети 83 558 270
Потери 4 833 249
Выполнение бизнес-плана в части показателя «Уровень потерь электроэнергии»
Показатели баланса электроэнергии по ДЗО – Факт 
57 256 396 3 856 981 9 778 647 3 075 072 476 306 6 843 010 3 467 484 462 838
55 054 236 3 645 880 8 867 734 2 922 288 421 425 6 355 760 3 141 633 417 011
2 202 160 211 102 910 913 152 783 54 881 487 250 325 852 45 827
Показатели баланса электроэнергии по ДЗО – План
58 806 842 4 033 660 10 346 741 3 272 134 504 635 7 177 213 3 760 351 489 942
56 540 011 3 775 836 9 338 688 3 030 349 444 962 6 646 123 3 352 866 429 434
2 266 831 257 824 1 008 053 241 785 59 673 531 090 407 485 60 508'

17-03-2025T06:47:48 - [TEST_STEP][PASSED] - if (urlText.contains("ошибка") || urlText.contains(searchWord) == false): null

17-03-2025T06:47:48 - [TEST_STEP][PASSED] - Script1718980020443.ZakrytOpoveshenie(): null

17-03-2025T06:47:48 - [TEST_STEP][PASSED] - delay(10): Delayed 10 second(s)

17-03-2025T06:47:58 - [MESSAGE][PASSED] - Delayed 10 second(s)

17-03-2025T06:47:58 - [TEST_STEP][PASSED] - opoveshenie = getText(findTestObject("Выполнение бизнес-плана/Просьба обратить внимание")): Text of object 'Object Repository/Выполнение бизнес-плана/Просьба обратить внимание' is: 'Просьба обратить внимание'

17-03-2025T06:47:58 - [MESSAGE][PASSED] - Text of object 'Object Repository/Выполнение бизнес-плана/Просьба обратить внимание' is: 'Просьба обратить внимание'

17-03-2025T06:47:58 - [TEST_STEP][PASSED] - println(opoveshenie): null

17-03-2025T06:47:58 - [TEST_STEP][PASSED] - if (opoveshenie == "Просьба обратить внимание"): Object: 'Object Repository/Выполнение бизнес-плана/Закрыть оповещение' is clicked on

17-03-2025T06:47:58 - [TEST_STEP][PASSED] - click(findTestObject("Выполнение бизнес-плана/Закрыть оповещение")): Object: 'Object Repository/Выполнение бизнес-плана/Закрыть оповещение' is clicked on

17-03-2025T06:47:58 - [MESSAGE][PASSED] - Object: 'Object Repository/Выполнение бизнес-плана/Закрыть оповещение' is clicked on

17-03-2025T06:47:58 - [TEST_STEP][PASSED] - click(findTestObject("Object Repository/Выполнение бизнес-плана/Фильтр Дата")): Object: 'Object Repository/Выполнение бизнес-плана/Фильтр Дата' is clicked on

17-03-2025T06:47:59 - [MESSAGE][PASSED] - Object: 'Object Repository/Выполнение бизнес-плана/Фильтр Дата' is clicked on

17-03-2025T06:47:59 - [TEST_STEP][PASSED] - click(findTestObject("Выполнение бизнес-плана/Снять выделение в фильтре Дата")): Object: 'Object Repository/Выполнение бизнес-плана/Снять выделение в фильтре Дата' is clicked on

17-03-2025T06:47:59 - [MESSAGE][PASSED] - Object: 'Object Repository/Выполнение бизнес-плана/Снять выделение в фильтре Дата' is clicked on

17-03-2025T06:47:59 - [TEST_STEP][PASSED] - click(findTestObject("Object Repository/Выполнение бизнес-плана/Применить в фильтре Дата")): Object: 'Object Repository/Выполнение бизнес-плана/Применить в фильтре Дата' is clicked on

17-03-2025T06:48:00 - [MESSAGE][PASSED] - Object: 'Object Repository/Выполнение бизнес-плана/Применить в фильтре Дата' is clicked on

17-03-2025T06:48:00 - [TEST_STEP][PASSED] - delay(50): Delayed 50 second(s)

17-03-2025T06:48:50 - [MESSAGE][PASSED] - Delayed 50 second(s)

17-03-2025T06:48:50 - [TEST_STEP][PASSED] - Script1718980020443.ZakrytOpoveshenie(): null

17-03-2025T06:48:50 - [TEST_STEP][PASSED] - delay(10): Delayed 10 second(s)

17-03-2025T06:49:00 - [MESSAGE][PASSED] - Delayed 10 second(s)

17-03-2025T06:49:00 - [TEST_STEP][PASSED] - opoveshenie = getText(findTestObject("Выполнение бизнес-плана/Просьба обратить внимание")): Text of object 'Object Repository/Выполнение бизнес-плана/Просьба обратить внимание' is: 'Просьба обратить внимание'

17-03-2025T06:49:00 - [MESSAGE][PASSED] - Text of object 'Object Repository/Выполнение бизнес-плана/Просьба обратить внимание' is: 'Просьба обратить внимание'

17-03-2025T06:49:00 - [TEST_STEP][PASSED] - println(opoveshenie): null

17-03-2025T06:49:00 - [TEST_STEP][PASSED] - if (opoveshenie == "Просьба обратить внимание"): Object: 'Object Repository/Выполнение бизнес-плана/Закрыть оповещение' is clicked on

17-03-2025T06:49:00 - [TEST_STEP][PASSED] - click(findTestObject("Выполнение бизнес-плана/Закрыть оповещение")): Object: 'Object Repository/Выполнение бизнес-плана/Закрыть оповещение' is clicked on

17-03-2025T06:49:01 - [MESSAGE][PASSED] - Object: 'Object Repository/Выполнение бизнес-плана/Закрыть оповещение' is clicked on

17-03-2025T06:49:01 - [TEST_STEP][PASSED] - click(findTestObject("Object Repository/Выполнение бизнес-плана/Фильтр Дата")): Object: 'Object Repository/Выполнение бизнес-плана/Фильтр Дата' is clicked on

17-03-2025T06:49:01 - [MESSAGE][PASSED] - Object: 'Object Repository/Выполнение бизнес-плана/Фильтр Дата' is clicked on

17-03-2025T06:49:01 - [TEST_STEP][PASSED] - scrollToElement(findTestObject("Выполнение бизнес-плана/2025 список"), 30): Scroll to object 'Object Repository/Выполнение бизнес-плана/2025 список' successfully

17-03-2025T06:49:02 - [MESSAGE][PASSED] - Scroll to object 'Object Repository/Выполнение бизнес-плана/2025 список' successfully

17-03-2025T06:49:02 - [TEST_STEP][PASSED] - click(findTestObject("Выполнение бизнес-плана/2025 список"), CONTINUE_ON_FAILURE): Object: 'Object Repository/Выполнение бизнес-плана/2025 список' is clicked on

17-03-2025T06:49:02 - [MESSAGE][PASSED] - Object: 'Object Repository/Выполнение бизнес-плана/2025 список' is clicked on

17-03-2025T06:49:02 - [TEST_STEP][PASSED] - scrollToElement(findTestObject("Выполнение бизнес-плана/1 квартал 2025 список"), 30): Scroll to object 'Object Repository/Выполнение бизнес-плана/1 квартал 2025 список' successfully

17-03-2025T06:49:03 - [MESSAGE][PASSED] - Scroll to object 'Object Repository/Выполнение бизнес-плана/1 квартал 2025 список' successfully

17-03-2025T06:49:03 - [TEST_STEP][PASSED] - click(findTestObject("Выполнение бизнес-плана/1 квартал 2025 список"), CONTINUE_ON_FAILURE): Object: 'Object Repository/Выполнение бизнес-плана/1 квартал 2025 список' is clicked on

17-03-2025T06:49:03 - [MESSAGE][PASSED] - Object: 'Object Repository/Выполнение бизнес-плана/1 квартал 2025 список' is clicked on

17-03-2025T06:49:03 - [TEST_STEP][PASSED] - scrollToElement(findTestObject("Выполнение бизнес-плана/Январь 2025"), 30): Scroll to object 'Object Repository/Выполнение бизнес-плана/Январь 2025' successfully

17-03-2025T06:49:03 - [MESSAGE][PASSED] - Scroll to object 'Object Repository/Выполнение бизнес-плана/Январь 2025' successfully

17-03-2025T06:49:03 - [TEST_STEP][PASSED] - click(findTestObject("Выполнение бизнес-плана/Январь 2025"), CONTINUE_ON_FAILURE): Object: 'Object Repository/Выполнение бизнес-плана/Январь 2025' is clicked on

17-03-2025T06:49:04 - [MESSAGE][PASSED] - Object: 'Object Repository/Выполнение бизнес-плана/Январь 2025' is clicked on

17-03-2025T06:49:04 - [TEST_STEP][PASSED] - scrollToElement(findTestObject("Выполнение бизнес-плана/Заголовок дашборда"), 30): Scroll to object 'Object Repository/Выполнение бизнес-плана/Заголовок дашборда' successfully

17-03-2025T06:49:04 - [MESSAGE][PASSED] - Scroll to object 'Object Repository/Выполнение бизнес-плана/Заголовок дашборда' successfully

17-03-2025T06:49:04 - [TEST_STEP][PASSED] - click(findTestObject("Object Repository/Выполнение бизнес-плана/Применить в фильтре Дата")): Object: 'Object Repository/Выполнение бизнес-плана/Применить в фильтре Дата' is clicked on

17-03-2025T06:49:05 - [MESSAGE][PASSED] - Object: 'Object Repository/Выполнение бизнес-плана/Применить в фильтре Дата' is clicked on

17-03-2025T06:49:05 - [TEST_STEP][PASSED] - delay(50): Delayed 50 second(s)

17-03-2025T06:49:55 - [MESSAGE][PASSED] - Delayed 50 second(s)

17-03-2025T06:49:55 - [TEST_STEP][PASSED] - Script1718980020443.ZakrytOpoveshenie(): null

17-03-2025T06:49:55 - [TEST_STEP][PASSED] - delay(10): Delayed 10 second(s)

17-03-2025T06:50:05 - [MESSAGE][PASSED] - Delayed 10 second(s)

17-03-2025T06:50:05 - [TEST_STEP][PASSED] - opoveshenie = getText(findTestObject("Выполнение бизнес-плана/Просьба обратить внимание")): Text of object 'Object Repository/Выполнение бизнес-плана/Просьба обратить внимание' is: 'Просьба обратить внимание'

17-03-2025T06:50:05 - [MESSAGE][PASSED] - Text of object 'Object Repository/Выполнение бизнес-плана/Просьба обратить внимание' is: 'Просьба обратить внимание'

17-03-2025T06:50:05 - [TEST_STEP][PASSED] - println(opoveshenie): null

17-03-2025T06:50:05 - [TEST_STEP][PASSED] - if (opoveshenie == "Просьба обратить внимание"): Object: 'Object Repository/Выполнение бизнес-плана/Закрыть оповещение' is clicked on

17-03-2025T06:50:05 - [TEST_STEP][PASSED] - click(findTestObject("Выполнение бизнес-плана/Закрыть оповещение")): Object: 'Object Repository/Выполнение бизнес-плана/Закрыть оповещение' is clicked on

17-03-2025T06:50:05 - [MESSAGE][PASSED] - Object: 'Object Repository/Выполнение бизнес-плана/Закрыть оповещение' is clicked on

17-03-2025T06:50:05 - [TEST_STEP][PASSED] - delay(30): Delayed 30 second(s)

17-03-2025T06:50:36 - [MESSAGE][PASSED] - Delayed 30 second(s)

17-03-2025T06:50:36 - [TEST_STEP][PASSED] - Script1718980020443.OpenFilter(): null

17-03-2025T06:50:36 - [TEST_STEP][PASSED] - click(findTestObject("Object Repository/Выполнение бизнес-плана/Фильтр ДЗО")): Object: 'Object Repository/Выполнение бизнес-плана/Фильтр ДЗО' is clicked on

17-03-2025T06:50:36 - [MESSAGE][PASSED] - Object: 'Object Repository/Выполнение бизнес-плана/Фильтр ДЗО' is clicked on

17-03-2025T06:50:36 - [TEST_STEP][PASSED] - click(findTestObject("Выполнение бизнес-плана/Снять выделение в фильтре ДЗО")): Object: 'Object Repository/Выполнение бизнес-плана/Снять выделение в фильтре ДЗО' is clicked on

17-03-2025T06:50:36 - [MESSAGE][PASSED] - Object: 'Object Repository/Выполнение бизнес-плана/Снять выделение в фильтре ДЗО' is clicked on

17-03-2025T06:50:36 - [TEST_STEP][PASSED] - click(findTestObject("Выполнение бизнес-плана/Раскрыть список ПАО Россети в фильтре ДЗО")): Object: 'Object Repository/Выполнение бизнес-плана/Раскрыть список ПАО Россети в фильтре ДЗО' is clicked on

17-03-2025T06:50:37 - [MESSAGE][PASSED] - Object: 'Object Repository/Выполнение бизнес-плана/Раскрыть список ПАО Россети в фильтре ДЗО' is clicked on

17-03-2025T06:50:37 - [TEST_STEP][PASSED] - click(findTestObject("Выполнение бизнес-плана/ПАО Россети")): Object: 'Object Repository/Выполнение бизнес-плана/ПАО Россети' is clicked on

17-03-2025T06:50:37 - [MESSAGE][PASSED] - Object: 'Object Repository/Выполнение бизнес-плана/ПАО Россети' is clicked on

17-03-2025T06:50:37 - [TEST_STEP][PASSED] - click(findTestObject("Object Repository/Выполнение бизнес-плана/Применить в фильтре ДЗО")): Object: 'Object Repository/Выполнение бизнес-плана/Применить в фильтре ДЗО' is clicked on

17-03-2025T06:50:38 - [MESSAGE][PASSED] - Object: 'Object Repository/Выполнение бизнес-плана/Применить в фильтре ДЗО' is clicked on

17-03-2025T06:50:38 - [TEST_STEP][PASSED] - delay(30): Delayed 30 second(s)

17-03-2025T06:51:08 - [MESSAGE][PASSED] - Delayed 30 second(s)

17-03-2025T06:51:08 - [TEST_STEP][PASSED] - x1 = getText(findTestObject("Выполнение бизнес-плана/Список ДЗО старый")): Text of object 'Object Repository/Выполнение бизнес-плана/Список ДЗО старый' is: 'Россети ФСК ЕЭС
Россети Волга
Россети Московский регион
Россети Северо-Запад
Россети Томск
Россети Урал (ГК)
Россети Юг (ГК)
Россети Янтарь
0
10
20
30
40
50
60
70'

17-03-2025T06:51:09 - [MESSAGE][PASSED] - Text of object 'Object Repository/Выполнение бизнес-плана/Список ДЗО старый' is: 'Россети ФСК ЕЭС
Россети Волга
Россети Московский регион
Россети Северо-Запад
Россети Томск
Россети Урал (ГК)
Россети Юг (ГК)
Россети Янтарь
0
10
20
30
40
50
60
70'

17-03-2025T06:51:09 - [TEST_STEP][PASSED] - dZO = "ПАО Россети": null

17-03-2025T06:51:09 - [TEST_STEP][PASSED] - a = 84: null

17-03-2025T06:51:09 - [TEST_STEP][PASSED] - Script1718980020443.Numbers(a, typeOfData, todaysDate, pageInt, fileInt, pageDouble, fileDouble, dZO, dzoNum, filialNum): null

17-03-2025T06:51:09 - [TEST_STEP][PASSED] - println(dzoNum): null

17-03-2025T06:51:09 - [TEST_STEP][PASSED] - planFact = <not implemented yet for class: org.codehaus.groovy.ast.expr.EmptyExpression>: null

17-03-2025T06:51:09 - [TEST_STEP][PASSED] - page = <not implemented yet for class: org.codehaus.groovy.ast.expr.EmptyExpression>: null

17-03-2025T06:51:09 - [TEST_STEP][PASSED] - page1 = <not implemented yet for class: org.codehaus.groovy.ast.expr.EmptyExpression>: null

17-03-2025T06:51:09 - [TEST_STEP][PASSED] - page2 = <not implemented yet for class: org.codehaus.groovy.ast.expr.EmptyExpression>: null

17-03-2025T06:51:09 - [TEST_STEP][PASSED] - filialNumberInRow = <not implemented yet for class: org.codehaus.groovy.ast.expr.EmptyExpression>: null

17-03-2025T06:51:09 - [TEST_STEP][PASSED] - filialsDzoNames = <not implemented yet for class: org.codehaus.groovy.ast.expr.EmptyExpression>: null

17-03-2025T06:51:09 - [TEST_STEP][PASSED] - numberOfFilials = <not implemented yet for class: org.codehaus.groovy.ast.expr.EmptyExpression>: null

17-03-2025T06:51:09 - [TEST_STEP][PASSED] - numberOfSpaces = <not implemented yet for class: org.codehaus.groovy.ast.expr.EmptyExpression>: null

17-03-2025T06:51:09 - [TEST_STEP][PASSED] - file = <not implemented yet for class: org.codehaus.groovy.ast.expr.EmptyExpression>: null

17-03-2025T06:51:09 - [TEST_STEP][PASSED] - otpusk = <not implemented yet for class: org.codehaus.groovy.ast.expr.EmptyExpression>: null

17-03-2025T06:51:09 - [TEST_STEP][PASSED] - poteri = <not implemented yet for class: org.codehaus.groovy.ast.expr.EmptyExpression>: null

17-03-2025T06:51:09 - [TEST_STEP][PASSED] - dataFolder = "Выполнение бизнес-плана/Значения со страницы Выполнение бизнес-плана/": null

17-03-2025T06:51:09 - [TEST_STEP][PASSED] - path = <not implemented yet for class: org.codehaus.groovy.ast.expr.EmptyExpression>: null

17-03-2025T06:51:09 - [TEST_STEP][PASSED] - typeOfDataMain = <not implemented yet for class: org.codehaus.groovy.ast.expr.EmptyExpression>: null

17-03-2025T06:51:09 - [TEST_STEP][PASSED] - fileOtpuskVSet = <not implemented yet for class: org.codehaus.groovy.ast.expr.EmptyExpression>: null

17-03-2025T06:51:09 - [TEST_STEP][PASSED] - pageOtpuskVSet = <not implemented yet for class: org.codehaus.groovy.ast.expr.EmptyExpression>: null

17-03-2025T06:51:09 - [TEST_STEP][PASSED] - filePoteri = <not implemented yet for class: org.codehaus.groovy.ast.expr.EmptyExpression>: null

17-03-2025T06:51:09 - [TEST_STEP][PASSED] - pagePoteri = <not implemented yet for class: org.codehaus.groovy.ast.expr.EmptyExpression>: null

17-03-2025T06:51:09 - [TEST_STEP][PASSED] - compare = <not implemented yet for class: org.codehaus.groovy.ast.expr.EmptyExpression>: null

17-03-2025T06:51:09 - [TEST_STEP][PASSED] - b = <not implemented yet for class: org.codehaus.groovy.ast.expr.EmptyExpression>: null

17-03-2025T06:51:09 - [TEST_STEP][PASSED] - i = <not implemented yet for class: org.codehaus.groovy.ast.expr.EmptyExpression>: null

17-03-2025T06:51:09 - [TEST_STEP][PASSED] - ii = <not implemented yet for class: org.codehaus.groovy.ast.expr.EmptyExpression>: null

17-03-2025T06:51:09 - [TEST_STEP][PASSED] - c = <not implemented yet for class: org.codehaus.groovy.ast.expr.EmptyExpression>: null

17-03-2025T06:51:09 - [TEST_STEP][PASSED] - numberOfErrors = 0: null

17-03-2025T06:51:09 - [TEST_STEP][PASSED] - if (a == 82): null

17-03-2025T06:51:09 - [TEST_STEP][PASSED] - b = findTestData("PlanFact").getValue(1, a): null

17-03-2025T06:51:09 - [TEST_STEP][PASSED] - i = b.indexOf(" (ГК)"): null

17-03-2025T06:51:09 - [TEST_STEP][PASSED] - if (i > -1): null

17-03-2025T06:51:09 - [TEST_STEP][PASSED] - i = b.indexOf("О ""): null

17-03-2025T06:51:09 - [TEST_STEP][PASSED] - if (i > -1): null

17-03-2025T06:51:09 - [TEST_STEP][PASSED] - i = b.indexOf("О «"): null

17-03-2025T06:51:09 - [TEST_STEP][PASSED] - if (i > -1): null

17-03-2025T06:51:09 - [TEST_STEP][PASSED] - i = b.indexOf("г. "): null

17-03-2025T06:51:09 - [TEST_STEP][PASSED] - if (i > -1): null

17-03-2025T06:51:09 - [TEST_STEP][PASSED] - b = b.trim(): null

17-03-2025T06:51:09 - [TEST_STEP][PASSED] - println(b): null

17-03-2025T06:51:09 - [TEST_STEP][PASSED] - for ([planFact = 1, planFact < 3, (planFact++)]): null

17-03-2025T06:51:09 - [TEST_STEP][PASSED] - if (planFact == 1): null

17-03-2025T06:51:09 - [TEST_STEP][PASSED] - typeOfDataMain = "Факт": null

17-03-2025T06:51:09 - [TEST_STEP][PASSED] - otpusk = findTestData("PlanFact").getValue(5, a): null

17-03-2025T06:51:09 - [TEST_STEP][PASSED] - poteri = findTestData("PlanFact").getValue(6, a): null

17-03-2025T06:51:09 - [TEST_STEP][PASSED] - otpusk = otpusk.replaceAll("\s+", ""): null

17-03-2025T06:51:09 - [TEST_STEP][PASSED] - poteri = poteri.replaceAll("\s+", ""): null

17-03-2025T06:51:09 - [TEST_STEP][PASSED] - typeOfData = typeOfDataMain + " Отпуск в сеть": null

17-03-2025T06:51:09 - [TEST_STEP][PASSED] - if (a == 82): null

17-03-2025T06:51:09 - [TEST_STEP][PASSED] - else if (a == 84): null

17-03-2025T06:51:09 - [TEST_STEP][PASSED] - path = dataFolder + typeOfData + " за отчётный период " + "ПАО Россети": null

17-03-2025T06:51:09 - [TEST_STEP][PASSED] - println(path): null

17-03-2025T06:51:09 - [TEST_STEP][PASSED] - page = getText(findTestObject(path)): Text of object 'Object Repository/Выполнение бизнес-плана/Значения со страницы Выполнение бизнес-плана/Факт Отпуск в сеть за отчётный период ПАО Россети' is: '53 251 393'

17-03-2025T06:51:09 - [MESSAGE][PASSED] - Text of object 'Object Repository/Выполнение бизнес-плана/Значения со страницы Выполнение бизнес-плана/Факт Отпуск в сеть за отчётный период ПАО Россети' is: '53 251 393'

17-03-2025T06:51:09 - [TEST_STEP][PASSED] - if (page == "" || page == null): null

17-03-2025T06:51:09 - [TEST_STEP][PASSED] - else: null

17-03-2025T06:51:09 - [TEST_STEP][PASSED] - page = page.replaceAll("\s+", ""): null

17-03-2025T06:51:09 - [TEST_STEP][PASSED] - if (page == "undefined"): null

17-03-2025T06:51:09 - [TEST_STEP][PASSED] - fileOtpuskVSet = otpusk.toInteger(): null

17-03-2025T06:51:09 - [TEST_STEP][PASSED] - pageOtpuskVSet = page.toInteger(): null

17-03-2025T06:51:09 - [TEST_STEP][PASSED] - typeOfData = typeOfDataMain + " Потери": null

17-03-2025T06:51:09 - [TEST_STEP][PASSED] - if (a == 82): null

17-03-2025T06:51:09 - [TEST_STEP][PASSED] - else if (a == 84): null

17-03-2025T06:51:09 - [TEST_STEP][PASSED] - path = dataFolder + typeOfData + " за отчётный период " + "ПАО Россети": null

17-03-2025T06:51:09 - [TEST_STEP][PASSED] - page = getText(findTestObject(path)): Text of object 'Object Repository/Выполнение бизнес-плана/Значения со страницы Выполнение бизнес-плана/Факт Потери за отчётный период ПАО Россети' is: '4 390 768'

17-03-2025T06:51:09 - [MESSAGE][PASSED] - Text of object 'Object Repository/Выполнение бизнес-плана/Значения со страницы Выполнение бизнес-плана/Факт Потери за отчётный период ПАО Россети' is: '4 390 768'

17-03-2025T06:51:09 - [TEST_STEP][PASSED] - if (page == "" || page == null): null

17-03-2025T06:51:09 - [TEST_STEP][PASSED] - else: null

17-03-2025T06:51:09 - [TEST_STEP][PASSED] - page = page.replaceAll("\s+", ""): null

17-03-2025T06:51:09 - [TEST_STEP][PASSED] - if (page == "undefined"): null

17-03-2025T06:51:09 - [TEST_STEP][PASSED] - filePoteri = poteri.toInteger(): null

17-03-2025T06:51:09 - [TEST_STEP][PASSED] - pagePoteri = page.toInteger(): null

17-03-2025T06:51:09 - [TEST_STEP][PASSED] - compare = pageOtpuskVSet: null

17-03-2025T06:51:09 - [TEST_STEP][PASSED] - if (pageOtpuskVSet != null): null

17-03-2025T06:51:09 - [TEST_STEP][PASSED] - if (compare == fileOtpuskVSet): null

17-03-2025T06:51:09 - [TEST_STEP][PASSED] - else if (compare > fileOtpuskVSet): null

17-03-2025T06:51:09 - [TEST_STEP][PASSED] - else if (compare < fileOtpuskVSet): null

17-03-2025T06:51:09 - [TEST_STEP][PASSED] - compare = compare + 1: null

17-03-2025T06:51:09 - [TEST_STEP][PASSED] - if (compare == fileOtpuskVSet): null

17-03-2025T06:51:09 - [TEST_STEP][PASSED] - else: null

17-03-2025T06:51:09 - [TEST_STEP][PASSED] - numberOfErrors = numberOfErrors + 1: null

17-03-2025T06:51:09 - [TEST_STEP][PASSED] - pageInt = pageOtpuskVSet: null

17-03-2025T06:51:09 - [TEST_STEP][PASSED] - fileInt = fileOtpuskVSet: null

17-03-2025T06:51:09 - [TEST_STEP][PASSED] - typeOfData = typeOfDataMain + " Отпуск в сеть": null

17-03-2025T06:51:09 - [TEST_STEP][PASSED] - Script1718980020443.WriteToExcel(a, typeOfData, todaysDate, pageInt, fileInt, pageDouble, fileDouble, dZO): null

17-03-2025T06:51:09 - [TEST_STEP][PASSED] - sheetName = "Sheet1": null

17-03-2025T06:51:09 - [TEST_STEP][PASSED] - data = findTestData("PlanFact"): null

17-03-2025T06:51:09 - [TEST_STEP][PASSED] - n = data.getRowNumbers() + 1: null

17-03-2025T06:51:09 - [TEST_STEP][PASSED] - day = ")).toInteger(): null

17-03-2025T06:51:09 - [TEST_STEP][PASSED] - println(day): null

17-03-2025T06:51:09 - [TEST_STEP][PASSED] - month = ")).toInteger(): null

17-03-2025T06:51:09 - [TEST_STEP][PASSED] - println(month): null

17-03-2025T06:51:09 - [TEST_STEP][PASSED] - y = <not implemented yet for class: org.codehaus.groovy.ast.expr.EmptyExpression>: null

17-03-2025T06:51:09 - [TEST_STEP][PASSED] - iy = <not implemented yet for class: org.codehaus.groovy.ast.expr.EmptyExpression>: null

17-03-2025T06:51:09 - [TEST_STEP][PASSED] - m = getText(findTestObject("Выполнение бизнес-плана/Период")): Text of object 'Object Repository/Выполнение бизнес-плана/Период' is: 'Январь 2025 года'

17-03-2025T06:51:10 - [MESSAGE][PASSED] - Text of object 'Object Repository/Выполнение бизнес-плана/Период' is: 'Январь 2025 года'

17-03-2025T06:51:10 - [TEST_STEP][PASSED] - iy = m.indexOf("20"): null

17-03-2025T06:51:10 - [TEST_STEP][PASSED] - if (iy > -1): null

17-03-2025T06:51:10 - [TEST_STEP][PASSED] - y = substring(iy, iy + 4).toInteger(): null

17-03-2025T06:51:10 - [TEST_STEP][PASSED] - println(y): null

17-03-2025T06:51:10 - [TEST_STEP][PASSED] - if (toString().length() == 4): null

17-03-2025T06:51:10 - [TEST_STEP][PASSED] - m = m.substring(0, m.indexOf(y.toString())): null

17-03-2025T06:51:10 - [TEST_STEP][PASSED] - m = m.trim(): null

17-03-2025T06:51:10 - [TEST_STEP][PASSED] - if (m == ""): null

17-03-2025T06:51:10 - [TEST_STEP][PASSED] - dashboardName = "Выполнение бизнес-плана": null

17-03-2025T06:51:10 - [TEST_STEP][PASSED] - workbook01 = getWorkbook(excelFilePath): null

17-03-2025T06:51:10 - [TEST_STEP][PASSED] - sheet01 = getExcelSheet(workbook01, sheetName): null

17-03-2025T06:51:10 - [TEST_STEP][PASSED] - setValueToCellByIndex(sheet01, n, 0, dashboardName): null

17-03-2025T06:51:10 - [TEST_STEP][PASSED] - setValueToCellByIndex(sheet01, n, 1, dZO): null

17-03-2025T06:51:10 - [TEST_STEP][PASSED] - setValueToCellByIndex(sheet01, n, 2, typeOfData): null

17-03-2025T06:51:10 - [TEST_STEP][PASSED] - if (typeOfData == "Факт в процентах" || typeOfData == "План в процентах"): null

17-03-2025T06:51:10 - [TEST_STEP][PASSED] - else: null

17-03-2025T06:51:10 - [TEST_STEP][PASSED] - setValueToCellByIndex(sheet01, n, 3, fileInt): null

17-03-2025T06:51:10 - [TEST_STEP][PASSED] - setValueToCellByIndex(sheet01, n, 4, pageInt): null

17-03-2025T06:51:10 - [TEST_STEP][PASSED] - setValueToCellByIndex(sheet01, n, 5, m): null

17-03-2025T06:51:10 - [TEST_STEP][PASSED] - setValueToCellByIndex(sheet01, n, 6, y): null

17-03-2025T06:51:10 - [TEST_STEP][PASSED] - setValueToCellByIndex(sheet01, n, 7, todaysDate): null

17-03-2025T06:51:10 - [TEST_STEP][PASSED] - n = n + 1: null

17-03-2025T06:51:10 - [TEST_STEP][PASSED] - saveWorkbook(excelFilePath, workbook01): null

17-03-2025T06:51:10 - [TEST_STEP][PASSED] - compare = pagePoteri: null

17-03-2025T06:51:10 - [TEST_STEP][PASSED] - if (pageOtpuskVSet != null): null

17-03-2025T06:51:10 - [TEST_STEP][PASSED] - if (compare == filePoteri): null

17-03-2025T06:51:10 - [TEST_STEP][PASSED] - else if (compare > filePoteri): null

17-03-2025T06:51:10 - [TEST_STEP][PASSED] - else if (compare < filePoteri): null

17-03-2025T06:51:10 - [TEST_STEP][PASSED] - compare = compare + 1: null

17-03-2025T06:51:10 - [TEST_STEP][PASSED] - if (compare == filePoteri): null

17-03-2025T06:51:10 - [TEST_STEP][PASSED] - else: null

17-03-2025T06:51:10 - [TEST_STEP][PASSED] - numberOfErrors = numberOfErrors + 1: null

17-03-2025T06:51:10 - [TEST_STEP][PASSED] - pageInt = pagePoteri: null

17-03-2025T06:51:10 - [TEST_STEP][PASSED] - fileInt = filePoteri: null

17-03-2025T06:51:10 - [TEST_STEP][PASSED] - typeOfData = typeOfDataMain + " Потери": null

17-03-2025T06:51:10 - [TEST_STEP][PASSED] - Script1718980020443.WriteToExcel(a, typeOfData, todaysDate, pageInt, fileInt, pageDouble, fileDouble, dZO): null

17-03-2025T06:51:10 - [TEST_STEP][PASSED] - sheetName = "Sheet1": null

17-03-2025T06:51:10 - [TEST_STEP][PASSED] - data = findTestData("PlanFact"): null

17-03-2025T06:51:10 - [TEST_STEP][PASSED] - n = data.getRowNumbers() + 1: null

17-03-2025T06:51:10 - [TEST_STEP][PASSED] - day = ")).toInteger(): null

17-03-2025T06:51:10 - [TEST_STEP][PASSED] - println(day): null

17-03-2025T06:51:10 - [TEST_STEP][PASSED] - month = ")).toInteger(): null

17-03-2025T06:51:10 - [TEST_STEP][PASSED] - println(month): null

17-03-2025T06:51:10 - [TEST_STEP][PASSED] - y = <not implemented yet for class: org.codehaus.groovy.ast.expr.EmptyExpression>: null

17-03-2025T06:51:10 - [TEST_STEP][PASSED] - iy = <not implemented yet for class: org.codehaus.groovy.ast.expr.EmptyExpression>: null

17-03-2025T06:51:10 - [TEST_STEP][PASSED] - m = getText(findTestObject("Выполнение бизнес-плана/Период")): Text of object 'Object Repository/Выполнение бизнес-плана/Период' is: 'Январь 2025 года'

17-03-2025T06:51:10 - [MESSAGE][PASSED] - Text of object 'Object Repository/Выполнение бизнес-плана/Период' is: 'Январь 2025 года'

17-03-2025T06:51:10 - [TEST_STEP][PASSED] - iy = m.indexOf("20"): null

17-03-2025T06:51:10 - [TEST_STEP][PASSED] - if (iy > -1): null

17-03-2025T06:51:10 - [TEST_STEP][PASSED] - y = substring(iy, iy + 4).toInteger(): null

17-03-2025T06:51:10 - [TEST_STEP][PASSED] - println(y): null

17-03-2025T06:51:10 - [TEST_STEP][PASSED] - if (toString().length() == 4): null

17-03-2025T06:51:10 - [TEST_STEP][PASSED] - m = m.substring(0, m.indexOf(y.toString())): null

17-03-2025T06:51:10 - [TEST_STEP][PASSED] - m = m.trim(): null

17-03-2025T06:51:10 - [TEST_STEP][PASSED] - if (m == ""): null

17-03-2025T06:51:10 - [TEST_STEP][PASSED] - dashboardName = "Выполнение бизнес-плана": null

17-03-2025T06:51:10 - [TEST_STEP][PASSED] - workbook01 = getWorkbook(excelFilePath): null

17-03-2025T06:51:10 - [TEST_STEP][PASSED] - sheet01 = getExcelSheet(workbook01, sheetName): null

17-03-2025T06:51:10 - [TEST_STEP][PASSED] - setValueToCellByIndex(sheet01, n, 0, dashboardName): null

17-03-2025T06:51:10 - [TEST_STEP][PASSED] - setValueToCellByIndex(sheet01, n, 1, dZO): null

17-03-2025T06:51:10 - [TEST_STEP][PASSED] - setValueToCellByIndex(sheet01, n, 2, typeOfData): null

17-03-2025T06:51:10 - [TEST_STEP][PASSED] - if (typeOfData == "Факт в процентах" || typeOfData == "План в процентах"): null

17-03-2025T06:51:10 - [TEST_STEP][PASSED] - else: null

17-03-2025T06:51:10 - [TEST_STEP][PASSED] - setValueToCellByIndex(sheet01, n, 3, fileInt): null

17-03-2025T06:51:10 - [TEST_STEP][PASSED] - setValueToCellByIndex(sheet01, n, 4, pageInt): null

17-03-2025T06:51:10 - [TEST_STEP][PASSED] - setValueToCellByIndex(sheet01, n, 5, m): null

17-03-2025T06:51:10 - [TEST_STEP][PASSED] - setValueToCellByIndex(sheet01, n, 6, y): null

17-03-2025T06:51:10 - [TEST_STEP][PASSED] - setValueToCellByIndex(sheet01, n, 7, todaysDate): null

17-03-2025T06:51:10 - [TEST_STEP][PASSED] - n = n + 1: null

17-03-2025T06:51:10 - [TEST_STEP][PASSED] - saveWorkbook(excelFilePath, workbook01): null

17-03-2025T06:51:11 - [TEST_STEP][PASSED] - if (planFact == 2): null

17-03-2025T06:51:11 - [TEST_STEP][PASSED] - if (planFact == 1): null

17-03-2025T06:51:11 - [TEST_STEP][PASSED] - else if (planFact == 2): null

17-03-2025T06:51:11 - [TEST_STEP][PASSED] - click(findTestObject("Выполнение бизнес-плана/Кнопка План")): Object: 'Object Repository/Выполнение бизнес-плана/Кнопка План' is clicked on

17-03-2025T06:51:11 - [MESSAGE][PASSED] - Object: 'Object Repository/Выполнение бизнес-плана/Кнопка План' is clicked on

17-03-2025T06:51:11 - [TEST_STEP][PASSED] - typeOfDataMain = "План": null

17-03-2025T06:51:11 - [TEST_STEP][PASSED] - otpusk = findTestData("PlanFact").getValue(2, a): null

17-03-2025T06:51:11 - [TEST_STEP][PASSED] - poteri = findTestData("PlanFact").getValue(3, a): null

17-03-2025T06:51:11 - [TEST_STEP][PASSED] - otpusk = otpusk.replaceAll("\s+", ""): null

17-03-2025T06:51:11 - [TEST_STEP][PASSED] - poteri = poteri.replaceAll("\s+", ""): null

17-03-2025T06:51:11 - [TEST_STEP][PASSED] - typeOfData = typeOfDataMain + " Отпуск в сеть": null

17-03-2025T06:51:11 - [TEST_STEP][PASSED] - if (a == 82): null

17-03-2025T06:51:11 - [TEST_STEP][PASSED] - else if (a == 84): null

17-03-2025T06:51:11 - [TEST_STEP][PASSED] - path = dataFolder + typeOfData + " за отчётный период " + "ПАО Россети": null

17-03-2025T06:51:11 - [TEST_STEP][PASSED] - println(path): null

17-03-2025T06:51:11 - [TEST_STEP][PASSED] - page = getText(findTestObject(path)): Text of object 'Object Repository/Выполнение бизнес-плана/Значения со страницы Выполнение бизнес-плана/План Отпуск в сеть за отчётный период ПАО Россети' is: '88 391 519'

17-03-2025T06:51:11 - [MESSAGE][PASSED] - Text of object 'Object Repository/Выполнение бизнес-плана/Значения со страницы Выполнение бизнес-плана/План Отпуск в сеть за отчётный период ПАО Россети' is: '88 391 519'

17-03-2025T06:51:11 - [TEST_STEP][PASSED] - if (page == "" || page == null): null

17-03-2025T06:51:11 - [TEST_STEP][PASSED] - else: null

17-03-2025T06:51:11 - [TEST_STEP][PASSED] - page = page.replaceAll("\s+", ""): null

17-03-2025T06:51:11 - [TEST_STEP][PASSED] - if (page == "undefined"): null

17-03-2025T06:51:11 - [TEST_STEP][PASSED] - fileOtpuskVSet = otpusk.toInteger(): null

17-03-2025T06:51:11 - [TEST_STEP][PASSED] - pageOtpuskVSet = page.toInteger(): null

17-03-2025T06:51:11 - [TEST_STEP][PASSED] - typeOfData = typeOfDataMain + " Потери": null

17-03-2025T06:51:11 - [TEST_STEP][PASSED] - if (a == 82): null

17-03-2025T06:51:11 - [TEST_STEP][PASSED] - else if (a == 84): null

17-03-2025T06:51:11 - [TEST_STEP][PASSED] - path = dataFolder + typeOfData + " за отчётный период " + "ПАО Россети": null

17-03-2025T06:51:11 - [TEST_STEP][PASSED] - page = getText(findTestObject(path)): Text of object 'Object Repository/Выполнение бизнес-плана/Значения со страницы Выполнение бизнес-плана/План Потери за отчётный период ПАО Россети' is: '4 833 249'

17-03-2025T06:51:12 - [MESSAGE][PASSED] - Text of object 'Object Repository/Выполнение бизнес-плана/Значения со страницы Выполнение бизнес-плана/План Потери за отчётный период ПАО Россети' is: '4 833 249'

17-03-2025T06:51:12 - [TEST_STEP][PASSED] - if (page == "" || page == null): null

17-03-2025T06:51:12 - [TEST_STEP][PASSED] - else: null

17-03-2025T06:51:12 - [TEST_STEP][PASSED] - page = page.replaceAll("\s+", ""): null

17-03-2025T06:51:12 - [TEST_STEP][PASSED] - if (page == "undefined"): null

17-03-2025T06:51:12 - [TEST_STEP][PASSED] - filePoteri = poteri.toInteger(): null

17-03-2025T06:51:12 - [TEST_STEP][PASSED] - pagePoteri = page.toInteger(): null

17-03-2025T06:51:12 - [TEST_STEP][PASSED] - compare = pageOtpuskVSet: null

17-03-2025T06:51:12 - [TEST_STEP][PASSED] - if (pageOtpuskVSet != null): null

17-03-2025T06:51:12 - [TEST_STEP][PASSED] - if (compare == fileOtpuskVSet): null

17-03-2025T06:51:12 - [TEST_STEP][PASSED] - else if (compare > fileOtpuskVSet): null

17-03-2025T06:51:12 - [TEST_STEP][PASSED] - else if (compare < fileOtpuskVSet): null

17-03-2025T06:51:12 - [TEST_STEP][PASSED] - compare = compare + 1: null

17-03-2025T06:51:12 - [TEST_STEP][PASSED] - if (compare == fileOtpuskVSet): null

17-03-2025T06:51:12 - [TEST_STEP][PASSED] - else: null

17-03-2025T06:51:12 - [TEST_STEP][PASSED] - numberOfErrors = numberOfErrors + 1: null

17-03-2025T06:51:12 - [TEST_STEP][PASSED] - pageInt = pageOtpuskVSet: null

17-03-2025T06:51:12 - [TEST_STEP][PASSED] - fileInt = fileOtpuskVSet: null

17-03-2025T06:51:12 - [TEST_STEP][PASSED] - typeOfData = typeOfDataMain + " Отпуск в сеть": null

17-03-2025T06:51:12 - [TEST_STEP][PASSED] - Script1718980020443.WriteToExcel(a, typeOfData, todaysDate, pageInt, fileInt, pageDouble, fileDouble, dZO): null

17-03-2025T06:51:12 - [TEST_STEP][PASSED] - sheetName = "Sheet1": null

17-03-2025T06:51:12 - [TEST_STEP][PASSED] - data = findTestData("PlanFact"): null

17-03-2025T06:51:12 - [TEST_STEP][PASSED] - n = data.getRowNumbers() + 1: null

17-03-2025T06:51:12 - [TEST_STEP][PASSED] - day = ")).toInteger(): null

17-03-2025T06:51:12 - [TEST_STEP][PASSED] - println(day): null

17-03-2025T06:51:12 - [TEST_STEP][PASSED] - month = ")).toInteger(): null

17-03-2025T06:51:12 - [TEST_STEP][PASSED] - println(month): null

17-03-2025T06:51:12 - [TEST_STEP][PASSED] - y = <not implemented yet for class: org.codehaus.groovy.ast.expr.EmptyExpression>: null

17-03-2025T06:51:12 - [TEST_STEP][PASSED] - iy = <not implemented yet for class: org.codehaus.groovy.ast.expr.EmptyExpression>: null

17-03-2025T06:51:12 - [TEST_STEP][PASSED] - m = getText(findTestObject("Выполнение бизнес-плана/Период")): Text of object 'Object Repository/Выполнение бизнес-плана/Период' is: 'Январь 2025 года'

17-03-2025T06:51:12 - [MESSAGE][PASSED] - Text of object 'Object Repository/Выполнение бизнес-плана/Период' is: 'Январь 2025 года'

17-03-2025T06:51:12 - [TEST_STEP][PASSED] - iy = m.indexOf("20"): null

17-03-2025T06:51:12 - [TEST_STEP][PASSED] - if (iy > -1): null

17-03-2025T06:51:12 - [TEST_STEP][PASSED] - y = substring(iy, iy + 4).toInteger(): null

17-03-2025T06:51:12 - [TEST_STEP][PASSED] - println(y): null

17-03-2025T06:51:12 - [TEST_STEP][PASSED] - if (toString().length() == 4): null

17-03-2025T06:51:12 - [TEST_STEP][PASSED] - m = m.substring(0, m.indexOf(y.toString())): null

17-03-2025T06:51:12 - [TEST_STEP][PASSED] - m = m.trim(): null

17-03-2025T06:51:12 - [TEST_STEP][PASSED] - if (m == ""): null

17-03-2025T06:51:12 - [TEST_STEP][PASSED] - dashboardName = "Выполнение бизнес-плана": null

17-03-2025T06:51:12 - [TEST_STEP][PASSED] - workbook01 = getWorkbook(excelFilePath): null

17-03-2025T06:51:12 - [TEST_STEP][PASSED] - sheet01 = getExcelSheet(workbook01, sheetName): null

17-03-2025T06:51:12 - [TEST_STEP][PASSED] - setValueToCellByIndex(sheet01, n, 0, dashboardName): null

17-03-2025T06:51:12 - [TEST_STEP][PASSED] - setValueToCellByIndex(sheet01, n, 1, dZO): null

17-03-2025T06:51:12 - [TEST_STEP][PASSED] - setValueToCellByIndex(sheet01, n, 2, typeOfData): null

17-03-2025T06:51:12 - [TEST_STEP][PASSED] - if (typeOfData == "Факт в процентах" || typeOfData == "План в процентах"): null

17-03-2025T06:51:12 - [TEST_STEP][PASSED] - else: null

17-03-2025T06:51:12 - [TEST_STEP][PASSED] - setValueToCellByIndex(sheet01, n, 3, fileInt): null

17-03-2025T06:51:12 - [TEST_STEP][PASSED] - setValueToCellByIndex(sheet01, n, 4, pageInt): null

17-03-2025T06:51:12 - [TEST_STEP][PASSED] - setValueToCellByIndex(sheet01, n, 5, m): null

17-03-2025T06:51:12 - [TEST_STEP][PASSED] - setValueToCellByIndex(sheet01, n, 6, y): null

17-03-2025T06:51:12 - [TEST_STEP][PASSED] - setValueToCellByIndex(sheet01, n, 7, todaysDate): null

17-03-2025T06:51:12 - [TEST_STEP][PASSED] - n = n + 1: null

17-03-2025T06:51:12 - [TEST_STEP][PASSED] - saveWorkbook(excelFilePath, workbook01): null

17-03-2025T06:51:12 - [TEST_STEP][PASSED] - compare = pagePoteri: null

17-03-2025T06:51:12 - [TEST_STEP][PASSED] - if (pageOtpuskVSet != null): null

17-03-2025T06:51:12 - [TEST_STEP][PASSED] - if (compare == filePoteri): null

17-03-2025T06:51:12 - [TEST_STEP][PASSED] - else if (compare > filePoteri): null

17-03-2025T06:51:12 - [TEST_STEP][PASSED] - else if (compare < filePoteri): null

17-03-2025T06:51:12 - [TEST_STEP][PASSED] - compare = compare + 1: null

17-03-2025T06:51:12 - [TEST_STEP][PASSED] - if (compare == filePoteri): null

17-03-2025T06:51:12 - [TEST_STEP][PASSED] - else: null

17-03-2025T06:51:12 - [TEST_STEP][PASSED] - numberOfErrors = numberOfErrors + 1: null

17-03-2025T06:51:12 - [TEST_STEP][PASSED] - pageInt = pagePoteri: null

17-03-2025T06:51:12 - [TEST_STEP][PASSED] - fileInt = filePoteri: null

17-03-2025T06:51:12 - [TEST_STEP][PASSED] - typeOfData = typeOfDataMain + " Потери": null

17-03-2025T06:51:12 - [TEST_STEP][PASSED] - Script1718980020443.WriteToExcel(a, typeOfData, todaysDate, pageInt, fileInt, pageDouble, fileDouble, dZO): null

17-03-2025T06:51:12 - [TEST_STEP][PASSED] - sheetName = "Sheet1": null

17-03-2025T06:51:12 - [TEST_STEP][PASSED] - data = findTestData("PlanFact"): null

17-03-2025T06:51:12 - [TEST_STEP][PASSED] - n = data.getRowNumbers() + 1: null

17-03-2025T06:51:12 - [TEST_STEP][PASSED] - day = ")).toInteger(): null

17-03-2025T06:51:12 - [TEST_STEP][PASSED] - println(day): null

17-03-2025T06:51:12 - [TEST_STEP][PASSED] - month = ")).toInteger(): null

17-03-2025T06:51:12 - [TEST_STEP][PASSED] - println(month): null

17-03-2025T06:51:12 - [TEST_STEP][PASSED] - y = <not implemented yet for class: org.codehaus.groovy.ast.expr.EmptyExpression>: null

17-03-2025T06:51:12 - [TEST_STEP][PASSED] - iy = <not implemented yet for class: org.codehaus.groovy.ast.expr.EmptyExpression>: null

17-03-2025T06:51:12 - [TEST_STEP][PASSED] - m = getText(findTestObject("Выполнение бизнес-плана/Период")): Text of object 'Object Repository/Выполнение бизнес-плана/Период' is: 'Январь 2025 года'

17-03-2025T06:51:13 - [MESSAGE][PASSED] - Text of object 'Object Repository/Выполнение бизнес-плана/Период' is: 'Январь 2025 года'

17-03-2025T06:51:13 - [TEST_STEP][PASSED] - iy = m.indexOf("20"): null

17-03-2025T06:51:13 - [TEST_STEP][PASSED] - if (iy > -1): null

17-03-2025T06:51:13 - [TEST_STEP][PASSED] - y = substring(iy, iy + 4).toInteger(): null

17-03-2025T06:51:13 - [TEST_STEP][PASSED] - println(y): null

17-03-2025T06:51:13 - [TEST_STEP][PASSED] - if (toString().length() == 4): null

17-03-2025T06:51:13 - [TEST_STEP][PASSED] - m = m.substring(0, m.indexOf(y.toString())): null

17-03-2025T06:51:13 - [TEST_STEP][PASSED] - m = m.trim(): null

17-03-2025T06:51:13 - [TEST_STEP][PASSED] - if (m == ""): null

17-03-2025T06:51:13 - [TEST_STEP][PASSED] - dashboardName = "Выполнение бизнес-плана": null

17-03-2025T06:51:13 - [TEST_STEP][PASSED] - workbook01 = getWorkbook(excelFilePath): null

17-03-2025T06:51:13 - [TEST_STEP][PASSED] - sheet01 = getExcelSheet(workbook01, sheetName): null

17-03-2025T06:51:13 - [TEST_STEP][PASSED] - setValueToCellByIndex(sheet01, n, 0, dashboardName): null

17-03-2025T06:51:13 - [TEST_STEP][PASSED] - setValueToCellByIndex(sheet01, n, 1, dZO): null

17-03-2025T06:51:13 - [TEST_STEP][PASSED] - setValueToCellByIndex(sheet01, n, 2, typeOfData): null

17-03-2025T06:51:13 - [TEST_STEP][PASSED] - if (typeOfData == "Факт в процентах" || typeOfData == "План в процентах"): null

17-03-2025T06:51:13 - [TEST_STEP][PASSED] - else: null

17-03-2025T06:51:13 - [TEST_STEP][PASSED] - setValueToCellByIndex(sheet01, n, 3, fileInt): null

17-03-2025T06:51:13 - [TEST_STEP][PASSED] - setValueToCellByIndex(sheet01, n, 4, pageInt): null

17-03-2025T06:51:13 - [TEST_STEP][PASSED] - setValueToCellByIndex(sheet01, n, 5, m): null

17-03-2025T06:51:13 - [TEST_STEP][PASSED] - setValueToCellByIndex(sheet01, n, 6, y): null

17-03-2025T06:51:13 - [TEST_STEP][PASSED] - setValueToCellByIndex(sheet01, n, 7, todaysDate): null

17-03-2025T06:51:13 - [TEST_STEP][PASSED] - n = n + 1: null

17-03-2025T06:51:13 - [TEST_STEP][PASSED] - saveWorkbook(excelFilePath, workbook01): Object: 'Object Repository/Выполнение бизнес-плана/Кнопка Факт' is clicked on

17-03-2025T06:51:13 - [TEST_STEP][PASSED] - if (planFact == 2): Object: 'Object Repository/Выполнение бизнес-плана/Кнопка Факт' is clicked on

17-03-2025T06:51:13 - [TEST_STEP][PASSED] - click(findTestObject("Выполнение бизнес-плана/Кнопка Факт")): Object: 'Object Repository/Выполнение бизнес-плана/Кнопка Факт' is clicked on

17-03-2025T06:51:13 - [MESSAGE][PASSED] - Object: 'Object Repository/Выполнение бизнес-плана/Кнопка Факт' is clicked on

17-03-2025T06:51:13 - [TEST_STEP][PASSED] - println("a=" + a): null

17-03-2025T06:51:13 - [TEST_STEP][PASSED] - if (a == 84 || a == 82): null

17-03-2025T06:51:13 - [TEST_STEP][PASSED] - page = getText(findTestObject("Выполнение бизнес-плана/textPlanFact")): Text of object 'Object Repository/Выполнение бизнес-плана/textPlanFact' is: '%
5.47 5.47
8.25 8.25
План
Факт
1
100'

17-03-2025T06:51:14 - [MESSAGE][PASSED] - Text of object 'Object Repository/Выполнение бизнес-плана/textPlanFact' is: '%
5.47 5.47
8.25 8.25
План
Факт
1
100'

17-03-2025T06:51:14 - [TEST_STEP][PASSED] - page = page.replaceAll("\n", "_"): null

17-03-2025T06:51:14 - [TEST_STEP][PASSED] - page = page.substring(page.indexOf("_") + 1, page.length()): null

17-03-2025T06:51:14 - [TEST_STEP][PASSED] - page1 = page.substring(0, page.indexOf("_")): null

17-03-2025T06:51:14 - [TEST_STEP][PASSED] - page1 = page.substring(0, page.indexOf(" ")): null

17-03-2025T06:51:14 - [TEST_STEP][PASSED] - page2 = page.substring(page.indexOf("_") + 1, page.length()): null

17-03-2025T06:51:14 - [TEST_STEP][PASSED] - page2 = page2.substring(0, page.indexOf("_")): null

17-03-2025T06:51:14 - [TEST_STEP][PASSED] - page2 = page2.substring(0, page.indexOf(" ")): null

17-03-2025T06:51:14 - [TEST_STEP][PASSED] - println("page1: " + page1): null

17-03-2025T06:51:14 - [TEST_STEP][PASSED] - println("page2: " + page2): null

17-03-2025T06:51:14 - [TEST_STEP][PASSED] - file = findTestData("PlanFact").getValue(4, a): null

17-03-2025T06:51:14 - [TEST_STEP][PASSED] - file = file.replace(",", "."): null

17-03-2025T06:51:14 - [TEST_STEP][PASSED] - println("file Plan: " + file): null

17-03-2025T06:51:14 - [TEST_STEP][PASSED] - typeOfData = "План в процентах": null

17-03-2025T06:51:14 - [TEST_STEP][PASSED] - fileDouble = file.toDouble(): null

17-03-2025T06:51:14 - [TEST_STEP][PASSED] - pageDouble = page1.toDouble(): null

17-03-2025T06:51:14 - [TEST_STEP][PASSED] - if (fileDouble != pageDouble): null

17-03-2025T06:51:14 - [TEST_STEP][PASSED] - numberOfErrors = numberOfErrors + 1: null

17-03-2025T06:51:14 - [TEST_STEP][PASSED] - Script1718980020443.WriteToExcel(a, typeOfData, todaysDate, pageInt, fileInt, pageDouble, fileDouble, dZO): null

17-03-2025T06:51:14 - [TEST_STEP][PASSED] - sheetName = "Sheet1": null

17-03-2025T06:51:14 - [TEST_STEP][PASSED] - data = findTestData("PlanFact"): null

17-03-2025T06:51:14 - [TEST_STEP][PASSED] - n = data.getRowNumbers() + 1: null

17-03-2025T06:51:14 - [TEST_STEP][PASSED] - day = ")).toInteger(): null

17-03-2025T06:51:14 - [TEST_STEP][PASSED] - println(day): null

17-03-2025T06:51:14 - [TEST_STEP][PASSED] - month = ")).toInteger(): null

17-03-2025T06:51:14 - [TEST_STEP][PASSED] - println(month): null

17-03-2025T06:51:14 - [TEST_STEP][PASSED] - y = <not implemented yet for class: org.codehaus.groovy.ast.expr.EmptyExpression>: null

17-03-2025T06:51:14 - [TEST_STEP][PASSED] - iy = <not implemented yet for class: org.codehaus.groovy.ast.expr.EmptyExpression>: null

17-03-2025T06:51:14 - [TEST_STEP][PASSED] - m = getText(findTestObject("Выполнение бизнес-плана/Период")): Text of object 'Object Repository/Выполнение бизнес-плана/Период' is: 'Январь 2025 года'

17-03-2025T06:51:14 - [MESSAGE][PASSED] - Text of object 'Object Repository/Выполнение бизнес-плана/Период' is: 'Январь 2025 года'

17-03-2025T06:51:14 - [TEST_STEP][PASSED] - iy = m.indexOf("20"): null

17-03-2025T06:51:14 - [TEST_STEP][PASSED] - if (iy > -1): null

17-03-2025T06:51:14 - [TEST_STEP][PASSED] - y = substring(iy, iy + 4).toInteger(): null

17-03-2025T06:51:14 - [TEST_STEP][PASSED] - println(y): null

17-03-2025T06:51:14 - [TEST_STEP][PASSED] - if (toString().length() == 4): null

17-03-2025T06:51:14 - [TEST_STEP][PASSED] - m = m.substring(0, m.indexOf(y.toString())): null

17-03-2025T06:51:14 - [TEST_STEP][PASSED] - m = m.trim(): null

17-03-2025T06:51:14 - [TEST_STEP][PASSED] - if (m == ""): null

17-03-2025T06:51:14 - [TEST_STEP][PASSED] - dashboardName = "Выполнение бизнес-плана": null

17-03-2025T06:51:14 - [TEST_STEP][PASSED] - workbook01 = getWorkbook(excelFilePath): null

17-03-2025T06:51:14 - [TEST_STEP][PASSED] - sheet01 = getExcelSheet(workbook01, sheetName): null

17-03-2025T06:51:14 - [TEST_STEP][PASSED] - setValueToCellByIndex(sheet01, n, 0, dashboardName): null

17-03-2025T06:51:14 - [TEST_STEP][PASSED] - setValueToCellByIndex(sheet01, n, 1, dZO): null

17-03-2025T06:51:14 - [TEST_STEP][PASSED] - setValueToCellByIndex(sheet01, n, 2, typeOfData): null

17-03-2025T06:51:14 - [TEST_STEP][PASSED] - if (typeOfData == "Факт в процентах" || typeOfData == "План в процентах"): null

17-03-2025T06:51:14 - [TEST_STEP][PASSED] - setValueToCellByIndex(sheet01, n, 3, fileDouble): null

17-03-2025T06:51:14 - [TEST_STEP][PASSED] - setValueToCellByIndex(sheet01, n, 4, pageDouble): null

17-03-2025T06:51:14 - [TEST_STEP][PASSED] - setValueToCellByIndex(sheet01, n, 5, m): null

17-03-2025T06:51:14 - [TEST_STEP][PASSED] - setValueToCellByIndex(sheet01, n, 6, y): null

17-03-2025T06:51:14 - [TEST_STEP][PASSED] - setValueToCellByIndex(sheet01, n, 7, todaysDate): null

17-03-2025T06:51:14 - [TEST_STEP][PASSED] - n = n + 1: null

17-03-2025T06:51:14 - [TEST_STEP][PASSED] - saveWorkbook(excelFilePath, workbook01): null

17-03-2025T06:51:14 - [TEST_STEP][PASSED] - file = findTestData("PlanFact").getValue(7, a): null

17-03-2025T06:51:14 - [TEST_STEP][PASSED] - file = file.replace(",", "."): null

17-03-2025T06:51:14 - [TEST_STEP][PASSED] - println("file Fact: " + file): null

17-03-2025T06:51:14 - [TEST_STEP][PASSED] - fileDouble = file.toDouble(): null

17-03-2025T06:51:14 - [TEST_STEP][PASSED] - typeOfData = "Факт в процентах": null

17-03-2025T06:51:14 - [TEST_STEP][PASSED] - fileDouble = file.toDouble(): null

17-03-2025T06:51:14 - [TEST_STEP][PASSED] - pageDouble = page2.toDouble(): null

17-03-2025T06:51:14 - [TEST_STEP][PASSED] - if (fileDouble != pageDouble): null

17-03-2025T06:51:14 - [TEST_STEP][PASSED] - numberOfErrors = numberOfErrors + 1: null

17-03-2025T06:51:14 - [TEST_STEP][PASSED] - Script1718980020443.WriteToExcel(a, typeOfData, todaysDate, pageInt, fileInt, pageDouble, fileDouble, dZO): null

17-03-2025T06:51:14 - [TEST_STEP][PASSED] - sheetName = "Sheet1": null

17-03-2025T06:51:14 - [TEST_STEP][PASSED] - data = findTestData("PlanFact"): null

17-03-2025T06:51:14 - [TEST_STEP][PASSED] - n = data.getRowNumbers() + 1: null

17-03-2025T06:51:14 - [TEST_STEP][PASSED] - day = ")).toInteger(): null

17-03-2025T06:51:14 - [TEST_STEP][PASSED] - println(day): null

17-03-2025T06:51:14 - [TEST_STEP][PASSED] - month = ")).toInteger(): null

17-03-2025T06:51:14 - [TEST_STEP][PASSED] - println(month): null

17-03-2025T06:51:14 - [TEST_STEP][PASSED] - y = <not implemented yet for class: org.codehaus.groovy.ast.expr.EmptyExpression>: null

17-03-2025T06:51:14 - [TEST_STEP][PASSED] - iy = <not implemented yet for class: org.codehaus.groovy.ast.expr.EmptyExpression>: null

17-03-2025T06:51:14 - [TEST_STEP][PASSED] - m = getText(findTestObject("Выполнение бизнес-плана/Период")): Text of object 'Object Repository/Выполнение бизнес-плана/Период' is: 'Январь 2025 года'

17-03-2025T06:51:15 - [MESSAGE][PASSED] - Text of object 'Object Repository/Выполнение бизнес-плана/Период' is: 'Январь 2025 года'

17-03-2025T06:51:15 - [TEST_STEP][PASSED] - iy = m.indexOf("20"): null

17-03-2025T06:51:15 - [TEST_STEP][PASSED] - if (iy > -1): null

17-03-2025T06:51:15 - [TEST_STEP][PASSED] - y = substring(iy, iy + 4).toInteger(): null

17-03-2025T06:51:15 - [TEST_STEP][PASSED] - println(y): null

17-03-2025T06:51:15 - [TEST_STEP][PASSED] - if (toString().length() == 4): null

17-03-2025T06:51:15 - [TEST_STEP][PASSED] - m = m.substring(0, m.indexOf(y.toString())): null

17-03-2025T06:51:15 - [TEST_STEP][PASSED] - m = m.trim(): null

17-03-2025T06:51:15 - [TEST_STEP][PASSED] - if (m == ""): null

17-03-2025T06:51:15 - [TEST_STEP][PASSED] - dashboardName = "Выполнение бизнес-плана": null

17-03-2025T06:51:15 - [TEST_STEP][PASSED] - workbook01 = getWorkbook(excelFilePath): null

17-03-2025T06:51:15 - [TEST_STEP][PASSED] - sheet01 = getExcelSheet(workbook01, sheetName): null

17-03-2025T06:51:15 - [TEST_STEP][PASSED] - setValueToCellByIndex(sheet01, n, 0, dashboardName): null

17-03-2025T06:51:15 - [TEST_STEP][PASSED] - setValueToCellByIndex(sheet01, n, 1, dZO): null

17-03-2025T06:51:15 - [TEST_STEP][PASSED] - setValueToCellByIndex(sheet01, n, 2, typeOfData): null

17-03-2025T06:51:15 - [TEST_STEP][PASSED] - if (typeOfData == "Факт в процентах" || typeOfData == "План в процентах"): null

17-03-2025T06:51:15 - [TEST_STEP][PASSED] - setValueToCellByIndex(sheet01, n, 3, fileDouble): null

17-03-2025T06:51:15 - [TEST_STEP][PASSED] - setValueToCellByIndex(sheet01, n, 4, pageDouble): null

17-03-2025T06:51:15 - [TEST_STEP][PASSED] - setValueToCellByIndex(sheet01, n, 5, m): null

17-03-2025T06:51:15 - [TEST_STEP][PASSED] - setValueToCellByIndex(sheet01, n, 6, y): null

17-03-2025T06:51:15 - [TEST_STEP][PASSED] - setValueToCellByIndex(sheet01, n, 7, todaysDate): null

17-03-2025T06:51:15 - [TEST_STEP][PASSED] - n = n + 1: null

17-03-2025T06:51:15 - [TEST_STEP][PASSED] - saveWorkbook(excelFilePath, workbook01): null

17-03-2025T06:51:15 - [TEST_STEP][FAILED] - if (verifyEqual(numberOfErrors, 0) == false): null

17-03-2025T06:51:15 - [MESSAGE][FAILED] - Unable to verify equal between actual object '6' and expected object '0' (Root cause: com.kms.katalon.core.exception.StepFailedException: Actual object '6' and expected object '0' are not equal
	at com.kms.katalon.core.keyword.builtin.VerifyEqualKeyword$_verifyEqual_closure1.doCall(VerifyEqualKeyword.groovy:58)
	at com.kms.katalon.core.keyword.builtin.VerifyEqualKeyword$_verifyEqual_closure1.call(VerifyEqualKeyword.groovy)
	at com.kms.katalon.core.keyword.internal.KeywordMain.runKeyword(KeywordMain.groovy:75)
	at com.kms.katalon.core.keyword.builtin.VerifyEqualKeyword.verifyEqual(VerifyEqualKeyword.groovy:63)
	at com.kms.katalon.core.keyword.builtin.VerifyEqualKeyword.execute(VerifyEqualKeyword.groovy:44)
	at com.kms.katalon.core.keyword.internal.KeywordExecutor.executeKeywordForPlatform(KeywordExecutor.groovy:74)
	at com.kms.katalon.core.keyword.BuiltinKeywords.verifyEqual(BuiltinKeywords.groovy:146)
	at jdk.internal.reflect.GeneratedMethodAccessor23.invoke(Unknown Source)
	at java.base/jdk.internal.reflect.DelegatingMethodAccessorImpl.invoke(DelegatingMethodAccessorImpl.java:43)
	at Выполнение бизнес-плана Сверка ПАО Россети все филиалы.Numbers(Выполнение бизнес-плана Сверка ПАО Россети все филиалы:744)
	at Выполнение бизнес-плана Сверка ПАО Россети все филиалы.run(Выполнение бизнес-плана Сверка ПАО Россети все филиалы:172)
	at com.kms.katalon.core.main.ScriptEngine.run(ScriptEngine.java:194)
	at com.kms.katalon.core.main.ScriptEngine.runScriptAsRawText(ScriptEngine.java:119)
	at com.kms.katalon.core.main.TestCaseExecutor.runScript(TestCaseExecutor.java:448)
	at com.kms.katalon.core.main.TestCaseExecutor.doExecute(TestCaseExecutor.java:439)
	at com.kms.katalon.core.main.TestCaseExecutor.processExecutionPhase(TestCaseExecutor.java:418)
	at com.kms.katalon.core.main.TestCaseExecutor.accessMainPhase(TestCaseExecutor.java:410)
	at com.kms.katalon.core.main.TestCaseExecutor.execute(TestCaseExecutor.java:285)
	at com.kms.katalon.core.common.CommonExecutor.accessTestCaseMainPhase(CommonExecutor.java:65)
	at com.kms.katalon.core.main.TestSuiteExecutor.accessTestSuiteMainPhase(TestSuiteExecutor.java:150)
	at com.kms.katalon.core.main.TestSuiteExecutor.execute(TestSuiteExecutor.java:106)
	at com.kms.katalon.core.main.TestCaseMain.startTestSuite(TestCaseMain.java:180)
	at TempTestSuite1742171011514.run(TempTestSuite1742171011514.groovy:35)
	at java.base/jdk.internal.reflect.NativeMethodAccessorImpl.invoke0(Native Method)
	at java.base/jdk.internal.reflect.NativeMethodAccessorImpl.invoke(NativeMethodAccessorImpl.java:77)
	at java.base/jdk.internal.reflect.DelegatingMethodAccessorImpl.invoke(DelegatingMethodAccessorImpl.java:43)
)

17-03-2025T06:51:15 - [TEST_STEP][PASSED] - println(numberOfErrors): null

17-03-2025T06:51:15 - [TEST_STEP][PASSED] - println("a=" + a): null

17-03-2025T06:51:15 - [TEST_STEP][PASSED] - if (a == 28 || a == 77 || a == 74 || a == 65 || a == 36 || a == 44 || a == 54 || a == 1 || a == 18 || a == 59): null

17-03-2025T06:51:15 - [TEST_STEP][PASSED] - if (a == 82): null

17-03-2025T06:51:15 - [TEST_STEP][PASSED] - dZO = "Россети ФСК ЕЭС": null

17-03-2025T06:51:15 - [TEST_STEP][PASSED] - a = 83: null

17-03-2025T06:51:15 - [TEST_STEP][PASSED] - if (x1.contains("ЕЭС")): null

17-03-2025T06:51:15 - [TEST_STEP][PASSED] - dzoNum = dzoNum + 1: null

17-03-2025T06:51:15 - [TEST_STEP][PASSED] - println(dzoNum): null

17-03-2025T06:51:15 - [TEST_STEP][PASSED] - Script1718980020443.Numbers(a, typeOfData, todaysDate, pageInt, fileInt, pageDouble, fileDouble, dZO, dzoNum, filialNum): null

17-03-2025T06:51:15 - [TEST_STEP][PASSED] - println(dzoNum): null

17-03-2025T06:51:15 - [TEST_STEP][PASSED] - planFact = <not implemented yet for class: org.codehaus.groovy.ast.expr.EmptyExpression>: null

17-03-2025T06:51:15 - [TEST_STEP][PASSED] - page = <not implemented yet for class: org.codehaus.groovy.ast.expr.EmptyExpression>: null

17-03-2025T06:51:15 - [TEST_STEP][PASSED] - page1 = <not implemented yet for class: org.codehaus.groovy.ast.expr.EmptyExpression>: null

17-03-2025T06:51:15 - [TEST_STEP][PASSED] - page2 = <not implemented yet for class: org.codehaus.groovy.ast.expr.EmptyExpression>: null

17-03-2025T06:51:15 - [TEST_STEP][PASSED] - filialNumberInRow = <not implemented yet for class: org.codehaus.groovy.ast.expr.EmptyExpression>: null

17-03-2025T06:51:15 - [TEST_STEP][PASSED] - filialsDzoNames = <not implemented yet for class: org.codehaus.groovy.ast.expr.EmptyExpression>: null

17-03-2025T06:51:15 - [TEST_STEP][PASSED] - numberOfFilials = <not implemented yet for class: org.codehaus.groovy.ast.expr.EmptyExpression>: null

17-03-2025T06:51:15 - [TEST_STEP][PASSED] - numberOfSpaces = <not implemented yet for class: org.codehaus.groovy.ast.expr.EmptyExpression>: null

17-03-2025T06:51:15 - [TEST_STEP][PASSED] - file = <not implemented yet for class: org.codehaus.groovy.ast.expr.EmptyExpression>: null

17-03-2025T06:51:15 - [TEST_STEP][PASSED] - otpusk = <not implemented yet for class: org.codehaus.groovy.ast.expr.EmptyExpression>: null

17-03-2025T06:51:15 - [TEST_STEP][PASSED] - poteri = <not implemented yet for class: org.codehaus.groovy.ast.expr.EmptyExpression>: null

17-03-2025T06:51:15 - [TEST_STEP][PASSED] - dataFolder = "Выполнение бизнес-плана/Значения со страницы Выполнение бизнес-плана/": null

17-03-2025T06:51:15 - [TEST_STEP][PASSED] - path = <not implemented yet for class: org.codehaus.groovy.ast.expr.EmptyExpression>: null

17-03-2025T06:51:15 - [TEST_STEP][PASSED] - typeOfDataMain = <not implemented yet for class: org.codehaus.groovy.ast.expr.EmptyExpression>: null

17-03-2025T06:51:15 - [TEST_STEP][PASSED] - fileOtpuskVSet = <not implemented yet for class: org.codehaus.groovy.ast.expr.EmptyExpression>: null

17-03-2025T06:51:15 - [TEST_STEP][PASSED] - pageOtpuskVSet = <not implemented yet for class: org.codehaus.groovy.ast.expr.EmptyExpression>: null

17-03-2025T06:51:15 - [TEST_STEP][PASSED] - filePoteri = <not implemented yet for class: org.codehaus.groovy.ast.expr.EmptyExpression>: null

17-03-2025T06:51:15 - [TEST_STEP][PASSED] - pagePoteri = <not implemented yet for class: org.codehaus.groovy.ast.expr.EmptyExpression>: null

17-03-2025T06:51:15 - [TEST_STEP][PASSED] - compare = <not implemented yet for class: org.codehaus.groovy.ast.expr.EmptyExpression>: null

17-03-2025T06:51:15 - [TEST_STEP][PASSED] - b = <not implemented yet for class: org.codehaus.groovy.ast.expr.EmptyExpression>: null

17-03-2025T06:51:15 - [TEST_STEP][PASSED] - i = <not implemented yet for class: org.codehaus.groovy.ast.expr.EmptyExpression>: null

17-03-2025T06:51:15 - [TEST_STEP][PASSED] - ii = <not implemented yet for class: org.codehaus.groovy.ast.expr.EmptyExpression>: null

17-03-2025T06:51:15 - [TEST_STEP][PASSED] - c = <not implemented yet for class: org.codehaus.groovy.ast.expr.EmptyExpression>: null

17-03-2025T06:51:15 - [TEST_STEP][PASSED] - numberOfErrors = 0: null

17-03-2025T06:51:15 - [TEST_STEP][PASSED] - if (a == 82): null

17-03-2025T06:51:15 - [TEST_STEP][PASSED] - b = findTestData("PlanFact").getValue(1, a): null

17-03-2025T06:51:15 - [TEST_STEP][PASSED] - i = b.indexOf(" (ГК)"): null

17-03-2025T06:51:15 - [TEST_STEP][PASSED] - if (i > -1): null

17-03-2025T06:51:15 - [TEST_STEP][PASSED] - i = b.indexOf("О ""): null

17-03-2025T06:51:15 - [TEST_STEP][PASSED] - if (i > -1): null

17-03-2025T06:51:15 - [TEST_STEP][PASSED] - i = b.indexOf("О «"): null

17-03-2025T06:51:15 - [TEST_STEP][PASSED] - if (i > -1): null

17-03-2025T06:51:15 - [TEST_STEP][PASSED] - i = b.indexOf("г. "): null

17-03-2025T06:51:15 - [TEST_STEP][PASSED] - if (i > -1): null

17-03-2025T06:51:15 - [TEST_STEP][PASSED] - b = b.trim(): null

17-03-2025T06:51:15 - [TEST_STEP][PASSED] - println(b): null

17-03-2025T06:51:15 - [TEST_STEP][PASSED] - for ([planFact = 1, planFact < 3, (planFact++)]): null

17-03-2025T06:51:15 - [TEST_STEP][PASSED] - if (planFact == 1): null

17-03-2025T06:51:15 - [TEST_STEP][PASSED] - typeOfDataMain = "Факт": null

17-03-2025T06:51:15 - [TEST_STEP][PASSED] - otpusk = findTestData("PlanFact").getValue(5, a): null

17-03-2025T06:51:15 - [TEST_STEP][PASSED] - poteri = findTestData("PlanFact").getValue(6, a): null

17-03-2025T06:51:15 - [TEST_STEP][PASSED] - otpusk = otpusk.replaceAll("\s+", ""): null

17-03-2025T06:51:15 - [TEST_STEP][PASSED] - poteri = poteri.replaceAll("\s+", ""): null

17-03-2025T06:51:15 - [TEST_STEP][PASSED] - typeOfData = typeOfDataMain + " Отпуск в сеть": null

17-03-2025T06:51:15 - [TEST_STEP][PASSED] - if (a == 82): null

17-03-2025T06:51:15 - [TEST_STEP][PASSED] - else if (a == 84): null

17-03-2025T06:51:15 - [TEST_STEP][PASSED] - else if (a == 83 || a == 52 || a == 72 || a == 28 || a == 73 || a == 77 || a == 74 || a == 65 || a == 36 || a == 44 || a == 53 || a == 80 || a == 54 || a == 1 || a == 18 || a == 59 || a == 81): null

17-03-2025T06:51:15 - [TEST_STEP][PASSED] - path = dataFolder + "Table Data/" + typeOfData + " за отчётный период " + dzoNum: null

17-03-2025T06:51:15 - [TEST_STEP][PASSED] - println(path): null

17-03-2025T06:51:15 - [TEST_STEP][PASSED] - page = getText(findTestObject(path)): Text of object 'Object Repository/Выполнение бизнес-плана/Значения со страницы Выполнение бизнес-плана/Table Data/Факт Отпуск в сеть за отчётный период 1' is: '57 256 396'

17-03-2025T06:51:16 - [MESSAGE][PASSED] - Text of object 'Object Repository/Выполнение бизнес-плана/Значения со страницы Выполнение бизнес-плана/Table Data/Факт Отпуск в сеть за отчётный период 1' is: '57 256 396'

17-03-2025T06:51:16 - [TEST_STEP][PASSED] - if (page == "" || page == null): null

17-03-2025T06:51:16 - [TEST_STEP][PASSED] - else: null

17-03-2025T06:51:16 - [TEST_STEP][PASSED] - page = page.replaceAll("\s+", ""): null

17-03-2025T06:51:16 - [TEST_STEP][PASSED] - if (page == "undefined"): null

17-03-2025T06:51:16 - [TEST_STEP][PASSED] - fileOtpuskVSet = otpusk.toInteger(): null

17-03-2025T06:51:16 - [TEST_STEP][PASSED] - pageOtpuskVSet = page.toInteger(): null

17-03-2025T06:51:16 - [TEST_STEP][PASSED] - typeOfData = typeOfDataMain + " Потери": null

17-03-2025T06:51:16 - [TEST_STEP][PASSED] - if (a == 82): null

17-03-2025T06:51:16 - [TEST_STEP][PASSED] - else if (a == 84): null

17-03-2025T06:51:16 - [TEST_STEP][PASSED] - else if (a == 83 || a == 52 || a == 72 || a == 28 || a == 73 || a == 77 || a == 74 || a == 65 || a == 44 || a == 53 || a == 80 || a == 54 || a == 1 || a == 18 || a == 59 || a == 81): null

17-03-2025T06:51:16 - [TEST_STEP][PASSED] - path = dataFolder + "Table Data/" + typeOfData + " за отчётный период " + dzoNum: null

17-03-2025T06:51:16 - [TEST_STEP][PASSED] - page = getText(findTestObject(path)): Text of object 'Object Repository/Выполнение бизнес-плана/Значения со страницы Выполнение бизнес-плана/Table Data/Факт Потери за отчётный период 1' is: '9 338 688'

17-03-2025T06:51:16 - [MESSAGE][PASSED] - Text of object 'Object Repository/Выполнение бизнес-плана/Значения со страницы Выполнение бизнес-плана/Table Data/Факт Потери за отчётный период 1' is: '9 338 688'

17-03-2025T06:51:16 - [TEST_STEP][PASSED] - if (page == "" || page == null): null

17-03-2025T06:51:16 - [TEST_STEP][PASSED] - else: null

17-03-2025T06:51:16 - [TEST_STEP][PASSED] - page = page.replaceAll("\s+", ""): null

17-03-2025T06:51:16 - [TEST_STEP][PASSED] - if (page == "undefined"): null

17-03-2025T06:51:16 - [TEST_STEP][PASSED] - filePoteri = poteri.toInteger(): null

17-03-2025T06:51:16 - [TEST_STEP][PASSED] - pagePoteri = page.toInteger(): null

17-03-2025T06:51:16 - [TEST_STEP][PASSED] - compare = pageOtpuskVSet: null

17-03-2025T06:51:16 - [TEST_STEP][PASSED] - if (pageOtpuskVSet != null): null

17-03-2025T06:51:16 - [TEST_STEP][PASSED] - if (compare == fileOtpuskVSet): null

17-03-2025T06:51:16 - [TEST_STEP][PASSED] - if (compare == fileOtpuskVSet): null

17-03-2025T06:51:16 - [TEST_STEP][PASSED] - compare = pagePoteri: null

17-03-2025T06:51:16 - [TEST_STEP][PASSED] - if (pageOtpuskVSet != null): null

17-03-2025T06:51:16 - [TEST_STEP][PASSED] - if (compare == filePoteri): null

17-03-2025T06:51:16 - [TEST_STEP][PASSED] - else if (compare > filePoteri): null

17-03-2025T06:51:16 - [TEST_STEP][PASSED] - compare = compare - 1: null

17-03-2025T06:51:16 - [TEST_STEP][PASSED] - if (compare == filePoteri): null

17-03-2025T06:51:16 - [TEST_STEP][PASSED] - else: null

17-03-2025T06:51:16 - [TEST_STEP][PASSED] - numberOfErrors = numberOfErrors + 1: null

17-03-2025T06:51:16 - [TEST_STEP][PASSED] - pageInt = pagePoteri: null

17-03-2025T06:51:16 - [TEST_STEP][PASSED] - fileInt = filePoteri: null

17-03-2025T06:51:16 - [TEST_STEP][PASSED] - typeOfData = typeOfDataMain + " Потери": null

17-03-2025T06:51:16 - [TEST_STEP][PASSED] - Script1718980020443.WriteToExcel(a, typeOfData, todaysDate, pageInt, fileInt, pageDouble, fileDouble, dZO): null

17-03-2025T06:51:16 - [TEST_STEP][PASSED] - sheetName = "Sheet1": null

17-03-2025T06:51:16 - [TEST_STEP][PASSED] - data = findTestData("PlanFact"): null

17-03-2025T06:51:16 - [TEST_STEP][PASSED] - n = data.getRowNumbers() + 1: null

17-03-2025T06:51:16 - [TEST_STEP][PASSED] - day = ")).toInteger(): null

17-03-2025T06:51:16 - [TEST_STEP][PASSED] - println(day): null

17-03-2025T06:51:16 - [TEST_STEP][PASSED] - month = ")).toInteger(): null

17-03-2025T06:51:16 - [TEST_STEP][PASSED] - println(month): null

17-03-2025T06:51:16 - [TEST_STEP][PASSED] - y = <not implemented yet for class: org.codehaus.groovy.ast.expr.EmptyExpression>: null

17-03-2025T06:51:16 - [TEST_STEP][PASSED] - iy = <not implemented yet for class: org.codehaus.groovy.ast.expr.EmptyExpression>: null

17-03-2025T06:51:16 - [TEST_STEP][PASSED] - m = getText(findTestObject("Выполнение бизнес-плана/Период")): Text of object 'Object Repository/Выполнение бизнес-плана/Период' is: 'Январь 2025 года'

17-03-2025T06:51:16 - [MESSAGE][PASSED] - Text of object 'Object Repository/Выполнение бизнес-плана/Период' is: 'Январь 2025 года'

17-03-2025T06:51:16 - [TEST_STEP][PASSED] - iy = m.indexOf("20"): null

17-03-2025T06:51:16 - [TEST_STEP][PASSED] - if (iy > -1): null

17-03-2025T06:51:16 - [TEST_STEP][PASSED] - y = substring(iy, iy + 4).toInteger(): null

17-03-2025T06:51:16 - [TEST_STEP][PASSED] - println(y): null

17-03-2025T06:51:16 - [TEST_STEP][PASSED] - if (toString().length() == 4): null

17-03-2025T06:51:16 - [TEST_STEP][PASSED] - m = m.substring(0, m.indexOf(y.toString())): null

17-03-2025T06:51:16 - [TEST_STEP][PASSED] - m = m.trim(): null

17-03-2025T06:51:16 - [TEST_STEP][PASSED] - if (m == ""): null

17-03-2025T06:51:16 - [TEST_STEP][PASSED] - dashboardName = "Выполнение бизнес-плана": null

17-03-2025T06:51:16 - [TEST_STEP][PASSED] - workbook01 = getWorkbook(excelFilePath): null

17-03-2025T06:51:16 - [TEST_STEP][PASSED] - sheet01 = getExcelSheet(workbook01, sheetName): null

17-03-2025T06:51:16 - [TEST_STEP][PASSED] - setValueToCellByIndex(sheet01, n, 0, dashboardName): null

17-03-2025T06:51:16 - [TEST_STEP][PASSED] - setValueToCellByIndex(sheet01, n, 1, dZO): null

17-03-2025T06:51:16 - [TEST_STEP][PASSED] - setValueToCellByIndex(sheet01, n, 2, typeOfData): null

17-03-2025T06:51:16 - [TEST_STEP][PASSED] - if (typeOfData == "Факт в процентах" || typeOfData == "План в процентах"): null

17-03-2025T06:51:16 - [TEST_STEP][PASSED] - else: null

17-03-2025T06:51:16 - [TEST_STEP][PASSED] - setValueToCellByIndex(sheet01, n, 3, fileInt): null

17-03-2025T06:51:16 - [TEST_STEP][PASSED] - setValueToCellByIndex(sheet01, n, 4, pageInt): null

17-03-2025T06:51:16 - [TEST_STEP][PASSED] - setValueToCellByIndex(sheet01, n, 5, m): null

17-03-2025T06:51:16 - [TEST_STEP][PASSED] - setValueToCellByIndex(sheet01, n, 6, y): null

17-03-2025T06:51:16 - [TEST_STEP][PASSED] - setValueToCellByIndex(sheet01, n, 7, todaysDate): null

17-03-2025T06:51:16 - [TEST_STEP][PASSED] - n = n + 1: null

17-03-2025T06:51:16 - [TEST_STEP][FAILED] - saveWorkbook(excelFilePath, workbook01): null

17-03-2025T06:51:16 - [TEST_STEP][PASSED] - if (planFact == 2): null

17-03-2025T06:51:16 - [TEST_STEP][PASSED] - if (planFact == 1): null

17-03-2025T06:51:16 - [TEST_STEP][PASSED] - else if (planFact == 2): null

17-03-2025T06:51:16 - [TEST_STEP][PASSED] - click(findTestObject("Выполнение бизнес-плана/Кнопка План")): Object: 'Object Repository/Выполнение бизнес-плана/Кнопка План' is clicked on

17-03-2025T06:51:17 - [MESSAGE][PASSED] - Object: 'Object Repository/Выполнение бизнес-плана/Кнопка План' is clicked on

17-03-2025T06:51:17 - [TEST_STEP][PASSED] - typeOfDataMain = "План": null

17-03-2025T06:51:17 - [TEST_STEP][PASSED] - otpusk = findTestData("PlanFact").getValue(2, a): null

17-03-2025T06:51:17 - [TEST_STEP][PASSED] - poteri = findTestData("PlanFact").getValue(3, a): null

17-03-2025T06:51:17 - [TEST_STEP][PASSED] - otpusk = otpusk.replaceAll("\s+", ""): null

17-03-2025T06:51:17 - [TEST_STEP][PASSED] - poteri = poteri.replaceAll("\s+", ""): null

17-03-2025T06:51:17 - [TEST_STEP][PASSED] - typeOfData = typeOfDataMain + " Отпуск в сеть": null

17-03-2025T06:51:17 - [TEST_STEP][PASSED] - if (a == 82): null

17-03-2025T06:51:17 - [TEST_STEP][PASSED] - else if (a == 84): null

17-03-2025T06:51:17 - [TEST_STEP][PASSED] - else if (a == 83 || a == 52 || a == 72 || a == 28 || a == 73 || a == 77 || a == 74 || a == 65 || a == 36 || a == 44 || a == 53 || a == 80 || a == 54 || a == 1 || a == 18 || a == 59 || a == 81): null

17-03-2025T06:51:17 - [TEST_STEP][PASSED] - path = dataFolder + "Table Data/" + typeOfData + " за отчётный период " + dzoNum: null

17-03-2025T06:51:17 - [TEST_STEP][PASSED] - println(path): null

17-03-2025T06:51:17 - [TEST_STEP][PASSED] - page = getText(findTestObject(path)): Text of object 'Object Repository/Выполнение бизнес-плана/Значения со страницы Выполнение бизнес-плана/Table Data/План Отпуск в сеть за отчётный период 1' is: '58 806 842'

17-03-2025T06:51:17 - [MESSAGE][PASSED] - Text of object 'Object Repository/Выполнение бизнес-плана/Значения со страницы Выполнение бизнес-плана/Table Data/План Отпуск в сеть за отчётный период 1' is: '58 806 842'

17-03-2025T06:51:17 - [TEST_STEP][PASSED] - if (page == "" || page == null): null

17-03-2025T06:51:17 - [TEST_STEP][PASSED] - else: null

17-03-2025T06:51:17 - [TEST_STEP][PASSED] - page = page.replaceAll("\s+", ""): null

17-03-2025T06:51:17 - [TEST_STEP][PASSED] - if (page == "undefined"): null

17-03-2025T06:51:17 - [TEST_STEP][PASSED] - fileOtpuskVSet = otpusk.toInteger(): null

17-03-2025T06:51:17 - [TEST_STEP][PASSED] - pageOtpuskVSet = page.toInteger(): null

17-03-2025T06:51:17 - [TEST_STEP][PASSED] - typeOfData = typeOfDataMain + " Потери": null

17-03-2025T06:51:17 - [TEST_STEP][PASSED] - if (a == 82): null

17-03-2025T06:51:17 - [TEST_STEP][PASSED] - else if (a == 84): null

17-03-2025T06:51:17 - [TEST_STEP][PASSED] - else if (a == 83 || a == 52 || a == 72 || a == 28 || a == 73 || a == 77 || a == 74 || a == 65 || a == 44 || a == 53 || a == 80 || a == 54 || a == 1 || a == 18 || a == 59 || a == 81): null

17-03-2025T06:51:17 - [TEST_STEP][PASSED] - path = dataFolder + "Table Data/" + typeOfData + " за отчётный период " + dzoNum: null

17-03-2025T06:51:17 - [TEST_STEP][FAILED] - page = getText(findTestObject(path)): Unable to get text of object 'Object Repository/Выполнение бизнес-плана/Значения со страницы Выполнение бизнес-плана/Table Data/План Потери за отчётный период 1' (Root cause: com.kms.katalon.core.exception.StepFailedException: Unable to get text of object 'Object Repository/Выполнение бизнес-плана/Значения со страницы Выполнение бизнес-плана/Table Data/План Потери за отчётный период 1'
	at com.kms.katalon.core.webui.keyword.internal.WebUIKeywordMain.stepFailed(WebUIKeywordMain.groovy:64)
	at com.kms.katalon.core.webui.keyword.internal.WebUIKeywordMain.runKeyword(WebUIKeywordMain.groovy:26)
	at com.kms.katalon.core.webui.keyword.builtin.GetTextKeyword.getText(GetTextKeyword.groovy:88)
	at com.kms.katalon.core.webui.keyword.builtin.GetTextKeyword.execute(GetTextKeyword.groovy:67)
	at com.kms.katalon.core.keyword.internal.KeywordExecutor.executeKeywordForPlatform(KeywordExecutor.groovy:74)
	at com.kms.katalon.core.webui.keyword.WebUiBuiltInKeywords.getText(WebUiBuiltInKeywords.groovy:957)
	at Выполнение бизнес-плана Сверка ПАО Россети все филиалы.Numbers(Выполнение бизнес-плана Сверка ПАО Россети все филиалы:594)
	at Выполнение бизнес-плана Сверка ПАО Россети все филиалы.run(Выполнение бизнес-плана Сверка ПАО Россети все филиалы:183)
	at com.kms.katalon.core.main.ScriptEngine.run(ScriptEngine.java:194)
	at com.kms.katalon.core.main.ScriptEngine.runScriptAsRawText(ScriptEngine.java:119)
	at com.kms.katalon.core.main.TestCaseExecutor.runScript(TestCaseExecutor.java:448)
	at com.kms.katalon.core.main.TestCaseExecutor.doExecute(TestCaseExecutor.java:439)
	at com.kms.katalon.core.main.TestCaseExecutor.processExecutionPhase(TestCaseExecutor.java:418)
	at com.kms.katalon.core.main.TestCaseExecutor.accessMainPhase(TestCaseExecutor.java:410)
	at com.kms.katalon.core.main.TestCaseExecutor.execute(TestCaseExecutor.java:285)
	at com.kms.katalon.core.common.CommonExecutor.accessTestCaseMainPhase(CommonExecutor.java:65)
	at com.kms.katalon.core.main.TestSuiteExecutor.accessTestSuiteMainPhase(TestSuiteExecutor.java:150)
	at com.kms.katalon.core.main.TestSuiteExecutor.execute(TestSuiteExecutor.java:106)
	at com.kms.katalon.core.main.TestCaseMain.startTestSuite(TestCaseMain.java:180)
	at TempTestSuite1742171011514.run(TempTestSuite1742171011514.groovy:35)
	at java.base/jdk.internal.reflect.NativeMethodAccessorImpl.invoke0(Native Method)
	at java.base/jdk.internal.reflect.NativeMethodAccessorImpl.invoke(NativeMethodAccessorImpl.java:77)
	at java.base/jdk.internal.reflect.DelegatingMethodAccessorImpl.invoke(DelegatingMethodAccessorImpl.java:43)
Caused by: com.kms.katalon.core.webui.exception.WebElementNotFoundException: Web element with id: 'Object Repository/Выполнение бизнес-плана/Значения со страницы Выполнение бизнес-плана/Table Data/План Потери за отчётный период 1' located by '(.//*[normalize-space(text()) and normalize-space(.)='Показатели баланса электроэнергии по ДЗО – План'])[2]/following::td[35]' not found
	at com.kms.katalon.core.webui.common.WebUiCommonHelper.findWebElement(WebUiCommonHelper.java:1426)
	at com.kms.katalon.core.webui.keyword.internal.WebUIAbstractKeyword.findWebElement(WebUIAbstractKeyword.groovy:27)
	at com.kms.katalon.core.webui.keyword.internal.WebUIAbstractKeyword.findWebElement(WebUIAbstractKeyword.groovy:26)
	at com.kms.katalon.core.webui.keyword.builtin.GetTextKeyword$_getText_closure1.doCall(GetTextKeyword.groovy:78)
	at com.kms.katalon.core.webui.keyword.builtin.GetTextKeyword$_getText_closure1.call(GetTextKeyword.groovy)
	at com.kms.katalon.core.webui.keyword.internal.WebUIKeywordMain.runKeyword(WebUIKeywordMain.groovy:20)
	at com.kms.katalon.core.webui.keyword.builtin.GetTextKeyword.getText(GetTextKeyword.groovy:88)
	at com.kms.katalon.core.webui.keyword.builtin.GetTextKeyword.execute(GetTextKeyword.groovy:67)
	at com.kms.katalon.core.keyword.internal.KeywordExecutor.executeKeywordForPlatform(KeywordExecutor.groovy:74)
	at com.kms.katalon.core.webui.keyword.WebUiBuiltInKeywords.getText(WebUiBuiltInKeywords.groovy:957)
	at Script1718980020443.Numbers(Script1718980020443.groovy:594)
	at Script1718980020443.run(Script1718980020443.groovy:183)
	... 15 more
)

17-03-2025T06:51:48 - [MESSAGE][INFO] - Unable to find the element located by 'By.xpath: (.//*[normalize-space(text()) and normalize-space(.)='Показатели баланса электроэнергии по ДЗО – План'])[2]/following::td[35]'. Please recheck the objects properties to make sure the desired element is located. 

17-03-2025T06:51:48 - [MESSAGE][FAILED] - Unable to get text of object 'Object Repository/Выполнение бизнес-плана/Значения со страницы Выполнение бизнес-плана/Table Data/План Потери за отчётный период 1' (Root cause: com.kms.katalon.core.exception.StepFailedException: Unable to get text of object 'Object Repository/Выполнение бизнес-плана/Значения со страницы Выполнение бизнес-плана/Table Data/План Потери за отчётный период 1'
	at com.kms.katalon.core.webui.keyword.internal.WebUIKeywordMain.stepFailed(WebUIKeywordMain.groovy:64)
	at com.kms.katalon.core.webui.keyword.internal.WebUIKeywordMain.runKeyword(WebUIKeywordMain.groovy:26)
	at com.kms.katalon.core.webui.keyword.builtin.GetTextKeyword.getText(GetTextKeyword.groovy:88)
	at com.kms.katalon.core.webui.keyword.builtin.GetTextKeyword.execute(GetTextKeyword.groovy:67)
	at com.kms.katalon.core.keyword.internal.KeywordExecutor.executeKeywordForPlatform(KeywordExecutor.groovy:74)
	at com.kms.katalon.core.webui.keyword.WebUiBuiltInKeywords.getText(WebUiBuiltInKeywords.groovy:957)
	at Выполнение бизнес-плана Сверка ПАО Россети все филиалы.Numbers(Выполнение бизнес-плана Сверка ПАО Россети все филиалы:594)
	at Выполнение бизнес-плана Сверка ПАО Россети все филиалы.run(Выполнение бизнес-плана Сверка ПАО Россети все филиалы:183)
	at com.kms.katalon.core.main.ScriptEngine.run(ScriptEngine.java:194)
	at com.kms.katalon.core.main.ScriptEngine.runScriptAsRawText(ScriptEngine.java:119)
	at com.kms.katalon.core.main.TestCaseExecutor.runScript(TestCaseExecutor.java:448)
	at com.kms.katalon.core.main.TestCaseExecutor.doExecute(TestCaseExecutor.java:439)
	at com.kms.katalon.core.main.TestCaseExecutor.processExecutionPhase(TestCaseExecutor.java:418)
	at com.kms.katalon.core.main.TestCaseExecutor.accessMainPhase(TestCaseExecutor.java:410)
	at com.kms.katalon.core.main.TestCaseExecutor.execute(TestCaseExecutor.java:285)
	at com.kms.katalon.core.common.CommonExecutor.accessTestCaseMainPhase(CommonExecutor.java:65)
	at com.kms.katalon.core.main.TestSuiteExecutor.accessTestSuiteMainPhase(TestSuiteExecutor.java:150)
	at com.kms.katalon.core.main.TestSuiteExecutor.execute(TestSuiteExecutor.java:106)
	at com.kms.katalon.core.main.TestCaseMain.startTestSuite(TestCaseMain.java:180)
	at TempTestSuite1742171011514.run(TempTestSuite1742171011514.groovy:35)
	at java.base/jdk.internal.reflect.NativeMethodAccessorImpl.invoke0(Native Method)
	at java.base/jdk.internal.reflect.NativeMethodAccessorImpl.invoke(NativeMethodAccessorImpl.java:77)
	at java.base/jdk.internal.reflect.DelegatingMethodAccessorImpl.invoke(DelegatingMethodAccessorImpl.java:43)
Caused by: com.kms.katalon.core.webui.exception.WebElementNotFoundException: Web element with id: 'Object Repository/Выполнение бизнес-плана/Значения со страницы Выполнение бизнес-плана/Table Data/План Потери за отчётный период 1' located by '(.//*[normalize-space(text()) and normalize-space(.)='Показатели баланса электроэнергии по ДЗО – План'])[2]/following::td[35]' not found
	at com.kms.katalon.core.webui.common.WebUiCommonHelper.findWebElement(WebUiCommonHelper.java:1426)
	at com.kms.katalon.core.webui.keyword.internal.WebUIAbstractKeyword.findWebElement(WebUIAbstractKeyword.groovy:27)
	at com.kms.katalon.core.webui.keyword.internal.WebUIAbstractKeyword.findWebElement(WebUIAbstractKeyword.groovy:26)
	at com.kms.katalon.core.webui.keyword.builtin.GetTextKeyword$_getText_closure1.doCall(GetTextKeyword.groovy:78)
	at com.kms.katalon.core.webui.keyword.builtin.GetTextKeyword$_getText_closure1.call(GetTextKeyword.groovy)
	at com.kms.katalon.core.webui.keyword.internal.WebUIKeywordMain.runKeyword(WebUIKeywordMain.groovy:20)
	at com.kms.katalon.core.webui.keyword.builtin.GetTextKeyword.getText(GetTextKeyword.groovy:88)
	at com.kms.katalon.core.webui.keyword.builtin.GetTextKeyword.execute(GetTextKeyword.groovy:67)
	at com.kms.katalon.core.keyword.internal.KeywordExecutor.executeKeywordForPlatform(KeywordExecutor.groovy:74)
	at com.kms.katalon.core.webui.keyword.WebUiBuiltInKeywords.getText(WebUiBuiltInKeywords.groovy:957)
	at Script1718980020443.Numbers(Script1718980020443.groovy:594)
	at Script1718980020443.run(Script1718980020443.groovy:183)
	... 15 more
)
[[ATTACHMENT|C:\\Users\\LIAZGINA-DI\\git\\SPORU\\Reports\\20250317_032331\\\u041F\u043D-\u0421\u0440-\u041F\u0442\\\u0421\u0432\u0435\u0440\u043A\u0430 \u0434\u0430\u0448\u0431\u043E\u0440\u0434\u043E\u0432 \u0438\u0437 \u0440\u0430\u0437\u043D\u044B\u0445 \u0431\u043B\u043E\u043A\u043E\u0432\\20250317_032331\\1742183508805.png]]

17-03-2025T06:51:48 - [TEST_STEP][PASSED] - if (page == "" || page == null): null

17-03-2025T06:51:48 - [TEST_STEP][PASSED] - fileInt = poteri.toInteger(): null

17-03-2025T06:51:48 - [TEST_STEP][PASSED] - Script1718980020443.WriteToExcelNoData(a, typeOfData, todaysDate, fileInt, fileDouble, dZO): null

17-03-2025T06:51:48 - [TEST_STEP][PASSED] - sheetName = "Sheet1": null

17-03-2025T06:51:48 - [TEST_STEP][PASSED] - data = findTestData("PlanFact"): null

17-03-2025T06:51:48 - [TEST_STEP][PASSED] - n = data.getRowNumbers() + 1: null

17-03-2025T06:51:48 - [TEST_STEP][PASSED] - day = ")).toInteger(): null

17-03-2025T06:51:48 - [TEST_STEP][PASSED] - println(day): null

17-03-2025T06:51:48 - [TEST_STEP][PASSED] - month = ")).toInteger(): null

17-03-2025T06:51:48 - [TEST_STEP][PASSED] - println(month): null

17-03-2025T06:51:48 - [TEST_STEP][PASSED] - y = <not implemented yet for class: org.codehaus.groovy.ast.expr.EmptyExpression>: null

17-03-2025T06:51:48 - [TEST_STEP][PASSED] - iy = <not implemented yet for class: org.codehaus.groovy.ast.expr.EmptyExpression>: null

17-03-2025T06:51:48 - [TEST_STEP][PASSED] - m = getText(findTestObject("Выполнение бизнес-плана/Период")): Text of object 'Object Repository/Выполнение бизнес-плана/Период' is: 'Январь 2025 года'

17-03-2025T06:51:49 - [MESSAGE][PASSED] - Text of object 'Object Repository/Выполнение бизнес-плана/Период' is: 'Январь 2025 года'

17-03-2025T06:51:49 - [TEST_STEP][PASSED] - iy = m.indexOf("20"): null

17-03-2025T06:51:49 - [TEST_STEP][PASSED] - if (iy > -1): null

17-03-2025T06:51:49 - [TEST_STEP][PASSED] - y = substring(iy, iy + 4).toInteger(): null

17-03-2025T06:51:49 - [TEST_STEP][PASSED] - println(y): null

17-03-2025T06:51:49 - [TEST_STEP][PASSED] - if (toString().length() == 4): null

17-03-2025T06:51:49 - [TEST_STEP][PASSED] - m = m.substring(0, m.indexOf(y.toString())): null

17-03-2025T06:51:49 - [TEST_STEP][PASSED] - m = m.trim(): null

17-03-2025T06:51:49 - [TEST_STEP][PASSED] - if (m == ""): null

17-03-2025T06:51:49 - [TEST_STEP][PASSED] - dashboardName = "Выполнение бизнес-плана": null

17-03-2025T06:51:49 - [TEST_STEP][PASSED] - workbook01 = getWorkbook(excelFilePath): null

17-03-2025T06:51:49 - [TEST_STEP][PASSED] - sheet01 = getExcelSheet(workbook01, sheetName): null

17-03-2025T06:51:49 - [TEST_STEP][PASSED] - setValueToCellByIndex(sheet01, n, 0, dashboardName): null

17-03-2025T06:51:49 - [TEST_STEP][PASSED] - setValueToCellByIndex(sheet01, n, 1, dZO): null

17-03-2025T06:51:49 - [TEST_STEP][PASSED] - setValueToCellByIndex(sheet01, n, 2, typeOfData): null

17-03-2025T06:51:49 - [TEST_STEP][PASSED] - if (typeOfData == "Факт в процентах" || typeOfData == "План в процентах"): null

17-03-2025T06:51:49 - [TEST_STEP][PASSED] - else: null

17-03-2025T06:51:49 - [TEST_STEP][PASSED] - setValueToCellByIndex(sheet01, n, 3, fileInt): null

17-03-2025T06:51:49 - [TEST_STEP][PASSED] - setValueToCellByIndex(sheet01, n, 4, "нет данных"): null

17-03-2025T06:51:49 - [TEST_STEP][PASSED] - setValueToCellByIndex(sheet01, n, 5, m): null

17-03-2025T06:51:49 - [TEST_STEP][PASSED] - setValueToCellByIndex(sheet01, n, 6, y): null

17-03-2025T06:51:49 - [TEST_STEP][PASSED] - setValueToCellByIndex(sheet01, n, 7, todaysDate): null

17-03-2025T06:51:49 - [TEST_STEP][PASSED] - n = n + 1: null

17-03-2025T06:51:49 - [TEST_STEP][PASSED] - saveWorkbook(excelFilePath, workbook01): null

17-03-2025T06:51:49 - [TEST_STEP][PASSED] - compare = pageOtpuskVSet: null

17-03-2025T06:51:49 - [TEST_STEP][PASSED] - if (pageOtpuskVSet != null): null

17-03-2025T06:51:49 - [TEST_STEP][PASSED] - if (compare == fileOtpuskVSet): null

17-03-2025T06:51:49 - [TEST_STEP][PASSED] - if (compare == fileOtpuskVSet): null

17-03-2025T06:51:49 - [TEST_STEP][PASSED] - compare = pagePoteri: null

17-03-2025T06:51:49 - [TEST_STEP][PASSED] - if (pageOtpuskVSet != null): null

17-03-2025T06:51:49 - [TEST_STEP][PASSED] - if (compare == filePoteri): null

17-03-2025T06:51:49 - [TEST_STEP][PASSED] - else if (compare > filePoteri): null

17-03-2025T06:51:49 - [TEST_STEP][PASSED] - compare = compare - 1: null

17-03-2025T06:51:49 - [TEST_STEP][PASSED] - if (compare == filePoteri): null

17-03-2025T06:51:49 - [TEST_STEP][PASSED] - else: null

17-03-2025T06:51:49 - [TEST_STEP][PASSED] - numberOfErrors = numberOfErrors + 1: null

17-03-2025T06:51:49 - [TEST_STEP][PASSED] - pageInt = pagePoteri: null

17-03-2025T06:51:49 - [TEST_STEP][PASSED] - fileInt = filePoteri: null

17-03-2025T06:51:49 - [TEST_STEP][PASSED] - typeOfData = typeOfDataMain + " Потери": null

17-03-2025T06:51:49 - [TEST_STEP][PASSED] - Script1718980020443.WriteToExcel(a, typeOfData, todaysDate, pageInt, fileInt, pageDouble, fileDouble, dZO): null

17-03-2025T06:51:49 - [TEST_STEP][PASSED] - sheetName = "Sheet1": null

17-03-2025T06:51:49 - [TEST_STEP][PASSED] - data = findTestData("PlanFact"): null

17-03-2025T06:51:49 - [TEST_STEP][PASSED] - n = data.getRowNumbers() + 1: null

17-03-2025T06:51:49 - [TEST_STEP][PASSED] - day = ")).toInteger(): null

17-03-2025T06:51:49 - [TEST_STEP][PASSED] - println(day): null

17-03-2025T06:51:49 - [TEST_STEP][PASSED] - month = ")).toInteger(): null

17-03-2025T06:51:49 - [TEST_STEP][PASSED] - println(month): null

17-03-2025T06:51:49 - [TEST_STEP][PASSED] - y = <not implemented yet for class: org.codehaus.groovy.ast.expr.EmptyExpression>: null

17-03-2025T06:51:49 - [TEST_STEP][PASSED] - iy = <not implemented yet for class: org.codehaus.groovy.ast.expr.EmptyExpression>: null

17-03-2025T06:51:49 - [TEST_STEP][PASSED] - m = getText(findTestObject("Выполнение бизнес-плана/Период")): Text of object 'Object Repository/Выполнение бизнес-плана/Период' is: 'Январь 2025 года'

17-03-2025T06:51:49 - [MESSAGE][PASSED] - Text of object 'Object Repository/Выполнение бизнес-плана/Период' is: 'Январь 2025 года'

17-03-2025T06:51:49 - [TEST_STEP][PASSED] - iy = m.indexOf("20"): null

17-03-2025T06:51:49 - [TEST_STEP][PASSED] - if (iy > -1): null

17-03-2025T06:51:49 - [TEST_STEP][PASSED] - y = substring(iy, iy + 4).toInteger(): null

17-03-2025T06:51:49 - [TEST_STEP][PASSED] - println(y): null

17-03-2025T06:51:49 - [TEST_STEP][PASSED] - if (toString().length() == 4): null

17-03-2025T06:51:49 - [TEST_STEP][PASSED] - m = m.substring(0, m.indexOf(y.toString())): null

17-03-2025T06:51:49 - [TEST_STEP][PASSED] - m = m.trim(): null

17-03-2025T06:51:49 - [TEST_STEP][PASSED] - if (m == ""): null

17-03-2025T06:51:49 - [TEST_STEP][PASSED] - dashboardName = "Выполнение бизнес-плана": null

17-03-2025T06:51:49 - [TEST_STEP][PASSED] - workbook01 = getWorkbook(excelFilePath): null

17-03-2025T06:51:49 - [TEST_STEP][PASSED] - sheet01 = getExcelSheet(workbook01, sheetName): null

17-03-2025T06:51:49 - [TEST_STEP][PASSED] - setValueToCellByIndex(sheet01, n, 0, dashboardName): null

17-03-2025T06:51:49 - [TEST_STEP][PASSED] - setValueToCellByIndex(sheet01, n, 1, dZO): null

17-03-2025T06:51:49 - [TEST_STEP][PASSED] - setValueToCellByIndex(sheet01, n, 2, typeOfData): null

17-03-2025T06:51:49 - [TEST_STEP][PASSED] - if (typeOfData == "Факт в процентах" || typeOfData == "План в процентах"): null

17-03-2025T06:51:49 - [TEST_STEP][PASSED] - else: null

17-03-2025T06:51:49 - [TEST_STEP][PASSED] - setValueToCellByIndex(sheet01, n, 3, fileInt): null

17-03-2025T06:51:49 - [TEST_STEP][PASSED] - setValueToCellByIndex(sheet01, n, 4, pageInt): null

17-03-2025T06:51:49 - [TEST_STEP][PASSED] - setValueToCellByIndex(sheet01, n, 5, m): null

17-03-2025T06:51:49 - [TEST_STEP][PASSED] - setValueToCellByIndex(sheet01, n, 6, y): null

17-03-2025T06:51:49 - [TEST_STEP][PASSED] - setValueToCellByIndex(sheet01, n, 7, todaysDate): null

17-03-2025T06:51:49 - [TEST_STEP][PASSED] - n = n + 1: null

17-03-2025T06:51:49 - [TEST_STEP][PASSED] - saveWorkbook(excelFilePath, workbook01): Object: 'Object Repository/Выполнение бизнес-плана/Кнопка Факт' is clicked on

17-03-2025T06:51:50 - [TEST_STEP][PASSED] - if (planFact == 2): Object: 'Object Repository/Выполнение бизнес-плана/Кнопка Факт' is clicked on

17-03-2025T06:51:50 - [TEST_STEP][PASSED] - click(findTestObject("Выполнение бизнес-плана/Кнопка Факт")): Object: 'Object Repository/Выполнение бизнес-плана/Кнопка Факт' is clicked on

17-03-2025T06:51:50 - [MESSAGE][PASSED] - Object: 'Object Repository/Выполнение бизнес-плана/Кнопка Факт' is clicked on

17-03-2025T06:51:50 - [TEST_STEP][PASSED] - println("a=" + a): null

17-03-2025T06:51:50 - [TEST_STEP][PASSED] - if (a == 84 || a == 82): null

17-03-2025T06:51:50 - [TEST_STEP][PASSED] - else if (a == 83 || a == 52 || a == 72 || a == 28 || a == 73 || a == 77 || a == 74 || a == 65 || a == 36 || a == 44 || a == 53 || a == 80 || a == 54 || a == 1 || a == 18 || a == 59 || a == 81): null

17-03-2025T06:51:50 - [TEST_STEP][PASSED] - page1 = getText(findTestObject("Object Repository/Выполнение бизнес-плана/spanPlan" + dzoNum)): Text of object 'Object Repository/Выполнение бизнес-плана/spanPlan1' is: '4.01
|'

17-03-2025T06:51:50 - [MESSAGE][PASSED] - Text of object 'Object Repository/Выполнение бизнес-плана/spanPlan1' is: '4.01
|'

17-03-2025T06:51:50 - [TEST_STEP][PASSED] - page1 = page1.replace("|", ""): null

17-03-2025T06:51:50 - [TEST_STEP][PASSED] - page2 = getText(findTestObject("Object Repository/Выполнение бизнес-плана/spanFact" + dzoNum)): Text of object 'Object Repository/Выполнение бизнес-плана/spanFact1' is: '4.00'

17-03-2025T06:51:51 - [MESSAGE][PASSED] - Text of object 'Object Repository/Выполнение бизнес-плана/spanFact1' is: '4.00'

17-03-2025T06:51:51 - [TEST_STEP][PASSED] - page2 = page2.replace("|", ""): null

17-03-2025T06:51:51 - [TEST_STEP][PASSED] - println("page1: " + page1): null

17-03-2025T06:51:51 - [TEST_STEP][PASSED] - println("page2: " + page2): null

17-03-2025T06:51:51 - [TEST_STEP][PASSED] - file = findTestData("PlanFact").getValue(4, a): null

17-03-2025T06:51:51 - [TEST_STEP][PASSED] - file = file.replace(",", "."): null

17-03-2025T06:51:51 - [TEST_STEP][PASSED] - println("file Plan: " + file): null

17-03-2025T06:51:51 - [TEST_STEP][PASSED] - typeOfData = "План в процентах": null

17-03-2025T06:51:51 - [TEST_STEP][PASSED] - fileDouble = file.toDouble(): null

17-03-2025T06:51:51 - [TEST_STEP][PASSED] - pageDouble = page1.toDouble(): null

17-03-2025T06:51:51 - [TEST_STEP][PASSED] - if (fileDouble != pageDouble): null

17-03-2025T06:51:51 - [TEST_STEP][PASSED] - file = findTestData("PlanFact").getValue(7, a): null

17-03-2025T06:51:51 - [TEST_STEP][PASSED] - file = file.replace(",", "."): null

17-03-2025T06:51:51 - [TEST_STEP][PASSED] - println("file Fact: " + file): null

17-03-2025T06:51:51 - [TEST_STEP][PASSED] - fileDouble = file.toDouble(): null

17-03-2025T06:51:51 - [TEST_STEP][PASSED] - typeOfData = "Факт в процентах": null

17-03-2025T06:51:51 - [TEST_STEP][PASSED] - fileDouble = file.toDouble(): null

17-03-2025T06:51:51 - [TEST_STEP][PASSED] - pageDouble = page2.toDouble(): null

17-03-2025T06:51:51 - [TEST_STEP][PASSED] - if (fileDouble != pageDouble): null

17-03-2025T06:51:51 - [TEST_STEP][FAILED] - if (verifyEqual(numberOfErrors, 0) == false): null

17-03-2025T06:51:51 - [MESSAGE][FAILED] - Unable to verify equal between actual object '2' and expected object '0' (Root cause: com.kms.katalon.core.exception.StepFailedException: Actual object '2' and expected object '0' are not equal
	at com.kms.katalon.core.keyword.builtin.VerifyEqualKeyword$_verifyEqual_closure1.doCall(VerifyEqualKeyword.groovy:58)
	at com.kms.katalon.core.keyword.builtin.VerifyEqualKeyword$_verifyEqual_closure1.call(VerifyEqualKeyword.groovy)
	at com.kms.katalon.core.keyword.internal.KeywordMain.runKeyword(KeywordMain.groovy:75)
	at com.kms.katalon.core.keyword.builtin.VerifyEqualKeyword.verifyEqual(VerifyEqualKeyword.groovy:63)
	at com.kms.katalon.core.keyword.builtin.VerifyEqualKeyword.execute(VerifyEqualKeyword.groovy:44)
	at com.kms.katalon.core.keyword.internal.KeywordExecutor.executeKeywordForPlatform(KeywordExecutor.groovy:74)
	at com.kms.katalon.core.keyword.BuiltinKeywords.verifyEqual(BuiltinKeywords.groovy:146)
	at jdk.internal.reflect.GeneratedMethodAccessor23.invoke(Unknown Source)
	at java.base/jdk.internal.reflect.DelegatingMethodAccessorImpl.invoke(DelegatingMethodAccessorImpl.java:43)
	at Выполнение бизнес-плана Сверка ПАО Россети все филиалы.Numbers(Выполнение бизнес-плана Сверка ПАО Россети все филиалы:744)
	at Выполнение бизнес-плана Сверка ПАО Россети все филиалы.run(Выполнение бизнес-плана Сверка ПАО Россети все филиалы:183)
	at com.kms.katalon.core.main.ScriptEngine.run(ScriptEngine.java:194)
	at com.kms.katalon.core.main.ScriptEngine.runScriptAsRawText(ScriptEngine.java:119)
	at com.kms.katalon.core.main.TestCaseExecutor.runScript(TestCaseExecutor.java:448)
	at com.kms.katalon.core.main.TestCaseExecutor.doExecute(TestCaseExecutor.java:439)
	at com.kms.katalon.core.main.TestCaseExecutor.processExecutionPhase(TestCaseExecutor.java:418)
	at com.kms.katalon.core.main.TestCaseExecutor.accessMainPhase(TestCaseExecutor.java:410)
	at com.kms.katalon.core.main.TestCaseExecutor.execute(TestCaseExecutor.java:285)
	at com.kms.katalon.core.common.CommonExecutor.accessTestCaseMainPhase(CommonExecutor.java:65)
	at com.kms.katalon.core.main.TestSuiteExecutor.accessTestSuiteMainPhase(TestSuiteExecutor.java:150)
	at com.kms.katalon.core.main.TestSuiteExecutor.execute(TestSuiteExecutor.java:106)
	at com.kms.katalon.core.main.TestCaseMain.startTestSuite(TestCaseMain.java:180)
	at TempTestSuite1742171011514.run(TempTestSuite1742171011514.groovy:35)
	at java.base/jdk.internal.reflect.NativeMethodAccessorImpl.invoke0(Native Method)
	at java.base/jdk.internal.reflect.NativeMethodAccessorImpl.invoke(NativeMethodAccessorImpl.java:77)
	at java.base/jdk.internal.reflect.DelegatingMethodAccessorImpl.invoke(DelegatingMethodAccessorImpl.java:43)
)

17-03-2025T06:51:51 - [TEST_STEP][PASSED] - println(numberOfErrors): null

17-03-2025T06:51:51 - [TEST_STEP][PASSED] - println("a=" + a): null

17-03-2025T06:51:51 - [TEST_STEP][PASSED] - if (a == 28 || a == 77 || a == 74 || a == 65 || a == 36 || a == 44 || a == 54 || a == 1 || a == 18 || a == 59): null

17-03-2025T06:51:51 - [TEST_STEP][PASSED] - if (a == 82): null

17-03-2025T06:51:51 - [TEST_STEP][PASSED] - println(dzoNum): null

17-03-2025T06:51:51 - [TEST_STEP][PASSED] - dZO = "РаспредКомплекс": null

17-03-2025T06:51:51 - [TEST_STEP][PASSED] - a = 82: null

17-03-2025T06:51:51 - [TEST_STEP][PASSED] - Script1718980020443.Numbers(a, typeOfData, todaysDate, pageInt, fileInt, pageDouble, fileDouble, dZO, dzoNum, filialNum): null

17-03-2025T06:51:51 - [TEST_STEP][PASSED] - println(dzoNum): null

17-03-2025T06:51:51 - [TEST_STEP][PASSED] - planFact = <not implemented yet for class: org.codehaus.groovy.ast.expr.EmptyExpression>: null

17-03-2025T06:51:51 - [TEST_STEP][PASSED] - page = <not implemented yet for class: org.codehaus.groovy.ast.expr.EmptyExpression>: null

17-03-2025T06:51:51 - [TEST_STEP][PASSED] - page1 = <not implemented yet for class: org.codehaus.groovy.ast.expr.EmptyExpression>: null

17-03-2025T06:51:51 - [TEST_STEP][PASSED] - page2 = <not implemented yet for class: org.codehaus.groovy.ast.expr.EmptyExpression>: null

17-03-2025T06:51:51 - [TEST_STEP][PASSED] - filialNumberInRow = <not implemented yet for class: org.codehaus.groovy.ast.expr.EmptyExpression>: null

17-03-2025T06:51:51 - [TEST_STEP][PASSED] - filialsDzoNames = <not implemented yet for class: org.codehaus.groovy.ast.expr.EmptyExpression>: null

17-03-2025T06:51:51 - [TEST_STEP][PASSED] - numberOfFilials = <not implemented yet for class: org.codehaus.groovy.ast.expr.EmptyExpression>: null

17-03-2025T06:51:51 - [TEST_STEP][PASSED] - numberOfSpaces = <not implemented yet for class: org.codehaus.groovy.ast.expr.EmptyExpression>: null

17-03-2025T06:51:51 - [TEST_STEP][PASSED] - file = <not implemented yet for class: org.codehaus.groovy.ast.expr.EmptyExpression>: null

17-03-2025T06:51:51 - [TEST_STEP][PASSED] - otpusk = <not implemented yet for class: org.codehaus.groovy.ast.expr.EmptyExpression>: null

17-03-2025T06:51:51 - [TEST_STEP][PASSED] - poteri = <not implemented yet for class: org.codehaus.groovy.ast.expr.EmptyExpression>: null

17-03-2025T06:51:51 - [TEST_STEP][PASSED] - dataFolder = "Выполнение бизнес-плана/Значения со страницы Выполнение бизнес-плана/": null

17-03-2025T06:51:51 - [TEST_STEP][PASSED] - path = <not implemented yet for class: org.codehaus.groovy.ast.expr.EmptyExpression>: null

17-03-2025T06:51:51 - [TEST_STEP][PASSED] - typeOfDataMain = <not implemented yet for class: org.codehaus.groovy.ast.expr.EmptyExpression>: null

17-03-2025T06:51:51 - [TEST_STEP][PASSED] - fileOtpuskVSet = <not implemented yet for class: org.codehaus.groovy.ast.expr.EmptyExpression>: null

17-03-2025T06:51:51 - [TEST_STEP][PASSED] - pageOtpuskVSet = <not implemented yet for class: org.codehaus.groovy.ast.expr.EmptyExpression>: null

17-03-2025T06:51:51 - [TEST_STEP][PASSED] - filePoteri = <not implemented yet for class: org.codehaus.groovy.ast.expr.EmptyExpression>: null

17-03-2025T06:51:51 - [TEST_STEP][PASSED] - pagePoteri = <not implemented yet for class: org.codehaus.groovy.ast.expr.EmptyExpression>: null

17-03-2025T06:51:51 - [TEST_STEP][PASSED] - compare = <not implemented yet for class: org.codehaus.groovy.ast.expr.EmptyExpression>: null

17-03-2025T06:51:51 - [TEST_STEP][PASSED] - b = <not implemented yet for class: org.codehaus.groovy.ast.expr.EmptyExpression>: null

17-03-2025T06:51:51 - [TEST_STEP][PASSED] - i = <not implemented yet for class: org.codehaus.groovy.ast.expr.EmptyExpression>: null

17-03-2025T06:51:51 - [TEST_STEP][PASSED] - ii = <not implemented yet for class: org.codehaus.groovy.ast.expr.EmptyExpression>: null

17-03-2025T06:51:51 - [TEST_STEP][PASSED] - c = <not implemented yet for class: org.codehaus.groovy.ast.expr.EmptyExpression>: null

17-03-2025T06:51:51 - [TEST_STEP][PASSED] - numberOfErrors = 0: null

17-03-2025T06:51:51 - [TEST_STEP][PASSED] - if (a == 82): null

17-03-2025T06:51:51 - [TEST_STEP][PASSED] - Script1718980020443.OpenFilter(): null

17-03-2025T06:51:51 - [TEST_STEP][PASSED] - click(findTestObject("Object Repository/Выполнение бизнес-плана/Фильтр ДЗО")): Object: 'Object Repository/Выполнение бизнес-плана/Фильтр ДЗО' is clicked on

17-03-2025T06:51:51 - [MESSAGE][PASSED] - Object: 'Object Repository/Выполнение бизнес-плана/Фильтр ДЗО' is clicked on

17-03-2025T06:51:51 - [TEST_STEP][PASSED] - click(findTestObject("Выполнение бизнес-плана/Снять выделение в фильтре ДЗО")): null

17-03-2025T06:51:52 - [MESSAGE][PASSED] - Object: 'Object Repository/Выполнение бизнес-плана/Снять выделение в фильтре ДЗО' is clicked on

17-03-2025T06:51:52 - [TEST_STEP][PASSED] - click(findTestObject("Выполнение бизнес-плана/Раскрыть список ПАО Россети в фильтре ДЗО")): Object: 'Object Repository/Выполнение бизнес-плана/Раскрыть список ПАО Россети в фильтре ДЗО' is clicked on

17-03-2025T06:51:52 - [MESSAGE][PASSED] - Object: 'Object Repository/Выполнение бизнес-плана/Раскрыть список ПАО Россети в фильтре ДЗО' is clicked on

17-03-2025T06:51:52 - [TEST_STEP][PASSED] - click(findTestObject("Выполнение бизнес-плана/РаспредКомплекс")): Object: 'Object Repository/Выполнение бизнес-плана/РаспредКомплекс' is clicked on

17-03-2025T06:51:52 - [MESSAGE][PASSED] - Object: 'Object Repository/Выполнение бизнес-плана/РаспредКомплекс' is clicked on

17-03-2025T06:51:52 - [TEST_STEP][PASSED] - Script1718980020443.CloseFilter(): null

17-03-2025T06:51:52 - [TEST_STEP][PASSED] - scrollToElement(findTestObject("Выполнение бизнес-плана/Заголовок дашборда"), 30): Scroll to object 'Object Repository/Выполнение бизнес-плана/Заголовок дашборда' successfully

17-03-2025T06:51:53 - [MESSAGE][PASSED] - Scroll to object 'Object Repository/Выполнение бизнес-плана/Заголовок дашборда' successfully

17-03-2025T06:51:53 - [TEST_STEP][PASSED] - click(findTestObject("Object Repository/Выполнение бизнес-плана/Применить в фильтре ДЗО")): null

17-03-2025T06:51:54 - [MESSAGE][PASSED] - Object: 'Object Repository/Выполнение бизнес-плана/Применить в фильтре ДЗО' is clicked on

17-03-2025T06:51:54 - [TEST_STEP][PASSED] - delay(5): Delayed 5 second(s)

17-03-2025T06:51:59 - [MESSAGE][PASSED] - Delayed 5 second(s)

17-03-2025T06:51:59 - [TEST_STEP][PASSED] - b = findTestData("PlanFact").getValue(1, a): null

17-03-2025T06:51:59 - [TEST_STEP][PASSED] - i = b.indexOf(" (ГК)"): null

17-03-2025T06:51:59 - [TEST_STEP][PASSED] - if (i > -1): null

17-03-2025T06:51:59 - [TEST_STEP][PASSED] - i = b.indexOf("О ""): null

17-03-2025T06:51:59 - [TEST_STEP][PASSED] - if (i > -1): null

17-03-2025T06:51:59 - [TEST_STEP][PASSED] - i = b.indexOf("О «"): null

17-03-2025T06:51:59 - [TEST_STEP][PASSED] - if (i > -1): null

17-03-2025T06:51:59 - [TEST_STEP][PASSED] - i = b.indexOf("г. "): null

17-03-2025T06:51:59 - [TEST_STEP][PASSED] - if (i > -1): null

17-03-2025T06:51:59 - [TEST_STEP][PASSED] - b = b.trim(): null

17-03-2025T06:51:59 - [TEST_STEP][PASSED] - println(b): null

17-03-2025T06:51:59 - [TEST_STEP][PASSED] - for ([planFact = 1, planFact < 3, (planFact++)]): null

17-03-2025T06:51:59 - [TEST_STEP][PASSED] - if (planFact == 1): null

17-03-2025T06:51:59 - [TEST_STEP][PASSED] - typeOfDataMain = "Факт": null

17-03-2025T06:51:59 - [TEST_STEP][PASSED] - otpusk = findTestData("PlanFact").getValue(5, a): null

17-03-2025T06:51:59 - [TEST_STEP][PASSED] - poteri = findTestData("PlanFact").getValue(6, a): null

17-03-2025T06:51:59 - [TEST_STEP][PASSED] - otpusk = otpusk.replaceAll("\s+", ""): null

17-03-2025T06:51:59 - [TEST_STEP][PASSED] - poteri = poteri.replaceAll("\s+", ""): null

17-03-2025T06:51:59 - [TEST_STEP][PASSED] - typeOfData = typeOfDataMain + " Отпуск в сеть": null

17-03-2025T06:51:59 - [TEST_STEP][PASSED] - if (a == 82): null

17-03-2025T06:51:59 - [TEST_STEP][PASSED] - path = dataFolder + typeOfData + " за отчётный период " + "РаспредКомплекс": null

17-03-2025T06:51:59 - [TEST_STEP][PASSED] - println(path): null

17-03-2025T06:51:59 - [TEST_STEP][PASSED] - page = getText(findTestObject(path)): Text of object 'Object Repository/Выполнение бизнес-плана/Значения со страницы Выполнение бизнес-плана/Факт Отпуск в сеть за отчётный период РаспредКомплекс' is: '27 960 337'

17-03-2025T06:52:03 - [MESSAGE][PASSED] - Text of object 'Object Repository/Выполнение бизнес-плана/Значения со страницы Выполнение бизнес-плана/Факт Отпуск в сеть за отчётный период РаспредКомплекс' is: '27 960 337'

17-03-2025T06:52:03 - [TEST_STEP][PASSED] - if (page == "" || page == null): null

17-03-2025T06:52:03 - [TEST_STEP][PASSED] - else: null

17-03-2025T06:52:03 - [TEST_STEP][PASSED] - page = page.replaceAll("\s+", ""): null

17-03-2025T06:52:03 - [TEST_STEP][PASSED] - if (page == "undefined"): null

17-03-2025T06:52:03 - [TEST_STEP][PASSED] - fileOtpuskVSet = otpusk.toInteger(): null

17-03-2025T06:52:03 - [TEST_STEP][PASSED] - pageOtpuskVSet = page.toInteger(): null

17-03-2025T06:52:03 - [TEST_STEP][PASSED] - typeOfData = typeOfDataMain + " Потери": null

17-03-2025T06:52:03 - [TEST_STEP][PASSED] - if (a == 82): null

17-03-2025T06:52:03 - [TEST_STEP][PASSED] - path = dataFolder + typeOfData + " за отчётный период " + "РаспредКомплекс": null

17-03-2025T06:52:03 - [TEST_STEP][PASSED] - page = getText(findTestObject(path)): Text of object 'Object Repository/Выполнение бизнес-плана/Значения со страницы Выполнение бизнес-плана/Факт Потери за отчётный период РаспредКомплекс' is: '2 188 608'

17-03-2025T06:52:03 - [MESSAGE][PASSED] - Text of object 'Object Repository/Выполнение бизнес-плана/Значения со страницы Выполнение бизнес-плана/Факт Потери за отчётный период РаспредКомплекс' is: '2 188 608'

17-03-2025T06:52:03 - [TEST_STEP][PASSED] - if (page == "" || page == null): null

17-03-2025T06:52:03 - [TEST_STEP][PASSED] - else: null

17-03-2025T06:52:03 - [TEST_STEP][PASSED] - page = page.replaceAll("\s+", ""): null

17-03-2025T06:52:03 - [TEST_STEP][PASSED] - if (page == "undefined"): null

17-03-2025T06:52:03 - [TEST_STEP][PASSED] - filePoteri = poteri.toInteger(): null

17-03-2025T06:52:03 - [TEST_STEP][PASSED] - pagePoteri = page.toInteger(): null

17-03-2025T06:52:03 - [TEST_STEP][PASSED] - compare = pageOtpuskVSet: null

17-03-2025T06:52:03 - [TEST_STEP][PASSED] - if (pageOtpuskVSet != null): null

17-03-2025T06:52:03 - [TEST_STEP][PASSED] - if (compare == fileOtpuskVSet): null

17-03-2025T06:52:03 - [TEST_STEP][PASSED] - else if (compare > fileOtpuskVSet): null

17-03-2025T06:52:03 - [TEST_STEP][PASSED] - else if (compare < fileOtpuskVSet): null

17-03-2025T06:52:03 - [TEST_STEP][PASSED] - compare = compare + 1: null

17-03-2025T06:52:03 - [TEST_STEP][PASSED] - if (compare == fileOtpuskVSet): null

17-03-2025T06:52:03 - [TEST_STEP][PASSED] - else: null

17-03-2025T06:52:03 - [TEST_STEP][PASSED] - numberOfErrors = numberOfErrors + 1: null

17-03-2025T06:52:03 - [TEST_STEP][PASSED] - pageInt = pageOtpuskVSet: null

17-03-2025T06:52:03 - [TEST_STEP][PASSED] - fileInt = fileOtpuskVSet: null

17-03-2025T06:52:03 - [TEST_STEP][PASSED] - typeOfData = typeOfDataMain + " Отпуск в сеть": null

17-03-2025T06:52:03 - [TEST_STEP][PASSED] - Script1718980020443.WriteToExcel(a, typeOfData, todaysDate, pageInt, fileInt, pageDouble, fileDouble, dZO): null

17-03-2025T06:52:03 - [TEST_STEP][PASSED] - sheetName = "Sheet1": null

17-03-2025T06:52:03 - [TEST_STEP][PASSED] - data = findTestData("PlanFact"): null

17-03-2025T06:52:03 - [TEST_STEP][PASSED] - n = data.getRowNumbers() + 1: null

17-03-2025T06:52:03 - [TEST_STEP][PASSED] - day = ")).toInteger(): null

17-03-2025T06:52:03 - [TEST_STEP][PASSED] - println(day): null

17-03-2025T06:52:03 - [TEST_STEP][PASSED] - month = ")).toInteger(): null

17-03-2025T06:52:03 - [TEST_STEP][PASSED] - println(month): null

17-03-2025T06:52:03 - [TEST_STEP][PASSED] - y = <not implemented yet for class: org.codehaus.groovy.ast.expr.EmptyExpression>: null

17-03-2025T06:52:03 - [TEST_STEP][PASSED] - iy = <not implemented yet for class: org.codehaus.groovy.ast.expr.EmptyExpression>: null

17-03-2025T06:52:03 - [TEST_STEP][PASSED] - m = getText(findTestObject("Выполнение бизнес-плана/Период")): Text of object 'Object Repository/Выполнение бизнес-плана/Период' is: 'Январь 2025 года'

17-03-2025T06:52:04 - [MESSAGE][PASSED] - Text of object 'Object Repository/Выполнение бизнес-плана/Период' is: 'Январь 2025 года'

17-03-2025T06:52:04 - [TEST_STEP][PASSED] - iy = m.indexOf("20"): null

17-03-2025T06:52:04 - [TEST_STEP][PASSED] - if (iy > -1): null

17-03-2025T06:52:04 - [TEST_STEP][PASSED] - y = substring(iy, iy + 4).toInteger(): null

17-03-2025T06:52:04 - [TEST_STEP][PASSED] - println(y): null

17-03-2025T06:52:04 - [TEST_STEP][PASSED] - if (toString().length() == 4): null

17-03-2025T06:52:04 - [TEST_STEP][PASSED] - m = m.substring(0, m.indexOf(y.toString())): null

17-03-2025T06:52:04 - [TEST_STEP][PASSED] - m = m.trim(): null

17-03-2025T06:52:04 - [TEST_STEP][PASSED] - if (m == ""): null

17-03-2025T06:52:04 - [TEST_STEP][PASSED] - dashboardName = "Выполнение бизнес-плана": null

17-03-2025T06:52:04 - [TEST_STEP][PASSED] - workbook01 = getWorkbook(excelFilePath): null

17-03-2025T06:52:04 - [TEST_STEP][PASSED] - sheet01 = getExcelSheet(workbook01, sheetName): null

17-03-2025T06:52:04 - [TEST_STEP][PASSED] - setValueToCellByIndex(sheet01, n, 0, dashboardName): null

17-03-2025T06:52:04 - [TEST_STEP][PASSED] - setValueToCellByIndex(sheet01, n, 1, dZO): null

17-03-2025T06:52:04 - [TEST_STEP][PASSED] - setValueToCellByIndex(sheet01, n, 2, typeOfData): null

17-03-2025T06:52:04 - [TEST_STEP][PASSED] - if (typeOfData == "Факт в процентах" || typeOfData == "План в процентах"): null

17-03-2025T06:52:04 - [TEST_STEP][PASSED] - else: null

17-03-2025T06:52:04 - [TEST_STEP][PASSED] - setValueToCellByIndex(sheet01, n, 3, fileInt): null

17-03-2025T06:52:04 - [TEST_STEP][PASSED] - setValueToCellByIndex(sheet01, n, 4, pageInt): null

17-03-2025T06:52:04 - [TEST_STEP][PASSED] - setValueToCellByIndex(sheet01, n, 5, m): null

17-03-2025T06:52:04 - [TEST_STEP][PASSED] - setValueToCellByIndex(sheet01, n, 6, y): null

17-03-2025T06:52:04 - [TEST_STEP][PASSED] - setValueToCellByIndex(sheet01, n, 7, todaysDate): null

17-03-2025T06:52:04 - [TEST_STEP][PASSED] - n = n + 1: null

17-03-2025T06:52:04 - [TEST_STEP][PASSED] - saveWorkbook(excelFilePath, workbook01): null

17-03-2025T06:52:04 - [TEST_STEP][PASSED] - compare = pagePoteri: null

17-03-2025T06:52:04 - [TEST_STEP][PASSED] - if (pageOtpuskVSet != null): null

17-03-2025T06:52:04 - [TEST_STEP][PASSED] - if (compare == filePoteri): null

17-03-2025T06:52:04 - [TEST_STEP][PASSED] - else if (compare > filePoteri): null

17-03-2025T06:52:04 - [TEST_STEP][PASSED] - else if (compare < filePoteri): null

17-03-2025T06:52:04 - [TEST_STEP][PASSED] - compare = compare + 1: null

17-03-2025T06:52:04 - [TEST_STEP][PASSED] - if (compare == filePoteri): null

17-03-2025T06:52:04 - [TEST_STEP][PASSED] - else: null

17-03-2025T06:52:04 - [TEST_STEP][PASSED] - numberOfErrors = numberOfErrors + 1: null

17-03-2025T06:52:04 - [TEST_STEP][PASSED] - pageInt = pagePoteri: null

17-03-2025T06:52:04 - [TEST_STEP][PASSED] - fileInt = filePoteri: null

17-03-2025T06:52:04 - [TEST_STEP][PASSED] - typeOfData = typeOfDataMain + " Потери": null

17-03-2025T06:52:04 - [TEST_STEP][PASSED] - Script1718980020443.WriteToExcel(a, typeOfData, todaysDate, pageInt, fileInt, pageDouble, fileDouble, dZO): null

17-03-2025T06:52:04 - [TEST_STEP][PASSED] - sheetName = "Sheet1": null

17-03-2025T06:52:04 - [TEST_STEP][PASSED] - data = findTestData("PlanFact"): null

17-03-2025T06:52:04 - [TEST_STEP][PASSED] - n = data.getRowNumbers() + 1: null

17-03-2025T06:52:04 - [TEST_STEP][PASSED] - day = ")).toInteger(): null

17-03-2025T06:52:04 - [TEST_STEP][PASSED] - println(day): null

17-03-2025T06:52:04 - [TEST_STEP][PASSED] - month = ")).toInteger(): null

17-03-2025T06:52:04 - [TEST_STEP][PASSED] - println(month): null

17-03-2025T06:52:04 - [TEST_STEP][PASSED] - y = <not implemented yet for class: org.codehaus.groovy.ast.expr.EmptyExpression>: null

17-03-2025T06:52:04 - [TEST_STEP][PASSED] - iy = <not implemented yet for class: org.codehaus.groovy.ast.expr.EmptyExpression>: null

17-03-2025T06:52:04 - [TEST_STEP][PASSED] - m = getText(findTestObject("Выполнение бизнес-плана/Период")): Text of object 'Object Repository/Выполнение бизнес-плана/Период' is: 'Январь 2025 года'

17-03-2025T06:52:05 - [MESSAGE][PASSED] - Text of object 'Object Repository/Выполнение бизнес-плана/Период' is: 'Январь 2025 года'

17-03-2025T06:52:05 - [TEST_STEP][PASSED] - iy = m.indexOf("20"): null

17-03-2025T06:52:05 - [TEST_STEP][PASSED] - if (iy > -1): null

17-03-2025T06:52:05 - [TEST_STEP][PASSED] - y = substring(iy, iy + 4).toInteger(): null

17-03-2025T06:52:05 - [TEST_STEP][PASSED] - println(y): null

17-03-2025T06:52:05 - [TEST_STEP][PASSED] - if (toString().length() == 4): null

17-03-2025T06:52:05 - [TEST_STEP][PASSED] - m = m.substring(0, m.indexOf(y.toString())): null

17-03-2025T06:52:05 - [TEST_STEP][PASSED] - m = m.trim(): null

17-03-2025T06:52:05 - [TEST_STEP][PASSED] - if (m == ""): null

17-03-2025T06:52:05 - [TEST_STEP][PASSED] - dashboardName = "Выполнение бизнес-плана": null

17-03-2025T06:52:05 - [TEST_STEP][PASSED] - workbook01 = getWorkbook(excelFilePath): null

17-03-2025T06:52:05 - [TEST_STEP][PASSED] - sheet01 = getExcelSheet(workbook01, sheetName): null

17-03-2025T06:52:05 - [TEST_STEP][PASSED] - setValueToCellByIndex(sheet01, n, 0, dashboardName): null

17-03-2025T06:52:05 - [TEST_STEP][PASSED] - setValueToCellByIndex(sheet01, n, 1, dZO): null

17-03-2025T06:52:05 - [TEST_STEP][PASSED] - setValueToCellByIndex(sheet01, n, 2, typeOfData): null

17-03-2025T06:52:05 - [TEST_STEP][PASSED] - if (typeOfData == "Факт в процентах" || typeOfData == "План в процентах"): null

17-03-2025T06:52:05 - [TEST_STEP][PASSED] - else: null

17-03-2025T06:52:05 - [TEST_STEP][PASSED] - setValueToCellByIndex(sheet01, n, 3, fileInt): null

17-03-2025T06:52:05 - [TEST_STEP][PASSED] - setValueToCellByIndex(sheet01, n, 4, pageInt): null

17-03-2025T06:52:05 - [TEST_STEP][PASSED] - setValueToCellByIndex(sheet01, n, 5, m): null

17-03-2025T06:52:05 - [TEST_STEP][PASSED] - setValueToCellByIndex(sheet01, n, 6, y): null

17-03-2025T06:52:05 - [TEST_STEP][PASSED] - setValueToCellByIndex(sheet01, n, 7, todaysDate): null

17-03-2025T06:52:05 - [TEST_STEP][PASSED] - n = n + 1: null

17-03-2025T06:52:05 - [TEST_STEP][PASSED] - saveWorkbook(excelFilePath, workbook01): null

17-03-2025T06:52:05 - [TEST_STEP][PASSED] - if (planFact == 2): null

17-03-2025T06:52:05 - [TEST_STEP][PASSED] - if (planFact == 1): null

17-03-2025T06:52:05 - [TEST_STEP][PASSED] - else if (planFact == 2): null

17-03-2025T06:52:05 - [TEST_STEP][PASSED] - click(findTestObject("Выполнение бизнес-плана/Кнопка План")): Object: 'Object Repository/Выполнение бизнес-плана/Кнопка План' is clicked on

17-03-2025T06:52:05 - [MESSAGE][PASSED] - Object: 'Object Repository/Выполнение бизнес-плана/Кнопка План' is clicked on

17-03-2025T06:52:05 - [TEST_STEP][PASSED] - typeOfDataMain = "План": null

17-03-2025T06:52:05 - [TEST_STEP][PASSED] - otpusk = findTestData("PlanFact").getValue(2, a): null

17-03-2025T06:52:05 - [TEST_STEP][PASSED] - poteri = findTestData("PlanFact").getValue(3, a): null

17-03-2025T06:52:05 - [TEST_STEP][PASSED] - otpusk = otpusk.replaceAll("\s+", ""): null

17-03-2025T06:52:05 - [TEST_STEP][PASSED] - poteri = poteri.replaceAll("\s+", ""): null

17-03-2025T06:52:05 - [TEST_STEP][PASSED] - typeOfData = typeOfDataMain + " Отпуск в сеть": null

17-03-2025T06:52:05 - [TEST_STEP][PASSED] - if (a == 82): null

17-03-2025T06:52:05 - [TEST_STEP][PASSED] - path = dataFolder + typeOfData + " за отчётный период " + "РаспредКомплекс": null

17-03-2025T06:52:05 - [TEST_STEP][PASSED] - println(path): null

17-03-2025T06:52:05 - [TEST_STEP][PASSED] - page = getText(findTestObject(path)): Text of object 'Object Repository/Выполнение бизнес-плана/Значения со страницы Выполнение бизнес-плана/План Отпуск в сеть за отчётный период РаспредКомплекс' is: '29 584 677'

17-03-2025T06:52:06 - [MESSAGE][PASSED] - Text of object 'Object Repository/Выполнение бизнес-плана/Значения со страницы Выполнение бизнес-плана/План Отпуск в сеть за отчётный период РаспредКомплекс' is: '29 584 677'

17-03-2025T06:52:06 - [TEST_STEP][PASSED] - if (page == "" || page == null): null

17-03-2025T06:52:06 - [TEST_STEP][PASSED] - else: null

17-03-2025T06:52:06 - [TEST_STEP][PASSED] - page = page.replaceAll("\s+", ""): null

17-03-2025T06:52:06 - [TEST_STEP][PASSED] - if (page == "undefined"): null

17-03-2025T06:52:06 - [TEST_STEP][PASSED] - fileOtpuskVSet = otpusk.toInteger(): null

17-03-2025T06:52:06 - [TEST_STEP][PASSED] - pageOtpuskVSet = page.toInteger(): null

17-03-2025T06:52:06 - [TEST_STEP][PASSED] - typeOfData = typeOfDataMain + " Потери": null

17-03-2025T06:52:06 - [TEST_STEP][PASSED] - if (a == 82): null

17-03-2025T06:52:06 - [TEST_STEP][PASSED] - path = dataFolder + typeOfData + " за отчётный период " + "РаспредКомплекс": null

17-03-2025T06:52:06 - [TEST_STEP][PASSED] - page = getText(findTestObject(path)): Text of object 'Object Repository/Выполнение бизнес-плана/Значения со страницы Выполнение бизнес-плана/План Потери за отчётный период РаспредКомплекс' is: '2 566 418'

17-03-2025T06:52:06 - [MESSAGE][PASSED] - Text of object 'Object Repository/Выполнение бизнес-плана/Значения со страницы Выполнение бизнес-плана/План Потери за отчётный период РаспредКомплекс' is: '2 566 418'

17-03-2025T06:52:06 - [TEST_STEP][PASSED] - if (page == "" || page == null): null

17-03-2025T06:52:06 - [TEST_STEP][PASSED] - else: null

17-03-2025T06:52:06 - [TEST_STEP][PASSED] - page = page.replaceAll("\s+", ""): null

17-03-2025T06:52:06 - [TEST_STEP][PASSED] - if (page == "undefined"): null

17-03-2025T06:52:06 - [TEST_STEP][PASSED] - filePoteri = poteri.toInteger(): null

17-03-2025T06:52:06 - [TEST_STEP][PASSED] - pagePoteri = page.toInteger(): null

17-03-2025T06:52:06 - [TEST_STEP][PASSED] - compare = pageOtpuskVSet: null

17-03-2025T06:52:06 - [TEST_STEP][PASSED] - if (pageOtpuskVSet != null): null

17-03-2025T06:52:06 - [TEST_STEP][PASSED] - if (compare == fileOtpuskVSet): null

17-03-2025T06:52:06 - [TEST_STEP][PASSED] - else if (compare > fileOtpuskVSet): null

17-03-2025T06:52:06 - [TEST_STEP][PASSED] - else if (compare < fileOtpuskVSet): null

17-03-2025T06:52:06 - [TEST_STEP][PASSED] - compare = compare + 1: null

17-03-2025T06:52:06 - [TEST_STEP][PASSED] - if (compare == fileOtpuskVSet): null

17-03-2025T06:52:06 - [TEST_STEP][PASSED] - else: null

17-03-2025T06:52:06 - [TEST_STEP][PASSED] - numberOfErrors = numberOfErrors + 1: null

17-03-2025T06:52:06 - [TEST_STEP][PASSED] - pageInt = pageOtpuskVSet: null

17-03-2025T06:52:06 - [TEST_STEP][PASSED] - fileInt = fileOtpuskVSet: null

17-03-2025T06:52:06 - [TEST_STEP][PASSED] - typeOfData = typeOfDataMain + " Отпуск в сеть": null

17-03-2025T06:52:06 - [TEST_STEP][PASSED] - Script1718980020443.WriteToExcel(a, typeOfData, todaysDate, pageInt, fileInt, pageDouble, fileDouble, dZO): null

17-03-2025T06:52:06 - [TEST_STEP][PASSED] - sheetName = "Sheet1": null

17-03-2025T06:52:06 - [TEST_STEP][PASSED] - data = findTestData("PlanFact"): null

17-03-2025T06:52:06 - [TEST_STEP][PASSED] - n = data.getRowNumbers() + 1: null

17-03-2025T06:52:06 - [TEST_STEP][PASSED] - day = ")).toInteger(): null

17-03-2025T06:52:06 - [TEST_STEP][PASSED] - println(day): null

17-03-2025T06:52:06 - [TEST_STEP][PASSED] - month = ")).toInteger(): null

17-03-2025T06:52:06 - [TEST_STEP][PASSED] - println(month): null

17-03-2025T06:52:06 - [TEST_STEP][PASSED] - y = <not implemented yet for class: org.codehaus.groovy.ast.expr.EmptyExpression>: null

17-03-2025T06:52:06 - [TEST_STEP][PASSED] - iy = <not implemented yet for class: org.codehaus.groovy.ast.expr.EmptyExpression>: null

17-03-2025T06:52:06 - [TEST_STEP][PASSED] - m = getText(findTestObject("Выполнение бизнес-плана/Период")): Text of object 'Object Repository/Выполнение бизнес-плана/Период' is: 'Январь 2025 года'

17-03-2025T06:52:06 - [MESSAGE][PASSED] - Text of object 'Object Repository/Выполнение бизнес-плана/Период' is: 'Январь 2025 года'

17-03-2025T06:52:06 - [TEST_STEP][PASSED] - iy = m.indexOf("20"): null

17-03-2025T06:52:06 - [TEST_STEP][PASSED] - if (iy > -1): null

17-03-2025T06:52:06 - [TEST_STEP][PASSED] - y = substring(iy, iy + 4).toInteger(): null

17-03-2025T06:52:06 - [TEST_STEP][PASSED] - println(y): null

17-03-2025T06:52:06 - [TEST_STEP][PASSED] - if (toString().length() == 4): null

17-03-2025T06:52:06 - [TEST_STEP][PASSED] - m = m.substring(0, m.indexOf(y.toString())): null

17-03-2025T06:52:06 - [TEST_STEP][PASSED] - m = m.trim(): null

17-03-2025T06:52:06 - [TEST_STEP][PASSED] - if (m == ""): null

17-03-2025T06:52:06 - [TEST_STEP][PASSED] - dashboardName = "Выполнение бизнес-плана": null

17-03-2025T06:52:06 - [TEST_STEP][PASSED] - workbook01 = getWorkbook(excelFilePath): null

17-03-2025T06:52:06 - [TEST_STEP][PASSED] - sheet01 = getExcelSheet(workbook01, sheetName): null

17-03-2025T06:52:06 - [TEST_STEP][PASSED] - setValueToCellByIndex(sheet01, n, 0, dashboardName): null

17-03-2025T06:52:06 - [TEST_STEP][PASSED] - setValueToCellByIndex(sheet01, n, 1, dZO): null

17-03-2025T06:52:06 - [TEST_STEP][PASSED] - setValueToCellByIndex(sheet01, n, 2, typeOfData): null

17-03-2025T06:52:06 - [TEST_STEP][PASSED] - if (typeOfData == "Факт в процентах" || typeOfData == "План в процентах"): null

17-03-2025T06:52:06 - [TEST_STEP][PASSED] - else: null

17-03-2025T06:52:06 - [TEST_STEP][PASSED] - setValueToCellByIndex(sheet01, n, 3, fileInt): null

17-03-2025T06:52:06 - [TEST_STEP][PASSED] - setValueToCellByIndex(sheet01, n, 4, pageInt): null

17-03-2025T06:52:06 - [TEST_STEP][PASSED] - setValueToCellByIndex(sheet01, n, 5, m): null

17-03-2025T06:52:06 - [TEST_STEP][PASSED] - setValueToCellByIndex(sheet01, n, 6, y): null

17-03-2025T06:52:06 - [TEST_STEP][PASSED] - setValueToCellByIndex(sheet01, n, 7, todaysDate): null

17-03-2025T06:52:06 - [TEST_STEP][PASSED] - n = n + 1: null

17-03-2025T06:52:06 - [TEST_STEP][PASSED] - saveWorkbook(excelFilePath, workbook01): null

17-03-2025T06:52:07 - [TEST_STEP][PASSED] - compare = pagePoteri: null

17-03-2025T06:52:07 - [TEST_STEP][PASSED] - if (pageOtpuskVSet != null): null

17-03-2025T06:52:07 - [TEST_STEP][PASSED] - if (compare == filePoteri): null

17-03-2025T06:52:07 - [TEST_STEP][PASSED] - else if (compare > filePoteri): null

17-03-2025T06:52:07 - [TEST_STEP][PASSED] - else if (compare < filePoteri): null

17-03-2025T06:52:07 - [TEST_STEP][PASSED] - compare = compare + 1: null

17-03-2025T06:52:07 - [TEST_STEP][PASSED] - if (compare == filePoteri): null

17-03-2025T06:52:07 - [TEST_STEP][PASSED] - else: null

17-03-2025T06:52:07 - [TEST_STEP][PASSED] - numberOfErrors = numberOfErrors + 1: null

17-03-2025T06:52:07 - [TEST_STEP][PASSED] - pageInt = pagePoteri: null

17-03-2025T06:52:07 - [TEST_STEP][PASSED] - fileInt = filePoteri: null

17-03-2025T06:52:07 - [TEST_STEP][PASSED] - typeOfData = typeOfDataMain + " Потери": null

17-03-2025T06:52:07 - [TEST_STEP][PASSED] - Script1718980020443.WriteToExcel(a, typeOfData, todaysDate, pageInt, fileInt, pageDouble, fileDouble, dZO): null

17-03-2025T06:52:07 - [TEST_STEP][PASSED] - sheetName = "Sheet1": null

17-03-2025T06:52:07 - [TEST_STEP][PASSED] - data = findTestData("PlanFact"): null

17-03-2025T06:52:07 - [TEST_STEP][PASSED] - n = data.getRowNumbers() + 1: null

17-03-2025T06:52:07 - [TEST_STEP][PASSED] - day = ")).toInteger(): null

17-03-2025T06:52:07 - [TEST_STEP][PASSED] - println(day): null

17-03-2025T06:52:07 - [TEST_STEP][PASSED] - month = ")).toInteger(): null

17-03-2025T06:52:07 - [TEST_STEP][PASSED] - println(month): null

17-03-2025T06:52:07 - [TEST_STEP][PASSED] - y = <not implemented yet for class: org.codehaus.groovy.ast.expr.EmptyExpression>: null

17-03-2025T06:52:07 - [TEST_STEP][PASSED] - iy = <not implemented yet for class: org.codehaus.groovy.ast.expr.EmptyExpression>: null

17-03-2025T06:52:07 - [TEST_STEP][PASSED] - m = getText(findTestObject("Выполнение бизнес-плана/Период")): Text of object 'Object Repository/Выполнение бизнес-плана/Период' is: 'Январь 2025 года'

17-03-2025T06:52:07 - [MESSAGE][PASSED] - Text of object 'Object Repository/Выполнение бизнес-плана/Период' is: 'Январь 2025 года'

17-03-2025T06:52:07 - [TEST_STEP][PASSED] - iy = m.indexOf("20"): null

17-03-2025T06:52:07 - [TEST_STEP][PASSED] - if (iy > -1): null

17-03-2025T06:52:07 - [TEST_STEP][PASSED] - y = substring(iy, iy + 4).toInteger(): null

17-03-2025T06:52:07 - [TEST_STEP][PASSED] - println(y): null

17-03-2025T06:52:07 - [TEST_STEP][PASSED] - if (toString().length() == 4): null

17-03-2025T06:52:07 - [TEST_STEP][PASSED] - m = m.substring(0, m.indexOf(y.toString())): null

17-03-2025T06:52:07 - [TEST_STEP][PASSED] - m = m.trim(): null

17-03-2025T06:52:07 - [TEST_STEP][PASSED] - if (m == ""): null

17-03-2025T06:52:07 - [TEST_STEP][PASSED] - dashboardName = "Выполнение бизнес-плана": null

17-03-2025T06:52:07 - [TEST_STEP][PASSED] - workbook01 = getWorkbook(excelFilePath): null

17-03-2025T06:52:07 - [TEST_STEP][PASSED] - sheet01 = getExcelSheet(workbook01, sheetName): null

17-03-2025T06:52:07 - [TEST_STEP][PASSED] - setValueToCellByIndex(sheet01, n, 0, dashboardName): null

17-03-2025T06:52:07 - [TEST_STEP][PASSED] - setValueToCellByIndex(sheet01, n, 1, dZO): null

17-03-2025T06:52:07 - [TEST_STEP][PASSED] - setValueToCellByIndex(sheet01, n, 2, typeOfData): null

17-03-2025T06:52:07 - [TEST_STEP][PASSED] - if (typeOfData == "Факт в процентах" || typeOfData == "План в процентах"): null

17-03-2025T06:52:07 - [TEST_STEP][PASSED] - else: null

17-03-2025T06:52:07 - [TEST_STEP][PASSED] - setValueToCellByIndex(sheet01, n, 3, fileInt): null

17-03-2025T06:52:07 - [TEST_STEP][PASSED] - setValueToCellByIndex(sheet01, n, 4, pageInt): null

17-03-2025T06:52:07 - [TEST_STEP][PASSED] - setValueToCellByIndex(sheet01, n, 5, m): null

17-03-2025T06:52:07 - [TEST_STEP][PASSED] - setValueToCellByIndex(sheet01, n, 6, y): null

17-03-2025T06:52:07 - [TEST_STEP][PASSED] - setValueToCellByIndex(sheet01, n, 7, todaysDate): null

17-03-2025T06:52:07 - [TEST_STEP][PASSED] - n = n + 1: null

17-03-2025T06:52:07 - [TEST_STEP][PASSED] - saveWorkbook(excelFilePath, workbook01): Object: 'Object Repository/Выполнение бизнес-плана/Кнопка Факт' is clicked on

17-03-2025T06:52:07 - [TEST_STEP][PASSED] - if (planFact == 2): Object: 'Object Repository/Выполнение бизнес-плана/Кнопка Факт' is clicked on

17-03-2025T06:52:07 - [TEST_STEP][PASSED] - click(findTestObject("Выполнение бизнес-плана/Кнопка Факт")): Object: 'Object Repository/Выполнение бизнес-плана/Кнопка Факт' is clicked on

17-03-2025T06:52:08 - [MESSAGE][PASSED] - Object: 'Object Repository/Выполнение бизнес-плана/Кнопка Факт' is clicked on

17-03-2025T06:52:08 - [TEST_STEP][PASSED] - println("a=" + a): null

17-03-2025T06:52:08 - [TEST_STEP][PASSED] - if (a == 84 || a == 82): null

17-03-2025T06:52:08 - [TEST_STEP][PASSED] - page = getText(findTestObject("Выполнение бизнес-плана/textPlanFact")): Text of object 'Object Repository/Выполнение бизнес-плана/textPlanFact' is: '%
8.67 8.67
7.83 7.83
План
Факт
1
100'

17-03-2025T06:52:08 - [MESSAGE][PASSED] - Text of object 'Object Repository/Выполнение бизнес-плана/textPlanFact' is: '%
8.67 8.67
7.83 7.83
План
Факт
1
100'

17-03-2025T06:52:08 - [TEST_STEP][PASSED] - page = page.replaceAll("\n", "_"): null

17-03-2025T06:52:08 - [TEST_STEP][PASSED] - page = page.substring(page.indexOf("_") + 1, page.length()): null

17-03-2025T06:52:08 - [TEST_STEP][PASSED] - page1 = page.substring(0, page.indexOf("_")): null

17-03-2025T06:52:08 - [TEST_STEP][PASSED] - page1 = page.substring(0, page.indexOf(" ")): null

17-03-2025T06:52:08 - [TEST_STEP][PASSED] - page2 = page.substring(page.indexOf("_") + 1, page.length()): null

17-03-2025T06:52:08 - [TEST_STEP][PASSED] - page2 = page2.substring(0, page.indexOf("_")): null

17-03-2025T06:52:08 - [TEST_STEP][PASSED] - page2 = page2.substring(0, page.indexOf(" ")): null

17-03-2025T06:52:08 - [TEST_STEP][PASSED] - println("page1: " + page1): null

17-03-2025T06:52:08 - [TEST_STEP][PASSED] - println("page2: " + page2): null

17-03-2025T06:52:08 - [TEST_STEP][PASSED] - file = findTestData("PlanFact").getValue(4, a): null

17-03-2025T06:52:08 - [TEST_STEP][PASSED] - file = file.replace(",", "."): null

17-03-2025T06:52:08 - [TEST_STEP][PASSED] - println("file Plan: " + file): null

17-03-2025T06:52:08 - [TEST_STEP][PASSED] - typeOfData = "План в процентах": null

17-03-2025T06:52:08 - [TEST_STEP][PASSED] - fileDouble = file.toDouble(): null

17-03-2025T06:52:08 - [TEST_STEP][PASSED] - pageDouble = page1.toDouble(): null

17-03-2025T06:52:08 - [TEST_STEP][PASSED] - if (fileDouble != pageDouble): null

17-03-2025T06:52:08 - [TEST_STEP][PASSED] - numberOfErrors = numberOfErrors + 1: null

17-03-2025T06:52:08 - [TEST_STEP][PASSED] - Script1718980020443.WriteToExcel(a, typeOfData, todaysDate, pageInt, fileInt, pageDouble, fileDouble, dZO): null

17-03-2025T06:52:08 - [TEST_STEP][PASSED] - sheetName = "Sheet1": null

17-03-2025T06:52:08 - [TEST_STEP][PASSED] - data = findTestData("PlanFact"): null

17-03-2025T06:52:08 - [TEST_STEP][PASSED] - n = data.getRowNumbers() + 1: null

17-03-2025T06:52:08 - [TEST_STEP][PASSED] - day = ")).toInteger(): null

17-03-2025T06:52:08 - [TEST_STEP][PASSED] - println(day): null

17-03-2025T06:52:08 - [TEST_STEP][PASSED] - month = ")).toInteger(): null

17-03-2025T06:52:08 - [TEST_STEP][PASSED] - println(month): null

17-03-2025T06:52:08 - [TEST_STEP][PASSED] - y = <not implemented yet for class: org.codehaus.groovy.ast.expr.EmptyExpression>: null

17-03-2025T06:52:08 - [TEST_STEP][PASSED] - iy = <not implemented yet for class: org.codehaus.groovy.ast.expr.EmptyExpression>: null

17-03-2025T06:52:08 - [TEST_STEP][PASSED] - m = getText(findTestObject("Выполнение бизнес-плана/Период")): Text of object 'Object Repository/Выполнение бизнес-плана/Период' is: 'Январь 2025 года'

17-03-2025T06:52:08 - [MESSAGE][PASSED] - Text of object 'Object Repository/Выполнение бизнес-плана/Период' is: 'Январь 2025 года'

17-03-2025T06:52:08 - [TEST_STEP][PASSED] - iy = m.indexOf("20"): null

17-03-2025T06:52:08 - [TEST_STEP][PASSED] - if (iy > -1): null

17-03-2025T06:52:08 - [TEST_STEP][PASSED] - y = substring(iy, iy + 4).toInteger(): null

17-03-2025T06:52:08 - [TEST_STEP][PASSED] - println(y): null

17-03-2025T06:52:08 - [TEST_STEP][PASSED] - if (toString().length() == 4): null

17-03-2025T06:52:08 - [TEST_STEP][PASSED] - m = m.substring(0, m.indexOf(y.toString())): null

17-03-2025T06:52:08 - [TEST_STEP][PASSED] - m = m.trim(): null

17-03-2025T06:52:08 - [TEST_STEP][PASSED] - if (m == ""): null

17-03-2025T06:52:08 - [TEST_STEP][PASSED] - dashboardName = "Выполнение бизнес-плана": null

17-03-2025T06:52:08 - [TEST_STEP][PASSED] - workbook01 = getWorkbook(excelFilePath): null

17-03-2025T06:52:08 - [TEST_STEP][PASSED] - sheet01 = getExcelSheet(workbook01, sheetName): null

17-03-2025T06:52:08 - [TEST_STEP][PASSED] - setValueToCellByIndex(sheet01, n, 0, dashboardName): null

17-03-2025T06:52:08 - [TEST_STEP][PASSED] - setValueToCellByIndex(sheet01, n, 1, dZO): null

17-03-2025T06:52:08 - [TEST_STEP][PASSED] - setValueToCellByIndex(sheet01, n, 2, typeOfData): null

17-03-2025T06:52:08 - [TEST_STEP][PASSED] - if (typeOfData == "Факт в процентах" || typeOfData == "План в процентах"): null

17-03-2025T06:52:08 - [TEST_STEP][PASSED] - setValueToCellByIndex(sheet01, n, 3, fileDouble): null

17-03-2025T06:52:08 - [TEST_STEP][PASSED] - setValueToCellByIndex(sheet01, n, 4, pageDouble): null

17-03-2025T06:52:08 - [TEST_STEP][PASSED] - setValueToCellByIndex(sheet01, n, 5, m): null

17-03-2025T06:52:08 - [TEST_STEP][PASSED] - setValueToCellByIndex(sheet01, n, 6, y): null

17-03-2025T06:52:08 - [TEST_STEP][PASSED] - setValueToCellByIndex(sheet01, n, 7, todaysDate): null

17-03-2025T06:52:08 - [TEST_STEP][PASSED] - n = n + 1: null

17-03-2025T06:52:08 - [TEST_STEP][PASSED] - saveWorkbook(excelFilePath, workbook01): null

17-03-2025T06:52:09 - [TEST_STEP][PASSED] - file = findTestData("PlanFact").getValue(7, a): null

17-03-2025T06:52:09 - [TEST_STEP][PASSED] - file = file.replace(",", "."): null

17-03-2025T06:52:09 - [TEST_STEP][PASSED] - println("file Fact: " + file): null

17-03-2025T06:52:09 - [TEST_STEP][PASSED] - fileDouble = file.toDouble(): null

17-03-2025T06:52:09 - [TEST_STEP][PASSED] - typeOfData = "Факт в процентах": null

17-03-2025T06:52:09 - [TEST_STEP][PASSED] - fileDouble = file.toDouble(): null

17-03-2025T06:52:09 - [TEST_STEP][PASSED] - pageDouble = page2.toDouble(): null

17-03-2025T06:52:09 - [TEST_STEP][PASSED] - if (fileDouble != pageDouble): null

17-03-2025T06:52:09 - [TEST_STEP][PASSED] - numberOfErrors = numberOfErrors + 1: null

17-03-2025T06:52:09 - [TEST_STEP][PASSED] - Script1718980020443.WriteToExcel(a, typeOfData, todaysDate, pageInt, fileInt, pageDouble, fileDouble, dZO): null

17-03-2025T06:52:09 - [TEST_STEP][PASSED] - sheetName = "Sheet1": null

17-03-2025T06:52:09 - [TEST_STEP][PASSED] - data = findTestData("PlanFact"): null

17-03-2025T06:52:09 - [TEST_STEP][PASSED] - n = data.getRowNumbers() + 1: null

17-03-2025T06:52:09 - [TEST_STEP][PASSED] - day = ")).toInteger(): null

17-03-2025T06:52:09 - [TEST_STEP][PASSED] - println(day): null

17-03-2025T06:52:09 - [TEST_STEP][PASSED] - month = ")).toInteger(): null

17-03-2025T06:52:09 - [TEST_STEP][PASSED] - println(month): null

17-03-2025T06:52:09 - [TEST_STEP][PASSED] - y = <not implemented yet for class: org.codehaus.groovy.ast.expr.EmptyExpression>: null

17-03-2025T06:52:09 - [TEST_STEP][PASSED] - iy = <not implemented yet for class: org.codehaus.groovy.ast.expr.EmptyExpression>: null

17-03-2025T06:52:09 - [TEST_STEP][PASSED] - m = getText(findTestObject("Выполнение бизнес-плана/Период")): Text of object 'Object Repository/Выполнение бизнес-плана/Период' is: 'Январь 2025 года'

17-03-2025T06:52:09 - [MESSAGE][PASSED] - Text of object 'Object Repository/Выполнение бизнес-плана/Период' is: 'Январь 2025 года'

17-03-2025T06:52:09 - [TEST_STEP][PASSED] - iy = m.indexOf("20"): null

17-03-2025T06:52:09 - [TEST_STEP][PASSED] - if (iy > -1): null

17-03-2025T06:52:09 - [TEST_STEP][PASSED] - y = substring(iy, iy + 4).toInteger(): null

17-03-2025T06:52:09 - [TEST_STEP][PASSED] - println(y): null

17-03-2025T06:52:09 - [TEST_STEP][PASSED] - if (toString().length() == 4): null

17-03-2025T06:52:09 - [TEST_STEP][PASSED] - m = m.substring(0, m.indexOf(y.toString())): null

17-03-2025T06:52:09 - [TEST_STEP][PASSED] - m = m.trim(): null

17-03-2025T06:52:09 - [TEST_STEP][PASSED] - if (m == ""): null

17-03-2025T06:52:09 - [TEST_STEP][PASSED] - dashboardName = "Выполнение бизнес-плана": null

17-03-2025T06:52:09 - [TEST_STEP][PASSED] - workbook01 = getWorkbook(excelFilePath): null

17-03-2025T06:52:09 - [TEST_STEP][PASSED] - sheet01 = getExcelSheet(workbook01, sheetName): null

17-03-2025T06:52:09 - [TEST_STEP][PASSED] - setValueToCellByIndex(sheet01, n, 0, dashboardName): null

17-03-2025T06:52:09 - [TEST_STEP][PASSED] - setValueToCellByIndex(sheet01, n, 1, dZO): null

17-03-2025T06:52:09 - [TEST_STEP][PASSED] - setValueToCellByIndex(sheet01, n, 2, typeOfData): null

17-03-2025T06:52:09 - [TEST_STEP][PASSED] - if (typeOfData == "Факт в процентах" || typeOfData == "План в процентах"): null

17-03-2025T06:52:09 - [TEST_STEP][PASSED] - setValueToCellByIndex(sheet01, n, 3, fileDouble): null

17-03-2025T06:52:09 - [TEST_STEP][PASSED] - setValueToCellByIndex(sheet01, n, 4, pageDouble): null

17-03-2025T06:52:09 - [TEST_STEP][PASSED] - setValueToCellByIndex(sheet01, n, 5, m): null

17-03-2025T06:52:09 - [TEST_STEP][PASSED] - setValueToCellByIndex(sheet01, n, 6, y): null

17-03-2025T06:52:09 - [TEST_STEP][PASSED] - setValueToCellByIndex(sheet01, n, 7, todaysDate): null

17-03-2025T06:52:09 - [TEST_STEP][PASSED] - n = n + 1: null

17-03-2025T06:52:09 - [TEST_STEP][PASSED] - saveWorkbook(excelFilePath, workbook01): null

17-03-2025T06:52:09 - [TEST_STEP][FAILED] - if (verifyEqual(numberOfErrors, 0) == false): null

17-03-2025T06:52:09 - [MESSAGE][FAILED] - Unable to verify equal between actual object '6' and expected object '0' (Root cause: com.kms.katalon.core.exception.StepFailedException: Actual object '6' and expected object '0' are not equal
	at com.kms.katalon.core.keyword.builtin.VerifyEqualKeyword$_verifyEqual_closure1.doCall(VerifyEqualKeyword.groovy:58)
	at com.kms.katalon.core.keyword.builtin.VerifyEqualKeyword$_verifyEqual_closure1.call(VerifyEqualKeyword.groovy)
	at com.kms.katalon.core.keyword.internal.KeywordMain.runKeyword(KeywordMain.groovy:75)
	at com.kms.katalon.core.keyword.builtin.VerifyEqualKeyword.verifyEqual(VerifyEqualKeyword.groovy:63)
	at com.kms.katalon.core.keyword.builtin.VerifyEqualKeyword.execute(VerifyEqualKeyword.groovy:44)
	at com.kms.katalon.core.keyword.internal.KeywordExecutor.executeKeywordForPlatform(KeywordExecutor.groovy:74)
	at com.kms.katalon.core.keyword.BuiltinKeywords.verifyEqual(BuiltinKeywords.groovy:146)
	at jdk.internal.reflect.GeneratedMethodAccessor23.invoke(Unknown Source)
	at java.base/jdk.internal.reflect.DelegatingMethodAccessorImpl.invoke(DelegatingMethodAccessorImpl.java:43)
	at Выполнение бизнес-плана Сверка ПАО Россети все филиалы.Numbers(Выполнение бизнес-плана Сверка ПАО Россети все филиалы:744)
	at Выполнение бизнес-плана Сверка ПАО Россети все филиалы.run(Выполнение бизнес-плана Сверка ПАО Россети все филиалы:194)
	at com.kms.katalon.core.main.ScriptEngine.run(ScriptEngine.java:194)
	at com.kms.katalon.core.main.ScriptEngine.runScriptAsRawText(ScriptEngine.java:119)
	at com.kms.katalon.core.main.TestCaseExecutor.runScript(TestCaseExecutor.java:448)
	at com.kms.katalon.core.main.TestCaseExecutor.doExecute(TestCaseExecutor.java:439)
	at com.kms.katalon.core.main.TestCaseExecutor.processExecutionPhase(TestCaseExecutor.java:418)
	at com.kms.katalon.core.main.TestCaseExecutor.accessMainPhase(TestCaseExecutor.java:410)
	at com.kms.katalon.core.main.TestCaseExecutor.execute(TestCaseExecutor.java:285)
	at com.kms.katalon.core.common.CommonExecutor.accessTestCaseMainPhase(CommonExecutor.java:65)
	at com.kms.katalon.core.main.TestSuiteExecutor.accessTestSuiteMainPhase(TestSuiteExecutor.java:150)
	at com.kms.katalon.core.main.TestSuiteExecutor.execute(TestSuiteExecutor.java:106)
	at com.kms.katalon.core.main.TestCaseMain.startTestSuite(TestCaseMain.java:180)
	at TempTestSuite1742171011514.run(TempTestSuite1742171011514.groovy:35)
	at java.base/jdk.internal.reflect.NativeMethodAccessorImpl.invoke0(Native Method)
	at java.base/jdk.internal.reflect.NativeMethodAccessorImpl.invoke(NativeMethodAccessorImpl.java:77)
	at java.base/jdk.internal.reflect.DelegatingMethodAccessorImpl.invoke(DelegatingMethodAccessorImpl.java:43)
)

17-03-2025T06:52:09 - [TEST_STEP][PASSED] - println(numberOfErrors): null

17-03-2025T06:52:09 - [TEST_STEP][PASSED] - println("a=" + a): null

17-03-2025T06:52:09 - [TEST_STEP][PASSED] - if (a == 28 || a == 77 || a == 74 || a == 65 || a == 36 || a == 44 || a == 54 || a == 1 || a == 18 || a == 59): null

17-03-2025T06:52:09 - [TEST_STEP][PASSED] - if (a == 82): null

17-03-2025T06:52:09 - [TEST_STEP][PASSED] - Script1718980020443.OpenFilter(): null

17-03-2025T06:52:09 - [TEST_STEP][PASSED] - click(findTestObject("Object Repository/Выполнение бизнес-плана/Фильтр ДЗО")): Object: 'Object Repository/Выполнение бизнес-плана/Фильтр ДЗО' is clicked on

17-03-2025T06:52:10 - [MESSAGE][PASSED] - Object: 'Object Repository/Выполнение бизнес-плана/Фильтр ДЗО' is clicked on

17-03-2025T06:52:10 - [TEST_STEP][PASSED] - click(findTestObject("Выполнение бизнес-плана/Снять выделение в фильтре ДЗО")): null

17-03-2025T06:52:10 - [MESSAGE][PASSED] - Object: 'Object Repository/Выполнение бизнес-плана/Снять выделение в фильтре ДЗО' is clicked on

17-03-2025T06:52:10 - [TEST_STEP][PASSED] - Script1718980020443.CloseFilter(): null

17-03-2025T06:52:10 - [TEST_STEP][PASSED] - scrollToElement(findTestObject("Выполнение бизнес-плана/Заголовок дашборда"), 30): Scroll to object 'Object Repository/Выполнение бизнес-плана/Заголовок дашборда' successfully

17-03-2025T06:52:10 - [MESSAGE][PASSED] - Scroll to object 'Object Repository/Выполнение бизнес-плана/Заголовок дашборда' successfully

17-03-2025T06:52:10 - [TEST_STEP][PASSED] - click(findTestObject("Object Repository/Выполнение бизнес-плана/Применить в фильтре ДЗО")): null

17-03-2025T06:52:11 - [MESSAGE][PASSED] - Object: 'Object Repository/Выполнение бизнес-плана/Применить в фильтре ДЗО' is clicked on

17-03-2025T06:52:11 - [TEST_STEP][PASSED] - delay(20): Delayed 20 second(s)

17-03-2025T06:52:31 - [MESSAGE][PASSED] - Delayed 20 second(s)

17-03-2025T06:52:31 - [TEST_STEP][PASSED] - dZO = "АО «Тываэнерго»": null

17-03-2025T06:52:31 - [TEST_STEP][PASSED] - a = 52: null

17-03-2025T06:52:31 - [TEST_STEP][PASSED] - if (x1.contains("Тываэнерго")): null

17-03-2025T06:52:31 - [TEST_STEP][PASSED] - else: null

17-03-2025T06:52:31 - [TEST_STEP][PASSED] - Script1718980020443.NoData(a, typeOfData, todaysDate, fileInt, fileDouble, dZO): null

17-03-2025T06:52:31 - [TEST_STEP][PASSED] - println(a): null

17-03-2025T06:52:31 - [TEST_STEP][PASSED] - println(todaysDate): null

17-03-2025T06:52:31 - [TEST_STEP][PASSED] - println(fileInt): null

17-03-2025T06:52:31 - [TEST_STEP][PASSED] - println(fileDouble): null

17-03-2025T06:52:31 - [TEST_STEP][PASSED] - println(dZO): null

17-03-2025T06:52:31 - [TEST_STEP][PASSED] - typeOfData = "Факт Отпуск в сеть": null

17-03-2025T06:52:31 - [TEST_STEP][PASSED] - fileInt = replaceAll("\s+", "").toInteger(): null

17-03-2025T06:52:31 - [TEST_STEP][PASSED] - Script1718980020443.WriteToExcelNoData(a, typeOfData, todaysDate, fileInt, fileDouble, dZO): null

17-03-2025T06:52:31 - [TEST_STEP][PASSED] - sheetName = "Sheet1": null

17-03-2025T06:52:31 - [TEST_STEP][PASSED] - data = findTestData("PlanFact"): null

17-03-2025T06:52:31 - [TEST_STEP][PASSED] - n = data.getRowNumbers() + 1: null

17-03-2025T06:52:31 - [TEST_STEP][PASSED] - day = ")).toInteger(): null

17-03-2025T06:52:31 - [TEST_STEP][PASSED] - println(day): null

17-03-2025T06:52:31 - [TEST_STEP][PASSED] - month = ")).toInteger(): null

17-03-2025T06:52:31 - [TEST_STEP][PASSED] - println(month): null

17-03-2025T06:52:31 - [TEST_STEP][PASSED] - y = <not implemented yet for class: org.codehaus.groovy.ast.expr.EmptyExpression>: null

17-03-2025T06:52:31 - [TEST_STEP][PASSED] - iy = <not implemented yet for class: org.codehaus.groovy.ast.expr.EmptyExpression>: null

17-03-2025T06:52:31 - [TEST_STEP][PASSED] - m = getText(findTestObject("Выполнение бизнес-плана/Период")): Text of object 'Object Repository/Выполнение бизнес-плана/Период' is: 'Январь 2025 года'

17-03-2025T06:52:32 - [MESSAGE][PASSED] - Text of object 'Object Repository/Выполнение бизнес-плана/Период' is: 'Январь 2025 года'

17-03-2025T06:52:32 - [TEST_STEP][PASSED] - iy = m.indexOf("20"): null

17-03-2025T06:52:32 - [TEST_STEP][PASSED] - if (iy > -1): null

17-03-2025T06:52:32 - [TEST_STEP][PASSED] - y = substring(iy, iy + 4).toInteger(): null

17-03-2025T06:52:32 - [TEST_STEP][PASSED] - println(y): null

17-03-2025T06:52:32 - [TEST_STEP][PASSED] - if (toString().length() == 4): null

17-03-2025T06:52:32 - [TEST_STEP][PASSED] - m = m.substring(0, m.indexOf(y.toString())): null

17-03-2025T06:52:32 - [TEST_STEP][PASSED] - m = m.trim(): null

17-03-2025T06:52:32 - [TEST_STEP][PASSED] - if (m == ""): null

17-03-2025T06:52:32 - [TEST_STEP][PASSED] - dashboardName = "Выполнение бизнес-плана": null

17-03-2025T06:52:32 - [TEST_STEP][PASSED] - workbook01 = getWorkbook(excelFilePath): null

17-03-2025T06:52:32 - [TEST_STEP][PASSED] - sheet01 = getExcelSheet(workbook01, sheetName): null

17-03-2025T06:52:32 - [TEST_STEP][PASSED] - setValueToCellByIndex(sheet01, n, 0, dashboardName): null

17-03-2025T06:52:32 - [TEST_STEP][PASSED] - setValueToCellByIndex(sheet01, n, 1, dZO): null

17-03-2025T06:52:32 - [TEST_STEP][PASSED] - setValueToCellByIndex(sheet01, n, 2, typeOfData): null

17-03-2025T06:52:32 - [TEST_STEP][PASSED] - if (typeOfData == "Факт в процентах" || typeOfData == "План в процентах"): null

17-03-2025T06:52:32 - [TEST_STEP][PASSED] - else: null

17-03-2025T06:52:32 - [TEST_STEP][PASSED] - setValueToCellByIndex(sheet01, n, 3, fileInt): null

17-03-2025T06:52:32 - [TEST_STEP][PASSED] - setValueToCellByIndex(sheet01, n, 4, "нет данных"): null

17-03-2025T06:52:32 - [TEST_STEP][PASSED] - setValueToCellByIndex(sheet01, n, 5, m): null

17-03-2025T06:52:32 - [TEST_STEP][PASSED] - setValueToCellByIndex(sheet01, n, 6, y): null

17-03-2025T06:52:32 - [TEST_STEP][PASSED] - setValueToCellByIndex(sheet01, n, 7, todaysDate): null

17-03-2025T06:52:32 - [TEST_STEP][PASSED] - n = n + 1: null

17-03-2025T06:52:32 - [TEST_STEP][PASSED] - saveWorkbook(excelFilePath, workbook01): null

17-03-2025T06:52:32 - [TEST_STEP][PASSED] - typeOfData = "Факт Потери": null

17-03-2025T06:52:32 - [TEST_STEP][PASSED] - fileInt = replaceAll("\s+", "").toInteger(): null

17-03-2025T06:52:32 - [TEST_STEP][PASSED] - Script1718980020443.WriteToExcelNoData(a, typeOfData, todaysDate, fileInt, fileDouble, dZO): null

17-03-2025T06:52:32 - [TEST_STEP][PASSED] - sheetName = "Sheet1": null

17-03-2025T06:52:32 - [TEST_STEP][PASSED] - data = findTestData("PlanFact"): null

17-03-2025T06:52:32 - [TEST_STEP][PASSED] - n = data.getRowNumbers() + 1: null

17-03-2025T06:52:32 - [TEST_STEP][PASSED] - day = ")).toInteger(): null

17-03-2025T06:52:32 - [TEST_STEP][PASSED] - println(day): null

17-03-2025T06:52:32 - [TEST_STEP][PASSED] - month = ")).toInteger(): null

17-03-2025T06:52:32 - [TEST_STEP][PASSED] - println(month): null

17-03-2025T06:52:32 - [TEST_STEP][PASSED] - y = <not implemented yet for class: org.codehaus.groovy.ast.expr.EmptyExpression>: null

17-03-2025T06:52:32 - [TEST_STEP][PASSED] - iy = <not implemented yet for class: org.codehaus.groovy.ast.expr.EmptyExpression>: null

17-03-2025T06:52:32 - [TEST_STEP][PASSED] - m = getText(findTestObject("Выполнение бизнес-плана/Период")): Text of object 'Object Repository/Выполнение бизнес-плана/Период' is: 'Январь 2025 года'

17-03-2025T06:52:32 - [MESSAGE][PASSED] - Text of object 'Object Repository/Выполнение бизнес-плана/Период' is: 'Январь 2025 года'

17-03-2025T06:52:32 - [TEST_STEP][PASSED] - iy = m.indexOf("20"): null

17-03-2025T06:52:32 - [TEST_STEP][PASSED] - if (iy > -1): null

17-03-2025T06:52:32 - [TEST_STEP][PASSED] - y = substring(iy, iy + 4).toInteger(): null

17-03-2025T06:52:32 - [TEST_STEP][PASSED] - println(y): null

17-03-2025T06:52:32 - [TEST_STEP][PASSED] - if (toString().length() == 4): null

17-03-2025T06:52:32 - [TEST_STEP][PASSED] - m = m.substring(0, m.indexOf(y.toString())): null

17-03-2025T06:52:32 - [TEST_STEP][PASSED] - m = m.trim(): null

17-03-2025T06:52:32 - [TEST_STEP][PASSED] - if (m == ""): null

17-03-2025T06:52:32 - [TEST_STEP][PASSED] - dashboardName = "Выполнение бизнес-плана": null

17-03-2025T06:52:32 - [TEST_STEP][PASSED] - workbook01 = getWorkbook(excelFilePath): null

17-03-2025T06:52:32 - [TEST_STEP][PASSED] - sheet01 = getExcelSheet(workbook01, sheetName): null

17-03-2025T06:52:32 - [TEST_STEP][PASSED] - setValueToCellByIndex(sheet01, n, 0, dashboardName): null

17-03-2025T06:52:32 - [TEST_STEP][PASSED] - setValueToCellByIndex(sheet01, n, 1, dZO): null

17-03-2025T06:52:32 - [TEST_STEP][PASSED] - setValueToCellByIndex(sheet01, n, 2, typeOfData): null

17-03-2025T06:52:32 - [TEST_STEP][PASSED] - if (typeOfData == "Факт в процентах" || typeOfData == "План в процентах"): null

17-03-2025T06:52:32 - [TEST_STEP][PASSED] - else: null

17-03-2025T06:52:32 - [TEST_STEP][PASSED] - setValueToCellByIndex(sheet01, n, 3, fileInt): null

17-03-2025T06:52:32 - [TEST_STEP][PASSED] - setValueToCellByIndex(sheet01, n, 4, "нет данных"): null

17-03-2025T06:52:32 - [TEST_STEP][PASSED] - setValueToCellByIndex(sheet01, n, 5, m): null

17-03-2025T06:52:32 - [TEST_STEP][PASSED] - setValueToCellByIndex(sheet01, n, 6, y): null

17-03-2025T06:52:32 - [TEST_STEP][PASSED] - setValueToCellByIndex(sheet01, n, 7, todaysDate): null

17-03-2025T06:52:32 - [TEST_STEP][PASSED] - n = n + 1: null

17-03-2025T06:52:32 - [TEST_STEP][PASSED] - saveWorkbook(excelFilePath, workbook01): null

17-03-2025T06:52:33 - [TEST_STEP][PASSED] - typeOfData = "План Отпуск в сеть": null

17-03-2025T06:52:33 - [TEST_STEP][PASSED] - fileInt = replaceAll("\s+", "").toInteger(): null

17-03-2025T06:52:33 - [TEST_STEP][PASSED] - Script1718980020443.WriteToExcelNoData(a, typeOfData, todaysDate, fileInt, fileDouble, dZO): null

17-03-2025T06:52:33 - [TEST_STEP][PASSED] - sheetName = "Sheet1": null

17-03-2025T06:52:33 - [TEST_STEP][PASSED] - data = findTestData("PlanFact"): null

17-03-2025T06:52:33 - [TEST_STEP][PASSED] - n = data.getRowNumbers() + 1: null

17-03-2025T06:52:33 - [TEST_STEP][PASSED] - day = ")).toInteger(): null

17-03-2025T06:52:33 - [TEST_STEP][PASSED] - println(day): null

17-03-2025T06:52:33 - [TEST_STEP][PASSED] - month = ")).toInteger(): null

17-03-2025T06:52:33 - [TEST_STEP][PASSED] - println(month): null

17-03-2025T06:52:33 - [TEST_STEP][PASSED] - y = <not implemented yet for class: org.codehaus.groovy.ast.expr.EmptyExpression>: null

17-03-2025T06:52:33 - [TEST_STEP][PASSED] - iy = <not implemented yet for class: org.codehaus.groovy.ast.expr.EmptyExpression>: null

17-03-2025T06:52:33 - [TEST_STEP][PASSED] - m = getText(findTestObject("Выполнение бизнес-плана/Период")): Text of object 'Object Repository/Выполнение бизнес-плана/Период' is: 'Январь 2025 года'

17-03-2025T06:52:33 - [MESSAGE][PASSED] - Text of object 'Object Repository/Выполнение бизнес-плана/Период' is: 'Январь 2025 года'

17-03-2025T06:52:33 - [TEST_STEP][PASSED] - iy = m.indexOf("20"): null

17-03-2025T06:52:33 - [TEST_STEP][PASSED] - if (iy > -1): null

17-03-2025T06:52:33 - [TEST_STEP][PASSED] - y = substring(iy, iy + 4).toInteger(): null

17-03-2025T06:52:33 - [TEST_STEP][PASSED] - println(y): null

17-03-2025T06:52:33 - [TEST_STEP][PASSED] - if (toString().length() == 4): null

17-03-2025T06:52:33 - [TEST_STEP][PASSED] - m = m.substring(0, m.indexOf(y.toString())): null

17-03-2025T06:52:33 - [TEST_STEP][PASSED] - m = m.trim(): null

17-03-2025T06:52:33 - [TEST_STEP][PASSED] - if (m == ""): null

17-03-2025T06:52:33 - [TEST_STEP][PASSED] - dashboardName = "Выполнение бизнес-плана": null

17-03-2025T06:52:33 - [TEST_STEP][PASSED] - workbook01 = getWorkbook(excelFilePath): null

17-03-2025T06:52:33 - [TEST_STEP][PASSED] - sheet01 = getExcelSheet(workbook01, sheetName): null

17-03-2025T06:52:33 - [TEST_STEP][PASSED] - setValueToCellByIndex(sheet01, n, 0, dashboardName): null

17-03-2025T06:52:33 - [TEST_STEP][PASSED] - setValueToCellByIndex(sheet01, n, 1, dZO): null

17-03-2025T06:52:33 - [TEST_STEP][PASSED] - setValueToCellByIndex(sheet01, n, 2, typeOfData): null

17-03-2025T06:52:33 - [TEST_STEP][PASSED] - if (typeOfData == "Факт в процентах" || typeOfData == "План в процентах"): null

17-03-2025T06:52:33 - [TEST_STEP][PASSED] - else: null

17-03-2025T06:52:33 - [TEST_STEP][PASSED] - setValueToCellByIndex(sheet01, n, 3, fileInt): null

17-03-2025T06:52:33 - [TEST_STEP][PASSED] - setValueToCellByIndex(sheet01, n, 4, "нет данных"): null

17-03-2025T06:52:33 - [TEST_STEP][PASSED] - setValueToCellByIndex(sheet01, n, 5, m): null

17-03-2025T06:52:33 - [TEST_STEP][PASSED] - setValueToCellByIndex(sheet01, n, 6, y): null

17-03-2025T06:52:33 - [TEST_STEP][PASSED] - setValueToCellByIndex(sheet01, n, 7, todaysDate): null

17-03-2025T06:52:33 - [TEST_STEP][PASSED] - n = n + 1: null

17-03-2025T06:52:33 - [TEST_STEP][PASSED] - saveWorkbook(excelFilePath, workbook01): null

17-03-2025T06:52:33 - [TEST_STEP][PASSED] - typeOfData = "План Потери": null

17-03-2025T06:52:33 - [TEST_STEP][PASSED] - fileInt = replaceAll("\s+", "").toInteger(): null

17-03-2025T06:52:33 - [TEST_STEP][PASSED] - Script1718980020443.WriteToExcelNoData(a, typeOfData, todaysDate, fileInt, fileDouble, dZO): null

17-03-2025T06:52:33 - [TEST_STEP][PASSED] - sheetName = "Sheet1": null

17-03-2025T06:52:33 - [TEST_STEP][PASSED] - data = findTestData("PlanFact"): null

17-03-2025T06:52:33 - [TEST_STEP][PASSED] - n = data.getRowNumbers() + 1: null

17-03-2025T06:52:33 - [TEST_STEP][PASSED] - day = ")).toInteger(): null

17-03-2025T06:52:33 - [TEST_STEP][PASSED] - println(day): null

17-03-2025T06:52:33 - [TEST_STEP][PASSED] - month = ")).toInteger(): null

17-03-2025T06:52:33 - [TEST_STEP][PASSED] - println(month): null

17-03-2025T06:52:33 - [TEST_STEP][PASSED] - y = <not implemented yet for class: org.codehaus.groovy.ast.expr.EmptyExpression>: null

17-03-2025T06:52:33 - [TEST_STEP][PASSED] - iy = <not implemented yet for class: org.codehaus.groovy.ast.expr.EmptyExpression>: null

17-03-2025T06:52:33 - [TEST_STEP][PASSED] - m = getText(findTestObject("Выполнение бизнес-плана/Период")): Text of object 'Object Repository/Выполнение бизнес-плана/Период' is: 'Январь 2025 года'

17-03-2025T06:52:34 - [MESSAGE][PASSED] - Text of object 'Object Repository/Выполнение бизнес-плана/Период' is: 'Январь 2025 года'

17-03-2025T06:52:34 - [TEST_STEP][PASSED] - iy = m.indexOf("20"): null

17-03-2025T06:52:34 - [TEST_STEP][PASSED] - if (iy > -1): null

17-03-2025T06:52:34 - [TEST_STEP][PASSED] - y = substring(iy, iy + 4).toInteger(): null

17-03-2025T06:52:34 - [TEST_STEP][PASSED] - println(y): null

17-03-2025T06:52:34 - [TEST_STEP][PASSED] - if (toString().length() == 4): null

17-03-2025T06:52:34 - [TEST_STEP][PASSED] - m = m.substring(0, m.indexOf(y.toString())): null

17-03-2025T06:52:34 - [TEST_STEP][PASSED] - m = m.trim(): null

17-03-2025T06:52:34 - [TEST_STEP][PASSED] - if (m == ""): null

17-03-2025T06:52:34 - [TEST_STEP][PASSED] - dashboardName = "Выполнение бизнес-плана": null

17-03-2025T06:52:34 - [TEST_STEP][PASSED] - workbook01 = getWorkbook(excelFilePath): null

17-03-2025T06:52:34 - [TEST_STEP][PASSED] - sheet01 = getExcelSheet(workbook01, sheetName): null

17-03-2025T06:52:34 - [TEST_STEP][PASSED] - setValueToCellByIndex(sheet01, n, 0, dashboardName): null

17-03-2025T06:52:34 - [TEST_STEP][PASSED] - setValueToCellByIndex(sheet01, n, 1, dZO): null

17-03-2025T06:52:34 - [TEST_STEP][PASSED] - setValueToCellByIndex(sheet01, n, 2, typeOfData): null

17-03-2025T06:52:34 - [TEST_STEP][PASSED] - if (typeOfData == "Факт в процентах" || typeOfData == "План в процентах"): null

17-03-2025T06:52:34 - [TEST_STEP][PASSED] - else: null

17-03-2025T06:52:34 - [TEST_STEP][PASSED] - setValueToCellByIndex(sheet01, n, 3, fileInt): null

17-03-2025T06:52:34 - [TEST_STEP][PASSED] - setValueToCellByIndex(sheet01, n, 4, "нет данных"): null

17-03-2025T06:52:34 - [TEST_STEP][PASSED] - setValueToCellByIndex(sheet01, n, 5, m): null

17-03-2025T06:52:34 - [TEST_STEP][PASSED] - setValueToCellByIndex(sheet01, n, 6, y): null

17-03-2025T06:52:34 - [TEST_STEP][PASSED] - setValueToCellByIndex(sheet01, n, 7, todaysDate): null

17-03-2025T06:52:34 - [TEST_STEP][PASSED] - n = n + 1: null

17-03-2025T06:52:34 - [TEST_STEP][PASSED] - saveWorkbook(excelFilePath, workbook01): null

17-03-2025T06:52:34 - [TEST_STEP][PASSED] - typeOfData = "План в процентах": null

17-03-2025T06:52:34 - [TEST_STEP][PASSED] - fileDouble = ").toDouble(): null

17-03-2025T06:52:34 - [TEST_STEP][PASSED] - Script1718980020443.WriteToExcelNoData(a, typeOfData, todaysDate, fileInt, fileDouble, dZO): null

17-03-2025T06:52:34 - [TEST_STEP][PASSED] - sheetName = "Sheet1": null

17-03-2025T06:52:34 - [TEST_STEP][PASSED] - data = findTestData("PlanFact"): null

17-03-2025T06:52:34 - [TEST_STEP][PASSED] - n = data.getRowNumbers() + 1: null

17-03-2025T06:52:34 - [TEST_STEP][PASSED] - day = ")).toInteger(): null

17-03-2025T06:52:34 - [TEST_STEP][PASSED] - println(day): null

17-03-2025T06:52:34 - [TEST_STEP][PASSED] - month = ")).toInteger(): null

17-03-2025T06:52:34 - [TEST_STEP][PASSED] - println(month): null

17-03-2025T06:52:34 - [TEST_STEP][PASSED] - y = <not implemented yet for class: org.codehaus.groovy.ast.expr.EmptyExpression>: null

17-03-2025T06:52:34 - [TEST_STEP][PASSED] - iy = <not implemented yet for class: org.codehaus.groovy.ast.expr.EmptyExpression>: null

17-03-2025T06:52:34 - [TEST_STEP][PASSED] - m = getText(findTestObject("Выполнение бизнес-плана/Период")): Text of object 'Object Repository/Выполнение бизнес-плана/Период' is: 'Январь 2025 года'

17-03-2025T06:52:34 - [MESSAGE][PASSED] - Text of object 'Object Repository/Выполнение бизнес-плана/Период' is: 'Январь 2025 года'

17-03-2025T06:52:34 - [TEST_STEP][PASSED] - iy = m.indexOf("20"): null

17-03-2025T06:52:34 - [TEST_STEP][PASSED] - if (iy > -1): null

17-03-2025T06:52:34 - [TEST_STEP][PASSED] - y = substring(iy, iy + 4).toInteger(): null

17-03-2025T06:52:34 - [TEST_STEP][PASSED] - println(y): null

17-03-2025T06:52:34 - [TEST_STEP][PASSED] - if (toString().length() == 4): null

17-03-2025T06:52:34 - [TEST_STEP][PASSED] - m = m.substring(0, m.indexOf(y.toString())): null

17-03-2025T06:52:34 - [TEST_STEP][PASSED] - m = m.trim(): null

17-03-2025T06:52:34 - [TEST_STEP][PASSED] - if (m == ""): null

17-03-2025T06:52:34 - [TEST_STEP][PASSED] - dashboardName = "Выполнение бизнес-плана": null

17-03-2025T06:52:34 - [TEST_STEP][PASSED] - workbook01 = getWorkbook(excelFilePath): null

17-03-2025T06:52:35 - [TEST_STEP][PASSED] - sheet01 = getExcelSheet(workbook01, sheetName): null

17-03-2025T06:52:35 - [TEST_STEP][PASSED] - setValueToCellByIndex(sheet01, n, 0, dashboardName): null

17-03-2025T06:52:35 - [TEST_STEP][PASSED] - setValueToCellByIndex(sheet01, n, 1, dZO): null

17-03-2025T06:52:35 - [TEST_STEP][PASSED] - setValueToCellByIndex(sheet01, n, 2, typeOfData): null

17-03-2025T06:52:35 - [TEST_STEP][PASSED] - if (typeOfData == "Факт в процентах" || typeOfData == "План в процентах"): null

17-03-2025T06:52:35 - [TEST_STEP][PASSED] - setValueToCellByIndex(sheet01, n, 3, fileDouble): null

17-03-2025T06:52:35 - [TEST_STEP][PASSED] - setValueToCellByIndex(sheet01, n, 4, "нет данных"): null

17-03-2025T06:52:35 - [TEST_STEP][PASSED] - setValueToCellByIndex(sheet01, n, 5, m): null

17-03-2025T06:52:35 - [TEST_STEP][PASSED] - setValueToCellByIndex(sheet01, n, 6, y): null

17-03-2025T06:52:35 - [TEST_STEP][PASSED] - setValueToCellByIndex(sheet01, n, 7, todaysDate): null

17-03-2025T06:52:35 - [TEST_STEP][PASSED] - n = n + 1: null

17-03-2025T06:52:35 - [TEST_STEP][PASSED] - saveWorkbook(excelFilePath, workbook01): null

17-03-2025T06:52:35 - [TEST_STEP][PASSED] - typeOfData = "Факт в процентах": null

17-03-2025T06:52:35 - [TEST_STEP][PASSED] - fileDouble = ").toDouble(): null

17-03-2025T06:52:35 - [TEST_STEP][PASSED] - Script1718980020443.WriteToExcelNoData(a, typeOfData, todaysDate, fileInt, fileDouble, dZO): null

17-03-2025T06:52:35 - [TEST_STEP][PASSED] - sheetName = "Sheet1": null

17-03-2025T06:52:35 - [TEST_STEP][PASSED] - data = findTestData("PlanFact"): null

17-03-2025T06:52:35 - [TEST_STEP][PASSED] - n = data.getRowNumbers() + 1: null

17-03-2025T06:52:35 - [TEST_STEP][PASSED] - day = ")).toInteger(): null

17-03-2025T06:52:35 - [TEST_STEP][PASSED] - println(day): null

17-03-2025T06:52:35 - [TEST_STEP][PASSED] - month = ")).toInteger(): null

17-03-2025T06:52:35 - [TEST_STEP][PASSED] - println(month): null

17-03-2025T06:52:35 - [TEST_STEP][PASSED] - y = <not implemented yet for class: org.codehaus.groovy.ast.expr.EmptyExpression>: null

17-03-2025T06:52:35 - [TEST_STEP][PASSED] - iy = <not implemented yet for class: org.codehaus.groovy.ast.expr.EmptyExpression>: null

17-03-2025T06:52:35 - [TEST_STEP][PASSED] - m = getText(findTestObject("Выполнение бизнес-плана/Период")): Text of object 'Object Repository/Выполнение бизнес-плана/Период' is: 'Январь 2025 года'

17-03-2025T06:52:35 - [MESSAGE][PASSED] - Text of object 'Object Repository/Выполнение бизнес-плана/Период' is: 'Январь 2025 года'

17-03-2025T06:52:35 - [TEST_STEP][PASSED] - iy = m.indexOf("20"): null

17-03-2025T06:52:35 - [TEST_STEP][PASSED] - if (iy > -1): null

17-03-2025T06:52:35 - [TEST_STEP][PASSED] - y = substring(iy, iy + 4).toInteger(): null

17-03-2025T06:52:35 - [TEST_STEP][PASSED] - println(y): null

17-03-2025T06:52:35 - [TEST_STEP][PASSED] - if (toString().length() == 4): null

17-03-2025T06:52:35 - [TEST_STEP][PASSED] - m = m.substring(0, m.indexOf(y.toString())): null

17-03-2025T06:52:35 - [TEST_STEP][PASSED] - m = m.trim(): null

17-03-2025T06:52:35 - [TEST_STEP][PASSED] - if (m == ""): null

17-03-2025T06:52:35 - [TEST_STEP][PASSED] - dashboardName = "Выполнение бизнес-плана": null

17-03-2025T06:52:35 - [TEST_STEP][PASSED] - workbook01 = getWorkbook(excelFilePath): null

17-03-2025T06:52:35 - [TEST_STEP][PASSED] - sheet01 = getExcelSheet(workbook01, sheetName): null

17-03-2025T06:52:35 - [TEST_STEP][PASSED] - setValueToCellByIndex(sheet01, n, 0, dashboardName): null

17-03-2025T06:52:35 - [TEST_STEP][PASSED] - setValueToCellByIndex(sheet01, n, 1, dZO): null

17-03-2025T06:52:35 - [TEST_STEP][PASSED] - setValueToCellByIndex(sheet01, n, 2, typeOfData): null

17-03-2025T06:52:35 - [TEST_STEP][PASSED] - if (typeOfData == "Факт в процентах" || typeOfData == "План в процентах"): null

17-03-2025T06:52:35 - [TEST_STEP][PASSED] - setValueToCellByIndex(sheet01, n, 3, fileDouble): null

17-03-2025T06:52:35 - [TEST_STEP][PASSED] - setValueToCellByIndex(sheet01, n, 4, "нет данных"): null

17-03-2025T06:52:35 - [TEST_STEP][PASSED] - setValueToCellByIndex(sheet01, n, 5, m): null

17-03-2025T06:52:35 - [TEST_STEP][PASSED] - setValueToCellByIndex(sheet01, n, 6, y): null

17-03-2025T06:52:35 - [TEST_STEP][PASSED] - setValueToCellByIndex(sheet01, n, 7, todaysDate): null

17-03-2025T06:52:35 - [TEST_STEP][PASSED] - n = n + 1: null

17-03-2025T06:52:35 - [TEST_STEP][PASSED] - saveWorkbook(excelFilePath, workbook01): null

17-03-2025T06:52:35 - [TEST_STEP][PASSED] - println(dzoNum): null

17-03-2025T06:52:35 - [TEST_STEP][PASSED] - dZO = "АО «Чеченэнерго»": null

17-03-2025T06:52:35 - [TEST_STEP][PASSED] - a = 72: null

17-03-2025T06:52:35 - [TEST_STEP][PASSED] - if (x1.contains("Чеченэнерго")): null

17-03-2025T06:52:35 - [TEST_STEP][PASSED] - else: null

17-03-2025T06:52:35 - [TEST_STEP][PASSED] - Script1718980020443.NoData(a, typeOfData, todaysDate, fileInt, fileDouble, dZO): null

17-03-2025T06:52:35 - [TEST_STEP][PASSED] - println(a): null

17-03-2025T06:52:35 - [TEST_STEP][PASSED] - println(todaysDate): null

17-03-2025T06:52:35 - [TEST_STEP][PASSED] - println(fileInt): null

17-03-2025T06:52:35 - [TEST_STEP][PASSED] - println(fileDouble): null

17-03-2025T06:52:35 - [TEST_STEP][PASSED] - println(dZO): null

17-03-2025T06:52:35 - [TEST_STEP][PASSED] - typeOfData = "Факт Отпуск в сеть": null

17-03-2025T06:52:35 - [TEST_STEP][PASSED] - fileInt = replaceAll("\s+", "").toInteger(): null

17-03-2025T06:52:35 - [TEST_STEP][PASSED] - Script1718980020443.WriteToExcelNoData(a, typeOfData, todaysDate, fileInt, fileDouble, dZO): null

17-03-2025T06:52:35 - [TEST_STEP][PASSED] - sheetName = "Sheet1": null

17-03-2025T06:52:35 - [TEST_STEP][PASSED] - data = findTestData("PlanFact"): null

17-03-2025T06:52:35 - [TEST_STEP][PASSED] - n = data.getRowNumbers() + 1: null

17-03-2025T06:52:35 - [TEST_STEP][PASSED] - day = ")).toInteger(): null

17-03-2025T06:52:35 - [TEST_STEP][PASSED] - println(day): null

17-03-2025T06:52:35 - [TEST_STEP][PASSED] - month = ")).toInteger(): null

17-03-2025T06:52:35 - [TEST_STEP][PASSED] - println(month): null

17-03-2025T06:52:35 - [TEST_STEP][PASSED] - y = <not implemented yet for class: org.codehaus.groovy.ast.expr.EmptyExpression>: null

17-03-2025T06:52:35 - [TEST_STEP][PASSED] - iy = <not implemented yet for class: org.codehaus.groovy.ast.expr.EmptyExpression>: null

17-03-2025T06:52:35 - [TEST_STEP][PASSED] - m = getText(findTestObject("Выполнение бизнес-плана/Период")): Text of object 'Object Repository/Выполнение бизнес-плана/Период' is: 'Январь 2025 года'

17-03-2025T06:52:36 - [MESSAGE][PASSED] - Text of object 'Object Repository/Выполнение бизнес-плана/Период' is: 'Январь 2025 года'

17-03-2025T06:52:36 - [TEST_STEP][PASSED] - iy = m.indexOf("20"): null

17-03-2025T06:52:36 - [TEST_STEP][PASSED] - if (iy > -1): null

17-03-2025T06:52:36 - [TEST_STEP][PASSED] - y = substring(iy, iy + 4).toInteger(): null

17-03-2025T06:52:36 - [TEST_STEP][PASSED] - println(y): null

17-03-2025T06:52:36 - [TEST_STEP][PASSED] - if (toString().length() == 4): null

17-03-2025T06:52:36 - [TEST_STEP][PASSED] - m = m.substring(0, m.indexOf(y.toString())): null

17-03-2025T06:52:36 - [TEST_STEP][PASSED] - m = m.trim(): null

17-03-2025T06:52:36 - [TEST_STEP][PASSED] - if (m == ""): null

17-03-2025T06:52:36 - [TEST_STEP][PASSED] - dashboardName = "Выполнение бизнес-плана": null

17-03-2025T06:52:36 - [TEST_STEP][PASSED] - workbook01 = getWorkbook(excelFilePath): null

17-03-2025T06:52:36 - [TEST_STEP][PASSED] - sheet01 = getExcelSheet(workbook01, sheetName): null

17-03-2025T06:52:36 - [TEST_STEP][PASSED] - setValueToCellByIndex(sheet01, n, 0, dashboardName): null

17-03-2025T06:52:36 - [TEST_STEP][PASSED] - setValueToCellByIndex(sheet01, n, 1, dZO): null

17-03-2025T06:52:36 - [TEST_STEP][PASSED] - setValueToCellByIndex(sheet01, n, 2, typeOfData): null

17-03-2025T06:52:36 - [TEST_STEP][PASSED] - if (typeOfData == "Факт в процентах" || typeOfData == "План в процентах"): null

17-03-2025T06:52:36 - [TEST_STEP][PASSED] - else: null

17-03-2025T06:52:36 - [TEST_STEP][PASSED] - setValueToCellByIndex(sheet01, n, 3, fileInt): null

17-03-2025T06:52:36 - [TEST_STEP][PASSED] - setValueToCellByIndex(sheet01, n, 4, "нет данных"): null

17-03-2025T06:52:36 - [TEST_STEP][PASSED] - setValueToCellByIndex(sheet01, n, 5, m): null

17-03-2025T06:52:36 - [TEST_STEP][PASSED] - setValueToCellByIndex(sheet01, n, 6, y): null

17-03-2025T06:52:36 - [TEST_STEP][PASSED] - setValueToCellByIndex(sheet01, n, 7, todaysDate): null

17-03-2025T06:52:36 - [TEST_STEP][PASSED] - n = n + 1: null

17-03-2025T06:52:36 - [TEST_STEP][PASSED] - saveWorkbook(excelFilePath, workbook01): null

17-03-2025T06:52:36 - [TEST_STEP][PASSED] - typeOfData = "Факт Потери": null

17-03-2025T06:52:36 - [TEST_STEP][PASSED] - fileInt = replaceAll("\s+", "").toInteger(): null

17-03-2025T06:52:36 - [TEST_STEP][PASSED] - Script1718980020443.WriteToExcelNoData(a, typeOfData, todaysDate, fileInt, fileDouble, dZO): null

17-03-2025T06:52:36 - [TEST_STEP][PASSED] - sheetName = "Sheet1": null

17-03-2025T06:52:36 - [TEST_STEP][PASSED] - data = findTestData("PlanFact"): null

17-03-2025T06:52:36 - [TEST_STEP][PASSED] - n = data.getRowNumbers() + 1: null

17-03-2025T06:52:36 - [TEST_STEP][PASSED] - day = ")).toInteger(): null

17-03-2025T06:52:36 - [TEST_STEP][PASSED] - println(day): null

17-03-2025T06:52:36 - [TEST_STEP][PASSED] - month = ")).toInteger(): null

17-03-2025T06:52:36 - [TEST_STEP][PASSED] - println(month): null

17-03-2025T06:52:36 - [TEST_STEP][PASSED] - y = <not implemented yet for class: org.codehaus.groovy.ast.expr.EmptyExpression>: null

17-03-2025T06:52:36 - [TEST_STEP][PASSED] - iy = <not implemented yet for class: org.codehaus.groovy.ast.expr.EmptyExpression>: null

17-03-2025T06:52:36 - [TEST_STEP][PASSED] - m = getText(findTestObject("Выполнение бизнес-плана/Период")): Text of object 'Object Repository/Выполнение бизнес-плана/Период' is: 'Январь 2025 года'

17-03-2025T06:52:36 - [MESSAGE][PASSED] - Text of object 'Object Repository/Выполнение бизнес-плана/Период' is: 'Январь 2025 года'

17-03-2025T06:52:36 - [TEST_STEP][PASSED] - iy = m.indexOf("20"): null

17-03-2025T06:52:36 - [TEST_STEP][PASSED] - if (iy > -1): null

17-03-2025T06:52:36 - [TEST_STEP][PASSED] - y = substring(iy, iy + 4).toInteger(): null

17-03-2025T06:52:36 - [TEST_STEP][PASSED] - println(y): null

17-03-2025T06:52:36 - [TEST_STEP][PASSED] - if (toString().length() == 4): null

17-03-2025T06:52:36 - [TEST_STEP][PASSED] - m = m.substring(0, m.indexOf(y.toString())): null

17-03-2025T06:52:36 - [TEST_STEP][PASSED] - m = m.trim(): null

17-03-2025T06:52:36 - [TEST_STEP][PASSED] - if (m == ""): null

17-03-2025T06:52:36 - [TEST_STEP][PASSED] - dashboardName = "Выполнение бизнес-плана": null

17-03-2025T06:52:36 - [TEST_STEP][PASSED] - workbook01 = getWorkbook(excelFilePath): null

17-03-2025T06:52:36 - [TEST_STEP][PASSED] - sheet01 = getExcelSheet(workbook01, sheetName): null

17-03-2025T06:52:36 - [TEST_STEP][PASSED] - setValueToCellByIndex(sheet01, n, 0, dashboardName): null

17-03-2025T06:52:36 - [TEST_STEP][PASSED] - setValueToCellByIndex(sheet01, n, 1, dZO): null

17-03-2025T06:52:36 - [TEST_STEP][PASSED] - setValueToCellByIndex(sheet01, n, 2, typeOfData): null

17-03-2025T06:52:36 - [TEST_STEP][PASSED] - if (typeOfData == "Факт в процентах" || typeOfData == "План в процентах"): null

17-03-2025T06:52:36 - [TEST_STEP][PASSED] - else: null

17-03-2025T06:52:36 - [TEST_STEP][PASSED] - setValueToCellByIndex(sheet01, n, 3, fileInt): null

17-03-2025T06:52:36 - [TEST_STEP][PASSED] - setValueToCellByIndex(sheet01, n, 4, "нет данных"): null

17-03-2025T06:52:36 - [TEST_STEP][PASSED] - setValueToCellByIndex(sheet01, n, 5, m): null

17-03-2025T06:52:36 - [TEST_STEP][PASSED] - setValueToCellByIndex(sheet01, n, 6, y): null

17-03-2025T06:52:36 - [TEST_STEP][PASSED] - setValueToCellByIndex(sheet01, n, 7, todaysDate): null

17-03-2025T06:52:36 - [TEST_STEP][PASSED] - n = n + 1: null

17-03-2025T06:52:36 - [TEST_STEP][PASSED] - saveWorkbook(excelFilePath, workbook01): null

17-03-2025T06:52:37 - [TEST_STEP][PASSED] - typeOfData = "План Отпуск в сеть": null

17-03-2025T06:52:37 - [TEST_STEP][PASSED] - fileInt = replaceAll("\s+", "").toInteger(): null

17-03-2025T06:52:37 - [TEST_STEP][PASSED] - Script1718980020443.WriteToExcelNoData(a, typeOfData, todaysDate, fileInt, fileDouble, dZO): null

17-03-2025T06:52:37 - [TEST_STEP][PASSED] - sheetName = "Sheet1": null

17-03-2025T06:52:37 - [TEST_STEP][PASSED] - data = findTestData("PlanFact"): null

17-03-2025T06:52:37 - [TEST_STEP][PASSED] - n = data.getRowNumbers() + 1: null

17-03-2025T06:52:37 - [TEST_STEP][PASSED] - day = ")).toInteger(): null

17-03-2025T06:52:37 - [TEST_STEP][PASSED] - println(day): null

17-03-2025T06:52:37 - [TEST_STEP][PASSED] - month = ")).toInteger(): null

17-03-2025T06:52:37 - [TEST_STEP][PASSED] - println(month): null

17-03-2025T06:52:37 - [TEST_STEP][PASSED] - y = <not implemented yet for class: org.codehaus.groovy.ast.expr.EmptyExpression>: null

17-03-2025T06:52:37 - [TEST_STEP][PASSED] - iy = <not implemented yet for class: org.codehaus.groovy.ast.expr.EmptyExpression>: null

17-03-2025T06:52:37 - [TEST_STEP][PASSED] - m = getText(findTestObject("Выполнение бизнес-плана/Период")): Text of object 'Object Repository/Выполнение бизнес-плана/Период' is: 'Январь 2025 года'

17-03-2025T06:52:37 - [MESSAGE][PASSED] - Text of object 'Object Repository/Выполнение бизнес-плана/Период' is: 'Январь 2025 года'

17-03-2025T06:52:37 - [TEST_STEP][PASSED] - iy = m.indexOf("20"): null

17-03-2025T06:52:37 - [TEST_STEP][PASSED] - if (iy > -1): null

17-03-2025T06:52:37 - [TEST_STEP][PASSED] - y = substring(iy, iy + 4).toInteger(): null

17-03-2025T06:52:37 - [TEST_STEP][PASSED] - println(y): null

17-03-2025T06:52:37 - [TEST_STEP][PASSED] - if (toString().length() == 4): null

17-03-2025T06:52:37 - [TEST_STEP][PASSED] - m = m.substring(0, m.indexOf(y.toString())): null

17-03-2025T06:52:37 - [TEST_STEP][PASSED] - m = m.trim(): null

17-03-2025T06:52:37 - [TEST_STEP][PASSED] - if (m == ""): null

17-03-2025T06:52:37 - [TEST_STEP][PASSED] - dashboardName = "Выполнение бизнес-плана": null

17-03-2025T06:52:37 - [TEST_STEP][PASSED] - workbook01 = getWorkbook(excelFilePath): null

17-03-2025T06:52:37 - [TEST_STEP][PASSED] - sheet01 = getExcelSheet(workbook01, sheetName): null

17-03-2025T06:52:37 - [TEST_STEP][PASSED] - setValueToCellByIndex(sheet01, n, 0, dashboardName): null

17-03-2025T06:52:37 - [TEST_STEP][PASSED] - setValueToCellByIndex(sheet01, n, 1, dZO): null

17-03-2025T06:52:37 - [TEST_STEP][PASSED] - setValueToCellByIndex(sheet01, n, 2, typeOfData): null

17-03-2025T06:52:37 - [TEST_STEP][PASSED] - if (typeOfData == "Факт в процентах" || typeOfData == "План в процентах"): null

17-03-2025T06:52:37 - [TEST_STEP][PASSED] - else: null

17-03-2025T06:52:37 - [TEST_STEP][PASSED] - setValueToCellByIndex(sheet01, n, 3, fileInt): null

17-03-2025T06:52:37 - [TEST_STEP][PASSED] - setValueToCellByIndex(sheet01, n, 4, "нет данных"): null

17-03-2025T06:52:37 - [TEST_STEP][PASSED] - setValueToCellByIndex(sheet01, n, 5, m): null

17-03-2025T06:52:37 - [TEST_STEP][PASSED] - setValueToCellByIndex(sheet01, n, 6, y): null

17-03-2025T06:52:37 - [TEST_STEP][PASSED] - setValueToCellByIndex(sheet01, n, 7, todaysDate): null

17-03-2025T06:52:37 - [TEST_STEP][PASSED] - n = n + 1: null

17-03-2025T06:52:37 - [TEST_STEP][PASSED] - saveWorkbook(excelFilePath, workbook01): null

17-03-2025T06:52:37 - [TEST_STEP][PASSED] - typeOfData = "План Потери": null

17-03-2025T06:52:37 - [TEST_STEP][PASSED] - fileInt = replaceAll("\s+", "").toInteger(): null

17-03-2025T06:52:37 - [TEST_STEP][PASSED] - Script1718980020443.WriteToExcelNoData(a, typeOfData, todaysDate, fileInt, fileDouble, dZO): null

17-03-2025T06:52:37 - [TEST_STEP][PASSED] - sheetName = "Sheet1": null

17-03-2025T06:52:37 - [TEST_STEP][PASSED] - data = findTestData("PlanFact"): null

17-03-2025T06:52:38 - [TEST_STEP][PASSED] - n = data.getRowNumbers() + 1: null

17-03-2025T06:52:38 - [TEST_STEP][PASSED] - day = ")).toInteger(): null

17-03-2025T06:52:38 - [TEST_STEP][PASSED] - println(day): null

17-03-2025T06:52:38 - [TEST_STEP][PASSED] - month = ")).toInteger(): null

17-03-2025T06:52:38 - [TEST_STEP][PASSED] - println(month): null

17-03-2025T06:52:38 - [TEST_STEP][PASSED] - y = <not implemented yet for class: org.codehaus.groovy.ast.expr.EmptyExpression>: null

17-03-2025T06:52:38 - [TEST_STEP][PASSED] - iy = <not implemented yet for class: org.codehaus.groovy.ast.expr.EmptyExpression>: null

17-03-2025T06:52:38 - [TEST_STEP][PASSED] - m = getText(findTestObject("Выполнение бизнес-плана/Период")): Text of object 'Object Repository/Выполнение бизнес-плана/Период' is: 'Январь 2025 года'

17-03-2025T06:52:38 - [MESSAGE][PASSED] - Text of object 'Object Repository/Выполнение бизнес-плана/Период' is: 'Январь 2025 года'

17-03-2025T06:52:38 - [TEST_STEP][PASSED] - iy = m.indexOf("20"): null

17-03-2025T06:52:38 - [TEST_STEP][PASSED] - if (iy > -1): null

17-03-2025T06:52:38 - [TEST_STEP][PASSED] - y = substring(iy, iy + 4).toInteger(): null

17-03-2025T06:52:38 - [TEST_STEP][PASSED] - println(y): null

17-03-2025T06:52:38 - [TEST_STEP][PASSED] - if (toString().length() == 4): null

17-03-2025T06:52:38 - [TEST_STEP][PASSED] - m = m.substring(0, m.indexOf(y.toString())): null

17-03-2025T06:52:38 - [TEST_STEP][PASSED] - m = m.trim(): null

17-03-2025T06:52:38 - [TEST_STEP][PASSED] - if (m == ""): null

17-03-2025T06:52:38 - [TEST_STEP][PASSED] - dashboardName = "Выполнение бизнес-плана": null

17-03-2025T06:52:38 - [TEST_STEP][PASSED] - workbook01 = getWorkbook(excelFilePath): null

17-03-2025T06:52:38 - [TEST_STEP][PASSED] - sheet01 = getExcelSheet(workbook01, sheetName): null

17-03-2025T06:52:38 - [TEST_STEP][PASSED] - setValueToCellByIndex(sheet01, n, 0, dashboardName): null

17-03-2025T06:52:38 - [TEST_STEP][PASSED] - setValueToCellByIndex(sheet01, n, 1, dZO): null

17-03-2025T06:52:38 - [TEST_STEP][PASSED] - setValueToCellByIndex(sheet01, n, 2, typeOfData): null

17-03-2025T06:52:38 - [TEST_STEP][PASSED] - if (typeOfData == "Факт в процентах" || typeOfData == "План в процентах"): null

17-03-2025T06:52:38 - [TEST_STEP][PASSED] - else: null

17-03-2025T06:52:38 - [TEST_STEP][PASSED] - setValueToCellByIndex(sheet01, n, 3, fileInt): null

17-03-2025T06:52:38 - [TEST_STEP][PASSED] - setValueToCellByIndex(sheet01, n, 4, "нет данных"): null

17-03-2025T06:52:38 - [TEST_STEP][PASSED] - setValueToCellByIndex(sheet01, n, 5, m): null

17-03-2025T06:52:38 - [TEST_STEP][PASSED] - setValueToCellByIndex(sheet01, n, 6, y): null

17-03-2025T06:52:38 - [TEST_STEP][PASSED] - setValueToCellByIndex(sheet01, n, 7, todaysDate): null

17-03-2025T06:52:38 - [TEST_STEP][PASSED] - n = n + 1: null

17-03-2025T06:52:38 - [TEST_STEP][PASSED] - saveWorkbook(excelFilePath, workbook01): null

17-03-2025T06:52:38 - [TEST_STEP][PASSED] - typeOfData = "План в процентах": null

17-03-2025T06:52:38 - [TEST_STEP][PASSED] - fileDouble = ").toDouble(): null

17-03-2025T06:52:38 - [TEST_STEP][PASSED] - Script1718980020443.WriteToExcelNoData(a, typeOfData, todaysDate, fileInt, fileDouble, dZO): null

17-03-2025T06:52:38 - [TEST_STEP][PASSED] - sheetName = "Sheet1": null

17-03-2025T06:52:38 - [TEST_STEP][PASSED] - data = findTestData("PlanFact"): null

17-03-2025T06:52:38 - [TEST_STEP][PASSED] - n = data.getRowNumbers() + 1: null

17-03-2025T06:52:38 - [TEST_STEP][PASSED] - day = ")).toInteger(): null

17-03-2025T06:52:38 - [TEST_STEP][PASSED] - println(day): null

17-03-2025T06:52:38 - [TEST_STEP][PASSED] - month = ")).toInteger(): null

17-03-2025T06:52:38 - [TEST_STEP][PASSED] - println(month): null

17-03-2025T06:52:38 - [TEST_STEP][PASSED] - y = <not implemented yet for class: org.codehaus.groovy.ast.expr.EmptyExpression>: null

17-03-2025T06:52:38 - [TEST_STEP][PASSED] - iy = <not implemented yet for class: org.codehaus.groovy.ast.expr.EmptyExpression>: null

17-03-2025T06:52:38 - [TEST_STEP][PASSED] - m = getText(findTestObject("Выполнение бизнес-плана/Период")): Text of object 'Object Repository/Выполнение бизнес-плана/Период' is: 'Январь 2025 года'

17-03-2025T06:52:38 - [MESSAGE][PASSED] - Text of object 'Object Repository/Выполнение бизнес-плана/Период' is: 'Январь 2025 года'

17-03-2025T06:52:38 - [TEST_STEP][PASSED] - iy = m.indexOf("20"): null

17-03-2025T06:52:38 - [TEST_STEP][PASSED] - if (iy > -1): null

17-03-2025T06:52:38 - [TEST_STEP][PASSED] - y = substring(iy, iy + 4).toInteger(): null

17-03-2025T06:52:38 - [TEST_STEP][PASSED] - println(y): null

17-03-2025T06:52:38 - [TEST_STEP][PASSED] - if (toString().length() == 4): null

17-03-2025T06:52:38 - [TEST_STEP][PASSED] - m = m.substring(0, m.indexOf(y.toString())): null

17-03-2025T06:52:38 - [TEST_STEP][PASSED] - m = m.trim(): null

17-03-2025T06:52:38 - [TEST_STEP][PASSED] - if (m == ""): null

17-03-2025T06:52:38 - [TEST_STEP][PASSED] - dashboardName = "Выполнение бизнес-плана": null

17-03-2025T06:52:38 - [TEST_STEP][PASSED] - workbook01 = getWorkbook(excelFilePath): null

17-03-2025T06:52:38 - [TEST_STEP][PASSED] - sheet01 = getExcelSheet(workbook01, sheetName): null

17-03-2025T06:52:38 - [TEST_STEP][PASSED] - setValueToCellByIndex(sheet01, n, 0, dashboardName): null

17-03-2025T06:52:38 - [TEST_STEP][PASSED] - setValueToCellByIndex(sheet01, n, 1, dZO): null

17-03-2025T06:52:38 - [TEST_STEP][PASSED] - setValueToCellByIndex(sheet01, n, 2, typeOfData): null

17-03-2025T06:52:38 - [TEST_STEP][PASSED] - if (typeOfData == "Факт в процентах" || typeOfData == "План в процентах"): null

17-03-2025T06:52:38 - [TEST_STEP][PASSED] - setValueToCellByIndex(sheet01, n, 3, fileDouble): null

17-03-2025T06:52:38 - [TEST_STEP][PASSED] - setValueToCellByIndex(sheet01, n, 4, "нет данных"): null

17-03-2025T06:52:38 - [TEST_STEP][PASSED] - setValueToCellByIndex(sheet01, n, 5, m): null

17-03-2025T06:52:38 - [TEST_STEP][PASSED] - setValueToCellByIndex(sheet01, n, 6, y): null

17-03-2025T06:52:38 - [TEST_STEP][PASSED] - setValueToCellByIndex(sheet01, n, 7, todaysDate): null

17-03-2025T06:52:38 - [TEST_STEP][PASSED] - n = n + 1: null

17-03-2025T06:52:38 - [TEST_STEP][PASSED] - saveWorkbook(excelFilePath, workbook01): null

17-03-2025T06:52:39 - [TEST_STEP][PASSED] - typeOfData = "Факт в процентах": null

17-03-2025T06:52:39 - [TEST_STEP][PASSED] - fileDouble = ").toDouble(): null

17-03-2025T06:52:39 - [TEST_STEP][PASSED] - Script1718980020443.WriteToExcelNoData(a, typeOfData, todaysDate, fileInt, fileDouble, dZO): null

17-03-2025T06:52:39 - [TEST_STEP][PASSED] - sheetName = "Sheet1": null

17-03-2025T06:52:39 - [TEST_STEP][PASSED] - data = findTestData("PlanFact"): null

17-03-2025T06:52:39 - [TEST_STEP][PASSED] - n = data.getRowNumbers() + 1: null

17-03-2025T06:52:39 - [TEST_STEP][PASSED] - day = ")).toInteger(): null

17-03-2025T06:52:39 - [TEST_STEP][PASSED] - println(day): null

17-03-2025T06:52:39 - [TEST_STEP][PASSED] - month = ")).toInteger(): null

17-03-2025T06:52:39 - [TEST_STEP][PASSED] - println(month): null

17-03-2025T06:52:39 - [TEST_STEP][PASSED] - y = <not implemented yet for class: org.codehaus.groovy.ast.expr.EmptyExpression>: null

17-03-2025T06:52:39 - [TEST_STEP][PASSED] - iy = <not implemented yet for class: org.codehaus.groovy.ast.expr.EmptyExpression>: null

17-03-2025T06:52:39 - [TEST_STEP][PASSED] - m = getText(findTestObject("Выполнение бизнес-плана/Период")): Text of object 'Object Repository/Выполнение бизнес-плана/Период' is: 'Январь 2025 года'

17-03-2025T06:52:39 - [MESSAGE][PASSED] - Text of object 'Object Repository/Выполнение бизнес-плана/Период' is: 'Январь 2025 года'

17-03-2025T06:52:39 - [TEST_STEP][PASSED] - iy = m.indexOf("20"): null

17-03-2025T06:52:39 - [TEST_STEP][PASSED] - if (iy > -1): null

17-03-2025T06:52:39 - [TEST_STEP][PASSED] - y = substring(iy, iy + 4).toInteger(): null

17-03-2025T06:52:39 - [TEST_STEP][PASSED] - println(y): null

17-03-2025T06:52:39 - [TEST_STEP][PASSED] - if (toString().length() == 4): null

17-03-2025T06:52:39 - [TEST_STEP][PASSED] - m = m.substring(0, m.indexOf(y.toString())): null

17-03-2025T06:52:39 - [TEST_STEP][PASSED] - m = m.trim(): null

17-03-2025T06:52:39 - [TEST_STEP][PASSED] - if (m == ""): null

17-03-2025T06:52:39 - [TEST_STEP][PASSED] - dashboardName = "Выполнение бизнес-плана": null

17-03-2025T06:52:39 - [TEST_STEP][PASSED] - workbook01 = getWorkbook(excelFilePath): null

17-03-2025T06:52:39 - [TEST_STEP][PASSED] - sheet01 = getExcelSheet(workbook01, sheetName): null

17-03-2025T06:52:39 - [TEST_STEP][PASSED] - setValueToCellByIndex(sheet01, n, 0, dashboardName): null

17-03-2025T06:52:39 - [TEST_STEP][PASSED] - setValueToCellByIndex(sheet01, n, 1, dZO): null

17-03-2025T06:52:39 - [TEST_STEP][PASSED] - setValueToCellByIndex(sheet01, n, 2, typeOfData): null

17-03-2025T06:52:39 - [TEST_STEP][PASSED] - if (typeOfData == "Факт в процентах" || typeOfData == "План в процентах"): null

17-03-2025T06:52:39 - [TEST_STEP][PASSED] - setValueToCellByIndex(sheet01, n, 3, fileDouble): null

17-03-2025T06:52:39 - [TEST_STEP][PASSED] - setValueToCellByIndex(sheet01, n, 4, "нет данных"): null

17-03-2025T06:52:39 - [TEST_STEP][PASSED] - setValueToCellByIndex(sheet01, n, 5, m): null

17-03-2025T06:52:39 - [TEST_STEP][PASSED] - setValueToCellByIndex(sheet01, n, 6, y): null

17-03-2025T06:52:39 - [TEST_STEP][PASSED] - setValueToCellByIndex(sheet01, n, 7, todaysDate): null

17-03-2025T06:52:39 - [TEST_STEP][PASSED] - n = n + 1: null

17-03-2025T06:52:39 - [TEST_STEP][PASSED] - saveWorkbook(excelFilePath, workbook01): null

17-03-2025T06:52:39 - [TEST_STEP][PASSED] - println(dzoNum): null

17-03-2025T06:52:39 - [TEST_STEP][PASSED] - a = 28: null

17-03-2025T06:52:39 - [TEST_STEP][PASSED] - dZO = "Россети Волга": null

17-03-2025T06:52:39 - [TEST_STEP][PASSED] - if (x1.contains("Волга")): null

17-03-2025T06:52:39 - [TEST_STEP][PASSED] - dzoNum = dzoNum + 1: null

17-03-2025T06:52:39 - [TEST_STEP][PASSED] - Script1718980020443.Numbers(a, typeOfData, todaysDate, pageInt, fileInt, pageDouble, fileDouble, dZO, dzoNum, filialNum): null

17-03-2025T06:52:39 - [TEST_STEP][PASSED] - println(dzoNum): null

17-03-2025T06:52:39 - [TEST_STEP][PASSED] - planFact = <not implemented yet for class: org.codehaus.groovy.ast.expr.EmptyExpression>: null

17-03-2025T06:52:39 - [TEST_STEP][PASSED] - page = <not implemented yet for class: org.codehaus.groovy.ast.expr.EmptyExpression>: null

17-03-2025T06:52:39 - [TEST_STEP][PASSED] - page1 = <not implemented yet for class: org.codehaus.groovy.ast.expr.EmptyExpression>: null

17-03-2025T06:52:39 - [TEST_STEP][PASSED] - page2 = <not implemented yet for class: org.codehaus.groovy.ast.expr.EmptyExpression>: null

17-03-2025T06:52:39 - [TEST_STEP][PASSED] - filialNumberInRow = <not implemented yet for class: org.codehaus.groovy.ast.expr.EmptyExpression>: null

17-03-2025T06:52:39 - [TEST_STEP][PASSED] - filialsDzoNames = <not implemented yet for class: org.codehaus.groovy.ast.expr.EmptyExpression>: null

17-03-2025T06:52:39 - [TEST_STEP][PASSED] - numberOfFilials = <not implemented yet for class: org.codehaus.groovy.ast.expr.EmptyExpression>: null

17-03-2025T06:52:39 - [TEST_STEP][PASSED] - numberOfSpaces = <not implemented yet for class: org.codehaus.groovy.ast.expr.EmptyExpression>: null

17-03-2025T06:52:39 - [TEST_STEP][PASSED] - file = <not implemented yet for class: org.codehaus.groovy.ast.expr.EmptyExpression>: null

17-03-2025T06:52:39 - [TEST_STEP][PASSED] - otpusk = <not implemented yet for class: org.codehaus.groovy.ast.expr.EmptyExpression>: null

17-03-2025T06:52:39 - [TEST_STEP][PASSED] - poteri = <not implemented yet for class: org.codehaus.groovy.ast.expr.EmptyExpression>: null

17-03-2025T06:52:39 - [TEST_STEP][PASSED] - dataFolder = "Выполнение бизнес-плана/Значения со страницы Выполнение бизнес-плана/": null

17-03-2025T06:52:39 - [TEST_STEP][PASSED] - path = <not implemented yet for class: org.codehaus.groovy.ast.expr.EmptyExpression>: null

17-03-2025T06:52:39 - [TEST_STEP][PASSED] - typeOfDataMain = <not implemented yet for class: org.codehaus.groovy.ast.expr.EmptyExpression>: null

17-03-2025T06:52:39 - [TEST_STEP][PASSED] - fileOtpuskVSet = <not implemented yet for class: org.codehaus.groovy.ast.expr.EmptyExpression>: null

17-03-2025T06:52:39 - [TEST_STEP][PASSED] - pageOtpuskVSet = <not implemented yet for class: org.codehaus.groovy.ast.expr.EmptyExpression>: null

17-03-2025T06:52:39 - [TEST_STEP][PASSED] - filePoteri = <not implemented yet for class: org.codehaus.groovy.ast.expr.EmptyExpression>: null

17-03-2025T06:52:39 - [TEST_STEP][PASSED] - pagePoteri = <not implemented yet for class: org.codehaus.groovy.ast.expr.EmptyExpression>: null

17-03-2025T06:52:39 - [TEST_STEP][PASSED] - compare = <not implemented yet for class: org.codehaus.groovy.ast.expr.EmptyExpression>: null

17-03-2025T06:52:39 - [TEST_STEP][PASSED] - b = <not implemented yet for class: org.codehaus.groovy.ast.expr.EmptyExpression>: null

17-03-2025T06:52:39 - [TEST_STEP][PASSED] - i = <not implemented yet for class: org.codehaus.groovy.ast.expr.EmptyExpression>: null

17-03-2025T06:52:39 - [TEST_STEP][PASSED] - ii = <not implemented yet for class: org.codehaus.groovy.ast.expr.EmptyExpression>: null

17-03-2025T06:52:39 - [TEST_STEP][PASSED] - c = <not implemented yet for class: org.codehaus.groovy.ast.expr.EmptyExpression>: null

17-03-2025T06:52:39 - [TEST_STEP][PASSED] - numberOfErrors = 0: null

17-03-2025T06:52:39 - [TEST_STEP][PASSED] - if (a == 82): null

17-03-2025T06:52:39 - [TEST_STEP][PASSED] - b = findTestData("PlanFact").getValue(1, a): null

17-03-2025T06:52:39 - [TEST_STEP][PASSED] - i = b.indexOf(" (ГК)"): null

17-03-2025T06:52:39 - [TEST_STEP][PASSED] - if (i > -1): null

17-03-2025T06:52:39 - [TEST_STEP][PASSED] - b = b.substring(0, i): null

17-03-2025T06:52:39 - [TEST_STEP][PASSED] - i = b.indexOf("О ""): null

17-03-2025T06:52:39 - [TEST_STEP][PASSED] - if (i > -1): null

17-03-2025T06:52:39 - [TEST_STEP][PASSED] - i = b.indexOf("О «"): null

17-03-2025T06:52:39 - [TEST_STEP][PASSED] - if (i > -1): null

17-03-2025T06:52:39 - [TEST_STEP][PASSED] - i = b.indexOf("г. "): null

17-03-2025T06:52:39 - [TEST_STEP][PASSED] - if (i > -1): null

17-03-2025T06:52:39 - [TEST_STEP][PASSED] - b = b.trim(): null

17-03-2025T06:52:39 - [TEST_STEP][PASSED] - println(b): null

17-03-2025T06:52:39 - [TEST_STEP][PASSED] - for ([planFact = 1, planFact < 3, (planFact++)]): null

17-03-2025T06:52:39 - [TEST_STEP][PASSED] - if (planFact == 1): null

17-03-2025T06:52:39 - [TEST_STEP][PASSED] - typeOfDataMain = "Факт": null

17-03-2025T06:52:39 - [TEST_STEP][PASSED] - otpusk = findTestData("PlanFact").getValue(5, a): null

17-03-2025T06:52:39 - [TEST_STEP][PASSED] - poteri = findTestData("PlanFact").getValue(6, a): null

17-03-2025T06:52:40 - [TEST_STEP][PASSED] - otpusk = otpusk.replaceAll("\s+", ""): null

17-03-2025T06:52:40 - [TEST_STEP][PASSED] - poteri = poteri.replaceAll("\s+", ""): null

17-03-2025T06:52:40 - [TEST_STEP][PASSED] - typeOfData = typeOfDataMain + " Отпуск в сеть": null

17-03-2025T06:52:40 - [TEST_STEP][PASSED] - if (a == 82): null

17-03-2025T06:52:40 - [TEST_STEP][PASSED] - else if (a == 84): null

17-03-2025T06:52:40 - [TEST_STEP][PASSED] - else if (a == 83 || a == 52 || a == 72 || a == 28 || a == 73 || a == 77 || a == 74 || a == 65 || a == 36 || a == 44 || a == 53 || a == 80 || a == 54 || a == 1 || a == 18 || a == 59 || a == 81): null

17-03-2025T06:52:40 - [TEST_STEP][PASSED] - path = dataFolder + "Table Data/" + typeOfData + " за отчётный период " + dzoNum: null

17-03-2025T06:52:40 - [TEST_STEP][PASSED] - println(path): null

17-03-2025T06:52:40 - [TEST_STEP][PASSED] - page = getText(findTestObject(path)): Text of object 'Object Repository/Выполнение бизнес-плана/Значения со страницы Выполнение бизнес-плана/Table Data/Факт Отпуск в сеть за отчётный период 2' is: '3 856 981'

17-03-2025T06:52:40 - [MESSAGE][PASSED] - Text of object 'Object Repository/Выполнение бизнес-плана/Значения со страницы Выполнение бизнес-плана/Table Data/Факт Отпуск в сеть за отчётный период 2' is: '3 856 981'

17-03-2025T06:52:40 - [TEST_STEP][PASSED] - if (page == "" || page == null): null

17-03-2025T06:52:40 - [TEST_STEP][PASSED] - else: null

17-03-2025T06:52:40 - [TEST_STEP][PASSED] - page = page.replaceAll("\s+", ""): null

17-03-2025T06:52:40 - [TEST_STEP][PASSED] - if (page == "undefined"): null

17-03-2025T06:52:40 - [TEST_STEP][PASSED] - fileOtpuskVSet = otpusk.toInteger(): null

17-03-2025T06:52:40 - [TEST_STEP][PASSED] - pageOtpuskVSet = page.toInteger(): null

17-03-2025T06:52:40 - [TEST_STEP][PASSED] - typeOfData = typeOfDataMain + " Потери": null

17-03-2025T06:52:40 - [TEST_STEP][PASSED] - if (a == 82): null

17-03-2025T06:52:40 - [TEST_STEP][PASSED] - else if (a == 84): null

17-03-2025T06:52:40 - [TEST_STEP][PASSED] - else if (a == 83 || a == 52 || a == 72 || a == 28 || a == 73 || a == 77 || a == 74 || a == 65 || a == 44 || a == 53 || a == 80 || a == 54 || a == 1 || a == 18 || a == 59 || a == 81): null

17-03-2025T06:52:40 - [TEST_STEP][PASSED] - path = dataFolder + "Table Data/" + typeOfData + " за отчётный период " + dzoNum: null

17-03-2025T06:52:40 - [TEST_STEP][PASSED] - page = getText(findTestObject(path)): Text of object 'Object Repository/Выполнение бизнес-плана/Значения со страницы Выполнение бизнес-плана/Table Data/Факт Потери за отчётный период 2' is: '3 030 349'

17-03-2025T06:52:40 - [MESSAGE][PASSED] - Text of object 'Object Repository/Выполнение бизнес-плана/Значения со страницы Выполнение бизнес-плана/Table Data/Факт Потери за отчётный период 2' is: '3 030 349'

17-03-2025T06:52:40 - [TEST_STEP][PASSED] - if (page == "" || page == null): null

17-03-2025T06:52:40 - [TEST_STEP][PASSED] - else: null

17-03-2025T06:52:40 - [TEST_STEP][PASSED] - page = page.replaceAll("\s+", ""): null

17-03-2025T06:52:40 - [TEST_STEP][PASSED] - if (page == "undefined"): null

17-03-2025T06:52:40 - [TEST_STEP][PASSED] - filePoteri = poteri.toInteger(): null

17-03-2025T06:52:40 - [TEST_STEP][PASSED] - pagePoteri = page.toInteger(): null

17-03-2025T06:52:40 - [TEST_STEP][PASSED] - compare = pageOtpuskVSet: null

17-03-2025T06:52:40 - [TEST_STEP][PASSED] - if (pageOtpuskVSet != null): null

17-03-2025T06:52:40 - [TEST_STEP][PASSED] - if (compare == fileOtpuskVSet): null

17-03-2025T06:52:40 - [TEST_STEP][PASSED] - else if (compare > fileOtpuskVSet): null

17-03-2025T06:52:40 - [TEST_STEP][PASSED] - compare = compare - 1: null

17-03-2025T06:52:40 - [TEST_STEP][PASSED] - if (compare == fileOtpuskVSet): null

17-03-2025T06:52:40 - [TEST_STEP][PASSED] - else: null

17-03-2025T06:52:40 - [TEST_STEP][PASSED] - numberOfErrors = numberOfErrors + 1: null

17-03-2025T06:52:40 - [TEST_STEP][PASSED] - pageInt = pageOtpuskVSet: null

17-03-2025T06:52:40 - [TEST_STEP][PASSED] - fileInt = fileOtpuskVSet: null

17-03-2025T06:52:40 - [TEST_STEP][PASSED] - typeOfData = typeOfDataMain + " Отпуск в сеть": null

17-03-2025T06:52:40 - [TEST_STEP][PASSED] - Script1718980020443.WriteToExcel(a, typeOfData, todaysDate, pageInt, fileInt, pageDouble, fileDouble, dZO): null

17-03-2025T06:52:40 - [TEST_STEP][PASSED] - sheetName = "Sheet1": null

17-03-2025T06:52:40 - [TEST_STEP][PASSED] - data = findTestData("PlanFact"): null

17-03-2025T06:52:40 - [TEST_STEP][PASSED] - n = data.getRowNumbers() + 1: null

17-03-2025T06:52:40 - [TEST_STEP][PASSED] - day = ")).toInteger(): null

17-03-2025T06:52:40 - [TEST_STEP][PASSED] - println(day): null

17-03-2025T06:52:40 - [TEST_STEP][PASSED] - month = ")).toInteger(): null

17-03-2025T06:52:40 - [TEST_STEP][PASSED] - println(month): null

17-03-2025T06:52:40 - [TEST_STEP][PASSED] - y = <not implemented yet for class: org.codehaus.groovy.ast.expr.EmptyExpression>: null

17-03-2025T06:52:40 - [TEST_STEP][PASSED] - iy = <not implemented yet for class: org.codehaus.groovy.ast.expr.EmptyExpression>: null

17-03-2025T06:52:40 - [TEST_STEP][PASSED] - m = getText(findTestObject("Выполнение бизнес-плана/Период")): Text of object 'Object Repository/Выполнение бизнес-плана/Период' is: 'Январь 2025 года'

17-03-2025T06:52:41 - [MESSAGE][PASSED] - Text of object 'Object Repository/Выполнение бизнес-плана/Период' is: 'Январь 2025 года'

17-03-2025T06:52:41 - [TEST_STEP][PASSED] - iy = m.indexOf("20"): null

17-03-2025T06:52:41 - [TEST_STEP][PASSED] - if (iy > -1): null

17-03-2025T06:52:41 - [TEST_STEP][PASSED] - y = substring(iy, iy + 4).toInteger(): null

17-03-2025T06:52:41 - [TEST_STEP][PASSED] - println(y): null

17-03-2025T06:52:41 - [TEST_STEP][PASSED] - if (toString().length() == 4): null

17-03-2025T06:52:41 - [TEST_STEP][PASSED] - m = m.substring(0, m.indexOf(y.toString())): null

17-03-2025T06:52:41 - [TEST_STEP][PASSED] - m = m.trim(): null

17-03-2025T06:52:41 - [TEST_STEP][PASSED] - if (m == ""): null

17-03-2025T06:52:41 - [TEST_STEP][PASSED] - dashboardName = "Выполнение бизнес-плана": null

17-03-2025T06:52:41 - [TEST_STEP][PASSED] - workbook01 = getWorkbook(excelFilePath): null

17-03-2025T06:52:41 - [TEST_STEP][PASSED] - sheet01 = getExcelSheet(workbook01, sheetName): null

17-03-2025T06:52:41 - [TEST_STEP][PASSED] - setValueToCellByIndex(sheet01, n, 0, dashboardName): null

17-03-2025T06:52:41 - [TEST_STEP][PASSED] - setValueToCellByIndex(sheet01, n, 1, dZO): null

17-03-2025T06:52:41 - [TEST_STEP][PASSED] - setValueToCellByIndex(sheet01, n, 2, typeOfData): null

17-03-2025T06:52:41 - [TEST_STEP][PASSED] - if (typeOfData == "Факт в процентах" || typeOfData == "План в процентах"): null

17-03-2025T06:52:41 - [TEST_STEP][PASSED] - else: null

17-03-2025T06:52:41 - [TEST_STEP][PASSED] - setValueToCellByIndex(sheet01, n, 3, fileInt): null

17-03-2025T06:52:41 - [TEST_STEP][PASSED] - setValueToCellByIndex(sheet01, n, 4, pageInt): null

17-03-2025T06:52:41 - [TEST_STEP][PASSED] - setValueToCellByIndex(sheet01, n, 5, m): null

17-03-2025T06:52:41 - [TEST_STEP][PASSED] - setValueToCellByIndex(sheet01, n, 6, y): null

17-03-2025T06:52:41 - [TEST_STEP][PASSED] - setValueToCellByIndex(sheet01, n, 7, todaysDate): null

17-03-2025T06:52:41 - [TEST_STEP][PASSED] - n = n + 1: null

17-03-2025T06:52:41 - [TEST_STEP][PASSED] - saveWorkbook(excelFilePath, workbook01): null

17-03-2025T06:52:41 - [TEST_STEP][PASSED] - compare = pagePoteri: null

17-03-2025T06:52:41 - [TEST_STEP][PASSED] - if (pageOtpuskVSet != null): null

17-03-2025T06:52:41 - [TEST_STEP][PASSED] - if (compare == filePoteri): null

17-03-2025T06:52:41 - [TEST_STEP][PASSED] - else if (compare > filePoteri): null

17-03-2025T06:52:41 - [TEST_STEP][PASSED] - compare = compare - 1: null

17-03-2025T06:52:41 - [TEST_STEP][PASSED] - if (compare == filePoteri): null

17-03-2025T06:52:41 - [TEST_STEP][PASSED] - else: null

17-03-2025T06:52:41 - [TEST_STEP][PASSED] - numberOfErrors = numberOfErrors + 1: null

17-03-2025T06:52:41 - [TEST_STEP][PASSED] - pageInt = pagePoteri: null

17-03-2025T06:52:41 - [TEST_STEP][PASSED] - fileInt = filePoteri: null

17-03-2025T06:52:41 - [TEST_STEP][PASSED] - typeOfData = typeOfDataMain + " Потери": null

17-03-2025T06:52:41 - [TEST_STEP][PASSED] - Script1718980020443.WriteToExcel(a, typeOfData, todaysDate, pageInt, fileInt, pageDouble, fileDouble, dZO): null

17-03-2025T06:52:41 - [TEST_STEP][PASSED] - sheetName = "Sheet1": null

17-03-2025T06:52:41 - [TEST_STEP][PASSED] - data = findTestData("PlanFact"): null

17-03-2025T06:52:41 - [TEST_STEP][PASSED] - n = data.getRowNumbers() + 1: null

17-03-2025T06:52:41 - [TEST_STEP][PASSED] - day = ")).toInteger(): null

17-03-2025T06:52:41 - [TEST_STEP][PASSED] - println(day): null

17-03-2025T06:52:41 - [TEST_STEP][PASSED] - month = ")).toInteger(): null

17-03-2025T06:52:41 - [TEST_STEP][PASSED] - println(month): null

17-03-2025T06:52:41 - [TEST_STEP][PASSED] - y = <not implemented yet for class: org.codehaus.groovy.ast.expr.EmptyExpression>: null

17-03-2025T06:52:41 - [TEST_STEP][PASSED] - iy = <not implemented yet for class: org.codehaus.groovy.ast.expr.EmptyExpression>: null

17-03-2025T06:52:41 - [TEST_STEP][PASSED] - m = getText(findTestObject("Выполнение бизнес-плана/Период")): Text of object 'Object Repository/Выполнение бизнес-плана/Период' is: 'Январь 2025 года'

17-03-2025T06:52:41 - [MESSAGE][PASSED] - Text of object 'Object Repository/Выполнение бизнес-плана/Период' is: 'Январь 2025 года'

17-03-2025T06:52:41 - [TEST_STEP][PASSED] - iy = m.indexOf("20"): null

17-03-2025T06:52:41 - [TEST_STEP][PASSED] - if (iy > -1): null

17-03-2025T06:52:41 - [TEST_STEP][PASSED] - y = substring(iy, iy + 4).toInteger(): null

17-03-2025T06:52:41 - [TEST_STEP][PASSED] - println(y): null

17-03-2025T06:52:41 - [TEST_STEP][PASSED] - if (toString().length() == 4): null

17-03-2025T06:52:41 - [TEST_STEP][PASSED] - m = m.substring(0, m.indexOf(y.toString())): null

17-03-2025T06:52:41 - [TEST_STEP][PASSED] - m = m.trim(): null

17-03-2025T06:52:41 - [TEST_STEP][PASSED] - if (m == ""): null

17-03-2025T06:52:41 - [TEST_STEP][PASSED] - dashboardName = "Выполнение бизнес-плана": null

17-03-2025T06:52:41 - [TEST_STEP][PASSED] - workbook01 = getWorkbook(excelFilePath): null

17-03-2025T06:52:41 - [TEST_STEP][PASSED] - sheet01 = getExcelSheet(workbook01, sheetName): null

17-03-2025T06:52:41 - [TEST_STEP][PASSED] - setValueToCellByIndex(sheet01, n, 0, dashboardName): null

17-03-2025T06:52:41 - [TEST_STEP][PASSED] - setValueToCellByIndex(sheet01, n, 1, dZO): null

17-03-2025T06:52:41 - [TEST_STEP][PASSED] - setValueToCellByIndex(sheet01, n, 2, typeOfData): null

17-03-2025T06:52:41 - [TEST_STEP][PASSED] - if (typeOfData == "Факт в процентах" || typeOfData == "План в процентах"): null

17-03-2025T06:52:41 - [TEST_STEP][PASSED] - else: null

17-03-2025T06:52:41 - [TEST_STEP][PASSED] - setValueToCellByIndex(sheet01, n, 3, fileInt): null

17-03-2025T06:52:41 - [TEST_STEP][PASSED] - setValueToCellByIndex(sheet01, n, 4, pageInt): null

17-03-2025T06:52:41 - [TEST_STEP][PASSED] - setValueToCellByIndex(sheet01, n, 5, m): null

17-03-2025T06:52:41 - [TEST_STEP][PASSED] - setValueToCellByIndex(sheet01, n, 6, y): null

17-03-2025T06:52:41 - [TEST_STEP][PASSED] - setValueToCellByIndex(sheet01, n, 7, todaysDate): null

17-03-2025T06:52:41 - [TEST_STEP][PASSED] - n = n + 1: null

17-03-2025T06:52:41 - [TEST_STEP][FAILED] - saveWorkbook(excelFilePath, workbook01): null

17-03-2025T06:52:41 - [TEST_STEP][PASSED] - if (planFact == 2): null

17-03-2025T06:52:41 - [TEST_STEP][PASSED] - if (planFact == 1): null

17-03-2025T06:52:41 - [TEST_STEP][PASSED] - else if (planFact == 2): null

17-03-2025T06:52:41 - [TEST_STEP][PASSED] - click(findTestObject("Выполнение бизнес-плана/Кнопка План")): Object: 'Object Repository/Выполнение бизнес-плана/Кнопка План' is clicked on

17-03-2025T06:52:42 - [MESSAGE][PASSED] - Object: 'Object Repository/Выполнение бизнес-плана/Кнопка План' is clicked on

17-03-2025T06:52:42 - [TEST_STEP][PASSED] - typeOfDataMain = "План": null

17-03-2025T06:52:42 - [TEST_STEP][PASSED] - otpusk = findTestData("PlanFact").getValue(2, a): null

17-03-2025T06:52:42 - [TEST_STEP][PASSED] - poteri = findTestData("PlanFact").getValue(3, a): null

17-03-2025T06:52:42 - [TEST_STEP][PASSED] - otpusk = otpusk.replaceAll("\s+", ""): null

17-03-2025T06:52:42 - [TEST_STEP][PASSED] - poteri = poteri.replaceAll("\s+", ""): null

17-03-2025T06:52:42 - [TEST_STEP][PASSED] - typeOfData = typeOfDataMain + " Отпуск в сеть": null

17-03-2025T06:52:42 - [TEST_STEP][PASSED] - if (a == 82): null

17-03-2025T06:52:42 - [TEST_STEP][PASSED] - else if (a == 84): null

17-03-2025T06:52:42 - [TEST_STEP][PASSED] - else if (a == 83 || a == 52 || a == 72 || a == 28 || a == 73 || a == 77 || a == 74 || a == 65 || a == 36 || a == 44 || a == 53 || a == 80 || a == 54 || a == 1 || a == 18 || a == 59 || a == 81): null

17-03-2025T06:52:42 - [TEST_STEP][PASSED] - path = dataFolder + "Table Data/" + typeOfData + " за отчётный период " + dzoNum: null

17-03-2025T06:52:42 - [TEST_STEP][PASSED] - println(path): null

17-03-2025T06:52:42 - [TEST_STEP][PASSED] - page = getText(findTestObject(path)): Text of object 'Object Repository/Выполнение бизнес-плана/Значения со страницы Выполнение бизнес-плана/Table Data/План Отпуск в сеть за отчётный период 2' is: '4 033 660'

17-03-2025T06:52:42 - [MESSAGE][PASSED] - Text of object 'Object Repository/Выполнение бизнес-плана/Значения со страницы Выполнение бизнес-плана/Table Data/План Отпуск в сеть за отчётный период 2' is: '4 033 660'

17-03-2025T06:52:42 - [TEST_STEP][PASSED] - if (page == "" || page == null): null

17-03-2025T06:52:42 - [TEST_STEP][PASSED] - else: null

17-03-2025T06:52:42 - [TEST_STEP][PASSED] - page = page.replaceAll("\s+", ""): null

17-03-2025T06:52:42 - [TEST_STEP][PASSED] - if (page == "undefined"): null

17-03-2025T06:52:42 - [TEST_STEP][PASSED] - fileOtpuskVSet = otpusk.toInteger(): null

17-03-2025T06:52:42 - [TEST_STEP][PASSED] - pageOtpuskVSet = page.toInteger(): null

17-03-2025T06:52:42 - [TEST_STEP][PASSED] - typeOfData = typeOfDataMain + " Потери": null

17-03-2025T06:52:42 - [TEST_STEP][PASSED] - if (a == 82): null

17-03-2025T06:52:42 - [TEST_STEP][PASSED] - else if (a == 84): null

17-03-2025T06:52:42 - [TEST_STEP][PASSED] - else if (a == 83 || a == 52 || a == 72 || a == 28 || a == 73 || a == 77 || a == 74 || a == 65 || a == 44 || a == 53 || a == 80 || a == 54 || a == 1 || a == 18 || a == 59 || a == 81): null

17-03-2025T06:52:42 - [TEST_STEP][PASSED] - path = dataFolder + "Table Data/" + typeOfData + " за отчётный период " + dzoNum: null

17-03-2025T06:52:42 - [TEST_STEP][FAILED] - page = getText(findTestObject(path)): Unable to get text of object 'Object Repository/Выполнение бизнес-плана/Значения со страницы Выполнение бизнес-плана/Table Data/План Потери за отчётный период 2' (Root cause: com.kms.katalon.core.exception.StepFailedException: Unable to get text of object 'Object Repository/Выполнение бизнес-плана/Значения со страницы Выполнение бизнес-плана/Table Data/План Потери за отчётный период 2'
	at com.kms.katalon.core.webui.keyword.internal.WebUIKeywordMain.stepFailed(WebUIKeywordMain.groovy:64)
	at com.kms.katalon.core.webui.keyword.internal.WebUIKeywordMain.runKeyword(WebUIKeywordMain.groovy:26)
	at com.kms.katalon.core.webui.keyword.builtin.GetTextKeyword.getText(GetTextKeyword.groovy:88)
	at com.kms.katalon.core.webui.keyword.builtin.GetTextKeyword.execute(GetTextKeyword.groovy:67)
	at com.kms.katalon.core.keyword.internal.KeywordExecutor.executeKeywordForPlatform(KeywordExecutor.groovy:74)
	at com.kms.katalon.core.webui.keyword.WebUiBuiltInKeywords.getText(WebUiBuiltInKeywords.groovy:957)
	at Выполнение бизнес-плана Сверка ПАО Россети все филиалы.Numbers(Выполнение бизнес-плана Сверка ПАО Россети все филиалы:594)
	at Выполнение бизнес-плана Сверка ПАО Россети все филиалы.run(Выполнение бизнес-плана Сверка ПАО Россети все филиалы:231)
	at com.kms.katalon.core.main.ScriptEngine.run(ScriptEngine.java:194)
	at com.kms.katalon.core.main.ScriptEngine.runScriptAsRawText(ScriptEngine.java:119)
	at com.kms.katalon.core.main.TestCaseExecutor.runScript(TestCaseExecutor.java:448)
	at com.kms.katalon.core.main.TestCaseExecutor.doExecute(TestCaseExecutor.java:439)
	at com.kms.katalon.core.main.TestCaseExecutor.processExecutionPhase(TestCaseExecutor.java:418)
	at com.kms.katalon.core.main.TestCaseExecutor.accessMainPhase(TestCaseExecutor.java:410)
	at com.kms.katalon.core.main.TestCaseExecutor.execute(TestCaseExecutor.java:285)
	at com.kms.katalon.core.common.CommonExecutor.accessTestCaseMainPhase(CommonExecutor.java:65)
	at com.kms.katalon.core.main.TestSuiteExecutor.accessTestSuiteMainPhase(TestSuiteExecutor.java:150)
	at com.kms.katalon.core.main.TestSuiteExecutor.execute(TestSuiteExecutor.java:106)
	at com.kms.katalon.core.main.TestCaseMain.startTestSuite(TestCaseMain.java:180)
	at TempTestSuite1742171011514.run(TempTestSuite1742171011514.groovy:35)
	at java.base/jdk.internal.reflect.NativeMethodAccessorImpl.invoke0(Native Method)
	at java.base/jdk.internal.reflect.NativeMethodAccessorImpl.invoke(NativeMethodAccessorImpl.java:77)
	at java.base/jdk.internal.reflect.DelegatingMethodAccessorImpl.invoke(DelegatingMethodAccessorImpl.java:43)
Caused by: com.kms.katalon.core.webui.exception.WebElementNotFoundException: Web element with id: 'Object Repository/Выполнение бизнес-плана/Значения со страницы Выполнение бизнес-плана/Table Data/План Потери за отчётный период 2' located by '(.//*[normalize-space(text()) and normalize-space(.)='Показатели баланса электроэнергии по ДЗО – План'])[2]/following::td[36]' not found
	at com.kms.katalon.core.webui.common.WebUiCommonHelper.findWebElement(WebUiCommonHelper.java:1426)
	at com.kms.katalon.core.webui.keyword.internal.WebUIAbstractKeyword.findWebElement(WebUIAbstractKeyword.groovy:27)
	at com.kms.katalon.core.webui.keyword.internal.WebUIAbstractKeyword.findWebElement(WebUIAbstractKeyword.groovy:26)
	at com.kms.katalon.core.webui.keyword.builtin.GetTextKeyword$_getText_closure1.doCall(GetTextKeyword.groovy:78)
	at com.kms.katalon.core.webui.keyword.builtin.GetTextKeyword$_getText_closure1.call(GetTextKeyword.groovy)
	at com.kms.katalon.core.webui.keyword.internal.WebUIKeywordMain.runKeyword(WebUIKeywordMain.groovy:20)
	at com.kms.katalon.core.webui.keyword.builtin.GetTextKeyword.getText(GetTextKeyword.groovy:88)
	at com.kms.katalon.core.webui.keyword.builtin.GetTextKeyword.execute(GetTextKeyword.groovy:67)
	at com.kms.katalon.core.keyword.internal.KeywordExecutor.executeKeywordForPlatform(KeywordExecutor.groovy:74)
	at com.kms.katalon.core.webui.keyword.WebUiBuiltInKeywords.getText(WebUiBuiltInKeywords.groovy:957)
	at Script1718980020443.Numbers(Script1718980020443.groovy:594)
	at Script1718980020443.run(Script1718980020443.groovy:231)
	... 15 more
)

17-03-2025T06:53:13 - [MESSAGE][INFO] - Unable to find the element located by 'By.xpath: (.//*[normalize-space(text()) and normalize-space(.)='Показатели баланса электроэнергии по ДЗО – План'])[2]/following::td[36]'. Please recheck the objects properties to make sure the desired element is located. 

17-03-2025T06:53:13 - [MESSAGE][FAILED] - Unable to get text of object 'Object Repository/Выполнение бизнес-плана/Значения со страницы Выполнение бизнес-плана/Table Data/План Потери за отчётный период 2' (Root cause: com.kms.katalon.core.exception.StepFailedException: Unable to get text of object 'Object Repository/Выполнение бизнес-плана/Значения со страницы Выполнение бизнес-плана/Table Data/План Потери за отчётный период 2'
	at com.kms.katalon.core.webui.keyword.internal.WebUIKeywordMain.stepFailed(WebUIKeywordMain.groovy:64)
	at com.kms.katalon.core.webui.keyword.internal.WebUIKeywordMain.runKeyword(WebUIKeywordMain.groovy:26)
	at com.kms.katalon.core.webui.keyword.builtin.GetTextKeyword.getText(GetTextKeyword.groovy:88)
	at com.kms.katalon.core.webui.keyword.builtin.GetTextKeyword.execute(GetTextKeyword.groovy:67)
	at com.kms.katalon.core.keyword.internal.KeywordExecutor.executeKeywordForPlatform(KeywordExecutor.groovy:74)
	at com.kms.katalon.core.webui.keyword.WebUiBuiltInKeywords.getText(WebUiBuiltInKeywords.groovy:957)
	at Выполнение бизнес-плана Сверка ПАО Россети все филиалы.Numbers(Выполнение бизнес-плана Сверка ПАО Россети все филиалы:594)
	at Выполнение бизнес-плана Сверка ПАО Россети все филиалы.run(Выполнение бизнес-плана Сверка ПАО Россети все филиалы:231)
	at com.kms.katalon.core.main.ScriptEngine.run(ScriptEngine.java:194)
	at com.kms.katalon.core.main.ScriptEngine.runScriptAsRawText(ScriptEngine.java:119)
	at com.kms.katalon.core.main.TestCaseExecutor.runScript(TestCaseExecutor.java:448)
	at com.kms.katalon.core.main.TestCaseExecutor.doExecute(TestCaseExecutor.java:439)
	at com.kms.katalon.core.main.TestCaseExecutor.processExecutionPhase(TestCaseExecutor.java:418)
	at com.kms.katalon.core.main.TestCaseExecutor.accessMainPhase(TestCaseExecutor.java:410)
	at com.kms.katalon.core.main.TestCaseExecutor.execute(TestCaseExecutor.java:285)
	at com.kms.katalon.core.common.CommonExecutor.accessTestCaseMainPhase(CommonExecutor.java:65)
	at com.kms.katalon.core.main.TestSuiteExecutor.accessTestSuiteMainPhase(TestSuiteExecutor.java:150)
	at com.kms.katalon.core.main.TestSuiteExecutor.execute(TestSuiteExecutor.java:106)
	at com.kms.katalon.core.main.TestCaseMain.startTestSuite(TestCaseMain.java:180)
	at TempTestSuite1742171011514.run(TempTestSuite1742171011514.groovy:35)
	at java.base/jdk.internal.reflect.NativeMethodAccessorImpl.invoke0(Native Method)
	at java.base/jdk.internal.reflect.NativeMethodAccessorImpl.invoke(NativeMethodAccessorImpl.java:77)
	at java.base/jdk.internal.reflect.DelegatingMethodAccessorImpl.invoke(DelegatingMethodAccessorImpl.java:43)
Caused by: com.kms.katalon.core.webui.exception.WebElementNotFoundException: Web element with id: 'Object Repository/Выполнение бизнес-плана/Значения со страницы Выполнение бизнес-плана/Table Data/План Потери за отчётный период 2' located by '(.//*[normalize-space(text()) and normalize-space(.)='Показатели баланса электроэнергии по ДЗО – План'])[2]/following::td[36]' not found
	at com.kms.katalon.core.webui.common.WebUiCommonHelper.findWebElement(WebUiCommonHelper.java:1426)
	at com.kms.katalon.core.webui.keyword.internal.WebUIAbstractKeyword.findWebElement(WebUIAbstractKeyword.groovy:27)
	at com.kms.katalon.core.webui.keyword.internal.WebUIAbstractKeyword.findWebElement(WebUIAbstractKeyword.groovy:26)
	at com.kms.katalon.core.webui.keyword.builtin.GetTextKeyword$_getText_closure1.doCall(GetTextKeyword.groovy:78)
	at com.kms.katalon.core.webui.keyword.builtin.GetTextKeyword$_getText_closure1.call(GetTextKeyword.groovy)
	at com.kms.katalon.core.webui.keyword.internal.WebUIKeywordMain.runKeyword(WebUIKeywordMain.groovy:20)
	at com.kms.katalon.core.webui.keyword.builtin.GetTextKeyword.getText(GetTextKeyword.groovy:88)
	at com.kms.katalon.core.webui.keyword.builtin.GetTextKeyword.execute(GetTextKeyword.groovy:67)
	at com.kms.katalon.core.keyword.internal.KeywordExecutor.executeKeywordForPlatform(KeywordExecutor.groovy:74)
	at com.kms.katalon.core.webui.keyword.WebUiBuiltInKeywords.getText(WebUiBuiltInKeywords.groovy:957)
	at Script1718980020443.Numbers(Script1718980020443.groovy:594)
	at Script1718980020443.run(Script1718980020443.groovy:231)
	... 15 more
)
[[ATTACHMENT|C:\\Users\\LIAZGINA-DI\\git\\SPORU\\Reports\\20250317_032331\\\u041F\u043D-\u0421\u0440-\u041F\u0442\\\u0421\u0432\u0435\u0440\u043A\u0430 \u0434\u0430\u0448\u0431\u043E\u0440\u0434\u043E\u0432 \u0438\u0437 \u0440\u0430\u0437\u043D\u044B\u0445 \u0431\u043B\u043E\u043A\u043E\u0432\\20250317_032331\\1742183593812.png]]

17-03-2025T06:53:13 - [TEST_STEP][PASSED] - if (page == "" || page == null): null

17-03-2025T06:53:13 - [TEST_STEP][PASSED] - fileInt = poteri.toInteger(): null

17-03-2025T06:53:13 - [TEST_STEP][PASSED] - Script1718980020443.WriteToExcelNoData(a, typeOfData, todaysDate, fileInt, fileDouble, dZO): null

17-03-2025T06:53:13 - [TEST_STEP][PASSED] - sheetName = "Sheet1": null

17-03-2025T06:53:13 - [TEST_STEP][PASSED] - data = findTestData("PlanFact"): null

17-03-2025T06:53:13 - [TEST_STEP][PASSED] - n = data.getRowNumbers() + 1: null

17-03-2025T06:53:13 - [TEST_STEP][PASSED] - day = ")).toInteger(): null

17-03-2025T06:53:13 - [TEST_STEP][PASSED] - println(day): null

17-03-2025T06:53:13 - [TEST_STEP][PASSED] - month = ")).toInteger(): null

17-03-2025T06:53:13 - [TEST_STEP][PASSED] - println(month): null

17-03-2025T06:53:13 - [TEST_STEP][PASSED] - y = <not implemented yet for class: org.codehaus.groovy.ast.expr.EmptyExpression>: null

17-03-2025T06:53:13 - [TEST_STEP][PASSED] - iy = <not implemented yet for class: org.codehaus.groovy.ast.expr.EmptyExpression>: null

17-03-2025T06:53:13 - [TEST_STEP][PASSED] - m = getText(findTestObject("Выполнение бизнес-плана/Период")): Text of object 'Object Repository/Выполнение бизнес-плана/Период' is: 'Январь 2025 года'

17-03-2025T06:53:14 - [MESSAGE][PASSED] - Text of object 'Object Repository/Выполнение бизнес-плана/Период' is: 'Январь 2025 года'

17-03-2025T06:53:14 - [TEST_STEP][PASSED] - iy = m.indexOf("20"): null

17-03-2025T06:53:14 - [TEST_STEP][PASSED] - if (iy > -1): null

17-03-2025T06:53:14 - [TEST_STEP][PASSED] - y = substring(iy, iy + 4).toInteger(): null

17-03-2025T06:53:14 - [TEST_STEP][PASSED] - println(y): null

17-03-2025T06:53:14 - [TEST_STEP][PASSED] - if (toString().length() == 4): null

17-03-2025T06:53:14 - [TEST_STEP][PASSED] - m = m.substring(0, m.indexOf(y.toString())): null

17-03-2025T06:53:14 - [TEST_STEP][PASSED] - m = m.trim(): null

17-03-2025T06:53:14 - [TEST_STEP][PASSED] - if (m == ""): null

17-03-2025T06:53:14 - [TEST_STEP][PASSED] - dashboardName = "Выполнение бизнес-плана": null

17-03-2025T06:53:14 - [TEST_STEP][PASSED] - workbook01 = getWorkbook(excelFilePath): null

17-03-2025T06:53:14 - [TEST_STEP][PASSED] - sheet01 = getExcelSheet(workbook01, sheetName): null

17-03-2025T06:53:14 - [TEST_STEP][PASSED] - setValueToCellByIndex(sheet01, n, 0, dashboardName): null

17-03-2025T06:53:14 - [TEST_STEP][PASSED] - setValueToCellByIndex(sheet01, n, 1, dZO): null

17-03-2025T06:53:14 - [TEST_STEP][PASSED] - setValueToCellByIndex(sheet01, n, 2, typeOfData): null

17-03-2025T06:53:14 - [TEST_STEP][PASSED] - if (typeOfData == "Факт в процентах" || typeOfData == "План в процентах"): null

17-03-2025T06:53:14 - [TEST_STEP][PASSED] - else: null

17-03-2025T06:53:14 - [TEST_STEP][PASSED] - setValueToCellByIndex(sheet01, n, 3, fileInt): null

17-03-2025T06:53:14 - [TEST_STEP][PASSED] - setValueToCellByIndex(sheet01, n, 4, "нет данных"): null

17-03-2025T06:53:14 - [TEST_STEP][PASSED] - setValueToCellByIndex(sheet01, n, 5, m): null

17-03-2025T06:53:14 - [TEST_STEP][PASSED] - setValueToCellByIndex(sheet01, n, 6, y): null

17-03-2025T06:53:14 - [TEST_STEP][PASSED] - setValueToCellByIndex(sheet01, n, 7, todaysDate): null

17-03-2025T06:53:14 - [TEST_STEP][PASSED] - n = n + 1: null

17-03-2025T06:53:14 - [TEST_STEP][PASSED] - saveWorkbook(excelFilePath, workbook01): null

17-03-2025T06:53:14 - [TEST_STEP][PASSED] - compare = pageOtpuskVSet: null

17-03-2025T06:53:14 - [TEST_STEP][PASSED] - if (pageOtpuskVSet != null): null

17-03-2025T06:53:14 - [TEST_STEP][PASSED] - if (compare == fileOtpuskVSet): null

17-03-2025T06:53:14 - [TEST_STEP][PASSED] - else if (compare > fileOtpuskVSet): null

17-03-2025T06:53:14 - [TEST_STEP][PASSED] - compare = compare - 1: null

17-03-2025T06:53:14 - [TEST_STEP][PASSED] - if (compare == fileOtpuskVSet): null

17-03-2025T06:53:14 - [TEST_STEP][PASSED] - else: null

17-03-2025T06:53:14 - [TEST_STEP][PASSED] - numberOfErrors = numberOfErrors + 1: null

17-03-2025T06:53:14 - [TEST_STEP][PASSED] - pageInt = pageOtpuskVSet: null

17-03-2025T06:53:14 - [TEST_STEP][PASSED] - fileInt = fileOtpuskVSet: null

17-03-2025T06:53:14 - [TEST_STEP][PASSED] - typeOfData = typeOfDataMain + " Отпуск в сеть": null

17-03-2025T06:53:14 - [TEST_STEP][PASSED] - Script1718980020443.WriteToExcel(a, typeOfData, todaysDate, pageInt, fileInt, pageDouble, fileDouble, dZO): null

17-03-2025T06:53:14 - [TEST_STEP][PASSED] - sheetName = "Sheet1": null

17-03-2025T06:53:14 - [TEST_STEP][PASSED] - data = findTestData("PlanFact"): null

17-03-2025T06:53:14 - [TEST_STEP][PASSED] - n = data.getRowNumbers() + 1: null

17-03-2025T06:53:14 - [TEST_STEP][PASSED] - day = ")).toInteger(): null

17-03-2025T06:53:14 - [TEST_STEP][PASSED] - println(day): null

17-03-2025T06:53:14 - [TEST_STEP][PASSED] - month = ")).toInteger(): null

17-03-2025T06:53:14 - [TEST_STEP][PASSED] - println(month): null

17-03-2025T06:53:14 - [TEST_STEP][PASSED] - y = <not implemented yet for class: org.codehaus.groovy.ast.expr.EmptyExpression>: null

17-03-2025T06:53:14 - [TEST_STEP][PASSED] - iy = <not implemented yet for class: org.codehaus.groovy.ast.expr.EmptyExpression>: null

17-03-2025T06:53:14 - [TEST_STEP][PASSED] - m = getText(findTestObject("Выполнение бизнес-плана/Период")): Text of object 'Object Repository/Выполнение бизнес-плана/Период' is: 'Январь 2025 года'

17-03-2025T06:53:14 - [MESSAGE][PASSED] - Text of object 'Object Repository/Выполнение бизнес-плана/Период' is: 'Январь 2025 года'

17-03-2025T06:53:14 - [TEST_STEP][PASSED] - iy = m.indexOf("20"): null

17-03-2025T06:53:14 - [TEST_STEP][PASSED] - if (iy > -1): null

17-03-2025T06:53:14 - [TEST_STEP][PASSED] - y = substring(iy, iy + 4).toInteger(): null

17-03-2025T06:53:14 - [TEST_STEP][PASSED] - println(y): null

17-03-2025T06:53:14 - [TEST_STEP][PASSED] - if (toString().length() == 4): null

17-03-2025T06:53:14 - [TEST_STEP][PASSED] - m = m.substring(0, m.indexOf(y.toString())): null

17-03-2025T06:53:14 - [TEST_STEP][PASSED] - m = m.trim(): null

17-03-2025T06:53:14 - [TEST_STEP][PASSED] - if (m == ""): null

17-03-2025T06:53:14 - [TEST_STEP][PASSED] - dashboardName = "Выполнение бизнес-плана": null

17-03-2025T06:53:14 - [TEST_STEP][PASSED] - workbook01 = getWorkbook(excelFilePath): null

17-03-2025T06:53:14 - [TEST_STEP][PASSED] - sheet01 = getExcelSheet(workbook01, sheetName): null

17-03-2025T06:53:14 - [TEST_STEP][PASSED] - setValueToCellByIndex(sheet01, n, 0, dashboardName): null

17-03-2025T06:53:14 - [TEST_STEP][PASSED] - setValueToCellByIndex(sheet01, n, 1, dZO): null

17-03-2025T06:53:14 - [TEST_STEP][PASSED] - setValueToCellByIndex(sheet01, n, 2, typeOfData): null

17-03-2025T06:53:14 - [TEST_STEP][PASSED] - if (typeOfData == "Факт в процентах" || typeOfData == "План в процентах"): null

17-03-2025T06:53:14 - [TEST_STEP][PASSED] - else: null

17-03-2025T06:53:14 - [TEST_STEP][PASSED] - setValueToCellByIndex(sheet01, n, 3, fileInt): null

17-03-2025T06:53:14 - [TEST_STEP][PASSED] - setValueToCellByIndex(sheet01, n, 4, pageInt): null

17-03-2025T06:53:14 - [TEST_STEP][PASSED] - setValueToCellByIndex(sheet01, n, 5, m): null

17-03-2025T06:53:14 - [TEST_STEP][PASSED] - setValueToCellByIndex(sheet01, n, 6, y): null

17-03-2025T06:53:14 - [TEST_STEP][PASSED] - setValueToCellByIndex(sheet01, n, 7, todaysDate): null

17-03-2025T06:53:14 - [TEST_STEP][PASSED] - n = n + 1: null

17-03-2025T06:53:14 - [TEST_STEP][PASSED] - saveWorkbook(excelFilePath, workbook01): null

17-03-2025T06:53:15 - [TEST_STEP][PASSED] - compare = pagePoteri: null

17-03-2025T06:53:15 - [TEST_STEP][PASSED] - if (pageOtpuskVSet != null): null

17-03-2025T06:53:15 - [TEST_STEP][PASSED] - if (compare == filePoteri): null

17-03-2025T06:53:15 - [TEST_STEP][PASSED] - else if (compare > filePoteri): null

17-03-2025T06:53:15 - [TEST_STEP][PASSED] - compare = compare - 1: null

17-03-2025T06:53:15 - [TEST_STEP][PASSED] - if (compare == filePoteri): null

17-03-2025T06:53:15 - [TEST_STEP][PASSED] - else: null

17-03-2025T06:53:15 - [TEST_STEP][PASSED] - numberOfErrors = numberOfErrors + 1: null

17-03-2025T06:53:15 - [TEST_STEP][PASSED] - pageInt = pagePoteri: null

17-03-2025T06:53:15 - [TEST_STEP][PASSED] - fileInt = filePoteri: null

17-03-2025T06:53:15 - [TEST_STEP][PASSED] - typeOfData = typeOfDataMain + " Потери": null

17-03-2025T06:53:15 - [TEST_STEP][PASSED] - Script1718980020443.WriteToExcel(a, typeOfData, todaysDate, pageInt, fileInt, pageDouble, fileDouble, dZO): null

17-03-2025T06:53:15 - [TEST_STEP][PASSED] - sheetName = "Sheet1": null

17-03-2025T06:53:15 - [TEST_STEP][PASSED] - data = findTestData("PlanFact"): null

17-03-2025T06:53:15 - [TEST_STEP][PASSED] - n = data.getRowNumbers() + 1: null

17-03-2025T06:53:15 - [TEST_STEP][PASSED] - day = ")).toInteger(): null

17-03-2025T06:53:15 - [TEST_STEP][PASSED] - println(day): null

17-03-2025T06:53:15 - [TEST_STEP][PASSED] - month = ")).toInteger(): null

17-03-2025T06:53:15 - [TEST_STEP][PASSED] - println(month): null

17-03-2025T06:53:15 - [TEST_STEP][PASSED] - y = <not implemented yet for class: org.codehaus.groovy.ast.expr.EmptyExpression>: null

17-03-2025T06:53:15 - [TEST_STEP][PASSED] - iy = <not implemented yet for class: org.codehaus.groovy.ast.expr.EmptyExpression>: null

17-03-2025T06:53:15 - [TEST_STEP][PASSED] - m = getText(findTestObject("Выполнение бизнес-плана/Период")): Text of object 'Object Repository/Выполнение бизнес-плана/Период' is: 'Январь 2025 года'

17-03-2025T06:53:15 - [MESSAGE][PASSED] - Text of object 'Object Repository/Выполнение бизнес-плана/Период' is: 'Январь 2025 года'

17-03-2025T06:53:15 - [TEST_STEP][PASSED] - iy = m.indexOf("20"): null

17-03-2025T06:53:15 - [TEST_STEP][PASSED] - if (iy > -1): null

17-03-2025T06:53:15 - [TEST_STEP][PASSED] - y = substring(iy, iy + 4).toInteger(): null

17-03-2025T06:53:15 - [TEST_STEP][PASSED] - println(y): null

17-03-2025T06:53:15 - [TEST_STEP][PASSED] - if (toString().length() == 4): null

17-03-2025T06:53:15 - [TEST_STEP][PASSED] - m = m.substring(0, m.indexOf(y.toString())): null

17-03-2025T06:53:15 - [TEST_STEP][PASSED] - m = m.trim(): null

17-03-2025T06:53:15 - [TEST_STEP][PASSED] - if (m == ""): null

17-03-2025T06:53:15 - [TEST_STEP][PASSED] - dashboardName = "Выполнение бизнес-плана": null

17-03-2025T06:53:15 - [TEST_STEP][PASSED] - workbook01 = getWorkbook(excelFilePath): null

17-03-2025T06:53:15 - [TEST_STEP][PASSED] - sheet01 = getExcelSheet(workbook01, sheetName): null

17-03-2025T06:53:15 - [TEST_STEP][PASSED] - setValueToCellByIndex(sheet01, n, 0, dashboardName): null

17-03-2025T06:53:15 - [TEST_STEP][PASSED] - setValueToCellByIndex(sheet01, n, 1, dZO): null

17-03-2025T06:53:15 - [TEST_STEP][PASSED] - setValueToCellByIndex(sheet01, n, 2, typeOfData): null

17-03-2025T06:53:15 - [TEST_STEP][PASSED] - if (typeOfData == "Факт в процентах" || typeOfData == "План в процентах"): null

17-03-2025T06:53:15 - [TEST_STEP][PASSED] - else: null

17-03-2025T06:53:15 - [TEST_STEP][PASSED] - setValueToCellByIndex(sheet01, n, 3, fileInt): null

17-03-2025T06:53:15 - [TEST_STEP][PASSED] - setValueToCellByIndex(sheet01, n, 4, pageInt): null

17-03-2025T06:53:15 - [TEST_STEP][PASSED] - setValueToCellByIndex(sheet01, n, 5, m): null

17-03-2025T06:53:15 - [TEST_STEP][PASSED] - setValueToCellByIndex(sheet01, n, 6, y): null

17-03-2025T06:53:15 - [TEST_STEP][PASSED] - setValueToCellByIndex(sheet01, n, 7, todaysDate): null

17-03-2025T06:53:15 - [TEST_STEP][PASSED] - n = n + 1: null

17-03-2025T06:53:15 - [TEST_STEP][PASSED] - saveWorkbook(excelFilePath, workbook01): Object: 'Object Repository/Выполнение бизнес-плана/Кнопка Факт' is clicked on

17-03-2025T06:53:15 - [TEST_STEP][PASSED] - if (planFact == 2): Object: 'Object Repository/Выполнение бизнес-плана/Кнопка Факт' is clicked on

17-03-2025T06:53:15 - [TEST_STEP][PASSED] - click(findTestObject("Выполнение бизнес-плана/Кнопка Факт")): Object: 'Object Repository/Выполнение бизнес-плана/Кнопка Факт' is clicked on

17-03-2025T06:53:16 - [MESSAGE][PASSED] - Object: 'Object Repository/Выполнение бизнес-плана/Кнопка Факт' is clicked on

17-03-2025T06:53:16 - [TEST_STEP][PASSED] - println("a=" + a): null

17-03-2025T06:53:16 - [TEST_STEP][PASSED] - if (a == 84 || a == 82): null

17-03-2025T06:53:16 - [TEST_STEP][PASSED] - else if (a == 83 || a == 52 || a == 72 || a == 28 || a == 73 || a == 77 || a == 74 || a == 65 || a == 36 || a == 44 || a == 53 || a == 80 || a == 54 || a == 1 || a == 18 || a == 59 || a == 81): null

17-03-2025T06:53:16 - [TEST_STEP][PASSED] - page1 = getText(findTestObject("Object Repository/Выполнение бизнес-плана/spanPlan" + dzoNum)): Text of object 'Object Repository/Выполнение бизнес-плана/spanPlan2' is: '6.39
|'

17-03-2025T06:53:16 - [MESSAGE][PASSED] - Text of object 'Object Repository/Выполнение бизнес-плана/spanPlan2' is: '6.39
|'

17-03-2025T06:53:16 - [TEST_STEP][PASSED] - page1 = page1.replace("|", ""): null

17-03-2025T06:53:16 - [TEST_STEP][PASSED] - page2 = getText(findTestObject("Object Repository/Выполнение бизнес-плана/spanFact" + dzoNum)): Text of object 'Object Repository/Выполнение бизнес-плана/spanFact2' is: '5.47'

17-03-2025T06:53:16 - [MESSAGE][PASSED] - Text of object 'Object Repository/Выполнение бизнес-плана/spanFact2' is: '5.47'

17-03-2025T06:53:16 - [TEST_STEP][PASSED] - page2 = page2.replace("|", ""): null

17-03-2025T06:53:16 - [TEST_STEP][PASSED] - println("page1: " + page1): null

17-03-2025T06:53:16 - [TEST_STEP][PASSED] - println("page2: " + page2): null

17-03-2025T06:53:16 - [TEST_STEP][PASSED] - file = findTestData("PlanFact").getValue(4, a): null

17-03-2025T06:53:16 - [TEST_STEP][PASSED] - file = file.replace(",", "."): null

17-03-2025T06:53:16 - [TEST_STEP][PASSED] - println("file Plan: " + file): null

17-03-2025T06:53:16 - [TEST_STEP][PASSED] - typeOfData = "План в процентах": null

17-03-2025T06:53:16 - [TEST_STEP][PASSED] - fileDouble = file.toDouble(): null

17-03-2025T06:53:16 - [TEST_STEP][PASSED] - pageDouble = page1.toDouble(): null

17-03-2025T06:53:16 - [TEST_STEP][PASSED] - if (fileDouble != pageDouble): null

17-03-2025T06:53:16 - [TEST_STEP][PASSED] - numberOfErrors = numberOfErrors + 1: null

17-03-2025T06:53:16 - [TEST_STEP][PASSED] - Script1718980020443.WriteToExcel(a, typeOfData, todaysDate, pageInt, fileInt, pageDouble, fileDouble, dZO): null

17-03-2025T06:53:16 - [TEST_STEP][PASSED] - sheetName = "Sheet1": null

17-03-2025T06:53:16 - [TEST_STEP][PASSED] - data = findTestData("PlanFact"): null

17-03-2025T06:53:16 - [TEST_STEP][PASSED] - n = data.getRowNumbers() + 1: null

17-03-2025T06:53:16 - [TEST_STEP][PASSED] - day = ")).toInteger(): null

17-03-2025T06:53:16 - [TEST_STEP][PASSED] - println(day): null

17-03-2025T06:53:16 - [TEST_STEP][PASSED] - month = ")).toInteger(): null

17-03-2025T06:53:16 - [TEST_STEP][PASSED] - println(month): null

17-03-2025T06:53:16 - [TEST_STEP][PASSED] - y = <not implemented yet for class: org.codehaus.groovy.ast.expr.EmptyExpression>: null

17-03-2025T06:53:16 - [TEST_STEP][PASSED] - iy = <not implemented yet for class: org.codehaus.groovy.ast.expr.EmptyExpression>: null

17-03-2025T06:53:16 - [TEST_STEP][PASSED] - m = getText(findTestObject("Выполнение бизнес-плана/Период")): Text of object 'Object Repository/Выполнение бизнес-плана/Период' is: 'Январь 2025 года'

17-03-2025T06:53:17 - [MESSAGE][PASSED] - Text of object 'Object Repository/Выполнение бизнес-плана/Период' is: 'Январь 2025 года'

17-03-2025T06:53:17 - [TEST_STEP][PASSED] - iy = m.indexOf("20"): null

17-03-2025T06:53:17 - [TEST_STEP][PASSED] - if (iy > -1): null

17-03-2025T06:53:17 - [TEST_STEP][PASSED] - y = substring(iy, iy + 4).toInteger(): null

17-03-2025T06:53:17 - [TEST_STEP][PASSED] - println(y): null

17-03-2025T06:53:17 - [TEST_STEP][PASSED] - if (toString().length() == 4): null

17-03-2025T06:53:17 - [TEST_STEP][PASSED] - m = m.substring(0, m.indexOf(y.toString())): null

17-03-2025T06:53:17 - [TEST_STEP][PASSED] - m = m.trim(): null

17-03-2025T06:53:17 - [TEST_STEP][PASSED] - if (m == ""): null

17-03-2025T06:53:17 - [TEST_STEP][PASSED] - dashboardName = "Выполнение бизнес-плана": null

17-03-2025T06:53:17 - [TEST_STEP][PASSED] - workbook01 = getWorkbook(excelFilePath): null

17-03-2025T06:53:17 - [TEST_STEP][PASSED] - sheet01 = getExcelSheet(workbook01, sheetName): null

17-03-2025T06:53:17 - [TEST_STEP][PASSED] - setValueToCellByIndex(sheet01, n, 0, dashboardName): null

17-03-2025T06:53:17 - [TEST_STEP][PASSED] - setValueToCellByIndex(sheet01, n, 1, dZO): null

17-03-2025T06:53:17 - [TEST_STEP][PASSED] - setValueToCellByIndex(sheet01, n, 2, typeOfData): null

17-03-2025T06:53:17 - [TEST_STEP][PASSED] - if (typeOfData == "Факт в процентах" || typeOfData == "План в процентах"): null

17-03-2025T06:53:17 - [TEST_STEP][PASSED] - setValueToCellByIndex(sheet01, n, 3, fileDouble): null

17-03-2025T06:53:17 - [TEST_STEP][PASSED] - setValueToCellByIndex(sheet01, n, 4, pageDouble): null

17-03-2025T06:53:17 - [TEST_STEP][PASSED] - setValueToCellByIndex(sheet01, n, 5, m): null

17-03-2025T06:53:17 - [TEST_STEP][PASSED] - setValueToCellByIndex(sheet01, n, 6, y): null

17-03-2025T06:53:17 - [TEST_STEP][PASSED] - setValueToCellByIndex(sheet01, n, 7, todaysDate): null

17-03-2025T06:53:17 - [TEST_STEP][PASSED] - n = n + 1: null

17-03-2025T06:53:17 - [TEST_STEP][PASSED] - saveWorkbook(excelFilePath, workbook01): null

17-03-2025T06:53:17 - [TEST_STEP][PASSED] - file = findTestData("PlanFact").getValue(7, a): null

17-03-2025T06:53:17 - [TEST_STEP][PASSED] - file = file.replace(",", "."): null

17-03-2025T06:53:17 - [TEST_STEP][PASSED] - println("file Fact: " + file): null

17-03-2025T06:53:17 - [TEST_STEP][PASSED] - fileDouble = file.toDouble(): null

17-03-2025T06:53:17 - [TEST_STEP][PASSED] - typeOfData = "Факт в процентах": null

17-03-2025T06:53:17 - [TEST_STEP][PASSED] - fileDouble = file.toDouble(): null

17-03-2025T06:53:17 - [TEST_STEP][PASSED] - pageDouble = page2.toDouble(): null

17-03-2025T06:53:17 - [TEST_STEP][PASSED] - if (fileDouble != pageDouble): null

17-03-2025T06:53:17 - [TEST_STEP][PASSED] - numberOfErrors = numberOfErrors + 1: null

17-03-2025T06:53:17 - [TEST_STEP][PASSED] - Script1718980020443.WriteToExcel(a, typeOfData, todaysDate, pageInt, fileInt, pageDouble, fileDouble, dZO): null

17-03-2025T06:53:17 - [TEST_STEP][PASSED] - sheetName = "Sheet1": null

17-03-2025T06:53:17 - [TEST_STEP][PASSED] - data = findTestData("PlanFact"): null

17-03-2025T06:53:17 - [TEST_STEP][PASSED] - n = data.getRowNumbers() + 1: null

17-03-2025T06:53:17 - [TEST_STEP][PASSED] - day = ")).toInteger(): null

17-03-2025T06:53:17 - [TEST_STEP][PASSED] - println(day): null

17-03-2025T06:53:17 - [TEST_STEP][PASSED] - month = ")).toInteger(): null

17-03-2025T06:53:17 - [TEST_STEP][PASSED] - println(month): null

17-03-2025T06:53:17 - [TEST_STEP][PASSED] - y = <not implemented yet for class: org.codehaus.groovy.ast.expr.EmptyExpression>: null

17-03-2025T06:53:17 - [TEST_STEP][PASSED] - iy = <not implemented yet for class: org.codehaus.groovy.ast.expr.EmptyExpression>: null

17-03-2025T06:53:17 - [TEST_STEP][PASSED] - m = getText(findTestObject("Выполнение бизнес-плана/Период")): Text of object 'Object Repository/Выполнение бизнес-плана/Период' is: 'Январь 2025 года'

17-03-2025T06:53:17 - [MESSAGE][PASSED] - Text of object 'Object Repository/Выполнение бизнес-плана/Период' is: 'Январь 2025 года'

17-03-2025T06:53:17 - [TEST_STEP][PASSED] - iy = m.indexOf("20"): null

17-03-2025T06:53:17 - [TEST_STEP][PASSED] - if (iy > -1): null

17-03-2025T06:53:17 - [TEST_STEP][PASSED] - y = substring(iy, iy + 4).toInteger(): null

17-03-2025T06:53:17 - [TEST_STEP][PASSED] - println(y): null

17-03-2025T06:53:17 - [TEST_STEP][PASSED] - if (toString().length() == 4): null

17-03-2025T06:53:17 - [TEST_STEP][PASSED] - m = m.substring(0, m.indexOf(y.toString())): null

17-03-2025T06:53:17 - [TEST_STEP][PASSED] - m = m.trim(): null

17-03-2025T06:53:17 - [TEST_STEP][PASSED] - if (m == ""): null

17-03-2025T06:53:17 - [TEST_STEP][PASSED] - dashboardName = "Выполнение бизнес-плана": null

17-03-2025T06:53:17 - [TEST_STEP][PASSED] - workbook01 = getWorkbook(excelFilePath): null

17-03-2025T06:53:17 - [TEST_STEP][PASSED] - sheet01 = getExcelSheet(workbook01, sheetName): null

17-03-2025T06:53:17 - [TEST_STEP][PASSED] - setValueToCellByIndex(sheet01, n, 0, dashboardName): null

17-03-2025T06:53:17 - [TEST_STEP][PASSED] - setValueToCellByIndex(sheet01, n, 1, dZO): null

17-03-2025T06:53:17 - [TEST_STEP][PASSED] - setValueToCellByIndex(sheet01, n, 2, typeOfData): null

17-03-2025T06:53:17 - [TEST_STEP][PASSED] - if (typeOfData == "Факт в процентах" || typeOfData == "План в процентах"): null

17-03-2025T06:53:17 - [TEST_STEP][PASSED] - setValueToCellByIndex(sheet01, n, 3, fileDouble): null

17-03-2025T06:53:17 - [TEST_STEP][PASSED] - setValueToCellByIndex(sheet01, n, 4, pageDouble): null

17-03-2025T06:53:17 - [TEST_STEP][PASSED] - setValueToCellByIndex(sheet01, n, 5, m): null

17-03-2025T06:53:17 - [TEST_STEP][PASSED] - setValueToCellByIndex(sheet01, n, 6, y): null

17-03-2025T06:53:17 - [TEST_STEP][PASSED] - setValueToCellByIndex(sheet01, n, 7, todaysDate): null

17-03-2025T06:53:17 - [TEST_STEP][PASSED] - n = n + 1: null

17-03-2025T06:53:17 - [TEST_STEP][PASSED] - saveWorkbook(excelFilePath, workbook01): null

17-03-2025T06:53:18 - [TEST_STEP][FAILED] - if (verifyEqual(numberOfErrors, 0) == false): null

17-03-2025T06:53:18 - [MESSAGE][FAILED] - Unable to verify equal between actual object '6' and expected object '0' (Root cause: com.kms.katalon.core.exception.StepFailedException: Actual object '6' and expected object '0' are not equal
	at com.kms.katalon.core.keyword.builtin.VerifyEqualKeyword$_verifyEqual_closure1.doCall(VerifyEqualKeyword.groovy:58)
	at com.kms.katalon.core.keyword.builtin.VerifyEqualKeyword$_verifyEqual_closure1.call(VerifyEqualKeyword.groovy)
	at com.kms.katalon.core.keyword.internal.KeywordMain.runKeyword(KeywordMain.groovy:75)
	at com.kms.katalon.core.keyword.builtin.VerifyEqualKeyword.verifyEqual(VerifyEqualKeyword.groovy:63)
	at com.kms.katalon.core.keyword.builtin.VerifyEqualKeyword.execute(VerifyEqualKeyword.groovy:44)
	at com.kms.katalon.core.keyword.internal.KeywordExecutor.executeKeywordForPlatform(KeywordExecutor.groovy:74)
	at com.kms.katalon.core.keyword.BuiltinKeywords.verifyEqual(BuiltinKeywords.groovy:146)
	at jdk.internal.reflect.GeneratedMethodAccessor23.invoke(Unknown Source)
	at java.base/jdk.internal.reflect.DelegatingMethodAccessorImpl.invoke(DelegatingMethodAccessorImpl.java:43)
	at Выполнение бизнес-плана Сверка ПАО Россети все филиалы.Numbers(Выполнение бизнес-плана Сверка ПАО Россети все филиалы:744)
	at Выполнение бизнес-плана Сверка ПАО Россети все филиалы.run(Выполнение бизнес-плана Сверка ПАО Россети все филиалы:231)
	at com.kms.katalon.core.main.ScriptEngine.run(ScriptEngine.java:194)
	at com.kms.katalon.core.main.ScriptEngine.runScriptAsRawText(ScriptEngine.java:119)
	at com.kms.katalon.core.main.TestCaseExecutor.runScript(TestCaseExecutor.java:448)
	at com.kms.katalon.core.main.TestCaseExecutor.doExecute(TestCaseExecutor.java:439)
	at com.kms.katalon.core.main.TestCaseExecutor.processExecutionPhase(TestCaseExecutor.java:418)
	at com.kms.katalon.core.main.TestCaseExecutor.accessMainPhase(TestCaseExecutor.java:410)
	at com.kms.katalon.core.main.TestCaseExecutor.execute(TestCaseExecutor.java:285)
	at com.kms.katalon.core.common.CommonExecutor.accessTestCaseMainPhase(CommonExecutor.java:65)
	at com.kms.katalon.core.main.TestSuiteExecutor.accessTestSuiteMainPhase(TestSuiteExecutor.java:150)
	at com.kms.katalon.core.main.TestSuiteExecutor.execute(TestSuiteExecutor.java:106)
	at com.kms.katalon.core.main.TestCaseMain.startTestSuite(TestCaseMain.java:180)
	at TempTestSuite1742171011514.run(TempTestSuite1742171011514.groovy:35)
	at java.base/jdk.internal.reflect.NativeMethodAccessorImpl.invoke0(Native Method)
	at java.base/jdk.internal.reflect.NativeMethodAccessorImpl.invoke(NativeMethodAccessorImpl.java:77)
	at java.base/jdk.internal.reflect.DelegatingMethodAccessorImpl.invoke(DelegatingMethodAccessorImpl.java:43)
)

17-03-2025T06:53:18 - [TEST_STEP][PASSED] - println(numberOfErrors): null

17-03-2025T06:53:18 - [TEST_STEP][PASSED] - println("a=" + a): null

17-03-2025T06:53:18 - [TEST_STEP][PASSED] - if (a == 28 || a == 77 || a == 74 || a == 65 || a == 36 || a == 44 || a == 54 || a == 1 || a == 18 || a == 59): null

17-03-2025T06:53:18 - [TEST_STEP][PASSED] - Script1718980020443.Filials(a, typeOfData, todaysDate, pageInt, fileInt, pageDouble, fileDouble, dZO, dzoNum, filialNum): null

17-03-2025T06:53:18 - [TEST_STEP][PASSED] - i = <not implemented yet for class: org.codehaus.groovy.ast.expr.EmptyExpression>: null

17-03-2025T06:53:18 - [TEST_STEP][PASSED] - c = <not implemented yet for class: org.codehaus.groovy.ast.expr.EmptyExpression>: null

17-03-2025T06:53:18 - [TEST_STEP][PASSED] - page = <not implemented yet for class: org.codehaus.groovy.ast.expr.EmptyExpression>: null

17-03-2025T06:53:18 - [TEST_STEP][PASSED] - println(dZO): null

17-03-2025T06:53:18 - [TEST_STEP][PASSED] - reducedDZO = <not implemented yet for class: org.codehaus.groovy.ast.expr.EmptyExpression>: null

17-03-2025T06:53:18 - [TEST_STEP][PASSED] - reducedDZO = dZO.substring(dZO.indexOf(" ") + 1, dZO.length()): null

17-03-2025T06:53:18 - [TEST_STEP][PASSED] - if (reducedDZO.contains(" ")): null

17-03-2025T06:53:18 - [TEST_STEP][PASSED] - println(reducedDZO): null

17-03-2025T06:53:18 - [TEST_STEP][PASSED] - dzoCut = <not implemented yet for class: org.codehaus.groovy.ast.expr.EmptyExpression>: null

17-03-2025T06:53:18 - [TEST_STEP][PASSED] - Script1718980020443.DZO(a): null

17-03-2025T06:53:18 - [TEST_STEP][PASSED] - delay(20): Delayed 20 second(s)

17-03-2025T06:53:38 - [MESSAGE][PASSED] - Delayed 20 second(s)

17-03-2025T06:53:38 - [TEST_STEP][PASSED] - Script1718980020443.OpenFilter(): null

17-03-2025T06:53:38 - [TEST_STEP][PASSED] - click(findTestObject("Object Repository/Выполнение бизнес-плана/Фильтр ДЗО")): Object: 'Object Repository/Выполнение бизнес-плана/Фильтр ДЗО' is clicked on

17-03-2025T06:53:38 - [MESSAGE][PASSED] - Object: 'Object Repository/Выполнение бизнес-плана/Фильтр ДЗО' is clicked on

17-03-2025T06:53:38 - [TEST_STEP][PASSED] - click(findTestObject("Выполнение бизнес-плана/Снять выделение в фильтре ДЗО")): Object: 'Object Repository/Выполнение бизнес-плана/Снять выделение в фильтре ДЗО' is clicked on

17-03-2025T06:53:39 - [MESSAGE][PASSED] - Object: 'Object Repository/Выполнение бизнес-плана/Снять выделение в фильтре ДЗО' is clicked on

17-03-2025T06:53:39 - [TEST_STEP][PASSED] - Script1718980020443.OpenRSK(): null

17-03-2025T06:53:39 - [TEST_STEP][PASSED] - click(findTestObject("Выполнение бизнес-плана/Раскрыть список ПАО Россети в фильтре ДЗО")): Object: 'Object Repository/Выполнение бизнес-плана/Раскрыть список ПАО Россети в фильтре ДЗО' is clicked on

17-03-2025T06:53:39 - [MESSAGE][PASSED] - Object: 'Object Repository/Выполнение бизнес-плана/Раскрыть список ПАО Россети в фильтре ДЗО' is clicked on

17-03-2025T06:53:39 - [TEST_STEP][PASSED] - click(findTestObject("Выполнение бизнес-плана/Раскрыть список РаспредКомплекс в фильтре ДЗО")): Object: 'Object Repository/Выполнение бизнес-плана/Раскрыть список РаспредКомплекс в фильтре ДЗО' is clicked on

17-03-2025T06:53:39 - [MESSAGE][PASSED] - Object: 'Object Repository/Выполнение бизнес-плана/Раскрыть список РаспредКомплекс в фильтре ДЗО' is clicked on

17-03-2025T06:53:39 - [TEST_STEP][PASSED] - if (a == 28): Object: 'Object Repository/Выполнение бизнес-плана/Россети Волга' is clicked on

17-03-2025T06:53:39 - [TEST_STEP][PASSED] - scrollToElement(findTestObject("Общие объекты/Раскрыть список Россети Волга"), 30): Scroll to object 'Object Repository/Общие объекты/Раскрыть список Россети Волга' successfully

17-03-2025T06:53:40 - [MESSAGE][PASSED] - Scroll to object 'Object Repository/Общие объекты/Раскрыть список Россети Волга' successfully

17-03-2025T06:53:40 - [TEST_STEP][PASSED] - click(findTestObject("Выполнение бизнес-плана/Россети Волга")): Object: 'Object Repository/Выполнение бизнес-плана/Россети Волга' is clicked on

17-03-2025T06:53:40 - [MESSAGE][PASSED] - Object: 'Object Repository/Выполнение бизнес-плана/Россети Волга' is clicked on

17-03-2025T06:53:40 - [TEST_STEP][PASSED] - if (a == 77): null

17-03-2025T06:53:40 - [TEST_STEP][PASSED] - if (a == 74): null

17-03-2025T06:53:40 - [TEST_STEP][PASSED] - if (a == 65): null

17-03-2025T06:53:40 - [TEST_STEP][PASSED] - if (a == 36): null

17-03-2025T06:53:40 - [TEST_STEP][PASSED] - if (a == 44): null

17-03-2025T06:53:40 - [TEST_STEP][PASSED] - if (a == 54): null

17-03-2025T06:53:40 - [TEST_STEP][PASSED] - if (a == 1): null

17-03-2025T06:53:40 - [TEST_STEP][PASSED] - if (a == 18): null

17-03-2025T06:53:40 - [TEST_STEP][PASSED] - if (a == 59): null

17-03-2025T06:53:40 - [TEST_STEP][PASSED] - Script1718980020443.CloseFilter(): null

17-03-2025T06:53:40 - [TEST_STEP][PASSED] - scrollToElement(findTestObject("Выполнение бизнес-плана/Заголовок дашборда"), 30): Scroll to object 'Object Repository/Выполнение бизнес-плана/Заголовок дашборда' successfully

17-03-2025T06:53:40 - [MESSAGE][PASSED] - Scroll to object 'Object Repository/Выполнение бизнес-плана/Заголовок дашборда' successfully

17-03-2025T06:53:40 - [TEST_STEP][PASSED] - click(findTestObject("Object Repository/Выполнение бизнес-плана/Применить в фильтре ДЗО")): Object: 'Object Repository/Выполнение бизнес-плана/Применить в фильтре ДЗО' is clicked on

17-03-2025T06:53:41 - [MESSAGE][PASSED] - Object: 'Object Repository/Выполнение бизнес-плана/Применить в фильтре ДЗО' is clicked on

17-03-2025T06:53:41 - [TEST_STEP][PASSED] - delay(20): Delayed 20 second(s)

17-03-2025T06:54:01 - [MESSAGE][PASSED] - Delayed 20 second(s)

17-03-2025T06:54:01 - [TEST_STEP][PASSED] - Script1718980020443.ZakrytOpoveshenie(): null

17-03-2025T06:54:01 - [TEST_STEP][PASSED] - delay(10): Delayed 10 second(s)

17-03-2025T06:54:11 - [MESSAGE][PASSED] - Delayed 10 second(s)

17-03-2025T06:54:11 - [TEST_STEP][PASSED] - opoveshenie = getText(findTestObject("Выполнение бизнес-плана/Просьба обратить внимание")): Text of object 'Object Repository/Выполнение бизнес-плана/Просьба обратить внимание' is: ''

17-03-2025T06:54:12 - [MESSAGE][PASSED] - Text of object 'Object Repository/Выполнение бизнес-плана/Просьба обратить внимание' is: ''

17-03-2025T06:54:12 - [TEST_STEP][PASSED] - println(opoveshenie): null

17-03-2025T06:54:12 - [TEST_STEP][PASSED] - if (opoveshenie == "Просьба обратить внимание"): null

17-03-2025T06:54:12 - [TEST_STEP][PASSED] - page = getText(findTestObject("Object Repository/Выполнение бизнес-плана/Filials")): Text of object 'Object Repository/Выполнение бизнес-плана/Filials' is: 'Пензаэнерго
Самарские РС
Саратовские РС
Ульяновские РС
Чувашэнерго
0
10
20
30
40
50
60
70'

17-03-2025T06:54:12 - [MESSAGE][PASSED] - Text of object 'Object Repository/Выполнение бизнес-плана/Filials' is: 'Пензаэнерго
Самарские РС
Саратовские РС
Ульяновские РС
Чувашэнерго
0
10
20
30
40
50
60
70'

17-03-2025T06:54:12 - [TEST_STEP][PASSED] - println(page): null

17-03-2025T06:54:12 - [TEST_STEP][PASSED] - c = page.indexOf(reducedDZO): null

17-03-2025T06:54:12 - [TEST_STEP][PASSED] - if (c > -1): null

17-03-2025T06:54:12 - [TEST_STEP][PASSED] - x2 = getText(findTestObject("Выполнение бизнес-плана/Список ДЗО старый")): Text of object 'Object Repository/Выполнение бизнес-плана/Список ДЗО старый' is: 'Пензаэнерго
Самарские РС
Саратовские РС
Ульяновские РС
Чувашэнерго
0
10
20
30
40
50
60
70'

17-03-2025T06:54:12 - [MESSAGE][PASSED] - Text of object 'Object Repository/Выполнение бизнес-плана/Список ДЗО старый' is: 'Пензаэнерго
Самарские РС
Саратовские РС
Ульяновские РС
Чувашэнерго
0
10
20
30
40
50
60
70'

17-03-2025T06:54:12 - [TEST_STEP][PASSED] - if (a == 28): null

17-03-2025T06:54:12 - [TEST_STEP][PASSED] - dZO = "Мордовэнерго": null

17-03-2025T06:54:12 - [TEST_STEP][PASSED] - a = 29: null

17-03-2025T06:54:12 - [TEST_STEP][PASSED] - if (x2.contains(dZO)): null

17-03-2025T06:54:12 - [TEST_STEP][PASSED] - else: null

17-03-2025T06:54:12 - [TEST_STEP][PASSED] - Script1718980020443.NoData(a, typeOfData, todaysDate, fileInt, fileDouble, dZO): null

17-03-2025T06:54:12 - [TEST_STEP][PASSED] - println(a): null

17-03-2025T06:54:12 - [TEST_STEP][PASSED] - println(todaysDate): null

17-03-2025T06:54:12 - [TEST_STEP][PASSED] - println(fileInt): null

17-03-2025T06:54:12 - [TEST_STEP][PASSED] - println(fileDouble): null

17-03-2025T06:54:12 - [TEST_STEP][PASSED] - println(dZO): null

17-03-2025T06:54:12 - [TEST_STEP][PASSED] - typeOfData = "Факт Отпуск в сеть": null

17-03-2025T06:54:12 - [TEST_STEP][PASSED] - fileInt = replaceAll("\s+", "").toInteger(): null

17-03-2025T06:54:12 - [TEST_STEP][PASSED] - Script1718980020443.WriteToExcelNoData(a, typeOfData, todaysDate, fileInt, fileDouble, dZO): null

17-03-2025T06:54:12 - [TEST_STEP][PASSED] - sheetName = "Sheet1": null

17-03-2025T06:54:12 - [TEST_STEP][PASSED] - data = findTestData("PlanFact"): null

17-03-2025T06:54:12 - [TEST_STEP][PASSED] - n = data.getRowNumbers() + 1: null

17-03-2025T06:54:12 - [TEST_STEP][PASSED] - day = ")).toInteger(): null

17-03-2025T06:54:12 - [TEST_STEP][PASSED] - println(day): null

17-03-2025T06:54:12 - [TEST_STEP][PASSED] - month = ")).toInteger(): null

17-03-2025T06:54:12 - [TEST_STEP][PASSED] - println(month): null

17-03-2025T06:54:12 - [TEST_STEP][PASSED] - y = <not implemented yet for class: org.codehaus.groovy.ast.expr.EmptyExpression>: null

17-03-2025T06:54:12 - [TEST_STEP][PASSED] - iy = <not implemented yet for class: org.codehaus.groovy.ast.expr.EmptyExpression>: null

17-03-2025T06:54:12 - [TEST_STEP][PASSED] - m = getText(findTestObject("Выполнение бизнес-плана/Период")): Text of object 'Object Repository/Выполнение бизнес-плана/Период' is: 'Январь 2025 года'

17-03-2025T06:54:13 - [MESSAGE][PASSED] - Text of object 'Object Repository/Выполнение бизнес-плана/Период' is: 'Январь 2025 года'

17-03-2025T06:54:13 - [TEST_STEP][PASSED] - iy = m.indexOf("20"): null

17-03-2025T06:54:13 - [TEST_STEP][PASSED] - if (iy > -1): null

17-03-2025T06:54:13 - [TEST_STEP][PASSED] - y = substring(iy, iy + 4).toInteger(): null

17-03-2025T06:54:13 - [TEST_STEP][PASSED] - println(y): null

17-03-2025T06:54:13 - [TEST_STEP][PASSED] - if (toString().length() == 4): null

17-03-2025T06:54:13 - [TEST_STEP][PASSED] - m = m.substring(0, m.indexOf(y.toString())): null

17-03-2025T06:54:13 - [TEST_STEP][PASSED] - m = m.trim(): null

17-03-2025T06:54:13 - [TEST_STEP][PASSED] - if (m == ""): null

17-03-2025T06:54:13 - [TEST_STEP][PASSED] - dashboardName = "Выполнение бизнес-плана": null

17-03-2025T06:54:13 - [TEST_STEP][PASSED] - workbook01 = getWorkbook(excelFilePath): null

17-03-2025T06:54:13 - [TEST_STEP][PASSED] - sheet01 = getExcelSheet(workbook01, sheetName): null

17-03-2025T06:54:13 - [TEST_STEP][PASSED] - setValueToCellByIndex(sheet01, n, 0, dashboardName): null

17-03-2025T06:54:13 - [TEST_STEP][PASSED] - setValueToCellByIndex(sheet01, n, 1, dZO): null

17-03-2025T06:54:13 - [TEST_STEP][PASSED] - setValueToCellByIndex(sheet01, n, 2, typeOfData): null

17-03-2025T06:54:13 - [TEST_STEP][PASSED] - if (typeOfData == "Факт в процентах" || typeOfData == "План в процентах"): null

17-03-2025T06:54:13 - [TEST_STEP][PASSED] - else: null

17-03-2025T06:54:13 - [TEST_STEP][PASSED] - setValueToCellByIndex(sheet01, n, 3, fileInt): null

17-03-2025T06:54:13 - [TEST_STEP][PASSED] - setValueToCellByIndex(sheet01, n, 4, "нет данных"): null

17-03-2025T06:54:13 - [TEST_STEP][PASSED] - setValueToCellByIndex(sheet01, n, 5, m): null

17-03-2025T06:54:13 - [TEST_STEP][PASSED] - setValueToCellByIndex(sheet01, n, 6, y): null

17-03-2025T06:54:13 - [TEST_STEP][PASSED] - setValueToCellByIndex(sheet01, n, 7, todaysDate): null

17-03-2025T06:54:13 - [TEST_STEP][PASSED] - n = n + 1: null

17-03-2025T06:54:13 - [TEST_STEP][PASSED] - saveWorkbook(excelFilePath, workbook01): null

17-03-2025T06:54:13 - [TEST_STEP][PASSED] - typeOfData = "Факт Потери": null

17-03-2025T06:54:13 - [TEST_STEP][PASSED] - fileInt = replaceAll("\s+", "").toInteger(): null

17-03-2025T06:54:13 - [TEST_STEP][PASSED] - Script1718980020443.WriteToExcelNoData(a, typeOfData, todaysDate, fileInt, fileDouble, dZO): null

17-03-2025T06:54:13 - [TEST_STEP][PASSED] - sheetName = "Sheet1": null

17-03-2025T06:54:13 - [TEST_STEP][PASSED] - data = findTestData("PlanFact"): null

17-03-2025T06:54:13 - [TEST_STEP][PASSED] - n = data.getRowNumbers() + 1: null

17-03-2025T06:54:13 - [TEST_STEP][PASSED] - day = ")).toInteger(): null

17-03-2025T06:54:13 - [TEST_STEP][PASSED] - println(day): null

17-03-2025T06:54:13 - [TEST_STEP][PASSED] - month = ")).toInteger(): null

17-03-2025T06:54:13 - [TEST_STEP][PASSED] - println(month): null

17-03-2025T06:54:13 - [TEST_STEP][PASSED] - y = <not implemented yet for class: org.codehaus.groovy.ast.expr.EmptyExpression>: null

17-03-2025T06:54:13 - [TEST_STEP][PASSED] - iy = <not implemented yet for class: org.codehaus.groovy.ast.expr.EmptyExpression>: null

17-03-2025T06:54:13 - [TEST_STEP][PASSED] - m = getText(findTestObject("Выполнение бизнес-плана/Период")): Text of object 'Object Repository/Выполнение бизнес-плана/Период' is: 'Январь 2025 года'

17-03-2025T06:54:13 - [MESSAGE][PASSED] - Text of object 'Object Repository/Выполнение бизнес-плана/Период' is: 'Январь 2025 года'

17-03-2025T06:54:13 - [TEST_STEP][PASSED] - iy = m.indexOf("20"): null

17-03-2025T06:54:13 - [TEST_STEP][PASSED] - if (iy > -1): null

17-03-2025T06:54:13 - [TEST_STEP][PASSED] - y = substring(iy, iy + 4).toInteger(): null

17-03-2025T06:54:13 - [TEST_STEP][PASSED] - println(y): null

17-03-2025T06:54:13 - [TEST_STEP][PASSED] - if (toString().length() == 4): null

17-03-2025T06:54:13 - [TEST_STEP][PASSED] - m = m.substring(0, m.indexOf(y.toString())): null

17-03-2025T06:54:13 - [TEST_STEP][PASSED] - m = m.trim(): null

17-03-2025T06:54:13 - [TEST_STEP][PASSED] - if (m == ""): null

17-03-2025T06:54:13 - [TEST_STEP][PASSED] - dashboardName = "Выполнение бизнес-плана": null

17-03-2025T06:54:13 - [TEST_STEP][PASSED] - workbook01 = getWorkbook(excelFilePath): null

17-03-2025T06:54:13 - [TEST_STEP][PASSED] - sheet01 = getExcelSheet(workbook01, sheetName): null

17-03-2025T06:54:13 - [TEST_STEP][PASSED] - setValueToCellByIndex(sheet01, n, 0, dashboardName): null

17-03-2025T06:54:13 - [TEST_STEP][PASSED] - setValueToCellByIndex(sheet01, n, 1, dZO): null

17-03-2025T06:54:13 - [TEST_STEP][PASSED] - setValueToCellByIndex(sheet01, n, 2, typeOfData): null

17-03-2025T06:54:13 - [TEST_STEP][PASSED] - if (typeOfData == "Факт в процентах" || typeOfData == "План в процентах"): null

17-03-2025T06:54:13 - [TEST_STEP][PASSED] - else: null

17-03-2025T06:54:13 - [TEST_STEP][PASSED] - setValueToCellByIndex(sheet01, n, 3, fileInt): null

17-03-2025T06:54:13 - [TEST_STEP][PASSED] - setValueToCellByIndex(sheet01, n, 4, "нет данных"): null

17-03-2025T06:54:13 - [TEST_STEP][PASSED] - setValueToCellByIndex(sheet01, n, 5, m): null

17-03-2025T06:54:13 - [TEST_STEP][PASSED] - setValueToCellByIndex(sheet01, n, 6, y): null

17-03-2025T06:54:13 - [TEST_STEP][PASSED] - setValueToCellByIndex(sheet01, n, 7, todaysDate): null

17-03-2025T06:54:13 - [TEST_STEP][PASSED] - n = n + 1: null

17-03-2025T06:54:13 - [TEST_STEP][PASSED] - saveWorkbook(excelFilePath, workbook01): null

17-03-2025T06:54:14 - [TEST_STEP][PASSED] - typeOfData = "План Отпуск в сеть": null

17-03-2025T06:54:14 - [TEST_STEP][PASSED] - fileInt = replaceAll("\s+", "").toInteger(): null

17-03-2025T06:54:14 - [TEST_STEP][PASSED] - Script1718980020443.WriteToExcelNoData(a, typeOfData, todaysDate, fileInt, fileDouble, dZO): null

17-03-2025T06:54:14 - [TEST_STEP][PASSED] - sheetName = "Sheet1": null

17-03-2025T06:54:14 - [TEST_STEP][PASSED] - data = findTestData("PlanFact"): null

17-03-2025T06:54:14 - [TEST_STEP][PASSED] - n = data.getRowNumbers() + 1: null

17-03-2025T06:54:14 - [TEST_STEP][PASSED] - day = ")).toInteger(): null

17-03-2025T06:54:14 - [TEST_STEP][PASSED] - println(day): null

17-03-2025T06:54:14 - [TEST_STEP][PASSED] - month = ")).toInteger(): null

17-03-2025T06:54:14 - [TEST_STEP][PASSED] - println(month): null

17-03-2025T06:54:14 - [TEST_STEP][PASSED] - y = <not implemented yet for class: org.codehaus.groovy.ast.expr.EmptyExpression>: null

17-03-2025T06:54:14 - [TEST_STEP][PASSED] - iy = <not implemented yet for class: org.codehaus.groovy.ast.expr.EmptyExpression>: null

17-03-2025T06:54:14 - [TEST_STEP][PASSED] - m = getText(findTestObject("Выполнение бизнес-плана/Период")): Text of object 'Object Repository/Выполнение бизнес-плана/Период' is: 'Январь 2025 года'

17-03-2025T06:54:14 - [MESSAGE][PASSED] - Text of object 'Object Repository/Выполнение бизнес-плана/Период' is: 'Январь 2025 года'

17-03-2025T06:54:14 - [TEST_STEP][PASSED] - iy = m.indexOf("20"): null

17-03-2025T06:54:14 - [TEST_STEP][PASSED] - if (iy > -1): null

17-03-2025T06:54:14 - [TEST_STEP][PASSED] - y = substring(iy, iy + 4).toInteger(): null

17-03-2025T06:54:14 - [TEST_STEP][PASSED] - println(y): null

17-03-2025T06:54:14 - [TEST_STEP][PASSED] - if (toString().length() == 4): null

17-03-2025T06:54:14 - [TEST_STEP][PASSED] - m = m.substring(0, m.indexOf(y.toString())): null

17-03-2025T06:54:14 - [TEST_STEP][PASSED] - m = m.trim(): null

17-03-2025T06:54:14 - [TEST_STEP][PASSED] - if (m == ""): null

17-03-2025T06:54:14 - [TEST_STEP][PASSED] - dashboardName = "Выполнение бизнес-плана": null

17-03-2025T06:54:14 - [TEST_STEP][PASSED] - workbook01 = getWorkbook(excelFilePath): null

17-03-2025T06:54:14 - [TEST_STEP][PASSED] - sheet01 = getExcelSheet(workbook01, sheetName): null

17-03-2025T06:54:14 - [TEST_STEP][PASSED] - setValueToCellByIndex(sheet01, n, 0, dashboardName): null

17-03-2025T06:54:14 - [TEST_STEP][PASSED] - setValueToCellByIndex(sheet01, n, 1, dZO): null

17-03-2025T06:54:14 - [TEST_STEP][PASSED] - setValueToCellByIndex(sheet01, n, 2, typeOfData): null

17-03-2025T06:54:14 - [TEST_STEP][PASSED] - if (typeOfData == "Факт в процентах" || typeOfData == "План в процентах"): null

17-03-2025T06:54:14 - [TEST_STEP][PASSED] - else: null

17-03-2025T06:54:14 - [TEST_STEP][PASSED] - setValueToCellByIndex(sheet01, n, 3, fileInt): null

17-03-2025T06:54:14 - [TEST_STEP][PASSED] - setValueToCellByIndex(sheet01, n, 4, "нет данных"): null

17-03-2025T06:54:14 - [TEST_STEP][PASSED] - setValueToCellByIndex(sheet01, n, 5, m): null

17-03-2025T06:54:14 - [TEST_STEP][PASSED] - setValueToCellByIndex(sheet01, n, 6, y): null

17-03-2025T06:54:14 - [TEST_STEP][PASSED] - setValueToCellByIndex(sheet01, n, 7, todaysDate): null

17-03-2025T06:54:14 - [TEST_STEP][PASSED] - n = n + 1: null

17-03-2025T06:54:14 - [TEST_STEP][PASSED] - saveWorkbook(excelFilePath, workbook01): null

17-03-2025T06:54:14 - [TEST_STEP][PASSED] - typeOfData = "План Потери": null

17-03-2025T06:54:14 - [TEST_STEP][PASSED] - fileInt = replaceAll("\s+", "").toInteger(): null

17-03-2025T06:54:14 - [TEST_STEP][PASSED] - Script1718980020443.WriteToExcelNoData(a, typeOfData, todaysDate, fileInt, fileDouble, dZO): null

17-03-2025T06:54:14 - [TEST_STEP][PASSED] - sheetName = "Sheet1": null

17-03-2025T06:54:14 - [TEST_STEP][PASSED] - data = findTestData("PlanFact"): null

17-03-2025T06:54:14 - [TEST_STEP][PASSED] - n = data.getRowNumbers() + 1: null

17-03-2025T06:54:14 - [TEST_STEP][PASSED] - day = ")).toInteger(): null

17-03-2025T06:54:14 - [TEST_STEP][PASSED] - println(day): null

17-03-2025T06:54:14 - [TEST_STEP][PASSED] - month = ")).toInteger(): null

17-03-2025T06:54:14 - [TEST_STEP][PASSED] - println(month): null

17-03-2025T06:54:14 - [TEST_STEP][PASSED] - y = <not implemented yet for class: org.codehaus.groovy.ast.expr.EmptyExpression>: null

17-03-2025T06:54:14 - [TEST_STEP][PASSED] - iy = <not implemented yet for class: org.codehaus.groovy.ast.expr.EmptyExpression>: null

17-03-2025T06:54:14 - [TEST_STEP][PASSED] - m = getText(findTestObject("Выполнение бизнес-плана/Период")): Text of object 'Object Repository/Выполнение бизнес-плана/Период' is: 'Январь 2025 года'

17-03-2025T06:54:15 - [MESSAGE][PASSED] - Text of object 'Object Repository/Выполнение бизнес-плана/Период' is: 'Январь 2025 года'

17-03-2025T06:54:15 - [TEST_STEP][PASSED] - iy = m.indexOf("20"): null

17-03-2025T06:54:15 - [TEST_STEP][PASSED] - if (iy > -1): null

17-03-2025T06:54:15 - [TEST_STEP][PASSED] - y = substring(iy, iy + 4).toInteger(): null

17-03-2025T06:54:15 - [TEST_STEP][PASSED] - println(y): null

17-03-2025T06:54:15 - [TEST_STEP][PASSED] - if (toString().length() == 4): null

17-03-2025T06:54:15 - [TEST_STEP][PASSED] - m = m.substring(0, m.indexOf(y.toString())): null

17-03-2025T06:54:15 - [TEST_STEP][PASSED] - m = m.trim(): null

17-03-2025T06:54:15 - [TEST_STEP][PASSED] - if (m == ""): null

17-03-2025T06:54:15 - [TEST_STEP][PASSED] - dashboardName = "Выполнение бизнес-плана": null

17-03-2025T06:54:15 - [TEST_STEP][PASSED] - workbook01 = getWorkbook(excelFilePath): null

17-03-2025T06:54:15 - [TEST_STEP][PASSED] - sheet01 = getExcelSheet(workbook01, sheetName): null

17-03-2025T06:54:15 - [TEST_STEP][PASSED] - setValueToCellByIndex(sheet01, n, 0, dashboardName): null

17-03-2025T06:54:15 - [TEST_STEP][PASSED] - setValueToCellByIndex(sheet01, n, 1, dZO): null

17-03-2025T06:54:15 - [TEST_STEP][PASSED] - setValueToCellByIndex(sheet01, n, 2, typeOfData): null

17-03-2025T06:54:15 - [TEST_STEP][PASSED] - if (typeOfData == "Факт в процентах" || typeOfData == "План в процентах"): null

17-03-2025T06:54:15 - [TEST_STEP][PASSED] - else: null

17-03-2025T06:54:15 - [TEST_STEP][PASSED] - setValueToCellByIndex(sheet01, n, 3, fileInt): null

17-03-2025T06:54:15 - [TEST_STEP][PASSED] - setValueToCellByIndex(sheet01, n, 4, "нет данных"): null

17-03-2025T06:54:15 - [TEST_STEP][PASSED] - setValueToCellByIndex(sheet01, n, 5, m): null

17-03-2025T06:54:15 - [TEST_STEP][PASSED] - setValueToCellByIndex(sheet01, n, 6, y): null

17-03-2025T06:54:15 - [TEST_STEP][PASSED] - setValueToCellByIndex(sheet01, n, 7, todaysDate): null

17-03-2025T06:54:15 - [TEST_STEP][PASSED] - n = n + 1: null

17-03-2025T06:54:15 - [TEST_STEP][PASSED] - saveWorkbook(excelFilePath, workbook01): null

17-03-2025T06:54:15 - [TEST_STEP][PASSED] - typeOfData = "План в процентах": null

17-03-2025T06:54:15 - [TEST_STEP][PASSED] - fileDouble = ").toDouble(): null

17-03-2025T06:54:15 - [TEST_STEP][PASSED] - Script1718980020443.WriteToExcelNoData(a, typeOfData, todaysDate, fileInt, fileDouble, dZO): null

17-03-2025T06:54:15 - [TEST_STEP][PASSED] - sheetName = "Sheet1": null

17-03-2025T06:54:15 - [TEST_STEP][PASSED] - data = findTestData("PlanFact"): null

17-03-2025T06:54:15 - [TEST_STEP][PASSED] - n = data.getRowNumbers() + 1: null

17-03-2025T06:54:15 - [TEST_STEP][PASSED] - day = ")).toInteger(): null

17-03-2025T06:54:15 - [TEST_STEP][PASSED] - println(day): null

17-03-2025T06:54:15 - [TEST_STEP][PASSED] - month = ")).toInteger(): null

17-03-2025T06:54:15 - [TEST_STEP][PASSED] - println(month): null

17-03-2025T06:54:15 - [TEST_STEP][PASSED] - y = <not implemented yet for class: org.codehaus.groovy.ast.expr.EmptyExpression>: null

17-03-2025T06:54:15 - [TEST_STEP][PASSED] - iy = <not implemented yet for class: org.codehaus.groovy.ast.expr.EmptyExpression>: null

17-03-2025T06:54:15 - [TEST_STEP][PASSED] - m = getText(findTestObject("Выполнение бизнес-плана/Период")): Text of object 'Object Repository/Выполнение бизнес-плана/Период' is: 'Январь 2025 года'

17-03-2025T06:54:15 - [MESSAGE][PASSED] - Text of object 'Object Repository/Выполнение бизнес-плана/Период' is: 'Январь 2025 года'

17-03-2025T06:54:15 - [TEST_STEP][PASSED] - iy = m.indexOf("20"): null

17-03-2025T06:54:15 - [TEST_STEP][PASSED] - if (iy > -1): null

17-03-2025T06:54:15 - [TEST_STEP][PASSED] - y = substring(iy, iy + 4).toInteger(): null

17-03-2025T06:54:15 - [TEST_STEP][PASSED] - println(y): null

17-03-2025T06:54:15 - [TEST_STEP][PASSED] - if (toString().length() == 4): null

17-03-2025T06:54:15 - [TEST_STEP][PASSED] - m = m.substring(0, m.indexOf(y.toString())): null

17-03-2025T06:54:15 - [TEST_STEP][PASSED] - m = m.trim(): null

17-03-2025T06:54:15 - [TEST_STEP][PASSED] - if (m == ""): null

17-03-2025T06:54:15 - [TEST_STEP][PASSED] - dashboardName = "Выполнение бизнес-плана": null

17-03-2025T06:54:15 - [TEST_STEP][PASSED] - workbook01 = getWorkbook(excelFilePath): null

17-03-2025T06:54:15 - [TEST_STEP][PASSED] - sheet01 = getExcelSheet(workbook01, sheetName): null

17-03-2025T06:54:15 - [TEST_STEP][PASSED] - setValueToCellByIndex(sheet01, n, 0, dashboardName): null

17-03-2025T06:54:15 - [TEST_STEP][PASSED] - setValueToCellByIndex(sheet01, n, 1, dZO): null

17-03-2025T06:54:15 - [TEST_STEP][PASSED] - setValueToCellByIndex(sheet01, n, 2, typeOfData): null

17-03-2025T06:54:15 - [TEST_STEP][PASSED] - if (typeOfData == "Факт в процентах" || typeOfData == "План в процентах"): null

17-03-2025T06:54:15 - [TEST_STEP][PASSED] - setValueToCellByIndex(sheet01, n, 3, fileDouble): null

17-03-2025T06:54:15 - [TEST_STEP][PASSED] - setValueToCellByIndex(sheet01, n, 4, "нет данных"): null

17-03-2025T06:54:15 - [TEST_STEP][PASSED] - setValueToCellByIndex(sheet01, n, 5, m): null

17-03-2025T06:54:15 - [TEST_STEP][PASSED] - setValueToCellByIndex(sheet01, n, 6, y): null

17-03-2025T06:54:15 - [TEST_STEP][PASSED] - setValueToCellByIndex(sheet01, n, 7, todaysDate): null

17-03-2025T06:54:15 - [TEST_STEP][PASSED] - n = n + 1: null

17-03-2025T06:54:15 - [TEST_STEP][PASSED] - saveWorkbook(excelFilePath, workbook01): null

17-03-2025T06:54:16 - [TEST_STEP][PASSED] - typeOfData = "Факт в процентах": null

17-03-2025T06:54:16 - [TEST_STEP][PASSED] - fileDouble = ").toDouble(): null

17-03-2025T06:54:16 - [TEST_STEP][PASSED] - Script1718980020443.WriteToExcelNoData(a, typeOfData, todaysDate, fileInt, fileDouble, dZO): null

17-03-2025T06:54:16 - [TEST_STEP][PASSED] - sheetName = "Sheet1": null

17-03-2025T06:54:16 - [TEST_STEP][PASSED] - data = findTestData("PlanFact"): null

17-03-2025T06:54:16 - [TEST_STEP][PASSED] - n = data.getRowNumbers() + 1: null

17-03-2025T06:54:16 - [TEST_STEP][PASSED] - day = ")).toInteger(): null

17-03-2025T06:54:16 - [TEST_STEP][PASSED] - println(day): null

17-03-2025T06:54:16 - [TEST_STEP][PASSED] - month = ")).toInteger(): null

17-03-2025T06:54:16 - [TEST_STEP][PASSED] - println(month): null

17-03-2025T06:54:16 - [TEST_STEP][PASSED] - y = <not implemented yet for class: org.codehaus.groovy.ast.expr.EmptyExpression>: null

17-03-2025T06:54:16 - [TEST_STEP][PASSED] - iy = <not implemented yet for class: org.codehaus.groovy.ast.expr.EmptyExpression>: null

17-03-2025T06:54:16 - [TEST_STEP][PASSED] - m = getText(findTestObject("Выполнение бизнес-плана/Период")): Text of object 'Object Repository/Выполнение бизнес-плана/Период' is: 'Январь 2025 года'

17-03-2025T06:54:16 - [MESSAGE][PASSED] - Text of object 'Object Repository/Выполнение бизнес-плана/Период' is: 'Январь 2025 года'

17-03-2025T06:54:16 - [TEST_STEP][PASSED] - iy = m.indexOf("20"): null

17-03-2025T06:54:16 - [TEST_STEP][PASSED] - if (iy > -1): null

17-03-2025T06:54:16 - [TEST_STEP][PASSED] - y = substring(iy, iy + 4).toInteger(): null

17-03-2025T06:54:16 - [TEST_STEP][PASSED] - println(y): null

17-03-2025T06:54:16 - [TEST_STEP][PASSED] - if (toString().length() == 4): null

17-03-2025T06:54:16 - [TEST_STEP][PASSED] - m = m.substring(0, m.indexOf(y.toString())): null

17-03-2025T06:54:16 - [TEST_STEP][PASSED] - m = m.trim(): null

17-03-2025T06:54:16 - [TEST_STEP][PASSED] - if (m == ""): null

17-03-2025T06:54:16 - [TEST_STEP][PASSED] - dashboardName = "Выполнение бизнес-плана": null

17-03-2025T06:54:16 - [TEST_STEP][PASSED] - workbook01 = getWorkbook(excelFilePath): null

17-03-2025T06:54:16 - [TEST_STEP][PASSED] - sheet01 = getExcelSheet(workbook01, sheetName): null

17-03-2025T06:54:16 - [TEST_STEP][PASSED] - setValueToCellByIndex(sheet01, n, 0, dashboardName): null

17-03-2025T06:54:16 - [TEST_STEP][PASSED] - setValueToCellByIndex(sheet01, n, 1, dZO): null

17-03-2025T06:54:16 - [TEST_STEP][PASSED] - setValueToCellByIndex(sheet01, n, 2, typeOfData): null

17-03-2025T06:54:16 - [TEST_STEP][PASSED] - if (typeOfData == "Факт в процентах" || typeOfData == "План в процентах"): null

17-03-2025T06:54:16 - [TEST_STEP][PASSED] - setValueToCellByIndex(sheet01, n, 3, fileDouble): null

17-03-2025T06:54:16 - [TEST_STEP][PASSED] - setValueToCellByIndex(sheet01, n, 4, "нет данных"): null

17-03-2025T06:54:16 - [TEST_STEP][PASSED] - setValueToCellByIndex(sheet01, n, 5, m): null

17-03-2025T06:54:16 - [TEST_STEP][PASSED] - setValueToCellByIndex(sheet01, n, 6, y): null

17-03-2025T06:54:16 - [TEST_STEP][PASSED] - setValueToCellByIndex(sheet01, n, 7, todaysDate): null

17-03-2025T06:54:16 - [TEST_STEP][PASSED] - n = n + 1: null

17-03-2025T06:54:16 - [TEST_STEP][PASSED] - saveWorkbook(excelFilePath, workbook01): null

17-03-2025T06:54:16 - [TEST_STEP][PASSED] - dZO = "Оренбургэнерго": null

17-03-2025T06:54:16 - [TEST_STEP][PASSED] - a = 30: null

17-03-2025T06:54:16 - [TEST_STEP][PASSED] - if (x2.contains(dZO)): null

17-03-2025T06:54:16 - [TEST_STEP][PASSED] - else: null

17-03-2025T06:54:16 - [TEST_STEP][PASSED] - Script1718980020443.NoData(a, typeOfData, todaysDate, fileInt, fileDouble, dZO): null

17-03-2025T06:54:16 - [TEST_STEP][PASSED] - println(a): null

17-03-2025T06:54:16 - [TEST_STEP][PASSED] - println(todaysDate): null

17-03-2025T06:54:16 - [TEST_STEP][PASSED] - println(fileInt): null

17-03-2025T06:54:16 - [TEST_STEP][PASSED] - println(fileDouble): null

17-03-2025T06:54:16 - [TEST_STEP][PASSED] - println(dZO): null

17-03-2025T06:54:16 - [TEST_STEP][PASSED] - typeOfData = "Факт Отпуск в сеть": null

17-03-2025T06:54:16 - [TEST_STEP][PASSED] - fileInt = replaceAll("\s+", "").toInteger(): null

17-03-2025T06:54:16 - [TEST_STEP][PASSED] - Script1718980020443.WriteToExcelNoData(a, typeOfData, todaysDate, fileInt, fileDouble, dZO): null

17-03-2025T06:54:16 - [TEST_STEP][PASSED] - sheetName = "Sheet1": null

17-03-2025T06:54:16 - [TEST_STEP][PASSED] - data = findTestData("PlanFact"): null

17-03-2025T06:54:17 - [TEST_STEP][PASSED] - n = data.getRowNumbers() + 1: null

17-03-2025T06:54:17 - [TEST_STEP][PASSED] - day = ")).toInteger(): null

17-03-2025T06:54:17 - [TEST_STEP][PASSED] - println(day): null

17-03-2025T06:54:17 - [TEST_STEP][PASSED] - month = ")).toInteger(): null

17-03-2025T06:54:17 - [TEST_STEP][PASSED] - println(month): null

17-03-2025T06:54:17 - [TEST_STEP][PASSED] - y = <not implemented yet for class: org.codehaus.groovy.ast.expr.EmptyExpression>: null

17-03-2025T06:54:17 - [TEST_STEP][PASSED] - iy = <not implemented yet for class: org.codehaus.groovy.ast.expr.EmptyExpression>: null

17-03-2025T06:54:17 - [TEST_STEP][PASSED] - m = getText(findTestObject("Выполнение бизнес-плана/Период")): Text of object 'Object Repository/Выполнение бизнес-плана/Период' is: 'Январь 2025 года'

17-03-2025T06:54:17 - [MESSAGE][PASSED] - Text of object 'Object Repository/Выполнение бизнес-плана/Период' is: 'Январь 2025 года'

17-03-2025T06:54:17 - [TEST_STEP][PASSED] - iy = m.indexOf("20"): null

17-03-2025T06:54:17 - [TEST_STEP][PASSED] - if (iy > -1): null

17-03-2025T06:54:17 - [TEST_STEP][PASSED] - y = substring(iy, iy + 4).toInteger(): null

17-03-2025T06:54:17 - [TEST_STEP][PASSED] - println(y): null

17-03-2025T06:54:17 - [TEST_STEP][PASSED] - if (toString().length() == 4): null

17-03-2025T06:54:17 - [TEST_STEP][PASSED] - m = m.substring(0, m.indexOf(y.toString())): null

17-03-2025T06:54:17 - [TEST_STEP][PASSED] - m = m.trim(): null

17-03-2025T06:54:17 - [TEST_STEP][PASSED] - if (m == ""): null

17-03-2025T06:54:17 - [TEST_STEP][PASSED] - dashboardName = "Выполнение бизнес-плана": null

17-03-2025T06:54:17 - [TEST_STEP][PASSED] - workbook01 = getWorkbook(excelFilePath): null

17-03-2025T06:54:17 - [TEST_STEP][PASSED] - sheet01 = getExcelSheet(workbook01, sheetName): null

17-03-2025T06:54:17 - [TEST_STEP][PASSED] - setValueToCellByIndex(sheet01, n, 0, dashboardName): null

17-03-2025T06:54:17 - [TEST_STEP][PASSED] - setValueToCellByIndex(sheet01, n, 1, dZO): null

17-03-2025T06:54:17 - [TEST_STEP][PASSED] - setValueToCellByIndex(sheet01, n, 2, typeOfData): null

17-03-2025T06:54:17 - [TEST_STEP][PASSED] - if (typeOfData == "Факт в процентах" || typeOfData == "План в процентах"): null

17-03-2025T06:54:17 - [TEST_STEP][PASSED] - else: null

17-03-2025T06:54:17 - [TEST_STEP][PASSED] - setValueToCellByIndex(sheet01, n, 3, fileInt): null

17-03-2025T06:54:17 - [TEST_STEP][PASSED] - setValueToCellByIndex(sheet01, n, 4, "нет данных"): null

17-03-2025T06:54:17 - [TEST_STEP][PASSED] - setValueToCellByIndex(sheet01, n, 5, m): null

17-03-2025T06:54:17 - [TEST_STEP][PASSED] - setValueToCellByIndex(sheet01, n, 6, y): null

17-03-2025T06:54:17 - [TEST_STEP][PASSED] - setValueToCellByIndex(sheet01, n, 7, todaysDate): null

17-03-2025T06:54:17 - [TEST_STEP][PASSED] - n = n + 1: null

17-03-2025T06:54:17 - [TEST_STEP][PASSED] - saveWorkbook(excelFilePath, workbook01): null

17-03-2025T06:54:17 - [TEST_STEP][PASSED] - typeOfData = "Факт Потери": null

17-03-2025T06:54:17 - [TEST_STEP][PASSED] - fileInt = replaceAll("\s+", "").toInteger(): null

17-03-2025T06:54:17 - [TEST_STEP][PASSED] - Script1718980020443.WriteToExcelNoData(a, typeOfData, todaysDate, fileInt, fileDouble, dZO): null

17-03-2025T06:54:17 - [TEST_STEP][PASSED] - sheetName = "Sheet1": null

17-03-2025T06:54:17 - [TEST_STEP][PASSED] - data = findTestData("PlanFact"): null

17-03-2025T06:54:17 - [TEST_STEP][PASSED] - n = data.getRowNumbers() + 1: null

17-03-2025T06:54:17 - [TEST_STEP][PASSED] - day = ")).toInteger(): null

17-03-2025T06:54:17 - [TEST_STEP][PASSED] - println(day): null

17-03-2025T06:54:17 - [TEST_STEP][PASSED] - month = ")).toInteger(): null

17-03-2025T06:54:17 - [TEST_STEP][PASSED] - println(month): null

17-03-2025T06:54:17 - [TEST_STEP][PASSED] - y = <not implemented yet for class: org.codehaus.groovy.ast.expr.EmptyExpression>: null

17-03-2025T06:54:17 - [TEST_STEP][PASSED] - iy = <not implemented yet for class: org.codehaus.groovy.ast.expr.EmptyExpression>: null

17-03-2025T06:54:17 - [TEST_STEP][PASSED] - m = getText(findTestObject("Выполнение бизнес-плана/Период")): Text of object 'Object Repository/Выполнение бизнес-плана/Период' is: 'Январь 2025 года'

17-03-2025T06:54:18 - [MESSAGE][PASSED] - Text of object 'Object Repository/Выполнение бизнес-плана/Период' is: 'Январь 2025 года'

17-03-2025T06:54:18 - [TEST_STEP][PASSED] - iy = m.indexOf("20"): null

17-03-2025T06:54:18 - [TEST_STEP][PASSED] - if (iy > -1): null

17-03-2025T06:54:18 - [TEST_STEP][PASSED] - y = substring(iy, iy + 4).toInteger(): null

17-03-2025T06:54:18 - [TEST_STEP][PASSED] - println(y): null

17-03-2025T06:54:18 - [TEST_STEP][PASSED] - if (toString().length() == 4): null

17-03-2025T06:54:18 - [TEST_STEP][PASSED] - m = m.substring(0, m.indexOf(y.toString())): null

17-03-2025T06:54:18 - [TEST_STEP][PASSED] - m = m.trim(): null

17-03-2025T06:54:18 - [TEST_STEP][PASSED] - if (m == ""): null

17-03-2025T06:54:18 - [TEST_STEP][PASSED] - dashboardName = "Выполнение бизнес-плана": null

17-03-2025T06:54:18 - [TEST_STEP][PASSED] - workbook01 = getWorkbook(excelFilePath): null

17-03-2025T06:54:18 - [TEST_STEP][PASSED] - sheet01 = getExcelSheet(workbook01, sheetName): null

17-03-2025T06:54:18 - [TEST_STEP][PASSED] - setValueToCellByIndex(sheet01, n, 0, dashboardName): null

17-03-2025T06:54:18 - [TEST_STEP][PASSED] - setValueToCellByIndex(sheet01, n, 1, dZO): null

17-03-2025T06:54:18 - [TEST_STEP][PASSED] - setValueToCellByIndex(sheet01, n, 2, typeOfData): null

17-03-2025T06:54:18 - [TEST_STEP][PASSED] - if (typeOfData == "Факт в процентах" || typeOfData == "План в процентах"): null

17-03-2025T06:54:18 - [TEST_STEP][PASSED] - else: null

17-03-2025T06:54:18 - [TEST_STEP][PASSED] - setValueToCellByIndex(sheet01, n, 3, fileInt): null

17-03-2025T06:54:18 - [TEST_STEP][PASSED] - setValueToCellByIndex(sheet01, n, 4, "нет данных"): null

17-03-2025T06:54:18 - [TEST_STEP][PASSED] - setValueToCellByIndex(sheet01, n, 5, m): null

17-03-2025T06:54:18 - [TEST_STEP][PASSED] - setValueToCellByIndex(sheet01, n, 6, y): null

17-03-2025T06:54:18 - [TEST_STEP][PASSED] - setValueToCellByIndex(sheet01, n, 7, todaysDate): null

17-03-2025T06:54:18 - [TEST_STEP][PASSED] - n = n + 1: null

17-03-2025T06:54:18 - [TEST_STEP][PASSED] - saveWorkbook(excelFilePath, workbook01): null

17-03-2025T06:54:18 - [TEST_STEP][PASSED] - typeOfData = "План Отпуск в сеть": null

17-03-2025T06:54:18 - [TEST_STEP][PASSED] - fileInt = replaceAll("\s+", "").toInteger(): null

17-03-2025T06:54:18 - [TEST_STEP][PASSED] - Script1718980020443.WriteToExcelNoData(a, typeOfData, todaysDate, fileInt, fileDouble, dZO): null

17-03-2025T06:54:18 - [TEST_STEP][PASSED] - sheetName = "Sheet1": null

17-03-2025T06:54:18 - [TEST_STEP][PASSED] - data = findTestData("PlanFact"): null

17-03-2025T06:54:18 - [TEST_STEP][PASSED] - n = data.getRowNumbers() + 1: null

17-03-2025T06:54:18 - [TEST_STEP][PASSED] - day = ")).toInteger(): null

17-03-2025T06:54:18 - [TEST_STEP][PASSED] - println(day): null

17-03-2025T06:54:18 - [TEST_STEP][PASSED] - month = ")).toInteger(): null

17-03-2025T06:54:18 - [TEST_STEP][PASSED] - println(month): null

17-03-2025T06:54:18 - [TEST_STEP][PASSED] - y = <not implemented yet for class: org.codehaus.groovy.ast.expr.EmptyExpression>: null

17-03-2025T06:54:18 - [TEST_STEP][PASSED] - iy = <not implemented yet for class: org.codehaus.groovy.ast.expr.EmptyExpression>: null

17-03-2025T06:54:18 - [TEST_STEP][PASSED] - m = getText(findTestObject("Выполнение бизнес-плана/Период")): Text of object 'Object Repository/Выполнение бизнес-плана/Период' is: 'Январь 2025 года'

17-03-2025T06:54:18 - [MESSAGE][PASSED] - Text of object 'Object Repository/Выполнение бизнес-плана/Период' is: 'Январь 2025 года'

17-03-2025T06:54:18 - [TEST_STEP][PASSED] - iy = m.indexOf("20"): null

17-03-2025T06:54:18 - [TEST_STEP][PASSED] - if (iy > -1): null

17-03-2025T06:54:18 - [TEST_STEP][PASSED] - y = substring(iy, iy + 4).toInteger(): null

17-03-2025T06:54:18 - [TEST_STEP][PASSED] - println(y): null

17-03-2025T06:54:18 - [TEST_STEP][PASSED] - if (toString().length() == 4): null

17-03-2025T06:54:18 - [TEST_STEP][PASSED] - m = m.substring(0, m.indexOf(y.toString())): null

17-03-2025T06:54:18 - [TEST_STEP][PASSED] - m = m.trim(): null

17-03-2025T06:54:18 - [TEST_STEP][PASSED] - if (m == ""): null

17-03-2025T06:54:18 - [TEST_STEP][PASSED] - dashboardName = "Выполнение бизнес-плана": null

17-03-2025T06:54:18 - [TEST_STEP][PASSED] - workbook01 = getWorkbook(excelFilePath): null

17-03-2025T06:54:18 - [TEST_STEP][PASSED] - sheet01 = getExcelSheet(workbook01, sheetName): null

17-03-2025T06:54:18 - [TEST_STEP][PASSED] - setValueToCellByIndex(sheet01, n, 0, dashboardName): null

17-03-2025T06:54:18 - [TEST_STEP][PASSED] - setValueToCellByIndex(sheet01, n, 1, dZO): null

17-03-2025T06:54:18 - [TEST_STEP][PASSED] - setValueToCellByIndex(sheet01, n, 2, typeOfData): null

17-03-2025T06:54:18 - [TEST_STEP][PASSED] - if (typeOfData == "Факт в процентах" || typeOfData == "План в процентах"): null

17-03-2025T06:54:18 - [TEST_STEP][PASSED] - else: null

17-03-2025T06:54:18 - [TEST_STEP][PASSED] - setValueToCellByIndex(sheet01, n, 3, fileInt): null

17-03-2025T06:54:18 - [TEST_STEP][PASSED] - setValueToCellByIndex(sheet01, n, 4, "нет данных"): null

17-03-2025T06:54:18 - [TEST_STEP][PASSED] - setValueToCellByIndex(sheet01, n, 5, m): null

17-03-2025T06:54:18 - [TEST_STEP][PASSED] - setValueToCellByIndex(sheet01, n, 6, y): null

17-03-2025T06:54:18 - [TEST_STEP][PASSED] - setValueToCellByIndex(sheet01, n, 7, todaysDate): null

17-03-2025T06:54:18 - [TEST_STEP][PASSED] - n = n + 1: null

17-03-2025T06:54:18 - [TEST_STEP][PASSED] - saveWorkbook(excelFilePath, workbook01): null

17-03-2025T06:54:19 - [TEST_STEP][PASSED] - typeOfData = "План Потери": null

17-03-2025T06:54:19 - [TEST_STEP][PASSED] - fileInt = replaceAll("\s+", "").toInteger(): null

17-03-2025T06:54:19 - [TEST_STEP][PASSED] - Script1718980020443.WriteToExcelNoData(a, typeOfData, todaysDate, fileInt, fileDouble, dZO): null

17-03-2025T06:54:19 - [TEST_STEP][PASSED] - sheetName = "Sheet1": null

17-03-2025T06:54:19 - [TEST_STEP][PASSED] - data = findTestData("PlanFact"): null

17-03-2025T06:54:19 - [TEST_STEP][PASSED] - n = data.getRowNumbers() + 1: null

17-03-2025T06:54:19 - [TEST_STEP][PASSED] - day = ")).toInteger(): null

17-03-2025T06:54:19 - [TEST_STEP][PASSED] - println(day): null

17-03-2025T06:54:19 - [TEST_STEP][PASSED] - month = ")).toInteger(): null

17-03-2025T06:54:19 - [TEST_STEP][PASSED] - println(month): null

17-03-2025T06:54:19 - [TEST_STEP][PASSED] - y = <not implemented yet for class: org.codehaus.groovy.ast.expr.EmptyExpression>: null

17-03-2025T06:54:19 - [TEST_STEP][PASSED] - iy = <not implemented yet for class: org.codehaus.groovy.ast.expr.EmptyExpression>: null

17-03-2025T06:54:19 - [TEST_STEP][PASSED] - m = getText(findTestObject("Выполнение бизнес-плана/Период")): Text of object 'Object Repository/Выполнение бизнес-плана/Период' is: 'Январь 2025 года'

17-03-2025T06:54:19 - [MESSAGE][PASSED] - Text of object 'Object Repository/Выполнение бизнес-плана/Период' is: 'Январь 2025 года'

17-03-2025T06:54:19 - [TEST_STEP][PASSED] - iy = m.indexOf("20"): null

17-03-2025T06:54:19 - [TEST_STEP][PASSED] - if (iy > -1): null

17-03-2025T06:54:19 - [TEST_STEP][PASSED] - y = substring(iy, iy + 4).toInteger(): null

17-03-2025T06:54:19 - [TEST_STEP][PASSED] - println(y): null

17-03-2025T06:54:19 - [TEST_STEP][PASSED] - if (toString().length() == 4): null

17-03-2025T06:54:19 - [TEST_STEP][PASSED] - m = m.substring(0, m.indexOf(y.toString())): null

17-03-2025T06:54:19 - [TEST_STEP][PASSED] - m = m.trim(): null

17-03-2025T06:54:19 - [TEST_STEP][PASSED] - if (m == ""): null

17-03-2025T06:54:19 - [TEST_STEP][PASSED] - dashboardName = "Выполнение бизнес-плана": null

17-03-2025T06:54:19 - [TEST_STEP][PASSED] - workbook01 = getWorkbook(excelFilePath): null

17-03-2025T06:54:19 - [TEST_STEP][PASSED] - sheet01 = getExcelSheet(workbook01, sheetName): null

17-03-2025T06:54:19 - [TEST_STEP][PASSED] - setValueToCellByIndex(sheet01, n, 0, dashboardName): null

17-03-2025T06:54:19 - [TEST_STEP][PASSED] - setValueToCellByIndex(sheet01, n, 1, dZO): null

17-03-2025T06:54:19 - [TEST_STEP][PASSED] - setValueToCellByIndex(sheet01, n, 2, typeOfData): null

17-03-2025T06:54:19 - [TEST_STEP][PASSED] - if (typeOfData == "Факт в процентах" || typeOfData == "План в процентах"): null

17-03-2025T06:54:19 - [TEST_STEP][PASSED] - else: null

17-03-2025T06:54:19 - [TEST_STEP][PASSED] - setValueToCellByIndex(sheet01, n, 3, fileInt): null

17-03-2025T06:54:19 - [TEST_STEP][PASSED] - setValueToCellByIndex(sheet01, n, 4, "нет данных"): null

17-03-2025T06:54:19 - [TEST_STEP][PASSED] - setValueToCellByIndex(sheet01, n, 5, m): null

17-03-2025T06:54:19 - [TEST_STEP][PASSED] - setValueToCellByIndex(sheet01, n, 6, y): null

17-03-2025T06:54:19 - [TEST_STEP][PASSED] - setValueToCellByIndex(sheet01, n, 7, todaysDate): null

17-03-2025T06:54:19 - [TEST_STEP][PASSED] - n = n + 1: null

17-03-2025T06:54:19 - [TEST_STEP][PASSED] - saveWorkbook(excelFilePath, workbook01): null

17-03-2025T06:54:19 - [TEST_STEP][PASSED] - typeOfData = "План в процентах": null

17-03-2025T06:54:19 - [TEST_STEP][PASSED] - fileDouble = ").toDouble(): null

17-03-2025T06:54:19 - [TEST_STEP][PASSED] - Script1718980020443.WriteToExcelNoData(a, typeOfData, todaysDate, fileInt, fileDouble, dZO): null

17-03-2025T06:54:19 - [TEST_STEP][PASSED] - sheetName = "Sheet1": null

17-03-2025T06:54:19 - [TEST_STEP][PASSED] - data = findTestData("PlanFact"): null

17-03-2025T06:54:19 - [TEST_STEP][PASSED] - n = data.getRowNumbers() + 1: null

17-03-2025T06:54:19 - [TEST_STEP][PASSED] - day = ")).toInteger(): null

17-03-2025T06:54:19 - [TEST_STEP][PASSED] - println(day): null

17-03-2025T06:54:19 - [TEST_STEP][PASSED] - month = ")).toInteger(): null

17-03-2025T06:54:19 - [TEST_STEP][PASSED] - println(month): null

17-03-2025T06:54:19 - [TEST_STEP][PASSED] - y = <not implemented yet for class: org.codehaus.groovy.ast.expr.EmptyExpression>: null

17-03-2025T06:54:19 - [TEST_STEP][PASSED] - iy = <not implemented yet for class: org.codehaus.groovy.ast.expr.EmptyExpression>: null

17-03-2025T06:54:19 - [TEST_STEP][PASSED] - m = getText(findTestObject("Выполнение бизнес-плана/Период")): Text of object 'Object Repository/Выполнение бизнес-плана/Период' is: 'Январь 2025 года'

17-03-2025T06:54:20 - [MESSAGE][PASSED] - Text of object 'Object Repository/Выполнение бизнес-плана/Период' is: 'Январь 2025 года'

17-03-2025T06:54:20 - [TEST_STEP][PASSED] - iy = m.indexOf("20"): null

17-03-2025T06:54:20 - [TEST_STEP][PASSED] - if (iy > -1): null

17-03-2025T06:54:20 - [TEST_STEP][PASSED] - y = substring(iy, iy + 4).toInteger(): null

17-03-2025T06:54:20 - [TEST_STEP][PASSED] - println(y): null

17-03-2025T06:54:20 - [TEST_STEP][PASSED] - if (toString().length() == 4): null

17-03-2025T06:54:20 - [TEST_STEP][PASSED] - m = m.substring(0, m.indexOf(y.toString())): null

17-03-2025T06:54:20 - [TEST_STEP][PASSED] - m = m.trim(): null

17-03-2025T06:54:20 - [TEST_STEP][PASSED] - if (m == ""): null

17-03-2025T06:54:20 - [TEST_STEP][PASSED] - dashboardName = "Выполнение бизнес-плана": null

17-03-2025T06:54:20 - [TEST_STEP][PASSED] - workbook01 = getWorkbook(excelFilePath): null

17-03-2025T06:54:20 - [TEST_STEP][PASSED] - sheet01 = getExcelSheet(workbook01, sheetName): null

17-03-2025T06:54:20 - [TEST_STEP][PASSED] - setValueToCellByIndex(sheet01, n, 0, dashboardName): null

17-03-2025T06:54:20 - [TEST_STEP][PASSED] - setValueToCellByIndex(sheet01, n, 1, dZO): null

17-03-2025T06:54:20 - [TEST_STEP][PASSED] - setValueToCellByIndex(sheet01, n, 2, typeOfData): null

17-03-2025T06:54:20 - [TEST_STEP][PASSED] - if (typeOfData == "Факт в процентах" || typeOfData == "План в процентах"): null

17-03-2025T06:54:20 - [TEST_STEP][PASSED] - setValueToCellByIndex(sheet01, n, 3, fileDouble): null

17-03-2025T06:54:20 - [TEST_STEP][PASSED] - setValueToCellByIndex(sheet01, n, 4, "нет данных"): null

17-03-2025T06:54:20 - [TEST_STEP][PASSED] - setValueToCellByIndex(sheet01, n, 5, m): null

17-03-2025T06:54:20 - [TEST_STEP][PASSED] - setValueToCellByIndex(sheet01, n, 6, y): null

17-03-2025T06:54:20 - [TEST_STEP][PASSED] - setValueToCellByIndex(sheet01, n, 7, todaysDate): null

17-03-2025T06:54:20 - [TEST_STEP][PASSED] - n = n + 1: null

17-03-2025T06:54:20 - [TEST_STEP][PASSED] - saveWorkbook(excelFilePath, workbook01): null

17-03-2025T06:54:20 - [TEST_STEP][PASSED] - typeOfData = "Факт в процентах": null

17-03-2025T06:54:20 - [TEST_STEP][PASSED] - fileDouble = ").toDouble(): null

17-03-2025T06:54:20 - [TEST_STEP][PASSED] - Script1718980020443.WriteToExcelNoData(a, typeOfData, todaysDate, fileInt, fileDouble, dZO): null

17-03-2025T06:54:20 - [TEST_STEP][PASSED] - sheetName = "Sheet1": null

17-03-2025T06:54:20 - [TEST_STEP][PASSED] - data = findTestData("PlanFact"): null

17-03-2025T06:54:20 - [TEST_STEP][PASSED] - n = data.getRowNumbers() + 1: null

17-03-2025T06:54:20 - [TEST_STEP][PASSED] - day = ")).toInteger(): null

17-03-2025T06:54:20 - [TEST_STEP][PASSED] - println(day): null

17-03-2025T06:54:20 - [TEST_STEP][PASSED] - month = ")).toInteger(): null

17-03-2025T06:54:20 - [TEST_STEP][PASSED] - println(month): null

17-03-2025T06:54:20 - [TEST_STEP][PASSED] - y = <not implemented yet for class: org.codehaus.groovy.ast.expr.EmptyExpression>: null

17-03-2025T06:54:20 - [TEST_STEP][PASSED] - iy = <not implemented yet for class: org.codehaus.groovy.ast.expr.EmptyExpression>: null

17-03-2025T06:54:20 - [TEST_STEP][PASSED] - m = getText(findTestObject("Выполнение бизнес-плана/Период")): Text of object 'Object Repository/Выполнение бизнес-плана/Период' is: 'Январь 2025 года'

17-03-2025T06:54:20 - [MESSAGE][PASSED] - Text of object 'Object Repository/Выполнение бизнес-плана/Период' is: 'Январь 2025 года'

17-03-2025T06:54:20 - [TEST_STEP][PASSED] - iy = m.indexOf("20"): null

17-03-2025T06:54:20 - [TEST_STEP][PASSED] - if (iy > -1): null

17-03-2025T06:54:20 - [TEST_STEP][PASSED] - y = substring(iy, iy + 4).toInteger(): null

17-03-2025T06:54:20 - [TEST_STEP][PASSED] - println(y): null

17-03-2025T06:54:20 - [TEST_STEP][PASSED] - if (toString().length() == 4): null

17-03-2025T06:54:20 - [TEST_STEP][PASSED] - m = m.substring(0, m.indexOf(y.toString())): null

17-03-2025T06:54:20 - [TEST_STEP][PASSED] - m = m.trim(): null

17-03-2025T06:54:20 - [TEST_STEP][PASSED] - if (m == ""): null

17-03-2025T06:54:20 - [TEST_STEP][PASSED] - dashboardName = "Выполнение бизнес-плана": null

17-03-2025T06:54:20 - [TEST_STEP][PASSED] - workbook01 = getWorkbook(excelFilePath): null

17-03-2025T06:54:20 - [TEST_STEP][PASSED] - sheet01 = getExcelSheet(workbook01, sheetName): null

17-03-2025T06:54:20 - [TEST_STEP][PASSED] - setValueToCellByIndex(sheet01, n, 0, dashboardName): null

17-03-2025T06:54:20 - [TEST_STEP][PASSED] - setValueToCellByIndex(sheet01, n, 1, dZO): null

17-03-2025T06:54:20 - [TEST_STEP][PASSED] - setValueToCellByIndex(sheet01, n, 2, typeOfData): null

17-03-2025T06:54:20 - [TEST_STEP][PASSED] - if (typeOfData == "Факт в процентах" || typeOfData == "План в процентах"): null

17-03-2025T06:54:20 - [TEST_STEP][PASSED] - setValueToCellByIndex(sheet01, n, 3, fileDouble): null

17-03-2025T06:54:20 - [TEST_STEP][PASSED] - setValueToCellByIndex(sheet01, n, 4, "нет данных"): null

17-03-2025T06:54:20 - [TEST_STEP][PASSED] - setValueToCellByIndex(sheet01, n, 5, m): null

17-03-2025T06:54:20 - [TEST_STEP][PASSED] - setValueToCellByIndex(sheet01, n, 6, y): null

17-03-2025T06:54:20 - [TEST_STEP][PASSED] - setValueToCellByIndex(sheet01, n, 7, todaysDate): null

17-03-2025T06:54:20 - [TEST_STEP][PASSED] - n = n + 1: null

17-03-2025T06:54:20 - [TEST_STEP][PASSED] - saveWorkbook(excelFilePath, workbook01): null

17-03-2025T06:54:21 - [TEST_STEP][PASSED] - dZO = "Пензаэнерго": null

17-03-2025T06:54:21 - [TEST_STEP][PASSED] - a = 31: null

17-03-2025T06:54:21 - [TEST_STEP][PASSED] - if (x2.contains(dZO)): null

17-03-2025T06:54:21 - [TEST_STEP][PASSED] - filialNum = filialNum + 1: null

17-03-2025T06:54:21 - [TEST_STEP][PASSED] - Script1718980020443.Numbers(a, typeOfData, todaysDate, pageInt, fileInt, pageDouble, fileDouble, dZO, dzoNum, filialNum): null

17-03-2025T06:54:21 - [TEST_STEP][PASSED] - println(dzoNum): null

17-03-2025T06:54:21 - [TEST_STEP][PASSED] - planFact = <not implemented yet for class: org.codehaus.groovy.ast.expr.EmptyExpression>: null

17-03-2025T06:54:21 - [TEST_STEP][PASSED] - page = <not implemented yet for class: org.codehaus.groovy.ast.expr.EmptyExpression>: null

17-03-2025T06:54:21 - [TEST_STEP][PASSED] - page1 = <not implemented yet for class: org.codehaus.groovy.ast.expr.EmptyExpression>: null

17-03-2025T06:54:21 - [TEST_STEP][PASSED] - page2 = <not implemented yet for class: org.codehaus.groovy.ast.expr.EmptyExpression>: null

17-03-2025T06:54:21 - [TEST_STEP][PASSED] - filialNumberInRow = <not implemented yet for class: org.codehaus.groovy.ast.expr.EmptyExpression>: null

17-03-2025T06:54:21 - [TEST_STEP][PASSED] - filialsDzoNames = <not implemented yet for class: org.codehaus.groovy.ast.expr.EmptyExpression>: null

17-03-2025T06:54:21 - [TEST_STEP][PASSED] - numberOfFilials = <not implemented yet for class: org.codehaus.groovy.ast.expr.EmptyExpression>: null

17-03-2025T06:54:21 - [TEST_STEP][PASSED] - numberOfSpaces = <not implemented yet for class: org.codehaus.groovy.ast.expr.EmptyExpression>: null

17-03-2025T06:54:21 - [TEST_STEP][PASSED] - file = <not implemented yet for class: org.codehaus.groovy.ast.expr.EmptyExpression>: null

17-03-2025T06:54:21 - [TEST_STEP][PASSED] - otpusk = <not implemented yet for class: org.codehaus.groovy.ast.expr.EmptyExpression>: null

17-03-2025T06:54:21 - [TEST_STEP][PASSED] - poteri = <not implemented yet for class: org.codehaus.groovy.ast.expr.EmptyExpression>: null

17-03-2025T06:54:21 - [TEST_STEP][PASSED] - dataFolder = "Выполнение бизнес-плана/Значения со страницы Выполнение бизнес-плана/": null

17-03-2025T06:54:21 - [TEST_STEP][PASSED] - path = <not implemented yet for class: org.codehaus.groovy.ast.expr.EmptyExpression>: null

17-03-2025T06:54:21 - [TEST_STEP][PASSED] - typeOfDataMain = <not implemented yet for class: org.codehaus.groovy.ast.expr.EmptyExpression>: null

17-03-2025T06:54:21 - [TEST_STEP][PASSED] - fileOtpuskVSet = <not implemented yet for class: org.codehaus.groovy.ast.expr.EmptyExpression>: null

17-03-2025T06:54:21 - [TEST_STEP][PASSED] - pageOtpuskVSet = <not implemented yet for class: org.codehaus.groovy.ast.expr.EmptyExpression>: null

17-03-2025T06:54:21 - [TEST_STEP][PASSED] - filePoteri = <not implemented yet for class: org.codehaus.groovy.ast.expr.EmptyExpression>: null

17-03-2025T06:54:21 - [TEST_STEP][PASSED] - pagePoteri = <not implemented yet for class: org.codehaus.groovy.ast.expr.EmptyExpression>: null

17-03-2025T06:54:21 - [TEST_STEP][PASSED] - compare = <not implemented yet for class: org.codehaus.groovy.ast.expr.EmptyExpression>: null

17-03-2025T06:54:21 - [TEST_STEP][PASSED] - b = <not implemented yet for class: org.codehaus.groovy.ast.expr.EmptyExpression>: null

17-03-2025T06:54:21 - [TEST_STEP][PASSED] - i = <not implemented yet for class: org.codehaus.groovy.ast.expr.EmptyExpression>: null

17-03-2025T06:54:21 - [TEST_STEP][PASSED] - ii = <not implemented yet for class: org.codehaus.groovy.ast.expr.EmptyExpression>: null

17-03-2025T06:54:21 - [TEST_STEP][PASSED] - c = <not implemented yet for class: org.codehaus.groovy.ast.expr.EmptyExpression>: null

17-03-2025T06:54:21 - [TEST_STEP][PASSED] - numberOfErrors = 0: null

17-03-2025T06:54:21 - [TEST_STEP][PASSED] - if (a == 82): null

17-03-2025T06:54:21 - [TEST_STEP][PASSED] - b = findTestData("PlanFact").getValue(1, a): null

17-03-2025T06:54:21 - [TEST_STEP][PASSED] - i = b.indexOf(" (ГК)"): null

17-03-2025T06:54:21 - [TEST_STEP][PASSED] - if (i > -1): null

17-03-2025T06:54:21 - [TEST_STEP][PASSED] - i = b.indexOf("О ""): null

17-03-2025T06:54:21 - [TEST_STEP][PASSED] - if (i > -1): null

17-03-2025T06:54:21 - [TEST_STEP][PASSED] - i = b.indexOf("О «"): null

17-03-2025T06:54:21 - [TEST_STEP][PASSED] - if (i > -1): null

17-03-2025T06:54:21 - [TEST_STEP][PASSED] - i = b.indexOf("г. "): null

17-03-2025T06:54:21 - [TEST_STEP][PASSED] - if (i > -1): null

17-03-2025T06:54:21 - [TEST_STEP][PASSED] - b = b.trim(): null

17-03-2025T06:54:21 - [TEST_STEP][PASSED] - println(b): null

17-03-2025T06:54:21 - [TEST_STEP][PASSED] - for ([planFact = 1, planFact < 3, (planFact++)]): null

17-03-2025T06:54:21 - [TEST_STEP][PASSED] - if (planFact == 1): null

17-03-2025T06:54:21 - [TEST_STEP][PASSED] - typeOfDataMain = "Факт": null

17-03-2025T06:54:21 - [TEST_STEP][PASSED] - otpusk = findTestData("PlanFact").getValue(5, a): null

17-03-2025T06:54:21 - [TEST_STEP][PASSED] - poteri = findTestData("PlanFact").getValue(6, a): null

17-03-2025T06:54:21 - [TEST_STEP][PASSED] - otpusk = otpusk.replaceAll("\s+", ""): null

17-03-2025T06:54:21 - [TEST_STEP][PASSED] - poteri = poteri.replaceAll("\s+", ""): null

17-03-2025T06:54:21 - [TEST_STEP][PASSED] - typeOfData = typeOfDataMain + " Отпуск в сеть": null

17-03-2025T06:54:21 - [TEST_STEP][PASSED] - if (a == 82): null

17-03-2025T06:54:21 - [TEST_STEP][PASSED] - else if (a == 84): null

17-03-2025T06:54:21 - [TEST_STEP][PASSED] - else if (a == 83 || a == 52 || a == 72 || a == 28 || a == 73 || a == 77 || a == 74 || a == 65 || a == 36 || a == 44 || a == 53 || a == 80 || a == 54 || a == 1 || a == 18 || a == 59 || a == 81): null

17-03-2025T06:54:21 - [TEST_STEP][PASSED] - else: null

17-03-2025T06:54:21 - [TEST_STEP][PASSED] - path = dataFolder + typeOfData + " за отчётный период " + b: null

17-03-2025T06:54:21 - [TEST_STEP][PASSED] - println(path): null

17-03-2025T06:54:21 - [TEST_STEP][PASSED] - page = getText(findTestObject(path)): Text of object 'Object Repository/Выполнение бизнес-плана/Значения со страницы Выполнение бизнес-плана/Факт Отпуск в сеть за отчётный период Пензаэнерго' is: '880 001'

17-03-2025T06:54:21 - [MESSAGE][PASSED] - Text of object 'Object Repository/Выполнение бизнес-плана/Значения со страницы Выполнение бизнес-плана/Факт Отпуск в сеть за отчётный период Пензаэнерго' is: '880 001'

17-03-2025T06:54:21 - [TEST_STEP][PASSED] - if (page == "" || page == null): null

17-03-2025T06:54:21 - [TEST_STEP][PASSED] - else: null

17-03-2025T06:54:21 - [TEST_STEP][PASSED] - page = page.replaceAll("\s+", ""): null

17-03-2025T06:54:21 - [TEST_STEP][PASSED] - if (page == "undefined"): null

17-03-2025T06:54:21 - [TEST_STEP][PASSED] - fileOtpuskVSet = otpusk.toInteger(): null

17-03-2025T06:54:21 - [TEST_STEP][PASSED] - pageOtpuskVSet = page.toInteger(): null

17-03-2025T06:54:21 - [TEST_STEP][PASSED] - typeOfData = typeOfDataMain + " Потери": null

17-03-2025T06:54:21 - [TEST_STEP][PASSED] - if (a == 82): null

17-03-2025T06:54:21 - [TEST_STEP][PASSED] - else if (a == 84): null

17-03-2025T06:54:21 - [TEST_STEP][PASSED] - else if (a == 83 || a == 52 || a == 72 || a == 28 || a == 73 || a == 77 || a == 74 || a == 65 || a == 44 || a == 53 || a == 80 || a == 54 || a == 1 || a == 18 || a == 59 || a == 81): null

17-03-2025T06:54:21 - [TEST_STEP][PASSED] - else: null

17-03-2025T06:54:21 - [TEST_STEP][PASSED] - path = dataFolder + typeOfData + " за отчётный период " + b: null

17-03-2025T06:54:21 - [TEST_STEP][PASSED] - page = getText(findTestObject(path)): Text of object 'Object Repository/Выполнение бизнес-плана/Значения со страницы Выполнение бизнес-плана/Факт Потери за отчётный период Пензаэнерго' is: '51 219'

17-03-2025T06:54:21 - [MESSAGE][PASSED] - Text of object 'Object Repository/Выполнение бизнес-плана/Значения со страницы Выполнение бизнес-плана/Факт Потери за отчётный период Пензаэнерго' is: '51 219'

17-03-2025T06:54:21 - [TEST_STEP][PASSED] - if (page == "" || page == null): null

17-03-2025T06:54:21 - [TEST_STEP][PASSED] - else: null

17-03-2025T06:54:21 - [TEST_STEP][PASSED] - page = page.replaceAll("\s+", ""): null

17-03-2025T06:54:21 - [TEST_STEP][PASSED] - if (page == "undefined"): null

17-03-2025T06:54:21 - [TEST_STEP][PASSED] - filePoteri = poteri.toInteger(): null

17-03-2025T06:54:21 - [TEST_STEP][PASSED] - pagePoteri = page.toInteger(): null

17-03-2025T06:54:21 - [TEST_STEP][PASSED] - compare = pageOtpuskVSet: null

17-03-2025T06:54:21 - [TEST_STEP][PASSED] - if (pageOtpuskVSet != null): null

17-03-2025T06:54:21 - [TEST_STEP][PASSED] - if (compare == fileOtpuskVSet): null

17-03-2025T06:54:21 - [TEST_STEP][PASSED] - else if (compare > fileOtpuskVSet): null

17-03-2025T06:54:21 - [TEST_STEP][PASSED] - else if (compare < fileOtpuskVSet): null

17-03-2025T06:54:21 - [TEST_STEP][PASSED] - compare = compare + 1: null

17-03-2025T06:54:21 - [TEST_STEP][PASSED] - if (compare == fileOtpuskVSet): null

17-03-2025T06:54:21 - [TEST_STEP][PASSED] - else: null

17-03-2025T06:54:21 - [TEST_STEP][PASSED] - numberOfErrors = numberOfErrors + 1: null

17-03-2025T06:54:21 - [TEST_STEP][PASSED] - pageInt = pageOtpuskVSet: null

17-03-2025T06:54:21 - [TEST_STEP][PASSED] - fileInt = fileOtpuskVSet: null

17-03-2025T06:54:21 - [TEST_STEP][PASSED] - typeOfData = typeOfDataMain + " Отпуск в сеть": null

17-03-2025T06:54:21 - [TEST_STEP][PASSED] - Script1718980020443.WriteToExcel(a, typeOfData, todaysDate, pageInt, fileInt, pageDouble, fileDouble, dZO): null

17-03-2025T06:54:21 - [TEST_STEP][PASSED] - sheetName = "Sheet1": null

17-03-2025T06:54:21 - [TEST_STEP][PASSED] - data = findTestData("PlanFact"): null

17-03-2025T06:54:21 - [TEST_STEP][PASSED] - n = data.getRowNumbers() + 1: null

17-03-2025T06:54:21 - [TEST_STEP][PASSED] - day = ")).toInteger(): null

17-03-2025T06:54:21 - [TEST_STEP][PASSED] - println(day): null

17-03-2025T06:54:21 - [TEST_STEP][PASSED] - month = ")).toInteger(): null

17-03-2025T06:54:21 - [TEST_STEP][PASSED] - println(month): null

17-03-2025T06:54:21 - [TEST_STEP][PASSED] - y = <not implemented yet for class: org.codehaus.groovy.ast.expr.EmptyExpression>: null

17-03-2025T06:54:21 - [TEST_STEP][PASSED] - iy = <not implemented yet for class: org.codehaus.groovy.ast.expr.EmptyExpression>: null

17-03-2025T06:54:21 - [TEST_STEP][PASSED] - m = getText(findTestObject("Выполнение бизнес-плана/Период")): Text of object 'Object Repository/Выполнение бизнес-плана/Период' is: 'Январь 2025 года'

17-03-2025T06:54:22 - [MESSAGE][PASSED] - Text of object 'Object Repository/Выполнение бизнес-плана/Период' is: 'Январь 2025 года'

17-03-2025T06:54:22 - [TEST_STEP][PASSED] - iy = m.indexOf("20"): null

17-03-2025T06:54:22 - [TEST_STEP][PASSED] - if (iy > -1): null

17-03-2025T06:54:22 - [TEST_STEP][PASSED] - y = substring(iy, iy + 4).toInteger(): null

17-03-2025T06:54:22 - [TEST_STEP][PASSED] - println(y): null

17-03-2025T06:54:22 - [TEST_STEP][PASSED] - if (toString().length() == 4): null

17-03-2025T06:54:22 - [TEST_STEP][PASSED] - m = m.substring(0, m.indexOf(y.toString())): null

17-03-2025T06:54:22 - [TEST_STEP][PASSED] - m = m.trim(): null

17-03-2025T06:54:22 - [TEST_STEP][PASSED] - if (m == ""): null

17-03-2025T06:54:22 - [TEST_STEP][PASSED] - dashboardName = "Выполнение бизнес-плана": null

17-03-2025T06:54:22 - [TEST_STEP][PASSED] - workbook01 = getWorkbook(excelFilePath): null

17-03-2025T06:54:22 - [TEST_STEP][PASSED] - sheet01 = getExcelSheet(workbook01, sheetName): null

17-03-2025T06:54:22 - [TEST_STEP][PASSED] - setValueToCellByIndex(sheet01, n, 0, dashboardName): null

17-03-2025T06:54:22 - [TEST_STEP][PASSED] - setValueToCellByIndex(sheet01, n, 1, dZO): null

17-03-2025T06:54:22 - [TEST_STEP][PASSED] - setValueToCellByIndex(sheet01, n, 2, typeOfData): null

17-03-2025T06:54:22 - [TEST_STEP][PASSED] - if (typeOfData == "Факт в процентах" || typeOfData == "План в процентах"): null

17-03-2025T06:54:22 - [TEST_STEP][PASSED] - else: null

17-03-2025T06:54:22 - [TEST_STEP][PASSED] - setValueToCellByIndex(sheet01, n, 3, fileInt): null

17-03-2025T06:54:22 - [TEST_STEP][PASSED] - setValueToCellByIndex(sheet01, n, 4, pageInt): null

17-03-2025T06:54:22 - [TEST_STEP][PASSED] - setValueToCellByIndex(sheet01, n, 5, m): null

17-03-2025T06:54:22 - [TEST_STEP][PASSED] - setValueToCellByIndex(sheet01, n, 6, y): null

17-03-2025T06:54:22 - [TEST_STEP][PASSED] - setValueToCellByIndex(sheet01, n, 7, todaysDate): null

17-03-2025T06:54:22 - [TEST_STEP][PASSED] - n = n + 1: null

17-03-2025T06:54:22 - [TEST_STEP][PASSED] - saveWorkbook(excelFilePath, workbook01): null

17-03-2025T06:54:22 - [TEST_STEP][PASSED] - compare = pagePoteri: null

17-03-2025T06:54:22 - [TEST_STEP][PASSED] - if (pageOtpuskVSet != null): null

17-03-2025T06:54:22 - [TEST_STEP][PASSED] - if (compare == filePoteri): null

17-03-2025T06:54:22 - [TEST_STEP][PASSED] - else if (compare > filePoteri): null

17-03-2025T06:54:22 - [TEST_STEP][PASSED] - else if (compare < filePoteri): null

17-03-2025T06:54:22 - [TEST_STEP][PASSED] - compare = compare + 1: null

17-03-2025T06:54:22 - [TEST_STEP][PASSED] - if (compare == filePoteri): null

17-03-2025T06:54:22 - [TEST_STEP][PASSED] - else: null

17-03-2025T06:54:22 - [TEST_STEP][PASSED] - numberOfErrors = numberOfErrors + 1: null

17-03-2025T06:54:22 - [TEST_STEP][PASSED] - pageInt = pagePoteri: null

17-03-2025T06:54:22 - [TEST_STEP][PASSED] - fileInt = filePoteri: null

17-03-2025T06:54:22 - [TEST_STEP][PASSED] - typeOfData = typeOfDataMain + " Потери": null

17-03-2025T06:54:22 - [TEST_STEP][PASSED] - Script1718980020443.WriteToExcel(a, typeOfData, todaysDate, pageInt, fileInt, pageDouble, fileDouble, dZO): null

17-03-2025T06:54:22 - [TEST_STEP][PASSED] - sheetName = "Sheet1": null

17-03-2025T06:54:22 - [TEST_STEP][PASSED] - data = findTestData("PlanFact"): null

17-03-2025T06:54:22 - [TEST_STEP][PASSED] - n = data.getRowNumbers() + 1: null

17-03-2025T06:54:22 - [TEST_STEP][PASSED] - day = ")).toInteger(): null

17-03-2025T06:54:22 - [TEST_STEP][PASSED] - println(day): null

17-03-2025T06:54:22 - [TEST_STEP][PASSED] - month = ")).toInteger(): null

17-03-2025T06:54:22 - [TEST_STEP][PASSED] - println(month): null

17-03-2025T06:54:22 - [TEST_STEP][PASSED] - y = <not implemented yet for class: org.codehaus.groovy.ast.expr.EmptyExpression>: null

17-03-2025T06:54:22 - [TEST_STEP][PASSED] - iy = <not implemented yet for class: org.codehaus.groovy.ast.expr.EmptyExpression>: null

17-03-2025T06:54:22 - [TEST_STEP][PASSED] - m = getText(findTestObject("Выполнение бизнес-плана/Период")): Text of object 'Object Repository/Выполнение бизнес-плана/Период' is: 'Январь 2025 года'

17-03-2025T06:54:22 - [MESSAGE][PASSED] - Text of object 'Object Repository/Выполнение бизнес-плана/Период' is: 'Январь 2025 года'

17-03-2025T06:54:22 - [TEST_STEP][PASSED] - iy = m.indexOf("20"): null

17-03-2025T06:54:22 - [TEST_STEP][PASSED] - if (iy > -1): null

17-03-2025T06:54:22 - [TEST_STEP][PASSED] - y = substring(iy, iy + 4).toInteger(): null

17-03-2025T06:54:22 - [TEST_STEP][PASSED] - println(y): null

17-03-2025T06:54:22 - [TEST_STEP][PASSED] - if (toString().length() == 4): null

17-03-2025T06:54:22 - [TEST_STEP][PASSED] - m = m.substring(0, m.indexOf(y.toString())): null

17-03-2025T06:54:22 - [TEST_STEP][PASSED] - m = m.trim(): null

17-03-2025T06:54:22 - [TEST_STEP][PASSED] - if (m == ""): null

17-03-2025T06:54:22 - [TEST_STEP][PASSED] - dashboardName = "Выполнение бизнес-плана": null

17-03-2025T06:54:22 - [TEST_STEP][PASSED] - workbook01 = getWorkbook(excelFilePath): null

17-03-2025T06:54:23 - [TEST_STEP][PASSED] - sheet01 = getExcelSheet(workbook01, sheetName): null

17-03-2025T06:54:23 - [TEST_STEP][PASSED] - setValueToCellByIndex(sheet01, n, 0, dashboardName): null

17-03-2025T06:54:23 - [TEST_STEP][PASSED] - setValueToCellByIndex(sheet01, n, 1, dZO): null

17-03-2025T06:54:23 - [TEST_STEP][PASSED] - setValueToCellByIndex(sheet01, n, 2, typeOfData): null

17-03-2025T06:54:23 - [TEST_STEP][PASSED] - if (typeOfData == "Факт в процентах" || typeOfData == "План в процентах"): null

17-03-2025T06:54:23 - [TEST_STEP][PASSED] - else: null

17-03-2025T06:54:23 - [TEST_STEP][PASSED] - setValueToCellByIndex(sheet01, n, 3, fileInt): null

17-03-2025T06:54:23 - [TEST_STEP][PASSED] - setValueToCellByIndex(sheet01, n, 4, pageInt): null

17-03-2025T06:54:23 - [TEST_STEP][PASSED] - setValueToCellByIndex(sheet01, n, 5, m): null

17-03-2025T06:54:23 - [TEST_STEP][PASSED] - setValueToCellByIndex(sheet01, n, 6, y): null

17-03-2025T06:54:23 - [TEST_STEP][PASSED] - setValueToCellByIndex(sheet01, n, 7, todaysDate): null

17-03-2025T06:54:23 - [TEST_STEP][PASSED] - n = n + 1: null

17-03-2025T06:54:23 - [TEST_STEP][PASSED] - saveWorkbook(excelFilePath, workbook01): null

17-03-2025T06:54:23 - [TEST_STEP][PASSED] - if (planFact == 2): null

17-03-2025T06:54:23 - [TEST_STEP][PASSED] - if (planFact == 1): null

17-03-2025T06:54:23 - [TEST_STEP][PASSED] - else if (planFact == 2): null

17-03-2025T06:54:23 - [TEST_STEP][PASSED] - click(findTestObject("Выполнение бизнес-плана/Кнопка План")): Object: 'Object Repository/Выполнение бизнес-плана/Кнопка План' is clicked on

17-03-2025T06:54:23 - [MESSAGE][PASSED] - Object: 'Object Repository/Выполнение бизнес-плана/Кнопка План' is clicked on

17-03-2025T06:54:23 - [TEST_STEP][PASSED] - typeOfDataMain = "План": null

17-03-2025T06:54:23 - [TEST_STEP][PASSED] - otpusk = findTestData("PlanFact").getValue(2, a): null

17-03-2025T06:54:23 - [TEST_STEP][PASSED] - poteri = findTestData("PlanFact").getValue(3, a): null

17-03-2025T06:54:23 - [TEST_STEP][PASSED] - otpusk = otpusk.replaceAll("\s+", ""): null

17-03-2025T06:54:23 - [TEST_STEP][PASSED] - poteri = poteri.replaceAll("\s+", ""): null

17-03-2025T06:54:23 - [TEST_STEP][PASSED] - typeOfData = typeOfDataMain + " Отпуск в сеть": null

17-03-2025T06:54:23 - [TEST_STEP][PASSED] - if (a == 82): null

17-03-2025T06:54:23 - [TEST_STEP][PASSED] - else if (a == 84): null

17-03-2025T06:54:23 - [TEST_STEP][PASSED] - else if (a == 83 || a == 52 || a == 72 || a == 28 || a == 73 || a == 77 || a == 74 || a == 65 || a == 36 || a == 44 || a == 53 || a == 80 || a == 54 || a == 1 || a == 18 || a == 59 || a == 81): null

17-03-2025T06:54:23 - [TEST_STEP][PASSED] - else: null

17-03-2025T06:54:23 - [TEST_STEP][PASSED] - path = dataFolder + typeOfData + " за отчётный период " + b: null

17-03-2025T06:54:23 - [TEST_STEP][PASSED] - println(path): null

17-03-2025T06:54:23 - [TEST_STEP][PASSED] - page = getText(findTestObject(path)): Text of object 'Object Repository/Выполнение бизнес-плана/Значения со страницы Выполнение бизнес-плана/План Отпуск в сеть за отчётный период Пензаэнерго' is: '925 980'

17-03-2025T06:54:24 - [MESSAGE][PASSED] - Text of object 'Object Repository/Выполнение бизнес-плана/Значения со страницы Выполнение бизнес-плана/План Отпуск в сеть за отчётный период Пензаэнерго' is: '925 980'

17-03-2025T06:54:24 - [TEST_STEP][PASSED] - if (page == "" || page == null): null

17-03-2025T06:54:24 - [TEST_STEP][PASSED] - else: null

17-03-2025T06:54:24 - [TEST_STEP][PASSED] - page = page.replaceAll("\s+", ""): null

17-03-2025T06:54:24 - [TEST_STEP][PASSED] - if (page == "undefined"): null

17-03-2025T06:54:24 - [TEST_STEP][PASSED] - fileOtpuskVSet = otpusk.toInteger(): null

17-03-2025T06:54:24 - [TEST_STEP][PASSED] - pageOtpuskVSet = page.toInteger(): null

17-03-2025T06:54:24 - [TEST_STEP][PASSED] - typeOfData = typeOfDataMain + " Потери": null

17-03-2025T06:54:24 - [TEST_STEP][PASSED] - if (a == 82): null

17-03-2025T06:54:24 - [TEST_STEP][PASSED] - else if (a == 84): null

17-03-2025T06:54:24 - [TEST_STEP][PASSED] - else if (a == 83 || a == 52 || a == 72 || a == 28 || a == 73 || a == 77 || a == 74 || a == 65 || a == 44 || a == 53 || a == 80 || a == 54 || a == 1 || a == 18 || a == 59 || a == 81): null

17-03-2025T06:54:24 - [TEST_STEP][PASSED] - else: null

17-03-2025T06:54:24 - [TEST_STEP][PASSED] - path = dataFolder + typeOfData + " за отчётный период " + b: null

17-03-2025T06:54:24 - [TEST_STEP][PASSED] - page = getText(findTestObject(path)): Text of object 'Object Repository/Выполнение бизнес-плана/Значения со страницы Выполнение бизнес-плана/План Потери за отчётный период Пензаэнерго' is: '64 175'

17-03-2025T06:54:24 - [MESSAGE][PASSED] - Text of object 'Object Repository/Выполнение бизнес-плана/Значения со страницы Выполнение бизнес-плана/План Потери за отчётный период Пензаэнерго' is: '64 175'

17-03-2025T06:54:24 - [TEST_STEP][PASSED] - if (page == "" || page == null): null

17-03-2025T06:54:24 - [TEST_STEP][PASSED] - else: null

17-03-2025T06:54:24 - [TEST_STEP][PASSED] - page = page.replaceAll("\s+", ""): null

17-03-2025T06:54:24 - [TEST_STEP][PASSED] - if (page == "undefined"): null

17-03-2025T06:54:24 - [TEST_STEP][PASSED] - filePoteri = poteri.toInteger(): null

17-03-2025T06:54:24 - [TEST_STEP][PASSED] - pagePoteri = page.toInteger(): null

17-03-2025T06:54:24 - [TEST_STEP][PASSED] - compare = pageOtpuskVSet: null

17-03-2025T06:54:24 - [TEST_STEP][PASSED] - if (pageOtpuskVSet != null): null

17-03-2025T06:54:24 - [TEST_STEP][PASSED] - if (compare == fileOtpuskVSet): null

17-03-2025T06:54:24 - [TEST_STEP][PASSED] - else if (compare > fileOtpuskVSet): null

17-03-2025T06:54:24 - [TEST_STEP][PASSED] - else if (compare < fileOtpuskVSet): null

17-03-2025T06:54:24 - [TEST_STEP][PASSED] - compare = compare + 1: null

17-03-2025T06:54:24 - [TEST_STEP][PASSED] - if (compare == fileOtpuskVSet): null

17-03-2025T06:54:24 - [TEST_STEP][PASSED] - else: null

17-03-2025T06:54:24 - [TEST_STEP][PASSED] - numberOfErrors = numberOfErrors + 1: null

17-03-2025T06:54:24 - [TEST_STEP][PASSED] - pageInt = pageOtpuskVSet: null

17-03-2025T06:54:24 - [TEST_STEP][PASSED] - fileInt = fileOtpuskVSet: null

17-03-2025T06:54:24 - [TEST_STEP][PASSED] - typeOfData = typeOfDataMain + " Отпуск в сеть": null

17-03-2025T06:54:24 - [TEST_STEP][PASSED] - Script1718980020443.WriteToExcel(a, typeOfData, todaysDate, pageInt, fileInt, pageDouble, fileDouble, dZO): null

17-03-2025T06:54:24 - [TEST_STEP][PASSED] - sheetName = "Sheet1": null

17-03-2025T06:54:24 - [TEST_STEP][PASSED] - data = findTestData("PlanFact"): null

17-03-2025T06:54:24 - [TEST_STEP][PASSED] - n = data.getRowNumbers() + 1: null

17-03-2025T06:54:24 - [TEST_STEP][PASSED] - day = ")).toInteger(): null

17-03-2025T06:54:24 - [TEST_STEP][PASSED] - println(day): null

17-03-2025T06:54:24 - [TEST_STEP][PASSED] - month = ")).toInteger(): null

17-03-2025T06:54:24 - [TEST_STEP][PASSED] - println(month): null

17-03-2025T06:54:24 - [TEST_STEP][PASSED] - y = <not implemented yet for class: org.codehaus.groovy.ast.expr.EmptyExpression>: null

17-03-2025T06:54:24 - [TEST_STEP][PASSED] - iy = <not implemented yet for class: org.codehaus.groovy.ast.expr.EmptyExpression>: null

17-03-2025T06:54:24 - [TEST_STEP][PASSED] - m = getText(findTestObject("Выполнение бизнес-плана/Период")): Text of object 'Object Repository/Выполнение бизнес-плана/Период' is: 'Январь 2025 года'

17-03-2025T06:54:24 - [MESSAGE][PASSED] - Text of object 'Object Repository/Выполнение бизнес-плана/Период' is: 'Январь 2025 года'

17-03-2025T06:54:24 - [TEST_STEP][PASSED] - iy = m.indexOf("20"): null

17-03-2025T06:54:24 - [TEST_STEP][PASSED] - if (iy > -1): null

17-03-2025T06:54:24 - [TEST_STEP][PASSED] - y = substring(iy, iy + 4).toInteger(): null

17-03-2025T06:54:24 - [TEST_STEP][PASSED] - println(y): null

17-03-2025T06:54:24 - [TEST_STEP][PASSED] - if (toString().length() == 4): null

17-03-2025T06:54:24 - [TEST_STEP][PASSED] - m = m.substring(0, m.indexOf(y.toString())): null

17-03-2025T06:54:24 - [TEST_STEP][PASSED] - m = m.trim(): null

17-03-2025T06:54:24 - [TEST_STEP][PASSED] - if (m == ""): null

17-03-2025T06:54:24 - [TEST_STEP][PASSED] - dashboardName = "Выполнение бизнес-плана": null

17-03-2025T06:54:24 - [TEST_STEP][PASSED] - workbook01 = getWorkbook(excelFilePath): null

17-03-2025T06:54:24 - [TEST_STEP][PASSED] - sheet01 = getExcelSheet(workbook01, sheetName): null

17-03-2025T06:54:24 - [TEST_STEP][PASSED] - setValueToCellByIndex(sheet01, n, 0, dashboardName): null

17-03-2025T06:54:24 - [TEST_STEP][PASSED] - setValueToCellByIndex(sheet01, n, 1, dZO): null

17-03-2025T06:54:24 - [TEST_STEP][PASSED] - setValueToCellByIndex(sheet01, n, 2, typeOfData): null

17-03-2025T06:54:24 - [TEST_STEP][PASSED] - if (typeOfData == "Факт в процентах" || typeOfData == "План в процентах"): null

17-03-2025T06:54:24 - [TEST_STEP][PASSED] - else: null

17-03-2025T06:54:24 - [TEST_STEP][PASSED] - setValueToCellByIndex(sheet01, n, 3, fileInt): null

17-03-2025T06:54:24 - [TEST_STEP][PASSED] - setValueToCellByIndex(sheet01, n, 4, pageInt): null

17-03-2025T06:54:24 - [TEST_STEP][PASSED] - setValueToCellByIndex(sheet01, n, 5, m): null

17-03-2025T06:54:24 - [TEST_STEP][PASSED] - setValueToCellByIndex(sheet01, n, 6, y): null

17-03-2025T06:54:24 - [TEST_STEP][PASSED] - setValueToCellByIndex(sheet01, n, 7, todaysDate): null

17-03-2025T06:54:24 - [TEST_STEP][PASSED] - n = n + 1: null

17-03-2025T06:54:24 - [TEST_STEP][PASSED] - saveWorkbook(excelFilePath, workbook01): null

17-03-2025T06:54:25 - [TEST_STEP][PASSED] - compare = pagePoteri: null

17-03-2025T06:54:25 - [TEST_STEP][PASSED] - if (pageOtpuskVSet != null): null

17-03-2025T06:54:25 - [TEST_STEP][PASSED] - if (compare == filePoteri): null

17-03-2025T06:54:25 - [TEST_STEP][PASSED] - else if (compare > filePoteri): null

17-03-2025T06:54:25 - [TEST_STEP][PASSED] - else if (compare < filePoteri): null

17-03-2025T06:54:25 - [TEST_STEP][PASSED] - compare = compare + 1: null

17-03-2025T06:54:25 - [TEST_STEP][PASSED] - if (compare == filePoteri): null

17-03-2025T06:54:25 - [TEST_STEP][PASSED] - else: null

17-03-2025T06:54:25 - [TEST_STEP][PASSED] - numberOfErrors = numberOfErrors + 1: null

17-03-2025T06:54:25 - [TEST_STEP][PASSED] - pageInt = pagePoteri: null

17-03-2025T06:54:25 - [TEST_STEP][PASSED] - fileInt = filePoteri: null

17-03-2025T06:54:25 - [TEST_STEP][PASSED] - typeOfData = typeOfDataMain + " Потери": null

17-03-2025T06:54:25 - [TEST_STEP][PASSED] - Script1718980020443.WriteToExcel(a, typeOfData, todaysDate, pageInt, fileInt, pageDouble, fileDouble, dZO): null

17-03-2025T06:54:25 - [TEST_STEP][PASSED] - sheetName = "Sheet1": null

17-03-2025T06:54:25 - [TEST_STEP][PASSED] - data = findTestData("PlanFact"): null

17-03-2025T06:54:25 - [TEST_STEP][PASSED] - n = data.getRowNumbers() + 1: null

17-03-2025T06:54:25 - [TEST_STEP][PASSED] - day = ")).toInteger(): null

17-03-2025T06:54:25 - [TEST_STEP][PASSED] - println(day): null

17-03-2025T06:54:25 - [TEST_STEP][PASSED] - month = ")).toInteger(): null

17-03-2025T06:54:25 - [TEST_STEP][PASSED] - println(month): null

17-03-2025T06:54:25 - [TEST_STEP][PASSED] - y = <not implemented yet for class: org.codehaus.groovy.ast.expr.EmptyExpression>: null

17-03-2025T06:54:25 - [TEST_STEP][PASSED] - iy = <not implemented yet for class: org.codehaus.groovy.ast.expr.EmptyExpression>: null

17-03-2025T06:54:25 - [TEST_STEP][PASSED] - m = getText(findTestObject("Выполнение бизнес-плана/Период")): Text of object 'Object Repository/Выполнение бизнес-плана/Период' is: 'Январь 2025 года'

17-03-2025T06:54:25 - [MESSAGE][PASSED] - Text of object 'Object Repository/Выполнение бизнес-плана/Период' is: 'Январь 2025 года'

17-03-2025T06:54:25 - [TEST_STEP][PASSED] - iy = m.indexOf("20"): null

17-03-2025T06:54:25 - [TEST_STEP][PASSED] - if (iy > -1): null

17-03-2025T06:54:25 - [TEST_STEP][PASSED] - y = substring(iy, iy + 4).toInteger(): null

17-03-2025T06:54:25 - [TEST_STEP][PASSED] - println(y): null

17-03-2025T06:54:25 - [TEST_STEP][PASSED] - if (toString().length() == 4): null

17-03-2025T06:54:25 - [TEST_STEP][PASSED] - m = m.substring(0, m.indexOf(y.toString())): null

17-03-2025T06:54:25 - [TEST_STEP][PASSED] - m = m.trim(): null

17-03-2025T06:54:25 - [TEST_STEP][PASSED] - if (m == ""): null

17-03-2025T06:54:25 - [TEST_STEP][PASSED] - dashboardName = "Выполнение бизнес-плана": null

17-03-2025T06:54:25 - [TEST_STEP][PASSED] - workbook01 = getWorkbook(excelFilePath): null

17-03-2025T06:54:25 - [TEST_STEP][PASSED] - sheet01 = getExcelSheet(workbook01, sheetName): null

17-03-2025T06:54:25 - [TEST_STEP][PASSED] - setValueToCellByIndex(sheet01, n, 0, dashboardName): null

17-03-2025T06:54:25 - [TEST_STEP][PASSED] - setValueToCellByIndex(sheet01, n, 1, dZO): null

17-03-2025T06:54:25 - [TEST_STEP][PASSED] - setValueToCellByIndex(sheet01, n, 2, typeOfData): null

17-03-2025T06:54:25 - [TEST_STEP][PASSED] - if (typeOfData == "Факт в процентах" || typeOfData == "План в процентах"): null

17-03-2025T06:54:25 - [TEST_STEP][PASSED] - else: null

17-03-2025T06:54:25 - [TEST_STEP][PASSED] - setValueToCellByIndex(sheet01, n, 3, fileInt): null

17-03-2025T06:54:25 - [TEST_STEP][PASSED] - setValueToCellByIndex(sheet01, n, 4, pageInt): null

17-03-2025T06:54:25 - [TEST_STEP][PASSED] - setValueToCellByIndex(sheet01, n, 5, m): null

17-03-2025T06:54:25 - [TEST_STEP][PASSED] - setValueToCellByIndex(sheet01, n, 6, y): null

17-03-2025T06:54:25 - [TEST_STEP][PASSED] - setValueToCellByIndex(sheet01, n, 7, todaysDate): null

17-03-2025T06:54:25 - [TEST_STEP][PASSED] - n = n + 1: null

17-03-2025T06:54:25 - [TEST_STEP][PASSED] - saveWorkbook(excelFilePath, workbook01): Object: 'Object Repository/Выполнение бизнес-плана/Кнопка Факт' is clicked on

17-03-2025T06:54:25 - [TEST_STEP][PASSED] - if (planFact == 2): Object: 'Object Repository/Выполнение бизнес-плана/Кнопка Факт' is clicked on

17-03-2025T06:54:25 - [TEST_STEP][PASSED] - click(findTestObject("Выполнение бизнес-плана/Кнопка Факт")): Object: 'Object Repository/Выполнение бизнес-плана/Кнопка Факт' is clicked on

17-03-2025T06:54:26 - [MESSAGE][PASSED] - Object: 'Object Repository/Выполнение бизнес-плана/Кнопка Факт' is clicked on

17-03-2025T06:54:26 - [TEST_STEP][PASSED] - println("a=" + a): null

17-03-2025T06:54:26 - [TEST_STEP][PASSED] - if (a == 84 || a == 82): null

17-03-2025T06:54:26 - [TEST_STEP][PASSED] - else if (a == 83 || a == 52 || a == 72 || a == 28 || a == 73 || a == 77 || a == 74 || a == 65 || a == 36 || a == 44 || a == 53 || a == 80 || a == 54 || a == 1 || a == 18 || a == 59 || a == 81): null

17-03-2025T06:54:26 - [TEST_STEP][PASSED] - else: null

17-03-2025T06:54:26 - [TEST_STEP][PASSED] - page1 = getText(findTestObject("Object Repository/Выполнение бизнес-плана/spanPlan" + filialNum)): Text of object 'Object Repository/Выполнение бизнес-плана/spanPlan1' is: '8.69
|'

17-03-2025T06:54:26 - [MESSAGE][PASSED] - Text of object 'Object Repository/Выполнение бизнес-плана/spanPlan1' is: '8.69
|'

17-03-2025T06:54:26 - [TEST_STEP][PASSED] - page1 = page1.replace("|", ""): null

17-03-2025T06:54:26 - [TEST_STEP][PASSED] - page2 = getText(findTestObject("Object Repository/Выполнение бизнес-плана/spanFact" + filialNum)): Text of object 'Object Repository/Выполнение бизнес-плана/spanFact1' is: '7.70
|'

17-03-2025T06:54:26 - [MESSAGE][PASSED] - Text of object 'Object Repository/Выполнение бизнес-плана/spanFact1' is: '7.70
|'

17-03-2025T06:54:26 - [TEST_STEP][PASSED] - page2 = page2.replace("|", ""): null

17-03-2025T06:54:26 - [TEST_STEP][PASSED] - println("page1: " + page1): null

17-03-2025T06:54:26 - [TEST_STEP][PASSED] - println("page2: " + page2): null

17-03-2025T06:54:26 - [TEST_STEP][PASSED] - file = findTestData("PlanFact").getValue(4, a): null

17-03-2025T06:54:26 - [TEST_STEP][PASSED] - file = file.replace(",", "."): null

17-03-2025T06:54:26 - [TEST_STEP][PASSED] - println("file Plan: " + file): null

17-03-2025T06:54:26 - [TEST_STEP][PASSED] - typeOfData = "План в процентах": null

17-03-2025T06:54:26 - [TEST_STEP][PASSED] - fileDouble = file.toDouble(): null

17-03-2025T06:54:26 - [TEST_STEP][PASSED] - pageDouble = page1.toDouble(): null

17-03-2025T06:54:26 - [TEST_STEP][PASSED] - if (fileDouble != pageDouble): null

17-03-2025T06:54:26 - [TEST_STEP][PASSED] - numberOfErrors = numberOfErrors + 1: null

17-03-2025T06:54:26 - [TEST_STEP][PASSED] - Script1718980020443.WriteToExcel(a, typeOfData, todaysDate, pageInt, fileInt, pageDouble, fileDouble, dZO): null

17-03-2025T06:54:26 - [TEST_STEP][PASSED] - sheetName = "Sheet1": null

17-03-2025T06:54:26 - [TEST_STEP][PASSED] - data = findTestData("PlanFact"): null

17-03-2025T06:54:26 - [TEST_STEP][PASSED] - n = data.getRowNumbers() + 1: null

17-03-2025T06:54:26 - [TEST_STEP][PASSED] - day = ")).toInteger(): null

17-03-2025T06:54:26 - [TEST_STEP][PASSED] - println(day): null

17-03-2025T06:54:26 - [TEST_STEP][PASSED] - month = ")).toInteger(): null

17-03-2025T06:54:26 - [TEST_STEP][PASSED] - println(month): null

17-03-2025T06:54:26 - [TEST_STEP][PASSED] - y = <not implemented yet for class: org.codehaus.groovy.ast.expr.EmptyExpression>: null

17-03-2025T06:54:26 - [TEST_STEP][PASSED] - iy = <not implemented yet for class: org.codehaus.groovy.ast.expr.EmptyExpression>: null

17-03-2025T06:54:26 - [TEST_STEP][PASSED] - m = getText(findTestObject("Выполнение бизнес-плана/Период")): Text of object 'Object Repository/Выполнение бизнес-плана/Период' is: 'Январь 2025 года'

17-03-2025T06:54:27 - [MESSAGE][PASSED] - Text of object 'Object Repository/Выполнение бизнес-плана/Период' is: 'Январь 2025 года'

17-03-2025T06:54:27 - [TEST_STEP][PASSED] - iy = m.indexOf("20"): null

17-03-2025T06:54:27 - [TEST_STEP][PASSED] - if (iy > -1): null

17-03-2025T06:54:27 - [TEST_STEP][PASSED] - y = substring(iy, iy + 4).toInteger(): null

17-03-2025T06:54:27 - [TEST_STEP][PASSED] - println(y): null

17-03-2025T06:54:27 - [TEST_STEP][PASSED] - if (toString().length() == 4): null

17-03-2025T06:54:27 - [TEST_STEP][PASSED] - m = m.substring(0, m.indexOf(y.toString())): null

17-03-2025T06:54:27 - [TEST_STEP][PASSED] - m = m.trim(): null

17-03-2025T06:54:27 - [TEST_STEP][PASSED] - if (m == ""): null

17-03-2025T06:54:27 - [TEST_STEP][PASSED] - dashboardName = "Выполнение бизнес-плана": null

17-03-2025T06:54:27 - [TEST_STEP][PASSED] - workbook01 = getWorkbook(excelFilePath): null

17-03-2025T06:54:27 - [TEST_STEP][PASSED] - sheet01 = getExcelSheet(workbook01, sheetName): null

17-03-2025T06:54:27 - [TEST_STEP][PASSED] - setValueToCellByIndex(sheet01, n, 0, dashboardName): null

17-03-2025T06:54:27 - [TEST_STEP][PASSED] - setValueToCellByIndex(sheet01, n, 1, dZO): null

17-03-2025T06:54:27 - [TEST_STEP][PASSED] - setValueToCellByIndex(sheet01, n, 2, typeOfData): null

17-03-2025T06:54:27 - [TEST_STEP][PASSED] - if (typeOfData == "Факт в процентах" || typeOfData == "План в процентах"): null

17-03-2025T06:54:27 - [TEST_STEP][PASSED] - setValueToCellByIndex(sheet01, n, 3, fileDouble): null

17-03-2025T06:54:27 - [TEST_STEP][PASSED] - setValueToCellByIndex(sheet01, n, 4, pageDouble): null

17-03-2025T06:54:27 - [TEST_STEP][PASSED] - setValueToCellByIndex(sheet01, n, 5, m): null

17-03-2025T06:54:27 - [TEST_STEP][PASSED] - setValueToCellByIndex(sheet01, n, 6, y): null

17-03-2025T06:54:27 - [TEST_STEP][PASSED] - setValueToCellByIndex(sheet01, n, 7, todaysDate): null

17-03-2025T06:54:27 - [TEST_STEP][PASSED] - n = n + 1: null

17-03-2025T06:54:27 - [TEST_STEP][PASSED] - saveWorkbook(excelFilePath, workbook01): null

17-03-2025T06:54:27 - [TEST_STEP][PASSED] - file = findTestData("PlanFact").getValue(7, a): null

17-03-2025T06:54:27 - [TEST_STEP][PASSED] - file = file.replace(",", "."): null

17-03-2025T06:54:27 - [TEST_STEP][PASSED] - println("file Fact: " + file): null

17-03-2025T06:54:27 - [TEST_STEP][PASSED] - fileDouble = file.toDouble(): null

17-03-2025T06:54:27 - [TEST_STEP][PASSED] - typeOfData = "Факт в процентах": null

17-03-2025T06:54:27 - [TEST_STEP][PASSED] - fileDouble = file.toDouble(): null

17-03-2025T06:54:27 - [TEST_STEP][PASSED] - pageDouble = page2.toDouble(): null

17-03-2025T06:54:27 - [TEST_STEP][PASSED] - if (fileDouble != pageDouble): null

17-03-2025T06:54:27 - [TEST_STEP][PASSED] - numberOfErrors = numberOfErrors + 1: null

17-03-2025T06:54:27 - [TEST_STEP][PASSED] - Script1718980020443.WriteToExcel(a, typeOfData, todaysDate, pageInt, fileInt, pageDouble, fileDouble, dZO): null

17-03-2025T06:54:27 - [TEST_STEP][PASSED] - sheetName = "Sheet1": null

17-03-2025T06:54:27 - [TEST_STEP][PASSED] - data = findTestData("PlanFact"): null

17-03-2025T06:54:27 - [TEST_STEP][PASSED] - n = data.getRowNumbers() + 1: null

17-03-2025T06:54:27 - [TEST_STEP][PASSED] - day = ")).toInteger(): null

17-03-2025T06:54:27 - [TEST_STEP][PASSED] - println(day): null

17-03-2025T06:54:27 - [TEST_STEP][PASSED] - month = ")).toInteger(): null

17-03-2025T06:54:27 - [TEST_STEP][PASSED] - println(month): null

17-03-2025T06:54:27 - [TEST_STEP][PASSED] - y = <not implemented yet for class: org.codehaus.groovy.ast.expr.EmptyExpression>: null

17-03-2025T06:54:27 - [TEST_STEP][PASSED] - iy = <not implemented yet for class: org.codehaus.groovy.ast.expr.EmptyExpression>: null

17-03-2025T06:54:27 - [TEST_STEP][PASSED] - m = getText(findTestObject("Выполнение бизнес-плана/Период")): Text of object 'Object Repository/Выполнение бизнес-плана/Период' is: 'Январь 2025 года'

17-03-2025T06:54:27 - [MESSAGE][PASSED] - Text of object 'Object Repository/Выполнение бизнес-плана/Период' is: 'Январь 2025 года'

17-03-2025T06:54:27 - [TEST_STEP][PASSED] - iy = m.indexOf("20"): null

17-03-2025T06:54:27 - [TEST_STEP][PASSED] - if (iy > -1): null

17-03-2025T06:54:27 - [TEST_STEP][PASSED] - y = substring(iy, iy + 4).toInteger(): null

17-03-2025T06:54:27 - [TEST_STEP][PASSED] - println(y): null

17-03-2025T06:54:27 - [TEST_STEP][PASSED] - if (toString().length() == 4): null

17-03-2025T06:54:27 - [TEST_STEP][PASSED] - m = m.substring(0, m.indexOf(y.toString())): null

17-03-2025T06:54:27 - [TEST_STEP][PASSED] - m = m.trim(): null

17-03-2025T06:54:27 - [TEST_STEP][PASSED] - if (m == ""): null

17-03-2025T06:54:27 - [TEST_STEP][PASSED] - dashboardName = "Выполнение бизнес-плана": null

17-03-2025T06:54:27 - [TEST_STEP][PASSED] - workbook01 = getWorkbook(excelFilePath): null

17-03-2025T06:54:27 - [TEST_STEP][PASSED] - sheet01 = getExcelSheet(workbook01, sheetName): null

17-03-2025T06:54:27 - [TEST_STEP][PASSED] - setValueToCellByIndex(sheet01, n, 0, dashboardName): null

17-03-2025T06:54:27 - [TEST_STEP][PASSED] - setValueToCellByIndex(sheet01, n, 1, dZO): null

17-03-2025T06:54:27 - [TEST_STEP][PASSED] - setValueToCellByIndex(sheet01, n, 2, typeOfData): null

17-03-2025T06:54:27 - [TEST_STEP][PASSED] - if (typeOfData == "Факт в процентах" || typeOfData == "План в процентах"): null

17-03-2025T06:54:27 - [TEST_STEP][PASSED] - setValueToCellByIndex(sheet01, n, 3, fileDouble): null

17-03-2025T06:54:27 - [TEST_STEP][PASSED] - setValueToCellByIndex(sheet01, n, 4, pageDouble): null

17-03-2025T06:54:27 - [TEST_STEP][PASSED] - setValueToCellByIndex(sheet01, n, 5, m): null

17-03-2025T06:54:27 - [TEST_STEP][PASSED] - setValueToCellByIndex(sheet01, n, 6, y): null

17-03-2025T06:54:27 - [TEST_STEP][PASSED] - setValueToCellByIndex(sheet01, n, 7, todaysDate): null

17-03-2025T06:54:27 - [TEST_STEP][PASSED] - n = n + 1: null

17-03-2025T06:54:27 - [TEST_STEP][PASSED] - saveWorkbook(excelFilePath, workbook01): null

17-03-2025T06:54:28 - [TEST_STEP][FAILED] - if (verifyEqual(numberOfErrors, 0) == false): null

17-03-2025T06:54:28 - [MESSAGE][FAILED] - Unable to verify equal between actual object '6' and expected object '0' (Root cause: com.kms.katalon.core.exception.StepFailedException: Actual object '6' and expected object '0' are not equal
	at com.kms.katalon.core.keyword.builtin.VerifyEqualKeyword$_verifyEqual_closure1.doCall(VerifyEqualKeyword.groovy:58)
	at com.kms.katalon.core.keyword.builtin.VerifyEqualKeyword$_verifyEqual_closure1.call(VerifyEqualKeyword.groovy)
	at com.kms.katalon.core.keyword.internal.KeywordMain.runKeyword(KeywordMain.groovy:75)
	at com.kms.katalon.core.keyword.builtin.VerifyEqualKeyword.verifyEqual(VerifyEqualKeyword.groovy:63)
	at com.kms.katalon.core.keyword.builtin.VerifyEqualKeyword.execute(VerifyEqualKeyword.groovy:44)
	at com.kms.katalon.core.keyword.internal.KeywordExecutor.executeKeywordForPlatform(KeywordExecutor.groovy:74)
	at com.kms.katalon.core.keyword.BuiltinKeywords.verifyEqual(BuiltinKeywords.groovy:146)
	at jdk.internal.reflect.GeneratedMethodAccessor23.invoke(Unknown Source)
	at java.base/jdk.internal.reflect.DelegatingMethodAccessorImpl.invoke(DelegatingMethodAccessorImpl.java:43)
	at Выполнение бизнес-плана Сверка ПАО Россети все филиалы.Numbers(Выполнение бизнес-плана Сверка ПАО Россети все филиалы:744)
	at Выполнение бизнес-плана Сверка ПАО Россети все филиалы.Filials(Выполнение бизнес-плана Сверка ПАО Россети все филиалы:951)
	at Выполнение бизнес-плана Сверка ПАО Россети все филиалы.Numbers(Выполнение бизнес-плана Сверка ПАО Россети все филиалы:751)
	at Выполнение бизнес-плана Сверка ПАО Россети все филиалы.run(Выполнение бизнес-плана Сверка ПАО Россети все филиалы:231)
	at com.kms.katalon.core.main.ScriptEngine.run(ScriptEngine.java:194)
	at com.kms.katalon.core.main.ScriptEngine.runScriptAsRawText(ScriptEngine.java:119)
	at com.kms.katalon.core.main.TestCaseExecutor.runScript(TestCaseExecutor.java:448)
	at com.kms.katalon.core.main.TestCaseExecutor.doExecute(TestCaseExecutor.java:439)
	at com.kms.katalon.core.main.TestCaseExecutor.processExecutionPhase(TestCaseExecutor.java:418)
	at com.kms.katalon.core.main.TestCaseExecutor.accessMainPhase(TestCaseExecutor.java:410)
	at com.kms.katalon.core.main.TestCaseExecutor.execute(TestCaseExecutor.java:285)
	at com.kms.katalon.core.common.CommonExecutor.accessTestCaseMainPhase(CommonExecutor.java:65)
	at com.kms.katalon.core.main.TestSuiteExecutor.accessTestSuiteMainPhase(TestSuiteExecutor.java:150)
	at com.kms.katalon.core.main.TestSuiteExecutor.execute(TestSuiteExecutor.java:106)
	at com.kms.katalon.core.main.TestCaseMain.startTestSuite(TestCaseMain.java:180)
	at TempTestSuite1742171011514.run(TempTestSuite1742171011514.groovy:35)
	at java.base/jdk.internal.reflect.NativeMethodAccessorImpl.invoke0(Native Method)
	at java.base/jdk.internal.reflect.NativeMethodAccessorImpl.invoke(NativeMethodAccessorImpl.java:77)
	at java.base/jdk.internal.reflect.DelegatingMethodAccessorImpl.invoke(DelegatingMethodAccessorImpl.java:43)
)

17-03-2025T06:54:28 - [TEST_STEP][PASSED] - println(numberOfErrors): null

17-03-2025T06:54:28 - [TEST_STEP][PASSED] - println("a=" + a): null

17-03-2025T06:54:28 - [TEST_STEP][PASSED] - if (a == 28 || a == 77 || a == 74 || a == 65 || a == 36 || a == 44 || a == 54 || a == 1 || a == 18 || a == 59): null

17-03-2025T06:54:28 - [TEST_STEP][PASSED] - if (a == 82): null

17-03-2025T06:54:28 - [TEST_STEP][PASSED] - dZO = "Самарские РС": null

17-03-2025T06:54:28 - [TEST_STEP][PASSED] - a = 32: null

17-03-2025T06:54:28 - [TEST_STEP][PASSED] - dzoCut = dZO.substring(0, 10): null

17-03-2025T06:54:28 - [TEST_STEP][PASSED] - if (x2.contains(dzoCut)): null

17-03-2025T06:54:28 - [TEST_STEP][PASSED] - filialNum = filialNum + 1: null

17-03-2025T06:54:28 - [TEST_STEP][PASSED] - Script1718980020443.Numbers(a, typeOfData, todaysDate, pageInt, fileInt, pageDouble, fileDouble, dZO, dzoNum, filialNum): null

17-03-2025T06:54:28 - [TEST_STEP][PASSED] - println(dzoNum): null

17-03-2025T06:54:28 - [TEST_STEP][PASSED] - planFact = <not implemented yet for class: org.codehaus.groovy.ast.expr.EmptyExpression>: null

17-03-2025T06:54:28 - [TEST_STEP][PASSED] - page = <not implemented yet for class: org.codehaus.groovy.ast.expr.EmptyExpression>: null

17-03-2025T06:54:28 - [TEST_STEP][PASSED] - page1 = <not implemented yet for class: org.codehaus.groovy.ast.expr.EmptyExpression>: null

17-03-2025T06:54:28 - [TEST_STEP][PASSED] - page2 = <not implemented yet for class: org.codehaus.groovy.ast.expr.EmptyExpression>: null

17-03-2025T06:54:28 - [TEST_STEP][PASSED] - filialNumberInRow = <not implemented yet for class: org.codehaus.groovy.ast.expr.EmptyExpression>: null

17-03-2025T06:54:28 - [TEST_STEP][PASSED] - filialsDzoNames = <not implemented yet for class: org.codehaus.groovy.ast.expr.EmptyExpression>: null

17-03-2025T06:54:28 - [TEST_STEP][PASSED] - numberOfFilials = <not implemented yet for class: org.codehaus.groovy.ast.expr.EmptyExpression>: null

17-03-2025T06:54:28 - [TEST_STEP][PASSED] - numberOfSpaces = <not implemented yet for class: org.codehaus.groovy.ast.expr.EmptyExpression>: null

17-03-2025T06:54:28 - [TEST_STEP][PASSED] - file = <not implemented yet for class: org.codehaus.groovy.ast.expr.EmptyExpression>: null

17-03-2025T06:54:28 - [TEST_STEP][PASSED] - otpusk = <not implemented yet for class: org.codehaus.groovy.ast.expr.EmptyExpression>: null

17-03-2025T06:54:28 - [TEST_STEP][PASSED] - poteri = <not implemented yet for class: org.codehaus.groovy.ast.expr.EmptyExpression>: null

17-03-2025T06:54:28 - [TEST_STEP][PASSED] - dataFolder = "Выполнение бизнес-плана/Значения со страницы Выполнение бизнес-плана/": null

17-03-2025T06:54:28 - [TEST_STEP][PASSED] - path = <not implemented yet for class: org.codehaus.groovy.ast.expr.EmptyExpression>: null

17-03-2025T06:54:28 - [TEST_STEP][PASSED] - typeOfDataMain = <not implemented yet for class: org.codehaus.groovy.ast.expr.EmptyExpression>: null

17-03-2025T06:54:28 - [TEST_STEP][PASSED] - fileOtpuskVSet = <not implemented yet for class: org.codehaus.groovy.ast.expr.EmptyExpression>: null

17-03-2025T06:54:28 - [TEST_STEP][PASSED] - pageOtpuskVSet = <not implemented yet for class: org.codehaus.groovy.ast.expr.EmptyExpression>: null

17-03-2025T06:54:28 - [TEST_STEP][PASSED] - filePoteri = <not implemented yet for class: org.codehaus.groovy.ast.expr.EmptyExpression>: null

17-03-2025T06:54:28 - [TEST_STEP][PASSED] - pagePoteri = <not implemented yet for class: org.codehaus.groovy.ast.expr.EmptyExpression>: null

17-03-2025T06:54:28 - [TEST_STEP][PASSED] - compare = <not implemented yet for class: org.codehaus.groovy.ast.expr.EmptyExpression>: null

17-03-2025T06:54:28 - [TEST_STEP][PASSED] - b = <not implemented yet for class: org.codehaus.groovy.ast.expr.EmptyExpression>: null

17-03-2025T06:54:28 - [TEST_STEP][PASSED] - i = <not implemented yet for class: org.codehaus.groovy.ast.expr.EmptyExpression>: null

17-03-2025T06:54:28 - [TEST_STEP][PASSED] - ii = <not implemented yet for class: org.codehaus.groovy.ast.expr.EmptyExpression>: null

17-03-2025T06:54:28 - [TEST_STEP][PASSED] - c = <not implemented yet for class: org.codehaus.groovy.ast.expr.EmptyExpression>: null

17-03-2025T06:54:28 - [TEST_STEP][PASSED] - numberOfErrors = 0: null

17-03-2025T06:54:28 - [TEST_STEP][PASSED] - if (a == 82): null

17-03-2025T06:54:28 - [TEST_STEP][PASSED] - b = findTestData("PlanFact").getValue(1, a): null

17-03-2025T06:54:28 - [TEST_STEP][PASSED] - i = b.indexOf(" (ГК)"): null

17-03-2025T06:54:28 - [TEST_STEP][PASSED] - if (i > -1): null

17-03-2025T06:54:28 - [TEST_STEP][PASSED] - i = b.indexOf("О ""): null

17-03-2025T06:54:28 - [TEST_STEP][PASSED] - if (i > -1): null

17-03-2025T06:54:28 - [TEST_STEP][PASSED] - i = b.indexOf("О «"): null

17-03-2025T06:54:28 - [TEST_STEP][PASSED] - if (i > -1): null

17-03-2025T06:54:28 - [TEST_STEP][PASSED] - i = b.indexOf("г. "): null

17-03-2025T06:54:28 - [TEST_STEP][PASSED] - if (i > -1): null

17-03-2025T06:54:28 - [TEST_STEP][PASSED] - b = b.trim(): null

17-03-2025T06:54:28 - [TEST_STEP][PASSED] - println(b): null

17-03-2025T06:54:28 - [TEST_STEP][PASSED] - for ([planFact = 1, planFact < 3, (planFact++)]): null

17-03-2025T06:54:28 - [TEST_STEP][PASSED] - if (planFact == 1): null

17-03-2025T06:54:28 - [TEST_STEP][PASSED] - typeOfDataMain = "Факт": null

17-03-2025T06:54:28 - [TEST_STEP][PASSED] - otpusk = findTestData("PlanFact").getValue(5, a): null

17-03-2025T06:54:28 - [TEST_STEP][PASSED] - poteri = findTestData("PlanFact").getValue(6, a): null

17-03-2025T06:54:28 - [TEST_STEP][PASSED] - otpusk = otpusk.replaceAll("\s+", ""): null

17-03-2025T06:54:28 - [TEST_STEP][PASSED] - poteri = poteri.replaceAll("\s+", ""): null

17-03-2025T06:54:28 - [TEST_STEP][PASSED] - typeOfData = typeOfDataMain + " Отпуск в сеть": null

17-03-2025T06:54:28 - [TEST_STEP][PASSED] - if (a == 82): null

17-03-2025T06:54:28 - [TEST_STEP][PASSED] - else if (a == 84): null

17-03-2025T06:54:28 - [TEST_STEP][PASSED] - else if (a == 83 || a == 52 || a == 72 || a == 28 || a == 73 || a == 77 || a == 74 || a == 65 || a == 36 || a == 44 || a == 53 || a == 80 || a == 54 || a == 1 || a == 18 || a == 59 || a == 81): null

17-03-2025T06:54:28 - [TEST_STEP][PASSED] - else: null

17-03-2025T06:54:28 - [TEST_STEP][PASSED] - path = dataFolder + typeOfData + " за отчётный период " + b: null

17-03-2025T06:54:28 - [TEST_STEP][PASSED] - println(path): null

17-03-2025T06:54:28 - [TEST_STEP][PASSED] - page = getText(findTestObject(path)): Text of object 'Object Repository/Выполнение бизнес-плана/Значения со страницы Выполнение бизнес-плана/Факт Отпуск в сеть за отчётный период Самарские РС' is: '426 120'

17-03-2025T06:54:28 - [MESSAGE][PASSED] - Text of object 'Object Repository/Выполнение бизнес-плана/Значения со страницы Выполнение бизнес-плана/Факт Отпуск в сеть за отчётный период Самарские РС' is: '426 120'

17-03-2025T06:54:28 - [TEST_STEP][PASSED] - if (page == "" || page == null): null

17-03-2025T06:54:28 - [TEST_STEP][PASSED] - else: null

17-03-2025T06:54:28 - [TEST_STEP][PASSED] - page = page.replaceAll("\s+", ""): null

17-03-2025T06:54:28 - [TEST_STEP][PASSED] - if (page == "undefined"): null

17-03-2025T06:54:28 - [TEST_STEP][PASSED] - fileOtpuskVSet = otpusk.toInteger(): null

17-03-2025T06:54:28 - [TEST_STEP][PASSED] - pageOtpuskVSet = page.toInteger(): null

17-03-2025T06:54:28 - [TEST_STEP][PASSED] - typeOfData = typeOfDataMain + " Потери": null

17-03-2025T06:54:28 - [TEST_STEP][PASSED] - if (a == 82): null

17-03-2025T06:54:28 - [TEST_STEP][PASSED] - else if (a == 84): null

17-03-2025T06:54:28 - [TEST_STEP][PASSED] - else if (a == 83 || a == 52 || a == 72 || a == 28 || a == 73 || a == 77 || a == 74 || a == 65 || a == 44 || a == 53 || a == 80 || a == 54 || a == 1 || a == 18 || a == 59 || a == 81): null

17-03-2025T06:54:28 - [TEST_STEP][PASSED] - else: null

17-03-2025T06:54:28 - [TEST_STEP][PASSED] - path = dataFolder + typeOfData + " за отчётный период " + b: null

17-03-2025T06:54:28 - [TEST_STEP][PASSED] - page = getText(findTestObject(path)): Text of object 'Object Repository/Выполнение бизнес-плана/Значения со страницы Выполнение бизнес-плана/Факт Потери за отчётный период Самарские РС' is: '23 552'

17-03-2025T06:54:28 - [MESSAGE][PASSED] - Text of object 'Object Repository/Выполнение бизнес-плана/Значения со страницы Выполнение бизнес-плана/Факт Потери за отчётный период Самарские РС' is: '23 552'

17-03-2025T06:54:28 - [TEST_STEP][PASSED] - if (page == "" || page == null): null

17-03-2025T06:54:28 - [TEST_STEP][PASSED] - else: null

17-03-2025T06:54:28 - [TEST_STEP][PASSED] - page = page.replaceAll("\s+", ""): null

17-03-2025T06:54:28 - [TEST_STEP][PASSED] - if (page == "undefined"): null

17-03-2025T06:54:28 - [TEST_STEP][PASSED] - filePoteri = poteri.toInteger(): null

17-03-2025T06:54:28 - [TEST_STEP][PASSED] - pagePoteri = page.toInteger(): null

17-03-2025T06:54:28 - [TEST_STEP][PASSED] - compare = pageOtpuskVSet: null

17-03-2025T06:54:28 - [TEST_STEP][PASSED] - if (pageOtpuskVSet != null): null

17-03-2025T06:54:28 - [TEST_STEP][PASSED] - if (compare == fileOtpuskVSet): null

17-03-2025T06:54:28 - [TEST_STEP][PASSED] - else if (compare > fileOtpuskVSet): null

17-03-2025T06:54:28 - [TEST_STEP][PASSED] - else if (compare < fileOtpuskVSet): null

17-03-2025T06:54:28 - [TEST_STEP][PASSED] - compare = compare + 1: null

17-03-2025T06:54:28 - [TEST_STEP][PASSED] - if (compare == fileOtpuskVSet): null

17-03-2025T06:54:28 - [TEST_STEP][PASSED] - else: null

17-03-2025T06:54:28 - [TEST_STEP][PASSED] - numberOfErrors = numberOfErrors + 1: null

17-03-2025T06:54:28 - [TEST_STEP][PASSED] - pageInt = pageOtpuskVSet: null

17-03-2025T06:54:28 - [TEST_STEP][PASSED] - fileInt = fileOtpuskVSet: null

17-03-2025T06:54:28 - [TEST_STEP][PASSED] - typeOfData = typeOfDataMain + " Отпуск в сеть": null

17-03-2025T06:54:28 - [TEST_STEP][PASSED] - Script1718980020443.WriteToExcel(a, typeOfData, todaysDate, pageInt, fileInt, pageDouble, fileDouble, dZO): null

17-03-2025T06:54:28 - [TEST_STEP][PASSED] - sheetName = "Sheet1": null

17-03-2025T06:54:28 - [TEST_STEP][PASSED] - data = findTestData("PlanFact"): null

17-03-2025T06:54:28 - [TEST_STEP][PASSED] - n = data.getRowNumbers() + 1: null

17-03-2025T06:54:28 - [TEST_STEP][PASSED] - day = ")).toInteger(): null

17-03-2025T06:54:28 - [TEST_STEP][PASSED] - println(day): null

17-03-2025T06:54:28 - [TEST_STEP][PASSED] - month = ")).toInteger(): null

17-03-2025T06:54:28 - [TEST_STEP][PASSED] - println(month): null

17-03-2025T06:54:28 - [TEST_STEP][PASSED] - y = <not implemented yet for class: org.codehaus.groovy.ast.expr.EmptyExpression>: null

17-03-2025T06:54:28 - [TEST_STEP][PASSED] - iy = <not implemented yet for class: org.codehaus.groovy.ast.expr.EmptyExpression>: null

17-03-2025T06:54:28 - [TEST_STEP][PASSED] - m = getText(findTestObject("Выполнение бизнес-плана/Период")): Text of object 'Object Repository/Выполнение бизнес-плана/Период' is: 'Январь 2025 года'

17-03-2025T06:54:29 - [MESSAGE][PASSED] - Text of object 'Object Repository/Выполнение бизнес-плана/Период' is: 'Январь 2025 года'

17-03-2025T06:54:29 - [TEST_STEP][PASSED] - iy = m.indexOf("20"): null

17-03-2025T06:54:29 - [TEST_STEP][PASSED] - if (iy > -1): null

17-03-2025T06:54:29 - [TEST_STEP][PASSED] - y = substring(iy, iy + 4).toInteger(): null

17-03-2025T06:54:29 - [TEST_STEP][PASSED] - println(y): null

17-03-2025T06:54:29 - [TEST_STEP][PASSED] - if (toString().length() == 4): null

17-03-2025T06:54:29 - [TEST_STEP][PASSED] - m = m.substring(0, m.indexOf(y.toString())): null

17-03-2025T06:54:29 - [TEST_STEP][PASSED] - m = m.trim(): null

17-03-2025T06:54:29 - [TEST_STEP][PASSED] - if (m == ""): null

17-03-2025T06:54:29 - [TEST_STEP][PASSED] - dashboardName = "Выполнение бизнес-плана": null

17-03-2025T06:54:29 - [TEST_STEP][PASSED] - workbook01 = getWorkbook(excelFilePath): null

17-03-2025T06:54:29 - [TEST_STEP][PASSED] - sheet01 = getExcelSheet(workbook01, sheetName): null

17-03-2025T06:54:29 - [TEST_STEP][PASSED] - setValueToCellByIndex(sheet01, n, 0, dashboardName): null

17-03-2025T06:54:29 - [TEST_STEP][PASSED] - setValueToCellByIndex(sheet01, n, 1, dZO): null

17-03-2025T06:54:29 - [TEST_STEP][PASSED] - setValueToCellByIndex(sheet01, n, 2, typeOfData): null

17-03-2025T06:54:29 - [TEST_STEP][PASSED] - if (typeOfData == "Факт в процентах" || typeOfData == "План в процентах"): null

17-03-2025T06:54:29 - [TEST_STEP][PASSED] - else: null

17-03-2025T06:54:29 - [TEST_STEP][PASSED] - setValueToCellByIndex(sheet01, n, 3, fileInt): null

17-03-2025T06:54:29 - [TEST_STEP][PASSED] - setValueToCellByIndex(sheet01, n, 4, pageInt): null

17-03-2025T06:54:29 - [TEST_STEP][PASSED] - setValueToCellByIndex(sheet01, n, 5, m): null

17-03-2025T06:54:29 - [TEST_STEP][PASSED] - setValueToCellByIndex(sheet01, n, 6, y): null

17-03-2025T06:54:29 - [TEST_STEP][PASSED] - setValueToCellByIndex(sheet01, n, 7, todaysDate): null

17-03-2025T06:54:29 - [TEST_STEP][PASSED] - n = n + 1: null

17-03-2025T06:54:29 - [TEST_STEP][PASSED] - saveWorkbook(excelFilePath, workbook01): null

17-03-2025T06:54:29 - [TEST_STEP][PASSED] - compare = pagePoteri: null

17-03-2025T06:54:29 - [TEST_STEP][PASSED] - if (pageOtpuskVSet != null): null

17-03-2025T06:54:29 - [TEST_STEP][PASSED] - if (compare == filePoteri): null

17-03-2025T06:54:29 - [TEST_STEP][PASSED] - else if (compare > filePoteri): null

17-03-2025T06:54:29 - [TEST_STEP][PASSED] - else if (compare < filePoteri): null

17-03-2025T06:54:29 - [TEST_STEP][PASSED] - compare = compare + 1: null

17-03-2025T06:54:29 - [TEST_STEP][PASSED] - if (compare == filePoteri): null

17-03-2025T06:54:29 - [TEST_STEP][PASSED] - else: null

17-03-2025T06:54:29 - [TEST_STEP][PASSED] - numberOfErrors = numberOfErrors + 1: null

17-03-2025T06:54:29 - [TEST_STEP][PASSED] - pageInt = pagePoteri: null

17-03-2025T06:54:29 - [TEST_STEP][PASSED] - fileInt = filePoteri: null

17-03-2025T06:54:29 - [TEST_STEP][PASSED] - typeOfData = typeOfDataMain + " Потери": null

17-03-2025T06:54:29 - [TEST_STEP][PASSED] - Script1718980020443.WriteToExcel(a, typeOfData, todaysDate, pageInt, fileInt, pageDouble, fileDouble, dZO): null

17-03-2025T06:54:29 - [TEST_STEP][PASSED] - sheetName = "Sheet1": null

17-03-2025T06:54:29 - [TEST_STEP][PASSED] - data = findTestData("PlanFact"): null

17-03-2025T06:54:29 - [TEST_STEP][PASSED] - n = data.getRowNumbers() + 1: null

17-03-2025T06:54:29 - [TEST_STEP][PASSED] - day = ")).toInteger(): null

17-03-2025T06:54:29 - [TEST_STEP][PASSED] - println(day): null

17-03-2025T06:54:29 - [TEST_STEP][PASSED] - month = ")).toInteger(): null

17-03-2025T06:54:29 - [TEST_STEP][PASSED] - println(month): null

17-03-2025T06:54:29 - [TEST_STEP][PASSED] - y = <not implemented yet for class: org.codehaus.groovy.ast.expr.EmptyExpression>: null

17-03-2025T06:54:29 - [TEST_STEP][PASSED] - iy = <not implemented yet for class: org.codehaus.groovy.ast.expr.EmptyExpression>: null

17-03-2025T06:54:29 - [TEST_STEP][PASSED] - m = getText(findTestObject("Выполнение бизнес-плана/Период")): Text of object 'Object Repository/Выполнение бизнес-плана/Период' is: 'Январь 2025 года'

17-03-2025T06:54:29 - [MESSAGE][PASSED] - Text of object 'Object Repository/Выполнение бизнес-плана/Период' is: 'Январь 2025 года'

17-03-2025T06:54:29 - [TEST_STEP][PASSED] - iy = m.indexOf("20"): null

17-03-2025T06:54:29 - [TEST_STEP][PASSED] - if (iy > -1): null

17-03-2025T06:54:29 - [TEST_STEP][PASSED] - y = substring(iy, iy + 4).toInteger(): null

17-03-2025T06:54:29 - [TEST_STEP][PASSED] - println(y): null

17-03-2025T06:54:29 - [TEST_STEP][PASSED] - if (toString().length() == 4): null

17-03-2025T06:54:29 - [TEST_STEP][PASSED] - m = m.substring(0, m.indexOf(y.toString())): null

17-03-2025T06:54:29 - [TEST_STEP][PASSED] - m = m.trim(): null

17-03-2025T06:54:29 - [TEST_STEP][PASSED] - if (m == ""): null

17-03-2025T06:54:29 - [TEST_STEP][PASSED] - dashboardName = "Выполнение бизнес-плана": null

17-03-2025T06:54:29 - [TEST_STEP][PASSED] - workbook01 = getWorkbook(excelFilePath): null

17-03-2025T06:54:30 - [TEST_STEP][PASSED] - sheet01 = getExcelSheet(workbook01, sheetName): null

17-03-2025T06:54:30 - [TEST_STEP][PASSED] - setValueToCellByIndex(sheet01, n, 0, dashboardName): null

17-03-2025T06:54:30 - [TEST_STEP][PASSED] - setValueToCellByIndex(sheet01, n, 1, dZO): null

17-03-2025T06:54:30 - [TEST_STEP][PASSED] - setValueToCellByIndex(sheet01, n, 2, typeOfData): null

17-03-2025T06:54:30 - [TEST_STEP][PASSED] - if (typeOfData == "Факт в процентах" || typeOfData == "План в процентах"): null

17-03-2025T06:54:30 - [TEST_STEP][PASSED] - else: null

17-03-2025T06:54:30 - [TEST_STEP][PASSED] - setValueToCellByIndex(sheet01, n, 3, fileInt): null

17-03-2025T06:54:30 - [TEST_STEP][PASSED] - setValueToCellByIndex(sheet01, n, 4, pageInt): null

17-03-2025T06:54:30 - [TEST_STEP][PASSED] - setValueToCellByIndex(sheet01, n, 5, m): null

17-03-2025T06:54:30 - [TEST_STEP][PASSED] - setValueToCellByIndex(sheet01, n, 6, y): null

17-03-2025T06:54:30 - [TEST_STEP][PASSED] - setValueToCellByIndex(sheet01, n, 7, todaysDate): null

17-03-2025T06:54:30 - [TEST_STEP][PASSED] - n = n + 1: null

17-03-2025T06:54:30 - [TEST_STEP][PASSED] - saveWorkbook(excelFilePath, workbook01): null

17-03-2025T06:54:30 - [TEST_STEP][PASSED] - if (planFact == 2): null

17-03-2025T06:54:30 - [TEST_STEP][PASSED] - if (planFact == 1): null

17-03-2025T06:54:30 - [TEST_STEP][PASSED] - else if (planFact == 2): null

17-03-2025T06:54:30 - [TEST_STEP][PASSED] - click(findTestObject("Выполнение бизнес-плана/Кнопка План")): Object: 'Object Repository/Выполнение бизнес-плана/Кнопка План' is clicked on

17-03-2025T06:54:30 - [MESSAGE][PASSED] - Object: 'Object Repository/Выполнение бизнес-плана/Кнопка План' is clicked on

17-03-2025T06:54:30 - [TEST_STEP][PASSED] - typeOfDataMain = "План": null

17-03-2025T06:54:30 - [TEST_STEP][PASSED] - otpusk = findTestData("PlanFact").getValue(2, a): null

17-03-2025T06:54:30 - [TEST_STEP][PASSED] - poteri = findTestData("PlanFact").getValue(3, a): null

17-03-2025T06:54:30 - [TEST_STEP][PASSED] - otpusk = otpusk.replaceAll("\s+", ""): null

17-03-2025T06:54:30 - [TEST_STEP][PASSED] - poteri = poteri.replaceAll("\s+", ""): null

17-03-2025T06:54:30 - [TEST_STEP][PASSED] - typeOfData = typeOfDataMain + " Отпуск в сеть": null

17-03-2025T06:54:30 - [TEST_STEP][PASSED] - if (a == 82): null

17-03-2025T06:54:30 - [TEST_STEP][PASSED] - else if (a == 84): null

17-03-2025T06:54:30 - [TEST_STEP][PASSED] - else if (a == 83 || a == 52 || a == 72 || a == 28 || a == 73 || a == 77 || a == 74 || a == 65 || a == 36 || a == 44 || a == 53 || a == 80 || a == 54 || a == 1 || a == 18 || a == 59 || a == 81): null

17-03-2025T06:54:30 - [TEST_STEP][PASSED] - else: null

17-03-2025T06:54:30 - [TEST_STEP][PASSED] - path = dataFolder + typeOfData + " за отчётный период " + b: null

17-03-2025T06:54:30 - [TEST_STEP][PASSED] - println(path): null

17-03-2025T06:54:30 - [TEST_STEP][PASSED] - page = getText(findTestObject(path)): Text of object 'Object Repository/Выполнение бизнес-плана/Значения со страницы Выполнение бизнес-плана/План Отпуск в сеть за отчётный период Самарские РС' is: '439 261'

17-03-2025T06:54:31 - [MESSAGE][PASSED] - Text of object 'Object Repository/Выполнение бизнес-плана/Значения со страницы Выполнение бизнес-плана/План Отпуск в сеть за отчётный период Самарские РС' is: '439 261'

17-03-2025T06:54:31 - [TEST_STEP][PASSED] - if (page == "" || page == null): null

17-03-2025T06:54:31 - [TEST_STEP][PASSED] - else: null

17-03-2025T06:54:31 - [TEST_STEP][PASSED] - page = page.replaceAll("\s+", ""): null

17-03-2025T06:54:31 - [TEST_STEP][PASSED] - if (page == "undefined"): null

17-03-2025T06:54:31 - [TEST_STEP][PASSED] - fileOtpuskVSet = otpusk.toInteger(): null

17-03-2025T06:54:31 - [TEST_STEP][PASSED] - pageOtpuskVSet = page.toInteger(): null

17-03-2025T06:54:31 - [TEST_STEP][PASSED] - typeOfData = typeOfDataMain + " Потери": null

17-03-2025T06:54:31 - [TEST_STEP][PASSED] - if (a == 82): null

17-03-2025T06:54:31 - [TEST_STEP][PASSED] - else if (a == 84): null

17-03-2025T06:54:31 - [TEST_STEP][PASSED] - else if (a == 83 || a == 52 || a == 72 || a == 28 || a == 73 || a == 77 || a == 74 || a == 65 || a == 44 || a == 53 || a == 80 || a == 54 || a == 1 || a == 18 || a == 59 || a == 81): null

17-03-2025T06:54:31 - [TEST_STEP][PASSED] - else: null

17-03-2025T06:54:31 - [TEST_STEP][PASSED] - path = dataFolder + typeOfData + " за отчётный период " + b: null

17-03-2025T06:54:31 - [TEST_STEP][PASSED] - page = getText(findTestObject(path)): Text of object 'Object Repository/Выполнение бизнес-плана/Значения со страницы Выполнение бизнес-плана/План Потери за отчётный период Самарские РС' is: '32 541'

17-03-2025T06:54:31 - [MESSAGE][PASSED] - Text of object 'Object Repository/Выполнение бизнес-плана/Значения со страницы Выполнение бизнес-плана/План Потери за отчётный период Самарские РС' is: '32 541'

17-03-2025T06:54:31 - [TEST_STEP][PASSED] - if (page == "" || page == null): null

17-03-2025T06:54:31 - [TEST_STEP][PASSED] - else: null

17-03-2025T06:54:31 - [TEST_STEP][PASSED] - page = page.replaceAll("\s+", ""): null

17-03-2025T06:54:31 - [TEST_STEP][PASSED] - if (page == "undefined"): null

17-03-2025T06:54:31 - [TEST_STEP][PASSED] - filePoteri = poteri.toInteger(): null

17-03-2025T06:54:31 - [TEST_STEP][PASSED] - pagePoteri = page.toInteger(): null

17-03-2025T06:54:31 - [TEST_STEP][PASSED] - compare = pageOtpuskVSet: null

17-03-2025T06:54:31 - [TEST_STEP][PASSED] - if (pageOtpuskVSet != null): null

17-03-2025T06:54:31 - [TEST_STEP][PASSED] - if (compare == fileOtpuskVSet): null

17-03-2025T06:54:31 - [TEST_STEP][PASSED] - else if (compare > fileOtpuskVSet): null

17-03-2025T06:54:31 - [TEST_STEP][PASSED] - else if (compare < fileOtpuskVSet): null

17-03-2025T06:54:31 - [TEST_STEP][PASSED] - compare = compare + 1: null

17-03-2025T06:54:31 - [TEST_STEP][PASSED] - if (compare == fileOtpuskVSet): null

17-03-2025T06:54:31 - [TEST_STEP][PASSED] - else: null

17-03-2025T06:54:31 - [TEST_STEP][PASSED] - numberOfErrors = numberOfErrors + 1: null

17-03-2025T06:54:31 - [TEST_STEP][PASSED] - pageInt = pageOtpuskVSet: null

17-03-2025T06:54:31 - [TEST_STEP][PASSED] - fileInt = fileOtpuskVSet: null

17-03-2025T06:54:31 - [TEST_STEP][PASSED] - typeOfData = typeOfDataMain + " Отпуск в сеть": null

17-03-2025T06:54:31 - [TEST_STEP][PASSED] - Script1718980020443.WriteToExcel(a, typeOfData, todaysDate, pageInt, fileInt, pageDouble, fileDouble, dZO): null

17-03-2025T06:54:31 - [TEST_STEP][PASSED] - sheetName = "Sheet1": null

17-03-2025T06:54:31 - [TEST_STEP][PASSED] - data = findTestData("PlanFact"): null

17-03-2025T06:54:31 - [TEST_STEP][PASSED] - n = data.getRowNumbers() + 1: null

17-03-2025T06:54:31 - [TEST_STEP][PASSED] - day = ")).toInteger(): null

17-03-2025T06:54:31 - [TEST_STEP][PASSED] - println(day): null

17-03-2025T06:54:31 - [TEST_STEP][PASSED] - month = ")).toInteger(): null

17-03-2025T06:54:31 - [TEST_STEP][PASSED] - println(month): null

17-03-2025T06:54:31 - [TEST_STEP][PASSED] - y = <not implemented yet for class: org.codehaus.groovy.ast.expr.EmptyExpression>: null

17-03-2025T06:54:31 - [TEST_STEP][PASSED] - iy = <not implemented yet for class: org.codehaus.groovy.ast.expr.EmptyExpression>: null

17-03-2025T06:54:31 - [TEST_STEP][PASSED] - m = getText(findTestObject("Выполнение бизнес-плана/Период")): Text of object 'Object Repository/Выполнение бизнес-плана/Период' is: 'Январь 2025 года'

17-03-2025T06:54:31 - [MESSAGE][PASSED] - Text of object 'Object Repository/Выполнение бизнес-плана/Период' is: 'Январь 2025 года'

17-03-2025T06:54:31 - [TEST_STEP][PASSED] - iy = m.indexOf("20"): null

17-03-2025T06:54:31 - [TEST_STEP][PASSED] - if (iy > -1): null

17-03-2025T06:54:31 - [TEST_STEP][PASSED] - y = substring(iy, iy + 4).toInteger(): null

17-03-2025T06:54:31 - [TEST_STEP][PASSED] - println(y): null

17-03-2025T06:54:31 - [TEST_STEP][PASSED] - if (toString().length() == 4): null

17-03-2025T06:54:31 - [TEST_STEP][PASSED] - m = m.substring(0, m.indexOf(y.toString())): null

17-03-2025T06:54:31 - [TEST_STEP][PASSED] - m = m.trim(): null

17-03-2025T06:54:31 - [TEST_STEP][PASSED] - if (m == ""): null

17-03-2025T06:54:31 - [TEST_STEP][PASSED] - dashboardName = "Выполнение бизнес-плана": null

17-03-2025T06:54:31 - [TEST_STEP][PASSED] - workbook01 = getWorkbook(excelFilePath): null

17-03-2025T06:54:31 - [TEST_STEP][PASSED] - sheet01 = getExcelSheet(workbook01, sheetName): null

17-03-2025T06:54:31 - [TEST_STEP][PASSED] - setValueToCellByIndex(sheet01, n, 0, dashboardName): null

17-03-2025T06:54:31 - [TEST_STEP][PASSED] - setValueToCellByIndex(sheet01, n, 1, dZO): null

17-03-2025T06:54:31 - [TEST_STEP][PASSED] - setValueToCellByIndex(sheet01, n, 2, typeOfData): null

17-03-2025T06:54:31 - [TEST_STEP][PASSED] - if (typeOfData == "Факт в процентах" || typeOfData == "План в процентах"): null

17-03-2025T06:54:31 - [TEST_STEP][PASSED] - else: null

17-03-2025T06:54:31 - [TEST_STEP][PASSED] - setValueToCellByIndex(sheet01, n, 3, fileInt): null

17-03-2025T06:54:31 - [TEST_STEP][PASSED] - setValueToCellByIndex(sheet01, n, 4, pageInt): null

17-03-2025T06:54:31 - [TEST_STEP][PASSED] - setValueToCellByIndex(sheet01, n, 5, m): null

17-03-2025T06:54:31 - [TEST_STEP][PASSED] - setValueToCellByIndex(sheet01, n, 6, y): null

17-03-2025T06:54:31 - [TEST_STEP][PASSED] - setValueToCellByIndex(sheet01, n, 7, todaysDate): null

17-03-2025T06:54:31 - [TEST_STEP][PASSED] - n = n + 1: null

17-03-2025T06:54:31 - [TEST_STEP][PASSED] - saveWorkbook(excelFilePath, workbook01): null

17-03-2025T06:54:31 - [TEST_STEP][PASSED] - compare = pagePoteri: null

17-03-2025T06:54:31 - [TEST_STEP][PASSED] - if (pageOtpuskVSet != null): null

17-03-2025T06:54:31 - [TEST_STEP][PASSED] - if (compare == filePoteri): null

17-03-2025T06:54:31 - [TEST_STEP][PASSED] - else if (compare > filePoteri): null

17-03-2025T06:54:31 - [TEST_STEP][PASSED] - else if (compare < filePoteri): null

17-03-2025T06:54:31 - [TEST_STEP][PASSED] - compare = compare + 1: null

17-03-2025T06:54:31 - [TEST_STEP][PASSED] - if (compare == filePoteri): null

17-03-2025T06:54:31 - [TEST_STEP][PASSED] - else: null

17-03-2025T06:54:31 - [TEST_STEP][PASSED] - numberOfErrors = numberOfErrors + 1: null

17-03-2025T06:54:31 - [TEST_STEP][PASSED] - pageInt = pagePoteri: null

17-03-2025T06:54:31 - [TEST_STEP][PASSED] - fileInt = filePoteri: null

17-03-2025T06:54:31 - [TEST_STEP][PASSED] - typeOfData = typeOfDataMain + " Потери": null

17-03-2025T06:54:31 - [TEST_STEP][PASSED] - Script1718980020443.WriteToExcel(a, typeOfData, todaysDate, pageInt, fileInt, pageDouble, fileDouble, dZO): null

17-03-2025T06:54:31 - [TEST_STEP][PASSED] - sheetName = "Sheet1": null

17-03-2025T06:54:31 - [TEST_STEP][PASSED] - data = findTestData("PlanFact"): null

17-03-2025T06:54:32 - [TEST_STEP][PASSED] - n = data.getRowNumbers() + 1: null

17-03-2025T06:54:32 - [TEST_STEP][PASSED] - day = ")).toInteger(): null

17-03-2025T06:54:32 - [TEST_STEP][PASSED] - println(day): null

17-03-2025T06:54:32 - [TEST_STEP][PASSED] - month = ")).toInteger(): null

17-03-2025T06:54:32 - [TEST_STEP][PASSED] - println(month): null

17-03-2025T06:54:32 - [TEST_STEP][PASSED] - y = <not implemented yet for class: org.codehaus.groovy.ast.expr.EmptyExpression>: null

17-03-2025T06:54:32 - [TEST_STEP][PASSED] - iy = <not implemented yet for class: org.codehaus.groovy.ast.expr.EmptyExpression>: null

17-03-2025T06:54:32 - [TEST_STEP][PASSED] - m = getText(findTestObject("Выполнение бизнес-плана/Период")): Text of object 'Object Repository/Выполнение бизнес-плана/Период' is: 'Январь 2025 года'

17-03-2025T06:54:32 - [MESSAGE][PASSED] - Text of object 'Object Repository/Выполнение бизнес-плана/Период' is: 'Январь 2025 года'

17-03-2025T06:54:32 - [TEST_STEP][PASSED] - iy = m.indexOf("20"): null

17-03-2025T06:54:32 - [TEST_STEP][PASSED] - if (iy > -1): null

17-03-2025T06:54:32 - [TEST_STEP][PASSED] - y = substring(iy, iy + 4).toInteger(): null

17-03-2025T06:54:32 - [TEST_STEP][PASSED] - println(y): null

17-03-2025T06:54:32 - [TEST_STEP][PASSED] - if (toString().length() == 4): null

17-03-2025T06:54:32 - [TEST_STEP][PASSED] - m = m.substring(0, m.indexOf(y.toString())): null

17-03-2025T06:54:32 - [TEST_STEP][PASSED] - m = m.trim(): null

17-03-2025T06:54:32 - [TEST_STEP][PASSED] - if (m == ""): null

17-03-2025T06:54:32 - [TEST_STEP][PASSED] - dashboardName = "Выполнение бизнес-плана": null

17-03-2025T06:54:32 - [TEST_STEP][PASSED] - workbook01 = getWorkbook(excelFilePath): null

17-03-2025T06:54:32 - [TEST_STEP][PASSED] - sheet01 = getExcelSheet(workbook01, sheetName): null

17-03-2025T06:54:32 - [TEST_STEP][PASSED] - setValueToCellByIndex(sheet01, n, 0, dashboardName): null

17-03-2025T06:54:32 - [TEST_STEP][PASSED] - setValueToCellByIndex(sheet01, n, 1, dZO): null

17-03-2025T06:54:32 - [TEST_STEP][PASSED] - setValueToCellByIndex(sheet01, n, 2, typeOfData): null

17-03-2025T06:54:32 - [TEST_STEP][PASSED] - if (typeOfData == "Факт в процентах" || typeOfData == "План в процентах"): null

17-03-2025T06:54:32 - [TEST_STEP][PASSED] - else: null

17-03-2025T06:54:32 - [TEST_STEP][PASSED] - setValueToCellByIndex(sheet01, n, 3, fileInt): null

17-03-2025T06:54:32 - [TEST_STEP][PASSED] - setValueToCellByIndex(sheet01, n, 4, pageInt): null

17-03-2025T06:54:32 - [TEST_STEP][PASSED] - setValueToCellByIndex(sheet01, n, 5, m): null

17-03-2025T06:54:32 - [TEST_STEP][PASSED] - setValueToCellByIndex(sheet01, n, 6, y): null

17-03-2025T06:54:32 - [TEST_STEP][PASSED] - setValueToCellByIndex(sheet01, n, 7, todaysDate): null

17-03-2025T06:54:32 - [TEST_STEP][PASSED] - n = n + 1: null

17-03-2025T06:54:32 - [TEST_STEP][PASSED] - saveWorkbook(excelFilePath, workbook01): Object: 'Object Repository/Выполнение бизнес-плана/Кнопка Факт' is clicked on

17-03-2025T06:54:32 - [TEST_STEP][PASSED] - if (planFact == 2): Object: 'Object Repository/Выполнение бизнес-плана/Кнопка Факт' is clicked on

17-03-2025T06:54:32 - [TEST_STEP][PASSED] - click(findTestObject("Выполнение бизнес-плана/Кнопка Факт")): Object: 'Object Repository/Выполнение бизнес-плана/Кнопка Факт' is clicked on

17-03-2025T06:54:32 - [MESSAGE][PASSED] - Object: 'Object Repository/Выполнение бизнес-плана/Кнопка Факт' is clicked on

17-03-2025T06:54:32 - [TEST_STEP][PASSED] - println("a=" + a): null

17-03-2025T06:54:32 - [TEST_STEP][PASSED] - if (a == 84 || a == 82): null

17-03-2025T06:54:32 - [TEST_STEP][PASSED] - else if (a == 83 || a == 52 || a == 72 || a == 28 || a == 73 || a == 77 || a == 74 || a == 65 || a == 36 || a == 44 || a == 53 || a == 80 || a == 54 || a == 1 || a == 18 || a == 59 || a == 81): null

17-03-2025T06:54:32 - [TEST_STEP][PASSED] - else: null

17-03-2025T06:54:32 - [TEST_STEP][PASSED] - page1 = getText(findTestObject("Object Repository/Выполнение бизнес-плана/spanPlan" + filialNum)): Text of object 'Object Repository/Выполнение бизнес-плана/spanPlan2' is: '4.75
|'

17-03-2025T06:54:33 - [MESSAGE][PASSED] - Text of object 'Object Repository/Выполнение бизнес-плана/spanPlan2' is: '4.75
|'

17-03-2025T06:54:33 - [TEST_STEP][PASSED] - page1 = page1.replace("|", ""): null

17-03-2025T06:54:33 - [TEST_STEP][PASSED] - page2 = getText(findTestObject("Object Repository/Выполнение бизнес-плана/spanFact" + filialNum)): Text of object 'Object Repository/Выполнение бизнес-плана/spanFact2' is: '4.45
|'

17-03-2025T06:54:33 - [MESSAGE][PASSED] - Text of object 'Object Repository/Выполнение бизнес-плана/spanFact2' is: '4.45
|'

17-03-2025T06:54:33 - [TEST_STEP][PASSED] - page2 = page2.replace("|", ""): null

17-03-2025T06:54:33 - [TEST_STEP][PASSED] - println("page1: " + page1): null

17-03-2025T06:54:33 - [TEST_STEP][PASSED] - println("page2: " + page2): null

17-03-2025T06:54:33 - [TEST_STEP][PASSED] - file = findTestData("PlanFact").getValue(4, a): null

17-03-2025T06:54:33 - [TEST_STEP][PASSED] - file = file.replace(",", "."): null

17-03-2025T06:54:33 - [TEST_STEP][PASSED] - println("file Plan: " + file): null

17-03-2025T06:54:33 - [TEST_STEP][PASSED] - typeOfData = "План в процентах": null

17-03-2025T06:54:33 - [TEST_STEP][PASSED] - fileDouble = file.toDouble(): null

17-03-2025T06:54:33 - [TEST_STEP][PASSED] - pageDouble = page1.toDouble(): null

17-03-2025T06:54:33 - [TEST_STEP][PASSED] - if (fileDouble != pageDouble): null

17-03-2025T06:54:33 - [TEST_STEP][PASSED] - numberOfErrors = numberOfErrors + 1: null

17-03-2025T06:54:33 - [TEST_STEP][PASSED] - Script1718980020443.WriteToExcel(a, typeOfData, todaysDate, pageInt, fileInt, pageDouble, fileDouble, dZO): null

17-03-2025T06:54:33 - [TEST_STEP][PASSED] - sheetName = "Sheet1": null

17-03-2025T06:54:33 - [TEST_STEP][PASSED] - data = findTestData("PlanFact"): null

17-03-2025T06:54:33 - [TEST_STEP][PASSED] - n = data.getRowNumbers() + 1: null

17-03-2025T06:54:33 - [TEST_STEP][PASSED] - day = ")).toInteger(): null

17-03-2025T06:54:33 - [TEST_STEP][PASSED] - println(day): null

17-03-2025T06:54:33 - [TEST_STEP][PASSED] - month = ")).toInteger(): null

17-03-2025T06:54:33 - [TEST_STEP][PASSED] - println(month): null

17-03-2025T06:54:33 - [TEST_STEP][PASSED] - y = <not implemented yet for class: org.codehaus.groovy.ast.expr.EmptyExpression>: null

17-03-2025T06:54:33 - [TEST_STEP][PASSED] - iy = <not implemented yet for class: org.codehaus.groovy.ast.expr.EmptyExpression>: null

17-03-2025T06:54:33 - [TEST_STEP][PASSED] - m = getText(findTestObject("Выполнение бизнес-плана/Период")): Text of object 'Object Repository/Выполнение бизнес-плана/Период' is: 'Январь 2025 года'

17-03-2025T06:54:33 - [MESSAGE][PASSED] - Text of object 'Object Repository/Выполнение бизнес-плана/Период' is: 'Январь 2025 года'

17-03-2025T06:54:33 - [TEST_STEP][PASSED] - iy = m.indexOf("20"): null

17-03-2025T06:54:33 - [TEST_STEP][PASSED] - if (iy > -1): null

17-03-2025T06:54:33 - [TEST_STEP][PASSED] - y = substring(iy, iy + 4).toInteger(): null

17-03-2025T06:54:33 - [TEST_STEP][PASSED] - println(y): null

17-03-2025T06:54:33 - [TEST_STEP][PASSED] - if (toString().length() == 4): null

17-03-2025T06:54:33 - [TEST_STEP][PASSED] - m = m.substring(0, m.indexOf(y.toString())): null

17-03-2025T06:54:33 - [TEST_STEP][PASSED] - m = m.trim(): null

17-03-2025T06:54:33 - [TEST_STEP][PASSED] - if (m == ""): null

17-03-2025T06:54:33 - [TEST_STEP][PASSED] - dashboardName = "Выполнение бизнес-плана": null

17-03-2025T06:54:33 - [TEST_STEP][PASSED] - workbook01 = getWorkbook(excelFilePath): null

17-03-2025T06:54:34 - [TEST_STEP][PASSED] - sheet01 = getExcelSheet(workbook01, sheetName): null

17-03-2025T06:54:34 - [TEST_STEP][PASSED] - setValueToCellByIndex(sheet01, n, 0, dashboardName): null

17-03-2025T06:54:34 - [TEST_STEP][PASSED] - setValueToCellByIndex(sheet01, n, 1, dZO): null

17-03-2025T06:54:34 - [TEST_STEP][PASSED] - setValueToCellByIndex(sheet01, n, 2, typeOfData): null

17-03-2025T06:54:34 - [TEST_STEP][PASSED] - if (typeOfData == "Факт в процентах" || typeOfData == "План в процентах"): null

17-03-2025T06:54:34 - [TEST_STEP][PASSED] - setValueToCellByIndex(sheet01, n, 3, fileDouble): null

17-03-2025T06:54:34 - [TEST_STEP][PASSED] - setValueToCellByIndex(sheet01, n, 4, pageDouble): null

17-03-2025T06:54:34 - [TEST_STEP][PASSED] - setValueToCellByIndex(sheet01, n, 5, m): null

17-03-2025T06:54:34 - [TEST_STEP][PASSED] - setValueToCellByIndex(sheet01, n, 6, y): null

17-03-2025T06:54:34 - [TEST_STEP][PASSED] - setValueToCellByIndex(sheet01, n, 7, todaysDate): null

17-03-2025T06:54:34 - [TEST_STEP][PASSED] - n = n + 1: null

17-03-2025T06:54:34 - [TEST_STEP][PASSED] - saveWorkbook(excelFilePath, workbook01): null

17-03-2025T06:54:34 - [TEST_STEP][PASSED] - file = findTestData("PlanFact").getValue(7, a): null

17-03-2025T06:54:34 - [TEST_STEP][PASSED] - file = file.replace(",", "."): null

17-03-2025T06:54:34 - [TEST_STEP][PASSED] - println("file Fact: " + file): null

17-03-2025T06:54:34 - [TEST_STEP][PASSED] - fileDouble = file.toDouble(): null

17-03-2025T06:54:34 - [TEST_STEP][PASSED] - typeOfData = "Факт в процентах": null

17-03-2025T06:54:34 - [TEST_STEP][PASSED] - fileDouble = file.toDouble(): null

17-03-2025T06:54:34 - [TEST_STEP][PASSED] - pageDouble = page2.toDouble(): null

17-03-2025T06:54:34 - [TEST_STEP][PASSED] - if (fileDouble != pageDouble): null

17-03-2025T06:54:34 - [TEST_STEP][PASSED] - numberOfErrors = numberOfErrors + 1: null

17-03-2025T06:54:34 - [TEST_STEP][PASSED] - Script1718980020443.WriteToExcel(a, typeOfData, todaysDate, pageInt, fileInt, pageDouble, fileDouble, dZO): null

17-03-2025T06:54:34 - [TEST_STEP][PASSED] - sheetName = "Sheet1": null

17-03-2025T06:54:34 - [TEST_STEP][PASSED] - data = findTestData("PlanFact"): null

17-03-2025T06:54:34 - [TEST_STEP][PASSED] - n = data.getRowNumbers() + 1: null

17-03-2025T06:54:34 - [TEST_STEP][PASSED] - day = ")).toInteger(): null

17-03-2025T06:54:34 - [TEST_STEP][PASSED] - println(day): null

17-03-2025T06:54:34 - [TEST_STEP][PASSED] - month = ")).toInteger(): null

17-03-2025T06:54:34 - [TEST_STEP][PASSED] - println(month): null

17-03-2025T06:54:34 - [TEST_STEP][PASSED] - y = <not implemented yet for class: org.codehaus.groovy.ast.expr.EmptyExpression>: null

17-03-2025T06:54:34 - [TEST_STEP][PASSED] - iy = <not implemented yet for class: org.codehaus.groovy.ast.expr.EmptyExpression>: null

17-03-2025T06:54:34 - [TEST_STEP][PASSED] - m = getText(findTestObject("Выполнение бизнес-плана/Период")): Text of object 'Object Repository/Выполнение бизнес-плана/Период' is: 'Январь 2025 года'

17-03-2025T06:54:34 - [MESSAGE][PASSED] - Text of object 'Object Repository/Выполнение бизнес-плана/Период' is: 'Январь 2025 года'

17-03-2025T06:54:34 - [TEST_STEP][PASSED] - iy = m.indexOf("20"): null

17-03-2025T06:54:34 - [TEST_STEP][PASSED] - if (iy > -1): null

17-03-2025T06:54:34 - [TEST_STEP][PASSED] - y = substring(iy, iy + 4).toInteger(): null

17-03-2025T06:54:34 - [TEST_STEP][PASSED] - println(y): null

17-03-2025T06:54:34 - [TEST_STEP][PASSED] - if (toString().length() == 4): null

17-03-2025T06:54:34 - [TEST_STEP][PASSED] - m = m.substring(0, m.indexOf(y.toString())): null

17-03-2025T06:54:34 - [TEST_STEP][PASSED] - m = m.trim(): null

17-03-2025T06:54:34 - [TEST_STEP][PASSED] - if (m == ""): null

17-03-2025T06:54:34 - [TEST_STEP][PASSED] - dashboardName = "Выполнение бизнес-плана": null

17-03-2025T06:54:34 - [TEST_STEP][PASSED] - workbook01 = getWorkbook(excelFilePath): null

17-03-2025T06:54:34 - [TEST_STEP][PASSED] - sheet01 = getExcelSheet(workbook01, sheetName): null

17-03-2025T06:54:34 - [TEST_STEP][PASSED] - setValueToCellByIndex(sheet01, n, 0, dashboardName): null

17-03-2025T06:54:34 - [TEST_STEP][PASSED] - setValueToCellByIndex(sheet01, n, 1, dZO): null

17-03-2025T06:54:34 - [TEST_STEP][PASSED] - setValueToCellByIndex(sheet01, n, 2, typeOfData): null

17-03-2025T06:54:34 - [TEST_STEP][PASSED] - if (typeOfData == "Факт в процентах" || typeOfData == "План в процентах"): null

17-03-2025T06:54:34 - [TEST_STEP][PASSED] - setValueToCellByIndex(sheet01, n, 3, fileDouble): null

17-03-2025T06:54:34 - [TEST_STEP][PASSED] - setValueToCellByIndex(sheet01, n, 4, pageDouble): null

17-03-2025T06:54:34 - [TEST_STEP][PASSED] - setValueToCellByIndex(sheet01, n, 5, m): null

17-03-2025T06:54:34 - [TEST_STEP][PASSED] - setValueToCellByIndex(sheet01, n, 6, y): null

17-03-2025T06:54:34 - [TEST_STEP][PASSED] - setValueToCellByIndex(sheet01, n, 7, todaysDate): null

17-03-2025T06:54:34 - [TEST_STEP][PASSED] - n = n + 1: null

17-03-2025T06:54:34 - [TEST_STEP][PASSED] - saveWorkbook(excelFilePath, workbook01): null

17-03-2025T06:54:34 - [TEST_STEP][FAILED] - if (verifyEqual(numberOfErrors, 0) == false): null

17-03-2025T06:54:34 - [MESSAGE][FAILED] - Unable to verify equal between actual object '6' and expected object '0' (Root cause: com.kms.katalon.core.exception.StepFailedException: Actual object '6' and expected object '0' are not equal
	at com.kms.katalon.core.keyword.builtin.VerifyEqualKeyword$_verifyEqual_closure1.doCall(VerifyEqualKeyword.groovy:58)
	at com.kms.katalon.core.keyword.builtin.VerifyEqualKeyword$_verifyEqual_closure1.call(VerifyEqualKeyword.groovy)
	at com.kms.katalon.core.keyword.internal.KeywordMain.runKeyword(KeywordMain.groovy:75)
	at com.kms.katalon.core.keyword.builtin.VerifyEqualKeyword.verifyEqual(VerifyEqualKeyword.groovy:63)
	at com.kms.katalon.core.keyword.builtin.VerifyEqualKeyword.execute(VerifyEqualKeyword.groovy:44)
	at com.kms.katalon.core.keyword.internal.KeywordExecutor.executeKeywordForPlatform(KeywordExecutor.groovy:74)
	at com.kms.katalon.core.keyword.BuiltinKeywords.verifyEqual(BuiltinKeywords.groovy:146)
	at jdk.internal.reflect.GeneratedMethodAccessor23.invoke(Unknown Source)
	at java.base/jdk.internal.reflect.DelegatingMethodAccessorImpl.invoke(DelegatingMethodAccessorImpl.java:43)
	at Выполнение бизнес-плана Сверка ПАО Россети все филиалы.Numbers(Выполнение бизнес-плана Сверка ПАО Россети все филиалы:744)
	at Выполнение бизнес-плана Сверка ПАО Россети все филиалы.Filials(Выполнение бизнес-плана Сверка ПАО Россети все филиалы:965)
	at Выполнение бизнес-плана Сверка ПАО Россети все филиалы.Numbers(Выполнение бизнес-плана Сверка ПАО Россети все филиалы:751)
	at Выполнение бизнес-плана Сверка ПАО Россети все филиалы.run(Выполнение бизнес-плана Сверка ПАО Россети все филиалы:231)
	at com.kms.katalon.core.main.ScriptEngine.run(ScriptEngine.java:194)
	at com.kms.katalon.core.main.ScriptEngine.runScriptAsRawText(ScriptEngine.java:119)
	at com.kms.katalon.core.main.TestCaseExecutor.runScript(TestCaseExecutor.java:448)
	at com.kms.katalon.core.main.TestCaseExecutor.doExecute(TestCaseExecutor.java:439)
	at com.kms.katalon.core.main.TestCaseExecutor.processExecutionPhase(TestCaseExecutor.java:418)
	at com.kms.katalon.core.main.TestCaseExecutor.accessMainPhase(TestCaseExecutor.java:410)
	at com.kms.katalon.core.main.TestCaseExecutor.execute(TestCaseExecutor.java:285)
	at com.kms.katalon.core.common.CommonExecutor.accessTestCaseMainPhase(CommonExecutor.java:65)
	at com.kms.katalon.core.main.TestSuiteExecutor.accessTestSuiteMainPhase(TestSuiteExecutor.java:150)
	at com.kms.katalon.core.main.TestSuiteExecutor.execute(TestSuiteExecutor.java:106)
	at com.kms.katalon.core.main.TestCaseMain.startTestSuite(TestCaseMain.java:180)
	at TempTestSuite1742171011514.run(TempTestSuite1742171011514.groovy:35)
	at java.base/jdk.internal.reflect.NativeMethodAccessorImpl.invoke0(Native Method)
	at java.base/jdk.internal.reflect.NativeMethodAccessorImpl.invoke(NativeMethodAccessorImpl.java:77)
	at java.base/jdk.internal.reflect.DelegatingMethodAccessorImpl.invoke(DelegatingMethodAccessorImpl.java:43)
)

17-03-2025T06:54:34 - [TEST_STEP][PASSED] - println(numberOfErrors): null

17-03-2025T06:54:34 - [TEST_STEP][PASSED] - println("a=" + a): null

17-03-2025T06:54:34 - [TEST_STEP][PASSED] - if (a == 28 || a == 77 || a == 74 || a == 65 || a == 36 || a == 44 || a == 54 || a == 1 || a == 18 || a == 59): null

17-03-2025T06:54:34 - [TEST_STEP][PASSED] - if (a == 82): null

17-03-2025T06:54:34 - [TEST_STEP][PASSED] - dZO = "Саратовские РС": null

17-03-2025T06:54:34 - [TEST_STEP][PASSED] - a = 33: null

17-03-2025T06:54:34 - [TEST_STEP][PASSED] - dzoCut = dZO.substring(0, 10): null

17-03-2025T06:54:34 - [TEST_STEP][PASSED] - if (x2.contains(dzoCut)): null

17-03-2025T06:54:34 - [TEST_STEP][PASSED] - filialNum = filialNum + 1: null

17-03-2025T06:54:34 - [TEST_STEP][PASSED] - Script1718980020443.Numbers(a, typeOfData, todaysDate, pageInt, fileInt, pageDouble, fileDouble, dZO, dzoNum, filialNum): null

17-03-2025T06:54:34 - [TEST_STEP][PASSED] - println(dzoNum): null

17-03-2025T06:54:34 - [TEST_STEP][PASSED] - planFact = <not implemented yet for class: org.codehaus.groovy.ast.expr.EmptyExpression>: null

17-03-2025T06:54:34 - [TEST_STEP][PASSED] - page = <not implemented yet for class: org.codehaus.groovy.ast.expr.EmptyExpression>: null

17-03-2025T06:54:34 - [TEST_STEP][PASSED] - page1 = <not implemented yet for class: org.codehaus.groovy.ast.expr.EmptyExpression>: null

17-03-2025T06:54:34 - [TEST_STEP][PASSED] - page2 = <not implemented yet for class: org.codehaus.groovy.ast.expr.EmptyExpression>: null

17-03-2025T06:54:34 - [TEST_STEP][PASSED] - filialNumberInRow = <not implemented yet for class: org.codehaus.groovy.ast.expr.EmptyExpression>: null

17-03-2025T06:54:34 - [TEST_STEP][PASSED] - filialsDzoNames = <not implemented yet for class: org.codehaus.groovy.ast.expr.EmptyExpression>: null

17-03-2025T06:54:34 - [TEST_STEP][PASSED] - numberOfFilials = <not implemented yet for class: org.codehaus.groovy.ast.expr.EmptyExpression>: null

17-03-2025T06:54:34 - [TEST_STEP][PASSED] - numberOfSpaces = <not implemented yet for class: org.codehaus.groovy.ast.expr.EmptyExpression>: null

17-03-2025T06:54:34 - [TEST_STEP][PASSED] - file = <not implemented yet for class: org.codehaus.groovy.ast.expr.EmptyExpression>: null

17-03-2025T06:54:34 - [TEST_STEP][PASSED] - otpusk = <not implemented yet for class: org.codehaus.groovy.ast.expr.EmptyExpression>: null

17-03-2025T06:54:34 - [TEST_STEP][PASSED] - poteri = <not implemented yet for class: org.codehaus.groovy.ast.expr.EmptyExpression>: null

17-03-2025T06:54:34 - [TEST_STEP][PASSED] - dataFolder = "Выполнение бизнес-плана/Значения со страницы Выполнение бизнес-плана/": null

17-03-2025T06:54:34 - [TEST_STEP][PASSED] - path = <not implemented yet for class: org.codehaus.groovy.ast.expr.EmptyExpression>: null

17-03-2025T06:54:34 - [TEST_STEP][PASSED] - typeOfDataMain = <not implemented yet for class: org.codehaus.groovy.ast.expr.EmptyExpression>: null

17-03-2025T06:54:35 - [TEST_STEP][PASSED] - fileOtpuskVSet = <not implemented yet for class: org.codehaus.groovy.ast.expr.EmptyExpression>: null

17-03-2025T06:54:35 - [TEST_STEP][PASSED] - pageOtpuskVSet = <not implemented yet for class: org.codehaus.groovy.ast.expr.EmptyExpression>: null

17-03-2025T06:54:35 - [TEST_STEP][PASSED] - filePoteri = <not implemented yet for class: org.codehaus.groovy.ast.expr.EmptyExpression>: null

17-03-2025T06:54:35 - [TEST_STEP][PASSED] - pagePoteri = <not implemented yet for class: org.codehaus.groovy.ast.expr.EmptyExpression>: null

17-03-2025T06:54:35 - [TEST_STEP][PASSED] - compare = <not implemented yet for class: org.codehaus.groovy.ast.expr.EmptyExpression>: null

17-03-2025T06:54:35 - [TEST_STEP][PASSED] - b = <not implemented yet for class: org.codehaus.groovy.ast.expr.EmptyExpression>: null

17-03-2025T06:54:35 - [TEST_STEP][PASSED] - i = <not implemented yet for class: org.codehaus.groovy.ast.expr.EmptyExpression>: null

17-03-2025T06:54:35 - [TEST_STEP][PASSED] - ii = <not implemented yet for class: org.codehaus.groovy.ast.expr.EmptyExpression>: null

17-03-2025T06:54:35 - [TEST_STEP][PASSED] - c = <not implemented yet for class: org.codehaus.groovy.ast.expr.EmptyExpression>: null

17-03-2025T06:54:35 - [TEST_STEP][PASSED] - numberOfErrors = 0: null

17-03-2025T06:54:35 - [TEST_STEP][PASSED] - if (a == 82): null

17-03-2025T06:54:35 - [TEST_STEP][PASSED] - b = findTestData("PlanFact").getValue(1, a): null

17-03-2025T06:54:35 - [TEST_STEP][PASSED] - i = b.indexOf(" (ГК)"): null

17-03-2025T06:54:35 - [TEST_STEP][PASSED] - if (i > -1): null

17-03-2025T06:54:35 - [TEST_STEP][PASSED] - i = b.indexOf("О ""): null

17-03-2025T06:54:35 - [TEST_STEP][PASSED] - if (i > -1): null

17-03-2025T06:54:35 - [TEST_STEP][PASSED] - i = b.indexOf("О «"): null

17-03-2025T06:54:35 - [TEST_STEP][PASSED] - if (i > -1): null

17-03-2025T06:54:35 - [TEST_STEP][PASSED] - i = b.indexOf("г. "): null

17-03-2025T06:54:35 - [TEST_STEP][PASSED] - if (i > -1): null

17-03-2025T06:54:35 - [TEST_STEP][PASSED] - b = b.trim(): null

17-03-2025T06:54:35 - [TEST_STEP][PASSED] - println(b): null

17-03-2025T06:54:35 - [TEST_STEP][PASSED] - for ([planFact = 1, planFact < 3, (planFact++)]): null

17-03-2025T06:54:35 - [TEST_STEP][PASSED] - if (planFact == 1): null

17-03-2025T06:54:35 - [TEST_STEP][PASSED] - typeOfDataMain = "Факт": null

17-03-2025T06:54:35 - [TEST_STEP][PASSED] - otpusk = findTestData("PlanFact").getValue(5, a): null

17-03-2025T06:54:35 - [TEST_STEP][PASSED] - poteri = findTestData("PlanFact").getValue(6, a): null

17-03-2025T06:54:35 - [TEST_STEP][PASSED] - otpusk = otpusk.replaceAll("\s+", ""): null

17-03-2025T06:54:35 - [TEST_STEP][PASSED] - poteri = poteri.replaceAll("\s+", ""): null

17-03-2025T06:54:35 - [TEST_STEP][PASSED] - typeOfData = typeOfDataMain + " Отпуск в сеть": null

17-03-2025T06:54:35 - [TEST_STEP][PASSED] - if (a == 82): null

17-03-2025T06:54:35 - [TEST_STEP][PASSED] - else if (a == 84): null

17-03-2025T06:54:35 - [TEST_STEP][PASSED] - else if (a == 83 || a == 52 || a == 72 || a == 28 || a == 73 || a == 77 || a == 74 || a == 65 || a == 36 || a == 44 || a == 53 || a == 80 || a == 54 || a == 1 || a == 18 || a == 59 || a == 81): null

17-03-2025T06:54:35 - [TEST_STEP][PASSED] - else: null

17-03-2025T06:54:35 - [TEST_STEP][PASSED] - path = dataFolder + typeOfData + " за отчётный период " + b: null

17-03-2025T06:54:35 - [TEST_STEP][PASSED] - println(path): null

17-03-2025T06:54:35 - [TEST_STEP][PASSED] - page = getText(findTestObject(path)): Text of object 'Object Repository/Выполнение бизнес-плана/Значения со страницы Выполнение бизнес-плана/Факт Отпуск в сеть за отчётный период Саратовские РС' is: '423 462'

17-03-2025T06:54:35 - [MESSAGE][PASSED] - Text of object 'Object Repository/Выполнение бизнес-плана/Значения со страницы Выполнение бизнес-плана/Факт Отпуск в сеть за отчётный период Саратовские РС' is: '423 462'

17-03-2025T06:54:35 - [TEST_STEP][PASSED] - if (page == "" || page == null): null

17-03-2025T06:54:35 - [TEST_STEP][PASSED] - else: null

17-03-2025T06:54:35 - [TEST_STEP][PASSED] - page = page.replaceAll("\s+", ""): null

17-03-2025T06:54:35 - [TEST_STEP][PASSED] - if (page == "undefined"): null

17-03-2025T06:54:35 - [TEST_STEP][PASSED] - fileOtpuskVSet = otpusk.toInteger(): null

17-03-2025T06:54:35 - [TEST_STEP][PASSED] - pageOtpuskVSet = page.toInteger(): null

17-03-2025T06:54:35 - [TEST_STEP][PASSED] - typeOfData = typeOfDataMain + " Потери": null

17-03-2025T06:54:35 - [TEST_STEP][PASSED] - if (a == 82): null

17-03-2025T06:54:35 - [TEST_STEP][PASSED] - else if (a == 84): null

17-03-2025T06:54:35 - [TEST_STEP][PASSED] - else if (a == 83 || a == 52 || a == 72 || a == 28 || a == 73 || a == 77 || a == 74 || a == 65 || a == 44 || a == 53 || a == 80 || a == 54 || a == 1 || a == 18 || a == 59 || a == 81): null

17-03-2025T06:54:35 - [TEST_STEP][PASSED] - else: null

17-03-2025T06:54:35 - [TEST_STEP][PASSED] - path = dataFolder + typeOfData + " за отчётный период " + b: null

17-03-2025T06:54:35 - [TEST_STEP][PASSED] - page = getText(findTestObject(path)): Text of object 'Object Repository/Выполнение бизнес-плана/Значения со страницы Выполнение бизнес-плана/Факт Потери за отчётный период Саратовские РС' is: '28 690'

17-03-2025T06:54:35 - [MESSAGE][PASSED] - Text of object 'Object Repository/Выполнение бизнес-плана/Значения со страницы Выполнение бизнес-плана/Факт Потери за отчётный период Саратовские РС' is: '28 690'

17-03-2025T06:54:35 - [TEST_STEP][PASSED] - if (page == "" || page == null): null

17-03-2025T06:54:35 - [TEST_STEP][PASSED] - else: null

17-03-2025T06:54:35 - [TEST_STEP][PASSED] - page = page.replaceAll("\s+", ""): null

17-03-2025T06:54:35 - [TEST_STEP][PASSED] - if (page == "undefined"): null

17-03-2025T06:54:35 - [TEST_STEP][PASSED] - filePoteri = poteri.toInteger(): null

17-03-2025T06:54:35 - [TEST_STEP][PASSED] - pagePoteri = page.toInteger(): null

17-03-2025T06:54:35 - [TEST_STEP][PASSED] - compare = pageOtpuskVSet: null

17-03-2025T06:54:35 - [TEST_STEP][PASSED] - if (pageOtpuskVSet != null): null

17-03-2025T06:54:35 - [TEST_STEP][PASSED] - if (compare == fileOtpuskVSet): null

17-03-2025T06:54:35 - [TEST_STEP][PASSED] - else if (compare > fileOtpuskVSet): null

17-03-2025T06:54:35 - [TEST_STEP][PASSED] - else if (compare < fileOtpuskVSet): null

17-03-2025T06:54:35 - [TEST_STEP][PASSED] - compare = compare + 1: null

17-03-2025T06:54:35 - [TEST_STEP][PASSED] - if (compare == fileOtpuskVSet): null

17-03-2025T06:54:35 - [TEST_STEP][PASSED] - else: null

17-03-2025T06:54:35 - [TEST_STEP][PASSED] - numberOfErrors = numberOfErrors + 1: null

17-03-2025T06:54:35 - [TEST_STEP][PASSED] - pageInt = pageOtpuskVSet: null

17-03-2025T06:54:35 - [TEST_STEP][PASSED] - fileInt = fileOtpuskVSet: null

17-03-2025T06:54:35 - [TEST_STEP][PASSED] - typeOfData = typeOfDataMain + " Отпуск в сеть": null

17-03-2025T06:54:35 - [TEST_STEP][PASSED] - Script1718980020443.WriteToExcel(a, typeOfData, todaysDate, pageInt, fileInt, pageDouble, fileDouble, dZO): null

17-03-2025T06:54:35 - [TEST_STEP][PASSED] - sheetName = "Sheet1": null

17-03-2025T06:54:35 - [TEST_STEP][PASSED] - data = findTestData("PlanFact"): null

17-03-2025T06:54:35 - [TEST_STEP][PASSED] - n = data.getRowNumbers() + 1: null

17-03-2025T06:54:35 - [TEST_STEP][PASSED] - day = ")).toInteger(): null

17-03-2025T06:54:35 - [TEST_STEP][PASSED] - println(day): null

17-03-2025T06:54:35 - [TEST_STEP][PASSED] - month = ")).toInteger(): null

17-03-2025T06:54:35 - [TEST_STEP][PASSED] - println(month): null

17-03-2025T06:54:35 - [TEST_STEP][PASSED] - y = <not implemented yet for class: org.codehaus.groovy.ast.expr.EmptyExpression>: null

17-03-2025T06:54:35 - [TEST_STEP][PASSED] - iy = <not implemented yet for class: org.codehaus.groovy.ast.expr.EmptyExpression>: null

17-03-2025T06:54:35 - [TEST_STEP][PASSED] - m = getText(findTestObject("Выполнение бизнес-плана/Период")): Text of object 'Object Repository/Выполнение бизнес-плана/Период' is: 'Январь 2025 года'

17-03-2025T06:54:36 - [MESSAGE][PASSED] - Text of object 'Object Repository/Выполнение бизнес-плана/Период' is: 'Январь 2025 года'

17-03-2025T06:54:36 - [TEST_STEP][PASSED] - iy = m.indexOf("20"): null

17-03-2025T06:54:36 - [TEST_STEP][PASSED] - if (iy > -1): null

17-03-2025T06:54:36 - [TEST_STEP][PASSED] - y = substring(iy, iy + 4).toInteger(): null

17-03-2025T06:54:36 - [TEST_STEP][PASSED] - println(y): null

17-03-2025T06:54:36 - [TEST_STEP][PASSED] - if (toString().length() == 4): null

17-03-2025T06:54:36 - [TEST_STEP][PASSED] - m = m.substring(0, m.indexOf(y.toString())): null

17-03-2025T06:54:36 - [TEST_STEP][PASSED] - m = m.trim(): null

17-03-2025T06:54:36 - [TEST_STEP][PASSED] - if (m == ""): null

17-03-2025T06:54:36 - [TEST_STEP][PASSED] - dashboardName = "Выполнение бизнес-плана": null

17-03-2025T06:54:36 - [TEST_STEP][PASSED] - workbook01 = getWorkbook(excelFilePath): null

17-03-2025T06:54:36 - [TEST_STEP][PASSED] - sheet01 = getExcelSheet(workbook01, sheetName): null

17-03-2025T06:54:36 - [TEST_STEP][PASSED] - setValueToCellByIndex(sheet01, n, 0, dashboardName): null

17-03-2025T06:54:36 - [TEST_STEP][PASSED] - setValueToCellByIndex(sheet01, n, 1, dZO): null

17-03-2025T06:54:36 - [TEST_STEP][PASSED] - setValueToCellByIndex(sheet01, n, 2, typeOfData): null

17-03-2025T06:54:36 - [TEST_STEP][PASSED] - if (typeOfData == "Факт в процентах" || typeOfData == "План в процентах"): null

17-03-2025T06:54:36 - [TEST_STEP][PASSED] - else: null

17-03-2025T06:54:36 - [TEST_STEP][PASSED] - setValueToCellByIndex(sheet01, n, 3, fileInt): null

17-03-2025T06:54:36 - [TEST_STEP][PASSED] - setValueToCellByIndex(sheet01, n, 4, pageInt): null

17-03-2025T06:54:36 - [TEST_STEP][PASSED] - setValueToCellByIndex(sheet01, n, 5, m): null

17-03-2025T06:54:36 - [TEST_STEP][PASSED] - setValueToCellByIndex(sheet01, n, 6, y): null

17-03-2025T06:54:36 - [TEST_STEP][PASSED] - setValueToCellByIndex(sheet01, n, 7, todaysDate): null

17-03-2025T06:54:36 - [TEST_STEP][PASSED] - n = n + 1: null

17-03-2025T06:54:36 - [TEST_STEP][PASSED] - saveWorkbook(excelFilePath, workbook01): null

17-03-2025T06:54:36 - [TEST_STEP][PASSED] - compare = pagePoteri: null

17-03-2025T06:54:36 - [TEST_STEP][PASSED] - if (pageOtpuskVSet != null): null

17-03-2025T06:54:36 - [TEST_STEP][PASSED] - if (compare == filePoteri): null

17-03-2025T06:54:36 - [TEST_STEP][PASSED] - else if (compare > filePoteri): null

17-03-2025T06:54:36 - [TEST_STEP][PASSED] - compare = compare - 1: null

17-03-2025T06:54:36 - [TEST_STEP][PASSED] - if (compare == filePoteri): null

17-03-2025T06:54:36 - [TEST_STEP][PASSED] - else: null

17-03-2025T06:54:36 - [TEST_STEP][PASSED] - numberOfErrors = numberOfErrors + 1: null

17-03-2025T06:54:36 - [TEST_STEP][PASSED] - pageInt = pagePoteri: null

17-03-2025T06:54:36 - [TEST_STEP][PASSED] - fileInt = filePoteri: null

17-03-2025T06:54:36 - [TEST_STEP][PASSED] - typeOfData = typeOfDataMain + " Потери": null

17-03-2025T06:54:36 - [TEST_STEP][PASSED] - Script1718980020443.WriteToExcel(a, typeOfData, todaysDate, pageInt, fileInt, pageDouble, fileDouble, dZO): null

17-03-2025T06:54:36 - [TEST_STEP][PASSED] - sheetName = "Sheet1": null

17-03-2025T06:54:36 - [TEST_STEP][PASSED] - data = findTestData("PlanFact"): null

17-03-2025T06:54:36 - [TEST_STEP][PASSED] - n = data.getRowNumbers() + 1: null

17-03-2025T06:54:36 - [TEST_STEP][PASSED] - day = ")).toInteger(): null

17-03-2025T06:54:36 - [TEST_STEP][PASSED] - println(day): null

17-03-2025T06:54:36 - [TEST_STEP][PASSED] - month = ")).toInteger(): null

17-03-2025T06:54:36 - [TEST_STEP][PASSED] - println(month): null

17-03-2025T06:54:36 - [TEST_STEP][PASSED] - y = <not implemented yet for class: org.codehaus.groovy.ast.expr.EmptyExpression>: null

17-03-2025T06:54:36 - [TEST_STEP][PASSED] - iy = <not implemented yet for class: org.codehaus.groovy.ast.expr.EmptyExpression>: null

17-03-2025T06:54:36 - [TEST_STEP][PASSED] - m = getText(findTestObject("Выполнение бизнес-плана/Период")): Text of object 'Object Repository/Выполнение бизнес-плана/Период' is: 'Январь 2025 года'

17-03-2025T06:54:36 - [MESSAGE][PASSED] - Text of object 'Object Repository/Выполнение бизнес-плана/Период' is: 'Январь 2025 года'

17-03-2025T06:54:36 - [TEST_STEP][PASSED] - iy = m.indexOf("20"): null

17-03-2025T06:54:36 - [TEST_STEP][PASSED] - if (iy > -1): null

17-03-2025T06:54:36 - [TEST_STEP][PASSED] - y = substring(iy, iy + 4).toInteger(): null

17-03-2025T06:54:36 - [TEST_STEP][PASSED] - println(y): null

17-03-2025T06:54:36 - [TEST_STEP][PASSED] - if (toString().length() == 4): null

17-03-2025T06:54:36 - [TEST_STEP][PASSED] - m = m.substring(0, m.indexOf(y.toString())): null

17-03-2025T06:54:36 - [TEST_STEP][PASSED] - m = m.trim(): null

17-03-2025T06:54:36 - [TEST_STEP][PASSED] - if (m == ""): null

17-03-2025T06:54:36 - [TEST_STEP][PASSED] - dashboardName = "Выполнение бизнес-плана": null

17-03-2025T06:54:36 - [TEST_STEP][PASSED] - workbook01 = getWorkbook(excelFilePath): null

17-03-2025T06:54:36 - [TEST_STEP][PASSED] - sheet01 = getExcelSheet(workbook01, sheetName): null

17-03-2025T06:54:36 - [TEST_STEP][PASSED] - setValueToCellByIndex(sheet01, n, 0, dashboardName): null

17-03-2025T06:54:36 - [TEST_STEP][PASSED] - setValueToCellByIndex(sheet01, n, 1, dZO): null

17-03-2025T06:54:36 - [TEST_STEP][PASSED] - setValueToCellByIndex(sheet01, n, 2, typeOfData): null

17-03-2025T06:54:36 - [TEST_STEP][PASSED] - if (typeOfData == "Факт в процентах" || typeOfData == "План в процентах"): null

17-03-2025T06:54:36 - [TEST_STEP][PASSED] - else: null

17-03-2025T06:54:36 - [TEST_STEP][PASSED] - setValueToCellByIndex(sheet01, n, 3, fileInt): null

17-03-2025T06:54:36 - [TEST_STEP][PASSED] - setValueToCellByIndex(sheet01, n, 4, pageInt): null

17-03-2025T06:54:36 - [TEST_STEP][PASSED] - setValueToCellByIndex(sheet01, n, 5, m): null

17-03-2025T06:54:36 - [TEST_STEP][PASSED] - setValueToCellByIndex(sheet01, n, 6, y): null

17-03-2025T06:54:36 - [TEST_STEP][PASSED] - setValueToCellByIndex(sheet01, n, 7, todaysDate): null

17-03-2025T06:54:36 - [TEST_STEP][PASSED] - n = n + 1: null

17-03-2025T06:54:36 - [TEST_STEP][PASSED] - saveWorkbook(excelFilePath, workbook01): null

17-03-2025T06:54:37 - [TEST_STEP][PASSED] - if (planFact == 2): null

17-03-2025T06:54:37 - [TEST_STEP][PASSED] - if (planFact == 1): null

17-03-2025T06:54:37 - [TEST_STEP][PASSED] - else if (planFact == 2): null

17-03-2025T06:54:37 - [TEST_STEP][PASSED] - click(findTestObject("Выполнение бизнес-плана/Кнопка План")): Object: 'Object Repository/Выполнение бизнес-плана/Кнопка План' is clicked on

17-03-2025T06:54:37 - [MESSAGE][PASSED] - Object: 'Object Repository/Выполнение бизнес-плана/Кнопка План' is clicked on

17-03-2025T06:54:37 - [TEST_STEP][PASSED] - typeOfDataMain = "План": null

17-03-2025T06:54:37 - [TEST_STEP][PASSED] - otpusk = findTestData("PlanFact").getValue(2, a): null

17-03-2025T06:54:37 - [TEST_STEP][PASSED] - poteri = findTestData("PlanFact").getValue(3, a): null

17-03-2025T06:54:37 - [TEST_STEP][PASSED] - otpusk = otpusk.replaceAll("\s+", ""): null

17-03-2025T06:54:37 - [TEST_STEP][PASSED] - poteri = poteri.replaceAll("\s+", ""): null

17-03-2025T06:54:37 - [TEST_STEP][PASSED] - typeOfData = typeOfDataMain + " Отпуск в сеть": null

17-03-2025T06:54:37 - [TEST_STEP][PASSED] - if (a == 82): null

17-03-2025T06:54:37 - [TEST_STEP][PASSED] - else if (a == 84): null

17-03-2025T06:54:37 - [TEST_STEP][PASSED] - else if (a == 83 || a == 52 || a == 72 || a == 28 || a == 73 || a == 77 || a == 74 || a == 65 || a == 36 || a == 44 || a == 53 || a == 80 || a == 54 || a == 1 || a == 18 || a == 59 || a == 81): null

17-03-2025T06:54:37 - [TEST_STEP][PASSED] - else: null

17-03-2025T06:54:37 - [TEST_STEP][PASSED] - path = dataFolder + typeOfData + " за отчётный период " + b: null

17-03-2025T06:54:37 - [TEST_STEP][PASSED] - println(path): null

17-03-2025T06:54:37 - [TEST_STEP][PASSED] - page = getText(findTestObject(path)): Text of object 'Object Repository/Выполнение бизнес-плана/Значения со страницы Выполнение бизнес-плана/План Отпуск в сеть за отчётный период Саратовские РС' is: '447 582'

17-03-2025T06:54:37 - [MESSAGE][PASSED] - Text of object 'Object Repository/Выполнение бизнес-плана/Значения со страницы Выполнение бизнес-плана/План Отпуск в сеть за отчётный период Саратовские РС' is: '447 582'

17-03-2025T06:54:37 - [TEST_STEP][PASSED] - if (page == "" || page == null): null

17-03-2025T06:54:37 - [TEST_STEP][PASSED] - else: null

17-03-2025T06:54:37 - [TEST_STEP][PASSED] - page = page.replaceAll("\s+", ""): null

17-03-2025T06:54:37 - [TEST_STEP][PASSED] - if (page == "undefined"): null

17-03-2025T06:54:37 - [TEST_STEP][PASSED] - fileOtpuskVSet = otpusk.toInteger(): null

17-03-2025T06:54:37 - [TEST_STEP][PASSED] - pageOtpuskVSet = page.toInteger(): null

17-03-2025T06:54:37 - [TEST_STEP][PASSED] - typeOfData = typeOfDataMain + " Потери": null

17-03-2025T06:54:37 - [TEST_STEP][PASSED] - if (a == 82): null

17-03-2025T06:54:37 - [TEST_STEP][PASSED] - else if (a == 84): null

17-03-2025T06:54:37 - [TEST_STEP][PASSED] - else if (a == 83 || a == 52 || a == 72 || a == 28 || a == 73 || a == 77 || a == 74 || a == 65 || a == 44 || a == 53 || a == 80 || a == 54 || a == 1 || a == 18 || a == 59 || a == 81): null

17-03-2025T06:54:37 - [TEST_STEP][PASSED] - else: null

17-03-2025T06:54:37 - [TEST_STEP][PASSED] - path = dataFolder + typeOfData + " за отчётный период " + b: null

17-03-2025T06:54:37 - [TEST_STEP][PASSED] - page = getText(findTestObject(path)): Text of object 'Object Repository/Выполнение бизнес-плана/Значения со страницы Выполнение бизнес-плана/План Потери за отчётный период Саратовские РС' is: '39 185'

17-03-2025T06:54:38 - [MESSAGE][PASSED] - Text of object 'Object Repository/Выполнение бизнес-плана/Значения со страницы Выполнение бизнес-плана/План Потери за отчётный период Саратовские РС' is: '39 185'

17-03-2025T06:54:38 - [TEST_STEP][PASSED] - if (page == "" || page == null): null

17-03-2025T06:54:38 - [TEST_STEP][PASSED] - else: null

17-03-2025T06:54:38 - [TEST_STEP][PASSED] - page = page.replaceAll("\s+", ""): null

17-03-2025T06:54:38 - [TEST_STEP][PASSED] - if (page == "undefined"): null

17-03-2025T06:54:38 - [TEST_STEP][PASSED] - filePoteri = poteri.toInteger(): null

17-03-2025T06:54:38 - [TEST_STEP][PASSED] - pagePoteri = page.toInteger(): null

17-03-2025T06:54:38 - [TEST_STEP][PASSED] - compare = pageOtpuskVSet: null

17-03-2025T06:54:38 - [TEST_STEP][PASSED] - if (pageOtpuskVSet != null): null

17-03-2025T06:54:38 - [TEST_STEP][PASSED] - if (compare == fileOtpuskVSet): null

17-03-2025T06:54:38 - [TEST_STEP][PASSED] - else if (compare > fileOtpuskVSet): null

17-03-2025T06:54:38 - [TEST_STEP][PASSED] - compare = compare - 1: null

17-03-2025T06:54:38 - [TEST_STEP][PASSED] - if (compare == fileOtpuskVSet): null

17-03-2025T06:54:38 - [TEST_STEP][PASSED] - else: null

17-03-2025T06:54:38 - [TEST_STEP][PASSED] - numberOfErrors = numberOfErrors + 1: null

17-03-2025T06:54:38 - [TEST_STEP][PASSED] - pageInt = pageOtpuskVSet: null

17-03-2025T06:54:38 - [TEST_STEP][PASSED] - fileInt = fileOtpuskVSet: null

17-03-2025T06:54:38 - [TEST_STEP][PASSED] - typeOfData = typeOfDataMain + " Отпуск в сеть": null

17-03-2025T06:54:38 - [TEST_STEP][PASSED] - Script1718980020443.WriteToExcel(a, typeOfData, todaysDate, pageInt, fileInt, pageDouble, fileDouble, dZO): null

17-03-2025T06:54:38 - [TEST_STEP][PASSED] - sheetName = "Sheet1": null

17-03-2025T06:54:38 - [TEST_STEP][PASSED] - data = findTestData("PlanFact"): null

17-03-2025T06:54:38 - [TEST_STEP][PASSED] - n = data.getRowNumbers() + 1: null

17-03-2025T06:54:38 - [TEST_STEP][PASSED] - day = ")).toInteger(): null

17-03-2025T06:54:38 - [TEST_STEP][PASSED] - println(day): null

17-03-2025T06:54:38 - [TEST_STEP][PASSED] - month = ")).toInteger(): null

17-03-2025T06:54:38 - [TEST_STEP][PASSED] - println(month): null

17-03-2025T06:54:38 - [TEST_STEP][PASSED] - y = <not implemented yet for class: org.codehaus.groovy.ast.expr.EmptyExpression>: null

17-03-2025T06:54:38 - [TEST_STEP][PASSED] - iy = <not implemented yet for class: org.codehaus.groovy.ast.expr.EmptyExpression>: null

17-03-2025T06:54:38 - [TEST_STEP][PASSED] - m = getText(findTestObject("Выполнение бизнес-плана/Период")): Text of object 'Object Repository/Выполнение бизнес-плана/Период' is: 'Январь 2025 года'

17-03-2025T06:54:38 - [MESSAGE][PASSED] - Text of object 'Object Repository/Выполнение бизнес-плана/Период' is: 'Январь 2025 года'

17-03-2025T06:54:38 - [TEST_STEP][PASSED] - iy = m.indexOf("20"): null

17-03-2025T06:54:38 - [TEST_STEP][PASSED] - if (iy > -1): null

17-03-2025T06:54:38 - [TEST_STEP][PASSED] - y = substring(iy, iy + 4).toInteger(): null

17-03-2025T06:54:38 - [TEST_STEP][PASSED] - println(y): null

17-03-2025T06:54:38 - [TEST_STEP][PASSED] - if (toString().length() == 4): null

17-03-2025T06:54:38 - [TEST_STEP][PASSED] - m = m.substring(0, m.indexOf(y.toString())): null

17-03-2025T06:54:38 - [TEST_STEP][PASSED] - m = m.trim(): null

17-03-2025T06:54:38 - [TEST_STEP][PASSED] - if (m == ""): null

17-03-2025T06:54:38 - [TEST_STEP][PASSED] - dashboardName = "Выполнение бизнес-плана": null

17-03-2025T06:54:38 - [TEST_STEP][PASSED] - workbook01 = getWorkbook(excelFilePath): null

17-03-2025T06:54:38 - [TEST_STEP][PASSED] - sheet01 = getExcelSheet(workbook01, sheetName): null

17-03-2025T06:54:38 - [TEST_STEP][PASSED] - setValueToCellByIndex(sheet01, n, 0, dashboardName): null

17-03-2025T06:54:38 - [TEST_STEP][PASSED] - setValueToCellByIndex(sheet01, n, 1, dZO): null

17-03-2025T06:54:38 - [TEST_STEP][PASSED] - setValueToCellByIndex(sheet01, n, 2, typeOfData): null

17-03-2025T06:54:38 - [TEST_STEP][PASSED] - if (typeOfData == "Факт в процентах" || typeOfData == "План в процентах"): null

17-03-2025T06:54:38 - [TEST_STEP][PASSED] - else: null

17-03-2025T06:54:38 - [TEST_STEP][PASSED] - setValueToCellByIndex(sheet01, n, 3, fileInt): null

17-03-2025T06:54:38 - [TEST_STEP][PASSED] - setValueToCellByIndex(sheet01, n, 4, pageInt): null

17-03-2025T06:54:38 - [TEST_STEP][PASSED] - setValueToCellByIndex(sheet01, n, 5, m): null

17-03-2025T06:54:38 - [TEST_STEP][PASSED] - setValueToCellByIndex(sheet01, n, 6, y): null

17-03-2025T06:54:38 - [TEST_STEP][PASSED] - setValueToCellByIndex(sheet01, n, 7, todaysDate): null

17-03-2025T06:54:38 - [TEST_STEP][PASSED] - n = n + 1: null

17-03-2025T06:54:38 - [TEST_STEP][PASSED] - saveWorkbook(excelFilePath, workbook01): null

17-03-2025T06:54:38 - [TEST_STEP][PASSED] - compare = pagePoteri: null

17-03-2025T06:54:38 - [TEST_STEP][PASSED] - if (pageOtpuskVSet != null): null

17-03-2025T06:54:38 - [TEST_STEP][PASSED] - if (compare == filePoteri): null

17-03-2025T06:54:38 - [TEST_STEP][PASSED] - else if (compare > filePoteri): null

17-03-2025T06:54:38 - [TEST_STEP][PASSED] - compare = compare - 1: null

17-03-2025T06:54:38 - [TEST_STEP][PASSED] - if (compare == filePoteri): null

17-03-2025T06:54:38 - [TEST_STEP][PASSED] - else: null

17-03-2025T06:54:38 - [TEST_STEP][PASSED] - numberOfErrors = numberOfErrors + 1: null

17-03-2025T06:54:38 - [TEST_STEP][PASSED] - pageInt = pagePoteri: null

17-03-2025T06:54:38 - [TEST_STEP][PASSED] - fileInt = filePoteri: null

17-03-2025T06:54:38 - [TEST_STEP][PASSED] - typeOfData = typeOfDataMain + " Потери": null

17-03-2025T06:54:38 - [TEST_STEP][PASSED] - Script1718980020443.WriteToExcel(a, typeOfData, todaysDate, pageInt, fileInt, pageDouble, fileDouble, dZO): null

17-03-2025T06:54:38 - [TEST_STEP][PASSED] - sheetName = "Sheet1": null

17-03-2025T06:54:38 - [TEST_STEP][PASSED] - data = findTestData("PlanFact"): null

17-03-2025T06:54:38 - [TEST_STEP][PASSED] - n = data.getRowNumbers() + 1: null

17-03-2025T06:54:38 - [TEST_STEP][PASSED] - day = ")).toInteger(): null

17-03-2025T06:54:38 - [TEST_STEP][PASSED] - println(day): null

17-03-2025T06:54:38 - [TEST_STEP][PASSED] - month = ")).toInteger(): null

17-03-2025T06:54:38 - [TEST_STEP][PASSED] - println(month): null

17-03-2025T06:54:38 - [TEST_STEP][PASSED] - y = <not implemented yet for class: org.codehaus.groovy.ast.expr.EmptyExpression>: null

17-03-2025T06:54:38 - [TEST_STEP][PASSED] - iy = <not implemented yet for class: org.codehaus.groovy.ast.expr.EmptyExpression>: null

17-03-2025T06:54:38 - [TEST_STEP][PASSED] - m = getText(findTestObject("Выполнение бизнес-плана/Период")): Text of object 'Object Repository/Выполнение бизнес-плана/Период' is: 'Январь 2025 года'

17-03-2025T06:54:39 - [MESSAGE][PASSED] - Text of object 'Object Repository/Выполнение бизнес-плана/Период' is: 'Январь 2025 года'

17-03-2025T06:54:39 - [TEST_STEP][PASSED] - iy = m.indexOf("20"): null

17-03-2025T06:54:39 - [TEST_STEP][PASSED] - if (iy > -1): null

17-03-2025T06:54:39 - [TEST_STEP][PASSED] - y = substring(iy, iy + 4).toInteger(): null

17-03-2025T06:54:39 - [TEST_STEP][PASSED] - println(y): null

17-03-2025T06:54:39 - [TEST_STEP][PASSED] - if (toString().length() == 4): null

17-03-2025T06:54:39 - [TEST_STEP][PASSED] - m = m.substring(0, m.indexOf(y.toString())): null

17-03-2025T06:54:39 - [TEST_STEP][PASSED] - m = m.trim(): null

17-03-2025T06:54:39 - [TEST_STEP][PASSED] - if (m == ""): null

17-03-2025T06:54:39 - [TEST_STEP][PASSED] - dashboardName = "Выполнение бизнес-плана": null

17-03-2025T06:54:39 - [TEST_STEP][PASSED] - workbook01 = getWorkbook(excelFilePath): null

17-03-2025T06:54:39 - [TEST_STEP][PASSED] - sheet01 = getExcelSheet(workbook01, sheetName): null

17-03-2025T06:54:39 - [TEST_STEP][PASSED] - setValueToCellByIndex(sheet01, n, 0, dashboardName): null

17-03-2025T06:54:39 - [TEST_STEP][PASSED] - setValueToCellByIndex(sheet01, n, 1, dZO): null

17-03-2025T06:54:39 - [TEST_STEP][PASSED] - setValueToCellByIndex(sheet01, n, 2, typeOfData): null

17-03-2025T06:54:39 - [TEST_STEP][PASSED] - if (typeOfData == "Факт в процентах" || typeOfData == "План в процентах"): null

17-03-2025T06:54:39 - [TEST_STEP][PASSED] - else: null

17-03-2025T06:54:39 - [TEST_STEP][PASSED] - setValueToCellByIndex(sheet01, n, 3, fileInt): null

17-03-2025T06:54:39 - [TEST_STEP][PASSED] - setValueToCellByIndex(sheet01, n, 4, pageInt): null

17-03-2025T06:54:39 - [TEST_STEP][PASSED] - setValueToCellByIndex(sheet01, n, 5, m): null

17-03-2025T06:54:39 - [TEST_STEP][PASSED] - setValueToCellByIndex(sheet01, n, 6, y): null

17-03-2025T06:54:39 - [TEST_STEP][PASSED] - setValueToCellByIndex(sheet01, n, 7, todaysDate): null

17-03-2025T06:54:39 - [TEST_STEP][PASSED] - n = n + 1: null

17-03-2025T06:54:39 - [TEST_STEP][PASSED] - saveWorkbook(excelFilePath, workbook01): Object: 'Object Repository/Выполнение бизнес-плана/Кнопка Факт' is clicked on

17-03-2025T06:54:39 - [TEST_STEP][PASSED] - if (planFact == 2): Object: 'Object Repository/Выполнение бизнес-плана/Кнопка Факт' is clicked on

17-03-2025T06:54:39 - [TEST_STEP][PASSED] - click(findTestObject("Выполнение бизнес-плана/Кнопка Факт")): Object: 'Object Repository/Выполнение бизнес-плана/Кнопка Факт' is clicked on

17-03-2025T06:54:39 - [MESSAGE][PASSED] - Object: 'Object Repository/Выполнение бизнес-плана/Кнопка Факт' is clicked on

17-03-2025T06:54:39 - [TEST_STEP][PASSED] - println("a=" + a): null

17-03-2025T06:54:39 - [TEST_STEP][PASSED] - if (a == 84 || a == 82): null

17-03-2025T06:54:39 - [TEST_STEP][PASSED] - else if (a == 83 || a == 52 || a == 72 || a == 28 || a == 73 || a == 77 || a == 74 || a == 65 || a == 36 || a == 44 || a == 53 || a == 80 || a == 54 || a == 1 || a == 18 || a == 59 || a == 81): null

17-03-2025T06:54:39 - [TEST_STEP][PASSED] - else: null

17-03-2025T06:54:39 - [TEST_STEP][PASSED] - page1 = getText(findTestObject("Object Repository/Выполнение бизнес-плана/spanPlan" + filialNum)): Text of object 'Object Repository/Выполнение бизнес-плана/spanPlan3' is: '6.93
|'

17-03-2025T06:54:40 - [MESSAGE][PASSED] - Text of object 'Object Repository/Выполнение бизнес-плана/spanPlan3' is: '6.93
|'

17-03-2025T06:54:40 - [TEST_STEP][PASSED] - page1 = page1.replace("|", ""): null

17-03-2025T06:54:40 - [TEST_STEP][PASSED] - page2 = getText(findTestObject("Object Repository/Выполнение бизнес-плана/spanFact" + filialNum)): Text of object 'Object Repository/Выполнение бизнес-плана/spanFact3' is: '5.82
|'

17-03-2025T06:54:40 - [MESSAGE][PASSED] - Text of object 'Object Repository/Выполнение бизнес-плана/spanFact3' is: '5.82
|'

17-03-2025T06:54:40 - [TEST_STEP][PASSED] - page2 = page2.replace("|", ""): null

17-03-2025T06:54:40 - [TEST_STEP][PASSED] - println("page1: " + page1): null

17-03-2025T06:54:40 - [TEST_STEP][PASSED] - println("page2: " + page2): null

17-03-2025T06:54:40 - [TEST_STEP][PASSED] - file = findTestData("PlanFact").getValue(4, a): null

17-03-2025T06:54:40 - [TEST_STEP][PASSED] - file = file.replace(",", "."): null

17-03-2025T06:54:40 - [TEST_STEP][PASSED] - println("file Plan: " + file): null

17-03-2025T06:54:40 - [TEST_STEP][PASSED] - typeOfData = "План в процентах": null

17-03-2025T06:54:40 - [TEST_STEP][PASSED] - fileDouble = file.toDouble(): null

17-03-2025T06:54:40 - [TEST_STEP][PASSED] - pageDouble = page1.toDouble(): null

17-03-2025T06:54:40 - [TEST_STEP][PASSED] - if (fileDouble != pageDouble): null

17-03-2025T06:54:40 - [TEST_STEP][PASSED] - numberOfErrors = numberOfErrors + 1: null

17-03-2025T06:54:40 - [TEST_STEP][PASSED] - Script1718980020443.WriteToExcel(a, typeOfData, todaysDate, pageInt, fileInt, pageDouble, fileDouble, dZO): null

17-03-2025T06:54:40 - [TEST_STEP][PASSED] - sheetName = "Sheet1": null

17-03-2025T06:54:40 - [TEST_STEP][PASSED] - data = findTestData("PlanFact"): null

17-03-2025T06:54:40 - [TEST_STEP][PASSED] - n = data.getRowNumbers() + 1: null

17-03-2025T06:54:40 - [TEST_STEP][PASSED] - day = ")).toInteger(): null

17-03-2025T06:54:40 - [TEST_STEP][PASSED] - println(day): null

17-03-2025T06:54:40 - [TEST_STEP][PASSED] - month = ")).toInteger(): null

17-03-2025T06:54:40 - [TEST_STEP][PASSED] - println(month): null

17-03-2025T06:54:40 - [TEST_STEP][PASSED] - y = <not implemented yet for class: org.codehaus.groovy.ast.expr.EmptyExpression>: null

17-03-2025T06:54:40 - [TEST_STEP][PASSED] - iy = <not implemented yet for class: org.codehaus.groovy.ast.expr.EmptyExpression>: null

17-03-2025T06:54:40 - [TEST_STEP][PASSED] - m = getText(findTestObject("Выполнение бизнес-плана/Период")): Text of object 'Object Repository/Выполнение бизнес-плана/Период' is: 'Январь 2025 года'

17-03-2025T06:54:40 - [MESSAGE][PASSED] - Text of object 'Object Repository/Выполнение бизнес-плана/Период' is: 'Январь 2025 года'

17-03-2025T06:54:40 - [TEST_STEP][PASSED] - iy = m.indexOf("20"): null

17-03-2025T06:54:40 - [TEST_STEP][PASSED] - if (iy > -1): null

17-03-2025T06:54:40 - [TEST_STEP][PASSED] - y = substring(iy, iy + 4).toInteger(): null

17-03-2025T06:54:40 - [TEST_STEP][PASSED] - println(y): null

17-03-2025T06:54:40 - [TEST_STEP][PASSED] - if (toString().length() == 4): null

17-03-2025T06:54:40 - [TEST_STEP][PASSED] - m = m.substring(0, m.indexOf(y.toString())): null

17-03-2025T06:54:40 - [TEST_STEP][PASSED] - m = m.trim(): null

17-03-2025T06:54:40 - [TEST_STEP][PASSED] - if (m == ""): null

17-03-2025T06:54:40 - [TEST_STEP][PASSED] - dashboardName = "Выполнение бизнес-плана": null

17-03-2025T06:54:40 - [TEST_STEP][PASSED] - workbook01 = getWorkbook(excelFilePath): null

17-03-2025T06:54:40 - [TEST_STEP][PASSED] - sheet01 = getExcelSheet(workbook01, sheetName): null

17-03-2025T06:54:40 - [TEST_STEP][PASSED] - setValueToCellByIndex(sheet01, n, 0, dashboardName): null

17-03-2025T06:54:40 - [TEST_STEP][PASSED] - setValueToCellByIndex(sheet01, n, 1, dZO): null

17-03-2025T06:54:40 - [TEST_STEP][PASSED] - setValueToCellByIndex(sheet01, n, 2, typeOfData): null

17-03-2025T06:54:40 - [TEST_STEP][PASSED] - if (typeOfData == "Факт в процентах" || typeOfData == "План в процентах"): null

17-03-2025T06:54:40 - [TEST_STEP][PASSED] - setValueToCellByIndex(sheet01, n, 3, fileDouble): null

17-03-2025T06:54:40 - [TEST_STEP][PASSED] - setValueToCellByIndex(sheet01, n, 4, pageDouble): null

17-03-2025T06:54:40 - [TEST_STEP][PASSED] - setValueToCellByIndex(sheet01, n, 5, m): null

17-03-2025T06:54:40 - [TEST_STEP][PASSED] - setValueToCellByIndex(sheet01, n, 6, y): null

17-03-2025T06:54:40 - [TEST_STEP][PASSED] - setValueToCellByIndex(sheet01, n, 7, todaysDate): null

17-03-2025T06:54:40 - [TEST_STEP][PASSED] - n = n + 1: null

17-03-2025T06:54:40 - [TEST_STEP][PASSED] - saveWorkbook(excelFilePath, workbook01): null

17-03-2025T06:54:41 - [TEST_STEP][PASSED] - file = findTestData("PlanFact").getValue(7, a): null

17-03-2025T06:54:41 - [TEST_STEP][PASSED] - file = file.replace(",", "."): null

17-03-2025T06:54:41 - [TEST_STEP][PASSED] - println("file Fact: " + file): null

17-03-2025T06:54:41 - [TEST_STEP][PASSED] - fileDouble = file.toDouble(): null

17-03-2025T06:54:41 - [TEST_STEP][PASSED] - typeOfData = "Факт в процентах": null

17-03-2025T06:54:41 - [TEST_STEP][PASSED] - fileDouble = file.toDouble(): null

17-03-2025T06:54:41 - [TEST_STEP][PASSED] - pageDouble = page2.toDouble(): null

17-03-2025T06:54:41 - [TEST_STEP][PASSED] - if (fileDouble != pageDouble): null

17-03-2025T06:54:41 - [TEST_STEP][PASSED] - numberOfErrors = numberOfErrors + 1: null

17-03-2025T06:54:41 - [TEST_STEP][PASSED] - Script1718980020443.WriteToExcel(a, typeOfData, todaysDate, pageInt, fileInt, pageDouble, fileDouble, dZO): null

17-03-2025T06:54:41 - [TEST_STEP][PASSED] - sheetName = "Sheet1": null

17-03-2025T06:54:41 - [TEST_STEP][PASSED] - data = findTestData("PlanFact"): null

17-03-2025T06:54:41 - [TEST_STEP][PASSED] - n = data.getRowNumbers() + 1: null

17-03-2025T06:54:41 - [TEST_STEP][PASSED] - day = ")).toInteger(): null

17-03-2025T06:54:41 - [TEST_STEP][PASSED] - println(day): null

17-03-2025T06:54:41 - [TEST_STEP][PASSED] - month = ")).toInteger(): null

17-03-2025T06:54:41 - [TEST_STEP][PASSED] - println(month): null

17-03-2025T06:54:41 - [TEST_STEP][PASSED] - y = <not implemented yet for class: org.codehaus.groovy.ast.expr.EmptyExpression>: null

17-03-2025T06:54:41 - [TEST_STEP][PASSED] - iy = <not implemented yet for class: org.codehaus.groovy.ast.expr.EmptyExpression>: null

17-03-2025T06:54:41 - [TEST_STEP][PASSED] - m = getText(findTestObject("Выполнение бизнес-плана/Период")): Text of object 'Object Repository/Выполнение бизнес-плана/Период' is: 'Январь 2025 года'

17-03-2025T06:54:41 - [MESSAGE][PASSED] - Text of object 'Object Repository/Выполнение бизнес-плана/Период' is: 'Январь 2025 года'

17-03-2025T06:54:41 - [TEST_STEP][PASSED] - iy = m.indexOf("20"): null

17-03-2025T06:54:41 - [TEST_STEP][PASSED] - if (iy > -1): null

17-03-2025T06:54:41 - [TEST_STEP][PASSED] - y = substring(iy, iy + 4).toInteger(): null

17-03-2025T06:54:41 - [TEST_STEP][PASSED] - println(y): null

17-03-2025T06:54:41 - [TEST_STEP][PASSED] - if (toString().length() == 4): null

17-03-2025T06:54:41 - [TEST_STEP][PASSED] - m = m.substring(0, m.indexOf(y.toString())): null

17-03-2025T06:54:41 - [TEST_STEP][PASSED] - m = m.trim(): null

17-03-2025T06:54:41 - [TEST_STEP][PASSED] - if (m == ""): null

17-03-2025T06:54:41 - [TEST_STEP][PASSED] - dashboardName = "Выполнение бизнес-плана": null

17-03-2025T06:54:41 - [TEST_STEP][PASSED] - workbook01 = getWorkbook(excelFilePath): null

17-03-2025T06:54:41 - [TEST_STEP][PASSED] - sheet01 = getExcelSheet(workbook01, sheetName): null

17-03-2025T06:54:41 - [TEST_STEP][PASSED] - setValueToCellByIndex(sheet01, n, 0, dashboardName): null

17-03-2025T06:54:41 - [TEST_STEP][PASSED] - setValueToCellByIndex(sheet01, n, 1, dZO): null

17-03-2025T06:54:41 - [TEST_STEP][PASSED] - setValueToCellByIndex(sheet01, n, 2, typeOfData): null

17-03-2025T06:54:41 - [TEST_STEP][PASSED] - if (typeOfData == "Факт в процентах" || typeOfData == "План в процентах"): null

17-03-2025T06:54:41 - [TEST_STEP][PASSED] - setValueToCellByIndex(sheet01, n, 3, fileDouble): null

17-03-2025T06:54:41 - [TEST_STEP][PASSED] - setValueToCellByIndex(sheet01, n, 4, pageDouble): null

17-03-2025T06:54:41 - [TEST_STEP][PASSED] - setValueToCellByIndex(sheet01, n, 5, m): null

17-03-2025T06:54:41 - [TEST_STEP][PASSED] - setValueToCellByIndex(sheet01, n, 6, y): null

17-03-2025T06:54:41 - [TEST_STEP][PASSED] - setValueToCellByIndex(sheet01, n, 7, todaysDate): null

17-03-2025T06:54:41 - [TEST_STEP][PASSED] - n = n + 1: null

17-03-2025T06:54:41 - [TEST_STEP][PASSED] - saveWorkbook(excelFilePath, workbook01): null

17-03-2025T06:54:41 - [TEST_STEP][FAILED] - if (verifyEqual(numberOfErrors, 0) == false): null

17-03-2025T06:54:41 - [MESSAGE][FAILED] - Unable to verify equal between actual object '6' and expected object '0' (Root cause: com.kms.katalon.core.exception.StepFailedException: Actual object '6' and expected object '0' are not equal
	at com.kms.katalon.core.keyword.builtin.VerifyEqualKeyword$_verifyEqual_closure1.doCall(VerifyEqualKeyword.groovy:58)
	at com.kms.katalon.core.keyword.builtin.VerifyEqualKeyword$_verifyEqual_closure1.call(VerifyEqualKeyword.groovy)
	at com.kms.katalon.core.keyword.internal.KeywordMain.runKeyword(KeywordMain.groovy:75)
	at com.kms.katalon.core.keyword.builtin.VerifyEqualKeyword.verifyEqual(VerifyEqualKeyword.groovy:63)
	at com.kms.katalon.core.keyword.builtin.VerifyEqualKeyword.execute(VerifyEqualKeyword.groovy:44)
	at com.kms.katalon.core.keyword.internal.KeywordExecutor.executeKeywordForPlatform(KeywordExecutor.groovy:74)
	at com.kms.katalon.core.keyword.BuiltinKeywords.verifyEqual(BuiltinKeywords.groovy:146)
	at jdk.internal.reflect.GeneratedMethodAccessor23.invoke(Unknown Source)
	at java.base/jdk.internal.reflect.DelegatingMethodAccessorImpl.invoke(DelegatingMethodAccessorImpl.java:43)
	at Выполнение бизнес-плана Сверка ПАО Россети все филиалы.Numbers(Выполнение бизнес-плана Сверка ПАО Россети все филиалы:744)
	at Выполнение бизнес-плана Сверка ПАО Россети все филиалы.Filials(Выполнение бизнес-плана Сверка ПАО Россети все филиалы:979)
	at Выполнение бизнес-плана Сверка ПАО Россети все филиалы.Numbers(Выполнение бизнес-плана Сверка ПАО Россети все филиалы:751)
	at Выполнение бизнес-плана Сверка ПАО Россети все филиалы.run(Выполнение бизнес-плана Сверка ПАО Россети все филиалы:231)
	at com.kms.katalon.core.main.ScriptEngine.run(ScriptEngine.java:194)
	at com.kms.katalon.core.main.ScriptEngine.runScriptAsRawText(ScriptEngine.java:119)
	at com.kms.katalon.core.main.TestCaseExecutor.runScript(TestCaseExecutor.java:448)
	at com.kms.katalon.core.main.TestCaseExecutor.doExecute(TestCaseExecutor.java:439)
	at com.kms.katalon.core.main.TestCaseExecutor.processExecutionPhase(TestCaseExecutor.java:418)
	at com.kms.katalon.core.main.TestCaseExecutor.accessMainPhase(TestCaseExecutor.java:410)
	at com.kms.katalon.core.main.TestCaseExecutor.execute(TestCaseExecutor.java:285)
	at com.kms.katalon.core.common.CommonExecutor.accessTestCaseMainPhase(CommonExecutor.java:65)
	at com.kms.katalon.core.main.TestSuiteExecutor.accessTestSuiteMainPhase(TestSuiteExecutor.java:150)
	at com.kms.katalon.core.main.TestSuiteExecutor.execute(TestSuiteExecutor.java:106)
	at com.kms.katalon.core.main.TestCaseMain.startTestSuite(TestCaseMain.java:180)
	at TempTestSuite1742171011514.run(TempTestSuite1742171011514.groovy:35)
	at java.base/jdk.internal.reflect.NativeMethodAccessorImpl.invoke0(Native Method)
	at java.base/jdk.internal.reflect.NativeMethodAccessorImpl.invoke(NativeMethodAccessorImpl.java:77)
	at java.base/jdk.internal.reflect.DelegatingMethodAccessorImpl.invoke(DelegatingMethodAccessorImpl.java:43)
)

17-03-2025T06:54:41 - [TEST_STEP][PASSED] - println(numberOfErrors): null

17-03-2025T06:54:41 - [TEST_STEP][PASSED] - println("a=" + a): null

17-03-2025T06:54:41 - [TEST_STEP][PASSED] - if (a == 28 || a == 77 || a == 74 || a == 65 || a == 36 || a == 44 || a == 54 || a == 1 || a == 18 || a == 59): null

17-03-2025T06:54:41 - [TEST_STEP][PASSED] - if (a == 82): null

17-03-2025T06:54:41 - [TEST_STEP][PASSED] - dZO = "Ульяновские РС": null

17-03-2025T06:54:41 - [TEST_STEP][PASSED] - a = 34: null

17-03-2025T06:54:41 - [TEST_STEP][PASSED] - dzoCut = dZO.substring(0, 10): null

17-03-2025T06:54:41 - [TEST_STEP][PASSED] - if (x2.contains(dzoCut)): null

17-03-2025T06:54:41 - [TEST_STEP][PASSED] - filialNum = filialNum + 1: null

17-03-2025T06:54:41 - [TEST_STEP][PASSED] - Script1718980020443.Numbers(a, typeOfData, todaysDate, pageInt, fileInt, pageDouble, fileDouble, dZO, dzoNum, filialNum): null

17-03-2025T06:54:41 - [TEST_STEP][PASSED] - println(dzoNum): null

17-03-2025T06:54:41 - [TEST_STEP][PASSED] - planFact = <not implemented yet for class: org.codehaus.groovy.ast.expr.EmptyExpression>: null

17-03-2025T06:54:41 - [TEST_STEP][PASSED] - page = <not implemented yet for class: org.codehaus.groovy.ast.expr.EmptyExpression>: null

17-03-2025T06:54:41 - [TEST_STEP][PASSED] - page1 = <not implemented yet for class: org.codehaus.groovy.ast.expr.EmptyExpression>: null

17-03-2025T06:54:41 - [TEST_STEP][PASSED] - page2 = <not implemented yet for class: org.codehaus.groovy.ast.expr.EmptyExpression>: null

17-03-2025T06:54:41 - [TEST_STEP][PASSED] - filialNumberInRow = <not implemented yet for class: org.codehaus.groovy.ast.expr.EmptyExpression>: null

17-03-2025T06:54:41 - [TEST_STEP][PASSED] - filialsDzoNames = <not implemented yet for class: org.codehaus.groovy.ast.expr.EmptyExpression>: null

17-03-2025T06:54:41 - [TEST_STEP][PASSED] - numberOfFilials = <not implemented yet for class: org.codehaus.groovy.ast.expr.EmptyExpression>: null

17-03-2025T06:54:41 - [TEST_STEP][PASSED] - numberOfSpaces = <not implemented yet for class: org.codehaus.groovy.ast.expr.EmptyExpression>: null

17-03-2025T06:54:41 - [TEST_STEP][PASSED] - file = <not implemented yet for class: org.codehaus.groovy.ast.expr.EmptyExpression>: null

17-03-2025T06:54:41 - [TEST_STEP][PASSED] - otpusk = <not implemented yet for class: org.codehaus.groovy.ast.expr.EmptyExpression>: null

17-03-2025T06:54:41 - [TEST_STEP][PASSED] - poteri = <not implemented yet for class: org.codehaus.groovy.ast.expr.EmptyExpression>: null

17-03-2025T06:54:41 - [TEST_STEP][PASSED] - dataFolder = "Выполнение бизнес-плана/Значения со страницы Выполнение бизнес-плана/": null

17-03-2025T06:54:41 - [TEST_STEP][PASSED] - path = <not implemented yet for class: org.codehaus.groovy.ast.expr.EmptyExpression>: null

17-03-2025T06:54:41 - [TEST_STEP][PASSED] - typeOfDataMain = <not implemented yet for class: org.codehaus.groovy.ast.expr.EmptyExpression>: null

17-03-2025T06:54:41 - [TEST_STEP][PASSED] - fileOtpuskVSet = <not implemented yet for class: org.codehaus.groovy.ast.expr.EmptyExpression>: null

17-03-2025T06:54:41 - [TEST_STEP][PASSED] - pageOtpuskVSet = <not implemented yet for class: org.codehaus.groovy.ast.expr.EmptyExpression>: null

17-03-2025T06:54:41 - [TEST_STEP][PASSED] - filePoteri = <not implemented yet for class: org.codehaus.groovy.ast.expr.EmptyExpression>: null

17-03-2025T06:54:41 - [TEST_STEP][PASSED] - pagePoteri = <not implemented yet for class: org.codehaus.groovy.ast.expr.EmptyExpression>: null

17-03-2025T06:54:41 - [TEST_STEP][PASSED] - compare = <not implemented yet for class: org.codehaus.groovy.ast.expr.EmptyExpression>: null

17-03-2025T06:54:41 - [TEST_STEP][PASSED] - b = <not implemented yet for class: org.codehaus.groovy.ast.expr.EmptyExpression>: null

17-03-2025T06:54:41 - [TEST_STEP][PASSED] - i = <not implemented yet for class: org.codehaus.groovy.ast.expr.EmptyExpression>: null

17-03-2025T06:54:41 - [TEST_STEP][PASSED] - ii = <not implemented yet for class: org.codehaus.groovy.ast.expr.EmptyExpression>: null

17-03-2025T06:54:41 - [TEST_STEP][PASSED] - c = <not implemented yet for class: org.codehaus.groovy.ast.expr.EmptyExpression>: null

17-03-2025T06:54:41 - [TEST_STEP][PASSED] - numberOfErrors = 0: null

17-03-2025T06:54:41 - [TEST_STEP][PASSED] - if (a == 82): null

17-03-2025T06:54:41 - [TEST_STEP][PASSED] - b = findTestData("PlanFact").getValue(1, a): null

17-03-2025T06:54:41 - [TEST_STEP][PASSED] - i = b.indexOf(" (ГК)"): null

17-03-2025T06:54:41 - [TEST_STEP][PASSED] - if (i > -1): null

17-03-2025T06:54:41 - [TEST_STEP][PASSED] - i = b.indexOf("О ""): null

17-03-2025T06:54:41 - [TEST_STEP][PASSED] - if (i > -1): null

17-03-2025T06:54:41 - [TEST_STEP][PASSED] - i = b.indexOf("О «"): null

17-03-2025T06:54:41 - [TEST_STEP][PASSED] - if (i > -1): null

17-03-2025T06:54:41 - [TEST_STEP][PASSED] - i = b.indexOf("г. "): null

17-03-2025T06:54:41 - [TEST_STEP][PASSED] - if (i > -1): null

17-03-2025T06:54:41 - [TEST_STEP][PASSED] - b = b.trim(): null

17-03-2025T06:54:41 - [TEST_STEP][PASSED] - println(b): null

17-03-2025T06:54:41 - [TEST_STEP][FAILED] - for ([planFact = 1, planFact < 3, (planFact++)]): null

17-03-2025T06:54:41 - [TEST_STEP][PASSED] - if (planFact == 1): null

17-03-2025T06:54:41 - [TEST_STEP][PASSED] - typeOfDataMain = "Факт": null

17-03-2025T06:54:41 - [TEST_STEP][PASSED] - otpusk = findTestData("PlanFact").getValue(5, a): null

17-03-2025T06:54:41 - [TEST_STEP][PASSED] - poteri = findTestData("PlanFact").getValue(6, a): null

17-03-2025T06:54:42 - [TEST_STEP][PASSED] - otpusk = otpusk.replaceAll("\s+", ""): null

17-03-2025T06:54:42 - [TEST_STEP][PASSED] - poteri = poteri.replaceAll("\s+", ""): null

17-03-2025T06:54:42 - [TEST_STEP][PASSED] - typeOfData = typeOfDataMain + " Отпуск в сеть": null

17-03-2025T06:54:42 - [TEST_STEP][PASSED] - if (a == 82): null

17-03-2025T06:54:42 - [TEST_STEP][PASSED] - else if (a == 84): null

17-03-2025T06:54:42 - [TEST_STEP][PASSED] - else if (a == 83 || a == 52 || a == 72 || a == 28 || a == 73 || a == 77 || a == 74 || a == 65 || a == 36 || a == 44 || a == 53 || a == 80 || a == 54 || a == 1 || a == 18 || a == 59 || a == 81): null

17-03-2025T06:54:42 - [TEST_STEP][PASSED] - else: null

17-03-2025T06:54:42 - [TEST_STEP][PASSED] - path = dataFolder + typeOfData + " за отчётный период " + b: null

17-03-2025T06:54:42 - [TEST_STEP][PASSED] - println(path): null

17-03-2025T06:54:42 - [TEST_STEP][FAILED] - page = getText(findTestObject(path)): Unable to get text of object 'Object Repository/Выполнение бизнес-плана/Значения со страницы Выполнение бизнес-плана/Факт Отпуск в сеть за отчётный период Ульяновские РС' (Root cause: com.kms.katalon.core.exception.StepFailedException: Unable to get text of object 'Object Repository/Выполнение бизнес-плана/Значения со страницы Выполнение бизнес-плана/Факт Отпуск в сеть за отчётный период Ульяновские РС'
	at com.kms.katalon.core.webui.keyword.internal.WebUIKeywordMain.stepFailed(WebUIKeywordMain.groovy:64)
	at com.kms.katalon.core.webui.keyword.internal.WebUIKeywordMain.runKeyword(WebUIKeywordMain.groovy:26)
	at com.kms.katalon.core.webui.keyword.builtin.GetTextKeyword.getText(GetTextKeyword.groovy:88)
	at com.kms.katalon.core.webui.keyword.builtin.GetTextKeyword.execute(GetTextKeyword.groovy:67)
	at com.kms.katalon.core.keyword.internal.KeywordExecutor.executeKeywordForPlatform(KeywordExecutor.groovy:74)
	at com.kms.katalon.core.webui.keyword.WebUiBuiltInKeywords.getText(WebUiBuiltInKeywords.groovy:957)
	at Выполнение бизнес-плана Сверка ПАО Россети все филиалы.Numbers(Выполнение бизнес-плана Сверка ПАО Россети все филиалы:561)
	at Выполнение бизнес-плана Сверка ПАО Россети все филиалы.Filials(Выполнение бизнес-плана Сверка ПАО Россети все филиалы:993)
	at Выполнение бизнес-плана Сверка ПАО Россети все филиалы.Numbers(Выполнение бизнес-плана Сверка ПАО Россети все филиалы:751)
	at Выполнение бизнес-плана Сверка ПАО Россети все филиалы.run(Выполнение бизнес-плана Сверка ПАО Россети все филиалы:231)
	at com.kms.katalon.core.main.ScriptEngine.run(ScriptEngine.java:194)
	at com.kms.katalon.core.main.ScriptEngine.runScriptAsRawText(ScriptEngine.java:119)
	at com.kms.katalon.core.main.TestCaseExecutor.runScript(TestCaseExecutor.java:448)
	at com.kms.katalon.core.main.TestCaseExecutor.doExecute(TestCaseExecutor.java:439)
	at com.kms.katalon.core.main.TestCaseExecutor.processExecutionPhase(TestCaseExecutor.java:418)
	at com.kms.katalon.core.main.TestCaseExecutor.accessMainPhase(TestCaseExecutor.java:410)
	at com.kms.katalon.core.main.TestCaseExecutor.execute(TestCaseExecutor.java:285)
	at com.kms.katalon.core.common.CommonExecutor.accessTestCaseMainPhase(CommonExecutor.java:65)
	at com.kms.katalon.core.main.TestSuiteExecutor.accessTestSuiteMainPhase(TestSuiteExecutor.java:150)
	at com.kms.katalon.core.main.TestSuiteExecutor.execute(TestSuiteExecutor.java:106)
	at com.kms.katalon.core.main.TestCaseMain.startTestSuite(TestCaseMain.java:180)
	at TempTestSuite1742171011514.run(TempTestSuite1742171011514.groovy:35)
	at java.base/jdk.internal.reflect.NativeMethodAccessorImpl.invoke0(Native Method)
	at java.base/jdk.internal.reflect.NativeMethodAccessorImpl.invoke(NativeMethodAccessorImpl.java:77)
	at java.base/jdk.internal.reflect.DelegatingMethodAccessorImpl.invoke(DelegatingMethodAccessorImpl.java:43)
Caused by: com.kms.katalon.core.webui.exception.WebElementNotFoundException: Web element with id: 'Object Repository/Выполнение бизнес-плана/Значения со страницы Выполнение бизнес-плана/Факт Отпуск в сеть за отчётный период Ульяновские РС' located by '//tr/td[6]' not found
	at com.kms.katalon.core.webui.common.WebUiCommonHelper.findWebElement(WebUiCommonHelper.java:1426)
	at com.kms.katalon.core.webui.keyword.internal.WebUIAbstractKeyword.findWebElement(WebUIAbstractKeyword.groovy:27)
	at com.kms.katalon.core.webui.keyword.internal.WebUIAbstractKeyword.findWebElement(WebUIAbstractKeyword.groovy:26)
	at com.kms.katalon.core.webui.keyword.builtin.GetTextKeyword$_getText_closure1.doCall(GetTextKeyword.groovy:78)
	at com.kms.katalon.core.webui.keyword.builtin.GetTextKeyword$_getText_closure1.call(GetTextKeyword.groovy)
	at com.kms.katalon.core.webui.keyword.internal.WebUIKeywordMain.runKeyword(WebUIKeywordMain.groovy:20)
	at com.kms.katalon.core.webui.keyword.builtin.GetTextKeyword.getText(GetTextKeyword.groovy:88)
	at com.kms.katalon.core.webui.keyword.builtin.GetTextKeyword.execute(GetTextKeyword.groovy:67)
	at com.kms.katalon.core.keyword.internal.KeywordExecutor.executeKeywordForPlatform(KeywordExecutor.groovy:74)
	at com.kms.katalon.core.webui.keyword.WebUiBuiltInKeywords.getText(WebUiBuiltInKeywords.groovy:957)
	at Script1718980020443.Numbers(Script1718980020443.groovy:561)
	at Script1718980020443.Filials(Script1718980020443.groovy:993)
	at Script1718980020443.Numbers(Script1718980020443.groovy:751)
	at Script1718980020443.run(Script1718980020443.groovy:231)
	... 15 more
)

17-03-2025T06:55:13 - [MESSAGE][INFO] - Unable to find the element located by 'By.xpath: //tr/td[6]'. Please recheck the objects properties to make sure the desired element is located. 

17-03-2025T06:55:13 - [MESSAGE][FAILED] - Unable to get text of object 'Object Repository/Выполнение бизнес-плана/Значения со страницы Выполнение бизнес-плана/Факт Отпуск в сеть за отчётный период Ульяновские РС' (Root cause: com.kms.katalon.core.exception.StepFailedException: Unable to get text of object 'Object Repository/Выполнение бизнес-плана/Значения со страницы Выполнение бизнес-плана/Факт Отпуск в сеть за отчётный период Ульяновские РС'
	at com.kms.katalon.core.webui.keyword.internal.WebUIKeywordMain.stepFailed(WebUIKeywordMain.groovy:64)
	at com.kms.katalon.core.webui.keyword.internal.WebUIKeywordMain.runKeyword(WebUIKeywordMain.groovy:26)
	at com.kms.katalon.core.webui.keyword.builtin.GetTextKeyword.getText(GetTextKeyword.groovy:88)
	at com.kms.katalon.core.webui.keyword.builtin.GetTextKeyword.execute(GetTextKeyword.groovy:67)
	at com.kms.katalon.core.keyword.internal.KeywordExecutor.executeKeywordForPlatform(KeywordExecutor.groovy:74)
	at com.kms.katalon.core.webui.keyword.WebUiBuiltInKeywords.getText(WebUiBuiltInKeywords.groovy:957)
	at Выполнение бизнес-плана Сверка ПАО Россети все филиалы.Numbers(Выполнение бизнес-плана Сверка ПАО Россети все филиалы:561)
	at Выполнение бизнес-плана Сверка ПАО Россети все филиалы.Filials(Выполнение бизнес-плана Сверка ПАО Россети все филиалы:993)
	at Выполнение бизнес-плана Сверка ПАО Россети все филиалы.Numbers(Выполнение бизнес-плана Сверка ПАО Россети все филиалы:751)
	at Выполнение бизнес-плана Сверка ПАО Россети все филиалы.run(Выполнение бизнес-плана Сверка ПАО Россети все филиалы:231)
	at com.kms.katalon.core.main.ScriptEngine.run(ScriptEngine.java:194)
	at com.kms.katalon.core.main.ScriptEngine.runScriptAsRawText(ScriptEngine.java:119)
	at com.kms.katalon.core.main.TestCaseExecutor.runScript(TestCaseExecutor.java:448)
	at com.kms.katalon.core.main.TestCaseExecutor.doExecute(TestCaseExecutor.java:439)
	at com.kms.katalon.core.main.TestCaseExecutor.processExecutionPhase(TestCaseExecutor.java:418)
	at com.kms.katalon.core.main.TestCaseExecutor.accessMainPhase(TestCaseExecutor.java:410)
	at com.kms.katalon.core.main.TestCaseExecutor.execute(TestCaseExecutor.java:285)
	at com.kms.katalon.core.common.CommonExecutor.accessTestCaseMainPhase(CommonExecutor.java:65)
	at com.kms.katalon.core.main.TestSuiteExecutor.accessTestSuiteMainPhase(TestSuiteExecutor.java:150)
	at com.kms.katalon.core.main.TestSuiteExecutor.execute(TestSuiteExecutor.java:106)
	at com.kms.katalon.core.main.TestCaseMain.startTestSuite(TestCaseMain.java:180)
	at TempTestSuite1742171011514.run(TempTestSuite1742171011514.groovy:35)
	at java.base/jdk.internal.reflect.NativeMethodAccessorImpl.invoke0(Native Method)
	at java.base/jdk.internal.reflect.NativeMethodAccessorImpl.invoke(NativeMethodAccessorImpl.java:77)
	at java.base/jdk.internal.reflect.DelegatingMethodAccessorImpl.invoke(DelegatingMethodAccessorImpl.java:43)
Caused by: com.kms.katalon.core.webui.exception.WebElementNotFoundException: Web element with id: 'Object Repository/Выполнение бизнес-плана/Значения со страницы Выполнение бизнес-плана/Факт Отпуск в сеть за отчётный период Ульяновские РС' located by '//tr/td[6]' not found
	at com.kms.katalon.core.webui.common.WebUiCommonHelper.findWebElement(WebUiCommonHelper.java:1426)
	at com.kms.katalon.core.webui.keyword.internal.WebUIAbstractKeyword.findWebElement(WebUIAbstractKeyword.groovy:27)
	at com.kms.katalon.core.webui.keyword.internal.WebUIAbstractKeyword.findWebElement(WebUIAbstractKeyword.groovy:26)
	at com.kms.katalon.core.webui.keyword.builtin.GetTextKeyword$_getText_closure1.doCall(GetTextKeyword.groovy:78)
	at com.kms.katalon.core.webui.keyword.builtin.GetTextKeyword$_getText_closure1.call(GetTextKeyword.groovy)
	at com.kms.katalon.core.webui.keyword.internal.WebUIKeywordMain.runKeyword(WebUIKeywordMain.groovy:20)
	at com.kms.katalon.core.webui.keyword.builtin.GetTextKeyword.getText(GetTextKeyword.groovy:88)
	at com.kms.katalon.core.webui.keyword.builtin.GetTextKeyword.execute(GetTextKeyword.groovy:67)
	at com.kms.katalon.core.keyword.internal.KeywordExecutor.executeKeywordForPlatform(KeywordExecutor.groovy:74)
	at com.kms.katalon.core.webui.keyword.WebUiBuiltInKeywords.getText(WebUiBuiltInKeywords.groovy:957)
	at Script1718980020443.Numbers(Script1718980020443.groovy:561)
	at Script1718980020443.Filials(Script1718980020443.groovy:993)
	at Script1718980020443.Numbers(Script1718980020443.groovy:751)
	at Script1718980020443.run(Script1718980020443.groovy:231)
	... 15 more
)
[[ATTACHMENT|C:\\Users\\LIAZGINA-DI\\git\\SPORU\\Reports\\20250317_032331\\\u041F\u043D-\u0421\u0440-\u041F\u0442\\\u0421\u0432\u0435\u0440\u043A\u0430 \u0434\u0430\u0448\u0431\u043E\u0440\u0434\u043E\u0432 \u0438\u0437 \u0440\u0430\u0437\u043D\u044B\u0445 \u0431\u043B\u043E\u043A\u043E\u0432\\20250317_032331\\1742183713091.png]]

17-03-2025T06:55:13 - [TEST_STEP][PASSED] - if (page == "" || page == null): null

17-03-2025T06:55:13 - [TEST_STEP][PASSED] - fileInt = otpusk.toInteger(): null

17-03-2025T06:55:13 - [TEST_STEP][PASSED] - Script1718980020443.WriteToExcelNoData(a, typeOfData, todaysDate, fileInt, fileDouble, dZO): null

17-03-2025T06:55:13 - [TEST_STEP][PASSED] - sheetName = "Sheet1": null

17-03-2025T06:55:13 - [TEST_STEP][PASSED] - data = findTestData("PlanFact"): null

17-03-2025T06:55:13 - [TEST_STEP][PASSED] - n = data.getRowNumbers() + 1: null

17-03-2025T06:55:13 - [TEST_STEP][PASSED] - day = ")).toInteger(): null

17-03-2025T06:55:13 - [TEST_STEP][PASSED] - println(day): null

17-03-2025T06:55:13 - [TEST_STEP][PASSED] - month = ")).toInteger(): null

17-03-2025T06:55:13 - [TEST_STEP][PASSED] - println(month): null

17-03-2025T06:55:13 - [TEST_STEP][PASSED] - y = <not implemented yet for class: org.codehaus.groovy.ast.expr.EmptyExpression>: null

17-03-2025T06:55:13 - [TEST_STEP][PASSED] - iy = <not implemented yet for class: org.codehaus.groovy.ast.expr.EmptyExpression>: null

17-03-2025T06:55:13 - [TEST_STEP][PASSED] - m = getText(findTestObject("Выполнение бизнес-плана/Период")): Text of object 'Object Repository/Выполнение бизнес-плана/Период' is: 'Январь 2025 года'

17-03-2025T06:55:13 - [MESSAGE][PASSED] - Text of object 'Object Repository/Выполнение бизнес-плана/Период' is: 'Январь 2025 года'

17-03-2025T06:55:13 - [TEST_STEP][PASSED] - iy = m.indexOf("20"): null

17-03-2025T06:55:13 - [TEST_STEP][PASSED] - if (iy > -1): null

17-03-2025T06:55:13 - [TEST_STEP][PASSED] - y = substring(iy, iy + 4).toInteger(): null

17-03-2025T06:55:13 - [TEST_STEP][PASSED] - println(y): null

17-03-2025T06:55:13 - [TEST_STEP][PASSED] - if (toString().length() == 4): null

17-03-2025T06:55:13 - [TEST_STEP][PASSED] - m = m.substring(0, m.indexOf(y.toString())): null

17-03-2025T06:55:13 - [TEST_STEP][PASSED] - m = m.trim(): null

17-03-2025T06:55:13 - [TEST_STEP][PASSED] - if (m == ""): null

17-03-2025T06:55:13 - [TEST_STEP][PASSED] - dashboardName = "Выполнение бизнес-плана": null

17-03-2025T06:55:13 - [TEST_STEP][PASSED] - workbook01 = getWorkbook(excelFilePath): null

17-03-2025T06:55:13 - [TEST_STEP][PASSED] - sheet01 = getExcelSheet(workbook01, sheetName): null

17-03-2025T06:55:13 - [TEST_STEP][PASSED] - setValueToCellByIndex(sheet01, n, 0, dashboardName): null

17-03-2025T06:55:13 - [TEST_STEP][PASSED] - setValueToCellByIndex(sheet01, n, 1, dZO): null

17-03-2025T06:55:13 - [TEST_STEP][PASSED] - setValueToCellByIndex(sheet01, n, 2, typeOfData): null

17-03-2025T06:55:13 - [TEST_STEP][PASSED] - if (typeOfData == "Факт в процентах" || typeOfData == "План в процентах"): null

17-03-2025T06:55:13 - [TEST_STEP][PASSED] - else: null

17-03-2025T06:55:13 - [TEST_STEP][PASSED] - setValueToCellByIndex(sheet01, n, 3, fileInt): null

17-03-2025T06:55:13 - [TEST_STEP][PASSED] - setValueToCellByIndex(sheet01, n, 4, "нет данных"): null

17-03-2025T06:55:13 - [TEST_STEP][PASSED] - setValueToCellByIndex(sheet01, n, 5, m): null

17-03-2025T06:55:13 - [TEST_STEP][PASSED] - setValueToCellByIndex(sheet01, n, 6, y): null

17-03-2025T06:55:13 - [TEST_STEP][PASSED] - setValueToCellByIndex(sheet01, n, 7, todaysDate): null

17-03-2025T06:55:13 - [TEST_STEP][PASSED] - n = n + 1: null

17-03-2025T06:55:13 - [TEST_STEP][FAILED] - saveWorkbook(excelFilePath, workbook01): null

17-03-2025T06:55:13 - [TEST_STEP][PASSED] - typeOfData = typeOfDataMain + " Потери": null

17-03-2025T06:55:13 - [TEST_STEP][PASSED] - if (a == 82): null

17-03-2025T06:55:13 - [TEST_STEP][PASSED] - else if (a == 84): null

17-03-2025T06:55:13 - [TEST_STEP][PASSED] - else if (a == 83 || a == 52 || a == 72 || a == 28 || a == 73 || a == 77 || a == 74 || a == 65 || a == 44 || a == 53 || a == 80 || a == 54 || a == 1 || a == 18 || a == 59 || a == 81): null

17-03-2025T06:55:13 - [TEST_STEP][PASSED] - else: null

17-03-2025T06:55:13 - [TEST_STEP][PASSED] - path = dataFolder + typeOfData + " за отчётный период " + b: null

17-03-2025T06:55:13 - [TEST_STEP][FAILED] - page = getText(findTestObject(path)): Unable to get text of object 'Object Repository/Выполнение бизнес-плана/Значения со страницы Выполнение бизнес-плана/Факт Потери за отчётный период Ульяновские РС' (Root cause: com.kms.katalon.core.exception.StepFailedException: Unable to get text of object 'Object Repository/Выполнение бизнес-плана/Значения со страницы Выполнение бизнес-плана/Факт Потери за отчётный период Ульяновские РС'
	at com.kms.katalon.core.webui.keyword.internal.WebUIKeywordMain.stepFailed(WebUIKeywordMain.groovy:64)
	at com.kms.katalon.core.webui.keyword.internal.WebUIKeywordMain.runKeyword(WebUIKeywordMain.groovy:26)
	at com.kms.katalon.core.webui.keyword.builtin.GetTextKeyword.getText(GetTextKeyword.groovy:88)
	at com.kms.katalon.core.webui.keyword.builtin.GetTextKeyword.execute(GetTextKeyword.groovy:67)
	at com.kms.katalon.core.keyword.internal.KeywordExecutor.executeKeywordForPlatform(KeywordExecutor.groovy:74)
	at com.kms.katalon.core.webui.keyword.WebUiBuiltInKeywords.getText(WebUiBuiltInKeywords.groovy:957)
	at Выполнение бизнес-плана Сверка ПАО Россети все филиалы.Numbers(Выполнение бизнес-плана Сверка ПАО Россети все филиалы:594)
	at Выполнение бизнес-плана Сверка ПАО Россети все филиалы.Filials(Выполнение бизнес-плана Сверка ПАО Россети все филиалы:993)
	at Выполнение бизнес-плана Сверка ПАО Россети все филиалы.Numbers(Выполнение бизнес-плана Сверка ПАО Россети все филиалы:751)
	at Выполнение бизнес-плана Сверка ПАО Россети все филиалы.run(Выполнение бизнес-плана Сверка ПАО Россети все филиалы:231)
	at com.kms.katalon.core.main.ScriptEngine.run(ScriptEngine.java:194)
	at com.kms.katalon.core.main.ScriptEngine.runScriptAsRawText(ScriptEngine.java:119)
	at com.kms.katalon.core.main.TestCaseExecutor.runScript(TestCaseExecutor.java:448)
	at com.kms.katalon.core.main.TestCaseExecutor.doExecute(TestCaseExecutor.java:439)
	at com.kms.katalon.core.main.TestCaseExecutor.processExecutionPhase(TestCaseExecutor.java:418)
	at com.kms.katalon.core.main.TestCaseExecutor.accessMainPhase(TestCaseExecutor.java:410)
	at com.kms.katalon.core.main.TestCaseExecutor.execute(TestCaseExecutor.java:285)
	at com.kms.katalon.core.common.CommonExecutor.accessTestCaseMainPhase(CommonExecutor.java:65)
	at com.kms.katalon.core.main.TestSuiteExecutor.accessTestSuiteMainPhase(TestSuiteExecutor.java:150)
	at com.kms.katalon.core.main.TestSuiteExecutor.execute(TestSuiteExecutor.java:106)
	at com.kms.katalon.core.main.TestCaseMain.startTestSuite(TestCaseMain.java:180)
	at TempTestSuite1742171011514.run(TempTestSuite1742171011514.groovy:35)
	at java.base/jdk.internal.reflect.NativeMethodAccessorImpl.invoke0(Native Method)
	at java.base/jdk.internal.reflect.NativeMethodAccessorImpl.invoke(NativeMethodAccessorImpl.java:77)
	at java.base/jdk.internal.reflect.DelegatingMethodAccessorImpl.invoke(DelegatingMethodAccessorImpl.java:43)
Caused by: com.kms.katalon.core.webui.exception.WebElementNotFoundException: Web element with id: 'Object Repository/Выполнение бизнес-плана/Значения со страницы Выполнение бизнес-плана/Факт Потери за отчётный период Ульяновские РС' located by '//tr[3]/td[6]' not found
	at com.kms.katalon.core.webui.common.WebUiCommonHelper.findWebElement(WebUiCommonHelper.java:1426)
	at com.kms.katalon.core.webui.keyword.internal.WebUIAbstractKeyword.findWebElement(WebUIAbstractKeyword.groovy:27)
	at com.kms.katalon.core.webui.keyword.internal.WebUIAbstractKeyword.findWebElement(WebUIAbstractKeyword.groovy:26)
	at com.kms.katalon.core.webui.keyword.builtin.GetTextKeyword$_getText_closure1.doCall(GetTextKeyword.groovy:78)
	at com.kms.katalon.core.webui.keyword.builtin.GetTextKeyword$_getText_closure1.call(GetTextKeyword.groovy)
	at com.kms.katalon.core.webui.keyword.internal.WebUIKeywordMain.runKeyword(WebUIKeywordMain.groovy:20)
	at com.kms.katalon.core.webui.keyword.builtin.GetTextKeyword.getText(GetTextKeyword.groovy:88)
	at com.kms.katalon.core.webui.keyword.builtin.GetTextKeyword.execute(GetTextKeyword.groovy:67)
	at com.kms.katalon.core.keyword.internal.KeywordExecutor.executeKeywordForPlatform(KeywordExecutor.groovy:74)
	at com.kms.katalon.core.webui.keyword.WebUiBuiltInKeywords.getText(WebUiBuiltInKeywords.groovy:957)
	at Script1718980020443.Numbers(Script1718980020443.groovy:594)
	at Script1718980020443.Filials(Script1718980020443.groovy:993)
	at Script1718980020443.Numbers(Script1718980020443.groovy:751)
	at Script1718980020443.run(Script1718980020443.groovy:231)
	... 15 more
)

17-03-2025T06:55:44 - [MESSAGE][INFO] - Unable to find the element located by 'By.xpath: //tr[3]/td[6]'. Please recheck the objects properties to make sure the desired element is located. 

17-03-2025T06:55:44 - [MESSAGE][FAILED] - Unable to get text of object 'Object Repository/Выполнение бизнес-плана/Значения со страницы Выполнение бизнес-плана/Факт Потери за отчётный период Ульяновские РС' (Root cause: com.kms.katalon.core.exception.StepFailedException: Unable to get text of object 'Object Repository/Выполнение бизнес-плана/Значения со страницы Выполнение бизнес-плана/Факт Потери за отчётный период Ульяновские РС'
	at com.kms.katalon.core.webui.keyword.internal.WebUIKeywordMain.stepFailed(WebUIKeywordMain.groovy:64)
	at com.kms.katalon.core.webui.keyword.internal.WebUIKeywordMain.runKeyword(WebUIKeywordMain.groovy:26)
	at com.kms.katalon.core.webui.keyword.builtin.GetTextKeyword.getText(GetTextKeyword.groovy:88)
	at com.kms.katalon.core.webui.keyword.builtin.GetTextKeyword.execute(GetTextKeyword.groovy:67)
	at com.kms.katalon.core.keyword.internal.KeywordExecutor.executeKeywordForPlatform(KeywordExecutor.groovy:74)
	at com.kms.katalon.core.webui.keyword.WebUiBuiltInKeywords.getText(WebUiBuiltInKeywords.groovy:957)
	at Выполнение бизнес-плана Сверка ПАО Россети все филиалы.Numbers(Выполнение бизнес-плана Сверка ПАО Россети все филиалы:594)
	at Выполнение бизнес-плана Сверка ПАО Россети все филиалы.Filials(Выполнение бизнес-плана Сверка ПАО Россети все филиалы:993)
	at Выполнение бизнес-плана Сверка ПАО Россети все филиалы.Numbers(Выполнение бизнес-плана Сверка ПАО Россети все филиалы:751)
	at Выполнение бизнес-плана Сверка ПАО Россети все филиалы.run(Выполнение бизнес-плана Сверка ПАО Россети все филиалы:231)
	at com.kms.katalon.core.main.ScriptEngine.run(ScriptEngine.java:194)
	at com.kms.katalon.core.main.ScriptEngine.runScriptAsRawText(ScriptEngine.java:119)
	at com.kms.katalon.core.main.TestCaseExecutor.runScript(TestCaseExecutor.java:448)
	at com.kms.katalon.core.main.TestCaseExecutor.doExecute(TestCaseExecutor.java:439)
	at com.kms.katalon.core.main.TestCaseExecutor.processExecutionPhase(TestCaseExecutor.java:418)
	at com.kms.katalon.core.main.TestCaseExecutor.accessMainPhase(TestCaseExecutor.java:410)
	at com.kms.katalon.core.main.TestCaseExecutor.execute(TestCaseExecutor.java:285)
	at com.kms.katalon.core.common.CommonExecutor.accessTestCaseMainPhase(CommonExecutor.java:65)
	at com.kms.katalon.core.main.TestSuiteExecutor.accessTestSuiteMainPhase(TestSuiteExecutor.java:150)
	at com.kms.katalon.core.main.TestSuiteExecutor.execute(TestSuiteExecutor.java:106)
	at com.kms.katalon.core.main.TestCaseMain.startTestSuite(TestCaseMain.java:180)
	at TempTestSuite1742171011514.run(TempTestSuite1742171011514.groovy:35)
	at java.base/jdk.internal.reflect.NativeMethodAccessorImpl.invoke0(Native Method)
	at java.base/jdk.internal.reflect.NativeMethodAccessorImpl.invoke(NativeMethodAccessorImpl.java:77)
	at java.base/jdk.internal.reflect.DelegatingMethodAccessorImpl.invoke(DelegatingMethodAccessorImpl.java:43)
Caused by: com.kms.katalon.core.webui.exception.WebElementNotFoundException: Web element with id: 'Object Repository/Выполнение бизнес-плана/Значения со страницы Выполнение бизнес-плана/Факт Потери за отчётный период Ульяновские РС' located by '//tr[3]/td[6]' not found
	at com.kms.katalon.core.webui.common.WebUiCommonHelper.findWebElement(WebUiCommonHelper.java:1426)
	at com.kms.katalon.core.webui.keyword.internal.WebUIAbstractKeyword.findWebElement(WebUIAbstractKeyword.groovy:27)
	at com.kms.katalon.core.webui.keyword.internal.WebUIAbstractKeyword.findWebElement(WebUIAbstractKeyword.groovy:26)
	at com.kms.katalon.core.webui.keyword.builtin.GetTextKeyword$_getText_closure1.doCall(GetTextKeyword.groovy:78)
	at com.kms.katalon.core.webui.keyword.builtin.GetTextKeyword$_getText_closure1.call(GetTextKeyword.groovy)
	at com.kms.katalon.core.webui.keyword.internal.WebUIKeywordMain.runKeyword(WebUIKeywordMain.groovy:20)
	at com.kms.katalon.core.webui.keyword.builtin.GetTextKeyword.getText(GetTextKeyword.groovy:88)
	at com.kms.katalon.core.webui.keyword.builtin.GetTextKeyword.execute(GetTextKeyword.groovy:67)
	at com.kms.katalon.core.keyword.internal.KeywordExecutor.executeKeywordForPlatform(KeywordExecutor.groovy:74)
	at com.kms.katalon.core.webui.keyword.WebUiBuiltInKeywords.getText(WebUiBuiltInKeywords.groovy:957)
	at Script1718980020443.Numbers(Script1718980020443.groovy:594)
	at Script1718980020443.Filials(Script1718980020443.groovy:993)
	at Script1718980020443.Numbers(Script1718980020443.groovy:751)
	at Script1718980020443.run(Script1718980020443.groovy:231)
	... 15 more
)
[[ATTACHMENT|C:\\Users\\LIAZGINA-DI\\git\\SPORU\\Reports\\20250317_032331\\\u041F\u043D-\u0421\u0440-\u041F\u0442\\\u0421\u0432\u0435\u0440\u043A\u0430 \u0434\u0430\u0448\u0431\u043E\u0440\u0434\u043E\u0432 \u0438\u0437 \u0440\u0430\u0437\u043D\u044B\u0445 \u0431\u043B\u043E\u043A\u043E\u0432\\20250317_032331\\1742183744891.png]]

17-03-2025T06:55:44 - [TEST_STEP][PASSED] - if (page == "" || page == null): null

17-03-2025T06:55:44 - [TEST_STEP][PASSED] - fileInt = poteri.toInteger(): null

17-03-2025T06:55:44 - [TEST_STEP][PASSED] - Script1718980020443.WriteToExcelNoData(a, typeOfData, todaysDate, fileInt, fileDouble, dZO): null

17-03-2025T06:55:44 - [TEST_STEP][PASSED] - sheetName = "Sheet1": null

17-03-2025T06:55:44 - [TEST_STEP][PASSED] - data = findTestData("PlanFact"): null

17-03-2025T06:55:45 - [TEST_STEP][PASSED] - n = data.getRowNumbers() + 1: null

17-03-2025T06:55:45 - [TEST_STEP][PASSED] - day = ")).toInteger(): null

17-03-2025T06:55:45 - [TEST_STEP][PASSED] - println(day): null

17-03-2025T06:55:45 - [TEST_STEP][PASSED] - month = ")).toInteger(): null

17-03-2025T06:55:45 - [TEST_STEP][PASSED] - println(month): null

17-03-2025T06:55:45 - [TEST_STEP][PASSED] - y = <not implemented yet for class: org.codehaus.groovy.ast.expr.EmptyExpression>: null

17-03-2025T06:55:45 - [TEST_STEP][PASSED] - iy = <not implemented yet for class: org.codehaus.groovy.ast.expr.EmptyExpression>: null

17-03-2025T06:55:45 - [TEST_STEP][PASSED] - m = getText(findTestObject("Выполнение бизнес-плана/Период")): Text of object 'Object Repository/Выполнение бизнес-плана/Период' is: 'Январь 2025 года'

17-03-2025T06:55:45 - [MESSAGE][PASSED] - Text of object 'Object Repository/Выполнение бизнес-плана/Период' is: 'Январь 2025 года'

17-03-2025T06:55:45 - [TEST_STEP][PASSED] - iy = m.indexOf("20"): null

17-03-2025T06:55:45 - [TEST_STEP][PASSED] - if (iy > -1): null

17-03-2025T06:55:45 - [TEST_STEP][PASSED] - y = substring(iy, iy + 4).toInteger(): null

17-03-2025T06:55:45 - [TEST_STEP][PASSED] - println(y): null

17-03-2025T06:55:45 - [TEST_STEP][PASSED] - if (toString().length() == 4): null

17-03-2025T06:55:45 - [TEST_STEP][PASSED] - m = m.substring(0, m.indexOf(y.toString())): null

17-03-2025T06:55:45 - [TEST_STEP][PASSED] - m = m.trim(): null

17-03-2025T06:55:45 - [TEST_STEP][PASSED] - if (m == ""): null

17-03-2025T06:55:45 - [TEST_STEP][PASSED] - dashboardName = "Выполнение бизнес-плана": null

17-03-2025T06:55:45 - [TEST_STEP][PASSED] - workbook01 = getWorkbook(excelFilePath): null

17-03-2025T06:55:45 - [TEST_STEP][PASSED] - sheet01 = getExcelSheet(workbook01, sheetName): null

17-03-2025T06:55:45 - [TEST_STEP][PASSED] - setValueToCellByIndex(sheet01, n, 0, dashboardName): null

17-03-2025T06:55:45 - [TEST_STEP][PASSED] - setValueToCellByIndex(sheet01, n, 1, dZO): null

17-03-2025T06:55:45 - [TEST_STEP][PASSED] - setValueToCellByIndex(sheet01, n, 2, typeOfData): null

17-03-2025T06:55:45 - [TEST_STEP][PASSED] - if (typeOfData == "Факт в процентах" || typeOfData == "План в процентах"): null

17-03-2025T06:55:45 - [TEST_STEP][PASSED] - else: null

17-03-2025T06:55:45 - [TEST_STEP][PASSED] - setValueToCellByIndex(sheet01, n, 3, fileInt): null

17-03-2025T06:55:45 - [TEST_STEP][PASSED] - setValueToCellByIndex(sheet01, n, 4, "нет данных"): null

17-03-2025T06:55:45 - [TEST_STEP][PASSED] - setValueToCellByIndex(sheet01, n, 5, m): null

17-03-2025T06:55:45 - [TEST_STEP][PASSED] - setValueToCellByIndex(sheet01, n, 6, y): null

17-03-2025T06:55:45 - [TEST_STEP][PASSED] - setValueToCellByIndex(sheet01, n, 7, todaysDate): null

17-03-2025T06:55:45 - [TEST_STEP][PASSED] - n = n + 1: null

17-03-2025T06:55:45 - [TEST_STEP][FAILED] - saveWorkbook(excelFilePath, workbook01): null

17-03-2025T06:55:45 - [TEST_STEP][PASSED] - compare = pageOtpuskVSet: null

17-03-2025T06:55:45 - [TEST_STEP][PASSED] - if (pageOtpuskVSet != null): null

17-03-2025T06:55:45 - [TEST_STEP][PASSED] - if (compare == fileOtpuskVSet): null

17-03-2025T06:55:45 - [TEST_STEP][PASSED] - if (compare == fileOtpuskVSet): null

17-03-2025T06:55:45 - [TEST_STEP][PASSED] - compare = pagePoteri: null

17-03-2025T06:55:45 - [TEST_STEP][PASSED] - if (pageOtpuskVSet != null): null

17-03-2025T06:55:45 - [TEST_STEP][PASSED] - if (compare == filePoteri): null

17-03-2025T06:55:45 - [TEST_STEP][PASSED] - if (compare == filePoteri): null

17-03-2025T06:55:45 - [TEST_STEP][PASSED] - if (planFact == 2): null

17-03-2025T06:55:45 - [TEST_STEP][PASSED] - if (planFact == 1): null

17-03-2025T06:55:45 - [TEST_STEP][PASSED] - else if (planFact == 2): null

17-03-2025T06:55:45 - [TEST_STEP][PASSED] - click(findTestObject("Выполнение бизнес-плана/Кнопка План")): Object: 'Object Repository/Выполнение бизнес-плана/Кнопка План' is clicked on

17-03-2025T06:55:45 - [MESSAGE][PASSED] - Object: 'Object Repository/Выполнение бизнес-плана/Кнопка План' is clicked on

17-03-2025T06:55:45 - [TEST_STEP][PASSED] - typeOfDataMain = "План": null

17-03-2025T06:55:45 - [TEST_STEP][PASSED] - otpusk = findTestData("PlanFact").getValue(2, a): null

17-03-2025T06:55:46 - [TEST_STEP][PASSED] - poteri = findTestData("PlanFact").getValue(3, a): null

17-03-2025T06:55:46 - [TEST_STEP][PASSED] - otpusk = otpusk.replaceAll("\s+", ""): null

17-03-2025T06:55:46 - [TEST_STEP][PASSED] - poteri = poteri.replaceAll("\s+", ""): null

17-03-2025T06:55:46 - [TEST_STEP][PASSED] - typeOfData = typeOfDataMain + " Отпуск в сеть": null

17-03-2025T06:55:46 - [TEST_STEP][PASSED] - if (a == 82): null

17-03-2025T06:55:46 - [TEST_STEP][PASSED] - else if (a == 84): null

17-03-2025T06:55:46 - [TEST_STEP][PASSED] - else if (a == 83 || a == 52 || a == 72 || a == 28 || a == 73 || a == 77 || a == 74 || a == 65 || a == 36 || a == 44 || a == 53 || a == 80 || a == 54 || a == 1 || a == 18 || a == 59 || a == 81): null

17-03-2025T06:55:46 - [TEST_STEP][PASSED] - else: null

17-03-2025T06:55:46 - [TEST_STEP][PASSED] - path = dataFolder + typeOfData + " за отчётный период " + b: null

17-03-2025T06:55:46 - [TEST_STEP][PASSED] - println(path): null

17-03-2025T06:55:46 - [TEST_STEP][FAILED] - page = getText(findTestObject(path)): Unable to get text of object 'Object Repository/Выполнение бизнес-плана/Значения со страницы Выполнение бизнес-плана/План Отпуск в сеть за отчётный период Ульяновские РС' (Root cause: com.kms.katalon.core.exception.StepFailedException: Unable to get text of object 'Object Repository/Выполнение бизнес-плана/Значения со страницы Выполнение бизнес-плана/План Отпуск в сеть за отчётный период Ульяновские РС'
	at com.kms.katalon.core.webui.keyword.internal.WebUIKeywordMain.stepFailed(WebUIKeywordMain.groovy:64)
	at com.kms.katalon.core.webui.keyword.internal.WebUIKeywordMain.runKeyword(WebUIKeywordMain.groovy:26)
	at com.kms.katalon.core.webui.keyword.builtin.GetTextKeyword.getText(GetTextKeyword.groovy:88)
	at com.kms.katalon.core.webui.keyword.builtin.GetTextKeyword.execute(GetTextKeyword.groovy:67)
	at com.kms.katalon.core.keyword.internal.KeywordExecutor.executeKeywordForPlatform(KeywordExecutor.groovy:74)
	at com.kms.katalon.core.webui.keyword.WebUiBuiltInKeywords.getText(WebUiBuiltInKeywords.groovy:957)
	at Выполнение бизнес-плана Сверка ПАО Россети все филиалы.Numbers(Выполнение бизнес-плана Сверка ПАО Россети все филиалы:561)
	at Выполнение бизнес-плана Сверка ПАО Россети все филиалы.Filials(Выполнение бизнес-плана Сверка ПАО Россети все филиалы:993)
	at Выполнение бизнес-плана Сверка ПАО Россети все филиалы.Numbers(Выполнение бизнес-плана Сверка ПАО Россети все филиалы:751)
	at Выполнение бизнес-плана Сверка ПАО Россети все филиалы.run(Выполнение бизнес-плана Сверка ПАО Россети все филиалы:231)
	at com.kms.katalon.core.main.ScriptEngine.run(ScriptEngine.java:194)
	at com.kms.katalon.core.main.ScriptEngine.runScriptAsRawText(ScriptEngine.java:119)
	at com.kms.katalon.core.main.TestCaseExecutor.runScript(TestCaseExecutor.java:448)
	at com.kms.katalon.core.main.TestCaseExecutor.doExecute(TestCaseExecutor.java:439)
	at com.kms.katalon.core.main.TestCaseExecutor.processExecutionPhase(TestCaseExecutor.java:418)
	at com.kms.katalon.core.main.TestCaseExecutor.accessMainPhase(TestCaseExecutor.java:410)
	at com.kms.katalon.core.main.TestCaseExecutor.execute(TestCaseExecutor.java:285)
	at com.kms.katalon.core.common.CommonExecutor.accessTestCaseMainPhase(CommonExecutor.java:65)
	at com.kms.katalon.core.main.TestSuiteExecutor.accessTestSuiteMainPhase(TestSuiteExecutor.java:150)
	at com.kms.katalon.core.main.TestSuiteExecutor.execute(TestSuiteExecutor.java:106)
	at com.kms.katalon.core.main.TestCaseMain.startTestSuite(TestCaseMain.java:180)
	at TempTestSuite1742171011514.run(TempTestSuite1742171011514.groovy:35)
	at java.base/jdk.internal.reflect.NativeMethodAccessorImpl.invoke0(Native Method)
	at java.base/jdk.internal.reflect.NativeMethodAccessorImpl.invoke(NativeMethodAccessorImpl.java:77)
	at java.base/jdk.internal.reflect.DelegatingMethodAccessorImpl.invoke(DelegatingMethodAccessorImpl.java:43)
Caused by: com.kms.katalon.core.webui.exception.WebElementNotFoundException: Web element with id: 'Object Repository/Выполнение бизнес-плана/Значения со страницы Выполнение бизнес-плана/План Отпуск в сеть за отчётный период Ульяновские РС' located by '//div[138]/div[2]/div/div/table/tbody/tr/td[6]' not found
	at com.kms.katalon.core.webui.common.WebUiCommonHelper.findWebElement(WebUiCommonHelper.java:1426)
	at com.kms.katalon.core.webui.keyword.internal.WebUIAbstractKeyword.findWebElement(WebUIAbstractKeyword.groovy:27)
	at com.kms.katalon.core.webui.keyword.internal.WebUIAbstractKeyword.findWebElement(WebUIAbstractKeyword.groovy:26)
	at com.kms.katalon.core.webui.keyword.builtin.GetTextKeyword$_getText_closure1.doCall(GetTextKeyword.groovy:78)
	at com.kms.katalon.core.webui.keyword.builtin.GetTextKeyword$_getText_closure1.call(GetTextKeyword.groovy)
	at com.kms.katalon.core.webui.keyword.internal.WebUIKeywordMain.runKeyword(WebUIKeywordMain.groovy:20)
	at com.kms.katalon.core.webui.keyword.builtin.GetTextKeyword.getText(GetTextKeyword.groovy:88)
	at com.kms.katalon.core.webui.keyword.builtin.GetTextKeyword.execute(GetTextKeyword.groovy:67)
	at com.kms.katalon.core.keyword.internal.KeywordExecutor.executeKeywordForPlatform(KeywordExecutor.groovy:74)
	at com.kms.katalon.core.webui.keyword.WebUiBuiltInKeywords.getText(WebUiBuiltInKeywords.groovy:957)
	at Script1718980020443.Numbers(Script1718980020443.groovy:561)
	at Script1718980020443.Filials(Script1718980020443.groovy:993)
	at Script1718980020443.Numbers(Script1718980020443.groovy:751)
	at Script1718980020443.run(Script1718980020443.groovy:231)
	... 15 more
)

17-03-2025T06:56:17 - [MESSAGE][INFO] - Unable to find the element located by 'By.xpath: //div[138]/div[2]/div/div/table/tbody/tr/td[6]'. Please recheck the objects properties to make sure the desired element is located. 

17-03-2025T06:56:17 - [MESSAGE][FAILED] - Unable to get text of object 'Object Repository/Выполнение бизнес-плана/Значения со страницы Выполнение бизнес-плана/План Отпуск в сеть за отчётный период Ульяновские РС' (Root cause: com.kms.katalon.core.exception.StepFailedException: Unable to get text of object 'Object Repository/Выполнение бизнес-плана/Значения со страницы Выполнение бизнес-плана/План Отпуск в сеть за отчётный период Ульяновские РС'
	at com.kms.katalon.core.webui.keyword.internal.WebUIKeywordMain.stepFailed(WebUIKeywordMain.groovy:64)
	at com.kms.katalon.core.webui.keyword.internal.WebUIKeywordMain.runKeyword(WebUIKeywordMain.groovy:26)
	at com.kms.katalon.core.webui.keyword.builtin.GetTextKeyword.getText(GetTextKeyword.groovy:88)
	at com.kms.katalon.core.webui.keyword.builtin.GetTextKeyword.execute(GetTextKeyword.groovy:67)
	at com.kms.katalon.core.keyword.internal.KeywordExecutor.executeKeywordForPlatform(KeywordExecutor.groovy:74)
	at com.kms.katalon.core.webui.keyword.WebUiBuiltInKeywords.getText(WebUiBuiltInKeywords.groovy:957)
	at Выполнение бизнес-плана Сверка ПАО Россети все филиалы.Numbers(Выполнение бизнес-плана Сверка ПАО Россети все филиалы:561)
	at Выполнение бизнес-плана Сверка ПАО Россети все филиалы.Filials(Выполнение бизнес-плана Сверка ПАО Россети все филиалы:993)
	at Выполнение бизнес-плана Сверка ПАО Россети все филиалы.Numbers(Выполнение бизнес-плана Сверка ПАО Россети все филиалы:751)
	at Выполнение бизнес-плана Сверка ПАО Россети все филиалы.run(Выполнение бизнес-плана Сверка ПАО Россети все филиалы:231)
	at com.kms.katalon.core.main.ScriptEngine.run(ScriptEngine.java:194)
	at com.kms.katalon.core.main.ScriptEngine.runScriptAsRawText(ScriptEngine.java:119)
	at com.kms.katalon.core.main.TestCaseExecutor.runScript(TestCaseExecutor.java:448)
	at com.kms.katalon.core.main.TestCaseExecutor.doExecute(TestCaseExecutor.java:439)
	at com.kms.katalon.core.main.TestCaseExecutor.processExecutionPhase(TestCaseExecutor.java:418)
	at com.kms.katalon.core.main.TestCaseExecutor.accessMainPhase(TestCaseExecutor.java:410)
	at com.kms.katalon.core.main.TestCaseExecutor.execute(TestCaseExecutor.java:285)
	at com.kms.katalon.core.common.CommonExecutor.accessTestCaseMainPhase(CommonExecutor.java:65)
	at com.kms.katalon.core.main.TestSuiteExecutor.accessTestSuiteMainPhase(TestSuiteExecutor.java:150)
	at com.kms.katalon.core.main.TestSuiteExecutor.execute(TestSuiteExecutor.java:106)
	at com.kms.katalon.core.main.TestCaseMain.startTestSuite(TestCaseMain.java:180)
	at TempTestSuite1742171011514.run(TempTestSuite1742171011514.groovy:35)
	at java.base/jdk.internal.reflect.NativeMethodAccessorImpl.invoke0(Native Method)
	at java.base/jdk.internal.reflect.NativeMethodAccessorImpl.invoke(NativeMethodAccessorImpl.java:77)
	at java.base/jdk.internal.reflect.DelegatingMethodAccessorImpl.invoke(DelegatingMethodAccessorImpl.java:43)
Caused by: com.kms.katalon.core.webui.exception.WebElementNotFoundException: Web element with id: 'Object Repository/Выполнение бизнес-плана/Значения со страницы Выполнение бизнес-плана/План Отпуск в сеть за отчётный период Ульяновские РС' located by '//div[138]/div[2]/div/div/table/tbody/tr/td[6]' not found
	at com.kms.katalon.core.webui.common.WebUiCommonHelper.findWebElement(WebUiCommonHelper.java:1426)
	at com.kms.katalon.core.webui.keyword.internal.WebUIAbstractKeyword.findWebElement(WebUIAbstractKeyword.groovy:27)
	at com.kms.katalon.core.webui.keyword.internal.WebUIAbstractKeyword.findWebElement(WebUIAbstractKeyword.groovy:26)
	at com.kms.katalon.core.webui.keyword.builtin.GetTextKeyword$_getText_closure1.doCall(GetTextKeyword.groovy:78)
	at com.kms.katalon.core.webui.keyword.builtin.GetTextKeyword$_getText_closure1.call(GetTextKeyword.groovy)
	at com.kms.katalon.core.webui.keyword.internal.WebUIKeywordMain.runKeyword(WebUIKeywordMain.groovy:20)
	at com.kms.katalon.core.webui.keyword.builtin.GetTextKeyword.getText(GetTextKeyword.groovy:88)
	at com.kms.katalon.core.webui.keyword.builtin.GetTextKeyword.execute(GetTextKeyword.groovy:67)
	at com.kms.katalon.core.keyword.internal.KeywordExecutor.executeKeywordForPlatform(KeywordExecutor.groovy:74)
	at com.kms.katalon.core.webui.keyword.WebUiBuiltInKeywords.getText(WebUiBuiltInKeywords.groovy:957)
	at Script1718980020443.Numbers(Script1718980020443.groovy:561)
	at Script1718980020443.Filials(Script1718980020443.groovy:993)
	at Script1718980020443.Numbers(Script1718980020443.groovy:751)
	at Script1718980020443.run(Script1718980020443.groovy:231)
	... 15 more
)
[[ATTACHMENT|C:\\Users\\LIAZGINA-DI\\git\\SPORU\\Reports\\20250317_032331\\\u041F\u043D-\u0421\u0440-\u041F\u0442\\\u0421\u0432\u0435\u0440\u043A\u0430 \u0434\u0430\u0448\u0431\u043E\u0440\u0434\u043E\u0432 \u0438\u0437 \u0440\u0430\u0437\u043D\u044B\u0445 \u0431\u043B\u043E\u043A\u043E\u0432\\20250317_032331\\1742183777328.png]]

17-03-2025T06:56:17 - [TEST_STEP][PASSED] - if (page == "" || page == null): null

17-03-2025T06:56:17 - [TEST_STEP][PASSED] - fileInt = otpusk.toInteger(): null

17-03-2025T06:56:17 - [TEST_STEP][PASSED] - Script1718980020443.WriteToExcelNoData(a, typeOfData, todaysDate, fileInt, fileDouble, dZO): null

17-03-2025T06:56:17 - [TEST_STEP][PASSED] - sheetName = "Sheet1": null

17-03-2025T06:56:17 - [TEST_STEP][PASSED] - data = findTestData("PlanFact"): null

17-03-2025T06:56:17 - [TEST_STEP][PASSED] - n = data.getRowNumbers() + 1: null

17-03-2025T06:56:17 - [TEST_STEP][PASSED] - day = ")).toInteger(): null

17-03-2025T06:56:17 - [TEST_STEP][PASSED] - println(day): null

17-03-2025T06:56:17 - [TEST_STEP][PASSED] - month = ")).toInteger(): null

17-03-2025T06:56:17 - [TEST_STEP][PASSED] - println(month): null

17-03-2025T06:56:17 - [TEST_STEP][PASSED] - y = <not implemented yet for class: org.codehaus.groovy.ast.expr.EmptyExpression>: null

17-03-2025T06:56:17 - [TEST_STEP][PASSED] - iy = <not implemented yet for class: org.codehaus.groovy.ast.expr.EmptyExpression>: null

17-03-2025T06:56:17 - [TEST_STEP][PASSED] - m = getText(findTestObject("Выполнение бизнес-плана/Период")): Text of object 'Object Repository/Выполнение бизнес-плана/Период' is: 'Январь 2025 года'

17-03-2025T06:56:17 - [MESSAGE][PASSED] - Text of object 'Object Repository/Выполнение бизнес-плана/Период' is: 'Январь 2025 года'

17-03-2025T06:56:17 - [TEST_STEP][PASSED] - iy = m.indexOf("20"): null

17-03-2025T06:56:17 - [TEST_STEP][PASSED] - if (iy > -1): null

17-03-2025T06:56:17 - [TEST_STEP][PASSED] - y = substring(iy, iy + 4).toInteger(): null

17-03-2025T06:56:17 - [TEST_STEP][PASSED] - println(y): null

17-03-2025T06:56:17 - [TEST_STEP][PASSED] - if (toString().length() == 4): null

17-03-2025T06:56:17 - [TEST_STEP][PASSED] - m = m.substring(0, m.indexOf(y.toString())): null

17-03-2025T06:56:17 - [TEST_STEP][PASSED] - m = m.trim(): null

17-03-2025T06:56:17 - [TEST_STEP][PASSED] - if (m == ""): null

17-03-2025T06:56:17 - [TEST_STEP][PASSED] - dashboardName = "Выполнение бизнес-плана": null

17-03-2025T06:56:17 - [TEST_STEP][PASSED] - workbook01 = getWorkbook(excelFilePath): null

17-03-2025T06:56:17 - [TEST_STEP][PASSED] - sheet01 = getExcelSheet(workbook01, sheetName): null

17-03-2025T06:56:17 - [TEST_STEP][PASSED] - setValueToCellByIndex(sheet01, n, 0, dashboardName): null

17-03-2025T06:56:17 - [TEST_STEP][PASSED] - setValueToCellByIndex(sheet01, n, 1, dZO): null

17-03-2025T06:56:17 - [TEST_STEP][PASSED] - setValueToCellByIndex(sheet01, n, 2, typeOfData): null

17-03-2025T06:56:17 - [TEST_STEP][PASSED] - if (typeOfData == "Факт в процентах" || typeOfData == "План в процентах"): null

17-03-2025T06:56:17 - [TEST_STEP][PASSED] - else: null

17-03-2025T06:56:17 - [TEST_STEP][PASSED] - setValueToCellByIndex(sheet01, n, 3, fileInt): null

17-03-2025T06:56:17 - [TEST_STEP][PASSED] - setValueToCellByIndex(sheet01, n, 4, "нет данных"): null

17-03-2025T06:56:17 - [TEST_STEP][PASSED] - setValueToCellByIndex(sheet01, n, 5, m): null

17-03-2025T06:56:17 - [TEST_STEP][PASSED] - setValueToCellByIndex(sheet01, n, 6, y): null

17-03-2025T06:56:17 - [TEST_STEP][PASSED] - setValueToCellByIndex(sheet01, n, 7, todaysDate): null

17-03-2025T06:56:17 - [TEST_STEP][PASSED] - n = n + 1: null

17-03-2025T06:56:17 - [TEST_STEP][FAILED] - saveWorkbook(excelFilePath, workbook01): null

17-03-2025T06:56:18 - [TEST_STEP][PASSED] - typeOfData = typeOfDataMain + " Потери": null

17-03-2025T06:56:18 - [TEST_STEP][PASSED] - if (a == 82): null

17-03-2025T06:56:18 - [TEST_STEP][PASSED] - else if (a == 84): null

17-03-2025T06:56:18 - [TEST_STEP][PASSED] - else if (a == 83 || a == 52 || a == 72 || a == 28 || a == 73 || a == 77 || a == 74 || a == 65 || a == 44 || a == 53 || a == 80 || a == 54 || a == 1 || a == 18 || a == 59 || a == 81): null

17-03-2025T06:56:18 - [TEST_STEP][PASSED] - else: null

17-03-2025T06:56:18 - [TEST_STEP][PASSED] - path = dataFolder + typeOfData + " за отчётный период " + b: null

17-03-2025T06:56:18 - [TEST_STEP][FAILED] - page = getText(findTestObject(path)): Unable to get text of object 'Object Repository/Выполнение бизнес-плана/Значения со страницы Выполнение бизнес-плана/План Потери за отчётный период Ульяновские РС' (Root cause: com.kms.katalon.core.exception.StepFailedException: Unable to get text of object 'Object Repository/Выполнение бизнес-плана/Значения со страницы Выполнение бизнес-плана/План Потери за отчётный период Ульяновские РС'
	at com.kms.katalon.core.webui.keyword.internal.WebUIKeywordMain.stepFailed(WebUIKeywordMain.groovy:64)
	at com.kms.katalon.core.webui.keyword.internal.WebUIKeywordMain.runKeyword(WebUIKeywordMain.groovy:26)
	at com.kms.katalon.core.webui.keyword.builtin.GetTextKeyword.getText(GetTextKeyword.groovy:88)
	at com.kms.katalon.core.webui.keyword.builtin.GetTextKeyword.execute(GetTextKeyword.groovy:67)
	at com.kms.katalon.core.keyword.internal.KeywordExecutor.executeKeywordForPlatform(KeywordExecutor.groovy:74)
	at com.kms.katalon.core.webui.keyword.WebUiBuiltInKeywords.getText(WebUiBuiltInKeywords.groovy:957)
	at Выполнение бизнес-плана Сверка ПАО Россети все филиалы.Numbers(Выполнение бизнес-плана Сверка ПАО Россети все филиалы:594)
	at Выполнение бизнес-плана Сверка ПАО Россети все филиалы.Filials(Выполнение бизнес-плана Сверка ПАО Россети все филиалы:993)
	at Выполнение бизнес-плана Сверка ПАО Россети все филиалы.Numbers(Выполнение бизнес-плана Сверка ПАО Россети все филиалы:751)
	at Выполнение бизнес-плана Сверка ПАО Россети все филиалы.run(Выполнение бизнес-плана Сверка ПАО Россети все филиалы:231)
	at com.kms.katalon.core.main.ScriptEngine.run(ScriptEngine.java:194)
	at com.kms.katalon.core.main.ScriptEngine.runScriptAsRawText(ScriptEngine.java:119)
	at com.kms.katalon.core.main.TestCaseExecutor.runScript(TestCaseExecutor.java:448)
	at com.kms.katalon.core.main.TestCaseExecutor.doExecute(TestCaseExecutor.java:439)
	at com.kms.katalon.core.main.TestCaseExecutor.processExecutionPhase(TestCaseExecutor.java:418)
	at com.kms.katalon.core.main.TestCaseExecutor.accessMainPhase(TestCaseExecutor.java:410)
	at com.kms.katalon.core.main.TestCaseExecutor.execute(TestCaseExecutor.java:285)
	at com.kms.katalon.core.common.CommonExecutor.accessTestCaseMainPhase(CommonExecutor.java:65)
	at com.kms.katalon.core.main.TestSuiteExecutor.accessTestSuiteMainPhase(TestSuiteExecutor.java:150)
	at com.kms.katalon.core.main.TestSuiteExecutor.execute(TestSuiteExecutor.java:106)
	at com.kms.katalon.core.main.TestCaseMain.startTestSuite(TestCaseMain.java:180)
	at TempTestSuite1742171011514.run(TempTestSuite1742171011514.groovy:35)
	at java.base/jdk.internal.reflect.NativeMethodAccessorImpl.invoke0(Native Method)
	at java.base/jdk.internal.reflect.NativeMethodAccessorImpl.invoke(NativeMethodAccessorImpl.java:77)
	at java.base/jdk.internal.reflect.DelegatingMethodAccessorImpl.invoke(DelegatingMethodAccessorImpl.java:43)
Caused by: com.kms.katalon.core.webui.exception.WebElementNotFoundException: Web element with id: 'Object Repository/Выполнение бизнес-плана/Значения со страницы Выполнение бизнес-плана/План Потери за отчётный период Ульяновские РС' located by '//div[138]/div[2]/div/div/table/tbody/tr[3]/td[6]' not found
	at com.kms.katalon.core.webui.common.WebUiCommonHelper.findWebElement(WebUiCommonHelper.java:1426)
	at com.kms.katalon.core.webui.keyword.internal.WebUIAbstractKeyword.findWebElement(WebUIAbstractKeyword.groovy:27)
	at com.kms.katalon.core.webui.keyword.internal.WebUIAbstractKeyword.findWebElement(WebUIAbstractKeyword.groovy:26)
	at com.kms.katalon.core.webui.keyword.builtin.GetTextKeyword$_getText_closure1.doCall(GetTextKeyword.groovy:78)
	at com.kms.katalon.core.webui.keyword.builtin.GetTextKeyword$_getText_closure1.call(GetTextKeyword.groovy)
	at com.kms.katalon.core.webui.keyword.internal.WebUIKeywordMain.runKeyword(WebUIKeywordMain.groovy:20)
	at com.kms.katalon.core.webui.keyword.builtin.GetTextKeyword.getText(GetTextKeyword.groovy:88)
	at com.kms.katalon.core.webui.keyword.builtin.GetTextKeyword.execute(GetTextKeyword.groovy:67)
	at com.kms.katalon.core.keyword.internal.KeywordExecutor.executeKeywordForPlatform(KeywordExecutor.groovy:74)
	at com.kms.katalon.core.webui.keyword.WebUiBuiltInKeywords.getText(WebUiBuiltInKeywords.groovy:957)
	at Script1718980020443.Numbers(Script1718980020443.groovy:594)
	at Script1718980020443.Filials(Script1718980020443.groovy:993)
	at Script1718980020443.Numbers(Script1718980020443.groovy:751)
	at Script1718980020443.run(Script1718980020443.groovy:231)
	... 15 more
)

17-03-2025T06:56:49 - [MESSAGE][INFO] - Unable to find the element located by 'By.xpath: //div[138]/div[2]/div/div/table/tbody/tr[3]/td[6]'. Please recheck the objects properties to make sure the desired element is located. 

17-03-2025T06:56:49 - [MESSAGE][FAILED] - Unable to get text of object 'Object Repository/Выполнение бизнес-плана/Значения со страницы Выполнение бизнес-плана/План Потери за отчётный период Ульяновские РС' (Root cause: com.kms.katalon.core.exception.StepFailedException: Unable to get text of object 'Object Repository/Выполнение бизнес-плана/Значения со страницы Выполнение бизнес-плана/План Потери за отчётный период Ульяновские РС'
	at com.kms.katalon.core.webui.keyword.internal.WebUIKeywordMain.stepFailed(WebUIKeywordMain.groovy:64)
	at com.kms.katalon.core.webui.keyword.internal.WebUIKeywordMain.runKeyword(WebUIKeywordMain.groovy:26)
	at com.kms.katalon.core.webui.keyword.builtin.GetTextKeyword.getText(GetTextKeyword.groovy:88)
	at com.kms.katalon.core.webui.keyword.builtin.GetTextKeyword.execute(GetTextKeyword.groovy:67)
	at com.kms.katalon.core.keyword.internal.KeywordExecutor.executeKeywordForPlatform(KeywordExecutor.groovy:74)
	at com.kms.katalon.core.webui.keyword.WebUiBuiltInKeywords.getText(WebUiBuiltInKeywords.groovy:957)
	at Выполнение бизнес-плана Сверка ПАО Россети все филиалы.Numbers(Выполнение бизнес-плана Сверка ПАО Россети все филиалы:594)
	at Выполнение бизнес-плана Сверка ПАО Россети все филиалы.Filials(Выполнение бизнес-плана Сверка ПАО Россети все филиалы:993)
	at Выполнение бизнес-плана Сверка ПАО Россети все филиалы.Numbers(Выполнение бизнес-плана Сверка ПАО Россети все филиалы:751)
	at Выполнение бизнес-плана Сверка ПАО Россети все филиалы.run(Выполнение бизнес-плана Сверка ПАО Россети все филиалы:231)
	at com.kms.katalon.core.main.ScriptEngine.run(ScriptEngine.java:194)
	at com.kms.katalon.core.main.ScriptEngine.runScriptAsRawText(ScriptEngine.java:119)
	at com.kms.katalon.core.main.TestCaseExecutor.runScript(TestCaseExecutor.java:448)
	at com.kms.katalon.core.main.TestCaseExecutor.doExecute(TestCaseExecutor.java:439)
	at com.kms.katalon.core.main.TestCaseExecutor.processExecutionPhase(TestCaseExecutor.java:418)
	at com.kms.katalon.core.main.TestCaseExecutor.accessMainPhase(TestCaseExecutor.java:410)
	at com.kms.katalon.core.main.TestCaseExecutor.execute(TestCaseExecutor.java:285)
	at com.kms.katalon.core.common.CommonExecutor.accessTestCaseMainPhase(CommonExecutor.java:65)
	at com.kms.katalon.core.main.TestSuiteExecutor.accessTestSuiteMainPhase(TestSuiteExecutor.java:150)
	at com.kms.katalon.core.main.TestSuiteExecutor.execute(TestSuiteExecutor.java:106)
	at com.kms.katalon.core.main.TestCaseMain.startTestSuite(TestCaseMain.java:180)
	at TempTestSuite1742171011514.run(TempTestSuite1742171011514.groovy:35)
	at java.base/jdk.internal.reflect.NativeMethodAccessorImpl.invoke0(Native Method)
	at java.base/jdk.internal.reflect.NativeMethodAccessorImpl.invoke(NativeMethodAccessorImpl.java:77)
	at java.base/jdk.internal.reflect.DelegatingMethodAccessorImpl.invoke(DelegatingMethodAccessorImpl.java:43)
Caused by: com.kms.katalon.core.webui.exception.WebElementNotFoundException: Web element with id: 'Object Repository/Выполнение бизнес-плана/Значения со страницы Выполнение бизнес-плана/План Потери за отчётный период Ульяновские РС' located by '//div[138]/div[2]/div/div/table/tbody/tr[3]/td[6]' not found
	at com.kms.katalon.core.webui.common.WebUiCommonHelper.findWebElement(WebUiCommonHelper.java:1426)
	at com.kms.katalon.core.webui.keyword.internal.WebUIAbstractKeyword.findWebElement(WebUIAbstractKeyword.groovy:27)
	at com.kms.katalon.core.webui.keyword.internal.WebUIAbstractKeyword.findWebElement(WebUIAbstractKeyword.groovy:26)
	at com.kms.katalon.core.webui.keyword.builtin.GetTextKeyword$_getText_closure1.doCall(GetTextKeyword.groovy:78)
	at com.kms.katalon.core.webui.keyword.builtin.GetTextKeyword$_getText_closure1.call(GetTextKeyword.groovy)
	at com.kms.katalon.core.webui.keyword.internal.WebUIKeywordMain.runKeyword(WebUIKeywordMain.groovy:20)
	at com.kms.katalon.core.webui.keyword.builtin.GetTextKeyword.getText(GetTextKeyword.groovy:88)
	at com.kms.katalon.core.webui.keyword.builtin.GetTextKeyword.execute(GetTextKeyword.groovy:67)
	at com.kms.katalon.core.keyword.internal.KeywordExecutor.executeKeywordForPlatform(KeywordExecutor.groovy:74)
	at com.kms.katalon.core.webui.keyword.WebUiBuiltInKeywords.getText(WebUiBuiltInKeywords.groovy:957)
	at Script1718980020443.Numbers(Script1718980020443.groovy:594)
	at Script1718980020443.Filials(Script1718980020443.groovy:993)
	at Script1718980020443.Numbers(Script1718980020443.groovy:751)
	at Script1718980020443.run(Script1718980020443.groovy:231)
	... 15 more
)
[[ATTACHMENT|C:\\Users\\LIAZGINA-DI\\git\\SPORU\\Reports\\20250317_032331\\\u041F\u043D-\u0421\u0440-\u041F\u0442\\\u0421\u0432\u0435\u0440\u043A\u0430 \u0434\u0430\u0448\u0431\u043E\u0440\u0434\u043E\u0432 \u0438\u0437 \u0440\u0430\u0437\u043D\u044B\u0445 \u0431\u043B\u043E\u043A\u043E\u0432\\20250317_032331\\1742183809293.png]]

17-03-2025T06:56:49 - [TEST_STEP][PASSED] - if (page == "" || page == null): null

17-03-2025T06:56:49 - [TEST_STEP][PASSED] - fileInt = poteri.toInteger(): null

17-03-2025T06:56:49 - [TEST_STEP][PASSED] - Script1718980020443.WriteToExcelNoData(a, typeOfData, todaysDate, fileInt, fileDouble, dZO): null

17-03-2025T06:56:49 - [TEST_STEP][PASSED] - sheetName = "Sheet1": null

17-03-2025T06:56:49 - [TEST_STEP][PASSED] - data = findTestData("PlanFact"): null

17-03-2025T06:56:49 - [TEST_STEP][PASSED] - n = data.getRowNumbers() + 1: null

17-03-2025T06:56:49 - [TEST_STEP][PASSED] - day = ")).toInteger(): null

17-03-2025T06:56:49 - [TEST_STEP][PASSED] - println(day): null

17-03-2025T06:56:49 - [TEST_STEP][PASSED] - month = ")).toInteger(): null

17-03-2025T06:56:49 - [TEST_STEP][PASSED] - println(month): null

17-03-2025T06:56:49 - [TEST_STEP][PASSED] - y = <not implemented yet for class: org.codehaus.groovy.ast.expr.EmptyExpression>: null

17-03-2025T06:56:49 - [TEST_STEP][PASSED] - iy = <not implemented yet for class: org.codehaus.groovy.ast.expr.EmptyExpression>: null

17-03-2025T06:56:49 - [TEST_STEP][PASSED] - m = getText(findTestObject("Выполнение бизнес-плана/Период")): Text of object 'Object Repository/Выполнение бизнес-плана/Период' is: 'Январь 2025 года'

17-03-2025T06:56:49 - [MESSAGE][PASSED] - Text of object 'Object Repository/Выполнение бизнес-плана/Период' is: 'Январь 2025 года'

17-03-2025T06:56:49 - [TEST_STEP][PASSED] - iy = m.indexOf("20"): null

17-03-2025T06:56:49 - [TEST_STEP][PASSED] - if (iy > -1): null

17-03-2025T06:56:49 - [TEST_STEP][PASSED] - y = substring(iy, iy + 4).toInteger(): null

17-03-2025T06:56:49 - [TEST_STEP][PASSED] - println(y): null

17-03-2025T06:56:49 - [TEST_STEP][PASSED] - if (toString().length() == 4): null

17-03-2025T06:56:49 - [TEST_STEP][PASSED] - m = m.substring(0, m.indexOf(y.toString())): null

17-03-2025T06:56:49 - [TEST_STEP][PASSED] - m = m.trim(): null

17-03-2025T06:56:49 - [TEST_STEP][PASSED] - if (m == ""): null

17-03-2025T06:56:49 - [TEST_STEP][PASSED] - dashboardName = "Выполнение бизнес-плана": null

17-03-2025T06:56:49 - [TEST_STEP][PASSED] - workbook01 = getWorkbook(excelFilePath): null

17-03-2025T06:56:49 - [TEST_STEP][PASSED] - sheet01 = getExcelSheet(workbook01, sheetName): null

17-03-2025T06:56:49 - [TEST_STEP][PASSED] - setValueToCellByIndex(sheet01, n, 0, dashboardName): null

17-03-2025T06:56:49 - [TEST_STEP][PASSED] - setValueToCellByIndex(sheet01, n, 1, dZO): null

17-03-2025T06:56:49 - [TEST_STEP][PASSED] - setValueToCellByIndex(sheet01, n, 2, typeOfData): null

17-03-2025T06:56:49 - [TEST_STEP][PASSED] - if (typeOfData == "Факт в процентах" || typeOfData == "План в процентах"): null

17-03-2025T06:56:49 - [TEST_STEP][PASSED] - else: null

17-03-2025T06:56:49 - [TEST_STEP][PASSED] - setValueToCellByIndex(sheet01, n, 3, fileInt): null

17-03-2025T06:56:49 - [TEST_STEP][PASSED] - setValueToCellByIndex(sheet01, n, 4, "нет данных"): null

17-03-2025T06:56:49 - [TEST_STEP][PASSED] - setValueToCellByIndex(sheet01, n, 5, m): null

17-03-2025T06:56:49 - [TEST_STEP][PASSED] - setValueToCellByIndex(sheet01, n, 6, y): null

17-03-2025T06:56:49 - [TEST_STEP][PASSED] - setValueToCellByIndex(sheet01, n, 7, todaysDate): null

17-03-2025T06:56:49 - [TEST_STEP][PASSED] - n = n + 1: null

17-03-2025T06:56:49 - [TEST_STEP][PASSED] - saveWorkbook(excelFilePath, workbook01): Object: 'Object Repository/Выполнение бизнес-плана/Кнопка Факт' is clicked on

17-03-2025T06:56:50 - [TEST_STEP][PASSED] - compare = pageOtpuskVSet: null

17-03-2025T06:56:50 - [TEST_STEP][PASSED] - if (pageOtpuskVSet != null): null

17-03-2025T06:56:50 - [TEST_STEP][PASSED] - if (compare == fileOtpuskVSet): null

17-03-2025T06:56:50 - [TEST_STEP][PASSED] - if (compare == fileOtpuskVSet): null

17-03-2025T06:56:50 - [TEST_STEP][PASSED] - compare = pagePoteri: null

17-03-2025T06:56:50 - [TEST_STEP][PASSED] - if (pageOtpuskVSet != null): null

17-03-2025T06:56:50 - [TEST_STEP][PASSED] - if (compare == filePoteri): null

17-03-2025T06:56:50 - [TEST_STEP][PASSED] - if (compare == filePoteri): null

17-03-2025T06:56:50 - [TEST_STEP][PASSED] - if (planFact == 2): Object: 'Object Repository/Выполнение бизнес-плана/Кнопка Факт' is clicked on

17-03-2025T06:56:50 - [TEST_STEP][PASSED] - click(findTestObject("Выполнение бизнес-плана/Кнопка Факт")): Object: 'Object Repository/Выполнение бизнес-плана/Кнопка Факт' is clicked on

17-03-2025T06:56:50 - [MESSAGE][PASSED] - Object: 'Object Repository/Выполнение бизнес-плана/Кнопка Факт' is clicked on

17-03-2025T06:56:50 - [TEST_STEP][PASSED] - println("a=" + a): null

17-03-2025T06:56:50 - [TEST_STEP][PASSED] - if (a == 84 || a == 82): null

17-03-2025T06:56:50 - [TEST_STEP][PASSED] - else if (a == 83 || a == 52 || a == 72 || a == 28 || a == 73 || a == 77 || a == 74 || a == 65 || a == 36 || a == 44 || a == 53 || a == 80 || a == 54 || a == 1 || a == 18 || a == 59 || a == 81): null

17-03-2025T06:56:50 - [TEST_STEP][PASSED] - else: null

17-03-2025T06:56:50 - [TEST_STEP][PASSED] - page1 = getText(findTestObject("Object Repository/Выполнение бизнес-плана/spanPlan" + filialNum)): Text of object 'Object Repository/Выполнение бизнес-плана/spanPlan4' is: '7.41
|'

17-03-2025T06:56:50 - [MESSAGE][PASSED] - Text of object 'Object Repository/Выполнение бизнес-плана/spanPlan4' is: '7.41
|'

17-03-2025T06:56:50 - [TEST_STEP][PASSED] - page1 = page1.replace("|", ""): null

17-03-2025T06:56:50 - [TEST_STEP][PASSED] - page2 = getText(findTestObject("Object Repository/Выполнение бизнес-плана/spanFact" + filialNum)): Text of object 'Object Repository/Выполнение бизнес-плана/spanFact4' is: '5.53
|'

17-03-2025T06:56:50 - [MESSAGE][PASSED] - Text of object 'Object Repository/Выполнение бизнес-плана/spanFact4' is: '5.53
|'

17-03-2025T06:56:50 - [TEST_STEP][PASSED] - page2 = page2.replace("|", ""): null

17-03-2025T06:56:50 - [TEST_STEP][PASSED] - println("page1: " + page1): null

17-03-2025T06:56:50 - [TEST_STEP][PASSED] - println("page2: " + page2): null

17-03-2025T06:56:50 - [TEST_STEP][PASSED] - file = findTestData("PlanFact").getValue(4, a): null

17-03-2025T06:56:51 - [TEST_STEP][PASSED] - file = file.replace(",", "."): null

17-03-2025T06:56:51 - [TEST_STEP][PASSED] - println("file Plan: " + file): null

17-03-2025T06:56:51 - [TEST_STEP][PASSED] - typeOfData = "План в процентах": null

17-03-2025T06:56:51 - [TEST_STEP][PASSED] - fileDouble = file.toDouble(): null

17-03-2025T06:56:51 - [TEST_STEP][PASSED] - pageDouble = page1.toDouble(): null

17-03-2025T06:56:51 - [TEST_STEP][PASSED] - if (fileDouble != pageDouble): null

17-03-2025T06:56:51 - [TEST_STEP][PASSED] - numberOfErrors = numberOfErrors + 1: null

17-03-2025T06:56:51 - [TEST_STEP][PASSED] - Script1718980020443.WriteToExcel(a, typeOfData, todaysDate, pageInt, fileInt, pageDouble, fileDouble, dZO): null

17-03-2025T06:56:51 - [TEST_STEP][PASSED] - sheetName = "Sheet1": null

17-03-2025T06:56:51 - [TEST_STEP][PASSED] - data = findTestData("PlanFact"): null

17-03-2025T06:56:51 - [TEST_STEP][PASSED] - n = data.getRowNumbers() + 1: null

17-03-2025T06:56:51 - [TEST_STEP][PASSED] - day = ")).toInteger(): null

17-03-2025T06:56:51 - [TEST_STEP][PASSED] - println(day): null

17-03-2025T06:56:51 - [TEST_STEP][PASSED] - month = ")).toInteger(): null

17-03-2025T06:56:51 - [TEST_STEP][PASSED] - println(month): null

17-03-2025T06:56:51 - [TEST_STEP][PASSED] - y = <not implemented yet for class: org.codehaus.groovy.ast.expr.EmptyExpression>: null

17-03-2025T06:56:51 - [TEST_STEP][PASSED] - iy = <not implemented yet for class: org.codehaus.groovy.ast.expr.EmptyExpression>: null

17-03-2025T06:56:51 - [TEST_STEP][PASSED] - m = getText(findTestObject("Выполнение бизнес-плана/Период")): Text of object 'Object Repository/Выполнение бизнес-плана/Период' is: 'Январь 2025 года'

17-03-2025T06:56:51 - [MESSAGE][PASSED] - Text of object 'Object Repository/Выполнение бизнес-плана/Период' is: 'Январь 2025 года'

17-03-2025T06:56:51 - [TEST_STEP][PASSED] - iy = m.indexOf("20"): null

17-03-2025T06:56:51 - [TEST_STEP][PASSED] - if (iy > -1): null

17-03-2025T06:56:51 - [TEST_STEP][PASSED] - y = substring(iy, iy + 4).toInteger(): null

17-03-2025T06:56:51 - [TEST_STEP][PASSED] - println(y): null

17-03-2025T06:56:51 - [TEST_STEP][PASSED] - if (toString().length() == 4): null

17-03-2025T06:56:51 - [TEST_STEP][PASSED] - m = m.substring(0, m.indexOf(y.toString())): null

17-03-2025T06:56:51 - [TEST_STEP][PASSED] - m = m.trim(): null

17-03-2025T06:56:51 - [TEST_STEP][PASSED] - if (m == ""): null

17-03-2025T06:56:51 - [TEST_STEP][PASSED] - dashboardName = "Выполнение бизнес-плана": null

17-03-2025T06:56:51 - [TEST_STEP][PASSED] - workbook01 = getWorkbook(excelFilePath): null

17-03-2025T06:56:51 - [TEST_STEP][PASSED] - sheet01 = getExcelSheet(workbook01, sheetName): null

17-03-2025T06:56:51 - [TEST_STEP][PASSED] - setValueToCellByIndex(sheet01, n, 0, dashboardName): null

17-03-2025T06:56:51 - [TEST_STEP][PASSED] - setValueToCellByIndex(sheet01, n, 1, dZO): null

17-03-2025T06:56:51 - [TEST_STEP][PASSED] - setValueToCellByIndex(sheet01, n, 2, typeOfData): null

17-03-2025T06:56:51 - [TEST_STEP][PASSED] - if (typeOfData == "Факт в процентах" || typeOfData == "План в процентах"): null

17-03-2025T06:56:51 - [TEST_STEP][PASSED] - setValueToCellByIndex(sheet01, n, 3, fileDouble): null

17-03-2025T06:56:51 - [TEST_STEP][PASSED] - setValueToCellByIndex(sheet01, n, 4, pageDouble): null

17-03-2025T06:56:51 - [TEST_STEP][PASSED] - setValueToCellByIndex(sheet01, n, 5, m): null

17-03-2025T06:56:51 - [TEST_STEP][PASSED] - setValueToCellByIndex(sheet01, n, 6, y): null

17-03-2025T06:56:51 - [TEST_STEP][PASSED] - setValueToCellByIndex(sheet01, n, 7, todaysDate): null

17-03-2025T06:56:51 - [TEST_STEP][PASSED] - n = n + 1: null

17-03-2025T06:56:51 - [TEST_STEP][PASSED] - saveWorkbook(excelFilePath, workbook01): null

17-03-2025T06:56:51 - [TEST_STEP][PASSED] - file = findTestData("PlanFact").getValue(7, a): null

17-03-2025T06:56:51 - [TEST_STEP][PASSED] - file = file.replace(",", "."): null

17-03-2025T06:56:51 - [TEST_STEP][PASSED] - println("file Fact: " + file): null

17-03-2025T06:56:51 - [TEST_STEP][PASSED] - fileDouble = file.toDouble(): null

17-03-2025T06:56:51 - [TEST_STEP][PASSED] - typeOfData = "Факт в процентах": null

17-03-2025T06:56:51 - [TEST_STEP][PASSED] - fileDouble = file.toDouble(): null

17-03-2025T06:56:51 - [TEST_STEP][PASSED] - pageDouble = page2.toDouble(): null

17-03-2025T06:56:51 - [TEST_STEP][PASSED] - if (fileDouble != pageDouble): null

17-03-2025T06:56:51 - [TEST_STEP][PASSED] - numberOfErrors = numberOfErrors + 1: null

17-03-2025T06:56:51 - [TEST_STEP][PASSED] - Script1718980020443.WriteToExcel(a, typeOfData, todaysDate, pageInt, fileInt, pageDouble, fileDouble, dZO): null

17-03-2025T06:56:51 - [TEST_STEP][PASSED] - sheetName = "Sheet1": null

17-03-2025T06:56:51 - [TEST_STEP][PASSED] - data = findTestData("PlanFact"): null

17-03-2025T06:56:51 - [TEST_STEP][PASSED] - n = data.getRowNumbers() + 1: null

17-03-2025T06:56:51 - [TEST_STEP][PASSED] - day = ")).toInteger(): null

17-03-2025T06:56:51 - [TEST_STEP][PASSED] - println(day): null

17-03-2025T06:56:51 - [TEST_STEP][PASSED] - month = ")).toInteger(): null

17-03-2025T06:56:51 - [TEST_STEP][PASSED] - println(month): null

17-03-2025T06:56:51 - [TEST_STEP][PASSED] - y = <not implemented yet for class: org.codehaus.groovy.ast.expr.EmptyExpression>: null

17-03-2025T06:56:51 - [TEST_STEP][PASSED] - iy = <not implemented yet for class: org.codehaus.groovy.ast.expr.EmptyExpression>: null

17-03-2025T06:56:51 - [TEST_STEP][PASSED] - m = getText(findTestObject("Выполнение бизнес-плана/Период")): Text of object 'Object Repository/Выполнение бизнес-плана/Период' is: 'Январь 2025 года'

17-03-2025T06:56:52 - [MESSAGE][PASSED] - Text of object 'Object Repository/Выполнение бизнес-плана/Период' is: 'Январь 2025 года'

17-03-2025T06:56:52 - [TEST_STEP][PASSED] - iy = m.indexOf("20"): null

17-03-2025T06:56:52 - [TEST_STEP][PASSED] - if (iy > -1): null

17-03-2025T06:56:52 - [TEST_STEP][PASSED] - y = substring(iy, iy + 4).toInteger(): null

17-03-2025T06:56:52 - [TEST_STEP][PASSED] - println(y): null

17-03-2025T06:56:52 - [TEST_STEP][PASSED] - if (toString().length() == 4): null

17-03-2025T06:56:52 - [TEST_STEP][PASSED] - m = m.substring(0, m.indexOf(y.toString())): null

17-03-2025T06:56:52 - [TEST_STEP][PASSED] - m = m.trim(): null

17-03-2025T06:56:52 - [TEST_STEP][PASSED] - if (m == ""): null

17-03-2025T06:56:52 - [TEST_STEP][PASSED] - dashboardName = "Выполнение бизнес-плана": null

17-03-2025T06:56:52 - [TEST_STEP][PASSED] - workbook01 = getWorkbook(excelFilePath): null

17-03-2025T06:56:52 - [TEST_STEP][PASSED] - sheet01 = getExcelSheet(workbook01, sheetName): null

17-03-2025T06:56:52 - [TEST_STEP][PASSED] - setValueToCellByIndex(sheet01, n, 0, dashboardName): null

17-03-2025T06:56:52 - [TEST_STEP][PASSED] - setValueToCellByIndex(sheet01, n, 1, dZO): null

17-03-2025T06:56:52 - [TEST_STEP][PASSED] - setValueToCellByIndex(sheet01, n, 2, typeOfData): null

17-03-2025T06:56:52 - [TEST_STEP][PASSED] - if (typeOfData == "Факт в процентах" || typeOfData == "План в процентах"): null

17-03-2025T06:56:52 - [TEST_STEP][PASSED] - setValueToCellByIndex(sheet01, n, 3, fileDouble): null

17-03-2025T06:56:52 - [TEST_STEP][PASSED] - setValueToCellByIndex(sheet01, n, 4, pageDouble): null

17-03-2025T06:56:52 - [TEST_STEP][PASSED] - setValueToCellByIndex(sheet01, n, 5, m): null

17-03-2025T06:56:52 - [TEST_STEP][PASSED] - setValueToCellByIndex(sheet01, n, 6, y): null

17-03-2025T06:56:52 - [TEST_STEP][PASSED] - setValueToCellByIndex(sheet01, n, 7, todaysDate): null

17-03-2025T06:56:52 - [TEST_STEP][PASSED] - n = n + 1: null

17-03-2025T06:56:52 - [TEST_STEP][PASSED] - saveWorkbook(excelFilePath, workbook01): null

17-03-2025T06:56:52 - [TEST_STEP][FAILED] - if (verifyEqual(numberOfErrors, 0) == false): null

17-03-2025T06:56:52 - [MESSAGE][FAILED] - Unable to verify equal between actual object '2' and expected object '0' (Root cause: com.kms.katalon.core.exception.StepFailedException: Actual object '2' and expected object '0' are not equal
	at com.kms.katalon.core.keyword.builtin.VerifyEqualKeyword$_verifyEqual_closure1.doCall(VerifyEqualKeyword.groovy:58)
	at com.kms.katalon.core.keyword.builtin.VerifyEqualKeyword$_verifyEqual_closure1.call(VerifyEqualKeyword.groovy)
	at com.kms.katalon.core.keyword.internal.KeywordMain.runKeyword(KeywordMain.groovy:75)
	at com.kms.katalon.core.keyword.builtin.VerifyEqualKeyword.verifyEqual(VerifyEqualKeyword.groovy:63)
	at com.kms.katalon.core.keyword.builtin.VerifyEqualKeyword.execute(VerifyEqualKeyword.groovy:44)
	at com.kms.katalon.core.keyword.internal.KeywordExecutor.executeKeywordForPlatform(KeywordExecutor.groovy:74)
	at com.kms.katalon.core.keyword.BuiltinKeywords.verifyEqual(BuiltinKeywords.groovy:146)
	at jdk.internal.reflect.GeneratedMethodAccessor23.invoke(Unknown Source)
	at java.base/jdk.internal.reflect.DelegatingMethodAccessorImpl.invoke(DelegatingMethodAccessorImpl.java:43)
	at Выполнение бизнес-плана Сверка ПАО Россети все филиалы.Numbers(Выполнение бизнес-плана Сверка ПАО Россети все филиалы:744)
	at Выполнение бизнес-плана Сверка ПАО Россети все филиалы.Filials(Выполнение бизнес-плана Сверка ПАО Россети все филиалы:993)
	at Выполнение бизнес-плана Сверка ПАО Россети все филиалы.Numbers(Выполнение бизнес-плана Сверка ПАО Россети все филиалы:751)
	at Выполнение бизнес-плана Сверка ПАО Россети все филиалы.run(Выполнение бизнес-плана Сверка ПАО Россети все филиалы:231)
	at com.kms.katalon.core.main.ScriptEngine.run(ScriptEngine.java:194)
	at com.kms.katalon.core.main.ScriptEngine.runScriptAsRawText(ScriptEngine.java:119)
	at com.kms.katalon.core.main.TestCaseExecutor.runScript(TestCaseExecutor.java:448)
	at com.kms.katalon.core.main.TestCaseExecutor.doExecute(TestCaseExecutor.java:439)
	at com.kms.katalon.core.main.TestCaseExecutor.processExecutionPhase(TestCaseExecutor.java:418)
	at com.kms.katalon.core.main.TestCaseExecutor.accessMainPhase(TestCaseExecutor.java:410)
	at com.kms.katalon.core.main.TestCaseExecutor.execute(TestCaseExecutor.java:285)
	at com.kms.katalon.core.common.CommonExecutor.accessTestCaseMainPhase(CommonExecutor.java:65)
	at com.kms.katalon.core.main.TestSuiteExecutor.accessTestSuiteMainPhase(TestSuiteExecutor.java:150)
	at com.kms.katalon.core.main.TestSuiteExecutor.execute(TestSuiteExecutor.java:106)
	at com.kms.katalon.core.main.TestCaseMain.startTestSuite(TestCaseMain.java:180)
	at TempTestSuite1742171011514.run(TempTestSuite1742171011514.groovy:35)
	at java.base/jdk.internal.reflect.NativeMethodAccessorImpl.invoke0(Native Method)
	at java.base/jdk.internal.reflect.NativeMethodAccessorImpl.invoke(NativeMethodAccessorImpl.java:77)
	at java.base/jdk.internal.reflect.DelegatingMethodAccessorImpl.invoke(DelegatingMethodAccessorImpl.java:43)
)

17-03-2025T06:56:52 - [TEST_STEP][PASSED] - println(numberOfErrors): null

17-03-2025T06:56:52 - [TEST_STEP][PASSED] - println("a=" + a): null

17-03-2025T06:56:52 - [TEST_STEP][PASSED] - if (a == 28 || a == 77 || a == 74 || a == 65 || a == 36 || a == 44 || a == 54 || a == 1 || a == 18 || a == 59): null

17-03-2025T06:56:52 - [TEST_STEP][PASSED] - if (a == 82): null

17-03-2025T06:56:52 - [TEST_STEP][PASSED] - dZO = "Чувашэнерго": null

17-03-2025T06:56:52 - [TEST_STEP][PASSED] - a = 35: null

17-03-2025T06:56:52 - [TEST_STEP][PASSED] - if (x2.contains(dZO)): null

17-03-2025T06:56:52 - [TEST_STEP][PASSED] - filialNum = filialNum + 1: null

17-03-2025T06:56:52 - [TEST_STEP][PASSED] - Script1718980020443.Numbers(a, typeOfData, todaysDate, pageInt, fileInt, pageDouble, fileDouble, dZO, dzoNum, filialNum): null

17-03-2025T06:56:52 - [TEST_STEP][PASSED] - println(dzoNum): null

17-03-2025T06:56:52 - [TEST_STEP][PASSED] - planFact = <not implemented yet for class: org.codehaus.groovy.ast.expr.EmptyExpression>: null

17-03-2025T06:56:52 - [TEST_STEP][PASSED] - page = <not implemented yet for class: org.codehaus.groovy.ast.expr.EmptyExpression>: null

17-03-2025T06:56:52 - [TEST_STEP][PASSED] - page1 = <not implemented yet for class: org.codehaus.groovy.ast.expr.EmptyExpression>: null

17-03-2025T06:56:52 - [TEST_STEP][PASSED] - page2 = <not implemented yet for class: org.codehaus.groovy.ast.expr.EmptyExpression>: null

17-03-2025T06:56:52 - [TEST_STEP][PASSED] - filialNumberInRow = <not implemented yet for class: org.codehaus.groovy.ast.expr.EmptyExpression>: null

17-03-2025T06:56:52 - [TEST_STEP][PASSED] - filialsDzoNames = <not implemented yet for class: org.codehaus.groovy.ast.expr.EmptyExpression>: null

17-03-2025T06:56:52 - [TEST_STEP][PASSED] - numberOfFilials = <not implemented yet for class: org.codehaus.groovy.ast.expr.EmptyExpression>: null

17-03-2025T06:56:52 - [TEST_STEP][PASSED] - numberOfSpaces = <not implemented yet for class: org.codehaus.groovy.ast.expr.EmptyExpression>: null

17-03-2025T06:56:52 - [TEST_STEP][PASSED] - file = <not implemented yet for class: org.codehaus.groovy.ast.expr.EmptyExpression>: null

17-03-2025T06:56:52 - [TEST_STEP][PASSED] - otpusk = <not implemented yet for class: org.codehaus.groovy.ast.expr.EmptyExpression>: null

17-03-2025T06:56:52 - [TEST_STEP][PASSED] - poteri = <not implemented yet for class: org.codehaus.groovy.ast.expr.EmptyExpression>: null

17-03-2025T06:56:52 - [TEST_STEP][PASSED] - dataFolder = "Выполнение бизнес-плана/Значения со страницы Выполнение бизнес-плана/": null

17-03-2025T06:56:52 - [TEST_STEP][PASSED] - path = <not implemented yet for class: org.codehaus.groovy.ast.expr.EmptyExpression>: null

17-03-2025T06:56:52 - [TEST_STEP][PASSED] - typeOfDataMain = <not implemented yet for class: org.codehaus.groovy.ast.expr.EmptyExpression>: null

17-03-2025T06:56:52 - [TEST_STEP][PASSED] - fileOtpuskVSet = <not implemented yet for class: org.codehaus.groovy.ast.expr.EmptyExpression>: null

17-03-2025T06:56:52 - [TEST_STEP][PASSED] - pageOtpuskVSet = <not implemented yet for class: org.codehaus.groovy.ast.expr.EmptyExpression>: null

17-03-2025T06:56:52 - [TEST_STEP][PASSED] - filePoteri = <not implemented yet for class: org.codehaus.groovy.ast.expr.EmptyExpression>: null

17-03-2025T06:56:52 - [TEST_STEP][PASSED] - pagePoteri = <not implemented yet for class: org.codehaus.groovy.ast.expr.EmptyExpression>: null

17-03-2025T06:56:52 - [TEST_STEP][PASSED] - compare = <not implemented yet for class: org.codehaus.groovy.ast.expr.EmptyExpression>: null

17-03-2025T06:56:52 - [TEST_STEP][PASSED] - b = <not implemented yet for class: org.codehaus.groovy.ast.expr.EmptyExpression>: null

17-03-2025T06:56:52 - [TEST_STEP][PASSED] - i = <not implemented yet for class: org.codehaus.groovy.ast.expr.EmptyExpression>: null

17-03-2025T06:56:52 - [TEST_STEP][PASSED] - ii = <not implemented yet for class: org.codehaus.groovy.ast.expr.EmptyExpression>: null

17-03-2025T06:56:52 - [TEST_STEP][PASSED] - c = <not implemented yet for class: org.codehaus.groovy.ast.expr.EmptyExpression>: null

17-03-2025T06:56:52 - [TEST_STEP][PASSED] - numberOfErrors = 0: null

17-03-2025T06:56:52 - [TEST_STEP][PASSED] - if (a == 82): null

17-03-2025T06:56:52 - [TEST_STEP][PASSED] - b = findTestData("PlanFact").getValue(1, a): null

17-03-2025T06:56:52 - [TEST_STEP][PASSED] - i = b.indexOf(" (ГК)"): null

17-03-2025T06:56:52 - [TEST_STEP][PASSED] - if (i > -1): null

17-03-2025T06:56:52 - [TEST_STEP][PASSED] - i = b.indexOf("О ""): null

17-03-2025T06:56:52 - [TEST_STEP][PASSED] - if (i > -1): null

17-03-2025T06:56:52 - [TEST_STEP][PASSED] - i = b.indexOf("О «"): null

17-03-2025T06:56:52 - [TEST_STEP][PASSED] - if (i > -1): null

17-03-2025T06:56:52 - [TEST_STEP][PASSED] - i = b.indexOf("г. "): null

17-03-2025T06:56:52 - [TEST_STEP][PASSED] - if (i > -1): null

17-03-2025T06:56:52 - [TEST_STEP][PASSED] - b = b.trim(): null

17-03-2025T06:56:52 - [TEST_STEP][PASSED] - println(b): null

17-03-2025T06:56:52 - [TEST_STEP][FAILED] - for ([planFact = 1, planFact < 3, (planFact++)]): null

17-03-2025T06:56:52 - [TEST_STEP][PASSED] - if (planFact == 1): null

17-03-2025T06:56:52 - [TEST_STEP][PASSED] - typeOfDataMain = "Факт": null

17-03-2025T06:56:52 - [TEST_STEP][PASSED] - otpusk = findTestData("PlanFact").getValue(5, a): null

17-03-2025T06:56:52 - [TEST_STEP][PASSED] - poteri = findTestData("PlanFact").getValue(6, a): null

17-03-2025T06:56:52 - [TEST_STEP][PASSED] - otpusk = otpusk.replaceAll("\s+", ""): null

17-03-2025T06:56:52 - [TEST_STEP][PASSED] - poteri = poteri.replaceAll("\s+", ""): null

17-03-2025T06:56:52 - [TEST_STEP][PASSED] - typeOfData = typeOfDataMain + " Отпуск в сеть": null

17-03-2025T06:56:52 - [TEST_STEP][PASSED] - if (a == 82): null

17-03-2025T06:56:52 - [TEST_STEP][PASSED] - else if (a == 84): null

17-03-2025T06:56:52 - [TEST_STEP][PASSED] - else if (a == 83 || a == 52 || a == 72 || a == 28 || a == 73 || a == 77 || a == 74 || a == 65 || a == 36 || a == 44 || a == 53 || a == 80 || a == 54 || a == 1 || a == 18 || a == 59 || a == 81): null

17-03-2025T06:56:52 - [TEST_STEP][PASSED] - else: null

17-03-2025T06:56:52 - [TEST_STEP][PASSED] - path = dataFolder + typeOfData + " за отчётный период " + b: null

17-03-2025T06:56:52 - [TEST_STEP][PASSED] - println(path): null

17-03-2025T06:56:52 - [TEST_STEP][FAILED] - page = getText(findTestObject(path)): Unable to get text of object 'Object Repository/Выполнение бизнес-плана/Значения со страницы Выполнение бизнес-плана/Факт Отпуск в сеть за отчётный период Чувашэнерго' (Root cause: com.kms.katalon.core.exception.StepFailedException: Unable to get text of object 'Object Repository/Выполнение бизнес-плана/Значения со страницы Выполнение бизнес-плана/Факт Отпуск в сеть за отчётный период Чувашэнерго'
	at com.kms.katalon.core.webui.keyword.internal.WebUIKeywordMain.stepFailed(WebUIKeywordMain.groovy:64)
	at com.kms.katalon.core.webui.keyword.internal.WebUIKeywordMain.runKeyword(WebUIKeywordMain.groovy:26)
	at com.kms.katalon.core.webui.keyword.builtin.GetTextKeyword.getText(GetTextKeyword.groovy:88)
	at com.kms.katalon.core.webui.keyword.builtin.GetTextKeyword.execute(GetTextKeyword.groovy:67)
	at com.kms.katalon.core.keyword.internal.KeywordExecutor.executeKeywordForPlatform(KeywordExecutor.groovy:74)
	at com.kms.katalon.core.webui.keyword.WebUiBuiltInKeywords.getText(WebUiBuiltInKeywords.groovy:957)
	at Выполнение бизнес-плана Сверка ПАО Россети все филиалы.Numbers(Выполнение бизнес-плана Сверка ПАО Россети все филиалы:561)
	at Выполнение бизнес-плана Сверка ПАО Россети все филиалы.Filials(Выполнение бизнес-плана Сверка ПАО Россети все филиалы:1005)
	at Выполнение бизнес-плана Сверка ПАО Россети все филиалы.Numbers(Выполнение бизнес-плана Сверка ПАО Россети все филиалы:751)
	at Выполнение бизнес-плана Сверка ПАО Россети все филиалы.run(Выполнение бизнес-плана Сверка ПАО Россети все филиалы:231)
	at com.kms.katalon.core.main.ScriptEngine.run(ScriptEngine.java:194)
	at com.kms.katalon.core.main.ScriptEngine.runScriptAsRawText(ScriptEngine.java:119)
	at com.kms.katalon.core.main.TestCaseExecutor.runScript(TestCaseExecutor.java:448)
	at com.kms.katalon.core.main.TestCaseExecutor.doExecute(TestCaseExecutor.java:439)
	at com.kms.katalon.core.main.TestCaseExecutor.processExecutionPhase(TestCaseExecutor.java:418)
	at com.kms.katalon.core.main.TestCaseExecutor.accessMainPhase(TestCaseExecutor.java:410)
	at com.kms.katalon.core.main.TestCaseExecutor.execute(TestCaseExecutor.java:285)
	at com.kms.katalon.core.common.CommonExecutor.accessTestCaseMainPhase(CommonExecutor.java:65)
	at com.kms.katalon.core.main.TestSuiteExecutor.accessTestSuiteMainPhase(TestSuiteExecutor.java:150)
	at com.kms.katalon.core.main.TestSuiteExecutor.execute(TestSuiteExecutor.java:106)
	at com.kms.katalon.core.main.TestCaseMain.startTestSuite(TestCaseMain.java:180)
	at TempTestSuite1742171011514.run(TempTestSuite1742171011514.groovy:35)
	at java.base/jdk.internal.reflect.NativeMethodAccessorImpl.invoke0(Native Method)
	at java.base/jdk.internal.reflect.NativeMethodAccessorImpl.invoke(NativeMethodAccessorImpl.java:77)
	at java.base/jdk.internal.reflect.DelegatingMethodAccessorImpl.invoke(DelegatingMethodAccessorImpl.java:43)
Caused by: com.kms.katalon.core.webui.exception.WebElementNotFoundException: Web element with id: 'Object Repository/Выполнение бизнес-плана/Значения со страницы Выполнение бизнес-плана/Факт Отпуск в сеть за отчётный период Чувашэнерго' located by '//tr[1]/td[7]' not found
	at com.kms.katalon.core.webui.common.WebUiCommonHelper.findWebElement(WebUiCommonHelper.java:1426)
	at com.kms.katalon.core.webui.keyword.internal.WebUIAbstractKeyword.findWebElement(WebUIAbstractKeyword.groovy:27)
	at com.kms.katalon.core.webui.keyword.internal.WebUIAbstractKeyword.findWebElement(WebUIAbstractKeyword.groovy:26)
	at com.kms.katalon.core.webui.keyword.builtin.GetTextKeyword$_getText_closure1.doCall(GetTextKeyword.groovy:78)
	at com.kms.katalon.core.webui.keyword.builtin.GetTextKeyword$_getText_closure1.call(GetTextKeyword.groovy)
	at com.kms.katalon.core.webui.keyword.internal.WebUIKeywordMain.runKeyword(WebUIKeywordMain.groovy:20)
	at com.kms.katalon.core.webui.keyword.builtin.GetTextKeyword.getText(GetTextKeyword.groovy:88)
	at com.kms.katalon.core.webui.keyword.builtin.GetTextKeyword.execute(GetTextKeyword.groovy:67)
	at com.kms.katalon.core.keyword.internal.KeywordExecutor.executeKeywordForPlatform(KeywordExecutor.groovy:74)
	at com.kms.katalon.core.webui.keyword.WebUiBuiltInKeywords.getText(WebUiBuiltInKeywords.groovy:957)
	at Script1718980020443.Numbers(Script1718980020443.groovy:561)
	at Script1718980020443.Filials(Script1718980020443.groovy:1005)
	at Script1718980020443.Numbers(Script1718980020443.groovy:751)
	at Script1718980020443.run(Script1718980020443.groovy:231)
	... 15 more
)

17-03-2025T06:57:23 - [MESSAGE][INFO] - Unable to find the element located by 'By.xpath: //tr[1]/td[7]'. Please recheck the objects properties to make sure the desired element is located. 

17-03-2025T06:57:23 - [MESSAGE][FAILED] - Unable to get text of object 'Object Repository/Выполнение бизнес-плана/Значения со страницы Выполнение бизнес-плана/Факт Отпуск в сеть за отчётный период Чувашэнерго' (Root cause: com.kms.katalon.core.exception.StepFailedException: Unable to get text of object 'Object Repository/Выполнение бизнес-плана/Значения со страницы Выполнение бизнес-плана/Факт Отпуск в сеть за отчётный период Чувашэнерго'
	at com.kms.katalon.core.webui.keyword.internal.WebUIKeywordMain.stepFailed(WebUIKeywordMain.groovy:64)
	at com.kms.katalon.core.webui.keyword.internal.WebUIKeywordMain.runKeyword(WebUIKeywordMain.groovy:26)
	at com.kms.katalon.core.webui.keyword.builtin.GetTextKeyword.getText(GetTextKeyword.groovy:88)
	at com.kms.katalon.core.webui.keyword.builtin.GetTextKeyword.execute(GetTextKeyword.groovy:67)
	at com.kms.katalon.core.keyword.internal.KeywordExecutor.executeKeywordForPlatform(KeywordExecutor.groovy:74)
	at com.kms.katalon.core.webui.keyword.WebUiBuiltInKeywords.getText(WebUiBuiltInKeywords.groovy:957)
	at Выполнение бизнес-плана Сверка ПАО Россети все филиалы.Numbers(Выполнение бизнес-плана Сверка ПАО Россети все филиалы:561)
	at Выполнение бизнес-плана Сверка ПАО Россети все филиалы.Filials(Выполнение бизнес-плана Сверка ПАО Россети все филиалы:1005)
	at Выполнение бизнес-плана Сверка ПАО Россети все филиалы.Numbers(Выполнение бизнес-плана Сверка ПАО Россети все филиалы:751)
	at Выполнение бизнес-плана Сверка ПАО Россети все филиалы.run(Выполнение бизнес-плана Сверка ПАО Россети все филиалы:231)
	at com.kms.katalon.core.main.ScriptEngine.run(ScriptEngine.java:194)
	at com.kms.katalon.core.main.ScriptEngine.runScriptAsRawText(ScriptEngine.java:119)
	at com.kms.katalon.core.main.TestCaseExecutor.runScript(TestCaseExecutor.java:448)
	at com.kms.katalon.core.main.TestCaseExecutor.doExecute(TestCaseExecutor.java:439)
	at com.kms.katalon.core.main.TestCaseExecutor.processExecutionPhase(TestCaseExecutor.java:418)
	at com.kms.katalon.core.main.TestCaseExecutor.accessMainPhase(TestCaseExecutor.java:410)
	at com.kms.katalon.core.main.TestCaseExecutor.execute(TestCaseExecutor.java:285)
	at com.kms.katalon.core.common.CommonExecutor.accessTestCaseMainPhase(CommonExecutor.java:65)
	at com.kms.katalon.core.main.TestSuiteExecutor.accessTestSuiteMainPhase(TestSuiteExecutor.java:150)
	at com.kms.katalon.core.main.TestSuiteExecutor.execute(TestSuiteExecutor.java:106)
	at com.kms.katalon.core.main.TestCaseMain.startTestSuite(TestCaseMain.java:180)
	at TempTestSuite1742171011514.run(TempTestSuite1742171011514.groovy:35)
	at java.base/jdk.internal.reflect.NativeMethodAccessorImpl.invoke0(Native Method)
	at java.base/jdk.internal.reflect.NativeMethodAccessorImpl.invoke(NativeMethodAccessorImpl.java:77)
	at java.base/jdk.internal.reflect.DelegatingMethodAccessorImpl.invoke(DelegatingMethodAccessorImpl.java:43)
Caused by: com.kms.katalon.core.webui.exception.WebElementNotFoundException: Web element with id: 'Object Repository/Выполнение бизнес-плана/Значения со страницы Выполнение бизнес-плана/Факт Отпуск в сеть за отчётный период Чувашэнерго' located by '//tr[1]/td[7]' not found
	at com.kms.katalon.core.webui.common.WebUiCommonHelper.findWebElement(WebUiCommonHelper.java:1426)
	at com.kms.katalon.core.webui.keyword.internal.WebUIAbstractKeyword.findWebElement(WebUIAbstractKeyword.groovy:27)
	at com.kms.katalon.core.webui.keyword.internal.WebUIAbstractKeyword.findWebElement(WebUIAbstractKeyword.groovy:26)
	at com.kms.katalon.core.webui.keyword.builtin.GetTextKeyword$_getText_closure1.doCall(GetTextKeyword.groovy:78)
	at com.kms.katalon.core.webui.keyword.builtin.GetTextKeyword$_getText_closure1.call(GetTextKeyword.groovy)
	at com.kms.katalon.core.webui.keyword.internal.WebUIKeywordMain.runKeyword(WebUIKeywordMain.groovy:20)
	at com.kms.katalon.core.webui.keyword.builtin.GetTextKeyword.getText(GetTextKeyword.groovy:88)
	at com.kms.katalon.core.webui.keyword.builtin.GetTextKeyword.execute(GetTextKeyword.groovy:67)
	at com.kms.katalon.core.keyword.internal.KeywordExecutor.executeKeywordForPlatform(KeywordExecutor.groovy:74)
	at com.kms.katalon.core.webui.keyword.WebUiBuiltInKeywords.getText(WebUiBuiltInKeywords.groovy:957)
	at Script1718980020443.Numbers(Script1718980020443.groovy:561)
	at Script1718980020443.Filials(Script1718980020443.groovy:1005)
	at Script1718980020443.Numbers(Script1718980020443.groovy:751)
	at Script1718980020443.run(Script1718980020443.groovy:231)
	... 15 more
)
[[ATTACHMENT|C:\\Users\\LIAZGINA-DI\\git\\SPORU\\Reports\\20250317_032331\\\u041F\u043D-\u0421\u0440-\u041F\u0442\\\u0421\u0432\u0435\u0440\u043A\u0430 \u0434\u0430\u0448\u0431\u043E\u0440\u0434\u043E\u0432 \u0438\u0437 \u0440\u0430\u0437\u043D\u044B\u0445 \u0431\u043B\u043E\u043A\u043E\u0432\\20250317_032331\\1742183843744.png]]

17-03-2025T06:57:23 - [TEST_STEP][PASSED] - if (page == "" || page == null): null

17-03-2025T06:57:23 - [TEST_STEP][PASSED] - fileInt = otpusk.toInteger(): null

17-03-2025T06:57:23 - [TEST_STEP][PASSED] - Script1718980020443.WriteToExcelNoData(a, typeOfData, todaysDate, fileInt, fileDouble, dZO): null

17-03-2025T06:57:23 - [TEST_STEP][PASSED] - sheetName = "Sheet1": null

17-03-2025T06:57:23 - [TEST_STEP][PASSED] - data = findTestData("PlanFact"): null

17-03-2025T06:57:23 - [TEST_STEP][PASSED] - n = data.getRowNumbers() + 1: null

17-03-2025T06:57:23 - [TEST_STEP][PASSED] - day = ")).toInteger(): null

17-03-2025T06:57:23 - [TEST_STEP][PASSED] - println(day): null

17-03-2025T06:57:23 - [TEST_STEP][PASSED] - month = ")).toInteger(): null

17-03-2025T06:57:23 - [TEST_STEP][PASSED] - println(month): null

17-03-2025T06:57:23 - [TEST_STEP][PASSED] - y = <not implemented yet for class: org.codehaus.groovy.ast.expr.EmptyExpression>: null

17-03-2025T06:57:23 - [TEST_STEP][PASSED] - iy = <not implemented yet for class: org.codehaus.groovy.ast.expr.EmptyExpression>: null

17-03-2025T06:57:23 - [TEST_STEP][PASSED] - m = getText(findTestObject("Выполнение бизнес-плана/Период")): Text of object 'Object Repository/Выполнение бизнес-плана/Период' is: 'Январь 2025 года'

17-03-2025T06:57:24 - [MESSAGE][PASSED] - Text of object 'Object Repository/Выполнение бизнес-плана/Период' is: 'Январь 2025 года'

17-03-2025T06:57:24 - [TEST_STEP][PASSED] - iy = m.indexOf("20"): null

17-03-2025T06:57:24 - [TEST_STEP][PASSED] - if (iy > -1): null

17-03-2025T06:57:24 - [TEST_STEP][PASSED] - y = substring(iy, iy + 4).toInteger(): null

17-03-2025T06:57:24 - [TEST_STEP][PASSED] - println(y): null

17-03-2025T06:57:24 - [TEST_STEP][PASSED] - if (toString().length() == 4): null

17-03-2025T06:57:24 - [TEST_STEP][PASSED] - m = m.substring(0, m.indexOf(y.toString())): null

17-03-2025T06:57:24 - [TEST_STEP][PASSED] - m = m.trim(): null

17-03-2025T06:57:24 - [TEST_STEP][PASSED] - if (m == ""): null

17-03-2025T06:57:24 - [TEST_STEP][PASSED] - dashboardName = "Выполнение бизнес-плана": null

17-03-2025T06:57:24 - [TEST_STEP][PASSED] - workbook01 = getWorkbook(excelFilePath): null

17-03-2025T06:57:24 - [TEST_STEP][PASSED] - sheet01 = getExcelSheet(workbook01, sheetName): null

17-03-2025T06:57:24 - [TEST_STEP][PASSED] - setValueToCellByIndex(sheet01, n, 0, dashboardName): null

17-03-2025T06:57:24 - [TEST_STEP][PASSED] - setValueToCellByIndex(sheet01, n, 1, dZO): null

17-03-2025T06:57:24 - [TEST_STEP][PASSED] - setValueToCellByIndex(sheet01, n, 2, typeOfData): null

17-03-2025T06:57:24 - [TEST_STEP][PASSED] - if (typeOfData == "Факт в процентах" || typeOfData == "План в процентах"): null

17-03-2025T06:57:24 - [TEST_STEP][PASSED] - else: null

17-03-2025T06:57:24 - [TEST_STEP][PASSED] - setValueToCellByIndex(sheet01, n, 3, fileInt): null

17-03-2025T06:57:24 - [TEST_STEP][PASSED] - setValueToCellByIndex(sheet01, n, 4, "нет данных"): null

17-03-2025T06:57:24 - [TEST_STEP][PASSED] - setValueToCellByIndex(sheet01, n, 5, m): null

17-03-2025T06:57:24 - [TEST_STEP][PASSED] - setValueToCellByIndex(sheet01, n, 6, y): null

17-03-2025T06:57:24 - [TEST_STEP][PASSED] - setValueToCellByIndex(sheet01, n, 7, todaysDate): null

17-03-2025T06:57:24 - [TEST_STEP][PASSED] - n = n + 1: null

17-03-2025T06:57:24 - [TEST_STEP][FAILED] - saveWorkbook(excelFilePath, workbook01): null

17-03-2025T06:57:24 - [TEST_STEP][PASSED] - typeOfData = typeOfDataMain + " Потери": null

17-03-2025T06:57:24 - [TEST_STEP][PASSED] - if (a == 82): null

17-03-2025T06:57:24 - [TEST_STEP][PASSED] - else if (a == 84): null

17-03-2025T06:57:24 - [TEST_STEP][PASSED] - else if (a == 83 || a == 52 || a == 72 || a == 28 || a == 73 || a == 77 || a == 74 || a == 65 || a == 44 || a == 53 || a == 80 || a == 54 || a == 1 || a == 18 || a == 59 || a == 81): null

17-03-2025T06:57:24 - [TEST_STEP][PASSED] - else: null

17-03-2025T06:57:24 - [TEST_STEP][PASSED] - path = dataFolder + typeOfData + " за отчётный период " + b: null

17-03-2025T06:57:24 - [TEST_STEP][FAILED] - page = getText(findTestObject(path)): Unable to get text of object 'Object Repository/Выполнение бизнес-плана/Значения со страницы Выполнение бизнес-плана/Факт Потери за отчётный период Чувашэнерго' (Root cause: com.kms.katalon.core.exception.StepFailedException: Unable to get text of object 'Object Repository/Выполнение бизнес-плана/Значения со страницы Выполнение бизнес-плана/Факт Потери за отчётный период Чувашэнерго'
	at com.kms.katalon.core.webui.keyword.internal.WebUIKeywordMain.stepFailed(WebUIKeywordMain.groovy:64)
	at com.kms.katalon.core.webui.keyword.internal.WebUIKeywordMain.runKeyword(WebUIKeywordMain.groovy:26)
	at com.kms.katalon.core.webui.keyword.builtin.GetTextKeyword.getText(GetTextKeyword.groovy:88)
	at com.kms.katalon.core.webui.keyword.builtin.GetTextKeyword.execute(GetTextKeyword.groovy:67)
	at com.kms.katalon.core.keyword.internal.KeywordExecutor.executeKeywordForPlatform(KeywordExecutor.groovy:74)
	at com.kms.katalon.core.webui.keyword.WebUiBuiltInKeywords.getText(WebUiBuiltInKeywords.groovy:957)
	at Выполнение бизнес-плана Сверка ПАО Россети все филиалы.Numbers(Выполнение бизнес-плана Сверка ПАО Россети все филиалы:594)
	at Выполнение бизнес-плана Сверка ПАО Россети все филиалы.Filials(Выполнение бизнес-плана Сверка ПАО Россети все филиалы:1005)
	at Выполнение бизнес-плана Сверка ПАО Россети все филиалы.Numbers(Выполнение бизнес-плана Сверка ПАО Россети все филиалы:751)
	at Выполнение бизнес-плана Сверка ПАО Россети все филиалы.run(Выполнение бизнес-плана Сверка ПАО Россети все филиалы:231)
	at com.kms.katalon.core.main.ScriptEngine.run(ScriptEngine.java:194)
	at com.kms.katalon.core.main.ScriptEngine.runScriptAsRawText(ScriptEngine.java:119)
	at com.kms.katalon.core.main.TestCaseExecutor.runScript(TestCaseExecutor.java:448)
	at com.kms.katalon.core.main.TestCaseExecutor.doExecute(TestCaseExecutor.java:439)
	at com.kms.katalon.core.main.TestCaseExecutor.processExecutionPhase(TestCaseExecutor.java:418)
	at com.kms.katalon.core.main.TestCaseExecutor.accessMainPhase(TestCaseExecutor.java:410)
	at com.kms.katalon.core.main.TestCaseExecutor.execute(TestCaseExecutor.java:285)
	at com.kms.katalon.core.common.CommonExecutor.accessTestCaseMainPhase(CommonExecutor.java:65)
	at com.kms.katalon.core.main.TestSuiteExecutor.accessTestSuiteMainPhase(TestSuiteExecutor.java:150)
	at com.kms.katalon.core.main.TestSuiteExecutor.execute(TestSuiteExecutor.java:106)
	at com.kms.katalon.core.main.TestCaseMain.startTestSuite(TestCaseMain.java:180)
	at TempTestSuite1742171011514.run(TempTestSuite1742171011514.groovy:35)
	at java.base/jdk.internal.reflect.NativeMethodAccessorImpl.invoke0(Native Method)
	at java.base/jdk.internal.reflect.NativeMethodAccessorImpl.invoke(NativeMethodAccessorImpl.java:77)
	at java.base/jdk.internal.reflect.DelegatingMethodAccessorImpl.invoke(DelegatingMethodAccessorImpl.java:43)
Caused by: com.kms.katalon.core.webui.exception.WebElementNotFoundException: Web element with id: 'Object Repository/Выполнение бизнес-плана/Значения со страницы Выполнение бизнес-плана/Факт Потери за отчётный период Чувашэнерго' located by '//tr[3]/td[7]' not found
	at com.kms.katalon.core.webui.common.WebUiCommonHelper.findWebElement(WebUiCommonHelper.java:1426)
	at com.kms.katalon.core.webui.keyword.internal.WebUIAbstractKeyword.findWebElement(WebUIAbstractKeyword.groovy:27)
	at com.kms.katalon.core.webui.keyword.internal.WebUIAbstractKeyword.findWebElement(WebUIAbstractKeyword.groovy:26)
	at com.kms.katalon.core.webui.keyword.builtin.GetTextKeyword$_getText_closure1.doCall(GetTextKeyword.groovy:78)
	at com.kms.katalon.core.webui.keyword.builtin.GetTextKeyword$_getText_closure1.call(GetTextKeyword.groovy)
	at com.kms.katalon.core.webui.keyword.internal.WebUIKeywordMain.runKeyword(WebUIKeywordMain.groovy:20)
	at com.kms.katalon.core.webui.keyword.builtin.GetTextKeyword.getText(GetTextKeyword.groovy:88)
	at com.kms.katalon.core.webui.keyword.builtin.GetTextKeyword.execute(GetTextKeyword.groovy:67)
	at com.kms.katalon.core.keyword.internal.KeywordExecutor.executeKeywordForPlatform(KeywordExecutor.groovy:74)
	at com.kms.katalon.core.webui.keyword.WebUiBuiltInKeywords.getText(WebUiBuiltInKeywords.groovy:957)
	at Script1718980020443.Numbers(Script1718980020443.groovy:594)
	at Script1718980020443.Filials(Script1718980020443.groovy:1005)
	at Script1718980020443.Numbers(Script1718980020443.groovy:751)
	at Script1718980020443.run(Script1718980020443.groovy:231)
	... 15 more
)

17-03-2025T06:57:55 - [MESSAGE][INFO] - Unable to find the element located by 'By.xpath: //tr[3]/td[7]'. Please recheck the objects properties to make sure the desired element is located. 

17-03-2025T06:57:55 - [MESSAGE][FAILED] - Unable to get text of object 'Object Repository/Выполнение бизнес-плана/Значения со страницы Выполнение бизнес-плана/Факт Потери за отчётный период Чувашэнерго' (Root cause: com.kms.katalon.core.exception.StepFailedException: Unable to get text of object 'Object Repository/Выполнение бизнес-плана/Значения со страницы Выполнение бизнес-плана/Факт Потери за отчётный период Чувашэнерго'
	at com.kms.katalon.core.webui.keyword.internal.WebUIKeywordMain.stepFailed(WebUIKeywordMain.groovy:64)
	at com.kms.katalon.core.webui.keyword.internal.WebUIKeywordMain.runKeyword(WebUIKeywordMain.groovy:26)
	at com.kms.katalon.core.webui.keyword.builtin.GetTextKeyword.getText(GetTextKeyword.groovy:88)
	at com.kms.katalon.core.webui.keyword.builtin.GetTextKeyword.execute(GetTextKeyword.groovy:67)
	at com.kms.katalon.core.keyword.internal.KeywordExecutor.executeKeywordForPlatform(KeywordExecutor.groovy:74)
	at com.kms.katalon.core.webui.keyword.WebUiBuiltInKeywords.getText(WebUiBuiltInKeywords.groovy:957)
	at Выполнение бизнес-плана Сверка ПАО Россети все филиалы.Numbers(Выполнение бизнес-плана Сверка ПАО Россети все филиалы:594)
	at Выполнение бизнес-плана Сверка ПАО Россети все филиалы.Filials(Выполнение бизнес-плана Сверка ПАО Россети все филиалы:1005)
	at Выполнение бизнес-плана Сверка ПАО Россети все филиалы.Numbers(Выполнение бизнес-плана Сверка ПАО Россети все филиалы:751)
	at Выполнение бизнес-плана Сверка ПАО Россети все филиалы.run(Выполнение бизнес-плана Сверка ПАО Россети все филиалы:231)
	at com.kms.katalon.core.main.ScriptEngine.run(ScriptEngine.java:194)
	at com.kms.katalon.core.main.ScriptEngine.runScriptAsRawText(ScriptEngine.java:119)
	at com.kms.katalon.core.main.TestCaseExecutor.runScript(TestCaseExecutor.java:448)
	at com.kms.katalon.core.main.TestCaseExecutor.doExecute(TestCaseExecutor.java:439)
	at com.kms.katalon.core.main.TestCaseExecutor.processExecutionPhase(TestCaseExecutor.java:418)
	at com.kms.katalon.core.main.TestCaseExecutor.accessMainPhase(TestCaseExecutor.java:410)
	at com.kms.katalon.core.main.TestCaseExecutor.execute(TestCaseExecutor.java:285)
	at com.kms.katalon.core.common.CommonExecutor.accessTestCaseMainPhase(CommonExecutor.java:65)
	at com.kms.katalon.core.main.TestSuiteExecutor.accessTestSuiteMainPhase(TestSuiteExecutor.java:150)
	at com.kms.katalon.core.main.TestSuiteExecutor.execute(TestSuiteExecutor.java:106)
	at com.kms.katalon.core.main.TestCaseMain.startTestSuite(TestCaseMain.java:180)
	at TempTestSuite1742171011514.run(TempTestSuite1742171011514.groovy:35)
	at java.base/jdk.internal.reflect.NativeMethodAccessorImpl.invoke0(Native Method)
	at java.base/jdk.internal.reflect.NativeMethodAccessorImpl.invoke(NativeMethodAccessorImpl.java:77)
	at java.base/jdk.internal.reflect.DelegatingMethodAccessorImpl.invoke(DelegatingMethodAccessorImpl.java:43)
Caused by: com.kms.katalon.core.webui.exception.WebElementNotFoundException: Web element with id: 'Object Repository/Выполнение бизнес-плана/Значения со страницы Выполнение бизнес-плана/Факт Потери за отчётный период Чувашэнерго' located by '//tr[3]/td[7]' not found
	at com.kms.katalon.core.webui.common.WebUiCommonHelper.findWebElement(WebUiCommonHelper.java:1426)
	at com.kms.katalon.core.webui.keyword.internal.WebUIAbstractKeyword.findWebElement(WebUIAbstractKeyword.groovy:27)
	at com.kms.katalon.core.webui.keyword.internal.WebUIAbstractKeyword.findWebElement(WebUIAbstractKeyword.groovy:26)
	at com.kms.katalon.core.webui.keyword.builtin.GetTextKeyword$_getText_closure1.doCall(GetTextKeyword.groovy:78)
	at com.kms.katalon.core.webui.keyword.builtin.GetTextKeyword$_getText_closure1.call(GetTextKeyword.groovy)
	at com.kms.katalon.core.webui.keyword.internal.WebUIKeywordMain.runKeyword(WebUIKeywordMain.groovy:20)
	at com.kms.katalon.core.webui.keyword.builtin.GetTextKeyword.getText(GetTextKeyword.groovy:88)
	at com.kms.katalon.core.webui.keyword.builtin.GetTextKeyword.execute(GetTextKeyword.groovy:67)
	at com.kms.katalon.core.keyword.internal.KeywordExecutor.executeKeywordForPlatform(KeywordExecutor.groovy:74)
	at com.kms.katalon.core.webui.keyword.WebUiBuiltInKeywords.getText(WebUiBuiltInKeywords.groovy:957)
	at Script1718980020443.Numbers(Script1718980020443.groovy:594)
	at Script1718980020443.Filials(Script1718980020443.groovy:1005)
	at Script1718980020443.Numbers(Script1718980020443.groovy:751)
	at Script1718980020443.run(Script1718980020443.groovy:231)
	... 15 more
)
[[ATTACHMENT|C:\\Users\\LIAZGINA-DI\\git\\SPORU\\Reports\\20250317_032331\\\u041F\u043D-\u0421\u0440-\u041F\u0442\\\u0421\u0432\u0435\u0440\u043A\u0430 \u0434\u0430\u0448\u0431\u043E\u0440\u0434\u043E\u0432 \u0438\u0437 \u0440\u0430\u0437\u043D\u044B\u0445 \u0431\u043B\u043E\u043A\u043E\u0432\\20250317_032331\\1742183875581.png]]

17-03-2025T06:57:55 - [TEST_STEP][PASSED] - if (page == "" || page == null): null

17-03-2025T06:57:55 - [TEST_STEP][PASSED] - fileInt = poteri.toInteger(): null

17-03-2025T06:57:55 - [TEST_STEP][PASSED] - Script1718980020443.WriteToExcelNoData(a, typeOfData, todaysDate, fileInt, fileDouble, dZO): null

17-03-2025T06:57:55 - [TEST_STEP][PASSED] - sheetName = "Sheet1": null

17-03-2025T06:57:55 - [TEST_STEP][PASSED] - data = findTestData("PlanFact"): null

17-03-2025T06:57:55 - [TEST_STEP][PASSED] - n = data.getRowNumbers() + 1: null

17-03-2025T06:57:55 - [TEST_STEP][PASSED] - day = ")).toInteger(): null

17-03-2025T06:57:55 - [TEST_STEP][PASSED] - println(day): null

17-03-2025T06:57:55 - [TEST_STEP][PASSED] - month = ")).toInteger(): null

17-03-2025T06:57:55 - [TEST_STEP][PASSED] - println(month): null

17-03-2025T06:57:55 - [TEST_STEP][PASSED] - y = <not implemented yet for class: org.codehaus.groovy.ast.expr.EmptyExpression>: null

17-03-2025T06:57:55 - [TEST_STEP][PASSED] - iy = <not implemented yet for class: org.codehaus.groovy.ast.expr.EmptyExpression>: null

17-03-2025T06:57:55 - [TEST_STEP][PASSED] - m = getText(findTestObject("Выполнение бизнес-плана/Период")): Text of object 'Object Repository/Выполнение бизнес-плана/Период' is: 'Январь 2025 года'

17-03-2025T06:57:55 - [MESSAGE][PASSED] - Text of object 'Object Repository/Выполнение бизнес-плана/Период' is: 'Январь 2025 года'

17-03-2025T06:57:55 - [TEST_STEP][PASSED] - iy = m.indexOf("20"): null

17-03-2025T06:57:55 - [TEST_STEP][PASSED] - if (iy > -1): null

17-03-2025T06:57:55 - [TEST_STEP][PASSED] - y = substring(iy, iy + 4).toInteger(): null

17-03-2025T06:57:55 - [TEST_STEP][PASSED] - println(y): null

17-03-2025T06:57:55 - [TEST_STEP][PASSED] - if (toString().length() == 4): null

17-03-2025T06:57:55 - [TEST_STEP][PASSED] - m = m.substring(0, m.indexOf(y.toString())): null

17-03-2025T06:57:56 - [TEST_STEP][PASSED] - m = m.trim(): null

17-03-2025T06:57:56 - [TEST_STEP][PASSED] - if (m == ""): null

17-03-2025T06:57:56 - [TEST_STEP][PASSED] - dashboardName = "Выполнение бизнес-плана": null

17-03-2025T06:57:56 - [TEST_STEP][PASSED] - workbook01 = getWorkbook(excelFilePath): null

17-03-2025T06:57:56 - [TEST_STEP][PASSED] - sheet01 = getExcelSheet(workbook01, sheetName): null

17-03-2025T06:57:56 - [TEST_STEP][PASSED] - setValueToCellByIndex(sheet01, n, 0, dashboardName): null

17-03-2025T06:57:56 - [TEST_STEP][PASSED] - setValueToCellByIndex(sheet01, n, 1, dZO): null

17-03-2025T06:57:56 - [TEST_STEP][PASSED] - setValueToCellByIndex(sheet01, n, 2, typeOfData): null

17-03-2025T06:57:56 - [TEST_STEP][PASSED] - if (typeOfData == "Факт в процентах" || typeOfData == "План в процентах"): null

17-03-2025T06:57:56 - [TEST_STEP][PASSED] - else: null

17-03-2025T06:57:56 - [TEST_STEP][PASSED] - setValueToCellByIndex(sheet01, n, 3, fileInt): null

17-03-2025T06:57:56 - [TEST_STEP][PASSED] - setValueToCellByIndex(sheet01, n, 4, "нет данных"): null

17-03-2025T06:57:56 - [TEST_STEP][PASSED] - setValueToCellByIndex(sheet01, n, 5, m): null

17-03-2025T06:57:56 - [TEST_STEP][PASSED] - setValueToCellByIndex(sheet01, n, 6, y): null

17-03-2025T06:57:56 - [TEST_STEP][PASSED] - setValueToCellByIndex(sheet01, n, 7, todaysDate): null

17-03-2025T06:57:56 - [TEST_STEP][PASSED] - n = n + 1: null

17-03-2025T06:57:56 - [TEST_STEP][FAILED] - saveWorkbook(excelFilePath, workbook01): null

17-03-2025T06:57:56 - [TEST_STEP][PASSED] - compare = pageOtpuskVSet: null

17-03-2025T06:57:56 - [TEST_STEP][PASSED] - if (pageOtpuskVSet != null): null

17-03-2025T06:57:56 - [TEST_STEP][PASSED] - if (compare == fileOtpuskVSet): null

17-03-2025T06:57:56 - [TEST_STEP][PASSED] - if (compare == fileOtpuskVSet): null

17-03-2025T06:57:56 - [TEST_STEP][PASSED] - compare = pagePoteri: null

17-03-2025T06:57:56 - [TEST_STEP][PASSED] - if (pageOtpuskVSet != null): null

17-03-2025T06:57:56 - [TEST_STEP][PASSED] - if (compare == filePoteri): null

17-03-2025T06:57:56 - [TEST_STEP][PASSED] - if (compare == filePoteri): null

17-03-2025T06:57:56 - [TEST_STEP][PASSED] - if (planFact == 2): null

17-03-2025T06:57:56 - [TEST_STEP][PASSED] - if (planFact == 1): null

17-03-2025T06:57:56 - [TEST_STEP][PASSED] - else if (planFact == 2): null

17-03-2025T06:57:56 - [TEST_STEP][PASSED] - click(findTestObject("Выполнение бизнес-плана/Кнопка План")): Object: 'Object Repository/Выполнение бизнес-плана/Кнопка План' is clicked on

17-03-2025T06:57:56 - [MESSAGE][PASSED] - Object: 'Object Repository/Выполнение бизнес-плана/Кнопка План' is clicked on

17-03-2025T06:57:56 - [TEST_STEP][PASSED] - typeOfDataMain = "План": null

17-03-2025T06:57:56 - [TEST_STEP][PASSED] - otpusk = findTestData("PlanFact").getValue(2, a): null

17-03-2025T06:57:56 - [TEST_STEP][PASSED] - poteri = findTestData("PlanFact").getValue(3, a): null

17-03-2025T06:57:56 - [TEST_STEP][PASSED] - otpusk = otpusk.replaceAll("\s+", ""): null

17-03-2025T06:57:56 - [TEST_STEP][PASSED] - poteri = poteri.replaceAll("\s+", ""): null

17-03-2025T06:57:56 - [TEST_STEP][PASSED] - typeOfData = typeOfDataMain + " Отпуск в сеть": null

17-03-2025T06:57:56 - [TEST_STEP][PASSED] - if (a == 82): null

17-03-2025T06:57:56 - [TEST_STEP][PASSED] - else if (a == 84): null

17-03-2025T06:57:56 - [TEST_STEP][PASSED] - else if (a == 83 || a == 52 || a == 72 || a == 28 || a == 73 || a == 77 || a == 74 || a == 65 || a == 36 || a == 44 || a == 53 || a == 80 || a == 54 || a == 1 || a == 18 || a == 59 || a == 81): null

17-03-2025T06:57:56 - [TEST_STEP][PASSED] - else: null

17-03-2025T06:57:56 - [TEST_STEP][PASSED] - path = dataFolder + typeOfData + " за отчётный период " + b: null

17-03-2025T06:57:56 - [TEST_STEP][PASSED] - println(path): null

17-03-2025T06:57:56 - [TEST_STEP][FAILED] - page = getText(findTestObject(path)): Unable to get text of object 'Object Repository/Выполнение бизнес-плана/Значения со страницы Выполнение бизнес-плана/План Отпуск в сеть за отчётный период Чувашэнерго' (Root cause: com.kms.katalon.core.exception.StepFailedException: Unable to get text of object 'Object Repository/Выполнение бизнес-плана/Значения со страницы Выполнение бизнес-плана/План Отпуск в сеть за отчётный период Чувашэнерго'
	at com.kms.katalon.core.webui.keyword.internal.WebUIKeywordMain.stepFailed(WebUIKeywordMain.groovy:64)
	at com.kms.katalon.core.webui.keyword.internal.WebUIKeywordMain.runKeyword(WebUIKeywordMain.groovy:26)
	at com.kms.katalon.core.webui.keyword.builtin.GetTextKeyword.getText(GetTextKeyword.groovy:88)
	at com.kms.katalon.core.webui.keyword.builtin.GetTextKeyword.execute(GetTextKeyword.groovy:67)
	at com.kms.katalon.core.keyword.internal.KeywordExecutor.executeKeywordForPlatform(KeywordExecutor.groovy:74)
	at com.kms.katalon.core.webui.keyword.WebUiBuiltInKeywords.getText(WebUiBuiltInKeywords.groovy:957)
	at Выполнение бизнес-плана Сверка ПАО Россети все филиалы.Numbers(Выполнение бизнес-плана Сверка ПАО Россети все филиалы:561)
	at Выполнение бизнес-плана Сверка ПАО Россети все филиалы.Filials(Выполнение бизнес-плана Сверка ПАО Россети все филиалы:1005)
	at Выполнение бизнес-плана Сверка ПАО Россети все филиалы.Numbers(Выполнение бизнес-плана Сверка ПАО Россети все филиалы:751)
	at Выполнение бизнес-плана Сверка ПАО Россети все филиалы.run(Выполнение бизнес-плана Сверка ПАО Россети все филиалы:231)
	at com.kms.katalon.core.main.ScriptEngine.run(ScriptEngine.java:194)
	at com.kms.katalon.core.main.ScriptEngine.runScriptAsRawText(ScriptEngine.java:119)
	at com.kms.katalon.core.main.TestCaseExecutor.runScript(TestCaseExecutor.java:448)
	at com.kms.katalon.core.main.TestCaseExecutor.doExecute(TestCaseExecutor.java:439)
	at com.kms.katalon.core.main.TestCaseExecutor.processExecutionPhase(TestCaseExecutor.java:418)
	at com.kms.katalon.core.main.TestCaseExecutor.accessMainPhase(TestCaseExecutor.java:410)
	at com.kms.katalon.core.main.TestCaseExecutor.execute(TestCaseExecutor.java:285)
	at com.kms.katalon.core.common.CommonExecutor.accessTestCaseMainPhase(CommonExecutor.java:65)
	at com.kms.katalon.core.main.TestSuiteExecutor.accessTestSuiteMainPhase(TestSuiteExecutor.java:150)
	at com.kms.katalon.core.main.TestSuiteExecutor.execute(TestSuiteExecutor.java:106)
	at com.kms.katalon.core.main.TestCaseMain.startTestSuite(TestCaseMain.java:180)
	at TempTestSuite1742171011514.run(TempTestSuite1742171011514.groovy:35)
	at java.base/jdk.internal.reflect.NativeMethodAccessorImpl.invoke0(Native Method)
	at java.base/jdk.internal.reflect.NativeMethodAccessorImpl.invoke(NativeMethodAccessorImpl.java:77)
	at java.base/jdk.internal.reflect.DelegatingMethodAccessorImpl.invoke(DelegatingMethodAccessorImpl.java:43)
Caused by: com.kms.katalon.core.webui.exception.WebElementNotFoundException: Web element with id: 'Object Repository/Выполнение бизнес-плана/Значения со страницы Выполнение бизнес-плана/План Отпуск в сеть за отчётный период Чувашэнерго' located by '//div[138]/div[2]/div/div/table/tbody/tr/td[7]' not found
	at com.kms.katalon.core.webui.common.WebUiCommonHelper.findWebElement(WebUiCommonHelper.java:1426)
	at com.kms.katalon.core.webui.keyword.internal.WebUIAbstractKeyword.findWebElement(WebUIAbstractKeyword.groovy:27)
	at com.kms.katalon.core.webui.keyword.internal.WebUIAbstractKeyword.findWebElement(WebUIAbstractKeyword.groovy:26)
	at com.kms.katalon.core.webui.keyword.builtin.GetTextKeyword$_getText_closure1.doCall(GetTextKeyword.groovy:78)
	at com.kms.katalon.core.webui.keyword.builtin.GetTextKeyword$_getText_closure1.call(GetTextKeyword.groovy)
	at com.kms.katalon.core.webui.keyword.internal.WebUIKeywordMain.runKeyword(WebUIKeywordMain.groovy:20)
	at com.kms.katalon.core.webui.keyword.builtin.GetTextKeyword.getText(GetTextKeyword.groovy:88)
	at com.kms.katalon.core.webui.keyword.builtin.GetTextKeyword.execute(GetTextKeyword.groovy:67)
	at com.kms.katalon.core.keyword.internal.KeywordExecutor.executeKeywordForPlatform(KeywordExecutor.groovy:74)
	at com.kms.katalon.core.webui.keyword.WebUiBuiltInKeywords.getText(WebUiBuiltInKeywords.groovy:957)
	at Script1718980020443.Numbers(Script1718980020443.groovy:561)
	at Script1718980020443.Filials(Script1718980020443.groovy:1005)
	at Script1718980020443.Numbers(Script1718980020443.groovy:751)
	at Script1718980020443.run(Script1718980020443.groovy:231)
	... 15 more
)

17-03-2025T06:58:27 - [MESSAGE][INFO] - Unable to find the element located by 'By.xpath: //div[138]/div[2]/div/div/table/tbody/tr/td[7]'. Please recheck the objects properties to make sure the desired element is located. 

17-03-2025T06:58:27 - [MESSAGE][FAILED] - Unable to get text of object 'Object Repository/Выполнение бизнес-плана/Значения со страницы Выполнение бизнес-плана/План Отпуск в сеть за отчётный период Чувашэнерго' (Root cause: com.kms.katalon.core.exception.StepFailedException: Unable to get text of object 'Object Repository/Выполнение бизнес-плана/Значения со страницы Выполнение бизнес-плана/План Отпуск в сеть за отчётный период Чувашэнерго'
	at com.kms.katalon.core.webui.keyword.internal.WebUIKeywordMain.stepFailed(WebUIKeywordMain.groovy:64)
	at com.kms.katalon.core.webui.keyword.internal.WebUIKeywordMain.runKeyword(WebUIKeywordMain.groovy:26)
	at com.kms.katalon.core.webui.keyword.builtin.GetTextKeyword.getText(GetTextKeyword.groovy:88)
	at com.kms.katalon.core.webui.keyword.builtin.GetTextKeyword.execute(GetTextKeyword.groovy:67)
	at com.kms.katalon.core.keyword.internal.KeywordExecutor.executeKeywordForPlatform(KeywordExecutor.groovy:74)
	at com.kms.katalon.core.webui.keyword.WebUiBuiltInKeywords.getText(WebUiBuiltInKeywords.groovy:957)
	at Выполнение бизнес-плана Сверка ПАО Россети все филиалы.Numbers(Выполнение бизнес-плана Сверка ПАО Россети все филиалы:561)
	at Выполнение бизнес-плана Сверка ПАО Россети все филиалы.Filials(Выполнение бизнес-плана Сверка ПАО Россети все филиалы:1005)
	at Выполнение бизнес-плана Сверка ПАО Россети все филиалы.Numbers(Выполнение бизнес-плана Сверка ПАО Россети все филиалы:751)
	at Выполнение бизнес-плана Сверка ПАО Россети все филиалы.run(Выполнение бизнес-плана Сверка ПАО Россети все филиалы:231)
	at com.kms.katalon.core.main.ScriptEngine.run(ScriptEngine.java:194)
	at com.kms.katalon.core.main.ScriptEngine.runScriptAsRawText(ScriptEngine.java:119)
	at com.kms.katalon.core.main.TestCaseExecutor.runScript(TestCaseExecutor.java:448)
	at com.kms.katalon.core.main.TestCaseExecutor.doExecute(TestCaseExecutor.java:439)
	at com.kms.katalon.core.main.TestCaseExecutor.processExecutionPhase(TestCaseExecutor.java:418)
	at com.kms.katalon.core.main.TestCaseExecutor.accessMainPhase(TestCaseExecutor.java:410)
	at com.kms.katalon.core.main.TestCaseExecutor.execute(TestCaseExecutor.java:285)
	at com.kms.katalon.core.common.CommonExecutor.accessTestCaseMainPhase(CommonExecutor.java:65)
	at com.kms.katalon.core.main.TestSuiteExecutor.accessTestSuiteMainPhase(TestSuiteExecutor.java:150)
	at com.kms.katalon.core.main.TestSuiteExecutor.execute(TestSuiteExecutor.java:106)
	at com.kms.katalon.core.main.TestCaseMain.startTestSuite(TestCaseMain.java:180)
	at TempTestSuite1742171011514.run(TempTestSuite1742171011514.groovy:35)
	at java.base/jdk.internal.reflect.NativeMethodAccessorImpl.invoke0(Native Method)
	at java.base/jdk.internal.reflect.NativeMethodAccessorImpl.invoke(NativeMethodAccessorImpl.java:77)
	at java.base/jdk.internal.reflect.DelegatingMethodAccessorImpl.invoke(DelegatingMethodAccessorImpl.java:43)
Caused by: com.kms.katalon.core.webui.exception.WebElementNotFoundException: Web element with id: 'Object Repository/Выполнение бизнес-плана/Значения со страницы Выполнение бизнес-плана/План Отпуск в сеть за отчётный период Чувашэнерго' located by '//div[138]/div[2]/div/div/table/tbody/tr/td[7]' not found
	at com.kms.katalon.core.webui.common.WebUiCommonHelper.findWebElement(WebUiCommonHelper.java:1426)
	at com.kms.katalon.core.webui.keyword.internal.WebUIAbstractKeyword.findWebElement(WebUIAbstractKeyword.groovy:27)
	at com.kms.katalon.core.webui.keyword.internal.WebUIAbstractKeyword.findWebElement(WebUIAbstractKeyword.groovy:26)
	at com.kms.katalon.core.webui.keyword.builtin.GetTextKeyword$_getText_closure1.doCall(GetTextKeyword.groovy:78)
	at com.kms.katalon.core.webui.keyword.builtin.GetTextKeyword$_getText_closure1.call(GetTextKeyword.groovy)
	at com.kms.katalon.core.webui.keyword.internal.WebUIKeywordMain.runKeyword(WebUIKeywordMain.groovy:20)
	at com.kms.katalon.core.webui.keyword.builtin.GetTextKeyword.getText(GetTextKeyword.groovy:88)
	at com.kms.katalon.core.webui.keyword.builtin.GetTextKeyword.execute(GetTextKeyword.groovy:67)
	at com.kms.katalon.core.keyword.internal.KeywordExecutor.executeKeywordForPlatform(KeywordExecutor.groovy:74)
	at com.kms.katalon.core.webui.keyword.WebUiBuiltInKeywords.getText(WebUiBuiltInKeywords.groovy:957)
	at Script1718980020443.Numbers(Script1718980020443.groovy:561)
	at Script1718980020443.Filials(Script1718980020443.groovy:1005)
	at Script1718980020443.Numbers(Script1718980020443.groovy:751)
	at Script1718980020443.run(Script1718980020443.groovy:231)
	... 15 more
)
[[ATTACHMENT|C:\\Users\\LIAZGINA-DI\\git\\SPORU\\Reports\\20250317_032331\\\u041F\u043D-\u0421\u0440-\u041F\u0442\\\u0421\u0432\u0435\u0440\u043A\u0430 \u0434\u0430\u0448\u0431\u043E\u0440\u0434\u043E\u0432 \u0438\u0437 \u0440\u0430\u0437\u043D\u044B\u0445 \u0431\u043B\u043E\u043A\u043E\u0432\\20250317_032331\\1742183907822.png]]

17-03-2025T06:58:27 - [TEST_STEP][PASSED] - if (page == "" || page == null): null

17-03-2025T06:58:27 - [TEST_STEP][PASSED] - fileInt = otpusk.toInteger(): null

17-03-2025T06:58:27 - [TEST_STEP][PASSED] - Script1718980020443.WriteToExcelNoData(a, typeOfData, todaysDate, fileInt, fileDouble, dZO): null

17-03-2025T06:58:27 - [TEST_STEP][PASSED] - sheetName = "Sheet1": null

17-03-2025T06:58:27 - [TEST_STEP][PASSED] - data = findTestData("PlanFact"): null

17-03-2025T06:58:27 - [TEST_STEP][PASSED] - n = data.getRowNumbers() + 1: null

17-03-2025T06:58:27 - [TEST_STEP][PASSED] - day = ")).toInteger(): null

17-03-2025T06:58:27 - [TEST_STEP][PASSED] - println(day): null

17-03-2025T06:58:27 - [TEST_STEP][PASSED] - month = ")).toInteger(): null

17-03-2025T06:58:27 - [TEST_STEP][PASSED] - println(month): null

17-03-2025T06:58:27 - [TEST_STEP][PASSED] - y = <not implemented yet for class: org.codehaus.groovy.ast.expr.EmptyExpression>: null

17-03-2025T06:58:27 - [TEST_STEP][PASSED] - iy = <not implemented yet for class: org.codehaus.groovy.ast.expr.EmptyExpression>: null

17-03-2025T06:58:27 - [TEST_STEP][PASSED] - m = getText(findTestObject("Выполнение бизнес-плана/Период")): Text of object 'Object Repository/Выполнение бизнес-плана/Период' is: 'Январь 2025 года'

17-03-2025T06:58:28 - [MESSAGE][PASSED] - Text of object 'Object Repository/Выполнение бизнес-плана/Период' is: 'Январь 2025 года'

17-03-2025T06:58:28 - [TEST_STEP][PASSED] - iy = m.indexOf("20"): null

17-03-2025T06:58:28 - [TEST_STEP][PASSED] - if (iy > -1): null

17-03-2025T06:58:28 - [TEST_STEP][PASSED] - y = substring(iy, iy + 4).toInteger(): null

17-03-2025T06:58:28 - [TEST_STEP][PASSED] - println(y): null

17-03-2025T06:58:28 - [TEST_STEP][PASSED] - if (toString().length() == 4): null

17-03-2025T06:58:28 - [TEST_STEP][PASSED] - m = m.substring(0, m.indexOf(y.toString())): null

17-03-2025T06:58:28 - [TEST_STEP][PASSED] - m = m.trim(): null

17-03-2025T06:58:28 - [TEST_STEP][PASSED] - if (m == ""): null

17-03-2025T06:58:28 - [TEST_STEP][PASSED] - dashboardName = "Выполнение бизнес-плана": null

17-03-2025T06:58:28 - [TEST_STEP][PASSED] - workbook01 = getWorkbook(excelFilePath): null

17-03-2025T06:58:28 - [TEST_STEP][PASSED] - sheet01 = getExcelSheet(workbook01, sheetName): null

17-03-2025T06:58:28 - [TEST_STEP][PASSED] - setValueToCellByIndex(sheet01, n, 0, dashboardName): null

17-03-2025T06:58:28 - [TEST_STEP][PASSED] - setValueToCellByIndex(sheet01, n, 1, dZO): null

17-03-2025T06:58:28 - [TEST_STEP][PASSED] - setValueToCellByIndex(sheet01, n, 2, typeOfData): null

17-03-2025T06:58:28 - [TEST_STEP][PASSED] - if (typeOfData == "Факт в процентах" || typeOfData == "План в процентах"): null

17-03-2025T06:58:28 - [TEST_STEP][PASSED] - else: null

17-03-2025T06:58:28 - [TEST_STEP][PASSED] - setValueToCellByIndex(sheet01, n, 3, fileInt): null

17-03-2025T06:58:28 - [TEST_STEP][PASSED] - setValueToCellByIndex(sheet01, n, 4, "нет данных"): null

17-03-2025T06:58:28 - [TEST_STEP][PASSED] - setValueToCellByIndex(sheet01, n, 5, m): null

17-03-2025T06:58:28 - [TEST_STEP][PASSED] - setValueToCellByIndex(sheet01, n, 6, y): null

17-03-2025T06:58:28 - [TEST_STEP][PASSED] - setValueToCellByIndex(sheet01, n, 7, todaysDate): null

17-03-2025T06:58:28 - [TEST_STEP][PASSED] - n = n + 1: null

17-03-2025T06:58:28 - [TEST_STEP][FAILED] - saveWorkbook(excelFilePath, workbook01): null

17-03-2025T06:58:28 - [TEST_STEP][PASSED] - typeOfData = typeOfDataMain + " Потери": null

17-03-2025T06:58:28 - [TEST_STEP][PASSED] - if (a == 82): null

17-03-2025T06:58:28 - [TEST_STEP][PASSED] - else if (a == 84): null

17-03-2025T06:58:28 - [TEST_STEP][PASSED] - else if (a == 83 || a == 52 || a == 72 || a == 28 || a == 73 || a == 77 || a == 74 || a == 65 || a == 44 || a == 53 || a == 80 || a == 54 || a == 1 || a == 18 || a == 59 || a == 81): null

17-03-2025T06:58:28 - [TEST_STEP][PASSED] - else: null

17-03-2025T06:58:28 - [TEST_STEP][PASSED] - path = dataFolder + typeOfData + " за отчётный период " + b: null

17-03-2025T06:58:28 - [TEST_STEP][FAILED] - page = getText(findTestObject(path)): Unable to get text of object 'Object Repository/Выполнение бизнес-плана/Значения со страницы Выполнение бизнес-плана/План Потери за отчётный период Чувашэнерго' (Root cause: com.kms.katalon.core.exception.StepFailedException: Unable to get text of object 'Object Repository/Выполнение бизнес-плана/Значения со страницы Выполнение бизнес-плана/План Потери за отчётный период Чувашэнерго'
	at com.kms.katalon.core.webui.keyword.internal.WebUIKeywordMain.stepFailed(WebUIKeywordMain.groovy:64)
	at com.kms.katalon.core.webui.keyword.internal.WebUIKeywordMain.runKeyword(WebUIKeywordMain.groovy:26)
	at com.kms.katalon.core.webui.keyword.builtin.GetTextKeyword.getText(GetTextKeyword.groovy:88)
	at com.kms.katalon.core.webui.keyword.builtin.GetTextKeyword.execute(GetTextKeyword.groovy:67)
	at com.kms.katalon.core.keyword.internal.KeywordExecutor.executeKeywordForPlatform(KeywordExecutor.groovy:74)
	at com.kms.katalon.core.webui.keyword.WebUiBuiltInKeywords.getText(WebUiBuiltInKeywords.groovy:957)
	at Выполнение бизнес-плана Сверка ПАО Россети все филиалы.Numbers(Выполнение бизнес-плана Сверка ПАО Россети все филиалы:594)
	at Выполнение бизнес-плана Сверка ПАО Россети все филиалы.Filials(Выполнение бизнес-плана Сверка ПАО Россети все филиалы:1005)
	at Выполнение бизнес-плана Сверка ПАО Россети все филиалы.Numbers(Выполнение бизнес-плана Сверка ПАО Россети все филиалы:751)
	at Выполнение бизнес-плана Сверка ПАО Россети все филиалы.run(Выполнение бизнес-плана Сверка ПАО Россети все филиалы:231)
	at com.kms.katalon.core.main.ScriptEngine.run(ScriptEngine.java:194)
	at com.kms.katalon.core.main.ScriptEngine.runScriptAsRawText(ScriptEngine.java:119)
	at com.kms.katalon.core.main.TestCaseExecutor.runScript(TestCaseExecutor.java:448)
	at com.kms.katalon.core.main.TestCaseExecutor.doExecute(TestCaseExecutor.java:439)
	at com.kms.katalon.core.main.TestCaseExecutor.processExecutionPhase(TestCaseExecutor.java:418)
	at com.kms.katalon.core.main.TestCaseExecutor.accessMainPhase(TestCaseExecutor.java:410)
	at com.kms.katalon.core.main.TestCaseExecutor.execute(TestCaseExecutor.java:285)
	at com.kms.katalon.core.common.CommonExecutor.accessTestCaseMainPhase(CommonExecutor.java:65)
	at com.kms.katalon.core.main.TestSuiteExecutor.accessTestSuiteMainPhase(TestSuiteExecutor.java:150)
	at com.kms.katalon.core.main.TestSuiteExecutor.execute(TestSuiteExecutor.java:106)
	at com.kms.katalon.core.main.TestCaseMain.startTestSuite(TestCaseMain.java:180)
	at TempTestSuite1742171011514.run(TempTestSuite1742171011514.groovy:35)
	at java.base/jdk.internal.reflect.NativeMethodAccessorImpl.invoke0(Native Method)
	at java.base/jdk.internal.reflect.NativeMethodAccessorImpl.invoke(NativeMethodAccessorImpl.java:77)
	at java.base/jdk.internal.reflect.DelegatingMethodAccessorImpl.invoke(DelegatingMethodAccessorImpl.java:43)
Caused by: com.kms.katalon.core.webui.exception.WebElementNotFoundException: Web element with id: 'Object Repository/Выполнение бизнес-плана/Значения со страницы Выполнение бизнес-плана/План Потери за отчётный период Чувашэнерго' located by '//div[138]/div[2]/div/div/table/tbody/tr[3]/td[7]' not found
	at com.kms.katalon.core.webui.common.WebUiCommonHelper.findWebElement(WebUiCommonHelper.java:1426)
	at com.kms.katalon.core.webui.keyword.internal.WebUIAbstractKeyword.findWebElement(WebUIAbstractKeyword.groovy:27)
	at com.kms.katalon.core.webui.keyword.internal.WebUIAbstractKeyword.findWebElement(WebUIAbstractKeyword.groovy:26)
	at com.kms.katalon.core.webui.keyword.builtin.GetTextKeyword$_getText_closure1.doCall(GetTextKeyword.groovy:78)
	at com.kms.katalon.core.webui.keyword.builtin.GetTextKeyword$_getText_closure1.call(GetTextKeyword.groovy)
	at com.kms.katalon.core.webui.keyword.internal.WebUIKeywordMain.runKeyword(WebUIKeywordMain.groovy:20)
	at com.kms.katalon.core.webui.keyword.builtin.GetTextKeyword.getText(GetTextKeyword.groovy:88)
	at com.kms.katalon.core.webui.keyword.builtin.GetTextKeyword.execute(GetTextKeyword.groovy:67)
	at com.kms.katalon.core.keyword.internal.KeywordExecutor.executeKeywordForPlatform(KeywordExecutor.groovy:74)
	at com.kms.katalon.core.webui.keyword.WebUiBuiltInKeywords.getText(WebUiBuiltInKeywords.groovy:957)
	at Script1718980020443.Numbers(Script1718980020443.groovy:594)
	at Script1718980020443.Filials(Script1718980020443.groovy:1005)
	at Script1718980020443.Numbers(Script1718980020443.groovy:751)
	at Script1718980020443.run(Script1718980020443.groovy:231)
	... 15 more
)

17-03-2025T06:58:59 - [MESSAGE][INFO] - Unable to find the element located by 'By.xpath: //div[138]/div[2]/div/div/table/tbody/tr[3]/td[7]'. Please recheck the objects properties to make sure the desired element is located. 

17-03-2025T06:58:59 - [MESSAGE][FAILED] - Unable to get text of object 'Object Repository/Выполнение бизнес-плана/Значения со страницы Выполнение бизнес-плана/План Потери за отчётный период Чувашэнерго' (Root cause: com.kms.katalon.core.exception.StepFailedException: Unable to get text of object 'Object Repository/Выполнение бизнес-плана/Значения со страницы Выполнение бизнес-плана/План Потери за отчётный период Чувашэнерго'
	at com.kms.katalon.core.webui.keyword.internal.WebUIKeywordMain.stepFailed(WebUIKeywordMain.groovy:64)
	at com.kms.katalon.core.webui.keyword.internal.WebUIKeywordMain.runKeyword(WebUIKeywordMain.groovy:26)
	at com.kms.katalon.core.webui.keyword.builtin.GetTextKeyword.getText(GetTextKeyword.groovy:88)
	at com.kms.katalon.core.webui.keyword.builtin.GetTextKeyword.execute(GetTextKeyword.groovy:67)
	at com.kms.katalon.core.keyword.internal.KeywordExecutor.executeKeywordForPlatform(KeywordExecutor.groovy:74)
	at com.kms.katalon.core.webui.keyword.WebUiBuiltInKeywords.getText(WebUiBuiltInKeywords.groovy:957)
	at Выполнение бизнес-плана Сверка ПАО Россети все филиалы.Numbers(Выполнение бизнес-плана Сверка ПАО Россети все филиалы:594)
	at Выполнение бизнес-плана Сверка ПАО Россети все филиалы.Filials(Выполнение бизнес-плана Сверка ПАО Россети все филиалы:1005)
	at Выполнение бизнес-плана Сверка ПАО Россети все филиалы.Numbers(Выполнение бизнес-плана Сверка ПАО Россети все филиалы:751)
	at Выполнение бизнес-плана Сверка ПАО Россети все филиалы.run(Выполнение бизнес-плана Сверка ПАО Россети все филиалы:231)
	at com.kms.katalon.core.main.ScriptEngine.run(ScriptEngine.java:194)
	at com.kms.katalon.core.main.ScriptEngine.runScriptAsRawText(ScriptEngine.java:119)
	at com.kms.katalon.core.main.TestCaseExecutor.runScript(TestCaseExecutor.java:448)
	at com.kms.katalon.core.main.TestCaseExecutor.doExecute(TestCaseExecutor.java:439)
	at com.kms.katalon.core.main.TestCaseExecutor.processExecutionPhase(TestCaseExecutor.java:418)
	at com.kms.katalon.core.main.TestCaseExecutor.accessMainPhase(TestCaseExecutor.java:410)
	at com.kms.katalon.core.main.TestCaseExecutor.execute(TestCaseExecutor.java:285)
	at com.kms.katalon.core.common.CommonExecutor.accessTestCaseMainPhase(CommonExecutor.java:65)
	at com.kms.katalon.core.main.TestSuiteExecutor.accessTestSuiteMainPhase(TestSuiteExecutor.java:150)
	at com.kms.katalon.core.main.TestSuiteExecutor.execute(TestSuiteExecutor.java:106)
	at com.kms.katalon.core.main.TestCaseMain.startTestSuite(TestCaseMain.java:180)
	at TempTestSuite1742171011514.run(TempTestSuite1742171011514.groovy:35)
	at java.base/jdk.internal.reflect.NativeMethodAccessorImpl.invoke0(Native Method)
	at java.base/jdk.internal.reflect.NativeMethodAccessorImpl.invoke(NativeMethodAccessorImpl.java:77)
	at java.base/jdk.internal.reflect.DelegatingMethodAccessorImpl.invoke(DelegatingMethodAccessorImpl.java:43)
Caused by: com.kms.katalon.core.webui.exception.WebElementNotFoundException: Web element with id: 'Object Repository/Выполнение бизнес-плана/Значения со страницы Выполнение бизнес-плана/План Потери за отчётный период Чувашэнерго' located by '//div[138]/div[2]/div/div/table/tbody/tr[3]/td[7]' not found
	at com.kms.katalon.core.webui.common.WebUiCommonHelper.findWebElement(WebUiCommonHelper.java:1426)
	at com.kms.katalon.core.webui.keyword.internal.WebUIAbstractKeyword.findWebElement(WebUIAbstractKeyword.groovy:27)
	at com.kms.katalon.core.webui.keyword.internal.WebUIAbstractKeyword.findWebElement(WebUIAbstractKeyword.groovy:26)
	at com.kms.katalon.core.webui.keyword.builtin.GetTextKeyword$_getText_closure1.doCall(GetTextKeyword.groovy:78)
	at com.kms.katalon.core.webui.keyword.builtin.GetTextKeyword$_getText_closure1.call(GetTextKeyword.groovy)
	at com.kms.katalon.core.webui.keyword.internal.WebUIKeywordMain.runKeyword(WebUIKeywordMain.groovy:20)
	at com.kms.katalon.core.webui.keyword.builtin.GetTextKeyword.getText(GetTextKeyword.groovy:88)
	at com.kms.katalon.core.webui.keyword.builtin.GetTextKeyword.execute(GetTextKeyword.groovy:67)
	at com.kms.katalon.core.keyword.internal.KeywordExecutor.executeKeywordForPlatform(KeywordExecutor.groovy:74)
	at com.kms.katalon.core.webui.keyword.WebUiBuiltInKeywords.getText(WebUiBuiltInKeywords.groovy:957)
	at Script1718980020443.Numbers(Script1718980020443.groovy:594)
	at Script1718980020443.Filials(Script1718980020443.groovy:1005)
	at Script1718980020443.Numbers(Script1718980020443.groovy:751)
	at Script1718980020443.run(Script1718980020443.groovy:231)
	... 15 more
)
[[ATTACHMENT|C:\\Users\\LIAZGINA-DI\\git\\SPORU\\Reports\\20250317_032331\\\u041F\u043D-\u0421\u0440-\u041F\u0442\\\u0421\u0432\u0435\u0440\u043A\u0430 \u0434\u0430\u0448\u0431\u043E\u0440\u0434\u043E\u0432 \u0438\u0437 \u0440\u0430\u0437\u043D\u044B\u0445 \u0431\u043B\u043E\u043A\u043E\u0432\\20250317_032331\\1742183939784.png]]

17-03-2025T06:58:59 - [TEST_STEP][PASSED] - if (page == "" || page == null): null

17-03-2025T06:58:59 - [TEST_STEP][PASSED] - fileInt = poteri.toInteger(): null

17-03-2025T06:58:59 - [TEST_STEP][PASSED] - Script1718980020443.WriteToExcelNoData(a, typeOfData, todaysDate, fileInt, fileDouble, dZO): null

17-03-2025T06:58:59 - [TEST_STEP][PASSED] - sheetName = "Sheet1": null

17-03-2025T06:58:59 - [TEST_STEP][PASSED] - data = findTestData("PlanFact"): null

17-03-2025T06:58:59 - [TEST_STEP][PASSED] - n = data.getRowNumbers() + 1: null

17-03-2025T06:58:59 - [TEST_STEP][PASSED] - day = ")).toInteger(): null

17-03-2025T06:58:59 - [TEST_STEP][PASSED] - println(day): null

17-03-2025T06:58:59 - [TEST_STEP][PASSED] - month = ")).toInteger(): null

17-03-2025T06:58:59 - [TEST_STEP][PASSED] - println(month): null

17-03-2025T06:58:59 - [TEST_STEP][PASSED] - y = <not implemented yet for class: org.codehaus.groovy.ast.expr.EmptyExpression>: null

17-03-2025T06:58:59 - [TEST_STEP][PASSED] - iy = <not implemented yet for class: org.codehaus.groovy.ast.expr.EmptyExpression>: null

17-03-2025T06:58:59 - [TEST_STEP][PASSED] - m = getText(findTestObject("Выполнение бизнес-плана/Период")): Text of object 'Object Repository/Выполнение бизнес-плана/Период' is: 'Январь 2025 года'

17-03-2025T06:59:00 - [MESSAGE][PASSED] - Text of object 'Object Repository/Выполнение бизнес-плана/Период' is: 'Январь 2025 года'

17-03-2025T06:59:00 - [TEST_STEP][PASSED] - iy = m.indexOf("20"): null

17-03-2025T06:59:00 - [TEST_STEP][PASSED] - if (iy > -1): null

17-03-2025T06:59:00 - [TEST_STEP][PASSED] - y = substring(iy, iy + 4).toInteger(): null

17-03-2025T06:59:00 - [TEST_STEP][PASSED] - println(y): null

17-03-2025T06:59:00 - [TEST_STEP][PASSED] - if (toString().length() == 4): null

17-03-2025T06:59:00 - [TEST_STEP][PASSED] - m = m.substring(0, m.indexOf(y.toString())): null

17-03-2025T06:59:00 - [TEST_STEP][PASSED] - m = m.trim(): null

17-03-2025T06:59:00 - [TEST_STEP][PASSED] - if (m == ""): null

17-03-2025T06:59:00 - [TEST_STEP][PASSED] - dashboardName = "Выполнение бизнес-плана": null

17-03-2025T06:59:00 - [TEST_STEP][PASSED] - workbook01 = getWorkbook(excelFilePath): null

17-03-2025T06:59:00 - [TEST_STEP][PASSED] - sheet01 = getExcelSheet(workbook01, sheetName): null

17-03-2025T06:59:00 - [TEST_STEP][PASSED] - setValueToCellByIndex(sheet01, n, 0, dashboardName): null

17-03-2025T06:59:00 - [TEST_STEP][PASSED] - setValueToCellByIndex(sheet01, n, 1, dZO): null

17-03-2025T06:59:00 - [TEST_STEP][PASSED] - setValueToCellByIndex(sheet01, n, 2, typeOfData): null

17-03-2025T06:59:00 - [TEST_STEP][PASSED] - if (typeOfData == "Факт в процентах" || typeOfData == "План в процентах"): null

17-03-2025T06:59:00 - [TEST_STEP][PASSED] - else: null

17-03-2025T06:59:00 - [TEST_STEP][PASSED] - setValueToCellByIndex(sheet01, n, 3, fileInt): null

17-03-2025T06:59:00 - [TEST_STEP][PASSED] - setValueToCellByIndex(sheet01, n, 4, "нет данных"): null

17-03-2025T06:59:00 - [TEST_STEP][PASSED] - setValueToCellByIndex(sheet01, n, 5, m): null

17-03-2025T06:59:00 - [TEST_STEP][PASSED] - setValueToCellByIndex(sheet01, n, 6, y): null

17-03-2025T06:59:00 - [TEST_STEP][PASSED] - setValueToCellByIndex(sheet01, n, 7, todaysDate): null

17-03-2025T06:59:00 - [TEST_STEP][PASSED] - n = n + 1: null

17-03-2025T06:59:00 - [TEST_STEP][PASSED] - saveWorkbook(excelFilePath, workbook01): Object: 'Object Repository/Выполнение бизнес-плана/Кнопка Факт' is clicked on

17-03-2025T06:59:00 - [TEST_STEP][PASSED] - compare = pageOtpuskVSet: null

17-03-2025T06:59:00 - [TEST_STEP][PASSED] - if (pageOtpuskVSet != null): null

17-03-2025T06:59:00 - [TEST_STEP][PASSED] - if (compare == fileOtpuskVSet): null

17-03-2025T06:59:00 - [TEST_STEP][PASSED] - if (compare == fileOtpuskVSet): null

17-03-2025T06:59:00 - [TEST_STEP][PASSED] - compare = pagePoteri: null

17-03-2025T06:59:00 - [TEST_STEP][PASSED] - if (pageOtpuskVSet != null): null

17-03-2025T06:59:00 - [TEST_STEP][PASSED] - if (compare == filePoteri): null

17-03-2025T06:59:00 - [TEST_STEP][PASSED] - if (compare == filePoteri): null

17-03-2025T06:59:00 - [TEST_STEP][PASSED] - if (planFact == 2): Object: 'Object Repository/Выполнение бизнес-плана/Кнопка Факт' is clicked on

17-03-2025T06:59:00 - [TEST_STEP][PASSED] - click(findTestObject("Выполнение бизнес-плана/Кнопка Факт")): Object: 'Object Repository/Выполнение бизнес-плана/Кнопка Факт' is clicked on

17-03-2025T06:59:00 - [MESSAGE][PASSED] - Object: 'Object Repository/Выполнение бизнес-плана/Кнопка Факт' is clicked on

17-03-2025T06:59:00 - [TEST_STEP][PASSED] - println("a=" + a): null

17-03-2025T06:59:00 - [TEST_STEP][PASSED] - if (a == 84 || a == 82): null

17-03-2025T06:59:00 - [TEST_STEP][PASSED] - else if (a == 83 || a == 52 || a == 72 || a == 28 || a == 73 || a == 77 || a == 74 || a == 65 || a == 36 || a == 44 || a == 53 || a == 80 || a == 54 || a == 1 || a == 18 || a == 59 || a == 81): null

17-03-2025T06:59:00 - [TEST_STEP][PASSED] - else: null

17-03-2025T06:59:00 - [TEST_STEP][PASSED] - page1 = getText(findTestObject("Object Repository/Выполнение бизнес-плана/spanPlan" + filialNum)): Text of object 'Object Repository/Выполнение бизнес-плана/spanPlan5' is: '8.75
|'

17-03-2025T06:59:01 - [MESSAGE][PASSED] - Text of object 'Object Repository/Выполнение бизнес-плана/spanPlan5' is: '8.75
|'

17-03-2025T06:59:01 - [TEST_STEP][PASSED] - page1 = page1.replace("|", ""): null

17-03-2025T06:59:01 - [TEST_STEP][PASSED] - page2 = getText(findTestObject("Object Repository/Выполнение бизнес-плана/spanFact" + filialNum)): Text of object 'Object Repository/Выполнение бизнес-плана/spanFact5' is: '6.78
|'

17-03-2025T06:59:01 - [MESSAGE][PASSED] - Text of object 'Object Repository/Выполнение бизнес-плана/spanFact5' is: '6.78
|'

17-03-2025T06:59:01 - [TEST_STEP][PASSED] - page2 = page2.replace("|", ""): null

17-03-2025T06:59:01 - [TEST_STEP][PASSED] - println("page1: " + page1): null

17-03-2025T06:59:01 - [TEST_STEP][PASSED] - println("page2: " + page2): null

17-03-2025T06:59:01 - [TEST_STEP][PASSED] - file = findTestData("PlanFact").getValue(4, a): null

17-03-2025T06:59:01 - [TEST_STEP][PASSED] - file = file.replace(",", "."): null

17-03-2025T06:59:01 - [TEST_STEP][PASSED] - println("file Plan: " + file): null

17-03-2025T06:59:01 - [TEST_STEP][PASSED] - typeOfData = "План в процентах": null

17-03-2025T06:59:01 - [TEST_STEP][PASSED] - fileDouble = file.toDouble(): null

17-03-2025T06:59:01 - [TEST_STEP][PASSED] - pageDouble = page1.toDouble(): null

17-03-2025T06:59:01 - [TEST_STEP][PASSED] - if (fileDouble != pageDouble): null

17-03-2025T06:59:01 - [TEST_STEP][PASSED] - numberOfErrors = numberOfErrors + 1: null

17-03-2025T06:59:01 - [TEST_STEP][PASSED] - Script1718980020443.WriteToExcel(a, typeOfData, todaysDate, pageInt, fileInt, pageDouble, fileDouble, dZO): null

17-03-2025T06:59:01 - [TEST_STEP][PASSED] - sheetName = "Sheet1": null

17-03-2025T06:59:01 - [TEST_STEP][PASSED] - data = findTestData("PlanFact"): null

17-03-2025T06:59:01 - [TEST_STEP][PASSED] - n = data.getRowNumbers() + 1: null

17-03-2025T06:59:01 - [TEST_STEP][PASSED] - day = ")).toInteger(): null

17-03-2025T06:59:01 - [TEST_STEP][PASSED] - println(day): null

17-03-2025T06:59:01 - [TEST_STEP][PASSED] - month = ")).toInteger(): null

17-03-2025T06:59:01 - [TEST_STEP][PASSED] - println(month): null

17-03-2025T06:59:01 - [TEST_STEP][PASSED] - y = <not implemented yet for class: org.codehaus.groovy.ast.expr.EmptyExpression>: null

17-03-2025T06:59:01 - [TEST_STEP][PASSED] - iy = <not implemented yet for class: org.codehaus.groovy.ast.expr.EmptyExpression>: null

17-03-2025T06:59:01 - [TEST_STEP][PASSED] - m = getText(findTestObject("Выполнение бизнес-плана/Период")): Text of object 'Object Repository/Выполнение бизнес-плана/Период' is: 'Январь 2025 года'

17-03-2025T06:59:01 - [MESSAGE][PASSED] - Text of object 'Object Repository/Выполнение бизнес-плана/Период' is: 'Январь 2025 года'

17-03-2025T06:59:01 - [TEST_STEP][PASSED] - iy = m.indexOf("20"): null

17-03-2025T06:59:01 - [TEST_STEP][PASSED] - if (iy > -1): null

17-03-2025T06:59:01 - [TEST_STEP][PASSED] - y = substring(iy, iy + 4).toInteger(): null

17-03-2025T06:59:01 - [TEST_STEP][PASSED] - println(y): null

17-03-2025T06:59:01 - [TEST_STEP][PASSED] - if (toString().length() == 4): null

17-03-2025T06:59:01 - [TEST_STEP][PASSED] - m = m.substring(0, m.indexOf(y.toString())): null

17-03-2025T06:59:01 - [TEST_STEP][PASSED] - m = m.trim(): null

17-03-2025T06:59:01 - [TEST_STEP][PASSED] - if (m == ""): null

17-03-2025T06:59:01 - [TEST_STEP][PASSED] - dashboardName = "Выполнение бизнес-плана": null

17-03-2025T06:59:01 - [TEST_STEP][PASSED] - workbook01 = getWorkbook(excelFilePath): null

17-03-2025T06:59:01 - [TEST_STEP][PASSED] - sheet01 = getExcelSheet(workbook01, sheetName): null

17-03-2025T06:59:01 - [TEST_STEP][PASSED] - setValueToCellByIndex(sheet01, n, 0, dashboardName): null

17-03-2025T06:59:01 - [TEST_STEP][PASSED] - setValueToCellByIndex(sheet01, n, 1, dZO): null

17-03-2025T06:59:01 - [TEST_STEP][PASSED] - setValueToCellByIndex(sheet01, n, 2, typeOfData): null

17-03-2025T06:59:01 - [TEST_STEP][PASSED] - if (typeOfData == "Факт в процентах" || typeOfData == "План в процентах"): null

17-03-2025T06:59:01 - [TEST_STEP][PASSED] - setValueToCellByIndex(sheet01, n, 3, fileDouble): null

17-03-2025T06:59:01 - [TEST_STEP][PASSED] - setValueToCellByIndex(sheet01, n, 4, pageDouble): null

17-03-2025T06:59:01 - [TEST_STEP][PASSED] - setValueToCellByIndex(sheet01, n, 5, m): null

17-03-2025T06:59:01 - [TEST_STEP][PASSED] - setValueToCellByIndex(sheet01, n, 6, y): null

17-03-2025T06:59:01 - [TEST_STEP][PASSED] - setValueToCellByIndex(sheet01, n, 7, todaysDate): null

17-03-2025T06:59:01 - [TEST_STEP][PASSED] - n = n + 1: null

17-03-2025T06:59:01 - [TEST_STEP][PASSED] - saveWorkbook(excelFilePath, workbook01): null

17-03-2025T06:59:02 - [TEST_STEP][PASSED] - file = findTestData("PlanFact").getValue(7, a): null

17-03-2025T06:59:02 - [TEST_STEP][PASSED] - file = file.replace(",", "."): null

17-03-2025T06:59:02 - [TEST_STEP][PASSED] - println("file Fact: " + file): null

17-03-2025T06:59:02 - [TEST_STEP][PASSED] - fileDouble = file.toDouble(): null

17-03-2025T06:59:02 - [TEST_STEP][PASSED] - typeOfData = "Факт в процентах": null

17-03-2025T06:59:02 - [TEST_STEP][PASSED] - fileDouble = file.toDouble(): null

17-03-2025T06:59:02 - [TEST_STEP][PASSED] - pageDouble = page2.toDouble(): null

17-03-2025T06:59:02 - [TEST_STEP][PASSED] - if (fileDouble != pageDouble): null

17-03-2025T06:59:02 - [TEST_STEP][PASSED] - numberOfErrors = numberOfErrors + 1: null

17-03-2025T06:59:02 - [TEST_STEP][PASSED] - Script1718980020443.WriteToExcel(a, typeOfData, todaysDate, pageInt, fileInt, pageDouble, fileDouble, dZO): null

17-03-2025T06:59:02 - [TEST_STEP][PASSED] - sheetName = "Sheet1": null

17-03-2025T06:59:02 - [TEST_STEP][PASSED] - data = findTestData("PlanFact"): null

17-03-2025T06:59:02 - [TEST_STEP][PASSED] - n = data.getRowNumbers() + 1: null

17-03-2025T06:59:02 - [TEST_STEP][PASSED] - day = ")).toInteger(): null

17-03-2025T06:59:02 - [TEST_STEP][PASSED] - println(day): null

17-03-2025T06:59:02 - [TEST_STEP][PASSED] - month = ")).toInteger(): null

17-03-2025T06:59:02 - [TEST_STEP][PASSED] - println(month): null

17-03-2025T06:59:02 - [TEST_STEP][PASSED] - y = <not implemented yet for class: org.codehaus.groovy.ast.expr.EmptyExpression>: null

17-03-2025T06:59:02 - [TEST_STEP][PASSED] - iy = <not implemented yet for class: org.codehaus.groovy.ast.expr.EmptyExpression>: null

17-03-2025T06:59:02 - [TEST_STEP][PASSED] - m = getText(findTestObject("Выполнение бизнес-плана/Период")): Text of object 'Object Repository/Выполнение бизнес-плана/Период' is: 'Январь 2025 года'

17-03-2025T06:59:02 - [MESSAGE][PASSED] - Text of object 'Object Repository/Выполнение бизнес-плана/Период' is: 'Январь 2025 года'

17-03-2025T06:59:02 - [TEST_STEP][PASSED] - iy = m.indexOf("20"): null

17-03-2025T06:59:02 - [TEST_STEP][PASSED] - if (iy > -1): null

17-03-2025T06:59:02 - [TEST_STEP][PASSED] - y = substring(iy, iy + 4).toInteger(): null

17-03-2025T06:59:02 - [TEST_STEP][PASSED] - println(y): null

17-03-2025T06:59:02 - [TEST_STEP][PASSED] - if (toString().length() == 4): null

17-03-2025T06:59:02 - [TEST_STEP][PASSED] - m = m.substring(0, m.indexOf(y.toString())): null

17-03-2025T06:59:02 - [TEST_STEP][PASSED] - m = m.trim(): null

17-03-2025T06:59:02 - [TEST_STEP][PASSED] - if (m == ""): null

17-03-2025T06:59:02 - [TEST_STEP][PASSED] - dashboardName = "Выполнение бизнес-плана": null

17-03-2025T06:59:02 - [TEST_STEP][PASSED] - workbook01 = getWorkbook(excelFilePath): null

17-03-2025T06:59:02 - [TEST_STEP][PASSED] - sheet01 = getExcelSheet(workbook01, sheetName): null

17-03-2025T06:59:02 - [TEST_STEP][PASSED] - setValueToCellByIndex(sheet01, n, 0, dashboardName): null

17-03-2025T06:59:02 - [TEST_STEP][PASSED] - setValueToCellByIndex(sheet01, n, 1, dZO): null

17-03-2025T06:59:02 - [TEST_STEP][PASSED] - setValueToCellByIndex(sheet01, n, 2, typeOfData): null

17-03-2025T06:59:02 - [TEST_STEP][PASSED] - if (typeOfData == "Факт в процентах" || typeOfData == "План в процентах"): null

17-03-2025T06:59:02 - [TEST_STEP][PASSED] - setValueToCellByIndex(sheet01, n, 3, fileDouble): null

17-03-2025T06:59:02 - [TEST_STEP][PASSED] - setValueToCellByIndex(sheet01, n, 4, pageDouble): null

17-03-2025T06:59:02 - [TEST_STEP][PASSED] - setValueToCellByIndex(sheet01, n, 5, m): null

17-03-2025T06:59:02 - [TEST_STEP][PASSED] - setValueToCellByIndex(sheet01, n, 6, y): null

17-03-2025T06:59:02 - [TEST_STEP][PASSED] - setValueToCellByIndex(sheet01, n, 7, todaysDate): null

17-03-2025T06:59:02 - [TEST_STEP][PASSED] - n = n + 1: null

17-03-2025T06:59:02 - [TEST_STEP][PASSED] - saveWorkbook(excelFilePath, workbook01): null

17-03-2025T06:59:02 - [TEST_STEP][FAILED] - if (verifyEqual(numberOfErrors, 0) == false): null

17-03-2025T06:59:02 - [MESSAGE][FAILED] - Unable to verify equal between actual object '2' and expected object '0' (Root cause: com.kms.katalon.core.exception.StepFailedException: Actual object '2' and expected object '0' are not equal
	at com.kms.katalon.core.keyword.builtin.VerifyEqualKeyword$_verifyEqual_closure1.doCall(VerifyEqualKeyword.groovy:58)
	at com.kms.katalon.core.keyword.builtin.VerifyEqualKeyword$_verifyEqual_closure1.call(VerifyEqualKeyword.groovy)
	at com.kms.katalon.core.keyword.internal.KeywordMain.runKeyword(KeywordMain.groovy:75)
	at com.kms.katalon.core.keyword.builtin.VerifyEqualKeyword.verifyEqual(VerifyEqualKeyword.groovy:63)
	at com.kms.katalon.core.keyword.builtin.VerifyEqualKeyword.execute(VerifyEqualKeyword.groovy:44)
	at com.kms.katalon.core.keyword.internal.KeywordExecutor.executeKeywordForPlatform(KeywordExecutor.groovy:74)
	at com.kms.katalon.core.keyword.BuiltinKeywords.verifyEqual(BuiltinKeywords.groovy:146)
	at jdk.internal.reflect.GeneratedMethodAccessor23.invoke(Unknown Source)
	at java.base/jdk.internal.reflect.DelegatingMethodAccessorImpl.invoke(DelegatingMethodAccessorImpl.java:43)
	at Выполнение бизнес-плана Сверка ПАО Россети все филиалы.Numbers(Выполнение бизнес-плана Сверка ПАО Россети все филиалы:744)
	at Выполнение бизнес-плана Сверка ПАО Россети все филиалы.Filials(Выполнение бизнес-плана Сверка ПАО Россети все филиалы:1005)
	at Выполнение бизнес-плана Сверка ПАО Россети все филиалы.Numbers(Выполнение бизнес-плана Сверка ПАО Россети все филиалы:751)
	at Выполнение бизнес-плана Сверка ПАО Россети все филиалы.run(Выполнение бизнес-плана Сверка ПАО Россети все филиалы:231)
	at com.kms.katalon.core.main.ScriptEngine.run(ScriptEngine.java:194)
	at com.kms.katalon.core.main.ScriptEngine.runScriptAsRawText(ScriptEngine.java:119)
	at com.kms.katalon.core.main.TestCaseExecutor.runScript(TestCaseExecutor.java:448)
	at com.kms.katalon.core.main.TestCaseExecutor.doExecute(TestCaseExecutor.java:439)
	at com.kms.katalon.core.main.TestCaseExecutor.processExecutionPhase(TestCaseExecutor.java:418)
	at com.kms.katalon.core.main.TestCaseExecutor.accessMainPhase(TestCaseExecutor.java:410)
	at com.kms.katalon.core.main.TestCaseExecutor.execute(TestCaseExecutor.java:285)
	at com.kms.katalon.core.common.CommonExecutor.accessTestCaseMainPhase(CommonExecutor.java:65)
	at com.kms.katalon.core.main.TestSuiteExecutor.accessTestSuiteMainPhase(TestSuiteExecutor.java:150)
	at com.kms.katalon.core.main.TestSuiteExecutor.execute(TestSuiteExecutor.java:106)
	at com.kms.katalon.core.main.TestCaseMain.startTestSuite(TestCaseMain.java:180)
	at TempTestSuite1742171011514.run(TempTestSuite1742171011514.groovy:35)
	at java.base/jdk.internal.reflect.NativeMethodAccessorImpl.invoke0(Native Method)
	at java.base/jdk.internal.reflect.NativeMethodAccessorImpl.invoke(NativeMethodAccessorImpl.java:77)
	at java.base/jdk.internal.reflect.DelegatingMethodAccessorImpl.invoke(DelegatingMethodAccessorImpl.java:43)
)

17-03-2025T06:59:02 - [TEST_STEP][PASSED] - println(numberOfErrors): null

17-03-2025T06:59:02 - [TEST_STEP][PASSED] - println("a=" + a): null

17-03-2025T06:59:02 - [TEST_STEP][PASSED] - if (a == 28 || a == 77 || a == 74 || a == 65 || a == 36 || a == 44 || a == 54 || a == 1 || a == 18 || a == 59): null

17-03-2025T06:59:02 - [TEST_STEP][PASSED] - if (a == 82): null

17-03-2025T06:59:02 - [TEST_STEP][PASSED] - filialNum = 0: null

17-03-2025T06:59:02 - [TEST_STEP][PASSED] - if (a == 77): null

17-03-2025T06:59:02 - [TEST_STEP][PASSED] - if (a == 74): null

17-03-2025T06:59:02 - [TEST_STEP][PASSED] - if (a == 65): null

17-03-2025T06:59:02 - [TEST_STEP][PASSED] - if (a == 1): null

17-03-2025T06:59:02 - [TEST_STEP][PASSED] - if (a == 18): null

17-03-2025T06:59:02 - [TEST_STEP][PASSED] - if (a == 36): null

17-03-2025T06:59:02 - [TEST_STEP][PASSED] - if (a == 44): null

17-03-2025T06:59:02 - [TEST_STEP][PASSED] - if (a == 54): null

17-03-2025T06:59:02 - [TEST_STEP][PASSED] - if (a == 59): null

17-03-2025T06:59:02 - [TEST_STEP][PASSED] - Script1718980020443.OpenFilter(): null

17-03-2025T06:59:02 - [TEST_STEP][PASSED] - click(findTestObject("Object Repository/Выполнение бизнес-плана/Фильтр ДЗО")): Object: 'Object Repository/Выполнение бизнес-плана/Фильтр ДЗО' is clicked on

17-03-2025T06:59:03 - [MESSAGE][PASSED] - Object: 'Object Repository/Выполнение бизнес-плана/Фильтр ДЗО' is clicked on

17-03-2025T06:59:03 - [TEST_STEP][PASSED] - click(findTestObject("Выполнение бизнес-плана/Снять выделение в фильтре ДЗО")): Object: 'Object Repository/Выполнение бизнес-плана/Снять выделение в фильтре ДЗО' is clicked on

17-03-2025T06:59:03 - [MESSAGE][PASSED] - Object: 'Object Repository/Выполнение бизнес-плана/Снять выделение в фильтре ДЗО' is clicked on

17-03-2025T06:59:03 - [TEST_STEP][PASSED] - Script1718980020443.CloseFilter(): null

17-03-2025T06:59:03 - [TEST_STEP][PASSED] - scrollToElement(findTestObject("Выполнение бизнес-плана/Заголовок дашборда"), 30): Scroll to object 'Object Repository/Выполнение бизнес-плана/Заголовок дашборда' successfully

17-03-2025T06:59:04 - [MESSAGE][PASSED] - Scroll to object 'Object Repository/Выполнение бизнес-плана/Заголовок дашборда' successfully

17-03-2025T06:59:04 - [TEST_STEP][PASSED] - click(findTestObject("Object Repository/Выполнение бизнес-плана/Применить в фильтре ДЗО")): Object: 'Object Repository/Выполнение бизнес-плана/Применить в фильтре ДЗО' is clicked on

17-03-2025T06:59:05 - [MESSAGE][PASSED] - Object: 'Object Repository/Выполнение бизнес-плана/Применить в фильтре ДЗО' is clicked on

17-03-2025T06:59:05 - [TEST_STEP][PASSED] - delay(60): Delayed 60 second(s)

17-03-2025T07:00:05 - [MESSAGE][PASSED] - Delayed 60 second(s)

17-03-2025T07:00:05 - [TEST_STEP][PASSED] - if (a == 82): null

17-03-2025T07:00:05 - [TEST_STEP][PASSED] - println(dzoNum): null

17-03-2025T07:00:05 - [TEST_STEP][PASSED] - dZO = "Россети Кубань": null

17-03-2025T07:00:05 - [TEST_STEP][PASSED] - a = 73: null

17-03-2025T07:00:05 - [TEST_STEP][PASSED] - if (x1.contains("Кубань")): null

17-03-2025T07:00:05 - [TEST_STEP][PASSED] - else: null

17-03-2025T07:00:05 - [TEST_STEP][PASSED] - Script1718980020443.NoData(a, typeOfData, todaysDate, fileInt, fileDouble, dZO): null

17-03-2025T07:00:05 - [TEST_STEP][PASSED] - println(a): null

17-03-2025T07:00:05 - [TEST_STEP][PASSED] - println(todaysDate): null

17-03-2025T07:00:05 - [TEST_STEP][PASSED] - println(fileInt): null

17-03-2025T07:00:05 - [TEST_STEP][PASSED] - println(fileDouble): null

17-03-2025T07:00:05 - [TEST_STEP][PASSED] - println(dZO): null

17-03-2025T07:00:05 - [TEST_STEP][PASSED] - typeOfData = "Факт Отпуск в сеть": null

17-03-2025T07:00:05 - [TEST_STEP][PASSED] - fileInt = replaceAll("\s+", "").toInteger(): null

17-03-2025T07:00:05 - [TEST_STEP][PASSED] - Script1718980020443.WriteToExcelNoData(a, typeOfData, todaysDate, fileInt, fileDouble, dZO): null

17-03-2025T07:00:05 - [TEST_STEP][PASSED] - sheetName = "Sheet1": null

17-03-2025T07:00:05 - [TEST_STEP][PASSED] - data = findTestData("PlanFact"): null

17-03-2025T07:00:05 - [TEST_STEP][PASSED] - n = data.getRowNumbers() + 1: null

17-03-2025T07:00:05 - [TEST_STEP][PASSED] - day = ")).toInteger(): null

17-03-2025T07:00:05 - [TEST_STEP][PASSED] - println(day): null

17-03-2025T07:00:05 - [TEST_STEP][PASSED] - month = ")).toInteger(): null

17-03-2025T07:00:05 - [TEST_STEP][PASSED] - println(month): null

17-03-2025T07:00:05 - [TEST_STEP][PASSED] - y = <not implemented yet for class: org.codehaus.groovy.ast.expr.EmptyExpression>: null

17-03-2025T07:00:05 - [TEST_STEP][PASSED] - iy = <not implemented yet for class: org.codehaus.groovy.ast.expr.EmptyExpression>: null

17-03-2025T07:00:05 - [TEST_STEP][PASSED] - m = getText(findTestObject("Выполнение бизнес-плана/Период")): Text of object 'Object Repository/Выполнение бизнес-плана/Период' is: 'Январь 2025 года'

17-03-2025T07:00:05 - [MESSAGE][PASSED] - Text of object 'Object Repository/Выполнение бизнес-плана/Период' is: 'Январь 2025 года'

17-03-2025T07:00:05 - [TEST_STEP][PASSED] - iy = m.indexOf("20"): null

17-03-2025T07:00:05 - [TEST_STEP][PASSED] - if (iy > -1): null

17-03-2025T07:00:05 - [TEST_STEP][PASSED] - y = substring(iy, iy + 4).toInteger(): null

17-03-2025T07:00:05 - [TEST_STEP][PASSED] - println(y): null

17-03-2025T07:00:05 - [TEST_STEP][PASSED] - if (toString().length() == 4): null

17-03-2025T07:00:05 - [TEST_STEP][PASSED] - m = m.substring(0, m.indexOf(y.toString())): null

17-03-2025T07:00:05 - [TEST_STEP][PASSED] - m = m.trim(): null

17-03-2025T07:00:05 - [TEST_STEP][PASSED] - if (m == ""): null

17-03-2025T07:00:05 - [TEST_STEP][PASSED] - dashboardName = "Выполнение бизнес-плана": null

17-03-2025T07:00:05 - [TEST_STEP][PASSED] - workbook01 = getWorkbook(excelFilePath): null

17-03-2025T07:00:05 - [TEST_STEP][PASSED] - sheet01 = getExcelSheet(workbook01, sheetName): null

17-03-2025T07:00:05 - [TEST_STEP][PASSED] - setValueToCellByIndex(sheet01, n, 0, dashboardName): null

17-03-2025T07:00:05 - [TEST_STEP][PASSED] - setValueToCellByIndex(sheet01, n, 1, dZO): null

17-03-2025T07:00:05 - [TEST_STEP][PASSED] - setValueToCellByIndex(sheet01, n, 2, typeOfData): null

17-03-2025T07:00:05 - [TEST_STEP][PASSED] - if (typeOfData == "Факт в процентах" || typeOfData == "План в процентах"): null

17-03-2025T07:00:05 - [TEST_STEP][PASSED] - else: null

17-03-2025T07:00:05 - [TEST_STEP][PASSED] - setValueToCellByIndex(sheet01, n, 3, fileInt): null

17-03-2025T07:00:05 - [TEST_STEP][PASSED] - setValueToCellByIndex(sheet01, n, 4, "нет данных"): null

17-03-2025T07:00:05 - [TEST_STEP][PASSED] - setValueToCellByIndex(sheet01, n, 5, m): null

17-03-2025T07:00:05 - [TEST_STEP][PASSED] - setValueToCellByIndex(sheet01, n, 6, y): null

17-03-2025T07:00:05 - [TEST_STEP][PASSED] - setValueToCellByIndex(sheet01, n, 7, todaysDate): null

17-03-2025T07:00:05 - [TEST_STEP][PASSED] - n = n + 1: null

17-03-2025T07:00:05 - [TEST_STEP][PASSED] - saveWorkbook(excelFilePath, workbook01): null

17-03-2025T07:00:05 - [TEST_STEP][PASSED] - typeOfData = "Факт Потери": null

17-03-2025T07:00:05 - [TEST_STEP][PASSED] - fileInt = replaceAll("\s+", "").toInteger(): null

17-03-2025T07:00:05 - [TEST_STEP][PASSED] - Script1718980020443.WriteToExcelNoData(a, typeOfData, todaysDate, fileInt, fileDouble, dZO): null

17-03-2025T07:00:05 - [TEST_STEP][PASSED] - sheetName = "Sheet1": null

17-03-2025T07:00:05 - [TEST_STEP][PASSED] - data = findTestData("PlanFact"): null

17-03-2025T07:00:06 - [TEST_STEP][PASSED] - n = data.getRowNumbers() + 1: null

17-03-2025T07:00:06 - [TEST_STEP][PASSED] - day = ")).toInteger(): null

17-03-2025T07:00:06 - [TEST_STEP][PASSED] - println(day): null

17-03-2025T07:00:06 - [TEST_STEP][PASSED] - month = ")).toInteger(): null

17-03-2025T07:00:06 - [TEST_STEP][PASSED] - println(month): null

17-03-2025T07:00:06 - [TEST_STEP][PASSED] - y = <not implemented yet for class: org.codehaus.groovy.ast.expr.EmptyExpression>: null

17-03-2025T07:00:06 - [TEST_STEP][PASSED] - iy = <not implemented yet for class: org.codehaus.groovy.ast.expr.EmptyExpression>: null

17-03-2025T07:00:06 - [TEST_STEP][PASSED] - m = getText(findTestObject("Выполнение бизнес-плана/Период")): Text of object 'Object Repository/Выполнение бизнес-плана/Период' is: 'Январь 2025 года'

17-03-2025T07:00:06 - [MESSAGE][PASSED] - Text of object 'Object Repository/Выполнение бизнес-плана/Период' is: 'Январь 2025 года'

17-03-2025T07:00:06 - [TEST_STEP][PASSED] - iy = m.indexOf("20"): null

17-03-2025T07:00:06 - [TEST_STEP][PASSED] - if (iy > -1): null

17-03-2025T07:00:06 - [TEST_STEP][PASSED] - y = substring(iy, iy + 4).toInteger(): null

17-03-2025T07:00:06 - [TEST_STEP][PASSED] - println(y): null

17-03-2025T07:00:06 - [TEST_STEP][PASSED] - if (toString().length() == 4): null

17-03-2025T07:00:06 - [TEST_STEP][PASSED] - m = m.substring(0, m.indexOf(y.toString())): null

17-03-2025T07:00:06 - [TEST_STEP][PASSED] - m = m.trim(): null

17-03-2025T07:00:06 - [TEST_STEP][PASSED] - if (m == ""): null

17-03-2025T07:00:06 - [TEST_STEP][PASSED] - dashboardName = "Выполнение бизнес-плана": null

17-03-2025T07:00:06 - [TEST_STEP][PASSED] - workbook01 = getWorkbook(excelFilePath): null

17-03-2025T07:00:06 - [TEST_STEP][PASSED] - sheet01 = getExcelSheet(workbook01, sheetName): null

17-03-2025T07:00:06 - [TEST_STEP][PASSED] - setValueToCellByIndex(sheet01, n, 0, dashboardName): null

17-03-2025T07:00:06 - [TEST_STEP][PASSED] - setValueToCellByIndex(sheet01, n, 1, dZO): null

17-03-2025T07:00:06 - [TEST_STEP][PASSED] - setValueToCellByIndex(sheet01, n, 2, typeOfData): null

17-03-2025T07:00:06 - [TEST_STEP][PASSED] - if (typeOfData == "Факт в процентах" || typeOfData == "План в процентах"): null

17-03-2025T07:00:06 - [TEST_STEP][PASSED] - else: null

17-03-2025T07:00:06 - [TEST_STEP][PASSED] - setValueToCellByIndex(sheet01, n, 3, fileInt): null

17-03-2025T07:00:06 - [TEST_STEP][PASSED] - setValueToCellByIndex(sheet01, n, 4, "нет данных"): null

17-03-2025T07:00:06 - [TEST_STEP][PASSED] - setValueToCellByIndex(sheet01, n, 5, m): null

17-03-2025T07:00:06 - [TEST_STEP][PASSED] - setValueToCellByIndex(sheet01, n, 6, y): null

17-03-2025T07:00:06 - [TEST_STEP][PASSED] - setValueToCellByIndex(sheet01, n, 7, todaysDate): null

17-03-2025T07:00:06 - [TEST_STEP][PASSED] - n = n + 1: null

17-03-2025T07:00:06 - [TEST_STEP][PASSED] - saveWorkbook(excelFilePath, workbook01): null

17-03-2025T07:00:06 - [TEST_STEP][PASSED] - typeOfData = "План Отпуск в сеть": null

17-03-2025T07:00:06 - [TEST_STEP][PASSED] - fileInt = replaceAll("\s+", "").toInteger(): null

17-03-2025T07:00:06 - [TEST_STEP][PASSED] - Script1718980020443.WriteToExcelNoData(a, typeOfData, todaysDate, fileInt, fileDouble, dZO): null

17-03-2025T07:00:06 - [TEST_STEP][PASSED] - sheetName = "Sheet1": null

17-03-2025T07:00:06 - [TEST_STEP][PASSED] - data = findTestData("PlanFact"): null

17-03-2025T07:00:06 - [TEST_STEP][PASSED] - n = data.getRowNumbers() + 1: null

17-03-2025T07:00:06 - [TEST_STEP][PASSED] - day = ")).toInteger(): null

17-03-2025T07:00:06 - [TEST_STEP][PASSED] - println(day): null

17-03-2025T07:00:06 - [TEST_STEP][PASSED] - month = ")).toInteger(): null

17-03-2025T07:00:06 - [TEST_STEP][PASSED] - println(month): null

17-03-2025T07:00:06 - [TEST_STEP][PASSED] - y = <not implemented yet for class: org.codehaus.groovy.ast.expr.EmptyExpression>: null

17-03-2025T07:00:06 - [TEST_STEP][PASSED] - iy = <not implemented yet for class: org.codehaus.groovy.ast.expr.EmptyExpression>: null

17-03-2025T07:00:06 - [TEST_STEP][PASSED] - m = getText(findTestObject("Выполнение бизнес-плана/Период")): Text of object 'Object Repository/Выполнение бизнес-плана/Период' is: 'Январь 2025 года'

17-03-2025T07:00:06 - [MESSAGE][PASSED] - Text of object 'Object Repository/Выполнение бизнес-плана/Период' is: 'Январь 2025 года'

17-03-2025T07:00:06 - [TEST_STEP][PASSED] - iy = m.indexOf("20"): null

17-03-2025T07:00:06 - [TEST_STEP][PASSED] - if (iy > -1): null

17-03-2025T07:00:06 - [TEST_STEP][PASSED] - y = substring(iy, iy + 4).toInteger(): null

17-03-2025T07:00:06 - [TEST_STEP][PASSED] - println(y): null

17-03-2025T07:00:06 - [TEST_STEP][PASSED] - if (toString().length() == 4): null

17-03-2025T07:00:06 - [TEST_STEP][PASSED] - m = m.substring(0, m.indexOf(y.toString())): null

17-03-2025T07:00:06 - [TEST_STEP][PASSED] - m = m.trim(): null

17-03-2025T07:00:06 - [TEST_STEP][PASSED] - if (m == ""): null

17-03-2025T07:00:06 - [TEST_STEP][PASSED] - dashboardName = "Выполнение бизнес-плана": null

17-03-2025T07:00:06 - [TEST_STEP][PASSED] - workbook01 = getWorkbook(excelFilePath): null

17-03-2025T07:00:07 - [TEST_STEP][PASSED] - sheet01 = getExcelSheet(workbook01, sheetName): null

17-03-2025T07:00:07 - [TEST_STEP][PASSED] - setValueToCellByIndex(sheet01, n, 0, dashboardName): null

17-03-2025T07:00:07 - [TEST_STEP][PASSED] - setValueToCellByIndex(sheet01, n, 1, dZO): null

17-03-2025T07:00:07 - [TEST_STEP][PASSED] - setValueToCellByIndex(sheet01, n, 2, typeOfData): null

17-03-2025T07:00:07 - [TEST_STEP][PASSED] - if (typeOfData == "Факт в процентах" || typeOfData == "План в процентах"): null

17-03-2025T07:00:07 - [TEST_STEP][PASSED] - else: null

17-03-2025T07:00:07 - [TEST_STEP][PASSED] - setValueToCellByIndex(sheet01, n, 3, fileInt): null

17-03-2025T07:00:07 - [TEST_STEP][PASSED] - setValueToCellByIndex(sheet01, n, 4, "нет данных"): null

17-03-2025T07:00:07 - [TEST_STEP][PASSED] - setValueToCellByIndex(sheet01, n, 5, m): null

17-03-2025T07:00:07 - [TEST_STEP][PASSED] - setValueToCellByIndex(sheet01, n, 6, y): null

17-03-2025T07:00:07 - [TEST_STEP][PASSED] - setValueToCellByIndex(sheet01, n, 7, todaysDate): null

17-03-2025T07:00:07 - [TEST_STEP][PASSED] - n = n + 1: null

17-03-2025T07:00:07 - [TEST_STEP][PASSED] - saveWorkbook(excelFilePath, workbook01): null

17-03-2025T07:00:07 - [TEST_STEP][PASSED] - typeOfData = "План Потери": null

17-03-2025T07:00:07 - [TEST_STEP][PASSED] - fileInt = replaceAll("\s+", "").toInteger(): null

17-03-2025T07:00:07 - [TEST_STEP][PASSED] - Script1718980020443.WriteToExcelNoData(a, typeOfData, todaysDate, fileInt, fileDouble, dZO): null

17-03-2025T07:00:07 - [TEST_STEP][PASSED] - sheetName = "Sheet1": null

17-03-2025T07:00:07 - [TEST_STEP][PASSED] - data = findTestData("PlanFact"): null

17-03-2025T07:00:07 - [TEST_STEP][PASSED] - n = data.getRowNumbers() + 1: null

17-03-2025T07:00:07 - [TEST_STEP][PASSED] - day = ")).toInteger(): null

17-03-2025T07:00:07 - [TEST_STEP][PASSED] - println(day): null

17-03-2025T07:00:07 - [TEST_STEP][PASSED] - month = ")).toInteger(): null

17-03-2025T07:00:07 - [TEST_STEP][PASSED] - println(month): null

17-03-2025T07:00:07 - [TEST_STEP][PASSED] - y = <not implemented yet for class: org.codehaus.groovy.ast.expr.EmptyExpression>: null

17-03-2025T07:00:07 - [TEST_STEP][PASSED] - iy = <not implemented yet for class: org.codehaus.groovy.ast.expr.EmptyExpression>: null

17-03-2025T07:00:07 - [TEST_STEP][PASSED] - m = getText(findTestObject("Выполнение бизнес-плана/Период")): Text of object 'Object Repository/Выполнение бизнес-плана/Период' is: 'Январь 2025 года'

17-03-2025T07:00:07 - [MESSAGE][PASSED] - Text of object 'Object Repository/Выполнение бизнес-плана/Период' is: 'Январь 2025 года'

17-03-2025T07:00:07 - [TEST_STEP][PASSED] - iy = m.indexOf("20"): null

17-03-2025T07:00:07 - [TEST_STEP][PASSED] - if (iy > -1): null

17-03-2025T07:00:07 - [TEST_STEP][PASSED] - y = substring(iy, iy + 4).toInteger(): null

17-03-2025T07:00:07 - [TEST_STEP][PASSED] - println(y): null

17-03-2025T07:00:07 - [TEST_STEP][PASSED] - if (toString().length() == 4): null

17-03-2025T07:00:07 - [TEST_STEP][PASSED] - m = m.substring(0, m.indexOf(y.toString())): null

17-03-2025T07:00:07 - [TEST_STEP][PASSED] - m = m.trim(): null

17-03-2025T07:00:07 - [TEST_STEP][PASSED] - if (m == ""): null

17-03-2025T07:00:07 - [TEST_STEP][PASSED] - dashboardName = "Выполнение бизнес-плана": null

17-03-2025T07:00:07 - [TEST_STEP][PASSED] - workbook01 = getWorkbook(excelFilePath): null

17-03-2025T07:00:07 - [TEST_STEP][PASSED] - sheet01 = getExcelSheet(workbook01, sheetName): null

17-03-2025T07:00:07 - [TEST_STEP][PASSED] - setValueToCellByIndex(sheet01, n, 0, dashboardName): null

17-03-2025T07:00:07 - [TEST_STEP][PASSED] - setValueToCellByIndex(sheet01, n, 1, dZO): null

17-03-2025T07:00:07 - [TEST_STEP][PASSED] - setValueToCellByIndex(sheet01, n, 2, typeOfData): null

17-03-2025T07:00:07 - [TEST_STEP][PASSED] - if (typeOfData == "Факт в процентах" || typeOfData == "План в процентах"): null

17-03-2025T07:00:07 - [TEST_STEP][PASSED] - else: null

17-03-2025T07:00:07 - [TEST_STEP][PASSED] - setValueToCellByIndex(sheet01, n, 3, fileInt): null

17-03-2025T07:00:07 - [TEST_STEP][PASSED] - setValueToCellByIndex(sheet01, n, 4, "нет данных"): null

17-03-2025T07:00:07 - [TEST_STEP][PASSED] - setValueToCellByIndex(sheet01, n, 5, m): null

17-03-2025T07:00:07 - [TEST_STEP][PASSED] - setValueToCellByIndex(sheet01, n, 6, y): null

17-03-2025T07:00:07 - [TEST_STEP][PASSED] - setValueToCellByIndex(sheet01, n, 7, todaysDate): null

17-03-2025T07:00:07 - [TEST_STEP][PASSED] - n = n + 1: null

17-03-2025T07:00:07 - [TEST_STEP][PASSED] - saveWorkbook(excelFilePath, workbook01): null

17-03-2025T07:00:07 - [TEST_STEP][PASSED] - typeOfData = "План в процентах": null

17-03-2025T07:00:07 - [TEST_STEP][PASSED] - fileDouble = ").toDouble(): null

17-03-2025T07:00:07 - [TEST_STEP][PASSED] - Script1718980020443.WriteToExcelNoData(a, typeOfData, todaysDate, fileInt, fileDouble, dZO): null

17-03-2025T07:00:07 - [TEST_STEP][PASSED] - sheetName = "Sheet1": null

17-03-2025T07:00:07 - [TEST_STEP][PASSED] - data = findTestData("PlanFact"): null

17-03-2025T07:00:07 - [TEST_STEP][PASSED] - n = data.getRowNumbers() + 1: null

17-03-2025T07:00:07 - [TEST_STEP][PASSED] - day = ")).toInteger(): null

17-03-2025T07:00:07 - [TEST_STEP][PASSED] - println(day): null

17-03-2025T07:00:07 - [TEST_STEP][PASSED] - month = ")).toInteger(): null

17-03-2025T07:00:07 - [TEST_STEP][PASSED] - println(month): null

17-03-2025T07:00:07 - [TEST_STEP][PASSED] - y = <not implemented yet for class: org.codehaus.groovy.ast.expr.EmptyExpression>: null

17-03-2025T07:00:07 - [TEST_STEP][PASSED] - iy = <not implemented yet for class: org.codehaus.groovy.ast.expr.EmptyExpression>: null

17-03-2025T07:00:07 - [TEST_STEP][PASSED] - m = getText(findTestObject("Выполнение бизнес-плана/Период")): Text of object 'Object Repository/Выполнение бизнес-плана/Период' is: 'Январь 2025 года'

17-03-2025T07:00:08 - [MESSAGE][PASSED] - Text of object 'Object Repository/Выполнение бизнес-плана/Период' is: 'Январь 2025 года'

17-03-2025T07:00:08 - [TEST_STEP][PASSED] - iy = m.indexOf("20"): null

17-03-2025T07:00:08 - [TEST_STEP][PASSED] - if (iy > -1): null

17-03-2025T07:00:08 - [TEST_STEP][PASSED] - y = substring(iy, iy + 4).toInteger(): null

17-03-2025T07:00:08 - [TEST_STEP][PASSED] - println(y): null

17-03-2025T07:00:08 - [TEST_STEP][PASSED] - if (toString().length() == 4): null

17-03-2025T07:00:08 - [TEST_STEP][PASSED] - m = m.substring(0, m.indexOf(y.toString())): null

17-03-2025T07:00:08 - [TEST_STEP][PASSED] - m = m.trim(): null

17-03-2025T07:00:08 - [TEST_STEP][PASSED] - if (m == ""): null

17-03-2025T07:00:08 - [TEST_STEP][PASSED] - dashboardName = "Выполнение бизнес-плана": null

17-03-2025T07:00:08 - [TEST_STEP][PASSED] - workbook01 = getWorkbook(excelFilePath): null

17-03-2025T07:00:08 - [TEST_STEP][PASSED] - sheet01 = getExcelSheet(workbook01, sheetName): null

17-03-2025T07:00:08 - [TEST_STEP][PASSED] - setValueToCellByIndex(sheet01, n, 0, dashboardName): null

17-03-2025T07:00:08 - [TEST_STEP][PASSED] - setValueToCellByIndex(sheet01, n, 1, dZO): null

17-03-2025T07:00:08 - [TEST_STEP][PASSED] - setValueToCellByIndex(sheet01, n, 2, typeOfData): null

17-03-2025T07:00:08 - [TEST_STEP][PASSED] - if (typeOfData == "Факт в процентах" || typeOfData == "План в процентах"): null

17-03-2025T07:00:08 - [TEST_STEP][PASSED] - setValueToCellByIndex(sheet01, n, 3, fileDouble): null

17-03-2025T07:00:08 - [TEST_STEP][PASSED] - setValueToCellByIndex(sheet01, n, 4, "нет данных"): null

17-03-2025T07:00:08 - [TEST_STEP][PASSED] - setValueToCellByIndex(sheet01, n, 5, m): null

17-03-2025T07:00:08 - [TEST_STEP][PASSED] - setValueToCellByIndex(sheet01, n, 6, y): null

17-03-2025T07:00:08 - [TEST_STEP][PASSED] - setValueToCellByIndex(sheet01, n, 7, todaysDate): null

17-03-2025T07:00:08 - [TEST_STEP][PASSED] - n = n + 1: null

17-03-2025T07:00:08 - [TEST_STEP][PASSED] - saveWorkbook(excelFilePath, workbook01): null

17-03-2025T07:00:08 - [TEST_STEP][PASSED] - typeOfData = "Факт в процентах": null

17-03-2025T07:00:08 - [TEST_STEP][PASSED] - fileDouble = ").toDouble(): null

17-03-2025T07:00:08 - [TEST_STEP][PASSED] - Script1718980020443.WriteToExcelNoData(a, typeOfData, todaysDate, fileInt, fileDouble, dZO): null

17-03-2025T07:00:08 - [TEST_STEP][PASSED] - sheetName = "Sheet1": null

17-03-2025T07:00:08 - [TEST_STEP][PASSED] - data = findTestData("PlanFact"): null

17-03-2025T07:00:08 - [TEST_STEP][PASSED] - n = data.getRowNumbers() + 1: null

17-03-2025T07:00:08 - [TEST_STEP][PASSED] - day = ")).toInteger(): null

17-03-2025T07:00:08 - [TEST_STEP][PASSED] - println(day): null

17-03-2025T07:00:08 - [TEST_STEP][PASSED] - month = ")).toInteger(): null

17-03-2025T07:00:08 - [TEST_STEP][PASSED] - println(month): null

17-03-2025T07:00:08 - [TEST_STEP][PASSED] - y = <not implemented yet for class: org.codehaus.groovy.ast.expr.EmptyExpression>: null

17-03-2025T07:00:08 - [TEST_STEP][PASSED] - iy = <not implemented yet for class: org.codehaus.groovy.ast.expr.EmptyExpression>: null

17-03-2025T07:00:08 - [TEST_STEP][PASSED] - m = getText(findTestObject("Выполнение бизнес-плана/Период")): Text of object 'Object Repository/Выполнение бизнес-плана/Период' is: 'Январь 2025 года'

17-03-2025T07:00:09 - [MESSAGE][PASSED] - Text of object 'Object Repository/Выполнение бизнес-плана/Период' is: 'Январь 2025 года'

17-03-2025T07:00:09 - [TEST_STEP][PASSED] - iy = m.indexOf("20"): null

17-03-2025T07:00:09 - [TEST_STEP][PASSED] - if (iy > -1): null

17-03-2025T07:00:09 - [TEST_STEP][PASSED] - y = substring(iy, iy + 4).toInteger(): null

17-03-2025T07:00:09 - [TEST_STEP][PASSED] - println(y): null

17-03-2025T07:00:09 - [TEST_STEP][PASSED] - if (toString().length() == 4): null

17-03-2025T07:00:09 - [TEST_STEP][PASSED] - m = m.substring(0, m.indexOf(y.toString())): null

17-03-2025T07:00:09 - [TEST_STEP][PASSED] - m = m.trim(): null

17-03-2025T07:00:09 - [TEST_STEP][PASSED] - if (m == ""): null

17-03-2025T07:00:09 - [TEST_STEP][PASSED] - dashboardName = "Выполнение бизнес-плана": null

17-03-2025T07:00:09 - [TEST_STEP][PASSED] - workbook01 = getWorkbook(excelFilePath): null

17-03-2025T07:00:09 - [TEST_STEP][PASSED] - sheet01 = getExcelSheet(workbook01, sheetName): null

17-03-2025T07:00:09 - [TEST_STEP][PASSED] - setValueToCellByIndex(sheet01, n, 0, dashboardName): null

17-03-2025T07:00:09 - [TEST_STEP][PASSED] - setValueToCellByIndex(sheet01, n, 1, dZO): null

17-03-2025T07:00:09 - [TEST_STEP][PASSED] - setValueToCellByIndex(sheet01, n, 2, typeOfData): null

17-03-2025T07:00:09 - [TEST_STEP][PASSED] - if (typeOfData == "Факт в процентах" || typeOfData == "План в процентах"): null

17-03-2025T07:00:09 - [TEST_STEP][PASSED] - setValueToCellByIndex(sheet01, n, 3, fileDouble): null

17-03-2025T07:00:09 - [TEST_STEP][PASSED] - setValueToCellByIndex(sheet01, n, 4, "нет данных"): null

17-03-2025T07:00:09 - [TEST_STEP][PASSED] - setValueToCellByIndex(sheet01, n, 5, m): null

17-03-2025T07:00:09 - [TEST_STEP][PASSED] - setValueToCellByIndex(sheet01, n, 6, y): null

17-03-2025T07:00:09 - [TEST_STEP][PASSED] - setValueToCellByIndex(sheet01, n, 7, todaysDate): null

17-03-2025T07:00:09 - [TEST_STEP][PASSED] - n = n + 1: null

17-03-2025T07:00:09 - [TEST_STEP][PASSED] - saveWorkbook(excelFilePath, workbook01): null

17-03-2025T07:00:09 - [TEST_STEP][PASSED] - println(dzoNum): null

17-03-2025T07:00:09 - [TEST_STEP][PASSED] - dZO = "Россети Ленэнерго": null

17-03-2025T07:00:09 - [TEST_STEP][PASSED] - a = 77: null

17-03-2025T07:00:09 - [TEST_STEP][PASSED] - if (x1.contains("Ленэнерго")): null

17-03-2025T07:00:09 - [TEST_STEP][PASSED] - else: null

17-03-2025T07:00:09 - [TEST_STEP][PASSED] - Script1718980020443.NoData(a, typeOfData, todaysDate, fileInt, fileDouble, dZO): null

17-03-2025T07:00:09 - [TEST_STEP][PASSED] - println(a): null

17-03-2025T07:00:09 - [TEST_STEP][PASSED] - println(todaysDate): null

17-03-2025T07:00:09 - [TEST_STEP][PASSED] - println(fileInt): null

17-03-2025T07:00:09 - [TEST_STEP][PASSED] - println(fileDouble): null

17-03-2025T07:00:09 - [TEST_STEP][PASSED] - println(dZO): null

17-03-2025T07:00:09 - [TEST_STEP][PASSED] - typeOfData = "Факт Отпуск в сеть": null

17-03-2025T07:00:09 - [TEST_STEP][PASSED] - fileInt = replaceAll("\s+", "").toInteger(): null

17-03-2025T07:00:09 - [TEST_STEP][PASSED] - Script1718980020443.WriteToExcelNoData(a, typeOfData, todaysDate, fileInt, fileDouble, dZO): null

17-03-2025T07:00:09 - [TEST_STEP][PASSED] - sheetName = "Sheet1": null

17-03-2025T07:00:09 - [TEST_STEP][PASSED] - data = findTestData("PlanFact"): null

17-03-2025T07:00:09 - [TEST_STEP][PASSED] - n = data.getRowNumbers() + 1: null

17-03-2025T07:00:09 - [TEST_STEP][PASSED] - day = ")).toInteger(): null

17-03-2025T07:00:09 - [TEST_STEP][PASSED] - println(day): null

17-03-2025T07:00:09 - [TEST_STEP][PASSED] - month = ")).toInteger(): null

17-03-2025T07:00:09 - [TEST_STEP][PASSED] - println(month): null

17-03-2025T07:00:09 - [TEST_STEP][PASSED] - y = <not implemented yet for class: org.codehaus.groovy.ast.expr.EmptyExpression>: null

17-03-2025T07:00:09 - [TEST_STEP][PASSED] - iy = <not implemented yet for class: org.codehaus.groovy.ast.expr.EmptyExpression>: null

17-03-2025T07:00:09 - [TEST_STEP][PASSED] - m = getText(findTestObject("Выполнение бизнес-плана/Период")): Text of object 'Object Repository/Выполнение бизнес-плана/Период' is: 'Январь 2025 года'

17-03-2025T07:00:09 - [MESSAGE][PASSED] - Text of object 'Object Repository/Выполнение бизнес-плана/Период' is: 'Январь 2025 года'

17-03-2025T07:00:09 - [TEST_STEP][PASSED] - iy = m.indexOf("20"): null

17-03-2025T07:00:09 - [TEST_STEP][PASSED] - if (iy > -1): null

17-03-2025T07:00:09 - [TEST_STEP][PASSED] - y = substring(iy, iy + 4).toInteger(): null

17-03-2025T07:00:09 - [TEST_STEP][PASSED] - println(y): null

17-03-2025T07:00:09 - [TEST_STEP][PASSED] - if (toString().length() == 4): null

17-03-2025T07:00:09 - [TEST_STEP][PASSED] - m = m.substring(0, m.indexOf(y.toString())): null

17-03-2025T07:00:09 - [TEST_STEP][PASSED] - m = m.trim(): null

17-03-2025T07:00:09 - [TEST_STEP][PASSED] - if (m == ""): null

17-03-2025T07:00:09 - [TEST_STEP][PASSED] - dashboardName = "Выполнение бизнес-плана": null

17-03-2025T07:00:09 - [TEST_STEP][PASSED] - workbook01 = getWorkbook(excelFilePath): null

17-03-2025T07:00:09 - [TEST_STEP][PASSED] - sheet01 = getExcelSheet(workbook01, sheetName): null

17-03-2025T07:00:09 - [TEST_STEP][PASSED] - setValueToCellByIndex(sheet01, n, 0, dashboardName): null

17-03-2025T07:00:09 - [TEST_STEP][PASSED] - setValueToCellByIndex(sheet01, n, 1, dZO): null

17-03-2025T07:00:09 - [TEST_STEP][PASSED] - setValueToCellByIndex(sheet01, n, 2, typeOfData): null

17-03-2025T07:00:09 - [TEST_STEP][PASSED] - if (typeOfData == "Факт в процентах" || typeOfData == "План в процентах"): null

17-03-2025T07:00:09 - [TEST_STEP][PASSED] - else: null

17-03-2025T07:00:09 - [TEST_STEP][PASSED] - setValueToCellByIndex(sheet01, n, 3, fileInt): null

17-03-2025T07:00:09 - [TEST_STEP][PASSED] - setValueToCellByIndex(sheet01, n, 4, "нет данных"): null

17-03-2025T07:00:09 - [TEST_STEP][PASSED] - setValueToCellByIndex(sheet01, n, 5, m): null

17-03-2025T07:00:09 - [TEST_STEP][PASSED] - setValueToCellByIndex(sheet01, n, 6, y): null

17-03-2025T07:00:09 - [TEST_STEP][PASSED] - setValueToCellByIndex(sheet01, n, 7, todaysDate): null

17-03-2025T07:00:09 - [TEST_STEP][PASSED] - n = n + 1: null

17-03-2025T07:00:09 - [TEST_STEP][PASSED] - saveWorkbook(excelFilePath, workbook01): null

17-03-2025T07:00:09 - [TEST_STEP][PASSED] - typeOfData = "Факт Потери": null

17-03-2025T07:00:09 - [TEST_STEP][PASSED] - fileInt = replaceAll("\s+", "").toInteger(): null

17-03-2025T07:00:10 - [TEST_STEP][PASSED] - Script1718980020443.WriteToExcelNoData(a, typeOfData, todaysDate, fileInt, fileDouble, dZO): null

17-03-2025T07:00:10 - [TEST_STEP][PASSED] - sheetName = "Sheet1": null

17-03-2025T07:00:10 - [TEST_STEP][PASSED] - data = findTestData("PlanFact"): null

17-03-2025T07:00:10 - [TEST_STEP][PASSED] - n = data.getRowNumbers() + 1: null

17-03-2025T07:00:10 - [TEST_STEP][PASSED] - day = ")).toInteger(): null

17-03-2025T07:00:10 - [TEST_STEP][PASSED] - println(day): null

17-03-2025T07:00:10 - [TEST_STEP][PASSED] - month = ")).toInteger(): null

17-03-2025T07:00:10 - [TEST_STEP][PASSED] - println(month): null

17-03-2025T07:00:10 - [TEST_STEP][PASSED] - y = <not implemented yet for class: org.codehaus.groovy.ast.expr.EmptyExpression>: null

17-03-2025T07:00:10 - [TEST_STEP][PASSED] - iy = <not implemented yet for class: org.codehaus.groovy.ast.expr.EmptyExpression>: null

17-03-2025T07:00:10 - [TEST_STEP][PASSED] - m = getText(findTestObject("Выполнение бизнес-плана/Период")): Text of object 'Object Repository/Выполнение бизнес-плана/Период' is: 'Январь 2025 года'

17-03-2025T07:00:10 - [MESSAGE][PASSED] - Text of object 'Object Repository/Выполнение бизнес-плана/Период' is: 'Январь 2025 года'

17-03-2025T07:00:10 - [TEST_STEP][PASSED] - iy = m.indexOf("20"): null

17-03-2025T07:00:10 - [TEST_STEP][PASSED] - if (iy > -1): null

17-03-2025T07:00:10 - [TEST_STEP][PASSED] - y = substring(iy, iy + 4).toInteger(): null

17-03-2025T07:00:10 - [TEST_STEP][PASSED] - println(y): null

17-03-2025T07:00:10 - [TEST_STEP][PASSED] - if (toString().length() == 4): null

17-03-2025T07:00:10 - [TEST_STEP][PASSED] - m = m.substring(0, m.indexOf(y.toString())): null

17-03-2025T07:00:10 - [TEST_STEP][PASSED] - m = m.trim(): null

17-03-2025T07:00:10 - [TEST_STEP][PASSED] - if (m == ""): null

17-03-2025T07:00:10 - [TEST_STEP][PASSED] - dashboardName = "Выполнение бизнес-плана": null

17-03-2025T07:00:10 - [TEST_STEP][PASSED] - workbook01 = getWorkbook(excelFilePath): null

17-03-2025T07:00:10 - [TEST_STEP][PASSED] - sheet01 = getExcelSheet(workbook01, sheetName): null

17-03-2025T07:00:10 - [TEST_STEP][PASSED] - setValueToCellByIndex(sheet01, n, 0, dashboardName): null

17-03-2025T07:00:10 - [TEST_STEP][PASSED] - setValueToCellByIndex(sheet01, n, 1, dZO): null

17-03-2025T07:00:10 - [TEST_STEP][PASSED] - setValueToCellByIndex(sheet01, n, 2, typeOfData): null

17-03-2025T07:00:10 - [TEST_STEP][PASSED] - if (typeOfData == "Факт в процентах" || typeOfData == "План в процентах"): null

17-03-2025T07:00:10 - [TEST_STEP][PASSED] - else: null

17-03-2025T07:00:10 - [TEST_STEP][PASSED] - setValueToCellByIndex(sheet01, n, 3, fileInt): null

17-03-2025T07:00:10 - [TEST_STEP][PASSED] - setValueToCellByIndex(sheet01, n, 4, "нет данных"): null

17-03-2025T07:00:10 - [TEST_STEP][PASSED] - setValueToCellByIndex(sheet01, n, 5, m): null

17-03-2025T07:00:10 - [TEST_STEP][PASSED] - setValueToCellByIndex(sheet01, n, 6, y): null

17-03-2025T07:00:10 - [TEST_STEP][PASSED] - setValueToCellByIndex(sheet01, n, 7, todaysDate): null

17-03-2025T07:00:10 - [TEST_STEP][PASSED] - n = n + 1: null

17-03-2025T07:00:10 - [TEST_STEP][PASSED] - saveWorkbook(excelFilePath, workbook01): null

17-03-2025T07:00:10 - [TEST_STEP][PASSED] - typeOfData = "План Отпуск в сеть": null

17-03-2025T07:00:10 - [TEST_STEP][PASSED] - fileInt = replaceAll("\s+", "").toInteger(): null

17-03-2025T07:00:10 - [TEST_STEP][PASSED] - Script1718980020443.WriteToExcelNoData(a, typeOfData, todaysDate, fileInt, fileDouble, dZO): null

17-03-2025T07:00:10 - [TEST_STEP][PASSED] - sheetName = "Sheet1": null

17-03-2025T07:00:10 - [TEST_STEP][PASSED] - data = findTestData("PlanFact"): null

17-03-2025T07:00:10 - [TEST_STEP][PASSED] - n = data.getRowNumbers() + 1: null

17-03-2025T07:00:10 - [TEST_STEP][PASSED] - day = ")).toInteger(): null

17-03-2025T07:00:10 - [TEST_STEP][PASSED] - println(day): null

17-03-2025T07:00:10 - [TEST_STEP][PASSED] - month = ")).toInteger(): null

17-03-2025T07:00:10 - [TEST_STEP][PASSED] - println(month): null

17-03-2025T07:00:10 - [TEST_STEP][PASSED] - y = <not implemented yet for class: org.codehaus.groovy.ast.expr.EmptyExpression>: null

17-03-2025T07:00:10 - [TEST_STEP][PASSED] - iy = <not implemented yet for class: org.codehaus.groovy.ast.expr.EmptyExpression>: null

17-03-2025T07:00:10 - [TEST_STEP][PASSED] - m = getText(findTestObject("Выполнение бизнес-плана/Период")): Text of object 'Object Repository/Выполнение бизнес-плана/Период' is: 'Январь 2025 года'

17-03-2025T07:00:11 - [MESSAGE][PASSED] - Text of object 'Object Repository/Выполнение бизнес-плана/Период' is: 'Январь 2025 года'

17-03-2025T07:00:11 - [TEST_STEP][PASSED] - iy = m.indexOf("20"): null

17-03-2025T07:00:11 - [TEST_STEP][PASSED] - if (iy > -1): null

17-03-2025T07:00:11 - [TEST_STEP][PASSED] - y = substring(iy, iy + 4).toInteger(): null

17-03-2025T07:00:11 - [TEST_STEP][PASSED] - println(y): null

17-03-2025T07:00:11 - [TEST_STEP][PASSED] - if (toString().length() == 4): null

17-03-2025T07:00:11 - [TEST_STEP][PASSED] - m = m.substring(0, m.indexOf(y.toString())): null

17-03-2025T07:00:11 - [TEST_STEP][PASSED] - m = m.trim(): null

17-03-2025T07:00:11 - [TEST_STEP][PASSED] - if (m == ""): null

17-03-2025T07:00:11 - [TEST_STEP][PASSED] - dashboardName = "Выполнение бизнес-плана": null

17-03-2025T07:00:11 - [TEST_STEP][PASSED] - workbook01 = getWorkbook(excelFilePath): null

17-03-2025T07:00:11 - [TEST_STEP][PASSED] - sheet01 = getExcelSheet(workbook01, sheetName): null

17-03-2025T07:00:11 - [TEST_STEP][PASSED] - setValueToCellByIndex(sheet01, n, 0, dashboardName): null

17-03-2025T07:00:11 - [TEST_STEP][PASSED] - setValueToCellByIndex(sheet01, n, 1, dZO): null

17-03-2025T07:00:11 - [TEST_STEP][PASSED] - setValueToCellByIndex(sheet01, n, 2, typeOfData): null

17-03-2025T07:00:11 - [TEST_STEP][PASSED] - if (typeOfData == "Факт в процентах" || typeOfData == "План в процентах"): null

17-03-2025T07:00:11 - [TEST_STEP][PASSED] - else: null

17-03-2025T07:00:11 - [TEST_STEP][PASSED] - setValueToCellByIndex(sheet01, n, 3, fileInt): null

17-03-2025T07:00:11 - [TEST_STEP][PASSED] - setValueToCellByIndex(sheet01, n, 4, "нет данных"): null

17-03-2025T07:00:11 - [TEST_STEP][PASSED] - setValueToCellByIndex(sheet01, n, 5, m): null

17-03-2025T07:00:11 - [TEST_STEP][PASSED] - setValueToCellByIndex(sheet01, n, 6, y): null

17-03-2025T07:00:11 - [TEST_STEP][PASSED] - setValueToCellByIndex(sheet01, n, 7, todaysDate): null

17-03-2025T07:00:11 - [TEST_STEP][PASSED] - n = n + 1: null

17-03-2025T07:00:11 - [TEST_STEP][PASSED] - saveWorkbook(excelFilePath, workbook01): null

17-03-2025T07:00:11 - [TEST_STEP][PASSED] - typeOfData = "План Потери": null

17-03-2025T07:00:11 - [TEST_STEP][PASSED] - fileInt = replaceAll("\s+", "").toInteger(): null

17-03-2025T07:00:11 - [TEST_STEP][PASSED] - Script1718980020443.WriteToExcelNoData(a, typeOfData, todaysDate, fileInt, fileDouble, dZO): null

17-03-2025T07:00:11 - [TEST_STEP][PASSED] - sheetName = "Sheet1": null

17-03-2025T07:00:11 - [TEST_STEP][PASSED] - data = findTestData("PlanFact"): null

17-03-2025T07:00:11 - [TEST_STEP][PASSED] - n = data.getRowNumbers() + 1: null

17-03-2025T07:00:11 - [TEST_STEP][PASSED] - day = ")).toInteger(): null

17-03-2025T07:00:11 - [TEST_STEP][PASSED] - println(day): null

17-03-2025T07:00:11 - [TEST_STEP][PASSED] - month = ")).toInteger(): null

17-03-2025T07:00:11 - [TEST_STEP][PASSED] - println(month): null

17-03-2025T07:00:11 - [TEST_STEP][PASSED] - y = <not implemented yet for class: org.codehaus.groovy.ast.expr.EmptyExpression>: null

17-03-2025T07:00:11 - [TEST_STEP][PASSED] - iy = <not implemented yet for class: org.codehaus.groovy.ast.expr.EmptyExpression>: null

17-03-2025T07:00:11 - [TEST_STEP][PASSED] - m = getText(findTestObject("Выполнение бизнес-плана/Период")): Text of object 'Object Repository/Выполнение бизнес-плана/Период' is: 'Январь 2025 года'

17-03-2025T07:00:11 - [MESSAGE][PASSED] - Text of object 'Object Repository/Выполнение бизнес-плана/Период' is: 'Январь 2025 года'

17-03-2025T07:00:11 - [TEST_STEP][PASSED] - iy = m.indexOf("20"): null

17-03-2025T07:00:11 - [TEST_STEP][PASSED] - if (iy > -1): null

17-03-2025T07:00:11 - [TEST_STEP][PASSED] - y = substring(iy, iy + 4).toInteger(): null

17-03-2025T07:00:11 - [TEST_STEP][PASSED] - println(y): null

17-03-2025T07:00:11 - [TEST_STEP][PASSED] - if (toString().length() == 4): null

17-03-2025T07:00:11 - [TEST_STEP][PASSED] - m = m.substring(0, m.indexOf(y.toString())): null

17-03-2025T07:00:11 - [TEST_STEP][PASSED] - m = m.trim(): null

17-03-2025T07:00:11 - [TEST_STEP][PASSED] - if (m == ""): null

17-03-2025T07:00:11 - [TEST_STEP][PASSED] - dashboardName = "Выполнение бизнес-плана": null

17-03-2025T07:00:11 - [TEST_STEP][PASSED] - workbook01 = getWorkbook(excelFilePath): null

17-03-2025T07:00:11 - [TEST_STEP][PASSED] - sheet01 = getExcelSheet(workbook01, sheetName): null

17-03-2025T07:00:11 - [TEST_STEP][PASSED] - setValueToCellByIndex(sheet01, n, 0, dashboardName): null

17-03-2025T07:00:11 - [TEST_STEP][PASSED] - setValueToCellByIndex(sheet01, n, 1, dZO): null

17-03-2025T07:00:11 - [TEST_STEP][PASSED] - setValueToCellByIndex(sheet01, n, 2, typeOfData): null

17-03-2025T07:00:11 - [TEST_STEP][PASSED] - if (typeOfData == "Факт в процентах" || typeOfData == "План в процентах"): null

17-03-2025T07:00:11 - [TEST_STEP][PASSED] - else: null

17-03-2025T07:00:11 - [TEST_STEP][PASSED] - setValueToCellByIndex(sheet01, n, 3, fileInt): null

17-03-2025T07:00:11 - [TEST_STEP][PASSED] - setValueToCellByIndex(sheet01, n, 4, "нет данных"): null

17-03-2025T07:00:11 - [TEST_STEP][PASSED] - setValueToCellByIndex(sheet01, n, 5, m): null

17-03-2025T07:00:11 - [TEST_STEP][PASSED] - setValueToCellByIndex(sheet01, n, 6, y): null

17-03-2025T07:00:11 - [TEST_STEP][PASSED] - setValueToCellByIndex(sheet01, n, 7, todaysDate): null

17-03-2025T07:00:11 - [TEST_STEP][PASSED] - n = n + 1: null

17-03-2025T07:00:11 - [TEST_STEP][PASSED] - saveWorkbook(excelFilePath, workbook01): null

17-03-2025T07:00:11 - [TEST_STEP][PASSED] - typeOfData = "План в процентах": null

17-03-2025T07:00:11 - [TEST_STEP][PASSED] - fileDouble = ").toDouble(): null

17-03-2025T07:00:12 - [TEST_STEP][PASSED] - Script1718980020443.WriteToExcelNoData(a, typeOfData, todaysDate, fileInt, fileDouble, dZO): null

17-03-2025T07:00:12 - [TEST_STEP][PASSED] - sheetName = "Sheet1": null

17-03-2025T07:00:12 - [TEST_STEP][PASSED] - data = findTestData("PlanFact"): null

17-03-2025T07:00:12 - [TEST_STEP][PASSED] - n = data.getRowNumbers() + 1: null

17-03-2025T07:00:12 - [TEST_STEP][PASSED] - day = ")).toInteger(): null

17-03-2025T07:00:12 - [TEST_STEP][PASSED] - println(day): null

17-03-2025T07:00:12 - [TEST_STEP][PASSED] - month = ")).toInteger(): null

17-03-2025T07:00:12 - [TEST_STEP][PASSED] - println(month): null

17-03-2025T07:00:12 - [TEST_STEP][PASSED] - y = <not implemented yet for class: org.codehaus.groovy.ast.expr.EmptyExpression>: null

17-03-2025T07:00:12 - [TEST_STEP][PASSED] - iy = <not implemented yet for class: org.codehaus.groovy.ast.expr.EmptyExpression>: null

17-03-2025T07:00:12 - [TEST_STEP][PASSED] - m = getText(findTestObject("Выполнение бизнес-плана/Период")): Text of object 'Object Repository/Выполнение бизнес-плана/Период' is: 'Январь 2025 года'

17-03-2025T07:00:12 - [MESSAGE][PASSED] - Text of object 'Object Repository/Выполнение бизнес-плана/Период' is: 'Январь 2025 года'

17-03-2025T07:00:12 - [TEST_STEP][PASSED] - iy = m.indexOf("20"): null

17-03-2025T07:00:12 - [TEST_STEP][PASSED] - if (iy > -1): null

17-03-2025T07:00:12 - [TEST_STEP][PASSED] - y = substring(iy, iy + 4).toInteger(): null

17-03-2025T07:00:12 - [TEST_STEP][PASSED] - println(y): null

17-03-2025T07:00:12 - [TEST_STEP][PASSED] - if (toString().length() == 4): null

17-03-2025T07:00:12 - [TEST_STEP][PASSED] - m = m.substring(0, m.indexOf(y.toString())): null

17-03-2025T07:00:12 - [TEST_STEP][PASSED] - m = m.trim(): null

17-03-2025T07:00:12 - [TEST_STEP][PASSED] - if (m == ""): null

17-03-2025T07:00:12 - [TEST_STEP][PASSED] - dashboardName = "Выполнение бизнес-плана": null

17-03-2025T07:00:12 - [TEST_STEP][PASSED] - workbook01 = getWorkbook(excelFilePath): null

17-03-2025T07:00:12 - [TEST_STEP][PASSED] - sheet01 = getExcelSheet(workbook01, sheetName): null

17-03-2025T07:00:12 - [TEST_STEP][PASSED] - setValueToCellByIndex(sheet01, n, 0, dashboardName): null

17-03-2025T07:00:12 - [TEST_STEP][PASSED] - setValueToCellByIndex(sheet01, n, 1, dZO): null

17-03-2025T07:00:12 - [TEST_STEP][PASSED] - setValueToCellByIndex(sheet01, n, 2, typeOfData): null

17-03-2025T07:00:12 - [TEST_STEP][PASSED] - if (typeOfData == "Факт в процентах" || typeOfData == "План в процентах"): null

17-03-2025T07:00:12 - [TEST_STEP][PASSED] - setValueToCellByIndex(sheet01, n, 3, fileDouble): null

17-03-2025T07:00:12 - [TEST_STEP][PASSED] - setValueToCellByIndex(sheet01, n, 4, "нет данных"): null

17-03-2025T07:00:12 - [TEST_STEP][PASSED] - setValueToCellByIndex(sheet01, n, 5, m): null

17-03-2025T07:00:12 - [TEST_STEP][PASSED] - setValueToCellByIndex(sheet01, n, 6, y): null

17-03-2025T07:00:12 - [TEST_STEP][PASSED] - setValueToCellByIndex(sheet01, n, 7, todaysDate): null

17-03-2025T07:00:12 - [TEST_STEP][PASSED] - n = n + 1: null

17-03-2025T07:00:12 - [TEST_STEP][PASSED] - saveWorkbook(excelFilePath, workbook01): null

17-03-2025T07:00:12 - [TEST_STEP][PASSED] - typeOfData = "Факт в процентах": null

17-03-2025T07:00:12 - [TEST_STEP][PASSED] - fileDouble = ").toDouble(): null

17-03-2025T07:00:12 - [TEST_STEP][PASSED] - Script1718980020443.WriteToExcelNoData(a, typeOfData, todaysDate, fileInt, fileDouble, dZO): null

17-03-2025T07:00:12 - [TEST_STEP][PASSED] - sheetName = "Sheet1": null

17-03-2025T07:00:12 - [TEST_STEP][PASSED] - data = findTestData("PlanFact"): null

17-03-2025T07:00:12 - [TEST_STEP][PASSED] - n = data.getRowNumbers() + 1: null

17-03-2025T07:00:12 - [TEST_STEP][PASSED] - day = ")).toInteger(): null

17-03-2025T07:00:12 - [TEST_STEP][PASSED] - println(day): null

17-03-2025T07:00:12 - [TEST_STEP][PASSED] - month = ")).toInteger(): null

17-03-2025T07:00:12 - [TEST_STEP][PASSED] - println(month): null

17-03-2025T07:00:12 - [TEST_STEP][PASSED] - y = <not implemented yet for class: org.codehaus.groovy.ast.expr.EmptyExpression>: null

17-03-2025T07:00:12 - [TEST_STEP][PASSED] - iy = <not implemented yet for class: org.codehaus.groovy.ast.expr.EmptyExpression>: null

17-03-2025T07:00:12 - [TEST_STEP][PASSED] - m = getText(findTestObject("Выполнение бизнес-плана/Период")): Text of object 'Object Repository/Выполнение бизнес-плана/Период' is: 'Январь 2025 года'

17-03-2025T07:00:13 - [MESSAGE][PASSED] - Text of object 'Object Repository/Выполнение бизнес-плана/Период' is: 'Январь 2025 года'

17-03-2025T07:00:13 - [TEST_STEP][PASSED] - iy = m.indexOf("20"): null

17-03-2025T07:00:13 - [TEST_STEP][PASSED] - if (iy > -1): null

17-03-2025T07:00:13 - [TEST_STEP][PASSED] - y = substring(iy, iy + 4).toInteger(): null

17-03-2025T07:00:13 - [TEST_STEP][PASSED] - println(y): null

17-03-2025T07:00:13 - [TEST_STEP][PASSED] - if (toString().length() == 4): null

17-03-2025T07:00:13 - [TEST_STEP][PASSED] - m = m.substring(0, m.indexOf(y.toString())): null

17-03-2025T07:00:13 - [TEST_STEP][PASSED] - m = m.trim(): null

17-03-2025T07:00:13 - [TEST_STEP][PASSED] - if (m == ""): null

17-03-2025T07:00:13 - [TEST_STEP][PASSED] - dashboardName = "Выполнение бизнес-плана": null

17-03-2025T07:00:13 - [TEST_STEP][PASSED] - workbook01 = getWorkbook(excelFilePath): null

17-03-2025T07:00:13 - [TEST_STEP][PASSED] - sheet01 = getExcelSheet(workbook01, sheetName): null

17-03-2025T07:00:13 - [TEST_STEP][PASSED] - setValueToCellByIndex(sheet01, n, 0, dashboardName): null

17-03-2025T07:00:13 - [TEST_STEP][PASSED] - setValueToCellByIndex(sheet01, n, 1, dZO): null

17-03-2025T07:00:13 - [TEST_STEP][PASSED] - setValueToCellByIndex(sheet01, n, 2, typeOfData): null

17-03-2025T07:00:13 - [TEST_STEP][PASSED] - if (typeOfData == "Факт в процентах" || typeOfData == "План в процентах"): null

17-03-2025T07:00:13 - [TEST_STEP][PASSED] - setValueToCellByIndex(sheet01, n, 3, fileDouble): null

17-03-2025T07:00:13 - [TEST_STEP][PASSED] - setValueToCellByIndex(sheet01, n, 4, "нет данных"): null

17-03-2025T07:00:13 - [TEST_STEP][PASSED] - setValueToCellByIndex(sheet01, n, 5, m): null

17-03-2025T07:00:13 - [TEST_STEP][PASSED] - setValueToCellByIndex(sheet01, n, 6, y): null

17-03-2025T07:00:13 - [TEST_STEP][PASSED] - setValueToCellByIndex(sheet01, n, 7, todaysDate): null

17-03-2025T07:00:13 - [TEST_STEP][PASSED] - n = n + 1: null

17-03-2025T07:00:13 - [TEST_STEP][PASSED] - saveWorkbook(excelFilePath, workbook01): null

17-03-2025T07:00:13 - [TEST_STEP][PASSED] - println(dzoNum): null

17-03-2025T07:00:13 - [TEST_STEP][PASSED] - dZO = "Россети Московский регион": null

17-03-2025T07:00:13 - [TEST_STEP][PASSED] - a = 74: null

17-03-2025T07:00:13 - [TEST_STEP][PASSED] - if (x1.contains("Московский")): null

17-03-2025T07:00:13 - [TEST_STEP][PASSED] - dzoNum = dzoNum + 1: null

17-03-2025T07:00:13 - [TEST_STEP][PASSED] - Script1718980020443.Numbers(a, typeOfData, todaysDate, pageInt, fileInt, pageDouble, fileDouble, dZO, dzoNum, filialNum): null

17-03-2025T07:00:13 - [TEST_STEP][PASSED] - println(dzoNum): null

17-03-2025T07:00:13 - [TEST_STEP][PASSED] - planFact = <not implemented yet for class: org.codehaus.groovy.ast.expr.EmptyExpression>: null

17-03-2025T07:00:13 - [TEST_STEP][PASSED] - page = <not implemented yet for class: org.codehaus.groovy.ast.expr.EmptyExpression>: null

17-03-2025T07:00:13 - [TEST_STEP][PASSED] - page1 = <not implemented yet for class: org.codehaus.groovy.ast.expr.EmptyExpression>: null

17-03-2025T07:00:13 - [TEST_STEP][PASSED] - page2 = <not implemented yet for class: org.codehaus.groovy.ast.expr.EmptyExpression>: null

17-03-2025T07:00:13 - [TEST_STEP][PASSED] - filialNumberInRow = <not implemented yet for class: org.codehaus.groovy.ast.expr.EmptyExpression>: null

17-03-2025T07:00:13 - [TEST_STEP][PASSED] - filialsDzoNames = <not implemented yet for class: org.codehaus.groovy.ast.expr.EmptyExpression>: null

17-03-2025T07:00:13 - [TEST_STEP][PASSED] - numberOfFilials = <not implemented yet for class: org.codehaus.groovy.ast.expr.EmptyExpression>: null

17-03-2025T07:00:13 - [TEST_STEP][PASSED] - numberOfSpaces = <not implemented yet for class: org.codehaus.groovy.ast.expr.EmptyExpression>: null

17-03-2025T07:00:13 - [TEST_STEP][PASSED] - file = <not implemented yet for class: org.codehaus.groovy.ast.expr.EmptyExpression>: null

17-03-2025T07:00:13 - [TEST_STEP][PASSED] - otpusk = <not implemented yet for class: org.codehaus.groovy.ast.expr.EmptyExpression>: null

17-03-2025T07:00:13 - [TEST_STEP][PASSED] - poteri = <not implemented yet for class: org.codehaus.groovy.ast.expr.EmptyExpression>: null

17-03-2025T07:00:13 - [TEST_STEP][PASSED] - dataFolder = "Выполнение бизнес-плана/Значения со страницы Выполнение бизнес-плана/": null

17-03-2025T07:00:13 - [TEST_STEP][PASSED] - path = <not implemented yet for class: org.codehaus.groovy.ast.expr.EmptyExpression>: null

17-03-2025T07:00:13 - [TEST_STEP][PASSED] - typeOfDataMain = <not implemented yet for class: org.codehaus.groovy.ast.expr.EmptyExpression>: null

17-03-2025T07:00:13 - [TEST_STEP][PASSED] - fileOtpuskVSet = <not implemented yet for class: org.codehaus.groovy.ast.expr.EmptyExpression>: null

17-03-2025T07:00:13 - [TEST_STEP][PASSED] - pageOtpuskVSet = <not implemented yet for class: org.codehaus.groovy.ast.expr.EmptyExpression>: null

17-03-2025T07:00:13 - [TEST_STEP][PASSED] - filePoteri = <not implemented yet for class: org.codehaus.groovy.ast.expr.EmptyExpression>: null

17-03-2025T07:00:13 - [TEST_STEP][PASSED] - pagePoteri = <not implemented yet for class: org.codehaus.groovy.ast.expr.EmptyExpression>: null

17-03-2025T07:00:13 - [TEST_STEP][PASSED] - compare = <not implemented yet for class: org.codehaus.groovy.ast.expr.EmptyExpression>: null

17-03-2025T07:00:13 - [TEST_STEP][PASSED] - b = <not implemented yet for class: org.codehaus.groovy.ast.expr.EmptyExpression>: null

17-03-2025T07:00:13 - [TEST_STEP][PASSED] - i = <not implemented yet for class: org.codehaus.groovy.ast.expr.EmptyExpression>: null

17-03-2025T07:00:13 - [TEST_STEP][PASSED] - ii = <not implemented yet for class: org.codehaus.groovy.ast.expr.EmptyExpression>: null

17-03-2025T07:00:13 - [TEST_STEP][PASSED] - c = <not implemented yet for class: org.codehaus.groovy.ast.expr.EmptyExpression>: null

17-03-2025T07:00:13 - [TEST_STEP][PASSED] - numberOfErrors = 0: null

17-03-2025T07:00:13 - [TEST_STEP][PASSED] - if (a == 82): null

17-03-2025T07:00:13 - [TEST_STEP][PASSED] - b = findTestData("PlanFact").getValue(1, a): null

17-03-2025T07:00:13 - [TEST_STEP][PASSED] - i = b.indexOf(" (ГК)"): null

17-03-2025T07:00:13 - [TEST_STEP][PASSED] - if (i > -1): null

17-03-2025T07:00:13 - [TEST_STEP][PASSED] - i = b.indexOf("О ""): null

17-03-2025T07:00:13 - [TEST_STEP][PASSED] - if (i > -1): null

17-03-2025T07:00:13 - [TEST_STEP][PASSED] - i = b.indexOf("О «"): null

17-03-2025T07:00:13 - [TEST_STEP][PASSED] - if (i > -1): null

17-03-2025T07:00:13 - [TEST_STEP][PASSED] - i = b.indexOf("г. "): null

17-03-2025T07:00:13 - [TEST_STEP][PASSED] - if (i > -1): null

17-03-2025T07:00:13 - [TEST_STEP][PASSED] - b = b.trim(): null

17-03-2025T07:00:13 - [TEST_STEP][PASSED] - println(b): null

17-03-2025T07:00:13 - [TEST_STEP][PASSED] - for ([planFact = 1, planFact < 3, (planFact++)]): null

17-03-2025T07:00:13 - [TEST_STEP][PASSED] - if (planFact == 1): null

17-03-2025T07:00:13 - [TEST_STEP][PASSED] - typeOfDataMain = "Факт": null

17-03-2025T07:00:13 - [TEST_STEP][PASSED] - otpusk = findTestData("PlanFact").getValue(5, a): null

17-03-2025T07:00:13 - [TEST_STEP][PASSED] - poteri = findTestData("PlanFact").getValue(6, a): null

17-03-2025T07:00:13 - [TEST_STEP][PASSED] - otpusk = otpusk.replaceAll("\s+", ""): null

17-03-2025T07:00:13 - [TEST_STEP][PASSED] - poteri = poteri.replaceAll("\s+", ""): null

17-03-2025T07:00:13 - [TEST_STEP][PASSED] - typeOfData = typeOfDataMain + " Отпуск в сеть": null

17-03-2025T07:00:13 - [TEST_STEP][PASSED] - if (a == 82): null

17-03-2025T07:00:13 - [TEST_STEP][PASSED] - else if (a == 84): null

17-03-2025T07:00:13 - [TEST_STEP][PASSED] - else if (a == 83 || a == 52 || a == 72 || a == 28 || a == 73 || a == 77 || a == 74 || a == 65 || a == 36 || a == 44 || a == 53 || a == 80 || a == 54 || a == 1 || a == 18 || a == 59 || a == 81): null

17-03-2025T07:00:13 - [TEST_STEP][PASSED] - path = dataFolder + "Table Data/" + typeOfData + " за отчётный период " + dzoNum: null

17-03-2025T07:00:13 - [TEST_STEP][PASSED] - println(path): null

17-03-2025T07:00:13 - [TEST_STEP][PASSED] - page = getText(findTestObject(path)): Text of object 'Object Repository/Выполнение бизнес-плана/Значения со страницы Выполнение бизнес-плана/Table Data/Факт Отпуск в сеть за отчётный период 3' is: '9 778 647'

17-03-2025T07:00:13 - [MESSAGE][PASSED] - Text of object 'Object Repository/Выполнение бизнес-плана/Значения со страницы Выполнение бизнес-плана/Table Data/Факт Отпуск в сеть за отчётный период 3' is: '9 778 647'

17-03-2025T07:00:13 - [TEST_STEP][PASSED] - if (page == "" || page == null): null

17-03-2025T07:00:13 - [TEST_STEP][PASSED] - else: null

17-03-2025T07:00:13 - [TEST_STEP][PASSED] - page = page.replaceAll("\s+", ""): null

17-03-2025T07:00:13 - [TEST_STEP][PASSED] - if (page == "undefined"): null

17-03-2025T07:00:13 - [TEST_STEP][PASSED] - fileOtpuskVSet = otpusk.toInteger(): null

17-03-2025T07:00:13 - [TEST_STEP][PASSED] - pageOtpuskVSet = page.toInteger(): null

17-03-2025T07:00:13 - [TEST_STEP][PASSED] - typeOfData = typeOfDataMain + " Потери": null

17-03-2025T07:00:13 - [TEST_STEP][PASSED] - if (a == 82): null

17-03-2025T07:00:13 - [TEST_STEP][PASSED] - else if (a == 84): null

17-03-2025T07:00:13 - [TEST_STEP][PASSED] - else if (a == 83 || a == 52 || a == 72 || a == 28 || a == 73 || a == 77 || a == 74 || a == 65 || a == 44 || a == 53 || a == 80 || a == 54 || a == 1 || a == 18 || a == 59 || a == 81): null

17-03-2025T07:00:13 - [TEST_STEP][PASSED] - path = dataFolder + "Table Data/" + typeOfData + " за отчётный период " + dzoNum: null

17-03-2025T07:00:13 - [TEST_STEP][PASSED] - page = getText(findTestObject(path)): Text of object 'Object Repository/Выполнение бизнес-плана/Значения со страницы Выполнение бизнес-плана/Table Data/Факт Потери за отчётный период 3' is: '444 962'

17-03-2025T07:00:14 - [MESSAGE][PASSED] - Text of object 'Object Repository/Выполнение бизнес-плана/Значения со страницы Выполнение бизнес-плана/Table Data/Факт Потери за отчётный период 3' is: '444 962'

17-03-2025T07:00:14 - [TEST_STEP][PASSED] - if (page == "" || page == null): null

17-03-2025T07:00:14 - [TEST_STEP][PASSED] - else: null

17-03-2025T07:00:14 - [TEST_STEP][PASSED] - page = page.replaceAll("\s+", ""): null

17-03-2025T07:00:14 - [TEST_STEP][PASSED] - if (page == "undefined"): null

17-03-2025T07:00:14 - [TEST_STEP][PASSED] - filePoteri = poteri.toInteger(): null

17-03-2025T07:00:14 - [TEST_STEP][PASSED] - pagePoteri = page.toInteger(): null

17-03-2025T07:00:14 - [TEST_STEP][PASSED] - compare = pageOtpuskVSet: null

17-03-2025T07:00:14 - [TEST_STEP][PASSED] - if (pageOtpuskVSet != null): null

17-03-2025T07:00:14 - [TEST_STEP][PASSED] - if (compare == fileOtpuskVSet): null

17-03-2025T07:00:14 - [TEST_STEP][PASSED] - if (compare == fileOtpuskVSet): null

17-03-2025T07:00:14 - [TEST_STEP][PASSED] - compare = pagePoteri: null

17-03-2025T07:00:14 - [TEST_STEP][PASSED] - if (pageOtpuskVSet != null): null

17-03-2025T07:00:14 - [TEST_STEP][PASSED] - if (compare == filePoteri): null

17-03-2025T07:00:14 - [TEST_STEP][PASSED] - else if (compare > filePoteri): null

17-03-2025T07:00:14 - [TEST_STEP][PASSED] - else if (compare < filePoteri): null

17-03-2025T07:00:14 - [TEST_STEP][PASSED] - compare = compare + 1: null

17-03-2025T07:00:14 - [TEST_STEP][PASSED] - if (compare == filePoteri): null

17-03-2025T07:00:14 - [TEST_STEP][PASSED] - else: null

17-03-2025T07:00:14 - [TEST_STEP][PASSED] - numberOfErrors = numberOfErrors + 1: null

17-03-2025T07:00:14 - [TEST_STEP][PASSED] - pageInt = pagePoteri: null

17-03-2025T07:00:14 - [TEST_STEP][PASSED] - fileInt = filePoteri: null

17-03-2025T07:00:14 - [TEST_STEP][PASSED] - typeOfData = typeOfDataMain + " Потери": null

17-03-2025T07:00:14 - [TEST_STEP][PASSED] - Script1718980020443.WriteToExcel(a, typeOfData, todaysDate, pageInt, fileInt, pageDouble, fileDouble, dZO): null

17-03-2025T07:00:14 - [TEST_STEP][PASSED] - sheetName = "Sheet1": null

17-03-2025T07:00:14 - [TEST_STEP][PASSED] - data = findTestData("PlanFact"): null

17-03-2025T07:00:14 - [TEST_STEP][PASSED] - n = data.getRowNumbers() + 1: null

17-03-2025T07:00:14 - [TEST_STEP][PASSED] - day = ")).toInteger(): null

17-03-2025T07:00:14 - [TEST_STEP][PASSED] - println(day): null

17-03-2025T07:00:14 - [TEST_STEP][PASSED] - month = ")).toInteger(): null

17-03-2025T07:00:14 - [TEST_STEP][PASSED] - println(month): null

17-03-2025T07:00:14 - [TEST_STEP][PASSED] - y = <not implemented yet for class: org.codehaus.groovy.ast.expr.EmptyExpression>: null

17-03-2025T07:00:14 - [TEST_STEP][PASSED] - iy = <not implemented yet for class: org.codehaus.groovy.ast.expr.EmptyExpression>: null

17-03-2025T07:00:14 - [TEST_STEP][PASSED] - m = getText(findTestObject("Выполнение бизнес-плана/Период")): Text of object 'Object Repository/Выполнение бизнес-плана/Период' is: 'Январь 2025 года'

17-03-2025T07:00:14 - [MESSAGE][PASSED] - Text of object 'Object Repository/Выполнение бизнес-плана/Период' is: 'Январь 2025 года'

17-03-2025T07:00:14 - [TEST_STEP][PASSED] - iy = m.indexOf("20"): null

17-03-2025T07:00:14 - [TEST_STEP][PASSED] - if (iy > -1): null

17-03-2025T07:00:14 - [TEST_STEP][PASSED] - y = substring(iy, iy + 4).toInteger(): null

17-03-2025T07:00:14 - [TEST_STEP][PASSED] - println(y): null

17-03-2025T07:00:14 - [TEST_STEP][PASSED] - if (toString().length() == 4): null

17-03-2025T07:00:14 - [TEST_STEP][PASSED] - m = m.substring(0, m.indexOf(y.toString())): null

17-03-2025T07:00:14 - [TEST_STEP][PASSED] - m = m.trim(): null

17-03-2025T07:00:14 - [TEST_STEP][PASSED] - if (m == ""): null

17-03-2025T07:00:14 - [TEST_STEP][PASSED] - dashboardName = "Выполнение бизнес-плана": null

17-03-2025T07:00:14 - [TEST_STEP][PASSED] - workbook01 = getWorkbook(excelFilePath): null

17-03-2025T07:00:14 - [TEST_STEP][PASSED] - sheet01 = getExcelSheet(workbook01, sheetName): null

17-03-2025T07:00:14 - [TEST_STEP][PASSED] - setValueToCellByIndex(sheet01, n, 0, dashboardName): null

17-03-2025T07:00:14 - [TEST_STEP][PASSED] - setValueToCellByIndex(sheet01, n, 1, dZO): null

17-03-2025T07:00:14 - [TEST_STEP][PASSED] - setValueToCellByIndex(sheet01, n, 2, typeOfData): null

17-03-2025T07:00:14 - [TEST_STEP][PASSED] - if (typeOfData == "Факт в процентах" || typeOfData == "План в процентах"): null

17-03-2025T07:00:14 - [TEST_STEP][PASSED] - else: null

17-03-2025T07:00:14 - [TEST_STEP][PASSED] - setValueToCellByIndex(sheet01, n, 3, fileInt): null

17-03-2025T07:00:14 - [TEST_STEP][PASSED] - setValueToCellByIndex(sheet01, n, 4, pageInt): null

17-03-2025T07:00:14 - [TEST_STEP][PASSED] - setValueToCellByIndex(sheet01, n, 5, m): null

17-03-2025T07:00:14 - [TEST_STEP][PASSED] - setValueToCellByIndex(sheet01, n, 6, y): null

17-03-2025T07:00:14 - [TEST_STEP][PASSED] - setValueToCellByIndex(sheet01, n, 7, todaysDate): null

17-03-2025T07:00:14 - [TEST_STEP][PASSED] - n = n + 1: null

17-03-2025T07:00:14 - [TEST_STEP][FAILED] - saveWorkbook(excelFilePath, workbook01): null

17-03-2025T07:00:14 - [TEST_STEP][PASSED] - if (planFact == 2): null

17-03-2025T07:00:14 - [TEST_STEP][PASSED] - if (planFact == 1): null

17-03-2025T07:00:14 - [TEST_STEP][PASSED] - else if (planFact == 2): null

17-03-2025T07:00:14 - [TEST_STEP][PASSED] - click(findTestObject("Выполнение бизнес-плана/Кнопка План")): Object: 'Object Repository/Выполнение бизнес-плана/Кнопка План' is clicked on

17-03-2025T07:00:15 - [MESSAGE][PASSED] - Object: 'Object Repository/Выполнение бизнес-плана/Кнопка План' is clicked on

17-03-2025T07:00:15 - [TEST_STEP][PASSED] - typeOfDataMain = "План": null

17-03-2025T07:00:15 - [TEST_STEP][PASSED] - otpusk = findTestData("PlanFact").getValue(2, a): null

17-03-2025T07:00:15 - [TEST_STEP][PASSED] - poteri = findTestData("PlanFact").getValue(3, a): null

17-03-2025T07:00:15 - [TEST_STEP][PASSED] - otpusk = otpusk.replaceAll("\s+", ""): null

17-03-2025T07:00:15 - [TEST_STEP][PASSED] - poteri = poteri.replaceAll("\s+", ""): null

17-03-2025T07:00:15 - [TEST_STEP][PASSED] - typeOfData = typeOfDataMain + " Отпуск в сеть": null

17-03-2025T07:00:15 - [TEST_STEP][PASSED] - if (a == 82): null

17-03-2025T07:00:15 - [TEST_STEP][PASSED] - else if (a == 84): null

17-03-2025T07:00:15 - [TEST_STEP][PASSED] - else if (a == 83 || a == 52 || a == 72 || a == 28 || a == 73 || a == 77 || a == 74 || a == 65 || a == 36 || a == 44 || a == 53 || a == 80 || a == 54 || a == 1 || a == 18 || a == 59 || a == 81): null

17-03-2025T07:00:15 - [TEST_STEP][PASSED] - path = dataFolder + "Table Data/" + typeOfData + " за отчётный период " + dzoNum: null

17-03-2025T07:00:15 - [TEST_STEP][PASSED] - println(path): null

17-03-2025T07:00:15 - [TEST_STEP][PASSED] - page = getText(findTestObject(path)): Text of object 'Object Repository/Выполнение бизнес-плана/Значения со страницы Выполнение бизнес-плана/Table Data/План Отпуск в сеть за отчётный период 3' is: '10 346 741'

17-03-2025T07:00:15 - [MESSAGE][PASSED] - Text of object 'Object Repository/Выполнение бизнес-плана/Значения со страницы Выполнение бизнес-плана/Table Data/План Отпуск в сеть за отчётный период 3' is: '10 346 741'

17-03-2025T07:00:15 - [TEST_STEP][PASSED] - if (page == "" || page == null): null

17-03-2025T07:00:15 - [TEST_STEP][PASSED] - else: null

17-03-2025T07:00:15 - [TEST_STEP][PASSED] - page = page.replaceAll("\s+", ""): null

17-03-2025T07:00:15 - [TEST_STEP][PASSED] - if (page == "undefined"): null

17-03-2025T07:00:15 - [TEST_STEP][PASSED] - fileOtpuskVSet = otpusk.toInteger(): null

17-03-2025T07:00:15 - [TEST_STEP][PASSED] - pageOtpuskVSet = page.toInteger(): null

17-03-2025T07:00:15 - [TEST_STEP][PASSED] - typeOfData = typeOfDataMain + " Потери": null

17-03-2025T07:00:15 - [TEST_STEP][PASSED] - if (a == 82): null

17-03-2025T07:00:15 - [TEST_STEP][PASSED] - else if (a == 84): null

17-03-2025T07:00:15 - [TEST_STEP][PASSED] - else if (a == 83 || a == 52 || a == 72 || a == 28 || a == 73 || a == 77 || a == 74 || a == 65 || a == 44 || a == 53 || a == 80 || a == 54 || a == 1 || a == 18 || a == 59 || a == 81): null

17-03-2025T07:00:15 - [TEST_STEP][PASSED] - path = dataFolder + "Table Data/" + typeOfData + " за отчётный период " + dzoNum: null

17-03-2025T07:00:15 - [TEST_STEP][FAILED] - page = getText(findTestObject(path)): Unable to get text of object 'Object Repository/Выполнение бизнес-плана/Значения со страницы Выполнение бизнес-плана/Table Data/План Потери за отчётный период 3' (Root cause: com.kms.katalon.core.exception.StepFailedException: Unable to get text of object 'Object Repository/Выполнение бизнес-плана/Значения со страницы Выполнение бизнес-плана/Table Data/План Потери за отчётный период 3'
	at com.kms.katalon.core.webui.keyword.internal.WebUIKeywordMain.stepFailed(WebUIKeywordMain.groovy:64)
	at com.kms.katalon.core.webui.keyword.internal.WebUIKeywordMain.runKeyword(WebUIKeywordMain.groovy:26)
	at com.kms.katalon.core.webui.keyword.builtin.GetTextKeyword.getText(GetTextKeyword.groovy:88)
	at com.kms.katalon.core.webui.keyword.builtin.GetTextKeyword.execute(GetTextKeyword.groovy:67)
	at com.kms.katalon.core.keyword.internal.KeywordExecutor.executeKeywordForPlatform(KeywordExecutor.groovy:74)
	at com.kms.katalon.core.webui.keyword.WebUiBuiltInKeywords.getText(WebUiBuiltInKeywords.groovy:957)
	at Выполнение бизнес-плана Сверка ПАО Россети все филиалы.Numbers(Выполнение бизнес-плана Сверка ПАО Россети все филиалы:594)
	at Выполнение бизнес-плана Сверка ПАО Россети все филиалы.run(Выполнение бизнес-плана Сверка ПАО Россети все филиалы:273)
	at com.kms.katalon.core.main.ScriptEngine.run(ScriptEngine.java:194)
	at com.kms.katalon.core.main.ScriptEngine.runScriptAsRawText(ScriptEngine.java:119)
	at com.kms.katalon.core.main.TestCaseExecutor.runScript(TestCaseExecutor.java:448)
	at com.kms.katalon.core.main.TestCaseExecutor.doExecute(TestCaseExecutor.java:439)
	at com.kms.katalon.core.main.TestCaseExecutor.processExecutionPhase(TestCaseExecutor.java:418)
	at com.kms.katalon.core.main.TestCaseExecutor.accessMainPhase(TestCaseExecutor.java:410)
	at com.kms.katalon.core.main.TestCaseExecutor.execute(TestCaseExecutor.java:285)
	at com.kms.katalon.core.common.CommonExecutor.accessTestCaseMainPhase(CommonExecutor.java:65)
	at com.kms.katalon.core.main.TestSuiteExecutor.accessTestSuiteMainPhase(TestSuiteExecutor.java:150)
	at com.kms.katalon.core.main.TestSuiteExecutor.execute(TestSuiteExecutor.java:106)
	at com.kms.katalon.core.main.TestCaseMain.startTestSuite(TestCaseMain.java:180)
	at TempTestSuite1742171011514.run(TempTestSuite1742171011514.groovy:35)
	at java.base/jdk.internal.reflect.NativeMethodAccessorImpl.invoke0(Native Method)
	at java.base/jdk.internal.reflect.NativeMethodAccessorImpl.invoke(NativeMethodAccessorImpl.java:77)
	at java.base/jdk.internal.reflect.DelegatingMethodAccessorImpl.invoke(DelegatingMethodAccessorImpl.java:43)
Caused by: com.kms.katalon.core.webui.exception.WebElementNotFoundException: Web element with id: 'Object Repository/Выполнение бизнес-плана/Значения со страницы Выполнение бизнес-плана/Table Data/План Потери за отчётный период 3' located by '(.//*[normalize-space(text()) and normalize-space(.)='Показатели баланса электроэнергии по ДЗО – План'])[2]/following::td[37]' not found
	at com.kms.katalon.core.webui.common.WebUiCommonHelper.findWebElement(WebUiCommonHelper.java:1426)
	at com.kms.katalon.core.webui.keyword.internal.WebUIAbstractKeyword.findWebElement(WebUIAbstractKeyword.groovy:27)
	at com.kms.katalon.core.webui.keyword.internal.WebUIAbstractKeyword.findWebElement(WebUIAbstractKeyword.groovy:26)
	at com.kms.katalon.core.webui.keyword.builtin.GetTextKeyword$_getText_closure1.doCall(GetTextKeyword.groovy:78)
	at com.kms.katalon.core.webui.keyword.builtin.GetTextKeyword$_getText_closure1.call(GetTextKeyword.groovy)
	at com.kms.katalon.core.webui.keyword.internal.WebUIKeywordMain.runKeyword(WebUIKeywordMain.groovy:20)
	at com.kms.katalon.core.webui.keyword.builtin.GetTextKeyword.getText(GetTextKeyword.groovy:88)
	at com.kms.katalon.core.webui.keyword.builtin.GetTextKeyword.execute(GetTextKeyword.groovy:67)
	at com.kms.katalon.core.keyword.internal.KeywordExecutor.executeKeywordForPlatform(KeywordExecutor.groovy:74)
	at com.kms.katalon.core.webui.keyword.WebUiBuiltInKeywords.getText(WebUiBuiltInKeywords.groovy:957)
	at Script1718980020443.Numbers(Script1718980020443.groovy:594)
	at Script1718980020443.run(Script1718980020443.groovy:273)
	... 15 more
)

17-03-2025T07:00:46 - [MESSAGE][INFO] - Unable to find the element located by 'By.xpath: (.//*[normalize-space(text()) and normalize-space(.)='Показатели баланса электроэнергии по ДЗО – План'])[2]/following::td[37]'. Please recheck the objects properties to make sure the desired element is located. 

17-03-2025T07:00:46 - [MESSAGE][FAILED] - Unable to get text of object 'Object Repository/Выполнение бизнес-плана/Значения со страницы Выполнение бизнес-плана/Table Data/План Потери за отчётный период 3' (Root cause: com.kms.katalon.core.exception.StepFailedException: Unable to get text of object 'Object Repository/Выполнение бизнес-плана/Значения со страницы Выполнение бизнес-плана/Table Data/План Потери за отчётный период 3'
	at com.kms.katalon.core.webui.keyword.internal.WebUIKeywordMain.stepFailed(WebUIKeywordMain.groovy:64)
	at com.kms.katalon.core.webui.keyword.internal.WebUIKeywordMain.runKeyword(WebUIKeywordMain.groovy:26)
	at com.kms.katalon.core.webui.keyword.builtin.GetTextKeyword.getText(GetTextKeyword.groovy:88)
	at com.kms.katalon.core.webui.keyword.builtin.GetTextKeyword.execute(GetTextKeyword.groovy:67)
	at com.kms.katalon.core.keyword.internal.KeywordExecutor.executeKeywordForPlatform(KeywordExecutor.groovy:74)
	at com.kms.katalon.core.webui.keyword.WebUiBuiltInKeywords.getText(WebUiBuiltInKeywords.groovy:957)
	at Выполнение бизнес-плана Сверка ПАО Россети все филиалы.Numbers(Выполнение бизнес-плана Сверка ПАО Россети все филиалы:594)
	at Выполнение бизнес-плана Сверка ПАО Россети все филиалы.run(Выполнение бизнес-плана Сверка ПАО Россети все филиалы:273)
	at com.kms.katalon.core.main.ScriptEngine.run(ScriptEngine.java:194)
	at com.kms.katalon.core.main.ScriptEngine.runScriptAsRawText(ScriptEngine.java:119)
	at com.kms.katalon.core.main.TestCaseExecutor.runScript(TestCaseExecutor.java:448)
	at com.kms.katalon.core.main.TestCaseExecutor.doExecute(TestCaseExecutor.java:439)
	at com.kms.katalon.core.main.TestCaseExecutor.processExecutionPhase(TestCaseExecutor.java:418)
	at com.kms.katalon.core.main.TestCaseExecutor.accessMainPhase(TestCaseExecutor.java:410)
	at com.kms.katalon.core.main.TestCaseExecutor.execute(TestCaseExecutor.java:285)
	at com.kms.katalon.core.common.CommonExecutor.accessTestCaseMainPhase(CommonExecutor.java:65)
	at com.kms.katalon.core.main.TestSuiteExecutor.accessTestSuiteMainPhase(TestSuiteExecutor.java:150)
	at com.kms.katalon.core.main.TestSuiteExecutor.execute(TestSuiteExecutor.java:106)
	at com.kms.katalon.core.main.TestCaseMain.startTestSuite(TestCaseMain.java:180)
	at TempTestSuite1742171011514.run(TempTestSuite1742171011514.groovy:35)
	at java.base/jdk.internal.reflect.NativeMethodAccessorImpl.invoke0(Native Method)
	at java.base/jdk.internal.reflect.NativeMethodAccessorImpl.invoke(NativeMethodAccessorImpl.java:77)
	at java.base/jdk.internal.reflect.DelegatingMethodAccessorImpl.invoke(DelegatingMethodAccessorImpl.java:43)
Caused by: com.kms.katalon.core.webui.exception.WebElementNotFoundException: Web element with id: 'Object Repository/Выполнение бизнес-плана/Значения со страницы Выполнение бизнес-плана/Table Data/План Потери за отчётный период 3' located by '(.//*[normalize-space(text()) and normalize-space(.)='Показатели баланса электроэнергии по ДЗО – План'])[2]/following::td[37]' not found
	at com.kms.katalon.core.webui.common.WebUiCommonHelper.findWebElement(WebUiCommonHelper.java:1426)
	at com.kms.katalon.core.webui.keyword.internal.WebUIAbstractKeyword.findWebElement(WebUIAbstractKeyword.groovy:27)
	at com.kms.katalon.core.webui.keyword.internal.WebUIAbstractKeyword.findWebElement(WebUIAbstractKeyword.groovy:26)
	at com.kms.katalon.core.webui.keyword.builtin.GetTextKeyword$_getText_closure1.doCall(GetTextKeyword.groovy:78)
	at com.kms.katalon.core.webui.keyword.builtin.GetTextKeyword$_getText_closure1.call(GetTextKeyword.groovy)
	at com.kms.katalon.core.webui.keyword.internal.WebUIKeywordMain.runKeyword(WebUIKeywordMain.groovy:20)
	at com.kms.katalon.core.webui.keyword.builtin.GetTextKeyword.getText(GetTextKeyword.groovy:88)
	at com.kms.katalon.core.webui.keyword.builtin.GetTextKeyword.execute(GetTextKeyword.groovy:67)
	at com.kms.katalon.core.keyword.internal.KeywordExecutor.executeKeywordForPlatform(KeywordExecutor.groovy:74)
	at com.kms.katalon.core.webui.keyword.WebUiBuiltInKeywords.getText(WebUiBuiltInKeywords.groovy:957)
	at Script1718980020443.Numbers(Script1718980020443.groovy:594)
	at Script1718980020443.run(Script1718980020443.groovy:273)
	... 15 more
)
[[ATTACHMENT|C:\\Users\\LIAZGINA-DI\\git\\SPORU\\Reports\\20250317_032331\\\u041F\u043D-\u0421\u0440-\u041F\u0442\\\u0421\u0432\u0435\u0440\u043A\u0430 \u0434\u0430\u0448\u0431\u043E\u0440\u0434\u043E\u0432 \u0438\u0437 \u0440\u0430\u0437\u043D\u044B\u0445 \u0431\u043B\u043E\u043A\u043E\u0432\\20250317_032331\\1742184046701.png]]

17-03-2025T07:00:46 - [TEST_STEP][PASSED] - if (page == "" || page == null): null

17-03-2025T07:00:46 - [TEST_STEP][PASSED] - fileInt = poteri.toInteger(): null

17-03-2025T07:00:46 - [TEST_STEP][PASSED] - Script1718980020443.WriteToExcelNoData(a, typeOfData, todaysDate, fileInt, fileDouble, dZO): null

17-03-2025T07:00:46 - [TEST_STEP][PASSED] - sheetName = "Sheet1": null

17-03-2025T07:00:46 - [TEST_STEP][PASSED] - data = findTestData("PlanFact"): null

17-03-2025T07:00:46 - [TEST_STEP][PASSED] - n = data.getRowNumbers() + 1: null

17-03-2025T07:00:46 - [TEST_STEP][PASSED] - day = ")).toInteger(): null

17-03-2025T07:00:46 - [TEST_STEP][PASSED] - println(day): null

17-03-2025T07:00:46 - [TEST_STEP][PASSED] - month = ")).toInteger(): null

17-03-2025T07:00:46 - [TEST_STEP][PASSED] - println(month): null

17-03-2025T07:00:46 - [TEST_STEP][PASSED] - y = <not implemented yet for class: org.codehaus.groovy.ast.expr.EmptyExpression>: null

17-03-2025T07:00:46 - [TEST_STEP][PASSED] - iy = <not implemented yet for class: org.codehaus.groovy.ast.expr.EmptyExpression>: null

17-03-2025T07:00:46 - [TEST_STEP][PASSED] - m = getText(findTestObject("Выполнение бизнес-плана/Период")): Text of object 'Object Repository/Выполнение бизнес-плана/Период' is: 'Январь 2025 года'

17-03-2025T07:00:47 - [MESSAGE][PASSED] - Text of object 'Object Repository/Выполнение бизнес-плана/Период' is: 'Январь 2025 года'

17-03-2025T07:00:47 - [TEST_STEP][PASSED] - iy = m.indexOf("20"): null

17-03-2025T07:00:47 - [TEST_STEP][PASSED] - if (iy > -1): null

17-03-2025T07:00:47 - [TEST_STEP][PASSED] - y = substring(iy, iy + 4).toInteger(): null

17-03-2025T07:00:47 - [TEST_STEP][PASSED] - println(y): null

17-03-2025T07:00:47 - [TEST_STEP][PASSED] - if (toString().length() == 4): null

17-03-2025T07:00:47 - [TEST_STEP][PASSED] - m = m.substring(0, m.indexOf(y.toString())): null

17-03-2025T07:00:47 - [TEST_STEP][PASSED] - m = m.trim(): null

17-03-2025T07:00:47 - [TEST_STEP][PASSED] - if (m == ""): null

17-03-2025T07:00:47 - [TEST_STEP][PASSED] - dashboardName = "Выполнение бизнес-плана": null

17-03-2025T07:00:47 - [TEST_STEP][PASSED] - workbook01 = getWorkbook(excelFilePath): null

17-03-2025T07:00:47 - [TEST_STEP][PASSED] - sheet01 = getExcelSheet(workbook01, sheetName): null

17-03-2025T07:00:47 - [TEST_STEP][PASSED] - setValueToCellByIndex(sheet01, n, 0, dashboardName): null

17-03-2025T07:00:47 - [TEST_STEP][PASSED] - setValueToCellByIndex(sheet01, n, 1, dZO): null

17-03-2025T07:00:47 - [TEST_STEP][PASSED] - setValueToCellByIndex(sheet01, n, 2, typeOfData): null

17-03-2025T07:00:47 - [TEST_STEP][PASSED] - if (typeOfData == "Факт в процентах" || typeOfData == "План в процентах"): null

17-03-2025T07:00:47 - [TEST_STEP][PASSED] - else: null

17-03-2025T07:00:47 - [TEST_STEP][PASSED] - setValueToCellByIndex(sheet01, n, 3, fileInt): null

17-03-2025T07:00:47 - [TEST_STEP][PASSED] - setValueToCellByIndex(sheet01, n, 4, "нет данных"): null

17-03-2025T07:00:47 - [TEST_STEP][PASSED] - setValueToCellByIndex(sheet01, n, 5, m): null

17-03-2025T07:00:47 - [TEST_STEP][PASSED] - setValueToCellByIndex(sheet01, n, 6, y): null

17-03-2025T07:00:47 - [TEST_STEP][PASSED] - setValueToCellByIndex(sheet01, n, 7, todaysDate): null

17-03-2025T07:00:47 - [TEST_STEP][PASSED] - n = n + 1: null

17-03-2025T07:00:47 - [TEST_STEP][PASSED] - saveWorkbook(excelFilePath, workbook01): null

17-03-2025T07:00:47 - [TEST_STEP][PASSED] - compare = pageOtpuskVSet: null

17-03-2025T07:00:47 - [TEST_STEP][PASSED] - if (pageOtpuskVSet != null): null

17-03-2025T07:00:47 - [TEST_STEP][PASSED] - if (compare == fileOtpuskVSet): null

17-03-2025T07:00:47 - [TEST_STEP][PASSED] - if (compare == fileOtpuskVSet): null

17-03-2025T07:00:47 - [TEST_STEP][PASSED] - compare = pagePoteri: null

17-03-2025T07:00:47 - [TEST_STEP][PASSED] - if (pageOtpuskVSet != null): null

17-03-2025T07:00:47 - [TEST_STEP][PASSED] - if (compare == filePoteri): null

17-03-2025T07:00:47 - [TEST_STEP][PASSED] - else if (compare > filePoteri): null

17-03-2025T07:00:47 - [TEST_STEP][PASSED] - else if (compare < filePoteri): null

17-03-2025T07:00:47 - [TEST_STEP][PASSED] - compare = compare + 1: null

17-03-2025T07:00:47 - [TEST_STEP][PASSED] - if (compare == filePoteri): null

17-03-2025T07:00:47 - [TEST_STEP][PASSED] - else: null

17-03-2025T07:00:47 - [TEST_STEP][PASSED] - numberOfErrors = numberOfErrors + 1: null

17-03-2025T07:00:47 - [TEST_STEP][PASSED] - pageInt = pagePoteri: null

17-03-2025T07:00:47 - [TEST_STEP][PASSED] - fileInt = filePoteri: null

17-03-2025T07:00:47 - [TEST_STEP][PASSED] - typeOfData = typeOfDataMain + " Потери": null

17-03-2025T07:00:47 - [TEST_STEP][PASSED] - Script1718980020443.WriteToExcel(a, typeOfData, todaysDate, pageInt, fileInt, pageDouble, fileDouble, dZO): null

17-03-2025T07:00:47 - [TEST_STEP][PASSED] - sheetName = "Sheet1": null

17-03-2025T07:00:47 - [TEST_STEP][PASSED] - data = findTestData("PlanFact"): null

17-03-2025T07:00:47 - [TEST_STEP][PASSED] - n = data.getRowNumbers() + 1: null

17-03-2025T07:00:47 - [TEST_STEP][PASSED] - day = ")).toInteger(): null

17-03-2025T07:00:47 - [TEST_STEP][PASSED] - println(day): null

17-03-2025T07:00:47 - [TEST_STEP][PASSED] - month = ")).toInteger(): null

17-03-2025T07:00:47 - [TEST_STEP][PASSED] - println(month): null

17-03-2025T07:00:47 - [TEST_STEP][PASSED] - y = <not implemented yet for class: org.codehaus.groovy.ast.expr.EmptyExpression>: null

17-03-2025T07:00:47 - [TEST_STEP][PASSED] - iy = <not implemented yet for class: org.codehaus.groovy.ast.expr.EmptyExpression>: null

17-03-2025T07:00:47 - [TEST_STEP][PASSED] - m = getText(findTestObject("Выполнение бизнес-плана/Период")): Text of object 'Object Repository/Выполнение бизнес-плана/Период' is: 'Январь 2025 года'

17-03-2025T07:00:47 - [MESSAGE][PASSED] - Text of object 'Object Repository/Выполнение бизнес-плана/Период' is: 'Январь 2025 года'

17-03-2025T07:00:47 - [TEST_STEP][PASSED] - iy = m.indexOf("20"): null

17-03-2025T07:00:47 - [TEST_STEP][PASSED] - if (iy > -1): null

17-03-2025T07:00:47 - [TEST_STEP][PASSED] - y = substring(iy, iy + 4).toInteger(): null

17-03-2025T07:00:47 - [TEST_STEP][PASSED] - println(y): null

17-03-2025T07:00:47 - [TEST_STEP][PASSED] - if (toString().length() == 4): null

17-03-2025T07:00:47 - [TEST_STEP][PASSED] - m = m.substring(0, m.indexOf(y.toString())): null

17-03-2025T07:00:47 - [TEST_STEP][PASSED] - m = m.trim(): null

17-03-2025T07:00:47 - [TEST_STEP][PASSED] - if (m == ""): null

17-03-2025T07:00:47 - [TEST_STEP][PASSED] - dashboardName = "Выполнение бизнес-плана": null

17-03-2025T07:00:47 - [TEST_STEP][PASSED] - workbook01 = getWorkbook(excelFilePath): null

17-03-2025T07:00:47 - [TEST_STEP][PASSED] - sheet01 = getExcelSheet(workbook01, sheetName): null

17-03-2025T07:00:47 - [TEST_STEP][PASSED] - setValueToCellByIndex(sheet01, n, 0, dashboardName): null

17-03-2025T07:00:47 - [TEST_STEP][PASSED] - setValueToCellByIndex(sheet01, n, 1, dZO): null

17-03-2025T07:00:47 - [TEST_STEP][PASSED] - setValueToCellByIndex(sheet01, n, 2, typeOfData): null

17-03-2025T07:00:47 - [TEST_STEP][PASSED] - if (typeOfData == "Факт в процентах" || typeOfData == "План в процентах"): null

17-03-2025T07:00:47 - [TEST_STEP][PASSED] - else: null

17-03-2025T07:00:47 - [TEST_STEP][PASSED] - setValueToCellByIndex(sheet01, n, 3, fileInt): null

17-03-2025T07:00:47 - [TEST_STEP][PASSED] - setValueToCellByIndex(sheet01, n, 4, pageInt): null

17-03-2025T07:00:47 - [TEST_STEP][PASSED] - setValueToCellByIndex(sheet01, n, 5, m): null

17-03-2025T07:00:47 - [TEST_STEP][PASSED] - setValueToCellByIndex(sheet01, n, 6, y): null

17-03-2025T07:00:47 - [TEST_STEP][PASSED] - setValueToCellByIndex(sheet01, n, 7, todaysDate): null

17-03-2025T07:00:47 - [TEST_STEP][PASSED] - n = n + 1: null

17-03-2025T07:00:47 - [TEST_STEP][PASSED] - saveWorkbook(excelFilePath, workbook01): Object: 'Object Repository/Выполнение бизнес-плана/Кнопка Факт' is clicked on

17-03-2025T07:00:48 - [TEST_STEP][PASSED] - if (planFact == 2): Object: 'Object Repository/Выполнение бизнес-плана/Кнопка Факт' is clicked on

17-03-2025T07:00:48 - [TEST_STEP][PASSED] - click(findTestObject("Выполнение бизнес-плана/Кнопка Факт")): Object: 'Object Repository/Выполнение бизнес-плана/Кнопка Факт' is clicked on

17-03-2025T07:00:48 - [MESSAGE][PASSED] - Object: 'Object Repository/Выполнение бизнес-плана/Кнопка Факт' is clicked on

17-03-2025T07:00:48 - [TEST_STEP][PASSED] - println("a=" + a): null

17-03-2025T07:00:48 - [TEST_STEP][PASSED] - if (a == 84 || a == 82): null

17-03-2025T07:00:48 - [TEST_STEP][PASSED] - else if (a == 83 || a == 52 || a == 72 || a == 28 || a == 73 || a == 77 || a == 74 || a == 65 || a == 36 || a == 44 || a == 53 || a == 80 || a == 54 || a == 1 || a == 18 || a == 59 || a == 81): null

17-03-2025T07:00:48 - [TEST_STEP][PASSED] - page1 = getText(findTestObject("Object Repository/Выполнение бизнес-плана/spanPlan" + dzoNum)): Text of object 'Object Repository/Выполнение бизнес-плана/spanPlan3' is: '9.74
|'

17-03-2025T07:00:48 - [MESSAGE][PASSED] - Text of object 'Object Repository/Выполнение бизнес-плана/spanPlan3' is: '9.74
|'

17-03-2025T07:00:48 - [TEST_STEP][PASSED] - page1 = page1.replace("|", ""): null

17-03-2025T07:00:48 - [TEST_STEP][PASSED] - page2 = getText(findTestObject("Object Repository/Выполнение бизнес-плана/spanFact" + dzoNum)): Text of object 'Object Repository/Выполнение бизнес-плана/spanFact3' is: '9.32'

17-03-2025T07:00:48 - [MESSAGE][PASSED] - Text of object 'Object Repository/Выполнение бизнес-плана/spanFact3' is: '9.32'

17-03-2025T07:00:48 - [TEST_STEP][PASSED] - page2 = page2.replace("|", ""): null

17-03-2025T07:00:48 - [TEST_STEP][PASSED] - println("page1: " + page1): null

17-03-2025T07:00:48 - [TEST_STEP][PASSED] - println("page2: " + page2): null

17-03-2025T07:00:48 - [TEST_STEP][PASSED] - file = findTestData("PlanFact").getValue(4, a): null

17-03-2025T07:00:49 - [TEST_STEP][PASSED] - file = file.replace(",", "."): null

17-03-2025T07:00:49 - [TEST_STEP][PASSED] - println("file Plan: " + file): null

17-03-2025T07:00:49 - [TEST_STEP][PASSED] - typeOfData = "План в процентах": null

17-03-2025T07:00:49 - [TEST_STEP][PASSED] - fileDouble = file.toDouble(): null

17-03-2025T07:00:49 - [TEST_STEP][PASSED] - pageDouble = page1.toDouble(): null

17-03-2025T07:00:49 - [TEST_STEP][PASSED] - if (fileDouble != pageDouble): null

17-03-2025T07:00:49 - [TEST_STEP][PASSED] - file = findTestData("PlanFact").getValue(7, a): null

17-03-2025T07:00:49 - [TEST_STEP][PASSED] - file = file.replace(",", "."): null

17-03-2025T07:00:49 - [TEST_STEP][PASSED] - println("file Fact: " + file): null

17-03-2025T07:00:49 - [TEST_STEP][PASSED] - fileDouble = file.toDouble(): null

17-03-2025T07:00:49 - [TEST_STEP][PASSED] - typeOfData = "Факт в процентах": null

17-03-2025T07:00:49 - [TEST_STEP][PASSED] - fileDouble = file.toDouble(): null

17-03-2025T07:00:49 - [TEST_STEP][PASSED] - pageDouble = page2.toDouble(): null

17-03-2025T07:00:49 - [TEST_STEP][PASSED] - if (fileDouble != pageDouble): null

17-03-2025T07:00:49 - [TEST_STEP][FAILED] - if (verifyEqual(numberOfErrors, 0) == false): null

17-03-2025T07:00:49 - [MESSAGE][FAILED] - Unable to verify equal between actual object '2' and expected object '0' (Root cause: com.kms.katalon.core.exception.StepFailedException: Actual object '2' and expected object '0' are not equal
	at com.kms.katalon.core.keyword.builtin.VerifyEqualKeyword$_verifyEqual_closure1.doCall(VerifyEqualKeyword.groovy:58)
	at com.kms.katalon.core.keyword.builtin.VerifyEqualKeyword$_verifyEqual_closure1.call(VerifyEqualKeyword.groovy)
	at com.kms.katalon.core.keyword.internal.KeywordMain.runKeyword(KeywordMain.groovy:75)
	at com.kms.katalon.core.keyword.builtin.VerifyEqualKeyword.verifyEqual(VerifyEqualKeyword.groovy:63)
	at com.kms.katalon.core.keyword.builtin.VerifyEqualKeyword.execute(VerifyEqualKeyword.groovy:44)
	at com.kms.katalon.core.keyword.internal.KeywordExecutor.executeKeywordForPlatform(KeywordExecutor.groovy:74)
	at com.kms.katalon.core.keyword.BuiltinKeywords.verifyEqual(BuiltinKeywords.groovy:146)
	at jdk.internal.reflect.GeneratedMethodAccessor23.invoke(Unknown Source)
	at java.base/jdk.internal.reflect.DelegatingMethodAccessorImpl.invoke(DelegatingMethodAccessorImpl.java:43)
	at Выполнение бизнес-плана Сверка ПАО Россети все филиалы.Numbers(Выполнение бизнес-плана Сверка ПАО Россети все филиалы:744)
	at Выполнение бизнес-плана Сверка ПАО Россети все филиалы.run(Выполнение бизнес-плана Сверка ПАО Россети все филиалы:273)
	at com.kms.katalon.core.main.ScriptEngine.run(ScriptEngine.java:194)
	at com.kms.katalon.core.main.ScriptEngine.runScriptAsRawText(ScriptEngine.java:119)
	at com.kms.katalon.core.main.TestCaseExecutor.runScript(TestCaseExecutor.java:448)
	at com.kms.katalon.core.main.TestCaseExecutor.doExecute(TestCaseExecutor.java:439)
	at com.kms.katalon.core.main.TestCaseExecutor.processExecutionPhase(TestCaseExecutor.java:418)
	at com.kms.katalon.core.main.TestCaseExecutor.accessMainPhase(TestCaseExecutor.java:410)
	at com.kms.katalon.core.main.TestCaseExecutor.execute(TestCaseExecutor.java:285)
	at com.kms.katalon.core.common.CommonExecutor.accessTestCaseMainPhase(CommonExecutor.java:65)
	at com.kms.katalon.core.main.TestSuiteExecutor.accessTestSuiteMainPhase(TestSuiteExecutor.java:150)
	at com.kms.katalon.core.main.TestSuiteExecutor.execute(TestSuiteExecutor.java:106)
	at com.kms.katalon.core.main.TestCaseMain.startTestSuite(TestCaseMain.java:180)
	at TempTestSuite1742171011514.run(TempTestSuite1742171011514.groovy:35)
	at java.base/jdk.internal.reflect.NativeMethodAccessorImpl.invoke0(Native Method)
	at java.base/jdk.internal.reflect.NativeMethodAccessorImpl.invoke(NativeMethodAccessorImpl.java:77)
	at java.base/jdk.internal.reflect.DelegatingMethodAccessorImpl.invoke(DelegatingMethodAccessorImpl.java:43)
)

17-03-2025T07:00:49 - [TEST_STEP][PASSED] - println(numberOfErrors): null

17-03-2025T07:00:49 - [TEST_STEP][PASSED] - println("a=" + a): null

17-03-2025T07:00:49 - [TEST_STEP][PASSED] - if (a == 28 || a == 77 || a == 74 || a == 65 || a == 36 || a == 44 || a == 54 || a == 1 || a == 18 || a == 59): null

17-03-2025T07:00:49 - [TEST_STEP][PASSED] - Script1718980020443.Filials(a, typeOfData, todaysDate, pageInt, fileInt, pageDouble, fileDouble, dZO, dzoNum, filialNum): null

17-03-2025T07:00:49 - [TEST_STEP][PASSED] - i = <not implemented yet for class: org.codehaus.groovy.ast.expr.EmptyExpression>: null

17-03-2025T07:00:49 - [TEST_STEP][PASSED] - c = <not implemented yet for class: org.codehaus.groovy.ast.expr.EmptyExpression>: null

17-03-2025T07:00:49 - [TEST_STEP][PASSED] - page = <not implemented yet for class: org.codehaus.groovy.ast.expr.EmptyExpression>: null

17-03-2025T07:00:49 - [TEST_STEP][PASSED] - println(dZO): null

17-03-2025T07:00:49 - [TEST_STEP][PASSED] - reducedDZO = <not implemented yet for class: org.codehaus.groovy.ast.expr.EmptyExpression>: null

17-03-2025T07:00:49 - [TEST_STEP][PASSED] - reducedDZO = dZO.substring(dZO.indexOf(" ") + 1, dZO.length()): null

17-03-2025T07:00:49 - [TEST_STEP][PASSED] - if (reducedDZO.contains(" ")): null

17-03-2025T07:00:49 - [TEST_STEP][PASSED] - reducedDZO = reducedDZO.substring(reducedDZO.indexOf(" ") + 1, reducedDZO.length()): null

17-03-2025T07:00:49 - [TEST_STEP][PASSED] - if (reducedDZO.contains(" ")): null

17-03-2025T07:00:49 - [TEST_STEP][PASSED] - println(reducedDZO): null

17-03-2025T07:00:49 - [TEST_STEP][PASSED] - dzoCut = <not implemented yet for class: org.codehaus.groovy.ast.expr.EmptyExpression>: null

17-03-2025T07:00:49 - [TEST_STEP][PASSED] - Script1718980020443.DZO(a): null

17-03-2025T07:00:49 - [TEST_STEP][PASSED] - delay(20): Delayed 20 second(s)

17-03-2025T07:01:09 - [MESSAGE][PASSED] - Delayed 20 second(s)

17-03-2025T07:01:09 - [TEST_STEP][PASSED] - Script1718980020443.OpenFilter(): null

17-03-2025T07:01:09 - [TEST_STEP][PASSED] - click(findTestObject("Object Repository/Выполнение бизнес-плана/Фильтр ДЗО")): Object: 'Object Repository/Выполнение бизнес-плана/Фильтр ДЗО' is clicked on

17-03-2025T07:01:09 - [MESSAGE][PASSED] - Object: 'Object Repository/Выполнение бизнес-плана/Фильтр ДЗО' is clicked on

17-03-2025T07:01:09 - [TEST_STEP][PASSED] - click(findTestObject("Выполнение бизнес-плана/Снять выделение в фильтре ДЗО")): Object: 'Object Repository/Выполнение бизнес-плана/Снять выделение в фильтре ДЗО' is clicked on

17-03-2025T07:01:09 - [MESSAGE][PASSED] - Object: 'Object Repository/Выполнение бизнес-плана/Снять выделение в фильтре ДЗО' is clicked on

17-03-2025T07:01:09 - [TEST_STEP][PASSED] - Script1718980020443.OpenRSK(): null

17-03-2025T07:01:09 - [TEST_STEP][PASSED] - click(findTestObject("Выполнение бизнес-плана/Раскрыть список ПАО Россети в фильтре ДЗО")): Object: 'Object Repository/Выполнение бизнес-плана/Раскрыть список ПАО Россети в фильтре ДЗО' is clicked on

17-03-2025T07:01:10 - [MESSAGE][PASSED] - Object: 'Object Repository/Выполнение бизнес-плана/Раскрыть список ПАО Россети в фильтре ДЗО' is clicked on

17-03-2025T07:01:10 - [TEST_STEP][PASSED] - click(findTestObject("Выполнение бизнес-плана/Раскрыть список РаспредКомплекс в фильтре ДЗО")): Object: 'Object Repository/Выполнение бизнес-плана/Раскрыть список РаспредКомплекс в фильтре ДЗО' is clicked on

17-03-2025T07:01:10 - [MESSAGE][PASSED] - Object: 'Object Repository/Выполнение бизнес-плана/Раскрыть список РаспредКомплекс в фильтре ДЗО' is clicked on

17-03-2025T07:01:10 - [TEST_STEP][PASSED] - if (a == 28): null

17-03-2025T07:01:10 - [TEST_STEP][PASSED] - if (a == 77): null

17-03-2025T07:01:10 - [TEST_STEP][PASSED] - if (a == 74): Object: 'Object Repository/Выполнение бизнес-плана/Россети Московский регион' is clicked on

17-03-2025T07:01:10 - [TEST_STEP][PASSED] - scrollToElement(findTestObject("Общие объекты/Раскрыть список Россети Московский регион"), 30): Scroll to object 'Object Repository/Общие объекты/Раскрыть список Россети Московский регион' successfully

17-03-2025T07:01:10 - [MESSAGE][PASSED] - Scroll to object 'Object Repository/Общие объекты/Раскрыть список Россети Московский регион' successfully

17-03-2025T07:01:10 - [TEST_STEP][PASSED] - click(findTestObject("Выполнение бизнес-плана/Россети Московский регион")): Object: 'Object Repository/Выполнение бизнес-плана/Россети Московский регион' is clicked on

17-03-2025T07:01:11 - [MESSAGE][PASSED] - Object: 'Object Repository/Выполнение бизнес-плана/Россети Московский регион' is clicked on

17-03-2025T07:01:11 - [TEST_STEP][PASSED] - if (a == 65): null

17-03-2025T07:01:11 - [TEST_STEP][PASSED] - if (a == 36): null

17-03-2025T07:01:11 - [TEST_STEP][PASSED] - if (a == 44): null

17-03-2025T07:01:11 - [TEST_STEP][PASSED] - if (a == 54): null

17-03-2025T07:01:11 - [TEST_STEP][PASSED] - if (a == 1): null

17-03-2025T07:01:11 - [TEST_STEP][PASSED] - if (a == 18): null

17-03-2025T07:01:11 - [TEST_STEP][PASSED] - if (a == 59): null

17-03-2025T07:01:11 - [TEST_STEP][PASSED] - Script1718980020443.CloseFilter(): null

17-03-2025T07:01:11 - [TEST_STEP][PASSED] - scrollToElement(findTestObject("Выполнение бизнес-плана/Заголовок дашборда"), 30): Scroll to object 'Object Repository/Выполнение бизнес-плана/Заголовок дашборда' successfully

17-03-2025T07:01:11 - [MESSAGE][PASSED] - Scroll to object 'Object Repository/Выполнение бизнес-плана/Заголовок дашборда' successfully

17-03-2025T07:01:11 - [TEST_STEP][PASSED] - click(findTestObject("Object Repository/Выполнение бизнес-плана/Применить в фильтре ДЗО")): Object: 'Object Repository/Выполнение бизнес-плана/Применить в фильтре ДЗО' is clicked on

17-03-2025T07:01:12 - [MESSAGE][PASSED] - Object: 'Object Repository/Выполнение бизнес-плана/Применить в фильтре ДЗО' is clicked on

17-03-2025T07:01:12 - [TEST_STEP][PASSED] - delay(20): Delayed 20 second(s)

17-03-2025T07:01:32 - [MESSAGE][PASSED] - Delayed 20 second(s)

17-03-2025T07:01:32 - [TEST_STEP][PASSED] - Script1718980020443.ZakrytOpoveshenie(): null

17-03-2025T07:01:32 - [TEST_STEP][PASSED] - delay(10): Delayed 10 second(s)

17-03-2025T07:01:42 - [MESSAGE][PASSED] - Delayed 10 second(s)

17-03-2025T07:01:42 - [TEST_STEP][PASSED] - opoveshenie = getText(findTestObject("Выполнение бизнес-плана/Просьба обратить внимание")): Text of object 'Object Repository/Выполнение бизнес-плана/Просьба обратить внимание' is: ''

17-03-2025T07:01:42 - [MESSAGE][PASSED] - Text of object 'Object Repository/Выполнение бизнес-плана/Просьба обратить внимание' is: ''

17-03-2025T07:01:42 - [TEST_STEP][PASSED] - println(opoveshenie): null

17-03-2025T07:01:42 - [TEST_STEP][PASSED] - if (opoveshenie == "Просьба обратить внимание"): null

17-03-2025T07:01:42 - [TEST_STEP][PASSED] - page = getText(findTestObject("Object Repository/Выполнение бизнес-плана/Filials")): Text of object 'Object Repository/Выполнение бизнес-плана/Filials' is: 'Московская область
г. Москва
0
10
20
30
40
50
60
70'

17-03-2025T07:01:43 - [MESSAGE][PASSED] - Text of object 'Object Repository/Выполнение бизнес-плана/Filials' is: 'Московская область
г. Москва
0
10
20
30
40
50
60
70'

17-03-2025T07:01:43 - [TEST_STEP][PASSED] - println(page): null

17-03-2025T07:01:43 - [TEST_STEP][PASSED] - c = page.indexOf(reducedDZO): null

17-03-2025T07:01:43 - [TEST_STEP][PASSED] - if (c > -1): null

17-03-2025T07:01:43 - [TEST_STEP][PASSED] - x2 = getText(findTestObject("Выполнение бизнес-плана/Список ДЗО старый")): Text of object 'Object Repository/Выполнение бизнес-плана/Список ДЗО старый' is: 'Московская область
г. Москва
0
10
20
30
40
50
60
70'

17-03-2025T07:01:43 - [MESSAGE][PASSED] - Text of object 'Object Repository/Выполнение бизнес-плана/Список ДЗО старый' is: 'Московская область
г. Москва
0
10
20
30
40
50
60
70'

17-03-2025T07:01:43 - [TEST_STEP][PASSED] - if (a == 28): null

17-03-2025T07:01:43 - [TEST_STEP][PASSED] - if (a == 77): null

17-03-2025T07:01:43 - [TEST_STEP][PASSED] - if (a == 74): null

17-03-2025T07:01:43 - [TEST_STEP][PASSED] - dZO = "г. Москва": null

17-03-2025T07:01:43 - [TEST_STEP][PASSED] - a = 75: null

17-03-2025T07:01:43 - [TEST_STEP][PASSED] - dzoCut = dZO.substring(3, dZO.length()): null

17-03-2025T07:01:43 - [TEST_STEP][PASSED] - if (x2.contains(dzoCut)): null

17-03-2025T07:01:43 - [TEST_STEP][PASSED] - filialNum = filialNum + 1: null

17-03-2025T07:01:43 - [TEST_STEP][PASSED] - Script1718980020443.Numbers(a, typeOfData, todaysDate, pageInt, fileInt, pageDouble, fileDouble, dZO, dzoNum, filialNum): null

17-03-2025T07:01:43 - [TEST_STEP][PASSED] - println(dzoNum): null

17-03-2025T07:01:43 - [TEST_STEP][PASSED] - planFact = <not implemented yet for class: org.codehaus.groovy.ast.expr.EmptyExpression>: null

17-03-2025T07:01:43 - [TEST_STEP][PASSED] - page = <not implemented yet for class: org.codehaus.groovy.ast.expr.EmptyExpression>: null

17-03-2025T07:01:43 - [TEST_STEP][PASSED] - page1 = <not implemented yet for class: org.codehaus.groovy.ast.expr.EmptyExpression>: null

17-03-2025T07:01:43 - [TEST_STEP][PASSED] - page2 = <not implemented yet for class: org.codehaus.groovy.ast.expr.EmptyExpression>: null

17-03-2025T07:01:43 - [TEST_STEP][PASSED] - filialNumberInRow = <not implemented yet for class: org.codehaus.groovy.ast.expr.EmptyExpression>: null

17-03-2025T07:01:43 - [TEST_STEP][PASSED] - filialsDzoNames = <not implemented yet for class: org.codehaus.groovy.ast.expr.EmptyExpression>: null

17-03-2025T07:01:43 - [TEST_STEP][PASSED] - numberOfFilials = <not implemented yet for class: org.codehaus.groovy.ast.expr.EmptyExpression>: null

17-03-2025T07:01:43 - [TEST_STEP][PASSED] - numberOfSpaces = <not implemented yet for class: org.codehaus.groovy.ast.expr.EmptyExpression>: null

17-03-2025T07:01:43 - [TEST_STEP][PASSED] - file = <not implemented yet for class: org.codehaus.groovy.ast.expr.EmptyExpression>: null

17-03-2025T07:01:43 - [TEST_STEP][PASSED] - otpusk = <not implemented yet for class: org.codehaus.groovy.ast.expr.EmptyExpression>: null

17-03-2025T07:01:43 - [TEST_STEP][PASSED] - poteri = <not implemented yet for class: org.codehaus.groovy.ast.expr.EmptyExpression>: null

17-03-2025T07:01:43 - [TEST_STEP][PASSED] - dataFolder = "Выполнение бизнес-плана/Значения со страницы Выполнение бизнес-плана/": null

17-03-2025T07:01:43 - [TEST_STEP][PASSED] - path = <not implemented yet for class: org.codehaus.groovy.ast.expr.EmptyExpression>: null

17-03-2025T07:01:43 - [TEST_STEP][PASSED] - typeOfDataMain = <not implemented yet for class: org.codehaus.groovy.ast.expr.EmptyExpression>: null

17-03-2025T07:01:43 - [TEST_STEP][PASSED] - fileOtpuskVSet = <not implemented yet for class: org.codehaus.groovy.ast.expr.EmptyExpression>: null

17-03-2025T07:01:43 - [TEST_STEP][PASSED] - pageOtpuskVSet = <not implemented yet for class: org.codehaus.groovy.ast.expr.EmptyExpression>: null

17-03-2025T07:01:43 - [TEST_STEP][PASSED] - filePoteri = <not implemented yet for class: org.codehaus.groovy.ast.expr.EmptyExpression>: null

17-03-2025T07:01:43 - [TEST_STEP][PASSED] - pagePoteri = <not implemented yet for class: org.codehaus.groovy.ast.expr.EmptyExpression>: null

17-03-2025T07:01:43 - [TEST_STEP][PASSED] - compare = <not implemented yet for class: org.codehaus.groovy.ast.expr.EmptyExpression>: null

17-03-2025T07:01:43 - [TEST_STEP][PASSED] - b = <not implemented yet for class: org.codehaus.groovy.ast.expr.EmptyExpression>: null

17-03-2025T07:01:43 - [TEST_STEP][PASSED] - i = <not implemented yet for class: org.codehaus.groovy.ast.expr.EmptyExpression>: null

17-03-2025T07:01:43 - [TEST_STEP][PASSED] - ii = <not implemented yet for class: org.codehaus.groovy.ast.expr.EmptyExpression>: null

17-03-2025T07:01:43 - [TEST_STEP][PASSED] - c = <not implemented yet for class: org.codehaus.groovy.ast.expr.EmptyExpression>: null

17-03-2025T07:01:43 - [TEST_STEP][PASSED] - numberOfErrors = 0: null

17-03-2025T07:01:43 - [TEST_STEP][PASSED] - if (a == 82): null

17-03-2025T07:01:43 - [TEST_STEP][PASSED] - b = findTestData("PlanFact").getValue(1, a): null

17-03-2025T07:01:43 - [TEST_STEP][PASSED] - i = b.indexOf(" (ГК)"): null

17-03-2025T07:01:43 - [TEST_STEP][PASSED] - if (i > -1): null

17-03-2025T07:01:43 - [TEST_STEP][PASSED] - i = b.indexOf("О ""): null

17-03-2025T07:01:43 - [TEST_STEP][PASSED] - if (i > -1): null

17-03-2025T07:01:43 - [TEST_STEP][PASSED] - i = b.indexOf("О «"): null

17-03-2025T07:01:43 - [TEST_STEP][PASSED] - if (i > -1): null

17-03-2025T07:01:43 - [TEST_STEP][PASSED] - i = b.indexOf("г. "): null

17-03-2025T07:01:43 - [TEST_STEP][PASSED] - if (i > -1): null

17-03-2025T07:01:43 - [TEST_STEP][PASSED] - b = b.substring(i + 3, b.length()): null

17-03-2025T07:01:43 - [TEST_STEP][PASSED] - b = b.trim(): null

17-03-2025T07:01:43 - [TEST_STEP][PASSED] - println(b): null

17-03-2025T07:01:43 - [TEST_STEP][PASSED] - for ([planFact = 1, planFact < 3, (planFact++)]): Object: 'Object Repository/Выполнение бизнес-плана/Кнопка Факт' is clicked on

17-03-2025T07:01:43 - [TEST_STEP][PASSED] - if (planFact == 1): null

17-03-2025T07:01:43 - [TEST_STEP][PASSED] - typeOfDataMain = "Факт": null

17-03-2025T07:01:43 - [TEST_STEP][PASSED] - otpusk = findTestData("PlanFact").getValue(5, a): null

17-03-2025T07:01:43 - [TEST_STEP][PASSED] - poteri = findTestData("PlanFact").getValue(6, a): null

17-03-2025T07:01:43 - [TEST_STEP][PASSED] - otpusk = otpusk.replaceAll("\s+", ""): null

17-03-2025T07:01:43 - [TEST_STEP][PASSED] - poteri = poteri.replaceAll("\s+", ""): null

17-03-2025T07:01:43 - [TEST_STEP][PASSED] - typeOfData = typeOfDataMain + " Отпуск в сеть": null

17-03-2025T07:01:43 - [TEST_STEP][PASSED] - if (a == 82): null

17-03-2025T07:01:43 - [TEST_STEP][PASSED] - else if (a == 84): null

17-03-2025T07:01:43 - [TEST_STEP][PASSED] - else if (a == 83 || a == 52 || a == 72 || a == 28 || a == 73 || a == 77 || a == 74 || a == 65 || a == 36 || a == 44 || a == 53 || a == 80 || a == 54 || a == 1 || a == 18 || a == 59 || a == 81): null

17-03-2025T07:01:43 - [TEST_STEP][PASSED] - else: null

17-03-2025T07:01:43 - [TEST_STEP][PASSED] - path = dataFolder + typeOfData + " за отчётный период " + b: null

17-03-2025T07:01:43 - [TEST_STEP][PASSED] - println(path): null

17-03-2025T07:01:43 - [TEST_STEP][PASSED] - page = getText(findTestObject(path)): Text of object 'Object Repository/Выполнение бизнес-плана/Значения со страницы Выполнение бизнес-плана/Факт Отпуск в сеть за отчётный период Москва' is: '4 574 090'

17-03-2025T07:01:44 - [MESSAGE][PASSED] - Text of object 'Object Repository/Выполнение бизнес-плана/Значения со страницы Выполнение бизнес-плана/Факт Отпуск в сеть за отчётный период Москва' is: '4 574 090'

17-03-2025T07:01:44 - [TEST_STEP][PASSED] - if (page == "" || page == null): null

17-03-2025T07:01:44 - [TEST_STEP][PASSED] - else: null

17-03-2025T07:01:44 - [TEST_STEP][PASSED] - page = page.replaceAll("\s+", ""): null

17-03-2025T07:01:44 - [TEST_STEP][PASSED] - if (page == "undefined"): null

17-03-2025T07:01:44 - [TEST_STEP][PASSED] - fileOtpuskVSet = otpusk.toInteger(): null

17-03-2025T07:01:44 - [TEST_STEP][PASSED] - pageOtpuskVSet = page.toInteger(): null

17-03-2025T07:01:44 - [TEST_STEP][PASSED] - typeOfData = typeOfDataMain + " Потери": null

17-03-2025T07:01:44 - [TEST_STEP][PASSED] - if (a == 82): null

17-03-2025T07:01:44 - [TEST_STEP][PASSED] - else if (a == 84): null

17-03-2025T07:01:44 - [TEST_STEP][PASSED] - else if (a == 83 || a == 52 || a == 72 || a == 28 || a == 73 || a == 77 || a == 74 || a == 65 || a == 44 || a == 53 || a == 80 || a == 54 || a == 1 || a == 18 || a == 59 || a == 81): null

17-03-2025T07:01:44 - [TEST_STEP][PASSED] - else: null

17-03-2025T07:01:44 - [TEST_STEP][PASSED] - path = dataFolder + typeOfData + " за отчётный период " + b: null

17-03-2025T07:01:44 - [TEST_STEP][PASSED] - page = getText(findTestObject(path)): Text of object 'Object Repository/Выполнение бизнес-плана/Значения со страницы Выполнение бизнес-плана/Факт Потери за отчётный период Москва' is: '211 224'

17-03-2025T07:01:44 - [MESSAGE][PASSED] - Text of object 'Object Repository/Выполнение бизнес-плана/Значения со страницы Выполнение бизнес-плана/Факт Потери за отчётный период Москва' is: '211 224'

17-03-2025T07:01:44 - [TEST_STEP][PASSED] - if (page == "" || page == null): null

17-03-2025T07:01:44 - [TEST_STEP][PASSED] - else: null

17-03-2025T07:01:44 - [TEST_STEP][PASSED] - page = page.replaceAll("\s+", ""): null

17-03-2025T07:01:44 - [TEST_STEP][PASSED] - if (page == "undefined"): null

17-03-2025T07:01:44 - [TEST_STEP][PASSED] - filePoteri = poteri.toInteger(): null

17-03-2025T07:01:44 - [TEST_STEP][PASSED] - pagePoteri = page.toInteger(): null

17-03-2025T07:01:44 - [TEST_STEP][PASSED] - compare = pageOtpuskVSet: null

17-03-2025T07:01:44 - [TEST_STEP][PASSED] - if (pageOtpuskVSet != null): null

17-03-2025T07:01:44 - [TEST_STEP][PASSED] - if (compare == fileOtpuskVSet): null

17-03-2025T07:01:44 - [TEST_STEP][PASSED] - if (compare == fileOtpuskVSet): null

17-03-2025T07:01:44 - [TEST_STEP][PASSED] - compare = pagePoteri: null

17-03-2025T07:01:44 - [TEST_STEP][PASSED] - if (pageOtpuskVSet != null): null

17-03-2025T07:01:44 - [TEST_STEP][PASSED] - if (compare == filePoteri): null

17-03-2025T07:01:44 - [TEST_STEP][PASSED] - if (compare == filePoteri): null

17-03-2025T07:01:44 - [TEST_STEP][PASSED] - if (planFact == 2): null

17-03-2025T07:01:44 - [TEST_STEP][PASSED] - if (planFact == 1): null

17-03-2025T07:01:44 - [TEST_STEP][PASSED] - else if (planFact == 2): null

17-03-2025T07:01:44 - [TEST_STEP][PASSED] - click(findTestObject("Выполнение бизнес-плана/Кнопка План")): Object: 'Object Repository/Выполнение бизнес-плана/Кнопка План' is clicked on

17-03-2025T07:01:44 - [MESSAGE][PASSED] - Object: 'Object Repository/Выполнение бизнес-плана/Кнопка План' is clicked on

17-03-2025T07:01:44 - [TEST_STEP][PASSED] - typeOfDataMain = "План": null

17-03-2025T07:01:44 - [TEST_STEP][PASSED] - otpusk = findTestData("PlanFact").getValue(2, a): null

17-03-2025T07:01:44 - [TEST_STEP][PASSED] - poteri = findTestData("PlanFact").getValue(3, a): null

17-03-2025T07:01:44 - [TEST_STEP][PASSED] - otpusk = otpusk.replaceAll("\s+", ""): null

17-03-2025T07:01:44 - [TEST_STEP][PASSED] - poteri = poteri.replaceAll("\s+", ""): null

17-03-2025T07:01:44 - [TEST_STEP][PASSED] - typeOfData = typeOfDataMain + " Отпуск в сеть": null

17-03-2025T07:01:44 - [TEST_STEP][PASSED] - if (a == 82): null

17-03-2025T07:01:44 - [TEST_STEP][PASSED] - else if (a == 84): null

17-03-2025T07:01:44 - [TEST_STEP][PASSED] - else if (a == 83 || a == 52 || a == 72 || a == 28 || a == 73 || a == 77 || a == 74 || a == 65 || a == 36 || a == 44 || a == 53 || a == 80 || a == 54 || a == 1 || a == 18 || a == 59 || a == 81): null

17-03-2025T07:01:44 - [TEST_STEP][PASSED] - else: null

17-03-2025T07:01:44 - [TEST_STEP][PASSED] - path = dataFolder + typeOfData + " за отчётный период " + b: null

17-03-2025T07:01:44 - [TEST_STEP][PASSED] - println(path): null

17-03-2025T07:01:44 - [TEST_STEP][PASSED] - page = getText(findTestObject(path)): Text of object 'Object Repository/Выполнение бизнес-плана/Значения со страницы Выполнение бизнес-плана/План Отпуск в сеть за отчётный период Москва' is: '4 682 890'

17-03-2025T07:01:45 - [MESSAGE][PASSED] - Text of object 'Object Repository/Выполнение бизнес-плана/Значения со страницы Выполнение бизнес-плана/План Отпуск в сеть за отчётный период Москва' is: '4 682 890'

17-03-2025T07:01:45 - [TEST_STEP][PASSED] - if (page == "" || page == null): null

17-03-2025T07:01:45 - [TEST_STEP][PASSED] - else: null

17-03-2025T07:01:45 - [TEST_STEP][PASSED] - page = page.replaceAll("\s+", ""): null

17-03-2025T07:01:45 - [TEST_STEP][PASSED] - if (page == "undefined"): null

17-03-2025T07:01:45 - [TEST_STEP][PASSED] - fileOtpuskVSet = otpusk.toInteger(): null

17-03-2025T07:01:45 - [TEST_STEP][PASSED] - pageOtpuskVSet = page.toInteger(): null

17-03-2025T07:01:45 - [TEST_STEP][PASSED] - typeOfData = typeOfDataMain + " Потери": null

17-03-2025T07:01:45 - [TEST_STEP][PASSED] - if (a == 82): null

17-03-2025T07:01:45 - [TEST_STEP][PASSED] - else if (a == 84): null

17-03-2025T07:01:45 - [TEST_STEP][PASSED] - else if (a == 83 || a == 52 || a == 72 || a == 28 || a == 73 || a == 77 || a == 74 || a == 65 || a == 44 || a == 53 || a == 80 || a == 54 || a == 1 || a == 18 || a == 59 || a == 81): null

17-03-2025T07:01:45 - [TEST_STEP][PASSED] - else: null

17-03-2025T07:01:45 - [TEST_STEP][PASSED] - path = dataFolder + typeOfData + " за отчётный период " + b: null

17-03-2025T07:01:45 - [TEST_STEP][PASSED] - page = getText(findTestObject(path)): Text of object 'Object Repository/Выполнение бизнес-плана/Значения со страницы Выполнение бизнес-плана/План Потери за отчётный период Москва' is: '258 159'

17-03-2025T07:01:45 - [MESSAGE][PASSED] - Text of object 'Object Repository/Выполнение бизнес-плана/Значения со страницы Выполнение бизнес-плана/План Потери за отчётный период Москва' is: '258 159'

17-03-2025T07:01:45 - [TEST_STEP][PASSED] - if (page == "" || page == null): null

17-03-2025T07:01:45 - [TEST_STEP][PASSED] - else: null

17-03-2025T07:01:45 - [TEST_STEP][PASSED] - page = page.replaceAll("\s+", ""): null

17-03-2025T07:01:45 - [TEST_STEP][PASSED] - if (page == "undefined"): null

17-03-2025T07:01:45 - [TEST_STEP][PASSED] - filePoteri = poteri.toInteger(): null

17-03-2025T07:01:45 - [TEST_STEP][PASSED] - pagePoteri = page.toInteger(): null

17-03-2025T07:01:45 - [TEST_STEP][PASSED] - compare = pageOtpuskVSet: null

17-03-2025T07:01:45 - [TEST_STEP][PASSED] - if (pageOtpuskVSet != null): null

17-03-2025T07:01:45 - [TEST_STEP][PASSED] - if (compare == fileOtpuskVSet): null

17-03-2025T07:01:45 - [TEST_STEP][PASSED] - if (compare == fileOtpuskVSet): null

17-03-2025T07:01:45 - [TEST_STEP][PASSED] - compare = pagePoteri: null

17-03-2025T07:01:45 - [TEST_STEP][PASSED] - if (pageOtpuskVSet != null): null

17-03-2025T07:01:45 - [TEST_STEP][PASSED] - if (compare == filePoteri): null

17-03-2025T07:01:45 - [TEST_STEP][PASSED] - if (compare == filePoteri): null

17-03-2025T07:01:45 - [TEST_STEP][PASSED] - if (planFact == 2): Object: 'Object Repository/Выполнение бизнес-плана/Кнопка Факт' is clicked on

17-03-2025T07:01:45 - [TEST_STEP][PASSED] - click(findTestObject("Выполнение бизнес-плана/Кнопка Факт")): Object: 'Object Repository/Выполнение бизнес-плана/Кнопка Факт' is clicked on

17-03-2025T07:01:45 - [MESSAGE][PASSED] - Object: 'Object Repository/Выполнение бизнес-плана/Кнопка Факт' is clicked on

17-03-2025T07:01:45 - [TEST_STEP][PASSED] - println("a=" + a): null

17-03-2025T07:01:45 - [TEST_STEP][PASSED] - if (a == 84 || a == 82): null

17-03-2025T07:01:45 - [TEST_STEP][PASSED] - else if (a == 83 || a == 52 || a == 72 || a == 28 || a == 73 || a == 77 || a == 74 || a == 65 || a == 36 || a == 44 || a == 53 || a == 80 || a == 54 || a == 1 || a == 18 || a == 59 || a == 81): null

17-03-2025T07:01:45 - [TEST_STEP][PASSED] - else: null

17-03-2025T07:01:45 - [TEST_STEP][PASSED] - page1 = getText(findTestObject("Object Repository/Выполнение бизнес-плана/spanPlan" + filialNum)): Text of object 'Object Repository/Выполнение бизнес-плана/spanPlan1' is: '13.24
|'

17-03-2025T07:01:46 - [MESSAGE][PASSED] - Text of object 'Object Repository/Выполнение бизнес-плана/spanPlan1' is: '13.24
|'

17-03-2025T07:01:46 - [TEST_STEP][PASSED] - page1 = page1.replace("|", ""): null

17-03-2025T07:01:46 - [TEST_STEP][PASSED] - page2 = getText(findTestObject("Object Repository/Выполнение бизнес-плана/spanFact" + filialNum)): Text of object 'Object Repository/Выполнение бизнес-плана/spanFact1' is: '13.44
|'

17-03-2025T07:01:46 - [MESSAGE][PASSED] - Text of object 'Object Repository/Выполнение бизнес-плана/spanFact1' is: '13.44
|'

17-03-2025T07:01:46 - [TEST_STEP][PASSED] - page2 = page2.replace("|", ""): null

17-03-2025T07:01:46 - [TEST_STEP][PASSED] - println("page1: " + page1): null

17-03-2025T07:01:46 - [TEST_STEP][PASSED] - println("page2: " + page2): null

17-03-2025T07:01:46 - [TEST_STEP][PASSED] - file = findTestData("PlanFact").getValue(4, a): null

17-03-2025T07:01:46 - [TEST_STEP][PASSED] - file = file.replace(",", "."): null

17-03-2025T07:01:46 - [TEST_STEP][PASSED] - println("file Plan: " + file): null

17-03-2025T07:01:46 - [TEST_STEP][PASSED] - typeOfData = "План в процентах": null

17-03-2025T07:01:46 - [TEST_STEP][PASSED] - fileDouble = file.toDouble(): null

17-03-2025T07:01:46 - [TEST_STEP][PASSED] - pageDouble = page1.toDouble(): null

17-03-2025T07:01:46 - [TEST_STEP][PASSED] - if (fileDouble != pageDouble): null

17-03-2025T07:01:46 - [TEST_STEP][PASSED] - numberOfErrors = numberOfErrors + 1: null

17-03-2025T07:01:46 - [TEST_STEP][PASSED] - Script1718980020443.WriteToExcel(a, typeOfData, todaysDate, pageInt, fileInt, pageDouble, fileDouble, dZO): null

17-03-2025T07:01:46 - [TEST_STEP][PASSED] - sheetName = "Sheet1": null

17-03-2025T07:01:46 - [TEST_STEP][PASSED] - data = findTestData("PlanFact"): null

17-03-2025T07:01:46 - [TEST_STEP][PASSED] - n = data.getRowNumbers() + 1: null

17-03-2025T07:01:46 - [TEST_STEP][PASSED] - day = ")).toInteger(): null

17-03-2025T07:01:46 - [TEST_STEP][PASSED] - println(day): null

17-03-2025T07:01:46 - [TEST_STEP][PASSED] - month = ")).toInteger(): null

17-03-2025T07:01:46 - [TEST_STEP][PASSED] - println(month): null

17-03-2025T07:01:46 - [TEST_STEP][PASSED] - y = <not implemented yet for class: org.codehaus.groovy.ast.expr.EmptyExpression>: null

17-03-2025T07:01:46 - [TEST_STEP][PASSED] - iy = <not implemented yet for class: org.codehaus.groovy.ast.expr.EmptyExpression>: null

17-03-2025T07:01:46 - [TEST_STEP][PASSED] - m = getText(findTestObject("Выполнение бизнес-плана/Период")): Text of object 'Object Repository/Выполнение бизнес-плана/Период' is: 'Январь 2025 года'

17-03-2025T07:01:46 - [MESSAGE][PASSED] - Text of object 'Object Repository/Выполнение бизнес-плана/Период' is: 'Январь 2025 года'

17-03-2025T07:01:46 - [TEST_STEP][PASSED] - iy = m.indexOf("20"): null

17-03-2025T07:01:46 - [TEST_STEP][PASSED] - if (iy > -1): null

17-03-2025T07:01:46 - [TEST_STEP][PASSED] - y = substring(iy, iy + 4).toInteger(): null

17-03-2025T07:01:46 - [TEST_STEP][PASSED] - println(y): null

17-03-2025T07:01:46 - [TEST_STEP][PASSED] - if (toString().length() == 4): null

17-03-2025T07:01:46 - [TEST_STEP][PASSED] - m = m.substring(0, m.indexOf(y.toString())): null

17-03-2025T07:01:46 - [TEST_STEP][PASSED] - m = m.trim(): null

17-03-2025T07:01:46 - [TEST_STEP][PASSED] - if (m == ""): null

17-03-2025T07:01:46 - [TEST_STEP][PASSED] - dashboardName = "Выполнение бизнес-плана": null

17-03-2025T07:01:46 - [TEST_STEP][PASSED] - workbook01 = getWorkbook(excelFilePath): null

17-03-2025T07:01:46 - [TEST_STEP][PASSED] - sheet01 = getExcelSheet(workbook01, sheetName): null

17-03-2025T07:01:46 - [TEST_STEP][PASSED] - setValueToCellByIndex(sheet01, n, 0, dashboardName): null

17-03-2025T07:01:46 - [TEST_STEP][PASSED] - setValueToCellByIndex(sheet01, n, 1, dZO): null

17-03-2025T07:01:46 - [TEST_STEP][PASSED] - setValueToCellByIndex(sheet01, n, 2, typeOfData): null

17-03-2025T07:01:46 - [TEST_STEP][PASSED] - if (typeOfData == "Факт в процентах" || typeOfData == "План в процентах"): null

17-03-2025T07:01:46 - [TEST_STEP][PASSED] - setValueToCellByIndex(sheet01, n, 3, fileDouble): null

17-03-2025T07:01:46 - [TEST_STEP][PASSED] - setValueToCellByIndex(sheet01, n, 4, pageDouble): null

17-03-2025T07:01:46 - [TEST_STEP][PASSED] - setValueToCellByIndex(sheet01, n, 5, m): null

17-03-2025T07:01:46 - [TEST_STEP][PASSED] - setValueToCellByIndex(sheet01, n, 6, y): null

17-03-2025T07:01:46 - [TEST_STEP][PASSED] - setValueToCellByIndex(sheet01, n, 7, todaysDate): null

17-03-2025T07:01:46 - [TEST_STEP][PASSED] - n = n + 1: null

17-03-2025T07:01:46 - [TEST_STEP][PASSED] - saveWorkbook(excelFilePath, workbook01): null

17-03-2025T07:01:47 - [TEST_STEP][PASSED] - file = findTestData("PlanFact").getValue(7, a): null

17-03-2025T07:01:47 - [TEST_STEP][PASSED] - file = file.replace(",", "."): null

17-03-2025T07:01:47 - [TEST_STEP][PASSED] - println("file Fact: " + file): null

17-03-2025T07:01:47 - [TEST_STEP][PASSED] - fileDouble = file.toDouble(): null

17-03-2025T07:01:47 - [TEST_STEP][PASSED] - typeOfData = "Факт в процентах": null

17-03-2025T07:01:47 - [TEST_STEP][PASSED] - fileDouble = file.toDouble(): null

17-03-2025T07:01:47 - [TEST_STEP][PASSED] - pageDouble = page2.toDouble(): null

17-03-2025T07:01:47 - [TEST_STEP][PASSED] - if (fileDouble != pageDouble): null

17-03-2025T07:01:47 - [TEST_STEP][PASSED] - numberOfErrors = numberOfErrors + 1: null

17-03-2025T07:01:47 - [TEST_STEP][PASSED] - Script1718980020443.WriteToExcel(a, typeOfData, todaysDate, pageInt, fileInt, pageDouble, fileDouble, dZO): null

17-03-2025T07:01:47 - [TEST_STEP][PASSED] - sheetName = "Sheet1": null

17-03-2025T07:01:47 - [TEST_STEP][PASSED] - data = findTestData("PlanFact"): null

17-03-2025T07:01:47 - [TEST_STEP][PASSED] - n = data.getRowNumbers() + 1: null

17-03-2025T07:01:47 - [TEST_STEP][PASSED] - day = ")).toInteger(): null

17-03-2025T07:01:47 - [TEST_STEP][PASSED] - println(day): null

17-03-2025T07:01:47 - [TEST_STEP][PASSED] - month = ")).toInteger(): null

17-03-2025T07:01:47 - [TEST_STEP][PASSED] - println(month): null

17-03-2025T07:01:47 - [TEST_STEP][PASSED] - y = <not implemented yet for class: org.codehaus.groovy.ast.expr.EmptyExpression>: null

17-03-2025T07:01:47 - [TEST_STEP][PASSED] - iy = <not implemented yet for class: org.codehaus.groovy.ast.expr.EmptyExpression>: null

17-03-2025T07:01:47 - [TEST_STEP][PASSED] - m = getText(findTestObject("Выполнение бизнес-плана/Период")): Text of object 'Object Repository/Выполнение бизнес-плана/Период' is: 'Январь 2025 года'

17-03-2025T07:01:47 - [MESSAGE][PASSED] - Text of object 'Object Repository/Выполнение бизнес-плана/Период' is: 'Январь 2025 года'

17-03-2025T07:01:47 - [TEST_STEP][PASSED] - iy = m.indexOf("20"): null

17-03-2025T07:01:47 - [TEST_STEP][PASSED] - if (iy > -1): null

17-03-2025T07:01:47 - [TEST_STEP][PASSED] - y = substring(iy, iy + 4).toInteger(): null

17-03-2025T07:01:47 - [TEST_STEP][PASSED] - println(y): null

17-03-2025T07:01:47 - [TEST_STEP][PASSED] - if (toString().length() == 4): null

17-03-2025T07:01:47 - [TEST_STEP][PASSED] - m = m.substring(0, m.indexOf(y.toString())): null

17-03-2025T07:01:47 - [TEST_STEP][PASSED] - m = m.trim(): null

17-03-2025T07:01:47 - [TEST_STEP][PASSED] - if (m == ""): null

17-03-2025T07:01:47 - [TEST_STEP][PASSED] - dashboardName = "Выполнение бизнес-плана": null

17-03-2025T07:01:47 - [TEST_STEP][PASSED] - workbook01 = getWorkbook(excelFilePath): null

17-03-2025T07:01:47 - [TEST_STEP][PASSED] - sheet01 = getExcelSheet(workbook01, sheetName): null

17-03-2025T07:01:47 - [TEST_STEP][PASSED] - setValueToCellByIndex(sheet01, n, 0, dashboardName): null

17-03-2025T07:01:47 - [TEST_STEP][PASSED] - setValueToCellByIndex(sheet01, n, 1, dZO): null

17-03-2025T07:01:47 - [TEST_STEP][PASSED] - setValueToCellByIndex(sheet01, n, 2, typeOfData): null

17-03-2025T07:01:47 - [TEST_STEP][PASSED] - if (typeOfData == "Факт в процентах" || typeOfData == "План в процентах"): null

17-03-2025T07:01:47 - [TEST_STEP][PASSED] - setValueToCellByIndex(sheet01, n, 3, fileDouble): null

17-03-2025T07:01:47 - [TEST_STEP][PASSED] - setValueToCellByIndex(sheet01, n, 4, pageDouble): null

17-03-2025T07:01:47 - [TEST_STEP][PASSED] - setValueToCellByIndex(sheet01, n, 5, m): null

17-03-2025T07:01:47 - [TEST_STEP][PASSED] - setValueToCellByIndex(sheet01, n, 6, y): null

17-03-2025T07:01:47 - [TEST_STEP][PASSED] - setValueToCellByIndex(sheet01, n, 7, todaysDate): null

17-03-2025T07:01:47 - [TEST_STEP][PASSED] - n = n + 1: null

17-03-2025T07:01:47 - [TEST_STEP][PASSED] - saveWorkbook(excelFilePath, workbook01): null

17-03-2025T07:01:47 - [TEST_STEP][FAILED] - if (verifyEqual(numberOfErrors, 0) == false): null

17-03-2025T07:01:47 - [MESSAGE][FAILED] - Unable to verify equal between actual object '2' and expected object '0' (Root cause: com.kms.katalon.core.exception.StepFailedException: Actual object '2' and expected object '0' are not equal
	at com.kms.katalon.core.keyword.builtin.VerifyEqualKeyword$_verifyEqual_closure1.doCall(VerifyEqualKeyword.groovy:58)
	at com.kms.katalon.core.keyword.builtin.VerifyEqualKeyword$_verifyEqual_closure1.call(VerifyEqualKeyword.groovy)
	at com.kms.katalon.core.keyword.internal.KeywordMain.runKeyword(KeywordMain.groovy:75)
	at com.kms.katalon.core.keyword.builtin.VerifyEqualKeyword.verifyEqual(VerifyEqualKeyword.groovy:63)
	at com.kms.katalon.core.keyword.builtin.VerifyEqualKeyword.execute(VerifyEqualKeyword.groovy:44)
	at com.kms.katalon.core.keyword.internal.KeywordExecutor.executeKeywordForPlatform(KeywordExecutor.groovy:74)
	at com.kms.katalon.core.keyword.BuiltinKeywords.verifyEqual(BuiltinKeywords.groovy:146)
	at jdk.internal.reflect.GeneratedMethodAccessor23.invoke(Unknown Source)
	at java.base/jdk.internal.reflect.DelegatingMethodAccessorImpl.invoke(DelegatingMethodAccessorImpl.java:43)
	at Выполнение бизнес-плана Сверка ПАО Россети все филиалы.Numbers(Выполнение бизнес-плана Сверка ПАО Россети все филиалы:744)
	at Выполнение бизнес-плана Сверка ПАО Россети все филиалы.Filials(Выполнение бизнес-плана Сверка ПАО Россети все филиалы:1055)
	at Выполнение бизнес-плана Сверка ПАО Россети все филиалы.Numbers(Выполнение бизнес-плана Сверка ПАО Россети все филиалы:751)
	at Выполнение бизнес-плана Сверка ПАО Россети все филиалы.run(Выполнение бизнес-плана Сверка ПАО Россети все филиалы:273)
	at com.kms.katalon.core.main.ScriptEngine.run(ScriptEngine.java:194)
	at com.kms.katalon.core.main.ScriptEngine.runScriptAsRawText(ScriptEngine.java:119)
	at com.kms.katalon.core.main.TestCaseExecutor.runScript(TestCaseExecutor.java:448)
	at com.kms.katalon.core.main.TestCaseExecutor.doExecute(TestCaseExecutor.java:439)
	at com.kms.katalon.core.main.TestCaseExecutor.processExecutionPhase(TestCaseExecutor.java:418)
	at com.kms.katalon.core.main.TestCaseExecutor.accessMainPhase(TestCaseExecutor.java:410)
	at com.kms.katalon.core.main.TestCaseExecutor.execute(TestCaseExecutor.java:285)
	at com.kms.katalon.core.common.CommonExecutor.accessTestCaseMainPhase(CommonExecutor.java:65)
	at com.kms.katalon.core.main.TestSuiteExecutor.accessTestSuiteMainPhase(TestSuiteExecutor.java:150)
	at com.kms.katalon.core.main.TestSuiteExecutor.execute(TestSuiteExecutor.java:106)
	at com.kms.katalon.core.main.TestCaseMain.startTestSuite(TestCaseMain.java:180)
	at TempTestSuite1742171011514.run(TempTestSuite1742171011514.groovy:35)
	at java.base/jdk.internal.reflect.NativeMethodAccessorImpl.invoke0(Native Method)
	at java.base/jdk.internal.reflect.NativeMethodAccessorImpl.invoke(NativeMethodAccessorImpl.java:77)
	at java.base/jdk.internal.reflect.DelegatingMethodAccessorImpl.invoke(DelegatingMethodAccessorImpl.java:43)
)

17-03-2025T07:01:47 - [TEST_STEP][PASSED] - println(numberOfErrors): null

17-03-2025T07:01:47 - [TEST_STEP][PASSED] - println("a=" + a): null

17-03-2025T07:01:47 - [TEST_STEP][PASSED] - if (a == 28 || a == 77 || a == 74 || a == 65 || a == 36 || a == 44 || a == 54 || a == 1 || a == 18 || a == 59): null

17-03-2025T07:01:47 - [TEST_STEP][PASSED] - if (a == 82): null

17-03-2025T07:01:47 - [TEST_STEP][PASSED] - dZO = "Московская область": null

17-03-2025T07:01:47 - [TEST_STEP][PASSED] - a = 76: null

17-03-2025T07:01:47 - [TEST_STEP][PASSED] - dzoCut = dZO.substring(0, 10): null

17-03-2025T07:01:47 - [TEST_STEP][PASSED] - if (x2.contains(dzoCut)): null

17-03-2025T07:01:47 - [TEST_STEP][PASSED] - filialNum = filialNum + 1: null

17-03-2025T07:01:47 - [TEST_STEP][PASSED] - Script1718980020443.Numbers(a, typeOfData, todaysDate, pageInt, fileInt, pageDouble, fileDouble, dZO, dzoNum, filialNum): null

17-03-2025T07:01:47 - [TEST_STEP][PASSED] - println(dzoNum): null

17-03-2025T07:01:47 - [TEST_STEP][PASSED] - planFact = <not implemented yet for class: org.codehaus.groovy.ast.expr.EmptyExpression>: null

17-03-2025T07:01:47 - [TEST_STEP][PASSED] - page = <not implemented yet for class: org.codehaus.groovy.ast.expr.EmptyExpression>: null

17-03-2025T07:01:47 - [TEST_STEP][PASSED] - page1 = <not implemented yet for class: org.codehaus.groovy.ast.expr.EmptyExpression>: null

17-03-2025T07:01:47 - [TEST_STEP][PASSED] - page2 = <not implemented yet for class: org.codehaus.groovy.ast.expr.EmptyExpression>: null

17-03-2025T07:01:47 - [TEST_STEP][PASSED] - filialNumberInRow = <not implemented yet for class: org.codehaus.groovy.ast.expr.EmptyExpression>: null

17-03-2025T07:01:47 - [TEST_STEP][PASSED] - filialsDzoNames = <not implemented yet for class: org.codehaus.groovy.ast.expr.EmptyExpression>: null

17-03-2025T07:01:47 - [TEST_STEP][PASSED] - numberOfFilials = <not implemented yet for class: org.codehaus.groovy.ast.expr.EmptyExpression>: null

17-03-2025T07:01:47 - [TEST_STEP][PASSED] - numberOfSpaces = <not implemented yet for class: org.codehaus.groovy.ast.expr.EmptyExpression>: null

17-03-2025T07:01:47 - [TEST_STEP][PASSED] - file = <not implemented yet for class: org.codehaus.groovy.ast.expr.EmptyExpression>: null

17-03-2025T07:01:47 - [TEST_STEP][PASSED] - otpusk = <not implemented yet for class: org.codehaus.groovy.ast.expr.EmptyExpression>: null

17-03-2025T07:01:47 - [TEST_STEP][PASSED] - poteri = <not implemented yet for class: org.codehaus.groovy.ast.expr.EmptyExpression>: null

17-03-2025T07:01:47 - [TEST_STEP][PASSED] - dataFolder = "Выполнение бизнес-плана/Значения со страницы Выполнение бизнес-плана/": null

17-03-2025T07:01:47 - [TEST_STEP][PASSED] - path = <not implemented yet for class: org.codehaus.groovy.ast.expr.EmptyExpression>: null

17-03-2025T07:01:47 - [TEST_STEP][PASSED] - typeOfDataMain = <not implemented yet for class: org.codehaus.groovy.ast.expr.EmptyExpression>: null

17-03-2025T07:01:47 - [TEST_STEP][PASSED] - fileOtpuskVSet = <not implemented yet for class: org.codehaus.groovy.ast.expr.EmptyExpression>: null

17-03-2025T07:01:47 - [TEST_STEP][PASSED] - pageOtpuskVSet = <not implemented yet for class: org.codehaus.groovy.ast.expr.EmptyExpression>: null

17-03-2025T07:01:47 - [TEST_STEP][PASSED] - filePoteri = <not implemented yet for class: org.codehaus.groovy.ast.expr.EmptyExpression>: null

17-03-2025T07:01:47 - [TEST_STEP][PASSED] - pagePoteri = <not implemented yet for class: org.codehaus.groovy.ast.expr.EmptyExpression>: null

17-03-2025T07:01:47 - [TEST_STEP][PASSED] - compare = <not implemented yet for class: org.codehaus.groovy.ast.expr.EmptyExpression>: null

17-03-2025T07:01:47 - [TEST_STEP][PASSED] - b = <not implemented yet for class: org.codehaus.groovy.ast.expr.EmptyExpression>: null

17-03-2025T07:01:47 - [TEST_STEP][PASSED] - i = <not implemented yet for class: org.codehaus.groovy.ast.expr.EmptyExpression>: null

17-03-2025T07:01:47 - [TEST_STEP][PASSED] - ii = <not implemented yet for class: org.codehaus.groovy.ast.expr.EmptyExpression>: null

17-03-2025T07:01:47 - [TEST_STEP][PASSED] - c = <not implemented yet for class: org.codehaus.groovy.ast.expr.EmptyExpression>: null

17-03-2025T07:01:47 - [TEST_STEP][PASSED] - numberOfErrors = 0: null

17-03-2025T07:01:47 - [TEST_STEP][PASSED] - if (a == 82): null

17-03-2025T07:01:47 - [TEST_STEP][PASSED] - b = findTestData("PlanFact").getValue(1, a): null

17-03-2025T07:01:47 - [TEST_STEP][PASSED] - i = b.indexOf(" (ГК)"): null

17-03-2025T07:01:47 - [TEST_STEP][PASSED] - if (i > -1): null

17-03-2025T07:01:47 - [TEST_STEP][PASSED] - i = b.indexOf("О ""): null

17-03-2025T07:01:47 - [TEST_STEP][PASSED] - if (i > -1): null

17-03-2025T07:01:47 - [TEST_STEP][PASSED] - i = b.indexOf("О «"): null

17-03-2025T07:01:47 - [TEST_STEP][PASSED] - if (i > -1): null

17-03-2025T07:01:47 - [TEST_STEP][PASSED] - i = b.indexOf("г. "): null

17-03-2025T07:01:47 - [TEST_STEP][PASSED] - if (i > -1): null

17-03-2025T07:01:47 - [TEST_STEP][PASSED] - b = b.trim(): null

17-03-2025T07:01:47 - [TEST_STEP][PASSED] - println(b): null

17-03-2025T07:01:47 - [TEST_STEP][PASSED] - for ([planFact = 1, planFact < 3, (planFact++)]): Object: 'Object Repository/Выполнение бизнес-плана/Кнопка Факт' is clicked on

17-03-2025T07:01:47 - [TEST_STEP][PASSED] - if (planFact == 1): null

17-03-2025T07:01:47 - [TEST_STEP][PASSED] - typeOfDataMain = "Факт": null

17-03-2025T07:01:47 - [TEST_STEP][PASSED] - otpusk = findTestData("PlanFact").getValue(5, a): null

17-03-2025T07:01:47 - [TEST_STEP][PASSED] - poteri = findTestData("PlanFact").getValue(6, a): null

17-03-2025T07:01:48 - [TEST_STEP][PASSED] - otpusk = otpusk.replaceAll("\s+", ""): null

17-03-2025T07:01:48 - [TEST_STEP][PASSED] - poteri = poteri.replaceAll("\s+", ""): null

17-03-2025T07:01:48 - [TEST_STEP][PASSED] - typeOfData = typeOfDataMain + " Отпуск в сеть": null

17-03-2025T07:01:48 - [TEST_STEP][PASSED] - if (a == 82): null

17-03-2025T07:01:48 - [TEST_STEP][PASSED] - else if (a == 84): null

17-03-2025T07:01:48 - [TEST_STEP][PASSED] - else if (a == 83 || a == 52 || a == 72 || a == 28 || a == 73 || a == 77 || a == 74 || a == 65 || a == 36 || a == 44 || a == 53 || a == 80 || a == 54 || a == 1 || a == 18 || a == 59 || a == 81): null

17-03-2025T07:01:48 - [TEST_STEP][PASSED] - else: null

17-03-2025T07:01:48 - [TEST_STEP][PASSED] - path = dataFolder + typeOfData + " за отчётный период " + b: null

17-03-2025T07:01:48 - [TEST_STEP][PASSED] - println(path): null

17-03-2025T07:01:48 - [TEST_STEP][PASSED] - page = getText(findTestObject(path)): Text of object 'Object Repository/Выполнение бизнес-плана/Значения со страницы Выполнение бизнес-плана/Факт Отпуск в сеть за отчётный период Московская область' is: '5 204 557'

17-03-2025T07:01:48 - [MESSAGE][PASSED] - Text of object 'Object Repository/Выполнение бизнес-плана/Значения со страницы Выполнение бизнес-плана/Факт Отпуск в сеть за отчётный период Московская область' is: '5 204 557'

17-03-2025T07:01:48 - [TEST_STEP][PASSED] - if (page == "" || page == null): null

17-03-2025T07:01:48 - [TEST_STEP][PASSED] - else: null

17-03-2025T07:01:48 - [TEST_STEP][PASSED] - page = page.replaceAll("\s+", ""): null

17-03-2025T07:01:48 - [TEST_STEP][PASSED] - if (page == "undefined"): null

17-03-2025T07:01:48 - [TEST_STEP][PASSED] - fileOtpuskVSet = otpusk.toInteger(): null

17-03-2025T07:01:48 - [TEST_STEP][PASSED] - pageOtpuskVSet = page.toInteger(): null

17-03-2025T07:01:48 - [TEST_STEP][PASSED] - typeOfData = typeOfDataMain + " Потери": null

17-03-2025T07:01:48 - [TEST_STEP][PASSED] - if (a == 82): null

17-03-2025T07:01:48 - [TEST_STEP][PASSED] - else if (a == 84): null

17-03-2025T07:01:48 - [TEST_STEP][PASSED] - else if (a == 83 || a == 52 || a == 72 || a == 28 || a == 73 || a == 77 || a == 74 || a == 65 || a == 44 || a == 53 || a == 80 || a == 54 || a == 1 || a == 18 || a == 59 || a == 81): null

17-03-2025T07:01:48 - [TEST_STEP][PASSED] - else: null

17-03-2025T07:01:48 - [TEST_STEP][PASSED] - path = dataFolder + typeOfData + " за отчётный период " + b: null

17-03-2025T07:01:48 - [TEST_STEP][PASSED] - page = getText(findTestObject(path)): Text of object 'Object Repository/Выполнение бизнес-плана/Значения со страницы Выполнение бизнес-плана/Факт Потери за отчётный период Московская область' is: '699 689'

17-03-2025T07:01:48 - [MESSAGE][PASSED] - Text of object 'Object Repository/Выполнение бизнес-плана/Значения со страницы Выполнение бизнес-плана/Факт Потери за отчётный период Московская область' is: '699 689'

17-03-2025T07:01:48 - [TEST_STEP][PASSED] - if (page == "" || page == null): null

17-03-2025T07:01:48 - [TEST_STEP][PASSED] - else: null

17-03-2025T07:01:48 - [TEST_STEP][PASSED] - page = page.replaceAll("\s+", ""): null

17-03-2025T07:01:48 - [TEST_STEP][PASSED] - if (page == "undefined"): null

17-03-2025T07:01:48 - [TEST_STEP][PASSED] - filePoteri = poteri.toInteger(): null

17-03-2025T07:01:48 - [TEST_STEP][PASSED] - pagePoteri = page.toInteger(): null

17-03-2025T07:01:48 - [TEST_STEP][PASSED] - compare = pageOtpuskVSet: null

17-03-2025T07:01:48 - [TEST_STEP][PASSED] - if (pageOtpuskVSet != null): null

17-03-2025T07:01:48 - [TEST_STEP][PASSED] - if (compare == fileOtpuskVSet): null

17-03-2025T07:01:48 - [TEST_STEP][PASSED] - if (compare == fileOtpuskVSet): null

17-03-2025T07:01:48 - [TEST_STEP][PASSED] - compare = pagePoteri: null

17-03-2025T07:01:48 - [TEST_STEP][PASSED] - if (pageOtpuskVSet != null): null

17-03-2025T07:01:48 - [TEST_STEP][PASSED] - if (compare == filePoteri): null

17-03-2025T07:01:48 - [TEST_STEP][PASSED] - if (compare == filePoteri): null

17-03-2025T07:01:48 - [TEST_STEP][PASSED] - if (planFact == 2): null

17-03-2025T07:01:48 - [TEST_STEP][PASSED] - if (planFact == 1): null

17-03-2025T07:01:48 - [TEST_STEP][PASSED] - else if (planFact == 2): null

17-03-2025T07:01:48 - [TEST_STEP][PASSED] - click(findTestObject("Выполнение бизнес-плана/Кнопка План")): Object: 'Object Repository/Выполнение бизнес-плана/Кнопка План' is clicked on

17-03-2025T07:01:48 - [MESSAGE][PASSED] - Object: 'Object Repository/Выполнение бизнес-плана/Кнопка План' is clicked on

17-03-2025T07:01:48 - [TEST_STEP][PASSED] - typeOfDataMain = "План": null

17-03-2025T07:01:48 - [TEST_STEP][PASSED] - otpusk = findTestData("PlanFact").getValue(2, a): null

17-03-2025T07:01:48 - [TEST_STEP][PASSED] - poteri = findTestData("PlanFact").getValue(3, a): null

17-03-2025T07:01:49 - [TEST_STEP][PASSED] - otpusk = otpusk.replaceAll("\s+", ""): null

17-03-2025T07:01:49 - [TEST_STEP][PASSED] - poteri = poteri.replaceAll("\s+", ""): null

17-03-2025T07:01:49 - [TEST_STEP][PASSED] - typeOfData = typeOfDataMain + " Отпуск в сеть": null

17-03-2025T07:01:49 - [TEST_STEP][PASSED] - if (a == 82): null

17-03-2025T07:01:49 - [TEST_STEP][PASSED] - else if (a == 84): null

17-03-2025T07:01:49 - [TEST_STEP][PASSED] - else if (a == 83 || a == 52 || a == 72 || a == 28 || a == 73 || a == 77 || a == 74 || a == 65 || a == 36 || a == 44 || a == 53 || a == 80 || a == 54 || a == 1 || a == 18 || a == 59 || a == 81): null

17-03-2025T07:01:49 - [TEST_STEP][PASSED] - else: null

17-03-2025T07:01:49 - [TEST_STEP][PASSED] - path = dataFolder + typeOfData + " за отчётный период " + b: null

17-03-2025T07:01:49 - [TEST_STEP][PASSED] - println(path): null

17-03-2025T07:01:49 - [TEST_STEP][PASSED] - page = getText(findTestObject(path)): Text of object 'Object Repository/Выполнение бизнес-плана/Значения со страницы Выполнение бизнес-плана/План Отпуск в сеть за отчётный период Московская область' is: '5 663 851'

17-03-2025T07:01:49 - [MESSAGE][PASSED] - Text of object 'Object Repository/Выполнение бизнес-плана/Значения со страницы Выполнение бизнес-плана/План Отпуск в сеть за отчётный период Московская область' is: '5 663 851'

17-03-2025T07:01:49 - [TEST_STEP][PASSED] - if (page == "" || page == null): null

17-03-2025T07:01:49 - [TEST_STEP][PASSED] - else: null

17-03-2025T07:01:49 - [TEST_STEP][PASSED] - page = page.replaceAll("\s+", ""): null

17-03-2025T07:01:49 - [TEST_STEP][PASSED] - if (page == "undefined"): null

17-03-2025T07:01:49 - [TEST_STEP][PASSED] - fileOtpuskVSet = otpusk.toInteger(): null

17-03-2025T07:01:49 - [TEST_STEP][PASSED] - pageOtpuskVSet = page.toInteger(): null

17-03-2025T07:01:49 - [TEST_STEP][PASSED] - typeOfData = typeOfDataMain + " Потери": null

17-03-2025T07:01:49 - [TEST_STEP][PASSED] - if (a == 82): null

17-03-2025T07:01:49 - [TEST_STEP][PASSED] - else if (a == 84): null

17-03-2025T07:01:49 - [TEST_STEP][PASSED] - else if (a == 83 || a == 52 || a == 72 || a == 28 || a == 73 || a == 77 || a == 74 || a == 65 || a == 44 || a == 53 || a == 80 || a == 54 || a == 1 || a == 18 || a == 59 || a == 81): null

17-03-2025T07:01:49 - [TEST_STEP][PASSED] - else: null

17-03-2025T07:01:49 - [TEST_STEP][PASSED] - path = dataFolder + typeOfData + " за отчётный период " + b: null

17-03-2025T07:01:49 - [TEST_STEP][PASSED] - page = getText(findTestObject(path)): Text of object 'Object Repository/Выполнение бизнес-плана/Значения со страницы Выполнение бизнес-плана/План Потери за отчётный период Московская область' is: '749 894'

17-03-2025T07:01:49 - [MESSAGE][PASSED] - Text of object 'Object Repository/Выполнение бизнес-плана/Значения со страницы Выполнение бизнес-плана/План Потери за отчётный период Московская область' is: '749 894'

17-03-2025T07:01:49 - [TEST_STEP][PASSED] - if (page == "" || page == null): null

17-03-2025T07:01:49 - [TEST_STEP][PASSED] - else: null

17-03-2025T07:01:49 - [TEST_STEP][PASSED] - page = page.replaceAll("\s+", ""): null

17-03-2025T07:01:49 - [TEST_STEP][PASSED] - if (page == "undefined"): null

17-03-2025T07:01:49 - [TEST_STEP][PASSED] - filePoteri = poteri.toInteger(): null

17-03-2025T07:01:49 - [TEST_STEP][PASSED] - pagePoteri = page.toInteger(): null

17-03-2025T07:01:49 - [TEST_STEP][PASSED] - compare = pageOtpuskVSet: null

17-03-2025T07:01:49 - [TEST_STEP][PASSED] - if (pageOtpuskVSet != null): null

17-03-2025T07:01:49 - [TEST_STEP][PASSED] - if (compare == fileOtpuskVSet): null

17-03-2025T07:01:49 - [TEST_STEP][PASSED] - if (compare == fileOtpuskVSet): null

17-03-2025T07:01:49 - [TEST_STEP][PASSED] - compare = pagePoteri: null

17-03-2025T07:01:49 - [TEST_STEP][PASSED] - if (pageOtpuskVSet != null): null

17-03-2025T07:01:49 - [TEST_STEP][PASSED] - if (compare == filePoteri): null

17-03-2025T07:01:49 - [TEST_STEP][PASSED] - if (compare == filePoteri): null

17-03-2025T07:01:49 - [TEST_STEP][PASSED] - if (planFact == 2): Object: 'Object Repository/Выполнение бизнес-плана/Кнопка Факт' is clicked on

17-03-2025T07:01:49 - [TEST_STEP][PASSED] - click(findTestObject("Выполнение бизнес-плана/Кнопка Факт")): Object: 'Object Repository/Выполнение бизнес-плана/Кнопка Факт' is clicked on

17-03-2025T07:01:49 - [MESSAGE][PASSED] - Object: 'Object Repository/Выполнение бизнес-плана/Кнопка Факт' is clicked on

17-03-2025T07:01:49 - [TEST_STEP][PASSED] - println("a=" + a): null

17-03-2025T07:01:49 - [TEST_STEP][PASSED] - if (a == 84 || a == 82): null

17-03-2025T07:01:49 - [TEST_STEP][PASSED] - else if (a == 83 || a == 52 || a == 72 || a == 28 || a == 73 || a == 77 || a == 74 || a == 65 || a == 36 || a == 44 || a == 53 || a == 80 || a == 54 || a == 1 || a == 18 || a == 59 || a == 81): null

17-03-2025T07:01:49 - [TEST_STEP][PASSED] - else: null

17-03-2025T07:01:49 - [TEST_STEP][PASSED] - page1 = getText(findTestObject("Object Repository/Выполнение бизнес-плана/spanPlan" + filialNum)): Text of object 'Object Repository/Выполнение бизнес-плана/spanPlan2' is: '5.51
|'

17-03-2025T07:01:50 - [MESSAGE][PASSED] - Text of object 'Object Repository/Выполнение бизнес-плана/spanPlan2' is: '5.51
|'

17-03-2025T07:01:50 - [TEST_STEP][PASSED] - page1 = page1.replace("|", ""): null

17-03-2025T07:01:50 - [TEST_STEP][PASSED] - page2 = getText(findTestObject("Object Repository/Выполнение бизнес-плана/spanFact" + filialNum)): Text of object 'Object Repository/Выполнение бизнес-плана/spanFact2' is: '4.62
|'

17-03-2025T07:01:50 - [MESSAGE][PASSED] - Text of object 'Object Repository/Выполнение бизнес-плана/spanFact2' is: '4.62
|'

17-03-2025T07:01:50 - [TEST_STEP][PASSED] - page2 = page2.replace("|", ""): null

17-03-2025T07:01:50 - [TEST_STEP][PASSED] - println("page1: " + page1): null

17-03-2025T07:01:50 - [TEST_STEP][PASSED] - println("page2: " + page2): null

17-03-2025T07:01:50 - [TEST_STEP][PASSED] - file = findTestData("PlanFact").getValue(4, a): null

17-03-2025T07:01:50 - [TEST_STEP][PASSED] - file = file.replace(",", "."): null

17-03-2025T07:01:50 - [TEST_STEP][PASSED] - println("file Plan: " + file): null

17-03-2025T07:01:50 - [TEST_STEP][PASSED] - typeOfData = "План в процентах": null

17-03-2025T07:01:50 - [TEST_STEP][PASSED] - fileDouble = file.toDouble(): null

17-03-2025T07:01:50 - [TEST_STEP][PASSED] - pageDouble = page1.toDouble(): null

17-03-2025T07:01:50 - [TEST_STEP][PASSED] - if (fileDouble != pageDouble): null

17-03-2025T07:01:50 - [TEST_STEP][PASSED] - numberOfErrors = numberOfErrors + 1: null

17-03-2025T07:01:50 - [TEST_STEP][PASSED] - Script1718980020443.WriteToExcel(a, typeOfData, todaysDate, pageInt, fileInt, pageDouble, fileDouble, dZO): null

17-03-2025T07:01:50 - [TEST_STEP][PASSED] - sheetName = "Sheet1": null

17-03-2025T07:01:50 - [TEST_STEP][PASSED] - data = findTestData("PlanFact"): null

17-03-2025T07:01:50 - [TEST_STEP][PASSED] - n = data.getRowNumbers() + 1: null

17-03-2025T07:01:50 - [TEST_STEP][PASSED] - day = ")).toInteger(): null

17-03-2025T07:01:50 - [TEST_STEP][PASSED] - println(day): null

17-03-2025T07:01:50 - [TEST_STEP][PASSED] - month = ")).toInteger(): null

17-03-2025T07:01:50 - [TEST_STEP][PASSED] - println(month): null

17-03-2025T07:01:50 - [TEST_STEP][PASSED] - y = <not implemented yet for class: org.codehaus.groovy.ast.expr.EmptyExpression>: null

17-03-2025T07:01:50 - [TEST_STEP][PASSED] - iy = <not implemented yet for class: org.codehaus.groovy.ast.expr.EmptyExpression>: null

17-03-2025T07:01:50 - [TEST_STEP][PASSED] - m = getText(findTestObject("Выполнение бизнес-плана/Период")): Text of object 'Object Repository/Выполнение бизнес-плана/Период' is: 'Январь 2025 года'

17-03-2025T07:01:50 - [MESSAGE][PASSED] - Text of object 'Object Repository/Выполнение бизнес-плана/Период' is: 'Январь 2025 года'

17-03-2025T07:01:50 - [TEST_STEP][PASSED] - iy = m.indexOf("20"): null

17-03-2025T07:01:50 - [TEST_STEP][PASSED] - if (iy > -1): null

17-03-2025T07:01:50 - [TEST_STEP][PASSED] - y = substring(iy, iy + 4).toInteger(): null

17-03-2025T07:01:50 - [TEST_STEP][PASSED] - println(y): null

17-03-2025T07:01:50 - [TEST_STEP][PASSED] - if (toString().length() == 4): null

17-03-2025T07:01:50 - [TEST_STEP][PASSED] - m = m.substring(0, m.indexOf(y.toString())): null

17-03-2025T07:01:50 - [TEST_STEP][PASSED] - m = m.trim(): null

17-03-2025T07:01:50 - [TEST_STEP][PASSED] - if (m == ""): null

17-03-2025T07:01:50 - [TEST_STEP][PASSED] - dashboardName = "Выполнение бизнес-плана": null

17-03-2025T07:01:50 - [TEST_STEP][PASSED] - workbook01 = getWorkbook(excelFilePath): null

17-03-2025T07:01:51 - [TEST_STEP][PASSED] - sheet01 = getExcelSheet(workbook01, sheetName): null

17-03-2025T07:01:51 - [TEST_STEP][PASSED] - setValueToCellByIndex(sheet01, n, 0, dashboardName): null

17-03-2025T07:01:51 - [TEST_STEP][PASSED] - setValueToCellByIndex(sheet01, n, 1, dZO): null

17-03-2025T07:01:51 - [TEST_STEP][PASSED] - setValueToCellByIndex(sheet01, n, 2, typeOfData): null

17-03-2025T07:01:51 - [TEST_STEP][PASSED] - if (typeOfData == "Факт в процентах" || typeOfData == "План в процентах"): null

17-03-2025T07:01:51 - [TEST_STEP][PASSED] - setValueToCellByIndex(sheet01, n, 3, fileDouble): null

17-03-2025T07:01:51 - [TEST_STEP][PASSED] - setValueToCellByIndex(sheet01, n, 4, pageDouble): null

17-03-2025T07:01:51 - [TEST_STEP][PASSED] - setValueToCellByIndex(sheet01, n, 5, m): null

17-03-2025T07:01:51 - [TEST_STEP][PASSED] - setValueToCellByIndex(sheet01, n, 6, y): null

17-03-2025T07:01:51 - [TEST_STEP][PASSED] - setValueToCellByIndex(sheet01, n, 7, todaysDate): null

17-03-2025T07:01:51 - [TEST_STEP][PASSED] - n = n + 1: null

17-03-2025T07:01:51 - [TEST_STEP][PASSED] - saveWorkbook(excelFilePath, workbook01): null

17-03-2025T07:01:51 - [TEST_STEP][PASSED] - file = findTestData("PlanFact").getValue(7, a): null

17-03-2025T07:01:51 - [TEST_STEP][PASSED] - file = file.replace(",", "."): null

17-03-2025T07:01:51 - [TEST_STEP][PASSED] - println("file Fact: " + file): null

17-03-2025T07:01:51 - [TEST_STEP][PASSED] - fileDouble = file.toDouble(): null

17-03-2025T07:01:51 - [TEST_STEP][PASSED] - typeOfData = "Факт в процентах": null

17-03-2025T07:01:51 - [TEST_STEP][PASSED] - fileDouble = file.toDouble(): null

17-03-2025T07:01:51 - [TEST_STEP][PASSED] - pageDouble = page2.toDouble(): null

17-03-2025T07:01:51 - [TEST_STEP][PASSED] - if (fileDouble != pageDouble): null

17-03-2025T07:01:51 - [TEST_STEP][PASSED] - numberOfErrors = numberOfErrors + 1: null

17-03-2025T07:01:51 - [TEST_STEP][PASSED] - Script1718980020443.WriteToExcel(a, typeOfData, todaysDate, pageInt, fileInt, pageDouble, fileDouble, dZO): null

17-03-2025T07:01:51 - [TEST_STEP][PASSED] - sheetName = "Sheet1": null

17-03-2025T07:01:51 - [TEST_STEP][PASSED] - data = findTestData("PlanFact"): null

17-03-2025T07:01:51 - [TEST_STEP][PASSED] - n = data.getRowNumbers() + 1: null

17-03-2025T07:01:51 - [TEST_STEP][PASSED] - day = ")).toInteger(): null

17-03-2025T07:01:51 - [TEST_STEP][PASSED] - println(day): null

17-03-2025T07:01:51 - [TEST_STEP][PASSED] - month = ")).toInteger(): null

17-03-2025T07:01:51 - [TEST_STEP][PASSED] - println(month): null

17-03-2025T07:01:51 - [TEST_STEP][PASSED] - y = <not implemented yet for class: org.codehaus.groovy.ast.expr.EmptyExpression>: null

17-03-2025T07:01:51 - [TEST_STEP][PASSED] - iy = <not implemented yet for class: org.codehaus.groovy.ast.expr.EmptyExpression>: null

17-03-2025T07:01:51 - [TEST_STEP][PASSED] - m = getText(findTestObject("Выполнение бизнес-плана/Период")): Text of object 'Object Repository/Выполнение бизнес-плана/Период' is: 'Январь 2025 года'

17-03-2025T07:01:51 - [MESSAGE][PASSED] - Text of object 'Object Repository/Выполнение бизнес-плана/Период' is: 'Январь 2025 года'

17-03-2025T07:01:51 - [TEST_STEP][PASSED] - iy = m.indexOf("20"): null

17-03-2025T07:01:51 - [TEST_STEP][PASSED] - if (iy > -1): null

17-03-2025T07:01:51 - [TEST_STEP][PASSED] - y = substring(iy, iy + 4).toInteger(): null

17-03-2025T07:01:51 - [TEST_STEP][PASSED] - println(y): null

17-03-2025T07:01:51 - [TEST_STEP][PASSED] - if (toString().length() == 4): null

17-03-2025T07:01:51 - [TEST_STEP][PASSED] - m = m.substring(0, m.indexOf(y.toString())): null

17-03-2025T07:01:51 - [TEST_STEP][PASSED] - m = m.trim(): null

17-03-2025T07:01:51 - [TEST_STEP][PASSED] - if (m == ""): null

17-03-2025T07:01:51 - [TEST_STEP][PASSED] - dashboardName = "Выполнение бизнес-плана": null

17-03-2025T07:01:51 - [TEST_STEP][PASSED] - workbook01 = getWorkbook(excelFilePath): null

17-03-2025T07:01:51 - [TEST_STEP][PASSED] - sheet01 = getExcelSheet(workbook01, sheetName): null

17-03-2025T07:01:51 - [TEST_STEP][PASSED] - setValueToCellByIndex(sheet01, n, 0, dashboardName): null

17-03-2025T07:01:51 - [TEST_STEP][PASSED] - setValueToCellByIndex(sheet01, n, 1, dZO): null

17-03-2025T07:01:51 - [TEST_STEP][PASSED] - setValueToCellByIndex(sheet01, n, 2, typeOfData): null

17-03-2025T07:01:51 - [TEST_STEP][PASSED] - if (typeOfData == "Факт в процентах" || typeOfData == "План в процентах"): null

17-03-2025T07:01:51 - [TEST_STEP][PASSED] - setValueToCellByIndex(sheet01, n, 3, fileDouble): null

17-03-2025T07:01:51 - [TEST_STEP][PASSED] - setValueToCellByIndex(sheet01, n, 4, pageDouble): null

17-03-2025T07:01:51 - [TEST_STEP][PASSED] - setValueToCellByIndex(sheet01, n, 5, m): null

17-03-2025T07:01:51 - [TEST_STEP][PASSED] - setValueToCellByIndex(sheet01, n, 6, y): null

17-03-2025T07:01:51 - [TEST_STEP][PASSED] - setValueToCellByIndex(sheet01, n, 7, todaysDate): null

17-03-2025T07:01:51 - [TEST_STEP][PASSED] - n = n + 1: null

17-03-2025T07:01:51 - [TEST_STEP][PASSED] - saveWorkbook(excelFilePath, workbook01): null

17-03-2025T07:01:51 - [TEST_STEP][FAILED] - if (verifyEqual(numberOfErrors, 0) == false): null

17-03-2025T07:01:52 - [MESSAGE][FAILED] - Unable to verify equal between actual object '2' and expected object '0' (Root cause: com.kms.katalon.core.exception.StepFailedException: Actual object '2' and expected object '0' are not equal
	at com.kms.katalon.core.keyword.builtin.VerifyEqualKeyword$_verifyEqual_closure1.doCall(VerifyEqualKeyword.groovy:58)
	at com.kms.katalon.core.keyword.builtin.VerifyEqualKeyword$_verifyEqual_closure1.call(VerifyEqualKeyword.groovy)
	at com.kms.katalon.core.keyword.internal.KeywordMain.runKeyword(KeywordMain.groovy:75)
	at com.kms.katalon.core.keyword.builtin.VerifyEqualKeyword.verifyEqual(VerifyEqualKeyword.groovy:63)
	at com.kms.katalon.core.keyword.builtin.VerifyEqualKeyword.execute(VerifyEqualKeyword.groovy:44)
	at com.kms.katalon.core.keyword.internal.KeywordExecutor.executeKeywordForPlatform(KeywordExecutor.groovy:74)
	at com.kms.katalon.core.keyword.BuiltinKeywords.verifyEqual(BuiltinKeywords.groovy:146)
	at jdk.internal.reflect.GeneratedMethodAccessor23.invoke(Unknown Source)
	at java.base/jdk.internal.reflect.DelegatingMethodAccessorImpl.invoke(DelegatingMethodAccessorImpl.java:43)
	at Выполнение бизнес-плана Сверка ПАО Россети все филиалы.Numbers(Выполнение бизнес-плана Сверка ПАО Россети все филиалы:744)
	at Выполнение бизнес-плана Сверка ПАО Россети все филиалы.Filials(Выполнение бизнес-плана Сверка ПАО Россети все филиалы:1069)
	at Выполнение бизнес-плана Сверка ПАО Россети все филиалы.Numbers(Выполнение бизнес-плана Сверка ПАО Россети все филиалы:751)
	at Выполнение бизнес-плана Сверка ПАО Россети все филиалы.run(Выполнение бизнес-плана Сверка ПАО Россети все филиалы:273)
	at com.kms.katalon.core.main.ScriptEngine.run(ScriptEngine.java:194)
	at com.kms.katalon.core.main.ScriptEngine.runScriptAsRawText(ScriptEngine.java:119)
	at com.kms.katalon.core.main.TestCaseExecutor.runScript(TestCaseExecutor.java:448)
	at com.kms.katalon.core.main.TestCaseExecutor.doExecute(TestCaseExecutor.java:439)
	at com.kms.katalon.core.main.TestCaseExecutor.processExecutionPhase(TestCaseExecutor.java:418)
	at com.kms.katalon.core.main.TestCaseExecutor.accessMainPhase(TestCaseExecutor.java:410)
	at com.kms.katalon.core.main.TestCaseExecutor.execute(TestCaseExecutor.java:285)
	at com.kms.katalon.core.common.CommonExecutor.accessTestCaseMainPhase(CommonExecutor.java:65)
	at com.kms.katalon.core.main.TestSuiteExecutor.accessTestSuiteMainPhase(TestSuiteExecutor.java:150)
	at com.kms.katalon.core.main.TestSuiteExecutor.execute(TestSuiteExecutor.java:106)
	at com.kms.katalon.core.main.TestCaseMain.startTestSuite(TestCaseMain.java:180)
	at TempTestSuite1742171011514.run(TempTestSuite1742171011514.groovy:35)
	at java.base/jdk.internal.reflect.NativeMethodAccessorImpl.invoke0(Native Method)
	at java.base/jdk.internal.reflect.NativeMethodAccessorImpl.invoke(NativeMethodAccessorImpl.java:77)
	at java.base/jdk.internal.reflect.DelegatingMethodAccessorImpl.invoke(DelegatingMethodAccessorImpl.java:43)
)

17-03-2025T07:01:52 - [TEST_STEP][PASSED] - println(numberOfErrors): null

17-03-2025T07:01:52 - [TEST_STEP][PASSED] - println("a=" + a): null

17-03-2025T07:01:52 - [TEST_STEP][PASSED] - if (a == 28 || a == 77 || a == 74 || a == 65 || a == 36 || a == 44 || a == 54 || a == 1 || a == 18 || a == 59): null

17-03-2025T07:01:52 - [TEST_STEP][PASSED] - if (a == 82): null

17-03-2025T07:01:52 - [TEST_STEP][PASSED] - filialNum = 0: null

17-03-2025T07:01:52 - [TEST_STEP][PASSED] - if (a == 65): null

17-03-2025T07:01:52 - [TEST_STEP][PASSED] - if (a == 1): null

17-03-2025T07:01:52 - [TEST_STEP][PASSED] - if (a == 18): null

17-03-2025T07:01:52 - [TEST_STEP][PASSED] - if (a == 36): null

17-03-2025T07:01:52 - [TEST_STEP][PASSED] - if (a == 44): null

17-03-2025T07:01:52 - [TEST_STEP][PASSED] - if (a == 54): null

17-03-2025T07:01:52 - [TEST_STEP][PASSED] - if (a == 59): null

17-03-2025T07:01:52 - [TEST_STEP][PASSED] - Script1718980020443.OpenFilter(): null

17-03-2025T07:01:52 - [TEST_STEP][PASSED] - click(findTestObject("Object Repository/Выполнение бизнес-плана/Фильтр ДЗО")): Object: 'Object Repository/Выполнение бизнес-плана/Фильтр ДЗО' is clicked on

17-03-2025T07:01:52 - [MESSAGE][PASSED] - Object: 'Object Repository/Выполнение бизнес-плана/Фильтр ДЗО' is clicked on

17-03-2025T07:01:52 - [TEST_STEP][PASSED] - click(findTestObject("Выполнение бизнес-плана/Снять выделение в фильтре ДЗО")): Object: 'Object Repository/Выполнение бизнес-плана/Снять выделение в фильтре ДЗО' is clicked on

17-03-2025T07:01:52 - [MESSAGE][PASSED] - Object: 'Object Repository/Выполнение бизнес-плана/Снять выделение в фильтре ДЗО' is clicked on

17-03-2025T07:01:52 - [TEST_STEP][PASSED] - Script1718980020443.CloseFilter(): null

17-03-2025T07:01:52 - [TEST_STEP][PASSED] - scrollToElement(findTestObject("Выполнение бизнес-плана/Заголовок дашборда"), 30): Scroll to object 'Object Repository/Выполнение бизнес-плана/Заголовок дашборда' successfully

17-03-2025T07:01:53 - [MESSAGE][PASSED] - Scroll to object 'Object Repository/Выполнение бизнес-плана/Заголовок дашборда' successfully

17-03-2025T07:01:53 - [TEST_STEP][PASSED] - click(findTestObject("Object Repository/Выполнение бизнес-плана/Применить в фильтре ДЗО")): Object: 'Object Repository/Выполнение бизнес-плана/Применить в фильтре ДЗО' is clicked on

17-03-2025T07:01:54 - [MESSAGE][PASSED] - Object: 'Object Repository/Выполнение бизнес-плана/Применить в фильтре ДЗО' is clicked on

17-03-2025T07:01:54 - [TEST_STEP][PASSED] - delay(60): Delayed 60 second(s)

17-03-2025T07:02:54 - [MESSAGE][PASSED] - Delayed 60 second(s)

17-03-2025T07:02:54 - [TEST_STEP][PASSED] - if (a == 82): null

17-03-2025T07:02:54 - [TEST_STEP][PASSED] - println(dzoNum): null

17-03-2025T07:02:54 - [TEST_STEP][PASSED] - dZO = "Россети Северный Кавказ": null

17-03-2025T07:02:54 - [TEST_STEP][PASSED] - a = 65: null

17-03-2025T07:02:54 - [TEST_STEP][PASSED] - if (x1.contains("Кавказ")): null

17-03-2025T07:02:54 - [TEST_STEP][PASSED] - else: null

17-03-2025T07:02:54 - [TEST_STEP][PASSED] - Script1718980020443.NoData(a, typeOfData, todaysDate, fileInt, fileDouble, dZO): null

17-03-2025T07:02:54 - [TEST_STEP][PASSED] - println(a): null

17-03-2025T07:02:54 - [TEST_STEP][PASSED] - println(todaysDate): null

17-03-2025T07:02:54 - [TEST_STEP][PASSED] - println(fileInt): null

17-03-2025T07:02:54 - [TEST_STEP][PASSED] - println(fileDouble): null

17-03-2025T07:02:54 - [TEST_STEP][PASSED] - println(dZO): null

17-03-2025T07:02:54 - [TEST_STEP][PASSED] - typeOfData = "Факт Отпуск в сеть": null

17-03-2025T07:02:54 - [TEST_STEP][PASSED] - fileInt = replaceAll("\s+", "").toInteger(): null

17-03-2025T07:02:54 - [TEST_STEP][PASSED] - Script1718980020443.WriteToExcelNoData(a, typeOfData, todaysDate, fileInt, fileDouble, dZO): null

17-03-2025T07:02:54 - [TEST_STEP][PASSED] - sheetName = "Sheet1": null

17-03-2025T07:02:54 - [TEST_STEP][PASSED] - data = findTestData("PlanFact"): null

17-03-2025T07:02:54 - [TEST_STEP][PASSED] - n = data.getRowNumbers() + 1: null

17-03-2025T07:02:54 - [TEST_STEP][PASSED] - day = ")).toInteger(): null

17-03-2025T07:02:54 - [TEST_STEP][PASSED] - println(day): null

17-03-2025T07:02:54 - [TEST_STEP][PASSED] - month = ")).toInteger(): null

17-03-2025T07:02:54 - [TEST_STEP][PASSED] - println(month): null

17-03-2025T07:02:54 - [TEST_STEP][PASSED] - y = <not implemented yet for class: org.codehaus.groovy.ast.expr.EmptyExpression>: null

17-03-2025T07:02:54 - [TEST_STEP][PASSED] - iy = <not implemented yet for class: org.codehaus.groovy.ast.expr.EmptyExpression>: null

17-03-2025T07:02:54 - [TEST_STEP][PASSED] - m = getText(findTestObject("Выполнение бизнес-плана/Период")): Text of object 'Object Repository/Выполнение бизнес-плана/Период' is: 'Январь 2025 года'

17-03-2025T07:02:54 - [MESSAGE][PASSED] - Text of object 'Object Repository/Выполнение бизнес-плана/Период' is: 'Январь 2025 года'

17-03-2025T07:02:54 - [TEST_STEP][PASSED] - iy = m.indexOf("20"): null

17-03-2025T07:02:54 - [TEST_STEP][PASSED] - if (iy > -1): null

17-03-2025T07:02:54 - [TEST_STEP][PASSED] - y = substring(iy, iy + 4).toInteger(): null

17-03-2025T07:02:54 - [TEST_STEP][PASSED] - println(y): null

17-03-2025T07:02:54 - [TEST_STEP][PASSED] - if (toString().length() == 4): null

17-03-2025T07:02:54 - [TEST_STEP][PASSED] - m = m.substring(0, m.indexOf(y.toString())): null

17-03-2025T07:02:54 - [TEST_STEP][PASSED] - m = m.trim(): null

17-03-2025T07:02:54 - [TEST_STEP][PASSED] - if (m == ""): null

17-03-2025T07:02:54 - [TEST_STEP][PASSED] - dashboardName = "Выполнение бизнес-плана": null

17-03-2025T07:02:54 - [TEST_STEP][PASSED] - workbook01 = getWorkbook(excelFilePath): null

17-03-2025T07:02:54 - [TEST_STEP][PASSED] - sheet01 = getExcelSheet(workbook01, sheetName): null

17-03-2025T07:02:54 - [TEST_STEP][PASSED] - setValueToCellByIndex(sheet01, n, 0, dashboardName): null

17-03-2025T07:02:54 - [TEST_STEP][PASSED] - setValueToCellByIndex(sheet01, n, 1, dZO): null

17-03-2025T07:02:54 - [TEST_STEP][PASSED] - setValueToCellByIndex(sheet01, n, 2, typeOfData): null

17-03-2025T07:02:54 - [TEST_STEP][PASSED] - if (typeOfData == "Факт в процентах" || typeOfData == "План в процентах"): null

17-03-2025T07:02:54 - [TEST_STEP][PASSED] - else: null

17-03-2025T07:02:54 - [TEST_STEP][PASSED] - setValueToCellByIndex(sheet01, n, 3, fileInt): null

17-03-2025T07:02:54 - [TEST_STEP][PASSED] - setValueToCellByIndex(sheet01, n, 4, "нет данных"): null

17-03-2025T07:02:54 - [TEST_STEP][PASSED] - setValueToCellByIndex(sheet01, n, 5, m): null

17-03-2025T07:02:54 - [TEST_STEP][PASSED] - setValueToCellByIndex(sheet01, n, 6, y): null

17-03-2025T07:02:54 - [TEST_STEP][PASSED] - setValueToCellByIndex(sheet01, n, 7, todaysDate): null

17-03-2025T07:02:54 - [TEST_STEP][PASSED] - n = n + 1: null

17-03-2025T07:02:54 - [TEST_STEP][PASSED] - saveWorkbook(excelFilePath, workbook01): null

17-03-2025T07:02:54 - [TEST_STEP][PASSED] - typeOfData = "Факт Потери": null

17-03-2025T07:02:54 - [TEST_STEP][PASSED] - fileInt = replaceAll("\s+", "").toInteger(): null

17-03-2025T07:02:54 - [TEST_STEP][PASSED] - Script1718980020443.WriteToExcelNoData(a, typeOfData, todaysDate, fileInt, fileDouble, dZO): null

17-03-2025T07:02:54 - [TEST_STEP][PASSED] - sheetName = "Sheet1": null

17-03-2025T07:02:54 - [TEST_STEP][PASSED] - data = findTestData("PlanFact"): null

17-03-2025T07:02:54 - [TEST_STEP][PASSED] - n = data.getRowNumbers() + 1: null

17-03-2025T07:02:54 - [TEST_STEP][PASSED] - day = ")).toInteger(): null

17-03-2025T07:02:54 - [TEST_STEP][PASSED] - println(day): null

17-03-2025T07:02:54 - [TEST_STEP][PASSED] - month = ")).toInteger(): null

17-03-2025T07:02:54 - [TEST_STEP][PASSED] - println(month): null

17-03-2025T07:02:54 - [TEST_STEP][PASSED] - y = <not implemented yet for class: org.codehaus.groovy.ast.expr.EmptyExpression>: null

17-03-2025T07:02:54 - [TEST_STEP][PASSED] - iy = <not implemented yet for class: org.codehaus.groovy.ast.expr.EmptyExpression>: null

17-03-2025T07:02:54 - [TEST_STEP][PASSED] - m = getText(findTestObject("Выполнение бизнес-плана/Период")): Text of object 'Object Repository/Выполнение бизнес-плана/Период' is: 'Январь 2025 года'

17-03-2025T07:02:55 - [MESSAGE][PASSED] - Text of object 'Object Repository/Выполнение бизнес-плана/Период' is: 'Январь 2025 года'

17-03-2025T07:02:55 - [TEST_STEP][PASSED] - iy = m.indexOf("20"): null

17-03-2025T07:02:55 - [TEST_STEP][PASSED] - if (iy > -1): null

17-03-2025T07:02:55 - [TEST_STEP][PASSED] - y = substring(iy, iy + 4).toInteger(): null

17-03-2025T07:02:55 - [TEST_STEP][PASSED] - println(y): null

17-03-2025T07:02:55 - [TEST_STEP][PASSED] - if (toString().length() == 4): null

17-03-2025T07:02:55 - [TEST_STEP][PASSED] - m = m.substring(0, m.indexOf(y.toString())): null

17-03-2025T07:02:55 - [TEST_STEP][PASSED] - m = m.trim(): null

17-03-2025T07:02:55 - [TEST_STEP][PASSED] - if (m == ""): null

17-03-2025T07:02:55 - [TEST_STEP][PASSED] - dashboardName = "Выполнение бизнес-плана": null

17-03-2025T07:02:55 - [TEST_STEP][PASSED] - workbook01 = getWorkbook(excelFilePath): null

17-03-2025T07:02:55 - [TEST_STEP][PASSED] - sheet01 = getExcelSheet(workbook01, sheetName): null

17-03-2025T07:02:55 - [TEST_STEP][PASSED] - setValueToCellByIndex(sheet01, n, 0, dashboardName): null

17-03-2025T07:02:55 - [TEST_STEP][PASSED] - setValueToCellByIndex(sheet01, n, 1, dZO): null

17-03-2025T07:02:55 - [TEST_STEP][PASSED] - setValueToCellByIndex(sheet01, n, 2, typeOfData): null

17-03-2025T07:02:55 - [TEST_STEP][PASSED] - if (typeOfData == "Факт в процентах" || typeOfData == "План в процентах"): null

17-03-2025T07:02:55 - [TEST_STEP][PASSED] - else: null

17-03-2025T07:02:55 - [TEST_STEP][PASSED] - setValueToCellByIndex(sheet01, n, 3, fileInt): null

17-03-2025T07:02:55 - [TEST_STEP][PASSED] - setValueToCellByIndex(sheet01, n, 4, "нет данных"): null

17-03-2025T07:02:55 - [TEST_STEP][PASSED] - setValueToCellByIndex(sheet01, n, 5, m): null

17-03-2025T07:02:55 - [TEST_STEP][PASSED] - setValueToCellByIndex(sheet01, n, 6, y): null

17-03-2025T07:02:55 - [TEST_STEP][PASSED] - setValueToCellByIndex(sheet01, n, 7, todaysDate): null

17-03-2025T07:02:55 - [TEST_STEP][PASSED] - n = n + 1: null

17-03-2025T07:02:55 - [TEST_STEP][PASSED] - saveWorkbook(excelFilePath, workbook01): null

17-03-2025T07:02:55 - [TEST_STEP][PASSED] - typeOfData = "План Отпуск в сеть": null

17-03-2025T07:02:55 - [TEST_STEP][PASSED] - fileInt = replaceAll("\s+", "").toInteger(): null

17-03-2025T07:02:55 - [TEST_STEP][PASSED] - Script1718980020443.WriteToExcelNoData(a, typeOfData, todaysDate, fileInt, fileDouble, dZO): null

17-03-2025T07:02:55 - [TEST_STEP][PASSED] - sheetName = "Sheet1": null

17-03-2025T07:02:55 - [TEST_STEP][PASSED] - data = findTestData("PlanFact"): null

17-03-2025T07:02:55 - [TEST_STEP][PASSED] - n = data.getRowNumbers() + 1: null

17-03-2025T07:02:55 - [TEST_STEP][PASSED] - day = ")).toInteger(): null

17-03-2025T07:02:55 - [TEST_STEP][PASSED] - println(day): null

17-03-2025T07:02:55 - [TEST_STEP][PASSED] - month = ")).toInteger(): null

17-03-2025T07:02:55 - [TEST_STEP][PASSED] - println(month): null

17-03-2025T07:02:55 - [TEST_STEP][PASSED] - y = <not implemented yet for class: org.codehaus.groovy.ast.expr.EmptyExpression>: null

17-03-2025T07:02:55 - [TEST_STEP][PASSED] - iy = <not implemented yet for class: org.codehaus.groovy.ast.expr.EmptyExpression>: null

17-03-2025T07:02:55 - [TEST_STEP][PASSED] - m = getText(findTestObject("Выполнение бизнес-плана/Период")): Text of object 'Object Repository/Выполнение бизнес-плана/Период' is: 'Январь 2025 года'

17-03-2025T07:02:55 - [MESSAGE][PASSED] - Text of object 'Object Repository/Выполнение бизнес-плана/Период' is: 'Январь 2025 года'

17-03-2025T07:02:55 - [TEST_STEP][PASSED] - iy = m.indexOf("20"): null

17-03-2025T07:02:55 - [TEST_STEP][PASSED] - if (iy > -1): null

17-03-2025T07:02:55 - [TEST_STEP][PASSED] - y = substring(iy, iy + 4).toInteger(): null

17-03-2025T07:02:55 - [TEST_STEP][PASSED] - println(y): null

17-03-2025T07:02:55 - [TEST_STEP][PASSED] - if (toString().length() == 4): null

17-03-2025T07:02:55 - [TEST_STEP][PASSED] - m = m.substring(0, m.indexOf(y.toString())): null

17-03-2025T07:02:55 - [TEST_STEP][PASSED] - m = m.trim(): null

17-03-2025T07:02:55 - [TEST_STEP][PASSED] - if (m == ""): null

17-03-2025T07:02:55 - [TEST_STEP][PASSED] - dashboardName = "Выполнение бизнес-плана": null

17-03-2025T07:02:55 - [TEST_STEP][PASSED] - workbook01 = getWorkbook(excelFilePath): null

17-03-2025T07:02:55 - [TEST_STEP][PASSED] - sheet01 = getExcelSheet(workbook01, sheetName): null

17-03-2025T07:02:55 - [TEST_STEP][PASSED] - setValueToCellByIndex(sheet01, n, 0, dashboardName): null

17-03-2025T07:02:55 - [TEST_STEP][PASSED] - setValueToCellByIndex(sheet01, n, 1, dZO): null

17-03-2025T07:02:55 - [TEST_STEP][PASSED] - setValueToCellByIndex(sheet01, n, 2, typeOfData): null

17-03-2025T07:02:55 - [TEST_STEP][PASSED] - if (typeOfData == "Факт в процентах" || typeOfData == "План в процентах"): null

17-03-2025T07:02:55 - [TEST_STEP][PASSED] - else: null

17-03-2025T07:02:55 - [TEST_STEP][PASSED] - setValueToCellByIndex(sheet01, n, 3, fileInt): null

17-03-2025T07:02:55 - [TEST_STEP][PASSED] - setValueToCellByIndex(sheet01, n, 4, "нет данных"): null

17-03-2025T07:02:55 - [TEST_STEP][PASSED] - setValueToCellByIndex(sheet01, n, 5, m): null

17-03-2025T07:02:55 - [TEST_STEP][PASSED] - setValueToCellByIndex(sheet01, n, 6, y): null

17-03-2025T07:02:55 - [TEST_STEP][PASSED] - setValueToCellByIndex(sheet01, n, 7, todaysDate): null

17-03-2025T07:02:55 - [TEST_STEP][PASSED] - n = n + 1: null

17-03-2025T07:02:55 - [TEST_STEP][PASSED] - saveWorkbook(excelFilePath, workbook01): null

17-03-2025T07:02:56 - [TEST_STEP][PASSED] - typeOfData = "План Потери": null

17-03-2025T07:02:56 - [TEST_STEP][PASSED] - fileInt = replaceAll("\s+", "").toInteger(): null

17-03-2025T07:02:56 - [TEST_STEP][PASSED] - Script1718980020443.WriteToExcelNoData(a, typeOfData, todaysDate, fileInt, fileDouble, dZO): null

17-03-2025T07:02:56 - [TEST_STEP][PASSED] - sheetName = "Sheet1": null

17-03-2025T07:02:56 - [TEST_STEP][PASSED] - data = findTestData("PlanFact"): null

17-03-2025T07:02:56 - [TEST_STEP][PASSED] - n = data.getRowNumbers() + 1: null

17-03-2025T07:02:56 - [TEST_STEP][PASSED] - day = ")).toInteger(): null

17-03-2025T07:02:56 - [TEST_STEP][PASSED] - println(day): null

17-03-2025T07:02:56 - [TEST_STEP][PASSED] - month = ")).toInteger(): null

17-03-2025T07:02:56 - [TEST_STEP][PASSED] - println(month): null

17-03-2025T07:02:56 - [TEST_STEP][PASSED] - y = <not implemented yet for class: org.codehaus.groovy.ast.expr.EmptyExpression>: null

17-03-2025T07:02:56 - [TEST_STEP][PASSED] - iy = <not implemented yet for class: org.codehaus.groovy.ast.expr.EmptyExpression>: null

17-03-2025T07:02:56 - [TEST_STEP][PASSED] - m = getText(findTestObject("Выполнение бизнес-плана/Период")): Text of object 'Object Repository/Выполнение бизнес-плана/Период' is: 'Январь 2025 года'

17-03-2025T07:02:56 - [MESSAGE][PASSED] - Text of object 'Object Repository/Выполнение бизнес-плана/Период' is: 'Январь 2025 года'

17-03-2025T07:02:56 - [TEST_STEP][PASSED] - iy = m.indexOf("20"): null

17-03-2025T07:02:56 - [TEST_STEP][PASSED] - if (iy > -1): null

17-03-2025T07:02:56 - [TEST_STEP][PASSED] - y = substring(iy, iy + 4).toInteger(): null

17-03-2025T07:02:56 - [TEST_STEP][PASSED] - println(y): null

17-03-2025T07:02:56 - [TEST_STEP][PASSED] - if (toString().length() == 4): null

17-03-2025T07:02:56 - [TEST_STEP][PASSED] - m = m.substring(0, m.indexOf(y.toString())): null

17-03-2025T07:02:56 - [TEST_STEP][PASSED] - m = m.trim(): null

17-03-2025T07:02:56 - [TEST_STEP][PASSED] - if (m == ""): null

17-03-2025T07:02:56 - [TEST_STEP][PASSED] - dashboardName = "Выполнение бизнес-плана": null

17-03-2025T07:02:56 - [TEST_STEP][PASSED] - workbook01 = getWorkbook(excelFilePath): null

17-03-2025T07:02:56 - [TEST_STEP][PASSED] - sheet01 = getExcelSheet(workbook01, sheetName): null

17-03-2025T07:02:56 - [TEST_STEP][PASSED] - setValueToCellByIndex(sheet01, n, 0, dashboardName): null

17-03-2025T07:02:56 - [TEST_STEP][PASSED] - setValueToCellByIndex(sheet01, n, 1, dZO): null

17-03-2025T07:02:56 - [TEST_STEP][PASSED] - setValueToCellByIndex(sheet01, n, 2, typeOfData): null

17-03-2025T07:02:56 - [TEST_STEP][PASSED] - if (typeOfData == "Факт в процентах" || typeOfData == "План в процентах"): null

17-03-2025T07:02:56 - [TEST_STEP][PASSED] - else: null

17-03-2025T07:02:56 - [TEST_STEP][PASSED] - setValueToCellByIndex(sheet01, n, 3, fileInt): null

17-03-2025T07:02:56 - [TEST_STEP][PASSED] - setValueToCellByIndex(sheet01, n, 4, "нет данных"): null

17-03-2025T07:02:56 - [TEST_STEP][PASSED] - setValueToCellByIndex(sheet01, n, 5, m): null

17-03-2025T07:02:56 - [TEST_STEP][PASSED] - setValueToCellByIndex(sheet01, n, 6, y): null

17-03-2025T07:02:56 - [TEST_STEP][PASSED] - setValueToCellByIndex(sheet01, n, 7, todaysDate): null

17-03-2025T07:02:56 - [TEST_STEP][PASSED] - n = n + 1: null

17-03-2025T07:02:56 - [TEST_STEP][PASSED] - saveWorkbook(excelFilePath, workbook01): null

17-03-2025T07:02:56 - [TEST_STEP][PASSED] - typeOfData = "План в процентах": null

17-03-2025T07:02:56 - [TEST_STEP][PASSED] - fileDouble = ").toDouble(): null

17-03-2025T07:02:56 - [TEST_STEP][PASSED] - Script1718980020443.WriteToExcelNoData(a, typeOfData, todaysDate, fileInt, fileDouble, dZO): null

17-03-2025T07:02:56 - [TEST_STEP][PASSED] - sheetName = "Sheet1": null

17-03-2025T07:02:56 - [TEST_STEP][PASSED] - data = findTestData("PlanFact"): null

17-03-2025T07:02:56 - [TEST_STEP][PASSED] - n = data.getRowNumbers() + 1: null

17-03-2025T07:02:56 - [TEST_STEP][PASSED] - day = ")).toInteger(): null

17-03-2025T07:02:56 - [TEST_STEP][PASSED] - println(day): null

17-03-2025T07:02:56 - [TEST_STEP][PASSED] - month = ")).toInteger(): null

17-03-2025T07:02:56 - [TEST_STEP][PASSED] - println(month): null

17-03-2025T07:02:56 - [TEST_STEP][PASSED] - y = <not implemented yet for class: org.codehaus.groovy.ast.expr.EmptyExpression>: null

17-03-2025T07:02:56 - [TEST_STEP][PASSED] - iy = <not implemented yet for class: org.codehaus.groovy.ast.expr.EmptyExpression>: null

17-03-2025T07:02:56 - [TEST_STEP][PASSED] - m = getText(findTestObject("Выполнение бизнес-плана/Период")): Text of object 'Object Repository/Выполнение бизнес-плана/Период' is: 'Январь 2025 года'

17-03-2025T07:02:57 - [MESSAGE][PASSED] - Text of object 'Object Repository/Выполнение бизнес-плана/Период' is: 'Январь 2025 года'

17-03-2025T07:02:57 - [TEST_STEP][PASSED] - iy = m.indexOf("20"): null

17-03-2025T07:02:57 - [TEST_STEP][PASSED] - if (iy > -1): null

17-03-2025T07:02:57 - [TEST_STEP][PASSED] - y = substring(iy, iy + 4).toInteger(): null

17-03-2025T07:02:57 - [TEST_STEP][PASSED] - println(y): null

17-03-2025T07:02:57 - [TEST_STEP][PASSED] - if (toString().length() == 4): null

17-03-2025T07:02:57 - [TEST_STEP][PASSED] - m = m.substring(0, m.indexOf(y.toString())): null

17-03-2025T07:02:57 - [TEST_STEP][PASSED] - m = m.trim(): null

17-03-2025T07:02:57 - [TEST_STEP][PASSED] - if (m == ""): null

17-03-2025T07:02:57 - [TEST_STEP][PASSED] - dashboardName = "Выполнение бизнес-плана": null

17-03-2025T07:02:57 - [TEST_STEP][PASSED] - workbook01 = getWorkbook(excelFilePath): null

17-03-2025T07:02:57 - [TEST_STEP][PASSED] - sheet01 = getExcelSheet(workbook01, sheetName): null

17-03-2025T07:02:57 - [TEST_STEP][PASSED] - setValueToCellByIndex(sheet01, n, 0, dashboardName): null

17-03-2025T07:02:57 - [TEST_STEP][PASSED] - setValueToCellByIndex(sheet01, n, 1, dZO): null

17-03-2025T07:02:57 - [TEST_STEP][PASSED] - setValueToCellByIndex(sheet01, n, 2, typeOfData): null

17-03-2025T07:02:57 - [TEST_STEP][PASSED] - if (typeOfData == "Факт в процентах" || typeOfData == "План в процентах"): null

17-03-2025T07:02:57 - [TEST_STEP][PASSED] - setValueToCellByIndex(sheet01, n, 3, fileDouble): null

17-03-2025T07:02:57 - [TEST_STEP][PASSED] - setValueToCellByIndex(sheet01, n, 4, "нет данных"): null

17-03-2025T07:02:57 - [TEST_STEP][PASSED] - setValueToCellByIndex(sheet01, n, 5, m): null

17-03-2025T07:02:57 - [TEST_STEP][PASSED] - setValueToCellByIndex(sheet01, n, 6, y): null

17-03-2025T07:02:57 - [TEST_STEP][PASSED] - setValueToCellByIndex(sheet01, n, 7, todaysDate): null

17-03-2025T07:02:57 - [TEST_STEP][PASSED] - n = n + 1: null

17-03-2025T07:02:57 - [TEST_STEP][PASSED] - saveWorkbook(excelFilePath, workbook01): null

17-03-2025T07:02:57 - [TEST_STEP][PASSED] - typeOfData = "Факт в процентах": null

17-03-2025T07:02:57 - [TEST_STEP][PASSED] - fileDouble = ").toDouble(): null

17-03-2025T07:02:57 - [TEST_STEP][PASSED] - Script1718980020443.WriteToExcelNoData(a, typeOfData, todaysDate, fileInt, fileDouble, dZO): null

17-03-2025T07:02:57 - [TEST_STEP][PASSED] - sheetName = "Sheet1": null

17-03-2025T07:02:57 - [TEST_STEP][PASSED] - data = findTestData("PlanFact"): null

17-03-2025T07:02:57 - [TEST_STEP][PASSED] - n = data.getRowNumbers() + 1: null

17-03-2025T07:02:57 - [TEST_STEP][PASSED] - day = ")).toInteger(): null

17-03-2025T07:02:57 - [TEST_STEP][PASSED] - println(day): null

17-03-2025T07:02:57 - [TEST_STEP][PASSED] - month = ")).toInteger(): null

17-03-2025T07:02:57 - [TEST_STEP][PASSED] - println(month): null

17-03-2025T07:02:57 - [TEST_STEP][PASSED] - y = <not implemented yet for class: org.codehaus.groovy.ast.expr.EmptyExpression>: null

17-03-2025T07:02:57 - [TEST_STEP][PASSED] - iy = <not implemented yet for class: org.codehaus.groovy.ast.expr.EmptyExpression>: null

17-03-2025T07:02:57 - [TEST_STEP][PASSED] - m = getText(findTestObject("Выполнение бизнес-плана/Период")): Text of object 'Object Repository/Выполнение бизнес-плана/Период' is: 'Январь 2025 года'

17-03-2025T07:02:57 - [MESSAGE][PASSED] - Text of object 'Object Repository/Выполнение бизнес-плана/Период' is: 'Январь 2025 года'

17-03-2025T07:02:57 - [TEST_STEP][PASSED] - iy = m.indexOf("20"): null

17-03-2025T07:02:57 - [TEST_STEP][PASSED] - if (iy > -1): null

17-03-2025T07:02:57 - [TEST_STEP][PASSED] - y = substring(iy, iy + 4).toInteger(): null

17-03-2025T07:02:57 - [TEST_STEP][PASSED] - println(y): null

17-03-2025T07:02:57 - [TEST_STEP][PASSED] - if (toString().length() == 4): null

17-03-2025T07:02:57 - [TEST_STEP][PASSED] - m = m.substring(0, m.indexOf(y.toString())): null

17-03-2025T07:02:57 - [TEST_STEP][PASSED] - m = m.trim(): null

17-03-2025T07:02:57 - [TEST_STEP][PASSED] - if (m == ""): null

17-03-2025T07:02:57 - [TEST_STEP][PASSED] - dashboardName = "Выполнение бизнес-плана": null

17-03-2025T07:02:57 - [TEST_STEP][PASSED] - workbook01 = getWorkbook(excelFilePath): null

17-03-2025T07:02:57 - [TEST_STEP][PASSED] - sheet01 = getExcelSheet(workbook01, sheetName): null

17-03-2025T07:02:57 - [TEST_STEP][PASSED] - setValueToCellByIndex(sheet01, n, 0, dashboardName): null

17-03-2025T07:02:57 - [TEST_STEP][PASSED] - setValueToCellByIndex(sheet01, n, 1, dZO): null

17-03-2025T07:02:57 - [TEST_STEP][PASSED] - setValueToCellByIndex(sheet01, n, 2, typeOfData): null

17-03-2025T07:02:57 - [TEST_STEP][PASSED] - if (typeOfData == "Факт в процентах" || typeOfData == "План в процентах"): null

17-03-2025T07:02:57 - [TEST_STEP][PASSED] - setValueToCellByIndex(sheet01, n, 3, fileDouble): null

17-03-2025T07:02:57 - [TEST_STEP][PASSED] - setValueToCellByIndex(sheet01, n, 4, "нет данных"): null

17-03-2025T07:02:57 - [TEST_STEP][PASSED] - setValueToCellByIndex(sheet01, n, 5, m): null

17-03-2025T07:02:57 - [TEST_STEP][PASSED] - setValueToCellByIndex(sheet01, n, 6, y): null

17-03-2025T07:02:57 - [TEST_STEP][PASSED] - setValueToCellByIndex(sheet01, n, 7, todaysDate): null

17-03-2025T07:02:57 - [TEST_STEP][PASSED] - n = n + 1: null

17-03-2025T07:02:57 - [TEST_STEP][PASSED] - saveWorkbook(excelFilePath, workbook01): null

17-03-2025T07:02:58 - [TEST_STEP][PASSED] - println(dzoNum): null

17-03-2025T07:02:58 - [TEST_STEP][PASSED] - dZO = "Россети Северо-Запад": null

17-03-2025T07:02:58 - [TEST_STEP][PASSED] - a = 36: null

17-03-2025T07:02:58 - [TEST_STEP][PASSED] - if (x1.contains("Северо-Запад")): null

17-03-2025T07:02:58 - [TEST_STEP][PASSED] - dzoNum = dzoNum + 1: null

17-03-2025T07:02:58 - [TEST_STEP][PASSED] - Script1718980020443.Numbers(a, typeOfData, todaysDate, pageInt, fileInt, pageDouble, fileDouble, dZO, dzoNum, filialNum): null

17-03-2025T07:02:58 - [TEST_STEP][PASSED] - println(dzoNum): null

17-03-2025T07:02:58 - [TEST_STEP][PASSED] - planFact = <not implemented yet for class: org.codehaus.groovy.ast.expr.EmptyExpression>: null

17-03-2025T07:02:58 - [TEST_STEP][PASSED] - page = <not implemented yet for class: org.codehaus.groovy.ast.expr.EmptyExpression>: null

17-03-2025T07:02:58 - [TEST_STEP][PASSED] - page1 = <not implemented yet for class: org.codehaus.groovy.ast.expr.EmptyExpression>: null

17-03-2025T07:02:58 - [TEST_STEP][PASSED] - page2 = <not implemented yet for class: org.codehaus.groovy.ast.expr.EmptyExpression>: null

17-03-2025T07:02:58 - [TEST_STEP][PASSED] - filialNumberInRow = <not implemented yet for class: org.codehaus.groovy.ast.expr.EmptyExpression>: null

17-03-2025T07:02:58 - [TEST_STEP][PASSED] - filialsDzoNames = <not implemented yet for class: org.codehaus.groovy.ast.expr.EmptyExpression>: null

17-03-2025T07:02:58 - [TEST_STEP][PASSED] - numberOfFilials = <not implemented yet for class: org.codehaus.groovy.ast.expr.EmptyExpression>: null

17-03-2025T07:02:58 - [TEST_STEP][PASSED] - numberOfSpaces = <not implemented yet for class: org.codehaus.groovy.ast.expr.EmptyExpression>: null

17-03-2025T07:02:58 - [TEST_STEP][PASSED] - file = <not implemented yet for class: org.codehaus.groovy.ast.expr.EmptyExpression>: null

17-03-2025T07:02:58 - [TEST_STEP][PASSED] - otpusk = <not implemented yet for class: org.codehaus.groovy.ast.expr.EmptyExpression>: null

17-03-2025T07:02:58 - [TEST_STEP][PASSED] - poteri = <not implemented yet for class: org.codehaus.groovy.ast.expr.EmptyExpression>: null

17-03-2025T07:02:58 - [TEST_STEP][PASSED] - dataFolder = "Выполнение бизнес-плана/Значения со страницы Выполнение бизнес-плана/": null

17-03-2025T07:02:58 - [TEST_STEP][PASSED] - path = <not implemented yet for class: org.codehaus.groovy.ast.expr.EmptyExpression>: null

17-03-2025T07:02:58 - [TEST_STEP][PASSED] - typeOfDataMain = <not implemented yet for class: org.codehaus.groovy.ast.expr.EmptyExpression>: null

17-03-2025T07:02:58 - [TEST_STEP][PASSED] - fileOtpuskVSet = <not implemented yet for class: org.codehaus.groovy.ast.expr.EmptyExpression>: null

17-03-2025T07:02:58 - [TEST_STEP][PASSED] - pageOtpuskVSet = <not implemented yet for class: org.codehaus.groovy.ast.expr.EmptyExpression>: null

17-03-2025T07:02:58 - [TEST_STEP][PASSED] - filePoteri = <not implemented yet for class: org.codehaus.groovy.ast.expr.EmptyExpression>: null

17-03-2025T07:02:58 - [TEST_STEP][PASSED] - pagePoteri = <not implemented yet for class: org.codehaus.groovy.ast.expr.EmptyExpression>: null

17-03-2025T07:02:58 - [TEST_STEP][PASSED] - compare = <not implemented yet for class: org.codehaus.groovy.ast.expr.EmptyExpression>: null

17-03-2025T07:02:58 - [TEST_STEP][PASSED] - b = <not implemented yet for class: org.codehaus.groovy.ast.expr.EmptyExpression>: null

17-03-2025T07:02:58 - [TEST_STEP][PASSED] - i = <not implemented yet for class: org.codehaus.groovy.ast.expr.EmptyExpression>: null

17-03-2025T07:02:58 - [TEST_STEP][PASSED] - ii = <not implemented yet for class: org.codehaus.groovy.ast.expr.EmptyExpression>: null

17-03-2025T07:02:58 - [TEST_STEP][PASSED] - c = <not implemented yet for class: org.codehaus.groovy.ast.expr.EmptyExpression>: null

17-03-2025T07:02:58 - [TEST_STEP][PASSED] - numberOfErrors = 0: null

17-03-2025T07:02:58 - [TEST_STEP][PASSED] - if (a == 82): null

17-03-2025T07:02:58 - [TEST_STEP][PASSED] - b = findTestData("PlanFact").getValue(1, a): null

17-03-2025T07:02:58 - [TEST_STEP][PASSED] - i = b.indexOf(" (ГК)"): null

17-03-2025T07:02:58 - [TEST_STEP][PASSED] - if (i > -1): null

17-03-2025T07:02:58 - [TEST_STEP][PASSED] - i = b.indexOf("О ""): null

17-03-2025T07:02:58 - [TEST_STEP][PASSED] - if (i > -1): null

17-03-2025T07:02:58 - [TEST_STEP][PASSED] - i = b.indexOf("О «"): null

17-03-2025T07:02:58 - [TEST_STEP][PASSED] - if (i > -1): null

17-03-2025T07:02:58 - [TEST_STEP][PASSED] - i = b.indexOf("г. "): null

17-03-2025T07:02:58 - [TEST_STEP][PASSED] - if (i > -1): null

17-03-2025T07:02:58 - [TEST_STEP][PASSED] - b = b.trim(): null

17-03-2025T07:02:58 - [TEST_STEP][PASSED] - println(b): null

17-03-2025T07:02:58 - [TEST_STEP][FAILED] - for ([planFact = 1, planFact < 3, (planFact++)]): null

17-03-2025T07:02:58 - [TEST_STEP][PASSED] - if (planFact == 1): null

17-03-2025T07:02:58 - [TEST_STEP][PASSED] - typeOfDataMain = "Факт": null

17-03-2025T07:02:58 - [TEST_STEP][PASSED] - otpusk = findTestData("PlanFact").getValue(5, a): null

17-03-2025T07:02:58 - [TEST_STEP][PASSED] - poteri = findTestData("PlanFact").getValue(6, a): null

17-03-2025T07:02:58 - [TEST_STEP][PASSED] - otpusk = otpusk.replaceAll("\s+", ""): null

17-03-2025T07:02:58 - [TEST_STEP][PASSED] - poteri = poteri.replaceAll("\s+", ""): null

17-03-2025T07:02:58 - [TEST_STEP][PASSED] - typeOfData = typeOfDataMain + " Отпуск в сеть": null

17-03-2025T07:02:58 - [TEST_STEP][PASSED] - if (a == 82): null

17-03-2025T07:02:58 - [TEST_STEP][PASSED] - else if (a == 84): null

17-03-2025T07:02:58 - [TEST_STEP][PASSED] - else if (a == 83 || a == 52 || a == 72 || a == 28 || a == 73 || a == 77 || a == 74 || a == 65 || a == 36 || a == 44 || a == 53 || a == 80 || a == 54 || a == 1 || a == 18 || a == 59 || a == 81): null

17-03-2025T07:02:58 - [TEST_STEP][PASSED] - path = dataFolder + "Table Data/" + typeOfData + " за отчётный период " + dzoNum: null

17-03-2025T07:02:58 - [TEST_STEP][PASSED] - println(path): null

17-03-2025T07:02:58 - [TEST_STEP][PASSED] - page = getText(findTestObject(path)): Text of object 'Object Repository/Выполнение бизнес-плана/Значения со страницы Выполнение бизнес-плана/Table Data/Факт Отпуск в сеть за отчётный период 4' is: '3 075 072'

17-03-2025T07:02:58 - [MESSAGE][PASSED] - Text of object 'Object Repository/Выполнение бизнес-плана/Значения со страницы Выполнение бизнес-плана/Table Data/Факт Отпуск в сеть за отчётный период 4' is: '3 075 072'

17-03-2025T07:02:58 - [TEST_STEP][PASSED] - if (page == "" || page == null): null

17-03-2025T07:02:58 - [TEST_STEP][PASSED] - else: null

17-03-2025T07:02:58 - [TEST_STEP][PASSED] - page = page.replaceAll("\s+", ""): null

17-03-2025T07:02:58 - [TEST_STEP][PASSED] - if (page == "undefined"): null

17-03-2025T07:02:58 - [TEST_STEP][PASSED] - fileOtpuskVSet = otpusk.toInteger(): null

17-03-2025T07:02:58 - [TEST_STEP][PASSED] - pageOtpuskVSet = page.toInteger(): null

17-03-2025T07:02:58 - [TEST_STEP][PASSED] - typeOfData = typeOfDataMain + " Потери": null

17-03-2025T07:02:58 - [TEST_STEP][PASSED] - if (a == 82): null

17-03-2025T07:02:58 - [TEST_STEP][PASSED] - else if (a == 84): null

17-03-2025T07:02:58 - [TEST_STEP][PASSED] - else if (a == 83 || a == 52 || a == 72 || a == 28 || a == 73 || a == 77 || a == 74 || a == 65 || a == 44 || a == 53 || a == 80 || a == 54 || a == 1 || a == 18 || a == 59 || a == 81): null

17-03-2025T07:02:58 - [TEST_STEP][PASSED] - else: null

17-03-2025T07:02:58 - [TEST_STEP][PASSED] - path = dataFolder + typeOfData + " за отчётный период " + b: null

17-03-2025T07:02:58 - [TEST_STEP][FAILED] - page = getText(findTestObject(path)): Unable to get text of object 'Object Repository/Выполнение бизнес-плана/Значения со страницы Выполнение бизнес-плана/Факт Потери за отчётный период Россети Северо-Запад' (Root cause: com.kms.katalon.core.exception.StepFailedException: Unable to get text of object 'Object Repository/Выполнение бизнес-плана/Значения со страницы Выполнение бизнес-плана/Факт Потери за отчётный период Россети Северо-Запад'
	at com.kms.katalon.core.webui.keyword.internal.WebUIKeywordMain.stepFailed(WebUIKeywordMain.groovy:64)
	at com.kms.katalon.core.webui.keyword.internal.WebUIKeywordMain.runKeyword(WebUIKeywordMain.groovy:26)
	at com.kms.katalon.core.webui.keyword.builtin.GetTextKeyword.getText(GetTextKeyword.groovy:88)
	at com.kms.katalon.core.webui.keyword.builtin.GetTextKeyword.execute(GetTextKeyword.groovy:67)
	at com.kms.katalon.core.keyword.internal.KeywordExecutor.executeKeywordForPlatform(KeywordExecutor.groovy:74)
	at com.kms.katalon.core.webui.keyword.WebUiBuiltInKeywords.getText(WebUiBuiltInKeywords.groovy:957)
	at Выполнение бизнес-плана Сверка ПАО Россети все филиалы.Numbers(Выполнение бизнес-плана Сверка ПАО Россети все филиалы:594)
	at Выполнение бизнес-плана Сверка ПАО Россети все филиалы.run(Выполнение бизнес-плана Сверка ПАО Россети все филиалы:301)
	at com.kms.katalon.core.main.ScriptEngine.run(ScriptEngine.java:194)
	at com.kms.katalon.core.main.ScriptEngine.runScriptAsRawText(ScriptEngine.java:119)
	at com.kms.katalon.core.main.TestCaseExecutor.runScript(TestCaseExecutor.java:448)
	at com.kms.katalon.core.main.TestCaseExecutor.doExecute(TestCaseExecutor.java:439)
	at com.kms.katalon.core.main.TestCaseExecutor.processExecutionPhase(TestCaseExecutor.java:418)
	at com.kms.katalon.core.main.TestCaseExecutor.accessMainPhase(TestCaseExecutor.java:410)
	at com.kms.katalon.core.main.TestCaseExecutor.execute(TestCaseExecutor.java:285)
	at com.kms.katalon.core.common.CommonExecutor.accessTestCaseMainPhase(CommonExecutor.java:65)
	at com.kms.katalon.core.main.TestSuiteExecutor.accessTestSuiteMainPhase(TestSuiteExecutor.java:150)
	at com.kms.katalon.core.main.TestSuiteExecutor.execute(TestSuiteExecutor.java:106)
	at com.kms.katalon.core.main.TestCaseMain.startTestSuite(TestCaseMain.java:180)
	at TempTestSuite1742171011514.run(TempTestSuite1742171011514.groovy:35)
	at java.base/jdk.internal.reflect.NativeMethodAccessorImpl.invoke0(Native Method)
	at java.base/jdk.internal.reflect.NativeMethodAccessorImpl.invoke(NativeMethodAccessorImpl.java:77)
	at java.base/jdk.internal.reflect.DelegatingMethodAccessorImpl.invoke(DelegatingMethodAccessorImpl.java:43)
Caused by: com.kms.katalon.core.webui.exception.WebElementNotFoundException: Web element with id: 'Object Repository/Выполнение бизнес-плана/Значения со страницы Выполнение бизнес-плана/Факт Потери за отчётный период Россети Северо-Запад' located by '//div[158]/div[2]/div/div/table/tbody/tr[3]/td[9]' not found
	at com.kms.katalon.core.webui.common.WebUiCommonHelper.findWebElement(WebUiCommonHelper.java:1426)
	at com.kms.katalon.core.webui.keyword.internal.WebUIAbstractKeyword.findWebElement(WebUIAbstractKeyword.groovy:27)
	at com.kms.katalon.core.webui.keyword.internal.WebUIAbstractKeyword.findWebElement(WebUIAbstractKeyword.groovy:26)
	at com.kms.katalon.core.webui.keyword.builtin.GetTextKeyword$_getText_closure1.doCall(GetTextKeyword.groovy:78)
	at com.kms.katalon.core.webui.keyword.builtin.GetTextKeyword$_getText_closure1.call(GetTextKeyword.groovy)
	at com.kms.katalon.core.webui.keyword.internal.WebUIKeywordMain.runKeyword(WebUIKeywordMain.groovy:20)
	at com.kms.katalon.core.webui.keyword.builtin.GetTextKeyword.getText(GetTextKeyword.groovy:88)
	at com.kms.katalon.core.webui.keyword.builtin.GetTextKeyword.execute(GetTextKeyword.groovy:67)
	at com.kms.katalon.core.keyword.internal.KeywordExecutor.executeKeywordForPlatform(KeywordExecutor.groovy:74)
	at com.kms.katalon.core.webui.keyword.WebUiBuiltInKeywords.getText(WebUiBuiltInKeywords.groovy:957)
	at Script1718980020443.Numbers(Script1718980020443.groovy:594)
	at Script1718980020443.run(Script1718980020443.groovy:301)
	... 15 more
)

17-03-2025T07:03:29 - [MESSAGE][INFO] - Unable to find the element located by 'By.xpath: //div[158]/div[2]/div/div/table/tbody/tr[3]/td[9]'. Please recheck the objects properties to make sure the desired element is located. 

17-03-2025T07:03:29 - [MESSAGE][FAILED] - Unable to get text of object 'Object Repository/Выполнение бизнес-плана/Значения со страницы Выполнение бизнес-плана/Факт Потери за отчётный период Россети Северо-Запад' (Root cause: com.kms.katalon.core.exception.StepFailedException: Unable to get text of object 'Object Repository/Выполнение бизнес-плана/Значения со страницы Выполнение бизнес-плана/Факт Потери за отчётный период Россети Северо-Запад'
	at com.kms.katalon.core.webui.keyword.internal.WebUIKeywordMain.stepFailed(WebUIKeywordMain.groovy:64)
	at com.kms.katalon.core.webui.keyword.internal.WebUIKeywordMain.runKeyword(WebUIKeywordMain.groovy:26)
	at com.kms.katalon.core.webui.keyword.builtin.GetTextKeyword.getText(GetTextKeyword.groovy:88)
	at com.kms.katalon.core.webui.keyword.builtin.GetTextKeyword.execute(GetTextKeyword.groovy:67)
	at com.kms.katalon.core.keyword.internal.KeywordExecutor.executeKeywordForPlatform(KeywordExecutor.groovy:74)
	at com.kms.katalon.core.webui.keyword.WebUiBuiltInKeywords.getText(WebUiBuiltInKeywords.groovy:957)
	at Выполнение бизнес-плана Сверка ПАО Россети все филиалы.Numbers(Выполнение бизнес-плана Сверка ПАО Россети все филиалы:594)
	at Выполнение бизнес-плана Сверка ПАО Россети все филиалы.run(Выполнение бизнес-плана Сверка ПАО Россети все филиалы:301)
	at com.kms.katalon.core.main.ScriptEngine.run(ScriptEngine.java:194)
	at com.kms.katalon.core.main.ScriptEngine.runScriptAsRawText(ScriptEngine.java:119)
	at com.kms.katalon.core.main.TestCaseExecutor.runScript(TestCaseExecutor.java:448)
	at com.kms.katalon.core.main.TestCaseExecutor.doExecute(TestCaseExecutor.java:439)
	at com.kms.katalon.core.main.TestCaseExecutor.processExecutionPhase(TestCaseExecutor.java:418)
	at com.kms.katalon.core.main.TestCaseExecutor.accessMainPhase(TestCaseExecutor.java:410)
	at com.kms.katalon.core.main.TestCaseExecutor.execute(TestCaseExecutor.java:285)
	at com.kms.katalon.core.common.CommonExecutor.accessTestCaseMainPhase(CommonExecutor.java:65)
	at com.kms.katalon.core.main.TestSuiteExecutor.accessTestSuiteMainPhase(TestSuiteExecutor.java:150)
	at com.kms.katalon.core.main.TestSuiteExecutor.execute(TestSuiteExecutor.java:106)
	at com.kms.katalon.core.main.TestCaseMain.startTestSuite(TestCaseMain.java:180)
	at TempTestSuite1742171011514.run(TempTestSuite1742171011514.groovy:35)
	at java.base/jdk.internal.reflect.NativeMethodAccessorImpl.invoke0(Native Method)
	at java.base/jdk.internal.reflect.NativeMethodAccessorImpl.invoke(NativeMethodAccessorImpl.java:77)
	at java.base/jdk.internal.reflect.DelegatingMethodAccessorImpl.invoke(DelegatingMethodAccessorImpl.java:43)
Caused by: com.kms.katalon.core.webui.exception.WebElementNotFoundException: Web element with id: 'Object Repository/Выполнение бизнес-плана/Значения со страницы Выполнение бизнес-плана/Факт Потери за отчётный период Россети Северо-Запад' located by '//div[158]/div[2]/div/div/table/tbody/tr[3]/td[9]' not found
	at com.kms.katalon.core.webui.common.WebUiCommonHelper.findWebElement(WebUiCommonHelper.java:1426)
	at com.kms.katalon.core.webui.keyword.internal.WebUIAbstractKeyword.findWebElement(WebUIAbstractKeyword.groovy:27)
	at com.kms.katalon.core.webui.keyword.internal.WebUIAbstractKeyword.findWebElement(WebUIAbstractKeyword.groovy:26)
	at com.kms.katalon.core.webui.keyword.builtin.GetTextKeyword$_getText_closure1.doCall(GetTextKeyword.groovy:78)
	at com.kms.katalon.core.webui.keyword.builtin.GetTextKeyword$_getText_closure1.call(GetTextKeyword.groovy)
	at com.kms.katalon.core.webui.keyword.internal.WebUIKeywordMain.runKeyword(WebUIKeywordMain.groovy:20)
	at com.kms.katalon.core.webui.keyword.builtin.GetTextKeyword.getText(GetTextKeyword.groovy:88)
	at com.kms.katalon.core.webui.keyword.builtin.GetTextKeyword.execute(GetTextKeyword.groovy:67)
	at com.kms.katalon.core.keyword.internal.KeywordExecutor.executeKeywordForPlatform(KeywordExecutor.groovy:74)
	at com.kms.katalon.core.webui.keyword.WebUiBuiltInKeywords.getText(WebUiBuiltInKeywords.groovy:957)
	at Script1718980020443.Numbers(Script1718980020443.groovy:594)
	at Script1718980020443.run(Script1718980020443.groovy:301)
	... 15 more
)
[[ATTACHMENT|C:\\Users\\LIAZGINA-DI\\git\\SPORU\\Reports\\20250317_032331\\\u041F\u043D-\u0421\u0440-\u041F\u0442\\\u0421\u0432\u0435\u0440\u043A\u0430 \u0434\u0430\u0448\u0431\u043E\u0440\u0434\u043E\u0432 \u0438\u0437 \u0440\u0430\u0437\u043D\u044B\u0445 \u0431\u043B\u043E\u043A\u043E\u0432\\20250317_032331\\1742184209728.png]]

17-03-2025T07:03:29 - [TEST_STEP][PASSED] - if (page == "" || page == null): null

17-03-2025T07:03:29 - [TEST_STEP][PASSED] - fileInt = poteri.toInteger(): null

17-03-2025T07:03:29 - [TEST_STEP][PASSED] - Script1718980020443.WriteToExcelNoData(a, typeOfData, todaysDate, fileInt, fileDouble, dZO): null

17-03-2025T07:03:29 - [TEST_STEP][PASSED] - sheetName = "Sheet1": null

17-03-2025T07:03:29 - [TEST_STEP][PASSED] - data = findTestData("PlanFact"): null

17-03-2025T07:03:29 - [TEST_STEP][PASSED] - n = data.getRowNumbers() + 1: null

17-03-2025T07:03:29 - [TEST_STEP][PASSED] - day = ")).toInteger(): null

17-03-2025T07:03:29 - [TEST_STEP][PASSED] - println(day): null

17-03-2025T07:03:29 - [TEST_STEP][PASSED] - month = ")).toInteger(): null

17-03-2025T07:03:29 - [TEST_STEP][PASSED] - println(month): null

17-03-2025T07:03:29 - [TEST_STEP][PASSED] - y = <not implemented yet for class: org.codehaus.groovy.ast.expr.EmptyExpression>: null

17-03-2025T07:03:29 - [TEST_STEP][PASSED] - iy = <not implemented yet for class: org.codehaus.groovy.ast.expr.EmptyExpression>: null

17-03-2025T07:03:29 - [TEST_STEP][PASSED] - m = getText(findTestObject("Выполнение бизнес-плана/Период")): Text of object 'Object Repository/Выполнение бизнес-плана/Период' is: 'Январь 2025 года'

17-03-2025T07:03:30 - [MESSAGE][PASSED] - Text of object 'Object Repository/Выполнение бизнес-плана/Период' is: 'Январь 2025 года'

17-03-2025T07:03:30 - [TEST_STEP][PASSED] - iy = m.indexOf("20"): null

17-03-2025T07:03:30 - [TEST_STEP][PASSED] - if (iy > -1): null

17-03-2025T07:03:30 - [TEST_STEP][PASSED] - y = substring(iy, iy + 4).toInteger(): null

17-03-2025T07:03:30 - [TEST_STEP][PASSED] - println(y): null

17-03-2025T07:03:30 - [TEST_STEP][PASSED] - if (toString().length() == 4): null

17-03-2025T07:03:30 - [TEST_STEP][PASSED] - m = m.substring(0, m.indexOf(y.toString())): null

17-03-2025T07:03:30 - [TEST_STEP][PASSED] - m = m.trim(): null

17-03-2025T07:03:30 - [TEST_STEP][PASSED] - if (m == ""): null

17-03-2025T07:03:30 - [TEST_STEP][PASSED] - dashboardName = "Выполнение бизнес-плана": null

17-03-2025T07:03:30 - [TEST_STEP][PASSED] - workbook01 = getWorkbook(excelFilePath): null

17-03-2025T07:03:30 - [TEST_STEP][PASSED] - sheet01 = getExcelSheet(workbook01, sheetName): null

17-03-2025T07:03:30 - [TEST_STEP][PASSED] - setValueToCellByIndex(sheet01, n, 0, dashboardName): null

17-03-2025T07:03:30 - [TEST_STEP][PASSED] - setValueToCellByIndex(sheet01, n, 1, dZO): null

17-03-2025T07:03:30 - [TEST_STEP][PASSED] - setValueToCellByIndex(sheet01, n, 2, typeOfData): null

17-03-2025T07:03:30 - [TEST_STEP][PASSED] - if (typeOfData == "Факт в процентах" || typeOfData == "План в процентах"): null

17-03-2025T07:03:30 - [TEST_STEP][PASSED] - else: null

17-03-2025T07:03:30 - [TEST_STEP][PASSED] - setValueToCellByIndex(sheet01, n, 3, fileInt): null

17-03-2025T07:03:30 - [TEST_STEP][PASSED] - setValueToCellByIndex(sheet01, n, 4, "нет данных"): null

17-03-2025T07:03:30 - [TEST_STEP][PASSED] - setValueToCellByIndex(sheet01, n, 5, m): null

17-03-2025T07:03:30 - [TEST_STEP][PASSED] - setValueToCellByIndex(sheet01, n, 6, y): null

17-03-2025T07:03:30 - [TEST_STEP][PASSED] - setValueToCellByIndex(sheet01, n, 7, todaysDate): null

17-03-2025T07:03:30 - [TEST_STEP][PASSED] - n = n + 1: null

17-03-2025T07:03:30 - [TEST_STEP][PASSED] - saveWorkbook(excelFilePath, workbook01): null

17-03-2025T07:03:30 - [TEST_STEP][PASSED] - compare = pageOtpuskVSet: null

17-03-2025T07:03:30 - [TEST_STEP][PASSED] - if (pageOtpuskVSet != null): null

17-03-2025T07:03:30 - [TEST_STEP][PASSED] - if (compare == fileOtpuskVSet): null

17-03-2025T07:03:30 - [TEST_STEP][PASSED] - else if (compare > fileOtpuskVSet): null

17-03-2025T07:03:30 - [TEST_STEP][PASSED] - else if (compare < fileOtpuskVSet): null

17-03-2025T07:03:30 - [TEST_STEP][PASSED] - compare = compare + 1: null

17-03-2025T07:03:30 - [TEST_STEP][PASSED] - if (compare == fileOtpuskVSet): null

17-03-2025T07:03:30 - [TEST_STEP][PASSED] - else: null

17-03-2025T07:03:30 - [TEST_STEP][PASSED] - numberOfErrors = numberOfErrors + 1: null

17-03-2025T07:03:30 - [TEST_STEP][PASSED] - pageInt = pageOtpuskVSet: null

17-03-2025T07:03:30 - [TEST_STEP][PASSED] - fileInt = fileOtpuskVSet: null

17-03-2025T07:03:30 - [TEST_STEP][PASSED] - typeOfData = typeOfDataMain + " Отпуск в сеть": null

17-03-2025T07:03:30 - [TEST_STEP][PASSED] - Script1718980020443.WriteToExcel(a, typeOfData, todaysDate, pageInt, fileInt, pageDouble, fileDouble, dZO): null

17-03-2025T07:03:30 - [TEST_STEP][PASSED] - sheetName = "Sheet1": null

17-03-2025T07:03:30 - [TEST_STEP][PASSED] - data = findTestData("PlanFact"): null

17-03-2025T07:03:30 - [TEST_STEP][PASSED] - n = data.getRowNumbers() + 1: null

17-03-2025T07:03:30 - [TEST_STEP][PASSED] - day = ")).toInteger(): null

17-03-2025T07:03:30 - [TEST_STEP][PASSED] - println(day): null

17-03-2025T07:03:30 - [TEST_STEP][PASSED] - month = ")).toInteger(): null

17-03-2025T07:03:30 - [TEST_STEP][PASSED] - println(month): null

17-03-2025T07:03:30 - [TEST_STEP][PASSED] - y = <not implemented yet for class: org.codehaus.groovy.ast.expr.EmptyExpression>: null

17-03-2025T07:03:30 - [TEST_STEP][PASSED] - iy = <not implemented yet for class: org.codehaus.groovy.ast.expr.EmptyExpression>: null

17-03-2025T07:03:30 - [TEST_STEP][PASSED] - m = getText(findTestObject("Выполнение бизнес-плана/Период")): Text of object 'Object Repository/Выполнение бизнес-плана/Период' is: 'Январь 2025 года'

17-03-2025T07:03:30 - [MESSAGE][PASSED] - Text of object 'Object Repository/Выполнение бизнес-плана/Период' is: 'Январь 2025 года'

17-03-2025T07:03:30 - [TEST_STEP][PASSED] - iy = m.indexOf("20"): null

17-03-2025T07:03:30 - [TEST_STEP][PASSED] - if (iy > -1): null

17-03-2025T07:03:30 - [TEST_STEP][PASSED] - y = substring(iy, iy + 4).toInteger(): null

17-03-2025T07:03:30 - [TEST_STEP][PASSED] - println(y): null

17-03-2025T07:03:30 - [TEST_STEP][PASSED] - if (toString().length() == 4): null

17-03-2025T07:03:30 - [TEST_STEP][PASSED] - m = m.substring(0, m.indexOf(y.toString())): null

17-03-2025T07:03:30 - [TEST_STEP][PASSED] - m = m.trim(): null

17-03-2025T07:03:30 - [TEST_STEP][PASSED] - if (m == ""): null

17-03-2025T07:03:30 - [TEST_STEP][PASSED] - dashboardName = "Выполнение бизнес-плана": null

17-03-2025T07:03:30 - [TEST_STEP][PASSED] - workbook01 = getWorkbook(excelFilePath): null

17-03-2025T07:03:30 - [TEST_STEP][PASSED] - sheet01 = getExcelSheet(workbook01, sheetName): null

17-03-2025T07:03:30 - [TEST_STEP][PASSED] - setValueToCellByIndex(sheet01, n, 0, dashboardName): null

17-03-2025T07:03:30 - [TEST_STEP][PASSED] - setValueToCellByIndex(sheet01, n, 1, dZO): null

17-03-2025T07:03:30 - [TEST_STEP][PASSED] - setValueToCellByIndex(sheet01, n, 2, typeOfData): null

17-03-2025T07:03:30 - [TEST_STEP][PASSED] - if (typeOfData == "Факт в процентах" || typeOfData == "План в процентах"): null

17-03-2025T07:03:30 - [TEST_STEP][PASSED] - else: null

17-03-2025T07:03:30 - [TEST_STEP][PASSED] - setValueToCellByIndex(sheet01, n, 3, fileInt): null

17-03-2025T07:03:30 - [TEST_STEP][PASSED] - setValueToCellByIndex(sheet01, n, 4, pageInt): null

17-03-2025T07:03:30 - [TEST_STEP][PASSED] - setValueToCellByIndex(sheet01, n, 5, m): null

17-03-2025T07:03:30 - [TEST_STEP][PASSED] - setValueToCellByIndex(sheet01, n, 6, y): null

17-03-2025T07:03:30 - [TEST_STEP][PASSED] - setValueToCellByIndex(sheet01, n, 7, todaysDate): null

17-03-2025T07:03:30 - [TEST_STEP][PASSED] - n = n + 1: null

17-03-2025T07:03:30 - [TEST_STEP][FAILED] - saveWorkbook(excelFilePath, workbook01): null

17-03-2025T07:03:31 - [TEST_STEP][PASSED] - compare = pagePoteri: null

17-03-2025T07:03:31 - [TEST_STEP][PASSED] - if (pageOtpuskVSet != null): null

17-03-2025T07:03:31 - [TEST_STEP][PASSED] - if (compare == filePoteri): null

17-03-2025T07:03:31 - [TEST_STEP][PASSED] - if (compare == filePoteri): null

17-03-2025T07:03:31 - [TEST_STEP][PASSED] - if (planFact == 2): null

17-03-2025T07:03:31 - [TEST_STEP][PASSED] - if (planFact == 1): null

17-03-2025T07:03:31 - [TEST_STEP][PASSED] - else if (planFact == 2): null

17-03-2025T07:03:31 - [TEST_STEP][PASSED] - click(findTestObject("Выполнение бизнес-плана/Кнопка План")): Object: 'Object Repository/Выполнение бизнес-плана/Кнопка План' is clicked on

17-03-2025T07:03:31 - [MESSAGE][PASSED] - Object: 'Object Repository/Выполнение бизнес-плана/Кнопка План' is clicked on

17-03-2025T07:03:31 - [TEST_STEP][PASSED] - typeOfDataMain = "План": null

17-03-2025T07:03:31 - [TEST_STEP][PASSED] - otpusk = findTestData("PlanFact").getValue(2, a): null

17-03-2025T07:03:31 - [TEST_STEP][PASSED] - poteri = findTestData("PlanFact").getValue(3, a): null

17-03-2025T07:03:31 - [TEST_STEP][PASSED] - otpusk = otpusk.replaceAll("\s+", ""): null

17-03-2025T07:03:31 - [TEST_STEP][PASSED] - poteri = poteri.replaceAll("\s+", ""): null

17-03-2025T07:03:31 - [TEST_STEP][PASSED] - typeOfData = typeOfDataMain + " Отпуск в сеть": null

17-03-2025T07:03:31 - [TEST_STEP][PASSED] - if (a == 82): null

17-03-2025T07:03:31 - [TEST_STEP][PASSED] - else if (a == 84): null

17-03-2025T07:03:31 - [TEST_STEP][PASSED] - else if (a == 83 || a == 52 || a == 72 || a == 28 || a == 73 || a == 77 || a == 74 || a == 65 || a == 36 || a == 44 || a == 53 || a == 80 || a == 54 || a == 1 || a == 18 || a == 59 || a == 81): null

17-03-2025T07:03:31 - [TEST_STEP][PASSED] - path = dataFolder + "Table Data/" + typeOfData + " за отчётный период " + dzoNum: null

17-03-2025T07:03:31 - [TEST_STEP][PASSED] - println(path): null

17-03-2025T07:03:31 - [TEST_STEP][PASSED] - page = getText(findTestObject(path)): Text of object 'Object Repository/Выполнение бизнес-плана/Значения со страницы Выполнение бизнес-плана/Table Data/План Отпуск в сеть за отчётный период 4' is: '3 272 134'

17-03-2025T07:03:31 - [MESSAGE][PASSED] - Text of object 'Object Repository/Выполнение бизнес-плана/Значения со страницы Выполнение бизнес-плана/Table Data/План Отпуск в сеть за отчётный период 4' is: '3 272 134'

17-03-2025T07:03:31 - [TEST_STEP][PASSED] - if (page == "" || page == null): null

17-03-2025T07:03:31 - [TEST_STEP][PASSED] - else: null

17-03-2025T07:03:31 - [TEST_STEP][PASSED] - page = page.replaceAll("\s+", ""): null

17-03-2025T07:03:31 - [TEST_STEP][PASSED] - if (page == "undefined"): null

17-03-2025T07:03:31 - [TEST_STEP][PASSED] - fileOtpuskVSet = otpusk.toInteger(): null

17-03-2025T07:03:31 - [TEST_STEP][PASSED] - pageOtpuskVSet = page.toInteger(): null

17-03-2025T07:03:31 - [TEST_STEP][PASSED] - typeOfData = typeOfDataMain + " Потери": null

17-03-2025T07:03:31 - [TEST_STEP][PASSED] - if (a == 82): null

17-03-2025T07:03:31 - [TEST_STEP][PASSED] - else if (a == 84): null

17-03-2025T07:03:31 - [TEST_STEP][PASSED] - else if (a == 83 || a == 52 || a == 72 || a == 28 || a == 73 || a == 77 || a == 74 || a == 65 || a == 44 || a == 53 || a == 80 || a == 54 || a == 1 || a == 18 || a == 59 || a == 81): null

17-03-2025T07:03:31 - [TEST_STEP][PASSED] - else: null

17-03-2025T07:03:31 - [TEST_STEP][PASSED] - path = dataFolder + typeOfData + " за отчётный период " + b: null

17-03-2025T07:03:31 - [TEST_STEP][FAILED] - page = getText(findTestObject(path)): Unable to get text of object 'Object Repository/Выполнение бизнес-плана/Значения со страницы Выполнение бизнес-плана/План Потери за отчётный период Россети Северо-Запад' (Root cause: com.kms.katalon.core.exception.StepFailedException: Unable to get text of object 'Object Repository/Выполнение бизнес-плана/Значения со страницы Выполнение бизнес-плана/План Потери за отчётный период Россети Северо-Запад'
	at com.kms.katalon.core.webui.keyword.internal.WebUIKeywordMain.stepFailed(WebUIKeywordMain.groovy:64)
	at com.kms.katalon.core.webui.keyword.internal.WebUIKeywordMain.runKeyword(WebUIKeywordMain.groovy:26)
	at com.kms.katalon.core.webui.keyword.builtin.GetTextKeyword.getText(GetTextKeyword.groovy:88)
	at com.kms.katalon.core.webui.keyword.builtin.GetTextKeyword.execute(GetTextKeyword.groovy:67)
	at com.kms.katalon.core.keyword.internal.KeywordExecutor.executeKeywordForPlatform(KeywordExecutor.groovy:74)
	at com.kms.katalon.core.webui.keyword.WebUiBuiltInKeywords.getText(WebUiBuiltInKeywords.groovy:957)
	at Выполнение бизнес-плана Сверка ПАО Россети все филиалы.Numbers(Выполнение бизнес-плана Сверка ПАО Россети все филиалы:594)
	at Выполнение бизнес-плана Сверка ПАО Россети все филиалы.run(Выполнение бизнес-плана Сверка ПАО Россети все филиалы:301)
	at com.kms.katalon.core.main.ScriptEngine.run(ScriptEngine.java:194)
	at com.kms.katalon.core.main.ScriptEngine.runScriptAsRawText(ScriptEngine.java:119)
	at com.kms.katalon.core.main.TestCaseExecutor.runScript(TestCaseExecutor.java:448)
	at com.kms.katalon.core.main.TestCaseExecutor.doExecute(TestCaseExecutor.java:439)
	at com.kms.katalon.core.main.TestCaseExecutor.processExecutionPhase(TestCaseExecutor.java:418)
	at com.kms.katalon.core.main.TestCaseExecutor.accessMainPhase(TestCaseExecutor.java:410)
	at com.kms.katalon.core.main.TestCaseExecutor.execute(TestCaseExecutor.java:285)
	at com.kms.katalon.core.common.CommonExecutor.accessTestCaseMainPhase(CommonExecutor.java:65)
	at com.kms.katalon.core.main.TestSuiteExecutor.accessTestSuiteMainPhase(TestSuiteExecutor.java:150)
	at com.kms.katalon.core.main.TestSuiteExecutor.execute(TestSuiteExecutor.java:106)
	at com.kms.katalon.core.main.TestCaseMain.startTestSuite(TestCaseMain.java:180)
	at TempTestSuite1742171011514.run(TempTestSuite1742171011514.groovy:35)
	at java.base/jdk.internal.reflect.NativeMethodAccessorImpl.invoke0(Native Method)
	at java.base/jdk.internal.reflect.NativeMethodAccessorImpl.invoke(NativeMethodAccessorImpl.java:77)
	at java.base/jdk.internal.reflect.DelegatingMethodAccessorImpl.invoke(DelegatingMethodAccessorImpl.java:43)
Caused by: com.kms.katalon.core.webui.exception.WebElementNotFoundException: Web element with id: 'Object Repository/Выполнение бизнес-плана/Значения со страницы Выполнение бизнес-плана/План Потери за отчётный период Россети Северо-Запад' located by '//div[160]/div[2]/div/div/table/tbody/tr[3]/td[9]' not found
	at com.kms.katalon.core.webui.common.WebUiCommonHelper.findWebElement(WebUiCommonHelper.java:1426)
	at com.kms.katalon.core.webui.keyword.internal.WebUIAbstractKeyword.findWebElement(WebUIAbstractKeyword.groovy:27)
	at com.kms.katalon.core.webui.keyword.internal.WebUIAbstractKeyword.findWebElement(WebUIAbstractKeyword.groovy:26)
	at com.kms.katalon.core.webui.keyword.builtin.GetTextKeyword$_getText_closure1.doCall(GetTextKeyword.groovy:78)
	at com.kms.katalon.core.webui.keyword.builtin.GetTextKeyword$_getText_closure1.call(GetTextKeyword.groovy)
	at com.kms.katalon.core.webui.keyword.internal.WebUIKeywordMain.runKeyword(WebUIKeywordMain.groovy:20)
	at com.kms.katalon.core.webui.keyword.builtin.GetTextKeyword.getText(GetTextKeyword.groovy:88)
	at com.kms.katalon.core.webui.keyword.builtin.GetTextKeyword.execute(GetTextKeyword.groovy:67)
	at com.kms.katalon.core.keyword.internal.KeywordExecutor.executeKeywordForPlatform(KeywordExecutor.groovy:74)
	at com.kms.katalon.core.webui.keyword.WebUiBuiltInKeywords.getText(WebUiBuiltInKeywords.groovy:957)
	at Script1718980020443.Numbers(Script1718980020443.groovy:594)
	at Script1718980020443.run(Script1718980020443.groovy:301)
	... 15 more
)

17-03-2025T07:04:02 - [MESSAGE][INFO] - Unable to find the element located by 'By.xpath: //div[160]/div[2]/div/div/table/tbody/tr[3]/td[9]'. Please recheck the objects properties to make sure the desired element is located. 

17-03-2025T07:04:02 - [MESSAGE][FAILED] - Unable to get text of object 'Object Repository/Выполнение бизнес-плана/Значения со страницы Выполнение бизнес-плана/План Потери за отчётный период Россети Северо-Запад' (Root cause: com.kms.katalon.core.exception.StepFailedException: Unable to get text of object 'Object Repository/Выполнение бизнес-плана/Значения со страницы Выполнение бизнес-плана/План Потери за отчётный период Россети Северо-Запад'
	at com.kms.katalon.core.webui.keyword.internal.WebUIKeywordMain.stepFailed(WebUIKeywordMain.groovy:64)
	at com.kms.katalon.core.webui.keyword.internal.WebUIKeywordMain.runKeyword(WebUIKeywordMain.groovy:26)
	at com.kms.katalon.core.webui.keyword.builtin.GetTextKeyword.getText(GetTextKeyword.groovy:88)
	at com.kms.katalon.core.webui.keyword.builtin.GetTextKeyword.execute(GetTextKeyword.groovy:67)
	at com.kms.katalon.core.keyword.internal.KeywordExecutor.executeKeywordForPlatform(KeywordExecutor.groovy:74)
	at com.kms.katalon.core.webui.keyword.WebUiBuiltInKeywords.getText(WebUiBuiltInKeywords.groovy:957)
	at Выполнение бизнес-плана Сверка ПАО Россети все филиалы.Numbers(Выполнение бизнес-плана Сверка ПАО Россети все филиалы:594)
	at Выполнение бизнес-плана Сверка ПАО Россети все филиалы.run(Выполнение бизнес-плана Сверка ПАО Россети все филиалы:301)
	at com.kms.katalon.core.main.ScriptEngine.run(ScriptEngine.java:194)
	at com.kms.katalon.core.main.ScriptEngine.runScriptAsRawText(ScriptEngine.java:119)
	at com.kms.katalon.core.main.TestCaseExecutor.runScript(TestCaseExecutor.java:448)
	at com.kms.katalon.core.main.TestCaseExecutor.doExecute(TestCaseExecutor.java:439)
	at com.kms.katalon.core.main.TestCaseExecutor.processExecutionPhase(TestCaseExecutor.java:418)
	at com.kms.katalon.core.main.TestCaseExecutor.accessMainPhase(TestCaseExecutor.java:410)
	at com.kms.katalon.core.main.TestCaseExecutor.execute(TestCaseExecutor.java:285)
	at com.kms.katalon.core.common.CommonExecutor.accessTestCaseMainPhase(CommonExecutor.java:65)
	at com.kms.katalon.core.main.TestSuiteExecutor.accessTestSuiteMainPhase(TestSuiteExecutor.java:150)
	at com.kms.katalon.core.main.TestSuiteExecutor.execute(TestSuiteExecutor.java:106)
	at com.kms.katalon.core.main.TestCaseMain.startTestSuite(TestCaseMain.java:180)
	at TempTestSuite1742171011514.run(TempTestSuite1742171011514.groovy:35)
	at java.base/jdk.internal.reflect.NativeMethodAccessorImpl.invoke0(Native Method)
	at java.base/jdk.internal.reflect.NativeMethodAccessorImpl.invoke(NativeMethodAccessorImpl.java:77)
	at java.base/jdk.internal.reflect.DelegatingMethodAccessorImpl.invoke(DelegatingMethodAccessorImpl.java:43)
Caused by: com.kms.katalon.core.webui.exception.WebElementNotFoundException: Web element with id: 'Object Repository/Выполнение бизнес-плана/Значения со страницы Выполнение бизнес-плана/План Потери за отчётный период Россети Северо-Запад' located by '//div[160]/div[2]/div/div/table/tbody/tr[3]/td[9]' not found
	at com.kms.katalon.core.webui.common.WebUiCommonHelper.findWebElement(WebUiCommonHelper.java:1426)
	at com.kms.katalon.core.webui.keyword.internal.WebUIAbstractKeyword.findWebElement(WebUIAbstractKeyword.groovy:27)
	at com.kms.katalon.core.webui.keyword.internal.WebUIAbstractKeyword.findWebElement(WebUIAbstractKeyword.groovy:26)
	at com.kms.katalon.core.webui.keyword.builtin.GetTextKeyword$_getText_closure1.doCall(GetTextKeyword.groovy:78)
	at com.kms.katalon.core.webui.keyword.builtin.GetTextKeyword$_getText_closure1.call(GetTextKeyword.groovy)
	at com.kms.katalon.core.webui.keyword.internal.WebUIKeywordMain.runKeyword(WebUIKeywordMain.groovy:20)
	at com.kms.katalon.core.webui.keyword.builtin.GetTextKeyword.getText(GetTextKeyword.groovy:88)
	at com.kms.katalon.core.webui.keyword.builtin.GetTextKeyword.execute(GetTextKeyword.groovy:67)
	at com.kms.katalon.core.keyword.internal.KeywordExecutor.executeKeywordForPlatform(KeywordExecutor.groovy:74)
	at com.kms.katalon.core.webui.keyword.WebUiBuiltInKeywords.getText(WebUiBuiltInKeywords.groovy:957)
	at Script1718980020443.Numbers(Script1718980020443.groovy:594)
	at Script1718980020443.run(Script1718980020443.groovy:301)
	... 15 more
)
[[ATTACHMENT|C:\\Users\\LIAZGINA-DI\\git\\SPORU\\Reports\\20250317_032331\\\u041F\u043D-\u0421\u0440-\u041F\u0442\\\u0421\u0432\u0435\u0440\u043A\u0430 \u0434\u0430\u0448\u0431\u043E\u0440\u0434\u043E\u0432 \u0438\u0437 \u0440\u0430\u0437\u043D\u044B\u0445 \u0431\u043B\u043E\u043A\u043E\u0432\\20250317_032331\\1742184242902.png]]

17-03-2025T07:04:02 - [TEST_STEP][PASSED] - if (page == "" || page == null): null

17-03-2025T07:04:02 - [TEST_STEP][PASSED] - fileInt = poteri.toInteger(): null

17-03-2025T07:04:02 - [TEST_STEP][PASSED] - Script1718980020443.WriteToExcelNoData(a, typeOfData, todaysDate, fileInt, fileDouble, dZO): null

17-03-2025T07:04:02 - [TEST_STEP][PASSED] - sheetName = "Sheet1": null

17-03-2025T07:04:02 - [TEST_STEP][PASSED] - data = findTestData("PlanFact"): null

17-03-2025T07:04:03 - [TEST_STEP][PASSED] - n = data.getRowNumbers() + 1: null

17-03-2025T07:04:03 - [TEST_STEP][PASSED] - day = ")).toInteger(): null

17-03-2025T07:04:03 - [TEST_STEP][PASSED] - println(day): null

17-03-2025T07:04:03 - [TEST_STEP][PASSED] - month = ")).toInteger(): null

17-03-2025T07:04:03 - [TEST_STEP][PASSED] - println(month): null

17-03-2025T07:04:03 - [TEST_STEP][PASSED] - y = <not implemented yet for class: org.codehaus.groovy.ast.expr.EmptyExpression>: null

17-03-2025T07:04:03 - [TEST_STEP][PASSED] - iy = <not implemented yet for class: org.codehaus.groovy.ast.expr.EmptyExpression>: null

17-03-2025T07:04:03 - [TEST_STEP][PASSED] - m = getText(findTestObject("Выполнение бизнес-плана/Период")): Text of object 'Object Repository/Выполнение бизнес-плана/Период' is: 'Январь 2025 года'

17-03-2025T07:04:03 - [MESSAGE][PASSED] - Text of object 'Object Repository/Выполнение бизнес-плана/Период' is: 'Январь 2025 года'

17-03-2025T07:04:03 - [TEST_STEP][PASSED] - iy = m.indexOf("20"): null

17-03-2025T07:04:03 - [TEST_STEP][PASSED] - if (iy > -1): null

17-03-2025T07:04:03 - [TEST_STEP][PASSED] - y = substring(iy, iy + 4).toInteger(): null

17-03-2025T07:04:03 - [TEST_STEP][PASSED] - println(y): null

17-03-2025T07:04:03 - [TEST_STEP][PASSED] - if (toString().length() == 4): null

17-03-2025T07:04:03 - [TEST_STEP][PASSED] - m = m.substring(0, m.indexOf(y.toString())): null

17-03-2025T07:04:03 - [TEST_STEP][PASSED] - m = m.trim(): null

17-03-2025T07:04:03 - [TEST_STEP][PASSED] - if (m == ""): null

17-03-2025T07:04:03 - [TEST_STEP][PASSED] - dashboardName = "Выполнение бизнес-плана": null

17-03-2025T07:04:03 - [TEST_STEP][PASSED] - workbook01 = getWorkbook(excelFilePath): null

17-03-2025T07:04:03 - [TEST_STEP][PASSED] - sheet01 = getExcelSheet(workbook01, sheetName): null

17-03-2025T07:04:03 - [TEST_STEP][PASSED] - setValueToCellByIndex(sheet01, n, 0, dashboardName): null

17-03-2025T07:04:03 - [TEST_STEP][PASSED] - setValueToCellByIndex(sheet01, n, 1, dZO): null

17-03-2025T07:04:03 - [TEST_STEP][PASSED] - setValueToCellByIndex(sheet01, n, 2, typeOfData): null

17-03-2025T07:04:03 - [TEST_STEP][PASSED] - if (typeOfData == "Факт в процентах" || typeOfData == "План в процентах"): null

17-03-2025T07:04:03 - [TEST_STEP][PASSED] - else: null

17-03-2025T07:04:03 - [TEST_STEP][PASSED] - setValueToCellByIndex(sheet01, n, 3, fileInt): null

17-03-2025T07:04:03 - [TEST_STEP][PASSED] - setValueToCellByIndex(sheet01, n, 4, "нет данных"): null

17-03-2025T07:04:03 - [TEST_STEP][PASSED] - setValueToCellByIndex(sheet01, n, 5, m): null

17-03-2025T07:04:03 - [TEST_STEP][PASSED] - setValueToCellByIndex(sheet01, n, 6, y): null

17-03-2025T07:04:03 - [TEST_STEP][PASSED] - setValueToCellByIndex(sheet01, n, 7, todaysDate): null

17-03-2025T07:04:03 - [TEST_STEP][PASSED] - n = n + 1: null

17-03-2025T07:04:03 - [TEST_STEP][PASSED] - saveWorkbook(excelFilePath, workbook01): null

17-03-2025T07:04:03 - [TEST_STEP][PASSED] - compare = pageOtpuskVSet: null

17-03-2025T07:04:03 - [TEST_STEP][PASSED] - if (pageOtpuskVSet != null): null

17-03-2025T07:04:03 - [TEST_STEP][PASSED] - if (compare == fileOtpuskVSet): null

17-03-2025T07:04:03 - [TEST_STEP][PASSED] - else if (compare > fileOtpuskVSet): null

17-03-2025T07:04:03 - [TEST_STEP][PASSED] - else if (compare < fileOtpuskVSet): null

17-03-2025T07:04:03 - [TEST_STEP][PASSED] - compare = compare + 1: null

17-03-2025T07:04:03 - [TEST_STEP][PASSED] - if (compare == fileOtpuskVSet): null

17-03-2025T07:04:03 - [TEST_STEP][PASSED] - else: null

17-03-2025T07:04:03 - [TEST_STEP][PASSED] - numberOfErrors = numberOfErrors + 1: null

17-03-2025T07:04:03 - [TEST_STEP][PASSED] - pageInt = pageOtpuskVSet: null

17-03-2025T07:04:03 - [TEST_STEP][PASSED] - fileInt = fileOtpuskVSet: null

17-03-2025T07:04:03 - [TEST_STEP][PASSED] - typeOfData = typeOfDataMain + " Отпуск в сеть": null

17-03-2025T07:04:03 - [TEST_STEP][PASSED] - Script1718980020443.WriteToExcel(a, typeOfData, todaysDate, pageInt, fileInt, pageDouble, fileDouble, dZO): null

17-03-2025T07:04:03 - [TEST_STEP][PASSED] - sheetName = "Sheet1": null

17-03-2025T07:04:03 - [TEST_STEP][PASSED] - data = findTestData("PlanFact"): null

17-03-2025T07:04:03 - [TEST_STEP][PASSED] - n = data.getRowNumbers() + 1: null

17-03-2025T07:04:03 - [TEST_STEP][PASSED] - day = ")).toInteger(): null

17-03-2025T07:04:03 - [TEST_STEP][PASSED] - println(day): null

17-03-2025T07:04:03 - [TEST_STEP][PASSED] - month = ")).toInteger(): null

17-03-2025T07:04:03 - [TEST_STEP][PASSED] - println(month): null

17-03-2025T07:04:03 - [TEST_STEP][PASSED] - y = <not implemented yet for class: org.codehaus.groovy.ast.expr.EmptyExpression>: null

17-03-2025T07:04:03 - [TEST_STEP][PASSED] - iy = <not implemented yet for class: org.codehaus.groovy.ast.expr.EmptyExpression>: null

17-03-2025T07:04:03 - [TEST_STEP][PASSED] - m = getText(findTestObject("Выполнение бизнес-плана/Период")): Text of object 'Object Repository/Выполнение бизнес-плана/Период' is: 'Январь 2025 года'

17-03-2025T07:04:03 - [MESSAGE][PASSED] - Text of object 'Object Repository/Выполнение бизнес-плана/Период' is: 'Январь 2025 года'

17-03-2025T07:04:03 - [TEST_STEP][PASSED] - iy = m.indexOf("20"): null

17-03-2025T07:04:03 - [TEST_STEP][PASSED] - if (iy > -1): null

17-03-2025T07:04:03 - [TEST_STEP][PASSED] - y = substring(iy, iy + 4).toInteger(): null

17-03-2025T07:04:03 - [TEST_STEP][PASSED] - println(y): null

17-03-2025T07:04:03 - [TEST_STEP][PASSED] - if (toString().length() == 4): null

17-03-2025T07:04:03 - [TEST_STEP][PASSED] - m = m.substring(0, m.indexOf(y.toString())): null

17-03-2025T07:04:03 - [TEST_STEP][PASSED] - m = m.trim(): null

17-03-2025T07:04:03 - [TEST_STEP][PASSED] - if (m == ""): null

17-03-2025T07:04:03 - [TEST_STEP][PASSED] - dashboardName = "Выполнение бизнес-плана": null

17-03-2025T07:04:03 - [TEST_STEP][PASSED] - workbook01 = getWorkbook(excelFilePath): null

17-03-2025T07:04:03 - [TEST_STEP][PASSED] - sheet01 = getExcelSheet(workbook01, sheetName): null

17-03-2025T07:04:03 - [TEST_STEP][PASSED] - setValueToCellByIndex(sheet01, n, 0, dashboardName): null

17-03-2025T07:04:03 - [TEST_STEP][PASSED] - setValueToCellByIndex(sheet01, n, 1, dZO): null

17-03-2025T07:04:03 - [TEST_STEP][PASSED] - setValueToCellByIndex(sheet01, n, 2, typeOfData): null

17-03-2025T07:04:03 - [TEST_STEP][PASSED] - if (typeOfData == "Факт в процентах" || typeOfData == "План в процентах"): null

17-03-2025T07:04:03 - [TEST_STEP][PASSED] - else: null

17-03-2025T07:04:03 - [TEST_STEP][PASSED] - setValueToCellByIndex(sheet01, n, 3, fileInt): null

17-03-2025T07:04:03 - [TEST_STEP][PASSED] - setValueToCellByIndex(sheet01, n, 4, pageInt): null

17-03-2025T07:04:03 - [TEST_STEP][PASSED] - setValueToCellByIndex(sheet01, n, 5, m): null

17-03-2025T07:04:03 - [TEST_STEP][PASSED] - setValueToCellByIndex(sheet01, n, 6, y): null

17-03-2025T07:04:03 - [TEST_STEP][PASSED] - setValueToCellByIndex(sheet01, n, 7, todaysDate): null

17-03-2025T07:04:03 - [TEST_STEP][PASSED] - n = n + 1: null

17-03-2025T07:04:03 - [TEST_STEP][PASSED] - saveWorkbook(excelFilePath, workbook01): Object: 'Object Repository/Выполнение бизнес-плана/Кнопка Факт' is clicked on

17-03-2025T07:04:04 - [TEST_STEP][PASSED] - compare = pagePoteri: null

17-03-2025T07:04:04 - [TEST_STEP][PASSED] - if (pageOtpuskVSet != null): null

17-03-2025T07:04:04 - [TEST_STEP][PASSED] - if (compare == filePoteri): null

17-03-2025T07:04:04 - [TEST_STEP][PASSED] - if (compare == filePoteri): null

17-03-2025T07:04:04 - [TEST_STEP][PASSED] - if (planFact == 2): Object: 'Object Repository/Выполнение бизнес-плана/Кнопка Факт' is clicked on

17-03-2025T07:04:04 - [TEST_STEP][PASSED] - click(findTestObject("Выполнение бизнес-плана/Кнопка Факт")): Object: 'Object Repository/Выполнение бизнес-плана/Кнопка Факт' is clicked on

17-03-2025T07:04:04 - [MESSAGE][PASSED] - Object: 'Object Repository/Выполнение бизнес-плана/Кнопка Факт' is clicked on

17-03-2025T07:04:04 - [TEST_STEP][PASSED] - println("a=" + a): null

17-03-2025T07:04:04 - [TEST_STEP][PASSED] - if (a == 84 || a == 82): null

17-03-2025T07:04:04 - [TEST_STEP][PASSED] - else if (a == 83 || a == 52 || a == 72 || a == 28 || a == 73 || a == 77 || a == 74 || a == 65 || a == 36 || a == 44 || a == 53 || a == 80 || a == 54 || a == 1 || a == 18 || a == 59 || a == 81): null

17-03-2025T07:04:04 - [TEST_STEP][PASSED] - page1 = getText(findTestObject("Object Repository/Выполнение бизнес-плана/spanPlan" + dzoNum)): Text of object 'Object Repository/Выполнение бизнес-плана/spanPlan4' is: '7.39
|'

17-03-2025T07:04:04 - [MESSAGE][PASSED] - Text of object 'Object Repository/Выполнение бизнес-плана/spanPlan4' is: '7.39
|'

17-03-2025T07:04:04 - [TEST_STEP][PASSED] - page1 = page1.replace("|", ""): null

17-03-2025T07:04:04 - [TEST_STEP][PASSED] - page2 = getText(findTestObject("Object Repository/Выполнение бизнес-плана/spanFact" + dzoNum)): Text of object 'Object Repository/Выполнение бизнес-плана/spanFact4' is: '4.97'

17-03-2025T07:04:05 - [MESSAGE][PASSED] - Text of object 'Object Repository/Выполнение бизнес-плана/spanFact4' is: '4.97'

17-03-2025T07:04:05 - [TEST_STEP][PASSED] - page2 = page2.replace("|", ""): null

17-03-2025T07:04:05 - [TEST_STEP][PASSED] - println("page1: " + page1): null

17-03-2025T07:04:05 - [TEST_STEP][PASSED] - println("page2: " + page2): null

17-03-2025T07:04:05 - [TEST_STEP][PASSED] - file = findTestData("PlanFact").getValue(4, a): null

17-03-2025T07:04:05 - [TEST_STEP][PASSED] - file = file.replace(",", "."): null

17-03-2025T07:04:05 - [TEST_STEP][PASSED] - println("file Plan: " + file): null

17-03-2025T07:04:05 - [TEST_STEP][PASSED] - typeOfData = "План в процентах": null

17-03-2025T07:04:05 - [TEST_STEP][PASSED] - fileDouble = file.toDouble(): null

17-03-2025T07:04:05 - [TEST_STEP][PASSED] - pageDouble = page1.toDouble(): null

17-03-2025T07:04:05 - [TEST_STEP][PASSED] - if (fileDouble != pageDouble): null

17-03-2025T07:04:05 - [TEST_STEP][PASSED] - numberOfErrors = numberOfErrors + 1: null

17-03-2025T07:04:05 - [TEST_STEP][PASSED] - Script1718980020443.WriteToExcel(a, typeOfData, todaysDate, pageInt, fileInt, pageDouble, fileDouble, dZO): null

17-03-2025T07:04:05 - [TEST_STEP][PASSED] - sheetName = "Sheet1": null

17-03-2025T07:04:05 - [TEST_STEP][PASSED] - data = findTestData("PlanFact"): null

17-03-2025T07:04:05 - [TEST_STEP][PASSED] - n = data.getRowNumbers() + 1: null

17-03-2025T07:04:05 - [TEST_STEP][PASSED] - day = ")).toInteger(): null

17-03-2025T07:04:05 - [TEST_STEP][PASSED] - println(day): null

17-03-2025T07:04:05 - [TEST_STEP][PASSED] - month = ")).toInteger(): null

17-03-2025T07:04:05 - [TEST_STEP][PASSED] - println(month): null

17-03-2025T07:04:05 - [TEST_STEP][PASSED] - y = <not implemented yet for class: org.codehaus.groovy.ast.expr.EmptyExpression>: null

17-03-2025T07:04:05 - [TEST_STEP][PASSED] - iy = <not implemented yet for class: org.codehaus.groovy.ast.expr.EmptyExpression>: null

17-03-2025T07:04:05 - [TEST_STEP][PASSED] - m = getText(findTestObject("Выполнение бизнес-плана/Период")): Text of object 'Object Repository/Выполнение бизнес-плана/Период' is: 'Январь 2025 года'

17-03-2025T07:04:05 - [MESSAGE][PASSED] - Text of object 'Object Repository/Выполнение бизнес-плана/Период' is: 'Январь 2025 года'

17-03-2025T07:04:05 - [TEST_STEP][PASSED] - iy = m.indexOf("20"): null

17-03-2025T07:04:05 - [TEST_STEP][PASSED] - if (iy > -1): null

17-03-2025T07:04:05 - [TEST_STEP][PASSED] - y = substring(iy, iy + 4).toInteger(): null

17-03-2025T07:04:05 - [TEST_STEP][PASSED] - println(y): null

17-03-2025T07:04:05 - [TEST_STEP][PASSED] - if (toString().length() == 4): null

17-03-2025T07:04:05 - [TEST_STEP][PASSED] - m = m.substring(0, m.indexOf(y.toString())): null

17-03-2025T07:04:05 - [TEST_STEP][PASSED] - m = m.trim(): null

17-03-2025T07:04:05 - [TEST_STEP][PASSED] - if (m == ""): null

17-03-2025T07:04:05 - [TEST_STEP][PASSED] - dashboardName = "Выполнение бизнес-плана": null

17-03-2025T07:04:05 - [TEST_STEP][PASSED] - workbook01 = getWorkbook(excelFilePath): null

17-03-2025T07:04:05 - [TEST_STEP][PASSED] - sheet01 = getExcelSheet(workbook01, sheetName): null

17-03-2025T07:04:05 - [TEST_STEP][PASSED] - setValueToCellByIndex(sheet01, n, 0, dashboardName): null

17-03-2025T07:04:05 - [TEST_STEP][PASSED] - setValueToCellByIndex(sheet01, n, 1, dZO): null

17-03-2025T07:04:05 - [TEST_STEP][PASSED] - setValueToCellByIndex(sheet01, n, 2, typeOfData): null

17-03-2025T07:04:05 - [TEST_STEP][PASSED] - if (typeOfData == "Факт в процентах" || typeOfData == "План в процентах"): null

17-03-2025T07:04:05 - [TEST_STEP][PASSED] - setValueToCellByIndex(sheet01, n, 3, fileDouble): null

17-03-2025T07:04:05 - [TEST_STEP][PASSED] - setValueToCellByIndex(sheet01, n, 4, pageDouble): null

17-03-2025T07:04:05 - [TEST_STEP][PASSED] - setValueToCellByIndex(sheet01, n, 5, m): null

17-03-2025T07:04:05 - [TEST_STEP][PASSED] - setValueToCellByIndex(sheet01, n, 6, y): null

17-03-2025T07:04:05 - [TEST_STEP][PASSED] - setValueToCellByIndex(sheet01, n, 7, todaysDate): null

17-03-2025T07:04:05 - [TEST_STEP][PASSED] - n = n + 1: null

17-03-2025T07:04:05 - [TEST_STEP][PASSED] - saveWorkbook(excelFilePath, workbook01): null

17-03-2025T07:04:05 - [TEST_STEP][PASSED] - file = findTestData("PlanFact").getValue(7, a): null

17-03-2025T07:04:05 - [TEST_STEP][PASSED] - file = file.replace(",", "."): null

17-03-2025T07:04:05 - [TEST_STEP][PASSED] - println("file Fact: " + file): null

17-03-2025T07:04:05 - [TEST_STEP][PASSED] - fileDouble = file.toDouble(): null

17-03-2025T07:04:05 - [TEST_STEP][PASSED] - typeOfData = "Факт в процентах": null

17-03-2025T07:04:05 - [TEST_STEP][PASSED] - fileDouble = file.toDouble(): null

17-03-2025T07:04:05 - [TEST_STEP][PASSED] - pageDouble = page2.toDouble(): null

17-03-2025T07:04:05 - [TEST_STEP][PASSED] - if (fileDouble != pageDouble): null

17-03-2025T07:04:05 - [TEST_STEP][PASSED] - numberOfErrors = numberOfErrors + 1: null

17-03-2025T07:04:05 - [TEST_STEP][PASSED] - Script1718980020443.WriteToExcel(a, typeOfData, todaysDate, pageInt, fileInt, pageDouble, fileDouble, dZO): null

17-03-2025T07:04:05 - [TEST_STEP][PASSED] - sheetName = "Sheet1": null

17-03-2025T07:04:05 - [TEST_STEP][PASSED] - data = findTestData("PlanFact"): null

17-03-2025T07:04:05 - [TEST_STEP][PASSED] - n = data.getRowNumbers() + 1: null

17-03-2025T07:04:05 - [TEST_STEP][PASSED] - day = ")).toInteger(): null

17-03-2025T07:04:05 - [TEST_STEP][PASSED] - println(day): null

17-03-2025T07:04:05 - [TEST_STEP][PASSED] - month = ")).toInteger(): null

17-03-2025T07:04:05 - [TEST_STEP][PASSED] - println(month): null

17-03-2025T07:04:05 - [TEST_STEP][PASSED] - y = <not implemented yet for class: org.codehaus.groovy.ast.expr.EmptyExpression>: null

17-03-2025T07:04:05 - [TEST_STEP][PASSED] - iy = <not implemented yet for class: org.codehaus.groovy.ast.expr.EmptyExpression>: null

17-03-2025T07:04:05 - [TEST_STEP][PASSED] - m = getText(findTestObject("Выполнение бизнес-плана/Период")): Text of object 'Object Repository/Выполнение бизнес-плана/Период' is: 'Январь 2025 года'

17-03-2025T07:04:06 - [MESSAGE][PASSED] - Text of object 'Object Repository/Выполнение бизнес-плана/Период' is: 'Январь 2025 года'

17-03-2025T07:04:06 - [TEST_STEP][PASSED] - iy = m.indexOf("20"): null

17-03-2025T07:04:06 - [TEST_STEP][PASSED] - if (iy > -1): null

17-03-2025T07:04:06 - [TEST_STEP][PASSED] - y = substring(iy, iy + 4).toInteger(): null

17-03-2025T07:04:06 - [TEST_STEP][PASSED] - println(y): null

17-03-2025T07:04:06 - [TEST_STEP][PASSED] - if (toString().length() == 4): null

17-03-2025T07:04:06 - [TEST_STEP][PASSED] - m = m.substring(0, m.indexOf(y.toString())): null

17-03-2025T07:04:06 - [TEST_STEP][PASSED] - m = m.trim(): null

17-03-2025T07:04:06 - [TEST_STEP][PASSED] - if (m == ""): null

17-03-2025T07:04:06 - [TEST_STEP][PASSED] - dashboardName = "Выполнение бизнес-плана": null

17-03-2025T07:04:06 - [TEST_STEP][PASSED] - workbook01 = getWorkbook(excelFilePath): null

17-03-2025T07:04:06 - [TEST_STEP][PASSED] - sheet01 = getExcelSheet(workbook01, sheetName): null

17-03-2025T07:04:06 - [TEST_STEP][PASSED] - setValueToCellByIndex(sheet01, n, 0, dashboardName): null

17-03-2025T07:04:06 - [TEST_STEP][PASSED] - setValueToCellByIndex(sheet01, n, 1, dZO): null

17-03-2025T07:04:06 - [TEST_STEP][PASSED] - setValueToCellByIndex(sheet01, n, 2, typeOfData): null

17-03-2025T07:04:06 - [TEST_STEP][PASSED] - if (typeOfData == "Факт в процентах" || typeOfData == "План в процентах"): null

17-03-2025T07:04:06 - [TEST_STEP][PASSED] - setValueToCellByIndex(sheet01, n, 3, fileDouble): null

17-03-2025T07:04:06 - [TEST_STEP][PASSED] - setValueToCellByIndex(sheet01, n, 4, pageDouble): null

17-03-2025T07:04:06 - [TEST_STEP][PASSED] - setValueToCellByIndex(sheet01, n, 5, m): null

17-03-2025T07:04:06 - [TEST_STEP][PASSED] - setValueToCellByIndex(sheet01, n, 6, y): null

17-03-2025T07:04:06 - [TEST_STEP][PASSED] - setValueToCellByIndex(sheet01, n, 7, todaysDate): null

17-03-2025T07:04:06 - [TEST_STEP][PASSED] - n = n + 1: null

17-03-2025T07:04:06 - [TEST_STEP][PASSED] - saveWorkbook(excelFilePath, workbook01): null

17-03-2025T07:04:06 - [TEST_STEP][FAILED] - if (verifyEqual(numberOfErrors, 0) == false): null

17-03-2025T07:04:06 - [MESSAGE][FAILED] - Unable to verify equal between actual object '4' and expected object '0' (Root cause: com.kms.katalon.core.exception.StepFailedException: Actual object '4' and expected object '0' are not equal
	at com.kms.katalon.core.keyword.builtin.VerifyEqualKeyword$_verifyEqual_closure1.doCall(VerifyEqualKeyword.groovy:58)
	at com.kms.katalon.core.keyword.builtin.VerifyEqualKeyword$_verifyEqual_closure1.call(VerifyEqualKeyword.groovy)
	at com.kms.katalon.core.keyword.internal.KeywordMain.runKeyword(KeywordMain.groovy:75)
	at com.kms.katalon.core.keyword.builtin.VerifyEqualKeyword.verifyEqual(VerifyEqualKeyword.groovy:63)
	at com.kms.katalon.core.keyword.builtin.VerifyEqualKeyword.execute(VerifyEqualKeyword.groovy:44)
	at com.kms.katalon.core.keyword.internal.KeywordExecutor.executeKeywordForPlatform(KeywordExecutor.groovy:74)
	at com.kms.katalon.core.keyword.BuiltinKeywords.verifyEqual(BuiltinKeywords.groovy:146)
	at jdk.internal.reflect.GeneratedMethodAccessor23.invoke(Unknown Source)
	at java.base/jdk.internal.reflect.DelegatingMethodAccessorImpl.invoke(DelegatingMethodAccessorImpl.java:43)
	at Выполнение бизнес-плана Сверка ПАО Россети все филиалы.Numbers(Выполнение бизнес-плана Сверка ПАО Россети все филиалы:744)
	at Выполнение бизнес-плана Сверка ПАО Россети все филиалы.run(Выполнение бизнес-плана Сверка ПАО Россети все филиалы:301)
	at com.kms.katalon.core.main.ScriptEngine.run(ScriptEngine.java:194)
	at com.kms.katalon.core.main.ScriptEngine.runScriptAsRawText(ScriptEngine.java:119)
	at com.kms.katalon.core.main.TestCaseExecutor.runScript(TestCaseExecutor.java:448)
	at com.kms.katalon.core.main.TestCaseExecutor.doExecute(TestCaseExecutor.java:439)
	at com.kms.katalon.core.main.TestCaseExecutor.processExecutionPhase(TestCaseExecutor.java:418)
	at com.kms.katalon.core.main.TestCaseExecutor.accessMainPhase(TestCaseExecutor.java:410)
	at com.kms.katalon.core.main.TestCaseExecutor.execute(TestCaseExecutor.java:285)
	at com.kms.katalon.core.common.CommonExecutor.accessTestCaseMainPhase(CommonExecutor.java:65)
	at com.kms.katalon.core.main.TestSuiteExecutor.accessTestSuiteMainPhase(TestSuiteExecutor.java:150)
	at com.kms.katalon.core.main.TestSuiteExecutor.execute(TestSuiteExecutor.java:106)
	at com.kms.katalon.core.main.TestCaseMain.startTestSuite(TestCaseMain.java:180)
	at TempTestSuite1742171011514.run(TempTestSuite1742171011514.groovy:35)
	at java.base/jdk.internal.reflect.NativeMethodAccessorImpl.invoke0(Native Method)
	at java.base/jdk.internal.reflect.NativeMethodAccessorImpl.invoke(NativeMethodAccessorImpl.java:77)
	at java.base/jdk.internal.reflect.DelegatingMethodAccessorImpl.invoke(DelegatingMethodAccessorImpl.java:43)
)

17-03-2025T07:04:06 - [TEST_STEP][PASSED] - println(numberOfErrors): null

17-03-2025T07:04:06 - [TEST_STEP][PASSED] - println("a=" + a): null

17-03-2025T07:04:06 - [TEST_STEP][PASSED] - if (a == 28 || a == 77 || a == 74 || a == 65 || a == 36 || a == 44 || a == 54 || a == 1 || a == 18 || a == 59): null

17-03-2025T07:04:06 - [TEST_STEP][PASSED] - Script1718980020443.Filials(a, typeOfData, todaysDate, pageInt, fileInt, pageDouble, fileDouble, dZO, dzoNum, filialNum): null

17-03-2025T07:04:06 - [TEST_STEP][PASSED] - i = <not implemented yet for class: org.codehaus.groovy.ast.expr.EmptyExpression>: null

17-03-2025T07:04:06 - [TEST_STEP][PASSED] - c = <not implemented yet for class: org.codehaus.groovy.ast.expr.EmptyExpression>: null

17-03-2025T07:04:06 - [TEST_STEP][PASSED] - page = <not implemented yet for class: org.codehaus.groovy.ast.expr.EmptyExpression>: null

17-03-2025T07:04:06 - [TEST_STEP][PASSED] - println(dZO): null

17-03-2025T07:04:06 - [TEST_STEP][PASSED] - reducedDZO = <not implemented yet for class: org.codehaus.groovy.ast.expr.EmptyExpression>: null

17-03-2025T07:04:06 - [TEST_STEP][PASSED] - reducedDZO = dZO.substring(dZO.indexOf(" ") + 1, dZO.length()): null

17-03-2025T07:04:06 - [TEST_STEP][PASSED] - if (reducedDZO.contains(" ")): null

17-03-2025T07:04:06 - [TEST_STEP][PASSED] - println(reducedDZO): null

17-03-2025T07:04:06 - [TEST_STEP][PASSED] - dzoCut = <not implemented yet for class: org.codehaus.groovy.ast.expr.EmptyExpression>: null

17-03-2025T07:04:06 - [TEST_STEP][PASSED] - Script1718980020443.DZO(a): null

17-03-2025T07:04:06 - [TEST_STEP][PASSED] - delay(20): Delayed 20 second(s)

17-03-2025T07:04:26 - [MESSAGE][PASSED] - Delayed 20 second(s)

17-03-2025T07:04:26 - [TEST_STEP][PASSED] - Script1718980020443.OpenFilter(): null

17-03-2025T07:04:26 - [TEST_STEP][PASSED] - click(findTestObject("Object Repository/Выполнение бизнес-плана/Фильтр ДЗО")): Object: 'Object Repository/Выполнение бизнес-плана/Фильтр ДЗО' is clicked on

17-03-2025T07:04:26 - [MESSAGE][PASSED] - Object: 'Object Repository/Выполнение бизнес-плана/Фильтр ДЗО' is clicked on

17-03-2025T07:04:26 - [TEST_STEP][PASSED] - click(findTestObject("Выполнение бизнес-плана/Снять выделение в фильтре ДЗО")): Object: 'Object Repository/Выполнение бизнес-плана/Снять выделение в фильтре ДЗО' is clicked on

17-03-2025T07:04:27 - [MESSAGE][PASSED] - Object: 'Object Repository/Выполнение бизнес-плана/Снять выделение в фильтре ДЗО' is clicked on

17-03-2025T07:04:27 - [TEST_STEP][PASSED] - Script1718980020443.OpenRSK(): null

17-03-2025T07:04:27 - [TEST_STEP][PASSED] - click(findTestObject("Выполнение бизнес-плана/Раскрыть список ПАО Россети в фильтре ДЗО")): Object: 'Object Repository/Выполнение бизнес-плана/Раскрыть список ПАО Россети в фильтре ДЗО' is clicked on

17-03-2025T07:04:27 - [MESSAGE][PASSED] - Object: 'Object Repository/Выполнение бизнес-плана/Раскрыть список ПАО Россети в фильтре ДЗО' is clicked on

17-03-2025T07:04:27 - [TEST_STEP][PASSED] - click(findTestObject("Выполнение бизнес-плана/Раскрыть список РаспредКомплекс в фильтре ДЗО")): Object: 'Object Repository/Выполнение бизнес-плана/Раскрыть список РаспредКомплекс в фильтре ДЗО' is clicked on

17-03-2025T07:04:28 - [MESSAGE][PASSED] - Object: 'Object Repository/Выполнение бизнес-плана/Раскрыть список РаспредКомплекс в фильтре ДЗО' is clicked on

17-03-2025T07:04:28 - [TEST_STEP][PASSED] - if (a == 28): null

17-03-2025T07:04:28 - [TEST_STEP][PASSED] - if (a == 77): null

17-03-2025T07:04:28 - [TEST_STEP][PASSED] - if (a == 74): null

17-03-2025T07:04:28 - [TEST_STEP][PASSED] - if (a == 65): null

17-03-2025T07:04:28 - [TEST_STEP][PASSED] - if (a == 36): Object: 'Object Repository/Выполнение бизнес-плана/Россети Северо-Запад' is clicked on

17-03-2025T07:04:28 - [TEST_STEP][PASSED] - scrollToElement(findTestObject("Общие объекты/Раскрыть список Россети Северо-Запад"), 30): Scroll to object 'Object Repository/Общие объекты/Раскрыть список Россети Северо-Запад' successfully

17-03-2025T07:04:28 - [MESSAGE][PASSED] - Scroll to object 'Object Repository/Общие объекты/Раскрыть список Россети Северо-Запад' successfully

17-03-2025T07:04:28 - [TEST_STEP][PASSED] - click(findTestObject("Выполнение бизнес-плана/Россети Северо-Запад")): Object: 'Object Repository/Выполнение бизнес-плана/Россети Северо-Запад' is clicked on

17-03-2025T07:04:28 - [MESSAGE][PASSED] - Object: 'Object Repository/Выполнение бизнес-плана/Россети Северо-Запад' is clicked on

17-03-2025T07:04:28 - [TEST_STEP][PASSED] - if (a == 44): null

17-03-2025T07:04:28 - [TEST_STEP][PASSED] - if (a == 54): null

17-03-2025T07:04:28 - [TEST_STEP][PASSED] - if (a == 1): null

17-03-2025T07:04:28 - [TEST_STEP][PASSED] - if (a == 18): null

17-03-2025T07:04:28 - [TEST_STEP][PASSED] - if (a == 59): null

17-03-2025T07:04:28 - [TEST_STEP][PASSED] - Script1718980020443.CloseFilter(): null

17-03-2025T07:04:28 - [TEST_STEP][PASSED] - scrollToElement(findTestObject("Выполнение бизнес-плана/Заголовок дашборда"), 30): Scroll to object 'Object Repository/Выполнение бизнес-плана/Заголовок дашборда' successfully

17-03-2025T07:04:29 - [MESSAGE][PASSED] - Scroll to object 'Object Repository/Выполнение бизнес-плана/Заголовок дашборда' successfully

17-03-2025T07:04:29 - [TEST_STEP][PASSED] - click(findTestObject("Object Repository/Выполнение бизнес-плана/Применить в фильтре ДЗО")): Object: 'Object Repository/Выполнение бизнес-плана/Применить в фильтре ДЗО' is clicked on

17-03-2025T07:04:30 - [MESSAGE][PASSED] - Object: 'Object Repository/Выполнение бизнес-плана/Применить в фильтре ДЗО' is clicked on

17-03-2025T07:04:30 - [TEST_STEP][PASSED] - delay(20): Delayed 20 second(s)

17-03-2025T07:04:50 - [MESSAGE][PASSED] - Delayed 20 second(s)

17-03-2025T07:04:50 - [TEST_STEP][PASSED] - Script1718980020443.ZakrytOpoveshenie(): null

17-03-2025T07:04:50 - [TEST_STEP][PASSED] - delay(10): Delayed 10 second(s)

17-03-2025T07:05:00 - [MESSAGE][PASSED] - Delayed 10 second(s)

17-03-2025T07:05:00 - [TEST_STEP][PASSED] - opoveshenie = getText(findTestObject("Выполнение бизнес-плана/Просьба обратить внимание")): Text of object 'Object Repository/Выполнение бизнес-плана/Просьба обратить внимание' is: ''

17-03-2025T07:05:00 - [MESSAGE][PASSED] - Text of object 'Object Repository/Выполнение бизнес-плана/Просьба обратить внимание' is: ''

17-03-2025T07:05:00 - [TEST_STEP][PASSED] - println(opoveshenie): null

17-03-2025T07:05:00 - [TEST_STEP][PASSED] - if (opoveshenie == "Просьба обратить внимание"): null

17-03-2025T07:05:00 - [TEST_STEP][PASSED] - page = getText(findTestObject("Object Repository/Выполнение бизнес-плана/Filials")): Text of object 'Object Repository/Выполнение бизнес-плана/Filials' is: 'Архангельский филиал
Вологодский филиал
Карельский филиал
Мурманский филиал
Новгородский филиал
Псковский филиал
филиал в Республике Коми
0
10
20
30
40
50
60
70'

17-03-2025T07:05:00 - [MESSAGE][PASSED] - Text of object 'Object Repository/Выполнение бизнес-плана/Filials' is: 'Архангельский филиал
Вологодский филиал
Карельский филиал
Мурманский филиал
Новгородский филиал
Псковский филиал
филиал в Республике Коми
0
10
20
30
40
50
60
70'

17-03-2025T07:05:00 - [TEST_STEP][PASSED] - println(page): null

17-03-2025T07:05:00 - [TEST_STEP][PASSED] - c = page.indexOf(reducedDZO): null

17-03-2025T07:05:00 - [TEST_STEP][PASSED] - if (c > -1): null

17-03-2025T07:05:00 - [TEST_STEP][PASSED] - x2 = getText(findTestObject("Выполнение бизнес-плана/Список ДЗО старый")): Text of object 'Object Repository/Выполнение бизнес-плана/Список ДЗО старый' is: 'Архангельский филиал
Вологодский филиал
Карельский филиал
Мурманский филиал
Новгородский филиал
Псковский филиал
филиал в Республике Коми
0
10
20
30
40
50
60
70'

17-03-2025T07:05:00 - [MESSAGE][PASSED] - Text of object 'Object Repository/Выполнение бизнес-плана/Список ДЗО старый' is: 'Архангельский филиал
Вологодский филиал
Карельский филиал
Мурманский филиал
Новгородский филиал
Псковский филиал
филиал в Республике Коми
0
10
20
30
40
50
60
70'

17-03-2025T07:05:00 - [TEST_STEP][PASSED] - if (a == 28): null

17-03-2025T07:05:00 - [TEST_STEP][PASSED] - if (a == 77): null

17-03-2025T07:05:00 - [TEST_STEP][PASSED] - if (a == 74): null

17-03-2025T07:05:00 - [TEST_STEP][PASSED] - if (a == 65): null

17-03-2025T07:05:00 - [TEST_STEP][PASSED] - if (a == 1): null

17-03-2025T07:05:00 - [TEST_STEP][PASSED] - if (a == 18): null

17-03-2025T07:05:00 - [TEST_STEP][PASSED] - if (a == 36): null

17-03-2025T07:05:00 - [TEST_STEP][PASSED] - dZO = "Архангельский филиал": null

17-03-2025T07:05:00 - [TEST_STEP][PASSED] - a = 37: null

17-03-2025T07:05:00 - [TEST_STEP][PASSED] - dzoCut = dZO.substring(0, 10): null

17-03-2025T07:05:00 - [TEST_STEP][PASSED] - if (x2.contains(dzoCut)): null

17-03-2025T07:05:00 - [TEST_STEP][PASSED] - filialNum = filialNum + 1: null

17-03-2025T07:05:00 - [TEST_STEP][PASSED] - Script1718980020443.Numbers(a, typeOfData, todaysDate, pageInt, fileInt, pageDouble, fileDouble, dZO, dzoNum, filialNum): null

17-03-2025T07:05:00 - [TEST_STEP][PASSED] - println(dzoNum): null

17-03-2025T07:05:00 - [TEST_STEP][PASSED] - planFact = <not implemented yet for class: org.codehaus.groovy.ast.expr.EmptyExpression>: null

17-03-2025T07:05:00 - [TEST_STEP][PASSED] - page = <not implemented yet for class: org.codehaus.groovy.ast.expr.EmptyExpression>: null

17-03-2025T07:05:00 - [TEST_STEP][PASSED] - page1 = <not implemented yet for class: org.codehaus.groovy.ast.expr.EmptyExpression>: null

17-03-2025T07:05:00 - [TEST_STEP][PASSED] - page2 = <not implemented yet for class: org.codehaus.groovy.ast.expr.EmptyExpression>: null

17-03-2025T07:05:00 - [TEST_STEP][PASSED] - filialNumberInRow = <not implemented yet for class: org.codehaus.groovy.ast.expr.EmptyExpression>: null

17-03-2025T07:05:00 - [TEST_STEP][PASSED] - filialsDzoNames = <not implemented yet for class: org.codehaus.groovy.ast.expr.EmptyExpression>: null

17-03-2025T07:05:00 - [TEST_STEP][PASSED] - numberOfFilials = <not implemented yet for class: org.codehaus.groovy.ast.expr.EmptyExpression>: null

17-03-2025T07:05:00 - [TEST_STEP][PASSED] - numberOfSpaces = <not implemented yet for class: org.codehaus.groovy.ast.expr.EmptyExpression>: null

17-03-2025T07:05:00 - [TEST_STEP][PASSED] - file = <not implemented yet for class: org.codehaus.groovy.ast.expr.EmptyExpression>: null

17-03-2025T07:05:00 - [TEST_STEP][PASSED] - otpusk = <not implemented yet for class: org.codehaus.groovy.ast.expr.EmptyExpression>: null

17-03-2025T07:05:00 - [TEST_STEP][PASSED] - poteri = <not implemented yet for class: org.codehaus.groovy.ast.expr.EmptyExpression>: null

17-03-2025T07:05:00 - [TEST_STEP][PASSED] - dataFolder = "Выполнение бизнес-плана/Значения со страницы Выполнение бизнес-плана/": null

17-03-2025T07:05:00 - [TEST_STEP][PASSED] - path = <not implemented yet for class: org.codehaus.groovy.ast.expr.EmptyExpression>: null

17-03-2025T07:05:00 - [TEST_STEP][PASSED] - typeOfDataMain = <not implemented yet for class: org.codehaus.groovy.ast.expr.EmptyExpression>: null

17-03-2025T07:05:00 - [TEST_STEP][PASSED] - fileOtpuskVSet = <not implemented yet for class: org.codehaus.groovy.ast.expr.EmptyExpression>: null

17-03-2025T07:05:00 - [TEST_STEP][PASSED] - pageOtpuskVSet = <not implemented yet for class: org.codehaus.groovy.ast.expr.EmptyExpression>: null

17-03-2025T07:05:00 - [TEST_STEP][PASSED] - filePoteri = <not implemented yet for class: org.codehaus.groovy.ast.expr.EmptyExpression>: null

17-03-2025T07:05:00 - [TEST_STEP][PASSED] - pagePoteri = <not implemented yet for class: org.codehaus.groovy.ast.expr.EmptyExpression>: null

17-03-2025T07:05:00 - [TEST_STEP][PASSED] - compare = <not implemented yet for class: org.codehaus.groovy.ast.expr.EmptyExpression>: null

17-03-2025T07:05:00 - [TEST_STEP][PASSED] - b = <not implemented yet for class: org.codehaus.groovy.ast.expr.EmptyExpression>: null

17-03-2025T07:05:00 - [TEST_STEP][PASSED] - i = <not implemented yet for class: org.codehaus.groovy.ast.expr.EmptyExpression>: null

17-03-2025T07:05:00 - [TEST_STEP][PASSED] - ii = <not implemented yet for class: org.codehaus.groovy.ast.expr.EmptyExpression>: null

17-03-2025T07:05:00 - [TEST_STEP][PASSED] - c = <not implemented yet for class: org.codehaus.groovy.ast.expr.EmptyExpression>: null

17-03-2025T07:05:00 - [TEST_STEP][PASSED] - numberOfErrors = 0: null

17-03-2025T07:05:00 - [TEST_STEP][PASSED] - if (a == 82): null

17-03-2025T07:05:00 - [TEST_STEP][PASSED] - b = findTestData("PlanFact").getValue(1, a): null

17-03-2025T07:05:00 - [TEST_STEP][PASSED] - i = b.indexOf(" (ГК)"): null

17-03-2025T07:05:00 - [TEST_STEP][PASSED] - if (i > -1): null

17-03-2025T07:05:00 - [TEST_STEP][PASSED] - i = b.indexOf("О ""): null

17-03-2025T07:05:00 - [TEST_STEP][PASSED] - if (i > -1): null

17-03-2025T07:05:00 - [TEST_STEP][PASSED] - i = b.indexOf("О «"): null

17-03-2025T07:05:00 - [TEST_STEP][PASSED] - if (i > -1): null

17-03-2025T07:05:00 - [TEST_STEP][PASSED] - i = b.indexOf("г. "): null

17-03-2025T07:05:00 - [TEST_STEP][PASSED] - if (i > -1): null

17-03-2025T07:05:00 - [TEST_STEP][PASSED] - b = b.trim(): null

17-03-2025T07:05:00 - [TEST_STEP][PASSED] - println(b): null

17-03-2025T07:05:00 - [TEST_STEP][PASSED] - for ([planFact = 1, planFact < 3, (planFact++)]): Object: 'Object Repository/Выполнение бизнес-плана/Кнопка Факт' is clicked on

17-03-2025T07:05:00 - [TEST_STEP][PASSED] - if (planFact == 1): null

17-03-2025T07:05:00 - [TEST_STEP][PASSED] - typeOfDataMain = "Факт": null

17-03-2025T07:05:00 - [TEST_STEP][PASSED] - otpusk = findTestData("PlanFact").getValue(5, a): null

17-03-2025T07:05:01 - [TEST_STEP][PASSED] - poteri = findTestData("PlanFact").getValue(6, a): null

17-03-2025T07:05:01 - [TEST_STEP][PASSED] - otpusk = otpusk.replaceAll("\s+", ""): null

17-03-2025T07:05:01 - [TEST_STEP][PASSED] - poteri = poteri.replaceAll("\s+", ""): null

17-03-2025T07:05:01 - [TEST_STEP][PASSED] - typeOfData = typeOfDataMain + " Отпуск в сеть": null

17-03-2025T07:05:01 - [TEST_STEP][PASSED] - if (a == 82): null

17-03-2025T07:05:01 - [TEST_STEP][PASSED] - else if (a == 84): null

17-03-2025T07:05:01 - [TEST_STEP][PASSED] - else if (a == 83 || a == 52 || a == 72 || a == 28 || a == 73 || a == 77 || a == 74 || a == 65 || a == 36 || a == 44 || a == 53 || a == 80 || a == 54 || a == 1 || a == 18 || a == 59 || a == 81): null

17-03-2025T07:05:01 - [TEST_STEP][PASSED] - else: null

17-03-2025T07:05:01 - [TEST_STEP][PASSED] - path = dataFolder + typeOfData + " за отчётный период " + b: null

17-03-2025T07:05:01 - [TEST_STEP][PASSED] - println(path): null

17-03-2025T07:05:01 - [TEST_STEP][PASSED] - page = getText(findTestObject(path)): Text of object 'Object Repository/Выполнение бизнес-плана/Значения со страницы Выполнение бизнес-плана/Факт Отпуск в сеть за отчётный период Архангельский филиал' is: '359 278'

17-03-2025T07:05:01 - [MESSAGE][PASSED] - Text of object 'Object Repository/Выполнение бизнес-плана/Значения со страницы Выполнение бизнес-плана/Факт Отпуск в сеть за отчётный период Архангельский филиал' is: '359 278'

17-03-2025T07:05:01 - [TEST_STEP][PASSED] - if (page == "" || page == null): null

17-03-2025T07:05:01 - [TEST_STEP][PASSED] - else: null

17-03-2025T07:05:01 - [TEST_STEP][PASSED] - page = page.replaceAll("\s+", ""): null

17-03-2025T07:05:01 - [TEST_STEP][PASSED] - if (page == "undefined"): null

17-03-2025T07:05:01 - [TEST_STEP][PASSED] - fileOtpuskVSet = otpusk.toInteger(): null

17-03-2025T07:05:01 - [TEST_STEP][PASSED] - pageOtpuskVSet = page.toInteger(): null

17-03-2025T07:05:01 - [TEST_STEP][PASSED] - typeOfData = typeOfDataMain + " Потери": null

17-03-2025T07:05:01 - [TEST_STEP][PASSED] - if (a == 82): null

17-03-2025T07:05:01 - [TEST_STEP][PASSED] - else if (a == 84): null

17-03-2025T07:05:01 - [TEST_STEP][PASSED] - else if (a == 83 || a == 52 || a == 72 || a == 28 || a == 73 || a == 77 || a == 74 || a == 65 || a == 44 || a == 53 || a == 80 || a == 54 || a == 1 || a == 18 || a == 59 || a == 81): null

17-03-2025T07:05:01 - [TEST_STEP][PASSED] - else: null

17-03-2025T07:05:01 - [TEST_STEP][PASSED] - path = dataFolder + typeOfData + " за отчётный период " + b: null

17-03-2025T07:05:01 - [TEST_STEP][PASSED] - page = getText(findTestObject(path)): Text of object 'Object Repository/Выполнение бизнес-плана/Значения со страницы Выполнение бизнес-плана/Факт Потери за отчётный период Архангельский филиал' is: '22 739'

17-03-2025T07:05:01 - [MESSAGE][PASSED] - Text of object 'Object Repository/Выполнение бизнес-плана/Значения со страницы Выполнение бизнес-плана/Факт Потери за отчётный период Архангельский филиал' is: '22 739'

17-03-2025T07:05:01 - [TEST_STEP][PASSED] - if (page == "" || page == null): null

17-03-2025T07:05:01 - [TEST_STEP][PASSED] - else: null

17-03-2025T07:05:01 - [TEST_STEP][PASSED] - page = page.replaceAll("\s+", ""): null

17-03-2025T07:05:01 - [TEST_STEP][PASSED] - if (page == "undefined"): null

17-03-2025T07:05:01 - [TEST_STEP][PASSED] - filePoteri = poteri.toInteger(): null

17-03-2025T07:05:01 - [TEST_STEP][PASSED] - pagePoteri = page.toInteger(): null

17-03-2025T07:05:01 - [TEST_STEP][PASSED] - compare = pageOtpuskVSet: null

17-03-2025T07:05:01 - [TEST_STEP][PASSED] - if (pageOtpuskVSet != null): null

17-03-2025T07:05:01 - [TEST_STEP][PASSED] - if (compare == fileOtpuskVSet): null

17-03-2025T07:05:01 - [TEST_STEP][PASSED] - if (compare == fileOtpuskVSet): null

17-03-2025T07:05:01 - [TEST_STEP][PASSED] - compare = pagePoteri: null

17-03-2025T07:05:01 - [TEST_STEP][PASSED] - if (pageOtpuskVSet != null): null

17-03-2025T07:05:01 - [TEST_STEP][PASSED] - if (compare == filePoteri): null

17-03-2025T07:05:01 - [TEST_STEP][PASSED] - if (compare == filePoteri): null

17-03-2025T07:05:01 - [TEST_STEP][PASSED] - if (planFact == 2): null

17-03-2025T07:05:01 - [TEST_STEP][PASSED] - if (planFact == 1): null

17-03-2025T07:05:01 - [TEST_STEP][PASSED] - else if (planFact == 2): null

17-03-2025T07:05:01 - [TEST_STEP][PASSED] - click(findTestObject("Выполнение бизнес-плана/Кнопка План")): Object: 'Object Repository/Выполнение бизнес-плана/Кнопка План' is clicked on

17-03-2025T07:05:02 - [MESSAGE][PASSED] - Object: 'Object Repository/Выполнение бизнес-плана/Кнопка План' is clicked on

17-03-2025T07:05:02 - [TEST_STEP][PASSED] - typeOfDataMain = "План": null

17-03-2025T07:05:02 - [TEST_STEP][PASSED] - otpusk = findTestData("PlanFact").getValue(2, a): null

17-03-2025T07:05:02 - [TEST_STEP][PASSED] - poteri = findTestData("PlanFact").getValue(3, a): null

17-03-2025T07:05:02 - [TEST_STEP][PASSED] - otpusk = otpusk.replaceAll("\s+", ""): null

17-03-2025T07:05:02 - [TEST_STEP][PASSED] - poteri = poteri.replaceAll("\s+", ""): null

17-03-2025T07:05:02 - [TEST_STEP][PASSED] - typeOfData = typeOfDataMain + " Отпуск в сеть": null

17-03-2025T07:05:02 - [TEST_STEP][PASSED] - if (a == 82): null

17-03-2025T07:05:02 - [TEST_STEP][PASSED] - else if (a == 84): null

17-03-2025T07:05:02 - [TEST_STEP][PASSED] - else if (a == 83 || a == 52 || a == 72 || a == 28 || a == 73 || a == 77 || a == 74 || a == 65 || a == 36 || a == 44 || a == 53 || a == 80 || a == 54 || a == 1 || a == 18 || a == 59 || a == 81): null

17-03-2025T07:05:02 - [TEST_STEP][PASSED] - else: null

17-03-2025T07:05:02 - [TEST_STEP][PASSED] - path = dataFolder + typeOfData + " за отчётный период " + b: null

17-03-2025T07:05:02 - [TEST_STEP][PASSED] - println(path): null

17-03-2025T07:05:02 - [TEST_STEP][PASSED] - page = getText(findTestObject(path)): Text of object 'Object Repository/Выполнение бизнес-плана/Значения со страницы Выполнение бизнес-плана/План Отпуск в сеть за отчётный период Архангельский филиал' is: '395 820'

17-03-2025T07:05:02 - [MESSAGE][PASSED] - Text of object 'Object Repository/Выполнение бизнес-плана/Значения со страницы Выполнение бизнес-плана/План Отпуск в сеть за отчётный период Архангельский филиал' is: '395 820'

17-03-2025T07:05:02 - [TEST_STEP][PASSED] - if (page == "" || page == null): null

17-03-2025T07:05:02 - [TEST_STEP][PASSED] - else: null

17-03-2025T07:05:02 - [TEST_STEP][PASSED] - page = page.replaceAll("\s+", ""): null

17-03-2025T07:05:02 - [TEST_STEP][PASSED] - if (page == "undefined"): null

17-03-2025T07:05:02 - [TEST_STEP][PASSED] - fileOtpuskVSet = otpusk.toInteger(): null

17-03-2025T07:05:02 - [TEST_STEP][PASSED] - pageOtpuskVSet = page.toInteger(): null

17-03-2025T07:05:02 - [TEST_STEP][PASSED] - typeOfData = typeOfDataMain + " Потери": null

17-03-2025T07:05:02 - [TEST_STEP][PASSED] - if (a == 82): null

17-03-2025T07:05:02 - [TEST_STEP][PASSED] - else if (a == 84): null

17-03-2025T07:05:02 - [TEST_STEP][PASSED] - else if (a == 83 || a == 52 || a == 72 || a == 28 || a == 73 || a == 77 || a == 74 || a == 65 || a == 44 || a == 53 || a == 80 || a == 54 || a == 1 || a == 18 || a == 59 || a == 81): null

17-03-2025T07:05:02 - [TEST_STEP][PASSED] - else: null

17-03-2025T07:05:02 - [TEST_STEP][PASSED] - path = dataFolder + typeOfData + " за отчётный период " + b: null

17-03-2025T07:05:02 - [TEST_STEP][PASSED] - page = getText(findTestObject(path)): Text of object 'Object Repository/Выполнение бизнес-плана/Значения со страницы Выполнение бизнес-плана/План Потери за отчётный период Архангельский филиал' is: '39 729'

17-03-2025T07:05:02 - [MESSAGE][PASSED] - Text of object 'Object Repository/Выполнение бизнес-плана/Значения со страницы Выполнение бизнес-плана/План Потери за отчётный период Архангельский филиал' is: '39 729'

17-03-2025T07:05:02 - [TEST_STEP][PASSED] - if (page == "" || page == null): null

17-03-2025T07:05:02 - [TEST_STEP][PASSED] - else: null

17-03-2025T07:05:02 - [TEST_STEP][PASSED] - page = page.replaceAll("\s+", ""): null

17-03-2025T07:05:02 - [TEST_STEP][PASSED] - if (page == "undefined"): null

17-03-2025T07:05:02 - [TEST_STEP][PASSED] - filePoteri = poteri.toInteger(): null

17-03-2025T07:05:02 - [TEST_STEP][PASSED] - pagePoteri = page.toInteger(): null

17-03-2025T07:05:02 - [TEST_STEP][PASSED] - compare = pageOtpuskVSet: null

17-03-2025T07:05:02 - [TEST_STEP][PASSED] - if (pageOtpuskVSet != null): null

17-03-2025T07:05:02 - [TEST_STEP][PASSED] - if (compare == fileOtpuskVSet): null

17-03-2025T07:05:02 - [TEST_STEP][PASSED] - if (compare == fileOtpuskVSet): null

17-03-2025T07:05:02 - [TEST_STEP][PASSED] - compare = pagePoteri: null

17-03-2025T07:05:02 - [TEST_STEP][PASSED] - if (pageOtpuskVSet != null): null

17-03-2025T07:05:02 - [TEST_STEP][PASSED] - if (compare == filePoteri): null

17-03-2025T07:05:02 - [TEST_STEP][PASSED] - if (compare == filePoteri): null

17-03-2025T07:05:02 - [TEST_STEP][PASSED] - if (planFact == 2): Object: 'Object Repository/Выполнение бизнес-плана/Кнопка Факт' is clicked on

17-03-2025T07:05:02 - [TEST_STEP][PASSED] - click(findTestObject("Выполнение бизнес-плана/Кнопка Факт")): Object: 'Object Repository/Выполнение бизнес-плана/Кнопка Факт' is clicked on

17-03-2025T07:05:03 - [MESSAGE][PASSED] - Object: 'Object Repository/Выполнение бизнес-плана/Кнопка Факт' is clicked on

17-03-2025T07:05:03 - [TEST_STEP][PASSED] - println("a=" + a): null

17-03-2025T07:05:03 - [TEST_STEP][PASSED] - if (a == 84 || a == 82): null

17-03-2025T07:05:03 - [TEST_STEP][PASSED] - else if (a == 83 || a == 52 || a == 72 || a == 28 || a == 73 || a == 77 || a == 74 || a == 65 || a == 36 || a == 44 || a == 53 || a == 80 || a == 54 || a == 1 || a == 18 || a == 59 || a == 81): null

17-03-2025T07:05:03 - [TEST_STEP][PASSED] - else: null

17-03-2025T07:05:03 - [TEST_STEP][PASSED] - page1 = getText(findTestObject("Object Repository/Выполнение бизнес-плана/spanPlan" + filialNum)): Text of object 'Object Repository/Выполнение бизнес-плана/spanPlan1' is: '10.04
|'

17-03-2025T07:05:03 - [MESSAGE][PASSED] - Text of object 'Object Repository/Выполнение бизнес-плана/spanPlan1' is: '10.04
|'

17-03-2025T07:05:03 - [TEST_STEP][PASSED] - page1 = page1.replace("|", ""): null

17-03-2025T07:05:03 - [TEST_STEP][PASSED] - page2 = getText(findTestObject("Object Repository/Выполнение бизнес-плана/spanFact" + filialNum)): Text of object 'Object Repository/Выполнение бизнес-плана/spanFact1' is: '6.33
|'

17-03-2025T07:05:03 - [MESSAGE][PASSED] - Text of object 'Object Repository/Выполнение бизнес-плана/spanFact1' is: '6.33
|'

17-03-2025T07:05:03 - [TEST_STEP][PASSED] - page2 = page2.replace("|", ""): null

17-03-2025T07:05:03 - [TEST_STEP][PASSED] - println("page1: " + page1): null

17-03-2025T07:05:03 - [TEST_STEP][PASSED] - println("page2: " + page2): null

17-03-2025T07:05:03 - [TEST_STEP][PASSED] - file = findTestData("PlanFact").getValue(4, a): null

17-03-2025T07:05:03 - [TEST_STEP][PASSED] - file = file.replace(",", "."): null

17-03-2025T07:05:03 - [TEST_STEP][PASSED] - println("file Plan: " + file): null

17-03-2025T07:05:03 - [TEST_STEP][PASSED] - typeOfData = "План в процентах": null

17-03-2025T07:05:03 - [TEST_STEP][PASSED] - fileDouble = file.toDouble(): null

17-03-2025T07:05:03 - [TEST_STEP][PASSED] - pageDouble = page1.toDouble(): null

17-03-2025T07:05:03 - [TEST_STEP][PASSED] - if (fileDouble != pageDouble): null

17-03-2025T07:05:03 - [TEST_STEP][PASSED] - file = findTestData("PlanFact").getValue(7, a): null

17-03-2025T07:05:03 - [TEST_STEP][PASSED] - file = file.replace(",", "."): null

17-03-2025T07:05:03 - [TEST_STEP][PASSED] - println("file Fact: " + file): null

17-03-2025T07:05:03 - [TEST_STEP][PASSED] - fileDouble = file.toDouble(): null

17-03-2025T07:05:03 - [TEST_STEP][PASSED] - typeOfData = "Факт в процентах": null

17-03-2025T07:05:03 - [TEST_STEP][PASSED] - fileDouble = file.toDouble(): null

17-03-2025T07:05:03 - [TEST_STEP][PASSED] - pageDouble = page2.toDouble(): null

17-03-2025T07:05:03 - [TEST_STEP][PASSED] - if (fileDouble != pageDouble): null

17-03-2025T07:05:03 - [TEST_STEP][PASSED] - if (verifyEqual(numberOfErrors, 0) == false): Actual object '0' and expected object '0' are equal

17-03-2025T07:05:03 - [MESSAGE][PASSED] - Actual object '0' and expected object '0' are equal

17-03-2025T07:05:03 - [TEST_STEP][PASSED] - if (a == 82): null

17-03-2025T07:05:03 - [TEST_STEP][PASSED] - dZO = "Вологодский филиал": null

17-03-2025T07:05:03 - [TEST_STEP][PASSED] - a = 38: null

17-03-2025T07:05:03 - [TEST_STEP][PASSED] - dzoCut = dZO.substring(0, 10): null

17-03-2025T07:05:03 - [TEST_STEP][PASSED] - if (x2.contains(dzoCut)): null

17-03-2025T07:05:03 - [TEST_STEP][PASSED] - filialNum = filialNum + 1: null

17-03-2025T07:05:03 - [TEST_STEP][PASSED] - Script1718980020443.Numbers(a, typeOfData, todaysDate, pageInt, fileInt, pageDouble, fileDouble, dZO, dzoNum, filialNum): null

17-03-2025T07:05:03 - [TEST_STEP][PASSED] - println(dzoNum): null

17-03-2025T07:05:03 - [TEST_STEP][PASSED] - planFact = <not implemented yet for class: org.codehaus.groovy.ast.expr.EmptyExpression>: null

17-03-2025T07:05:03 - [TEST_STEP][PASSED] - page = <not implemented yet for class: org.codehaus.groovy.ast.expr.EmptyExpression>: null

17-03-2025T07:05:03 - [TEST_STEP][PASSED] - page1 = <not implemented yet for class: org.codehaus.groovy.ast.expr.EmptyExpression>: null

17-03-2025T07:05:03 - [TEST_STEP][PASSED] - page2 = <not implemented yet for class: org.codehaus.groovy.ast.expr.EmptyExpression>: null

17-03-2025T07:05:03 - [TEST_STEP][PASSED] - filialNumberInRow = <not implemented yet for class: org.codehaus.groovy.ast.expr.EmptyExpression>: null

17-03-2025T07:05:03 - [TEST_STEP][PASSED] - filialsDzoNames = <not implemented yet for class: org.codehaus.groovy.ast.expr.EmptyExpression>: null

17-03-2025T07:05:03 - [TEST_STEP][PASSED] - numberOfFilials = <not implemented yet for class: org.codehaus.groovy.ast.expr.EmptyExpression>: null

17-03-2025T07:05:03 - [TEST_STEP][PASSED] - numberOfSpaces = <not implemented yet for class: org.codehaus.groovy.ast.expr.EmptyExpression>: null

17-03-2025T07:05:03 - [TEST_STEP][PASSED] - file = <not implemented yet for class: org.codehaus.groovy.ast.expr.EmptyExpression>: null

17-03-2025T07:05:03 - [TEST_STEP][PASSED] - otpusk = <not implemented yet for class: org.codehaus.groovy.ast.expr.EmptyExpression>: null

17-03-2025T07:05:03 - [TEST_STEP][PASSED] - poteri = <not implemented yet for class: org.codehaus.groovy.ast.expr.EmptyExpression>: null

17-03-2025T07:05:03 - [TEST_STEP][PASSED] - dataFolder = "Выполнение бизнес-плана/Значения со страницы Выполнение бизнес-плана/": null

17-03-2025T07:05:03 - [TEST_STEP][PASSED] - path = <not implemented yet for class: org.codehaus.groovy.ast.expr.EmptyExpression>: null

17-03-2025T07:05:03 - [TEST_STEP][PASSED] - typeOfDataMain = <not implemented yet for class: org.codehaus.groovy.ast.expr.EmptyExpression>: null

17-03-2025T07:05:03 - [TEST_STEP][PASSED] - fileOtpuskVSet = <not implemented yet for class: org.codehaus.groovy.ast.expr.EmptyExpression>: null

17-03-2025T07:05:03 - [TEST_STEP][PASSED] - pageOtpuskVSet = <not implemented yet for class: org.codehaus.groovy.ast.expr.EmptyExpression>: null

17-03-2025T07:05:03 - [TEST_STEP][PASSED] - filePoteri = <not implemented yet for class: org.codehaus.groovy.ast.expr.EmptyExpression>: null

17-03-2025T07:05:03 - [TEST_STEP][PASSED] - pagePoteri = <not implemented yet for class: org.codehaus.groovy.ast.expr.EmptyExpression>: null

17-03-2025T07:05:03 - [TEST_STEP][PASSED] - compare = <not implemented yet for class: org.codehaus.groovy.ast.expr.EmptyExpression>: null

17-03-2025T07:05:03 - [TEST_STEP][PASSED] - b = <not implemented yet for class: org.codehaus.groovy.ast.expr.EmptyExpression>: null

17-03-2025T07:05:03 - [TEST_STEP][PASSED] - i = <not implemented yet for class: org.codehaus.groovy.ast.expr.EmptyExpression>: null

17-03-2025T07:05:03 - [TEST_STEP][PASSED] - ii = <not implemented yet for class: org.codehaus.groovy.ast.expr.EmptyExpression>: null

17-03-2025T07:05:03 - [TEST_STEP][PASSED] - c = <not implemented yet for class: org.codehaus.groovy.ast.expr.EmptyExpression>: null

17-03-2025T07:05:03 - [TEST_STEP][PASSED] - numberOfErrors = 0: null

17-03-2025T07:05:03 - [TEST_STEP][PASSED] - if (a == 82): null

17-03-2025T07:05:03 - [TEST_STEP][PASSED] - b = findTestData("PlanFact").getValue(1, a): null

17-03-2025T07:05:03 - [TEST_STEP][PASSED] - i = b.indexOf(" (ГК)"): null

17-03-2025T07:05:03 - [TEST_STEP][PASSED] - if (i > -1): null

17-03-2025T07:05:03 - [TEST_STEP][PASSED] - i = b.indexOf("О ""): null

17-03-2025T07:05:03 - [TEST_STEP][PASSED] - if (i > -1): null

17-03-2025T07:05:03 - [TEST_STEP][PASSED] - i = b.indexOf("О «"): null

17-03-2025T07:05:03 - [TEST_STEP][PASSED] - if (i > -1): null

17-03-2025T07:05:03 - [TEST_STEP][PASSED] - i = b.indexOf("г. "): null

17-03-2025T07:05:03 - [TEST_STEP][PASSED] - if (i > -1): null

17-03-2025T07:05:03 - [TEST_STEP][PASSED] - b = b.trim(): null

17-03-2025T07:05:03 - [TEST_STEP][PASSED] - println(b): null

17-03-2025T07:05:03 - [TEST_STEP][PASSED] - for ([planFact = 1, planFact < 3, (planFact++)]): Object: 'Object Repository/Выполнение бизнес-плана/Кнопка Факт' is clicked on

17-03-2025T07:05:03 - [TEST_STEP][PASSED] - if (planFact == 1): null

17-03-2025T07:05:03 - [TEST_STEP][PASSED] - typeOfDataMain = "Факт": null

17-03-2025T07:05:03 - [TEST_STEP][PASSED] - otpusk = findTestData("PlanFact").getValue(5, a): null

17-03-2025T07:05:04 - [TEST_STEP][PASSED] - poteri = findTestData("PlanFact").getValue(6, a): null

17-03-2025T07:05:04 - [TEST_STEP][PASSED] - otpusk = otpusk.replaceAll("\s+", ""): null

17-03-2025T07:05:04 - [TEST_STEP][PASSED] - poteri = poteri.replaceAll("\s+", ""): null

17-03-2025T07:05:04 - [TEST_STEP][PASSED] - typeOfData = typeOfDataMain + " Отпуск в сеть": null

17-03-2025T07:05:04 - [TEST_STEP][PASSED] - if (a == 82): null

17-03-2025T07:05:04 - [TEST_STEP][PASSED] - else if (a == 84): null

17-03-2025T07:05:04 - [TEST_STEP][PASSED] - else if (a == 83 || a == 52 || a == 72 || a == 28 || a == 73 || a == 77 || a == 74 || a == 65 || a == 36 || a == 44 || a == 53 || a == 80 || a == 54 || a == 1 || a == 18 || a == 59 || a == 81): null

17-03-2025T07:05:04 - [TEST_STEP][PASSED] - else: null

17-03-2025T07:05:04 - [TEST_STEP][PASSED] - path = dataFolder + typeOfData + " за отчётный период " + b: null

17-03-2025T07:05:04 - [TEST_STEP][PASSED] - println(path): null

17-03-2025T07:05:04 - [TEST_STEP][PASSED] - page = getText(findTestObject(path)): Text of object 'Object Repository/Выполнение бизнес-плана/Значения со страницы Выполнение бизнес-плана/Факт Отпуск в сеть за отчётный период Вологодский филиал' is: '440 117'

17-03-2025T07:05:04 - [MESSAGE][PASSED] - Text of object 'Object Repository/Выполнение бизнес-плана/Значения со страницы Выполнение бизнес-плана/Факт Отпуск в сеть за отчётный период Вологодский филиал' is: '440 117'

17-03-2025T07:05:04 - [TEST_STEP][PASSED] - if (page == "" || page == null): null

17-03-2025T07:05:04 - [TEST_STEP][PASSED] - else: null

17-03-2025T07:05:04 - [TEST_STEP][PASSED] - page = page.replaceAll("\s+", ""): null

17-03-2025T07:05:04 - [TEST_STEP][PASSED] - if (page == "undefined"): null

17-03-2025T07:05:04 - [TEST_STEP][PASSED] - fileOtpuskVSet = otpusk.toInteger(): null

17-03-2025T07:05:04 - [TEST_STEP][PASSED] - pageOtpuskVSet = page.toInteger(): null

17-03-2025T07:05:04 - [TEST_STEP][PASSED] - typeOfData = typeOfDataMain + " Потери": null

17-03-2025T07:05:04 - [TEST_STEP][PASSED] - if (a == 82): null

17-03-2025T07:05:04 - [TEST_STEP][PASSED] - else if (a == 84): null

17-03-2025T07:05:04 - [TEST_STEP][PASSED] - else if (a == 83 || a == 52 || a == 72 || a == 28 || a == 73 || a == 77 || a == 74 || a == 65 || a == 44 || a == 53 || a == 80 || a == 54 || a == 1 || a == 18 || a == 59 || a == 81): null

17-03-2025T07:05:04 - [TEST_STEP][PASSED] - else: null

17-03-2025T07:05:04 - [TEST_STEP][PASSED] - path = dataFolder + typeOfData + " за отчётный период " + b: null

17-03-2025T07:05:04 - [TEST_STEP][PASSED] - page = getText(findTestObject(path)): Text of object 'Object Repository/Выполнение бизнес-плана/Значения со страницы Выполнение бизнес-плана/Факт Потери за отчётный период Вологодский филиал' is: '21 936'

17-03-2025T07:05:04 - [MESSAGE][PASSED] - Text of object 'Object Repository/Выполнение бизнес-плана/Значения со страницы Выполнение бизнес-плана/Факт Потери за отчётный период Вологодский филиал' is: '21 936'

17-03-2025T07:05:04 - [TEST_STEP][PASSED] - if (page == "" || page == null): null

17-03-2025T07:05:04 - [TEST_STEP][PASSED] - else: null

17-03-2025T07:05:04 - [TEST_STEP][PASSED] - page = page.replaceAll("\s+", ""): null

17-03-2025T07:05:04 - [TEST_STEP][PASSED] - if (page == "undefined"): null

17-03-2025T07:05:04 - [TEST_STEP][PASSED] - filePoteri = poteri.toInteger(): null

17-03-2025T07:05:04 - [TEST_STEP][PASSED] - pagePoteri = page.toInteger(): null

17-03-2025T07:05:04 - [TEST_STEP][PASSED] - compare = pageOtpuskVSet: null

17-03-2025T07:05:04 - [TEST_STEP][PASSED] - if (pageOtpuskVSet != null): null

17-03-2025T07:05:04 - [TEST_STEP][PASSED] - if (compare == fileOtpuskVSet): null

17-03-2025T07:05:04 - [TEST_STEP][PASSED] - if (compare == fileOtpuskVSet): null

17-03-2025T07:05:04 - [TEST_STEP][PASSED] - compare = pagePoteri: null

17-03-2025T07:05:04 - [TEST_STEP][PASSED] - if (pageOtpuskVSet != null): null

17-03-2025T07:05:04 - [TEST_STEP][PASSED] - if (compare == filePoteri): null

17-03-2025T07:05:04 - [TEST_STEP][PASSED] - if (compare == filePoteri): null

17-03-2025T07:05:04 - [TEST_STEP][PASSED] - if (planFact == 2): null

17-03-2025T07:05:04 - [TEST_STEP][PASSED] - if (planFact == 1): null

17-03-2025T07:05:04 - [TEST_STEP][PASSED] - else if (planFact == 2): null

17-03-2025T07:05:04 - [TEST_STEP][PASSED] - click(findTestObject("Выполнение бизнес-плана/Кнопка План")): Object: 'Object Repository/Выполнение бизнес-плана/Кнопка План' is clicked on

17-03-2025T07:05:05 - [MESSAGE][PASSED] - Object: 'Object Repository/Выполнение бизнес-плана/Кнопка План' is clicked on

17-03-2025T07:05:05 - [TEST_STEP][PASSED] - typeOfDataMain = "План": null

17-03-2025T07:05:05 - [TEST_STEP][PASSED] - otpusk = findTestData("PlanFact").getValue(2, a): null

17-03-2025T07:05:05 - [TEST_STEP][PASSED] - poteri = findTestData("PlanFact").getValue(3, a): null

17-03-2025T07:05:05 - [TEST_STEP][PASSED] - otpusk = otpusk.replaceAll("\s+", ""): null

17-03-2025T07:05:05 - [TEST_STEP][PASSED] - poteri = poteri.replaceAll("\s+", ""): null

17-03-2025T07:05:05 - [TEST_STEP][PASSED] - typeOfData = typeOfDataMain + " Отпуск в сеть": null

17-03-2025T07:05:05 - [TEST_STEP][PASSED] - if (a == 82): null

17-03-2025T07:05:05 - [TEST_STEP][PASSED] - else if (a == 84): null

17-03-2025T07:05:05 - [TEST_STEP][PASSED] - else if (a == 83 || a == 52 || a == 72 || a == 28 || a == 73 || a == 77 || a == 74 || a == 65 || a == 36 || a == 44 || a == 53 || a == 80 || a == 54 || a == 1 || a == 18 || a == 59 || a == 81): null

17-03-2025T07:05:05 - [TEST_STEP][PASSED] - else: null

17-03-2025T07:05:05 - [TEST_STEP][PASSED] - path = dataFolder + typeOfData + " за отчётный период " + b: null

17-03-2025T07:05:05 - [TEST_STEP][PASSED] - println(path): null

17-03-2025T07:05:05 - [TEST_STEP][PASSED] - page = getText(findTestObject(path)): Text of object 'Object Repository/Выполнение бизнес-плана/Значения со страницы Выполнение бизнес-плана/План Отпуск в сеть за отчётный период Вологодский филиал' is: '484 224'

17-03-2025T07:05:05 - [MESSAGE][PASSED] - Text of object 'Object Repository/Выполнение бизнес-плана/Значения со страницы Выполнение бизнес-плана/План Отпуск в сеть за отчётный период Вологодский филиал' is: '484 224'

17-03-2025T07:05:05 - [TEST_STEP][PASSED] - if (page == "" || page == null): null

17-03-2025T07:05:05 - [TEST_STEP][PASSED] - else: null

17-03-2025T07:05:05 - [TEST_STEP][PASSED] - page = page.replaceAll("\s+", ""): null

17-03-2025T07:05:05 - [TEST_STEP][PASSED] - if (page == "undefined"): null

17-03-2025T07:05:05 - [TEST_STEP][PASSED] - fileOtpuskVSet = otpusk.toInteger(): null

17-03-2025T07:05:05 - [TEST_STEP][PASSED] - pageOtpuskVSet = page.toInteger(): null

17-03-2025T07:05:05 - [TEST_STEP][PASSED] - typeOfData = typeOfDataMain + " Потери": null

17-03-2025T07:05:05 - [TEST_STEP][PASSED] - if (a == 82): null

17-03-2025T07:05:05 - [TEST_STEP][PASSED] - else if (a == 84): null

17-03-2025T07:05:05 - [TEST_STEP][PASSED] - else if (a == 83 || a == 52 || a == 72 || a == 28 || a == 73 || a == 77 || a == 74 || a == 65 || a == 44 || a == 53 || a == 80 || a == 54 || a == 1 || a == 18 || a == 59 || a == 81): null

17-03-2025T07:05:05 - [TEST_STEP][PASSED] - else: null

17-03-2025T07:05:05 - [TEST_STEP][PASSED] - path = dataFolder + typeOfData + " за отчётный период " + b: null

17-03-2025T07:05:05 - [TEST_STEP][PASSED] - page = getText(findTestObject(path)): Text of object 'Object Repository/Выполнение бизнес-плана/Значения со страницы Выполнение бизнес-плана/План Потери за отчётный период Вологодский филиал' is: '41 411'

17-03-2025T07:05:05 - [MESSAGE][PASSED] - Text of object 'Object Repository/Выполнение бизнес-плана/Значения со страницы Выполнение бизнес-плана/План Потери за отчётный период Вологодский филиал' is: '41 411'

17-03-2025T07:05:05 - [TEST_STEP][PASSED] - if (page == "" || page == null): null

17-03-2025T07:05:05 - [TEST_STEP][PASSED] - else: null

17-03-2025T07:05:05 - [TEST_STEP][PASSED] - page = page.replaceAll("\s+", ""): null

17-03-2025T07:05:05 - [TEST_STEP][PASSED] - if (page == "undefined"): null

17-03-2025T07:05:05 - [TEST_STEP][PASSED] - filePoteri = poteri.toInteger(): null

17-03-2025T07:05:05 - [TEST_STEP][PASSED] - pagePoteri = page.toInteger(): null

17-03-2025T07:05:05 - [TEST_STEP][PASSED] - compare = pageOtpuskVSet: null

17-03-2025T07:05:05 - [TEST_STEP][PASSED] - if (pageOtpuskVSet != null): null

17-03-2025T07:05:05 - [TEST_STEP][PASSED] - if (compare == fileOtpuskVSet): null

17-03-2025T07:05:05 - [TEST_STEP][PASSED] - if (compare == fileOtpuskVSet): null

17-03-2025T07:05:05 - [TEST_STEP][PASSED] - compare = pagePoteri: null

17-03-2025T07:05:05 - [TEST_STEP][PASSED] - if (pageOtpuskVSet != null): null

17-03-2025T07:05:05 - [TEST_STEP][PASSED] - if (compare == filePoteri): null

17-03-2025T07:05:05 - [TEST_STEP][PASSED] - if (compare == filePoteri): null

17-03-2025T07:05:05 - [TEST_STEP][PASSED] - if (planFact == 2): Object: 'Object Repository/Выполнение бизнес-плана/Кнопка Факт' is clicked on

17-03-2025T07:05:05 - [TEST_STEP][PASSED] - click(findTestObject("Выполнение бизнес-плана/Кнопка Факт")): Object: 'Object Repository/Выполнение бизнес-плана/Кнопка Факт' is clicked on

17-03-2025T07:05:06 - [MESSAGE][PASSED] - Object: 'Object Repository/Выполнение бизнес-плана/Кнопка Факт' is clicked on

17-03-2025T07:05:06 - [TEST_STEP][PASSED] - println("a=" + a): null

17-03-2025T07:05:06 - [TEST_STEP][PASSED] - if (a == 84 || a == 82): null

17-03-2025T07:05:06 - [TEST_STEP][PASSED] - else if (a == 83 || a == 52 || a == 72 || a == 28 || a == 73 || a == 77 || a == 74 || a == 65 || a == 36 || a == 44 || a == 53 || a == 80 || a == 54 || a == 1 || a == 18 || a == 59 || a == 81): null

17-03-2025T07:05:06 - [TEST_STEP][PASSED] - else: null

17-03-2025T07:05:06 - [TEST_STEP][PASSED] - page1 = getText(findTestObject("Object Repository/Выполнение бизнес-плана/spanPlan" + filialNum)): Text of object 'Object Repository/Выполнение бизнес-плана/spanPlan2' is: '8.55
|'

17-03-2025T07:05:06 - [MESSAGE][PASSED] - Text of object 'Object Repository/Выполнение бизнес-плана/spanPlan2' is: '8.55
|'

17-03-2025T07:05:06 - [TEST_STEP][PASSED] - page1 = page1.replace("|", ""): null

17-03-2025T07:05:06 - [TEST_STEP][PASSED] - page2 = getText(findTestObject("Object Repository/Выполнение бизнес-плана/spanFact" + filialNum)): Text of object 'Object Repository/Выполнение бизнес-плана/spanFact2' is: '4.98
|'

17-03-2025T07:05:06 - [MESSAGE][PASSED] - Text of object 'Object Repository/Выполнение бизнес-плана/spanFact2' is: '4.98
|'

17-03-2025T07:05:06 - [TEST_STEP][PASSED] - page2 = page2.replace("|", ""): null

17-03-2025T07:05:06 - [TEST_STEP][PASSED] - println("page1: " + page1): null

17-03-2025T07:05:06 - [TEST_STEP][PASSED] - println("page2: " + page2): null

17-03-2025T07:05:06 - [TEST_STEP][PASSED] - file = findTestData("PlanFact").getValue(4, a): null

17-03-2025T07:05:06 - [TEST_STEP][PASSED] - file = file.replace(",", "."): null

17-03-2025T07:05:06 - [TEST_STEP][PASSED] - println("file Plan: " + file): null

17-03-2025T07:05:06 - [TEST_STEP][PASSED] - typeOfData = "План в процентах": null

17-03-2025T07:05:06 - [TEST_STEP][PASSED] - fileDouble = file.toDouble(): null

17-03-2025T07:05:06 - [TEST_STEP][PASSED] - pageDouble = page1.toDouble(): null

17-03-2025T07:05:06 - [TEST_STEP][PASSED] - if (fileDouble != pageDouble): null

17-03-2025T07:05:06 - [TEST_STEP][PASSED] - file = findTestData("PlanFact").getValue(7, a): null

17-03-2025T07:05:06 - [TEST_STEP][PASSED] - file = file.replace(",", "."): null

17-03-2025T07:05:06 - [TEST_STEP][PASSED] - println("file Fact: " + file): null

17-03-2025T07:05:06 - [TEST_STEP][PASSED] - fileDouble = file.toDouble(): null

17-03-2025T07:05:06 - [TEST_STEP][PASSED] - typeOfData = "Факт в процентах": null

17-03-2025T07:05:06 - [TEST_STEP][PASSED] - fileDouble = file.toDouble(): null

17-03-2025T07:05:06 - [TEST_STEP][PASSED] - pageDouble = page2.toDouble(): null

17-03-2025T07:05:06 - [TEST_STEP][PASSED] - if (fileDouble != pageDouble): null

17-03-2025T07:05:06 - [TEST_STEP][PASSED] - if (verifyEqual(numberOfErrors, 0) == false): Actual object '0' and expected object '0' are equal

17-03-2025T07:05:06 - [MESSAGE][PASSED] - Actual object '0' and expected object '0' are equal

17-03-2025T07:05:06 - [TEST_STEP][PASSED] - if (a == 82): null

17-03-2025T07:05:06 - [TEST_STEP][PASSED] - dZO = "Карельский филиал": null

17-03-2025T07:05:06 - [TEST_STEP][PASSED] - a = 39: null

17-03-2025T07:05:06 - [TEST_STEP][PASSED] - dzoCut = dZO.substring(0, 10): null

17-03-2025T07:05:06 - [TEST_STEP][PASSED] - if (x2.contains(dzoCut)): null

17-03-2025T07:05:06 - [TEST_STEP][PASSED] - filialNum = filialNum + 1: null

17-03-2025T07:05:06 - [TEST_STEP][PASSED] - Script1718980020443.Numbers(a, typeOfData, todaysDate, pageInt, fileInt, pageDouble, fileDouble, dZO, dzoNum, filialNum): null

17-03-2025T07:05:06 - [TEST_STEP][PASSED] - println(dzoNum): null

17-03-2025T07:05:06 - [TEST_STEP][PASSED] - planFact = <not implemented yet for class: org.codehaus.groovy.ast.expr.EmptyExpression>: null

17-03-2025T07:05:06 - [TEST_STEP][PASSED] - page = <not implemented yet for class: org.codehaus.groovy.ast.expr.EmptyExpression>: null

17-03-2025T07:05:06 - [TEST_STEP][PASSED] - page1 = <not implemented yet for class: org.codehaus.groovy.ast.expr.EmptyExpression>: null

17-03-2025T07:05:06 - [TEST_STEP][PASSED] - page2 = <not implemented yet for class: org.codehaus.groovy.ast.expr.EmptyExpression>: null

17-03-2025T07:05:06 - [TEST_STEP][PASSED] - filialNumberInRow = <not implemented yet for class: org.codehaus.groovy.ast.expr.EmptyExpression>: null

17-03-2025T07:05:06 - [TEST_STEP][PASSED] - filialsDzoNames = <not implemented yet for class: org.codehaus.groovy.ast.expr.EmptyExpression>: null

17-03-2025T07:05:06 - [TEST_STEP][PASSED] - numberOfFilials = <not implemented yet for class: org.codehaus.groovy.ast.expr.EmptyExpression>: null

17-03-2025T07:05:06 - [TEST_STEP][PASSED] - numberOfSpaces = <not implemented yet for class: org.codehaus.groovy.ast.expr.EmptyExpression>: null

17-03-2025T07:05:06 - [TEST_STEP][PASSED] - file = <not implemented yet for class: org.codehaus.groovy.ast.expr.EmptyExpression>: null

17-03-2025T07:05:06 - [TEST_STEP][PASSED] - otpusk = <not implemented yet for class: org.codehaus.groovy.ast.expr.EmptyExpression>: null

17-03-2025T07:05:06 - [TEST_STEP][PASSED] - poteri = <not implemented yet for class: org.codehaus.groovy.ast.expr.EmptyExpression>: null

17-03-2025T07:05:06 - [TEST_STEP][PASSED] - dataFolder = "Выполнение бизнес-плана/Значения со страницы Выполнение бизнес-плана/": null

17-03-2025T07:05:06 - [TEST_STEP][PASSED] - path = <not implemented yet for class: org.codehaus.groovy.ast.expr.EmptyExpression>: null

17-03-2025T07:05:06 - [TEST_STEP][PASSED] - typeOfDataMain = <not implemented yet for class: org.codehaus.groovy.ast.expr.EmptyExpression>: null

17-03-2025T07:05:06 - [TEST_STEP][PASSED] - fileOtpuskVSet = <not implemented yet for class: org.codehaus.groovy.ast.expr.EmptyExpression>: null

17-03-2025T07:05:06 - [TEST_STEP][PASSED] - pageOtpuskVSet = <not implemented yet for class: org.codehaus.groovy.ast.expr.EmptyExpression>: null

17-03-2025T07:05:06 - [TEST_STEP][PASSED] - filePoteri = <not implemented yet for class: org.codehaus.groovy.ast.expr.EmptyExpression>: null

17-03-2025T07:05:06 - [TEST_STEP][PASSED] - pagePoteri = <not implemented yet for class: org.codehaus.groovy.ast.expr.EmptyExpression>: null

17-03-2025T07:05:06 - [TEST_STEP][PASSED] - compare = <not implemented yet for class: org.codehaus.groovy.ast.expr.EmptyExpression>: null

17-03-2025T07:05:06 - [TEST_STEP][PASSED] - b = <not implemented yet for class: org.codehaus.groovy.ast.expr.EmptyExpression>: null

17-03-2025T07:05:06 - [TEST_STEP][PASSED] - i = <not implemented yet for class: org.codehaus.groovy.ast.expr.EmptyExpression>: null

17-03-2025T07:05:06 - [TEST_STEP][PASSED] - ii = <not implemented yet for class: org.codehaus.groovy.ast.expr.EmptyExpression>: null

17-03-2025T07:05:06 - [TEST_STEP][PASSED] - c = <not implemented yet for class: org.codehaus.groovy.ast.expr.EmptyExpression>: null

17-03-2025T07:05:06 - [TEST_STEP][PASSED] - numberOfErrors = 0: null

17-03-2025T07:05:06 - [TEST_STEP][PASSED] - if (a == 82): null

17-03-2025T07:05:06 - [TEST_STEP][PASSED] - b = findTestData("PlanFact").getValue(1, a): null

17-03-2025T07:05:06 - [TEST_STEP][PASSED] - i = b.indexOf(" (ГК)"): null

17-03-2025T07:05:06 - [TEST_STEP][PASSED] - if (i > -1): null

17-03-2025T07:05:06 - [TEST_STEP][PASSED] - i = b.indexOf("О ""): null

17-03-2025T07:05:06 - [TEST_STEP][PASSED] - if (i > -1): null

17-03-2025T07:05:06 - [TEST_STEP][PASSED] - i = b.indexOf("О «"): null

17-03-2025T07:05:06 - [TEST_STEP][PASSED] - if (i > -1): null

17-03-2025T07:05:06 - [TEST_STEP][PASSED] - i = b.indexOf("г. "): null

17-03-2025T07:05:06 - [TEST_STEP][PASSED] - if (i > -1): null

17-03-2025T07:05:06 - [TEST_STEP][PASSED] - b = b.trim(): null

17-03-2025T07:05:06 - [TEST_STEP][PASSED] - println(b): null

17-03-2025T07:05:06 - [TEST_STEP][PASSED] - for ([planFact = 1, planFact < 3, (planFact++)]): Object: 'Object Repository/Выполнение бизнес-плана/Кнопка Факт' is clicked on

17-03-2025T07:05:06 - [TEST_STEP][PASSED] - if (planFact == 1): null

17-03-2025T07:05:06 - [TEST_STEP][PASSED] - typeOfDataMain = "Факт": null

17-03-2025T07:05:06 - [TEST_STEP][PASSED] - otpusk = findTestData("PlanFact").getValue(5, a): null

17-03-2025T07:05:06 - [TEST_STEP][PASSED] - poteri = findTestData("PlanFact").getValue(6, a): null

17-03-2025T07:05:06 - [TEST_STEP][PASSED] - otpusk = otpusk.replaceAll("\s+", ""): null

17-03-2025T07:05:06 - [TEST_STEP][PASSED] - poteri = poteri.replaceAll("\s+", ""): null

17-03-2025T07:05:06 - [TEST_STEP][PASSED] - typeOfData = typeOfDataMain + " Отпуск в сеть": null

17-03-2025T07:05:06 - [TEST_STEP][PASSED] - if (a == 82): null

17-03-2025T07:05:06 - [TEST_STEP][PASSED] - else if (a == 84): null

17-03-2025T07:05:06 - [TEST_STEP][PASSED] - else if (a == 83 || a == 52 || a == 72 || a == 28 || a == 73 || a == 77 || a == 74 || a == 65 || a == 36 || a == 44 || a == 53 || a == 80 || a == 54 || a == 1 || a == 18 || a == 59 || a == 81): null

17-03-2025T07:05:06 - [TEST_STEP][PASSED] - else: null

17-03-2025T07:05:06 - [TEST_STEP][PASSED] - path = dataFolder + typeOfData + " за отчётный период " + b: null

17-03-2025T07:05:06 - [TEST_STEP][PASSED] - println(path): null

17-03-2025T07:05:06 - [TEST_STEP][PASSED] - page = getText(findTestObject(path)): Text of object 'Object Repository/Выполнение бизнес-плана/Значения со страницы Выполнение бизнес-плана/Факт Отпуск в сеть за отчётный период Карельский филиал' is: '426 728'

17-03-2025T07:05:07 - [MESSAGE][PASSED] - Text of object 'Object Repository/Выполнение бизнес-плана/Значения со страницы Выполнение бизнес-плана/Факт Отпуск в сеть за отчётный период Карельский филиал' is: '426 728'

17-03-2025T07:05:07 - [TEST_STEP][PASSED] - if (page == "" || page == null): null

17-03-2025T07:05:07 - [TEST_STEP][PASSED] - else: null

17-03-2025T07:05:07 - [TEST_STEP][PASSED] - page = page.replaceAll("\s+", ""): null

17-03-2025T07:05:07 - [TEST_STEP][PASSED] - if (page == "undefined"): null

17-03-2025T07:05:07 - [TEST_STEP][PASSED] - fileOtpuskVSet = otpusk.toInteger(): null

17-03-2025T07:05:07 - [TEST_STEP][PASSED] - pageOtpuskVSet = page.toInteger(): null

17-03-2025T07:05:07 - [TEST_STEP][PASSED] - typeOfData = typeOfDataMain + " Потери": null

17-03-2025T07:05:07 - [TEST_STEP][PASSED] - if (a == 82): null

17-03-2025T07:05:07 - [TEST_STEP][PASSED] - else if (a == 84): null

17-03-2025T07:05:07 - [TEST_STEP][PASSED] - else if (a == 83 || a == 52 || a == 72 || a == 28 || a == 73 || a == 77 || a == 74 || a == 65 || a == 44 || a == 53 || a == 80 || a == 54 || a == 1 || a == 18 || a == 59 || a == 81): null

17-03-2025T07:05:07 - [TEST_STEP][PASSED] - else: null

17-03-2025T07:05:07 - [TEST_STEP][PASSED] - path = dataFolder + typeOfData + " за отчётный период " + b: null

17-03-2025T07:05:07 - [TEST_STEP][PASSED] - page = getText(findTestObject(path)): Text of object 'Object Repository/Выполнение бизнес-плана/Значения со страницы Выполнение бизнес-плана/Факт Потери за отчётный период Карельский филиал' is: '18 104'

17-03-2025T07:05:07 - [MESSAGE][PASSED] - Text of object 'Object Repository/Выполнение бизнес-плана/Значения со страницы Выполнение бизнес-плана/Факт Потери за отчётный период Карельский филиал' is: '18 104'

17-03-2025T07:05:07 - [TEST_STEP][PASSED] - if (page == "" || page == null): null

17-03-2025T07:05:07 - [TEST_STEP][PASSED] - else: null

17-03-2025T07:05:07 - [TEST_STEP][PASSED] - page = page.replaceAll("\s+", ""): null

17-03-2025T07:05:07 - [TEST_STEP][PASSED] - if (page == "undefined"): null

17-03-2025T07:05:07 - [TEST_STEP][PASSED] - filePoteri = poteri.toInteger(): null

17-03-2025T07:05:07 - [TEST_STEP][PASSED] - pagePoteri = page.toInteger(): null

17-03-2025T07:05:07 - [TEST_STEP][PASSED] - compare = pageOtpuskVSet: null

17-03-2025T07:05:07 - [TEST_STEP][PASSED] - if (pageOtpuskVSet != null): null

17-03-2025T07:05:07 - [TEST_STEP][PASSED] - if (compare == fileOtpuskVSet): null

17-03-2025T07:05:07 - [TEST_STEP][PASSED] - if (compare == fileOtpuskVSet): null

17-03-2025T07:05:07 - [TEST_STEP][PASSED] - compare = pagePoteri: null

17-03-2025T07:05:07 - [TEST_STEP][PASSED] - if (pageOtpuskVSet != null): null

17-03-2025T07:05:07 - [TEST_STEP][PASSED] - if (compare == filePoteri): null

17-03-2025T07:05:07 - [TEST_STEP][PASSED] - if (compare == filePoteri): null

17-03-2025T07:05:07 - [TEST_STEP][PASSED] - if (planFact == 2): null

17-03-2025T07:05:07 - [TEST_STEP][PASSED] - if (planFact == 1): null

17-03-2025T07:05:07 - [TEST_STEP][PASSED] - else if (planFact == 2): null

17-03-2025T07:05:07 - [TEST_STEP][PASSED] - click(findTestObject("Выполнение бизнес-плана/Кнопка План")): Object: 'Object Repository/Выполнение бизнес-плана/Кнопка План' is clicked on

17-03-2025T07:05:07 - [MESSAGE][PASSED] - Object: 'Object Repository/Выполнение бизнес-плана/Кнопка План' is clicked on

17-03-2025T07:05:07 - [TEST_STEP][PASSED] - typeOfDataMain = "План": null

17-03-2025T07:05:07 - [TEST_STEP][PASSED] - otpusk = findTestData("PlanFact").getValue(2, a): null

17-03-2025T07:05:07 - [TEST_STEP][PASSED] - poteri = findTestData("PlanFact").getValue(3, a): null

17-03-2025T07:05:08 - [TEST_STEP][PASSED] - otpusk = otpusk.replaceAll("\s+", ""): null

17-03-2025T07:05:08 - [TEST_STEP][PASSED] - poteri = poteri.replaceAll("\s+", ""): null

17-03-2025T07:05:08 - [TEST_STEP][PASSED] - typeOfData = typeOfDataMain + " Отпуск в сеть": null

17-03-2025T07:05:08 - [TEST_STEP][PASSED] - if (a == 82): null

17-03-2025T07:05:08 - [TEST_STEP][PASSED] - else if (a == 84): null

17-03-2025T07:05:08 - [TEST_STEP][PASSED] - else if (a == 83 || a == 52 || a == 72 || a == 28 || a == 73 || a == 77 || a == 74 || a == 65 || a == 36 || a == 44 || a == 53 || a == 80 || a == 54 || a == 1 || a == 18 || a == 59 || a == 81): null

17-03-2025T07:05:08 - [TEST_STEP][PASSED] - else: null

17-03-2025T07:05:08 - [TEST_STEP][PASSED] - path = dataFolder + typeOfData + " за отчётный период " + b: null

17-03-2025T07:05:08 - [TEST_STEP][PASSED] - println(path): null

17-03-2025T07:05:08 - [TEST_STEP][PASSED] - page = getText(findTestObject(path)): Text of object 'Object Repository/Выполнение бизнес-плана/Значения со страницы Выполнение бизнес-плана/План Отпуск в сеть за отчётный период Карельский филиал' is: '460 494'

17-03-2025T07:05:08 - [MESSAGE][PASSED] - Text of object 'Object Repository/Выполнение бизнес-плана/Значения со страницы Выполнение бизнес-плана/План Отпуск в сеть за отчётный период Карельский филиал' is: '460 494'

17-03-2025T07:05:08 - [TEST_STEP][PASSED] - if (page == "" || page == null): null

17-03-2025T07:05:08 - [TEST_STEP][PASSED] - else: null

17-03-2025T07:05:08 - [TEST_STEP][PASSED] - page = page.replaceAll("\s+", ""): null

17-03-2025T07:05:08 - [TEST_STEP][PASSED] - if (page == "undefined"): null

17-03-2025T07:05:08 - [TEST_STEP][PASSED] - fileOtpuskVSet = otpusk.toInteger(): null

17-03-2025T07:05:08 - [TEST_STEP][PASSED] - pageOtpuskVSet = page.toInteger(): null

17-03-2025T07:05:08 - [TEST_STEP][PASSED] - typeOfData = typeOfDataMain + " Потери": null

17-03-2025T07:05:08 - [TEST_STEP][PASSED] - if (a == 82): null

17-03-2025T07:05:08 - [TEST_STEP][PASSED] - else if (a == 84): null

17-03-2025T07:05:08 - [TEST_STEP][PASSED] - else if (a == 83 || a == 52 || a == 72 || a == 28 || a == 73 || a == 77 || a == 74 || a == 65 || a == 44 || a == 53 || a == 80 || a == 54 || a == 1 || a == 18 || a == 59 || a == 81): null

17-03-2025T07:05:08 - [TEST_STEP][PASSED] - else: null

17-03-2025T07:05:08 - [TEST_STEP][PASSED] - path = dataFolder + typeOfData + " за отчётный период " + b: null

17-03-2025T07:05:08 - [TEST_STEP][PASSED] - page = getText(findTestObject(path)): Text of object 'Object Repository/Выполнение бизнес-плана/Значения со страницы Выполнение бизнес-плана/План Потери за отчётный период Карельский филиал' is: '25 924'

17-03-2025T07:05:08 - [MESSAGE][PASSED] - Text of object 'Object Repository/Выполнение бизнес-плана/Значения со страницы Выполнение бизнес-плана/План Потери за отчётный период Карельский филиал' is: '25 924'

17-03-2025T07:05:08 - [TEST_STEP][PASSED] - if (page == "" || page == null): null

17-03-2025T07:05:08 - [TEST_STEP][PASSED] - else: null

17-03-2025T07:05:08 - [TEST_STEP][PASSED] - page = page.replaceAll("\s+", ""): null

17-03-2025T07:05:08 - [TEST_STEP][PASSED] - if (page == "undefined"): null

17-03-2025T07:05:08 - [TEST_STEP][PASSED] - filePoteri = poteri.toInteger(): null

17-03-2025T07:05:08 - [TEST_STEP][PASSED] - pagePoteri = page.toInteger(): null

17-03-2025T07:05:08 - [TEST_STEP][PASSED] - compare = pageOtpuskVSet: null

17-03-2025T07:05:08 - [TEST_STEP][PASSED] - if (pageOtpuskVSet != null): null

17-03-2025T07:05:08 - [TEST_STEP][PASSED] - if (compare == fileOtpuskVSet): null

17-03-2025T07:05:08 - [TEST_STEP][PASSED] - if (compare == fileOtpuskVSet): null

17-03-2025T07:05:08 - [TEST_STEP][PASSED] - compare = pagePoteri: null

17-03-2025T07:05:08 - [TEST_STEP][PASSED] - if (pageOtpuskVSet != null): null

17-03-2025T07:05:08 - [TEST_STEP][PASSED] - if (compare == filePoteri): null

17-03-2025T07:05:08 - [TEST_STEP][PASSED] - if (compare == filePoteri): null

17-03-2025T07:05:08 - [TEST_STEP][PASSED] - if (planFact == 2): Object: 'Object Repository/Выполнение бизнес-плана/Кнопка Факт' is clicked on

17-03-2025T07:05:08 - [TEST_STEP][PASSED] - click(findTestObject("Выполнение бизнес-плана/Кнопка Факт")): Object: 'Object Repository/Выполнение бизнес-плана/Кнопка Факт' is clicked on

17-03-2025T07:05:08 - [MESSAGE][PASSED] - Object: 'Object Repository/Выполнение бизнес-плана/Кнопка Факт' is clicked on

17-03-2025T07:05:08 - [TEST_STEP][PASSED] - println("a=" + a): null

17-03-2025T07:05:08 - [TEST_STEP][PASSED] - if (a == 84 || a == 82): null

17-03-2025T07:05:08 - [TEST_STEP][PASSED] - else if (a == 83 || a == 52 || a == 72 || a == 28 || a == 73 || a == 77 || a == 74 || a == 65 || a == 36 || a == 44 || a == 53 || a == 80 || a == 54 || a == 1 || a == 18 || a == 59 || a == 81): null

17-03-2025T07:05:08 - [TEST_STEP][PASSED] - else: null

17-03-2025T07:05:08 - [TEST_STEP][PASSED] - page1 = getText(findTestObject("Object Repository/Выполнение бизнес-плана/spanPlan" + filialNum)): Text of object 'Object Repository/Выполнение бизнес-плана/spanPlan3' is: '5.63
|'

17-03-2025T07:05:09 - [MESSAGE][PASSED] - Text of object 'Object Repository/Выполнение бизнес-плана/spanPlan3' is: '5.63
|'

17-03-2025T07:05:09 - [TEST_STEP][PASSED] - page1 = page1.replace("|", ""): null

17-03-2025T07:05:09 - [TEST_STEP][PASSED] - page2 = getText(findTestObject("Object Repository/Выполнение бизнес-плана/spanFact" + filialNum)): Text of object 'Object Repository/Выполнение бизнес-плана/spanFact3' is: '4.24
|'

17-03-2025T07:05:09 - [MESSAGE][PASSED] - Text of object 'Object Repository/Выполнение бизнес-плана/spanFact3' is: '4.24
|'

17-03-2025T07:05:09 - [TEST_STEP][PASSED] - page2 = page2.replace("|", ""): null

17-03-2025T07:05:09 - [TEST_STEP][PASSED] - println("page1: " + page1): null

17-03-2025T07:05:09 - [TEST_STEP][PASSED] - println("page2: " + page2): null

17-03-2025T07:05:09 - [TEST_STEP][PASSED] - file = findTestData("PlanFact").getValue(4, a): null

17-03-2025T07:05:09 - [TEST_STEP][PASSED] - file = file.replace(",", "."): null

17-03-2025T07:05:09 - [TEST_STEP][PASSED] - println("file Plan: " + file): null

17-03-2025T07:05:09 - [TEST_STEP][PASSED] - typeOfData = "План в процентах": null

17-03-2025T07:05:09 - [TEST_STEP][PASSED] - fileDouble = file.toDouble(): null

17-03-2025T07:05:09 - [TEST_STEP][PASSED] - pageDouble = page1.toDouble(): null

17-03-2025T07:05:09 - [TEST_STEP][PASSED] - if (fileDouble != pageDouble): null

17-03-2025T07:05:09 - [TEST_STEP][PASSED] - file = findTestData("PlanFact").getValue(7, a): null

17-03-2025T07:05:09 - [TEST_STEP][PASSED] - file = file.replace(",", "."): null

17-03-2025T07:05:09 - [TEST_STEP][PASSED] - println("file Fact: " + file): null

17-03-2025T07:05:09 - [TEST_STEP][PASSED] - fileDouble = file.toDouble(): null

17-03-2025T07:05:09 - [TEST_STEP][PASSED] - typeOfData = "Факт в процентах": null

17-03-2025T07:05:09 - [TEST_STEP][PASSED] - fileDouble = file.toDouble(): null

17-03-2025T07:05:09 - [TEST_STEP][PASSED] - pageDouble = page2.toDouble(): null

17-03-2025T07:05:09 - [TEST_STEP][PASSED] - if (fileDouble != pageDouble): null

17-03-2025T07:05:09 - [TEST_STEP][PASSED] - if (verifyEqual(numberOfErrors, 0) == false): Actual object '0' and expected object '0' are equal

17-03-2025T07:05:09 - [MESSAGE][PASSED] - Actual object '0' and expected object '0' are equal

17-03-2025T07:05:09 - [TEST_STEP][PASSED] - if (a == 82): null

17-03-2025T07:05:09 - [TEST_STEP][PASSED] - dZO = "Мурманский филиал": null

17-03-2025T07:05:09 - [TEST_STEP][PASSED] - a = 40: null

17-03-2025T07:05:09 - [TEST_STEP][PASSED] - dzoCut = dZO.substring(0, 10): null

17-03-2025T07:05:09 - [TEST_STEP][PASSED] - if (x2.contains(dzoCut)): null

17-03-2025T07:05:09 - [TEST_STEP][PASSED] - filialNum = filialNum + 1: null

17-03-2025T07:05:09 - [TEST_STEP][PASSED] - Script1718980020443.Numbers(a, typeOfData, todaysDate, pageInt, fileInt, pageDouble, fileDouble, dZO, dzoNum, filialNum): null

17-03-2025T07:05:09 - [TEST_STEP][PASSED] - println(dzoNum): null

17-03-2025T07:05:09 - [TEST_STEP][PASSED] - planFact = <not implemented yet for class: org.codehaus.groovy.ast.expr.EmptyExpression>: null

17-03-2025T07:05:09 - [TEST_STEP][PASSED] - page = <not implemented yet for class: org.codehaus.groovy.ast.expr.EmptyExpression>: null

17-03-2025T07:05:09 - [TEST_STEP][PASSED] - page1 = <not implemented yet for class: org.codehaus.groovy.ast.expr.EmptyExpression>: null

17-03-2025T07:05:09 - [TEST_STEP][PASSED] - page2 = <not implemented yet for class: org.codehaus.groovy.ast.expr.EmptyExpression>: null

17-03-2025T07:05:09 - [TEST_STEP][PASSED] - filialNumberInRow = <not implemented yet for class: org.codehaus.groovy.ast.expr.EmptyExpression>: null

17-03-2025T07:05:09 - [TEST_STEP][PASSED] - filialsDzoNames = <not implemented yet for class: org.codehaus.groovy.ast.expr.EmptyExpression>: null

17-03-2025T07:05:09 - [TEST_STEP][PASSED] - numberOfFilials = <not implemented yet for class: org.codehaus.groovy.ast.expr.EmptyExpression>: null

17-03-2025T07:05:09 - [TEST_STEP][PASSED] - numberOfSpaces = <not implemented yet for class: org.codehaus.groovy.ast.expr.EmptyExpression>: null

17-03-2025T07:05:09 - [TEST_STEP][PASSED] - file = <not implemented yet for class: org.codehaus.groovy.ast.expr.EmptyExpression>: null

17-03-2025T07:05:09 - [TEST_STEP][PASSED] - otpusk = <not implemented yet for class: org.codehaus.groovy.ast.expr.EmptyExpression>: null

17-03-2025T07:05:09 - [TEST_STEP][PASSED] - poteri = <not implemented yet for class: org.codehaus.groovy.ast.expr.EmptyExpression>: null

17-03-2025T07:05:09 - [TEST_STEP][PASSED] - dataFolder = "Выполнение бизнес-плана/Значения со страницы Выполнение бизнес-плана/": null

17-03-2025T07:05:09 - [TEST_STEP][PASSED] - path = <not implemented yet for class: org.codehaus.groovy.ast.expr.EmptyExpression>: null

17-03-2025T07:05:09 - [TEST_STEP][PASSED] - typeOfDataMain = <not implemented yet for class: org.codehaus.groovy.ast.expr.EmptyExpression>: null

17-03-2025T07:05:09 - [TEST_STEP][PASSED] - fileOtpuskVSet = <not implemented yet for class: org.codehaus.groovy.ast.expr.EmptyExpression>: null

17-03-2025T07:05:09 - [TEST_STEP][PASSED] - pageOtpuskVSet = <not implemented yet for class: org.codehaus.groovy.ast.expr.EmptyExpression>: null

17-03-2025T07:05:09 - [TEST_STEP][PASSED] - filePoteri = <not implemented yet for class: org.codehaus.groovy.ast.expr.EmptyExpression>: null

17-03-2025T07:05:09 - [TEST_STEP][PASSED] - pagePoteri = <not implemented yet for class: org.codehaus.groovy.ast.expr.EmptyExpression>: null

17-03-2025T07:05:09 - [TEST_STEP][PASSED] - compare = <not implemented yet for class: org.codehaus.groovy.ast.expr.EmptyExpression>: null

17-03-2025T07:05:09 - [TEST_STEP][PASSED] - b = <not implemented yet for class: org.codehaus.groovy.ast.expr.EmptyExpression>: null

17-03-2025T07:05:09 - [TEST_STEP][PASSED] - i = <not implemented yet for class: org.codehaus.groovy.ast.expr.EmptyExpression>: null

17-03-2025T07:05:09 - [TEST_STEP][PASSED] - ii = <not implemented yet for class: org.codehaus.groovy.ast.expr.EmptyExpression>: null

17-03-2025T07:05:09 - [TEST_STEP][PASSED] - c = <not implemented yet for class: org.codehaus.groovy.ast.expr.EmptyExpression>: null

17-03-2025T07:05:09 - [TEST_STEP][PASSED] - numberOfErrors = 0: null

17-03-2025T07:05:09 - [TEST_STEP][PASSED] - if (a == 82): null

17-03-2025T07:05:09 - [TEST_STEP][PASSED] - b = findTestData("PlanFact").getValue(1, a): null

17-03-2025T07:05:09 - [TEST_STEP][PASSED] - i = b.indexOf(" (ГК)"): null

17-03-2025T07:05:09 - [TEST_STEP][PASSED] - if (i > -1): null

17-03-2025T07:05:09 - [TEST_STEP][PASSED] - i = b.indexOf("О ""): null

17-03-2025T07:05:09 - [TEST_STEP][PASSED] - if (i > -1): null

17-03-2025T07:05:09 - [TEST_STEP][PASSED] - i = b.indexOf("О «"): null

17-03-2025T07:05:09 - [TEST_STEP][PASSED] - if (i > -1): null

17-03-2025T07:05:09 - [TEST_STEP][PASSED] - i = b.indexOf("г. "): null

17-03-2025T07:05:09 - [TEST_STEP][PASSED] - if (i > -1): null

17-03-2025T07:05:09 - [TEST_STEP][PASSED] - b = b.trim(): null

17-03-2025T07:05:09 - [TEST_STEP][PASSED] - println(b): null

17-03-2025T07:05:09 - [TEST_STEP][PASSED] - for ([planFact = 1, planFact < 3, (planFact++)]): Object: 'Object Repository/Выполнение бизнес-плана/Кнопка Факт' is clicked on

17-03-2025T07:05:09 - [TEST_STEP][PASSED] - if (planFact == 1): null

17-03-2025T07:05:09 - [TEST_STEP][PASSED] - typeOfDataMain = "Факт": null

17-03-2025T07:05:09 - [TEST_STEP][PASSED] - otpusk = findTestData("PlanFact").getValue(5, a): null

17-03-2025T07:05:09 - [TEST_STEP][PASSED] - poteri = findTestData("PlanFact").getValue(6, a): null

17-03-2025T07:05:09 - [TEST_STEP][PASSED] - otpusk = otpusk.replaceAll("\s+", ""): null

17-03-2025T07:05:09 - [TEST_STEP][PASSED] - poteri = poteri.replaceAll("\s+", ""): null

17-03-2025T07:05:09 - [TEST_STEP][PASSED] - typeOfData = typeOfDataMain + " Отпуск в сеть": null

17-03-2025T07:05:09 - [TEST_STEP][PASSED] - if (a == 82): null

17-03-2025T07:05:09 - [TEST_STEP][PASSED] - else if (a == 84): null

17-03-2025T07:05:09 - [TEST_STEP][PASSED] - else if (a == 83 || a == 52 || a == 72 || a == 28 || a == 73 || a == 77 || a == 74 || a == 65 || a == 36 || a == 44 || a == 53 || a == 80 || a == 54 || a == 1 || a == 18 || a == 59 || a == 81): null

17-03-2025T07:05:09 - [TEST_STEP][PASSED] - else: null

17-03-2025T07:05:09 - [TEST_STEP][PASSED] - path = dataFolder + typeOfData + " за отчётный период " + b: null

17-03-2025T07:05:09 - [TEST_STEP][PASSED] - println(path): null

17-03-2025T07:05:09 - [TEST_STEP][PASSED] - page = getText(findTestObject(path)): Text of object 'Object Repository/Выполнение бизнес-плана/Значения со страницы Выполнение бизнес-плана/Факт Отпуск в сеть за отчётный период Мурманский филиал' is: '1 015 448'

17-03-2025T07:05:10 - [MESSAGE][PASSED] - Text of object 'Object Repository/Выполнение бизнес-плана/Значения со страницы Выполнение бизнес-плана/Факт Отпуск в сеть за отчётный период Мурманский филиал' is: '1 015 448'

17-03-2025T07:05:10 - [TEST_STEP][PASSED] - if (page == "" || page == null): null

17-03-2025T07:05:10 - [TEST_STEP][PASSED] - else: null

17-03-2025T07:05:10 - [TEST_STEP][PASSED] - page = page.replaceAll("\s+", ""): null

17-03-2025T07:05:10 - [TEST_STEP][PASSED] - if (page == "undefined"): null

17-03-2025T07:05:10 - [TEST_STEP][PASSED] - fileOtpuskVSet = otpusk.toInteger(): null

17-03-2025T07:05:10 - [TEST_STEP][PASSED] - pageOtpuskVSet = page.toInteger(): null

17-03-2025T07:05:10 - [TEST_STEP][PASSED] - typeOfData = typeOfDataMain + " Потери": null

17-03-2025T07:05:10 - [TEST_STEP][PASSED] - if (a == 82): null

17-03-2025T07:05:10 - [TEST_STEP][PASSED] - else if (a == 84): null

17-03-2025T07:05:10 - [TEST_STEP][PASSED] - else if (a == 83 || a == 52 || a == 72 || a == 28 || a == 73 || a == 77 || a == 74 || a == 65 || a == 44 || a == 53 || a == 80 || a == 54 || a == 1 || a == 18 || a == 59 || a == 81): null

17-03-2025T07:05:10 - [TEST_STEP][PASSED] - else: null

17-03-2025T07:05:10 - [TEST_STEP][PASSED] - path = dataFolder + typeOfData + " за отчётный период " + b: null

17-03-2025T07:05:10 - [TEST_STEP][PASSED] - page = getText(findTestObject(path)): Text of object 'Object Repository/Выполнение бизнес-плана/Значения со страницы Выполнение бизнес-плана/Факт Потери за отчётный период Мурманский филиал' is: '23 998'

17-03-2025T07:05:10 - [MESSAGE][PASSED] - Text of object 'Object Repository/Выполнение бизнес-плана/Значения со страницы Выполнение бизнес-плана/Факт Потери за отчётный период Мурманский филиал' is: '23 998'

17-03-2025T07:05:10 - [TEST_STEP][PASSED] - if (page == "" || page == null): null

17-03-2025T07:05:10 - [TEST_STEP][PASSED] - else: null

17-03-2025T07:05:10 - [TEST_STEP][PASSED] - page = page.replaceAll("\s+", ""): null

17-03-2025T07:05:10 - [TEST_STEP][PASSED] - if (page == "undefined"): null

17-03-2025T07:05:10 - [TEST_STEP][PASSED] - filePoteri = poteri.toInteger(): null

17-03-2025T07:05:10 - [TEST_STEP][PASSED] - pagePoteri = page.toInteger(): null

17-03-2025T07:05:10 - [TEST_STEP][PASSED] - compare = pageOtpuskVSet: null

17-03-2025T07:05:10 - [TEST_STEP][PASSED] - if (pageOtpuskVSet != null): null

17-03-2025T07:05:10 - [TEST_STEP][PASSED] - if (compare == fileOtpuskVSet): null

17-03-2025T07:05:10 - [TEST_STEP][PASSED] - if (compare == fileOtpuskVSet): null

17-03-2025T07:05:10 - [TEST_STEP][PASSED] - compare = pagePoteri: null

17-03-2025T07:05:10 - [TEST_STEP][PASSED] - if (pageOtpuskVSet != null): null

17-03-2025T07:05:10 - [TEST_STEP][PASSED] - if (compare == filePoteri): null

17-03-2025T07:05:10 - [TEST_STEP][PASSED] - if (compare == filePoteri): null

17-03-2025T07:05:10 - [TEST_STEP][PASSED] - if (planFact == 2): null

17-03-2025T07:05:10 - [TEST_STEP][PASSED] - if (planFact == 1): null

17-03-2025T07:05:10 - [TEST_STEP][PASSED] - else if (planFact == 2): null

17-03-2025T07:05:10 - [TEST_STEP][PASSED] - click(findTestObject("Выполнение бизнес-плана/Кнопка План")): Object: 'Object Repository/Выполнение бизнес-плана/Кнопка План' is clicked on

17-03-2025T07:05:10 - [MESSAGE][PASSED] - Object: 'Object Repository/Выполнение бизнес-плана/Кнопка План' is clicked on

17-03-2025T07:05:10 - [TEST_STEP][PASSED] - typeOfDataMain = "План": null

17-03-2025T07:05:10 - [TEST_STEP][PASSED] - otpusk = findTestData("PlanFact").getValue(2, a): null

17-03-2025T07:05:10 - [TEST_STEP][PASSED] - poteri = findTestData("PlanFact").getValue(3, a): null

17-03-2025T07:05:10 - [TEST_STEP][PASSED] - otpusk = otpusk.replaceAll("\s+", ""): null

17-03-2025T07:05:10 - [TEST_STEP][PASSED] - poteri = poteri.replaceAll("\s+", ""): null

17-03-2025T07:05:10 - [TEST_STEP][PASSED] - typeOfData = typeOfDataMain + " Отпуск в сеть": null

17-03-2025T07:05:10 - [TEST_STEP][PASSED] - if (a == 82): null

17-03-2025T07:05:10 - [TEST_STEP][PASSED] - else if (a == 84): null

17-03-2025T07:05:10 - [TEST_STEP][PASSED] - else if (a == 83 || a == 52 || a == 72 || a == 28 || a == 73 || a == 77 || a == 74 || a == 65 || a == 36 || a == 44 || a == 53 || a == 80 || a == 54 || a == 1 || a == 18 || a == 59 || a == 81): null

17-03-2025T07:05:10 - [TEST_STEP][PASSED] - else: null

17-03-2025T07:05:10 - [TEST_STEP][PASSED] - path = dataFolder + typeOfData + " за отчётный период " + b: null

17-03-2025T07:05:10 - [TEST_STEP][PASSED] - println(path): null

17-03-2025T07:05:10 - [TEST_STEP][PASSED] - page = getText(findTestObject(path)): Text of object 'Object Repository/Выполнение бизнес-плана/Значения со страницы Выполнение бизнес-плана/План Отпуск в сеть за отчётный период Мурманский филиал' is: '1 005 834'

17-03-2025T07:05:11 - [MESSAGE][PASSED] - Text of object 'Object Repository/Выполнение бизнес-плана/Значения со страницы Выполнение бизнес-плана/План Отпуск в сеть за отчётный период Мурманский филиал' is: '1 005 834'

17-03-2025T07:05:11 - [TEST_STEP][PASSED] - if (page == "" || page == null): null

17-03-2025T07:05:11 - [TEST_STEP][PASSED] - else: null

17-03-2025T07:05:11 - [TEST_STEP][PASSED] - page = page.replaceAll("\s+", ""): null

17-03-2025T07:05:11 - [TEST_STEP][PASSED] - if (page == "undefined"): null

17-03-2025T07:05:11 - [TEST_STEP][PASSED] - fileOtpuskVSet = otpusk.toInteger(): null

17-03-2025T07:05:11 - [TEST_STEP][PASSED] - pageOtpuskVSet = page.toInteger(): null

17-03-2025T07:05:11 - [TEST_STEP][PASSED] - typeOfData = typeOfDataMain + " Потери": null

17-03-2025T07:05:11 - [TEST_STEP][PASSED] - if (a == 82): null

17-03-2025T07:05:11 - [TEST_STEP][PASSED] - else if (a == 84): null

17-03-2025T07:05:11 - [TEST_STEP][PASSED] - else if (a == 83 || a == 52 || a == 72 || a == 28 || a == 73 || a == 77 || a == 74 || a == 65 || a == 44 || a == 53 || a == 80 || a == 54 || a == 1 || a == 18 || a == 59 || a == 81): null

17-03-2025T07:05:11 - [TEST_STEP][PASSED] - else: null

17-03-2025T07:05:11 - [TEST_STEP][PASSED] - path = dataFolder + typeOfData + " за отчётный период " + b: null

17-03-2025T07:05:11 - [TEST_STEP][PASSED] - page = getText(findTestObject(path)): Text of object 'Object Repository/Выполнение бизнес-плана/Значения со страницы Выполнение бизнес-плана/План Потери за отчётный период Мурманский филиал' is: '32 985'

17-03-2025T07:05:11 - [MESSAGE][PASSED] - Text of object 'Object Repository/Выполнение бизнес-плана/Значения со страницы Выполнение бизнес-плана/План Потери за отчётный период Мурманский филиал' is: '32 985'

17-03-2025T07:05:11 - [TEST_STEP][PASSED] - if (page == "" || page == null): null

17-03-2025T07:05:11 - [TEST_STEP][PASSED] - else: null

17-03-2025T07:05:11 - [TEST_STEP][PASSED] - page = page.replaceAll("\s+", ""): null

17-03-2025T07:05:11 - [TEST_STEP][PASSED] - if (page == "undefined"): null

17-03-2025T07:05:11 - [TEST_STEP][PASSED] - filePoteri = poteri.toInteger(): null

17-03-2025T07:05:11 - [TEST_STEP][PASSED] - pagePoteri = page.toInteger(): null

17-03-2025T07:05:11 - [TEST_STEP][PASSED] - compare = pageOtpuskVSet: null

17-03-2025T07:05:11 - [TEST_STEP][PASSED] - if (pageOtpuskVSet != null): null

17-03-2025T07:05:11 - [TEST_STEP][PASSED] - if (compare == fileOtpuskVSet): null

17-03-2025T07:05:11 - [TEST_STEP][PASSED] - if (compare == fileOtpuskVSet): null

17-03-2025T07:05:11 - [TEST_STEP][PASSED] - compare = pagePoteri: null

17-03-2025T07:05:11 - [TEST_STEP][PASSED] - if (pageOtpuskVSet != null): null

17-03-2025T07:05:11 - [TEST_STEP][PASSED] - if (compare == filePoteri): null

17-03-2025T07:05:11 - [TEST_STEP][PASSED] - if (compare == filePoteri): null

17-03-2025T07:05:11 - [TEST_STEP][PASSED] - if (planFact == 2): Object: 'Object Repository/Выполнение бизнес-плана/Кнопка Факт' is clicked on

17-03-2025T07:05:11 - [TEST_STEP][PASSED] - click(findTestObject("Выполнение бизнес-плана/Кнопка Факт")): Object: 'Object Repository/Выполнение бизнес-плана/Кнопка Факт' is clicked on

17-03-2025T07:05:11 - [MESSAGE][PASSED] - Object: 'Object Repository/Выполнение бизнес-плана/Кнопка Факт' is clicked on

17-03-2025T07:05:11 - [TEST_STEP][PASSED] - println("a=" + a): null

17-03-2025T07:05:11 - [TEST_STEP][PASSED] - if (a == 84 || a == 82): null

17-03-2025T07:05:11 - [TEST_STEP][PASSED] - else if (a == 83 || a == 52 || a == 72 || a == 28 || a == 73 || a == 77 || a == 74 || a == 65 || a == 36 || a == 44 || a == 53 || a == 80 || a == 54 || a == 1 || a == 18 || a == 59 || a == 81): null

17-03-2025T07:05:11 - [TEST_STEP][PASSED] - else: null

17-03-2025T07:05:11 - [TEST_STEP][PASSED] - page1 = getText(findTestObject("Object Repository/Выполнение бизнес-плана/spanPlan" + filialNum)): Text of object 'Object Repository/Выполнение бизнес-плана/spanPlan4' is: '3.28
|'

17-03-2025T07:05:12 - [MESSAGE][PASSED] - Text of object 'Object Repository/Выполнение бизнес-плана/spanPlan4' is: '3.28
|'

17-03-2025T07:05:12 - [TEST_STEP][PASSED] - page1 = page1.replace("|", ""): null

17-03-2025T07:05:12 - [TEST_STEP][PASSED] - page2 = getText(findTestObject("Object Repository/Выполнение бизнес-плана/spanFact" + filialNum)): Text of object 'Object Repository/Выполнение бизнес-плана/spanFact4' is: '2.36
|'

17-03-2025T07:05:12 - [MESSAGE][PASSED] - Text of object 'Object Repository/Выполнение бизнес-плана/spanFact4' is: '2.36
|'

17-03-2025T07:05:12 - [TEST_STEP][PASSED] - page2 = page2.replace("|", ""): null

17-03-2025T07:05:12 - [TEST_STEP][PASSED] - println("page1: " + page1): null

17-03-2025T07:05:12 - [TEST_STEP][PASSED] - println("page2: " + page2): null

17-03-2025T07:05:12 - [TEST_STEP][PASSED] - file = findTestData("PlanFact").getValue(4, a): null

17-03-2025T07:05:12 - [TEST_STEP][PASSED] - file = file.replace(",", "."): null

17-03-2025T07:05:12 - [TEST_STEP][PASSED] - println("file Plan: " + file): null

17-03-2025T07:05:12 - [TEST_STEP][PASSED] - typeOfData = "План в процентах": null

17-03-2025T07:05:12 - [TEST_STEP][PASSED] - fileDouble = file.toDouble(): null

17-03-2025T07:05:12 - [TEST_STEP][PASSED] - pageDouble = page1.toDouble(): null

17-03-2025T07:05:12 - [TEST_STEP][PASSED] - if (fileDouble != pageDouble): null

17-03-2025T07:05:12 - [TEST_STEP][PASSED] - file = findTestData("PlanFact").getValue(7, a): null

17-03-2025T07:05:12 - [TEST_STEP][PASSED] - file = file.replace(",", "."): null

17-03-2025T07:05:12 - [TEST_STEP][PASSED] - println("file Fact: " + file): null

17-03-2025T07:05:12 - [TEST_STEP][PASSED] - fileDouble = file.toDouble(): null

17-03-2025T07:05:12 - [TEST_STEP][PASSED] - typeOfData = "Факт в процентах": null

17-03-2025T07:05:12 - [TEST_STEP][PASSED] - fileDouble = file.toDouble(): null

17-03-2025T07:05:12 - [TEST_STEP][PASSED] - pageDouble = page2.toDouble(): null

17-03-2025T07:05:12 - [TEST_STEP][PASSED] - if (fileDouble != pageDouble): null

17-03-2025T07:05:12 - [TEST_STEP][PASSED] - if (verifyEqual(numberOfErrors, 0) == false): Actual object '0' and expected object '0' are equal

17-03-2025T07:05:12 - [MESSAGE][PASSED] - Actual object '0' and expected object '0' are equal

17-03-2025T07:05:12 - [TEST_STEP][PASSED] - if (a == 82): null

17-03-2025T07:05:12 - [TEST_STEP][PASSED] - dZO = "Новгородский филиал": null

17-03-2025T07:05:12 - [TEST_STEP][PASSED] - a = 42: null

17-03-2025T07:05:12 - [TEST_STEP][PASSED] - dzoCut = dZO.substring(0, 10): null

17-03-2025T07:05:12 - [TEST_STEP][PASSED] - if (x2.contains(dzoCut)): null

17-03-2025T07:05:12 - [TEST_STEP][PASSED] - filialNum = filialNum + 1: null

17-03-2025T07:05:12 - [TEST_STEP][PASSED] - Script1718980020443.Numbers(a, typeOfData, todaysDate, pageInt, fileInt, pageDouble, fileDouble, dZO, dzoNum, filialNum): null

17-03-2025T07:05:12 - [TEST_STEP][PASSED] - println(dzoNum): null

17-03-2025T07:05:12 - [TEST_STEP][PASSED] - planFact = <not implemented yet for class: org.codehaus.groovy.ast.expr.EmptyExpression>: null

17-03-2025T07:05:12 - [TEST_STEP][PASSED] - page = <not implemented yet for class: org.codehaus.groovy.ast.expr.EmptyExpression>: null

17-03-2025T07:05:12 - [TEST_STEP][PASSED] - page1 = <not implemented yet for class: org.codehaus.groovy.ast.expr.EmptyExpression>: null

17-03-2025T07:05:12 - [TEST_STEP][PASSED] - page2 = <not implemented yet for class: org.codehaus.groovy.ast.expr.EmptyExpression>: null

17-03-2025T07:05:12 - [TEST_STEP][PASSED] - filialNumberInRow = <not implemented yet for class: org.codehaus.groovy.ast.expr.EmptyExpression>: null

17-03-2025T07:05:12 - [TEST_STEP][PASSED] - filialsDzoNames = <not implemented yet for class: org.codehaus.groovy.ast.expr.EmptyExpression>: null

17-03-2025T07:05:12 - [TEST_STEP][PASSED] - numberOfFilials = <not implemented yet for class: org.codehaus.groovy.ast.expr.EmptyExpression>: null

17-03-2025T07:05:12 - [TEST_STEP][PASSED] - numberOfSpaces = <not implemented yet for class: org.codehaus.groovy.ast.expr.EmptyExpression>: null

17-03-2025T07:05:12 - [TEST_STEP][PASSED] - file = <not implemented yet for class: org.codehaus.groovy.ast.expr.EmptyExpression>: null

17-03-2025T07:05:12 - [TEST_STEP][PASSED] - otpusk = <not implemented yet for class: org.codehaus.groovy.ast.expr.EmptyExpression>: null

17-03-2025T07:05:12 - [TEST_STEP][PASSED] - poteri = <not implemented yet for class: org.codehaus.groovy.ast.expr.EmptyExpression>: null

17-03-2025T07:05:12 - [TEST_STEP][PASSED] - dataFolder = "Выполнение бизнес-плана/Значения со страницы Выполнение бизнес-плана/": null

17-03-2025T07:05:12 - [TEST_STEP][PASSED] - path = <not implemented yet for class: org.codehaus.groovy.ast.expr.EmptyExpression>: null

17-03-2025T07:05:12 - [TEST_STEP][PASSED] - typeOfDataMain = <not implemented yet for class: org.codehaus.groovy.ast.expr.EmptyExpression>: null

17-03-2025T07:05:12 - [TEST_STEP][PASSED] - fileOtpuskVSet = <not implemented yet for class: org.codehaus.groovy.ast.expr.EmptyExpression>: null

17-03-2025T07:05:12 - [TEST_STEP][PASSED] - pageOtpuskVSet = <not implemented yet for class: org.codehaus.groovy.ast.expr.EmptyExpression>: null

17-03-2025T07:05:12 - [TEST_STEP][PASSED] - filePoteri = <not implemented yet for class: org.codehaus.groovy.ast.expr.EmptyExpression>: null

17-03-2025T07:05:12 - [TEST_STEP][PASSED] - pagePoteri = <not implemented yet for class: org.codehaus.groovy.ast.expr.EmptyExpression>: null

17-03-2025T07:05:12 - [TEST_STEP][PASSED] - compare = <not implemented yet for class: org.codehaus.groovy.ast.expr.EmptyExpression>: null

17-03-2025T07:05:12 - [TEST_STEP][PASSED] - b = <not implemented yet for class: org.codehaus.groovy.ast.expr.EmptyExpression>: null

17-03-2025T07:05:12 - [TEST_STEP][PASSED] - i = <not implemented yet for class: org.codehaus.groovy.ast.expr.EmptyExpression>: null

17-03-2025T07:05:12 - [TEST_STEP][PASSED] - ii = <not implemented yet for class: org.codehaus.groovy.ast.expr.EmptyExpression>: null

17-03-2025T07:05:12 - [TEST_STEP][PASSED] - c = <not implemented yet for class: org.codehaus.groovy.ast.expr.EmptyExpression>: null

17-03-2025T07:05:12 - [TEST_STEP][PASSED] - numberOfErrors = 0: null

17-03-2025T07:05:12 - [TEST_STEP][PASSED] - if (a == 82): null

17-03-2025T07:05:12 - [TEST_STEP][PASSED] - b = findTestData("PlanFact").getValue(1, a): null

17-03-2025T07:05:12 - [TEST_STEP][PASSED] - i = b.indexOf(" (ГК)"): null

17-03-2025T07:05:12 - [TEST_STEP][PASSED] - if (i > -1): null

17-03-2025T07:05:12 - [TEST_STEP][PASSED] - i = b.indexOf("О ""): null

17-03-2025T07:05:12 - [TEST_STEP][PASSED] - if (i > -1): null

17-03-2025T07:05:12 - [TEST_STEP][PASSED] - i = b.indexOf("О «"): null

17-03-2025T07:05:12 - [TEST_STEP][PASSED] - if (i > -1): null

17-03-2025T07:05:12 - [TEST_STEP][PASSED] - i = b.indexOf("г. "): null

17-03-2025T07:05:12 - [TEST_STEP][PASSED] - if (i > -1): null

17-03-2025T07:05:12 - [TEST_STEP][PASSED] - b = b.trim(): null

17-03-2025T07:05:12 - [TEST_STEP][PASSED] - println(b): null

17-03-2025T07:05:12 - [TEST_STEP][PASSED] - for ([planFact = 1, planFact < 3, (planFact++)]): Object: 'Object Repository/Выполнение бизнес-плана/Кнопка Факт' is clicked on

17-03-2025T07:05:12 - [TEST_STEP][PASSED] - if (planFact == 1): null

17-03-2025T07:05:12 - [TEST_STEP][PASSED] - typeOfDataMain = "Факт": null

17-03-2025T07:05:12 - [TEST_STEP][PASSED] - otpusk = findTestData("PlanFact").getValue(5, a): null

17-03-2025T07:05:12 - [TEST_STEP][PASSED] - poteri = findTestData("PlanFact").getValue(6, a): null

17-03-2025T07:05:12 - [TEST_STEP][PASSED] - otpusk = otpusk.replaceAll("\s+", ""): null

17-03-2025T07:05:12 - [TEST_STEP][PASSED] - poteri = poteri.replaceAll("\s+", ""): null

17-03-2025T07:05:12 - [TEST_STEP][PASSED] - typeOfData = typeOfDataMain + " Отпуск в сеть": null

17-03-2025T07:05:12 - [TEST_STEP][PASSED] - if (a == 82): null

17-03-2025T07:05:12 - [TEST_STEP][PASSED] - else if (a == 84): null

17-03-2025T07:05:12 - [TEST_STEP][PASSED] - else if (a == 83 || a == 52 || a == 72 || a == 28 || a == 73 || a == 77 || a == 74 || a == 65 || a == 36 || a == 44 || a == 53 || a == 80 || a == 54 || a == 1 || a == 18 || a == 59 || a == 81): null

17-03-2025T07:05:12 - [TEST_STEP][PASSED] - else: null

17-03-2025T07:05:12 - [TEST_STEP][PASSED] - path = dataFolder + typeOfData + " за отчётный период " + b: null

17-03-2025T07:05:12 - [TEST_STEP][PASSED] - println(path): null

17-03-2025T07:05:12 - [TEST_STEP][PASSED] - page = getText(findTestObject(path)): Text of object 'Object Repository/Выполнение бизнес-плана/Значения со страницы Выполнение бизнес-плана/Факт Отпуск в сеть за отчётный период Новгородский филиал' is: '373 203'

17-03-2025T07:05:13 - [MESSAGE][PASSED] - Text of object 'Object Repository/Выполнение бизнес-плана/Значения со страницы Выполнение бизнес-плана/Факт Отпуск в сеть за отчётный период Новгородский филиал' is: '373 203'

17-03-2025T07:05:13 - [TEST_STEP][PASSED] - if (page == "" || page == null): null

17-03-2025T07:05:13 - [TEST_STEP][PASSED] - else: null

17-03-2025T07:05:13 - [TEST_STEP][PASSED] - page = page.replaceAll("\s+", ""): null

17-03-2025T07:05:13 - [TEST_STEP][PASSED] - if (page == "undefined"): null

17-03-2025T07:05:13 - [TEST_STEP][PASSED] - fileOtpuskVSet = otpusk.toInteger(): null

17-03-2025T07:05:13 - [TEST_STEP][PASSED] - pageOtpuskVSet = page.toInteger(): null

17-03-2025T07:05:13 - [TEST_STEP][PASSED] - typeOfData = typeOfDataMain + " Потери": null

17-03-2025T07:05:13 - [TEST_STEP][PASSED] - if (a == 82): null

17-03-2025T07:05:13 - [TEST_STEP][PASSED] - else if (a == 84): null

17-03-2025T07:05:13 - [TEST_STEP][PASSED] - else if (a == 83 || a == 52 || a == 72 || a == 28 || a == 73 || a == 77 || a == 74 || a == 65 || a == 44 || a == 53 || a == 80 || a == 54 || a == 1 || a == 18 || a == 59 || a == 81): null

17-03-2025T07:05:13 - [TEST_STEP][PASSED] - else: null

17-03-2025T07:05:13 - [TEST_STEP][PASSED] - path = dataFolder + typeOfData + " за отчётный период " + b: null

17-03-2025T07:05:13 - [TEST_STEP][PASSED] - page = getText(findTestObject(path)): Text of object 'Object Repository/Выполнение бизнес-плана/Значения со страницы Выполнение бизнес-плана/Факт Потери за отчётный период Новгородский филиал' is: '32 436'

17-03-2025T07:05:13 - [MESSAGE][PASSED] - Text of object 'Object Repository/Выполнение бизнес-плана/Значения со страницы Выполнение бизнес-плана/Факт Потери за отчётный период Новгородский филиал' is: '32 436'

17-03-2025T07:05:13 - [TEST_STEP][PASSED] - if (page == "" || page == null): null

17-03-2025T07:05:13 - [TEST_STEP][PASSED] - else: null

17-03-2025T07:05:13 - [TEST_STEP][PASSED] - page = page.replaceAll("\s+", ""): null

17-03-2025T07:05:13 - [TEST_STEP][PASSED] - if (page == "undefined"): null

17-03-2025T07:05:13 - [TEST_STEP][PASSED] - filePoteri = poteri.toInteger(): null

17-03-2025T07:05:13 - [TEST_STEP][PASSED] - pagePoteri = page.toInteger(): null

17-03-2025T07:05:13 - [TEST_STEP][PASSED] - compare = pageOtpuskVSet: null

17-03-2025T07:05:13 - [TEST_STEP][PASSED] - if (pageOtpuskVSet != null): null

17-03-2025T07:05:13 - [TEST_STEP][PASSED] - if (compare == fileOtpuskVSet): null

17-03-2025T07:05:13 - [TEST_STEP][PASSED] - if (compare == fileOtpuskVSet): null

17-03-2025T07:05:13 - [TEST_STEP][PASSED] - compare = pagePoteri: null

17-03-2025T07:05:13 - [TEST_STEP][PASSED] - if (pageOtpuskVSet != null): null

17-03-2025T07:05:13 - [TEST_STEP][PASSED] - if (compare == filePoteri): null

17-03-2025T07:05:13 - [TEST_STEP][PASSED] - if (compare == filePoteri): null

17-03-2025T07:05:13 - [TEST_STEP][PASSED] - if (planFact == 2): null

17-03-2025T07:05:13 - [TEST_STEP][PASSED] - if (planFact == 1): null

17-03-2025T07:05:13 - [TEST_STEP][PASSED] - else if (planFact == 2): null

17-03-2025T07:05:13 - [TEST_STEP][PASSED] - click(findTestObject("Выполнение бизнес-плана/Кнопка План")): Object: 'Object Repository/Выполнение бизнес-плана/Кнопка План' is clicked on

17-03-2025T07:05:13 - [MESSAGE][PASSED] - Object: 'Object Repository/Выполнение бизнес-плана/Кнопка План' is clicked on

17-03-2025T07:05:13 - [TEST_STEP][PASSED] - typeOfDataMain = "План": null

17-03-2025T07:05:13 - [TEST_STEP][PASSED] - otpusk = findTestData("PlanFact").getValue(2, a): null

17-03-2025T07:05:13 - [TEST_STEP][PASSED] - poteri = findTestData("PlanFact").getValue(3, a): null

17-03-2025T07:05:13 - [TEST_STEP][PASSED] - otpusk = otpusk.replaceAll("\s+", ""): null

17-03-2025T07:05:13 - [TEST_STEP][PASSED] - poteri = poteri.replaceAll("\s+", ""): null

17-03-2025T07:05:13 - [TEST_STEP][PASSED] - typeOfData = typeOfDataMain + " Отпуск в сеть": null

17-03-2025T07:05:13 - [TEST_STEP][PASSED] - if (a == 82): null

17-03-2025T07:05:13 - [TEST_STEP][PASSED] - else if (a == 84): null

17-03-2025T07:05:13 - [TEST_STEP][PASSED] - else if (a == 83 || a == 52 || a == 72 || a == 28 || a == 73 || a == 77 || a == 74 || a == 65 || a == 36 || a == 44 || a == 53 || a == 80 || a == 54 || a == 1 || a == 18 || a == 59 || a == 81): null

17-03-2025T07:05:13 - [TEST_STEP][PASSED] - else: null

17-03-2025T07:05:13 - [TEST_STEP][PASSED] - path = dataFolder + typeOfData + " за отчётный период " + b: null

17-03-2025T07:05:13 - [TEST_STEP][PASSED] - println(path): null

17-03-2025T07:05:13 - [TEST_STEP][PASSED] - page = getText(findTestObject(path)): Text of object 'Object Repository/Выполнение бизнес-плана/Значения со страницы Выполнение бизнес-плана/План Отпуск в сеть за отчётный период Новгородский филиал' is: '411 646'

17-03-2025T07:05:14 - [MESSAGE][PASSED] - Text of object 'Object Repository/Выполнение бизнес-плана/Значения со страницы Выполнение бизнес-плана/План Отпуск в сеть за отчётный период Новгородский филиал' is: '411 646'

17-03-2025T07:05:14 - [TEST_STEP][PASSED] - if (page == "" || page == null): null

17-03-2025T07:05:14 - [TEST_STEP][PASSED] - else: null

17-03-2025T07:05:14 - [TEST_STEP][PASSED] - page = page.replaceAll("\s+", ""): null

17-03-2025T07:05:14 - [TEST_STEP][PASSED] - if (page == "undefined"): null

17-03-2025T07:05:14 - [TEST_STEP][PASSED] - fileOtpuskVSet = otpusk.toInteger(): null

17-03-2025T07:05:14 - [TEST_STEP][PASSED] - pageOtpuskVSet = page.toInteger(): null

17-03-2025T07:05:14 - [TEST_STEP][PASSED] - typeOfData = typeOfDataMain + " Потери": null

17-03-2025T07:05:14 - [TEST_STEP][PASSED] - if (a == 82): null

17-03-2025T07:05:14 - [TEST_STEP][PASSED] - else if (a == 84): null

17-03-2025T07:05:14 - [TEST_STEP][PASSED] - else if (a == 83 || a == 52 || a == 72 || a == 28 || a == 73 || a == 77 || a == 74 || a == 65 || a == 44 || a == 53 || a == 80 || a == 54 || a == 1 || a == 18 || a == 59 || a == 81): null

17-03-2025T07:05:14 - [TEST_STEP][PASSED] - else: null

17-03-2025T07:05:14 - [TEST_STEP][PASSED] - path = dataFolder + typeOfData + " за отчётный период " + b: null

17-03-2025T07:05:14 - [TEST_STEP][PASSED] - page = getText(findTestObject(path)): Text of object 'Object Repository/Выполнение бизнес-плана/Значения со страницы Выполнение бизнес-плана/План Потери за отчётный период Новгородский филиал' is: '49 640'

17-03-2025T07:05:14 - [MESSAGE][PASSED] - Text of object 'Object Repository/Выполнение бизнес-плана/Значения со страницы Выполнение бизнес-плана/План Потери за отчётный период Новгородский филиал' is: '49 640'

17-03-2025T07:05:14 - [TEST_STEP][PASSED] - if (page == "" || page == null): null

17-03-2025T07:05:14 - [TEST_STEP][PASSED] - else: null

17-03-2025T07:05:14 - [TEST_STEP][PASSED] - page = page.replaceAll("\s+", ""): null

17-03-2025T07:05:14 - [TEST_STEP][PASSED] - if (page == "undefined"): null

17-03-2025T07:05:14 - [TEST_STEP][PASSED] - filePoteri = poteri.toInteger(): null

17-03-2025T07:05:14 - [TEST_STEP][PASSED] - pagePoteri = page.toInteger(): null

17-03-2025T07:05:14 - [TEST_STEP][PASSED] - compare = pageOtpuskVSet: null

17-03-2025T07:05:14 - [TEST_STEP][PASSED] - if (pageOtpuskVSet != null): null

17-03-2025T07:05:14 - [TEST_STEP][PASSED] - if (compare == fileOtpuskVSet): null

17-03-2025T07:05:14 - [TEST_STEP][PASSED] - if (compare == fileOtpuskVSet): null

17-03-2025T07:05:14 - [TEST_STEP][PASSED] - compare = pagePoteri: null

17-03-2025T07:05:14 - [TEST_STEP][PASSED] - if (pageOtpuskVSet != null): null

17-03-2025T07:05:14 - [TEST_STEP][PASSED] - if (compare == filePoteri): null

17-03-2025T07:05:14 - [TEST_STEP][PASSED] - if (compare == filePoteri): null

17-03-2025T07:05:14 - [TEST_STEP][PASSED] - if (planFact == 2): Object: 'Object Repository/Выполнение бизнес-плана/Кнопка Факт' is clicked on

17-03-2025T07:05:14 - [TEST_STEP][PASSED] - click(findTestObject("Выполнение бизнес-плана/Кнопка Факт")): Object: 'Object Repository/Выполнение бизнес-плана/Кнопка Факт' is clicked on

17-03-2025T07:05:14 - [MESSAGE][PASSED] - Object: 'Object Repository/Выполнение бизнес-плана/Кнопка Факт' is clicked on

17-03-2025T07:05:14 - [TEST_STEP][PASSED] - println("a=" + a): null

17-03-2025T07:05:14 - [TEST_STEP][PASSED] - if (a == 84 || a == 82): null

17-03-2025T07:05:14 - [TEST_STEP][PASSED] - else if (a == 83 || a == 52 || a == 72 || a == 28 || a == 73 || a == 77 || a == 74 || a == 65 || a == 36 || a == 44 || a == 53 || a == 80 || a == 54 || a == 1 || a == 18 || a == 59 || a == 81): null

17-03-2025T07:05:14 - [TEST_STEP][PASSED] - else: null

17-03-2025T07:05:14 - [TEST_STEP][PASSED] - page1 = getText(findTestObject("Object Repository/Выполнение бизнес-плана/spanPlan" + filialNum)): Text of object 'Object Repository/Выполнение бизнес-плана/spanPlan5' is: '12.06
|'

17-03-2025T07:05:15 - [MESSAGE][PASSED] - Text of object 'Object Repository/Выполнение бизнес-плана/spanPlan5' is: '12.06
|'

17-03-2025T07:05:15 - [TEST_STEP][PASSED] - page1 = page1.replace("|", ""): null

17-03-2025T07:05:15 - [TEST_STEP][PASSED] - page2 = getText(findTestObject("Object Repository/Выполнение бизнес-плана/spanFact" + filialNum)): Text of object 'Object Repository/Выполнение бизнес-плана/spanFact5' is: '8.69
|'

17-03-2025T07:05:15 - [MESSAGE][PASSED] - Text of object 'Object Repository/Выполнение бизнес-плана/spanFact5' is: '8.69
|'

17-03-2025T07:05:15 - [TEST_STEP][PASSED] - page2 = page2.replace("|", ""): null

17-03-2025T07:05:15 - [TEST_STEP][PASSED] - println("page1: " + page1): null

17-03-2025T07:05:15 - [TEST_STEP][PASSED] - println("page2: " + page2): null

17-03-2025T07:05:15 - [TEST_STEP][PASSED] - file = findTestData("PlanFact").getValue(4, a): null

17-03-2025T07:05:15 - [TEST_STEP][PASSED] - file = file.replace(",", "."): null

17-03-2025T07:05:15 - [TEST_STEP][PASSED] - println("file Plan: " + file): null

17-03-2025T07:05:15 - [TEST_STEP][PASSED] - typeOfData = "План в процентах": null

17-03-2025T07:05:15 - [TEST_STEP][PASSED] - fileDouble = file.toDouble(): null

17-03-2025T07:05:15 - [TEST_STEP][PASSED] - pageDouble = page1.toDouble(): null

17-03-2025T07:05:15 - [TEST_STEP][PASSED] - if (fileDouble != pageDouble): null

17-03-2025T07:05:15 - [TEST_STEP][PASSED] - file = findTestData("PlanFact").getValue(7, a): null

17-03-2025T07:05:15 - [TEST_STEP][PASSED] - file = file.replace(",", "."): null

17-03-2025T07:05:15 - [TEST_STEP][PASSED] - println("file Fact: " + file): null

17-03-2025T07:05:15 - [TEST_STEP][PASSED] - fileDouble = file.toDouble(): null

17-03-2025T07:05:15 - [TEST_STEP][PASSED] - typeOfData = "Факт в процентах": null

17-03-2025T07:05:15 - [TEST_STEP][PASSED] - fileDouble = file.toDouble(): null

17-03-2025T07:05:15 - [TEST_STEP][PASSED] - pageDouble = page2.toDouble(): null

17-03-2025T07:05:15 - [TEST_STEP][PASSED] - if (fileDouble != pageDouble): null

17-03-2025T07:05:15 - [TEST_STEP][PASSED] - if (verifyEqual(numberOfErrors, 0) == false): Actual object '0' and expected object '0' are equal

17-03-2025T07:05:15 - [MESSAGE][PASSED] - Actual object '0' and expected object '0' are equal

17-03-2025T07:05:15 - [TEST_STEP][PASSED] - if (a == 82): null

17-03-2025T07:05:15 - [TEST_STEP][PASSED] - dZO = "Псковский филиал": null

17-03-2025T07:05:15 - [TEST_STEP][PASSED] - a = 43: null

17-03-2025T07:05:15 - [TEST_STEP][PASSED] - dzoCut = dZO.substring(0, 10): null

17-03-2025T07:05:15 - [TEST_STEP][PASSED] - if (x2.contains(dzoCut)): null

17-03-2025T07:05:15 - [TEST_STEP][PASSED] - filialNum = filialNum + 1: null

17-03-2025T07:05:15 - [TEST_STEP][PASSED] - Script1718980020443.Numbers(a, typeOfData, todaysDate, pageInt, fileInt, pageDouble, fileDouble, dZO, dzoNum, filialNum): null

17-03-2025T07:05:15 - [TEST_STEP][PASSED] - println(dzoNum): null

17-03-2025T07:05:15 - [TEST_STEP][PASSED] - planFact = <not implemented yet for class: org.codehaus.groovy.ast.expr.EmptyExpression>: null

17-03-2025T07:05:15 - [TEST_STEP][PASSED] - page = <not implemented yet for class: org.codehaus.groovy.ast.expr.EmptyExpression>: null

17-03-2025T07:05:15 - [TEST_STEP][PASSED] - page1 = <not implemented yet for class: org.codehaus.groovy.ast.expr.EmptyExpression>: null

17-03-2025T07:05:15 - [TEST_STEP][PASSED] - page2 = <not implemented yet for class: org.codehaus.groovy.ast.expr.EmptyExpression>: null

17-03-2025T07:05:15 - [TEST_STEP][PASSED] - filialNumberInRow = <not implemented yet for class: org.codehaus.groovy.ast.expr.EmptyExpression>: null

17-03-2025T07:05:15 - [TEST_STEP][PASSED] - filialsDzoNames = <not implemented yet for class: org.codehaus.groovy.ast.expr.EmptyExpression>: null

17-03-2025T07:05:15 - [TEST_STEP][PASSED] - numberOfFilials = <not implemented yet for class: org.codehaus.groovy.ast.expr.EmptyExpression>: null

17-03-2025T07:05:15 - [TEST_STEP][PASSED] - numberOfSpaces = <not implemented yet for class: org.codehaus.groovy.ast.expr.EmptyExpression>: null

17-03-2025T07:05:15 - [TEST_STEP][PASSED] - file = <not implemented yet for class: org.codehaus.groovy.ast.expr.EmptyExpression>: null

17-03-2025T07:05:15 - [TEST_STEP][PASSED] - otpusk = <not implemented yet for class: org.codehaus.groovy.ast.expr.EmptyExpression>: null

17-03-2025T07:05:15 - [TEST_STEP][PASSED] - poteri = <not implemented yet for class: org.codehaus.groovy.ast.expr.EmptyExpression>: null

17-03-2025T07:05:15 - [TEST_STEP][PASSED] - dataFolder = "Выполнение бизнес-плана/Значения со страницы Выполнение бизнес-плана/": null

17-03-2025T07:05:15 - [TEST_STEP][PASSED] - path = <not implemented yet for class: org.codehaus.groovy.ast.expr.EmptyExpression>: null

17-03-2025T07:05:15 - [TEST_STEP][PASSED] - typeOfDataMain = <not implemented yet for class: org.codehaus.groovy.ast.expr.EmptyExpression>: null

17-03-2025T07:05:15 - [TEST_STEP][PASSED] - fileOtpuskVSet = <not implemented yet for class: org.codehaus.groovy.ast.expr.EmptyExpression>: null

17-03-2025T07:05:15 - [TEST_STEP][PASSED] - pageOtpuskVSet = <not implemented yet for class: org.codehaus.groovy.ast.expr.EmptyExpression>: null

17-03-2025T07:05:15 - [TEST_STEP][PASSED] - filePoteri = <not implemented yet for class: org.codehaus.groovy.ast.expr.EmptyExpression>: null

17-03-2025T07:05:15 - [TEST_STEP][PASSED] - pagePoteri = <not implemented yet for class: org.codehaus.groovy.ast.expr.EmptyExpression>: null

17-03-2025T07:05:15 - [TEST_STEP][PASSED] - compare = <not implemented yet for class: org.codehaus.groovy.ast.expr.EmptyExpression>: null

17-03-2025T07:05:15 - [TEST_STEP][PASSED] - b = <not implemented yet for class: org.codehaus.groovy.ast.expr.EmptyExpression>: null

17-03-2025T07:05:15 - [TEST_STEP][PASSED] - i = <not implemented yet for class: org.codehaus.groovy.ast.expr.EmptyExpression>: null

17-03-2025T07:05:15 - [TEST_STEP][PASSED] - ii = <not implemented yet for class: org.codehaus.groovy.ast.expr.EmptyExpression>: null

17-03-2025T07:05:15 - [TEST_STEP][PASSED] - c = <not implemented yet for class: org.codehaus.groovy.ast.expr.EmptyExpression>: null

17-03-2025T07:05:15 - [TEST_STEP][PASSED] - numberOfErrors = 0: null

17-03-2025T07:05:15 - [TEST_STEP][PASSED] - if (a == 82): null

17-03-2025T07:05:15 - [TEST_STEP][PASSED] - b = findTestData("PlanFact").getValue(1, a): null

17-03-2025T07:05:15 - [TEST_STEP][PASSED] - i = b.indexOf(" (ГК)"): null

17-03-2025T07:05:15 - [TEST_STEP][PASSED] - if (i > -1): null

17-03-2025T07:05:15 - [TEST_STEP][PASSED] - i = b.indexOf("О ""): null

17-03-2025T07:05:15 - [TEST_STEP][PASSED] - if (i > -1): null

17-03-2025T07:05:15 - [TEST_STEP][PASSED] - i = b.indexOf("О «"): null

17-03-2025T07:05:15 - [TEST_STEP][PASSED] - if (i > -1): null

17-03-2025T07:05:15 - [TEST_STEP][PASSED] - i = b.indexOf("г. "): null

17-03-2025T07:05:15 - [TEST_STEP][PASSED] - if (i > -1): null

17-03-2025T07:05:15 - [TEST_STEP][PASSED] - b = b.trim(): null

17-03-2025T07:05:15 - [TEST_STEP][PASSED] - println(b): null

17-03-2025T07:05:15 - [TEST_STEP][PASSED] - for ([planFact = 1, planFact < 3, (planFact++)]): Object: 'Object Repository/Выполнение бизнес-плана/Кнопка Факт' is clicked on

17-03-2025T07:05:15 - [TEST_STEP][PASSED] - if (planFact == 1): null

17-03-2025T07:05:15 - [TEST_STEP][PASSED] - typeOfDataMain = "Факт": null

17-03-2025T07:05:15 - [TEST_STEP][PASSED] - otpusk = findTestData("PlanFact").getValue(5, a): null

17-03-2025T07:05:15 - [TEST_STEP][PASSED] - poteri = findTestData("PlanFact").getValue(6, a): null

17-03-2025T07:05:15 - [TEST_STEP][PASSED] - otpusk = otpusk.replaceAll("\s+", ""): null

17-03-2025T07:05:15 - [TEST_STEP][PASSED] - poteri = poteri.replaceAll("\s+", ""): null

17-03-2025T07:05:15 - [TEST_STEP][PASSED] - typeOfData = typeOfDataMain + " Отпуск в сеть": null

17-03-2025T07:05:15 - [TEST_STEP][PASSED] - if (a == 82): null

17-03-2025T07:05:15 - [TEST_STEP][PASSED] - else if (a == 84): null

17-03-2025T07:05:15 - [TEST_STEP][PASSED] - else if (a == 83 || a == 52 || a == 72 || a == 28 || a == 73 || a == 77 || a == 74 || a == 65 || a == 36 || a == 44 || a == 53 || a == 80 || a == 54 || a == 1 || a == 18 || a == 59 || a == 81): null

17-03-2025T07:05:15 - [TEST_STEP][PASSED] - else: null

17-03-2025T07:05:15 - [TEST_STEP][PASSED] - path = dataFolder + typeOfData + " за отчётный период " + b: null

17-03-2025T07:05:15 - [TEST_STEP][PASSED] - println(path): null

17-03-2025T07:05:15 - [TEST_STEP][PASSED] - page = getText(findTestObject(path)): Text of object 'Object Repository/Выполнение бизнес-плана/Значения со страницы Выполнение бизнес-плана/Факт Отпуск в сеть за отчётный период Псковский филиал' is: '222 993'

17-03-2025T07:05:15 - [MESSAGE][PASSED] - Text of object 'Object Repository/Выполнение бизнес-плана/Значения со страницы Выполнение бизнес-плана/Факт Отпуск в сеть за отчётный период Псковский филиал' is: '222 993'

17-03-2025T07:05:15 - [TEST_STEP][PASSED] - if (page == "" || page == null): null

17-03-2025T07:05:15 - [TEST_STEP][PASSED] - else: null

17-03-2025T07:05:15 - [TEST_STEP][PASSED] - page = page.replaceAll("\s+", ""): null

17-03-2025T07:05:15 - [TEST_STEP][PASSED] - if (page == "undefined"): null

17-03-2025T07:05:15 - [TEST_STEP][PASSED] - fileOtpuskVSet = otpusk.toInteger(): null

17-03-2025T07:05:15 - [TEST_STEP][PASSED] - pageOtpuskVSet = page.toInteger(): null

17-03-2025T07:05:15 - [TEST_STEP][PASSED] - typeOfData = typeOfDataMain + " Потери": null

17-03-2025T07:05:15 - [TEST_STEP][PASSED] - if (a == 82): null

17-03-2025T07:05:15 - [TEST_STEP][PASSED] - else if (a == 84): null

17-03-2025T07:05:15 - [TEST_STEP][PASSED] - else if (a == 83 || a == 52 || a == 72 || a == 28 || a == 73 || a == 77 || a == 74 || a == 65 || a == 44 || a == 53 || a == 80 || a == 54 || a == 1 || a == 18 || a == 59 || a == 81): null

17-03-2025T07:05:15 - [TEST_STEP][PASSED] - else: null

17-03-2025T07:05:15 - [TEST_STEP][PASSED] - path = dataFolder + typeOfData + " за отчётный период " + b: null

17-03-2025T07:05:15 - [TEST_STEP][PASSED] - page = getText(findTestObject(path)): Text of object 'Object Repository/Выполнение бизнес-плана/Значения со страницы Выполнение бизнес-плана/Факт Потери за отчётный период Псковский филиал' is: '24 709'

17-03-2025T07:05:16 - [MESSAGE][PASSED] - Text of object 'Object Repository/Выполнение бизнес-плана/Значения со страницы Выполнение бизнес-плана/Факт Потери за отчётный период Псковский филиал' is: '24 709'

17-03-2025T07:05:16 - [TEST_STEP][PASSED] - if (page == "" || page == null): null

17-03-2025T07:05:16 - [TEST_STEP][PASSED] - else: null

17-03-2025T07:05:16 - [TEST_STEP][PASSED] - page = page.replaceAll("\s+", ""): null

17-03-2025T07:05:16 - [TEST_STEP][PASSED] - if (page == "undefined"): null

17-03-2025T07:05:16 - [TEST_STEP][PASSED] - filePoteri = poteri.toInteger(): null

17-03-2025T07:05:16 - [TEST_STEP][PASSED] - pagePoteri = page.toInteger(): null

17-03-2025T07:05:16 - [TEST_STEP][PASSED] - compare = pageOtpuskVSet: null

17-03-2025T07:05:16 - [TEST_STEP][PASSED] - if (pageOtpuskVSet != null): null

17-03-2025T07:05:16 - [TEST_STEP][PASSED] - if (compare == fileOtpuskVSet): null

17-03-2025T07:05:16 - [TEST_STEP][PASSED] - if (compare == fileOtpuskVSet): null

17-03-2025T07:05:16 - [TEST_STEP][PASSED] - compare = pagePoteri: null

17-03-2025T07:05:16 - [TEST_STEP][PASSED] - if (pageOtpuskVSet != null): null

17-03-2025T07:05:16 - [TEST_STEP][PASSED] - if (compare == filePoteri): null

17-03-2025T07:05:16 - [TEST_STEP][PASSED] - if (compare == filePoteri): null

17-03-2025T07:05:16 - [TEST_STEP][PASSED] - if (planFact == 2): null

17-03-2025T07:05:16 - [TEST_STEP][PASSED] - if (planFact == 1): null

17-03-2025T07:05:16 - [TEST_STEP][PASSED] - else if (planFact == 2): null

17-03-2025T07:05:16 - [TEST_STEP][PASSED] - click(findTestObject("Выполнение бизнес-плана/Кнопка План")): Object: 'Object Repository/Выполнение бизнес-плана/Кнопка План' is clicked on

17-03-2025T07:05:16 - [MESSAGE][PASSED] - Object: 'Object Repository/Выполнение бизнес-плана/Кнопка План' is clicked on

17-03-2025T07:05:16 - [TEST_STEP][PASSED] - typeOfDataMain = "План": null

17-03-2025T07:05:16 - [TEST_STEP][PASSED] - otpusk = findTestData("PlanFact").getValue(2, a): null

17-03-2025T07:05:16 - [TEST_STEP][PASSED] - poteri = findTestData("PlanFact").getValue(3, a): null

17-03-2025T07:05:16 - [TEST_STEP][PASSED] - otpusk = otpusk.replaceAll("\s+", ""): null

17-03-2025T07:05:16 - [TEST_STEP][PASSED] - poteri = poteri.replaceAll("\s+", ""): null

17-03-2025T07:05:16 - [TEST_STEP][PASSED] - typeOfData = typeOfDataMain + " Отпуск в сеть": null

17-03-2025T07:05:16 - [TEST_STEP][PASSED] - if (a == 82): null

17-03-2025T07:05:16 - [TEST_STEP][PASSED] - else if (a == 84): null

17-03-2025T07:05:16 - [TEST_STEP][PASSED] - else if (a == 83 || a == 52 || a == 72 || a == 28 || a == 73 || a == 77 || a == 74 || a == 65 || a == 36 || a == 44 || a == 53 || a == 80 || a == 54 || a == 1 || a == 18 || a == 59 || a == 81): null

17-03-2025T07:05:16 - [TEST_STEP][PASSED] - else: null

17-03-2025T07:05:16 - [TEST_STEP][PASSED] - path = dataFolder + typeOfData + " за отчётный период " + b: null

17-03-2025T07:05:16 - [TEST_STEP][PASSED] - println(path): null

17-03-2025T07:05:16 - [TEST_STEP][PASSED] - page = getText(findTestObject(path)): Text of object 'Object Repository/Выполнение бизнес-плана/Значения со страницы Выполнение бизнес-плана/План Отпуск в сеть за отчётный период Псковский филиал' is: '251 295'

17-03-2025T07:05:17 - [MESSAGE][PASSED] - Text of object 'Object Repository/Выполнение бизнес-плана/Значения со страницы Выполнение бизнес-плана/План Отпуск в сеть за отчётный период Псковский филиал' is: '251 295'

17-03-2025T07:05:17 - [TEST_STEP][PASSED] - if (page == "" || page == null): null

17-03-2025T07:05:17 - [TEST_STEP][PASSED] - else: null

17-03-2025T07:05:17 - [TEST_STEP][PASSED] - page = page.replaceAll("\s+", ""): null

17-03-2025T07:05:17 - [TEST_STEP][PASSED] - if (page == "undefined"): null

17-03-2025T07:05:17 - [TEST_STEP][PASSED] - fileOtpuskVSet = otpusk.toInteger(): null

17-03-2025T07:05:17 - [TEST_STEP][PASSED] - pageOtpuskVSet = page.toInteger(): null

17-03-2025T07:05:17 - [TEST_STEP][PASSED] - typeOfData = typeOfDataMain + " Потери": null

17-03-2025T07:05:17 - [TEST_STEP][PASSED] - if (a == 82): null

17-03-2025T07:05:17 - [TEST_STEP][PASSED] - else if (a == 84): null

17-03-2025T07:05:17 - [TEST_STEP][PASSED] - else if (a == 83 || a == 52 || a == 72 || a == 28 || a == 73 || a == 77 || a == 74 || a == 65 || a == 44 || a == 53 || a == 80 || a == 54 || a == 1 || a == 18 || a == 59 || a == 81): null

17-03-2025T07:05:17 - [TEST_STEP][PASSED] - else: null

17-03-2025T07:05:17 - [TEST_STEP][PASSED] - path = dataFolder + typeOfData + " за отчётный период " + b: null

17-03-2025T07:05:17 - [TEST_STEP][PASSED] - page = getText(findTestObject(path)): Text of object 'Object Repository/Выполнение бизнес-плана/Значения со страницы Выполнение бизнес-плана/План Потери за отчётный период Псковский филиал' is: '37 808'

17-03-2025T07:05:17 - [MESSAGE][PASSED] - Text of object 'Object Repository/Выполнение бизнес-плана/Значения со страницы Выполнение бизнес-плана/План Потери за отчётный период Псковский филиал' is: '37 808'

17-03-2025T07:05:17 - [TEST_STEP][PASSED] - if (page == "" || page == null): null

17-03-2025T07:05:17 - [TEST_STEP][PASSED] - else: null

17-03-2025T07:05:17 - [TEST_STEP][PASSED] - page = page.replaceAll("\s+", ""): null

17-03-2025T07:05:17 - [TEST_STEP][PASSED] - if (page == "undefined"): null

17-03-2025T07:05:17 - [TEST_STEP][PASSED] - filePoteri = poteri.toInteger(): null

17-03-2025T07:05:17 - [TEST_STEP][PASSED] - pagePoteri = page.toInteger(): null

17-03-2025T07:05:17 - [TEST_STEP][PASSED] - compare = pageOtpuskVSet: null

17-03-2025T07:05:17 - [TEST_STEP][PASSED] - if (pageOtpuskVSet != null): null

17-03-2025T07:05:17 - [TEST_STEP][PASSED] - if (compare == fileOtpuskVSet): null

17-03-2025T07:05:17 - [TEST_STEP][PASSED] - if (compare == fileOtpuskVSet): null

17-03-2025T07:05:17 - [TEST_STEP][PASSED] - compare = pagePoteri: null

17-03-2025T07:05:17 - [TEST_STEP][PASSED] - if (pageOtpuskVSet != null): null

17-03-2025T07:05:17 - [TEST_STEP][PASSED] - if (compare == filePoteri): null

17-03-2025T07:05:17 - [TEST_STEP][PASSED] - if (compare == filePoteri): null

17-03-2025T07:05:17 - [TEST_STEP][PASSED] - if (planFact == 2): Object: 'Object Repository/Выполнение бизнес-плана/Кнопка Факт' is clicked on

17-03-2025T07:05:17 - [TEST_STEP][PASSED] - click(findTestObject("Выполнение бизнес-плана/Кнопка Факт")): Object: 'Object Repository/Выполнение бизнес-плана/Кнопка Факт' is clicked on

17-03-2025T07:05:17 - [MESSAGE][PASSED] - Object: 'Object Repository/Выполнение бизнес-плана/Кнопка Факт' is clicked on

17-03-2025T07:05:17 - [TEST_STEP][PASSED] - println("a=" + a): null

17-03-2025T07:05:17 - [TEST_STEP][PASSED] - if (a == 84 || a == 82): null

17-03-2025T07:05:17 - [TEST_STEP][PASSED] - else if (a == 83 || a == 52 || a == 72 || a == 28 || a == 73 || a == 77 || a == 74 || a == 65 || a == 36 || a == 44 || a == 53 || a == 80 || a == 54 || a == 1 || a == 18 || a == 59 || a == 81): null

17-03-2025T07:05:17 - [TEST_STEP][PASSED] - else: null

17-03-2025T07:05:17 - [TEST_STEP][PASSED] - page1 = getText(findTestObject("Object Repository/Выполнение бизнес-плана/spanPlan" + filialNum)): Text of object 'Object Repository/Выполнение бизнес-плана/spanPlan6' is: '15.05
|'

17-03-2025T07:05:17 - [MESSAGE][PASSED] - Text of object 'Object Repository/Выполнение бизнес-плана/spanPlan6' is: '15.05
|'

17-03-2025T07:05:17 - [TEST_STEP][PASSED] - page1 = page1.replace("|", ""): null

17-03-2025T07:05:17 - [TEST_STEP][PASSED] - page2 = getText(findTestObject("Object Repository/Выполнение бизнес-плана/spanFact" + filialNum)): Text of object 'Object Repository/Выполнение бизнес-плана/spanFact6' is: '11.08
|'

17-03-2025T07:05:18 - [MESSAGE][PASSED] - Text of object 'Object Repository/Выполнение бизнес-плана/spanFact6' is: '11.08
|'

17-03-2025T07:05:18 - [TEST_STEP][PASSED] - page2 = page2.replace("|", ""): null

17-03-2025T07:05:18 - [TEST_STEP][PASSED] - println("page1: " + page1): null

17-03-2025T07:05:18 - [TEST_STEP][PASSED] - println("page2: " + page2): null

17-03-2025T07:05:18 - [TEST_STEP][PASSED] - file = findTestData("PlanFact").getValue(4, a): null

17-03-2025T07:05:18 - [TEST_STEP][PASSED] - file = file.replace(",", "."): null

17-03-2025T07:05:18 - [TEST_STEP][PASSED] - println("file Plan: " + file): null

17-03-2025T07:05:18 - [TEST_STEP][PASSED] - typeOfData = "План в процентах": null

17-03-2025T07:05:18 - [TEST_STEP][PASSED] - fileDouble = file.toDouble(): null

17-03-2025T07:05:18 - [TEST_STEP][PASSED] - pageDouble = page1.toDouble(): null

17-03-2025T07:05:18 - [TEST_STEP][PASSED] - if (fileDouble != pageDouble): null

17-03-2025T07:05:18 - [TEST_STEP][PASSED] - file = findTestData("PlanFact").getValue(7, a): null

17-03-2025T07:05:18 - [TEST_STEP][PASSED] - file = file.replace(",", "."): null

17-03-2025T07:05:18 - [TEST_STEP][PASSED] - println("file Fact: " + file): null

17-03-2025T07:05:18 - [TEST_STEP][PASSED] - fileDouble = file.toDouble(): null

17-03-2025T07:05:18 - [TEST_STEP][PASSED] - typeOfData = "Факт в процентах": null

17-03-2025T07:05:18 - [TEST_STEP][PASSED] - fileDouble = file.toDouble(): null

17-03-2025T07:05:18 - [TEST_STEP][PASSED] - pageDouble = page2.toDouble(): null

17-03-2025T07:05:18 - [TEST_STEP][PASSED] - if (fileDouble != pageDouble): null

17-03-2025T07:05:18 - [TEST_STEP][PASSED] - if (verifyEqual(numberOfErrors, 0) == false): Actual object '0' and expected object '0' are equal

17-03-2025T07:05:18 - [MESSAGE][PASSED] - Actual object '0' and expected object '0' are equal

17-03-2025T07:05:18 - [TEST_STEP][PASSED] - if (a == 82): null

17-03-2025T07:05:18 - [TEST_STEP][PASSED] - dZO = "филиал в Республике Коми": null

17-03-2025T07:05:18 - [TEST_STEP][PASSED] - a = 41: null

17-03-2025T07:05:18 - [TEST_STEP][PASSED] - if (x2.contains("Коми")): null

17-03-2025T07:05:18 - [TEST_STEP][PASSED] - filialNum = filialNum + 1: null

17-03-2025T07:05:18 - [TEST_STEP][PASSED] - Script1718980020443.Numbers(a, typeOfData, todaysDate, pageInt, fileInt, pageDouble, fileDouble, dZO, dzoNum, filialNum): null

17-03-2025T07:05:18 - [TEST_STEP][PASSED] - println(dzoNum): null

17-03-2025T07:05:18 - [TEST_STEP][PASSED] - planFact = <not implemented yet for class: org.codehaus.groovy.ast.expr.EmptyExpression>: null

17-03-2025T07:05:18 - [TEST_STEP][PASSED] - page = <not implemented yet for class: org.codehaus.groovy.ast.expr.EmptyExpression>: null

17-03-2025T07:05:18 - [TEST_STEP][PASSED] - page1 = <not implemented yet for class: org.codehaus.groovy.ast.expr.EmptyExpression>: null

17-03-2025T07:05:18 - [TEST_STEP][PASSED] - page2 = <not implemented yet for class: org.codehaus.groovy.ast.expr.EmptyExpression>: null

17-03-2025T07:05:18 - [TEST_STEP][PASSED] - filialNumberInRow = <not implemented yet for class: org.codehaus.groovy.ast.expr.EmptyExpression>: null

17-03-2025T07:05:18 - [TEST_STEP][PASSED] - filialsDzoNames = <not implemented yet for class: org.codehaus.groovy.ast.expr.EmptyExpression>: null

17-03-2025T07:05:18 - [TEST_STEP][PASSED] - numberOfFilials = <not implemented yet for class: org.codehaus.groovy.ast.expr.EmptyExpression>: null

17-03-2025T07:05:18 - [TEST_STEP][PASSED] - numberOfSpaces = <not implemented yet for class: org.codehaus.groovy.ast.expr.EmptyExpression>: null

17-03-2025T07:05:18 - [TEST_STEP][PASSED] - file = <not implemented yet for class: org.codehaus.groovy.ast.expr.EmptyExpression>: null

17-03-2025T07:05:18 - [TEST_STEP][PASSED] - otpusk = <not implemented yet for class: org.codehaus.groovy.ast.expr.EmptyExpression>: null

17-03-2025T07:05:18 - [TEST_STEP][PASSED] - poteri = <not implemented yet for class: org.codehaus.groovy.ast.expr.EmptyExpression>: null

17-03-2025T07:05:18 - [TEST_STEP][PASSED] - dataFolder = "Выполнение бизнес-плана/Значения со страницы Выполнение бизнес-плана/": null

17-03-2025T07:05:18 - [TEST_STEP][PASSED] - path = <not implemented yet for class: org.codehaus.groovy.ast.expr.EmptyExpression>: null

17-03-2025T07:05:18 - [TEST_STEP][PASSED] - typeOfDataMain = <not implemented yet for class: org.codehaus.groovy.ast.expr.EmptyExpression>: null

17-03-2025T07:05:18 - [TEST_STEP][PASSED] - fileOtpuskVSet = <not implemented yet for class: org.codehaus.groovy.ast.expr.EmptyExpression>: null

17-03-2025T07:05:18 - [TEST_STEP][PASSED] - pageOtpuskVSet = <not implemented yet for class: org.codehaus.groovy.ast.expr.EmptyExpression>: null

17-03-2025T07:05:18 - [TEST_STEP][PASSED] - filePoteri = <not implemented yet for class: org.codehaus.groovy.ast.expr.EmptyExpression>: null

17-03-2025T07:05:18 - [TEST_STEP][PASSED] - pagePoteri = <not implemented yet for class: org.codehaus.groovy.ast.expr.EmptyExpression>: null

17-03-2025T07:05:18 - [TEST_STEP][PASSED] - compare = <not implemented yet for class: org.codehaus.groovy.ast.expr.EmptyExpression>: null

17-03-2025T07:05:18 - [TEST_STEP][PASSED] - b = <not implemented yet for class: org.codehaus.groovy.ast.expr.EmptyExpression>: null

17-03-2025T07:05:18 - [TEST_STEP][PASSED] - i = <not implemented yet for class: org.codehaus.groovy.ast.expr.EmptyExpression>: null

17-03-2025T07:05:18 - [TEST_STEP][PASSED] - ii = <not implemented yet for class: org.codehaus.groovy.ast.expr.EmptyExpression>: null

17-03-2025T07:05:18 - [TEST_STEP][PASSED] - c = <not implemented yet for class: org.codehaus.groovy.ast.expr.EmptyExpression>: null

17-03-2025T07:05:18 - [TEST_STEP][PASSED] - numberOfErrors = 0: null

17-03-2025T07:05:18 - [TEST_STEP][PASSED] - if (a == 82): null

17-03-2025T07:05:18 - [TEST_STEP][PASSED] - b = findTestData("PlanFact").getValue(1, a): null

17-03-2025T07:05:18 - [TEST_STEP][PASSED] - i = b.indexOf(" (ГК)"): null

17-03-2025T07:05:18 - [TEST_STEP][PASSED] - if (i > -1): null

17-03-2025T07:05:18 - [TEST_STEP][PASSED] - i = b.indexOf("О ""): null

17-03-2025T07:05:18 - [TEST_STEP][PASSED] - if (i > -1): null

17-03-2025T07:05:18 - [TEST_STEP][PASSED] - i = b.indexOf("О «"): null

17-03-2025T07:05:18 - [TEST_STEP][PASSED] - if (i > -1): null

17-03-2025T07:05:18 - [TEST_STEP][PASSED] - i = b.indexOf("г. "): null

17-03-2025T07:05:18 - [TEST_STEP][PASSED] - if (i > -1): null

17-03-2025T07:05:18 - [TEST_STEP][PASSED] - b = b.trim(): null

17-03-2025T07:05:18 - [TEST_STEP][PASSED] - println(b): null

17-03-2025T07:05:18 - [TEST_STEP][PASSED] - for ([planFact = 1, planFact < 3, (planFact++)]): null

17-03-2025T07:05:18 - [TEST_STEP][PASSED] - if (planFact == 1): null

17-03-2025T07:05:18 - [TEST_STEP][PASSED] - typeOfDataMain = "Факт": null

17-03-2025T07:05:18 - [TEST_STEP][PASSED] - otpusk = findTestData("PlanFact").getValue(5, a): null

17-03-2025T07:05:18 - [TEST_STEP][PASSED] - poteri = findTestData("PlanFact").getValue(6, a): null

17-03-2025T07:05:18 - [TEST_STEP][PASSED] - otpusk = otpusk.replaceAll("\s+", ""): null

17-03-2025T07:05:18 - [TEST_STEP][PASSED] - poteri = poteri.replaceAll("\s+", ""): null

17-03-2025T07:05:18 - [TEST_STEP][PASSED] - typeOfData = typeOfDataMain + " Отпуск в сеть": null

17-03-2025T07:05:18 - [TEST_STEP][PASSED] - if (a == 82): null

17-03-2025T07:05:18 - [TEST_STEP][PASSED] - else if (a == 84): null

17-03-2025T07:05:18 - [TEST_STEP][PASSED] - else if (a == 83 || a == 52 || a == 72 || a == 28 || a == 73 || a == 77 || a == 74 || a == 65 || a == 36 || a == 44 || a == 53 || a == 80 || a == 54 || a == 1 || a == 18 || a == 59 || a == 81): null

17-03-2025T07:05:18 - [TEST_STEP][PASSED] - else: null

17-03-2025T07:05:18 - [TEST_STEP][PASSED] - path = dataFolder + typeOfData + " за отчётный период " + b: null

17-03-2025T07:05:18 - [TEST_STEP][PASSED] - println(path): null

17-03-2025T07:05:18 - [TEST_STEP][PASSED] - page = getText(findTestObject(path)): Text of object 'Object Repository/Выполнение бизнес-плана/Значения со страницы Выполнение бизнес-плана/Факт Отпуск в сеть за отчётный период филиал в Республике Коми' is: '237 305'

17-03-2025T07:05:18 - [MESSAGE][PASSED] - Text of object 'Object Repository/Выполнение бизнес-плана/Значения со страницы Выполнение бизнес-плана/Факт Отпуск в сеть за отчётный период филиал в Республике Коми' is: '237 305'

17-03-2025T07:05:18 - [TEST_STEP][PASSED] - if (page == "" || page == null): null

17-03-2025T07:05:18 - [TEST_STEP][PASSED] - else: null

17-03-2025T07:05:18 - [TEST_STEP][PASSED] - page = page.replaceAll("\s+", ""): null

17-03-2025T07:05:18 - [TEST_STEP][PASSED] - if (page == "undefined"): null

17-03-2025T07:05:18 - [TEST_STEP][PASSED] - fileOtpuskVSet = otpusk.toInteger(): null

17-03-2025T07:05:18 - [TEST_STEP][PASSED] - pageOtpuskVSet = page.toInteger(): null

17-03-2025T07:05:18 - [TEST_STEP][PASSED] - typeOfData = typeOfDataMain + " Потери": null

17-03-2025T07:05:18 - [TEST_STEP][PASSED] - if (a == 82): null

17-03-2025T07:05:18 - [TEST_STEP][PASSED] - else if (a == 84): null

17-03-2025T07:05:18 - [TEST_STEP][PASSED] - else if (a == 83 || a == 52 || a == 72 || a == 28 || a == 73 || a == 77 || a == 74 || a == 65 || a == 44 || a == 53 || a == 80 || a == 54 || a == 1 || a == 18 || a == 59 || a == 81): null

17-03-2025T07:05:18 - [TEST_STEP][PASSED] - else: null

17-03-2025T07:05:18 - [TEST_STEP][PASSED] - path = dataFolder + typeOfData + " за отчётный период " + b: null

17-03-2025T07:05:18 - [TEST_STEP][PASSED] - page = getText(findTestObject(path)): Text of object 'Object Repository/Выполнение бизнес-плана/Значения со страницы Выполнение бизнес-плана/Факт Потери за отчётный период филиал в Республике Коми' is: '8 860'

17-03-2025T07:05:19 - [MESSAGE][PASSED] - Text of object 'Object Repository/Выполнение бизнес-плана/Значения со страницы Выполнение бизнес-плана/Факт Потери за отчётный период филиал в Республике Коми' is: '8 860'

17-03-2025T07:05:19 - [TEST_STEP][PASSED] - if (page == "" || page == null): null

17-03-2025T07:05:19 - [TEST_STEP][PASSED] - else: null

17-03-2025T07:05:19 - [TEST_STEP][PASSED] - page = page.replaceAll("\s+", ""): null

17-03-2025T07:05:19 - [TEST_STEP][PASSED] - if (page == "undefined"): null

17-03-2025T07:05:19 - [TEST_STEP][PASSED] - filePoteri = poteri.toInteger(): null

17-03-2025T07:05:19 - [TEST_STEP][PASSED] - pagePoteri = page.toInteger(): null

17-03-2025T07:05:19 - [TEST_STEP][PASSED] - compare = pageOtpuskVSet: null

17-03-2025T07:05:19 - [TEST_STEP][PASSED] - if (pageOtpuskVSet != null): null

17-03-2025T07:05:19 - [TEST_STEP][PASSED] - if (compare == fileOtpuskVSet): null

17-03-2025T07:05:19 - [TEST_STEP][PASSED] - else if (compare > fileOtpuskVSet): null

17-03-2025T07:05:19 - [TEST_STEP][PASSED] - else if (compare < fileOtpuskVSet): null

17-03-2025T07:05:19 - [TEST_STEP][PASSED] - compare = compare + 1: null

17-03-2025T07:05:19 - [TEST_STEP][PASSED] - if (compare == fileOtpuskVSet): null

17-03-2025T07:05:19 - [TEST_STEP][PASSED] - else: null

17-03-2025T07:05:19 - [TEST_STEP][PASSED] - numberOfErrors = numberOfErrors + 1: null

17-03-2025T07:05:19 - [TEST_STEP][PASSED] - pageInt = pageOtpuskVSet: null

17-03-2025T07:05:19 - [TEST_STEP][PASSED] - fileInt = fileOtpuskVSet: null

17-03-2025T07:05:19 - [TEST_STEP][PASSED] - typeOfData = typeOfDataMain + " Отпуск в сеть": null

17-03-2025T07:05:19 - [TEST_STEP][PASSED] - Script1718980020443.WriteToExcel(a, typeOfData, todaysDate, pageInt, fileInt, pageDouble, fileDouble, dZO): null

17-03-2025T07:05:19 - [TEST_STEP][PASSED] - sheetName = "Sheet1": null

17-03-2025T07:05:19 - [TEST_STEP][PASSED] - data = findTestData("PlanFact"): null

17-03-2025T07:05:19 - [TEST_STEP][PASSED] - n = data.getRowNumbers() + 1: null

17-03-2025T07:05:19 - [TEST_STEP][PASSED] - day = ")).toInteger(): null

17-03-2025T07:05:19 - [TEST_STEP][PASSED] - println(day): null

17-03-2025T07:05:19 - [TEST_STEP][PASSED] - month = ")).toInteger(): null

17-03-2025T07:05:19 - [TEST_STEP][PASSED] - println(month): null

17-03-2025T07:05:19 - [TEST_STEP][PASSED] - y = <not implemented yet for class: org.codehaus.groovy.ast.expr.EmptyExpression>: null

17-03-2025T07:05:19 - [TEST_STEP][PASSED] - iy = <not implemented yet for class: org.codehaus.groovy.ast.expr.EmptyExpression>: null

17-03-2025T07:05:19 - [TEST_STEP][PASSED] - m = getText(findTestObject("Выполнение бизнес-плана/Период")): Text of object 'Object Repository/Выполнение бизнес-плана/Период' is: 'Январь 2025 года'

17-03-2025T07:05:19 - [MESSAGE][PASSED] - Text of object 'Object Repository/Выполнение бизнес-плана/Период' is: 'Январь 2025 года'

17-03-2025T07:05:19 - [TEST_STEP][PASSED] - iy = m.indexOf("20"): null

17-03-2025T07:05:19 - [TEST_STEP][PASSED] - if (iy > -1): null

17-03-2025T07:05:19 - [TEST_STEP][PASSED] - y = substring(iy, iy + 4).toInteger(): null

17-03-2025T07:05:19 - [TEST_STEP][PASSED] - println(y): null

17-03-2025T07:05:19 - [TEST_STEP][PASSED] - if (toString().length() == 4): null

17-03-2025T07:05:19 - [TEST_STEP][PASSED] - m = m.substring(0, m.indexOf(y.toString())): null

17-03-2025T07:05:19 - [TEST_STEP][PASSED] - m = m.trim(): null

17-03-2025T07:05:19 - [TEST_STEP][PASSED] - if (m == ""): null

17-03-2025T07:05:19 - [TEST_STEP][PASSED] - dashboardName = "Выполнение бизнес-плана": null

17-03-2025T07:05:19 - [TEST_STEP][PASSED] - workbook01 = getWorkbook(excelFilePath): null

17-03-2025T07:05:19 - [TEST_STEP][PASSED] - sheet01 = getExcelSheet(workbook01, sheetName): null

17-03-2025T07:05:19 - [TEST_STEP][PASSED] - setValueToCellByIndex(sheet01, n, 0, dashboardName): null

17-03-2025T07:05:19 - [TEST_STEP][PASSED] - setValueToCellByIndex(sheet01, n, 1, dZO): null

17-03-2025T07:05:19 - [TEST_STEP][PASSED] - setValueToCellByIndex(sheet01, n, 2, typeOfData): null

17-03-2025T07:05:19 - [TEST_STEP][PASSED] - if (typeOfData == "Факт в процентах" || typeOfData == "План в процентах"): null

17-03-2025T07:05:19 - [TEST_STEP][PASSED] - else: null

17-03-2025T07:05:19 - [TEST_STEP][PASSED] - setValueToCellByIndex(sheet01, n, 3, fileInt): null

17-03-2025T07:05:19 - [TEST_STEP][PASSED] - setValueToCellByIndex(sheet01, n, 4, pageInt): null

17-03-2025T07:05:19 - [TEST_STEP][PASSED] - setValueToCellByIndex(sheet01, n, 5, m): null

17-03-2025T07:05:19 - [TEST_STEP][PASSED] - setValueToCellByIndex(sheet01, n, 6, y): null

17-03-2025T07:05:19 - [TEST_STEP][PASSED] - setValueToCellByIndex(sheet01, n, 7, todaysDate): null

17-03-2025T07:05:19 - [TEST_STEP][PASSED] - n = n + 1: null

17-03-2025T07:05:19 - [TEST_STEP][PASSED] - saveWorkbook(excelFilePath, workbook01): null

17-03-2025T07:05:19 - [TEST_STEP][PASSED] - compare = pagePoteri: null

17-03-2025T07:05:19 - [TEST_STEP][PASSED] - if (pageOtpuskVSet != null): null

17-03-2025T07:05:19 - [TEST_STEP][PASSED] - if (compare == filePoteri): null

17-03-2025T07:05:19 - [TEST_STEP][PASSED] - else if (compare > filePoteri): null

17-03-2025T07:05:19 - [TEST_STEP][PASSED] - else if (compare < filePoteri): null

17-03-2025T07:05:19 - [TEST_STEP][PASSED] - compare = compare + 1: null

17-03-2025T07:05:19 - [TEST_STEP][PASSED] - if (compare == filePoteri): null

17-03-2025T07:05:19 - [TEST_STEP][PASSED] - else: null

17-03-2025T07:05:19 - [TEST_STEP][PASSED] - numberOfErrors = numberOfErrors + 1: null

17-03-2025T07:05:19 - [TEST_STEP][PASSED] - pageInt = pagePoteri: null

17-03-2025T07:05:19 - [TEST_STEP][PASSED] - fileInt = filePoteri: null

17-03-2025T07:05:19 - [TEST_STEP][PASSED] - typeOfData = typeOfDataMain + " Потери": null

17-03-2025T07:05:19 - [TEST_STEP][PASSED] - Script1718980020443.WriteToExcel(a, typeOfData, todaysDate, pageInt, fileInt, pageDouble, fileDouble, dZO): null

17-03-2025T07:05:19 - [TEST_STEP][PASSED] - sheetName = "Sheet1": null

17-03-2025T07:05:19 - [TEST_STEP][PASSED] - data = findTestData("PlanFact"): null

17-03-2025T07:05:19 - [TEST_STEP][PASSED] - n = data.getRowNumbers() + 1: null

17-03-2025T07:05:19 - [TEST_STEP][PASSED] - day = ")).toInteger(): null

17-03-2025T07:05:19 - [TEST_STEP][PASSED] - println(day): null

17-03-2025T07:05:19 - [TEST_STEP][PASSED] - month = ")).toInteger(): null

17-03-2025T07:05:19 - [TEST_STEP][PASSED] - println(month): null

17-03-2025T07:05:19 - [TEST_STEP][PASSED] - y = <not implemented yet for class: org.codehaus.groovy.ast.expr.EmptyExpression>: null

17-03-2025T07:05:19 - [TEST_STEP][PASSED] - iy = <not implemented yet for class: org.codehaus.groovy.ast.expr.EmptyExpression>: null

17-03-2025T07:05:19 - [TEST_STEP][PASSED] - m = getText(findTestObject("Выполнение бизнес-плана/Период")): Text of object 'Object Repository/Выполнение бизнес-плана/Период' is: 'Январь 2025 года'

17-03-2025T07:05:20 - [MESSAGE][PASSED] - Text of object 'Object Repository/Выполнение бизнес-плана/Период' is: 'Январь 2025 года'

17-03-2025T07:05:20 - [TEST_STEP][PASSED] - iy = m.indexOf("20"): null

17-03-2025T07:05:20 - [TEST_STEP][PASSED] - if (iy > -1): null

17-03-2025T07:05:20 - [TEST_STEP][PASSED] - y = substring(iy, iy + 4).toInteger(): null

17-03-2025T07:05:20 - [TEST_STEP][PASSED] - println(y): null

17-03-2025T07:05:20 - [TEST_STEP][PASSED] - if (toString().length() == 4): null

17-03-2025T07:05:20 - [TEST_STEP][PASSED] - m = m.substring(0, m.indexOf(y.toString())): null

17-03-2025T07:05:20 - [TEST_STEP][PASSED] - m = m.trim(): null

17-03-2025T07:05:20 - [TEST_STEP][PASSED] - if (m == ""): null

17-03-2025T07:05:20 - [TEST_STEP][PASSED] - dashboardName = "Выполнение бизнес-плана": null

17-03-2025T07:05:20 - [TEST_STEP][PASSED] - workbook01 = getWorkbook(excelFilePath): null

17-03-2025T07:05:20 - [TEST_STEP][PASSED] - sheet01 = getExcelSheet(workbook01, sheetName): null

17-03-2025T07:05:20 - [TEST_STEP][PASSED] - setValueToCellByIndex(sheet01, n, 0, dashboardName): null

17-03-2025T07:05:20 - [TEST_STEP][PASSED] - setValueToCellByIndex(sheet01, n, 1, dZO): null

17-03-2025T07:05:20 - [TEST_STEP][PASSED] - setValueToCellByIndex(sheet01, n, 2, typeOfData): null

17-03-2025T07:05:20 - [TEST_STEP][PASSED] - if (typeOfData == "Факт в процентах" || typeOfData == "План в процентах"): null

17-03-2025T07:05:20 - [TEST_STEP][PASSED] - else: null

17-03-2025T07:05:20 - [TEST_STEP][PASSED] - setValueToCellByIndex(sheet01, n, 3, fileInt): null

17-03-2025T07:05:20 - [TEST_STEP][PASSED] - setValueToCellByIndex(sheet01, n, 4, pageInt): null

17-03-2025T07:05:20 - [TEST_STEP][PASSED] - setValueToCellByIndex(sheet01, n, 5, m): null

17-03-2025T07:05:20 - [TEST_STEP][PASSED] - setValueToCellByIndex(sheet01, n, 6, y): null

17-03-2025T07:05:20 - [TEST_STEP][PASSED] - setValueToCellByIndex(sheet01, n, 7, todaysDate): null

17-03-2025T07:05:20 - [TEST_STEP][PASSED] - n = n + 1: null

17-03-2025T07:05:20 - [TEST_STEP][PASSED] - saveWorkbook(excelFilePath, workbook01): null

17-03-2025T07:05:20 - [TEST_STEP][PASSED] - if (planFact == 2): null

17-03-2025T07:05:20 - [TEST_STEP][PASSED] - if (planFact == 1): null

17-03-2025T07:05:20 - [TEST_STEP][PASSED] - else if (planFact == 2): null

17-03-2025T07:05:20 - [TEST_STEP][PASSED] - click(findTestObject("Выполнение бизнес-плана/Кнопка План")): Object: 'Object Repository/Выполнение бизнес-плана/Кнопка План' is clicked on

17-03-2025T07:05:20 - [MESSAGE][PASSED] - Object: 'Object Repository/Выполнение бизнес-плана/Кнопка План' is clicked on

17-03-2025T07:05:20 - [TEST_STEP][PASSED] - typeOfDataMain = "План": null

17-03-2025T07:05:20 - [TEST_STEP][PASSED] - otpusk = findTestData("PlanFact").getValue(2, a): null

17-03-2025T07:05:20 - [TEST_STEP][PASSED] - poteri = findTestData("PlanFact").getValue(3, a): null

17-03-2025T07:05:21 - [TEST_STEP][PASSED] - otpusk = otpusk.replaceAll("\s+", ""): null

17-03-2025T07:05:21 - [TEST_STEP][PASSED] - poteri = poteri.replaceAll("\s+", ""): null

17-03-2025T07:05:21 - [TEST_STEP][PASSED] - typeOfData = typeOfDataMain + " Отпуск в сеть": null

17-03-2025T07:05:21 - [TEST_STEP][PASSED] - if (a == 82): null

17-03-2025T07:05:21 - [TEST_STEP][PASSED] - else if (a == 84): null

17-03-2025T07:05:21 - [TEST_STEP][PASSED] - else if (a == 83 || a == 52 || a == 72 || a == 28 || a == 73 || a == 77 || a == 74 || a == 65 || a == 36 || a == 44 || a == 53 || a == 80 || a == 54 || a == 1 || a == 18 || a == 59 || a == 81): null

17-03-2025T07:05:21 - [TEST_STEP][PASSED] - else: null

17-03-2025T07:05:21 - [TEST_STEP][PASSED] - path = dataFolder + typeOfData + " за отчётный период " + b: null

17-03-2025T07:05:21 - [TEST_STEP][PASSED] - println(path): null

17-03-2025T07:05:21 - [TEST_STEP][PASSED] - page = getText(findTestObject(path)): Text of object 'Object Repository/Выполнение бизнес-плана/Значения со страницы Выполнение бизнес-плана/План Отпуск в сеть за отчётный период филиал в Республике Коми' is: '262 822'

17-03-2025T07:05:21 - [MESSAGE][PASSED] - Text of object 'Object Repository/Выполнение бизнес-плана/Значения со страницы Выполнение бизнес-плана/План Отпуск в сеть за отчётный период филиал в Республике Коми' is: '262 822'

17-03-2025T07:05:21 - [TEST_STEP][PASSED] - if (page == "" || page == null): null

17-03-2025T07:05:21 - [TEST_STEP][PASSED] - else: null

17-03-2025T07:05:21 - [TEST_STEP][PASSED] - page = page.replaceAll("\s+", ""): null

17-03-2025T07:05:21 - [TEST_STEP][PASSED] - if (page == "undefined"): null

17-03-2025T07:05:21 - [TEST_STEP][PASSED] - fileOtpuskVSet = otpusk.toInteger(): null

17-03-2025T07:05:21 - [TEST_STEP][PASSED] - pageOtpuskVSet = page.toInteger(): null

17-03-2025T07:05:21 - [TEST_STEP][PASSED] - typeOfData = typeOfDataMain + " Потери": null

17-03-2025T07:05:21 - [TEST_STEP][PASSED] - if (a == 82): null

17-03-2025T07:05:21 - [TEST_STEP][PASSED] - else if (a == 84): null

17-03-2025T07:05:21 - [TEST_STEP][PASSED] - else if (a == 83 || a == 52 || a == 72 || a == 28 || a == 73 || a == 77 || a == 74 || a == 65 || a == 44 || a == 53 || a == 80 || a == 54 || a == 1 || a == 18 || a == 59 || a == 81): null

17-03-2025T07:05:21 - [TEST_STEP][PASSED] - else: null

17-03-2025T07:05:21 - [TEST_STEP][PASSED] - path = dataFolder + typeOfData + " за отчётный период " + b: null

17-03-2025T07:05:21 - [TEST_STEP][PASSED] - page = getText(findTestObject(path)): Text of object 'Object Repository/Выполнение бизнес-плана/Значения со страницы Выполнение бизнес-плана/План Потери за отчётный период филиал в Республике Коми' is: '14 289'

17-03-2025T07:05:21 - [MESSAGE][PASSED] - Text of object 'Object Repository/Выполнение бизнес-плана/Значения со страницы Выполнение бизнес-плана/План Потери за отчётный период филиал в Республике Коми' is: '14 289'

17-03-2025T07:05:21 - [TEST_STEP][PASSED] - if (page == "" || page == null): null

17-03-2025T07:05:21 - [TEST_STEP][PASSED] - else: null

17-03-2025T07:05:21 - [TEST_STEP][PASSED] - page = page.replaceAll("\s+", ""): null

17-03-2025T07:05:21 - [TEST_STEP][PASSED] - if (page == "undefined"): null

17-03-2025T07:05:21 - [TEST_STEP][PASSED] - filePoteri = poteri.toInteger(): null

17-03-2025T07:05:21 - [TEST_STEP][PASSED] - pagePoteri = page.toInteger(): null

17-03-2025T07:05:21 - [TEST_STEP][PASSED] - compare = pageOtpuskVSet: null

17-03-2025T07:05:21 - [TEST_STEP][PASSED] - if (pageOtpuskVSet != null): null

17-03-2025T07:05:21 - [TEST_STEP][PASSED] - if (compare == fileOtpuskVSet): null

17-03-2025T07:05:21 - [TEST_STEP][PASSED] - else if (compare > fileOtpuskVSet): null

17-03-2025T07:05:21 - [TEST_STEP][PASSED] - else if (compare < fileOtpuskVSet): null

17-03-2025T07:05:21 - [TEST_STEP][PASSED] - compare = compare + 1: null

17-03-2025T07:05:21 - [TEST_STEP][PASSED] - if (compare == fileOtpuskVSet): null

17-03-2025T07:05:21 - [TEST_STEP][PASSED] - else: null

17-03-2025T07:05:21 - [TEST_STEP][PASSED] - numberOfErrors = numberOfErrors + 1: null

17-03-2025T07:05:21 - [TEST_STEP][PASSED] - pageInt = pageOtpuskVSet: null

17-03-2025T07:05:21 - [TEST_STEP][PASSED] - fileInt = fileOtpuskVSet: null

17-03-2025T07:05:21 - [TEST_STEP][PASSED] - typeOfData = typeOfDataMain + " Отпуск в сеть": null

17-03-2025T07:05:21 - [TEST_STEP][PASSED] - Script1718980020443.WriteToExcel(a, typeOfData, todaysDate, pageInt, fileInt, pageDouble, fileDouble, dZO): null

17-03-2025T07:05:21 - [TEST_STEP][PASSED] - sheetName = "Sheet1": null

17-03-2025T07:05:21 - [TEST_STEP][PASSED] - data = findTestData("PlanFact"): null

17-03-2025T07:05:21 - [TEST_STEP][PASSED] - n = data.getRowNumbers() + 1: null

17-03-2025T07:05:21 - [TEST_STEP][PASSED] - day = ")).toInteger(): null

17-03-2025T07:05:21 - [TEST_STEP][PASSED] - println(day): null

17-03-2025T07:05:21 - [TEST_STEP][PASSED] - month = ")).toInteger(): null

17-03-2025T07:05:21 - [TEST_STEP][PASSED] - println(month): null

17-03-2025T07:05:21 - [TEST_STEP][PASSED] - y = <not implemented yet for class: org.codehaus.groovy.ast.expr.EmptyExpression>: null

17-03-2025T07:05:21 - [TEST_STEP][PASSED] - iy = <not implemented yet for class: org.codehaus.groovy.ast.expr.EmptyExpression>: null

17-03-2025T07:05:21 - [TEST_STEP][PASSED] - m = getText(findTestObject("Выполнение бизнес-плана/Период")): Text of object 'Object Repository/Выполнение бизнес-плана/Период' is: 'Январь 2025 года'

17-03-2025T07:05:21 - [MESSAGE][PASSED] - Text of object 'Object Repository/Выполнение бизнес-плана/Период' is: 'Январь 2025 года'

17-03-2025T07:05:21 - [TEST_STEP][PASSED] - iy = m.indexOf("20"): null

17-03-2025T07:05:21 - [TEST_STEP][PASSED] - if (iy > -1): null

17-03-2025T07:05:21 - [TEST_STEP][PASSED] - y = substring(iy, iy + 4).toInteger(): null

17-03-2025T07:05:21 - [TEST_STEP][PASSED] - println(y): null

17-03-2025T07:05:21 - [TEST_STEP][PASSED] - if (toString().length() == 4): null

17-03-2025T07:05:21 - [TEST_STEP][PASSED] - m = m.substring(0, m.indexOf(y.toString())): null

17-03-2025T07:05:21 - [TEST_STEP][PASSED] - m = m.trim(): null

17-03-2025T07:05:21 - [TEST_STEP][PASSED] - if (m == ""): null

17-03-2025T07:05:21 - [TEST_STEP][PASSED] - dashboardName = "Выполнение бизнес-плана": null

17-03-2025T07:05:21 - [TEST_STEP][PASSED] - workbook01 = getWorkbook(excelFilePath): null

17-03-2025T07:05:22 - [TEST_STEP][PASSED] - sheet01 = getExcelSheet(workbook01, sheetName): null

17-03-2025T07:05:22 - [TEST_STEP][PASSED] - setValueToCellByIndex(sheet01, n, 0, dashboardName): null

17-03-2025T07:05:22 - [TEST_STEP][PASSED] - setValueToCellByIndex(sheet01, n, 1, dZO): null

17-03-2025T07:05:22 - [TEST_STEP][PASSED] - setValueToCellByIndex(sheet01, n, 2, typeOfData): null

17-03-2025T07:05:22 - [TEST_STEP][PASSED] - if (typeOfData == "Факт в процентах" || typeOfData == "План в процентах"): null

17-03-2025T07:05:22 - [TEST_STEP][PASSED] - else: null

17-03-2025T07:05:22 - [TEST_STEP][PASSED] - setValueToCellByIndex(sheet01, n, 3, fileInt): null

17-03-2025T07:05:22 - [TEST_STEP][PASSED] - setValueToCellByIndex(sheet01, n, 4, pageInt): null

17-03-2025T07:05:22 - [TEST_STEP][PASSED] - setValueToCellByIndex(sheet01, n, 5, m): null

17-03-2025T07:05:22 - [TEST_STEP][PASSED] - setValueToCellByIndex(sheet01, n, 6, y): null

17-03-2025T07:05:22 - [TEST_STEP][PASSED] - setValueToCellByIndex(sheet01, n, 7, todaysDate): null

17-03-2025T07:05:22 - [TEST_STEP][PASSED] - n = n + 1: null

17-03-2025T07:05:22 - [TEST_STEP][PASSED] - saveWorkbook(excelFilePath, workbook01): null

17-03-2025T07:05:22 - [TEST_STEP][PASSED] - compare = pagePoteri: null

17-03-2025T07:05:22 - [TEST_STEP][PASSED] - if (pageOtpuskVSet != null): null

17-03-2025T07:05:22 - [TEST_STEP][PASSED] - if (compare == filePoteri): null

17-03-2025T07:05:22 - [TEST_STEP][PASSED] - else if (compare > filePoteri): null

17-03-2025T07:05:22 - [TEST_STEP][PASSED] - else if (compare < filePoteri): null

17-03-2025T07:05:22 - [TEST_STEP][PASSED] - compare = compare + 1: null

17-03-2025T07:05:22 - [TEST_STEP][PASSED] - if (compare == filePoteri): null

17-03-2025T07:05:22 - [TEST_STEP][PASSED] - else: null

17-03-2025T07:05:22 - [TEST_STEP][PASSED] - numberOfErrors = numberOfErrors + 1: null

17-03-2025T07:05:22 - [TEST_STEP][PASSED] - pageInt = pagePoteri: null

17-03-2025T07:05:22 - [TEST_STEP][PASSED] - fileInt = filePoteri: null

17-03-2025T07:05:22 - [TEST_STEP][PASSED] - typeOfData = typeOfDataMain + " Потери": null

17-03-2025T07:05:22 - [TEST_STEP][PASSED] - Script1718980020443.WriteToExcel(a, typeOfData, todaysDate, pageInt, fileInt, pageDouble, fileDouble, dZO): null

17-03-2025T07:05:22 - [TEST_STEP][PASSED] - sheetName = "Sheet1": null

17-03-2025T07:05:22 - [TEST_STEP][PASSED] - data = findTestData("PlanFact"): null

17-03-2025T07:05:22 - [TEST_STEP][PASSED] - n = data.getRowNumbers() + 1: null

17-03-2025T07:05:22 - [TEST_STEP][PASSED] - day = ")).toInteger(): null

17-03-2025T07:05:22 - [TEST_STEP][PASSED] - println(day): null

17-03-2025T07:05:22 - [TEST_STEP][PASSED] - month = ")).toInteger(): null

17-03-2025T07:05:22 - [TEST_STEP][PASSED] - println(month): null

17-03-2025T07:05:22 - [TEST_STEP][PASSED] - y = <not implemented yet for class: org.codehaus.groovy.ast.expr.EmptyExpression>: null

17-03-2025T07:05:22 - [TEST_STEP][PASSED] - iy = <not implemented yet for class: org.codehaus.groovy.ast.expr.EmptyExpression>: null

17-03-2025T07:05:22 - [TEST_STEP][PASSED] - m = getText(findTestObject("Выполнение бизнес-плана/Период")): Text of object 'Object Repository/Выполнение бизнес-плана/Период' is: 'Январь 2025 года'

17-03-2025T07:05:22 - [MESSAGE][PASSED] - Text of object 'Object Repository/Выполнение бизнес-плана/Период' is: 'Январь 2025 года'

17-03-2025T07:05:22 - [TEST_STEP][PASSED] - iy = m.indexOf("20"): null

17-03-2025T07:05:22 - [TEST_STEP][PASSED] - if (iy > -1): null

17-03-2025T07:05:22 - [TEST_STEP][PASSED] - y = substring(iy, iy + 4).toInteger(): null

17-03-2025T07:05:22 - [TEST_STEP][PASSED] - println(y): null

17-03-2025T07:05:22 - [TEST_STEP][PASSED] - if (toString().length() == 4): null

17-03-2025T07:05:22 - [TEST_STEP][PASSED] - m = m.substring(0, m.indexOf(y.toString())): null

17-03-2025T07:05:22 - [TEST_STEP][PASSED] - m = m.trim(): null

17-03-2025T07:05:22 - [TEST_STEP][PASSED] - if (m == ""): null

17-03-2025T07:05:22 - [TEST_STEP][PASSED] - dashboardName = "Выполнение бизнес-плана": null

17-03-2025T07:05:22 - [TEST_STEP][PASSED] - workbook01 = getWorkbook(excelFilePath): null

17-03-2025T07:05:22 - [TEST_STEP][PASSED] - sheet01 = getExcelSheet(workbook01, sheetName): null

17-03-2025T07:05:22 - [TEST_STEP][PASSED] - setValueToCellByIndex(sheet01, n, 0, dashboardName): null

17-03-2025T07:05:22 - [TEST_STEP][PASSED] - setValueToCellByIndex(sheet01, n, 1, dZO): null

17-03-2025T07:05:22 - [TEST_STEP][PASSED] - setValueToCellByIndex(sheet01, n, 2, typeOfData): null

17-03-2025T07:05:22 - [TEST_STEP][PASSED] - if (typeOfData == "Факт в процентах" || typeOfData == "План в процентах"): null

17-03-2025T07:05:22 - [TEST_STEP][PASSED] - else: null

17-03-2025T07:05:22 - [TEST_STEP][PASSED] - setValueToCellByIndex(sheet01, n, 3, fileInt): null

17-03-2025T07:05:22 - [TEST_STEP][PASSED] - setValueToCellByIndex(sheet01, n, 4, pageInt): null

17-03-2025T07:05:22 - [TEST_STEP][PASSED] - setValueToCellByIndex(sheet01, n, 5, m): null

17-03-2025T07:05:22 - [TEST_STEP][PASSED] - setValueToCellByIndex(sheet01, n, 6, y): null

17-03-2025T07:05:22 - [TEST_STEP][PASSED] - setValueToCellByIndex(sheet01, n, 7, todaysDate): null

17-03-2025T07:05:22 - [TEST_STEP][PASSED] - n = n + 1: null

17-03-2025T07:05:22 - [TEST_STEP][PASSED] - saveWorkbook(excelFilePath, workbook01): Object: 'Object Repository/Выполнение бизнес-плана/Кнопка Факт' is clicked on

17-03-2025T07:05:22 - [TEST_STEP][PASSED] - if (planFact == 2): Object: 'Object Repository/Выполнение бизнес-плана/Кнопка Факт' is clicked on

17-03-2025T07:05:22 - [TEST_STEP][PASSED] - click(findTestObject("Выполнение бизнес-плана/Кнопка Факт")): Object: 'Object Repository/Выполнение бизнес-плана/Кнопка Факт' is clicked on

17-03-2025T07:05:23 - [MESSAGE][PASSED] - Object: 'Object Repository/Выполнение бизнес-плана/Кнопка Факт' is clicked on

17-03-2025T07:05:23 - [TEST_STEP][PASSED] - println("a=" + a): null

17-03-2025T07:05:23 - [TEST_STEP][PASSED] - if (a == 84 || a == 82): null

17-03-2025T07:05:23 - [TEST_STEP][PASSED] - else if (a == 83 || a == 52 || a == 72 || a == 28 || a == 73 || a == 77 || a == 74 || a == 65 || a == 36 || a == 44 || a == 53 || a == 80 || a == 54 || a == 1 || a == 18 || a == 59 || a == 81): null

17-03-2025T07:05:23 - [TEST_STEP][PASSED] - else: null

17-03-2025T07:05:23 - [TEST_STEP][PASSED] - page1 = getText(findTestObject("Object Repository/Выполнение бизнес-плана/spanPlan" + filialNum)): Text of object 'Object Repository/Выполнение бизнес-плана/spanPlan7' is: '5.44
|'

17-03-2025T07:05:23 - [MESSAGE][PASSED] - Text of object 'Object Repository/Выполнение бизнес-плана/spanPlan7' is: '5.44
|'

17-03-2025T07:05:23 - [TEST_STEP][PASSED] - page1 = page1.replace("|", ""): null

17-03-2025T07:05:23 - [TEST_STEP][PASSED] - page2 = getText(findTestObject("Object Repository/Выполнение бизнес-плана/spanFact" + filialNum)): Text of object 'Object Repository/Выполнение бизнес-плана/spanFact7' is: '3.73
|'

17-03-2025T07:05:23 - [MESSAGE][PASSED] - Text of object 'Object Repository/Выполнение бизнес-плана/spanFact7' is: '3.73
|'

17-03-2025T07:05:23 - [TEST_STEP][PASSED] - page2 = page2.replace("|", ""): null

17-03-2025T07:05:23 - [TEST_STEP][PASSED] - println("page1: " + page1): null

17-03-2025T07:05:23 - [TEST_STEP][PASSED] - println("page2: " + page2): null

17-03-2025T07:05:23 - [TEST_STEP][PASSED] - file = findTestData("PlanFact").getValue(4, a): null

17-03-2025T07:05:23 - [TEST_STEP][PASSED] - file = file.replace(",", "."): null

17-03-2025T07:05:23 - [TEST_STEP][PASSED] - println("file Plan: " + file): null

17-03-2025T07:05:23 - [TEST_STEP][PASSED] - typeOfData = "План в процентах": null

17-03-2025T07:05:23 - [TEST_STEP][PASSED] - fileDouble = file.toDouble(): null

17-03-2025T07:05:23 - [TEST_STEP][PASSED] - pageDouble = page1.toDouble(): null

17-03-2025T07:05:23 - [TEST_STEP][PASSED] - if (fileDouble != pageDouble): null

17-03-2025T07:05:23 - [TEST_STEP][PASSED] - numberOfErrors = numberOfErrors + 1: null

17-03-2025T07:05:23 - [TEST_STEP][PASSED] - Script1718980020443.WriteToExcel(a, typeOfData, todaysDate, pageInt, fileInt, pageDouble, fileDouble, dZO): null

17-03-2025T07:05:23 - [TEST_STEP][PASSED] - sheetName = "Sheet1": null

17-03-2025T07:05:23 - [TEST_STEP][PASSED] - data = findTestData("PlanFact"): null

17-03-2025T07:05:23 - [TEST_STEP][PASSED] - n = data.getRowNumbers() + 1: null

17-03-2025T07:05:23 - [TEST_STEP][PASSED] - day = ")).toInteger(): null

17-03-2025T07:05:23 - [TEST_STEP][PASSED] - println(day): null

17-03-2025T07:05:23 - [TEST_STEP][PASSED] - month = ")).toInteger(): null

17-03-2025T07:05:23 - [TEST_STEP][PASSED] - println(month): null

17-03-2025T07:05:23 - [TEST_STEP][PASSED] - y = <not implemented yet for class: org.codehaus.groovy.ast.expr.EmptyExpression>: null

17-03-2025T07:05:23 - [TEST_STEP][PASSED] - iy = <not implemented yet for class: org.codehaus.groovy.ast.expr.EmptyExpression>: null

17-03-2025T07:05:23 - [TEST_STEP][PASSED] - m = getText(findTestObject("Выполнение бизнес-плана/Период")): Text of object 'Object Repository/Выполнение бизнес-плана/Период' is: 'Январь 2025 года'

17-03-2025T07:05:24 - [MESSAGE][PASSED] - Text of object 'Object Repository/Выполнение бизнес-плана/Период' is: 'Январь 2025 года'

17-03-2025T07:05:24 - [TEST_STEP][PASSED] - iy = m.indexOf("20"): null

17-03-2025T07:05:24 - [TEST_STEP][PASSED] - if (iy > -1): null

17-03-2025T07:05:24 - [TEST_STEP][PASSED] - y = substring(iy, iy + 4).toInteger(): null

17-03-2025T07:05:24 - [TEST_STEP][PASSED] - println(y): null

17-03-2025T07:05:24 - [TEST_STEP][PASSED] - if (toString().length() == 4): null

17-03-2025T07:05:24 - [TEST_STEP][PASSED] - m = m.substring(0, m.indexOf(y.toString())): null

17-03-2025T07:05:24 - [TEST_STEP][PASSED] - m = m.trim(): null

17-03-2025T07:05:24 - [TEST_STEP][PASSED] - if (m == ""): null

17-03-2025T07:05:24 - [TEST_STEP][PASSED] - dashboardName = "Выполнение бизнес-плана": null

17-03-2025T07:05:24 - [TEST_STEP][PASSED] - workbook01 = getWorkbook(excelFilePath): null

17-03-2025T07:05:24 - [TEST_STEP][PASSED] - sheet01 = getExcelSheet(workbook01, sheetName): null

17-03-2025T07:05:24 - [TEST_STEP][PASSED] - setValueToCellByIndex(sheet01, n, 0, dashboardName): null

17-03-2025T07:05:24 - [TEST_STEP][PASSED] - setValueToCellByIndex(sheet01, n, 1, dZO): null

17-03-2025T07:05:24 - [TEST_STEP][PASSED] - setValueToCellByIndex(sheet01, n, 2, typeOfData): null

17-03-2025T07:05:24 - [TEST_STEP][PASSED] - if (typeOfData == "Факт в процентах" || typeOfData == "План в процентах"): null

17-03-2025T07:05:24 - [TEST_STEP][PASSED] - setValueToCellByIndex(sheet01, n, 3, fileDouble): null

17-03-2025T07:05:24 - [TEST_STEP][PASSED] - setValueToCellByIndex(sheet01, n, 4, pageDouble): null

17-03-2025T07:05:24 - [TEST_STEP][PASSED] - setValueToCellByIndex(sheet01, n, 5, m): null

17-03-2025T07:05:24 - [TEST_STEP][PASSED] - setValueToCellByIndex(sheet01, n, 6, y): null

17-03-2025T07:05:24 - [TEST_STEP][PASSED] - setValueToCellByIndex(sheet01, n, 7, todaysDate): null

17-03-2025T07:05:24 - [TEST_STEP][PASSED] - n = n + 1: null

17-03-2025T07:05:24 - [TEST_STEP][PASSED] - saveWorkbook(excelFilePath, workbook01): null

17-03-2025T07:05:24 - [TEST_STEP][PASSED] - file = findTestData("PlanFact").getValue(7, a): null

17-03-2025T07:05:24 - [TEST_STEP][PASSED] - file = file.replace(",", "."): null

17-03-2025T07:05:24 - [TEST_STEP][PASSED] - println("file Fact: " + file): null

17-03-2025T07:05:24 - [TEST_STEP][PASSED] - fileDouble = file.toDouble(): null

17-03-2025T07:05:24 - [TEST_STEP][PASSED] - typeOfData = "Факт в процентах": null

17-03-2025T07:05:24 - [TEST_STEP][PASSED] - fileDouble = file.toDouble(): null

17-03-2025T07:05:24 - [TEST_STEP][PASSED] - pageDouble = page2.toDouble(): null

17-03-2025T07:05:24 - [TEST_STEP][PASSED] - if (fileDouble != pageDouble): null

17-03-2025T07:05:24 - [TEST_STEP][PASSED] - numberOfErrors = numberOfErrors + 1: null

17-03-2025T07:05:24 - [TEST_STEP][PASSED] - Script1718980020443.WriteToExcel(a, typeOfData, todaysDate, pageInt, fileInt, pageDouble, fileDouble, dZO): null

17-03-2025T07:05:24 - [TEST_STEP][PASSED] - sheetName = "Sheet1": null

17-03-2025T07:05:24 - [TEST_STEP][PASSED] - data = findTestData("PlanFact"): null

17-03-2025T07:05:24 - [TEST_STEP][PASSED] - n = data.getRowNumbers() + 1: null

17-03-2025T07:05:24 - [TEST_STEP][PASSED] - day = ")).toInteger(): null

17-03-2025T07:05:24 - [TEST_STEP][PASSED] - println(day): null

17-03-2025T07:05:24 - [TEST_STEP][PASSED] - month = ")).toInteger(): null

17-03-2025T07:05:24 - [TEST_STEP][PASSED] - println(month): null

17-03-2025T07:05:24 - [TEST_STEP][PASSED] - y = <not implemented yet for class: org.codehaus.groovy.ast.expr.EmptyExpression>: null

17-03-2025T07:05:24 - [TEST_STEP][PASSED] - iy = <not implemented yet for class: org.codehaus.groovy.ast.expr.EmptyExpression>: null

17-03-2025T07:05:24 - [TEST_STEP][PASSED] - m = getText(findTestObject("Выполнение бизнес-плана/Период")): Text of object 'Object Repository/Выполнение бизнес-плана/Период' is: 'Январь 2025 года'

17-03-2025T07:05:24 - [MESSAGE][PASSED] - Text of object 'Object Repository/Выполнение бизнес-плана/Период' is: 'Январь 2025 года'

17-03-2025T07:05:24 - [TEST_STEP][PASSED] - iy = m.indexOf("20"): null

17-03-2025T07:05:24 - [TEST_STEP][PASSED] - if (iy > -1): null

17-03-2025T07:05:24 - [TEST_STEP][PASSED] - y = substring(iy, iy + 4).toInteger(): null

17-03-2025T07:05:24 - [TEST_STEP][PASSED] - println(y): null

17-03-2025T07:05:24 - [TEST_STEP][PASSED] - if (toString().length() == 4): null

17-03-2025T07:05:24 - [TEST_STEP][PASSED] - m = m.substring(0, m.indexOf(y.toString())): null

17-03-2025T07:05:24 - [TEST_STEP][PASSED] - m = m.trim(): null

17-03-2025T07:05:24 - [TEST_STEP][PASSED] - if (m == ""): null

17-03-2025T07:05:24 - [TEST_STEP][PASSED] - dashboardName = "Выполнение бизнес-плана": null

17-03-2025T07:05:24 - [TEST_STEP][PASSED] - workbook01 = getWorkbook(excelFilePath): null

17-03-2025T07:05:24 - [TEST_STEP][PASSED] - sheet01 = getExcelSheet(workbook01, sheetName): null

17-03-2025T07:05:24 - [TEST_STEP][PASSED] - setValueToCellByIndex(sheet01, n, 0, dashboardName): null

17-03-2025T07:05:24 - [TEST_STEP][PASSED] - setValueToCellByIndex(sheet01, n, 1, dZO): null

17-03-2025T07:05:24 - [TEST_STEP][PASSED] - setValueToCellByIndex(sheet01, n, 2, typeOfData): null

17-03-2025T07:05:24 - [TEST_STEP][PASSED] - if (typeOfData == "Факт в процентах" || typeOfData == "План в процентах"): null

17-03-2025T07:05:24 - [TEST_STEP][PASSED] - setValueToCellByIndex(sheet01, n, 3, fileDouble): null

17-03-2025T07:05:24 - [TEST_STEP][PASSED] - setValueToCellByIndex(sheet01, n, 4, pageDouble): null

17-03-2025T07:05:24 - [TEST_STEP][PASSED] - setValueToCellByIndex(sheet01, n, 5, m): null

17-03-2025T07:05:24 - [TEST_STEP][PASSED] - setValueToCellByIndex(sheet01, n, 6, y): null

17-03-2025T07:05:24 - [TEST_STEP][PASSED] - setValueToCellByIndex(sheet01, n, 7, todaysDate): null

17-03-2025T07:05:24 - [TEST_STEP][PASSED] - n = n + 1: null

17-03-2025T07:05:24 - [TEST_STEP][PASSED] - saveWorkbook(excelFilePath, workbook01): null

17-03-2025T07:05:25 - [TEST_STEP][FAILED] - if (verifyEqual(numberOfErrors, 0) == false): null

17-03-2025T07:05:25 - [MESSAGE][FAILED] - Unable to verify equal between actual object '6' and expected object '0' (Root cause: com.kms.katalon.core.exception.StepFailedException: Actual object '6' and expected object '0' are not equal
	at com.kms.katalon.core.keyword.builtin.VerifyEqualKeyword$_verifyEqual_closure1.doCall(VerifyEqualKeyword.groovy:58)
	at com.kms.katalon.core.keyword.builtin.VerifyEqualKeyword$_verifyEqual_closure1.call(VerifyEqualKeyword.groovy)
	at com.kms.katalon.core.keyword.internal.KeywordMain.runKeyword(KeywordMain.groovy:75)
	at com.kms.katalon.core.keyword.builtin.VerifyEqualKeyword.verifyEqual(VerifyEqualKeyword.groovy:63)
	at com.kms.katalon.core.keyword.builtin.VerifyEqualKeyword.execute(VerifyEqualKeyword.groovy:44)
	at com.kms.katalon.core.keyword.internal.KeywordExecutor.executeKeywordForPlatform(KeywordExecutor.groovy:74)
	at com.kms.katalon.core.keyword.BuiltinKeywords.verifyEqual(BuiltinKeywords.groovy:146)
	at jdk.internal.reflect.GeneratedMethodAccessor23.invoke(Unknown Source)
	at java.base/jdk.internal.reflect.DelegatingMethodAccessorImpl.invoke(DelegatingMethodAccessorImpl.java:43)
	at Выполнение бизнес-плана Сверка ПАО Россети все филиалы.Numbers(Выполнение бизнес-плана Сверка ПАО Россети все филиалы:744)
	at Выполнение бизнес-плана Сверка ПАО Россети все филиалы.Filials(Выполнение бизнес-плана Сверка ПАО Россети все филиалы:1555)
	at Выполнение бизнес-плана Сверка ПАО Россети все филиалы.Numbers(Выполнение бизнес-плана Сверка ПАО Россети все филиалы:751)
	at Выполнение бизнес-плана Сверка ПАО Россети все филиалы.run(Выполнение бизнес-плана Сверка ПАО Россети все филиалы:301)
	at com.kms.katalon.core.main.ScriptEngine.run(ScriptEngine.java:194)
	at com.kms.katalon.core.main.ScriptEngine.runScriptAsRawText(ScriptEngine.java:119)
	at com.kms.katalon.core.main.TestCaseExecutor.runScript(TestCaseExecutor.java:448)
	at com.kms.katalon.core.main.TestCaseExecutor.doExecute(TestCaseExecutor.java:439)
	at com.kms.katalon.core.main.TestCaseExecutor.processExecutionPhase(TestCaseExecutor.java:418)
	at com.kms.katalon.core.main.TestCaseExecutor.accessMainPhase(TestCaseExecutor.java:410)
	at com.kms.katalon.core.main.TestCaseExecutor.execute(TestCaseExecutor.java:285)
	at com.kms.katalon.core.common.CommonExecutor.accessTestCaseMainPhase(CommonExecutor.java:65)
	at com.kms.katalon.core.main.TestSuiteExecutor.accessTestSuiteMainPhase(TestSuiteExecutor.java:150)
	at com.kms.katalon.core.main.TestSuiteExecutor.execute(TestSuiteExecutor.java:106)
	at com.kms.katalon.core.main.TestCaseMain.startTestSuite(TestCaseMain.java:180)
	at TempTestSuite1742171011514.run(TempTestSuite1742171011514.groovy:35)
	at java.base/jdk.internal.reflect.NativeMethodAccessorImpl.invoke0(Native Method)
	at java.base/jdk.internal.reflect.NativeMethodAccessorImpl.invoke(NativeMethodAccessorImpl.java:77)
	at java.base/jdk.internal.reflect.DelegatingMethodAccessorImpl.invoke(DelegatingMethodAccessorImpl.java:43)
)

17-03-2025T07:05:25 - [TEST_STEP][PASSED] - println(numberOfErrors): null

17-03-2025T07:05:25 - [TEST_STEP][PASSED] - println("a=" + a): null

17-03-2025T07:05:25 - [TEST_STEP][PASSED] - if (a == 28 || a == 77 || a == 74 || a == 65 || a == 36 || a == 44 || a == 54 || a == 1 || a == 18 || a == 59): null

17-03-2025T07:05:25 - [TEST_STEP][PASSED] - if (a == 82): null

17-03-2025T07:05:25 - [TEST_STEP][PASSED] - filialNum = 0: null

17-03-2025T07:05:25 - [TEST_STEP][PASSED] - if (a == 44): null

17-03-2025T07:05:25 - [TEST_STEP][PASSED] - if (a == 54): null

17-03-2025T07:05:25 - [TEST_STEP][PASSED] - if (a == 59): null

17-03-2025T07:05:25 - [TEST_STEP][PASSED] - Script1718980020443.OpenFilter(): null

17-03-2025T07:05:25 - [TEST_STEP][PASSED] - click(findTestObject("Object Repository/Выполнение бизнес-плана/Фильтр ДЗО")): Object: 'Object Repository/Выполнение бизнес-плана/Фильтр ДЗО' is clicked on

17-03-2025T07:05:25 - [MESSAGE][PASSED] - Object: 'Object Repository/Выполнение бизнес-плана/Фильтр ДЗО' is clicked on

17-03-2025T07:05:25 - [TEST_STEP][PASSED] - click(findTestObject("Выполнение бизнес-плана/Снять выделение в фильтре ДЗО")): Object: 'Object Repository/Выполнение бизнес-плана/Снять выделение в фильтре ДЗО' is clicked on

17-03-2025T07:05:26 - [MESSAGE][PASSED] - Object: 'Object Repository/Выполнение бизнес-плана/Снять выделение в фильтре ДЗО' is clicked on

17-03-2025T07:05:26 - [TEST_STEP][PASSED] - Script1718980020443.CloseFilter(): null

17-03-2025T07:05:26 - [TEST_STEP][PASSED] - scrollToElement(findTestObject("Выполнение бизнес-плана/Заголовок дашборда"), 30): Scroll to object 'Object Repository/Выполнение бизнес-плана/Заголовок дашборда' successfully

17-03-2025T07:05:26 - [MESSAGE][PASSED] - Scroll to object 'Object Repository/Выполнение бизнес-плана/Заголовок дашборда' successfully

17-03-2025T07:05:26 - [TEST_STEP][PASSED] - click(findTestObject("Object Repository/Выполнение бизнес-плана/Применить в фильтре ДЗО")): Object: 'Object Repository/Выполнение бизнес-плана/Применить в фильтре ДЗО' is clicked on

17-03-2025T07:05:27 - [MESSAGE][PASSED] - Object: 'Object Repository/Выполнение бизнес-плана/Применить в фильтре ДЗО' is clicked on

17-03-2025T07:05:27 - [TEST_STEP][PASSED] - delay(60): Delayed 60 second(s)

17-03-2025T07:06:27 - [MESSAGE][PASSED] - Delayed 60 second(s)

17-03-2025T07:06:27 - [TEST_STEP][PASSED] - if (a == 82): null

17-03-2025T07:06:27 - [TEST_STEP][PASSED] - println(dzoNum): null

17-03-2025T07:06:27 - [TEST_STEP][PASSED] - dZO = "Россети Сибирь": null

17-03-2025T07:06:27 - [TEST_STEP][PASSED] - a = 44: null

17-03-2025T07:06:27 - [TEST_STEP][PASSED] - if (x1.contains("Сибирь")): null

17-03-2025T07:06:27 - [TEST_STEP][PASSED] - else: null

17-03-2025T07:06:27 - [TEST_STEP][PASSED] - Script1718980020443.NoData(a, typeOfData, todaysDate, fileInt, fileDouble, dZO): null

17-03-2025T07:06:27 - [TEST_STEP][PASSED] - println(a): null

17-03-2025T07:06:27 - [TEST_STEP][PASSED] - println(todaysDate): null

17-03-2025T07:06:27 - [TEST_STEP][PASSED] - println(fileInt): null

17-03-2025T07:06:27 - [TEST_STEP][PASSED] - println(fileDouble): null

17-03-2025T07:06:27 - [TEST_STEP][PASSED] - println(dZO): null

17-03-2025T07:06:27 - [TEST_STEP][PASSED] - typeOfData = "Факт Отпуск в сеть": null

17-03-2025T07:06:27 - [TEST_STEP][PASSED] - fileInt = replaceAll("\s+", "").toInteger(): null

17-03-2025T07:06:27 - [TEST_STEP][PASSED] - Script1718980020443.WriteToExcelNoData(a, typeOfData, todaysDate, fileInt, fileDouble, dZO): null

17-03-2025T07:06:27 - [TEST_STEP][PASSED] - sheetName = "Sheet1": null

17-03-2025T07:06:27 - [TEST_STEP][PASSED] - data = findTestData("PlanFact"): null

17-03-2025T07:06:27 - [TEST_STEP][PASSED] - n = data.getRowNumbers() + 1: null

17-03-2025T07:06:27 - [TEST_STEP][PASSED] - day = ")).toInteger(): null

17-03-2025T07:06:27 - [TEST_STEP][PASSED] - println(day): null

17-03-2025T07:06:27 - [TEST_STEP][PASSED] - month = ")).toInteger(): null

17-03-2025T07:06:27 - [TEST_STEP][PASSED] - println(month): null

17-03-2025T07:06:27 - [TEST_STEP][PASSED] - y = <not implemented yet for class: org.codehaus.groovy.ast.expr.EmptyExpression>: null

17-03-2025T07:06:27 - [TEST_STEP][PASSED] - iy = <not implemented yet for class: org.codehaus.groovy.ast.expr.EmptyExpression>: null

17-03-2025T07:06:27 - [TEST_STEP][PASSED] - m = getText(findTestObject("Выполнение бизнес-плана/Период")): Text of object 'Object Repository/Выполнение бизнес-плана/Период' is: 'Январь 2025 года'

17-03-2025T07:06:27 - [MESSAGE][PASSED] - Text of object 'Object Repository/Выполнение бизнес-плана/Период' is: 'Январь 2025 года'

17-03-2025T07:06:27 - [TEST_STEP][PASSED] - iy = m.indexOf("20"): null

17-03-2025T07:06:27 - [TEST_STEP][PASSED] - if (iy > -1): null

17-03-2025T07:06:27 - [TEST_STEP][PASSED] - y = substring(iy, iy + 4).toInteger(): null

17-03-2025T07:06:27 - [TEST_STEP][PASSED] - println(y): null

17-03-2025T07:06:27 - [TEST_STEP][PASSED] - if (toString().length() == 4): null

17-03-2025T07:06:27 - [TEST_STEP][PASSED] - m = m.substring(0, m.indexOf(y.toString())): null

17-03-2025T07:06:27 - [TEST_STEP][PASSED] - m = m.trim(): null

17-03-2025T07:06:27 - [TEST_STEP][PASSED] - if (m == ""): null

17-03-2025T07:06:27 - [TEST_STEP][PASSED] - dashboardName = "Выполнение бизнес-плана": null

17-03-2025T07:06:27 - [TEST_STEP][PASSED] - workbook01 = getWorkbook(excelFilePath): null

17-03-2025T07:06:27 - [TEST_STEP][PASSED] - sheet01 = getExcelSheet(workbook01, sheetName): null

17-03-2025T07:06:27 - [TEST_STEP][PASSED] - setValueToCellByIndex(sheet01, n, 0, dashboardName): null

17-03-2025T07:06:27 - [TEST_STEP][PASSED] - setValueToCellByIndex(sheet01, n, 1, dZO): null

17-03-2025T07:06:27 - [TEST_STEP][PASSED] - setValueToCellByIndex(sheet01, n, 2, typeOfData): null

17-03-2025T07:06:27 - [TEST_STEP][PASSED] - if (typeOfData == "Факт в процентах" || typeOfData == "План в процентах"): null

17-03-2025T07:06:27 - [TEST_STEP][PASSED] - else: null

17-03-2025T07:06:27 - [TEST_STEP][PASSED] - setValueToCellByIndex(sheet01, n, 3, fileInt): null

17-03-2025T07:06:27 - [TEST_STEP][PASSED] - setValueToCellByIndex(sheet01, n, 4, "нет данных"): null

17-03-2025T07:06:27 - [TEST_STEP][PASSED] - setValueToCellByIndex(sheet01, n, 5, m): null

17-03-2025T07:06:27 - [TEST_STEP][PASSED] - setValueToCellByIndex(sheet01, n, 6, y): null

17-03-2025T07:06:27 - [TEST_STEP][PASSED] - setValueToCellByIndex(sheet01, n, 7, todaysDate): null

17-03-2025T07:06:27 - [TEST_STEP][PASSED] - n = n + 1: null

17-03-2025T07:06:27 - [TEST_STEP][PASSED] - saveWorkbook(excelFilePath, workbook01): null

17-03-2025T07:06:28 - [TEST_STEP][PASSED] - typeOfData = "Факт Потери": null

17-03-2025T07:06:28 - [TEST_STEP][PASSED] - fileInt = replaceAll("\s+", "").toInteger(): null

17-03-2025T07:06:28 - [TEST_STEP][PASSED] - Script1718980020443.WriteToExcelNoData(a, typeOfData, todaysDate, fileInt, fileDouble, dZO): null

17-03-2025T07:06:28 - [TEST_STEP][PASSED] - sheetName = "Sheet1": null

17-03-2025T07:06:28 - [TEST_STEP][PASSED] - data = findTestData("PlanFact"): null

17-03-2025T07:06:28 - [TEST_STEP][PASSED] - n = data.getRowNumbers() + 1: null

17-03-2025T07:06:28 - [TEST_STEP][PASSED] - day = ")).toInteger(): null

17-03-2025T07:06:28 - [TEST_STEP][PASSED] - println(day): null

17-03-2025T07:06:28 - [TEST_STEP][PASSED] - month = ")).toInteger(): null

17-03-2025T07:06:28 - [TEST_STEP][PASSED] - println(month): null

17-03-2025T07:06:28 - [TEST_STEP][PASSED] - y = <not implemented yet for class: org.codehaus.groovy.ast.expr.EmptyExpression>: null

17-03-2025T07:06:28 - [TEST_STEP][PASSED] - iy = <not implemented yet for class: org.codehaus.groovy.ast.expr.EmptyExpression>: null

17-03-2025T07:06:28 - [TEST_STEP][PASSED] - m = getText(findTestObject("Выполнение бизнес-плана/Период")): Text of object 'Object Repository/Выполнение бизнес-плана/Период' is: 'Январь 2025 года'

17-03-2025T07:06:28 - [MESSAGE][PASSED] - Text of object 'Object Repository/Выполнение бизнес-плана/Период' is: 'Январь 2025 года'

17-03-2025T07:06:28 - [TEST_STEP][PASSED] - iy = m.indexOf("20"): null

17-03-2025T07:06:28 - [TEST_STEP][PASSED] - if (iy > -1): null

17-03-2025T07:06:28 - [TEST_STEP][PASSED] - y = substring(iy, iy + 4).toInteger(): null

17-03-2025T07:06:28 - [TEST_STEP][PASSED] - println(y): null

17-03-2025T07:06:28 - [TEST_STEP][PASSED] - if (toString().length() == 4): null

17-03-2025T07:06:28 - [TEST_STEP][PASSED] - m = m.substring(0, m.indexOf(y.toString())): null

17-03-2025T07:06:28 - [TEST_STEP][PASSED] - m = m.trim(): null

17-03-2025T07:06:28 - [TEST_STEP][PASSED] - if (m == ""): null

17-03-2025T07:06:28 - [TEST_STEP][PASSED] - dashboardName = "Выполнение бизнес-плана": null

17-03-2025T07:06:28 - [TEST_STEP][PASSED] - workbook01 = getWorkbook(excelFilePath): null

17-03-2025T07:06:28 - [TEST_STEP][PASSED] - sheet01 = getExcelSheet(workbook01, sheetName): null

17-03-2025T07:06:28 - [TEST_STEP][PASSED] - setValueToCellByIndex(sheet01, n, 0, dashboardName): null

17-03-2025T07:06:28 - [TEST_STEP][PASSED] - setValueToCellByIndex(sheet01, n, 1, dZO): null

17-03-2025T07:06:28 - [TEST_STEP][PASSED] - setValueToCellByIndex(sheet01, n, 2, typeOfData): null

17-03-2025T07:06:28 - [TEST_STEP][PASSED] - if (typeOfData == "Факт в процентах" || typeOfData == "План в процентах"): null

17-03-2025T07:06:28 - [TEST_STEP][PASSED] - else: null

17-03-2025T07:06:28 - [TEST_STEP][PASSED] - setValueToCellByIndex(sheet01, n, 3, fileInt): null

17-03-2025T07:06:28 - [TEST_STEP][PASSED] - setValueToCellByIndex(sheet01, n, 4, "нет данных"): null

17-03-2025T07:06:28 - [TEST_STEP][PASSED] - setValueToCellByIndex(sheet01, n, 5, m): null

17-03-2025T07:06:28 - [TEST_STEP][PASSED] - setValueToCellByIndex(sheet01, n, 6, y): null

17-03-2025T07:06:28 - [TEST_STEP][PASSED] - setValueToCellByIndex(sheet01, n, 7, todaysDate): null

17-03-2025T07:06:28 - [TEST_STEP][PASSED] - n = n + 1: null

17-03-2025T07:06:28 - [TEST_STEP][PASSED] - saveWorkbook(excelFilePath, workbook01): null

17-03-2025T07:06:28 - [TEST_STEP][PASSED] - typeOfData = "План Отпуск в сеть": null

17-03-2025T07:06:28 - [TEST_STEP][PASSED] - fileInt = replaceAll("\s+", "").toInteger(): null

17-03-2025T07:06:28 - [TEST_STEP][PASSED] - Script1718980020443.WriteToExcelNoData(a, typeOfData, todaysDate, fileInt, fileDouble, dZO): null

17-03-2025T07:06:28 - [TEST_STEP][PASSED] - sheetName = "Sheet1": null

17-03-2025T07:06:28 - [TEST_STEP][PASSED] - data = findTestData("PlanFact"): null

17-03-2025T07:06:28 - [TEST_STEP][PASSED] - n = data.getRowNumbers() + 1: null

17-03-2025T07:06:28 - [TEST_STEP][PASSED] - day = ")).toInteger(): null

17-03-2025T07:06:28 - [TEST_STEP][PASSED] - println(day): null

17-03-2025T07:06:28 - [TEST_STEP][PASSED] - month = ")).toInteger(): null

17-03-2025T07:06:28 - [TEST_STEP][PASSED] - println(month): null

17-03-2025T07:06:28 - [TEST_STEP][PASSED] - y = <not implemented yet for class: org.codehaus.groovy.ast.expr.EmptyExpression>: null

17-03-2025T07:06:28 - [TEST_STEP][PASSED] - iy = <not implemented yet for class: org.codehaus.groovy.ast.expr.EmptyExpression>: null

17-03-2025T07:06:28 - [TEST_STEP][PASSED] - m = getText(findTestObject("Выполнение бизнес-плана/Период")): Text of object 'Object Repository/Выполнение бизнес-плана/Период' is: 'Январь 2025 года'

17-03-2025T07:06:29 - [MESSAGE][PASSED] - Text of object 'Object Repository/Выполнение бизнес-плана/Период' is: 'Январь 2025 года'

17-03-2025T07:06:29 - [TEST_STEP][PASSED] - iy = m.indexOf("20"): null

17-03-2025T07:06:29 - [TEST_STEP][PASSED] - if (iy > -1): null

17-03-2025T07:06:29 - [TEST_STEP][PASSED] - y = substring(iy, iy + 4).toInteger(): null

17-03-2025T07:06:29 - [TEST_STEP][PASSED] - println(y): null

17-03-2025T07:06:29 - [TEST_STEP][PASSED] - if (toString().length() == 4): null

17-03-2025T07:06:29 - [TEST_STEP][PASSED] - m = m.substring(0, m.indexOf(y.toString())): null

17-03-2025T07:06:29 - [TEST_STEP][PASSED] - m = m.trim(): null

17-03-2025T07:06:29 - [TEST_STEP][PASSED] - if (m == ""): null

17-03-2025T07:06:29 - [TEST_STEP][PASSED] - dashboardName = "Выполнение бизнес-плана": null

17-03-2025T07:06:29 - [TEST_STEP][PASSED] - workbook01 = getWorkbook(excelFilePath): null

17-03-2025T07:06:29 - [TEST_STEP][PASSED] - sheet01 = getExcelSheet(workbook01, sheetName): null

17-03-2025T07:06:29 - [TEST_STEP][PASSED] - setValueToCellByIndex(sheet01, n, 0, dashboardName): null

17-03-2025T07:06:29 - [TEST_STEP][PASSED] - setValueToCellByIndex(sheet01, n, 1, dZO): null

17-03-2025T07:06:29 - [TEST_STEP][PASSED] - setValueToCellByIndex(sheet01, n, 2, typeOfData): null

17-03-2025T07:06:29 - [TEST_STEP][PASSED] - if (typeOfData == "Факт в процентах" || typeOfData == "План в процентах"): null

17-03-2025T07:06:29 - [TEST_STEP][PASSED] - else: null

17-03-2025T07:06:29 - [TEST_STEP][PASSED] - setValueToCellByIndex(sheet01, n, 3, fileInt): null

17-03-2025T07:06:29 - [TEST_STEP][PASSED] - setValueToCellByIndex(sheet01, n, 4, "нет данных"): null

17-03-2025T07:06:29 - [TEST_STEP][PASSED] - setValueToCellByIndex(sheet01, n, 5, m): null

17-03-2025T07:06:29 - [TEST_STEP][PASSED] - setValueToCellByIndex(sheet01, n, 6, y): null

17-03-2025T07:06:29 - [TEST_STEP][PASSED] - setValueToCellByIndex(sheet01, n, 7, todaysDate): null

17-03-2025T07:06:29 - [TEST_STEP][PASSED] - n = n + 1: null

17-03-2025T07:06:29 - [TEST_STEP][PASSED] - saveWorkbook(excelFilePath, workbook01): null

17-03-2025T07:06:29 - [TEST_STEP][PASSED] - typeOfData = "План Потери": null

17-03-2025T07:06:29 - [TEST_STEP][PASSED] - fileInt = replaceAll("\s+", "").toInteger(): null

17-03-2025T07:06:29 - [TEST_STEP][PASSED] - Script1718980020443.WriteToExcelNoData(a, typeOfData, todaysDate, fileInt, fileDouble, dZO): null

17-03-2025T07:06:29 - [TEST_STEP][PASSED] - sheetName = "Sheet1": null

17-03-2025T07:06:29 - [TEST_STEP][PASSED] - data = findTestData("PlanFact"): null

17-03-2025T07:06:29 - [TEST_STEP][PASSED] - n = data.getRowNumbers() + 1: null

17-03-2025T07:06:29 - [TEST_STEP][PASSED] - day = ")).toInteger(): null

17-03-2025T07:06:29 - [TEST_STEP][PASSED] - println(day): null

17-03-2025T07:06:29 - [TEST_STEP][PASSED] - month = ")).toInteger(): null

17-03-2025T07:06:29 - [TEST_STEP][PASSED] - println(month): null

17-03-2025T07:06:29 - [TEST_STEP][PASSED] - y = <not implemented yet for class: org.codehaus.groovy.ast.expr.EmptyExpression>: null

17-03-2025T07:06:29 - [TEST_STEP][PASSED] - iy = <not implemented yet for class: org.codehaus.groovy.ast.expr.EmptyExpression>: null

17-03-2025T07:06:29 - [TEST_STEP][PASSED] - m = getText(findTestObject("Выполнение бизнес-плана/Период")): Text of object 'Object Repository/Выполнение бизнес-плана/Период' is: 'Январь 2025 года'

17-03-2025T07:06:29 - [MESSAGE][PASSED] - Text of object 'Object Repository/Выполнение бизнес-плана/Период' is: 'Январь 2025 года'

17-03-2025T07:06:29 - [TEST_STEP][PASSED] - iy = m.indexOf("20"): null

17-03-2025T07:06:29 - [TEST_STEP][PASSED] - if (iy > -1): null

17-03-2025T07:06:29 - [TEST_STEP][PASSED] - y = substring(iy, iy + 4).toInteger(): null

17-03-2025T07:06:29 - [TEST_STEP][PASSED] - println(y): null

17-03-2025T07:06:29 - [TEST_STEP][PASSED] - if (toString().length() == 4): null

17-03-2025T07:06:29 - [TEST_STEP][PASSED] - m = m.substring(0, m.indexOf(y.toString())): null

17-03-2025T07:06:29 - [TEST_STEP][PASSED] - m = m.trim(): null

17-03-2025T07:06:29 - [TEST_STEP][PASSED] - if (m == ""): null

17-03-2025T07:06:29 - [TEST_STEP][PASSED] - dashboardName = "Выполнение бизнес-плана": null

17-03-2025T07:06:29 - [TEST_STEP][PASSED] - workbook01 = getWorkbook(excelFilePath): null

17-03-2025T07:06:30 - [TEST_STEP][PASSED] - sheet01 = getExcelSheet(workbook01, sheetName): null

17-03-2025T07:06:30 - [TEST_STEP][PASSED] - setValueToCellByIndex(sheet01, n, 0, dashboardName): null

17-03-2025T07:06:30 - [TEST_STEP][PASSED] - setValueToCellByIndex(sheet01, n, 1, dZO): null

17-03-2025T07:06:30 - [TEST_STEP][PASSED] - setValueToCellByIndex(sheet01, n, 2, typeOfData): null

17-03-2025T07:06:30 - [TEST_STEP][PASSED] - if (typeOfData == "Факт в процентах" || typeOfData == "План в процентах"): null

17-03-2025T07:06:30 - [TEST_STEP][PASSED] - else: null

17-03-2025T07:06:30 - [TEST_STEP][PASSED] - setValueToCellByIndex(sheet01, n, 3, fileInt): null

17-03-2025T07:06:30 - [TEST_STEP][PASSED] - setValueToCellByIndex(sheet01, n, 4, "нет данных"): null

17-03-2025T07:06:30 - [TEST_STEP][PASSED] - setValueToCellByIndex(sheet01, n, 5, m): null

17-03-2025T07:06:30 - [TEST_STEP][PASSED] - setValueToCellByIndex(sheet01, n, 6, y): null

17-03-2025T07:06:30 - [TEST_STEP][PASSED] - setValueToCellByIndex(sheet01, n, 7, todaysDate): null

17-03-2025T07:06:30 - [TEST_STEP][PASSED] - n = n + 1: null

17-03-2025T07:06:30 - [TEST_STEP][PASSED] - saveWorkbook(excelFilePath, workbook01): null

17-03-2025T07:06:30 - [TEST_STEP][PASSED] - typeOfData = "План в процентах": null

17-03-2025T07:06:30 - [TEST_STEP][PASSED] - fileDouble = ").toDouble(): null

17-03-2025T07:06:30 - [TEST_STEP][PASSED] - Script1718980020443.WriteToExcelNoData(a, typeOfData, todaysDate, fileInt, fileDouble, dZO): null

17-03-2025T07:06:30 - [TEST_STEP][PASSED] - sheetName = "Sheet1": null

17-03-2025T07:06:30 - [TEST_STEP][PASSED] - data = findTestData("PlanFact"): null

17-03-2025T07:06:30 - [TEST_STEP][PASSED] - n = data.getRowNumbers() + 1: null

17-03-2025T07:06:30 - [TEST_STEP][PASSED] - day = ")).toInteger(): null

17-03-2025T07:06:30 - [TEST_STEP][PASSED] - println(day): null

17-03-2025T07:06:30 - [TEST_STEP][PASSED] - month = ")).toInteger(): null

17-03-2025T07:06:30 - [TEST_STEP][PASSED] - println(month): null

17-03-2025T07:06:30 - [TEST_STEP][PASSED] - y = <not implemented yet for class: org.codehaus.groovy.ast.expr.EmptyExpression>: null

17-03-2025T07:06:30 - [TEST_STEP][PASSED] - iy = <not implemented yet for class: org.codehaus.groovy.ast.expr.EmptyExpression>: null

17-03-2025T07:06:30 - [TEST_STEP][PASSED] - m = getText(findTestObject("Выполнение бизнес-плана/Период")): Text of object 'Object Repository/Выполнение бизнес-плана/Период' is: 'Январь 2025 года'

17-03-2025T07:06:30 - [MESSAGE][PASSED] - Text of object 'Object Repository/Выполнение бизнес-плана/Период' is: 'Январь 2025 года'

17-03-2025T07:06:30 - [TEST_STEP][PASSED] - iy = m.indexOf("20"): null

17-03-2025T07:06:30 - [TEST_STEP][PASSED] - if (iy > -1): null

17-03-2025T07:06:30 - [TEST_STEP][PASSED] - y = substring(iy, iy + 4).toInteger(): null

17-03-2025T07:06:30 - [TEST_STEP][PASSED] - println(y): null

17-03-2025T07:06:30 - [TEST_STEP][PASSED] - if (toString().length() == 4): null

17-03-2025T07:06:30 - [TEST_STEP][PASSED] - m = m.substring(0, m.indexOf(y.toString())): null

17-03-2025T07:06:30 - [TEST_STEP][PASSED] - m = m.trim(): null

17-03-2025T07:06:30 - [TEST_STEP][PASSED] - if (m == ""): null

17-03-2025T07:06:30 - [TEST_STEP][PASSED] - dashboardName = "Выполнение бизнес-плана": null

17-03-2025T07:06:30 - [TEST_STEP][PASSED] - workbook01 = getWorkbook(excelFilePath): null

17-03-2025T07:06:30 - [TEST_STEP][PASSED] - sheet01 = getExcelSheet(workbook01, sheetName): null

17-03-2025T07:06:30 - [TEST_STEP][PASSED] - setValueToCellByIndex(sheet01, n, 0, dashboardName): null

17-03-2025T07:06:30 - [TEST_STEP][PASSED] - setValueToCellByIndex(sheet01, n, 1, dZO): null

17-03-2025T07:06:30 - [TEST_STEP][PASSED] - setValueToCellByIndex(sheet01, n, 2, typeOfData): null

17-03-2025T07:06:30 - [TEST_STEP][PASSED] - if (typeOfData == "Факт в процентах" || typeOfData == "План в процентах"): null

17-03-2025T07:06:30 - [TEST_STEP][PASSED] - setValueToCellByIndex(sheet01, n, 3, fileDouble): null

17-03-2025T07:06:30 - [TEST_STEP][PASSED] - setValueToCellByIndex(sheet01, n, 4, "нет данных"): null

17-03-2025T07:06:30 - [TEST_STEP][PASSED] - setValueToCellByIndex(sheet01, n, 5, m): null

17-03-2025T07:06:30 - [TEST_STEP][PASSED] - setValueToCellByIndex(sheet01, n, 6, y): null

17-03-2025T07:06:30 - [TEST_STEP][PASSED] - setValueToCellByIndex(sheet01, n, 7, todaysDate): null

17-03-2025T07:06:30 - [TEST_STEP][PASSED] - n = n + 1: null

17-03-2025T07:06:30 - [TEST_STEP][PASSED] - saveWorkbook(excelFilePath, workbook01): null

17-03-2025T07:06:30 - [TEST_STEP][PASSED] - typeOfData = "Факт в процентах": null

17-03-2025T07:06:30 - [TEST_STEP][PASSED] - fileDouble = ").toDouble(): null

17-03-2025T07:06:30 - [TEST_STEP][PASSED] - Script1718980020443.WriteToExcelNoData(a, typeOfData, todaysDate, fileInt, fileDouble, dZO): null

17-03-2025T07:06:30 - [TEST_STEP][PASSED] - sheetName = "Sheet1": null

17-03-2025T07:06:30 - [TEST_STEP][PASSED] - data = findTestData("PlanFact"): null

17-03-2025T07:06:31 - [TEST_STEP][PASSED] - n = data.getRowNumbers() + 1: null

17-03-2025T07:06:31 - [TEST_STEP][PASSED] - day = ")).toInteger(): null

17-03-2025T07:06:31 - [TEST_STEP][PASSED] - println(day): null

17-03-2025T07:06:31 - [TEST_STEP][PASSED] - month = ")).toInteger(): null

17-03-2025T07:06:31 - [TEST_STEP][PASSED] - println(month): null

17-03-2025T07:06:31 - [TEST_STEP][PASSED] - y = <not implemented yet for class: org.codehaus.groovy.ast.expr.EmptyExpression>: null

17-03-2025T07:06:31 - [TEST_STEP][PASSED] - iy = <not implemented yet for class: org.codehaus.groovy.ast.expr.EmptyExpression>: null

17-03-2025T07:06:31 - [TEST_STEP][PASSED] - m = getText(findTestObject("Выполнение бизнес-плана/Период")): Text of object 'Object Repository/Выполнение бизнес-плана/Период' is: 'Январь 2025 года'

17-03-2025T07:06:31 - [MESSAGE][PASSED] - Text of object 'Object Repository/Выполнение бизнес-плана/Период' is: 'Январь 2025 года'

17-03-2025T07:06:31 - [TEST_STEP][PASSED] - iy = m.indexOf("20"): null

17-03-2025T07:06:31 - [TEST_STEP][PASSED] - if (iy > -1): null

17-03-2025T07:06:31 - [TEST_STEP][PASSED] - y = substring(iy, iy + 4).toInteger(): null

17-03-2025T07:06:31 - [TEST_STEP][PASSED] - println(y): null

17-03-2025T07:06:31 - [TEST_STEP][PASSED] - if (toString().length() == 4): null

17-03-2025T07:06:31 - [TEST_STEP][PASSED] - m = m.substring(0, m.indexOf(y.toString())): null

17-03-2025T07:06:31 - [TEST_STEP][PASSED] - m = m.trim(): null

17-03-2025T07:06:31 - [TEST_STEP][PASSED] - if (m == ""): null

17-03-2025T07:06:31 - [TEST_STEP][PASSED] - dashboardName = "Выполнение бизнес-плана": null

17-03-2025T07:06:31 - [TEST_STEP][PASSED] - workbook01 = getWorkbook(excelFilePath): null

17-03-2025T07:06:31 - [TEST_STEP][PASSED] - sheet01 = getExcelSheet(workbook01, sheetName): null

17-03-2025T07:06:31 - [TEST_STEP][PASSED] - setValueToCellByIndex(sheet01, n, 0, dashboardName): null

17-03-2025T07:06:31 - [TEST_STEP][PASSED] - setValueToCellByIndex(sheet01, n, 1, dZO): null

17-03-2025T07:06:31 - [TEST_STEP][PASSED] - setValueToCellByIndex(sheet01, n, 2, typeOfData): null

17-03-2025T07:06:31 - [TEST_STEP][PASSED] - if (typeOfData == "Факт в процентах" || typeOfData == "План в процентах"): null

17-03-2025T07:06:31 - [TEST_STEP][PASSED] - setValueToCellByIndex(sheet01, n, 3, fileDouble): null

17-03-2025T07:06:31 - [TEST_STEP][PASSED] - setValueToCellByIndex(sheet01, n, 4, "нет данных"): null

17-03-2025T07:06:31 - [TEST_STEP][PASSED] - setValueToCellByIndex(sheet01, n, 5, m): null

17-03-2025T07:06:31 - [TEST_STEP][PASSED] - setValueToCellByIndex(sheet01, n, 6, y): null

17-03-2025T07:06:31 - [TEST_STEP][PASSED] - setValueToCellByIndex(sheet01, n, 7, todaysDate): null

17-03-2025T07:06:31 - [TEST_STEP][PASSED] - n = n + 1: null

17-03-2025T07:06:31 - [TEST_STEP][PASSED] - saveWorkbook(excelFilePath, workbook01): null

17-03-2025T07:06:31 - [TEST_STEP][PASSED] - println(dzoNum): null

17-03-2025T07:06:31 - [TEST_STEP][PASSED] - dZO = "Россети Томск": null

17-03-2025T07:06:31 - [TEST_STEP][PASSED] - a = 53: null

17-03-2025T07:06:31 - [TEST_STEP][PASSED] - if (x1.contains("Томск")): null

17-03-2025T07:06:31 - [TEST_STEP][PASSED] - dzoNum = dzoNum + 1: null

17-03-2025T07:06:31 - [TEST_STEP][PASSED] - Script1718980020443.Numbers(a, typeOfData, todaysDate, pageInt, fileInt, pageDouble, fileDouble, dZO, dzoNum, filialNum): null

17-03-2025T07:06:31 - [TEST_STEP][PASSED] - println(dzoNum): null

17-03-2025T07:06:31 - [TEST_STEP][PASSED] - planFact = <not implemented yet for class: org.codehaus.groovy.ast.expr.EmptyExpression>: null

17-03-2025T07:06:31 - [TEST_STEP][PASSED] - page = <not implemented yet for class: org.codehaus.groovy.ast.expr.EmptyExpression>: null

17-03-2025T07:06:31 - [TEST_STEP][PASSED] - page1 = <not implemented yet for class: org.codehaus.groovy.ast.expr.EmptyExpression>: null

17-03-2025T07:06:31 - [TEST_STEP][PASSED] - page2 = <not implemented yet for class: org.codehaus.groovy.ast.expr.EmptyExpression>: null

17-03-2025T07:06:31 - [TEST_STEP][PASSED] - filialNumberInRow = <not implemented yet for class: org.codehaus.groovy.ast.expr.EmptyExpression>: null

17-03-2025T07:06:31 - [TEST_STEP][PASSED] - filialsDzoNames = <not implemented yet for class: org.codehaus.groovy.ast.expr.EmptyExpression>: null

17-03-2025T07:06:31 - [TEST_STEP][PASSED] - numberOfFilials = <not implemented yet for class: org.codehaus.groovy.ast.expr.EmptyExpression>: null

17-03-2025T07:06:31 - [TEST_STEP][PASSED] - numberOfSpaces = <not implemented yet for class: org.codehaus.groovy.ast.expr.EmptyExpression>: null

17-03-2025T07:06:31 - [TEST_STEP][PASSED] - file = <not implemented yet for class: org.codehaus.groovy.ast.expr.EmptyExpression>: null

17-03-2025T07:06:31 - [TEST_STEP][PASSED] - otpusk = <not implemented yet for class: org.codehaus.groovy.ast.expr.EmptyExpression>: null

17-03-2025T07:06:31 - [TEST_STEP][PASSED] - poteri = <not implemented yet for class: org.codehaus.groovy.ast.expr.EmptyExpression>: null

17-03-2025T07:06:31 - [TEST_STEP][PASSED] - dataFolder = "Выполнение бизнес-плана/Значения со страницы Выполнение бизнес-плана/": null

17-03-2025T07:06:31 - [TEST_STEP][PASSED] - path = <not implemented yet for class: org.codehaus.groovy.ast.expr.EmptyExpression>: null

17-03-2025T07:06:31 - [TEST_STEP][PASSED] - typeOfDataMain = <not implemented yet for class: org.codehaus.groovy.ast.expr.EmptyExpression>: null

17-03-2025T07:06:31 - [TEST_STEP][PASSED] - fileOtpuskVSet = <not implemented yet for class: org.codehaus.groovy.ast.expr.EmptyExpression>: null

17-03-2025T07:06:31 - [TEST_STEP][PASSED] - pageOtpuskVSet = <not implemented yet for class: org.codehaus.groovy.ast.expr.EmptyExpression>: null

17-03-2025T07:06:31 - [TEST_STEP][PASSED] - filePoteri = <not implemented yet for class: org.codehaus.groovy.ast.expr.EmptyExpression>: null

17-03-2025T07:06:31 - [TEST_STEP][PASSED] - pagePoteri = <not implemented yet for class: org.codehaus.groovy.ast.expr.EmptyExpression>: null

17-03-2025T07:06:31 - [TEST_STEP][PASSED] - compare = <not implemented yet for class: org.codehaus.groovy.ast.expr.EmptyExpression>: null

17-03-2025T07:06:31 - [TEST_STEP][PASSED] - b = <not implemented yet for class: org.codehaus.groovy.ast.expr.EmptyExpression>: null

17-03-2025T07:06:31 - [TEST_STEP][PASSED] - i = <not implemented yet for class: org.codehaus.groovy.ast.expr.EmptyExpression>: null

17-03-2025T07:06:31 - [TEST_STEP][PASSED] - ii = <not implemented yet for class: org.codehaus.groovy.ast.expr.EmptyExpression>: null

17-03-2025T07:06:31 - [TEST_STEP][PASSED] - c = <not implemented yet for class: org.codehaus.groovy.ast.expr.EmptyExpression>: null

17-03-2025T07:06:31 - [TEST_STEP][PASSED] - numberOfErrors = 0: null

17-03-2025T07:06:31 - [TEST_STEP][PASSED] - if (a == 82): null

17-03-2025T07:06:31 - [TEST_STEP][PASSED] - b = findTestData("PlanFact").getValue(1, a): null

17-03-2025T07:06:31 - [TEST_STEP][PASSED] - i = b.indexOf(" (ГК)"): null

17-03-2025T07:06:31 - [TEST_STEP][PASSED] - if (i > -1): null

17-03-2025T07:06:31 - [TEST_STEP][PASSED] - i = b.indexOf("О ""): null

17-03-2025T07:06:31 - [TEST_STEP][PASSED] - if (i > -1): null

17-03-2025T07:06:31 - [TEST_STEP][PASSED] - i = b.indexOf("О «"): null

17-03-2025T07:06:31 - [TEST_STEP][PASSED] - if (i > -1): null

17-03-2025T07:06:31 - [TEST_STEP][PASSED] - i = b.indexOf("г. "): null

17-03-2025T07:06:31 - [TEST_STEP][PASSED] - if (i > -1): null

17-03-2025T07:06:31 - [TEST_STEP][PASSED] - b = b.trim(): null

17-03-2025T07:06:31 - [TEST_STEP][PASSED] - println(b): null

17-03-2025T07:06:31 - [TEST_STEP][PASSED] - for ([planFact = 1, planFact < 3, (planFact++)]): null

17-03-2025T07:06:31 - [TEST_STEP][PASSED] - if (planFact == 1): null

17-03-2025T07:06:31 - [TEST_STEP][PASSED] - typeOfDataMain = "Факт": null

17-03-2025T07:06:31 - [TEST_STEP][PASSED] - otpusk = findTestData("PlanFact").getValue(5, a): null

17-03-2025T07:06:31 - [TEST_STEP][PASSED] - poteri = findTestData("PlanFact").getValue(6, a): null

17-03-2025T07:06:31 - [TEST_STEP][PASSED] - otpusk = otpusk.replaceAll("\s+", ""): null

17-03-2025T07:06:31 - [TEST_STEP][PASSED] - poteri = poteri.replaceAll("\s+", ""): null

17-03-2025T07:06:31 - [TEST_STEP][PASSED] - typeOfData = typeOfDataMain + " Отпуск в сеть": null

17-03-2025T07:06:31 - [TEST_STEP][PASSED] - if (a == 82): null

17-03-2025T07:06:31 - [TEST_STEP][PASSED] - else if (a == 84): null

17-03-2025T07:06:31 - [TEST_STEP][PASSED] - else if (a == 83 || a == 52 || a == 72 || a == 28 || a == 73 || a == 77 || a == 74 || a == 65 || a == 36 || a == 44 || a == 53 || a == 80 || a == 54 || a == 1 || a == 18 || a == 59 || a == 81): null

17-03-2025T07:06:31 - [TEST_STEP][PASSED] - path = dataFolder + "Table Data/" + typeOfData + " за отчётный период " + dzoNum: null

17-03-2025T07:06:31 - [TEST_STEP][PASSED] - println(path): null

17-03-2025T07:06:31 - [TEST_STEP][PASSED] - page = getText(findTestObject(path)): Text of object 'Object Repository/Выполнение бизнес-плана/Значения со страницы Выполнение бизнес-плана/Table Data/Факт Отпуск в сеть за отчётный период 5' is: '476 306'

17-03-2025T07:06:32 - [MESSAGE][PASSED] - Text of object 'Object Repository/Выполнение бизнес-плана/Значения со страницы Выполнение бизнес-плана/Table Data/Факт Отпуск в сеть за отчётный период 5' is: '476 306'

17-03-2025T07:06:32 - [TEST_STEP][PASSED] - if (page == "" || page == null): null

17-03-2025T07:06:32 - [TEST_STEP][PASSED] - else: null

17-03-2025T07:06:32 - [TEST_STEP][PASSED] - page = page.replaceAll("\s+", ""): null

17-03-2025T07:06:32 - [TEST_STEP][PASSED] - if (page == "undefined"): null

17-03-2025T07:06:32 - [TEST_STEP][PASSED] - fileOtpuskVSet = otpusk.toInteger(): null

17-03-2025T07:06:32 - [TEST_STEP][PASSED] - pageOtpuskVSet = page.toInteger(): null

17-03-2025T07:06:32 - [TEST_STEP][PASSED] - typeOfData = typeOfDataMain + " Потери": null

17-03-2025T07:06:32 - [TEST_STEP][PASSED] - if (a == 82): null

17-03-2025T07:06:32 - [TEST_STEP][PASSED] - else if (a == 84): null

17-03-2025T07:06:32 - [TEST_STEP][PASSED] - else if (a == 83 || a == 52 || a == 72 || a == 28 || a == 73 || a == 77 || a == 74 || a == 65 || a == 44 || a == 53 || a == 80 || a == 54 || a == 1 || a == 18 || a == 59 || a == 81): null

17-03-2025T07:06:32 - [TEST_STEP][PASSED] - path = dataFolder + "Table Data/" + typeOfData + " за отчётный период " + dzoNum: null

17-03-2025T07:06:32 - [TEST_STEP][PASSED] - page = getText(findTestObject(path)): Text of object 'Object Repository/Выполнение бизнес-плана/Значения со страницы Выполнение бизнес-плана/Table Data/Факт Потери за отчётный период 5' is: '3 352 866'

17-03-2025T07:06:32 - [MESSAGE][PASSED] - Text of object 'Object Repository/Выполнение бизнес-плана/Значения со страницы Выполнение бизнес-плана/Table Data/Факт Потери за отчётный период 5' is: '3 352 866'

17-03-2025T07:06:32 - [TEST_STEP][PASSED] - if (page == "" || page == null): null

17-03-2025T07:06:32 - [TEST_STEP][PASSED] - else: null

17-03-2025T07:06:32 - [TEST_STEP][PASSED] - page = page.replaceAll("\s+", ""): null

17-03-2025T07:06:32 - [TEST_STEP][PASSED] - if (page == "undefined"): null

17-03-2025T07:06:32 - [TEST_STEP][PASSED] - filePoteri = poteri.toInteger(): null

17-03-2025T07:06:32 - [TEST_STEP][PASSED] - pagePoteri = page.toInteger(): null

17-03-2025T07:06:32 - [TEST_STEP][PASSED] - compare = pageOtpuskVSet: null

17-03-2025T07:06:32 - [TEST_STEP][PASSED] - if (pageOtpuskVSet != null): null

17-03-2025T07:06:32 - [TEST_STEP][PASSED] - if (compare == fileOtpuskVSet): null

17-03-2025T07:06:32 - [TEST_STEP][PASSED] - if (compare == fileOtpuskVSet): null

17-03-2025T07:06:32 - [TEST_STEP][PASSED] - compare = pagePoteri: null

17-03-2025T07:06:32 - [TEST_STEP][PASSED] - if (pageOtpuskVSet != null): null

17-03-2025T07:06:32 - [TEST_STEP][PASSED] - if (compare == filePoteri): null

17-03-2025T07:06:32 - [TEST_STEP][PASSED] - else if (compare > filePoteri): null

17-03-2025T07:06:32 - [TEST_STEP][PASSED] - compare = compare - 1: null

17-03-2025T07:06:32 - [TEST_STEP][PASSED] - if (compare == filePoteri): null

17-03-2025T07:06:32 - [TEST_STEP][PASSED] - else: null

17-03-2025T07:06:32 - [TEST_STEP][PASSED] - numberOfErrors = numberOfErrors + 1: null

17-03-2025T07:06:32 - [TEST_STEP][PASSED] - pageInt = pagePoteri: null

17-03-2025T07:06:32 - [TEST_STEP][PASSED] - fileInt = filePoteri: null

17-03-2025T07:06:32 - [TEST_STEP][PASSED] - typeOfData = typeOfDataMain + " Потери": null

17-03-2025T07:06:32 - [TEST_STEP][PASSED] - Script1718980020443.WriteToExcel(a, typeOfData, todaysDate, pageInt, fileInt, pageDouble, fileDouble, dZO): null

17-03-2025T07:06:32 - [TEST_STEP][PASSED] - sheetName = "Sheet1": null

17-03-2025T07:06:32 - [TEST_STEP][PASSED] - data = findTestData("PlanFact"): null

17-03-2025T07:06:32 - [TEST_STEP][PASSED] - n = data.getRowNumbers() + 1: null

17-03-2025T07:06:32 - [TEST_STEP][PASSED] - day = ")).toInteger(): null

17-03-2025T07:06:32 - [TEST_STEP][PASSED] - println(day): null

17-03-2025T07:06:32 - [TEST_STEP][PASSED] - month = ")).toInteger(): null

17-03-2025T07:06:32 - [TEST_STEP][PASSED] - println(month): null

17-03-2025T07:06:32 - [TEST_STEP][PASSED] - y = <not implemented yet for class: org.codehaus.groovy.ast.expr.EmptyExpression>: null

17-03-2025T07:06:32 - [TEST_STEP][PASSED] - iy = <not implemented yet for class: org.codehaus.groovy.ast.expr.EmptyExpression>: null

17-03-2025T07:06:32 - [TEST_STEP][PASSED] - m = getText(findTestObject("Выполнение бизнес-плана/Период")): Text of object 'Object Repository/Выполнение бизнес-плана/Период' is: 'Январь 2025 года'

17-03-2025T07:06:32 - [MESSAGE][PASSED] - Text of object 'Object Repository/Выполнение бизнес-плана/Период' is: 'Январь 2025 года'

17-03-2025T07:06:32 - [TEST_STEP][PASSED] - iy = m.indexOf("20"): null

17-03-2025T07:06:32 - [TEST_STEP][PASSED] - if (iy > -1): null

17-03-2025T07:06:32 - [TEST_STEP][PASSED] - y = substring(iy, iy + 4).toInteger(): null

17-03-2025T07:06:32 - [TEST_STEP][PASSED] - println(y): null

17-03-2025T07:06:32 - [TEST_STEP][PASSED] - if (toString().length() == 4): null

17-03-2025T07:06:32 - [TEST_STEP][PASSED] - m = m.substring(0, m.indexOf(y.toString())): null

17-03-2025T07:06:32 - [TEST_STEP][PASSED] - m = m.trim(): null

17-03-2025T07:06:32 - [TEST_STEP][PASSED] - if (m == ""): null

17-03-2025T07:06:32 - [TEST_STEP][PASSED] - dashboardName = "Выполнение бизнес-плана": null

17-03-2025T07:06:32 - [TEST_STEP][PASSED] - workbook01 = getWorkbook(excelFilePath): null

17-03-2025T07:06:32 - [TEST_STEP][PASSED] - sheet01 = getExcelSheet(workbook01, sheetName): null

17-03-2025T07:06:32 - [TEST_STEP][PASSED] - setValueToCellByIndex(sheet01, n, 0, dashboardName): null

17-03-2025T07:06:32 - [TEST_STEP][PASSED] - setValueToCellByIndex(sheet01, n, 1, dZO): null

17-03-2025T07:06:32 - [TEST_STEP][PASSED] - setValueToCellByIndex(sheet01, n, 2, typeOfData): null

17-03-2025T07:06:32 - [TEST_STEP][PASSED] - if (typeOfData == "Факт в процентах" || typeOfData == "План в процентах"): null

17-03-2025T07:06:32 - [TEST_STEP][PASSED] - else: null

17-03-2025T07:06:32 - [TEST_STEP][PASSED] - setValueToCellByIndex(sheet01, n, 3, fileInt): null

17-03-2025T07:06:32 - [TEST_STEP][PASSED] - setValueToCellByIndex(sheet01, n, 4, pageInt): null

17-03-2025T07:06:32 - [TEST_STEP][PASSED] - setValueToCellByIndex(sheet01, n, 5, m): null

17-03-2025T07:06:32 - [TEST_STEP][PASSED] - setValueToCellByIndex(sheet01, n, 6, y): null

17-03-2025T07:06:32 - [TEST_STEP][PASSED] - setValueToCellByIndex(sheet01, n, 7, todaysDate): null

17-03-2025T07:06:32 - [TEST_STEP][PASSED] - n = n + 1: null

17-03-2025T07:06:32 - [TEST_STEP][FAILED] - saveWorkbook(excelFilePath, workbook01): null

17-03-2025T07:06:33 - [TEST_STEP][PASSED] - if (planFact == 2): null

17-03-2025T07:06:33 - [TEST_STEP][PASSED] - if (planFact == 1): null

17-03-2025T07:06:33 - [TEST_STEP][PASSED] - else if (planFact == 2): null

17-03-2025T07:06:33 - [TEST_STEP][PASSED] - click(findTestObject("Выполнение бизнес-плана/Кнопка План")): Object: 'Object Repository/Выполнение бизнес-плана/Кнопка План' is clicked on

17-03-2025T07:06:33 - [MESSAGE][PASSED] - Object: 'Object Repository/Выполнение бизнес-плана/Кнопка План' is clicked on

17-03-2025T07:06:33 - [TEST_STEP][PASSED] - typeOfDataMain = "План": null

17-03-2025T07:06:33 - [TEST_STEP][PASSED] - otpusk = findTestData("PlanFact").getValue(2, a): null

17-03-2025T07:06:33 - [TEST_STEP][PASSED] - poteri = findTestData("PlanFact").getValue(3, a): null

17-03-2025T07:06:33 - [TEST_STEP][PASSED] - otpusk = otpusk.replaceAll("\s+", ""): null

17-03-2025T07:06:33 - [TEST_STEP][PASSED] - poteri = poteri.replaceAll("\s+", ""): null

17-03-2025T07:06:33 - [TEST_STEP][PASSED] - typeOfData = typeOfDataMain + " Отпуск в сеть": null

17-03-2025T07:06:33 - [TEST_STEP][PASSED] - if (a == 82): null

17-03-2025T07:06:33 - [TEST_STEP][PASSED] - else if (a == 84): null

17-03-2025T07:06:33 - [TEST_STEP][PASSED] - else if (a == 83 || a == 52 || a == 72 || a == 28 || a == 73 || a == 77 || a == 74 || a == 65 || a == 36 || a == 44 || a == 53 || a == 80 || a == 54 || a == 1 || a == 18 || a == 59 || a == 81): null

17-03-2025T07:06:33 - [TEST_STEP][PASSED] - path = dataFolder + "Table Data/" + typeOfData + " за отчётный период " + dzoNum: null

17-03-2025T07:06:33 - [TEST_STEP][PASSED] - println(path): null

17-03-2025T07:06:33 - [TEST_STEP][PASSED] - page = getText(findTestObject(path)): Text of object 'Object Repository/Выполнение бизнес-плана/Значения со страницы Выполнение бизнес-плана/Table Data/План Отпуск в сеть за отчётный период 5' is: '504 635'

17-03-2025T07:06:33 - [MESSAGE][PASSED] - Text of object 'Object Repository/Выполнение бизнес-плана/Значения со страницы Выполнение бизнес-плана/Table Data/План Отпуск в сеть за отчётный период 5' is: '504 635'

17-03-2025T07:06:33 - [TEST_STEP][PASSED] - if (page == "" || page == null): null

17-03-2025T07:06:33 - [TEST_STEP][PASSED] - else: null

17-03-2025T07:06:33 - [TEST_STEP][PASSED] - page = page.replaceAll("\s+", ""): null

17-03-2025T07:06:33 - [TEST_STEP][PASSED] - if (page == "undefined"): null

17-03-2025T07:06:33 - [TEST_STEP][PASSED] - fileOtpuskVSet = otpusk.toInteger(): null

17-03-2025T07:06:33 - [TEST_STEP][PASSED] - pageOtpuskVSet = page.toInteger(): null

17-03-2025T07:06:33 - [TEST_STEP][PASSED] - typeOfData = typeOfDataMain + " Потери": null

17-03-2025T07:06:33 - [TEST_STEP][PASSED] - if (a == 82): null

17-03-2025T07:06:33 - [TEST_STEP][PASSED] - else if (a == 84): null

17-03-2025T07:06:33 - [TEST_STEP][PASSED] - else if (a == 83 || a == 52 || a == 72 || a == 28 || a == 73 || a == 77 || a == 74 || a == 65 || a == 44 || a == 53 || a == 80 || a == 54 || a == 1 || a == 18 || a == 59 || a == 81): null

17-03-2025T07:06:33 - [TEST_STEP][PASSED] - path = dataFolder + "Table Data/" + typeOfData + " за отчётный период " + dzoNum: null

17-03-2025T07:06:33 - [TEST_STEP][FAILED] - page = getText(findTestObject(path)): Unable to get text of object 'Object Repository/Выполнение бизнес-плана/Значения со страницы Выполнение бизнес-плана/Table Data/План Потери за отчётный период 5' (Root cause: com.kms.katalon.core.exception.StepFailedException: Unable to get text of object 'Object Repository/Выполнение бизнес-плана/Значения со страницы Выполнение бизнес-плана/Table Data/План Потери за отчётный период 5'
	at com.kms.katalon.core.webui.keyword.internal.WebUIKeywordMain.stepFailed(WebUIKeywordMain.groovy:64)
	at com.kms.katalon.core.webui.keyword.internal.WebUIKeywordMain.runKeyword(WebUIKeywordMain.groovy:26)
	at com.kms.katalon.core.webui.keyword.builtin.GetTextKeyword.getText(GetTextKeyword.groovy:88)
	at com.kms.katalon.core.webui.keyword.builtin.GetTextKeyword.execute(GetTextKeyword.groovy:67)
	at com.kms.katalon.core.keyword.internal.KeywordExecutor.executeKeywordForPlatform(KeywordExecutor.groovy:74)
	at com.kms.katalon.core.webui.keyword.WebUiBuiltInKeywords.getText(WebUiBuiltInKeywords.groovy:957)
	at Выполнение бизнес-плана Сверка ПАО Россети все филиалы.Numbers(Выполнение бизнес-плана Сверка ПАО Россети все филиалы:594)
	at Выполнение бизнес-плана Сверка ПАО Россети все филиалы.run(Выполнение бизнес-плана Сверка ПАО Россети все филиалы:329)
	at com.kms.katalon.core.main.ScriptEngine.run(ScriptEngine.java:194)
	at com.kms.katalon.core.main.ScriptEngine.runScriptAsRawText(ScriptEngine.java:119)
	at com.kms.katalon.core.main.TestCaseExecutor.runScript(TestCaseExecutor.java:448)
	at com.kms.katalon.core.main.TestCaseExecutor.doExecute(TestCaseExecutor.java:439)
	at com.kms.katalon.core.main.TestCaseExecutor.processExecutionPhase(TestCaseExecutor.java:418)
	at com.kms.katalon.core.main.TestCaseExecutor.accessMainPhase(TestCaseExecutor.java:410)
	at com.kms.katalon.core.main.TestCaseExecutor.execute(TestCaseExecutor.java:285)
	at com.kms.katalon.core.common.CommonExecutor.accessTestCaseMainPhase(CommonExecutor.java:65)
	at com.kms.katalon.core.main.TestSuiteExecutor.accessTestSuiteMainPhase(TestSuiteExecutor.java:150)
	at com.kms.katalon.core.main.TestSuiteExecutor.execute(TestSuiteExecutor.java:106)
	at com.kms.katalon.core.main.TestCaseMain.startTestSuite(TestCaseMain.java:180)
	at TempTestSuite1742171011514.run(TempTestSuite1742171011514.groovy:35)
	at java.base/jdk.internal.reflect.NativeMethodAccessorImpl.invoke0(Native Method)
	at java.base/jdk.internal.reflect.NativeMethodAccessorImpl.invoke(NativeMethodAccessorImpl.java:77)
	at java.base/jdk.internal.reflect.DelegatingMethodAccessorImpl.invoke(DelegatingMethodAccessorImpl.java:43)
Caused by: com.kms.katalon.core.webui.exception.WebElementNotFoundException: Web element with id: 'Object Repository/Выполнение бизнес-плана/Значения со страницы Выполнение бизнес-плана/Table Data/План Потери за отчётный период 5' located by '(.//*[normalize-space(text()) and normalize-space(.)='Показатели баланса электроэнергии по ДЗО – План'])[2]/following::td[39]' not found
	at com.kms.katalon.core.webui.common.WebUiCommonHelper.findWebElement(WebUiCommonHelper.java:1426)
	at com.kms.katalon.core.webui.keyword.internal.WebUIAbstractKeyword.findWebElement(WebUIAbstractKeyword.groovy:27)
	at com.kms.katalon.core.webui.keyword.internal.WebUIAbstractKeyword.findWebElement(WebUIAbstractKeyword.groovy:26)
	at com.kms.katalon.core.webui.keyword.builtin.GetTextKeyword$_getText_closure1.doCall(GetTextKeyword.groovy:78)
	at com.kms.katalon.core.webui.keyword.builtin.GetTextKeyword$_getText_closure1.call(GetTextKeyword.groovy)
	at com.kms.katalon.core.webui.keyword.internal.WebUIKeywordMain.runKeyword(WebUIKeywordMain.groovy:20)
	at com.kms.katalon.core.webui.keyword.builtin.GetTextKeyword.getText(GetTextKeyword.groovy:88)
	at com.kms.katalon.core.webui.keyword.builtin.GetTextKeyword.execute(GetTextKeyword.groovy:67)
	at com.kms.katalon.core.keyword.internal.KeywordExecutor.executeKeywordForPlatform(KeywordExecutor.groovy:74)
	at com.kms.katalon.core.webui.keyword.WebUiBuiltInKeywords.getText(WebUiBuiltInKeywords.groovy:957)
	at Script1718980020443.Numbers(Script1718980020443.groovy:594)
	at Script1718980020443.run(Script1718980020443.groovy:329)
	... 15 more
)

17-03-2025T07:07:04 - [MESSAGE][INFO] - Unable to find the element located by 'By.xpath: (.//*[normalize-space(text()) and normalize-space(.)='Показатели баланса электроэнергии по ДЗО – План'])[2]/following::td[39]'. Please recheck the objects properties to make sure the desired element is located. 

17-03-2025T07:07:04 - [MESSAGE][FAILED] - Unable to get text of object 'Object Repository/Выполнение бизнес-плана/Значения со страницы Выполнение бизнес-плана/Table Data/План Потери за отчётный период 5' (Root cause: com.kms.katalon.core.exception.StepFailedException: Unable to get text of object 'Object Repository/Выполнение бизнес-плана/Значения со страницы Выполнение бизнес-плана/Table Data/План Потери за отчётный период 5'
	at com.kms.katalon.core.webui.keyword.internal.WebUIKeywordMain.stepFailed(WebUIKeywordMain.groovy:64)
	at com.kms.katalon.core.webui.keyword.internal.WebUIKeywordMain.runKeyword(WebUIKeywordMain.groovy:26)
	at com.kms.katalon.core.webui.keyword.builtin.GetTextKeyword.getText(GetTextKeyword.groovy:88)
	at com.kms.katalon.core.webui.keyword.builtin.GetTextKeyword.execute(GetTextKeyword.groovy:67)
	at com.kms.katalon.core.keyword.internal.KeywordExecutor.executeKeywordForPlatform(KeywordExecutor.groovy:74)
	at com.kms.katalon.core.webui.keyword.WebUiBuiltInKeywords.getText(WebUiBuiltInKeywords.groovy:957)
	at Выполнение бизнес-плана Сверка ПАО Россети все филиалы.Numbers(Выполнение бизнес-плана Сверка ПАО Россети все филиалы:594)
	at Выполнение бизнес-плана Сверка ПАО Россети все филиалы.run(Выполнение бизнес-плана Сверка ПАО Россети все филиалы:329)
	at com.kms.katalon.core.main.ScriptEngine.run(ScriptEngine.java:194)
	at com.kms.katalon.core.main.ScriptEngine.runScriptAsRawText(ScriptEngine.java:119)
	at com.kms.katalon.core.main.TestCaseExecutor.runScript(TestCaseExecutor.java:448)
	at com.kms.katalon.core.main.TestCaseExecutor.doExecute(TestCaseExecutor.java:439)
	at com.kms.katalon.core.main.TestCaseExecutor.processExecutionPhase(TestCaseExecutor.java:418)
	at com.kms.katalon.core.main.TestCaseExecutor.accessMainPhase(TestCaseExecutor.java:410)
	at com.kms.katalon.core.main.TestCaseExecutor.execute(TestCaseExecutor.java:285)
	at com.kms.katalon.core.common.CommonExecutor.accessTestCaseMainPhase(CommonExecutor.java:65)
	at com.kms.katalon.core.main.TestSuiteExecutor.accessTestSuiteMainPhase(TestSuiteExecutor.java:150)
	at com.kms.katalon.core.main.TestSuiteExecutor.execute(TestSuiteExecutor.java:106)
	at com.kms.katalon.core.main.TestCaseMain.startTestSuite(TestCaseMain.java:180)
	at TempTestSuite1742171011514.run(TempTestSuite1742171011514.groovy:35)
	at java.base/jdk.internal.reflect.NativeMethodAccessorImpl.invoke0(Native Method)
	at java.base/jdk.internal.reflect.NativeMethodAccessorImpl.invoke(NativeMethodAccessorImpl.java:77)
	at java.base/jdk.internal.reflect.DelegatingMethodAccessorImpl.invoke(DelegatingMethodAccessorImpl.java:43)
Caused by: com.kms.katalon.core.webui.exception.WebElementNotFoundException: Web element with id: 'Object Repository/Выполнение бизнес-плана/Значения со страницы Выполнение бизнес-плана/Table Data/План Потери за отчётный период 5' located by '(.//*[normalize-space(text()) and normalize-space(.)='Показатели баланса электроэнергии по ДЗО – План'])[2]/following::td[39]' not found
	at com.kms.katalon.core.webui.common.WebUiCommonHelper.findWebElement(WebUiCommonHelper.java:1426)
	at com.kms.katalon.core.webui.keyword.internal.WebUIAbstractKeyword.findWebElement(WebUIAbstractKeyword.groovy:27)
	at com.kms.katalon.core.webui.keyword.internal.WebUIAbstractKeyword.findWebElement(WebUIAbstractKeyword.groovy:26)
	at com.kms.katalon.core.webui.keyword.builtin.GetTextKeyword$_getText_closure1.doCall(GetTextKeyword.groovy:78)
	at com.kms.katalon.core.webui.keyword.builtin.GetTextKeyword$_getText_closure1.call(GetTextKeyword.groovy)
	at com.kms.katalon.core.webui.keyword.internal.WebUIKeywordMain.runKeyword(WebUIKeywordMain.groovy:20)
	at com.kms.katalon.core.webui.keyword.builtin.GetTextKeyword.getText(GetTextKeyword.groovy:88)
	at com.kms.katalon.core.webui.keyword.builtin.GetTextKeyword.execute(GetTextKeyword.groovy:67)
	at com.kms.katalon.core.keyword.internal.KeywordExecutor.executeKeywordForPlatform(KeywordExecutor.groovy:74)
	at com.kms.katalon.core.webui.keyword.WebUiBuiltInKeywords.getText(WebUiBuiltInKeywords.groovy:957)
	at Script1718980020443.Numbers(Script1718980020443.groovy:594)
	at Script1718980020443.run(Script1718980020443.groovy:329)
	... 15 more
)
[[ATTACHMENT|C:\\Users\\LIAZGINA-DI\\git\\SPORU\\Reports\\20250317_032331\\\u041F\u043D-\u0421\u0440-\u041F\u0442\\\u0421\u0432\u0435\u0440\u043A\u0430 \u0434\u0430\u0448\u0431\u043E\u0440\u0434\u043E\u0432 \u0438\u0437 \u0440\u0430\u0437\u043D\u044B\u0445 \u0431\u043B\u043E\u043A\u043E\u0432\\20250317_032331\\1742184424842.png]]

17-03-2025T07:07:04 - [TEST_STEP][PASSED] - if (page == "" || page == null): null

17-03-2025T07:07:04 - [TEST_STEP][PASSED] - fileInt = poteri.toInteger(): null

17-03-2025T07:07:04 - [TEST_STEP][PASSED] - Script1718980020443.WriteToExcelNoData(a, typeOfData, todaysDate, fileInt, fileDouble, dZO): null

17-03-2025T07:07:04 - [TEST_STEP][PASSED] - sheetName = "Sheet1": null

17-03-2025T07:07:04 - [TEST_STEP][PASSED] - data = findTestData("PlanFact"): null

17-03-2025T07:07:05 - [TEST_STEP][PASSED] - n = data.getRowNumbers() + 1: null

17-03-2025T07:07:05 - [TEST_STEP][PASSED] - day = ")).toInteger(): null

17-03-2025T07:07:05 - [TEST_STEP][PASSED] - println(day): null

17-03-2025T07:07:05 - [TEST_STEP][PASSED] - month = ")).toInteger(): null

17-03-2025T07:07:05 - [TEST_STEP][PASSED] - println(month): null

17-03-2025T07:07:05 - [TEST_STEP][PASSED] - y = <not implemented yet for class: org.codehaus.groovy.ast.expr.EmptyExpression>: null

17-03-2025T07:07:05 - [TEST_STEP][PASSED] - iy = <not implemented yet for class: org.codehaus.groovy.ast.expr.EmptyExpression>: null

17-03-2025T07:07:05 - [TEST_STEP][PASSED] - m = getText(findTestObject("Выполнение бизнес-плана/Период")): Text of object 'Object Repository/Выполнение бизнес-плана/Период' is: 'Январь 2025 года'

17-03-2025T07:07:05 - [MESSAGE][PASSED] - Text of object 'Object Repository/Выполнение бизнес-плана/Период' is: 'Январь 2025 года'

17-03-2025T07:07:05 - [TEST_STEP][PASSED] - iy = m.indexOf("20"): null

17-03-2025T07:07:05 - [TEST_STEP][PASSED] - if (iy > -1): null

17-03-2025T07:07:05 - [TEST_STEP][PASSED] - y = substring(iy, iy + 4).toInteger(): null

17-03-2025T07:07:05 - [TEST_STEP][PASSED] - println(y): null

17-03-2025T07:07:05 - [TEST_STEP][PASSED] - if (toString().length() == 4): null

17-03-2025T07:07:05 - [TEST_STEP][PASSED] - m = m.substring(0, m.indexOf(y.toString())): null

17-03-2025T07:07:05 - [TEST_STEP][PASSED] - m = m.trim(): null

17-03-2025T07:07:05 - [TEST_STEP][PASSED] - if (m == ""): null

17-03-2025T07:07:05 - [TEST_STEP][PASSED] - dashboardName = "Выполнение бизнес-плана": null

17-03-2025T07:07:05 - [TEST_STEP][PASSED] - workbook01 = getWorkbook(excelFilePath): null

17-03-2025T07:07:05 - [TEST_STEP][PASSED] - sheet01 = getExcelSheet(workbook01, sheetName): null

17-03-2025T07:07:05 - [TEST_STEP][PASSED] - setValueToCellByIndex(sheet01, n, 0, dashboardName): null

17-03-2025T07:07:05 - [TEST_STEP][PASSED] - setValueToCellByIndex(sheet01, n, 1, dZO): null

17-03-2025T07:07:05 - [TEST_STEP][PASSED] - setValueToCellByIndex(sheet01, n, 2, typeOfData): null

17-03-2025T07:07:05 - [TEST_STEP][PASSED] - if (typeOfData == "Факт в процентах" || typeOfData == "План в процентах"): null

17-03-2025T07:07:05 - [TEST_STEP][PASSED] - else: null

17-03-2025T07:07:05 - [TEST_STEP][PASSED] - setValueToCellByIndex(sheet01, n, 3, fileInt): null

17-03-2025T07:07:05 - [TEST_STEP][PASSED] - setValueToCellByIndex(sheet01, n, 4, "нет данных"): null

17-03-2025T07:07:05 - [TEST_STEP][PASSED] - setValueToCellByIndex(sheet01, n, 5, m): null

17-03-2025T07:07:05 - [TEST_STEP][PASSED] - setValueToCellByIndex(sheet01, n, 6, y): null

17-03-2025T07:07:05 - [TEST_STEP][PASSED] - setValueToCellByIndex(sheet01, n, 7, todaysDate): null

17-03-2025T07:07:05 - [TEST_STEP][PASSED] - n = n + 1: null

17-03-2025T07:07:05 - [TEST_STEP][PASSED] - saveWorkbook(excelFilePath, workbook01): null

17-03-2025T07:07:05 - [TEST_STEP][PASSED] - compare = pageOtpuskVSet: null

17-03-2025T07:07:05 - [TEST_STEP][PASSED] - if (pageOtpuskVSet != null): null

17-03-2025T07:07:05 - [TEST_STEP][PASSED] - if (compare == fileOtpuskVSet): null

17-03-2025T07:07:05 - [TEST_STEP][PASSED] - if (compare == fileOtpuskVSet): null

17-03-2025T07:07:05 - [TEST_STEP][PASSED] - compare = pagePoteri: null

17-03-2025T07:07:05 - [TEST_STEP][PASSED] - if (pageOtpuskVSet != null): null

17-03-2025T07:07:05 - [TEST_STEP][PASSED] - if (compare == filePoteri): null

17-03-2025T07:07:05 - [TEST_STEP][PASSED] - else if (compare > filePoteri): null

17-03-2025T07:07:05 - [TEST_STEP][PASSED] - compare = compare - 1: null

17-03-2025T07:07:05 - [TEST_STEP][PASSED] - if (compare == filePoteri): null

17-03-2025T07:07:05 - [TEST_STEP][PASSED] - else: null

17-03-2025T07:07:05 - [TEST_STEP][PASSED] - numberOfErrors = numberOfErrors + 1: null

17-03-2025T07:07:05 - [TEST_STEP][PASSED] - pageInt = pagePoteri: null

17-03-2025T07:07:05 - [TEST_STEP][PASSED] - fileInt = filePoteri: null

17-03-2025T07:07:05 - [TEST_STEP][PASSED] - typeOfData = typeOfDataMain + " Потери": null

17-03-2025T07:07:05 - [TEST_STEP][PASSED] - Script1718980020443.WriteToExcel(a, typeOfData, todaysDate, pageInt, fileInt, pageDouble, fileDouble, dZO): null

17-03-2025T07:07:05 - [TEST_STEP][PASSED] - sheetName = "Sheet1": null

17-03-2025T07:07:05 - [TEST_STEP][PASSED] - data = findTestData("PlanFact"): null

17-03-2025T07:07:05 - [TEST_STEP][PASSED] - n = data.getRowNumbers() + 1: null

17-03-2025T07:07:05 - [TEST_STEP][PASSED] - day = ")).toInteger(): null

17-03-2025T07:07:05 - [TEST_STEP][PASSED] - println(day): null

17-03-2025T07:07:05 - [TEST_STEP][PASSED] - month = ")).toInteger(): null

17-03-2025T07:07:05 - [TEST_STEP][PASSED] - println(month): null

17-03-2025T07:07:05 - [TEST_STEP][PASSED] - y = <not implemented yet for class: org.codehaus.groovy.ast.expr.EmptyExpression>: null

17-03-2025T07:07:05 - [TEST_STEP][PASSED] - iy = <not implemented yet for class: org.codehaus.groovy.ast.expr.EmptyExpression>: null

17-03-2025T07:07:05 - [TEST_STEP][PASSED] - m = getText(findTestObject("Выполнение бизнес-плана/Период")): Text of object 'Object Repository/Выполнение бизнес-плана/Период' is: 'Январь 2025 года'

17-03-2025T07:07:05 - [MESSAGE][PASSED] - Text of object 'Object Repository/Выполнение бизнес-плана/Период' is: 'Январь 2025 года'

17-03-2025T07:07:05 - [TEST_STEP][PASSED] - iy = m.indexOf("20"): null

17-03-2025T07:07:05 - [TEST_STEP][PASSED] - if (iy > -1): null

17-03-2025T07:07:05 - [TEST_STEP][PASSED] - y = substring(iy, iy + 4).toInteger(): null

17-03-2025T07:07:05 - [TEST_STEP][PASSED] - println(y): null

17-03-2025T07:07:05 - [TEST_STEP][PASSED] - if (toString().length() == 4): null

17-03-2025T07:07:05 - [TEST_STEP][PASSED] - m = m.substring(0, m.indexOf(y.toString())): null

17-03-2025T07:07:05 - [TEST_STEP][PASSED] - m = m.trim(): null

17-03-2025T07:07:05 - [TEST_STEP][PASSED] - if (m == ""): null

17-03-2025T07:07:05 - [TEST_STEP][PASSED] - dashboardName = "Выполнение бизнес-плана": null

17-03-2025T07:07:05 - [TEST_STEP][PASSED] - workbook01 = getWorkbook(excelFilePath): null

17-03-2025T07:07:05 - [TEST_STEP][PASSED] - sheet01 = getExcelSheet(workbook01, sheetName): null

17-03-2025T07:07:05 - [TEST_STEP][PASSED] - setValueToCellByIndex(sheet01, n, 0, dashboardName): null

17-03-2025T07:07:05 - [TEST_STEP][PASSED] - setValueToCellByIndex(sheet01, n, 1, dZO): null

17-03-2025T07:07:05 - [TEST_STEP][PASSED] - setValueToCellByIndex(sheet01, n, 2, typeOfData): null

17-03-2025T07:07:05 - [TEST_STEP][PASSED] - if (typeOfData == "Факт в процентах" || typeOfData == "План в процентах"): null

17-03-2025T07:07:05 - [TEST_STEP][PASSED] - else: null

17-03-2025T07:07:05 - [TEST_STEP][PASSED] - setValueToCellByIndex(sheet01, n, 3, fileInt): null

17-03-2025T07:07:05 - [TEST_STEP][PASSED] - setValueToCellByIndex(sheet01, n, 4, pageInt): null

17-03-2025T07:07:05 - [TEST_STEP][PASSED] - setValueToCellByIndex(sheet01, n, 5, m): null

17-03-2025T07:07:05 - [TEST_STEP][PASSED] - setValueToCellByIndex(sheet01, n, 6, y): null

17-03-2025T07:07:05 - [TEST_STEP][PASSED] - setValueToCellByIndex(sheet01, n, 7, todaysDate): null

17-03-2025T07:07:05 - [TEST_STEP][PASSED] - n = n + 1: null

17-03-2025T07:07:05 - [TEST_STEP][PASSED] - saveWorkbook(excelFilePath, workbook01): Object: 'Object Repository/Выполнение бизнес-плана/Кнопка Факт' is clicked on

17-03-2025T07:07:06 - [TEST_STEP][PASSED] - if (planFact == 2): Object: 'Object Repository/Выполнение бизнес-плана/Кнопка Факт' is clicked on

17-03-2025T07:07:06 - [TEST_STEP][PASSED] - click(findTestObject("Выполнение бизнес-плана/Кнопка Факт")): Object: 'Object Repository/Выполнение бизнес-плана/Кнопка Факт' is clicked on

17-03-2025T07:07:06 - [MESSAGE][PASSED] - Object: 'Object Repository/Выполнение бизнес-плана/Кнопка Факт' is clicked on

17-03-2025T07:07:06 - [TEST_STEP][PASSED] - println("a=" + a): null

17-03-2025T07:07:06 - [TEST_STEP][PASSED] - if (a == 84 || a == 82): null

17-03-2025T07:07:06 - [TEST_STEP][PASSED] - else if (a == 83 || a == 52 || a == 72 || a == 28 || a == 73 || a == 77 || a == 74 || a == 65 || a == 36 || a == 44 || a == 53 || a == 80 || a == 54 || a == 1 || a == 18 || a == 59 || a == 81): null

17-03-2025T07:07:06 - [TEST_STEP][PASSED] - page1 = getText(findTestObject("Object Repository/Выполнение бизнес-плана/spanPlan" + dzoNum)): Text of object 'Object Repository/Выполнение бизнес-плана/spanPlan5' is: '11.82
|'

17-03-2025T07:07:06 - [MESSAGE][PASSED] - Text of object 'Object Repository/Выполнение бизнес-плана/spanPlan5' is: '11.82
|'

17-03-2025T07:07:06 - [TEST_STEP][PASSED] - page1 = page1.replace("|", ""): null

17-03-2025T07:07:06 - [TEST_STEP][PASSED] - page2 = getText(findTestObject("Object Repository/Выполнение бизнес-плана/spanFact" + dzoNum)): Text of object 'Object Repository/Выполнение бизнес-плана/spanFact5' is: '11.52'

17-03-2025T07:07:07 - [MESSAGE][PASSED] - Text of object 'Object Repository/Выполнение бизнес-плана/spanFact5' is: '11.52'

17-03-2025T07:07:07 - [TEST_STEP][PASSED] - page2 = page2.replace("|", ""): null

17-03-2025T07:07:07 - [TEST_STEP][PASSED] - println("page1: " + page1): null

17-03-2025T07:07:07 - [TEST_STEP][PASSED] - println("page2: " + page2): null

17-03-2025T07:07:07 - [TEST_STEP][PASSED] - file = findTestData("PlanFact").getValue(4, a): null

17-03-2025T07:07:07 - [TEST_STEP][PASSED] - file = file.replace(",", "."): null

17-03-2025T07:07:07 - [TEST_STEP][PASSED] - println("file Plan: " + file): null

17-03-2025T07:07:07 - [TEST_STEP][PASSED] - typeOfData = "План в процентах": null

17-03-2025T07:07:07 - [TEST_STEP][PASSED] - fileDouble = file.toDouble(): null

17-03-2025T07:07:07 - [TEST_STEP][PASSED] - pageDouble = page1.toDouble(): null

17-03-2025T07:07:07 - [TEST_STEP][PASSED] - if (fileDouble != pageDouble): null

17-03-2025T07:07:07 - [TEST_STEP][PASSED] - file = findTestData("PlanFact").getValue(7, a): null

17-03-2025T07:07:07 - [TEST_STEP][PASSED] - file = file.replace(",", "."): null

17-03-2025T07:07:07 - [TEST_STEP][PASSED] - println("file Fact: " + file): null

17-03-2025T07:07:07 - [TEST_STEP][PASSED] - fileDouble = file.toDouble(): null

17-03-2025T07:07:07 - [TEST_STEP][PASSED] - typeOfData = "Факт в процентах": null

17-03-2025T07:07:07 - [TEST_STEP][PASSED] - fileDouble = file.toDouble(): null

17-03-2025T07:07:07 - [TEST_STEP][PASSED] - pageDouble = page2.toDouble(): null

17-03-2025T07:07:07 - [TEST_STEP][PASSED] - if (fileDouble != pageDouble): null

17-03-2025T07:07:07 - [TEST_STEP][FAILED] - if (verifyEqual(numberOfErrors, 0) == false): null

17-03-2025T07:07:07 - [MESSAGE][FAILED] - Unable to verify equal between actual object '2' and expected object '0' (Root cause: com.kms.katalon.core.exception.StepFailedException: Actual object '2' and expected object '0' are not equal
	at com.kms.katalon.core.keyword.builtin.VerifyEqualKeyword$_verifyEqual_closure1.doCall(VerifyEqualKeyword.groovy:58)
	at com.kms.katalon.core.keyword.builtin.VerifyEqualKeyword$_verifyEqual_closure1.call(VerifyEqualKeyword.groovy)
	at com.kms.katalon.core.keyword.internal.KeywordMain.runKeyword(KeywordMain.groovy:75)
	at com.kms.katalon.core.keyword.builtin.VerifyEqualKeyword.verifyEqual(VerifyEqualKeyword.groovy:63)
	at com.kms.katalon.core.keyword.builtin.VerifyEqualKeyword.execute(VerifyEqualKeyword.groovy:44)
	at com.kms.katalon.core.keyword.internal.KeywordExecutor.executeKeywordForPlatform(KeywordExecutor.groovy:74)
	at com.kms.katalon.core.keyword.BuiltinKeywords.verifyEqual(BuiltinKeywords.groovy:146)
	at jdk.internal.reflect.GeneratedMethodAccessor23.invoke(Unknown Source)
	at java.base/jdk.internal.reflect.DelegatingMethodAccessorImpl.invoke(DelegatingMethodAccessorImpl.java:43)
	at Выполнение бизнес-плана Сверка ПАО Россети все филиалы.Numbers(Выполнение бизнес-плана Сверка ПАО Россети все филиалы:744)
	at Выполнение бизнес-плана Сверка ПАО Россети все филиалы.run(Выполнение бизнес-плана Сверка ПАО Россети все филиалы:329)
	at com.kms.katalon.core.main.ScriptEngine.run(ScriptEngine.java:194)
	at com.kms.katalon.core.main.ScriptEngine.runScriptAsRawText(ScriptEngine.java:119)
	at com.kms.katalon.core.main.TestCaseExecutor.runScript(TestCaseExecutor.java:448)
	at com.kms.katalon.core.main.TestCaseExecutor.doExecute(TestCaseExecutor.java:439)
	at com.kms.katalon.core.main.TestCaseExecutor.processExecutionPhase(TestCaseExecutor.java:418)
	at com.kms.katalon.core.main.TestCaseExecutor.accessMainPhase(TestCaseExecutor.java:410)
	at com.kms.katalon.core.main.TestCaseExecutor.execute(TestCaseExecutor.java:285)
	at com.kms.katalon.core.common.CommonExecutor.accessTestCaseMainPhase(CommonExecutor.java:65)
	at com.kms.katalon.core.main.TestSuiteExecutor.accessTestSuiteMainPhase(TestSuiteExecutor.java:150)
	at com.kms.katalon.core.main.TestSuiteExecutor.execute(TestSuiteExecutor.java:106)
	at com.kms.katalon.core.main.TestCaseMain.startTestSuite(TestCaseMain.java:180)
	at TempTestSuite1742171011514.run(TempTestSuite1742171011514.groovy:35)
	at java.base/jdk.internal.reflect.NativeMethodAccessorImpl.invoke0(Native Method)
	at java.base/jdk.internal.reflect.NativeMethodAccessorImpl.invoke(NativeMethodAccessorImpl.java:77)
	at java.base/jdk.internal.reflect.DelegatingMethodAccessorImpl.invoke(DelegatingMethodAccessorImpl.java:43)
)

17-03-2025T07:07:07 - [TEST_STEP][PASSED] - println(numberOfErrors): null

17-03-2025T07:07:07 - [TEST_STEP][PASSED] - println("a=" + a): null

17-03-2025T07:07:07 - [TEST_STEP][PASSED] - if (a == 28 || a == 77 || a == 74 || a == 65 || a == 36 || a == 44 || a == 54 || a == 1 || a == 18 || a == 59): null

17-03-2025T07:07:07 - [TEST_STEP][PASSED] - if (a == 82): null

17-03-2025T07:07:07 - [TEST_STEP][PASSED] - println(dzoNum): null

17-03-2025T07:07:07 - [TEST_STEP][PASSED] - dZO = "Россети Тюмень": null

17-03-2025T07:07:07 - [TEST_STEP][PASSED] - a = 80: null

17-03-2025T07:07:07 - [TEST_STEP][PASSED] - if (x1.contains("Тюмень")): null

17-03-2025T07:07:07 - [TEST_STEP][PASSED] - else: null

17-03-2025T07:07:07 - [TEST_STEP][PASSED] - Script1718980020443.NoData(a, typeOfData, todaysDate, fileInt, fileDouble, dZO): null

17-03-2025T07:07:07 - [TEST_STEP][PASSED] - println(a): null

17-03-2025T07:07:07 - [TEST_STEP][PASSED] - println(todaysDate): null

17-03-2025T07:07:07 - [TEST_STEP][PASSED] - println(fileInt): null

17-03-2025T07:07:07 - [TEST_STEP][PASSED] - println(fileDouble): null

17-03-2025T07:07:07 - [TEST_STEP][PASSED] - println(dZO): null

17-03-2025T07:07:07 - [TEST_STEP][PASSED] - typeOfData = "Факт Отпуск в сеть": null

17-03-2025T07:07:07 - [TEST_STEP][PASSED] - fileInt = replaceAll("\s+", "").toInteger(): null

17-03-2025T07:07:07 - [TEST_STEP][PASSED] - Script1718980020443.WriteToExcelNoData(a, typeOfData, todaysDate, fileInt, fileDouble, dZO): null

17-03-2025T07:07:07 - [TEST_STEP][PASSED] - sheetName = "Sheet1": null

17-03-2025T07:07:07 - [TEST_STEP][PASSED] - data = findTestData("PlanFact"): null

17-03-2025T07:07:07 - [TEST_STEP][PASSED] - n = data.getRowNumbers() + 1: null

17-03-2025T07:07:07 - [TEST_STEP][PASSED] - day = ")).toInteger(): null

17-03-2025T07:07:07 - [TEST_STEP][PASSED] - println(day): null

17-03-2025T07:07:07 - [TEST_STEP][PASSED] - month = ")).toInteger(): null

17-03-2025T07:07:07 - [TEST_STEP][PASSED] - println(month): null

17-03-2025T07:07:07 - [TEST_STEP][PASSED] - y = <not implemented yet for class: org.codehaus.groovy.ast.expr.EmptyExpression>: null

17-03-2025T07:07:07 - [TEST_STEP][PASSED] - iy = <not implemented yet for class: org.codehaus.groovy.ast.expr.EmptyExpression>: null

17-03-2025T07:07:07 - [TEST_STEP][PASSED] - m = getText(findTestObject("Выполнение бизнес-плана/Период")): Text of object 'Object Repository/Выполнение бизнес-плана/Период' is: 'Январь 2025 года'

17-03-2025T07:07:07 - [MESSAGE][PASSED] - Text of object 'Object Repository/Выполнение бизнес-плана/Период' is: 'Январь 2025 года'

17-03-2025T07:07:07 - [TEST_STEP][PASSED] - iy = m.indexOf("20"): null

17-03-2025T07:07:07 - [TEST_STEP][PASSED] - if (iy > -1): null

17-03-2025T07:07:07 - [TEST_STEP][PASSED] - y = substring(iy, iy + 4).toInteger(): null

17-03-2025T07:07:07 - [TEST_STEP][PASSED] - println(y): null

17-03-2025T07:07:07 - [TEST_STEP][PASSED] - if (toString().length() == 4): null

17-03-2025T07:07:07 - [TEST_STEP][PASSED] - m = m.substring(0, m.indexOf(y.toString())): null

17-03-2025T07:07:07 - [TEST_STEP][PASSED] - m = m.trim(): null

17-03-2025T07:07:07 - [TEST_STEP][PASSED] - if (m == ""): null

17-03-2025T07:07:07 - [TEST_STEP][PASSED] - dashboardName = "Выполнение бизнес-плана": null

17-03-2025T07:07:07 - [TEST_STEP][PASSED] - workbook01 = getWorkbook(excelFilePath): null

17-03-2025T07:07:07 - [TEST_STEP][PASSED] - sheet01 = getExcelSheet(workbook01, sheetName): null

17-03-2025T07:07:07 - [TEST_STEP][PASSED] - setValueToCellByIndex(sheet01, n, 0, dashboardName): null

17-03-2025T07:07:07 - [TEST_STEP][PASSED] - setValueToCellByIndex(sheet01, n, 1, dZO): null

17-03-2025T07:07:07 - [TEST_STEP][PASSED] - setValueToCellByIndex(sheet01, n, 2, typeOfData): null

17-03-2025T07:07:07 - [TEST_STEP][PASSED] - if (typeOfData == "Факт в процентах" || typeOfData == "План в процентах"): null

17-03-2025T07:07:07 - [TEST_STEP][PASSED] - else: null

17-03-2025T07:07:07 - [TEST_STEP][PASSED] - setValueToCellByIndex(sheet01, n, 3, fileInt): null

17-03-2025T07:07:07 - [TEST_STEP][PASSED] - setValueToCellByIndex(sheet01, n, 4, "нет данных"): null

17-03-2025T07:07:07 - [TEST_STEP][PASSED] - setValueToCellByIndex(sheet01, n, 5, m): null

17-03-2025T07:07:07 - [TEST_STEP][PASSED] - setValueToCellByIndex(sheet01, n, 6, y): null

17-03-2025T07:07:07 - [TEST_STEP][PASSED] - setValueToCellByIndex(sheet01, n, 7, todaysDate): null

17-03-2025T07:07:07 - [TEST_STEP][PASSED] - n = n + 1: null

17-03-2025T07:07:07 - [TEST_STEP][PASSED] - saveWorkbook(excelFilePath, workbook01): null

17-03-2025T07:07:07 - [TEST_STEP][PASSED] - typeOfData = "Факт Потери": null

17-03-2025T07:07:07 - [TEST_STEP][PASSED] - fileInt = replaceAll("\s+", "").toInteger(): null

17-03-2025T07:07:08 - [TEST_STEP][PASSED] - Script1718980020443.WriteToExcelNoData(a, typeOfData, todaysDate, fileInt, fileDouble, dZO): null

17-03-2025T07:07:08 - [TEST_STEP][PASSED] - sheetName = "Sheet1": null

17-03-2025T07:07:08 - [TEST_STEP][PASSED] - data = findTestData("PlanFact"): null

17-03-2025T07:07:08 - [TEST_STEP][PASSED] - n = data.getRowNumbers() + 1: null

17-03-2025T07:07:08 - [TEST_STEP][PASSED] - day = ")).toInteger(): null

17-03-2025T07:07:08 - [TEST_STEP][PASSED] - println(day): null

17-03-2025T07:07:08 - [TEST_STEP][PASSED] - month = ")).toInteger(): null

17-03-2025T07:07:08 - [TEST_STEP][PASSED] - println(month): null

17-03-2025T07:07:08 - [TEST_STEP][PASSED] - y = <not implemented yet for class: org.codehaus.groovy.ast.expr.EmptyExpression>: null

17-03-2025T07:07:08 - [TEST_STEP][PASSED] - iy = <not implemented yet for class: org.codehaus.groovy.ast.expr.EmptyExpression>: null

17-03-2025T07:07:08 - [TEST_STEP][PASSED] - m = getText(findTestObject("Выполнение бизнес-плана/Период")): Text of object 'Object Repository/Выполнение бизнес-плана/Период' is: 'Январь 2025 года'

17-03-2025T07:07:08 - [MESSAGE][PASSED] - Text of object 'Object Repository/Выполнение бизнес-плана/Период' is: 'Январь 2025 года'

17-03-2025T07:07:08 - [TEST_STEP][PASSED] - iy = m.indexOf("20"): null

17-03-2025T07:07:08 - [TEST_STEP][PASSED] - if (iy > -1): null

17-03-2025T07:07:08 - [TEST_STEP][PASSED] - y = substring(iy, iy + 4).toInteger(): null

17-03-2025T07:07:08 - [TEST_STEP][PASSED] - println(y): null

17-03-2025T07:07:08 - [TEST_STEP][PASSED] - if (toString().length() == 4): null

17-03-2025T07:07:08 - [TEST_STEP][PASSED] - m = m.substring(0, m.indexOf(y.toString())): null

17-03-2025T07:07:08 - [TEST_STEP][PASSED] - m = m.trim(): null

17-03-2025T07:07:08 - [TEST_STEP][PASSED] - if (m == ""): null

17-03-2025T07:07:08 - [TEST_STEP][PASSED] - dashboardName = "Выполнение бизнес-плана": null

17-03-2025T07:07:08 - [TEST_STEP][PASSED] - workbook01 = getWorkbook(excelFilePath): null

17-03-2025T07:07:08 - [TEST_STEP][PASSED] - sheet01 = getExcelSheet(workbook01, sheetName): null

17-03-2025T07:07:08 - [TEST_STEP][PASSED] - setValueToCellByIndex(sheet01, n, 0, dashboardName): null

17-03-2025T07:07:08 - [TEST_STEP][PASSED] - setValueToCellByIndex(sheet01, n, 1, dZO): null

17-03-2025T07:07:08 - [TEST_STEP][PASSED] - setValueToCellByIndex(sheet01, n, 2, typeOfData): null

17-03-2025T07:07:08 - [TEST_STEP][PASSED] - if (typeOfData == "Факт в процентах" || typeOfData == "План в процентах"): null

17-03-2025T07:07:08 - [TEST_STEP][PASSED] - else: null

17-03-2025T07:07:08 - [TEST_STEP][PASSED] - setValueToCellByIndex(sheet01, n, 3, fileInt): null

17-03-2025T07:07:08 - [TEST_STEP][PASSED] - setValueToCellByIndex(sheet01, n, 4, "нет данных"): null

17-03-2025T07:07:08 - [TEST_STEP][PASSED] - setValueToCellByIndex(sheet01, n, 5, m): null

17-03-2025T07:07:08 - [TEST_STEP][PASSED] - setValueToCellByIndex(sheet01, n, 6, y): null

17-03-2025T07:07:08 - [TEST_STEP][PASSED] - setValueToCellByIndex(sheet01, n, 7, todaysDate): null

17-03-2025T07:07:08 - [TEST_STEP][PASSED] - n = n + 1: null

17-03-2025T07:07:08 - [TEST_STEP][PASSED] - saveWorkbook(excelFilePath, workbook01): null

17-03-2025T07:07:08 - [TEST_STEP][PASSED] - typeOfData = "План Отпуск в сеть": null

17-03-2025T07:07:08 - [TEST_STEP][PASSED] - fileInt = replaceAll("\s+", "").toInteger(): null

17-03-2025T07:07:08 - [TEST_STEP][PASSED] - Script1718980020443.WriteToExcelNoData(a, typeOfData, todaysDate, fileInt, fileDouble, dZO): null

17-03-2025T07:07:08 - [TEST_STEP][PASSED] - sheetName = "Sheet1": null

17-03-2025T07:07:08 - [TEST_STEP][PASSED] - data = findTestData("PlanFact"): null

17-03-2025T07:07:08 - [TEST_STEP][PASSED] - n = data.getRowNumbers() + 1: null

17-03-2025T07:07:08 - [TEST_STEP][PASSED] - day = ")).toInteger(): null

17-03-2025T07:07:08 - [TEST_STEP][PASSED] - println(day): null

17-03-2025T07:07:08 - [TEST_STEP][PASSED] - month = ")).toInteger(): null

17-03-2025T07:07:08 - [TEST_STEP][PASSED] - println(month): null

17-03-2025T07:07:08 - [TEST_STEP][PASSED] - y = <not implemented yet for class: org.codehaus.groovy.ast.expr.EmptyExpression>: null

17-03-2025T07:07:08 - [TEST_STEP][PASSED] - iy = <not implemented yet for class: org.codehaus.groovy.ast.expr.EmptyExpression>: null

17-03-2025T07:07:08 - [TEST_STEP][PASSED] - m = getText(findTestObject("Выполнение бизнес-плана/Период")): Text of object 'Object Repository/Выполнение бизнес-плана/Период' is: 'Январь 2025 года'

17-03-2025T07:07:09 - [MESSAGE][PASSED] - Text of object 'Object Repository/Выполнение бизнес-плана/Период' is: 'Январь 2025 года'

17-03-2025T07:07:09 - [TEST_STEP][PASSED] - iy = m.indexOf("20"): null

17-03-2025T07:07:09 - [TEST_STEP][PASSED] - if (iy > -1): null

17-03-2025T07:07:09 - [TEST_STEP][PASSED] - y = substring(iy, iy + 4).toInteger(): null

17-03-2025T07:07:09 - [TEST_STEP][PASSED] - println(y): null

17-03-2025T07:07:09 - [TEST_STEP][PASSED] - if (toString().length() == 4): null

17-03-2025T07:07:09 - [TEST_STEP][PASSED] - m = m.substring(0, m.indexOf(y.toString())): null

17-03-2025T07:07:09 - [TEST_STEP][PASSED] - m = m.trim(): null

17-03-2025T07:07:09 - [TEST_STEP][PASSED] - if (m == ""): null

17-03-2025T07:07:09 - [TEST_STEP][PASSED] - dashboardName = "Выполнение бизнес-плана": null

17-03-2025T07:07:09 - [TEST_STEP][PASSED] - workbook01 = getWorkbook(excelFilePath): null

17-03-2025T07:07:09 - [TEST_STEP][PASSED] - sheet01 = getExcelSheet(workbook01, sheetName): null

17-03-2025T07:07:09 - [TEST_STEP][PASSED] - setValueToCellByIndex(sheet01, n, 0, dashboardName): null

17-03-2025T07:07:09 - [TEST_STEP][PASSED] - setValueToCellByIndex(sheet01, n, 1, dZO): null

17-03-2025T07:07:09 - [TEST_STEP][PASSED] - setValueToCellByIndex(sheet01, n, 2, typeOfData): null

17-03-2025T07:07:09 - [TEST_STEP][PASSED] - if (typeOfData == "Факт в процентах" || typeOfData == "План в процентах"): null

17-03-2025T07:07:09 - [TEST_STEP][PASSED] - else: null

17-03-2025T07:07:09 - [TEST_STEP][PASSED] - setValueToCellByIndex(sheet01, n, 3, fileInt): null

17-03-2025T07:07:09 - [TEST_STEP][PASSED] - setValueToCellByIndex(sheet01, n, 4, "нет данных"): null

17-03-2025T07:07:09 - [TEST_STEP][PASSED] - setValueToCellByIndex(sheet01, n, 5, m): null

17-03-2025T07:07:09 - [TEST_STEP][PASSED] - setValueToCellByIndex(sheet01, n, 6, y): null

17-03-2025T07:07:09 - [TEST_STEP][PASSED] - setValueToCellByIndex(sheet01, n, 7, todaysDate): null

17-03-2025T07:07:09 - [TEST_STEP][PASSED] - n = n + 1: null

17-03-2025T07:07:09 - [TEST_STEP][PASSED] - saveWorkbook(excelFilePath, workbook01): null

17-03-2025T07:07:09 - [TEST_STEP][PASSED] - typeOfData = "План Потери": null

17-03-2025T07:07:09 - [TEST_STEP][PASSED] - fileInt = replaceAll("\s+", "").toInteger(): null

17-03-2025T07:07:09 - [TEST_STEP][PASSED] - Script1718980020443.WriteToExcelNoData(a, typeOfData, todaysDate, fileInt, fileDouble, dZO): null

17-03-2025T07:07:09 - [TEST_STEP][PASSED] - sheetName = "Sheet1": null

17-03-2025T07:07:09 - [TEST_STEP][PASSED] - data = findTestData("PlanFact"): null

17-03-2025T07:07:09 - [TEST_STEP][PASSED] - n = data.getRowNumbers() + 1: null

17-03-2025T07:07:09 - [TEST_STEP][PASSED] - day = ")).toInteger(): null

17-03-2025T07:07:09 - [TEST_STEP][PASSED] - println(day): null

17-03-2025T07:07:09 - [TEST_STEP][PASSED] - month = ")).toInteger(): null

17-03-2025T07:07:09 - [TEST_STEP][PASSED] - println(month): null

17-03-2025T07:07:09 - [TEST_STEP][PASSED] - y = <not implemented yet for class: org.codehaus.groovy.ast.expr.EmptyExpression>: null

17-03-2025T07:07:09 - [TEST_STEP][PASSED] - iy = <not implemented yet for class: org.codehaus.groovy.ast.expr.EmptyExpression>: null

17-03-2025T07:07:09 - [TEST_STEP][PASSED] - m = getText(findTestObject("Выполнение бизнес-плана/Период")): Text of object 'Object Repository/Выполнение бизнес-плана/Период' is: 'Январь 2025 года'

17-03-2025T07:07:09 - [MESSAGE][PASSED] - Text of object 'Object Repository/Выполнение бизнес-плана/Период' is: 'Январь 2025 года'

17-03-2025T07:07:09 - [TEST_STEP][PASSED] - iy = m.indexOf("20"): null

17-03-2025T07:07:09 - [TEST_STEP][PASSED] - if (iy > -1): null

17-03-2025T07:07:09 - [TEST_STEP][PASSED] - y = substring(iy, iy + 4).toInteger(): null

17-03-2025T07:07:09 - [TEST_STEP][PASSED] - println(y): null

17-03-2025T07:07:09 - [TEST_STEP][PASSED] - if (toString().length() == 4): null

17-03-2025T07:07:09 - [TEST_STEP][PASSED] - m = m.substring(0, m.indexOf(y.toString())): null

17-03-2025T07:07:09 - [TEST_STEP][PASSED] - m = m.trim(): null

17-03-2025T07:07:09 - [TEST_STEP][PASSED] - if (m == ""): null

17-03-2025T07:07:09 - [TEST_STEP][PASSED] - dashboardName = "Выполнение бизнес-плана": null

17-03-2025T07:07:09 - [TEST_STEP][PASSED] - workbook01 = getWorkbook(excelFilePath): null

17-03-2025T07:07:09 - [TEST_STEP][PASSED] - sheet01 = getExcelSheet(workbook01, sheetName): null

17-03-2025T07:07:09 - [TEST_STEP][PASSED] - setValueToCellByIndex(sheet01, n, 0, dashboardName): null

17-03-2025T07:07:09 - [TEST_STEP][PASSED] - setValueToCellByIndex(sheet01, n, 1, dZO): null

17-03-2025T07:07:09 - [TEST_STEP][PASSED] - setValueToCellByIndex(sheet01, n, 2, typeOfData): null

17-03-2025T07:07:09 - [TEST_STEP][PASSED] - if (typeOfData == "Факт в процентах" || typeOfData == "План в процентах"): null

17-03-2025T07:07:09 - [TEST_STEP][PASSED] - else: null

17-03-2025T07:07:09 - [TEST_STEP][PASSED] - setValueToCellByIndex(sheet01, n, 3, fileInt): null

17-03-2025T07:07:09 - [TEST_STEP][PASSED] - setValueToCellByIndex(sheet01, n, 4, "нет данных"): null

17-03-2025T07:07:09 - [TEST_STEP][PASSED] - setValueToCellByIndex(sheet01, n, 5, m): null

17-03-2025T07:07:09 - [TEST_STEP][PASSED] - setValueToCellByIndex(sheet01, n, 6, y): null

17-03-2025T07:07:09 - [TEST_STEP][PASSED] - setValueToCellByIndex(sheet01, n, 7, todaysDate): null

17-03-2025T07:07:09 - [TEST_STEP][PASSED] - n = n + 1: null

17-03-2025T07:07:09 - [TEST_STEP][PASSED] - saveWorkbook(excelFilePath, workbook01): null

17-03-2025T07:07:09 - [TEST_STEP][PASSED] - typeOfData = "План в процентах": null

17-03-2025T07:07:09 - [TEST_STEP][PASSED] - fileDouble = ").toDouble(): null

17-03-2025T07:07:10 - [TEST_STEP][PASSED] - Script1718980020443.WriteToExcelNoData(a, typeOfData, todaysDate, fileInt, fileDouble, dZO): null

17-03-2025T07:07:10 - [TEST_STEP][PASSED] - sheetName = "Sheet1": null

17-03-2025T07:07:10 - [TEST_STEP][PASSED] - data = findTestData("PlanFact"): null

17-03-2025T07:07:10 - [TEST_STEP][PASSED] - n = data.getRowNumbers() + 1: null

17-03-2025T07:07:10 - [TEST_STEP][PASSED] - day = ")).toInteger(): null

17-03-2025T07:07:10 - [TEST_STEP][PASSED] - println(day): null

17-03-2025T07:07:10 - [TEST_STEP][PASSED] - month = ")).toInteger(): null

17-03-2025T07:07:10 - [TEST_STEP][PASSED] - println(month): null

17-03-2025T07:07:10 - [TEST_STEP][PASSED] - y = <not implemented yet for class: org.codehaus.groovy.ast.expr.EmptyExpression>: null

17-03-2025T07:07:10 - [TEST_STEP][PASSED] - iy = <not implemented yet for class: org.codehaus.groovy.ast.expr.EmptyExpression>: null

17-03-2025T07:07:10 - [TEST_STEP][PASSED] - m = getText(findTestObject("Выполнение бизнес-плана/Период")): Text of object 'Object Repository/Выполнение бизнес-плана/Период' is: 'Январь 2025 года'

17-03-2025T07:07:10 - [MESSAGE][PASSED] - Text of object 'Object Repository/Выполнение бизнес-плана/Период' is: 'Январь 2025 года'

17-03-2025T07:07:10 - [TEST_STEP][PASSED] - iy = m.indexOf("20"): null

17-03-2025T07:07:10 - [TEST_STEP][PASSED] - if (iy > -1): null

17-03-2025T07:07:10 - [TEST_STEP][PASSED] - y = substring(iy, iy + 4).toInteger(): null

17-03-2025T07:07:10 - [TEST_STEP][PASSED] - println(y): null

17-03-2025T07:07:10 - [TEST_STEP][PASSED] - if (toString().length() == 4): null

17-03-2025T07:07:10 - [TEST_STEP][PASSED] - m = m.substring(0, m.indexOf(y.toString())): null

17-03-2025T07:07:10 - [TEST_STEP][PASSED] - m = m.trim(): null

17-03-2025T07:07:10 - [TEST_STEP][PASSED] - if (m == ""): null

17-03-2025T07:07:10 - [TEST_STEP][PASSED] - dashboardName = "Выполнение бизнес-плана": null

17-03-2025T07:07:10 - [TEST_STEP][PASSED] - workbook01 = getWorkbook(excelFilePath): null

17-03-2025T07:07:10 - [TEST_STEP][PASSED] - sheet01 = getExcelSheet(workbook01, sheetName): null

17-03-2025T07:07:10 - [TEST_STEP][PASSED] - setValueToCellByIndex(sheet01, n, 0, dashboardName): null

17-03-2025T07:07:10 - [TEST_STEP][PASSED] - setValueToCellByIndex(sheet01, n, 1, dZO): null

17-03-2025T07:07:10 - [TEST_STEP][PASSED] - setValueToCellByIndex(sheet01, n, 2, typeOfData): null

17-03-2025T07:07:10 - [TEST_STEP][PASSED] - if (typeOfData == "Факт в процентах" || typeOfData == "План в процентах"): null

17-03-2025T07:07:10 - [TEST_STEP][PASSED] - setValueToCellByIndex(sheet01, n, 3, fileDouble): null

17-03-2025T07:07:10 - [TEST_STEP][PASSED] - setValueToCellByIndex(sheet01, n, 4, "нет данных"): null

17-03-2025T07:07:10 - [TEST_STEP][PASSED] - setValueToCellByIndex(sheet01, n, 5, m): null

17-03-2025T07:07:10 - [TEST_STEP][PASSED] - setValueToCellByIndex(sheet01, n, 6, y): null

17-03-2025T07:07:10 - [TEST_STEP][PASSED] - setValueToCellByIndex(sheet01, n, 7, todaysDate): null

17-03-2025T07:07:10 - [TEST_STEP][PASSED] - n = n + 1: null

17-03-2025T07:07:10 - [TEST_STEP][PASSED] - saveWorkbook(excelFilePath, workbook01): null

17-03-2025T07:07:10 - [TEST_STEP][PASSED] - typeOfData = "Факт в процентах": null

17-03-2025T07:07:10 - [TEST_STEP][PASSED] - fileDouble = ").toDouble(): null

17-03-2025T07:07:10 - [TEST_STEP][PASSED] - Script1718980020443.WriteToExcelNoData(a, typeOfData, todaysDate, fileInt, fileDouble, dZO): null

17-03-2025T07:07:10 - [TEST_STEP][PASSED] - sheetName = "Sheet1": null

17-03-2025T07:07:10 - [TEST_STEP][PASSED] - data = findTestData("PlanFact"): null

17-03-2025T07:07:10 - [TEST_STEP][PASSED] - n = data.getRowNumbers() + 1: null

17-03-2025T07:07:10 - [TEST_STEP][PASSED] - day = ")).toInteger(): null

17-03-2025T07:07:10 - [TEST_STEP][PASSED] - println(day): null

17-03-2025T07:07:10 - [TEST_STEP][PASSED] - month = ")).toInteger(): null

17-03-2025T07:07:10 - [TEST_STEP][PASSED] - println(month): null

17-03-2025T07:07:10 - [TEST_STEP][PASSED] - y = <not implemented yet for class: org.codehaus.groovy.ast.expr.EmptyExpression>: null

17-03-2025T07:07:10 - [TEST_STEP][PASSED] - iy = <not implemented yet for class: org.codehaus.groovy.ast.expr.EmptyExpression>: null

17-03-2025T07:07:10 - [TEST_STEP][PASSED] - m = getText(findTestObject("Выполнение бизнес-плана/Период")): Text of object 'Object Repository/Выполнение бизнес-плана/Период' is: 'Январь 2025 года'

17-03-2025T07:07:11 - [MESSAGE][PASSED] - Text of object 'Object Repository/Выполнение бизнес-плана/Период' is: 'Январь 2025 года'

17-03-2025T07:07:11 - [TEST_STEP][PASSED] - iy = m.indexOf("20"): null

17-03-2025T07:07:11 - [TEST_STEP][PASSED] - if (iy > -1): null

17-03-2025T07:07:11 - [TEST_STEP][PASSED] - y = substring(iy, iy + 4).toInteger(): null

17-03-2025T07:07:11 - [TEST_STEP][PASSED] - println(y): null

17-03-2025T07:07:11 - [TEST_STEP][PASSED] - if (toString().length() == 4): null

17-03-2025T07:07:11 - [TEST_STEP][PASSED] - m = m.substring(0, m.indexOf(y.toString())): null

17-03-2025T07:07:11 - [TEST_STEP][PASSED] - m = m.trim(): null

17-03-2025T07:07:11 - [TEST_STEP][PASSED] - if (m == ""): null

17-03-2025T07:07:11 - [TEST_STEP][PASSED] - dashboardName = "Выполнение бизнес-плана": null

17-03-2025T07:07:11 - [TEST_STEP][PASSED] - workbook01 = getWorkbook(excelFilePath): null

17-03-2025T07:07:11 - [TEST_STEP][PASSED] - sheet01 = getExcelSheet(workbook01, sheetName): null

17-03-2025T07:07:11 - [TEST_STEP][PASSED] - setValueToCellByIndex(sheet01, n, 0, dashboardName): null

17-03-2025T07:07:11 - [TEST_STEP][PASSED] - setValueToCellByIndex(sheet01, n, 1, dZO): null

17-03-2025T07:07:11 - [TEST_STEP][PASSED] - setValueToCellByIndex(sheet01, n, 2, typeOfData): null

17-03-2025T07:07:11 - [TEST_STEP][PASSED] - if (typeOfData == "Факт в процентах" || typeOfData == "План в процентах"): null

17-03-2025T07:07:11 - [TEST_STEP][PASSED] - setValueToCellByIndex(sheet01, n, 3, fileDouble): null

17-03-2025T07:07:11 - [TEST_STEP][PASSED] - setValueToCellByIndex(sheet01, n, 4, "нет данных"): null

17-03-2025T07:07:11 - [TEST_STEP][PASSED] - setValueToCellByIndex(sheet01, n, 5, m): null

17-03-2025T07:07:11 - [TEST_STEP][PASSED] - setValueToCellByIndex(sheet01, n, 6, y): null

17-03-2025T07:07:11 - [TEST_STEP][PASSED] - setValueToCellByIndex(sheet01, n, 7, todaysDate): null

17-03-2025T07:07:11 - [TEST_STEP][PASSED] - n = n + 1: null

17-03-2025T07:07:11 - [TEST_STEP][PASSED] - saveWorkbook(excelFilePath, workbook01): null

17-03-2025T07:07:11 - [TEST_STEP][PASSED] - println(dzoNum): null

17-03-2025T07:07:11 - [TEST_STEP][PASSED] - dZO = "Россети Урал (ГК)": null

17-03-2025T07:07:11 - [TEST_STEP][PASSED] - a = 54: null

17-03-2025T07:07:11 - [TEST_STEP][PASSED] - if (x1.contains("Урал")): null

17-03-2025T07:07:11 - [TEST_STEP][PASSED] - dzoNum = dzoNum + 1: null

17-03-2025T07:07:11 - [TEST_STEP][PASSED] - Script1718980020443.Numbers(a, typeOfData, todaysDate, pageInt, fileInt, pageDouble, fileDouble, dZO, dzoNum, filialNum): null

17-03-2025T07:07:11 - [TEST_STEP][PASSED] - println(dzoNum): null

17-03-2025T07:07:11 - [TEST_STEP][PASSED] - planFact = <not implemented yet for class: org.codehaus.groovy.ast.expr.EmptyExpression>: null

17-03-2025T07:07:11 - [TEST_STEP][PASSED] - page = <not implemented yet for class: org.codehaus.groovy.ast.expr.EmptyExpression>: null

17-03-2025T07:07:11 - [TEST_STEP][PASSED] - page1 = <not implemented yet for class: org.codehaus.groovy.ast.expr.EmptyExpression>: null

17-03-2025T07:07:11 - [TEST_STEP][PASSED] - page2 = <not implemented yet for class: org.codehaus.groovy.ast.expr.EmptyExpression>: null

17-03-2025T07:07:11 - [TEST_STEP][PASSED] - filialNumberInRow = <not implemented yet for class: org.codehaus.groovy.ast.expr.EmptyExpression>: null

17-03-2025T07:07:11 - [TEST_STEP][PASSED] - filialsDzoNames = <not implemented yet for class: org.codehaus.groovy.ast.expr.EmptyExpression>: null

17-03-2025T07:07:11 - [TEST_STEP][PASSED] - numberOfFilials = <not implemented yet for class: org.codehaus.groovy.ast.expr.EmptyExpression>: null

17-03-2025T07:07:11 - [TEST_STEP][PASSED] - numberOfSpaces = <not implemented yet for class: org.codehaus.groovy.ast.expr.EmptyExpression>: null

17-03-2025T07:07:11 - [TEST_STEP][PASSED] - file = <not implemented yet for class: org.codehaus.groovy.ast.expr.EmptyExpression>: null

17-03-2025T07:07:11 - [TEST_STEP][PASSED] - otpusk = <not implemented yet for class: org.codehaus.groovy.ast.expr.EmptyExpression>: null

17-03-2025T07:07:11 - [TEST_STEP][PASSED] - poteri = <not implemented yet for class: org.codehaus.groovy.ast.expr.EmptyExpression>: null

17-03-2025T07:07:11 - [TEST_STEP][PASSED] - dataFolder = "Выполнение бизнес-плана/Значения со страницы Выполнение бизнес-плана/": null

17-03-2025T07:07:11 - [TEST_STEP][PASSED] - path = <not implemented yet for class: org.codehaus.groovy.ast.expr.EmptyExpression>: null

17-03-2025T07:07:11 - [TEST_STEP][PASSED] - typeOfDataMain = <not implemented yet for class: org.codehaus.groovy.ast.expr.EmptyExpression>: null

17-03-2025T07:07:11 - [TEST_STEP][PASSED] - fileOtpuskVSet = <not implemented yet for class: org.codehaus.groovy.ast.expr.EmptyExpression>: null

17-03-2025T07:07:11 - [TEST_STEP][PASSED] - pageOtpuskVSet = <not implemented yet for class: org.codehaus.groovy.ast.expr.EmptyExpression>: null

17-03-2025T07:07:11 - [TEST_STEP][PASSED] - filePoteri = <not implemented yet for class: org.codehaus.groovy.ast.expr.EmptyExpression>: null

17-03-2025T07:07:11 - [TEST_STEP][PASSED] - pagePoteri = <not implemented yet for class: org.codehaus.groovy.ast.expr.EmptyExpression>: null

17-03-2025T07:07:11 - [TEST_STEP][PASSED] - compare = <not implemented yet for class: org.codehaus.groovy.ast.expr.EmptyExpression>: null

17-03-2025T07:07:11 - [TEST_STEP][PASSED] - b = <not implemented yet for class: org.codehaus.groovy.ast.expr.EmptyExpression>: null

17-03-2025T07:07:11 - [TEST_STEP][PASSED] - i = <not implemented yet for class: org.codehaus.groovy.ast.expr.EmptyExpression>: null

17-03-2025T07:07:11 - [TEST_STEP][PASSED] - ii = <not implemented yet for class: org.codehaus.groovy.ast.expr.EmptyExpression>: null

17-03-2025T07:07:11 - [TEST_STEP][PASSED] - c = <not implemented yet for class: org.codehaus.groovy.ast.expr.EmptyExpression>: null

17-03-2025T07:07:11 - [TEST_STEP][PASSED] - numberOfErrors = 0: null

17-03-2025T07:07:11 - [TEST_STEP][PASSED] - if (a == 82): null

17-03-2025T07:07:11 - [TEST_STEP][PASSED] - b = findTestData("PlanFact").getValue(1, a): null

17-03-2025T07:07:11 - [TEST_STEP][PASSED] - i = b.indexOf(" (ГК)"): null

17-03-2025T07:07:11 - [TEST_STEP][PASSED] - if (i > -1): null

17-03-2025T07:07:11 - [TEST_STEP][PASSED] - b = b.substring(0, i): null

17-03-2025T07:07:11 - [TEST_STEP][PASSED] - i = b.indexOf("О ""): null

17-03-2025T07:07:11 - [TEST_STEP][PASSED] - if (i > -1): null

17-03-2025T07:07:11 - [TEST_STEP][PASSED] - i = b.indexOf("О «"): null

17-03-2025T07:07:11 - [TEST_STEP][PASSED] - if (i > -1): null

17-03-2025T07:07:11 - [TEST_STEP][PASSED] - i = b.indexOf("г. "): null

17-03-2025T07:07:11 - [TEST_STEP][PASSED] - if (i > -1): null

17-03-2025T07:07:11 - [TEST_STEP][PASSED] - b = b.trim(): null

17-03-2025T07:07:11 - [TEST_STEP][PASSED] - println(b): null

17-03-2025T07:07:11 - [TEST_STEP][PASSED] - for ([planFact = 1, planFact < 3, (planFact++)]): null

17-03-2025T07:07:11 - [TEST_STEP][PASSED] - if (planFact == 1): null

17-03-2025T07:07:11 - [TEST_STEP][PASSED] - typeOfDataMain = "Факт": null

17-03-2025T07:07:11 - [TEST_STEP][PASSED] - otpusk = findTestData("PlanFact").getValue(5, a): null

17-03-2025T07:07:11 - [TEST_STEP][PASSED] - poteri = findTestData("PlanFact").getValue(6, a): null

17-03-2025T07:07:11 - [TEST_STEP][PASSED] - otpusk = otpusk.replaceAll("\s+", ""): null

17-03-2025T07:07:11 - [TEST_STEP][PASSED] - poteri = poteri.replaceAll("\s+", ""): null

17-03-2025T07:07:11 - [TEST_STEP][PASSED] - typeOfData = typeOfDataMain + " Отпуск в сеть": null

17-03-2025T07:07:11 - [TEST_STEP][PASSED] - if (a == 82): null

17-03-2025T07:07:11 - [TEST_STEP][PASSED] - else if (a == 84): null

17-03-2025T07:07:11 - [TEST_STEP][PASSED] - else if (a == 83 || a == 52 || a == 72 || a == 28 || a == 73 || a == 77 || a == 74 || a == 65 || a == 36 || a == 44 || a == 53 || a == 80 || a == 54 || a == 1 || a == 18 || a == 59 || a == 81): null

17-03-2025T07:07:11 - [TEST_STEP][PASSED] - path = dataFolder + "Table Data/" + typeOfData + " за отчётный период " + dzoNum: null

17-03-2025T07:07:11 - [TEST_STEP][PASSED] - println(path): null

17-03-2025T07:07:11 - [TEST_STEP][PASSED] - page = getText(findTestObject(path)): Text of object 'Object Repository/Выполнение бизнес-плана/Значения со страницы Выполнение бизнес-плана/Table Data/Факт Отпуск в сеть за отчётный период 6' is: '6 843 010'

17-03-2025T07:07:11 - [MESSAGE][PASSED] - Text of object 'Object Repository/Выполнение бизнес-плана/Значения со страницы Выполнение бизнес-плана/Table Data/Факт Отпуск в сеть за отчётный период 6' is: '6 843 010'

17-03-2025T07:07:11 - [TEST_STEP][PASSED] - if (page == "" || page == null): null

17-03-2025T07:07:11 - [TEST_STEP][PASSED] - else: null

17-03-2025T07:07:11 - [TEST_STEP][PASSED] - page = page.replaceAll("\s+", ""): null

17-03-2025T07:07:11 - [TEST_STEP][PASSED] - if (page == "undefined"): null

17-03-2025T07:07:11 - [TEST_STEP][PASSED] - fileOtpuskVSet = otpusk.toInteger(): null

17-03-2025T07:07:11 - [TEST_STEP][PASSED] - pageOtpuskVSet = page.toInteger(): null

17-03-2025T07:07:11 - [TEST_STEP][PASSED] - typeOfData = typeOfDataMain + " Потери": null

17-03-2025T07:07:11 - [TEST_STEP][PASSED] - if (a == 82): null

17-03-2025T07:07:11 - [TEST_STEP][PASSED] - else if (a == 84): null

17-03-2025T07:07:11 - [TEST_STEP][PASSED] - else if (a == 83 || a == 52 || a == 72 || a == 28 || a == 73 || a == 77 || a == 74 || a == 65 || a == 44 || a == 53 || a == 80 || a == 54 || a == 1 || a == 18 || a == 59 || a == 81): null

17-03-2025T07:07:11 - [TEST_STEP][PASSED] - path = dataFolder + "Table Data/" + typeOfData + " за отчётный период " + dzoNum: null

17-03-2025T07:07:11 - [TEST_STEP][PASSED] - page = getText(findTestObject(path)): Text of object 'Object Repository/Выполнение бизнес-плана/Значения со страницы Выполнение бизнес-плана/Table Data/Факт Потери за отчётный период 6' is: '429 434'

17-03-2025T07:07:12 - [MESSAGE][PASSED] - Text of object 'Object Repository/Выполнение бизнес-плана/Значения со страницы Выполнение бизнес-плана/Table Data/Факт Потери за отчётный период 6' is: '429 434'

17-03-2025T07:07:12 - [TEST_STEP][PASSED] - if (page == "" || page == null): null

17-03-2025T07:07:12 - [TEST_STEP][PASSED] - else: null

17-03-2025T07:07:12 - [TEST_STEP][PASSED] - page = page.replaceAll("\s+", ""): null

17-03-2025T07:07:12 - [TEST_STEP][PASSED] - if (page == "undefined"): null

17-03-2025T07:07:12 - [TEST_STEP][PASSED] - filePoteri = poteri.toInteger(): null

17-03-2025T07:07:12 - [TEST_STEP][PASSED] - pagePoteri = page.toInteger(): null

17-03-2025T07:07:12 - [TEST_STEP][PASSED] - compare = pageOtpuskVSet: null

17-03-2025T07:07:12 - [TEST_STEP][PASSED] - if (pageOtpuskVSet != null): null

17-03-2025T07:07:12 - [TEST_STEP][PASSED] - if (compare == fileOtpuskVSet): null

17-03-2025T07:07:12 - [TEST_STEP][PASSED] - if (compare == fileOtpuskVSet): null

17-03-2025T07:07:12 - [TEST_STEP][PASSED] - compare = pagePoteri: null

17-03-2025T07:07:12 - [TEST_STEP][PASSED] - if (pageOtpuskVSet != null): null

17-03-2025T07:07:12 - [TEST_STEP][PASSED] - if (compare == filePoteri): null

17-03-2025T07:07:12 - [TEST_STEP][PASSED] - else if (compare > filePoteri): null

17-03-2025T07:07:12 - [TEST_STEP][PASSED] - else if (compare < filePoteri): null

17-03-2025T07:07:12 - [TEST_STEP][PASSED] - compare = compare + 1: null

17-03-2025T07:07:12 - [TEST_STEP][PASSED] - if (compare == filePoteri): null

17-03-2025T07:07:12 - [TEST_STEP][PASSED] - else: null

17-03-2025T07:07:12 - [TEST_STEP][PASSED] - numberOfErrors = numberOfErrors + 1: null

17-03-2025T07:07:12 - [TEST_STEP][PASSED] - pageInt = pagePoteri: null

17-03-2025T07:07:12 - [TEST_STEP][PASSED] - fileInt = filePoteri: null

17-03-2025T07:07:12 - [TEST_STEP][PASSED] - typeOfData = typeOfDataMain + " Потери": null

17-03-2025T07:07:12 - [TEST_STEP][PASSED] - Script1718980020443.WriteToExcel(a, typeOfData, todaysDate, pageInt, fileInt, pageDouble, fileDouble, dZO): null

17-03-2025T07:07:12 - [TEST_STEP][PASSED] - sheetName = "Sheet1": null

17-03-2025T07:07:12 - [TEST_STEP][PASSED] - data = findTestData("PlanFact"): null

17-03-2025T07:07:12 - [TEST_STEP][PASSED] - n = data.getRowNumbers() + 1: null

17-03-2025T07:07:12 - [TEST_STEP][PASSED] - day = ")).toInteger(): null

17-03-2025T07:07:12 - [TEST_STEP][PASSED] - println(day): null

17-03-2025T07:07:12 - [TEST_STEP][PASSED] - month = ")).toInteger(): null

17-03-2025T07:07:12 - [TEST_STEP][PASSED] - println(month): null

17-03-2025T07:07:12 - [TEST_STEP][PASSED] - y = <not implemented yet for class: org.codehaus.groovy.ast.expr.EmptyExpression>: null

17-03-2025T07:07:12 - [TEST_STEP][PASSED] - iy = <not implemented yet for class: org.codehaus.groovy.ast.expr.EmptyExpression>: null

17-03-2025T07:07:12 - [TEST_STEP][PASSED] - m = getText(findTestObject("Выполнение бизнес-плана/Период")): Text of object 'Object Repository/Выполнение бизнес-плана/Период' is: 'Январь 2025 года'

17-03-2025T07:07:12 - [MESSAGE][PASSED] - Text of object 'Object Repository/Выполнение бизнес-плана/Период' is: 'Январь 2025 года'

17-03-2025T07:07:12 - [TEST_STEP][PASSED] - iy = m.indexOf("20"): null

17-03-2025T07:07:12 - [TEST_STEP][PASSED] - if (iy > -1): null

17-03-2025T07:07:12 - [TEST_STEP][PASSED] - y = substring(iy, iy + 4).toInteger(): null

17-03-2025T07:07:12 - [TEST_STEP][PASSED] - println(y): null

17-03-2025T07:07:12 - [TEST_STEP][PASSED] - if (toString().length() == 4): null

17-03-2025T07:07:12 - [TEST_STEP][PASSED] - m = m.substring(0, m.indexOf(y.toString())): null

17-03-2025T07:07:12 - [TEST_STEP][PASSED] - m = m.trim(): null

17-03-2025T07:07:12 - [TEST_STEP][PASSED] - if (m == ""): null

17-03-2025T07:07:12 - [TEST_STEP][PASSED] - dashboardName = "Выполнение бизнес-плана": null

17-03-2025T07:07:12 - [TEST_STEP][PASSED] - workbook01 = getWorkbook(excelFilePath): null

17-03-2025T07:07:12 - [TEST_STEP][PASSED] - sheet01 = getExcelSheet(workbook01, sheetName): null

17-03-2025T07:07:12 - [TEST_STEP][PASSED] - setValueToCellByIndex(sheet01, n, 0, dashboardName): null

17-03-2025T07:07:12 - [TEST_STEP][PASSED] - setValueToCellByIndex(sheet01, n, 1, dZO): null

17-03-2025T07:07:12 - [TEST_STEP][PASSED] - setValueToCellByIndex(sheet01, n, 2, typeOfData): null

17-03-2025T07:07:12 - [TEST_STEP][PASSED] - if (typeOfData == "Факт в процентах" || typeOfData == "План в процентах"): null

17-03-2025T07:07:12 - [TEST_STEP][PASSED] - else: null

17-03-2025T07:07:12 - [TEST_STEP][PASSED] - setValueToCellByIndex(sheet01, n, 3, fileInt): null

17-03-2025T07:07:12 - [TEST_STEP][PASSED] - setValueToCellByIndex(sheet01, n, 4, pageInt): null

17-03-2025T07:07:12 - [TEST_STEP][PASSED] - setValueToCellByIndex(sheet01, n, 5, m): null

17-03-2025T07:07:12 - [TEST_STEP][PASSED] - setValueToCellByIndex(sheet01, n, 6, y): null

17-03-2025T07:07:12 - [TEST_STEP][PASSED] - setValueToCellByIndex(sheet01, n, 7, todaysDate): null

17-03-2025T07:07:12 - [TEST_STEP][PASSED] - n = n + 1: null

17-03-2025T07:07:12 - [TEST_STEP][FAILED] - saveWorkbook(excelFilePath, workbook01): null

17-03-2025T07:07:12 - [TEST_STEP][PASSED] - if (planFact == 2): null

17-03-2025T07:07:12 - [TEST_STEP][PASSED] - if (planFact == 1): null

17-03-2025T07:07:12 - [TEST_STEP][PASSED] - else if (planFact == 2): null

17-03-2025T07:07:12 - [TEST_STEP][PASSED] - click(findTestObject("Выполнение бизнес-плана/Кнопка План")): Object: 'Object Repository/Выполнение бизнес-плана/Кнопка План' is clicked on

17-03-2025T07:07:13 - [MESSAGE][PASSED] - Object: 'Object Repository/Выполнение бизнес-плана/Кнопка План' is clicked on

17-03-2025T07:07:13 - [TEST_STEP][PASSED] - typeOfDataMain = "План": null

17-03-2025T07:07:13 - [TEST_STEP][PASSED] - otpusk = findTestData("PlanFact").getValue(2, a): null

17-03-2025T07:07:13 - [TEST_STEP][PASSED] - poteri = findTestData("PlanFact").getValue(3, a): null

17-03-2025T07:07:13 - [TEST_STEP][PASSED] - otpusk = otpusk.replaceAll("\s+", ""): null

17-03-2025T07:07:13 - [TEST_STEP][PASSED] - poteri = poteri.replaceAll("\s+", ""): null

17-03-2025T07:07:13 - [TEST_STEP][PASSED] - typeOfData = typeOfDataMain + " Отпуск в сеть": null

17-03-2025T07:07:13 - [TEST_STEP][PASSED] - if (a == 82): null

17-03-2025T07:07:13 - [TEST_STEP][PASSED] - else if (a == 84): null

17-03-2025T07:07:13 - [TEST_STEP][PASSED] - else if (a == 83 || a == 52 || a == 72 || a == 28 || a == 73 || a == 77 || a == 74 || a == 65 || a == 36 || a == 44 || a == 53 || a == 80 || a == 54 || a == 1 || a == 18 || a == 59 || a == 81): null

17-03-2025T07:07:13 - [TEST_STEP][PASSED] - path = dataFolder + "Table Data/" + typeOfData + " за отчётный период " + dzoNum: null

17-03-2025T07:07:13 - [TEST_STEP][PASSED] - println(path): null

17-03-2025T07:07:13 - [TEST_STEP][PASSED] - page = getText(findTestObject(path)): Text of object 'Object Repository/Выполнение бизнес-плана/Значения со страницы Выполнение бизнес-плана/Table Data/План Отпуск в сеть за отчётный период 6' is: '7 177 213'

17-03-2025T07:07:13 - [MESSAGE][PASSED] - Text of object 'Object Repository/Выполнение бизнес-плана/Значения со страницы Выполнение бизнес-плана/Table Data/План Отпуск в сеть за отчётный период 6' is: '7 177 213'

17-03-2025T07:07:13 - [TEST_STEP][PASSED] - if (page == "" || page == null): null

17-03-2025T07:07:13 - [TEST_STEP][PASSED] - else: null

17-03-2025T07:07:13 - [TEST_STEP][PASSED] - page = page.replaceAll("\s+", ""): null

17-03-2025T07:07:13 - [TEST_STEP][PASSED] - if (page == "undefined"): null

17-03-2025T07:07:13 - [TEST_STEP][PASSED] - fileOtpuskVSet = otpusk.toInteger(): null

17-03-2025T07:07:13 - [TEST_STEP][PASSED] - pageOtpuskVSet = page.toInteger(): null

17-03-2025T07:07:13 - [TEST_STEP][PASSED] - typeOfData = typeOfDataMain + " Потери": null

17-03-2025T07:07:13 - [TEST_STEP][PASSED] - if (a == 82): null

17-03-2025T07:07:13 - [TEST_STEP][PASSED] - else if (a == 84): null

17-03-2025T07:07:13 - [TEST_STEP][PASSED] - else if (a == 83 || a == 52 || a == 72 || a == 28 || a == 73 || a == 77 || a == 74 || a == 65 || a == 44 || a == 53 || a == 80 || a == 54 || a == 1 || a == 18 || a == 59 || a == 81): null

17-03-2025T07:07:13 - [TEST_STEP][PASSED] - path = dataFolder + "Table Data/" + typeOfData + " за отчётный период " + dzoNum: null

17-03-2025T07:07:13 - [TEST_STEP][FAILED] - page = getText(findTestObject(path)): Unable to get text of object 'Object Repository/Выполнение бизнес-плана/Значения со страницы Выполнение бизнес-плана/Table Data/План Потери за отчётный период 6' (Root cause: com.kms.katalon.core.exception.StepFailedException: Unable to get text of object 'Object Repository/Выполнение бизнес-плана/Значения со страницы Выполнение бизнес-плана/Table Data/План Потери за отчётный период 6'
	at com.kms.katalon.core.webui.keyword.internal.WebUIKeywordMain.stepFailed(WebUIKeywordMain.groovy:64)
	at com.kms.katalon.core.webui.keyword.internal.WebUIKeywordMain.runKeyword(WebUIKeywordMain.groovy:26)
	at com.kms.katalon.core.webui.keyword.builtin.GetTextKeyword.getText(GetTextKeyword.groovy:88)
	at com.kms.katalon.core.webui.keyword.builtin.GetTextKeyword.execute(GetTextKeyword.groovy:67)
	at com.kms.katalon.core.keyword.internal.KeywordExecutor.executeKeywordForPlatform(KeywordExecutor.groovy:74)
	at com.kms.katalon.core.webui.keyword.WebUiBuiltInKeywords.getText(WebUiBuiltInKeywords.groovy:957)
	at Выполнение бизнес-плана Сверка ПАО Россети все филиалы.Numbers(Выполнение бизнес-плана Сверка ПАО Россети все филиалы:594)
	at Выполнение бизнес-плана Сверка ПАО Россети все филиалы.run(Выполнение бизнес-плана Сверка ПАО Россети все филиалы:357)
	at com.kms.katalon.core.main.ScriptEngine.run(ScriptEngine.java:194)
	at com.kms.katalon.core.main.ScriptEngine.runScriptAsRawText(ScriptEngine.java:119)
	at com.kms.katalon.core.main.TestCaseExecutor.runScript(TestCaseExecutor.java:448)
	at com.kms.katalon.core.main.TestCaseExecutor.doExecute(TestCaseExecutor.java:439)
	at com.kms.katalon.core.main.TestCaseExecutor.processExecutionPhase(TestCaseExecutor.java:418)
	at com.kms.katalon.core.main.TestCaseExecutor.accessMainPhase(TestCaseExecutor.java:410)
	at com.kms.katalon.core.main.TestCaseExecutor.execute(TestCaseExecutor.java:285)
	at com.kms.katalon.core.common.CommonExecutor.accessTestCaseMainPhase(CommonExecutor.java:65)
	at com.kms.katalon.core.main.TestSuiteExecutor.accessTestSuiteMainPhase(TestSuiteExecutor.java:150)
	at com.kms.katalon.core.main.TestSuiteExecutor.execute(TestSuiteExecutor.java:106)
	at com.kms.katalon.core.main.TestCaseMain.startTestSuite(TestCaseMain.java:180)
	at TempTestSuite1742171011514.run(TempTestSuite1742171011514.groovy:35)
	at java.base/jdk.internal.reflect.NativeMethodAccessorImpl.invoke0(Native Method)
	at java.base/jdk.internal.reflect.NativeMethodAccessorImpl.invoke(NativeMethodAccessorImpl.java:77)
	at java.base/jdk.internal.reflect.DelegatingMethodAccessorImpl.invoke(DelegatingMethodAccessorImpl.java:43)
Caused by: com.kms.katalon.core.webui.exception.WebElementNotFoundException: Web element with id: 'Object Repository/Выполнение бизнес-плана/Значения со страницы Выполнение бизнес-плана/Table Data/План Потери за отчётный период 6' located by '(.//*[normalize-space(text()) and normalize-space(.)='Показатели баланса электроэнергии по ДЗО – План'])[2]/following::td[40]' not found
	at com.kms.katalon.core.webui.common.WebUiCommonHelper.findWebElement(WebUiCommonHelper.java:1426)
	at com.kms.katalon.core.webui.keyword.internal.WebUIAbstractKeyword.findWebElement(WebUIAbstractKeyword.groovy:27)
	at com.kms.katalon.core.webui.keyword.internal.WebUIAbstractKeyword.findWebElement(WebUIAbstractKeyword.groovy:26)
	at com.kms.katalon.core.webui.keyword.builtin.GetTextKeyword$_getText_closure1.doCall(GetTextKeyword.groovy:78)
	at com.kms.katalon.core.webui.keyword.builtin.GetTextKeyword$_getText_closure1.call(GetTextKeyword.groovy)
	at com.kms.katalon.core.webui.keyword.internal.WebUIKeywordMain.runKeyword(WebUIKeywordMain.groovy:20)
	at com.kms.katalon.core.webui.keyword.builtin.GetTextKeyword.getText(GetTextKeyword.groovy:88)
	at com.kms.katalon.core.webui.keyword.builtin.GetTextKeyword.execute(GetTextKeyword.groovy:67)
	at com.kms.katalon.core.keyword.internal.KeywordExecutor.executeKeywordForPlatform(KeywordExecutor.groovy:74)
	at com.kms.katalon.core.webui.keyword.WebUiBuiltInKeywords.getText(WebUiBuiltInKeywords.groovy:957)
	at Script1718980020443.Numbers(Script1718980020443.groovy:594)
	at Script1718980020443.run(Script1718980020443.groovy:357)
	... 15 more
)

17-03-2025T07:07:44 - [MESSAGE][INFO] - Unable to find the element located by 'By.xpath: (.//*[normalize-space(text()) and normalize-space(.)='Показатели баланса электроэнергии по ДЗО – План'])[2]/following::td[40]'. Please recheck the objects properties to make sure the desired element is located. 

17-03-2025T07:07:44 - [MESSAGE][FAILED] - Unable to get text of object 'Object Repository/Выполнение бизнес-плана/Значения со страницы Выполнение бизнес-плана/Table Data/План Потери за отчётный период 6' (Root cause: com.kms.katalon.core.exception.StepFailedException: Unable to get text of object 'Object Repository/Выполнение бизнес-плана/Значения со страницы Выполнение бизнес-плана/Table Data/План Потери за отчётный период 6'
	at com.kms.katalon.core.webui.keyword.internal.WebUIKeywordMain.stepFailed(WebUIKeywordMain.groovy:64)
	at com.kms.katalon.core.webui.keyword.internal.WebUIKeywordMain.runKeyword(WebUIKeywordMain.groovy:26)
	at com.kms.katalon.core.webui.keyword.builtin.GetTextKeyword.getText(GetTextKeyword.groovy:88)
	at com.kms.katalon.core.webui.keyword.builtin.GetTextKeyword.execute(GetTextKeyword.groovy:67)
	at com.kms.katalon.core.keyword.internal.KeywordExecutor.executeKeywordForPlatform(KeywordExecutor.groovy:74)
	at com.kms.katalon.core.webui.keyword.WebUiBuiltInKeywords.getText(WebUiBuiltInKeywords.groovy:957)
	at Выполнение бизнес-плана Сверка ПАО Россети все филиалы.Numbers(Выполнение бизнес-плана Сверка ПАО Россети все филиалы:594)
	at Выполнение бизнес-плана Сверка ПАО Россети все филиалы.run(Выполнение бизнес-плана Сверка ПАО Россети все филиалы:357)
	at com.kms.katalon.core.main.ScriptEngine.run(ScriptEngine.java:194)
	at com.kms.katalon.core.main.ScriptEngine.runScriptAsRawText(ScriptEngine.java:119)
	at com.kms.katalon.core.main.TestCaseExecutor.runScript(TestCaseExecutor.java:448)
	at com.kms.katalon.core.main.TestCaseExecutor.doExecute(TestCaseExecutor.java:439)
	at com.kms.katalon.core.main.TestCaseExecutor.processExecutionPhase(TestCaseExecutor.java:418)
	at com.kms.katalon.core.main.TestCaseExecutor.accessMainPhase(TestCaseExecutor.java:410)
	at com.kms.katalon.core.main.TestCaseExecutor.execute(TestCaseExecutor.java:285)
	at com.kms.katalon.core.common.CommonExecutor.accessTestCaseMainPhase(CommonExecutor.java:65)
	at com.kms.katalon.core.main.TestSuiteExecutor.accessTestSuiteMainPhase(TestSuiteExecutor.java:150)
	at com.kms.katalon.core.main.TestSuiteExecutor.execute(TestSuiteExecutor.java:106)
	at com.kms.katalon.core.main.TestCaseMain.startTestSuite(TestCaseMain.java:180)
	at TempTestSuite1742171011514.run(TempTestSuite1742171011514.groovy:35)
	at java.base/jdk.internal.reflect.NativeMethodAccessorImpl.invoke0(Native Method)
	at java.base/jdk.internal.reflect.NativeMethodAccessorImpl.invoke(NativeMethodAccessorImpl.java:77)
	at java.base/jdk.internal.reflect.DelegatingMethodAccessorImpl.invoke(DelegatingMethodAccessorImpl.java:43)
Caused by: com.kms.katalon.core.webui.exception.WebElementNotFoundException: Web element with id: 'Object Repository/Выполнение бизнес-плана/Значения со страницы Выполнение бизнес-плана/Table Data/План Потери за отчётный период 6' located by '(.//*[normalize-space(text()) and normalize-space(.)='Показатели баланса электроэнергии по ДЗО – План'])[2]/following::td[40]' not found
	at com.kms.katalon.core.webui.common.WebUiCommonHelper.findWebElement(WebUiCommonHelper.java:1426)
	at com.kms.katalon.core.webui.keyword.internal.WebUIAbstractKeyword.findWebElement(WebUIAbstractKeyword.groovy:27)
	at com.kms.katalon.core.webui.keyword.internal.WebUIAbstractKeyword.findWebElement(WebUIAbstractKeyword.groovy:26)
	at com.kms.katalon.core.webui.keyword.builtin.GetTextKeyword$_getText_closure1.doCall(GetTextKeyword.groovy:78)
	at com.kms.katalon.core.webui.keyword.builtin.GetTextKeyword$_getText_closure1.call(GetTextKeyword.groovy)
	at com.kms.katalon.core.webui.keyword.internal.WebUIKeywordMain.runKeyword(WebUIKeywordMain.groovy:20)
	at com.kms.katalon.core.webui.keyword.builtin.GetTextKeyword.getText(GetTextKeyword.groovy:88)
	at com.kms.katalon.core.webui.keyword.builtin.GetTextKeyword.execute(GetTextKeyword.groovy:67)
	at com.kms.katalon.core.keyword.internal.KeywordExecutor.executeKeywordForPlatform(KeywordExecutor.groovy:74)
	at com.kms.katalon.core.webui.keyword.WebUiBuiltInKeywords.getText(WebUiBuiltInKeywords.groovy:957)
	at Script1718980020443.Numbers(Script1718980020443.groovy:594)
	at Script1718980020443.run(Script1718980020443.groovy:357)
	... 15 more
)
[[ATTACHMENT|C:\\Users\\LIAZGINA-DI\\git\\SPORU\\Reports\\20250317_032331\\\u041F\u043D-\u0421\u0440-\u041F\u0442\\\u0421\u0432\u0435\u0440\u043A\u0430 \u0434\u0430\u0448\u0431\u043E\u0440\u0434\u043E\u0432 \u0438\u0437 \u0440\u0430\u0437\u043D\u044B\u0445 \u0431\u043B\u043E\u043A\u043E\u0432\\20250317_032331\\1742184464569.png]]

17-03-2025T07:07:44 - [TEST_STEP][PASSED] - if (page == "" || page == null): null

17-03-2025T07:07:44 - [TEST_STEP][PASSED] - fileInt = poteri.toInteger(): null

17-03-2025T07:07:44 - [TEST_STEP][PASSED] - Script1718980020443.WriteToExcelNoData(a, typeOfData, todaysDate, fileInt, fileDouble, dZO): null

17-03-2025T07:07:44 - [TEST_STEP][PASSED] - sheetName = "Sheet1": null

17-03-2025T07:07:44 - [TEST_STEP][PASSED] - data = findTestData("PlanFact"): null

17-03-2025T07:07:44 - [TEST_STEP][PASSED] - n = data.getRowNumbers() + 1: null

17-03-2025T07:07:44 - [TEST_STEP][PASSED] - day = ")).toInteger(): null

17-03-2025T07:07:44 - [TEST_STEP][PASSED] - println(day): null

17-03-2025T07:07:44 - [TEST_STEP][PASSED] - month = ")).toInteger(): null

17-03-2025T07:07:44 - [TEST_STEP][PASSED] - println(month): null

17-03-2025T07:07:44 - [TEST_STEP][PASSED] - y = <not implemented yet for class: org.codehaus.groovy.ast.expr.EmptyExpression>: null

17-03-2025T07:07:44 - [TEST_STEP][PASSED] - iy = <not implemented yet for class: org.codehaus.groovy.ast.expr.EmptyExpression>: null

17-03-2025T07:07:44 - [TEST_STEP][PASSED] - m = getText(findTestObject("Выполнение бизнес-плана/Период")): Text of object 'Object Repository/Выполнение бизнес-плана/Период' is: 'Январь 2025 года'

17-03-2025T07:07:45 - [MESSAGE][PASSED] - Text of object 'Object Repository/Выполнение бизнес-плана/Период' is: 'Январь 2025 года'

17-03-2025T07:07:45 - [TEST_STEP][PASSED] - iy = m.indexOf("20"): null

17-03-2025T07:07:45 - [TEST_STEP][PASSED] - if (iy > -1): null

17-03-2025T07:07:45 - [TEST_STEP][PASSED] - y = substring(iy, iy + 4).toInteger(): null

17-03-2025T07:07:45 - [TEST_STEP][PASSED] - println(y): null

17-03-2025T07:07:45 - [TEST_STEP][PASSED] - if (toString().length() == 4): null

17-03-2025T07:07:45 - [TEST_STEP][PASSED] - m = m.substring(0, m.indexOf(y.toString())): null

17-03-2025T07:07:45 - [TEST_STEP][PASSED] - m = m.trim(): null

17-03-2025T07:07:45 - [TEST_STEP][PASSED] - if (m == ""): null

17-03-2025T07:07:45 - [TEST_STEP][PASSED] - dashboardName = "Выполнение бизнес-плана": null

17-03-2025T07:07:45 - [TEST_STEP][PASSED] - workbook01 = getWorkbook(excelFilePath): null

17-03-2025T07:07:45 - [TEST_STEP][PASSED] - sheet01 = getExcelSheet(workbook01, sheetName): null

17-03-2025T07:07:45 - [TEST_STEP][PASSED] - setValueToCellByIndex(sheet01, n, 0, dashboardName): null

17-03-2025T07:07:45 - [TEST_STEP][PASSED] - setValueToCellByIndex(sheet01, n, 1, dZO): null

17-03-2025T07:07:45 - [TEST_STEP][PASSED] - setValueToCellByIndex(sheet01, n, 2, typeOfData): null

17-03-2025T07:07:45 - [TEST_STEP][PASSED] - if (typeOfData == "Факт в процентах" || typeOfData == "План в процентах"): null

17-03-2025T07:07:45 - [TEST_STEP][PASSED] - else: null

17-03-2025T07:07:45 - [TEST_STEP][PASSED] - setValueToCellByIndex(sheet01, n, 3, fileInt): null

17-03-2025T07:07:45 - [TEST_STEP][PASSED] - setValueToCellByIndex(sheet01, n, 4, "нет данных"): null

17-03-2025T07:07:45 - [TEST_STEP][PASSED] - setValueToCellByIndex(sheet01, n, 5, m): null

17-03-2025T07:07:45 - [TEST_STEP][PASSED] - setValueToCellByIndex(sheet01, n, 6, y): null

17-03-2025T07:07:45 - [TEST_STEP][PASSED] - setValueToCellByIndex(sheet01, n, 7, todaysDate): null

17-03-2025T07:07:45 - [TEST_STEP][PASSED] - n = n + 1: null

17-03-2025T07:07:45 - [TEST_STEP][PASSED] - saveWorkbook(excelFilePath, workbook01): null

17-03-2025T07:07:45 - [TEST_STEP][PASSED] - compare = pageOtpuskVSet: null

17-03-2025T07:07:45 - [TEST_STEP][PASSED] - if (pageOtpuskVSet != null): null

17-03-2025T07:07:45 - [TEST_STEP][PASSED] - if (compare == fileOtpuskVSet): null

17-03-2025T07:07:45 - [TEST_STEP][PASSED] - if (compare == fileOtpuskVSet): null

17-03-2025T07:07:45 - [TEST_STEP][PASSED] - compare = pagePoteri: null

17-03-2025T07:07:45 - [TEST_STEP][PASSED] - if (pageOtpuskVSet != null): null

17-03-2025T07:07:45 - [TEST_STEP][PASSED] - if (compare == filePoteri): null

17-03-2025T07:07:45 - [TEST_STEP][PASSED] - else if (compare > filePoteri): null

17-03-2025T07:07:45 - [TEST_STEP][PASSED] - else if (compare < filePoteri): null

17-03-2025T07:07:45 - [TEST_STEP][PASSED] - compare = compare + 1: null

17-03-2025T07:07:45 - [TEST_STEP][PASSED] - if (compare == filePoteri): null

17-03-2025T07:07:45 - [TEST_STEP][PASSED] - else: null

17-03-2025T07:07:45 - [TEST_STEP][PASSED] - numberOfErrors = numberOfErrors + 1: null

17-03-2025T07:07:45 - [TEST_STEP][PASSED] - pageInt = pagePoteri: null

17-03-2025T07:07:45 - [TEST_STEP][PASSED] - fileInt = filePoteri: null

17-03-2025T07:07:45 - [TEST_STEP][PASSED] - typeOfData = typeOfDataMain + " Потери": null

17-03-2025T07:07:45 - [TEST_STEP][PASSED] - Script1718980020443.WriteToExcel(a, typeOfData, todaysDate, pageInt, fileInt, pageDouble, fileDouble, dZO): null

17-03-2025T07:07:45 - [TEST_STEP][PASSED] - sheetName = "Sheet1": null

17-03-2025T07:07:45 - [TEST_STEP][PASSED] - data = findTestData("PlanFact"): null

17-03-2025T07:07:45 - [TEST_STEP][PASSED] - n = data.getRowNumbers() + 1: null

17-03-2025T07:07:45 - [TEST_STEP][PASSED] - day = ")).toInteger(): null

17-03-2025T07:07:45 - [TEST_STEP][PASSED] - println(day): null

17-03-2025T07:07:45 - [TEST_STEP][PASSED] - month = ")).toInteger(): null

17-03-2025T07:07:45 - [TEST_STEP][PASSED] - println(month): null

17-03-2025T07:07:45 - [TEST_STEP][PASSED] - y = <not implemented yet for class: org.codehaus.groovy.ast.expr.EmptyExpression>: null

17-03-2025T07:07:45 - [TEST_STEP][PASSED] - iy = <not implemented yet for class: org.codehaus.groovy.ast.expr.EmptyExpression>: null

17-03-2025T07:07:45 - [TEST_STEP][PASSED] - m = getText(findTestObject("Выполнение бизнес-плана/Период")): Text of object 'Object Repository/Выполнение бизнес-плана/Период' is: 'Январь 2025 года'

17-03-2025T07:07:45 - [MESSAGE][PASSED] - Text of object 'Object Repository/Выполнение бизнес-плана/Период' is: 'Январь 2025 года'

17-03-2025T07:07:45 - [TEST_STEP][PASSED] - iy = m.indexOf("20"): null

17-03-2025T07:07:45 - [TEST_STEP][PASSED] - if (iy > -1): null

17-03-2025T07:07:45 - [TEST_STEP][PASSED] - y = substring(iy, iy + 4).toInteger(): null

17-03-2025T07:07:45 - [TEST_STEP][PASSED] - println(y): null

17-03-2025T07:07:45 - [TEST_STEP][PASSED] - if (toString().length() == 4): null

17-03-2025T07:07:45 - [TEST_STEP][PASSED] - m = m.substring(0, m.indexOf(y.toString())): null

17-03-2025T07:07:45 - [TEST_STEP][PASSED] - m = m.trim(): null

17-03-2025T07:07:45 - [TEST_STEP][PASSED] - if (m == ""): null

17-03-2025T07:07:45 - [TEST_STEP][PASSED] - dashboardName = "Выполнение бизнес-плана": null

17-03-2025T07:07:45 - [TEST_STEP][PASSED] - workbook01 = getWorkbook(excelFilePath): null

17-03-2025T07:07:45 - [TEST_STEP][PASSED] - sheet01 = getExcelSheet(workbook01, sheetName): null

17-03-2025T07:07:45 - [TEST_STEP][PASSED] - setValueToCellByIndex(sheet01, n, 0, dashboardName): null

17-03-2025T07:07:45 - [TEST_STEP][PASSED] - setValueToCellByIndex(sheet01, n, 1, dZO): null

17-03-2025T07:07:45 - [TEST_STEP][PASSED] - setValueToCellByIndex(sheet01, n, 2, typeOfData): null

17-03-2025T07:07:45 - [TEST_STEP][PASSED] - if (typeOfData == "Факт в процентах" || typeOfData == "План в процентах"): null

17-03-2025T07:07:45 - [TEST_STEP][PASSED] - else: null

17-03-2025T07:07:45 - [TEST_STEP][PASSED] - setValueToCellByIndex(sheet01, n, 3, fileInt): null

17-03-2025T07:07:45 - [TEST_STEP][PASSED] - setValueToCellByIndex(sheet01, n, 4, pageInt): null

17-03-2025T07:07:45 - [TEST_STEP][PASSED] - setValueToCellByIndex(sheet01, n, 5, m): null

17-03-2025T07:07:45 - [TEST_STEP][PASSED] - setValueToCellByIndex(sheet01, n, 6, y): null

17-03-2025T07:07:45 - [TEST_STEP][PASSED] - setValueToCellByIndex(sheet01, n, 7, todaysDate): null

17-03-2025T07:07:45 - [TEST_STEP][PASSED] - n = n + 1: null

17-03-2025T07:07:45 - [TEST_STEP][PASSED] - saveWorkbook(excelFilePath, workbook01): Object: 'Object Repository/Выполнение бизнес-плана/Кнопка Факт' is clicked on

17-03-2025T07:07:45 - [TEST_STEP][PASSED] - if (planFact == 2): Object: 'Object Repository/Выполнение бизнес-плана/Кнопка Факт' is clicked on

17-03-2025T07:07:45 - [TEST_STEP][PASSED] - click(findTestObject("Выполнение бизнес-плана/Кнопка Факт")): Object: 'Object Repository/Выполнение бизнес-плана/Кнопка Факт' is clicked on

17-03-2025T07:07:46 - [MESSAGE][PASSED] - Object: 'Object Repository/Выполнение бизнес-плана/Кнопка Факт' is clicked on

17-03-2025T07:07:46 - [TEST_STEP][PASSED] - println("a=" + a): null

17-03-2025T07:07:46 - [TEST_STEP][PASSED] - if (a == 84 || a == 82): null

17-03-2025T07:07:46 - [TEST_STEP][PASSED] - else if (a == 83 || a == 52 || a == 72 || a == 28 || a == 73 || a == 77 || a == 74 || a == 65 || a == 36 || a == 44 || a == 53 || a == 80 || a == 54 || a == 1 || a == 18 || a == 59 || a == 81): null

17-03-2025T07:07:46 - [TEST_STEP][PASSED] - page1 = getText(findTestObject("Object Repository/Выполнение бизнес-плана/spanPlan" + dzoNum)): Text of object 'Object Repository/Выполнение бизнес-плана/spanPlan6' is: '7.40
|'

17-03-2025T07:07:46 - [MESSAGE][PASSED] - Text of object 'Object Repository/Выполнение бизнес-плана/spanPlan6' is: '7.40
|'

17-03-2025T07:07:46 - [TEST_STEP][PASSED] - page1 = page1.replace("|", ""): null

17-03-2025T07:07:46 - [TEST_STEP][PASSED] - page2 = getText(findTestObject("Object Repository/Выполнение бизнес-плана/spanFact" + dzoNum)): Text of object 'Object Repository/Выполнение бизнес-плана/spanFact6' is: '7.12'

17-03-2025T07:07:46 - [MESSAGE][PASSED] - Text of object 'Object Repository/Выполнение бизнес-плана/spanFact6' is: '7.12'

17-03-2025T07:07:46 - [TEST_STEP][PASSED] - page2 = page2.replace("|", ""): null

17-03-2025T07:07:46 - [TEST_STEP][PASSED] - println("page1: " + page1): null

17-03-2025T07:07:46 - [TEST_STEP][PASSED] - println("page2: " + page2): null

17-03-2025T07:07:46 - [TEST_STEP][PASSED] - file = findTestData("PlanFact").getValue(4, a): null

17-03-2025T07:07:46 - [TEST_STEP][PASSED] - file = file.replace(",", "."): null

17-03-2025T07:07:46 - [TEST_STEP][PASSED] - println("file Plan: " + file): null

17-03-2025T07:07:46 - [TEST_STEP][PASSED] - typeOfData = "План в процентах": null

17-03-2025T07:07:46 - [TEST_STEP][PASSED] - fileDouble = file.toDouble(): null

17-03-2025T07:07:46 - [TEST_STEP][PASSED] - pageDouble = page1.toDouble(): null

17-03-2025T07:07:46 - [TEST_STEP][PASSED] - if (fileDouble != pageDouble): null

17-03-2025T07:07:46 - [TEST_STEP][PASSED] - file = findTestData("PlanFact").getValue(7, a): null

17-03-2025T07:07:46 - [TEST_STEP][PASSED] - file = file.replace(",", "."): null

17-03-2025T07:07:46 - [TEST_STEP][PASSED] - println("file Fact: " + file): null

17-03-2025T07:07:46 - [TEST_STEP][PASSED] - fileDouble = file.toDouble(): null

17-03-2025T07:07:46 - [TEST_STEP][PASSED] - typeOfData = "Факт в процентах": null

17-03-2025T07:07:46 - [TEST_STEP][PASSED] - fileDouble = file.toDouble(): null

17-03-2025T07:07:46 - [TEST_STEP][PASSED] - pageDouble = page2.toDouble(): null

17-03-2025T07:07:46 - [TEST_STEP][PASSED] - if (fileDouble != pageDouble): null

17-03-2025T07:07:46 - [TEST_STEP][FAILED] - if (verifyEqual(numberOfErrors, 0) == false): null

17-03-2025T07:07:46 - [MESSAGE][FAILED] - Unable to verify equal between actual object '2' and expected object '0' (Root cause: com.kms.katalon.core.exception.StepFailedException: Actual object '2' and expected object '0' are not equal
	at com.kms.katalon.core.keyword.builtin.VerifyEqualKeyword$_verifyEqual_closure1.doCall(VerifyEqualKeyword.groovy:58)
	at com.kms.katalon.core.keyword.builtin.VerifyEqualKeyword$_verifyEqual_closure1.call(VerifyEqualKeyword.groovy)
	at com.kms.katalon.core.keyword.internal.KeywordMain.runKeyword(KeywordMain.groovy:75)
	at com.kms.katalon.core.keyword.builtin.VerifyEqualKeyword.verifyEqual(VerifyEqualKeyword.groovy:63)
	at com.kms.katalon.core.keyword.builtin.VerifyEqualKeyword.execute(VerifyEqualKeyword.groovy:44)
	at com.kms.katalon.core.keyword.internal.KeywordExecutor.executeKeywordForPlatform(KeywordExecutor.groovy:74)
	at com.kms.katalon.core.keyword.BuiltinKeywords.verifyEqual(BuiltinKeywords.groovy:146)
	at jdk.internal.reflect.GeneratedMethodAccessor23.invoke(Unknown Source)
	at java.base/jdk.internal.reflect.DelegatingMethodAccessorImpl.invoke(DelegatingMethodAccessorImpl.java:43)
	at Выполнение бизнес-плана Сверка ПАО Россети все филиалы.Numbers(Выполнение бизнес-плана Сверка ПАО Россети все филиалы:744)
	at Выполнение бизнес-плана Сверка ПАО Россети все филиалы.run(Выполнение бизнес-плана Сверка ПАО Россети все филиалы:357)
	at com.kms.katalon.core.main.ScriptEngine.run(ScriptEngine.java:194)
	at com.kms.katalon.core.main.ScriptEngine.runScriptAsRawText(ScriptEngine.java:119)
	at com.kms.katalon.core.main.TestCaseExecutor.runScript(TestCaseExecutor.java:448)
	at com.kms.katalon.core.main.TestCaseExecutor.doExecute(TestCaseExecutor.java:439)
	at com.kms.katalon.core.main.TestCaseExecutor.processExecutionPhase(TestCaseExecutor.java:418)
	at com.kms.katalon.core.main.TestCaseExecutor.accessMainPhase(TestCaseExecutor.java:410)
	at com.kms.katalon.core.main.TestCaseExecutor.execute(TestCaseExecutor.java:285)
	at com.kms.katalon.core.common.CommonExecutor.accessTestCaseMainPhase(CommonExecutor.java:65)
	at com.kms.katalon.core.main.TestSuiteExecutor.accessTestSuiteMainPhase(TestSuiteExecutor.java:150)
	at com.kms.katalon.core.main.TestSuiteExecutor.execute(TestSuiteExecutor.java:106)
	at com.kms.katalon.core.main.TestCaseMain.startTestSuite(TestCaseMain.java:180)
	at TempTestSuite1742171011514.run(TempTestSuite1742171011514.groovy:35)
	at java.base/jdk.internal.reflect.NativeMethodAccessorImpl.invoke0(Native Method)
	at java.base/jdk.internal.reflect.NativeMethodAccessorImpl.invoke(NativeMethodAccessorImpl.java:77)
	at java.base/jdk.internal.reflect.DelegatingMethodAccessorImpl.invoke(DelegatingMethodAccessorImpl.java:43)
)

17-03-2025T07:07:46 - [TEST_STEP][PASSED] - println(numberOfErrors): null

17-03-2025T07:07:46 - [TEST_STEP][PASSED] - println("a=" + a): null

17-03-2025T07:07:46 - [TEST_STEP][PASSED] - if (a == 28 || a == 77 || a == 74 || a == 65 || a == 36 || a == 44 || a == 54 || a == 1 || a == 18 || a == 59): null

17-03-2025T07:07:46 - [TEST_STEP][PASSED] - Script1718980020443.Filials(a, typeOfData, todaysDate, pageInt, fileInt, pageDouble, fileDouble, dZO, dzoNum, filialNum): null

17-03-2025T07:07:46 - [TEST_STEP][PASSED] - i = <not implemented yet for class: org.codehaus.groovy.ast.expr.EmptyExpression>: null

17-03-2025T07:07:46 - [TEST_STEP][PASSED] - c = <not implemented yet for class: org.codehaus.groovy.ast.expr.EmptyExpression>: null

17-03-2025T07:07:46 - [TEST_STEP][PASSED] - page = <not implemented yet for class: org.codehaus.groovy.ast.expr.EmptyExpression>: null

17-03-2025T07:07:46 - [TEST_STEP][PASSED] - println(dZO): null

17-03-2025T07:07:46 - [TEST_STEP][PASSED] - reducedDZO = <not implemented yet for class: org.codehaus.groovy.ast.expr.EmptyExpression>: null

17-03-2025T07:07:46 - [TEST_STEP][PASSED] - reducedDZO = dZO.substring(dZO.indexOf(" ") + 1, dZO.length()): null

17-03-2025T07:07:46 - [TEST_STEP][PASSED] - if (reducedDZO.contains(" ")): null

17-03-2025T07:07:46 - [TEST_STEP][PASSED] - reducedDZO = reducedDZO.substring(reducedDZO.indexOf(" ") + 1, reducedDZO.length()): null

17-03-2025T07:07:46 - [TEST_STEP][PASSED] - if (reducedDZO.contains(" ")): null

17-03-2025T07:07:46 - [TEST_STEP][PASSED] - println(reducedDZO): null

17-03-2025T07:07:46 - [TEST_STEP][PASSED] - dzoCut = <not implemented yet for class: org.codehaus.groovy.ast.expr.EmptyExpression>: null

17-03-2025T07:07:46 - [TEST_STEP][PASSED] - Script1718980020443.DZO(a): null

17-03-2025T07:07:46 - [TEST_STEP][PASSED] - delay(20): Delayed 20 second(s)

17-03-2025T07:08:06 - [MESSAGE][PASSED] - Delayed 20 second(s)

17-03-2025T07:08:06 - [TEST_STEP][PASSED] - Script1718980020443.OpenFilter(): null

17-03-2025T07:08:06 - [TEST_STEP][PASSED] - click(findTestObject("Object Repository/Выполнение бизнес-плана/Фильтр ДЗО")): Object: 'Object Repository/Выполнение бизнес-плана/Фильтр ДЗО' is clicked on

17-03-2025T07:08:07 - [MESSAGE][PASSED] - Object: 'Object Repository/Выполнение бизнес-плана/Фильтр ДЗО' is clicked on

17-03-2025T07:08:07 - [TEST_STEP][PASSED] - click(findTestObject("Выполнение бизнес-плана/Снять выделение в фильтре ДЗО")): Object: 'Object Repository/Выполнение бизнес-плана/Снять выделение в фильтре ДЗО' is clicked on

17-03-2025T07:08:07 - [MESSAGE][PASSED] - Object: 'Object Repository/Выполнение бизнес-плана/Снять выделение в фильтре ДЗО' is clicked on

17-03-2025T07:08:07 - [TEST_STEP][PASSED] - Script1718980020443.OpenRSK(): null

17-03-2025T07:08:07 - [TEST_STEP][PASSED] - click(findTestObject("Выполнение бизнес-плана/Раскрыть список ПАО Россети в фильтре ДЗО")): Object: 'Object Repository/Выполнение бизнес-плана/Раскрыть список ПАО Россети в фильтре ДЗО' is clicked on

17-03-2025T07:08:08 - [MESSAGE][PASSED] - Object: 'Object Repository/Выполнение бизнес-плана/Раскрыть список ПАО Россети в фильтре ДЗО' is clicked on

17-03-2025T07:08:08 - [TEST_STEP][PASSED] - click(findTestObject("Выполнение бизнес-плана/Раскрыть список РаспредКомплекс в фильтре ДЗО")): Object: 'Object Repository/Выполнение бизнес-плана/Раскрыть список РаспредКомплекс в фильтре ДЗО' is clicked on

17-03-2025T07:08:08 - [MESSAGE][PASSED] - Object: 'Object Repository/Выполнение бизнес-плана/Раскрыть список РаспредКомплекс в фильтре ДЗО' is clicked on

17-03-2025T07:08:08 - [TEST_STEP][PASSED] - if (a == 28): null

17-03-2025T07:08:08 - [TEST_STEP][PASSED] - if (a == 77): null

17-03-2025T07:08:08 - [TEST_STEP][PASSED] - if (a == 74): null

17-03-2025T07:08:08 - [TEST_STEP][PASSED] - if (a == 65): null

17-03-2025T07:08:08 - [TEST_STEP][PASSED] - if (a == 36): null

17-03-2025T07:08:08 - [TEST_STEP][PASSED] - if (a == 44): null

17-03-2025T07:08:08 - [TEST_STEP][PASSED] - if (a == 54): Object: 'Object Repository/Выполнение бизнес-плана/Россети Урал' is clicked on

17-03-2025T07:08:08 - [TEST_STEP][PASSED] - scrollToElement(findTestObject("Общие объекты/Раскрыть список Россети Урал"), 30): Scroll to object 'Object Repository/Общие объекты/Раскрыть список Россети Урал' successfully

17-03-2025T07:08:08 - [MESSAGE][PASSED] - Scroll to object 'Object Repository/Общие объекты/Раскрыть список Россети Урал' successfully

17-03-2025T07:08:08 - [TEST_STEP][PASSED] - click(findTestObject("Выполнение бизнес-плана/Россети Урал")): Object: 'Object Repository/Выполнение бизнес-плана/Россети Урал' is clicked on

17-03-2025T07:08:09 - [MESSAGE][PASSED] - Object: 'Object Repository/Выполнение бизнес-плана/Россети Урал' is clicked on

17-03-2025T07:08:09 - [TEST_STEP][PASSED] - if (a == 1): null

17-03-2025T07:08:09 - [TEST_STEP][PASSED] - if (a == 18): null

17-03-2025T07:08:09 - [TEST_STEP][PASSED] - if (a == 59): null

17-03-2025T07:08:09 - [TEST_STEP][PASSED] - Script1718980020443.CloseFilter(): null

17-03-2025T07:08:09 - [TEST_STEP][PASSED] - scrollToElement(findTestObject("Выполнение бизнес-плана/Заголовок дашборда"), 30): Scroll to object 'Object Repository/Выполнение бизнес-плана/Заголовок дашборда' successfully

17-03-2025T07:08:09 - [MESSAGE][PASSED] - Scroll to object 'Object Repository/Выполнение бизнес-плана/Заголовок дашборда' successfully

17-03-2025T07:08:09 - [TEST_STEP][PASSED] - click(findTestObject("Object Repository/Выполнение бизнес-плана/Применить в фильтре ДЗО")): Object: 'Object Repository/Выполнение бизнес-плана/Применить в фильтре ДЗО' is clicked on

17-03-2025T07:08:10 - [MESSAGE][PASSED] - Object: 'Object Repository/Выполнение бизнес-плана/Применить в фильтре ДЗО' is clicked on

17-03-2025T07:08:10 - [TEST_STEP][PASSED] - delay(20): Delayed 20 second(s)

17-03-2025T07:08:30 - [MESSAGE][PASSED] - Delayed 20 second(s)

17-03-2025T07:08:30 - [TEST_STEP][PASSED] - Script1718980020443.ZakrytOpoveshenie(): null

17-03-2025T07:08:30 - [TEST_STEP][PASSED] - delay(10): Delayed 10 second(s)

17-03-2025T07:08:40 - [MESSAGE][PASSED] - Delayed 10 second(s)

17-03-2025T07:08:40 - [TEST_STEP][PASSED] - opoveshenie = getText(findTestObject("Выполнение бизнес-плана/Просьба обратить внимание")): Text of object 'Object Repository/Выполнение бизнес-плана/Просьба обратить внимание' is: ''

17-03-2025T07:08:40 - [MESSAGE][PASSED] - Text of object 'Object Repository/Выполнение бизнес-плана/Просьба обратить внимание' is: ''

17-03-2025T07:08:40 - [TEST_STEP][PASSED] - println(opoveshenie): null

17-03-2025T07:08:40 - [TEST_STEP][PASSED] - if (opoveshenie == "Просьба обратить внимание"): null

17-03-2025T07:08:40 - [TEST_STEP][PASSED] - page = getText(findTestObject("Object Repository/Выполнение бизнес-плана/Filials")): Text of object 'Object Repository/Выполнение бизнес-плана/Filials' is: 'АО ЕЭСК
Пермэнерго
Свердловэнерго
Челябэнерго
0
10
20
30
40
50
60
70'

17-03-2025T07:08:41 - [MESSAGE][PASSED] - Text of object 'Object Repository/Выполнение бизнес-плана/Filials' is: 'АО ЕЭСК
Пермэнерго
Свердловэнерго
Челябэнерго
0
10
20
30
40
50
60
70'

17-03-2025T07:08:41 - [TEST_STEP][PASSED] - println(page): null

17-03-2025T07:08:41 - [TEST_STEP][PASSED] - c = page.indexOf(reducedDZO): null

17-03-2025T07:08:41 - [TEST_STEP][PASSED] - if (c > -1): null

17-03-2025T07:08:41 - [TEST_STEP][PASSED] - x2 = getText(findTestObject("Выполнение бизнес-плана/Список ДЗО старый")): Text of object 'Object Repository/Выполнение бизнес-плана/Список ДЗО старый' is: 'АО ЕЭСК
Пермэнерго
Свердловэнерго
Челябэнерго
0
10
20
30
40
50
60
70'

17-03-2025T07:08:41 - [MESSAGE][PASSED] - Text of object 'Object Repository/Выполнение бизнес-плана/Список ДЗО старый' is: 'АО ЕЭСК
Пермэнерго
Свердловэнерго
Челябэнерго
0
10
20
30
40
50
60
70'

17-03-2025T07:08:41 - [TEST_STEP][PASSED] - if (a == 28): null

17-03-2025T07:08:41 - [TEST_STEP][PASSED] - if (a == 77): null

17-03-2025T07:08:41 - [TEST_STEP][PASSED] - if (a == 74): null

17-03-2025T07:08:41 - [TEST_STEP][PASSED] - if (a == 65): null

17-03-2025T07:08:41 - [TEST_STEP][PASSED] - if (a == 1): null

17-03-2025T07:08:41 - [TEST_STEP][PASSED] - if (a == 18): null

17-03-2025T07:08:41 - [TEST_STEP][PASSED] - if (a == 36): null

17-03-2025T07:08:41 - [TEST_STEP][PASSED] - if (a == 44): null

17-03-2025T07:08:41 - [TEST_STEP][PASSED] - if (a == 54): null

17-03-2025T07:08:41 - [TEST_STEP][PASSED] - dZO = "АО ЕЭСК": null

17-03-2025T07:08:41 - [TEST_STEP][PASSED] - a = 58: null

17-03-2025T07:08:41 - [TEST_STEP][PASSED] - dzoCut = dZO.substring(3, dZO.length()): null

17-03-2025T07:08:41 - [TEST_STEP][PASSED] - if (x2.contains(dzoCut)): null

17-03-2025T07:08:41 - [TEST_STEP][PASSED] - filialNum = filialNum + 1: null

17-03-2025T07:08:41 - [TEST_STEP][PASSED] - Script1718980020443.Numbers(a, typeOfData, todaysDate, pageInt, fileInt, pageDouble, fileDouble, dZO, dzoNum, filialNum): null

17-03-2025T07:08:41 - [TEST_STEP][PASSED] - println(dzoNum): null

17-03-2025T07:08:41 - [TEST_STEP][PASSED] - planFact = <not implemented yet for class: org.codehaus.groovy.ast.expr.EmptyExpression>: null

17-03-2025T07:08:41 - [TEST_STEP][PASSED] - page = <not implemented yet for class: org.codehaus.groovy.ast.expr.EmptyExpression>: null

17-03-2025T07:08:41 - [TEST_STEP][PASSED] - page1 = <not implemented yet for class: org.codehaus.groovy.ast.expr.EmptyExpression>: null

17-03-2025T07:08:41 - [TEST_STEP][PASSED] - page2 = <not implemented yet for class: org.codehaus.groovy.ast.expr.EmptyExpression>: null

17-03-2025T07:08:41 - [TEST_STEP][PASSED] - filialNumberInRow = <not implemented yet for class: org.codehaus.groovy.ast.expr.EmptyExpression>: null

17-03-2025T07:08:41 - [TEST_STEP][PASSED] - filialsDzoNames = <not implemented yet for class: org.codehaus.groovy.ast.expr.EmptyExpression>: null

17-03-2025T07:08:41 - [TEST_STEP][PASSED] - numberOfFilials = <not implemented yet for class: org.codehaus.groovy.ast.expr.EmptyExpression>: null

17-03-2025T07:08:41 - [TEST_STEP][PASSED] - numberOfSpaces = <not implemented yet for class: org.codehaus.groovy.ast.expr.EmptyExpression>: null

17-03-2025T07:08:41 - [TEST_STEP][PASSED] - file = <not implemented yet for class: org.codehaus.groovy.ast.expr.EmptyExpression>: null

17-03-2025T07:08:41 - [TEST_STEP][PASSED] - otpusk = <not implemented yet for class: org.codehaus.groovy.ast.expr.EmptyExpression>: null

17-03-2025T07:08:41 - [TEST_STEP][PASSED] - poteri = <not implemented yet for class: org.codehaus.groovy.ast.expr.EmptyExpression>: null

17-03-2025T07:08:41 - [TEST_STEP][PASSED] - dataFolder = "Выполнение бизнес-плана/Значения со страницы Выполнение бизнес-плана/": null

17-03-2025T07:08:41 - [TEST_STEP][PASSED] - path = <not implemented yet for class: org.codehaus.groovy.ast.expr.EmptyExpression>: null

17-03-2025T07:08:41 - [TEST_STEP][PASSED] - typeOfDataMain = <not implemented yet for class: org.codehaus.groovy.ast.expr.EmptyExpression>: null

17-03-2025T07:08:41 - [TEST_STEP][PASSED] - fileOtpuskVSet = <not implemented yet for class: org.codehaus.groovy.ast.expr.EmptyExpression>: null

17-03-2025T07:08:41 - [TEST_STEP][PASSED] - pageOtpuskVSet = <not implemented yet for class: org.codehaus.groovy.ast.expr.EmptyExpression>: null

17-03-2025T07:08:41 - [TEST_STEP][PASSED] - filePoteri = <not implemented yet for class: org.codehaus.groovy.ast.expr.EmptyExpression>: null

17-03-2025T07:08:41 - [TEST_STEP][PASSED] - pagePoteri = <not implemented yet for class: org.codehaus.groovy.ast.expr.EmptyExpression>: null

17-03-2025T07:08:41 - [TEST_STEP][PASSED] - compare = <not implemented yet for class: org.codehaus.groovy.ast.expr.EmptyExpression>: null

17-03-2025T07:08:41 - [TEST_STEP][PASSED] - b = <not implemented yet for class: org.codehaus.groovy.ast.expr.EmptyExpression>: null

17-03-2025T07:08:41 - [TEST_STEP][PASSED] - i = <not implemented yet for class: org.codehaus.groovy.ast.expr.EmptyExpression>: null

17-03-2025T07:08:41 - [TEST_STEP][PASSED] - ii = <not implemented yet for class: org.codehaus.groovy.ast.expr.EmptyExpression>: null

17-03-2025T07:08:41 - [TEST_STEP][PASSED] - c = <not implemented yet for class: org.codehaus.groovy.ast.expr.EmptyExpression>: null

17-03-2025T07:08:41 - [TEST_STEP][PASSED] - numberOfErrors = 0: null

17-03-2025T07:08:41 - [TEST_STEP][PASSED] - if (a == 82): null

17-03-2025T07:08:41 - [TEST_STEP][PASSED] - b = findTestData("PlanFact").getValue(1, a): null

17-03-2025T07:08:41 - [TEST_STEP][PASSED] - i = b.indexOf(" (ГК)"): null

17-03-2025T07:08:41 - [TEST_STEP][PASSED] - if (i > -1): null

17-03-2025T07:08:41 - [TEST_STEP][PASSED] - i = b.indexOf("О ""): null

17-03-2025T07:08:41 - [TEST_STEP][PASSED] - if (i > -1): null

17-03-2025T07:08:41 - [TEST_STEP][PASSED] - i = b.indexOf("О «"): null

17-03-2025T07:08:41 - [TEST_STEP][PASSED] - if (i > -1): null

17-03-2025T07:08:41 - [TEST_STEP][PASSED] - i = b.indexOf("г. "): null

17-03-2025T07:08:41 - [TEST_STEP][PASSED] - if (i > -1): null

17-03-2025T07:08:41 - [TEST_STEP][PASSED] - b = b.trim(): null

17-03-2025T07:08:41 - [TEST_STEP][PASSED] - println(b): null

17-03-2025T07:08:41 - [TEST_STEP][PASSED] - for ([planFact = 1, planFact < 3, (planFact++)]): Object: 'Object Repository/Выполнение бизнес-плана/Кнопка Факт' is clicked on

17-03-2025T07:08:41 - [TEST_STEP][PASSED] - if (planFact == 1): null

17-03-2025T07:08:41 - [TEST_STEP][PASSED] - typeOfDataMain = "Факт": null

17-03-2025T07:08:41 - [TEST_STEP][PASSED] - otpusk = findTestData("PlanFact").getValue(5, a): null

17-03-2025T07:08:41 - [TEST_STEP][PASSED] - poteri = findTestData("PlanFact").getValue(6, a): null

17-03-2025T07:08:41 - [TEST_STEP][PASSED] - otpusk = otpusk.replaceAll("\s+", ""): null

17-03-2025T07:08:41 - [TEST_STEP][PASSED] - poteri = poteri.replaceAll("\s+", ""): null

17-03-2025T07:08:41 - [TEST_STEP][PASSED] - typeOfData = typeOfDataMain + " Отпуск в сеть": null

17-03-2025T07:08:41 - [TEST_STEP][PASSED] - if (a == 82): null

17-03-2025T07:08:41 - [TEST_STEP][PASSED] - else if (a == 84): null

17-03-2025T07:08:41 - [TEST_STEP][PASSED] - else if (a == 83 || a == 52 || a == 72 || a == 28 || a == 73 || a == 77 || a == 74 || a == 65 || a == 36 || a == 44 || a == 53 || a == 80 || a == 54 || a == 1 || a == 18 || a == 59 || a == 81): null

17-03-2025T07:08:41 - [TEST_STEP][PASSED] - else: null

17-03-2025T07:08:41 - [TEST_STEP][PASSED] - path = dataFolder + typeOfData + " за отчётный период " + b: null

17-03-2025T07:08:41 - [TEST_STEP][PASSED] - println(path): null

17-03-2025T07:08:41 - [TEST_STEP][PASSED] - page = getText(findTestObject(path)): Text of object 'Object Repository/Выполнение бизнес-плана/Значения со страницы Выполнение бизнес-плана/Факт Отпуск в сеть за отчётный период АО ЕЭСК' is: '727 699'

17-03-2025T07:08:41 - [MESSAGE][PASSED] - Text of object 'Object Repository/Выполнение бизнес-плана/Значения со страницы Выполнение бизнес-плана/Факт Отпуск в сеть за отчётный период АО ЕЭСК' is: '727 699'

17-03-2025T07:08:41 - [TEST_STEP][PASSED] - if (page == "" || page == null): null

17-03-2025T07:08:41 - [TEST_STEP][PASSED] - else: null

17-03-2025T07:08:41 - [TEST_STEP][PASSED] - page = page.replaceAll("\s+", ""): null

17-03-2025T07:08:41 - [TEST_STEP][PASSED] - if (page == "undefined"): null

17-03-2025T07:08:41 - [TEST_STEP][PASSED] - fileOtpuskVSet = otpusk.toInteger(): null

17-03-2025T07:08:41 - [TEST_STEP][PASSED] - pageOtpuskVSet = page.toInteger(): null

17-03-2025T07:08:41 - [TEST_STEP][PASSED] - typeOfData = typeOfDataMain + " Потери": null

17-03-2025T07:08:41 - [TEST_STEP][PASSED] - if (a == 82): null

17-03-2025T07:08:41 - [TEST_STEP][PASSED] - else if (a == 84): null

17-03-2025T07:08:41 - [TEST_STEP][PASSED] - else if (a == 83 || a == 52 || a == 72 || a == 28 || a == 73 || a == 77 || a == 74 || a == 65 || a == 44 || a == 53 || a == 80 || a == 54 || a == 1 || a == 18 || a == 59 || a == 81): null

17-03-2025T07:08:41 - [TEST_STEP][PASSED] - else: null

17-03-2025T07:08:41 - [TEST_STEP][PASSED] - path = dataFolder + typeOfData + " за отчётный период " + b: null

17-03-2025T07:08:41 - [TEST_STEP][PASSED] - page = getText(findTestObject(path)): Text of object 'Object Repository/Выполнение бизнес-плана/Значения со страницы Выполнение бизнес-плана/Факт Потери за отчётный период АО ЕЭСК' is: '48 504'

17-03-2025T07:08:42 - [MESSAGE][PASSED] - Text of object 'Object Repository/Выполнение бизнес-плана/Значения со страницы Выполнение бизнес-плана/Факт Потери за отчётный период АО ЕЭСК' is: '48 504'

17-03-2025T07:08:42 - [TEST_STEP][PASSED] - if (page == "" || page == null): null

17-03-2025T07:08:42 - [TEST_STEP][PASSED] - else: null

17-03-2025T07:08:42 - [TEST_STEP][PASSED] - page = page.replaceAll("\s+", ""): null

17-03-2025T07:08:42 - [TEST_STEP][PASSED] - if (page == "undefined"): null

17-03-2025T07:08:42 - [TEST_STEP][PASSED] - filePoteri = poteri.toInteger(): null

17-03-2025T07:08:42 - [TEST_STEP][PASSED] - pagePoteri = page.toInteger(): null

17-03-2025T07:08:42 - [TEST_STEP][PASSED] - compare = pageOtpuskVSet: null

17-03-2025T07:08:42 - [TEST_STEP][PASSED] - if (pageOtpuskVSet != null): null

17-03-2025T07:08:42 - [TEST_STEP][PASSED] - if (compare == fileOtpuskVSet): null

17-03-2025T07:08:42 - [TEST_STEP][PASSED] - if (compare == fileOtpuskVSet): null

17-03-2025T07:08:42 - [TEST_STEP][PASSED] - compare = pagePoteri: null

17-03-2025T07:08:42 - [TEST_STEP][PASSED] - if (pageOtpuskVSet != null): null

17-03-2025T07:08:42 - [TEST_STEP][PASSED] - if (compare == filePoteri): null

17-03-2025T07:08:42 - [TEST_STEP][PASSED] - if (compare == filePoteri): null

17-03-2025T07:08:42 - [TEST_STEP][PASSED] - if (planFact == 2): null

17-03-2025T07:08:42 - [TEST_STEP][PASSED] - if (planFact == 1): null

17-03-2025T07:08:42 - [TEST_STEP][PASSED] - else if (planFact == 2): null

17-03-2025T07:08:42 - [TEST_STEP][PASSED] - click(findTestObject("Выполнение бизнес-плана/Кнопка План")): Object: 'Object Repository/Выполнение бизнес-плана/Кнопка План' is clicked on

17-03-2025T07:08:42 - [MESSAGE][PASSED] - Object: 'Object Repository/Выполнение бизнес-плана/Кнопка План' is clicked on

17-03-2025T07:08:42 - [TEST_STEP][PASSED] - typeOfDataMain = "План": null

17-03-2025T07:08:42 - [TEST_STEP][PASSED] - otpusk = findTestData("PlanFact").getValue(2, a): null

17-03-2025T07:08:42 - [TEST_STEP][PASSED] - poteri = findTestData("PlanFact").getValue(3, a): null

17-03-2025T07:08:42 - [TEST_STEP][PASSED] - otpusk = otpusk.replaceAll("\s+", ""): null

17-03-2025T07:08:42 - [TEST_STEP][PASSED] - poteri = poteri.replaceAll("\s+", ""): null

17-03-2025T07:08:42 - [TEST_STEP][PASSED] - typeOfData = typeOfDataMain + " Отпуск в сеть": null

17-03-2025T07:08:42 - [TEST_STEP][PASSED] - if (a == 82): null

17-03-2025T07:08:42 - [TEST_STEP][PASSED] - else if (a == 84): null

17-03-2025T07:08:42 - [TEST_STEP][PASSED] - else if (a == 83 || a == 52 || a == 72 || a == 28 || a == 73 || a == 77 || a == 74 || a == 65 || a == 36 || a == 44 || a == 53 || a == 80 || a == 54 || a == 1 || a == 18 || a == 59 || a == 81): null

17-03-2025T07:08:42 - [TEST_STEP][PASSED] - else: null

17-03-2025T07:08:42 - [TEST_STEP][PASSED] - path = dataFolder + typeOfData + " за отчётный период " + b: null

17-03-2025T07:08:42 - [TEST_STEP][PASSED] - println(path): null

17-03-2025T07:08:42 - [TEST_STEP][PASSED] - page = getText(findTestObject(path)): Text of object 'Object Repository/Выполнение бизнес-плана/Значения со страницы Выполнение бизнес-плана/План Отпуск в сеть за отчётный период АО ЕЭСК' is: '744 743'

17-03-2025T07:08:42 - [MESSAGE][PASSED] - Text of object 'Object Repository/Выполнение бизнес-плана/Значения со страницы Выполнение бизнес-плана/План Отпуск в сеть за отчётный период АО ЕЭСК' is: '744 743'

17-03-2025T07:08:42 - [TEST_STEP][PASSED] - if (page == "" || page == null): null

17-03-2025T07:08:42 - [TEST_STEP][PASSED] - else: null

17-03-2025T07:08:42 - [TEST_STEP][PASSED] - page = page.replaceAll("\s+", ""): null

17-03-2025T07:08:42 - [TEST_STEP][PASSED] - if (page == "undefined"): null

17-03-2025T07:08:42 - [TEST_STEP][PASSED] - fileOtpuskVSet = otpusk.toInteger(): null

17-03-2025T07:08:42 - [TEST_STEP][PASSED] - pageOtpuskVSet = page.toInteger(): null

17-03-2025T07:08:42 - [TEST_STEP][PASSED] - typeOfData = typeOfDataMain + " Потери": null

17-03-2025T07:08:42 - [TEST_STEP][PASSED] - if (a == 82): null

17-03-2025T07:08:42 - [TEST_STEP][PASSED] - else if (a == 84): null

17-03-2025T07:08:42 - [TEST_STEP][PASSED] - else if (a == 83 || a == 52 || a == 72 || a == 28 || a == 73 || a == 77 || a == 74 || a == 65 || a == 44 || a == 53 || a == 80 || a == 54 || a == 1 || a == 18 || a == 59 || a == 81): null

17-03-2025T07:08:42 - [TEST_STEP][PASSED] - else: null

17-03-2025T07:08:42 - [TEST_STEP][PASSED] - path = dataFolder + typeOfData + " за отчётный период " + b: null

17-03-2025T07:08:42 - [TEST_STEP][PASSED] - page = getText(findTestObject(path)): Text of object 'Object Repository/Выполнение бизнес-плана/Значения со страницы Выполнение бизнес-плана/План Потери за отчётный период АО ЕЭСК' is: '56 986'

17-03-2025T07:08:43 - [MESSAGE][PASSED] - Text of object 'Object Repository/Выполнение бизнес-плана/Значения со страницы Выполнение бизнес-плана/План Потери за отчётный период АО ЕЭСК' is: '56 986'

17-03-2025T07:08:43 - [TEST_STEP][PASSED] - if (page == "" || page == null): null

17-03-2025T07:08:43 - [TEST_STEP][PASSED] - else: null

17-03-2025T07:08:43 - [TEST_STEP][PASSED] - page = page.replaceAll("\s+", ""): null

17-03-2025T07:08:43 - [TEST_STEP][PASSED] - if (page == "undefined"): null

17-03-2025T07:08:43 - [TEST_STEP][PASSED] - filePoteri = poteri.toInteger(): null

17-03-2025T07:08:43 - [TEST_STEP][PASSED] - pagePoteri = page.toInteger(): null

17-03-2025T07:08:43 - [TEST_STEP][PASSED] - compare = pageOtpuskVSet: null

17-03-2025T07:08:43 - [TEST_STEP][PASSED] - if (pageOtpuskVSet != null): null

17-03-2025T07:08:43 - [TEST_STEP][PASSED] - if (compare == fileOtpuskVSet): null

17-03-2025T07:08:43 - [TEST_STEP][PASSED] - if (compare == fileOtpuskVSet): null

17-03-2025T07:08:43 - [TEST_STEP][PASSED] - compare = pagePoteri: null

17-03-2025T07:08:43 - [TEST_STEP][PASSED] - if (pageOtpuskVSet != null): null

17-03-2025T07:08:43 - [TEST_STEP][PASSED] - if (compare == filePoteri): null

17-03-2025T07:08:43 - [TEST_STEP][PASSED] - if (compare == filePoteri): null

17-03-2025T07:08:43 - [TEST_STEP][PASSED] - if (planFact == 2): Object: 'Object Repository/Выполнение бизнес-плана/Кнопка Факт' is clicked on

17-03-2025T07:08:43 - [TEST_STEP][PASSED] - click(findTestObject("Выполнение бизнес-плана/Кнопка Факт")): Object: 'Object Repository/Выполнение бизнес-плана/Кнопка Факт' is clicked on

17-03-2025T07:08:43 - [MESSAGE][PASSED] - Object: 'Object Repository/Выполнение бизнес-плана/Кнопка Факт' is clicked on

17-03-2025T07:08:43 - [TEST_STEP][PASSED] - println("a=" + a): null

17-03-2025T07:08:43 - [TEST_STEP][PASSED] - if (a == 84 || a == 82): null

17-03-2025T07:08:43 - [TEST_STEP][PASSED] - else if (a == 83 || a == 52 || a == 72 || a == 28 || a == 73 || a == 77 || a == 74 || a == 65 || a == 36 || a == 44 || a == 53 || a == 80 || a == 54 || a == 1 || a == 18 || a == 59 || a == 81): null

17-03-2025T07:08:43 - [TEST_STEP][PASSED] - else: null

17-03-2025T07:08:43 - [TEST_STEP][PASSED] - page1 = getText(findTestObject("Object Repository/Выполнение бизнес-плана/spanPlan" + filialNum)): Text of object 'Object Repository/Выполнение бизнес-плана/spanPlan1' is: '7.65
|'

17-03-2025T07:08:43 - [MESSAGE][PASSED] - Text of object 'Object Repository/Выполнение бизнес-плана/spanPlan1' is: '7.65
|'

17-03-2025T07:08:43 - [TEST_STEP][PASSED] - page1 = page1.replace("|", ""): null

17-03-2025T07:08:43 - [TEST_STEP][PASSED] - page2 = getText(findTestObject("Object Repository/Выполнение бизнес-плана/spanFact" + filialNum)): Text of object 'Object Repository/Выполнение бизнес-плана/spanFact1' is: '6.67
|'

17-03-2025T07:08:44 - [MESSAGE][PASSED] - Text of object 'Object Repository/Выполнение бизнес-плана/spanFact1' is: '6.67
|'

17-03-2025T07:08:44 - [TEST_STEP][PASSED] - page2 = page2.replace("|", ""): null

17-03-2025T07:08:44 - [TEST_STEP][PASSED] - println("page1: " + page1): null

17-03-2025T07:08:44 - [TEST_STEP][PASSED] - println("page2: " + page2): null

17-03-2025T07:08:44 - [TEST_STEP][PASSED] - file = findTestData("PlanFact").getValue(4, a): null

17-03-2025T07:08:44 - [TEST_STEP][PASSED] - file = file.replace(",", "."): null

17-03-2025T07:08:44 - [TEST_STEP][PASSED] - println("file Plan: " + file): null

17-03-2025T07:08:44 - [TEST_STEP][PASSED] - typeOfData = "План в процентах": null

17-03-2025T07:08:44 - [TEST_STEP][PASSED] - fileDouble = file.toDouble(): null

17-03-2025T07:08:44 - [TEST_STEP][PASSED] - pageDouble = page1.toDouble(): null

17-03-2025T07:08:44 - [TEST_STEP][PASSED] - if (fileDouble != pageDouble): null

17-03-2025T07:08:44 - [TEST_STEP][PASSED] - file = findTestData("PlanFact").getValue(7, a): null

17-03-2025T07:08:44 - [TEST_STEP][PASSED] - file = file.replace(",", "."): null

17-03-2025T07:08:44 - [TEST_STEP][PASSED] - println("file Fact: " + file): null

17-03-2025T07:08:44 - [TEST_STEP][PASSED] - fileDouble = file.toDouble(): null

17-03-2025T07:08:44 - [TEST_STEP][PASSED] - typeOfData = "Факт в процентах": null

17-03-2025T07:08:44 - [TEST_STEP][PASSED] - fileDouble = file.toDouble(): null

17-03-2025T07:08:44 - [TEST_STEP][PASSED] - pageDouble = page2.toDouble(): null

17-03-2025T07:08:44 - [TEST_STEP][PASSED] - if (fileDouble != pageDouble): null

17-03-2025T07:08:44 - [TEST_STEP][PASSED] - if (verifyEqual(numberOfErrors, 0) == false): Actual object '0' and expected object '0' are equal

17-03-2025T07:08:44 - [MESSAGE][PASSED] - Actual object '0' and expected object '0' are equal

17-03-2025T07:08:44 - [TEST_STEP][PASSED] - if (a == 82): null

17-03-2025T07:08:44 - [TEST_STEP][PASSED] - dZO = "Пермэнерго": null

17-03-2025T07:08:44 - [TEST_STEP][PASSED] - a = 55: null

17-03-2025T07:08:44 - [TEST_STEP][PASSED] - if (x2.contains(dZO)): null

17-03-2025T07:08:44 - [TEST_STEP][PASSED] - filialNum = filialNum + 1: null

17-03-2025T07:08:44 - [TEST_STEP][PASSED] - Script1718980020443.Numbers(a, typeOfData, todaysDate, pageInt, fileInt, pageDouble, fileDouble, dZO, dzoNum, filialNum): null

17-03-2025T07:08:44 - [TEST_STEP][PASSED] - println(dzoNum): null

17-03-2025T07:08:44 - [TEST_STEP][PASSED] - planFact = <not implemented yet for class: org.codehaus.groovy.ast.expr.EmptyExpression>: null

17-03-2025T07:08:44 - [TEST_STEP][PASSED] - page = <not implemented yet for class: org.codehaus.groovy.ast.expr.EmptyExpression>: null

17-03-2025T07:08:44 - [TEST_STEP][PASSED] - page1 = <not implemented yet for class: org.codehaus.groovy.ast.expr.EmptyExpression>: null

17-03-2025T07:08:44 - [TEST_STEP][PASSED] - page2 = <not implemented yet for class: org.codehaus.groovy.ast.expr.EmptyExpression>: null

17-03-2025T07:08:44 - [TEST_STEP][PASSED] - filialNumberInRow = <not implemented yet for class: org.codehaus.groovy.ast.expr.EmptyExpression>: null

17-03-2025T07:08:44 - [TEST_STEP][PASSED] - filialsDzoNames = <not implemented yet for class: org.codehaus.groovy.ast.expr.EmptyExpression>: null

17-03-2025T07:08:44 - [TEST_STEP][PASSED] - numberOfFilials = <not implemented yet for class: org.codehaus.groovy.ast.expr.EmptyExpression>: null

17-03-2025T07:08:44 - [TEST_STEP][PASSED] - numberOfSpaces = <not implemented yet for class: org.codehaus.groovy.ast.expr.EmptyExpression>: null

17-03-2025T07:08:44 - [TEST_STEP][PASSED] - file = <not implemented yet for class: org.codehaus.groovy.ast.expr.EmptyExpression>: null

17-03-2025T07:08:44 - [TEST_STEP][PASSED] - otpusk = <not implemented yet for class: org.codehaus.groovy.ast.expr.EmptyExpression>: null

17-03-2025T07:08:44 - [TEST_STEP][PASSED] - poteri = <not implemented yet for class: org.codehaus.groovy.ast.expr.EmptyExpression>: null

17-03-2025T07:08:44 - [TEST_STEP][PASSED] - dataFolder = "Выполнение бизнес-плана/Значения со страницы Выполнение бизнес-плана/": null

17-03-2025T07:08:44 - [TEST_STEP][PASSED] - path = <not implemented yet for class: org.codehaus.groovy.ast.expr.EmptyExpression>: null

17-03-2025T07:08:44 - [TEST_STEP][PASSED] - typeOfDataMain = <not implemented yet for class: org.codehaus.groovy.ast.expr.EmptyExpression>: null

17-03-2025T07:08:44 - [TEST_STEP][PASSED] - fileOtpuskVSet = <not implemented yet for class: org.codehaus.groovy.ast.expr.EmptyExpression>: null

17-03-2025T07:08:44 - [TEST_STEP][PASSED] - pageOtpuskVSet = <not implemented yet for class: org.codehaus.groovy.ast.expr.EmptyExpression>: null

17-03-2025T07:08:44 - [TEST_STEP][PASSED] - filePoteri = <not implemented yet for class: org.codehaus.groovy.ast.expr.EmptyExpression>: null

17-03-2025T07:08:44 - [TEST_STEP][PASSED] - pagePoteri = <not implemented yet for class: org.codehaus.groovy.ast.expr.EmptyExpression>: null

17-03-2025T07:08:44 - [TEST_STEP][PASSED] - compare = <not implemented yet for class: org.codehaus.groovy.ast.expr.EmptyExpression>: null

17-03-2025T07:08:44 - [TEST_STEP][PASSED] - b = <not implemented yet for class: org.codehaus.groovy.ast.expr.EmptyExpression>: null

17-03-2025T07:08:44 - [TEST_STEP][PASSED] - i = <not implemented yet for class: org.codehaus.groovy.ast.expr.EmptyExpression>: null

17-03-2025T07:08:44 - [TEST_STEP][PASSED] - ii = <not implemented yet for class: org.codehaus.groovy.ast.expr.EmptyExpression>: null

17-03-2025T07:08:44 - [TEST_STEP][PASSED] - c = <not implemented yet for class: org.codehaus.groovy.ast.expr.EmptyExpression>: null

17-03-2025T07:08:44 - [TEST_STEP][PASSED] - numberOfErrors = 0: null

17-03-2025T07:08:44 - [TEST_STEP][PASSED] - if (a == 82): null

17-03-2025T07:08:44 - [TEST_STEP][PASSED] - b = findTestData("PlanFact").getValue(1, a): null

17-03-2025T07:08:44 - [TEST_STEP][PASSED] - i = b.indexOf(" (ГК)"): null

17-03-2025T07:08:44 - [TEST_STEP][PASSED] - if (i > -1): null

17-03-2025T07:08:44 - [TEST_STEP][PASSED] - i = b.indexOf("О ""): null

17-03-2025T07:08:44 - [TEST_STEP][PASSED] - if (i > -1): null

17-03-2025T07:08:44 - [TEST_STEP][PASSED] - i = b.indexOf("О «"): null

17-03-2025T07:08:44 - [TEST_STEP][PASSED] - if (i > -1): null

17-03-2025T07:08:44 - [TEST_STEP][PASSED] - i = b.indexOf("г. "): null

17-03-2025T07:08:44 - [TEST_STEP][PASSED] - if (i > -1): null

17-03-2025T07:08:44 - [TEST_STEP][PASSED] - b = b.trim(): null

17-03-2025T07:08:44 - [TEST_STEP][PASSED] - println(b): null

17-03-2025T07:08:44 - [TEST_STEP][PASSED] - for ([planFact = 1, planFact < 3, (planFact++)]): Object: 'Object Repository/Выполнение бизнес-плана/Кнопка Факт' is clicked on

17-03-2025T07:08:44 - [TEST_STEP][PASSED] - if (planFact == 1): null

17-03-2025T07:08:44 - [TEST_STEP][PASSED] - typeOfDataMain = "Факт": null

17-03-2025T07:08:44 - [TEST_STEP][PASSED] - otpusk = findTestData("PlanFact").getValue(5, a): null

17-03-2025T07:08:44 - [TEST_STEP][PASSED] - poteri = findTestData("PlanFact").getValue(6, a): null

17-03-2025T07:08:44 - [TEST_STEP][PASSED] - otpusk = otpusk.replaceAll("\s+", ""): null

17-03-2025T07:08:44 - [TEST_STEP][PASSED] - poteri = poteri.replaceAll("\s+", ""): null

17-03-2025T07:08:44 - [TEST_STEP][PASSED] - typeOfData = typeOfDataMain + " Отпуск в сеть": null

17-03-2025T07:08:44 - [TEST_STEP][PASSED] - if (a == 82): null

17-03-2025T07:08:44 - [TEST_STEP][PASSED] - else if (a == 84): null

17-03-2025T07:08:44 - [TEST_STEP][PASSED] - else if (a == 83 || a == 52 || a == 72 || a == 28 || a == 73 || a == 77 || a == 74 || a == 65 || a == 36 || a == 44 || a == 53 || a == 80 || a == 54 || a == 1 || a == 18 || a == 59 || a == 81): null

17-03-2025T07:08:44 - [TEST_STEP][PASSED] - else: null

17-03-2025T07:08:44 - [TEST_STEP][PASSED] - path = dataFolder + typeOfData + " за отчётный период " + b: null

17-03-2025T07:08:44 - [TEST_STEP][PASSED] - println(path): null

17-03-2025T07:08:44 - [TEST_STEP][PASSED] - page = getText(findTestObject(path)): Text of object 'Object Repository/Выполнение бизнес-плана/Значения со страницы Выполнение бизнес-плана/Факт Отпуск в сеть за отчётный период Пермэнерго' is: '1 612 417'

17-03-2025T07:08:44 - [MESSAGE][PASSED] - Text of object 'Object Repository/Выполнение бизнес-плана/Значения со страницы Выполнение бизнес-плана/Факт Отпуск в сеть за отчётный период Пермэнерго' is: '1 612 417'

17-03-2025T07:08:44 - [TEST_STEP][PASSED] - if (page == "" || page == null): null

17-03-2025T07:08:44 - [TEST_STEP][PASSED] - else: null

17-03-2025T07:08:44 - [TEST_STEP][PASSED] - page = page.replaceAll("\s+", ""): null

17-03-2025T07:08:44 - [TEST_STEP][PASSED] - if (page == "undefined"): null

17-03-2025T07:08:44 - [TEST_STEP][PASSED] - fileOtpuskVSet = otpusk.toInteger(): null

17-03-2025T07:08:44 - [TEST_STEP][PASSED] - pageOtpuskVSet = page.toInteger(): null

17-03-2025T07:08:44 - [TEST_STEP][PASSED] - typeOfData = typeOfDataMain + " Потери": null

17-03-2025T07:08:44 - [TEST_STEP][PASSED] - if (a == 82): null

17-03-2025T07:08:44 - [TEST_STEP][PASSED] - else if (a == 84): null

17-03-2025T07:08:44 - [TEST_STEP][PASSED] - else if (a == 83 || a == 52 || a == 72 || a == 28 || a == 73 || a == 77 || a == 74 || a == 65 || a == 44 || a == 53 || a == 80 || a == 54 || a == 1 || a == 18 || a == 59 || a == 81): null

17-03-2025T07:08:44 - [TEST_STEP][PASSED] - else: null

17-03-2025T07:08:44 - [TEST_STEP][PASSED] - path = dataFolder + typeOfData + " за отчётный период " + b: null

17-03-2025T07:08:44 - [TEST_STEP][PASSED] - page = getText(findTestObject(path)): Text of object 'Object Repository/Выполнение бизнес-плана/Значения со страницы Выполнение бизнес-плана/Факт Потери за отчётный период Пермэнерго' is: '150 891'

17-03-2025T07:08:45 - [MESSAGE][PASSED] - Text of object 'Object Repository/Выполнение бизнес-плана/Значения со страницы Выполнение бизнес-плана/Факт Потери за отчётный период Пермэнерго' is: '150 891'

17-03-2025T07:08:45 - [TEST_STEP][PASSED] - if (page == "" || page == null): null

17-03-2025T07:08:45 - [TEST_STEP][PASSED] - else: null

17-03-2025T07:08:45 - [TEST_STEP][PASSED] - page = page.replaceAll("\s+", ""): null

17-03-2025T07:08:45 - [TEST_STEP][PASSED] - if (page == "undefined"): null

17-03-2025T07:08:45 - [TEST_STEP][PASSED] - filePoteri = poteri.toInteger(): null

17-03-2025T07:08:45 - [TEST_STEP][PASSED] - pagePoteri = page.toInteger(): null

17-03-2025T07:08:45 - [TEST_STEP][PASSED] - compare = pageOtpuskVSet: null

17-03-2025T07:08:45 - [TEST_STEP][PASSED] - if (pageOtpuskVSet != null): null

17-03-2025T07:08:45 - [TEST_STEP][PASSED] - if (compare == fileOtpuskVSet): null

17-03-2025T07:08:45 - [TEST_STEP][PASSED] - if (compare == fileOtpuskVSet): null

17-03-2025T07:08:45 - [TEST_STEP][PASSED] - compare = pagePoteri: null

17-03-2025T07:08:45 - [TEST_STEP][PASSED] - if (pageOtpuskVSet != null): null

17-03-2025T07:08:45 - [TEST_STEP][PASSED] - if (compare == filePoteri): null

17-03-2025T07:08:45 - [TEST_STEP][PASSED] - if (compare == filePoteri): null

17-03-2025T07:08:45 - [TEST_STEP][PASSED] - if (planFact == 2): null

17-03-2025T07:08:45 - [TEST_STEP][PASSED] - if (planFact == 1): null

17-03-2025T07:08:45 - [TEST_STEP][PASSED] - else if (planFact == 2): null

17-03-2025T07:08:45 - [TEST_STEP][PASSED] - click(findTestObject("Выполнение бизнес-плана/Кнопка План")): Object: 'Object Repository/Выполнение бизнес-плана/Кнопка План' is clicked on

17-03-2025T07:08:45 - [MESSAGE][PASSED] - Object: 'Object Repository/Выполнение бизнес-плана/Кнопка План' is clicked on

17-03-2025T07:08:45 - [TEST_STEP][PASSED] - typeOfDataMain = "План": null

17-03-2025T07:08:45 - [TEST_STEP][PASSED] - otpusk = findTestData("PlanFact").getValue(2, a): null

17-03-2025T07:08:45 - [TEST_STEP][PASSED] - poteri = findTestData("PlanFact").getValue(3, a): null

17-03-2025T07:08:45 - [TEST_STEP][PASSED] - otpusk = otpusk.replaceAll("\s+", ""): null

17-03-2025T07:08:45 - [TEST_STEP][PASSED] - poteri = poteri.replaceAll("\s+", ""): null

17-03-2025T07:08:45 - [TEST_STEP][PASSED] - typeOfData = typeOfDataMain + " Отпуск в сеть": null

17-03-2025T07:08:45 - [TEST_STEP][PASSED] - if (a == 82): null

17-03-2025T07:08:45 - [TEST_STEP][PASSED] - else if (a == 84): null

17-03-2025T07:08:45 - [TEST_STEP][PASSED] - else if (a == 83 || a == 52 || a == 72 || a == 28 || a == 73 || a == 77 || a == 74 || a == 65 || a == 36 || a == 44 || a == 53 || a == 80 || a == 54 || a == 1 || a == 18 || a == 59 || a == 81): null

17-03-2025T07:08:45 - [TEST_STEP][PASSED] - else: null

17-03-2025T07:08:45 - [TEST_STEP][PASSED] - path = dataFolder + typeOfData + " за отчётный период " + b: null

17-03-2025T07:08:45 - [TEST_STEP][PASSED] - println(path): null

17-03-2025T07:08:45 - [TEST_STEP][PASSED] - page = getText(findTestObject(path)): Text of object 'Object Repository/Выполнение бизнес-плана/Значения со страницы Выполнение бизнес-плана/План Отпуск в сеть за отчётный период Пермэнерго' is: '1 710 460'

17-03-2025T07:08:45 - [MESSAGE][PASSED] - Text of object 'Object Repository/Выполнение бизнес-плана/Значения со страницы Выполнение бизнес-плана/План Отпуск в сеть за отчётный период Пермэнерго' is: '1 710 460'

17-03-2025T07:08:45 - [TEST_STEP][PASSED] - if (page == "" || page == null): null

17-03-2025T07:08:45 - [TEST_STEP][PASSED] - else: null

17-03-2025T07:08:45 - [TEST_STEP][PASSED] - page = page.replaceAll("\s+", ""): null

17-03-2025T07:08:45 - [TEST_STEP][PASSED] - if (page == "undefined"): null

17-03-2025T07:08:45 - [TEST_STEP][PASSED] - fileOtpuskVSet = otpusk.toInteger(): null

17-03-2025T07:08:45 - [TEST_STEP][PASSED] - pageOtpuskVSet = page.toInteger(): null

17-03-2025T07:08:45 - [TEST_STEP][PASSED] - typeOfData = typeOfDataMain + " Потери": null

17-03-2025T07:08:45 - [TEST_STEP][PASSED] - if (a == 82): null

17-03-2025T07:08:45 - [TEST_STEP][PASSED] - else if (a == 84): null

17-03-2025T07:08:45 - [TEST_STEP][PASSED] - else if (a == 83 || a == 52 || a == 72 || a == 28 || a == 73 || a == 77 || a == 74 || a == 65 || a == 44 || a == 53 || a == 80 || a == 54 || a == 1 || a == 18 || a == 59 || a == 81): null

17-03-2025T07:08:45 - [TEST_STEP][PASSED] - else: null

17-03-2025T07:08:45 - [TEST_STEP][PASSED] - path = dataFolder + typeOfData + " за отчётный период " + b: null

17-03-2025T07:08:45 - [TEST_STEP][PASSED] - page = getText(findTestObject(path)): Text of object 'Object Repository/Выполнение бизнес-плана/Значения со страницы Выполнение бизнес-плана/План Потери за отчётный период Пермэнерго' is: '167 043'

17-03-2025T07:08:46 - [MESSAGE][PASSED] - Text of object 'Object Repository/Выполнение бизнес-плана/Значения со страницы Выполнение бизнес-плана/План Потери за отчётный период Пермэнерго' is: '167 043'

17-03-2025T07:08:46 - [TEST_STEP][PASSED] - if (page == "" || page == null): null

17-03-2025T07:08:46 - [TEST_STEP][PASSED] - else: null

17-03-2025T07:08:46 - [TEST_STEP][PASSED] - page = page.replaceAll("\s+", ""): null

17-03-2025T07:08:46 - [TEST_STEP][PASSED] - if (page == "undefined"): null

17-03-2025T07:08:46 - [TEST_STEP][PASSED] - filePoteri = poteri.toInteger(): null

17-03-2025T07:08:46 - [TEST_STEP][PASSED] - pagePoteri = page.toInteger(): null

17-03-2025T07:08:46 - [TEST_STEP][PASSED] - compare = pageOtpuskVSet: null

17-03-2025T07:08:46 - [TEST_STEP][PASSED] - if (pageOtpuskVSet != null): null

17-03-2025T07:08:46 - [TEST_STEP][PASSED] - if (compare == fileOtpuskVSet): null

17-03-2025T07:08:46 - [TEST_STEP][PASSED] - if (compare == fileOtpuskVSet): null

17-03-2025T07:08:46 - [TEST_STEP][PASSED] - compare = pagePoteri: null

17-03-2025T07:08:46 - [TEST_STEP][PASSED] - if (pageOtpuskVSet != null): null

17-03-2025T07:08:46 - [TEST_STEP][PASSED] - if (compare == filePoteri): null

17-03-2025T07:08:46 - [TEST_STEP][PASSED] - if (compare == filePoteri): null

17-03-2025T07:08:46 - [TEST_STEP][PASSED] - if (planFact == 2): Object: 'Object Repository/Выполнение бизнес-плана/Кнопка Факт' is clicked on

17-03-2025T07:08:46 - [TEST_STEP][PASSED] - click(findTestObject("Выполнение бизнес-плана/Кнопка Факт")): Object: 'Object Repository/Выполнение бизнес-плана/Кнопка Факт' is clicked on

17-03-2025T07:08:46 - [MESSAGE][PASSED] - Object: 'Object Repository/Выполнение бизнес-плана/Кнопка Факт' is clicked on

17-03-2025T07:08:46 - [TEST_STEP][PASSED] - println("a=" + a): null

17-03-2025T07:08:46 - [TEST_STEP][PASSED] - if (a == 84 || a == 82): null

17-03-2025T07:08:46 - [TEST_STEP][PASSED] - else if (a == 83 || a == 52 || a == 72 || a == 28 || a == 73 || a == 77 || a == 74 || a == 65 || a == 36 || a == 44 || a == 53 || a == 80 || a == 54 || a == 1 || a == 18 || a == 59 || a == 81): null

17-03-2025T07:08:46 - [TEST_STEP][PASSED] - else: null

17-03-2025T07:08:46 - [TEST_STEP][PASSED] - page1 = getText(findTestObject("Object Repository/Выполнение бизнес-плана/spanPlan" + filialNum)): Text of object 'Object Repository/Выполнение бизнес-плана/spanPlan2' is: '9.77
|'

17-03-2025T07:08:46 - [MESSAGE][PASSED] - Text of object 'Object Repository/Выполнение бизнес-плана/spanPlan2' is: '9.77
|'

17-03-2025T07:08:46 - [TEST_STEP][PASSED] - page1 = page1.replace("|", ""): null

17-03-2025T07:08:46 - [TEST_STEP][PASSED] - page2 = getText(findTestObject("Object Repository/Выполнение бизнес-плана/spanFact" + filialNum)): Text of object 'Object Repository/Выполнение бизнес-плана/spanFact2' is: '9.36
|'

17-03-2025T07:08:47 - [MESSAGE][PASSED] - Text of object 'Object Repository/Выполнение бизнес-плана/spanFact2' is: '9.36
|'

17-03-2025T07:08:47 - [TEST_STEP][PASSED] - page2 = page2.replace("|", ""): null

17-03-2025T07:08:47 - [TEST_STEP][PASSED] - println("page1: " + page1): null

17-03-2025T07:08:47 - [TEST_STEP][PASSED] - println("page2: " + page2): null

17-03-2025T07:08:47 - [TEST_STEP][PASSED] - file = findTestData("PlanFact").getValue(4, a): null

17-03-2025T07:08:47 - [TEST_STEP][PASSED] - file = file.replace(",", "."): null

17-03-2025T07:08:47 - [TEST_STEP][PASSED] - println("file Plan: " + file): null

17-03-2025T07:08:47 - [TEST_STEP][PASSED] - typeOfData = "План в процентах": null

17-03-2025T07:08:47 - [TEST_STEP][PASSED] - fileDouble = file.toDouble(): null

17-03-2025T07:08:47 - [TEST_STEP][PASSED] - pageDouble = page1.toDouble(): null

17-03-2025T07:08:47 - [TEST_STEP][PASSED] - if (fileDouble != pageDouble): null

17-03-2025T07:08:47 - [TEST_STEP][PASSED] - file = findTestData("PlanFact").getValue(7, a): null

17-03-2025T07:08:47 - [TEST_STEP][PASSED] - file = file.replace(",", "."): null

17-03-2025T07:08:47 - [TEST_STEP][PASSED] - println("file Fact: " + file): null

17-03-2025T07:08:47 - [TEST_STEP][PASSED] - fileDouble = file.toDouble(): null

17-03-2025T07:08:47 - [TEST_STEP][PASSED] - typeOfData = "Факт в процентах": null

17-03-2025T07:08:47 - [TEST_STEP][PASSED] - fileDouble = file.toDouble(): null

17-03-2025T07:08:47 - [TEST_STEP][PASSED] - pageDouble = page2.toDouble(): null

17-03-2025T07:08:47 - [TEST_STEP][PASSED] - if (fileDouble != pageDouble): null

17-03-2025T07:08:47 - [TEST_STEP][PASSED] - if (verifyEqual(numberOfErrors, 0) == false): Actual object '0' and expected object '0' are equal

17-03-2025T07:08:47 - [MESSAGE][PASSED] - Actual object '0' and expected object '0' are equal

17-03-2025T07:08:47 - [TEST_STEP][PASSED] - if (a == 82): null

17-03-2025T07:08:47 - [TEST_STEP][PASSED] - dZO = "Свердловэнерго": null

17-03-2025T07:08:47 - [TEST_STEP][PASSED] - a = 56: null

17-03-2025T07:08:47 - [TEST_STEP][PASSED] - if (x2.contains(dZO)): null

17-03-2025T07:08:47 - [TEST_STEP][PASSED] - filialNum = filialNum + 1: null

17-03-2025T07:08:47 - [TEST_STEP][PASSED] - Script1718980020443.Numbers(a, typeOfData, todaysDate, pageInt, fileInt, pageDouble, fileDouble, dZO, dzoNum, filialNum): null

17-03-2025T07:08:47 - [TEST_STEP][PASSED] - println(dzoNum): null

17-03-2025T07:08:47 - [TEST_STEP][PASSED] - planFact = <not implemented yet for class: org.codehaus.groovy.ast.expr.EmptyExpression>: null

17-03-2025T07:08:47 - [TEST_STEP][PASSED] - page = <not implemented yet for class: org.codehaus.groovy.ast.expr.EmptyExpression>: null

17-03-2025T07:08:47 - [TEST_STEP][PASSED] - page1 = <not implemented yet for class: org.codehaus.groovy.ast.expr.EmptyExpression>: null

17-03-2025T07:08:47 - [TEST_STEP][PASSED] - page2 = <not implemented yet for class: org.codehaus.groovy.ast.expr.EmptyExpression>: null

17-03-2025T07:08:47 - [TEST_STEP][PASSED] - filialNumberInRow = <not implemented yet for class: org.codehaus.groovy.ast.expr.EmptyExpression>: null

17-03-2025T07:08:47 - [TEST_STEP][PASSED] - filialsDzoNames = <not implemented yet for class: org.codehaus.groovy.ast.expr.EmptyExpression>: null

17-03-2025T07:08:47 - [TEST_STEP][PASSED] - numberOfFilials = <not implemented yet for class: org.codehaus.groovy.ast.expr.EmptyExpression>: null

17-03-2025T07:08:47 - [TEST_STEP][PASSED] - numberOfSpaces = <not implemented yet for class: org.codehaus.groovy.ast.expr.EmptyExpression>: null

17-03-2025T07:08:47 - [TEST_STEP][PASSED] - file = <not implemented yet for class: org.codehaus.groovy.ast.expr.EmptyExpression>: null

17-03-2025T07:08:47 - [TEST_STEP][PASSED] - otpusk = <not implemented yet for class: org.codehaus.groovy.ast.expr.EmptyExpression>: null

17-03-2025T07:08:47 - [TEST_STEP][PASSED] - poteri = <not implemented yet for class: org.codehaus.groovy.ast.expr.EmptyExpression>: null

17-03-2025T07:08:47 - [TEST_STEP][PASSED] - dataFolder = "Выполнение бизнес-плана/Значения со страницы Выполнение бизнес-плана/": null

17-03-2025T07:08:47 - [TEST_STEP][PASSED] - path = <not implemented yet for class: org.codehaus.groovy.ast.expr.EmptyExpression>: null

17-03-2025T07:08:47 - [TEST_STEP][PASSED] - typeOfDataMain = <not implemented yet for class: org.codehaus.groovy.ast.expr.EmptyExpression>: null

17-03-2025T07:08:47 - [TEST_STEP][PASSED] - fileOtpuskVSet = <not implemented yet for class: org.codehaus.groovy.ast.expr.EmptyExpression>: null

17-03-2025T07:08:47 - [TEST_STEP][PASSED] - pageOtpuskVSet = <not implemented yet for class: org.codehaus.groovy.ast.expr.EmptyExpression>: null

17-03-2025T07:08:47 - [TEST_STEP][PASSED] - filePoteri = <not implemented yet for class: org.codehaus.groovy.ast.expr.EmptyExpression>: null

17-03-2025T07:08:47 - [TEST_STEP][PASSED] - pagePoteri = <not implemented yet for class: org.codehaus.groovy.ast.expr.EmptyExpression>: null

17-03-2025T07:08:47 - [TEST_STEP][PASSED] - compare = <not implemented yet for class: org.codehaus.groovy.ast.expr.EmptyExpression>: null

17-03-2025T07:08:47 - [TEST_STEP][PASSED] - b = <not implemented yet for class: org.codehaus.groovy.ast.expr.EmptyExpression>: null

17-03-2025T07:08:47 - [TEST_STEP][PASSED] - i = <not implemented yet for class: org.codehaus.groovy.ast.expr.EmptyExpression>: null

17-03-2025T07:08:47 - [TEST_STEP][PASSED] - ii = <not implemented yet for class: org.codehaus.groovy.ast.expr.EmptyExpression>: null

17-03-2025T07:08:47 - [TEST_STEP][PASSED] - c = <not implemented yet for class: org.codehaus.groovy.ast.expr.EmptyExpression>: null

17-03-2025T07:08:47 - [TEST_STEP][PASSED] - numberOfErrors = 0: null

17-03-2025T07:08:47 - [TEST_STEP][PASSED] - if (a == 82): null

17-03-2025T07:08:47 - [TEST_STEP][PASSED] - b = findTestData("PlanFact").getValue(1, a): null

17-03-2025T07:08:47 - [TEST_STEP][PASSED] - i = b.indexOf(" (ГК)"): null

17-03-2025T07:08:47 - [TEST_STEP][PASSED] - if (i > -1): null

17-03-2025T07:08:47 - [TEST_STEP][PASSED] - i = b.indexOf("О ""): null

17-03-2025T07:08:47 - [TEST_STEP][PASSED] - if (i > -1): null

17-03-2025T07:08:47 - [TEST_STEP][PASSED] - i = b.indexOf("О «"): null

17-03-2025T07:08:47 - [TEST_STEP][PASSED] - if (i > -1): null

17-03-2025T07:08:47 - [TEST_STEP][PASSED] - i = b.indexOf("г. "): null

17-03-2025T07:08:47 - [TEST_STEP][PASSED] - if (i > -1): null

17-03-2025T07:08:47 - [TEST_STEP][PASSED] - b = b.trim(): null

17-03-2025T07:08:47 - [TEST_STEP][PASSED] - println(b): null

17-03-2025T07:08:47 - [TEST_STEP][PASSED] - for ([planFact = 1, planFact < 3, (planFact++)]): Object: 'Object Repository/Выполнение бизнес-плана/Кнопка Факт' is clicked on

17-03-2025T07:08:47 - [TEST_STEP][PASSED] - if (planFact == 1): null

17-03-2025T07:08:47 - [TEST_STEP][PASSED] - typeOfDataMain = "Факт": null

17-03-2025T07:08:47 - [TEST_STEP][PASSED] - otpusk = findTestData("PlanFact").getValue(5, a): null

17-03-2025T07:08:47 - [TEST_STEP][PASSED] - poteri = findTestData("PlanFact").getValue(6, a): null

17-03-2025T07:08:47 - [TEST_STEP][PASSED] - otpusk = otpusk.replaceAll("\s+", ""): null

17-03-2025T07:08:47 - [TEST_STEP][PASSED] - poteri = poteri.replaceAll("\s+", ""): null

17-03-2025T07:08:47 - [TEST_STEP][PASSED] - typeOfData = typeOfDataMain + " Отпуск в сеть": null

17-03-2025T07:08:47 - [TEST_STEP][PASSED] - if (a == 82): null

17-03-2025T07:08:47 - [TEST_STEP][PASSED] - else if (a == 84): null

17-03-2025T07:08:47 - [TEST_STEP][PASSED] - else if (a == 83 || a == 52 || a == 72 || a == 28 || a == 73 || a == 77 || a == 74 || a == 65 || a == 36 || a == 44 || a == 53 || a == 80 || a == 54 || a == 1 || a == 18 || a == 59 || a == 81): null

17-03-2025T07:08:47 - [TEST_STEP][PASSED] - else: null

17-03-2025T07:08:47 - [TEST_STEP][PASSED] - path = dataFolder + typeOfData + " за отчётный период " + b: null

17-03-2025T07:08:47 - [TEST_STEP][PASSED] - println(path): null

17-03-2025T07:08:47 - [TEST_STEP][PASSED] - page = getText(findTestObject(path)): Text of object 'Object Repository/Выполнение бизнес-плана/Значения со страницы Выполнение бизнес-плана/Факт Отпуск в сеть за отчётный период Свердловэнерго' is: '2 804 247'

17-03-2025T07:08:47 - [MESSAGE][PASSED] - Text of object 'Object Repository/Выполнение бизнес-плана/Значения со страницы Выполнение бизнес-плана/Факт Отпуск в сеть за отчётный период Свердловэнерго' is: '2 804 247'

17-03-2025T07:08:47 - [TEST_STEP][PASSED] - if (page == "" || page == null): null

17-03-2025T07:08:47 - [TEST_STEP][PASSED] - else: null

17-03-2025T07:08:47 - [TEST_STEP][PASSED] - page = page.replaceAll("\s+", ""): null

17-03-2025T07:08:47 - [TEST_STEP][PASSED] - if (page == "undefined"): null

17-03-2025T07:08:47 - [TEST_STEP][PASSED] - fileOtpuskVSet = otpusk.toInteger(): null

17-03-2025T07:08:47 - [TEST_STEP][PASSED] - pageOtpuskVSet = page.toInteger(): null

17-03-2025T07:08:47 - [TEST_STEP][PASSED] - typeOfData = typeOfDataMain + " Потери": null

17-03-2025T07:08:47 - [TEST_STEP][PASSED] - if (a == 82): null

17-03-2025T07:08:47 - [TEST_STEP][PASSED] - else if (a == 84): null

17-03-2025T07:08:47 - [TEST_STEP][PASSED] - else if (a == 83 || a == 52 || a == 72 || a == 28 || a == 73 || a == 77 || a == 74 || a == 65 || a == 44 || a == 53 || a == 80 || a == 54 || a == 1 || a == 18 || a == 59 || a == 81): null

17-03-2025T07:08:47 - [TEST_STEP][PASSED] - else: null

17-03-2025T07:08:47 - [TEST_STEP][PASSED] - path = dataFolder + typeOfData + " за отчётный период " + b: null

17-03-2025T07:08:47 - [TEST_STEP][PASSED] - page = getText(findTestObject(path)): Text of object 'Object Repository/Выполнение бизнес-плана/Значения со страницы Выполнение бизнес-плана/Факт Потери за отчётный период Свердловэнерго' is: '157 255'

17-03-2025T07:08:47 - [MESSAGE][PASSED] - Text of object 'Object Repository/Выполнение бизнес-плана/Значения со страницы Выполнение бизнес-плана/Факт Потери за отчётный период Свердловэнерго' is: '157 255'

17-03-2025T07:08:47 - [TEST_STEP][PASSED] - if (page == "" || page == null): null

17-03-2025T07:08:47 - [TEST_STEP][PASSED] - else: null

17-03-2025T07:08:47 - [TEST_STEP][PASSED] - page = page.replaceAll("\s+", ""): null

17-03-2025T07:08:47 - [TEST_STEP][PASSED] - if (page == "undefined"): null

17-03-2025T07:08:47 - [TEST_STEP][PASSED] - filePoteri = poteri.toInteger(): null

17-03-2025T07:08:47 - [TEST_STEP][PASSED] - pagePoteri = page.toInteger(): null

17-03-2025T07:08:47 - [TEST_STEP][PASSED] - compare = pageOtpuskVSet: null

17-03-2025T07:08:47 - [TEST_STEP][PASSED] - if (pageOtpuskVSet != null): null

17-03-2025T07:08:47 - [TEST_STEP][PASSED] - if (compare == fileOtpuskVSet): null

17-03-2025T07:08:47 - [TEST_STEP][PASSED] - if (compare == fileOtpuskVSet): null

17-03-2025T07:08:47 - [TEST_STEP][PASSED] - compare = pagePoteri: null

17-03-2025T07:08:47 - [TEST_STEP][PASSED] - if (pageOtpuskVSet != null): null

17-03-2025T07:08:47 - [TEST_STEP][PASSED] - if (compare == filePoteri): null

17-03-2025T07:08:47 - [TEST_STEP][PASSED] - if (compare == filePoteri): null

17-03-2025T07:08:47 - [TEST_STEP][PASSED] - if (planFact == 2): null

17-03-2025T07:08:47 - [TEST_STEP][PASSED] - if (planFact == 1): null

17-03-2025T07:08:47 - [TEST_STEP][PASSED] - else if (planFact == 2): null

17-03-2025T07:08:47 - [TEST_STEP][PASSED] - click(findTestObject("Выполнение бизнес-плана/Кнопка План")): Object: 'Object Repository/Выполнение бизнес-плана/Кнопка План' is clicked on

17-03-2025T07:08:48 - [MESSAGE][PASSED] - Object: 'Object Repository/Выполнение бизнес-плана/Кнопка План' is clicked on

17-03-2025T07:08:48 - [TEST_STEP][PASSED] - typeOfDataMain = "План": null

17-03-2025T07:08:48 - [TEST_STEP][PASSED] - otpusk = findTestData("PlanFact").getValue(2, a): null

17-03-2025T07:08:48 - [TEST_STEP][PASSED] - poteri = findTestData("PlanFact").getValue(3, a): null

17-03-2025T07:08:48 - [TEST_STEP][PASSED] - otpusk = otpusk.replaceAll("\s+", ""): null

17-03-2025T07:08:48 - [TEST_STEP][PASSED] - poteri = poteri.replaceAll("\s+", ""): null

17-03-2025T07:08:48 - [TEST_STEP][PASSED] - typeOfData = typeOfDataMain + " Отпуск в сеть": null

17-03-2025T07:08:48 - [TEST_STEP][PASSED] - if (a == 82): null

17-03-2025T07:08:48 - [TEST_STEP][PASSED] - else if (a == 84): null

17-03-2025T07:08:48 - [TEST_STEP][PASSED] - else if (a == 83 || a == 52 || a == 72 || a == 28 || a == 73 || a == 77 || a == 74 || a == 65 || a == 36 || a == 44 || a == 53 || a == 80 || a == 54 || a == 1 || a == 18 || a == 59 || a == 81): null

17-03-2025T07:08:48 - [TEST_STEP][PASSED] - else: null

17-03-2025T07:08:48 - [TEST_STEP][PASSED] - path = dataFolder + typeOfData + " за отчётный период " + b: null

17-03-2025T07:08:48 - [TEST_STEP][PASSED] - println(path): null

17-03-2025T07:08:48 - [TEST_STEP][PASSED] - page = getText(findTestObject(path)): Text of object 'Object Repository/Выполнение бизнес-плана/Значения со страницы Выполнение бизнес-плана/План Отпуск в сеть за отчётный период Свердловэнерго' is: '2 946 702'

17-03-2025T07:08:48 - [MESSAGE][PASSED] - Text of object 'Object Repository/Выполнение бизнес-плана/Значения со страницы Выполнение бизнес-плана/План Отпуск в сеть за отчётный период Свердловэнерго' is: '2 946 702'

17-03-2025T07:08:48 - [TEST_STEP][PASSED] - if (page == "" || page == null): null

17-03-2025T07:08:48 - [TEST_STEP][PASSED] - else: null

17-03-2025T07:08:48 - [TEST_STEP][PASSED] - page = page.replaceAll("\s+", ""): null

17-03-2025T07:08:48 - [TEST_STEP][PASSED] - if (page == "undefined"): null

17-03-2025T07:08:48 - [TEST_STEP][PASSED] - fileOtpuskVSet = otpusk.toInteger(): null

17-03-2025T07:08:48 - [TEST_STEP][PASSED] - pageOtpuskVSet = page.toInteger(): null

17-03-2025T07:08:48 - [TEST_STEP][PASSED] - typeOfData = typeOfDataMain + " Потери": null

17-03-2025T07:08:48 - [TEST_STEP][PASSED] - if (a == 82): null

17-03-2025T07:08:48 - [TEST_STEP][PASSED] - else if (a == 84): null

17-03-2025T07:08:48 - [TEST_STEP][PASSED] - else if (a == 83 || a == 52 || a == 72 || a == 28 || a == 73 || a == 77 || a == 74 || a == 65 || a == 44 || a == 53 || a == 80 || a == 54 || a == 1 || a == 18 || a == 59 || a == 81): null

17-03-2025T07:08:48 - [TEST_STEP][PASSED] - else: null

17-03-2025T07:08:48 - [TEST_STEP][PASSED] - path = dataFolder + typeOfData + " за отчётный период " + b: null

17-03-2025T07:08:48 - [TEST_STEP][PASSED] - page = getText(findTestObject(path)): Text of object 'Object Repository/Выполнение бизнес-плана/Значения со страницы Выполнение бизнес-плана/План Потери за отчётный период Свердловэнерго' is: '168 110'

17-03-2025T07:08:48 - [MESSAGE][PASSED] - Text of object 'Object Repository/Выполнение бизнес-плана/Значения со страницы Выполнение бизнес-плана/План Потери за отчётный период Свердловэнерго' is: '168 110'

17-03-2025T07:08:48 - [TEST_STEP][PASSED] - if (page == "" || page == null): null

17-03-2025T07:08:48 - [TEST_STEP][PASSED] - else: null

17-03-2025T07:08:48 - [TEST_STEP][PASSED] - page = page.replaceAll("\s+", ""): null

17-03-2025T07:08:48 - [TEST_STEP][PASSED] - if (page == "undefined"): null

17-03-2025T07:08:48 - [TEST_STEP][PASSED] - filePoteri = poteri.toInteger(): null

17-03-2025T07:08:48 - [TEST_STEP][PASSED] - pagePoteri = page.toInteger(): null

17-03-2025T07:08:48 - [TEST_STEP][PASSED] - compare = pageOtpuskVSet: null

17-03-2025T07:08:48 - [TEST_STEP][PASSED] - if (pageOtpuskVSet != null): null

17-03-2025T07:08:48 - [TEST_STEP][PASSED] - if (compare == fileOtpuskVSet): null

17-03-2025T07:08:48 - [TEST_STEP][PASSED] - if (compare == fileOtpuskVSet): null

17-03-2025T07:08:48 - [TEST_STEP][PASSED] - compare = pagePoteri: null

17-03-2025T07:08:48 - [TEST_STEP][PASSED] - if (pageOtpuskVSet != null): null

17-03-2025T07:08:48 - [TEST_STEP][PASSED] - if (compare == filePoteri): null

17-03-2025T07:08:48 - [TEST_STEP][PASSED] - if (compare == filePoteri): null

17-03-2025T07:08:48 - [TEST_STEP][PASSED] - if (planFact == 2): Object: 'Object Repository/Выполнение бизнес-плана/Кнопка Факт' is clicked on

17-03-2025T07:08:48 - [TEST_STEP][PASSED] - click(findTestObject("Выполнение бизнес-плана/Кнопка Факт")): Object: 'Object Repository/Выполнение бизнес-плана/Кнопка Факт' is clicked on

17-03-2025T07:08:49 - [MESSAGE][PASSED] - Object: 'Object Repository/Выполнение бизнес-плана/Кнопка Факт' is clicked on

17-03-2025T07:08:49 - [TEST_STEP][PASSED] - println("a=" + a): null

17-03-2025T07:08:49 - [TEST_STEP][PASSED] - if (a == 84 || a == 82): null

17-03-2025T07:08:49 - [TEST_STEP][PASSED] - else if (a == 83 || a == 52 || a == 72 || a == 28 || a == 73 || a == 77 || a == 74 || a == 65 || a == 36 || a == 44 || a == 53 || a == 80 || a == 54 || a == 1 || a == 18 || a == 59 || a == 81): null

17-03-2025T07:08:49 - [TEST_STEP][PASSED] - else: null

17-03-2025T07:08:49 - [TEST_STEP][PASSED] - page1 = getText(findTestObject("Object Repository/Выполнение бизнес-плана/spanPlan" + filialNum)): Text of object 'Object Repository/Выполнение бизнес-плана/spanPlan3' is: '5.71
|'

17-03-2025T07:08:49 - [MESSAGE][PASSED] - Text of object 'Object Repository/Выполнение бизнес-плана/spanPlan3' is: '5.71
|'

17-03-2025T07:08:49 - [TEST_STEP][PASSED] - page1 = page1.replace("|", ""): null

17-03-2025T07:08:49 - [TEST_STEP][PASSED] - page2 = getText(findTestObject("Object Repository/Выполнение бизнес-плана/spanFact" + filialNum)): Text of object 'Object Repository/Выполнение бизнес-плана/spanFact3' is: '5.61
|'

17-03-2025T07:08:49 - [MESSAGE][PASSED] - Text of object 'Object Repository/Выполнение бизнес-плана/spanFact3' is: '5.61
|'

17-03-2025T07:08:49 - [TEST_STEP][PASSED] - page2 = page2.replace("|", ""): null

17-03-2025T07:08:49 - [TEST_STEP][PASSED] - println("page1: " + page1): null

17-03-2025T07:08:49 - [TEST_STEP][PASSED] - println("page2: " + page2): null

17-03-2025T07:08:49 - [TEST_STEP][PASSED] - file = findTestData("PlanFact").getValue(4, a): null

17-03-2025T07:08:49 - [TEST_STEP][PASSED] - file = file.replace(",", "."): null

17-03-2025T07:08:49 - [TEST_STEP][PASSED] - println("file Plan: " + file): null

17-03-2025T07:08:49 - [TEST_STEP][PASSED] - typeOfData = "План в процентах": null

17-03-2025T07:08:49 - [TEST_STEP][PASSED] - fileDouble = file.toDouble(): null

17-03-2025T07:08:49 - [TEST_STEP][PASSED] - pageDouble = page1.toDouble(): null

17-03-2025T07:08:49 - [TEST_STEP][PASSED] - if (fileDouble != pageDouble): null

17-03-2025T07:08:49 - [TEST_STEP][PASSED] - file = findTestData("PlanFact").getValue(7, a): null

17-03-2025T07:08:50 - [TEST_STEP][PASSED] - file = file.replace(",", "."): null

17-03-2025T07:08:50 - [TEST_STEP][PASSED] - println("file Fact: " + file): null

17-03-2025T07:08:50 - [TEST_STEP][PASSED] - fileDouble = file.toDouble(): null

17-03-2025T07:08:50 - [TEST_STEP][PASSED] - typeOfData = "Факт в процентах": null

17-03-2025T07:08:50 - [TEST_STEP][PASSED] - fileDouble = file.toDouble(): null

17-03-2025T07:08:50 - [TEST_STEP][PASSED] - pageDouble = page2.toDouble(): null

17-03-2025T07:08:50 - [TEST_STEP][PASSED] - if (fileDouble != pageDouble): null

17-03-2025T07:08:50 - [TEST_STEP][PASSED] - if (verifyEqual(numberOfErrors, 0) == false): Actual object '0' and expected object '0' are equal

17-03-2025T07:08:50 - [MESSAGE][PASSED] - Actual object '0' and expected object '0' are equal

17-03-2025T07:08:50 - [TEST_STEP][PASSED] - if (a == 82): null

17-03-2025T07:08:50 - [TEST_STEP][PASSED] - dZO = "Челябэнерго": null

17-03-2025T07:08:50 - [TEST_STEP][PASSED] - a = 57: null

17-03-2025T07:08:50 - [TEST_STEP][PASSED] - if (x2.contains(dZO)): null

17-03-2025T07:08:50 - [TEST_STEP][PASSED] - filialNum = filialNum + 1: null

17-03-2025T07:08:50 - [TEST_STEP][PASSED] - Script1718980020443.Numbers(a, typeOfData, todaysDate, pageInt, fileInt, pageDouble, fileDouble, dZO, dzoNum, filialNum): null

17-03-2025T07:08:50 - [TEST_STEP][PASSED] - println(dzoNum): null

17-03-2025T07:08:50 - [TEST_STEP][PASSED] - planFact = <not implemented yet for class: org.codehaus.groovy.ast.expr.EmptyExpression>: null

17-03-2025T07:08:50 - [TEST_STEP][PASSED] - page = <not implemented yet for class: org.codehaus.groovy.ast.expr.EmptyExpression>: null

17-03-2025T07:08:50 - [TEST_STEP][PASSED] - page1 = <not implemented yet for class: org.codehaus.groovy.ast.expr.EmptyExpression>: null

17-03-2025T07:08:50 - [TEST_STEP][PASSED] - page2 = <not implemented yet for class: org.codehaus.groovy.ast.expr.EmptyExpression>: null

17-03-2025T07:08:50 - [TEST_STEP][PASSED] - filialNumberInRow = <not implemented yet for class: org.codehaus.groovy.ast.expr.EmptyExpression>: null

17-03-2025T07:08:50 - [TEST_STEP][PASSED] - filialsDzoNames = <not implemented yet for class: org.codehaus.groovy.ast.expr.EmptyExpression>: null

17-03-2025T07:08:50 - [TEST_STEP][PASSED] - numberOfFilials = <not implemented yet for class: org.codehaus.groovy.ast.expr.EmptyExpression>: null

17-03-2025T07:08:50 - [TEST_STEP][PASSED] - numberOfSpaces = <not implemented yet for class: org.codehaus.groovy.ast.expr.EmptyExpression>: null

17-03-2025T07:08:50 - [TEST_STEP][PASSED] - file = <not implemented yet for class: org.codehaus.groovy.ast.expr.EmptyExpression>: null

17-03-2025T07:08:50 - [TEST_STEP][PASSED] - otpusk = <not implemented yet for class: org.codehaus.groovy.ast.expr.EmptyExpression>: null

17-03-2025T07:08:50 - [TEST_STEP][PASSED] - poteri = <not implemented yet for class: org.codehaus.groovy.ast.expr.EmptyExpression>: null

17-03-2025T07:08:50 - [TEST_STEP][PASSED] - dataFolder = "Выполнение бизнес-плана/Значения со страницы Выполнение бизнес-плана/": null

17-03-2025T07:08:50 - [TEST_STEP][PASSED] - path = <not implemented yet for class: org.codehaus.groovy.ast.expr.EmptyExpression>: null

17-03-2025T07:08:50 - [TEST_STEP][PASSED] - typeOfDataMain = <not implemented yet for class: org.codehaus.groovy.ast.expr.EmptyExpression>: null

17-03-2025T07:08:50 - [TEST_STEP][PASSED] - fileOtpuskVSet = <not implemented yet for class: org.codehaus.groovy.ast.expr.EmptyExpression>: null

17-03-2025T07:08:50 - [TEST_STEP][PASSED] - pageOtpuskVSet = <not implemented yet for class: org.codehaus.groovy.ast.expr.EmptyExpression>: null

17-03-2025T07:08:50 - [TEST_STEP][PASSED] - filePoteri = <not implemented yet for class: org.codehaus.groovy.ast.expr.EmptyExpression>: null

17-03-2025T07:08:50 - [TEST_STEP][PASSED] - pagePoteri = <not implemented yet for class: org.codehaus.groovy.ast.expr.EmptyExpression>: null

17-03-2025T07:08:50 - [TEST_STEP][PASSED] - compare = <not implemented yet for class: org.codehaus.groovy.ast.expr.EmptyExpression>: null

17-03-2025T07:08:50 - [TEST_STEP][PASSED] - b = <not implemented yet for class: org.codehaus.groovy.ast.expr.EmptyExpression>: null

17-03-2025T07:08:50 - [TEST_STEP][PASSED] - i = <not implemented yet for class: org.codehaus.groovy.ast.expr.EmptyExpression>: null

17-03-2025T07:08:50 - [TEST_STEP][PASSED] - ii = <not implemented yet for class: org.codehaus.groovy.ast.expr.EmptyExpression>: null

17-03-2025T07:08:50 - [TEST_STEP][PASSED] - c = <not implemented yet for class: org.codehaus.groovy.ast.expr.EmptyExpression>: null

17-03-2025T07:08:50 - [TEST_STEP][PASSED] - numberOfErrors = 0: null

17-03-2025T07:08:50 - [TEST_STEP][PASSED] - if (a == 82): null

17-03-2025T07:08:50 - [TEST_STEP][PASSED] - b = findTestData("PlanFact").getValue(1, a): null

17-03-2025T07:08:50 - [TEST_STEP][PASSED] - i = b.indexOf(" (ГК)"): null

17-03-2025T07:08:50 - [TEST_STEP][PASSED] - if (i > -1): null

17-03-2025T07:08:50 - [TEST_STEP][PASSED] - i = b.indexOf("О ""): null

17-03-2025T07:08:50 - [TEST_STEP][PASSED] - if (i > -1): null

17-03-2025T07:08:50 - [TEST_STEP][PASSED] - i = b.indexOf("О «"): null

17-03-2025T07:08:50 - [TEST_STEP][PASSED] - if (i > -1): null

17-03-2025T07:08:50 - [TEST_STEP][PASSED] - i = b.indexOf("г. "): null

17-03-2025T07:08:50 - [TEST_STEP][PASSED] - if (i > -1): null

17-03-2025T07:08:50 - [TEST_STEP][PASSED] - b = b.trim(): null

17-03-2025T07:08:50 - [TEST_STEP][PASSED] - println(b): null

17-03-2025T07:08:50 - [TEST_STEP][PASSED] - for ([planFact = 1, planFact < 3, (planFact++)]): Object: 'Object Repository/Выполнение бизнес-плана/Кнопка Факт' is clicked on

17-03-2025T07:08:50 - [TEST_STEP][PASSED] - if (planFact == 1): null

17-03-2025T07:08:50 - [TEST_STEP][PASSED] - typeOfDataMain = "Факт": null

17-03-2025T07:08:50 - [TEST_STEP][PASSED] - otpusk = findTestData("PlanFact").getValue(5, a): null

17-03-2025T07:08:50 - [TEST_STEP][PASSED] - poteri = findTestData("PlanFact").getValue(6, a): null

17-03-2025T07:08:50 - [TEST_STEP][PASSED] - otpusk = otpusk.replaceAll("\s+", ""): null

17-03-2025T07:08:50 - [TEST_STEP][PASSED] - poteri = poteri.replaceAll("\s+", ""): null

17-03-2025T07:08:50 - [TEST_STEP][PASSED] - typeOfData = typeOfDataMain + " Отпуск в сеть": null

17-03-2025T07:08:50 - [TEST_STEP][PASSED] - if (a == 82): null

17-03-2025T07:08:50 - [TEST_STEP][PASSED] - else if (a == 84): null

17-03-2025T07:08:50 - [TEST_STEP][PASSED] - else if (a == 83 || a == 52 || a == 72 || a == 28 || a == 73 || a == 77 || a == 74 || a == 65 || a == 36 || a == 44 || a == 53 || a == 80 || a == 54 || a == 1 || a == 18 || a == 59 || a == 81): null

17-03-2025T07:08:50 - [TEST_STEP][PASSED] - else: null

17-03-2025T07:08:50 - [TEST_STEP][PASSED] - path = dataFolder + typeOfData + " за отчётный период " + b: null

17-03-2025T07:08:50 - [TEST_STEP][PASSED] - println(path): null

17-03-2025T07:08:50 - [TEST_STEP][PASSED] - page = getText(findTestObject(path)): Text of object 'Object Repository/Выполнение бизнес-плана/Значения со страницы Выполнение бизнес-плана/Факт Отпуск в сеть за отчётный период Челябэнерго' is: '1 698 646'

17-03-2025T07:08:50 - [MESSAGE][PASSED] - Text of object 'Object Repository/Выполнение бизнес-плана/Значения со страницы Выполнение бизнес-плана/Факт Отпуск в сеть за отчётный период Челябэнерго' is: '1 698 646'

17-03-2025T07:08:50 - [TEST_STEP][PASSED] - if (page == "" || page == null): null

17-03-2025T07:08:50 - [TEST_STEP][PASSED] - else: null

17-03-2025T07:08:50 - [TEST_STEP][PASSED] - page = page.replaceAll("\s+", ""): null

17-03-2025T07:08:50 - [TEST_STEP][PASSED] - if (page == "undefined"): null

17-03-2025T07:08:50 - [TEST_STEP][PASSED] - fileOtpuskVSet = otpusk.toInteger(): null

17-03-2025T07:08:50 - [TEST_STEP][PASSED] - pageOtpuskVSet = page.toInteger(): null

17-03-2025T07:08:50 - [TEST_STEP][PASSED] - typeOfData = typeOfDataMain + " Потери": null

17-03-2025T07:08:50 - [TEST_STEP][PASSED] - if (a == 82): null

17-03-2025T07:08:50 - [TEST_STEP][PASSED] - else if (a == 84): null

17-03-2025T07:08:50 - [TEST_STEP][PASSED] - else if (a == 83 || a == 52 || a == 72 || a == 28 || a == 73 || a == 77 || a == 74 || a == 65 || a == 44 || a == 53 || a == 80 || a == 54 || a == 1 || a == 18 || a == 59 || a == 81): null

17-03-2025T07:08:50 - [TEST_STEP][PASSED] - else: null

17-03-2025T07:08:50 - [TEST_STEP][PASSED] - path = dataFolder + typeOfData + " за отчётный период " + b: null

17-03-2025T07:08:50 - [TEST_STEP][PASSED] - page = getText(findTestObject(path)): Text of object 'Object Repository/Выполнение бизнес-плана/Значения со страницы Выполнение бизнес-плана/Факт Потери за отчётный период Челябэнерго' is: '130 600'

17-03-2025T07:08:50 - [MESSAGE][PASSED] - Text of object 'Object Repository/Выполнение бизнес-плана/Значения со страницы Выполнение бизнес-плана/Факт Потери за отчётный период Челябэнерго' is: '130 600'

17-03-2025T07:08:50 - [TEST_STEP][PASSED] - if (page == "" || page == null): null

17-03-2025T07:08:50 - [TEST_STEP][PASSED] - else: null

17-03-2025T07:08:50 - [TEST_STEP][PASSED] - page = page.replaceAll("\s+", ""): null

17-03-2025T07:08:50 - [TEST_STEP][PASSED] - if (page == "undefined"): null

17-03-2025T07:08:50 - [TEST_STEP][PASSED] - filePoteri = poteri.toInteger(): null

17-03-2025T07:08:50 - [TEST_STEP][PASSED] - pagePoteri = page.toInteger(): null

17-03-2025T07:08:50 - [TEST_STEP][PASSED] - compare = pageOtpuskVSet: null

17-03-2025T07:08:50 - [TEST_STEP][PASSED] - if (pageOtpuskVSet != null): null

17-03-2025T07:08:50 - [TEST_STEP][PASSED] - if (compare == fileOtpuskVSet): null

17-03-2025T07:08:50 - [TEST_STEP][PASSED] - if (compare == fileOtpuskVSet): null

17-03-2025T07:08:50 - [TEST_STEP][PASSED] - compare = pagePoteri: null

17-03-2025T07:08:50 - [TEST_STEP][PASSED] - if (pageOtpuskVSet != null): null

17-03-2025T07:08:50 - [TEST_STEP][PASSED] - if (compare == filePoteri): null

17-03-2025T07:08:50 - [TEST_STEP][PASSED] - if (compare == filePoteri): null

17-03-2025T07:08:50 - [TEST_STEP][PASSED] - if (planFact == 2): null

17-03-2025T07:08:50 - [TEST_STEP][PASSED] - if (planFact == 1): null

17-03-2025T07:08:50 - [TEST_STEP][PASSED] - else if (planFact == 2): null

17-03-2025T07:08:50 - [TEST_STEP][PASSED] - click(findTestObject("Выполнение бизнес-плана/Кнопка План")): Object: 'Object Repository/Выполнение бизнес-плана/Кнопка План' is clicked on

17-03-2025T07:08:51 - [MESSAGE][PASSED] - Object: 'Object Repository/Выполнение бизнес-плана/Кнопка План' is clicked on

17-03-2025T07:08:51 - [TEST_STEP][PASSED] - typeOfDataMain = "План": null

17-03-2025T07:08:51 - [TEST_STEP][PASSED] - otpusk = findTestData("PlanFact").getValue(2, a): null

17-03-2025T07:08:51 - [TEST_STEP][PASSED] - poteri = findTestData("PlanFact").getValue(3, a): null

17-03-2025T07:08:51 - [TEST_STEP][PASSED] - otpusk = otpusk.replaceAll("\s+", ""): null

17-03-2025T07:08:51 - [TEST_STEP][PASSED] - poteri = poteri.replaceAll("\s+", ""): null

17-03-2025T07:08:51 - [TEST_STEP][PASSED] - typeOfData = typeOfDataMain + " Отпуск в сеть": null

17-03-2025T07:08:51 - [TEST_STEP][PASSED] - if (a == 82): null

17-03-2025T07:08:51 - [TEST_STEP][PASSED] - else if (a == 84): null

17-03-2025T07:08:51 - [TEST_STEP][PASSED] - else if (a == 83 || a == 52 || a == 72 || a == 28 || a == 73 || a == 77 || a == 74 || a == 65 || a == 36 || a == 44 || a == 53 || a == 80 || a == 54 || a == 1 || a == 18 || a == 59 || a == 81): null

17-03-2025T07:08:51 - [TEST_STEP][PASSED] - else: null

17-03-2025T07:08:51 - [TEST_STEP][PASSED] - path = dataFolder + typeOfData + " за отчётный период " + b: null

17-03-2025T07:08:51 - [TEST_STEP][PASSED] - println(path): null

17-03-2025T07:08:51 - [TEST_STEP][PASSED] - page = getText(findTestObject(path)): Text of object 'Object Repository/Выполнение бизнес-плана/Значения со страницы Выполнение бизнес-плана/План Отпуск в сеть за отчётный период Челябэнерго' is: '1 775 309'

17-03-2025T07:08:51 - [MESSAGE][PASSED] - Text of object 'Object Repository/Выполнение бизнес-плана/Значения со страницы Выполнение бизнес-плана/План Отпуск в сеть за отчётный период Челябэнерго' is: '1 775 309'

17-03-2025T07:08:51 - [TEST_STEP][PASSED] - if (page == "" || page == null): null

17-03-2025T07:08:51 - [TEST_STEP][PASSED] - else: null

17-03-2025T07:08:51 - [TEST_STEP][PASSED] - page = page.replaceAll("\s+", ""): null

17-03-2025T07:08:51 - [TEST_STEP][PASSED] - if (page == "undefined"): null

17-03-2025T07:08:51 - [TEST_STEP][PASSED] - fileOtpuskVSet = otpusk.toInteger(): null

17-03-2025T07:08:51 - [TEST_STEP][PASSED] - pageOtpuskVSet = page.toInteger(): null

17-03-2025T07:08:51 - [TEST_STEP][PASSED] - typeOfData = typeOfDataMain + " Потери": null

17-03-2025T07:08:51 - [TEST_STEP][PASSED] - if (a == 82): null

17-03-2025T07:08:51 - [TEST_STEP][PASSED] - else if (a == 84): null

17-03-2025T07:08:51 - [TEST_STEP][PASSED] - else if (a == 83 || a == 52 || a == 72 || a == 28 || a == 73 || a == 77 || a == 74 || a == 65 || a == 44 || a == 53 || a == 80 || a == 54 || a == 1 || a == 18 || a == 59 || a == 81): null

17-03-2025T07:08:51 - [TEST_STEP][PASSED] - else: null

17-03-2025T07:08:51 - [TEST_STEP][PASSED] - path = dataFolder + typeOfData + " за отчётный период " + b: null

17-03-2025T07:08:51 - [TEST_STEP][PASSED] - page = getText(findTestObject(path)): Text of object 'Object Repository/Выполнение бизнес-плана/Значения со страницы Выполнение бизнес-плана/План Потери за отчётный период Челябэнерго' is: '138 950'

17-03-2025T07:08:51 - [MESSAGE][PASSED] - Text of object 'Object Repository/Выполнение бизнес-плана/Значения со страницы Выполнение бизнес-плана/План Потери за отчётный период Челябэнерго' is: '138 950'

17-03-2025T07:08:51 - [TEST_STEP][PASSED] - if (page == "" || page == null): null

17-03-2025T07:08:51 - [TEST_STEP][PASSED] - else: null

17-03-2025T07:08:51 - [TEST_STEP][PASSED] - page = page.replaceAll("\s+", ""): null

17-03-2025T07:08:51 - [TEST_STEP][PASSED] - if (page == "undefined"): null

17-03-2025T07:08:51 - [TEST_STEP][PASSED] - filePoteri = poteri.toInteger(): null

17-03-2025T07:08:51 - [TEST_STEP][PASSED] - pagePoteri = page.toInteger(): null

17-03-2025T07:08:51 - [TEST_STEP][PASSED] - compare = pageOtpuskVSet: null

17-03-2025T07:08:51 - [TEST_STEP][PASSED] - if (pageOtpuskVSet != null): null

17-03-2025T07:08:51 - [TEST_STEP][PASSED] - if (compare == fileOtpuskVSet): null

17-03-2025T07:08:51 - [TEST_STEP][PASSED] - if (compare == fileOtpuskVSet): null

17-03-2025T07:08:51 - [TEST_STEP][PASSED] - compare = pagePoteri: null

17-03-2025T07:08:51 - [TEST_STEP][PASSED] - if (pageOtpuskVSet != null): null

17-03-2025T07:08:51 - [TEST_STEP][PASSED] - if (compare == filePoteri): null

17-03-2025T07:08:51 - [TEST_STEP][PASSED] - if (compare == filePoteri): null

17-03-2025T07:08:51 - [TEST_STEP][PASSED] - if (planFact == 2): Object: 'Object Repository/Выполнение бизнес-плана/Кнопка Факт' is clicked on

17-03-2025T07:08:51 - [TEST_STEP][PASSED] - click(findTestObject("Выполнение бизнес-плана/Кнопка Факт")): Object: 'Object Repository/Выполнение бизнес-плана/Кнопка Факт' is clicked on

17-03-2025T07:08:52 - [MESSAGE][PASSED] - Object: 'Object Repository/Выполнение бизнес-плана/Кнопка Факт' is clicked on

17-03-2025T07:08:52 - [TEST_STEP][PASSED] - println("a=" + a): null

17-03-2025T07:08:52 - [TEST_STEP][PASSED] - if (a == 84 || a == 82): null

17-03-2025T07:08:52 - [TEST_STEP][PASSED] - else if (a == 83 || a == 52 || a == 72 || a == 28 || a == 73 || a == 77 || a == 74 || a == 65 || a == 36 || a == 44 || a == 53 || a == 80 || a == 54 || a == 1 || a == 18 || a == 59 || a == 81): null

17-03-2025T07:08:52 - [TEST_STEP][PASSED] - else: null

17-03-2025T07:08:52 - [TEST_STEP][PASSED] - page1 = getText(findTestObject("Object Repository/Выполнение бизнес-плана/spanPlan" + filialNum)): Text of object 'Object Repository/Выполнение бизнес-плана/spanPlan4' is: '7.83
|'

17-03-2025T07:08:52 - [MESSAGE][PASSED] - Text of object 'Object Repository/Выполнение бизнес-плана/spanPlan4' is: '7.83
|'

17-03-2025T07:08:52 - [TEST_STEP][PASSED] - page1 = page1.replace("|", ""): null

17-03-2025T07:08:52 - [TEST_STEP][PASSED] - page2 = getText(findTestObject("Object Repository/Выполнение бизнес-плана/spanFact" + filialNum)): Text of object 'Object Repository/Выполнение бизнес-плана/spanFact4' is: '7.69
|'

17-03-2025T07:08:52 - [MESSAGE][PASSED] - Text of object 'Object Repository/Выполнение бизнес-плана/spanFact4' is: '7.69
|'

17-03-2025T07:08:52 - [TEST_STEP][PASSED] - page2 = page2.replace("|", ""): null

17-03-2025T07:08:52 - [TEST_STEP][PASSED] - println("page1: " + page1): null

17-03-2025T07:08:52 - [TEST_STEP][PASSED] - println("page2: " + page2): null

17-03-2025T07:08:52 - [TEST_STEP][PASSED] - file = findTestData("PlanFact").getValue(4, a): null

17-03-2025T07:08:52 - [TEST_STEP][PASSED] - file = file.replace(",", "."): null

17-03-2025T07:08:52 - [TEST_STEP][PASSED] - println("file Plan: " + file): null

17-03-2025T07:08:52 - [TEST_STEP][PASSED] - typeOfData = "План в процентах": null

17-03-2025T07:08:52 - [TEST_STEP][PASSED] - fileDouble = file.toDouble(): null

17-03-2025T07:08:52 - [TEST_STEP][PASSED] - pageDouble = page1.toDouble(): null

17-03-2025T07:08:52 - [TEST_STEP][PASSED] - if (fileDouble != pageDouble): null

17-03-2025T07:08:52 - [TEST_STEP][PASSED] - file = findTestData("PlanFact").getValue(7, a): null

17-03-2025T07:08:53 - [TEST_STEP][PASSED] - file = file.replace(",", "."): null

17-03-2025T07:08:53 - [TEST_STEP][PASSED] - println("file Fact: " + file): null

17-03-2025T07:08:53 - [TEST_STEP][PASSED] - fileDouble = file.toDouble(): null

17-03-2025T07:08:53 - [TEST_STEP][PASSED] - typeOfData = "Факт в процентах": null

17-03-2025T07:08:53 - [TEST_STEP][PASSED] - fileDouble = file.toDouble(): null

17-03-2025T07:08:53 - [TEST_STEP][PASSED] - pageDouble = page2.toDouble(): null

17-03-2025T07:08:53 - [TEST_STEP][PASSED] - if (fileDouble != pageDouble): null

17-03-2025T07:08:53 - [TEST_STEP][PASSED] - if (verifyEqual(numberOfErrors, 0) == false): Actual object '0' and expected object '0' are equal

17-03-2025T07:08:53 - [MESSAGE][PASSED] - Actual object '0' and expected object '0' are equal

17-03-2025T07:08:53 - [TEST_STEP][PASSED] - if (a == 82): null

17-03-2025T07:08:53 - [TEST_STEP][PASSED] - filialNum = 0: null

17-03-2025T07:08:53 - [TEST_STEP][PASSED] - if (a == 59): null

17-03-2025T07:08:53 - [TEST_STEP][PASSED] - Script1718980020443.OpenFilter(): null

17-03-2025T07:08:53 - [TEST_STEP][PASSED] - click(findTestObject("Object Repository/Выполнение бизнес-плана/Фильтр ДЗО")): Object: 'Object Repository/Выполнение бизнес-плана/Фильтр ДЗО' is clicked on

17-03-2025T07:08:53 - [MESSAGE][PASSED] - Object: 'Object Repository/Выполнение бизнес-плана/Фильтр ДЗО' is clicked on

17-03-2025T07:08:53 - [TEST_STEP][PASSED] - click(findTestObject("Выполнение бизнес-плана/Снять выделение в фильтре ДЗО")): Object: 'Object Repository/Выполнение бизнес-плана/Снять выделение в фильтре ДЗО' is clicked on

17-03-2025T07:08:53 - [MESSAGE][PASSED] - Object: 'Object Repository/Выполнение бизнес-плана/Снять выделение в фильтре ДЗО' is clicked on

17-03-2025T07:08:53 - [TEST_STEP][PASSED] - Script1718980020443.CloseFilter(): null

17-03-2025T07:08:53 - [TEST_STEP][PASSED] - scrollToElement(findTestObject("Выполнение бизнес-плана/Заголовок дашборда"), 30): Scroll to object 'Object Repository/Выполнение бизнес-плана/Заголовок дашборда' successfully

17-03-2025T07:08:54 - [MESSAGE][PASSED] - Scroll to object 'Object Repository/Выполнение бизнес-плана/Заголовок дашборда' successfully

17-03-2025T07:08:54 - [TEST_STEP][PASSED] - click(findTestObject("Object Repository/Выполнение бизнес-плана/Применить в фильтре ДЗО")): Object: 'Object Repository/Выполнение бизнес-плана/Применить в фильтре ДЗО' is clicked on

17-03-2025T07:08:55 - [MESSAGE][PASSED] - Object: 'Object Repository/Выполнение бизнес-плана/Применить в фильтре ДЗО' is clicked on

17-03-2025T07:08:55 - [TEST_STEP][PASSED] - delay(60): Delayed 60 second(s)

17-03-2025T07:09:55 - [MESSAGE][PASSED] - Delayed 60 second(s)

17-03-2025T07:09:55 - [TEST_STEP][PASSED] - if (a == 82): null

17-03-2025T07:09:55 - [TEST_STEP][PASSED] - println(dzoNum): null

17-03-2025T07:09:55 - [TEST_STEP][PASSED] - dZO = "Россети Центр (ГК)": null

17-03-2025T07:09:55 - [TEST_STEP][PASSED] - a = 1: null

17-03-2025T07:09:55 - [TEST_STEP][PASSED] - if (x1.contains("Центр (ГК)") || x1.contains("Центр(ГК)")): null

17-03-2025T07:09:55 - [TEST_STEP][PASSED] - else: null

17-03-2025T07:09:55 - [TEST_STEP][PASSED] - Script1718980020443.NoData(a, typeOfData, todaysDate, fileInt, fileDouble, dZO): null

17-03-2025T07:09:55 - [TEST_STEP][PASSED] - println(a): null

17-03-2025T07:09:55 - [TEST_STEP][PASSED] - println(todaysDate): null

17-03-2025T07:09:55 - [TEST_STEP][PASSED] - println(fileInt): null

17-03-2025T07:09:55 - [TEST_STEP][PASSED] - println(fileDouble): null

17-03-2025T07:09:55 - [TEST_STEP][PASSED] - println(dZO): null

17-03-2025T07:09:55 - [TEST_STEP][PASSED] - typeOfData = "Факт Отпуск в сеть": null

17-03-2025T07:09:55 - [TEST_STEP][PASSED] - fileInt = replaceAll("\s+", "").toInteger(): null

17-03-2025T07:09:55 - [TEST_STEP][PASSED] - Script1718980020443.WriteToExcelNoData(a, typeOfData, todaysDate, fileInt, fileDouble, dZO): null

17-03-2025T07:09:55 - [TEST_STEP][PASSED] - sheetName = "Sheet1": null

17-03-2025T07:09:55 - [TEST_STEP][PASSED] - data = findTestData("PlanFact"): null

17-03-2025T07:09:55 - [TEST_STEP][PASSED] - n = data.getRowNumbers() + 1: null

17-03-2025T07:09:55 - [TEST_STEP][PASSED] - day = ")).toInteger(): null

17-03-2025T07:09:55 - [TEST_STEP][PASSED] - println(day): null

17-03-2025T07:09:55 - [TEST_STEP][PASSED] - month = ")).toInteger(): null

17-03-2025T07:09:55 - [TEST_STEP][PASSED] - println(month): null

17-03-2025T07:09:55 - [TEST_STEP][PASSED] - y = <not implemented yet for class: org.codehaus.groovy.ast.expr.EmptyExpression>: null

17-03-2025T07:09:55 - [TEST_STEP][PASSED] - iy = <not implemented yet for class: org.codehaus.groovy.ast.expr.EmptyExpression>: null

17-03-2025T07:09:55 - [TEST_STEP][PASSED] - m = getText(findTestObject("Выполнение бизнес-плана/Период")): Text of object 'Object Repository/Выполнение бизнес-плана/Период' is: 'Январь 2025 года'

17-03-2025T07:09:55 - [MESSAGE][PASSED] - Text of object 'Object Repository/Выполнение бизнес-плана/Период' is: 'Январь 2025 года'

17-03-2025T07:09:55 - [TEST_STEP][PASSED] - iy = m.indexOf("20"): null

17-03-2025T07:09:55 - [TEST_STEP][PASSED] - if (iy > -1): null

17-03-2025T07:09:55 - [TEST_STEP][PASSED] - y = substring(iy, iy + 4).toInteger(): null

17-03-2025T07:09:55 - [TEST_STEP][PASSED] - println(y): null

17-03-2025T07:09:55 - [TEST_STEP][PASSED] - if (toString().length() == 4): null

17-03-2025T07:09:55 - [TEST_STEP][PASSED] - m = m.substring(0, m.indexOf(y.toString())): null

17-03-2025T07:09:55 - [TEST_STEP][PASSED] - m = m.trim(): null

17-03-2025T07:09:55 - [TEST_STEP][PASSED] - if (m == ""): null

17-03-2025T07:09:55 - [TEST_STEP][PASSED] - dashboardName = "Выполнение бизнес-плана": null

17-03-2025T07:09:55 - [TEST_STEP][PASSED] - workbook01 = getWorkbook(excelFilePath): null

17-03-2025T07:09:55 - [TEST_STEP][PASSED] - sheet01 = getExcelSheet(workbook01, sheetName): null

17-03-2025T07:09:55 - [TEST_STEP][PASSED] - setValueToCellByIndex(sheet01, n, 0, dashboardName): null

17-03-2025T07:09:55 - [TEST_STEP][PASSED] - setValueToCellByIndex(sheet01, n, 1, dZO): null

17-03-2025T07:09:55 - [TEST_STEP][PASSED] - setValueToCellByIndex(sheet01, n, 2, typeOfData): null

17-03-2025T07:09:55 - [TEST_STEP][PASSED] - if (typeOfData == "Факт в процентах" || typeOfData == "План в процентах"): null

17-03-2025T07:09:55 - [TEST_STEP][PASSED] - else: null

17-03-2025T07:09:55 - [TEST_STEP][PASSED] - setValueToCellByIndex(sheet01, n, 3, fileInt): null

17-03-2025T07:09:55 - [TEST_STEP][PASSED] - setValueToCellByIndex(sheet01, n, 4, "нет данных"): null

17-03-2025T07:09:55 - [TEST_STEP][PASSED] - setValueToCellByIndex(sheet01, n, 5, m): null

17-03-2025T07:09:55 - [TEST_STEP][PASSED] - setValueToCellByIndex(sheet01, n, 6, y): null

17-03-2025T07:09:55 - [TEST_STEP][PASSED] - setValueToCellByIndex(sheet01, n, 7, todaysDate): null

17-03-2025T07:09:55 - [TEST_STEP][PASSED] - n = n + 1: null

17-03-2025T07:09:55 - [TEST_STEP][PASSED] - saveWorkbook(excelFilePath, workbook01): null

17-03-2025T07:09:55 - [TEST_STEP][PASSED] - typeOfData = "Факт Потери": null

17-03-2025T07:09:55 - [TEST_STEP][PASSED] - fileInt = replaceAll("\s+", "").toInteger(): null

17-03-2025T07:09:55 - [TEST_STEP][PASSED] - Script1718980020443.WriteToExcelNoData(a, typeOfData, todaysDate, fileInt, fileDouble, dZO): null

17-03-2025T07:09:55 - [TEST_STEP][PASSED] - sheetName = "Sheet1": null

17-03-2025T07:09:55 - [TEST_STEP][PASSED] - data = findTestData("PlanFact"): null

17-03-2025T07:09:55 - [TEST_STEP][PASSED] - n = data.getRowNumbers() + 1: null

17-03-2025T07:09:55 - [TEST_STEP][PASSED] - day = ")).toInteger(): null

17-03-2025T07:09:55 - [TEST_STEP][PASSED] - println(day): null

17-03-2025T07:09:55 - [TEST_STEP][PASSED] - month = ")).toInteger(): null

17-03-2025T07:09:55 - [TEST_STEP][PASSED] - println(month): null

17-03-2025T07:09:55 - [TEST_STEP][PASSED] - y = <not implemented yet for class: org.codehaus.groovy.ast.expr.EmptyExpression>: null

17-03-2025T07:09:55 - [TEST_STEP][PASSED] - iy = <not implemented yet for class: org.codehaus.groovy.ast.expr.EmptyExpression>: null

17-03-2025T07:09:55 - [TEST_STEP][PASSED] - m = getText(findTestObject("Выполнение бизнес-плана/Период")): Text of object 'Object Repository/Выполнение бизнес-плана/Период' is: 'Январь 2025 года'

17-03-2025T07:09:56 - [MESSAGE][PASSED] - Text of object 'Object Repository/Выполнение бизнес-плана/Период' is: 'Январь 2025 года'

17-03-2025T07:09:56 - [TEST_STEP][PASSED] - iy = m.indexOf("20"): null

17-03-2025T07:09:56 - [TEST_STEP][PASSED] - if (iy > -1): null

17-03-2025T07:09:56 - [TEST_STEP][PASSED] - y = substring(iy, iy + 4).toInteger(): null

17-03-2025T07:09:56 - [TEST_STEP][PASSED] - println(y): null

17-03-2025T07:09:56 - [TEST_STEP][PASSED] - if (toString().length() == 4): null

17-03-2025T07:09:56 - [TEST_STEP][PASSED] - m = m.substring(0, m.indexOf(y.toString())): null

17-03-2025T07:09:56 - [TEST_STEP][PASSED] - m = m.trim(): null

17-03-2025T07:09:56 - [TEST_STEP][PASSED] - if (m == ""): null

17-03-2025T07:09:56 - [TEST_STEP][PASSED] - dashboardName = "Выполнение бизнес-плана": null

17-03-2025T07:09:56 - [TEST_STEP][PASSED] - workbook01 = getWorkbook(excelFilePath): null

17-03-2025T07:09:56 - [TEST_STEP][PASSED] - sheet01 = getExcelSheet(workbook01, sheetName): null

17-03-2025T07:09:56 - [TEST_STEP][PASSED] - setValueToCellByIndex(sheet01, n, 0, dashboardName): null

17-03-2025T07:09:56 - [TEST_STEP][PASSED] - setValueToCellByIndex(sheet01, n, 1, dZO): null

17-03-2025T07:09:56 - [TEST_STEP][PASSED] - setValueToCellByIndex(sheet01, n, 2, typeOfData): null

17-03-2025T07:09:56 - [TEST_STEP][PASSED] - if (typeOfData == "Факт в процентах" || typeOfData == "План в процентах"): null

17-03-2025T07:09:56 - [TEST_STEP][PASSED] - else: null

17-03-2025T07:09:56 - [TEST_STEP][PASSED] - setValueToCellByIndex(sheet01, n, 3, fileInt): null

17-03-2025T07:09:56 - [TEST_STEP][PASSED] - setValueToCellByIndex(sheet01, n, 4, "нет данных"): null

17-03-2025T07:09:56 - [TEST_STEP][PASSED] - setValueToCellByIndex(sheet01, n, 5, m): null

17-03-2025T07:09:56 - [TEST_STEP][PASSED] - setValueToCellByIndex(sheet01, n, 6, y): null

17-03-2025T07:09:56 - [TEST_STEP][PASSED] - setValueToCellByIndex(sheet01, n, 7, todaysDate): null

17-03-2025T07:09:56 - [TEST_STEP][PASSED] - n = n + 1: null

17-03-2025T07:09:56 - [TEST_STEP][PASSED] - saveWorkbook(excelFilePath, workbook01): null

17-03-2025T07:09:56 - [TEST_STEP][PASSED] - typeOfData = "План Отпуск в сеть": null

17-03-2025T07:09:56 - [TEST_STEP][PASSED] - fileInt = replaceAll("\s+", "").toInteger(): null

17-03-2025T07:09:56 - [TEST_STEP][PASSED] - Script1718980020443.WriteToExcelNoData(a, typeOfData, todaysDate, fileInt, fileDouble, dZO): null

17-03-2025T07:09:56 - [TEST_STEP][PASSED] - sheetName = "Sheet1": null

17-03-2025T07:09:56 - [TEST_STEP][PASSED] - data = findTestData("PlanFact"): null

17-03-2025T07:09:56 - [TEST_STEP][PASSED] - n = data.getRowNumbers() + 1: null

17-03-2025T07:09:56 - [TEST_STEP][PASSED] - day = ")).toInteger(): null

17-03-2025T07:09:56 - [TEST_STEP][PASSED] - println(day): null

17-03-2025T07:09:56 - [TEST_STEP][PASSED] - month = ")).toInteger(): null

17-03-2025T07:09:56 - [TEST_STEP][PASSED] - println(month): null

17-03-2025T07:09:56 - [TEST_STEP][PASSED] - y = <not implemented yet for class: org.codehaus.groovy.ast.expr.EmptyExpression>: null

17-03-2025T07:09:56 - [TEST_STEP][PASSED] - iy = <not implemented yet for class: org.codehaus.groovy.ast.expr.EmptyExpression>: null

17-03-2025T07:09:56 - [TEST_STEP][PASSED] - m = getText(findTestObject("Выполнение бизнес-плана/Период")): Text of object 'Object Repository/Выполнение бизнес-плана/Период' is: 'Январь 2025 года'

17-03-2025T07:09:56 - [MESSAGE][PASSED] - Text of object 'Object Repository/Выполнение бизнес-плана/Период' is: 'Январь 2025 года'

17-03-2025T07:09:56 - [TEST_STEP][PASSED] - iy = m.indexOf("20"): null

17-03-2025T07:09:56 - [TEST_STEP][PASSED] - if (iy > -1): null

17-03-2025T07:09:56 - [TEST_STEP][PASSED] - y = substring(iy, iy + 4).toInteger(): null

17-03-2025T07:09:56 - [TEST_STEP][PASSED] - println(y): null

17-03-2025T07:09:56 - [TEST_STEP][PASSED] - if (toString().length() == 4): null

17-03-2025T07:09:56 - [TEST_STEP][PASSED] - m = m.substring(0, m.indexOf(y.toString())): null

17-03-2025T07:09:56 - [TEST_STEP][PASSED] - m = m.trim(): null

17-03-2025T07:09:56 - [TEST_STEP][PASSED] - if (m == ""): null

17-03-2025T07:09:56 - [TEST_STEP][PASSED] - dashboardName = "Выполнение бизнес-плана": null

17-03-2025T07:09:56 - [TEST_STEP][PASSED] - workbook01 = getWorkbook(excelFilePath): null

17-03-2025T07:09:56 - [TEST_STEP][PASSED] - sheet01 = getExcelSheet(workbook01, sheetName): null

17-03-2025T07:09:56 - [TEST_STEP][PASSED] - setValueToCellByIndex(sheet01, n, 0, dashboardName): null

17-03-2025T07:09:56 - [TEST_STEP][PASSED] - setValueToCellByIndex(sheet01, n, 1, dZO): null

17-03-2025T07:09:56 - [TEST_STEP][PASSED] - setValueToCellByIndex(sheet01, n, 2, typeOfData): null

17-03-2025T07:09:56 - [TEST_STEP][PASSED] - if (typeOfData == "Факт в процентах" || typeOfData == "План в процентах"): null

17-03-2025T07:09:56 - [TEST_STEP][PASSED] - else: null

17-03-2025T07:09:56 - [TEST_STEP][PASSED] - setValueToCellByIndex(sheet01, n, 3, fileInt): null

17-03-2025T07:09:56 - [TEST_STEP][PASSED] - setValueToCellByIndex(sheet01, n, 4, "нет данных"): null

17-03-2025T07:09:56 - [TEST_STEP][PASSED] - setValueToCellByIndex(sheet01, n, 5, m): null

17-03-2025T07:09:56 - [TEST_STEP][PASSED] - setValueToCellByIndex(sheet01, n, 6, y): null

17-03-2025T07:09:56 - [TEST_STEP][PASSED] - setValueToCellByIndex(sheet01, n, 7, todaysDate): null

17-03-2025T07:09:56 - [TEST_STEP][PASSED] - n = n + 1: null

17-03-2025T07:09:56 - [TEST_STEP][PASSED] - saveWorkbook(excelFilePath, workbook01): null

17-03-2025T07:09:57 - [TEST_STEP][PASSED] - typeOfData = "План Потери": null

17-03-2025T07:09:57 - [TEST_STEP][PASSED] - fileInt = replaceAll("\s+", "").toInteger(): null

17-03-2025T07:09:57 - [TEST_STEP][PASSED] - Script1718980020443.WriteToExcelNoData(a, typeOfData, todaysDate, fileInt, fileDouble, dZO): null

17-03-2025T07:09:57 - [TEST_STEP][PASSED] - sheetName = "Sheet1": null

17-03-2025T07:09:57 - [TEST_STEP][PASSED] - data = findTestData("PlanFact"): null

17-03-2025T07:09:57 - [TEST_STEP][PASSED] - n = data.getRowNumbers() + 1: null

17-03-2025T07:09:57 - [TEST_STEP][PASSED] - day = ")).toInteger(): null

17-03-2025T07:09:57 - [TEST_STEP][PASSED] - println(day): null

17-03-2025T07:09:57 - [TEST_STEP][PASSED] - month = ")).toInteger(): null

17-03-2025T07:09:57 - [TEST_STEP][PASSED] - println(month): null

17-03-2025T07:09:57 - [TEST_STEP][PASSED] - y = <not implemented yet for class: org.codehaus.groovy.ast.expr.EmptyExpression>: null

17-03-2025T07:09:57 - [TEST_STEP][PASSED] - iy = <not implemented yet for class: org.codehaus.groovy.ast.expr.EmptyExpression>: null

17-03-2025T07:09:57 - [TEST_STEP][PASSED] - m = getText(findTestObject("Выполнение бизнес-плана/Период")): Text of object 'Object Repository/Выполнение бизнес-плана/Период' is: 'Январь 2025 года'

17-03-2025T07:09:57 - [MESSAGE][PASSED] - Text of object 'Object Repository/Выполнение бизнес-плана/Период' is: 'Январь 2025 года'

17-03-2025T07:09:57 - [TEST_STEP][PASSED] - iy = m.indexOf("20"): null

17-03-2025T07:09:57 - [TEST_STEP][PASSED] - if (iy > -1): null

17-03-2025T07:09:57 - [TEST_STEP][PASSED] - y = substring(iy, iy + 4).toInteger(): null

17-03-2025T07:09:57 - [TEST_STEP][PASSED] - println(y): null

17-03-2025T07:09:57 - [TEST_STEP][PASSED] - if (toString().length() == 4): null

17-03-2025T07:09:57 - [TEST_STEP][PASSED] - m = m.substring(0, m.indexOf(y.toString())): null

17-03-2025T07:09:57 - [TEST_STEP][PASSED] - m = m.trim(): null

17-03-2025T07:09:57 - [TEST_STEP][PASSED] - if (m == ""): null

17-03-2025T07:09:57 - [TEST_STEP][PASSED] - dashboardName = "Выполнение бизнес-плана": null

17-03-2025T07:09:57 - [TEST_STEP][PASSED] - workbook01 = getWorkbook(excelFilePath): null

17-03-2025T07:09:57 - [TEST_STEP][PASSED] - sheet01 = getExcelSheet(workbook01, sheetName): null

17-03-2025T07:09:57 - [TEST_STEP][PASSED] - setValueToCellByIndex(sheet01, n, 0, dashboardName): null

17-03-2025T07:09:57 - [TEST_STEP][PASSED] - setValueToCellByIndex(sheet01, n, 1, dZO): null

17-03-2025T07:09:57 - [TEST_STEP][PASSED] - setValueToCellByIndex(sheet01, n, 2, typeOfData): null

17-03-2025T07:09:57 - [TEST_STEP][PASSED] - if (typeOfData == "Факт в процентах" || typeOfData == "План в процентах"): null

17-03-2025T07:09:57 - [TEST_STEP][PASSED] - else: null

17-03-2025T07:09:57 - [TEST_STEP][PASSED] - setValueToCellByIndex(sheet01, n, 3, fileInt): null

17-03-2025T07:09:57 - [TEST_STEP][PASSED] - setValueToCellByIndex(sheet01, n, 4, "нет данных"): null

17-03-2025T07:09:57 - [TEST_STEP][PASSED] - setValueToCellByIndex(sheet01, n, 5, m): null

17-03-2025T07:09:57 - [TEST_STEP][PASSED] - setValueToCellByIndex(sheet01, n, 6, y): null

17-03-2025T07:09:57 - [TEST_STEP][PASSED] - setValueToCellByIndex(sheet01, n, 7, todaysDate): null

17-03-2025T07:09:57 - [TEST_STEP][PASSED] - n = n + 1: null

17-03-2025T07:09:57 - [TEST_STEP][PASSED] - saveWorkbook(excelFilePath, workbook01): null

17-03-2025T07:09:57 - [TEST_STEP][PASSED] - typeOfData = "План в процентах": null

17-03-2025T07:09:57 - [TEST_STEP][PASSED] - fileDouble = ").toDouble(): null

17-03-2025T07:09:57 - [TEST_STEP][PASSED] - Script1718980020443.WriteToExcelNoData(a, typeOfData, todaysDate, fileInt, fileDouble, dZO): null

17-03-2025T07:09:57 - [TEST_STEP][PASSED] - sheetName = "Sheet1": null

17-03-2025T07:09:57 - [TEST_STEP][PASSED] - data = findTestData("PlanFact"): null

17-03-2025T07:09:57 - [TEST_STEP][PASSED] - n = data.getRowNumbers() + 1: null

17-03-2025T07:09:57 - [TEST_STEP][PASSED] - day = ")).toInteger(): null

17-03-2025T07:09:57 - [TEST_STEP][PASSED] - println(day): null

17-03-2025T07:09:57 - [TEST_STEP][PASSED] - month = ")).toInteger(): null

17-03-2025T07:09:57 - [TEST_STEP][PASSED] - println(month): null

17-03-2025T07:09:57 - [TEST_STEP][PASSED] - y = <not implemented yet for class: org.codehaus.groovy.ast.expr.EmptyExpression>: null

17-03-2025T07:09:57 - [TEST_STEP][PASSED] - iy = <not implemented yet for class: org.codehaus.groovy.ast.expr.EmptyExpression>: null

17-03-2025T07:09:57 - [TEST_STEP][PASSED] - m = getText(findTestObject("Выполнение бизнес-плана/Период")): Text of object 'Object Repository/Выполнение бизнес-плана/Период' is: 'Январь 2025 года'

17-03-2025T07:09:58 - [MESSAGE][PASSED] - Text of object 'Object Repository/Выполнение бизнес-плана/Период' is: 'Январь 2025 года'

17-03-2025T07:09:58 - [TEST_STEP][PASSED] - iy = m.indexOf("20"): null

17-03-2025T07:09:58 - [TEST_STEP][PASSED] - if (iy > -1): null

17-03-2025T07:09:58 - [TEST_STEP][PASSED] - y = substring(iy, iy + 4).toInteger(): null

17-03-2025T07:09:58 - [TEST_STEP][PASSED] - println(y): null

17-03-2025T07:09:58 - [TEST_STEP][PASSED] - if (toString().length() == 4): null

17-03-2025T07:09:58 - [TEST_STEP][PASSED] - m = m.substring(0, m.indexOf(y.toString())): null

17-03-2025T07:09:58 - [TEST_STEP][PASSED] - m = m.trim(): null

17-03-2025T07:09:58 - [TEST_STEP][PASSED] - if (m == ""): null

17-03-2025T07:09:58 - [TEST_STEP][PASSED] - dashboardName = "Выполнение бизнес-плана": null

17-03-2025T07:09:58 - [TEST_STEP][PASSED] - workbook01 = getWorkbook(excelFilePath): null

17-03-2025T07:09:58 - [TEST_STEP][PASSED] - sheet01 = getExcelSheet(workbook01, sheetName): null

17-03-2025T07:09:58 - [TEST_STEP][PASSED] - setValueToCellByIndex(sheet01, n, 0, dashboardName): null

17-03-2025T07:09:58 - [TEST_STEP][PASSED] - setValueToCellByIndex(sheet01, n, 1, dZO): null

17-03-2025T07:09:58 - [TEST_STEP][PASSED] - setValueToCellByIndex(sheet01, n, 2, typeOfData): null

17-03-2025T07:09:58 - [TEST_STEP][PASSED] - if (typeOfData == "Факт в процентах" || typeOfData == "План в процентах"): null

17-03-2025T07:09:58 - [TEST_STEP][PASSED] - setValueToCellByIndex(sheet01, n, 3, fileDouble): null

17-03-2025T07:09:58 - [TEST_STEP][PASSED] - setValueToCellByIndex(sheet01, n, 4, "нет данных"): null

17-03-2025T07:09:58 - [TEST_STEP][PASSED] - setValueToCellByIndex(sheet01, n, 5, m): null

17-03-2025T07:09:58 - [TEST_STEP][PASSED] - setValueToCellByIndex(sheet01, n, 6, y): null

17-03-2025T07:09:58 - [TEST_STEP][PASSED] - setValueToCellByIndex(sheet01, n, 7, todaysDate): null

17-03-2025T07:09:58 - [TEST_STEP][PASSED] - n = n + 1: null

17-03-2025T07:09:58 - [TEST_STEP][PASSED] - saveWorkbook(excelFilePath, workbook01): null

17-03-2025T07:09:58 - [TEST_STEP][PASSED] - typeOfData = "Факт в процентах": null

17-03-2025T07:09:58 - [TEST_STEP][PASSED] - fileDouble = ").toDouble(): null

17-03-2025T07:09:58 - [TEST_STEP][PASSED] - Script1718980020443.WriteToExcelNoData(a, typeOfData, todaysDate, fileInt, fileDouble, dZO): null

17-03-2025T07:09:58 - [TEST_STEP][PASSED] - sheetName = "Sheet1": null

17-03-2025T07:09:58 - [TEST_STEP][PASSED] - data = findTestData("PlanFact"): null

17-03-2025T07:09:58 - [TEST_STEP][PASSED] - n = data.getRowNumbers() + 1: null

17-03-2025T07:09:58 - [TEST_STEP][PASSED] - day = ")).toInteger(): null

17-03-2025T07:09:58 - [TEST_STEP][PASSED] - println(day): null

17-03-2025T07:09:58 - [TEST_STEP][PASSED] - month = ")).toInteger(): null

17-03-2025T07:09:58 - [TEST_STEP][PASSED] - println(month): null

17-03-2025T07:09:58 - [TEST_STEP][PASSED] - y = <not implemented yet for class: org.codehaus.groovy.ast.expr.EmptyExpression>: null

17-03-2025T07:09:58 - [TEST_STEP][PASSED] - iy = <not implemented yet for class: org.codehaus.groovy.ast.expr.EmptyExpression>: null

17-03-2025T07:09:58 - [TEST_STEP][PASSED] - m = getText(findTestObject("Выполнение бизнес-плана/Период")): Text of object 'Object Repository/Выполнение бизнес-плана/Период' is: 'Январь 2025 года'

17-03-2025T07:09:59 - [MESSAGE][PASSED] - Text of object 'Object Repository/Выполнение бизнес-плана/Период' is: 'Январь 2025 года'

17-03-2025T07:09:59 - [TEST_STEP][PASSED] - iy = m.indexOf("20"): null

17-03-2025T07:09:59 - [TEST_STEP][PASSED] - if (iy > -1): null

17-03-2025T07:09:59 - [TEST_STEP][PASSED] - y = substring(iy, iy + 4).toInteger(): null

17-03-2025T07:09:59 - [TEST_STEP][PASSED] - println(y): null

17-03-2025T07:09:59 - [TEST_STEP][PASSED] - if (toString().length() == 4): null

17-03-2025T07:09:59 - [TEST_STEP][PASSED] - m = m.substring(0, m.indexOf(y.toString())): null

17-03-2025T07:09:59 - [TEST_STEP][PASSED] - m = m.trim(): null

17-03-2025T07:09:59 - [TEST_STEP][PASSED] - if (m == ""): null

17-03-2025T07:09:59 - [TEST_STEP][PASSED] - dashboardName = "Выполнение бизнес-плана": null

17-03-2025T07:09:59 - [TEST_STEP][PASSED] - workbook01 = getWorkbook(excelFilePath): null

17-03-2025T07:09:59 - [TEST_STEP][PASSED] - sheet01 = getExcelSheet(workbook01, sheetName): null

17-03-2025T07:09:59 - [TEST_STEP][PASSED] - setValueToCellByIndex(sheet01, n, 0, dashboardName): null

17-03-2025T07:09:59 - [TEST_STEP][PASSED] - setValueToCellByIndex(sheet01, n, 1, dZO): null

17-03-2025T07:09:59 - [TEST_STEP][PASSED] - setValueToCellByIndex(sheet01, n, 2, typeOfData): null

17-03-2025T07:09:59 - [TEST_STEP][PASSED] - if (typeOfData == "Факт в процентах" || typeOfData == "План в процентах"): null

17-03-2025T07:09:59 - [TEST_STEP][PASSED] - setValueToCellByIndex(sheet01, n, 3, fileDouble): null

17-03-2025T07:09:59 - [TEST_STEP][PASSED] - setValueToCellByIndex(sheet01, n, 4, "нет данных"): null

17-03-2025T07:09:59 - [TEST_STEP][PASSED] - setValueToCellByIndex(sheet01, n, 5, m): null

17-03-2025T07:09:59 - [TEST_STEP][PASSED] - setValueToCellByIndex(sheet01, n, 6, y): null

17-03-2025T07:09:59 - [TEST_STEP][PASSED] - setValueToCellByIndex(sheet01, n, 7, todaysDate): null

17-03-2025T07:09:59 - [TEST_STEP][PASSED] - n = n + 1: null

17-03-2025T07:09:59 - [TEST_STEP][PASSED] - saveWorkbook(excelFilePath, workbook01): null

17-03-2025T07:09:59 - [TEST_STEP][PASSED] - println(dzoNum): null

17-03-2025T07:09:59 - [TEST_STEP][PASSED] - dZO = "Россети Центр и Приволжье (ГК)": null

17-03-2025T07:09:59 - [TEST_STEP][PASSED] - a = 18: null

17-03-2025T07:09:59 - [TEST_STEP][PASSED] - if (x1.contains("Приволжье")): null

17-03-2025T07:09:59 - [TEST_STEP][PASSED] - else: null

17-03-2025T07:09:59 - [TEST_STEP][PASSED] - Script1718980020443.NoData(a, typeOfData, todaysDate, fileInt, fileDouble, dZO): null

17-03-2025T07:09:59 - [TEST_STEP][PASSED] - println(a): null

17-03-2025T07:09:59 - [TEST_STEP][PASSED] - println(todaysDate): null

17-03-2025T07:09:59 - [TEST_STEP][PASSED] - println(fileInt): null

17-03-2025T07:09:59 - [TEST_STEP][PASSED] - println(fileDouble): null

17-03-2025T07:09:59 - [TEST_STEP][PASSED] - println(dZO): null

17-03-2025T07:09:59 - [TEST_STEP][PASSED] - typeOfData = "Факт Отпуск в сеть": null

17-03-2025T07:09:59 - [TEST_STEP][PASSED] - fileInt = replaceAll("\s+", "").toInteger(): null

17-03-2025T07:09:59 - [TEST_STEP][PASSED] - Script1718980020443.WriteToExcelNoData(a, typeOfData, todaysDate, fileInt, fileDouble, dZO): null

17-03-2025T07:09:59 - [TEST_STEP][PASSED] - sheetName = "Sheet1": null

17-03-2025T07:09:59 - [TEST_STEP][PASSED] - data = findTestData("PlanFact"): null

17-03-2025T07:09:59 - [TEST_STEP][PASSED] - n = data.getRowNumbers() + 1: null

17-03-2025T07:09:59 - [TEST_STEP][PASSED] - day = ")).toInteger(): null

17-03-2025T07:09:59 - [TEST_STEP][PASSED] - println(day): null

17-03-2025T07:09:59 - [TEST_STEP][PASSED] - month = ")).toInteger(): null

17-03-2025T07:09:59 - [TEST_STEP][PASSED] - println(month): null

17-03-2025T07:09:59 - [TEST_STEP][PASSED] - y = <not implemented yet for class: org.codehaus.groovy.ast.expr.EmptyExpression>: null

17-03-2025T07:09:59 - [TEST_STEP][PASSED] - iy = <not implemented yet for class: org.codehaus.groovy.ast.expr.EmptyExpression>: null

17-03-2025T07:09:59 - [TEST_STEP][PASSED] - m = getText(findTestObject("Выполнение бизнес-плана/Период")): Text of object 'Object Repository/Выполнение бизнес-плана/Период' is: 'Январь 2025 года'

17-03-2025T07:09:59 - [MESSAGE][PASSED] - Text of object 'Object Repository/Выполнение бизнес-плана/Период' is: 'Январь 2025 года'

17-03-2025T07:09:59 - [TEST_STEP][PASSED] - iy = m.indexOf("20"): null

17-03-2025T07:09:59 - [TEST_STEP][PASSED] - if (iy > -1): null

17-03-2025T07:09:59 - [TEST_STEP][PASSED] - y = substring(iy, iy + 4).toInteger(): null

17-03-2025T07:09:59 - [TEST_STEP][PASSED] - println(y): null

17-03-2025T07:09:59 - [TEST_STEP][PASSED] - if (toString().length() == 4): null

17-03-2025T07:09:59 - [TEST_STEP][PASSED] - m = m.substring(0, m.indexOf(y.toString())): null

17-03-2025T07:09:59 - [TEST_STEP][PASSED] - m = m.trim(): null

17-03-2025T07:09:59 - [TEST_STEP][PASSED] - if (m == ""): null

17-03-2025T07:09:59 - [TEST_STEP][PASSED] - dashboardName = "Выполнение бизнес-плана": null

17-03-2025T07:09:59 - [TEST_STEP][PASSED] - workbook01 = getWorkbook(excelFilePath): null

17-03-2025T07:09:59 - [TEST_STEP][PASSED] - sheet01 = getExcelSheet(workbook01, sheetName): null

17-03-2025T07:09:59 - [TEST_STEP][PASSED] - setValueToCellByIndex(sheet01, n, 0, dashboardName): null

17-03-2025T07:09:59 - [TEST_STEP][PASSED] - setValueToCellByIndex(sheet01, n, 1, dZO): null

17-03-2025T07:09:59 - [TEST_STEP][PASSED] - setValueToCellByIndex(sheet01, n, 2, typeOfData): null

17-03-2025T07:09:59 - [TEST_STEP][PASSED] - if (typeOfData == "Факт в процентах" || typeOfData == "План в процентах"): null

17-03-2025T07:09:59 - [TEST_STEP][PASSED] - else: null

17-03-2025T07:09:59 - [TEST_STEP][PASSED] - setValueToCellByIndex(sheet01, n, 3, fileInt): null

17-03-2025T07:09:59 - [TEST_STEP][PASSED] - setValueToCellByIndex(sheet01, n, 4, "нет данных"): null

17-03-2025T07:09:59 - [TEST_STEP][PASSED] - setValueToCellByIndex(sheet01, n, 5, m): null

17-03-2025T07:09:59 - [TEST_STEP][PASSED] - setValueToCellByIndex(sheet01, n, 6, y): null

17-03-2025T07:09:59 - [TEST_STEP][PASSED] - setValueToCellByIndex(sheet01, n, 7, todaysDate): null

17-03-2025T07:09:59 - [TEST_STEP][PASSED] - n = n + 1: null

17-03-2025T07:09:59 - [TEST_STEP][PASSED] - saveWorkbook(excelFilePath, workbook01): null

17-03-2025T07:09:59 - [TEST_STEP][PASSED] - typeOfData = "Факт Потери": null

17-03-2025T07:09:59 - [TEST_STEP][PASSED] - fileInt = replaceAll("\s+", "").toInteger(): null

17-03-2025T07:10:00 - [TEST_STEP][PASSED] - Script1718980020443.WriteToExcelNoData(a, typeOfData, todaysDate, fileInt, fileDouble, dZO): null

17-03-2025T07:10:00 - [TEST_STEP][PASSED] - sheetName = "Sheet1": null

17-03-2025T07:10:00 - [TEST_STEP][PASSED] - data = findTestData("PlanFact"): null

17-03-2025T07:10:00 - [TEST_STEP][PASSED] - n = data.getRowNumbers() + 1: null

17-03-2025T07:10:00 - [TEST_STEP][PASSED] - day = ")).toInteger(): null

17-03-2025T07:10:00 - [TEST_STEP][PASSED] - println(day): null

17-03-2025T07:10:00 - [TEST_STEP][PASSED] - month = ")).toInteger(): null

17-03-2025T07:10:00 - [TEST_STEP][PASSED] - println(month): null

17-03-2025T07:10:00 - [TEST_STEP][PASSED] - y = <not implemented yet for class: org.codehaus.groovy.ast.expr.EmptyExpression>: null

17-03-2025T07:10:00 - [TEST_STEP][PASSED] - iy = <not implemented yet for class: org.codehaus.groovy.ast.expr.EmptyExpression>: null

17-03-2025T07:10:00 - [TEST_STEP][PASSED] - m = getText(findTestObject("Выполнение бизнес-плана/Период")): Text of object 'Object Repository/Выполнение бизнес-плана/Период' is: 'Январь 2025 года'

17-03-2025T07:10:00 - [MESSAGE][PASSED] - Text of object 'Object Repository/Выполнение бизнес-плана/Период' is: 'Январь 2025 года'

17-03-2025T07:10:00 - [TEST_STEP][PASSED] - iy = m.indexOf("20"): null

17-03-2025T07:10:00 - [TEST_STEP][PASSED] - if (iy > -1): null

17-03-2025T07:10:00 - [TEST_STEP][PASSED] - y = substring(iy, iy + 4).toInteger(): null

17-03-2025T07:10:00 - [TEST_STEP][PASSED] - println(y): null

17-03-2025T07:10:00 - [TEST_STEP][PASSED] - if (toString().length() == 4): null

17-03-2025T07:10:00 - [TEST_STEP][PASSED] - m = m.substring(0, m.indexOf(y.toString())): null

17-03-2025T07:10:00 - [TEST_STEP][PASSED] - m = m.trim(): null

17-03-2025T07:10:00 - [TEST_STEP][PASSED] - if (m == ""): null

17-03-2025T07:10:00 - [TEST_STEP][PASSED] - dashboardName = "Выполнение бизнес-плана": null

17-03-2025T07:10:00 - [TEST_STEP][PASSED] - workbook01 = getWorkbook(excelFilePath): null

17-03-2025T07:10:00 - [TEST_STEP][PASSED] - sheet01 = getExcelSheet(workbook01, sheetName): null

17-03-2025T07:10:00 - [TEST_STEP][PASSED] - setValueToCellByIndex(sheet01, n, 0, dashboardName): null

17-03-2025T07:10:00 - [TEST_STEP][PASSED] - setValueToCellByIndex(sheet01, n, 1, dZO): null

17-03-2025T07:10:00 - [TEST_STEP][PASSED] - setValueToCellByIndex(sheet01, n, 2, typeOfData): null

17-03-2025T07:10:00 - [TEST_STEP][PASSED] - if (typeOfData == "Факт в процентах" || typeOfData == "План в процентах"): null

17-03-2025T07:10:00 - [TEST_STEP][PASSED] - else: null

17-03-2025T07:10:00 - [TEST_STEP][PASSED] - setValueToCellByIndex(sheet01, n, 3, fileInt): null

17-03-2025T07:10:00 - [TEST_STEP][PASSED] - setValueToCellByIndex(sheet01, n, 4, "нет данных"): null

17-03-2025T07:10:00 - [TEST_STEP][PASSED] - setValueToCellByIndex(sheet01, n, 5, m): null

17-03-2025T07:10:00 - [TEST_STEP][PASSED] - setValueToCellByIndex(sheet01, n, 6, y): null

17-03-2025T07:10:00 - [TEST_STEP][PASSED] - setValueToCellByIndex(sheet01, n, 7, todaysDate): null

17-03-2025T07:10:00 - [TEST_STEP][PASSED] - n = n + 1: null

17-03-2025T07:10:00 - [TEST_STEP][PASSED] - saveWorkbook(excelFilePath, workbook01): null

17-03-2025T07:10:00 - [TEST_STEP][PASSED] - typeOfData = "План Отпуск в сеть": null

17-03-2025T07:10:00 - [TEST_STEP][PASSED] - fileInt = replaceAll("\s+", "").toInteger(): null

17-03-2025T07:10:00 - [TEST_STEP][PASSED] - Script1718980020443.WriteToExcelNoData(a, typeOfData, todaysDate, fileInt, fileDouble, dZO): null

17-03-2025T07:10:00 - [TEST_STEP][PASSED] - sheetName = "Sheet1": null

17-03-2025T07:10:00 - [TEST_STEP][PASSED] - data = findTestData("PlanFact"): null

17-03-2025T07:10:00 - [TEST_STEP][PASSED] - n = data.getRowNumbers() + 1: null

17-03-2025T07:10:00 - [TEST_STEP][PASSED] - day = ")).toInteger(): null

17-03-2025T07:10:00 - [TEST_STEP][PASSED] - println(day): null

17-03-2025T07:10:00 - [TEST_STEP][PASSED] - month = ")).toInteger(): null

17-03-2025T07:10:00 - [TEST_STEP][PASSED] - println(month): null

17-03-2025T07:10:00 - [TEST_STEP][PASSED] - y = <not implemented yet for class: org.codehaus.groovy.ast.expr.EmptyExpression>: null

17-03-2025T07:10:00 - [TEST_STEP][PASSED] - iy = <not implemented yet for class: org.codehaus.groovy.ast.expr.EmptyExpression>: null

17-03-2025T07:10:00 - [TEST_STEP][PASSED] - m = getText(findTestObject("Выполнение бизнес-плана/Период")): Text of object 'Object Repository/Выполнение бизнес-плана/Период' is: 'Январь 2025 года'

17-03-2025T07:10:01 - [MESSAGE][PASSED] - Text of object 'Object Repository/Выполнение бизнес-плана/Период' is: 'Январь 2025 года'

17-03-2025T07:10:01 - [TEST_STEP][PASSED] - iy = m.indexOf("20"): null

17-03-2025T07:10:01 - [TEST_STEP][PASSED] - if (iy > -1): null

17-03-2025T07:10:01 - [TEST_STEP][PASSED] - y = substring(iy, iy + 4).toInteger(): null

17-03-2025T07:10:01 - [TEST_STEP][PASSED] - println(y): null

17-03-2025T07:10:01 - [TEST_STEP][PASSED] - if (toString().length() == 4): null

17-03-2025T07:10:01 - [TEST_STEP][PASSED] - m = m.substring(0, m.indexOf(y.toString())): null

17-03-2025T07:10:01 - [TEST_STEP][PASSED] - m = m.trim(): null

17-03-2025T07:10:01 - [TEST_STEP][PASSED] - if (m == ""): null

17-03-2025T07:10:01 - [TEST_STEP][PASSED] - dashboardName = "Выполнение бизнес-плана": null

17-03-2025T07:10:01 - [TEST_STEP][PASSED] - workbook01 = getWorkbook(excelFilePath): null

17-03-2025T07:10:01 - [TEST_STEP][PASSED] - sheet01 = getExcelSheet(workbook01, sheetName): null

17-03-2025T07:10:01 - [TEST_STEP][PASSED] - setValueToCellByIndex(sheet01, n, 0, dashboardName): null

17-03-2025T07:10:01 - [TEST_STEP][PASSED] - setValueToCellByIndex(sheet01, n, 1, dZO): null

17-03-2025T07:10:01 - [TEST_STEP][PASSED] - setValueToCellByIndex(sheet01, n, 2, typeOfData): null

17-03-2025T07:10:01 - [TEST_STEP][PASSED] - if (typeOfData == "Факт в процентах" || typeOfData == "План в процентах"): null

17-03-2025T07:10:01 - [TEST_STEP][PASSED] - else: null

17-03-2025T07:10:01 - [TEST_STEP][PASSED] - setValueToCellByIndex(sheet01, n, 3, fileInt): null

17-03-2025T07:10:01 - [TEST_STEP][PASSED] - setValueToCellByIndex(sheet01, n, 4, "нет данных"): null

17-03-2025T07:10:01 - [TEST_STEP][PASSED] - setValueToCellByIndex(sheet01, n, 5, m): null

17-03-2025T07:10:01 - [TEST_STEP][PASSED] - setValueToCellByIndex(sheet01, n, 6, y): null

17-03-2025T07:10:01 - [TEST_STEP][PASSED] - setValueToCellByIndex(sheet01, n, 7, todaysDate): null

17-03-2025T07:10:01 - [TEST_STEP][PASSED] - n = n + 1: null

17-03-2025T07:10:01 - [TEST_STEP][PASSED] - saveWorkbook(excelFilePath, workbook01): null

17-03-2025T07:10:01 - [TEST_STEP][PASSED] - typeOfData = "План Потери": null

17-03-2025T07:10:01 - [TEST_STEP][PASSED] - fileInt = replaceAll("\s+", "").toInteger(): null

17-03-2025T07:10:01 - [TEST_STEP][PASSED] - Script1718980020443.WriteToExcelNoData(a, typeOfData, todaysDate, fileInt, fileDouble, dZO): null

17-03-2025T07:10:01 - [TEST_STEP][PASSED] - sheetName = "Sheet1": null

17-03-2025T07:10:01 - [TEST_STEP][PASSED] - data = findTestData("PlanFact"): null

17-03-2025T07:10:01 - [TEST_STEP][PASSED] - n = data.getRowNumbers() + 1: null

17-03-2025T07:10:01 - [TEST_STEP][PASSED] - day = ")).toInteger(): null

17-03-2025T07:10:01 - [TEST_STEP][PASSED] - println(day): null

17-03-2025T07:10:01 - [TEST_STEP][PASSED] - month = ")).toInteger(): null

17-03-2025T07:10:01 - [TEST_STEP][PASSED] - println(month): null

17-03-2025T07:10:01 - [TEST_STEP][PASSED] - y = <not implemented yet for class: org.codehaus.groovy.ast.expr.EmptyExpression>: null

17-03-2025T07:10:01 - [TEST_STEP][PASSED] - iy = <not implemented yet for class: org.codehaus.groovy.ast.expr.EmptyExpression>: null

17-03-2025T07:10:01 - [TEST_STEP][PASSED] - m = getText(findTestObject("Выполнение бизнес-плана/Период")): Text of object 'Object Repository/Выполнение бизнес-плана/Период' is: 'Январь 2025 года'

17-03-2025T07:10:01 - [MESSAGE][PASSED] - Text of object 'Object Repository/Выполнение бизнес-плана/Период' is: 'Январь 2025 года'

17-03-2025T07:10:01 - [TEST_STEP][PASSED] - iy = m.indexOf("20"): null

17-03-2025T07:10:01 - [TEST_STEP][PASSED] - if (iy > -1): null

17-03-2025T07:10:01 - [TEST_STEP][PASSED] - y = substring(iy, iy + 4).toInteger(): null

17-03-2025T07:10:01 - [TEST_STEP][PASSED] - println(y): null

17-03-2025T07:10:01 - [TEST_STEP][PASSED] - if (toString().length() == 4): null

17-03-2025T07:10:01 - [TEST_STEP][PASSED] - m = m.substring(0, m.indexOf(y.toString())): null

17-03-2025T07:10:01 - [TEST_STEP][PASSED] - m = m.trim(): null

17-03-2025T07:10:01 - [TEST_STEP][PASSED] - if (m == ""): null

17-03-2025T07:10:01 - [TEST_STEP][PASSED] - dashboardName = "Выполнение бизнес-плана": null

17-03-2025T07:10:01 - [TEST_STEP][PASSED] - workbook01 = getWorkbook(excelFilePath): null

17-03-2025T07:10:01 - [TEST_STEP][PASSED] - sheet01 = getExcelSheet(workbook01, sheetName): null

17-03-2025T07:10:01 - [TEST_STEP][PASSED] - setValueToCellByIndex(sheet01, n, 0, dashboardName): null

17-03-2025T07:10:01 - [TEST_STEP][PASSED] - setValueToCellByIndex(sheet01, n, 1, dZO): null

17-03-2025T07:10:01 - [TEST_STEP][PASSED] - setValueToCellByIndex(sheet01, n, 2, typeOfData): null

17-03-2025T07:10:01 - [TEST_STEP][PASSED] - if (typeOfData == "Факт в процентах" || typeOfData == "План в процентах"): null

17-03-2025T07:10:01 - [TEST_STEP][PASSED] - else: null

17-03-2025T07:10:01 - [TEST_STEP][PASSED] - setValueToCellByIndex(sheet01, n, 3, fileInt): null

17-03-2025T07:10:01 - [TEST_STEP][PASSED] - setValueToCellByIndex(sheet01, n, 4, "нет данных"): null

17-03-2025T07:10:01 - [TEST_STEP][PASSED] - setValueToCellByIndex(sheet01, n, 5, m): null

17-03-2025T07:10:01 - [TEST_STEP][PASSED] - setValueToCellByIndex(sheet01, n, 6, y): null

17-03-2025T07:10:01 - [TEST_STEP][PASSED] - setValueToCellByIndex(sheet01, n, 7, todaysDate): null

17-03-2025T07:10:01 - [TEST_STEP][PASSED] - n = n + 1: null

17-03-2025T07:10:01 - [TEST_STEP][PASSED] - saveWorkbook(excelFilePath, workbook01): null

17-03-2025T07:10:01 - [TEST_STEP][PASSED] - typeOfData = "План в процентах": null

17-03-2025T07:10:01 - [TEST_STEP][PASSED] - fileDouble = ").toDouble(): null

17-03-2025T07:10:02 - [TEST_STEP][PASSED] - Script1718980020443.WriteToExcelNoData(a, typeOfData, todaysDate, fileInt, fileDouble, dZO): null

17-03-2025T07:10:02 - [TEST_STEP][PASSED] - sheetName = "Sheet1": null

17-03-2025T07:10:02 - [TEST_STEP][PASSED] - data = findTestData("PlanFact"): null

17-03-2025T07:10:02 - [TEST_STEP][PASSED] - n = data.getRowNumbers() + 1: null

17-03-2025T07:10:02 - [TEST_STEP][PASSED] - day = ")).toInteger(): null

17-03-2025T07:10:02 - [TEST_STEP][PASSED] - println(day): null

17-03-2025T07:10:02 - [TEST_STEP][PASSED] - month = ")).toInteger(): null

17-03-2025T07:10:02 - [TEST_STEP][PASSED] - println(month): null

17-03-2025T07:10:02 - [TEST_STEP][PASSED] - y = <not implemented yet for class: org.codehaus.groovy.ast.expr.EmptyExpression>: null

17-03-2025T07:10:02 - [TEST_STEP][PASSED] - iy = <not implemented yet for class: org.codehaus.groovy.ast.expr.EmptyExpression>: null

17-03-2025T07:10:02 - [TEST_STEP][PASSED] - m = getText(findTestObject("Выполнение бизнес-плана/Период")): Text of object 'Object Repository/Выполнение бизнес-плана/Период' is: 'Январь 2025 года'

17-03-2025T07:10:02 - [MESSAGE][PASSED] - Text of object 'Object Repository/Выполнение бизнес-плана/Период' is: 'Январь 2025 года'

17-03-2025T07:10:02 - [TEST_STEP][PASSED] - iy = m.indexOf("20"): null

17-03-2025T07:10:02 - [TEST_STEP][PASSED] - if (iy > -1): null

17-03-2025T07:10:02 - [TEST_STEP][PASSED] - y = substring(iy, iy + 4).toInteger(): null

17-03-2025T07:10:02 - [TEST_STEP][PASSED] - println(y): null

17-03-2025T07:10:02 - [TEST_STEP][PASSED] - if (toString().length() == 4): null

17-03-2025T07:10:02 - [TEST_STEP][PASSED] - m = m.substring(0, m.indexOf(y.toString())): null

17-03-2025T07:10:02 - [TEST_STEP][PASSED] - m = m.trim(): null

17-03-2025T07:10:02 - [TEST_STEP][PASSED] - if (m == ""): null

17-03-2025T07:10:02 - [TEST_STEP][PASSED] - dashboardName = "Выполнение бизнес-плана": null

17-03-2025T07:10:02 - [TEST_STEP][PASSED] - workbook01 = getWorkbook(excelFilePath): null

17-03-2025T07:10:02 - [TEST_STEP][PASSED] - sheet01 = getExcelSheet(workbook01, sheetName): null

17-03-2025T07:10:02 - [TEST_STEP][PASSED] - setValueToCellByIndex(sheet01, n, 0, dashboardName): null

17-03-2025T07:10:02 - [TEST_STEP][PASSED] - setValueToCellByIndex(sheet01, n, 1, dZO): null

17-03-2025T07:10:02 - [TEST_STEP][PASSED] - setValueToCellByIndex(sheet01, n, 2, typeOfData): null

17-03-2025T07:10:02 - [TEST_STEP][PASSED] - if (typeOfData == "Факт в процентах" || typeOfData == "План в процентах"): null

17-03-2025T07:10:02 - [TEST_STEP][PASSED] - setValueToCellByIndex(sheet01, n, 3, fileDouble): null

17-03-2025T07:10:02 - [TEST_STEP][PASSED] - setValueToCellByIndex(sheet01, n, 4, "нет данных"): null

17-03-2025T07:10:02 - [TEST_STEP][PASSED] - setValueToCellByIndex(sheet01, n, 5, m): null

17-03-2025T07:10:02 - [TEST_STEP][PASSED] - setValueToCellByIndex(sheet01, n, 6, y): null

17-03-2025T07:10:02 - [TEST_STEP][PASSED] - setValueToCellByIndex(sheet01, n, 7, todaysDate): null

17-03-2025T07:10:02 - [TEST_STEP][PASSED] - n = n + 1: null

17-03-2025T07:10:02 - [TEST_STEP][PASSED] - saveWorkbook(excelFilePath, workbook01): null

17-03-2025T07:10:02 - [TEST_STEP][PASSED] - typeOfData = "Факт в процентах": null

17-03-2025T07:10:02 - [TEST_STEP][PASSED] - fileDouble = ").toDouble(): null

17-03-2025T07:10:02 - [TEST_STEP][PASSED] - Script1718980020443.WriteToExcelNoData(a, typeOfData, todaysDate, fileInt, fileDouble, dZO): null

17-03-2025T07:10:02 - [TEST_STEP][PASSED] - sheetName = "Sheet1": null

17-03-2025T07:10:02 - [TEST_STEP][PASSED] - data = findTestData("PlanFact"): null

17-03-2025T07:10:02 - [TEST_STEP][PASSED] - n = data.getRowNumbers() + 1: null

17-03-2025T07:10:02 - [TEST_STEP][PASSED] - day = ")).toInteger(): null

17-03-2025T07:10:02 - [TEST_STEP][PASSED] - println(day): null

17-03-2025T07:10:02 - [TEST_STEP][PASSED] - month = ")).toInteger(): null

17-03-2025T07:10:02 - [TEST_STEP][PASSED] - println(month): null

17-03-2025T07:10:02 - [TEST_STEP][PASSED] - y = <not implemented yet for class: org.codehaus.groovy.ast.expr.EmptyExpression>: null

17-03-2025T07:10:02 - [TEST_STEP][PASSED] - iy = <not implemented yet for class: org.codehaus.groovy.ast.expr.EmptyExpression>: null

17-03-2025T07:10:02 - [TEST_STEP][PASSED] - m = getText(findTestObject("Выполнение бизнес-плана/Период")): Text of object 'Object Repository/Выполнение бизнес-плана/Период' is: 'Январь 2025 года'

17-03-2025T07:10:03 - [MESSAGE][PASSED] - Text of object 'Object Repository/Выполнение бизнес-плана/Период' is: 'Январь 2025 года'

17-03-2025T07:10:03 - [TEST_STEP][PASSED] - iy = m.indexOf("20"): null

17-03-2025T07:10:03 - [TEST_STEP][PASSED] - if (iy > -1): null

17-03-2025T07:10:03 - [TEST_STEP][PASSED] - y = substring(iy, iy + 4).toInteger(): null

17-03-2025T07:10:03 - [TEST_STEP][PASSED] - println(y): null

17-03-2025T07:10:03 - [TEST_STEP][PASSED] - if (toString().length() == 4): null

17-03-2025T07:10:03 - [TEST_STEP][PASSED] - m = m.substring(0, m.indexOf(y.toString())): null

17-03-2025T07:10:03 - [TEST_STEP][PASSED] - m = m.trim(): null

17-03-2025T07:10:03 - [TEST_STEP][PASSED] - if (m == ""): null

17-03-2025T07:10:03 - [TEST_STEP][PASSED] - dashboardName = "Выполнение бизнес-плана": null

17-03-2025T07:10:03 - [TEST_STEP][PASSED] - workbook01 = getWorkbook(excelFilePath): null

17-03-2025T07:10:03 - [TEST_STEP][PASSED] - sheet01 = getExcelSheet(workbook01, sheetName): null

17-03-2025T07:10:03 - [TEST_STEP][PASSED] - setValueToCellByIndex(sheet01, n, 0, dashboardName): null

17-03-2025T07:10:03 - [TEST_STEP][PASSED] - setValueToCellByIndex(sheet01, n, 1, dZO): null

17-03-2025T07:10:03 - [TEST_STEP][PASSED] - setValueToCellByIndex(sheet01, n, 2, typeOfData): null

17-03-2025T07:10:03 - [TEST_STEP][PASSED] - if (typeOfData == "Факт в процентах" || typeOfData == "План в процентах"): null

17-03-2025T07:10:03 - [TEST_STEP][PASSED] - setValueToCellByIndex(sheet01, n, 3, fileDouble): null

17-03-2025T07:10:03 - [TEST_STEP][PASSED] - setValueToCellByIndex(sheet01, n, 4, "нет данных"): null

17-03-2025T07:10:03 - [TEST_STEP][PASSED] - setValueToCellByIndex(sheet01, n, 5, m): null

17-03-2025T07:10:03 - [TEST_STEP][PASSED] - setValueToCellByIndex(sheet01, n, 6, y): null

17-03-2025T07:10:03 - [TEST_STEP][PASSED] - setValueToCellByIndex(sheet01, n, 7, todaysDate): null

17-03-2025T07:10:03 - [TEST_STEP][PASSED] - n = n + 1: null

17-03-2025T07:10:03 - [TEST_STEP][PASSED] - saveWorkbook(excelFilePath, workbook01): null

17-03-2025T07:10:03 - [TEST_STEP][PASSED] - println(dzoNum): null

17-03-2025T07:10:03 - [TEST_STEP][PASSED] - dZO = "Россети Юг": null

17-03-2025T07:10:03 - [TEST_STEP][PASSED] - a = 59: null

17-03-2025T07:10:03 - [TEST_STEP][PASSED] - if (x1.contains("Юг")): null

17-03-2025T07:10:03 - [TEST_STEP][PASSED] - dzoNum = dzoNum + 1: null

17-03-2025T07:10:03 - [TEST_STEP][PASSED] - Script1718980020443.Numbers(a, typeOfData, todaysDate, pageInt, fileInt, pageDouble, fileDouble, dZO, dzoNum, filialNum): null

17-03-2025T07:10:03 - [TEST_STEP][PASSED] - println(dzoNum): null

17-03-2025T07:10:03 - [TEST_STEP][PASSED] - planFact = <not implemented yet for class: org.codehaus.groovy.ast.expr.EmptyExpression>: null

17-03-2025T07:10:03 - [TEST_STEP][PASSED] - page = <not implemented yet for class: org.codehaus.groovy.ast.expr.EmptyExpression>: null

17-03-2025T07:10:03 - [TEST_STEP][PASSED] - page1 = <not implemented yet for class: org.codehaus.groovy.ast.expr.EmptyExpression>: null

17-03-2025T07:10:03 - [TEST_STEP][PASSED] - page2 = <not implemented yet for class: org.codehaus.groovy.ast.expr.EmptyExpression>: null

17-03-2025T07:10:03 - [TEST_STEP][PASSED] - filialNumberInRow = <not implemented yet for class: org.codehaus.groovy.ast.expr.EmptyExpression>: null

17-03-2025T07:10:03 - [TEST_STEP][PASSED] - filialsDzoNames = <not implemented yet for class: org.codehaus.groovy.ast.expr.EmptyExpression>: null

17-03-2025T07:10:03 - [TEST_STEP][PASSED] - numberOfFilials = <not implemented yet for class: org.codehaus.groovy.ast.expr.EmptyExpression>: null

17-03-2025T07:10:03 - [TEST_STEP][PASSED] - numberOfSpaces = <not implemented yet for class: org.codehaus.groovy.ast.expr.EmptyExpression>: null

17-03-2025T07:10:03 - [TEST_STEP][PASSED] - file = <not implemented yet for class: org.codehaus.groovy.ast.expr.EmptyExpression>: null

17-03-2025T07:10:03 - [TEST_STEP][PASSED] - otpusk = <not implemented yet for class: org.codehaus.groovy.ast.expr.EmptyExpression>: null

17-03-2025T07:10:03 - [TEST_STEP][PASSED] - poteri = <not implemented yet for class: org.codehaus.groovy.ast.expr.EmptyExpression>: null

17-03-2025T07:10:03 - [TEST_STEP][PASSED] - dataFolder = "Выполнение бизнес-плана/Значения со страницы Выполнение бизнес-плана/": null

17-03-2025T07:10:03 - [TEST_STEP][PASSED] - path = <not implemented yet for class: org.codehaus.groovy.ast.expr.EmptyExpression>: null

17-03-2025T07:10:03 - [TEST_STEP][PASSED] - typeOfDataMain = <not implemented yet for class: org.codehaus.groovy.ast.expr.EmptyExpression>: null

17-03-2025T07:10:03 - [TEST_STEP][PASSED] - fileOtpuskVSet = <not implemented yet for class: org.codehaus.groovy.ast.expr.EmptyExpression>: null

17-03-2025T07:10:03 - [TEST_STEP][PASSED] - pageOtpuskVSet = <not implemented yet for class: org.codehaus.groovy.ast.expr.EmptyExpression>: null

17-03-2025T07:10:03 - [TEST_STEP][PASSED] - filePoteri = <not implemented yet for class: org.codehaus.groovy.ast.expr.EmptyExpression>: null

17-03-2025T07:10:03 - [TEST_STEP][PASSED] - pagePoteri = <not implemented yet for class: org.codehaus.groovy.ast.expr.EmptyExpression>: null

17-03-2025T07:10:03 - [TEST_STEP][PASSED] - compare = <not implemented yet for class: org.codehaus.groovy.ast.expr.EmptyExpression>: null

17-03-2025T07:10:03 - [TEST_STEP][PASSED] - b = <not implemented yet for class: org.codehaus.groovy.ast.expr.EmptyExpression>: null

17-03-2025T07:10:03 - [TEST_STEP][PASSED] - i = <not implemented yet for class: org.codehaus.groovy.ast.expr.EmptyExpression>: null

17-03-2025T07:10:03 - [TEST_STEP][PASSED] - ii = <not implemented yet for class: org.codehaus.groovy.ast.expr.EmptyExpression>: null

17-03-2025T07:10:03 - [TEST_STEP][PASSED] - c = <not implemented yet for class: org.codehaus.groovy.ast.expr.EmptyExpression>: null

17-03-2025T07:10:03 - [TEST_STEP][PASSED] - numberOfErrors = 0: null

17-03-2025T07:10:03 - [TEST_STEP][PASSED] - if (a == 82): null

17-03-2025T07:10:03 - [TEST_STEP][PASSED] - b = findTestData("PlanFact").getValue(1, a): null

17-03-2025T07:10:03 - [TEST_STEP][PASSED] - i = b.indexOf(" (ГК)"): null

17-03-2025T07:10:03 - [TEST_STEP][PASSED] - if (i > -1): null

17-03-2025T07:10:03 - [TEST_STEP][PASSED] - b = b.substring(0, i): null

17-03-2025T07:10:03 - [TEST_STEP][PASSED] - i = b.indexOf("О ""): null

17-03-2025T07:10:03 - [TEST_STEP][PASSED] - if (i > -1): null

17-03-2025T07:10:03 - [TEST_STEP][PASSED] - i = b.indexOf("О «"): null

17-03-2025T07:10:03 - [TEST_STEP][PASSED] - if (i > -1): null

17-03-2025T07:10:03 - [TEST_STEP][PASSED] - i = b.indexOf("г. "): null

17-03-2025T07:10:03 - [TEST_STEP][PASSED] - if (i > -1): null

17-03-2025T07:10:03 - [TEST_STEP][PASSED] - b = b.trim(): null

17-03-2025T07:10:03 - [TEST_STEP][PASSED] - println(b): null

17-03-2025T07:10:03 - [TEST_STEP][PASSED] - for ([planFact = 1, planFact < 3, (planFact++)]): null

17-03-2025T07:10:03 - [TEST_STEP][PASSED] - if (planFact == 1): null

17-03-2025T07:10:03 - [TEST_STEP][PASSED] - typeOfDataMain = "Факт": null

17-03-2025T07:10:03 - [TEST_STEP][PASSED] - otpusk = findTestData("PlanFact").getValue(5, a): null

17-03-2025T07:10:03 - [TEST_STEP][PASSED] - poteri = findTestData("PlanFact").getValue(6, a): null

17-03-2025T07:10:03 - [TEST_STEP][PASSED] - otpusk = otpusk.replaceAll("\s+", ""): null

17-03-2025T07:10:03 - [TEST_STEP][PASSED] - poteri = poteri.replaceAll("\s+", ""): null

17-03-2025T07:10:03 - [TEST_STEP][PASSED] - typeOfData = typeOfDataMain + " Отпуск в сеть": null

17-03-2025T07:10:03 - [TEST_STEP][PASSED] - if (a == 82): null

17-03-2025T07:10:03 - [TEST_STEP][PASSED] - else if (a == 84): null

17-03-2025T07:10:03 - [TEST_STEP][PASSED] - else if (a == 83 || a == 52 || a == 72 || a == 28 || a == 73 || a == 77 || a == 74 || a == 65 || a == 36 || a == 44 || a == 53 || a == 80 || a == 54 || a == 1 || a == 18 || a == 59 || a == 81): null

17-03-2025T07:10:03 - [TEST_STEP][PASSED] - path = dataFolder + "Table Data/" + typeOfData + " за отчётный период " + dzoNum: null

17-03-2025T07:10:03 - [TEST_STEP][PASSED] - println(path): null

17-03-2025T07:10:03 - [TEST_STEP][PASSED] - page = getText(findTestObject(path)): Text of object 'Object Repository/Выполнение бизнес-плана/Значения со страницы Выполнение бизнес-плана/Table Data/Факт Отпуск в сеть за отчётный период 7' is: '3 467 484'

17-03-2025T07:10:03 - [MESSAGE][PASSED] - Text of object 'Object Repository/Выполнение бизнес-плана/Значения со страницы Выполнение бизнес-плана/Table Data/Факт Отпуск в сеть за отчётный период 7' is: '3 467 484'

17-03-2025T07:10:03 - [TEST_STEP][PASSED] - if (page == "" || page == null): null

17-03-2025T07:10:03 - [TEST_STEP][PASSED] - else: null

17-03-2025T07:10:03 - [TEST_STEP][PASSED] - page = page.replaceAll("\s+", ""): null

17-03-2025T07:10:03 - [TEST_STEP][PASSED] - if (page == "undefined"): null

17-03-2025T07:10:03 - [TEST_STEP][PASSED] - fileOtpuskVSet = otpusk.toInteger(): null

17-03-2025T07:10:03 - [TEST_STEP][PASSED] - pageOtpuskVSet = page.toInteger(): null

17-03-2025T07:10:03 - [TEST_STEP][PASSED] - typeOfData = typeOfDataMain + " Потери": null

17-03-2025T07:10:03 - [TEST_STEP][PASSED] - if (a == 82): null

17-03-2025T07:10:03 - [TEST_STEP][PASSED] - else if (a == 84): null

17-03-2025T07:10:03 - [TEST_STEP][PASSED] - else if (a == 83 || a == 52 || a == 72 || a == 28 || a == 73 || a == 77 || a == 74 || a == 65 || a == 44 || a == 53 || a == 80 || a == 54 || a == 1 || a == 18 || a == 59 || a == 81): null

17-03-2025T07:10:03 - [TEST_STEP][PASSED] - path = dataFolder + "Table Data/" + typeOfData + " за отчётный период " + dzoNum: null

17-03-2025T07:10:03 - [TEST_STEP][PASSED] - page = getText(findTestObject(path)): Text of object 'Object Repository/Выполнение бизнес-плана/Значения со страницы Выполнение бизнес-плана/Table Data/Факт Потери за отчётный период 7' is: '2 266 831'

17-03-2025T07:10:04 - [MESSAGE][PASSED] - Text of object 'Object Repository/Выполнение бизнес-плана/Значения со страницы Выполнение бизнес-плана/Table Data/Факт Потери за отчётный период 7' is: '2 266 831'

17-03-2025T07:10:04 - [TEST_STEP][PASSED] - if (page == "" || page == null): null

17-03-2025T07:10:04 - [TEST_STEP][PASSED] - else: null

17-03-2025T07:10:04 - [TEST_STEP][PASSED] - page = page.replaceAll("\s+", ""): null

17-03-2025T07:10:04 - [TEST_STEP][PASSED] - if (page == "undefined"): null

17-03-2025T07:10:04 - [TEST_STEP][PASSED] - filePoteri = poteri.toInteger(): null

17-03-2025T07:10:04 - [TEST_STEP][PASSED] - pagePoteri = page.toInteger(): null

17-03-2025T07:10:04 - [TEST_STEP][PASSED] - compare = pageOtpuskVSet: null

17-03-2025T07:10:04 - [TEST_STEP][PASSED] - if (pageOtpuskVSet != null): null

17-03-2025T07:10:04 - [TEST_STEP][PASSED] - if (compare == fileOtpuskVSet): null

17-03-2025T07:10:04 - [TEST_STEP][PASSED] - else if (compare > fileOtpuskVSet): null

17-03-2025T07:10:04 - [TEST_STEP][PASSED] - compare = compare - 1: null

17-03-2025T07:10:04 - [TEST_STEP][PASSED] - if (compare == fileOtpuskVSet): null

17-03-2025T07:10:04 - [TEST_STEP][PASSED] - else: null

17-03-2025T07:10:04 - [TEST_STEP][PASSED] - numberOfErrors = numberOfErrors + 1: null

17-03-2025T07:10:04 - [TEST_STEP][PASSED] - pageInt = pageOtpuskVSet: null

17-03-2025T07:10:04 - [TEST_STEP][PASSED] - fileInt = fileOtpuskVSet: null

17-03-2025T07:10:04 - [TEST_STEP][PASSED] - typeOfData = typeOfDataMain + " Отпуск в сеть": null

17-03-2025T07:10:04 - [TEST_STEP][PASSED] - Script1718980020443.WriteToExcel(a, typeOfData, todaysDate, pageInt, fileInt, pageDouble, fileDouble, dZO): null

17-03-2025T07:10:04 - [TEST_STEP][PASSED] - sheetName = "Sheet1": null

17-03-2025T07:10:04 - [TEST_STEP][PASSED] - data = findTestData("PlanFact"): null

17-03-2025T07:10:04 - [TEST_STEP][PASSED] - n = data.getRowNumbers() + 1: null

17-03-2025T07:10:04 - [TEST_STEP][PASSED] - day = ")).toInteger(): null

17-03-2025T07:10:04 - [TEST_STEP][PASSED] - println(day): null

17-03-2025T07:10:04 - [TEST_STEP][PASSED] - month = ")).toInteger(): null

17-03-2025T07:10:04 - [TEST_STEP][PASSED] - println(month): null

17-03-2025T07:10:04 - [TEST_STEP][PASSED] - y = <not implemented yet for class: org.codehaus.groovy.ast.expr.EmptyExpression>: null

17-03-2025T07:10:04 - [TEST_STEP][PASSED] - iy = <not implemented yet for class: org.codehaus.groovy.ast.expr.EmptyExpression>: null

17-03-2025T07:10:04 - [TEST_STEP][PASSED] - m = getText(findTestObject("Выполнение бизнес-плана/Период")): Text of object 'Object Repository/Выполнение бизнес-плана/Период' is: 'Январь 2025 года'

17-03-2025T07:10:04 - [MESSAGE][PASSED] - Text of object 'Object Repository/Выполнение бизнес-плана/Период' is: 'Январь 2025 года'

17-03-2025T07:10:04 - [TEST_STEP][PASSED] - iy = m.indexOf("20"): null

17-03-2025T07:10:04 - [TEST_STEP][PASSED] - if (iy > -1): null

17-03-2025T07:10:04 - [TEST_STEP][PASSED] - y = substring(iy, iy + 4).toInteger(): null

17-03-2025T07:10:04 - [TEST_STEP][PASSED] - println(y): null

17-03-2025T07:10:04 - [TEST_STEP][PASSED] - if (toString().length() == 4): null

17-03-2025T07:10:04 - [TEST_STEP][PASSED] - m = m.substring(0, m.indexOf(y.toString())): null

17-03-2025T07:10:04 - [TEST_STEP][PASSED] - m = m.trim(): null

17-03-2025T07:10:04 - [TEST_STEP][PASSED] - if (m == ""): null

17-03-2025T07:10:04 - [TEST_STEP][PASSED] - dashboardName = "Выполнение бизнес-плана": null

17-03-2025T07:10:04 - [TEST_STEP][PASSED] - workbook01 = getWorkbook(excelFilePath): null

17-03-2025T07:10:04 - [TEST_STEP][PASSED] - sheet01 = getExcelSheet(workbook01, sheetName): null

17-03-2025T07:10:04 - [TEST_STEP][PASSED] - setValueToCellByIndex(sheet01, n, 0, dashboardName): null

17-03-2025T07:10:04 - [TEST_STEP][PASSED] - setValueToCellByIndex(sheet01, n, 1, dZO): null

17-03-2025T07:10:04 - [TEST_STEP][PASSED] - setValueToCellByIndex(sheet01, n, 2, typeOfData): null

17-03-2025T07:10:04 - [TEST_STEP][PASSED] - if (typeOfData == "Факт в процентах" || typeOfData == "План в процентах"): null

17-03-2025T07:10:04 - [TEST_STEP][PASSED] - else: null

17-03-2025T07:10:04 - [TEST_STEP][PASSED] - setValueToCellByIndex(sheet01, n, 3, fileInt): null

17-03-2025T07:10:04 - [TEST_STEP][PASSED] - setValueToCellByIndex(sheet01, n, 4, pageInt): null

17-03-2025T07:10:04 - [TEST_STEP][PASSED] - setValueToCellByIndex(sheet01, n, 5, m): null

17-03-2025T07:10:04 - [TEST_STEP][PASSED] - setValueToCellByIndex(sheet01, n, 6, y): null

17-03-2025T07:10:04 - [TEST_STEP][PASSED] - setValueToCellByIndex(sheet01, n, 7, todaysDate): null

17-03-2025T07:10:04 - [TEST_STEP][PASSED] - n = n + 1: null

17-03-2025T07:10:04 - [TEST_STEP][PASSED] - saveWorkbook(excelFilePath, workbook01): null

17-03-2025T07:10:04 - [TEST_STEP][PASSED] - compare = pagePoteri: null

17-03-2025T07:10:04 - [TEST_STEP][PASSED] - if (pageOtpuskVSet != null): null

17-03-2025T07:10:04 - [TEST_STEP][PASSED] - if (compare == filePoteri): null

17-03-2025T07:10:04 - [TEST_STEP][PASSED] - else if (compare > filePoteri): null

17-03-2025T07:10:04 - [TEST_STEP][PASSED] - compare = compare - 1: null

17-03-2025T07:10:04 - [TEST_STEP][PASSED] - if (compare == filePoteri): null

17-03-2025T07:10:04 - [TEST_STEP][PASSED] - else: null

17-03-2025T07:10:04 - [TEST_STEP][PASSED] - numberOfErrors = numberOfErrors + 1: null

17-03-2025T07:10:04 - [TEST_STEP][PASSED] - pageInt = pagePoteri: null

17-03-2025T07:10:04 - [TEST_STEP][PASSED] - fileInt = filePoteri: null

17-03-2025T07:10:04 - [TEST_STEP][PASSED] - typeOfData = typeOfDataMain + " Потери": null

17-03-2025T07:10:04 - [TEST_STEP][PASSED] - Script1718980020443.WriteToExcel(a, typeOfData, todaysDate, pageInt, fileInt, pageDouble, fileDouble, dZO): null

17-03-2025T07:10:04 - [TEST_STEP][PASSED] - sheetName = "Sheet1": null

17-03-2025T07:10:04 - [TEST_STEP][PASSED] - data = findTestData("PlanFact"): null

17-03-2025T07:10:04 - [TEST_STEP][PASSED] - n = data.getRowNumbers() + 1: null

17-03-2025T07:10:04 - [TEST_STEP][PASSED] - day = ")).toInteger(): null

17-03-2025T07:10:04 - [TEST_STEP][PASSED] - println(day): null

17-03-2025T07:10:04 - [TEST_STEP][PASSED] - month = ")).toInteger(): null

17-03-2025T07:10:04 - [TEST_STEP][PASSED] - println(month): null

17-03-2025T07:10:04 - [TEST_STEP][PASSED] - y = <not implemented yet for class: org.codehaus.groovy.ast.expr.EmptyExpression>: null

17-03-2025T07:10:04 - [TEST_STEP][PASSED] - iy = <not implemented yet for class: org.codehaus.groovy.ast.expr.EmptyExpression>: null

17-03-2025T07:10:04 - [TEST_STEP][PASSED] - m = getText(findTestObject("Выполнение бизнес-плана/Период")): Text of object 'Object Repository/Выполнение бизнес-плана/Период' is: 'Январь 2025 года'

17-03-2025T07:10:05 - [MESSAGE][PASSED] - Text of object 'Object Repository/Выполнение бизнес-плана/Период' is: 'Январь 2025 года'

17-03-2025T07:10:05 - [TEST_STEP][PASSED] - iy = m.indexOf("20"): null

17-03-2025T07:10:05 - [TEST_STEP][PASSED] - if (iy > -1): null

17-03-2025T07:10:05 - [TEST_STEP][PASSED] - y = substring(iy, iy + 4).toInteger(): null

17-03-2025T07:10:05 - [TEST_STEP][PASSED] - println(y): null

17-03-2025T07:10:05 - [TEST_STEP][PASSED] - if (toString().length() == 4): null

17-03-2025T07:10:05 - [TEST_STEP][PASSED] - m = m.substring(0, m.indexOf(y.toString())): null

17-03-2025T07:10:05 - [TEST_STEP][PASSED] - m = m.trim(): null

17-03-2025T07:10:05 - [TEST_STEP][PASSED] - if (m == ""): null

17-03-2025T07:10:05 - [TEST_STEP][PASSED] - dashboardName = "Выполнение бизнес-плана": null

17-03-2025T07:10:05 - [TEST_STEP][PASSED] - workbook01 = getWorkbook(excelFilePath): null

17-03-2025T07:10:05 - [TEST_STEP][PASSED] - sheet01 = getExcelSheet(workbook01, sheetName): null

17-03-2025T07:10:05 - [TEST_STEP][PASSED] - setValueToCellByIndex(sheet01, n, 0, dashboardName): null

17-03-2025T07:10:05 - [TEST_STEP][PASSED] - setValueToCellByIndex(sheet01, n, 1, dZO): null

17-03-2025T07:10:05 - [TEST_STEP][PASSED] - setValueToCellByIndex(sheet01, n, 2, typeOfData): null

17-03-2025T07:10:05 - [TEST_STEP][PASSED] - if (typeOfData == "Факт в процентах" || typeOfData == "План в процентах"): null

17-03-2025T07:10:05 - [TEST_STEP][PASSED] - else: null

17-03-2025T07:10:05 - [TEST_STEP][PASSED] - setValueToCellByIndex(sheet01, n, 3, fileInt): null

17-03-2025T07:10:05 - [TEST_STEP][PASSED] - setValueToCellByIndex(sheet01, n, 4, pageInt): null

17-03-2025T07:10:05 - [TEST_STEP][PASSED] - setValueToCellByIndex(sheet01, n, 5, m): null

17-03-2025T07:10:05 - [TEST_STEP][PASSED] - setValueToCellByIndex(sheet01, n, 6, y): null

17-03-2025T07:10:05 - [TEST_STEP][PASSED] - setValueToCellByIndex(sheet01, n, 7, todaysDate): null

17-03-2025T07:10:05 - [TEST_STEP][PASSED] - n = n + 1: null

17-03-2025T07:10:05 - [TEST_STEP][FAILED] - saveWorkbook(excelFilePath, workbook01): null

17-03-2025T07:10:05 - [TEST_STEP][PASSED] - if (planFact == 2): null

17-03-2025T07:10:05 - [TEST_STEP][PASSED] - if (planFact == 1): null

17-03-2025T07:10:05 - [TEST_STEP][PASSED] - else if (planFact == 2): null

17-03-2025T07:10:05 - [TEST_STEP][PASSED] - click(findTestObject("Выполнение бизнес-плана/Кнопка План")): Object: 'Object Repository/Выполнение бизнес-плана/Кнопка План' is clicked on

17-03-2025T07:10:05 - [MESSAGE][PASSED] - Object: 'Object Repository/Выполнение бизнес-плана/Кнопка План' is clicked on

17-03-2025T07:10:05 - [TEST_STEP][PASSED] - typeOfDataMain = "План": null

17-03-2025T07:10:05 - [TEST_STEP][PASSED] - otpusk = findTestData("PlanFact").getValue(2, a): null

17-03-2025T07:10:05 - [TEST_STEP][PASSED] - poteri = findTestData("PlanFact").getValue(3, a): null

17-03-2025T07:10:05 - [TEST_STEP][PASSED] - otpusk = otpusk.replaceAll("\s+", ""): null

17-03-2025T07:10:05 - [TEST_STEP][PASSED] - poteri = poteri.replaceAll("\s+", ""): null

17-03-2025T07:10:05 - [TEST_STEP][PASSED] - typeOfData = typeOfDataMain + " Отпуск в сеть": null

17-03-2025T07:10:05 - [TEST_STEP][PASSED] - if (a == 82): null

17-03-2025T07:10:05 - [TEST_STEP][PASSED] - else if (a == 84): null

17-03-2025T07:10:05 - [TEST_STEP][PASSED] - else if (a == 83 || a == 52 || a == 72 || a == 28 || a == 73 || a == 77 || a == 74 || a == 65 || a == 36 || a == 44 || a == 53 || a == 80 || a == 54 || a == 1 || a == 18 || a == 59 || a == 81): null

17-03-2025T07:10:05 - [TEST_STEP][PASSED] - path = dataFolder + "Table Data/" + typeOfData + " за отчётный период " + dzoNum: null

17-03-2025T07:10:05 - [TEST_STEP][PASSED] - println(path): null

17-03-2025T07:10:05 - [TEST_STEP][PASSED] - page = getText(findTestObject(path)): Text of object 'Object Repository/Выполнение бизнес-плана/Значения со страницы Выполнение бизнес-плана/Table Data/План Отпуск в сеть за отчётный период 7' is: '3 760 351'

17-03-2025T07:10:06 - [MESSAGE][PASSED] - Text of object 'Object Repository/Выполнение бизнес-плана/Значения со страницы Выполнение бизнес-плана/Table Data/План Отпуск в сеть за отчётный период 7' is: '3 760 351'

17-03-2025T07:10:06 - [TEST_STEP][PASSED] - if (page == "" || page == null): null

17-03-2025T07:10:06 - [TEST_STEP][PASSED] - else: null

17-03-2025T07:10:06 - [TEST_STEP][PASSED] - page = page.replaceAll("\s+", ""): null

17-03-2025T07:10:06 - [TEST_STEP][PASSED] - if (page == "undefined"): null

17-03-2025T07:10:06 - [TEST_STEP][PASSED] - fileOtpuskVSet = otpusk.toInteger(): null

17-03-2025T07:10:06 - [TEST_STEP][PASSED] - pageOtpuskVSet = page.toInteger(): null

17-03-2025T07:10:06 - [TEST_STEP][PASSED] - typeOfData = typeOfDataMain + " Потери": null

17-03-2025T07:10:06 - [TEST_STEP][PASSED] - if (a == 82): null

17-03-2025T07:10:06 - [TEST_STEP][PASSED] - else if (a == 84): null

17-03-2025T07:10:06 - [TEST_STEP][PASSED] - else if (a == 83 || a == 52 || a == 72 || a == 28 || a == 73 || a == 77 || a == 74 || a == 65 || a == 44 || a == 53 || a == 80 || a == 54 || a == 1 || a == 18 || a == 59 || a == 81): null

17-03-2025T07:10:06 - [TEST_STEP][PASSED] - path = dataFolder + "Table Data/" + typeOfData + " за отчётный период " + dzoNum: null

17-03-2025T07:10:06 - [TEST_STEP][FAILED] - page = getText(findTestObject(path)): Unable to get text of object 'Object Repository/Выполнение бизнес-плана/Значения со страницы Выполнение бизнес-плана/Table Data/План Потери за отчётный период 7' (Root cause: com.kms.katalon.core.exception.StepFailedException: Unable to get text of object 'Object Repository/Выполнение бизнес-плана/Значения со страницы Выполнение бизнес-плана/Table Data/План Потери за отчётный период 7'
	at com.kms.katalon.core.webui.keyword.internal.WebUIKeywordMain.stepFailed(WebUIKeywordMain.groovy:64)
	at com.kms.katalon.core.webui.keyword.internal.WebUIKeywordMain.runKeyword(WebUIKeywordMain.groovy:26)
	at com.kms.katalon.core.webui.keyword.builtin.GetTextKeyword.getText(GetTextKeyword.groovy:88)
	at com.kms.katalon.core.webui.keyword.builtin.GetTextKeyword.execute(GetTextKeyword.groovy:67)
	at com.kms.katalon.core.keyword.internal.KeywordExecutor.executeKeywordForPlatform(KeywordExecutor.groovy:74)
	at com.kms.katalon.core.webui.keyword.WebUiBuiltInKeywords.getText(WebUiBuiltInKeywords.groovy:957)
	at Выполнение бизнес-плана Сверка ПАО Россети все филиалы.Numbers(Выполнение бизнес-плана Сверка ПАО Россети все филиалы:594)
	at Выполнение бизнес-плана Сверка ПАО Россети все филиалы.run(Выполнение бизнес-плана Сверка ПАО Россети все филиалы:399)
	at com.kms.katalon.core.main.ScriptEngine.run(ScriptEngine.java:194)
	at com.kms.katalon.core.main.ScriptEngine.runScriptAsRawText(ScriptEngine.java:119)
	at com.kms.katalon.core.main.TestCaseExecutor.runScript(TestCaseExecutor.java:448)
	at com.kms.katalon.core.main.TestCaseExecutor.doExecute(TestCaseExecutor.java:439)
	at com.kms.katalon.core.main.TestCaseExecutor.processExecutionPhase(TestCaseExecutor.java:418)
	at com.kms.katalon.core.main.TestCaseExecutor.accessMainPhase(TestCaseExecutor.java:410)
	at com.kms.katalon.core.main.TestCaseExecutor.execute(TestCaseExecutor.java:285)
	at com.kms.katalon.core.common.CommonExecutor.accessTestCaseMainPhase(CommonExecutor.java:65)
	at com.kms.katalon.core.main.TestSuiteExecutor.accessTestSuiteMainPhase(TestSuiteExecutor.java:150)
	at com.kms.katalon.core.main.TestSuiteExecutor.execute(TestSuiteExecutor.java:106)
	at com.kms.katalon.core.main.TestCaseMain.startTestSuite(TestCaseMain.java:180)
	at TempTestSuite1742171011514.run(TempTestSuite1742171011514.groovy:35)
	at java.base/jdk.internal.reflect.NativeMethodAccessorImpl.invoke0(Native Method)
	at java.base/jdk.internal.reflect.NativeMethodAccessorImpl.invoke(NativeMethodAccessorImpl.java:77)
	at java.base/jdk.internal.reflect.DelegatingMethodAccessorImpl.invoke(DelegatingMethodAccessorImpl.java:43)
Caused by: com.kms.katalon.core.webui.exception.WebElementNotFoundException: Web element with id: 'Object Repository/Выполнение бизнес-плана/Значения со страницы Выполнение бизнес-плана/Table Data/План Потери за отчётный период 7' located by '(.//*[normalize-space(text()) and normalize-space(.)='Показатели баланса электроэнергии по ДЗО – План'])[2]/following::td[41]' not found
	at com.kms.katalon.core.webui.common.WebUiCommonHelper.findWebElement(WebUiCommonHelper.java:1426)
	at com.kms.katalon.core.webui.keyword.internal.WebUIAbstractKeyword.findWebElement(WebUIAbstractKeyword.groovy:27)
	at com.kms.katalon.core.webui.keyword.internal.WebUIAbstractKeyword.findWebElement(WebUIAbstractKeyword.groovy:26)
	at com.kms.katalon.core.webui.keyword.builtin.GetTextKeyword$_getText_closure1.doCall(GetTextKeyword.groovy:78)
	at com.kms.katalon.core.webui.keyword.builtin.GetTextKeyword$_getText_closure1.call(GetTextKeyword.groovy)
	at com.kms.katalon.core.webui.keyword.internal.WebUIKeywordMain.runKeyword(WebUIKeywordMain.groovy:20)
	at com.kms.katalon.core.webui.keyword.builtin.GetTextKeyword.getText(GetTextKeyword.groovy:88)
	at com.kms.katalon.core.webui.keyword.builtin.GetTextKeyword.execute(GetTextKeyword.groovy:67)
	at com.kms.katalon.core.keyword.internal.KeywordExecutor.executeKeywordForPlatform(KeywordExecutor.groovy:74)
	at com.kms.katalon.core.webui.keyword.WebUiBuiltInKeywords.getText(WebUiBuiltInKeywords.groovy:957)
	at Script1718980020443.Numbers(Script1718980020443.groovy:594)
	at Script1718980020443.run(Script1718980020443.groovy:399)
	... 15 more
)

17-03-2025T07:10:37 - [MESSAGE][INFO] - Unable to find the element located by 'By.xpath: (.//*[normalize-space(text()) and normalize-space(.)='Показатели баланса электроэнергии по ДЗО – План'])[2]/following::td[41]'. Please recheck the objects properties to make sure the desired element is located. 

17-03-2025T07:10:37 - [MESSAGE][FAILED] - Unable to get text of object 'Object Repository/Выполнение бизнес-плана/Значения со страницы Выполнение бизнес-плана/Table Data/План Потери за отчётный период 7' (Root cause: com.kms.katalon.core.exception.StepFailedException: Unable to get text of object 'Object Repository/Выполнение бизнес-плана/Значения со страницы Выполнение бизнес-плана/Table Data/План Потери за отчётный период 7'
	at com.kms.katalon.core.webui.keyword.internal.WebUIKeywordMain.stepFailed(WebUIKeywordMain.groovy:64)
	at com.kms.katalon.core.webui.keyword.internal.WebUIKeywordMain.runKeyword(WebUIKeywordMain.groovy:26)
	at com.kms.katalon.core.webui.keyword.builtin.GetTextKeyword.getText(GetTextKeyword.groovy:88)
	at com.kms.katalon.core.webui.keyword.builtin.GetTextKeyword.execute(GetTextKeyword.groovy:67)
	at com.kms.katalon.core.keyword.internal.KeywordExecutor.executeKeywordForPlatform(KeywordExecutor.groovy:74)
	at com.kms.katalon.core.webui.keyword.WebUiBuiltInKeywords.getText(WebUiBuiltInKeywords.groovy:957)
	at Выполнение бизнес-плана Сверка ПАО Россети все филиалы.Numbers(Выполнение бизнес-плана Сверка ПАО Россети все филиалы:594)
	at Выполнение бизнес-плана Сверка ПАО Россети все филиалы.run(Выполнение бизнес-плана Сверка ПАО Россети все филиалы:399)
	at com.kms.katalon.core.main.ScriptEngine.run(ScriptEngine.java:194)
	at com.kms.katalon.core.main.ScriptEngine.runScriptAsRawText(ScriptEngine.java:119)
	at com.kms.katalon.core.main.TestCaseExecutor.runScript(TestCaseExecutor.java:448)
	at com.kms.katalon.core.main.TestCaseExecutor.doExecute(TestCaseExecutor.java:439)
	at com.kms.katalon.core.main.TestCaseExecutor.processExecutionPhase(TestCaseExecutor.java:418)
	at com.kms.katalon.core.main.TestCaseExecutor.accessMainPhase(TestCaseExecutor.java:410)
	at com.kms.katalon.core.main.TestCaseExecutor.execute(TestCaseExecutor.java:285)
	at com.kms.katalon.core.common.CommonExecutor.accessTestCaseMainPhase(CommonExecutor.java:65)
	at com.kms.katalon.core.main.TestSuiteExecutor.accessTestSuiteMainPhase(TestSuiteExecutor.java:150)
	at com.kms.katalon.core.main.TestSuiteExecutor.execute(TestSuiteExecutor.java:106)
	at com.kms.katalon.core.main.TestCaseMain.startTestSuite(TestCaseMain.java:180)
	at TempTestSuite1742171011514.run(TempTestSuite1742171011514.groovy:35)
	at java.base/jdk.internal.reflect.NativeMethodAccessorImpl.invoke0(Native Method)
	at java.base/jdk.internal.reflect.NativeMethodAccessorImpl.invoke(NativeMethodAccessorImpl.java:77)
	at java.base/jdk.internal.reflect.DelegatingMethodAccessorImpl.invoke(DelegatingMethodAccessorImpl.java:43)
Caused by: com.kms.katalon.core.webui.exception.WebElementNotFoundException: Web element with id: 'Object Repository/Выполнение бизнес-плана/Значения со страницы Выполнение бизнес-плана/Table Data/План Потери за отчётный период 7' located by '(.//*[normalize-space(text()) and normalize-space(.)='Показатели баланса электроэнергии по ДЗО – План'])[2]/following::td[41]' not found
	at com.kms.katalon.core.webui.common.WebUiCommonHelper.findWebElement(WebUiCommonHelper.java:1426)
	at com.kms.katalon.core.webui.keyword.internal.WebUIAbstractKeyword.findWebElement(WebUIAbstractKeyword.groovy:27)
	at com.kms.katalon.core.webui.keyword.internal.WebUIAbstractKeyword.findWebElement(WebUIAbstractKeyword.groovy:26)
	at com.kms.katalon.core.webui.keyword.builtin.GetTextKeyword$_getText_closure1.doCall(GetTextKeyword.groovy:78)
	at com.kms.katalon.core.webui.keyword.builtin.GetTextKeyword$_getText_closure1.call(GetTextKeyword.groovy)
	at com.kms.katalon.core.webui.keyword.internal.WebUIKeywordMain.runKeyword(WebUIKeywordMain.groovy:20)
	at com.kms.katalon.core.webui.keyword.builtin.GetTextKeyword.getText(GetTextKeyword.groovy:88)
	at com.kms.katalon.core.webui.keyword.builtin.GetTextKeyword.execute(GetTextKeyword.groovy:67)
	at com.kms.katalon.core.keyword.internal.KeywordExecutor.executeKeywordForPlatform(KeywordExecutor.groovy:74)
	at com.kms.katalon.core.webui.keyword.WebUiBuiltInKeywords.getText(WebUiBuiltInKeywords.groovy:957)
	at Script1718980020443.Numbers(Script1718980020443.groovy:594)
	at Script1718980020443.run(Script1718980020443.groovy:399)
	... 15 more
)
[[ATTACHMENT|C:\\Users\\LIAZGINA-DI\\git\\SPORU\\Reports\\20250317_032331\\\u041F\u043D-\u0421\u0440-\u041F\u0442\\\u0421\u0432\u0435\u0440\u043A\u0430 \u0434\u0430\u0448\u0431\u043E\u0440\u0434\u043E\u0432 \u0438\u0437 \u0440\u0430\u0437\u043D\u044B\u0445 \u0431\u043B\u043E\u043A\u043E\u0432\\20250317_032331\\1742184637184.png]]

17-03-2025T07:10:37 - [TEST_STEP][PASSED] - if (page == "" || page == null): null

17-03-2025T07:10:37 - [TEST_STEP][PASSED] - fileInt = poteri.toInteger(): null

17-03-2025T07:10:37 - [TEST_STEP][PASSED] - Script1718980020443.WriteToExcelNoData(a, typeOfData, todaysDate, fileInt, fileDouble, dZO): null

17-03-2025T07:10:37 - [TEST_STEP][PASSED] - sheetName = "Sheet1": null

17-03-2025T07:10:37 - [TEST_STEP][PASSED] - data = findTestData("PlanFact"): null

17-03-2025T07:10:37 - [TEST_STEP][PASSED] - n = data.getRowNumbers() + 1: null

17-03-2025T07:10:37 - [TEST_STEP][PASSED] - day = ")).toInteger(): null

17-03-2025T07:10:37 - [TEST_STEP][PASSED] - println(day): null

17-03-2025T07:10:37 - [TEST_STEP][PASSED] - month = ")).toInteger(): null

17-03-2025T07:10:37 - [TEST_STEP][PASSED] - println(month): null

17-03-2025T07:10:37 - [TEST_STEP][PASSED] - y = <not implemented yet for class: org.codehaus.groovy.ast.expr.EmptyExpression>: null

17-03-2025T07:10:37 - [TEST_STEP][PASSED] - iy = <not implemented yet for class: org.codehaus.groovy.ast.expr.EmptyExpression>: null

17-03-2025T07:10:37 - [TEST_STEP][PASSED] - m = getText(findTestObject("Выполнение бизнес-плана/Период")): Text of object 'Object Repository/Выполнение бизнес-плана/Период' is: 'Январь 2025 года'

17-03-2025T07:10:37 - [MESSAGE][PASSED] - Text of object 'Object Repository/Выполнение бизнес-плана/Период' is: 'Январь 2025 года'

17-03-2025T07:10:37 - [TEST_STEP][PASSED] - iy = m.indexOf("20"): null

17-03-2025T07:10:37 - [TEST_STEP][PASSED] - if (iy > -1): null

17-03-2025T07:10:37 - [TEST_STEP][PASSED] - y = substring(iy, iy + 4).toInteger(): null

17-03-2025T07:10:37 - [TEST_STEP][PASSED] - println(y): null

17-03-2025T07:10:37 - [TEST_STEP][PASSED] - if (toString().length() == 4): null

17-03-2025T07:10:37 - [TEST_STEP][PASSED] - m = m.substring(0, m.indexOf(y.toString())): null

17-03-2025T07:10:37 - [TEST_STEP][PASSED] - m = m.trim(): null

17-03-2025T07:10:37 - [TEST_STEP][PASSED] - if (m == ""): null

17-03-2025T07:10:37 - [TEST_STEP][PASSED] - dashboardName = "Выполнение бизнес-плана": null

17-03-2025T07:10:37 - [TEST_STEP][PASSED] - workbook01 = getWorkbook(excelFilePath): null

17-03-2025T07:10:37 - [TEST_STEP][PASSED] - sheet01 = getExcelSheet(workbook01, sheetName): null

17-03-2025T07:10:37 - [TEST_STEP][PASSED] - setValueToCellByIndex(sheet01, n, 0, dashboardName): null

17-03-2025T07:10:37 - [TEST_STEP][PASSED] - setValueToCellByIndex(sheet01, n, 1, dZO): null

17-03-2025T07:10:37 - [TEST_STEP][PASSED] - setValueToCellByIndex(sheet01, n, 2, typeOfData): null

17-03-2025T07:10:37 - [TEST_STEP][PASSED] - if (typeOfData == "Факт в процентах" || typeOfData == "План в процентах"): null

17-03-2025T07:10:37 - [TEST_STEP][PASSED] - else: null

17-03-2025T07:10:37 - [TEST_STEP][PASSED] - setValueToCellByIndex(sheet01, n, 3, fileInt): null

17-03-2025T07:10:37 - [TEST_STEP][PASSED] - setValueToCellByIndex(sheet01, n, 4, "нет данных"): null

17-03-2025T07:10:37 - [TEST_STEP][PASSED] - setValueToCellByIndex(sheet01, n, 5, m): null

17-03-2025T07:10:37 - [TEST_STEP][PASSED] - setValueToCellByIndex(sheet01, n, 6, y): null

17-03-2025T07:10:37 - [TEST_STEP][PASSED] - setValueToCellByIndex(sheet01, n, 7, todaysDate): null

17-03-2025T07:10:37 - [TEST_STEP][PASSED] - n = n + 1: null

17-03-2025T07:10:37 - [TEST_STEP][PASSED] - saveWorkbook(excelFilePath, workbook01): null

17-03-2025T07:10:37 - [TEST_STEP][PASSED] - compare = pageOtpuskVSet: null

17-03-2025T07:10:37 - [TEST_STEP][PASSED] - if (pageOtpuskVSet != null): null

17-03-2025T07:10:37 - [TEST_STEP][PASSED] - if (compare == fileOtpuskVSet): null

17-03-2025T07:10:37 - [TEST_STEP][PASSED] - else if (compare > fileOtpuskVSet): null

17-03-2025T07:10:37 - [TEST_STEP][PASSED] - compare = compare - 1: null

17-03-2025T07:10:37 - [TEST_STEP][PASSED] - if (compare == fileOtpuskVSet): null

17-03-2025T07:10:37 - [TEST_STEP][PASSED] - else: null

17-03-2025T07:10:37 - [TEST_STEP][PASSED] - numberOfErrors = numberOfErrors + 1: null

17-03-2025T07:10:37 - [TEST_STEP][PASSED] - pageInt = pageOtpuskVSet: null

17-03-2025T07:10:37 - [TEST_STEP][PASSED] - fileInt = fileOtpuskVSet: null

17-03-2025T07:10:37 - [TEST_STEP][PASSED] - typeOfData = typeOfDataMain + " Отпуск в сеть": null

17-03-2025T07:10:37 - [TEST_STEP][PASSED] - Script1718980020443.WriteToExcel(a, typeOfData, todaysDate, pageInt, fileInt, pageDouble, fileDouble, dZO): null

17-03-2025T07:10:37 - [TEST_STEP][PASSED] - sheetName = "Sheet1": null

17-03-2025T07:10:37 - [TEST_STEP][PASSED] - data = findTestData("PlanFact"): null

17-03-2025T07:10:37 - [TEST_STEP][PASSED] - n = data.getRowNumbers() + 1: null

17-03-2025T07:10:37 - [TEST_STEP][PASSED] - day = ")).toInteger(): null

17-03-2025T07:10:37 - [TEST_STEP][PASSED] - println(day): null

17-03-2025T07:10:37 - [TEST_STEP][PASSED] - month = ")).toInteger(): null

17-03-2025T07:10:37 - [TEST_STEP][PASSED] - println(month): null

17-03-2025T07:10:37 - [TEST_STEP][PASSED] - y = <not implemented yet for class: org.codehaus.groovy.ast.expr.EmptyExpression>: null

17-03-2025T07:10:37 - [TEST_STEP][PASSED] - iy = <not implemented yet for class: org.codehaus.groovy.ast.expr.EmptyExpression>: null

17-03-2025T07:10:37 - [TEST_STEP][PASSED] - m = getText(findTestObject("Выполнение бизнес-плана/Период")): Text of object 'Object Repository/Выполнение бизнес-плана/Период' is: 'Январь 2025 года'

17-03-2025T07:10:38 - [MESSAGE][PASSED] - Text of object 'Object Repository/Выполнение бизнес-плана/Период' is: 'Январь 2025 года'

17-03-2025T07:10:38 - [TEST_STEP][PASSED] - iy = m.indexOf("20"): null

17-03-2025T07:10:38 - [TEST_STEP][PASSED] - if (iy > -1): null

17-03-2025T07:10:38 - [TEST_STEP][PASSED] - y = substring(iy, iy + 4).toInteger(): null

17-03-2025T07:10:38 - [TEST_STEP][PASSED] - println(y): null

17-03-2025T07:10:38 - [TEST_STEP][PASSED] - if (toString().length() == 4): null

17-03-2025T07:10:38 - [TEST_STEP][PASSED] - m = m.substring(0, m.indexOf(y.toString())): null

17-03-2025T07:10:38 - [TEST_STEP][PASSED] - m = m.trim(): null

17-03-2025T07:10:38 - [TEST_STEP][PASSED] - if (m == ""): null

17-03-2025T07:10:38 - [TEST_STEP][PASSED] - dashboardName = "Выполнение бизнес-плана": null

17-03-2025T07:10:38 - [TEST_STEP][PASSED] - workbook01 = getWorkbook(excelFilePath): null

17-03-2025T07:10:38 - [TEST_STEP][PASSED] - sheet01 = getExcelSheet(workbook01, sheetName): null

17-03-2025T07:10:38 - [TEST_STEP][PASSED] - setValueToCellByIndex(sheet01, n, 0, dashboardName): null

17-03-2025T07:10:38 - [TEST_STEP][PASSED] - setValueToCellByIndex(sheet01, n, 1, dZO): null

17-03-2025T07:10:38 - [TEST_STEP][PASSED] - setValueToCellByIndex(sheet01, n, 2, typeOfData): null

17-03-2025T07:10:38 - [TEST_STEP][PASSED] - if (typeOfData == "Факт в процентах" || typeOfData == "План в процентах"): null

17-03-2025T07:10:38 - [TEST_STEP][PASSED] - else: null

17-03-2025T07:10:38 - [TEST_STEP][PASSED] - setValueToCellByIndex(sheet01, n, 3, fileInt): null

17-03-2025T07:10:38 - [TEST_STEP][PASSED] - setValueToCellByIndex(sheet01, n, 4, pageInt): null

17-03-2025T07:10:38 - [TEST_STEP][PASSED] - setValueToCellByIndex(sheet01, n, 5, m): null

17-03-2025T07:10:38 - [TEST_STEP][PASSED] - setValueToCellByIndex(sheet01, n, 6, y): null

17-03-2025T07:10:38 - [TEST_STEP][PASSED] - setValueToCellByIndex(sheet01, n, 7, todaysDate): null

17-03-2025T07:10:38 - [TEST_STEP][PASSED] - n = n + 1: null

17-03-2025T07:10:38 - [TEST_STEP][PASSED] - saveWorkbook(excelFilePath, workbook01): null

17-03-2025T07:10:38 - [TEST_STEP][PASSED] - compare = pagePoteri: null

17-03-2025T07:10:38 - [TEST_STEP][PASSED] - if (pageOtpuskVSet != null): null

17-03-2025T07:10:38 - [TEST_STEP][PASSED] - if (compare == filePoteri): null

17-03-2025T07:10:38 - [TEST_STEP][PASSED] - else if (compare > filePoteri): null

17-03-2025T07:10:38 - [TEST_STEP][PASSED] - compare = compare - 1: null

17-03-2025T07:10:38 - [TEST_STEP][PASSED] - if (compare == filePoteri): null

17-03-2025T07:10:38 - [TEST_STEP][PASSED] - else: null

17-03-2025T07:10:38 - [TEST_STEP][PASSED] - numberOfErrors = numberOfErrors + 1: null

17-03-2025T07:10:38 - [TEST_STEP][PASSED] - pageInt = pagePoteri: null

17-03-2025T07:10:38 - [TEST_STEP][PASSED] - fileInt = filePoteri: null

17-03-2025T07:10:38 - [TEST_STEP][PASSED] - typeOfData = typeOfDataMain + " Потери": null

17-03-2025T07:10:38 - [TEST_STEP][PASSED] - Script1718980020443.WriteToExcel(a, typeOfData, todaysDate, pageInt, fileInt, pageDouble, fileDouble, dZO): null

17-03-2025T07:10:38 - [TEST_STEP][PASSED] - sheetName = "Sheet1": null

17-03-2025T07:10:38 - [TEST_STEP][PASSED] - data = findTestData("PlanFact"): null

17-03-2025T07:10:38 - [TEST_STEP][PASSED] - n = data.getRowNumbers() + 1: null

17-03-2025T07:10:38 - [TEST_STEP][PASSED] - day = ")).toInteger(): null

17-03-2025T07:10:38 - [TEST_STEP][PASSED] - println(day): null

17-03-2025T07:10:38 - [TEST_STEP][PASSED] - month = ")).toInteger(): null

17-03-2025T07:10:38 - [TEST_STEP][PASSED] - println(month): null

17-03-2025T07:10:38 - [TEST_STEP][PASSED] - y = <not implemented yet for class: org.codehaus.groovy.ast.expr.EmptyExpression>: null

17-03-2025T07:10:38 - [TEST_STEP][PASSED] - iy = <not implemented yet for class: org.codehaus.groovy.ast.expr.EmptyExpression>: null

17-03-2025T07:10:38 - [TEST_STEP][PASSED] - m = getText(findTestObject("Выполнение бизнес-плана/Период")): Text of object 'Object Repository/Выполнение бизнес-плана/Период' is: 'Январь 2025 года'

17-03-2025T07:10:38 - [MESSAGE][PASSED] - Text of object 'Object Repository/Выполнение бизнес-плана/Период' is: 'Январь 2025 года'

17-03-2025T07:10:38 - [TEST_STEP][PASSED] - iy = m.indexOf("20"): null

17-03-2025T07:10:38 - [TEST_STEP][PASSED] - if (iy > -1): null

17-03-2025T07:10:38 - [TEST_STEP][PASSED] - y = substring(iy, iy + 4).toInteger(): null

17-03-2025T07:10:38 - [TEST_STEP][PASSED] - println(y): null

17-03-2025T07:10:38 - [TEST_STEP][PASSED] - if (toString().length() == 4): null

17-03-2025T07:10:38 - [TEST_STEP][PASSED] - m = m.substring(0, m.indexOf(y.toString())): null

17-03-2025T07:10:38 - [TEST_STEP][PASSED] - m = m.trim(): null

17-03-2025T07:10:38 - [TEST_STEP][PASSED] - if (m == ""): null

17-03-2025T07:10:38 - [TEST_STEP][PASSED] - dashboardName = "Выполнение бизнес-плана": null

17-03-2025T07:10:38 - [TEST_STEP][PASSED] - workbook01 = getWorkbook(excelFilePath): null

17-03-2025T07:10:38 - [TEST_STEP][PASSED] - sheet01 = getExcelSheet(workbook01, sheetName): null

17-03-2025T07:10:38 - [TEST_STEP][PASSED] - setValueToCellByIndex(sheet01, n, 0, dashboardName): null

17-03-2025T07:10:38 - [TEST_STEP][PASSED] - setValueToCellByIndex(sheet01, n, 1, dZO): null

17-03-2025T07:10:38 - [TEST_STEP][PASSED] - setValueToCellByIndex(sheet01, n, 2, typeOfData): null

17-03-2025T07:10:38 - [TEST_STEP][PASSED] - if (typeOfData == "Факт в процентах" || typeOfData == "План в процентах"): null

17-03-2025T07:10:38 - [TEST_STEP][PASSED] - else: null

17-03-2025T07:10:38 - [TEST_STEP][PASSED] - setValueToCellByIndex(sheet01, n, 3, fileInt): null

17-03-2025T07:10:38 - [TEST_STEP][PASSED] - setValueToCellByIndex(sheet01, n, 4, pageInt): null

17-03-2025T07:10:38 - [TEST_STEP][PASSED] - setValueToCellByIndex(sheet01, n, 5, m): null

17-03-2025T07:10:38 - [TEST_STEP][PASSED] - setValueToCellByIndex(sheet01, n, 6, y): null

17-03-2025T07:10:38 - [TEST_STEP][PASSED] - setValueToCellByIndex(sheet01, n, 7, todaysDate): null

17-03-2025T07:10:38 - [TEST_STEP][PASSED] - n = n + 1: null

17-03-2025T07:10:38 - [TEST_STEP][PASSED] - saveWorkbook(excelFilePath, workbook01): Object: 'Object Repository/Выполнение бизнес-плана/Кнопка Факт' is clicked on

17-03-2025T07:10:39 - [TEST_STEP][PASSED] - if (planFact == 2): Object: 'Object Repository/Выполнение бизнес-плана/Кнопка Факт' is clicked on

17-03-2025T07:10:39 - [TEST_STEP][PASSED] - click(findTestObject("Выполнение бизнес-плана/Кнопка Факт")): Object: 'Object Repository/Выполнение бизнес-плана/Кнопка Факт' is clicked on

17-03-2025T07:10:39 - [MESSAGE][PASSED] - Object: 'Object Repository/Выполнение бизнес-плана/Кнопка Факт' is clicked on

17-03-2025T07:10:39 - [TEST_STEP][PASSED] - println("a=" + a): null

17-03-2025T07:10:39 - [TEST_STEP][PASSED] - if (a == 84 || a == 82): null

17-03-2025T07:10:39 - [TEST_STEP][PASSED] - else if (a == 83 || a == 52 || a == 72 || a == 28 || a == 73 || a == 77 || a == 74 || a == 65 || a == 36 || a == 44 || a == 53 || a == 80 || a == 54 || a == 1 || a == 18 || a == 59 || a == 81): null

17-03-2025T07:10:39 - [TEST_STEP][PASSED] - page1 = getText(findTestObject("Object Repository/Выполнение бизнес-плана/spanPlan" + dzoNum)): Text of object 'Object Repository/Выполнение бизнес-плана/spanPlan7' is: '10.84
|'

17-03-2025T07:10:39 - [MESSAGE][PASSED] - Text of object 'Object Repository/Выполнение бизнес-плана/spanPlan7' is: '10.84
|'

17-03-2025T07:10:39 - [TEST_STEP][PASSED] - page1 = page1.replace("|", ""): null

17-03-2025T07:10:39 - [TEST_STEP][PASSED] - page2 = getText(findTestObject("Object Repository/Выполнение бизнес-плана/spanFact" + dzoNum)): Text of object 'Object Repository/Выполнение бизнес-плана/spanFact7' is: '9.40'

17-03-2025T07:10:40 - [MESSAGE][PASSED] - Text of object 'Object Repository/Выполнение бизнес-плана/spanFact7' is: '9.40'

17-03-2025T07:10:40 - [TEST_STEP][PASSED] - page2 = page2.replace("|", ""): null

17-03-2025T07:10:40 - [TEST_STEP][PASSED] - println("page1: " + page1): null

17-03-2025T07:10:40 - [TEST_STEP][PASSED] - println("page2: " + page2): null

17-03-2025T07:10:40 - [TEST_STEP][PASSED] - file = findTestData("PlanFact").getValue(4, a): null

17-03-2025T07:10:40 - [TEST_STEP][PASSED] - file = file.replace(",", "."): null

17-03-2025T07:10:40 - [TEST_STEP][PASSED] - println("file Plan: " + file): null

17-03-2025T07:10:40 - [TEST_STEP][PASSED] - typeOfData = "План в процентах": null

17-03-2025T07:10:40 - [TEST_STEP][PASSED] - fileDouble = file.toDouble(): null

17-03-2025T07:10:40 - [TEST_STEP][PASSED] - pageDouble = page1.toDouble(): null

17-03-2025T07:10:40 - [TEST_STEP][PASSED] - if (fileDouble != pageDouble): null

17-03-2025T07:10:40 - [TEST_STEP][PASSED] - numberOfErrors = numberOfErrors + 1: null

17-03-2025T07:10:40 - [TEST_STEP][PASSED] - Script1718980020443.WriteToExcel(a, typeOfData, todaysDate, pageInt, fileInt, pageDouble, fileDouble, dZO): null

17-03-2025T07:10:40 - [TEST_STEP][PASSED] - sheetName = "Sheet1": null

17-03-2025T07:10:40 - [TEST_STEP][PASSED] - data = findTestData("PlanFact"): null

17-03-2025T07:10:40 - [TEST_STEP][PASSED] - n = data.getRowNumbers() + 1: null

17-03-2025T07:10:40 - [TEST_STEP][PASSED] - day = ")).toInteger(): null

17-03-2025T07:10:40 - [TEST_STEP][PASSED] - println(day): null

17-03-2025T07:10:40 - [TEST_STEP][PASSED] - month = ")).toInteger(): null

17-03-2025T07:10:40 - [TEST_STEP][PASSED] - println(month): null

17-03-2025T07:10:40 - [TEST_STEP][PASSED] - y = <not implemented yet for class: org.codehaus.groovy.ast.expr.EmptyExpression>: null

17-03-2025T07:10:40 - [TEST_STEP][PASSED] - iy = <not implemented yet for class: org.codehaus.groovy.ast.expr.EmptyExpression>: null

17-03-2025T07:10:40 - [TEST_STEP][PASSED] - m = getText(findTestObject("Выполнение бизнес-плана/Период")): Text of object 'Object Repository/Выполнение бизнес-плана/Период' is: 'Январь 2025 года'

17-03-2025T07:10:40 - [MESSAGE][PASSED] - Text of object 'Object Repository/Выполнение бизнес-плана/Период' is: 'Январь 2025 года'

17-03-2025T07:10:40 - [TEST_STEP][PASSED] - iy = m.indexOf("20"): null

17-03-2025T07:10:40 - [TEST_STEP][PASSED] - if (iy > -1): null

17-03-2025T07:10:40 - [TEST_STEP][PASSED] - y = substring(iy, iy + 4).toInteger(): null

17-03-2025T07:10:40 - [TEST_STEP][PASSED] - println(y): null

17-03-2025T07:10:40 - [TEST_STEP][PASSED] - if (toString().length() == 4): null

17-03-2025T07:10:40 - [TEST_STEP][PASSED] - m = m.substring(0, m.indexOf(y.toString())): null

17-03-2025T07:10:40 - [TEST_STEP][PASSED] - m = m.trim(): null

17-03-2025T07:10:40 - [TEST_STEP][PASSED] - if (m == ""): null

17-03-2025T07:10:40 - [TEST_STEP][PASSED] - dashboardName = "Выполнение бизнес-плана": null

17-03-2025T07:10:40 - [TEST_STEP][PASSED] - workbook01 = getWorkbook(excelFilePath): null

17-03-2025T07:10:40 - [TEST_STEP][PASSED] - sheet01 = getExcelSheet(workbook01, sheetName): null

17-03-2025T07:10:40 - [TEST_STEP][PASSED] - setValueToCellByIndex(sheet01, n, 0, dashboardName): null

17-03-2025T07:10:40 - [TEST_STEP][PASSED] - setValueToCellByIndex(sheet01, n, 1, dZO): null

17-03-2025T07:10:40 - [TEST_STEP][PASSED] - setValueToCellByIndex(sheet01, n, 2, typeOfData): null

17-03-2025T07:10:40 - [TEST_STEP][PASSED] - if (typeOfData == "Факт в процентах" || typeOfData == "План в процентах"): null

17-03-2025T07:10:40 - [TEST_STEP][PASSED] - setValueToCellByIndex(sheet01, n, 3, fileDouble): null

17-03-2025T07:10:40 - [TEST_STEP][PASSED] - setValueToCellByIndex(sheet01, n, 4, pageDouble): null

17-03-2025T07:10:40 - [TEST_STEP][PASSED] - setValueToCellByIndex(sheet01, n, 5, m): null

17-03-2025T07:10:40 - [TEST_STEP][PASSED] - setValueToCellByIndex(sheet01, n, 6, y): null

17-03-2025T07:10:40 - [TEST_STEP][PASSED] - setValueToCellByIndex(sheet01, n, 7, todaysDate): null

17-03-2025T07:10:40 - [TEST_STEP][PASSED] - n = n + 1: null

17-03-2025T07:10:40 - [TEST_STEP][PASSED] - saveWorkbook(excelFilePath, workbook01): null

17-03-2025T07:10:40 - [TEST_STEP][PASSED] - file = findTestData("PlanFact").getValue(7, a): null

17-03-2025T07:10:40 - [TEST_STEP][PASSED] - file = file.replace(",", "."): null

17-03-2025T07:10:40 - [TEST_STEP][PASSED] - println("file Fact: " + file): null

17-03-2025T07:10:40 - [TEST_STEP][PASSED] - fileDouble = file.toDouble(): null

17-03-2025T07:10:40 - [TEST_STEP][PASSED] - typeOfData = "Факт в процентах": null

17-03-2025T07:10:40 - [TEST_STEP][PASSED] - fileDouble = file.toDouble(): null

17-03-2025T07:10:40 - [TEST_STEP][PASSED] - pageDouble = page2.toDouble(): null

17-03-2025T07:10:40 - [TEST_STEP][PASSED] - if (fileDouble != pageDouble): null

17-03-2025T07:10:40 - [TEST_STEP][PASSED] - numberOfErrors = numberOfErrors + 1: null

17-03-2025T07:10:40 - [TEST_STEP][PASSED] - Script1718980020443.WriteToExcel(a, typeOfData, todaysDate, pageInt, fileInt, pageDouble, fileDouble, dZO): null

17-03-2025T07:10:40 - [TEST_STEP][PASSED] - sheetName = "Sheet1": null

17-03-2025T07:10:40 - [TEST_STEP][PASSED] - data = findTestData("PlanFact"): null

17-03-2025T07:10:40 - [TEST_STEP][PASSED] - n = data.getRowNumbers() + 1: null

17-03-2025T07:10:40 - [TEST_STEP][PASSED] - day = ")).toInteger(): null

17-03-2025T07:10:40 - [TEST_STEP][PASSED] - println(day): null

17-03-2025T07:10:40 - [TEST_STEP][PASSED] - month = ")).toInteger(): null

17-03-2025T07:10:40 - [TEST_STEP][PASSED] - println(month): null

17-03-2025T07:10:40 - [TEST_STEP][PASSED] - y = <not implemented yet for class: org.codehaus.groovy.ast.expr.EmptyExpression>: null

17-03-2025T07:10:40 - [TEST_STEP][PASSED] - iy = <not implemented yet for class: org.codehaus.groovy.ast.expr.EmptyExpression>: null

17-03-2025T07:10:40 - [TEST_STEP][PASSED] - m = getText(findTestObject("Выполнение бизнес-плана/Период")): Text of object 'Object Repository/Выполнение бизнес-плана/Период' is: 'Январь 2025 года'

17-03-2025T07:10:41 - [MESSAGE][PASSED] - Text of object 'Object Repository/Выполнение бизнес-плана/Период' is: 'Январь 2025 года'

17-03-2025T07:10:41 - [TEST_STEP][PASSED] - iy = m.indexOf("20"): null

17-03-2025T07:10:41 - [TEST_STEP][PASSED] - if (iy > -1): null

17-03-2025T07:10:41 - [TEST_STEP][PASSED] - y = substring(iy, iy + 4).toInteger(): null

17-03-2025T07:10:41 - [TEST_STEP][PASSED] - println(y): null

17-03-2025T07:10:41 - [TEST_STEP][PASSED] - if (toString().length() == 4): null

17-03-2025T07:10:41 - [TEST_STEP][PASSED] - m = m.substring(0, m.indexOf(y.toString())): null

17-03-2025T07:10:41 - [TEST_STEP][PASSED] - m = m.trim(): null

17-03-2025T07:10:41 - [TEST_STEP][PASSED] - if (m == ""): null

17-03-2025T07:10:41 - [TEST_STEP][PASSED] - dashboardName = "Выполнение бизнес-плана": null

17-03-2025T07:10:41 - [TEST_STEP][PASSED] - workbook01 = getWorkbook(excelFilePath): null

17-03-2025T07:10:41 - [TEST_STEP][PASSED] - sheet01 = getExcelSheet(workbook01, sheetName): null

17-03-2025T07:10:41 - [TEST_STEP][PASSED] - setValueToCellByIndex(sheet01, n, 0, dashboardName): null

17-03-2025T07:10:41 - [TEST_STEP][PASSED] - setValueToCellByIndex(sheet01, n, 1, dZO): null

17-03-2025T07:10:41 - [TEST_STEP][PASSED] - setValueToCellByIndex(sheet01, n, 2, typeOfData): null

17-03-2025T07:10:41 - [TEST_STEP][PASSED] - if (typeOfData == "Факт в процентах" || typeOfData == "План в процентах"): null

17-03-2025T07:10:41 - [TEST_STEP][PASSED] - setValueToCellByIndex(sheet01, n, 3, fileDouble): null

17-03-2025T07:10:41 - [TEST_STEP][PASSED] - setValueToCellByIndex(sheet01, n, 4, pageDouble): null

17-03-2025T07:10:41 - [TEST_STEP][PASSED] - setValueToCellByIndex(sheet01, n, 5, m): null

17-03-2025T07:10:41 - [TEST_STEP][PASSED] - setValueToCellByIndex(sheet01, n, 6, y): null

17-03-2025T07:10:41 - [TEST_STEP][PASSED] - setValueToCellByIndex(sheet01, n, 7, todaysDate): null

17-03-2025T07:10:41 - [TEST_STEP][PASSED] - n = n + 1: null

17-03-2025T07:10:41 - [TEST_STEP][PASSED] - saveWorkbook(excelFilePath, workbook01): null

17-03-2025T07:10:41 - [TEST_STEP][FAILED] - if (verifyEqual(numberOfErrors, 0) == false): null

17-03-2025T07:10:41 - [MESSAGE][FAILED] - Unable to verify equal between actual object '6' and expected object '0' (Root cause: com.kms.katalon.core.exception.StepFailedException: Actual object '6' and expected object '0' are not equal
	at com.kms.katalon.core.keyword.builtin.VerifyEqualKeyword$_verifyEqual_closure1.doCall(VerifyEqualKeyword.groovy:58)
	at com.kms.katalon.core.keyword.builtin.VerifyEqualKeyword$_verifyEqual_closure1.call(VerifyEqualKeyword.groovy)
	at com.kms.katalon.core.keyword.internal.KeywordMain.runKeyword(KeywordMain.groovy:75)
	at com.kms.katalon.core.keyword.builtin.VerifyEqualKeyword.verifyEqual(VerifyEqualKeyword.groovy:63)
	at com.kms.katalon.core.keyword.builtin.VerifyEqualKeyword.execute(VerifyEqualKeyword.groovy:44)
	at com.kms.katalon.core.keyword.internal.KeywordExecutor.executeKeywordForPlatform(KeywordExecutor.groovy:74)
	at com.kms.katalon.core.keyword.BuiltinKeywords.verifyEqual(BuiltinKeywords.groovy:146)
	at jdk.internal.reflect.GeneratedMethodAccessor23.invoke(Unknown Source)
	at java.base/jdk.internal.reflect.DelegatingMethodAccessorImpl.invoke(DelegatingMethodAccessorImpl.java:43)
	at Выполнение бизнес-плана Сверка ПАО Россети все филиалы.Numbers(Выполнение бизнес-плана Сверка ПАО Россети все филиалы:744)
	at Выполнение бизнес-плана Сверка ПАО Россети все филиалы.run(Выполнение бизнес-плана Сверка ПАО Россети все филиалы:399)
	at com.kms.katalon.core.main.ScriptEngine.run(ScriptEngine.java:194)
	at com.kms.katalon.core.main.ScriptEngine.runScriptAsRawText(ScriptEngine.java:119)
	at com.kms.katalon.core.main.TestCaseExecutor.runScript(TestCaseExecutor.java:448)
	at com.kms.katalon.core.main.TestCaseExecutor.doExecute(TestCaseExecutor.java:439)
	at com.kms.katalon.core.main.TestCaseExecutor.processExecutionPhase(TestCaseExecutor.java:418)
	at com.kms.katalon.core.main.TestCaseExecutor.accessMainPhase(TestCaseExecutor.java:410)
	at com.kms.katalon.core.main.TestCaseExecutor.execute(TestCaseExecutor.java:285)
	at com.kms.katalon.core.common.CommonExecutor.accessTestCaseMainPhase(CommonExecutor.java:65)
	at com.kms.katalon.core.main.TestSuiteExecutor.accessTestSuiteMainPhase(TestSuiteExecutor.java:150)
	at com.kms.katalon.core.main.TestSuiteExecutor.execute(TestSuiteExecutor.java:106)
	at com.kms.katalon.core.main.TestCaseMain.startTestSuite(TestCaseMain.java:180)
	at TempTestSuite1742171011514.run(TempTestSuite1742171011514.groovy:35)
	at java.base/jdk.internal.reflect.NativeMethodAccessorImpl.invoke0(Native Method)
	at java.base/jdk.internal.reflect.NativeMethodAccessorImpl.invoke(NativeMethodAccessorImpl.java:77)
	at java.base/jdk.internal.reflect.DelegatingMethodAccessorImpl.invoke(DelegatingMethodAccessorImpl.java:43)
)

17-03-2025T07:10:41 - [TEST_STEP][PASSED] - println(numberOfErrors): null

17-03-2025T07:10:41 - [TEST_STEP][PASSED] - println("a=" + a): null

17-03-2025T07:10:41 - [TEST_STEP][PASSED] - if (a == 28 || a == 77 || a == 74 || a == 65 || a == 36 || a == 44 || a == 54 || a == 1 || a == 18 || a == 59): null

17-03-2025T07:10:41 - [TEST_STEP][PASSED] - Script1718980020443.Filials(a, typeOfData, todaysDate, pageInt, fileInt, pageDouble, fileDouble, dZO, dzoNum, filialNum): null

17-03-2025T07:10:41 - [TEST_STEP][PASSED] - i = <not implemented yet for class: org.codehaus.groovy.ast.expr.EmptyExpression>: null

17-03-2025T07:10:41 - [TEST_STEP][PASSED] - c = <not implemented yet for class: org.codehaus.groovy.ast.expr.EmptyExpression>: null

17-03-2025T07:10:41 - [TEST_STEP][PASSED] - page = <not implemented yet for class: org.codehaus.groovy.ast.expr.EmptyExpression>: null

17-03-2025T07:10:41 - [TEST_STEP][PASSED] - println(dZO): null

17-03-2025T07:10:41 - [TEST_STEP][PASSED] - reducedDZO = <not implemented yet for class: org.codehaus.groovy.ast.expr.EmptyExpression>: null

17-03-2025T07:10:41 - [TEST_STEP][PASSED] - reducedDZO = dZO.substring(dZO.indexOf(" ") + 1, dZO.length()): null

17-03-2025T07:10:41 - [TEST_STEP][PASSED] - if (reducedDZO.contains(" ")): null

17-03-2025T07:10:41 - [TEST_STEP][PASSED] - println(reducedDZO): null

17-03-2025T07:10:41 - [TEST_STEP][PASSED] - dzoCut = <not implemented yet for class: org.codehaus.groovy.ast.expr.EmptyExpression>: null

17-03-2025T07:10:41 - [TEST_STEP][PASSED] - Script1718980020443.DZO(a): null

17-03-2025T07:10:41 - [TEST_STEP][PASSED] - delay(20): Delayed 20 second(s)

17-03-2025T07:11:01 - [MESSAGE][PASSED] - Delayed 20 second(s)

17-03-2025T07:11:01 - [TEST_STEP][PASSED] - Script1718980020443.OpenFilter(): null

17-03-2025T07:11:01 - [TEST_STEP][PASSED] - click(findTestObject("Object Repository/Выполнение бизнес-плана/Фильтр ДЗО")): Object: 'Object Repository/Выполнение бизнес-плана/Фильтр ДЗО' is clicked on

17-03-2025T07:11:01 - [MESSAGE][PASSED] - Object: 'Object Repository/Выполнение бизнес-плана/Фильтр ДЗО' is clicked on

17-03-2025T07:11:01 - [TEST_STEP][PASSED] - click(findTestObject("Выполнение бизнес-плана/Снять выделение в фильтре ДЗО")): Object: 'Object Repository/Выполнение бизнес-плана/Снять выделение в фильтре ДЗО' is clicked on

17-03-2025T07:11:02 - [MESSAGE][PASSED] - Object: 'Object Repository/Выполнение бизнес-плана/Снять выделение в фильтре ДЗО' is clicked on

17-03-2025T07:11:02 - [TEST_STEP][PASSED] - Script1718980020443.OpenRSK(): null

17-03-2025T07:11:02 - [TEST_STEP][PASSED] - click(findTestObject("Выполнение бизнес-плана/Раскрыть список ПАО Россети в фильтре ДЗО")): Object: 'Object Repository/Выполнение бизнес-плана/Раскрыть список ПАО Россети в фильтре ДЗО' is clicked on

17-03-2025T07:11:02 - [MESSAGE][PASSED] - Object: 'Object Repository/Выполнение бизнес-плана/Раскрыть список ПАО Россети в фильтре ДЗО' is clicked on

17-03-2025T07:11:02 - [TEST_STEP][PASSED] - click(findTestObject("Выполнение бизнес-плана/Раскрыть список РаспредКомплекс в фильтре ДЗО")): Object: 'Object Repository/Выполнение бизнес-плана/Раскрыть список РаспредКомплекс в фильтре ДЗО' is clicked on

17-03-2025T07:11:03 - [MESSAGE][PASSED] - Object: 'Object Repository/Выполнение бизнес-плана/Раскрыть список РаспредКомплекс в фильтре ДЗО' is clicked on

17-03-2025T07:11:03 - [TEST_STEP][PASSED] - if (a == 28): null

17-03-2025T07:11:03 - [TEST_STEP][PASSED] - if (a == 77): null

17-03-2025T07:11:03 - [TEST_STEP][PASSED] - if (a == 74): null

17-03-2025T07:11:03 - [TEST_STEP][PASSED] - if (a == 65): null

17-03-2025T07:11:03 - [TEST_STEP][PASSED] - if (a == 36): null

17-03-2025T07:11:03 - [TEST_STEP][PASSED] - if (a == 44): null

17-03-2025T07:11:03 - [TEST_STEP][PASSED] - if (a == 54): null

17-03-2025T07:11:03 - [TEST_STEP][PASSED] - if (a == 1): null

17-03-2025T07:11:03 - [TEST_STEP][PASSED] - if (a == 18): null

17-03-2025T07:11:03 - [TEST_STEP][PASSED] - if (a == 59): Object: 'Object Repository/Выполнение бизнес-плана/Россети Юг' is clicked on

17-03-2025T07:11:03 - [TEST_STEP][PASSED] - scrollToElement(findTestObject("Общие объекты/Раскрыть список Россети Юг"), 30): Scroll to object 'Object Repository/Общие объекты/Раскрыть список Россети Юг' successfully

17-03-2025T07:11:03 - [MESSAGE][PASSED] - Scroll to object 'Object Repository/Общие объекты/Раскрыть список Россети Юг' successfully

17-03-2025T07:11:03 - [TEST_STEP][PASSED] - click(findTestObject("Выполнение бизнес-плана/Россети Юг")): Object: 'Object Repository/Выполнение бизнес-плана/Россети Юг' is clicked on

17-03-2025T07:11:03 - [MESSAGE][PASSED] - Object: 'Object Repository/Выполнение бизнес-плана/Россети Юг' is clicked on

17-03-2025T07:11:03 - [TEST_STEP][PASSED] - Script1718980020443.CloseFilter(): null

17-03-2025T07:11:03 - [TEST_STEP][PASSED] - scrollToElement(findTestObject("Выполнение бизнес-плана/Заголовок дашборда"), 30): Scroll to object 'Object Repository/Выполнение бизнес-плана/Заголовок дашборда' successfully

17-03-2025T07:11:04 - [MESSAGE][PASSED] - Scroll to object 'Object Repository/Выполнение бизнес-плана/Заголовок дашборда' successfully

17-03-2025T07:11:04 - [TEST_STEP][PASSED] - click(findTestObject("Object Repository/Выполнение бизнес-плана/Применить в фильтре ДЗО")): Object: 'Object Repository/Выполнение бизнес-плана/Применить в фильтре ДЗО' is clicked on

17-03-2025T07:11:05 - [MESSAGE][PASSED] - Object: 'Object Repository/Выполнение бизнес-плана/Применить в фильтре ДЗО' is clicked on

17-03-2025T07:11:05 - [TEST_STEP][PASSED] - delay(20): Delayed 20 second(s)

17-03-2025T07:11:25 - [MESSAGE][PASSED] - Delayed 20 second(s)

17-03-2025T07:11:25 - [TEST_STEP][PASSED] - Script1718980020443.ZakrytOpoveshenie(): null

17-03-2025T07:11:25 - [TEST_STEP][PASSED] - delay(10): Delayed 10 second(s)

17-03-2025T07:11:35 - [MESSAGE][PASSED] - Delayed 10 second(s)

17-03-2025T07:11:35 - [TEST_STEP][PASSED] - opoveshenie = getText(findTestObject("Выполнение бизнес-плана/Просьба обратить внимание")): Text of object 'Object Repository/Выполнение бизнес-плана/Просьба обратить внимание' is: ''

17-03-2025T07:11:35 - [MESSAGE][PASSED] - Text of object 'Object Repository/Выполнение бизнес-плана/Просьба обратить внимание' is: ''

17-03-2025T07:11:35 - [TEST_STEP][PASSED] - println(opoveshenie): null

17-03-2025T07:11:35 - [TEST_STEP][PASSED] - if (opoveshenie == "Просьба обратить внимание"): null

17-03-2025T07:11:35 - [TEST_STEP][PASSED] - page = getText(findTestObject("Object Repository/Выполнение бизнес-плана/Filials")): Text of object 'Object Repository/Выполнение бизнес-плана/Filials' is: 'АО «ВМЭС»
Астраханьэнерго
Волгоградэнерго
Калмэнерго
Ростовэнерго
0
10
20
30
40
50
60
70'

17-03-2025T07:11:35 - [MESSAGE][PASSED] - Text of object 'Object Repository/Выполнение бизнес-плана/Filials' is: 'АО «ВМЭС»
Астраханьэнерго
Волгоградэнерго
Калмэнерго
Ростовэнерго
0
10
20
30
40
50
60
70'

17-03-2025T07:11:35 - [TEST_STEP][PASSED] - println(page): null

17-03-2025T07:11:35 - [TEST_STEP][PASSED] - c = page.indexOf(reducedDZO): null

17-03-2025T07:11:35 - [TEST_STEP][PASSED] - if (c > -1): null

17-03-2025T07:11:35 - [TEST_STEP][PASSED] - x2 = getText(findTestObject("Выполнение бизнес-плана/Список ДЗО старый")): Text of object 'Object Repository/Выполнение бизнес-плана/Список ДЗО старый' is: 'АО «ВМЭС»
Астраханьэнерго
Волгоградэнерго
Калмэнерго
Ростовэнерго
0
10
20
30
40
50
60
70'

17-03-2025T07:11:36 - [MESSAGE][PASSED] - Text of object 'Object Repository/Выполнение бизнес-плана/Список ДЗО старый' is: 'АО «ВМЭС»
Астраханьэнерго
Волгоградэнерго
Калмэнерго
Ростовэнерго
0
10
20
30
40
50
60
70'

17-03-2025T07:11:36 - [TEST_STEP][PASSED] - if (a == 28): null

17-03-2025T07:11:36 - [TEST_STEP][PASSED] - if (a == 77): null

17-03-2025T07:11:36 - [TEST_STEP][PASSED] - if (a == 74): null

17-03-2025T07:11:36 - [TEST_STEP][PASSED] - if (a == 65): null

17-03-2025T07:11:36 - [TEST_STEP][PASSED] - if (a == 1): null

17-03-2025T07:11:36 - [TEST_STEP][PASSED] - if (a == 18): null

17-03-2025T07:11:36 - [TEST_STEP][PASSED] - if (a == 36): null

17-03-2025T07:11:36 - [TEST_STEP][PASSED] - if (a == 44): null

17-03-2025T07:11:36 - [TEST_STEP][PASSED] - if (a == 54): null

17-03-2025T07:11:36 - [TEST_STEP][PASSED] - if (a == 59): null

17-03-2025T07:11:36 - [TEST_STEP][PASSED] - dZO = "АО "ВМЭС"": null

17-03-2025T07:11:36 - [TEST_STEP][PASSED] - a = 64: null

17-03-2025T07:11:36 - [TEST_STEP][PASSED] - i = dZO.length() - 1: null

17-03-2025T07:11:36 - [TEST_STEP][PASSED] - dzoCut = dZO.substring(4, i): null

17-03-2025T07:11:36 - [TEST_STEP][PASSED] - if (x2.contains(dzoCut)): null

17-03-2025T07:11:36 - [TEST_STEP][PASSED] - filialNum = filialNum + 1: null

17-03-2025T07:11:36 - [TEST_STEP][PASSED] - Script1718980020443.Numbers(a, typeOfData, todaysDate, pageInt, fileInt, pageDouble, fileDouble, dZO, dzoNum, filialNum): null

17-03-2025T07:11:36 - [TEST_STEP][PASSED] - println(dzoNum): null

17-03-2025T07:11:36 - [TEST_STEP][PASSED] - planFact = <not implemented yet for class: org.codehaus.groovy.ast.expr.EmptyExpression>: null

17-03-2025T07:11:36 - [TEST_STEP][PASSED] - page = <not implemented yet for class: org.codehaus.groovy.ast.expr.EmptyExpression>: null

17-03-2025T07:11:36 - [TEST_STEP][PASSED] - page1 = <not implemented yet for class: org.codehaus.groovy.ast.expr.EmptyExpression>: null

17-03-2025T07:11:36 - [TEST_STEP][PASSED] - page2 = <not implemented yet for class: org.codehaus.groovy.ast.expr.EmptyExpression>: null

17-03-2025T07:11:36 - [TEST_STEP][PASSED] - filialNumberInRow = <not implemented yet for class: org.codehaus.groovy.ast.expr.EmptyExpression>: null

17-03-2025T07:11:36 - [TEST_STEP][PASSED] - filialsDzoNames = <not implemented yet for class: org.codehaus.groovy.ast.expr.EmptyExpression>: null

17-03-2025T07:11:36 - [TEST_STEP][PASSED] - numberOfFilials = <not implemented yet for class: org.codehaus.groovy.ast.expr.EmptyExpression>: null

17-03-2025T07:11:36 - [TEST_STEP][PASSED] - numberOfSpaces = <not implemented yet for class: org.codehaus.groovy.ast.expr.EmptyExpression>: null

17-03-2025T07:11:36 - [TEST_STEP][PASSED] - file = <not implemented yet for class: org.codehaus.groovy.ast.expr.EmptyExpression>: null

17-03-2025T07:11:36 - [TEST_STEP][PASSED] - otpusk = <not implemented yet for class: org.codehaus.groovy.ast.expr.EmptyExpression>: null

17-03-2025T07:11:36 - [TEST_STEP][PASSED] - poteri = <not implemented yet for class: org.codehaus.groovy.ast.expr.EmptyExpression>: null

17-03-2025T07:11:36 - [TEST_STEP][PASSED] - dataFolder = "Выполнение бизнес-плана/Значения со страницы Выполнение бизнес-плана/": null

17-03-2025T07:11:36 - [TEST_STEP][PASSED] - path = <not implemented yet for class: org.codehaus.groovy.ast.expr.EmptyExpression>: null

17-03-2025T07:11:36 - [TEST_STEP][PASSED] - typeOfDataMain = <not implemented yet for class: org.codehaus.groovy.ast.expr.EmptyExpression>: null

17-03-2025T07:11:36 - [TEST_STEP][PASSED] - fileOtpuskVSet = <not implemented yet for class: org.codehaus.groovy.ast.expr.EmptyExpression>: null

17-03-2025T07:11:36 - [TEST_STEP][PASSED] - pageOtpuskVSet = <not implemented yet for class: org.codehaus.groovy.ast.expr.EmptyExpression>: null

17-03-2025T07:11:36 - [TEST_STEP][PASSED] - filePoteri = <not implemented yet for class: org.codehaus.groovy.ast.expr.EmptyExpression>: null

17-03-2025T07:11:36 - [TEST_STEP][PASSED] - pagePoteri = <not implemented yet for class: org.codehaus.groovy.ast.expr.EmptyExpression>: null

17-03-2025T07:11:36 - [TEST_STEP][PASSED] - compare = <not implemented yet for class: org.codehaus.groovy.ast.expr.EmptyExpression>: null

17-03-2025T07:11:36 - [TEST_STEP][PASSED] - b = <not implemented yet for class: org.codehaus.groovy.ast.expr.EmptyExpression>: null

17-03-2025T07:11:36 - [TEST_STEP][PASSED] - i = <not implemented yet for class: org.codehaus.groovy.ast.expr.EmptyExpression>: null

17-03-2025T07:11:36 - [TEST_STEP][PASSED] - ii = <not implemented yet for class: org.codehaus.groovy.ast.expr.EmptyExpression>: null

17-03-2025T07:11:36 - [TEST_STEP][PASSED] - c = <not implemented yet for class: org.codehaus.groovy.ast.expr.EmptyExpression>: null

17-03-2025T07:11:36 - [TEST_STEP][PASSED] - numberOfErrors = 0: null

17-03-2025T07:11:36 - [TEST_STEP][PASSED] - if (a == 82): null

17-03-2025T07:11:36 - [TEST_STEP][PASSED] - b = findTestData("PlanFact").getValue(1, a): null

17-03-2025T07:11:36 - [TEST_STEP][PASSED] - i = b.indexOf(" (ГК)"): null

17-03-2025T07:11:36 - [TEST_STEP][PASSED] - if (i > -1): null

17-03-2025T07:11:36 - [TEST_STEP][PASSED] - i = b.indexOf("О ""): null

17-03-2025T07:11:36 - [TEST_STEP][PASSED] - if (i > -1): null

17-03-2025T07:11:36 - [TEST_STEP][PASSED] - b = b.substring(i + 3, b.length()): null

17-03-2025T07:11:36 - [TEST_STEP][PASSED] - i = b.indexOf("""): null

17-03-2025T07:11:36 - [TEST_STEP][PASSED] - b = b.substring(0, i): null

17-03-2025T07:11:36 - [TEST_STEP][PASSED] - i = b.indexOf("О «"): null

17-03-2025T07:11:36 - [TEST_STEP][PASSED] - if (i > -1): null

17-03-2025T07:11:36 - [TEST_STEP][PASSED] - i = b.indexOf("г. "): null

17-03-2025T07:11:36 - [TEST_STEP][PASSED] - if (i > -1): null

17-03-2025T07:11:36 - [TEST_STEP][PASSED] - b = b.trim(): null

17-03-2025T07:11:36 - [TEST_STEP][PASSED] - println(b): null

17-03-2025T07:11:36 - [TEST_STEP][PASSED] - for ([planFact = 1, planFact < 3, (planFact++)]): Object: 'Object Repository/Выполнение бизнес-плана/Кнопка Факт' is clicked on

17-03-2025T07:11:36 - [TEST_STEP][PASSED] - if (planFact == 1): null

17-03-2025T07:11:36 - [TEST_STEP][PASSED] - typeOfDataMain = "Факт": null

17-03-2025T07:11:36 - [TEST_STEP][PASSED] - otpusk = findTestData("PlanFact").getValue(5, a): null

17-03-2025T07:11:36 - [TEST_STEP][PASSED] - poteri = findTestData("PlanFact").getValue(6, a): null

17-03-2025T07:11:36 - [TEST_STEP][PASSED] - otpusk = otpusk.replaceAll("\s+", ""): null

17-03-2025T07:11:36 - [TEST_STEP][PASSED] - poteri = poteri.replaceAll("\s+", ""): null

17-03-2025T07:11:36 - [TEST_STEP][PASSED] - typeOfData = typeOfDataMain + " Отпуск в сеть": null

17-03-2025T07:11:36 - [TEST_STEP][PASSED] - if (a == 82): null

17-03-2025T07:11:36 - [TEST_STEP][PASSED] - else if (a == 84): null

17-03-2025T07:11:36 - [TEST_STEP][PASSED] - else if (a == 83 || a == 52 || a == 72 || a == 28 || a == 73 || a == 77 || a == 74 || a == 65 || a == 36 || a == 44 || a == 53 || a == 80 || a == 54 || a == 1 || a == 18 || a == 59 || a == 81): null

17-03-2025T07:11:36 - [TEST_STEP][PASSED] - else: null

17-03-2025T07:11:36 - [TEST_STEP][PASSED] - path = dataFolder + typeOfData + " за отчётный период " + b: null

17-03-2025T07:11:36 - [TEST_STEP][PASSED] - println(path): null

17-03-2025T07:11:36 - [TEST_STEP][PASSED] - page = getText(findTestObject(path)): Text of object 'Object Repository/Выполнение бизнес-плана/Значения со страницы Выполнение бизнес-плана/Факт Отпуск в сеть за отчётный период ВМЭС' is: '204 505'

17-03-2025T07:11:36 - [MESSAGE][PASSED] - Text of object 'Object Repository/Выполнение бизнес-плана/Значения со страницы Выполнение бизнес-плана/Факт Отпуск в сеть за отчётный период ВМЭС' is: '204 505'

17-03-2025T07:11:36 - [TEST_STEP][PASSED] - if (page == "" || page == null): null

17-03-2025T07:11:36 - [TEST_STEP][PASSED] - else: null

17-03-2025T07:11:36 - [TEST_STEP][PASSED] - page = page.replaceAll("\s+", ""): null

17-03-2025T07:11:36 - [TEST_STEP][PASSED] - if (page == "undefined"): null

17-03-2025T07:11:36 - [TEST_STEP][PASSED] - fileOtpuskVSet = otpusk.toInteger(): null

17-03-2025T07:11:36 - [TEST_STEP][PASSED] - pageOtpuskVSet = page.toInteger(): null

17-03-2025T07:11:36 - [TEST_STEP][PASSED] - typeOfData = typeOfDataMain + " Потери": null

17-03-2025T07:11:36 - [TEST_STEP][PASSED] - if (a == 82): null

17-03-2025T07:11:36 - [TEST_STEP][PASSED] - else if (a == 84): null

17-03-2025T07:11:36 - [TEST_STEP][PASSED] - else if (a == 83 || a == 52 || a == 72 || a == 28 || a == 73 || a == 77 || a == 74 || a == 65 || a == 44 || a == 53 || a == 80 || a == 54 || a == 1 || a == 18 || a == 59 || a == 81): null

17-03-2025T07:11:36 - [TEST_STEP][PASSED] - else: null

17-03-2025T07:11:36 - [TEST_STEP][PASSED] - path = dataFolder + typeOfData + " за отчётный период " + b: null

17-03-2025T07:11:36 - [TEST_STEP][PASSED] - page = getText(findTestObject(path)): Text of object 'Object Repository/Выполнение бизнес-плана/Значения со страницы Выполнение бизнес-плана/Факт Потери за отчётный период ВМЭС' is: '27 093'

17-03-2025T07:11:36 - [MESSAGE][PASSED] - Text of object 'Object Repository/Выполнение бизнес-плана/Значения со страницы Выполнение бизнес-плана/Факт Потери за отчётный период ВМЭС' is: '27 093'

17-03-2025T07:11:36 - [TEST_STEP][PASSED] - if (page == "" || page == null): null

17-03-2025T07:11:36 - [TEST_STEP][PASSED] - else: null

17-03-2025T07:11:36 - [TEST_STEP][PASSED] - page = page.replaceAll("\s+", ""): null

17-03-2025T07:11:36 - [TEST_STEP][PASSED] - if (page == "undefined"): null

17-03-2025T07:11:36 - [TEST_STEP][PASSED] - filePoteri = poteri.toInteger(): null

17-03-2025T07:11:36 - [TEST_STEP][PASSED] - pagePoteri = page.toInteger(): null

17-03-2025T07:11:36 - [TEST_STEP][PASSED] - compare = pageOtpuskVSet: null

17-03-2025T07:11:36 - [TEST_STEP][PASSED] - if (pageOtpuskVSet != null): null

17-03-2025T07:11:36 - [TEST_STEP][PASSED] - if (compare == fileOtpuskVSet): null

17-03-2025T07:11:36 - [TEST_STEP][PASSED] - if (compare == fileOtpuskVSet): null

17-03-2025T07:11:36 - [TEST_STEP][PASSED] - compare = pagePoteri: null

17-03-2025T07:11:36 - [TEST_STEP][PASSED] - if (pageOtpuskVSet != null): null

17-03-2025T07:11:36 - [TEST_STEP][PASSED] - if (compare == filePoteri): null

17-03-2025T07:11:36 - [TEST_STEP][PASSED] - if (compare == filePoteri): null

17-03-2025T07:11:36 - [TEST_STEP][PASSED] - if (planFact == 2): null

17-03-2025T07:11:36 - [TEST_STEP][PASSED] - if (planFact == 1): null

17-03-2025T07:11:36 - [TEST_STEP][PASSED] - else if (planFact == 2): null

17-03-2025T07:11:36 - [TEST_STEP][PASSED] - click(findTestObject("Выполнение бизнес-плана/Кнопка План")): Object: 'Object Repository/Выполнение бизнес-плана/Кнопка План' is clicked on

17-03-2025T07:11:37 - [MESSAGE][PASSED] - Object: 'Object Repository/Выполнение бизнес-плана/Кнопка План' is clicked on

17-03-2025T07:11:37 - [TEST_STEP][PASSED] - typeOfDataMain = "План": null

17-03-2025T07:11:37 - [TEST_STEP][PASSED] - otpusk = findTestData("PlanFact").getValue(2, a): null

17-03-2025T07:11:37 - [TEST_STEP][PASSED] - poteri = findTestData("PlanFact").getValue(3, a): null

17-03-2025T07:11:37 - [TEST_STEP][PASSED] - otpusk = otpusk.replaceAll("\s+", ""): null

17-03-2025T07:11:37 - [TEST_STEP][PASSED] - poteri = poteri.replaceAll("\s+", ""): null

17-03-2025T07:11:37 - [TEST_STEP][PASSED] - typeOfData = typeOfDataMain + " Отпуск в сеть": null

17-03-2025T07:11:37 - [TEST_STEP][PASSED] - if (a == 82): null

17-03-2025T07:11:37 - [TEST_STEP][PASSED] - else if (a == 84): null

17-03-2025T07:11:37 - [TEST_STEP][PASSED] - else if (a == 83 || a == 52 || a == 72 || a == 28 || a == 73 || a == 77 || a == 74 || a == 65 || a == 36 || a == 44 || a == 53 || a == 80 || a == 54 || a == 1 || a == 18 || a == 59 || a == 81): null

17-03-2025T07:11:37 - [TEST_STEP][PASSED] - else: null

17-03-2025T07:11:37 - [TEST_STEP][PASSED] - path = dataFolder + typeOfData + " за отчётный период " + b: null

17-03-2025T07:11:37 - [TEST_STEP][PASSED] - println(path): null

17-03-2025T07:11:37 - [TEST_STEP][PASSED] - page = getText(findTestObject(path)): Text of object 'Object Repository/Выполнение бизнес-плана/Значения со страницы Выполнение бизнес-плана/План Отпуск в сеть за отчётный период ВМЭС' is: '222 588'

17-03-2025T07:11:37 - [MESSAGE][PASSED] - Text of object 'Object Repository/Выполнение бизнес-плана/Значения со страницы Выполнение бизнес-плана/План Отпуск в сеть за отчётный период ВМЭС' is: '222 588'

17-03-2025T07:11:37 - [TEST_STEP][PASSED] - if (page == "" || page == null): null

17-03-2025T07:11:37 - [TEST_STEP][PASSED] - else: null

17-03-2025T07:11:37 - [TEST_STEP][PASSED] - page = page.replaceAll("\s+", ""): null

17-03-2025T07:11:37 - [TEST_STEP][PASSED] - if (page == "undefined"): null

17-03-2025T07:11:37 - [TEST_STEP][PASSED] - fileOtpuskVSet = otpusk.toInteger(): null

17-03-2025T07:11:37 - [TEST_STEP][PASSED] - pageOtpuskVSet = page.toInteger(): null

17-03-2025T07:11:37 - [TEST_STEP][PASSED] - typeOfData = typeOfDataMain + " Потери": null

17-03-2025T07:11:37 - [TEST_STEP][PASSED] - if (a == 82): null

17-03-2025T07:11:37 - [TEST_STEP][PASSED] - else if (a == 84): null

17-03-2025T07:11:37 - [TEST_STEP][PASSED] - else if (a == 83 || a == 52 || a == 72 || a == 28 || a == 73 || a == 77 || a == 74 || a == 65 || a == 44 || a == 53 || a == 80 || a == 54 || a == 1 || a == 18 || a == 59 || a == 81): null

17-03-2025T07:11:37 - [TEST_STEP][PASSED] - else: null

17-03-2025T07:11:37 - [TEST_STEP][PASSED] - path = dataFolder + typeOfData + " за отчётный период " + b: null

17-03-2025T07:11:37 - [TEST_STEP][PASSED] - page = getText(findTestObject(path)): Text of object 'Object Repository/Выполнение бизнес-плана/Значения со страницы Выполнение бизнес-плана/План Потери за отчётный период ВМЭС' is: '38 831'

17-03-2025T07:11:38 - [MESSAGE][PASSED] - Text of object 'Object Repository/Выполнение бизнес-плана/Значения со страницы Выполнение бизнес-плана/План Потери за отчётный период ВМЭС' is: '38 831'

17-03-2025T07:11:38 - [TEST_STEP][PASSED] - if (page == "" || page == null): null

17-03-2025T07:11:38 - [TEST_STEP][PASSED] - else: null

17-03-2025T07:11:38 - [TEST_STEP][PASSED] - page = page.replaceAll("\s+", ""): null

17-03-2025T07:11:38 - [TEST_STEP][PASSED] - if (page == "undefined"): null

17-03-2025T07:11:38 - [TEST_STEP][PASSED] - filePoteri = poteri.toInteger(): null

17-03-2025T07:11:38 - [TEST_STEP][PASSED] - pagePoteri = page.toInteger(): null

17-03-2025T07:11:38 - [TEST_STEP][PASSED] - compare = pageOtpuskVSet: null

17-03-2025T07:11:38 - [TEST_STEP][PASSED] - if (pageOtpuskVSet != null): null

17-03-2025T07:11:38 - [TEST_STEP][PASSED] - if (compare == fileOtpuskVSet): null

17-03-2025T07:11:38 - [TEST_STEP][PASSED] - if (compare == fileOtpuskVSet): null

17-03-2025T07:11:38 - [TEST_STEP][PASSED] - compare = pagePoteri: null

17-03-2025T07:11:38 - [TEST_STEP][PASSED] - if (pageOtpuskVSet != null): null

17-03-2025T07:11:38 - [TEST_STEP][PASSED] - if (compare == filePoteri): null

17-03-2025T07:11:38 - [TEST_STEP][PASSED] - if (compare == filePoteri): null

17-03-2025T07:11:38 - [TEST_STEP][PASSED] - if (planFact == 2): Object: 'Object Repository/Выполнение бизнес-плана/Кнопка Факт' is clicked on

17-03-2025T07:11:38 - [TEST_STEP][PASSED] - click(findTestObject("Выполнение бизнес-плана/Кнопка Факт")): Object: 'Object Repository/Выполнение бизнес-плана/Кнопка Факт' is clicked on

17-03-2025T07:11:38 - [MESSAGE][PASSED] - Object: 'Object Repository/Выполнение бизнес-плана/Кнопка Факт' is clicked on

17-03-2025T07:11:38 - [TEST_STEP][PASSED] - println("a=" + a): null

17-03-2025T07:11:38 - [TEST_STEP][PASSED] - if (a == 84 || a == 82): null

17-03-2025T07:11:38 - [TEST_STEP][PASSED] - else if (a == 83 || a == 52 || a == 72 || a == 28 || a == 73 || a == 77 || a == 74 || a == 65 || a == 36 || a == 44 || a == 53 || a == 80 || a == 54 || a == 1 || a == 18 || a == 59 || a == 81): null

17-03-2025T07:11:38 - [TEST_STEP][PASSED] - else: null

17-03-2025T07:11:38 - [TEST_STEP][PASSED] - page1 = getText(findTestObject("Object Repository/Выполнение бизнес-плана/spanPlan" + filialNum)): Text of object 'Object Repository/Выполнение бизнес-плана/spanPlan1' is: '17.45
|'

17-03-2025T07:11:38 - [MESSAGE][PASSED] - Text of object 'Object Repository/Выполнение бизнес-плана/spanPlan1' is: '17.45
|'

17-03-2025T07:11:38 - [TEST_STEP][PASSED] - page1 = page1.replace("|", ""): null

17-03-2025T07:11:38 - [TEST_STEP][PASSED] - page2 = getText(findTestObject("Object Repository/Выполнение бизнес-плана/spanFact" + filialNum)): Text of object 'Object Repository/Выполнение бизнес-плана/spanFact1' is: '13.25
|'

17-03-2025T07:11:38 - [MESSAGE][PASSED] - Text of object 'Object Repository/Выполнение бизнес-плана/spanFact1' is: '13.25
|'

17-03-2025T07:11:38 - [TEST_STEP][PASSED] - page2 = page2.replace("|", ""): null

17-03-2025T07:11:38 - [TEST_STEP][PASSED] - println("page1: " + page1): null

17-03-2025T07:11:38 - [TEST_STEP][PASSED] - println("page2: " + page2): null

17-03-2025T07:11:38 - [TEST_STEP][PASSED] - file = findTestData("PlanFact").getValue(4, a): null

17-03-2025T07:11:38 - [TEST_STEP][PASSED] - file = file.replace(",", "."): null

17-03-2025T07:11:38 - [TEST_STEP][PASSED] - println("file Plan: " + file): null

17-03-2025T07:11:38 - [TEST_STEP][PASSED] - typeOfData = "План в процентах": null

17-03-2025T07:11:38 - [TEST_STEP][PASSED] - fileDouble = file.toDouble(): null

17-03-2025T07:11:38 - [TEST_STEP][PASSED] - pageDouble = page1.toDouble(): null

17-03-2025T07:11:38 - [TEST_STEP][PASSED] - if (fileDouble != pageDouble): null

17-03-2025T07:11:38 - [TEST_STEP][PASSED] - file = findTestData("PlanFact").getValue(7, a): null

17-03-2025T07:11:39 - [TEST_STEP][PASSED] - file = file.replace(",", "."): null

17-03-2025T07:11:39 - [TEST_STEP][PASSED] - println("file Fact: " + file): null

17-03-2025T07:11:39 - [TEST_STEP][PASSED] - fileDouble = file.toDouble(): null

17-03-2025T07:11:39 - [TEST_STEP][PASSED] - typeOfData = "Факт в процентах": null

17-03-2025T07:11:39 - [TEST_STEP][PASSED] - fileDouble = file.toDouble(): null

17-03-2025T07:11:39 - [TEST_STEP][PASSED] - pageDouble = page2.toDouble(): null

17-03-2025T07:11:39 - [TEST_STEP][PASSED] - if (fileDouble != pageDouble): null

17-03-2025T07:11:39 - [TEST_STEP][PASSED] - if (verifyEqual(numberOfErrors, 0) == false): Actual object '0' and expected object '0' are equal

17-03-2025T07:11:39 - [MESSAGE][PASSED] - Actual object '0' and expected object '0' are equal

17-03-2025T07:11:39 - [TEST_STEP][PASSED] - if (a == 82): null

17-03-2025T07:11:39 - [TEST_STEP][PASSED] - dZO = "Астраханьэнерго": null

17-03-2025T07:11:39 - [TEST_STEP][PASSED] - a = 60: null

17-03-2025T07:11:39 - [TEST_STEP][PASSED] - if (x2.contains(dZO)): null

17-03-2025T07:11:39 - [TEST_STEP][PASSED] - filialNum = filialNum + 1: null

17-03-2025T07:11:39 - [TEST_STEP][PASSED] - Script1718980020443.Numbers(a, typeOfData, todaysDate, pageInt, fileInt, pageDouble, fileDouble, dZO, dzoNum, filialNum): null

17-03-2025T07:11:39 - [TEST_STEP][PASSED] - println(dzoNum): null

17-03-2025T07:11:39 - [TEST_STEP][PASSED] - planFact = <not implemented yet for class: org.codehaus.groovy.ast.expr.EmptyExpression>: null

17-03-2025T07:11:39 - [TEST_STEP][PASSED] - page = <not implemented yet for class: org.codehaus.groovy.ast.expr.EmptyExpression>: null

17-03-2025T07:11:39 - [TEST_STEP][PASSED] - page1 = <not implemented yet for class: org.codehaus.groovy.ast.expr.EmptyExpression>: null

17-03-2025T07:11:39 - [TEST_STEP][PASSED] - page2 = <not implemented yet for class: org.codehaus.groovy.ast.expr.EmptyExpression>: null

17-03-2025T07:11:39 - [TEST_STEP][PASSED] - filialNumberInRow = <not implemented yet for class: org.codehaus.groovy.ast.expr.EmptyExpression>: null

17-03-2025T07:11:39 - [TEST_STEP][PASSED] - filialsDzoNames = <not implemented yet for class: org.codehaus.groovy.ast.expr.EmptyExpression>: null

17-03-2025T07:11:39 - [TEST_STEP][PASSED] - numberOfFilials = <not implemented yet for class: org.codehaus.groovy.ast.expr.EmptyExpression>: null

17-03-2025T07:11:39 - [TEST_STEP][PASSED] - numberOfSpaces = <not implemented yet for class: org.codehaus.groovy.ast.expr.EmptyExpression>: null

17-03-2025T07:11:39 - [TEST_STEP][PASSED] - file = <not implemented yet for class: org.codehaus.groovy.ast.expr.EmptyExpression>: null

17-03-2025T07:11:39 - [TEST_STEP][PASSED] - otpusk = <not implemented yet for class: org.codehaus.groovy.ast.expr.EmptyExpression>: null

17-03-2025T07:11:39 - [TEST_STEP][PASSED] - poteri = <not implemented yet for class: org.codehaus.groovy.ast.expr.EmptyExpression>: null

17-03-2025T07:11:39 - [TEST_STEP][PASSED] - dataFolder = "Выполнение бизнес-плана/Значения со страницы Выполнение бизнес-плана/": null

17-03-2025T07:11:39 - [TEST_STEP][PASSED] - path = <not implemented yet for class: org.codehaus.groovy.ast.expr.EmptyExpression>: null

17-03-2025T07:11:39 - [TEST_STEP][PASSED] - typeOfDataMain = <not implemented yet for class: org.codehaus.groovy.ast.expr.EmptyExpression>: null

17-03-2025T07:11:39 - [TEST_STEP][PASSED] - fileOtpuskVSet = <not implemented yet for class: org.codehaus.groovy.ast.expr.EmptyExpression>: null

17-03-2025T07:11:39 - [TEST_STEP][PASSED] - pageOtpuskVSet = <not implemented yet for class: org.codehaus.groovy.ast.expr.EmptyExpression>: null

17-03-2025T07:11:39 - [TEST_STEP][PASSED] - filePoteri = <not implemented yet for class: org.codehaus.groovy.ast.expr.EmptyExpression>: null

17-03-2025T07:11:39 - [TEST_STEP][PASSED] - pagePoteri = <not implemented yet for class: org.codehaus.groovy.ast.expr.EmptyExpression>: null

17-03-2025T07:11:39 - [TEST_STEP][PASSED] - compare = <not implemented yet for class: org.codehaus.groovy.ast.expr.EmptyExpression>: null

17-03-2025T07:11:39 - [TEST_STEP][PASSED] - b = <not implemented yet for class: org.codehaus.groovy.ast.expr.EmptyExpression>: null

17-03-2025T07:11:39 - [TEST_STEP][PASSED] - i = <not implemented yet for class: org.codehaus.groovy.ast.expr.EmptyExpression>: null

17-03-2025T07:11:39 - [TEST_STEP][PASSED] - ii = <not implemented yet for class: org.codehaus.groovy.ast.expr.EmptyExpression>: null

17-03-2025T07:11:39 - [TEST_STEP][PASSED] - c = <not implemented yet for class: org.codehaus.groovy.ast.expr.EmptyExpression>: null

17-03-2025T07:11:39 - [TEST_STEP][PASSED] - numberOfErrors = 0: null

17-03-2025T07:11:39 - [TEST_STEP][PASSED] - if (a == 82): null

17-03-2025T07:11:39 - [TEST_STEP][PASSED] - b = findTestData("PlanFact").getValue(1, a): null

17-03-2025T07:11:39 - [TEST_STEP][PASSED] - i = b.indexOf(" (ГК)"): null

17-03-2025T07:11:39 - [TEST_STEP][PASSED] - if (i > -1): null

17-03-2025T07:11:39 - [TEST_STEP][PASSED] - i = b.indexOf("О ""): null

17-03-2025T07:11:39 - [TEST_STEP][PASSED] - if (i > -1): null

17-03-2025T07:11:39 - [TEST_STEP][PASSED] - i = b.indexOf("О «"): null

17-03-2025T07:11:39 - [TEST_STEP][PASSED] - if (i > -1): null

17-03-2025T07:11:39 - [TEST_STEP][PASSED] - i = b.indexOf("г. "): null

17-03-2025T07:11:39 - [TEST_STEP][PASSED] - if (i > -1): null

17-03-2025T07:11:39 - [TEST_STEP][PASSED] - b = b.trim(): null

17-03-2025T07:11:39 - [TEST_STEP][PASSED] - println(b): null

17-03-2025T07:11:39 - [TEST_STEP][PASSED] - for ([planFact = 1, planFact < 3, (planFact++)]): Object: 'Object Repository/Выполнение бизнес-плана/Кнопка Факт' is clicked on

17-03-2025T07:11:39 - [TEST_STEP][PASSED] - if (planFact == 1): null

17-03-2025T07:11:39 - [TEST_STEP][PASSED] - typeOfDataMain = "Факт": null

17-03-2025T07:11:39 - [TEST_STEP][PASSED] - otpusk = findTestData("PlanFact").getValue(5, a): null

17-03-2025T07:11:39 - [TEST_STEP][PASSED] - poteri = findTestData("PlanFact").getValue(6, a): null

17-03-2025T07:11:39 - [TEST_STEP][PASSED] - otpusk = otpusk.replaceAll("\s+", ""): null

17-03-2025T07:11:39 - [TEST_STEP][PASSED] - poteri = poteri.replaceAll("\s+", ""): null

17-03-2025T07:11:39 - [TEST_STEP][PASSED] - typeOfData = typeOfDataMain + " Отпуск в сеть": null

17-03-2025T07:11:39 - [TEST_STEP][PASSED] - if (a == 82): null

17-03-2025T07:11:39 - [TEST_STEP][PASSED] - else if (a == 84): null

17-03-2025T07:11:39 - [TEST_STEP][PASSED] - else if (a == 83 || a == 52 || a == 72 || a == 28 || a == 73 || a == 77 || a == 74 || a == 65 || a == 36 || a == 44 || a == 53 || a == 80 || a == 54 || a == 1 || a == 18 || a == 59 || a == 81): null

17-03-2025T07:11:39 - [TEST_STEP][PASSED] - else: null

17-03-2025T07:11:39 - [TEST_STEP][PASSED] - path = dataFolder + typeOfData + " за отчётный период " + b: null

17-03-2025T07:11:39 - [TEST_STEP][PASSED] - println(path): null

17-03-2025T07:11:39 - [TEST_STEP][PASSED] - page = getText(findTestObject(path)): Text of object 'Object Repository/Выполнение бизнес-плана/Значения со страницы Выполнение бизнес-плана/Факт Отпуск в сеть за отчётный период Астраханьэнерго' is: '312 576'

17-03-2025T07:11:39 - [MESSAGE][PASSED] - Text of object 'Object Repository/Выполнение бизнес-плана/Значения со страницы Выполнение бизнес-плана/Факт Отпуск в сеть за отчётный период Астраханьэнерго' is: '312 576'

17-03-2025T07:11:39 - [TEST_STEP][PASSED] - if (page == "" || page == null): null

17-03-2025T07:11:39 - [TEST_STEP][PASSED] - else: null

17-03-2025T07:11:39 - [TEST_STEP][PASSED] - page = page.replaceAll("\s+", ""): null

17-03-2025T07:11:39 - [TEST_STEP][PASSED] - if (page == "undefined"): null

17-03-2025T07:11:39 - [TEST_STEP][PASSED] - fileOtpuskVSet = otpusk.toInteger(): null

17-03-2025T07:11:39 - [TEST_STEP][PASSED] - pageOtpuskVSet = page.toInteger(): null

17-03-2025T07:11:39 - [TEST_STEP][PASSED] - typeOfData = typeOfDataMain + " Потери": null

17-03-2025T07:11:39 - [TEST_STEP][PASSED] - if (a == 82): null

17-03-2025T07:11:39 - [TEST_STEP][PASSED] - else if (a == 84): null

17-03-2025T07:11:39 - [TEST_STEP][PASSED] - else if (a == 83 || a == 52 || a == 72 || a == 28 || a == 73 || a == 77 || a == 74 || a == 65 || a == 44 || a == 53 || a == 80 || a == 54 || a == 1 || a == 18 || a == 59 || a == 81): null

17-03-2025T07:11:39 - [TEST_STEP][PASSED] - else: null

17-03-2025T07:11:39 - [TEST_STEP][PASSED] - path = dataFolder + typeOfData + " за отчётный период " + b: null

17-03-2025T07:11:39 - [TEST_STEP][PASSED] - page = getText(findTestObject(path)): Text of object 'Object Repository/Выполнение бизнес-плана/Значения со страницы Выполнение бизнес-плана/Факт Потери за отчётный период Астраханьэнерго' is: '55 661'

17-03-2025T07:11:39 - [MESSAGE][PASSED] - Text of object 'Object Repository/Выполнение бизнес-плана/Значения со страницы Выполнение бизнес-плана/Факт Потери за отчётный период Астраханьэнерго' is: '55 661'

17-03-2025T07:11:39 - [TEST_STEP][PASSED] - if (page == "" || page == null): null

17-03-2025T07:11:39 - [TEST_STEP][PASSED] - else: null

17-03-2025T07:11:39 - [TEST_STEP][PASSED] - page = page.replaceAll("\s+", ""): null

17-03-2025T07:11:39 - [TEST_STEP][PASSED] - if (page == "undefined"): null

17-03-2025T07:11:39 - [TEST_STEP][PASSED] - filePoteri = poteri.toInteger(): null

17-03-2025T07:11:39 - [TEST_STEP][PASSED] - pagePoteri = page.toInteger(): null

17-03-2025T07:11:39 - [TEST_STEP][PASSED] - compare = pageOtpuskVSet: null

17-03-2025T07:11:39 - [TEST_STEP][PASSED] - if (pageOtpuskVSet != null): null

17-03-2025T07:11:39 - [TEST_STEP][PASSED] - if (compare == fileOtpuskVSet): null

17-03-2025T07:11:39 - [TEST_STEP][PASSED] - if (compare == fileOtpuskVSet): null

17-03-2025T07:11:39 - [TEST_STEP][PASSED] - compare = pagePoteri: null

17-03-2025T07:11:39 - [TEST_STEP][PASSED] - if (pageOtpuskVSet != null): null

17-03-2025T07:11:39 - [TEST_STEP][PASSED] - if (compare == filePoteri): null

17-03-2025T07:11:39 - [TEST_STEP][PASSED] - if (compare == filePoteri): null

17-03-2025T07:11:39 - [TEST_STEP][PASSED] - if (planFact == 2): null

17-03-2025T07:11:39 - [TEST_STEP][PASSED] - if (planFact == 1): null

17-03-2025T07:11:39 - [TEST_STEP][PASSED] - else if (planFact == 2): null

17-03-2025T07:11:39 - [TEST_STEP][PASSED] - click(findTestObject("Выполнение бизнес-плана/Кнопка План")): Object: 'Object Repository/Выполнение бизнес-плана/Кнопка План' is clicked on

17-03-2025T07:11:40 - [MESSAGE][PASSED] - Object: 'Object Repository/Выполнение бизнес-плана/Кнопка План' is clicked on

17-03-2025T07:11:40 - [TEST_STEP][PASSED] - typeOfDataMain = "План": null

17-03-2025T07:11:40 - [TEST_STEP][PASSED] - otpusk = findTestData("PlanFact").getValue(2, a): null

17-03-2025T07:11:40 - [TEST_STEP][PASSED] - poteri = findTestData("PlanFact").getValue(3, a): null

17-03-2025T07:11:40 - [TEST_STEP][PASSED] - otpusk = otpusk.replaceAll("\s+", ""): null

17-03-2025T07:11:40 - [TEST_STEP][PASSED] - poteri = poteri.replaceAll("\s+", ""): null

17-03-2025T07:11:40 - [TEST_STEP][PASSED] - typeOfData = typeOfDataMain + " Отпуск в сеть": null

17-03-2025T07:11:40 - [TEST_STEP][PASSED] - if (a == 82): null

17-03-2025T07:11:40 - [TEST_STEP][PASSED] - else if (a == 84): null

17-03-2025T07:11:40 - [TEST_STEP][PASSED] - else if (a == 83 || a == 52 || a == 72 || a == 28 || a == 73 || a == 77 || a == 74 || a == 65 || a == 36 || a == 44 || a == 53 || a == 80 || a == 54 || a == 1 || a == 18 || a == 59 || a == 81): null

17-03-2025T07:11:40 - [TEST_STEP][PASSED] - else: null

17-03-2025T07:11:40 - [TEST_STEP][PASSED] - path = dataFolder + typeOfData + " за отчётный период " + b: null

17-03-2025T07:11:40 - [TEST_STEP][PASSED] - println(path): null

17-03-2025T07:11:40 - [TEST_STEP][PASSED] - page = getText(findTestObject(path)): Text of object 'Object Repository/Выполнение бизнес-плана/Значения со страницы Выполнение бизнес-плана/План Отпуск в сеть за отчётный период Астраханьэнерго' is: '326 394'

17-03-2025T07:11:40 - [MESSAGE][PASSED] - Text of object 'Object Repository/Выполнение бизнес-плана/Значения со страницы Выполнение бизнес-плана/План Отпуск в сеть за отчётный период Астраханьэнерго' is: '326 394'

17-03-2025T07:11:40 - [TEST_STEP][PASSED] - if (page == "" || page == null): null

17-03-2025T07:11:40 - [TEST_STEP][PASSED] - else: null

17-03-2025T07:11:40 - [TEST_STEP][PASSED] - page = page.replaceAll("\s+", ""): null

17-03-2025T07:11:40 - [TEST_STEP][PASSED] - if (page == "undefined"): null

17-03-2025T07:11:40 - [TEST_STEP][PASSED] - fileOtpuskVSet = otpusk.toInteger(): null

17-03-2025T07:11:40 - [TEST_STEP][PASSED] - pageOtpuskVSet = page.toInteger(): null

17-03-2025T07:11:40 - [TEST_STEP][PASSED] - typeOfData = typeOfDataMain + " Потери": null

17-03-2025T07:11:40 - [TEST_STEP][PASSED] - if (a == 82): null

17-03-2025T07:11:40 - [TEST_STEP][PASSED] - else if (a == 84): null

17-03-2025T07:11:40 - [TEST_STEP][PASSED] - else if (a == 83 || a == 52 || a == 72 || a == 28 || a == 73 || a == 77 || a == 74 || a == 65 || a == 44 || a == 53 || a == 80 || a == 54 || a == 1 || a == 18 || a == 59 || a == 81): null

17-03-2025T07:11:40 - [TEST_STEP][PASSED] - else: null

17-03-2025T07:11:40 - [TEST_STEP][PASSED] - path = dataFolder + typeOfData + " за отчётный период " + b: null

17-03-2025T07:11:40 - [TEST_STEP][PASSED] - page = getText(findTestObject(path)): Text of object 'Object Repository/Выполнение бизнес-плана/Значения со страницы Выполнение бизнес-плана/План Потери за отчётный период Астраханьэнерго' is: '69 325'

17-03-2025T07:11:40 - [MESSAGE][PASSED] - Text of object 'Object Repository/Выполнение бизнес-плана/Значения со страницы Выполнение бизнес-плана/План Потери за отчётный период Астраханьэнерго' is: '69 325'

17-03-2025T07:11:40 - [TEST_STEP][PASSED] - if (page == "" || page == null): null

17-03-2025T07:11:40 - [TEST_STEP][PASSED] - else: null

17-03-2025T07:11:40 - [TEST_STEP][PASSED] - page = page.replaceAll("\s+", ""): null

17-03-2025T07:11:40 - [TEST_STEP][PASSED] - if (page == "undefined"): null

17-03-2025T07:11:40 - [TEST_STEP][PASSED] - filePoteri = poteri.toInteger(): null

17-03-2025T07:11:40 - [TEST_STEP][PASSED] - pagePoteri = page.toInteger(): null

17-03-2025T07:11:40 - [TEST_STEP][PASSED] - compare = pageOtpuskVSet: null

17-03-2025T07:11:40 - [TEST_STEP][PASSED] - if (pageOtpuskVSet != null): null

17-03-2025T07:11:40 - [TEST_STEP][PASSED] - if (compare == fileOtpuskVSet): null

17-03-2025T07:11:40 - [TEST_STEP][PASSED] - if (compare == fileOtpuskVSet): null

17-03-2025T07:11:40 - [TEST_STEP][PASSED] - compare = pagePoteri: null

17-03-2025T07:11:40 - [TEST_STEP][PASSED] - if (pageOtpuskVSet != null): null

17-03-2025T07:11:40 - [TEST_STEP][PASSED] - if (compare == filePoteri): null

17-03-2025T07:11:40 - [TEST_STEP][PASSED] - if (compare == filePoteri): null

17-03-2025T07:11:40 - [TEST_STEP][PASSED] - if (planFact == 2): Object: 'Object Repository/Выполнение бизнес-плана/Кнопка Факт' is clicked on

17-03-2025T07:11:40 - [TEST_STEP][PASSED] - click(findTestObject("Выполнение бизнес-плана/Кнопка Факт")): Object: 'Object Repository/Выполнение бизнес-плана/Кнопка Факт' is clicked on

17-03-2025T07:11:41 - [MESSAGE][PASSED] - Object: 'Object Repository/Выполнение бизнес-плана/Кнопка Факт' is clicked on

17-03-2025T07:11:41 - [TEST_STEP][PASSED] - println("a=" + a): null

17-03-2025T07:11:41 - [TEST_STEP][PASSED] - if (a == 84 || a == 82): null

17-03-2025T07:11:41 - [TEST_STEP][PASSED] - else if (a == 83 || a == 52 || a == 72 || a == 28 || a == 73 || a == 77 || a == 74 || a == 65 || a == 36 || a == 44 || a == 53 || a == 80 || a == 54 || a == 1 || a == 18 || a == 59 || a == 81): null

17-03-2025T07:11:41 - [TEST_STEP][PASSED] - else: null

17-03-2025T07:11:41 - [TEST_STEP][PASSED] - page1 = getText(findTestObject("Object Repository/Выполнение бизнес-плана/spanPlan" + filialNum)): Text of object 'Object Repository/Выполнение бизнес-плана/spanPlan2' is: '21.24
|'

17-03-2025T07:11:41 - [MESSAGE][PASSED] - Text of object 'Object Repository/Выполнение бизнес-плана/spanPlan2' is: '21.24
|'

17-03-2025T07:11:41 - [TEST_STEP][PASSED] - page1 = page1.replace("|", ""): null

17-03-2025T07:11:41 - [TEST_STEP][PASSED] - page2 = getText(findTestObject("Object Repository/Выполнение бизнес-плана/spanFact" + filialNum)): Text of object 'Object Repository/Выполнение бизнес-плана/spanFact2' is: '17.81
|'

17-03-2025T07:11:41 - [MESSAGE][PASSED] - Text of object 'Object Repository/Выполнение бизнес-плана/spanFact2' is: '17.81
|'

17-03-2025T07:11:41 - [TEST_STEP][PASSED] - page2 = page2.replace("|", ""): null

17-03-2025T07:11:41 - [TEST_STEP][PASSED] - println("page1: " + page1): null

17-03-2025T07:11:41 - [TEST_STEP][PASSED] - println("page2: " + page2): null

17-03-2025T07:11:41 - [TEST_STEP][PASSED] - file = findTestData("PlanFact").getValue(4, a): null

17-03-2025T07:11:41 - [TEST_STEP][PASSED] - file = file.replace(",", "."): null

17-03-2025T07:11:41 - [TEST_STEP][PASSED] - println("file Plan: " + file): null

17-03-2025T07:11:41 - [TEST_STEP][PASSED] - typeOfData = "План в процентах": null

17-03-2025T07:11:41 - [TEST_STEP][PASSED] - fileDouble = file.toDouble(): null

17-03-2025T07:11:41 - [TEST_STEP][PASSED] - pageDouble = page1.toDouble(): null

17-03-2025T07:11:41 - [TEST_STEP][PASSED] - if (fileDouble != pageDouble): null

17-03-2025T07:11:41 - [TEST_STEP][PASSED] - file = findTestData("PlanFact").getValue(7, a): null

17-03-2025T07:11:41 - [TEST_STEP][PASSED] - file = file.replace(",", "."): null

17-03-2025T07:11:41 - [TEST_STEP][PASSED] - println("file Fact: " + file): null

17-03-2025T07:11:41 - [TEST_STEP][PASSED] - fileDouble = file.toDouble(): null

17-03-2025T07:11:41 - [TEST_STEP][PASSED] - typeOfData = "Факт в процентах": null

17-03-2025T07:11:41 - [TEST_STEP][PASSED] - fileDouble = file.toDouble(): null

17-03-2025T07:11:41 - [TEST_STEP][PASSED] - pageDouble = page2.toDouble(): null

17-03-2025T07:11:41 - [TEST_STEP][PASSED] - if (fileDouble != pageDouble): null

17-03-2025T07:11:41 - [TEST_STEP][PASSED] - if (verifyEqual(numberOfErrors, 0) == false): Actual object '0' and expected object '0' are equal

17-03-2025T07:11:41 - [MESSAGE][PASSED] - Actual object '0' and expected object '0' are equal

17-03-2025T07:11:41 - [TEST_STEP][PASSED] - if (a == 82): null

17-03-2025T07:11:41 - [TEST_STEP][PASSED] - dZO = "Волгоградэнерго": null

17-03-2025T07:11:41 - [TEST_STEP][PASSED] - a = 61: null

17-03-2025T07:11:41 - [TEST_STEP][PASSED] - if (x2.contains(dZO)): null

17-03-2025T07:11:41 - [TEST_STEP][PASSED] - filialNum = filialNum + 1: null

17-03-2025T07:11:41 - [TEST_STEP][PASSED] - Script1718980020443.Numbers(a, typeOfData, todaysDate, pageInt, fileInt, pageDouble, fileDouble, dZO, dzoNum, filialNum): null

17-03-2025T07:11:41 - [TEST_STEP][PASSED] - println(dzoNum): null

17-03-2025T07:11:41 - [TEST_STEP][PASSED] - planFact = <not implemented yet for class: org.codehaus.groovy.ast.expr.EmptyExpression>: null

17-03-2025T07:11:41 - [TEST_STEP][PASSED] - page = <not implemented yet for class: org.codehaus.groovy.ast.expr.EmptyExpression>: null

17-03-2025T07:11:41 - [TEST_STEP][PASSED] - page1 = <not implemented yet for class: org.codehaus.groovy.ast.expr.EmptyExpression>: null

17-03-2025T07:11:41 - [TEST_STEP][PASSED] - page2 = <not implemented yet for class: org.codehaus.groovy.ast.expr.EmptyExpression>: null

17-03-2025T07:11:41 - [TEST_STEP][PASSED] - filialNumberInRow = <not implemented yet for class: org.codehaus.groovy.ast.expr.EmptyExpression>: null

17-03-2025T07:11:41 - [TEST_STEP][PASSED] - filialsDzoNames = <not implemented yet for class: org.codehaus.groovy.ast.expr.EmptyExpression>: null

17-03-2025T07:11:41 - [TEST_STEP][PASSED] - numberOfFilials = <not implemented yet for class: org.codehaus.groovy.ast.expr.EmptyExpression>: null

17-03-2025T07:11:41 - [TEST_STEP][PASSED] - numberOfSpaces = <not implemented yet for class: org.codehaus.groovy.ast.expr.EmptyExpression>: null

17-03-2025T07:11:41 - [TEST_STEP][PASSED] - file = <not implemented yet for class: org.codehaus.groovy.ast.expr.EmptyExpression>: null

17-03-2025T07:11:41 - [TEST_STEP][PASSED] - otpusk = <not implemented yet for class: org.codehaus.groovy.ast.expr.EmptyExpression>: null

17-03-2025T07:11:41 - [TEST_STEP][PASSED] - poteri = <not implemented yet for class: org.codehaus.groovy.ast.expr.EmptyExpression>: null

17-03-2025T07:11:41 - [TEST_STEP][PASSED] - dataFolder = "Выполнение бизнес-плана/Значения со страницы Выполнение бизнес-плана/": null

17-03-2025T07:11:41 - [TEST_STEP][PASSED] - path = <not implemented yet for class: org.codehaus.groovy.ast.expr.EmptyExpression>: null

17-03-2025T07:11:41 - [TEST_STEP][PASSED] - typeOfDataMain = <not implemented yet for class: org.codehaus.groovy.ast.expr.EmptyExpression>: null

17-03-2025T07:11:41 - [TEST_STEP][PASSED] - fileOtpuskVSet = <not implemented yet for class: org.codehaus.groovy.ast.expr.EmptyExpression>: null

17-03-2025T07:11:41 - [TEST_STEP][PASSED] - pageOtpuskVSet = <not implemented yet for class: org.codehaus.groovy.ast.expr.EmptyExpression>: null

17-03-2025T07:11:41 - [TEST_STEP][PASSED] - filePoteri = <not implemented yet for class: org.codehaus.groovy.ast.expr.EmptyExpression>: null

17-03-2025T07:11:41 - [TEST_STEP][PASSED] - pagePoteri = <not implemented yet for class: org.codehaus.groovy.ast.expr.EmptyExpression>: null

17-03-2025T07:11:41 - [TEST_STEP][PASSED] - compare = <not implemented yet for class: org.codehaus.groovy.ast.expr.EmptyExpression>: null

17-03-2025T07:11:41 - [TEST_STEP][PASSED] - b = <not implemented yet for class: org.codehaus.groovy.ast.expr.EmptyExpression>: null

17-03-2025T07:11:41 - [TEST_STEP][PASSED] - i = <not implemented yet for class: org.codehaus.groovy.ast.expr.EmptyExpression>: null

17-03-2025T07:11:41 - [TEST_STEP][PASSED] - ii = <not implemented yet for class: org.codehaus.groovy.ast.expr.EmptyExpression>: null

17-03-2025T07:11:41 - [TEST_STEP][PASSED] - c = <not implemented yet for class: org.codehaus.groovy.ast.expr.EmptyExpression>: null

17-03-2025T07:11:41 - [TEST_STEP][PASSED] - numberOfErrors = 0: null

17-03-2025T07:11:41 - [TEST_STEP][PASSED] - if (a == 82): null

17-03-2025T07:11:41 - [TEST_STEP][PASSED] - b = findTestData("PlanFact").getValue(1, a): null

17-03-2025T07:11:41 - [TEST_STEP][PASSED] - i = b.indexOf(" (ГК)"): null

17-03-2025T07:11:41 - [TEST_STEP][PASSED] - if (i > -1): null

17-03-2025T07:11:41 - [TEST_STEP][PASSED] - i = b.indexOf("О ""): null

17-03-2025T07:11:41 - [TEST_STEP][PASSED] - if (i > -1): null

17-03-2025T07:11:41 - [TEST_STEP][PASSED] - i = b.indexOf("О «"): null

17-03-2025T07:11:41 - [TEST_STEP][PASSED] - if (i > -1): null

17-03-2025T07:11:41 - [TEST_STEP][PASSED] - i = b.indexOf("г. "): null

17-03-2025T07:11:41 - [TEST_STEP][PASSED] - if (i > -1): null

17-03-2025T07:11:41 - [TEST_STEP][PASSED] - b = b.trim(): null

17-03-2025T07:11:41 - [TEST_STEP][PASSED] - println(b): null

17-03-2025T07:11:41 - [TEST_STEP][PASSED] - for ([planFact = 1, planFact < 3, (planFact++)]): null

17-03-2025T07:11:41 - [TEST_STEP][PASSED] - if (planFact == 1): null

17-03-2025T07:11:41 - [TEST_STEP][PASSED] - typeOfDataMain = "Факт": null

17-03-2025T07:11:41 - [TEST_STEP][PASSED] - otpusk = findTestData("PlanFact").getValue(5, a): null

17-03-2025T07:11:42 - [TEST_STEP][PASSED] - poteri = findTestData("PlanFact").getValue(6, a): null

17-03-2025T07:11:42 - [TEST_STEP][PASSED] - otpusk = otpusk.replaceAll("\s+", ""): null

17-03-2025T07:11:42 - [TEST_STEP][PASSED] - poteri = poteri.replaceAll("\s+", ""): null

17-03-2025T07:11:42 - [TEST_STEP][PASSED] - typeOfData = typeOfDataMain + " Отпуск в сеть": null

17-03-2025T07:11:42 - [TEST_STEP][PASSED] - if (a == 82): null

17-03-2025T07:11:42 - [TEST_STEP][PASSED] - else if (a == 84): null

17-03-2025T07:11:42 - [TEST_STEP][PASSED] - else if (a == 83 || a == 52 || a == 72 || a == 28 || a == 73 || a == 77 || a == 74 || a == 65 || a == 36 || a == 44 || a == 53 || a == 80 || a == 54 || a == 1 || a == 18 || a == 59 || a == 81): null

17-03-2025T07:11:42 - [TEST_STEP][PASSED] - else: null

17-03-2025T07:11:42 - [TEST_STEP][PASSED] - path = dataFolder + typeOfData + " за отчётный период " + b: null

17-03-2025T07:11:42 - [TEST_STEP][PASSED] - println(path): null

17-03-2025T07:11:42 - [TEST_STEP][PASSED] - page = getText(findTestObject(path)): Text of object 'Object Repository/Выполнение бизнес-плана/Значения со страницы Выполнение бизнес-плана/Факт Отпуск в сеть за отчётный период Волгоградэнерго' is: '1 529 424'

17-03-2025T07:11:42 - [MESSAGE][PASSED] - Text of object 'Object Repository/Выполнение бизнес-плана/Значения со страницы Выполнение бизнес-плана/Факт Отпуск в сеть за отчётный период Волгоградэнерго' is: '1 529 424'

17-03-2025T07:11:42 - [TEST_STEP][PASSED] - if (page == "" || page == null): null

17-03-2025T07:11:42 - [TEST_STEP][PASSED] - else: null

17-03-2025T07:11:42 - [TEST_STEP][PASSED] - page = page.replaceAll("\s+", ""): null

17-03-2025T07:11:42 - [TEST_STEP][PASSED] - if (page == "undefined"): null

17-03-2025T07:11:42 - [TEST_STEP][PASSED] - fileOtpuskVSet = otpusk.toInteger(): null

17-03-2025T07:11:42 - [TEST_STEP][PASSED] - pageOtpuskVSet = page.toInteger(): null

17-03-2025T07:11:42 - [TEST_STEP][PASSED] - typeOfData = typeOfDataMain + " Потери": null

17-03-2025T07:11:42 - [TEST_STEP][PASSED] - if (a == 82): null

17-03-2025T07:11:42 - [TEST_STEP][PASSED] - else if (a == 84): null

17-03-2025T07:11:42 - [TEST_STEP][PASSED] - else if (a == 83 || a == 52 || a == 72 || a == 28 || a == 73 || a == 77 || a == 74 || a == 65 || a == 44 || a == 53 || a == 80 || a == 54 || a == 1 || a == 18 || a == 59 || a == 81): null

17-03-2025T07:11:42 - [TEST_STEP][PASSED] - else: null

17-03-2025T07:11:42 - [TEST_STEP][PASSED] - path = dataFolder + typeOfData + " за отчётный период " + b: null

17-03-2025T07:11:42 - [TEST_STEP][PASSED] - page = getText(findTestObject(path)): Text of object 'Object Repository/Выполнение бизнес-плана/Значения со страницы Выполнение бизнес-плана/Факт Потери за отчётный период Волгоградэнерго' is: '112 811'

17-03-2025T07:11:42 - [MESSAGE][PASSED] - Text of object 'Object Repository/Выполнение бизнес-плана/Значения со страницы Выполнение бизнес-плана/Факт Потери за отчётный период Волгоградэнерго' is: '112 811'

17-03-2025T07:11:42 - [TEST_STEP][PASSED] - if (page == "" || page == null): null

17-03-2025T07:11:42 - [TEST_STEP][PASSED] - else: null

17-03-2025T07:11:42 - [TEST_STEP][PASSED] - page = page.replaceAll("\s+", ""): null

17-03-2025T07:11:42 - [TEST_STEP][PASSED] - if (page == "undefined"): null

17-03-2025T07:11:42 - [TEST_STEP][PASSED] - filePoteri = poteri.toInteger(): null

17-03-2025T07:11:42 - [TEST_STEP][PASSED] - pagePoteri = page.toInteger(): null

17-03-2025T07:11:42 - [TEST_STEP][PASSED] - compare = pageOtpuskVSet: null

17-03-2025T07:11:42 - [TEST_STEP][PASSED] - if (pageOtpuskVSet != null): null

17-03-2025T07:11:42 - [TEST_STEP][PASSED] - if (compare == fileOtpuskVSet): null

17-03-2025T07:11:42 - [TEST_STEP][PASSED] - else if (compare > fileOtpuskVSet): null

17-03-2025T07:11:42 - [TEST_STEP][PASSED] - compare = compare - 1: null

17-03-2025T07:11:42 - [TEST_STEP][PASSED] - if (compare == fileOtpuskVSet): null

17-03-2025T07:11:42 - [TEST_STEP][PASSED] - else: null

17-03-2025T07:11:42 - [TEST_STEP][PASSED] - numberOfErrors = numberOfErrors + 1: null

17-03-2025T07:11:42 - [TEST_STEP][PASSED] - pageInt = pageOtpuskVSet: null

17-03-2025T07:11:42 - [TEST_STEP][PASSED] - fileInt = fileOtpuskVSet: null

17-03-2025T07:11:42 - [TEST_STEP][PASSED] - typeOfData = typeOfDataMain + " Отпуск в сеть": null

17-03-2025T07:11:42 - [TEST_STEP][PASSED] - Script1718980020443.WriteToExcel(a, typeOfData, todaysDate, pageInt, fileInt, pageDouble, fileDouble, dZO): null

17-03-2025T07:11:42 - [TEST_STEP][PASSED] - sheetName = "Sheet1": null

17-03-2025T07:11:42 - [TEST_STEP][PASSED] - data = findTestData("PlanFact"): null

17-03-2025T07:11:42 - [TEST_STEP][PASSED] - n = data.getRowNumbers() + 1: null

17-03-2025T07:11:42 - [TEST_STEP][PASSED] - day = ")).toInteger(): null

17-03-2025T07:11:42 - [TEST_STEP][PASSED] - println(day): null

17-03-2025T07:11:42 - [TEST_STEP][PASSED] - month = ")).toInteger(): null

17-03-2025T07:11:42 - [TEST_STEP][PASSED] - println(month): null

17-03-2025T07:11:42 - [TEST_STEP][PASSED] - y = <not implemented yet for class: org.codehaus.groovy.ast.expr.EmptyExpression>: null

17-03-2025T07:11:42 - [TEST_STEP][PASSED] - iy = <not implemented yet for class: org.codehaus.groovy.ast.expr.EmptyExpression>: null

17-03-2025T07:11:42 - [TEST_STEP][PASSED] - m = getText(findTestObject("Выполнение бизнес-плана/Период")): Text of object 'Object Repository/Выполнение бизнес-плана/Период' is: 'Январь 2025 года'

17-03-2025T07:11:43 - [MESSAGE][PASSED] - Text of object 'Object Repository/Выполнение бизнес-плана/Период' is: 'Январь 2025 года'

17-03-2025T07:11:43 - [TEST_STEP][PASSED] - iy = m.indexOf("20"): null

17-03-2025T07:11:43 - [TEST_STEP][PASSED] - if (iy > -1): null

17-03-2025T07:11:43 - [TEST_STEP][PASSED] - y = substring(iy, iy + 4).toInteger(): null

17-03-2025T07:11:43 - [TEST_STEP][PASSED] - println(y): null

17-03-2025T07:11:43 - [TEST_STEP][PASSED] - if (toString().length() == 4): null

17-03-2025T07:11:43 - [TEST_STEP][PASSED] - m = m.substring(0, m.indexOf(y.toString())): null

17-03-2025T07:11:43 - [TEST_STEP][PASSED] - m = m.trim(): null

17-03-2025T07:11:43 - [TEST_STEP][PASSED] - if (m == ""): null

17-03-2025T07:11:43 - [TEST_STEP][PASSED] - dashboardName = "Выполнение бизнес-плана": null

17-03-2025T07:11:43 - [TEST_STEP][PASSED] - workbook01 = getWorkbook(excelFilePath): null

17-03-2025T07:11:43 - [TEST_STEP][PASSED] - sheet01 = getExcelSheet(workbook01, sheetName): null

17-03-2025T07:11:43 - [TEST_STEP][PASSED] - setValueToCellByIndex(sheet01, n, 0, dashboardName): null

17-03-2025T07:11:43 - [TEST_STEP][PASSED] - setValueToCellByIndex(sheet01, n, 1, dZO): null

17-03-2025T07:11:43 - [TEST_STEP][PASSED] - setValueToCellByIndex(sheet01, n, 2, typeOfData): null

17-03-2025T07:11:43 - [TEST_STEP][PASSED] - if (typeOfData == "Факт в процентах" || typeOfData == "План в процентах"): null

17-03-2025T07:11:43 - [TEST_STEP][PASSED] - else: null

17-03-2025T07:11:43 - [TEST_STEP][PASSED] - setValueToCellByIndex(sheet01, n, 3, fileInt): null

17-03-2025T07:11:43 - [TEST_STEP][PASSED] - setValueToCellByIndex(sheet01, n, 4, pageInt): null

17-03-2025T07:11:43 - [TEST_STEP][PASSED] - setValueToCellByIndex(sheet01, n, 5, m): null

17-03-2025T07:11:43 - [TEST_STEP][PASSED] - setValueToCellByIndex(sheet01, n, 6, y): null

17-03-2025T07:11:43 - [TEST_STEP][PASSED] - setValueToCellByIndex(sheet01, n, 7, todaysDate): null

17-03-2025T07:11:43 - [TEST_STEP][PASSED] - n = n + 1: null

17-03-2025T07:11:43 - [TEST_STEP][PASSED] - saveWorkbook(excelFilePath, workbook01): null

17-03-2025T07:11:43 - [TEST_STEP][PASSED] - compare = pagePoteri: null

17-03-2025T07:11:43 - [TEST_STEP][PASSED] - if (pageOtpuskVSet != null): null

17-03-2025T07:11:43 - [TEST_STEP][PASSED] - if (compare == filePoteri): null

17-03-2025T07:11:43 - [TEST_STEP][PASSED] - else if (compare > filePoteri): null

17-03-2025T07:11:43 - [TEST_STEP][PASSED] - compare = compare - 1: null

17-03-2025T07:11:43 - [TEST_STEP][PASSED] - if (compare == filePoteri): null

17-03-2025T07:11:43 - [TEST_STEP][PASSED] - else: null

17-03-2025T07:11:43 - [TEST_STEP][PASSED] - numberOfErrors = numberOfErrors + 1: null

17-03-2025T07:11:43 - [TEST_STEP][PASSED] - pageInt = pagePoteri: null

17-03-2025T07:11:43 - [TEST_STEP][PASSED] - fileInt = filePoteri: null

17-03-2025T07:11:43 - [TEST_STEP][PASSED] - typeOfData = typeOfDataMain + " Потери": null

17-03-2025T07:11:43 - [TEST_STEP][PASSED] - Script1718980020443.WriteToExcel(a, typeOfData, todaysDate, pageInt, fileInt, pageDouble, fileDouble, dZO): null

17-03-2025T07:11:43 - [TEST_STEP][PASSED] - sheetName = "Sheet1": null

17-03-2025T07:11:43 - [TEST_STEP][PASSED] - data = findTestData("PlanFact"): null

17-03-2025T07:11:43 - [TEST_STEP][PASSED] - n = data.getRowNumbers() + 1: null

17-03-2025T07:11:43 - [TEST_STEP][PASSED] - day = ")).toInteger(): null

17-03-2025T07:11:43 - [TEST_STEP][PASSED] - println(day): null

17-03-2025T07:11:43 - [TEST_STEP][PASSED] - month = ")).toInteger(): null

17-03-2025T07:11:43 - [TEST_STEP][PASSED] - println(month): null

17-03-2025T07:11:43 - [TEST_STEP][PASSED] - y = <not implemented yet for class: org.codehaus.groovy.ast.expr.EmptyExpression>: null

17-03-2025T07:11:43 - [TEST_STEP][PASSED] - iy = <not implemented yet for class: org.codehaus.groovy.ast.expr.EmptyExpression>: null

17-03-2025T07:11:43 - [TEST_STEP][PASSED] - m = getText(findTestObject("Выполнение бизнес-плана/Период")): Text of object 'Object Repository/Выполнение бизнес-плана/Период' is: 'Январь 2025 года'

17-03-2025T07:11:43 - [MESSAGE][PASSED] - Text of object 'Object Repository/Выполнение бизнес-плана/Период' is: 'Январь 2025 года'

17-03-2025T07:11:43 - [TEST_STEP][PASSED] - iy = m.indexOf("20"): null

17-03-2025T07:11:43 - [TEST_STEP][PASSED] - if (iy > -1): null

17-03-2025T07:11:43 - [TEST_STEP][PASSED] - y = substring(iy, iy + 4).toInteger(): null

17-03-2025T07:11:43 - [TEST_STEP][PASSED] - println(y): null

17-03-2025T07:11:43 - [TEST_STEP][PASSED] - if (toString().length() == 4): null

17-03-2025T07:11:43 - [TEST_STEP][PASSED] - m = m.substring(0, m.indexOf(y.toString())): null

17-03-2025T07:11:43 - [TEST_STEP][PASSED] - m = m.trim(): null

17-03-2025T07:11:43 - [TEST_STEP][PASSED] - if (m == ""): null

17-03-2025T07:11:43 - [TEST_STEP][PASSED] - dashboardName = "Выполнение бизнес-плана": null

17-03-2025T07:11:43 - [TEST_STEP][PASSED] - workbook01 = getWorkbook(excelFilePath): null

17-03-2025T07:11:43 - [TEST_STEP][PASSED] - sheet01 = getExcelSheet(workbook01, sheetName): null

17-03-2025T07:11:43 - [TEST_STEP][PASSED] - setValueToCellByIndex(sheet01, n, 0, dashboardName): null

17-03-2025T07:11:43 - [TEST_STEP][PASSED] - setValueToCellByIndex(sheet01, n, 1, dZO): null

17-03-2025T07:11:43 - [TEST_STEP][PASSED] - setValueToCellByIndex(sheet01, n, 2, typeOfData): null

17-03-2025T07:11:43 - [TEST_STEP][PASSED] - if (typeOfData == "Факт в процентах" || typeOfData == "План в процентах"): null

17-03-2025T07:11:43 - [TEST_STEP][PASSED] - else: null

17-03-2025T07:11:43 - [TEST_STEP][PASSED] - setValueToCellByIndex(sheet01, n, 3, fileInt): null

17-03-2025T07:11:43 - [TEST_STEP][PASSED] - setValueToCellByIndex(sheet01, n, 4, pageInt): null

17-03-2025T07:11:43 - [TEST_STEP][PASSED] - setValueToCellByIndex(sheet01, n, 5, m): null

17-03-2025T07:11:43 - [TEST_STEP][PASSED] - setValueToCellByIndex(sheet01, n, 6, y): null

17-03-2025T07:11:43 - [TEST_STEP][PASSED] - setValueToCellByIndex(sheet01, n, 7, todaysDate): null

17-03-2025T07:11:43 - [TEST_STEP][PASSED] - n = n + 1: null

17-03-2025T07:11:43 - [TEST_STEP][PASSED] - saveWorkbook(excelFilePath, workbook01): null

17-03-2025T07:11:44 - [TEST_STEP][PASSED] - if (planFact == 2): null

17-03-2025T07:11:44 - [TEST_STEP][PASSED] - if (planFact == 1): null

17-03-2025T07:11:44 - [TEST_STEP][PASSED] - else if (planFact == 2): null

17-03-2025T07:11:44 - [TEST_STEP][PASSED] - click(findTestObject("Выполнение бизнес-плана/Кнопка План")): Object: 'Object Repository/Выполнение бизнес-плана/Кнопка План' is clicked on

17-03-2025T07:11:44 - [MESSAGE][PASSED] - Object: 'Object Repository/Выполнение бизнес-плана/Кнопка План' is clicked on

17-03-2025T07:11:44 - [TEST_STEP][PASSED] - typeOfDataMain = "План": null

17-03-2025T07:11:44 - [TEST_STEP][PASSED] - otpusk = findTestData("PlanFact").getValue(2, a): null

17-03-2025T07:11:44 - [TEST_STEP][PASSED] - poteri = findTestData("PlanFact").getValue(3, a): null

17-03-2025T07:11:44 - [TEST_STEP][PASSED] - otpusk = otpusk.replaceAll("\s+", ""): null

17-03-2025T07:11:44 - [TEST_STEP][PASSED] - poteri = poteri.replaceAll("\s+", ""): null

17-03-2025T07:11:44 - [TEST_STEP][PASSED] - typeOfData = typeOfDataMain + " Отпуск в сеть": null

17-03-2025T07:11:44 - [TEST_STEP][PASSED] - if (a == 82): null

17-03-2025T07:11:44 - [TEST_STEP][PASSED] - else if (a == 84): null

17-03-2025T07:11:44 - [TEST_STEP][PASSED] - else if (a == 83 || a == 52 || a == 72 || a == 28 || a == 73 || a == 77 || a == 74 || a == 65 || a == 36 || a == 44 || a == 53 || a == 80 || a == 54 || a == 1 || a == 18 || a == 59 || a == 81): null

17-03-2025T07:11:44 - [TEST_STEP][PASSED] - else: null

17-03-2025T07:11:44 - [TEST_STEP][PASSED] - path = dataFolder + typeOfData + " за отчётный период " + b: null

17-03-2025T07:11:44 - [TEST_STEP][PASSED] - println(path): null

17-03-2025T07:11:44 - [TEST_STEP][PASSED] - page = getText(findTestObject(path)): Text of object 'Object Repository/Выполнение бизнес-плана/Значения со страницы Выполнение бизнес-плана/План Отпуск в сеть за отчётный период Волгоградэнерго' is: '1 721 636'

17-03-2025T07:11:44 - [MESSAGE][PASSED] - Text of object 'Object Repository/Выполнение бизнес-плана/Значения со страницы Выполнение бизнес-плана/План Отпуск в сеть за отчётный период Волгоградэнерго' is: '1 721 636'

17-03-2025T07:11:44 - [TEST_STEP][PASSED] - if (page == "" || page == null): null

17-03-2025T07:11:44 - [TEST_STEP][PASSED] - else: null

17-03-2025T07:11:44 - [TEST_STEP][PASSED] - page = page.replaceAll("\s+", ""): null

17-03-2025T07:11:44 - [TEST_STEP][PASSED] - if (page == "undefined"): null

17-03-2025T07:11:44 - [TEST_STEP][PASSED] - fileOtpuskVSet = otpusk.toInteger(): null

17-03-2025T07:11:44 - [TEST_STEP][PASSED] - pageOtpuskVSet = page.toInteger(): null

17-03-2025T07:11:44 - [TEST_STEP][PASSED] - typeOfData = typeOfDataMain + " Потери": null

17-03-2025T07:11:44 - [TEST_STEP][PASSED] - if (a == 82): null

17-03-2025T07:11:44 - [TEST_STEP][PASSED] - else if (a == 84): null

17-03-2025T07:11:44 - [TEST_STEP][PASSED] - else if (a == 83 || a == 52 || a == 72 || a == 28 || a == 73 || a == 77 || a == 74 || a == 65 || a == 44 || a == 53 || a == 80 || a == 54 || a == 1 || a == 18 || a == 59 || a == 81): null

17-03-2025T07:11:44 - [TEST_STEP][PASSED] - else: null

17-03-2025T07:11:44 - [TEST_STEP][PASSED] - path = dataFolder + typeOfData + " за отчётный период " + b: null

17-03-2025T07:11:44 - [TEST_STEP][PASSED] - page = getText(findTestObject(path)): Text of object 'Object Repository/Выполнение бизнес-плана/Значения со страницы Выполнение бизнес-плана/План Потери за отчётный период Волгоградэнерго' is: '146 464'

17-03-2025T07:11:45 - [MESSAGE][PASSED] - Text of object 'Object Repository/Выполнение бизнес-плана/Значения со страницы Выполнение бизнес-плана/План Потери за отчётный период Волгоградэнерго' is: '146 464'

17-03-2025T07:11:45 - [TEST_STEP][PASSED] - if (page == "" || page == null): null

17-03-2025T07:11:45 - [TEST_STEP][PASSED] - else: null

17-03-2025T07:11:45 - [TEST_STEP][PASSED] - page = page.replaceAll("\s+", ""): null

17-03-2025T07:11:45 - [TEST_STEP][PASSED] - if (page == "undefined"): null

17-03-2025T07:11:45 - [TEST_STEP][PASSED] - filePoteri = poteri.toInteger(): null

17-03-2025T07:11:45 - [TEST_STEP][PASSED] - pagePoteri = page.toInteger(): null

17-03-2025T07:11:45 - [TEST_STEP][PASSED] - compare = pageOtpuskVSet: null

17-03-2025T07:11:45 - [TEST_STEP][PASSED] - if (pageOtpuskVSet != null): null

17-03-2025T07:11:45 - [TEST_STEP][PASSED] - if (compare == fileOtpuskVSet): null

17-03-2025T07:11:45 - [TEST_STEP][PASSED] - else if (compare > fileOtpuskVSet): null

17-03-2025T07:11:45 - [TEST_STEP][PASSED] - compare = compare - 1: null

17-03-2025T07:11:45 - [TEST_STEP][PASSED] - if (compare == fileOtpuskVSet): null

17-03-2025T07:11:45 - [TEST_STEP][PASSED] - else: null

17-03-2025T07:11:45 - [TEST_STEP][PASSED] - numberOfErrors = numberOfErrors + 1: null

17-03-2025T07:11:45 - [TEST_STEP][PASSED] - pageInt = pageOtpuskVSet: null

17-03-2025T07:11:45 - [TEST_STEP][PASSED] - fileInt = fileOtpuskVSet: null

17-03-2025T07:11:45 - [TEST_STEP][PASSED] - typeOfData = typeOfDataMain + " Отпуск в сеть": null

17-03-2025T07:11:45 - [TEST_STEP][PASSED] - Script1718980020443.WriteToExcel(a, typeOfData, todaysDate, pageInt, fileInt, pageDouble, fileDouble, dZO): null

17-03-2025T07:11:45 - [TEST_STEP][PASSED] - sheetName = "Sheet1": null

17-03-2025T07:11:45 - [TEST_STEP][PASSED] - data = findTestData("PlanFact"): null

17-03-2025T07:11:45 - [TEST_STEP][PASSED] - n = data.getRowNumbers() + 1: null

17-03-2025T07:11:45 - [TEST_STEP][PASSED] - day = ")).toInteger(): null

17-03-2025T07:11:45 - [TEST_STEP][PASSED] - println(day): null

17-03-2025T07:11:45 - [TEST_STEP][PASSED] - month = ")).toInteger(): null

17-03-2025T07:11:45 - [TEST_STEP][PASSED] - println(month): null

17-03-2025T07:11:45 - [TEST_STEP][PASSED] - y = <not implemented yet for class: org.codehaus.groovy.ast.expr.EmptyExpression>: null

17-03-2025T07:11:45 - [TEST_STEP][PASSED] - iy = <not implemented yet for class: org.codehaus.groovy.ast.expr.EmptyExpression>: null

17-03-2025T07:11:45 - [TEST_STEP][PASSED] - m = getText(findTestObject("Выполнение бизнес-плана/Период")): Text of object 'Object Repository/Выполнение бизнес-плана/Период' is: 'Январь 2025 года'

17-03-2025T07:11:45 - [MESSAGE][PASSED] - Text of object 'Object Repository/Выполнение бизнес-плана/Период' is: 'Январь 2025 года'

17-03-2025T07:11:45 - [TEST_STEP][PASSED] - iy = m.indexOf("20"): null

17-03-2025T07:11:45 - [TEST_STEP][PASSED] - if (iy > -1): null

17-03-2025T07:11:45 - [TEST_STEP][PASSED] - y = substring(iy, iy + 4).toInteger(): null

17-03-2025T07:11:45 - [TEST_STEP][PASSED] - println(y): null

17-03-2025T07:11:45 - [TEST_STEP][PASSED] - if (toString().length() == 4): null

17-03-2025T07:11:45 - [TEST_STEP][PASSED] - m = m.substring(0, m.indexOf(y.toString())): null

17-03-2025T07:11:45 - [TEST_STEP][PASSED] - m = m.trim(): null

17-03-2025T07:11:45 - [TEST_STEP][PASSED] - if (m == ""): null

17-03-2025T07:11:45 - [TEST_STEP][PASSED] - dashboardName = "Выполнение бизнес-плана": null

17-03-2025T07:11:45 - [TEST_STEP][PASSED] - workbook01 = getWorkbook(excelFilePath): null

17-03-2025T07:11:45 - [TEST_STEP][PASSED] - sheet01 = getExcelSheet(workbook01, sheetName): null

17-03-2025T07:11:45 - [TEST_STEP][PASSED] - setValueToCellByIndex(sheet01, n, 0, dashboardName): null

17-03-2025T07:11:45 - [TEST_STEP][PASSED] - setValueToCellByIndex(sheet01, n, 1, dZO): null

17-03-2025T07:11:45 - [TEST_STEP][PASSED] - setValueToCellByIndex(sheet01, n, 2, typeOfData): null

17-03-2025T07:11:45 - [TEST_STEP][PASSED] - if (typeOfData == "Факт в процентах" || typeOfData == "План в процентах"): null

17-03-2025T07:11:45 - [TEST_STEP][PASSED] - else: null

17-03-2025T07:11:45 - [TEST_STEP][PASSED] - setValueToCellByIndex(sheet01, n, 3, fileInt): null

17-03-2025T07:11:45 - [TEST_STEP][PASSED] - setValueToCellByIndex(sheet01, n, 4, pageInt): null

17-03-2025T07:11:45 - [TEST_STEP][PASSED] - setValueToCellByIndex(sheet01, n, 5, m): null

17-03-2025T07:11:45 - [TEST_STEP][PASSED] - setValueToCellByIndex(sheet01, n, 6, y): null

17-03-2025T07:11:45 - [TEST_STEP][PASSED] - setValueToCellByIndex(sheet01, n, 7, todaysDate): null

17-03-2025T07:11:45 - [TEST_STEP][PASSED] - n = n + 1: null

17-03-2025T07:11:45 - [TEST_STEP][PASSED] - saveWorkbook(excelFilePath, workbook01): null

17-03-2025T07:11:45 - [TEST_STEP][PASSED] - compare = pagePoteri: null

17-03-2025T07:11:45 - [TEST_STEP][PASSED] - if (pageOtpuskVSet != null): null

17-03-2025T07:11:45 - [TEST_STEP][PASSED] - if (compare == filePoteri): null

17-03-2025T07:11:45 - [TEST_STEP][PASSED] - else if (compare > filePoteri): null

17-03-2025T07:11:45 - [TEST_STEP][PASSED] - compare = compare - 1: null

17-03-2025T07:11:45 - [TEST_STEP][PASSED] - if (compare == filePoteri): null

17-03-2025T07:11:45 - [TEST_STEP][PASSED] - else: null

17-03-2025T07:11:45 - [TEST_STEP][PASSED] - numberOfErrors = numberOfErrors + 1: null

17-03-2025T07:11:45 - [TEST_STEP][PASSED] - pageInt = pagePoteri: null

17-03-2025T07:11:45 - [TEST_STEP][PASSED] - fileInt = filePoteri: null

17-03-2025T07:11:45 - [TEST_STEP][PASSED] - typeOfData = typeOfDataMain + " Потери": null

17-03-2025T07:11:45 - [TEST_STEP][PASSED] - Script1718980020443.WriteToExcel(a, typeOfData, todaysDate, pageInt, fileInt, pageDouble, fileDouble, dZO): null

17-03-2025T07:11:45 - [TEST_STEP][PASSED] - sheetName = "Sheet1": null

17-03-2025T07:11:45 - [TEST_STEP][PASSED] - data = findTestData("PlanFact"): null

17-03-2025T07:11:45 - [TEST_STEP][PASSED] - n = data.getRowNumbers() + 1: null

17-03-2025T07:11:45 - [TEST_STEP][PASSED] - day = ")).toInteger(): null

17-03-2025T07:11:45 - [TEST_STEP][PASSED] - println(day): null

17-03-2025T07:11:45 - [TEST_STEP][PASSED] - month = ")).toInteger(): null

17-03-2025T07:11:45 - [TEST_STEP][PASSED] - println(month): null

17-03-2025T07:11:45 - [TEST_STEP][PASSED] - y = <not implemented yet for class: org.codehaus.groovy.ast.expr.EmptyExpression>: null

17-03-2025T07:11:45 - [TEST_STEP][PASSED] - iy = <not implemented yet for class: org.codehaus.groovy.ast.expr.EmptyExpression>: null

17-03-2025T07:11:45 - [TEST_STEP][PASSED] - m = getText(findTestObject("Выполнение бизнес-плана/Период")): Text of object 'Object Repository/Выполнение бизнес-плана/Период' is: 'Январь 2025 года'

17-03-2025T07:11:46 - [MESSAGE][PASSED] - Text of object 'Object Repository/Выполнение бизнес-плана/Период' is: 'Январь 2025 года'

17-03-2025T07:11:46 - [TEST_STEP][PASSED] - iy = m.indexOf("20"): null

17-03-2025T07:11:46 - [TEST_STEP][PASSED] - if (iy > -1): null

17-03-2025T07:11:46 - [TEST_STEP][PASSED] - y = substring(iy, iy + 4).toInteger(): null

17-03-2025T07:11:46 - [TEST_STEP][PASSED] - println(y): null

17-03-2025T07:11:46 - [TEST_STEP][PASSED] - if (toString().length() == 4): null

17-03-2025T07:11:46 - [TEST_STEP][PASSED] - m = m.substring(0, m.indexOf(y.toString())): null

17-03-2025T07:11:46 - [TEST_STEP][PASSED] - m = m.trim(): null

17-03-2025T07:11:46 - [TEST_STEP][PASSED] - if (m == ""): null

17-03-2025T07:11:46 - [TEST_STEP][PASSED] - dashboardName = "Выполнение бизнес-плана": null

17-03-2025T07:11:46 - [TEST_STEP][PASSED] - workbook01 = getWorkbook(excelFilePath): null

17-03-2025T07:11:46 - [TEST_STEP][PASSED] - sheet01 = getExcelSheet(workbook01, sheetName): null

17-03-2025T07:11:46 - [TEST_STEP][PASSED] - setValueToCellByIndex(sheet01, n, 0, dashboardName): null

17-03-2025T07:11:46 - [TEST_STEP][PASSED] - setValueToCellByIndex(sheet01, n, 1, dZO): null

17-03-2025T07:11:46 - [TEST_STEP][PASSED] - setValueToCellByIndex(sheet01, n, 2, typeOfData): null

17-03-2025T07:11:46 - [TEST_STEP][PASSED] - if (typeOfData == "Факт в процентах" || typeOfData == "План в процентах"): null

17-03-2025T07:11:46 - [TEST_STEP][PASSED] - else: null

17-03-2025T07:11:46 - [TEST_STEP][PASSED] - setValueToCellByIndex(sheet01, n, 3, fileInt): null

17-03-2025T07:11:46 - [TEST_STEP][PASSED] - setValueToCellByIndex(sheet01, n, 4, pageInt): null

17-03-2025T07:11:46 - [TEST_STEP][PASSED] - setValueToCellByIndex(sheet01, n, 5, m): null

17-03-2025T07:11:46 - [TEST_STEP][PASSED] - setValueToCellByIndex(sheet01, n, 6, y): null

17-03-2025T07:11:46 - [TEST_STEP][PASSED] - setValueToCellByIndex(sheet01, n, 7, todaysDate): null

17-03-2025T07:11:46 - [TEST_STEP][PASSED] - n = n + 1: null

17-03-2025T07:11:46 - [TEST_STEP][PASSED] - saveWorkbook(excelFilePath, workbook01): Object: 'Object Repository/Выполнение бизнес-плана/Кнопка Факт' is clicked on

17-03-2025T07:11:46 - [TEST_STEP][PASSED] - if (planFact == 2): Object: 'Object Repository/Выполнение бизнес-плана/Кнопка Факт' is clicked on

17-03-2025T07:11:46 - [TEST_STEP][PASSED] - click(findTestObject("Выполнение бизнес-плана/Кнопка Факт")): Object: 'Object Repository/Выполнение бизнес-плана/Кнопка Факт' is clicked on

17-03-2025T07:11:46 - [MESSAGE][PASSED] - Object: 'Object Repository/Выполнение бизнес-плана/Кнопка Факт' is clicked on

17-03-2025T07:11:46 - [TEST_STEP][PASSED] - println("a=" + a): null

17-03-2025T07:11:46 - [TEST_STEP][PASSED] - if (a == 84 || a == 82): null

17-03-2025T07:11:46 - [TEST_STEP][PASSED] - else if (a == 83 || a == 52 || a == 72 || a == 28 || a == 73 || a == 77 || a == 74 || a == 65 || a == 36 || a == 44 || a == 53 || a == 80 || a == 54 || a == 1 || a == 18 || a == 59 || a == 81): null

17-03-2025T07:11:46 - [TEST_STEP][PASSED] - else: null

17-03-2025T07:11:46 - [TEST_STEP][PASSED] - page1 = getText(findTestObject("Object Repository/Выполнение бизнес-плана/spanPlan" + filialNum)): Text of object 'Object Repository/Выполнение бизнес-плана/spanPlan3' is: '8.51
|'

17-03-2025T07:11:47 - [MESSAGE][PASSED] - Text of object 'Object Repository/Выполнение бизнес-плана/spanPlan3' is: '8.51
|'

17-03-2025T07:11:47 - [TEST_STEP][PASSED] - page1 = page1.replace("|", ""): null

17-03-2025T07:11:47 - [TEST_STEP][PASSED] - page2 = getText(findTestObject("Object Repository/Выполнение бизнес-плана/spanFact" + filialNum)): Text of object 'Object Repository/Выполнение бизнес-плана/spanFact3' is: '7.38
|'

17-03-2025T07:11:47 - [MESSAGE][PASSED] - Text of object 'Object Repository/Выполнение бизнес-плана/spanFact3' is: '7.38
|'

17-03-2025T07:11:47 - [TEST_STEP][PASSED] - page2 = page2.replace("|", ""): null

17-03-2025T07:11:47 - [TEST_STEP][PASSED] - println("page1: " + page1): null

17-03-2025T07:11:47 - [TEST_STEP][PASSED] - println("page2: " + page2): null

17-03-2025T07:11:47 - [TEST_STEP][PASSED] - file = findTestData("PlanFact").getValue(4, a): null

17-03-2025T07:11:47 - [TEST_STEP][PASSED] - file = file.replace(",", "."): null

17-03-2025T07:11:47 - [TEST_STEP][PASSED] - println("file Plan: " + file): null

17-03-2025T07:11:47 - [TEST_STEP][PASSED] - typeOfData = "План в процентах": null

17-03-2025T07:11:47 - [TEST_STEP][PASSED] - fileDouble = file.toDouble(): null

17-03-2025T07:11:47 - [TEST_STEP][PASSED] - pageDouble = page1.toDouble(): null

17-03-2025T07:11:47 - [TEST_STEP][PASSED] - if (fileDouble != pageDouble): null

17-03-2025T07:11:47 - [TEST_STEP][PASSED] - file = findTestData("PlanFact").getValue(7, a): null

17-03-2025T07:11:47 - [TEST_STEP][PASSED] - file = file.replace(",", "."): null

17-03-2025T07:11:47 - [TEST_STEP][PASSED] - println("file Fact: " + file): null

17-03-2025T07:11:47 - [TEST_STEP][PASSED] - fileDouble = file.toDouble(): null

17-03-2025T07:11:47 - [TEST_STEP][PASSED] - typeOfData = "Факт в процентах": null

17-03-2025T07:11:47 - [TEST_STEP][PASSED] - fileDouble = file.toDouble(): null

17-03-2025T07:11:47 - [TEST_STEP][PASSED] - pageDouble = page2.toDouble(): null

17-03-2025T07:11:47 - [TEST_STEP][PASSED] - if (fileDouble != pageDouble): null

17-03-2025T07:11:47 - [TEST_STEP][FAILED] - if (verifyEqual(numberOfErrors, 0) == false): null

17-03-2025T07:11:47 - [MESSAGE][FAILED] - Unable to verify equal between actual object '4' and expected object '0' (Root cause: com.kms.katalon.core.exception.StepFailedException: Actual object '4' and expected object '0' are not equal
	at com.kms.katalon.core.keyword.builtin.VerifyEqualKeyword$_verifyEqual_closure1.doCall(VerifyEqualKeyword.groovy:58)
	at com.kms.katalon.core.keyword.builtin.VerifyEqualKeyword$_verifyEqual_closure1.call(VerifyEqualKeyword.groovy)
	at com.kms.katalon.core.keyword.internal.KeywordMain.runKeyword(KeywordMain.groovy:75)
	at com.kms.katalon.core.keyword.builtin.VerifyEqualKeyword.verifyEqual(VerifyEqualKeyword.groovy:63)
	at com.kms.katalon.core.keyword.builtin.VerifyEqualKeyword.execute(VerifyEqualKeyword.groovy:44)
	at com.kms.katalon.core.keyword.internal.KeywordExecutor.executeKeywordForPlatform(KeywordExecutor.groovy:74)
	at com.kms.katalon.core.keyword.BuiltinKeywords.verifyEqual(BuiltinKeywords.groovy:146)
	at jdk.internal.reflect.GeneratedMethodAccessor23.invoke(Unknown Source)
	at java.base/jdk.internal.reflect.DelegatingMethodAccessorImpl.invoke(DelegatingMethodAccessorImpl.java:43)
	at Выполнение бизнес-плана Сверка ПАО Россети все филиалы.Numbers(Выполнение бизнес-плана Сверка ПАО Россети все филиалы:744)
	at Выполнение бизнес-плана Сверка ПАО Россети все филиалы.Filials(Выполнение бизнес-плана Сверка ПАО Россети все филиалы:1741)
	at Выполнение бизнес-плана Сверка ПАО Россети все филиалы.Numbers(Выполнение бизнес-плана Сверка ПАО Россети все филиалы:751)
	at Выполнение бизнес-плана Сверка ПАО Россети все филиалы.run(Выполнение бизнес-плана Сверка ПАО Россети все филиалы:399)
	at com.kms.katalon.core.main.ScriptEngine.run(ScriptEngine.java:194)
	at com.kms.katalon.core.main.ScriptEngine.runScriptAsRawText(ScriptEngine.java:119)
	at com.kms.katalon.core.main.TestCaseExecutor.runScript(TestCaseExecutor.java:448)
	at com.kms.katalon.core.main.TestCaseExecutor.doExecute(TestCaseExecutor.java:439)
	at com.kms.katalon.core.main.TestCaseExecutor.processExecutionPhase(TestCaseExecutor.java:418)
	at com.kms.katalon.core.main.TestCaseExecutor.accessMainPhase(TestCaseExecutor.java:410)
	at com.kms.katalon.core.main.TestCaseExecutor.execute(TestCaseExecutor.java:285)
	at com.kms.katalon.core.common.CommonExecutor.accessTestCaseMainPhase(CommonExecutor.java:65)
	at com.kms.katalon.core.main.TestSuiteExecutor.accessTestSuiteMainPhase(TestSuiteExecutor.java:150)
	at com.kms.katalon.core.main.TestSuiteExecutor.execute(TestSuiteExecutor.java:106)
	at com.kms.katalon.core.main.TestCaseMain.startTestSuite(TestCaseMain.java:180)
	at TempTestSuite1742171011514.run(TempTestSuite1742171011514.groovy:35)
	at java.base/jdk.internal.reflect.NativeMethodAccessorImpl.invoke0(Native Method)
	at java.base/jdk.internal.reflect.NativeMethodAccessorImpl.invoke(NativeMethodAccessorImpl.java:77)
	at java.base/jdk.internal.reflect.DelegatingMethodAccessorImpl.invoke(DelegatingMethodAccessorImpl.java:43)
)

17-03-2025T07:11:47 - [TEST_STEP][PASSED] - println(numberOfErrors): null

17-03-2025T07:11:47 - [TEST_STEP][PASSED] - println("a=" + a): null

17-03-2025T07:11:47 - [TEST_STEP][PASSED] - if (a == 28 || a == 77 || a == 74 || a == 65 || a == 36 || a == 44 || a == 54 || a == 1 || a == 18 || a == 59): null

17-03-2025T07:11:47 - [TEST_STEP][PASSED] - if (a == 82): null

17-03-2025T07:11:47 - [TEST_STEP][PASSED] - dZO = "Калмэнерго": null

17-03-2025T07:11:47 - [TEST_STEP][PASSED] - a = 62: null

17-03-2025T07:11:47 - [TEST_STEP][PASSED] - if (x2.contains(dZO)): null

17-03-2025T07:11:47 - [TEST_STEP][PASSED] - filialNum = filialNum + 1: null

17-03-2025T07:11:47 - [TEST_STEP][PASSED] - Script1718980020443.Numbers(a, typeOfData, todaysDate, pageInt, fileInt, pageDouble, fileDouble, dZO, dzoNum, filialNum): null

17-03-2025T07:11:47 - [TEST_STEP][PASSED] - println(dzoNum): null

17-03-2025T07:11:47 - [TEST_STEP][PASSED] - planFact = <not implemented yet for class: org.codehaus.groovy.ast.expr.EmptyExpression>: null

17-03-2025T07:11:47 - [TEST_STEP][PASSED] - page = <not implemented yet for class: org.codehaus.groovy.ast.expr.EmptyExpression>: null

17-03-2025T07:11:47 - [TEST_STEP][PASSED] - page1 = <not implemented yet for class: org.codehaus.groovy.ast.expr.EmptyExpression>: null

17-03-2025T07:11:47 - [TEST_STEP][PASSED] - page2 = <not implemented yet for class: org.codehaus.groovy.ast.expr.EmptyExpression>: null

17-03-2025T07:11:47 - [TEST_STEP][PASSED] - filialNumberInRow = <not implemented yet for class: org.codehaus.groovy.ast.expr.EmptyExpression>: null

17-03-2025T07:11:47 - [TEST_STEP][PASSED] - filialsDzoNames = <not implemented yet for class: org.codehaus.groovy.ast.expr.EmptyExpression>: null

17-03-2025T07:11:47 - [TEST_STEP][PASSED] - numberOfFilials = <not implemented yet for class: org.codehaus.groovy.ast.expr.EmptyExpression>: null

17-03-2025T07:11:47 - [TEST_STEP][PASSED] - numberOfSpaces = <not implemented yet for class: org.codehaus.groovy.ast.expr.EmptyExpression>: null

17-03-2025T07:11:47 - [TEST_STEP][PASSED] - file = <not implemented yet for class: org.codehaus.groovy.ast.expr.EmptyExpression>: null

17-03-2025T07:11:47 - [TEST_STEP][PASSED] - otpusk = <not implemented yet for class: org.codehaus.groovy.ast.expr.EmptyExpression>: null

17-03-2025T07:11:47 - [TEST_STEP][PASSED] - poteri = <not implemented yet for class: org.codehaus.groovy.ast.expr.EmptyExpression>: null

17-03-2025T07:11:47 - [TEST_STEP][PASSED] - dataFolder = "Выполнение бизнес-плана/Значения со страницы Выполнение бизнес-плана/": null

17-03-2025T07:11:47 - [TEST_STEP][PASSED] - path = <not implemented yet for class: org.codehaus.groovy.ast.expr.EmptyExpression>: null

17-03-2025T07:11:47 - [TEST_STEP][PASSED] - typeOfDataMain = <not implemented yet for class: org.codehaus.groovy.ast.expr.EmptyExpression>: null

17-03-2025T07:11:47 - [TEST_STEP][PASSED] - fileOtpuskVSet = <not implemented yet for class: org.codehaus.groovy.ast.expr.EmptyExpression>: null

17-03-2025T07:11:47 - [TEST_STEP][PASSED] - pageOtpuskVSet = <not implemented yet for class: org.codehaus.groovy.ast.expr.EmptyExpression>: null

17-03-2025T07:11:47 - [TEST_STEP][PASSED] - filePoteri = <not implemented yet for class: org.codehaus.groovy.ast.expr.EmptyExpression>: null

17-03-2025T07:11:47 - [TEST_STEP][PASSED] - pagePoteri = <not implemented yet for class: org.codehaus.groovy.ast.expr.EmptyExpression>: null

17-03-2025T07:11:47 - [TEST_STEP][PASSED] - compare = <not implemented yet for class: org.codehaus.groovy.ast.expr.EmptyExpression>: null

17-03-2025T07:11:47 - [TEST_STEP][PASSED] - b = <not implemented yet for class: org.codehaus.groovy.ast.expr.EmptyExpression>: null

17-03-2025T07:11:47 - [TEST_STEP][PASSED] - i = <not implemented yet for class: org.codehaus.groovy.ast.expr.EmptyExpression>: null

17-03-2025T07:11:47 - [TEST_STEP][PASSED] - ii = <not implemented yet for class: org.codehaus.groovy.ast.expr.EmptyExpression>: null

17-03-2025T07:11:47 - [TEST_STEP][PASSED] - c = <not implemented yet for class: org.codehaus.groovy.ast.expr.EmptyExpression>: null

17-03-2025T07:11:47 - [TEST_STEP][PASSED] - numberOfErrors = 0: null

17-03-2025T07:11:47 - [TEST_STEP][PASSED] - if (a == 82): null

17-03-2025T07:11:47 - [TEST_STEP][PASSED] - b = findTestData("PlanFact").getValue(1, a): null

17-03-2025T07:11:47 - [TEST_STEP][PASSED] - i = b.indexOf(" (ГК)"): null

17-03-2025T07:11:47 - [TEST_STEP][PASSED] - if (i > -1): null

17-03-2025T07:11:47 - [TEST_STEP][PASSED] - i = b.indexOf("О ""): null

17-03-2025T07:11:47 - [TEST_STEP][PASSED] - if (i > -1): null

17-03-2025T07:11:47 - [TEST_STEP][PASSED] - i = b.indexOf("О «"): null

17-03-2025T07:11:47 - [TEST_STEP][PASSED] - if (i > -1): null

17-03-2025T07:11:47 - [TEST_STEP][PASSED] - i = b.indexOf("г. "): null

17-03-2025T07:11:47 - [TEST_STEP][PASSED] - if (i > -1): null

17-03-2025T07:11:47 - [TEST_STEP][PASSED] - b = b.trim(): null

17-03-2025T07:11:47 - [TEST_STEP][PASSED] - println(b): null

17-03-2025T07:11:47 - [TEST_STEP][PASSED] - for ([planFact = 1, planFact < 3, (planFact++)]): Object: 'Object Repository/Выполнение бизнес-плана/Кнопка Факт' is clicked on

17-03-2025T07:11:47 - [TEST_STEP][PASSED] - if (planFact == 1): null

17-03-2025T07:11:47 - [TEST_STEP][PASSED] - typeOfDataMain = "Факт": null

17-03-2025T07:11:47 - [TEST_STEP][PASSED] - otpusk = findTestData("PlanFact").getValue(5, a): null

17-03-2025T07:11:47 - [TEST_STEP][PASSED] - poteri = findTestData("PlanFact").getValue(6, a): null

17-03-2025T07:11:47 - [TEST_STEP][PASSED] - otpusk = otpusk.replaceAll("\s+", ""): null

17-03-2025T07:11:47 - [TEST_STEP][PASSED] - poteri = poteri.replaceAll("\s+", ""): null

17-03-2025T07:11:47 - [TEST_STEP][PASSED] - typeOfData = typeOfDataMain + " Отпуск в сеть": null

17-03-2025T07:11:47 - [TEST_STEP][PASSED] - if (a == 82): null

17-03-2025T07:11:47 - [TEST_STEP][PASSED] - else if (a == 84): null

17-03-2025T07:11:47 - [TEST_STEP][PASSED] - else if (a == 83 || a == 52 || a == 72 || a == 28 || a == 73 || a == 77 || a == 74 || a == 65 || a == 36 || a == 44 || a == 53 || a == 80 || a == 54 || a == 1 || a == 18 || a == 59 || a == 81): null

17-03-2025T07:11:47 - [TEST_STEP][PASSED] - else: null

17-03-2025T07:11:47 - [TEST_STEP][PASSED] - path = dataFolder + typeOfData + " за отчётный период " + b: null

17-03-2025T07:11:47 - [TEST_STEP][PASSED] - println(path): null

17-03-2025T07:11:47 - [TEST_STEP][PASSED] - page = getText(findTestObject(path)): Text of object 'Object Repository/Выполнение бизнес-плана/Значения со страницы Выполнение бизнес-плана/Факт Отпуск в сеть за отчётный период Калмэнерго' is: '81 664'

17-03-2025T07:11:47 - [MESSAGE][PASSED] - Text of object 'Object Repository/Выполнение бизнес-плана/Значения со страницы Выполнение бизнес-плана/Факт Отпуск в сеть за отчётный период Калмэнерго' is: '81 664'

17-03-2025T07:11:47 - [TEST_STEP][PASSED] - if (page == "" || page == null): null

17-03-2025T07:11:47 - [TEST_STEP][PASSED] - else: null

17-03-2025T07:11:47 - [TEST_STEP][PASSED] - page = page.replaceAll("\s+", ""): null

17-03-2025T07:11:47 - [TEST_STEP][PASSED] - if (page == "undefined"): null

17-03-2025T07:11:47 - [TEST_STEP][PASSED] - fileOtpuskVSet = otpusk.toInteger(): null

17-03-2025T07:11:47 - [TEST_STEP][PASSED] - pageOtpuskVSet = page.toInteger(): null

17-03-2025T07:11:47 - [TEST_STEP][PASSED] - typeOfData = typeOfDataMain + " Потери": null

17-03-2025T07:11:47 - [TEST_STEP][PASSED] - if (a == 82): null

17-03-2025T07:11:47 - [TEST_STEP][PASSED] - else if (a == 84): null

17-03-2025T07:11:47 - [TEST_STEP][PASSED] - else if (a == 83 || a == 52 || a == 72 || a == 28 || a == 73 || a == 77 || a == 74 || a == 65 || a == 44 || a == 53 || a == 80 || a == 54 || a == 1 || a == 18 || a == 59 || a == 81): null

17-03-2025T07:11:47 - [TEST_STEP][PASSED] - else: null

17-03-2025T07:11:47 - [TEST_STEP][PASSED] - path = dataFolder + typeOfData + " за отчётный период " + b: null

17-03-2025T07:11:47 - [TEST_STEP][PASSED] - page = getText(findTestObject(path)): Text of object 'Object Repository/Выполнение бизнес-плана/Значения со страницы Выполнение бизнес-плана/Факт Потери за отчётный период Калмэнерго' is: '21 020'

17-03-2025T07:11:48 - [MESSAGE][PASSED] - Text of object 'Object Repository/Выполнение бизнес-плана/Значения со страницы Выполнение бизнес-плана/Факт Потери за отчётный период Калмэнерго' is: '21 020'

17-03-2025T07:11:48 - [TEST_STEP][PASSED] - if (page == "" || page == null): null

17-03-2025T07:11:48 - [TEST_STEP][PASSED] - else: null

17-03-2025T07:11:48 - [TEST_STEP][PASSED] - page = page.replaceAll("\s+", ""): null

17-03-2025T07:11:48 - [TEST_STEP][PASSED] - if (page == "undefined"): null

17-03-2025T07:11:48 - [TEST_STEP][PASSED] - filePoteri = poteri.toInteger(): null

17-03-2025T07:11:48 - [TEST_STEP][PASSED] - pagePoteri = page.toInteger(): null

17-03-2025T07:11:48 - [TEST_STEP][PASSED] - compare = pageOtpuskVSet: null

17-03-2025T07:11:48 - [TEST_STEP][PASSED] - if (pageOtpuskVSet != null): null

17-03-2025T07:11:48 - [TEST_STEP][PASSED] - if (compare == fileOtpuskVSet): null

17-03-2025T07:11:48 - [TEST_STEP][PASSED] - if (compare == fileOtpuskVSet): null

17-03-2025T07:11:48 - [TEST_STEP][PASSED] - compare = pagePoteri: null

17-03-2025T07:11:48 - [TEST_STEP][PASSED] - if (pageOtpuskVSet != null): null

17-03-2025T07:11:48 - [TEST_STEP][PASSED] - if (compare == filePoteri): null

17-03-2025T07:11:48 - [TEST_STEP][PASSED] - if (compare == filePoteri): null

17-03-2025T07:11:48 - [TEST_STEP][PASSED] - if (planFact == 2): null

17-03-2025T07:11:48 - [TEST_STEP][PASSED] - if (planFact == 1): null

17-03-2025T07:11:48 - [TEST_STEP][PASSED] - else if (planFact == 2): null

17-03-2025T07:11:48 - [TEST_STEP][PASSED] - click(findTestObject("Выполнение бизнес-плана/Кнопка План")): Object: 'Object Repository/Выполнение бизнес-плана/Кнопка План' is clicked on

17-03-2025T07:11:48 - [MESSAGE][PASSED] - Object: 'Object Repository/Выполнение бизнес-плана/Кнопка План' is clicked on

17-03-2025T07:11:48 - [TEST_STEP][PASSED] - typeOfDataMain = "План": null

17-03-2025T07:11:48 - [TEST_STEP][PASSED] - otpusk = findTestData("PlanFact").getValue(2, a): null

17-03-2025T07:11:48 - [TEST_STEP][PASSED] - poteri = findTestData("PlanFact").getValue(3, a): null

17-03-2025T07:11:48 - [TEST_STEP][PASSED] - otpusk = otpusk.replaceAll("\s+", ""): null

17-03-2025T07:11:48 - [TEST_STEP][PASSED] - poteri = poteri.replaceAll("\s+", ""): null

17-03-2025T07:11:48 - [TEST_STEP][PASSED] - typeOfData = typeOfDataMain + " Отпуск в сеть": null

17-03-2025T07:11:48 - [TEST_STEP][PASSED] - if (a == 82): null

17-03-2025T07:11:48 - [TEST_STEP][PASSED] - else if (a == 84): null

17-03-2025T07:11:48 - [TEST_STEP][PASSED] - else if (a == 83 || a == 52 || a == 72 || a == 28 || a == 73 || a == 77 || a == 74 || a == 65 || a == 36 || a == 44 || a == 53 || a == 80 || a == 54 || a == 1 || a == 18 || a == 59 || a == 81): null

17-03-2025T07:11:48 - [TEST_STEP][PASSED] - else: null

17-03-2025T07:11:48 - [TEST_STEP][PASSED] - path = dataFolder + typeOfData + " за отчётный период " + b: null

17-03-2025T07:11:48 - [TEST_STEP][PASSED] - println(path): null

17-03-2025T07:11:48 - [TEST_STEP][PASSED] - page = getText(findTestObject(path)): Text of object 'Object Repository/Выполнение бизнес-плана/Значения со страницы Выполнение бизнес-плана/План Отпуск в сеть за отчётный период Калмэнерго' is: '86 395'

17-03-2025T07:11:49 - [MESSAGE][PASSED] - Text of object 'Object Repository/Выполнение бизнес-плана/Значения со страницы Выполнение бизнес-плана/План Отпуск в сеть за отчётный период Калмэнерго' is: '86 395'

17-03-2025T07:11:49 - [TEST_STEP][PASSED] - if (page == "" || page == null): null

17-03-2025T07:11:49 - [TEST_STEP][PASSED] - else: null

17-03-2025T07:11:49 - [TEST_STEP][PASSED] - page = page.replaceAll("\s+", ""): null

17-03-2025T07:11:49 - [TEST_STEP][PASSED] - if (page == "undefined"): null

17-03-2025T07:11:49 - [TEST_STEP][PASSED] - fileOtpuskVSet = otpusk.toInteger(): null

17-03-2025T07:11:49 - [TEST_STEP][PASSED] - pageOtpuskVSet = page.toInteger(): null

17-03-2025T07:11:49 - [TEST_STEP][PASSED] - typeOfData = typeOfDataMain + " Потери": null

17-03-2025T07:11:49 - [TEST_STEP][PASSED] - if (a == 82): null

17-03-2025T07:11:49 - [TEST_STEP][PASSED] - else if (a == 84): null

17-03-2025T07:11:49 - [TEST_STEP][PASSED] - else if (a == 83 || a == 52 || a == 72 || a == 28 || a == 73 || a == 77 || a == 74 || a == 65 || a == 44 || a == 53 || a == 80 || a == 54 || a == 1 || a == 18 || a == 59 || a == 81): null

17-03-2025T07:11:49 - [TEST_STEP][PASSED] - else: null

17-03-2025T07:11:49 - [TEST_STEP][PASSED] - path = dataFolder + typeOfData + " за отчётный период " + b: null

17-03-2025T07:11:49 - [TEST_STEP][PASSED] - page = getText(findTestObject(path)): Text of object 'Object Repository/Выполнение бизнес-плана/Значения со страницы Выполнение бизнес-плана/План Потери за отчётный период Калмэнерго' is: '23 319'

17-03-2025T07:11:49 - [MESSAGE][PASSED] - Text of object 'Object Repository/Выполнение бизнес-плана/Значения со страницы Выполнение бизнес-плана/План Потери за отчётный период Калмэнерго' is: '23 319'

17-03-2025T07:11:49 - [TEST_STEP][PASSED] - if (page == "" || page == null): null

17-03-2025T07:11:49 - [TEST_STEP][PASSED] - else: null

17-03-2025T07:11:49 - [TEST_STEP][PASSED] - page = page.replaceAll("\s+", ""): null

17-03-2025T07:11:49 - [TEST_STEP][PASSED] - if (page == "undefined"): null

17-03-2025T07:11:49 - [TEST_STEP][PASSED] - filePoteri = poteri.toInteger(): null

17-03-2025T07:11:49 - [TEST_STEP][PASSED] - pagePoteri = page.toInteger(): null

17-03-2025T07:11:49 - [TEST_STEP][PASSED] - compare = pageOtpuskVSet: null

17-03-2025T07:11:49 - [TEST_STEP][PASSED] - if (pageOtpuskVSet != null): null

17-03-2025T07:11:49 - [TEST_STEP][PASSED] - if (compare == fileOtpuskVSet): null

17-03-2025T07:11:49 - [TEST_STEP][PASSED] - if (compare == fileOtpuskVSet): null

17-03-2025T07:11:49 - [TEST_STEP][PASSED] - compare = pagePoteri: null

17-03-2025T07:11:49 - [TEST_STEP][PASSED] - if (pageOtpuskVSet != null): null

17-03-2025T07:11:49 - [TEST_STEP][PASSED] - if (compare == filePoteri): null

17-03-2025T07:11:49 - [TEST_STEP][PASSED] - if (compare == filePoteri): null

17-03-2025T07:11:49 - [TEST_STEP][PASSED] - if (planFact == 2): Object: 'Object Repository/Выполнение бизнес-плана/Кнопка Факт' is clicked on

17-03-2025T07:11:49 - [TEST_STEP][PASSED] - click(findTestObject("Выполнение бизнес-плана/Кнопка Факт")): Object: 'Object Repository/Выполнение бизнес-плана/Кнопка Факт' is clicked on

17-03-2025T07:11:49 - [MESSAGE][PASSED] - Object: 'Object Repository/Выполнение бизнес-плана/Кнопка Факт' is clicked on

17-03-2025T07:11:49 - [TEST_STEP][PASSED] - println("a=" + a): null

17-03-2025T07:11:49 - [TEST_STEP][PASSED] - if (a == 84 || a == 82): null

17-03-2025T07:11:49 - [TEST_STEP][PASSED] - else if (a == 83 || a == 52 || a == 72 || a == 28 || a == 73 || a == 77 || a == 74 || a == 65 || a == 36 || a == 44 || a == 53 || a == 80 || a == 54 || a == 1 || a == 18 || a == 59 || a == 81): null

17-03-2025T07:11:49 - [TEST_STEP][PASSED] - else: null

17-03-2025T07:11:49 - [TEST_STEP][PASSED] - page1 = getText(findTestObject("Object Repository/Выполнение бизнес-плана/spanPlan" + filialNum)): Text of object 'Object Repository/Выполнение бизнес-плана/spanPlan4' is: '26.99
|'

17-03-2025T07:11:49 - [MESSAGE][PASSED] - Text of object 'Object Repository/Выполнение бизнес-плана/spanPlan4' is: '26.99
|'

17-03-2025T07:11:49 - [TEST_STEP][PASSED] - page1 = page1.replace("|", ""): null

17-03-2025T07:11:49 - [TEST_STEP][PASSED] - page2 = getText(findTestObject("Object Repository/Выполнение бизнес-плана/spanFact" + filialNum)): Text of object 'Object Repository/Выполнение бизнес-плана/spanFact4' is: '25.74
|'

17-03-2025T07:11:50 - [MESSAGE][PASSED] - Text of object 'Object Repository/Выполнение бизнес-плана/spanFact4' is: '25.74
|'

17-03-2025T07:11:50 - [TEST_STEP][PASSED] - page2 = page2.replace("|", ""): null

17-03-2025T07:11:50 - [TEST_STEP][PASSED] - println("page1: " + page1): null

17-03-2025T07:11:50 - [TEST_STEP][PASSED] - println("page2: " + page2): null

17-03-2025T07:11:50 - [TEST_STEP][PASSED] - file = findTestData("PlanFact").getValue(4, a): null

17-03-2025T07:11:50 - [TEST_STEP][PASSED] - file = file.replace(",", "."): null

17-03-2025T07:11:50 - [TEST_STEP][PASSED] - println("file Plan: " + file): null

17-03-2025T07:11:50 - [TEST_STEP][PASSED] - typeOfData = "План в процентах": null

17-03-2025T07:11:50 - [TEST_STEP][PASSED] - fileDouble = file.toDouble(): null

17-03-2025T07:11:50 - [TEST_STEP][PASSED] - pageDouble = page1.toDouble(): null

17-03-2025T07:11:50 - [TEST_STEP][PASSED] - if (fileDouble != pageDouble): null

17-03-2025T07:11:50 - [TEST_STEP][PASSED] - file = findTestData("PlanFact").getValue(7, a): null

17-03-2025T07:11:50 - [TEST_STEP][PASSED] - file = file.replace(",", "."): null

17-03-2025T07:11:50 - [TEST_STEP][PASSED] - println("file Fact: " + file): null

17-03-2025T07:11:50 - [TEST_STEP][PASSED] - fileDouble = file.toDouble(): null

17-03-2025T07:11:50 - [TEST_STEP][PASSED] - typeOfData = "Факт в процентах": null

17-03-2025T07:11:50 - [TEST_STEP][PASSED] - fileDouble = file.toDouble(): null

17-03-2025T07:11:50 - [TEST_STEP][PASSED] - pageDouble = page2.toDouble(): null

17-03-2025T07:11:50 - [TEST_STEP][PASSED] - if (fileDouble != pageDouble): null

17-03-2025T07:11:50 - [TEST_STEP][PASSED] - if (verifyEqual(numberOfErrors, 0) == false): Actual object '0' and expected object '0' are equal

17-03-2025T07:11:50 - [MESSAGE][PASSED] - Actual object '0' and expected object '0' are equal

17-03-2025T07:11:50 - [TEST_STEP][PASSED] - if (a == 82): null

17-03-2025T07:11:50 - [TEST_STEP][PASSED] - dZO = "Ростовэнерго": null

17-03-2025T07:11:50 - [TEST_STEP][PASSED] - a = 63: null

17-03-2025T07:11:50 - [TEST_STEP][PASSED] - if (x2.contains(dZO)): null

17-03-2025T07:11:50 - [TEST_STEP][PASSED] - filialNum = filialNum + 1: null

17-03-2025T07:11:50 - [TEST_STEP][PASSED] - Script1718980020443.Numbers(a, typeOfData, todaysDate, pageInt, fileInt, pageDouble, fileDouble, dZO, dzoNum, filialNum): null

17-03-2025T07:11:50 - [TEST_STEP][PASSED] - println(dzoNum): null

17-03-2025T07:11:50 - [TEST_STEP][PASSED] - planFact = <not implemented yet for class: org.codehaus.groovy.ast.expr.EmptyExpression>: null

17-03-2025T07:11:50 - [TEST_STEP][PASSED] - page = <not implemented yet for class: org.codehaus.groovy.ast.expr.EmptyExpression>: null

17-03-2025T07:11:50 - [TEST_STEP][PASSED] - page1 = <not implemented yet for class: org.codehaus.groovy.ast.expr.EmptyExpression>: null

17-03-2025T07:11:50 - [TEST_STEP][PASSED] - page2 = <not implemented yet for class: org.codehaus.groovy.ast.expr.EmptyExpression>: null

17-03-2025T07:11:50 - [TEST_STEP][PASSED] - filialNumberInRow = <not implemented yet for class: org.codehaus.groovy.ast.expr.EmptyExpression>: null

17-03-2025T07:11:50 - [TEST_STEP][PASSED] - filialsDzoNames = <not implemented yet for class: org.codehaus.groovy.ast.expr.EmptyExpression>: null

17-03-2025T07:11:50 - [TEST_STEP][PASSED] - numberOfFilials = <not implemented yet for class: org.codehaus.groovy.ast.expr.EmptyExpression>: null

17-03-2025T07:11:50 - [TEST_STEP][PASSED] - numberOfSpaces = <not implemented yet for class: org.codehaus.groovy.ast.expr.EmptyExpression>: null

17-03-2025T07:11:50 - [TEST_STEP][PASSED] - file = <not implemented yet for class: org.codehaus.groovy.ast.expr.EmptyExpression>: null

17-03-2025T07:11:50 - [TEST_STEP][PASSED] - otpusk = <not implemented yet for class: org.codehaus.groovy.ast.expr.EmptyExpression>: null

17-03-2025T07:11:50 - [TEST_STEP][PASSED] - poteri = <not implemented yet for class: org.codehaus.groovy.ast.expr.EmptyExpression>: null

17-03-2025T07:11:50 - [TEST_STEP][PASSED] - dataFolder = "Выполнение бизнес-плана/Значения со страницы Выполнение бизнес-плана/": null

17-03-2025T07:11:50 - [TEST_STEP][PASSED] - path = <not implemented yet for class: org.codehaus.groovy.ast.expr.EmptyExpression>: null

17-03-2025T07:11:50 - [TEST_STEP][PASSED] - typeOfDataMain = <not implemented yet for class: org.codehaus.groovy.ast.expr.EmptyExpression>: null

17-03-2025T07:11:50 - [TEST_STEP][PASSED] - fileOtpuskVSet = <not implemented yet for class: org.codehaus.groovy.ast.expr.EmptyExpression>: null

17-03-2025T07:11:50 - [TEST_STEP][PASSED] - pageOtpuskVSet = <not implemented yet for class: org.codehaus.groovy.ast.expr.EmptyExpression>: null

17-03-2025T07:11:50 - [TEST_STEP][PASSED] - filePoteri = <not implemented yet for class: org.codehaus.groovy.ast.expr.EmptyExpression>: null

17-03-2025T07:11:50 - [TEST_STEP][PASSED] - pagePoteri = <not implemented yet for class: org.codehaus.groovy.ast.expr.EmptyExpression>: null

17-03-2025T07:11:50 - [TEST_STEP][PASSED] - compare = <not implemented yet for class: org.codehaus.groovy.ast.expr.EmptyExpression>: null

17-03-2025T07:11:50 - [TEST_STEP][PASSED] - b = <not implemented yet for class: org.codehaus.groovy.ast.expr.EmptyExpression>: null

17-03-2025T07:11:50 - [TEST_STEP][PASSED] - i = <not implemented yet for class: org.codehaus.groovy.ast.expr.EmptyExpression>: null

17-03-2025T07:11:50 - [TEST_STEP][PASSED] - ii = <not implemented yet for class: org.codehaus.groovy.ast.expr.EmptyExpression>: null

17-03-2025T07:11:50 - [TEST_STEP][PASSED] - c = <not implemented yet for class: org.codehaus.groovy.ast.expr.EmptyExpression>: null

17-03-2025T07:11:50 - [TEST_STEP][PASSED] - numberOfErrors = 0: null

17-03-2025T07:11:50 - [TEST_STEP][PASSED] - if (a == 82): null

17-03-2025T07:11:50 - [TEST_STEP][PASSED] - b = findTestData("PlanFact").getValue(1, a): null

17-03-2025T07:11:50 - [TEST_STEP][PASSED] - i = b.indexOf(" (ГК)"): null

17-03-2025T07:11:50 - [TEST_STEP][PASSED] - if (i > -1): null

17-03-2025T07:11:50 - [TEST_STEP][PASSED] - i = b.indexOf("О ""): null

17-03-2025T07:11:50 - [TEST_STEP][PASSED] - if (i > -1): null

17-03-2025T07:11:50 - [TEST_STEP][PASSED] - i = b.indexOf("О «"): null

17-03-2025T07:11:50 - [TEST_STEP][PASSED] - if (i > -1): null

17-03-2025T07:11:50 - [TEST_STEP][PASSED] - i = b.indexOf("г. "): null

17-03-2025T07:11:50 - [TEST_STEP][PASSED] - if (i > -1): null

17-03-2025T07:11:50 - [TEST_STEP][PASSED] - b = b.trim(): null

17-03-2025T07:11:50 - [TEST_STEP][PASSED] - println(b): null

17-03-2025T07:11:50 - [TEST_STEP][PASSED] - for ([planFact = 1, planFact < 3, (planFact++)]): Object: 'Object Repository/Выполнение бизнес-плана/Кнопка Факт' is clicked on

17-03-2025T07:11:50 - [TEST_STEP][PASSED] - if (planFact == 1): null

17-03-2025T07:11:50 - [TEST_STEP][PASSED] - typeOfDataMain = "Факт": null

17-03-2025T07:11:50 - [TEST_STEP][PASSED] - otpusk = findTestData("PlanFact").getValue(5, a): null

17-03-2025T07:11:50 - [TEST_STEP][PASSED] - poteri = findTestData("PlanFact").getValue(6, a): null

17-03-2025T07:11:50 - [TEST_STEP][PASSED] - otpusk = otpusk.replaceAll("\s+", ""): null

17-03-2025T07:11:50 - [TEST_STEP][PASSED] - poteri = poteri.replaceAll("\s+", ""): null

17-03-2025T07:11:50 - [TEST_STEP][PASSED] - typeOfData = typeOfDataMain + " Отпуск в сеть": null

17-03-2025T07:11:50 - [TEST_STEP][PASSED] - if (a == 82): null

17-03-2025T07:11:50 - [TEST_STEP][PASSED] - else if (a == 84): null

17-03-2025T07:11:50 - [TEST_STEP][PASSED] - else if (a == 83 || a == 52 || a == 72 || a == 28 || a == 73 || a == 77 || a == 74 || a == 65 || a == 36 || a == 44 || a == 53 || a == 80 || a == 54 || a == 1 || a == 18 || a == 59 || a == 81): null

17-03-2025T07:11:50 - [TEST_STEP][PASSED] - else: null

17-03-2025T07:11:50 - [TEST_STEP][PASSED] - path = dataFolder + typeOfData + " за отчётный период " + b: null

17-03-2025T07:11:50 - [TEST_STEP][PASSED] - println(path): null

17-03-2025T07:11:50 - [TEST_STEP][PASSED] - page = getText(findTestObject(path)): Text of object 'Object Repository/Выполнение бизнес-плана/Значения со страницы Выполнение бизнес-плана/Факт Отпуск в сеть за отчётный период Ростовэнерго' is: '1 339 315'

17-03-2025T07:11:50 - [MESSAGE][PASSED] - Text of object 'Object Repository/Выполнение бизнес-плана/Значения со страницы Выполнение бизнес-плана/Факт Отпуск в сеть за отчётный период Ростовэнерго' is: '1 339 315'

17-03-2025T07:11:50 - [TEST_STEP][PASSED] - if (page == "" || page == null): null

17-03-2025T07:11:50 - [TEST_STEP][PASSED] - else: null

17-03-2025T07:11:50 - [TEST_STEP][PASSED] - page = page.replaceAll("\s+", ""): null

17-03-2025T07:11:50 - [TEST_STEP][PASSED] - if (page == "undefined"): null

17-03-2025T07:11:50 - [TEST_STEP][PASSED] - fileOtpuskVSet = otpusk.toInteger(): null

17-03-2025T07:11:50 - [TEST_STEP][PASSED] - pageOtpuskVSet = page.toInteger(): null

17-03-2025T07:11:50 - [TEST_STEP][PASSED] - typeOfData = typeOfDataMain + " Потери": null

17-03-2025T07:11:50 - [TEST_STEP][PASSED] - if (a == 82): null

17-03-2025T07:11:50 - [TEST_STEP][PASSED] - else if (a == 84): null

17-03-2025T07:11:50 - [TEST_STEP][PASSED] - else if (a == 83 || a == 52 || a == 72 || a == 28 || a == 73 || a == 77 || a == 74 || a == 65 || a == 44 || a == 53 || a == 80 || a == 54 || a == 1 || a == 18 || a == 59 || a == 81): null

17-03-2025T07:11:50 - [TEST_STEP][PASSED] - else: null

17-03-2025T07:11:50 - [TEST_STEP][PASSED] - path = dataFolder + typeOfData + " за отчётный период " + b: null

17-03-2025T07:11:50 - [TEST_STEP][PASSED] - page = getText(findTestObject(path)): Text of object 'Object Repository/Выполнение бизнес-плана/Значения со страницы Выполнение бизнес-плана/Факт Потери за отчётный период Ростовэнерго' is: '109 266'

17-03-2025T07:11:51 - [MESSAGE][PASSED] - Text of object 'Object Repository/Выполнение бизнес-плана/Значения со страницы Выполнение бизнес-плана/Факт Потери за отчётный период Ростовэнерго' is: '109 266'

17-03-2025T07:11:51 - [TEST_STEP][PASSED] - if (page == "" || page == null): null

17-03-2025T07:11:51 - [TEST_STEP][PASSED] - else: null

17-03-2025T07:11:51 - [TEST_STEP][PASSED] - page = page.replaceAll("\s+", ""): null

17-03-2025T07:11:51 - [TEST_STEP][PASSED] - if (page == "undefined"): null

17-03-2025T07:11:51 - [TEST_STEP][PASSED] - filePoteri = poteri.toInteger(): null

17-03-2025T07:11:51 - [TEST_STEP][PASSED] - pagePoteri = page.toInteger(): null

17-03-2025T07:11:51 - [TEST_STEP][PASSED] - compare = pageOtpuskVSet: null

17-03-2025T07:11:51 - [TEST_STEP][PASSED] - if (pageOtpuskVSet != null): null

17-03-2025T07:11:51 - [TEST_STEP][PASSED] - if (compare == fileOtpuskVSet): null

17-03-2025T07:11:51 - [TEST_STEP][PASSED] - if (compare == fileOtpuskVSet): null

17-03-2025T07:11:51 - [TEST_STEP][PASSED] - compare = pagePoteri: null

17-03-2025T07:11:51 - [TEST_STEP][PASSED] - if (pageOtpuskVSet != null): null

17-03-2025T07:11:51 - [TEST_STEP][PASSED] - if (compare == filePoteri): null

17-03-2025T07:11:51 - [TEST_STEP][PASSED] - if (compare == filePoteri): null

17-03-2025T07:11:51 - [TEST_STEP][PASSED] - if (planFact == 2): null

17-03-2025T07:11:51 - [TEST_STEP][PASSED] - if (planFact == 1): null

17-03-2025T07:11:51 - [TEST_STEP][PASSED] - else if (planFact == 2): null

17-03-2025T07:11:51 - [TEST_STEP][PASSED] - click(findTestObject("Выполнение бизнес-плана/Кнопка План")): Object: 'Object Repository/Выполнение бизнес-плана/Кнопка План' is clicked on

17-03-2025T07:11:51 - [MESSAGE][PASSED] - Object: 'Object Repository/Выполнение бизнес-плана/Кнопка План' is clicked on

17-03-2025T07:11:51 - [TEST_STEP][PASSED] - typeOfDataMain = "План": null

17-03-2025T07:11:51 - [TEST_STEP][PASSED] - otpusk = findTestData("PlanFact").getValue(2, a): null

17-03-2025T07:11:51 - [TEST_STEP][PASSED] - poteri = findTestData("PlanFact").getValue(3, a): null

17-03-2025T07:11:51 - [TEST_STEP][PASSED] - otpusk = otpusk.replaceAll("\s+", ""): null

17-03-2025T07:11:51 - [TEST_STEP][PASSED] - poteri = poteri.replaceAll("\s+", ""): null

17-03-2025T07:11:51 - [TEST_STEP][PASSED] - typeOfData = typeOfDataMain + " Отпуск в сеть": null

17-03-2025T07:11:51 - [TEST_STEP][PASSED] - if (a == 82): null

17-03-2025T07:11:51 - [TEST_STEP][PASSED] - else if (a == 84): null

17-03-2025T07:11:51 - [TEST_STEP][PASSED] - else if (a == 83 || a == 52 || a == 72 || a == 28 || a == 73 || a == 77 || a == 74 || a == 65 || a == 36 || a == 44 || a == 53 || a == 80 || a == 54 || a == 1 || a == 18 || a == 59 || a == 81): null

17-03-2025T07:11:51 - [TEST_STEP][PASSED] - else: null

17-03-2025T07:11:51 - [TEST_STEP][PASSED] - path = dataFolder + typeOfData + " за отчётный период " + b: null

17-03-2025T07:11:51 - [TEST_STEP][PASSED] - println(path): null

17-03-2025T07:11:51 - [TEST_STEP][PASSED] - page = getText(findTestObject(path)): Text of object 'Object Repository/Выполнение бизнес-плана/Значения со страницы Выполнение бизнес-плана/План Отпуск в сеть за отчётный период Ростовэнерго' is: '1 403 337'

17-03-2025T07:11:51 - [MESSAGE][PASSED] - Text of object 'Object Repository/Выполнение бизнес-плана/Значения со страницы Выполнение бизнес-плана/План Отпуск в сеть за отчётный период Ростовэнерго' is: '1 403 337'

17-03-2025T07:11:51 - [TEST_STEP][PASSED] - if (page == "" || page == null): null

17-03-2025T07:11:51 - [TEST_STEP][PASSED] - else: null

17-03-2025T07:11:51 - [TEST_STEP][PASSED] - page = page.replaceAll("\s+", ""): null

17-03-2025T07:11:51 - [TEST_STEP][PASSED] - if (page == "undefined"): null

17-03-2025T07:11:51 - [TEST_STEP][PASSED] - fileOtpuskVSet = otpusk.toInteger(): null

17-03-2025T07:11:51 - [TEST_STEP][PASSED] - pageOtpuskVSet = page.toInteger(): null

17-03-2025T07:11:51 - [TEST_STEP][PASSED] - typeOfData = typeOfDataMain + " Потери": null

17-03-2025T07:11:51 - [TEST_STEP][PASSED] - if (a == 82): null

17-03-2025T07:11:51 - [TEST_STEP][PASSED] - else if (a == 84): null

17-03-2025T07:11:51 - [TEST_STEP][PASSED] - else if (a == 83 || a == 52 || a == 72 || a == 28 || a == 73 || a == 77 || a == 74 || a == 65 || a == 44 || a == 53 || a == 80 || a == 54 || a == 1 || a == 18 || a == 59 || a == 81): null

17-03-2025T07:11:51 - [TEST_STEP][PASSED] - else: null

17-03-2025T07:11:51 - [TEST_STEP][PASSED] - path = dataFolder + typeOfData + " за отчётный период " + b: null

17-03-2025T07:11:51 - [TEST_STEP][PASSED] - page = getText(findTestObject(path)): Text of object 'Object Repository/Выполнение бизнес-плана/Значения со страницы Выполнение бизнес-плана/План Потери за отчётный период Ростовэнерго' is: '129 545'

17-03-2025T07:11:52 - [MESSAGE][PASSED] - Text of object 'Object Repository/Выполнение бизнес-плана/Значения со страницы Выполнение бизнес-плана/План Потери за отчётный период Ростовэнерго' is: '129 545'

17-03-2025T07:11:52 - [TEST_STEP][PASSED] - if (page == "" || page == null): null

17-03-2025T07:11:52 - [TEST_STEP][PASSED] - else: null

17-03-2025T07:11:52 - [TEST_STEP][PASSED] - page = page.replaceAll("\s+", ""): null

17-03-2025T07:11:52 - [TEST_STEP][PASSED] - if (page == "undefined"): null

17-03-2025T07:11:52 - [TEST_STEP][PASSED] - filePoteri = poteri.toInteger(): null

17-03-2025T07:11:52 - [TEST_STEP][PASSED] - pagePoteri = page.toInteger(): null

17-03-2025T07:11:52 - [TEST_STEP][PASSED] - compare = pageOtpuskVSet: null

17-03-2025T07:11:52 - [TEST_STEP][PASSED] - if (pageOtpuskVSet != null): null

17-03-2025T07:11:52 - [TEST_STEP][PASSED] - if (compare == fileOtpuskVSet): null

17-03-2025T07:11:52 - [TEST_STEP][PASSED] - if (compare == fileOtpuskVSet): null

17-03-2025T07:11:52 - [TEST_STEP][PASSED] - compare = pagePoteri: null

17-03-2025T07:11:52 - [TEST_STEP][PASSED] - if (pageOtpuskVSet != null): null

17-03-2025T07:11:52 - [TEST_STEP][PASSED] - if (compare == filePoteri): null

17-03-2025T07:11:52 - [TEST_STEP][PASSED] - if (compare == filePoteri): null

17-03-2025T07:11:52 - [TEST_STEP][PASSED] - if (planFact == 2): Object: 'Object Repository/Выполнение бизнес-плана/Кнопка Факт' is clicked on

17-03-2025T07:11:52 - [TEST_STEP][PASSED] - click(findTestObject("Выполнение бизнес-плана/Кнопка Факт")): Object: 'Object Repository/Выполнение бизнес-плана/Кнопка Факт' is clicked on

17-03-2025T07:11:52 - [MESSAGE][PASSED] - Object: 'Object Repository/Выполнение бизнес-плана/Кнопка Факт' is clicked on

17-03-2025T07:11:52 - [TEST_STEP][PASSED] - println("a=" + a): null

17-03-2025T07:11:52 - [TEST_STEP][PASSED] - if (a == 84 || a == 82): null

17-03-2025T07:11:52 - [TEST_STEP][PASSED] - else if (a == 83 || a == 52 || a == 72 || a == 28 || a == 73 || a == 77 || a == 74 || a == 65 || a == 36 || a == 44 || a == 53 || a == 80 || a == 54 || a == 1 || a == 18 || a == 59 || a == 81): null

17-03-2025T07:11:52 - [TEST_STEP][PASSED] - else: null

17-03-2025T07:11:52 - [TEST_STEP][PASSED] - page1 = getText(findTestObject("Object Repository/Выполнение бизнес-плана/spanPlan" + filialNum)): Text of object 'Object Repository/Выполнение бизнес-плана/spanPlan5' is: '9.23
|'

17-03-2025T07:11:52 - [MESSAGE][PASSED] - Text of object 'Object Repository/Выполнение бизнес-плана/spanPlan5' is: '9.23
|'

17-03-2025T07:11:52 - [TEST_STEP][PASSED] - page1 = page1.replace("|", ""): null

17-03-2025T07:11:52 - [TEST_STEP][PASSED] - page2 = getText(findTestObject("Object Repository/Выполнение бизнес-плана/spanFact" + filialNum)): Text of object 'Object Repository/Выполнение бизнес-плана/spanFact5' is: '8.16
|'

17-03-2025T07:11:53 - [MESSAGE][PASSED] - Text of object 'Object Repository/Выполнение бизнес-плана/spanFact5' is: '8.16
|'

17-03-2025T07:11:53 - [TEST_STEP][PASSED] - page2 = page2.replace("|", ""): null

17-03-2025T07:11:53 - [TEST_STEP][PASSED] - println("page1: " + page1): null

17-03-2025T07:11:53 - [TEST_STEP][PASSED] - println("page2: " + page2): null

17-03-2025T07:11:53 - [TEST_STEP][PASSED] - file = findTestData("PlanFact").getValue(4, a): null

17-03-2025T07:11:53 - [TEST_STEP][PASSED] - file = file.replace(",", "."): null

17-03-2025T07:11:53 - [TEST_STEP][PASSED] - println("file Plan: " + file): null

17-03-2025T07:11:53 - [TEST_STEP][PASSED] - typeOfData = "План в процентах": null

17-03-2025T07:11:53 - [TEST_STEP][PASSED] - fileDouble = file.toDouble(): null

17-03-2025T07:11:53 - [TEST_STEP][PASSED] - pageDouble = page1.toDouble(): null

17-03-2025T07:11:53 - [TEST_STEP][PASSED] - if (fileDouble != pageDouble): null

17-03-2025T07:11:53 - [TEST_STEP][PASSED] - file = findTestData("PlanFact").getValue(7, a): null

17-03-2025T07:11:53 - [TEST_STEP][PASSED] - file = file.replace(",", "."): null

17-03-2025T07:11:53 - [TEST_STEP][PASSED] - println("file Fact: " + file): null

17-03-2025T07:11:53 - [TEST_STEP][PASSED] - fileDouble = file.toDouble(): null

17-03-2025T07:11:53 - [TEST_STEP][PASSED] - typeOfData = "Факт в процентах": null

17-03-2025T07:11:53 - [TEST_STEP][PASSED] - fileDouble = file.toDouble(): null

17-03-2025T07:11:53 - [TEST_STEP][PASSED] - pageDouble = page2.toDouble(): null

17-03-2025T07:11:53 - [TEST_STEP][PASSED] - if (fileDouble != pageDouble): null

17-03-2025T07:11:53 - [TEST_STEP][PASSED] - if (verifyEqual(numberOfErrors, 0) == false): Actual object '0' and expected object '0' are equal

17-03-2025T07:11:53 - [MESSAGE][PASSED] - Actual object '0' and expected object '0' are equal

17-03-2025T07:11:53 - [TEST_STEP][PASSED] - if (a == 82): null

17-03-2025T07:11:53 - [TEST_STEP][PASSED] - filialNum = 0: null

17-03-2025T07:11:53 - [TEST_STEP][PASSED] - Script1718980020443.OpenFilter(): null

17-03-2025T07:11:53 - [TEST_STEP][PASSED] - click(findTestObject("Object Repository/Выполнение бизнес-плана/Фильтр ДЗО")): Object: 'Object Repository/Выполнение бизнес-плана/Фильтр ДЗО' is clicked on

17-03-2025T07:11:53 - [MESSAGE][PASSED] - Object: 'Object Repository/Выполнение бизнес-плана/Фильтр ДЗО' is clicked on

17-03-2025T07:11:53 - [TEST_STEP][PASSED] - click(findTestObject("Выполнение бизнес-плана/Снять выделение в фильтре ДЗО")): Object: 'Object Repository/Выполнение бизнес-плана/Снять выделение в фильтре ДЗО' is clicked on

17-03-2025T07:11:54 - [MESSAGE][PASSED] - Object: 'Object Repository/Выполнение бизнес-плана/Снять выделение в фильтре ДЗО' is clicked on

17-03-2025T07:11:54 - [TEST_STEP][PASSED] - Script1718980020443.CloseFilter(): null

17-03-2025T07:11:54 - [TEST_STEP][PASSED] - scrollToElement(findTestObject("Выполнение бизнес-плана/Заголовок дашборда"), 30): Scroll to object 'Object Repository/Выполнение бизнес-плана/Заголовок дашборда' successfully

17-03-2025T07:11:54 - [MESSAGE][PASSED] - Scroll to object 'Object Repository/Выполнение бизнес-плана/Заголовок дашборда' successfully

17-03-2025T07:11:54 - [TEST_STEP][PASSED] - click(findTestObject("Object Repository/Выполнение бизнес-плана/Применить в фильтре ДЗО")): Object: 'Object Repository/Выполнение бизнес-плана/Применить в фильтре ДЗО' is clicked on

17-03-2025T07:11:55 - [MESSAGE][PASSED] - Object: 'Object Repository/Выполнение бизнес-плана/Применить в фильтре ДЗО' is clicked on

17-03-2025T07:11:55 - [TEST_STEP][PASSED] - delay(60): Delayed 60 second(s)

17-03-2025T07:12:55 - [MESSAGE][PASSED] - Delayed 60 second(s)

17-03-2025T07:12:55 - [TEST_STEP][PASSED] - if (a == 82): null

17-03-2025T07:12:55 - [TEST_STEP][PASSED] - println(dzoNum): null

17-03-2025T07:12:55 - [TEST_STEP][PASSED] - dZO = "Россети Янтарь": null

17-03-2025T07:12:55 - [TEST_STEP][PASSED] - a = 81: null

17-03-2025T07:12:55 - [TEST_STEP][PASSED] - if (x1.contains("Янтарь")): null

17-03-2025T07:12:55 - [TEST_STEP][PASSED] - dzoNum = dzoNum + 1: null

17-03-2025T07:12:55 - [TEST_STEP][PASSED] - Script1718980020443.Numbers(a, typeOfData, todaysDate, pageInt, fileInt, pageDouble, fileDouble, dZO, dzoNum, filialNum): null

17-03-2025T07:12:55 - [TEST_STEP][PASSED] - println(dzoNum): null

17-03-2025T07:12:55 - [TEST_STEP][PASSED] - planFact = <not implemented yet for class: org.codehaus.groovy.ast.expr.EmptyExpression>: null

17-03-2025T07:12:55 - [TEST_STEP][PASSED] - page = <not implemented yet for class: org.codehaus.groovy.ast.expr.EmptyExpression>: null

17-03-2025T07:12:55 - [TEST_STEP][PASSED] - page1 = <not implemented yet for class: org.codehaus.groovy.ast.expr.EmptyExpression>: null

17-03-2025T07:12:55 - [TEST_STEP][PASSED] - page2 = <not implemented yet for class: org.codehaus.groovy.ast.expr.EmptyExpression>: null

17-03-2025T07:12:55 - [TEST_STEP][PASSED] - filialNumberInRow = <not implemented yet for class: org.codehaus.groovy.ast.expr.EmptyExpression>: null

17-03-2025T07:12:55 - [TEST_STEP][PASSED] - filialsDzoNames = <not implemented yet for class: org.codehaus.groovy.ast.expr.EmptyExpression>: null

17-03-2025T07:12:55 - [TEST_STEP][PASSED] - numberOfFilials = <not implemented yet for class: org.codehaus.groovy.ast.expr.EmptyExpression>: null

17-03-2025T07:12:55 - [TEST_STEP][PASSED] - numberOfSpaces = <not implemented yet for class: org.codehaus.groovy.ast.expr.EmptyExpression>: null

17-03-2025T07:12:55 - [TEST_STEP][PASSED] - file = <not implemented yet for class: org.codehaus.groovy.ast.expr.EmptyExpression>: null

17-03-2025T07:12:55 - [TEST_STEP][PASSED] - otpusk = <not implemented yet for class: org.codehaus.groovy.ast.expr.EmptyExpression>: null

17-03-2025T07:12:55 - [TEST_STEP][PASSED] - poteri = <not implemented yet for class: org.codehaus.groovy.ast.expr.EmptyExpression>: null

17-03-2025T07:12:55 - [TEST_STEP][PASSED] - dataFolder = "Выполнение бизнес-плана/Значения со страницы Выполнение бизнес-плана/": null

17-03-2025T07:12:55 - [TEST_STEP][PASSED] - path = <not implemented yet for class: org.codehaus.groovy.ast.expr.EmptyExpression>: null

17-03-2025T07:12:55 - [TEST_STEP][PASSED] - typeOfDataMain = <not implemented yet for class: org.codehaus.groovy.ast.expr.EmptyExpression>: null

17-03-2025T07:12:55 - [TEST_STEP][PASSED] - fileOtpuskVSet = <not implemented yet for class: org.codehaus.groovy.ast.expr.EmptyExpression>: null

17-03-2025T07:12:55 - [TEST_STEP][PASSED] - pageOtpuskVSet = <not implemented yet for class: org.codehaus.groovy.ast.expr.EmptyExpression>: null

17-03-2025T07:12:55 - [TEST_STEP][PASSED] - filePoteri = <not implemented yet for class: org.codehaus.groovy.ast.expr.EmptyExpression>: null

17-03-2025T07:12:55 - [TEST_STEP][PASSED] - pagePoteri = <not implemented yet for class: org.codehaus.groovy.ast.expr.EmptyExpression>: null

17-03-2025T07:12:55 - [TEST_STEP][PASSED] - compare = <not implemented yet for class: org.codehaus.groovy.ast.expr.EmptyExpression>: null

17-03-2025T07:12:55 - [TEST_STEP][PASSED] - b = <not implemented yet for class: org.codehaus.groovy.ast.expr.EmptyExpression>: null

17-03-2025T07:12:55 - [TEST_STEP][PASSED] - i = <not implemented yet for class: org.codehaus.groovy.ast.expr.EmptyExpression>: null

17-03-2025T07:12:55 - [TEST_STEP][PASSED] - ii = <not implemented yet for class: org.codehaus.groovy.ast.expr.EmptyExpression>: null

17-03-2025T07:12:55 - [TEST_STEP][PASSED] - c = <not implemented yet for class: org.codehaus.groovy.ast.expr.EmptyExpression>: null

17-03-2025T07:12:55 - [TEST_STEP][PASSED] - numberOfErrors = 0: null

17-03-2025T07:12:55 - [TEST_STEP][PASSED] - if (a == 82): null

17-03-2025T07:12:55 - [TEST_STEP][PASSED] - b = findTestData("PlanFact").getValue(1, a): null

17-03-2025T07:12:55 - [TEST_STEP][PASSED] - i = b.indexOf(" (ГК)"): null

17-03-2025T07:12:55 - [TEST_STEP][PASSED] - if (i > -1): null

17-03-2025T07:12:55 - [TEST_STEP][PASSED] - i = b.indexOf("О ""): null

17-03-2025T07:12:55 - [TEST_STEP][PASSED] - if (i > -1): null

17-03-2025T07:12:55 - [TEST_STEP][PASSED] - i = b.indexOf("О «"): null

17-03-2025T07:12:55 - [TEST_STEP][PASSED] - if (i > -1): null

17-03-2025T07:12:55 - [TEST_STEP][PASSED] - i = b.indexOf("г. "): null

17-03-2025T07:12:55 - [TEST_STEP][PASSED] - if (i > -1): null

17-03-2025T07:12:55 - [TEST_STEP][PASSED] - b = b.trim(): null

17-03-2025T07:12:55 - [TEST_STEP][PASSED] - println(b): null

17-03-2025T07:12:55 - [TEST_STEP][PASSED] - for ([planFact = 1, planFact < 3, (planFact++)]): null

17-03-2025T07:12:55 - [TEST_STEP][PASSED] - if (planFact == 1): null

17-03-2025T07:12:55 - [TEST_STEP][PASSED] - typeOfDataMain = "Факт": null

17-03-2025T07:12:55 - [TEST_STEP][PASSED] - otpusk = findTestData("PlanFact").getValue(5, a): null

17-03-2025T07:12:55 - [TEST_STEP][PASSED] - poteri = findTestData("PlanFact").getValue(6, a): null

17-03-2025T07:12:55 - [TEST_STEP][PASSED] - otpusk = otpusk.replaceAll("\s+", ""): null

17-03-2025T07:12:55 - [TEST_STEP][PASSED] - poteri = poteri.replaceAll("\s+", ""): null

17-03-2025T07:12:55 - [TEST_STEP][PASSED] - typeOfData = typeOfDataMain + " Отпуск в сеть": null

17-03-2025T07:12:55 - [TEST_STEP][PASSED] - if (a == 82): null

17-03-2025T07:12:55 - [TEST_STEP][PASSED] - else if (a == 84): null

17-03-2025T07:12:55 - [TEST_STEP][PASSED] - else if (a == 83 || a == 52 || a == 72 || a == 28 || a == 73 || a == 77 || a == 74 || a == 65 || a == 36 || a == 44 || a == 53 || a == 80 || a == 54 || a == 1 || a == 18 || a == 59 || a == 81): null

17-03-2025T07:12:55 - [TEST_STEP][PASSED] - path = dataFolder + "Table Data/" + typeOfData + " за отчётный период " + dzoNum: null

17-03-2025T07:12:55 - [TEST_STEP][PASSED] - println(path): null

17-03-2025T07:12:55 - [TEST_STEP][PASSED] - page = getText(findTestObject(path)): Text of object 'Object Repository/Выполнение бизнес-плана/Значения со страницы Выполнение бизнес-плана/Table Data/Факт Отпуск в сеть за отчётный период 8' is: '462 838'

17-03-2025T07:12:55 - [MESSAGE][PASSED] - Text of object 'Object Repository/Выполнение бизнес-плана/Значения со страницы Выполнение бизнес-плана/Table Data/Факт Отпуск в сеть за отчётный период 8' is: '462 838'

17-03-2025T07:12:55 - [TEST_STEP][PASSED] - if (page == "" || page == null): null

17-03-2025T07:12:55 - [TEST_STEP][PASSED] - else: null

17-03-2025T07:12:55 - [TEST_STEP][PASSED] - page = page.replaceAll("\s+", ""): null

17-03-2025T07:12:55 - [TEST_STEP][PASSED] - if (page == "undefined"): null

17-03-2025T07:12:55 - [TEST_STEP][PASSED] - fileOtpuskVSet = otpusk.toInteger(): null

17-03-2025T07:12:55 - [TEST_STEP][PASSED] - pageOtpuskVSet = page.toInteger(): null

17-03-2025T07:12:55 - [TEST_STEP][PASSED] - typeOfData = typeOfDataMain + " Потери": null

17-03-2025T07:12:55 - [TEST_STEP][PASSED] - if (a == 82): null

17-03-2025T07:12:55 - [TEST_STEP][PASSED] - else if (a == 84): null

17-03-2025T07:12:55 - [TEST_STEP][PASSED] - else if (a == 83 || a == 52 || a == 72 || a == 28 || a == 73 || a == 77 || a == 74 || a == 65 || a == 44 || a == 53 || a == 80 || a == 54 || a == 1 || a == 18 || a == 59 || a == 81): null

17-03-2025T07:12:55 - [TEST_STEP][PASSED] - path = dataFolder + "Table Data/" + typeOfData + " за отчётный период " + dzoNum: null

17-03-2025T07:12:55 - [TEST_STEP][PASSED] - page = getText(findTestObject(path)): Text of object 'Object Repository/Выполнение бизнес-плана/Значения со страницы Выполнение бизнес-плана/Table Data/Факт Потери за отчётный период 8' is: '257 824'

17-03-2025T07:12:56 - [MESSAGE][PASSED] - Text of object 'Object Repository/Выполнение бизнес-плана/Значения со страницы Выполнение бизнес-плана/Table Data/Факт Потери за отчётный период 8' is: '257 824'

17-03-2025T07:12:56 - [TEST_STEP][PASSED] - if (page == "" || page == null): null

17-03-2025T07:12:56 - [TEST_STEP][PASSED] - else: null

17-03-2025T07:12:56 - [TEST_STEP][PASSED] - page = page.replaceAll("\s+", ""): null

17-03-2025T07:12:56 - [TEST_STEP][PASSED] - if (page == "undefined"): null

17-03-2025T07:12:56 - [TEST_STEP][PASSED] - filePoteri = poteri.toInteger(): null

17-03-2025T07:12:56 - [TEST_STEP][PASSED] - pagePoteri = page.toInteger(): null

17-03-2025T07:12:56 - [TEST_STEP][PASSED] - compare = pageOtpuskVSet: null

17-03-2025T07:12:56 - [TEST_STEP][PASSED] - if (pageOtpuskVSet != null): null

17-03-2025T07:12:56 - [TEST_STEP][PASSED] - if (compare == fileOtpuskVSet): null

17-03-2025T07:12:56 - [TEST_STEP][PASSED] - if (compare == fileOtpuskVSet): null

17-03-2025T07:12:56 - [TEST_STEP][PASSED] - compare = pagePoteri: null

17-03-2025T07:12:56 - [TEST_STEP][PASSED] - if (pageOtpuskVSet != null): null

17-03-2025T07:12:56 - [TEST_STEP][PASSED] - if (compare == filePoteri): null

17-03-2025T07:12:56 - [TEST_STEP][PASSED] - else if (compare > filePoteri): null

17-03-2025T07:12:56 - [TEST_STEP][PASSED] - compare = compare - 1: null

17-03-2025T07:12:56 - [TEST_STEP][PASSED] - if (compare == filePoteri): null

17-03-2025T07:12:56 - [TEST_STEP][PASSED] - else: null

17-03-2025T07:12:56 - [TEST_STEP][PASSED] - numberOfErrors = numberOfErrors + 1: null

17-03-2025T07:12:56 - [TEST_STEP][PASSED] - pageInt = pagePoteri: null

17-03-2025T07:12:56 - [TEST_STEP][PASSED] - fileInt = filePoteri: null

17-03-2025T07:12:56 - [TEST_STEP][PASSED] - typeOfData = typeOfDataMain + " Потери": null

17-03-2025T07:12:56 - [TEST_STEP][PASSED] - Script1718980020443.WriteToExcel(a, typeOfData, todaysDate, pageInt, fileInt, pageDouble, fileDouble, dZO): null

17-03-2025T07:12:56 - [TEST_STEP][PASSED] - sheetName = "Sheet1": null

17-03-2025T07:12:56 - [TEST_STEP][PASSED] - data = findTestData("PlanFact"): null

17-03-2025T07:12:56 - [TEST_STEP][PASSED] - n = data.getRowNumbers() + 1: null

17-03-2025T07:12:56 - [TEST_STEP][PASSED] - day = ")).toInteger(): null

17-03-2025T07:12:56 - [TEST_STEP][PASSED] - println(day): null

17-03-2025T07:12:56 - [TEST_STEP][PASSED] - month = ")).toInteger(): null

17-03-2025T07:12:56 - [TEST_STEP][PASSED] - println(month): null

17-03-2025T07:12:56 - [TEST_STEP][PASSED] - y = <not implemented yet for class: org.codehaus.groovy.ast.expr.EmptyExpression>: null

17-03-2025T07:12:56 - [TEST_STEP][PASSED] - iy = <not implemented yet for class: org.codehaus.groovy.ast.expr.EmptyExpression>: null

17-03-2025T07:12:56 - [TEST_STEP][PASSED] - m = getText(findTestObject("Выполнение бизнес-плана/Период")): Text of object 'Object Repository/Выполнение бизнес-плана/Период' is: 'Январь 2025 года'

17-03-2025T07:12:56 - [MESSAGE][PASSED] - Text of object 'Object Repository/Выполнение бизнес-плана/Период' is: 'Январь 2025 года'

17-03-2025T07:12:56 - [TEST_STEP][PASSED] - iy = m.indexOf("20"): null

17-03-2025T07:12:56 - [TEST_STEP][PASSED] - if (iy > -1): null

17-03-2025T07:12:56 - [TEST_STEP][PASSED] - y = substring(iy, iy + 4).toInteger(): null

17-03-2025T07:12:56 - [TEST_STEP][PASSED] - println(y): null

17-03-2025T07:12:56 - [TEST_STEP][PASSED] - if (toString().length() == 4): null

17-03-2025T07:12:56 - [TEST_STEP][PASSED] - m = m.substring(0, m.indexOf(y.toString())): null

17-03-2025T07:12:56 - [TEST_STEP][PASSED] - m = m.trim(): null

17-03-2025T07:12:56 - [TEST_STEP][PASSED] - if (m == ""): null

17-03-2025T07:12:56 - [TEST_STEP][PASSED] - dashboardName = "Выполнение бизнес-плана": null

17-03-2025T07:12:56 - [TEST_STEP][PASSED] - workbook01 = getWorkbook(excelFilePath): null

17-03-2025T07:12:56 - [TEST_STEP][PASSED] - sheet01 = getExcelSheet(workbook01, sheetName): null

17-03-2025T07:12:56 - [TEST_STEP][PASSED] - setValueToCellByIndex(sheet01, n, 0, dashboardName): null

17-03-2025T07:12:56 - [TEST_STEP][PASSED] - setValueToCellByIndex(sheet01, n, 1, dZO): null

17-03-2025T07:12:56 - [TEST_STEP][PASSED] - setValueToCellByIndex(sheet01, n, 2, typeOfData): null

17-03-2025T07:12:56 - [TEST_STEP][PASSED] - if (typeOfData == "Факт в процентах" || typeOfData == "План в процентах"): null

17-03-2025T07:12:56 - [TEST_STEP][PASSED] - else: null

17-03-2025T07:12:56 - [TEST_STEP][PASSED] - setValueToCellByIndex(sheet01, n, 3, fileInt): null

17-03-2025T07:12:56 - [TEST_STEP][PASSED] - setValueToCellByIndex(sheet01, n, 4, pageInt): null

17-03-2025T07:12:56 - [TEST_STEP][PASSED] - setValueToCellByIndex(sheet01, n, 5, m): null

17-03-2025T07:12:56 - [TEST_STEP][PASSED] - setValueToCellByIndex(sheet01, n, 6, y): null

17-03-2025T07:12:56 - [TEST_STEP][PASSED] - setValueToCellByIndex(sheet01, n, 7, todaysDate): null

17-03-2025T07:12:56 - [TEST_STEP][PASSED] - n = n + 1: null

17-03-2025T07:12:56 - [TEST_STEP][FAILED] - saveWorkbook(excelFilePath, workbook01): null

17-03-2025T07:12:56 - [TEST_STEP][PASSED] - if (planFact == 2): null

17-03-2025T07:12:56 - [TEST_STEP][PASSED] - if (planFact == 1): null

17-03-2025T07:12:56 - [TEST_STEP][PASSED] - else if (planFact == 2): null

17-03-2025T07:12:56 - [TEST_STEP][PASSED] - click(findTestObject("Выполнение бизнес-плана/Кнопка План")): Object: 'Object Repository/Выполнение бизнес-плана/Кнопка План' is clicked on

17-03-2025T07:12:57 - [MESSAGE][PASSED] - Object: 'Object Repository/Выполнение бизнес-плана/Кнопка План' is clicked on

17-03-2025T07:12:57 - [TEST_STEP][PASSED] - typeOfDataMain = "План": null

17-03-2025T07:12:57 - [TEST_STEP][PASSED] - otpusk = findTestData("PlanFact").getValue(2, a): null

17-03-2025T07:12:57 - [TEST_STEP][PASSED] - poteri = findTestData("PlanFact").getValue(3, a): null

17-03-2025T07:12:57 - [TEST_STEP][PASSED] - otpusk = otpusk.replaceAll("\s+", ""): null

17-03-2025T07:12:57 - [TEST_STEP][PASSED] - poteri = poteri.replaceAll("\s+", ""): null

17-03-2025T07:12:57 - [TEST_STEP][PASSED] - typeOfData = typeOfDataMain + " Отпуск в сеть": null

17-03-2025T07:12:57 - [TEST_STEP][PASSED] - if (a == 82): null

17-03-2025T07:12:57 - [TEST_STEP][PASSED] - else if (a == 84): null

17-03-2025T07:12:57 - [TEST_STEP][PASSED] - else if (a == 83 || a == 52 || a == 72 || a == 28 || a == 73 || a == 77 || a == 74 || a == 65 || a == 36 || a == 44 || a == 53 || a == 80 || a == 54 || a == 1 || a == 18 || a == 59 || a == 81): null

17-03-2025T07:12:57 - [TEST_STEP][PASSED] - path = dataFolder + "Table Data/" + typeOfData + " за отчётный период " + dzoNum: null

17-03-2025T07:12:57 - [TEST_STEP][PASSED] - println(path): null

17-03-2025T07:12:57 - [TEST_STEP][PASSED] - page = getText(findTestObject(path)): Text of object 'Object Repository/Выполнение бизнес-плана/Значения со страницы Выполнение бизнес-плана/Table Data/План Отпуск в сеть за отчётный период 8' is: '489 942'

17-03-2025T07:12:57 - [MESSAGE][PASSED] - Text of object 'Object Repository/Выполнение бизнес-плана/Значения со страницы Выполнение бизнес-плана/Table Data/План Отпуск в сеть за отчётный период 8' is: '489 942'

17-03-2025T07:12:57 - [TEST_STEP][PASSED] - if (page == "" || page == null): null

17-03-2025T07:12:57 - [TEST_STEP][PASSED] - else: null

17-03-2025T07:12:57 - [TEST_STEP][PASSED] - page = page.replaceAll("\s+", ""): null

17-03-2025T07:12:57 - [TEST_STEP][PASSED] - if (page == "undefined"): null

17-03-2025T07:12:57 - [TEST_STEP][PASSED] - fileOtpuskVSet = otpusk.toInteger(): null

17-03-2025T07:12:57 - [TEST_STEP][PASSED] - pageOtpuskVSet = page.toInteger(): null

17-03-2025T07:12:57 - [TEST_STEP][PASSED] - typeOfData = typeOfDataMain + " Потери": null

17-03-2025T07:12:57 - [TEST_STEP][PASSED] - if (a == 82): null

17-03-2025T07:12:57 - [TEST_STEP][PASSED] - else if (a == 84): null

17-03-2025T07:12:57 - [TEST_STEP][PASSED] - else if (a == 83 || a == 52 || a == 72 || a == 28 || a == 73 || a == 77 || a == 74 || a == 65 || a == 44 || a == 53 || a == 80 || a == 54 || a == 1 || a == 18 || a == 59 || a == 81): null

17-03-2025T07:12:57 - [TEST_STEP][PASSED] - path = dataFolder + "Table Data/" + typeOfData + " за отчётный период " + dzoNum: null

17-03-2025T07:12:57 - [TEST_STEP][FAILED] - page = getText(findTestObject(path)): Unable to get text of object 'Object Repository/Выполнение бизнес-плана/Значения со страницы Выполнение бизнес-плана/Table Data/План Потери за отчётный период 8' (Root cause: com.kms.katalon.core.exception.StepFailedException: Unable to get text of object 'Object Repository/Выполнение бизнес-плана/Значения со страницы Выполнение бизнес-плана/Table Data/План Потери за отчётный период 8'
	at com.kms.katalon.core.webui.keyword.internal.WebUIKeywordMain.stepFailed(WebUIKeywordMain.groovy:64)
	at com.kms.katalon.core.webui.keyword.internal.WebUIKeywordMain.runKeyword(WebUIKeywordMain.groovy:26)
	at com.kms.katalon.core.webui.keyword.builtin.GetTextKeyword.getText(GetTextKeyword.groovy:88)
	at com.kms.katalon.core.webui.keyword.builtin.GetTextKeyword.execute(GetTextKeyword.groovy:67)
	at com.kms.katalon.core.keyword.internal.KeywordExecutor.executeKeywordForPlatform(KeywordExecutor.groovy:74)
	at com.kms.katalon.core.webui.keyword.WebUiBuiltInKeywords.getText(WebUiBuiltInKeywords.groovy:957)
	at Выполнение бизнес-плана Сверка ПАО Россети все филиалы.Numbers(Выполнение бизнес-плана Сверка ПАО Россети все филиалы:594)
	at Выполнение бизнес-плана Сверка ПАО Россети все филиалы.run(Выполнение бизнес-плана Сверка ПАО Россети все филиалы:413)
	at com.kms.katalon.core.main.ScriptEngine.run(ScriptEngine.java:194)
	at com.kms.katalon.core.main.ScriptEngine.runScriptAsRawText(ScriptEngine.java:119)
	at com.kms.katalon.core.main.TestCaseExecutor.runScript(TestCaseExecutor.java:448)
	at com.kms.katalon.core.main.TestCaseExecutor.doExecute(TestCaseExecutor.java:439)
	at com.kms.katalon.core.main.TestCaseExecutor.processExecutionPhase(TestCaseExecutor.java:418)
	at com.kms.katalon.core.main.TestCaseExecutor.accessMainPhase(TestCaseExecutor.java:410)
	at com.kms.katalon.core.main.TestCaseExecutor.execute(TestCaseExecutor.java:285)
	at com.kms.katalon.core.common.CommonExecutor.accessTestCaseMainPhase(CommonExecutor.java:65)
	at com.kms.katalon.core.main.TestSuiteExecutor.accessTestSuiteMainPhase(TestSuiteExecutor.java:150)
	at com.kms.katalon.core.main.TestSuiteExecutor.execute(TestSuiteExecutor.java:106)
	at com.kms.katalon.core.main.TestCaseMain.startTestSuite(TestCaseMain.java:180)
	at TempTestSuite1742171011514.run(TempTestSuite1742171011514.groovy:35)
	at java.base/jdk.internal.reflect.NativeMethodAccessorImpl.invoke0(Native Method)
	at java.base/jdk.internal.reflect.NativeMethodAccessorImpl.invoke(NativeMethodAccessorImpl.java:77)
	at java.base/jdk.internal.reflect.DelegatingMethodAccessorImpl.invoke(DelegatingMethodAccessorImpl.java:43)
Caused by: com.kms.katalon.core.webui.exception.WebElementNotFoundException: Web element with id: 'Object Repository/Выполнение бизнес-плана/Значения со страницы Выполнение бизнес-плана/Table Data/План Потери за отчётный период 8' located by '(.//*[normalize-space(text()) and normalize-space(.)='Показатели баланса электроэнергии по ДЗО – План'])[2]/following::td[42]' not found
	at com.kms.katalon.core.webui.common.WebUiCommonHelper.findWebElement(WebUiCommonHelper.java:1426)
	at com.kms.katalon.core.webui.keyword.internal.WebUIAbstractKeyword.findWebElement(WebUIAbstractKeyword.groovy:27)
	at com.kms.katalon.core.webui.keyword.internal.WebUIAbstractKeyword.findWebElement(WebUIAbstractKeyword.groovy:26)
	at com.kms.katalon.core.webui.keyword.builtin.GetTextKeyword$_getText_closure1.doCall(GetTextKeyword.groovy:78)
	at com.kms.katalon.core.webui.keyword.builtin.GetTextKeyword$_getText_closure1.call(GetTextKeyword.groovy)
	at com.kms.katalon.core.webui.keyword.internal.WebUIKeywordMain.runKeyword(WebUIKeywordMain.groovy:20)
	at com.kms.katalon.core.webui.keyword.builtin.GetTextKeyword.getText(GetTextKeyword.groovy:88)
	at com.kms.katalon.core.webui.keyword.builtin.GetTextKeyword.execute(GetTextKeyword.groovy:67)
	at com.kms.katalon.core.keyword.internal.KeywordExecutor.executeKeywordForPlatform(KeywordExecutor.groovy:74)
	at com.kms.katalon.core.webui.keyword.WebUiBuiltInKeywords.getText(WebUiBuiltInKeywords.groovy:957)
	at Script1718980020443.Numbers(Script1718980020443.groovy:594)
	at Script1718980020443.run(Script1718980020443.groovy:413)
	... 15 more
)

17-03-2025T07:13:28 - [MESSAGE][INFO] - Unable to find the element located by 'By.xpath: (.//*[normalize-space(text()) and normalize-space(.)='Показатели баланса электроэнергии по ДЗО – План'])[2]/following::td[42]'. Please recheck the objects properties to make sure the desired element is located. 

17-03-2025T07:13:28 - [MESSAGE][FAILED] - Unable to get text of object 'Object Repository/Выполнение бизнес-плана/Значения со страницы Выполнение бизнес-плана/Table Data/План Потери за отчётный период 8' (Root cause: com.kms.katalon.core.exception.StepFailedException: Unable to get text of object 'Object Repository/Выполнение бизнес-плана/Значения со страницы Выполнение бизнес-плана/Table Data/План Потери за отчётный период 8'
	at com.kms.katalon.core.webui.keyword.internal.WebUIKeywordMain.stepFailed(WebUIKeywordMain.groovy:64)
	at com.kms.katalon.core.webui.keyword.internal.WebUIKeywordMain.runKeyword(WebUIKeywordMain.groovy:26)
	at com.kms.katalon.core.webui.keyword.builtin.GetTextKeyword.getText(GetTextKeyword.groovy:88)
	at com.kms.katalon.core.webui.keyword.builtin.GetTextKeyword.execute(GetTextKeyword.groovy:67)
	at com.kms.katalon.core.keyword.internal.KeywordExecutor.executeKeywordForPlatform(KeywordExecutor.groovy:74)
	at com.kms.katalon.core.webui.keyword.WebUiBuiltInKeywords.getText(WebUiBuiltInKeywords.groovy:957)
	at Выполнение бизнес-плана Сверка ПАО Россети все филиалы.Numbers(Выполнение бизнес-плана Сверка ПАО Россети все филиалы:594)
	at Выполнение бизнес-плана Сверка ПАО Россети все филиалы.run(Выполнение бизнес-плана Сверка ПАО Россети все филиалы:413)
	at com.kms.katalon.core.main.ScriptEngine.run(ScriptEngine.java:194)
	at com.kms.katalon.core.main.ScriptEngine.runScriptAsRawText(ScriptEngine.java:119)
	at com.kms.katalon.core.main.TestCaseExecutor.runScript(TestCaseExecutor.java:448)
	at com.kms.katalon.core.main.TestCaseExecutor.doExecute(TestCaseExecutor.java:439)
	at com.kms.katalon.core.main.TestCaseExecutor.processExecutionPhase(TestCaseExecutor.java:418)
	at com.kms.katalon.core.main.TestCaseExecutor.accessMainPhase(TestCaseExecutor.java:410)
	at com.kms.katalon.core.main.TestCaseExecutor.execute(TestCaseExecutor.java:285)
	at com.kms.katalon.core.common.CommonExecutor.accessTestCaseMainPhase(CommonExecutor.java:65)
	at com.kms.katalon.core.main.TestSuiteExecutor.accessTestSuiteMainPhase(TestSuiteExecutor.java:150)
	at com.kms.katalon.core.main.TestSuiteExecutor.execute(TestSuiteExecutor.java:106)
	at com.kms.katalon.core.main.TestCaseMain.startTestSuite(TestCaseMain.java:180)
	at TempTestSuite1742171011514.run(TempTestSuite1742171011514.groovy:35)
	at java.base/jdk.internal.reflect.NativeMethodAccessorImpl.invoke0(Native Method)
	at java.base/jdk.internal.reflect.NativeMethodAccessorImpl.invoke(NativeMethodAccessorImpl.java:77)
	at java.base/jdk.internal.reflect.DelegatingMethodAccessorImpl.invoke(DelegatingMethodAccessorImpl.java:43)
Caused by: com.kms.katalon.core.webui.exception.WebElementNotFoundException: Web element with id: 'Object Repository/Выполнение бизнес-плана/Значения со страницы Выполнение бизнес-плана/Table Data/План Потери за отчётный период 8' located by '(.//*[normalize-space(text()) and normalize-space(.)='Показатели баланса электроэнергии по ДЗО – План'])[2]/following::td[42]' not found
	at com.kms.katalon.core.webui.common.WebUiCommonHelper.findWebElement(WebUiCommonHelper.java:1426)
	at com.kms.katalon.core.webui.keyword.internal.WebUIAbstractKeyword.findWebElement(WebUIAbstractKeyword.groovy:27)
	at com.kms.katalon.core.webui.keyword.internal.WebUIAbstractKeyword.findWebElement(WebUIAbstractKeyword.groovy:26)
	at com.kms.katalon.core.webui.keyword.builtin.GetTextKeyword$_getText_closure1.doCall(GetTextKeyword.groovy:78)
	at com.kms.katalon.core.webui.keyword.builtin.GetTextKeyword$_getText_closure1.call(GetTextKeyword.groovy)
	at com.kms.katalon.core.webui.keyword.internal.WebUIKeywordMain.runKeyword(WebUIKeywordMain.groovy:20)
	at com.kms.katalon.core.webui.keyword.builtin.GetTextKeyword.getText(GetTextKeyword.groovy:88)
	at com.kms.katalon.core.webui.keyword.builtin.GetTextKeyword.execute(GetTextKeyword.groovy:67)
	at com.kms.katalon.core.keyword.internal.KeywordExecutor.executeKeywordForPlatform(KeywordExecutor.groovy:74)
	at com.kms.katalon.core.webui.keyword.WebUiBuiltInKeywords.getText(WebUiBuiltInKeywords.groovy:957)
	at Script1718980020443.Numbers(Script1718980020443.groovy:594)
	at Script1718980020443.run(Script1718980020443.groovy:413)
	... 15 more
)
[[ATTACHMENT|C:\\Users\\LIAZGINA-DI\\git\\SPORU\\Reports\\20250317_032331\\\u041F\u043D-\u0421\u0440-\u041F\u0442\\\u0421\u0432\u0435\u0440\u043A\u0430 \u0434\u0430\u0448\u0431\u043E\u0440\u0434\u043E\u0432 \u0438\u0437 \u0440\u0430\u0437\u043D\u044B\u0445 \u0431\u043B\u043E\u043A\u043E\u0432\\20250317_032331\\1742184808611.png]]

17-03-2025T07:13:28 - [TEST_STEP][PASSED] - if (page == "" || page == null): null

17-03-2025T07:13:28 - [TEST_STEP][PASSED] - fileInt = poteri.toInteger(): null

17-03-2025T07:13:28 - [TEST_STEP][PASSED] - Script1718980020443.WriteToExcelNoData(a, typeOfData, todaysDate, fileInt, fileDouble, dZO): null

17-03-2025T07:13:28 - [TEST_STEP][PASSED] - sheetName = "Sheet1": null

17-03-2025T07:13:28 - [TEST_STEP][PASSED] - data = findTestData("PlanFact"): null

17-03-2025T07:13:28 - [TEST_STEP][PASSED] - n = data.getRowNumbers() + 1: null

17-03-2025T07:13:28 - [TEST_STEP][PASSED] - day = ")).toInteger(): null

17-03-2025T07:13:28 - [TEST_STEP][PASSED] - println(day): null

17-03-2025T07:13:28 - [TEST_STEP][PASSED] - month = ")).toInteger(): null

17-03-2025T07:13:28 - [TEST_STEP][PASSED] - println(month): null

17-03-2025T07:13:28 - [TEST_STEP][PASSED] - y = <not implemented yet for class: org.codehaus.groovy.ast.expr.EmptyExpression>: null

17-03-2025T07:13:28 - [TEST_STEP][PASSED] - iy = <not implemented yet for class: org.codehaus.groovy.ast.expr.EmptyExpression>: null

17-03-2025T07:13:28 - [TEST_STEP][PASSED] - m = getText(findTestObject("Выполнение бизнес-плана/Период")): Text of object 'Object Repository/Выполнение бизнес-плана/Период' is: 'Январь 2025 года'

17-03-2025T07:13:29 - [MESSAGE][PASSED] - Text of object 'Object Repository/Выполнение бизнес-плана/Период' is: 'Январь 2025 года'

17-03-2025T07:13:29 - [TEST_STEP][PASSED] - iy = m.indexOf("20"): null

17-03-2025T07:13:29 - [TEST_STEP][PASSED] - if (iy > -1): null

17-03-2025T07:13:29 - [TEST_STEP][PASSED] - y = substring(iy, iy + 4).toInteger(): null

17-03-2025T07:13:29 - [TEST_STEP][PASSED] - println(y): null

17-03-2025T07:13:29 - [TEST_STEP][PASSED] - if (toString().length() == 4): null

17-03-2025T07:13:29 - [TEST_STEP][PASSED] - m = m.substring(0, m.indexOf(y.toString())): null

17-03-2025T07:13:29 - [TEST_STEP][PASSED] - m = m.trim(): null

17-03-2025T07:13:29 - [TEST_STEP][PASSED] - if (m == ""): null

17-03-2025T07:13:29 - [TEST_STEP][PASSED] - dashboardName = "Выполнение бизнес-плана": null

17-03-2025T07:13:29 - [TEST_STEP][PASSED] - workbook01 = getWorkbook(excelFilePath): null

17-03-2025T07:13:29 - [TEST_STEP][PASSED] - sheet01 = getExcelSheet(workbook01, sheetName): null

17-03-2025T07:13:29 - [TEST_STEP][PASSED] - setValueToCellByIndex(sheet01, n, 0, dashboardName): null

17-03-2025T07:13:29 - [TEST_STEP][PASSED] - setValueToCellByIndex(sheet01, n, 1, dZO): null

17-03-2025T07:13:29 - [TEST_STEP][PASSED] - setValueToCellByIndex(sheet01, n, 2, typeOfData): null

17-03-2025T07:13:29 - [TEST_STEP][PASSED] - if (typeOfData == "Факт в процентах" || typeOfData == "План в процентах"): null

17-03-2025T07:13:29 - [TEST_STEP][PASSED] - else: null

17-03-2025T07:13:29 - [TEST_STEP][PASSED] - setValueToCellByIndex(sheet01, n, 3, fileInt): null

17-03-2025T07:13:29 - [TEST_STEP][PASSED] - setValueToCellByIndex(sheet01, n, 4, "нет данных"): null

17-03-2025T07:13:29 - [TEST_STEP][PASSED] - setValueToCellByIndex(sheet01, n, 5, m): null

17-03-2025T07:13:29 - [TEST_STEP][PASSED] - setValueToCellByIndex(sheet01, n, 6, y): null

17-03-2025T07:13:29 - [TEST_STEP][PASSED] - setValueToCellByIndex(sheet01, n, 7, todaysDate): null

17-03-2025T07:13:29 - [TEST_STEP][PASSED] - n = n + 1: null

17-03-2025T07:13:29 - [TEST_STEP][PASSED] - saveWorkbook(excelFilePath, workbook01): null

17-03-2025T07:13:29 - [TEST_STEP][PASSED] - compare = pageOtpuskVSet: null

17-03-2025T07:13:29 - [TEST_STEP][PASSED] - if (pageOtpuskVSet != null): null

17-03-2025T07:13:29 - [TEST_STEP][PASSED] - if (compare == fileOtpuskVSet): null

17-03-2025T07:13:29 - [TEST_STEP][PASSED] - if (compare == fileOtpuskVSet): null

17-03-2025T07:13:29 - [TEST_STEP][PASSED] - compare = pagePoteri: null

17-03-2025T07:13:29 - [TEST_STEP][PASSED] - if (pageOtpuskVSet != null): null

17-03-2025T07:13:29 - [TEST_STEP][PASSED] - if (compare == filePoteri): null

17-03-2025T07:13:29 - [TEST_STEP][PASSED] - else if (compare > filePoteri): null

17-03-2025T07:13:29 - [TEST_STEP][PASSED] - compare = compare - 1: null

17-03-2025T07:13:29 - [TEST_STEP][PASSED] - if (compare == filePoteri): null

17-03-2025T07:13:29 - [TEST_STEP][PASSED] - else: null

17-03-2025T07:13:29 - [TEST_STEP][PASSED] - numberOfErrors = numberOfErrors + 1: null

17-03-2025T07:13:29 - [TEST_STEP][PASSED] - pageInt = pagePoteri: null

17-03-2025T07:13:29 - [TEST_STEP][PASSED] - fileInt = filePoteri: null

17-03-2025T07:13:29 - [TEST_STEP][PASSED] - typeOfData = typeOfDataMain + " Потери": null

17-03-2025T07:13:29 - [TEST_STEP][PASSED] - Script1718980020443.WriteToExcel(a, typeOfData, todaysDate, pageInt, fileInt, pageDouble, fileDouble, dZO): null

17-03-2025T07:13:29 - [TEST_STEP][PASSED] - sheetName = "Sheet1": null

17-03-2025T07:13:29 - [TEST_STEP][PASSED] - data = findTestData("PlanFact"): null

17-03-2025T07:13:29 - [TEST_STEP][PASSED] - n = data.getRowNumbers() + 1: null

17-03-2025T07:13:29 - [TEST_STEP][PASSED] - day = ")).toInteger(): null

17-03-2025T07:13:29 - [TEST_STEP][PASSED] - println(day): null

17-03-2025T07:13:29 - [TEST_STEP][PASSED] - month = ")).toInteger(): null

17-03-2025T07:13:29 - [TEST_STEP][PASSED] - println(month): null

17-03-2025T07:13:29 - [TEST_STEP][PASSED] - y = <not implemented yet for class: org.codehaus.groovy.ast.expr.EmptyExpression>: null

17-03-2025T07:13:29 - [TEST_STEP][PASSED] - iy = <not implemented yet for class: org.codehaus.groovy.ast.expr.EmptyExpression>: null

17-03-2025T07:13:29 - [TEST_STEP][PASSED] - m = getText(findTestObject("Выполнение бизнес-плана/Период")): Text of object 'Object Repository/Выполнение бизнес-плана/Период' is: 'Январь 2025 года'

17-03-2025T07:13:29 - [MESSAGE][PASSED] - Text of object 'Object Repository/Выполнение бизнес-плана/Период' is: 'Январь 2025 года'

17-03-2025T07:13:29 - [TEST_STEP][PASSED] - iy = m.indexOf("20"): null

17-03-2025T07:13:29 - [TEST_STEP][PASSED] - if (iy > -1): null

17-03-2025T07:13:29 - [TEST_STEP][PASSED] - y = substring(iy, iy + 4).toInteger(): null

17-03-2025T07:13:29 - [TEST_STEP][PASSED] - println(y): null

17-03-2025T07:13:29 - [TEST_STEP][PASSED] - if (toString().length() == 4): null

17-03-2025T07:13:29 - [TEST_STEP][PASSED] - m = m.substring(0, m.indexOf(y.toString())): null

17-03-2025T07:13:29 - [TEST_STEP][PASSED] - m = m.trim(): null

17-03-2025T07:13:29 - [TEST_STEP][PASSED] - if (m == ""): null

17-03-2025T07:13:29 - [TEST_STEP][PASSED] - dashboardName = "Выполнение бизнес-плана": null

17-03-2025T07:13:29 - [TEST_STEP][PASSED] - workbook01 = getWorkbook(excelFilePath): null

17-03-2025T07:13:29 - [TEST_STEP][PASSED] - sheet01 = getExcelSheet(workbook01, sheetName): null

17-03-2025T07:13:29 - [TEST_STEP][PASSED] - setValueToCellByIndex(sheet01, n, 0, dashboardName): null

17-03-2025T07:13:29 - [TEST_STEP][PASSED] - setValueToCellByIndex(sheet01, n, 1, dZO): null

17-03-2025T07:13:29 - [TEST_STEP][PASSED] - setValueToCellByIndex(sheet01, n, 2, typeOfData): null

17-03-2025T07:13:29 - [TEST_STEP][PASSED] - if (typeOfData == "Факт в процентах" || typeOfData == "План в процентах"): null

17-03-2025T07:13:29 - [TEST_STEP][PASSED] - else: null

17-03-2025T07:13:29 - [TEST_STEP][PASSED] - setValueToCellByIndex(sheet01, n, 3, fileInt): null

17-03-2025T07:13:29 - [TEST_STEP][PASSED] - setValueToCellByIndex(sheet01, n, 4, pageInt): null

17-03-2025T07:13:29 - [TEST_STEP][PASSED] - setValueToCellByIndex(sheet01, n, 5, m): null

17-03-2025T07:13:29 - [TEST_STEP][PASSED] - setValueToCellByIndex(sheet01, n, 6, y): null

17-03-2025T07:13:29 - [TEST_STEP][PASSED] - setValueToCellByIndex(sheet01, n, 7, todaysDate): null

17-03-2025T07:13:29 - [TEST_STEP][PASSED] - n = n + 1: null

17-03-2025T07:13:29 - [TEST_STEP][PASSED] - saveWorkbook(excelFilePath, workbook01): Object: 'Object Repository/Выполнение бизнес-плана/Кнопка Факт' is clicked on

17-03-2025T07:13:29 - [TEST_STEP][PASSED] - if (planFact == 2): Object: 'Object Repository/Выполнение бизнес-плана/Кнопка Факт' is clicked on

17-03-2025T07:13:29 - [TEST_STEP][PASSED] - click(findTestObject("Выполнение бизнес-плана/Кнопка Факт")): Object: 'Object Repository/Выполнение бизнес-плана/Кнопка Факт' is clicked on

17-03-2025T07:13:30 - [MESSAGE][PASSED] - Object: 'Object Repository/Выполнение бизнес-плана/Кнопка Факт' is clicked on

17-03-2025T07:13:30 - [TEST_STEP][PASSED] - println("a=" + a): null

17-03-2025T07:13:30 - [TEST_STEP][PASSED] - if (a == 84 || a == 82): null

17-03-2025T07:13:30 - [TEST_STEP][PASSED] - else if (a == 83 || a == 52 || a == 72 || a == 28 || a == 73 || a == 77 || a == 74 || a == 65 || a == 36 || a == 44 || a == 53 || a == 80 || a == 54 || a == 1 || a == 18 || a == 59 || a == 81): null

17-03-2025T07:13:30 - [TEST_STEP][PASSED] - page1 = getText(findTestObject("Object Repository/Выполнение бизнес-плана/spanPlan" + dzoNum)): Text of object 'Object Repository/Выполнение бизнес-плана/spanPlan8' is: '12.35
|'

17-03-2025T07:13:30 - [MESSAGE][PASSED] - Text of object 'Object Repository/Выполнение бизнес-плана/spanPlan8' is: '12.35
|'

17-03-2025T07:13:30 - [TEST_STEP][PASSED] - page1 = page1.replace("|", ""): null

17-03-2025T07:13:30 - [TEST_STEP][PASSED] - page2 = getText(findTestObject("Object Repository/Выполнение бизнес-плана/spanFact" + dzoNum)): Text of object 'Object Repository/Выполнение бизнес-плана/spanFact8' is: '9.90'

17-03-2025T07:13:30 - [MESSAGE][PASSED] - Text of object 'Object Repository/Выполнение бизнес-плана/spanFact8' is: '9.90'

17-03-2025T07:13:30 - [TEST_STEP][PASSED] - page2 = page2.replace("|", ""): null

17-03-2025T07:13:30 - [TEST_STEP][PASSED] - println("page1: " + page1): null

17-03-2025T07:13:30 - [TEST_STEP][PASSED] - println("page2: " + page2): null

17-03-2025T07:13:30 - [TEST_STEP][PASSED] - file = findTestData("PlanFact").getValue(4, a): null

17-03-2025T07:13:30 - [TEST_STEP][PASSED] - file = file.replace(",", "."): null

17-03-2025T07:13:30 - [TEST_STEP][PASSED] - println("file Plan: " + file): null

17-03-2025T07:13:30 - [TEST_STEP][PASSED] - typeOfData = "План в процентах": null

17-03-2025T07:13:30 - [TEST_STEP][PASSED] - fileDouble = file.toDouble(): null

17-03-2025T07:13:30 - [TEST_STEP][PASSED] - pageDouble = page1.toDouble(): null

17-03-2025T07:13:30 - [TEST_STEP][PASSED] - if (fileDouble != pageDouble): null

17-03-2025T07:13:30 - [TEST_STEP][PASSED] - file = findTestData("PlanFact").getValue(7, a): null

17-03-2025T07:13:30 - [TEST_STEP][PASSED] - file = file.replace(",", "."): null

17-03-2025T07:13:30 - [TEST_STEP][PASSED] - println("file Fact: " + file): null

17-03-2025T07:13:30 - [TEST_STEP][PASSED] - fileDouble = file.toDouble(): null

17-03-2025T07:13:30 - [TEST_STEP][PASSED] - typeOfData = "Факт в процентах": null

17-03-2025T07:13:30 - [TEST_STEP][PASSED] - fileDouble = file.toDouble(): null

17-03-2025T07:13:30 - [TEST_STEP][PASSED] - pageDouble = page2.toDouble(): null

17-03-2025T07:13:30 - [TEST_STEP][PASSED] - if (fileDouble != pageDouble): null

17-03-2025T07:13:30 - [TEST_STEP][FAILED] - if (verifyEqual(numberOfErrors, 0) == false): null

17-03-2025T07:13:30 - [MESSAGE][FAILED] - Unable to verify equal between actual object '2' and expected object '0' (Root cause: com.kms.katalon.core.exception.StepFailedException: Actual object '2' and expected object '0' are not equal
	at com.kms.katalon.core.keyword.builtin.VerifyEqualKeyword$_verifyEqual_closure1.doCall(VerifyEqualKeyword.groovy:58)
	at com.kms.katalon.core.keyword.builtin.VerifyEqualKeyword$_verifyEqual_closure1.call(VerifyEqualKeyword.groovy)
	at com.kms.katalon.core.keyword.internal.KeywordMain.runKeyword(KeywordMain.groovy:75)
	at com.kms.katalon.core.keyword.builtin.VerifyEqualKeyword.verifyEqual(VerifyEqualKeyword.groovy:63)
	at com.kms.katalon.core.keyword.builtin.VerifyEqualKeyword.execute(VerifyEqualKeyword.groovy:44)
	at com.kms.katalon.core.keyword.internal.KeywordExecutor.executeKeywordForPlatform(KeywordExecutor.groovy:74)
	at com.kms.katalon.core.keyword.BuiltinKeywords.verifyEqual(BuiltinKeywords.groovy:146)
	at jdk.internal.reflect.GeneratedMethodAccessor23.invoke(Unknown Source)
	at java.base/jdk.internal.reflect.DelegatingMethodAccessorImpl.invoke(DelegatingMethodAccessorImpl.java:43)
	at Выполнение бизнес-плана Сверка ПАО Россети все филиалы.Numbers(Выполнение бизнес-плана Сверка ПАО Россети все филиалы:744)
	at Выполнение бизнес-плана Сверка ПАО Россети все филиалы.run(Выполнение бизнес-плана Сверка ПАО Россети все филиалы:413)
	at com.kms.katalon.core.main.ScriptEngine.run(ScriptEngine.java:194)
	at com.kms.katalon.core.main.ScriptEngine.runScriptAsRawText(ScriptEngine.java:119)
	at com.kms.katalon.core.main.TestCaseExecutor.runScript(TestCaseExecutor.java:448)
	at com.kms.katalon.core.main.TestCaseExecutor.doExecute(TestCaseExecutor.java:439)
	at com.kms.katalon.core.main.TestCaseExecutor.processExecutionPhase(TestCaseExecutor.java:418)
	at com.kms.katalon.core.main.TestCaseExecutor.accessMainPhase(TestCaseExecutor.java:410)
	at com.kms.katalon.core.main.TestCaseExecutor.execute(TestCaseExecutor.java:285)
	at com.kms.katalon.core.common.CommonExecutor.accessTestCaseMainPhase(CommonExecutor.java:65)
	at com.kms.katalon.core.main.TestSuiteExecutor.accessTestSuiteMainPhase(TestSuiteExecutor.java:150)
	at com.kms.katalon.core.main.TestSuiteExecutor.execute(TestSuiteExecutor.java:106)
	at com.kms.katalon.core.main.TestCaseMain.startTestSuite(TestCaseMain.java:180)
	at TempTestSuite1742171011514.run(TempTestSuite1742171011514.groovy:35)
	at java.base/jdk.internal.reflect.NativeMethodAccessorImpl.invoke0(Native Method)
	at java.base/jdk.internal.reflect.NativeMethodAccessorImpl.invoke(NativeMethodAccessorImpl.java:77)
	at java.base/jdk.internal.reflect.DelegatingMethodAccessorImpl.invoke(DelegatingMethodAccessorImpl.java:43)
)

17-03-2025T07:13:30 - [TEST_STEP][PASSED] - println(numberOfErrors): null

17-03-2025T07:13:30 - [TEST_STEP][PASSED] - println("a=" + a): null

17-03-2025T07:13:30 - [TEST_STEP][PASSED] - if (a == 28 || a == 77 || a == 74 || a == 65 || a == 36 || a == 44 || a == 54 || a == 1 || a == 18 || a == 59): null

17-03-2025T07:13:30 - [TEST_STEP][PASSED] - if (a == 82): null

17-03-2025T07:13:30 - [TEST_STEP][PASSED] - println(dzoNum): null

17-03-2025T07:13:30 - [TEST_STEP][PASSED] - closeBrowser(): Browser is closed

17-03-2025T07:13:31 - [MESSAGE][PASSED] - Browser is closed]]></system-out>
         <system-err><![CDATA[17-03-2025T06:46:25 - [TEST_CASE][FAILED] - Test Cases/Выполнение бизнес-плана/Выполнение бизнес-плана Сверка ПАО Россети все филиалы: Test Cases/Выполнение бизнес-плана/Выполнение бизнес-плана Сверка ПАО Россети все филиалы FAILED.
Reason:
com.kms.katalon.core.exception.StepFailedException: Unable to verify equal between actual object '6' and expected object '0' (Root cause: com.kms.katalon.core.exception.StepFailedException: Actual object '6' and expected object '0' are not equal
	at com.kms.katalon.core.keyword.builtin.VerifyEqualKeyword$_verifyEqual_closure1.doCall(VerifyEqualKeyword.groovy:58)
	at com.kms.katalon.core.keyword.builtin.VerifyEqualKeyword$_verifyEqual_closure1.call(VerifyEqualKeyword.groovy)
	at com.kms.katalon.core.keyword.internal.KeywordMain.runKeyword(KeywordMain.groovy:75)
	at com.kms.katalon.core.keyword.builtin.VerifyEqualKeyword.verifyEqual(VerifyEqualKeyword.groovy:63)
	at com.kms.katalon.core.keyword.builtin.VerifyEqualKeyword.execute(VerifyEqualKeyword.groovy:44)
	at com.kms.katalon.core.keyword.internal.KeywordExecutor.executeKeywordForPlatform(KeywordExecutor.groovy:74)
	at com.kms.katalon.core.keyword.BuiltinKeywords.verifyEqual(BuiltinKeywords.groovy:146)
	at jdk.internal.reflect.GeneratedMethodAccessor23.invoke(Unknown Source)
	at java.base/jdk.internal.reflect.DelegatingMethodAccessorImpl.invoke(DelegatingMethodAccessorImpl.java:43)
	at Выполнение бизнес-плана Сверка ПАО Россети все филиалы.Numbers(Выполнение бизнес-плана Сверка ПАО Россети все филиалы:744)
	at Выполнение бизнес-плана Сверка ПАО Россети все филиалы.run(Выполнение бизнес-плана Сверка ПАО Россети все филиалы:172)
	at com.kms.katalon.core.main.ScriptEngine.run(ScriptEngine.java:194)
	at com.kms.katalon.core.main.ScriptEngine.runScriptAsRawText(ScriptEngine.java:119)
	at com.kms.katalon.core.main.TestCaseExecutor.runScript(TestCaseExecutor.java:448)
	at com.kms.katalon.core.main.TestCaseExecutor.doExecute(TestCaseExecutor.java:439)
	at com.kms.katalon.core.main.TestCaseExecutor.processExecutionPhase(TestCaseExecutor.java:418)
	at com.kms.katalon.core.main.TestCaseExecutor.accessMainPhase(TestCaseExecutor.java:410)
	at com.kms.katalon.core.main.TestCaseExecutor.execute(TestCaseExecutor.java:285)
	at com.kms.katalon.core.common.CommonExecutor.accessTestCaseMainPhase(CommonExecutor.java:65)
	at com.kms.katalon.core.main.TestSuiteExecutor.accessTestSuiteMainPhase(TestSuiteExecutor.java:150)
	at com.kms.katalon.core.main.TestSuiteExecutor.execute(TestSuiteExecutor.java:106)
	at com.kms.katalon.core.main.TestCaseMain.startTestSuite(TestCaseMain.java:180)
	at TempTestSuite1742171011514.run(TempTestSuite1742171011514.groovy:35)
	at java.base/jdk.internal.reflect.NativeMethodAccessorImpl.invoke0(Native Method)
	at java.base/jdk.internal.reflect.NativeMethodAccessorImpl.invoke(NativeMethodAccessorImpl.java:77)
	at java.base/jdk.internal.reflect.DelegatingMethodAccessorImpl.invoke(DelegatingMethodAccessorImpl.java:43)
)
	at com.kms.katalon.core.keyword.internal.KeywordMain.stepFailed(KeywordMain.groovy:39)
	at com.kms.katalon.core.keyword.internal.KeywordMain.stepFailed(KeywordMain.groovy)
	at com.kms.katalon.core.keyword.internal.KeywordMain.runKeyword(KeywordMain.groovy:77)
	at com.kms.katalon.core.keyword.builtin.VerifyEqualKeyword.verifyEqual(VerifyEqualKeyword.groovy:63)
	at com.kms.katalon.core.keyword.builtin.VerifyEqualKeyword.execute(VerifyEqualKeyword.groovy:44)
	at com.kms.katalon.core.keyword.internal.KeywordExecutor.executeKeywordForPlatform(KeywordExecutor.groovy:74)
	at com.kms.katalon.core.keyword.BuiltinKeywords.verifyEqual(BuiltinKeywords.groovy:146)
	at jdk.internal.reflect.GeneratedMethodAccessor23.invoke(Unknown Source)
	at java.base/jdk.internal.reflect.DelegatingMethodAccessorImpl.invoke(DelegatingMethodAccessorImpl.java:43)
	at Выполнение бизнес-плана Сверка ПАО Россети все филиалы.Numbers(Выполнение бизнес-плана Сверка ПАО Россети все филиалы:744)
	at Выполнение бизнес-плана Сверка ПАО Россети все филиалы.run(Выполнение бизнес-плана Сверка ПАО Россети все филиалы:172)
	at com.kms.katalon.core.main.ScriptEngine.run(ScriptEngine.java:194)
	at com.kms.katalon.core.main.ScriptEngine.runScriptAsRawText(ScriptEngine.java:119)
	at com.kms.katalon.core.main.TestCaseExecutor.runScript(TestCaseExecutor.java:448)
	at com.kms.katalon.core.main.TestCaseExecutor.doExecute(TestCaseExecutor.java:439)
	at com.kms.katalon.core.main.TestCaseExecutor.processExecutionPhase(TestCaseExecutor.java:418)
	at com.kms.katalon.core.main.TestCaseExecutor.accessMainPhase(TestCaseExecutor.java:410)
	at com.kms.katalon.core.main.TestCaseExecutor.execute(TestCaseExecutor.java:285)
	at com.kms.katalon.core.common.CommonExecutor.accessTestCaseMainPhase(CommonExecutor.java:65)
	at com.kms.katalon.core.main.TestSuiteExecutor.accessTestSuiteMainPhase(TestSuiteExecutor.java:150)
	at com.kms.katalon.core.main.TestSuiteExecutor.execute(TestSuiteExecutor.java:106)
	at com.kms.katalon.core.main.TestCaseMain.startTestSuite(TestCaseMain.java:180)
	at TempTestSuite1742171011514.run(TempTestSuite1742171011514.groovy:35)
	at java.base/jdk.internal.reflect.NativeMethodAccessorImpl.invoke0(Native Method)
	at java.base/jdk.internal.reflect.NativeMethodAccessorImpl.invoke(NativeMethodAccessorImpl.java:77)
	at java.base/jdk.internal.reflect.DelegatingMethodAccessorImpl.invoke(DelegatingMethodAccessorImpl.java:43)
Caused by: com.kms.katalon.core.exception.StepFailedException: Actual object '6' and expected object '0' are not equal
	at com.kms.katalon.core.keyword.builtin.VerifyEqualKeyword$_verifyEqual_closure1.doCall(VerifyEqualKeyword.groovy:58)
	at com.kms.katalon.core.keyword.builtin.VerifyEqualKeyword$_verifyEqual_closure1.call(VerifyEqualKeyword.groovy)
	at com.kms.katalon.core.keyword.internal.KeywordMain.runKeyword(KeywordMain.groovy:75)
	... 23 more]]></system-err>
      </testcase>
      <system-out><![CDATA[17-03-2025T03:23:36 - [TEST_SUITE][FAILED] - Сверка дашбордов из разных блоков: Test Cases/Сверки дашбордов/Блок руководителя сверка дашбордов под разными учётками FAILED.
Reason:
com.kms.katalon.core.exception.StepFailedException: Unable to get text of object 'Object Repository/Выполнение бизнес-плана/table' (Root cause: com.kms.katalon.core.exception.StepFailedException: Unable to get text of object 'Object Repository/Выполнение бизнес-плана/table'
	at com.kms.katalon.core.webui.keyword.internal.WebUIKeywordMain.stepFailed(WebUIKeywordMain.groovy:64)
	at com.kms.katalon.core.webui.keyword.internal.WebUIKeywordMain.runKeyword(WebUIKeywordMain.groovy:26)
	at com.kms.katalon.core.webui.keyword.builtin.GetTextKeyword.getText(GetTextKeyword.groovy:88)
	at com.kms.katalon.core.webui.keyword.builtin.GetTextKeyword.execute(GetTextKeyword.groovy:67)
	at com.kms.katalon.core.keyword.internal.KeywordExecutor.executeKeywordForPlatform(KeywordExecutor.groovy:74)
	at com.kms.katalon.core.webui.keyword.WebUiBuiltInKeywords.getText(WebUiBuiltInKeywords.groovy:957)
	at Блок руководителя сверка дашбордов под разными учётками.VipolnenieBiznesPlana(Блок руководителя сверка дашбордов под разными учётками:278)
	at Блок руководителя сверка дашбордов под разными учётками.run(Блок руководителя сверка дашбордов под разными учётками:52)
	at com.kms.katalon.core.main.ScriptEngine.run(ScriptEngine.java:194)
	at com.kms.katalon.core.main.ScriptEngine.runScriptAsRawText(ScriptEngine.java:119)
	at com.kms.katalon.core.main.TestCaseExecutor.runScript(TestCaseExecutor.java:448)
	at com.kms.katalon.core.main.TestCaseExecutor.doExecute(TestCaseExecutor.java:439)
	at com.kms.katalon.core.main.TestCaseExecutor.processExecutionPhase(TestCaseExecutor.java:418)
	at com.kms.katalon.core.main.TestCaseExecutor.accessMainPhase(TestCaseExecutor.java:410)
	at com.kms.katalon.core.main.TestCaseExecutor.execute(TestCaseExecutor.java:285)
	at com.kms.katalon.core.common.CommonExecutor.accessTestCaseMainPhase(CommonExecutor.java:65)
	at com.kms.katalon.core.main.TestSuiteExecutor.accessTestSuiteMainPhase(TestSuiteExecutor.java:150)
	at com.kms.katalon.core.main.TestSuiteExecutor.execute(TestSuiteExecutor.java:106)
	at com.kms.katalon.core.main.TestCaseMain.startTestSuite(TestCaseMain.java:180)
	at TempTestSuite1742171011514.run(TempTestSuite1742171011514.groovy:35)
	at java.base/jdk.internal.reflect.NativeMethodAccessorImpl.invoke0(Native Method)
	at java.base/jdk.internal.reflect.NativeMethodAccessorImpl.invoke(NativeMethodAccessorImpl.java:77)
	at java.base/jdk.internal.reflect.DelegatingMethodAccessorImpl.invoke(DelegatingMethodAccessorImpl.java:43)
Caused by: com.kms.katalon.core.webui.exception.WebElementNotFoundException: Web element with id: 'Object Repository/Выполнение бизнес-плана/table' located by '//div[@id='grid-25be55ef81e941d9a5e47136b644a838']' not found
	at com.kms.katalon.core.webui.common.WebUiCommonHelper.findWebElement(WebUiCommonHelper.java:1426)
	at com.kms.katalon.core.webui.keyword.internal.WebUIAbstractKeyword.findWebElement(WebUIAbstractKeyword.groovy:27)
	at com.kms.katalon.core.webui.keyword.internal.WebUIAbstractKeyword.findWebElement(WebUIAbstractKeyword.groovy:26)
	at com.kms.katalon.core.webui.keyword.builtin.GetTextKeyword$_getText_closure1.doCall(GetTextKeyword.groovy:78)
	at com.kms.katalon.core.webui.keyword.builtin.GetTextKeyword$_getText_closure1.call(GetTextKeyword.groovy)
	at com.kms.katalon.core.webui.keyword.internal.WebUIKeywordMain.runKeyword(WebUIKeywordMain.groovy:20)
	at com.kms.katalon.core.webui.keyword.builtin.GetTextKeyword.getText(GetTextKeyword.groovy:88)
	at com.kms.katalon.core.webui.keyword.builtin.GetTextKeyword.execute(GetTextKeyword.groovy:67)
	at com.kms.katalon.core.keyword.internal.KeywordExecutor.executeKeywordForPlatform(KeywordExecutor.groovy:74)
	at com.kms.katalon.core.webui.keyword.WebUiBuiltInKeywords.getText(WebUiBuiltInKeywords.groovy:957)
	at Script1686231490255.VipolnenieBiznesPlana(Script1686231490255.groovy:278)
	at Script1686231490255.run(Script1686231490255.groovy:52)
	... 15 more
)
	at com.kms.katalon.core.keyword.internal.KeywordMain.stepFailed(KeywordMain.groovy:39)
	at com.kms.katalon.core.webui.keyword.internal.WebUIKeywordMain.stepFailed(WebUIKeywordMain.groovy:64)
	at com.kms.katalon.core.webui.keyword.internal.WebUIKeywordMain.runKeyword(WebUIKeywordMain.groovy:26)
	at com.kms.katalon.core.webui.keyword.builtin.GetTextKeyword.getText(GetTextKeyword.groovy:88)
	at com.kms.katalon.core.webui.keyword.builtin.GetTextKeyword.execute(GetTextKeyword.groovy:67)
	at com.kms.katalon.core.keyword.internal.KeywordExecutor.executeKeywordForPlatform(KeywordExecutor.groovy:74)
	at com.kms.katalon.core.webui.keyword.WebUiBuiltInKeywords.getText(WebUiBuiltInKeywords.groovy:957)
	at Блок руководителя сверка дашбордов под разными учётками.VipolnenieBiznesPlana(Блок руководителя сверка дашбордов под разными учётками:278)
	at Блок руководителя сверка дашбордов под разными учётками.run(Блок руководителя сверка дашбордов под разными учётками:52)
	at com.kms.katalon.core.main.ScriptEngine.run(ScriptEngine.java:194)
	at com.kms.katalon.core.main.ScriptEngine.runScriptAsRawText(ScriptEngine.java:119)
	at com.kms.katalon.core.main.TestCaseExecutor.runScript(TestCaseExecutor.java:448)
	at com.kms.katalon.core.main.TestCaseExecutor.doExecute(TestCaseExecutor.java:439)
	at com.kms.katalon.core.main.TestCaseExecutor.processExecutionPhase(TestCaseExecutor.java:418)
	at com.kms.katalon.core.main.TestCaseExecutor.accessMainPhase(TestCaseExecutor.java:410)
	at com.kms.katalon.core.main.TestCaseExecutor.execute(TestCaseExecutor.java:285)
	at com.kms.katalon.core.common.CommonExecutor.accessTestCaseMainPhase(CommonExecutor.java:65)
	at com.kms.katalon.core.main.TestSuiteExecutor.accessTestSuiteMainPhase(TestSuiteExecutor.java:150)
	at com.kms.katalon.core.main.TestSuiteExecutor.execute(TestSuiteExecutor.java:106)
	at com.kms.katalon.core.main.TestCaseMain.startTestSuite(TestCaseMain.java:180)
	at TempTestSuite1742171011514.run(TempTestSuite1742171011514.groovy:35)
	at java.base/jdk.internal.reflect.NativeMethodAccessorImpl.invoke0(Native Method)
	at java.base/jdk.internal.reflect.NativeMethodAccessorImpl.invoke(NativeMethodAccessorImpl.java:77)
	at java.base/jdk.internal.reflect.DelegatingMethodAccessorImpl.invoke(DelegatingMethodAccessorImpl.java:43)
Caused by: com.kms.katalon.core.exception.StepFailedException: Unable to get text of object 'Object Repository/Выполнение бизнес-плана/table'
	... 23 more
Caused by: com.kms.katalon.core.webui.exception.WebElementNotFoundException: Web element with id: 'Object Repository/Выполнение бизнес-плана/table' located by '//div[@id='grid-25be55ef81e941d9a5e47136b644a838']' not found
	at com.kms.katalon.core.webui.common.WebUiCommonHelper.findWebElement(WebUiCommonHelper.java:1426)
	at com.kms.katalon.core.webui.keyword.internal.WebUIAbstractKeyword.findWebElement(WebUIAbstractKeyword.groovy:27)
	at com.kms.katalon.core.webui.keyword.internal.WebUIAbstractKeyword.findWebElement(WebUIAbstractKeyword.groovy:26)
	at com.kms.katalon.core.webui.keyword.builtin.GetTextKeyword$_getText_closure1.doCall(GetTextKeyword.groovy:78)
	at com.kms.katalon.core.webui.keyword.builtin.GetTextKeyword$_getText_closure1.call(GetTextKeyword.groovy)
	at com.kms.katalon.core.webui.keyword.internal.WebUIKeywordMain.runKeyword(WebUIKeywordMain.groovy:20)
	... 21 more]]></system-out>
      <system-err><![CDATA[17-03-2025T03:23:36 - [TEST_SUITE][FAILED] - Сверка дашбордов из разных блоков: Test Cases/Сверки дашбордов/Блок руководителя сверка дашбордов под разными учётками FAILED.
Reason:
com.kms.katalon.core.exception.StepFailedException: Unable to get text of object 'Object Repository/Выполнение бизнес-плана/table' (Root cause: com.kms.katalon.core.exception.StepFailedException: Unable to get text of object 'Object Repository/Выполнение бизнес-плана/table'
	at com.kms.katalon.core.webui.keyword.internal.WebUIKeywordMain.stepFailed(WebUIKeywordMain.groovy:64)
	at com.kms.katalon.core.webui.keyword.internal.WebUIKeywordMain.runKeyword(WebUIKeywordMain.groovy:26)
	at com.kms.katalon.core.webui.keyword.builtin.GetTextKeyword.getText(GetTextKeyword.groovy:88)
	at com.kms.katalon.core.webui.keyword.builtin.GetTextKeyword.execute(GetTextKeyword.groovy:67)
	at com.kms.katalon.core.keyword.internal.KeywordExecutor.executeKeywordForPlatform(KeywordExecutor.groovy:74)
	at com.kms.katalon.core.webui.keyword.WebUiBuiltInKeywords.getText(WebUiBuiltInKeywords.groovy:957)
	at Блок руководителя сверка дашбордов под разными учётками.VipolnenieBiznesPlana(Блок руководителя сверка дашбордов под разными учётками:278)
	at Блок руководителя сверка дашбордов под разными учётками.run(Блок руководителя сверка дашбордов под разными учётками:52)
	at com.kms.katalon.core.main.ScriptEngine.run(ScriptEngine.java:194)
	at com.kms.katalon.core.main.ScriptEngine.runScriptAsRawText(ScriptEngine.java:119)
	at com.kms.katalon.core.main.TestCaseExecutor.runScript(TestCaseExecutor.java:448)
	at com.kms.katalon.core.main.TestCaseExecutor.doExecute(TestCaseExecutor.java:439)
	at com.kms.katalon.core.main.TestCaseExecutor.processExecutionPhase(TestCaseExecutor.java:418)
	at com.kms.katalon.core.main.TestCaseExecutor.accessMainPhase(TestCaseExecutor.java:410)
	at com.kms.katalon.core.main.TestCaseExecutor.execute(TestCaseExecutor.java:285)
	at com.kms.katalon.core.common.CommonExecutor.accessTestCaseMainPhase(CommonExecutor.java:65)
	at com.kms.katalon.core.main.TestSuiteExecutor.accessTestSuiteMainPhase(TestSuiteExecutor.java:150)
	at com.kms.katalon.core.main.TestSuiteExecutor.execute(TestSuiteExecutor.java:106)
	at com.kms.katalon.core.main.TestCaseMain.startTestSuite(TestCaseMain.java:180)
	at TempTestSuite1742171011514.run(TempTestSuite1742171011514.groovy:35)
	at java.base/jdk.internal.reflect.NativeMethodAccessorImpl.invoke0(Native Method)
	at java.base/jdk.internal.reflect.NativeMethodAccessorImpl.invoke(NativeMethodAccessorImpl.java:77)
	at java.base/jdk.internal.reflect.DelegatingMethodAccessorImpl.invoke(DelegatingMethodAccessorImpl.java:43)
Caused by: com.kms.katalon.core.webui.exception.WebElementNotFoundException: Web element with id: 'Object Repository/Выполнение бизнес-плана/table' located by '//div[@id='grid-25be55ef81e941d9a5e47136b644a838']' not found
	at com.kms.katalon.core.webui.common.WebUiCommonHelper.findWebElement(WebUiCommonHelper.java:1426)
	at com.kms.katalon.core.webui.keyword.internal.WebUIAbstractKeyword.findWebElement(WebUIAbstractKeyword.groovy:27)
	at com.kms.katalon.core.webui.keyword.internal.WebUIAbstractKeyword.findWebElement(WebUIAbstractKeyword.groovy:26)
	at com.kms.katalon.core.webui.keyword.builtin.GetTextKeyword$_getText_closure1.doCall(GetTextKeyword.groovy:78)
	at com.kms.katalon.core.webui.keyword.builtin.GetTextKeyword$_getText_closure1.call(GetTextKeyword.groovy)
	at com.kms.katalon.core.webui.keyword.internal.WebUIKeywordMain.runKeyword(WebUIKeywordMain.groovy:20)
	at com.kms.katalon.core.webui.keyword.builtin.GetTextKeyword.getText(GetTextKeyword.groovy:88)
	at com.kms.katalon.core.webui.keyword.builtin.GetTextKeyword.execute(GetTextKeyword.groovy:67)
	at com.kms.katalon.core.keyword.internal.KeywordExecutor.executeKeywordForPlatform(KeywordExecutor.groovy:74)
	at com.kms.katalon.core.webui.keyword.WebUiBuiltInKeywords.getText(WebUiBuiltInKeywords.groovy:957)
	at Script1686231490255.VipolnenieBiznesPlana(Script1686231490255.groovy:278)
	at Script1686231490255.run(Script1686231490255.groovy:52)
	... 15 more
)
	at com.kms.katalon.core.keyword.internal.KeywordMain.stepFailed(KeywordMain.groovy:39)
	at com.kms.katalon.core.webui.keyword.internal.WebUIKeywordMain.stepFailed(WebUIKeywordMain.groovy:64)
	at com.kms.katalon.core.webui.keyword.internal.WebUIKeywordMain.runKeyword(WebUIKeywordMain.groovy:26)
	at com.kms.katalon.core.webui.keyword.builtin.GetTextKeyword.getText(GetTextKeyword.groovy:88)
	at com.kms.katalon.core.webui.keyword.builtin.GetTextKeyword.execute(GetTextKeyword.groovy:67)
	at com.kms.katalon.core.keyword.internal.KeywordExecutor.executeKeywordForPlatform(KeywordExecutor.groovy:74)
	at com.kms.katalon.core.webui.keyword.WebUiBuiltInKeywords.getText(WebUiBuiltInKeywords.groovy:957)
	at Блок руководителя сверка дашбордов под разными учётками.VipolnenieBiznesPlana(Блок руководителя сверка дашбордов под разными учётками:278)
	at Блок руководителя сверка дашбордов под разными учётками.run(Блок руководителя сверка дашбордов под разными учётками:52)
	at com.kms.katalon.core.main.ScriptEngine.run(ScriptEngine.java:194)
	at com.kms.katalon.core.main.ScriptEngine.runScriptAsRawText(ScriptEngine.java:119)
	at com.kms.katalon.core.main.TestCaseExecutor.runScript(TestCaseExecutor.java:448)
	at com.kms.katalon.core.main.TestCaseExecutor.doExecute(TestCaseExecutor.java:439)
	at com.kms.katalon.core.main.TestCaseExecutor.processExecutionPhase(TestCaseExecutor.java:418)
	at com.kms.katalon.core.main.TestCaseExecutor.accessMainPhase(TestCaseExecutor.java:410)
	at com.kms.katalon.core.main.TestCaseExecutor.execute(TestCaseExecutor.java:285)
	at com.kms.katalon.core.common.CommonExecutor.accessTestCaseMainPhase(CommonExecutor.java:65)
	at com.kms.katalon.core.main.TestSuiteExecutor.accessTestSuiteMainPhase(TestSuiteExecutor.java:150)
	at com.kms.katalon.core.main.TestSuiteExecutor.execute(TestSuiteExecutor.java:106)
	at com.kms.katalon.core.main.TestCaseMain.startTestSuite(TestCaseMain.java:180)
	at TempTestSuite1742171011514.run(TempTestSuite1742171011514.groovy:35)
	at java.base/jdk.internal.reflect.NativeMethodAccessorImpl.invoke0(Native Method)
	at java.base/jdk.internal.reflect.NativeMethodAccessorImpl.invoke(NativeMethodAccessorImpl.java:77)
	at java.base/jdk.internal.reflect.DelegatingMethodAccessorImpl.invoke(DelegatingMethodAccessorImpl.java:43)
Caused by: com.kms.katalon.core.exception.StepFailedException: Unable to get text of object 'Object Repository/Выполнение бизнес-плана/table'
	... 23 more
Caused by: com.kms.katalon.core.webui.exception.WebElementNotFoundException: Web element with id: 'Object Repository/Выполнение бизнес-плана/table' located by '//div[@id='grid-25be55ef81e941d9a5e47136b644a838']' not found
	at com.kms.katalon.core.webui.common.WebUiCommonHelper.findWebElement(WebUiCommonHelper.java:1426)
	at com.kms.katalon.core.webui.keyword.internal.WebUIAbstractKeyword.findWebElement(WebUIAbstractKeyword.groovy:27)
	at com.kms.katalon.core.webui.keyword.internal.WebUIAbstractKeyword.findWebElement(WebUIAbstractKeyword.groovy:26)
	at com.kms.katalon.core.webui.keyword.builtin.GetTextKeyword$_getText_closure1.doCall(GetTextKeyword.groovy:78)
	at com.kms.katalon.core.webui.keyword.builtin.GetTextKeyword$_getText_closure1.call(GetTextKeyword.groovy)
	at com.kms.katalon.core.webui.keyword.internal.WebUIKeywordMain.runKeyword(WebUIKeywordMain.groovy:20)
	... 21 more]]></system-err>
   </testsuite>
</testsuites>
