<?xml version="1.0" encoding="UTF-8"?>
<testsuites name="Сверка дашбордов из разных блоков" time="12785.596" tests="7" failures="3" errors="0">
   <testsuite name="Сверка дашбордов из разных блоков" tests="7" failures="3" errors="0" time="12785.596" skipped="0" timestamp="26-05-2025T06:09:56" hostname="liazgina-di - UVV-WS904-D.ot.ru" id="Test Suites/Пн-Ср-Пт/Сверка дашбордов из разных блоков">
      <properties>
         <property name="deviceName" value=""/>
         <property name="devicePlatform"/>
         <property name="logFolder" value="C:\\Users\\LIAZGINA-DI\\git\\SPORU\\Reports\\20250526_060951\\\u041F\u043D-\u0421\u0440-\u041F\u0442\\\u0421\u0432\u0435\u0440\u043A\u0430 \u0434\u0430\u0448\u0431\u043E\u0440\u0434\u043E\u0432 \u0438\u0437 \u0440\u0430\u0437\u043D\u044B\u0445 \u0431\u043B\u043E\u043A\u043E\u0432\\20250526_060951"/>
         <property name="logFiles" value="C:\\Users\\LIAZGINA-DI\\git\\SPORU\\Reports\\20250526_060951\\\u041F\u043D-\u0421\u0440-\u041F\u0442\\\u0421\u0432\u0435\u0440\u043A\u0430 \u0434\u0430\u0448\u0431\u043E\u0440\u0434\u043E\u0432 \u0438\u0437 \u0440\u0430\u0437\u043D\u044B\u0445 \u0431\u043B\u043E\u043A\u043E\u0432\\20250526_060951\\execution0.log, C:\\Users\\LIAZGINA-DI\\git\\SPORU\\Reports\\20250526_060951\\\u041F\u043D-\u0421\u0440-\u041F\u0442\\\u0421\u0432\u0435\u0440\u043A\u0430 \u0434\u0430\u0448\u0431\u043E\u0440\u0434\u043E\u0432 \u0438\u0437 \u0440\u0430\u0437\u043D\u044B\u0445 \u0431\u043B\u043E\u043A\u043E\u0432\\20250526_060951\\execution1.log, C:\\Users\\LIAZGINA-DI\\git\\SPORU\\Reports\\20250526_060951\\\u041F\u043D-\u0421\u0440-\u041F\u0442\\\u0421\u0432\u0435\u0440\u043A\u0430 \u0434\u0430\u0448\u0431\u043E\u0440\u0434\u043E\u0432 \u0438\u0437 \u0440\u0430\u0437\u043D\u044B\u0445 \u0431\u043B\u043E\u043A\u043E\u0432\\20250526_060951\\execution2.log"/>
         <property name="attachments" value="C:\\Users\\LIAZGINA-DI\\git\\SPORU\\Reports\\20250526_060951\\\u041F\u043D-\u0421\u0440-\u041F\u0442\\\u0421\u0432\u0435\u0440\u043A\u0430 \u0434\u0430\u0448\u0431\u043E\u0440\u0434\u043E\u0432 \u0438\u0437 \u0440\u0430\u0437\u043D\u044B\u0445 \u0431\u043B\u043E\u043A\u043E\u0432\\20250526_060951\\1748234357304.png"/>
         <property name="hostName" value="liazgina-di - UVV-WS904-D.ot.ru"/>
         <property name="os" value="Windows 10 64bit"/>
         <property name="katalonVersion" value="9.5.0.217"/>
         <property name="browser" value="Chrome 136.0.0.0"/>
         <property name="hostAddress" value="192.168.0.19"/>
         <property name="sessionId" value="267167c7fafdc2101de31912e4e209e1"/>
         <property name="seleniumVersion" value="3.141.59"/>
         <property name="proxyInformation" value="ProxyInformation { proxyOption=NO_PROXY, proxyServerType=HTTP, username=, password=********, proxyServerAddress=, proxyServerPort=0, executionList=&quot;&quot;, isApplyToDesiredCapabilities=true }"/>
         <property name="platform" value="Windows 10"/>
      </properties>
      <testcase name="Test Cases/Сверки дашбордов/Блок руководителя сверка дашбордов под разными учётками" time="4959.097" classname="Test Cases/Сверки дашбордов/Блок руководителя сверка дашбордов под разными учётками" status="PASSED">
         <system-out><![CDATA[26-05-2025T06:09:56 - [TEST_CASE][PASSED] - Test Cases/Сверки дашбордов/Блок руководителя сверка дашбордов под разными учётками: Test Cases/Сверки дашбордов/Блок руководителя сверка дашбордов под разными учётками

26-05-2025T06:09:58 - [TEST_STEP][PASSED] - run = 1: null

26-05-2025T06:09:58 - [TEST_STEP][PASSED] - data = findTestData("PlanFact"): null

26-05-2025T06:09:58 - [TEST_STEP][PASSED] - n = <not implemented yet for class: org.codehaus.groovy.ast.expr.EmptyExpression>: null

26-05-2025T06:09:58 - [TEST_STEP][PASSED] - urlData = <not implemented yet for class: org.codehaus.groovy.ast.expr.EmptyExpression>: null

26-05-2025T06:09:58 - [TEST_STEP][PASSED] - dashboardName = <not implemented yet for class: org.codehaus.groovy.ast.expr.EmptyExpression>: null

26-05-2025T06:09:58 - [TEST_STEP][PASSED] - a1 = <not implemented yet for class: org.codehaus.groovy.ast.expr.EmptyExpression>: null

26-05-2025T06:09:58 - [TEST_STEP][PASSED] - a2 = <not implemented yet for class: org.codehaus.groovy.ast.expr.EmptyExpression>: null

26-05-2025T06:09:58 - [TEST_STEP][PASSED] - a3 = <not implemented yet for class: org.codehaus.groovy.ast.expr.EmptyExpression>: null

26-05-2025T06:09:58 - [TEST_STEP][PASSED] - a4 = <not implemented yet for class: org.codehaus.groovy.ast.expr.EmptyExpression>: null

26-05-2025T06:09:58 - [TEST_STEP][PASSED] - a5 = <not implemented yet for class: org.codehaus.groovy.ast.expr.EmptyExpression>: null

26-05-2025T06:09:58 - [TEST_STEP][PASSED] - a6 = <not implemented yet for class: org.codehaus.groovy.ast.expr.EmptyExpression>: null

26-05-2025T06:09:58 - [TEST_STEP][PASSED] - a7 = <not implemented yet for class: org.codehaus.groovy.ast.expr.EmptyExpression>: null

26-05-2025T06:09:58 - [TEST_STEP][PASSED] - a8 = <not implemented yet for class: org.codehaus.groovy.ast.expr.EmptyExpression>: null

26-05-2025T06:09:58 - [TEST_STEP][PASSED] - a9 = <not implemented yet for class: org.codehaus.groovy.ast.expr.EmptyExpression>: null

26-05-2025T06:09:58 - [TEST_STEP][PASSED] - user = <not implemented yet for class: org.codehaus.groovy.ast.expr.EmptyExpression>: null

26-05-2025T06:09:58 - [TEST_STEP][PASSED] - for ([run = 1, run < 4, (run++)]): null

26-05-2025T06:09:58 - [TEST_STEP][PASSED] - VipolnenieBiznesPlana(user, dashboardName, n, data, run, a1, a2, a3, a4, a5, a6, a7, a8, a9, urlData): null

26-05-2025T06:09:58 - [TEST_STEP][PASSED] - a10 = <not implemented yet for class: org.codehaus.groovy.ast.expr.EmptyExpression>: null

26-05-2025T06:09:58 - [TEST_STEP][PASSED] - a11 = <not implemented yet for class: org.codehaus.groovy.ast.expr.EmptyExpression>: null

26-05-2025T06:09:58 - [TEST_STEP][PASSED] - a12 = <not implemented yet for class: org.codehaus.groovy.ast.expr.EmptyExpression>: null

26-05-2025T06:09:58 - [TEST_STEP][PASSED] - n = data.getRowNumbers() + 1: null

26-05-2025T06:09:59 - [TEST_STEP][PASSED] - println(n): null

26-05-2025T06:09:59 - [TEST_STEP][PASSED] - dashboardName = "Выполнение бизнес-плана": null

26-05-2025T06:09:59 - [TEST_STEP][PASSED] - openBrowser(""): Browser is opened with url: ''

26-05-2025T06:09:59 - [MESSAGE][INFO] - Starting 'Chrome' driver

26-05-2025T06:09:59 - [MESSAGE][INFO] - Action delay is set to 0 milliseconds

26-05-2025T06:10:01 - [MESSAGE][PASSED] - Browser is opened with url: ''

26-05-2025T06:10:01 - [TEST_STEP][PASSED] - urlData = 1: null

26-05-2025T06:10:01 - [TEST_STEP][PASSED] - Script1686231490255.CheckPageDownload(urlData, run): null

26-05-2025T06:10:01 - [TEST_STEP][PASSED] - i = 1: null

26-05-2025T06:10:01 - [TEST_STEP][PASSED] - ii = 0: null

26-05-2025T06:10:01 - [TEST_STEP][PASSED] - urlText = <not implemented yet for class: org.codehaus.groovy.ast.expr.EmptyExpression>: null

26-05-2025T06:10:01 - [TEST_STEP][PASSED] - searchWord = <not implemented yet for class: org.codehaus.groovy.ast.expr.EmptyExpression>: null

26-05-2025T06:10:01 - [TEST_STEP][PASSED] - deleteAllCookies(): Delete all cookies successfully

26-05-2025T06:10:01 - [MESSAGE][PASSED] - Delete all cookies successfully

26-05-2025T06:10:01 - [TEST_STEP][PASSED] - refresh(): Refresh successfully

26-05-2025T06:10:01 - [MESSAGE][PASSED] - Refresh successfully

26-05-2025T06:10:01 - [TEST_STEP][PASSED] - delay(40): Delayed 40 second(s)

26-05-2025T06:10:41 - [MESSAGE][PASSED] - Delayed 40 second(s)

26-05-2025T06:10:41 - [TEST_STEP][PASSED] - navigateToUrl(findTestData("PlanFact").getValue(10, urlData)): Navigate to 'https://bi.rosseti.digital/viewer?dashboardGuid=d154a8eaf6824e2b9de1bb04dd061c18&sheetGuid=1305e8ce744049e1abdacea1ea397a26&fit=true' successfully

26-05-2025T06:10:43 - [MESSAGE][PASSED] - Navigate to 'https://bi.rosseti.digital/viewer?dashboardGuid=d154a8eaf6824e2b9de1bb04dd061c18&sheetGuid=1305e8ce744049e1abdacea1ea397a26&fit=true' successfully

26-05-2025T06:10:43 - [TEST_STEP][PASSED] - pageLoaded1 = verifyElementPresent(findTestObject("Страница авторизации/Text"), 30): Object 'Object Repository/Страница авторизации/Text' is present

26-05-2025T06:10:44 - [MESSAGE][PASSED] - Object 'Object Repository/Страница авторизации/Text' is present

26-05-2025T06:10:44 - [TEST_STEP][PASSED] - if (pageLoaded1 == false): null

26-05-2025T06:10:44 - [TEST_STEP][PASSED] - urlText = getText(findTestObject("Страница авторизации/Text")): Text of object 'Object Repository/Страница авторизации/Text' is: 'Вход'

26-05-2025T06:10:44 - [MESSAGE][PASSED] - Text of object 'Object Repository/Страница авторизации/Text' is: 'Вход'

26-05-2025T06:10:44 - [TEST_STEP][PASSED] - delay(40): Delayed 40 second(s)

26-05-2025T06:11:24 - [MESSAGE][PASSED] - Delayed 40 second(s)

26-05-2025T06:11:24 - [TEST_STEP][PASSED] - searchWord = "Вход": null

26-05-2025T06:11:24 - [TEST_STEP][PASSED] - if (urlText.contains(searchWord) == false): null

26-05-2025T06:11:24 - [TEST_STEP][PASSED] - setText(findTestObject("Страница авторизации/input__username"), findTestData("PlanFact").getValue(8, run)): Text 'liazgina-di' is set on object 'Object Repository/Страница авторизации/input__username'

26-05-2025T06:11:25 - [MESSAGE][PASSED] - Text 'liazgina-di' is set on object 'Object Repository/Страница авторизации/input__username'

26-05-2025T06:11:25 - [TEST_STEP][PASSED] - setText(findTestObject("Страница авторизации/input__password"), findTestData("PlanFact").getValue(9, run)): Text ')$%5srZ8o688Dm#q' is set on object 'Object Repository/Страница авторизации/input__password'

26-05-2025T06:11:26 - [MESSAGE][PASSED] - Text ')$%5srZ8o688Dm#q' is set on object 'Object Repository/Страница авторизации/input__password'

26-05-2025T06:11:26 - [TEST_STEP][PASSED] - click(findTestObject("Страница авторизации/button_")): Object: 'Object Repository/Страница авторизации/button_' is clicked on

26-05-2025T06:11:27 - [MESSAGE][PASSED] - Object: 'Object Repository/Страница авторизации/button_' is clicked on

26-05-2025T06:11:27 - [TEST_STEP][PASSED] - delay(40): Delayed 40 second(s)

26-05-2025T06:12:07 - [MESSAGE][PASSED] - Delayed 40 second(s)

26-05-2025T06:12:07 - [TEST_STEP][PASSED] - searchWord = "а": null

26-05-2025T06:12:07 - [TEST_STEP][PASSED] - pageLoaded2 = verifyElementPresent(findTestObject("Страница авторизации/Text"), 50): Object 'Object Repository/Страница авторизации/Text' is present

26-05-2025T06:12:22 - [MESSAGE][PASSED] - Object 'Object Repository/Страница авторизации/Text' is present

26-05-2025T06:12:22 - [TEST_STEP][PASSED] - if (pageLoaded2 == false): null

26-05-2025T06:12:22 - [TEST_STEP][PASSED] - urlText = getText(findTestObject("Страница авторизации/Text")): Text of object 'Object Repository/Страница авторизации/Text' is: 'ДЗО 
ПАО Россети
Период
1 кв. 2025 года
Отклонения фактического уровня потерь от бизнес-плана, п.п.
0.05
-0.99
-0.40
-1.51
-0.19
-0.38
-0.25
-1.05
-0.60
-1.44
-1.52
Россети ФСК ЕЭС
Россети Волга
Россети Московскийрегион
Россети Северо-Запад
Россети Томск
Россети Тюмень
Россети Урал (ГК)
Россети Центр (ГК)
Россети Центр иПриволжье (ГК)
Россети Юг (ГК)
Россети Янтарь
-2
0
2
4
6
8

Уровень потерь электроэнергии
Россети ФСК ЕЭС
Россети Волга
Россети Московский регион
Россети Северо-Запад
Россети Томск
Россети Урал (ГК)
Россети Юг (ГК)
Россети Янтарь
0
10
20
30
40
50
60
70
3.79
7.22
|
9.39
|
6.73
|
10.74
|
6.88
|
10.84
|
10.39
|
3.84
|
6.22
9.00
5.22
10.55
6.63
9.40
8.87
п.п.
2.60
Итого
0
1
2
3
%
5.63 5.63
8.24 8.24
План
Факт
1
100

● Бизнес-план выполнен● ●● Превышение бизнес-плана
Отклонения фактического уровня потерь от бизнес-плана за 3 месяца (нарастающим итогом), п.п.
-0.0-0.0
-1.0-1.0
-0.4-0.4
-2.5-2.5
-0.3-0.3
-0.2-0.2
-0.3-0.3
-2.6-2.6
-1.9-1.9
-1.4-1.4
-2.4-2.4
0.10.1
-0.7-0.7
-1.5-1.5
-0.2-0.2
-0.4-0.4
-0.5-0.5
-1.8-1.8
-1.5-1.5
-1.5-1.5
0.10.1
-1.0-1.0
-0.4-0.4
-1.5-1.5
-0.2-0.2
-0.4-0.4
-0.3-0.3
-1.0-1.0
-0.6-0.6
-1.4-1.4
-1.5-1.5
Россети ФСКЕЭС
АО«Тываэнерго»
АО«Чеченэнерго»
Россети Волга
РоссетиКубань
РоссетиЛенэнерго(ГК)
РоссетиМосковскийрегион
РоссетиСеверныйКавказ (ГК)
Россети Северо-Запад
Россети Сибирь(ГК)
Россети Томск
Россети Тюмень
Россети Урал(ГК)
Россети Центр
Россети Центри Приволжье(ГК)
Россети Юг (Г…
РоссетиЯнтарь
-2
0
-4
2
п.п.
Отклонения фактического уровня потерь от бизнес-плана за 3 месяца (нарастающим итогом)
-3.4-3.4
-2.5-2.5
-6.0-6.0
-1.5-1.5
-0.6-0.6
-1.6-1.6
-1.4-1.4
-4.5-4.5
-1.8-1.8
-1.9-1.9
-5.3-5.3
-1.1-1.1
-0.5-0.5
-0.7-0.7
-0.9-0.9
-2.8-2.8
-1.2-1.2
-0.8-0.8
-4.0-4.0
-1.1-1.1
-0.4-0.4
-0.5-0.5
-0.2-0.2
-1.5-1.5
Итого по ФСК ЕЭС
АО "Тываэнерго"
АО «ВМЭС»
АО «Воронежская горэлектросеть»
АО «Тульские городские электрические сети»
АО «Чеченэнерго»
АО «Ярославская электросетевая компания»
АО ЕЭСК
Алтайэнерго
Архангельский филиал
Астраханьэнерго
Белгородэнерго
Брянскэнерго
Бурятэнерго
Владимирэнерго
Волгоградэнерго
Вологодский филиал
Воронежэнерго
Дагэнерго
Ивэнерго
Ингушэнерго
-8
0

Статус данных
Просьба обратить внимание
— все данные не занесены
Факт
План
Итого – Факт
Отпуск в сеть 177 286 590
Отпуск из сети 162 684 396
Потери 14 602 194
Итого – План
Отпуск в сеть 279 622 401
Отпуск из сети 263 872 604
Потери 15 749 796
Выполнение бизнес-плана в части показателя «Уровень потерь электроэнергии»
Показатели баланса электроэнергии по ДЗО – Факт 
164 602 454 4 949 974 28 695 297 6 258 254 1 364 454 19 698 947 3 467 484 901 140
158 511 723 4 641 851 26 113 910 5 931 711 1 220 439 18 393 144 3 141 633 821 181
6 090 730 308 123 2 581 387 326 542 144 015 1 305 803 325 852 79 959
Показатели баланса электроэнергии по ДЗО – План
167 925 540 5 172 896 30 256 406 6 540 566 1 428 476 20 275 424 3 760 351 908 608
161 793 849 4 799 582 27 414 523 6 100 575 1 275 060 18 880 336 3 352 866 814 188
6 131 691 373 314 2 841 883 439 991 153 416 1 395 088 407 485 94 420'

26-05-2025T06:12:24 - [MESSAGE][PASSED] - Text of object 'Object Repository/Страница авторизации/Text' is: 'ДЗО 
ПАО Россети
Период
1 кв. 2025 года
Отклонения фактического уровня потерь от бизнес-плана, п.п.
0.05
-0.99
-0.40
-1.51
-0.19
-0.38
-0.25
-1.05
-0.60
-1.44
-1.52
Россети ФСК ЕЭС
Россети Волга
Россети Московскийрегион
Россети Северо-Запад
Россети Томск
Россети Тюмень
Россети Урал (ГК)
Россети Центр (ГК)
Россети Центр иПриволжье (ГК)
Россети Юг (ГК)
Россети Янтарь
-2
0
2
4
6
8

Уровень потерь электроэнергии
Россети ФСК ЕЭС
Россети Волга
Россети Московский регион
Россети Северо-Запад
Россети Томск
Россети Урал (ГК)
Россети Юг (ГК)
Россети Янтарь
0
10
20
30
40
50
60
70
3.79
7.22
|
9.39
|
6.73
|
10.74
|
6.88
|
10.84
|
10.39
|
3.84
|
6.22
9.00
5.22
10.55
6.63
9.40
8.87
п.п.
2.60
Итого
0
1
2
3
%
5.63 5.63
8.24 8.24
План
Факт
1
100

● Бизнес-план выполнен● ●● Превышение бизнес-плана
Отклонения фактического уровня потерь от бизнес-плана за 3 месяца (нарастающим итогом), п.п.
-0.0-0.0
-1.0-1.0
-0.4-0.4
-2.5-2.5
-0.3-0.3
-0.2-0.2
-0.3-0.3
-2.6-2.6
-1.9-1.9
-1.4-1.4
-2.4-2.4
0.10.1
-0.7-0.7
-1.5-1.5
-0.2-0.2
-0.4-0.4
-0.5-0.5
-1.8-1.8
-1.5-1.5
-1.5-1.5
0.10.1
-1.0-1.0
-0.4-0.4
-1.5-1.5
-0.2-0.2
-0.4-0.4
-0.3-0.3
-1.0-1.0
-0.6-0.6
-1.4-1.4
-1.5-1.5
Россети ФСКЕЭС
АО«Тываэнерго»
АО«Чеченэнерго»
Россети Волга
РоссетиКубань
РоссетиЛенэнерго(ГК)
РоссетиМосковскийрегион
РоссетиСеверныйКавказ (ГК)
Россети Северо-Запад
Россети Сибирь(ГК)
Россети Томск
Россети Тюмень
Россети Урал(ГК)
Россети Центр
Россети Центри Приволжье(ГК)
Россети Юг (Г…
РоссетиЯнтарь
-2
0
-4
2
п.п.
Отклонения фактического уровня потерь от бизнес-плана за 3 месяца (нарастающим итогом)
-3.4-3.4
-2.5-2.5
-6.0-6.0
-1.5-1.5
-0.6-0.6
-1.6-1.6
-1.4-1.4
-4.5-4.5
-1.8-1.8
-1.9-1.9
-5.3-5.3
-1.1-1.1
-0.5-0.5
-0.7-0.7
-0.9-0.9
-2.8-2.8
-1.2-1.2
-0.8-0.8
-4.0-4.0
-1.1-1.1
-0.4-0.4
-0.5-0.5
-0.2-0.2
-1.5-1.5
Итого по ФСК ЕЭС
АО "Тываэнерго"
АО «ВМЭС»
АО «Воронежская горэлектросеть»
АО «Тульские городские электрические сети»
АО «Чеченэнерго»
АО «Ярославская электросетевая компания»
АО ЕЭСК
Алтайэнерго
Архангельский филиал
Астраханьэнерго
Белгородэнерго
Брянскэнерго
Бурятэнерго
Владимирэнерго
Волгоградэнерго
Вологодский филиал
Воронежэнерго
Дагэнерго
Ивэнерго
Ингушэнерго
-8
0

Статус данных
Просьба обратить внимание
— все данные не занесены
Факт
План
Итого – Факт
Отпуск в сеть 177 286 590
Отпуск из сети 162 684 396
Потери 14 602 194
Итого – План
Отпуск в сеть 279 622 401
Отпуск из сети 263 872 604
Потери 15 749 796
Выполнение бизнес-плана в части показателя «Уровень потерь электроэнергии»
Показатели баланса электроэнергии по ДЗО – Факт 
164 602 454 4 949 974 28 695 297 6 258 254 1 364 454 19 698 947 3 467 484 901 140
158 511 723 4 641 851 26 113 910 5 931 711 1 220 439 18 393 144 3 141 633 821 181
6 090 730 308 123 2 581 387 326 542 144 015 1 305 803 325 852 79 959
Показатели баланса электроэнергии по ДЗО – План
167 925 540 5 172 896 30 256 406 6 540 566 1 428 476 20 275 424 3 760 351 908 608
161 793 849 4 799 582 27 414 523 6 100 575 1 275 060 18 880 336 3 352 866 814 188
6 131 691 373 314 2 841 883 439 991 153 416 1 395 088 407 485 94 420'

26-05-2025T06:12:24 - [TEST_STEP][PASSED] - if (urlText.contains("ошибка") || urlText.contains(searchWord) == false): null

26-05-2025T06:12:24 - [TEST_STEP][PASSED] - Script1686231490255.ZakrytOpoveshenie(): null

26-05-2025T06:12:24 - [TEST_STEP][PASSED] - opoveshenie = getText(findTestObject("Выполнение бизнес-плана/Просьба обратить внимание")): Text of object 'Object Repository/Выполнение бизнес-плана/Просьба обратить внимание' is: 'Просьба обратить внимание'

26-05-2025T06:12:24 - [MESSAGE][PASSED] - Text of object 'Object Repository/Выполнение бизнес-плана/Просьба обратить внимание' is: 'Просьба обратить внимание'

26-05-2025T06:12:24 - [TEST_STEP][PASSED] - println(opoveshenie): null

26-05-2025T06:12:24 - [TEST_STEP][PASSED] - if (opoveshenie == "Просьба обратить внимание"): Object: 'Object Repository/Выполнение бизнес-плана/Закрыть оповещение' is clicked on

26-05-2025T06:12:24 - [TEST_STEP][PASSED] - click(findTestObject("Выполнение бизнес-плана/Закрыть оповещение")): Object: 'Object Repository/Выполнение бизнес-плана/Закрыть оповещение' is clicked on

26-05-2025T06:12:25 - [MESSAGE][PASSED] - Object: 'Object Repository/Выполнение бизнес-плана/Закрыть оповещение' is clicked on

26-05-2025T06:12:25 - [TEST_STEP][PASSED] - click(findTestObject("Object Repository/Выполнение бизнес-плана/Фильтр Дата")): Object: 'Object Repository/Выполнение бизнес-плана/Фильтр Дата' is clicked on

26-05-2025T06:12:25 - [MESSAGE][PASSED] - Object: 'Object Repository/Выполнение бизнес-плана/Фильтр Дата' is clicked on

26-05-2025T06:12:25 - [TEST_STEP][PASSED] - click(findTestObject("Выполнение бизнес-плана/Снять выделение в фильтре Дата")): Object: 'Object Repository/Выполнение бизнес-плана/Снять выделение в фильтре Дата' is clicked on

26-05-2025T06:12:26 - [MESSAGE][PASSED] - Object: 'Object Repository/Выполнение бизнес-плана/Снять выделение в фильтре Дата' is clicked on

26-05-2025T06:12:26 - [TEST_STEP][PASSED] - click(findTestObject("Object Repository/Выполнение бизнес-плана/Применить в фильтре Дата")): Object: 'Object Repository/Выполнение бизнес-плана/Применить в фильтре Дата' is clicked on

26-05-2025T06:12:26 - [MESSAGE][PASSED] - Object: 'Object Repository/Выполнение бизнес-плана/Применить в фильтре Дата' is clicked on

26-05-2025T06:12:26 - [TEST_STEP][PASSED] - delay(40): Delayed 40 second(s)

26-05-2025T06:13:06 - [MESSAGE][PASSED] - Delayed 40 second(s)

26-05-2025T06:13:06 - [TEST_STEP][PASSED] - Script1686231490255.ZakrytOpoveshenie(): null

26-05-2025T06:13:06 - [TEST_STEP][PASSED] - opoveshenie = getText(findTestObject("Выполнение бизнес-плана/Просьба обратить внимание")): Text of object 'Object Repository/Выполнение бизнес-плана/Просьба обратить внимание' is: 'Просьба обратить внимание'

26-05-2025T06:13:10 - [MESSAGE][PASSED] - Text of object 'Object Repository/Выполнение бизнес-плана/Просьба обратить внимание' is: 'Просьба обратить внимание'

26-05-2025T06:13:10 - [TEST_STEP][PASSED] - println(opoveshenie): null

26-05-2025T06:13:10 - [TEST_STEP][PASSED] - if (opoveshenie == "Просьба обратить внимание"): Object: 'Object Repository/Выполнение бизнес-плана/Закрыть оповещение' is clicked on

26-05-2025T06:13:10 - [TEST_STEP][PASSED] - click(findTestObject("Выполнение бизнес-плана/Закрыть оповещение")): Object: 'Object Repository/Выполнение бизнес-плана/Закрыть оповещение' is clicked on

26-05-2025T06:13:10 - [MESSAGE][PASSED] - Object: 'Object Repository/Выполнение бизнес-плана/Закрыть оповещение' is clicked on

26-05-2025T06:13:10 - [TEST_STEP][PASSED] - click(findTestObject("Object Repository/Выполнение бизнес-плана/Фильтр Дата")): Object: 'Object Repository/Выполнение бизнес-плана/Фильтр Дата' is clicked on

26-05-2025T06:13:11 - [MESSAGE][PASSED] - Object: 'Object Repository/Выполнение бизнес-плана/Фильтр Дата' is clicked on

26-05-2025T06:13:11 - [TEST_STEP][PASSED] - scrollToElement(findTestObject("Выполнение бизнес-плана/2025 список"), 30): Scroll to object 'Object Repository/Выполнение бизнес-плана/2025 список' successfully

26-05-2025T06:13:11 - [MESSAGE][PASSED] - Scroll to object 'Object Repository/Выполнение бизнес-плана/2025 список' successfully

26-05-2025T06:13:11 - [TEST_STEP][PASSED] - click(findTestObject("Выполнение бизнес-плана/2025 список"), CONTINUE_ON_FAILURE): Object: 'Object Repository/Выполнение бизнес-плана/2025 список' is clicked on

26-05-2025T06:13:12 - [MESSAGE][PASSED] - Object: 'Object Repository/Выполнение бизнес-плана/2025 список' is clicked on

26-05-2025T06:13:12 - [TEST_STEP][PASSED] - scrollToElement(findTestObject("Выполнение бизнес-плана/1 квартал 2025 список"), 30): Scroll to object 'Object Repository/Выполнение бизнес-плана/1 квартал 2025 список' successfully

26-05-2025T06:13:12 - [MESSAGE][PASSED] - Scroll to object 'Object Repository/Выполнение бизнес-плана/1 квартал 2025 список' successfully

26-05-2025T06:13:12 - [TEST_STEP][PASSED] - click(findTestObject("Выполнение бизнес-плана/1 квартал 2025"), CONTINUE_ON_FAILURE): Object: 'Object Repository/Выполнение бизнес-плана/1 квартал 2025' is clicked on

26-05-2025T06:13:13 - [MESSAGE][PASSED] - Object: 'Object Repository/Выполнение бизнес-плана/1 квартал 2025' is clicked on

26-05-2025T06:13:13 - [TEST_STEP][PASSED] - click(findTestObject("Object Repository/Выполнение бизнес-плана/Применить в фильтре Дата")): Object: 'Object Repository/Выполнение бизнес-плана/Применить в фильтре Дата' is clicked on

26-05-2025T06:13:14 - [MESSAGE][PASSED] - Object: 'Object Repository/Выполнение бизнес-плана/Применить в фильтре Дата' is clicked on

26-05-2025T06:13:14 - [TEST_STEP][PASSED] - scrollToElement(findTestObject("Выполнение бизнес-плана/Заголовок дашборда"), 30): Scroll to object 'Object Repository/Выполнение бизнес-плана/Заголовок дашборда' successfully

26-05-2025T06:13:43 - [MESSAGE][PASSED] - Scroll to object 'Object Repository/Выполнение бизнес-плана/Заголовок дашборда' successfully

26-05-2025T06:13:43 - [TEST_STEP][PASSED] - delay(40): Delayed 40 second(s)

26-05-2025T06:14:23 - [MESSAGE][PASSED] - Delayed 40 second(s)

26-05-2025T06:14:23 - [TEST_STEP][PASSED] - Script1686231490255.ZakrytOpoveshenie(): null

26-05-2025T06:14:23 - [TEST_STEP][PASSED] - opoveshenie = getText(findTestObject("Выполнение бизнес-плана/Просьба обратить внимание")): Text of object 'Object Repository/Выполнение бизнес-плана/Просьба обратить внимание' is: 'Просьба обратить внимание'

26-05-2025T06:14:24 - [MESSAGE][PASSED] - Text of object 'Object Repository/Выполнение бизнес-плана/Просьба обратить внимание' is: 'Просьба обратить внимание'

26-05-2025T06:14:24 - [TEST_STEP][PASSED] - println(opoveshenie): null

26-05-2025T06:14:24 - [TEST_STEP][PASSED] - if (opoveshenie == "Просьба обратить внимание"): Object: 'Object Repository/Выполнение бизнес-плана/Закрыть оповещение' is clicked on

26-05-2025T06:14:24 - [TEST_STEP][PASSED] - click(findTestObject("Выполнение бизнес-плана/Закрыть оповещение")): Object: 'Object Repository/Выполнение бизнес-плана/Закрыть оповещение' is clicked on

26-05-2025T06:14:24 - [MESSAGE][PASSED] - Object: 'Object Repository/Выполнение бизнес-плана/Закрыть оповещение' is clicked on

26-05-2025T06:14:24 - [TEST_STEP][PASSED] - click(findTestObject("Object Repository/Выполнение бизнес-плана/Фильтр ДЗО")): Object: 'Object Repository/Выполнение бизнес-плана/Фильтр ДЗО' is clicked on

26-05-2025T06:14:24 - [MESSAGE][PASSED] - Object: 'Object Repository/Выполнение бизнес-плана/Фильтр ДЗО' is clicked on

26-05-2025T06:14:24 - [TEST_STEP][PASSED] - click(findTestObject("Выполнение бизнес-плана/Снять выделение в фильтре ДЗО")): Object: 'Object Repository/Выполнение бизнес-плана/Снять выделение в фильтре ДЗО' is clicked on

26-05-2025T06:14:25 - [MESSAGE][PASSED] - Object: 'Object Repository/Выполнение бизнес-плана/Снять выделение в фильтре ДЗО' is clicked on

26-05-2025T06:14:25 - [TEST_STEP][PASSED] - click(findTestObject("Выполнение бизнес-плана/ПАО Россети")): Object: 'Object Repository/Выполнение бизнес-плана/ПАО Россети' is clicked on

26-05-2025T06:14:25 - [MESSAGE][PASSED] - Object: 'Object Repository/Выполнение бизнес-плана/ПАО Россети' is clicked on

26-05-2025T06:14:25 - [TEST_STEP][PASSED] - click(findTestObject("Object Repository/Выполнение бизнес-плана/Применить в фильтре ДЗО")): Object: 'Object Repository/Выполнение бизнес-плана/Применить в фильтре ДЗО' is clicked on

26-05-2025T06:14:26 - [MESSAGE][PASSED] - Object: 'Object Repository/Выполнение бизнес-плана/Применить в фильтре ДЗО' is clicked on

26-05-2025T06:14:26 - [TEST_STEP][PASSED] - delay(40): Delayed 40 second(s)

26-05-2025T06:15:06 - [MESSAGE][PASSED] - Delayed 40 second(s)

26-05-2025T06:15:06 - [TEST_STEP][PASSED] - if (run == 1): null

26-05-2025T06:15:06 - [TEST_STEP][PASSED] - user = "админ": null

26-05-2025T06:15:06 - [TEST_STEP][PASSED] - a1 = getText(findTestObject("Выполнение бизнес-плана/Проценты")): Text of object 'Object Repository/Выполнение бизнес-плана/Проценты' is: '%
5.63 5.63
8.24 8.24
План
Факт
1
100'

26-05-2025T06:15:07 - [MESSAGE][PASSED] - Text of object 'Object Repository/Выполнение бизнес-плана/Проценты' is: '%
5.63 5.63
8.24 8.24
План
Факт
1
100'

26-05-2025T06:15:07 - [TEST_STEP][PASSED] - a2 = getText(findTestObject("Выполнение бизнес-плана/Виджет Итого")): Text of object 'Object Repository/Выполнение бизнес-плана/Виджет Итого' is: 'п.п.
2.60
Итого
0
1
2
3'

26-05-2025T06:15:07 - [MESSAGE][PASSED] - Text of object 'Object Repository/Выполнение бизнес-плана/Виджет Итого' is: 'п.п.
2.60
Итого
0
1
2
3'

26-05-2025T06:15:07 - [TEST_STEP][PASSED] - a3 = getText(findTestObject("Выполнение бизнес-плана/Список ДЗО")): Text of object 'Object Repository/Выполнение бизнес-плана/Список ДЗО' is: 'Уровень потерь электроэнергии
Россети ФСК ЕЭС
Россети Волга
Россети Московский регион
Россети Северо-Запад
Россети Томск
Россети Урал (ГК)
Россети Юг (ГК)
Россети Янтарь
0
10
20
30
40
50
60
70
3.79
7.22
|
9.39
|
6.73
|
10.74
|
6.88
|
10.84
|
10.39
|
3.84
|
6.22
9.00
5.22
10.55
6.63
9.40
8.87'

26-05-2025T06:15:07 - [MESSAGE][PASSED] - Text of object 'Object Repository/Выполнение бизнес-плана/Список ДЗО' is: 'Уровень потерь электроэнергии
Россети ФСК ЕЭС
Россети Волга
Россети Московский регион
Россети Северо-Запад
Россети Томск
Россети Урал (ГК)
Россети Юг (ГК)
Россети Янтарь
0
10
20
30
40
50
60
70
3.79
7.22
|
9.39
|
6.73
|
10.74
|
6.88
|
10.84
|
10.39
|
3.84
|
6.22
9.00
5.22
10.55
6.63
9.40
8.87'

26-05-2025T06:15:07 - [TEST_STEP][PASSED] - a4 = getText(findTestObject("Выполнение бизнес-плана/Отклонения за 1 месяц")): Text of object 'Object Repository/Выполнение бизнес-плана/Отклонения за 1 месяц' is: '0.05
-0.99
-0.40
-1.51
-0.19
-0.38
-0.25
-1.05
-0.60
-1.44
-1.52
Россети ФСК ЕЭС
Россети Волга
Россети Московскийрегион
Россети Северо-Запад
Россети Томск
Россети Тюмень
Россети Урал (ГК)
Россети Центр (ГК)
Россети Центр иПриволжье (ГК)
Россети Юг (ГК)
Россети Янтарь
-2
0
2
4
6
8'

26-05-2025T06:15:08 - [MESSAGE][PASSED] - Text of object 'Object Repository/Выполнение бизнес-плана/Отклонения за 1 месяц' is: '0.05
-0.99
-0.40
-1.51
-0.19
-0.38
-0.25
-1.05
-0.60
-1.44
-1.52
Россети ФСК ЕЭС
Россети Волга
Россети Московскийрегион
Россети Северо-Запад
Россети Томск
Россети Тюмень
Россети Урал (ГК)
Россети Центр (ГК)
Россети Центр иПриволжье (ГК)
Россети Юг (ГК)
Россети Янтарь
-2
0
2
4
6
8'

26-05-2025T06:15:08 - [TEST_STEP][PASSED] - a5 = getText(findTestObject("Выполнение бизнес-плана/table")): Text of object 'Object Repository/Выполнение бизнес-плана/table' is: '164 602 454 4 949 974 28 695 297 6 258 254 1 364 454 19 698 947 3 467 484 901 140
158 511 723 4 641 851 26 113 910 5 931 711 1 220 439 18 393 144 3 141 633 821 181
6 090 730 308 123 2 581 387 326 542 144 015 1 305 803 325 852 79 959'

26-05-2025T06:15:08 - [MESSAGE][PASSED] - Text of object 'Object Repository/Выполнение бизнес-плана/table' is: '164 602 454 4 949 974 28 695 297 6 258 254 1 364 454 19 698 947 3 467 484 901 140
158 511 723 4 641 851 26 113 910 5 931 711 1 220 439 18 393 144 3 141 633 821 181
6 090 730 308 123 2 581 387 326 542 144 015 1 305 803 325 852 79 959'

26-05-2025T06:15:08 - [TEST_STEP][PASSED] - a6 = getText(findTestObject("Выполнение бизнес-плана/Отклонения за 3 месяца")): Text of object 'Object Repository/Выполнение бизнес-плана/Отклонения за 3 месяца' is: '● Бизнес-план выполнен● ●● Превышение бизнес-плана
Отклонения фактического уровня потерь от бизнес-плана за 3 месяца (нарастающим итогом), п.п.
-0.0-0.0
-1.0-1.0
-0.4-0.4
-2.5-2.5
-0.3-0.3
-0.2-0.2
-0.3-0.3
-2.6-2.6
-1.9-1.9
-1.4-1.4
-2.4-2.4
0.10.1
-0.7-0.7
-1.5-1.5
-0.2-0.2
-0.4-0.4
-0.5-0.5
-1.8-1.8
-1.5-1.5
-1.5-1.5
0.10.1
-1.0-1.0
-0.4-0.4
-1.5-1.5
-0.2-0.2
-0.4-0.4
-0.3-0.3
-1.0-1.0
-0.6-0.6
-1.4-1.4
-1.5-1.5
Россети ФСКЕЭС
АО«Тываэнерго»
АО«Чеченэнерго»
Россети Волга
РоссетиКубань
РоссетиЛенэнерго(ГК)
РоссетиМосковскийрегион
РоссетиСеверныйКавказ (ГК)
Россети Северо-Запад
Россети Сибирь(ГК)
Россети Томск
Россети Тюмень
Россети Урал(ГК)
Россети Центр
Россети Центри Приволжье(ГК)
Россети Юг (Г…
РоссетиЯнтарь
-2
0
-4
2'

26-05-2025T06:15:08 - [MESSAGE][PASSED] - Text of object 'Object Repository/Выполнение бизнес-плана/Отклонения за 3 месяца' is: '● Бизнес-план выполнен● ●● Превышение бизнес-плана
Отклонения фактического уровня потерь от бизнес-плана за 3 месяца (нарастающим итогом), п.п.
-0.0-0.0
-1.0-1.0
-0.4-0.4
-2.5-2.5
-0.3-0.3
-0.2-0.2
-0.3-0.3
-2.6-2.6
-1.9-1.9
-1.4-1.4
-2.4-2.4
0.10.1
-0.7-0.7
-1.5-1.5
-0.2-0.2
-0.4-0.4
-0.5-0.5
-1.8-1.8
-1.5-1.5
-1.5-1.5
0.10.1
-1.0-1.0
-0.4-0.4
-1.5-1.5
-0.2-0.2
-0.4-0.4
-0.3-0.3
-1.0-1.0
-0.6-0.6
-1.4-1.4
-1.5-1.5
Россети ФСКЕЭС
АО«Тываэнерго»
АО«Чеченэнерго»
Россети Волга
РоссетиКубань
РоссетиЛенэнерго(ГК)
РоссетиМосковскийрегион
РоссетиСеверныйКавказ (ГК)
Россети Северо-Запад
Россети Сибирь(ГК)
Россети Томск
Россети Тюмень
Россети Урал(ГК)
Россети Центр
Россети Центри Приволжье(ГК)
Россети Юг (Г…
РоссетиЯнтарь
-2
0
-4
2'

26-05-2025T06:15:08 - [TEST_STEP][PASSED] - a7 = getText(findTestObject("Выполнение бизнес-плана/Значения со страницы Выполнение бизнес-плана/Факт Отпуск в сеть за отчётный период ПАО Россети")): Text of object 'Object Repository/Выполнение бизнес-плана/Значения со страницы Выполнение бизнес-плана/Факт Отпуск в сеть за отчётный период ПАО Россети' is: '177 286 590'

26-05-2025T06:15:09 - [MESSAGE][PASSED] - Text of object 'Object Repository/Выполнение бизнес-плана/Значения со страницы Выполнение бизнес-плана/Факт Отпуск в сеть за отчётный период ПАО Россети' is: '177 286 590'

26-05-2025T06:15:09 - [TEST_STEP][PASSED] - a7 = a7 + getText(findTestObject("Выполнение бизнес-плана/Значения со страницы Выполнение бизнес-плана/Факт Отпуск из сети за отчётный период ПАО Россети")): Text of object 'Object Repository/Выполнение бизнес-плана/Значения со страницы Выполнение бизнес-плана/Факт Отпуск из сети за отчётный период ПАО Россети' is: '162 684 396'

26-05-2025T06:15:09 - [MESSAGE][PASSED] - Text of object 'Object Repository/Выполнение бизнес-плана/Значения со страницы Выполнение бизнес-плана/Факт Отпуск из сети за отчётный период ПАО Россети' is: '162 684 396'

26-05-2025T06:15:09 - [TEST_STEP][PASSED] - a7 = a7 + getText(findTestObject("Выполнение бизнес-плана/Значения со страницы Выполнение бизнес-плана/Факт Потери за отчётный период ПАО Россети")): Text of object 'Object Repository/Выполнение бизнес-плана/Значения со страницы Выполнение бизнес-плана/Факт Потери за отчётный период ПАО Россети' is: '14 602 194'

26-05-2025T06:15:09 - [MESSAGE][PASSED] - Text of object 'Object Repository/Выполнение бизнес-плана/Значения со страницы Выполнение бизнес-плана/Факт Потери за отчётный период ПАО Россети' is: '14 602 194'

26-05-2025T06:15:09 - [TEST_STEP][PASSED] - click(findTestObject("Выполнение бизнес-плана/Кнопка План")): Object: 'Object Repository/Выполнение бизнес-плана/Кнопка План' is clicked on

26-05-2025T06:15:10 - [MESSAGE][PASSED] - Object: 'Object Repository/Выполнение бизнес-плана/Кнопка План' is clicked on

26-05-2025T06:15:10 - [TEST_STEP][PASSED] - delay(5): Delayed 5 second(s)

26-05-2025T06:15:15 - [MESSAGE][PASSED] - Delayed 5 second(s)

26-05-2025T06:15:15 - [TEST_STEP][PASSED] - a8 = getText(findTestObject("Выполнение бизнес-плана/Значения со страницы Выполнение бизнес-плана/План Отпуск в сеть за отчётный период ПАО Россети")): Text of object 'Object Repository/Выполнение бизнес-плана/Значения со страницы Выполнение бизнес-плана/План Отпуск в сеть за отчётный период ПАО Россети' is: '279 622 401'

26-05-2025T06:15:15 - [MESSAGE][PASSED] - Text of object 'Object Repository/Выполнение бизнес-плана/Значения со страницы Выполнение бизнес-плана/План Отпуск в сеть за отчётный период ПАО Россети' is: '279 622 401'

26-05-2025T06:15:15 - [TEST_STEP][PASSED] - a8 = a8 + getText(findTestObject("Выполнение бизнес-плана/Значения со страницы Выполнение бизнес-плана/План Отпуск из сети за отчётный период ПАО Россети")): Text of object 'Object Repository/Выполнение бизнес-плана/Значения со страницы Выполнение бизнес-плана/План Отпуск из сети за отчётный период ПАО Россети' is: '263 872 604'

26-05-2025T06:15:15 - [MESSAGE][PASSED] - Text of object 'Object Repository/Выполнение бизнес-плана/Значения со страницы Выполнение бизнес-плана/План Отпуск из сети за отчётный период ПАО Россети' is: '263 872 604'

26-05-2025T06:15:15 - [TEST_STEP][PASSED] - a8 = a8 + getText(findTestObject("Выполнение бизнес-плана/Значения со страницы Выполнение бизнес-плана/План Потери за отчётный период ПАО Россети")): Text of object 'Object Repository/Выполнение бизнес-плана/Значения со страницы Выполнение бизнес-плана/План Потери за отчётный период ПАО Россети' is: '15 749 796'

26-05-2025T06:15:16 - [MESSAGE][PASSED] - Text of object 'Object Repository/Выполнение бизнес-плана/Значения со страницы Выполнение бизнес-плана/План Потери за отчётный период ПАО Россети' is: '15 749 796'

26-05-2025T06:15:16 - [TEST_STEP][PASSED] - click(findTestObject("Выполнение бизнес-плана/Кнопка Факт")): Object: 'Object Repository/Выполнение бизнес-плана/Кнопка Факт' is clicked on

26-05-2025T06:15:16 - [MESSAGE][PASSED] - Object: 'Object Repository/Выполнение бизнес-плана/Кнопка Факт' is clicked on

26-05-2025T06:15:16 - [TEST_STEP][PASSED] - Script1686231490255.WriteToExcel(user, dashboardName, n, data, run, a1, a2, a3, a4, a5, a6, a7, a8, a9): null

26-05-2025T06:15:16 - [TEST_STEP][PASSED] - sheetName = "Sheet1": null

26-05-2025T06:15:16 - [TEST_STEP][PASSED] - workbook01 = getWorkbook(excelFilePath): null

26-05-2025T06:15:16 - [TEST_STEP][PASSED] - sheet01 = getExcelSheet(workbook01, sheetName): null

26-05-2025T06:15:16 - [TEST_STEP][PASSED] - setValueToCellByIndex(sheet01, n, 0, dashboardName): null

26-05-2025T06:15:16 - [TEST_STEP][PASSED] - setValueToCellByIndex(sheet01, n, 10, user): null

26-05-2025T06:15:16 - [TEST_STEP][PASSED] - setValueToCellByIndex(sheet01, n, 1, a1): null

26-05-2025T06:15:16 - [TEST_STEP][PASSED] - setValueToCellByIndex(sheet01, n, 2, a2): null

26-05-2025T06:15:16 - [TEST_STEP][PASSED] - setValueToCellByIndex(sheet01, n, 3, a3): null

26-05-2025T06:15:16 - [TEST_STEP][PASSED] - setValueToCellByIndex(sheet01, n, 4, a4): null

26-05-2025T06:15:16 - [TEST_STEP][PASSED] - setValueToCellByIndex(sheet01, n, 5, a5): null

26-05-2025T06:15:16 - [TEST_STEP][PASSED] - setValueToCellByIndex(sheet01, n, 6, a6): null

26-05-2025T06:15:16 - [TEST_STEP][PASSED] - setValueToCellByIndex(sheet01, n, 7, a7): null

26-05-2025T06:15:16 - [TEST_STEP][PASSED] - setValueToCellByIndex(sheet01, n, 8, a8): null

26-05-2025T06:15:16 - [TEST_STEP][PASSED] - setValueToCellByIndex(sheet01, n, 9, a9): null

26-05-2025T06:15:16 - [TEST_STEP][PASSED] - n = n + 1: null

26-05-2025T06:15:16 - [TEST_STEP][PASSED] - saveWorkbook(excelFilePath, workbook01): null

26-05-2025T06:15:17 - [TEST_STEP][PASSED] - if (run == 2): null

26-05-2025T06:15:17 - [TEST_STEP][PASSED] - if (run == 3): null

26-05-2025T06:15:17 - [TEST_STEP][PASSED] - closeBrowser(): null

26-05-2025T06:15:17 - [MESSAGE][PASSED] - Browser is closed

26-05-2025T06:15:17 - [TEST_STEP][PASSED] - VipolnenieBiznesPlana(user, dashboardName, n, data, run, a1, a2, a3, a4, a5, a6, a7, a8, a9, urlData): null

26-05-2025T06:15:17 - [TEST_STEP][PASSED] - a10 = <not implemented yet for class: org.codehaus.groovy.ast.expr.EmptyExpression>: null

26-05-2025T06:15:17 - [TEST_STEP][PASSED] - a11 = <not implemented yet for class: org.codehaus.groovy.ast.expr.EmptyExpression>: null

26-05-2025T06:15:17 - [TEST_STEP][PASSED] - a12 = <not implemented yet for class: org.codehaus.groovy.ast.expr.EmptyExpression>: null

26-05-2025T06:15:17 - [TEST_STEP][PASSED] - n = data.getRowNumbers() + 1: null

26-05-2025T06:15:17 - [TEST_STEP][PASSED] - println(n): null

26-05-2025T06:15:17 - [TEST_STEP][PASSED] - dashboardName = "Выполнение бизнес-плана": null

26-05-2025T06:15:17 - [TEST_STEP][PASSED] - openBrowser(""): Browser is opened with url: ''

26-05-2025T06:15:17 - [MESSAGE][INFO] - Starting 'Chrome' driver

26-05-2025T06:15:17 - [MESSAGE][INFO] - Action delay is set to 0 milliseconds

26-05-2025T06:15:18 - [MESSAGE][PASSED] - Browser is opened with url: ''

26-05-2025T06:15:18 - [TEST_STEP][PASSED] - urlData = 1: null

26-05-2025T06:15:18 - [TEST_STEP][PASSED] - Script1686231490255.CheckPageDownload(urlData, run): null

26-05-2025T06:15:18 - [TEST_STEP][PASSED] - i = 1: null

26-05-2025T06:15:18 - [TEST_STEP][PASSED] - ii = 0: null

26-05-2025T06:15:18 - [TEST_STEP][PASSED] - urlText = <not implemented yet for class: org.codehaus.groovy.ast.expr.EmptyExpression>: null

26-05-2025T06:15:18 - [TEST_STEP][PASSED] - searchWord = <not implemented yet for class: org.codehaus.groovy.ast.expr.EmptyExpression>: null

26-05-2025T06:15:18 - [TEST_STEP][PASSED] - deleteAllCookies(): Delete all cookies successfully

26-05-2025T06:15:18 - [MESSAGE][PASSED] - Delete all cookies successfully

26-05-2025T06:15:18 - [TEST_STEP][PASSED] - refresh(): Refresh successfully

26-05-2025T06:15:18 - [MESSAGE][PASSED] - Refresh successfully

26-05-2025T06:15:18 - [TEST_STEP][PASSED] - delay(40): Delayed 40 second(s)

26-05-2025T06:15:58 - [MESSAGE][PASSED] - Delayed 40 second(s)

26-05-2025T06:15:58 - [TEST_STEP][PASSED] - navigateToUrl(findTestData("PlanFact").getValue(10, urlData)): Navigate to 'https://bi.rosseti.digital/viewer?dashboardGuid=d154a8eaf6824e2b9de1bb04dd061c18&sheetGuid=1305e8ce744049e1abdacea1ea397a26&fit=true' successfully

26-05-2025T06:16:00 - [MESSAGE][PASSED] - Navigate to 'https://bi.rosseti.digital/viewer?dashboardGuid=d154a8eaf6824e2b9de1bb04dd061c18&sheetGuid=1305e8ce744049e1abdacea1ea397a26&fit=true' successfully

26-05-2025T06:16:00 - [TEST_STEP][PASSED] - pageLoaded1 = verifyElementPresent(findTestObject("Страница авторизации/Text"), 30): Object 'Object Repository/Страница авторизации/Text' is present

26-05-2025T06:16:01 - [MESSAGE][PASSED] - Object 'Object Repository/Страница авторизации/Text' is present

26-05-2025T06:16:01 - [TEST_STEP][PASSED] - if (pageLoaded1 == false): null

26-05-2025T06:16:01 - [TEST_STEP][PASSED] - urlText = getText(findTestObject("Страница авторизации/Text")): Text of object 'Object Repository/Страница авторизации/Text' is: 'Вход'

26-05-2025T06:16:01 - [MESSAGE][PASSED] - Text of object 'Object Repository/Страница авторизации/Text' is: 'Вход'

26-05-2025T06:16:01 - [TEST_STEP][PASSED] - delay(40): Delayed 40 second(s)

26-05-2025T06:16:41 - [MESSAGE][PASSED] - Delayed 40 second(s)

26-05-2025T06:16:41 - [TEST_STEP][PASSED] - searchWord = "Вход": null

26-05-2025T06:16:41 - [TEST_STEP][PASSED] - if (urlText.contains(searchWord) == false): null

26-05-2025T06:16:41 - [TEST_STEP][PASSED] - setText(findTestObject("Страница авторизации/input__username"), findTestData("PlanFact").getValue(8, run)): Text 'Andreeva-EV' is set on object 'Object Repository/Страница авторизации/input__username'

26-05-2025T06:16:42 - [MESSAGE][PASSED] - Text 'Andreeva-EV' is set on object 'Object Repository/Страница авторизации/input__username'

26-05-2025T06:16:42 - [TEST_STEP][PASSED] - setText(findTestObject("Страница авторизации/input__password"), findTestData("PlanFact").getValue(9, run)): Text '2nPePKDwCPH3ul7xMZ' is set on object 'Object Repository/Страница авторизации/input__password'

26-05-2025T06:16:43 - [MESSAGE][PASSED] - Text '2nPePKDwCPH3ul7xMZ' is set on object 'Object Repository/Страница авторизации/input__password'

26-05-2025T06:16:43 - [TEST_STEP][PASSED] - click(findTestObject("Страница авторизации/button_")): Object: 'Object Repository/Страница авторизации/button_' is clicked on

26-05-2025T06:16:44 - [MESSAGE][PASSED] - Object: 'Object Repository/Страница авторизации/button_' is clicked on

26-05-2025T06:16:44 - [TEST_STEP][PASSED] - delay(40): Delayed 40 second(s)

26-05-2025T06:17:24 - [MESSAGE][PASSED] - Delayed 40 second(s)

26-05-2025T06:17:24 - [TEST_STEP][PASSED] - searchWord = "а": null

26-05-2025T06:17:24 - [TEST_STEP][PASSED] - pageLoaded2 = verifyElementPresent(findTestObject("Страница авторизации/Text"), 50): Object 'Object Repository/Страница авторизации/Text' is present

26-05-2025T06:17:24 - [MESSAGE][PASSED] - Object 'Object Repository/Страница авторизации/Text' is present

26-05-2025T06:17:24 - [TEST_STEP][PASSED] - if (pageLoaded2 == false): null

26-05-2025T06:17:24 - [TEST_STEP][PASSED] - urlText = getText(findTestObject("Страница авторизации/Text")): Text of object 'Object Repository/Страница авторизации/Text' is: 'ДЗО 
ПАО Россети
Период
1 кв. 2025 года
Отклонения фактического уровня потерь от бизнес-плана, п.п.
0.05
-0.99
-0.40
-1.51
-0.19
-0.38
-0.25
-1.05
-0.60
-1.44
-1.52
Россети ФСК ЕЭС
Россети Волга
Россети Московскийрегион
Россети Северо-Запад
Россети Томск
Россети Тюмень
Россети Урал (ГК)
Россети Центр (ГК)
Россети Центр иПриволжье (ГК)
Россети Юг (ГК)
Россети Янтарь
-2
0
2
4
6
8

Уровень потерь электроэнергии
Россети ФСК ЕЭС
Россети Волга
Россети Московский регион
Россети Северо-Запад
Россети Томск
Россети Урал (ГК)
Россети Юг (ГК)
Россети Янтарь
0
10
20
30
40
50
60
70
3.79
7.22
|
9.39
|
6.73
|
10.74
|
6.88
|
10.84
|
10.39
|
3.84
|
6.22
9.00
5.22
10.55
6.63
9.40
8.87
п.п.
2.60
Итого
0
1
2
3
%
5.63 5.63
8.24 8.24
План
Факт
1
100

● Бизнес-план выполнен● ●● Превышение бизнес-плана
Отклонения фактического уровня потерь от бизнес-плана за 3 месяца (нарастающим итогом), п.п.
-0.0-0.0
-1.0-1.0
-0.4-0.4
-2.5-2.5
-0.3-0.3
-0.2-0.2
-0.3-0.3
-2.6-2.6
-1.9-1.9
-1.4-1.4
-2.4-2.4
0.10.1
-0.7-0.7
-1.5-1.5
-0.2-0.2
-0.4-0.4
-0.5-0.5
-1.8-1.8
-1.5-1.5
-1.5-1.5
0.10.1
-1.0-1.0
-0.4-0.4
-1.5-1.5
-0.2-0.2
-0.4-0.4
-0.3-0.3
-1.0-1.0
-0.6-0.6
-1.4-1.4
-1.5-1.5
Россети ФСКЕЭС
АО«Тываэнерго»
АО«Чеченэнерго»
Россети Волга
РоссетиКубань
РоссетиЛенэнерго(ГК)
РоссетиМосковскийрегион
РоссетиСеверныйКавказ (ГК)
Россети Северо-Запад
Россети Сибирь(ГК)
Россети Томск
Россети Тюмень
Россети Урал(ГК)
Россети Центр
Россети Центри Приволжье(ГК)
Россети Юг (Г…
РоссетиЯнтарь
-2
0
-4
2
п.п.
Отклонения фактического уровня потерь от бизнес-плана за 3 месяца (нарастающим итогом)
-3.4-3.4
-2.5-2.5
-6.0-6.0
-1.5-1.5
-0.6-0.6
-1.6-1.6
-1.4-1.4
-4.5-4.5
-1.8-1.8
-1.9-1.9
-5.3-5.3
-1.1-1.1
-0.5-0.5
-0.7-0.7
-0.9-0.9
-2.8-2.8
-1.2-1.2
-0.8-0.8
-4.0-4.0
-1.1-1.1
-0.4-0.4
-0.5-0.5
-0.2-0.2
-1.5-1.5
Итого по ФСК ЕЭС
АО "Тываэнерго"
АО «ВМЭС»
АО «Воронежская горэлектросеть»
АО «Тульские городские электрические сети»
АО «Чеченэнерго»
АО «Ярославская электросетевая компания»
АО ЕЭСК
Алтайэнерго
Архангельский филиал
Астраханьэнерго
Белгородэнерго
Брянскэнерго
Бурятэнерго
Владимирэнерго
Волгоградэнерго
Вологодский филиал
Воронежэнерго
Дагэнерго
Ивэнерго
Ингушэнерго
-8
0

Статус данных
Просьба обратить внимание
— все данные не занесены
Факт
План
Итого – Факт
Отпуск в сеть 177 286 590
Отпуск из сети 162 684 396
Потери 14 602 194
Итого – План
Отпуск в сеть 279 622 401
Отпуск из сети 263 872 604
Потери 15 749 796
Выполнение бизнес-плана в части показателя «Уровень потерь электроэнергии»
Показатели баланса электроэнергии по ДЗО – Факт 
164 602 454 4 949 974 28 695 297 6 258 254 1 364 454 19 698 947 3 467 484 901 140
158 511 723 4 641 851 26 113 910 5 931 711 1 220 439 18 393 144 3 141 633 821 181
6 090 730 308 123 2 581 387 326 542 144 015 1 305 803 325 852 79 959
Показатели баланса электроэнергии по ДЗО – План
167 925 540 5 172 896 30 256 406 6 540 566 1 428 476 20 275 424 3 760 351 908 608
161 793 849 4 799 582 27 414 523 6 100 575 1 275 060 18 880 336 3 352 866 814 188
6 131 691 373 314 2 841 883 439 991 153 416 1 395 088 407 485 94 420'

26-05-2025T06:17:26 - [MESSAGE][PASSED] - Text of object 'Object Repository/Страница авторизации/Text' is: 'ДЗО 
ПАО Россети
Период
1 кв. 2025 года
Отклонения фактического уровня потерь от бизнес-плана, п.п.
0.05
-0.99
-0.40
-1.51
-0.19
-0.38
-0.25
-1.05
-0.60
-1.44
-1.52
Россети ФСК ЕЭС
Россети Волга
Россети Московскийрегион
Россети Северо-Запад
Россети Томск
Россети Тюмень
Россети Урал (ГК)
Россети Центр (ГК)
Россети Центр иПриволжье (ГК)
Россети Юг (ГК)
Россети Янтарь
-2
0
2
4
6
8

Уровень потерь электроэнергии
Россети ФСК ЕЭС
Россети Волга
Россети Московский регион
Россети Северо-Запад
Россети Томск
Россети Урал (ГК)
Россети Юг (ГК)
Россети Янтарь
0
10
20
30
40
50
60
70
3.79
7.22
|
9.39
|
6.73
|
10.74
|
6.88
|
10.84
|
10.39
|
3.84
|
6.22
9.00
5.22
10.55
6.63
9.40
8.87
п.п.
2.60
Итого
0
1
2
3
%
5.63 5.63
8.24 8.24
План
Факт
1
100

● Бизнес-план выполнен● ●● Превышение бизнес-плана
Отклонения фактического уровня потерь от бизнес-плана за 3 месяца (нарастающим итогом), п.п.
-0.0-0.0
-1.0-1.0
-0.4-0.4
-2.5-2.5
-0.3-0.3
-0.2-0.2
-0.3-0.3
-2.6-2.6
-1.9-1.9
-1.4-1.4
-2.4-2.4
0.10.1
-0.7-0.7
-1.5-1.5
-0.2-0.2
-0.4-0.4
-0.5-0.5
-1.8-1.8
-1.5-1.5
-1.5-1.5
0.10.1
-1.0-1.0
-0.4-0.4
-1.5-1.5
-0.2-0.2
-0.4-0.4
-0.3-0.3
-1.0-1.0
-0.6-0.6
-1.4-1.4
-1.5-1.5
Россети ФСКЕЭС
АО«Тываэнерго»
АО«Чеченэнерго»
Россети Волга
РоссетиКубань
РоссетиЛенэнерго(ГК)
РоссетиМосковскийрегион
РоссетиСеверныйКавказ (ГК)
Россети Северо-Запад
Россети Сибирь(ГК)
Россети Томск
Россети Тюмень
Россети Урал(ГК)
Россети Центр
Россети Центри Приволжье(ГК)
Россети Юг (Г…
РоссетиЯнтарь
-2
0
-4
2
п.п.
Отклонения фактического уровня потерь от бизнес-плана за 3 месяца (нарастающим итогом)
-3.4-3.4
-2.5-2.5
-6.0-6.0
-1.5-1.5
-0.6-0.6
-1.6-1.6
-1.4-1.4
-4.5-4.5
-1.8-1.8
-1.9-1.9
-5.3-5.3
-1.1-1.1
-0.5-0.5
-0.7-0.7
-0.9-0.9
-2.8-2.8
-1.2-1.2
-0.8-0.8
-4.0-4.0
-1.1-1.1
-0.4-0.4
-0.5-0.5
-0.2-0.2
-1.5-1.5
Итого по ФСК ЕЭС
АО "Тываэнерго"
АО «ВМЭС»
АО «Воронежская горэлектросеть»
АО «Тульские городские электрические сети»
АО «Чеченэнерго»
АО «Ярославская электросетевая компания»
АО ЕЭСК
Алтайэнерго
Архангельский филиал
Астраханьэнерго
Белгородэнерго
Брянскэнерго
Бурятэнерго
Владимирэнерго
Волгоградэнерго
Вологодский филиал
Воронежэнерго
Дагэнерго
Ивэнерго
Ингушэнерго
-8
0

Статус данных
Просьба обратить внимание
— все данные не занесены
Факт
План
Итого – Факт
Отпуск в сеть 177 286 590
Отпуск из сети 162 684 396
Потери 14 602 194
Итого – План
Отпуск в сеть 279 622 401
Отпуск из сети 263 872 604
Потери 15 749 796
Выполнение бизнес-плана в части показателя «Уровень потерь электроэнергии»
Показатели баланса электроэнергии по ДЗО – Факт 
164 602 454 4 949 974 28 695 297 6 258 254 1 364 454 19 698 947 3 467 484 901 140
158 511 723 4 641 851 26 113 910 5 931 711 1 220 439 18 393 144 3 141 633 821 181
6 090 730 308 123 2 581 387 326 542 144 015 1 305 803 325 852 79 959
Показатели баланса электроэнергии по ДЗО – План
167 925 540 5 172 896 30 256 406 6 540 566 1 428 476 20 275 424 3 760 351 908 608
161 793 849 4 799 582 27 414 523 6 100 575 1 275 060 18 880 336 3 352 866 814 188
6 131 691 373 314 2 841 883 439 991 153 416 1 395 088 407 485 94 420'

26-05-2025T06:17:26 - [TEST_STEP][PASSED] - if (urlText.contains("ошибка") || urlText.contains(searchWord) == false): null

26-05-2025T06:17:26 - [TEST_STEP][PASSED] - Script1686231490255.ZakrytOpoveshenie(): null

26-05-2025T06:17:26 - [TEST_STEP][PASSED] - opoveshenie = getText(findTestObject("Выполнение бизнес-плана/Просьба обратить внимание")): Text of object 'Object Repository/Выполнение бизнес-плана/Просьба обратить внимание' is: 'Просьба обратить внимание'

26-05-2025T06:17:26 - [MESSAGE][PASSED] - Text of object 'Object Repository/Выполнение бизнес-плана/Просьба обратить внимание' is: 'Просьба обратить внимание'

26-05-2025T06:17:26 - [TEST_STEP][PASSED] - println(opoveshenie): null

26-05-2025T06:17:26 - [TEST_STEP][PASSED] - if (opoveshenie == "Просьба обратить внимание"): Object: 'Object Repository/Выполнение бизнес-плана/Закрыть оповещение' is clicked on

26-05-2025T06:17:26 - [TEST_STEP][PASSED] - click(findTestObject("Выполнение бизнес-плана/Закрыть оповещение")): Object: 'Object Repository/Выполнение бизнес-плана/Закрыть оповещение' is clicked on

26-05-2025T06:17:26 - [MESSAGE][PASSED] - Object: 'Object Repository/Выполнение бизнес-плана/Закрыть оповещение' is clicked on

26-05-2025T06:17:26 - [TEST_STEP][PASSED] - click(findTestObject("Object Repository/Выполнение бизнес-плана/Фильтр Дата")): Object: 'Object Repository/Выполнение бизнес-плана/Фильтр Дата' is clicked on

26-05-2025T06:17:27 - [MESSAGE][PASSED] - Object: 'Object Repository/Выполнение бизнес-плана/Фильтр Дата' is clicked on

26-05-2025T06:17:27 - [TEST_STEP][PASSED] - click(findTestObject("Выполнение бизнес-плана/Снять выделение в фильтре Дата")): Object: 'Object Repository/Выполнение бизнес-плана/Снять выделение в фильтре Дата' is clicked on

26-05-2025T06:17:27 - [MESSAGE][PASSED] - Object: 'Object Repository/Выполнение бизнес-плана/Снять выделение в фильтре Дата' is clicked on

26-05-2025T06:17:27 - [TEST_STEP][PASSED] - click(findTestObject("Object Repository/Выполнение бизнес-плана/Применить в фильтре Дата")): Object: 'Object Repository/Выполнение бизнес-плана/Применить в фильтре Дата' is clicked on

26-05-2025T06:17:28 - [MESSAGE][PASSED] - Object: 'Object Repository/Выполнение бизнес-плана/Применить в фильтре Дата' is clicked on

26-05-2025T06:17:28 - [TEST_STEP][PASSED] - delay(40): Delayed 40 second(s)

26-05-2025T06:18:08 - [MESSAGE][PASSED] - Delayed 40 second(s)

26-05-2025T06:18:08 - [TEST_STEP][PASSED] - Script1686231490255.ZakrytOpoveshenie(): null

26-05-2025T06:18:08 - [TEST_STEP][PASSED] - opoveshenie = getText(findTestObject("Выполнение бизнес-плана/Просьба обратить внимание")): Text of object 'Object Repository/Выполнение бизнес-плана/Просьба обратить внимание' is: 'Просьба обратить внимание'

26-05-2025T06:18:09 - [MESSAGE][PASSED] - Text of object 'Object Repository/Выполнение бизнес-плана/Просьба обратить внимание' is: 'Просьба обратить внимание'

26-05-2025T06:18:09 - [TEST_STEP][PASSED] - println(opoveshenie): null

26-05-2025T06:18:09 - [TEST_STEP][PASSED] - if (opoveshenie == "Просьба обратить внимание"): Object: 'Object Repository/Выполнение бизнес-плана/Закрыть оповещение' is clicked on

26-05-2025T06:18:09 - [TEST_STEP][PASSED] - click(findTestObject("Выполнение бизнес-плана/Закрыть оповещение")): Object: 'Object Repository/Выполнение бизнес-плана/Закрыть оповещение' is clicked on

26-05-2025T06:18:10 - [MESSAGE][PASSED] - Object: 'Object Repository/Выполнение бизнес-плана/Закрыть оповещение' is clicked on

26-05-2025T06:18:10 - [TEST_STEP][PASSED] - click(findTestObject("Object Repository/Выполнение бизнес-плана/Фильтр Дата")): Object: 'Object Repository/Выполнение бизнес-плана/Фильтр Дата' is clicked on

26-05-2025T06:18:10 - [MESSAGE][PASSED] - Object: 'Object Repository/Выполнение бизнес-плана/Фильтр Дата' is clicked on

26-05-2025T06:18:10 - [TEST_STEP][PASSED] - scrollToElement(findTestObject("Выполнение бизнес-плана/2025 список"), 30): Scroll to object 'Object Repository/Выполнение бизнес-плана/2025 список' successfully

26-05-2025T06:18:11 - [MESSAGE][PASSED] - Scroll to object 'Object Repository/Выполнение бизнес-плана/2025 список' successfully

26-05-2025T06:18:11 - [TEST_STEP][PASSED] - click(findTestObject("Выполнение бизнес-плана/2025 список"), CONTINUE_ON_FAILURE): Object: 'Object Repository/Выполнение бизнес-плана/2025 список' is clicked on

26-05-2025T06:18:11 - [MESSAGE][PASSED] - Object: 'Object Repository/Выполнение бизнес-плана/2025 список' is clicked on

26-05-2025T06:18:11 - [TEST_STEP][PASSED] - scrollToElement(findTestObject("Выполнение бизнес-плана/1 квартал 2025 список"), 30): Scroll to object 'Object Repository/Выполнение бизнес-плана/1 квартал 2025 список' successfully

26-05-2025T06:18:12 - [MESSAGE][PASSED] - Scroll to object 'Object Repository/Выполнение бизнес-плана/1 квартал 2025 список' successfully

26-05-2025T06:18:12 - [TEST_STEP][PASSED] - click(findTestObject("Выполнение бизнес-плана/1 квартал 2025"), CONTINUE_ON_FAILURE): Object: 'Object Repository/Выполнение бизнес-плана/1 квартал 2025' is clicked on

26-05-2025T06:18:12 - [MESSAGE][PASSED] - Object: 'Object Repository/Выполнение бизнес-плана/1 квартал 2025' is clicked on

26-05-2025T06:18:12 - [TEST_STEP][PASSED] - click(findTestObject("Object Repository/Выполнение бизнес-плана/Применить в фильтре Дата")): Object: 'Object Repository/Выполнение бизнес-плана/Применить в фильтре Дата' is clicked on

26-05-2025T06:18:13 - [MESSAGE][PASSED] - Object: 'Object Repository/Выполнение бизнес-плана/Применить в фильтре Дата' is clicked on

26-05-2025T06:18:13 - [TEST_STEP][PASSED] - scrollToElement(findTestObject("Выполнение бизнес-плана/Заголовок дашборда"), 30): Scroll to object 'Object Repository/Выполнение бизнес-плана/Заголовок дашборда' successfully

26-05-2025T06:18:35 - [MESSAGE][PASSED] - Scroll to object 'Object Repository/Выполнение бизнес-плана/Заголовок дашборда' successfully

26-05-2025T06:18:35 - [TEST_STEP][PASSED] - delay(40): Delayed 40 second(s)

26-05-2025T06:19:15 - [MESSAGE][PASSED] - Delayed 40 second(s)

26-05-2025T06:19:15 - [TEST_STEP][PASSED] - Script1686231490255.ZakrytOpoveshenie(): null

26-05-2025T06:19:15 - [TEST_STEP][PASSED] - opoveshenie = getText(findTestObject("Выполнение бизнес-плана/Просьба обратить внимание")): Text of object 'Object Repository/Выполнение бизнес-плана/Просьба обратить внимание' is: 'Просьба обратить внимание'

26-05-2025T06:19:16 - [MESSAGE][PASSED] - Text of object 'Object Repository/Выполнение бизнес-плана/Просьба обратить внимание' is: 'Просьба обратить внимание'

26-05-2025T06:19:16 - [TEST_STEP][PASSED] - println(opoveshenie): null

26-05-2025T06:19:16 - [TEST_STEP][PASSED] - if (opoveshenie == "Просьба обратить внимание"): Object: 'Object Repository/Выполнение бизнес-плана/Закрыть оповещение' is clicked on

26-05-2025T06:19:16 - [TEST_STEP][PASSED] - click(findTestObject("Выполнение бизнес-плана/Закрыть оповещение")): Object: 'Object Repository/Выполнение бизнес-плана/Закрыть оповещение' is clicked on

26-05-2025T06:19:16 - [MESSAGE][PASSED] - Object: 'Object Repository/Выполнение бизнес-плана/Закрыть оповещение' is clicked on

26-05-2025T06:19:16 - [TEST_STEP][PASSED] - click(findTestObject("Object Repository/Выполнение бизнес-плана/Фильтр ДЗО")): Object: 'Object Repository/Выполнение бизнес-плана/Фильтр ДЗО' is clicked on

26-05-2025T06:19:16 - [MESSAGE][PASSED] - Object: 'Object Repository/Выполнение бизнес-плана/Фильтр ДЗО' is clicked on

26-05-2025T06:19:16 - [TEST_STEP][PASSED] - click(findTestObject("Выполнение бизнес-плана/Снять выделение в фильтре ДЗО")): Object: 'Object Repository/Выполнение бизнес-плана/Снять выделение в фильтре ДЗО' is clicked on

26-05-2025T06:19:17 - [MESSAGE][PASSED] - Object: 'Object Repository/Выполнение бизнес-плана/Снять выделение в фильтре ДЗО' is clicked on

26-05-2025T06:19:17 - [TEST_STEP][PASSED] - click(findTestObject("Выполнение бизнес-плана/ПАО Россети")): Object: 'Object Repository/Выполнение бизнес-плана/ПАО Россети' is clicked on

26-05-2025T06:19:17 - [MESSAGE][PASSED] - Object: 'Object Repository/Выполнение бизнес-плана/ПАО Россети' is clicked on

26-05-2025T06:19:17 - [TEST_STEP][PASSED] - click(findTestObject("Object Repository/Выполнение бизнес-плана/Применить в фильтре ДЗО")): Object: 'Object Repository/Выполнение бизнес-плана/Применить в фильтре ДЗО' is clicked on

26-05-2025T06:19:18 - [MESSAGE][PASSED] - Object: 'Object Repository/Выполнение бизнес-плана/Применить в фильтре ДЗО' is clicked on

26-05-2025T06:19:18 - [TEST_STEP][PASSED] - delay(40): Delayed 40 second(s)

26-05-2025T06:19:58 - [MESSAGE][PASSED] - Delayed 40 second(s)

26-05-2025T06:19:58 - [TEST_STEP][PASSED] - if (run == 1): null

26-05-2025T06:19:58 - [TEST_STEP][PASSED] - if (run == 2): null

26-05-2025T06:19:58 - [TEST_STEP][PASSED] - user = "Андреева": null

26-05-2025T06:19:58 - [TEST_STEP][PASSED] - a1 = getText(findTestObject("Выполнение бизнес-плана/Проценты")): Text of object 'Object Repository/Выполнение бизнес-плана/Проценты' is: '%
5.63 5.63
8.24 8.24
План
Факт
1
100'

26-05-2025T06:19:58 - [MESSAGE][PASSED] - Text of object 'Object Repository/Выполнение бизнес-плана/Проценты' is: '%
5.63 5.63
8.24 8.24
План
Факт
1
100'

26-05-2025T06:19:58 - [TEST_STEP][PASSED] - a2 = getText(findTestObject("Выполнение бизнес-плана/Виджет Итого")): Text of object 'Object Repository/Выполнение бизнес-плана/Виджет Итого' is: 'п.п.
2.60
Итого
0
1
2
3'

26-05-2025T06:19:59 - [MESSAGE][PASSED] - Text of object 'Object Repository/Выполнение бизнес-плана/Виджет Итого' is: 'п.п.
2.60
Итого
0
1
2
3'

26-05-2025T06:19:59 - [TEST_STEP][PASSED] - a3 = getText(findTestObject("Выполнение бизнес-плана/Список ДЗО")): Text of object 'Object Repository/Выполнение бизнес-плана/Список ДЗО' is: 'Уровень потерь электроэнергии
Россети ФСК ЕЭС
Россети Волга
Россети Московский регион
Россети Северо-Запад
Россети Томск
Россети Урал (ГК)
Россети Юг (ГК)
Россети Янтарь
0
10
20
30
40
50
60
70
3.79
7.22
|
9.39
|
6.73
|
10.74
|
6.88
|
10.84
|
10.39
|
3.84
|
6.22
9.00
5.22
10.55
6.63
9.40
8.87'

26-05-2025T06:19:59 - [MESSAGE][PASSED] - Text of object 'Object Repository/Выполнение бизнес-плана/Список ДЗО' is: 'Уровень потерь электроэнергии
Россети ФСК ЕЭС
Россети Волга
Россети Московский регион
Россети Северо-Запад
Россети Томск
Россети Урал (ГК)
Россети Юг (ГК)
Россети Янтарь
0
10
20
30
40
50
60
70
3.79
7.22
|
9.39
|
6.73
|
10.74
|
6.88
|
10.84
|
10.39
|
3.84
|
6.22
9.00
5.22
10.55
6.63
9.40
8.87'

26-05-2025T06:19:59 - [TEST_STEP][PASSED] - a4 = getText(findTestObject("Выполнение бизнес-плана/Отклонения за 1 месяц")): Text of object 'Object Repository/Выполнение бизнес-плана/Отклонения за 1 месяц' is: '0.05
-0.99
-0.40
-1.51
-0.19
-0.38
-0.25
-1.05
-0.60
-1.44
-1.52
Россети ФСК ЕЭС
Россети Волга
Россети Московскийрегион
Россети Северо-Запад
Россети Томск
Россети Тюмень
Россети Урал (ГК)
Россети Центр (ГК)
Россети Центр иПриволжье (ГК)
Россети Юг (ГК)
Россети Янтарь
-2
0
2
4
6
8'

26-05-2025T06:19:59 - [MESSAGE][PASSED] - Text of object 'Object Repository/Выполнение бизнес-плана/Отклонения за 1 месяц' is: '0.05
-0.99
-0.40
-1.51
-0.19
-0.38
-0.25
-1.05
-0.60
-1.44
-1.52
Россети ФСК ЕЭС
Россети Волга
Россети Московскийрегион
Россети Северо-Запад
Россети Томск
Россети Тюмень
Россети Урал (ГК)
Россети Центр (ГК)
Россети Центр иПриволжье (ГК)
Россети Юг (ГК)
Россети Янтарь
-2
0
2
4
6
8'

26-05-2025T06:19:59 - [TEST_STEP][PASSED] - a5 = getText(findTestObject("Выполнение бизнес-плана/table")): Text of object 'Object Repository/Выполнение бизнес-плана/table' is: '164 602 454 4 949 974 28 695 297 6 258 254 1 364 454 19 698 947 3 467 484 901 140
158 511 723 4 641 851 26 113 910 5 931 711 1 220 439 18 393 144 3 141 633 821 181
6 090 730 308 123 2 581 387 326 542 144 015 1 305 803 325 852 79 959'

26-05-2025T06:20:00 - [MESSAGE][PASSED] - Text of object 'Object Repository/Выполнение бизнес-плана/table' is: '164 602 454 4 949 974 28 695 297 6 258 254 1 364 454 19 698 947 3 467 484 901 140
158 511 723 4 641 851 26 113 910 5 931 711 1 220 439 18 393 144 3 141 633 821 181
6 090 730 308 123 2 581 387 326 542 144 015 1 305 803 325 852 79 959'

26-05-2025T06:20:00 - [TEST_STEP][PASSED] - a6 = getText(findTestObject("Выполнение бизнес-плана/Отклонения за 3 месяца")): Text of object 'Object Repository/Выполнение бизнес-плана/Отклонения за 3 месяца' is: '● Бизнес-план выполнен● ●● Превышение бизнес-плана
Отклонения фактического уровня потерь от бизнес-плана за 3 месяца (нарастающим итогом), п.п.
-0.0-0.0
-1.0-1.0
-0.4-0.4
-2.5-2.5
-0.3-0.3
-0.2-0.2
-0.3-0.3
-2.6-2.6
-1.9-1.9
-1.4-1.4
-2.4-2.4
0.10.1
-0.7-0.7
-1.5-1.5
-0.2-0.2
-0.4-0.4
-0.5-0.5
-1.8-1.8
-1.5-1.5
-1.5-1.5
0.10.1
-1.0-1.0
-0.4-0.4
-1.5-1.5
-0.2-0.2
-0.4-0.4
-0.3-0.3
-1.0-1.0
-0.6-0.6
-1.4-1.4
-1.5-1.5
Россети ФСКЕЭС
АО«Тываэнерго»
АО«Чеченэнерго»
Россети Волга
РоссетиКубань
РоссетиЛенэнерго(ГК)
РоссетиМосковскийрегион
РоссетиСеверныйКавказ (ГК)
Россети Северо-Запад
Россети Сибирь(ГК)
Россети Томск
Россети Тюмень
Россети Урал(ГК)
Россети Центр
Россети Центри Приволжье(ГК)
Россети Юг (Г…
РоссетиЯнтарь
-2
0
-4
2'

26-05-2025T06:20:00 - [MESSAGE][PASSED] - Text of object 'Object Repository/Выполнение бизнес-плана/Отклонения за 3 месяца' is: '● Бизнес-план выполнен● ●● Превышение бизнес-плана
Отклонения фактического уровня потерь от бизнес-плана за 3 месяца (нарастающим итогом), п.п.
-0.0-0.0
-1.0-1.0
-0.4-0.4
-2.5-2.5
-0.3-0.3
-0.2-0.2
-0.3-0.3
-2.6-2.6
-1.9-1.9
-1.4-1.4
-2.4-2.4
0.10.1
-0.7-0.7
-1.5-1.5
-0.2-0.2
-0.4-0.4
-0.5-0.5
-1.8-1.8
-1.5-1.5
-1.5-1.5
0.10.1
-1.0-1.0
-0.4-0.4
-1.5-1.5
-0.2-0.2
-0.4-0.4
-0.3-0.3
-1.0-1.0
-0.6-0.6
-1.4-1.4
-1.5-1.5
Россети ФСКЕЭС
АО«Тываэнерго»
АО«Чеченэнерго»
Россети Волга
РоссетиКубань
РоссетиЛенэнерго(ГК)
РоссетиМосковскийрегион
РоссетиСеверныйКавказ (ГК)
Россети Северо-Запад
Россети Сибирь(ГК)
Россети Томск
Россети Тюмень
Россети Урал(ГК)
Россети Центр
Россети Центри Приволжье(ГК)
Россети Юг (Г…
РоссетиЯнтарь
-2
0
-4
2'

26-05-2025T06:20:00 - [TEST_STEP][PASSED] - a7 = getText(findTestObject("Выполнение бизнес-плана/Значения со страницы Выполнение бизнес-плана/Факт Отпуск в сеть за отчётный период ПАО Россети")): Text of object 'Object Repository/Выполнение бизнес-плана/Значения со страницы Выполнение бизнес-плана/Факт Отпуск в сеть за отчётный период ПАО Россети' is: '177 286 590'

26-05-2025T06:20:00 - [MESSAGE][PASSED] - Text of object 'Object Repository/Выполнение бизнес-плана/Значения со страницы Выполнение бизнес-плана/Факт Отпуск в сеть за отчётный период ПАО Россети' is: '177 286 590'

26-05-2025T06:20:00 - [TEST_STEP][PASSED] - a7 = a7 + getText(findTestObject("Выполнение бизнес-плана/Значения со страницы Выполнение бизнес-плана/Факт Отпуск из сети за отчётный период ПАО Россети")): Text of object 'Object Repository/Выполнение бизнес-плана/Значения со страницы Выполнение бизнес-плана/Факт Отпуск из сети за отчётный период ПАО Россети' is: '162 684 396'

26-05-2025T06:20:01 - [MESSAGE][PASSED] - Text of object 'Object Repository/Выполнение бизнес-плана/Значения со страницы Выполнение бизнес-плана/Факт Отпуск из сети за отчётный период ПАО Россети' is: '162 684 396'

26-05-2025T06:20:01 - [TEST_STEP][PASSED] - a7 = a7 + getText(findTestObject("Выполнение бизнес-плана/Значения со страницы Выполнение бизнес-плана/Факт Потери за отчётный период ПАО Россети")): Text of object 'Object Repository/Выполнение бизнес-плана/Значения со страницы Выполнение бизнес-плана/Факт Потери за отчётный период ПАО Россети' is: '14 602 194'

26-05-2025T06:20:01 - [MESSAGE][PASSED] - Text of object 'Object Repository/Выполнение бизнес-плана/Значения со страницы Выполнение бизнес-плана/Факт Потери за отчётный период ПАО Россети' is: '14 602 194'

26-05-2025T06:20:01 - [TEST_STEP][PASSED] - click(findTestObject("Выполнение бизнес-плана/Кнопка План")): Object: 'Object Repository/Выполнение бизнес-плана/Кнопка План' is clicked on

26-05-2025T06:20:01 - [MESSAGE][PASSED] - Object: 'Object Repository/Выполнение бизнес-плана/Кнопка План' is clicked on

26-05-2025T06:20:01 - [TEST_STEP][PASSED] - delay(5): Delayed 5 second(s)

26-05-2025T06:20:06 - [MESSAGE][PASSED] - Delayed 5 second(s)

26-05-2025T06:20:06 - [TEST_STEP][PASSED] - a8 = getText(findTestObject("Выполнение бизнес-плана/Значения со страницы Выполнение бизнес-плана/План Отпуск в сеть за отчётный период ПАО Россети")): Text of object 'Object Repository/Выполнение бизнес-плана/Значения со страницы Выполнение бизнес-плана/План Отпуск в сеть за отчётный период ПАО Россети' is: '279 622 401'

26-05-2025T06:20:07 - [MESSAGE][PASSED] - Text of object 'Object Repository/Выполнение бизнес-плана/Значения со страницы Выполнение бизнес-плана/План Отпуск в сеть за отчётный период ПАО Россети' is: '279 622 401'

26-05-2025T06:20:07 - [TEST_STEP][PASSED] - a8 = a8 + getText(findTestObject("Выполнение бизнес-плана/Значения со страницы Выполнение бизнес-плана/План Отпуск из сети за отчётный период ПАО Россети")): Text of object 'Object Repository/Выполнение бизнес-плана/Значения со страницы Выполнение бизнес-плана/План Отпуск из сети за отчётный период ПАО Россети' is: '263 872 604'

26-05-2025T06:20:07 - [MESSAGE][PASSED] - Text of object 'Object Repository/Выполнение бизнес-плана/Значения со страницы Выполнение бизнес-плана/План Отпуск из сети за отчётный период ПАО Россети' is: '263 872 604'

26-05-2025T06:20:07 - [TEST_STEP][PASSED] - a8 = a8 + getText(findTestObject("Выполнение бизнес-плана/Значения со страницы Выполнение бизнес-плана/План Потери за отчётный период ПАО Россети")): Text of object 'Object Repository/Выполнение бизнес-плана/Значения со страницы Выполнение бизнес-плана/План Потери за отчётный период ПАО Россети' is: '15 749 796'

26-05-2025T06:20:07 - [MESSAGE][PASSED] - Text of object 'Object Repository/Выполнение бизнес-плана/Значения со страницы Выполнение бизнес-плана/План Потери за отчётный период ПАО Россети' is: '15 749 796'

26-05-2025T06:20:07 - [TEST_STEP][PASSED] - click(findTestObject("Выполнение бизнес-плана/Кнопка Факт")): Object: 'Object Repository/Выполнение бизнес-плана/Кнопка Факт' is clicked on

26-05-2025T06:20:08 - [MESSAGE][PASSED] - Object: 'Object Repository/Выполнение бизнес-плана/Кнопка Факт' is clicked on

26-05-2025T06:20:08 - [TEST_STEP][PASSED] - n = n + 1: null

26-05-2025T06:20:08 - [TEST_STEP][PASSED] - b = data.getRowNumbers() + 1: null

26-05-2025T06:20:08 - [TEST_STEP][PASSED] - verifyEqual(findTestData("PlanFact").getValue(2, b), a1): Actual object '%
5.63 5.63
8.24 8.24
План
Факт
1
100' and expected object '%
5.63 5.63
8.24 8.24
План
Факт
1
100' are equal

26-05-2025T06:20:08 - [MESSAGE][PASSED] - Actual object '%
5.63 5.63
8.24 8.24
План
Факт
1
100' and expected object '%
5.63 5.63
8.24 8.24
План
Факт
1
100' are equal

26-05-2025T06:20:08 - [TEST_STEP][PASSED] - verifyEqual(findTestData("PlanFact").getValue(3, b), a2): Actual object 'п.п.
2.60
Итого
0
1
2
3' and expected object 'п.п.
2.60
Итого
0
1
2
3' are equal

26-05-2025T06:20:08 - [MESSAGE][PASSED] - Actual object 'п.п.
2.60
Итого
0
1
2
3' and expected object 'п.п.
2.60
Итого
0
1
2
3' are equal

26-05-2025T06:20:08 - [TEST_STEP][PASSED] - verifyEqual(findTestData("PlanFact").getValue(4, b), a3): Actual object 'Уровень потерь электроэнергии
Россети ФСК ЕЭС
Россети Волга
Россети Московский регион
Россети Северо-Запад
Россети Томск
Россети Урал (ГК)
Россети Юг (ГК)
Россети Янтарь
0
10
20
30
40
50
60
70
3.79
7.22
|
9.39
|
6.73
|
10.74
|
6.88
|
10.84
|
10.39
|
3.84
|
6.22
9.00
5.22
10.55
6.63
9.40
8.87' and expected object 'Уровень потерь электроэнергии
Россети ФСК ЕЭС
Россети Волга
Россети Московский регион
Россети Северо-Запад
Россети Томск
Россети Урал (ГК)
Россети Юг (ГК)
Россети Янтарь
0
10
20
30
40
50
60
70
3.79
7.22
|
9.39
|
6.73
|
10.74
|
6.88
|
10.84
|
10.39
|
3.84
|
6.22
9.00
5.22
10.55
6.63
9.40
8.87' are equal

26-05-2025T06:20:08 - [MESSAGE][PASSED] - Actual object 'Уровень потерь электроэнергии
Россети ФСК ЕЭС
Россети Волга
Россети Московский регион
Россети Северо-Запад
Россети Томск
Россети Урал (ГК)
Россети Юг (ГК)
Россети Янтарь
0
10
20
30
40
50
60
70
3.79
7.22
|
9.39
|
6.73
|
10.74
|
6.88
|
10.84
|
10.39
|
3.84
|
6.22
9.00
5.22
10.55
6.63
9.40
8.87' and expected object 'Уровень потерь электроэнергии
Россети ФСК ЕЭС
Россети Волга
Россети Московский регион
Россети Северо-Запад
Россети Томск
Россети Урал (ГК)
Россети Юг (ГК)
Россети Янтарь
0
10
20
30
40
50
60
70
3.79
7.22
|
9.39
|
6.73
|
10.74
|
6.88
|
10.84
|
10.39
|
3.84
|
6.22
9.00
5.22
10.55
6.63
9.40
8.87' are equal

26-05-2025T06:20:08 - [TEST_STEP][PASSED] - verifyEqual(findTestData("PlanFact").getValue(5, b), a4): Actual object '0.05
-0.99
-0.40
-1.51
-0.19
-0.38
-0.25
-1.05
-0.60
-1.44
-1.52
Россети ФСК ЕЭС
Россети Волга
Россети Московскийрегион
Россети Северо-Запад
Россети Томск
Россети Тюмень
Россети Урал (ГК)
Россети Центр (ГК)
Россети Центр иПриволжье (ГК)
Россети Юг (ГК)
Россети Янтарь
-2
0
2
4
6
8' and expected object '0.05
-0.99
-0.40
-1.51
-0.19
-0.38
-0.25
-1.05
-0.60
-1.44
-1.52
Россети ФСК ЕЭС
Россети Волга
Россети Московскийрегион
Россети Северо-Запад
Россети Томск
Россети Тюмень
Россети Урал (ГК)
Россети Центр (ГК)
Россети Центр иПриволжье (ГК)
Россети Юг (ГК)
Россети Янтарь
-2
0
2
4
6
8' are equal

26-05-2025T06:20:08 - [MESSAGE][PASSED] - Actual object '0.05
-0.99
-0.40
-1.51
-0.19
-0.38
-0.25
-1.05
-0.60
-1.44
-1.52
Россети ФСК ЕЭС
Россети Волга
Россети Московскийрегион
Россети Северо-Запад
Россети Томск
Россети Тюмень
Россети Урал (ГК)
Россети Центр (ГК)
Россети Центр иПриволжье (ГК)
Россети Юг (ГК)
Россети Янтарь
-2
0
2
4
6
8' and expected object '0.05
-0.99
-0.40
-1.51
-0.19
-0.38
-0.25
-1.05
-0.60
-1.44
-1.52
Россети ФСК ЕЭС
Россети Волга
Россети Московскийрегион
Россети Северо-Запад
Россети Томск
Россети Тюмень
Россети Урал (ГК)
Россети Центр (ГК)
Россети Центр иПриволжье (ГК)
Россети Юг (ГК)
Россети Янтарь
-2
0
2
4
6
8' are equal

26-05-2025T06:20:08 - [TEST_STEP][PASSED] - verifyEqual(findTestData("PlanFact").getValue(6, b), a5): Actual object '164 602 454 4 949 974 28 695 297 6 258 254 1 364 454 19 698 947 3 467 484 901 140
158 511 723 4 641 851 26 113 910 5 931 711 1 220 439 18 393 144 3 141 633 821 181
6 090 730 308 123 2 581 387 326 542 144 015 1 305 803 325 852 79 959' and expected object '164 602 454 4 949 974 28 695 297 6 258 254 1 364 454 19 698 947 3 467 484 901 140
158 511 723 4 641 851 26 113 910 5 931 711 1 220 439 18 393 144 3 141 633 821 181
6 090 730 308 123 2 581 387 326 542 144 015 1 305 803 325 852 79 959' are equal

26-05-2025T06:20:08 - [MESSAGE][PASSED] - Actual object '164 602 454 4 949 974 28 695 297 6 258 254 1 364 454 19 698 947 3 467 484 901 140
158 511 723 4 641 851 26 113 910 5 931 711 1 220 439 18 393 144 3 141 633 821 181
6 090 730 308 123 2 581 387 326 542 144 015 1 305 803 325 852 79 959' and expected object '164 602 454 4 949 974 28 695 297 6 258 254 1 364 454 19 698 947 3 467 484 901 140
158 511 723 4 641 851 26 113 910 5 931 711 1 220 439 18 393 144 3 141 633 821 181
6 090 730 308 123 2 581 387 326 542 144 015 1 305 803 325 852 79 959' are equal

26-05-2025T06:20:08 - [TEST_STEP][PASSED] - verifyEqual(findTestData("PlanFact").getValue(7, b), a6): Actual object '● Бизнес-план выполнен● ●● Превышение бизнес-плана
Отклонения фактического уровня потерь от бизнес-плана за 3 месяца (нарастающим итогом), п.п.
-0.0-0.0
-1.0-1.0
-0.4-0.4
-2.5-2.5
-0.3-0.3
-0.2-0.2
-0.3-0.3
-2.6-2.6
-1.9-1.9
-1.4-1.4
-2.4-2.4
0.10.1
-0.7-0.7
-1.5-1.5
-0.2-0.2
-0.4-0.4
-0.5-0.5
-1.8-1.8
-1.5-1.5
-1.5-1.5
0.10.1
-1.0-1.0
-0.4-0.4
-1.5-1.5
-0.2-0.2
-0.4-0.4
-0.3-0.3
-1.0-1.0
-0.6-0.6
-1.4-1.4
-1.5-1.5
Россети ФСКЕЭС
АО«Тываэнерго»
АО«Чеченэнерго»
Россети Волга
РоссетиКубань
РоссетиЛенэнерго(ГК)
РоссетиМосковскийрегион
РоссетиСеверныйКавказ (ГК)
Россети Северо-Запад
Россети Сибирь(ГК)
Россети Томск
Россети Тюмень
Россети Урал(ГК)
Россети Центр
Россети Центри Приволжье(ГК)
Россети Юг (Г…
РоссетиЯнтарь
-2
0
-4
2' and expected object '● Бизнес-план выполнен● ●● Превышение бизнес-плана
Отклонения фактического уровня потерь от бизнес-плана за 3 месяца (нарастающим итогом), п.п.
-0.0-0.0
-1.0-1.0
-0.4-0.4
-2.5-2.5
-0.3-0.3
-0.2-0.2
-0.3-0.3
-2.6-2.6
-1.9-1.9
-1.4-1.4
-2.4-2.4
0.10.1
-0.7-0.7
-1.5-1.5
-0.2-0.2
-0.4-0.4
-0.5-0.5
-1.8-1.8
-1.5-1.5
-1.5-1.5
0.10.1
-1.0-1.0
-0.4-0.4
-1.5-1.5
-0.2-0.2
-0.4-0.4
-0.3-0.3
-1.0-1.0
-0.6-0.6
-1.4-1.4
-1.5-1.5
Россети ФСКЕЭС
АО«Тываэнерго»
АО«Чеченэнерго»
Россети Волга
РоссетиКубань
РоссетиЛенэнерго(ГК)
РоссетиМосковскийрегион
РоссетиСеверныйКавказ (ГК)
Россети Северо-Запад
Россети Сибирь(ГК)
Россети Томск
Россети Тюмень
Россети Урал(ГК)
Россети Центр
Россети Центри Приволжье(ГК)
Россети Юг (Г…
РоссетиЯнтарь
-2
0
-4
2' are equal

26-05-2025T06:20:08 - [MESSAGE][PASSED] - Actual object '● Бизнес-план выполнен● ●● Превышение бизнес-плана
Отклонения фактического уровня потерь от бизнес-плана за 3 месяца (нарастающим итогом), п.п.
-0.0-0.0
-1.0-1.0
-0.4-0.4
-2.5-2.5
-0.3-0.3
-0.2-0.2
-0.3-0.3
-2.6-2.6
-1.9-1.9
-1.4-1.4
-2.4-2.4
0.10.1
-0.7-0.7
-1.5-1.5
-0.2-0.2
-0.4-0.4
-0.5-0.5
-1.8-1.8
-1.5-1.5
-1.5-1.5
0.10.1
-1.0-1.0
-0.4-0.4
-1.5-1.5
-0.2-0.2
-0.4-0.4
-0.3-0.3
-1.0-1.0
-0.6-0.6
-1.4-1.4
-1.5-1.5
Россети ФСКЕЭС
АО«Тываэнерго»
АО«Чеченэнерго»
Россети Волга
РоссетиКубань
РоссетиЛенэнерго(ГК)
РоссетиМосковскийрегион
РоссетиСеверныйКавказ (ГК)
Россети Северо-Запад
Россети Сибирь(ГК)
Россети Томск
Россети Тюмень
Россети Урал(ГК)
Россети Центр
Россети Центри Приволжье(ГК)
Россети Юг (Г…
РоссетиЯнтарь
-2
0
-4
2' and expected object '● Бизнес-план выполнен● ●● Превышение бизнес-плана
Отклонения фактического уровня потерь от бизнес-плана за 3 месяца (нарастающим итогом), п.п.
-0.0-0.0
-1.0-1.0
-0.4-0.4
-2.5-2.5
-0.3-0.3
-0.2-0.2
-0.3-0.3
-2.6-2.6
-1.9-1.9
-1.4-1.4
-2.4-2.4
0.10.1
-0.7-0.7
-1.5-1.5
-0.2-0.2
-0.4-0.4
-0.5-0.5
-1.8-1.8
-1.5-1.5
-1.5-1.5
0.10.1
-1.0-1.0
-0.4-0.4
-1.5-1.5
-0.2-0.2
-0.4-0.4
-0.3-0.3
-1.0-1.0
-0.6-0.6
-1.4-1.4
-1.5-1.5
Россети ФСКЕЭС
АО«Тываэнерго»
АО«Чеченэнерго»
Россети Волга
РоссетиКубань
РоссетиЛенэнерго(ГК)
РоссетиМосковскийрегион
РоссетиСеверныйКавказ (ГК)
Россети Северо-Запад
Россети Сибирь(ГК)
Россети Томск
Россети Тюмень
Россети Урал(ГК)
Россети Центр
Россети Центри Приволжье(ГК)
Россети Юг (Г…
РоссетиЯнтарь
-2
0
-4
2' are equal

26-05-2025T06:20:08 - [TEST_STEP][PASSED] - verifyEqual(findTestData("PlanFact").getValue(8, b), a7): Actual object '177 286 590162 684 39614 602 194' and expected object '177 286 590162 684 39614 602 194' are equal

26-05-2025T06:20:08 - [MESSAGE][PASSED] - Actual object '177 286 590162 684 39614 602 194' and expected object '177 286 590162 684 39614 602 194' are equal

26-05-2025T06:20:08 - [TEST_STEP][PASSED] - verifyEqual(findTestData("PlanFact").getValue(9, b), a8): Actual object '279 622 401263 872 60415 749 796' and expected object '279 622 401263 872 60415 749 796' are equal

26-05-2025T06:20:08 - [MESSAGE][PASSED] - Actual object '279 622 401263 872 60415 749 796' and expected object '279 622 401263 872 60415 749 796' are equal

26-05-2025T06:20:08 - [TEST_STEP][PASSED] - Script1686231490255.WriteToExcel(user, dashboardName, n, data, run, a1, a2, a3, a4, a5, a6, a7, a8, a9): null

26-05-2025T06:20:08 - [TEST_STEP][PASSED] - sheetName = "Sheet1": null

26-05-2025T06:20:08 - [TEST_STEP][PASSED] - workbook01 = getWorkbook(excelFilePath): null

26-05-2025T06:20:08 - [TEST_STEP][PASSED] - sheet01 = getExcelSheet(workbook01, sheetName): null

26-05-2025T06:20:08 - [TEST_STEP][PASSED] - setValueToCellByIndex(sheet01, n, 0, dashboardName): null

26-05-2025T06:20:08 - [TEST_STEP][PASSED] - setValueToCellByIndex(sheet01, n, 10, user): null

26-05-2025T06:20:08 - [TEST_STEP][PASSED] - setValueToCellByIndex(sheet01, n, 1, a1): null

26-05-2025T06:20:08 - [TEST_STEP][PASSED] - setValueToCellByIndex(sheet01, n, 2, a2): null

26-05-2025T06:20:08 - [TEST_STEP][PASSED] - setValueToCellByIndex(sheet01, n, 3, a3): null

26-05-2025T06:20:08 - [TEST_STEP][PASSED] - setValueToCellByIndex(sheet01, n, 4, a4): null

26-05-2025T06:20:08 - [TEST_STEP][PASSED] - setValueToCellByIndex(sheet01, n, 5, a5): null

26-05-2025T06:20:08 - [TEST_STEP][PASSED] - setValueToCellByIndex(sheet01, n, 6, a6): null

26-05-2025T06:20:08 - [TEST_STEP][PASSED] - setValueToCellByIndex(sheet01, n, 7, a7): null

26-05-2025T06:20:08 - [TEST_STEP][PASSED] - setValueToCellByIndex(sheet01, n, 8, a8): null

26-05-2025T06:20:08 - [TEST_STEP][PASSED] - setValueToCellByIndex(sheet01, n, 9, a9): null

26-05-2025T06:20:08 - [TEST_STEP][PASSED] - n = n + 1: null

26-05-2025T06:20:08 - [TEST_STEP][PASSED] - saveWorkbook(excelFilePath, workbook01): null

26-05-2025T06:20:08 - [TEST_STEP][PASSED] - if (run == 3): null

26-05-2025T06:20:08 - [TEST_STEP][PASSED] - closeBrowser(): null

26-05-2025T06:20:09 - [MESSAGE][PASSED] - Browser is closed

26-05-2025T06:20:09 - [TEST_STEP][PASSED] - VipolnenieBiznesPlana(user, dashboardName, n, data, run, a1, a2, a3, a4, a5, a6, a7, a8, a9, urlData): null

26-05-2025T06:20:09 - [TEST_STEP][PASSED] - a10 = <not implemented yet for class: org.codehaus.groovy.ast.expr.EmptyExpression>: null

26-05-2025T06:20:09 - [TEST_STEP][PASSED] - a11 = <not implemented yet for class: org.codehaus.groovy.ast.expr.EmptyExpression>: null

26-05-2025T06:20:09 - [TEST_STEP][PASSED] - a12 = <not implemented yet for class: org.codehaus.groovy.ast.expr.EmptyExpression>: null

26-05-2025T06:20:09 - [TEST_STEP][PASSED] - n = data.getRowNumbers() + 1: null

26-05-2025T06:20:09 - [TEST_STEP][PASSED] - println(n): null

26-05-2025T06:20:09 - [TEST_STEP][PASSED] - dashboardName = "Выполнение бизнес-плана": null

26-05-2025T06:20:09 - [TEST_STEP][PASSED] - openBrowser(""): Browser is opened with url: ''

26-05-2025T06:20:09 - [MESSAGE][INFO] - Starting 'Chrome' driver

26-05-2025T06:20:09 - [MESSAGE][INFO] - Action delay is set to 0 milliseconds

26-05-2025T06:20:10 - [MESSAGE][PASSED] - Browser is opened with url: ''

26-05-2025T06:20:10 - [TEST_STEP][PASSED] - urlData = 1: null

26-05-2025T06:20:10 - [TEST_STEP][PASSED] - Script1686231490255.CheckPageDownload(urlData, run): null

26-05-2025T06:20:10 - [TEST_STEP][PASSED] - i = 1: null

26-05-2025T06:20:10 - [TEST_STEP][PASSED] - ii = 0: null

26-05-2025T06:20:10 - [TEST_STEP][PASSED] - urlText = <not implemented yet for class: org.codehaus.groovy.ast.expr.EmptyExpression>: null

26-05-2025T06:20:10 - [TEST_STEP][PASSED] - searchWord = <not implemented yet for class: org.codehaus.groovy.ast.expr.EmptyExpression>: null

26-05-2025T06:20:10 - [TEST_STEP][PASSED] - deleteAllCookies(): Delete all cookies successfully

26-05-2025T06:20:10 - [MESSAGE][PASSED] - Delete all cookies successfully

26-05-2025T06:20:10 - [TEST_STEP][PASSED] - refresh(): Refresh successfully

26-05-2025T06:20:10 - [MESSAGE][PASSED] - Refresh successfully

26-05-2025T06:20:10 - [TEST_STEP][PASSED] - delay(40): Delayed 40 second(s)

26-05-2025T06:20:50 - [MESSAGE][PASSED] - Delayed 40 second(s)

26-05-2025T06:20:50 - [TEST_STEP][PASSED] - navigateToUrl(findTestData("PlanFact").getValue(10, urlData)): Navigate to 'https://bi.rosseti.digital/viewer?dashboardGuid=d154a8eaf6824e2b9de1bb04dd061c18&sheetGuid=1305e8ce744049e1abdacea1ea397a26&fit=true' successfully

26-05-2025T06:20:52 - [MESSAGE][PASSED] - Navigate to 'https://bi.rosseti.digital/viewer?dashboardGuid=d154a8eaf6824e2b9de1bb04dd061c18&sheetGuid=1305e8ce744049e1abdacea1ea397a26&fit=true' successfully

26-05-2025T06:20:52 - [TEST_STEP][PASSED] - pageLoaded1 = verifyElementPresent(findTestObject("Страница авторизации/Text"), 30): Object 'Object Repository/Страница авторизации/Text' is present

26-05-2025T06:20:53 - [MESSAGE][PASSED] - Object 'Object Repository/Страница авторизации/Text' is present

26-05-2025T06:20:53 - [TEST_STEP][PASSED] - if (pageLoaded1 == false): null

26-05-2025T06:20:53 - [TEST_STEP][PASSED] - urlText = getText(findTestObject("Страница авторизации/Text")): Text of object 'Object Repository/Страница авторизации/Text' is: 'Вход'

26-05-2025T06:20:53 - [MESSAGE][PASSED] - Text of object 'Object Repository/Страница авторизации/Text' is: 'Вход'

26-05-2025T06:20:53 - [TEST_STEP][PASSED] - delay(40): Delayed 40 second(s)

26-05-2025T06:21:33 - [MESSAGE][PASSED] - Delayed 40 second(s)

26-05-2025T06:21:33 - [TEST_STEP][PASSED] - searchWord = "Вход": null

26-05-2025T06:21:33 - [TEST_STEP][PASSED] - if (urlText.contains(searchWord) == false): null

26-05-2025T06:21:33 - [TEST_STEP][PASSED] - setText(findTestObject("Страница авторизации/input__username"), findTestData("PlanFact").getValue(8, run)): Text 'Petrova-OV' is set on object 'Object Repository/Страница авторизации/input__username'

26-05-2025T06:21:34 - [MESSAGE][PASSED] - Text 'Petrova-OV' is set on object 'Object Repository/Страница авторизации/input__username'

26-05-2025T06:21:34 - [TEST_STEP][PASSED] - setText(findTestObject("Страница авторизации/input__password"), findTestData("PlanFact").getValue(9, run)): Text '4Ex@~R53r&3x&BVe7' is set on object 'Object Repository/Страница авторизации/input__password'

26-05-2025T06:21:34 - [MESSAGE][PASSED] - Text '4Ex@~R53r&3x&BVe7' is set on object 'Object Repository/Страница авторизации/input__password'

26-05-2025T06:21:34 - [TEST_STEP][PASSED] - click(findTestObject("Страница авторизации/button_")): Object: 'Object Repository/Страница авторизации/button_' is clicked on

26-05-2025T06:21:35 - [MESSAGE][PASSED] - Object: 'Object Repository/Страница авторизации/button_' is clicked on

26-05-2025T06:21:35 - [TEST_STEP][PASSED] - delay(40): Delayed 40 second(s)

26-05-2025T06:22:15 - [MESSAGE][PASSED] - Delayed 40 second(s)

26-05-2025T06:22:15 - [TEST_STEP][PASSED] - searchWord = "а": null

26-05-2025T06:22:15 - [TEST_STEP][PASSED] - pageLoaded2 = verifyElementPresent(findTestObject("Страница авторизации/Text"), 50): Object 'Object Repository/Страница авторизации/Text' is present

26-05-2025T06:22:18 - [MESSAGE][PASSED] - Object 'Object Repository/Страница авторизации/Text' is present

26-05-2025T06:22:18 - [TEST_STEP][PASSED] - if (pageLoaded2 == false): null

26-05-2025T06:22:18 - [TEST_STEP][PASSED] - urlText = getText(findTestObject("Страница авторизации/Text")): Text of object 'Object Repository/Страница авторизации/Text' is: 'ДЗО 
ПАО Россети
Период
1 кв. 2025 года
Отклонения фактического уровня потерь от бизнес-плана, п.п.
0.05
-0.99
-0.40
-1.51
-0.19
-0.38
-0.25
-1.05
-0.60
-1.44
-1.52
Россети ФСК ЕЭС
Россети Волга
Россети Московскийрегион
Россети Северо-Запад
Россети Томск
Россети Тюмень
Россети Урал (ГК)
Россети Центр (ГК)
Россети Центр иПриволжье (ГК)
Россети Юг (ГК)
Россети Янтарь
-2
0
2
4
6
8

Уровень потерь электроэнергии
Россети ФСК ЕЭС
Россети Волга
Россети Московский регион
Россети Северо-Запад
Россети Томск
Россети Урал (ГК)
Россети Юг (ГК)
Россети Янтарь
0
10
20
30
40
50
60
70
3.79
7.22
|
9.39
|
6.73
|
10.74
|
6.88
|
10.84
|
10.39
|
3.84
|
6.22
9.00
5.22
10.55
6.63
9.40
8.87
п.п.
2.60
Итого
0
1
2
3
%
5.63 5.63
8.24 8.24
План
Факт
1
100

● Бизнес-план выполнен● ●● Превышение бизнес-плана
Отклонения фактического уровня потерь от бизнес-плана за 3 месяца (нарастающим итогом), п.п.
-0.0-0.0
-1.0-1.0
-0.4-0.4
-2.5-2.5
-0.3-0.3
-0.2-0.2
-0.3-0.3
-2.6-2.6
-1.9-1.9
-1.4-1.4
-2.4-2.4
0.10.1
-0.7-0.7
-1.5-1.5
-0.2-0.2
-0.4-0.4
-0.5-0.5
-1.8-1.8
-1.5-1.5
-1.5-1.5
0.10.1
-1.0-1.0
-0.4-0.4
-1.5-1.5
-0.2-0.2
-0.4-0.4
-0.3-0.3
-1.0-1.0
-0.6-0.6
-1.4-1.4
-1.5-1.5
Россети ФСКЕЭС
АО«Тываэнерго»
АО«Чеченэнерго»
Россети Волга
РоссетиКубань
РоссетиЛенэнерго(ГК)
РоссетиМосковскийрегион
РоссетиСеверныйКавказ (ГК)
Россети Северо-Запад
Россети Сибирь(ГК)
Россети Томск
Россети Тюмень
Россети Урал(ГК)
Россети Центр
Россети Центри Приволжье(ГК)
Россети Юг (Г…
РоссетиЯнтарь
-2
0
-4
2
п.п.
Отклонения фактического уровня потерь от бизнес-плана за 3 месяца (нарастающим итогом)
-3.4-3.4
-2.5-2.5
-6.0-6.0
-1.5-1.5
-0.6-0.6
-1.6-1.6
-1.4-1.4
-4.5-4.5
-1.8-1.8
-1.9-1.9
-5.3-5.3
-1.1-1.1
-0.5-0.5
-0.7-0.7
-0.9-0.9
-2.8-2.8
-1.2-1.2
-0.8-0.8
-4.0-4.0
-1.1-1.1
-0.4-0.4
-0.5-0.5
-0.2-0.2
-1.5-1.5
Итого по ФСК ЕЭС
АО "Тываэнерго"
АО «ВМЭС»
АО «Воронежская горэлектросеть»
АО «Тульские городские электрические сети»
АО «Чеченэнерго»
АО «Ярославская электросетевая компания»
АО ЕЭСК
Алтайэнерго
Архангельский филиал
Астраханьэнерго
Белгородэнерго
Брянскэнерго
Бурятэнерго
Владимирэнерго
Волгоградэнерго
Вологодский филиал
Воронежэнерго
Дагэнерго
Ивэнерго
Ингушэнерго
-8
0

Статус данных
Просьба обратить внимание
— все данные не занесены
Факт
План
Итого – Факт
Отпуск в сеть 177 286 590
Отпуск из сети 162 684 396
Потери 14 602 194
Итого – План
Отпуск в сеть 279 622 401
Отпуск из сети 263 872 604
Потери 15 749 796
Выполнение бизнес-плана в части показателя «Уровень потерь электроэнергии»
Показатели баланса электроэнергии по ДЗО – Факт 
164 602 454 4 949 974 28 695 297 6 258 254 1 364 454 19 698 947 3 467 484 901 140
158 511 723 4 641 851 26 113 910 5 931 711 1 220 439 18 393 144 3 141 633 821 181
6 090 730 308 123 2 581 387 326 542 144 015 1 305 803 325 852 79 959
Показатели баланса электроэнергии по ДЗО – План
167 925 540 5 172 896 30 256 406 6 540 566 1 428 476 20 275 424 3 760 351 908 608
161 793 849 4 799 582 27 414 523 6 100 575 1 275 060 18 880 336 3 352 866 814 188
6 131 691 373 314 2 841 883 439 991 153 416 1 395 088 407 485 94 420'

26-05-2025T06:22:19 - [MESSAGE][PASSED] - Text of object 'Object Repository/Страница авторизации/Text' is: 'ДЗО 
ПАО Россети
Период
1 кв. 2025 года
Отклонения фактического уровня потерь от бизнес-плана, п.п.
0.05
-0.99
-0.40
-1.51
-0.19
-0.38
-0.25
-1.05
-0.60
-1.44
-1.52
Россети ФСК ЕЭС
Россети Волга
Россети Московскийрегион
Россети Северо-Запад
Россети Томск
Россети Тюмень
Россети Урал (ГК)
Россети Центр (ГК)
Россети Центр иПриволжье (ГК)
Россети Юг (ГК)
Россети Янтарь
-2
0
2
4
6
8

Уровень потерь электроэнергии
Россети ФСК ЕЭС
Россети Волга
Россети Московский регион
Россети Северо-Запад
Россети Томск
Россети Урал (ГК)
Россети Юг (ГК)
Россети Янтарь
0
10
20
30
40
50
60
70
3.79
7.22
|
9.39
|
6.73
|
10.74
|
6.88
|
10.84
|
10.39
|
3.84
|
6.22
9.00
5.22
10.55
6.63
9.40
8.87
п.п.
2.60
Итого
0
1
2
3
%
5.63 5.63
8.24 8.24
План
Факт
1
100

● Бизнес-план выполнен● ●● Превышение бизнес-плана
Отклонения фактического уровня потерь от бизнес-плана за 3 месяца (нарастающим итогом), п.п.
-0.0-0.0
-1.0-1.0
-0.4-0.4
-2.5-2.5
-0.3-0.3
-0.2-0.2
-0.3-0.3
-2.6-2.6
-1.9-1.9
-1.4-1.4
-2.4-2.4
0.10.1
-0.7-0.7
-1.5-1.5
-0.2-0.2
-0.4-0.4
-0.5-0.5
-1.8-1.8
-1.5-1.5
-1.5-1.5
0.10.1
-1.0-1.0
-0.4-0.4
-1.5-1.5
-0.2-0.2
-0.4-0.4
-0.3-0.3
-1.0-1.0
-0.6-0.6
-1.4-1.4
-1.5-1.5
Россети ФСКЕЭС
АО«Тываэнерго»
АО«Чеченэнерго»
Россети Волга
РоссетиКубань
РоссетиЛенэнерго(ГК)
РоссетиМосковскийрегион
РоссетиСеверныйКавказ (ГК)
Россети Северо-Запад
Россети Сибирь(ГК)
Россети Томск
Россети Тюмень
Россети Урал(ГК)
Россети Центр
Россети Центри Приволжье(ГК)
Россети Юг (Г…
РоссетиЯнтарь
-2
0
-4
2
п.п.
Отклонения фактического уровня потерь от бизнес-плана за 3 месяца (нарастающим итогом)
-3.4-3.4
-2.5-2.5
-6.0-6.0
-1.5-1.5
-0.6-0.6
-1.6-1.6
-1.4-1.4
-4.5-4.5
-1.8-1.8
-1.9-1.9
-5.3-5.3
-1.1-1.1
-0.5-0.5
-0.7-0.7
-0.9-0.9
-2.8-2.8
-1.2-1.2
-0.8-0.8
-4.0-4.0
-1.1-1.1
-0.4-0.4
-0.5-0.5
-0.2-0.2
-1.5-1.5
Итого по ФСК ЕЭС
АО "Тываэнерго"
АО «ВМЭС»
АО «Воронежская горэлектросеть»
АО «Тульские городские электрические сети»
АО «Чеченэнерго»
АО «Ярославская электросетевая компания»
АО ЕЭСК
Алтайэнерго
Архангельский филиал
Астраханьэнерго
Белгородэнерго
Брянскэнерго
Бурятэнерго
Владимирэнерго
Волгоградэнерго
Вологодский филиал
Воронежэнерго
Дагэнерго
Ивэнерго
Ингушэнерго
-8
0

Статус данных
Просьба обратить внимание
— все данные не занесены
Факт
План
Итого – Факт
Отпуск в сеть 177 286 590
Отпуск из сети 162 684 396
Потери 14 602 194
Итого – План
Отпуск в сеть 279 622 401
Отпуск из сети 263 872 604
Потери 15 749 796
Выполнение бизнес-плана в части показателя «Уровень потерь электроэнергии»
Показатели баланса электроэнергии по ДЗО – Факт 
164 602 454 4 949 974 28 695 297 6 258 254 1 364 454 19 698 947 3 467 484 901 140
158 511 723 4 641 851 26 113 910 5 931 711 1 220 439 18 393 144 3 141 633 821 181
6 090 730 308 123 2 581 387 326 542 144 015 1 305 803 325 852 79 959
Показатели баланса электроэнергии по ДЗО – План
167 925 540 5 172 896 30 256 406 6 540 566 1 428 476 20 275 424 3 760 351 908 608
161 793 849 4 799 582 27 414 523 6 100 575 1 275 060 18 880 336 3 352 866 814 188
6 131 691 373 314 2 841 883 439 991 153 416 1 395 088 407 485 94 420'

26-05-2025T06:22:19 - [TEST_STEP][PASSED] - if (urlText.contains("ошибка") || urlText.contains(searchWord) == false): null

26-05-2025T06:22:19 - [TEST_STEP][PASSED] - Script1686231490255.ZakrytOpoveshenie(): null

26-05-2025T06:22:19 - [TEST_STEP][PASSED] - opoveshenie = getText(findTestObject("Выполнение бизнес-плана/Просьба обратить внимание")): Text of object 'Object Repository/Выполнение бизнес-плана/Просьба обратить внимание' is: 'Просьба обратить внимание'

26-05-2025T06:22:20 - [MESSAGE][PASSED] - Text of object 'Object Repository/Выполнение бизнес-плана/Просьба обратить внимание' is: 'Просьба обратить внимание'

26-05-2025T06:22:20 - [TEST_STEP][PASSED] - println(opoveshenie): null

26-05-2025T06:22:20 - [TEST_STEP][PASSED] - if (opoveshenie == "Просьба обратить внимание"): Object: 'Object Repository/Выполнение бизнес-плана/Закрыть оповещение' is clicked on

26-05-2025T06:22:20 - [TEST_STEP][PASSED] - click(findTestObject("Выполнение бизнес-плана/Закрыть оповещение")): Object: 'Object Repository/Выполнение бизнес-плана/Закрыть оповещение' is clicked on

26-05-2025T06:22:20 - [MESSAGE][PASSED] - Object: 'Object Repository/Выполнение бизнес-плана/Закрыть оповещение' is clicked on

26-05-2025T06:22:20 - [TEST_STEP][PASSED] - click(findTestObject("Object Repository/Выполнение бизнес-плана/Фильтр Дата")): Object: 'Object Repository/Выполнение бизнес-плана/Фильтр Дата' is clicked on

26-05-2025T06:22:21 - [MESSAGE][PASSED] - Object: 'Object Repository/Выполнение бизнес-плана/Фильтр Дата' is clicked on

26-05-2025T06:22:21 - [TEST_STEP][PASSED] - click(findTestObject("Выполнение бизнес-плана/Снять выделение в фильтре Дата")): Object: 'Object Repository/Выполнение бизнес-плана/Снять выделение в фильтре Дата' is clicked on

26-05-2025T06:22:21 - [MESSAGE][PASSED] - Object: 'Object Repository/Выполнение бизнес-плана/Снять выделение в фильтре Дата' is clicked on

26-05-2025T06:22:21 - [TEST_STEP][PASSED] - click(findTestObject("Object Repository/Выполнение бизнес-плана/Применить в фильтре Дата")): Object: 'Object Repository/Выполнение бизнес-плана/Применить в фильтре Дата' is clicked on

26-05-2025T06:22:22 - [MESSAGE][PASSED] - Object: 'Object Repository/Выполнение бизнес-плана/Применить в фильтре Дата' is clicked on

26-05-2025T06:22:22 - [TEST_STEP][PASSED] - delay(40): Delayed 40 second(s)

26-05-2025T06:23:02 - [MESSAGE][PASSED] - Delayed 40 second(s)

26-05-2025T06:23:02 - [TEST_STEP][PASSED] - Script1686231490255.ZakrytOpoveshenie(): null

26-05-2025T06:23:02 - [TEST_STEP][PASSED] - opoveshenie = getText(findTestObject("Выполнение бизнес-плана/Просьба обратить внимание")): Text of object 'Object Repository/Выполнение бизнес-плана/Просьба обратить внимание' is: 'Просьба обратить внимание'

26-05-2025T06:23:11 - [MESSAGE][PASSED] - Text of object 'Object Repository/Выполнение бизнес-плана/Просьба обратить внимание' is: 'Просьба обратить внимание'

26-05-2025T06:23:11 - [TEST_STEP][PASSED] - println(opoveshenie): null

26-05-2025T06:23:11 - [TEST_STEP][PASSED] - if (opoveshenie == "Просьба обратить внимание"): Object: 'Object Repository/Выполнение бизнес-плана/Закрыть оповещение' is clicked on

26-05-2025T06:23:11 - [TEST_STEP][PASSED] - click(findTestObject("Выполнение бизнес-плана/Закрыть оповещение")): Object: 'Object Repository/Выполнение бизнес-плана/Закрыть оповещение' is clicked on

26-05-2025T06:23:11 - [MESSAGE][PASSED] - Object: 'Object Repository/Выполнение бизнес-плана/Закрыть оповещение' is clicked on

26-05-2025T06:23:11 - [TEST_STEP][PASSED] - click(findTestObject("Object Repository/Выполнение бизнес-плана/Фильтр Дата")): Object: 'Object Repository/Выполнение бизнес-плана/Фильтр Дата' is clicked on

26-05-2025T06:23:11 - [MESSAGE][PASSED] - Object: 'Object Repository/Выполнение бизнес-плана/Фильтр Дата' is clicked on

26-05-2025T06:23:11 - [TEST_STEP][PASSED] - scrollToElement(findTestObject("Выполнение бизнес-плана/2025 список"), 30): Scroll to object 'Object Repository/Выполнение бизнес-плана/2025 список' successfully

26-05-2025T06:23:12 - [MESSAGE][PASSED] - Scroll to object 'Object Repository/Выполнение бизнес-плана/2025 список' successfully

26-05-2025T06:23:12 - [TEST_STEP][PASSED] - click(findTestObject("Выполнение бизнес-плана/2025 список"), CONTINUE_ON_FAILURE): Object: 'Object Repository/Выполнение бизнес-плана/2025 список' is clicked on

26-05-2025T06:23:12 - [MESSAGE][PASSED] - Object: 'Object Repository/Выполнение бизнес-плана/2025 список' is clicked on

26-05-2025T06:23:12 - [TEST_STEP][PASSED] - scrollToElement(findTestObject("Выполнение бизнес-плана/1 квартал 2025 список"), 30): Scroll to object 'Object Repository/Выполнение бизнес-плана/1 квартал 2025 список' successfully

26-05-2025T06:23:13 - [MESSAGE][PASSED] - Scroll to object 'Object Repository/Выполнение бизнес-плана/1 квартал 2025 список' successfully

26-05-2025T06:23:13 - [TEST_STEP][PASSED] - click(findTestObject("Выполнение бизнес-плана/1 квартал 2025"), CONTINUE_ON_FAILURE): Object: 'Object Repository/Выполнение бизнес-плана/1 квартал 2025' is clicked on

26-05-2025T06:23:13 - [MESSAGE][PASSED] - Object: 'Object Repository/Выполнение бизнес-плана/1 квартал 2025' is clicked on

26-05-2025T06:23:13 - [TEST_STEP][PASSED] - click(findTestObject("Object Repository/Выполнение бизнес-плана/Применить в фильтре Дата")): Object: 'Object Repository/Выполнение бизнес-плана/Применить в фильтре Дата' is clicked on

26-05-2025T06:23:14 - [MESSAGE][PASSED] - Object: 'Object Repository/Выполнение бизнес-плана/Применить в фильтре Дата' is clicked on

26-05-2025T06:23:14 - [TEST_STEP][PASSED] - scrollToElement(findTestObject("Выполнение бизнес-плана/Заголовок дашборда"), 30): Scroll to object 'Object Repository/Выполнение бизнес-плана/Заголовок дашборда' successfully

26-05-2025T06:23:44 - [MESSAGE][PASSED] - Scroll to object 'Object Repository/Выполнение бизнес-плана/Заголовок дашборда' successfully

26-05-2025T06:23:44 - [TEST_STEP][PASSED] - delay(40): Delayed 40 second(s)

26-05-2025T06:24:24 - [MESSAGE][PASSED] - Delayed 40 second(s)

26-05-2025T06:24:24 - [TEST_STEP][PASSED] - Script1686231490255.ZakrytOpoveshenie(): null

26-05-2025T06:24:24 - [TEST_STEP][PASSED] - opoveshenie = getText(findTestObject("Выполнение бизнес-плана/Просьба обратить внимание")): Text of object 'Object Repository/Выполнение бизнес-плана/Просьба обратить внимание' is: 'Просьба обратить внимание'

26-05-2025T06:24:25 - [MESSAGE][PASSED] - Text of object 'Object Repository/Выполнение бизнес-плана/Просьба обратить внимание' is: 'Просьба обратить внимание'

26-05-2025T06:24:25 - [TEST_STEP][PASSED] - println(opoveshenie): null

26-05-2025T06:24:25 - [TEST_STEP][PASSED] - if (opoveshenie == "Просьба обратить внимание"): Object: 'Object Repository/Выполнение бизнес-плана/Закрыть оповещение' is clicked on

26-05-2025T06:24:25 - [TEST_STEP][PASSED] - click(findTestObject("Выполнение бизнес-плана/Закрыть оповещение")): Object: 'Object Repository/Выполнение бизнес-плана/Закрыть оповещение' is clicked on

26-05-2025T06:24:25 - [MESSAGE][PASSED] - Object: 'Object Repository/Выполнение бизнес-плана/Закрыть оповещение' is clicked on

26-05-2025T06:24:25 - [TEST_STEP][PASSED] - click(findTestObject("Object Repository/Выполнение бизнес-плана/Фильтр ДЗО")): Object: 'Object Repository/Выполнение бизнес-плана/Фильтр ДЗО' is clicked on

26-05-2025T06:24:25 - [MESSAGE][PASSED] - Object: 'Object Repository/Выполнение бизнес-плана/Фильтр ДЗО' is clicked on

26-05-2025T06:24:25 - [TEST_STEP][PASSED] - click(findTestObject("Выполнение бизнес-плана/Снять выделение в фильтре ДЗО")): Object: 'Object Repository/Выполнение бизнес-плана/Снять выделение в фильтре ДЗО' is clicked on

26-05-2025T06:24:26 - [MESSAGE][PASSED] - Object: 'Object Repository/Выполнение бизнес-плана/Снять выделение в фильтре ДЗО' is clicked on

26-05-2025T06:24:26 - [TEST_STEP][PASSED] - click(findTestObject("Выполнение бизнес-плана/ПАО Россети")): Object: 'Object Repository/Выполнение бизнес-плана/ПАО Россети' is clicked on

26-05-2025T06:24:26 - [MESSAGE][PASSED] - Object: 'Object Repository/Выполнение бизнес-плана/ПАО Россети' is clicked on

26-05-2025T06:24:26 - [TEST_STEP][PASSED] - click(findTestObject("Object Repository/Выполнение бизнес-плана/Применить в фильтре ДЗО")): Object: 'Object Repository/Выполнение бизнес-плана/Применить в фильтре ДЗО' is clicked on

26-05-2025T06:24:27 - [MESSAGE][PASSED] - Object: 'Object Repository/Выполнение бизнес-плана/Применить в фильтре ДЗО' is clicked on

26-05-2025T06:24:27 - [TEST_STEP][PASSED] - delay(40): Delayed 40 second(s)

26-05-2025T06:25:07 - [MESSAGE][PASSED] - Delayed 40 second(s)

26-05-2025T06:25:07 - [TEST_STEP][PASSED] - if (run == 1): null

26-05-2025T06:25:07 - [TEST_STEP][PASSED] - if (run == 2): null

26-05-2025T06:25:07 - [TEST_STEP][PASSED] - if (run == 3): null

26-05-2025T06:25:07 - [TEST_STEP][PASSED] - user = "Попова": null

26-05-2025T06:25:07 - [TEST_STEP][PASSED] - a1 = getText(findTestObject("Выполнение бизнес-плана/Проценты")): Text of object 'Object Repository/Выполнение бизнес-плана/Проценты' is: '%
5.63 5.63
8.24 8.24
План
Факт
1
100'

26-05-2025T06:25:08 - [MESSAGE][PASSED] - Text of object 'Object Repository/Выполнение бизнес-плана/Проценты' is: '%
5.63 5.63
8.24 8.24
План
Факт
1
100'

26-05-2025T06:25:08 - [TEST_STEP][PASSED] - a2 = getText(findTestObject("Выполнение бизнес-плана/Виджет Итого")): Text of object 'Object Repository/Выполнение бизнес-плана/Виджет Итого' is: 'п.п.
2.60
Итого
0
1
2
3'

26-05-2025T06:25:08 - [MESSAGE][PASSED] - Text of object 'Object Repository/Выполнение бизнес-плана/Виджет Итого' is: 'п.п.
2.60
Итого
0
1
2
3'

26-05-2025T06:25:08 - [TEST_STEP][PASSED] - a3 = getText(findTestObject("Выполнение бизнес-плана/Список ДЗО")): Text of object 'Object Repository/Выполнение бизнес-плана/Список ДЗО' is: 'Уровень потерь электроэнергии
Россети ФСК ЕЭС
Россети Волга
Россети Московский регион
Россети Северо-Запад
Россети Томск
Россети Урал (ГК)
Россети Юг (ГК)
Россети Янтарь
0
10
20
30
40
50
60
70
3.79
7.22
|
9.39
|
6.73
|
10.74
|
6.88
|
10.84
|
10.39
|
3.84
|
6.22
9.00
5.22
10.55
6.63
9.40
8.87'

26-05-2025T06:25:08 - [MESSAGE][PASSED] - Text of object 'Object Repository/Выполнение бизнес-плана/Список ДЗО' is: 'Уровень потерь электроэнергии
Россети ФСК ЕЭС
Россети Волга
Россети Московский регион
Россети Северо-Запад
Россети Томск
Россети Урал (ГК)
Россети Юг (ГК)
Россети Янтарь
0
10
20
30
40
50
60
70
3.79
7.22
|
9.39
|
6.73
|
10.74
|
6.88
|
10.84
|
10.39
|
3.84
|
6.22
9.00
5.22
10.55
6.63
9.40
8.87'

26-05-2025T06:25:08 - [TEST_STEP][PASSED] - a4 = getText(findTestObject("Выполнение бизнес-плана/Отклонения за 1 месяц")): Text of object 'Object Repository/Выполнение бизнес-плана/Отклонения за 1 месяц' is: '0.05
-0.99
-0.40
-1.51
-0.19
-0.38
-0.25
-1.05
-0.60
-1.44
-1.52
Россети ФСК ЕЭС
Россети Волга
Россети Московскийрегион
Россети Северо-Запад
Россети Томск
Россети Тюмень
Россети Урал (ГК)
Россети Центр (ГК)
Россети Центр иПриволжье (ГК)
Россети Юг (ГК)
Россети Янтарь
-2
0
2
4
6
8'

26-05-2025T06:25:09 - [MESSAGE][PASSED] - Text of object 'Object Repository/Выполнение бизнес-плана/Отклонения за 1 месяц' is: '0.05
-0.99
-0.40
-1.51
-0.19
-0.38
-0.25
-1.05
-0.60
-1.44
-1.52
Россети ФСК ЕЭС
Россети Волга
Россети Московскийрегион
Россети Северо-Запад
Россети Томск
Россети Тюмень
Россети Урал (ГК)
Россети Центр (ГК)
Россети Центр иПриволжье (ГК)
Россети Юг (ГК)
Россети Янтарь
-2
0
2
4
6
8'

26-05-2025T06:25:09 - [TEST_STEP][PASSED] - a5 = getText(findTestObject("Выполнение бизнес-плана/table")): Text of object 'Object Repository/Выполнение бизнес-плана/table' is: '164 602 454 4 949 974 28 695 297 6 258 254 1 364 454 19 698 947 3 467 484 901 140
158 511 723 4 641 851 26 113 910 5 931 711 1 220 439 18 393 144 3 141 633 821 181
6 090 730 308 123 2 581 387 326 542 144 015 1 305 803 325 852 79 959'

26-05-2025T06:25:09 - [MESSAGE][PASSED] - Text of object 'Object Repository/Выполнение бизнес-плана/table' is: '164 602 454 4 949 974 28 695 297 6 258 254 1 364 454 19 698 947 3 467 484 901 140
158 511 723 4 641 851 26 113 910 5 931 711 1 220 439 18 393 144 3 141 633 821 181
6 090 730 308 123 2 581 387 326 542 144 015 1 305 803 325 852 79 959'

26-05-2025T06:25:09 - [TEST_STEP][PASSED] - a6 = getText(findTestObject("Выполнение бизнес-плана/Отклонения за 3 месяца")): Text of object 'Object Repository/Выполнение бизнес-плана/Отклонения за 3 месяца' is: '● Бизнес-план выполнен● ●● Превышение бизнес-плана
Отклонения фактического уровня потерь от бизнес-плана за 3 месяца (нарастающим итогом), п.п.
-0.0-0.0
-1.0-1.0
-0.4-0.4
-2.5-2.5
-0.3-0.3
-0.2-0.2
-0.3-0.3
-2.6-2.6
-1.9-1.9
-1.4-1.4
-2.4-2.4
0.10.1
-0.7-0.7
-1.5-1.5
-0.2-0.2
-0.4-0.4
-0.5-0.5
-1.8-1.8
-1.5-1.5
-1.5-1.5
0.10.1
-1.0-1.0
-0.4-0.4
-1.5-1.5
-0.2-0.2
-0.4-0.4
-0.3-0.3
-1.0-1.0
-0.6-0.6
-1.4-1.4
-1.5-1.5
Россети ФСКЕЭС
АО«Тываэнерго»
АО«Чеченэнерго»
Россети Волга
РоссетиКубань
РоссетиЛенэнерго(ГК)
РоссетиМосковскийрегион
РоссетиСеверныйКавказ (ГК)
Россети Северо-Запад
Россети Сибирь(ГК)
Россети Томск
Россети Тюмень
Россети Урал(ГК)
Россети Центр
Россети Центри Приволжье(ГК)
Россети Юг (Г…
РоссетиЯнтарь
-2
0
-4
2'

26-05-2025T06:25:09 - [MESSAGE][PASSED] - Text of object 'Object Repository/Выполнение бизнес-плана/Отклонения за 3 месяца' is: '● Бизнес-план выполнен● ●● Превышение бизнес-плана
Отклонения фактического уровня потерь от бизнес-плана за 3 месяца (нарастающим итогом), п.п.
-0.0-0.0
-1.0-1.0
-0.4-0.4
-2.5-2.5
-0.3-0.3
-0.2-0.2
-0.3-0.3
-2.6-2.6
-1.9-1.9
-1.4-1.4
-2.4-2.4
0.10.1
-0.7-0.7
-1.5-1.5
-0.2-0.2
-0.4-0.4
-0.5-0.5
-1.8-1.8
-1.5-1.5
-1.5-1.5
0.10.1
-1.0-1.0
-0.4-0.4
-1.5-1.5
-0.2-0.2
-0.4-0.4
-0.3-0.3
-1.0-1.0
-0.6-0.6
-1.4-1.4
-1.5-1.5
Россети ФСКЕЭС
АО«Тываэнерго»
АО«Чеченэнерго»
Россети Волга
РоссетиКубань
РоссетиЛенэнерго(ГК)
РоссетиМосковскийрегион
РоссетиСеверныйКавказ (ГК)
Россети Северо-Запад
Россети Сибирь(ГК)
Россети Томск
Россети Тюмень
Россети Урал(ГК)
Россети Центр
Россети Центри Приволжье(ГК)
Россети Юг (Г…
РоссетиЯнтарь
-2
0
-4
2'

26-05-2025T06:25:09 - [TEST_STEP][PASSED] - a7 = getText(findTestObject("Выполнение бизнес-плана/Значения со страницы Выполнение бизнес-плана/Факт Отпуск в сеть за отчётный период ПАО Россети")): Text of object 'Object Repository/Выполнение бизнес-плана/Значения со страницы Выполнение бизнес-плана/Факт Отпуск в сеть за отчётный период ПАО Россети' is: '177 286 590'

26-05-2025T06:25:10 - [MESSAGE][PASSED] - Text of object 'Object Repository/Выполнение бизнес-плана/Значения со страницы Выполнение бизнес-плана/Факт Отпуск в сеть за отчётный период ПАО Россети' is: '177 286 590'

26-05-2025T06:25:10 - [TEST_STEP][PASSED] - a7 = a7 + getText(findTestObject("Выполнение бизнес-плана/Значения со страницы Выполнение бизнес-плана/Факт Отпуск из сети за отчётный период ПАО Россети")): Text of object 'Object Repository/Выполнение бизнес-плана/Значения со страницы Выполнение бизнес-плана/Факт Отпуск из сети за отчётный период ПАО Россети' is: '162 684 396'

26-05-2025T06:25:10 - [MESSAGE][PASSED] - Text of object 'Object Repository/Выполнение бизнес-плана/Значения со страницы Выполнение бизнес-плана/Факт Отпуск из сети за отчётный период ПАО Россети' is: '162 684 396'

26-05-2025T06:25:10 - [TEST_STEP][PASSED] - a7 = a7 + getText(findTestObject("Выполнение бизнес-плана/Значения со страницы Выполнение бизнес-плана/Факт Потери за отчётный период ПАО Россети")): Text of object 'Object Repository/Выполнение бизнес-плана/Значения со страницы Выполнение бизнес-плана/Факт Потери за отчётный период ПАО Россети' is: '14 602 194'

26-05-2025T06:25:10 - [MESSAGE][PASSED] - Text of object 'Object Repository/Выполнение бизнес-плана/Значения со страницы Выполнение бизнес-плана/Факт Потери за отчётный период ПАО Россети' is: '14 602 194'

26-05-2025T06:25:10 - [TEST_STEP][PASSED] - click(findTestObject("Выполнение бизнес-плана/Кнопка План")): Object: 'Object Repository/Выполнение бизнес-плана/Кнопка План' is clicked on

26-05-2025T06:25:10 - [MESSAGE][PASSED] - Object: 'Object Repository/Выполнение бизнес-плана/Кнопка План' is clicked on

26-05-2025T06:25:10 - [TEST_STEP][PASSED] - delay(5): Delayed 5 second(s)

26-05-2025T06:25:15 - [MESSAGE][PASSED] - Delayed 5 second(s)

26-05-2025T06:25:15 - [TEST_STEP][PASSED] - a8 = getText(findTestObject("Выполнение бизнес-плана/Значения со страницы Выполнение бизнес-плана/План Отпуск в сеть за отчётный период ПАО Россети")): Text of object 'Object Repository/Выполнение бизнес-плана/Значения со страницы Выполнение бизнес-плана/План Отпуск в сеть за отчётный период ПАО Россети' is: '279 622 401'

26-05-2025T06:25:16 - [MESSAGE][PASSED] - Text of object 'Object Repository/Выполнение бизнес-плана/Значения со страницы Выполнение бизнес-плана/План Отпуск в сеть за отчётный период ПАО Россети' is: '279 622 401'

26-05-2025T06:25:16 - [TEST_STEP][PASSED] - a8 = a8 + getText(findTestObject("Выполнение бизнес-плана/Значения со страницы Выполнение бизнес-плана/План Отпуск из сети за отчётный период ПАО Россети")): Text of object 'Object Repository/Выполнение бизнес-плана/Значения со страницы Выполнение бизнес-плана/План Отпуск из сети за отчётный период ПАО Россети' is: '263 872 604'

26-05-2025T06:25:16 - [MESSAGE][PASSED] - Text of object 'Object Repository/Выполнение бизнес-плана/Значения со страницы Выполнение бизнес-плана/План Отпуск из сети за отчётный период ПАО Россети' is: '263 872 604'

26-05-2025T06:25:16 - [TEST_STEP][PASSED] - a8 = a8 + getText(findTestObject("Выполнение бизнес-плана/Значения со страницы Выполнение бизнес-плана/План Потери за отчётный период ПАО Россети")): Text of object 'Object Repository/Выполнение бизнес-плана/Значения со страницы Выполнение бизнес-плана/План Потери за отчётный период ПАО Россети' is: '15 749 796'

26-05-2025T06:25:16 - [MESSAGE][PASSED] - Text of object 'Object Repository/Выполнение бизнес-плана/Значения со страницы Выполнение бизнес-плана/План Потери за отчётный период ПАО Россети' is: '15 749 796'

26-05-2025T06:25:16 - [TEST_STEP][PASSED] - click(findTestObject("Выполнение бизнес-плана/Кнопка Факт")): Object: 'Object Repository/Выполнение бизнес-плана/Кнопка Факт' is clicked on

26-05-2025T06:25:17 - [MESSAGE][PASSED] - Object: 'Object Repository/Выполнение бизнес-плана/Кнопка Факт' is clicked on

26-05-2025T06:25:17 - [TEST_STEP][PASSED] - n = n + 2: null

26-05-2025T06:25:17 - [TEST_STEP][PASSED] - b = data.getRowNumbers() + 1: null

26-05-2025T06:25:17 - [TEST_STEP][PASSED] - verifyEqual(findTestData("PlanFact").getValue(2, b), a1): Actual object '%
5.63 5.63
8.24 8.24
План
Факт
1
100' and expected object '%
5.63 5.63
8.24 8.24
План
Факт
1
100' are equal

26-05-2025T06:25:17 - [MESSAGE][PASSED] - Actual object '%
5.63 5.63
8.24 8.24
План
Факт
1
100' and expected object '%
5.63 5.63
8.24 8.24
План
Факт
1
100' are equal

26-05-2025T06:25:17 - [TEST_STEP][PASSED] - verifyEqual(findTestData("PlanFact").getValue(3, b), a2): Actual object 'п.п.
2.60
Итого
0
1
2
3' and expected object 'п.п.
2.60
Итого
0
1
2
3' are equal

26-05-2025T06:25:17 - [MESSAGE][PASSED] - Actual object 'п.п.
2.60
Итого
0
1
2
3' and expected object 'п.п.
2.60
Итого
0
1
2
3' are equal

26-05-2025T06:25:17 - [TEST_STEP][PASSED] - verifyEqual(findTestData("PlanFact").getValue(4, b), a3): Actual object 'Уровень потерь электроэнергии
Россети ФСК ЕЭС
Россети Волга
Россети Московский регион
Россети Северо-Запад
Россети Томск
Россети Урал (ГК)
Россети Юг (ГК)
Россети Янтарь
0
10
20
30
40
50
60
70
3.79
7.22
|
9.39
|
6.73
|
10.74
|
6.88
|
10.84
|
10.39
|
3.84
|
6.22
9.00
5.22
10.55
6.63
9.40
8.87' and expected object 'Уровень потерь электроэнергии
Россети ФСК ЕЭС
Россети Волга
Россети Московский регион
Россети Северо-Запад
Россети Томск
Россети Урал (ГК)
Россети Юг (ГК)
Россети Янтарь
0
10
20
30
40
50
60
70
3.79
7.22
|
9.39
|
6.73
|
10.74
|
6.88
|
10.84
|
10.39
|
3.84
|
6.22
9.00
5.22
10.55
6.63
9.40
8.87' are equal

26-05-2025T06:25:17 - [MESSAGE][PASSED] - Actual object 'Уровень потерь электроэнергии
Россети ФСК ЕЭС
Россети Волга
Россети Московский регион
Россети Северо-Запад
Россети Томск
Россети Урал (ГК)
Россети Юг (ГК)
Россети Янтарь
0
10
20
30
40
50
60
70
3.79
7.22
|
9.39
|
6.73
|
10.74
|
6.88
|
10.84
|
10.39
|
3.84
|
6.22
9.00
5.22
10.55
6.63
9.40
8.87' and expected object 'Уровень потерь электроэнергии
Россети ФСК ЕЭС
Россети Волга
Россети Московский регион
Россети Северо-Запад
Россети Томск
Россети Урал (ГК)
Россети Юг (ГК)
Россети Янтарь
0
10
20
30
40
50
60
70
3.79
7.22
|
9.39
|
6.73
|
10.74
|
6.88
|
10.84
|
10.39
|
3.84
|
6.22
9.00
5.22
10.55
6.63
9.40
8.87' are equal

26-05-2025T06:25:17 - [TEST_STEP][PASSED] - verifyEqual(findTestData("PlanFact").getValue(5, b), a4): Actual object '0.05
-0.99
-0.40
-1.51
-0.19
-0.38
-0.25
-1.05
-0.60
-1.44
-1.52
Россети ФСК ЕЭС
Россети Волга
Россети Московскийрегион
Россети Северо-Запад
Россети Томск
Россети Тюмень
Россети Урал (ГК)
Россети Центр (ГК)
Россети Центр иПриволжье (ГК)
Россети Юг (ГК)
Россети Янтарь
-2
0
2
4
6
8' and expected object '0.05
-0.99
-0.40
-1.51
-0.19
-0.38
-0.25
-1.05
-0.60
-1.44
-1.52
Россети ФСК ЕЭС
Россети Волга
Россети Московскийрегион
Россети Северо-Запад
Россети Томск
Россети Тюмень
Россети Урал (ГК)
Россети Центр (ГК)
Россети Центр иПриволжье (ГК)
Россети Юг (ГК)
Россети Янтарь
-2
0
2
4
6
8' are equal

26-05-2025T06:25:17 - [MESSAGE][PASSED] - Actual object '0.05
-0.99
-0.40
-1.51
-0.19
-0.38
-0.25
-1.05
-0.60
-1.44
-1.52
Россети ФСК ЕЭС
Россети Волга
Россети Московскийрегион
Россети Северо-Запад
Россети Томск
Россети Тюмень
Россети Урал (ГК)
Россети Центр (ГК)
Россети Центр иПриволжье (ГК)
Россети Юг (ГК)
Россети Янтарь
-2
0
2
4
6
8' and expected object '0.05
-0.99
-0.40
-1.51
-0.19
-0.38
-0.25
-1.05
-0.60
-1.44
-1.52
Россети ФСК ЕЭС
Россети Волга
Россети Московскийрегион
Россети Северо-Запад
Россети Томск
Россети Тюмень
Россети Урал (ГК)
Россети Центр (ГК)
Россети Центр иПриволжье (ГК)
Россети Юг (ГК)
Россети Янтарь
-2
0
2
4
6
8' are equal

26-05-2025T06:25:17 - [TEST_STEP][PASSED] - verifyEqual(findTestData("PlanFact").getValue(6, b), a5): Actual object '164 602 454 4 949 974 28 695 297 6 258 254 1 364 454 19 698 947 3 467 484 901 140
158 511 723 4 641 851 26 113 910 5 931 711 1 220 439 18 393 144 3 141 633 821 181
6 090 730 308 123 2 581 387 326 542 144 015 1 305 803 325 852 79 959' and expected object '164 602 454 4 949 974 28 695 297 6 258 254 1 364 454 19 698 947 3 467 484 901 140
158 511 723 4 641 851 26 113 910 5 931 711 1 220 439 18 393 144 3 141 633 821 181
6 090 730 308 123 2 581 387 326 542 144 015 1 305 803 325 852 79 959' are equal

26-05-2025T06:25:17 - [MESSAGE][PASSED] - Actual object '164 602 454 4 949 974 28 695 297 6 258 254 1 364 454 19 698 947 3 467 484 901 140
158 511 723 4 641 851 26 113 910 5 931 711 1 220 439 18 393 144 3 141 633 821 181
6 090 730 308 123 2 581 387 326 542 144 015 1 305 803 325 852 79 959' and expected object '164 602 454 4 949 974 28 695 297 6 258 254 1 364 454 19 698 947 3 467 484 901 140
158 511 723 4 641 851 26 113 910 5 931 711 1 220 439 18 393 144 3 141 633 821 181
6 090 730 308 123 2 581 387 326 542 144 015 1 305 803 325 852 79 959' are equal

26-05-2025T06:25:17 - [TEST_STEP][PASSED] - verifyEqual(findTestData("PlanFact").getValue(7, b), a6): Actual object '● Бизнес-план выполнен● ●● Превышение бизнес-плана
Отклонения фактического уровня потерь от бизнес-плана за 3 месяца (нарастающим итогом), п.п.
-0.0-0.0
-1.0-1.0
-0.4-0.4
-2.5-2.5
-0.3-0.3
-0.2-0.2
-0.3-0.3
-2.6-2.6
-1.9-1.9
-1.4-1.4
-2.4-2.4
0.10.1
-0.7-0.7
-1.5-1.5
-0.2-0.2
-0.4-0.4
-0.5-0.5
-1.8-1.8
-1.5-1.5
-1.5-1.5
0.10.1
-1.0-1.0
-0.4-0.4
-1.5-1.5
-0.2-0.2
-0.4-0.4
-0.3-0.3
-1.0-1.0
-0.6-0.6
-1.4-1.4
-1.5-1.5
Россети ФСКЕЭС
АО«Тываэнерго»
АО«Чеченэнерго»
Россети Волга
РоссетиКубань
РоссетиЛенэнерго(ГК)
РоссетиМосковскийрегион
РоссетиСеверныйКавказ (ГК)
Россети Северо-Запад
Россети Сибирь(ГК)
Россети Томск
Россети Тюмень
Россети Урал(ГК)
Россети Центр
Россети Центри Приволжье(ГК)
Россети Юг (Г…
РоссетиЯнтарь
-2
0
-4
2' and expected object '● Бизнес-план выполнен● ●● Превышение бизнес-плана
Отклонения фактического уровня потерь от бизнес-плана за 3 месяца (нарастающим итогом), п.п.
-0.0-0.0
-1.0-1.0
-0.4-0.4
-2.5-2.5
-0.3-0.3
-0.2-0.2
-0.3-0.3
-2.6-2.6
-1.9-1.9
-1.4-1.4
-2.4-2.4
0.10.1
-0.7-0.7
-1.5-1.5
-0.2-0.2
-0.4-0.4
-0.5-0.5
-1.8-1.8
-1.5-1.5
-1.5-1.5
0.10.1
-1.0-1.0
-0.4-0.4
-1.5-1.5
-0.2-0.2
-0.4-0.4
-0.3-0.3
-1.0-1.0
-0.6-0.6
-1.4-1.4
-1.5-1.5
Россети ФСКЕЭС
АО«Тываэнерго»
АО«Чеченэнерго»
Россети Волга
РоссетиКубань
РоссетиЛенэнерго(ГК)
РоссетиМосковскийрегион
РоссетиСеверныйКавказ (ГК)
Россети Северо-Запад
Россети Сибирь(ГК)
Россети Томск
Россети Тюмень
Россети Урал(ГК)
Россети Центр
Россети Центри Приволжье(ГК)
Россети Юг (Г…
РоссетиЯнтарь
-2
0
-4
2' are equal

26-05-2025T06:25:17 - [MESSAGE][PASSED] - Actual object '● Бизнес-план выполнен● ●● Превышение бизнес-плана
Отклонения фактического уровня потерь от бизнес-плана за 3 месяца (нарастающим итогом), п.п.
-0.0-0.0
-1.0-1.0
-0.4-0.4
-2.5-2.5
-0.3-0.3
-0.2-0.2
-0.3-0.3
-2.6-2.6
-1.9-1.9
-1.4-1.4
-2.4-2.4
0.10.1
-0.7-0.7
-1.5-1.5
-0.2-0.2
-0.4-0.4
-0.5-0.5
-1.8-1.8
-1.5-1.5
-1.5-1.5
0.10.1
-1.0-1.0
-0.4-0.4
-1.5-1.5
-0.2-0.2
-0.4-0.4
-0.3-0.3
-1.0-1.0
-0.6-0.6
-1.4-1.4
-1.5-1.5
Россети ФСКЕЭС
АО«Тываэнерго»
АО«Чеченэнерго»
Россети Волга
РоссетиКубань
РоссетиЛенэнерго(ГК)
РоссетиМосковскийрегион
РоссетиСеверныйКавказ (ГК)
Россети Северо-Запад
Россети Сибирь(ГК)
Россети Томск
Россети Тюмень
Россети Урал(ГК)
Россети Центр
Россети Центри Приволжье(ГК)
Россети Юг (Г…
РоссетиЯнтарь
-2
0
-4
2' and expected object '● Бизнес-план выполнен● ●● Превышение бизнес-плана
Отклонения фактического уровня потерь от бизнес-плана за 3 месяца (нарастающим итогом), п.п.
-0.0-0.0
-1.0-1.0
-0.4-0.4
-2.5-2.5
-0.3-0.3
-0.2-0.2
-0.3-0.3
-2.6-2.6
-1.9-1.9
-1.4-1.4
-2.4-2.4
0.10.1
-0.7-0.7
-1.5-1.5
-0.2-0.2
-0.4-0.4
-0.5-0.5
-1.8-1.8
-1.5-1.5
-1.5-1.5
0.10.1
-1.0-1.0
-0.4-0.4
-1.5-1.5
-0.2-0.2
-0.4-0.4
-0.3-0.3
-1.0-1.0
-0.6-0.6
-1.4-1.4
-1.5-1.5
Россети ФСКЕЭС
АО«Тываэнерго»
АО«Чеченэнерго»
Россети Волга
РоссетиКубань
РоссетиЛенэнерго(ГК)
РоссетиМосковскийрегион
РоссетиСеверныйКавказ (ГК)
Россети Северо-Запад
Россети Сибирь(ГК)
Россети Томск
Россети Тюмень
Россети Урал(ГК)
Россети Центр
Россети Центри Приволжье(ГК)
Россети Юг (Г…
РоссетиЯнтарь
-2
0
-4
2' are equal

26-05-2025T06:25:17 - [TEST_STEP][PASSED] - verifyEqual(findTestData("PlanFact").getValue(8, b), a7): Actual object '177 286 590162 684 39614 602 194' and expected object '177 286 590162 684 39614 602 194' are equal

26-05-2025T06:25:17 - [MESSAGE][PASSED] - Actual object '177 286 590162 684 39614 602 194' and expected object '177 286 590162 684 39614 602 194' are equal

26-05-2025T06:25:17 - [TEST_STEP][PASSED] - verifyEqual(findTestData("PlanFact").getValue(9, b), a8): Actual object '279 622 401263 872 60415 749 796' and expected object '279 622 401263 872 60415 749 796' are equal

26-05-2025T06:25:17 - [MESSAGE][PASSED] - Actual object '279 622 401263 872 60415 749 796' and expected object '279 622 401263 872 60415 749 796' are equal

26-05-2025T06:25:17 - [TEST_STEP][PASSED] - Script1686231490255.WriteToExcel(user, dashboardName, n, data, run, a1, a2, a3, a4, a5, a6, a7, a8, a9): null

26-05-2025T06:25:17 - [TEST_STEP][PASSED] - sheetName = "Sheet1": null

26-05-2025T06:25:17 - [TEST_STEP][PASSED] - workbook01 = getWorkbook(excelFilePath): null

26-05-2025T06:25:17 - [TEST_STEP][PASSED] - sheet01 = getExcelSheet(workbook01, sheetName): null

26-05-2025T06:25:17 - [TEST_STEP][PASSED] - setValueToCellByIndex(sheet01, n, 0, dashboardName): null

26-05-2025T06:25:17 - [TEST_STEP][PASSED] - setValueToCellByIndex(sheet01, n, 10, user): null

26-05-2025T06:25:17 - [TEST_STEP][PASSED] - setValueToCellByIndex(sheet01, n, 1, a1): null

26-05-2025T06:25:17 - [TEST_STEP][PASSED] - setValueToCellByIndex(sheet01, n, 2, a2): null

26-05-2025T06:25:17 - [TEST_STEP][PASSED] - setValueToCellByIndex(sheet01, n, 3, a3): null

26-05-2025T06:25:17 - [TEST_STEP][PASSED] - setValueToCellByIndex(sheet01, n, 4, a4): null

26-05-2025T06:25:17 - [TEST_STEP][PASSED] - setValueToCellByIndex(sheet01, n, 5, a5): null

26-05-2025T06:25:17 - [TEST_STEP][PASSED] - setValueToCellByIndex(sheet01, n, 6, a6): null

26-05-2025T06:25:17 - [TEST_STEP][PASSED] - setValueToCellByIndex(sheet01, n, 7, a7): null

26-05-2025T06:25:17 - [TEST_STEP][PASSED] - setValueToCellByIndex(sheet01, n, 8, a8): null

26-05-2025T06:25:17 - [TEST_STEP][PASSED] - setValueToCellByIndex(sheet01, n, 9, a9): null

26-05-2025T06:25:17 - [TEST_STEP][PASSED] - n = n + 1: null

26-05-2025T06:25:17 - [TEST_STEP][PASSED] - saveWorkbook(excelFilePath, workbook01): null

26-05-2025T06:25:18 - [TEST_STEP][PASSED] - closeBrowser(): Browser is closed

26-05-2025T06:25:18 - [MESSAGE][PASSED] - Browser is closed

26-05-2025T06:25:18 - [TEST_STEP][PASSED] - delay(40): Delayed 40 second(s)

26-05-2025T06:25:58 - [MESSAGE][PASSED] - Delayed 40 second(s)

26-05-2025T06:25:58 - [TEST_STEP][PASSED] - for ([run = 1, run < 4, (run++)]): null

26-05-2025T06:25:58 - [TEST_STEP][PASSED] - ViruchkaVRublyah(user, dashboardName, n, data, run, a1, a2, a3, a4, a5, a6, a7, a8, a9, urlData): null

26-05-2025T06:25:58 - [TEST_STEP][PASSED] - n = data.getRowNumbers() + 1: null

26-05-2025T06:25:58 - [TEST_STEP][PASSED] - println(n): null

26-05-2025T06:25:58 - [TEST_STEP][PASSED] - dashboardName = "Вырука в рублях": null

26-05-2025T06:25:58 - [TEST_STEP][PASSED] - openBrowser(""): Browser is opened with url: ''

26-05-2025T06:25:58 - [MESSAGE][INFO] - Starting 'Chrome' driver

26-05-2025T06:25:58 - [MESSAGE][INFO] - Action delay is set to 0 milliseconds

26-05-2025T06:25:59 - [MESSAGE][PASSED] - Browser is opened with url: ''

26-05-2025T06:25:59 - [TEST_STEP][PASSED] - urlData = 2: null

26-05-2025T06:25:59 - [TEST_STEP][PASSED] - Script1686231490255.CheckPageDownload(urlData, run): null

26-05-2025T06:25:59 - [TEST_STEP][PASSED] - i = 1: null

26-05-2025T06:25:59 - [TEST_STEP][PASSED] - ii = 0: null

26-05-2025T06:25:59 - [TEST_STEP][PASSED] - urlText = <not implemented yet for class: org.codehaus.groovy.ast.expr.EmptyExpression>: null

26-05-2025T06:25:59 - [TEST_STEP][PASSED] - searchWord = <not implemented yet for class: org.codehaus.groovy.ast.expr.EmptyExpression>: null

26-05-2025T06:25:59 - [TEST_STEP][PASSED] - deleteAllCookies(): Delete all cookies successfully

26-05-2025T06:25:59 - [MESSAGE][PASSED] - Delete all cookies successfully

26-05-2025T06:25:59 - [TEST_STEP][PASSED] - refresh(): Refresh successfully

26-05-2025T06:25:59 - [MESSAGE][PASSED] - Refresh successfully

26-05-2025T06:25:59 - [TEST_STEP][PASSED] - delay(40): Delayed 40 second(s)

26-05-2025T06:26:39 - [MESSAGE][PASSED] - Delayed 40 second(s)

26-05-2025T06:26:39 - [TEST_STEP][PASSED] - navigateToUrl(findTestData("PlanFact").getValue(10, urlData)): Navigate to 'https://bi.rosseti.digital/viewer?dashboardGuid=2301950b23be4ed89c1df75f2020051e&sheetGuid=b723206f698544fb87299f3095c00435&fit=true' successfully

26-05-2025T06:26:41 - [MESSAGE][PASSED] - Navigate to 'https://bi.rosseti.digital/viewer?dashboardGuid=2301950b23be4ed89c1df75f2020051e&sheetGuid=b723206f698544fb87299f3095c00435&fit=true' successfully

26-05-2025T06:26:41 - [TEST_STEP][PASSED] - pageLoaded1 = verifyElementPresent(findTestObject("Страница авторизации/Text"), 30): Object 'Object Repository/Страница авторизации/Text' is present

26-05-2025T06:26:42 - [MESSAGE][PASSED] - Object 'Object Repository/Страница авторизации/Text' is present

26-05-2025T06:26:42 - [TEST_STEP][PASSED] - if (pageLoaded1 == false): null

26-05-2025T06:26:42 - [TEST_STEP][PASSED] - urlText = getText(findTestObject("Страница авторизации/Text")): Text of object 'Object Repository/Страница авторизации/Text' is: 'Вход'

26-05-2025T06:26:42 - [MESSAGE][PASSED] - Text of object 'Object Repository/Страница авторизации/Text' is: 'Вход'

26-05-2025T06:26:42 - [TEST_STEP][PASSED] - delay(40): Delayed 40 second(s)

26-05-2025T06:27:22 - [MESSAGE][PASSED] - Delayed 40 second(s)

26-05-2025T06:27:22 - [TEST_STEP][PASSED] - searchWord = "Вход": null

26-05-2025T06:27:22 - [TEST_STEP][PASSED] - if (urlText.contains(searchWord) == false): null

26-05-2025T06:27:22 - [TEST_STEP][PASSED] - setText(findTestObject("Страница авторизации/input__username"), findTestData("PlanFact").getValue(8, run)): Text 'liazgina-di' is set on object 'Object Repository/Страница авторизации/input__username'

26-05-2025T06:27:23 - [MESSAGE][PASSED] - Text 'liazgina-di' is set on object 'Object Repository/Страница авторизации/input__username'

26-05-2025T06:27:23 - [TEST_STEP][PASSED] - setText(findTestObject("Страница авторизации/input__password"), findTestData("PlanFact").getValue(9, run)): Text ')$%5srZ8o688Dm#q' is set on object 'Object Repository/Страница авторизации/input__password'

26-05-2025T06:27:24 - [MESSAGE][PASSED] - Text ')$%5srZ8o688Dm#q' is set on object 'Object Repository/Страница авторизации/input__password'

26-05-2025T06:27:24 - [TEST_STEP][PASSED] - click(findTestObject("Страница авторизации/button_")): Object: 'Object Repository/Страница авторизации/button_' is clicked on

26-05-2025T06:27:25 - [MESSAGE][PASSED] - Object: 'Object Repository/Страница авторизации/button_' is clicked on

26-05-2025T06:27:25 - [TEST_STEP][PASSED] - delay(40): Delayed 40 second(s)

26-05-2025T06:28:05 - [MESSAGE][PASSED] - Delayed 40 second(s)

26-05-2025T06:28:05 - [TEST_STEP][PASSED] - searchWord = "а": null

26-05-2025T06:28:05 - [TEST_STEP][PASSED] - pageLoaded2 = verifyElementPresent(findTestObject("Страница авторизации/Text"), 50): Object 'Object Repository/Страница авторизации/Text' is present

26-05-2025T06:28:05 - [MESSAGE][PASSED] - Object 'Object Repository/Страница авторизации/Text' is present

26-05-2025T06:28:05 - [TEST_STEP][PASSED] - if (pageLoaded2 == false): null

26-05-2025T06:28:05 - [TEST_STEP][PASSED] - urlText = getText(findTestObject("Страница авторизации/Text")): Text of object 'Object Repository/Страница авторизации/Text' is: 'Период
1 кв. 2025 года
Выручка
Все
Выполнение плановых показателей по ПАО Россети за 1 кв. 2025 года
План
Факт
Динамика
2025 год
0 млн.руб.
50 000 млн.руб.
100 000 млн.руб.
150 000 млн.руб.
200 000 млн.руб.
250 000 млн.руб.
300 000 млн.руб.
350 000 млн.руб.
400 000 млн.руб.
450 000 млн.руб.
500 000 млн.руб.
550 000 млн.руб.
466 800
463 075
↓
ДЗО 
Все
Внутренний оборот - выручка за услуги по передаче электрической энергии, учтенная в выручке за электроэнергию для конечных потребителей, при выполнении ДЗО функций гарантирующего поставщика
Подписи данных
⬤Отклонение
АО "РЭС"
АО «Тываэнерго»
АО «Чеченэнерго»
Россети Волга
Россети Кубань
Россети Ленэнерго (ГК)
Россети Московский регион
Россети Северный Кавказ (ГК)
Россети Северо-Запад
Россети Сибирь (ГК)
Россети Томск
Россети Тюмень
Россети Урал (ГК)
Россети ФСК ЕЭС
Россети Центр
Россети Центр и Приволжье (ГК)
Россети Юг (ГК)
Россети Янтарь
-4 000млн.руб.
-3 000млн.руб.
-2 000млн.руб.
-1 000млн.руб.
0млн.руб.
1 000млн.руб.
2 000млн.руб.
3 000млн.руб.
4 0…
-261
55
-27
-537
786
62
-3 345
-271
-253
876
-57
-2 765
-987
1 670
-805
-905
-11
3 047
млн.
%
Выручка
Отклонение выручки по ПАО Россети за 1 кв. 2025 года (факт/план, млн. руб)
ПАО Россети
-3 725.7 млн.руб.
 '

26-05-2025T06:28:06 - [MESSAGE][PASSED] - Text of object 'Object Repository/Страница авторизации/Text' is: 'Период
1 кв. 2025 года
Выручка
Все
Выполнение плановых показателей по ПАО Россети за 1 кв. 2025 года
План
Факт
Динамика
2025 год
0 млн.руб.
50 000 млн.руб.
100 000 млн.руб.
150 000 млн.руб.
200 000 млн.руб.
250 000 млн.руб.
300 000 млн.руб.
350 000 млн.руб.
400 000 млн.руб.
450 000 млн.руб.
500 000 млн.руб.
550 000 млн.руб.
466 800
463 075
↓
ДЗО 
Все
Внутренний оборот - выручка за услуги по передаче электрической энергии, учтенная в выручке за электроэнергию для конечных потребителей, при выполнении ДЗО функций гарантирующего поставщика
Подписи данных
⬤Отклонение
АО "РЭС"
АО «Тываэнерго»
АО «Чеченэнерго»
Россети Волга
Россети Кубань
Россети Ленэнерго (ГК)
Россети Московский регион
Россети Северный Кавказ (ГК)
Россети Северо-Запад
Россети Сибирь (ГК)
Россети Томск
Россети Тюмень
Россети Урал (ГК)
Россети ФСК ЕЭС
Россети Центр
Россети Центр и Приволжье (ГК)
Россети Юг (ГК)
Россети Янтарь
-4 000млн.руб.
-3 000млн.руб.
-2 000млн.руб.
-1 000млн.руб.
0млн.руб.
1 000млн.руб.
2 000млн.руб.
3 000млн.руб.
4 0…
-261
55
-27
-537
786
62
-3 345
-271
-253
876
-57
-2 765
-987
1 670
-805
-905
-11
3 047
млн.
%
Выручка
Отклонение выручки по ПАО Россети за 1 кв. 2025 года (факт/план, млн. руб)
ПАО Россети
-3 725.7 млн.руб.
 '

26-05-2025T06:28:06 - [TEST_STEP][PASSED] - if (urlText.contains("ошибка") || urlText.contains(searchWord) == false): null

26-05-2025T06:28:06 - [TEST_STEP][PASSED] - click(findTestObject("Выручка в рублях/Фильтр Период")): Object: 'Object Repository/Выручка в рублях/Фильтр Период' is clicked on

26-05-2025T06:28:06 - [MESSAGE][PASSED] - Object: 'Object Repository/Выручка в рублях/Фильтр Период' is clicked on

26-05-2025T06:28:06 - [TEST_STEP][PASSED] - click(findTestObject("Выручка в рублях/Снять выделение в фильтре Дата")): Object: 'Object Repository/Выручка в рублях/Снять выделение в фильтре Дата' is clicked on

26-05-2025T06:28:07 - [MESSAGE][PASSED] - Object: 'Object Repository/Выручка в рублях/Снять выделение в фильтре Дата' is clicked on

26-05-2025T06:28:07 - [TEST_STEP][PASSED] - click(findTestObject("Выручка в рублях/Применить в фильтре Дата")): Object: 'Object Repository/Выручка в рублях/Применить в фильтре Дата' is clicked on

26-05-2025T06:28:07 - [MESSAGE][PASSED] - Object: 'Object Repository/Выручка в рублях/Применить в фильтре Дата' is clicked on

26-05-2025T06:28:07 - [TEST_STEP][PASSED] - click(findTestObject("Выручка в рублях/Фильтр Период")): Object: 'Object Repository/Выручка в рублях/Фильтр Период' is clicked on

26-05-2025T06:28:09 - [MESSAGE][PASSED] - Object: 'Object Repository/Выручка в рублях/Фильтр Период' is clicked on

26-05-2025T06:28:09 - [TEST_STEP][PASSED] - click(findTestObject("Выручка в рублях/Снять выделение в фильтре Дата")): Object: 'Object Repository/Выручка в рублях/Снять выделение в фильтре Дата' is clicked on

26-05-2025T06:28:09 - [MESSAGE][PASSED] - Object: 'Object Repository/Выручка в рублях/Снять выделение в фильтре Дата' is clicked on

26-05-2025T06:28:09 - [TEST_STEP][PASSED] - scrollToElement(findTestObject("Выручка в рублях/2025 список"), 30): Scroll to object 'Object Repository/Выручка в рублях/2025 список' successfully

26-05-2025T06:28:10 - [MESSAGE][PASSED] - Scroll to object 'Object Repository/Выручка в рублях/2025 список' successfully

26-05-2025T06:28:10 - [TEST_STEP][PASSED] - click(findTestObject("Выручка в рублях/2025 список")): Object: 'Object Repository/Выручка в рублях/2025 список' is clicked on

26-05-2025T06:28:10 - [MESSAGE][PASSED] - Object: 'Object Repository/Выручка в рублях/2025 список' is clicked on

26-05-2025T06:28:10 - [TEST_STEP][PASSED] - scrollToElement(findTestObject("Выручка в рублях/1 квартал 2025 список"), 30): Scroll to object 'Object Repository/Выручка в рублях/1 квартал 2025 список' successfully

26-05-2025T06:28:11 - [MESSAGE][PASSED] - Scroll to object 'Object Repository/Выручка в рублях/1 квартал 2025 список' successfully

26-05-2025T06:28:11 - [TEST_STEP][PASSED] - click(findTestObject("Выручка в рублях/1 квартал 2025 выбрать"), CONTINUE_ON_FAILURE): Object: 'Object Repository/Выручка в рублях/1 квартал 2025 выбрать' is clicked on

26-05-2025T06:28:11 - [MESSAGE][PASSED] - Object: 'Object Repository/Выручка в рублях/1 квартал 2025 выбрать' is clicked on

26-05-2025T06:28:11 - [TEST_STEP][PASSED] - click(findTestObject("Выручка в рублях/Применить в фильтре Дата")): Object: 'Object Repository/Выручка в рублях/Применить в фильтре Дата' is clicked on

26-05-2025T06:28:12 - [MESSAGE][PASSED] - Object: 'Object Repository/Выручка в рублях/Применить в фильтре Дата' is clicked on

26-05-2025T06:28:12 - [TEST_STEP][PASSED] - scrollToElement(findTestObject("Выручка в рублях/Заголовок дашборда"), 30): Scroll to object 'Object Repository/Выручка в рублях/Заголовок дашборда' successfully

26-05-2025T06:28:13 - [MESSAGE][PASSED] - Scroll to object 'Object Repository/Выручка в рублях/Заголовок дашборда' successfully

26-05-2025T06:28:13 - [TEST_STEP][PASSED] - delay(40): Delayed 40 second(s)

26-05-2025T06:28:53 - [MESSAGE][PASSED] - Delayed 40 second(s)

26-05-2025T06:28:53 - [TEST_STEP][PASSED] - a5 = "": null

26-05-2025T06:28:53 - [TEST_STEP][PASSED] - a6 = "": null

26-05-2025T06:28:53 - [TEST_STEP][PASSED] - a7 = "": null

26-05-2025T06:28:53 - [TEST_STEP][PASSED] - a8 = "": null

26-05-2025T06:28:53 - [TEST_STEP][PASSED] - a9 = "": null

26-05-2025T06:28:53 - [TEST_STEP][PASSED] - if (run == 1): null

26-05-2025T06:28:53 - [TEST_STEP][PASSED] - user = "админ": null

26-05-2025T06:28:53 - [TEST_STEP][PASSED] - a1 = getText(findTestObject("Выручка в рублях/График План")): Text of object 'Object Repository/Выручка в рублях/График План' is: '466 800'

26-05-2025T06:28:53 - [MESSAGE][PASSED] - Text of object 'Object Repository/Выручка в рублях/График План' is: '466 800'

26-05-2025T06:28:53 - [TEST_STEP][PASSED] - a2 = getText(findTestObject("Выручка в рублях/График Факт")): Text of object 'Object Repository/Выручка в рублях/График Факт' is: '463 075'

26-05-2025T06:28:53 - [MESSAGE][PASSED] - Text of object 'Object Repository/Выручка в рублях/График Факт' is: '463 075'

26-05-2025T06:28:53 - [TEST_STEP][PASSED] - a3 = getText(findTestObject("Выручка в рублях/График Отклонение выручки")): Text of object 'Object Repository/Выручка в рублях/График Отклонение выручки' is: 'Период
1 кв. 2025 года
Выручка
Все
Выполнение плановых показателей по ПАО Россети за 1 кв. 2025 года
План
Факт
Динамика
2025 год
0 млн.руб.
50 000 млн.руб.
100 000 млн.руб.
150 000 млн.руб.
200 000 млн.руб.
250 000 млн.руб.
300 000 млн.руб.
350 000 млн.руб.
400 000 млн.руб.
450 000 млн.руб.
500 000 млн.руб.
550 000 млн.руб.
466 800
463 075
↓
ДЗО 
Все
Внутренний оборот - выручка за услуги по передаче электрической энергии, учтенная в выручке за электроэнергию для конечных потребителей, при выполнении ДЗО функций гарантирующего поставщика
Подписи данных
⬤Отклонение
АО "РЭС"
АО «Тываэнерго»
АО «Чеченэнерго»
Россети Волга
Россети Кубань
Россети Ленэнерго (ГК)
Россети Московский регион
Россети Северный Кавказ (ГК)
Россети Северо-Запад
Россети Сибирь (ГК)
Россети Томск
Россети Тюмень
Россети Урал (ГК)
Россети ФСК ЕЭС
Россети Центр
Россети Центр и Приволжье (ГК)
Россети Юг (ГК)
Россети Янтарь
-4 000млн.руб.
-3 000млн.руб.
-2 000млн.руб.
-1 000млн.руб.
0млн.руб.
1 000млн.руб.
2 000млн.руб.
3 000млн.руб.
4 0…
-261
55
-27
-537
786
62
-3 345
-271
-253
876
-57
-2 765
-987
1 670
-805
-905
-11
3 047
млн.
%
Выручка
Отклонение выручки по ПАО Россети за 1 кв. 2025 года (факт/план, млн. руб)
ПАО Россети
-3 725.7 млн.руб.
 '

26-05-2025T06:28:54 - [MESSAGE][PASSED] - Text of object 'Object Repository/Выручка в рублях/График Отклонение выручки' is: 'Период
1 кв. 2025 года
Выручка
Все
Выполнение плановых показателей по ПАО Россети за 1 кв. 2025 года
План
Факт
Динамика
2025 год
0 млн.руб.
50 000 млн.руб.
100 000 млн.руб.
150 000 млн.руб.
200 000 млн.руб.
250 000 млн.руб.
300 000 млн.руб.
350 000 млн.руб.
400 000 млн.руб.
450 000 млн.руб.
500 000 млн.руб.
550 000 млн.руб.
466 800
463 075
↓
ДЗО 
Все
Внутренний оборот - выручка за услуги по передаче электрической энергии, учтенная в выручке за электроэнергию для конечных потребителей, при выполнении ДЗО функций гарантирующего поставщика
Подписи данных
⬤Отклонение
АО "РЭС"
АО «Тываэнерго»
АО «Чеченэнерго»
Россети Волга
Россети Кубань
Россети Ленэнерго (ГК)
Россети Московский регион
Россети Северный Кавказ (ГК)
Россети Северо-Запад
Россети Сибирь (ГК)
Россети Томск
Россети Тюмень
Россети Урал (ГК)
Россети ФСК ЕЭС
Россети Центр
Россети Центр и Приволжье (ГК)
Россети Юг (ГК)
Россети Янтарь
-4 000млн.руб.
-3 000млн.руб.
-2 000млн.руб.
-1 000млн.руб.
0млн.руб.
1 000млн.руб.
2 000млн.руб.
3 000млн.руб.
4 0…
-261
55
-27
-537
786
62
-3 345
-271
-253
876
-57
-2 765
-987
1 670
-805
-905
-11
3 047
млн.
%
Выручка
Отклонение выручки по ПАО Россети за 1 кв. 2025 года (факт/план, млн. руб)
ПАО Россети
-3 725.7 млн.руб.
 '

26-05-2025T06:28:54 - [TEST_STEP][PASSED] - a3 = a3.substring(a3.lastIndexOf("Отклонение")): null

26-05-2025T06:28:54 - [TEST_STEP][PASSED] - click(findTestObject("Выручка в рублях/Переключить отображение с млн на проценты Выручка в рублях")): Object: 'Object Repository/Выручка в рублях/Переключить отображение с млн на проценты Выручка в рублях' is clicked on

26-05-2025T06:28:54 - [MESSAGE][PASSED] - Object: 'Object Repository/Выручка в рублях/Переключить отображение с млн на проценты Выручка в рублях' is clicked on

26-05-2025T06:28:54 - [TEST_STEP][PASSED] - a4 = getText(findTestObject("Выручка в рублях/График Отклонение выручки")): Text of object 'Object Repository/Выручка в рублях/График Отклонение выручки' is: 'Период
1 кв. 2025 года
Выручка
Все
Выполнение плановых показателей по ПАО Россети за 1 кв. 2025 года
План
Факт
Динамика
2025 год
0 млн.руб.
50 000 млн.руб.
100 000 млн.руб.
150 000 млн.руб.
200 000 млн.руб.
250 000 млн.руб.
300 000 млн.руб.
350 000 млн.руб.
400 000 млн.руб.
450 000 млн.руб.
500 000 млн.руб.
550 000 млн.руб.
466 800
463 075
↓
ДЗО 
Все
Отклонение выручки по ПАО Россети за 1 кв. 2025 года (факт/план, %)
ПАО Россети
-0.8 %
Внутренний оборот - выручка за услуги по передаче электрической энергии, учтенная в выручке за электроэнергию для конечных потребителей, при выполнении ДЗО функций гарантирующего поставщика
⬤Отклонение
АО "РЭС"
АО «Тываэнерго»
АО «Чеченэнерго»
Россети Волга
Россети Кубань
Россети Ленэнерго (ГК)
Россети Московский регион
Россети Северный Кавказ (ГК)
Россети Северо-Запад
Россети Сибирь (ГК)
Россети Томск
Россети Тюмень
Россети Урал (ГК)
Россети ФСК ЕЭС
Россети Центр
Россети Центр и Приволжье (ГК)
Россети Юг (ГК)
Россети Янтарь
-10 %
0 %
10 %
-12 %
-7 %
-5 %
-2 %
3 %
5 %
8 %
-3.9 %
7.4 %
-1.94 %
-1.71 %
3.65 %
0.19 %
-5.06 %
-2.25 %
-1.28 %
2.77 %
-1.88 %
-9.44 %
-3.15 %
1.98 %
-2.23 %
-2.34 %
-0.05 %
Подписи данных
млн.
%
Выручка
 '

26-05-2025T06:28:55 - [MESSAGE][PASSED] - Text of object 'Object Repository/Выручка в рублях/График Отклонение выручки' is: 'Период
1 кв. 2025 года
Выручка
Все
Выполнение плановых показателей по ПАО Россети за 1 кв. 2025 года
План
Факт
Динамика
2025 год
0 млн.руб.
50 000 млн.руб.
100 000 млн.руб.
150 000 млн.руб.
200 000 млн.руб.
250 000 млн.руб.
300 000 млн.руб.
350 000 млн.руб.
400 000 млн.руб.
450 000 млн.руб.
500 000 млн.руб.
550 000 млн.руб.
466 800
463 075
↓
ДЗО 
Все
Отклонение выручки по ПАО Россети за 1 кв. 2025 года (факт/план, %)
ПАО Россети
-0.8 %
Внутренний оборот - выручка за услуги по передаче электрической энергии, учтенная в выручке за электроэнергию для конечных потребителей, при выполнении ДЗО функций гарантирующего поставщика
⬤Отклонение
АО "РЭС"
АО «Тываэнерго»
АО «Чеченэнерго»
Россети Волга
Россети Кубань
Россети Ленэнерго (ГК)
Россети Московский регион
Россети Северный Кавказ (ГК)
Россети Северо-Запад
Россети Сибирь (ГК)
Россети Томск
Россети Тюмень
Россети Урал (ГК)
Россети ФСК ЕЭС
Россети Центр
Россети Центр и Приволжье (ГК)
Россети Юг (ГК)
Россети Янтарь
-10 %
0 %
10 %
-12 %
-7 %
-5 %
-2 %
3 %
5 %
8 %
-3.9 %
7.4 %
-1.94 %
-1.71 %
3.65 %
0.19 %
-5.06 %
-2.25 %
-1.28 %
2.77 %
-1.88 %
-9.44 %
-3.15 %
1.98 %
-2.23 %
-2.34 %
-0.05 %
Подписи данных
млн.
%
Выручка
 '

26-05-2025T06:28:55 - [TEST_STEP][PASSED] - a4 = a4.substring(a4.lastIndexOf("Отклонение")): null

26-05-2025T06:28:55 - [TEST_STEP][PASSED] - click(findTestObject("Выручка в рублях/Переключить отображение с процентов на млн Выручка в рублях")): Object: 'Object Repository/Выручка в рублях/Переключить отображение с процентов на млн Выручка в рублях' is clicked on

26-05-2025T06:28:55 - [MESSAGE][PASSED] - Object: 'Object Repository/Выручка в рублях/Переключить отображение с процентов на млн Выручка в рублях' is clicked on

26-05-2025T06:28:55 - [TEST_STEP][PASSED] - n = n + 3: null

26-05-2025T06:28:55 - [TEST_STEP][PASSED] - Script1686231490255.WriteToExcel(user, dashboardName, n, data, run, a1, a2, a3, a4, a5, a6, a7, a8, a9): null

26-05-2025T06:28:55 - [TEST_STEP][PASSED] - sheetName = "Sheet1": null

26-05-2025T06:28:55 - [TEST_STEP][PASSED] - workbook01 = getWorkbook(excelFilePath): null

26-05-2025T06:28:55 - [TEST_STEP][PASSED] - sheet01 = getExcelSheet(workbook01, sheetName): null

26-05-2025T06:28:55 - [TEST_STEP][PASSED] - setValueToCellByIndex(sheet01, n, 0, dashboardName): null

26-05-2025T06:28:55 - [TEST_STEP][PASSED] - setValueToCellByIndex(sheet01, n, 10, user): null

26-05-2025T06:28:55 - [TEST_STEP][PASSED] - setValueToCellByIndex(sheet01, n, 1, a1): null

26-05-2025T06:28:55 - [TEST_STEP][PASSED] - setValueToCellByIndex(sheet01, n, 2, a2): null

26-05-2025T06:28:55 - [TEST_STEP][PASSED] - setValueToCellByIndex(sheet01, n, 3, a3): null

26-05-2025T06:28:55 - [TEST_STEP][PASSED] - setValueToCellByIndex(sheet01, n, 4, a4): null

26-05-2025T06:28:55 - [TEST_STEP][PASSED] - setValueToCellByIndex(sheet01, n, 5, a5): null

26-05-2025T06:28:55 - [TEST_STEP][PASSED] - setValueToCellByIndex(sheet01, n, 6, a6): null

26-05-2025T06:28:55 - [TEST_STEP][PASSED] - setValueToCellByIndex(sheet01, n, 7, a7): null

26-05-2025T06:28:55 - [TEST_STEP][PASSED] - setValueToCellByIndex(sheet01, n, 8, a8): null

26-05-2025T06:28:55 - [TEST_STEP][PASSED] - setValueToCellByIndex(sheet01, n, 9, a9): null

26-05-2025T06:28:55 - [TEST_STEP][PASSED] - n = n + 1: null

26-05-2025T06:28:55 - [TEST_STEP][PASSED] - saveWorkbook(excelFilePath, workbook01): null

26-05-2025T06:28:55 - [TEST_STEP][PASSED] - if (run == 2): null

26-05-2025T06:28:55 - [TEST_STEP][PASSED] - if (run == 3): null

26-05-2025T06:28:55 - [TEST_STEP][PASSED] - closeBrowser(): null

26-05-2025T06:28:56 - [MESSAGE][PASSED] - Browser is closed

26-05-2025T06:28:56 - [TEST_STEP][PASSED] - ViruchkaVRublyah(user, dashboardName, n, data, run, a1, a2, a3, a4, a5, a6, a7, a8, a9, urlData): null

26-05-2025T06:28:56 - [TEST_STEP][PASSED] - n = data.getRowNumbers() + 1: null

26-05-2025T06:28:56 - [TEST_STEP][PASSED] - println(n): null

26-05-2025T06:28:56 - [TEST_STEP][PASSED] - dashboardName = "Вырука в рублях": null

26-05-2025T06:28:56 - [TEST_STEP][PASSED] - openBrowser(""): Browser is opened with url: ''

26-05-2025T06:28:56 - [MESSAGE][INFO] - Starting 'Chrome' driver

26-05-2025T06:28:56 - [MESSAGE][INFO] - Action delay is set to 0 milliseconds

26-05-2025T06:28:56 - [MESSAGE][PASSED] - Browser is opened with url: ''

26-05-2025T06:28:56 - [TEST_STEP][PASSED] - urlData = 2: null

26-05-2025T06:28:56 - [TEST_STEP][PASSED] - Script1686231490255.CheckPageDownload(urlData, run): null

26-05-2025T06:28:56 - [TEST_STEP][PASSED] - i = 1: null

26-05-2025T06:28:56 - [TEST_STEP][PASSED] - ii = 0: null

26-05-2025T06:28:56 - [TEST_STEP][PASSED] - urlText = <not implemented yet for class: org.codehaus.groovy.ast.expr.EmptyExpression>: null

26-05-2025T06:28:56 - [TEST_STEP][PASSED] - searchWord = <not implemented yet for class: org.codehaus.groovy.ast.expr.EmptyExpression>: null

26-05-2025T06:28:56 - [TEST_STEP][PASSED] - deleteAllCookies(): Delete all cookies successfully

26-05-2025T06:28:56 - [MESSAGE][PASSED] - Delete all cookies successfully

26-05-2025T06:28:56 - [TEST_STEP][PASSED] - refresh(): Refresh successfully

26-05-2025T06:28:57 - [MESSAGE][PASSED] - Refresh successfully

26-05-2025T06:28:57 - [TEST_STEP][PASSED] - delay(40): Delayed 40 second(s)

26-05-2025T06:29:37 - [MESSAGE][PASSED] - Delayed 40 second(s)

26-05-2025T06:29:37 - [TEST_STEP][PASSED] - navigateToUrl(findTestData("PlanFact").getValue(10, urlData)): Navigate to 'https://bi.rosseti.digital/viewer?dashboardGuid=2301950b23be4ed89c1df75f2020051e&sheetGuid=b723206f698544fb87299f3095c00435&fit=true' successfully

26-05-2025T06:29:38 - [MESSAGE][PASSED] - Navigate to 'https://bi.rosseti.digital/viewer?dashboardGuid=2301950b23be4ed89c1df75f2020051e&sheetGuid=b723206f698544fb87299f3095c00435&fit=true' successfully

26-05-2025T06:29:38 - [TEST_STEP][PASSED] - pageLoaded1 = verifyElementPresent(findTestObject("Страница авторизации/Text"), 30): Object 'Object Repository/Страница авторизации/Text' is present

26-05-2025T06:29:39 - [MESSAGE][PASSED] - Object 'Object Repository/Страница авторизации/Text' is present

26-05-2025T06:29:39 - [TEST_STEP][PASSED] - if (pageLoaded1 == false): null

26-05-2025T06:29:39 - [TEST_STEP][PASSED] - urlText = getText(findTestObject("Страница авторизации/Text")): Text of object 'Object Repository/Страница авторизации/Text' is: 'Вход'

26-05-2025T06:29:40 - [MESSAGE][PASSED] - Text of object 'Object Repository/Страница авторизации/Text' is: 'Вход'

26-05-2025T06:29:40 - [TEST_STEP][PASSED] - delay(40): Delayed 40 second(s)

26-05-2025T06:30:20 - [MESSAGE][PASSED] - Delayed 40 second(s)

26-05-2025T06:30:20 - [TEST_STEP][PASSED] - searchWord = "Вход": null

26-05-2025T06:30:20 - [TEST_STEP][PASSED] - if (urlText.contains(searchWord) == false): null

26-05-2025T06:30:20 - [TEST_STEP][PASSED] - setText(findTestObject("Страница авторизации/input__username"), findTestData("PlanFact").getValue(8, run)): Text 'Andreeva-EV' is set on object 'Object Repository/Страница авторизации/input__username'

26-05-2025T06:30:20 - [MESSAGE][PASSED] - Text 'Andreeva-EV' is set on object 'Object Repository/Страница авторизации/input__username'

26-05-2025T06:30:20 - [TEST_STEP][PASSED] - setText(findTestObject("Страница авторизации/input__password"), findTestData("PlanFact").getValue(9, run)): Text '2nPePKDwCPH3ul7xMZ' is set on object 'Object Repository/Страница авторизации/input__password'

26-05-2025T06:30:21 - [MESSAGE][PASSED] - Text '2nPePKDwCPH3ul7xMZ' is set on object 'Object Repository/Страница авторизации/input__password'

26-05-2025T06:30:21 - [TEST_STEP][PASSED] - click(findTestObject("Страница авторизации/button_")): Object: 'Object Repository/Страница авторизации/button_' is clicked on

26-05-2025T06:30:22 - [MESSAGE][PASSED] - Object: 'Object Repository/Страница авторизации/button_' is clicked on

26-05-2025T06:30:22 - [TEST_STEP][PASSED] - delay(40): Delayed 40 second(s)

26-05-2025T06:31:02 - [MESSAGE][PASSED] - Delayed 40 second(s)

26-05-2025T06:31:02 - [TEST_STEP][PASSED] - searchWord = "а": null

26-05-2025T06:31:02 - [TEST_STEP][PASSED] - pageLoaded2 = verifyElementPresent(findTestObject("Страница авторизации/Text"), 50): Object 'Object Repository/Страница авторизации/Text' is present

26-05-2025T06:31:02 - [MESSAGE][PASSED] - Object 'Object Repository/Страница авторизации/Text' is present

26-05-2025T06:31:02 - [TEST_STEP][PASSED] - if (pageLoaded2 == false): null

26-05-2025T06:31:02 - [TEST_STEP][PASSED] - urlText = getText(findTestObject("Страница авторизации/Text")): Text of object 'Object Repository/Страница авторизации/Text' is: 'Период
1 кв. 2025 года
Выручка
Все
Выполнение плановых показателей по ПАО Россети за 1 кв. 2025 года
План
Факт
Динамика
2025 год
0 млн.руб.
50 000 млн.руб.
100 000 млн.руб.
150 000 млн.руб.
200 000 млн.руб.
250 000 млн.руб.
300 000 млн.руб.
350 000 млн.руб.
400 000 млн.руб.
450 000 млн.руб.
500 000 млн.руб.
550 000 млн.руб.
466 800
463 075
↓
ДЗО 
Все
Внутренний оборот - выручка за услуги по передаче электрической энергии, учтенная в выручке за электроэнергию для конечных потребителей, при выполнении ДЗО функций гарантирующего поставщика
Подписи данных
⬤Отклонение
АО "РЭС"
АО «Тываэнерго»
АО «Чеченэнерго»
Россети Волга
Россети Кубань
Россети Ленэнерго (ГК)
Россети Московский регион
Россети Северный Кавказ (ГК)
Россети Северо-Запад
Россети Сибирь (ГК)
Россети Томск
Россети Тюмень
Россети Урал (ГК)
Россети ФСК ЕЭС
Россети Центр
Россети Центр и Приволжье (ГК)
Россети Юг (ГК)
Россети Янтарь
-4 000млн.руб.
-3 000млн.руб.
-2 000млн.руб.
-1 000млн.руб.
0млн.руб.
1 000млн.руб.
2 000млн.руб.
3 000млн.руб.
4 0…
-261
55
-27
-537
786
62
-3 345
-271
-253
876
-57
-2 765
-987
1 670
-805
-905
-11
3 047
млн.
%
Выручка
Отклонение выручки по ПАО Россети за 1 кв. 2025 года (факт/план, млн. руб)
ПАО Россети
-3 725.7 млн.руб.
 '

26-05-2025T06:31:03 - [MESSAGE][PASSED] - Text of object 'Object Repository/Страница авторизации/Text' is: 'Период
1 кв. 2025 года
Выручка
Все
Выполнение плановых показателей по ПАО Россети за 1 кв. 2025 года
План
Факт
Динамика
2025 год
0 млн.руб.
50 000 млн.руб.
100 000 млн.руб.
150 000 млн.руб.
200 000 млн.руб.
250 000 млн.руб.
300 000 млн.руб.
350 000 млн.руб.
400 000 млн.руб.
450 000 млн.руб.
500 000 млн.руб.
550 000 млн.руб.
466 800
463 075
↓
ДЗО 
Все
Внутренний оборот - выручка за услуги по передаче электрической энергии, учтенная в выручке за электроэнергию для конечных потребителей, при выполнении ДЗО функций гарантирующего поставщика
Подписи данных
⬤Отклонение
АО "РЭС"
АО «Тываэнерго»
АО «Чеченэнерго»
Россети Волга
Россети Кубань
Россети Ленэнерго (ГК)
Россети Московский регион
Россети Северный Кавказ (ГК)
Россети Северо-Запад
Россети Сибирь (ГК)
Россети Томск
Россети Тюмень
Россети Урал (ГК)
Россети ФСК ЕЭС
Россети Центр
Россети Центр и Приволжье (ГК)
Россети Юг (ГК)
Россети Янтарь
-4 000млн.руб.
-3 000млн.руб.
-2 000млн.руб.
-1 000млн.руб.
0млн.руб.
1 000млн.руб.
2 000млн.руб.
3 000млн.руб.
4 0…
-261
55
-27
-537
786
62
-3 345
-271
-253
876
-57
-2 765
-987
1 670
-805
-905
-11
3 047
млн.
%
Выручка
Отклонение выручки по ПАО Россети за 1 кв. 2025 года (факт/план, млн. руб)
ПАО Россети
-3 725.7 млн.руб.
 '

26-05-2025T06:31:03 - [TEST_STEP][PASSED] - if (urlText.contains("ошибка") || urlText.contains(searchWord) == false): null

26-05-2025T06:31:03 - [TEST_STEP][PASSED] - click(findTestObject("Выручка в рублях/Фильтр Период")): Object: 'Object Repository/Выручка в рублях/Фильтр Период' is clicked on

26-05-2025T06:31:03 - [MESSAGE][PASSED] - Object: 'Object Repository/Выручка в рублях/Фильтр Период' is clicked on

26-05-2025T06:31:03 - [TEST_STEP][PASSED] - click(findTestObject("Выручка в рублях/Снять выделение в фильтре Дата")): Object: 'Object Repository/Выручка в рублях/Снять выделение в фильтре Дата' is clicked on

26-05-2025T06:31:04 - [MESSAGE][PASSED] - Object: 'Object Repository/Выручка в рублях/Снять выделение в фильтре Дата' is clicked on

26-05-2025T06:31:04 - [TEST_STEP][PASSED] - click(findTestObject("Выручка в рублях/Применить в фильтре Дата")): Object: 'Object Repository/Выручка в рублях/Применить в фильтре Дата' is clicked on

26-05-2025T06:31:04 - [MESSAGE][PASSED] - Object: 'Object Repository/Выручка в рублях/Применить в фильтре Дата' is clicked on

26-05-2025T06:31:04 - [TEST_STEP][PASSED] - click(findTestObject("Выручка в рублях/Фильтр Период")): Object: 'Object Repository/Выручка в рублях/Фильтр Период' is clicked on

26-05-2025T06:31:06 - [MESSAGE][PASSED] - Object: 'Object Repository/Выручка в рублях/Фильтр Период' is clicked on

26-05-2025T06:31:06 - [TEST_STEP][PASSED] - click(findTestObject("Выручка в рублях/Снять выделение в фильтре Дата")): Object: 'Object Repository/Выручка в рублях/Снять выделение в фильтре Дата' is clicked on

26-05-2025T06:31:06 - [MESSAGE][PASSED] - Object: 'Object Repository/Выручка в рублях/Снять выделение в фильтре Дата' is clicked on

26-05-2025T06:31:06 - [TEST_STEP][PASSED] - scrollToElement(findTestObject("Выручка в рублях/2025 список"), 30): Scroll to object 'Object Repository/Выручка в рублях/2025 список' successfully

26-05-2025T06:31:06 - [MESSAGE][PASSED] - Scroll to object 'Object Repository/Выручка в рублях/2025 список' successfully

26-05-2025T06:31:06 - [TEST_STEP][PASSED] - click(findTestObject("Выручка в рублях/2025 список")): Object: 'Object Repository/Выручка в рублях/2025 список' is clicked on

26-05-2025T06:31:07 - [MESSAGE][PASSED] - Object: 'Object Repository/Выручка в рублях/2025 список' is clicked on

26-05-2025T06:31:07 - [TEST_STEP][PASSED] - scrollToElement(findTestObject("Выручка в рублях/1 квартал 2025 список"), 30): Scroll to object 'Object Repository/Выручка в рублях/1 квартал 2025 список' successfully

26-05-2025T06:31:07 - [MESSAGE][PASSED] - Scroll to object 'Object Repository/Выручка в рублях/1 квартал 2025 список' successfully

26-05-2025T06:31:07 - [TEST_STEP][PASSED] - click(findTestObject("Выручка в рублях/1 квартал 2025 выбрать"), CONTINUE_ON_FAILURE): Object: 'Object Repository/Выручка в рублях/1 квартал 2025 выбрать' is clicked on

26-05-2025T06:31:08 - [MESSAGE][PASSED] - Object: 'Object Repository/Выручка в рублях/1 квартал 2025 выбрать' is clicked on

26-05-2025T06:31:08 - [TEST_STEP][PASSED] - click(findTestObject("Выручка в рублях/Применить в фильтре Дата")): Object: 'Object Repository/Выручка в рублях/Применить в фильтре Дата' is clicked on

26-05-2025T06:31:08 - [MESSAGE][PASSED] - Object: 'Object Repository/Выручка в рублях/Применить в фильтре Дата' is clicked on

26-05-2025T06:31:08 - [TEST_STEP][PASSED] - scrollToElement(findTestObject("Выручка в рублях/Заголовок дашборда"), 30): Scroll to object 'Object Repository/Выручка в рублях/Заголовок дашборда' successfully

26-05-2025T06:31:09 - [MESSAGE][PASSED] - Scroll to object 'Object Repository/Выручка в рублях/Заголовок дашборда' successfully

26-05-2025T06:31:09 - [TEST_STEP][PASSED] - delay(40): Delayed 40 second(s)

26-05-2025T06:31:49 - [MESSAGE][PASSED] - Delayed 40 second(s)

26-05-2025T06:31:49 - [TEST_STEP][PASSED] - a5 = "": null

26-05-2025T06:31:49 - [TEST_STEP][PASSED] - a6 = "": null

26-05-2025T06:31:49 - [TEST_STEP][PASSED] - a7 = "": null

26-05-2025T06:31:49 - [TEST_STEP][PASSED] - a8 = "": null

26-05-2025T06:31:49 - [TEST_STEP][PASSED] - a9 = "": null

26-05-2025T06:31:49 - [TEST_STEP][PASSED] - if (run == 1): null

26-05-2025T06:31:49 - [TEST_STEP][PASSED] - if (run == 2): null

26-05-2025T06:31:49 - [TEST_STEP][PASSED] - user = "Андреева": null

26-05-2025T06:31:49 - [TEST_STEP][PASSED] - a1 = getText(findTestObject("Выручка в рублях/График План")): Text of object 'Object Repository/Выручка в рублях/График План' is: '466 800'

26-05-2025T06:31:50 - [MESSAGE][PASSED] - Text of object 'Object Repository/Выручка в рублях/График План' is: '466 800'

26-05-2025T06:31:50 - [TEST_STEP][PASSED] - a2 = getText(findTestObject("Выручка в рублях/График Факт")): Text of object 'Object Repository/Выручка в рублях/График Факт' is: '463 075'

26-05-2025T06:31:50 - [MESSAGE][PASSED] - Text of object 'Object Repository/Выручка в рублях/График Факт' is: '463 075'

26-05-2025T06:31:50 - [TEST_STEP][PASSED] - a3 = getText(findTestObject("Выручка в рублях/График Отклонение выручки")): Text of object 'Object Repository/Выручка в рублях/График Отклонение выручки' is: 'Период
1 кв. 2025 года
Выручка
Все
Выполнение плановых показателей по ПАО Россети за 1 кв. 2025 года
План
Факт
Динамика
2025 год
0 млн.руб.
50 000 млн.руб.
100 000 млн.руб.
150 000 млн.руб.
200 000 млн.руб.
250 000 млн.руб.
300 000 млн.руб.
350 000 млн.руб.
400 000 млн.руб.
450 000 млн.руб.
500 000 млн.руб.
550 000 млн.руб.
466 800
463 075
↓
ДЗО 
Все
Внутренний оборот - выручка за услуги по передаче электрической энергии, учтенная в выручке за электроэнергию для конечных потребителей, при выполнении ДЗО функций гарантирующего поставщика
Подписи данных
⬤Отклонение
АО "РЭС"
АО «Тываэнерго»
АО «Чеченэнерго»
Россети Волга
Россети Кубань
Россети Ленэнерго (ГК)
Россети Московский регион
Россети Северный Кавказ (ГК)
Россети Северо-Запад
Россети Сибирь (ГК)
Россети Томск
Россети Тюмень
Россети Урал (ГК)
Россети ФСК ЕЭС
Россети Центр
Россети Центр и Приволжье (ГК)
Россети Юг (ГК)
Россети Янтарь
-4 000млн.руб.
-3 000млн.руб.
-2 000млн.руб.
-1 000млн.руб.
0млн.руб.
1 000млн.руб.
2 000млн.руб.
3 000млн.руб.
4 0…
-261
55
-27
-537
786
62
-3 345
-271
-253
876
-57
-2 765
-987
1 670
-805
-905
-11
3 047
млн.
%
Выручка
Отклонение выручки по ПАО Россети за 1 кв. 2025 года (факт/план, млн. руб)
ПАО Россети
-3 725.7 млн.руб.
 '

26-05-2025T06:31:51 - [MESSAGE][PASSED] - Text of object 'Object Repository/Выручка в рублях/График Отклонение выручки' is: 'Период
1 кв. 2025 года
Выручка
Все
Выполнение плановых показателей по ПАО Россети за 1 кв. 2025 года
План
Факт
Динамика
2025 год
0 млн.руб.
50 000 млн.руб.
100 000 млн.руб.
150 000 млн.руб.
200 000 млн.руб.
250 000 млн.руб.
300 000 млн.руб.
350 000 млн.руб.
400 000 млн.руб.
450 000 млн.руб.
500 000 млн.руб.
550 000 млн.руб.
466 800
463 075
↓
ДЗО 
Все
Внутренний оборот - выручка за услуги по передаче электрической энергии, учтенная в выручке за электроэнергию для конечных потребителей, при выполнении ДЗО функций гарантирующего поставщика
Подписи данных
⬤Отклонение
АО "РЭС"
АО «Тываэнерго»
АО «Чеченэнерго»
Россети Волга
Россети Кубань
Россети Ленэнерго (ГК)
Россети Московский регион
Россети Северный Кавказ (ГК)
Россети Северо-Запад
Россети Сибирь (ГК)
Россети Томск
Россети Тюмень
Россети Урал (ГК)
Россети ФСК ЕЭС
Россети Центр
Россети Центр и Приволжье (ГК)
Россети Юг (ГК)
Россети Янтарь
-4 000млн.руб.
-3 000млн.руб.
-2 000млн.руб.
-1 000млн.руб.
0млн.руб.
1 000млн.руб.
2 000млн.руб.
3 000млн.руб.
4 0…
-261
55
-27
-537
786
62
-3 345
-271
-253
876
-57
-2 765
-987
1 670
-805
-905
-11
3 047
млн.
%
Выручка
Отклонение выручки по ПАО Россети за 1 кв. 2025 года (факт/план, млн. руб)
ПАО Россети
-3 725.7 млн.руб.
 '

26-05-2025T06:31:51 - [TEST_STEP][PASSED] - a3 = a3.substring(a3.lastIndexOf("Отклонение")): null

26-05-2025T06:31:51 - [TEST_STEP][PASSED] - click(findTestObject("Выручка в рублях/Переключить отображение с млн на проценты Выручка в рублях")): Object: 'Object Repository/Выручка в рублях/Переключить отображение с млн на проценты Выручка в рублях' is clicked on

26-05-2025T06:31:51 - [MESSAGE][PASSED] - Object: 'Object Repository/Выручка в рублях/Переключить отображение с млн на проценты Выручка в рублях' is clicked on

26-05-2025T06:31:51 - [TEST_STEP][PASSED] - a4 = getText(findTestObject("Выручка в рублях/График Отклонение выручки")): Text of object 'Object Repository/Выручка в рублях/График Отклонение выручки' is: 'Период
1 кв. 2025 года
Выручка
Все
Выполнение плановых показателей по ПАО Россети за 1 кв. 2025 года
План
Факт
Динамика
2025 год
0 млн.руб.
50 000 млн.руб.
100 000 млн.руб.
150 000 млн.руб.
200 000 млн.руб.
250 000 млн.руб.
300 000 млн.руб.
350 000 млн.руб.
400 000 млн.руб.
450 000 млн.руб.
500 000 млн.руб.
550 000 млн.руб.
466 800
463 075
↓
ДЗО 
Все
Отклонение выручки по ПАО Россети за 1 кв. 2025 года (факт/план, %)
ПАО Россети
-0.8 %
Внутренний оборот - выручка за услуги по передаче электрической энергии, учтенная в выручке за электроэнергию для конечных потребителей, при выполнении ДЗО функций гарантирующего поставщика
⬤Отклонение
АО "РЭС"
АО «Тываэнерго»
АО «Чеченэнерго»
Россети Волга
Россети Кубань
Россети Ленэнерго (ГК)
Россети Московский регион
Россети Северный Кавказ (ГК)
Россети Северо-Запад
Россети Сибирь (ГК)
Россети Томск
Россети Тюмень
Россети Урал (ГК)
Россети ФСК ЕЭС
Россети Центр
Россети Центр и Приволжье (ГК)
Россети Юг (ГК)
Россети Янтарь
-10 %
0 %
10 %
-12 %
-7 %
-5 %
-2 %
3 %
5 %
8 %
-3.9 %
7.4 %
-1.94 %
-1.71 %
3.65 %
0.19 %
-5.06 %
-2.25 %
-1.28 %
2.77 %
-1.88 %
-9.44 %
-3.15 %
1.98 %
-2.23 %
-2.34 %
-0.05 %
Подписи данных
млн.
%
Выручка
 '

26-05-2025T06:31:52 - [MESSAGE][PASSED] - Text of object 'Object Repository/Выручка в рублях/График Отклонение выручки' is: 'Период
1 кв. 2025 года
Выручка
Все
Выполнение плановых показателей по ПАО Россети за 1 кв. 2025 года
План
Факт
Динамика
2025 год
0 млн.руб.
50 000 млн.руб.
100 000 млн.руб.
150 000 млн.руб.
200 000 млн.руб.
250 000 млн.руб.
300 000 млн.руб.
350 000 млн.руб.
400 000 млн.руб.
450 000 млн.руб.
500 000 млн.руб.
550 000 млн.руб.
466 800
463 075
↓
ДЗО 
Все
Отклонение выручки по ПАО Россети за 1 кв. 2025 года (факт/план, %)
ПАО Россети
-0.8 %
Внутренний оборот - выручка за услуги по передаче электрической энергии, учтенная в выручке за электроэнергию для конечных потребителей, при выполнении ДЗО функций гарантирующего поставщика
⬤Отклонение
АО "РЭС"
АО «Тываэнерго»
АО «Чеченэнерго»
Россети Волга
Россети Кубань
Россети Ленэнерго (ГК)
Россети Московский регион
Россети Северный Кавказ (ГК)
Россети Северо-Запад
Россети Сибирь (ГК)
Россети Томск
Россети Тюмень
Россети Урал (ГК)
Россети ФСК ЕЭС
Россети Центр
Россети Центр и Приволжье (ГК)
Россети Юг (ГК)
Россети Янтарь
-10 %
0 %
10 %
-12 %
-7 %
-5 %
-2 %
3 %
5 %
8 %
-3.9 %
7.4 %
-1.94 %
-1.71 %
3.65 %
0.19 %
-5.06 %
-2.25 %
-1.28 %
2.77 %
-1.88 %
-9.44 %
-3.15 %
1.98 %
-2.23 %
-2.34 %
-0.05 %
Подписи данных
млн.
%
Выручка
 '

26-05-2025T06:31:52 - [TEST_STEP][PASSED] - a4 = a4.substring(a4.lastIndexOf("Отклонение")): null

26-05-2025T06:31:52 - [TEST_STEP][PASSED] - click(findTestObject("Выручка в рублях/Переключить отображение с процентов на млн Выручка в рублях")): Object: 'Object Repository/Выручка в рублях/Переключить отображение с процентов на млн Выручка в рублях' is clicked on

26-05-2025T06:31:52 - [MESSAGE][PASSED] - Object: 'Object Repository/Выручка в рублях/Переключить отображение с процентов на млн Выручка в рублях' is clicked on

26-05-2025T06:31:52 - [TEST_STEP][PASSED] - n = n + 4: null

26-05-2025T06:31:52 - [TEST_STEP][PASSED] - b = n - run + 1: null

26-05-2025T06:31:52 - [TEST_STEP][PASSED] - verifyEqual(findTestData("PlanFact").getValue(2, b), a1): Actual object '466 800' and expected object '466 800' are equal

26-05-2025T06:31:52 - [MESSAGE][PASSED] - Actual object '466 800' and expected object '466 800' are equal

26-05-2025T06:31:52 - [TEST_STEP][PASSED] - verifyEqual(findTestData("PlanFact").getValue(3, b), a2): Actual object '463 075' and expected object '463 075' are equal

26-05-2025T06:31:52 - [MESSAGE][PASSED] - Actual object '463 075' and expected object '463 075' are equal

26-05-2025T06:31:52 - [TEST_STEP][PASSED] - verifyEqual(findTestData("PlanFact").getValue(4, b), a3): Actual object 'Отклонение выручки по ПАО Россети за 1 кв. 2025 года (факт/план, млн. руб)
ПАО Россети
-3 725.7 млн.руб.
 ' and expected object 'Отклонение выручки по ПАО Россети за 1 кв. 2025 года (факт/план, млн. руб)
ПАО Россети
-3 725.7 млн.руб.
 ' are equal

26-05-2025T06:31:52 - [MESSAGE][PASSED] - Actual object 'Отклонение выручки по ПАО Россети за 1 кв. 2025 года (факт/план, млн. руб)
ПАО Россети
-3 725.7 млн.руб.
 ' and expected object 'Отклонение выручки по ПАО Россети за 1 кв. 2025 года (факт/план, млн. руб)
ПАО Россети
-3 725.7 млн.руб.
 ' are equal

26-05-2025T06:31:52 - [TEST_STEP][PASSED] - verifyEqual(findTestData("PlanFact").getValue(5, b), a4): Actual object 'Отклонение
АО "РЭС"
АО «Тываэнерго»
АО «Чеченэнерго»
Россети Волга
Россети Кубань
Россети Ленэнерго (ГК)
Россети Московский регион
Россети Северный Кавказ (ГК)
Россети Северо-Запад
Россети Сибирь (ГК)
Россети Томск
Россети Тюмень
Россети Урал (ГК)
Россети ФСК ЕЭС
Россети Центр
Россети Центр и Приволжье (ГК)
Россети Юг (ГК)
Россети Янтарь
-10 %
0 %
10 %
-12 %
-7 %
-5 %
-2 %
3 %
5 %
8 %
-3.9 %
7.4 %
-1.94 %
-1.71 %
3.65 %
0.19 %
-5.06 %
-2.25 %
-1.28 %
2.77 %
-1.88 %
-9.44 %
-3.15 %
1.98 %
-2.23 %
-2.34 %
-0.05 %
Подписи данных
млн.
%
Выручка
 ' and expected object 'Отклонение
АО "РЭС"
АО «Тываэнерго»
АО «Чеченэнерго»
Россети Волга
Россети Кубань
Россети Ленэнерго (ГК)
Россети Московский регион
Россети Северный Кавказ (ГК)
Россети Северо-Запад
Россети Сибирь (ГК)
Россети Томск
Россети Тюмень
Россети Урал (ГК)
Россети ФСК ЕЭС
Россети Центр
Россети Центр и Приволжье (ГК)
Россети Юг (ГК)
Россети Янтарь
-10 %
0 %
10 %
-12 %
-7 %
-5 %
-2 %
3 %
5 %
8 %
-3.9 %
7.4 %
-1.94 %
-1.71 %
3.65 %
0.19 %
-5.06 %
-2.25 %
-1.28 %
2.77 %
-1.88 %
-9.44 %
-3.15 %
1.98 %
-2.23 %
-2.34 %
-0.05 %
Подписи данных
млн.
%
Выручка
 ' are equal

26-05-2025T06:31:52 - [MESSAGE][PASSED] - Actual object 'Отклонение
АО "РЭС"
АО «Тываэнерго»
АО «Чеченэнерго»
Россети Волга
Россети Кубань
Россети Ленэнерго (ГК)
Россети Московский регион
Россети Северный Кавказ (ГК)
Россети Северо-Запад
Россети Сибирь (ГК)
Россети Томск
Россети Тюмень
Россети Урал (ГК)
Россети ФСК ЕЭС
Россети Центр
Россети Центр и Приволжье (ГК)
Россети Юг (ГК)
Россети Янтарь
-10 %
0 %
10 %
-12 %
-7 %
-5 %
-2 %
3 %
5 %
8 %
-3.9 %
7.4 %
-1.94 %
-1.71 %
3.65 %
0.19 %
-5.06 %
-2.25 %
-1.28 %
2.77 %
-1.88 %
-9.44 %
-3.15 %
1.98 %
-2.23 %
-2.34 %
-0.05 %
Подписи данных
млн.
%
Выручка
 ' and expected object 'Отклонение
АО "РЭС"
АО «Тываэнерго»
АО «Чеченэнерго»
Россети Волга
Россети Кубань
Россети Ленэнерго (ГК)
Россети Московский регион
Россети Северный Кавказ (ГК)
Россети Северо-Запад
Россети Сибирь (ГК)
Россети Томск
Россети Тюмень
Россети Урал (ГК)
Россети ФСК ЕЭС
Россети Центр
Россети Центр и Приволжье (ГК)
Россети Юг (ГК)
Россети Янтарь
-10 %
0 %
10 %
-12 %
-7 %
-5 %
-2 %
3 %
5 %
8 %
-3.9 %
7.4 %
-1.94 %
-1.71 %
3.65 %
0.19 %
-5.06 %
-2.25 %
-1.28 %
2.77 %
-1.88 %
-9.44 %
-3.15 %
1.98 %
-2.23 %
-2.34 %
-0.05 %
Подписи данных
млн.
%
Выручка
 ' are equal

26-05-2025T06:31:52 - [TEST_STEP][PASSED] - Script1686231490255.WriteToExcel(user, dashboardName, n, data, run, a1, a2, a3, a4, a5, a6, a7, a8, a9): null

26-05-2025T06:31:52 - [TEST_STEP][PASSED] - sheetName = "Sheet1": null

26-05-2025T06:31:52 - [TEST_STEP][PASSED] - workbook01 = getWorkbook(excelFilePath): null

26-05-2025T06:31:52 - [TEST_STEP][PASSED] - sheet01 = getExcelSheet(workbook01, sheetName): null

26-05-2025T06:31:52 - [TEST_STEP][PASSED] - setValueToCellByIndex(sheet01, n, 0, dashboardName): null

26-05-2025T06:31:52 - [TEST_STEP][PASSED] - setValueToCellByIndex(sheet01, n, 10, user): null

26-05-2025T06:31:52 - [TEST_STEP][PASSED] - setValueToCellByIndex(sheet01, n, 1, a1): null

26-05-2025T06:31:52 - [TEST_STEP][PASSED] - setValueToCellByIndex(sheet01, n, 2, a2): null

26-05-2025T06:31:52 - [TEST_STEP][PASSED] - setValueToCellByIndex(sheet01, n, 3, a3): null

26-05-2025T06:31:52 - [TEST_STEP][PASSED] - setValueToCellByIndex(sheet01, n, 4, a4): null

26-05-2025T06:31:52 - [TEST_STEP][PASSED] - setValueToCellByIndex(sheet01, n, 5, a5): null

26-05-2025T06:31:52 - [TEST_STEP][PASSED] - setValueToCellByIndex(sheet01, n, 6, a6): null

26-05-2025T06:31:52 - [TEST_STEP][PASSED] - setValueToCellByIndex(sheet01, n, 7, a7): null

26-05-2025T06:31:52 - [TEST_STEP][PASSED] - setValueToCellByIndex(sheet01, n, 8, a8): null

26-05-2025T06:31:52 - [TEST_STEP][PASSED] - setValueToCellByIndex(sheet01, n, 9, a9): null

26-05-2025T06:31:52 - [TEST_STEP][PASSED] - n = n + 1: null

26-05-2025T06:31:52 - [TEST_STEP][PASSED] - saveWorkbook(excelFilePath, workbook01): null

26-05-2025T06:31:52 - [TEST_STEP][PASSED] - if (run == 3): null

26-05-2025T06:31:52 - [TEST_STEP][PASSED] - closeBrowser(): null

26-05-2025T06:31:53 - [MESSAGE][PASSED] - Browser is closed

26-05-2025T06:31:53 - [TEST_STEP][PASSED] - ViruchkaVRublyah(user, dashboardName, n, data, run, a1, a2, a3, a4, a5, a6, a7, a8, a9, urlData): null

26-05-2025T06:31:53 - [TEST_STEP][PASSED] - n = data.getRowNumbers() + 1: null

26-05-2025T06:31:53 - [TEST_STEP][PASSED] - println(n): null

26-05-2025T06:31:53 - [TEST_STEP][PASSED] - dashboardName = "Вырука в рублях": null

26-05-2025T06:31:53 - [TEST_STEP][PASSED] - openBrowser(""): Browser is opened with url: ''

26-05-2025T06:31:53 - [MESSAGE][INFO] - Starting 'Chrome' driver

26-05-2025T06:31:53 - [MESSAGE][INFO] - Action delay is set to 0 milliseconds

26-05-2025T06:31:53 - [MESSAGE][PASSED] - Browser is opened with url: ''

26-05-2025T06:31:53 - [TEST_STEP][PASSED] - urlData = 2: null

26-05-2025T06:31:53 - [TEST_STEP][PASSED] - Script1686231490255.CheckPageDownload(urlData, run): null

26-05-2025T06:31:53 - [TEST_STEP][PASSED] - i = 1: null

26-05-2025T06:31:53 - [TEST_STEP][PASSED] - ii = 0: null

26-05-2025T06:31:53 - [TEST_STEP][PASSED] - urlText = <not implemented yet for class: org.codehaus.groovy.ast.expr.EmptyExpression>: null

26-05-2025T06:31:53 - [TEST_STEP][PASSED] - searchWord = <not implemented yet for class: org.codehaus.groovy.ast.expr.EmptyExpression>: null

26-05-2025T06:31:53 - [TEST_STEP][PASSED] - deleteAllCookies(): Delete all cookies successfully

26-05-2025T06:31:54 - [MESSAGE][PASSED] - Delete all cookies successfully

26-05-2025T06:31:54 - [TEST_STEP][PASSED] - refresh(): Refresh successfully

26-05-2025T06:31:54 - [MESSAGE][PASSED] - Refresh successfully

26-05-2025T06:31:54 - [TEST_STEP][PASSED] - delay(40): Delayed 40 second(s)

26-05-2025T06:32:34 - [MESSAGE][PASSED] - Delayed 40 second(s)

26-05-2025T06:32:34 - [TEST_STEP][PASSED] - navigateToUrl(findTestData("PlanFact").getValue(10, urlData)): Navigate to 'https://bi.rosseti.digital/viewer?dashboardGuid=2301950b23be4ed89c1df75f2020051e&sheetGuid=b723206f698544fb87299f3095c00435&fit=true' successfully

26-05-2025T06:32:35 - [MESSAGE][PASSED] - Navigate to 'https://bi.rosseti.digital/viewer?dashboardGuid=2301950b23be4ed89c1df75f2020051e&sheetGuid=b723206f698544fb87299f3095c00435&fit=true' successfully

26-05-2025T06:32:35 - [TEST_STEP][PASSED] - pageLoaded1 = verifyElementPresent(findTestObject("Страница авторизации/Text"), 30): Object 'Object Repository/Страница авторизации/Text' is present

26-05-2025T06:32:36 - [MESSAGE][PASSED] - Object 'Object Repository/Страница авторизации/Text' is present

26-05-2025T06:32:36 - [TEST_STEP][PASSED] - if (pageLoaded1 == false): null

26-05-2025T06:32:36 - [TEST_STEP][PASSED] - urlText = getText(findTestObject("Страница авторизации/Text")): Text of object 'Object Repository/Страница авторизации/Text' is: 'Вход'

26-05-2025T06:32:37 - [MESSAGE][PASSED] - Text of object 'Object Repository/Страница авторизации/Text' is: 'Вход'

26-05-2025T06:32:37 - [TEST_STEP][PASSED] - delay(40): Delayed 40 second(s)

26-05-2025T06:33:17 - [MESSAGE][PASSED] - Delayed 40 second(s)

26-05-2025T06:33:17 - [TEST_STEP][PASSED] - searchWord = "Вход": null

26-05-2025T06:33:17 - [TEST_STEP][PASSED] - if (urlText.contains(searchWord) == false): null

26-05-2025T06:33:17 - [TEST_STEP][PASSED] - setText(findTestObject("Страница авторизации/input__username"), findTestData("PlanFact").getValue(8, run)): Text 'Petrova-OV' is set on object 'Object Repository/Страница авторизации/input__username'

26-05-2025T06:33:17 - [MESSAGE][PASSED] - Text 'Petrova-OV' is set on object 'Object Repository/Страница авторизации/input__username'

26-05-2025T06:33:17 - [TEST_STEP][PASSED] - setText(findTestObject("Страница авторизации/input__password"), findTestData("PlanFact").getValue(9, run)): Text '4Ex@~R53r&3x&BVe7' is set on object 'Object Repository/Страница авторизации/input__password'

26-05-2025T06:33:18 - [MESSAGE][PASSED] - Text '4Ex@~R53r&3x&BVe7' is set on object 'Object Repository/Страница авторизации/input__password'

26-05-2025T06:33:18 - [TEST_STEP][PASSED] - click(findTestObject("Страница авторизации/button_")): Object: 'Object Repository/Страница авторизации/button_' is clicked on

26-05-2025T06:33:19 - [MESSAGE][PASSED] - Object: 'Object Repository/Страница авторизации/button_' is clicked on

26-05-2025T06:33:19 - [TEST_STEP][PASSED] - delay(40): Delayed 40 second(s)

26-05-2025T06:33:59 - [MESSAGE][PASSED] - Delayed 40 second(s)

26-05-2025T06:33:59 - [TEST_STEP][PASSED] - searchWord = "а": null

26-05-2025T06:33:59 - [TEST_STEP][PASSED] - pageLoaded2 = verifyElementPresent(findTestObject("Страница авторизации/Text"), 50): Object 'Object Repository/Страница авторизации/Text' is present

26-05-2025T06:33:59 - [MESSAGE][PASSED] - Object 'Object Repository/Страница авторизации/Text' is present

26-05-2025T06:33:59 - [TEST_STEP][PASSED] - if (pageLoaded2 == false): null

26-05-2025T06:33:59 - [TEST_STEP][PASSED] - urlText = getText(findTestObject("Страница авторизации/Text")): Text of object 'Object Repository/Страница авторизации/Text' is: 'Период
1 кв. 2025 года
Выручка
Все
Выполнение плановых показателей по ПАО Россети за 1 кв. 2025 года
План
Факт
Динамика
2025 год
0 млн.руб.
50 000 млн.руб.
100 000 млн.руб.
150 000 млн.руб.
200 000 млн.руб.
250 000 млн.руб.
300 000 млн.руб.
350 000 млн.руб.
400 000 млн.руб.
450 000 млн.руб.
500 000 млн.руб.
550 000 млн.руб.
466 800
463 075
↓
ДЗО 
Все
Внутренний оборот - выручка за услуги по передаче электрической энергии, учтенная в выручке за электроэнергию для конечных потребителей, при выполнении ДЗО функций гарантирующего поставщика
Подписи данных
⬤Отклонение
АО "РЭС"
АО «Тываэнерго»
АО «Чеченэнерго»
Россети Волга
Россети Кубань
Россети Ленэнерго (ГК)
Россети Московский регион
Россети Северный Кавказ (ГК)
Россети Северо-Запад
Россети Сибирь (ГК)
Россети Томск
Россети Тюмень
Россети Урал (ГК)
Россети ФСК ЕЭС
Россети Центр
Россети Центр и Приволжье (ГК)
Россети Юг (ГК)
Россети Янтарь
-4 000млн.руб.
-3 000млн.руб.
-2 000млн.руб.
-1 000млн.руб.
0млн.руб.
1 000млн.руб.
2 000млн.руб.
3 000млн.руб.
4 0…
-261
55
-27
-537
786
62
-3 345
-271
-253
876
-57
-2 765
-987
1 670
-805
-905
-11
3 047
млн.
%
Выручка
Отклонение выручки по ПАО Россети за 1 кв. 2025 года (факт/план, млн. руб)
ПАО Россети
-3 725.7 млн.руб.
 '

26-05-2025T06:34:00 - [MESSAGE][PASSED] - Text of object 'Object Repository/Страница авторизации/Text' is: 'Период
1 кв. 2025 года
Выручка
Все
Выполнение плановых показателей по ПАО Россети за 1 кв. 2025 года
План
Факт
Динамика
2025 год
0 млн.руб.
50 000 млн.руб.
100 000 млн.руб.
150 000 млн.руб.
200 000 млн.руб.
250 000 млн.руб.
300 000 млн.руб.
350 000 млн.руб.
400 000 млн.руб.
450 000 млн.руб.
500 000 млн.руб.
550 000 млн.руб.
466 800
463 075
↓
ДЗО 
Все
Внутренний оборот - выручка за услуги по передаче электрической энергии, учтенная в выручке за электроэнергию для конечных потребителей, при выполнении ДЗО функций гарантирующего поставщика
Подписи данных
⬤Отклонение
АО "РЭС"
АО «Тываэнерго»
АО «Чеченэнерго»
Россети Волга
Россети Кубань
Россети Ленэнерго (ГК)
Россети Московский регион
Россети Северный Кавказ (ГК)
Россети Северо-Запад
Россети Сибирь (ГК)
Россети Томск
Россети Тюмень
Россети Урал (ГК)
Россети ФСК ЕЭС
Россети Центр
Россети Центр и Приволжье (ГК)
Россети Юг (ГК)
Россети Янтарь
-4 000млн.руб.
-3 000млн.руб.
-2 000млн.руб.
-1 000млн.руб.
0млн.руб.
1 000млн.руб.
2 000млн.руб.
3 000млн.руб.
4 0…
-261
55
-27
-537
786
62
-3 345
-271
-253
876
-57
-2 765
-987
1 670
-805
-905
-11
3 047
млн.
%
Выручка
Отклонение выручки по ПАО Россети за 1 кв. 2025 года (факт/план, млн. руб)
ПАО Россети
-3 725.7 млн.руб.
 '

26-05-2025T06:34:00 - [TEST_STEP][PASSED] - if (urlText.contains("ошибка") || urlText.contains(searchWord) == false): null

26-05-2025T06:34:00 - [TEST_STEP][PASSED] - click(findTestObject("Выручка в рублях/Фильтр Период")): Object: 'Object Repository/Выручка в рублях/Фильтр Период' is clicked on

26-05-2025T06:34:01 - [MESSAGE][PASSED] - Object: 'Object Repository/Выручка в рублях/Фильтр Период' is clicked on

26-05-2025T06:34:01 - [TEST_STEP][PASSED] - click(findTestObject("Выручка в рублях/Снять выделение в фильтре Дата")): Object: 'Object Repository/Выручка в рублях/Снять выделение в фильтре Дата' is clicked on

26-05-2025T06:34:01 - [MESSAGE][PASSED] - Object: 'Object Repository/Выручка в рублях/Снять выделение в фильтре Дата' is clicked on

26-05-2025T06:34:01 - [TEST_STEP][PASSED] - click(findTestObject("Выручка в рублях/Применить в фильтре Дата")): Object: 'Object Repository/Выручка в рублях/Применить в фильтре Дата' is clicked on

26-05-2025T06:34:02 - [MESSAGE][PASSED] - Object: 'Object Repository/Выручка в рублях/Применить в фильтре Дата' is clicked on

26-05-2025T06:34:02 - [TEST_STEP][PASSED] - click(findTestObject("Выручка в рублях/Фильтр Период")): Object: 'Object Repository/Выручка в рублях/Фильтр Период' is clicked on

26-05-2025T06:34:03 - [MESSAGE][PASSED] - Object: 'Object Repository/Выручка в рублях/Фильтр Период' is clicked on

26-05-2025T06:34:03 - [TEST_STEP][PASSED] - click(findTestObject("Выручка в рублях/Снять выделение в фильтре Дата")): Object: 'Object Repository/Выручка в рублях/Снять выделение в фильтре Дата' is clicked on

26-05-2025T06:34:04 - [MESSAGE][PASSED] - Object: 'Object Repository/Выручка в рублях/Снять выделение в фильтре Дата' is clicked on

26-05-2025T06:34:04 - [TEST_STEP][PASSED] - scrollToElement(findTestObject("Выручка в рублях/2025 список"), 30): Scroll to object 'Object Repository/Выручка в рублях/2025 список' successfully

26-05-2025T06:34:04 - [MESSAGE][PASSED] - Scroll to object 'Object Repository/Выручка в рублях/2025 список' successfully

26-05-2025T06:34:04 - [TEST_STEP][PASSED] - click(findTestObject("Выручка в рублях/2025 список")): Object: 'Object Repository/Выручка в рублях/2025 список' is clicked on

26-05-2025T06:34:04 - [MESSAGE][PASSED] - Object: 'Object Repository/Выручка в рублях/2025 список' is clicked on

26-05-2025T06:34:04 - [TEST_STEP][PASSED] - scrollToElement(findTestObject("Выручка в рублях/1 квартал 2025 список"), 30): Scroll to object 'Object Repository/Выручка в рублях/1 квартал 2025 список' successfully

26-05-2025T06:34:05 - [MESSAGE][PASSED] - Scroll to object 'Object Repository/Выручка в рублях/1 квартал 2025 список' successfully

26-05-2025T06:34:05 - [TEST_STEP][PASSED] - click(findTestObject("Выручка в рублях/1 квартал 2025 выбрать"), CONTINUE_ON_FAILURE): Object: 'Object Repository/Выручка в рублях/1 квартал 2025 выбрать' is clicked on

26-05-2025T06:34:05 - [MESSAGE][PASSED] - Object: 'Object Repository/Выручка в рублях/1 квартал 2025 выбрать' is clicked on

26-05-2025T06:34:05 - [TEST_STEP][PASSED] - click(findTestObject("Выручка в рублях/Применить в фильтре Дата")): Object: 'Object Repository/Выручка в рублях/Применить в фильтре Дата' is clicked on

26-05-2025T06:34:06 - [MESSAGE][PASSED] - Object: 'Object Repository/Выручка в рублях/Применить в фильтре Дата' is clicked on

26-05-2025T06:34:06 - [TEST_STEP][PASSED] - scrollToElement(findTestObject("Выручка в рублях/Заголовок дашборда"), 30): Scroll to object 'Object Repository/Выручка в рублях/Заголовок дашборда' successfully

26-05-2025T06:34:07 - [MESSAGE][PASSED] - Scroll to object 'Object Repository/Выручка в рублях/Заголовок дашборда' successfully

26-05-2025T06:34:07 - [TEST_STEP][PASSED] - delay(40): Delayed 40 second(s)

26-05-2025T06:34:47 - [MESSAGE][PASSED] - Delayed 40 second(s)

26-05-2025T06:34:47 - [TEST_STEP][PASSED] - a5 = "": null

26-05-2025T06:34:47 - [TEST_STEP][PASSED] - a6 = "": null

26-05-2025T06:34:47 - [TEST_STEP][PASSED] - a7 = "": null

26-05-2025T06:34:47 - [TEST_STEP][PASSED] - a8 = "": null

26-05-2025T06:34:47 - [TEST_STEP][PASSED] - a9 = "": null

26-05-2025T06:34:47 - [TEST_STEP][PASSED] - if (run == 1): null

26-05-2025T06:34:47 - [TEST_STEP][PASSED] - if (run == 2): null

26-05-2025T06:34:47 - [TEST_STEP][PASSED] - if (run == 3): null

26-05-2025T06:34:47 - [TEST_STEP][PASSED] - user = "Попова": null

26-05-2025T06:34:47 - [TEST_STEP][PASSED] - a1 = getText(findTestObject("Выручка в рублях/График План")): Text of object 'Object Repository/Выручка в рублях/График План' is: '466 800'

26-05-2025T06:34:47 - [MESSAGE][PASSED] - Text of object 'Object Repository/Выручка в рублях/График План' is: '466 800'

26-05-2025T06:34:47 - [TEST_STEP][PASSED] - a2 = getText(findTestObject("Выручка в рублях/График Факт")): Text of object 'Object Repository/Выручка в рублях/График Факт' is: '463 075'

26-05-2025T06:34:48 - [MESSAGE][PASSED] - Text of object 'Object Repository/Выручка в рублях/График Факт' is: '463 075'

26-05-2025T06:34:48 - [TEST_STEP][PASSED] - a3 = getText(findTestObject("Выручка в рублях/График Отклонение выручки")): Text of object 'Object Repository/Выручка в рублях/График Отклонение выручки' is: 'Период
1 кв. 2025 года
Выручка
Все
Выполнение плановых показателей по ПАО Россети за 1 кв. 2025 года
План
Факт
Динамика
2025 год
0 млн.руб.
50 000 млн.руб.
100 000 млн.руб.
150 000 млн.руб.
200 000 млн.руб.
250 000 млн.руб.
300 000 млн.руб.
350 000 млн.руб.
400 000 млн.руб.
450 000 млн.руб.
500 000 млн.руб.
550 000 млн.руб.
466 800
463 075
↓
ДЗО 
Все
Внутренний оборот - выручка за услуги по передаче электрической энергии, учтенная в выручке за электроэнергию для конечных потребителей, при выполнении ДЗО функций гарантирующего поставщика
Подписи данных
⬤Отклонение
АО "РЭС"
АО «Тываэнерго»
АО «Чеченэнерго»
Россети Волга
Россети Кубань
Россети Ленэнерго (ГК)
Россети Московский регион
Россети Северный Кавказ (ГК)
Россети Северо-Запад
Россети Сибирь (ГК)
Россети Томск
Россети Тюмень
Россети Урал (ГК)
Россети ФСК ЕЭС
Россети Центр
Россети Центр и Приволжье (ГК)
Россети Юг (ГК)
Россети Янтарь
-4 000млн.руб.
-3 000млн.руб.
-2 000млн.руб.
-1 000млн.руб.
0млн.руб.
1 000млн.руб.
2 000млн.руб.
3 000млн.руб.
4 0…
-261
55
-27
-537
786
62
-3 345
-271
-253
876
-57
-2 765
-987
1 670
-805
-905
-11
3 047
млн.
%
Выручка
Отклонение выручки по ПАО Россети за 1 кв. 2025 года (факт/план, млн. руб)
ПАО Россети
-3 725.7 млн.руб.
 '

26-05-2025T06:34:48 - [MESSAGE][PASSED] - Text of object 'Object Repository/Выручка в рублях/График Отклонение выручки' is: 'Период
1 кв. 2025 года
Выручка
Все
Выполнение плановых показателей по ПАО Россети за 1 кв. 2025 года
План
Факт
Динамика
2025 год
0 млн.руб.
50 000 млн.руб.
100 000 млн.руб.
150 000 млн.руб.
200 000 млн.руб.
250 000 млн.руб.
300 000 млн.руб.
350 000 млн.руб.
400 000 млн.руб.
450 000 млн.руб.
500 000 млн.руб.
550 000 млн.руб.
466 800
463 075
↓
ДЗО 
Все
Внутренний оборот - выручка за услуги по передаче электрической энергии, учтенная в выручке за электроэнергию для конечных потребителей, при выполнении ДЗО функций гарантирующего поставщика
Подписи данных
⬤Отклонение
АО "РЭС"
АО «Тываэнерго»
АО «Чеченэнерго»
Россети Волга
Россети Кубань
Россети Ленэнерго (ГК)
Россети Московский регион
Россети Северный Кавказ (ГК)
Россети Северо-Запад
Россети Сибирь (ГК)
Россети Томск
Россети Тюмень
Россети Урал (ГК)
Россети ФСК ЕЭС
Россети Центр
Россети Центр и Приволжье (ГК)
Россети Юг (ГК)
Россети Янтарь
-4 000млн.руб.
-3 000млн.руб.
-2 000млн.руб.
-1 000млн.руб.
0млн.руб.
1 000млн.руб.
2 000млн.руб.
3 000млн.руб.
4 0…
-261
55
-27
-537
786
62
-3 345
-271
-253
876
-57
-2 765
-987
1 670
-805
-905
-11
3 047
млн.
%
Выручка
Отклонение выручки по ПАО Россети за 1 кв. 2025 года (факт/план, млн. руб)
ПАО Россети
-3 725.7 млн.руб.
 '

26-05-2025T06:34:48 - [TEST_STEP][PASSED] - a3 = a3.substring(a3.lastIndexOf("Отклонение")): null

26-05-2025T06:34:48 - [TEST_STEP][PASSED] - click(findTestObject("Выручка в рублях/Переключить отображение с млн на проценты Выручка в рублях")): Object: 'Object Repository/Выручка в рублях/Переключить отображение с млн на проценты Выручка в рублях' is clicked on

26-05-2025T06:34:49 - [MESSAGE][PASSED] - Object: 'Object Repository/Выручка в рублях/Переключить отображение с млн на проценты Выручка в рублях' is clicked on

26-05-2025T06:34:49 - [TEST_STEP][PASSED] - a4 = getText(findTestObject("Выручка в рублях/График Отклонение выручки")): Text of object 'Object Repository/Выручка в рублях/График Отклонение выручки' is: 'Период
1 кв. 2025 года
Выручка
Все
Выполнение плановых показателей по ПАО Россети за 1 кв. 2025 года
План
Факт
Динамика
2025 год
0 млн.руб.
50 000 млн.руб.
100 000 млн.руб.
150 000 млн.руб.
200 000 млн.руб.
250 000 млн.руб.
300 000 млн.руб.
350 000 млн.руб.
400 000 млн.руб.
450 000 млн.руб.
500 000 млн.руб.
550 000 млн.руб.
466 800
463 075
↓
ДЗО 
Все
Отклонение выручки по ПАО Россети за 1 кв. 2025 года (факт/план, %)
ПАО Россети
-0.8 %
Внутренний оборот - выручка за услуги по передаче электрической энергии, учтенная в выручке за электроэнергию для конечных потребителей, при выполнении ДЗО функций гарантирующего поставщика
⬤Отклонение
АО "РЭС"
АО «Тываэнерго»
АО «Чеченэнерго»
Россети Волга
Россети Кубань
Россети Ленэнерго (ГК)
Россети Московский регион
Россети Северный Кавказ (ГК)
Россети Северо-Запад
Россети Сибирь (ГК)
Россети Томск
Россети Тюмень
Россети Урал (ГК)
Россети ФСК ЕЭС
Россети Центр
Россети Центр и Приволжье (ГК)
Россети Юг (ГК)
Россети Янтарь
-10 %
0 %
10 %
-12 %
-7 %
-5 %
-2 %
3 %
5 %
8 %
-3.9 %
7.4 %
-1.94 %
-1.71 %
3.65 %
0.19 %
-5.06 %
-2.25 %
-1.28 %
2.77 %
-1.88 %
-9.44 %
-3.15 %
1.98 %
-2.23 %
-2.34 %
-0.05 %
Подписи данных
млн.
%
Выручка
 '

26-05-2025T06:34:49 - [MESSAGE][PASSED] - Text of object 'Object Repository/Выручка в рублях/График Отклонение выручки' is: 'Период
1 кв. 2025 года
Выручка
Все
Выполнение плановых показателей по ПАО Россети за 1 кв. 2025 года
План
Факт
Динамика
2025 год
0 млн.руб.
50 000 млн.руб.
100 000 млн.руб.
150 000 млн.руб.
200 000 млн.руб.
250 000 млн.руб.
300 000 млн.руб.
350 000 млн.руб.
400 000 млн.руб.
450 000 млн.руб.
500 000 млн.руб.
550 000 млн.руб.
466 800
463 075
↓
ДЗО 
Все
Отклонение выручки по ПАО Россети за 1 кв. 2025 года (факт/план, %)
ПАО Россети
-0.8 %
Внутренний оборот - выручка за услуги по передаче электрической энергии, учтенная в выручке за электроэнергию для конечных потребителей, при выполнении ДЗО функций гарантирующего поставщика
⬤Отклонение
АО "РЭС"
АО «Тываэнерго»
АО «Чеченэнерго»
Россети Волга
Россети Кубань
Россети Ленэнерго (ГК)
Россети Московский регион
Россети Северный Кавказ (ГК)
Россети Северо-Запад
Россети Сибирь (ГК)
Россети Томск
Россети Тюмень
Россети Урал (ГК)
Россети ФСК ЕЭС
Россети Центр
Россети Центр и Приволжье (ГК)
Россети Юг (ГК)
Россети Янтарь
-10 %
0 %
10 %
-12 %
-7 %
-5 %
-2 %
3 %
5 %
8 %
-3.9 %
7.4 %
-1.94 %
-1.71 %
3.65 %
0.19 %
-5.06 %
-2.25 %
-1.28 %
2.77 %
-1.88 %
-9.44 %
-3.15 %
1.98 %
-2.23 %
-2.34 %
-0.05 %
Подписи данных
млн.
%
Выручка
 '

26-05-2025T06:34:49 - [TEST_STEP][PASSED] - a4 = a4.substring(a4.lastIndexOf("Отклонение")): null

26-05-2025T06:34:49 - [TEST_STEP][PASSED] - click(findTestObject("Выручка в рублях/Переключить отображение с процентов на млн Выручка в рублях")): Object: 'Object Repository/Выручка в рублях/Переключить отображение с процентов на млн Выручка в рублях' is clicked on

26-05-2025T06:34:49 - [MESSAGE][PASSED] - Object: 'Object Repository/Выручка в рублях/Переключить отображение с процентов на млн Выручка в рублях' is clicked on

26-05-2025T06:34:49 - [TEST_STEP][PASSED] - n = n + 5: null

26-05-2025T06:34:49 - [TEST_STEP][PASSED] - b = n - run + 1: null

26-05-2025T06:34:49 - [TEST_STEP][PASSED] - verifyEqual(findTestData("PlanFact").getValue(2, b), a1): Actual object '466 800' and expected object '466 800' are equal

26-05-2025T06:34:50 - [MESSAGE][PASSED] - Actual object '466 800' and expected object '466 800' are equal

26-05-2025T06:34:50 - [TEST_STEP][PASSED] - verifyEqual(findTestData("PlanFact").getValue(3, b), a2): Actual object '463 075' and expected object '463 075' are equal

26-05-2025T06:34:50 - [MESSAGE][PASSED] - Actual object '463 075' and expected object '463 075' are equal

26-05-2025T06:34:50 - [TEST_STEP][PASSED] - verifyEqual(findTestData("PlanFact").getValue(4, b), a3): Actual object 'Отклонение выручки по ПАО Россети за 1 кв. 2025 года (факт/план, млн. руб)
ПАО Россети
-3 725.7 млн.руб.
 ' and expected object 'Отклонение выручки по ПАО Россети за 1 кв. 2025 года (факт/план, млн. руб)
ПАО Россети
-3 725.7 млн.руб.
 ' are equal

26-05-2025T06:34:50 - [MESSAGE][PASSED] - Actual object 'Отклонение выручки по ПАО Россети за 1 кв. 2025 года (факт/план, млн. руб)
ПАО Россети
-3 725.7 млн.руб.
 ' and expected object 'Отклонение выручки по ПАО Россети за 1 кв. 2025 года (факт/план, млн. руб)
ПАО Россети
-3 725.7 млн.руб.
 ' are equal

26-05-2025T06:34:50 - [TEST_STEP][PASSED] - verifyEqual(findTestData("PlanFact").getValue(5, b), a4): Actual object 'Отклонение
АО "РЭС"
АО «Тываэнерго»
АО «Чеченэнерго»
Россети Волга
Россети Кубань
Россети Ленэнерго (ГК)
Россети Московский регион
Россети Северный Кавказ (ГК)
Россети Северо-Запад
Россети Сибирь (ГК)
Россети Томск
Россети Тюмень
Россети Урал (ГК)
Россети ФСК ЕЭС
Россети Центр
Россети Центр и Приволжье (ГК)
Россети Юг (ГК)
Россети Янтарь
-10 %
0 %
10 %
-12 %
-7 %
-5 %
-2 %
3 %
5 %
8 %
-3.9 %
7.4 %
-1.94 %
-1.71 %
3.65 %
0.19 %
-5.06 %
-2.25 %
-1.28 %
2.77 %
-1.88 %
-9.44 %
-3.15 %
1.98 %
-2.23 %
-2.34 %
-0.05 %
Подписи данных
млн.
%
Выручка
 ' and expected object 'Отклонение
АО "РЭС"
АО «Тываэнерго»
АО «Чеченэнерго»
Россети Волга
Россети Кубань
Россети Ленэнерго (ГК)
Россети Московский регион
Россети Северный Кавказ (ГК)
Россети Северо-Запад
Россети Сибирь (ГК)
Россети Томск
Россети Тюмень
Россети Урал (ГК)
Россети ФСК ЕЭС
Россети Центр
Россети Центр и Приволжье (ГК)
Россети Юг (ГК)
Россети Янтарь
-10 %
0 %
10 %
-12 %
-7 %
-5 %
-2 %
3 %
5 %
8 %
-3.9 %
7.4 %
-1.94 %
-1.71 %
3.65 %
0.19 %
-5.06 %
-2.25 %
-1.28 %
2.77 %
-1.88 %
-9.44 %
-3.15 %
1.98 %
-2.23 %
-2.34 %
-0.05 %
Подписи данных
млн.
%
Выручка
 ' are equal

26-05-2025T06:34:50 - [MESSAGE][PASSED] - Actual object 'Отклонение
АО "РЭС"
АО «Тываэнерго»
АО «Чеченэнерго»
Россети Волга
Россети Кубань
Россети Ленэнерго (ГК)
Россети Московский регион
Россети Северный Кавказ (ГК)
Россети Северо-Запад
Россети Сибирь (ГК)
Россети Томск
Россети Тюмень
Россети Урал (ГК)
Россети ФСК ЕЭС
Россети Центр
Россети Центр и Приволжье (ГК)
Россети Юг (ГК)
Россети Янтарь
-10 %
0 %
10 %
-12 %
-7 %
-5 %
-2 %
3 %
5 %
8 %
-3.9 %
7.4 %
-1.94 %
-1.71 %
3.65 %
0.19 %
-5.06 %
-2.25 %
-1.28 %
2.77 %
-1.88 %
-9.44 %
-3.15 %
1.98 %
-2.23 %
-2.34 %
-0.05 %
Подписи данных
млн.
%
Выручка
 ' and expected object 'Отклонение
АО "РЭС"
АО «Тываэнерго»
АО «Чеченэнерго»
Россети Волга
Россети Кубань
Россети Ленэнерго (ГК)
Россети Московский регион
Россети Северный Кавказ (ГК)
Россети Северо-Запад
Россети Сибирь (ГК)
Россети Томск
Россети Тюмень
Россети Урал (ГК)
Россети ФСК ЕЭС
Россети Центр
Россети Центр и Приволжье (ГК)
Россети Юг (ГК)
Россети Янтарь
-10 %
0 %
10 %
-12 %
-7 %
-5 %
-2 %
3 %
5 %
8 %
-3.9 %
7.4 %
-1.94 %
-1.71 %
3.65 %
0.19 %
-5.06 %
-2.25 %
-1.28 %
2.77 %
-1.88 %
-9.44 %
-3.15 %
1.98 %
-2.23 %
-2.34 %
-0.05 %
Подписи данных
млн.
%
Выручка
 ' are equal

26-05-2025T06:34:50 - [TEST_STEP][PASSED] - Script1686231490255.WriteToExcel(user, dashboardName, n, data, run, a1, a2, a3, a4, a5, a6, a7, a8, a9): null

26-05-2025T06:34:50 - [TEST_STEP][PASSED] - sheetName = "Sheet1": null

26-05-2025T06:34:50 - [TEST_STEP][PASSED] - workbook01 = getWorkbook(excelFilePath): null

26-05-2025T06:34:50 - [TEST_STEP][PASSED] - sheet01 = getExcelSheet(workbook01, sheetName): null

26-05-2025T06:34:50 - [TEST_STEP][PASSED] - setValueToCellByIndex(sheet01, n, 0, dashboardName): null

26-05-2025T06:34:50 - [TEST_STEP][PASSED] - setValueToCellByIndex(sheet01, n, 10, user): null

26-05-2025T06:34:50 - [TEST_STEP][PASSED] - setValueToCellByIndex(sheet01, n, 1, a1): null

26-05-2025T06:34:50 - [TEST_STEP][PASSED] - setValueToCellByIndex(sheet01, n, 2, a2): null

26-05-2025T06:34:50 - [TEST_STEP][PASSED] - setValueToCellByIndex(sheet01, n, 3, a3): null

26-05-2025T06:34:50 - [TEST_STEP][PASSED] - setValueToCellByIndex(sheet01, n, 4, a4): null

26-05-2025T06:34:50 - [TEST_STEP][PASSED] - setValueToCellByIndex(sheet01, n, 5, a5): null

26-05-2025T06:34:50 - [TEST_STEP][PASSED] - setValueToCellByIndex(sheet01, n, 6, a6): null

26-05-2025T06:34:50 - [TEST_STEP][PASSED] - setValueToCellByIndex(sheet01, n, 7, a7): null

26-05-2025T06:34:50 - [TEST_STEP][PASSED] - setValueToCellByIndex(sheet01, n, 8, a8): null

26-05-2025T06:34:50 - [TEST_STEP][PASSED] - setValueToCellByIndex(sheet01, n, 9, a9): null

26-05-2025T06:34:50 - [TEST_STEP][PASSED] - n = n + 1: null

26-05-2025T06:34:50 - [TEST_STEP][PASSED] - saveWorkbook(excelFilePath, workbook01): null

26-05-2025T06:34:50 - [TEST_STEP][PASSED] - closeBrowser(): Browser is closed

26-05-2025T06:34:50 - [MESSAGE][PASSED] - Browser is closed

26-05-2025T06:34:50 - [TEST_STEP][PASSED] - delay(40): Delayed 40 second(s)

26-05-2025T06:35:30 - [MESSAGE][PASSED] - Delayed 40 second(s)

26-05-2025T06:35:30 - [TEST_STEP][PASSED] - for ([run = 1, run < 4, (run++)]): null

26-05-2025T06:35:30 - [TEST_STEP][PASSED] - ObyemPoter(user, dashboardName, n, data, run, a1, a2, a3, a4, a5, a6, a7, a8, a9, urlData): null

26-05-2025T06:35:30 - [TEST_STEP][PASSED] - n = data.getRowNumbers() + 1: null

26-05-2025T06:35:30 - [TEST_STEP][PASSED] - println(n): null

26-05-2025T06:35:30 - [TEST_STEP][PASSED] - dashboardName = "Объём потерь": null

26-05-2025T06:35:30 - [TEST_STEP][PASSED] - openBrowser(""): Browser is opened with url: ''

26-05-2025T06:35:30 - [MESSAGE][INFO] - Starting 'Chrome' driver

26-05-2025T06:35:30 - [MESSAGE][INFO] - Action delay is set to 0 milliseconds

26-05-2025T06:35:31 - [MESSAGE][PASSED] - Browser is opened with url: ''

26-05-2025T06:35:31 - [TEST_STEP][PASSED] - urlData = 14: null

26-05-2025T06:35:31 - [TEST_STEP][PASSED] - Script1686231490255.CheckPageDownload(urlData, run): null

26-05-2025T06:35:31 - [TEST_STEP][PASSED] - i = 1: null

26-05-2025T06:35:31 - [TEST_STEP][PASSED] - ii = 0: null

26-05-2025T06:35:31 - [TEST_STEP][PASSED] - urlText = <not implemented yet for class: org.codehaus.groovy.ast.expr.EmptyExpression>: null

26-05-2025T06:35:31 - [TEST_STEP][PASSED] - searchWord = <not implemented yet for class: org.codehaus.groovy.ast.expr.EmptyExpression>: null

26-05-2025T06:35:31 - [TEST_STEP][PASSED] - deleteAllCookies(): Delete all cookies successfully

26-05-2025T06:35:31 - [MESSAGE][PASSED] - Delete all cookies successfully

26-05-2025T06:35:31 - [TEST_STEP][PASSED] - refresh(): Refresh successfully

26-05-2025T06:35:31 - [MESSAGE][PASSED] - Refresh successfully

26-05-2025T06:35:31 - [TEST_STEP][PASSED] - delay(40): Delayed 40 second(s)

26-05-2025T06:36:11 - [MESSAGE][PASSED] - Delayed 40 second(s)

26-05-2025T06:36:11 - [TEST_STEP][PASSED] - navigateToUrl(findTestData("PlanFact").getValue(10, urlData)): Navigate to 'https://bi.rosseti.digital/viewer?dashboardGuid=d154a8eaf6824e2b9de1bb04dd061c18&sheetGuid=aa9766f159804cfeb6006ba98edf3a23&fit=true' successfully

26-05-2025T06:36:13 - [MESSAGE][PASSED] - Navigate to 'https://bi.rosseti.digital/viewer?dashboardGuid=d154a8eaf6824e2b9de1bb04dd061c18&sheetGuid=aa9766f159804cfeb6006ba98edf3a23&fit=true' successfully

26-05-2025T06:36:13 - [TEST_STEP][PASSED] - pageLoaded1 = verifyElementPresent(findTestObject("Страница авторизации/Text"), 30): Object 'Object Repository/Страница авторизации/Text' is present

26-05-2025T06:36:14 - [MESSAGE][PASSED] - Object 'Object Repository/Страница авторизации/Text' is present

26-05-2025T06:36:14 - [TEST_STEP][PASSED] - if (pageLoaded1 == false): null

26-05-2025T06:36:14 - [TEST_STEP][PASSED] - urlText = getText(findTestObject("Страница авторизации/Text")): Text of object 'Object Repository/Страница авторизации/Text' is: 'Вход'

26-05-2025T06:36:14 - [MESSAGE][PASSED] - Text of object 'Object Repository/Страница авторизации/Text' is: 'Вход'

26-05-2025T06:36:14 - [TEST_STEP][PASSED] - delay(40): Delayed 40 second(s)

26-05-2025T06:36:54 - [MESSAGE][PASSED] - Delayed 40 second(s)

26-05-2025T06:36:54 - [TEST_STEP][PASSED] - searchWord = "Вход": null

26-05-2025T06:36:54 - [TEST_STEP][PASSED] - if (urlText.contains(searchWord) == false): null

26-05-2025T06:36:54 - [TEST_STEP][PASSED] - setText(findTestObject("Страница авторизации/input__username"), findTestData("PlanFact").getValue(8, run)): Text 'liazgina-di' is set on object 'Object Repository/Страница авторизации/input__username'

26-05-2025T06:36:55 - [MESSAGE][PASSED] - Text 'liazgina-di' is set on object 'Object Repository/Страница авторизации/input__username'

26-05-2025T06:36:55 - [TEST_STEP][PASSED] - setText(findTestObject("Страница авторизации/input__password"), findTestData("PlanFact").getValue(9, run)): Text ')$%5srZ8o688Dm#q' is set on object 'Object Repository/Страница авторизации/input__password'

26-05-2025T06:36:56 - [MESSAGE][PASSED] - Text ')$%5srZ8o688Dm#q' is set on object 'Object Repository/Страница авторизации/input__password'

26-05-2025T06:36:56 - [TEST_STEP][PASSED] - click(findTestObject("Страница авторизации/button_")): Object: 'Object Repository/Страница авторизации/button_' is clicked on

26-05-2025T06:36:57 - [MESSAGE][PASSED] - Object: 'Object Repository/Страница авторизации/button_' is clicked on

26-05-2025T06:36:57 - [TEST_STEP][PASSED] - delay(40): Delayed 40 second(s)

26-05-2025T06:37:37 - [MESSAGE][PASSED] - Delayed 40 second(s)

26-05-2025T06:37:37 - [TEST_STEP][PASSED] - searchWord = "а": null

26-05-2025T06:37:37 - [TEST_STEP][PASSED] - pageLoaded2 = verifyElementPresent(findTestObject("Страница авторизации/Text"), 50): Object 'Object Repository/Страница авторизации/Text' is present

26-05-2025T06:37:37 - [MESSAGE][PASSED] - Object 'Object Repository/Страница авторизации/Text' is present

26-05-2025T06:37:37 - [TEST_STEP][PASSED] - if (pageLoaded2 == false): null

26-05-2025T06:37:37 - [TEST_STEP][PASSED] - urlText = getText(findTestObject("Страница авторизации/Text")): Text of object 'Object Repository/Страница авторизации/Text' is: 'ДЗО 
Все
Период
2025 год - 1 квартал, 2024 год - 1 квартал, 2023 год - 1 квартал
тыс. кВт⋅ч
п.п.
Объем потерь
23 263 24123 263 241
23 917 91723 917 917
11 133 33911 133 339
2023 год
2024 год
2025 год
0
5 000
10 000
15 000
20 000
25 000
30 000
Уровень потерь
9.879.87
9.229.22
8.208.20
Факт
2023 год
2024 год
2025 год
0
2
4
6
8
10
12
●● Отклонения, тыс. кВт⋅ч
тыс. кВт⋅ч
Отклонения объема потерь
654 675654 675
-12 784 578-12 784 578
2023/2024
2024/2025
-15 000 000
-12 500 000
-10 000 000
-7 500 000
-5 000 000
-2 500 000
0
2 500 000
●● Отклонения, п.п.
п.п.
Отклонения уровня потерь
-0.65-0.65
-1.02-1.02
2023/2024
2024/2025
-1
0
-1.25
-0.75
-0.5
-0.25
Фактические данные по объему и уровню потерь электроэнергии'

26-05-2025T06:37:37 - [MESSAGE][PASSED] - Text of object 'Object Repository/Страница авторизации/Text' is: 'ДЗО 
Все
Период
2025 год - 1 квартал, 2024 год - 1 квартал, 2023 год - 1 квартал
тыс. кВт⋅ч
п.п.
Объем потерь
23 263 24123 263 241
23 917 91723 917 917
11 133 33911 133 339
2023 год
2024 год
2025 год
0
5 000
10 000
15 000
20 000
25 000
30 000
Уровень потерь
9.879.87
9.229.22
8.208.20
Факт
2023 год
2024 год
2025 год
0
2
4
6
8
10
12
●● Отклонения, тыс. кВт⋅ч
тыс. кВт⋅ч
Отклонения объема потерь
654 675654 675
-12 784 578-12 784 578
2023/2024
2024/2025
-15 000 000
-12 500 000
-10 000 000
-7 500 000
-5 000 000
-2 500 000
0
2 500 000
●● Отклонения, п.п.
п.п.
Отклонения уровня потерь
-0.65-0.65
-1.02-1.02
2023/2024
2024/2025
-1
0
-1.25
-0.75
-0.5
-0.25
Фактические данные по объему и уровню потерь электроэнергии'

26-05-2025T06:37:37 - [TEST_STEP][PASSED] - if (urlText.contains("ошибка") || urlText.contains(searchWord) == false): null

26-05-2025T06:37:37 - [TEST_STEP][PASSED] - a9 = "": null

26-05-2025T06:37:37 - [TEST_STEP][PASSED] - a3 = "": null

26-05-2025T06:37:37 - [TEST_STEP][PASSED] - a6 = "": null

26-05-2025T06:37:37 - [TEST_STEP][PASSED] - if (run == 1): null

26-05-2025T06:37:37 - [TEST_STEP][PASSED] - user = "админ": null

26-05-2025T06:37:37 - [TEST_STEP][PASSED] - a1 = getText(findTestObject("Объем потерь/divObemPoter")): Text of object 'Object Repository/Объем потерь/divObemPoter' is: 'Объем потерь
23 263 24123 263 241
23 917 91723 917 917
11 133 33911 133 339
2023 год
2024 год
2025 год
0
5 000
10 000
15 000
20 000
25 000
30 000'

26-05-2025T06:37:38 - [MESSAGE][PASSED] - Text of object 'Object Repository/Объем потерь/divObemPoter' is: 'Объем потерь
23 263 24123 263 241
23 917 91723 917 917
11 133 33911 133 339
2023 год
2024 год
2025 год
0
5 000
10 000
15 000
20 000
25 000
30 000'

26-05-2025T06:37:38 - [TEST_STEP][PASSED] - a2 = getText(findTestObject("Объем потерь/divUrovenPoter")): Text of object 'Object Repository/Объем потерь/divUrovenPoter' is: 'Уровень потерь
9.879.87
9.229.22
8.208.20
Факт
2023 год
2024 год
2025 год
0
2
4
6
8
10
12'

26-05-2025T06:37:38 - [MESSAGE][PASSED] - Text of object 'Object Repository/Объем потерь/divUrovenPoter' is: 'Уровень потерь
9.879.87
9.229.22
8.208.20
Факт
2023 год
2024 год
2025 год
0
2
4
6
8
10
12'

26-05-2025T06:37:38 - [TEST_STEP][PASSED] - a3 = getText(findTestObject("Объем потерь/divOtkloneniyaObemaPoter")): Text of object 'Object Repository/Объем потерь/divOtkloneniyaObemaPoter' is: '●● Отклонения, тыс. кВт⋅ч
тыс. кВт⋅ч
Отклонения объема потерь
654 675654 675
-12 784 578-12 784 578
2023/2024
2024/2025
-15 000 000
-12 500 000
-10 000 000
-7 500 000
-5 000 000
-2 500 000
0
2 500 000'

26-05-2025T06:37:38 - [MESSAGE][PASSED] - Text of object 'Object Repository/Объем потерь/divOtkloneniyaObemaPoter' is: '●● Отклонения, тыс. кВт⋅ч
тыс. кВт⋅ч
Отклонения объема потерь
654 675654 675
-12 784 578-12 784 578
2023/2024
2024/2025
-15 000 000
-12 500 000
-10 000 000
-7 500 000
-5 000 000
-2 500 000
0
2 500 000'

26-05-2025T06:37:38 - [TEST_STEP][PASSED] - a4 = getText(findTestObject("Объем потерь/divOtkloneniyaUrovnyaPoter")): Text of object 'Object Repository/Объем потерь/divOtkloneniyaUrovnyaPoter' is: '●● Отклонения, п.п.
п.п.
Отклонения уровня потерь
-0.65-0.65
-1.02-1.02
2023/2024
2024/2025
-1
0
-1.25
-0.75
-0.5
-0.25'

26-05-2025T06:37:39 - [MESSAGE][PASSED] - Text of object 'Object Repository/Объем потерь/divOtkloneniyaUrovnyaPoter' is: '●● Отклонения, п.п.
п.п.
Отклонения уровня потерь
-0.65-0.65
-1.02-1.02
2023/2024
2024/2025
-1
0
-1.25
-0.75
-0.5
-0.25'

26-05-2025T06:37:39 - [TEST_STEP][PASSED] - n = n + 6: null

26-05-2025T06:37:39 - [TEST_STEP][PASSED] - Script1686231490255.WriteToExcel(user, dashboardName, n, data, run, a1, a2, a3, a4, a5, a6, a7, a8, a9): null

26-05-2025T06:37:39 - [TEST_STEP][PASSED] - sheetName = "Sheet1": null

26-05-2025T06:37:39 - [TEST_STEP][PASSED] - workbook01 = getWorkbook(excelFilePath): null

26-05-2025T06:37:39 - [TEST_STEP][PASSED] - sheet01 = getExcelSheet(workbook01, sheetName): null

26-05-2025T06:37:39 - [TEST_STEP][PASSED] - setValueToCellByIndex(sheet01, n, 0, dashboardName): null

26-05-2025T06:37:39 - [TEST_STEP][PASSED] - setValueToCellByIndex(sheet01, n, 10, user): null

26-05-2025T06:37:39 - [TEST_STEP][PASSED] - setValueToCellByIndex(sheet01, n, 1, a1): null

26-05-2025T06:37:39 - [TEST_STEP][PASSED] - setValueToCellByIndex(sheet01, n, 2, a2): null

26-05-2025T06:37:39 - [TEST_STEP][PASSED] - setValueToCellByIndex(sheet01, n, 3, a3): null

26-05-2025T06:37:39 - [TEST_STEP][PASSED] - setValueToCellByIndex(sheet01, n, 4, a4): null

26-05-2025T06:37:39 - [TEST_STEP][PASSED] - setValueToCellByIndex(sheet01, n, 5, a5): null

26-05-2025T06:37:39 - [TEST_STEP][PASSED] - setValueToCellByIndex(sheet01, n, 6, a6): null

26-05-2025T06:37:39 - [TEST_STEP][PASSED] - setValueToCellByIndex(sheet01, n, 7, a7): null

26-05-2025T06:37:39 - [TEST_STEP][PASSED] - setValueToCellByIndex(sheet01, n, 8, a8): null

26-05-2025T06:37:39 - [TEST_STEP][PASSED] - setValueToCellByIndex(sheet01, n, 9, a9): null

26-05-2025T06:37:39 - [TEST_STEP][PASSED] - n = n + 1: null

26-05-2025T06:37:39 - [TEST_STEP][PASSED] - saveWorkbook(excelFilePath, workbook01): null

26-05-2025T06:37:39 - [TEST_STEP][PASSED] - if (run == 2): null

26-05-2025T06:37:39 - [TEST_STEP][PASSED] - if (run == 3): null

26-05-2025T06:37:39 - [TEST_STEP][PASSED] - closeBrowser(): null

26-05-2025T06:37:39 - [MESSAGE][PASSED] - Browser is closed

26-05-2025T06:37:39 - [TEST_STEP][PASSED] - ObyemPoter(user, dashboardName, n, data, run, a1, a2, a3, a4, a5, a6, a7, a8, a9, urlData): null

26-05-2025T06:37:39 - [TEST_STEP][PASSED] - n = data.getRowNumbers() + 1: null

26-05-2025T06:37:39 - [TEST_STEP][PASSED] - println(n): null

26-05-2025T06:37:39 - [TEST_STEP][PASSED] - dashboardName = "Объём потерь": null

26-05-2025T06:37:39 - [TEST_STEP][PASSED] - openBrowser(""): Browser is opened with url: ''

26-05-2025T06:37:39 - [MESSAGE][INFO] - Starting 'Chrome' driver

26-05-2025T06:37:39 - [MESSAGE][INFO] - Action delay is set to 0 milliseconds

26-05-2025T06:37:40 - [MESSAGE][PASSED] - Browser is opened with url: ''

26-05-2025T06:37:40 - [TEST_STEP][PASSED] - urlData = 14: null

26-05-2025T06:37:40 - [TEST_STEP][PASSED] - Script1686231490255.CheckPageDownload(urlData, run): null

26-05-2025T06:37:40 - [TEST_STEP][PASSED] - i = 1: null

26-05-2025T06:37:40 - [TEST_STEP][PASSED] - ii = 0: null

26-05-2025T06:37:40 - [TEST_STEP][PASSED] - urlText = <not implemented yet for class: org.codehaus.groovy.ast.expr.EmptyExpression>: null

26-05-2025T06:37:40 - [TEST_STEP][PASSED] - searchWord = <not implemented yet for class: org.codehaus.groovy.ast.expr.EmptyExpression>: null

26-05-2025T06:37:40 - [TEST_STEP][PASSED] - deleteAllCookies(): Delete all cookies successfully

26-05-2025T06:37:40 - [MESSAGE][PASSED] - Delete all cookies successfully

26-05-2025T06:37:40 - [TEST_STEP][PASSED] - refresh(): Refresh successfully

26-05-2025T06:37:40 - [MESSAGE][PASSED] - Refresh successfully

26-05-2025T06:37:40 - [TEST_STEP][PASSED] - delay(40): Delayed 40 second(s)

26-05-2025T06:38:20 - [MESSAGE][PASSED] - Delayed 40 second(s)

26-05-2025T06:38:20 - [TEST_STEP][PASSED] - navigateToUrl(findTestData("PlanFact").getValue(10, urlData)): Navigate to 'https://bi.rosseti.digital/viewer?dashboardGuid=d154a8eaf6824e2b9de1bb04dd061c18&sheetGuid=aa9766f159804cfeb6006ba98edf3a23&fit=true' successfully

26-05-2025T06:38:22 - [MESSAGE][PASSED] - Navigate to 'https://bi.rosseti.digital/viewer?dashboardGuid=d154a8eaf6824e2b9de1bb04dd061c18&sheetGuid=aa9766f159804cfeb6006ba98edf3a23&fit=true' successfully

26-05-2025T06:38:22 - [TEST_STEP][PASSED] - pageLoaded1 = verifyElementPresent(findTestObject("Страница авторизации/Text"), 30): Object 'Object Repository/Страница авторизации/Text' is present

26-05-2025T06:38:23 - [MESSAGE][PASSED] - Object 'Object Repository/Страница авторизации/Text' is present

26-05-2025T06:38:23 - [TEST_STEP][PASSED] - if (pageLoaded1 == false): null

26-05-2025T06:38:23 - [TEST_STEP][PASSED] - urlText = getText(findTestObject("Страница авторизации/Text")): Text of object 'Object Repository/Страница авторизации/Text' is: 'Вход'

26-05-2025T06:38:23 - [MESSAGE][PASSED] - Text of object 'Object Repository/Страница авторизации/Text' is: 'Вход'

26-05-2025T06:38:23 - [TEST_STEP][PASSED] - delay(40): Delayed 40 second(s)

26-05-2025T06:39:03 - [MESSAGE][PASSED] - Delayed 40 second(s)

26-05-2025T06:39:03 - [TEST_STEP][PASSED] - searchWord = "Вход": null

26-05-2025T06:39:03 - [TEST_STEP][PASSED] - if (urlText.contains(searchWord) == false): null

26-05-2025T06:39:03 - [TEST_STEP][PASSED] - setText(findTestObject("Страница авторизации/input__username"), findTestData("PlanFact").getValue(8, run)): Text 'Andreeva-EV' is set on object 'Object Repository/Страница авторизации/input__username'

26-05-2025T06:39:04 - [MESSAGE][PASSED] - Text 'Andreeva-EV' is set on object 'Object Repository/Страница авторизации/input__username'

26-05-2025T06:39:04 - [TEST_STEP][PASSED] - setText(findTestObject("Страница авторизации/input__password"), findTestData("PlanFact").getValue(9, run)): Text '2nPePKDwCPH3ul7xMZ' is set on object 'Object Repository/Страница авторизации/input__password'

26-05-2025T06:39:05 - [MESSAGE][PASSED] - Text '2nPePKDwCPH3ul7xMZ' is set on object 'Object Repository/Страница авторизации/input__password'

26-05-2025T06:39:05 - [TEST_STEP][PASSED] - click(findTestObject("Страница авторизации/button_")): Object: 'Object Repository/Страница авторизации/button_' is clicked on

26-05-2025T06:39:06 - [MESSAGE][PASSED] - Object: 'Object Repository/Страница авторизации/button_' is clicked on

26-05-2025T06:39:06 - [TEST_STEP][PASSED] - delay(40): Delayed 40 second(s)

26-05-2025T06:39:46 - [MESSAGE][PASSED] - Delayed 40 second(s)

26-05-2025T06:39:46 - [TEST_STEP][PASSED] - searchWord = "а": null

26-05-2025T06:39:46 - [TEST_STEP][PASSED] - pageLoaded2 = verifyElementPresent(findTestObject("Страница авторизации/Text"), 50): Object 'Object Repository/Страница авторизации/Text' is present

26-05-2025T06:39:46 - [MESSAGE][PASSED] - Object 'Object Repository/Страница авторизации/Text' is present

26-05-2025T06:39:46 - [TEST_STEP][PASSED] - if (pageLoaded2 == false): null

26-05-2025T06:39:46 - [TEST_STEP][PASSED] - urlText = getText(findTestObject("Страница авторизации/Text")): Text of object 'Object Repository/Страница авторизации/Text' is: 'ДЗО 
Все
Период
2025 год - 1 квартал, 2024 год - 1 квартал, 2023 год - 1 квартал
тыс. кВт⋅ч
п.п.
Объем потерь
23 263 24123 263 241
23 917 91723 917 917
11 133 33911 133 339
2023 год
2024 год
2025 год
0
5 000
10 000
15 000
20 000
25 000
30 000
Уровень потерь
9.879.87
9.229.22
8.208.20
Факт
2023 год
2024 год
2025 год
0
2
4
6
8
10
12
●● Отклонения, тыс. кВт⋅ч
тыс. кВт⋅ч
Отклонения объема потерь
654 675654 675
-12 784 578-12 784 578
2023/2024
2024/2025
-15 000 000
-12 500 000
-10 000 000
-7 500 000
-5 000 000
-2 500 000
0
2 500 000
●● Отклонения, п.п.
п.п.
Отклонения уровня потерь
-0.65-0.65
-1.02-1.02
2023/2024
2024/2025
-1
0
-1.25
-0.75
-0.5
-0.25
Фактические данные по объему и уровню потерь электроэнергии'

26-05-2025T06:39:47 - [MESSAGE][PASSED] - Text of object 'Object Repository/Страница авторизации/Text' is: 'ДЗО 
Все
Период
2025 год - 1 квартал, 2024 год - 1 квартал, 2023 год - 1 квартал
тыс. кВт⋅ч
п.п.
Объем потерь
23 263 24123 263 241
23 917 91723 917 917
11 133 33911 133 339
2023 год
2024 год
2025 год
0
5 000
10 000
15 000
20 000
25 000
30 000
Уровень потерь
9.879.87
9.229.22
8.208.20
Факт
2023 год
2024 год
2025 год
0
2
4
6
8
10
12
●● Отклонения, тыс. кВт⋅ч
тыс. кВт⋅ч
Отклонения объема потерь
654 675654 675
-12 784 578-12 784 578
2023/2024
2024/2025
-15 000 000
-12 500 000
-10 000 000
-7 500 000
-5 000 000
-2 500 000
0
2 500 000
●● Отклонения, п.п.
п.п.
Отклонения уровня потерь
-0.65-0.65
-1.02-1.02
2023/2024
2024/2025
-1
0
-1.25
-0.75
-0.5
-0.25
Фактические данные по объему и уровню потерь электроэнергии'

26-05-2025T06:39:47 - [TEST_STEP][PASSED] - if (urlText.contains("ошибка") || urlText.contains(searchWord) == false): null

26-05-2025T06:39:47 - [TEST_STEP][PASSED] - a9 = "": null

26-05-2025T06:39:47 - [TEST_STEP][PASSED] - a3 = "": null

26-05-2025T06:39:47 - [TEST_STEP][PASSED] - a6 = "": null

26-05-2025T06:39:47 - [TEST_STEP][PASSED] - if (run == 1): null

26-05-2025T06:39:47 - [TEST_STEP][PASSED] - if (run == 2): null

26-05-2025T06:39:47 - [TEST_STEP][PASSED] - user = "Андреева": null

26-05-2025T06:39:47 - [TEST_STEP][PASSED] - a1 = getText(findTestObject("Объем потерь/divObemPoter")): Text of object 'Object Repository/Объем потерь/divObemPoter' is: 'Объем потерь
23 263 24123 263 241
23 917 91723 917 917
11 133 33911 133 339
2023 год
2024 год
2025 год
0
5 000
10 000
15 000
20 000
25 000
30 000'

26-05-2025T06:39:47 - [MESSAGE][PASSED] - Text of object 'Object Repository/Объем потерь/divObemPoter' is: 'Объем потерь
23 263 24123 263 241
23 917 91723 917 917
11 133 33911 133 339
2023 год
2024 год
2025 год
0
5 000
10 000
15 000
20 000
25 000
30 000'

26-05-2025T06:39:47 - [TEST_STEP][PASSED] - a2 = getText(findTestObject("Объем потерь/divUrovenPoter")): Text of object 'Object Repository/Объем потерь/divUrovenPoter' is: 'Уровень потерь
9.879.87
9.229.22
8.208.20
Факт
2023 год
2024 год
2025 год
0
2
4
6
8
10
12'

26-05-2025T06:39:47 - [MESSAGE][PASSED] - Text of object 'Object Repository/Объем потерь/divUrovenPoter' is: 'Уровень потерь
9.879.87
9.229.22
8.208.20
Факт
2023 год
2024 год
2025 год
0
2
4
6
8
10
12'

26-05-2025T06:39:47 - [TEST_STEP][PASSED] - a3 = getText(findTestObject("Объем потерь/divOtkloneniyaObemaPoter")): Text of object 'Object Repository/Объем потерь/divOtkloneniyaObemaPoter' is: '●● Отклонения, тыс. кВт⋅ч
тыс. кВт⋅ч
Отклонения объема потерь
654 675654 675
-12 784 578-12 784 578
2023/2024
2024/2025
-15 000 000
-12 500 000
-10 000 000
-7 500 000
-5 000 000
-2 500 000
0
2 500 000'

26-05-2025T06:39:48 - [MESSAGE][PASSED] - Text of object 'Object Repository/Объем потерь/divOtkloneniyaObemaPoter' is: '●● Отклонения, тыс. кВт⋅ч
тыс. кВт⋅ч
Отклонения объема потерь
654 675654 675
-12 784 578-12 784 578
2023/2024
2024/2025
-15 000 000
-12 500 000
-10 000 000
-7 500 000
-5 000 000
-2 500 000
0
2 500 000'

26-05-2025T06:39:48 - [TEST_STEP][PASSED] - a4 = getText(findTestObject("Объем потерь/divOtkloneniyaUrovnyaPoter")): Text of object 'Object Repository/Объем потерь/divOtkloneniyaUrovnyaPoter' is: '●● Отклонения, п.п.
п.п.
Отклонения уровня потерь
-0.65-0.65
-1.02-1.02
2023/2024
2024/2025
-1
0
-1.25
-0.75
-0.5
-0.25'

26-05-2025T06:39:48 - [MESSAGE][PASSED] - Text of object 'Object Repository/Объем потерь/divOtkloneniyaUrovnyaPoter' is: '●● Отклонения, п.п.
п.п.
Отклонения уровня потерь
-0.65-0.65
-1.02-1.02
2023/2024
2024/2025
-1
0
-1.25
-0.75
-0.5
-0.25'

26-05-2025T06:39:48 - [TEST_STEP][PASSED] - n = n + 7: null

26-05-2025T06:39:48 - [TEST_STEP][PASSED] - b = n - run + 1: null

26-05-2025T06:39:48 - [TEST_STEP][PASSED] - verifyEqual(findTestData("PlanFact").getValue(2, b), a1): Actual object 'Объем потерь
23 263 24123 263 241
23 917 91723 917 917
11 133 33911 133 339
2023 год
2024 год
2025 год
0
5 000
10 000
15 000
20 000
25 000
30 000' and expected object 'Объем потерь
23 263 24123 263 241
23 917 91723 917 917
11 133 33911 133 339
2023 год
2024 год
2025 год
0
5 000
10 000
15 000
20 000
25 000
30 000' are equal

26-05-2025T06:39:48 - [MESSAGE][PASSED] - Actual object 'Объем потерь
23 263 24123 263 241
23 917 91723 917 917
11 133 33911 133 339
2023 год
2024 год
2025 год
0
5 000
10 000
15 000
20 000
25 000
30 000' and expected object 'Объем потерь
23 263 24123 263 241
23 917 91723 917 917
11 133 33911 133 339
2023 год
2024 год
2025 год
0
5 000
10 000
15 000
20 000
25 000
30 000' are equal

26-05-2025T06:39:48 - [TEST_STEP][PASSED] - verifyEqual(findTestData("PlanFact").getValue(3, b), a2): Actual object 'Уровень потерь
9.879.87
9.229.22
8.208.20
Факт
2023 год
2024 год
2025 год
0
2
4
6
8
10
12' and expected object 'Уровень потерь
9.879.87
9.229.22
8.208.20
Факт
2023 год
2024 год
2025 год
0
2
4
6
8
10
12' are equal

26-05-2025T06:39:48 - [MESSAGE][PASSED] - Actual object 'Уровень потерь
9.879.87
9.229.22
8.208.20
Факт
2023 год
2024 год
2025 год
0
2
4
6
8
10
12' and expected object 'Уровень потерь
9.879.87
9.229.22
8.208.20
Факт
2023 год
2024 год
2025 год
0
2
4
6
8
10
12' are equal

26-05-2025T06:39:48 - [TEST_STEP][PASSED] - verifyEqual(findTestData("PlanFact").getValue(4, b), a3): Actual object '●● Отклонения, тыс. кВт⋅ч
тыс. кВт⋅ч
Отклонения объема потерь
654 675654 675
-12 784 578-12 784 578
2023/2024
2024/2025
-15 000 000
-12 500 000
-10 000 000
-7 500 000
-5 000 000
-2 500 000
0
2 500 000' and expected object '●● Отклонения, тыс. кВт⋅ч
тыс. кВт⋅ч
Отклонения объема потерь
654 675654 675
-12 784 578-12 784 578
2023/2024
2024/2025
-15 000 000
-12 500 000
-10 000 000
-7 500 000
-5 000 000
-2 500 000
0
2 500 000' are equal

26-05-2025T06:39:48 - [MESSAGE][PASSED] - Actual object '●● Отклонения, тыс. кВт⋅ч
тыс. кВт⋅ч
Отклонения объема потерь
654 675654 675
-12 784 578-12 784 578
2023/2024
2024/2025
-15 000 000
-12 500 000
-10 000 000
-7 500 000
-5 000 000
-2 500 000
0
2 500 000' and expected object '●● Отклонения, тыс. кВт⋅ч
тыс. кВт⋅ч
Отклонения объема потерь
654 675654 675
-12 784 578-12 784 578
2023/2024
2024/2025
-15 000 000
-12 500 000
-10 000 000
-7 500 000
-5 000 000
-2 500 000
0
2 500 000' are equal

26-05-2025T06:39:48 - [TEST_STEP][PASSED] - verifyEqual(findTestData("PlanFact").getValue(5, b), a4): Actual object '●● Отклонения, п.п.
п.п.
Отклонения уровня потерь
-0.65-0.65
-1.02-1.02
2023/2024
2024/2025
-1
0
-1.25
-0.75
-0.5
-0.25' and expected object '●● Отклонения, п.п.
п.п.
Отклонения уровня потерь
-0.65-0.65
-1.02-1.02
2023/2024
2024/2025
-1
0
-1.25
-0.75
-0.5
-0.25' are equal

26-05-2025T06:39:48 - [MESSAGE][PASSED] - Actual object '●● Отклонения, п.п.
п.п.
Отклонения уровня потерь
-0.65-0.65
-1.02-1.02
2023/2024
2024/2025
-1
0
-1.25
-0.75
-0.5
-0.25' and expected object '●● Отклонения, п.п.
п.п.
Отклонения уровня потерь
-0.65-0.65
-1.02-1.02
2023/2024
2024/2025
-1
0
-1.25
-0.75
-0.5
-0.25' are equal

26-05-2025T06:39:48 - [TEST_STEP][PASSED] - Script1686231490255.WriteToExcel(user, dashboardName, n, data, run, a1, a2, a3, a4, a5, a6, a7, a8, a9): null

26-05-2025T06:39:48 - [TEST_STEP][PASSED] - sheetName = "Sheet1": null

26-05-2025T06:39:48 - [TEST_STEP][PASSED] - workbook01 = getWorkbook(excelFilePath): null

26-05-2025T06:39:48 - [TEST_STEP][PASSED] - sheet01 = getExcelSheet(workbook01, sheetName): null

26-05-2025T06:39:48 - [TEST_STEP][PASSED] - setValueToCellByIndex(sheet01, n, 0, dashboardName): null

26-05-2025T06:39:48 - [TEST_STEP][PASSED] - setValueToCellByIndex(sheet01, n, 10, user): null

26-05-2025T06:39:48 - [TEST_STEP][PASSED] - setValueToCellByIndex(sheet01, n, 1, a1): null

26-05-2025T06:39:48 - [TEST_STEP][PASSED] - setValueToCellByIndex(sheet01, n, 2, a2): null

26-05-2025T06:39:48 - [TEST_STEP][PASSED] - setValueToCellByIndex(sheet01, n, 3, a3): null

26-05-2025T06:39:48 - [TEST_STEP][PASSED] - setValueToCellByIndex(sheet01, n, 4, a4): null

26-05-2025T06:39:48 - [TEST_STEP][PASSED] - setValueToCellByIndex(sheet01, n, 5, a5): null

26-05-2025T06:39:48 - [TEST_STEP][PASSED] - setValueToCellByIndex(sheet01, n, 6, a6): null

26-05-2025T06:39:48 - [TEST_STEP][PASSED] - setValueToCellByIndex(sheet01, n, 7, a7): null

26-05-2025T06:39:48 - [TEST_STEP][PASSED] - setValueToCellByIndex(sheet01, n, 8, a8): null

26-05-2025T06:39:48 - [TEST_STEP][PASSED] - setValueToCellByIndex(sheet01, n, 9, a9): null

26-05-2025T06:39:48 - [TEST_STEP][PASSED] - n = n + 1: null

26-05-2025T06:39:48 - [TEST_STEP][PASSED] - saveWorkbook(excelFilePath, workbook01): null

26-05-2025T06:39:48 - [TEST_STEP][PASSED] - if (run == 3): null

26-05-2025T06:39:48 - [TEST_STEP][PASSED] - closeBrowser(): null

26-05-2025T06:39:49 - [MESSAGE][PASSED] - Browser is closed

26-05-2025T06:39:49 - [TEST_STEP][PASSED] - ObyemPoter(user, dashboardName, n, data, run, a1, a2, a3, a4, a5, a6, a7, a8, a9, urlData): null

26-05-2025T06:39:49 - [TEST_STEP][PASSED] - n = data.getRowNumbers() + 1: null

26-05-2025T06:39:49 - [TEST_STEP][PASSED] - println(n): null

26-05-2025T06:39:49 - [TEST_STEP][PASSED] - dashboardName = "Объём потерь": null

26-05-2025T06:39:49 - [TEST_STEP][PASSED] - openBrowser(""): Browser is opened with url: ''

26-05-2025T06:39:49 - [MESSAGE][INFO] - Starting 'Chrome' driver

26-05-2025T06:39:49 - [MESSAGE][INFO] - Action delay is set to 0 milliseconds

26-05-2025T06:39:50 - [MESSAGE][PASSED] - Browser is opened with url: ''

26-05-2025T06:39:50 - [TEST_STEP][PASSED] - urlData = 14: null

26-05-2025T06:39:50 - [TEST_STEP][PASSED] - Script1686231490255.CheckPageDownload(urlData, run): null

26-05-2025T06:39:50 - [TEST_STEP][PASSED] - i = 1: null

26-05-2025T06:39:50 - [TEST_STEP][PASSED] - ii = 0: null

26-05-2025T06:39:50 - [TEST_STEP][PASSED] - urlText = <not implemented yet for class: org.codehaus.groovy.ast.expr.EmptyExpression>: null

26-05-2025T06:39:50 - [TEST_STEP][PASSED] - searchWord = <not implemented yet for class: org.codehaus.groovy.ast.expr.EmptyExpression>: null

26-05-2025T06:39:50 - [TEST_STEP][PASSED] - deleteAllCookies(): Delete all cookies successfully

26-05-2025T06:39:50 - [MESSAGE][PASSED] - Delete all cookies successfully

26-05-2025T06:39:50 - [TEST_STEP][PASSED] - refresh(): Refresh successfully

26-05-2025T06:39:50 - [MESSAGE][PASSED] - Refresh successfully

26-05-2025T06:39:50 - [TEST_STEP][PASSED] - delay(40): Delayed 40 second(s)

26-05-2025T06:40:30 - [MESSAGE][PASSED] - Delayed 40 second(s)

26-05-2025T06:40:30 - [TEST_STEP][PASSED] - navigateToUrl(findTestData("PlanFact").getValue(10, urlData)): Navigate to 'https://bi.rosseti.digital/viewer?dashboardGuid=d154a8eaf6824e2b9de1bb04dd061c18&sheetGuid=aa9766f159804cfeb6006ba98edf3a23&fit=true' successfully

26-05-2025T06:40:32 - [MESSAGE][PASSED] - Navigate to 'https://bi.rosseti.digital/viewer?dashboardGuid=d154a8eaf6824e2b9de1bb04dd061c18&sheetGuid=aa9766f159804cfeb6006ba98edf3a23&fit=true' successfully

26-05-2025T06:40:32 - [TEST_STEP][PASSED] - pageLoaded1 = verifyElementPresent(findTestObject("Страница авторизации/Text"), 30): Object 'Object Repository/Страница авторизации/Text' is present

26-05-2025T06:40:32 - [MESSAGE][PASSED] - Object 'Object Repository/Страница авторизации/Text' is present

26-05-2025T06:40:32 - [TEST_STEP][PASSED] - if (pageLoaded1 == false): null

26-05-2025T06:40:32 - [TEST_STEP][PASSED] - urlText = getText(findTestObject("Страница авторизации/Text")): Text of object 'Object Repository/Страница авторизации/Text' is: 'Вход'

26-05-2025T06:40:33 - [MESSAGE][PASSED] - Text of object 'Object Repository/Страница авторизации/Text' is: 'Вход'

26-05-2025T06:40:33 - [TEST_STEP][PASSED] - delay(40): Delayed 40 second(s)

26-05-2025T06:41:13 - [MESSAGE][PASSED] - Delayed 40 second(s)

26-05-2025T06:41:13 - [TEST_STEP][PASSED] - searchWord = "Вход": null

26-05-2025T06:41:13 - [TEST_STEP][PASSED] - if (urlText.contains(searchWord) == false): null

26-05-2025T06:41:13 - [TEST_STEP][PASSED] - setText(findTestObject("Страница авторизации/input__username"), findTestData("PlanFact").getValue(8, run)): Text 'Petrova-OV' is set on object 'Object Repository/Страница авторизации/input__username'

26-05-2025T06:41:13 - [MESSAGE][PASSED] - Text 'Petrova-OV' is set on object 'Object Repository/Страница авторизации/input__username'

26-05-2025T06:41:13 - [TEST_STEP][PASSED] - setText(findTestObject("Страница авторизации/input__password"), findTestData("PlanFact").getValue(9, run)): Text '4Ex@~R53r&3x&BVe7' is set on object 'Object Repository/Страница авторизации/input__password'

26-05-2025T06:41:14 - [MESSAGE][PASSED] - Text '4Ex@~R53r&3x&BVe7' is set on object 'Object Repository/Страница авторизации/input__password'

26-05-2025T06:41:14 - [TEST_STEP][PASSED] - click(findTestObject("Страница авторизации/button_")): Object: 'Object Repository/Страница авторизации/button_' is clicked on

26-05-2025T06:41:15 - [MESSAGE][PASSED] - Object: 'Object Repository/Страница авторизации/button_' is clicked on

26-05-2025T06:41:15 - [TEST_STEP][PASSED] - delay(40): Delayed 40 second(s)

26-05-2025T06:41:55 - [MESSAGE][PASSED] - Delayed 40 second(s)

26-05-2025T06:41:55 - [TEST_STEP][PASSED] - searchWord = "а": null

26-05-2025T06:41:55 - [TEST_STEP][PASSED] - pageLoaded2 = verifyElementPresent(findTestObject("Страница авторизации/Text"), 50): Object 'Object Repository/Страница авторизации/Text' is present

26-05-2025T06:41:55 - [MESSAGE][PASSED] - Object 'Object Repository/Страница авторизации/Text' is present

26-05-2025T06:41:55 - [TEST_STEP][PASSED] - if (pageLoaded2 == false): null

26-05-2025T06:41:55 - [TEST_STEP][PASSED] - urlText = getText(findTestObject("Страница авторизации/Text")): Text of object 'Object Repository/Страница авторизации/Text' is: 'ДЗО 
Все
Период
2025 год - 1 квартал, 2024 год - 1 квартал, 2023 год - 1 квартал
тыс. кВт⋅ч
п.п.
Объем потерь
23 263 24123 263 241
23 917 91723 917 917
11 133 33911 133 339
2023 год
2024 год
2025 год
0
5 000
10 000
15 000
20 000
25 000
30 000
Уровень потерь
9.879.87
9.229.22
8.208.20
Факт
2023 год
2024 год
2025 год
0
2
4
6
8
10
12
●● Отклонения, тыс. кВт⋅ч
тыс. кВт⋅ч
Отклонения объема потерь
654 675654 675
-12 784 578-12 784 578
2023/2024
2024/2025
-15 000 000
-12 500 000
-10 000 000
-7 500 000
-5 000 000
-2 500 000
0
2 500 000
●● Отклонения, п.п.
п.п.
Отклонения уровня потерь
-0.65-0.65
-1.02-1.02
2023/2024
2024/2025
-1
0
-1.25
-0.75
-0.5
-0.25
Фактические данные по объему и уровню потерь электроэнергии'

26-05-2025T06:41:56 - [MESSAGE][PASSED] - Text of object 'Object Repository/Страница авторизации/Text' is: 'ДЗО 
Все
Период
2025 год - 1 квартал, 2024 год - 1 квартал, 2023 год - 1 квартал
тыс. кВт⋅ч
п.п.
Объем потерь
23 263 24123 263 241
23 917 91723 917 917
11 133 33911 133 339
2023 год
2024 год
2025 год
0
5 000
10 000
15 000
20 000
25 000
30 000
Уровень потерь
9.879.87
9.229.22
8.208.20
Факт
2023 год
2024 год
2025 год
0
2
4
6
8
10
12
●● Отклонения, тыс. кВт⋅ч
тыс. кВт⋅ч
Отклонения объема потерь
654 675654 675
-12 784 578-12 784 578
2023/2024
2024/2025
-15 000 000
-12 500 000
-10 000 000
-7 500 000
-5 000 000
-2 500 000
0
2 500 000
●● Отклонения, п.п.
п.п.
Отклонения уровня потерь
-0.65-0.65
-1.02-1.02
2023/2024
2024/2025
-1
0
-1.25
-0.75
-0.5
-0.25
Фактические данные по объему и уровню потерь электроэнергии'

26-05-2025T06:41:56 - [TEST_STEP][PASSED] - if (urlText.contains("ошибка") || urlText.contains(searchWord) == false): null

26-05-2025T06:41:56 - [TEST_STEP][PASSED] - a9 = "": null

26-05-2025T06:41:56 - [TEST_STEP][PASSED] - a3 = "": null

26-05-2025T06:41:56 - [TEST_STEP][PASSED] - a6 = "": null

26-05-2025T06:41:56 - [TEST_STEP][PASSED] - if (run == 1): null

26-05-2025T06:41:56 - [TEST_STEP][PASSED] - if (run == 2): null

26-05-2025T06:41:56 - [TEST_STEP][PASSED] - if (run == 3): null

26-05-2025T06:41:56 - [TEST_STEP][PASSED] - user = "Попова": null

26-05-2025T06:41:56 - [TEST_STEP][PASSED] - a1 = getText(findTestObject("Объем потерь/divObemPoter")): Text of object 'Object Repository/Объем потерь/divObemPoter' is: 'Объем потерь
23 263 24123 263 241
23 917 91723 917 917
11 133 33911 133 339
2023 год
2024 год
2025 год
0
5 000
10 000
15 000
20 000
25 000
30 000'

26-05-2025T06:41:56 - [MESSAGE][PASSED] - Text of object 'Object Repository/Объем потерь/divObemPoter' is: 'Объем потерь
23 263 24123 263 241
23 917 91723 917 917
11 133 33911 133 339
2023 год
2024 год
2025 год
0
5 000
10 000
15 000
20 000
25 000
30 000'

26-05-2025T06:41:56 - [TEST_STEP][PASSED] - a2 = getText(findTestObject("Объем потерь/divUrovenPoter")): Text of object 'Object Repository/Объем потерь/divUrovenPoter' is: 'Уровень потерь
9.879.87
9.229.22
8.208.20
Факт
2023 год
2024 год
2025 год
0
2
4
6
8
10
12'

26-05-2025T06:41:57 - [MESSAGE][PASSED] - Text of object 'Object Repository/Объем потерь/divUrovenPoter' is: 'Уровень потерь
9.879.87
9.229.22
8.208.20
Факт
2023 год
2024 год
2025 год
0
2
4
6
8
10
12'

26-05-2025T06:41:57 - [TEST_STEP][PASSED] - a3 = getText(findTestObject("Объем потерь/divOtkloneniyaObemaPoter")): Text of object 'Object Repository/Объем потерь/divOtkloneniyaObemaPoter' is: '●● Отклонения, тыс. кВт⋅ч
тыс. кВт⋅ч
Отклонения объема потерь
654 675654 675
-12 784 578-12 784 578
2023/2024
2024/2025
-15 000 000
-12 500 000
-10 000 000
-7 500 000
-5 000 000
-2 500 000
0
2 500 000'

26-05-2025T06:41:57 - [MESSAGE][PASSED] - Text of object 'Object Repository/Объем потерь/divOtkloneniyaObemaPoter' is: '●● Отклонения, тыс. кВт⋅ч
тыс. кВт⋅ч
Отклонения объема потерь
654 675654 675
-12 784 578-12 784 578
2023/2024
2024/2025
-15 000 000
-12 500 000
-10 000 000
-7 500 000
-5 000 000
-2 500 000
0
2 500 000'

26-05-2025T06:41:57 - [TEST_STEP][PASSED] - a4 = getText(findTestObject("Объем потерь/divOtkloneniyaUrovnyaPoter")): Text of object 'Object Repository/Объем потерь/divOtkloneniyaUrovnyaPoter' is: '●● Отклонения, п.п.
п.п.
Отклонения уровня потерь
-0.65-0.65
-1.02-1.02
2023/2024
2024/2025
-1
0
-1.25
-0.75
-0.5
-0.25'

26-05-2025T06:41:57 - [MESSAGE][PASSED] - Text of object 'Object Repository/Объем потерь/divOtkloneniyaUrovnyaPoter' is: '●● Отклонения, п.п.
п.п.
Отклонения уровня потерь
-0.65-0.65
-1.02-1.02
2023/2024
2024/2025
-1
0
-1.25
-0.75
-0.5
-0.25'

26-05-2025T06:41:57 - [TEST_STEP][PASSED] - n = n + 8: null

26-05-2025T06:41:57 - [TEST_STEP][PASSED] - b = n - run + 1: null

26-05-2025T06:41:57 - [TEST_STEP][PASSED] - verifyEqual(findTestData("PlanFact").getValue(2, b), a1): Actual object 'Объем потерь
23 263 24123 263 241
23 917 91723 917 917
11 133 33911 133 339
2023 год
2024 год
2025 год
0
5 000
10 000
15 000
20 000
25 000
30 000' and expected object 'Объем потерь
23 263 24123 263 241
23 917 91723 917 917
11 133 33911 133 339
2023 год
2024 год
2025 год
0
5 000
10 000
15 000
20 000
25 000
30 000' are equal

26-05-2025T06:41:57 - [MESSAGE][PASSED] - Actual object 'Объем потерь
23 263 24123 263 241
23 917 91723 917 917
11 133 33911 133 339
2023 год
2024 год
2025 год
0
5 000
10 000
15 000
20 000
25 000
30 000' and expected object 'Объем потерь
23 263 24123 263 241
23 917 91723 917 917
11 133 33911 133 339
2023 год
2024 год
2025 год
0
5 000
10 000
15 000
20 000
25 000
30 000' are equal

26-05-2025T06:41:57 - [TEST_STEP][PASSED] - verifyEqual(findTestData("PlanFact").getValue(3, b), a2): Actual object 'Уровень потерь
9.879.87
9.229.22
8.208.20
Факт
2023 год
2024 год
2025 год
0
2
4
6
8
10
12' and expected object 'Уровень потерь
9.879.87
9.229.22
8.208.20
Факт
2023 год
2024 год
2025 год
0
2
4
6
8
10
12' are equal

26-05-2025T06:41:57 - [MESSAGE][PASSED] - Actual object 'Уровень потерь
9.879.87
9.229.22
8.208.20
Факт
2023 год
2024 год
2025 год
0
2
4
6
8
10
12' and expected object 'Уровень потерь
9.879.87
9.229.22
8.208.20
Факт
2023 год
2024 год
2025 год
0
2
4
6
8
10
12' are equal

26-05-2025T06:41:57 - [TEST_STEP][PASSED] - verifyEqual(findTestData("PlanFact").getValue(4, b), a3): Actual object '●● Отклонения, тыс. кВт⋅ч
тыс. кВт⋅ч
Отклонения объема потерь
654 675654 675
-12 784 578-12 784 578
2023/2024
2024/2025
-15 000 000
-12 500 000
-10 000 000
-7 500 000
-5 000 000
-2 500 000
0
2 500 000' and expected object '●● Отклонения, тыс. кВт⋅ч
тыс. кВт⋅ч
Отклонения объема потерь
654 675654 675
-12 784 578-12 784 578
2023/2024
2024/2025
-15 000 000
-12 500 000
-10 000 000
-7 500 000
-5 000 000
-2 500 000
0
2 500 000' are equal

26-05-2025T06:41:57 - [MESSAGE][PASSED] - Actual object '●● Отклонения, тыс. кВт⋅ч
тыс. кВт⋅ч
Отклонения объема потерь
654 675654 675
-12 784 578-12 784 578
2023/2024
2024/2025
-15 000 000
-12 500 000
-10 000 000
-7 500 000
-5 000 000
-2 500 000
0
2 500 000' and expected object '●● Отклонения, тыс. кВт⋅ч
тыс. кВт⋅ч
Отклонения объема потерь
654 675654 675
-12 784 578-12 784 578
2023/2024
2024/2025
-15 000 000
-12 500 000
-10 000 000
-7 500 000
-5 000 000
-2 500 000
0
2 500 000' are equal

26-05-2025T06:41:57 - [TEST_STEP][PASSED] - verifyEqual(findTestData("PlanFact").getValue(5, b), a4): Actual object '●● Отклонения, п.п.
п.п.
Отклонения уровня потерь
-0.65-0.65
-1.02-1.02
2023/2024
2024/2025
-1
0
-1.25
-0.75
-0.5
-0.25' and expected object '●● Отклонения, п.п.
п.п.
Отклонения уровня потерь
-0.65-0.65
-1.02-1.02
2023/2024
2024/2025
-1
0
-1.25
-0.75
-0.5
-0.25' are equal

26-05-2025T06:41:57 - [MESSAGE][PASSED] - Actual object '●● Отклонения, п.п.
п.п.
Отклонения уровня потерь
-0.65-0.65
-1.02-1.02
2023/2024
2024/2025
-1
0
-1.25
-0.75
-0.5
-0.25' and expected object '●● Отклонения, п.п.
п.п.
Отклонения уровня потерь
-0.65-0.65
-1.02-1.02
2023/2024
2024/2025
-1
0
-1.25
-0.75
-0.5
-0.25' are equal

26-05-2025T06:41:57 - [TEST_STEP][PASSED] - Script1686231490255.WriteToExcel(user, dashboardName, n, data, run, a1, a2, a3, a4, a5, a6, a7, a8, a9): null

26-05-2025T06:41:57 - [TEST_STEP][PASSED] - sheetName = "Sheet1": null

26-05-2025T06:41:57 - [TEST_STEP][PASSED] - workbook01 = getWorkbook(excelFilePath): null

26-05-2025T06:41:57 - [TEST_STEP][PASSED] - sheet01 = getExcelSheet(workbook01, sheetName): null

26-05-2025T06:41:57 - [TEST_STEP][PASSED] - setValueToCellByIndex(sheet01, n, 0, dashboardName): null

26-05-2025T06:41:57 - [TEST_STEP][PASSED] - setValueToCellByIndex(sheet01, n, 10, user): null

26-05-2025T06:41:57 - [TEST_STEP][PASSED] - setValueToCellByIndex(sheet01, n, 1, a1): null

26-05-2025T06:41:57 - [TEST_STEP][PASSED] - setValueToCellByIndex(sheet01, n, 2, a2): null

26-05-2025T06:41:57 - [TEST_STEP][PASSED] - setValueToCellByIndex(sheet01, n, 3, a3): null

26-05-2025T06:41:57 - [TEST_STEP][PASSED] - setValueToCellByIndex(sheet01, n, 4, a4): null

26-05-2025T06:41:57 - [TEST_STEP][PASSED] - setValueToCellByIndex(sheet01, n, 5, a5): null

26-05-2025T06:41:57 - [TEST_STEP][PASSED] - setValueToCellByIndex(sheet01, n, 6, a6): null

26-05-2025T06:41:57 - [TEST_STEP][PASSED] - setValueToCellByIndex(sheet01, n, 7, a7): null

26-05-2025T06:41:57 - [TEST_STEP][PASSED] - setValueToCellByIndex(sheet01, n, 8, a8): null

26-05-2025T06:41:57 - [TEST_STEP][PASSED] - setValueToCellByIndex(sheet01, n, 9, a9): null

26-05-2025T06:41:57 - [TEST_STEP][PASSED] - n = n + 1: null

26-05-2025T06:41:57 - [TEST_STEP][PASSED] - saveWorkbook(excelFilePath, workbook01): null

26-05-2025T06:41:58 - [TEST_STEP][PASSED] - closeBrowser(): Browser is closed

26-05-2025T06:41:58 - [MESSAGE][PASSED] - Browser is closed

26-05-2025T06:41:58 - [TEST_STEP][PASSED] - delay(40): Delayed 40 second(s)

26-05-2025T06:42:38 - [MESSAGE][PASSED] - Delayed 40 second(s)

26-05-2025T06:42:38 - [TEST_STEP][PASSED] - for ([run = 1, run < 4, (run++)]): null

26-05-2025T06:42:38 - [TEST_STEP][PASSED] - OtpuskIzSeti(user, dashboardName, n, data, run, a1, a2, a3, a4, a5, a6, a7, a8, a9, urlData): null

26-05-2025T06:42:38 - [TEST_STEP][PASSED] - n = data.getRowNumbers() + 1: null

26-05-2025T06:42:38 - [TEST_STEP][PASSED] - println(n): null

26-05-2025T06:42:38 - [TEST_STEP][PASSED] - dashboardName = "Отпуск из сети": null

26-05-2025T06:42:38 - [TEST_STEP][PASSED] - openBrowser(""): Browser is opened with url: ''

26-05-2025T06:42:38 - [MESSAGE][INFO] - Starting 'Chrome' driver

26-05-2025T06:42:38 - [MESSAGE][INFO] - Action delay is set to 0 milliseconds

26-05-2025T06:42:39 - [MESSAGE][PASSED] - Browser is opened with url: ''

26-05-2025T06:42:39 - [TEST_STEP][PASSED] - urlData = 15: null

26-05-2025T06:42:39 - [TEST_STEP][PASSED] - Script1686231490255.CheckPageDownload(urlData, run): null

26-05-2025T06:42:39 - [TEST_STEP][PASSED] - i = 1: null

26-05-2025T06:42:39 - [TEST_STEP][PASSED] - ii = 0: null

26-05-2025T06:42:39 - [TEST_STEP][PASSED] - urlText = <not implemented yet for class: org.codehaus.groovy.ast.expr.EmptyExpression>: null

26-05-2025T06:42:39 - [TEST_STEP][PASSED] - searchWord = <not implemented yet for class: org.codehaus.groovy.ast.expr.EmptyExpression>: null

26-05-2025T06:42:39 - [TEST_STEP][PASSED] - deleteAllCookies(): Delete all cookies successfully

26-05-2025T06:42:39 - [MESSAGE][PASSED] - Delete all cookies successfully

26-05-2025T06:42:39 - [TEST_STEP][PASSED] - refresh(): Refresh successfully

26-05-2025T06:42:39 - [MESSAGE][PASSED] - Refresh successfully

26-05-2025T06:42:39 - [TEST_STEP][PASSED] - delay(40): Delayed 40 second(s)

26-05-2025T06:43:19 - [MESSAGE][PASSED] - Delayed 40 second(s)

26-05-2025T06:43:19 - [TEST_STEP][PASSED] - navigateToUrl(findTestData("PlanFact").getValue(10, urlData)): Navigate to 'https://bi.rosseti.digital/viewer?dashboardGuid=d154a8eaf6824e2b9de1bb04dd061c18&sheetGuid=f217cc6775674247871931fed0993c14&fit=true' successfully

26-05-2025T06:43:21 - [MESSAGE][PASSED] - Navigate to 'https://bi.rosseti.digital/viewer?dashboardGuid=d154a8eaf6824e2b9de1bb04dd061c18&sheetGuid=f217cc6775674247871931fed0993c14&fit=true' successfully

26-05-2025T06:43:21 - [TEST_STEP][PASSED] - pageLoaded1 = verifyElementPresent(findTestObject("Страница авторизации/Text"), 30): Object 'Object Repository/Страница авторизации/Text' is present

26-05-2025T06:43:22 - [MESSAGE][PASSED] - Object 'Object Repository/Страница авторизации/Text' is present

26-05-2025T06:43:22 - [TEST_STEP][PASSED] - if (pageLoaded1 == false): null

26-05-2025T06:43:22 - [TEST_STEP][PASSED] - urlText = getText(findTestObject("Страница авторизации/Text")): Text of object 'Object Repository/Страница авторизации/Text' is: 'Вход'

26-05-2025T06:43:22 - [MESSAGE][PASSED] - Text of object 'Object Repository/Страница авторизации/Text' is: 'Вход'

26-05-2025T06:43:22 - [TEST_STEP][PASSED] - delay(40): Delayed 40 second(s)

26-05-2025T06:44:02 - [MESSAGE][PASSED] - Delayed 40 second(s)

26-05-2025T06:44:02 - [TEST_STEP][PASSED] - searchWord = "Вход": null

26-05-2025T06:44:02 - [TEST_STEP][PASSED] - if (urlText.contains(searchWord) == false): null

26-05-2025T06:44:02 - [TEST_STEP][PASSED] - setText(findTestObject("Страница авторизации/input__username"), findTestData("PlanFact").getValue(8, run)): Text 'liazgina-di' is set on object 'Object Repository/Страница авторизации/input__username'

26-05-2025T06:44:03 - [MESSAGE][PASSED] - Text 'liazgina-di' is set on object 'Object Repository/Страница авторизации/input__username'

26-05-2025T06:44:03 - [TEST_STEP][PASSED] - setText(findTestObject("Страница авторизации/input__password"), findTestData("PlanFact").getValue(9, run)): Text ')$%5srZ8o688Dm#q' is set on object 'Object Repository/Страница авторизации/input__password'

26-05-2025T06:44:03 - [MESSAGE][PASSED] - Text ')$%5srZ8o688Dm#q' is set on object 'Object Repository/Страница авторизации/input__password'

26-05-2025T06:44:03 - [TEST_STEP][PASSED] - click(findTestObject("Страница авторизации/button_")): Object: 'Object Repository/Страница авторизации/button_' is clicked on

26-05-2025T06:44:04 - [MESSAGE][PASSED] - Object: 'Object Repository/Страница авторизации/button_' is clicked on

26-05-2025T06:44:04 - [TEST_STEP][PASSED] - delay(40): Delayed 40 second(s)

26-05-2025T06:44:44 - [MESSAGE][PASSED] - Delayed 40 second(s)

26-05-2025T06:44:44 - [TEST_STEP][PASSED] - searchWord = "а": null

26-05-2025T06:44:44 - [TEST_STEP][PASSED] - pageLoaded2 = verifyElementPresent(findTestObject("Страница авторизации/Text"), 50): Object 'Object Repository/Страница авторизации/Text' is present

26-05-2025T06:44:45 - [MESSAGE][PASSED] - Object 'Object Repository/Страница авторизации/Text' is present

26-05-2025T06:44:45 - [TEST_STEP][PASSED] - if (pageLoaded2 == false): null

26-05-2025T06:44:45 - [TEST_STEP][PASSED] - urlText = getText(findTestObject("Страница авторизации/Text")): Text of object 'Object Repository/Страница авторизации/Text' is: 'ДЗО 
Все
Период
2025 год - 1 квартал, 2024 год - 1 квартал, 2023 год - 1 квартал
Отпуск из сети
Факт
2023 год
2024 год
0
10 000
20 000
30 000
40 000
50 000
60 000
70 000
80 000
90 000
100 000
110 000
120 000
130 000
140 000
150 000
160 000
149 005 885
530 278
●● Отклонения, тыс. кВт⋅ч
тыс. кВт⋅ч
Отклонения по отпуску из сети
-148 475 607-148 475 607
2023/2024
-175 000 000
-150 000 000
-125 000 000
-100 000 000
-75 000 000
-50 000 000
-25 000 000
0
●● Отклонения, %
%
Отклонения по отпуску из сети
-99.64-99.64
2023/2024
-100
0
-125
-75
-50
-25
тыс. кВт⋅ч
Фактические данные по отпуску из сети'

26-05-2025T06:44:45 - [MESSAGE][PASSED] - Text of object 'Object Repository/Страница авторизации/Text' is: 'ДЗО 
Все
Период
2025 год - 1 квартал, 2024 год - 1 квартал, 2023 год - 1 квартал
Отпуск из сети
Факт
2023 год
2024 год
0
10 000
20 000
30 000
40 000
50 000
60 000
70 000
80 000
90 000
100 000
110 000
120 000
130 000
140 000
150 000
160 000
149 005 885
530 278
●● Отклонения, тыс. кВт⋅ч
тыс. кВт⋅ч
Отклонения по отпуску из сети
-148 475 607-148 475 607
2023/2024
-175 000 000
-150 000 000
-125 000 000
-100 000 000
-75 000 000
-50 000 000
-25 000 000
0
●● Отклонения, %
%
Отклонения по отпуску из сети
-99.64-99.64
2023/2024
-100
0
-125
-75
-50
-25
тыс. кВт⋅ч
Фактические данные по отпуску из сети'

26-05-2025T06:44:45 - [TEST_STEP][PASSED] - if (urlText.contains("ошибка") || urlText.contains(searchWord) == false): null

26-05-2025T06:44:45 - [TEST_STEP][PASSED] - a6 = "": null

26-05-2025T06:44:45 - [TEST_STEP][PASSED] - a7 = "": null

26-05-2025T06:44:45 - [TEST_STEP][PASSED] - a8 = "": null

26-05-2025T06:44:45 - [TEST_STEP][PASSED] - a9 = "": null

26-05-2025T06:44:45 - [TEST_STEP][PASSED] - if (run == 1): null

26-05-2025T06:44:45 - [TEST_STEP][PASSED] - user = "админ": null

26-05-2025T06:44:45 - [TEST_STEP][PASSED] - a1 = getText(findTestObject("Отпуск из сети/span1")): Text of object 'Object Repository/Отпуск из сети/span1' is: ''

26-05-2025T06:44:46 - [MESSAGE][PASSED] - Text of object 'Object Repository/Отпуск из сети/span1' is: ''

26-05-2025T06:44:46 - [TEST_STEP][PASSED] - a2 = getText(findTestObject("Отпуск из сети/span2")): Text of object 'Object Repository/Отпуск из сети/span2' is: '149 005 885'

26-05-2025T06:44:46 - [MESSAGE][PASSED] - Text of object 'Object Repository/Отпуск из сети/span2' is: '149 005 885'

26-05-2025T06:44:46 - [TEST_STEP][PASSED] - a3 = getText(findTestObject("Отпуск из сети/span3")): Text of object 'Object Repository/Отпуск из сети/span3' is: '530 278'

26-05-2025T06:44:46 - [MESSAGE][PASSED] - Text of object 'Object Repository/Отпуск из сети/span3' is: '530 278'

26-05-2025T06:44:46 - [TEST_STEP][PASSED] - a4 = getText(findTestObject("Отпуск из сети/График1")): Text of object 'Object Repository/Отпуск из сети/График1' is: '●● Отклонения, тыс. кВт⋅ч
тыс. кВт⋅ч
Отклонения по отпуску из сети
-148 475 607-148 475 607
2023/2024
-175 000 000
-150 000 000
-125 000 000
-100 000 000
-75 000 000
-50 000 000
-25 000 000
0'

26-05-2025T06:44:47 - [MESSAGE][PASSED] - Text of object 'Object Repository/Отпуск из сети/График1' is: '●● Отклонения, тыс. кВт⋅ч
тыс. кВт⋅ч
Отклонения по отпуску из сети
-148 475 607-148 475 607
2023/2024
-175 000 000
-150 000 000
-125 000 000
-100 000 000
-75 000 000
-50 000 000
-25 000 000
0'

26-05-2025T06:44:47 - [TEST_STEP][PASSED] - a5 = getText(findTestObject("Отпуск из сети/График2")): Text of object 'Object Repository/Отпуск из сети/График2' is: '●● Отклонения, %
%
Отклонения по отпуску из сети
-99.64-99.64
2023/2024
-100
0
-125
-75
-50
-25'

26-05-2025T06:44:47 - [MESSAGE][PASSED] - Text of object 'Object Repository/Отпуск из сети/График2' is: '●● Отклонения, %
%
Отклонения по отпуску из сети
-99.64-99.64
2023/2024
-100
0
-125
-75
-50
-25'

26-05-2025T06:44:47 - [TEST_STEP][PASSED] - n = n + 9: null

26-05-2025T06:44:47 - [TEST_STEP][PASSED] - Script1686231490255.WriteToExcel(user, dashboardName, n, data, run, a1, a2, a3, a4, a5, a6, a7, a8, a9): null

26-05-2025T06:44:47 - [TEST_STEP][PASSED] - sheetName = "Sheet1": null

26-05-2025T06:44:47 - [TEST_STEP][PASSED] - workbook01 = getWorkbook(excelFilePath): null

26-05-2025T06:44:47 - [TEST_STEP][PASSED] - sheet01 = getExcelSheet(workbook01, sheetName): null

26-05-2025T06:44:47 - [TEST_STEP][PASSED] - setValueToCellByIndex(sheet01, n, 0, dashboardName): null

26-05-2025T06:44:47 - [TEST_STEP][PASSED] - setValueToCellByIndex(sheet01, n, 10, user): null

26-05-2025T06:44:47 - [TEST_STEP][PASSED] - setValueToCellByIndex(sheet01, n, 1, a1): null

26-05-2025T06:44:47 - [TEST_STEP][PASSED] - setValueToCellByIndex(sheet01, n, 2, a2): null

26-05-2025T06:44:47 - [TEST_STEP][PASSED] - setValueToCellByIndex(sheet01, n, 3, a3): null

26-05-2025T06:44:47 - [TEST_STEP][PASSED] - setValueToCellByIndex(sheet01, n, 4, a4): null

26-05-2025T06:44:47 - [TEST_STEP][PASSED] - setValueToCellByIndex(sheet01, n, 5, a5): null

26-05-2025T06:44:47 - [TEST_STEP][PASSED] - setValueToCellByIndex(sheet01, n, 6, a6): null

26-05-2025T06:44:47 - [TEST_STEP][PASSED] - setValueToCellByIndex(sheet01, n, 7, a7): null

26-05-2025T06:44:47 - [TEST_STEP][PASSED] - setValueToCellByIndex(sheet01, n, 8, a8): null

26-05-2025T06:44:47 - [TEST_STEP][PASSED] - setValueToCellByIndex(sheet01, n, 9, a9): null

26-05-2025T06:44:47 - [TEST_STEP][PASSED] - n = n + 1: null

26-05-2025T06:44:47 - [TEST_STEP][PASSED] - saveWorkbook(excelFilePath, workbook01): null

26-05-2025T06:44:47 - [TEST_STEP][PASSED] - if (run == 2): null

26-05-2025T06:44:47 - [TEST_STEP][PASSED] - if (run == 3): null

26-05-2025T06:44:47 - [TEST_STEP][PASSED] - closeBrowser(): null

26-05-2025T06:44:47 - [MESSAGE][PASSED] - Browser is closed

26-05-2025T06:44:47 - [TEST_STEP][PASSED] - OtpuskIzSeti(user, dashboardName, n, data, run, a1, a2, a3, a4, a5, a6, a7, a8, a9, urlData): null

26-05-2025T06:44:47 - [TEST_STEP][PASSED] - n = data.getRowNumbers() + 1: null

26-05-2025T06:44:47 - [TEST_STEP][PASSED] - println(n): null

26-05-2025T06:44:47 - [TEST_STEP][PASSED] - dashboardName = "Отпуск из сети": null

26-05-2025T06:44:47 - [TEST_STEP][PASSED] - openBrowser(""): Browser is opened with url: ''

26-05-2025T06:44:47 - [MESSAGE][INFO] - Starting 'Chrome' driver

26-05-2025T06:44:47 - [MESSAGE][INFO] - Action delay is set to 0 milliseconds

26-05-2025T06:44:48 - [MESSAGE][PASSED] - Browser is opened with url: ''

26-05-2025T06:44:48 - [TEST_STEP][PASSED] - urlData = 15: null

26-05-2025T06:44:48 - [TEST_STEP][PASSED] - Script1686231490255.CheckPageDownload(urlData, run): null

26-05-2025T06:44:48 - [TEST_STEP][PASSED] - i = 1: null

26-05-2025T06:44:48 - [TEST_STEP][PASSED] - ii = 0: null

26-05-2025T06:44:48 - [TEST_STEP][PASSED] - urlText = <not implemented yet for class: org.codehaus.groovy.ast.expr.EmptyExpression>: null

26-05-2025T06:44:48 - [TEST_STEP][PASSED] - searchWord = <not implemented yet for class: org.codehaus.groovy.ast.expr.EmptyExpression>: null

26-05-2025T06:44:48 - [TEST_STEP][PASSED] - deleteAllCookies(): Delete all cookies successfully

26-05-2025T06:44:48 - [MESSAGE][PASSED] - Delete all cookies successfully

26-05-2025T06:44:48 - [TEST_STEP][PASSED] - refresh(): Refresh successfully

26-05-2025T06:44:48 - [MESSAGE][PASSED] - Refresh successfully

26-05-2025T06:44:48 - [TEST_STEP][PASSED] - delay(40): Delayed 40 second(s)

26-05-2025T06:45:28 - [MESSAGE][PASSED] - Delayed 40 second(s)

26-05-2025T06:45:28 - [TEST_STEP][PASSED] - navigateToUrl(findTestData("PlanFact").getValue(10, urlData)): Navigate to 'https://bi.rosseti.digital/viewer?dashboardGuid=d154a8eaf6824e2b9de1bb04dd061c18&sheetGuid=f217cc6775674247871931fed0993c14&fit=true' successfully

26-05-2025T06:45:32 - [MESSAGE][PASSED] - Navigate to 'https://bi.rosseti.digital/viewer?dashboardGuid=d154a8eaf6824e2b9de1bb04dd061c18&sheetGuid=f217cc6775674247871931fed0993c14&fit=true' successfully

26-05-2025T06:45:32 - [TEST_STEP][PASSED] - pageLoaded1 = verifyElementPresent(findTestObject("Страница авторизации/Text"), 30): Object 'Object Repository/Страница авторизации/Text' is present

26-05-2025T06:45:32 - [MESSAGE][PASSED] - Object 'Object Repository/Страница авторизации/Text' is present

26-05-2025T06:45:32 - [TEST_STEP][PASSED] - if (pageLoaded1 == false): null

26-05-2025T06:45:32 - [TEST_STEP][PASSED] - urlText = getText(findTestObject("Страница авторизации/Text")): Text of object 'Object Repository/Страница авторизации/Text' is: 'Вход'

26-05-2025T06:45:32 - [MESSAGE][PASSED] - Text of object 'Object Repository/Страница авторизации/Text' is: 'Вход'

26-05-2025T06:45:32 - [TEST_STEP][PASSED] - delay(40): Delayed 40 second(s)

26-05-2025T06:46:12 - [MESSAGE][PASSED] - Delayed 40 second(s)

26-05-2025T06:46:12 - [TEST_STEP][PASSED] - searchWord = "Вход": null

26-05-2025T06:46:12 - [TEST_STEP][PASSED] - if (urlText.contains(searchWord) == false): null

26-05-2025T06:46:12 - [TEST_STEP][PASSED] - setText(findTestObject("Страница авторизации/input__username"), findTestData("PlanFact").getValue(8, run)): Text 'Andreeva-EV' is set on object 'Object Repository/Страница авторизации/input__username'

26-05-2025T06:46:13 - [MESSAGE][PASSED] - Text 'Andreeva-EV' is set on object 'Object Repository/Страница авторизации/input__username'

26-05-2025T06:46:13 - [TEST_STEP][PASSED] - setText(findTestObject("Страница авторизации/input__password"), findTestData("PlanFact").getValue(9, run)): Text '2nPePKDwCPH3ul7xMZ' is set on object 'Object Repository/Страница авторизации/input__password'

26-05-2025T06:46:14 - [MESSAGE][PASSED] - Text '2nPePKDwCPH3ul7xMZ' is set on object 'Object Repository/Страница авторизации/input__password'

26-05-2025T06:46:14 - [TEST_STEP][PASSED] - click(findTestObject("Страница авторизации/button_")): Object: 'Object Repository/Страница авторизации/button_' is clicked on

26-05-2025T06:46:15 - [MESSAGE][PASSED] - Object: 'Object Repository/Страница авторизации/button_' is clicked on

26-05-2025T06:46:15 - [TEST_STEP][PASSED] - delay(40): Delayed 40 second(s)

26-05-2025T06:46:55 - [MESSAGE][PASSED] - Delayed 40 second(s)

26-05-2025T06:46:55 - [TEST_STEP][PASSED] - searchWord = "а": null

26-05-2025T06:46:55 - [TEST_STEP][PASSED] - pageLoaded2 = verifyElementPresent(findTestObject("Страница авторизации/Text"), 50): Object 'Object Repository/Страница авторизации/Text' is present

26-05-2025T06:46:55 - [MESSAGE][PASSED] - Object 'Object Repository/Страница авторизации/Text' is present

26-05-2025T06:46:55 - [TEST_STEP][PASSED] - if (pageLoaded2 == false): null

26-05-2025T06:46:55 - [TEST_STEP][PASSED] - urlText = getText(findTestObject("Страница авторизации/Text")): Text of object 'Object Repository/Страница авторизации/Text' is: 'ДЗО 
Все
Период
2025 год - 1 квартал, 2024 год - 1 квартал, 2023 год - 1 квартал
Отпуск из сети
Факт
2023 год
2024 год
0
10 000
20 000
30 000
40 000
50 000
60 000
70 000
80 000
90 000
100 000
110 000
120 000
130 000
140 000
150 000
160 000
149 005 885
530 278
●● Отклонения, тыс. кВт⋅ч
тыс. кВт⋅ч
Отклонения по отпуску из сети
-148 475 607-148 475 607
2023/2024
-175 000 000
-150 000 000
-125 000 000
-100 000 000
-75 000 000
-50 000 000
-25 000 000
0
●● Отклонения, %
%
Отклонения по отпуску из сети
-99.64-99.64
2023/2024
-100
0
-125
-75
-50
-25
тыс. кВт⋅ч
Фактические данные по отпуску из сети'

26-05-2025T06:46:55 - [MESSAGE][PASSED] - Text of object 'Object Repository/Страница авторизации/Text' is: 'ДЗО 
Все
Период
2025 год - 1 квартал, 2024 год - 1 квартал, 2023 год - 1 квартал
Отпуск из сети
Факт
2023 год
2024 год
0
10 000
20 000
30 000
40 000
50 000
60 000
70 000
80 000
90 000
100 000
110 000
120 000
130 000
140 000
150 000
160 000
149 005 885
530 278
●● Отклонения, тыс. кВт⋅ч
тыс. кВт⋅ч
Отклонения по отпуску из сети
-148 475 607-148 475 607
2023/2024
-175 000 000
-150 000 000
-125 000 000
-100 000 000
-75 000 000
-50 000 000
-25 000 000
0
●● Отклонения, %
%
Отклонения по отпуску из сети
-99.64-99.64
2023/2024
-100
0
-125
-75
-50
-25
тыс. кВт⋅ч
Фактические данные по отпуску из сети'

26-05-2025T06:46:55 - [TEST_STEP][PASSED] - if (urlText.contains("ошибка") || urlText.contains(searchWord) == false): null

26-05-2025T06:46:55 - [TEST_STEP][PASSED] - a6 = "": null

26-05-2025T06:46:55 - [TEST_STEP][PASSED] - a7 = "": null

26-05-2025T06:46:55 - [TEST_STEP][PASSED] - a8 = "": null

26-05-2025T06:46:55 - [TEST_STEP][PASSED] - a9 = "": null

26-05-2025T06:46:55 - [TEST_STEP][PASSED] - if (run == 1): null

26-05-2025T06:46:55 - [TEST_STEP][PASSED] - if (run == 2): null

26-05-2025T06:46:55 - [TEST_STEP][PASSED] - user = "Андреева": null

26-05-2025T06:46:55 - [TEST_STEP][PASSED] - a1 = getText(findTestObject("Отпуск из сети/span1")): Text of object 'Object Repository/Отпуск из сети/span1' is: ''

26-05-2025T06:46:56 - [MESSAGE][PASSED] - Text of object 'Object Repository/Отпуск из сети/span1' is: ''

26-05-2025T06:46:56 - [TEST_STEP][PASSED] - a2 = getText(findTestObject("Отпуск из сети/span2")): Text of object 'Object Repository/Отпуск из сети/span2' is: '149 005 885'

26-05-2025T06:46:56 - [MESSAGE][PASSED] - Text of object 'Object Repository/Отпуск из сети/span2' is: '149 005 885'

26-05-2025T06:46:56 - [TEST_STEP][PASSED] - a3 = getText(findTestObject("Отпуск из сети/span3")): Text of object 'Object Repository/Отпуск из сети/span3' is: '530 278'

26-05-2025T06:46:56 - [MESSAGE][PASSED] - Text of object 'Object Repository/Отпуск из сети/span3' is: '530 278'

26-05-2025T06:46:56 - [TEST_STEP][PASSED] - a4 = getText(findTestObject("Отпуск из сети/График1")): Text of object 'Object Repository/Отпуск из сети/График1' is: '●● Отклонения, тыс. кВт⋅ч
тыс. кВт⋅ч
Отклонения по отпуску из сети
-148 475 607-148 475 607
2023/2024
-175 000 000
-150 000 000
-125 000 000
-100 000 000
-75 000 000
-50 000 000
-25 000 000
0'

26-05-2025T06:46:57 - [MESSAGE][PASSED] - Text of object 'Object Repository/Отпуск из сети/График1' is: '●● Отклонения, тыс. кВт⋅ч
тыс. кВт⋅ч
Отклонения по отпуску из сети
-148 475 607-148 475 607
2023/2024
-175 000 000
-150 000 000
-125 000 000
-100 000 000
-75 000 000
-50 000 000
-25 000 000
0'

26-05-2025T06:46:57 - [TEST_STEP][PASSED] - a5 = getText(findTestObject("Отпуск из сети/График2")): Text of object 'Object Repository/Отпуск из сети/График2' is: '●● Отклонения, %
%
Отклонения по отпуску из сети
-99.64-99.64
2023/2024
-100
0
-125
-75
-50
-25'

26-05-2025T06:46:57 - [MESSAGE][PASSED] - Text of object 'Object Repository/Отпуск из сети/График2' is: '●● Отклонения, %
%
Отклонения по отпуску из сети
-99.64-99.64
2023/2024
-100
0
-125
-75
-50
-25'

26-05-2025T06:46:57 - [TEST_STEP][PASSED] - n = n + 10: null

26-05-2025T06:46:57 - [TEST_STEP][PASSED] - b = n - run + 1: null

26-05-2025T06:46:57 - [TEST_STEP][PASSED] - verifyEqual(findTestData("PlanFact").getValue(2, b), a1): Actual object '' and expected object '' are equal

26-05-2025T06:46:57 - [MESSAGE][PASSED] - Actual object '' and expected object '' are equal

26-05-2025T06:46:57 - [TEST_STEP][PASSED] - verifyEqual(findTestData("PlanFact").getValue(3, b), a2): Actual object '149 005 885' and expected object '149 005 885' are equal

26-05-2025T06:46:57 - [MESSAGE][PASSED] - Actual object '149 005 885' and expected object '149 005 885' are equal

26-05-2025T06:46:57 - [TEST_STEP][PASSED] - verifyEqual(findTestData("PlanFact").getValue(4, b), a3): Actual object '530 278' and expected object '530 278' are equal

26-05-2025T06:46:57 - [MESSAGE][PASSED] - Actual object '530 278' and expected object '530 278' are equal

26-05-2025T06:46:57 - [TEST_STEP][PASSED] - verifyEqual(findTestData("PlanFact").getValue(5, b), a4): Actual object '●● Отклонения, тыс. кВт⋅ч
тыс. кВт⋅ч
Отклонения по отпуску из сети
-148 475 607-148 475 607
2023/2024
-175 000 000
-150 000 000
-125 000 000
-100 000 000
-75 000 000
-50 000 000
-25 000 000
0' and expected object '●● Отклонения, тыс. кВт⋅ч
тыс. кВт⋅ч
Отклонения по отпуску из сети
-148 475 607-148 475 607
2023/2024
-175 000 000
-150 000 000
-125 000 000
-100 000 000
-75 000 000
-50 000 000
-25 000 000
0' are equal

26-05-2025T06:46:57 - [MESSAGE][PASSED] - Actual object '●● Отклонения, тыс. кВт⋅ч
тыс. кВт⋅ч
Отклонения по отпуску из сети
-148 475 607-148 475 607
2023/2024
-175 000 000
-150 000 000
-125 000 000
-100 000 000
-75 000 000
-50 000 000
-25 000 000
0' and expected object '●● Отклонения, тыс. кВт⋅ч
тыс. кВт⋅ч
Отклонения по отпуску из сети
-148 475 607-148 475 607
2023/2024
-175 000 000
-150 000 000
-125 000 000
-100 000 000
-75 000 000
-50 000 000
-25 000 000
0' are equal

26-05-2025T06:46:57 - [TEST_STEP][PASSED] - verifyEqual(findTestData("PlanFact").getValue(6, b), a5): Actual object '●● Отклонения, %
%
Отклонения по отпуску из сети
-99.64-99.64
2023/2024
-100
0
-125
-75
-50
-25' and expected object '●● Отклонения, %
%
Отклонения по отпуску из сети
-99.64-99.64
2023/2024
-100
0
-125
-75
-50
-25' are equal

26-05-2025T06:46:57 - [MESSAGE][PASSED] - Actual object '●● Отклонения, %
%
Отклонения по отпуску из сети
-99.64-99.64
2023/2024
-100
0
-125
-75
-50
-25' and expected object '●● Отклонения, %
%
Отклонения по отпуску из сети
-99.64-99.64
2023/2024
-100
0
-125
-75
-50
-25' are equal

26-05-2025T06:46:57 - [TEST_STEP][PASSED] - Script1686231490255.WriteToExcel(user, dashboardName, n, data, run, a1, a2, a3, a4, a5, a6, a7, a8, a9): null

26-05-2025T06:46:57 - [TEST_STEP][PASSED] - sheetName = "Sheet1": null

26-05-2025T06:46:57 - [TEST_STEP][PASSED] - workbook01 = getWorkbook(excelFilePath): null

26-05-2025T06:46:57 - [TEST_STEP][PASSED] - sheet01 = getExcelSheet(workbook01, sheetName): null

26-05-2025T06:46:57 - [TEST_STEP][PASSED] - setValueToCellByIndex(sheet01, n, 0, dashboardName): null

26-05-2025T06:46:57 - [TEST_STEP][PASSED] - setValueToCellByIndex(sheet01, n, 10, user): null

26-05-2025T06:46:57 - [TEST_STEP][PASSED] - setValueToCellByIndex(sheet01, n, 1, a1): null

26-05-2025T06:46:57 - [TEST_STEP][PASSED] - setValueToCellByIndex(sheet01, n, 2, a2): null

26-05-2025T06:46:57 - [TEST_STEP][PASSED] - setValueToCellByIndex(sheet01, n, 3, a3): null

26-05-2025T06:46:57 - [TEST_STEP][PASSED] - setValueToCellByIndex(sheet01, n, 4, a4): null

26-05-2025T06:46:57 - [TEST_STEP][PASSED] - setValueToCellByIndex(sheet01, n, 5, a5): null

26-05-2025T06:46:57 - [TEST_STEP][PASSED] - setValueToCellByIndex(sheet01, n, 6, a6): null

26-05-2025T06:46:57 - [TEST_STEP][PASSED] - setValueToCellByIndex(sheet01, n, 7, a7): null

26-05-2025T06:46:57 - [TEST_STEP][PASSED] - setValueToCellByIndex(sheet01, n, 8, a8): null

26-05-2025T06:46:57 - [TEST_STEP][PASSED] - setValueToCellByIndex(sheet01, n, 9, a9): null

26-05-2025T06:46:57 - [TEST_STEP][PASSED] - n = n + 1: null

26-05-2025T06:46:57 - [TEST_STEP][PASSED] - saveWorkbook(excelFilePath, workbook01): null

26-05-2025T06:46:58 - [TEST_STEP][PASSED] - if (run == 3): null

26-05-2025T06:46:58 - [TEST_STEP][PASSED] - closeBrowser(): null

26-05-2025T06:46:58 - [MESSAGE][PASSED] - Browser is closed

26-05-2025T06:46:58 - [TEST_STEP][PASSED] - OtpuskIzSeti(user, dashboardName, n, data, run, a1, a2, a3, a4, a5, a6, a7, a8, a9, urlData): null

26-05-2025T06:46:58 - [TEST_STEP][PASSED] - n = data.getRowNumbers() + 1: null

26-05-2025T06:46:58 - [TEST_STEP][PASSED] - println(n): null

26-05-2025T06:46:58 - [TEST_STEP][PASSED] - dashboardName = "Отпуск из сети": null

26-05-2025T06:46:58 - [TEST_STEP][PASSED] - openBrowser(""): Browser is opened with url: ''

26-05-2025T06:46:58 - [MESSAGE][INFO] - Starting 'Chrome' driver

26-05-2025T06:46:58 - [MESSAGE][INFO] - Action delay is set to 0 milliseconds

26-05-2025T06:46:59 - [MESSAGE][PASSED] - Browser is opened with url: ''

26-05-2025T06:46:59 - [TEST_STEP][PASSED] - urlData = 15: null

26-05-2025T06:46:59 - [TEST_STEP][PASSED] - Script1686231490255.CheckPageDownload(urlData, run): null

26-05-2025T06:46:59 - [TEST_STEP][PASSED] - i = 1: null

26-05-2025T06:46:59 - [TEST_STEP][PASSED] - ii = 0: null

26-05-2025T06:46:59 - [TEST_STEP][PASSED] - urlText = <not implemented yet for class: org.codehaus.groovy.ast.expr.EmptyExpression>: null

26-05-2025T06:46:59 - [TEST_STEP][PASSED] - searchWord = <not implemented yet for class: org.codehaus.groovy.ast.expr.EmptyExpression>: null

26-05-2025T06:46:59 - [TEST_STEP][PASSED] - deleteAllCookies(): Delete all cookies successfully

26-05-2025T06:46:59 - [MESSAGE][PASSED] - Delete all cookies successfully

26-05-2025T06:46:59 - [TEST_STEP][PASSED] - refresh(): Refresh successfully

26-05-2025T06:46:59 - [MESSAGE][PASSED] - Refresh successfully

26-05-2025T06:46:59 - [TEST_STEP][PASSED] - delay(40): Delayed 40 second(s)

26-05-2025T06:47:39 - [MESSAGE][PASSED] - Delayed 40 second(s)

26-05-2025T06:47:39 - [TEST_STEP][PASSED] - navigateToUrl(findTestData("PlanFact").getValue(10, urlData)): Navigate to 'https://bi.rosseti.digital/viewer?dashboardGuid=d154a8eaf6824e2b9de1bb04dd061c18&sheetGuid=f217cc6775674247871931fed0993c14&fit=true' successfully

26-05-2025T06:47:41 - [MESSAGE][PASSED] - Navigate to 'https://bi.rosseti.digital/viewer?dashboardGuid=d154a8eaf6824e2b9de1bb04dd061c18&sheetGuid=f217cc6775674247871931fed0993c14&fit=true' successfully

26-05-2025T06:47:41 - [TEST_STEP][PASSED] - pageLoaded1 = verifyElementPresent(findTestObject("Страница авторизации/Text"), 30): Object 'Object Repository/Страница авторизации/Text' is present

26-05-2025T06:47:41 - [MESSAGE][PASSED] - Object 'Object Repository/Страница авторизации/Text' is present

26-05-2025T06:47:41 - [TEST_STEP][PASSED] - if (pageLoaded1 == false): null

26-05-2025T06:47:41 - [TEST_STEP][PASSED] - urlText = getText(findTestObject("Страница авторизации/Text")): Text of object 'Object Repository/Страница авторизации/Text' is: 'Вход'

26-05-2025T06:47:42 - [MESSAGE][PASSED] - Text of object 'Object Repository/Страница авторизации/Text' is: 'Вход'

26-05-2025T06:47:42 - [TEST_STEP][PASSED] - delay(40): Delayed 40 second(s)

26-05-2025T06:48:22 - [MESSAGE][PASSED] - Delayed 40 second(s)

26-05-2025T06:48:22 - [TEST_STEP][PASSED] - searchWord = "Вход": null

26-05-2025T06:48:22 - [TEST_STEP][PASSED] - if (urlText.contains(searchWord) == false): null

26-05-2025T06:48:22 - [TEST_STEP][PASSED] - setText(findTestObject("Страница авторизации/input__username"), findTestData("PlanFact").getValue(8, run)): Text 'Petrova-OV' is set on object 'Object Repository/Страница авторизации/input__username'

26-05-2025T06:48:22 - [MESSAGE][PASSED] - Text 'Petrova-OV' is set on object 'Object Repository/Страница авторизации/input__username'

26-05-2025T06:48:22 - [TEST_STEP][PASSED] - setText(findTestObject("Страница авторизации/input__password"), findTestData("PlanFact").getValue(9, run)): Text '4Ex@~R53r&3x&BVe7' is set on object 'Object Repository/Страница авторизации/input__password'

26-05-2025T06:48:23 - [MESSAGE][PASSED] - Text '4Ex@~R53r&3x&BVe7' is set on object 'Object Repository/Страница авторизации/input__password'

26-05-2025T06:48:23 - [TEST_STEP][PASSED] - click(findTestObject("Страница авторизации/button_")): Object: 'Object Repository/Страница авторизации/button_' is clicked on

26-05-2025T06:48:24 - [MESSAGE][PASSED] - Object: 'Object Repository/Страница авторизации/button_' is clicked on

26-05-2025T06:48:24 - [TEST_STEP][PASSED] - delay(40): Delayed 40 second(s)

26-05-2025T06:49:04 - [MESSAGE][PASSED] - Delayed 40 second(s)

26-05-2025T06:49:04 - [TEST_STEP][PASSED] - searchWord = "а": null

26-05-2025T06:49:04 - [TEST_STEP][PASSED] - pageLoaded2 = verifyElementPresent(findTestObject("Страница авторизации/Text"), 50): Object 'Object Repository/Страница авторизации/Text' is present

26-05-2025T06:49:04 - [MESSAGE][PASSED] - Object 'Object Repository/Страница авторизации/Text' is present

26-05-2025T06:49:04 - [TEST_STEP][PASSED] - if (pageLoaded2 == false): null

26-05-2025T06:49:04 - [TEST_STEP][PASSED] - urlText = getText(findTestObject("Страница авторизации/Text")): Text of object 'Object Repository/Страница авторизации/Text' is: 'ДЗО 
Все
Период
2025 год - 1 квартал, 2024 год - 1 квартал, 2023 год - 1 квартал
Отпуск из сети
Факт
2023 год
2024 год
0
10 000
20 000
30 000
40 000
50 000
60 000
70 000
80 000
90 000
100 000
110 000
120 000
130 000
140 000
150 000
160 000
149 005 885
530 278
●● Отклонения, тыс. кВт⋅ч
тыс. кВт⋅ч
Отклонения по отпуску из сети
-148 475 607-148 475 607
2023/2024
-175 000 000
-150 000 000
-125 000 000
-100 000 000
-75 000 000
-50 000 000
-25 000 000
0
●● Отклонения, %
%
Отклонения по отпуску из сети
-99.64-99.64
2023/2024
-100
0
-125
-75
-50
-25
тыс. кВт⋅ч
Фактические данные по отпуску из сети'

26-05-2025T06:49:05 - [MESSAGE][PASSED] - Text of object 'Object Repository/Страница авторизации/Text' is: 'ДЗО 
Все
Период
2025 год - 1 квартал, 2024 год - 1 квартал, 2023 год - 1 квартал
Отпуск из сети
Факт
2023 год
2024 год
0
10 000
20 000
30 000
40 000
50 000
60 000
70 000
80 000
90 000
100 000
110 000
120 000
130 000
140 000
150 000
160 000
149 005 885
530 278
●● Отклонения, тыс. кВт⋅ч
тыс. кВт⋅ч
Отклонения по отпуску из сети
-148 475 607-148 475 607
2023/2024
-175 000 000
-150 000 000
-125 000 000
-100 000 000
-75 000 000
-50 000 000
-25 000 000
0
●● Отклонения, %
%
Отклонения по отпуску из сети
-99.64-99.64
2023/2024
-100
0
-125
-75
-50
-25
тыс. кВт⋅ч
Фактические данные по отпуску из сети'

26-05-2025T06:49:05 - [TEST_STEP][PASSED] - if (urlText.contains("ошибка") || urlText.contains(searchWord) == false): null

26-05-2025T06:49:05 - [TEST_STEP][PASSED] - a6 = "": null

26-05-2025T06:49:05 - [TEST_STEP][PASSED] - a7 = "": null

26-05-2025T06:49:05 - [TEST_STEP][PASSED] - a8 = "": null

26-05-2025T06:49:05 - [TEST_STEP][PASSED] - a9 = "": null

26-05-2025T06:49:05 - [TEST_STEP][PASSED] - if (run == 1): null

26-05-2025T06:49:05 - [TEST_STEP][PASSED] - if (run == 2): null

26-05-2025T06:49:05 - [TEST_STEP][PASSED] - if (run == 3): null

26-05-2025T06:49:05 - [TEST_STEP][PASSED] - user = "Попова": null

26-05-2025T06:49:05 - [TEST_STEP][PASSED] - a1 = getText(findTestObject("Отпуск из сети/span1")): Text of object 'Object Repository/Отпуск из сети/span1' is: ''

26-05-2025T06:49:05 - [MESSAGE][PASSED] - Text of object 'Object Repository/Отпуск из сети/span1' is: ''

26-05-2025T06:49:05 - [TEST_STEP][PASSED] - a2 = getText(findTestObject("Отпуск из сети/span2")): Text of object 'Object Repository/Отпуск из сети/span2' is: '149 005 885'

26-05-2025T06:49:06 - [MESSAGE][PASSED] - Text of object 'Object Repository/Отпуск из сети/span2' is: '149 005 885'

26-05-2025T06:49:06 - [TEST_STEP][PASSED] - a3 = getText(findTestObject("Отпуск из сети/span3")): Text of object 'Object Repository/Отпуск из сети/span3' is: '530 278'

26-05-2025T06:49:06 - [MESSAGE][PASSED] - Text of object 'Object Repository/Отпуск из сети/span3' is: '530 278'

26-05-2025T06:49:06 - [TEST_STEP][PASSED] - a4 = getText(findTestObject("Отпуск из сети/График1")): Text of object 'Object Repository/Отпуск из сети/График1' is: '●● Отклонения, тыс. кВт⋅ч
тыс. кВт⋅ч
Отклонения по отпуску из сети
-148 475 607-148 475 607
2023/2024
-175 000 000
-150 000 000
-125 000 000
-100 000 000
-75 000 000
-50 000 000
-25 000 000
0'

26-05-2025T06:49:06 - [MESSAGE][PASSED] - Text of object 'Object Repository/Отпуск из сети/График1' is: '●● Отклонения, тыс. кВт⋅ч
тыс. кВт⋅ч
Отклонения по отпуску из сети
-148 475 607-148 475 607
2023/2024
-175 000 000
-150 000 000
-125 000 000
-100 000 000
-75 000 000
-50 000 000
-25 000 000
0'

26-05-2025T06:49:06 - [TEST_STEP][PASSED] - a5 = getText(findTestObject("Отпуск из сети/График2")): Text of object 'Object Repository/Отпуск из сети/График2' is: '●● Отклонения, %
%
Отклонения по отпуску из сети
-99.64-99.64
2023/2024
-100
0
-125
-75
-50
-25'

26-05-2025T06:49:06 - [MESSAGE][PASSED] - Text of object 'Object Repository/Отпуск из сети/График2' is: '●● Отклонения, %
%
Отклонения по отпуску из сети
-99.64-99.64
2023/2024
-100
0
-125
-75
-50
-25'

26-05-2025T06:49:06 - [TEST_STEP][PASSED] - n = n + 11: null

26-05-2025T06:49:06 - [TEST_STEP][PASSED] - b = n - run + 1: null

26-05-2025T06:49:06 - [TEST_STEP][PASSED] - verifyEqual(findTestData("PlanFact").getValue(2, b), a1): Actual object '' and expected object '' are equal

26-05-2025T06:49:07 - [MESSAGE][PASSED] - Actual object '' and expected object '' are equal

26-05-2025T06:49:07 - [TEST_STEP][PASSED] - verifyEqual(findTestData("PlanFact").getValue(3, b), a2): Actual object '149 005 885' and expected object '149 005 885' are equal

26-05-2025T06:49:07 - [MESSAGE][PASSED] - Actual object '149 005 885' and expected object '149 005 885' are equal

26-05-2025T06:49:07 - [TEST_STEP][PASSED] - verifyEqual(findTestData("PlanFact").getValue(4, b), a3): Actual object '530 278' and expected object '530 278' are equal

26-05-2025T06:49:07 - [MESSAGE][PASSED] - Actual object '530 278' and expected object '530 278' are equal

26-05-2025T06:49:07 - [TEST_STEP][PASSED] - verifyEqual(findTestData("PlanFact").getValue(5, b), a4): Actual object '●● Отклонения, тыс. кВт⋅ч
тыс. кВт⋅ч
Отклонения по отпуску из сети
-148 475 607-148 475 607
2023/2024
-175 000 000
-150 000 000
-125 000 000
-100 000 000
-75 000 000
-50 000 000
-25 000 000
0' and expected object '●● Отклонения, тыс. кВт⋅ч
тыс. кВт⋅ч
Отклонения по отпуску из сети
-148 475 607-148 475 607
2023/2024
-175 000 000
-150 000 000
-125 000 000
-100 000 000
-75 000 000
-50 000 000
-25 000 000
0' are equal

26-05-2025T06:49:07 - [MESSAGE][PASSED] - Actual object '●● Отклонения, тыс. кВт⋅ч
тыс. кВт⋅ч
Отклонения по отпуску из сети
-148 475 607-148 475 607
2023/2024
-175 000 000
-150 000 000
-125 000 000
-100 000 000
-75 000 000
-50 000 000
-25 000 000
0' and expected object '●● Отклонения, тыс. кВт⋅ч
тыс. кВт⋅ч
Отклонения по отпуску из сети
-148 475 607-148 475 607
2023/2024
-175 000 000
-150 000 000
-125 000 000
-100 000 000
-75 000 000
-50 000 000
-25 000 000
0' are equal

26-05-2025T06:49:07 - [TEST_STEP][PASSED] - verifyEqual(findTestData("PlanFact").getValue(6, b), a5): Actual object '●● Отклонения, %
%
Отклонения по отпуску из сети
-99.64-99.64
2023/2024
-100
0
-125
-75
-50
-25' and expected object '●● Отклонения, %
%
Отклонения по отпуску из сети
-99.64-99.64
2023/2024
-100
0
-125
-75
-50
-25' are equal

26-05-2025T06:49:07 - [MESSAGE][PASSED] - Actual object '●● Отклонения, %
%
Отклонения по отпуску из сети
-99.64-99.64
2023/2024
-100
0
-125
-75
-50
-25' and expected object '●● Отклонения, %
%
Отклонения по отпуску из сети
-99.64-99.64
2023/2024
-100
0
-125
-75
-50
-25' are equal

26-05-2025T06:49:07 - [TEST_STEP][PASSED] - Script1686231490255.WriteToExcel(user, dashboardName, n, data, run, a1, a2, a3, a4, a5, a6, a7, a8, a9): null

26-05-2025T06:49:07 - [TEST_STEP][PASSED] - sheetName = "Sheet1": null

26-05-2025T06:49:07 - [TEST_STEP][PASSED] - workbook01 = getWorkbook(excelFilePath): null

26-05-2025T06:49:07 - [TEST_STEP][PASSED] - sheet01 = getExcelSheet(workbook01, sheetName): null

26-05-2025T06:49:07 - [TEST_STEP][PASSED] - setValueToCellByIndex(sheet01, n, 0, dashboardName): null

26-05-2025T06:49:07 - [TEST_STEP][PASSED] - setValueToCellByIndex(sheet01, n, 10, user): null

26-05-2025T06:49:07 - [TEST_STEP][PASSED] - setValueToCellByIndex(sheet01, n, 1, a1): null

26-05-2025T06:49:07 - [TEST_STEP][PASSED] - setValueToCellByIndex(sheet01, n, 2, a2): null

26-05-2025T06:49:07 - [TEST_STEP][PASSED] - setValueToCellByIndex(sheet01, n, 3, a3): null

26-05-2025T06:49:07 - [TEST_STEP][PASSED] - setValueToCellByIndex(sheet01, n, 4, a4): null

26-05-2025T06:49:07 - [TEST_STEP][PASSED] - setValueToCellByIndex(sheet01, n, 5, a5): null

26-05-2025T06:49:07 - [TEST_STEP][PASSED] - setValueToCellByIndex(sheet01, n, 6, a6): null

26-05-2025T06:49:07 - [TEST_STEP][PASSED] - setValueToCellByIndex(sheet01, n, 7, a7): null

26-05-2025T06:49:07 - [TEST_STEP][PASSED] - setValueToCellByIndex(sheet01, n, 8, a8): null

26-05-2025T06:49:07 - [TEST_STEP][PASSED] - setValueToCellByIndex(sheet01, n, 9, a9): null

26-05-2025T06:49:07 - [TEST_STEP][PASSED] - n = n + 1: null

26-05-2025T06:49:07 - [TEST_STEP][PASSED] - saveWorkbook(excelFilePath, workbook01): null

26-05-2025T06:49:07 - [TEST_STEP][PASSED] - closeBrowser(): Browser is closed

26-05-2025T06:49:07 - [MESSAGE][PASSED] - Browser is closed

26-05-2025T06:49:07 - [TEST_STEP][PASSED] - delay(40): Delayed 40 second(s)

26-05-2025T06:49:47 - [MESSAGE][PASSED] - Delayed 40 second(s)

26-05-2025T06:49:47 - [TEST_STEP][PASSED] - for ([run = 1, run < 4, (run++)]): null

26-05-2025T06:49:47 - [TEST_STEP][PASSED] - OtpuskVSet(user, dashboardName, n, data, run, a1, a2, a3, a4, a5, a6, a7, a8, a9, urlData): null

26-05-2025T06:49:47 - [TEST_STEP][PASSED] - n = data.getRowNumbers() + 1: null

26-05-2025T06:49:47 - [TEST_STEP][PASSED] - println(n): null

26-05-2025T06:49:47 - [TEST_STEP][PASSED] - dashboardName = "Отпуск в сеть": null

26-05-2025T06:49:47 - [TEST_STEP][PASSED] - openBrowser(""): Browser is opened with url: ''

26-05-2025T06:49:47 - [MESSAGE][INFO] - Starting 'Chrome' driver

26-05-2025T06:49:47 - [MESSAGE][INFO] - Action delay is set to 0 milliseconds

26-05-2025T06:49:48 - [MESSAGE][PASSED] - Browser is opened with url: ''

26-05-2025T06:49:48 - [TEST_STEP][PASSED] - urlData = 16: null

26-05-2025T06:49:48 - [TEST_STEP][PASSED] - Script1686231490255.CheckPageDownload(urlData, run): null

26-05-2025T06:49:48 - [TEST_STEP][PASSED] - i = 1: null

26-05-2025T06:49:48 - [TEST_STEP][PASSED] - ii = 0: null

26-05-2025T06:49:48 - [TEST_STEP][PASSED] - urlText = <not implemented yet for class: org.codehaus.groovy.ast.expr.EmptyExpression>: null

26-05-2025T06:49:48 - [TEST_STEP][PASSED] - searchWord = <not implemented yet for class: org.codehaus.groovy.ast.expr.EmptyExpression>: null

26-05-2025T06:49:48 - [TEST_STEP][PASSED] - deleteAllCookies(): Delete all cookies successfully

26-05-2025T06:49:48 - [MESSAGE][PASSED] - Delete all cookies successfully

26-05-2025T06:49:48 - [TEST_STEP][PASSED] - refresh(): Refresh successfully

26-05-2025T06:49:48 - [MESSAGE][PASSED] - Refresh successfully

26-05-2025T06:49:48 - [TEST_STEP][PASSED] - delay(40): Delayed 40 second(s)

26-05-2025T06:50:28 - [MESSAGE][PASSED] - Delayed 40 second(s)

26-05-2025T06:50:28 - [TEST_STEP][PASSED] - navigateToUrl(findTestData("PlanFact").getValue(10, urlData)): Navigate to 'https://bi.rosseti.digital/viewer?dashboardGuid=d154a8eaf6824e2b9de1bb04dd061c18&sheetGuid=33f591ea3cbf498897e314a4cd5a9f29&fit=true' successfully

26-05-2025T06:50:30 - [MESSAGE][PASSED] - Navigate to 'https://bi.rosseti.digital/viewer?dashboardGuid=d154a8eaf6824e2b9de1bb04dd061c18&sheetGuid=33f591ea3cbf498897e314a4cd5a9f29&fit=true' successfully

26-05-2025T06:50:30 - [TEST_STEP][PASSED] - pageLoaded1 = verifyElementPresent(findTestObject("Страница авторизации/Text"), 30): Object 'Object Repository/Страница авторизации/Text' is present

26-05-2025T06:50:31 - [MESSAGE][PASSED] - Object 'Object Repository/Страница авторизации/Text' is present

26-05-2025T06:50:31 - [TEST_STEP][PASSED] - if (pageLoaded1 == false): null

26-05-2025T06:50:31 - [TEST_STEP][PASSED] - urlText = getText(findTestObject("Страница авторизации/Text")): Text of object 'Object Repository/Страница авторизации/Text' is: 'Вход'

26-05-2025T06:50:31 - [MESSAGE][PASSED] - Text of object 'Object Repository/Страница авторизации/Text' is: 'Вход'

26-05-2025T06:50:31 - [TEST_STEP][PASSED] - delay(40): Delayed 40 second(s)

26-05-2025T06:51:11 - [MESSAGE][PASSED] - Delayed 40 second(s)

26-05-2025T06:51:11 - [TEST_STEP][PASSED] - searchWord = "Вход": null

26-05-2025T06:51:11 - [TEST_STEP][PASSED] - if (urlText.contains(searchWord) == false): null

26-05-2025T06:51:11 - [TEST_STEP][PASSED] - setText(findTestObject("Страница авторизации/input__username"), findTestData("PlanFact").getValue(8, run)): Text 'liazgina-di' is set on object 'Object Repository/Страница авторизации/input__username'

26-05-2025T06:51:12 - [MESSAGE][PASSED] - Text 'liazgina-di' is set on object 'Object Repository/Страница авторизации/input__username'

26-05-2025T06:51:12 - [TEST_STEP][PASSED] - setText(findTestObject("Страница авторизации/input__password"), findTestData("PlanFact").getValue(9, run)): Text ')$%5srZ8o688Dm#q' is set on object 'Object Repository/Страница авторизации/input__password'

26-05-2025T06:51:13 - [MESSAGE][PASSED] - Text ')$%5srZ8o688Dm#q' is set on object 'Object Repository/Страница авторизации/input__password'

26-05-2025T06:51:13 - [TEST_STEP][PASSED] - click(findTestObject("Страница авторизации/button_")): Object: 'Object Repository/Страница авторизации/button_' is clicked on

26-05-2025T06:51:14 - [MESSAGE][PASSED] - Object: 'Object Repository/Страница авторизации/button_' is clicked on

26-05-2025T06:51:14 - [TEST_STEP][PASSED] - delay(40): Delayed 40 second(s)

26-05-2025T06:51:54 - [MESSAGE][PASSED] - Delayed 40 second(s)

26-05-2025T06:51:54 - [TEST_STEP][PASSED] - searchWord = "а": null

26-05-2025T06:51:54 - [TEST_STEP][PASSED] - pageLoaded2 = verifyElementPresent(findTestObject("Страница авторизации/Text"), 50): Object 'Object Repository/Страница авторизации/Text' is present

26-05-2025T06:51:54 - [MESSAGE][PASSED] - Object 'Object Repository/Страница авторизации/Text' is present

26-05-2025T06:51:54 - [TEST_STEP][PASSED] - if (pageLoaded2 == false): null

26-05-2025T06:51:54 - [TEST_STEP][PASSED] - urlText = getText(findTestObject("Страница авторизации/Text")): Text of object 'Object Repository/Страница авторизации/Text' is: 'ДЗО 
Все
Период
2025 год - 1 квартал, 2024 год - 1 квартал, 2023 год - 1 квартал
тыс. кВт⋅ч
Отпуск в сеть
Факт
2023 год
2024 год
0
20 000
40 000
60 000
80 000
100 000
120 000
140 000
160 000
180 000
164 941 759
648 220
●● Отклонения, %
%
Отклонения по отпуску в сеть
-99.61-99.61
2023/2024
-100
0
-125
-75
-50
-25
●● Отклонения, тыс. кВт⋅ч
тыс. кВт⋅ч
Отклонения по отпуску в сеть
-164 293 539-164 293 539
2023/2024
-150 000 000
-100 000 000
-50 000 000
0
-200 000 000
Фактические данные по отпуску в сеть'

26-05-2025T06:51:54 - [MESSAGE][PASSED] - Text of object 'Object Repository/Страница авторизации/Text' is: 'ДЗО 
Все
Период
2025 год - 1 квартал, 2024 год - 1 квартал, 2023 год - 1 квартал
тыс. кВт⋅ч
Отпуск в сеть
Факт
2023 год
2024 год
0
20 000
40 000
60 000
80 000
100 000
120 000
140 000
160 000
180 000
164 941 759
648 220
●● Отклонения, %
%
Отклонения по отпуску в сеть
-99.61-99.61
2023/2024
-100
0
-125
-75
-50
-25
●● Отклонения, тыс. кВт⋅ч
тыс. кВт⋅ч
Отклонения по отпуску в сеть
-164 293 539-164 293 539
2023/2024
-150 000 000
-100 000 000
-50 000 000
0
-200 000 000
Фактические данные по отпуску в сеть'

26-05-2025T06:51:54 - [TEST_STEP][PASSED] - if (urlText.contains("ошибка") || urlText.contains(searchWord) == false): null

26-05-2025T06:51:54 - [TEST_STEP][PASSED] - a5 = "": null

26-05-2025T06:51:54 - [TEST_STEP][PASSED] - a6 = "": null

26-05-2025T06:51:54 - [TEST_STEP][PASSED] - a7 = "": null

26-05-2025T06:51:54 - [TEST_STEP][PASSED] - a8 = "": null

26-05-2025T06:51:54 - [TEST_STEP][PASSED] - a9 = "": null

26-05-2025T06:51:54 - [TEST_STEP][PASSED] - if (run == 1): null

26-05-2025T06:51:54 - [TEST_STEP][PASSED] - user = "админ": null

26-05-2025T06:51:54 - [TEST_STEP][PASSED] - a1 = getText(findTestObject("Отпуск в сеть/span1")): Text of object 'Object Repository/Отпуск в сеть/span1' is: '164 941 759'

26-05-2025T06:51:55 - [MESSAGE][PASSED] - Text of object 'Object Repository/Отпуск в сеть/span1' is: '164 941 759'

26-05-2025T06:51:55 - [TEST_STEP][PASSED] - a2 = getText(findTestObject("Отпуск в сеть/span2")): Text of object 'Object Repository/Отпуск в сеть/span2' is: '648 220'

26-05-2025T06:51:55 - [MESSAGE][PASSED] - Text of object 'Object Repository/Отпуск в сеть/span2' is: '648 220'

26-05-2025T06:51:55 - [TEST_STEP][PASSED] - a3 = getText(findTestObject("Отпуск в сеть/График1")): Text of object 'Object Repository/Отпуск в сеть/График1' is: '●● Отклонения, тыс. кВт⋅ч
тыс. кВт⋅ч
Отклонения по отпуску в сеть
-164 293 539-164 293 539
2023/2024
-150 000 000
-100 000 000
-50 000 000
0
-200 000 000'

26-05-2025T06:51:55 - [MESSAGE][PASSED] - Text of object 'Object Repository/Отпуск в сеть/График1' is: '●● Отклонения, тыс. кВт⋅ч
тыс. кВт⋅ч
Отклонения по отпуску в сеть
-164 293 539-164 293 539
2023/2024
-150 000 000
-100 000 000
-50 000 000
0
-200 000 000'

26-05-2025T06:51:55 - [TEST_STEP][PASSED] - a4 = getText(findTestObject("Отпуск в сеть/График2")): Text of object 'Object Repository/Отпуск в сеть/График2' is: '●● Отклонения, %
%
Отклонения по отпуску в сеть
-99.61-99.61
2023/2024
-100
0
-125
-75
-50
-25'

26-05-2025T06:51:56 - [MESSAGE][PASSED] - Text of object 'Object Repository/Отпуск в сеть/График2' is: '●● Отклонения, %
%
Отклонения по отпуску в сеть
-99.61-99.61
2023/2024
-100
0
-125
-75
-50
-25'

26-05-2025T06:51:56 - [TEST_STEP][PASSED] - n = n + 12: null

26-05-2025T06:51:56 - [TEST_STEP][PASSED] - Script1686231490255.WriteToExcel(user, dashboardName, n, data, run, a1, a2, a3, a4, a5, a6, a7, a8, a9): null

26-05-2025T06:51:56 - [TEST_STEP][PASSED] - sheetName = "Sheet1": null

26-05-2025T06:51:56 - [TEST_STEP][PASSED] - workbook01 = getWorkbook(excelFilePath): null

26-05-2025T06:51:56 - [TEST_STEP][PASSED] - sheet01 = getExcelSheet(workbook01, sheetName): null

26-05-2025T06:51:56 - [TEST_STEP][PASSED] - setValueToCellByIndex(sheet01, n, 0, dashboardName): null

26-05-2025T06:51:56 - [TEST_STEP][PASSED] - setValueToCellByIndex(sheet01, n, 10, user): null

26-05-2025T06:51:56 - [TEST_STEP][PASSED] - setValueToCellByIndex(sheet01, n, 1, a1): null

26-05-2025T06:51:56 - [TEST_STEP][PASSED] - setValueToCellByIndex(sheet01, n, 2, a2): null

26-05-2025T06:51:56 - [TEST_STEP][PASSED] - setValueToCellByIndex(sheet01, n, 3, a3): null

26-05-2025T06:51:56 - [TEST_STEP][PASSED] - setValueToCellByIndex(sheet01, n, 4, a4): null

26-05-2025T06:51:56 - [TEST_STEP][PASSED] - setValueToCellByIndex(sheet01, n, 5, a5): null

26-05-2025T06:51:56 - [TEST_STEP][PASSED] - setValueToCellByIndex(sheet01, n, 6, a6): null

26-05-2025T06:51:56 - [TEST_STEP][PASSED] - setValueToCellByIndex(sheet01, n, 7, a7): null

26-05-2025T06:51:56 - [TEST_STEP][PASSED] - setValueToCellByIndex(sheet01, n, 8, a8): null

26-05-2025T06:51:56 - [TEST_STEP][PASSED] - setValueToCellByIndex(sheet01, n, 9, a9): null

26-05-2025T06:51:56 - [TEST_STEP][PASSED] - n = n + 1: null

26-05-2025T06:51:56 - [TEST_STEP][PASSED] - saveWorkbook(excelFilePath, workbook01): null

26-05-2025T06:51:56 - [TEST_STEP][PASSED] - if (run == 2): null

26-05-2025T06:51:56 - [TEST_STEP][PASSED] - if (run == 3): null

26-05-2025T06:51:56 - [TEST_STEP][PASSED] - closeBrowser(): null

26-05-2025T06:51:56 - [MESSAGE][PASSED] - Browser is closed

26-05-2025T06:51:56 - [TEST_STEP][PASSED] - OtpuskVSet(user, dashboardName, n, data, run, a1, a2, a3, a4, a5, a6, a7, a8, a9, urlData): null

26-05-2025T06:51:56 - [TEST_STEP][PASSED] - n = data.getRowNumbers() + 1: null

26-05-2025T06:51:56 - [TEST_STEP][PASSED] - println(n): null

26-05-2025T06:51:56 - [TEST_STEP][PASSED] - dashboardName = "Отпуск в сеть": null

26-05-2025T06:51:56 - [TEST_STEP][PASSED] - openBrowser(""): Browser is opened with url: ''

26-05-2025T06:51:56 - [MESSAGE][INFO] - Starting 'Chrome' driver

26-05-2025T06:51:56 - [MESSAGE][INFO] - Action delay is set to 0 milliseconds

26-05-2025T06:51:57 - [MESSAGE][PASSED] - Browser is opened with url: ''

26-05-2025T06:51:57 - [TEST_STEP][PASSED] - urlData = 16: null

26-05-2025T06:51:57 - [TEST_STEP][PASSED] - Script1686231490255.CheckPageDownload(urlData, run): null

26-05-2025T06:51:57 - [TEST_STEP][PASSED] - i = 1: null

26-05-2025T06:51:57 - [TEST_STEP][PASSED] - ii = 0: null

26-05-2025T06:51:57 - [TEST_STEP][PASSED] - urlText = <not implemented yet for class: org.codehaus.groovy.ast.expr.EmptyExpression>: null

26-05-2025T06:51:57 - [TEST_STEP][PASSED] - searchWord = <not implemented yet for class: org.codehaus.groovy.ast.expr.EmptyExpression>: null

26-05-2025T06:51:57 - [TEST_STEP][PASSED] - deleteAllCookies(): Delete all cookies successfully

26-05-2025T06:51:57 - [MESSAGE][PASSED] - Delete all cookies successfully

26-05-2025T06:51:57 - [TEST_STEP][PASSED] - refresh(): Refresh successfully

26-05-2025T06:51:57 - [MESSAGE][PASSED] - Refresh successfully

26-05-2025T06:51:57 - [TEST_STEP][PASSED] - delay(40): Delayed 40 second(s)

26-05-2025T06:52:37 - [MESSAGE][PASSED] - Delayed 40 second(s)

26-05-2025T06:52:37 - [TEST_STEP][PASSED] - navigateToUrl(findTestData("PlanFact").getValue(10, urlData)): Navigate to 'https://bi.rosseti.digital/viewer?dashboardGuid=d154a8eaf6824e2b9de1bb04dd061c18&sheetGuid=33f591ea3cbf498897e314a4cd5a9f29&fit=true' successfully

26-05-2025T06:52:39 - [MESSAGE][PASSED] - Navigate to 'https://bi.rosseti.digital/viewer?dashboardGuid=d154a8eaf6824e2b9de1bb04dd061c18&sheetGuid=33f591ea3cbf498897e314a4cd5a9f29&fit=true' successfully

26-05-2025T06:52:39 - [TEST_STEP][PASSED] - pageLoaded1 = verifyElementPresent(findTestObject("Страница авторизации/Text"), 30): Object 'Object Repository/Страница авторизации/Text' is present

26-05-2025T06:52:40 - [MESSAGE][PASSED] - Object 'Object Repository/Страница авторизации/Text' is present

26-05-2025T06:52:40 - [TEST_STEP][PASSED] - if (pageLoaded1 == false): null

26-05-2025T06:52:40 - [TEST_STEP][PASSED] - urlText = getText(findTestObject("Страница авторизации/Text")): Text of object 'Object Repository/Страница авторизации/Text' is: 'Вход'

26-05-2025T06:52:40 - [MESSAGE][PASSED] - Text of object 'Object Repository/Страница авторизации/Text' is: 'Вход'

26-05-2025T06:52:40 - [TEST_STEP][PASSED] - delay(40): Delayed 40 second(s)

26-05-2025T06:53:20 - [MESSAGE][PASSED] - Delayed 40 second(s)

26-05-2025T06:53:20 - [TEST_STEP][PASSED] - searchWord = "Вход": null

26-05-2025T06:53:20 - [TEST_STEP][PASSED] - if (urlText.contains(searchWord) == false): null

26-05-2025T06:53:20 - [TEST_STEP][PASSED] - setText(findTestObject("Страница авторизации/input__username"), findTestData("PlanFact").getValue(8, run)): Text 'Andreeva-EV' is set on object 'Object Repository/Страница авторизации/input__username'

26-05-2025T06:53:21 - [MESSAGE][PASSED] - Text 'Andreeva-EV' is set on object 'Object Repository/Страница авторизации/input__username'

26-05-2025T06:53:21 - [TEST_STEP][PASSED] - setText(findTestObject("Страница авторизации/input__password"), findTestData("PlanFact").getValue(9, run)): Text '2nPePKDwCPH3ul7xMZ' is set on object 'Object Repository/Страница авторизации/input__password'

26-05-2025T06:53:22 - [MESSAGE][PASSED] - Text '2nPePKDwCPH3ul7xMZ' is set on object 'Object Repository/Страница авторизации/input__password'

26-05-2025T06:53:22 - [TEST_STEP][PASSED] - click(findTestObject("Страница авторизации/button_")): Object: 'Object Repository/Страница авторизации/button_' is clicked on

26-05-2025T06:53:23 - [MESSAGE][PASSED] - Object: 'Object Repository/Страница авторизации/button_' is clicked on

26-05-2025T06:53:23 - [TEST_STEP][PASSED] - delay(40): Delayed 40 second(s)

26-05-2025T06:54:03 - [MESSAGE][PASSED] - Delayed 40 second(s)

26-05-2025T06:54:03 - [TEST_STEP][PASSED] - searchWord = "а": null

26-05-2025T06:54:03 - [TEST_STEP][PASSED] - pageLoaded2 = verifyElementPresent(findTestObject("Страница авторизации/Text"), 50): Object 'Object Repository/Страница авторизации/Text' is present

26-05-2025T06:54:03 - [MESSAGE][PASSED] - Object 'Object Repository/Страница авторизации/Text' is present

26-05-2025T06:54:03 - [TEST_STEP][PASSED] - if (pageLoaded2 == false): null

26-05-2025T06:54:03 - [TEST_STEP][PASSED] - urlText = getText(findTestObject("Страница авторизации/Text")): Text of object 'Object Repository/Страница авторизации/Text' is: 'ДЗО 
Все
Период
2025 год - 1 квартал, 2024 год - 1 квартал, 2023 год - 1 квартал
тыс. кВт⋅ч
Отпуск в сеть
Факт
2023 год
2024 год
0
20 000
40 000
60 000
80 000
100 000
120 000
140 000
160 000
180 000
164 941 759
648 220
●● Отклонения, %
%
Отклонения по отпуску в сеть
-99.61-99.61
2023/2024
-100
0
-125
-75
-50
-25
●● Отклонения, тыс. кВт⋅ч
тыс. кВт⋅ч
Отклонения по отпуску в сеть
-164 293 539-164 293 539
2023/2024
-150 000 000
-100 000 000
-50 000 000
0
-200 000 000
Фактические данные по отпуску в сеть'

26-05-2025T06:54:04 - [MESSAGE][PASSED] - Text of object 'Object Repository/Страница авторизации/Text' is: 'ДЗО 
Все
Период
2025 год - 1 квартал, 2024 год - 1 квартал, 2023 год - 1 квартал
тыс. кВт⋅ч
Отпуск в сеть
Факт
2023 год
2024 год
0
20 000
40 000
60 000
80 000
100 000
120 000
140 000
160 000
180 000
164 941 759
648 220
●● Отклонения, %
%
Отклонения по отпуску в сеть
-99.61-99.61
2023/2024
-100
0
-125
-75
-50
-25
●● Отклонения, тыс. кВт⋅ч
тыс. кВт⋅ч
Отклонения по отпуску в сеть
-164 293 539-164 293 539
2023/2024
-150 000 000
-100 000 000
-50 000 000
0
-200 000 000
Фактические данные по отпуску в сеть'

26-05-2025T06:54:04 - [TEST_STEP][PASSED] - if (urlText.contains("ошибка") || urlText.contains(searchWord) == false): null

26-05-2025T06:54:04 - [TEST_STEP][PASSED] - a5 = "": null

26-05-2025T06:54:04 - [TEST_STEP][PASSED] - a6 = "": null

26-05-2025T06:54:04 - [TEST_STEP][PASSED] - a7 = "": null

26-05-2025T06:54:04 - [TEST_STEP][PASSED] - a8 = "": null

26-05-2025T06:54:04 - [TEST_STEP][PASSED] - a9 = "": null

26-05-2025T06:54:04 - [TEST_STEP][PASSED] - if (run == 1): null

26-05-2025T06:54:04 - [TEST_STEP][PASSED] - if (run == 2): null

26-05-2025T06:54:04 - [TEST_STEP][PASSED] - user = "Андреева": null

26-05-2025T06:54:04 - [TEST_STEP][PASSED] - a1 = getText(findTestObject("Отпуск в сеть/span1")): Text of object 'Object Repository/Отпуск в сеть/span1' is: '164 941 759'

26-05-2025T06:54:04 - [MESSAGE][PASSED] - Text of object 'Object Repository/Отпуск в сеть/span1' is: '164 941 759'

26-05-2025T06:54:04 - [TEST_STEP][PASSED] - a2 = getText(findTestObject("Отпуск в сеть/span2")): Text of object 'Object Repository/Отпуск в сеть/span2' is: '648 220'

26-05-2025T06:54:04 - [MESSAGE][PASSED] - Text of object 'Object Repository/Отпуск в сеть/span2' is: '648 220'

26-05-2025T06:54:04 - [TEST_STEP][PASSED] - a3 = getText(findTestObject("Отпуск в сеть/График1")): Text of object 'Object Repository/Отпуск в сеть/График1' is: '●● Отклонения, тыс. кВт⋅ч
тыс. кВт⋅ч
Отклонения по отпуску в сеть
-164 293 539-164 293 539
2023/2024
-150 000 000
-100 000 000
-50 000 000
0
-200 000 000'

26-05-2025T06:54:04 - [MESSAGE][PASSED] - Text of object 'Object Repository/Отпуск в сеть/График1' is: '●● Отклонения, тыс. кВт⋅ч
тыс. кВт⋅ч
Отклонения по отпуску в сеть
-164 293 539-164 293 539
2023/2024
-150 000 000
-100 000 000
-50 000 000
0
-200 000 000'

26-05-2025T06:54:04 - [TEST_STEP][PASSED] - a4 = getText(findTestObject("Отпуск в сеть/График2")): Text of object 'Object Repository/Отпуск в сеть/График2' is: '●● Отклонения, %
%
Отклонения по отпуску в сеть
-99.61-99.61
2023/2024
-100
0
-125
-75
-50
-25'

26-05-2025T06:54:05 - [MESSAGE][PASSED] - Text of object 'Object Repository/Отпуск в сеть/График2' is: '●● Отклонения, %
%
Отклонения по отпуску в сеть
-99.61-99.61
2023/2024
-100
0
-125
-75
-50
-25'

26-05-2025T06:54:05 - [TEST_STEP][PASSED] - n = n + 13: null

26-05-2025T06:54:05 - [TEST_STEP][PASSED] - b = n - run + 1: null

26-05-2025T06:54:05 - [TEST_STEP][PASSED] - verifyEqual(findTestData("PlanFact").getValue(2, b), a1): Actual object '164 941 759' and expected object '164 941 759' are equal

26-05-2025T06:54:05 - [MESSAGE][PASSED] - Actual object '164 941 759' and expected object '164 941 759' are equal

26-05-2025T06:54:05 - [TEST_STEP][PASSED] - verifyEqual(findTestData("PlanFact").getValue(3, b), a2): Actual object '648 220' and expected object '648 220' are equal

26-05-2025T06:54:05 - [MESSAGE][PASSED] - Actual object '648 220' and expected object '648 220' are equal

26-05-2025T06:54:05 - [TEST_STEP][PASSED] - verifyEqual(findTestData("PlanFact").getValue(4, b), a3): Actual object '●● Отклонения, тыс. кВт⋅ч
тыс. кВт⋅ч
Отклонения по отпуску в сеть
-164 293 539-164 293 539
2023/2024
-150 000 000
-100 000 000
-50 000 000
0
-200 000 000' and expected object '●● Отклонения, тыс. кВт⋅ч
тыс. кВт⋅ч
Отклонения по отпуску в сеть
-164 293 539-164 293 539
2023/2024
-150 000 000
-100 000 000
-50 000 000
0
-200 000 000' are equal

26-05-2025T06:54:05 - [MESSAGE][PASSED] - Actual object '●● Отклонения, тыс. кВт⋅ч
тыс. кВт⋅ч
Отклонения по отпуску в сеть
-164 293 539-164 293 539
2023/2024
-150 000 000
-100 000 000
-50 000 000
0
-200 000 000' and expected object '●● Отклонения, тыс. кВт⋅ч
тыс. кВт⋅ч
Отклонения по отпуску в сеть
-164 293 539-164 293 539
2023/2024
-150 000 000
-100 000 000
-50 000 000
0
-200 000 000' are equal

26-05-2025T06:54:05 - [TEST_STEP][PASSED] - verifyEqual(findTestData("PlanFact").getValue(5, b), a4): Actual object '●● Отклонения, %
%
Отклонения по отпуску в сеть
-99.61-99.61
2023/2024
-100
0
-125
-75
-50
-25' and expected object '●● Отклонения, %
%
Отклонения по отпуску в сеть
-99.61-99.61
2023/2024
-100
0
-125
-75
-50
-25' are equal

26-05-2025T06:54:05 - [MESSAGE][PASSED] - Actual object '●● Отклонения, %
%
Отклонения по отпуску в сеть
-99.61-99.61
2023/2024
-100
0
-125
-75
-50
-25' and expected object '●● Отклонения, %
%
Отклонения по отпуску в сеть
-99.61-99.61
2023/2024
-100
0
-125
-75
-50
-25' are equal

26-05-2025T06:54:05 - [TEST_STEP][PASSED] - Script1686231490255.WriteToExcel(user, dashboardName, n, data, run, a1, a2, a3, a4, a5, a6, a7, a8, a9): null

26-05-2025T06:54:05 - [TEST_STEP][PASSED] - sheetName = "Sheet1": null

26-05-2025T06:54:05 - [TEST_STEP][PASSED] - workbook01 = getWorkbook(excelFilePath): null

26-05-2025T06:54:05 - [TEST_STEP][PASSED] - sheet01 = getExcelSheet(workbook01, sheetName): null

26-05-2025T06:54:05 - [TEST_STEP][PASSED] - setValueToCellByIndex(sheet01, n, 0, dashboardName): null

26-05-2025T06:54:05 - [TEST_STEP][PASSED] - setValueToCellByIndex(sheet01, n, 10, user): null

26-05-2025T06:54:05 - [TEST_STEP][PASSED] - setValueToCellByIndex(sheet01, n, 1, a1): null

26-05-2025T06:54:05 - [TEST_STEP][PASSED] - setValueToCellByIndex(sheet01, n, 2, a2): null

26-05-2025T06:54:05 - [TEST_STEP][PASSED] - setValueToCellByIndex(sheet01, n, 3, a3): null

26-05-2025T06:54:05 - [TEST_STEP][PASSED] - setValueToCellByIndex(sheet01, n, 4, a4): null

26-05-2025T06:54:05 - [TEST_STEP][PASSED] - setValueToCellByIndex(sheet01, n, 5, a5): null

26-05-2025T06:54:05 - [TEST_STEP][PASSED] - setValueToCellByIndex(sheet01, n, 6, a6): null

26-05-2025T06:54:05 - [TEST_STEP][PASSED] - setValueToCellByIndex(sheet01, n, 7, a7): null

26-05-2025T06:54:05 - [TEST_STEP][PASSED] - setValueToCellByIndex(sheet01, n, 8, a8): null

26-05-2025T06:54:05 - [TEST_STEP][PASSED] - setValueToCellByIndex(sheet01, n, 9, a9): null

26-05-2025T06:54:05 - [TEST_STEP][PASSED] - n = n + 1: null

26-05-2025T06:54:05 - [TEST_STEP][PASSED] - saveWorkbook(excelFilePath, workbook01): null

26-05-2025T06:54:05 - [TEST_STEP][PASSED] - if (run == 3): null

26-05-2025T06:54:05 - [TEST_STEP][PASSED] - closeBrowser(): null

26-05-2025T06:54:05 - [MESSAGE][PASSED] - Browser is closed

26-05-2025T06:54:05 - [TEST_STEP][PASSED] - OtpuskVSet(user, dashboardName, n, data, run, a1, a2, a3, a4, a5, a6, a7, a8, a9, urlData): null

26-05-2025T06:54:05 - [TEST_STEP][PASSED] - n = data.getRowNumbers() + 1: null

26-05-2025T06:54:05 - [TEST_STEP][PASSED] - println(n): null

26-05-2025T06:54:05 - [TEST_STEP][PASSED] - dashboardName = "Отпуск в сеть": null

26-05-2025T06:54:05 - [TEST_STEP][PASSED] - openBrowser(""): Browser is opened with url: ''

26-05-2025T06:54:05 - [MESSAGE][INFO] - Starting 'Chrome' driver

26-05-2025T06:54:05 - [MESSAGE][INFO] - Action delay is set to 0 milliseconds

26-05-2025T06:54:06 - [MESSAGE][PASSED] - Browser is opened with url: ''

26-05-2025T06:54:06 - [TEST_STEP][PASSED] - urlData = 16: null

26-05-2025T06:54:06 - [TEST_STEP][PASSED] - Script1686231490255.CheckPageDownload(urlData, run): null

26-05-2025T06:54:06 - [TEST_STEP][PASSED] - i = 1: null

26-05-2025T06:54:06 - [TEST_STEP][PASSED] - ii = 0: null

26-05-2025T06:54:06 - [TEST_STEP][PASSED] - urlText = <not implemented yet for class: org.codehaus.groovy.ast.expr.EmptyExpression>: null

26-05-2025T06:54:06 - [TEST_STEP][PASSED] - searchWord = <not implemented yet for class: org.codehaus.groovy.ast.expr.EmptyExpression>: null

26-05-2025T06:54:06 - [TEST_STEP][PASSED] - deleteAllCookies(): Delete all cookies successfully

26-05-2025T06:54:06 - [MESSAGE][PASSED] - Delete all cookies successfully

26-05-2025T06:54:06 - [TEST_STEP][PASSED] - refresh(): Refresh successfully

26-05-2025T06:54:06 - [MESSAGE][PASSED] - Refresh successfully

26-05-2025T06:54:06 - [TEST_STEP][PASSED] - delay(40): Delayed 40 second(s)

26-05-2025T06:54:46 - [MESSAGE][PASSED] - Delayed 40 second(s)

26-05-2025T06:54:46 - [TEST_STEP][PASSED] - navigateToUrl(findTestData("PlanFact").getValue(10, urlData)): Navigate to 'https://bi.rosseti.digital/viewer?dashboardGuid=d154a8eaf6824e2b9de1bb04dd061c18&sheetGuid=33f591ea3cbf498897e314a4cd5a9f29&fit=true' successfully

26-05-2025T06:54:49 - [MESSAGE][PASSED] - Navigate to 'https://bi.rosseti.digital/viewer?dashboardGuid=d154a8eaf6824e2b9de1bb04dd061c18&sheetGuid=33f591ea3cbf498897e314a4cd5a9f29&fit=true' successfully

26-05-2025T06:54:49 - [TEST_STEP][PASSED] - pageLoaded1 = verifyElementPresent(findTestObject("Страница авторизации/Text"), 30): Object 'Object Repository/Страница авторизации/Text' is present

26-05-2025T06:54:50 - [MESSAGE][PASSED] - Object 'Object Repository/Страница авторизации/Text' is present

26-05-2025T06:54:50 - [TEST_STEP][PASSED] - if (pageLoaded1 == false): null

26-05-2025T06:54:50 - [TEST_STEP][PASSED] - urlText = getText(findTestObject("Страница авторизации/Text")): Text of object 'Object Repository/Страница авторизации/Text' is: 'Вход'

26-05-2025T06:54:50 - [MESSAGE][PASSED] - Text of object 'Object Repository/Страница авторизации/Text' is: 'Вход'

26-05-2025T06:54:50 - [TEST_STEP][PASSED] - delay(40): Delayed 40 second(s)

26-05-2025T06:55:30 - [MESSAGE][PASSED] - Delayed 40 second(s)

26-05-2025T06:55:30 - [TEST_STEP][PASSED] - searchWord = "Вход": null

26-05-2025T06:55:30 - [TEST_STEP][PASSED] - if (urlText.contains(searchWord) == false): null

26-05-2025T06:55:30 - [TEST_STEP][PASSED] - setText(findTestObject("Страница авторизации/input__username"), findTestData("PlanFact").getValue(8, run)): Text 'Petrova-OV' is set on object 'Object Repository/Страница авторизации/input__username'

26-05-2025T06:55:31 - [MESSAGE][PASSED] - Text 'Petrova-OV' is set on object 'Object Repository/Страница авторизации/input__username'

26-05-2025T06:55:31 - [TEST_STEP][PASSED] - setText(findTestObject("Страница авторизации/input__password"), findTestData("PlanFact").getValue(9, run)): Text '4Ex@~R53r&3x&BVe7' is set on object 'Object Repository/Страница авторизации/input__password'

26-05-2025T06:55:31 - [MESSAGE][PASSED] - Text '4Ex@~R53r&3x&BVe7' is set on object 'Object Repository/Страница авторизации/input__password'

26-05-2025T06:55:31 - [TEST_STEP][PASSED] - click(findTestObject("Страница авторизации/button_")): Object: 'Object Repository/Страница авторизации/button_' is clicked on

26-05-2025T06:55:32 - [MESSAGE][PASSED] - Object: 'Object Repository/Страница авторизации/button_' is clicked on

26-05-2025T06:55:32 - [TEST_STEP][PASSED] - delay(40): Delayed 40 second(s)

26-05-2025T06:56:12 - [MESSAGE][PASSED] - Delayed 40 second(s)

26-05-2025T06:56:12 - [TEST_STEP][PASSED] - searchWord = "а": null

26-05-2025T06:56:12 - [TEST_STEP][PASSED] - pageLoaded2 = verifyElementPresent(findTestObject("Страница авторизации/Text"), 50): Object 'Object Repository/Страница авторизации/Text' is present

26-05-2025T06:56:13 - [MESSAGE][PASSED] - Object 'Object Repository/Страница авторизации/Text' is present

26-05-2025T06:56:13 - [TEST_STEP][PASSED] - if (pageLoaded2 == false): null

26-05-2025T06:56:13 - [TEST_STEP][PASSED] - urlText = getText(findTestObject("Страница авторизации/Text")): Text of object 'Object Repository/Страница авторизации/Text' is: 'ДЗО 
Все
Период
2025 год - 1 квартал, 2024 год - 1 квартал, 2023 год - 1 квартал
тыс. кВт⋅ч
Отпуск в сеть
Факт
2023 год
2024 год
0
20 000
40 000
60 000
80 000
100 000
120 000
140 000
160 000
180 000
164 941 759
648 220
●● Отклонения, %
%
Отклонения по отпуску в сеть
-99.61-99.61
2023/2024
-100
0
-125
-75
-50
-25
●● Отклонения, тыс. кВт⋅ч
тыс. кВт⋅ч
Отклонения по отпуску в сеть
-164 293 539-164 293 539
2023/2024
-150 000 000
-100 000 000
-50 000 000
0
-200 000 000
Фактические данные по отпуску в сеть'

26-05-2025T06:56:13 - [MESSAGE][PASSED] - Text of object 'Object Repository/Страница авторизации/Text' is: 'ДЗО 
Все
Период
2025 год - 1 квартал, 2024 год - 1 квартал, 2023 год - 1 квартал
тыс. кВт⋅ч
Отпуск в сеть
Факт
2023 год
2024 год
0
20 000
40 000
60 000
80 000
100 000
120 000
140 000
160 000
180 000
164 941 759
648 220
●● Отклонения, %
%
Отклонения по отпуску в сеть
-99.61-99.61
2023/2024
-100
0
-125
-75
-50
-25
●● Отклонения, тыс. кВт⋅ч
тыс. кВт⋅ч
Отклонения по отпуску в сеть
-164 293 539-164 293 539
2023/2024
-150 000 000
-100 000 000
-50 000 000
0
-200 000 000
Фактические данные по отпуску в сеть'

26-05-2025T06:56:13 - [TEST_STEP][PASSED] - if (urlText.contains("ошибка") || urlText.contains(searchWord) == false): null

26-05-2025T06:56:13 - [TEST_STEP][PASSED] - a5 = "": null

26-05-2025T06:56:13 - [TEST_STEP][PASSED] - a6 = "": null

26-05-2025T06:56:13 - [TEST_STEP][PASSED] - a7 = "": null

26-05-2025T06:56:13 - [TEST_STEP][PASSED] - a8 = "": null

26-05-2025T06:56:13 - [TEST_STEP][PASSED] - a9 = "": null

26-05-2025T06:56:13 - [TEST_STEP][PASSED] - if (run == 1): null

26-05-2025T06:56:13 - [TEST_STEP][PASSED] - if (run == 2): null

26-05-2025T06:56:13 - [TEST_STEP][PASSED] - if (run == 3): null

26-05-2025T06:56:13 - [TEST_STEP][PASSED] - user = "Попова": null

26-05-2025T06:56:13 - [TEST_STEP][PASSED] - a1 = getText(findTestObject("Отпуск в сеть/span1")): Text of object 'Object Repository/Отпуск в сеть/span1' is: '164 941 759'

26-05-2025T06:56:14 - [MESSAGE][PASSED] - Text of object 'Object Repository/Отпуск в сеть/span1' is: '164 941 759'

26-05-2025T06:56:14 - [TEST_STEP][PASSED] - a2 = getText(findTestObject("Отпуск в сеть/span2")): Text of object 'Object Repository/Отпуск в сеть/span2' is: '648 220'

26-05-2025T06:56:14 - [MESSAGE][PASSED] - Text of object 'Object Repository/Отпуск в сеть/span2' is: '648 220'

26-05-2025T06:56:14 - [TEST_STEP][PASSED] - a3 = getText(findTestObject("Отпуск в сеть/График1")): Text of object 'Object Repository/Отпуск в сеть/График1' is: '●● Отклонения, тыс. кВт⋅ч
тыс. кВт⋅ч
Отклонения по отпуску в сеть
-164 293 539-164 293 539
2023/2024
-150 000 000
-100 000 000
-50 000 000
0
-200 000 000'

26-05-2025T06:56:14 - [MESSAGE][PASSED] - Text of object 'Object Repository/Отпуск в сеть/График1' is: '●● Отклонения, тыс. кВт⋅ч
тыс. кВт⋅ч
Отклонения по отпуску в сеть
-164 293 539-164 293 539
2023/2024
-150 000 000
-100 000 000
-50 000 000
0
-200 000 000'

26-05-2025T06:56:14 - [TEST_STEP][PASSED] - a4 = getText(findTestObject("Отпуск в сеть/График2")): Text of object 'Object Repository/Отпуск в сеть/График2' is: '●● Отклонения, %
%
Отклонения по отпуску в сеть
-99.61-99.61
2023/2024
-100
0
-125
-75
-50
-25'

26-05-2025T06:56:14 - [MESSAGE][PASSED] - Text of object 'Object Repository/Отпуск в сеть/График2' is: '●● Отклонения, %
%
Отклонения по отпуску в сеть
-99.61-99.61
2023/2024
-100
0
-125
-75
-50
-25'

26-05-2025T06:56:14 - [TEST_STEP][PASSED] - n = n + 14: null

26-05-2025T06:56:14 - [TEST_STEP][PASSED] - b = n - run + 1: null

26-05-2025T06:56:14 - [TEST_STEP][PASSED] - verifyEqual(findTestData("PlanFact").getValue(2, b), a1): Actual object '164 941 759' and expected object '164 941 759' are equal

26-05-2025T06:56:15 - [MESSAGE][PASSED] - Actual object '164 941 759' and expected object '164 941 759' are equal

26-05-2025T06:56:15 - [TEST_STEP][PASSED] - verifyEqual(findTestData("PlanFact").getValue(3, b), a2): Actual object '648 220' and expected object '648 220' are equal

26-05-2025T06:56:15 - [MESSAGE][PASSED] - Actual object '648 220' and expected object '648 220' are equal

26-05-2025T06:56:15 - [TEST_STEP][PASSED] - verifyEqual(findTestData("PlanFact").getValue(4, b), a3): Actual object '●● Отклонения, тыс. кВт⋅ч
тыс. кВт⋅ч
Отклонения по отпуску в сеть
-164 293 539-164 293 539
2023/2024
-150 000 000
-100 000 000
-50 000 000
0
-200 000 000' and expected object '●● Отклонения, тыс. кВт⋅ч
тыс. кВт⋅ч
Отклонения по отпуску в сеть
-164 293 539-164 293 539
2023/2024
-150 000 000
-100 000 000
-50 000 000
0
-200 000 000' are equal

26-05-2025T06:56:15 - [MESSAGE][PASSED] - Actual object '●● Отклонения, тыс. кВт⋅ч
тыс. кВт⋅ч
Отклонения по отпуску в сеть
-164 293 539-164 293 539
2023/2024
-150 000 000
-100 000 000
-50 000 000
0
-200 000 000' and expected object '●● Отклонения, тыс. кВт⋅ч
тыс. кВт⋅ч
Отклонения по отпуску в сеть
-164 293 539-164 293 539
2023/2024
-150 000 000
-100 000 000
-50 000 000
0
-200 000 000' are equal

26-05-2025T06:56:15 - [TEST_STEP][PASSED] - verifyEqual(findTestData("PlanFact").getValue(5, b), a4): Actual object '●● Отклонения, %
%
Отклонения по отпуску в сеть
-99.61-99.61
2023/2024
-100
0
-125
-75
-50
-25' and expected object '●● Отклонения, %
%
Отклонения по отпуску в сеть
-99.61-99.61
2023/2024
-100
0
-125
-75
-50
-25' are equal

26-05-2025T06:56:15 - [MESSAGE][PASSED] - Actual object '●● Отклонения, %
%
Отклонения по отпуску в сеть
-99.61-99.61
2023/2024
-100
0
-125
-75
-50
-25' and expected object '●● Отклонения, %
%
Отклонения по отпуску в сеть
-99.61-99.61
2023/2024
-100
0
-125
-75
-50
-25' are equal

26-05-2025T06:56:15 - [TEST_STEP][PASSED] - Script1686231490255.WriteToExcel(user, dashboardName, n, data, run, a1, a2, a3, a4, a5, a6, a7, a8, a9): null

26-05-2025T06:56:15 - [TEST_STEP][PASSED] - sheetName = "Sheet1": null

26-05-2025T06:56:15 - [TEST_STEP][PASSED] - workbook01 = getWorkbook(excelFilePath): null

26-05-2025T06:56:15 - [TEST_STEP][PASSED] - sheet01 = getExcelSheet(workbook01, sheetName): null

26-05-2025T06:56:15 - [TEST_STEP][PASSED] - setValueToCellByIndex(sheet01, n, 0, dashboardName): null

26-05-2025T06:56:15 - [TEST_STEP][PASSED] - setValueToCellByIndex(sheet01, n, 10, user): null

26-05-2025T06:56:15 - [TEST_STEP][PASSED] - setValueToCellByIndex(sheet01, n, 1, a1): null

26-05-2025T06:56:15 - [TEST_STEP][PASSED] - setValueToCellByIndex(sheet01, n, 2, a2): null

26-05-2025T06:56:15 - [TEST_STEP][PASSED] - setValueToCellByIndex(sheet01, n, 3, a3): null

26-05-2025T06:56:15 - [TEST_STEP][PASSED] - setValueToCellByIndex(sheet01, n, 4, a4): null

26-05-2025T06:56:15 - [TEST_STEP][PASSED] - setValueToCellByIndex(sheet01, n, 5, a5): null

26-05-2025T06:56:15 - [TEST_STEP][PASSED] - setValueToCellByIndex(sheet01, n, 6, a6): null

26-05-2025T06:56:15 - [TEST_STEP][PASSED] - setValueToCellByIndex(sheet01, n, 7, a7): null

26-05-2025T06:56:15 - [TEST_STEP][PASSED] - setValueToCellByIndex(sheet01, n, 8, a8): null

26-05-2025T06:56:15 - [TEST_STEP][PASSED] - setValueToCellByIndex(sheet01, n, 9, a9): null

26-05-2025T06:56:15 - [TEST_STEP][PASSED] - n = n + 1: null

26-05-2025T06:56:15 - [TEST_STEP][PASSED] - saveWorkbook(excelFilePath, workbook01): null

26-05-2025T06:56:15 - [TEST_STEP][PASSED] - closeBrowser(): Browser is closed

26-05-2025T06:56:15 - [MESSAGE][PASSED] - Browser is closed

26-05-2025T06:56:15 - [TEST_STEP][PASSED] - delay(40): Delayed 40 second(s)

26-05-2025T06:56:55 - [MESSAGE][PASSED] - Delayed 40 second(s)

26-05-2025T06:56:55 - [TEST_STEP][PASSED] - for ([run = 1, run < 4, (run++)]): null

26-05-2025T06:56:55 - [TEST_STEP][PASSED] - KotlovoyPolezniyOtpusk(user, dashboardName, n, data, run, a1, a2, a3, a4, a5, a6, a7, a8, a9, urlData): null

26-05-2025T06:56:55 - [TEST_STEP][PASSED] - n = data.getRowNumbers() + 1: null

26-05-2025T06:56:55 - [TEST_STEP][PASSED] - println(n): null

26-05-2025T06:56:55 - [TEST_STEP][PASSED] - dashboardName = "Котловой полезный отпуск": null

26-05-2025T06:56:55 - [TEST_STEP][PASSED] - openBrowser(""): Browser is opened with url: ''

26-05-2025T06:56:55 - [MESSAGE][INFO] - Starting 'Chrome' driver

26-05-2025T06:56:55 - [MESSAGE][INFO] - Action delay is set to 0 milliseconds

26-05-2025T06:56:56 - [MESSAGE][PASSED] - Browser is opened with url: ''

26-05-2025T06:56:56 - [TEST_STEP][PASSED] - urlData = 18: null

26-05-2025T06:56:56 - [TEST_STEP][PASSED] - Script1686231490255.CheckPageDownload(urlData, run): null

26-05-2025T06:56:56 - [TEST_STEP][PASSED] - i = 1: null

26-05-2025T06:56:56 - [TEST_STEP][PASSED] - ii = 0: null

26-05-2025T06:56:56 - [TEST_STEP][PASSED] - urlText = <not implemented yet for class: org.codehaus.groovy.ast.expr.EmptyExpression>: null

26-05-2025T06:56:56 - [TEST_STEP][PASSED] - searchWord = <not implemented yet for class: org.codehaus.groovy.ast.expr.EmptyExpression>: null

26-05-2025T06:56:56 - [TEST_STEP][PASSED] - deleteAllCookies(): Delete all cookies successfully

26-05-2025T06:56:56 - [MESSAGE][PASSED] - Delete all cookies successfully

26-05-2025T06:56:56 - [TEST_STEP][PASSED] - refresh(): Refresh successfully

26-05-2025T06:56:56 - [MESSAGE][PASSED] - Refresh successfully

26-05-2025T06:56:56 - [TEST_STEP][PASSED] - delay(40): Delayed 40 second(s)

26-05-2025T06:57:36 - [MESSAGE][PASSED] - Delayed 40 second(s)

26-05-2025T06:57:36 - [TEST_STEP][PASSED] - navigateToUrl(findTestData("PlanFact").getValue(10, urlData)): Navigate to 'https://bi.rosseti.digital/viewer?dashboardGuid=2301950b23be4ed89c1df75f2020051e&sheetGuid=9de09c51f7e14f6a9e9103985ef32ea6&fit=true' successfully

26-05-2025T06:57:38 - [MESSAGE][PASSED] - Navigate to 'https://bi.rosseti.digital/viewer?dashboardGuid=2301950b23be4ed89c1df75f2020051e&sheetGuid=9de09c51f7e14f6a9e9103985ef32ea6&fit=true' successfully

26-05-2025T06:57:38 - [TEST_STEP][PASSED] - pageLoaded1 = verifyElementPresent(findTestObject("Страница авторизации/Text"), 30): Object 'Object Repository/Страница авторизации/Text' is present

26-05-2025T06:57:39 - [MESSAGE][PASSED] - Object 'Object Repository/Страница авторизации/Text' is present

26-05-2025T06:57:39 - [TEST_STEP][PASSED] - if (pageLoaded1 == false): null

26-05-2025T06:57:39 - [TEST_STEP][PASSED] - urlText = getText(findTestObject("Страница авторизации/Text")): Text of object 'Object Repository/Страница авторизации/Text' is: 'Вход'

26-05-2025T06:57:39 - [MESSAGE][PASSED] - Text of object 'Object Repository/Страница авторизации/Text' is: 'Вход'

26-05-2025T06:57:39 - [TEST_STEP][PASSED] - delay(40): Delayed 40 second(s)

26-05-2025T06:58:19 - [MESSAGE][PASSED] - Delayed 40 second(s)

26-05-2025T06:58:19 - [TEST_STEP][PASSED] - searchWord = "Вход": null

26-05-2025T06:58:19 - [TEST_STEP][PASSED] - if (urlText.contains(searchWord) == false): null

26-05-2025T06:58:19 - [TEST_STEP][PASSED] - setText(findTestObject("Страница авторизации/input__username"), findTestData("PlanFact").getValue(8, run)): Text 'liazgina-di' is set on object 'Object Repository/Страница авторизации/input__username'

26-05-2025T06:58:20 - [MESSAGE][PASSED] - Text 'liazgina-di' is set on object 'Object Repository/Страница авторизации/input__username'

26-05-2025T06:58:20 - [TEST_STEP][PASSED] - setText(findTestObject("Страница авторизации/input__password"), findTestData("PlanFact").getValue(9, run)): Text ')$%5srZ8o688Dm#q' is set on object 'Object Repository/Страница авторизации/input__password'

26-05-2025T06:58:21 - [MESSAGE][PASSED] - Text ')$%5srZ8o688Dm#q' is set on object 'Object Repository/Страница авторизации/input__password'

26-05-2025T06:58:21 - [TEST_STEP][PASSED] - click(findTestObject("Страница авторизации/button_")): Object: 'Object Repository/Страница авторизации/button_' is clicked on

26-05-2025T06:58:22 - [MESSAGE][PASSED] - Object: 'Object Repository/Страница авторизации/button_' is clicked on

26-05-2025T06:58:22 - [TEST_STEP][PASSED] - delay(40): Delayed 40 second(s)

26-05-2025T06:59:02 - [MESSAGE][PASSED] - Delayed 40 second(s)

26-05-2025T06:59:02 - [TEST_STEP][PASSED] - searchWord = "а": null

26-05-2025T06:59:02 - [TEST_STEP][PASSED] - pageLoaded2 = verifyElementPresent(findTestObject("Страница авторизации/Text"), 50): Object 'Object Repository/Страница авторизации/Text' is present

26-05-2025T06:59:02 - [MESSAGE][PASSED] - Object 'Object Repository/Страница авторизации/Text' is present

26-05-2025T06:59:02 - [TEST_STEP][PASSED] - if (pageLoaded2 == false): null

26-05-2025T06:59:02 - [TEST_STEP][PASSED] - urlText = getText(findTestObject("Страница авторизации/Text")): Text of object 'Object Repository/Страница авторизации/Text' is: 'Период
1 кв., Апрель 2025 года
Выручка
Все
ДЗО 
Все
Внутренний оборот – выручка за услуги по передаче электрической энергии, входящая в стоимость электроэнергии (продажа) при выполнении ДЗО функций гарантирующего поставщика
Подписи данных
Отклонение котлового полезного отпуска ПАО Россети за 1 кв., Апрель 2025 года (факт/план, млн. кВтч)
ПАО Россети
-44 727 млн.кВтч.
млн.
%
Котловой полезный отпуск
Выполнение плановых показателей по ПАО Россети за 1 кв., Апрель 2025 года
План
Факт
Динамика
2025 год
0 млн.кВтч.
20 000 млн.кВтч.
40 000 млн.кВтч.
60 000 млн.кВтч.
80 000 млн.кВтч.
100 000 млн.кВтч.
120 000 млн.кВтч.
140 000 млн.кВтч.
160 000 млн.кВтч.
180 000 млн.кВтч.
200 000 млн.кВтч.
220 000 млн.кВтч.
240 000 млн.кВтч.
201 517
158 640
↓
⬤Отклонение
АО "РЭС"
АО «Тываэнерго»
АО «Чеченэнерго»
Россети Волга
Россети Кубань
Россети Ленэнерго (ГК)
Россети Московский регион
Россети Северный Кавказ (ГК)
Россети Северо-Запад
Россети Сибирь (ГК)
Россети Томск
Россети Тюмень
Россети Урал (ГК)
Россети ФСК ЕЭС
Россети Центр
Россети Центр и Приволжье (ГК)
Россети Юг (ГК)
Россети Янтарь
-9 000 млн.кВтч.
-8 000 млн.кВтч.
-7 000 млн.кВтч.
-6 000 млн.кВтч.
-5 000 млн.кВтч.
-4 000 млн.кВтч.
-3 000 млн.кВтч.
-2 000 млн.кВтч.
-1 000 млн.кВтч.
0 млн.кВтч.
1 000 млн.кВтч.
2 000 млн.кВтч.
-1 287
-60
-186
-4 232
-1 624
-2 986
-8 279
-1 561
-2 803
-4 836
-452
-5 431
-5 392
-1 851
-347
-4 572
-19
1 191'

26-05-2025T06:59:03 - [MESSAGE][PASSED] - Text of object 'Object Repository/Страница авторизации/Text' is: 'Период
1 кв., Апрель 2025 года
Выручка
Все
ДЗО 
Все
Внутренний оборот – выручка за услуги по передаче электрической энергии, входящая в стоимость электроэнергии (продажа) при выполнении ДЗО функций гарантирующего поставщика
Подписи данных
Отклонение котлового полезного отпуска ПАО Россети за 1 кв., Апрель 2025 года (факт/план, млн. кВтч)
ПАО Россети
-44 727 млн.кВтч.
млн.
%
Котловой полезный отпуск
Выполнение плановых показателей по ПАО Россети за 1 кв., Апрель 2025 года
План
Факт
Динамика
2025 год
0 млн.кВтч.
20 000 млн.кВтч.
40 000 млн.кВтч.
60 000 млн.кВтч.
80 000 млн.кВтч.
100 000 млн.кВтч.
120 000 млн.кВтч.
140 000 млн.кВтч.
160 000 млн.кВтч.
180 000 млн.кВтч.
200 000 млн.кВтч.
220 000 млн.кВтч.
240 000 млн.кВтч.
201 517
158 640
↓
⬤Отклонение
АО "РЭС"
АО «Тываэнерго»
АО «Чеченэнерго»
Россети Волга
Россети Кубань
Россети Ленэнерго (ГК)
Россети Московский регион
Россети Северный Кавказ (ГК)
Россети Северо-Запад
Россети Сибирь (ГК)
Россети Томск
Россети Тюмень
Россети Урал (ГК)
Россети ФСК ЕЭС
Россети Центр
Россети Центр и Приволжье (ГК)
Россети Юг (ГК)
Россети Янтарь
-9 000 млн.кВтч.
-8 000 млн.кВтч.
-7 000 млн.кВтч.
-6 000 млн.кВтч.
-5 000 млн.кВтч.
-4 000 млн.кВтч.
-3 000 млн.кВтч.
-2 000 млн.кВтч.
-1 000 млн.кВтч.
0 млн.кВтч.
1 000 млн.кВтч.
2 000 млн.кВтч.
-1 287
-60
-186
-4 232
-1 624
-2 986
-8 279
-1 561
-2 803
-4 836
-452
-5 431
-5 392
-1 851
-347
-4 572
-19
1 191'

26-05-2025T06:59:03 - [TEST_STEP][PASSED] - if (urlText.contains("ошибка") || urlText.contains(searchWord) == false): null

26-05-2025T06:59:03 - [TEST_STEP][PASSED] - a2 = "": null

26-05-2025T06:59:03 - [TEST_STEP][PASSED] - a3 = "": null

26-05-2025T06:59:03 - [TEST_STEP][PASSED] - a4 = "": null

26-05-2025T06:59:03 - [TEST_STEP][PASSED] - a5 = "": null

26-05-2025T06:59:03 - [TEST_STEP][PASSED] - a6 = "": null

26-05-2025T06:59:03 - [TEST_STEP][PASSED] - a7 = "": null

26-05-2025T06:59:03 - [TEST_STEP][PASSED] - a8 = "": null

26-05-2025T06:59:03 - [TEST_STEP][PASSED] - a9 = "": null

26-05-2025T06:59:03 - [TEST_STEP][PASSED] - if (run == 1): null

26-05-2025T06:59:03 - [TEST_STEP][PASSED] - user = "админ": null

26-05-2025T06:59:03 - [TEST_STEP][PASSED] - a1 = getText(findTestObject("Котловой полезный отпуск/График 1")): Text of object 'Object Repository/Котловой полезный отпуск/График 1' is: 'Период
1 кв., Апрель 2025 года
Выручка
Все
ДЗО 
Все
Внутренний оборот – выручка за услуги по передаче электрической энергии, входящая в стоимость электроэнергии (продажа) при выполнении ДЗО функций гарантирующего поставщика
Подписи данных
Отклонение котлового полезного отпуска ПАО Россети за 1 кв., Апрель 2025 года (факт/план, млн. кВтч)
ПАО Россети
-44 727 млн.кВтч.
млн.
%
Котловой полезный отпуск
Выполнение плановых показателей по ПАО Россети за 1 кв., Апрель 2025 года
План
Факт
Динамика
2025 год
0 млн.кВтч.
20 000 млн.кВтч.
40 000 млн.кВтч.
60 000 млн.кВтч.
80 000 млн.кВтч.
100 000 млн.кВтч.
120 000 млн.кВтч.
140 000 млн.кВтч.
160 000 млн.кВтч.
180 000 млн.кВтч.
200 000 млн.кВтч.
220 000 млн.кВтч.
240 000 млн.кВтч.
201 517
158 640
↓
⬤Отклонение
АО "РЭС"
АО «Тываэнерго»
АО «Чеченэнерго»
Россети Волга
Россети Кубань
Россети Ленэнерго (ГК)
Россети Московский регион
Россети Северный Кавказ (ГК)
Россети Северо-Запад
Россети Сибирь (ГК)
Россети Томск
Россети Тюмень
Россети Урал (ГК)
Россети ФСК ЕЭС
Россети Центр
Россети Центр и Приволжье (ГК)
Россети Юг (ГК)
Россети Янтарь
-9 000 млн.кВтч.
-8 000 млн.кВтч.
-7 000 млн.кВтч.
-6 000 млн.кВтч.
-5 000 млн.кВтч.
-4 000 млн.кВтч.
-3 000 млн.кВтч.
-2 000 млн.кВтч.
-1 000 млн.кВтч.
0 млн.кВтч.
1 000 млн.кВтч.
2 000 млн.кВтч.
-1 287
-60
-186
-4 232
-1 624
-2 986
-8 279
-1 561
-2 803
-4 836
-452
-5 431
-5 392
-1 851
-347
-4 572
-19
1 191'

26-05-2025T06:59:03 - [MESSAGE][PASSED] - Text of object 'Object Repository/Котловой полезный отпуск/График 1' is: 'Период
1 кв., Апрель 2025 года
Выручка
Все
ДЗО 
Все
Внутренний оборот – выручка за услуги по передаче электрической энергии, входящая в стоимость электроэнергии (продажа) при выполнении ДЗО функций гарантирующего поставщика
Подписи данных
Отклонение котлового полезного отпуска ПАО Россети за 1 кв., Апрель 2025 года (факт/план, млн. кВтч)
ПАО Россети
-44 727 млн.кВтч.
млн.
%
Котловой полезный отпуск
Выполнение плановых показателей по ПАО Россети за 1 кв., Апрель 2025 года
План
Факт
Динамика
2025 год
0 млн.кВтч.
20 000 млн.кВтч.
40 000 млн.кВтч.
60 000 млн.кВтч.
80 000 млн.кВтч.
100 000 млн.кВтч.
120 000 млн.кВтч.
140 000 млн.кВтч.
160 000 млн.кВтч.
180 000 млн.кВтч.
200 000 млн.кВтч.
220 000 млн.кВтч.
240 000 млн.кВтч.
201 517
158 640
↓
⬤Отклонение
АО "РЭС"
АО «Тываэнерго»
АО «Чеченэнерго»
Россети Волга
Россети Кубань
Россети Ленэнерго (ГК)
Россети Московский регион
Россети Северный Кавказ (ГК)
Россети Северо-Запад
Россети Сибирь (ГК)
Россети Томск
Россети Тюмень
Россети Урал (ГК)
Россети ФСК ЕЭС
Россети Центр
Россети Центр и Приволжье (ГК)
Россети Юг (ГК)
Россети Янтарь
-9 000 млн.кВтч.
-8 000 млн.кВтч.
-7 000 млн.кВтч.
-6 000 млн.кВтч.
-5 000 млн.кВтч.
-4 000 млн.кВтч.
-3 000 млн.кВтч.
-2 000 млн.кВтч.
-1 000 млн.кВтч.
0 млн.кВтч.
1 000 млн.кВтч.
2 000 млн.кВтч.
-1 287
-60
-186
-4 232
-1 624
-2 986
-8 279
-1 561
-2 803
-4 836
-452
-5 431
-5 392
-1 851
-347
-4 572
-19
1 191'

26-05-2025T06:59:03 - [TEST_STEP][PASSED] - a1 = replaceAll("[\r?
|
]", "").replaceAll("\s+", ""): null

26-05-2025T06:59:03 - [TEST_STEP][PASSED] - if (a1 == ""): null

26-05-2025T06:59:03 - [TEST_STEP][PASSED] - n = n + 21: null

26-05-2025T06:59:03 - [TEST_STEP][PASSED] - Script1686231490255.WriteToExcel(user, dashboardName, n, data, run, a1, a2, a3, a4, a5, a6, a7, a8, a9): null

26-05-2025T06:59:03 - [TEST_STEP][PASSED] - sheetName = "Sheet1": null

26-05-2025T06:59:03 - [TEST_STEP][PASSED] - workbook01 = getWorkbook(excelFilePath): null

26-05-2025T06:59:03 - [TEST_STEP][PASSED] - sheet01 = getExcelSheet(workbook01, sheetName): null

26-05-2025T06:59:03 - [TEST_STEP][PASSED] - setValueToCellByIndex(sheet01, n, 0, dashboardName): null

26-05-2025T06:59:03 - [TEST_STEP][PASSED] - setValueToCellByIndex(sheet01, n, 10, user): null

26-05-2025T06:59:03 - [TEST_STEP][PASSED] - setValueToCellByIndex(sheet01, n, 1, a1): null

26-05-2025T06:59:03 - [TEST_STEP][PASSED] - setValueToCellByIndex(sheet01, n, 2, a2): null

26-05-2025T06:59:03 - [TEST_STEP][PASSED] - setValueToCellByIndex(sheet01, n, 3, a3): null

26-05-2025T06:59:03 - [TEST_STEP][PASSED] - setValueToCellByIndex(sheet01, n, 4, a4): null

26-05-2025T06:59:03 - [TEST_STEP][PASSED] - setValueToCellByIndex(sheet01, n, 5, a5): null

26-05-2025T06:59:03 - [TEST_STEP][PASSED] - setValueToCellByIndex(sheet01, n, 6, a6): null

26-05-2025T06:59:03 - [TEST_STEP][PASSED] - setValueToCellByIndex(sheet01, n, 7, a7): null

26-05-2025T06:59:03 - [TEST_STEP][PASSED] - setValueToCellByIndex(sheet01, n, 8, a8): null

26-05-2025T06:59:03 - [TEST_STEP][PASSED] - setValueToCellByIndex(sheet01, n, 9, a9): null

26-05-2025T06:59:03 - [TEST_STEP][PASSED] - n = n + 1: null

26-05-2025T06:59:03 - [TEST_STEP][PASSED] - saveWorkbook(excelFilePath, workbook01): null

26-05-2025T06:59:04 - [TEST_STEP][PASSED] - if (run == 2): null

26-05-2025T06:59:04 - [TEST_STEP][PASSED] - if (run == 3): null

26-05-2025T06:59:04 - [TEST_STEP][PASSED] - closeBrowser(): null

26-05-2025T06:59:04 - [MESSAGE][PASSED] - Browser is closed

26-05-2025T06:59:04 - [TEST_STEP][PASSED] - KotlovoyPolezniyOtpusk(user, dashboardName, n, data, run, a1, a2, a3, a4, a5, a6, a7, a8, a9, urlData): null

26-05-2025T06:59:04 - [TEST_STEP][PASSED] - n = data.getRowNumbers() + 1: null

26-05-2025T06:59:04 - [TEST_STEP][PASSED] - println(n): null

26-05-2025T06:59:04 - [TEST_STEP][PASSED] - dashboardName = "Котловой полезный отпуск": null

26-05-2025T06:59:04 - [TEST_STEP][PASSED] - openBrowser(""): Browser is opened with url: ''

26-05-2025T06:59:04 - [MESSAGE][INFO] - Starting 'Chrome' driver

26-05-2025T06:59:04 - [MESSAGE][INFO] - Action delay is set to 0 milliseconds

26-05-2025T06:59:05 - [MESSAGE][PASSED] - Browser is opened with url: ''

26-05-2025T06:59:05 - [TEST_STEP][PASSED] - urlData = 18: null

26-05-2025T06:59:05 - [TEST_STEP][PASSED] - Script1686231490255.CheckPageDownload(urlData, run): null

26-05-2025T06:59:05 - [TEST_STEP][PASSED] - i = 1: null

26-05-2025T06:59:05 - [TEST_STEP][PASSED] - ii = 0: null

26-05-2025T06:59:05 - [TEST_STEP][PASSED] - urlText = <not implemented yet for class: org.codehaus.groovy.ast.expr.EmptyExpression>: null

26-05-2025T06:59:05 - [TEST_STEP][PASSED] - searchWord = <not implemented yet for class: org.codehaus.groovy.ast.expr.EmptyExpression>: null

26-05-2025T06:59:05 - [TEST_STEP][PASSED] - deleteAllCookies(): Delete all cookies successfully

26-05-2025T06:59:05 - [MESSAGE][PASSED] - Delete all cookies successfully

26-05-2025T06:59:05 - [TEST_STEP][PASSED] - refresh(): Refresh successfully

26-05-2025T06:59:05 - [MESSAGE][PASSED] - Refresh successfully

26-05-2025T06:59:05 - [TEST_STEP][PASSED] - delay(40): Delayed 40 second(s)

26-05-2025T06:59:45 - [MESSAGE][PASSED] - Delayed 40 second(s)

26-05-2025T06:59:45 - [TEST_STEP][PASSED] - navigateToUrl(findTestData("PlanFact").getValue(10, urlData)): Navigate to 'https://bi.rosseti.digital/viewer?dashboardGuid=2301950b23be4ed89c1df75f2020051e&sheetGuid=9de09c51f7e14f6a9e9103985ef32ea6&fit=true' successfully

26-05-2025T06:59:47 - [MESSAGE][PASSED] - Navigate to 'https://bi.rosseti.digital/viewer?dashboardGuid=2301950b23be4ed89c1df75f2020051e&sheetGuid=9de09c51f7e14f6a9e9103985ef32ea6&fit=true' successfully

26-05-2025T06:59:47 - [TEST_STEP][PASSED] - pageLoaded1 = verifyElementPresent(findTestObject("Страница авторизации/Text"), 30): Object 'Object Repository/Страница авторизации/Text' is present

26-05-2025T06:59:48 - [MESSAGE][PASSED] - Object 'Object Repository/Страница авторизации/Text' is present

26-05-2025T06:59:48 - [TEST_STEP][PASSED] - if (pageLoaded1 == false): null

26-05-2025T06:59:48 - [TEST_STEP][PASSED] - urlText = getText(findTestObject("Страница авторизации/Text")): Text of object 'Object Repository/Страница авторизации/Text' is: 'Вход'

26-05-2025T06:59:48 - [MESSAGE][PASSED] - Text of object 'Object Repository/Страница авторизации/Text' is: 'Вход'

26-05-2025T06:59:48 - [TEST_STEP][PASSED] - delay(40): Delayed 40 second(s)

26-05-2025T07:00:28 - [MESSAGE][PASSED] - Delayed 40 second(s)

26-05-2025T07:00:28 - [TEST_STEP][PASSED] - searchWord = "Вход": null

26-05-2025T07:00:28 - [TEST_STEP][PASSED] - if (urlText.contains(searchWord) == false): null

26-05-2025T07:00:28 - [TEST_STEP][PASSED] - setText(findTestObject("Страница авторизации/input__username"), findTestData("PlanFact").getValue(8, run)): Text 'Andreeva-EV' is set on object 'Object Repository/Страница авторизации/input__username'

26-05-2025T07:00:29 - [MESSAGE][PASSED] - Text 'Andreeva-EV' is set on object 'Object Repository/Страница авторизации/input__username'

26-05-2025T07:00:29 - [TEST_STEP][PASSED] - setText(findTestObject("Страница авторизации/input__password"), findTestData("PlanFact").getValue(9, run)): Text '2nPePKDwCPH3ul7xMZ' is set on object 'Object Repository/Страница авторизации/input__password'

26-05-2025T07:00:29 - [MESSAGE][PASSED] - Text '2nPePKDwCPH3ul7xMZ' is set on object 'Object Repository/Страница авторизации/input__password'

26-05-2025T07:00:29 - [TEST_STEP][PASSED] - click(findTestObject("Страница авторизации/button_")): Object: 'Object Repository/Страница авторизации/button_' is clicked on

26-05-2025T07:00:30 - [MESSAGE][PASSED] - Object: 'Object Repository/Страница авторизации/button_' is clicked on

26-05-2025T07:00:30 - [TEST_STEP][PASSED] - delay(40): Delayed 40 second(s)

26-05-2025T07:01:10 - [MESSAGE][PASSED] - Delayed 40 second(s)

26-05-2025T07:01:10 - [TEST_STEP][PASSED] - searchWord = "а": null

26-05-2025T07:01:10 - [TEST_STEP][PASSED] - pageLoaded2 = verifyElementPresent(findTestObject("Страница авторизации/Text"), 50): Object 'Object Repository/Страница авторизации/Text' is present

26-05-2025T07:01:11 - [MESSAGE][PASSED] - Object 'Object Repository/Страница авторизации/Text' is present

26-05-2025T07:01:11 - [TEST_STEP][PASSED] - if (pageLoaded2 == false): null

26-05-2025T07:01:11 - [TEST_STEP][PASSED] - urlText = getText(findTestObject("Страница авторизации/Text")): Text of object 'Object Repository/Страница авторизации/Text' is: 'Период
1 кв., Апрель 2025 года
Выручка
Все
ДЗО 
Все
Внутренний оборот – выручка за услуги по передаче электрической энергии, входящая в стоимость электроэнергии (продажа) при выполнении ДЗО функций гарантирующего поставщика
Подписи данных
Отклонение котлового полезного отпуска ПАО Россети за 1 кв., Апрель 2025 года (факт/план, млн. кВтч)
ПАО Россети
-44 727 млн.кВтч.
млн.
%
Котловой полезный отпуск
Выполнение плановых показателей по ПАО Россети за 1 кв., Апрель 2025 года
План
Факт
Динамика
2025 год
0 млн.кВтч.
20 000 млн.кВтч.
40 000 млн.кВтч.
60 000 млн.кВтч.
80 000 млн.кВтч.
100 000 млн.кВтч.
120 000 млн.кВтч.
140 000 млн.кВтч.
160 000 млн.кВтч.
180 000 млн.кВтч.
200 000 млн.кВтч.
220 000 млн.кВтч.
240 000 млн.кВтч.
201 517
158 640
↓
⬤Отклонение
АО "РЭС"
АО «Тываэнерго»
АО «Чеченэнерго»
Россети Волга
Россети Кубань
Россети Ленэнерго (ГК)
Россети Московский регион
Россети Северный Кавказ (ГК)
Россети Северо-Запад
Россети Сибирь (ГК)
Россети Томск
Россети Тюмень
Россети Урал (ГК)
Россети ФСК ЕЭС
Россети Центр
Россети Центр и Приволжье (ГК)
Россети Юг (ГК)
Россети Янтарь
-9 000 млн.кВтч.
-8 000 млн.кВтч.
-7 000 млн.кВтч.
-6 000 млн.кВтч.
-5 000 млн.кВтч.
-4 000 млн.кВтч.
-3 000 млн.кВтч.
-2 000 млн.кВтч.
-1 000 млн.кВтч.
0 млн.кВтч.
1 000 млн.кВтч.
2 000 млн.кВтч.
-1 287
-60
-186
-4 232
-1 624
-2 986
-8 279
-1 561
-2 803
-4 836
-452
-5 431
-5 392
-1 851
-347
-4 572
-19
1 191'

26-05-2025T07:01:11 - [MESSAGE][PASSED] - Text of object 'Object Repository/Страница авторизации/Text' is: 'Период
1 кв., Апрель 2025 года
Выручка
Все
ДЗО 
Все
Внутренний оборот – выручка за услуги по передаче электрической энергии, входящая в стоимость электроэнергии (продажа) при выполнении ДЗО функций гарантирующего поставщика
Подписи данных
Отклонение котлового полезного отпуска ПАО Россети за 1 кв., Апрель 2025 года (факт/план, млн. кВтч)
ПАО Россети
-44 727 млн.кВтч.
млн.
%
Котловой полезный отпуск
Выполнение плановых показателей по ПАО Россети за 1 кв., Апрель 2025 года
План
Факт
Динамика
2025 год
0 млн.кВтч.
20 000 млн.кВтч.
40 000 млн.кВтч.
60 000 млн.кВтч.
80 000 млн.кВтч.
100 000 млн.кВтч.
120 000 млн.кВтч.
140 000 млн.кВтч.
160 000 млн.кВтч.
180 000 млн.кВтч.
200 000 млн.кВтч.
220 000 млн.кВтч.
240 000 млн.кВтч.
201 517
158 640
↓
⬤Отклонение
АО "РЭС"
АО «Тываэнерго»
АО «Чеченэнерго»
Россети Волга
Россети Кубань
Россети Ленэнерго (ГК)
Россети Московский регион
Россети Северный Кавказ (ГК)
Россети Северо-Запад
Россети Сибирь (ГК)
Россети Томск
Россети Тюмень
Россети Урал (ГК)
Россети ФСК ЕЭС
Россети Центр
Россети Центр и Приволжье (ГК)
Россети Юг (ГК)
Россети Янтарь
-9 000 млн.кВтч.
-8 000 млн.кВтч.
-7 000 млн.кВтч.
-6 000 млн.кВтч.
-5 000 млн.кВтч.
-4 000 млн.кВтч.
-3 000 млн.кВтч.
-2 000 млн.кВтч.
-1 000 млн.кВтч.
0 млн.кВтч.
1 000 млн.кВтч.
2 000 млн.кВтч.
-1 287
-60
-186
-4 232
-1 624
-2 986
-8 279
-1 561
-2 803
-4 836
-452
-5 431
-5 392
-1 851
-347
-4 572
-19
1 191'

26-05-2025T07:01:11 - [TEST_STEP][PASSED] - if (urlText.contains("ошибка") || urlText.contains(searchWord) == false): null

26-05-2025T07:01:11 - [TEST_STEP][PASSED] - a2 = "": null

26-05-2025T07:01:11 - [TEST_STEP][PASSED] - a3 = "": null

26-05-2025T07:01:11 - [TEST_STEP][PASSED] - a4 = "": null

26-05-2025T07:01:11 - [TEST_STEP][PASSED] - a5 = "": null

26-05-2025T07:01:11 - [TEST_STEP][PASSED] - a6 = "": null

26-05-2025T07:01:11 - [TEST_STEP][PASSED] - a7 = "": null

26-05-2025T07:01:11 - [TEST_STEP][PASSED] - a8 = "": null

26-05-2025T07:01:11 - [TEST_STEP][PASSED] - a9 = "": null

26-05-2025T07:01:11 - [TEST_STEP][PASSED] - if (run == 1): null

26-05-2025T07:01:11 - [TEST_STEP][PASSED] - if (run == 2): null

26-05-2025T07:01:11 - [TEST_STEP][PASSED] - user = "Андреева": null

26-05-2025T07:01:11 - [TEST_STEP][PASSED] - a1 = getText(findTestObject("Котловой полезный отпуск/График 1")): Text of object 'Object Repository/Котловой полезный отпуск/График 1' is: 'Период
1 кв., Апрель 2025 года
Выручка
Все
ДЗО 
Все
Внутренний оборот – выручка за услуги по передаче электрической энергии, входящая в стоимость электроэнергии (продажа) при выполнении ДЗО функций гарантирующего поставщика
Подписи данных
Отклонение котлового полезного отпуска ПАО Россети за 1 кв., Апрель 2025 года (факт/план, млн. кВтч)
ПАО Россети
-44 727 млн.кВтч.
млн.
%
Котловой полезный отпуск
Выполнение плановых показателей по ПАО Россети за 1 кв., Апрель 2025 года
План
Факт
Динамика
2025 год
0 млн.кВтч.
20 000 млн.кВтч.
40 000 млн.кВтч.
60 000 млн.кВтч.
80 000 млн.кВтч.
100 000 млн.кВтч.
120 000 млн.кВтч.
140 000 млн.кВтч.
160 000 млн.кВтч.
180 000 млн.кВтч.
200 000 млн.кВтч.
220 000 млн.кВтч.
240 000 млн.кВтч.
201 517
158 640
↓
⬤Отклонение
АО "РЭС"
АО «Тываэнерго»
АО «Чеченэнерго»
Россети Волга
Россети Кубань
Россети Ленэнерго (ГК)
Россети Московский регион
Россети Северный Кавказ (ГК)
Россети Северо-Запад
Россети Сибирь (ГК)
Россети Томск
Россети Тюмень
Россети Урал (ГК)
Россети ФСК ЕЭС
Россети Центр
Россети Центр и Приволжье (ГК)
Россети Юг (ГК)
Россети Янтарь
-9 000 млн.кВтч.
-8 000 млн.кВтч.
-7 000 млн.кВтч.
-6 000 млн.кВтч.
-5 000 млн.кВтч.
-4 000 млн.кВтч.
-3 000 млн.кВтч.
-2 000 млн.кВтч.
-1 000 млн.кВтч.
0 млн.кВтч.
1 000 млн.кВтч.
2 000 млн.кВтч.
-1 287
-60
-186
-4 232
-1 624
-2 986
-8 279
-1 561
-2 803
-4 836
-452
-5 431
-5 392
-1 851
-347
-4 572
-19
1 191'

26-05-2025T07:01:12 - [MESSAGE][PASSED] - Text of object 'Object Repository/Котловой полезный отпуск/График 1' is: 'Период
1 кв., Апрель 2025 года
Выручка
Все
ДЗО 
Все
Внутренний оборот – выручка за услуги по передаче электрической энергии, входящая в стоимость электроэнергии (продажа) при выполнении ДЗО функций гарантирующего поставщика
Подписи данных
Отклонение котлового полезного отпуска ПАО Россети за 1 кв., Апрель 2025 года (факт/план, млн. кВтч)
ПАО Россети
-44 727 млн.кВтч.
млн.
%
Котловой полезный отпуск
Выполнение плановых показателей по ПАО Россети за 1 кв., Апрель 2025 года
План
Факт
Динамика
2025 год
0 млн.кВтч.
20 000 млн.кВтч.
40 000 млн.кВтч.
60 000 млн.кВтч.
80 000 млн.кВтч.
100 000 млн.кВтч.
120 000 млн.кВтч.
140 000 млн.кВтч.
160 000 млн.кВтч.
180 000 млн.кВтч.
200 000 млн.кВтч.
220 000 млн.кВтч.
240 000 млн.кВтч.
201 517
158 640
↓
⬤Отклонение
АО "РЭС"
АО «Тываэнерго»
АО «Чеченэнерго»
Россети Волга
Россети Кубань
Россети Ленэнерго (ГК)
Россети Московский регион
Россети Северный Кавказ (ГК)
Россети Северо-Запад
Россети Сибирь (ГК)
Россети Томск
Россети Тюмень
Россети Урал (ГК)
Россети ФСК ЕЭС
Россети Центр
Россети Центр и Приволжье (ГК)
Россети Юг (ГК)
Россети Янтарь
-9 000 млн.кВтч.
-8 000 млн.кВтч.
-7 000 млн.кВтч.
-6 000 млн.кВтч.
-5 000 млн.кВтч.
-4 000 млн.кВтч.
-3 000 млн.кВтч.
-2 000 млн.кВтч.
-1 000 млн.кВтч.
0 млн.кВтч.
1 000 млн.кВтч.
2 000 млн.кВтч.
-1 287
-60
-186
-4 232
-1 624
-2 986
-8 279
-1 561
-2 803
-4 836
-452
-5 431
-5 392
-1 851
-347
-4 572
-19
1 191'

26-05-2025T07:01:12 - [TEST_STEP][PASSED] - a1 = replaceAll("[\r?
|
]", "").replaceAll("\s+", ""): null

26-05-2025T07:01:12 - [TEST_STEP][PASSED] - if (a1 == ""): null

26-05-2025T07:01:12 - [TEST_STEP][PASSED] - n = n + 22: null

26-05-2025T07:01:12 - [TEST_STEP][PASSED] - b = n - run + 1: null

26-05-2025T07:01:12 - [TEST_STEP][PASSED] - verifyEqual(findTestData("PlanFact").getValue(2, b), a1): Actual object '120251202544727120252025020000400006000080000100000120000140000160000180000200000220000240000201517158640↓⬤90008000700060005000400030002000100001000200012876018642321624298682791561280348364525431539218513474572191191' and expected object '120251202544727120252025020000400006000080000100000120000140000160000180000200000220000240000201517158640↓⬤90008000700060005000400030002000100001000200012876018642321624298682791561280348364525431539218513474572191191' are equal

26-05-2025T07:01:12 - [MESSAGE][PASSED] - Actual object '120251202544727120252025020000400006000080000100000120000140000160000180000200000220000240000201517158640↓⬤90008000700060005000400030002000100001000200012876018642321624298682791561280348364525431539218513474572191191' and expected object '120251202544727120252025020000400006000080000100000120000140000160000180000200000220000240000201517158640↓⬤90008000700060005000400030002000100001000200012876018642321624298682791561280348364525431539218513474572191191' are equal

26-05-2025T07:01:12 - [TEST_STEP][PASSED] - Script1686231490255.WriteToExcel(user, dashboardName, n, data, run, a1, a2, a3, a4, a5, a6, a7, a8, a9): null

26-05-2025T07:01:12 - [TEST_STEP][PASSED] - sheetName = "Sheet1": null

26-05-2025T07:01:12 - [TEST_STEP][PASSED] - workbook01 = getWorkbook(excelFilePath): null

26-05-2025T07:01:12 - [TEST_STEP][PASSED] - sheet01 = getExcelSheet(workbook01, sheetName): null

26-05-2025T07:01:12 - [TEST_STEP][PASSED] - setValueToCellByIndex(sheet01, n, 0, dashboardName): null

26-05-2025T07:01:12 - [TEST_STEP][PASSED] - setValueToCellByIndex(sheet01, n, 10, user): null

26-05-2025T07:01:12 - [TEST_STEP][PASSED] - setValueToCellByIndex(sheet01, n, 1, a1): null

26-05-2025T07:01:12 - [TEST_STEP][PASSED] - setValueToCellByIndex(sheet01, n, 2, a2): null

26-05-2025T07:01:12 - [TEST_STEP][PASSED] - setValueToCellByIndex(sheet01, n, 3, a3): null

26-05-2025T07:01:12 - [TEST_STEP][PASSED] - setValueToCellByIndex(sheet01, n, 4, a4): null

26-05-2025T07:01:12 - [TEST_STEP][PASSED] - setValueToCellByIndex(sheet01, n, 5, a5): null

26-05-2025T07:01:12 - [TEST_STEP][PASSED] - setValueToCellByIndex(sheet01, n, 6, a6): null

26-05-2025T07:01:12 - [TEST_STEP][PASSED] - setValueToCellByIndex(sheet01, n, 7, a7): null

26-05-2025T07:01:12 - [TEST_STEP][PASSED] - setValueToCellByIndex(sheet01, n, 8, a8): null

26-05-2025T07:01:12 - [TEST_STEP][PASSED] - setValueToCellByIndex(sheet01, n, 9, a9): null

26-05-2025T07:01:12 - [TEST_STEP][PASSED] - n = n + 1: null

26-05-2025T07:01:12 - [TEST_STEP][PASSED] - saveWorkbook(excelFilePath, workbook01): null

26-05-2025T07:01:12 - [TEST_STEP][PASSED] - if (run == 3): null

26-05-2025T07:01:12 - [TEST_STEP][PASSED] - closeBrowser(): null

26-05-2025T07:01:13 - [MESSAGE][PASSED] - Browser is closed

26-05-2025T07:01:13 - [TEST_STEP][PASSED] - KotlovoyPolezniyOtpusk(user, dashboardName, n, data, run, a1, a2, a3, a4, a5, a6, a7, a8, a9, urlData): null

26-05-2025T07:01:13 - [TEST_STEP][PASSED] - n = data.getRowNumbers() + 1: null

26-05-2025T07:01:13 - [TEST_STEP][PASSED] - println(n): null

26-05-2025T07:01:13 - [TEST_STEP][PASSED] - dashboardName = "Котловой полезный отпуск": null

26-05-2025T07:01:13 - [TEST_STEP][PASSED] - openBrowser(""): Browser is opened with url: ''

26-05-2025T07:01:13 - [MESSAGE][INFO] - Starting 'Chrome' driver

26-05-2025T07:01:13 - [MESSAGE][INFO] - Action delay is set to 0 milliseconds

26-05-2025T07:01:14 - [MESSAGE][PASSED] - Browser is opened with url: ''

26-05-2025T07:01:14 - [TEST_STEP][PASSED] - urlData = 18: null

26-05-2025T07:01:14 - [TEST_STEP][PASSED] - Script1686231490255.CheckPageDownload(urlData, run): null

26-05-2025T07:01:14 - [TEST_STEP][PASSED] - i = 1: null

26-05-2025T07:01:14 - [TEST_STEP][PASSED] - ii = 0: null

26-05-2025T07:01:14 - [TEST_STEP][PASSED] - urlText = <not implemented yet for class: org.codehaus.groovy.ast.expr.EmptyExpression>: null

26-05-2025T07:01:14 - [TEST_STEP][PASSED] - searchWord = <not implemented yet for class: org.codehaus.groovy.ast.expr.EmptyExpression>: null

26-05-2025T07:01:14 - [TEST_STEP][PASSED] - deleteAllCookies(): Delete all cookies successfully

26-05-2025T07:01:14 - [MESSAGE][PASSED] - Delete all cookies successfully

26-05-2025T07:01:14 - [TEST_STEP][PASSED] - refresh(): Refresh successfully

26-05-2025T07:01:14 - [MESSAGE][PASSED] - Refresh successfully

26-05-2025T07:01:14 - [TEST_STEP][PASSED] - delay(40): Delayed 40 second(s)

26-05-2025T07:01:54 - [MESSAGE][PASSED] - Delayed 40 second(s)

26-05-2025T07:01:54 - [TEST_STEP][PASSED] - navigateToUrl(findTestData("PlanFact").getValue(10, urlData)): Navigate to 'https://bi.rosseti.digital/viewer?dashboardGuid=2301950b23be4ed89c1df75f2020051e&sheetGuid=9de09c51f7e14f6a9e9103985ef32ea6&fit=true' successfully

26-05-2025T07:01:56 - [MESSAGE][PASSED] - Navigate to 'https://bi.rosseti.digital/viewer?dashboardGuid=2301950b23be4ed89c1df75f2020051e&sheetGuid=9de09c51f7e14f6a9e9103985ef32ea6&fit=true' successfully

26-05-2025T07:01:56 - [TEST_STEP][PASSED] - pageLoaded1 = verifyElementPresent(findTestObject("Страница авторизации/Text"), 30): Object 'Object Repository/Страница авторизации/Text' is present

26-05-2025T07:01:56 - [MESSAGE][PASSED] - Object 'Object Repository/Страница авторизации/Text' is present

26-05-2025T07:01:56 - [TEST_STEP][PASSED] - if (pageLoaded1 == false): null

26-05-2025T07:01:56 - [TEST_STEP][PASSED] - urlText = getText(findTestObject("Страница авторизации/Text")): Text of object 'Object Repository/Страница авторизации/Text' is: 'Вход'

26-05-2025T07:01:57 - [MESSAGE][PASSED] - Text of object 'Object Repository/Страница авторизации/Text' is: 'Вход'

26-05-2025T07:01:57 - [TEST_STEP][PASSED] - delay(40): Delayed 40 second(s)

26-05-2025T07:02:37 - [MESSAGE][PASSED] - Delayed 40 second(s)

26-05-2025T07:02:37 - [TEST_STEP][PASSED] - searchWord = "Вход": null

26-05-2025T07:02:37 - [TEST_STEP][PASSED] - if (urlText.contains(searchWord) == false): null

26-05-2025T07:02:37 - [TEST_STEP][PASSED] - setText(findTestObject("Страница авторизации/input__username"), findTestData("PlanFact").getValue(8, run)): Text 'Petrova-OV' is set on object 'Object Repository/Страница авторизации/input__username'

26-05-2025T07:02:37 - [MESSAGE][PASSED] - Text 'Petrova-OV' is set on object 'Object Repository/Страница авторизации/input__username'

26-05-2025T07:02:37 - [TEST_STEP][PASSED] - setText(findTestObject("Страница авторизации/input__password"), findTestData("PlanFact").getValue(9, run)): Text '4Ex@~R53r&3x&BVe7' is set on object 'Object Repository/Страница авторизации/input__password'

26-05-2025T07:02:38 - [MESSAGE][PASSED] - Text '4Ex@~R53r&3x&BVe7' is set on object 'Object Repository/Страница авторизации/input__password'

26-05-2025T07:02:38 - [TEST_STEP][PASSED] - click(findTestObject("Страница авторизации/button_")): Object: 'Object Repository/Страница авторизации/button_' is clicked on

26-05-2025T07:02:39 - [MESSAGE][PASSED] - Object: 'Object Repository/Страница авторизации/button_' is clicked on

26-05-2025T07:02:39 - [TEST_STEP][PASSED] - delay(40): Delayed 40 second(s)

26-05-2025T07:03:19 - [MESSAGE][PASSED] - Delayed 40 second(s)

26-05-2025T07:03:19 - [TEST_STEP][PASSED] - searchWord = "а": null

26-05-2025T07:03:19 - [TEST_STEP][PASSED] - pageLoaded2 = verifyElementPresent(findTestObject("Страница авторизации/Text"), 50): Object 'Object Repository/Страница авторизации/Text' is present

26-05-2025T07:03:19 - [MESSAGE][PASSED] - Object 'Object Repository/Страница авторизации/Text' is present

26-05-2025T07:03:19 - [TEST_STEP][PASSED] - if (pageLoaded2 == false): null

26-05-2025T07:03:19 - [TEST_STEP][PASSED] - urlText = getText(findTestObject("Страница авторизации/Text")): Text of object 'Object Repository/Страница авторизации/Text' is: 'Период
1 кв., Апрель 2025 года
Выручка
Все
ДЗО 
Все
Внутренний оборот – выручка за услуги по передаче электрической энергии, входящая в стоимость электроэнергии (продажа) при выполнении ДЗО функций гарантирующего поставщика
Подписи данных
Отклонение котлового полезного отпуска ПАО Россети за 1 кв., Апрель 2025 года (факт/план, млн. кВтч)
ПАО Россети
-44 727 млн.кВтч.
млн.
%
Котловой полезный отпуск
Выполнение плановых показателей по ПАО Россети за 1 кв., Апрель 2025 года
План
Факт
Динамика
2025 год
0 млн.кВтч.
20 000 млн.кВтч.
40 000 млн.кВтч.
60 000 млн.кВтч.
80 000 млн.кВтч.
100 000 млн.кВтч.
120 000 млн.кВтч.
140 000 млн.кВтч.
160 000 млн.кВтч.
180 000 млн.кВтч.
200 000 млн.кВтч.
220 000 млн.кВтч.
240 000 млн.кВтч.
201 517
158 640
↓
⬤Отклонение
АО "РЭС"
АО «Тываэнерго»
АО «Чеченэнерго»
Россети Волга
Россети Кубань
Россети Ленэнерго (ГК)
Россети Московский регион
Россети Северный Кавказ (ГК)
Россети Северо-Запад
Россети Сибирь (ГК)
Россети Томск
Россети Тюмень
Россети Урал (ГК)
Россети ФСК ЕЭС
Россети Центр
Россети Центр и Приволжье (ГК)
Россети Юг (ГК)
Россети Янтарь
-9 000 млн.кВтч.
-8 000 млн.кВтч.
-7 000 млн.кВтч.
-6 000 млн.кВтч.
-5 000 млн.кВтч.
-4 000 млн.кВтч.
-3 000 млн.кВтч.
-2 000 млн.кВтч.
-1 000 млн.кВтч.
0 млн.кВтч.
1 000 млн.кВтч.
2 000 млн.кВтч.
-1 287
-60
-186
-4 232
-1 624
-2 986
-8 279
-1 561
-2 803
-4 836
-452
-5 431
-5 392
-1 851
-347
-4 572
-19
1 191'

26-05-2025T07:03:20 - [MESSAGE][PASSED] - Text of object 'Object Repository/Страница авторизации/Text' is: 'Период
1 кв., Апрель 2025 года
Выручка
Все
ДЗО 
Все
Внутренний оборот – выручка за услуги по передаче электрической энергии, входящая в стоимость электроэнергии (продажа) при выполнении ДЗО функций гарантирующего поставщика
Подписи данных
Отклонение котлового полезного отпуска ПАО Россети за 1 кв., Апрель 2025 года (факт/план, млн. кВтч)
ПАО Россети
-44 727 млн.кВтч.
млн.
%
Котловой полезный отпуск
Выполнение плановых показателей по ПАО Россети за 1 кв., Апрель 2025 года
План
Факт
Динамика
2025 год
0 млн.кВтч.
20 000 млн.кВтч.
40 000 млн.кВтч.
60 000 млн.кВтч.
80 000 млн.кВтч.
100 000 млн.кВтч.
120 000 млн.кВтч.
140 000 млн.кВтч.
160 000 млн.кВтч.
180 000 млн.кВтч.
200 000 млн.кВтч.
220 000 млн.кВтч.
240 000 млн.кВтч.
201 517
158 640
↓
⬤Отклонение
АО "РЭС"
АО «Тываэнерго»
АО «Чеченэнерго»
Россети Волга
Россети Кубань
Россети Ленэнерго (ГК)
Россети Московский регион
Россети Северный Кавказ (ГК)
Россети Северо-Запад
Россети Сибирь (ГК)
Россети Томск
Россети Тюмень
Россети Урал (ГК)
Россети ФСК ЕЭС
Россети Центр
Россети Центр и Приволжье (ГК)
Россети Юг (ГК)
Россети Янтарь
-9 000 млн.кВтч.
-8 000 млн.кВтч.
-7 000 млн.кВтч.
-6 000 млн.кВтч.
-5 000 млн.кВтч.
-4 000 млн.кВтч.
-3 000 млн.кВтч.
-2 000 млн.кВтч.
-1 000 млн.кВтч.
0 млн.кВтч.
1 000 млн.кВтч.
2 000 млн.кВтч.
-1 287
-60
-186
-4 232
-1 624
-2 986
-8 279
-1 561
-2 803
-4 836
-452
-5 431
-5 392
-1 851
-347
-4 572
-19
1 191'

26-05-2025T07:03:20 - [TEST_STEP][PASSED] - if (urlText.contains("ошибка") || urlText.contains(searchWord) == false): null

26-05-2025T07:03:20 - [TEST_STEP][PASSED] - a2 = "": null

26-05-2025T07:03:20 - [TEST_STEP][PASSED] - a3 = "": null

26-05-2025T07:03:20 - [TEST_STEP][PASSED] - a4 = "": null

26-05-2025T07:03:20 - [TEST_STEP][PASSED] - a5 = "": null

26-05-2025T07:03:20 - [TEST_STEP][PASSED] - a6 = "": null

26-05-2025T07:03:20 - [TEST_STEP][PASSED] - a7 = "": null

26-05-2025T07:03:20 - [TEST_STEP][PASSED] - a8 = "": null

26-05-2025T07:03:20 - [TEST_STEP][PASSED] - a9 = "": null

26-05-2025T07:03:20 - [TEST_STEP][PASSED] - if (run == 1): null

26-05-2025T07:03:20 - [TEST_STEP][PASSED] - if (run == 2): null

26-05-2025T07:03:20 - [TEST_STEP][PASSED] - if (run == 3): null

26-05-2025T07:03:20 - [TEST_STEP][PASSED] - user = "Попова": null

26-05-2025T07:03:20 - [TEST_STEP][PASSED] - a1 = getText(findTestObject("Котловой полезный отпуск/График 1")): Text of object 'Object Repository/Котловой полезный отпуск/График 1' is: 'Период
1 кв., Апрель 2025 года
Выручка
Все
ДЗО 
Все
Внутренний оборот – выручка за услуги по передаче электрической энергии, входящая в стоимость электроэнергии (продажа) при выполнении ДЗО функций гарантирующего поставщика
Подписи данных
Отклонение котлового полезного отпуска ПАО Россети за 1 кв., Апрель 2025 года (факт/план, млн. кВтч)
ПАО Россети
-44 727 млн.кВтч.
млн.
%
Котловой полезный отпуск
Выполнение плановых показателей по ПАО Россети за 1 кв., Апрель 2025 года
План
Факт
Динамика
2025 год
0 млн.кВтч.
20 000 млн.кВтч.
40 000 млн.кВтч.
60 000 млн.кВтч.
80 000 млн.кВтч.
100 000 млн.кВтч.
120 000 млн.кВтч.
140 000 млн.кВтч.
160 000 млн.кВтч.
180 000 млн.кВтч.
200 000 млн.кВтч.
220 000 млн.кВтч.
240 000 млн.кВтч.
201 517
158 640
↓
⬤Отклонение
АО "РЭС"
АО «Тываэнерго»
АО «Чеченэнерго»
Россети Волга
Россети Кубань
Россети Ленэнерго (ГК)
Россети Московский регион
Россети Северный Кавказ (ГК)
Россети Северо-Запад
Россети Сибирь (ГК)
Россети Томск
Россети Тюмень
Россети Урал (ГК)
Россети ФСК ЕЭС
Россети Центр
Россети Центр и Приволжье (ГК)
Россети Юг (ГК)
Россети Янтарь
-9 000 млн.кВтч.
-8 000 млн.кВтч.
-7 000 млн.кВтч.
-6 000 млн.кВтч.
-5 000 млн.кВтч.
-4 000 млн.кВтч.
-3 000 млн.кВтч.
-2 000 млн.кВтч.
-1 000 млн.кВтч.
0 млн.кВтч.
1 000 млн.кВтч.
2 000 млн.кВтч.
-1 287
-60
-186
-4 232
-1 624
-2 986
-8 279
-1 561
-2 803
-4 836
-452
-5 431
-5 392
-1 851
-347
-4 572
-19
1 191'

26-05-2025T07:03:21 - [MESSAGE][PASSED] - Text of object 'Object Repository/Котловой полезный отпуск/График 1' is: 'Период
1 кв., Апрель 2025 года
Выручка
Все
ДЗО 
Все
Внутренний оборот – выручка за услуги по передаче электрической энергии, входящая в стоимость электроэнергии (продажа) при выполнении ДЗО функций гарантирующего поставщика
Подписи данных
Отклонение котлового полезного отпуска ПАО Россети за 1 кв., Апрель 2025 года (факт/план, млн. кВтч)
ПАО Россети
-44 727 млн.кВтч.
млн.
%
Котловой полезный отпуск
Выполнение плановых показателей по ПАО Россети за 1 кв., Апрель 2025 года
План
Факт
Динамика
2025 год
0 млн.кВтч.
20 000 млн.кВтч.
40 000 млн.кВтч.
60 000 млн.кВтч.
80 000 млн.кВтч.
100 000 млн.кВтч.
120 000 млн.кВтч.
140 000 млн.кВтч.
160 000 млн.кВтч.
180 000 млн.кВтч.
200 000 млн.кВтч.
220 000 млн.кВтч.
240 000 млн.кВтч.
201 517
158 640
↓
⬤Отклонение
АО "РЭС"
АО «Тываэнерго»
АО «Чеченэнерго»
Россети Волга
Россети Кубань
Россети Ленэнерго (ГК)
Россети Московский регион
Россети Северный Кавказ (ГК)
Россети Северо-Запад
Россети Сибирь (ГК)
Россети Томск
Россети Тюмень
Россети Урал (ГК)
Россети ФСК ЕЭС
Россети Центр
Россети Центр и Приволжье (ГК)
Россети Юг (ГК)
Россети Янтарь
-9 000 млн.кВтч.
-8 000 млн.кВтч.
-7 000 млн.кВтч.
-6 000 млн.кВтч.
-5 000 млн.кВтч.
-4 000 млн.кВтч.
-3 000 млн.кВтч.
-2 000 млн.кВтч.
-1 000 млн.кВтч.
0 млн.кВтч.
1 000 млн.кВтч.
2 000 млн.кВтч.
-1 287
-60
-186
-4 232
-1 624
-2 986
-8 279
-1 561
-2 803
-4 836
-452
-5 431
-5 392
-1 851
-347
-4 572
-19
1 191'

26-05-2025T07:03:21 - [TEST_STEP][PASSED] - a1 = replaceAll("[\r?
|
]", "").replaceAll("\s+", ""): null

26-05-2025T07:03:21 - [TEST_STEP][PASSED] - if (a1 == ""): null

26-05-2025T07:03:21 - [TEST_STEP][PASSED] - n = n + 23: null

26-05-2025T07:03:21 - [TEST_STEP][PASSED] - b = n - run + 1: null

26-05-2025T07:03:21 - [TEST_STEP][PASSED] - verifyEqual(findTestData("PlanFact").getValue(2, b), a1): Actual object '120251202544727120252025020000400006000080000100000120000140000160000180000200000220000240000201517158640↓⬤90008000700060005000400030002000100001000200012876018642321624298682791561280348364525431539218513474572191191' and expected object '120251202544727120252025020000400006000080000100000120000140000160000180000200000220000240000201517158640↓⬤90008000700060005000400030002000100001000200012876018642321624298682791561280348364525431539218513474572191191' are equal

26-05-2025T07:03:21 - [MESSAGE][PASSED] - Actual object '120251202544727120252025020000400006000080000100000120000140000160000180000200000220000240000201517158640↓⬤90008000700060005000400030002000100001000200012876018642321624298682791561280348364525431539218513474572191191' and expected object '120251202544727120252025020000400006000080000100000120000140000160000180000200000220000240000201517158640↓⬤90008000700060005000400030002000100001000200012876018642321624298682791561280348364525431539218513474572191191' are equal

26-05-2025T07:03:21 - [TEST_STEP][PASSED] - Script1686231490255.WriteToExcel(user, dashboardName, n, data, run, a1, a2, a3, a4, a5, a6, a7, a8, a9): null

26-05-2025T07:03:21 - [TEST_STEP][PASSED] - sheetName = "Sheet1": null

26-05-2025T07:03:21 - [TEST_STEP][PASSED] - workbook01 = getWorkbook(excelFilePath): null

26-05-2025T07:03:21 - [TEST_STEP][PASSED] - sheet01 = getExcelSheet(workbook01, sheetName): null

26-05-2025T07:03:21 - [TEST_STEP][PASSED] - setValueToCellByIndex(sheet01, n, 0, dashboardName): null

26-05-2025T07:03:21 - [TEST_STEP][PASSED] - setValueToCellByIndex(sheet01, n, 10, user): null

26-05-2025T07:03:21 - [TEST_STEP][PASSED] - setValueToCellByIndex(sheet01, n, 1, a1): null

26-05-2025T07:03:21 - [TEST_STEP][PASSED] - setValueToCellByIndex(sheet01, n, 2, a2): null

26-05-2025T07:03:21 - [TEST_STEP][PASSED] - setValueToCellByIndex(sheet01, n, 3, a3): null

26-05-2025T07:03:21 - [TEST_STEP][PASSED] - setValueToCellByIndex(sheet01, n, 4, a4): null

26-05-2025T07:03:21 - [TEST_STEP][PASSED] - setValueToCellByIndex(sheet01, n, 5, a5): null

26-05-2025T07:03:21 - [TEST_STEP][PASSED] - setValueToCellByIndex(sheet01, n, 6, a6): null

26-05-2025T07:03:21 - [TEST_STEP][PASSED] - setValueToCellByIndex(sheet01, n, 7, a7): null

26-05-2025T07:03:21 - [TEST_STEP][PASSED] - setValueToCellByIndex(sheet01, n, 8, a8): null

26-05-2025T07:03:21 - [TEST_STEP][PASSED] - setValueToCellByIndex(sheet01, n, 9, a9): null

26-05-2025T07:03:21 - [TEST_STEP][PASSED] - n = n + 1: null

26-05-2025T07:03:21 - [TEST_STEP][PASSED] - saveWorkbook(excelFilePath, workbook01): null

26-05-2025T07:03:21 - [TEST_STEP][PASSED] - closeBrowser(): Browser is closed

26-05-2025T07:03:21 - [MESSAGE][PASSED] - Browser is closed

26-05-2025T07:03:21 - [TEST_STEP][PASSED] - delay(40): Delayed 40 second(s)

26-05-2025T07:04:01 - [MESSAGE][PASSED] - Delayed 40 second(s)

26-05-2025T07:04:01 - [TEST_STEP][PASSED] - for ([run = 1, run < 4, (run++)]): null

26-05-2025T07:04:01 - [TEST_STEP][PASSED] - FaktorniyAnaliz(user, dashboardName, n, data, run, a1, a2, a3, a4, a5, a6, a7, a8, a9, urlData): null

26-05-2025T07:04:01 - [TEST_STEP][PASSED] - n = data.getRowNumbers() + 1: null

26-05-2025T07:04:01 - [TEST_STEP][PASSED] - println(n): null

26-05-2025T07:04:01 - [TEST_STEP][PASSED] - dashboardName = "Факторный анализ": null

26-05-2025T07:04:01 - [TEST_STEP][PASSED] - openBrowser(""): Browser is opened with url: ''

26-05-2025T07:04:01 - [MESSAGE][INFO] - Starting 'Chrome' driver

26-05-2025T07:04:01 - [MESSAGE][INFO] - Action delay is set to 0 milliseconds

26-05-2025T07:04:02 - [MESSAGE][PASSED] - Browser is opened with url: ''

26-05-2025T07:04:02 - [TEST_STEP][PASSED] - urlData = 3: null

26-05-2025T07:04:02 - [TEST_STEP][PASSED] - Script1686231490255.CheckPageDownload(urlData, run): null

26-05-2025T07:04:02 - [TEST_STEP][PASSED] - i = 1: null

26-05-2025T07:04:02 - [TEST_STEP][PASSED] - ii = 0: null

26-05-2025T07:04:02 - [TEST_STEP][PASSED] - urlText = <not implemented yet for class: org.codehaus.groovy.ast.expr.EmptyExpression>: null

26-05-2025T07:04:02 - [TEST_STEP][PASSED] - searchWord = <not implemented yet for class: org.codehaus.groovy.ast.expr.EmptyExpression>: null

26-05-2025T07:04:02 - [TEST_STEP][PASSED] - deleteAllCookies(): Delete all cookies successfully

26-05-2025T07:04:02 - [MESSAGE][PASSED] - Delete all cookies successfully

26-05-2025T07:04:02 - [TEST_STEP][PASSED] - refresh(): Refresh successfully

26-05-2025T07:04:02 - [MESSAGE][PASSED] - Refresh successfully

26-05-2025T07:04:02 - [TEST_STEP][PASSED] - delay(40): Delayed 40 second(s)

26-05-2025T07:04:42 - [MESSAGE][PASSED] - Delayed 40 second(s)

26-05-2025T07:04:42 - [TEST_STEP][PASSED] - navigateToUrl(findTestData("PlanFact").getValue(10, urlData)): Navigate to 'https://bi.rosseti.digital/viewer?dashboardGuid=2301950b23be4ed89c1df75f2020051e&sheetGuid=ccd7d7486b3d4e6fa0ee9b1eaebed46c&fit=true' successfully

26-05-2025T07:04:44 - [MESSAGE][PASSED] - Navigate to 'https://bi.rosseti.digital/viewer?dashboardGuid=2301950b23be4ed89c1df75f2020051e&sheetGuid=ccd7d7486b3d4e6fa0ee9b1eaebed46c&fit=true' successfully

26-05-2025T07:04:44 - [TEST_STEP][PASSED] - pageLoaded1 = verifyElementPresent(findTestObject("Страница авторизации/Text"), 30): Object 'Object Repository/Страница авторизации/Text' is present

26-05-2025T07:04:45 - [MESSAGE][PASSED] - Object 'Object Repository/Страница авторизации/Text' is present

26-05-2025T07:04:45 - [TEST_STEP][PASSED] - if (pageLoaded1 == false): null

26-05-2025T07:04:45 - [TEST_STEP][PASSED] - urlText = getText(findTestObject("Страница авторизации/Text")): Text of object 'Object Repository/Страница авторизации/Text' is: 'Вход'

26-05-2025T07:04:45 - [MESSAGE][PASSED] - Text of object 'Object Repository/Страница авторизации/Text' is: 'Вход'

26-05-2025T07:04:45 - [TEST_STEP][PASSED] - delay(40): Delayed 40 second(s)

26-05-2025T07:05:25 - [MESSAGE][PASSED] - Delayed 40 second(s)

26-05-2025T07:05:25 - [TEST_STEP][PASSED] - searchWord = "Вход": null

26-05-2025T07:05:25 - [TEST_STEP][PASSED] - if (urlText.contains(searchWord) == false): null

26-05-2025T07:05:25 - [TEST_STEP][PASSED] - setText(findTestObject("Страница авторизации/input__username"), findTestData("PlanFact").getValue(8, run)): Text 'liazgina-di' is set on object 'Object Repository/Страница авторизации/input__username'

26-05-2025T07:05:26 - [MESSAGE][PASSED] - Text 'liazgina-di' is set on object 'Object Repository/Страница авторизации/input__username'

26-05-2025T07:05:26 - [TEST_STEP][PASSED] - setText(findTestObject("Страница авторизации/input__password"), findTestData("PlanFact").getValue(9, run)): Text ')$%5srZ8o688Dm#q' is set on object 'Object Repository/Страница авторизации/input__password'

26-05-2025T07:05:27 - [MESSAGE][PASSED] - Text ')$%5srZ8o688Dm#q' is set on object 'Object Repository/Страница авторизации/input__password'

26-05-2025T07:05:27 - [TEST_STEP][PASSED] - click(findTestObject("Страница авторизации/button_")): Object: 'Object Repository/Страница авторизации/button_' is clicked on

26-05-2025T07:05:28 - [MESSAGE][PASSED] - Object: 'Object Repository/Страница авторизации/button_' is clicked on

26-05-2025T07:05:28 - [TEST_STEP][PASSED] - delay(40): Delayed 40 second(s)

26-05-2025T07:06:08 - [MESSAGE][PASSED] - Delayed 40 second(s)

26-05-2025T07:06:08 - [TEST_STEP][PASSED] - searchWord = "а": null

26-05-2025T07:06:08 - [TEST_STEP][PASSED] - pageLoaded2 = verifyElementPresent(findTestObject("Страница авторизации/Text"), 50): Object 'Object Repository/Страница авторизации/Text' is present

26-05-2025T07:06:08 - [MESSAGE][PASSED] - Object 'Object Repository/Страница авторизации/Text' is present

26-05-2025T07:06:08 - [TEST_STEP][PASSED] - if (pageLoaded2 == false): null

26-05-2025T07:06:08 - [TEST_STEP][PASSED] - urlText = getText(findTestObject("Страница авторизации/Text")): Text of object 'Object Repository/Страница авторизации/Text' is: 'Период
1 кв. 2025 года
ДЗО 
Все
Подписи данных
Итого отклонения по группе компаний: -3 726 млн.руб.
Филиал
Месяц
Факторный анализ
Всего отклонения по факторам по ПАО Россети за 1 кв. 2025 года
ДЗО
Филиал
Отклонение (объём услуг)
Отклонение (средний тариф)
АО "РЭС" АО "РЭС" - 245 -16
АО «Тываэнерго» АО "Тываэнерго" 39 17
АО «Чеченэнерго» АО «Чеченэнерго» -8 -19
Россети Волга Мордовэнерго - 165 -11
Оренбургэнерго - 207 -48
Пензаэнерго -61 -1
Самарские РС - 328 413
Саратовские РС - 213 -34
Ульяновские РС 96 -22
Чувашэнерго 7 36
Россети Кубань Кубаньэнерго 319 467
Россети Ленэнерго (ГК) Ленинградская область - 274 501
г. Санкт-Петербург - 135 -30
Россети Московский регион Московская область -2 728 26
г. Москва - 739 96
Россети Северный Кавказ (ГК) Дагэнерго - 409 86
Ингушэнерго - 145 41
Каббалкэнерго 55 -4
Карачаево-Черкесскэнерго 50 -22
Севкавказэнерго -5 -24
Ставропольэнерго 23 84
Россети Северо-Запад Архангельский филиал -69 52
Вологодский филиал -44 43
Карельский филиал -17 -65
Мурманский филиал 24 -84
Новгородский филиал 10 21
Псковский филиал -55 30
филиал в Республике Коми - 136 39
Россети Сибирь (ГК) Алтайэнерго 47 24
Бурятэнерго 52 -32
ГАЭС 23 4
Красноярскэнерго 299 26
Кузбассэнерго-РЭС -85 499
Омскэнерго 40 -69
Хакасэнерго -9 -53
Читаэнерго 23 88
Россети Томск Томская распределительная компания - 100 42
Россети Тюмень Россети Тюмень -2 270 - 495
Россети Урал (ГК) Пермэнерго - 357 1
Свердловэнерго - 199 -32
Челябэнерго - 323 -77
Россети ФСК ЕЭС Итого по ФСК ЕЭС - 451 2 121
Россети Центр Белгородэнерго -74 30
Брянскэнерго -66 -2
Воронежэнерго - 100 37
Костромаэнерго -73 -1
Курскэнерго -21 41
Липецкэнерго - 216 43
Орелэнерго -39 4
Смоленскэнерго -41 4
Тамбовэнерго -25 -5
Тверьэнерго - 164 -10
Ярэнерго - 130 4
Россети Центр и Приволжье (ГК) Владимирэнерго - 188 -31
Ивэнерго 4 -31
Калугаэнерго -57 41
Кировэнерго -64 14
Мариэнерго -39 29
Нижновэнерго - 287 49
Рязаньэнерго - 201 45
Тулэнерго - 131 -64
Удмуртэнерго -55 61
Россети Юг (ГК) АО «ВМЭС» -7 15
Астраханьэнерго -22 -15
Волгоградэнерго - 314 22
Калмэнерго 20 -5
Ростовэнерго 153 143
Россети Янтарь Россети Янтарь 0 3 047
Отклонения выручки по факторам по выбранным ДЗО, руб
-10 810-10 810
4 0374 037
Отклонение (объём услуг)
Отклонение (средний тариф)
ПАО Россети'

26-05-2025T07:06:09 - [MESSAGE][PASSED] - Text of object 'Object Repository/Страница авторизации/Text' is: 'Период
1 кв. 2025 года
ДЗО 
Все
Подписи данных
Итого отклонения по группе компаний: -3 726 млн.руб.
Филиал
Месяц
Факторный анализ
Всего отклонения по факторам по ПАО Россети за 1 кв. 2025 года
ДЗО
Филиал
Отклонение (объём услуг)
Отклонение (средний тариф)
АО "РЭС" АО "РЭС" - 245 -16
АО «Тываэнерго» АО "Тываэнерго" 39 17
АО «Чеченэнерго» АО «Чеченэнерго» -8 -19
Россети Волга Мордовэнерго - 165 -11
Оренбургэнерго - 207 -48
Пензаэнерго -61 -1
Самарские РС - 328 413
Саратовские РС - 213 -34
Ульяновские РС 96 -22
Чувашэнерго 7 36
Россети Кубань Кубаньэнерго 319 467
Россети Ленэнерго (ГК) Ленинградская область - 274 501
г. Санкт-Петербург - 135 -30
Россети Московский регион Московская область -2 728 26
г. Москва - 739 96
Россети Северный Кавказ (ГК) Дагэнерго - 409 86
Ингушэнерго - 145 41
Каббалкэнерго 55 -4
Карачаево-Черкесскэнерго 50 -22
Севкавказэнерго -5 -24
Ставропольэнерго 23 84
Россети Северо-Запад Архангельский филиал -69 52
Вологодский филиал -44 43
Карельский филиал -17 -65
Мурманский филиал 24 -84
Новгородский филиал 10 21
Псковский филиал -55 30
филиал в Республике Коми - 136 39
Россети Сибирь (ГК) Алтайэнерго 47 24
Бурятэнерго 52 -32
ГАЭС 23 4
Красноярскэнерго 299 26
Кузбассэнерго-РЭС -85 499
Омскэнерго 40 -69
Хакасэнерго -9 -53
Читаэнерго 23 88
Россети Томск Томская распределительная компания - 100 42
Россети Тюмень Россети Тюмень -2 270 - 495
Россети Урал (ГК) Пермэнерго - 357 1
Свердловэнерго - 199 -32
Челябэнерго - 323 -77
Россети ФСК ЕЭС Итого по ФСК ЕЭС - 451 2 121
Россети Центр Белгородэнерго -74 30
Брянскэнерго -66 -2
Воронежэнерго - 100 37
Костромаэнерго -73 -1
Курскэнерго -21 41
Липецкэнерго - 216 43
Орелэнерго -39 4
Смоленскэнерго -41 4
Тамбовэнерго -25 -5
Тверьэнерго - 164 -10
Ярэнерго - 130 4
Россети Центр и Приволжье (ГК) Владимирэнерго - 188 -31
Ивэнерго 4 -31
Калугаэнерго -57 41
Кировэнерго -64 14
Мариэнерго -39 29
Нижновэнерго - 287 49
Рязаньэнерго - 201 45
Тулэнерго - 131 -64
Удмуртэнерго -55 61
Россети Юг (ГК) АО «ВМЭС» -7 15
Астраханьэнерго -22 -15
Волгоградэнерго - 314 22
Калмэнерго 20 -5
Ростовэнерго 153 143
Россети Янтарь Россети Янтарь 0 3 047
Отклонения выручки по факторам по выбранным ДЗО, руб
-10 810-10 810
4 0374 037
Отклонение (объём услуг)
Отклонение (средний тариф)
ПАО Россети'

26-05-2025T07:06:09 - [TEST_STEP][PASSED] - if (urlText.contains("ошибка") || urlText.contains(searchWord) == false): null

26-05-2025T07:06:09 - [TEST_STEP][PASSED] - click(findTestObject("Факторный анализ/Фильтр Период")): Object: 'Object Repository/Факторный анализ/Фильтр Период' is clicked on

26-05-2025T07:06:09 - [MESSAGE][PASSED] - Object: 'Object Repository/Факторный анализ/Фильтр Период' is clicked on

26-05-2025T07:06:09 - [TEST_STEP][PASSED] - click(findTestObject("Факторный анализ/Снять выделение в фильтре Дата")): Object: 'Object Repository/Факторный анализ/Снять выделение в фильтре Дата' is clicked on

26-05-2025T07:06:10 - [MESSAGE][PASSED] - Object: 'Object Repository/Факторный анализ/Снять выделение в фильтре Дата' is clicked on

26-05-2025T07:06:10 - [TEST_STEP][PASSED] - click(findTestObject("Факторный анализ/Применить в фильтре Дата")): Object: 'Object Repository/Факторный анализ/Применить в фильтре Дата' is clicked on

26-05-2025T07:06:10 - [MESSAGE][PASSED] - Object: 'Object Repository/Факторный анализ/Применить в фильтре Дата' is clicked on

26-05-2025T07:06:10 - [TEST_STEP][PASSED] - click(findTestObject("Факторный анализ/Фильтр Период")): Object: 'Object Repository/Факторный анализ/Фильтр Период' is clicked on

26-05-2025T07:06:12 - [MESSAGE][PASSED] - Object: 'Object Repository/Факторный анализ/Фильтр Период' is clicked on

26-05-2025T07:06:12 - [TEST_STEP][PASSED] - click(findTestObject("Факторный анализ/Снять выделение в фильтре Дата")): Object: 'Object Repository/Факторный анализ/Снять выделение в фильтре Дата' is clicked on

26-05-2025T07:06:13 - [MESSAGE][PASSED] - Object: 'Object Repository/Факторный анализ/Снять выделение в фильтре Дата' is clicked on

26-05-2025T07:06:13 - [TEST_STEP][PASSED] - scrollToElement(findTestObject("Факторный анализ/2025 список"), 30): Scroll to object 'Object Repository/Факторный анализ/2025 список' successfully

26-05-2025T07:06:13 - [MESSAGE][PASSED] - Scroll to object 'Object Repository/Факторный анализ/2025 список' successfully

26-05-2025T07:06:13 - [TEST_STEP][PASSED] - click(findTestObject("Факторный анализ/2025 список")): Object: 'Object Repository/Факторный анализ/2025 список' is clicked on

26-05-2025T07:06:13 - [MESSAGE][PASSED] - Object: 'Object Repository/Факторный анализ/2025 список' is clicked on

26-05-2025T07:06:13 - [TEST_STEP][PASSED] - scrollToElement(findTestObject("Факторный анализ/1 квартал 2025 список"), 30): Scroll to object 'Object Repository/Факторный анализ/1 квартал 2025 список' successfully

26-05-2025T07:06:14 - [MESSAGE][PASSED] - Scroll to object 'Object Repository/Факторный анализ/1 квартал 2025 список' successfully

26-05-2025T07:06:14 - [TEST_STEP][PASSED] - click(findTestObject("Факторный анализ/1 квартал 2025 выбрать"), CONTINUE_ON_FAILURE): Object: 'Object Repository/Факторный анализ/1 квартал 2025 выбрать' is clicked on

26-05-2025T07:06:14 - [MESSAGE][PASSED] - Object: 'Object Repository/Факторный анализ/1 квартал 2025 выбрать' is clicked on

26-05-2025T07:06:14 - [TEST_STEP][PASSED] - scrollToElement(findTestObject("Факторный анализ/Заголовок дашборда"), 30): Scroll to object 'Object Repository/Факторный анализ/Заголовок дашборда' successfully

26-05-2025T07:06:15 - [MESSAGE][PASSED] - Scroll to object 'Object Repository/Факторный анализ/Заголовок дашборда' successfully

26-05-2025T07:06:15 - [TEST_STEP][PASSED] - click(findTestObject("Факторный анализ/Применить в фильтре Дата")): Object: 'Object Repository/Факторный анализ/Применить в фильтре Дата' is clicked on

26-05-2025T07:06:15 - [MESSAGE][PASSED] - Object: 'Object Repository/Факторный анализ/Применить в фильтре Дата' is clicked on

26-05-2025T07:06:15 - [TEST_STEP][PASSED] - a5 = "": null

26-05-2025T07:06:15 - [TEST_STEP][PASSED] - a6 = "": null

26-05-2025T07:06:15 - [TEST_STEP][PASSED] - a7 = "": null

26-05-2025T07:06:15 - [TEST_STEP][PASSED] - a8 = "": null

26-05-2025T07:06:15 - [TEST_STEP][PASSED] - a9 = "": null

26-05-2025T07:06:15 - [TEST_STEP][PASSED] - if (run == 1): null

26-05-2025T07:06:15 - [TEST_STEP][PASSED] - user = "админ": null

26-05-2025T07:06:15 - [TEST_STEP][PASSED] - a1 = getText(findTestObject("Факторный анализ/span1 Блок руководителя")): Text of object 'Object Repository/Факторный анализ/span1 Блок руководителя' is: ''

26-05-2025T07:06:16 - [MESSAGE][PASSED] - Text of object 'Object Repository/Факторный анализ/span1 Блок руководителя' is: ''

26-05-2025T07:06:16 - [TEST_STEP][PASSED] - a2 = getText(findTestObject("Факторный анализ/span2 Блок руководителя")): Text of object 'Object Repository/Факторный анализ/span2 Блок руководителя' is: ''

26-05-2025T07:06:16 - [MESSAGE][PASSED] - Text of object 'Object Repository/Факторный анализ/span2 Блок руководителя' is: ''

26-05-2025T07:06:16 - [TEST_STEP][PASSED] - a3 = getText(findTestObject("Факторный анализ/График Всего отклонения по факторам Блок руководителя")): Text of object 'Object Repository/Факторный анализ/График Всего отклонения по факторам Блок руководителя' is: ''

26-05-2025T07:06:17 - [MESSAGE][PASSED] - Text of object 'Object Repository/Факторный анализ/График Всего отклонения по факторам Блок руководителя' is: ''

26-05-2025T07:06:17 - [TEST_STEP][PASSED] - click(findTestObject("Факторный анализ/Переключить отображение с филиала на месяц Выручка")): Object: 'Object Repository/Факторный анализ/Переключить отображение с филиала на месяц Выручка' is clicked on

26-05-2025T07:06:17 - [MESSAGE][PASSED] - Object: 'Object Repository/Факторный анализ/Переключить отображение с филиала на месяц Выручка' is clicked on

26-05-2025T07:06:17 - [TEST_STEP][PASSED] - a4 = getText(findTestObject("Факторный анализ/График Всего отклонения по факторам Блок руководителя")): Text of object 'Object Repository/Факторный анализ/График Всего отклонения по факторам Блок руководителя' is: ''

26-05-2025T07:06:17 - [MESSAGE][PASSED] - Text of object 'Object Repository/Факторный анализ/График Всего отклонения по факторам Блок руководителя' is: ''

26-05-2025T07:06:17 - [TEST_STEP][PASSED] - n = n + 24: null

26-05-2025T07:06:17 - [TEST_STEP][PASSED] - Script1686231490255.WriteToExcel(user, dashboardName, n, data, run, a1, a2, a3, a4, a5, a6, a7, a8, a9): null

26-05-2025T07:06:17 - [TEST_STEP][PASSED] - sheetName = "Sheet1": null

26-05-2025T07:06:17 - [TEST_STEP][PASSED] - workbook01 = getWorkbook(excelFilePath): null

26-05-2025T07:06:17 - [TEST_STEP][PASSED] - sheet01 = getExcelSheet(workbook01, sheetName): null

26-05-2025T07:06:17 - [TEST_STEP][PASSED] - setValueToCellByIndex(sheet01, n, 0, dashboardName): null

26-05-2025T07:06:17 - [TEST_STEP][PASSED] - setValueToCellByIndex(sheet01, n, 10, user): null

26-05-2025T07:06:17 - [TEST_STEP][PASSED] - setValueToCellByIndex(sheet01, n, 1, a1): null

26-05-2025T07:06:17 - [TEST_STEP][PASSED] - setValueToCellByIndex(sheet01, n, 2, a2): null

26-05-2025T07:06:17 - [TEST_STEP][PASSED] - setValueToCellByIndex(sheet01, n, 3, a3): null

26-05-2025T07:06:17 - [TEST_STEP][PASSED] - setValueToCellByIndex(sheet01, n, 4, a4): null

26-05-2025T07:06:17 - [TEST_STEP][PASSED] - setValueToCellByIndex(sheet01, n, 5, a5): null

26-05-2025T07:06:17 - [TEST_STEP][PASSED] - setValueToCellByIndex(sheet01, n, 6, a6): null

26-05-2025T07:06:17 - [TEST_STEP][PASSED] - setValueToCellByIndex(sheet01, n, 7, a7): null

26-05-2025T07:06:17 - [TEST_STEP][PASSED] - setValueToCellByIndex(sheet01, n, 8, a8): null

26-05-2025T07:06:17 - [TEST_STEP][PASSED] - setValueToCellByIndex(sheet01, n, 9, a9): null

26-05-2025T07:06:17 - [TEST_STEP][PASSED] - n = n + 1: null

26-05-2025T07:06:17 - [TEST_STEP][PASSED] - saveWorkbook(excelFilePath, workbook01): null

26-05-2025T07:06:18 - [TEST_STEP][PASSED] - if (run == 2): null

26-05-2025T07:06:18 - [TEST_STEP][PASSED] - if (run == 3): null

26-05-2025T07:06:18 - [TEST_STEP][PASSED] - closeBrowser(): null

26-05-2025T07:06:18 - [MESSAGE][PASSED] - Browser is closed

26-05-2025T07:06:18 - [TEST_STEP][PASSED] - FaktorniyAnaliz(user, dashboardName, n, data, run, a1, a2, a3, a4, a5, a6, a7, a8, a9, urlData): null

26-05-2025T07:06:18 - [TEST_STEP][PASSED] - n = data.getRowNumbers() + 1: null

26-05-2025T07:06:18 - [TEST_STEP][PASSED] - println(n): null

26-05-2025T07:06:18 - [TEST_STEP][PASSED] - dashboardName = "Факторный анализ": null

26-05-2025T07:06:18 - [TEST_STEP][PASSED] - openBrowser(""): Browser is opened with url: ''

26-05-2025T07:06:18 - [MESSAGE][INFO] - Starting 'Chrome' driver

26-05-2025T07:06:18 - [MESSAGE][INFO] - Action delay is set to 0 milliseconds

26-05-2025T07:06:19 - [MESSAGE][PASSED] - Browser is opened with url: ''

26-05-2025T07:06:19 - [TEST_STEP][PASSED] - urlData = 3: null

26-05-2025T07:06:19 - [TEST_STEP][PASSED] - Script1686231490255.CheckPageDownload(urlData, run): null

26-05-2025T07:06:19 - [TEST_STEP][PASSED] - i = 1: null

26-05-2025T07:06:19 - [TEST_STEP][PASSED] - ii = 0: null

26-05-2025T07:06:19 - [TEST_STEP][PASSED] - urlText = <not implemented yet for class: org.codehaus.groovy.ast.expr.EmptyExpression>: null

26-05-2025T07:06:19 - [TEST_STEP][PASSED] - searchWord = <not implemented yet for class: org.codehaus.groovy.ast.expr.EmptyExpression>: null

26-05-2025T07:06:19 - [TEST_STEP][PASSED] - deleteAllCookies(): Delete all cookies successfully

26-05-2025T07:06:19 - [MESSAGE][PASSED] - Delete all cookies successfully

26-05-2025T07:06:19 - [TEST_STEP][PASSED] - refresh(): Refresh successfully

26-05-2025T07:06:19 - [MESSAGE][PASSED] - Refresh successfully

26-05-2025T07:06:19 - [TEST_STEP][PASSED] - delay(40): Delayed 40 second(s)

26-05-2025T07:06:59 - [MESSAGE][PASSED] - Delayed 40 second(s)

26-05-2025T07:06:59 - [TEST_STEP][PASSED] - navigateToUrl(findTestData("PlanFact").getValue(10, urlData)): Navigate to 'https://bi.rosseti.digital/viewer?dashboardGuid=2301950b23be4ed89c1df75f2020051e&sheetGuid=ccd7d7486b3d4e6fa0ee9b1eaebed46c&fit=true' successfully

26-05-2025T07:07:01 - [MESSAGE][PASSED] - Navigate to 'https://bi.rosseti.digital/viewer?dashboardGuid=2301950b23be4ed89c1df75f2020051e&sheetGuid=ccd7d7486b3d4e6fa0ee9b1eaebed46c&fit=true' successfully

26-05-2025T07:07:01 - [TEST_STEP][PASSED] - pageLoaded1 = verifyElementPresent(findTestObject("Страница авторизации/Text"), 30): Object 'Object Repository/Страница авторизации/Text' is present

26-05-2025T07:07:01 - [MESSAGE][PASSED] - Object 'Object Repository/Страница авторизации/Text' is present

26-05-2025T07:07:01 - [TEST_STEP][PASSED] - if (pageLoaded1 == false): null

26-05-2025T07:07:01 - [TEST_STEP][PASSED] - urlText = getText(findTestObject("Страница авторизации/Text")): Text of object 'Object Repository/Страница авторизации/Text' is: 'Вход'

26-05-2025T07:07:02 - [MESSAGE][PASSED] - Text of object 'Object Repository/Страница авторизации/Text' is: 'Вход'

26-05-2025T07:07:02 - [TEST_STEP][PASSED] - delay(40): Delayed 40 second(s)

26-05-2025T07:07:42 - [MESSAGE][PASSED] - Delayed 40 second(s)

26-05-2025T07:07:42 - [TEST_STEP][PASSED] - searchWord = "Вход": null

26-05-2025T07:07:42 - [TEST_STEP][PASSED] - if (urlText.contains(searchWord) == false): null

26-05-2025T07:07:42 - [TEST_STEP][PASSED] - setText(findTestObject("Страница авторизации/input__username"), findTestData("PlanFact").getValue(8, run)): Text 'Andreeva-EV' is set on object 'Object Repository/Страница авторизации/input__username'

26-05-2025T07:07:42 - [MESSAGE][PASSED] - Text 'Andreeva-EV' is set on object 'Object Repository/Страница авторизации/input__username'

26-05-2025T07:07:42 - [TEST_STEP][PASSED] - setText(findTestObject("Страница авторизации/input__password"), findTestData("PlanFact").getValue(9, run)): Text '2nPePKDwCPH3ul7xMZ' is set on object 'Object Repository/Страница авторизации/input__password'

26-05-2025T07:07:43 - [MESSAGE][PASSED] - Text '2nPePKDwCPH3ul7xMZ' is set on object 'Object Repository/Страница авторизации/input__password'

26-05-2025T07:07:43 - [TEST_STEP][PASSED] - click(findTestObject("Страница авторизации/button_")): Object: 'Object Repository/Страница авторизации/button_' is clicked on

26-05-2025T07:07:44 - [MESSAGE][PASSED] - Object: 'Object Repository/Страница авторизации/button_' is clicked on

26-05-2025T07:07:44 - [TEST_STEP][PASSED] - delay(40): Delayed 40 second(s)

26-05-2025T07:08:24 - [MESSAGE][PASSED] - Delayed 40 second(s)

26-05-2025T07:08:24 - [TEST_STEP][PASSED] - searchWord = "а": null

26-05-2025T07:08:24 - [TEST_STEP][PASSED] - pageLoaded2 = verifyElementPresent(findTestObject("Страница авторизации/Text"), 50): Object 'Object Repository/Страница авторизации/Text' is present

26-05-2025T07:08:24 - [MESSAGE][PASSED] - Object 'Object Repository/Страница авторизации/Text' is present

26-05-2025T07:08:24 - [TEST_STEP][PASSED] - if (pageLoaded2 == false): null

26-05-2025T07:08:24 - [TEST_STEP][PASSED] - urlText = getText(findTestObject("Страница авторизации/Text")): Text of object 'Object Repository/Страница авторизации/Text' is: 'Период
1 кв. 2025 года
ДЗО 
Все
Подписи данных
Итого отклонения по группе компаний: -3 726 млн.руб.
Филиал
Месяц
Факторный анализ
Всего отклонения по факторам по ПАО Россети за 1 кв. 2025 года
ДЗО
Филиал
Отклонение (объём услуг)
Отклонение (средний тариф)
АО "РЭС" АО "РЭС" - 245 -16
АО «Тываэнерго» АО "Тываэнерго" 39 17
АО «Чеченэнерго» АО «Чеченэнерго» -8 -19
Россети Волга Мордовэнерго - 165 -11
Оренбургэнерго - 207 -48
Пензаэнерго -61 -1
Самарские РС - 328 413
Саратовские РС - 213 -34
Ульяновские РС 96 -22
Чувашэнерго 7 36
Россети Кубань Кубаньэнерго 319 467
Россети Ленэнерго (ГК) Ленинградская область - 274 501
г. Санкт-Петербург - 135 -30
Россети Московский регион Московская область -2 728 26
г. Москва - 739 96
Россети Северный Кавказ (ГК) Дагэнерго - 409 86
Ингушэнерго - 145 41
Каббалкэнерго 55 -4
Карачаево-Черкесскэнерго 50 -22
Севкавказэнерго -5 -24
Ставропольэнерго 23 84
Россети Северо-Запад Архангельский филиал -69 52
Вологодский филиал -44 43
Карельский филиал -17 -65
Мурманский филиал 24 -84
Новгородский филиал 10 21
Псковский филиал -55 30
филиал в Республике Коми - 136 39
Россети Сибирь (ГК) Алтайэнерго 47 24
Бурятэнерго 52 -32
ГАЭС 23 4
Красноярскэнерго 299 26
Кузбассэнерго-РЭС -85 499
Омскэнерго 40 -69
Хакасэнерго -9 -53
Читаэнерго 23 88
Россети Томск Томская распределительная компания - 100 42
Россети Тюмень Россети Тюмень -2 270 - 495
Россети Урал (ГК) Пермэнерго - 357 1
Свердловэнерго - 199 -32
Челябэнерго - 323 -77
Россети ФСК ЕЭС Итого по ФСК ЕЭС - 451 2 121
Россети Центр Белгородэнерго -74 30
Брянскэнерго -66 -2
Воронежэнерго - 100 37
Костромаэнерго -73 -1
Курскэнерго -21 41
Липецкэнерго - 216 43
Орелэнерго -39 4
Смоленскэнерго -41 4
Тамбовэнерго -25 -5
Тверьэнерго - 164 -10
Ярэнерго - 130 4
Россети Центр и Приволжье (ГК) Владимирэнерго - 188 -31
Ивэнерго 4 -31
Калугаэнерго -57 41
Кировэнерго -64 14
Мариэнерго -39 29
Нижновэнерго - 287 49
Рязаньэнерго - 201 45
Тулэнерго - 131 -64
Удмуртэнерго -55 61
Россети Юг (ГК) АО «ВМЭС» -7 15
Астраханьэнерго -22 -15
Волгоградэнерго - 314 22
Калмэнерго 20 -5
Ростовэнерго 153 143
Россети Янтарь Россети Янтарь 0 3 047
Отклонения выручки по факторам по выбранным ДЗО, руб
-10 810-10 810
4 0374 037
Отклонение (объём услуг)
Отклонение (средний тариф)
ПАО Россети'

26-05-2025T07:08:25 - [MESSAGE][PASSED] - Text of object 'Object Repository/Страница авторизации/Text' is: 'Период
1 кв. 2025 года
ДЗО 
Все
Подписи данных
Итого отклонения по группе компаний: -3 726 млн.руб.
Филиал
Месяц
Факторный анализ
Всего отклонения по факторам по ПАО Россети за 1 кв. 2025 года
ДЗО
Филиал
Отклонение (объём услуг)
Отклонение (средний тариф)
АО "РЭС" АО "РЭС" - 245 -16
АО «Тываэнерго» АО "Тываэнерго" 39 17
АО «Чеченэнерго» АО «Чеченэнерго» -8 -19
Россети Волга Мордовэнерго - 165 -11
Оренбургэнерго - 207 -48
Пензаэнерго -61 -1
Самарские РС - 328 413
Саратовские РС - 213 -34
Ульяновские РС 96 -22
Чувашэнерго 7 36
Россети Кубань Кубаньэнерго 319 467
Россети Ленэнерго (ГК) Ленинградская область - 274 501
г. Санкт-Петербург - 135 -30
Россети Московский регион Московская область -2 728 26
г. Москва - 739 96
Россети Северный Кавказ (ГК) Дагэнерго - 409 86
Ингушэнерго - 145 41
Каббалкэнерго 55 -4
Карачаево-Черкесскэнерго 50 -22
Севкавказэнерго -5 -24
Ставропольэнерго 23 84
Россети Северо-Запад Архангельский филиал -69 52
Вологодский филиал -44 43
Карельский филиал -17 -65
Мурманский филиал 24 -84
Новгородский филиал 10 21
Псковский филиал -55 30
филиал в Республике Коми - 136 39
Россети Сибирь (ГК) Алтайэнерго 47 24
Бурятэнерго 52 -32
ГАЭС 23 4
Красноярскэнерго 299 26
Кузбассэнерго-РЭС -85 499
Омскэнерго 40 -69
Хакасэнерго -9 -53
Читаэнерго 23 88
Россети Томск Томская распределительная компания - 100 42
Россети Тюмень Россети Тюмень -2 270 - 495
Россети Урал (ГК) Пермэнерго - 357 1
Свердловэнерго - 199 -32
Челябэнерго - 323 -77
Россети ФСК ЕЭС Итого по ФСК ЕЭС - 451 2 121
Россети Центр Белгородэнерго -74 30
Брянскэнерго -66 -2
Воронежэнерго - 100 37
Костромаэнерго -73 -1
Курскэнерго -21 41
Липецкэнерго - 216 43
Орелэнерго -39 4
Смоленскэнерго -41 4
Тамбовэнерго -25 -5
Тверьэнерго - 164 -10
Ярэнерго - 130 4
Россети Центр и Приволжье (ГК) Владимирэнерго - 188 -31
Ивэнерго 4 -31
Калугаэнерго -57 41
Кировэнерго -64 14
Мариэнерго -39 29
Нижновэнерго - 287 49
Рязаньэнерго - 201 45
Тулэнерго - 131 -64
Удмуртэнерго -55 61
Россети Юг (ГК) АО «ВМЭС» -7 15
Астраханьэнерго -22 -15
Волгоградэнерго - 314 22
Калмэнерго 20 -5
Ростовэнерго 153 143
Россети Янтарь Россети Янтарь 0 3 047
Отклонения выручки по факторам по выбранным ДЗО, руб
-10 810-10 810
4 0374 037
Отклонение (объём услуг)
Отклонение (средний тариф)
ПАО Россети'

26-05-2025T07:08:25 - [TEST_STEP][PASSED] - if (urlText.contains("ошибка") || urlText.contains(searchWord) == false): null

26-05-2025T07:08:25 - [TEST_STEP][PASSED] - click(findTestObject("Факторный анализ/Фильтр Период")): Object: 'Object Repository/Факторный анализ/Фильтр Период' is clicked on

26-05-2025T07:08:25 - [MESSAGE][PASSED] - Object: 'Object Repository/Факторный анализ/Фильтр Период' is clicked on

26-05-2025T07:08:25 - [TEST_STEP][PASSED] - click(findTestObject("Факторный анализ/Снять выделение в фильтре Дата")): Object: 'Object Repository/Факторный анализ/Снять выделение в фильтре Дата' is clicked on

26-05-2025T07:08:26 - [MESSAGE][PASSED] - Object: 'Object Repository/Факторный анализ/Снять выделение в фильтре Дата' is clicked on

26-05-2025T07:08:26 - [TEST_STEP][PASSED] - click(findTestObject("Факторный анализ/Применить в фильтре Дата")): Object: 'Object Repository/Факторный анализ/Применить в фильтре Дата' is clicked on

26-05-2025T07:08:26 - [MESSAGE][PASSED] - Object: 'Object Repository/Факторный анализ/Применить в фильтре Дата' is clicked on

26-05-2025T07:08:26 - [TEST_STEP][PASSED] - click(findTestObject("Факторный анализ/Фильтр Период")): Object: 'Object Repository/Факторный анализ/Фильтр Период' is clicked on

26-05-2025T07:08:28 - [MESSAGE][PASSED] - Object: 'Object Repository/Факторный анализ/Фильтр Период' is clicked on

26-05-2025T07:08:28 - [TEST_STEP][PASSED] - click(findTestObject("Факторный анализ/Снять выделение в фильтре Дата")): Object: 'Object Repository/Факторный анализ/Снять выделение в фильтре Дата' is clicked on

26-05-2025T07:08:29 - [MESSAGE][PASSED] - Object: 'Object Repository/Факторный анализ/Снять выделение в фильтре Дата' is clicked on

26-05-2025T07:08:29 - [TEST_STEP][PASSED] - scrollToElement(findTestObject("Факторный анализ/2025 список"), 30): Scroll to object 'Object Repository/Факторный анализ/2025 список' successfully

26-05-2025T07:08:29 - [MESSAGE][PASSED] - Scroll to object 'Object Repository/Факторный анализ/2025 список' successfully

26-05-2025T07:08:29 - [TEST_STEP][PASSED] - click(findTestObject("Факторный анализ/2025 список")): Object: 'Object Repository/Факторный анализ/2025 список' is clicked on

26-05-2025T07:08:29 - [MESSAGE][PASSED] - Object: 'Object Repository/Факторный анализ/2025 список' is clicked on

26-05-2025T07:08:29 - [TEST_STEP][PASSED] - scrollToElement(findTestObject("Факторный анализ/1 квартал 2025 список"), 30): Scroll to object 'Object Repository/Факторный анализ/1 квартал 2025 список' successfully

26-05-2025T07:08:30 - [MESSAGE][PASSED] - Scroll to object 'Object Repository/Факторный анализ/1 квартал 2025 список' successfully

26-05-2025T07:08:30 - [TEST_STEP][PASSED] - click(findTestObject("Факторный анализ/1 квартал 2025 выбрать"), CONTINUE_ON_FAILURE): Object: 'Object Repository/Факторный анализ/1 квартал 2025 выбрать' is clicked on

26-05-2025T07:08:30 - [MESSAGE][PASSED] - Object: 'Object Repository/Факторный анализ/1 квартал 2025 выбрать' is clicked on

26-05-2025T07:08:30 - [TEST_STEP][PASSED] - scrollToElement(findTestObject("Факторный анализ/Заголовок дашборда"), 30): Scroll to object 'Object Repository/Факторный анализ/Заголовок дашборда' successfully

26-05-2025T07:08:31 - [MESSAGE][PASSED] - Scroll to object 'Object Repository/Факторный анализ/Заголовок дашборда' successfully

26-05-2025T07:08:31 - [TEST_STEP][PASSED] - click(findTestObject("Факторный анализ/Применить в фильтре Дата")): Object: 'Object Repository/Факторный анализ/Применить в фильтре Дата' is clicked on

26-05-2025T07:08:31 - [MESSAGE][PASSED] - Object: 'Object Repository/Факторный анализ/Применить в фильтре Дата' is clicked on

26-05-2025T07:08:31 - [TEST_STEP][PASSED] - a5 = "": null

26-05-2025T07:08:31 - [TEST_STEP][PASSED] - a6 = "": null

26-05-2025T07:08:31 - [TEST_STEP][PASSED] - a7 = "": null

26-05-2025T07:08:31 - [TEST_STEP][PASSED] - a8 = "": null

26-05-2025T07:08:31 - [TEST_STEP][PASSED] - a9 = "": null

26-05-2025T07:08:31 - [TEST_STEP][PASSED] - if (run == 1): null

26-05-2025T07:08:31 - [TEST_STEP][PASSED] - if (run == 2): null

26-05-2025T07:08:31 - [TEST_STEP][PASSED] - user = "Андреева": null

26-05-2025T07:08:31 - [TEST_STEP][PASSED] - a1 = getText(findTestObject("Факторный анализ/span1 Блок руководителя")): Text of object 'Object Repository/Факторный анализ/span1 Блок руководителя' is: ''

26-05-2025T07:08:32 - [MESSAGE][PASSED] - Text of object 'Object Repository/Факторный анализ/span1 Блок руководителя' is: ''

26-05-2025T07:08:32 - [TEST_STEP][PASSED] - a2 = getText(findTestObject("Факторный анализ/span2 Блок руководителя")): Text of object 'Object Repository/Факторный анализ/span2 Блок руководителя' is: ''

26-05-2025T07:08:32 - [MESSAGE][PASSED] - Text of object 'Object Repository/Факторный анализ/span2 Блок руководителя' is: ''

26-05-2025T07:08:32 - [TEST_STEP][PASSED] - a3 = getText(findTestObject("Факторный анализ/График Всего отклонения по факторам Блок руководителя")): Text of object 'Object Repository/Факторный анализ/График Всего отклонения по факторам Блок руководителя' is: ''

26-05-2025T07:08:33 - [MESSAGE][PASSED] - Text of object 'Object Repository/Факторный анализ/График Всего отклонения по факторам Блок руководителя' is: ''

26-05-2025T07:08:33 - [TEST_STEP][PASSED] - click(findTestObject("Факторный анализ/Переключить отображение с филиала на месяц Выручка")): Object: 'Object Repository/Факторный анализ/Переключить отображение с филиала на месяц Выручка' is clicked on

26-05-2025T07:08:33 - [MESSAGE][PASSED] - Object: 'Object Repository/Факторный анализ/Переключить отображение с филиала на месяц Выручка' is clicked on

26-05-2025T07:08:33 - [TEST_STEP][PASSED] - a4 = getText(findTestObject("Факторный анализ/График Всего отклонения по факторам Блок руководителя")): Text of object 'Object Repository/Факторный анализ/График Всего отклонения по факторам Блок руководителя' is: ''

26-05-2025T07:08:33 - [MESSAGE][PASSED] - Text of object 'Object Repository/Факторный анализ/График Всего отклонения по факторам Блок руководителя' is: ''

26-05-2025T07:08:33 - [TEST_STEP][PASSED] - n = n + 25: null

26-05-2025T07:08:33 - [TEST_STEP][PASSED] - b = n - run + 1: null

26-05-2025T07:08:33 - [TEST_STEP][PASSED] - verifyEqual(findTestData("PlanFact").getValue(2, b), a1): Actual object '' and expected object '' are equal

26-05-2025T07:08:33 - [MESSAGE][PASSED] - Actual object '' and expected object '' are equal

26-05-2025T07:08:33 - [TEST_STEP][PASSED] - verifyEqual(findTestData("PlanFact").getValue(3, b), a2): Actual object '' and expected object '' are equal

26-05-2025T07:08:33 - [MESSAGE][PASSED] - Actual object '' and expected object '' are equal

26-05-2025T07:08:33 - [TEST_STEP][PASSED] - verifyEqual(findTestData("PlanFact").getValue(4, b), a3): Actual object '' and expected object '' are equal

26-05-2025T07:08:33 - [MESSAGE][PASSED] - Actual object '' and expected object '' are equal

26-05-2025T07:08:33 - [TEST_STEP][PASSED] - verifyEqual(findTestData("PlanFact").getValue(5, b), a4): Actual object '' and expected object '' are equal

26-05-2025T07:08:34 - [MESSAGE][PASSED] - Actual object '' and expected object '' are equal

26-05-2025T07:08:34 - [TEST_STEP][PASSED] - Script1686231490255.WriteToExcel(user, dashboardName, n, data, run, a1, a2, a3, a4, a5, a6, a7, a8, a9): null

26-05-2025T07:08:34 - [TEST_STEP][PASSED] - sheetName = "Sheet1": null

26-05-2025T07:08:34 - [TEST_STEP][PASSED] - workbook01 = getWorkbook(excelFilePath): null

26-05-2025T07:08:34 - [TEST_STEP][PASSED] - sheet01 = getExcelSheet(workbook01, sheetName): null

26-05-2025T07:08:34 - [TEST_STEP][PASSED] - setValueToCellByIndex(sheet01, n, 0, dashboardName): null

26-05-2025T07:08:34 - [TEST_STEP][PASSED] - setValueToCellByIndex(sheet01, n, 10, user): null

26-05-2025T07:08:34 - [TEST_STEP][PASSED] - setValueToCellByIndex(sheet01, n, 1, a1): null

26-05-2025T07:08:34 - [TEST_STEP][PASSED] - setValueToCellByIndex(sheet01, n, 2, a2): null

26-05-2025T07:08:34 - [TEST_STEP][PASSED] - setValueToCellByIndex(sheet01, n, 3, a3): null

26-05-2025T07:08:34 - [TEST_STEP][PASSED] - setValueToCellByIndex(sheet01, n, 4, a4): null

26-05-2025T07:08:34 - [TEST_STEP][PASSED] - setValueToCellByIndex(sheet01, n, 5, a5): null

26-05-2025T07:08:34 - [TEST_STEP][PASSED] - setValueToCellByIndex(sheet01, n, 6, a6): null

26-05-2025T07:08:34 - [TEST_STEP][PASSED] - setValueToCellByIndex(sheet01, n, 7, a7): null

26-05-2025T07:08:34 - [TEST_STEP][PASSED] - setValueToCellByIndex(sheet01, n, 8, a8): null

26-05-2025T07:08:34 - [TEST_STEP][PASSED] - setValueToCellByIndex(sheet01, n, 9, a9): null

26-05-2025T07:08:34 - [TEST_STEP][PASSED] - n = n + 1: null

26-05-2025T07:08:34 - [TEST_STEP][PASSED] - saveWorkbook(excelFilePath, workbook01): null

26-05-2025T07:08:34 - [TEST_STEP][PASSED] - if (run == 3): null

26-05-2025T07:08:34 - [TEST_STEP][PASSED] - closeBrowser(): null

26-05-2025T07:08:34 - [MESSAGE][PASSED] - Browser is closed

26-05-2025T07:08:34 - [TEST_STEP][PASSED] - FaktorniyAnaliz(user, dashboardName, n, data, run, a1, a2, a3, a4, a5, a6, a7, a8, a9, urlData): null

26-05-2025T07:08:34 - [TEST_STEP][PASSED] - n = data.getRowNumbers() + 1: null

26-05-2025T07:08:34 - [TEST_STEP][PASSED] - println(n): null

26-05-2025T07:08:34 - [TEST_STEP][PASSED] - dashboardName = "Факторный анализ": null

26-05-2025T07:08:34 - [TEST_STEP][PASSED] - openBrowser(""): Browser is opened with url: ''

26-05-2025T07:08:34 - [MESSAGE][INFO] - Starting 'Chrome' driver

26-05-2025T07:08:34 - [MESSAGE][INFO] - Action delay is set to 0 milliseconds

26-05-2025T07:08:35 - [MESSAGE][PASSED] - Browser is opened with url: ''

26-05-2025T07:08:35 - [TEST_STEP][PASSED] - urlData = 3: null

26-05-2025T07:08:35 - [TEST_STEP][PASSED] - Script1686231490255.CheckPageDownload(urlData, run): null

26-05-2025T07:08:35 - [TEST_STEP][PASSED] - i = 1: null

26-05-2025T07:08:35 - [TEST_STEP][PASSED] - ii = 0: null

26-05-2025T07:08:35 - [TEST_STEP][PASSED] - urlText = <not implemented yet for class: org.codehaus.groovy.ast.expr.EmptyExpression>: null

26-05-2025T07:08:35 - [TEST_STEP][PASSED] - searchWord = <not implemented yet for class: org.codehaus.groovy.ast.expr.EmptyExpression>: null

26-05-2025T07:08:35 - [TEST_STEP][PASSED] - deleteAllCookies(): Delete all cookies successfully

26-05-2025T07:08:35 - [MESSAGE][PASSED] - Delete all cookies successfully

26-05-2025T07:08:35 - [TEST_STEP][PASSED] - refresh(): Refresh successfully

26-05-2025T07:08:35 - [MESSAGE][PASSED] - Refresh successfully

26-05-2025T07:08:35 - [TEST_STEP][PASSED] - delay(40): Delayed 40 second(s)

26-05-2025T07:09:15 - [MESSAGE][PASSED] - Delayed 40 second(s)

26-05-2025T07:09:15 - [TEST_STEP][PASSED] - navigateToUrl(findTestData("PlanFact").getValue(10, urlData)): Navigate to 'https://bi.rosseti.digital/viewer?dashboardGuid=2301950b23be4ed89c1df75f2020051e&sheetGuid=ccd7d7486b3d4e6fa0ee9b1eaebed46c&fit=true' successfully

26-05-2025T07:09:17 - [MESSAGE][PASSED] - Navigate to 'https://bi.rosseti.digital/viewer?dashboardGuid=2301950b23be4ed89c1df75f2020051e&sheetGuid=ccd7d7486b3d4e6fa0ee9b1eaebed46c&fit=true' successfully

26-05-2025T07:09:17 - [TEST_STEP][PASSED] - pageLoaded1 = verifyElementPresent(findTestObject("Страница авторизации/Text"), 30): Object 'Object Repository/Страница авторизации/Text' is present

26-05-2025T07:09:18 - [MESSAGE][PASSED] - Object 'Object Repository/Страница авторизации/Text' is present

26-05-2025T07:09:18 - [TEST_STEP][PASSED] - if (pageLoaded1 == false): null

26-05-2025T07:09:18 - [TEST_STEP][PASSED] - urlText = getText(findTestObject("Страница авторизации/Text")): Text of object 'Object Repository/Страница авторизации/Text' is: 'Вход'

26-05-2025T07:09:18 - [MESSAGE][PASSED] - Text of object 'Object Repository/Страница авторизации/Text' is: 'Вход'

26-05-2025T07:09:18 - [TEST_STEP][PASSED] - delay(40): Delayed 40 second(s)

26-05-2025T07:09:58 - [MESSAGE][PASSED] - Delayed 40 second(s)

26-05-2025T07:09:58 - [TEST_STEP][PASSED] - searchWord = "Вход": null

26-05-2025T07:09:58 - [TEST_STEP][PASSED] - if (urlText.contains(searchWord) == false): null

26-05-2025T07:09:58 - [TEST_STEP][PASSED] - setText(findTestObject("Страница авторизации/input__username"), findTestData("PlanFact").getValue(8, run)): Text 'Petrova-OV' is set on object 'Object Repository/Страница авторизации/input__username'

26-05-2025T07:09:59 - [MESSAGE][PASSED] - Text 'Petrova-OV' is set on object 'Object Repository/Страница авторизации/input__username'

26-05-2025T07:09:59 - [TEST_STEP][PASSED] - setText(findTestObject("Страница авторизации/input__password"), findTestData("PlanFact").getValue(9, run)): Text '4Ex@~R53r&3x&BVe7' is set on object 'Object Repository/Страница авторизации/input__password'

26-05-2025T07:09:59 - [MESSAGE][PASSED] - Text '4Ex@~R53r&3x&BVe7' is set on object 'Object Repository/Страница авторизации/input__password'

26-05-2025T07:09:59 - [TEST_STEP][PASSED] - click(findTestObject("Страница авторизации/button_")): Object: 'Object Repository/Страница авторизации/button_' is clicked on

26-05-2025T07:10:00 - [MESSAGE][PASSED] - Object: 'Object Repository/Страница авторизации/button_' is clicked on

26-05-2025T07:10:00 - [TEST_STEP][PASSED] - delay(40): Delayed 40 second(s)

26-05-2025T07:10:40 - [MESSAGE][PASSED] - Delayed 40 second(s)

26-05-2025T07:10:40 - [TEST_STEP][PASSED] - searchWord = "а": null

26-05-2025T07:10:40 - [TEST_STEP][PASSED] - pageLoaded2 = verifyElementPresent(findTestObject("Страница авторизации/Text"), 50): Object 'Object Repository/Страница авторизации/Text' is present

26-05-2025T07:10:41 - [MESSAGE][PASSED] - Object 'Object Repository/Страница авторизации/Text' is present

26-05-2025T07:10:41 - [TEST_STEP][PASSED] - if (pageLoaded2 == false): null

26-05-2025T07:10:41 - [TEST_STEP][PASSED] - urlText = getText(findTestObject("Страница авторизации/Text")): Text of object 'Object Repository/Страница авторизации/Text' is: 'Период
1 кв. 2025 года
ДЗО 
Все
Подписи данных
Итого отклонения по группе компаний: -3 726 млн.руб.
Филиал
Месяц
Факторный анализ
Всего отклонения по факторам по ПАО Россети за 1 кв. 2025 года
ДЗО
Филиал
Отклонение (объём услуг)
Отклонение (средний тариф)
АО "РЭС" АО "РЭС" - 245 -16
АО «Тываэнерго» АО "Тываэнерго" 39 17
АО «Чеченэнерго» АО «Чеченэнерго» -8 -19
Россети Волга Мордовэнерго - 165 -11
Оренбургэнерго - 207 -48
Пензаэнерго -61 -1
Самарские РС - 328 413
Саратовские РС - 213 -34
Ульяновские РС 96 -22
Чувашэнерго 7 36
Россети Кубань Кубаньэнерго 319 467
Россети Ленэнерго (ГК) Ленинградская область - 274 501
г. Санкт-Петербург - 135 -30
Россети Московский регион Московская область -2 728 26
г. Москва - 739 96
Россети Северный Кавказ (ГК) Дагэнерго - 409 86
Ингушэнерго - 145 41
Каббалкэнерго 55 -4
Карачаево-Черкесскэнерго 50 -22
Севкавказэнерго -5 -24
Ставропольэнерго 23 84
Россети Северо-Запад Архангельский филиал -69 52
Вологодский филиал -44 43
Карельский филиал -17 -65
Мурманский филиал 24 -84
Новгородский филиал 10 21
Псковский филиал -55 30
филиал в Республике Коми - 136 39
Россети Сибирь (ГК) Алтайэнерго 47 24
Бурятэнерго 52 -32
ГАЭС 23 4
Красноярскэнерго 299 26
Кузбассэнерго-РЭС -85 499
Омскэнерго 40 -69
Хакасэнерго -9 -53
Читаэнерго 23 88
Россети Томск Томская распределительная компания - 100 42
Россети Тюмень Россети Тюмень -2 270 - 495
Россети Урал (ГК) Пермэнерго - 357 1
Свердловэнерго - 199 -32
Челябэнерго - 323 -77
Россети ФСК ЕЭС Итого по ФСК ЕЭС - 451 2 121
Россети Центр Белгородэнерго -74 30
Брянскэнерго -66 -2
Воронежэнерго - 100 37
Костромаэнерго -73 -1
Курскэнерго -21 41
Липецкэнерго - 216 43
Орелэнерго -39 4
Смоленскэнерго -41 4
Тамбовэнерго -25 -5
Тверьэнерго - 164 -10
Ярэнерго - 130 4
Россети Центр и Приволжье (ГК) Владимирэнерго - 188 -31
Ивэнерго 4 -31
Калугаэнерго -57 41
Кировэнерго -64 14
Мариэнерго -39 29
Нижновэнерго - 287 49
Рязаньэнерго - 201 45
Тулэнерго - 131 -64
Удмуртэнерго -55 61
Россети Юг (ГК) АО «ВМЭС» -7 15
Астраханьэнерго -22 -15
Волгоградэнерго - 314 22
Калмэнерго 20 -5
Ростовэнерго 153 143
Россети Янтарь Россети Янтарь 0 3 047
Отклонения выручки по факторам по выбранным ДЗО, руб
-10 810-10 810
4 0374 037
Отклонение (объём услуг)
Отклонение (средний тариф)
ПАО Россети'

26-05-2025T07:10:41 - [MESSAGE][PASSED] - Text of object 'Object Repository/Страница авторизации/Text' is: 'Период
1 кв. 2025 года
ДЗО 
Все
Подписи данных
Итого отклонения по группе компаний: -3 726 млн.руб.
Филиал
Месяц
Факторный анализ
Всего отклонения по факторам по ПАО Россети за 1 кв. 2025 года
ДЗО
Филиал
Отклонение (объём услуг)
Отклонение (средний тариф)
АО "РЭС" АО "РЭС" - 245 -16
АО «Тываэнерго» АО "Тываэнерго" 39 17
АО «Чеченэнерго» АО «Чеченэнерго» -8 -19
Россети Волга Мордовэнерго - 165 -11
Оренбургэнерго - 207 -48
Пензаэнерго -61 -1
Самарские РС - 328 413
Саратовские РС - 213 -34
Ульяновские РС 96 -22
Чувашэнерго 7 36
Россети Кубань Кубаньэнерго 319 467
Россети Ленэнерго (ГК) Ленинградская область - 274 501
г. Санкт-Петербург - 135 -30
Россети Московский регион Московская область -2 728 26
г. Москва - 739 96
Россети Северный Кавказ (ГК) Дагэнерго - 409 86
Ингушэнерго - 145 41
Каббалкэнерго 55 -4
Карачаево-Черкесскэнерго 50 -22
Севкавказэнерго -5 -24
Ставропольэнерго 23 84
Россети Северо-Запад Архангельский филиал -69 52
Вологодский филиал -44 43
Карельский филиал -17 -65
Мурманский филиал 24 -84
Новгородский филиал 10 21
Псковский филиал -55 30
филиал в Республике Коми - 136 39
Россети Сибирь (ГК) Алтайэнерго 47 24
Бурятэнерго 52 -32
ГАЭС 23 4
Красноярскэнерго 299 26
Кузбассэнерго-РЭС -85 499
Омскэнерго 40 -69
Хакасэнерго -9 -53
Читаэнерго 23 88
Россети Томск Томская распределительная компания - 100 42
Россети Тюмень Россети Тюмень -2 270 - 495
Россети Урал (ГК) Пермэнерго - 357 1
Свердловэнерго - 199 -32
Челябэнерго - 323 -77
Россети ФСК ЕЭС Итого по ФСК ЕЭС - 451 2 121
Россети Центр Белгородэнерго -74 30
Брянскэнерго -66 -2
Воронежэнерго - 100 37
Костромаэнерго -73 -1
Курскэнерго -21 41
Липецкэнерго - 216 43
Орелэнерго -39 4
Смоленскэнерго -41 4
Тамбовэнерго -25 -5
Тверьэнерго - 164 -10
Ярэнерго - 130 4
Россети Центр и Приволжье (ГК) Владимирэнерго - 188 -31
Ивэнерго 4 -31
Калугаэнерго -57 41
Кировэнерго -64 14
Мариэнерго -39 29
Нижновэнерго - 287 49
Рязаньэнерго - 201 45
Тулэнерго - 131 -64
Удмуртэнерго -55 61
Россети Юг (ГК) АО «ВМЭС» -7 15
Астраханьэнерго -22 -15
Волгоградэнерго - 314 22
Калмэнерго 20 -5
Ростовэнерго 153 143
Россети Янтарь Россети Янтарь 0 3 047
Отклонения выручки по факторам по выбранным ДЗО, руб
-10 810-10 810
4 0374 037
Отклонение (объём услуг)
Отклонение (средний тариф)
ПАО Россети'

26-05-2025T07:10:41 - [TEST_STEP][PASSED] - if (urlText.contains("ошибка") || urlText.contains(searchWord) == false): null

26-05-2025T07:10:41 - [TEST_STEP][PASSED] - click(findTestObject("Факторный анализ/Фильтр Период")): Object: 'Object Repository/Факторный анализ/Фильтр Период' is clicked on

26-05-2025T07:10:42 - [MESSAGE][PASSED] - Object: 'Object Repository/Факторный анализ/Фильтр Период' is clicked on

26-05-2025T07:10:42 - [TEST_STEP][PASSED] - click(findTestObject("Факторный анализ/Снять выделение в фильтре Дата")): Object: 'Object Repository/Факторный анализ/Снять выделение в фильтре Дата' is clicked on

26-05-2025T07:10:42 - [MESSAGE][PASSED] - Object: 'Object Repository/Факторный анализ/Снять выделение в фильтре Дата' is clicked on

26-05-2025T07:10:42 - [TEST_STEP][PASSED] - click(findTestObject("Факторный анализ/Применить в фильтре Дата")): Object: 'Object Repository/Факторный анализ/Применить в фильтре Дата' is clicked on

26-05-2025T07:10:43 - [MESSAGE][PASSED] - Object: 'Object Repository/Факторный анализ/Применить в фильтре Дата' is clicked on

26-05-2025T07:10:43 - [TEST_STEP][PASSED] - click(findTestObject("Факторный анализ/Фильтр Период")): Object: 'Object Repository/Факторный анализ/Фильтр Период' is clicked on

26-05-2025T07:10:44 - [MESSAGE][PASSED] - Object: 'Object Repository/Факторный анализ/Фильтр Период' is clicked on

26-05-2025T07:10:44 - [TEST_STEP][PASSED] - click(findTestObject("Факторный анализ/Снять выделение в фильтре Дата")): Object: 'Object Repository/Факторный анализ/Снять выделение в фильтре Дата' is clicked on

26-05-2025T07:10:45 - [MESSAGE][PASSED] - Object: 'Object Repository/Факторный анализ/Снять выделение в фильтре Дата' is clicked on

26-05-2025T07:10:45 - [TEST_STEP][PASSED] - scrollToElement(findTestObject("Факторный анализ/2025 список"), 30): Scroll to object 'Object Repository/Факторный анализ/2025 список' successfully

26-05-2025T07:10:45 - [MESSAGE][PASSED] - Scroll to object 'Object Repository/Факторный анализ/2025 список' successfully

26-05-2025T07:10:45 - [TEST_STEP][PASSED] - click(findTestObject("Факторный анализ/2025 список")): Object: 'Object Repository/Факторный анализ/2025 список' is clicked on

26-05-2025T07:10:45 - [MESSAGE][PASSED] - Object: 'Object Repository/Факторный анализ/2025 список' is clicked on

26-05-2025T07:10:45 - [TEST_STEP][PASSED] - scrollToElement(findTestObject("Факторный анализ/1 квартал 2025 список"), 30): Scroll to object 'Object Repository/Факторный анализ/1 квартал 2025 список' successfully

26-05-2025T07:10:46 - [MESSAGE][PASSED] - Scroll to object 'Object Repository/Факторный анализ/1 квартал 2025 список' successfully

26-05-2025T07:10:46 - [TEST_STEP][PASSED] - click(findTestObject("Факторный анализ/1 квартал 2025 выбрать"), CONTINUE_ON_FAILURE): Object: 'Object Repository/Факторный анализ/1 квартал 2025 выбрать' is clicked on

26-05-2025T07:10:46 - [MESSAGE][PASSED] - Object: 'Object Repository/Факторный анализ/1 квартал 2025 выбрать' is clicked on

26-05-2025T07:10:46 - [TEST_STEP][PASSED] - scrollToElement(findTestObject("Факторный анализ/Заголовок дашборда"), 30): Scroll to object 'Object Repository/Факторный анализ/Заголовок дашборда' successfully

26-05-2025T07:10:47 - [MESSAGE][PASSED] - Scroll to object 'Object Repository/Факторный анализ/Заголовок дашборда' successfully

26-05-2025T07:10:47 - [TEST_STEP][PASSED] - click(findTestObject("Факторный анализ/Применить в фильтре Дата")): Object: 'Object Repository/Факторный анализ/Применить в фильтре Дата' is clicked on

26-05-2025T07:10:47 - [MESSAGE][PASSED] - Object: 'Object Repository/Факторный анализ/Применить в фильтре Дата' is clicked on

26-05-2025T07:10:47 - [TEST_STEP][PASSED] - a5 = "": null

26-05-2025T07:10:47 - [TEST_STEP][PASSED] - a6 = "": null

26-05-2025T07:10:47 - [TEST_STEP][PASSED] - a7 = "": null

26-05-2025T07:10:47 - [TEST_STEP][PASSED] - a8 = "": null

26-05-2025T07:10:47 - [TEST_STEP][PASSED] - a9 = "": null

26-05-2025T07:10:47 - [TEST_STEP][PASSED] - if (run == 1): null

26-05-2025T07:10:47 - [TEST_STEP][PASSED] - if (run == 2): null

26-05-2025T07:10:47 - [TEST_STEP][PASSED] - if (run == 3): null

26-05-2025T07:10:47 - [TEST_STEP][PASSED] - user = "Попова": null

26-05-2025T07:10:47 - [TEST_STEP][PASSED] - a1 = getText(findTestObject("Факторный анализ/span1 Блок руководителя")): Text of object 'Object Repository/Факторный анализ/span1 Блок руководителя' is: ''

26-05-2025T07:10:48 - [MESSAGE][PASSED] - Text of object 'Object Repository/Факторный анализ/span1 Блок руководителя' is: ''

26-05-2025T07:10:48 - [TEST_STEP][PASSED] - a2 = getText(findTestObject("Факторный анализ/span2 Блок руководителя")): Text of object 'Object Repository/Факторный анализ/span2 Блок руководителя' is: ''

26-05-2025T07:10:49 - [MESSAGE][PASSED] - Text of object 'Object Repository/Факторный анализ/span2 Блок руководителя' is: ''

26-05-2025T07:10:49 - [TEST_STEP][PASSED] - a3 = getText(findTestObject("Факторный анализ/График Всего отклонения по факторам Блок руководителя")): Text of object 'Object Repository/Факторный анализ/График Всего отклонения по факторам Блок руководителя' is: ''

26-05-2025T07:10:49 - [MESSAGE][PASSED] - Text of object 'Object Repository/Факторный анализ/График Всего отклонения по факторам Блок руководителя' is: ''

26-05-2025T07:10:49 - [TEST_STEP][PASSED] - click(findTestObject("Факторный анализ/Переключить отображение с филиала на месяц Выручка")): Object: 'Object Repository/Факторный анализ/Переключить отображение с филиала на месяц Выручка' is clicked on

26-05-2025T07:10:49 - [MESSAGE][PASSED] - Object: 'Object Repository/Факторный анализ/Переключить отображение с филиала на месяц Выручка' is clicked on

26-05-2025T07:10:49 - [TEST_STEP][PASSED] - a4 = getText(findTestObject("Факторный анализ/График Всего отклонения по факторам Блок руководителя")): Text of object 'Object Repository/Факторный анализ/График Всего отклонения по факторам Блок руководителя' is: ''

26-05-2025T07:10:49 - [MESSAGE][PASSED] - Text of object 'Object Repository/Факторный анализ/График Всего отклонения по факторам Блок руководителя' is: ''

26-05-2025T07:10:49 - [TEST_STEP][PASSED] - n = n + 26: null

26-05-2025T07:10:49 - [TEST_STEP][PASSED] - b = n - run + 1: null

26-05-2025T07:10:49 - [TEST_STEP][PASSED] - verifyEqual(findTestData("PlanFact").getValue(2, b), a1): Actual object '' and expected object '' are equal

26-05-2025T07:10:50 - [MESSAGE][PASSED] - Actual object '' and expected object '' are equal

26-05-2025T07:10:50 - [TEST_STEP][PASSED] - verifyEqual(findTestData("PlanFact").getValue(3, b), a2): Actual object '' and expected object '' are equal

26-05-2025T07:10:50 - [MESSAGE][PASSED] - Actual object '' and expected object '' are equal

26-05-2025T07:10:50 - [TEST_STEP][PASSED] - verifyEqual(findTestData("PlanFact").getValue(4, b), a3): Actual object '' and expected object '' are equal

26-05-2025T07:10:50 - [MESSAGE][PASSED] - Actual object '' and expected object '' are equal

26-05-2025T07:10:50 - [TEST_STEP][PASSED] - verifyEqual(findTestData("PlanFact").getValue(5, b), a4): Actual object '' and expected object '' are equal

26-05-2025T07:10:50 - [MESSAGE][PASSED] - Actual object '' and expected object '' are equal

26-05-2025T07:10:50 - [TEST_STEP][PASSED] - Script1686231490255.WriteToExcel(user, dashboardName, n, data, run, a1, a2, a3, a4, a5, a6, a7, a8, a9): null

26-05-2025T07:10:50 - [TEST_STEP][PASSED] - sheetName = "Sheet1": null

26-05-2025T07:10:50 - [TEST_STEP][PASSED] - workbook01 = getWorkbook(excelFilePath): null

26-05-2025T07:10:50 - [TEST_STEP][PASSED] - sheet01 = getExcelSheet(workbook01, sheetName): null

26-05-2025T07:10:50 - [TEST_STEP][PASSED] - setValueToCellByIndex(sheet01, n, 0, dashboardName): null

26-05-2025T07:10:50 - [TEST_STEP][PASSED] - setValueToCellByIndex(sheet01, n, 10, user): null

26-05-2025T07:10:50 - [TEST_STEP][PASSED] - setValueToCellByIndex(sheet01, n, 1, a1): null

26-05-2025T07:10:50 - [TEST_STEP][PASSED] - setValueToCellByIndex(sheet01, n, 2, a2): null

26-05-2025T07:10:50 - [TEST_STEP][PASSED] - setValueToCellByIndex(sheet01, n, 3, a3): null

26-05-2025T07:10:50 - [TEST_STEP][PASSED] - setValueToCellByIndex(sheet01, n, 4, a4): null

26-05-2025T07:10:50 - [TEST_STEP][PASSED] - setValueToCellByIndex(sheet01, n, 5, a5): null

26-05-2025T07:10:50 - [TEST_STEP][PASSED] - setValueToCellByIndex(sheet01, n, 6, a6): null

26-05-2025T07:10:50 - [TEST_STEP][PASSED] - setValueToCellByIndex(sheet01, n, 7, a7): null

26-05-2025T07:10:50 - [TEST_STEP][PASSED] - setValueToCellByIndex(sheet01, n, 8, a8): null

26-05-2025T07:10:50 - [TEST_STEP][PASSED] - setValueToCellByIndex(sheet01, n, 9, a9): null

26-05-2025T07:10:50 - [TEST_STEP][PASSED] - n = n + 1: null

26-05-2025T07:10:50 - [TEST_STEP][PASSED] - saveWorkbook(excelFilePath, workbook01): null

26-05-2025T07:10:50 - [TEST_STEP][PASSED] - closeBrowser(): Browser is closed

26-05-2025T07:10:50 - [MESSAGE][PASSED] - Browser is closed

26-05-2025T07:10:50 - [TEST_STEP][PASSED] - delay(40): Delayed 40 second(s)

26-05-2025T07:11:30 - [MESSAGE][PASSED] - Delayed 40 second(s)

26-05-2025T07:11:30 - [TEST_STEP][PASSED] - for ([run = 1, run < 4, (run++)]): null

26-05-2025T07:11:30 - [TEST_STEP][PASSED] - ViruchkaPoDZO(user, dashboardName, n, data, run, a1, a2, a3, a4, a5, a6, a7, a8, a9, urlData): null

26-05-2025T07:11:30 - [TEST_STEP][PASSED] - n = data.getRowNumbers() + 1: null

26-05-2025T07:11:30 - [TEST_STEP][PASSED] - println(n): null

26-05-2025T07:11:30 - [TEST_STEP][PASSED] - dashboardName = "Выручка по ДЗО": null

26-05-2025T07:11:30 - [TEST_STEP][PASSED] - openBrowser(""): Browser is opened with url: ''

26-05-2025T07:11:30 - [MESSAGE][INFO] - Starting 'Chrome' driver

26-05-2025T07:11:30 - [MESSAGE][INFO] - Action delay is set to 0 milliseconds

26-05-2025T07:11:31 - [MESSAGE][PASSED] - Browser is opened with url: ''

26-05-2025T07:11:31 - [TEST_STEP][PASSED] - urlData = 5: null

26-05-2025T07:11:31 - [TEST_STEP][PASSED] - Script1686231490255.CheckPageDownload(urlData, run): null

26-05-2025T07:11:31 - [TEST_STEP][PASSED] - i = 1: null

26-05-2025T07:11:31 - [TEST_STEP][PASSED] - ii = 0: null

26-05-2025T07:11:31 - [TEST_STEP][PASSED] - urlText = <not implemented yet for class: org.codehaus.groovy.ast.expr.EmptyExpression>: null

26-05-2025T07:11:31 - [TEST_STEP][PASSED] - searchWord = <not implemented yet for class: org.codehaus.groovy.ast.expr.EmptyExpression>: null

26-05-2025T07:11:31 - [TEST_STEP][PASSED] - deleteAllCookies(): Delete all cookies successfully

26-05-2025T07:11:31 - [MESSAGE][PASSED] - Delete all cookies successfully

26-05-2025T07:11:31 - [TEST_STEP][PASSED] - refresh(): Refresh successfully

26-05-2025T07:11:31 - [MESSAGE][PASSED] - Refresh successfully

26-05-2025T07:11:31 - [TEST_STEP][PASSED] - delay(40): Delayed 40 second(s)

26-05-2025T07:12:11 - [MESSAGE][PASSED] - Delayed 40 second(s)

26-05-2025T07:12:11 - [TEST_STEP][PASSED] - navigateToUrl(findTestData("PlanFact").getValue(10, urlData)): Navigate to 'https://bi.rosseti.digital/viewer?dashboardGuid=2301950b23be4ed89c1df75f2020051e&sheetGuid=31530aa0b6664c09b016b7f2ab9d853e&fit=true' successfully

26-05-2025T07:12:13 - [MESSAGE][PASSED] - Navigate to 'https://bi.rosseti.digital/viewer?dashboardGuid=2301950b23be4ed89c1df75f2020051e&sheetGuid=31530aa0b6664c09b016b7f2ab9d853e&fit=true' successfully

26-05-2025T07:12:13 - [TEST_STEP][PASSED] - pageLoaded1 = verifyElementPresent(findTestObject("Страница авторизации/Text"), 30): Object 'Object Repository/Страница авторизации/Text' is present

26-05-2025T07:12:14 - [MESSAGE][PASSED] - Object 'Object Repository/Страница авторизации/Text' is present

26-05-2025T07:12:14 - [TEST_STEP][PASSED] - if (pageLoaded1 == false): null

26-05-2025T07:12:14 - [TEST_STEP][PASSED] - urlText = getText(findTestObject("Страница авторизации/Text")): Text of object 'Object Repository/Страница авторизации/Text' is: 'Вход'

26-05-2025T07:12:15 - [MESSAGE][PASSED] - Text of object 'Object Repository/Страница авторизации/Text' is: 'Вход'

26-05-2025T07:12:15 - [TEST_STEP][PASSED] - delay(40): Delayed 40 second(s)

26-05-2025T07:12:55 - [MESSAGE][PASSED] - Delayed 40 second(s)

26-05-2025T07:12:55 - [TEST_STEP][PASSED] - searchWord = "Вход": null

26-05-2025T07:12:55 - [TEST_STEP][PASSED] - if (urlText.contains(searchWord) == false): null

26-05-2025T07:12:55 - [TEST_STEP][PASSED] - setText(findTestObject("Страница авторизации/input__username"), findTestData("PlanFact").getValue(8, run)): Text 'liazgina-di' is set on object 'Object Repository/Страница авторизации/input__username'

26-05-2025T07:12:55 - [MESSAGE][PASSED] - Text 'liazgina-di' is set on object 'Object Repository/Страница авторизации/input__username'

26-05-2025T07:12:55 - [TEST_STEP][PASSED] - setText(findTestObject("Страница авторизации/input__password"), findTestData("PlanFact").getValue(9, run)): Text ')$%5srZ8o688Dm#q' is set on object 'Object Repository/Страница авторизации/input__password'

26-05-2025T07:12:56 - [MESSAGE][PASSED] - Text ')$%5srZ8o688Dm#q' is set on object 'Object Repository/Страница авторизации/input__password'

26-05-2025T07:12:56 - [TEST_STEP][PASSED] - click(findTestObject("Страница авторизации/button_")): Object: 'Object Repository/Страница авторизации/button_' is clicked on

26-05-2025T07:12:57 - [MESSAGE][PASSED] - Object: 'Object Repository/Страница авторизации/button_' is clicked on

26-05-2025T07:12:57 - [TEST_STEP][PASSED] - delay(40): Delayed 40 second(s)

26-05-2025T07:13:37 - [MESSAGE][PASSED] - Delayed 40 second(s)

26-05-2025T07:13:37 - [TEST_STEP][PASSED] - searchWord = "а": null

26-05-2025T07:13:37 - [TEST_STEP][PASSED] - pageLoaded2 = verifyElementPresent(findTestObject("Страница авторизации/Text"), 50): Object 'Object Repository/Страница авторизации/Text' is present

26-05-2025T07:13:37 - [MESSAGE][PASSED] - Object 'Object Repository/Страница авторизации/Text' is present

26-05-2025T07:13:37 - [TEST_STEP][PASSED] - if (pageLoaded2 == false): null

26-05-2025T07:13:37 - [TEST_STEP][PASSED] - urlText = getText(findTestObject("Страница авторизации/Text")): Text of object 'Object Repository/Страница авторизации/Text' is: 'Период
1 кв. 2025 года
Выручка
Все
ДЗО 
Все
Выручка по ДЗО
Выполнение плановых показателей по ПАО Россети за 1 кв. 2025 года
6 689 6 689
748 748
1 389 1 389
31 428 31 428
21 543 21 543
33 021 33 021
66 175 66 175
12 049 12 049
19 821 19 821
31 646 31 646
3 059 3 059
29 304 29 304
31 312 31 312
84 173 84 173
35 644 35 644
38 734 38 734
20 064 20 064
0 0
6 428 6 428
804 804
1 362 1 362
30 891 30 891
22 329 22 329
33 083 33 083
62 829 62 829
11 778 11 778
19 568 19 568
32 523 32 523
3 002 3 002
26 539 26 539
30 325 30 325
85 844 85 844
34 839 34 839
37 830 37 830
20 053 20 053
3 047 3 047
План
Факт
АО "РЭС"
АО «Тываэнерго»
АО «Чеченэнерго»
Россети Волга
Россети Кубань
Россети Ленэнерго (ГК)
Россети Московский регион
Россети Северный Кавказ (ГК)
Россети Северо-Запад
Россети Сибирь (ГК)
Россети Томск
Россети Тюмень
Россети Урал (ГК)
Россети ФСК ЕЭС
Россети Центр
Россети Центр и Приволжье (ГК)
Россети Юг (ГК)
Россети Янтарь
0 млн. руб.
10 000 млн. руб.
20 000 млн. руб.
30 000 млн. руб.
40 000 млн. руб.
50 000 млн. руб.
60 000 млн. руб.
70 000 млн. руб.
80 000 млн. руб.
90 000 млн. руб.
100 000 млн. руб.
Выполнение плановых показателей по ПАО Россети за 1 кв. 2025 года
1,39%1,39%
0,17%0,17%
0,29%0,29%
6,67%6,67%
4,82%4,82%
7,14%7,14%
13,57%13,57%
2,54%2,54%
4,23%4,23%
7,02%7,02%
0,65%0,65%
5,73%5,73%
6,55%6,55%
18,54%18,54%
7,52%7,52%
8,17%8,17%
4,33%4,33%
0,66%0,66%
АО "РЭС"
АО «Тываэнерго»
АО «Чеченэнерго»
Россети Волга
Россети Кубань
Россети Ленэнерго (ГК)
Россети Московский регион
Россети Северный Кавказ (ГК)
Россети Северо-Запад
Россети Сибирь (ГК)
Россети Томск
Россети Тюмень
Россети Урал (ГК)
Россети ФСК ЕЭС
Россети Центр
Россети Центр и Приволжье (ГК)
Россети Юг (ГК)
Россети Янтарь'

26-05-2025T07:13:38 - [MESSAGE][PASSED] - Text of object 'Object Repository/Страница авторизации/Text' is: 'Период
1 кв. 2025 года
Выручка
Все
ДЗО 
Все
Выручка по ДЗО
Выполнение плановых показателей по ПАО Россети за 1 кв. 2025 года
6 689 6 689
748 748
1 389 1 389
31 428 31 428
21 543 21 543
33 021 33 021
66 175 66 175
12 049 12 049
19 821 19 821
31 646 31 646
3 059 3 059
29 304 29 304
31 312 31 312
84 173 84 173
35 644 35 644
38 734 38 734
20 064 20 064
0 0
6 428 6 428
804 804
1 362 1 362
30 891 30 891
22 329 22 329
33 083 33 083
62 829 62 829
11 778 11 778
19 568 19 568
32 523 32 523
3 002 3 002
26 539 26 539
30 325 30 325
85 844 85 844
34 839 34 839
37 830 37 830
20 053 20 053
3 047 3 047
План
Факт
АО "РЭС"
АО «Тываэнерго»
АО «Чеченэнерго»
Россети Волга
Россети Кубань
Россети Ленэнерго (ГК)
Россети Московский регион
Россети Северный Кавказ (ГК)
Россети Северо-Запад
Россети Сибирь (ГК)
Россети Томск
Россети Тюмень
Россети Урал (ГК)
Россети ФСК ЕЭС
Россети Центр
Россети Центр и Приволжье (ГК)
Россети Юг (ГК)
Россети Янтарь
0 млн. руб.
10 000 млн. руб.
20 000 млн. руб.
30 000 млн. руб.
40 000 млн. руб.
50 000 млн. руб.
60 000 млн. руб.
70 000 млн. руб.
80 000 млн. руб.
90 000 млн. руб.
100 000 млн. руб.
Выполнение плановых показателей по ПАО Россети за 1 кв. 2025 года
1,39%1,39%
0,17%0,17%
0,29%0,29%
6,67%6,67%
4,82%4,82%
7,14%7,14%
13,57%13,57%
2,54%2,54%
4,23%4,23%
7,02%7,02%
0,65%0,65%
5,73%5,73%
6,55%6,55%
18,54%18,54%
7,52%7,52%
8,17%8,17%
4,33%4,33%
0,66%0,66%
АО "РЭС"
АО «Тываэнерго»
АО «Чеченэнерго»
Россети Волга
Россети Кубань
Россети Ленэнерго (ГК)
Россети Московский регион
Россети Северный Кавказ (ГК)
Россети Северо-Запад
Россети Сибирь (ГК)
Россети Томск
Россети Тюмень
Россети Урал (ГК)
Россети ФСК ЕЭС
Россети Центр
Россети Центр и Приволжье (ГК)
Россети Юг (ГК)
Россети Янтарь'

26-05-2025T07:13:38 - [TEST_STEP][PASSED] - if (urlText.contains("ошибка") || urlText.contains(searchWord) == false): null

26-05-2025T07:13:38 - [TEST_STEP][PASSED] - click(findTestObject("Выручка по ДЗО/Фильтр Дата")): Object: 'Object Repository/Выручка по ДЗО/Фильтр Дата' is clicked on

26-05-2025T07:13:38 - [MESSAGE][PASSED] - Object: 'Object Repository/Выручка по ДЗО/Фильтр Дата' is clicked on

26-05-2025T07:13:38 - [TEST_STEP][PASSED] - click(findTestObject("Выручка по ДЗО/Снять выделение в фильтре Дата")): Object: 'Object Repository/Выручка по ДЗО/Снять выделение в фильтре Дата' is clicked on

26-05-2025T07:13:39 - [MESSAGE][PASSED] - Object: 'Object Repository/Выручка по ДЗО/Снять выделение в фильтре Дата' is clicked on

26-05-2025T07:13:39 - [TEST_STEP][PASSED] - click(findTestObject("Выручка по ДЗО/Применить в фильтре Дата")): Object: 'Object Repository/Выручка по ДЗО/Применить в фильтре Дата' is clicked on

26-05-2025T07:13:39 - [MESSAGE][PASSED] - Object: 'Object Repository/Выручка по ДЗО/Применить в фильтре Дата' is clicked on

26-05-2025T07:13:39 - [TEST_STEP][PASSED] - click(findTestObject("Выручка по ДЗО/Фильтр Дата")): Object: 'Object Repository/Выручка по ДЗО/Фильтр Дата' is clicked on

26-05-2025T07:13:40 - [MESSAGE][PASSED] - Object: 'Object Repository/Выручка по ДЗО/Фильтр Дата' is clicked on

26-05-2025T07:13:40 - [TEST_STEP][PASSED] - click(findTestObject("Выручка по ДЗО/Снять выделение в фильтре Дата")): Object: 'Object Repository/Выручка по ДЗО/Снять выделение в фильтре Дата' is clicked on

26-05-2025T07:13:41 - [MESSAGE][PASSED] - Object: 'Object Repository/Выручка по ДЗО/Снять выделение в фильтре Дата' is clicked on

26-05-2025T07:13:41 - [TEST_STEP][PASSED] - scrollToElement(findTestObject("Выручка по ДЗО/2025 список"), 30): Scroll to object 'Object Repository/Выручка по ДЗО/2025 список' successfully

26-05-2025T07:13:41 - [MESSAGE][PASSED] - Scroll to object 'Object Repository/Выручка по ДЗО/2025 список' successfully

26-05-2025T07:13:41 - [TEST_STEP][PASSED] - click(findTestObject("Выручка по ДЗО/2025 список")): Object: 'Object Repository/Выручка по ДЗО/2025 список' is clicked on

26-05-2025T07:13:41 - [MESSAGE][PASSED] - Object: 'Object Repository/Выручка по ДЗО/2025 список' is clicked on

26-05-2025T07:13:41 - [TEST_STEP][PASSED] - scrollToElement(findTestObject("Выручка по ДЗО/1 квартал 2025 список"), 30): Scroll to object 'Object Repository/Выручка по ДЗО/1 квартал 2025 список' successfully

26-05-2025T07:13:42 - [MESSAGE][PASSED] - Scroll to object 'Object Repository/Выручка по ДЗО/1 квартал 2025 список' successfully

26-05-2025T07:13:42 - [TEST_STEP][PASSED] - click(findTestObject("Выручка по ДЗО/1 квартал 2025 выбрать"), CONTINUE_ON_FAILURE): Object: 'Object Repository/Выручка по ДЗО/1 квартал 2025 выбрать' is clicked on

26-05-2025T07:13:42 - [MESSAGE][PASSED] - Object: 'Object Repository/Выручка по ДЗО/1 квартал 2025 выбрать' is clicked on

26-05-2025T07:13:42 - [TEST_STEP][PASSED] - scrollToElement(findTestObject("Выручка по ДЗО/Заголовок дашборда"), 30): Scroll to object 'Object Repository/Выручка по ДЗО/Заголовок дашборда' successfully

26-05-2025T07:13:43 - [MESSAGE][PASSED] - Scroll to object 'Object Repository/Выручка по ДЗО/Заголовок дашборда' successfully

26-05-2025T07:13:43 - [TEST_STEP][PASSED] - click(findTestObject("Выручка по ДЗО/Применить в фильтре Дата")): Object: 'Object Repository/Выручка по ДЗО/Применить в фильтре Дата' is clicked on

26-05-2025T07:13:43 - [MESSAGE][PASSED] - Object: 'Object Repository/Выручка по ДЗО/Применить в фильтре Дата' is clicked on

26-05-2025T07:13:43 - [TEST_STEP][PASSED] - a3 = "": null

26-05-2025T07:13:43 - [TEST_STEP][PASSED] - a4 = "": null

26-05-2025T07:13:43 - [TEST_STEP][PASSED] - a5 = "": null

26-05-2025T07:13:43 - [TEST_STEP][PASSED] - a6 = "": null

26-05-2025T07:13:43 - [TEST_STEP][PASSED] - a7 = "": null

26-05-2025T07:13:43 - [TEST_STEP][PASSED] - a8 = "": null

26-05-2025T07:13:43 - [TEST_STEP][PASSED] - a9 = "": null

26-05-2025T07:13:43 - [TEST_STEP][PASSED] - if (run == 1): null

26-05-2025T07:13:43 - [TEST_STEP][PASSED] - user = "админ": null

26-05-2025T07:13:43 - [TEST_STEP][PASSED] - a1 = getText(findTestObject("Выручка по ДЗО/График1 Выполнение плановых показателей Блок руководителя")): Text of object 'Object Repository/Выручка по ДЗО/График1 Выполнение плановых показателей Блок руководителя' is: '6 689 6 689
748 748
1 389 1 389
31 428 31 428
21 543 21 543
33 021 33 021
66 175 66 175
12 049 12 049
19 821 19 821
31 646 31 646
3 059 3 059
29 304 29 304
31 312 31 312
84 173 84 173
35 644 35 644
38 734 38 734
20 064 20 064
0 0
6 428 6 428
804 804
1 362 1 362
30 891 30 891
22 329 22 329
33 083 33 083
62 829 62 829
11 778 11 778
19 568 19 568
32 523 32 523
3 002 3 002
26 539 26 539
30 325 30 325
85 844 85 844
34 839 34 839
37 830 37 830
20 053 20 053
3 047 3 047
План
Факт
АО "РЭС"
АО «Тываэнерго»
АО «Чеченэнерго»
Россети Волга
Россети Кубань
Россети Ленэнерго (ГК)
Россети Московский регион
Россети Северный Кавказ (ГК)
Россети Северо-Запад
Россети Сибирь (ГК)
Россети Томск
Россети Тюмень
Россети Урал (ГК)
Россети ФСК ЕЭС
Россети Центр
Россети Центр и Приволжье (ГК)
Россети Юг (ГК)
Россети Янтарь
0 млн. руб.
10 000 млн. руб.
20 000 млн. руб.
30 000 млн. руб.
40 000 млн. руб.
50 000 млн. руб.
60 000 млн. руб.
70 000 млн. руб.
80 000 млн. руб.
90 000 млн. руб.
100 000 млн. руб.'

26-05-2025T07:13:44 - [MESSAGE][PASSED] - Text of object 'Object Repository/Выручка по ДЗО/График1 Выполнение плановых показателей Блок руководителя' is: '6 689 6 689
748 748
1 389 1 389
31 428 31 428
21 543 21 543
33 021 33 021
66 175 66 175
12 049 12 049
19 821 19 821
31 646 31 646
3 059 3 059
29 304 29 304
31 312 31 312
84 173 84 173
35 644 35 644
38 734 38 734
20 064 20 064
0 0
6 428 6 428
804 804
1 362 1 362
30 891 30 891
22 329 22 329
33 083 33 083
62 829 62 829
11 778 11 778
19 568 19 568
32 523 32 523
3 002 3 002
26 539 26 539
30 325 30 325
85 844 85 844
34 839 34 839
37 830 37 830
20 053 20 053
3 047 3 047
План
Факт
АО "РЭС"
АО «Тываэнерго»
АО «Чеченэнерго»
Россети Волга
Россети Кубань
Россети Ленэнерго (ГК)
Россети Московский регион
Россети Северный Кавказ (ГК)
Россети Северо-Запад
Россети Сибирь (ГК)
Россети Томск
Россети Тюмень
Россети Урал (ГК)
Россети ФСК ЕЭС
Россети Центр
Россети Центр и Приволжье (ГК)
Россети Юг (ГК)
Россети Янтарь
0 млн. руб.
10 000 млн. руб.
20 000 млн. руб.
30 000 млн. руб.
40 000 млн. руб.
50 000 млн. руб.
60 000 млн. руб.
70 000 млн. руб.
80 000 млн. руб.
90 000 млн. руб.
100 000 млн. руб.'

26-05-2025T07:13:44 - [TEST_STEP][PASSED] - a2 = getText(findTestObject("Выручка по ДЗО/График2 Выполнение плановых показателей Блок руководителя")): Text of object 'Object Repository/Выручка по ДЗО/График2 Выполнение плановых показателей Блок руководителя' is: '1,39%1,39%
0,17%0,17%
0,29%0,29%
6,67%6,67%
4,82%4,82%
7,14%7,14%
13,57%13,57%
2,54%2,54%
4,23%4,23%
7,02%7,02%
0,65%0,65%
5,73%5,73%
6,55%6,55%
18,54%18,54%
7,52%7,52%
8,17%8,17%
4,33%4,33%
0,66%0,66%
АО "РЭС"
АО «Тываэнерго»
АО «Чеченэнерго»
Россети Волга
Россети Кубань
Россети Ленэнерго (ГК)
Россети Московский регион
Россети Северный Кавказ (ГК)
Россети Северо-Запад
Россети Сибирь (ГК)
Россети Томск
Россети Тюмень
Россети Урал (ГК)
Россети ФСК ЕЭС
Россети Центр
Россети Центр и Приволжье (ГК)
Россети Юг (ГК)
Россети Янтарь
Россети Центр и Приволжье (ГК): 37 829 526,4'

26-05-2025T07:13:44 - [MESSAGE][PASSED] - Text of object 'Object Repository/Выручка по ДЗО/График2 Выполнение плановых показателей Блок руководителя' is: '1,39%1,39%
0,17%0,17%
0,29%0,29%
6,67%6,67%
4,82%4,82%
7,14%7,14%
13,57%13,57%
2,54%2,54%
4,23%4,23%
7,02%7,02%
0,65%0,65%
5,73%5,73%
6,55%6,55%
18,54%18,54%
7,52%7,52%
8,17%8,17%
4,33%4,33%
0,66%0,66%
АО "РЭС"
АО «Тываэнерго»
АО «Чеченэнерго»
Россети Волга
Россети Кубань
Россети Ленэнерго (ГК)
Россети Московский регион
Россети Северный Кавказ (ГК)
Россети Северо-Запад
Россети Сибирь (ГК)
Россети Томск
Россети Тюмень
Россети Урал (ГК)
Россети ФСК ЕЭС
Россети Центр
Россети Центр и Приволжье (ГК)
Россети Юг (ГК)
Россети Янтарь
Россети Центр и Приволжье (ГК): 37 829 526,4'

26-05-2025T07:13:44 - [TEST_STEP][PASSED] - a2 = indexOf("АО «Тываэнерго»")).replaceAll("[а-яА-Я]", ""): null

26-05-2025T07:13:44 - [TEST_STEP][PASSED] - n = n + 27: null

26-05-2025T07:13:44 - [TEST_STEP][PASSED] - Script1686231490255.WriteToExcel(user, dashboardName, n, data, run, a1, a2, a3, a4, a5, a6, a7, a8, a9): null

26-05-2025T07:13:44 - [TEST_STEP][PASSED] - sheetName = "Sheet1": null

26-05-2025T07:13:44 - [TEST_STEP][PASSED] - workbook01 = getWorkbook(excelFilePath): null

26-05-2025T07:13:44 - [TEST_STEP][PASSED] - sheet01 = getExcelSheet(workbook01, sheetName): null

26-05-2025T07:13:44 - [TEST_STEP][PASSED] - setValueToCellByIndex(sheet01, n, 0, dashboardName): null

26-05-2025T07:13:44 - [TEST_STEP][PASSED] - setValueToCellByIndex(sheet01, n, 10, user): null

26-05-2025T07:13:44 - [TEST_STEP][PASSED] - setValueToCellByIndex(sheet01, n, 1, a1): null

26-05-2025T07:13:44 - [TEST_STEP][PASSED] - setValueToCellByIndex(sheet01, n, 2, a2): null

26-05-2025T07:13:44 - [TEST_STEP][PASSED] - setValueToCellByIndex(sheet01, n, 3, a3): null

26-05-2025T07:13:44 - [TEST_STEP][PASSED] - setValueToCellByIndex(sheet01, n, 4, a4): null

26-05-2025T07:13:44 - [TEST_STEP][PASSED] - setValueToCellByIndex(sheet01, n, 5, a5): null

26-05-2025T07:13:44 - [TEST_STEP][PASSED] - setValueToCellByIndex(sheet01, n, 6, a6): null

26-05-2025T07:13:44 - [TEST_STEP][PASSED] - setValueToCellByIndex(sheet01, n, 7, a7): null

26-05-2025T07:13:44 - [TEST_STEP][PASSED] - setValueToCellByIndex(sheet01, n, 8, a8): null

26-05-2025T07:13:44 - [TEST_STEP][PASSED] - setValueToCellByIndex(sheet01, n, 9, a9): null

26-05-2025T07:13:44 - [TEST_STEP][PASSED] - n = n + 1: null

26-05-2025T07:13:44 - [TEST_STEP][PASSED] - saveWorkbook(excelFilePath, workbook01): null

26-05-2025T07:13:45 - [TEST_STEP][PASSED] - if (run == 2): null

26-05-2025T07:13:45 - [TEST_STEP][PASSED] - if (run == 3): null

26-05-2025T07:13:45 - [TEST_STEP][PASSED] - closeBrowser(): null

26-05-2025T07:13:45 - [MESSAGE][PASSED] - Browser is closed

26-05-2025T07:13:45 - [TEST_STEP][PASSED] - ViruchkaPoDZO(user, dashboardName, n, data, run, a1, a2, a3, a4, a5, a6, a7, a8, a9, urlData): null

26-05-2025T07:13:45 - [TEST_STEP][PASSED] - n = data.getRowNumbers() + 1: null

26-05-2025T07:13:45 - [TEST_STEP][PASSED] - println(n): null

26-05-2025T07:13:45 - [TEST_STEP][PASSED] - dashboardName = "Выручка по ДЗО": null

26-05-2025T07:13:45 - [TEST_STEP][PASSED] - openBrowser(""): Browser is opened with url: ''

26-05-2025T07:13:45 - [MESSAGE][INFO] - Starting 'Chrome' driver

26-05-2025T07:13:45 - [MESSAGE][INFO] - Action delay is set to 0 milliseconds

26-05-2025T07:13:46 - [MESSAGE][PASSED] - Browser is opened with url: ''

26-05-2025T07:13:46 - [TEST_STEP][PASSED] - urlData = 5: null

26-05-2025T07:13:46 - [TEST_STEP][PASSED] - Script1686231490255.CheckPageDownload(urlData, run): null

26-05-2025T07:13:46 - [TEST_STEP][PASSED] - i = 1: null

26-05-2025T07:13:46 - [TEST_STEP][PASSED] - ii = 0: null

26-05-2025T07:13:46 - [TEST_STEP][PASSED] - urlText = <not implemented yet for class: org.codehaus.groovy.ast.expr.EmptyExpression>: null

26-05-2025T07:13:46 - [TEST_STEP][PASSED] - searchWord = <not implemented yet for class: org.codehaus.groovy.ast.expr.EmptyExpression>: null

26-05-2025T07:13:46 - [TEST_STEP][PASSED] - deleteAllCookies(): Delete all cookies successfully

26-05-2025T07:13:46 - [MESSAGE][PASSED] - Delete all cookies successfully

26-05-2025T07:13:46 - [TEST_STEP][PASSED] - refresh(): Refresh successfully

26-05-2025T07:13:46 - [MESSAGE][PASSED] - Refresh successfully

26-05-2025T07:13:46 - [TEST_STEP][PASSED] - delay(40): Delayed 40 second(s)

26-05-2025T07:14:26 - [MESSAGE][PASSED] - Delayed 40 second(s)

26-05-2025T07:14:26 - [TEST_STEP][PASSED] - navigateToUrl(findTestData("PlanFact").getValue(10, urlData)): Navigate to 'https://bi.rosseti.digital/viewer?dashboardGuid=2301950b23be4ed89c1df75f2020051e&sheetGuid=31530aa0b6664c09b016b7f2ab9d853e&fit=true' successfully

26-05-2025T07:14:28 - [MESSAGE][PASSED] - Navigate to 'https://bi.rosseti.digital/viewer?dashboardGuid=2301950b23be4ed89c1df75f2020051e&sheetGuid=31530aa0b6664c09b016b7f2ab9d853e&fit=true' successfully

26-05-2025T07:14:28 - [TEST_STEP][PASSED] - pageLoaded1 = verifyElementPresent(findTestObject("Страница авторизации/Text"), 30): Object 'Object Repository/Страница авторизации/Text' is present

26-05-2025T07:14:29 - [MESSAGE][PASSED] - Object 'Object Repository/Страница авторизации/Text' is present

26-05-2025T07:14:29 - [TEST_STEP][PASSED] - if (pageLoaded1 == false): null

26-05-2025T07:14:29 - [TEST_STEP][PASSED] - urlText = getText(findTestObject("Страница авторизации/Text")): Text of object 'Object Repository/Страница авторизации/Text' is: 'Вход'

26-05-2025T07:14:29 - [MESSAGE][PASSED] - Text of object 'Object Repository/Страница авторизации/Text' is: 'Вход'

26-05-2025T07:14:29 - [TEST_STEP][PASSED] - delay(40): Delayed 40 second(s)

26-05-2025T07:15:09 - [MESSAGE][PASSED] - Delayed 40 second(s)

26-05-2025T07:15:09 - [TEST_STEP][PASSED] - searchWord = "Вход": null

26-05-2025T07:15:09 - [TEST_STEP][PASSED] - if (urlText.contains(searchWord) == false): null

26-05-2025T07:15:09 - [TEST_STEP][PASSED] - setText(findTestObject("Страница авторизации/input__username"), findTestData("PlanFact").getValue(8, run)): Text 'Andreeva-EV' is set on object 'Object Repository/Страница авторизации/input__username'

26-05-2025T07:15:10 - [MESSAGE][PASSED] - Text 'Andreeva-EV' is set on object 'Object Repository/Страница авторизации/input__username'

26-05-2025T07:15:10 - [TEST_STEP][PASSED] - setText(findTestObject("Страница авторизации/input__password"), findTestData("PlanFact").getValue(9, run)): Text '2nPePKDwCPH3ul7xMZ' is set on object 'Object Repository/Страница авторизации/input__password'

26-05-2025T07:15:10 - [MESSAGE][PASSED] - Text '2nPePKDwCPH3ul7xMZ' is set on object 'Object Repository/Страница авторизации/input__password'

26-05-2025T07:15:10 - [TEST_STEP][PASSED] - click(findTestObject("Страница авторизации/button_")): Object: 'Object Repository/Страница авторизации/button_' is clicked on

26-05-2025T07:15:11 - [MESSAGE][PASSED] - Object: 'Object Repository/Страница авторизации/button_' is clicked on

26-05-2025T07:15:11 - [TEST_STEP][PASSED] - delay(40): Delayed 40 second(s)

26-05-2025T07:15:51 - [MESSAGE][PASSED] - Delayed 40 second(s)

26-05-2025T07:15:51 - [TEST_STEP][PASSED] - searchWord = "а": null

26-05-2025T07:15:51 - [TEST_STEP][PASSED] - pageLoaded2 = verifyElementPresent(findTestObject("Страница авторизации/Text"), 50): Object 'Object Repository/Страница авторизации/Text' is present

26-05-2025T07:15:52 - [MESSAGE][PASSED] - Object 'Object Repository/Страница авторизации/Text' is present

26-05-2025T07:15:52 - [TEST_STEP][PASSED] - if (pageLoaded2 == false): null

26-05-2025T07:15:52 - [TEST_STEP][PASSED] - urlText = getText(findTestObject("Страница авторизации/Text")): Text of object 'Object Repository/Страница авторизации/Text' is: 'Период
1 кв. 2025 года
Выручка
Все
ДЗО 
Все
Выручка по ДЗО
Выполнение плановых показателей по ПАО Россети за 1 кв. 2025 года
6 689 6 689
748 748
1 389 1 389
31 428 31 428
21 543 21 543
33 021 33 021
66 175 66 175
12 049 12 049
19 821 19 821
31 646 31 646
3 059 3 059
29 304 29 304
31 312 31 312
84 173 84 173
35 644 35 644
38 734 38 734
20 064 20 064
0 0
6 428 6 428
804 804
1 362 1 362
30 891 30 891
22 329 22 329
33 083 33 083
62 829 62 829
11 778 11 778
19 568 19 568
32 523 32 523
3 002 3 002
26 539 26 539
30 325 30 325
85 844 85 844
34 839 34 839
37 830 37 830
20 053 20 053
3 047 3 047
План
Факт
АО "РЭС"
АО «Тываэнерго»
АО «Чеченэнерго»
Россети Волга
Россети Кубань
Россети Ленэнерго (ГК)
Россети Московский регион
Россети Северный Кавказ (ГК)
Россети Северо-Запад
Россети Сибирь (ГК)
Россети Томск
Россети Тюмень
Россети Урал (ГК)
Россети ФСК ЕЭС
Россети Центр
Россети Центр и Приволжье (ГК)
Россети Юг (ГК)
Россети Янтарь
0 млн. руб.
10 000 млн. руб.
20 000 млн. руб.
30 000 млн. руб.
40 000 млн. руб.
50 000 млн. руб.
60 000 млн. руб.
70 000 млн. руб.
80 000 млн. руб.
90 000 млн. руб.
100 000 млн. руб.
Выполнение плановых показателей по ПАО Россети за 1 кв. 2025 года
1,39%1,39%
0,17%0,17%
0,29%0,29%
6,67%6,67%
4,82%4,82%
7,14%7,14%
13,57%13,57%
2,54%2,54%
4,23%4,23%
7,02%7,02%
0,65%0,65%
5,73%5,73%
6,55%6,55%
18,54%18,54%
7,52%7,52%
8,17%8,17%
4,33%4,33%
0,66%0,66%
АО "РЭС"
АО «Тываэнерго»
АО «Чеченэнерго»
Россети Волга
Россети Кубань
Россети Ленэнерго (ГК)
Россети Московский регион
Россети Северный Кавказ (ГК)
Россети Северо-Запад
Россети Сибирь (ГК)
Россети Томск
Россети Тюмень
Россети Урал (ГК)
Россети ФСК ЕЭС
Россети Центр
Россети Центр и Приволжье (ГК)
Россети Юг (ГК)
Россети Янтарь'

26-05-2025T07:15:52 - [MESSAGE][PASSED] - Text of object 'Object Repository/Страница авторизации/Text' is: 'Период
1 кв. 2025 года
Выручка
Все
ДЗО 
Все
Выручка по ДЗО
Выполнение плановых показателей по ПАО Россети за 1 кв. 2025 года
6 689 6 689
748 748
1 389 1 389
31 428 31 428
21 543 21 543
33 021 33 021
66 175 66 175
12 049 12 049
19 821 19 821
31 646 31 646
3 059 3 059
29 304 29 304
31 312 31 312
84 173 84 173
35 644 35 644
38 734 38 734
20 064 20 064
0 0
6 428 6 428
804 804
1 362 1 362
30 891 30 891
22 329 22 329
33 083 33 083
62 829 62 829
11 778 11 778
19 568 19 568
32 523 32 523
3 002 3 002
26 539 26 539
30 325 30 325
85 844 85 844
34 839 34 839
37 830 37 830
20 053 20 053
3 047 3 047
План
Факт
АО "РЭС"
АО «Тываэнерго»
АО «Чеченэнерго»
Россети Волга
Россети Кубань
Россети Ленэнерго (ГК)
Россети Московский регион
Россети Северный Кавказ (ГК)
Россети Северо-Запад
Россети Сибирь (ГК)
Россети Томск
Россети Тюмень
Россети Урал (ГК)
Россети ФСК ЕЭС
Россети Центр
Россети Центр и Приволжье (ГК)
Россети Юг (ГК)
Россети Янтарь
0 млн. руб.
10 000 млн. руб.
20 000 млн. руб.
30 000 млн. руб.
40 000 млн. руб.
50 000 млн. руб.
60 000 млн. руб.
70 000 млн. руб.
80 000 млн. руб.
90 000 млн. руб.
100 000 млн. руб.
Выполнение плановых показателей по ПАО Россети за 1 кв. 2025 года
1,39%1,39%
0,17%0,17%
0,29%0,29%
6,67%6,67%
4,82%4,82%
7,14%7,14%
13,57%13,57%
2,54%2,54%
4,23%4,23%
7,02%7,02%
0,65%0,65%
5,73%5,73%
6,55%6,55%
18,54%18,54%
7,52%7,52%
8,17%8,17%
4,33%4,33%
0,66%0,66%
АО "РЭС"
АО «Тываэнерго»
АО «Чеченэнерго»
Россети Волга
Россети Кубань
Россети Ленэнерго (ГК)
Россети Московский регион
Россети Северный Кавказ (ГК)
Россети Северо-Запад
Россети Сибирь (ГК)
Россети Томск
Россети Тюмень
Россети Урал (ГК)
Россети ФСК ЕЭС
Россети Центр
Россети Центр и Приволжье (ГК)
Россети Юг (ГК)
Россети Янтарь'

26-05-2025T07:15:52 - [TEST_STEP][PASSED] - if (urlText.contains("ошибка") || urlText.contains(searchWord) == false): null

26-05-2025T07:15:52 - [TEST_STEP][PASSED] - click(findTestObject("Выручка по ДЗО/Фильтр Дата")): Object: 'Object Repository/Выручка по ДЗО/Фильтр Дата' is clicked on

26-05-2025T07:15:53 - [MESSAGE][PASSED] - Object: 'Object Repository/Выручка по ДЗО/Фильтр Дата' is clicked on

26-05-2025T07:15:53 - [TEST_STEP][PASSED] - click(findTestObject("Выручка по ДЗО/Снять выделение в фильтре Дата")): Object: 'Object Repository/Выручка по ДЗО/Снять выделение в фильтре Дата' is clicked on

26-05-2025T07:15:53 - [MESSAGE][PASSED] - Object: 'Object Repository/Выручка по ДЗО/Снять выделение в фильтре Дата' is clicked on

26-05-2025T07:15:53 - [TEST_STEP][PASSED] - click(findTestObject("Выручка по ДЗО/Применить в фильтре Дата")): Object: 'Object Repository/Выручка по ДЗО/Применить в фильтре Дата' is clicked on

26-05-2025T07:15:54 - [MESSAGE][PASSED] - Object: 'Object Repository/Выручка по ДЗО/Применить в фильтре Дата' is clicked on

26-05-2025T07:15:54 - [TEST_STEP][PASSED] - click(findTestObject("Выручка по ДЗО/Фильтр Дата")): Object: 'Object Repository/Выручка по ДЗО/Фильтр Дата' is clicked on

26-05-2025T07:15:54 - [MESSAGE][PASSED] - Object: 'Object Repository/Выручка по ДЗО/Фильтр Дата' is clicked on

26-05-2025T07:15:54 - [TEST_STEP][PASSED] - click(findTestObject("Выручка по ДЗО/Снять выделение в фильтре Дата")): Object: 'Object Repository/Выручка по ДЗО/Снять выделение в фильтре Дата' is clicked on

26-05-2025T07:15:55 - [MESSAGE][PASSED] - Object: 'Object Repository/Выручка по ДЗО/Снять выделение в фильтре Дата' is clicked on

26-05-2025T07:15:55 - [TEST_STEP][PASSED] - scrollToElement(findTestObject("Выручка по ДЗО/2025 список"), 30): Scroll to object 'Object Repository/Выручка по ДЗО/2025 список' successfully

26-05-2025T07:15:55 - [MESSAGE][PASSED] - Scroll to object 'Object Repository/Выручка по ДЗО/2025 список' successfully

26-05-2025T07:15:55 - [TEST_STEP][PASSED] - click(findTestObject("Выручка по ДЗО/2025 список")): Object: 'Object Repository/Выручка по ДЗО/2025 список' is clicked on

26-05-2025T07:15:56 - [MESSAGE][PASSED] - Object: 'Object Repository/Выручка по ДЗО/2025 список' is clicked on

26-05-2025T07:15:56 - [TEST_STEP][PASSED] - scrollToElement(findTestObject("Выручка по ДЗО/1 квартал 2025 список"), 30): Scroll to object 'Object Repository/Выручка по ДЗО/1 квартал 2025 список' successfully

26-05-2025T07:15:56 - [MESSAGE][PASSED] - Scroll to object 'Object Repository/Выручка по ДЗО/1 квартал 2025 список' successfully

26-05-2025T07:15:56 - [TEST_STEP][PASSED] - click(findTestObject("Выручка по ДЗО/1 квартал 2025 выбрать"), CONTINUE_ON_FAILURE): Object: 'Object Repository/Выручка по ДЗО/1 квартал 2025 выбрать' is clicked on

26-05-2025T07:15:57 - [MESSAGE][PASSED] - Object: 'Object Repository/Выручка по ДЗО/1 квартал 2025 выбрать' is clicked on

26-05-2025T07:15:57 - [TEST_STEP][PASSED] - scrollToElement(findTestObject("Выручка по ДЗО/Заголовок дашборда"), 30): Scroll to object 'Object Repository/Выручка по ДЗО/Заголовок дашборда' successfully

26-05-2025T07:15:57 - [MESSAGE][PASSED] - Scroll to object 'Object Repository/Выручка по ДЗО/Заголовок дашборда' successfully

26-05-2025T07:15:57 - [TEST_STEP][PASSED] - click(findTestObject("Выручка по ДЗО/Применить в фильтре Дата")): Object: 'Object Repository/Выручка по ДЗО/Применить в фильтре Дата' is clicked on

26-05-2025T07:15:57 - [MESSAGE][PASSED] - Object: 'Object Repository/Выручка по ДЗО/Применить в фильтре Дата' is clicked on

26-05-2025T07:15:57 - [TEST_STEP][PASSED] - a3 = "": null

26-05-2025T07:15:57 - [TEST_STEP][PASSED] - a4 = "": null

26-05-2025T07:15:57 - [TEST_STEP][PASSED] - a5 = "": null

26-05-2025T07:15:57 - [TEST_STEP][PASSED] - a6 = "": null

26-05-2025T07:15:57 - [TEST_STEP][PASSED] - a7 = "": null

26-05-2025T07:15:57 - [TEST_STEP][PASSED] - a8 = "": null

26-05-2025T07:15:57 - [TEST_STEP][PASSED] - a9 = "": null

26-05-2025T07:15:57 - [TEST_STEP][PASSED] - if (run == 1): null

26-05-2025T07:15:57 - [TEST_STEP][PASSED] - if (run == 2): null

26-05-2025T07:15:57 - [TEST_STEP][PASSED] - user = "Андреева": null

26-05-2025T07:15:57 - [TEST_STEP][PASSED] - a1 = getText(findTestObject("Выручка по ДЗО/График1 Выполнение плановых показателей Блок руководителя")): Text of object 'Object Repository/Выручка по ДЗО/График1 Выполнение плановых показателей Блок руководителя' is: '6 689 6 689
748 748
1 389 1 389
31 428 31 428
21 543 21 543
33 021 33 021
66 175 66 175
12 049 12 049
19 821 19 821
31 646 31 646
3 059 3 059
29 304 29 304
31 312 31 312
84 173 84 173
35 644 35 644
38 734 38 734
20 064 20 064
0 0
6 428 6 428
804 804
1 362 1 362
30 891 30 891
22 329 22 329
33 083 33 083
62 829 62 829
11 778 11 778
19 568 19 568
32 523 32 523
3 002 3 002
26 539 26 539
30 325 30 325
85 844 85 844
34 839 34 839
37 830 37 830
20 053 20 053
3 047 3 047
План
Факт
АО "РЭС"
АО «Тываэнерго»
АО «Чеченэнерго»
Россети Волга
Россети Кубань
Россети Ленэнерго (ГК)
Россети Московский регион
Россети Северный Кавказ (ГК)
Россети Северо-Запад
Россети Сибирь (ГК)
Россети Томск
Россети Тюмень
Россети Урал (ГК)
Россети ФСК ЕЭС
Россети Центр
Россети Центр и Приволжье (ГК)
Россети Юг (ГК)
Россети Янтарь
0 млн. руб.
10 000 млн. руб.
20 000 млн. руб.
30 000 млн. руб.
40 000 млн. руб.
50 000 млн. руб.
60 000 млн. руб.
70 000 млн. руб.
80 000 млн. руб.
90 000 млн. руб.
100 000 млн. руб.'

26-05-2025T07:15:59 - [MESSAGE][PASSED] - Text of object 'Object Repository/Выручка по ДЗО/График1 Выполнение плановых показателей Блок руководителя' is: '6 689 6 689
748 748
1 389 1 389
31 428 31 428
21 543 21 543
33 021 33 021
66 175 66 175
12 049 12 049
19 821 19 821
31 646 31 646
3 059 3 059
29 304 29 304
31 312 31 312
84 173 84 173
35 644 35 644
38 734 38 734
20 064 20 064
0 0
6 428 6 428
804 804
1 362 1 362
30 891 30 891
22 329 22 329
33 083 33 083
62 829 62 829
11 778 11 778
19 568 19 568
32 523 32 523
3 002 3 002
26 539 26 539
30 325 30 325
85 844 85 844
34 839 34 839
37 830 37 830
20 053 20 053
3 047 3 047
План
Факт
АО "РЭС"
АО «Тываэнерго»
АО «Чеченэнерго»
Россети Волга
Россети Кубань
Россети Ленэнерго (ГК)
Россети Московский регион
Россети Северный Кавказ (ГК)
Россети Северо-Запад
Россети Сибирь (ГК)
Россети Томск
Россети Тюмень
Россети Урал (ГК)
Россети ФСК ЕЭС
Россети Центр
Россети Центр и Приволжье (ГК)
Россети Юг (ГК)
Россети Янтарь
0 млн. руб.
10 000 млн. руб.
20 000 млн. руб.
30 000 млн. руб.
40 000 млн. руб.
50 000 млн. руб.
60 000 млн. руб.
70 000 млн. руб.
80 000 млн. руб.
90 000 млн. руб.
100 000 млн. руб.'

26-05-2025T07:15:59 - [TEST_STEP][PASSED] - a2 = getText(findTestObject("Выручка по ДЗО/График2 Выполнение плановых показателей Блок руководителя")): Text of object 'Object Repository/Выручка по ДЗО/График2 Выполнение плановых показателей Блок руководителя' is: '1,39%1,39%
0,17%0,17%
0,29%0,29%
6,67%6,67%
4,82%4,82%
7,14%7,14%
13,57%13,57%
2,54%2,54%
4,23%4,23%
7,02%7,02%
0,65%0,65%
5,73%5,73%
6,55%6,55%
18,54%18,54%
7,52%7,52%
8,17%8,17%
4,33%4,33%
0,66%0,66%
АО "РЭС"
АО «Тываэнерго»
АО «Чеченэнерго»
Россети Волга
Россети Кубань
Россети Ленэнерго (ГК)
Россети Московский регион
Россети Северный Кавказ (ГК)
Россети Северо-Запад
Россети Сибирь (ГК)
Россети Томск
Россети Тюмень
Россети Урал (ГК)
Россети ФСК ЕЭС
Россети Центр
Россети Центр и Приволжье (ГК)
Россети Юг (ГК)
Россети Янтарь
Россети Центр и Приволжье (ГК): 37 829 526,4'

26-05-2025T07:15:59 - [MESSAGE][PASSED] - Text of object 'Object Repository/Выручка по ДЗО/График2 Выполнение плановых показателей Блок руководителя' is: '1,39%1,39%
0,17%0,17%
0,29%0,29%
6,67%6,67%
4,82%4,82%
7,14%7,14%
13,57%13,57%
2,54%2,54%
4,23%4,23%
7,02%7,02%
0,65%0,65%
5,73%5,73%
6,55%6,55%
18,54%18,54%
7,52%7,52%
8,17%8,17%
4,33%4,33%
0,66%0,66%
АО "РЭС"
АО «Тываэнерго»
АО «Чеченэнерго»
Россети Волга
Россети Кубань
Россети Ленэнерго (ГК)
Россети Московский регион
Россети Северный Кавказ (ГК)
Россети Северо-Запад
Россети Сибирь (ГК)
Россети Томск
Россети Тюмень
Россети Урал (ГК)
Россети ФСК ЕЭС
Россети Центр
Россети Центр и Приволжье (ГК)
Россети Юг (ГК)
Россети Янтарь
Россети Центр и Приволжье (ГК): 37 829 526,4'

26-05-2025T07:15:59 - [TEST_STEP][PASSED] - a2 = indexOf("АО «Тываэнерго»")).replaceAll("[а-яА-Я]", ""): null

26-05-2025T07:15:59 - [TEST_STEP][PASSED] - n = n + 28: null

26-05-2025T07:15:59 - [TEST_STEP][PASSED] - b = n - run + 1: null

26-05-2025T07:15:59 - [TEST_STEP][PASSED] - verifyEqual(findTestData("PlanFact").getValue(2, b), a1): Actual object '6 689 6 689
748 748
1 389 1 389
31 428 31 428
21 543 21 543
33 021 33 021
66 175 66 175
12 049 12 049
19 821 19 821
31 646 31 646
3 059 3 059
29 304 29 304
31 312 31 312
84 173 84 173
35 644 35 644
38 734 38 734
20 064 20 064
0 0
6 428 6 428
804 804
1 362 1 362
30 891 30 891
22 329 22 329
33 083 33 083
62 829 62 829
11 778 11 778
19 568 19 568
32 523 32 523
3 002 3 002
26 539 26 539
30 325 30 325
85 844 85 844
34 839 34 839
37 830 37 830
20 053 20 053
3 047 3 047
План
Факт
АО "РЭС"
АО «Тываэнерго»
АО «Чеченэнерго»
Россети Волга
Россети Кубань
Россети Ленэнерго (ГК)
Россети Московский регион
Россети Северный Кавказ (ГК)
Россети Северо-Запад
Россети Сибирь (ГК)
Россети Томск
Россети Тюмень
Россети Урал (ГК)
Россети ФСК ЕЭС
Россети Центр
Россети Центр и Приволжье (ГК)
Россети Юг (ГК)
Россети Янтарь
0 млн. руб.
10 000 млн. руб.
20 000 млн. руб.
30 000 млн. руб.
40 000 млн. руб.
50 000 млн. руб.
60 000 млн. руб.
70 000 млн. руб.
80 000 млн. руб.
90 000 млн. руб.
100 000 млн. руб.' and expected object '6 689 6 689
748 748
1 389 1 389
31 428 31 428
21 543 21 543
33 021 33 021
66 175 66 175
12 049 12 049
19 821 19 821
31 646 31 646
3 059 3 059
29 304 29 304
31 312 31 312
84 173 84 173
35 644 35 644
38 734 38 734
20 064 20 064
0 0
6 428 6 428
804 804
1 362 1 362
30 891 30 891
22 329 22 329
33 083 33 083
62 829 62 829
11 778 11 778
19 568 19 568
32 523 32 523
3 002 3 002
26 539 26 539
30 325 30 325
85 844 85 844
34 839 34 839
37 830 37 830
20 053 20 053
3 047 3 047
План
Факт
АО "РЭС"
АО «Тываэнерго»
АО «Чеченэнерго»
Россети Волга
Россети Кубань
Россети Ленэнерго (ГК)
Россети Московский регион
Россети Северный Кавказ (ГК)
Россети Северо-Запад
Россети Сибирь (ГК)
Россети Томск
Россети Тюмень
Россети Урал (ГК)
Россети ФСК ЕЭС
Россети Центр
Россети Центр и Приволжье (ГК)
Россети Юг (ГК)
Россети Янтарь
0 млн. руб.
10 000 млн. руб.
20 000 млн. руб.
30 000 млн. руб.
40 000 млн. руб.
50 000 млн. руб.
60 000 млн. руб.
70 000 млн. руб.
80 000 млн. руб.
90 000 млн. руб.
100 000 млн. руб.' are equal

26-05-2025T07:15:59 - [MESSAGE][PASSED] - Actual object '6 689 6 689
748 748
1 389 1 389
31 428 31 428
21 543 21 543
33 021 33 021
66 175 66 175
12 049 12 049
19 821 19 821
31 646 31 646
3 059 3 059
29 304 29 304
31 312 31 312
84 173 84 173
35 644 35 644
38 734 38 734
20 064 20 064
0 0
6 428 6 428
804 804
1 362 1 362
30 891 30 891
22 329 22 329
33 083 33 083
62 829 62 829
11 778 11 778
19 568 19 568
32 523 32 523
3 002 3 002
26 539 26 539
30 325 30 325
85 844 85 844
34 839 34 839
37 830 37 830
20 053 20 053
3 047 3 047
План
Факт
АО "РЭС"
АО «Тываэнерго»
АО «Чеченэнерго»
Россети Волга
Россети Кубань
Россети Ленэнерго (ГК)
Россети Московский регион
Россети Северный Кавказ (ГК)
Россети Северо-Запад
Россети Сибирь (ГК)
Россети Томск
Россети Тюмень
Россети Урал (ГК)
Россети ФСК ЕЭС
Россети Центр
Россети Центр и Приволжье (ГК)
Россети Юг (ГК)
Россети Янтарь
0 млн. руб.
10 000 млн. руб.
20 000 млн. руб.
30 000 млн. руб.
40 000 млн. руб.
50 000 млн. руб.
60 000 млн. руб.
70 000 млн. руб.
80 000 млн. руб.
90 000 млн. руб.
100 000 млн. руб.' and expected object '6 689 6 689
748 748
1 389 1 389
31 428 31 428
21 543 21 543
33 021 33 021
66 175 66 175
12 049 12 049
19 821 19 821
31 646 31 646
3 059 3 059
29 304 29 304
31 312 31 312
84 173 84 173
35 644 35 644
38 734 38 734
20 064 20 064
0 0
6 428 6 428
804 804
1 362 1 362
30 891 30 891
22 329 22 329
33 083 33 083
62 829 62 829
11 778 11 778
19 568 19 568
32 523 32 523
3 002 3 002
26 539 26 539
30 325 30 325
85 844 85 844
34 839 34 839
37 830 37 830
20 053 20 053
3 047 3 047
План
Факт
АО "РЭС"
АО «Тываэнерго»
АО «Чеченэнерго»
Россети Волга
Россети Кубань
Россети Ленэнерго (ГК)
Россети Московский регион
Россети Северный Кавказ (ГК)
Россети Северо-Запад
Россети Сибирь (ГК)
Россети Томск
Россети Тюмень
Россети Урал (ГК)
Россети ФСК ЕЭС
Россети Центр
Россети Центр и Приволжье (ГК)
Россети Юг (ГК)
Россети Янтарь
0 млн. руб.
10 000 млн. руб.
20 000 млн. руб.
30 000 млн. руб.
40 000 млн. руб.
50 000 млн. руб.
60 000 млн. руб.
70 000 млн. руб.
80 000 млн. руб.
90 000 млн. руб.
100 000 млн. руб.' are equal

26-05-2025T07:15:59 - [TEST_STEP][PASSED] - verifyEqual(findTestData("PlanFact").getValue(3, b), a2): Actual object '1,39%1,39%
0,17%0,17%
0,29%0,29%
6,67%6,67%
4,82%4,82%
7,14%7,14%
13,57%13,57%
2,54%2,54%
4,23%4,23%
7,02%7,02%
0,65%0,65%
5,73%5,73%
6,55%6,55%
18,54%18,54%
7,52%7,52%
8,17%8,17%
4,33%4,33%
0,66%0,66%
 ""
' and expected object '1,39%1,39%
0,17%0,17%
0,29%0,29%
6,67%6,67%
4,82%4,82%
7,14%7,14%
13,57%13,57%
2,54%2,54%
4,23%4,23%
7,02%7,02%
0,65%0,65%
5,73%5,73%
6,55%6,55%
18,54%18,54%
7,52%7,52%
8,17%8,17%
4,33%4,33%
0,66%0,66%
 ""
' are equal

26-05-2025T07:15:59 - [MESSAGE][PASSED] - Actual object '1,39%1,39%
0,17%0,17%
0,29%0,29%
6,67%6,67%
4,82%4,82%
7,14%7,14%
13,57%13,57%
2,54%2,54%
4,23%4,23%
7,02%7,02%
0,65%0,65%
5,73%5,73%
6,55%6,55%
18,54%18,54%
7,52%7,52%
8,17%8,17%
4,33%4,33%
0,66%0,66%
 ""
' and expected object '1,39%1,39%
0,17%0,17%
0,29%0,29%
6,67%6,67%
4,82%4,82%
7,14%7,14%
13,57%13,57%
2,54%2,54%
4,23%4,23%
7,02%7,02%
0,65%0,65%
5,73%5,73%
6,55%6,55%
18,54%18,54%
7,52%7,52%
8,17%8,17%
4,33%4,33%
0,66%0,66%
 ""
' are equal

26-05-2025T07:15:59 - [TEST_STEP][PASSED] - Script1686231490255.WriteToExcel(user, dashboardName, n, data, run, a1, a2, a3, a4, a5, a6, a7, a8, a9): null

26-05-2025T07:15:59 - [TEST_STEP][PASSED] - sheetName = "Sheet1": null

26-05-2025T07:15:59 - [TEST_STEP][PASSED] - workbook01 = getWorkbook(excelFilePath): null

26-05-2025T07:15:59 - [TEST_STEP][PASSED] - sheet01 = getExcelSheet(workbook01, sheetName): null

26-05-2025T07:15:59 - [TEST_STEP][PASSED] - setValueToCellByIndex(sheet01, n, 0, dashboardName): null

26-05-2025T07:15:59 - [TEST_STEP][PASSED] - setValueToCellByIndex(sheet01, n, 10, user): null

26-05-2025T07:15:59 - [TEST_STEP][PASSED] - setValueToCellByIndex(sheet01, n, 1, a1): null

26-05-2025T07:15:59 - [TEST_STEP][PASSED] - setValueToCellByIndex(sheet01, n, 2, a2): null

26-05-2025T07:15:59 - [TEST_STEP][PASSED] - setValueToCellByIndex(sheet01, n, 3, a3): null

26-05-2025T07:15:59 - [TEST_STEP][PASSED] - setValueToCellByIndex(sheet01, n, 4, a4): null

26-05-2025T07:15:59 - [TEST_STEP][PASSED] - setValueToCellByIndex(sheet01, n, 5, a5): null

26-05-2025T07:15:59 - [TEST_STEP][PASSED] - setValueToCellByIndex(sheet01, n, 6, a6): null

26-05-2025T07:15:59 - [TEST_STEP][PASSED] - setValueToCellByIndex(sheet01, n, 7, a7): null

26-05-2025T07:15:59 - [TEST_STEP][PASSED] - setValueToCellByIndex(sheet01, n, 8, a8): null

26-05-2025T07:15:59 - [TEST_STEP][PASSED] - setValueToCellByIndex(sheet01, n, 9, a9): null

26-05-2025T07:15:59 - [TEST_STEP][PASSED] - n = n + 1: null

26-05-2025T07:15:59 - [TEST_STEP][PASSED] - saveWorkbook(excelFilePath, workbook01): null

26-05-2025T07:16:00 - [TEST_STEP][PASSED] - if (run == 3): null

26-05-2025T07:16:00 - [TEST_STEP][PASSED] - closeBrowser(): null

26-05-2025T07:16:00 - [MESSAGE][PASSED] - Browser is closed

26-05-2025T07:16:00 - [TEST_STEP][PASSED] - ViruchkaPoDZO(user, dashboardName, n, data, run, a1, a2, a3, a4, a5, a6, a7, a8, a9, urlData): null

26-05-2025T07:16:00 - [TEST_STEP][PASSED] - n = data.getRowNumbers() + 1: null

26-05-2025T07:16:00 - [TEST_STEP][PASSED] - println(n): null

26-05-2025T07:16:00 - [TEST_STEP][PASSED] - dashboardName = "Выручка по ДЗО": null

26-05-2025T07:16:00 - [TEST_STEP][PASSED] - openBrowser(""): Browser is opened with url: ''

26-05-2025T07:16:00 - [MESSAGE][INFO] - Starting 'Chrome' driver

26-05-2025T07:16:00 - [MESSAGE][INFO] - Action delay is set to 0 milliseconds

26-05-2025T07:16:01 - [MESSAGE][PASSED] - Browser is opened with url: ''

26-05-2025T07:16:01 - [TEST_STEP][PASSED] - urlData = 5: null

26-05-2025T07:16:01 - [TEST_STEP][PASSED] - Script1686231490255.CheckPageDownload(urlData, run): null

26-05-2025T07:16:01 - [TEST_STEP][PASSED] - i = 1: null

26-05-2025T07:16:01 - [TEST_STEP][PASSED] - ii = 0: null

26-05-2025T07:16:01 - [TEST_STEP][PASSED] - urlText = <not implemented yet for class: org.codehaus.groovy.ast.expr.EmptyExpression>: null

26-05-2025T07:16:01 - [TEST_STEP][PASSED] - searchWord = <not implemented yet for class: org.codehaus.groovy.ast.expr.EmptyExpression>: null

26-05-2025T07:16:01 - [TEST_STEP][PASSED] - deleteAllCookies(): Delete all cookies successfully

26-05-2025T07:16:01 - [MESSAGE][PASSED] - Delete all cookies successfully

26-05-2025T07:16:01 - [TEST_STEP][PASSED] - refresh(): Refresh successfully

26-05-2025T07:16:01 - [MESSAGE][PASSED] - Refresh successfully

26-05-2025T07:16:01 - [TEST_STEP][PASSED] - delay(40): Delayed 40 second(s)

26-05-2025T07:16:41 - [MESSAGE][PASSED] - Delayed 40 second(s)

26-05-2025T07:16:41 - [TEST_STEP][PASSED] - navigateToUrl(findTestData("PlanFact").getValue(10, urlData)): Navigate to 'https://bi.rosseti.digital/viewer?dashboardGuid=2301950b23be4ed89c1df75f2020051e&sheetGuid=31530aa0b6664c09b016b7f2ab9d853e&fit=true' successfully

26-05-2025T07:16:44 - [MESSAGE][PASSED] - Navigate to 'https://bi.rosseti.digital/viewer?dashboardGuid=2301950b23be4ed89c1df75f2020051e&sheetGuid=31530aa0b6664c09b016b7f2ab9d853e&fit=true' successfully

26-05-2025T07:16:44 - [TEST_STEP][PASSED] - pageLoaded1 = verifyElementPresent(findTestObject("Страница авторизации/Text"), 30): Object 'Object Repository/Страница авторизации/Text' is present

26-05-2025T07:16:44 - [MESSAGE][PASSED] - Object 'Object Repository/Страница авторизации/Text' is present

26-05-2025T07:16:44 - [TEST_STEP][PASSED] - if (pageLoaded1 == false): null

26-05-2025T07:16:44 - [TEST_STEP][PASSED] - urlText = getText(findTestObject("Страница авторизации/Text")): Text of object 'Object Repository/Страница авторизации/Text' is: 'Вход'

26-05-2025T07:16:45 - [MESSAGE][PASSED] - Text of object 'Object Repository/Страница авторизации/Text' is: 'Вход'

26-05-2025T07:16:45 - [TEST_STEP][PASSED] - delay(40): Delayed 40 second(s)

26-05-2025T07:17:25 - [MESSAGE][PASSED] - Delayed 40 second(s)

26-05-2025T07:17:25 - [TEST_STEP][PASSED] - searchWord = "Вход": null

26-05-2025T07:17:25 - [TEST_STEP][PASSED] - if (urlText.contains(searchWord) == false): null

26-05-2025T07:17:25 - [TEST_STEP][PASSED] - setText(findTestObject("Страница авторизации/input__username"), findTestData("PlanFact").getValue(8, run)): Text 'Petrova-OV' is set on object 'Object Repository/Страница авторизации/input__username'

26-05-2025T07:17:25 - [MESSAGE][PASSED] - Text 'Petrova-OV' is set on object 'Object Repository/Страница авторизации/input__username'

26-05-2025T07:17:25 - [TEST_STEP][PASSED] - setText(findTestObject("Страница авторизации/input__password"), findTestData("PlanFact").getValue(9, run)): Text '4Ex@~R53r&3x&BVe7' is set on object 'Object Repository/Страница авторизации/input__password'

26-05-2025T07:17:26 - [MESSAGE][PASSED] - Text '4Ex@~R53r&3x&BVe7' is set on object 'Object Repository/Страница авторизации/input__password'

26-05-2025T07:17:26 - [TEST_STEP][PASSED] - click(findTestObject("Страница авторизации/button_")): Object: 'Object Repository/Страница авторизации/button_' is clicked on

26-05-2025T07:17:27 - [MESSAGE][PASSED] - Object: 'Object Repository/Страница авторизации/button_' is clicked on

26-05-2025T07:17:27 - [TEST_STEP][PASSED] - delay(40): Delayed 40 second(s)

26-05-2025T07:18:07 - [MESSAGE][PASSED] - Delayed 40 second(s)

26-05-2025T07:18:07 - [TEST_STEP][PASSED] - searchWord = "а": null

26-05-2025T07:18:07 - [TEST_STEP][PASSED] - pageLoaded2 = verifyElementPresent(findTestObject("Страница авторизации/Text"), 50): Object 'Object Repository/Страница авторизации/Text' is present

26-05-2025T07:18:07 - [MESSAGE][PASSED] - Object 'Object Repository/Страница авторизации/Text' is present

26-05-2025T07:18:07 - [TEST_STEP][PASSED] - if (pageLoaded2 == false): null

26-05-2025T07:18:07 - [TEST_STEP][PASSED] - urlText = getText(findTestObject("Страница авторизации/Text")): Text of object 'Object Repository/Страница авторизации/Text' is: 'Период
1 кв. 2025 года
Выручка
Все
ДЗО 
Все
Выручка по ДЗО
Выполнение плановых показателей по ПАО Россети за 1 кв. 2025 года
6 689 6 689
748 748
1 389 1 389
31 428 31 428
21 543 21 543
33 021 33 021
66 175 66 175
12 049 12 049
19 821 19 821
31 646 31 646
3 059 3 059
29 304 29 304
31 312 31 312
84 173 84 173
35 644 35 644
38 734 38 734
20 064 20 064
0 0
6 428 6 428
804 804
1 362 1 362
30 891 30 891
22 329 22 329
33 083 33 083
62 829 62 829
11 778 11 778
19 568 19 568
32 523 32 523
3 002 3 002
26 539 26 539
30 325 30 325
85 844 85 844
34 839 34 839
37 830 37 830
20 053 20 053
3 047 3 047
План
Факт
АО "РЭС"
АО «Тываэнерго»
АО «Чеченэнерго»
Россети Волга
Россети Кубань
Россети Ленэнерго (ГК)
Россети Московский регион
Россети Северный Кавказ (ГК)
Россети Северо-Запад
Россети Сибирь (ГК)
Россети Томск
Россети Тюмень
Россети Урал (ГК)
Россети ФСК ЕЭС
Россети Центр
Россети Центр и Приволжье (ГК)
Россети Юг (ГК)
Россети Янтарь
0 млн. руб.
10 000 млн. руб.
20 000 млн. руб.
30 000 млн. руб.
40 000 млн. руб.
50 000 млн. руб.
60 000 млн. руб.
70 000 млн. руб.
80 000 млн. руб.
90 000 млн. руб.
100 000 млн. руб.
Выполнение плановых показателей по ПАО Россети за 1 кв. 2025 года
1,39%1,39%
0,17%0,17%
0,29%0,29%
6,67%6,67%
4,82%4,82%
7,14%7,14%
13,57%13,57%
2,54%2,54%
4,23%4,23%
7,02%7,02%
0,65%0,65%
5,73%5,73%
6,55%6,55%
18,54%18,54%
7,52%7,52%
8,17%8,17%
4,33%4,33%
0,66%0,66%
АО "РЭС"
АО «Тываэнерго»
АО «Чеченэнерго»
Россети Волга
Россети Кубань
Россети Ленэнерго (ГК)
Россети Московский регион
Россети Северный Кавказ (ГК)
Россети Северо-Запад
Россети Сибирь (ГК)
Россети Томск
Россети Тюмень
Россети Урал (ГК)
Россети ФСК ЕЭС
Россети Центр
Россети Центр и Приволжье (ГК)
Россети Юг (ГК)
Россети Янтарь'

26-05-2025T07:18:08 - [MESSAGE][PASSED] - Text of object 'Object Repository/Страница авторизации/Text' is: 'Период
1 кв. 2025 года
Выручка
Все
ДЗО 
Все
Выручка по ДЗО
Выполнение плановых показателей по ПАО Россети за 1 кв. 2025 года
6 689 6 689
748 748
1 389 1 389
31 428 31 428
21 543 21 543
33 021 33 021
66 175 66 175
12 049 12 049
19 821 19 821
31 646 31 646
3 059 3 059
29 304 29 304
31 312 31 312
84 173 84 173
35 644 35 644
38 734 38 734
20 064 20 064
0 0
6 428 6 428
804 804
1 362 1 362
30 891 30 891
22 329 22 329
33 083 33 083
62 829 62 829
11 778 11 778
19 568 19 568
32 523 32 523
3 002 3 002
26 539 26 539
30 325 30 325
85 844 85 844
34 839 34 839
37 830 37 830
20 053 20 053
3 047 3 047
План
Факт
АО "РЭС"
АО «Тываэнерго»
АО «Чеченэнерго»
Россети Волга
Россети Кубань
Россети Ленэнерго (ГК)
Россети Московский регион
Россети Северный Кавказ (ГК)
Россети Северо-Запад
Россети Сибирь (ГК)
Россети Томск
Россети Тюмень
Россети Урал (ГК)
Россети ФСК ЕЭС
Россети Центр
Россети Центр и Приволжье (ГК)
Россети Юг (ГК)
Россети Янтарь
0 млн. руб.
10 000 млн. руб.
20 000 млн. руб.
30 000 млн. руб.
40 000 млн. руб.
50 000 млн. руб.
60 000 млн. руб.
70 000 млн. руб.
80 000 млн. руб.
90 000 млн. руб.
100 000 млн. руб.
Выполнение плановых показателей по ПАО Россети за 1 кв. 2025 года
1,39%1,39%
0,17%0,17%
0,29%0,29%
6,67%6,67%
4,82%4,82%
7,14%7,14%
13,57%13,57%
2,54%2,54%
4,23%4,23%
7,02%7,02%
0,65%0,65%
5,73%5,73%
6,55%6,55%
18,54%18,54%
7,52%7,52%
8,17%8,17%
4,33%4,33%
0,66%0,66%
АО "РЭС"
АО «Тываэнерго»
АО «Чеченэнерго»
Россети Волга
Россети Кубань
Россети Ленэнерго (ГК)
Россети Московский регион
Россети Северный Кавказ (ГК)
Россети Северо-Запад
Россети Сибирь (ГК)
Россети Томск
Россети Тюмень
Россети Урал (ГК)
Россети ФСК ЕЭС
Россети Центр
Россети Центр и Приволжье (ГК)
Россети Юг (ГК)
Россети Янтарь'

26-05-2025T07:18:08 - [TEST_STEP][PASSED] - if (urlText.contains("ошибка") || urlText.contains(searchWord) == false): null

26-05-2025T07:18:08 - [TEST_STEP][PASSED] - click(findTestObject("Выручка по ДЗО/Фильтр Дата")): Object: 'Object Repository/Выручка по ДЗО/Фильтр Дата' is clicked on

26-05-2025T07:18:08 - [MESSAGE][PASSED] - Object: 'Object Repository/Выручка по ДЗО/Фильтр Дата' is clicked on

26-05-2025T07:18:08 - [TEST_STEP][PASSED] - click(findTestObject("Выручка по ДЗО/Снять выделение в фильтре Дата")): Object: 'Object Repository/Выручка по ДЗО/Снять выделение в фильтре Дата' is clicked on

26-05-2025T07:18:09 - [MESSAGE][PASSED] - Object: 'Object Repository/Выручка по ДЗО/Снять выделение в фильтре Дата' is clicked on

26-05-2025T07:18:09 - [TEST_STEP][PASSED] - click(findTestObject("Выручка по ДЗО/Применить в фильтре Дата")): Object: 'Object Repository/Выручка по ДЗО/Применить в фильтре Дата' is clicked on

26-05-2025T07:18:09 - [MESSAGE][PASSED] - Object: 'Object Repository/Выручка по ДЗО/Применить в фильтре Дата' is clicked on

26-05-2025T07:18:09 - [TEST_STEP][PASSED] - click(findTestObject("Выручка по ДЗО/Фильтр Дата")): Object: 'Object Repository/Выручка по ДЗО/Фильтр Дата' is clicked on

26-05-2025T07:18:11 - [MESSAGE][PASSED] - Object: 'Object Repository/Выручка по ДЗО/Фильтр Дата' is clicked on

26-05-2025T07:18:11 - [TEST_STEP][PASSED] - click(findTestObject("Выручка по ДЗО/Снять выделение в фильтре Дата")): Object: 'Object Repository/Выручка по ДЗО/Снять выделение в фильтре Дата' is clicked on

26-05-2025T07:18:11 - [MESSAGE][PASSED] - Object: 'Object Repository/Выручка по ДЗО/Снять выделение в фильтре Дата' is clicked on

26-05-2025T07:18:11 - [TEST_STEP][PASSED] - scrollToElement(findTestObject("Выручка по ДЗО/2025 список"), 30): Scroll to object 'Object Repository/Выручка по ДЗО/2025 список' successfully

26-05-2025T07:18:12 - [MESSAGE][PASSED] - Scroll to object 'Object Repository/Выручка по ДЗО/2025 список' successfully

26-05-2025T07:18:12 - [TEST_STEP][PASSED] - click(findTestObject("Выручка по ДЗО/2025 список")): Object: 'Object Repository/Выручка по ДЗО/2025 список' is clicked on

26-05-2025T07:18:12 - [MESSAGE][PASSED] - Object: 'Object Repository/Выручка по ДЗО/2025 список' is clicked on

26-05-2025T07:18:12 - [TEST_STEP][PASSED] - scrollToElement(findTestObject("Выручка по ДЗО/1 квартал 2025 список"), 30): Scroll to object 'Object Repository/Выручка по ДЗО/1 квартал 2025 список' successfully

26-05-2025T07:18:12 - [MESSAGE][PASSED] - Scroll to object 'Object Repository/Выручка по ДЗО/1 квартал 2025 список' successfully

26-05-2025T07:18:12 - [TEST_STEP][PASSED] - click(findTestObject("Выручка по ДЗО/1 квартал 2025 выбрать"), CONTINUE_ON_FAILURE): Object: 'Object Repository/Выручка по ДЗО/1 квартал 2025 выбрать' is clicked on

26-05-2025T07:18:13 - [MESSAGE][PASSED] - Object: 'Object Repository/Выручка по ДЗО/1 квартал 2025 выбрать' is clicked on

26-05-2025T07:18:13 - [TEST_STEP][PASSED] - scrollToElement(findTestObject("Выручка по ДЗО/Заголовок дашборда"), 30): Scroll to object 'Object Repository/Выручка по ДЗО/Заголовок дашборда' successfully

26-05-2025T07:18:13 - [MESSAGE][PASSED] - Scroll to object 'Object Repository/Выручка по ДЗО/Заголовок дашборда' successfully

26-05-2025T07:18:13 - [TEST_STEP][PASSED] - click(findTestObject("Выручка по ДЗО/Применить в фильтре Дата")): Object: 'Object Repository/Выручка по ДЗО/Применить в фильтре Дата' is clicked on

26-05-2025T07:18:14 - [MESSAGE][PASSED] - Object: 'Object Repository/Выручка по ДЗО/Применить в фильтре Дата' is clicked on

26-05-2025T07:18:14 - [TEST_STEP][PASSED] - a3 = "": null

26-05-2025T07:18:14 - [TEST_STEP][PASSED] - a4 = "": null

26-05-2025T07:18:14 - [TEST_STEP][PASSED] - a5 = "": null

26-05-2025T07:18:14 - [TEST_STEP][PASSED] - a6 = "": null

26-05-2025T07:18:14 - [TEST_STEP][PASSED] - a7 = "": null

26-05-2025T07:18:14 - [TEST_STEP][PASSED] - a8 = "": null

26-05-2025T07:18:14 - [TEST_STEP][PASSED] - a9 = "": null

26-05-2025T07:18:14 - [TEST_STEP][PASSED] - if (run == 1): null

26-05-2025T07:18:14 - [TEST_STEP][PASSED] - if (run == 2): null

26-05-2025T07:18:14 - [TEST_STEP][PASSED] - if (run == 3): null

26-05-2025T07:18:14 - [TEST_STEP][PASSED] - user = "Попова": null

26-05-2025T07:18:14 - [TEST_STEP][PASSED] - a1 = getText(findTestObject("Выручка по ДЗО/График1 Выполнение плановых показателей Блок руководителя")): Text of object 'Object Repository/Выручка по ДЗО/График1 Выполнение плановых показателей Блок руководителя' is: '6 689 6 689
748 748
1 389 1 389
31 428 31 428
21 543 21 543
33 021 33 021
66 175 66 175
12 049 12 049
19 821 19 821
31 646 31 646
3 059 3 059
29 304 29 304
31 312 31 312
84 173 84 173
35 644 35 644
38 734 38 734
20 064 20 064
0 0
6 428 6 428
804 804
1 362 1 362
30 891 30 891
22 329 22 329
33 083 33 083
62 829 62 829
11 778 11 778
19 568 19 568
32 523 32 523
3 002 3 002
26 539 26 539
30 325 30 325
85 844 85 844
34 839 34 839
37 830 37 830
20 053 20 053
3 047 3 047
План
Факт
АО "РЭС"
АО «Тываэнерго»
АО «Чеченэнерго»
Россети Волга
Россети Кубань
Россети Ленэнерго (ГК)
Россети Московский регион
Россети Северный Кавказ (ГК)
Россети Северо-Запад
Россети Сибирь (ГК)
Россети Томск
Россети Тюмень
Россети Урал (ГК)
Россети ФСК ЕЭС
Россети Центр
Россети Центр и Приволжье (ГК)
Россети Юг (ГК)
Россети Янтарь
0 млн. руб.
10 000 млн. руб.
20 000 млн. руб.
30 000 млн. руб.
40 000 млн. руб.
50 000 млн. руб.
60 000 млн. руб.
70 000 млн. руб.
80 000 млн. руб.
90 000 млн. руб.
100 000 млн. руб.'

26-05-2025T07:18:15 - [MESSAGE][PASSED] - Text of object 'Object Repository/Выручка по ДЗО/График1 Выполнение плановых показателей Блок руководителя' is: '6 689 6 689
748 748
1 389 1 389
31 428 31 428
21 543 21 543
33 021 33 021
66 175 66 175
12 049 12 049
19 821 19 821
31 646 31 646
3 059 3 059
29 304 29 304
31 312 31 312
84 173 84 173
35 644 35 644
38 734 38 734
20 064 20 064
0 0
6 428 6 428
804 804
1 362 1 362
30 891 30 891
22 329 22 329
33 083 33 083
62 829 62 829
11 778 11 778
19 568 19 568
32 523 32 523
3 002 3 002
26 539 26 539
30 325 30 325
85 844 85 844
34 839 34 839
37 830 37 830
20 053 20 053
3 047 3 047
План
Факт
АО "РЭС"
АО «Тываэнерго»
АО «Чеченэнерго»
Россети Волга
Россети Кубань
Россети Ленэнерго (ГК)
Россети Московский регион
Россети Северный Кавказ (ГК)
Россети Северо-Запад
Россети Сибирь (ГК)
Россети Томск
Россети Тюмень
Россети Урал (ГК)
Россети ФСК ЕЭС
Россети Центр
Россети Центр и Приволжье (ГК)
Россети Юг (ГК)
Россети Янтарь
0 млн. руб.
10 000 млн. руб.
20 000 млн. руб.
30 000 млн. руб.
40 000 млн. руб.
50 000 млн. руб.
60 000 млн. руб.
70 000 млн. руб.
80 000 млн. руб.
90 000 млн. руб.
100 000 млн. руб.'

26-05-2025T07:18:15 - [TEST_STEP][PASSED] - a2 = getText(findTestObject("Выручка по ДЗО/График2 Выполнение плановых показателей Блок руководителя")): Text of object 'Object Repository/Выручка по ДЗО/График2 Выполнение плановых показателей Блок руководителя' is: '1,39%1,39%
0,17%0,17%
0,29%0,29%
6,67%6,67%
4,82%4,82%
7,14%7,14%
13,57%13,57%
2,54%2,54%
4,23%4,23%
7,02%7,02%
0,65%0,65%
5,73%5,73%
6,55%6,55%
18,54%18,54%
7,52%7,52%
8,17%8,17%
4,33%4,33%
0,66%0,66%
АО "РЭС"
АО «Тываэнерго»
АО «Чеченэнерго»
Россети Волга
Россети Кубань
Россети Ленэнерго (ГК)
Россети Московский регион
Россети Северный Кавказ (ГК)
Россети Северо-Запад
Россети Сибирь (ГК)
Россети Томск
Россети Тюмень
Россети Урал (ГК)
Россети ФСК ЕЭС
Россети Центр
Россети Центр и Приволжье (ГК)
Россети Юг (ГК)
Россети Янтарь
Россети Центр и Приволжье (ГК): 37 829 526,4'

26-05-2025T07:18:15 - [MESSAGE][PASSED] - Text of object 'Object Repository/Выручка по ДЗО/График2 Выполнение плановых показателей Блок руководителя' is: '1,39%1,39%
0,17%0,17%
0,29%0,29%
6,67%6,67%
4,82%4,82%
7,14%7,14%
13,57%13,57%
2,54%2,54%
4,23%4,23%
7,02%7,02%
0,65%0,65%
5,73%5,73%
6,55%6,55%
18,54%18,54%
7,52%7,52%
8,17%8,17%
4,33%4,33%
0,66%0,66%
АО "РЭС"
АО «Тываэнерго»
АО «Чеченэнерго»
Россети Волга
Россети Кубань
Россети Ленэнерго (ГК)
Россети Московский регион
Россети Северный Кавказ (ГК)
Россети Северо-Запад
Россети Сибирь (ГК)
Россети Томск
Россети Тюмень
Россети Урал (ГК)
Россети ФСК ЕЭС
Россети Центр
Россети Центр и Приволжье (ГК)
Россети Юг (ГК)
Россети Янтарь
Россети Центр и Приволжье (ГК): 37 829 526,4'

26-05-2025T07:18:15 - [TEST_STEP][PASSED] - a2 = indexOf("АО «Тываэнерго»")).replaceAll("[а-яА-Я]", ""): null

26-05-2025T07:18:15 - [TEST_STEP][PASSED] - n = n + 29: null

26-05-2025T07:18:15 - [TEST_STEP][PASSED] - b = n - run + 1: null

26-05-2025T07:18:15 - [TEST_STEP][PASSED] - verifyEqual(findTestData("PlanFact").getValue(2, b), a1): Actual object '6 689 6 689
748 748
1 389 1 389
31 428 31 428
21 543 21 543
33 021 33 021
66 175 66 175
12 049 12 049
19 821 19 821
31 646 31 646
3 059 3 059
29 304 29 304
31 312 31 312
84 173 84 173
35 644 35 644
38 734 38 734
20 064 20 064
0 0
6 428 6 428
804 804
1 362 1 362
30 891 30 891
22 329 22 329
33 083 33 083
62 829 62 829
11 778 11 778
19 568 19 568
32 523 32 523
3 002 3 002
26 539 26 539
30 325 30 325
85 844 85 844
34 839 34 839
37 830 37 830
20 053 20 053
3 047 3 047
План
Факт
АО "РЭС"
АО «Тываэнерго»
АО «Чеченэнерго»
Россети Волга
Россети Кубань
Россети Ленэнерго (ГК)
Россети Московский регион
Россети Северный Кавказ (ГК)
Россети Северо-Запад
Россети Сибирь (ГК)
Россети Томск
Россети Тюмень
Россети Урал (ГК)
Россети ФСК ЕЭС
Россети Центр
Россети Центр и Приволжье (ГК)
Россети Юг (ГК)
Россети Янтарь
0 млн. руб.
10 000 млн. руб.
20 000 млн. руб.
30 000 млн. руб.
40 000 млн. руб.
50 000 млн. руб.
60 000 млн. руб.
70 000 млн. руб.
80 000 млн. руб.
90 000 млн. руб.
100 000 млн. руб.' and expected object '6 689 6 689
748 748
1 389 1 389
31 428 31 428
21 543 21 543
33 021 33 021
66 175 66 175
12 049 12 049
19 821 19 821
31 646 31 646
3 059 3 059
29 304 29 304
31 312 31 312
84 173 84 173
35 644 35 644
38 734 38 734
20 064 20 064
0 0
6 428 6 428
804 804
1 362 1 362
30 891 30 891
22 329 22 329
33 083 33 083
62 829 62 829
11 778 11 778
19 568 19 568
32 523 32 523
3 002 3 002
26 539 26 539
30 325 30 325
85 844 85 844
34 839 34 839
37 830 37 830
20 053 20 053
3 047 3 047
План
Факт
АО "РЭС"
АО «Тываэнерго»
АО «Чеченэнерго»
Россети Волга
Россети Кубань
Россети Ленэнерго (ГК)
Россети Московский регион
Россети Северный Кавказ (ГК)
Россети Северо-Запад
Россети Сибирь (ГК)
Россети Томск
Россети Тюмень
Россети Урал (ГК)
Россети ФСК ЕЭС
Россети Центр
Россети Центр и Приволжье (ГК)
Россети Юг (ГК)
Россети Янтарь
0 млн. руб.
10 000 млн. руб.
20 000 млн. руб.
30 000 млн. руб.
40 000 млн. руб.
50 000 млн. руб.
60 000 млн. руб.
70 000 млн. руб.
80 000 млн. руб.
90 000 млн. руб.
100 000 млн. руб.' are equal

26-05-2025T07:18:15 - [MESSAGE][PASSED] - Actual object '6 689 6 689
748 748
1 389 1 389
31 428 31 428
21 543 21 543
33 021 33 021
66 175 66 175
12 049 12 049
19 821 19 821
31 646 31 646
3 059 3 059
29 304 29 304
31 312 31 312
84 173 84 173
35 644 35 644
38 734 38 734
20 064 20 064
0 0
6 428 6 428
804 804
1 362 1 362
30 891 30 891
22 329 22 329
33 083 33 083
62 829 62 829
11 778 11 778
19 568 19 568
32 523 32 523
3 002 3 002
26 539 26 539
30 325 30 325
85 844 85 844
34 839 34 839
37 830 37 830
20 053 20 053
3 047 3 047
План
Факт
АО "РЭС"
АО «Тываэнерго»
АО «Чеченэнерго»
Россети Волга
Россети Кубань
Россети Ленэнерго (ГК)
Россети Московский регион
Россети Северный Кавказ (ГК)
Россети Северо-Запад
Россети Сибирь (ГК)
Россети Томск
Россети Тюмень
Россети Урал (ГК)
Россети ФСК ЕЭС
Россети Центр
Россети Центр и Приволжье (ГК)
Россети Юг (ГК)
Россети Янтарь
0 млн. руб.
10 000 млн. руб.
20 000 млн. руб.
30 000 млн. руб.
40 000 млн. руб.
50 000 млн. руб.
60 000 млн. руб.
70 000 млн. руб.
80 000 млн. руб.
90 000 млн. руб.
100 000 млн. руб.' and expected object '6 689 6 689
748 748
1 389 1 389
31 428 31 428
21 543 21 543
33 021 33 021
66 175 66 175
12 049 12 049
19 821 19 821
31 646 31 646
3 059 3 059
29 304 29 304
31 312 31 312
84 173 84 173
35 644 35 644
38 734 38 734
20 064 20 064
0 0
6 428 6 428
804 804
1 362 1 362
30 891 30 891
22 329 22 329
33 083 33 083
62 829 62 829
11 778 11 778
19 568 19 568
32 523 32 523
3 002 3 002
26 539 26 539
30 325 30 325
85 844 85 844
34 839 34 839
37 830 37 830
20 053 20 053
3 047 3 047
План
Факт
АО "РЭС"
АО «Тываэнерго»
АО «Чеченэнерго»
Россети Волга
Россети Кубань
Россети Ленэнерго (ГК)
Россети Московский регион
Россети Северный Кавказ (ГК)
Россети Северо-Запад
Россети Сибирь (ГК)
Россети Томск
Россети Тюмень
Россети Урал (ГК)
Россети ФСК ЕЭС
Россети Центр
Россети Центр и Приволжье (ГК)
Россети Юг (ГК)
Россети Янтарь
0 млн. руб.
10 000 млн. руб.
20 000 млн. руб.
30 000 млн. руб.
40 000 млн. руб.
50 000 млн. руб.
60 000 млн. руб.
70 000 млн. руб.
80 000 млн. руб.
90 000 млн. руб.
100 000 млн. руб.' are equal

26-05-2025T07:18:15 - [TEST_STEP][PASSED] - verifyEqual(findTestData("PlanFact").getValue(3, b), a2): Actual object '1,39%1,39%
0,17%0,17%
0,29%0,29%
6,67%6,67%
4,82%4,82%
7,14%7,14%
13,57%13,57%
2,54%2,54%
4,23%4,23%
7,02%7,02%
0,65%0,65%
5,73%5,73%
6,55%6,55%
18,54%18,54%
7,52%7,52%
8,17%8,17%
4,33%4,33%
0,66%0,66%
 ""
' and expected object '1,39%1,39%
0,17%0,17%
0,29%0,29%
6,67%6,67%
4,82%4,82%
7,14%7,14%
13,57%13,57%
2,54%2,54%
4,23%4,23%
7,02%7,02%
0,65%0,65%
5,73%5,73%
6,55%6,55%
18,54%18,54%
7,52%7,52%
8,17%8,17%
4,33%4,33%
0,66%0,66%
 ""
' are equal

26-05-2025T07:18:15 - [MESSAGE][PASSED] - Actual object '1,39%1,39%
0,17%0,17%
0,29%0,29%
6,67%6,67%
4,82%4,82%
7,14%7,14%
13,57%13,57%
2,54%2,54%
4,23%4,23%
7,02%7,02%
0,65%0,65%
5,73%5,73%
6,55%6,55%
18,54%18,54%
7,52%7,52%
8,17%8,17%
4,33%4,33%
0,66%0,66%
 ""
' and expected object '1,39%1,39%
0,17%0,17%
0,29%0,29%
6,67%6,67%
4,82%4,82%
7,14%7,14%
13,57%13,57%
2,54%2,54%
4,23%4,23%
7,02%7,02%
0,65%0,65%
5,73%5,73%
6,55%6,55%
18,54%18,54%
7,52%7,52%
8,17%8,17%
4,33%4,33%
0,66%0,66%
 ""
' are equal

26-05-2025T07:18:15 - [TEST_STEP][PASSED] - Script1686231490255.WriteToExcel(user, dashboardName, n, data, run, a1, a2, a3, a4, a5, a6, a7, a8, a9): null

26-05-2025T07:18:15 - [TEST_STEP][PASSED] - sheetName = "Sheet1": null

26-05-2025T07:18:15 - [TEST_STEP][PASSED] - workbook01 = getWorkbook(excelFilePath): null

26-05-2025T07:18:15 - [TEST_STEP][PASSED] - sheet01 = getExcelSheet(workbook01, sheetName): null

26-05-2025T07:18:15 - [TEST_STEP][PASSED] - setValueToCellByIndex(sheet01, n, 0, dashboardName): null

26-05-2025T07:18:15 - [TEST_STEP][PASSED] - setValueToCellByIndex(sheet01, n, 10, user): null

26-05-2025T07:18:15 - [TEST_STEP][PASSED] - setValueToCellByIndex(sheet01, n, 1, a1): null

26-05-2025T07:18:15 - [TEST_STEP][PASSED] - setValueToCellByIndex(sheet01, n, 2, a2): null

26-05-2025T07:18:15 - [TEST_STEP][PASSED] - setValueToCellByIndex(sheet01, n, 3, a3): null

26-05-2025T07:18:15 - [TEST_STEP][PASSED] - setValueToCellByIndex(sheet01, n, 4, a4): null

26-05-2025T07:18:15 - [TEST_STEP][PASSED] - setValueToCellByIndex(sheet01, n, 5, a5): null

26-05-2025T07:18:15 - [TEST_STEP][PASSED] - setValueToCellByIndex(sheet01, n, 6, a6): null

26-05-2025T07:18:15 - [TEST_STEP][PASSED] - setValueToCellByIndex(sheet01, n, 7, a7): null

26-05-2025T07:18:15 - [TEST_STEP][PASSED] - setValueToCellByIndex(sheet01, n, 8, a8): null

26-05-2025T07:18:15 - [TEST_STEP][PASSED] - setValueToCellByIndex(sheet01, n, 9, a9): null

26-05-2025T07:18:15 - [TEST_STEP][PASSED] - n = n + 1: null

26-05-2025T07:18:15 - [TEST_STEP][PASSED] - saveWorkbook(excelFilePath, workbook01): null

26-05-2025T07:18:15 - [TEST_STEP][PASSED] - closeBrowser(): Browser is closed

26-05-2025T07:18:16 - [MESSAGE][PASSED] - Browser is closed

26-05-2025T07:18:16 - [TEST_STEP][PASSED] - delay(40): Delayed 40 second(s)

26-05-2025T07:18:56 - [MESSAGE][PASSED] - Delayed 40 second(s)

26-05-2025T07:18:56 - [TEST_STEP][PASSED] - for ([run = 1, run < 4, (run++)]): null

26-05-2025T07:18:56 - [TEST_STEP][PASSED] - PrognozPoDZO(user, dashboardName, n, data, run, a1, a2, a3, a4, a5, a6, a7, a8, a9, urlData): null

26-05-2025T07:18:56 - [TEST_STEP][PASSED] - n = data.getRowNumbers() + 1: null

26-05-2025T07:18:56 - [TEST_STEP][PASSED] - println(n): null

26-05-2025T07:18:56 - [TEST_STEP][PASSED] - dashboardName = "Прогноз по ДЗО": null

26-05-2025T07:18:56 - [TEST_STEP][PASSED] - openBrowser(""): Browser is opened with url: ''

26-05-2025T07:18:56 - [MESSAGE][INFO] - Starting 'Chrome' driver

26-05-2025T07:18:56 - [MESSAGE][INFO] - Action delay is set to 0 milliseconds

26-05-2025T07:18:56 - [MESSAGE][PASSED] - Browser is opened with url: ''

26-05-2025T07:18:56 - [TEST_STEP][PASSED] - urlData = 19: null

26-05-2025T07:18:56 - [TEST_STEP][PASSED] - Script1686231490255.CheckPageDownload(urlData, run): null

26-05-2025T07:18:56 - [TEST_STEP][PASSED] - i = 1: null

26-05-2025T07:18:56 - [TEST_STEP][PASSED] - ii = 0: null

26-05-2025T07:18:56 - [TEST_STEP][PASSED] - urlText = <not implemented yet for class: org.codehaus.groovy.ast.expr.EmptyExpression>: null

26-05-2025T07:18:56 - [TEST_STEP][PASSED] - searchWord = <not implemented yet for class: org.codehaus.groovy.ast.expr.EmptyExpression>: null

26-05-2025T07:18:56 - [TEST_STEP][PASSED] - deleteAllCookies(): Delete all cookies successfully

26-05-2025T07:18:56 - [MESSAGE][PASSED] - Delete all cookies successfully

26-05-2025T07:18:56 - [TEST_STEP][PASSED] - refresh(): Refresh successfully

26-05-2025T07:18:57 - [MESSAGE][PASSED] - Refresh successfully

26-05-2025T07:18:57 - [TEST_STEP][PASSED] - delay(40): Delayed 40 second(s)

26-05-2025T07:19:37 - [MESSAGE][PASSED] - Delayed 40 second(s)

26-05-2025T07:19:37 - [TEST_STEP][PASSED] - navigateToUrl(findTestData("PlanFact").getValue(10, urlData)): Navigate to 'https://bi.rosseti.digital/viewer?dashboardGuid=d6acb5b1a7114a9791b34de39263106e&sheetGuid=752a4d1009e74632abe0071aea7fa3c6&fit=true' successfully

26-05-2025T07:19:38 - [MESSAGE][PASSED] - Navigate to 'https://bi.rosseti.digital/viewer?dashboardGuid=d6acb5b1a7114a9791b34de39263106e&sheetGuid=752a4d1009e74632abe0071aea7fa3c6&fit=true' successfully

26-05-2025T07:19:38 - [TEST_STEP][PASSED] - pageLoaded1 = verifyElementPresent(findTestObject("Страница авторизации/Text"), 30): Object 'Object Repository/Страница авторизации/Text' is present

26-05-2025T07:19:39 - [MESSAGE][PASSED] - Object 'Object Repository/Страница авторизации/Text' is present

26-05-2025T07:19:39 - [TEST_STEP][PASSED] - if (pageLoaded1 == false): null

26-05-2025T07:19:39 - [TEST_STEP][PASSED] - urlText = getText(findTestObject("Страница авторизации/Text")): Text of object 'Object Repository/Страница авторизации/Text' is: 'Вход'

26-05-2025T07:19:40 - [MESSAGE][PASSED] - Text of object 'Object Repository/Страница авторизации/Text' is: 'Вход'

26-05-2025T07:19:40 - [TEST_STEP][PASSED] - delay(40): Delayed 40 second(s)

26-05-2025T07:20:20 - [MESSAGE][PASSED] - Delayed 40 second(s)

26-05-2025T07:20:20 - [TEST_STEP][PASSED] - searchWord = "Вход": null

26-05-2025T07:20:20 - [TEST_STEP][PASSED] - if (urlText.contains(searchWord) == false): null

26-05-2025T07:20:20 - [TEST_STEP][PASSED] - setText(findTestObject("Страница авторизации/input__username"), findTestData("PlanFact").getValue(8, run)): Text 'liazgina-di' is set on object 'Object Repository/Страница авторизации/input__username'

26-05-2025T07:20:20 - [MESSAGE][PASSED] - Text 'liazgina-di' is set on object 'Object Repository/Страница авторизации/input__username'

26-05-2025T07:20:20 - [TEST_STEP][PASSED] - setText(findTestObject("Страница авторизации/input__password"), findTestData("PlanFact").getValue(9, run)): Text ')$%5srZ8o688Dm#q' is set on object 'Object Repository/Страница авторизации/input__password'

26-05-2025T07:20:21 - [MESSAGE][PASSED] - Text ')$%5srZ8o688Dm#q' is set on object 'Object Repository/Страница авторизации/input__password'

26-05-2025T07:20:21 - [TEST_STEP][PASSED] - click(findTestObject("Страница авторизации/button_")): Object: 'Object Repository/Страница авторизации/button_' is clicked on

26-05-2025T07:20:22 - [MESSAGE][PASSED] - Object: 'Object Repository/Страница авторизации/button_' is clicked on

26-05-2025T07:20:22 - [TEST_STEP][PASSED] - delay(40): Delayed 40 second(s)

26-05-2025T07:21:02 - [MESSAGE][PASSED] - Delayed 40 second(s)

26-05-2025T07:21:02 - [TEST_STEP][PASSED] - searchWord = "а": null

26-05-2025T07:21:02 - [TEST_STEP][PASSED] - pageLoaded2 = verifyElementPresent(findTestObject("Страница авторизации/Text"), 50): Object 'Object Repository/Страница авторизации/Text' is present

26-05-2025T07:21:02 - [MESSAGE][PASSED] - Object 'Object Repository/Страница авторизации/Text' is present

26-05-2025T07:21:02 - [TEST_STEP][PASSED] - if (pageLoaded2 == false): null

26-05-2025T07:21:02 - [TEST_STEP][PASSED] - urlText = getText(findTestObject("Страница авторизации/Text")): Text of object 'Object Repository/Страница авторизации/Text' is: 'Сравнение с 
План
абс.
%
Отклонения по ПАО Россети на 2025 год
⬤ Отклонение, %
Выручка отклонения по ПАО Россети на 2025 год
⬤ Отклонение, %
Год 
2025 год
Динамика электропотребления, млрд. кВт.ч.
У виджета нет данных
Выручка, млрд. руб.
У виджета нет данных
Прогноз на месяц 
Ноябрь
КПО/Отпуск из сети 
Отпуск из сети, млн. кВт.ч
Организация 
Все

Прогноз электропотребления и выручки за услуги по передаче в разрезе ДЗО'

26-05-2025T07:21:03 - [MESSAGE][PASSED] - Text of object 'Object Repository/Страница авторизации/Text' is: 'Сравнение с 
План
абс.
%
Отклонения по ПАО Россети на 2025 год
⬤ Отклонение, %
Выручка отклонения по ПАО Россети на 2025 год
⬤ Отклонение, %
Год 
2025 год
Динамика электропотребления, млрд. кВт.ч.
У виджета нет данных
Выручка, млрд. руб.
У виджета нет данных
Прогноз на месяц 
Ноябрь
КПО/Отпуск из сети 
Отпуск из сети, млн. кВт.ч
Организация 
Все

Прогноз электропотребления и выручки за услуги по передаче в разрезе ДЗО'

26-05-2025T07:21:03 - [TEST_STEP][PASSED] - if (urlText.contains("ошибка") || urlText.contains(searchWord) == false): null

26-05-2025T07:21:03 - [TEST_STEP][PASSED] - a3 = "": null

26-05-2025T07:21:03 - [TEST_STEP][PASSED] - a4 = "": null

26-05-2025T07:21:03 - [TEST_STEP][PASSED] - a5 = "": null

26-05-2025T07:21:03 - [TEST_STEP][PASSED] - a6 = "": null

26-05-2025T07:21:03 - [TEST_STEP][PASSED] - a7 = "": null

26-05-2025T07:21:03 - [TEST_STEP][PASSED] - a8 = "": null

26-05-2025T07:21:03 - [TEST_STEP][PASSED] - a9 = "": null

26-05-2025T07:21:03 - [TEST_STEP][PASSED] - if (run == 1): null

26-05-2025T07:21:03 - [TEST_STEP][PASSED] - user = "админ": null

26-05-2025T07:21:03 - [TEST_STEP][PASSED] - a1 = getText(findTestObject("Прогноз по ДЗО/График1")): Text of object 'Object Repository/Прогноз по ДЗО/График1' is: 'Динамика электропотребления, млрд. кВт.ч.
У виджета нет данных'

26-05-2025T07:21:03 - [MESSAGE][PASSED] - Text of object 'Object Repository/Прогноз по ДЗО/График1' is: 'Динамика электропотребления, млрд. кВт.ч.
У виджета нет данных'

26-05-2025T07:21:03 - [TEST_STEP][PASSED] - i = a1.indexOf("по ПАО Россети на 2023 год"): null

26-05-2025T07:21:03 - [TEST_STEP][PASSED] - if (i > -1): null

26-05-2025T07:21:03 - [TEST_STEP][PASSED] - i = a1.indexOf("Динамика электропотребления, млн. кВт.ч."): null

26-05-2025T07:21:03 - [TEST_STEP][PASSED] - if (i > -1): null

26-05-2025T07:21:03 - [TEST_STEP][PASSED] - a1 = a1.trim(): null

26-05-2025T07:21:03 - [TEST_STEP][PASSED] - a2 = getText(findTestObject("Прогноз по ДЗО/График2")): Text of object 'Object Repository/Прогноз по ДЗО/График2' is: 'Выручка, млрд. руб.
У виджета нет данных'

26-05-2025T07:21:03 - [MESSAGE][PASSED] - Text of object 'Object Repository/Прогноз по ДЗО/График2' is: 'Выручка, млрд. руб.
У виджета нет данных'

26-05-2025T07:21:03 - [TEST_STEP][PASSED] - a3 = getText(findTestObject("Прогноз по ДЗО/График3")): Text of object 'Object Repository/Прогноз по ДЗО/График3' is: 'Отклонения по ПАО Россети на 2025 год
⬤ Отклонение, %'

26-05-2025T07:21:04 - [MESSAGE][PASSED] - Text of object 'Object Repository/Прогноз по ДЗО/График3' is: 'Отклонения по ПАО Россети на 2025 год
⬤ Отклонение, %'

26-05-2025T07:21:04 - [TEST_STEP][PASSED] - a4 = getText(findTestObject("Прогноз по ДЗО/График4")): Text of object 'Object Repository/Прогноз по ДЗО/График4' is: 'Выручка отклонения по ПАО Россети на 2025 год
⬤ Отклонение, %'

26-05-2025T07:21:04 - [MESSAGE][PASSED] - Text of object 'Object Repository/Прогноз по ДЗО/График4' is: 'Выручка отклонения по ПАО Россети на 2025 год
⬤ Отклонение, %'

26-05-2025T07:21:04 - [TEST_STEP][PASSED] - click(findTestObject("Прогноз по ДЗО/Переключить отображение с процентов на абс Блок руководителя")): Object: 'Object Repository/Прогноз по ДЗО/Переключить отображение с процентов на абс Блок руководителя' is clicked on

26-05-2025T07:21:04 - [MESSAGE][PASSED] - Object: 'Object Repository/Прогноз по ДЗО/Переключить отображение с процентов на абс Блок руководителя' is clicked on

26-05-2025T07:21:04 - [TEST_STEP][PASSED] - a5 = getText(findTestObject("Прогноз по ДЗО/График5")): Text of object 'Object Repository/Прогноз по ДЗО/График5' is: 'Отклонения по ПАО Россети на 2025 год
⬤ Отклонение, млн. кВт.ч'

26-05-2025T07:21:05 - [MESSAGE][PASSED] - Text of object 'Object Repository/Прогноз по ДЗО/График5' is: 'Отклонения по ПАО Россети на 2025 год
⬤ Отклонение, млн. кВт.ч'

26-05-2025T07:21:05 - [TEST_STEP][PASSED] - a6 = getText(findTestObject("Прогноз по ДЗО/График6")): Text of object 'Object Repository/Прогноз по ДЗО/График6' is: 'Выручка отклонения по ПАО Россети на 2025 год
⬤ Отклонение, млн. руб'

26-05-2025T07:21:05 - [MESSAGE][PASSED] - Text of object 'Object Repository/Прогноз по ДЗО/График6' is: 'Выручка отклонения по ПАО Россети на 2025 год
⬤ Отклонение, млн. руб'

26-05-2025T07:21:05 - [TEST_STEP][PASSED] - click(findTestObject("Прогноз по ДЗО/Переключить отображение с абс на проценты")): Object: 'Object Repository/Прогноз по ДЗО/Переключить отображение с абс на проценты' is clicked on

26-05-2025T07:21:05 - [MESSAGE][PASSED] - Object: 'Object Repository/Прогноз по ДЗО/Переключить отображение с абс на проценты' is clicked on

26-05-2025T07:21:05 - [TEST_STEP][PASSED] - n = n + 30: null

26-05-2025T07:21:05 - [TEST_STEP][PASSED] - Script1686231490255.WriteToExcel(user, dashboardName, n, data, run, a1, a2, a3, a4, a5, a6, a7, a8, a9): null

26-05-2025T07:21:05 - [TEST_STEP][PASSED] - sheetName = "Sheet1": null

26-05-2025T07:21:05 - [TEST_STEP][PASSED] - workbook01 = getWorkbook(excelFilePath): null

26-05-2025T07:21:05 - [TEST_STEP][PASSED] - sheet01 = getExcelSheet(workbook01, sheetName): null

26-05-2025T07:21:05 - [TEST_STEP][PASSED] - setValueToCellByIndex(sheet01, n, 0, dashboardName): null

26-05-2025T07:21:05 - [TEST_STEP][PASSED] - setValueToCellByIndex(sheet01, n, 10, user): null

26-05-2025T07:21:05 - [TEST_STEP][PASSED] - setValueToCellByIndex(sheet01, n, 1, a1): null

26-05-2025T07:21:05 - [TEST_STEP][PASSED] - setValueToCellByIndex(sheet01, n, 2, a2): null

26-05-2025T07:21:05 - [TEST_STEP][PASSED] - setValueToCellByIndex(sheet01, n, 3, a3): null

26-05-2025T07:21:05 - [TEST_STEP][PASSED] - setValueToCellByIndex(sheet01, n, 4, a4): null

26-05-2025T07:21:05 - [TEST_STEP][PASSED] - setValueToCellByIndex(sheet01, n, 5, a5): null

26-05-2025T07:21:05 - [TEST_STEP][PASSED] - setValueToCellByIndex(sheet01, n, 6, a6): null

26-05-2025T07:21:05 - [TEST_STEP][PASSED] - setValueToCellByIndex(sheet01, n, 7, a7): null

26-05-2025T07:21:05 - [TEST_STEP][PASSED] - setValueToCellByIndex(sheet01, n, 8, a8): null

26-05-2025T07:21:05 - [TEST_STEP][PASSED] - setValueToCellByIndex(sheet01, n, 9, a9): null

26-05-2025T07:21:05 - [TEST_STEP][PASSED] - n = n + 1: null

26-05-2025T07:21:05 - [TEST_STEP][PASSED] - saveWorkbook(excelFilePath, workbook01): null

26-05-2025T07:21:06 - [TEST_STEP][PASSED] - if (run == 2): null

26-05-2025T07:21:06 - [TEST_STEP][PASSED] - if (run == 3): null

26-05-2025T07:21:06 - [TEST_STEP][PASSED] - closeBrowser(): null

26-05-2025T07:21:06 - [MESSAGE][PASSED] - Browser is closed

26-05-2025T07:21:06 - [TEST_STEP][PASSED] - PrognozPoDZO(user, dashboardName, n, data, run, a1, a2, a3, a4, a5, a6, a7, a8, a9, urlData): null

26-05-2025T07:21:06 - [TEST_STEP][PASSED] - n = data.getRowNumbers() + 1: null

26-05-2025T07:21:06 - [TEST_STEP][PASSED] - println(n): null

26-05-2025T07:21:06 - [TEST_STEP][PASSED] - dashboardName = "Прогноз по ДЗО": null

26-05-2025T07:21:06 - [TEST_STEP][PASSED] - openBrowser(""): Browser is opened with url: ''

26-05-2025T07:21:06 - [MESSAGE][INFO] - Starting 'Chrome' driver

26-05-2025T07:21:06 - [MESSAGE][INFO] - Action delay is set to 0 milliseconds

26-05-2025T07:21:07 - [MESSAGE][PASSED] - Browser is opened with url: ''

26-05-2025T07:21:07 - [TEST_STEP][PASSED] - urlData = 19: null

26-05-2025T07:21:07 - [TEST_STEP][PASSED] - Script1686231490255.CheckPageDownload(urlData, run): null

26-05-2025T07:21:07 - [TEST_STEP][PASSED] - i = 1: null

26-05-2025T07:21:07 - [TEST_STEP][PASSED] - ii = 0: null

26-05-2025T07:21:07 - [TEST_STEP][PASSED] - urlText = <not implemented yet for class: org.codehaus.groovy.ast.expr.EmptyExpression>: null

26-05-2025T07:21:07 - [TEST_STEP][PASSED] - searchWord = <not implemented yet for class: org.codehaus.groovy.ast.expr.EmptyExpression>: null

26-05-2025T07:21:07 - [TEST_STEP][PASSED] - deleteAllCookies(): Delete all cookies successfully

26-05-2025T07:21:07 - [MESSAGE][PASSED] - Delete all cookies successfully

26-05-2025T07:21:07 - [TEST_STEP][PASSED] - refresh(): Refresh successfully

26-05-2025T07:21:07 - [MESSAGE][PASSED] - Refresh successfully

26-05-2025T07:21:07 - [TEST_STEP][PASSED] - delay(40): Delayed 40 second(s)

26-05-2025T07:21:47 - [MESSAGE][PASSED] - Delayed 40 second(s)

26-05-2025T07:21:47 - [TEST_STEP][PASSED] - navigateToUrl(findTestData("PlanFact").getValue(10, urlData)): Navigate to 'https://bi.rosseti.digital/viewer?dashboardGuid=d6acb5b1a7114a9791b34de39263106e&sheetGuid=752a4d1009e74632abe0071aea7fa3c6&fit=true' successfully

26-05-2025T07:21:49 - [MESSAGE][PASSED] - Navigate to 'https://bi.rosseti.digital/viewer?dashboardGuid=d6acb5b1a7114a9791b34de39263106e&sheetGuid=752a4d1009e74632abe0071aea7fa3c6&fit=true' successfully

26-05-2025T07:21:49 - [TEST_STEP][PASSED] - pageLoaded1 = verifyElementPresent(findTestObject("Страница авторизации/Text"), 30): Object 'Object Repository/Страница авторизации/Text' is present

26-05-2025T07:21:50 - [MESSAGE][PASSED] - Object 'Object Repository/Страница авторизации/Text' is present

26-05-2025T07:21:50 - [TEST_STEP][PASSED] - if (pageLoaded1 == false): null

26-05-2025T07:21:50 - [TEST_STEP][PASSED] - urlText = getText(findTestObject("Страница авторизации/Text")): Text of object 'Object Repository/Страница авторизации/Text' is: 'Вход'

26-05-2025T07:21:50 - [MESSAGE][PASSED] - Text of object 'Object Repository/Страница авторизации/Text' is: 'Вход'

26-05-2025T07:21:50 - [TEST_STEP][PASSED] - delay(40): Delayed 40 second(s)

26-05-2025T07:22:30 - [MESSAGE][PASSED] - Delayed 40 second(s)

26-05-2025T07:22:30 - [TEST_STEP][PASSED] - searchWord = "Вход": null

26-05-2025T07:22:30 - [TEST_STEP][PASSED] - if (urlText.contains(searchWord) == false): null

26-05-2025T07:22:30 - [TEST_STEP][PASSED] - setText(findTestObject("Страница авторизации/input__username"), findTestData("PlanFact").getValue(8, run)): Text 'Andreeva-EV' is set on object 'Object Repository/Страница авторизации/input__username'

26-05-2025T07:22:31 - [MESSAGE][PASSED] - Text 'Andreeva-EV' is set on object 'Object Repository/Страница авторизации/input__username'

26-05-2025T07:22:31 - [TEST_STEP][PASSED] - setText(findTestObject("Страница авторизации/input__password"), findTestData("PlanFact").getValue(9, run)): Text '2nPePKDwCPH3ul7xMZ' is set on object 'Object Repository/Страница авторизации/input__password'

26-05-2025T07:22:31 - [MESSAGE][PASSED] - Text '2nPePKDwCPH3ul7xMZ' is set on object 'Object Repository/Страница авторизации/input__password'

26-05-2025T07:22:31 - [TEST_STEP][PASSED] - click(findTestObject("Страница авторизации/button_")): Object: 'Object Repository/Страница авторизации/button_' is clicked on

26-05-2025T07:22:32 - [MESSAGE][PASSED] - Object: 'Object Repository/Страница авторизации/button_' is clicked on

26-05-2025T07:22:32 - [TEST_STEP][PASSED] - delay(40): Delayed 40 second(s)

26-05-2025T07:23:12 - [MESSAGE][PASSED] - Delayed 40 second(s)

26-05-2025T07:23:12 - [TEST_STEP][PASSED] - searchWord = "а": null

26-05-2025T07:23:12 - [TEST_STEP][PASSED] - pageLoaded2 = verifyElementPresent(findTestObject("Страница авторизации/Text"), 50): Object 'Object Repository/Страница авторизации/Text' is present

26-05-2025T07:23:12 - [MESSAGE][PASSED] - Object 'Object Repository/Страница авторизации/Text' is present

26-05-2025T07:23:12 - [TEST_STEP][PASSED] - if (pageLoaded2 == false): null

26-05-2025T07:23:12 - [TEST_STEP][PASSED] - urlText = getText(findTestObject("Страница авторизации/Text")): Text of object 'Object Repository/Страница авторизации/Text' is: 'Сравнение с 
План
абс.
%
Отклонения по ПАО Россети на 2025 год
⬤ Отклонение, %
Выручка отклонения по ПАО Россети на 2025 год
⬤ Отклонение, %
Год 
2025 год
Динамика электропотребления, млрд. кВт.ч.
У виджета нет данных
Выручка, млрд. руб.
У виджета нет данных
Прогноз на месяц 
Ноябрь
КПО/Отпуск из сети 
Отпуск из сети, млн. кВт.ч
Организация 
Все

Прогноз электропотребления и выручки за услуги по передаче в разрезе ДЗО'

26-05-2025T07:23:13 - [MESSAGE][PASSED] - Text of object 'Object Repository/Страница авторизации/Text' is: 'Сравнение с 
План
абс.
%
Отклонения по ПАО Россети на 2025 год
⬤ Отклонение, %
Выручка отклонения по ПАО Россети на 2025 год
⬤ Отклонение, %
Год 
2025 год
Динамика электропотребления, млрд. кВт.ч.
У виджета нет данных
Выручка, млрд. руб.
У виджета нет данных
Прогноз на месяц 
Ноябрь
КПО/Отпуск из сети 
Отпуск из сети, млн. кВт.ч
Организация 
Все

Прогноз электропотребления и выручки за услуги по передаче в разрезе ДЗО'

26-05-2025T07:23:13 - [TEST_STEP][PASSED] - if (urlText.contains("ошибка") || urlText.contains(searchWord) == false): null

26-05-2025T07:23:13 - [TEST_STEP][PASSED] - a3 = "": null

26-05-2025T07:23:13 - [TEST_STEP][PASSED] - a4 = "": null

26-05-2025T07:23:13 - [TEST_STEP][PASSED] - a5 = "": null

26-05-2025T07:23:13 - [TEST_STEP][PASSED] - a6 = "": null

26-05-2025T07:23:13 - [TEST_STEP][PASSED] - a7 = "": null

26-05-2025T07:23:13 - [TEST_STEP][PASSED] - a8 = "": null

26-05-2025T07:23:13 - [TEST_STEP][PASSED] - a9 = "": null

26-05-2025T07:23:13 - [TEST_STEP][PASSED] - if (run == 1): null

26-05-2025T07:23:13 - [TEST_STEP][PASSED] - if (run == 2): null

26-05-2025T07:23:13 - [TEST_STEP][PASSED] - user = "Андреева": null

26-05-2025T07:23:13 - [TEST_STEP][PASSED] - a1 = getText(findTestObject("Прогноз по ДЗО/График1")): Text of object 'Object Repository/Прогноз по ДЗО/График1' is: 'Динамика электропотребления, млрд. кВт.ч.
У виджета нет данных'

26-05-2025T07:23:13 - [MESSAGE][PASSED] - Text of object 'Object Repository/Прогноз по ДЗО/График1' is: 'Динамика электропотребления, млрд. кВт.ч.
У виджета нет данных'

26-05-2025T07:23:13 - [TEST_STEP][PASSED] - i = a1.indexOf("по ПАО Россети на 2023 год"): null

26-05-2025T07:23:13 - [TEST_STEP][PASSED] - if (i > -1): null

26-05-2025T07:23:13 - [TEST_STEP][PASSED] - i = a1.indexOf("Динамика электропотребления, млн. кВт.ч."): null

26-05-2025T07:23:13 - [TEST_STEP][PASSED] - if (i > -1): null

26-05-2025T07:23:13 - [TEST_STEP][PASSED] - a1 = a1.trim(): null

26-05-2025T07:23:13 - [TEST_STEP][PASSED] - a2 = getText(findTestObject("Прогноз по ДЗО/График2")): Text of object 'Object Repository/Прогноз по ДЗО/График2' is: 'Выручка, млрд. руб.
У виджета нет данных'

26-05-2025T07:23:13 - [MESSAGE][PASSED] - Text of object 'Object Repository/Прогноз по ДЗО/График2' is: 'Выручка, млрд. руб.
У виджета нет данных'

26-05-2025T07:23:13 - [TEST_STEP][PASSED] - a3 = getText(findTestObject("Прогноз по ДЗО/График3")): Text of object 'Object Repository/Прогноз по ДЗО/График3' is: 'Отклонения по ПАО Россети на 2025 год
⬤ Отклонение, %'

26-05-2025T07:23:14 - [MESSAGE][PASSED] - Text of object 'Object Repository/Прогноз по ДЗО/График3' is: 'Отклонения по ПАО Россети на 2025 год
⬤ Отклонение, %'

26-05-2025T07:23:14 - [TEST_STEP][PASSED] - a4 = getText(findTestObject("Прогноз по ДЗО/График4")): Text of object 'Object Repository/Прогноз по ДЗО/График4' is: 'Выручка отклонения по ПАО Россети на 2025 год
⬤ Отклонение, %'

26-05-2025T07:23:14 - [MESSAGE][PASSED] - Text of object 'Object Repository/Прогноз по ДЗО/График4' is: 'Выручка отклонения по ПАО Россети на 2025 год
⬤ Отклонение, %'

26-05-2025T07:23:14 - [TEST_STEP][PASSED] - click(findTestObject("Прогноз по ДЗО/Переключить отображение с процентов на абс Блок руководителя")): Object: 'Object Repository/Прогноз по ДЗО/Переключить отображение с процентов на абс Блок руководителя' is clicked on

26-05-2025T07:23:14 - [MESSAGE][PASSED] - Object: 'Object Repository/Прогноз по ДЗО/Переключить отображение с процентов на абс Блок руководителя' is clicked on

26-05-2025T07:23:14 - [TEST_STEP][PASSED] - a5 = getText(findTestObject("Прогноз по ДЗО/График5")): Text of object 'Object Repository/Прогноз по ДЗО/График5' is: 'Отклонения по ПАО Россети на 2025 год
⬤ Отклонение, млн. кВт.ч'

26-05-2025T07:23:15 - [MESSAGE][PASSED] - Text of object 'Object Repository/Прогноз по ДЗО/График5' is: 'Отклонения по ПАО Россети на 2025 год
⬤ Отклонение, млн. кВт.ч'

26-05-2025T07:23:15 - [TEST_STEP][PASSED] - a6 = getText(findTestObject("Прогноз по ДЗО/График6")): Text of object 'Object Repository/Прогноз по ДЗО/График6' is: 'Выручка отклонения по ПАО Россети на 2025 год
⬤ Отклонение, млн. руб'

26-05-2025T07:23:15 - [MESSAGE][PASSED] - Text of object 'Object Repository/Прогноз по ДЗО/График6' is: 'Выручка отклонения по ПАО Россети на 2025 год
⬤ Отклонение, млн. руб'

26-05-2025T07:23:15 - [TEST_STEP][PASSED] - click(findTestObject("Прогноз по ДЗО/Переключить отображение с абс на проценты")): Object: 'Object Repository/Прогноз по ДЗО/Переключить отображение с абс на проценты' is clicked on

26-05-2025T07:23:15 - [MESSAGE][PASSED] - Object: 'Object Repository/Прогноз по ДЗО/Переключить отображение с абс на проценты' is clicked on

26-05-2025T07:23:15 - [TEST_STEP][PASSED] - n = n + 31: null

26-05-2025T07:23:15 - [TEST_STEP][PASSED] - b = n - run + 1: null

26-05-2025T07:23:15 - [TEST_STEP][PASSED] - verifyEqual(findTestData("PlanFact").getValue(2, b), a1): Actual object 'Динамика электропотребления, млрд. кВт.ч.
У виджета нет данных' and expected object 'Динамика электропотребления, млрд. кВт.ч.
У виджета нет данных' are equal

26-05-2025T07:23:15 - [MESSAGE][PASSED] - Actual object 'Динамика электропотребления, млрд. кВт.ч.
У виджета нет данных' and expected object 'Динамика электропотребления, млрд. кВт.ч.
У виджета нет данных' are equal

26-05-2025T07:23:15 - [TEST_STEP][PASSED] - verifyEqual(findTestData("PlanFact").getValue(3, b), a2): Actual object 'Выручка, млрд. руб.
У виджета нет данных' and expected object 'Выручка, млрд. руб.
У виджета нет данных' are equal

26-05-2025T07:23:15 - [MESSAGE][PASSED] - Actual object 'Выручка, млрд. руб.
У виджета нет данных' and expected object 'Выручка, млрд. руб.
У виджета нет данных' are equal

26-05-2025T07:23:15 - [TEST_STEP][PASSED] - verifyEqual(findTestData("PlanFact").getValue(4, b), a3): Actual object 'Отклонения по ПАО Россети на 2025 год
⬤ Отклонение, %' and expected object 'Отклонения по ПАО Россети на 2025 год
⬤ Отклонение, %' are equal

26-05-2025T07:23:15 - [MESSAGE][PASSED] - Actual object 'Отклонения по ПАО Россети на 2025 год
⬤ Отклонение, %' and expected object 'Отклонения по ПАО Россети на 2025 год
⬤ Отклонение, %' are equal

26-05-2025T07:23:15 - [TEST_STEP][PASSED] - verifyEqual(findTestData("PlanFact").getValue(5, b), a4): Actual object 'Выручка отклонения по ПАО Россети на 2025 год
⬤ Отклонение, %' and expected object 'Выручка отклонения по ПАО Россети на 2025 год
⬤ Отклонение, %' are equal

26-05-2025T07:23:16 - [MESSAGE][PASSED] - Actual object 'Выручка отклонения по ПАО Россети на 2025 год
⬤ Отклонение, %' and expected object 'Выручка отклонения по ПАО Россети на 2025 год
⬤ Отклонение, %' are equal

26-05-2025T07:23:16 - [TEST_STEP][PASSED] - verifyEqual(findTestData("PlanFact").getValue(6, b), a5): Actual object 'Отклонения по ПАО Россети на 2025 год
⬤ Отклонение, млн. кВт.ч' and expected object 'Отклонения по ПАО Россети на 2025 год
⬤ Отклонение, млн. кВт.ч' are equal

26-05-2025T07:23:16 - [MESSAGE][PASSED] - Actual object 'Отклонения по ПАО Россети на 2025 год
⬤ Отклонение, млн. кВт.ч' and expected object 'Отклонения по ПАО Россети на 2025 год
⬤ Отклонение, млн. кВт.ч' are equal

26-05-2025T07:23:16 - [TEST_STEP][PASSED] - verifyEqual(findTestData("PlanFact").getValue(7, b), a6): Actual object 'Выручка отклонения по ПАО Россети на 2025 год
⬤ Отклонение, млн. руб' and expected object 'Выручка отклонения по ПАО Россети на 2025 год
⬤ Отклонение, млн. руб' are equal

26-05-2025T07:23:16 - [MESSAGE][PASSED] - Actual object 'Выручка отклонения по ПАО Россети на 2025 год
⬤ Отклонение, млн. руб' and expected object 'Выручка отклонения по ПАО Россети на 2025 год
⬤ Отклонение, млн. руб' are equal

26-05-2025T07:23:16 - [TEST_STEP][PASSED] - Script1686231490255.WriteToExcel(user, dashboardName, n, data, run, a1, a2, a3, a4, a5, a6, a7, a8, a9): null

26-05-2025T07:23:16 - [TEST_STEP][PASSED] - sheetName = "Sheet1": null

26-05-2025T07:23:16 - [TEST_STEP][PASSED] - workbook01 = getWorkbook(excelFilePath): null

26-05-2025T07:23:16 - [TEST_STEP][PASSED] - sheet01 = getExcelSheet(workbook01, sheetName): null

26-05-2025T07:23:16 - [TEST_STEP][PASSED] - setValueToCellByIndex(sheet01, n, 0, dashboardName): null

26-05-2025T07:23:16 - [TEST_STEP][PASSED] - setValueToCellByIndex(sheet01, n, 10, user): null

26-05-2025T07:23:16 - [TEST_STEP][PASSED] - setValueToCellByIndex(sheet01, n, 1, a1): null

26-05-2025T07:23:16 - [TEST_STEP][PASSED] - setValueToCellByIndex(sheet01, n, 2, a2): null

26-05-2025T07:23:16 - [TEST_STEP][PASSED] - setValueToCellByIndex(sheet01, n, 3, a3): null

26-05-2025T07:23:16 - [TEST_STEP][PASSED] - setValueToCellByIndex(sheet01, n, 4, a4): null

26-05-2025T07:23:16 - [TEST_STEP][PASSED] - setValueToCellByIndex(sheet01, n, 5, a5): null

26-05-2025T07:23:16 - [TEST_STEP][PASSED] - setValueToCellByIndex(sheet01, n, 6, a6): null

26-05-2025T07:23:16 - [TEST_STEP][PASSED] - setValueToCellByIndex(sheet01, n, 7, a7): null

26-05-2025T07:23:16 - [TEST_STEP][PASSED] - setValueToCellByIndex(sheet01, n, 8, a8): null

26-05-2025T07:23:16 - [TEST_STEP][PASSED] - setValueToCellByIndex(sheet01, n, 9, a9): null

26-05-2025T07:23:16 - [TEST_STEP][PASSED] - n = n + 1: null

26-05-2025T07:23:16 - [TEST_STEP][PASSED] - saveWorkbook(excelFilePath, workbook01): null

26-05-2025T07:23:16 - [TEST_STEP][PASSED] - if (run == 3): null

26-05-2025T07:23:16 - [TEST_STEP][PASSED] - closeBrowser(): null

26-05-2025T07:23:16 - [MESSAGE][PASSED] - Browser is closed

26-05-2025T07:23:16 - [TEST_STEP][PASSED] - PrognozPoDZO(user, dashboardName, n, data, run, a1, a2, a3, a4, a5, a6, a7, a8, a9, urlData): null

26-05-2025T07:23:16 - [TEST_STEP][PASSED] - n = data.getRowNumbers() + 1: null

26-05-2025T07:23:16 - [TEST_STEP][PASSED] - println(n): null

26-05-2025T07:23:16 - [TEST_STEP][PASSED] - dashboardName = "Прогноз по ДЗО": null

26-05-2025T07:23:16 - [TEST_STEP][PASSED] - openBrowser(""): Browser is opened with url: ''

26-05-2025T07:23:16 - [MESSAGE][INFO] - Starting 'Chrome' driver

26-05-2025T07:23:16 - [MESSAGE][INFO] - Action delay is set to 0 milliseconds

26-05-2025T07:23:17 - [MESSAGE][PASSED] - Browser is opened with url: ''

26-05-2025T07:23:17 - [TEST_STEP][PASSED] - urlData = 19: null

26-05-2025T07:23:17 - [TEST_STEP][PASSED] - Script1686231490255.CheckPageDownload(urlData, run): null

26-05-2025T07:23:17 - [TEST_STEP][PASSED] - i = 1: null

26-05-2025T07:23:17 - [TEST_STEP][PASSED] - ii = 0: null

26-05-2025T07:23:17 - [TEST_STEP][PASSED] - urlText = <not implemented yet for class: org.codehaus.groovy.ast.expr.EmptyExpression>: null

26-05-2025T07:23:17 - [TEST_STEP][PASSED] - searchWord = <not implemented yet for class: org.codehaus.groovy.ast.expr.EmptyExpression>: null

26-05-2025T07:23:17 - [TEST_STEP][PASSED] - deleteAllCookies(): Delete all cookies successfully

26-05-2025T07:23:17 - [MESSAGE][PASSED] - Delete all cookies successfully

26-05-2025T07:23:17 - [TEST_STEP][PASSED] - refresh(): Refresh successfully

26-05-2025T07:23:17 - [MESSAGE][PASSED] - Refresh successfully

26-05-2025T07:23:17 - [TEST_STEP][PASSED] - delay(40): Delayed 40 second(s)

26-05-2025T07:23:57 - [MESSAGE][PASSED] - Delayed 40 second(s)

26-05-2025T07:23:57 - [TEST_STEP][PASSED] - navigateToUrl(findTestData("PlanFact").getValue(10, urlData)): Navigate to 'https://bi.rosseti.digital/viewer?dashboardGuid=d6acb5b1a7114a9791b34de39263106e&sheetGuid=752a4d1009e74632abe0071aea7fa3c6&fit=true' successfully

26-05-2025T07:23:59 - [MESSAGE][PASSED] - Navigate to 'https://bi.rosseti.digital/viewer?dashboardGuid=d6acb5b1a7114a9791b34de39263106e&sheetGuid=752a4d1009e74632abe0071aea7fa3c6&fit=true' successfully

26-05-2025T07:23:59 - [TEST_STEP][PASSED] - pageLoaded1 = verifyElementPresent(findTestObject("Страница авторизации/Text"), 30): Object 'Object Repository/Страница авторизации/Text' is present

26-05-2025T07:24:00 - [MESSAGE][PASSED] - Object 'Object Repository/Страница авторизации/Text' is present

26-05-2025T07:24:00 - [TEST_STEP][PASSED] - if (pageLoaded1 == false): null

26-05-2025T07:24:00 - [TEST_STEP][PASSED] - urlText = getText(findTestObject("Страница авторизации/Text")): Text of object 'Object Repository/Страница авторизации/Text' is: 'Вход'

26-05-2025T07:24:00 - [MESSAGE][PASSED] - Text of object 'Object Repository/Страница авторизации/Text' is: 'Вход'

26-05-2025T07:24:00 - [TEST_STEP][PASSED] - delay(40): Delayed 40 second(s)

26-05-2025T07:24:40 - [MESSAGE][PASSED] - Delayed 40 second(s)

26-05-2025T07:24:40 - [TEST_STEP][PASSED] - searchWord = "Вход": null

26-05-2025T07:24:40 - [TEST_STEP][PASSED] - if (urlText.contains(searchWord) == false): null

26-05-2025T07:24:40 - [TEST_STEP][PASSED] - setText(findTestObject("Страница авторизации/input__username"), findTestData("PlanFact").getValue(8, run)): Text 'Petrova-OV' is set on object 'Object Repository/Страница авторизации/input__username'

26-05-2025T07:24:41 - [MESSAGE][PASSED] - Text 'Petrova-OV' is set on object 'Object Repository/Страница авторизации/input__username'

26-05-2025T07:24:41 - [TEST_STEP][PASSED] - setText(findTestObject("Страница авторизации/input__password"), findTestData("PlanFact").getValue(9, run)): Text '4Ex@~R53r&3x&BVe7' is set on object 'Object Repository/Страница авторизации/input__password'

26-05-2025T07:24:41 - [MESSAGE][PASSED] - Text '4Ex@~R53r&3x&BVe7' is set on object 'Object Repository/Страница авторизации/input__password'

26-05-2025T07:24:41 - [TEST_STEP][PASSED] - click(findTestObject("Страница авторизации/button_")): Object: 'Object Repository/Страница авторизации/button_' is clicked on

26-05-2025T07:24:42 - [MESSAGE][PASSED] - Object: 'Object Repository/Страница авторизации/button_' is clicked on

26-05-2025T07:24:42 - [TEST_STEP][PASSED] - delay(40): Delayed 40 second(s)

26-05-2025T07:25:22 - [MESSAGE][PASSED] - Delayed 40 second(s)

26-05-2025T07:25:22 - [TEST_STEP][PASSED] - searchWord = "а": null

26-05-2025T07:25:22 - [TEST_STEP][PASSED] - pageLoaded2 = verifyElementPresent(findTestObject("Страница авторизации/Text"), 50): Object 'Object Repository/Страница авторизации/Text' is present

26-05-2025T07:25:23 - [MESSAGE][PASSED] - Object 'Object Repository/Страница авторизации/Text' is present

26-05-2025T07:25:23 - [TEST_STEP][PASSED] - if (pageLoaded2 == false): null

26-05-2025T07:25:23 - [TEST_STEP][PASSED] - urlText = getText(findTestObject("Страница авторизации/Text")): Text of object 'Object Repository/Страница авторизации/Text' is: 'Сравнение с 
План
абс.
%
Отклонения по ПАО Россети на 2025 год
⬤ Отклонение, %
Выручка отклонения по ПАО Россети на 2025 год
⬤ Отклонение, %
Год 
2025 год
Динамика электропотребления, млрд. кВт.ч.
У виджета нет данных
Выручка, млрд. руб.
У виджета нет данных
Прогноз на месяц 
Ноябрь
КПО/Отпуск из сети 
Отпуск из сети, млн. кВт.ч
Организация 
Все

Прогноз электропотребления и выручки за услуги по передаче в разрезе ДЗО'

26-05-2025T07:25:23 - [MESSAGE][PASSED] - Text of object 'Object Repository/Страница авторизации/Text' is: 'Сравнение с 
План
абс.
%
Отклонения по ПАО Россети на 2025 год
⬤ Отклонение, %
Выручка отклонения по ПАО Россети на 2025 год
⬤ Отклонение, %
Год 
2025 год
Динамика электропотребления, млрд. кВт.ч.
У виджета нет данных
Выручка, млрд. руб.
У виджета нет данных
Прогноз на месяц 
Ноябрь
КПО/Отпуск из сети 
Отпуск из сети, млн. кВт.ч
Организация 
Все

Прогноз электропотребления и выручки за услуги по передаче в разрезе ДЗО'

26-05-2025T07:25:23 - [TEST_STEP][PASSED] - if (urlText.contains("ошибка") || urlText.contains(searchWord) == false): null

26-05-2025T07:25:23 - [TEST_STEP][PASSED] - a3 = "": null

26-05-2025T07:25:23 - [TEST_STEP][PASSED] - a4 = "": null

26-05-2025T07:25:23 - [TEST_STEP][PASSED] - a5 = "": null

26-05-2025T07:25:23 - [TEST_STEP][PASSED] - a6 = "": null

26-05-2025T07:25:23 - [TEST_STEP][PASSED] - a7 = "": null

26-05-2025T07:25:23 - [TEST_STEP][PASSED] - a8 = "": null

26-05-2025T07:25:23 - [TEST_STEP][PASSED] - a9 = "": null

26-05-2025T07:25:23 - [TEST_STEP][PASSED] - if (run == 1): null

26-05-2025T07:25:23 - [TEST_STEP][PASSED] - if (run == 2): null

26-05-2025T07:25:23 - [TEST_STEP][PASSED] - if (run == 3): null

26-05-2025T07:25:23 - [TEST_STEP][PASSED] - user = "Попова": null

26-05-2025T07:25:23 - [TEST_STEP][PASSED] - a1 = getText(findTestObject("Прогноз по ДЗО/График1")): Text of object 'Object Repository/Прогноз по ДЗО/График1' is: 'Динамика электропотребления, млрд. кВт.ч.
У виджета нет данных'

26-05-2025T07:25:23 - [MESSAGE][PASSED] - Text of object 'Object Repository/Прогноз по ДЗО/График1' is: 'Динамика электропотребления, млрд. кВт.ч.
У виджета нет данных'

26-05-2025T07:25:23 - [TEST_STEP][PASSED] - i = a1.indexOf("по ПАО Россети на 2023 год"): null

26-05-2025T07:25:23 - [TEST_STEP][PASSED] - if (i > -1): null

26-05-2025T07:25:23 - [TEST_STEP][PASSED] - i = a1.indexOf("Динамика электропотребления, млн. кВт.ч."): null

26-05-2025T07:25:23 - [TEST_STEP][PASSED] - if (i > -1): null

26-05-2025T07:25:23 - [TEST_STEP][PASSED] - a1 = a1.trim(): null

26-05-2025T07:25:23 - [TEST_STEP][PASSED] - a2 = getText(findTestObject("Прогноз по ДЗО/График2")): Text of object 'Object Repository/Прогноз по ДЗО/График2' is: 'Выручка, млрд. руб.
У виджета нет данных'

26-05-2025T07:25:24 - [MESSAGE][PASSED] - Text of object 'Object Repository/Прогноз по ДЗО/График2' is: 'Выручка, млрд. руб.
У виджета нет данных'

26-05-2025T07:25:24 - [TEST_STEP][PASSED] - a3 = getText(findTestObject("Прогноз по ДЗО/График3")): Text of object 'Object Repository/Прогноз по ДЗО/График3' is: 'Отклонения по ПАО Россети на 2025 год
⬤ Отклонение, %'

26-05-2025T07:25:24 - [MESSAGE][PASSED] - Text of object 'Object Repository/Прогноз по ДЗО/График3' is: 'Отклонения по ПАО Россети на 2025 год
⬤ Отклонение, %'

26-05-2025T07:25:24 - [TEST_STEP][PASSED] - a4 = getText(findTestObject("Прогноз по ДЗО/График4")): Text of object 'Object Repository/Прогноз по ДЗО/График4' is: 'Выручка отклонения по ПАО Россети на 2025 год
⬤ Отклонение, %'

26-05-2025T07:25:24 - [MESSAGE][PASSED] - Text of object 'Object Repository/Прогноз по ДЗО/График4' is: 'Выручка отклонения по ПАО Россети на 2025 год
⬤ Отклонение, %'

26-05-2025T07:25:24 - [TEST_STEP][PASSED] - click(findTestObject("Прогноз по ДЗО/Переключить отображение с процентов на абс Блок руководителя")): Object: 'Object Repository/Прогноз по ДЗО/Переключить отображение с процентов на абс Блок руководителя' is clicked on

26-05-2025T07:25:25 - [MESSAGE][PASSED] - Object: 'Object Repository/Прогноз по ДЗО/Переключить отображение с процентов на абс Блок руководителя' is clicked on

26-05-2025T07:25:25 - [TEST_STEP][PASSED] - a5 = getText(findTestObject("Прогноз по ДЗО/График5")): Text of object 'Object Repository/Прогноз по ДЗО/График5' is: 'Отклонения по ПАО Россети на 2025 год
⬤ Отклонение, млн. кВт.ч'

26-05-2025T07:25:25 - [MESSAGE][PASSED] - Text of object 'Object Repository/Прогноз по ДЗО/График5' is: 'Отклонения по ПАО Россети на 2025 год
⬤ Отклонение, млн. кВт.ч'

26-05-2025T07:25:25 - [TEST_STEP][PASSED] - a6 = getText(findTestObject("Прогноз по ДЗО/График6")): Text of object 'Object Repository/Прогноз по ДЗО/График6' is: 'Выручка отклонения по ПАО Россети на 2025 год
⬤ Отклонение, млн. руб'

26-05-2025T07:25:25 - [MESSAGE][PASSED] - Text of object 'Object Repository/Прогноз по ДЗО/График6' is: 'Выручка отклонения по ПАО Россети на 2025 год
⬤ Отклонение, млн. руб'

26-05-2025T07:25:25 - [TEST_STEP][PASSED] - click(findTestObject("Прогноз по ДЗО/Переключить отображение с абс на проценты")): Object: 'Object Repository/Прогноз по ДЗО/Переключить отображение с абс на проценты' is clicked on

26-05-2025T07:25:26 - [MESSAGE][PASSED] - Object: 'Object Repository/Прогноз по ДЗО/Переключить отображение с абс на проценты' is clicked on

26-05-2025T07:25:26 - [TEST_STEP][PASSED] - n = n + 32: null

26-05-2025T07:25:26 - [TEST_STEP][PASSED] - b = n - run + 1: null

26-05-2025T07:25:26 - [TEST_STEP][PASSED] - verifyEqual(findTestData("PlanFact").getValue(2, b), a1): Actual object 'Динамика электропотребления, млрд. кВт.ч.
У виджета нет данных' and expected object 'Динамика электропотребления, млрд. кВт.ч.
У виджета нет данных' are equal

26-05-2025T07:25:26 - [MESSAGE][PASSED] - Actual object 'Динамика электропотребления, млрд. кВт.ч.
У виджета нет данных' and expected object 'Динамика электропотребления, млрд. кВт.ч.
У виджета нет данных' are equal

26-05-2025T07:25:26 - [TEST_STEP][PASSED] - verifyEqual(findTestData("PlanFact").getValue(3, b), a2): Actual object 'Выручка, млрд. руб.
У виджета нет данных' and expected object 'Выручка, млрд. руб.
У виджета нет данных' are equal

26-05-2025T07:25:26 - [MESSAGE][PASSED] - Actual object 'Выручка, млрд. руб.
У виджета нет данных' and expected object 'Выручка, млрд. руб.
У виджета нет данных' are equal

26-05-2025T07:25:26 - [TEST_STEP][PASSED] - verifyEqual(findTestData("PlanFact").getValue(4, b), a3): Actual object 'Отклонения по ПАО Россети на 2025 год
⬤ Отклонение, %' and expected object 'Отклонения по ПАО Россети на 2025 год
⬤ Отклонение, %' are equal

26-05-2025T07:25:26 - [MESSAGE][PASSED] - Actual object 'Отклонения по ПАО Россети на 2025 год
⬤ Отклонение, %' and expected object 'Отклонения по ПАО Россети на 2025 год
⬤ Отклонение, %' are equal

26-05-2025T07:25:26 - [TEST_STEP][PASSED] - verifyEqual(findTestData("PlanFact").getValue(5, b), a4): Actual object 'Выручка отклонения по ПАО Россети на 2025 год
⬤ Отклонение, %' and expected object 'Выручка отклонения по ПАО Россети на 2025 год
⬤ Отклонение, %' are equal

26-05-2025T07:25:26 - [MESSAGE][PASSED] - Actual object 'Выручка отклонения по ПАО Россети на 2025 год
⬤ Отклонение, %' and expected object 'Выручка отклонения по ПАО Россети на 2025 год
⬤ Отклонение, %' are equal

26-05-2025T07:25:26 - [TEST_STEP][PASSED] - verifyEqual(findTestData("PlanFact").getValue(6, b), a5): Actual object 'Отклонения по ПАО Россети на 2025 год
⬤ Отклонение, млн. кВт.ч' and expected object 'Отклонения по ПАО Россети на 2025 год
⬤ Отклонение, млн. кВт.ч' are equal

26-05-2025T07:25:26 - [MESSAGE][PASSED] - Actual object 'Отклонения по ПАО Россети на 2025 год
⬤ Отклонение, млн. кВт.ч' and expected object 'Отклонения по ПАО Россети на 2025 год
⬤ Отклонение, млн. кВт.ч' are equal

26-05-2025T07:25:26 - [TEST_STEP][PASSED] - verifyEqual(findTestData("PlanFact").getValue(7, b), a6): Actual object 'Выручка отклонения по ПАО Россети на 2025 год
⬤ Отклонение, млн. руб' and expected object 'Выручка отклонения по ПАО Россети на 2025 год
⬤ Отклонение, млн. руб' are equal

26-05-2025T07:25:26 - [MESSAGE][PASSED] - Actual object 'Выручка отклонения по ПАО Россети на 2025 год
⬤ Отклонение, млн. руб' and expected object 'Выручка отклонения по ПАО Россети на 2025 год
⬤ Отклонение, млн. руб' are equal

26-05-2025T07:25:26 - [TEST_STEP][PASSED] - Script1686231490255.WriteToExcel(user, dashboardName, n, data, run, a1, a2, a3, a4, a5, a6, a7, a8, a9): null

26-05-2025T07:25:26 - [TEST_STEP][PASSED] - sheetName = "Sheet1": null

26-05-2025T07:25:26 - [TEST_STEP][PASSED] - workbook01 = getWorkbook(excelFilePath): null

26-05-2025T07:25:26 - [TEST_STEP][PASSED] - sheet01 = getExcelSheet(workbook01, sheetName): null

26-05-2025T07:25:26 - [TEST_STEP][PASSED] - setValueToCellByIndex(sheet01, n, 0, dashboardName): null

26-05-2025T07:25:26 - [TEST_STEP][PASSED] - setValueToCellByIndex(sheet01, n, 10, user): null

26-05-2025T07:25:26 - [TEST_STEP][PASSED] - setValueToCellByIndex(sheet01, n, 1, a1): null

26-05-2025T07:25:26 - [TEST_STEP][PASSED] - setValueToCellByIndex(sheet01, n, 2, a2): null

26-05-2025T07:25:26 - [TEST_STEP][PASSED] - setValueToCellByIndex(sheet01, n, 3, a3): null

26-05-2025T07:25:26 - [TEST_STEP][PASSED] - setValueToCellByIndex(sheet01, n, 4, a4): null

26-05-2025T07:25:26 - [TEST_STEP][PASSED] - setValueToCellByIndex(sheet01, n, 5, a5): null

26-05-2025T07:25:26 - [TEST_STEP][PASSED] - setValueToCellByIndex(sheet01, n, 6, a6): null

26-05-2025T07:25:26 - [TEST_STEP][PASSED] - setValueToCellByIndex(sheet01, n, 7, a7): null

26-05-2025T07:25:26 - [TEST_STEP][PASSED] - setValueToCellByIndex(sheet01, n, 8, a8): null

26-05-2025T07:25:26 - [TEST_STEP][PASSED] - setValueToCellByIndex(sheet01, n, 9, a9): null

26-05-2025T07:25:26 - [TEST_STEP][PASSED] - n = n + 1: null

26-05-2025T07:25:26 - [TEST_STEP][PASSED] - saveWorkbook(excelFilePath, workbook01): null

26-05-2025T07:25:26 - [TEST_STEP][PASSED] - closeBrowser(): Browser is closed

26-05-2025T07:25:26 - [MESSAGE][PASSED] - Browser is closed

26-05-2025T07:25:26 - [TEST_STEP][PASSED] - delay(40): Delayed 40 second(s)

26-05-2025T07:26:06 - [MESSAGE][PASSED] - Delayed 40 second(s)

26-05-2025T07:26:06 - [TEST_STEP][PASSED] - for ([run = 1, run < 4, (run++)]): null

26-05-2025T07:26:06 - [TEST_STEP][PASSED] - PrognozPoOtraslyam(user, dashboardName, n, data, run, a1, a2, a3, a4, a5, a6, a7, a8, a9, urlData): null

26-05-2025T07:26:06 - [TEST_STEP][PASSED] - n = data.getRowNumbers() + 1: null

26-05-2025T07:26:06 - [TEST_STEP][PASSED] - println(n): null

26-05-2025T07:26:06 - [TEST_STEP][PASSED] - dashboardName = "Прогноз по отраслям": null

26-05-2025T07:26:06 - [TEST_STEP][PASSED] - openBrowser(""): Browser is opened with url: ''

26-05-2025T07:26:06 - [MESSAGE][INFO] - Starting 'Chrome' driver

26-05-2025T07:26:06 - [MESSAGE][INFO] - Action delay is set to 0 milliseconds

26-05-2025T07:26:07 - [MESSAGE][PASSED] - Browser is opened with url: ''

26-05-2025T07:26:07 - [TEST_STEP][PASSED] - urlData = 6: null

26-05-2025T07:26:07 - [TEST_STEP][PASSED] - Script1686231490255.CheckPageDownload(urlData, run): null

26-05-2025T07:26:07 - [TEST_STEP][PASSED] - i = 1: null

26-05-2025T07:26:07 - [TEST_STEP][PASSED] - ii = 0: null

26-05-2025T07:26:07 - [TEST_STEP][PASSED] - urlText = <not implemented yet for class: org.codehaus.groovy.ast.expr.EmptyExpression>: null

26-05-2025T07:26:07 - [TEST_STEP][PASSED] - searchWord = <not implemented yet for class: org.codehaus.groovy.ast.expr.EmptyExpression>: null

26-05-2025T07:26:07 - [TEST_STEP][PASSED] - deleteAllCookies(): Delete all cookies successfully

26-05-2025T07:26:07 - [MESSAGE][PASSED] - Delete all cookies successfully

26-05-2025T07:26:07 - [TEST_STEP][PASSED] - refresh(): Refresh successfully

26-05-2025T07:26:07 - [MESSAGE][PASSED] - Refresh successfully

26-05-2025T07:26:07 - [TEST_STEP][PASSED] - delay(40): Delayed 40 second(s)

26-05-2025T07:26:47 - [MESSAGE][PASSED] - Delayed 40 second(s)

26-05-2025T07:26:47 - [TEST_STEP][PASSED] - navigateToUrl(findTestData("PlanFact").getValue(10, urlData)): Navigate to 'https://bi.rosseti.digital/viewer?dashboardGuid=d6acb5b1a7114a9791b34de39263106e&sheetGuid=0b6d261d7f7b4424a967aa8f3a724189&fit=true' successfully

26-05-2025T07:26:50 - [MESSAGE][PASSED] - Navigate to 'https://bi.rosseti.digital/viewer?dashboardGuid=d6acb5b1a7114a9791b34de39263106e&sheetGuid=0b6d261d7f7b4424a967aa8f3a724189&fit=true' successfully

26-05-2025T07:26:50 - [TEST_STEP][PASSED] - pageLoaded1 = verifyElementPresent(findTestObject("Страница авторизации/Text"), 30): Object 'Object Repository/Страница авторизации/Text' is present

26-05-2025T07:26:50 - [MESSAGE][PASSED] - Object 'Object Repository/Страница авторизации/Text' is present

26-05-2025T07:26:50 - [TEST_STEP][PASSED] - if (pageLoaded1 == false): null

26-05-2025T07:26:50 - [TEST_STEP][PASSED] - urlText = getText(findTestObject("Страница авторизации/Text")): Text of object 'Object Repository/Страница авторизации/Text' is: 'Вход'

26-05-2025T07:26:51 - [MESSAGE][PASSED] - Text of object 'Object Repository/Страница авторизации/Text' is: 'Вход'

26-05-2025T07:26:51 - [TEST_STEP][PASSED] - delay(40): Delayed 40 second(s)

26-05-2025T07:27:31 - [MESSAGE][PASSED] - Delayed 40 second(s)

26-05-2025T07:27:31 - [TEST_STEP][PASSED] - searchWord = "Вход": null

26-05-2025T07:27:31 - [TEST_STEP][PASSED] - if (urlText.contains(searchWord) == false): null

26-05-2025T07:27:31 - [TEST_STEP][PASSED] - setText(findTestObject("Страница авторизации/input__username"), findTestData("PlanFact").getValue(8, run)): Text 'liazgina-di' is set on object 'Object Repository/Страница авторизации/input__username'

26-05-2025T07:27:31 - [MESSAGE][PASSED] - Text 'liazgina-di' is set on object 'Object Repository/Страница авторизации/input__username'

26-05-2025T07:27:31 - [TEST_STEP][PASSED] - setText(findTestObject("Страница авторизации/input__password"), findTestData("PlanFact").getValue(9, run)): Text ')$%5srZ8o688Dm#q' is set on object 'Object Repository/Страница авторизации/input__password'

26-05-2025T07:27:32 - [MESSAGE][PASSED] - Text ')$%5srZ8o688Dm#q' is set on object 'Object Repository/Страница авторизации/input__password'

26-05-2025T07:27:32 - [TEST_STEP][PASSED] - click(findTestObject("Страница авторизации/button_")): Object: 'Object Repository/Страница авторизации/button_' is clicked on

26-05-2025T07:27:33 - [MESSAGE][PASSED] - Object: 'Object Repository/Страница авторизации/button_' is clicked on

26-05-2025T07:27:33 - [TEST_STEP][PASSED] - delay(40): Delayed 40 second(s)

26-05-2025T07:28:13 - [MESSAGE][PASSED] - Delayed 40 second(s)

26-05-2025T07:28:13 - [TEST_STEP][PASSED] - searchWord = "а": null

26-05-2025T07:28:13 - [TEST_STEP][PASSED] - pageLoaded2 = verifyElementPresent(findTestObject("Страница авторизации/Text"), 50): Object 'Object Repository/Страница авторизации/Text' is present

26-05-2025T07:28:13 - [MESSAGE][PASSED] - Object 'Object Repository/Страница авторизации/Text' is present

26-05-2025T07:28:13 - [TEST_STEP][PASSED] - if (pageLoaded2 == false): null

26-05-2025T07:28:13 - [TEST_STEP][PASSED] - urlText = getText(findTestObject("Страница авторизации/Text")): Text of object 'Object Repository/Страница авторизации/Text' is: 'Год 
2023 год
Сравнение с 
План
Динамика электропотребления, млрд. кВт.ч. по ПАО Россети на 2023 год
10 10
190 190
36 36
14 14
9 9
14 14
4 4
17 17
80 80
19 19
82 82
588 588
10 10
197 197
37 37
48 48
10 10
15 15
4 4
18 18
80 80
19 19
82 82
608 608
План
Ожидаемое (прогноз по конца года)
Интер РАО (дляФСК)
Промышленныепотребители
Транспорт
Нефтедобыча
Нефтепереработка
Нефтепроводы
Газопроводы
Сельскоехозяйство ипищеваяпромышленность
Непромышленныепотребители
Государственные(муниципальные)организации ипрочиебюджетныепотребители
Население иприравненныегруппыпотребителей
Территориальныесетевыеорганизации
Выручка по ПАО Россети на 2023 год
5 5
319 319
81 81
16 16
16 16
20 20
2 2
56 56
215 215
67 67
218 218
239 239
6 6
331 331
82 82
77 77
20 20
20 20
3 3
57 57
220 220
68 68
214 214
258 258
План
Ожидаемое (прогноз по конца года)
Интер РАО (дляФСК)
Промышленныепотребители
Транспорт
Нефтедобыча
Нефтепереработка
Нефтепроводы
Газопроводы
Сельскоехозяйство ипищеваяпромышленность
Непромышленныепотребители
Государственные(муниципальные)организации ипрочиебюджетныепотребители
Население иприравненныегруппыпотребителей
Территориальныесетевыеорганизации
Отклонения по ПАО Россети на 2023 год
-4.7% -4.7%
3.8% 3.8%
1.9% 1.9%
230.3% 230.3%
10.9% 10.9%
4.2% 4.2%
21.7% 21.7%
3.9% 3.9%
-0.6% -0.6%
1.6% 1.6%
-1.0% -1.0%
3.3% 3.3%
⬤ Отклонение, %
Интер РАО (для ФСК)
Промышленные потребители
Транспорт
Нефтедобыча
Нефтепереработка
Нефтепроводы
Газопроводы
Сельское хозяйство и пищевая пр…
Непромышленные потребители
Государственные (муниципальные…
Население и приравненные групп…
Территориальные сетевые органи…
Выручка отклонения по ПАО Россети на 2023 год
15.6% 15.6%
3.8% 3.8%
1.2% 1.2%
398.2% 398.2%
26.9% 26.9%
-0.6% -0.6%
26.9% 26.9%
1.5% 1.5%
2.7% 2.7%
2.0% 2.0%
-2.0% -2.0%
7.9% 7.9%
⬤ Отклонение, %
Интер РАО (для ФСК)
Промышленные потребители
Транспорт
Нефтедобыча
Нефтепереработка
Нефтепроводы
Газопроводы
Сельское хозяйство и пищевая пр…
Непромышленные потребители
Государственные (муниципальные…
Население и приравненные групп…
Территориальные сетевые органи…
абс.
%
Прогноз на месяц 
Ноябрь
КПО/Отпуск из сети 
Отпуск из сети, млн. кВт.ч
Организация 
Все
Прогноз электропотребления и выручки за услуги по передаче в разрезе отраслей'

26-05-2025T07:28:14 - [MESSAGE][PASSED] - Text of object 'Object Repository/Страница авторизации/Text' is: 'Год 
2023 год
Сравнение с 
План
Динамика электропотребления, млрд. кВт.ч. по ПАО Россети на 2023 год
10 10
190 190
36 36
14 14
9 9
14 14
4 4
17 17
80 80
19 19
82 82
588 588
10 10
197 197
37 37
48 48
10 10
15 15
4 4
18 18
80 80
19 19
82 82
608 608
План
Ожидаемое (прогноз по конца года)
Интер РАО (дляФСК)
Промышленныепотребители
Транспорт
Нефтедобыча
Нефтепереработка
Нефтепроводы
Газопроводы
Сельскоехозяйство ипищеваяпромышленность
Непромышленныепотребители
Государственные(муниципальные)организации ипрочиебюджетныепотребители
Население иприравненныегруппыпотребителей
Территориальныесетевыеорганизации
Выручка по ПАО Россети на 2023 год
5 5
319 319
81 81
16 16
16 16
20 20
2 2
56 56
215 215
67 67
218 218
239 239
6 6
331 331
82 82
77 77
20 20
20 20
3 3
57 57
220 220
68 68
214 214
258 258
План
Ожидаемое (прогноз по конца года)
Интер РАО (дляФСК)
Промышленныепотребители
Транспорт
Нефтедобыча
Нефтепереработка
Нефтепроводы
Газопроводы
Сельскоехозяйство ипищеваяпромышленность
Непромышленныепотребители
Государственные(муниципальные)организации ипрочиебюджетныепотребители
Население иприравненныегруппыпотребителей
Территориальныесетевыеорганизации
Отклонения по ПАО Россети на 2023 год
-4.7% -4.7%
3.8% 3.8%
1.9% 1.9%
230.3% 230.3%
10.9% 10.9%
4.2% 4.2%
21.7% 21.7%
3.9% 3.9%
-0.6% -0.6%
1.6% 1.6%
-1.0% -1.0%
3.3% 3.3%
⬤ Отклонение, %
Интер РАО (для ФСК)
Промышленные потребители
Транспорт
Нефтедобыча
Нефтепереработка
Нефтепроводы
Газопроводы
Сельское хозяйство и пищевая пр…
Непромышленные потребители
Государственные (муниципальные…
Население и приравненные групп…
Территориальные сетевые органи…
Выручка отклонения по ПАО Россети на 2023 год
15.6% 15.6%
3.8% 3.8%
1.2% 1.2%
398.2% 398.2%
26.9% 26.9%
-0.6% -0.6%
26.9% 26.9%
1.5% 1.5%
2.7% 2.7%
2.0% 2.0%
-2.0% -2.0%
7.9% 7.9%
⬤ Отклонение, %
Интер РАО (для ФСК)
Промышленные потребители
Транспорт
Нефтедобыча
Нефтепереработка
Нефтепроводы
Газопроводы
Сельское хозяйство и пищевая пр…
Непромышленные потребители
Государственные (муниципальные…
Население и приравненные групп…
Территориальные сетевые органи…
абс.
%
Прогноз на месяц 
Ноябрь
КПО/Отпуск из сети 
Отпуск из сети, млн. кВт.ч
Организация 
Все
Прогноз электропотребления и выручки за услуги по передаче в разрезе отраслей'

26-05-2025T07:28:14 - [TEST_STEP][PASSED] - if (urlText.contains("ошибка") || urlText.contains(searchWord) == false): null

26-05-2025T07:28:14 - [TEST_STEP][PASSED] - a3 = "": null

26-05-2025T07:28:14 - [TEST_STEP][PASSED] - a4 = "": null

26-05-2025T07:28:14 - [TEST_STEP][PASSED] - a5 = "": null

26-05-2025T07:28:14 - [TEST_STEP][PASSED] - a6 = "": null

26-05-2025T07:28:14 - [TEST_STEP][PASSED] - a7 = "": null

26-05-2025T07:28:14 - [TEST_STEP][PASSED] - a8 = "": null

26-05-2025T07:28:14 - [TEST_STEP][PASSED] - a9 = "": null

26-05-2025T07:28:14 - [TEST_STEP][PASSED] - if (run == 1): null

26-05-2025T07:28:14 - [TEST_STEP][PASSED] - user = "админ": null

26-05-2025T07:28:14 - [TEST_STEP][PASSED] - a1 = getText(findTestObject("Прогноз по отраслям/Виджеты дашборда")): Text of object 'Object Repository/Прогноз по отраслям/Виджеты дашборда' is: 'Год 
2023 год
Сравнение с 
План
Динамика электропотребления, млрд. кВт.ч. по ПАО Россети на 2023 год
10 10
190 190
36 36
14 14
9 9
14 14
4 4
17 17
80 80
19 19
82 82
588 588
10 10
197 197
37 37
48 48
10 10
15 15
4 4
18 18
80 80
19 19
82 82
608 608
План
Ожидаемое (прогноз по конца года)
Интер РАО (дляФСК)
Промышленныепотребители
Транспорт
Нефтедобыча
Нефтепереработка
Нефтепроводы
Газопроводы
Сельскоехозяйство ипищеваяпромышленность
Непромышленныепотребители
Государственные(муниципальные)организации ипрочиебюджетныепотребители
Население иприравненныегруппыпотребителей
Территориальныесетевыеорганизации
Выручка по ПАО Россети на 2023 год
5 5
319 319
81 81
16 16
16 16
20 20
2 2
56 56
215 215
67 67
218 218
239 239
6 6
331 331
82 82
77 77
20 20
20 20
3 3
57 57
220 220
68 68
214 214
258 258
План
Ожидаемое (прогноз по конца года)
Интер РАО (дляФСК)
Промышленныепотребители
Транспорт
Нефтедобыча
Нефтепереработка
Нефтепроводы
Газопроводы
Сельскоехозяйство ипищеваяпромышленность
Непромышленныепотребители
Государственные(муниципальные)организации ипрочиебюджетныепотребители
Население иприравненныегруппыпотребителей
Территориальныесетевыеорганизации
Отклонения по ПАО Россети на 2023 год
-4.7% -4.7%
3.8% 3.8%
1.9% 1.9%
230.3% 230.3%
10.9% 10.9%
4.2% 4.2%
21.7% 21.7%
3.9% 3.9%
-0.6% -0.6%
1.6% 1.6%
-1.0% -1.0%
3.3% 3.3%
⬤ Отклонение, %
Интер РАО (для ФСК)
Промышленные потребители
Транспорт
Нефтедобыча
Нефтепереработка
Нефтепроводы
Газопроводы
Сельское хозяйство и пищевая пр…
Непромышленные потребители
Государственные (муниципальные…
Население и приравненные групп…
Территориальные сетевые органи…
Выручка отклонения по ПАО Россети на 2023 год
15.6% 15.6%
3.8% 3.8%
1.2% 1.2%
398.2% 398.2%
26.9% 26.9%
-0.6% -0.6%
26.9% 26.9%
1.5% 1.5%
2.7% 2.7%
2.0% 2.0%
-2.0% -2.0%
7.9% 7.9%
⬤ Отклонение, %
Интер РАО (для ФСК)
Промышленные потребители
Транспорт
Нефтедобыча
Нефтепереработка
Нефтепроводы
Газопроводы
Сельское хозяйство и пищевая пр…
Непромышленные потребители
Государственные (муниципальные…
Население и приравненные групп…
Территориальные сетевые органи…
абс.
%
Прогноз на месяц 
Ноябрь
КПО/Отпуск из сети 
Отпуск из сети, млн. кВт.ч
Организация 
Все
Прогноз электропотребления и выручки за услуги по передаче в разрезе отраслей'

26-05-2025T07:28:14 - [MESSAGE][PASSED] - Text of object 'Object Repository/Прогноз по отраслям/Виджеты дашборда' is: 'Год 
2023 год
Сравнение с 
План
Динамика электропотребления, млрд. кВт.ч. по ПАО Россети на 2023 год
10 10
190 190
36 36
14 14
9 9
14 14
4 4
17 17
80 80
19 19
82 82
588 588
10 10
197 197
37 37
48 48
10 10
15 15
4 4
18 18
80 80
19 19
82 82
608 608
План
Ожидаемое (прогноз по конца года)
Интер РАО (дляФСК)
Промышленныепотребители
Транспорт
Нефтедобыча
Нефтепереработка
Нефтепроводы
Газопроводы
Сельскоехозяйство ипищеваяпромышленность
Непромышленныепотребители
Государственные(муниципальные)организации ипрочиебюджетныепотребители
Население иприравненныегруппыпотребителей
Территориальныесетевыеорганизации
Выручка по ПАО Россети на 2023 год
5 5
319 319
81 81
16 16
16 16
20 20
2 2
56 56
215 215
67 67
218 218
239 239
6 6
331 331
82 82
77 77
20 20
20 20
3 3
57 57
220 220
68 68
214 214
258 258
План
Ожидаемое (прогноз по конца года)
Интер РАО (дляФСК)
Промышленныепотребители
Транспорт
Нефтедобыча
Нефтепереработка
Нефтепроводы
Газопроводы
Сельскоехозяйство ипищеваяпромышленность
Непромышленныепотребители
Государственные(муниципальные)организации ипрочиебюджетныепотребители
Население иприравненныегруппыпотребителей
Территориальныесетевыеорганизации
Отклонения по ПАО Россети на 2023 год
-4.7% -4.7%
3.8% 3.8%
1.9% 1.9%
230.3% 230.3%
10.9% 10.9%
4.2% 4.2%
21.7% 21.7%
3.9% 3.9%
-0.6% -0.6%
1.6% 1.6%
-1.0% -1.0%
3.3% 3.3%
⬤ Отклонение, %
Интер РАО (для ФСК)
Промышленные потребители
Транспорт
Нефтедобыча
Нефтепереработка
Нефтепроводы
Газопроводы
Сельское хозяйство и пищевая пр…
Непромышленные потребители
Государственные (муниципальные…
Население и приравненные групп…
Территориальные сетевые органи…
Выручка отклонения по ПАО Россети на 2023 год
15.6% 15.6%
3.8% 3.8%
1.2% 1.2%
398.2% 398.2%
26.9% 26.9%
-0.6% -0.6%
26.9% 26.9%
1.5% 1.5%
2.7% 2.7%
2.0% 2.0%
-2.0% -2.0%
7.9% 7.9%
⬤ Отклонение, %
Интер РАО (для ФСК)
Промышленные потребители
Транспорт
Нефтедобыча
Нефтепереработка
Нефтепроводы
Газопроводы
Сельское хозяйство и пищевая пр…
Непромышленные потребители
Государственные (муниципальные…
Население и приравненные групп…
Территориальные сетевые органи…
абс.
%
Прогноз на месяц 
Ноябрь
КПО/Отпуск из сети 
Отпуск из сети, млн. кВт.ч
Организация 
Все
Прогноз электропотребления и выручки за услуги по передаче в разрезе отраслей'

26-05-2025T07:28:14 - [TEST_STEP][PASSED] - click(findTestObject("Прогноз по отраслям/Переключить отображение с процентов на абс Блок руководителя")): Object: 'Object Repository/Прогноз по отраслям/Переключить отображение с процентов на абс Блок руководителя' is clicked on

26-05-2025T07:28:15 - [MESSAGE][PASSED] - Object: 'Object Repository/Прогноз по отраслям/Переключить отображение с процентов на абс Блок руководителя' is clicked on

26-05-2025T07:28:15 - [TEST_STEP][PASSED] - a2 = getText(findTestObject("Прогноз по отраслям/Виджеты дашборда")): Text of object 'Object Repository/Прогноз по отраслям/Виджеты дашборда' is: 'Год 
2023 год
Сравнение с 
План
Отклонения по ПАО Россети на 2023 год
-492.2 -492.2
7 165.1 7 165.1
689.3 689.3
33 271.7 33 271.7
986.4 986.4
593.8 593.8
764.0 764.0
670.4 670.4
-592.4 -592.4
308.8 308.8
-940.9 -940.9
19 604.1 19 604.1
⬤ Отклонение, млн. кВт.ч
Интер РАО (для ФСК)
Промышленные потребители
Транспорт
Нефтедобыча
Нефтепереработка
Нефтепроводы
Газопроводы
Сельское хозяйство и пищевая пр…
Непромышленные потребители
Государственные (муниципальные…
Население и приравненные групп…
Территориальные сетевые органи…
Выручка отклонения по ПАО Россети на 2023 год
794.9 794.9
12 195.0 12 195.0
972.7 972.7
61 803.9 61 803.9
4 222.3 4 222.3
-121.8 -121.8
666.2 666.2
873.2 873.2
5 809.6 5 809.6
1 342.6 1 342.6
-4 463.2 -4 463.2
18 375.5 18 375.5
⬤ Отклонение, млн. руб.
Интер РАО (для ФСК)
Промышленные потребители
Транспорт
Нефтедобыча
Нефтепереработка
Нефтепроводы
Газопроводы
Сельское хозяйство и пищевая пр…
Непромышленные потребители
Государственные (муниципальные…
Население и приравненные групп…
Территориальные сетевые органи…
Динамика электропотребления, млрд. кВт.ч. по ПАО Россети на 2023 год
10 10
190 190
36 36
14 14
9 9
14 14
4 4
17 17
80 80
19 19
82 82
588 588
10 10
197 197
37 37
48 48
10 10
15 15
4 4
18 18
80 80
19 19
82 82
608 608
План
Ожидаемое (прогноз по конца года)
Интер РАО (дляФСК)
Промышленныепотребители
Транспорт
Нефтедобыча
Нефтепереработка
Нефтепроводы
Газопроводы
Сельскоехозяйство ипищеваяпромышленность
Непромышленныепотребители
Государственные(муниципальные)организации ипрочиебюджетныепотребители
Население иприравненныегруппыпотребителей
Территориальныесетевыеорганизации
Выручка по ПАО Россети на 2023 год
5 5
319 319
81 81
16 16
16 16
20 20
2 2
56 56
215 215
67 67
218 218
239 239
6 6
331 331
82 82
77 77
20 20
20 20
3 3
57 57
220 220
68 68
214 214
258 258
План
Ожидаемое (прогноз по конца года)
Интер РАО (дляФСК)
Промышленныепотребители
Транспорт
Нефтедобыча
Нефтепереработка
Нефтепроводы
Газопроводы
Сельскоехозяйство ипищеваяпромышленность
Непромышленныепотребители
Государственные(муниципальные)организации ипрочиебюджетныепотребители
Население иприравненныегруппыпотребителей
Территориальныесетевыеорганизации
абс.
%
Прогноз на месяц 
Ноябрь
КПО/Отпуск из сети 
Отпуск из сети, млн. кВт.ч
Организация 
Все
Прогноз электропотребления и выручки за услуги по передаче в разрезе отраслей'

26-05-2025T07:28:15 - [MESSAGE][PASSED] - Text of object 'Object Repository/Прогноз по отраслям/Виджеты дашборда' is: 'Год 
2023 год
Сравнение с 
План
Отклонения по ПАО Россети на 2023 год
-492.2 -492.2
7 165.1 7 165.1
689.3 689.3
33 271.7 33 271.7
986.4 986.4
593.8 593.8
764.0 764.0
670.4 670.4
-592.4 -592.4
308.8 308.8
-940.9 -940.9
19 604.1 19 604.1
⬤ Отклонение, млн. кВт.ч
Интер РАО (для ФСК)
Промышленные потребители
Транспорт
Нефтедобыча
Нефтепереработка
Нефтепроводы
Газопроводы
Сельское хозяйство и пищевая пр…
Непромышленные потребители
Государственные (муниципальные…
Население и приравненные групп…
Территориальные сетевые органи…
Выручка отклонения по ПАО Россети на 2023 год
794.9 794.9
12 195.0 12 195.0
972.7 972.7
61 803.9 61 803.9
4 222.3 4 222.3
-121.8 -121.8
666.2 666.2
873.2 873.2
5 809.6 5 809.6
1 342.6 1 342.6
-4 463.2 -4 463.2
18 375.5 18 375.5
⬤ Отклонение, млн. руб.
Интер РАО (для ФСК)
Промышленные потребители
Транспорт
Нефтедобыча
Нефтепереработка
Нефтепроводы
Газопроводы
Сельское хозяйство и пищевая пр…
Непромышленные потребители
Государственные (муниципальные…
Население и приравненные групп…
Территориальные сетевые органи…
Динамика электропотребления, млрд. кВт.ч. по ПАО Россети на 2023 год
10 10
190 190
36 36
14 14
9 9
14 14
4 4
17 17
80 80
19 19
82 82
588 588
10 10
197 197
37 37
48 48
10 10
15 15
4 4
18 18
80 80
19 19
82 82
608 608
План
Ожидаемое (прогноз по конца года)
Интер РАО (дляФСК)
Промышленныепотребители
Транспорт
Нефтедобыча
Нефтепереработка
Нефтепроводы
Газопроводы
Сельскоехозяйство ипищеваяпромышленность
Непромышленныепотребители
Государственные(муниципальные)организации ипрочиебюджетныепотребители
Население иприравненныегруппыпотребителей
Территориальныесетевыеорганизации
Выручка по ПАО Россети на 2023 год
5 5
319 319
81 81
16 16
16 16
20 20
2 2
56 56
215 215
67 67
218 218
239 239
6 6
331 331
82 82
77 77
20 20
20 20
3 3
57 57
220 220
68 68
214 214
258 258
План
Ожидаемое (прогноз по конца года)
Интер РАО (дляФСК)
Промышленныепотребители
Транспорт
Нефтедобыча
Нефтепереработка
Нефтепроводы
Газопроводы
Сельскоехозяйство ипищеваяпромышленность
Непромышленныепотребители
Государственные(муниципальные)организации ипрочиебюджетныепотребители
Население иприравненныегруппыпотребителей
Территориальныесетевыеорганизации
абс.
%
Прогноз на месяц 
Ноябрь
КПО/Отпуск из сети 
Отпуск из сети, млн. кВт.ч
Организация 
Все
Прогноз электропотребления и выручки за услуги по передаче в разрезе отраслей'

26-05-2025T07:28:15 - [TEST_STEP][PASSED] - click(findTestObject("Прогноз по отраслям/Переключить отображение с абс на проценты")): Object: 'Object Repository/Прогноз по отраслям/Переключить отображение с абс на проценты' is clicked on

26-05-2025T07:28:15 - [MESSAGE][PASSED] - Object: 'Object Repository/Прогноз по отраслям/Переключить отображение с абс на проценты' is clicked on

26-05-2025T07:28:15 - [TEST_STEP][PASSED] - i = a1.indexOf("млрд. кВт.ч."): null

26-05-2025T07:28:15 - [TEST_STEP][PASSED] - if (i > -1): null

26-05-2025T07:28:15 - [TEST_STEP][PASSED] - a1 = a1.substring(0, i) + a1.substring(i + 12, a1.length()): null

26-05-2025T07:28:15 - [TEST_STEP][PASSED] - i = a1.indexOf("Выручка"): null

26-05-2025T07:28:15 - [TEST_STEP][PASSED] - if (i > -1): null

26-05-2025T07:28:15 - [TEST_STEP][PASSED] - a1 = a1.substring(0, i) + a1.substring(i + 8, a1.length()): null

26-05-2025T07:28:15 - [TEST_STEP][PASSED] - i = a1.indexOf("по ПАО Россети на 2023 год"): null

26-05-2025T07:28:15 - [TEST_STEP][PASSED] - if (i > -1): null

26-05-2025T07:28:15 - [TEST_STEP][PASSED] - a1 = a1.substring(0, i) + a1.substring(i + 27, a1.length()): null

26-05-2025T07:28:15 - [TEST_STEP][PASSED] - i = a1.indexOf("по ПАО Россети на 2023 год"): null

26-05-2025T07:28:15 - [TEST_STEP][PASSED] - if (i > -1): null

26-05-2025T07:28:15 - [TEST_STEP][PASSED] - a1 = a1.substring(0, i) + a1.substring(i + 27, a1.length()): null

26-05-2025T07:28:15 - [TEST_STEP][PASSED] - i = a1.indexOf("по ПАО Россети на 2023 год"): null

26-05-2025T07:28:15 - [TEST_STEP][PASSED] - if (i > -1): null

26-05-2025T07:28:15 - [TEST_STEP][PASSED] - a1 = a1.substring(0, i) + a1.substring(i + 27, a1.length()): null

26-05-2025T07:28:15 - [TEST_STEP][PASSED] - i = a1.indexOf("Отклонения"): null

26-05-2025T07:28:15 - [TEST_STEP][PASSED] - if (i > -1): null

26-05-2025T07:28:15 - [TEST_STEP][PASSED] - a1 = a1.substring(0, i) + a1.substring(i + 11, a1.length()): null

26-05-2025T07:28:15 - [TEST_STEP][PASSED] - n = n + 33: null

26-05-2025T07:28:15 - [TEST_STEP][PASSED] - Script1686231490255.WriteToExcel(user, dashboardName, n, data, run, a1, a2, a3, a4, a5, a6, a7, a8, a9): null

26-05-2025T07:28:15 - [TEST_STEP][PASSED] - sheetName = "Sheet1": null

26-05-2025T07:28:15 - [TEST_STEP][PASSED] - workbook01 = getWorkbook(excelFilePath): null

26-05-2025T07:28:15 - [TEST_STEP][PASSED] - sheet01 = getExcelSheet(workbook01, sheetName): null

26-05-2025T07:28:15 - [TEST_STEP][PASSED] - setValueToCellByIndex(sheet01, n, 0, dashboardName): null

26-05-2025T07:28:15 - [TEST_STEP][PASSED] - setValueToCellByIndex(sheet01, n, 10, user): null

26-05-2025T07:28:15 - [TEST_STEP][PASSED] - setValueToCellByIndex(sheet01, n, 1, a1): null

26-05-2025T07:28:15 - [TEST_STEP][PASSED] - setValueToCellByIndex(sheet01, n, 2, a2): null

26-05-2025T07:28:15 - [TEST_STEP][PASSED] - setValueToCellByIndex(sheet01, n, 3, a3): null

26-05-2025T07:28:15 - [TEST_STEP][PASSED] - setValueToCellByIndex(sheet01, n, 4, a4): null

26-05-2025T07:28:15 - [TEST_STEP][PASSED] - setValueToCellByIndex(sheet01, n, 5, a5): null

26-05-2025T07:28:15 - [TEST_STEP][PASSED] - setValueToCellByIndex(sheet01, n, 6, a6): null

26-05-2025T07:28:15 - [TEST_STEP][PASSED] - setValueToCellByIndex(sheet01, n, 7, a7): null

26-05-2025T07:28:15 - [TEST_STEP][PASSED] - setValueToCellByIndex(sheet01, n, 8, a8): null

26-05-2025T07:28:15 - [TEST_STEP][PASSED] - setValueToCellByIndex(sheet01, n, 9, a9): null

26-05-2025T07:28:15 - [TEST_STEP][PASSED] - n = n + 1: null

26-05-2025T07:28:15 - [TEST_STEP][PASSED] - saveWorkbook(excelFilePath, workbook01): null

26-05-2025T07:28:16 - [TEST_STEP][PASSED] - if (run == 2): null

26-05-2025T07:28:16 - [TEST_STEP][PASSED] - if (run == 3): null

26-05-2025T07:28:16 - [TEST_STEP][PASSED] - closeBrowser(): null

26-05-2025T07:28:16 - [MESSAGE][PASSED] - Browser is closed

26-05-2025T07:28:16 - [TEST_STEP][PASSED] - PrognozPoOtraslyam(user, dashboardName, n, data, run, a1, a2, a3, a4, a5, a6, a7, a8, a9, urlData): null

26-05-2025T07:28:16 - [TEST_STEP][PASSED] - n = data.getRowNumbers() + 1: null

26-05-2025T07:28:16 - [TEST_STEP][PASSED] - println(n): null

26-05-2025T07:28:16 - [TEST_STEP][PASSED] - dashboardName = "Прогноз по отраслям": null

26-05-2025T07:28:16 - [TEST_STEP][PASSED] - openBrowser(""): Browser is opened with url: ''

26-05-2025T07:28:16 - [MESSAGE][INFO] - Starting 'Chrome' driver

26-05-2025T07:28:16 - [MESSAGE][INFO] - Action delay is set to 0 milliseconds

26-05-2025T07:28:17 - [MESSAGE][PASSED] - Browser is opened with url: ''

26-05-2025T07:28:17 - [TEST_STEP][PASSED] - urlData = 6: null

26-05-2025T07:28:17 - [TEST_STEP][PASSED] - Script1686231490255.CheckPageDownload(urlData, run): null

26-05-2025T07:28:17 - [TEST_STEP][PASSED] - i = 1: null

26-05-2025T07:28:17 - [TEST_STEP][PASSED] - ii = 0: null

26-05-2025T07:28:17 - [TEST_STEP][PASSED] - urlText = <not implemented yet for class: org.codehaus.groovy.ast.expr.EmptyExpression>: null

26-05-2025T07:28:17 - [TEST_STEP][PASSED] - searchWord = <not implemented yet for class: org.codehaus.groovy.ast.expr.EmptyExpression>: null

26-05-2025T07:28:17 - [TEST_STEP][PASSED] - deleteAllCookies(): Delete all cookies successfully

26-05-2025T07:28:17 - [MESSAGE][PASSED] - Delete all cookies successfully

26-05-2025T07:28:17 - [TEST_STEP][PASSED] - refresh(): Refresh successfully

26-05-2025T07:28:17 - [MESSAGE][PASSED] - Refresh successfully

26-05-2025T07:28:17 - [TEST_STEP][PASSED] - delay(40): Delayed 40 second(s)

26-05-2025T07:28:57 - [MESSAGE][PASSED] - Delayed 40 second(s)

26-05-2025T07:28:57 - [TEST_STEP][PASSED] - navigateToUrl(findTestData("PlanFact").getValue(10, urlData)): Navigate to 'https://bi.rosseti.digital/viewer?dashboardGuid=d6acb5b1a7114a9791b34de39263106e&sheetGuid=0b6d261d7f7b4424a967aa8f3a724189&fit=true' successfully

26-05-2025T07:28:59 - [MESSAGE][PASSED] - Navigate to 'https://bi.rosseti.digital/viewer?dashboardGuid=d6acb5b1a7114a9791b34de39263106e&sheetGuid=0b6d261d7f7b4424a967aa8f3a724189&fit=true' successfully

26-05-2025T07:28:59 - [TEST_STEP][PASSED] - pageLoaded1 = verifyElementPresent(findTestObject("Страница авторизации/Text"), 30): Object 'Object Repository/Страница авторизации/Text' is present

26-05-2025T07:29:00 - [MESSAGE][PASSED] - Object 'Object Repository/Страница авторизации/Text' is present

26-05-2025T07:29:00 - [TEST_STEP][PASSED] - if (pageLoaded1 == false): null

26-05-2025T07:29:00 - [TEST_STEP][PASSED] - urlText = getText(findTestObject("Страница авторизации/Text")): Text of object 'Object Repository/Страница авторизации/Text' is: 'Вход'

26-05-2025T07:29:00 - [MESSAGE][PASSED] - Text of object 'Object Repository/Страница авторизации/Text' is: 'Вход'

26-05-2025T07:29:00 - [TEST_STEP][PASSED] - delay(40): Delayed 40 second(s)

26-05-2025T07:29:40 - [MESSAGE][PASSED] - Delayed 40 second(s)

26-05-2025T07:29:40 - [TEST_STEP][PASSED] - searchWord = "Вход": null

26-05-2025T07:29:40 - [TEST_STEP][PASSED] - if (urlText.contains(searchWord) == false): null

26-05-2025T07:29:40 - [TEST_STEP][PASSED] - setText(findTestObject("Страница авторизации/input__username"), findTestData("PlanFact").getValue(8, run)): Text 'Andreeva-EV' is set on object 'Object Repository/Страница авторизации/input__username'

26-05-2025T07:29:41 - [MESSAGE][PASSED] - Text 'Andreeva-EV' is set on object 'Object Repository/Страница авторизации/input__username'

26-05-2025T07:29:41 - [TEST_STEP][PASSED] - setText(findTestObject("Страница авторизации/input__password"), findTestData("PlanFact").getValue(9, run)): Text '2nPePKDwCPH3ul7xMZ' is set on object 'Object Repository/Страница авторизации/input__password'

26-05-2025T07:29:42 - [MESSAGE][PASSED] - Text '2nPePKDwCPH3ul7xMZ' is set on object 'Object Repository/Страница авторизации/input__password'

26-05-2025T07:29:42 - [TEST_STEP][PASSED] - click(findTestObject("Страница авторизации/button_")): Object: 'Object Repository/Страница авторизации/button_' is clicked on

26-05-2025T07:29:43 - [MESSAGE][PASSED] - Object: 'Object Repository/Страница авторизации/button_' is clicked on

26-05-2025T07:29:43 - [TEST_STEP][PASSED] - delay(40): Delayed 40 second(s)

26-05-2025T07:30:23 - [MESSAGE][PASSED] - Delayed 40 second(s)

26-05-2025T07:30:23 - [TEST_STEP][PASSED] - searchWord = "а": null

26-05-2025T07:30:23 - [TEST_STEP][PASSED] - pageLoaded2 = verifyElementPresent(findTestObject("Страница авторизации/Text"), 50): Object 'Object Repository/Страница авторизации/Text' is present

26-05-2025T07:30:23 - [MESSAGE][PASSED] - Object 'Object Repository/Страница авторизации/Text' is present

26-05-2025T07:30:23 - [TEST_STEP][PASSED] - if (pageLoaded2 == false): null

26-05-2025T07:30:23 - [TEST_STEP][PASSED] - urlText = getText(findTestObject("Страница авторизации/Text")): Text of object 'Object Repository/Страница авторизации/Text' is: 'Год 
2023 год
Сравнение с 
План
Динамика электропотребления, млрд. кВт.ч. по ПАО Россети на 2023 год
10 10
190 190
36 36
14 14
9 9
14 14
4 4
17 17
80 80
19 19
82 82
588 588
10 10
197 197
37 37
48 48
10 10
15 15
4 4
18 18
80 80
19 19
82 82
608 608
План
Ожидаемое (прогноз по конца года)
Интер РАО (дляФСК)
Промышленныепотребители
Транспорт
Нефтедобыча
Нефтепереработка
Нефтепроводы
Газопроводы
Сельскоехозяйство ипищеваяпромышленность
Непромышленныепотребители
Государственные(муниципальные)организации ипрочиебюджетныепотребители
Население иприравненныегруппыпотребителей
Территориальныесетевыеорганизации
Выручка по ПАО Россети на 2023 год
5 5
319 319
81 81
16 16
16 16
20 20
2 2
56 56
215 215
67 67
218 218
239 239
6 6
331 331
82 82
77 77
20 20
20 20
3 3
57 57
220 220
68 68
214 214
258 258
План
Ожидаемое (прогноз по конца года)
Интер РАО (дляФСК)
Промышленныепотребители
Транспорт
Нефтедобыча
Нефтепереработка
Нефтепроводы
Газопроводы
Сельскоехозяйство ипищеваяпромышленность
Непромышленныепотребители
Государственные(муниципальные)организации ипрочиебюджетныепотребители
Население иприравненныегруппыпотребителей
Территориальныесетевыеорганизации
Отклонения по ПАО Россети на 2023 год
-4.7% -4.7%
3.8% 3.8%
1.9% 1.9%
230.3% 230.3%
10.9% 10.9%
4.2% 4.2%
21.7% 21.7%
3.9% 3.9%
-0.6% -0.6%
1.6% 1.6%
-1.0% -1.0%
3.3% 3.3%
⬤ Отклонение, %
Интер РАО (для ФСК)
Промышленные потребители
Транспорт
Нефтедобыча
Нефтепереработка
Нефтепроводы
Газопроводы
Сельское хозяйство и пищевая пр…
Непромышленные потребители
Государственные (муниципальные…
Население и приравненные групп…
Территориальные сетевые органи…
Выручка отклонения по ПАО Россети на 2023 год
15.6% 15.6%
3.8% 3.8%
1.2% 1.2%
398.2% 398.2%
26.9% 26.9%
-0.6% -0.6%
26.9% 26.9%
1.5% 1.5%
2.7% 2.7%
2.0% 2.0%
-2.0% -2.0%
7.9% 7.9%
⬤ Отклонение, %
Интер РАО (для ФСК)
Промышленные потребители
Транспорт
Нефтедобыча
Нефтепереработка
Нефтепроводы
Газопроводы
Сельское хозяйство и пищевая пр…
Непромышленные потребители
Государственные (муниципальные…
Население и приравненные групп…
Территориальные сетевые органи…
абс.
%
Прогноз на месяц 
Ноябрь
КПО/Отпуск из сети 
Отпуск из сети, млн. кВт.ч
Организация 
Все
Прогноз электропотребления и выручки за услуги по передаче в разрезе отраслей'

26-05-2025T07:30:24 - [MESSAGE][PASSED] - Text of object 'Object Repository/Страница авторизации/Text' is: 'Год 
2023 год
Сравнение с 
План
Динамика электропотребления, млрд. кВт.ч. по ПАО Россети на 2023 год
10 10
190 190
36 36
14 14
9 9
14 14
4 4
17 17
80 80
19 19
82 82
588 588
10 10
197 197
37 37
48 48
10 10
15 15
4 4
18 18
80 80
19 19
82 82
608 608
План
Ожидаемое (прогноз по конца года)
Интер РАО (дляФСК)
Промышленныепотребители
Транспорт
Нефтедобыча
Нефтепереработка
Нефтепроводы
Газопроводы
Сельскоехозяйство ипищеваяпромышленность
Непромышленныепотребители
Государственные(муниципальные)организации ипрочиебюджетныепотребители
Население иприравненныегруппыпотребителей
Территориальныесетевыеорганизации
Выручка по ПАО Россети на 2023 год
5 5
319 319
81 81
16 16
16 16
20 20
2 2
56 56
215 215
67 67
218 218
239 239
6 6
331 331
82 82
77 77
20 20
20 20
3 3
57 57
220 220
68 68
214 214
258 258
План
Ожидаемое (прогноз по конца года)
Интер РАО (дляФСК)
Промышленныепотребители
Транспорт
Нефтедобыча
Нефтепереработка
Нефтепроводы
Газопроводы
Сельскоехозяйство ипищеваяпромышленность
Непромышленныепотребители
Государственные(муниципальные)организации ипрочиебюджетныепотребители
Население иприравненныегруппыпотребителей
Территориальныесетевыеорганизации
Отклонения по ПАО Россети на 2023 год
-4.7% -4.7%
3.8% 3.8%
1.9% 1.9%
230.3% 230.3%
10.9% 10.9%
4.2% 4.2%
21.7% 21.7%
3.9% 3.9%
-0.6% -0.6%
1.6% 1.6%
-1.0% -1.0%
3.3% 3.3%
⬤ Отклонение, %
Интер РАО (для ФСК)
Промышленные потребители
Транспорт
Нефтедобыча
Нефтепереработка
Нефтепроводы
Газопроводы
Сельское хозяйство и пищевая пр…
Непромышленные потребители
Государственные (муниципальные…
Население и приравненные групп…
Территориальные сетевые органи…
Выручка отклонения по ПАО Россети на 2023 год
15.6% 15.6%
3.8% 3.8%
1.2% 1.2%
398.2% 398.2%
26.9% 26.9%
-0.6% -0.6%
26.9% 26.9%
1.5% 1.5%
2.7% 2.7%
2.0% 2.0%
-2.0% -2.0%
7.9% 7.9%
⬤ Отклонение, %
Интер РАО (для ФСК)
Промышленные потребители
Транспорт
Нефтедобыча
Нефтепереработка
Нефтепроводы
Газопроводы
Сельское хозяйство и пищевая пр…
Непромышленные потребители
Государственные (муниципальные…
Население и приравненные групп…
Территориальные сетевые органи…
абс.
%
Прогноз на месяц 
Ноябрь
КПО/Отпуск из сети 
Отпуск из сети, млн. кВт.ч
Организация 
Все
Прогноз электропотребления и выручки за услуги по передаче в разрезе отраслей'

26-05-2025T07:30:24 - [TEST_STEP][PASSED] - if (urlText.contains("ошибка") || urlText.contains(searchWord) == false): null

26-05-2025T07:30:24 - [TEST_STEP][PASSED] - a3 = "": null

26-05-2025T07:30:24 - [TEST_STEP][PASSED] - a4 = "": null

26-05-2025T07:30:24 - [TEST_STEP][PASSED] - a5 = "": null

26-05-2025T07:30:24 - [TEST_STEP][PASSED] - a6 = "": null

26-05-2025T07:30:24 - [TEST_STEP][PASSED] - a7 = "": null

26-05-2025T07:30:24 - [TEST_STEP][PASSED] - a8 = "": null

26-05-2025T07:30:24 - [TEST_STEP][PASSED] - a9 = "": null

26-05-2025T07:30:24 - [TEST_STEP][PASSED] - if (run == 1): null

26-05-2025T07:30:24 - [TEST_STEP][PASSED] - if (run == 2): null

26-05-2025T07:30:24 - [TEST_STEP][PASSED] - user = "Андреева": null

26-05-2025T07:30:24 - [TEST_STEP][PASSED] - a1 = getText(findTestObject("Прогноз по отраслям/Виджеты дашборда")): Text of object 'Object Repository/Прогноз по отраслям/Виджеты дашборда' is: 'Год 
2023 год
Сравнение с 
План
Динамика электропотребления, млрд. кВт.ч. по ПАО Россети на 2023 год
10 10
190 190
36 36
14 14
9 9
14 14
4 4
17 17
80 80
19 19
82 82
588 588
10 10
197 197
37 37
48 48
10 10
15 15
4 4
18 18
80 80
19 19
82 82
608 608
План
Ожидаемое (прогноз по конца года)
Интер РАО (дляФСК)
Промышленныепотребители
Транспорт
Нефтедобыча
Нефтепереработка
Нефтепроводы
Газопроводы
Сельскоехозяйство ипищеваяпромышленность
Непромышленныепотребители
Государственные(муниципальные)организации ипрочиебюджетныепотребители
Население иприравненныегруппыпотребителей
Территориальныесетевыеорганизации
Выручка по ПАО Россети на 2023 год
5 5
319 319
81 81
16 16
16 16
20 20
2 2
56 56
215 215
67 67
218 218
239 239
6 6
331 331
82 82
77 77
20 20
20 20
3 3
57 57
220 220
68 68
214 214
258 258
План
Ожидаемое (прогноз по конца года)
Интер РАО (дляФСК)
Промышленныепотребители
Транспорт
Нефтедобыча
Нефтепереработка
Нефтепроводы
Газопроводы
Сельскоехозяйство ипищеваяпромышленность
Непромышленныепотребители
Государственные(муниципальные)организации ипрочиебюджетныепотребители
Население иприравненныегруппыпотребителей
Территориальныесетевыеорганизации
Отклонения по ПАО Россети на 2023 год
-4.7% -4.7%
3.8% 3.8%
1.9% 1.9%
230.3% 230.3%
10.9% 10.9%
4.2% 4.2%
21.7% 21.7%
3.9% 3.9%
-0.6% -0.6%
1.6% 1.6%
-1.0% -1.0%
3.3% 3.3%
⬤ Отклонение, %
Интер РАО (для ФСК)
Промышленные потребители
Транспорт
Нефтедобыча
Нефтепереработка
Нефтепроводы
Газопроводы
Сельское хозяйство и пищевая пр…
Непромышленные потребители
Государственные (муниципальные…
Население и приравненные групп…
Территориальные сетевые органи…
Выручка отклонения по ПАО Россети на 2023 год
15.6% 15.6%
3.8% 3.8%
1.2% 1.2%
398.2% 398.2%
26.9% 26.9%
-0.6% -0.6%
26.9% 26.9%
1.5% 1.5%
2.7% 2.7%
2.0% 2.0%
-2.0% -2.0%
7.9% 7.9%
⬤ Отклонение, %
Интер РАО (для ФСК)
Промышленные потребители
Транспорт
Нефтедобыча
Нефтепереработка
Нефтепроводы
Газопроводы
Сельское хозяйство и пищевая пр…
Непромышленные потребители
Государственные (муниципальные…
Население и приравненные групп…
Территориальные сетевые органи…
абс.
%
Прогноз на месяц 
Ноябрь
КПО/Отпуск из сети 
Отпуск из сети, млн. кВт.ч
Организация 
Все
Прогноз электропотребления и выручки за услуги по передаче в разрезе отраслей'

26-05-2025T07:30:24 - [MESSAGE][PASSED] - Text of object 'Object Repository/Прогноз по отраслям/Виджеты дашборда' is: 'Год 
2023 год
Сравнение с 
План
Динамика электропотребления, млрд. кВт.ч. по ПАО Россети на 2023 год
10 10
190 190
36 36
14 14
9 9
14 14
4 4
17 17
80 80
19 19
82 82
588 588
10 10
197 197
37 37
48 48
10 10
15 15
4 4
18 18
80 80
19 19
82 82
608 608
План
Ожидаемое (прогноз по конца года)
Интер РАО (дляФСК)
Промышленныепотребители
Транспорт
Нефтедобыча
Нефтепереработка
Нефтепроводы
Газопроводы
Сельскоехозяйство ипищеваяпромышленность
Непромышленныепотребители
Государственные(муниципальные)организации ипрочиебюджетныепотребители
Население иприравненныегруппыпотребителей
Территориальныесетевыеорганизации
Выручка по ПАО Россети на 2023 год
5 5
319 319
81 81
16 16
16 16
20 20
2 2
56 56
215 215
67 67
218 218
239 239
6 6
331 331
82 82
77 77
20 20
20 20
3 3
57 57
220 220
68 68
214 214
258 258
План
Ожидаемое (прогноз по конца года)
Интер РАО (дляФСК)
Промышленныепотребители
Транспорт
Нефтедобыча
Нефтепереработка
Нефтепроводы
Газопроводы
Сельскоехозяйство ипищеваяпромышленность
Непромышленныепотребители
Государственные(муниципальные)организации ипрочиебюджетныепотребители
Население иприравненныегруппыпотребителей
Территориальныесетевыеорганизации
Отклонения по ПАО Россети на 2023 год
-4.7% -4.7%
3.8% 3.8%
1.9% 1.9%
230.3% 230.3%
10.9% 10.9%
4.2% 4.2%
21.7% 21.7%
3.9% 3.9%
-0.6% -0.6%
1.6% 1.6%
-1.0% -1.0%
3.3% 3.3%
⬤ Отклонение, %
Интер РАО (для ФСК)
Промышленные потребители
Транспорт
Нефтедобыча
Нефтепереработка
Нефтепроводы
Газопроводы
Сельское хозяйство и пищевая пр…
Непромышленные потребители
Государственные (муниципальные…
Население и приравненные групп…
Территориальные сетевые органи…
Выручка отклонения по ПАО Россети на 2023 год
15.6% 15.6%
3.8% 3.8%
1.2% 1.2%
398.2% 398.2%
26.9% 26.9%
-0.6% -0.6%
26.9% 26.9%
1.5% 1.5%
2.7% 2.7%
2.0% 2.0%
-2.0% -2.0%
7.9% 7.9%
⬤ Отклонение, %
Интер РАО (для ФСК)
Промышленные потребители
Транспорт
Нефтедобыча
Нефтепереработка
Нефтепроводы
Газопроводы
Сельское хозяйство и пищевая пр…
Непромышленные потребители
Государственные (муниципальные…
Население и приравненные групп…
Территориальные сетевые органи…
абс.
%
Прогноз на месяц 
Ноябрь
КПО/Отпуск из сети 
Отпуск из сети, млн. кВт.ч
Организация 
Все
Прогноз электропотребления и выручки за услуги по передаче в разрезе отраслей'

26-05-2025T07:30:24 - [TEST_STEP][PASSED] - click(findTestObject("Прогноз по отраслям/Переключить отображение с процентов на абс Блок руководителя")): Object: 'Object Repository/Прогноз по отраслям/Переключить отображение с процентов на абс Блок руководителя' is clicked on

26-05-2025T07:30:25 - [MESSAGE][PASSED] - Object: 'Object Repository/Прогноз по отраслям/Переключить отображение с процентов на абс Блок руководителя' is clicked on

26-05-2025T07:30:25 - [TEST_STEP][PASSED] - a2 = getText(findTestObject("Прогноз по отраслям/Виджеты дашборда")): Text of object 'Object Repository/Прогноз по отраслям/Виджеты дашборда' is: 'Год 
2023 год
Сравнение с 
План
Отклонения по ПАО Россети на 2023 год
-492.2 -492.2
7 165.1 7 165.1
689.3 689.3
33 271.7 33 271.7
986.4 986.4
593.8 593.8
764.0 764.0
670.4 670.4
-592.4 -592.4
308.8 308.8
-940.9 -940.9
19 604.1 19 604.1
⬤ Отклонение, млн. кВт.ч
Интер РАО (для ФСК)
Промышленные потребители
Транспорт
Нефтедобыча
Нефтепереработка
Нефтепроводы
Газопроводы
Сельское хозяйство и пищевая пр…
Непромышленные потребители
Государственные (муниципальные…
Население и приравненные групп…
Территориальные сетевые органи…
Выручка отклонения по ПАО Россети на 2023 год
794.9 794.9
12 195.0 12 195.0
972.7 972.7
61 803.9 61 803.9
4 222.3 4 222.3
-121.8 -121.8
666.2 666.2
873.2 873.2
5 809.6 5 809.6
1 342.6 1 342.6
-4 463.2 -4 463.2
18 375.5 18 375.5
⬤ Отклонение, млн. руб.
Интер РАО (для ФСК)
Промышленные потребители
Транспорт
Нефтедобыча
Нефтепереработка
Нефтепроводы
Газопроводы
Сельское хозяйство и пищевая пр…
Непромышленные потребители
Государственные (муниципальные…
Население и приравненные групп…
Территориальные сетевые органи…
Динамика электропотребления, млрд. кВт.ч. по ПАО Россети на 2023 год
10 10
190 190
36 36
14 14
9 9
14 14
4 4
17 17
80 80
19 19
82 82
588 588
10 10
197 197
37 37
48 48
10 10
15 15
4 4
18 18
80 80
19 19
82 82
608 608
План
Ожидаемое (прогноз по конца года)
Интер РАО (дляФСК)
Промышленныепотребители
Транспорт
Нефтедобыча
Нефтепереработка
Нефтепроводы
Газопроводы
Сельскоехозяйство ипищеваяпромышленность
Непромышленныепотребители
Государственные(муниципальные)организации ипрочиебюджетныепотребители
Население иприравненныегруппыпотребителей
Территориальныесетевыеорганизации
Выручка по ПАО Россети на 2023 год
5 5
319 319
81 81
16 16
16 16
20 20
2 2
56 56
215 215
67 67
218 218
239 239
6 6
331 331
82 82
77 77
20 20
20 20
3 3
57 57
220 220
68 68
214 214
258 258
План
Ожидаемое (прогноз по конца года)
Интер РАО (дляФСК)
Промышленныепотребители
Транспорт
Нефтедобыча
Нефтепереработка
Нефтепроводы
Газопроводы
Сельскоехозяйство ипищеваяпромышленность
Непромышленныепотребители
Государственные(муниципальные)организации ипрочиебюджетныепотребители
Население иприравненныегруппыпотребителей
Территориальныесетевыеорганизации
абс.
%
Прогноз на месяц 
Ноябрь
КПО/Отпуск из сети 
Отпуск из сети, млн. кВт.ч
Организация 
Все
Прогноз электропотребления и выручки за услуги по передаче в разрезе отраслей'

26-05-2025T07:30:25 - [MESSAGE][PASSED] - Text of object 'Object Repository/Прогноз по отраслям/Виджеты дашборда' is: 'Год 
2023 год
Сравнение с 
План
Отклонения по ПАО Россети на 2023 год
-492.2 -492.2
7 165.1 7 165.1
689.3 689.3
33 271.7 33 271.7
986.4 986.4
593.8 593.8
764.0 764.0
670.4 670.4
-592.4 -592.4
308.8 308.8
-940.9 -940.9
19 604.1 19 604.1
⬤ Отклонение, млн. кВт.ч
Интер РАО (для ФСК)
Промышленные потребители
Транспорт
Нефтедобыча
Нефтепереработка
Нефтепроводы
Газопроводы
Сельское хозяйство и пищевая пр…
Непромышленные потребители
Государственные (муниципальные…
Население и приравненные групп…
Территориальные сетевые органи…
Выручка отклонения по ПАО Россети на 2023 год
794.9 794.9
12 195.0 12 195.0
972.7 972.7
61 803.9 61 803.9
4 222.3 4 222.3
-121.8 -121.8
666.2 666.2
873.2 873.2
5 809.6 5 809.6
1 342.6 1 342.6
-4 463.2 -4 463.2
18 375.5 18 375.5
⬤ Отклонение, млн. руб.
Интер РАО (для ФСК)
Промышленные потребители
Транспорт
Нефтедобыча
Нефтепереработка
Нефтепроводы
Газопроводы
Сельское хозяйство и пищевая пр…
Непромышленные потребители
Государственные (муниципальные…
Население и приравненные групп…
Территориальные сетевые органи…
Динамика электропотребления, млрд. кВт.ч. по ПАО Россети на 2023 год
10 10
190 190
36 36
14 14
9 9
14 14
4 4
17 17
80 80
19 19
82 82
588 588
10 10
197 197
37 37
48 48
10 10
15 15
4 4
18 18
80 80
19 19
82 82
608 608
План
Ожидаемое (прогноз по конца года)
Интер РАО (дляФСК)
Промышленныепотребители
Транспорт
Нефтедобыча
Нефтепереработка
Нефтепроводы
Газопроводы
Сельскоехозяйство ипищеваяпромышленность
Непромышленныепотребители
Государственные(муниципальные)организации ипрочиебюджетныепотребители
Население иприравненныегруппыпотребителей
Территориальныесетевыеорганизации
Выручка по ПАО Россети на 2023 год
5 5
319 319
81 81
16 16
16 16
20 20
2 2
56 56
215 215
67 67
218 218
239 239
6 6
331 331
82 82
77 77
20 20
20 20
3 3
57 57
220 220
68 68
214 214
258 258
План
Ожидаемое (прогноз по конца года)
Интер РАО (дляФСК)
Промышленныепотребители
Транспорт
Нефтедобыча
Нефтепереработка
Нефтепроводы
Газопроводы
Сельскоехозяйство ипищеваяпромышленность
Непромышленныепотребители
Государственные(муниципальные)организации ипрочиебюджетныепотребители
Население иприравненныегруппыпотребителей
Территориальныесетевыеорганизации
абс.
%
Прогноз на месяц 
Ноябрь
КПО/Отпуск из сети 
Отпуск из сети, млн. кВт.ч
Организация 
Все
Прогноз электропотребления и выручки за услуги по передаче в разрезе отраслей'

26-05-2025T07:30:25 - [TEST_STEP][PASSED] - click(findTestObject("Прогноз по отраслям/Переключить отображение с абс на проценты")): Object: 'Object Repository/Прогноз по отраслям/Переключить отображение с абс на проценты' is clicked on

26-05-2025T07:30:25 - [MESSAGE][PASSED] - Object: 'Object Repository/Прогноз по отраслям/Переключить отображение с абс на проценты' is clicked on

26-05-2025T07:30:25 - [TEST_STEP][PASSED] - i = a1.indexOf("млрд. кВт.ч."): null

26-05-2025T07:30:25 - [TEST_STEP][PASSED] - if (i > -1): null

26-05-2025T07:30:25 - [TEST_STEP][PASSED] - a1 = a1.substring(0, i) + a1.substring(i + 12, a1.length()): null

26-05-2025T07:30:25 - [TEST_STEP][PASSED] - i = a1.indexOf("по ПАО Россети на 2023 год"): null

26-05-2025T07:30:25 - [TEST_STEP][PASSED] - if (i > -1): null

26-05-2025T07:30:25 - [TEST_STEP][PASSED] - a1 = a1.substring(0, i) + a1.substring(i + 27, a1.length()): null

26-05-2025T07:30:25 - [TEST_STEP][PASSED] - i = a1.indexOf("Выручка"): null

26-05-2025T07:30:25 - [TEST_STEP][PASSED] - if (i > -1): null

26-05-2025T07:30:25 - [TEST_STEP][PASSED] - a1 = a1.substring(0, i) + a1.substring(i + 8, a1.length()): null

26-05-2025T07:30:25 - [TEST_STEP][PASSED] - i = a1.indexOf("по ПАО Россети на 2023 год"): null

26-05-2025T07:30:25 - [TEST_STEP][PASSED] - if (i > -1): null

26-05-2025T07:30:25 - [TEST_STEP][PASSED] - a1 = a1.substring(0, i) + a1.substring(i + 27, a1.length()): null

26-05-2025T07:30:25 - [TEST_STEP][PASSED] - i = a1.indexOf("по ПАО Россети на 2023 год"): null

26-05-2025T07:30:25 - [TEST_STEP][PASSED] - if (i > -1): null

26-05-2025T07:30:25 - [TEST_STEP][PASSED] - a1 = a1.substring(0, i) + a1.substring(i + 27, a1.length()): null

26-05-2025T07:30:25 - [TEST_STEP][PASSED] - i = a1.indexOf("Отклонения по ПАО Россети на 2023 год"): null

26-05-2025T07:30:25 - [TEST_STEP][PASSED] - if (i > -1): null

26-05-2025T07:30:25 - [TEST_STEP][PASSED] - i = a1.indexOf("Отклонения"): null

26-05-2025T07:30:25 - [TEST_STEP][PASSED] - if (i > -1): null

26-05-2025T07:30:25 - [TEST_STEP][PASSED] - a1 = a1.substring(0, i) + a1.substring(i + 11, a1.length()): null

26-05-2025T07:30:25 - [TEST_STEP][PASSED] - n = n + 34: null

26-05-2025T07:30:25 - [TEST_STEP][PASSED] - b = n - run + 1: null

26-05-2025T07:30:25 - [TEST_STEP][PASSED] - verifyEqual(findTestData("PlanFact").getValue(2, b), a1): Actual object 'Год 
2023 год
Сравнение с 
План
Динамика электропотребления,  10 10
190 190
36 36
14 14
9 9
14 14
4 4
17 17
80 80
19 19
82 82
588 588
10 10
197 197
37 37
48 48
10 10
15 15
4 4
18 18
80 80
19 19
82 82
608 608
План
Ожидаемое (прогноз по конца года)
Интер РАО (дляФСК)
Промышленныепотребители
Транспорт
Нефтедобыча
Нефтепереработка
Нефтепроводы
Газопроводы
Сельскоехозяйство ипищеваяпромышленность
Непромышленныепотребители
Государственные(муниципальные)организации ипрочиебюджетныепотребители
Население иприравненныегруппыпотребителей
Территориальныесетевыеорганизации
5 5
319 319
81 81
16 16
16 16
20 20
2 2
56 56
215 215
67 67
218 218
239 239
6 6
331 331
82 82
77 77
20 20
20 20
3 3
57 57
220 220
68 68
214 214
258 258
План
Ожидаемое (прогноз по конца года)
Интер РАО (дляФСК)
Промышленныепотребители
Транспорт
Нефтедобыча
Нефтепереработка
Нефтепроводы
Газопроводы
Сельскоехозяйство ипищеваяпромышленность
Непромышленныепотребители
Государственные(муниципальные)организации ипрочиебюджетныепотребители
Население иприравненныегруппыпотребителей
Территориальныесетевыеорганизации
-4.7% -4.7%
3.8% 3.8%
1.9% 1.9%
230.3% 230.3%
10.9% 10.9%
4.2% 4.2%
21.7% 21.7%
3.9% 3.9%
-0.6% -0.6%
1.6% 1.6%
-1.0% -1.0%
3.3% 3.3%
⬤ Отклонение, %
Интер РАО (для ФСК)
Промышленные потребители
Транспорт
Нефтедобыча
Нефтепереработка
Нефтепроводы
Газопроводы
Сельское хозяйство и пищевая пр…
Непромышленные потребители
Государственные (муниципальные…
Население и приравненные групп…
Территориальные сетевые органи…
Выручка отклонения по ПАО Россети на 2023 год
15.6% 15.6%
3.8% 3.8%
1.2% 1.2%
398.2% 398.2%
26.9% 26.9%
-0.6% -0.6%
26.9% 26.9%
1.5% 1.5%
2.7% 2.7%
2.0% 2.0%
-2.0% -2.0%
7.9% 7.9%
⬤ Отклонение, %
Интер РАО (для ФСК)
Промышленные потребители
Транспорт
Нефтедобыча
Нефтепереработка
Нефтепроводы
Газопроводы
Сельское хозяйство и пищевая пр…
Непромышленные потребители
Государственные (муниципальные…
Население и приравненные групп…
Территориальные сетевые органи…
абс.
%
Прогноз на месяц 
Ноябрь
КПО/Отпуск из сети 
Отпуск из сети, млн. кВт.ч
Организация 
Все
Прогноз электропотребления и выручки за услуги по передаче в разрезе отраслей' and expected object 'Год 
2023 год
Сравнение с 
План
Динамика электропотребления,  10 10
190 190
36 36
14 14
9 9
14 14
4 4
17 17
80 80
19 19
82 82
588 588
10 10
197 197
37 37
48 48
10 10
15 15
4 4
18 18
80 80
19 19
82 82
608 608
План
Ожидаемое (прогноз по конца года)
Интер РАО (дляФСК)
Промышленныепотребители
Транспорт
Нефтедобыча
Нефтепереработка
Нефтепроводы
Газопроводы
Сельскоехозяйство ипищеваяпромышленность
Непромышленныепотребители
Государственные(муниципальные)организации ипрочиебюджетныепотребители
Население иприравненныегруппыпотребителей
Территориальныесетевыеорганизации
5 5
319 319
81 81
16 16
16 16
20 20
2 2
56 56
215 215
67 67
218 218
239 239
6 6
331 331
82 82
77 77
20 20
20 20
3 3
57 57
220 220
68 68
214 214
258 258
План
Ожидаемое (прогноз по конца года)
Интер РАО (дляФСК)
Промышленныепотребители
Транспорт
Нефтедобыча
Нефтепереработка
Нефтепроводы
Газопроводы
Сельскоехозяйство ипищеваяпромышленность
Непромышленныепотребители
Государственные(муниципальные)организации ипрочиебюджетныепотребители
Население иприравненныегруппыпотребителей
Территориальныесетевыеорганизации
-4.7% -4.7%
3.8% 3.8%
1.9% 1.9%
230.3% 230.3%
10.9% 10.9%
4.2% 4.2%
21.7% 21.7%
3.9% 3.9%
-0.6% -0.6%
1.6% 1.6%
-1.0% -1.0%
3.3% 3.3%
⬤ Отклонение, %
Интер РАО (для ФСК)
Промышленные потребители
Транспорт
Нефтедобыча
Нефтепереработка
Нефтепроводы
Газопроводы
Сельское хозяйство и пищевая пр…
Непромышленные потребители
Государственные (муниципальные…
Население и приравненные групп…
Территориальные сетевые органи…
Выручка отклонения по ПАО Россети на 2023 год
15.6% 15.6%
3.8% 3.8%
1.2% 1.2%
398.2% 398.2%
26.9% 26.9%
-0.6% -0.6%
26.9% 26.9%
1.5% 1.5%
2.7% 2.7%
2.0% 2.0%
-2.0% -2.0%
7.9% 7.9%
⬤ Отклонение, %
Интер РАО (для ФСК)
Промышленные потребители
Транспорт
Нефтедобыча
Нефтепереработка
Нефтепроводы
Газопроводы
Сельское хозяйство и пищевая пр…
Непромышленные потребители
Государственные (муниципальные…
Население и приравненные групп…
Территориальные сетевые органи…
абс.
%
Прогноз на месяц 
Ноябрь
КПО/Отпуск из сети 
Отпуск из сети, млн. кВт.ч
Организация 
Все
Прогноз электропотребления и выручки за услуги по передаче в разрезе отраслей' are equal

26-05-2025T07:30:25 - [MESSAGE][PASSED] - Actual object 'Год 
2023 год
Сравнение с 
План
Динамика электропотребления,  10 10
190 190
36 36
14 14
9 9
14 14
4 4
17 17
80 80
19 19
82 82
588 588
10 10
197 197
37 37
48 48
10 10
15 15
4 4
18 18
80 80
19 19
82 82
608 608
План
Ожидаемое (прогноз по конца года)
Интер РАО (дляФСК)
Промышленныепотребители
Транспорт
Нефтедобыча
Нефтепереработка
Нефтепроводы
Газопроводы
Сельскоехозяйство ипищеваяпромышленность
Непромышленныепотребители
Государственные(муниципальные)организации ипрочиебюджетныепотребители
Население иприравненныегруппыпотребителей
Территориальныесетевыеорганизации
5 5
319 319
81 81
16 16
16 16
20 20
2 2
56 56
215 215
67 67
218 218
239 239
6 6
331 331
82 82
77 77
20 20
20 20
3 3
57 57
220 220
68 68
214 214
258 258
План
Ожидаемое (прогноз по конца года)
Интер РАО (дляФСК)
Промышленныепотребители
Транспорт
Нефтедобыча
Нефтепереработка
Нефтепроводы
Газопроводы
Сельскоехозяйство ипищеваяпромышленность
Непромышленныепотребители
Государственные(муниципальные)организации ипрочиебюджетныепотребители
Население иприравненныегруппыпотребителей
Территориальныесетевыеорганизации
-4.7% -4.7%
3.8% 3.8%
1.9% 1.9%
230.3% 230.3%
10.9% 10.9%
4.2% 4.2%
21.7% 21.7%
3.9% 3.9%
-0.6% -0.6%
1.6% 1.6%
-1.0% -1.0%
3.3% 3.3%
⬤ Отклонение, %
Интер РАО (для ФСК)
Промышленные потребители
Транспорт
Нефтедобыча
Нефтепереработка
Нефтепроводы
Газопроводы
Сельское хозяйство и пищевая пр…
Непромышленные потребители
Государственные (муниципальные…
Население и приравненные групп…
Территориальные сетевые органи…
Выручка отклонения по ПАО Россети на 2023 год
15.6% 15.6%
3.8% 3.8%
1.2% 1.2%
398.2% 398.2%
26.9% 26.9%
-0.6% -0.6%
26.9% 26.9%
1.5% 1.5%
2.7% 2.7%
2.0% 2.0%
-2.0% -2.0%
7.9% 7.9%
⬤ Отклонение, %
Интер РАО (для ФСК)
Промышленные потребители
Транспорт
Нефтедобыча
Нефтепереработка
Нефтепроводы
Газопроводы
Сельское хозяйство и пищевая пр…
Непромышленные потребители
Государственные (муниципальные…
Население и приравненные групп…
Территориальные сетевые органи…
абс.
%
Прогноз на месяц 
Ноябрь
КПО/Отпуск из сети 
Отпуск из сети, млн. кВт.ч
Организация 
Все
Прогноз электропотребления и выручки за услуги по передаче в разрезе отраслей' and expected object 'Год 
2023 год
Сравнение с 
План
Динамика электропотребления,  10 10
190 190
36 36
14 14
9 9
14 14
4 4
17 17
80 80
19 19
82 82
588 588
10 10
197 197
37 37
48 48
10 10
15 15
4 4
18 18
80 80
19 19
82 82
608 608
План
Ожидаемое (прогноз по конца года)
Интер РАО (дляФСК)
Промышленныепотребители
Транспорт
Нефтедобыча
Нефтепереработка
Нефтепроводы
Газопроводы
Сельскоехозяйство ипищеваяпромышленность
Непромышленныепотребители
Государственные(муниципальные)организации ипрочиебюджетныепотребители
Население иприравненныегруппыпотребителей
Территориальныесетевыеорганизации
5 5
319 319
81 81
16 16
16 16
20 20
2 2
56 56
215 215
67 67
218 218
239 239
6 6
331 331
82 82
77 77
20 20
20 20
3 3
57 57
220 220
68 68
214 214
258 258
План
Ожидаемое (прогноз по конца года)
Интер РАО (дляФСК)
Промышленныепотребители
Транспорт
Нефтедобыча
Нефтепереработка
Нефтепроводы
Газопроводы
Сельскоехозяйство ипищеваяпромышленность
Непромышленныепотребители
Государственные(муниципальные)организации ипрочиебюджетныепотребители
Население иприравненныегруппыпотребителей
Территориальныесетевыеорганизации
-4.7% -4.7%
3.8% 3.8%
1.9% 1.9%
230.3% 230.3%
10.9% 10.9%
4.2% 4.2%
21.7% 21.7%
3.9% 3.9%
-0.6% -0.6%
1.6% 1.6%
-1.0% -1.0%
3.3% 3.3%
⬤ Отклонение, %
Интер РАО (для ФСК)
Промышленные потребители
Транспорт
Нефтедобыча
Нефтепереработка
Нефтепроводы
Газопроводы
Сельское хозяйство и пищевая пр…
Непромышленные потребители
Государственные (муниципальные…
Население и приравненные групп…
Территориальные сетевые органи…
Выручка отклонения по ПАО Россети на 2023 год
15.6% 15.6%
3.8% 3.8%
1.2% 1.2%
398.2% 398.2%
26.9% 26.9%
-0.6% -0.6%
26.9% 26.9%
1.5% 1.5%
2.7% 2.7%
2.0% 2.0%
-2.0% -2.0%
7.9% 7.9%
⬤ Отклонение, %
Интер РАО (для ФСК)
Промышленные потребители
Транспорт
Нефтедобыча
Нефтепереработка
Нефтепроводы
Газопроводы
Сельское хозяйство и пищевая пр…
Непромышленные потребители
Государственные (муниципальные…
Население и приравненные групп…
Территориальные сетевые органи…
абс.
%
Прогноз на месяц 
Ноябрь
КПО/Отпуск из сети 
Отпуск из сети, млн. кВт.ч
Организация 
Все
Прогноз электропотребления и выручки за услуги по передаче в разрезе отраслей' are equal

26-05-2025T07:30:25 - [TEST_STEP][PASSED] - verifyEqual(findTestData("PlanFact").getValue(3, b), a2): Actual object 'Год 
2023 год
Сравнение с 
План
Отклонения по ПАО Россети на 2023 год
-492.2 -492.2
7 165.1 7 165.1
689.3 689.3
33 271.7 33 271.7
986.4 986.4
593.8 593.8
764.0 764.0
670.4 670.4
-592.4 -592.4
308.8 308.8
-940.9 -940.9
19 604.1 19 604.1
⬤ Отклонение, млн. кВт.ч
Интер РАО (для ФСК)
Промышленные потребители
Транспорт
Нефтедобыча
Нефтепереработка
Нефтепроводы
Газопроводы
Сельское хозяйство и пищевая пр…
Непромышленные потребители
Государственные (муниципальные…
Население и приравненные групп…
Территориальные сетевые органи…
Выручка отклонения по ПАО Россети на 2023 год
794.9 794.9
12 195.0 12 195.0
972.7 972.7
61 803.9 61 803.9
4 222.3 4 222.3
-121.8 -121.8
666.2 666.2
873.2 873.2
5 809.6 5 809.6
1 342.6 1 342.6
-4 463.2 -4 463.2
18 375.5 18 375.5
⬤ Отклонение, млн. руб.
Интер РАО (для ФСК)
Промышленные потребители
Транспорт
Нефтедобыча
Нефтепереработка
Нефтепроводы
Газопроводы
Сельское хозяйство и пищевая пр…
Непромышленные потребители
Государственные (муниципальные…
Население и приравненные групп…
Территориальные сетевые органи…
Динамика электропотребления, млрд. кВт.ч. по ПАО Россети на 2023 год
10 10
190 190
36 36
14 14
9 9
14 14
4 4
17 17
80 80
19 19
82 82
588 588
10 10
197 197
37 37
48 48
10 10
15 15
4 4
18 18
80 80
19 19
82 82
608 608
План
Ожидаемое (прогноз по конца года)
Интер РАО (дляФСК)
Промышленныепотребители
Транспорт
Нефтедобыча
Нефтепереработка
Нефтепроводы
Газопроводы
Сельскоехозяйство ипищеваяпромышленность
Непромышленныепотребители
Государственные(муниципальные)организации ипрочиебюджетныепотребители
Население иприравненныегруппыпотребителей
Территориальныесетевыеорганизации
Выручка по ПАО Россети на 2023 год
5 5
319 319
81 81
16 16
16 16
20 20
2 2
56 56
215 215
67 67
218 218
239 239
6 6
331 331
82 82
77 77
20 20
20 20
3 3
57 57
220 220
68 68
214 214
258 258
План
Ожидаемое (прогноз по конца года)
Интер РАО (дляФСК)
Промышленныепотребители
Транспорт
Нефтедобыча
Нефтепереработка
Нефтепроводы
Газопроводы
Сельскоехозяйство ипищеваяпромышленность
Непромышленныепотребители
Государственные(муниципальные)организации ипрочиебюджетныепотребители
Население иприравненныегруппыпотребителей
Территориальныесетевыеорганизации
абс.
%
Прогноз на месяц 
Ноябрь
КПО/Отпуск из сети 
Отпуск из сети, млн. кВт.ч
Организация 
Все
Прогноз электропотребления и выручки за услуги по передаче в разрезе отраслей' and expected object 'Год 
2023 год
Сравнение с 
План
Отклонения по ПАО Россети на 2023 год
-492.2 -492.2
7 165.1 7 165.1
689.3 689.3
33 271.7 33 271.7
986.4 986.4
593.8 593.8
764.0 764.0
670.4 670.4
-592.4 -592.4
308.8 308.8
-940.9 -940.9
19 604.1 19 604.1
⬤ Отклонение, млн. кВт.ч
Интер РАО (для ФСК)
Промышленные потребители
Транспорт
Нефтедобыча
Нефтепереработка
Нефтепроводы
Газопроводы
Сельское хозяйство и пищевая пр…
Непромышленные потребители
Государственные (муниципальные…
Население и приравненные групп…
Территориальные сетевые органи…
Выручка отклонения по ПАО Россети на 2023 год
794.9 794.9
12 195.0 12 195.0
972.7 972.7
61 803.9 61 803.9
4 222.3 4 222.3
-121.8 -121.8
666.2 666.2
873.2 873.2
5 809.6 5 809.6
1 342.6 1 342.6
-4 463.2 -4 463.2
18 375.5 18 375.5
⬤ Отклонение, млн. руб.
Интер РАО (для ФСК)
Промышленные потребители
Транспорт
Нефтедобыча
Нефтепереработка
Нефтепроводы
Газопроводы
Сельское хозяйство и пищевая пр…
Непромышленные потребители
Государственные (муниципальные…
Население и приравненные групп…
Территориальные сетевые органи…
Динамика электропотребления, млрд. кВт.ч. по ПАО Россети на 2023 год
10 10
190 190
36 36
14 14
9 9
14 14
4 4
17 17
80 80
19 19
82 82
588 588
10 10
197 197
37 37
48 48
10 10
15 15
4 4
18 18
80 80
19 19
82 82
608 608
План
Ожидаемое (прогноз по конца года)
Интер РАО (дляФСК)
Промышленныепотребители
Транспорт
Нефтедобыча
Нефтепереработка
Нефтепроводы
Газопроводы
Сельскоехозяйство ипищеваяпромышленность
Непромышленныепотребители
Государственные(муниципальные)организации ипрочиебюджетныепотребители
Население иприравненныегруппыпотребителей
Территориальныесетевыеорганизации
Выручка по ПАО Россети на 2023 год
5 5
319 319
81 81
16 16
16 16
20 20
2 2
56 56
215 215
67 67
218 218
239 239
6 6
331 331
82 82
77 77
20 20
20 20
3 3
57 57
220 220
68 68
214 214
258 258
План
Ожидаемое (прогноз по конца года)
Интер РАО (дляФСК)
Промышленныепотребители
Транспорт
Нефтедобыча
Нефтепереработка
Нефтепроводы
Газопроводы
Сельскоехозяйство ипищеваяпромышленность
Непромышленныепотребители
Государственные(муниципальные)организации ипрочиебюджетныепотребители
Население иприравненныегруппыпотребителей
Территориальныесетевыеорганизации
абс.
%
Прогноз на месяц 
Ноябрь
КПО/Отпуск из сети 
Отпуск из сети, млн. кВт.ч
Организация 
Все
Прогноз электропотребления и выручки за услуги по передаче в разрезе отраслей' are equal

26-05-2025T07:30:25 - [MESSAGE][PASSED] - Actual object 'Год 
2023 год
Сравнение с 
План
Отклонения по ПАО Россети на 2023 год
-492.2 -492.2
7 165.1 7 165.1
689.3 689.3
33 271.7 33 271.7
986.4 986.4
593.8 593.8
764.0 764.0
670.4 670.4
-592.4 -592.4
308.8 308.8
-940.9 -940.9
19 604.1 19 604.1
⬤ Отклонение, млн. кВт.ч
Интер РАО (для ФСК)
Промышленные потребители
Транспорт
Нефтедобыча
Нефтепереработка
Нефтепроводы
Газопроводы
Сельское хозяйство и пищевая пр…
Непромышленные потребители
Государственные (муниципальные…
Население и приравненные групп…
Территориальные сетевые органи…
Выручка отклонения по ПАО Россети на 2023 год
794.9 794.9
12 195.0 12 195.0
972.7 972.7
61 803.9 61 803.9
4 222.3 4 222.3
-121.8 -121.8
666.2 666.2
873.2 873.2
5 809.6 5 809.6
1 342.6 1 342.6
-4 463.2 -4 463.2
18 375.5 18 375.5
⬤ Отклонение, млн. руб.
Интер РАО (для ФСК)
Промышленные потребители
Транспорт
Нефтедобыча
Нефтепереработка
Нефтепроводы
Газопроводы
Сельское хозяйство и пищевая пр…
Непромышленные потребители
Государственные (муниципальные…
Население и приравненные групп…
Территориальные сетевые органи…
Динамика электропотребления, млрд. кВт.ч. по ПАО Россети на 2023 год
10 10
190 190
36 36
14 14
9 9
14 14
4 4
17 17
80 80
19 19
82 82
588 588
10 10
197 197
37 37
48 48
10 10
15 15
4 4
18 18
80 80
19 19
82 82
608 608
План
Ожидаемое (прогноз по конца года)
Интер РАО (дляФСК)
Промышленныепотребители
Транспорт
Нефтедобыча
Нефтепереработка
Нефтепроводы
Газопроводы
Сельскоехозяйство ипищеваяпромышленность
Непромышленныепотребители
Государственные(муниципальные)организации ипрочиебюджетныепотребители
Население иприравненныегруппыпотребителей
Территориальныесетевыеорганизации
Выручка по ПАО Россети на 2023 год
5 5
319 319
81 81
16 16
16 16
20 20
2 2
56 56
215 215
67 67
218 218
239 239
6 6
331 331
82 82
77 77
20 20
20 20
3 3
57 57
220 220
68 68
214 214
258 258
План
Ожидаемое (прогноз по конца года)
Интер РАО (дляФСК)
Промышленныепотребители
Транспорт
Нефтедобыча
Нефтепереработка
Нефтепроводы
Газопроводы
Сельскоехозяйство ипищеваяпромышленность
Непромышленныепотребители
Государственные(муниципальные)организации ипрочиебюджетныепотребители
Население иприравненныегруппыпотребителей
Территориальныесетевыеорганизации
абс.
%
Прогноз на месяц 
Ноябрь
КПО/Отпуск из сети 
Отпуск из сети, млн. кВт.ч
Организация 
Все
Прогноз электропотребления и выручки за услуги по передаче в разрезе отраслей' and expected object 'Год 
2023 год
Сравнение с 
План
Отклонения по ПАО Россети на 2023 год
-492.2 -492.2
7 165.1 7 165.1
689.3 689.3
33 271.7 33 271.7
986.4 986.4
593.8 593.8
764.0 764.0
670.4 670.4
-592.4 -592.4
308.8 308.8
-940.9 -940.9
19 604.1 19 604.1
⬤ Отклонение, млн. кВт.ч
Интер РАО (для ФСК)
Промышленные потребители
Транспорт
Нефтедобыча
Нефтепереработка
Нефтепроводы
Газопроводы
Сельское хозяйство и пищевая пр…
Непромышленные потребители
Государственные (муниципальные…
Население и приравненные групп…
Территориальные сетевые органи…
Выручка отклонения по ПАО Россети на 2023 год
794.9 794.9
12 195.0 12 195.0
972.7 972.7
61 803.9 61 803.9
4 222.3 4 222.3
-121.8 -121.8
666.2 666.2
873.2 873.2
5 809.6 5 809.6
1 342.6 1 342.6
-4 463.2 -4 463.2
18 375.5 18 375.5
⬤ Отклонение, млн. руб.
Интер РАО (для ФСК)
Промышленные потребители
Транспорт
Нефтедобыча
Нефтепереработка
Нефтепроводы
Газопроводы
Сельское хозяйство и пищевая пр…
Непромышленные потребители
Государственные (муниципальные…
Население и приравненные групп…
Территориальные сетевые органи…
Динамика электропотребления, млрд. кВт.ч. по ПАО Россети на 2023 год
10 10
190 190
36 36
14 14
9 9
14 14
4 4
17 17
80 80
19 19
82 82
588 588
10 10
197 197
37 37
48 48
10 10
15 15
4 4
18 18
80 80
19 19
82 82
608 608
План
Ожидаемое (прогноз по конца года)
Интер РАО (дляФСК)
Промышленныепотребители
Транспорт
Нефтедобыча
Нефтепереработка
Нефтепроводы
Газопроводы
Сельскоехозяйство ипищеваяпромышленность
Непромышленныепотребители
Государственные(муниципальные)организации ипрочиебюджетныепотребители
Население иприравненныегруппыпотребителей
Территориальныесетевыеорганизации
Выручка по ПАО Россети на 2023 год
5 5
319 319
81 81
16 16
16 16
20 20
2 2
56 56
215 215
67 67
218 218
239 239
6 6
331 331
82 82
77 77
20 20
20 20
3 3
57 57
220 220
68 68
214 214
258 258
План
Ожидаемое (прогноз по конца года)
Интер РАО (дляФСК)
Промышленныепотребители
Транспорт
Нефтедобыча
Нефтепереработка
Нефтепроводы
Газопроводы
Сельскоехозяйство ипищеваяпромышленность
Непромышленныепотребители
Государственные(муниципальные)организации ипрочиебюджетныепотребители
Население иприравненныегруппыпотребителей
Территориальныесетевыеорганизации
абс.
%
Прогноз на месяц 
Ноябрь
КПО/Отпуск из сети 
Отпуск из сети, млн. кВт.ч
Организация 
Все
Прогноз электропотребления и выручки за услуги по передаче в разрезе отраслей' are equal

26-05-2025T07:30:25 - [TEST_STEP][PASSED] - Script1686231490255.WriteToExcel(user, dashboardName, n, data, run, a1, a2, a3, a4, a5, a6, a7, a8, a9): null

26-05-2025T07:30:25 - [TEST_STEP][PASSED] - sheetName = "Sheet1": null

26-05-2025T07:30:25 - [TEST_STEP][PASSED] - workbook01 = getWorkbook(excelFilePath): null

26-05-2025T07:30:25 - [TEST_STEP][PASSED] - sheet01 = getExcelSheet(workbook01, sheetName): null

26-05-2025T07:30:25 - [TEST_STEP][PASSED] - setValueToCellByIndex(sheet01, n, 0, dashboardName): null

26-05-2025T07:30:25 - [TEST_STEP][PASSED] - setValueToCellByIndex(sheet01, n, 10, user): null

26-05-2025T07:30:25 - [TEST_STEP][PASSED] - setValueToCellByIndex(sheet01, n, 1, a1): null

26-05-2025T07:30:25 - [TEST_STEP][PASSED] - setValueToCellByIndex(sheet01, n, 2, a2): null

26-05-2025T07:30:25 - [TEST_STEP][PASSED] - setValueToCellByIndex(sheet01, n, 3, a3): null

26-05-2025T07:30:25 - [TEST_STEP][PASSED] - setValueToCellByIndex(sheet01, n, 4, a4): null

26-05-2025T07:30:25 - [TEST_STEP][PASSED] - setValueToCellByIndex(sheet01, n, 5, a5): null

26-05-2025T07:30:25 - [TEST_STEP][PASSED] - setValueToCellByIndex(sheet01, n, 6, a6): null

26-05-2025T07:30:25 - [TEST_STEP][PASSED] - setValueToCellByIndex(sheet01, n, 7, a7): null

26-05-2025T07:30:25 - [TEST_STEP][PASSED] - setValueToCellByIndex(sheet01, n, 8, a8): null

26-05-2025T07:30:25 - [TEST_STEP][PASSED] - setValueToCellByIndex(sheet01, n, 9, a9): null

26-05-2025T07:30:25 - [TEST_STEP][PASSED] - n = n + 1: null

26-05-2025T07:30:25 - [TEST_STEP][PASSED] - saveWorkbook(excelFilePath, workbook01): null

26-05-2025T07:30:26 - [TEST_STEP][PASSED] - if (run == 3): null

26-05-2025T07:30:26 - [TEST_STEP][PASSED] - closeBrowser(): null

26-05-2025T07:30:26 - [MESSAGE][PASSED] - Browser is closed

26-05-2025T07:30:26 - [TEST_STEP][PASSED] - PrognozPoOtraslyam(user, dashboardName, n, data, run, a1, a2, a3, a4, a5, a6, a7, a8, a9, urlData): null

26-05-2025T07:30:26 - [TEST_STEP][PASSED] - n = data.getRowNumbers() + 1: null

26-05-2025T07:30:26 - [TEST_STEP][PASSED] - println(n): null

26-05-2025T07:30:26 - [TEST_STEP][PASSED] - dashboardName = "Прогноз по отраслям": null

26-05-2025T07:30:26 - [TEST_STEP][PASSED] - openBrowser(""): Browser is opened with url: ''

26-05-2025T07:30:26 - [MESSAGE][INFO] - Starting 'Chrome' driver

26-05-2025T07:30:26 - [MESSAGE][INFO] - Action delay is set to 0 milliseconds

26-05-2025T07:30:27 - [MESSAGE][PASSED] - Browser is opened with url: ''

26-05-2025T07:30:27 - [TEST_STEP][PASSED] - urlData = 6: null

26-05-2025T07:30:27 - [TEST_STEP][PASSED] - Script1686231490255.CheckPageDownload(urlData, run): null

26-05-2025T07:30:27 - [TEST_STEP][PASSED] - i = 1: null

26-05-2025T07:30:27 - [TEST_STEP][PASSED] - ii = 0: null

26-05-2025T07:30:27 - [TEST_STEP][PASSED] - urlText = <not implemented yet for class: org.codehaus.groovy.ast.expr.EmptyExpression>: null

26-05-2025T07:30:27 - [TEST_STEP][PASSED] - searchWord = <not implemented yet for class: org.codehaus.groovy.ast.expr.EmptyExpression>: null

26-05-2025T07:30:27 - [TEST_STEP][PASSED] - deleteAllCookies(): Delete all cookies successfully

26-05-2025T07:30:27 - [MESSAGE][PASSED] - Delete all cookies successfully

26-05-2025T07:30:27 - [TEST_STEP][PASSED] - refresh(): Refresh successfully

26-05-2025T07:30:27 - [MESSAGE][PASSED] - Refresh successfully

26-05-2025T07:30:27 - [TEST_STEP][PASSED] - delay(40): Delayed 40 second(s)

26-05-2025T07:31:07 - [MESSAGE][PASSED] - Delayed 40 second(s)

26-05-2025T07:31:07 - [TEST_STEP][PASSED] - navigateToUrl(findTestData("PlanFact").getValue(10, urlData)): Navigate to 'https://bi.rosseti.digital/viewer?dashboardGuid=d6acb5b1a7114a9791b34de39263106e&sheetGuid=0b6d261d7f7b4424a967aa8f3a724189&fit=true' successfully

26-05-2025T07:31:09 - [MESSAGE][PASSED] - Navigate to 'https://bi.rosseti.digital/viewer?dashboardGuid=d6acb5b1a7114a9791b34de39263106e&sheetGuid=0b6d261d7f7b4424a967aa8f3a724189&fit=true' successfully

26-05-2025T07:31:09 - [TEST_STEP][PASSED] - pageLoaded1 = verifyElementPresent(findTestObject("Страница авторизации/Text"), 30): Object 'Object Repository/Страница авторизации/Text' is present

26-05-2025T07:31:10 - [MESSAGE][PASSED] - Object 'Object Repository/Страница авторизации/Text' is present

26-05-2025T07:31:10 - [TEST_STEP][PASSED] - if (pageLoaded1 == false): null

26-05-2025T07:31:10 - [TEST_STEP][PASSED] - urlText = getText(findTestObject("Страница авторизации/Text")): Text of object 'Object Repository/Страница авторизации/Text' is: 'Вход'

26-05-2025T07:31:10 - [MESSAGE][PASSED] - Text of object 'Object Repository/Страница авторизации/Text' is: 'Вход'

26-05-2025T07:31:10 - [TEST_STEP][PASSED] - delay(40): Delayed 40 second(s)

26-05-2025T07:31:50 - [MESSAGE][PASSED] - Delayed 40 second(s)

26-05-2025T07:31:50 - [TEST_STEP][PASSED] - searchWord = "Вход": null

26-05-2025T07:31:50 - [TEST_STEP][PASSED] - if (urlText.contains(searchWord) == false): null

26-05-2025T07:31:50 - [TEST_STEP][PASSED] - setText(findTestObject("Страница авторизации/input__username"), findTestData("PlanFact").getValue(8, run)): Text 'Petrova-OV' is set on object 'Object Repository/Страница авторизации/input__username'

26-05-2025T07:31:51 - [MESSAGE][PASSED] - Text 'Petrova-OV' is set on object 'Object Repository/Страница авторизации/input__username'

26-05-2025T07:31:51 - [TEST_STEP][PASSED] - setText(findTestObject("Страница авторизации/input__password"), findTestData("PlanFact").getValue(9, run)): Text '4Ex@~R53r&3x&BVe7' is set on object 'Object Repository/Страница авторизации/input__password'

26-05-2025T07:31:51 - [MESSAGE][PASSED] - Text '4Ex@~R53r&3x&BVe7' is set on object 'Object Repository/Страница авторизации/input__password'

26-05-2025T07:31:51 - [TEST_STEP][PASSED] - click(findTestObject("Страница авторизации/button_")): Object: 'Object Repository/Страница авторизации/button_' is clicked on

26-05-2025T07:31:52 - [MESSAGE][PASSED] - Object: 'Object Repository/Страница авторизации/button_' is clicked on

26-05-2025T07:31:52 - [TEST_STEP][PASSED] - delay(40): Delayed 40 second(s)

26-05-2025T07:32:32 - [MESSAGE][PASSED] - Delayed 40 second(s)

26-05-2025T07:32:32 - [TEST_STEP][PASSED] - searchWord = "а": null

26-05-2025T07:32:32 - [TEST_STEP][PASSED] - pageLoaded2 = verifyElementPresent(findTestObject("Страница авторизации/Text"), 50): Object 'Object Repository/Страница авторизации/Text' is present

26-05-2025T07:32:33 - [MESSAGE][PASSED] - Object 'Object Repository/Страница авторизации/Text' is present

26-05-2025T07:32:33 - [TEST_STEP][PASSED] - if (pageLoaded2 == false): null

26-05-2025T07:32:33 - [TEST_STEP][PASSED] - urlText = getText(findTestObject("Страница авторизации/Text")): Text of object 'Object Repository/Страница авторизации/Text' is: 'Год 
2023 год
Сравнение с 
План
Динамика электропотребления, млрд. кВт.ч. по ПАО Россети на 2023 год
10 10
190 190
36 36
14 14
9 9
14 14
4 4
17 17
80 80
19 19
82 82
588 588
10 10
197 197
37 37
48 48
10 10
15 15
4 4
18 18
80 80
19 19
82 82
608 608
План
Ожидаемое (прогноз по конца года)
Интер РАО (дляФСК)
Промышленныепотребители
Транспорт
Нефтедобыча
Нефтепереработка
Нефтепроводы
Газопроводы
Сельскоехозяйство ипищеваяпромышленность
Непромышленныепотребители
Государственные(муниципальные)организации ипрочиебюджетныепотребители
Население иприравненныегруппыпотребителей
Территориальныесетевыеорганизации
Выручка по ПАО Россети на 2023 год
5 5
319 319
81 81
16 16
16 16
20 20
2 2
56 56
215 215
67 67
218 218
239 239
6 6
331 331
82 82
77 77
20 20
20 20
3 3
57 57
220 220
68 68
214 214
258 258
План
Ожидаемое (прогноз по конца года)
Интер РАО (дляФСК)
Промышленныепотребители
Транспорт
Нефтедобыча
Нефтепереработка
Нефтепроводы
Газопроводы
Сельскоехозяйство ипищеваяпромышленность
Непромышленныепотребители
Государственные(муниципальные)организации ипрочиебюджетныепотребители
Население иприравненныегруппыпотребителей
Территориальныесетевыеорганизации
Отклонения по ПАО Россети на 2023 год
-4.7% -4.7%
3.8% 3.8%
1.9% 1.9%
230.3% 230.3%
10.9% 10.9%
4.2% 4.2%
21.7% 21.7%
3.9% 3.9%
-0.6% -0.6%
1.6% 1.6%
-1.0% -1.0%
3.3% 3.3%
⬤ Отклонение, %
Интер РАО (для ФСК)
Промышленные потребители
Транспорт
Нефтедобыча
Нефтепереработка
Нефтепроводы
Газопроводы
Сельское хозяйство и пищевая пр…
Непромышленные потребители
Государственные (муниципальные…
Население и приравненные групп…
Территориальные сетевые органи…
Выручка отклонения по ПАО Россети на 2023 год
15.6% 15.6%
3.8% 3.8%
1.2% 1.2%
398.2% 398.2%
26.9% 26.9%
-0.6% -0.6%
26.9% 26.9%
1.5% 1.5%
2.7% 2.7%
2.0% 2.0%
-2.0% -2.0%
7.9% 7.9%
⬤ Отклонение, %
Интер РАО (для ФСК)
Промышленные потребители
Транспорт
Нефтедобыча
Нефтепереработка
Нефтепроводы
Газопроводы
Сельское хозяйство и пищевая пр…
Непромышленные потребители
Государственные (муниципальные…
Население и приравненные групп…
Территориальные сетевые органи…
абс.
%
Прогноз на месяц 
Ноябрь
КПО/Отпуск из сети 
Отпуск из сети, млн. кВт.ч
Организация 
Все
Прогноз электропотребления и выручки за услуги по передаче в разрезе отраслей'

26-05-2025T07:32:33 - [MESSAGE][PASSED] - Text of object 'Object Repository/Страница авторизации/Text' is: 'Год 
2023 год
Сравнение с 
План
Динамика электропотребления, млрд. кВт.ч. по ПАО Россети на 2023 год
10 10
190 190
36 36
14 14
9 9
14 14
4 4
17 17
80 80
19 19
82 82
588 588
10 10
197 197
37 37
48 48
10 10
15 15
4 4
18 18
80 80
19 19
82 82
608 608
План
Ожидаемое (прогноз по конца года)
Интер РАО (дляФСК)
Промышленныепотребители
Транспорт
Нефтедобыча
Нефтепереработка
Нефтепроводы
Газопроводы
Сельскоехозяйство ипищеваяпромышленность
Непромышленныепотребители
Государственные(муниципальные)организации ипрочиебюджетныепотребители
Население иприравненныегруппыпотребителей
Территориальныесетевыеорганизации
Выручка по ПАО Россети на 2023 год
5 5
319 319
81 81
16 16
16 16
20 20
2 2
56 56
215 215
67 67
218 218
239 239
6 6
331 331
82 82
77 77
20 20
20 20
3 3
57 57
220 220
68 68
214 214
258 258
План
Ожидаемое (прогноз по конца года)
Интер РАО (дляФСК)
Промышленныепотребители
Транспорт
Нефтедобыча
Нефтепереработка
Нефтепроводы
Газопроводы
Сельскоехозяйство ипищеваяпромышленность
Непромышленныепотребители
Государственные(муниципальные)организации ипрочиебюджетныепотребители
Население иприравненныегруппыпотребителей
Территориальныесетевыеорганизации
Отклонения по ПАО Россети на 2023 год
-4.7% -4.7%
3.8% 3.8%
1.9% 1.9%
230.3% 230.3%
10.9% 10.9%
4.2% 4.2%
21.7% 21.7%
3.9% 3.9%
-0.6% -0.6%
1.6% 1.6%
-1.0% -1.0%
3.3% 3.3%
⬤ Отклонение, %
Интер РАО (для ФСК)
Промышленные потребители
Транспорт
Нефтедобыча
Нефтепереработка
Нефтепроводы
Газопроводы
Сельское хозяйство и пищевая пр…
Непромышленные потребители
Государственные (муниципальные…
Население и приравненные групп…
Территориальные сетевые органи…
Выручка отклонения по ПАО Россети на 2023 год
15.6% 15.6%
3.8% 3.8%
1.2% 1.2%
398.2% 398.2%
26.9% 26.9%
-0.6% -0.6%
26.9% 26.9%
1.5% 1.5%
2.7% 2.7%
2.0% 2.0%
-2.0% -2.0%
7.9% 7.9%
⬤ Отклонение, %
Интер РАО (для ФСК)
Промышленные потребители
Транспорт
Нефтедобыча
Нефтепереработка
Нефтепроводы
Газопроводы
Сельское хозяйство и пищевая пр…
Непромышленные потребители
Государственные (муниципальные…
Население и приравненные групп…
Территориальные сетевые органи…
абс.
%
Прогноз на месяц 
Ноябрь
КПО/Отпуск из сети 
Отпуск из сети, млн. кВт.ч
Организация 
Все
Прогноз электропотребления и выручки за услуги по передаче в разрезе отраслей'

26-05-2025T07:32:33 - [TEST_STEP][PASSED] - if (urlText.contains("ошибка") || urlText.contains(searchWord) == false): null

26-05-2025T07:32:33 - [TEST_STEP][PASSED] - a3 = "": null

26-05-2025T07:32:33 - [TEST_STEP][PASSED] - a4 = "": null

26-05-2025T07:32:33 - [TEST_STEP][PASSED] - a5 = "": null

26-05-2025T07:32:33 - [TEST_STEP][PASSED] - a6 = "": null

26-05-2025T07:32:33 - [TEST_STEP][PASSED] - a7 = "": null

26-05-2025T07:32:33 - [TEST_STEP][PASSED] - a8 = "": null

26-05-2025T07:32:33 - [TEST_STEP][PASSED] - a9 = "": null

26-05-2025T07:32:33 - [TEST_STEP][PASSED] - if (run == 1): null

26-05-2025T07:32:33 - [TEST_STEP][PASSED] - if (run == 2): null

26-05-2025T07:32:33 - [TEST_STEP][PASSED] - if (run == 3): null

26-05-2025T07:32:33 - [TEST_STEP][PASSED] - user = "Попова": null

26-05-2025T07:32:33 - [TEST_STEP][PASSED] - a1 = getText(findTestObject("Прогноз по отраслям/Виджеты дашборда")): Text of object 'Object Repository/Прогноз по отраслям/Виджеты дашборда' is: 'Год 
2023 год
Сравнение с 
План
Динамика электропотребления, млрд. кВт.ч. по ПАО Россети на 2023 год
10 10
190 190
36 36
14 14
9 9
14 14
4 4
17 17
80 80
19 19
82 82
588 588
10 10
197 197
37 37
48 48
10 10
15 15
4 4
18 18
80 80
19 19
82 82
608 608
План
Ожидаемое (прогноз по конца года)
Интер РАО (дляФСК)
Промышленныепотребители
Транспорт
Нефтедобыча
Нефтепереработка
Нефтепроводы
Газопроводы
Сельскоехозяйство ипищеваяпромышленность
Непромышленныепотребители
Государственные(муниципальные)организации ипрочиебюджетныепотребители
Население иприравненныегруппыпотребителей
Территориальныесетевыеорганизации
Выручка по ПАО Россети на 2023 год
5 5
319 319
81 81
16 16
16 16
20 20
2 2
56 56
215 215
67 67
218 218
239 239
6 6
331 331
82 82
77 77
20 20
20 20
3 3
57 57
220 220
68 68
214 214
258 258
План
Ожидаемое (прогноз по конца года)
Интер РАО (дляФСК)
Промышленныепотребители
Транспорт
Нефтедобыча
Нефтепереработка
Нефтепроводы
Газопроводы
Сельскоехозяйство ипищеваяпромышленность
Непромышленныепотребители
Государственные(муниципальные)организации ипрочиебюджетныепотребители
Население иприравненныегруппыпотребителей
Территориальныесетевыеорганизации
Отклонения по ПАО Россети на 2023 год
-4.7% -4.7%
3.8% 3.8%
1.9% 1.9%
230.3% 230.3%
10.9% 10.9%
4.2% 4.2%
21.7% 21.7%
3.9% 3.9%
-0.6% -0.6%
1.6% 1.6%
-1.0% -1.0%
3.3% 3.3%
⬤ Отклонение, %
Интер РАО (для ФСК)
Промышленные потребители
Транспорт
Нефтедобыча
Нефтепереработка
Нефтепроводы
Газопроводы
Сельское хозяйство и пищевая пр…
Непромышленные потребители
Государственные (муниципальные…
Население и приравненные групп…
Территориальные сетевые органи…
Выручка отклонения по ПАО Россети на 2023 год
15.6% 15.6%
3.8% 3.8%
1.2% 1.2%
398.2% 398.2%
26.9% 26.9%
-0.6% -0.6%
26.9% 26.9%
1.5% 1.5%
2.7% 2.7%
2.0% 2.0%
-2.0% -2.0%
7.9% 7.9%
⬤ Отклонение, %
Интер РАО (для ФСК)
Промышленные потребители
Транспорт
Нефтедобыча
Нефтепереработка
Нефтепроводы
Газопроводы
Сельское хозяйство и пищевая пр…
Непромышленные потребители
Государственные (муниципальные…
Население и приравненные групп…
Территориальные сетевые органи…
абс.
%
Прогноз на месяц 
Ноябрь
КПО/Отпуск из сети 
Отпуск из сети, млн. кВт.ч
Организация 
Все
Прогноз электропотребления и выручки за услуги по передаче в разрезе отраслей'

26-05-2025T07:32:34 - [MESSAGE][PASSED] - Text of object 'Object Repository/Прогноз по отраслям/Виджеты дашборда' is: 'Год 
2023 год
Сравнение с 
План
Динамика электропотребления, млрд. кВт.ч. по ПАО Россети на 2023 год
10 10
190 190
36 36
14 14
9 9
14 14
4 4
17 17
80 80
19 19
82 82
588 588
10 10
197 197
37 37
48 48
10 10
15 15
4 4
18 18
80 80
19 19
82 82
608 608
План
Ожидаемое (прогноз по конца года)
Интер РАО (дляФСК)
Промышленныепотребители
Транспорт
Нефтедобыча
Нефтепереработка
Нефтепроводы
Газопроводы
Сельскоехозяйство ипищеваяпромышленность
Непромышленныепотребители
Государственные(муниципальные)организации ипрочиебюджетныепотребители
Население иприравненныегруппыпотребителей
Территориальныесетевыеорганизации
Выручка по ПАО Россети на 2023 год
5 5
319 319
81 81
16 16
16 16
20 20
2 2
56 56
215 215
67 67
218 218
239 239
6 6
331 331
82 82
77 77
20 20
20 20
3 3
57 57
220 220
68 68
214 214
258 258
План
Ожидаемое (прогноз по конца года)
Интер РАО (дляФСК)
Промышленныепотребители
Транспорт
Нефтедобыча
Нефтепереработка
Нефтепроводы
Газопроводы
Сельскоехозяйство ипищеваяпромышленность
Непромышленныепотребители
Государственные(муниципальные)организации ипрочиебюджетныепотребители
Население иприравненныегруппыпотребителей
Территориальныесетевыеорганизации
Отклонения по ПАО Россети на 2023 год
-4.7% -4.7%
3.8% 3.8%
1.9% 1.9%
230.3% 230.3%
10.9% 10.9%
4.2% 4.2%
21.7% 21.7%
3.9% 3.9%
-0.6% -0.6%
1.6% 1.6%
-1.0% -1.0%
3.3% 3.3%
⬤ Отклонение, %
Интер РАО (для ФСК)
Промышленные потребители
Транспорт
Нефтедобыча
Нефтепереработка
Нефтепроводы
Газопроводы
Сельское хозяйство и пищевая пр…
Непромышленные потребители
Государственные (муниципальные…
Население и приравненные групп…
Территориальные сетевые органи…
Выручка отклонения по ПАО Россети на 2023 год
15.6% 15.6%
3.8% 3.8%
1.2% 1.2%
398.2% 398.2%
26.9% 26.9%
-0.6% -0.6%
26.9% 26.9%
1.5% 1.5%
2.7% 2.7%
2.0% 2.0%
-2.0% -2.0%
7.9% 7.9%
⬤ Отклонение, %
Интер РАО (для ФСК)
Промышленные потребители
Транспорт
Нефтедобыча
Нефтепереработка
Нефтепроводы
Газопроводы
Сельское хозяйство и пищевая пр…
Непромышленные потребители
Государственные (муниципальные…
Население и приравненные групп…
Территориальные сетевые органи…
абс.
%
Прогноз на месяц 
Ноябрь
КПО/Отпуск из сети 
Отпуск из сети, млн. кВт.ч
Организация 
Все
Прогноз электропотребления и выручки за услуги по передаче в разрезе отраслей'

26-05-2025T07:32:34 - [TEST_STEP][PASSED] - click(findTestObject("Прогноз по отраслям/Переключить отображение с процентов на абс Блок руководителя")): Object: 'Object Repository/Прогноз по отраслям/Переключить отображение с процентов на абс Блок руководителя' is clicked on

26-05-2025T07:32:34 - [MESSAGE][PASSED] - Object: 'Object Repository/Прогноз по отраслям/Переключить отображение с процентов на абс Блок руководителя' is clicked on

26-05-2025T07:32:34 - [TEST_STEP][PASSED] - a2 = getText(findTestObject("Прогноз по отраслям/Виджеты дашборда")): Text of object 'Object Repository/Прогноз по отраслям/Виджеты дашборда' is: 'Год 
2023 год
Сравнение с 
План
Отклонения по ПАО Россети на 2023 год
-492.2 -492.2
7 165.1 7 165.1
689.3 689.3
33 271.7 33 271.7
986.4 986.4
593.8 593.8
764.0 764.0
670.4 670.4
-592.4 -592.4
308.8 308.8
-940.9 -940.9
19 604.1 19 604.1
⬤ Отклонение, млн. кВт.ч
Интер РАО (для ФСК)
Промышленные потребители
Транспорт
Нефтедобыча
Нефтепереработка
Нефтепроводы
Газопроводы
Сельское хозяйство и пищевая пр…
Непромышленные потребители
Государственные (муниципальные…
Население и приравненные групп…
Территориальные сетевые органи…
Выручка отклонения по ПАО Россети на 2023 год
794.9 794.9
12 195.0 12 195.0
972.7 972.7
61 803.9 61 803.9
4 222.3 4 222.3
-121.8 -121.8
666.2 666.2
873.2 873.2
5 809.6 5 809.6
1 342.6 1 342.6
-4 463.2 -4 463.2
18 375.5 18 375.5
⬤ Отклонение, млн. руб.
Интер РАО (для ФСК)
Промышленные потребители
Транспорт
Нефтедобыча
Нефтепереработка
Нефтепроводы
Газопроводы
Сельское хозяйство и пищевая пр…
Непромышленные потребители
Государственные (муниципальные…
Население и приравненные групп…
Территориальные сетевые органи…
Динамика электропотребления, млрд. кВт.ч. по ПАО Россети на 2023 год
10 10
190 190
36 36
14 14
9 9
14 14
4 4
17 17
80 80
19 19
82 82
588 588
10 10
197 197
37 37
48 48
10 10
15 15
4 4
18 18
80 80
19 19
82 82
608 608
План
Ожидаемое (прогноз по конца года)
Интер РАО (дляФСК)
Промышленныепотребители
Транспорт
Нефтедобыча
Нефтепереработка
Нефтепроводы
Газопроводы
Сельскоехозяйство ипищеваяпромышленность
Непромышленныепотребители
Государственные(муниципальные)организации ипрочиебюджетныепотребители
Население иприравненныегруппыпотребителей
Территориальныесетевыеорганизации
Выручка по ПАО Россети на 2023 год
5 5
319 319
81 81
16 16
16 16
20 20
2 2
56 56
215 215
67 67
218 218
239 239
6 6
331 331
82 82
77 77
20 20
20 20
3 3
57 57
220 220
68 68
214 214
258 258
План
Ожидаемое (прогноз по конца года)
Интер РАО (дляФСК)
Промышленныепотребители
Транспорт
Нефтедобыча
Нефтепереработка
Нефтепроводы
Газопроводы
Сельскоехозяйство ипищеваяпромышленность
Непромышленныепотребители
Государственные(муниципальные)организации ипрочиебюджетныепотребители
Население иприравненныегруппыпотребителей
Территориальныесетевыеорганизации
абс.
%
Прогноз на месяц 
Ноябрь
КПО/Отпуск из сети 
Отпуск из сети, млн. кВт.ч
Организация 
Все
Прогноз электропотребления и выручки за услуги по передаче в разрезе отраслей'

26-05-2025T07:32:34 - [MESSAGE][PASSED] - Text of object 'Object Repository/Прогноз по отраслям/Виджеты дашборда' is: 'Год 
2023 год
Сравнение с 
План
Отклонения по ПАО Россети на 2023 год
-492.2 -492.2
7 165.1 7 165.1
689.3 689.3
33 271.7 33 271.7
986.4 986.4
593.8 593.8
764.0 764.0
670.4 670.4
-592.4 -592.4
308.8 308.8
-940.9 -940.9
19 604.1 19 604.1
⬤ Отклонение, млн. кВт.ч
Интер РАО (для ФСК)
Промышленные потребители
Транспорт
Нефтедобыча
Нефтепереработка
Нефтепроводы
Газопроводы
Сельское хозяйство и пищевая пр…
Непромышленные потребители
Государственные (муниципальные…
Население и приравненные групп…
Территориальные сетевые органи…
Выручка отклонения по ПАО Россети на 2023 год
794.9 794.9
12 195.0 12 195.0
972.7 972.7
61 803.9 61 803.9
4 222.3 4 222.3
-121.8 -121.8
666.2 666.2
873.2 873.2
5 809.6 5 809.6
1 342.6 1 342.6
-4 463.2 -4 463.2
18 375.5 18 375.5
⬤ Отклонение, млн. руб.
Интер РАО (для ФСК)
Промышленные потребители
Транспорт
Нефтедобыча
Нефтепереработка
Нефтепроводы
Газопроводы
Сельское хозяйство и пищевая пр…
Непромышленные потребители
Государственные (муниципальные…
Население и приравненные групп…
Территориальные сетевые органи…
Динамика электропотребления, млрд. кВт.ч. по ПАО Россети на 2023 год
10 10
190 190
36 36
14 14
9 9
14 14
4 4
17 17
80 80
19 19
82 82
588 588
10 10
197 197
37 37
48 48
10 10
15 15
4 4
18 18
80 80
19 19
82 82
608 608
План
Ожидаемое (прогноз по конца года)
Интер РАО (дляФСК)
Промышленныепотребители
Транспорт
Нефтедобыча
Нефтепереработка
Нефтепроводы
Газопроводы
Сельскоехозяйство ипищеваяпромышленность
Непромышленныепотребители
Государственные(муниципальные)организации ипрочиебюджетныепотребители
Население иприравненныегруппыпотребителей
Территориальныесетевыеорганизации
Выручка по ПАО Россети на 2023 год
5 5
319 319
81 81
16 16
16 16
20 20
2 2
56 56
215 215
67 67
218 218
239 239
6 6
331 331
82 82
77 77
20 20
20 20
3 3
57 57
220 220
68 68
214 214
258 258
План
Ожидаемое (прогноз по конца года)
Интер РАО (дляФСК)
Промышленныепотребители
Транспорт
Нефтедобыча
Нефтепереработка
Нефтепроводы
Газопроводы
Сельскоехозяйство ипищеваяпромышленность
Непромышленныепотребители
Государственные(муниципальные)организации ипрочиебюджетныепотребители
Население иприравненныегруппыпотребителей
Территориальныесетевыеорганизации
абс.
%
Прогноз на месяц 
Ноябрь
КПО/Отпуск из сети 
Отпуск из сети, млн. кВт.ч
Организация 
Все
Прогноз электропотребления и выручки за услуги по передаче в разрезе отраслей'

26-05-2025T07:32:34 - [TEST_STEP][PASSED] - click(findTestObject("Прогноз по отраслям/Переключить отображение с абс на проценты")): Object: 'Object Repository/Прогноз по отраслям/Переключить отображение с абс на проценты' is clicked on

26-05-2025T07:32:35 - [MESSAGE][PASSED] - Object: 'Object Repository/Прогноз по отраслям/Переключить отображение с абс на проценты' is clicked on

26-05-2025T07:32:35 - [TEST_STEP][PASSED] - i = a1.indexOf("млрд. кВт.ч."): null

26-05-2025T07:32:35 - [TEST_STEP][PASSED] - if (i > -1): null

26-05-2025T07:32:35 - [TEST_STEP][PASSED] - a1 = a1.substring(0, i) + a1.substring(i + 12, a1.length()): null

26-05-2025T07:32:35 - [TEST_STEP][PASSED] - i = a1.indexOf("Выручка, млрд. руб."): null

26-05-2025T07:32:35 - [TEST_STEP][PASSED] - if (i > -1): null

26-05-2025T07:32:35 - [TEST_STEP][PASSED] - i = a1.indexOf("Выручка"): null

26-05-2025T07:32:35 - [TEST_STEP][PASSED] - if (i > -1): null

26-05-2025T07:32:35 - [TEST_STEP][PASSED] - a1 = a1.substring(0, i) + a1.substring(i + 8, a1.length()): null

26-05-2025T07:32:35 - [TEST_STEP][PASSED] - i = a1.indexOf("по ПАО Россети на 2023 год"): null

26-05-2025T07:32:35 - [TEST_STEP][PASSED] - if (i > -1): null

26-05-2025T07:32:35 - [TEST_STEP][PASSED] - a1 = a1.substring(0, i) + a1.substring(i + 27, a1.length()): null

26-05-2025T07:32:35 - [TEST_STEP][PASSED] - i = a1.indexOf("Отклонения"): null

26-05-2025T07:32:35 - [TEST_STEP][PASSED] - if (i > -1): null

26-05-2025T07:32:35 - [TEST_STEP][PASSED] - a1 = a1.substring(0, i) + a1.substring(i + 11, a1.length()): null

26-05-2025T07:32:35 - [TEST_STEP][PASSED] - i = a1.indexOf("по ПАО Россети на 2023 год"): null

26-05-2025T07:32:35 - [TEST_STEP][PASSED] - if (i > -1): null

26-05-2025T07:32:35 - [TEST_STEP][PASSED] - a1 = a1.substring(0, i) + a1.substring(i + 27, a1.length()): null

26-05-2025T07:32:35 - [TEST_STEP][PASSED] - i = a1.indexOf("по ПАО Россети на 2023 год"): null

26-05-2025T07:32:35 - [TEST_STEP][PASSED] - if (i > -1): null

26-05-2025T07:32:35 - [TEST_STEP][PASSED] - a1 = a1.substring(0, i) + a1.substring(i + 27, a1.length()): null

26-05-2025T07:32:35 - [TEST_STEP][PASSED] - println(a1): null

26-05-2025T07:32:35 - [TEST_STEP][PASSED] - n = n + 35: null

26-05-2025T07:32:35 - [TEST_STEP][PASSED] - b = n - run + 1: null

26-05-2025T07:32:35 - [TEST_STEP][PASSED] - verifyEqual(findTestData("PlanFact").getValue(2, b), a1): Actual object 'Год 
2023 год
Сравнение с 
План
Динамика электропотребления,  10 10
190 190
36 36
14 14
9 9
14 14
4 4
17 17
80 80
19 19
82 82
588 588
10 10
197 197
37 37
48 48
10 10
15 15
4 4
18 18
80 80
19 19
82 82
608 608
План
Ожидаемое (прогноз по конца года)
Интер РАО (дляФСК)
Промышленныепотребители
Транспорт
Нефтедобыча
Нефтепереработка
Нефтепроводы
Газопроводы
Сельскоехозяйство ипищеваяпромышленность
Непромышленныепотребители
Государственные(муниципальные)организации ипрочиебюджетныепотребители
Население иприравненныегруппыпотребителей
Территориальныесетевыеорганизации
5 5
319 319
81 81
16 16
16 16
20 20
2 2
56 56
215 215
67 67
218 218
239 239
6 6
331 331
82 82
77 77
20 20
20 20
3 3
57 57
220 220
68 68
214 214
258 258
План
Ожидаемое (прогноз по конца года)
Интер РАО (дляФСК)
Промышленныепотребители
Транспорт
Нефтедобыча
Нефтепереработка
Нефтепроводы
Газопроводы
Сельскоехозяйство ипищеваяпромышленность
Непромышленныепотребители
Государственные(муниципальные)организации ипрочиебюджетныепотребители
Население иприравненныегруппыпотребителей
Территориальныесетевыеорганизации
-4.7% -4.7%
3.8% 3.8%
1.9% 1.9%
230.3% 230.3%
10.9% 10.9%
4.2% 4.2%
21.7% 21.7%
3.9% 3.9%
-0.6% -0.6%
1.6% 1.6%
-1.0% -1.0%
3.3% 3.3%
⬤ Отклонение, %
Интер РАО (для ФСК)
Промышленные потребители
Транспорт
Нефтедобыча
Нефтепереработка
Нефтепроводы
Газопроводы
Сельское хозяйство и пищевая пр…
Непромышленные потребители
Государственные (муниципальные…
Население и приравненные групп…
Территориальные сетевые органи…
Выручка отклонения по ПАО Россети на 2023 год
15.6% 15.6%
3.8% 3.8%
1.2% 1.2%
398.2% 398.2%
26.9% 26.9%
-0.6% -0.6%
26.9% 26.9%
1.5% 1.5%
2.7% 2.7%
2.0% 2.0%
-2.0% -2.0%
7.9% 7.9%
⬤ Отклонение, %
Интер РАО (для ФСК)
Промышленные потребители
Транспорт
Нефтедобыча
Нефтепереработка
Нефтепроводы
Газопроводы
Сельское хозяйство и пищевая пр…
Непромышленные потребители
Государственные (муниципальные…
Население и приравненные групп…
Территориальные сетевые органи…
абс.
%
Прогноз на месяц 
Ноябрь
КПО/Отпуск из сети 
Отпуск из сети, млн. кВт.ч
Организация 
Все
Прогноз электропотребления и выручки за услуги по передаче в разрезе отраслей' and expected object 'Год 
2023 год
Сравнение с 
План
Динамика электропотребления,  10 10
190 190
36 36
14 14
9 9
14 14
4 4
17 17
80 80
19 19
82 82
588 588
10 10
197 197
37 37
48 48
10 10
15 15
4 4
18 18
80 80
19 19
82 82
608 608
План
Ожидаемое (прогноз по конца года)
Интер РАО (дляФСК)
Промышленныепотребители
Транспорт
Нефтедобыча
Нефтепереработка
Нефтепроводы
Газопроводы
Сельскоехозяйство ипищеваяпромышленность
Непромышленныепотребители
Государственные(муниципальные)организации ипрочиебюджетныепотребители
Население иприравненныегруппыпотребителей
Территориальныесетевыеорганизации
5 5
319 319
81 81
16 16
16 16
20 20
2 2
56 56
215 215
67 67
218 218
239 239
6 6
331 331
82 82
77 77
20 20
20 20
3 3
57 57
220 220
68 68
214 214
258 258
План
Ожидаемое (прогноз по конца года)
Интер РАО (дляФСК)
Промышленныепотребители
Транспорт
Нефтедобыча
Нефтепереработка
Нефтепроводы
Газопроводы
Сельскоехозяйство ипищеваяпромышленность
Непромышленныепотребители
Государственные(муниципальные)организации ипрочиебюджетныепотребители
Население иприравненныегруппыпотребителей
Территориальныесетевыеорганизации
-4.7% -4.7%
3.8% 3.8%
1.9% 1.9%
230.3% 230.3%
10.9% 10.9%
4.2% 4.2%
21.7% 21.7%
3.9% 3.9%
-0.6% -0.6%
1.6% 1.6%
-1.0% -1.0%
3.3% 3.3%
⬤ Отклонение, %
Интер РАО (для ФСК)
Промышленные потребители
Транспорт
Нефтедобыча
Нефтепереработка
Нефтепроводы
Газопроводы
Сельское хозяйство и пищевая пр…
Непромышленные потребители
Государственные (муниципальные…
Население и приравненные групп…
Территориальные сетевые органи…
Выручка отклонения по ПАО Россети на 2023 год
15.6% 15.6%
3.8% 3.8%
1.2% 1.2%
398.2% 398.2%
26.9% 26.9%
-0.6% -0.6%
26.9% 26.9%
1.5% 1.5%
2.7% 2.7%
2.0% 2.0%
-2.0% -2.0%
7.9% 7.9%
⬤ Отклонение, %
Интер РАО (для ФСК)
Промышленные потребители
Транспорт
Нефтедобыча
Нефтепереработка
Нефтепроводы
Газопроводы
Сельское хозяйство и пищевая пр…
Непромышленные потребители
Государственные (муниципальные…
Население и приравненные групп…
Территориальные сетевые органи…
абс.
%
Прогноз на месяц 
Ноябрь
КПО/Отпуск из сети 
Отпуск из сети, млн. кВт.ч
Организация 
Все
Прогноз электропотребления и выручки за услуги по передаче в разрезе отраслей' are equal

26-05-2025T07:32:35 - [MESSAGE][PASSED] - Actual object 'Год 
2023 год
Сравнение с 
План
Динамика электропотребления,  10 10
190 190
36 36
14 14
9 9
14 14
4 4
17 17
80 80
19 19
82 82
588 588
10 10
197 197
37 37
48 48
10 10
15 15
4 4
18 18
80 80
19 19
82 82
608 608
План
Ожидаемое (прогноз по конца года)
Интер РАО (дляФСК)
Промышленныепотребители
Транспорт
Нефтедобыча
Нефтепереработка
Нефтепроводы
Газопроводы
Сельскоехозяйство ипищеваяпромышленность
Непромышленныепотребители
Государственные(муниципальные)организации ипрочиебюджетныепотребители
Население иприравненныегруппыпотребителей
Территориальныесетевыеорганизации
5 5
319 319
81 81
16 16
16 16
20 20
2 2
56 56
215 215
67 67
218 218
239 239
6 6
331 331
82 82
77 77
20 20
20 20
3 3
57 57
220 220
68 68
214 214
258 258
План
Ожидаемое (прогноз по конца года)
Интер РАО (дляФСК)
Промышленныепотребители
Транспорт
Нефтедобыча
Нефтепереработка
Нефтепроводы
Газопроводы
Сельскоехозяйство ипищеваяпромышленность
Непромышленныепотребители
Государственные(муниципальные)организации ипрочиебюджетныепотребители
Население иприравненныегруппыпотребителей
Территориальныесетевыеорганизации
-4.7% -4.7%
3.8% 3.8%
1.9% 1.9%
230.3% 230.3%
10.9% 10.9%
4.2% 4.2%
21.7% 21.7%
3.9% 3.9%
-0.6% -0.6%
1.6% 1.6%
-1.0% -1.0%
3.3% 3.3%
⬤ Отклонение, %
Интер РАО (для ФСК)
Промышленные потребители
Транспорт
Нефтедобыча
Нефтепереработка
Нефтепроводы
Газопроводы
Сельское хозяйство и пищевая пр…
Непромышленные потребители
Государственные (муниципальные…
Население и приравненные групп…
Территориальные сетевые органи…
Выручка отклонения по ПАО Россети на 2023 год
15.6% 15.6%
3.8% 3.8%
1.2% 1.2%
398.2% 398.2%
26.9% 26.9%
-0.6% -0.6%
26.9% 26.9%
1.5% 1.5%
2.7% 2.7%
2.0% 2.0%
-2.0% -2.0%
7.9% 7.9%
⬤ Отклонение, %
Интер РАО (для ФСК)
Промышленные потребители
Транспорт
Нефтедобыча
Нефтепереработка
Нефтепроводы
Газопроводы
Сельское хозяйство и пищевая пр…
Непромышленные потребители
Государственные (муниципальные…
Население и приравненные групп…
Территориальные сетевые органи…
абс.
%
Прогноз на месяц 
Ноябрь
КПО/Отпуск из сети 
Отпуск из сети, млн. кВт.ч
Организация 
Все
Прогноз электропотребления и выручки за услуги по передаче в разрезе отраслей' and expected object 'Год 
2023 год
Сравнение с 
План
Динамика электропотребления,  10 10
190 190
36 36
14 14
9 9
14 14
4 4
17 17
80 80
19 19
82 82
588 588
10 10
197 197
37 37
48 48
10 10
15 15
4 4
18 18
80 80
19 19
82 82
608 608
План
Ожидаемое (прогноз по конца года)
Интер РАО (дляФСК)
Промышленныепотребители
Транспорт
Нефтедобыча
Нефтепереработка
Нефтепроводы
Газопроводы
Сельскоехозяйство ипищеваяпромышленность
Непромышленныепотребители
Государственные(муниципальные)организации ипрочиебюджетныепотребители
Население иприравненныегруппыпотребителей
Территориальныесетевыеорганизации
5 5
319 319
81 81
16 16
16 16
20 20
2 2
56 56
215 215
67 67
218 218
239 239
6 6
331 331
82 82
77 77
20 20
20 20
3 3
57 57
220 220
68 68
214 214
258 258
План
Ожидаемое (прогноз по конца года)
Интер РАО (дляФСК)
Промышленныепотребители
Транспорт
Нефтедобыча
Нефтепереработка
Нефтепроводы
Газопроводы
Сельскоехозяйство ипищеваяпромышленность
Непромышленныепотребители
Государственные(муниципальные)организации ипрочиебюджетныепотребители
Население иприравненныегруппыпотребителей
Территориальныесетевыеорганизации
-4.7% -4.7%
3.8% 3.8%
1.9% 1.9%
230.3% 230.3%
10.9% 10.9%
4.2% 4.2%
21.7% 21.7%
3.9% 3.9%
-0.6% -0.6%
1.6% 1.6%
-1.0% -1.0%
3.3% 3.3%
⬤ Отклонение, %
Интер РАО (для ФСК)
Промышленные потребители
Транспорт
Нефтедобыча
Нефтепереработка
Нефтепроводы
Газопроводы
Сельское хозяйство и пищевая пр…
Непромышленные потребители
Государственные (муниципальные…
Население и приравненные групп…
Территориальные сетевые органи…
Выручка отклонения по ПАО Россети на 2023 год
15.6% 15.6%
3.8% 3.8%
1.2% 1.2%
398.2% 398.2%
26.9% 26.9%
-0.6% -0.6%
26.9% 26.9%
1.5% 1.5%
2.7% 2.7%
2.0% 2.0%
-2.0% -2.0%
7.9% 7.9%
⬤ Отклонение, %
Интер РАО (для ФСК)
Промышленные потребители
Транспорт
Нефтедобыча
Нефтепереработка
Нефтепроводы
Газопроводы
Сельское хозяйство и пищевая пр…
Непромышленные потребители
Государственные (муниципальные…
Население и приравненные групп…
Территориальные сетевые органи…
абс.
%
Прогноз на месяц 
Ноябрь
КПО/Отпуск из сети 
Отпуск из сети, млн. кВт.ч
Организация 
Все
Прогноз электропотребления и выручки за услуги по передаче в разрезе отраслей' are equal

26-05-2025T07:32:35 - [TEST_STEP][PASSED] - verifyEqual(findTestData("PlanFact").getValue(3, b), a2): Actual object 'Год 
2023 год
Сравнение с 
План
Отклонения по ПАО Россети на 2023 год
-492.2 -492.2
7 165.1 7 165.1
689.3 689.3
33 271.7 33 271.7
986.4 986.4
593.8 593.8
764.0 764.0
670.4 670.4
-592.4 -592.4
308.8 308.8
-940.9 -940.9
19 604.1 19 604.1
⬤ Отклонение, млн. кВт.ч
Интер РАО (для ФСК)
Промышленные потребители
Транспорт
Нефтедобыча
Нефтепереработка
Нефтепроводы
Газопроводы
Сельское хозяйство и пищевая пр…
Непромышленные потребители
Государственные (муниципальные…
Население и приравненные групп…
Территориальные сетевые органи…
Выручка отклонения по ПАО Россети на 2023 год
794.9 794.9
12 195.0 12 195.0
972.7 972.7
61 803.9 61 803.9
4 222.3 4 222.3
-121.8 -121.8
666.2 666.2
873.2 873.2
5 809.6 5 809.6
1 342.6 1 342.6
-4 463.2 -4 463.2
18 375.5 18 375.5
⬤ Отклонение, млн. руб.
Интер РАО (для ФСК)
Промышленные потребители
Транспорт
Нефтедобыча
Нефтепереработка
Нефтепроводы
Газопроводы
Сельское хозяйство и пищевая пр…
Непромышленные потребители
Государственные (муниципальные…
Население и приравненные групп…
Территориальные сетевые органи…
Динамика электропотребления, млрд. кВт.ч. по ПАО Россети на 2023 год
10 10
190 190
36 36
14 14
9 9
14 14
4 4
17 17
80 80
19 19
82 82
588 588
10 10
197 197
37 37
48 48
10 10
15 15
4 4
18 18
80 80
19 19
82 82
608 608
План
Ожидаемое (прогноз по конца года)
Интер РАО (дляФСК)
Промышленныепотребители
Транспорт
Нефтедобыча
Нефтепереработка
Нефтепроводы
Газопроводы
Сельскоехозяйство ипищеваяпромышленность
Непромышленныепотребители
Государственные(муниципальные)организации ипрочиебюджетныепотребители
Население иприравненныегруппыпотребителей
Территориальныесетевыеорганизации
Выручка по ПАО Россети на 2023 год
5 5
319 319
81 81
16 16
16 16
20 20
2 2
56 56
215 215
67 67
218 218
239 239
6 6
331 331
82 82
77 77
20 20
20 20
3 3
57 57
220 220
68 68
214 214
258 258
План
Ожидаемое (прогноз по конца года)
Интер РАО (дляФСК)
Промышленныепотребители
Транспорт
Нефтедобыча
Нефтепереработка
Нефтепроводы
Газопроводы
Сельскоехозяйство ипищеваяпромышленность
Непромышленныепотребители
Государственные(муниципальные)организации ипрочиебюджетныепотребители
Население иприравненныегруппыпотребителей
Территориальныесетевыеорганизации
абс.
%
Прогноз на месяц 
Ноябрь
КПО/Отпуск из сети 
Отпуск из сети, млн. кВт.ч
Организация 
Все
Прогноз электропотребления и выручки за услуги по передаче в разрезе отраслей' and expected object 'Год 
2023 год
Сравнение с 
План
Отклонения по ПАО Россети на 2023 год
-492.2 -492.2
7 165.1 7 165.1
689.3 689.3
33 271.7 33 271.7
986.4 986.4
593.8 593.8
764.0 764.0
670.4 670.4
-592.4 -592.4
308.8 308.8
-940.9 -940.9
19 604.1 19 604.1
⬤ Отклонение, млн. кВт.ч
Интер РАО (для ФСК)
Промышленные потребители
Транспорт
Нефтедобыча
Нефтепереработка
Нефтепроводы
Газопроводы
Сельское хозяйство и пищевая пр…
Непромышленные потребители
Государственные (муниципальные…
Население и приравненные групп…
Территориальные сетевые органи…
Выручка отклонения по ПАО Россети на 2023 год
794.9 794.9
12 195.0 12 195.0
972.7 972.7
61 803.9 61 803.9
4 222.3 4 222.3
-121.8 -121.8
666.2 666.2
873.2 873.2
5 809.6 5 809.6
1 342.6 1 342.6
-4 463.2 -4 463.2
18 375.5 18 375.5
⬤ Отклонение, млн. руб.
Интер РАО (для ФСК)
Промышленные потребители
Транспорт
Нефтедобыча
Нефтепереработка
Нефтепроводы
Газопроводы
Сельское хозяйство и пищевая пр…
Непромышленные потребители
Государственные (муниципальные…
Население и приравненные групп…
Территориальные сетевые органи…
Динамика электропотребления, млрд. кВт.ч. по ПАО Россети на 2023 год
10 10
190 190
36 36
14 14
9 9
14 14
4 4
17 17
80 80
19 19
82 82
588 588
10 10
197 197
37 37
48 48
10 10
15 15
4 4
18 18
80 80
19 19
82 82
608 608
План
Ожидаемое (прогноз по конца года)
Интер РАО (дляФСК)
Промышленныепотребители
Транспорт
Нефтедобыча
Нефтепереработка
Нефтепроводы
Газопроводы
Сельскоехозяйство ипищеваяпромышленность
Непромышленныепотребители
Государственные(муниципальные)организации ипрочиебюджетныепотребители
Население иприравненныегруппыпотребителей
Территориальныесетевыеорганизации
Выручка по ПАО Россети на 2023 год
5 5
319 319
81 81
16 16
16 16
20 20
2 2
56 56
215 215
67 67
218 218
239 239
6 6
331 331
82 82
77 77
20 20
20 20
3 3
57 57
220 220
68 68
214 214
258 258
План
Ожидаемое (прогноз по конца года)
Интер РАО (дляФСК)
Промышленныепотребители
Транспорт
Нефтедобыча
Нефтепереработка
Нефтепроводы
Газопроводы
Сельскоехозяйство ипищеваяпромышленность
Непромышленныепотребители
Государственные(муниципальные)организации ипрочиебюджетныепотребители
Население иприравненныегруппыпотребителей
Территориальныесетевыеорганизации
абс.
%
Прогноз на месяц 
Ноябрь
КПО/Отпуск из сети 
Отпуск из сети, млн. кВт.ч
Организация 
Все
Прогноз электропотребления и выручки за услуги по передаче в разрезе отраслей' are equal

26-05-2025T07:32:35 - [MESSAGE][PASSED] - Actual object 'Год 
2023 год
Сравнение с 
План
Отклонения по ПАО Россети на 2023 год
-492.2 -492.2
7 165.1 7 165.1
689.3 689.3
33 271.7 33 271.7
986.4 986.4
593.8 593.8
764.0 764.0
670.4 670.4
-592.4 -592.4
308.8 308.8
-940.9 -940.9
19 604.1 19 604.1
⬤ Отклонение, млн. кВт.ч
Интер РАО (для ФСК)
Промышленные потребители
Транспорт
Нефтедобыча
Нефтепереработка
Нефтепроводы
Газопроводы
Сельское хозяйство и пищевая пр…
Непромышленные потребители
Государственные (муниципальные…
Население и приравненные групп…
Территориальные сетевые органи…
Выручка отклонения по ПАО Россети на 2023 год
794.9 794.9
12 195.0 12 195.0
972.7 972.7
61 803.9 61 803.9
4 222.3 4 222.3
-121.8 -121.8
666.2 666.2
873.2 873.2
5 809.6 5 809.6
1 342.6 1 342.6
-4 463.2 -4 463.2
18 375.5 18 375.5
⬤ Отклонение, млн. руб.
Интер РАО (для ФСК)
Промышленные потребители
Транспорт
Нефтедобыча
Нефтепереработка
Нефтепроводы
Газопроводы
Сельское хозяйство и пищевая пр…
Непромышленные потребители
Государственные (муниципальные…
Население и приравненные групп…
Территориальные сетевые органи…
Динамика электропотребления, млрд. кВт.ч. по ПАО Россети на 2023 год
10 10
190 190
36 36
14 14
9 9
14 14
4 4
17 17
80 80
19 19
82 82
588 588
10 10
197 197
37 37
48 48
10 10
15 15
4 4
18 18
80 80
19 19
82 82
608 608
План
Ожидаемое (прогноз по конца года)
Интер РАО (дляФСК)
Промышленныепотребители
Транспорт
Нефтедобыча
Нефтепереработка
Нефтепроводы
Газопроводы
Сельскоехозяйство ипищеваяпромышленность
Непромышленныепотребители
Государственные(муниципальные)организации ипрочиебюджетныепотребители
Население иприравненныегруппыпотребителей
Территориальныесетевыеорганизации
Выручка по ПАО Россети на 2023 год
5 5
319 319
81 81
16 16
16 16
20 20
2 2
56 56
215 215
67 67
218 218
239 239
6 6
331 331
82 82
77 77
20 20
20 20
3 3
57 57
220 220
68 68
214 214
258 258
План
Ожидаемое (прогноз по конца года)
Интер РАО (дляФСК)
Промышленныепотребители
Транспорт
Нефтедобыча
Нефтепереработка
Нефтепроводы
Газопроводы
Сельскоехозяйство ипищеваяпромышленность
Непромышленныепотребители
Государственные(муниципальные)организации ипрочиебюджетныепотребители
Население иприравненныегруппыпотребителей
Территориальныесетевыеорганизации
абс.
%
Прогноз на месяц 
Ноябрь
КПО/Отпуск из сети 
Отпуск из сети, млн. кВт.ч
Организация 
Все
Прогноз электропотребления и выручки за услуги по передаче в разрезе отраслей' and expected object 'Год 
2023 год
Сравнение с 
План
Отклонения по ПАО Россети на 2023 год
-492.2 -492.2
7 165.1 7 165.1
689.3 689.3
33 271.7 33 271.7
986.4 986.4
593.8 593.8
764.0 764.0
670.4 670.4
-592.4 -592.4
308.8 308.8
-940.9 -940.9
19 604.1 19 604.1
⬤ Отклонение, млн. кВт.ч
Интер РАО (для ФСК)
Промышленные потребители
Транспорт
Нефтедобыча
Нефтепереработка
Нефтепроводы
Газопроводы
Сельское хозяйство и пищевая пр…
Непромышленные потребители
Государственные (муниципальные…
Население и приравненные групп…
Территориальные сетевые органи…
Выручка отклонения по ПАО Россети на 2023 год
794.9 794.9
12 195.0 12 195.0
972.7 972.7
61 803.9 61 803.9
4 222.3 4 222.3
-121.8 -121.8
666.2 666.2
873.2 873.2
5 809.6 5 809.6
1 342.6 1 342.6
-4 463.2 -4 463.2
18 375.5 18 375.5
⬤ Отклонение, млн. руб.
Интер РАО (для ФСК)
Промышленные потребители
Транспорт
Нефтедобыча
Нефтепереработка
Нефтепроводы
Газопроводы
Сельское хозяйство и пищевая пр…
Непромышленные потребители
Государственные (муниципальные…
Население и приравненные групп…
Территориальные сетевые органи…
Динамика электропотребления, млрд. кВт.ч. по ПАО Россети на 2023 год
10 10
190 190
36 36
14 14
9 9
14 14
4 4
17 17
80 80
19 19
82 82
588 588
10 10
197 197
37 37
48 48
10 10
15 15
4 4
18 18
80 80
19 19
82 82
608 608
План
Ожидаемое (прогноз по конца года)
Интер РАО (дляФСК)
Промышленныепотребители
Транспорт
Нефтедобыча
Нефтепереработка
Нефтепроводы
Газопроводы
Сельскоехозяйство ипищеваяпромышленность
Непромышленныепотребители
Государственные(муниципальные)организации ипрочиебюджетныепотребители
Население иприравненныегруппыпотребителей
Территориальныесетевыеорганизации
Выручка по ПАО Россети на 2023 год
5 5
319 319
81 81
16 16
16 16
20 20
2 2
56 56
215 215
67 67
218 218
239 239
6 6
331 331
82 82
77 77
20 20
20 20
3 3
57 57
220 220
68 68
214 214
258 258
План
Ожидаемое (прогноз по конца года)
Интер РАО (дляФСК)
Промышленныепотребители
Транспорт
Нефтедобыча
Нефтепереработка
Нефтепроводы
Газопроводы
Сельскоехозяйство ипищеваяпромышленность
Непромышленныепотребители
Государственные(муниципальные)организации ипрочиебюджетныепотребители
Население иприравненныегруппыпотребителей
Территориальныесетевыеорганизации
абс.
%
Прогноз на месяц 
Ноябрь
КПО/Отпуск из сети 
Отпуск из сети, млн. кВт.ч
Организация 
Все
Прогноз электропотребления и выручки за услуги по передаче в разрезе отраслей' are equal

26-05-2025T07:32:35 - [TEST_STEP][PASSED] - Script1686231490255.WriteToExcel(user, dashboardName, n, data, run, a1, a2, a3, a4, a5, a6, a7, a8, a9): null

26-05-2025T07:32:35 - [TEST_STEP][PASSED] - sheetName = "Sheet1": null

26-05-2025T07:32:35 - [TEST_STEP][PASSED] - workbook01 = getWorkbook(excelFilePath): null

26-05-2025T07:32:35 - [TEST_STEP][PASSED] - sheet01 = getExcelSheet(workbook01, sheetName): null

26-05-2025T07:32:35 - [TEST_STEP][PASSED] - setValueToCellByIndex(sheet01, n, 0, dashboardName): null

26-05-2025T07:32:35 - [TEST_STEP][PASSED] - setValueToCellByIndex(sheet01, n, 10, user): null

26-05-2025T07:32:35 - [TEST_STEP][PASSED] - setValueToCellByIndex(sheet01, n, 1, a1): null

26-05-2025T07:32:35 - [TEST_STEP][PASSED] - setValueToCellByIndex(sheet01, n, 2, a2): null

26-05-2025T07:32:35 - [TEST_STEP][PASSED] - setValueToCellByIndex(sheet01, n, 3, a3): null

26-05-2025T07:32:35 - [TEST_STEP][PASSED] - setValueToCellByIndex(sheet01, n, 4, a4): null

26-05-2025T07:32:35 - [TEST_STEP][PASSED] - setValueToCellByIndex(sheet01, n, 5, a5): null

26-05-2025T07:32:35 - [TEST_STEP][PASSED] - setValueToCellByIndex(sheet01, n, 6, a6): null

26-05-2025T07:32:35 - [TEST_STEP][PASSED] - setValueToCellByIndex(sheet01, n, 7, a7): null

26-05-2025T07:32:35 - [TEST_STEP][PASSED] - setValueToCellByIndex(sheet01, n, 8, a8): null

26-05-2025T07:32:35 - [TEST_STEP][PASSED] - setValueToCellByIndex(sheet01, n, 9, a9): null

26-05-2025T07:32:35 - [TEST_STEP][PASSED] - n = n + 1: null

26-05-2025T07:32:35 - [TEST_STEP][PASSED] - saveWorkbook(excelFilePath, workbook01): null

26-05-2025T07:32:35 - [TEST_STEP][PASSED] - closeBrowser(): Browser is closed

26-05-2025T07:32:35 - [MESSAGE][PASSED] - Browser is closed]]></system-out>
         <system-err><![CDATA[]]></system-err>
      </testcase>
      <testcase name="Test Cases/Сверки дашбордов/Выполнение бизнес-плана сверка дашбордов" time="433.159" classname="Test Cases/Сверки дашбордов/Выполнение бизнес-плана сверка дашбордов" status="FAILED">
         <failure type="FAILED" message="Test Cases/Сверки дашбордов/Выполнение бизнес-плана сверка дашбордов FAILED.&#xa;Reason:&#xa;com.kms.katalon.core.exception.StepFailedException: Unable to verify object is present (Root cause: com.kms.katalon.core.exception.StepFailedException: Unable to verify object is present&#xa;	at com.kms.katalon.core.webui.keyword.internal.WebUIKeywordMain.stepFailed(WebUIKeywordMain.groovy:64)&#xa;	at com.kms.katalon.core.webui.keyword.internal.WebUIKeywordMain.runKeyword(WebUIKeywordMain.groovy:26)&#xa;	at com.kms.katalon.core.webui.keyword.builtin.VerifyElementPresentKeyword.verifyElementPresent(VerifyElementPresentKeyword.groovy:92)&#xa;	at com.kms.katalon.core.webui.keyword.builtin.VerifyElementPresentKeyword.execute(VerifyElementPresentKeyword.groovy:68)&#xa;	at com.kms.katalon.core.keyword.internal.KeywordExecutor.executeKeywordForPlatform(KeywordExecutor.groovy:74)&#xa;	at com.kms.katalon.core.webui.keyword.WebUiBuiltInKeywords.verifyElementPresent(WebUiBuiltInKeywords.groovy:1503)&#xa;	at Выполнение бизнес-плана сверка дашбордов.GetAllPAOData(Выполнение бизнес-плана сверка дашбордов:862)&#xa;	at Выполнение бизнес-плана сверка дашбордов.run(Выполнение бизнес-плана сверка дашбордов:362)&#xa;	at com.kms.katalon.core.main.ScriptEngine.run(ScriptEngine.java:194)&#xa;	at com.kms.katalon.core.main.ScriptEngine.runScriptAsRawText(ScriptEngine.java:119)&#xa;	at com.kms.katalon.core.main.TestCaseExecutor.runScript(TestCaseExecutor.java:448)&#xa;	at com.kms.katalon.core.main.TestCaseExecutor.doExecute(TestCaseExecutor.java:439)&#xa;	at com.kms.katalon.core.main.TestCaseExecutor.processExecutionPhase(TestCaseExecutor.java:418)&#xa;	at com.kms.katalon.core.main.TestCaseExecutor.accessMainPhase(TestCaseExecutor.java:410)&#xa;	at com.kms.katalon.core.main.TestCaseExecutor.execute(TestCaseExecutor.java:285)&#xa;	at com.kms.katalon.core.common.CommonExecutor.accessTestCaseMainPhase(CommonExecutor.java:65)&#xa;	at com.kms.katalon.core.main.TestSuiteExecutor.accessTestSuiteMainPhase(TestSuiteExecutor.java:150)&#xa;	at com.kms.katalon.core.main.TestSuiteExecutor.execute(TestSuiteExecutor.java:106)&#xa;	at com.kms.katalon.core.main.TestCaseMain.startTestSuite(TestCaseMain.java:180)&#xa;	at TempTestSuite1748228991768.run(TempTestSuite1748228991768.groovy:35)&#xa;	at java.base/jdk.internal.reflect.NativeMethodAccessorImpl.invoke0(Native Method)&#xa;	at java.base/jdk.internal.reflect.NativeMethodAccessorImpl.invoke(NativeMethodAccessorImpl.java:77)&#xa;	at java.base/jdk.internal.reflect.DelegatingMethodAccessorImpl.invoke(DelegatingMethodAccessorImpl.java:43)&#xa;Caused by: java.lang.IllegalArgumentException: Object is null&#xa;	at com.kms.katalon.core.helper.KeywordHelper.checkTestObjectParameter(KeywordHelper.java:33)&#xa;	at com.kms.katalon.core.webui.keyword.builtin.VerifyElementPresentKeyword$_verifyElementPresent_closure1.doCall(VerifyElementPresentKeyword.groovy:76)&#xa;	at com.kms.katalon.core.webui.keyword.builtin.VerifyElementPresentKeyword$_verifyElementPresent_closure1.call(VerifyElementPresentKeyword.groovy)&#xa;	at com.kms.katalon.core.webui.keyword.internal.WebUIKeywordMain.runKeyword(WebUIKeywordMain.groovy:20)&#xa;	at com.kms.katalon.core.webui.keyword.builtin.VerifyElementPresentKeyword.verifyElementPresent(VerifyElementPresentKeyword.groovy:92)&#xa;	at com.kms.katalon.core.webui.keyword.builtin.VerifyElementPresentKeyword.execute(VerifyElementPresentKeyword.groovy:68)&#xa;	at com.kms.katalon.core.keyword.internal.KeywordExecutor.executeKeywordForPlatform(KeywordExecutor.groovy:74)&#xa;	at com.kms.katalon.core.webui.keyword.WebUiBuiltInKeywords.verifyElementPresent(WebUiBuiltInKeywords.groovy:1503)&#xa;	at Script1719299571342.GetAllPAOData(Script1719299571342.groovy:862)&#xa;	at Script1719299571342.run(Script1719299571342.groovy:362)&#xa;	... 15 more&#xa;)&#xa;	at com.kms.katalon.core.keyword.internal.KeywordMain.stepFailed(KeywordMain.groovy:39)&#xa;	at com.kms.katalon.core.webui.keyword.internal.WebUIKeywordMain.stepFailed(WebUIKeywordMain.groovy:64)&#xa;	at com.kms.katalon.core.webui.keyword.internal.WebUIKeywordMain.runKeyword(WebUIKeywordMain.groovy:26)&#xa;	at com.kms.katalon.core.webui.keyword.builtin.VerifyElementPresentKeyword.verifyElementPresent(VerifyElementPresentKeyword.groovy:92)&#xa;	at com.kms.katalon.core.webui.keyword.builtin.VerifyElementPresentKeyword.execute(VerifyElementPresentKeyword.groovy:68)&#xa;	at com.kms.katalon.core.keyword.internal.KeywordExecutor.executeKeywordForPlatform(KeywordExecutor.groovy:74)&#xa;	at com.kms.katalon.core.webui.keyword.WebUiBuiltInKeywords.verifyElementPresent(WebUiBuiltInKeywords.groovy:1503)&#xa;	at Выполнение бизнес-плана сверка дашбордов.GetAllPAOData(Выполнение бизнес-плана сверка дашбордов:862)&#xa;	at Выполнение бизнес-плана сверка дашбордов.run(Выполнение бизнес-плана сверка дашбордов:362)&#xa;	at com.kms.katalon.core.main.ScriptEngine.run(ScriptEngine.java:194)&#xa;	at com.kms.katalon.core.main.ScriptEngine.runScriptAsRawText(ScriptEngine.java:119)&#xa;	at com.kms.katalon.core.main.TestCaseExecutor.runScript(TestCaseExecutor.java:448)&#xa;	at com.kms.katalon.core.main.TestCaseExecutor.doExecute(TestCaseExecutor.java:439)&#xa;	at com.kms.katalon.core.main.TestCaseExecutor.processExecutionPhase(TestCaseExecutor.java:418)&#xa;	at com.kms.katalon.core.main.TestCaseExecutor.accessMainPhase(TestCaseExecutor.java:410)&#xa;	at com.kms.katalon.core.main.TestCaseExecutor.execute(TestCaseExecutor.java:285)&#xa;	at com.kms.katalon.core.common.CommonExecutor.accessTestCaseMainPhase(CommonExecutor.java:65)&#xa;	at com.kms.katalon.core.main.TestSuiteExecutor.accessTestSuiteMainPhase(TestSuiteExecutor.java:150)&#xa;	at com.kms.katalon.core.main.TestSuiteExecutor.execute(TestSuiteExecutor.java:106)&#xa;	at com.kms.katalon.core.main.TestCaseMain.startTestSuite(TestCaseMain.java:180)&#xa;	at TempTestSuite1748228991768.run(TempTestSuite1748228991768.groovy:35)&#xa;	at java.base/jdk.internal.reflect.NativeMethodAccessorImpl.invoke0(Native Method)&#xa;	at java.base/jdk.internal.reflect.NativeMethodAccessorImpl.invoke(NativeMethodAccessorImpl.java:77)&#xa;	at java.base/jdk.internal.reflect.DelegatingMethodAccessorImpl.invoke(DelegatingMethodAccessorImpl.java:43)&#xa;Caused by: com.kms.katalon.core.exception.StepFailedException: Unable to verify object is present&#xa;	... 23 more&#xa;Caused by: java.lang.IllegalArgumentException: Object is null&#xa;	at com.kms.katalon.core.helper.KeywordHelper.checkTestObjectParameter(KeywordHelper.java:33)&#xa;	at com.kms.katalon.core.webui.keyword.builtin.VerifyElementPresentKeyword$_verifyElementPresent_closure1.doCall(VerifyElementPresentKeyword.groovy:76)&#xa;	at com.kms.katalon.core.webui.keyword.builtin.VerifyElementPresentKeyword$_verifyElementPresent_closure1.call(VerifyElementPresentKeyword.groovy)&#xa;	at com.kms.katalon.core.webui.keyword.internal.WebUIKeywordMain.runKeyword(WebUIKeywordMain.groovy:20)&#xa;	... 21 more&#xa;"/>
         <system-out><![CDATA[26-05-2025T07:32:35 - [TEST_CASE][FAILED] - Test Cases/Сверки дашбордов/Выполнение бизнес-плана сверка дашбордов: Test Cases/Сверки дашбордов/Выполнение бизнес-плана сверка дашбордов FAILED.
Reason:
com.kms.katalon.core.exception.StepFailedException: Unable to verify object is present (Root cause: com.kms.katalon.core.exception.StepFailedException: Unable to verify object is present
	at com.kms.katalon.core.webui.keyword.internal.WebUIKeywordMain.stepFailed(WebUIKeywordMain.groovy:64)
	at com.kms.katalon.core.webui.keyword.internal.WebUIKeywordMain.runKeyword(WebUIKeywordMain.groovy:26)
	at com.kms.katalon.core.webui.keyword.builtin.VerifyElementPresentKeyword.verifyElementPresent(VerifyElementPresentKeyword.groovy:92)
	at com.kms.katalon.core.webui.keyword.builtin.VerifyElementPresentKeyword.execute(VerifyElementPresentKeyword.groovy:68)
	at com.kms.katalon.core.keyword.internal.KeywordExecutor.executeKeywordForPlatform(KeywordExecutor.groovy:74)
	at com.kms.katalon.core.webui.keyword.WebUiBuiltInKeywords.verifyElementPresent(WebUiBuiltInKeywords.groovy:1503)
	at Выполнение бизнес-плана сверка дашбордов.GetAllPAOData(Выполнение бизнес-плана сверка дашбордов:862)
	at Выполнение бизнес-плана сверка дашбордов.run(Выполнение бизнес-плана сверка дашбордов:362)
	at com.kms.katalon.core.main.ScriptEngine.run(ScriptEngine.java:194)
	at com.kms.katalon.core.main.ScriptEngine.runScriptAsRawText(ScriptEngine.java:119)
	at com.kms.katalon.core.main.TestCaseExecutor.runScript(TestCaseExecutor.java:448)
	at com.kms.katalon.core.main.TestCaseExecutor.doExecute(TestCaseExecutor.java:439)
	at com.kms.katalon.core.main.TestCaseExecutor.processExecutionPhase(TestCaseExecutor.java:418)
	at com.kms.katalon.core.main.TestCaseExecutor.accessMainPhase(TestCaseExecutor.java:410)
	at com.kms.katalon.core.main.TestCaseExecutor.execute(TestCaseExecutor.java:285)
	at com.kms.katalon.core.common.CommonExecutor.accessTestCaseMainPhase(CommonExecutor.java:65)
	at com.kms.katalon.core.main.TestSuiteExecutor.accessTestSuiteMainPhase(TestSuiteExecutor.java:150)
	at com.kms.katalon.core.main.TestSuiteExecutor.execute(TestSuiteExecutor.java:106)
	at com.kms.katalon.core.main.TestCaseMain.startTestSuite(TestCaseMain.java:180)
	at TempTestSuite1748228991768.run(TempTestSuite1748228991768.groovy:35)
	at java.base/jdk.internal.reflect.NativeMethodAccessorImpl.invoke0(Native Method)
	at java.base/jdk.internal.reflect.NativeMethodAccessorImpl.invoke(NativeMethodAccessorImpl.java:77)
	at java.base/jdk.internal.reflect.DelegatingMethodAccessorImpl.invoke(DelegatingMethodAccessorImpl.java:43)
Caused by: java.lang.IllegalArgumentException: Object is null
	at com.kms.katalon.core.helper.KeywordHelper.checkTestObjectParameter(KeywordHelper.java:33)
	at com.kms.katalon.core.webui.keyword.builtin.VerifyElementPresentKeyword$_verifyElementPresent_closure1.doCall(VerifyElementPresentKeyword.groovy:76)
	at com.kms.katalon.core.webui.keyword.builtin.VerifyElementPresentKeyword$_verifyElementPresent_closure1.call(VerifyElementPresentKeyword.groovy)
	at com.kms.katalon.core.webui.keyword.internal.WebUIKeywordMain.runKeyword(WebUIKeywordMain.groovy:20)
	at com.kms.katalon.core.webui.keyword.builtin.VerifyElementPresentKeyword.verifyElementPresent(VerifyElementPresentKeyword.groovy:92)
	at com.kms.katalon.core.webui.keyword.builtin.VerifyElementPresentKeyword.execute(VerifyElementPresentKeyword.groovy:68)
	at com.kms.katalon.core.keyword.internal.KeywordExecutor.executeKeywordForPlatform(KeywordExecutor.groovy:74)
	at com.kms.katalon.core.webui.keyword.WebUiBuiltInKeywords.verifyElementPresent(WebUiBuiltInKeywords.groovy:1503)
	at Script1719299571342.GetAllPAOData(Script1719299571342.groovy:862)
	at Script1719299571342.run(Script1719299571342.groovy:362)
	... 15 more
)
	at com.kms.katalon.core.keyword.internal.KeywordMain.stepFailed(KeywordMain.groovy:39)
	at com.kms.katalon.core.webui.keyword.internal.WebUIKeywordMain.stepFailed(WebUIKeywordMain.groovy:64)
	at com.kms.katalon.core.webui.keyword.internal.WebUIKeywordMain.runKeyword(WebUIKeywordMain.groovy:26)
	at com.kms.katalon.core.webui.keyword.builtin.VerifyElementPresentKeyword.verifyElementPresent(VerifyElementPresentKeyword.groovy:92)
	at com.kms.katalon.core.webui.keyword.builtin.VerifyElementPresentKeyword.execute(VerifyElementPresentKeyword.groovy:68)
	at com.kms.katalon.core.keyword.internal.KeywordExecutor.executeKeywordForPlatform(KeywordExecutor.groovy:74)
	at com.kms.katalon.core.webui.keyword.WebUiBuiltInKeywords.verifyElementPresent(WebUiBuiltInKeywords.groovy:1503)
	at Выполнение бизнес-плана сверка дашбордов.GetAllPAOData(Выполнение бизнес-плана сверка дашбордов:862)
	at Выполнение бизнес-плана сверка дашбордов.run(Выполнение бизнес-плана сверка дашбордов:362)
	at com.kms.katalon.core.main.ScriptEngine.run(ScriptEngine.java:194)
	at com.kms.katalon.core.main.ScriptEngine.runScriptAsRawText(ScriptEngine.java:119)
	at com.kms.katalon.core.main.TestCaseExecutor.runScript(TestCaseExecutor.java:448)
	at com.kms.katalon.core.main.TestCaseExecutor.doExecute(TestCaseExecutor.java:439)
	at com.kms.katalon.core.main.TestCaseExecutor.processExecutionPhase(TestCaseExecutor.java:418)
	at com.kms.katalon.core.main.TestCaseExecutor.accessMainPhase(TestCaseExecutor.java:410)
	at com.kms.katalon.core.main.TestCaseExecutor.execute(TestCaseExecutor.java:285)
	at com.kms.katalon.core.common.CommonExecutor.accessTestCaseMainPhase(CommonExecutor.java:65)
	at com.kms.katalon.core.main.TestSuiteExecutor.accessTestSuiteMainPhase(TestSuiteExecutor.java:150)
	at com.kms.katalon.core.main.TestSuiteExecutor.execute(TestSuiteExecutor.java:106)
	at com.kms.katalon.core.main.TestCaseMain.startTestSuite(TestCaseMain.java:180)
	at TempTestSuite1748228991768.run(TempTestSuite1748228991768.groovy:35)
	at java.base/jdk.internal.reflect.NativeMethodAccessorImpl.invoke0(Native Method)
	at java.base/jdk.internal.reflect.NativeMethodAccessorImpl.invoke(NativeMethodAccessorImpl.java:77)
	at java.base/jdk.internal.reflect.DelegatingMethodAccessorImpl.invoke(DelegatingMethodAccessorImpl.java:43)
Caused by: com.kms.katalon.core.exception.StepFailedException: Unable to verify object is present
	... 23 more
Caused by: java.lang.IllegalArgumentException: Object is null
	at com.kms.katalon.core.helper.KeywordHelper.checkTestObjectParameter(KeywordHelper.java:33)
	at com.kms.katalon.core.webui.keyword.builtin.VerifyElementPresentKeyword$_verifyElementPresent_closure1.doCall(VerifyElementPresentKeyword.groovy:76)
	at com.kms.katalon.core.webui.keyword.builtin.VerifyElementPresentKeyword$_verifyElementPresent_closure1.call(VerifyElementPresentKeyword.groovy)
	at com.kms.katalon.core.webui.keyword.internal.WebUIKeywordMain.runKeyword(WebUIKeywordMain.groovy:20)
	... 21 more


26-05-2025T07:32:36 - [TEST_STEP][PASSED] - date = new java.util.Date(): null

26-05-2025T07:32:36 - [TEST_STEP][PASSED] - todaysDate = date.format("dd.MM.yyyy"): null

26-05-2025T07:32:36 - [TEST_STEP][PASSED] - blockNum = <not implemented yet for class: org.codehaus.groovy.ast.expr.EmptyExpression>: null

26-05-2025T07:32:36 - [TEST_STEP][PASSED] - path = <not implemented yet for class: org.codehaus.groovy.ast.expr.EmptyExpression>: null

26-05-2025T07:32:36 - [TEST_STEP][PASSED] - typeOfData = <not implemented yet for class: org.codehaus.groovy.ast.expr.EmptyExpression>: null

26-05-2025T07:32:36 - [TEST_STEP][PASSED] - i = <not implemented yet for class: org.codehaus.groovy.ast.expr.EmptyExpression>: null

26-05-2025T07:32:36 - [TEST_STEP][PASSED] - dZO = <not implemented yet for class: org.codehaus.groovy.ast.expr.EmptyExpression>: null

26-05-2025T07:32:36 - [TEST_STEP][PASSED] - vidget = <not implemented yet for class: org.codehaus.groovy.ast.expr.EmptyExpression>: null

26-05-2025T07:32:36 - [TEST_STEP][PASSED] - tabR = <not implemented yet for class: org.codehaus.groovy.ast.expr.EmptyExpression>: null

26-05-2025T07:32:36 - [TEST_STEP][PASSED] - tabB = <not implemented yet for class: org.codehaus.groovy.ast.expr.EmptyExpression>: null

26-05-2025T07:32:36 - [TEST_STEP][PASSED] - o1R = <not implemented yet for class: org.codehaus.groovy.ast.expr.EmptyExpression>: null

26-05-2025T07:32:36 - [TEST_STEP][PASSED] - o1B = <not implemented yet for class: org.codehaus.groovy.ast.expr.EmptyExpression>: null

26-05-2025T07:32:36 - [TEST_STEP][PASSED] - PercPlanR = <not implemented yet for class: org.codehaus.groovy.ast.expr.EmptyExpression>: null

26-05-2025T07:32:36 - [TEST_STEP][PASSED] - PercPlanB = <not implemented yet for class: org.codehaus.groovy.ast.expr.EmptyExpression>: null

26-05-2025T07:32:36 - [TEST_STEP][PASSED] - PercFactR = <not implemented yet for class: org.codehaus.groovy.ast.expr.EmptyExpression>: null

26-05-2025T07:32:36 - [TEST_STEP][PASSED] - PercFactB = <not implemented yet for class: org.codehaus.groovy.ast.expr.EmptyExpression>: null

26-05-2025T07:32:36 - [TEST_STEP][PASSED] - pRR = "ПАО Россети/": null

26-05-2025T07:32:36 - [TEST_STEP][PASSED] - fR = "Россети ФСК ЕЭС/": null

26-05-2025T07:32:36 - [TEST_STEP][PASSED] - tyR = "АО "Тываэнерго"/": null

26-05-2025T07:32:36 - [TEST_STEP][PASSED] - chR = "Чеченэнерго": null

26-05-2025T07:32:36 - [TEST_STEP][PASSED] - vR = "Россети Волга/": null

26-05-2025T07:32:36 - [TEST_STEP][PASSED] - kR = "Россети Кубань/": null

26-05-2025T07:32:36 - [TEST_STEP][PASSED] - lR = "Россети Ленэнерго (ГК)/": null

26-05-2025T07:32:36 - [TEST_STEP][PASSED] - mR = "Россети Московский регион/": null

26-05-2025T07:32:36 - [TEST_STEP][PASSED] - sKR = "Россети Северный Кавказ (ГК)/": null

26-05-2025T07:32:36 - [TEST_STEP][PASSED] - sZR = "Россети Северо-Запад/": null

26-05-2025T07:32:36 - [TEST_STEP][PASSED] - siR = "Россети Сибирь (ГК)/": null

26-05-2025T07:32:36 - [TEST_STEP][PASSED] - tomR = "Россети Томск/": null

26-05-2025T07:32:36 - [TEST_STEP][PASSED] - tyumR = "Россети Тюмень/": null

26-05-2025T07:32:36 - [TEST_STEP][PASSED] - urR = "Россети Урал (ГК)/": null

26-05-2025T07:32:36 - [TEST_STEP][PASSED] - cenR = "Россети Центр (ГК)/": null

26-05-2025T07:32:36 - [TEST_STEP][PASSED] - cIPR = "Россети Центр и Приволжье (ГК)/": null

26-05-2025T07:32:36 - [TEST_STEP][PASSED] - ugR = "Россети Юг (ГК)/": null

26-05-2025T07:32:36 - [TEST_STEP][PASSED] - yR = "Россети Янтарь/": null

26-05-2025T07:32:36 - [TEST_STEP][PASSED] - pRB = "ПАО Россети/": null

26-05-2025T07:32:36 - [TEST_STEP][PASSED] - fB = "Россети ФСК ЕЭС/": null

26-05-2025T07:32:36 - [TEST_STEP][PASSED] - tyB = "АО "Тываэнерго"/": null

26-05-2025T07:32:36 - [TEST_STEP][PASSED] - chB = "Чеченэнерго": null

26-05-2025T07:32:36 - [TEST_STEP][PASSED] - vB = "Россети Волга/": null

26-05-2025T07:32:36 - [TEST_STEP][PASSED] - kB = "Россети Кубань/": null

26-05-2025T07:32:36 - [TEST_STEP][PASSED] - lB = "Россети Ленэнерго (ГК)/": null

26-05-2025T07:32:36 - [TEST_STEP][PASSED] - mB = "Россети Московский регион/": null

26-05-2025T07:32:36 - [TEST_STEP][PASSED] - sKB = "Россети Северный Кавказ (ГК)/": null

26-05-2025T07:32:36 - [TEST_STEP][PASSED] - sZB = "Россети Северо-Запад/": null

26-05-2025T07:32:36 - [TEST_STEP][PASSED] - siB = "Россети Сибирь (ГК)/": null

26-05-2025T07:32:36 - [TEST_STEP][PASSED] - tomB = "Россети Томск/": null

26-05-2025T07:32:36 - [TEST_STEP][PASSED] - tyumB = "Россети Тюмень/": null

26-05-2025T07:32:36 - [TEST_STEP][PASSED] - urB = "Россети Урал (ГК)/": null

26-05-2025T07:32:36 - [TEST_STEP][PASSED] - cenB = "Россети Центр (ГК)/": null

26-05-2025T07:32:36 - [TEST_STEP][PASSED] - cIPB = "Россети Центр и Приволжье (ГК)/": null

26-05-2025T07:32:36 - [TEST_STEP][PASSED] - ugB = "Россети Юг (ГК)/": null

26-05-2025T07:32:36 - [TEST_STEP][PASSED] - yB = "Россети Янтарь/": null

26-05-2025T07:32:36 - [TEST_STEP][PASSED] - VseDZO = <not implemented yet for class: org.codehaus.groovy.ast.expr.EmptyExpression>: null

26-05-2025T07:32:36 - [TEST_STEP][PASSED] - a = <not implemented yet for class: org.codehaus.groovy.ast.expr.EmptyExpression>: null

26-05-2025T07:32:36 - [TEST_STEP][PASSED] - b = <not implemented yet for class: org.codehaus.groovy.ast.expr.EmptyExpression>: null

26-05-2025T07:32:36 - [TEST_STEP][PASSED] - dZONum = 0: null

26-05-2025T07:32:36 - [TEST_STEP][PASSED] - x = <not implemented yet for class: org.codehaus.groovy.ast.expr.EmptyExpression>: null

26-05-2025T07:32:36 - [TEST_STEP][PASSED] - blockNum = 1: null

26-05-2025T07:32:36 - [TEST_STEP][PASSED] - path = "Object Repository/Выполнение бизнес-плана/": null

26-05-2025T07:32:36 - [TEST_STEP][PASSED] - Script1719299571342.Presettings(blockNum, path): null

26-05-2025T07:32:36 - [TEST_STEP][PASSED] - blockNumber = <not implemented yet for class: org.codehaus.groovy.ast.expr.EmptyExpression>: null

26-05-2025T07:32:36 - [TEST_STEP][PASSED] - urlText = <not implemented yet for class: org.codehaus.groovy.ast.expr.EmptyExpression>: null

26-05-2025T07:32:36 - [TEST_STEP][PASSED] - searchWord = <not implemented yet for class: org.codehaus.groovy.ast.expr.EmptyExpression>: null

26-05-2025T07:32:36 - [TEST_STEP][PASSED] - i = <not implemented yet for class: org.codehaus.groovy.ast.expr.EmptyExpression>: null

26-05-2025T07:32:36 - [TEST_STEP][PASSED] - ii = <not implemented yet for class: org.codehaus.groovy.ast.expr.EmptyExpression>: null

26-05-2025T07:32:36 - [TEST_STEP][PASSED] - openBrowser(""): Browser is opened with url: ''

26-05-2025T07:32:36 - [MESSAGE][INFO] - Starting 'Chrome' driver

26-05-2025T07:32:36 - [MESSAGE][INFO] - Action delay is set to 0 milliseconds

26-05-2025T07:32:37 - [MESSAGE][PASSED] - Browser is opened with url: ''

26-05-2025T07:32:37 - [TEST_STEP][PASSED] - if (blockNum == 1): null

26-05-2025T07:32:37 - [TEST_STEP][PASSED] - path = "Object Repository/Выполнение бизнес-плана/": null

26-05-2025T07:32:37 - [TEST_STEP][PASSED] - blockNumber = 1: null

26-05-2025T07:32:37 - [TEST_STEP][PASSED] - navigateToUrl(findTestData("PlanFact").getValue(10, blockNumber)): Navigate to 'https://bi.rosseti.digital/viewer?dashboardGuid=d154a8eaf6824e2b9de1bb04dd061c18&sheetGuid=1305e8ce744049e1abdacea1ea397a26&fit=true' successfully

26-05-2025T07:32:39 - [MESSAGE][PASSED] - Navigate to 'https://bi.rosseti.digital/viewer?dashboardGuid=d154a8eaf6824e2b9de1bb04dd061c18&sheetGuid=1305e8ce744049e1abdacea1ea397a26&fit=true' successfully

26-05-2025T07:32:39 - [TEST_STEP][PASSED] - urlText = getText(findTestObject("Страница авторизации/Text")): Text of object 'Object Repository/Страница авторизации/Text' is: 'Вход'

26-05-2025T07:32:40 - [MESSAGE][PASSED] - Text of object 'Object Repository/Страница авторизации/Text' is: 'Вход'

26-05-2025T07:32:40 - [TEST_STEP][PASSED] - delay(10): Delayed 10 second(s)

26-05-2025T07:32:50 - [MESSAGE][PASSED] - Delayed 10 second(s)

26-05-2025T07:32:50 - [TEST_STEP][PASSED] - searchWord = "Вход": null

26-05-2025T07:32:50 - [TEST_STEP][PASSED] - if (urlText.contains(searchWord) == false): null

26-05-2025T07:32:50 - [TEST_STEP][PASSED] - setText(findTestObject("Страница авторизации/input__username"), findTestData("PlanFact").getValue(8, 1)): Text 'liazgina-di' is set on object 'Object Repository/Страница авторизации/input__username'

26-05-2025T07:32:51 - [MESSAGE][PASSED] - Text 'liazgina-di' is set on object 'Object Repository/Страница авторизации/input__username'

26-05-2025T07:32:51 - [TEST_STEP][PASSED] - setText(findTestObject("Страница авторизации/input__password"), findTestData("PlanFact").getValue(9, 1)): Text ')$%5srZ8o688Dm#q' is set on object 'Object Repository/Страница авторизации/input__password'

26-05-2025T07:32:52 - [MESSAGE][PASSED] - Text ')$%5srZ8o688Dm#q' is set on object 'Object Repository/Страница авторизации/input__password'

26-05-2025T07:32:52 - [TEST_STEP][PASSED] - click(findTestObject("Страница авторизации/button_")): Object: 'Object Repository/Страница авторизации/button_' is clicked on

26-05-2025T07:32:53 - [MESSAGE][PASSED] - Object: 'Object Repository/Страница авторизации/button_' is clicked on

26-05-2025T07:32:53 - [TEST_STEP][PASSED] - delay(50): Delayed 50 second(s)

26-05-2025T07:33:43 - [MESSAGE][PASSED] - Delayed 50 second(s)

26-05-2025T07:33:43 - [TEST_STEP][PASSED] - searchWord = "ДЗО": null

26-05-2025T07:33:43 - [TEST_STEP][PASSED] - urlText = getText(findTestObject("Страница авторизации/Text")): Text of object 'Object Repository/Страница авторизации/Text' is: 'ДЗО 
ПАО Россети
Период
1 кв. 2025 года
Отклонения фактического уровня потерь от бизнес-плана, п.п.
0.05
-0.99
-0.40
-1.51
-0.19
-0.38
-0.25
-1.05
-0.60
-1.44
-1.52
Россети ФСК ЕЭС
Россети Волга
Россети Московскийрегион
Россети Северо-Запад
Россети Томск
Россети Тюмень
Россети Урал (ГК)
Россети Центр (ГК)
Россети Центр иПриволжье (ГК)
Россети Юг (ГК)
Россети Янтарь
-2
0
2
4
6
8

Уровень потерь электроэнергии
Россети ФСК ЕЭС
Россети Волга
Россети Московский регион
Россети Северо-Запад
Россети Томск
Россети Урал (ГК)
Россети Юг (ГК)
Россети Янтарь
0
10
20
30
40
50
60
70
3.79
7.22
|
9.39
|
6.73
|
10.74
|
6.88
|
10.84
|
10.39
|
3.84
|
6.22
9.00
5.22
10.55
6.63
9.40
8.87
п.п.
2.60
Итого
0
1
2
3
%
5.63 5.63
8.24 8.24
План
Факт
1
100

● Бизнес-план выполнен● ●● Превышение бизнес-плана
Отклонения фактического уровня потерь от бизнес-плана за 3 месяца (нарастающим итогом), п.п.
-0.0-0.0
-1.0-1.0
-0.4-0.4
-2.5-2.5
-0.3-0.3
-0.2-0.2
-0.3-0.3
-2.6-2.6
-1.9-1.9
-1.4-1.4
-2.4-2.4
0.10.1
-0.7-0.7
-1.5-1.5
-0.2-0.2
-0.4-0.4
-0.5-0.5
-1.8-1.8
-1.5-1.5
-1.5-1.5
0.10.1
-1.0-1.0
-0.4-0.4
-1.5-1.5
-0.2-0.2
-0.4-0.4
-0.3-0.3
-1.0-1.0
-0.6-0.6
-1.4-1.4
-1.5-1.5
Россети ФСКЕЭС
АО«Тываэнерго»
АО«Чеченэнерго»
Россети Волга
РоссетиКубань
РоссетиЛенэнерго(ГК)
РоссетиМосковскийрегион
РоссетиСеверныйКавказ (ГК)
Россети Северо-Запад
Россети Сибирь(ГК)
Россети Томск
Россети Тюмень
Россети Урал(ГК)
Россети Центр
Россети Центри Приволжье(ГК)
Россети Юг (Г…
РоссетиЯнтарь
-2
0
-4
2
п.п.
Отклонения фактического уровня потерь от бизнес-плана за 3 месяца (нарастающим итогом)
-3.4-3.4
-2.5-2.5
-6.0-6.0
-1.5-1.5
-0.6-0.6
-1.6-1.6
-1.4-1.4
-4.5-4.5
-1.8-1.8
-1.9-1.9
-5.3-5.3
-1.1-1.1
-0.5-0.5
-0.7-0.7
-0.9-0.9
-2.8-2.8
-1.2-1.2
-0.8-0.8
-4.0-4.0
-1.1-1.1
-0.4-0.4
-0.5-0.5
-0.2-0.2
-1.5-1.5
Итого по ФСК ЕЭС
АО "Тываэнерго"
АО «ВМЭС»
АО «Воронежская горэлектросеть»
АО «Тульские городские электрические сети»
АО «Чеченэнерго»
АО «Ярославская электросетевая компания»
АО ЕЭСК
Алтайэнерго
Архангельский филиал
Астраханьэнерго
Белгородэнерго
Брянскэнерго
Бурятэнерго
Владимирэнерго
Волгоградэнерго
Вологодский филиал
Воронежэнерго
Дагэнерго
Ивэнерго
Ингушэнерго
-8
0

Статус данных
Просьба обратить внимание
— все данные не занесены
Факт
План
Итого – Факт
Отпуск в сеть 177 286 590
Отпуск из сети 162 684 396
Потери 14 602 194
Итого – План
Отпуск в сеть 279 622 401
Отпуск из сети 263 872 604
Потери 15 749 796
Выполнение бизнес-плана в части показателя «Уровень потерь электроэнергии»
Показатели баланса электроэнергии по ДЗО – Факт 
164 602 454 4 949 974 28 695 297 6 258 254 1 364 454 19 698 947 3 467 484 901 140
158 511 723 4 641 851 26 113 910 5 931 711 1 220 439 18 393 144 3 141 633 821 181
6 090 730 308 123 2 581 387 326 542 144 015 1 305 803 325 852 79 959
Показатели баланса электроэнергии по ДЗО – План
167 925 540 5 172 896 30 256 406 6 540 566 1 428 476 20 275 424 3 760 351 908 608
161 793 849 4 799 582 27 414 523 6 100 575 1 275 060 18 880 336 3 352 866 814 188
6 131 691 373 314 2 841 883 439 991 153 416 1 395 088 407 485 94 420'

26-05-2025T07:33:45 - [MESSAGE][PASSED] - Text of object 'Object Repository/Страница авторизации/Text' is: 'ДЗО 
ПАО Россети
Период
1 кв. 2025 года
Отклонения фактического уровня потерь от бизнес-плана, п.п.
0.05
-0.99
-0.40
-1.51
-0.19
-0.38
-0.25
-1.05
-0.60
-1.44
-1.52
Россети ФСК ЕЭС
Россети Волга
Россети Московскийрегион
Россети Северо-Запад
Россети Томск
Россети Тюмень
Россети Урал (ГК)
Россети Центр (ГК)
Россети Центр иПриволжье (ГК)
Россети Юг (ГК)
Россети Янтарь
-2
0
2
4
6
8

Уровень потерь электроэнергии
Россети ФСК ЕЭС
Россети Волга
Россети Московский регион
Россети Северо-Запад
Россети Томск
Россети Урал (ГК)
Россети Юг (ГК)
Россети Янтарь
0
10
20
30
40
50
60
70
3.79
7.22
|
9.39
|
6.73
|
10.74
|
6.88
|
10.84
|
10.39
|
3.84
|
6.22
9.00
5.22
10.55
6.63
9.40
8.87
п.п.
2.60
Итого
0
1
2
3
%
5.63 5.63
8.24 8.24
План
Факт
1
100

● Бизнес-план выполнен● ●● Превышение бизнес-плана
Отклонения фактического уровня потерь от бизнес-плана за 3 месяца (нарастающим итогом), п.п.
-0.0-0.0
-1.0-1.0
-0.4-0.4
-2.5-2.5
-0.3-0.3
-0.2-0.2
-0.3-0.3
-2.6-2.6
-1.9-1.9
-1.4-1.4
-2.4-2.4
0.10.1
-0.7-0.7
-1.5-1.5
-0.2-0.2
-0.4-0.4
-0.5-0.5
-1.8-1.8
-1.5-1.5
-1.5-1.5
0.10.1
-1.0-1.0
-0.4-0.4
-1.5-1.5
-0.2-0.2
-0.4-0.4
-0.3-0.3
-1.0-1.0
-0.6-0.6
-1.4-1.4
-1.5-1.5
Россети ФСКЕЭС
АО«Тываэнерго»
АО«Чеченэнерго»
Россети Волга
РоссетиКубань
РоссетиЛенэнерго(ГК)
РоссетиМосковскийрегион
РоссетиСеверныйКавказ (ГК)
Россети Северо-Запад
Россети Сибирь(ГК)
Россети Томск
Россети Тюмень
Россети Урал(ГК)
Россети Центр
Россети Центри Приволжье(ГК)
Россети Юг (Г…
РоссетиЯнтарь
-2
0
-4
2
п.п.
Отклонения фактического уровня потерь от бизнес-плана за 3 месяца (нарастающим итогом)
-3.4-3.4
-2.5-2.5
-6.0-6.0
-1.5-1.5
-0.6-0.6
-1.6-1.6
-1.4-1.4
-4.5-4.5
-1.8-1.8
-1.9-1.9
-5.3-5.3
-1.1-1.1
-0.5-0.5
-0.7-0.7
-0.9-0.9
-2.8-2.8
-1.2-1.2
-0.8-0.8
-4.0-4.0
-1.1-1.1
-0.4-0.4
-0.5-0.5
-0.2-0.2
-1.5-1.5
Итого по ФСК ЕЭС
АО "Тываэнерго"
АО «ВМЭС»
АО «Воронежская горэлектросеть»
АО «Тульские городские электрические сети»
АО «Чеченэнерго»
АО «Ярославская электросетевая компания»
АО ЕЭСК
Алтайэнерго
Архангельский филиал
Астраханьэнерго
Белгородэнерго
Брянскэнерго
Бурятэнерго
Владимирэнерго
Волгоградэнерго
Вологодский филиал
Воронежэнерго
Дагэнерго
Ивэнерго
Ингушэнерго
-8
0

Статус данных
Просьба обратить внимание
— все данные не занесены
Факт
План
Итого – Факт
Отпуск в сеть 177 286 590
Отпуск из сети 162 684 396
Потери 14 602 194
Итого – План
Отпуск в сеть 279 622 401
Отпуск из сети 263 872 604
Потери 15 749 796
Выполнение бизнес-плана в части показателя «Уровень потерь электроэнергии»
Показатели баланса электроэнергии по ДЗО – Факт 
164 602 454 4 949 974 28 695 297 6 258 254 1 364 454 19 698 947 3 467 484 901 140
158 511 723 4 641 851 26 113 910 5 931 711 1 220 439 18 393 144 3 141 633 821 181
6 090 730 308 123 2 581 387 326 542 144 015 1 305 803 325 852 79 959
Показатели баланса электроэнергии по ДЗО – План
167 925 540 5 172 896 30 256 406 6 540 566 1 428 476 20 275 424 3 760 351 908 608
161 793 849 4 799 582 27 414 523 6 100 575 1 275 060 18 880 336 3 352 866 814 188
6 131 691 373 314 2 841 883 439 991 153 416 1 395 088 407 485 94 420'

26-05-2025T07:33:45 - [TEST_STEP][PASSED] - if (urlText.contains("ошибка") || urlText.contains(searchWord) == false): null

26-05-2025T07:33:45 - [TEST_STEP][PASSED] - Script1719299571342.ZakrytOpoveshenie(): null

26-05-2025T07:33:45 - [TEST_STEP][PASSED] - opoveshenie = getText(findTestObject("Выполнение бизнес-плана/Просьба обратить внимание")): Text of object 'Object Repository/Выполнение бизнес-плана/Просьба обратить внимание' is: 'Просьба обратить внимание'

26-05-2025T07:33:45 - [MESSAGE][PASSED] - Text of object 'Object Repository/Выполнение бизнес-плана/Просьба обратить внимание' is: 'Просьба обратить внимание'

26-05-2025T07:33:45 - [TEST_STEP][PASSED] - if (opoveshenie == "Просьба обратить внимание"): Object: 'Object Repository/Выполнение бизнес-плана/Закрыть оповещение' is clicked on

26-05-2025T07:33:45 - [TEST_STEP][PASSED] - click(findTestObject("Выполнение бизнес-плана/Закрыть оповещение")): Object: 'Object Repository/Выполнение бизнес-плана/Закрыть оповещение' is clicked on

26-05-2025T07:33:45 - [MESSAGE][PASSED] - Object: 'Object Repository/Выполнение бизнес-плана/Закрыть оповещение' is clicked on

26-05-2025T07:33:45 - [TEST_STEP][PASSED] - click(findTestObject(path + "Фильтр Дата")): Object: 'Object Repository/Выполнение бизнес-плана/Фильтр Дата' is clicked on

26-05-2025T07:33:46 - [MESSAGE][PASSED] - Object: 'Object Repository/Выполнение бизнес-плана/Фильтр Дата' is clicked on

26-05-2025T07:33:46 - [TEST_STEP][PASSED] - click(findTestObject(path + "Снять выделение в фильтре Дата")): Object: 'Object Repository/Выполнение бизнес-плана/Снять выделение в фильтре Дата' is clicked on

26-05-2025T07:33:46 - [MESSAGE][PASSED] - Object: 'Object Repository/Выполнение бизнес-плана/Снять выделение в фильтре Дата' is clicked on

26-05-2025T07:33:46 - [TEST_STEP][PASSED] - click(findTestObject(path + "Применить в фильтре Дата")): Object: 'Object Repository/Выполнение бизнес-плана/Применить в фильтре Дата' is clicked on

26-05-2025T07:33:47 - [MESSAGE][PASSED] - Object: 'Object Repository/Выполнение бизнес-плана/Применить в фильтре Дата' is clicked on

26-05-2025T07:33:47 - [TEST_STEP][PASSED] - delay(50): Delayed 50 second(s)

26-05-2025T07:34:37 - [MESSAGE][PASSED] - Delayed 50 second(s)

26-05-2025T07:34:37 - [TEST_STEP][PASSED] - Script1719299571342.ZakrytOpoveshenie(): null

26-05-2025T07:34:37 - [TEST_STEP][PASSED] - opoveshenie = getText(findTestObject("Выполнение бизнес-плана/Просьба обратить внимание")): Text of object 'Object Repository/Выполнение бизнес-плана/Просьба обратить внимание' is: 'Просьба обратить внимание'

26-05-2025T07:34:37 - [MESSAGE][PASSED] - Text of object 'Object Repository/Выполнение бизнес-плана/Просьба обратить внимание' is: 'Просьба обратить внимание'

26-05-2025T07:34:37 - [TEST_STEP][PASSED] - if (opoveshenie == "Просьба обратить внимание"): Object: 'Object Repository/Выполнение бизнес-плана/Закрыть оповещение' is clicked on

26-05-2025T07:34:37 - [TEST_STEP][PASSED] - click(findTestObject("Выполнение бизнес-плана/Закрыть оповещение")): Object: 'Object Repository/Выполнение бизнес-плана/Закрыть оповещение' is clicked on

26-05-2025T07:34:38 - [MESSAGE][PASSED] - Object: 'Object Repository/Выполнение бизнес-плана/Закрыть оповещение' is clicked on

26-05-2025T07:34:38 - [TEST_STEP][PASSED] - click(findTestObject(path + "Фильтр Дата")): Object: 'Object Repository/Выполнение бизнес-плана/Фильтр Дата' is clicked on

26-05-2025T07:34:38 - [MESSAGE][PASSED] - Object: 'Object Repository/Выполнение бизнес-плана/Фильтр Дата' is clicked on

26-05-2025T07:34:38 - [TEST_STEP][PASSED] - scrollToElement(findTestObject(path + "2025 список"), 30): Scroll to object 'Object Repository/Выполнение бизнес-плана/2025 список' successfully

26-05-2025T07:34:38 - [MESSAGE][PASSED] - Scroll to object 'Object Repository/Выполнение бизнес-плана/2025 список' successfully

26-05-2025T07:34:38 - [TEST_STEP][PASSED] - click(findTestObject(path + "2025 список")): Object: 'Object Repository/Выполнение бизнес-плана/2025 список' is clicked on

26-05-2025T07:34:39 - [MESSAGE][PASSED] - Object: 'Object Repository/Выполнение бизнес-плана/2025 список' is clicked on

26-05-2025T07:34:39 - [TEST_STEP][PASSED] - scrollToElement(findTestObject(path + "1 квартал 2025 список"), 30): Scroll to object 'Object Repository/Выполнение бизнес-плана/1 квартал 2025 список' successfully

26-05-2025T07:34:40 - [MESSAGE][PASSED] - Scroll to object 'Object Repository/Выполнение бизнес-плана/1 квартал 2025 список' successfully

26-05-2025T07:34:40 - [TEST_STEP][PASSED] - click(findTestObject(path + "1 квартал 2025")): Object: 'Object Repository/Выполнение бизнес-плана/1 квартал 2025' is clicked on

26-05-2025T07:34:40 - [MESSAGE][PASSED] - Object: 'Object Repository/Выполнение бизнес-плана/1 квартал 2025' is clicked on

26-05-2025T07:34:40 - [TEST_STEP][PASSED] - scrollToElement(findTestObject(path + "Заголовок дашборда"), 30): Scroll to object 'Object Repository/Выполнение бизнес-плана/Заголовок дашборда' successfully

26-05-2025T07:34:40 - [MESSAGE][PASSED] - Scroll to object 'Object Repository/Выполнение бизнес-плана/Заголовок дашборда' successfully

26-05-2025T07:34:40 - [TEST_STEP][PASSED] - click(findTestObject(path + "Применить в фильтре Дата")): Object: 'Object Repository/Выполнение бизнес-плана/Применить в фильтре Дата' is clicked on

26-05-2025T07:34:41 - [MESSAGE][PASSED] - Object: 'Object Repository/Выполнение бизнес-плана/Применить в фильтре Дата' is clicked on

26-05-2025T07:34:41 - [TEST_STEP][PASSED] - delay(30): Delayed 30 second(s)

26-05-2025T07:35:11 - [MESSAGE][PASSED] - Delayed 30 second(s)

26-05-2025T07:35:11 - [TEST_STEP][PASSED] - Script1719299571342.ZakrytOpoveshenie(): null

26-05-2025T07:35:11 - [TEST_STEP][PASSED] - opoveshenie = getText(findTestObject("Выполнение бизнес-плана/Просьба обратить внимание")): Text of object 'Object Repository/Выполнение бизнес-плана/Просьба обратить внимание' is: 'Просьба обратить внимание'

26-05-2025T07:35:12 - [MESSAGE][PASSED] - Text of object 'Object Repository/Выполнение бизнес-плана/Просьба обратить внимание' is: 'Просьба обратить внимание'

26-05-2025T07:35:12 - [TEST_STEP][PASSED] - if (opoveshenie == "Просьба обратить внимание"): Object: 'Object Repository/Выполнение бизнес-плана/Закрыть оповещение' is clicked on

26-05-2025T07:35:12 - [TEST_STEP][PASSED] - click(findTestObject("Выполнение бизнес-плана/Закрыть оповещение")): Object: 'Object Repository/Выполнение бизнес-плана/Закрыть оповещение' is clicked on

26-05-2025T07:35:12 - [MESSAGE][PASSED] - Object: 'Object Repository/Выполнение бизнес-плана/Закрыть оповещение' is clicked on

26-05-2025T07:35:12 - [TEST_STEP][PASSED] - click(findTestObject(path + "Фильтр ДЗО")): Object: 'Object Repository/Выполнение бизнес-плана/Фильтр ДЗО' is clicked on

26-05-2025T07:35:12 - [MESSAGE][PASSED] - Object: 'Object Repository/Выполнение бизнес-плана/Фильтр ДЗО' is clicked on

26-05-2025T07:35:12 - [TEST_STEP][PASSED] - click(findTestObject(path + "Снять выделение в фильтре ДЗО")): Object: 'Object Repository/Выполнение бизнес-плана/Снять выделение в фильтре ДЗО' is clicked on

26-05-2025T07:35:13 - [MESSAGE][PASSED] - Object: 'Object Repository/Выполнение бизнес-плана/Снять выделение в фильтре ДЗО' is clicked on

26-05-2025T07:35:13 - [TEST_STEP][PASSED] - click(findTestObject(path + "ПАО Россети")): Object: 'Object Repository/Выполнение бизнес-плана/ПАО Россети' is clicked on

26-05-2025T07:35:13 - [MESSAGE][PASSED] - Object: 'Object Repository/Выполнение бизнес-плана/ПАО Россети' is clicked on

26-05-2025T07:35:13 - [TEST_STEP][PASSED] - click(findTestObject(path + "Применить в фильтре ДЗО")): Object: 'Object Repository/Выполнение бизнес-плана/Применить в фильтре ДЗО' is clicked on

26-05-2025T07:35:14 - [MESSAGE][PASSED] - Object: 'Object Repository/Выполнение бизнес-плана/Применить в фильтре ДЗО' is clicked on

26-05-2025T07:35:14 - [TEST_STEP][PASSED] - delay(30): Delayed 30 second(s)

26-05-2025T07:35:44 - [MESSAGE][PASSED] - Delayed 30 second(s)

26-05-2025T07:35:44 - [TEST_STEP][PASSED] - VseDZO = getText(findTestObject(path + "Список ДЗО")): Text of object 'Object Repository/Выполнение бизнес-плана/Список ДЗО' is: 'Уровень потерь электроэнергии
Россети ФСК ЕЭС
Россети Волга
Россети Московский регион
Россети Северо-Запад
Россети Томск
Россети Урал (ГК)
Россети Юг (ГК)
Россети Янтарь
0
10
20
30
40
50
60
70
3.79
7.22
|
9.39
|
6.73
|
10.74
|
6.88
|
10.84
|
10.39
|
3.84
|
6.22
9.00
5.22
10.55
6.63
9.40
8.87'

26-05-2025T07:35:44 - [MESSAGE][PASSED] - Text of object 'Object Repository/Выполнение бизнес-плана/Список ДЗО' is: 'Уровень потерь электроэнергии
Россети ФСК ЕЭС
Россети Волга
Россети Московский регион
Россети Северо-Запад
Россети Томск
Россети Урал (ГК)
Россети Юг (ГК)
Россети Янтарь
0
10
20
30
40
50
60
70
3.79
7.22
|
9.39
|
6.73
|
10.74
|
6.88
|
10.84
|
10.39
|
3.84
|
6.22
9.00
5.22
10.55
6.63
9.40
8.87'

26-05-2025T07:35:44 - [TEST_STEP][PASSED] - pRR = GetAllPAOData(path, dZONum, VseDZO, z = "ПАО Россети/"): null

26-05-2025T07:35:44 - [TEST_STEP][PASSED] - path2 = "Значения со страницы Выполнение бизнес-плана/Table Data/": null

26-05-2025T07:35:44 - [TEST_STEP][PASSED] - ii = <not implemented yet for class: org.codehaus.groovy.ast.expr.EmptyExpression>: null

26-05-2025T07:35:44 - [TEST_STEP][PASSED] - i1 = <not implemented yet for class: org.codehaus.groovy.ast.expr.EmptyExpression>: null

26-05-2025T07:35:44 - [TEST_STEP][PASSED] - z = <not implemented yet for class: org.codehaus.groovy.ast.expr.EmptyExpression>: null

26-05-2025T07:35:44 - [TEST_STEP][PASSED] - z1 = <not implemented yet for class: org.codehaus.groovy.ast.expr.EmptyExpression>: null

26-05-2025T07:35:44 - [TEST_STEP][PASSED] - println("path: " + path): null

26-05-2025T07:35:44 - [TEST_STEP][PASSED] - z = getText(findTestObject(path + "Итого")).replaceAll("[\r?
|
]", "/"): Text of object 'Object Repository/Выполнение бизнес-плана/Итого' is: '%
5.63 5.63
8.24 8.24
План
Факт
1
100'

26-05-2025T07:35:45 - [MESSAGE][PASSED] - Text of object 'Object Repository/Выполнение бизнес-плана/Итого' is: '%
5.63 5.63
8.24 8.24
План
Факт
1
100'

26-05-2025T07:35:45 - [TEST_STEP][PASSED] - ii = z.indexOf("%") + 2: null

26-05-2025T07:35:45 - [TEST_STEP][PASSED] - if (ii > -1): null

26-05-2025T07:35:45 - [TEST_STEP][PASSED] - z = z.substring(ii, z.length()): null

26-05-2025T07:35:45 - [TEST_STEP][PASSED] - println(z): null

26-05-2025T07:35:45 - [TEST_STEP][PASSED] - ii = z.indexOf("/1/100") - 1: null

26-05-2025T07:35:45 - [TEST_STEP][PASSED] - if (ii > -1): null

26-05-2025T07:35:45 - [TEST_STEP][PASSED] - z = z.substring(0, ii): null

26-05-2025T07:35:45 - [TEST_STEP][PASSED] - println(z): null

26-05-2025T07:35:45 - [TEST_STEP][PASSED] - ii = z.indexOf("План"): null

26-05-2025T07:35:45 - [TEST_STEP][PASSED] - if (ii > -1): null

26-05-2025T07:35:45 - [TEST_STEP][PASSED] - z = z.substring(0, ii): null

26-05-2025T07:35:45 - [TEST_STEP][PASSED] - println(z): null

26-05-2025T07:35:45 - [TEST_STEP][PASSED] - ii = z.indexOf("/") + 1: null

26-05-2025T07:35:45 - [TEST_STEP][PASSED] - z1 = z.substring(0, ii): null

26-05-2025T07:35:45 - [TEST_STEP][PASSED] - println(z1): null

26-05-2025T07:35:45 - [TEST_STEP][PASSED] - z = z.substring(ii, z.length()): null

26-05-2025T07:35:45 - [TEST_STEP][PASSED] - println(z): null

26-05-2025T07:35:45 - [TEST_STEP][PASSED] - ii = z1.length() / 2: null

26-05-2025T07:35:45 - [TEST_STEP][PASSED] - z1 = replaceAll("[\r?
|
]", "/").trim(): null

26-05-2025T07:35:45 - [TEST_STEP][PASSED] - println(z1): null

26-05-2025T07:35:45 - [TEST_STEP][PASSED] - ii = z.length() / 2: null

26-05-2025T07:35:45 - [TEST_STEP][PASSED] - z = replace("/", "").trim(): null

26-05-2025T07:35:45 - [TEST_STEP][PASSED] - println(z): null

26-05-2025T07:35:45 - [TEST_STEP][PASSED] - x = x + z1 + "/" + z: null

26-05-2025T07:35:45 - [TEST_STEP][PASSED] - println(x): null

26-05-2025T07:35:45 - [TEST_STEP][PASSED] - if (verifyElementPresent(findTestObject(path + "Таблица Итого-Факт"), 30)): null

26-05-2025T07:35:45 - [MESSAGE][PASSED] - Object 'Object Repository/Выполнение бизнес-плана/Таблица Итого-Факт' is present

26-05-2025T07:35:45 - [TEST_STEP][PASSED] - z = replaceAll("\s+", "").replaceAll("[а-яА-Я]", ""): Text of object 'Object Repository/Выполнение бизнес-плана/Таблица Итого-Факт' is: 'Отпуск в сеть 177 286 590
Отпуск из сети 162 684 396
Потери 14 602 194'

26-05-2025T07:35:45 - [MESSAGE][PASSED] - Text of object 'Object Repository/Выполнение бизнес-плана/Таблица Итого-Факт' is: 'Отпуск в сеть 177 286 590
Отпуск из сети 162 684 396
Потери 14 602 194'

26-05-2025T07:35:45 - [TEST_STEP][PASSED] - println(z): null

26-05-2025T07:35:45 - [TEST_STEP][PASSED] - x = x + "/" + z: null

26-05-2025T07:35:45 - [TEST_STEP][PASSED] - println(x): null

26-05-2025T07:35:45 - [TEST_STEP][PASSED] - click(findTestObject(path + "Кнопка План")): Object: 'Object Repository/Выполнение бизнес-плана/Кнопка План' is clicked on

26-05-2025T07:35:46 - [MESSAGE][PASSED] - Object: 'Object Repository/Выполнение бизнес-плана/Кнопка План' is clicked on

26-05-2025T07:35:46 - [TEST_STEP][PASSED] - z = replaceAll("\s+", "").replaceAll("[а-яА-Я]", ""): Text of object 'Object Repository/Выполнение бизнес-плана/Таблица Итого-План' is: 'Отпуск в сеть 279 622 401
Отпуск из сети 263 872 604
Потери 15 749 796'

26-05-2025T07:35:46 - [MESSAGE][PASSED] - Text of object 'Object Repository/Выполнение бизнес-плана/Таблица Итого-План' is: 'Отпуск в сеть 279 622 401
Отпуск из сети 263 872 604
Потери 15 749 796'

26-05-2025T07:35:46 - [TEST_STEP][PASSED] - x = x + "/" + z: null

26-05-2025T07:35:46 - [TEST_STEP][PASSED] - println(x): null

26-05-2025T07:35:46 - [TEST_STEP][PASSED] - click(findTestObject(path + "Кнопка Факт")): Object: 'Object Repository/Выполнение бизнес-плана/Кнопка Факт' is clicked on

26-05-2025T07:35:46 - [MESSAGE][PASSED] - Object: 'Object Repository/Выполнение бизнес-плана/Кнопка Факт' is clicked on

26-05-2025T07:35:46 - [TEST_STEP][PASSED] - return x: null

26-05-2025T07:35:46 - [TEST_STEP][PASSED] - println("pRR: " + pRR): null

26-05-2025T07:35:46 - [TEST_STEP][PASSED] - i = VseDZO.indexOf("ЕЭС"): null

26-05-2025T07:35:46 - [TEST_STEP][PASSED] - if (i > -1): null

26-05-2025T07:35:46 - [TEST_STEP][PASSED] - dZONum = dZONum + 1: null

26-05-2025T07:35:46 - [TEST_STEP][PASSED] - fR = GetAllData(path, dZONum, VseDZO, x = "Россети ФСК ЕЭС/", dZO): null

26-05-2025T07:35:46 - [TEST_STEP][PASSED] - ii = <not implemented yet for class: org.codehaus.groovy.ast.expr.EmptyExpression>: null

26-05-2025T07:35:46 - [TEST_STEP][PASSED] - i1 = <not implemented yet for class: org.codehaus.groovy.ast.expr.EmptyExpression>: null

26-05-2025T07:35:46 - [TEST_STEP][PASSED] - z = <not implemented yet for class: org.codehaus.groovy.ast.expr.EmptyExpression>: null

26-05-2025T07:35:46 - [TEST_STEP][PASSED] - strToManage = <not implemented yet for class: org.codehaus.groovy.ast.expr.EmptyExpression>: null

26-05-2025T07:35:46 - [TEST_STEP][PASSED] - path2 = "Значения со страницы Выполнение бизнес-плана/Table Data/": null

26-05-2025T07:35:46 - [TEST_STEP][PASSED] - println("path: " + path): null

26-05-2025T07:35:46 - [TEST_STEP][PASSED] - dZONumOtk = <not implemented yet for class: org.codehaus.groovy.ast.expr.EmptyExpression>: null

26-05-2025T07:35:46 - [TEST_STEP][PASSED] - println("dZONum: " + dZONum): null

26-05-2025T07:35:46 - [TEST_STEP][PASSED] - dZO = x.substring(x.indexOf("/")): null

26-05-2025T07:35:46 - [TEST_STEP][PASSED] - println("dZO: " + dZO): null

26-05-2025T07:35:46 - [TEST_STEP][PASSED] - z = getText(findTestObject(path + "spanPlan" + dZONum)): Text of object 'Object Repository/Выполнение бизнес-плана/spanPlan1' is: '3.79'

26-05-2025T07:35:47 - [MESSAGE][PASSED] - Text of object 'Object Repository/Выполнение бизнес-плана/spanPlan1' is: '3.79'

26-05-2025T07:35:47 - [TEST_STEP][PASSED] - println(z): null

26-05-2025T07:35:47 - [TEST_STEP][PASSED] - if (z != ""): null

26-05-2025T07:35:47 - [TEST_STEP][PASSED] - ii = z.indexOf("|"): null

26-05-2025T07:35:47 - [TEST_STEP][PASSED] - if (ii > -1): null

26-05-2025T07:35:47 - [TEST_STEP][PASSED] - z = z.replaceAll("\s+", ""): null

26-05-2025T07:35:47 - [TEST_STEP][PASSED] - z = z.replace("[\r?
|
]", "/"): null

26-05-2025T07:35:47 - [TEST_STEP][PASSED] - println(z): null

26-05-2025T07:35:47 - [TEST_STEP][PASSED] - x = x + z: null

26-05-2025T07:35:47 - [TEST_STEP][PASSED] - z = getText(findTestObject(path + "spanFact" + dZONum)): Text of object 'Object Repository/Выполнение бизнес-плана/spanFact1' is: '3.84
|'

26-05-2025T07:35:47 - [MESSAGE][PASSED] - Text of object 'Object Repository/Выполнение бизнес-плана/spanFact1' is: '3.84
|'

26-05-2025T07:35:47 - [TEST_STEP][PASSED] - ii = z.indexOf("|"): null

26-05-2025T07:35:47 - [TEST_STEP][PASSED] - if (ii > -1): null

26-05-2025T07:35:47 - [TEST_STEP][PASSED] - z = length() - 1).replace("[\r?
|
]", "/"): null

26-05-2025T07:35:47 - [TEST_STEP][PASSED] - x = x + "/" + z: null

26-05-2025T07:35:47 - [TEST_STEP][PASSED] - z = getText(findTestObject(path + path2 + "Факт Отпуск в сеть за отчётный период " + dZONum)).replaceAll("\s+", ""): Text of object 'Object Repository/Выполнение бизнес-плана/Значения со страницы Выполнение бизнес-плана/Table Data/Факт Отпуск в сеть за отчётный период 1' is: '164 602 454'

26-05-2025T07:35:47 - [MESSAGE][PASSED] - Text of object 'Object Repository/Выполнение бизнес-плана/Значения со страницы Выполнение бизнес-плана/Table Data/Факт Отпуск в сеть за отчётный период 1' is: '164 602 454'

26-05-2025T07:35:47 - [TEST_STEP][PASSED] - println("z=" + z): null

26-05-2025T07:35:47 - [TEST_STEP][PASSED] - x = x + "/" + z: null

26-05-2025T07:35:47 - [TEST_STEP][PASSED] - z = getText(findTestObject(path + path2 + "Факт Отпуск из сети за отчётный период " + dZONum)).replaceAll("\s+", ""): Text of object 'Object Repository/Выполнение бизнес-плана/Значения со страницы Выполнение бизнес-плана/Table Data/Факт Отпуск из сети за отчётный период 1' is: '158 511 723'

26-05-2025T07:35:48 - [MESSAGE][PASSED] - Text of object 'Object Repository/Выполнение бизнес-плана/Значения со страницы Выполнение бизнес-плана/Table Data/Факт Отпуск из сети за отчётный период 1' is: '158 511 723'

26-05-2025T07:35:48 - [TEST_STEP][PASSED] - x = x + "/" + z: null

26-05-2025T07:35:48 - [TEST_STEP][PASSED] - z = getText(findTestObject(path + path2 + "Факт Потери за отчётный период " + dZONum)).replaceAll("\s+", ""): Text of object 'Object Repository/Выполнение бизнес-плана/Значения со страницы Выполнение бизнес-плана/Table Data/Факт Потери за отчётный период 1' is: '6 090 730'

26-05-2025T07:35:48 - [MESSAGE][PASSED] - Text of object 'Object Repository/Выполнение бизнес-плана/Значения со страницы Выполнение бизнес-плана/Table Data/Факт Потери за отчётный период 1' is: '6 090 730'

26-05-2025T07:35:48 - [TEST_STEP][PASSED] - x = x + "/" + z: null

26-05-2025T07:35:48 - [TEST_STEP][PASSED] - z = getText(findTestObject(path + path2 + "План Отпуск в сеть за отчётный период " + dZONum)).replaceAll("\s+", ""): Text of object 'Object Repository/Выполнение бизнес-плана/Значения со страницы Выполнение бизнес-плана/Table Data/План Отпуск в сеть за отчётный период 1' is: '167 925 540'

26-05-2025T07:35:48 - [MESSAGE][PASSED] - Text of object 'Object Repository/Выполнение бизнес-плана/Значения со страницы Выполнение бизнес-плана/Table Data/План Отпуск в сеть за отчётный период 1' is: '167 925 540'

26-05-2025T07:35:48 - [TEST_STEP][PASSED] - x = x + "/" + z: null

26-05-2025T07:35:48 - [TEST_STEP][PASSED] - z = getText(findTestObject(path + path2 + "План Отпуск из сети за отчётный период " + dZONum)).replaceAll("\s+", ""): Text of object 'Object Repository/Выполнение бизнес-плана/Значения со страницы Выполнение бизнес-плана/Table Data/План Отпуск из сети за отчётный период 1' is: '161 793 849'

26-05-2025T07:35:48 - [MESSAGE][PASSED] - Text of object 'Object Repository/Выполнение бизнес-плана/Значения со страницы Выполнение бизнес-плана/Table Data/План Отпуск из сети за отчётный период 1' is: '161 793 849'

26-05-2025T07:35:48 - [TEST_STEP][PASSED] - x = x + "/" + z: null

26-05-2025T07:35:48 - [TEST_STEP][PASSED] - z = getText(findTestObject(path + path2 + "План Потери за отчётный период " + dZONum)).replaceAll("\s+", ""): Text of object 'Object Repository/Выполнение бизнес-плана/Значения со страницы Выполнение бизнес-плана/Table Data/План Потери за отчётный период 1' is: '6 131 691'

26-05-2025T07:35:49 - [MESSAGE][PASSED] - Text of object 'Object Repository/Выполнение бизнес-плана/Значения со страницы Выполнение бизнес-плана/Table Data/План Потери за отчётный период 1' is: '6 131 691'

26-05-2025T07:35:49 - [TEST_STEP][PASSED] - x = x + "/" + z: null

26-05-2025T07:35:49 - [TEST_STEP][PASSED] - z = getText(findTestObject(path + "Отклонения за 1 месяц")).replaceAll("[\r?
|
]", "/"): Text of object 'Object Repository/Выполнение бизнес-плана/Отклонения за 1 месяц' is: '0.05
-0.99
-0.40
-1.51
-0.19
-0.38
-0.25
-1.05
-0.60
-1.44
-1.52
Россети ФСК ЕЭС
Россети Волга
Россети Московскийрегион
Россети Северо-Запад
Россети Томск
Россети Тюмень
Россети Урал (ГК)
Россети Центр (ГК)
Россети Центр иПриволжье (ГК)
Россети Юг (ГК)
Россети Янтарь
-2
0
2
4
6
8'

26-05-2025T07:35:49 - [MESSAGE][PASSED] - Text of object 'Object Repository/Выполнение бизнес-плана/Отклонения за 1 месяц' is: '0.05
-0.99
-0.40
-1.51
-0.19
-0.38
-0.25
-1.05
-0.60
-1.44
-1.52
Россети ФСК ЕЭС
Россети Волга
Россети Московскийрегион
Россети Северо-Запад
Россети Томск
Россети Тюмень
Россети Урал (ГК)
Россети Центр (ГК)
Россети Центр иПриволжье (ГК)
Россети Юг (ГК)
Россети Янтарь
-2
0
2
4
6
8'

26-05-2025T07:35:49 - [TEST_STEP][PASSED] - strToManage = z: null

26-05-2025T07:35:49 - [TEST_STEP][PASSED] - ii = strToManage.indexOf("ГК"): null

26-05-2025T07:35:49 - [TEST_STEP][PASSED] - if (ii > -1): null

26-05-2025T07:35:49 - [TEST_STEP][PASSED] - for ([i1 = 1, i1 > -1, (i1--)]): null

26-05-2025T07:35:49 - [TEST_STEP][PASSED] - strToManage = strToManage.substring(0, strToManage.indexOf("ГК") - 1) + strToManage.substring(strToManage.indexOf("ГК") + 3): null

26-05-2025T07:35:49 - [TEST_STEP][PASSED] - println("strToManage count i1: " + strToManage): null

26-05-2025T07:35:49 - [TEST_STEP][PASSED] - i1 = strToManage.count("ГК"): null

26-05-2025T07:35:49 - [TEST_STEP][PASSED] - println("i1: " + i1): null

26-05-2025T07:35:49 - [TEST_STEP][PASSED] - strToManage = strToManage.substring(0, strToManage.indexOf("ГК") - 1) + strToManage.substring(strToManage.indexOf("ГК") + 3): null

26-05-2025T07:35:49 - [TEST_STEP][PASSED] - println("strToManage count i1: " + strToManage): null

26-05-2025T07:35:49 - [TEST_STEP][PASSED] - i1 = strToManage.count("ГК"): null

26-05-2025T07:35:49 - [TEST_STEP][PASSED] - println("i1: " + i1): null

26-05-2025T07:35:49 - [TEST_STEP][PASSED] - strToManage = strToManage.substring(0, strToManage.indexOf("ГК") - 1) + strToManage.substring(strToManage.indexOf("ГК") + 3): null

26-05-2025T07:35:49 - [TEST_STEP][PASSED] - println("strToManage count i1: " + strToManage): null

26-05-2025T07:35:49 - [TEST_STEP][PASSED] - i1 = strToManage.count("ГК"): null

26-05-2025T07:35:49 - [TEST_STEP][PASSED] - println("i1: " + i1): null

26-05-2025T07:35:49 - [TEST_STEP][PASSED] - strToManage = strToManage.substring(0, strToManage.indexOf("ГК") - 1) + strToManage.substring(strToManage.indexOf("ГК") + 3): null

26-05-2025T07:35:49 - [TEST_STEP][PASSED] - println("strToManage count i1: " + strToManage): null

26-05-2025T07:35:49 - [TEST_STEP][PASSED] - i1 = strToManage.count("ГК"): null

26-05-2025T07:35:49 - [TEST_STEP][PASSED] - println("i1: " + i1): null

26-05-2025T07:35:49 - [TEST_STEP][PASSED] - z = strToManage: null

26-05-2025T07:35:49 - [TEST_STEP][PASSED] - println("z: " + z): null

26-05-2025T07:35:49 - [TEST_STEP][PASSED] - lettersStart = z.indexOf("Россети"): null

26-05-2025T07:35:49 - [TEST_STEP][PASSED] - strToManage = z.substring(lettersStart, z.length()): null

26-05-2025T07:35:49 - [TEST_STEP][PASSED] - println("strToManage: " + strToManage): null

26-05-2025T07:35:49 - [TEST_STEP][PASSED] - dZONames = strToManage: null

26-05-2025T07:35:49 - [TEST_STEP][PASSED] - strToManage = strToManage.replaceAll("[а-яА-Я]", ""): null

26-05-2025T07:35:49 - [TEST_STEP][PASSED] - println("strToManage after letters: " + strToManage): null

26-05-2025T07:35:49 - [TEST_STEP][PASSED] - strToManage = replaceAll(" ", "").replaceAll("/-/", ""): null

26-05-2025T07:35:49 - [TEST_STEP][PASSED] - println("strToManage: " + strToManage): null

26-05-2025T07:35:49 - [TEST_STEP][PASSED] - strToManage = strToManage.substring(strToManage.lastIndexOf("//") + 1, strToManage.length()): null

26-05-2025T07:35:49 - [TEST_STEP][PASSED] - println("strToManage: " + strToManage): null

26-05-2025T07:35:49 - [TEST_STEP][PASSED] - ii = z.indexOf(strToManage): null

26-05-2025T07:35:49 - [TEST_STEP][PASSED] - if (ii > -1): null

26-05-2025T07:35:49 - [TEST_STEP][PASSED] - z = z.substring(0, ii) + "/": null

26-05-2025T07:35:49 - [TEST_STEP][PASSED] - println("z: " + z): null

26-05-2025T07:35:49 - [TEST_STEP][PASSED] - println("dZONum: " + dZONum): null

26-05-2025T07:35:49 - [TEST_STEP][PASSED] - strToManage = dZO: null

26-05-2025T07:35:49 - [TEST_STEP][PASSED] - if (strToManage.indexOf("(ГК)") > -1): null

26-05-2025T07:35:49 - [TEST_STEP][PASSED] - strToManage = replaceAll("\p{P}", "").replaceAll("\s+", ""): null

26-05-2025T07:35:49 - [TEST_STEP][PASSED] - println("strToManage: " + strToManage): null

26-05-2025T07:35:49 - [TEST_STEP][PASSED] - if (replaceAll("\s+", "").indexOf(strToManage) > -1): null

26-05-2025T07:35:49 - [TEST_STEP][PASSED] - dZONames = replaceAll("-", "").replaceAll("//", ""): null

26-05-2025T07:35:49 - [TEST_STEP][PASSED] - println("dZONames: " + dZONames): null

26-05-2025T07:35:49 - [TEST_STEP][PASSED] - dZONumOtk = 1: null

26-05-2025T07:35:49 - [TEST_STEP][PASSED] - ii = dZONames.indexOf(strToManage): null

26-05-2025T07:35:49 - [TEST_STEP][PASSED] - if (strToManage != "ФСК"): null

26-05-2025T07:35:49 - [TEST_STEP][PASSED] - if (ii > -1): null

26-05-2025T07:35:49 - [TEST_STEP][PASSED] - for ([i1 = 1, ii > -1, (i1++)]): null

26-05-2025T07:35:49 - [TEST_STEP][PASSED] - dZONames = dZONames.substring(dZONames.indexOf("/") + 1, dZONames.length()): null

26-05-2025T07:35:49 - [TEST_STEP][PASSED] - ii = dZONames.lastIndexOf("/"): null

26-05-2025T07:35:49 - [TEST_STEP][PASSED] - println("dZONames: " + dZONames): null

26-05-2025T07:35:49 - [TEST_STEP][PASSED] - dZONumOtk = dZONumOtk + 1: null

26-05-2025T07:35:49 - [TEST_STEP][PASSED] - println("dZONumOtk: " + dZONumOtk): null

26-05-2025T07:35:49 - [TEST_STEP][PASSED] - dZONames = dZONames.substring(dZONames.indexOf("/") + 1, dZONames.length()): null

26-05-2025T07:35:49 - [TEST_STEP][PASSED] - ii = dZONames.lastIndexOf("/"): null

26-05-2025T07:35:49 - [TEST_STEP][PASSED] - println("dZONames: " + dZONames): null

26-05-2025T07:35:49 - [TEST_STEP][PASSED] - dZONumOtk = dZONumOtk + 1: null

26-05-2025T07:35:49 - [TEST_STEP][PASSED] - println("dZONumOtk: " + dZONumOtk): null

26-05-2025T07:35:49 - [TEST_STEP][PASSED] - dZONames = dZONames.substring(dZONames.indexOf("/") + 1, dZONames.length()): null

26-05-2025T07:35:49 - [TEST_STEP][PASSED] - ii = dZONames.lastIndexOf("/"): null

26-05-2025T07:35:49 - [TEST_STEP][PASSED] - println("dZONames: " + dZONames): null

26-05-2025T07:35:49 - [TEST_STEP][PASSED] - dZONumOtk = dZONumOtk + 1: null

26-05-2025T07:35:49 - [TEST_STEP][PASSED] - println("dZONumOtk: " + dZONumOtk): null

26-05-2025T07:35:49 - [TEST_STEP][PASSED] - dZONames = dZONames.substring(dZONames.indexOf("/") + 1, dZONames.length()): null

26-05-2025T07:35:49 - [TEST_STEP][PASSED] - ii = dZONames.lastIndexOf("/"): null

26-05-2025T07:35:49 - [TEST_STEP][PASSED] - println("dZONames: " + dZONames): null

26-05-2025T07:35:49 - [TEST_STEP][PASSED] - dZONumOtk = dZONumOtk + 1: null

26-05-2025T07:35:49 - [TEST_STEP][PASSED] - println("dZONumOtk: " + dZONumOtk): null

26-05-2025T07:35:49 - [TEST_STEP][PASSED] - dZONames = dZONames.substring(dZONames.indexOf("/") + 1, dZONames.length()): null

26-05-2025T07:35:49 - [TEST_STEP][PASSED] - ii = dZONames.lastIndexOf("/"): null

26-05-2025T07:35:49 - [TEST_STEP][PASSED] - println("dZONames: " + dZONames): null

26-05-2025T07:35:49 - [TEST_STEP][PASSED] - dZONumOtk = dZONumOtk + 1: null

26-05-2025T07:35:49 - [TEST_STEP][PASSED] - println("dZONumOtk: " + dZONumOtk): null

26-05-2025T07:35:49 - [TEST_STEP][PASSED] - dZONames = dZONames.substring(dZONames.indexOf("/") + 1, dZONames.length()): null

26-05-2025T07:35:49 - [TEST_STEP][PASSED] - ii = dZONames.lastIndexOf("/"): null

26-05-2025T07:35:49 - [TEST_STEP][PASSED] - println("dZONames: " + dZONames): null

26-05-2025T07:35:49 - [TEST_STEP][PASSED] - dZONumOtk = dZONumOtk + 1: null

26-05-2025T07:35:49 - [TEST_STEP][PASSED] - println("dZONumOtk: " + dZONumOtk): null

26-05-2025T07:35:49 - [TEST_STEP][PASSED] - dZONames = dZONames.substring(dZONames.indexOf("/") + 1, dZONames.length()): null

26-05-2025T07:35:49 - [TEST_STEP][PASSED] - ii = dZONames.lastIndexOf("/"): null

26-05-2025T07:35:49 - [TEST_STEP][PASSED] - println("dZONames: " + dZONames): null

26-05-2025T07:35:49 - [TEST_STEP][PASSED] - dZONumOtk = dZONumOtk + 1: null

26-05-2025T07:35:49 - [TEST_STEP][PASSED] - println("dZONumOtk: " + dZONumOtk): null

26-05-2025T07:35:49 - [TEST_STEP][PASSED] - dZONames = dZONames.substring(dZONames.indexOf("/") + 1, dZONames.length()): null

26-05-2025T07:35:49 - [TEST_STEP][PASSED] - ii = dZONames.lastIndexOf("/"): null

26-05-2025T07:35:49 - [TEST_STEP][PASSED] - println("dZONames: " + dZONames): null

26-05-2025T07:35:49 - [TEST_STEP][PASSED] - dZONumOtk = dZONumOtk + 1: null

26-05-2025T07:35:49 - [TEST_STEP][PASSED] - println("dZONumOtk: " + dZONumOtk): null

26-05-2025T07:35:49 - [TEST_STEP][PASSED] - dZONames = dZONames.substring(dZONames.indexOf("/") + 1, dZONames.length()): null

26-05-2025T07:35:49 - [TEST_STEP][PASSED] - ii = dZONames.lastIndexOf("/"): null

26-05-2025T07:35:49 - [TEST_STEP][PASSED] - println("dZONames: " + dZONames): null

26-05-2025T07:35:49 - [TEST_STEP][PASSED] - dZONumOtk = dZONumOtk + 1: null

26-05-2025T07:35:49 - [TEST_STEP][PASSED] - println("dZONumOtk: " + dZONumOtk): null

26-05-2025T07:35:49 - [TEST_STEP][PASSED] - dZONames = dZONames.substring(dZONames.indexOf("/") + 1, dZONames.length()): null

26-05-2025T07:35:49 - [TEST_STEP][PASSED] - ii = dZONames.lastIndexOf("/"): null

26-05-2025T07:35:49 - [TEST_STEP][PASSED] - println("dZONames: " + dZONames): null

26-05-2025T07:35:49 - [TEST_STEP][PASSED] - dZONumOtk = dZONumOtk + 1: null

26-05-2025T07:35:49 - [TEST_STEP][PASSED] - println("dZONumOtk: " + dZONumOtk): null

26-05-2025T07:35:49 - [TEST_STEP][PASSED] - if (z.indexOf("//") > -1): null

26-05-2025T07:35:49 - [TEST_STEP][PASSED] - println("z: " + z): null

26-05-2025T07:35:49 - [TEST_STEP][PASSED] - for ([ii = 1, ii < dZONumOtk, (ii++)]): null

26-05-2025T07:35:49 - [TEST_STEP][PASSED] - i1 = z.indexOf("/") + 1: null

26-05-2025T07:35:49 - [TEST_STEP][PASSED] - z = z.substring(i1, z.length()): null

26-05-2025T07:35:49 - [TEST_STEP][PASSED] - println("ii: " + ii): null

26-05-2025T07:35:49 - [TEST_STEP][PASSED] - println("z: " + z): null

26-05-2025T07:35:49 - [TEST_STEP][PASSED] - i1 = z.indexOf("/") + 1: null

26-05-2025T07:35:49 - [TEST_STEP][PASSED] - z = z.substring(i1, z.length()): null

26-05-2025T07:35:49 - [TEST_STEP][PASSED] - println("ii: " + ii): null

26-05-2025T07:35:49 - [TEST_STEP][PASSED] - println("z: " + z): null

26-05-2025T07:35:49 - [TEST_STEP][PASSED] - i1 = z.indexOf("/") + 1: null

26-05-2025T07:35:49 - [TEST_STEP][PASSED] - z = z.substring(i1, z.length()): null

26-05-2025T07:35:49 - [TEST_STEP][PASSED] - println("ii: " + ii): null

26-05-2025T07:35:49 - [TEST_STEP][PASSED] - println("z: " + z): null

26-05-2025T07:35:49 - [TEST_STEP][PASSED] - i1 = z.indexOf("/") + 1: null

26-05-2025T07:35:49 - [TEST_STEP][PASSED] - z = z.substring(i1, z.length()): null

26-05-2025T07:35:49 - [TEST_STEP][PASSED] - println("ii: " + ii): null

26-05-2025T07:35:49 - [TEST_STEP][PASSED] - println("z: " + z): null

26-05-2025T07:35:49 - [TEST_STEP][PASSED] - i1 = z.indexOf("/") + 1: null

26-05-2025T07:35:49 - [TEST_STEP][PASSED] - z = z.substring(i1, z.length()): null

26-05-2025T07:35:49 - [TEST_STEP][PASSED] - println("ii: " + ii): null

26-05-2025T07:35:49 - [TEST_STEP][PASSED] - println("z: " + z): null

26-05-2025T07:35:49 - [TEST_STEP][PASSED] - i1 = z.indexOf("/") + 1: null

26-05-2025T07:35:49 - [TEST_STEP][PASSED] - z = z.substring(i1, z.length()): null

26-05-2025T07:35:49 - [TEST_STEP][PASSED] - println("ii: " + ii): null

26-05-2025T07:35:49 - [TEST_STEP][PASSED] - println("z: " + z): null

26-05-2025T07:35:49 - [TEST_STEP][PASSED] - i1 = z.indexOf("/") + 1: null

26-05-2025T07:35:49 - [TEST_STEP][PASSED] - z = z.substring(i1, z.length()): null

26-05-2025T07:35:49 - [TEST_STEP][PASSED] - println("ii: " + ii): null

26-05-2025T07:35:49 - [TEST_STEP][PASSED] - println("z: " + z): null

26-05-2025T07:35:49 - [TEST_STEP][PASSED] - i1 = z.indexOf("/") + 1: null

26-05-2025T07:35:49 - [TEST_STEP][PASSED] - z = z.substring(i1, z.length()): null

26-05-2025T07:35:49 - [TEST_STEP][PASSED] - println("ii: " + ii): null

26-05-2025T07:35:49 - [TEST_STEP][PASSED] - println("z: " + z): null

26-05-2025T07:35:49 - [TEST_STEP][PASSED] - i1 = z.indexOf("/") + 1: null

26-05-2025T07:35:49 - [TEST_STEP][PASSED] - z = z.substring(i1, z.length()): null

26-05-2025T07:35:49 - [TEST_STEP][PASSED] - println("ii: " + ii): null

26-05-2025T07:35:49 - [TEST_STEP][PASSED] - println("z: " + z): null

26-05-2025T07:35:49 - [TEST_STEP][PASSED] - i1 = z.indexOf("/") + 1: null

26-05-2025T07:35:49 - [TEST_STEP][PASSED] - z = z.substring(i1, z.length()): null

26-05-2025T07:35:49 - [TEST_STEP][PASSED] - println("ii: " + ii): null

26-05-2025T07:35:49 - [TEST_STEP][PASSED] - println("z: " + z): null

26-05-2025T07:35:49 - [TEST_STEP][PASSED] - z = z.substring(0, z.indexOf("/")): null

26-05-2025T07:35:49 - [TEST_STEP][PASSED] - println("z: " + z): null

26-05-2025T07:35:49 - [TEST_STEP][PASSED] - x = x + "/" + z: null

26-05-2025T07:35:49 - [TEST_STEP][PASSED] - x = x.replaceAll("[\r?
|
]", ""): null

26-05-2025T07:35:49 - [TEST_STEP][PASSED] - println("x =" + x): null

26-05-2025T07:35:49 - [TEST_STEP][PASSED] - return x: null

26-05-2025T07:35:49 - [TEST_STEP][PASSED] - println("fR: " + fR): null

26-05-2025T07:35:49 - [TEST_STEP][PASSED] - i = VseDZO.indexOf("Тываэнерго"): null

26-05-2025T07:35:49 - [TEST_STEP][PASSED] - if (i > -1): null

26-05-2025T07:35:49 - [TEST_STEP][PASSED] - else: null

26-05-2025T07:35:49 - [TEST_STEP][PASSED] - tyR = tyR + "нет данных/нет данных/нет данных/нет данных/нет данных/нет данных/нет данных/нет данных/нет данных": null

26-05-2025T07:35:49 - [TEST_STEP][PASSED] - println("tyR: " + tyR): null

26-05-2025T07:35:49 - [TEST_STEP][PASSED] - i = VseDZO.indexOf("Чеченэнерго"): null

26-05-2025T07:35:49 - [TEST_STEP][PASSED] - if (i > -1): null

26-05-2025T07:35:49 - [TEST_STEP][PASSED] - else: null

26-05-2025T07:35:49 - [TEST_STEP][PASSED] - chR = chR + "нет данных/нет данных/нет данных/нет данных/нет данных/нет данных/нет данных/нет данных/нет данных": null

26-05-2025T07:35:49 - [TEST_STEP][PASSED] - println("chR: " + chR): null

26-05-2025T07:35:49 - [TEST_STEP][PASSED] - i = VseDZO.indexOf("Волга"): null

26-05-2025T07:35:49 - [TEST_STEP][PASSED] - if (i > -1): null

26-05-2025T07:35:49 - [TEST_STEP][PASSED] - dZONum = dZONum + 1: null

26-05-2025T07:35:49 - [TEST_STEP][PASSED] - vR = GetAllData(path, dZONum, VseDZO, x = "Россети Волга/", dZO): null

26-05-2025T07:35:49 - [TEST_STEP][PASSED] - ii = <not implemented yet for class: org.codehaus.groovy.ast.expr.EmptyExpression>: null

26-05-2025T07:35:49 - [TEST_STEP][PASSED] - i1 = <not implemented yet for class: org.codehaus.groovy.ast.expr.EmptyExpression>: null

26-05-2025T07:35:49 - [TEST_STEP][PASSED] - z = <not implemented yet for class: org.codehaus.groovy.ast.expr.EmptyExpression>: null

26-05-2025T07:35:49 - [TEST_STEP][PASSED] - strToManage = <not implemented yet for class: org.codehaus.groovy.ast.expr.EmptyExpression>: null

26-05-2025T07:35:49 - [TEST_STEP][PASSED] - path2 = "Значения со страницы Выполнение бизнес-плана/Table Data/": null

26-05-2025T07:35:49 - [TEST_STEP][PASSED] - println("path: " + path): null

26-05-2025T07:35:49 - [TEST_STEP][PASSED] - dZONumOtk = <not implemented yet for class: org.codehaus.groovy.ast.expr.EmptyExpression>: null

26-05-2025T07:35:49 - [TEST_STEP][PASSED] - println("dZONum: " + dZONum): null

26-05-2025T07:35:49 - [TEST_STEP][PASSED] - dZO = x.substring(x.indexOf("/")): null

26-05-2025T07:35:49 - [TEST_STEP][PASSED] - println("dZO: " + dZO): null

26-05-2025T07:35:49 - [TEST_STEP][PASSED] - z = getText(findTestObject(path + "spanPlan" + dZONum)): Text of object 'Object Repository/Выполнение бизнес-плана/spanPlan2' is: '7.22
|'

26-05-2025T07:35:49 - [MESSAGE][PASSED] - Text of object 'Object Repository/Выполнение бизнес-плана/spanPlan2' is: '7.22
|'

26-05-2025T07:35:49 - [TEST_STEP][PASSED] - println(z): null

26-05-2025T07:35:49 - [TEST_STEP][PASSED] - if (z != ""): null

26-05-2025T07:35:49 - [TEST_STEP][PASSED] - ii = z.indexOf("|"): null

26-05-2025T07:35:49 - [TEST_STEP][PASSED] - if (ii > -1): null

26-05-2025T07:35:49 - [TEST_STEP][PASSED] - z = z.substring(0, z.length() - 1): null

26-05-2025T07:35:49 - [TEST_STEP][PASSED] - println(z): null

26-05-2025T07:35:49 - [TEST_STEP][PASSED] - z = z.replaceAll("\s+", ""): null

26-05-2025T07:35:49 - [TEST_STEP][PASSED] - z = z.replace("[\r?
|
]", "/"): null

26-05-2025T07:35:49 - [TEST_STEP][PASSED] - println(z): null

26-05-2025T07:35:49 - [TEST_STEP][PASSED] - x = x + z: null

26-05-2025T07:35:49 - [TEST_STEP][PASSED] - z = getText(findTestObject(path + "spanFact" + dZONum)): Text of object 'Object Repository/Выполнение бизнес-плана/spanFact2' is: '6.22'

26-05-2025T07:35:50 - [MESSAGE][PASSED] - Text of object 'Object Repository/Выполнение бизнес-плана/spanFact2' is: '6.22'

26-05-2025T07:35:50 - [TEST_STEP][PASSED] - ii = z.indexOf("|"): null

26-05-2025T07:35:50 - [TEST_STEP][PASSED] - if (ii > -1): null

26-05-2025T07:35:50 - [TEST_STEP][PASSED] - x = x + "/" + z: null

26-05-2025T07:35:50 - [TEST_STEP][PASSED] - z = getText(findTestObject(path + path2 + "Факт Отпуск в сеть за отчётный период " + dZONum)).replaceAll("\s+", ""): Text of object 'Object Repository/Выполнение бизнес-плана/Значения со страницы Выполнение бизнес-плана/Table Data/Факт Отпуск в сеть за отчётный период 2' is: '4 949 974'

26-05-2025T07:35:50 - [MESSAGE][PASSED] - Text of object 'Object Repository/Выполнение бизнес-плана/Значения со страницы Выполнение бизнес-плана/Table Data/Факт Отпуск в сеть за отчётный период 2' is: '4 949 974'

26-05-2025T07:35:50 - [TEST_STEP][PASSED] - println("z=" + z): null

26-05-2025T07:35:50 - [TEST_STEP][PASSED] - x = x + "/" + z: null

26-05-2025T07:35:50 - [TEST_STEP][PASSED] - z = getText(findTestObject(path + path2 + "Факт Отпуск из сети за отчётный период " + dZONum)).replaceAll("\s+", ""): Text of object 'Object Repository/Выполнение бизнес-плана/Значения со страницы Выполнение бизнес-плана/Table Data/Факт Отпуск из сети за отчётный период 2' is: '4 641 851'

26-05-2025T07:35:50 - [MESSAGE][PASSED] - Text of object 'Object Repository/Выполнение бизнес-плана/Значения со страницы Выполнение бизнес-плана/Table Data/Факт Отпуск из сети за отчётный период 2' is: '4 641 851'

26-05-2025T07:35:50 - [TEST_STEP][PASSED] - x = x + "/" + z: null

26-05-2025T07:35:50 - [TEST_STEP][PASSED] - z = getText(findTestObject(path + path2 + "Факт Потери за отчётный период " + dZONum)).replaceAll("\s+", ""): Text of object 'Object Repository/Выполнение бизнес-плана/Значения со страницы Выполнение бизнес-плана/Table Data/Факт Потери за отчётный период 2' is: '308 123'

26-05-2025T07:35:51 - [MESSAGE][PASSED] - Text of object 'Object Repository/Выполнение бизнес-плана/Значения со страницы Выполнение бизнес-плана/Table Data/Факт Потери за отчётный период 2' is: '308 123'

26-05-2025T07:35:51 - [TEST_STEP][PASSED] - x = x + "/" + z: null

26-05-2025T07:35:51 - [TEST_STEP][PASSED] - z = getText(findTestObject(path + path2 + "План Отпуск в сеть за отчётный период " + dZONum)).replaceAll("\s+", ""): Text of object 'Object Repository/Выполнение бизнес-плана/Значения со страницы Выполнение бизнес-плана/Table Data/План Отпуск в сеть за отчётный период 2' is: '5 172 896'

26-05-2025T07:35:51 - [MESSAGE][PASSED] - Text of object 'Object Repository/Выполнение бизнес-плана/Значения со страницы Выполнение бизнес-плана/Table Data/План Отпуск в сеть за отчётный период 2' is: '5 172 896'

26-05-2025T07:35:51 - [TEST_STEP][PASSED] - x = x + "/" + z: null

26-05-2025T07:35:51 - [TEST_STEP][PASSED] - z = getText(findTestObject(path + path2 + "План Отпуск из сети за отчётный период " + dZONum)).replaceAll("\s+", ""): Text of object 'Object Repository/Выполнение бизнес-плана/Значения со страницы Выполнение бизнес-плана/Table Data/План Отпуск из сети за отчётный период 2' is: '4 799 582'

26-05-2025T07:35:51 - [MESSAGE][PASSED] - Text of object 'Object Repository/Выполнение бизнес-плана/Значения со страницы Выполнение бизнес-плана/Table Data/План Отпуск из сети за отчётный период 2' is: '4 799 582'

26-05-2025T07:35:51 - [TEST_STEP][PASSED] - x = x + "/" + z: null

26-05-2025T07:35:51 - [TEST_STEP][PASSED] - z = getText(findTestObject(path + path2 + "План Потери за отчётный период " + dZONum)).replaceAll("\s+", ""): Text of object 'Object Repository/Выполнение бизнес-плана/Значения со страницы Выполнение бизнес-плана/Table Data/План Потери за отчётный период 2' is: '373 314'

26-05-2025T07:35:52 - [MESSAGE][PASSED] - Text of object 'Object Repository/Выполнение бизнес-плана/Значения со страницы Выполнение бизнес-плана/Table Data/План Потери за отчётный период 2' is: '373 314'

26-05-2025T07:35:52 - [TEST_STEP][PASSED] - x = x + "/" + z: null

26-05-2025T07:35:52 - [TEST_STEP][PASSED] - z = getText(findTestObject(path + "Отклонения за 1 месяц")).replaceAll("[\r?
|
]", "/"): Text of object 'Object Repository/Выполнение бизнес-плана/Отклонения за 1 месяц' is: '0.05
-0.99
-0.40
-1.51
-0.19
-0.38
-0.25
-1.05
-0.60
-1.44
-1.52
Россети ФСК ЕЭС
Россети Волга
Россети Московскийрегион
Россети Северо-Запад
Россети Томск
Россети Тюмень
Россети Урал (ГК)
Россети Центр (ГК)
Россети Центр иПриволжье (ГК)
Россети Юг (ГК)
Россети Янтарь
-2
0
2
4
6
8'

26-05-2025T07:35:52 - [MESSAGE][PASSED] - Text of object 'Object Repository/Выполнение бизнес-плана/Отклонения за 1 месяц' is: '0.05
-0.99
-0.40
-1.51
-0.19
-0.38
-0.25
-1.05
-0.60
-1.44
-1.52
Россети ФСК ЕЭС
Россети Волга
Россети Московскийрегион
Россети Северо-Запад
Россети Томск
Россети Тюмень
Россети Урал (ГК)
Россети Центр (ГК)
Россети Центр иПриволжье (ГК)
Россети Юг (ГК)
Россети Янтарь
-2
0
2
4
6
8'

26-05-2025T07:35:52 - [TEST_STEP][PASSED] - strToManage = z: null

26-05-2025T07:35:52 - [TEST_STEP][PASSED] - ii = strToManage.indexOf("ГК"): null

26-05-2025T07:35:52 - [TEST_STEP][PASSED] - if (ii > -1): null

26-05-2025T07:35:52 - [TEST_STEP][PASSED] - for ([i1 = 1, i1 > -1, (i1--)]): null

26-05-2025T07:35:52 - [TEST_STEP][PASSED] - strToManage = strToManage.substring(0, strToManage.indexOf("ГК") - 1) + strToManage.substring(strToManage.indexOf("ГК") + 3): null

26-05-2025T07:35:52 - [TEST_STEP][PASSED] - println("strToManage count i1: " + strToManage): null

26-05-2025T07:35:52 - [TEST_STEP][PASSED] - i1 = strToManage.count("ГК"): null

26-05-2025T07:35:52 - [TEST_STEP][PASSED] - println("i1: " + i1): null

26-05-2025T07:35:52 - [TEST_STEP][PASSED] - strToManage = strToManage.substring(0, strToManage.indexOf("ГК") - 1) + strToManage.substring(strToManage.indexOf("ГК") + 3): null

26-05-2025T07:35:52 - [TEST_STEP][PASSED] - println("strToManage count i1: " + strToManage): null

26-05-2025T07:35:52 - [TEST_STEP][PASSED] - i1 = strToManage.count("ГК"): null

26-05-2025T07:35:52 - [TEST_STEP][PASSED] - println("i1: " + i1): null

26-05-2025T07:35:52 - [TEST_STEP][PASSED] - strToManage = strToManage.substring(0, strToManage.indexOf("ГК") - 1) + strToManage.substring(strToManage.indexOf("ГК") + 3): null

26-05-2025T07:35:52 - [TEST_STEP][PASSED] - println("strToManage count i1: " + strToManage): null

26-05-2025T07:35:52 - [TEST_STEP][PASSED] - i1 = strToManage.count("ГК"): null

26-05-2025T07:35:52 - [TEST_STEP][PASSED] - println("i1: " + i1): null

26-05-2025T07:35:52 - [TEST_STEP][PASSED] - strToManage = strToManage.substring(0, strToManage.indexOf("ГК") - 1) + strToManage.substring(strToManage.indexOf("ГК") + 3): null

26-05-2025T07:35:52 - [TEST_STEP][PASSED] - println("strToManage count i1: " + strToManage): null

26-05-2025T07:35:52 - [TEST_STEP][PASSED] - i1 = strToManage.count("ГК"): null

26-05-2025T07:35:52 - [TEST_STEP][PASSED] - println("i1: " + i1): null

26-05-2025T07:35:52 - [TEST_STEP][PASSED] - z = strToManage: null

26-05-2025T07:35:52 - [TEST_STEP][PASSED] - println("z: " + z): null

26-05-2025T07:35:52 - [TEST_STEP][PASSED] - lettersStart = z.indexOf("Россети"): null

26-05-2025T07:35:52 - [TEST_STEP][PASSED] - strToManage = z.substring(lettersStart, z.length()): null

26-05-2025T07:35:52 - [TEST_STEP][PASSED] - println("strToManage: " + strToManage): null

26-05-2025T07:35:52 - [TEST_STEP][PASSED] - dZONames = strToManage: null

26-05-2025T07:35:52 - [TEST_STEP][PASSED] - strToManage = strToManage.replaceAll("[а-яА-Я]", ""): null

26-05-2025T07:35:52 - [TEST_STEP][PASSED] - println("strToManage after letters: " + strToManage): null

26-05-2025T07:35:52 - [TEST_STEP][PASSED] - strToManage = replaceAll(" ", "").replaceAll("/-/", ""): null

26-05-2025T07:35:52 - [TEST_STEP][PASSED] - println("strToManage: " + strToManage): null

26-05-2025T07:35:52 - [TEST_STEP][PASSED] - strToManage = strToManage.substring(strToManage.lastIndexOf("//") + 1, strToManage.length()): null

26-05-2025T07:35:52 - [TEST_STEP][PASSED] - println("strToManage: " + strToManage): null

26-05-2025T07:35:52 - [TEST_STEP][PASSED] - ii = z.indexOf(strToManage): null

26-05-2025T07:35:52 - [TEST_STEP][PASSED] - if (ii > -1): null

26-05-2025T07:35:52 - [TEST_STEP][PASSED] - z = z.substring(0, ii) + "/": null

26-05-2025T07:35:52 - [TEST_STEP][PASSED] - println("z: " + z): null

26-05-2025T07:35:52 - [TEST_STEP][PASSED] - println("dZONum: " + dZONum): null

26-05-2025T07:35:52 - [TEST_STEP][PASSED] - strToManage = dZO: null

26-05-2025T07:35:52 - [TEST_STEP][PASSED] - if (strToManage.indexOf("(ГК)") > -1): null

26-05-2025T07:35:52 - [TEST_STEP][PASSED] - strToManage = replaceAll("\p{P}", "").replaceAll("\s+", ""): null

26-05-2025T07:35:52 - [TEST_STEP][PASSED] - println("strToManage: " + strToManage): null

26-05-2025T07:35:52 - [TEST_STEP][PASSED] - if (replaceAll("\s+", "").indexOf(strToManage) > -1): null

26-05-2025T07:35:52 - [TEST_STEP][PASSED] - dZONames = replaceAll("-", "").replaceAll("//", ""): null

26-05-2025T07:35:52 - [TEST_STEP][PASSED] - println("dZONames: " + dZONames): null

26-05-2025T07:35:52 - [TEST_STEP][PASSED] - dZONumOtk = 1: null

26-05-2025T07:35:52 - [TEST_STEP][PASSED] - ii = dZONames.indexOf(strToManage): null

26-05-2025T07:35:52 - [TEST_STEP][PASSED] - if (strToManage != "ФСК"): null

26-05-2025T07:35:52 - [TEST_STEP][PASSED] - if (ii > -1): null

26-05-2025T07:35:52 - [TEST_STEP][PASSED] - for ([i1 = 1, ii > -1, (i1++)]): null

26-05-2025T07:35:52 - [TEST_STEP][PASSED] - dZONames = dZONames.substring(dZONames.indexOf("/") + 1, dZONames.length()): null

26-05-2025T07:35:52 - [TEST_STEP][PASSED] - ii = dZONames.lastIndexOf("/"): null

26-05-2025T07:35:52 - [TEST_STEP][PASSED] - println("dZONames: " + dZONames): null

26-05-2025T07:35:52 - [TEST_STEP][PASSED] - dZONumOtk = dZONumOtk + 1: null

26-05-2025T07:35:52 - [TEST_STEP][PASSED] - println("dZONumOtk: " + dZONumOtk): null

26-05-2025T07:35:52 - [TEST_STEP][PASSED] - dZONames = dZONames.substring(dZONames.indexOf("/") + 1, dZONames.length()): null

26-05-2025T07:35:52 - [TEST_STEP][PASSED] - ii = dZONames.lastIndexOf("/"): null

26-05-2025T07:35:52 - [TEST_STEP][PASSED] - println("dZONames: " + dZONames): null

26-05-2025T07:35:52 - [TEST_STEP][PASSED] - dZONumOtk = dZONumOtk + 1: null

26-05-2025T07:35:52 - [TEST_STEP][PASSED] - println("dZONumOtk: " + dZONumOtk): null

26-05-2025T07:35:52 - [TEST_STEP][PASSED] - dZONames = dZONames.substring(dZONames.indexOf("/") + 1, dZONames.length()): null

26-05-2025T07:35:52 - [TEST_STEP][PASSED] - ii = dZONames.lastIndexOf("/"): null

26-05-2025T07:35:52 - [TEST_STEP][PASSED] - println("dZONames: " + dZONames): null

26-05-2025T07:35:52 - [TEST_STEP][PASSED] - dZONumOtk = dZONumOtk + 1: null

26-05-2025T07:35:52 - [TEST_STEP][PASSED] - println("dZONumOtk: " + dZONumOtk): null

26-05-2025T07:35:52 - [TEST_STEP][PASSED] - dZONames = dZONames.substring(dZONames.indexOf("/") + 1, dZONames.length()): null

26-05-2025T07:35:52 - [TEST_STEP][PASSED] - ii = dZONames.lastIndexOf("/"): null

26-05-2025T07:35:52 - [TEST_STEP][PASSED] - println("dZONames: " + dZONames): null

26-05-2025T07:35:52 - [TEST_STEP][PASSED] - dZONumOtk = dZONumOtk + 1: null

26-05-2025T07:35:52 - [TEST_STEP][PASSED] - println("dZONumOtk: " + dZONumOtk): null

26-05-2025T07:35:52 - [TEST_STEP][PASSED] - dZONames = dZONames.substring(dZONames.indexOf("/") + 1, dZONames.length()): null

26-05-2025T07:35:52 - [TEST_STEP][PASSED] - ii = dZONames.lastIndexOf("/"): null

26-05-2025T07:35:52 - [TEST_STEP][PASSED] - println("dZONames: " + dZONames): null

26-05-2025T07:35:52 - [TEST_STEP][PASSED] - dZONumOtk = dZONumOtk + 1: null

26-05-2025T07:35:52 - [TEST_STEP][PASSED] - println("dZONumOtk: " + dZONumOtk): null

26-05-2025T07:35:52 - [TEST_STEP][PASSED] - dZONames = dZONames.substring(dZONames.indexOf("/") + 1, dZONames.length()): null

26-05-2025T07:35:52 - [TEST_STEP][PASSED] - ii = dZONames.lastIndexOf("/"): null

26-05-2025T07:35:52 - [TEST_STEP][PASSED] - println("dZONames: " + dZONames): null

26-05-2025T07:35:52 - [TEST_STEP][PASSED] - dZONumOtk = dZONumOtk + 1: null

26-05-2025T07:35:52 - [TEST_STEP][PASSED] - println("dZONumOtk: " + dZONumOtk): null

26-05-2025T07:35:52 - [TEST_STEP][PASSED] - dZONames = dZONames.substring(dZONames.indexOf("/") + 1, dZONames.length()): null

26-05-2025T07:35:52 - [TEST_STEP][PASSED] - ii = dZONames.lastIndexOf("/"): null

26-05-2025T07:35:52 - [TEST_STEP][PASSED] - println("dZONames: " + dZONames): null

26-05-2025T07:35:52 - [TEST_STEP][PASSED] - dZONumOtk = dZONumOtk + 1: null

26-05-2025T07:35:52 - [TEST_STEP][PASSED] - println("dZONumOtk: " + dZONumOtk): null

26-05-2025T07:35:52 - [TEST_STEP][PASSED] - dZONames = dZONames.substring(dZONames.indexOf("/") + 1, dZONames.length()): null

26-05-2025T07:35:52 - [TEST_STEP][PASSED] - ii = dZONames.lastIndexOf("/"): null

26-05-2025T07:35:52 - [TEST_STEP][PASSED] - println("dZONames: " + dZONames): null

26-05-2025T07:35:52 - [TEST_STEP][PASSED] - dZONumOtk = dZONumOtk + 1: null

26-05-2025T07:35:52 - [TEST_STEP][PASSED] - println("dZONumOtk: " + dZONumOtk): null

26-05-2025T07:35:52 - [TEST_STEP][PASSED] - dZONames = dZONames.substring(dZONames.indexOf("/") + 1, dZONames.length()): null

26-05-2025T07:35:52 - [TEST_STEP][PASSED] - ii = dZONames.lastIndexOf("/"): null

26-05-2025T07:35:52 - [TEST_STEP][PASSED] - println("dZONames: " + dZONames): null

26-05-2025T07:35:52 - [TEST_STEP][PASSED] - dZONumOtk = dZONumOtk + 1: null

26-05-2025T07:35:52 - [TEST_STEP][PASSED] - println("dZONumOtk: " + dZONumOtk): null

26-05-2025T07:35:52 - [TEST_STEP][PASSED] - dZONames = dZONames.substring(dZONames.indexOf("/") + 1, dZONames.length()): null

26-05-2025T07:35:52 - [TEST_STEP][PASSED] - ii = dZONames.lastIndexOf("/"): null

26-05-2025T07:35:52 - [TEST_STEP][PASSED] - println("dZONames: " + dZONames): null

26-05-2025T07:35:52 - [TEST_STEP][PASSED] - dZONumOtk = dZONumOtk + 1: null

26-05-2025T07:35:52 - [TEST_STEP][PASSED] - println("dZONumOtk: " + dZONumOtk): null

26-05-2025T07:35:52 - [TEST_STEP][PASSED] - if (z.indexOf("//") > -1): null

26-05-2025T07:35:52 - [TEST_STEP][PASSED] - println("z: " + z): null

26-05-2025T07:35:52 - [TEST_STEP][PASSED] - for ([ii = 1, ii < dZONumOtk, (ii++)]): null

26-05-2025T07:35:52 - [TEST_STEP][PASSED] - i1 = z.indexOf("/") + 1: null

26-05-2025T07:35:52 - [TEST_STEP][PASSED] - z = z.substring(i1, z.length()): null

26-05-2025T07:35:52 - [TEST_STEP][PASSED] - println("ii: " + ii): null

26-05-2025T07:35:52 - [TEST_STEP][PASSED] - println("z: " + z): null

26-05-2025T07:35:52 - [TEST_STEP][PASSED] - i1 = z.indexOf("/") + 1: null

26-05-2025T07:35:52 - [TEST_STEP][PASSED] - z = z.substring(i1, z.length()): null

26-05-2025T07:35:52 - [TEST_STEP][PASSED] - println("ii: " + ii): null

26-05-2025T07:35:52 - [TEST_STEP][PASSED] - println("z: " + z): null

26-05-2025T07:35:52 - [TEST_STEP][PASSED] - i1 = z.indexOf("/") + 1: null

26-05-2025T07:35:52 - [TEST_STEP][PASSED] - z = z.substring(i1, z.length()): null

26-05-2025T07:35:52 - [TEST_STEP][PASSED] - println("ii: " + ii): null

26-05-2025T07:35:52 - [TEST_STEP][PASSED] - println("z: " + z): null

26-05-2025T07:35:52 - [TEST_STEP][PASSED] - i1 = z.indexOf("/") + 1: null

26-05-2025T07:35:52 - [TEST_STEP][PASSED] - z = z.substring(i1, z.length()): null

26-05-2025T07:35:52 - [TEST_STEP][PASSED] - println("ii: " + ii): null

26-05-2025T07:35:52 - [TEST_STEP][PASSED] - println("z: " + z): null

26-05-2025T07:35:52 - [TEST_STEP][PASSED] - i1 = z.indexOf("/") + 1: null

26-05-2025T07:35:52 - [TEST_STEP][PASSED] - z = z.substring(i1, z.length()): null

26-05-2025T07:35:52 - [TEST_STEP][PASSED] - println("ii: " + ii): null

26-05-2025T07:35:52 - [TEST_STEP][PASSED] - println("z: " + z): null

26-05-2025T07:35:52 - [TEST_STEP][PASSED] - i1 = z.indexOf("/") + 1: null

26-05-2025T07:35:52 - [TEST_STEP][PASSED] - z = z.substring(i1, z.length()): null

26-05-2025T07:35:52 - [TEST_STEP][PASSED] - println("ii: " + ii): null

26-05-2025T07:35:52 - [TEST_STEP][PASSED] - println("z: " + z): null

26-05-2025T07:35:52 - [TEST_STEP][PASSED] - i1 = z.indexOf("/") + 1: null

26-05-2025T07:35:52 - [TEST_STEP][PASSED] - z = z.substring(i1, z.length()): null

26-05-2025T07:35:52 - [TEST_STEP][PASSED] - println("ii: " + ii): null

26-05-2025T07:35:52 - [TEST_STEP][PASSED] - println("z: " + z): null

26-05-2025T07:35:52 - [TEST_STEP][PASSED] - i1 = z.indexOf("/") + 1: null

26-05-2025T07:35:52 - [TEST_STEP][PASSED] - z = z.substring(i1, z.length()): null

26-05-2025T07:35:52 - [TEST_STEP][PASSED] - println("ii: " + ii): null

26-05-2025T07:35:52 - [TEST_STEP][PASSED] - println("z: " + z): null

26-05-2025T07:35:52 - [TEST_STEP][PASSED] - i1 = z.indexOf("/") + 1: null

26-05-2025T07:35:52 - [TEST_STEP][PASSED] - z = z.substring(i1, z.length()): null

26-05-2025T07:35:52 - [TEST_STEP][PASSED] - println("ii: " + ii): null

26-05-2025T07:35:52 - [TEST_STEP][PASSED] - println("z: " + z): null

26-05-2025T07:35:52 - [TEST_STEP][PASSED] - i1 = z.indexOf("/") + 1: null

26-05-2025T07:35:52 - [TEST_STEP][PASSED] - z = z.substring(i1, z.length()): null

26-05-2025T07:35:52 - [TEST_STEP][PASSED] - println("ii: " + ii): null

26-05-2025T07:35:52 - [TEST_STEP][PASSED] - println("z: " + z): null

26-05-2025T07:35:52 - [TEST_STEP][PASSED] - z = z.substring(0, z.indexOf("/")): null

26-05-2025T07:35:52 - [TEST_STEP][PASSED] - println("z: " + z): null

26-05-2025T07:35:52 - [TEST_STEP][PASSED] - x = x + "/" + z: null

26-05-2025T07:35:52 - [TEST_STEP][PASSED] - x = x.replaceAll("[\r?
|
]", ""): null

26-05-2025T07:35:52 - [TEST_STEP][PASSED] - println("x =" + x): null

26-05-2025T07:35:52 - [TEST_STEP][PASSED] - return x: null

26-05-2025T07:35:52 - [TEST_STEP][PASSED] - println("vR: " + vR): null

26-05-2025T07:35:52 - [TEST_STEP][PASSED] - i = VseDZO.indexOf("Кубань"): null

26-05-2025T07:35:52 - [TEST_STEP][PASSED] - if (i > -1): null

26-05-2025T07:35:52 - [TEST_STEP][PASSED] - else: null

26-05-2025T07:35:52 - [TEST_STEP][PASSED] - kR = kR + "нет данных/нет данных/нет данных/нет данных/нет данных/нет данных/нет данных/нет данных/нет данных": null

26-05-2025T07:35:52 - [TEST_STEP][PASSED] - println("kR: " + kR): null

26-05-2025T07:35:52 - [TEST_STEP][PASSED] - i = VseDZO.indexOf("Ленэнерго"): null

26-05-2025T07:35:52 - [TEST_STEP][PASSED] - if (i > -1): null

26-05-2025T07:35:52 - [TEST_STEP][PASSED] - else: null

26-05-2025T07:35:52 - [TEST_STEP][PASSED] - lR = lR + "нет данных/нет данных/нет данных/нет данных/нет данных/нет данных/нет данных/нет данных/нет данных": null

26-05-2025T07:35:52 - [TEST_STEP][PASSED] - println("lR: " + lR): null

26-05-2025T07:35:52 - [TEST_STEP][PASSED] - i = VseDZO.indexOf("Московский"): null

26-05-2025T07:35:52 - [TEST_STEP][PASSED] - if (i > -1): null

26-05-2025T07:35:52 - [TEST_STEP][PASSED] - dZONum = dZONum + 1: null

26-05-2025T07:35:52 - [TEST_STEP][PASSED] - mR = GetAllData(path, dZONum, VseDZO, x = "Россети Московский регион/", dZO): null

26-05-2025T07:35:52 - [TEST_STEP][PASSED] - ii = <not implemented yet for class: org.codehaus.groovy.ast.expr.EmptyExpression>: null

26-05-2025T07:35:52 - [TEST_STEP][PASSED] - i1 = <not implemented yet for class: org.codehaus.groovy.ast.expr.EmptyExpression>: null

26-05-2025T07:35:52 - [TEST_STEP][PASSED] - z = <not implemented yet for class: org.codehaus.groovy.ast.expr.EmptyExpression>: null

26-05-2025T07:35:52 - [TEST_STEP][PASSED] - strToManage = <not implemented yet for class: org.codehaus.groovy.ast.expr.EmptyExpression>: null

26-05-2025T07:35:52 - [TEST_STEP][PASSED] - path2 = "Значения со страницы Выполнение бизнес-плана/Table Data/": null

26-05-2025T07:35:52 - [TEST_STEP][PASSED] - println("path: " + path): null

26-05-2025T07:35:52 - [TEST_STEP][PASSED] - dZONumOtk = <not implemented yet for class: org.codehaus.groovy.ast.expr.EmptyExpression>: null

26-05-2025T07:35:52 - [TEST_STEP][PASSED] - println("dZONum: " + dZONum): null

26-05-2025T07:35:52 - [TEST_STEP][PASSED] - dZO = x.substring(x.indexOf("/")): null

26-05-2025T07:35:52 - [TEST_STEP][PASSED] - println("dZO: " + dZO): null

26-05-2025T07:35:52 - [TEST_STEP][PASSED] - z = getText(findTestObject(path + "spanPlan" + dZONum)): Text of object 'Object Repository/Выполнение бизнес-плана/spanPlan3' is: '9.39
|'

26-05-2025T07:35:52 - [MESSAGE][PASSED] - Text of object 'Object Repository/Выполнение бизнес-плана/spanPlan3' is: '9.39
|'

26-05-2025T07:35:52 - [TEST_STEP][PASSED] - println(z): null

26-05-2025T07:35:52 - [TEST_STEP][PASSED] - if (z != ""): null

26-05-2025T07:35:52 - [TEST_STEP][PASSED] - ii = z.indexOf("|"): null

26-05-2025T07:35:52 - [TEST_STEP][PASSED] - if (ii > -1): null

26-05-2025T07:35:52 - [TEST_STEP][PASSED] - z = z.substring(0, z.length() - 1): null

26-05-2025T07:35:52 - [TEST_STEP][PASSED] - println(z): null

26-05-2025T07:35:52 - [TEST_STEP][PASSED] - z = z.replaceAll("\s+", ""): null

26-05-2025T07:35:52 - [TEST_STEP][PASSED] - z = z.replace("[\r?
|
]", "/"): null

26-05-2025T07:35:52 - [TEST_STEP][PASSED] - println(z): null

26-05-2025T07:35:52 - [TEST_STEP][PASSED] - x = x + z: null

26-05-2025T07:35:52 - [TEST_STEP][PASSED] - z = getText(findTestObject(path + "spanFact" + dZONum)): Text of object 'Object Repository/Выполнение бизнес-плана/spanFact3' is: '9.00'

26-05-2025T07:35:52 - [MESSAGE][PASSED] - Text of object 'Object Repository/Выполнение бизнес-плана/spanFact3' is: '9.00'

26-05-2025T07:35:52 - [TEST_STEP][PASSED] - ii = z.indexOf("|"): null

26-05-2025T07:35:52 - [TEST_STEP][PASSED] - if (ii > -1): null

26-05-2025T07:35:52 - [TEST_STEP][PASSED] - x = x + "/" + z: null

26-05-2025T07:35:52 - [TEST_STEP][PASSED] - z = getText(findTestObject(path + path2 + "Факт Отпуск в сеть за отчётный период " + dZONum)).replaceAll("\s+", ""): Text of object 'Object Repository/Выполнение бизнес-плана/Значения со страницы Выполнение бизнес-плана/Table Data/Факт Отпуск в сеть за отчётный период 3' is: '28 695 297'

26-05-2025T07:35:53 - [MESSAGE][PASSED] - Text of object 'Object Repository/Выполнение бизнес-плана/Значения со страницы Выполнение бизнес-плана/Table Data/Факт Отпуск в сеть за отчётный период 3' is: '28 695 297'

26-05-2025T07:35:53 - [TEST_STEP][PASSED] - println("z=" + z): null

26-05-2025T07:35:53 - [TEST_STEP][PASSED] - x = x + "/" + z: null

26-05-2025T07:35:53 - [TEST_STEP][PASSED] - z = getText(findTestObject(path + path2 + "Факт Отпуск из сети за отчётный период " + dZONum)).replaceAll("\s+", ""): Text of object 'Object Repository/Выполнение бизнес-плана/Значения со страницы Выполнение бизнес-плана/Table Data/Факт Отпуск из сети за отчётный период 3' is: '26 113 910'

26-05-2025T07:35:53 - [MESSAGE][PASSED] - Text of object 'Object Repository/Выполнение бизнес-плана/Значения со страницы Выполнение бизнес-плана/Table Data/Факт Отпуск из сети за отчётный период 3' is: '26 113 910'

26-05-2025T07:35:53 - [TEST_STEP][PASSED] - x = x + "/" + z: null

26-05-2025T07:35:53 - [TEST_STEP][PASSED] - z = getText(findTestObject(path + path2 + "Факт Потери за отчётный период " + dZONum)).replaceAll("\s+", ""): Text of object 'Object Repository/Выполнение бизнес-плана/Значения со страницы Выполнение бизнес-плана/Table Data/Факт Потери за отчётный период 3' is: '2 581 387'

26-05-2025T07:35:53 - [MESSAGE][PASSED] - Text of object 'Object Repository/Выполнение бизнес-плана/Значения со страницы Выполнение бизнес-плана/Table Data/Факт Потери за отчётный период 3' is: '2 581 387'

26-05-2025T07:35:53 - [TEST_STEP][PASSED] - x = x + "/" + z: null

26-05-2025T07:35:53 - [TEST_STEP][PASSED] - z = getText(findTestObject(path + path2 + "План Отпуск в сеть за отчётный период " + dZONum)).replaceAll("\s+", ""): Text of object 'Object Repository/Выполнение бизнес-плана/Значения со страницы Выполнение бизнес-плана/Table Data/План Отпуск в сеть за отчётный период 3' is: '30 256 406'

26-05-2025T07:35:54 - [MESSAGE][PASSED] - Text of object 'Object Repository/Выполнение бизнес-плана/Значения со страницы Выполнение бизнес-плана/Table Data/План Отпуск в сеть за отчётный период 3' is: '30 256 406'

26-05-2025T07:35:54 - [TEST_STEP][PASSED] - x = x + "/" + z: null

26-05-2025T07:35:54 - [TEST_STEP][PASSED] - z = getText(findTestObject(path + path2 + "План Отпуск из сети за отчётный период " + dZONum)).replaceAll("\s+", ""): Text of object 'Object Repository/Выполнение бизнес-плана/Значения со страницы Выполнение бизнес-плана/Table Data/План Отпуск из сети за отчётный период 3' is: '27 414 523'

26-05-2025T07:35:54 - [MESSAGE][PASSED] - Text of object 'Object Repository/Выполнение бизнес-плана/Значения со страницы Выполнение бизнес-плана/Table Data/План Отпуск из сети за отчётный период 3' is: '27 414 523'

26-05-2025T07:35:54 - [TEST_STEP][PASSED] - x = x + "/" + z: null

26-05-2025T07:35:54 - [TEST_STEP][PASSED] - z = getText(findTestObject(path + path2 + "План Потери за отчётный период " + dZONum)).replaceAll("\s+", ""): Text of object 'Object Repository/Выполнение бизнес-плана/Значения со страницы Выполнение бизнес-плана/Table Data/План Потери за отчётный период 3' is: '2 841 883'

26-05-2025T07:35:54 - [MESSAGE][PASSED] - Text of object 'Object Repository/Выполнение бизнес-плана/Значения со страницы Выполнение бизнес-плана/Table Data/План Потери за отчётный период 3' is: '2 841 883'

26-05-2025T07:35:54 - [TEST_STEP][PASSED] - x = x + "/" + z: null

26-05-2025T07:35:54 - [TEST_STEP][PASSED] - z = getText(findTestObject(path + "Отклонения за 1 месяц")).replaceAll("[\r?
|
]", "/"): Text of object 'Object Repository/Выполнение бизнес-плана/Отклонения за 1 месяц' is: '0.05
-0.99
-0.40
-1.51
-0.19
-0.38
-0.25
-1.05
-0.60
-1.44
-1.52
Россети ФСК ЕЭС
Россети Волга
Россети Московскийрегион
Россети Северо-Запад
Россети Томск
Россети Тюмень
Россети Урал (ГК)
Россети Центр (ГК)
Россети Центр иПриволжье (ГК)
Россети Юг (ГК)
Россети Янтарь
-2
0
2
4
6
8'

26-05-2025T07:35:55 - [MESSAGE][PASSED] - Text of object 'Object Repository/Выполнение бизнес-плана/Отклонения за 1 месяц' is: '0.05
-0.99
-0.40
-1.51
-0.19
-0.38
-0.25
-1.05
-0.60
-1.44
-1.52
Россети ФСК ЕЭС
Россети Волга
Россети Московскийрегион
Россети Северо-Запад
Россети Томск
Россети Тюмень
Россети Урал (ГК)
Россети Центр (ГК)
Россети Центр иПриволжье (ГК)
Россети Юг (ГК)
Россети Янтарь
-2
0
2
4
6
8'

26-05-2025T07:35:55 - [TEST_STEP][PASSED] - strToManage = z: null

26-05-2025T07:35:55 - [TEST_STEP][PASSED] - ii = strToManage.indexOf("ГК"): null

26-05-2025T07:35:55 - [TEST_STEP][PASSED] - if (ii > -1): null

26-05-2025T07:35:55 - [TEST_STEP][PASSED] - for ([i1 = 1, i1 > -1, (i1--)]): null

26-05-2025T07:35:55 - [TEST_STEP][PASSED] - strToManage = strToManage.substring(0, strToManage.indexOf("ГК") - 1) + strToManage.substring(strToManage.indexOf("ГК") + 3): null

26-05-2025T07:35:55 - [TEST_STEP][PASSED] - println("strToManage count i1: " + strToManage): null

26-05-2025T07:35:55 - [TEST_STEP][PASSED] - i1 = strToManage.count("ГК"): null

26-05-2025T07:35:55 - [TEST_STEP][PASSED] - println("i1: " + i1): null

26-05-2025T07:35:55 - [TEST_STEP][PASSED] - strToManage = strToManage.substring(0, strToManage.indexOf("ГК") - 1) + strToManage.substring(strToManage.indexOf("ГК") + 3): null

26-05-2025T07:35:55 - [TEST_STEP][PASSED] - println("strToManage count i1: " + strToManage): null

26-05-2025T07:35:55 - [TEST_STEP][PASSED] - i1 = strToManage.count("ГК"): null

26-05-2025T07:35:55 - [TEST_STEP][PASSED] - println("i1: " + i1): null

26-05-2025T07:35:55 - [TEST_STEP][PASSED] - strToManage = strToManage.substring(0, strToManage.indexOf("ГК") - 1) + strToManage.substring(strToManage.indexOf("ГК") + 3): null

26-05-2025T07:35:55 - [TEST_STEP][PASSED] - println("strToManage count i1: " + strToManage): null

26-05-2025T07:35:55 - [TEST_STEP][PASSED] - i1 = strToManage.count("ГК"): null

26-05-2025T07:35:55 - [TEST_STEP][PASSED] - println("i1: " + i1): null

26-05-2025T07:35:55 - [TEST_STEP][PASSED] - strToManage = strToManage.substring(0, strToManage.indexOf("ГК") - 1) + strToManage.substring(strToManage.indexOf("ГК") + 3): null

26-05-2025T07:35:55 - [TEST_STEP][PASSED] - println("strToManage count i1: " + strToManage): null

26-05-2025T07:35:55 - [TEST_STEP][PASSED] - i1 = strToManage.count("ГК"): null

26-05-2025T07:35:55 - [TEST_STEP][PASSED] - println("i1: " + i1): null

26-05-2025T07:35:55 - [TEST_STEP][PASSED] - z = strToManage: null

26-05-2025T07:35:55 - [TEST_STEP][PASSED] - println("z: " + z): null

26-05-2025T07:35:55 - [TEST_STEP][PASSED] - lettersStart = z.indexOf("Россети"): null

26-05-2025T07:35:55 - [TEST_STEP][PASSED] - strToManage = z.substring(lettersStart, z.length()): null

26-05-2025T07:35:55 - [TEST_STEP][PASSED] - println("strToManage: " + strToManage): null

26-05-2025T07:35:55 - [TEST_STEP][PASSED] - dZONames = strToManage: null

26-05-2025T07:35:55 - [TEST_STEP][PASSED] - strToManage = strToManage.replaceAll("[а-яА-Я]", ""): null

26-05-2025T07:35:55 - [TEST_STEP][PASSED] - println("strToManage after letters: " + strToManage): null

26-05-2025T07:35:55 - [TEST_STEP][PASSED] - strToManage = replaceAll(" ", "").replaceAll("/-/", ""): null

26-05-2025T07:35:55 - [TEST_STEP][PASSED] - println("strToManage: " + strToManage): null

26-05-2025T07:35:55 - [TEST_STEP][PASSED] - strToManage = strToManage.substring(strToManage.lastIndexOf("//") + 1, strToManage.length()): null

26-05-2025T07:35:55 - [TEST_STEP][PASSED] - println("strToManage: " + strToManage): null

26-05-2025T07:35:55 - [TEST_STEP][PASSED] - ii = z.indexOf(strToManage): null

26-05-2025T07:35:55 - [TEST_STEP][PASSED] - if (ii > -1): null

26-05-2025T07:35:55 - [TEST_STEP][PASSED] - z = z.substring(0, ii) + "/": null

26-05-2025T07:35:55 - [TEST_STEP][PASSED] - println("z: " + z): null

26-05-2025T07:35:55 - [TEST_STEP][PASSED] - println("dZONum: " + dZONum): null

26-05-2025T07:35:55 - [TEST_STEP][PASSED] - strToManage = dZO: null

26-05-2025T07:35:55 - [TEST_STEP][PASSED] - if (strToManage.indexOf("(ГК)") > -1): null

26-05-2025T07:35:55 - [TEST_STEP][PASSED] - strToManage = replaceAll("\p{P}", "").replaceAll("\s+", ""): null

26-05-2025T07:35:55 - [TEST_STEP][PASSED] - println("strToManage: " + strToManage): null

26-05-2025T07:35:55 - [TEST_STEP][PASSED] - if (replaceAll("\s+", "").indexOf(strToManage) > -1): null

26-05-2025T07:35:55 - [TEST_STEP][PASSED] - dZONames = replaceAll("-", "").replaceAll("//", ""): null

26-05-2025T07:35:55 - [TEST_STEP][PASSED] - println("dZONames: " + dZONames): null

26-05-2025T07:35:55 - [TEST_STEP][PASSED] - dZONumOtk = 1: null

26-05-2025T07:35:55 - [TEST_STEP][PASSED] - ii = dZONames.indexOf(strToManage): null

26-05-2025T07:35:55 - [TEST_STEP][PASSED] - if (strToManage != "ФСК"): null

26-05-2025T07:35:55 - [TEST_STEP][PASSED] - if (ii > -1): null

26-05-2025T07:35:55 - [TEST_STEP][PASSED] - for ([i1 = 1, ii > -1, (i1++)]): null

26-05-2025T07:35:55 - [TEST_STEP][PASSED] - dZONames = dZONames.substring(dZONames.indexOf("/") + 1, dZONames.length()): null

26-05-2025T07:35:55 - [TEST_STEP][PASSED] - ii = dZONames.lastIndexOf("/"): null

26-05-2025T07:35:55 - [TEST_STEP][PASSED] - println("dZONames: " + dZONames): null

26-05-2025T07:35:55 - [TEST_STEP][PASSED] - dZONumOtk = dZONumOtk + 1: null

26-05-2025T07:35:55 - [TEST_STEP][PASSED] - println("dZONumOtk: " + dZONumOtk): null

26-05-2025T07:35:55 - [TEST_STEP][PASSED] - dZONames = dZONames.substring(dZONames.indexOf("/") + 1, dZONames.length()): null

26-05-2025T07:35:55 - [TEST_STEP][PASSED] - ii = dZONames.lastIndexOf("/"): null

26-05-2025T07:35:55 - [TEST_STEP][PASSED] - println("dZONames: " + dZONames): null

26-05-2025T07:35:55 - [TEST_STEP][PASSED] - dZONumOtk = dZONumOtk + 1: null

26-05-2025T07:35:55 - [TEST_STEP][PASSED] - println("dZONumOtk: " + dZONumOtk): null

26-05-2025T07:35:55 - [TEST_STEP][PASSED] - dZONames = dZONames.substring(dZONames.indexOf("/") + 1, dZONames.length()): null

26-05-2025T07:35:55 - [TEST_STEP][PASSED] - ii = dZONames.lastIndexOf("/"): null

26-05-2025T07:35:55 - [TEST_STEP][PASSED] - println("dZONames: " + dZONames): null

26-05-2025T07:35:55 - [TEST_STEP][PASSED] - dZONumOtk = dZONumOtk + 1: null

26-05-2025T07:35:55 - [TEST_STEP][PASSED] - println("dZONumOtk: " + dZONumOtk): null

26-05-2025T07:35:55 - [TEST_STEP][PASSED] - dZONames = dZONames.substring(dZONames.indexOf("/") + 1, dZONames.length()): null

26-05-2025T07:35:55 - [TEST_STEP][PASSED] - ii = dZONames.lastIndexOf("/"): null

26-05-2025T07:35:55 - [TEST_STEP][PASSED] - println("dZONames: " + dZONames): null

26-05-2025T07:35:55 - [TEST_STEP][PASSED] - dZONumOtk = dZONumOtk + 1: null

26-05-2025T07:35:55 - [TEST_STEP][PASSED] - println("dZONumOtk: " + dZONumOtk): null

26-05-2025T07:35:55 - [TEST_STEP][PASSED] - dZONames = dZONames.substring(dZONames.indexOf("/") + 1, dZONames.length()): null

26-05-2025T07:35:55 - [TEST_STEP][PASSED] - ii = dZONames.lastIndexOf("/"): null

26-05-2025T07:35:55 - [TEST_STEP][PASSED] - println("dZONames: " + dZONames): null

26-05-2025T07:35:55 - [TEST_STEP][PASSED] - dZONumOtk = dZONumOtk + 1: null

26-05-2025T07:35:55 - [TEST_STEP][PASSED] - println("dZONumOtk: " + dZONumOtk): null

26-05-2025T07:35:55 - [TEST_STEP][PASSED] - dZONames = dZONames.substring(dZONames.indexOf("/") + 1, dZONames.length()): null

26-05-2025T07:35:55 - [TEST_STEP][PASSED] - ii = dZONames.lastIndexOf("/"): null

26-05-2025T07:35:55 - [TEST_STEP][PASSED] - println("dZONames: " + dZONames): null

26-05-2025T07:35:55 - [TEST_STEP][PASSED] - dZONumOtk = dZONumOtk + 1: null

26-05-2025T07:35:55 - [TEST_STEP][PASSED] - println("dZONumOtk: " + dZONumOtk): null

26-05-2025T07:35:55 - [TEST_STEP][PASSED] - dZONames = dZONames.substring(dZONames.indexOf("/") + 1, dZONames.length()): null

26-05-2025T07:35:55 - [TEST_STEP][PASSED] - ii = dZONames.lastIndexOf("/"): null

26-05-2025T07:35:55 - [TEST_STEP][PASSED] - println("dZONames: " + dZONames): null

26-05-2025T07:35:55 - [TEST_STEP][PASSED] - dZONumOtk = dZONumOtk + 1: null

26-05-2025T07:35:55 - [TEST_STEP][PASSED] - println("dZONumOtk: " + dZONumOtk): null

26-05-2025T07:35:55 - [TEST_STEP][PASSED] - dZONames = dZONames.substring(dZONames.indexOf("/") + 1, dZONames.length()): null

26-05-2025T07:35:55 - [TEST_STEP][PASSED] - ii = dZONames.lastIndexOf("/"): null

26-05-2025T07:35:55 - [TEST_STEP][PASSED] - println("dZONames: " + dZONames): null

26-05-2025T07:35:55 - [TEST_STEP][PASSED] - dZONumOtk = dZONumOtk + 1: null

26-05-2025T07:35:55 - [TEST_STEP][PASSED] - println("dZONumOtk: " + dZONumOtk): null

26-05-2025T07:35:55 - [TEST_STEP][PASSED] - dZONames = dZONames.substring(dZONames.indexOf("/") + 1, dZONames.length()): null

26-05-2025T07:35:55 - [TEST_STEP][PASSED] - ii = dZONames.lastIndexOf("/"): null

26-05-2025T07:35:55 - [TEST_STEP][PASSED] - println("dZONames: " + dZONames): null

26-05-2025T07:35:55 - [TEST_STEP][PASSED] - dZONumOtk = dZONumOtk + 1: null

26-05-2025T07:35:55 - [TEST_STEP][PASSED] - println("dZONumOtk: " + dZONumOtk): null

26-05-2025T07:35:55 - [TEST_STEP][PASSED] - dZONames = dZONames.substring(dZONames.indexOf("/") + 1, dZONames.length()): null

26-05-2025T07:35:55 - [TEST_STEP][PASSED] - ii = dZONames.lastIndexOf("/"): null

26-05-2025T07:35:55 - [TEST_STEP][PASSED] - println("dZONames: " + dZONames): null

26-05-2025T07:35:55 - [TEST_STEP][PASSED] - dZONumOtk = dZONumOtk + 1: null

26-05-2025T07:35:55 - [TEST_STEP][PASSED] - println("dZONumOtk: " + dZONumOtk): null

26-05-2025T07:35:55 - [TEST_STEP][PASSED] - if (z.indexOf("//") > -1): null

26-05-2025T07:35:55 - [TEST_STEP][PASSED] - println("z: " + z): null

26-05-2025T07:35:55 - [TEST_STEP][PASSED] - for ([ii = 1, ii < dZONumOtk, (ii++)]): null

26-05-2025T07:35:55 - [TEST_STEP][PASSED] - i1 = z.indexOf("/") + 1: null

26-05-2025T07:35:55 - [TEST_STEP][PASSED] - z = z.substring(i1, z.length()): null

26-05-2025T07:35:55 - [TEST_STEP][PASSED] - println("ii: " + ii): null

26-05-2025T07:35:55 - [TEST_STEP][PASSED] - println("z: " + z): null

26-05-2025T07:35:55 - [TEST_STEP][PASSED] - i1 = z.indexOf("/") + 1: null

26-05-2025T07:35:55 - [TEST_STEP][PASSED] - z = z.substring(i1, z.length()): null

26-05-2025T07:35:55 - [TEST_STEP][PASSED] - println("ii: " + ii): null

26-05-2025T07:35:55 - [TEST_STEP][PASSED] - println("z: " + z): null

26-05-2025T07:35:55 - [TEST_STEP][PASSED] - i1 = z.indexOf("/") + 1: null

26-05-2025T07:35:55 - [TEST_STEP][PASSED] - z = z.substring(i1, z.length()): null

26-05-2025T07:35:55 - [TEST_STEP][PASSED] - println("ii: " + ii): null

26-05-2025T07:35:55 - [TEST_STEP][PASSED] - println("z: " + z): null

26-05-2025T07:35:55 - [TEST_STEP][PASSED] - i1 = z.indexOf("/") + 1: null

26-05-2025T07:35:55 - [TEST_STEP][PASSED] - z = z.substring(i1, z.length()): null

26-05-2025T07:35:55 - [TEST_STEP][PASSED] - println("ii: " + ii): null

26-05-2025T07:35:55 - [TEST_STEP][PASSED] - println("z: " + z): null

26-05-2025T07:35:55 - [TEST_STEP][PASSED] - i1 = z.indexOf("/") + 1: null

26-05-2025T07:35:55 - [TEST_STEP][PASSED] - z = z.substring(i1, z.length()): null

26-05-2025T07:35:55 - [TEST_STEP][PASSED] - println("ii: " + ii): null

26-05-2025T07:35:55 - [TEST_STEP][PASSED] - println("z: " + z): null

26-05-2025T07:35:55 - [TEST_STEP][PASSED] - i1 = z.indexOf("/") + 1: null

26-05-2025T07:35:55 - [TEST_STEP][PASSED] - z = z.substring(i1, z.length()): null

26-05-2025T07:35:55 - [TEST_STEP][PASSED] - println("ii: " + ii): null

26-05-2025T07:35:55 - [TEST_STEP][PASSED] - println("z: " + z): null

26-05-2025T07:35:55 - [TEST_STEP][PASSED] - i1 = z.indexOf("/") + 1: null

26-05-2025T07:35:55 - [TEST_STEP][PASSED] - z = z.substring(i1, z.length()): null

26-05-2025T07:35:55 - [TEST_STEP][PASSED] - println("ii: " + ii): null

26-05-2025T07:35:55 - [TEST_STEP][PASSED] - println("z: " + z): null

26-05-2025T07:35:55 - [TEST_STEP][PASSED] - i1 = z.indexOf("/") + 1: null

26-05-2025T07:35:55 - [TEST_STEP][PASSED] - z = z.substring(i1, z.length()): null

26-05-2025T07:35:55 - [TEST_STEP][PASSED] - println("ii: " + ii): null

26-05-2025T07:35:55 - [TEST_STEP][PASSED] - println("z: " + z): null

26-05-2025T07:35:55 - [TEST_STEP][PASSED] - i1 = z.indexOf("/") + 1: null

26-05-2025T07:35:55 - [TEST_STEP][PASSED] - z = z.substring(i1, z.length()): null

26-05-2025T07:35:55 - [TEST_STEP][PASSED] - println("ii: " + ii): null

26-05-2025T07:35:55 - [TEST_STEP][PASSED] - println("z: " + z): null

26-05-2025T07:35:55 - [TEST_STEP][PASSED] - i1 = z.indexOf("/") + 1: null

26-05-2025T07:35:55 - [TEST_STEP][PASSED] - z = z.substring(i1, z.length()): null

26-05-2025T07:35:55 - [TEST_STEP][PASSED] - println("ii: " + ii): null

26-05-2025T07:35:55 - [TEST_STEP][PASSED] - println("z: " + z): null

26-05-2025T07:35:55 - [TEST_STEP][PASSED] - z = z.substring(0, z.indexOf("/")): null

26-05-2025T07:35:55 - [TEST_STEP][PASSED] - println("z: " + z): null

26-05-2025T07:35:55 - [TEST_STEP][PASSED] - x = x + "/" + z: null

26-05-2025T07:35:55 - [TEST_STEP][PASSED] - x = x.replaceAll("[\r?
|
]", ""): null

26-05-2025T07:35:55 - [TEST_STEP][PASSED] - println("x =" + x): null

26-05-2025T07:35:55 - [TEST_STEP][PASSED] - return x: null

26-05-2025T07:35:55 - [TEST_STEP][PASSED] - println("mR: " + mR): null

26-05-2025T07:35:55 - [TEST_STEP][PASSED] - i = VseDZO.indexOf("Кавказ"): null

26-05-2025T07:35:55 - [TEST_STEP][PASSED] - if (i > -1): null

26-05-2025T07:35:55 - [TEST_STEP][PASSED] - else: null

26-05-2025T07:35:55 - [TEST_STEP][PASSED] - sKR = sKR + "нет данных/нет данных/нет данных/нет данных/нет данных/нет данных/нет данных/нет данных/нет данных": null

26-05-2025T07:35:55 - [TEST_STEP][PASSED] - println("sKR: " + sKR): null

26-05-2025T07:35:55 - [TEST_STEP][PASSED] - i = VseDZO.indexOf("Запад"): null

26-05-2025T07:35:55 - [TEST_STEP][PASSED] - if (i > -1): null

26-05-2025T07:35:55 - [TEST_STEP][PASSED] - dZONum = dZONum + 1: null

26-05-2025T07:35:55 - [TEST_STEP][PASSED] - sZR = GetAllData(path, dZONum, VseDZO, x = "Россети Северо-Запад/", dZO): null

26-05-2025T07:35:55 - [TEST_STEP][PASSED] - ii = <not implemented yet for class: org.codehaus.groovy.ast.expr.EmptyExpression>: null

26-05-2025T07:35:55 - [TEST_STEP][PASSED] - i1 = <not implemented yet for class: org.codehaus.groovy.ast.expr.EmptyExpression>: null

26-05-2025T07:35:55 - [TEST_STEP][PASSED] - z = <not implemented yet for class: org.codehaus.groovy.ast.expr.EmptyExpression>: null

26-05-2025T07:35:55 - [TEST_STEP][PASSED] - strToManage = <not implemented yet for class: org.codehaus.groovy.ast.expr.EmptyExpression>: null

26-05-2025T07:35:55 - [TEST_STEP][PASSED] - path2 = "Значения со страницы Выполнение бизнес-плана/Table Data/": null

26-05-2025T07:35:55 - [TEST_STEP][PASSED] - println("path: " + path): null

26-05-2025T07:35:55 - [TEST_STEP][PASSED] - dZONumOtk = <not implemented yet for class: org.codehaus.groovy.ast.expr.EmptyExpression>: null

26-05-2025T07:35:55 - [TEST_STEP][PASSED] - println("dZONum: " + dZONum): null

26-05-2025T07:35:55 - [TEST_STEP][PASSED] - dZO = x.substring(x.indexOf("/")): null

26-05-2025T07:35:55 - [TEST_STEP][PASSED] - println("dZO: " + dZO): null

26-05-2025T07:35:55 - [TEST_STEP][PASSED] - z = getText(findTestObject(path + "spanPlan" + dZONum)): Text of object 'Object Repository/Выполнение бизнес-плана/spanPlan4' is: '6.73
|'

26-05-2025T07:35:55 - [MESSAGE][PASSED] - Text of object 'Object Repository/Выполнение бизнес-плана/spanPlan4' is: '6.73
|'

26-05-2025T07:35:55 - [TEST_STEP][PASSED] - println(z): null

26-05-2025T07:35:55 - [TEST_STEP][PASSED] - if (z != ""): null

26-05-2025T07:35:55 - [TEST_STEP][PASSED] - ii = z.indexOf("|"): null

26-05-2025T07:35:55 - [TEST_STEP][PASSED] - if (ii > -1): null

26-05-2025T07:35:55 - [TEST_STEP][PASSED] - z = z.substring(0, z.length() - 1): null

26-05-2025T07:35:55 - [TEST_STEP][PASSED] - println(z): null

26-05-2025T07:35:55 - [TEST_STEP][PASSED] - z = z.replaceAll("\s+", ""): null

26-05-2025T07:35:55 - [TEST_STEP][PASSED] - z = z.replace("[\r?
|
]", "/"): null

26-05-2025T07:35:55 - [TEST_STEP][PASSED] - println(z): null

26-05-2025T07:35:55 - [TEST_STEP][PASSED] - x = x + z: null

26-05-2025T07:35:55 - [TEST_STEP][PASSED] - z = getText(findTestObject(path + "spanFact" + dZONum)): Text of object 'Object Repository/Выполнение бизнес-плана/spanFact4' is: '5.22'

26-05-2025T07:35:55 - [MESSAGE][PASSED] - Text of object 'Object Repository/Выполнение бизнес-плана/spanFact4' is: '5.22'

26-05-2025T07:35:55 - [TEST_STEP][PASSED] - ii = z.indexOf("|"): null

26-05-2025T07:35:55 - [TEST_STEP][PASSED] - if (ii > -1): null

26-05-2025T07:35:55 - [TEST_STEP][PASSED] - x = x + "/" + z: null

26-05-2025T07:35:55 - [TEST_STEP][PASSED] - z = getText(findTestObject(path + path2 + "Факт Отпуск в сеть за отчётный период " + dZONum)).replaceAll("\s+", ""): Text of object 'Object Repository/Выполнение бизнес-плана/Значения со страницы Выполнение бизнес-плана/Table Data/Факт Отпуск в сеть за отчётный период 4' is: '6 258 254'

26-05-2025T07:35:55 - [MESSAGE][PASSED] - Text of object 'Object Repository/Выполнение бизнес-плана/Значения со страницы Выполнение бизнес-плана/Table Data/Факт Отпуск в сеть за отчётный период 4' is: '6 258 254'

26-05-2025T07:35:55 - [TEST_STEP][PASSED] - println("z=" + z): null

26-05-2025T07:35:55 - [TEST_STEP][PASSED] - x = x + "/" + z: null

26-05-2025T07:35:55 - [TEST_STEP][PASSED] - z = getText(findTestObject(path + path2 + "Факт Отпуск из сети за отчётный период " + dZONum)).replaceAll("\s+", ""): Text of object 'Object Repository/Выполнение бизнес-плана/Значения со страницы Выполнение бизнес-плана/Table Data/Факт Отпуск из сети за отчётный период 4' is: '5 931 711'

26-05-2025T07:35:56 - [MESSAGE][PASSED] - Text of object 'Object Repository/Выполнение бизнес-плана/Значения со страницы Выполнение бизнес-плана/Table Data/Факт Отпуск из сети за отчётный период 4' is: '5 931 711'

26-05-2025T07:35:56 - [TEST_STEP][PASSED] - x = x + "/" + z: null

26-05-2025T07:35:56 - [TEST_STEP][PASSED] - z = getText(findTestObject(path + path2 + "Факт Потери за отчётный период " + dZONum)).replaceAll("\s+", ""): Text of object 'Object Repository/Выполнение бизнес-плана/Значения со страницы Выполнение бизнес-плана/Table Data/Факт Потери за отчётный период 4' is: '326 542'

26-05-2025T07:35:56 - [MESSAGE][PASSED] - Text of object 'Object Repository/Выполнение бизнес-плана/Значения со страницы Выполнение бизнес-плана/Table Data/Факт Потери за отчётный период 4' is: '326 542'

26-05-2025T07:35:56 - [TEST_STEP][PASSED] - x = x + "/" + z: null

26-05-2025T07:35:56 - [TEST_STEP][PASSED] - z = getText(findTestObject(path + path2 + "План Отпуск в сеть за отчётный период " + dZONum)).replaceAll("\s+", ""): Text of object 'Object Repository/Выполнение бизнес-плана/Значения со страницы Выполнение бизнес-плана/Table Data/План Отпуск в сеть за отчётный период 4' is: '6 540 566'

26-05-2025T07:35:56 - [MESSAGE][PASSED] - Text of object 'Object Repository/Выполнение бизнес-плана/Значения со страницы Выполнение бизнес-плана/Table Data/План Отпуск в сеть за отчётный период 4' is: '6 540 566'

26-05-2025T07:35:56 - [TEST_STEP][PASSED] - x = x + "/" + z: null

26-05-2025T07:35:56 - [TEST_STEP][PASSED] - z = getText(findTestObject(path + path2 + "План Отпуск из сети за отчётный период " + dZONum)).replaceAll("\s+", ""): Text of object 'Object Repository/Выполнение бизнес-плана/Значения со страницы Выполнение бизнес-плана/Table Data/План Отпуск из сети за отчётный период 4' is: '6 100 575'

26-05-2025T07:35:57 - [MESSAGE][PASSED] - Text of object 'Object Repository/Выполнение бизнес-плана/Значения со страницы Выполнение бизнес-плана/Table Data/План Отпуск из сети за отчётный период 4' is: '6 100 575'

26-05-2025T07:35:57 - [TEST_STEP][PASSED] - x = x + "/" + z: null

26-05-2025T07:35:57 - [TEST_STEP][PASSED] - z = getText(findTestObject(path + path2 + "План Потери за отчётный период " + dZONum)).replaceAll("\s+", ""): Text of object 'Object Repository/Выполнение бизнес-плана/Значения со страницы Выполнение бизнес-плана/Table Data/План Потери за отчётный период 4' is: '439 991'

26-05-2025T07:35:57 - [MESSAGE][PASSED] - Text of object 'Object Repository/Выполнение бизнес-плана/Значения со страницы Выполнение бизнес-плана/Table Data/План Потери за отчётный период 4' is: '439 991'

26-05-2025T07:35:57 - [TEST_STEP][PASSED] - x = x + "/" + z: null

26-05-2025T07:35:57 - [TEST_STEP][PASSED] - z = getText(findTestObject(path + "Отклонения за 1 месяц")).replaceAll("[\r?
|
]", "/"): Text of object 'Object Repository/Выполнение бизнес-плана/Отклонения за 1 месяц' is: '0.05
-0.99
-0.40
-1.51
-0.19
-0.38
-0.25
-1.05
-0.60
-1.44
-1.52
Россети ФСК ЕЭС
Россети Волга
Россети Московскийрегион
Россети Северо-Запад
Россети Томск
Россети Тюмень
Россети Урал (ГК)
Россети Центр (ГК)
Россети Центр иПриволжье (ГК)
Россети Юг (ГК)
Россети Янтарь
-2
0
2
4
6
8'

26-05-2025T07:35:57 - [MESSAGE][PASSED] - Text of object 'Object Repository/Выполнение бизнес-плана/Отклонения за 1 месяц' is: '0.05
-0.99
-0.40
-1.51
-0.19
-0.38
-0.25
-1.05
-0.60
-1.44
-1.52
Россети ФСК ЕЭС
Россети Волга
Россети Московскийрегион
Россети Северо-Запад
Россети Томск
Россети Тюмень
Россети Урал (ГК)
Россети Центр (ГК)
Россети Центр иПриволжье (ГК)
Россети Юг (ГК)
Россети Янтарь
-2
0
2
4
6
8'

26-05-2025T07:35:57 - [TEST_STEP][PASSED] - strToManage = z: null

26-05-2025T07:35:57 - [TEST_STEP][PASSED] - ii = strToManage.indexOf("ГК"): null

26-05-2025T07:35:57 - [TEST_STEP][PASSED] - if (ii > -1): null

26-05-2025T07:35:57 - [TEST_STEP][PASSED] - for ([i1 = 1, i1 > -1, (i1--)]): null

26-05-2025T07:35:57 - [TEST_STEP][PASSED] - strToManage = strToManage.substring(0, strToManage.indexOf("ГК") - 1) + strToManage.substring(strToManage.indexOf("ГК") + 3): null

26-05-2025T07:35:57 - [TEST_STEP][PASSED] - println("strToManage count i1: " + strToManage): null

26-05-2025T07:35:57 - [TEST_STEP][PASSED] - i1 = strToManage.count("ГК"): null

26-05-2025T07:35:57 - [TEST_STEP][PASSED] - println("i1: " + i1): null

26-05-2025T07:35:57 - [TEST_STEP][PASSED] - strToManage = strToManage.substring(0, strToManage.indexOf("ГК") - 1) + strToManage.substring(strToManage.indexOf("ГК") + 3): null

26-05-2025T07:35:57 - [TEST_STEP][PASSED] - println("strToManage count i1: " + strToManage): null

26-05-2025T07:35:57 - [TEST_STEP][PASSED] - i1 = strToManage.count("ГК"): null

26-05-2025T07:35:57 - [TEST_STEP][PASSED] - println("i1: " + i1): null

26-05-2025T07:35:57 - [TEST_STEP][PASSED] - strToManage = strToManage.substring(0, strToManage.indexOf("ГК") - 1) + strToManage.substring(strToManage.indexOf("ГК") + 3): null

26-05-2025T07:35:57 - [TEST_STEP][PASSED] - println("strToManage count i1: " + strToManage): null

26-05-2025T07:35:57 - [TEST_STEP][PASSED] - i1 = strToManage.count("ГК"): null

26-05-2025T07:35:57 - [TEST_STEP][PASSED] - println("i1: " + i1): null

26-05-2025T07:35:57 - [TEST_STEP][PASSED] - strToManage = strToManage.substring(0, strToManage.indexOf("ГК") - 1) + strToManage.substring(strToManage.indexOf("ГК") + 3): null

26-05-2025T07:35:57 - [TEST_STEP][PASSED] - println("strToManage count i1: " + strToManage): null

26-05-2025T07:35:57 - [TEST_STEP][PASSED] - i1 = strToManage.count("ГК"): null

26-05-2025T07:35:57 - [TEST_STEP][PASSED] - println("i1: " + i1): null

26-05-2025T07:35:57 - [TEST_STEP][PASSED] - z = strToManage: null

26-05-2025T07:35:57 - [TEST_STEP][PASSED] - println("z: " + z): null

26-05-2025T07:35:57 - [TEST_STEP][PASSED] - lettersStart = z.indexOf("Россети"): null

26-05-2025T07:35:57 - [TEST_STEP][PASSED] - strToManage = z.substring(lettersStart, z.length()): null

26-05-2025T07:35:57 - [TEST_STEP][PASSED] - println("strToManage: " + strToManage): null

26-05-2025T07:35:57 - [TEST_STEP][PASSED] - dZONames = strToManage: null

26-05-2025T07:35:57 - [TEST_STEP][PASSED] - strToManage = strToManage.replaceAll("[а-яА-Я]", ""): null

26-05-2025T07:35:57 - [TEST_STEP][PASSED] - println("strToManage after letters: " + strToManage): null

26-05-2025T07:35:57 - [TEST_STEP][PASSED] - strToManage = replaceAll(" ", "").replaceAll("/-/", ""): null

26-05-2025T07:35:57 - [TEST_STEP][PASSED] - println("strToManage: " + strToManage): null

26-05-2025T07:35:57 - [TEST_STEP][PASSED] - strToManage = strToManage.substring(strToManage.lastIndexOf("//") + 1, strToManage.length()): null

26-05-2025T07:35:57 - [TEST_STEP][PASSED] - println("strToManage: " + strToManage): null

26-05-2025T07:35:57 - [TEST_STEP][PASSED] - ii = z.indexOf(strToManage): null

26-05-2025T07:35:57 - [TEST_STEP][PASSED] - if (ii > -1): null

26-05-2025T07:35:57 - [TEST_STEP][PASSED] - z = z.substring(0, ii) + "/": null

26-05-2025T07:35:57 - [TEST_STEP][PASSED] - println("z: " + z): null

26-05-2025T07:35:57 - [TEST_STEP][PASSED] - println("dZONum: " + dZONum): null

26-05-2025T07:35:57 - [TEST_STEP][PASSED] - strToManage = dZO: null

26-05-2025T07:35:57 - [TEST_STEP][PASSED] - if (strToManage.indexOf("(ГК)") > -1): null

26-05-2025T07:35:57 - [TEST_STEP][PASSED] - strToManage = replaceAll("\p{P}", "").replaceAll("\s+", ""): null

26-05-2025T07:35:57 - [TEST_STEP][PASSED] - println("strToManage: " + strToManage): null

26-05-2025T07:35:57 - [TEST_STEP][PASSED] - if (replaceAll("\s+", "").indexOf(strToManage) > -1): null

26-05-2025T07:35:57 - [TEST_STEP][PASSED] - dZONames = replaceAll("-", "").replaceAll("//", ""): null

26-05-2025T07:35:57 - [TEST_STEP][PASSED] - println("dZONames: " + dZONames): null

26-05-2025T07:35:57 - [TEST_STEP][PASSED] - dZONumOtk = 1: null

26-05-2025T07:35:57 - [TEST_STEP][PASSED] - ii = dZONames.indexOf(strToManage): null

26-05-2025T07:35:57 - [TEST_STEP][PASSED] - if (strToManage != "ФСК"): null

26-05-2025T07:35:57 - [TEST_STEP][PASSED] - if (ii > -1): null

26-05-2025T07:35:57 - [TEST_STEP][PASSED] - for ([i1 = 1, ii > -1, (i1++)]): null

26-05-2025T07:35:57 - [TEST_STEP][PASSED] - dZONames = dZONames.substring(dZONames.indexOf("/") + 1, dZONames.length()): null

26-05-2025T07:35:57 - [TEST_STEP][PASSED] - ii = dZONames.lastIndexOf("/"): null

26-05-2025T07:35:57 - [TEST_STEP][PASSED] - println("dZONames: " + dZONames): null

26-05-2025T07:35:57 - [TEST_STEP][PASSED] - dZONumOtk = dZONumOtk + 1: null

26-05-2025T07:35:57 - [TEST_STEP][PASSED] - println("dZONumOtk: " + dZONumOtk): null

26-05-2025T07:35:57 - [TEST_STEP][PASSED] - dZONames = dZONames.substring(dZONames.indexOf("/") + 1, dZONames.length()): null

26-05-2025T07:35:57 - [TEST_STEP][PASSED] - ii = dZONames.lastIndexOf("/"): null

26-05-2025T07:35:57 - [TEST_STEP][PASSED] - println("dZONames: " + dZONames): null

26-05-2025T07:35:57 - [TEST_STEP][PASSED] - dZONumOtk = dZONumOtk + 1: null

26-05-2025T07:35:57 - [TEST_STEP][PASSED] - println("dZONumOtk: " + dZONumOtk): null

26-05-2025T07:35:57 - [TEST_STEP][PASSED] - dZONames = dZONames.substring(dZONames.indexOf("/") + 1, dZONames.length()): null

26-05-2025T07:35:57 - [TEST_STEP][PASSED] - ii = dZONames.lastIndexOf("/"): null

26-05-2025T07:35:57 - [TEST_STEP][PASSED] - println("dZONames: " + dZONames): null

26-05-2025T07:35:57 - [TEST_STEP][PASSED] - dZONumOtk = dZONumOtk + 1: null

26-05-2025T07:35:57 - [TEST_STEP][PASSED] - println("dZONumOtk: " + dZONumOtk): null

26-05-2025T07:35:57 - [TEST_STEP][PASSED] - dZONames = dZONames.substring(dZONames.indexOf("/") + 1, dZONames.length()): null

26-05-2025T07:35:57 - [TEST_STEP][PASSED] - ii = dZONames.lastIndexOf("/"): null

26-05-2025T07:35:57 - [TEST_STEP][PASSED] - println("dZONames: " + dZONames): null

26-05-2025T07:35:57 - [TEST_STEP][PASSED] - dZONumOtk = dZONumOtk + 1: null

26-05-2025T07:35:57 - [TEST_STEP][PASSED] - println("dZONumOtk: " + dZONumOtk): null

26-05-2025T07:35:57 - [TEST_STEP][PASSED] - dZONames = dZONames.substring(dZONames.indexOf("/") + 1, dZONames.length()): null

26-05-2025T07:35:57 - [TEST_STEP][PASSED] - ii = dZONames.lastIndexOf("/"): null

26-05-2025T07:35:57 - [TEST_STEP][PASSED] - println("dZONames: " + dZONames): null

26-05-2025T07:35:57 - [TEST_STEP][PASSED] - dZONumOtk = dZONumOtk + 1: null

26-05-2025T07:35:57 - [TEST_STEP][PASSED] - println("dZONumOtk: " + dZONumOtk): null

26-05-2025T07:35:57 - [TEST_STEP][PASSED] - dZONames = dZONames.substring(dZONames.indexOf("/") + 1, dZONames.length()): null

26-05-2025T07:35:57 - [TEST_STEP][PASSED] - ii = dZONames.lastIndexOf("/"): null

26-05-2025T07:35:57 - [TEST_STEP][PASSED] - println("dZONames: " + dZONames): null

26-05-2025T07:35:57 - [TEST_STEP][PASSED] - dZONumOtk = dZONumOtk + 1: null

26-05-2025T07:35:57 - [TEST_STEP][PASSED] - println("dZONumOtk: " + dZONumOtk): null

26-05-2025T07:35:57 - [TEST_STEP][PASSED] - dZONames = dZONames.substring(dZONames.indexOf("/") + 1, dZONames.length()): null

26-05-2025T07:35:57 - [TEST_STEP][PASSED] - ii = dZONames.lastIndexOf("/"): null

26-05-2025T07:35:57 - [TEST_STEP][PASSED] - println("dZONames: " + dZONames): null

26-05-2025T07:35:57 - [TEST_STEP][PASSED] - dZONumOtk = dZONumOtk + 1: null

26-05-2025T07:35:57 - [TEST_STEP][PASSED] - println("dZONumOtk: " + dZONumOtk): null

26-05-2025T07:35:57 - [TEST_STEP][PASSED] - dZONames = dZONames.substring(dZONames.indexOf("/") + 1, dZONames.length()): null

26-05-2025T07:35:57 - [TEST_STEP][PASSED] - ii = dZONames.lastIndexOf("/"): null

26-05-2025T07:35:57 - [TEST_STEP][PASSED] - println("dZONames: " + dZONames): null

26-05-2025T07:35:57 - [TEST_STEP][PASSED] - dZONumOtk = dZONumOtk + 1: null

26-05-2025T07:35:57 - [TEST_STEP][PASSED] - println("dZONumOtk: " + dZONumOtk): null

26-05-2025T07:35:57 - [TEST_STEP][PASSED] - dZONames = dZONames.substring(dZONames.indexOf("/") + 1, dZONames.length()): null

26-05-2025T07:35:57 - [TEST_STEP][PASSED] - ii = dZONames.lastIndexOf("/"): null

26-05-2025T07:35:57 - [TEST_STEP][PASSED] - println("dZONames: " + dZONames): null

26-05-2025T07:35:57 - [TEST_STEP][PASSED] - dZONumOtk = dZONumOtk + 1: null

26-05-2025T07:35:57 - [TEST_STEP][PASSED] - println("dZONumOtk: " + dZONumOtk): null

26-05-2025T07:35:57 - [TEST_STEP][PASSED] - dZONames = dZONames.substring(dZONames.indexOf("/") + 1, dZONames.length()): null

26-05-2025T07:35:57 - [TEST_STEP][PASSED] - ii = dZONames.lastIndexOf("/"): null

26-05-2025T07:35:57 - [TEST_STEP][PASSED] - println("dZONames: " + dZONames): null

26-05-2025T07:35:57 - [TEST_STEP][PASSED] - dZONumOtk = dZONumOtk + 1: null

26-05-2025T07:35:57 - [TEST_STEP][PASSED] - println("dZONumOtk: " + dZONumOtk): null

26-05-2025T07:35:57 - [TEST_STEP][PASSED] - if (z.indexOf("//") > -1): null

26-05-2025T07:35:57 - [TEST_STEP][PASSED] - println("z: " + z): null

26-05-2025T07:35:57 - [TEST_STEP][PASSED] - for ([ii = 1, ii < dZONumOtk, (ii++)]): null

26-05-2025T07:35:57 - [TEST_STEP][PASSED] - i1 = z.indexOf("/") + 1: null

26-05-2025T07:35:57 - [TEST_STEP][PASSED] - z = z.substring(i1, z.length()): null

26-05-2025T07:35:57 - [TEST_STEP][PASSED] - println("ii: " + ii): null

26-05-2025T07:35:57 - [TEST_STEP][PASSED] - println("z: " + z): null

26-05-2025T07:35:57 - [TEST_STEP][PASSED] - i1 = z.indexOf("/") + 1: null

26-05-2025T07:35:57 - [TEST_STEP][PASSED] - z = z.substring(i1, z.length()): null

26-05-2025T07:35:57 - [TEST_STEP][PASSED] - println("ii: " + ii): null

26-05-2025T07:35:57 - [TEST_STEP][PASSED] - println("z: " + z): null

26-05-2025T07:35:57 - [TEST_STEP][PASSED] - i1 = z.indexOf("/") + 1: null

26-05-2025T07:35:57 - [TEST_STEP][PASSED] - z = z.substring(i1, z.length()): null

26-05-2025T07:35:57 - [TEST_STEP][PASSED] - println("ii: " + ii): null

26-05-2025T07:35:57 - [TEST_STEP][PASSED] - println("z: " + z): null

26-05-2025T07:35:57 - [TEST_STEP][PASSED] - i1 = z.indexOf("/") + 1: null

26-05-2025T07:35:57 - [TEST_STEP][PASSED] - z = z.substring(i1, z.length()): null

26-05-2025T07:35:57 - [TEST_STEP][PASSED] - println("ii: " + ii): null

26-05-2025T07:35:57 - [TEST_STEP][PASSED] - println("z: " + z): null

26-05-2025T07:35:57 - [TEST_STEP][PASSED] - i1 = z.indexOf("/") + 1: null

26-05-2025T07:35:57 - [TEST_STEP][PASSED] - z = z.substring(i1, z.length()): null

26-05-2025T07:35:57 - [TEST_STEP][PASSED] - println("ii: " + ii): null

26-05-2025T07:35:57 - [TEST_STEP][PASSED] - println("z: " + z): null

26-05-2025T07:35:57 - [TEST_STEP][PASSED] - i1 = z.indexOf("/") + 1: null

26-05-2025T07:35:57 - [TEST_STEP][PASSED] - z = z.substring(i1, z.length()): null

26-05-2025T07:35:57 - [TEST_STEP][PASSED] - println("ii: " + ii): null

26-05-2025T07:35:57 - [TEST_STEP][PASSED] - println("z: " + z): null

26-05-2025T07:35:57 - [TEST_STEP][PASSED] - i1 = z.indexOf("/") + 1: null

26-05-2025T07:35:57 - [TEST_STEP][PASSED] - z = z.substring(i1, z.length()): null

26-05-2025T07:35:57 - [TEST_STEP][PASSED] - println("ii: " + ii): null

26-05-2025T07:35:57 - [TEST_STEP][PASSED] - println("z: " + z): null

26-05-2025T07:35:57 - [TEST_STEP][PASSED] - i1 = z.indexOf("/") + 1: null

26-05-2025T07:35:57 - [TEST_STEP][PASSED] - z = z.substring(i1, z.length()): null

26-05-2025T07:35:57 - [TEST_STEP][PASSED] - println("ii: " + ii): null

26-05-2025T07:35:57 - [TEST_STEP][PASSED] - println("z: " + z): null

26-05-2025T07:35:57 - [TEST_STEP][PASSED] - i1 = z.indexOf("/") + 1: null

26-05-2025T07:35:57 - [TEST_STEP][PASSED] - z = z.substring(i1, z.length()): null

26-05-2025T07:35:57 - [TEST_STEP][PASSED] - println("ii: " + ii): null

26-05-2025T07:35:57 - [TEST_STEP][PASSED] - println("z: " + z): null

26-05-2025T07:35:57 - [TEST_STEP][PASSED] - i1 = z.indexOf("/") + 1: null

26-05-2025T07:35:57 - [TEST_STEP][PASSED] - z = z.substring(i1, z.length()): null

26-05-2025T07:35:57 - [TEST_STEP][PASSED] - println("ii: " + ii): null

26-05-2025T07:35:57 - [TEST_STEP][PASSED] - println("z: " + z): null

26-05-2025T07:35:57 - [TEST_STEP][PASSED] - z = z.substring(0, z.indexOf("/")): null

26-05-2025T07:35:57 - [TEST_STEP][PASSED] - println("z: " + z): null

26-05-2025T07:35:57 - [TEST_STEP][PASSED] - x = x + "/" + z: null

26-05-2025T07:35:57 - [TEST_STEP][PASSED] - x = x.replaceAll("[\r?
|
]", ""): null

26-05-2025T07:35:57 - [TEST_STEP][PASSED] - println("x =" + x): null

26-05-2025T07:35:57 - [TEST_STEP][PASSED] - return x: null

26-05-2025T07:35:57 - [TEST_STEP][PASSED] - println("sZR: " + sZR): null

26-05-2025T07:35:57 - [TEST_STEP][PASSED] - i = VseDZO.indexOf("Сибирь"): null

26-05-2025T07:35:57 - [TEST_STEP][PASSED] - if (i > -1): null

26-05-2025T07:35:57 - [TEST_STEP][PASSED] - else: null

26-05-2025T07:35:57 - [TEST_STEP][PASSED] - siR = siR + "нет данных/нет данных/нет данных/нет данных/нет данных/нет данных/нет данных/нет данных/нет данных": null

26-05-2025T07:35:57 - [TEST_STEP][PASSED] - println("siR: " + siR): null

26-05-2025T07:35:57 - [TEST_STEP][PASSED] - i = VseDZO.indexOf("Томск"): null

26-05-2025T07:35:57 - [TEST_STEP][PASSED] - if (i > -1): null

26-05-2025T07:35:57 - [TEST_STEP][PASSED] - dZONum = dZONum + 1: null

26-05-2025T07:35:57 - [TEST_STEP][PASSED] - tomR = GetAllData(path, dZONum, VseDZO, x = "Россети Томск/", dZO): null

26-05-2025T07:35:57 - [TEST_STEP][PASSED] - ii = <not implemented yet for class: org.codehaus.groovy.ast.expr.EmptyExpression>: null

26-05-2025T07:35:57 - [TEST_STEP][PASSED] - i1 = <not implemented yet for class: org.codehaus.groovy.ast.expr.EmptyExpression>: null

26-05-2025T07:35:57 - [TEST_STEP][PASSED] - z = <not implemented yet for class: org.codehaus.groovy.ast.expr.EmptyExpression>: null

26-05-2025T07:35:57 - [TEST_STEP][PASSED] - strToManage = <not implemented yet for class: org.codehaus.groovy.ast.expr.EmptyExpression>: null

26-05-2025T07:35:57 - [TEST_STEP][PASSED] - path2 = "Значения со страницы Выполнение бизнес-плана/Table Data/": null

26-05-2025T07:35:57 - [TEST_STEP][PASSED] - println("path: " + path): null

26-05-2025T07:35:57 - [TEST_STEP][PASSED] - dZONumOtk = <not implemented yet for class: org.codehaus.groovy.ast.expr.EmptyExpression>: null

26-05-2025T07:35:57 - [TEST_STEP][PASSED] - println("dZONum: " + dZONum): null

26-05-2025T07:35:57 - [TEST_STEP][PASSED] - dZO = x.substring(x.indexOf("/")): null

26-05-2025T07:35:57 - [TEST_STEP][PASSED] - println("dZO: " + dZO): null

26-05-2025T07:35:57 - [TEST_STEP][PASSED] - z = getText(findTestObject(path + "spanPlan" + dZONum)): Text of object 'Object Repository/Выполнение бизнес-плана/spanPlan5' is: '10.74
|'

26-05-2025T07:35:58 - [MESSAGE][PASSED] - Text of object 'Object Repository/Выполнение бизнес-плана/spanPlan5' is: '10.74
|'

26-05-2025T07:35:58 - [TEST_STEP][PASSED] - println(z): null

26-05-2025T07:35:58 - [TEST_STEP][PASSED] - if (z != ""): null

26-05-2025T07:35:58 - [TEST_STEP][PASSED] - ii = z.indexOf("|"): null

26-05-2025T07:35:58 - [TEST_STEP][PASSED] - if (ii > -1): null

26-05-2025T07:35:58 - [TEST_STEP][PASSED] - z = z.substring(0, z.length() - 1): null

26-05-2025T07:35:58 - [TEST_STEP][PASSED] - println(z): null

26-05-2025T07:35:58 - [TEST_STEP][PASSED] - z = z.replaceAll("\s+", ""): null

26-05-2025T07:35:58 - [TEST_STEP][PASSED] - z = z.replace("[\r?
|
]", "/"): null

26-05-2025T07:35:58 - [TEST_STEP][PASSED] - println(z): null

26-05-2025T07:35:58 - [TEST_STEP][PASSED] - x = x + z: null

26-05-2025T07:35:58 - [TEST_STEP][PASSED] - z = getText(findTestObject(path + "spanFact" + dZONum)): Text of object 'Object Repository/Выполнение бизнес-плана/spanFact5' is: '10.55'

26-05-2025T07:35:58 - [MESSAGE][PASSED] - Text of object 'Object Repository/Выполнение бизнес-плана/spanFact5' is: '10.55'

26-05-2025T07:35:58 - [TEST_STEP][PASSED] - ii = z.indexOf("|"): null

26-05-2025T07:35:58 - [TEST_STEP][PASSED] - if (ii > -1): null

26-05-2025T07:35:58 - [TEST_STEP][PASSED] - x = x + "/" + z: null

26-05-2025T07:35:58 - [TEST_STEP][PASSED] - z = getText(findTestObject(path + path2 + "Факт Отпуск в сеть за отчётный период " + dZONum)).replaceAll("\s+", ""): Text of object 'Object Repository/Выполнение бизнес-плана/Значения со страницы Выполнение бизнес-плана/Table Data/Факт Отпуск в сеть за отчётный период 5' is: '1 364 454'

26-05-2025T07:35:58 - [MESSAGE][PASSED] - Text of object 'Object Repository/Выполнение бизнес-плана/Значения со страницы Выполнение бизнес-плана/Table Data/Факт Отпуск в сеть за отчётный период 5' is: '1 364 454'

26-05-2025T07:35:58 - [TEST_STEP][PASSED] - println("z=" + z): null

26-05-2025T07:35:58 - [TEST_STEP][PASSED] - x = x + "/" + z: null

26-05-2025T07:35:58 - [TEST_STEP][PASSED] - z = getText(findTestObject(path + path2 + "Факт Отпуск из сети за отчётный период " + dZONum)).replaceAll("\s+", ""): Text of object 'Object Repository/Выполнение бизнес-плана/Значения со страницы Выполнение бизнес-плана/Table Data/Факт Отпуск из сети за отчётный период 5' is: '1 220 439'

26-05-2025T07:35:58 - [MESSAGE][PASSED] - Text of object 'Object Repository/Выполнение бизнес-плана/Значения со страницы Выполнение бизнес-плана/Table Data/Факт Отпуск из сети за отчётный период 5' is: '1 220 439'

26-05-2025T07:35:58 - [TEST_STEP][PASSED] - x = x + "/" + z: null

26-05-2025T07:35:58 - [TEST_STEP][PASSED] - z = getText(findTestObject(path + path2 + "Факт Потери за отчётный период " + dZONum)).replaceAll("\s+", ""): Text of object 'Object Repository/Выполнение бизнес-плана/Значения со страницы Выполнение бизнес-плана/Table Data/Факт Потери за отчётный период 5' is: '144 015'

26-05-2025T07:35:59 - [MESSAGE][PASSED] - Text of object 'Object Repository/Выполнение бизнес-плана/Значения со страницы Выполнение бизнес-плана/Table Data/Факт Потери за отчётный период 5' is: '144 015'

26-05-2025T07:35:59 - [TEST_STEP][PASSED] - x = x + "/" + z: null

26-05-2025T07:35:59 - [TEST_STEP][PASSED] - z = getText(findTestObject(path + path2 + "План Отпуск в сеть за отчётный период " + dZONum)).replaceAll("\s+", ""): Text of object 'Object Repository/Выполнение бизнес-плана/Значения со страницы Выполнение бизнес-плана/Table Data/План Отпуск в сеть за отчётный период 5' is: '1 428 476'

26-05-2025T07:35:59 - [MESSAGE][PASSED] - Text of object 'Object Repository/Выполнение бизнес-плана/Значения со страницы Выполнение бизнес-плана/Table Data/План Отпуск в сеть за отчётный период 5' is: '1 428 476'

26-05-2025T07:35:59 - [TEST_STEP][PASSED] - x = x + "/" + z: null

26-05-2025T07:35:59 - [TEST_STEP][PASSED] - z = getText(findTestObject(path + path2 + "План Отпуск из сети за отчётный период " + dZONum)).replaceAll("\s+", ""): Text of object 'Object Repository/Выполнение бизнес-плана/Значения со страницы Выполнение бизнес-плана/Table Data/План Отпуск из сети за отчётный период 5' is: '1 275 060'

26-05-2025T07:35:59 - [MESSAGE][PASSED] - Text of object 'Object Repository/Выполнение бизнес-плана/Значения со страницы Выполнение бизнес-плана/Table Data/План Отпуск из сети за отчётный период 5' is: '1 275 060'

26-05-2025T07:35:59 - [TEST_STEP][PASSED] - x = x + "/" + z: null

26-05-2025T07:35:59 - [TEST_STEP][PASSED] - z = getText(findTestObject(path + path2 + "План Потери за отчётный период " + dZONum)).replaceAll("\s+", ""): Text of object 'Object Repository/Выполнение бизнес-плана/Значения со страницы Выполнение бизнес-плана/Table Data/План Потери за отчётный период 5' is: '153 416'

26-05-2025T07:36:00 - [MESSAGE][PASSED] - Text of object 'Object Repository/Выполнение бизнес-плана/Значения со страницы Выполнение бизнес-плана/Table Data/План Потери за отчётный период 5' is: '153 416'

26-05-2025T07:36:00 - [TEST_STEP][PASSED] - x = x + "/" + z: null

26-05-2025T07:36:00 - [TEST_STEP][PASSED] - z = getText(findTestObject(path + "Отклонения за 1 месяц")).replaceAll("[\r?
|
]", "/"): Text of object 'Object Repository/Выполнение бизнес-плана/Отклонения за 1 месяц' is: '0.05
-0.99
-0.40
-1.51
-0.19
-0.38
-0.25
-1.05
-0.60
-1.44
-1.52
Россети ФСК ЕЭС
Россети Волга
Россети Московскийрегион
Россети Северо-Запад
Россети Томск
Россети Тюмень
Россети Урал (ГК)
Россети Центр (ГК)
Россети Центр иПриволжье (ГК)
Россети Юг (ГК)
Россети Янтарь
-2
0
2
4
6
8'

26-05-2025T07:36:00 - [MESSAGE][PASSED] - Text of object 'Object Repository/Выполнение бизнес-плана/Отклонения за 1 месяц' is: '0.05
-0.99
-0.40
-1.51
-0.19
-0.38
-0.25
-1.05
-0.60
-1.44
-1.52
Россети ФСК ЕЭС
Россети Волга
Россети Московскийрегион
Россети Северо-Запад
Россети Томск
Россети Тюмень
Россети Урал (ГК)
Россети Центр (ГК)
Россети Центр иПриволжье (ГК)
Россети Юг (ГК)
Россети Янтарь
-2
0
2
4
6
8'

26-05-2025T07:36:00 - [TEST_STEP][PASSED] - strToManage = z: null

26-05-2025T07:36:00 - [TEST_STEP][PASSED] - ii = strToManage.indexOf("ГК"): null

26-05-2025T07:36:00 - [TEST_STEP][PASSED] - if (ii > -1): null

26-05-2025T07:36:00 - [TEST_STEP][PASSED] - for ([i1 = 1, i1 > -1, (i1--)]): null

26-05-2025T07:36:00 - [TEST_STEP][PASSED] - strToManage = strToManage.substring(0, strToManage.indexOf("ГК") - 1) + strToManage.substring(strToManage.indexOf("ГК") + 3): null

26-05-2025T07:36:00 - [TEST_STEP][PASSED] - println("strToManage count i1: " + strToManage): null

26-05-2025T07:36:00 - [TEST_STEP][PASSED] - i1 = strToManage.count("ГК"): null

26-05-2025T07:36:00 - [TEST_STEP][PASSED] - println("i1: " + i1): null

26-05-2025T07:36:00 - [TEST_STEP][PASSED] - strToManage = strToManage.substring(0, strToManage.indexOf("ГК") - 1) + strToManage.substring(strToManage.indexOf("ГК") + 3): null

26-05-2025T07:36:00 - [TEST_STEP][PASSED] - println("strToManage count i1: " + strToManage): null

26-05-2025T07:36:00 - [TEST_STEP][PASSED] - i1 = strToManage.count("ГК"): null

26-05-2025T07:36:00 - [TEST_STEP][PASSED] - println("i1: " + i1): null

26-05-2025T07:36:00 - [TEST_STEP][PASSED] - strToManage = strToManage.substring(0, strToManage.indexOf("ГК") - 1) + strToManage.substring(strToManage.indexOf("ГК") + 3): null

26-05-2025T07:36:00 - [TEST_STEP][PASSED] - println("strToManage count i1: " + strToManage): null

26-05-2025T07:36:00 - [TEST_STEP][PASSED] - i1 = strToManage.count("ГК"): null

26-05-2025T07:36:00 - [TEST_STEP][PASSED] - println("i1: " + i1): null

26-05-2025T07:36:00 - [TEST_STEP][PASSED] - strToManage = strToManage.substring(0, strToManage.indexOf("ГК") - 1) + strToManage.substring(strToManage.indexOf("ГК") + 3): null

26-05-2025T07:36:00 - [TEST_STEP][PASSED] - println("strToManage count i1: " + strToManage): null

26-05-2025T07:36:00 - [TEST_STEP][PASSED] - i1 = strToManage.count("ГК"): null

26-05-2025T07:36:00 - [TEST_STEP][PASSED] - println("i1: " + i1): null

26-05-2025T07:36:00 - [TEST_STEP][PASSED] - z = strToManage: null

26-05-2025T07:36:00 - [TEST_STEP][PASSED] - println("z: " + z): null

26-05-2025T07:36:00 - [TEST_STEP][PASSED] - lettersStart = z.indexOf("Россети"): null

26-05-2025T07:36:00 - [TEST_STEP][PASSED] - strToManage = z.substring(lettersStart, z.length()): null

26-05-2025T07:36:00 - [TEST_STEP][PASSED] - println("strToManage: " + strToManage): null

26-05-2025T07:36:00 - [TEST_STEP][PASSED] - dZONames = strToManage: null

26-05-2025T07:36:00 - [TEST_STEP][PASSED] - strToManage = strToManage.replaceAll("[а-яА-Я]", ""): null

26-05-2025T07:36:00 - [TEST_STEP][PASSED] - println("strToManage after letters: " + strToManage): null

26-05-2025T07:36:00 - [TEST_STEP][PASSED] - strToManage = replaceAll(" ", "").replaceAll("/-/", ""): null

26-05-2025T07:36:00 - [TEST_STEP][PASSED] - println("strToManage: " + strToManage): null

26-05-2025T07:36:00 - [TEST_STEP][PASSED] - strToManage = strToManage.substring(strToManage.lastIndexOf("//") + 1, strToManage.length()): null

26-05-2025T07:36:00 - [TEST_STEP][PASSED] - println("strToManage: " + strToManage): null

26-05-2025T07:36:00 - [TEST_STEP][PASSED] - ii = z.indexOf(strToManage): null

26-05-2025T07:36:00 - [TEST_STEP][PASSED] - if (ii > -1): null

26-05-2025T07:36:00 - [TEST_STEP][PASSED] - z = z.substring(0, ii) + "/": null

26-05-2025T07:36:00 - [TEST_STEP][PASSED] - println("z: " + z): null

26-05-2025T07:36:00 - [TEST_STEP][PASSED] - println("dZONum: " + dZONum): null

26-05-2025T07:36:00 - [TEST_STEP][PASSED] - strToManage = dZO: null

26-05-2025T07:36:00 - [TEST_STEP][PASSED] - if (strToManage.indexOf("(ГК)") > -1): null

26-05-2025T07:36:00 - [TEST_STEP][PASSED] - strToManage = replaceAll("\p{P}", "").replaceAll("\s+", ""): null

26-05-2025T07:36:00 - [TEST_STEP][PASSED] - println("strToManage: " + strToManage): null

26-05-2025T07:36:00 - [TEST_STEP][PASSED] - if (replaceAll("\s+", "").indexOf(strToManage) > -1): null

26-05-2025T07:36:00 - [TEST_STEP][PASSED] - dZONames = replaceAll("-", "").replaceAll("//", ""): null

26-05-2025T07:36:00 - [TEST_STEP][PASSED] - println("dZONames: " + dZONames): null

26-05-2025T07:36:00 - [TEST_STEP][PASSED] - dZONumOtk = 1: null

26-05-2025T07:36:00 - [TEST_STEP][PASSED] - ii = dZONames.indexOf(strToManage): null

26-05-2025T07:36:00 - [TEST_STEP][PASSED] - if (strToManage != "ФСК"): null

26-05-2025T07:36:00 - [TEST_STEP][PASSED] - if (ii > -1): null

26-05-2025T07:36:00 - [TEST_STEP][PASSED] - for ([i1 = 1, ii > -1, (i1++)]): null

26-05-2025T07:36:00 - [TEST_STEP][PASSED] - dZONames = dZONames.substring(dZONames.indexOf("/") + 1, dZONames.length()): null

26-05-2025T07:36:00 - [TEST_STEP][PASSED] - ii = dZONames.lastIndexOf("/"): null

26-05-2025T07:36:00 - [TEST_STEP][PASSED] - println("dZONames: " + dZONames): null

26-05-2025T07:36:00 - [TEST_STEP][PASSED] - dZONumOtk = dZONumOtk + 1: null

26-05-2025T07:36:00 - [TEST_STEP][PASSED] - println("dZONumOtk: " + dZONumOtk): null

26-05-2025T07:36:00 - [TEST_STEP][PASSED] - dZONames = dZONames.substring(dZONames.indexOf("/") + 1, dZONames.length()): null

26-05-2025T07:36:00 - [TEST_STEP][PASSED] - ii = dZONames.lastIndexOf("/"): null

26-05-2025T07:36:00 - [TEST_STEP][PASSED] - println("dZONames: " + dZONames): null

26-05-2025T07:36:00 - [TEST_STEP][PASSED] - dZONumOtk = dZONumOtk + 1: null

26-05-2025T07:36:00 - [TEST_STEP][PASSED] - println("dZONumOtk: " + dZONumOtk): null

26-05-2025T07:36:00 - [TEST_STEP][PASSED] - dZONames = dZONames.substring(dZONames.indexOf("/") + 1, dZONames.length()): null

26-05-2025T07:36:00 - [TEST_STEP][PASSED] - ii = dZONames.lastIndexOf("/"): null

26-05-2025T07:36:00 - [TEST_STEP][PASSED] - println("dZONames: " + dZONames): null

26-05-2025T07:36:00 - [TEST_STEP][PASSED] - dZONumOtk = dZONumOtk + 1: null

26-05-2025T07:36:00 - [TEST_STEP][PASSED] - println("dZONumOtk: " + dZONumOtk): null

26-05-2025T07:36:00 - [TEST_STEP][PASSED] - dZONames = dZONames.substring(dZONames.indexOf("/") + 1, dZONames.length()): null

26-05-2025T07:36:00 - [TEST_STEP][PASSED] - ii = dZONames.lastIndexOf("/"): null

26-05-2025T07:36:00 - [TEST_STEP][PASSED] - println("dZONames: " + dZONames): null

26-05-2025T07:36:00 - [TEST_STEP][PASSED] - dZONumOtk = dZONumOtk + 1: null

26-05-2025T07:36:00 - [TEST_STEP][PASSED] - println("dZONumOtk: " + dZONumOtk): null

26-05-2025T07:36:00 - [TEST_STEP][PASSED] - dZONames = dZONames.substring(dZONames.indexOf("/") + 1, dZONames.length()): null

26-05-2025T07:36:00 - [TEST_STEP][PASSED] - ii = dZONames.lastIndexOf("/"): null

26-05-2025T07:36:00 - [TEST_STEP][PASSED] - println("dZONames: " + dZONames): null

26-05-2025T07:36:00 - [TEST_STEP][PASSED] - dZONumOtk = dZONumOtk + 1: null

26-05-2025T07:36:00 - [TEST_STEP][PASSED] - println("dZONumOtk: " + dZONumOtk): null

26-05-2025T07:36:00 - [TEST_STEP][PASSED] - dZONames = dZONames.substring(dZONames.indexOf("/") + 1, dZONames.length()): null

26-05-2025T07:36:00 - [TEST_STEP][PASSED] - ii = dZONames.lastIndexOf("/"): null

26-05-2025T07:36:00 - [TEST_STEP][PASSED] - println("dZONames: " + dZONames): null

26-05-2025T07:36:00 - [TEST_STEP][PASSED] - dZONumOtk = dZONumOtk + 1: null

26-05-2025T07:36:00 - [TEST_STEP][PASSED] - println("dZONumOtk: " + dZONumOtk): null

26-05-2025T07:36:00 - [TEST_STEP][PASSED] - dZONames = dZONames.substring(dZONames.indexOf("/") + 1, dZONames.length()): null

26-05-2025T07:36:00 - [TEST_STEP][PASSED] - ii = dZONames.lastIndexOf("/"): null

26-05-2025T07:36:00 - [TEST_STEP][PASSED] - println("dZONames: " + dZONames): null

26-05-2025T07:36:00 - [TEST_STEP][PASSED] - dZONumOtk = dZONumOtk + 1: null

26-05-2025T07:36:00 - [TEST_STEP][PASSED] - println("dZONumOtk: " + dZONumOtk): null

26-05-2025T07:36:00 - [TEST_STEP][PASSED] - dZONames = dZONames.substring(dZONames.indexOf("/") + 1, dZONames.length()): null

26-05-2025T07:36:00 - [TEST_STEP][PASSED] - ii = dZONames.lastIndexOf("/"): null

26-05-2025T07:36:00 - [TEST_STEP][PASSED] - println("dZONames: " + dZONames): null

26-05-2025T07:36:00 - [TEST_STEP][PASSED] - dZONumOtk = dZONumOtk + 1: null

26-05-2025T07:36:00 - [TEST_STEP][PASSED] - println("dZONumOtk: " + dZONumOtk): null

26-05-2025T07:36:00 - [TEST_STEP][PASSED] - dZONames = dZONames.substring(dZONames.indexOf("/") + 1, dZONames.length()): null

26-05-2025T07:36:00 - [TEST_STEP][PASSED] - ii = dZONames.lastIndexOf("/"): null

26-05-2025T07:36:00 - [TEST_STEP][PASSED] - println("dZONames: " + dZONames): null

26-05-2025T07:36:00 - [TEST_STEP][PASSED] - dZONumOtk = dZONumOtk + 1: null

26-05-2025T07:36:00 - [TEST_STEP][PASSED] - println("dZONumOtk: " + dZONumOtk): null

26-05-2025T07:36:00 - [TEST_STEP][PASSED] - dZONames = dZONames.substring(dZONames.indexOf("/") + 1, dZONames.length()): null

26-05-2025T07:36:00 - [TEST_STEP][PASSED] - ii = dZONames.lastIndexOf("/"): null

26-05-2025T07:36:00 - [TEST_STEP][PASSED] - println("dZONames: " + dZONames): null

26-05-2025T07:36:00 - [TEST_STEP][PASSED] - dZONumOtk = dZONumOtk + 1: null

26-05-2025T07:36:00 - [TEST_STEP][PASSED] - println("dZONumOtk: " + dZONumOtk): null

26-05-2025T07:36:00 - [TEST_STEP][PASSED] - if (z.indexOf("//") > -1): null

26-05-2025T07:36:00 - [TEST_STEP][PASSED] - println("z: " + z): null

26-05-2025T07:36:00 - [TEST_STEP][PASSED] - for ([ii = 1, ii < dZONumOtk, (ii++)]): null

26-05-2025T07:36:00 - [TEST_STEP][PASSED] - i1 = z.indexOf("/") + 1: null

26-05-2025T07:36:00 - [TEST_STEP][PASSED] - z = z.substring(i1, z.length()): null

26-05-2025T07:36:00 - [TEST_STEP][PASSED] - println("ii: " + ii): null

26-05-2025T07:36:00 - [TEST_STEP][PASSED] - println("z: " + z): null

26-05-2025T07:36:00 - [TEST_STEP][PASSED] - i1 = z.indexOf("/") + 1: null

26-05-2025T07:36:00 - [TEST_STEP][PASSED] - z = z.substring(i1, z.length()): null

26-05-2025T07:36:00 - [TEST_STEP][PASSED] - println("ii: " + ii): null

26-05-2025T07:36:00 - [TEST_STEP][PASSED] - println("z: " + z): null

26-05-2025T07:36:00 - [TEST_STEP][PASSED] - i1 = z.indexOf("/") + 1: null

26-05-2025T07:36:00 - [TEST_STEP][PASSED] - z = z.substring(i1, z.length()): null

26-05-2025T07:36:00 - [TEST_STEP][PASSED] - println("ii: " + ii): null

26-05-2025T07:36:00 - [TEST_STEP][PASSED] - println("z: " + z): null

26-05-2025T07:36:00 - [TEST_STEP][PASSED] - i1 = z.indexOf("/") + 1: null

26-05-2025T07:36:00 - [TEST_STEP][PASSED] - z = z.substring(i1, z.length()): null

26-05-2025T07:36:00 - [TEST_STEP][PASSED] - println("ii: " + ii): null

26-05-2025T07:36:00 - [TEST_STEP][PASSED] - println("z: " + z): null

26-05-2025T07:36:00 - [TEST_STEP][PASSED] - i1 = z.indexOf("/") + 1: null

26-05-2025T07:36:00 - [TEST_STEP][PASSED] - z = z.substring(i1, z.length()): null

26-05-2025T07:36:00 - [TEST_STEP][PASSED] - println("ii: " + ii): null

26-05-2025T07:36:00 - [TEST_STEP][PASSED] - println("z: " + z): null

26-05-2025T07:36:00 - [TEST_STEP][PASSED] - i1 = z.indexOf("/") + 1: null

26-05-2025T07:36:00 - [TEST_STEP][PASSED] - z = z.substring(i1, z.length()): null

26-05-2025T07:36:00 - [TEST_STEP][PASSED] - println("ii: " + ii): null

26-05-2025T07:36:00 - [TEST_STEP][PASSED] - println("z: " + z): null

26-05-2025T07:36:00 - [TEST_STEP][PASSED] - i1 = z.indexOf("/") + 1: null

26-05-2025T07:36:00 - [TEST_STEP][PASSED] - z = z.substring(i1, z.length()): null

26-05-2025T07:36:00 - [TEST_STEP][PASSED] - println("ii: " + ii): null

26-05-2025T07:36:00 - [TEST_STEP][PASSED] - println("z: " + z): null

26-05-2025T07:36:00 - [TEST_STEP][PASSED] - i1 = z.indexOf("/") + 1: null

26-05-2025T07:36:00 - [TEST_STEP][PASSED] - z = z.substring(i1, z.length()): null

26-05-2025T07:36:00 - [TEST_STEP][PASSED] - println("ii: " + ii): null

26-05-2025T07:36:00 - [TEST_STEP][PASSED] - println("z: " + z): null

26-05-2025T07:36:00 - [TEST_STEP][PASSED] - i1 = z.indexOf("/") + 1: null

26-05-2025T07:36:00 - [TEST_STEP][PASSED] - z = z.substring(i1, z.length()): null

26-05-2025T07:36:00 - [TEST_STEP][PASSED] - println("ii: " + ii): null

26-05-2025T07:36:00 - [TEST_STEP][PASSED] - println("z: " + z): null

26-05-2025T07:36:00 - [TEST_STEP][PASSED] - i1 = z.indexOf("/") + 1: null

26-05-2025T07:36:00 - [TEST_STEP][PASSED] - z = z.substring(i1, z.length()): null

26-05-2025T07:36:00 - [TEST_STEP][PASSED] - println("ii: " + ii): null

26-05-2025T07:36:00 - [TEST_STEP][PASSED] - println("z: " + z): null

26-05-2025T07:36:00 - [TEST_STEP][PASSED] - z = z.substring(0, z.indexOf("/")): null

26-05-2025T07:36:00 - [TEST_STEP][PASSED] - println("z: " + z): null

26-05-2025T07:36:00 - [TEST_STEP][PASSED] - x = x + "/" + z: null

26-05-2025T07:36:00 - [TEST_STEP][PASSED] - x = x.replaceAll("[\r?
|
]", ""): null

26-05-2025T07:36:00 - [TEST_STEP][PASSED] - println("x =" + x): null

26-05-2025T07:36:00 - [TEST_STEP][PASSED] - return x: null

26-05-2025T07:36:00 - [TEST_STEP][PASSED] - println("tomR: " + tomR): null

26-05-2025T07:36:00 - [TEST_STEP][PASSED] - i = VseDZO.indexOf("Тюмень"): null

26-05-2025T07:36:00 - [TEST_STEP][PASSED] - if (i > -1): null

26-05-2025T07:36:00 - [TEST_STEP][PASSED] - else: null

26-05-2025T07:36:00 - [TEST_STEP][PASSED] - tyumR = tyumR + "нет данных/нет данных/нет данных/нет данных/нет данных/нет данных/нет данных/нет данных/нет данных": null

26-05-2025T07:36:00 - [TEST_STEP][PASSED] - println("tyumR: " + tyumR): null

26-05-2025T07:36:00 - [TEST_STEP][PASSED] - i = VseDZO.indexOf("Урал"): null

26-05-2025T07:36:00 - [TEST_STEP][PASSED] - if (i > -1): null

26-05-2025T07:36:00 - [TEST_STEP][PASSED] - dZONum = dZONum + 1: null

26-05-2025T07:36:00 - [TEST_STEP][PASSED] - urR = GetAllData(path, dZONum, VseDZO, x = "Россети Урал (ГК)/", dZO): null

26-05-2025T07:36:00 - [TEST_STEP][PASSED] - ii = <not implemented yet for class: org.codehaus.groovy.ast.expr.EmptyExpression>: null

26-05-2025T07:36:00 - [TEST_STEP][PASSED] - i1 = <not implemented yet for class: org.codehaus.groovy.ast.expr.EmptyExpression>: null

26-05-2025T07:36:00 - [TEST_STEP][PASSED] - z = <not implemented yet for class: org.codehaus.groovy.ast.expr.EmptyExpression>: null

26-05-2025T07:36:00 - [TEST_STEP][PASSED] - strToManage = <not implemented yet for class: org.codehaus.groovy.ast.expr.EmptyExpression>: null

26-05-2025T07:36:00 - [TEST_STEP][PASSED] - path2 = "Значения со страницы Выполнение бизнес-плана/Table Data/": null

26-05-2025T07:36:00 - [TEST_STEP][PASSED] - println("path: " + path): null

26-05-2025T07:36:00 - [TEST_STEP][PASSED] - dZONumOtk = <not implemented yet for class: org.codehaus.groovy.ast.expr.EmptyExpression>: null

26-05-2025T07:36:00 - [TEST_STEP][PASSED] - println("dZONum: " + dZONum): null

26-05-2025T07:36:00 - [TEST_STEP][PASSED] - dZO = x.substring(x.indexOf("/")): null

26-05-2025T07:36:00 - [TEST_STEP][PASSED] - println("dZO: " + dZO): null

26-05-2025T07:36:00 - [TEST_STEP][PASSED] - z = getText(findTestObject(path + "spanPlan" + dZONum)): Text of object 'Object Repository/Выполнение бизнес-плана/spanPlan6' is: '6.88
|'

26-05-2025T07:36:00 - [MESSAGE][PASSED] - Text of object 'Object Repository/Выполнение бизнес-плана/spanPlan6' is: '6.88
|'

26-05-2025T07:36:00 - [TEST_STEP][PASSED] - println(z): null

26-05-2025T07:36:00 - [TEST_STEP][PASSED] - if (z != ""): null

26-05-2025T07:36:00 - [TEST_STEP][PASSED] - ii = z.indexOf("|"): null

26-05-2025T07:36:00 - [TEST_STEP][PASSED] - if (ii > -1): null

26-05-2025T07:36:00 - [TEST_STEP][PASSED] - z = z.substring(0, z.length() - 1): null

26-05-2025T07:36:00 - [TEST_STEP][PASSED] - println(z): null

26-05-2025T07:36:00 - [TEST_STEP][PASSED] - z = z.replaceAll("\s+", ""): null

26-05-2025T07:36:00 - [TEST_STEP][PASSED] - z = z.replace("[\r?
|
]", "/"): null

26-05-2025T07:36:00 - [TEST_STEP][PASSED] - println(z): null

26-05-2025T07:36:00 - [TEST_STEP][PASSED] - x = x + z: null

26-05-2025T07:36:00 - [TEST_STEP][PASSED] - z = getText(findTestObject(path + "spanFact" + dZONum)): Text of object 'Object Repository/Выполнение бизнес-плана/spanFact6' is: '6.63'

26-05-2025T07:36:01 - [MESSAGE][PASSED] - Text of object 'Object Repository/Выполнение бизнес-плана/spanFact6' is: '6.63'

26-05-2025T07:36:01 - [TEST_STEP][PASSED] - ii = z.indexOf("|"): null

26-05-2025T07:36:01 - [TEST_STEP][PASSED] - if (ii > -1): null

26-05-2025T07:36:01 - [TEST_STEP][PASSED] - x = x + "/" + z: null

26-05-2025T07:36:01 - [TEST_STEP][PASSED] - z = getText(findTestObject(path + path2 + "Факт Отпуск в сеть за отчётный период " + dZONum)).replaceAll("\s+", ""): Text of object 'Object Repository/Выполнение бизнес-плана/Значения со страницы Выполнение бизнес-плана/Table Data/Факт Отпуск в сеть за отчётный период 6' is: '19 698 947'

26-05-2025T07:36:01 - [MESSAGE][PASSED] - Text of object 'Object Repository/Выполнение бизнес-плана/Значения со страницы Выполнение бизнес-плана/Table Data/Факт Отпуск в сеть за отчётный период 6' is: '19 698 947'

26-05-2025T07:36:01 - [TEST_STEP][PASSED] - println("z=" + z): null

26-05-2025T07:36:01 - [TEST_STEP][PASSED] - x = x + "/" + z: null

26-05-2025T07:36:01 - [TEST_STEP][PASSED] - z = getText(findTestObject(path + path2 + "Факт Отпуск из сети за отчётный период " + dZONum)).replaceAll("\s+", ""): Text of object 'Object Repository/Выполнение бизнес-плана/Значения со страницы Выполнение бизнес-плана/Table Data/Факт Отпуск из сети за отчётный период 6' is: '18 393 144'

26-05-2025T07:36:01 - [MESSAGE][PASSED] - Text of object 'Object Repository/Выполнение бизнес-плана/Значения со страницы Выполнение бизнес-плана/Table Data/Факт Отпуск из сети за отчётный период 6' is: '18 393 144'

26-05-2025T07:36:01 - [TEST_STEP][PASSED] - x = x + "/" + z: null

26-05-2025T07:36:01 - [TEST_STEP][PASSED] - z = getText(findTestObject(path + path2 + "Факт Потери за отчётный период " + dZONum)).replaceAll("\s+", ""): Text of object 'Object Repository/Выполнение бизнес-плана/Значения со страницы Выполнение бизнес-плана/Table Data/Факт Потери за отчётный период 6' is: '1 305 803'

26-05-2025T07:36:01 - [MESSAGE][PASSED] - Text of object 'Object Repository/Выполнение бизнес-плана/Значения со страницы Выполнение бизнес-плана/Table Data/Факт Потери за отчётный период 6' is: '1 305 803'

26-05-2025T07:36:01 - [TEST_STEP][PASSED] - x = x + "/" + z: null

26-05-2025T07:36:01 - [TEST_STEP][PASSED] - z = getText(findTestObject(path + path2 + "План Отпуск в сеть за отчётный период " + dZONum)).replaceAll("\s+", ""): Text of object 'Object Repository/Выполнение бизнес-плана/Значения со страницы Выполнение бизнес-плана/Table Data/План Отпуск в сеть за отчётный период 6' is: '20 275 424'

26-05-2025T07:36:02 - [MESSAGE][PASSED] - Text of object 'Object Repository/Выполнение бизнес-плана/Значения со страницы Выполнение бизнес-плана/Table Data/План Отпуск в сеть за отчётный период 6' is: '20 275 424'

26-05-2025T07:36:02 - [TEST_STEP][PASSED] - x = x + "/" + z: null

26-05-2025T07:36:02 - [TEST_STEP][PASSED] - z = getText(findTestObject(path + path2 + "План Отпуск из сети за отчётный период " + dZONum)).replaceAll("\s+", ""): Text of object 'Object Repository/Выполнение бизнес-плана/Значения со страницы Выполнение бизнес-плана/Table Data/План Отпуск из сети за отчётный период 6' is: '18 880 336'

26-05-2025T07:36:02 - [MESSAGE][PASSED] - Text of object 'Object Repository/Выполнение бизнес-плана/Значения со страницы Выполнение бизнес-плана/Table Data/План Отпуск из сети за отчётный период 6' is: '18 880 336'

26-05-2025T07:36:02 - [TEST_STEP][PASSED] - x = x + "/" + z: null

26-05-2025T07:36:02 - [TEST_STEP][PASSED] - z = getText(findTestObject(path + path2 + "План Потери за отчётный период " + dZONum)).replaceAll("\s+", ""): Text of object 'Object Repository/Выполнение бизнес-плана/Значения со страницы Выполнение бизнес-плана/Table Data/План Потери за отчётный период 6' is: '1 395 088'

26-05-2025T07:36:02 - [MESSAGE][PASSED] - Text of object 'Object Repository/Выполнение бизнес-плана/Значения со страницы Выполнение бизнес-плана/Table Data/План Потери за отчётный период 6' is: '1 395 088'

26-05-2025T07:36:02 - [TEST_STEP][PASSED] - x = x + "/" + z: null

26-05-2025T07:36:02 - [TEST_STEP][PASSED] - z = getText(findTestObject(path + "Отклонения за 1 месяц")).replaceAll("[\r?
|
]", "/"): Text of object 'Object Repository/Выполнение бизнес-плана/Отклонения за 1 месяц' is: '0.05
-0.99
-0.40
-1.51
-0.19
-0.38
-0.25
-1.05
-0.60
-1.44
-1.52
Россети ФСК ЕЭС
Россети Волга
Россети Московскийрегион
Россети Северо-Запад
Россети Томск
Россети Тюмень
Россети Урал (ГК)
Россети Центр (ГК)
Россети Центр иПриволжье (ГК)
Россети Юг (ГК)
Россети Янтарь
-2
0
2
4
6
8'

26-05-2025T07:36:03 - [MESSAGE][PASSED] - Text of object 'Object Repository/Выполнение бизнес-плана/Отклонения за 1 месяц' is: '0.05
-0.99
-0.40
-1.51
-0.19
-0.38
-0.25
-1.05
-0.60
-1.44
-1.52
Россети ФСК ЕЭС
Россети Волга
Россети Московскийрегион
Россети Северо-Запад
Россети Томск
Россети Тюмень
Россети Урал (ГК)
Россети Центр (ГК)
Россети Центр иПриволжье (ГК)
Россети Юг (ГК)
Россети Янтарь
-2
0
2
4
6
8'

26-05-2025T07:36:03 - [TEST_STEP][PASSED] - strToManage = z: null

26-05-2025T07:36:03 - [TEST_STEP][PASSED] - ii = strToManage.indexOf("ГК"): null

26-05-2025T07:36:03 - [TEST_STEP][PASSED] - if (ii > -1): null

26-05-2025T07:36:03 - [TEST_STEP][PASSED] - for ([i1 = 1, i1 > -1, (i1--)]): null

26-05-2025T07:36:03 - [TEST_STEP][PASSED] - strToManage = strToManage.substring(0, strToManage.indexOf("ГК") - 1) + strToManage.substring(strToManage.indexOf("ГК") + 3): null

26-05-2025T07:36:03 - [TEST_STEP][PASSED] - println("strToManage count i1: " + strToManage): null

26-05-2025T07:36:03 - [TEST_STEP][PASSED] - i1 = strToManage.count("ГК"): null

26-05-2025T07:36:03 - [TEST_STEP][PASSED] - println("i1: " + i1): null

26-05-2025T07:36:03 - [TEST_STEP][PASSED] - strToManage = strToManage.substring(0, strToManage.indexOf("ГК") - 1) + strToManage.substring(strToManage.indexOf("ГК") + 3): null

26-05-2025T07:36:03 - [TEST_STEP][PASSED] - println("strToManage count i1: " + strToManage): null

26-05-2025T07:36:03 - [TEST_STEP][PASSED] - i1 = strToManage.count("ГК"): null

26-05-2025T07:36:03 - [TEST_STEP][PASSED] - println("i1: " + i1): null

26-05-2025T07:36:03 - [TEST_STEP][PASSED] - strToManage = strToManage.substring(0, strToManage.indexOf("ГК") - 1) + strToManage.substring(strToManage.indexOf("ГК") + 3): null

26-05-2025T07:36:03 - [TEST_STEP][PASSED] - println("strToManage count i1: " + strToManage): null

26-05-2025T07:36:03 - [TEST_STEP][PASSED] - i1 = strToManage.count("ГК"): null

26-05-2025T07:36:03 - [TEST_STEP][PASSED] - println("i1: " + i1): null

26-05-2025T07:36:03 - [TEST_STEP][PASSED] - strToManage = strToManage.substring(0, strToManage.indexOf("ГК") - 1) + strToManage.substring(strToManage.indexOf("ГК") + 3): null

26-05-2025T07:36:03 - [TEST_STEP][PASSED] - println("strToManage count i1: " + strToManage): null

26-05-2025T07:36:03 - [TEST_STEP][PASSED] - i1 = strToManage.count("ГК"): null

26-05-2025T07:36:03 - [TEST_STEP][PASSED] - println("i1: " + i1): null

26-05-2025T07:36:03 - [TEST_STEP][PASSED] - z = strToManage: null

26-05-2025T07:36:03 - [TEST_STEP][PASSED] - println("z: " + z): null

26-05-2025T07:36:03 - [TEST_STEP][PASSED] - lettersStart = z.indexOf("Россети"): null

26-05-2025T07:36:03 - [TEST_STEP][PASSED] - strToManage = z.substring(lettersStart, z.length()): null

26-05-2025T07:36:03 - [TEST_STEP][PASSED] - println("strToManage: " + strToManage): null

26-05-2025T07:36:03 - [TEST_STEP][PASSED] - dZONames = strToManage: null

26-05-2025T07:36:03 - [TEST_STEP][PASSED] - strToManage = strToManage.replaceAll("[а-яА-Я]", ""): null

26-05-2025T07:36:03 - [TEST_STEP][PASSED] - println("strToManage after letters: " + strToManage): null

26-05-2025T07:36:03 - [TEST_STEP][PASSED] - strToManage = replaceAll(" ", "").replaceAll("/-/", ""): null

26-05-2025T07:36:03 - [TEST_STEP][PASSED] - println("strToManage: " + strToManage): null

26-05-2025T07:36:03 - [TEST_STEP][PASSED] - strToManage = strToManage.substring(strToManage.lastIndexOf("//") + 1, strToManage.length()): null

26-05-2025T07:36:03 - [TEST_STEP][PASSED] - println("strToManage: " + strToManage): null

26-05-2025T07:36:03 - [TEST_STEP][PASSED] - ii = z.indexOf(strToManage): null

26-05-2025T07:36:03 - [TEST_STEP][PASSED] - if (ii > -1): null

26-05-2025T07:36:03 - [TEST_STEP][PASSED] - z = z.substring(0, ii) + "/": null

26-05-2025T07:36:03 - [TEST_STEP][PASSED] - println("z: " + z): null

26-05-2025T07:36:03 - [TEST_STEP][PASSED] - println("dZONum: " + dZONum): null

26-05-2025T07:36:03 - [TEST_STEP][PASSED] - strToManage = dZO: null

26-05-2025T07:36:03 - [TEST_STEP][PASSED] - if (strToManage.indexOf("(ГК)") > -1): null

26-05-2025T07:36:03 - [TEST_STEP][PASSED] - strToManage = replaceAll("\p{P}", "").replaceAll("\s+", ""): null

26-05-2025T07:36:03 - [TEST_STEP][PASSED] - println("strToManage: " + strToManage): null

26-05-2025T07:36:03 - [TEST_STEP][PASSED] - if (replaceAll("\s+", "").indexOf(strToManage) > -1): null

26-05-2025T07:36:03 - [TEST_STEP][PASSED] - dZONames = replaceAll("-", "").replaceAll("//", ""): null

26-05-2025T07:36:03 - [TEST_STEP][PASSED] - println("dZONames: " + dZONames): null

26-05-2025T07:36:03 - [TEST_STEP][PASSED] - dZONumOtk = 1: null

26-05-2025T07:36:03 - [TEST_STEP][PASSED] - ii = dZONames.indexOf(strToManage): null

26-05-2025T07:36:03 - [TEST_STEP][PASSED] - if (strToManage != "ФСК"): null

26-05-2025T07:36:03 - [TEST_STEP][PASSED] - if (ii > -1): null

26-05-2025T07:36:03 - [TEST_STEP][PASSED] - for ([i1 = 1, ii > -1, (i1++)]): null

26-05-2025T07:36:03 - [TEST_STEP][PASSED] - dZONames = dZONames.substring(dZONames.indexOf("/") + 1, dZONames.length()): null

26-05-2025T07:36:03 - [TEST_STEP][PASSED] - ii = dZONames.lastIndexOf("/"): null

26-05-2025T07:36:03 - [TEST_STEP][PASSED] - println("dZONames: " + dZONames): null

26-05-2025T07:36:03 - [TEST_STEP][PASSED] - dZONumOtk = dZONumOtk + 1: null

26-05-2025T07:36:03 - [TEST_STEP][PASSED] - println("dZONumOtk: " + dZONumOtk): null

26-05-2025T07:36:03 - [TEST_STEP][PASSED] - dZONames = dZONames.substring(dZONames.indexOf("/") + 1, dZONames.length()): null

26-05-2025T07:36:03 - [TEST_STEP][PASSED] - ii = dZONames.lastIndexOf("/"): null

26-05-2025T07:36:03 - [TEST_STEP][PASSED] - println("dZONames: " + dZONames): null

26-05-2025T07:36:03 - [TEST_STEP][PASSED] - dZONumOtk = dZONumOtk + 1: null

26-05-2025T07:36:03 - [TEST_STEP][PASSED] - println("dZONumOtk: " + dZONumOtk): null

26-05-2025T07:36:03 - [TEST_STEP][PASSED] - dZONames = dZONames.substring(dZONames.indexOf("/") + 1, dZONames.length()): null

26-05-2025T07:36:03 - [TEST_STEP][PASSED] - ii = dZONames.lastIndexOf("/"): null

26-05-2025T07:36:03 - [TEST_STEP][PASSED] - println("dZONames: " + dZONames): null

26-05-2025T07:36:03 - [TEST_STEP][PASSED] - dZONumOtk = dZONumOtk + 1: null

26-05-2025T07:36:03 - [TEST_STEP][PASSED] - println("dZONumOtk: " + dZONumOtk): null

26-05-2025T07:36:03 - [TEST_STEP][PASSED] - dZONames = dZONames.substring(dZONames.indexOf("/") + 1, dZONames.length()): null

26-05-2025T07:36:03 - [TEST_STEP][PASSED] - ii = dZONames.lastIndexOf("/"): null

26-05-2025T07:36:03 - [TEST_STEP][PASSED] - println("dZONames: " + dZONames): null

26-05-2025T07:36:03 - [TEST_STEP][PASSED] - dZONumOtk = dZONumOtk + 1: null

26-05-2025T07:36:03 - [TEST_STEP][PASSED] - println("dZONumOtk: " + dZONumOtk): null

26-05-2025T07:36:03 - [TEST_STEP][PASSED] - dZONames = dZONames.substring(dZONames.indexOf("/") + 1, dZONames.length()): null

26-05-2025T07:36:03 - [TEST_STEP][PASSED] - ii = dZONames.lastIndexOf("/"): null

26-05-2025T07:36:03 - [TEST_STEP][PASSED] - println("dZONames: " + dZONames): null

26-05-2025T07:36:03 - [TEST_STEP][PASSED] - dZONumOtk = dZONumOtk + 1: null

26-05-2025T07:36:03 - [TEST_STEP][PASSED] - println("dZONumOtk: " + dZONumOtk): null

26-05-2025T07:36:03 - [TEST_STEP][PASSED] - dZONames = dZONames.substring(dZONames.indexOf("/") + 1, dZONames.length()): null

26-05-2025T07:36:03 - [TEST_STEP][PASSED] - ii = dZONames.lastIndexOf("/"): null

26-05-2025T07:36:03 - [TEST_STEP][PASSED] - println("dZONames: " + dZONames): null

26-05-2025T07:36:03 - [TEST_STEP][PASSED] - dZONumOtk = dZONumOtk + 1: null

26-05-2025T07:36:03 - [TEST_STEP][PASSED] - println("dZONumOtk: " + dZONumOtk): null

26-05-2025T07:36:03 - [TEST_STEP][PASSED] - dZONames = dZONames.substring(dZONames.indexOf("/") + 1, dZONames.length()): null

26-05-2025T07:36:03 - [TEST_STEP][PASSED] - ii = dZONames.lastIndexOf("/"): null

26-05-2025T07:36:03 - [TEST_STEP][PASSED] - println("dZONames: " + dZONames): null

26-05-2025T07:36:03 - [TEST_STEP][PASSED] - dZONumOtk = dZONumOtk + 1: null

26-05-2025T07:36:03 - [TEST_STEP][PASSED] - println("dZONumOtk: " + dZONumOtk): null

26-05-2025T07:36:03 - [TEST_STEP][PASSED] - dZONames = dZONames.substring(dZONames.indexOf("/") + 1, dZONames.length()): null

26-05-2025T07:36:03 - [TEST_STEP][PASSED] - ii = dZONames.lastIndexOf("/"): null

26-05-2025T07:36:03 - [TEST_STEP][PASSED] - println("dZONames: " + dZONames): null

26-05-2025T07:36:03 - [TEST_STEP][PASSED] - dZONumOtk = dZONumOtk + 1: null

26-05-2025T07:36:03 - [TEST_STEP][PASSED] - println("dZONumOtk: " + dZONumOtk): null

26-05-2025T07:36:03 - [TEST_STEP][PASSED] - dZONames = dZONames.substring(dZONames.indexOf("/") + 1, dZONames.length()): null

26-05-2025T07:36:03 - [TEST_STEP][PASSED] - ii = dZONames.lastIndexOf("/"): null

26-05-2025T07:36:03 - [TEST_STEP][PASSED] - println("dZONames: " + dZONames): null

26-05-2025T07:36:03 - [TEST_STEP][PASSED] - dZONumOtk = dZONumOtk + 1: null

26-05-2025T07:36:03 - [TEST_STEP][PASSED] - println("dZONumOtk: " + dZONumOtk): null

26-05-2025T07:36:03 - [TEST_STEP][PASSED] - dZONames = dZONames.substring(dZONames.indexOf("/") + 1, dZONames.length()): null

26-05-2025T07:36:03 - [TEST_STEP][PASSED] - ii = dZONames.lastIndexOf("/"): null

26-05-2025T07:36:03 - [TEST_STEP][PASSED] - println("dZONames: " + dZONames): null

26-05-2025T07:36:03 - [TEST_STEP][PASSED] - dZONumOtk = dZONumOtk + 1: null

26-05-2025T07:36:03 - [TEST_STEP][PASSED] - println("dZONumOtk: " + dZONumOtk): null

26-05-2025T07:36:03 - [TEST_STEP][PASSED] - if (z.indexOf("//") > -1): null

26-05-2025T07:36:03 - [TEST_STEP][PASSED] - println("z: " + z): null

26-05-2025T07:36:03 - [TEST_STEP][PASSED] - for ([ii = 1, ii < dZONumOtk, (ii++)]): null

26-05-2025T07:36:03 - [TEST_STEP][PASSED] - i1 = z.indexOf("/") + 1: null

26-05-2025T07:36:03 - [TEST_STEP][PASSED] - z = z.substring(i1, z.length()): null

26-05-2025T07:36:03 - [TEST_STEP][PASSED] - println("ii: " + ii): null

26-05-2025T07:36:03 - [TEST_STEP][PASSED] - println("z: " + z): null

26-05-2025T07:36:03 - [TEST_STEP][PASSED] - i1 = z.indexOf("/") + 1: null

26-05-2025T07:36:03 - [TEST_STEP][PASSED] - z = z.substring(i1, z.length()): null

26-05-2025T07:36:03 - [TEST_STEP][PASSED] - println("ii: " + ii): null

26-05-2025T07:36:03 - [TEST_STEP][PASSED] - println("z: " + z): null

26-05-2025T07:36:03 - [TEST_STEP][PASSED] - i1 = z.indexOf("/") + 1: null

26-05-2025T07:36:03 - [TEST_STEP][PASSED] - z = z.substring(i1, z.length()): null

26-05-2025T07:36:03 - [TEST_STEP][PASSED] - println("ii: " + ii): null

26-05-2025T07:36:03 - [TEST_STEP][PASSED] - println("z: " + z): null

26-05-2025T07:36:03 - [TEST_STEP][PASSED] - i1 = z.indexOf("/") + 1: null

26-05-2025T07:36:03 - [TEST_STEP][PASSED] - z = z.substring(i1, z.length()): null

26-05-2025T07:36:03 - [TEST_STEP][PASSED] - println("ii: " + ii): null

26-05-2025T07:36:03 - [TEST_STEP][PASSED] - println("z: " + z): null

26-05-2025T07:36:03 - [TEST_STEP][PASSED] - i1 = z.indexOf("/") + 1: null

26-05-2025T07:36:03 - [TEST_STEP][PASSED] - z = z.substring(i1, z.length()): null

26-05-2025T07:36:03 - [TEST_STEP][PASSED] - println("ii: " + ii): null

26-05-2025T07:36:03 - [TEST_STEP][PASSED] - println("z: " + z): null

26-05-2025T07:36:03 - [TEST_STEP][PASSED] - i1 = z.indexOf("/") + 1: null

26-05-2025T07:36:03 - [TEST_STEP][PASSED] - z = z.substring(i1, z.length()): null

26-05-2025T07:36:03 - [TEST_STEP][PASSED] - println("ii: " + ii): null

26-05-2025T07:36:03 - [TEST_STEP][PASSED] - println("z: " + z): null

26-05-2025T07:36:03 - [TEST_STEP][PASSED] - i1 = z.indexOf("/") + 1: null

26-05-2025T07:36:03 - [TEST_STEP][PASSED] - z = z.substring(i1, z.length()): null

26-05-2025T07:36:03 - [TEST_STEP][PASSED] - println("ii: " + ii): null

26-05-2025T07:36:03 - [TEST_STEP][PASSED] - println("z: " + z): null

26-05-2025T07:36:03 - [TEST_STEP][PASSED] - i1 = z.indexOf("/") + 1: null

26-05-2025T07:36:03 - [TEST_STEP][PASSED] - z = z.substring(i1, z.length()): null

26-05-2025T07:36:03 - [TEST_STEP][PASSED] - println("ii: " + ii): null

26-05-2025T07:36:03 - [TEST_STEP][PASSED] - println("z: " + z): null

26-05-2025T07:36:03 - [TEST_STEP][PASSED] - i1 = z.indexOf("/") + 1: null

26-05-2025T07:36:03 - [TEST_STEP][PASSED] - z = z.substring(i1, z.length()): null

26-05-2025T07:36:03 - [TEST_STEP][PASSED] - println("ii: " + ii): null

26-05-2025T07:36:03 - [TEST_STEP][PASSED] - println("z: " + z): null

26-05-2025T07:36:03 - [TEST_STEP][PASSED] - i1 = z.indexOf("/") + 1: null

26-05-2025T07:36:03 - [TEST_STEP][PASSED] - z = z.substring(i1, z.length()): null

26-05-2025T07:36:03 - [TEST_STEP][PASSED] - println("ii: " + ii): null

26-05-2025T07:36:03 - [TEST_STEP][PASSED] - println("z: " + z): null

26-05-2025T07:36:03 - [TEST_STEP][PASSED] - z = z.substring(0, z.indexOf("/")): null

26-05-2025T07:36:03 - [TEST_STEP][PASSED] - println("z: " + z): null

26-05-2025T07:36:03 - [TEST_STEP][PASSED] - x = x + "/" + z: null

26-05-2025T07:36:03 - [TEST_STEP][PASSED] - x = x.replaceAll("[\r?
|
]", ""): null

26-05-2025T07:36:03 - [TEST_STEP][PASSED] - println("x =" + x): null

26-05-2025T07:36:03 - [TEST_STEP][PASSED] - return x: null

26-05-2025T07:36:03 - [TEST_STEP][PASSED] - println("urR: " + urR): null

26-05-2025T07:36:03 - [TEST_STEP][PASSED] - i = VseDZO.indexOf("Центр"): null

26-05-2025T07:36:03 - [TEST_STEP][PASSED] - if (i > -1): null

26-05-2025T07:36:03 - [TEST_STEP][PASSED] - else: null

26-05-2025T07:36:03 - [TEST_STEP][PASSED] - cenR = cenR + "нет данных/нет данных/нет данных/нет данных/нет данных/нет данных/нет данных/нет данных/нет данных": null

26-05-2025T07:36:03 - [TEST_STEP][PASSED] - println("cenR: " + cenR): null

26-05-2025T07:36:03 - [TEST_STEP][PASSED] - i = VseDZO.indexOf("Приволжье"): null

26-05-2025T07:36:03 - [TEST_STEP][PASSED] - if (i > -1): null

26-05-2025T07:36:03 - [TEST_STEP][PASSED] - else: null

26-05-2025T07:36:03 - [TEST_STEP][PASSED] - cIPR = cIPR + "нет данных/нет данных/нет данных/нет данных/нет данных/нет данных/нет данных/нет данных/нет данных": null

26-05-2025T07:36:03 - [TEST_STEP][PASSED] - println("cIPR: " + cIPR): null

26-05-2025T07:36:03 - [TEST_STEP][PASSED] - i = VseDZO.indexOf("Юг"): null

26-05-2025T07:36:03 - [TEST_STEP][PASSED] - if (i > -1): null

26-05-2025T07:36:03 - [TEST_STEP][PASSED] - dZONum = dZONum + 1: null

26-05-2025T07:36:03 - [TEST_STEP][PASSED] - ugR = GetAllData(path, dZONum, VseDZO, x = "Россети Юг (ГК)/", dZO): null

26-05-2025T07:36:03 - [TEST_STEP][PASSED] - ii = <not implemented yet for class: org.codehaus.groovy.ast.expr.EmptyExpression>: null

26-05-2025T07:36:03 - [TEST_STEP][PASSED] - i1 = <not implemented yet for class: org.codehaus.groovy.ast.expr.EmptyExpression>: null

26-05-2025T07:36:03 - [TEST_STEP][PASSED] - z = <not implemented yet for class: org.codehaus.groovy.ast.expr.EmptyExpression>: null

26-05-2025T07:36:03 - [TEST_STEP][PASSED] - strToManage = <not implemented yet for class: org.codehaus.groovy.ast.expr.EmptyExpression>: null

26-05-2025T07:36:03 - [TEST_STEP][PASSED] - path2 = "Значения со страницы Выполнение бизнес-плана/Table Data/": null

26-05-2025T07:36:03 - [TEST_STEP][PASSED] - println("path: " + path): null

26-05-2025T07:36:03 - [TEST_STEP][PASSED] - dZONumOtk = <not implemented yet for class: org.codehaus.groovy.ast.expr.EmptyExpression>: null

26-05-2025T07:36:03 - [TEST_STEP][PASSED] - println("dZONum: " + dZONum): null

26-05-2025T07:36:03 - [TEST_STEP][PASSED] - dZO = x.substring(x.indexOf("/")): null

26-05-2025T07:36:03 - [TEST_STEP][PASSED] - println("dZO: " + dZO): null

26-05-2025T07:36:03 - [TEST_STEP][PASSED] - z = getText(findTestObject(path + "spanPlan" + dZONum)): Text of object 'Object Repository/Выполнение бизнес-плана/spanPlan7' is: '10.84
|'

26-05-2025T07:36:03 - [MESSAGE][PASSED] - Text of object 'Object Repository/Выполнение бизнес-плана/spanPlan7' is: '10.84
|'

26-05-2025T07:36:03 - [TEST_STEP][PASSED] - println(z): null

26-05-2025T07:36:03 - [TEST_STEP][PASSED] - if (z != ""): null

26-05-2025T07:36:03 - [TEST_STEP][PASSED] - ii = z.indexOf("|"): null

26-05-2025T07:36:03 - [TEST_STEP][PASSED] - if (ii > -1): null

26-05-2025T07:36:03 - [TEST_STEP][PASSED] - z = z.substring(0, z.length() - 1): null

26-05-2025T07:36:03 - [TEST_STEP][PASSED] - println(z): null

26-05-2025T07:36:03 - [TEST_STEP][PASSED] - z = z.replaceAll("\s+", ""): null

26-05-2025T07:36:03 - [TEST_STEP][PASSED] - z = z.replace("[\r?
|
]", "/"): null

26-05-2025T07:36:03 - [TEST_STEP][PASSED] - println(z): null

26-05-2025T07:36:03 - [TEST_STEP][PASSED] - x = x + z: null

26-05-2025T07:36:03 - [TEST_STEP][PASSED] - z = getText(findTestObject(path + "spanFact" + dZONum)): Text of object 'Object Repository/Выполнение бизнес-плана/spanFact7' is: '9.40'

26-05-2025T07:36:03 - [MESSAGE][PASSED] - Text of object 'Object Repository/Выполнение бизнес-плана/spanFact7' is: '9.40'

26-05-2025T07:36:03 - [TEST_STEP][PASSED] - ii = z.indexOf("|"): null

26-05-2025T07:36:03 - [TEST_STEP][PASSED] - if (ii > -1): null

26-05-2025T07:36:03 - [TEST_STEP][PASSED] - x = x + "/" + z: null

26-05-2025T07:36:03 - [TEST_STEP][PASSED] - z = getText(findTestObject(path + path2 + "Факт Отпуск в сеть за отчётный период " + dZONum)).replaceAll("\s+", ""): Text of object 'Object Repository/Выполнение бизнес-плана/Значения со страницы Выполнение бизнес-плана/Table Data/Факт Отпуск в сеть за отчётный период 7' is: '3 467 484'

26-05-2025T07:36:04 - [MESSAGE][PASSED] - Text of object 'Object Repository/Выполнение бизнес-плана/Значения со страницы Выполнение бизнес-плана/Table Data/Факт Отпуск в сеть за отчётный период 7' is: '3 467 484'

26-05-2025T07:36:04 - [TEST_STEP][PASSED] - println("z=" + z): null

26-05-2025T07:36:04 - [TEST_STEP][PASSED] - x = x + "/" + z: null

26-05-2025T07:36:04 - [TEST_STEP][PASSED] - z = getText(findTestObject(path + path2 + "Факт Отпуск из сети за отчётный период " + dZONum)).replaceAll("\s+", ""): Text of object 'Object Repository/Выполнение бизнес-плана/Значения со страницы Выполнение бизнес-плана/Table Data/Факт Отпуск из сети за отчётный период 7' is: '3 141 633'

26-05-2025T07:36:04 - [MESSAGE][PASSED] - Text of object 'Object Repository/Выполнение бизнес-плана/Значения со страницы Выполнение бизнес-плана/Table Data/Факт Отпуск из сети за отчётный период 7' is: '3 141 633'

26-05-2025T07:36:04 - [TEST_STEP][PASSED] - x = x + "/" + z: null

26-05-2025T07:36:04 - [TEST_STEP][PASSED] - z = getText(findTestObject(path + path2 + "Факт Потери за отчётный период " + dZONum)).replaceAll("\s+", ""): Text of object 'Object Repository/Выполнение бизнес-плана/Значения со страницы Выполнение бизнес-плана/Table Data/Факт Потери за отчётный период 7' is: '325 852'

26-05-2025T07:36:04 - [MESSAGE][PASSED] - Text of object 'Object Repository/Выполнение бизнес-плана/Значения со страницы Выполнение бизнес-плана/Table Data/Факт Потери за отчётный период 7' is: '325 852'

26-05-2025T07:36:04 - [TEST_STEP][PASSED] - x = x + "/" + z: null

26-05-2025T07:36:04 - [TEST_STEP][PASSED] - z = getText(findTestObject(path + path2 + "План Отпуск в сеть за отчётный период " + dZONum)).replaceAll("\s+", ""): Text of object 'Object Repository/Выполнение бизнес-плана/Значения со страницы Выполнение бизнес-плана/Table Data/План Отпуск в сеть за отчётный период 7' is: '3 760 351'

26-05-2025T07:36:05 - [MESSAGE][PASSED] - Text of object 'Object Repository/Выполнение бизнес-плана/Значения со страницы Выполнение бизнес-плана/Table Data/План Отпуск в сеть за отчётный период 7' is: '3 760 351'

26-05-2025T07:36:05 - [TEST_STEP][PASSED] - x = x + "/" + z: null

26-05-2025T07:36:05 - [TEST_STEP][PASSED] - z = getText(findTestObject(path + path2 + "План Отпуск из сети за отчётный период " + dZONum)).replaceAll("\s+", ""): Text of object 'Object Repository/Выполнение бизнес-плана/Значения со страницы Выполнение бизнес-плана/Table Data/План Отпуск из сети за отчётный период 7' is: '3 352 866'

26-05-2025T07:36:05 - [MESSAGE][PASSED] - Text of object 'Object Repository/Выполнение бизнес-плана/Значения со страницы Выполнение бизнес-плана/Table Data/План Отпуск из сети за отчётный период 7' is: '3 352 866'

26-05-2025T07:36:05 - [TEST_STEP][PASSED] - x = x + "/" + z: null

26-05-2025T07:36:05 - [TEST_STEP][PASSED] - z = getText(findTestObject(path + path2 + "План Потери за отчётный период " + dZONum)).replaceAll("\s+", ""): Text of object 'Object Repository/Выполнение бизнес-плана/Значения со страницы Выполнение бизнес-плана/Table Data/План Потери за отчётный период 7' is: '407 485'

26-05-2025T07:36:05 - [MESSAGE][PASSED] - Text of object 'Object Repository/Выполнение бизнес-плана/Значения со страницы Выполнение бизнес-плана/Table Data/План Потери за отчётный период 7' is: '407 485'

26-05-2025T07:36:05 - [TEST_STEP][PASSED] - x = x + "/" + z: null

26-05-2025T07:36:05 - [TEST_STEP][PASSED] - z = getText(findTestObject(path + "Отклонения за 1 месяц")).replaceAll("[\r?
|
]", "/"): Text of object 'Object Repository/Выполнение бизнес-плана/Отклонения за 1 месяц' is: '0.05
-0.99
-0.40
-1.51
-0.19
-0.38
-0.25
-1.05
-0.60
-1.44
-1.52
Россети ФСК ЕЭС
Россети Волга
Россети Московскийрегион
Россети Северо-Запад
Россети Томск
Россети Тюмень
Россети Урал (ГК)
Россети Центр (ГК)
Россети Центр иПриволжье (ГК)
Россети Юг (ГК)
Россети Янтарь
-2
0
2
4
6
8'

26-05-2025T07:36:05 - [MESSAGE][PASSED] - Text of object 'Object Repository/Выполнение бизнес-плана/Отклонения за 1 месяц' is: '0.05
-0.99
-0.40
-1.51
-0.19
-0.38
-0.25
-1.05
-0.60
-1.44
-1.52
Россети ФСК ЕЭС
Россети Волга
Россети Московскийрегион
Россети Северо-Запад
Россети Томск
Россети Тюмень
Россети Урал (ГК)
Россети Центр (ГК)
Россети Центр иПриволжье (ГК)
Россети Юг (ГК)
Россети Янтарь
-2
0
2
4
6
8'

26-05-2025T07:36:05 - [TEST_STEP][PASSED] - strToManage = z: null

26-05-2025T07:36:05 - [TEST_STEP][PASSED] - ii = strToManage.indexOf("ГК"): null

26-05-2025T07:36:05 - [TEST_STEP][PASSED] - if (ii > -1): null

26-05-2025T07:36:05 - [TEST_STEP][PASSED] - for ([i1 = 1, i1 > -1, (i1--)]): null

26-05-2025T07:36:05 - [TEST_STEP][PASSED] - strToManage = strToManage.substring(0, strToManage.indexOf("ГК") - 1) + strToManage.substring(strToManage.indexOf("ГК") + 3): null

26-05-2025T07:36:05 - [TEST_STEP][PASSED] - println("strToManage count i1: " + strToManage): null

26-05-2025T07:36:05 - [TEST_STEP][PASSED] - i1 = strToManage.count("ГК"): null

26-05-2025T07:36:05 - [TEST_STEP][PASSED] - println("i1: " + i1): null

26-05-2025T07:36:05 - [TEST_STEP][PASSED] - strToManage = strToManage.substring(0, strToManage.indexOf("ГК") - 1) + strToManage.substring(strToManage.indexOf("ГК") + 3): null

26-05-2025T07:36:05 - [TEST_STEP][PASSED] - println("strToManage count i1: " + strToManage): null

26-05-2025T07:36:05 - [TEST_STEP][PASSED] - i1 = strToManage.count("ГК"): null

26-05-2025T07:36:05 - [TEST_STEP][PASSED] - println("i1: " + i1): null

26-05-2025T07:36:05 - [TEST_STEP][PASSED] - strToManage = strToManage.substring(0, strToManage.indexOf("ГК") - 1) + strToManage.substring(strToManage.indexOf("ГК") + 3): null

26-05-2025T07:36:05 - [TEST_STEP][PASSED] - println("strToManage count i1: " + strToManage): null

26-05-2025T07:36:05 - [TEST_STEP][PASSED] - i1 = strToManage.count("ГК"): null

26-05-2025T07:36:05 - [TEST_STEP][PASSED] - println("i1: " + i1): null

26-05-2025T07:36:05 - [TEST_STEP][PASSED] - strToManage = strToManage.substring(0, strToManage.indexOf("ГК") - 1) + strToManage.substring(strToManage.indexOf("ГК") + 3): null

26-05-2025T07:36:05 - [TEST_STEP][PASSED] - println("strToManage count i1: " + strToManage): null

26-05-2025T07:36:05 - [TEST_STEP][PASSED] - i1 = strToManage.count("ГК"): null

26-05-2025T07:36:05 - [TEST_STEP][PASSED] - println("i1: " + i1): null

26-05-2025T07:36:05 - [TEST_STEP][PASSED] - z = strToManage: null

26-05-2025T07:36:05 - [TEST_STEP][PASSED] - println("z: " + z): null

26-05-2025T07:36:05 - [TEST_STEP][PASSED] - lettersStart = z.indexOf("Россети"): null

26-05-2025T07:36:05 - [TEST_STEP][PASSED] - strToManage = z.substring(lettersStart, z.length()): null

26-05-2025T07:36:05 - [TEST_STEP][PASSED] - println("strToManage: " + strToManage): null

26-05-2025T07:36:05 - [TEST_STEP][PASSED] - dZONames = strToManage: null

26-05-2025T07:36:05 - [TEST_STEP][PASSED] - strToManage = strToManage.replaceAll("[а-яА-Я]", ""): null

26-05-2025T07:36:05 - [TEST_STEP][PASSED] - println("strToManage after letters: " + strToManage): null

26-05-2025T07:36:05 - [TEST_STEP][PASSED] - strToManage = replaceAll(" ", "").replaceAll("/-/", ""): null

26-05-2025T07:36:05 - [TEST_STEP][PASSED] - println("strToManage: " + strToManage): null

26-05-2025T07:36:05 - [TEST_STEP][PASSED] - strToManage = strToManage.substring(strToManage.lastIndexOf("//") + 1, strToManage.length()): null

26-05-2025T07:36:05 - [TEST_STEP][PASSED] - println("strToManage: " + strToManage): null

26-05-2025T07:36:05 - [TEST_STEP][PASSED] - ii = z.indexOf(strToManage): null

26-05-2025T07:36:05 - [TEST_STEP][PASSED] - if (ii > -1): null

26-05-2025T07:36:05 - [TEST_STEP][PASSED] - z = z.substring(0, ii) + "/": null

26-05-2025T07:36:05 - [TEST_STEP][PASSED] - println("z: " + z): null

26-05-2025T07:36:05 - [TEST_STEP][PASSED] - println("dZONum: " + dZONum): null

26-05-2025T07:36:05 - [TEST_STEP][PASSED] - strToManage = dZO: null

26-05-2025T07:36:05 - [TEST_STEP][PASSED] - if (strToManage.indexOf("(ГК)") > -1): null

26-05-2025T07:36:05 - [TEST_STEP][PASSED] - strToManage = replaceAll("\p{P}", "").replaceAll("\s+", ""): null

26-05-2025T07:36:05 - [TEST_STEP][PASSED] - println("strToManage: " + strToManage): null

26-05-2025T07:36:05 - [TEST_STEP][PASSED] - if (replaceAll("\s+", "").indexOf(strToManage) > -1): null

26-05-2025T07:36:05 - [TEST_STEP][PASSED] - dZONames = replaceAll("-", "").replaceAll("//", ""): null

26-05-2025T07:36:05 - [TEST_STEP][PASSED] - println("dZONames: " + dZONames): null

26-05-2025T07:36:05 - [TEST_STEP][PASSED] - dZONumOtk = 1: null

26-05-2025T07:36:05 - [TEST_STEP][PASSED] - ii = dZONames.indexOf(strToManage): null

26-05-2025T07:36:05 - [TEST_STEP][PASSED] - if (strToManage != "ФСК"): null

26-05-2025T07:36:05 - [TEST_STEP][PASSED] - if (ii > -1): null

26-05-2025T07:36:05 - [TEST_STEP][PASSED] - for ([i1 = 1, ii > -1, (i1++)]): null

26-05-2025T07:36:05 - [TEST_STEP][PASSED] - dZONames = dZONames.substring(dZONames.indexOf("/") + 1, dZONames.length()): null

26-05-2025T07:36:05 - [TEST_STEP][PASSED] - ii = dZONames.lastIndexOf("/"): null

26-05-2025T07:36:05 - [TEST_STEP][PASSED] - println("dZONames: " + dZONames): null

26-05-2025T07:36:05 - [TEST_STEP][PASSED] - dZONumOtk = dZONumOtk + 1: null

26-05-2025T07:36:05 - [TEST_STEP][PASSED] - println("dZONumOtk: " + dZONumOtk): null

26-05-2025T07:36:05 - [TEST_STEP][PASSED] - dZONames = dZONames.substring(dZONames.indexOf("/") + 1, dZONames.length()): null

26-05-2025T07:36:05 - [TEST_STEP][PASSED] - ii = dZONames.lastIndexOf("/"): null

26-05-2025T07:36:05 - [TEST_STEP][PASSED] - println("dZONames: " + dZONames): null

26-05-2025T07:36:05 - [TEST_STEP][PASSED] - dZONumOtk = dZONumOtk + 1: null

26-05-2025T07:36:05 - [TEST_STEP][PASSED] - println("dZONumOtk: " + dZONumOtk): null

26-05-2025T07:36:05 - [TEST_STEP][PASSED] - dZONames = dZONames.substring(dZONames.indexOf("/") + 1, dZONames.length()): null

26-05-2025T07:36:05 - [TEST_STEP][PASSED] - ii = dZONames.lastIndexOf("/"): null

26-05-2025T07:36:05 - [TEST_STEP][PASSED] - println("dZONames: " + dZONames): null

26-05-2025T07:36:05 - [TEST_STEP][PASSED] - dZONumOtk = dZONumOtk + 1: null

26-05-2025T07:36:05 - [TEST_STEP][PASSED] - println("dZONumOtk: " + dZONumOtk): null

26-05-2025T07:36:05 - [TEST_STEP][PASSED] - dZONames = dZONames.substring(dZONames.indexOf("/") + 1, dZONames.length()): null

26-05-2025T07:36:05 - [TEST_STEP][PASSED] - ii = dZONames.lastIndexOf("/"): null

26-05-2025T07:36:05 - [TEST_STEP][PASSED] - println("dZONames: " + dZONames): null

26-05-2025T07:36:05 - [TEST_STEP][PASSED] - dZONumOtk = dZONumOtk + 1: null

26-05-2025T07:36:05 - [TEST_STEP][PASSED] - println("dZONumOtk: " + dZONumOtk): null

26-05-2025T07:36:05 - [TEST_STEP][PASSED] - dZONames = dZONames.substring(dZONames.indexOf("/") + 1, dZONames.length()): null

26-05-2025T07:36:05 - [TEST_STEP][PASSED] - ii = dZONames.lastIndexOf("/"): null

26-05-2025T07:36:05 - [TEST_STEP][PASSED] - println("dZONames: " + dZONames): null

26-05-2025T07:36:05 - [TEST_STEP][PASSED] - dZONumOtk = dZONumOtk + 1: null

26-05-2025T07:36:05 - [TEST_STEP][PASSED] - println("dZONumOtk: " + dZONumOtk): null

26-05-2025T07:36:05 - [TEST_STEP][PASSED] - dZONames = dZONames.substring(dZONames.indexOf("/") + 1, dZONames.length()): null

26-05-2025T07:36:05 - [TEST_STEP][PASSED] - ii = dZONames.lastIndexOf("/"): null

26-05-2025T07:36:05 - [TEST_STEP][PASSED] - println("dZONames: " + dZONames): null

26-05-2025T07:36:05 - [TEST_STEP][PASSED] - dZONumOtk = dZONumOtk + 1: null

26-05-2025T07:36:05 - [TEST_STEP][PASSED] - println("dZONumOtk: " + dZONumOtk): null

26-05-2025T07:36:05 - [TEST_STEP][PASSED] - dZONames = dZONames.substring(dZONames.indexOf("/") + 1, dZONames.length()): null

26-05-2025T07:36:05 - [TEST_STEP][PASSED] - ii = dZONames.lastIndexOf("/"): null

26-05-2025T07:36:05 - [TEST_STEP][PASSED] - println("dZONames: " + dZONames): null

26-05-2025T07:36:05 - [TEST_STEP][PASSED] - dZONumOtk = dZONumOtk + 1: null

26-05-2025T07:36:05 - [TEST_STEP][PASSED] - println("dZONumOtk: " + dZONumOtk): null

26-05-2025T07:36:05 - [TEST_STEP][PASSED] - dZONames = dZONames.substring(dZONames.indexOf("/") + 1, dZONames.length()): null

26-05-2025T07:36:05 - [TEST_STEP][PASSED] - ii = dZONames.lastIndexOf("/"): null

26-05-2025T07:36:05 - [TEST_STEP][PASSED] - println("dZONames: " + dZONames): null

26-05-2025T07:36:05 - [TEST_STEP][PASSED] - dZONumOtk = dZONumOtk + 1: null

26-05-2025T07:36:05 - [TEST_STEP][PASSED] - println("dZONumOtk: " + dZONumOtk): null

26-05-2025T07:36:05 - [TEST_STEP][PASSED] - dZONames = dZONames.substring(dZONames.indexOf("/") + 1, dZONames.length()): null

26-05-2025T07:36:05 - [TEST_STEP][PASSED] - ii = dZONames.lastIndexOf("/"): null

26-05-2025T07:36:05 - [TEST_STEP][PASSED] - println("dZONames: " + dZONames): null

26-05-2025T07:36:05 - [TEST_STEP][PASSED] - dZONumOtk = dZONumOtk + 1: null

26-05-2025T07:36:05 - [TEST_STEP][PASSED] - println("dZONumOtk: " + dZONumOtk): null

26-05-2025T07:36:05 - [TEST_STEP][PASSED] - dZONames = dZONames.substring(dZONames.indexOf("/") + 1, dZONames.length()): null

26-05-2025T07:36:05 - [TEST_STEP][PASSED] - ii = dZONames.lastIndexOf("/"): null

26-05-2025T07:36:05 - [TEST_STEP][PASSED] - println("dZONames: " + dZONames): null

26-05-2025T07:36:05 - [TEST_STEP][PASSED] - dZONumOtk = dZONumOtk + 1: null

26-05-2025T07:36:05 - [TEST_STEP][PASSED] - println("dZONumOtk: " + dZONumOtk): null

26-05-2025T07:36:05 - [TEST_STEP][PASSED] - if (z.indexOf("//") > -1): null

26-05-2025T07:36:05 - [TEST_STEP][PASSED] - println("z: " + z): null

26-05-2025T07:36:05 - [TEST_STEP][PASSED] - for ([ii = 1, ii < dZONumOtk, (ii++)]): null

26-05-2025T07:36:05 - [TEST_STEP][PASSED] - i1 = z.indexOf("/") + 1: null

26-05-2025T07:36:05 - [TEST_STEP][PASSED] - z = z.substring(i1, z.length()): null

26-05-2025T07:36:05 - [TEST_STEP][PASSED] - println("ii: " + ii): null

26-05-2025T07:36:05 - [TEST_STEP][PASSED] - println("z: " + z): null

26-05-2025T07:36:05 - [TEST_STEP][PASSED] - i1 = z.indexOf("/") + 1: null

26-05-2025T07:36:05 - [TEST_STEP][PASSED] - z = z.substring(i1, z.length()): null

26-05-2025T07:36:05 - [TEST_STEP][PASSED] - println("ii: " + ii): null

26-05-2025T07:36:05 - [TEST_STEP][PASSED] - println("z: " + z): null

26-05-2025T07:36:05 - [TEST_STEP][PASSED] - i1 = z.indexOf("/") + 1: null

26-05-2025T07:36:05 - [TEST_STEP][PASSED] - z = z.substring(i1, z.length()): null

26-05-2025T07:36:05 - [TEST_STEP][PASSED] - println("ii: " + ii): null

26-05-2025T07:36:05 - [TEST_STEP][PASSED] - println("z: " + z): null

26-05-2025T07:36:05 - [TEST_STEP][PASSED] - i1 = z.indexOf("/") + 1: null

26-05-2025T07:36:05 - [TEST_STEP][PASSED] - z = z.substring(i1, z.length()): null

26-05-2025T07:36:05 - [TEST_STEP][PASSED] - println("ii: " + ii): null

26-05-2025T07:36:05 - [TEST_STEP][PASSED] - println("z: " + z): null

26-05-2025T07:36:05 - [TEST_STEP][PASSED] - i1 = z.indexOf("/") + 1: null

26-05-2025T07:36:05 - [TEST_STEP][PASSED] - z = z.substring(i1, z.length()): null

26-05-2025T07:36:05 - [TEST_STEP][PASSED] - println("ii: " + ii): null

26-05-2025T07:36:05 - [TEST_STEP][PASSED] - println("z: " + z): null

26-05-2025T07:36:05 - [TEST_STEP][PASSED] - i1 = z.indexOf("/") + 1: null

26-05-2025T07:36:05 - [TEST_STEP][PASSED] - z = z.substring(i1, z.length()): null

26-05-2025T07:36:05 - [TEST_STEP][PASSED] - println("ii: " + ii): null

26-05-2025T07:36:05 - [TEST_STEP][PASSED] - println("z: " + z): null

26-05-2025T07:36:05 - [TEST_STEP][PASSED] - i1 = z.indexOf("/") + 1: null

26-05-2025T07:36:05 - [TEST_STEP][PASSED] - z = z.substring(i1, z.length()): null

26-05-2025T07:36:05 - [TEST_STEP][PASSED] - println("ii: " + ii): null

26-05-2025T07:36:05 - [TEST_STEP][PASSED] - println("z: " + z): null

26-05-2025T07:36:05 - [TEST_STEP][PASSED] - i1 = z.indexOf("/") + 1: null

26-05-2025T07:36:05 - [TEST_STEP][PASSED] - z = z.substring(i1, z.length()): null

26-05-2025T07:36:05 - [TEST_STEP][PASSED] - println("ii: " + ii): null

26-05-2025T07:36:05 - [TEST_STEP][PASSED] - println("z: " + z): null

26-05-2025T07:36:05 - [TEST_STEP][PASSED] - i1 = z.indexOf("/") + 1: null

26-05-2025T07:36:05 - [TEST_STEP][PASSED] - z = z.substring(i1, z.length()): null

26-05-2025T07:36:05 - [TEST_STEP][PASSED] - println("ii: " + ii): null

26-05-2025T07:36:05 - [TEST_STEP][PASSED] - println("z: " + z): null

26-05-2025T07:36:05 - [TEST_STEP][PASSED] - i1 = z.indexOf("/") + 1: null

26-05-2025T07:36:05 - [TEST_STEP][PASSED] - z = z.substring(i1, z.length()): null

26-05-2025T07:36:05 - [TEST_STEP][PASSED] - println("ii: " + ii): null

26-05-2025T07:36:05 - [TEST_STEP][PASSED] - println("z: " + z): null

26-05-2025T07:36:05 - [TEST_STEP][PASSED] - z = z.substring(0, z.indexOf("/")): null

26-05-2025T07:36:05 - [TEST_STEP][PASSED] - println("z: " + z): null

26-05-2025T07:36:05 - [TEST_STEP][PASSED] - x = x + "/" + z: null

26-05-2025T07:36:05 - [TEST_STEP][PASSED] - x = x.replaceAll("[\r?
|
]", ""): null

26-05-2025T07:36:05 - [TEST_STEP][PASSED] - println("x =" + x): null

26-05-2025T07:36:05 - [TEST_STEP][PASSED] - return x: null

26-05-2025T07:36:05 - [TEST_STEP][PASSED] - println("ugR: " + ugR): null

26-05-2025T07:36:05 - [TEST_STEP][PASSED] - i = VseDZO.indexOf("Янтарь"): null

26-05-2025T07:36:05 - [TEST_STEP][PASSED] - if (i > -1): null

26-05-2025T07:36:05 - [TEST_STEP][PASSED] - dZONum = dZONum + 1: null

26-05-2025T07:36:05 - [TEST_STEP][PASSED] - yR = GetAllData(path, dZONum, VseDZO, x = "Россети Янтарь/", dZO): null

26-05-2025T07:36:05 - [TEST_STEP][PASSED] - ii = <not implemented yet for class: org.codehaus.groovy.ast.expr.EmptyExpression>: null

26-05-2025T07:36:05 - [TEST_STEP][PASSED] - i1 = <not implemented yet for class: org.codehaus.groovy.ast.expr.EmptyExpression>: null

26-05-2025T07:36:05 - [TEST_STEP][PASSED] - z = <not implemented yet for class: org.codehaus.groovy.ast.expr.EmptyExpression>: null

26-05-2025T07:36:05 - [TEST_STEP][PASSED] - strToManage = <not implemented yet for class: org.codehaus.groovy.ast.expr.EmptyExpression>: null

26-05-2025T07:36:05 - [TEST_STEP][PASSED] - path2 = "Значения со страницы Выполнение бизнес-плана/Table Data/": null

26-05-2025T07:36:05 - [TEST_STEP][PASSED] - println("path: " + path): null

26-05-2025T07:36:05 - [TEST_STEP][PASSED] - dZONumOtk = <not implemented yet for class: org.codehaus.groovy.ast.expr.EmptyExpression>: null

26-05-2025T07:36:05 - [TEST_STEP][PASSED] - println("dZONum: " + dZONum): null

26-05-2025T07:36:05 - [TEST_STEP][PASSED] - dZO = x.substring(x.indexOf("/")): null

26-05-2025T07:36:05 - [TEST_STEP][PASSED] - println("dZO: " + dZO): null

26-05-2025T07:36:05 - [TEST_STEP][PASSED] - z = getText(findTestObject(path + "spanPlan" + dZONum)): Text of object 'Object Repository/Выполнение бизнес-плана/spanPlan8' is: '10.39
|'

26-05-2025T07:36:06 - [MESSAGE][PASSED] - Text of object 'Object Repository/Выполнение бизнес-плана/spanPlan8' is: '10.39
|'

26-05-2025T07:36:06 - [TEST_STEP][PASSED] - println(z): null

26-05-2025T07:36:06 - [TEST_STEP][PASSED] - if (z != ""): null

26-05-2025T07:36:06 - [TEST_STEP][PASSED] - ii = z.indexOf("|"): null

26-05-2025T07:36:06 - [TEST_STEP][PASSED] - if (ii > -1): null

26-05-2025T07:36:06 - [TEST_STEP][PASSED] - z = z.substring(0, z.length() - 1): null

26-05-2025T07:36:06 - [TEST_STEP][PASSED] - println(z): null

26-05-2025T07:36:06 - [TEST_STEP][PASSED] - z = z.replaceAll("\s+", ""): null

26-05-2025T07:36:06 - [TEST_STEP][PASSED] - z = z.replace("[\r?
|
]", "/"): null

26-05-2025T07:36:06 - [TEST_STEP][PASSED] - println(z): null

26-05-2025T07:36:06 - [TEST_STEP][PASSED] - x = x + z: null

26-05-2025T07:36:06 - [TEST_STEP][PASSED] - z = getText(findTestObject(path + "spanFact" + dZONum)): Text of object 'Object Repository/Выполнение бизнес-плана/spanFact8' is: '8.87'

26-05-2025T07:36:06 - [MESSAGE][PASSED] - Text of object 'Object Repository/Выполнение бизнес-плана/spanFact8' is: '8.87'

26-05-2025T07:36:06 - [TEST_STEP][PASSED] - ii = z.indexOf("|"): null

26-05-2025T07:36:06 - [TEST_STEP][PASSED] - if (ii > -1): null

26-05-2025T07:36:06 - [TEST_STEP][PASSED] - x = x + "/" + z: null

26-05-2025T07:36:06 - [TEST_STEP][PASSED] - z = getText(findTestObject(path + path2 + "Факт Отпуск в сеть за отчётный период " + dZONum)).replaceAll("\s+", ""): Text of object 'Object Repository/Выполнение бизнес-плана/Значения со страницы Выполнение бизнес-плана/Table Data/Факт Отпуск в сеть за отчётный период 8' is: '901 140'

26-05-2025T07:36:06 - [MESSAGE][PASSED] - Text of object 'Object Repository/Выполнение бизнес-плана/Значения со страницы Выполнение бизнес-плана/Table Data/Факт Отпуск в сеть за отчётный период 8' is: '901 140'

26-05-2025T07:36:06 - [TEST_STEP][PASSED] - println("z=" + z): null

26-05-2025T07:36:06 - [TEST_STEP][PASSED] - x = x + "/" + z: null

26-05-2025T07:36:06 - [TEST_STEP][PASSED] - z = getText(findTestObject(path + path2 + "Факт Отпуск из сети за отчётный период " + dZONum)).replaceAll("\s+", ""): Text of object 'Object Repository/Выполнение бизнес-плана/Значения со страницы Выполнение бизнес-плана/Table Data/Факт Отпуск из сети за отчётный период 8' is: '821 181'

26-05-2025T07:36:07 - [MESSAGE][PASSED] - Text of object 'Object Repository/Выполнение бизнес-плана/Значения со страницы Выполнение бизнес-плана/Table Data/Факт Отпуск из сети за отчётный период 8' is: '821 181'

26-05-2025T07:36:07 - [TEST_STEP][PASSED] - x = x + "/" + z: null

26-05-2025T07:36:07 - [TEST_STEP][PASSED] - z = getText(findTestObject(path + path2 + "Факт Потери за отчётный период " + dZONum)).replaceAll("\s+", ""): Text of object 'Object Repository/Выполнение бизнес-плана/Значения со страницы Выполнение бизнес-плана/Table Data/Факт Потери за отчётный период 8' is: '79 959'

26-05-2025T07:36:07 - [MESSAGE][PASSED] - Text of object 'Object Repository/Выполнение бизнес-плана/Значения со страницы Выполнение бизнес-плана/Table Data/Факт Потери за отчётный период 8' is: '79 959'

26-05-2025T07:36:07 - [TEST_STEP][PASSED] - x = x + "/" + z: null

26-05-2025T07:36:07 - [TEST_STEP][PASSED] - z = getText(findTestObject(path + path2 + "План Отпуск в сеть за отчётный период " + dZONum)).replaceAll("\s+", ""): Text of object 'Object Repository/Выполнение бизнес-плана/Значения со страницы Выполнение бизнес-плана/Table Data/План Отпуск в сеть за отчётный период 8' is: '908 608'

26-05-2025T07:36:07 - [MESSAGE][PASSED] - Text of object 'Object Repository/Выполнение бизнес-плана/Значения со страницы Выполнение бизнес-плана/Table Data/План Отпуск в сеть за отчётный период 8' is: '908 608'

26-05-2025T07:36:07 - [TEST_STEP][PASSED] - x = x + "/" + z: null

26-05-2025T07:36:07 - [TEST_STEP][PASSED] - z = getText(findTestObject(path + path2 + "План Отпуск из сети за отчётный период " + dZONum)).replaceAll("\s+", ""): Text of object 'Object Repository/Выполнение бизнес-плана/Значения со страницы Выполнение бизнес-плана/Table Data/План Отпуск из сети за отчётный период 8' is: '814 188'

26-05-2025T07:36:08 - [MESSAGE][PASSED] - Text of object 'Object Repository/Выполнение бизнес-плана/Значения со страницы Выполнение бизнес-плана/Table Data/План Отпуск из сети за отчётный период 8' is: '814 188'

26-05-2025T07:36:08 - [TEST_STEP][PASSED] - x = x + "/" + z: null

26-05-2025T07:36:08 - [TEST_STEP][PASSED] - z = getText(findTestObject(path + path2 + "План Потери за отчётный период " + dZONum)).replaceAll("\s+", ""): Text of object 'Object Repository/Выполнение бизнес-плана/Значения со страницы Выполнение бизнес-плана/Table Data/План Потери за отчётный период 8' is: '94 420'

26-05-2025T07:36:08 - [MESSAGE][PASSED] - Text of object 'Object Repository/Выполнение бизнес-плана/Значения со страницы Выполнение бизнес-плана/Table Data/План Потери за отчётный период 8' is: '94 420'

26-05-2025T07:36:08 - [TEST_STEP][PASSED] - x = x + "/" + z: null

26-05-2025T07:36:08 - [TEST_STEP][PASSED] - z = getText(findTestObject(path + "Отклонения за 1 месяц")).replaceAll("[\r?
|
]", "/"): Text of object 'Object Repository/Выполнение бизнес-плана/Отклонения за 1 месяц' is: '0.05
-0.99
-0.40
-1.51
-0.19
-0.38
-0.25
-1.05
-0.60
-1.44
-1.52
Россети ФСК ЕЭС
Россети Волга
Россети Московскийрегион
Россети Северо-Запад
Россети Томск
Россети Тюмень
Россети Урал (ГК)
Россети Центр (ГК)
Россети Центр иПриволжье (ГК)
Россети Юг (ГК)
Россети Янтарь
-2
0
2
4
6
8'

26-05-2025T07:36:08 - [MESSAGE][PASSED] - Text of object 'Object Repository/Выполнение бизнес-плана/Отклонения за 1 месяц' is: '0.05
-0.99
-0.40
-1.51
-0.19
-0.38
-0.25
-1.05
-0.60
-1.44
-1.52
Россети ФСК ЕЭС
Россети Волга
Россети Московскийрегион
Россети Северо-Запад
Россети Томск
Россети Тюмень
Россети Урал (ГК)
Россети Центр (ГК)
Россети Центр иПриволжье (ГК)
Россети Юг (ГК)
Россети Янтарь
-2
0
2
4
6
8'

26-05-2025T07:36:08 - [TEST_STEP][PASSED] - strToManage = z: null

26-05-2025T07:36:08 - [TEST_STEP][PASSED] - ii = strToManage.indexOf("ГК"): null

26-05-2025T07:36:08 - [TEST_STEP][PASSED] - if (ii > -1): null

26-05-2025T07:36:08 - [TEST_STEP][PASSED] - for ([i1 = 1, i1 > -1, (i1--)]): null

26-05-2025T07:36:08 - [TEST_STEP][PASSED] - strToManage = strToManage.substring(0, strToManage.indexOf("ГК") - 1) + strToManage.substring(strToManage.indexOf("ГК") + 3): null

26-05-2025T07:36:08 - [TEST_STEP][PASSED] - println("strToManage count i1: " + strToManage): null

26-05-2025T07:36:08 - [TEST_STEP][PASSED] - i1 = strToManage.count("ГК"): null

26-05-2025T07:36:08 - [TEST_STEP][PASSED] - println("i1: " + i1): null

26-05-2025T07:36:08 - [TEST_STEP][PASSED] - strToManage = strToManage.substring(0, strToManage.indexOf("ГК") - 1) + strToManage.substring(strToManage.indexOf("ГК") + 3): null

26-05-2025T07:36:08 - [TEST_STEP][PASSED] - println("strToManage count i1: " + strToManage): null

26-05-2025T07:36:08 - [TEST_STEP][PASSED] - i1 = strToManage.count("ГК"): null

26-05-2025T07:36:08 - [TEST_STEP][PASSED] - println("i1: " + i1): null

26-05-2025T07:36:08 - [TEST_STEP][PASSED] - strToManage = strToManage.substring(0, strToManage.indexOf("ГК") - 1) + strToManage.substring(strToManage.indexOf("ГК") + 3): null

26-05-2025T07:36:08 - [TEST_STEP][PASSED] - println("strToManage count i1: " + strToManage): null

26-05-2025T07:36:08 - [TEST_STEP][PASSED] - i1 = strToManage.count("ГК"): null

26-05-2025T07:36:08 - [TEST_STEP][PASSED] - println("i1: " + i1): null

26-05-2025T07:36:08 - [TEST_STEP][PASSED] - strToManage = strToManage.substring(0, strToManage.indexOf("ГК") - 1) + strToManage.substring(strToManage.indexOf("ГК") + 3): null

26-05-2025T07:36:08 - [TEST_STEP][PASSED] - println("strToManage count i1: " + strToManage): null

26-05-2025T07:36:08 - [TEST_STEP][PASSED] - i1 = strToManage.count("ГК"): null

26-05-2025T07:36:08 - [TEST_STEP][PASSED] - println("i1: " + i1): null

26-05-2025T07:36:08 - [TEST_STEP][PASSED] - z = strToManage: null

26-05-2025T07:36:08 - [TEST_STEP][PASSED] - println("z: " + z): null

26-05-2025T07:36:08 - [TEST_STEP][PASSED] - lettersStart = z.indexOf("Россети"): null

26-05-2025T07:36:08 - [TEST_STEP][PASSED] - strToManage = z.substring(lettersStart, z.length()): null

26-05-2025T07:36:08 - [TEST_STEP][PASSED] - println("strToManage: " + strToManage): null

26-05-2025T07:36:08 - [TEST_STEP][PASSED] - dZONames = strToManage: null

26-05-2025T07:36:08 - [TEST_STEP][PASSED] - strToManage = strToManage.replaceAll("[а-яА-Я]", ""): null

26-05-2025T07:36:08 - [TEST_STEP][PASSED] - println("strToManage after letters: " + strToManage): null

26-05-2025T07:36:08 - [TEST_STEP][PASSED] - strToManage = replaceAll(" ", "").replaceAll("/-/", ""): null

26-05-2025T07:36:08 - [TEST_STEP][PASSED] - println("strToManage: " + strToManage): null

26-05-2025T07:36:08 - [TEST_STEP][PASSED] - strToManage = strToManage.substring(strToManage.lastIndexOf("//") + 1, strToManage.length()): null

26-05-2025T07:36:08 - [TEST_STEP][PASSED] - println("strToManage: " + strToManage): null

26-05-2025T07:36:08 - [TEST_STEP][PASSED] - ii = z.indexOf(strToManage): null

26-05-2025T07:36:08 - [TEST_STEP][PASSED] - if (ii > -1): null

26-05-2025T07:36:08 - [TEST_STEP][PASSED] - z = z.substring(0, ii) + "/": null

26-05-2025T07:36:08 - [TEST_STEP][PASSED] - println("z: " + z): null

26-05-2025T07:36:08 - [TEST_STEP][PASSED] - println("dZONum: " + dZONum): null

26-05-2025T07:36:08 - [TEST_STEP][PASSED] - strToManage = dZO: null

26-05-2025T07:36:08 - [TEST_STEP][PASSED] - if (strToManage.indexOf("(ГК)") > -1): null

26-05-2025T07:36:08 - [TEST_STEP][PASSED] - strToManage = replaceAll("\p{P}", "").replaceAll("\s+", ""): null

26-05-2025T07:36:08 - [TEST_STEP][PASSED] - println("strToManage: " + strToManage): null

26-05-2025T07:36:08 - [TEST_STEP][PASSED] - if (replaceAll("\s+", "").indexOf(strToManage) > -1): null

26-05-2025T07:36:08 - [TEST_STEP][PASSED] - dZONames = replaceAll("-", "").replaceAll("//", ""): null

26-05-2025T07:36:08 - [TEST_STEP][PASSED] - println("dZONames: " + dZONames): null

26-05-2025T07:36:08 - [TEST_STEP][PASSED] - dZONumOtk = 1: null

26-05-2025T07:36:08 - [TEST_STEP][PASSED] - ii = dZONames.indexOf(strToManage): null

26-05-2025T07:36:08 - [TEST_STEP][PASSED] - if (strToManage != "ФСК"): null

26-05-2025T07:36:08 - [TEST_STEP][PASSED] - if (ii > -1): null

26-05-2025T07:36:08 - [TEST_STEP][PASSED] - for ([i1 = 1, ii > -1, (i1++)]): null

26-05-2025T07:36:08 - [TEST_STEP][PASSED] - dZONames = dZONames.substring(dZONames.indexOf("/") + 1, dZONames.length()): null

26-05-2025T07:36:08 - [TEST_STEP][PASSED] - ii = dZONames.lastIndexOf("/"): null

26-05-2025T07:36:08 - [TEST_STEP][PASSED] - println("dZONames: " + dZONames): null

26-05-2025T07:36:08 - [TEST_STEP][PASSED] - dZONumOtk = dZONumOtk + 1: null

26-05-2025T07:36:08 - [TEST_STEP][PASSED] - println("dZONumOtk: " + dZONumOtk): null

26-05-2025T07:36:08 - [TEST_STEP][PASSED] - dZONames = dZONames.substring(dZONames.indexOf("/") + 1, dZONames.length()): null

26-05-2025T07:36:08 - [TEST_STEP][PASSED] - ii = dZONames.lastIndexOf("/"): null

26-05-2025T07:36:08 - [TEST_STEP][PASSED] - println("dZONames: " + dZONames): null

26-05-2025T07:36:08 - [TEST_STEP][PASSED] - dZONumOtk = dZONumOtk + 1: null

26-05-2025T07:36:08 - [TEST_STEP][PASSED] - println("dZONumOtk: " + dZONumOtk): null

26-05-2025T07:36:08 - [TEST_STEP][PASSED] - dZONames = dZONames.substring(dZONames.indexOf("/") + 1, dZONames.length()): null

26-05-2025T07:36:08 - [TEST_STEP][PASSED] - ii = dZONames.lastIndexOf("/"): null

26-05-2025T07:36:08 - [TEST_STEP][PASSED] - println("dZONames: " + dZONames): null

26-05-2025T07:36:08 - [TEST_STEP][PASSED] - dZONumOtk = dZONumOtk + 1: null

26-05-2025T07:36:08 - [TEST_STEP][PASSED] - println("dZONumOtk: " + dZONumOtk): null

26-05-2025T07:36:08 - [TEST_STEP][PASSED] - dZONames = dZONames.substring(dZONames.indexOf("/") + 1, dZONames.length()): null

26-05-2025T07:36:08 - [TEST_STEP][PASSED] - ii = dZONames.lastIndexOf("/"): null

26-05-2025T07:36:08 - [TEST_STEP][PASSED] - println("dZONames: " + dZONames): null

26-05-2025T07:36:08 - [TEST_STEP][PASSED] - dZONumOtk = dZONumOtk + 1: null

26-05-2025T07:36:08 - [TEST_STEP][PASSED] - println("dZONumOtk: " + dZONumOtk): null

26-05-2025T07:36:08 - [TEST_STEP][PASSED] - dZONames = dZONames.substring(dZONames.indexOf("/") + 1, dZONames.length()): null

26-05-2025T07:36:08 - [TEST_STEP][PASSED] - ii = dZONames.lastIndexOf("/"): null

26-05-2025T07:36:08 - [TEST_STEP][PASSED] - println("dZONames: " + dZONames): null

26-05-2025T07:36:08 - [TEST_STEP][PASSED] - dZONumOtk = dZONumOtk + 1: null

26-05-2025T07:36:08 - [TEST_STEP][PASSED] - println("dZONumOtk: " + dZONumOtk): null

26-05-2025T07:36:08 - [TEST_STEP][PASSED] - dZONames = dZONames.substring(dZONames.indexOf("/") + 1, dZONames.length()): null

26-05-2025T07:36:08 - [TEST_STEP][PASSED] - ii = dZONames.lastIndexOf("/"): null

26-05-2025T07:36:08 - [TEST_STEP][PASSED] - println("dZONames: " + dZONames): null

26-05-2025T07:36:08 - [TEST_STEP][PASSED] - dZONumOtk = dZONumOtk + 1: null

26-05-2025T07:36:08 - [TEST_STEP][PASSED] - println("dZONumOtk: " + dZONumOtk): null

26-05-2025T07:36:08 - [TEST_STEP][PASSED] - dZONames = dZONames.substring(dZONames.indexOf("/") + 1, dZONames.length()): null

26-05-2025T07:36:08 - [TEST_STEP][PASSED] - ii = dZONames.lastIndexOf("/"): null

26-05-2025T07:36:08 - [TEST_STEP][PASSED] - println("dZONames: " + dZONames): null

26-05-2025T07:36:08 - [TEST_STEP][PASSED] - dZONumOtk = dZONumOtk + 1: null

26-05-2025T07:36:08 - [TEST_STEP][PASSED] - println("dZONumOtk: " + dZONumOtk): null

26-05-2025T07:36:08 - [TEST_STEP][PASSED] - dZONames = dZONames.substring(dZONames.indexOf("/") + 1, dZONames.length()): null

26-05-2025T07:36:08 - [TEST_STEP][PASSED] - ii = dZONames.lastIndexOf("/"): null

26-05-2025T07:36:08 - [TEST_STEP][PASSED] - println("dZONames: " + dZONames): null

26-05-2025T07:36:08 - [TEST_STEP][PASSED] - dZONumOtk = dZONumOtk + 1: null

26-05-2025T07:36:08 - [TEST_STEP][PASSED] - println("dZONumOtk: " + dZONumOtk): null

26-05-2025T07:36:08 - [TEST_STEP][PASSED] - dZONames = dZONames.substring(dZONames.indexOf("/") + 1, dZONames.length()): null

26-05-2025T07:36:08 - [TEST_STEP][PASSED] - ii = dZONames.lastIndexOf("/"): null

26-05-2025T07:36:08 - [TEST_STEP][PASSED] - println("dZONames: " + dZONames): null

26-05-2025T07:36:08 - [TEST_STEP][PASSED] - dZONumOtk = dZONumOtk + 1: null

26-05-2025T07:36:08 - [TEST_STEP][PASSED] - println("dZONumOtk: " + dZONumOtk): null

26-05-2025T07:36:08 - [TEST_STEP][PASSED] - dZONames = dZONames.substring(dZONames.indexOf("/") + 1, dZONames.length()): null

26-05-2025T07:36:08 - [TEST_STEP][PASSED] - ii = dZONames.lastIndexOf("/"): null

26-05-2025T07:36:08 - [TEST_STEP][PASSED] - println("dZONames: " + dZONames): null

26-05-2025T07:36:08 - [TEST_STEP][PASSED] - dZONumOtk = dZONumOtk + 1: null

26-05-2025T07:36:08 - [TEST_STEP][PASSED] - println("dZONumOtk: " + dZONumOtk): null

26-05-2025T07:36:08 - [TEST_STEP][PASSED] - if (z.indexOf("//") > -1): null

26-05-2025T07:36:08 - [TEST_STEP][PASSED] - println("z: " + z): null

26-05-2025T07:36:08 - [TEST_STEP][PASSED] - for ([ii = 1, ii < dZONumOtk, (ii++)]): null

26-05-2025T07:36:08 - [TEST_STEP][PASSED] - i1 = z.indexOf("/") + 1: null

26-05-2025T07:36:08 - [TEST_STEP][PASSED] - z = z.substring(i1, z.length()): null

26-05-2025T07:36:08 - [TEST_STEP][PASSED] - println("ii: " + ii): null

26-05-2025T07:36:08 - [TEST_STEP][PASSED] - println("z: " + z): null

26-05-2025T07:36:08 - [TEST_STEP][PASSED] - i1 = z.indexOf("/") + 1: null

26-05-2025T07:36:08 - [TEST_STEP][PASSED] - z = z.substring(i1, z.length()): null

26-05-2025T07:36:08 - [TEST_STEP][PASSED] - println("ii: " + ii): null

26-05-2025T07:36:08 - [TEST_STEP][PASSED] - println("z: " + z): null

26-05-2025T07:36:08 - [TEST_STEP][PASSED] - i1 = z.indexOf("/") + 1: null

26-05-2025T07:36:08 - [TEST_STEP][PASSED] - z = z.substring(i1, z.length()): null

26-05-2025T07:36:08 - [TEST_STEP][PASSED] - println("ii: " + ii): null

26-05-2025T07:36:08 - [TEST_STEP][PASSED] - println("z: " + z): null

26-05-2025T07:36:08 - [TEST_STEP][PASSED] - i1 = z.indexOf("/") + 1: null

26-05-2025T07:36:08 - [TEST_STEP][PASSED] - z = z.substring(i1, z.length()): null

26-05-2025T07:36:08 - [TEST_STEP][PASSED] - println("ii: " + ii): null

26-05-2025T07:36:08 - [TEST_STEP][PASSED] - println("z: " + z): null

26-05-2025T07:36:08 - [TEST_STEP][PASSED] - i1 = z.indexOf("/") + 1: null

26-05-2025T07:36:08 - [TEST_STEP][PASSED] - z = z.substring(i1, z.length()): null

26-05-2025T07:36:08 - [TEST_STEP][PASSED] - println("ii: " + ii): null

26-05-2025T07:36:08 - [TEST_STEP][PASSED] - println("z: " + z): null

26-05-2025T07:36:08 - [TEST_STEP][PASSED] - i1 = z.indexOf("/") + 1: null

26-05-2025T07:36:08 - [TEST_STEP][PASSED] - z = z.substring(i1, z.length()): null

26-05-2025T07:36:08 - [TEST_STEP][PASSED] - println("ii: " + ii): null

26-05-2025T07:36:08 - [TEST_STEP][PASSED] - println("z: " + z): null

26-05-2025T07:36:08 - [TEST_STEP][PASSED] - i1 = z.indexOf("/") + 1: null

26-05-2025T07:36:08 - [TEST_STEP][PASSED] - z = z.substring(i1, z.length()): null

26-05-2025T07:36:08 - [TEST_STEP][PASSED] - println("ii: " + ii): null

26-05-2025T07:36:08 - [TEST_STEP][PASSED] - println("z: " + z): null

26-05-2025T07:36:08 - [TEST_STEP][PASSED] - i1 = z.indexOf("/") + 1: null

26-05-2025T07:36:08 - [TEST_STEP][PASSED] - z = z.substring(i1, z.length()): null

26-05-2025T07:36:08 - [TEST_STEP][PASSED] - println("ii: " + ii): null

26-05-2025T07:36:08 - [TEST_STEP][PASSED] - println("z: " + z): null

26-05-2025T07:36:08 - [TEST_STEP][PASSED] - i1 = z.indexOf("/") + 1: null

26-05-2025T07:36:08 - [TEST_STEP][PASSED] - z = z.substring(i1, z.length()): null

26-05-2025T07:36:08 - [TEST_STEP][PASSED] - println("ii: " + ii): null

26-05-2025T07:36:08 - [TEST_STEP][PASSED] - println("z: " + z): null

26-05-2025T07:36:08 - [TEST_STEP][PASSED] - i1 = z.indexOf("/") + 1: null

26-05-2025T07:36:08 - [TEST_STEP][PASSED] - z = z.substring(i1, z.length()): null

26-05-2025T07:36:08 - [TEST_STEP][PASSED] - println("ii: " + ii): null

26-05-2025T07:36:08 - [TEST_STEP][PASSED] - println("z: " + z): null

26-05-2025T07:36:08 - [TEST_STEP][PASSED] - z = z.substring(0, z.indexOf("/")): null

26-05-2025T07:36:08 - [TEST_STEP][PASSED] - println("z: " + z): null

26-05-2025T07:36:08 - [TEST_STEP][PASSED] - x = x + "/" + z: null

26-05-2025T07:36:08 - [TEST_STEP][PASSED] - x = x.replaceAll("[\r?
|
]", ""): null

26-05-2025T07:36:08 - [TEST_STEP][PASSED] - println("x =" + x): null

26-05-2025T07:36:08 - [TEST_STEP][PASSED] - return x: null

26-05-2025T07:36:08 - [TEST_STEP][PASSED] - println("yR: " + yR): null

26-05-2025T07:36:08 - [TEST_STEP][PASSED] - blockNum = 2: null

26-05-2025T07:36:08 - [TEST_STEP][PASSED] - path = "Object Repository/Выполнение бизнес-плана/Выполнение бизнес-плана Балансы/": null

26-05-2025T07:36:08 - [TEST_STEP][PASSED] - Script1719299571342.Presettings(blockNum, path): null

26-05-2025T07:36:08 - [TEST_STEP][PASSED] - blockNumber = <not implemented yet for class: org.codehaus.groovy.ast.expr.EmptyExpression>: null

26-05-2025T07:36:08 - [TEST_STEP][PASSED] - urlText = <not implemented yet for class: org.codehaus.groovy.ast.expr.EmptyExpression>: null

26-05-2025T07:36:08 - [TEST_STEP][PASSED] - searchWord = <not implemented yet for class: org.codehaus.groovy.ast.expr.EmptyExpression>: null

26-05-2025T07:36:08 - [TEST_STEP][PASSED] - i = <not implemented yet for class: org.codehaus.groovy.ast.expr.EmptyExpression>: null

26-05-2025T07:36:08 - [TEST_STEP][PASSED] - ii = <not implemented yet for class: org.codehaus.groovy.ast.expr.EmptyExpression>: null

26-05-2025T07:36:08 - [TEST_STEP][PASSED] - openBrowser(""): Browser is opened with url: ''

26-05-2025T07:36:08 - [MESSAGE][WARNING] - A browser is already opened. Closing browser and opening a new one

26-05-2025T07:36:08 - [MESSAGE][INFO] - Starting 'Chrome' driver

26-05-2025T07:36:08 - [MESSAGE][INFO] - Action delay is set to 0 milliseconds

26-05-2025T07:36:09 - [MESSAGE][PASSED] - Browser is opened with url: ''

26-05-2025T07:36:09 - [TEST_STEP][PASSED] - if (blockNum == 1): null

26-05-2025T07:36:09 - [TEST_STEP][PASSED] - else: null

26-05-2025T07:36:09 - [TEST_STEP][PASSED] - path = "Object Repository/Выполнение бизнес-плана/Выполнение бизнес-плана Балансы/": null

26-05-2025T07:36:09 - [TEST_STEP][PASSED] - blockNumber = 4: null

26-05-2025T07:36:09 - [TEST_STEP][PASSED] - navigateToUrl(findTestData("PlanFact").getValue(10, blockNumber)): Navigate to 'https://bi.rosseti.digital/viewer?dashboardGuid=5ed11b2f4eb2434fa5c5ff1537a71532&sheetGuid=0d90a67b6f664f58b2e6cf8ff5d9a66c&fit=true' successfully

26-05-2025T07:36:12 - [MESSAGE][PASSED] - Navigate to 'https://bi.rosseti.digital/viewer?dashboardGuid=5ed11b2f4eb2434fa5c5ff1537a71532&sheetGuid=0d90a67b6f664f58b2e6cf8ff5d9a66c&fit=true' successfully

26-05-2025T07:36:12 - [TEST_STEP][PASSED] - urlText = getText(findTestObject("Страница авторизации/Text")): Text of object 'Object Repository/Страница авторизации/Text' is: 'Вход'

26-05-2025T07:36:13 - [MESSAGE][PASSED] - Text of object 'Object Repository/Страница авторизации/Text' is: 'Вход'

26-05-2025T07:36:13 - [TEST_STEP][PASSED] - delay(10): Delayed 10 second(s)

26-05-2025T07:36:23 - [MESSAGE][PASSED] - Delayed 10 second(s)

26-05-2025T07:36:23 - [TEST_STEP][PASSED] - searchWord = "Вход": null

26-05-2025T07:36:23 - [TEST_STEP][PASSED] - if (urlText.contains(searchWord) == false): null

26-05-2025T07:36:23 - [TEST_STEP][PASSED] - setText(findTestObject("Страница авторизации/input__username"), findTestData("PlanFact").getValue(8, 1)): Text 'liazgina-di' is set on object 'Object Repository/Страница авторизации/input__username'

26-05-2025T07:36:23 - [MESSAGE][PASSED] - Text 'liazgina-di' is set on object 'Object Repository/Страница авторизации/input__username'

26-05-2025T07:36:23 - [TEST_STEP][PASSED] - setText(findTestObject("Страница авторизации/input__password"), findTestData("PlanFact").getValue(9, 1)): Text ')$%5srZ8o688Dm#q' is set on object 'Object Repository/Страница авторизации/input__password'

26-05-2025T07:36:24 - [MESSAGE][PASSED] - Text ')$%5srZ8o688Dm#q' is set on object 'Object Repository/Страница авторизации/input__password'

26-05-2025T07:36:24 - [TEST_STEP][PASSED] - click(findTestObject("Страница авторизации/button_")): Object: 'Object Repository/Страница авторизации/button_' is clicked on

26-05-2025T07:36:25 - [MESSAGE][PASSED] - Object: 'Object Repository/Страница авторизации/button_' is clicked on

26-05-2025T07:36:25 - [TEST_STEP][PASSED] - delay(50): Delayed 50 second(s)

26-05-2025T07:37:15 - [MESSAGE][PASSED] - Delayed 50 second(s)

26-05-2025T07:37:15 - [TEST_STEP][PASSED] - searchWord = "ДЗО": null

26-05-2025T07:37:15 - [TEST_STEP][PASSED] - urlText = getText(findTestObject("Страница авторизации/Text")): Text of object 'Object Repository/Страница авторизации/Text' is: 'ДЗО 
ПАО Россети
Период
1 кв. 2025 года

Показатели баланса электроэнергии по ДЗО – Факт
164 602 454 4 949 974 28 695 297 6 258 254 1 364 454 19 698 947 3 467 484 901 140
158 511 723 4 641 851 26 113 910 5 931 711 1 220 439 18 393 144 3 141 633 821 181
6 090 730 308 123 2 581 387 326 542 144 015 1 305 803 325 852 79 959
Итого
п.п.
3.19
0
1
2
3
4
Итого
%
5.01 5.01
8.20 8.20
1
100

Выполнение бизнес-плана в части показателя «Уровень потерь электроэнергии»
Итого – Факт
Отпуск в сеть 136 160 386
Отпуск из сети 124 997 975
Потери 11 162 411
Статус данных
Просьба обратить внимание
— данные занесены не полностью
Показатели баланса электроэнергии по ДЗО – План
167 925 540 5 172 896 30 256 406 6 540 566 1 428 476 20 275 424 3 760 351 908 608
161 793 849 4 799 582 27 414 523 6 100 575 1 275 060 18 878 242 3 352 866 814 188
6 131 691 373 314 2 841 883 439 991 153 416 1 397 182 407 485 94 420
Факт
План
Итого – План
Отпуск в сеть 236 268 268
Отпуск из сети 224 428 885
Потери 11 839 383
● Бизнес-план выполнен● ●● Превышение бизнес-плана
Отклонения фактического уровня потерь от бизнес-плана за 3 месяца (нарастающим итогом), п.п.
-0.0-0.0
-1.0-1.0
-0.4-0.4
-2.5-2.5
-0.3-0.3
-0.2-0.2
-0.3-0.3
-2.6-2.6
-1.9-1.9
-1.4-1.4
-2.4-2.4
0.10.1
-0.7-0.7
-1.5-1.5
-0.2-0.2
-0.4-0.4
-0.5-0.5
-1.8-1.8
-1.5-1.5
-1.5-1.5
0.10.1
-1.0-1.0
-0.4-0.4
-1.5-1.5
-0.2-0.2
-0.3-0.3
-1.4-1.4
-1.5-1.5
-0.2-0.2
-0.3-0.3
-1.0-1.0
-0.6-0.6
Россети ФСКЕЭС
АО«Тываэнерго»
АО«Чеченэнерго»
Россети Волга
РоссетиКубань
РоссетиЛенэнерго (ГК)
РоссетиМосковскийрегион
РоссетиСеверныйКавказ (ГК)
Россети Северо-Запад
Россети Сибирь(ГК)
Россети Томск
Россети Тюмень
Россети Урал(ГК)
Россети Центр
Россети Центр иПриволжье (ГК)
Россети Юг (Г…
РоссетиЯнтарь
-2
0
-4
2
Отклонения фактического уровня потерь от бизнес-плана, п.п. 
0.05
-0.99
-0.40
-1.51
-0.19
-0.25
-1.44
-1.52
Россети ФСК ЕЭС
Россети Волга
Россети Московский регион
Россети Северо-Запад
Россети Томск
Россети Урал (ГК)
Россети Юг (ГК)
Россети Янтарь
-2
-1
0
1
2
3
4
5
6
7
Уровень потерь электроэнергии 
Россети ФСК ЕЭС
Россети Волга
Россети Московский регион
Россети Северо-Запад
Россети Томск
Россети Урал (ГК)
Россети Юг (ГК)
Россети Янтарь
0
10
20
30
40
50
60
70
3.79
7.22
|
9.39
|
6.73
|
10.74
|
6.88
|
10.84
|
10.39
|
3.84
|
6.22
9.00
5.22
10.55
6.63
9.40
8.87
● Отрицательные/нулевые отклонения● ● ● ● Положительные отклонения
п.п.
Отклонения фактического уровня потерь от бизнес-плана за 3 месяца (нарастающим итогом)
Итого по ФСК Е…
Калмэнерго
Карельский филиал
Кубаньэнерго
Ленинградская область
Мордовэнерго
Московская область
Мурманский филиал
Новгородский филиал
Оренбургэнерго
Пензаэнерго
Пермэнерго
Псковский филиал
Россети Янтарь
Ростовэнерго
Самарские РС
Саратовские РС
Свердловэнерго
Тверьэнерго
Томская распределительная компания
Ульяновские РС
Челябэнерго
Чувашэнерго
г. Москва
г. Санкт-Петербург
филиал в Республике Коми
АО «ВМЭС»
АО ЕЭСК
Архангельский филиал
Астраханьэнерго
Волгоградэнерго
Вологодский филиал'

26-05-2025T07:37:17 - [MESSAGE][PASSED] - Text of object 'Object Repository/Страница авторизации/Text' is: 'ДЗО 
ПАО Россети
Период
1 кв. 2025 года

Показатели баланса электроэнергии по ДЗО – Факт
164 602 454 4 949 974 28 695 297 6 258 254 1 364 454 19 698 947 3 467 484 901 140
158 511 723 4 641 851 26 113 910 5 931 711 1 220 439 18 393 144 3 141 633 821 181
6 090 730 308 123 2 581 387 326 542 144 015 1 305 803 325 852 79 959
Итого
п.п.
3.19
0
1
2
3
4
Итого
%
5.01 5.01
8.20 8.20
1
100

Выполнение бизнес-плана в части показателя «Уровень потерь электроэнергии»
Итого – Факт
Отпуск в сеть 136 160 386
Отпуск из сети 124 997 975
Потери 11 162 411
Статус данных
Просьба обратить внимание
— данные занесены не полностью
Показатели баланса электроэнергии по ДЗО – План
167 925 540 5 172 896 30 256 406 6 540 566 1 428 476 20 275 424 3 760 351 908 608
161 793 849 4 799 582 27 414 523 6 100 575 1 275 060 18 878 242 3 352 866 814 188
6 131 691 373 314 2 841 883 439 991 153 416 1 397 182 407 485 94 420
Факт
План
Итого – План
Отпуск в сеть 236 268 268
Отпуск из сети 224 428 885
Потери 11 839 383
● Бизнес-план выполнен● ●● Превышение бизнес-плана
Отклонения фактического уровня потерь от бизнес-плана за 3 месяца (нарастающим итогом), п.п.
-0.0-0.0
-1.0-1.0
-0.4-0.4
-2.5-2.5
-0.3-0.3
-0.2-0.2
-0.3-0.3
-2.6-2.6
-1.9-1.9
-1.4-1.4
-2.4-2.4
0.10.1
-0.7-0.7
-1.5-1.5
-0.2-0.2
-0.4-0.4
-0.5-0.5
-1.8-1.8
-1.5-1.5
-1.5-1.5
0.10.1
-1.0-1.0
-0.4-0.4
-1.5-1.5
-0.2-0.2
-0.3-0.3
-1.4-1.4
-1.5-1.5
-0.2-0.2
-0.3-0.3
-1.0-1.0
-0.6-0.6
Россети ФСКЕЭС
АО«Тываэнерго»
АО«Чеченэнерго»
Россети Волга
РоссетиКубань
РоссетиЛенэнерго (ГК)
РоссетиМосковскийрегион
РоссетиСеверныйКавказ (ГК)
Россети Северо-Запад
Россети Сибирь(ГК)
Россети Томск
Россети Тюмень
Россети Урал(ГК)
Россети Центр
Россети Центр иПриволжье (ГК)
Россети Юг (Г…
РоссетиЯнтарь
-2
0
-4
2
Отклонения фактического уровня потерь от бизнес-плана, п.п. 
0.05
-0.99
-0.40
-1.51
-0.19
-0.25
-1.44
-1.52
Россети ФСК ЕЭС
Россети Волга
Россети Московский регион
Россети Северо-Запад
Россети Томск
Россети Урал (ГК)
Россети Юг (ГК)
Россети Янтарь
-2
-1
0
1
2
3
4
5
6
7
Уровень потерь электроэнергии 
Россети ФСК ЕЭС
Россети Волга
Россети Московский регион
Россети Северо-Запад
Россети Томск
Россети Урал (ГК)
Россети Юг (ГК)
Россети Янтарь
0
10
20
30
40
50
60
70
3.79
7.22
|
9.39
|
6.73
|
10.74
|
6.88
|
10.84
|
10.39
|
3.84
|
6.22
9.00
5.22
10.55
6.63
9.40
8.87
● Отрицательные/нулевые отклонения● ● ● ● Положительные отклонения
п.п.
Отклонения фактического уровня потерь от бизнес-плана за 3 месяца (нарастающим итогом)
Итого по ФСК Е…
Калмэнерго
Карельский филиал
Кубаньэнерго
Ленинградская область
Мордовэнерго
Московская область
Мурманский филиал
Новгородский филиал
Оренбургэнерго
Пензаэнерго
Пермэнерго
Псковский филиал
Россети Янтарь
Ростовэнерго
Самарские РС
Саратовские РС
Свердловэнерго
Тверьэнерго
Томская распределительная компания
Ульяновские РС
Челябэнерго
Чувашэнерго
г. Москва
г. Санкт-Петербург
филиал в Республике Коми
АО «ВМЭС»
АО ЕЭСК
Архангельский филиал
Астраханьэнерго
Волгоградэнерго
Вологодский филиал'

26-05-2025T07:37:17 - [TEST_STEP][PASSED] - if (urlText.contains("ошибка") || urlText.contains(searchWord) == false): null

26-05-2025T07:37:17 - [TEST_STEP][PASSED] - Script1719299571342.ZakrytOpoveshenie(): null

26-05-2025T07:37:17 - [TEST_STEP][PASSED] - opoveshenie = getText(findTestObject("Выполнение бизнес-плана/Просьба обратить внимание")): Text of object 'Object Repository/Выполнение бизнес-плана/Просьба обратить внимание' is: 'Просьба обратить внимание'

26-05-2025T07:37:17 - [MESSAGE][PASSED] - Text of object 'Object Repository/Выполнение бизнес-плана/Просьба обратить внимание' is: 'Просьба обратить внимание'

26-05-2025T07:37:17 - [TEST_STEP][PASSED] - if (opoveshenie == "Просьба обратить внимание"): Object: 'Object Repository/Выполнение бизнес-плана/Закрыть оповещение' is clicked on

26-05-2025T07:37:17 - [TEST_STEP][PASSED] - click(findTestObject("Выполнение бизнес-плана/Закрыть оповещение")): Object: 'Object Repository/Выполнение бизнес-плана/Закрыть оповещение' is clicked on

26-05-2025T07:37:17 - [MESSAGE][PASSED] - Object: 'Object Repository/Выполнение бизнес-плана/Закрыть оповещение' is clicked on

26-05-2025T07:37:17 - [TEST_STEP][PASSED] - click(findTestObject(path + "Фильтр Дата")): Object: 'Object Repository/Выполнение бизнес-плана/Выполнение бизнес-плана Балансы/Фильтр Дата' is clicked on

26-05-2025T07:37:18 - [MESSAGE][PASSED] - Object: 'Object Repository/Выполнение бизнес-плана/Выполнение бизнес-плана Балансы/Фильтр Дата' is clicked on

26-05-2025T07:37:18 - [TEST_STEP][PASSED] - click(findTestObject(path + "Снять выделение в фильтре Дата")): Object: 'Object Repository/Выполнение бизнес-плана/Выполнение бизнес-плана Балансы/Снять выделение в фильтре Дата' is clicked on

26-05-2025T07:37:18 - [MESSAGE][PASSED] - Object: 'Object Repository/Выполнение бизнес-плана/Выполнение бизнес-плана Балансы/Снять выделение в фильтре Дата' is clicked on

26-05-2025T07:37:18 - [TEST_STEP][PASSED] - click(findTestObject(path + "Применить в фильтре Дата")): Object: 'Object Repository/Выполнение бизнес-плана/Выполнение бизнес-плана Балансы/Применить в фильтре Дата' is clicked on

26-05-2025T07:37:19 - [MESSAGE][PASSED] - Object: 'Object Repository/Выполнение бизнес-плана/Выполнение бизнес-плана Балансы/Применить в фильтре Дата' is clicked on

26-05-2025T07:37:19 - [TEST_STEP][PASSED] - delay(50): Delayed 50 second(s)

26-05-2025T07:38:09 - [MESSAGE][PASSED] - Delayed 50 second(s)

26-05-2025T07:38:09 - [TEST_STEP][PASSED] - Script1719299571342.ZakrytOpoveshenie(): null

26-05-2025T07:38:09 - [TEST_STEP][PASSED] - opoveshenie = getText(findTestObject("Выполнение бизнес-плана/Просьба обратить внимание")): Text of object 'Object Repository/Выполнение бизнес-плана/Просьба обратить внимание' is: 'Просьба обратить внимание'

26-05-2025T07:38:10 - [MESSAGE][PASSED] - Text of object 'Object Repository/Выполнение бизнес-плана/Просьба обратить внимание' is: 'Просьба обратить внимание'

26-05-2025T07:38:10 - [TEST_STEP][PASSED] - if (opoveshenie == "Просьба обратить внимание"): Object: 'Object Repository/Выполнение бизнес-плана/Закрыть оповещение' is clicked on

26-05-2025T07:38:10 - [TEST_STEP][PASSED] - click(findTestObject("Выполнение бизнес-плана/Закрыть оповещение")): Object: 'Object Repository/Выполнение бизнес-плана/Закрыть оповещение' is clicked on

26-05-2025T07:38:10 - [MESSAGE][PASSED] - Object: 'Object Repository/Выполнение бизнес-плана/Закрыть оповещение' is clicked on

26-05-2025T07:38:10 - [TEST_STEP][PASSED] - click(findTestObject(path + "Фильтр Дата")): Object: 'Object Repository/Выполнение бизнес-плана/Выполнение бизнес-плана Балансы/Фильтр Дата' is clicked on

26-05-2025T07:38:10 - [MESSAGE][PASSED] - Object: 'Object Repository/Выполнение бизнес-плана/Выполнение бизнес-плана Балансы/Фильтр Дата' is clicked on

26-05-2025T07:38:10 - [TEST_STEP][PASSED] - scrollToElement(findTestObject(path + "2025 список"), 30): Scroll to object 'Object Repository/Выполнение бизнес-плана/Выполнение бизнес-плана Балансы/2025 список' successfully

26-05-2025T07:38:11 - [MESSAGE][PASSED] - Scroll to object 'Object Repository/Выполнение бизнес-плана/Выполнение бизнес-плана Балансы/2025 список' successfully

26-05-2025T07:38:11 - [TEST_STEP][PASSED] - click(findTestObject(path + "2025 список")): Object: 'Object Repository/Выполнение бизнес-плана/Выполнение бизнес-плана Балансы/2025 список' is clicked on

26-05-2025T07:38:11 - [MESSAGE][PASSED] - Object: 'Object Repository/Выполнение бизнес-плана/Выполнение бизнес-плана Балансы/2025 список' is clicked on

26-05-2025T07:38:11 - [TEST_STEP][PASSED] - scrollToElement(findTestObject(path + "1 квартал 2025 список"), 30): Scroll to object 'Object Repository/Выполнение бизнес-плана/Выполнение бизнес-плана Балансы/1 квартал 2025 список' successfully

26-05-2025T07:38:12 - [MESSAGE][PASSED] - Scroll to object 'Object Repository/Выполнение бизнес-плана/Выполнение бизнес-плана Балансы/1 квартал 2025 список' successfully

26-05-2025T07:38:12 - [TEST_STEP][PASSED] - click(findTestObject(path + "1 квартал 2025")): Object: 'Object Repository/Выполнение бизнес-плана/Выполнение бизнес-плана Балансы/1 квартал 2025' is clicked on

26-05-2025T07:38:12 - [MESSAGE][PASSED] - Object: 'Object Repository/Выполнение бизнес-плана/Выполнение бизнес-плана Балансы/1 квартал 2025' is clicked on

26-05-2025T07:38:12 - [TEST_STEP][PASSED] - scrollToElement(findTestObject(path + "Заголовок дашборда"), 30): Scroll to object 'Object Repository/Выполнение бизнес-плана/Выполнение бизнес-плана Балансы/Заголовок дашборда' successfully

26-05-2025T07:38:12 - [MESSAGE][PASSED] - Scroll to object 'Object Repository/Выполнение бизнес-плана/Выполнение бизнес-плана Балансы/Заголовок дашборда' successfully

26-05-2025T07:38:12 - [TEST_STEP][PASSED] - click(findTestObject(path + "Применить в фильтре Дата")): Object: 'Object Repository/Выполнение бизнес-плана/Выполнение бизнес-плана Балансы/Применить в фильтре Дата' is clicked on

26-05-2025T07:38:13 - [MESSAGE][PASSED] - Object: 'Object Repository/Выполнение бизнес-плана/Выполнение бизнес-плана Балансы/Применить в фильтре Дата' is clicked on

26-05-2025T07:38:13 - [TEST_STEP][PASSED] - delay(30): Delayed 30 second(s)

26-05-2025T07:38:43 - [MESSAGE][PASSED] - Delayed 30 second(s)

26-05-2025T07:38:43 - [TEST_STEP][PASSED] - Script1719299571342.ZakrytOpoveshenie(): null

26-05-2025T07:38:43 - [TEST_STEP][PASSED] - opoveshenie = getText(findTestObject("Выполнение бизнес-плана/Просьба обратить внимание")): Text of object 'Object Repository/Выполнение бизнес-плана/Просьба обратить внимание' is: 'Просьба обратить внимание'

26-05-2025T07:38:44 - [MESSAGE][PASSED] - Text of object 'Object Repository/Выполнение бизнес-плана/Просьба обратить внимание' is: 'Просьба обратить внимание'

26-05-2025T07:38:44 - [TEST_STEP][PASSED] - if (opoveshenie == "Просьба обратить внимание"): Object: 'Object Repository/Выполнение бизнес-плана/Закрыть оповещение' is clicked on

26-05-2025T07:38:44 - [TEST_STEP][PASSED] - click(findTestObject("Выполнение бизнес-плана/Закрыть оповещение")): Object: 'Object Repository/Выполнение бизнес-плана/Закрыть оповещение' is clicked on

26-05-2025T07:38:44 - [MESSAGE][PASSED] - Object: 'Object Repository/Выполнение бизнес-плана/Закрыть оповещение' is clicked on

26-05-2025T07:38:44 - [TEST_STEP][PASSED] - click(findTestObject(path + "Фильтр ДЗО")): Object: 'Object Repository/Выполнение бизнес-плана/Выполнение бизнес-плана Балансы/Фильтр ДЗО' is clicked on

26-05-2025T07:38:44 - [MESSAGE][PASSED] - Object: 'Object Repository/Выполнение бизнес-плана/Выполнение бизнес-плана Балансы/Фильтр ДЗО' is clicked on

26-05-2025T07:38:44 - [TEST_STEP][PASSED] - click(findTestObject(path + "Снять выделение в фильтре ДЗО")): Object: 'Object Repository/Выполнение бизнес-плана/Выполнение бизнес-плана Балансы/Снять выделение в фильтре ДЗО' is clicked on

26-05-2025T07:38:45 - [MESSAGE][PASSED] - Object: 'Object Repository/Выполнение бизнес-плана/Выполнение бизнес-плана Балансы/Снять выделение в фильтре ДЗО' is clicked on

26-05-2025T07:38:45 - [TEST_STEP][PASSED] - click(findTestObject(path + "ПАО Россети")): Object: 'Object Repository/Выполнение бизнес-плана/Выполнение бизнес-плана Балансы/ПАО Россети' is clicked on

26-05-2025T07:38:45 - [MESSAGE][PASSED] - Object: 'Object Repository/Выполнение бизнес-плана/Выполнение бизнес-плана Балансы/ПАО Россети' is clicked on

26-05-2025T07:38:45 - [TEST_STEP][PASSED] - click(findTestObject(path + "Применить в фильтре ДЗО")): Object: 'Object Repository/Выполнение бизнес-плана/Выполнение бизнес-плана Балансы/Применить в фильтре ДЗО' is clicked on

26-05-2025T07:38:46 - [MESSAGE][PASSED] - Object: 'Object Repository/Выполнение бизнес-плана/Выполнение бизнес-плана Балансы/Применить в фильтре ДЗО' is clicked on

26-05-2025T07:38:46 - [TEST_STEP][PASSED] - delay(30): Delayed 30 second(s)

26-05-2025T07:39:16 - [MESSAGE][PASSED] - Delayed 30 second(s)

26-05-2025T07:39:16 - [TEST_STEP][PASSED] - pRB = GetAllPAOData(path, dZONum, VseDZO, z = "ПАО Россети/"): null

26-05-2025T07:39:16 - [TEST_STEP][PASSED] - path2 = "Значения со страницы Выполнение бизнес-плана/Table Data/": null

26-05-2025T07:39:16 - [TEST_STEP][PASSED] - ii = <not implemented yet for class: org.codehaus.groovy.ast.expr.EmptyExpression>: null

26-05-2025T07:39:16 - [TEST_STEP][PASSED] - i1 = <not implemented yet for class: org.codehaus.groovy.ast.expr.EmptyExpression>: null

26-05-2025T07:39:16 - [TEST_STEP][PASSED] - z = <not implemented yet for class: org.codehaus.groovy.ast.expr.EmptyExpression>: null

26-05-2025T07:39:16 - [TEST_STEP][PASSED] - z1 = <not implemented yet for class: org.codehaus.groovy.ast.expr.EmptyExpression>: null

26-05-2025T07:39:16 - [TEST_STEP][PASSED] - println("path: " + path): null

26-05-2025T07:39:16 - [TEST_STEP][PASSED] - z = getText(findTestObject(path + "Итого")).replaceAll("[\r?
|
]", "/"): Text of object 'Object Repository/Выполнение бизнес-плана/Выполнение бизнес-плана Балансы/Итого' is: 'Итого
%
5.01 5.01
8.20 8.20
1
100'

26-05-2025T07:39:17 - [MESSAGE][PASSED] - Text of object 'Object Repository/Выполнение бизнес-плана/Выполнение бизнес-плана Балансы/Итого' is: 'Итого
%
5.01 5.01
8.20 8.20
1
100'

26-05-2025T07:39:17 - [TEST_STEP][PASSED] - ii = z.indexOf("%") + 2: null

26-05-2025T07:39:17 - [TEST_STEP][PASSED] - if (ii > -1): null

26-05-2025T07:39:17 - [TEST_STEP][PASSED] - z = z.substring(ii, z.length()): null

26-05-2025T07:39:17 - [TEST_STEP][PASSED] - println(z): null

26-05-2025T07:39:17 - [TEST_STEP][PASSED] - ii = z.indexOf("/1/100") - 1: null

26-05-2025T07:39:17 - [TEST_STEP][PASSED] - if (ii > -1): null

26-05-2025T07:39:17 - [TEST_STEP][PASSED] - z = z.substring(0, ii): null

26-05-2025T07:39:17 - [TEST_STEP][PASSED] - println(z): null

26-05-2025T07:39:17 - [TEST_STEP][PASSED] - ii = z.indexOf("План"): null

26-05-2025T07:39:17 - [TEST_STEP][PASSED] - if (ii > -1): null

26-05-2025T07:39:17 - [TEST_STEP][PASSED] - ii = z.indexOf("/") + 1: null

26-05-2025T07:39:17 - [TEST_STEP][PASSED] - z1 = z.substring(0, ii): null

26-05-2025T07:39:17 - [TEST_STEP][PASSED] - println(z1): null

26-05-2025T07:39:17 - [TEST_STEP][PASSED] - z = z.substring(ii, z.length()): null

26-05-2025T07:39:17 - [TEST_STEP][PASSED] - println(z): null

26-05-2025T07:39:17 - [TEST_STEP][PASSED] - ii = z1.length() / 2: null

26-05-2025T07:39:17 - [TEST_STEP][PASSED] - z1 = replaceAll("[\r?
|
]", "/").trim(): null

26-05-2025T07:39:17 - [TEST_STEP][PASSED] - println(z1): null

26-05-2025T07:39:17 - [TEST_STEP][PASSED] - ii = z.length() / 2: null

26-05-2025T07:39:17 - [TEST_STEP][PASSED] - z = replace("/", "").trim(): null

26-05-2025T07:39:17 - [TEST_STEP][PASSED] - println(z): null

26-05-2025T07:39:17 - [TEST_STEP][PASSED] - x = x + z1 + "/" + z: null

26-05-2025T07:39:17 - [TEST_STEP][PASSED] - println(x): null

26-05-2025T07:39:17 - [TEST_STEP][FAILED] - if (verifyElementPresent(findTestObject(path + "Таблица Итого-Факт"), 30)): Unable to verify object is present (Root cause: com.kms.katalon.core.exception.StepFailedException: Unable to verify object is present
	at com.kms.katalon.core.webui.keyword.internal.WebUIKeywordMain.stepFailed(WebUIKeywordMain.groovy:64)
	at com.kms.katalon.core.webui.keyword.internal.WebUIKeywordMain.runKeyword(WebUIKeywordMain.groovy:26)
	at com.kms.katalon.core.webui.keyword.builtin.VerifyElementPresentKeyword.verifyElementPresent(VerifyElementPresentKeyword.groovy:92)
	at com.kms.katalon.core.webui.keyword.builtin.VerifyElementPresentKeyword.execute(VerifyElementPresentKeyword.groovy:68)
	at com.kms.katalon.core.keyword.internal.KeywordExecutor.executeKeywordForPlatform(KeywordExecutor.groovy:74)
	at com.kms.katalon.core.webui.keyword.WebUiBuiltInKeywords.verifyElementPresent(WebUiBuiltInKeywords.groovy:1503)
	at Выполнение бизнес-плана сверка дашбордов.GetAllPAOData(Выполнение бизнес-плана сверка дашбордов:862)
	at Выполнение бизнес-плана сверка дашбордов.run(Выполнение бизнес-плана сверка дашбордов:362)
	at com.kms.katalon.core.main.ScriptEngine.run(ScriptEngine.java:194)
	at com.kms.katalon.core.main.ScriptEngine.runScriptAsRawText(ScriptEngine.java:119)
	at com.kms.katalon.core.main.TestCaseExecutor.runScript(TestCaseExecutor.java:448)
	at com.kms.katalon.core.main.TestCaseExecutor.doExecute(TestCaseExecutor.java:439)
	at com.kms.katalon.core.main.TestCaseExecutor.processExecutionPhase(TestCaseExecutor.java:418)
	at com.kms.katalon.core.main.TestCaseExecutor.accessMainPhase(TestCaseExecutor.java:410)
	at com.kms.katalon.core.main.TestCaseExecutor.execute(TestCaseExecutor.java:285)
	at com.kms.katalon.core.common.CommonExecutor.accessTestCaseMainPhase(CommonExecutor.java:65)
	at com.kms.katalon.core.main.TestSuiteExecutor.accessTestSuiteMainPhase(TestSuiteExecutor.java:150)
	at com.kms.katalon.core.main.TestSuiteExecutor.execute(TestSuiteExecutor.java:106)
	at com.kms.katalon.core.main.TestCaseMain.startTestSuite(TestCaseMain.java:180)
	at TempTestSuite1748228991768.run(TempTestSuite1748228991768.groovy:35)
	at java.base/jdk.internal.reflect.NativeMethodAccessorImpl.invoke0(Native Method)
	at java.base/jdk.internal.reflect.NativeMethodAccessorImpl.invoke(NativeMethodAccessorImpl.java:77)
	at java.base/jdk.internal.reflect.DelegatingMethodAccessorImpl.invoke(DelegatingMethodAccessorImpl.java:43)
Caused by: java.lang.IllegalArgumentException: Object is null
	at com.kms.katalon.core.helper.KeywordHelper.checkTestObjectParameter(KeywordHelper.java:33)
	at com.kms.katalon.core.webui.keyword.builtin.VerifyElementPresentKeyword$_verifyElementPresent_closure1.doCall(VerifyElementPresentKeyword.groovy:76)
	at com.kms.katalon.core.webui.keyword.builtin.VerifyElementPresentKeyword$_verifyElementPresent_closure1.call(VerifyElementPresentKeyword.groovy)
	at com.kms.katalon.core.webui.keyword.internal.WebUIKeywordMain.runKeyword(WebUIKeywordMain.groovy:20)
	at com.kms.katalon.core.webui.keyword.builtin.VerifyElementPresentKeyword.verifyElementPresent(VerifyElementPresentKeyword.groovy:92)
	at com.kms.katalon.core.webui.keyword.builtin.VerifyElementPresentKeyword.execute(VerifyElementPresentKeyword.groovy:68)
	at com.kms.katalon.core.keyword.internal.KeywordExecutor.executeKeywordForPlatform(KeywordExecutor.groovy:74)
	at com.kms.katalon.core.webui.keyword.WebUiBuiltInKeywords.verifyElementPresent(WebUiBuiltInKeywords.groovy:1503)
	at Script1719299571342.GetAllPAOData(Script1719299571342.groovy:862)
	at Script1719299571342.run(Script1719299571342.groovy:362)
	... 15 more
)

26-05-2025T07:39:17 - [MESSAGE][WARNING] - Test object with id 'Object Repository/Выполнение бизнес-плана/Выполнение бизнес-плана Балансы/Таблица Итого-Факт' does not exist

26-05-2025T07:39:17 - [MESSAGE][WARNING] - Test object with id 'Object Repository/' does not exist

26-05-2025T07:39:17 - [MESSAGE][FAILED] - Unable to verify object is present (Root cause: com.kms.katalon.core.exception.StepFailedException: Unable to verify object is present
	at com.kms.katalon.core.webui.keyword.internal.WebUIKeywordMain.stepFailed(WebUIKeywordMain.groovy:64)
	at com.kms.katalon.core.webui.keyword.internal.WebUIKeywordMain.runKeyword(WebUIKeywordMain.groovy:26)
	at com.kms.katalon.core.webui.keyword.builtin.VerifyElementPresentKeyword.verifyElementPresent(VerifyElementPresentKeyword.groovy:92)
	at com.kms.katalon.core.webui.keyword.builtin.VerifyElementPresentKeyword.execute(VerifyElementPresentKeyword.groovy:68)
	at com.kms.katalon.core.keyword.internal.KeywordExecutor.executeKeywordForPlatform(KeywordExecutor.groovy:74)
	at com.kms.katalon.core.webui.keyword.WebUiBuiltInKeywords.verifyElementPresent(WebUiBuiltInKeywords.groovy:1503)
	at Выполнение бизнес-плана сверка дашбордов.GetAllPAOData(Выполнение бизнес-плана сверка дашбордов:862)
	at Выполнение бизнес-плана сверка дашбордов.run(Выполнение бизнес-плана сверка дашбордов:362)
	at com.kms.katalon.core.main.ScriptEngine.run(ScriptEngine.java:194)
	at com.kms.katalon.core.main.ScriptEngine.runScriptAsRawText(ScriptEngine.java:119)
	at com.kms.katalon.core.main.TestCaseExecutor.runScript(TestCaseExecutor.java:448)
	at com.kms.katalon.core.main.TestCaseExecutor.doExecute(TestCaseExecutor.java:439)
	at com.kms.katalon.core.main.TestCaseExecutor.processExecutionPhase(TestCaseExecutor.java:418)
	at com.kms.katalon.core.main.TestCaseExecutor.accessMainPhase(TestCaseExecutor.java:410)
	at com.kms.katalon.core.main.TestCaseExecutor.execute(TestCaseExecutor.java:285)
	at com.kms.katalon.core.common.CommonExecutor.accessTestCaseMainPhase(CommonExecutor.java:65)
	at com.kms.katalon.core.main.TestSuiteExecutor.accessTestSuiteMainPhase(TestSuiteExecutor.java:150)
	at com.kms.katalon.core.main.TestSuiteExecutor.execute(TestSuiteExecutor.java:106)
	at com.kms.katalon.core.main.TestCaseMain.startTestSuite(TestCaseMain.java:180)
	at TempTestSuite1748228991768.run(TempTestSuite1748228991768.groovy:35)
	at java.base/jdk.internal.reflect.NativeMethodAccessorImpl.invoke0(Native Method)
	at java.base/jdk.internal.reflect.NativeMethodAccessorImpl.invoke(NativeMethodAccessorImpl.java:77)
	at java.base/jdk.internal.reflect.DelegatingMethodAccessorImpl.invoke(DelegatingMethodAccessorImpl.java:43)
Caused by: java.lang.IllegalArgumentException: Object is null
	at com.kms.katalon.core.helper.KeywordHelper.checkTestObjectParameter(KeywordHelper.java:33)
	at com.kms.katalon.core.webui.keyword.builtin.VerifyElementPresentKeyword$_verifyElementPresent_closure1.doCall(VerifyElementPresentKeyword.groovy:76)
	at com.kms.katalon.core.webui.keyword.builtin.VerifyElementPresentKeyword$_verifyElementPresent_closure1.call(VerifyElementPresentKeyword.groovy)
	at com.kms.katalon.core.webui.keyword.internal.WebUIKeywordMain.runKeyword(WebUIKeywordMain.groovy:20)
	at com.kms.katalon.core.webui.keyword.builtin.VerifyElementPresentKeyword.verifyElementPresent(VerifyElementPresentKeyword.groovy:92)
	at com.kms.katalon.core.webui.keyword.builtin.VerifyElementPresentKeyword.execute(VerifyElementPresentKeyword.groovy:68)
	at com.kms.katalon.core.keyword.internal.KeywordExecutor.executeKeywordForPlatform(KeywordExecutor.groovy:74)
	at com.kms.katalon.core.webui.keyword.WebUiBuiltInKeywords.verifyElementPresent(WebUiBuiltInKeywords.groovy:1503)
	at Script1719299571342.GetAllPAOData(Script1719299571342.groovy:862)
	at Script1719299571342.run(Script1719299571342.groovy:362)
	... 15 more
)
[[ATTACHMENT|C:\\Users\\LIAZGINA-DI\\git\\SPORU\\Reports\\20250526_060951\\\u041F\u043D-\u0421\u0440-\u041F\u0442\\\u0421\u0432\u0435\u0440\u043A\u0430 \u0434\u0430\u0448\u0431\u043E\u0440\u0434\u043E\u0432 \u0438\u0437 \u0440\u0430\u0437\u043D\u044B\u0445 \u0431\u043B\u043E\u043A\u043E\u0432\\20250526_060951\\1748234357304.png]]

26-05-2025T07:39:17 - [TEST_STEP][PASSED] - else: null

26-05-2025T07:39:17 - [TEST_STEP][PASSED] - z = getText(findTestObject(path + "Факт Отпуск в сеть за отчётный период ПАО Россети")).replaceAll("\s+", ""): Text of object 'Object Repository/Выполнение бизнес-плана/Выполнение бизнес-плана Балансы/Факт Отпуск в сеть за отчётный период ПАО Россети' is: '136 160 386'

26-05-2025T07:39:17 - [MESSAGE][PASSED] - Text of object 'Object Repository/Выполнение бизнес-плана/Выполнение бизнес-плана Балансы/Факт Отпуск в сеть за отчётный период ПАО Россети' is: '136 160 386'

26-05-2025T07:39:17 - [TEST_STEP][PASSED] - x = x + "/" + z: null

26-05-2025T07:39:17 - [TEST_STEP][PASSED] - z = getText(findTestObject(path + "Факт Отпуск из сети за отчётный период ПАО Россети")).replaceAll("\s+", ""): Text of object 'Object Repository/Выполнение бизнес-плана/Выполнение бизнес-плана Балансы/Факт Отпуск из сети за отчётный период ПАО Россети' is: '124 997 975'

26-05-2025T07:39:18 - [MESSAGE][PASSED] - Text of object 'Object Repository/Выполнение бизнес-плана/Выполнение бизнес-плана Балансы/Факт Отпуск из сети за отчётный период ПАО Россети' is: '124 997 975'

26-05-2025T07:39:18 - [TEST_STEP][PASSED] - x = x + "/" + z: null

26-05-2025T07:39:18 - [TEST_STEP][PASSED] - z = getText(findTestObject(path + "Факт Потери за отчётный период ПАО Россети")).replaceAll("\s+", ""): Text of object 'Object Repository/Выполнение бизнес-плана/Выполнение бизнес-плана Балансы/Факт Потери за отчётный период ПАО Россети' is: '11 162 411'

26-05-2025T07:39:18 - [MESSAGE][PASSED] - Text of object 'Object Repository/Выполнение бизнес-плана/Выполнение бизнес-плана Балансы/Факт Потери за отчётный период ПАО Россети' is: '11 162 411'

26-05-2025T07:39:18 - [TEST_STEP][PASSED] - x = x + "/" + z: null

26-05-2025T07:39:18 - [TEST_STEP][PASSED] - z = getText(findTestObject(path + "План Отпуск в сеть за отчётный период ПАО Россети")).replaceAll("\s+", ""): Text of object 'Object Repository/Выполнение бизнес-плана/Выполнение бизнес-плана Балансы/План Отпуск в сеть за отчётный период ПАО Россети' is: '236 268 268'

26-05-2025T07:39:18 - [MESSAGE][PASSED] - Text of object 'Object Repository/Выполнение бизнес-плана/Выполнение бизнес-плана Балансы/План Отпуск в сеть за отчётный период ПАО Россети' is: '236 268 268'

26-05-2025T07:39:18 - [TEST_STEP][PASSED] - x = x + "/" + z: null

26-05-2025T07:39:18 - [TEST_STEP][PASSED] - z = getText(findTestObject(path + "План Отпуск из сети за отчётный период ПАО Россети")).replaceAll("\s+", ""): Text of object 'Object Repository/Выполнение бизнес-плана/Выполнение бизнес-плана Балансы/План Отпуск из сети за отчётный период ПАО Россети' is: '224 428 885'

26-05-2025T07:39:18 - [MESSAGE][PASSED] - Text of object 'Object Repository/Выполнение бизнес-плана/Выполнение бизнес-плана Балансы/План Отпуск из сети за отчётный период ПАО Россети' is: '224 428 885'

26-05-2025T07:39:18 - [TEST_STEP][PASSED] - x = x + "/" + z: null

26-05-2025T07:39:18 - [TEST_STEP][PASSED] - z = getText(findTestObject(path + "План Потери за отчётный период ПАО Россети")).replaceAll("\s+", ""): Text of object 'Object Repository/Выполнение бизнес-плана/Выполнение бизнес-плана Балансы/План Потери за отчётный период ПАО Россети' is: '11 839 383'

26-05-2025T07:39:19 - [MESSAGE][PASSED] - Text of object 'Object Repository/Выполнение бизнес-плана/Выполнение бизнес-плана Балансы/План Потери за отчётный период ПАО Россети' is: '11 839 383'

26-05-2025T07:39:19 - [TEST_STEP][PASSED] - x = x + "/" + z: null

26-05-2025T07:39:19 - [TEST_STEP][PASSED] - return x: null

26-05-2025T07:39:19 - [TEST_STEP][PASSED] - println("pRB: " + pRB): null

26-05-2025T07:39:19 - [TEST_STEP][PASSED] - VseDZO = getText(findTestObject(path + "Список ДЗО")): Text of object 'Object Repository/Выполнение бизнес-плана/Выполнение бизнес-плана Балансы/Список ДЗО' is: '0.05
-0.99
-0.40
-1.51
-0.19
-0.25
-1.44
-1.52
Россети ФСК ЕЭС
Россети Волга
Россети Московский регион
Россети Северо-Запад
Россети Томск
Россети Урал (ГК)
Россети Юг (ГК)
Россети Янтарь
-2
-1
0
1
2
3
4
5
6
7'

26-05-2025T07:39:19 - [MESSAGE][PASSED] - Text of object 'Object Repository/Выполнение бизнес-плана/Выполнение бизнес-плана Балансы/Список ДЗО' is: '0.05
-0.99
-0.40
-1.51
-0.19
-0.25
-1.44
-1.52
Россети ФСК ЕЭС
Россети Волга
Россети Московский регион
Россети Северо-Запад
Россети Томск
Россети Урал (ГК)
Россети Юг (ГК)
Россети Янтарь
-2
-1
0
1
2
3
4
5
6
7'

26-05-2025T07:39:19 - [TEST_STEP][PASSED] - dZONum = 0: null

26-05-2025T07:39:19 - [TEST_STEP][PASSED] - i = VseDZO.indexOf("ЕЭС"): null

26-05-2025T07:39:19 - [TEST_STEP][PASSED] - if (i > -1): null

26-05-2025T07:39:19 - [TEST_STEP][PASSED] - dZONum = dZONum + 1: null

26-05-2025T07:39:19 - [TEST_STEP][PASSED] - fB = GetAllData(path, dZONum, VseDZO, x = "Россети ФСК ЕЭС/", dZO): null

26-05-2025T07:39:19 - [TEST_STEP][PASSED] - ii = <not implemented yet for class: org.codehaus.groovy.ast.expr.EmptyExpression>: null

26-05-2025T07:39:19 - [TEST_STEP][PASSED] - i1 = <not implemented yet for class: org.codehaus.groovy.ast.expr.EmptyExpression>: null

26-05-2025T07:39:19 - [TEST_STEP][PASSED] - z = <not implemented yet for class: org.codehaus.groovy.ast.expr.EmptyExpression>: null

26-05-2025T07:39:19 - [TEST_STEP][PASSED] - strToManage = <not implemented yet for class: org.codehaus.groovy.ast.expr.EmptyExpression>: null

26-05-2025T07:39:19 - [TEST_STEP][PASSED] - path2 = "Значения со страницы Выполнение бизнес-плана/Table Data/": null

26-05-2025T07:39:19 - [TEST_STEP][PASSED] - println("path: " + path): null

26-05-2025T07:39:19 - [TEST_STEP][PASSED] - dZONumOtk = <not implemented yet for class: org.codehaus.groovy.ast.expr.EmptyExpression>: null

26-05-2025T07:39:19 - [TEST_STEP][PASSED] - println("dZONum: " + dZONum): null

26-05-2025T07:39:19 - [TEST_STEP][PASSED] - dZO = x.substring(x.indexOf("/")): null

26-05-2025T07:39:19 - [TEST_STEP][PASSED] - println("dZO: " + dZO): null

26-05-2025T07:39:19 - [TEST_STEP][PASSED] - z = getText(findTestObject(path + "spanPlan" + dZONum)): Text of object 'Object Repository/Выполнение бизнес-плана/Выполнение бизнес-плана Балансы/spanPlan1' is: '3.79'

26-05-2025T07:39:19 - [MESSAGE][PASSED] - Text of object 'Object Repository/Выполнение бизнес-плана/Выполнение бизнес-плана Балансы/spanPlan1' is: '3.79'

26-05-2025T07:39:19 - [TEST_STEP][PASSED] - println(z): null

26-05-2025T07:39:19 - [TEST_STEP][PASSED] - if (z != ""): null

26-05-2025T07:39:19 - [TEST_STEP][PASSED] - ii = z.indexOf("|"): null

26-05-2025T07:39:19 - [TEST_STEP][PASSED] - if (ii > -1): null

26-05-2025T07:39:19 - [TEST_STEP][PASSED] - z = z.replaceAll("\s+", ""): null

26-05-2025T07:39:19 - [TEST_STEP][PASSED] - z = z.replace("[\r?
|
]", "/"): null

26-05-2025T07:39:19 - [TEST_STEP][PASSED] - println(z): null

26-05-2025T07:39:19 - [TEST_STEP][PASSED] - x = x + z: null

26-05-2025T07:39:19 - [TEST_STEP][PASSED] - z = getText(findTestObject(path + "spanFact" + dZONum)): Text of object 'Object Repository/Выполнение бизнес-плана/Выполнение бизнес-плана Балансы/spanFact1' is: '3.84
|'

26-05-2025T07:39:20 - [MESSAGE][PASSED] - Text of object 'Object Repository/Выполнение бизнес-плана/Выполнение бизнес-плана Балансы/spanFact1' is: '3.84
|'

26-05-2025T07:39:20 - [TEST_STEP][PASSED] - ii = z.indexOf("|"): null

26-05-2025T07:39:20 - [TEST_STEP][PASSED] - if (ii > -1): null

26-05-2025T07:39:20 - [TEST_STEP][PASSED] - z = length() - 1).replace("[\r?
|
]", "/"): null

26-05-2025T07:39:20 - [TEST_STEP][PASSED] - x = x + "/" + z: null

26-05-2025T07:39:20 - [TEST_STEP][PASSED] - z = getText(findTestObject(path + path2 + "Факт Отпуск в сеть за отчётный период " + dZONum)).replaceAll("\s+", ""): Text of object 'Object Repository/Выполнение бизнес-плана/Выполнение бизнес-плана Балансы/Значения со страницы Выполнение бизнес-плана/Table Data/Факт Отпуск в сеть за отчётный период 1' is: '164 602 454'

26-05-2025T07:39:20 - [MESSAGE][PASSED] - Text of object 'Object Repository/Выполнение бизнес-плана/Выполнение бизнес-плана Балансы/Значения со страницы Выполнение бизнес-плана/Table Data/Факт Отпуск в сеть за отчётный период 1' is: '164 602 454'

26-05-2025T07:39:20 - [TEST_STEP][PASSED] - println("z=" + z): null

26-05-2025T07:39:20 - [TEST_STEP][PASSED] - x = x + "/" + z: null

26-05-2025T07:39:20 - [TEST_STEP][PASSED] - z = getText(findTestObject(path + path2 + "Факт Отпуск из сети за отчётный период " + dZONum)).replaceAll("\s+", ""): Text of object 'Object Repository/Выполнение бизнес-плана/Выполнение бизнес-плана Балансы/Значения со страницы Выполнение бизнес-плана/Table Data/Факт Отпуск из сети за отчётный период 1' is: '158 511 723'

26-05-2025T07:39:20 - [MESSAGE][PASSED] - Text of object 'Object Repository/Выполнение бизнес-плана/Выполнение бизнес-плана Балансы/Значения со страницы Выполнение бизнес-плана/Table Data/Факт Отпуск из сети за отчётный период 1' is: '158 511 723'

26-05-2025T07:39:20 - [TEST_STEP][PASSED] - x = x + "/" + z: null

26-05-2025T07:39:20 - [TEST_STEP][PASSED] - z = getText(findTestObject(path + path2 + "Факт Потери за отчётный период " + dZONum)).replaceAll("\s+", ""): Text of object 'Object Repository/Выполнение бизнес-плана/Выполнение бизнес-плана Балансы/Значения со страницы Выполнение бизнес-плана/Table Data/Факт Потери за отчётный период 1' is: '6 090 730'

26-05-2025T07:39:21 - [MESSAGE][PASSED] - Text of object 'Object Repository/Выполнение бизнес-плана/Выполнение бизнес-плана Балансы/Значения со страницы Выполнение бизнес-плана/Table Data/Факт Потери за отчётный период 1' is: '6 090 730'

26-05-2025T07:39:21 - [TEST_STEP][PASSED] - x = x + "/" + z: null

26-05-2025T07:39:21 - [TEST_STEP][PASSED] - z = getText(findTestObject(path + path2 + "План Отпуск в сеть за отчётный период " + dZONum)).replaceAll("\s+", ""): Text of object 'Object Repository/Выполнение бизнес-плана/Выполнение бизнес-плана Балансы/Значения со страницы Выполнение бизнес-плана/Table Data/План Отпуск в сеть за отчётный период 1' is: '167 925 540'

26-05-2025T07:39:21 - [MESSAGE][PASSED] - Text of object 'Object Repository/Выполнение бизнес-плана/Выполнение бизнес-плана Балансы/Значения со страницы Выполнение бизнес-плана/Table Data/План Отпуск в сеть за отчётный период 1' is: '167 925 540'

26-05-2025T07:39:21 - [TEST_STEP][PASSED] - x = x + "/" + z: null

26-05-2025T07:39:21 - [TEST_STEP][PASSED] - z = getText(findTestObject(path + path2 + "План Отпуск из сети за отчётный период " + dZONum)).replaceAll("\s+", ""): Text of object 'Object Repository/Выполнение бизнес-плана/Выполнение бизнес-плана Балансы/Значения со страницы Выполнение бизнес-плана/Table Data/План Отпуск из сети за отчётный период 1' is: '161 793 849'

26-05-2025T07:39:21 - [MESSAGE][PASSED] - Text of object 'Object Repository/Выполнение бизнес-плана/Выполнение бизнес-плана Балансы/Значения со страницы Выполнение бизнес-плана/Table Data/План Отпуск из сети за отчётный период 1' is: '161 793 849'

26-05-2025T07:39:21 - [TEST_STEP][PASSED] - x = x + "/" + z: null

26-05-2025T07:39:21 - [TEST_STEP][PASSED] - z = getText(findTestObject(path + path2 + "План Потери за отчётный период " + dZONum)).replaceAll("\s+", ""): Text of object 'Object Repository/Выполнение бизнес-плана/Выполнение бизнес-плана Балансы/Значения со страницы Выполнение бизнес-плана/Table Data/План Потери за отчётный период 1' is: '6 131 691'

26-05-2025T07:39:21 - [MESSAGE][PASSED] - Text of object 'Object Repository/Выполнение бизнес-плана/Выполнение бизнес-плана Балансы/Значения со страницы Выполнение бизнес-плана/Table Data/План Потери за отчётный период 1' is: '6 131 691'

26-05-2025T07:39:21 - [TEST_STEP][PASSED] - x = x + "/" + z: null

26-05-2025T07:39:21 - [TEST_STEP][PASSED] - z = getText(findTestObject(path + "Отклонения за 1 месяц")).replaceAll("[\r?
|
]", "/"): Text of object 'Object Repository/Выполнение бизнес-плана/Выполнение бизнес-плана Балансы/Отклонения за 1 месяц' is: '0.05
-0.99
-0.40
-1.51
-0.19
-0.25
-1.44
-1.52
Россети ФСК ЕЭС
Россети Волга
Россети Московский регион
Россети Северо-Запад
Россети Томск
Россети Урал (ГК)
Россети Юг (ГК)
Россети Янтарь
-2
-1
0
1
2
3
4
5
6
7'

26-05-2025T07:39:22 - [MESSAGE][PASSED] - Text of object 'Object Repository/Выполнение бизнес-плана/Выполнение бизнес-плана Балансы/Отклонения за 1 месяц' is: '0.05
-0.99
-0.40
-1.51
-0.19
-0.25
-1.44
-1.52
Россети ФСК ЕЭС
Россети Волга
Россети Московский регион
Россети Северо-Запад
Россети Томск
Россети Урал (ГК)
Россети Юг (ГК)
Россети Янтарь
-2
-1
0
1
2
3
4
5
6
7'

26-05-2025T07:39:22 - [TEST_STEP][PASSED] - strToManage = z: null

26-05-2025T07:39:22 - [TEST_STEP][PASSED] - ii = strToManage.indexOf("ГК"): null

26-05-2025T07:39:22 - [TEST_STEP][PASSED] - if (ii > -1): null

26-05-2025T07:39:22 - [TEST_STEP][PASSED] - for ([i1 = 1, i1 > -1, (i1--)]): null

26-05-2025T07:39:22 - [TEST_STEP][PASSED] - strToManage = strToManage.substring(0, strToManage.indexOf("ГК") - 1) + strToManage.substring(strToManage.indexOf("ГК") + 3): null

26-05-2025T07:39:22 - [TEST_STEP][PASSED] - println("strToManage count i1: " + strToManage): null

26-05-2025T07:39:22 - [TEST_STEP][PASSED] - i1 = strToManage.count("ГК"): null

26-05-2025T07:39:22 - [TEST_STEP][PASSED] - println("i1: " + i1): null

26-05-2025T07:39:22 - [TEST_STEP][PASSED] - strToManage = strToManage.substring(0, strToManage.indexOf("ГК") - 1) + strToManage.substring(strToManage.indexOf("ГК") + 3): null

26-05-2025T07:39:22 - [TEST_STEP][PASSED] - println("strToManage count i1: " + strToManage): null

26-05-2025T07:39:22 - [TEST_STEP][PASSED] - i1 = strToManage.count("ГК"): null

26-05-2025T07:39:22 - [TEST_STEP][PASSED] - println("i1: " + i1): null

26-05-2025T07:39:22 - [TEST_STEP][PASSED] - z = strToManage: null

26-05-2025T07:39:22 - [TEST_STEP][PASSED] - println("z: " + z): null

26-05-2025T07:39:22 - [TEST_STEP][PASSED] - lettersStart = z.indexOf("Россети"): null

26-05-2025T07:39:22 - [TEST_STEP][PASSED] - strToManage = z.substring(lettersStart, z.length()): null

26-05-2025T07:39:22 - [TEST_STEP][PASSED] - println("strToManage: " + strToManage): null

26-05-2025T07:39:22 - [TEST_STEP][PASSED] - dZONames = strToManage: null

26-05-2025T07:39:22 - [TEST_STEP][PASSED] - strToManage = strToManage.replaceAll("[а-яА-Я]", ""): null

26-05-2025T07:39:22 - [TEST_STEP][PASSED] - println("strToManage after letters: " + strToManage): null

26-05-2025T07:39:22 - [TEST_STEP][PASSED] - strToManage = replaceAll(" ", "").replaceAll("/-/", ""): null

26-05-2025T07:39:22 - [TEST_STEP][PASSED] - println("strToManage: " + strToManage): null

26-05-2025T07:39:22 - [TEST_STEP][PASSED] - strToManage = strToManage.substring(strToManage.lastIndexOf("//") + 1, strToManage.length()): null

26-05-2025T07:39:22 - [TEST_STEP][PASSED] - println("strToManage: " + strToManage): null

26-05-2025T07:39:22 - [TEST_STEP][PASSED] - ii = z.indexOf(strToManage): null

26-05-2025T07:39:22 - [TEST_STEP][PASSED] - if (ii > -1): null

26-05-2025T07:39:22 - [TEST_STEP][PASSED] - z = z.substring(0, ii) + "/": null

26-05-2025T07:39:22 - [TEST_STEP][PASSED] - println("z: " + z): null

26-05-2025T07:39:22 - [TEST_STEP][PASSED] - println("dZONum: " + dZONum): null

26-05-2025T07:39:22 - [TEST_STEP][PASSED] - strToManage = dZO: null

26-05-2025T07:39:22 - [TEST_STEP][PASSED] - if (strToManage.indexOf("(ГК)") > -1): null

26-05-2025T07:39:22 - [TEST_STEP][PASSED] - strToManage = replaceAll("\p{P}", "").replaceAll("\s+", ""): null

26-05-2025T07:39:22 - [TEST_STEP][PASSED] - println("strToManage: " + strToManage): null

26-05-2025T07:39:22 - [TEST_STEP][PASSED] - if (replaceAll("\s+", "").indexOf(strToManage) > -1): null

26-05-2025T07:39:22 - [TEST_STEP][PASSED] - dZONames = replaceAll("-", "").replaceAll("//", ""): null

26-05-2025T07:39:22 - [TEST_STEP][PASSED] - println("dZONames: " + dZONames): null

26-05-2025T07:39:22 - [TEST_STEP][PASSED] - dZONumOtk = 1: null

26-05-2025T07:39:22 - [TEST_STEP][PASSED] - ii = dZONames.indexOf(strToManage): null

26-05-2025T07:39:22 - [TEST_STEP][PASSED] - if (strToManage != "ФСК"): null

26-05-2025T07:39:22 - [TEST_STEP][PASSED] - if (ii > -1): null

26-05-2025T07:39:22 - [TEST_STEP][PASSED] - for ([i1 = 1, ii > -1, (i1++)]): null

26-05-2025T07:39:22 - [TEST_STEP][PASSED] - dZONames = dZONames.substring(dZONames.indexOf("/") + 1, dZONames.length()): null

26-05-2025T07:39:22 - [TEST_STEP][PASSED] - ii = dZONames.lastIndexOf("/"): null

26-05-2025T07:39:22 - [TEST_STEP][PASSED] - println("dZONames: " + dZONames): null

26-05-2025T07:39:22 - [TEST_STEP][PASSED] - dZONumOtk = dZONumOtk + 1: null

26-05-2025T07:39:22 - [TEST_STEP][PASSED] - println("dZONumOtk: " + dZONumOtk): null

26-05-2025T07:39:22 - [TEST_STEP][PASSED] - dZONames = dZONames.substring(dZONames.indexOf("/") + 1, dZONames.length()): null

26-05-2025T07:39:22 - [TEST_STEP][PASSED] - ii = dZONames.lastIndexOf("/"): null

26-05-2025T07:39:22 - [TEST_STEP][PASSED] - println("dZONames: " + dZONames): null

26-05-2025T07:39:22 - [TEST_STEP][PASSED] - dZONumOtk = dZONumOtk + 1: null

26-05-2025T07:39:22 - [TEST_STEP][PASSED] - println("dZONumOtk: " + dZONumOtk): null

26-05-2025T07:39:22 - [TEST_STEP][PASSED] - dZONames = dZONames.substring(dZONames.indexOf("/") + 1, dZONames.length()): null

26-05-2025T07:39:22 - [TEST_STEP][PASSED] - ii = dZONames.lastIndexOf("/"): null

26-05-2025T07:39:22 - [TEST_STEP][PASSED] - println("dZONames: " + dZONames): null

26-05-2025T07:39:22 - [TEST_STEP][PASSED] - dZONumOtk = dZONumOtk + 1: null

26-05-2025T07:39:22 - [TEST_STEP][PASSED] - println("dZONumOtk: " + dZONumOtk): null

26-05-2025T07:39:22 - [TEST_STEP][PASSED] - dZONames = dZONames.substring(dZONames.indexOf("/") + 1, dZONames.length()): null

26-05-2025T07:39:22 - [TEST_STEP][PASSED] - ii = dZONames.lastIndexOf("/"): null

26-05-2025T07:39:22 - [TEST_STEP][PASSED] - println("dZONames: " + dZONames): null

26-05-2025T07:39:22 - [TEST_STEP][PASSED] - dZONumOtk = dZONumOtk + 1: null

26-05-2025T07:39:22 - [TEST_STEP][PASSED] - println("dZONumOtk: " + dZONumOtk): null

26-05-2025T07:39:22 - [TEST_STEP][PASSED] - dZONames = dZONames.substring(dZONames.indexOf("/") + 1, dZONames.length()): null

26-05-2025T07:39:22 - [TEST_STEP][PASSED] - ii = dZONames.lastIndexOf("/"): null

26-05-2025T07:39:22 - [TEST_STEP][PASSED] - println("dZONames: " + dZONames): null

26-05-2025T07:39:22 - [TEST_STEP][PASSED] - dZONumOtk = dZONumOtk + 1: null

26-05-2025T07:39:22 - [TEST_STEP][PASSED] - println("dZONumOtk: " + dZONumOtk): null

26-05-2025T07:39:22 - [TEST_STEP][PASSED] - dZONames = dZONames.substring(dZONames.indexOf("/") + 1, dZONames.length()): null

26-05-2025T07:39:22 - [TEST_STEP][PASSED] - ii = dZONames.lastIndexOf("/"): null

26-05-2025T07:39:22 - [TEST_STEP][PASSED] - println("dZONames: " + dZONames): null

26-05-2025T07:39:22 - [TEST_STEP][PASSED] - dZONumOtk = dZONumOtk + 1: null

26-05-2025T07:39:22 - [TEST_STEP][PASSED] - println("dZONumOtk: " + dZONumOtk): null

26-05-2025T07:39:22 - [TEST_STEP][PASSED] - dZONames = dZONames.substring(dZONames.indexOf("/") + 1, dZONames.length()): null

26-05-2025T07:39:22 - [TEST_STEP][PASSED] - ii = dZONames.lastIndexOf("/"): null

26-05-2025T07:39:22 - [TEST_STEP][PASSED] - println("dZONames: " + dZONames): null

26-05-2025T07:39:22 - [TEST_STEP][PASSED] - dZONumOtk = dZONumOtk + 1: null

26-05-2025T07:39:22 - [TEST_STEP][PASSED] - println("dZONumOtk: " + dZONumOtk): null

26-05-2025T07:39:22 - [TEST_STEP][PASSED] - if (z.indexOf("//") > -1): null

26-05-2025T07:39:22 - [TEST_STEP][PASSED] - println("z: " + z): null

26-05-2025T07:39:22 - [TEST_STEP][PASSED] - for ([ii = 1, ii < dZONumOtk, (ii++)]): null

26-05-2025T07:39:22 - [TEST_STEP][PASSED] - i1 = z.indexOf("/") + 1: null

26-05-2025T07:39:22 - [TEST_STEP][PASSED] - z = z.substring(i1, z.length()): null

26-05-2025T07:39:22 - [TEST_STEP][PASSED] - println("ii: " + ii): null

26-05-2025T07:39:22 - [TEST_STEP][PASSED] - println("z: " + z): null

26-05-2025T07:39:22 - [TEST_STEP][PASSED] - i1 = z.indexOf("/") + 1: null

26-05-2025T07:39:22 - [TEST_STEP][PASSED] - z = z.substring(i1, z.length()): null

26-05-2025T07:39:22 - [TEST_STEP][PASSED] - println("ii: " + ii): null

26-05-2025T07:39:22 - [TEST_STEP][PASSED] - println("z: " + z): null

26-05-2025T07:39:22 - [TEST_STEP][PASSED] - i1 = z.indexOf("/") + 1: null

26-05-2025T07:39:22 - [TEST_STEP][PASSED] - z = z.substring(i1, z.length()): null

26-05-2025T07:39:22 - [TEST_STEP][PASSED] - println("ii: " + ii): null

26-05-2025T07:39:22 - [TEST_STEP][PASSED] - println("z: " + z): null

26-05-2025T07:39:22 - [TEST_STEP][PASSED] - i1 = z.indexOf("/") + 1: null

26-05-2025T07:39:22 - [TEST_STEP][PASSED] - z = z.substring(i1, z.length()): null

26-05-2025T07:39:22 - [TEST_STEP][PASSED] - println("ii: " + ii): null

26-05-2025T07:39:22 - [TEST_STEP][PASSED] - println("z: " + z): null

26-05-2025T07:39:22 - [TEST_STEP][PASSED] - i1 = z.indexOf("/") + 1: null

26-05-2025T07:39:22 - [TEST_STEP][PASSED] - z = z.substring(i1, z.length()): null

26-05-2025T07:39:22 - [TEST_STEP][PASSED] - println("ii: " + ii): null

26-05-2025T07:39:22 - [TEST_STEP][PASSED] - println("z: " + z): null

26-05-2025T07:39:22 - [TEST_STEP][PASSED] - i1 = z.indexOf("/") + 1: null

26-05-2025T07:39:22 - [TEST_STEP][PASSED] - z = z.substring(i1, z.length()): null

26-05-2025T07:39:22 - [TEST_STEP][PASSED] - println("ii: " + ii): null

26-05-2025T07:39:22 - [TEST_STEP][PASSED] - println("z: " + z): null

26-05-2025T07:39:22 - [TEST_STEP][PASSED] - i1 = z.indexOf("/") + 1: null

26-05-2025T07:39:22 - [TEST_STEP][PASSED] - z = z.substring(i1, z.length()): null

26-05-2025T07:39:22 - [TEST_STEP][PASSED] - println("ii: " + ii): null

26-05-2025T07:39:22 - [TEST_STEP][PASSED] - println("z: " + z): null

26-05-2025T07:39:22 - [TEST_STEP][PASSED] - z = z.substring(0, z.indexOf("/")): null

26-05-2025T07:39:22 - [TEST_STEP][PASSED] - println("z: " + z): null

26-05-2025T07:39:22 - [TEST_STEP][PASSED] - x = x + "/" + z: null

26-05-2025T07:39:22 - [TEST_STEP][PASSED] - x = x.replaceAll("[\r?
|
]", ""): null

26-05-2025T07:39:22 - [TEST_STEP][PASSED] - println("x =" + x): null

26-05-2025T07:39:22 - [TEST_STEP][PASSED] - return x: null

26-05-2025T07:39:22 - [TEST_STEP][PASSED] - println("fB: " + fB): null

26-05-2025T07:39:22 - [TEST_STEP][PASSED] - i = VseDZO.indexOf("Тываэнерго"): null

26-05-2025T07:39:22 - [TEST_STEP][PASSED] - if (i > -1): null

26-05-2025T07:39:22 - [TEST_STEP][PASSED] - else: null

26-05-2025T07:39:22 - [TEST_STEP][PASSED] - tyB = tyB + "нет данных/нет данных/нет данных/нет данных/нет данных/нет данных/нет данных/нет данных/нет данных": null

26-05-2025T07:39:22 - [TEST_STEP][PASSED] - println("tyB: " + tyB): null

26-05-2025T07:39:22 - [TEST_STEP][PASSED] - i = VseDZO.indexOf("Чеченэнерго"): null

26-05-2025T07:39:22 - [TEST_STEP][PASSED] - if (i > -1): null

26-05-2025T07:39:22 - [TEST_STEP][PASSED] - else: null

26-05-2025T07:39:22 - [TEST_STEP][PASSED] - chB = chB + "нет данных/нет данных/нет данных/нет данных/нет данных/нет данных/нет данных/нет данных/нет данных": null

26-05-2025T07:39:22 - [TEST_STEP][PASSED] - println("chB: " + chB): null

26-05-2025T07:39:22 - [TEST_STEP][PASSED] - i = VseDZO.indexOf("Волга"): null

26-05-2025T07:39:22 - [TEST_STEP][PASSED] - if (i > -1): null

26-05-2025T07:39:22 - [TEST_STEP][PASSED] - dZONum = dZONum + 1: null

26-05-2025T07:39:22 - [TEST_STEP][PASSED] - vB = GetAllData(path, dZONum, VseDZO, x = "Россети Волга/", dZO): null

26-05-2025T07:39:22 - [TEST_STEP][PASSED] - ii = <not implemented yet for class: org.codehaus.groovy.ast.expr.EmptyExpression>: null

26-05-2025T07:39:22 - [TEST_STEP][PASSED] - i1 = <not implemented yet for class: org.codehaus.groovy.ast.expr.EmptyExpression>: null

26-05-2025T07:39:22 - [TEST_STEP][PASSED] - z = <not implemented yet for class: org.codehaus.groovy.ast.expr.EmptyExpression>: null

26-05-2025T07:39:22 - [TEST_STEP][PASSED] - strToManage = <not implemented yet for class: org.codehaus.groovy.ast.expr.EmptyExpression>: null

26-05-2025T07:39:22 - [TEST_STEP][PASSED] - path2 = "Значения со страницы Выполнение бизнес-плана/Table Data/": null

26-05-2025T07:39:22 - [TEST_STEP][PASSED] - println("path: " + path): null

26-05-2025T07:39:22 - [TEST_STEP][PASSED] - dZONumOtk = <not implemented yet for class: org.codehaus.groovy.ast.expr.EmptyExpression>: null

26-05-2025T07:39:22 - [TEST_STEP][PASSED] - println("dZONum: " + dZONum): null

26-05-2025T07:39:22 - [TEST_STEP][PASSED] - dZO = x.substring(x.indexOf("/")): null

26-05-2025T07:39:22 - [TEST_STEP][PASSED] - println("dZO: " + dZO): null

26-05-2025T07:39:22 - [TEST_STEP][PASSED] - z = getText(findTestObject(path + "spanPlan" + dZONum)): Text of object 'Object Repository/Выполнение бизнес-плана/Выполнение бизнес-плана Балансы/spanPlan2' is: '7.22
|'

26-05-2025T07:39:22 - [MESSAGE][PASSED] - Text of object 'Object Repository/Выполнение бизнес-плана/Выполнение бизнес-плана Балансы/spanPlan2' is: '7.22
|'

26-05-2025T07:39:22 - [TEST_STEP][PASSED] - println(z): null

26-05-2025T07:39:22 - [TEST_STEP][PASSED] - if (z != ""): null

26-05-2025T07:39:22 - [TEST_STEP][PASSED] - ii = z.indexOf("|"): null

26-05-2025T07:39:22 - [TEST_STEP][PASSED] - if (ii > -1): null

26-05-2025T07:39:22 - [TEST_STEP][PASSED] - z = z.substring(0, z.length() - 1): null

26-05-2025T07:39:22 - [TEST_STEP][PASSED] - println(z): null

26-05-2025T07:39:22 - [TEST_STEP][PASSED] - z = z.replaceAll("\s+", ""): null

26-05-2025T07:39:22 - [TEST_STEP][PASSED] - z = z.replace("[\r?
|
]", "/"): null

26-05-2025T07:39:22 - [TEST_STEP][PASSED] - println(z): null

26-05-2025T07:39:22 - [TEST_STEP][PASSED] - x = x + z: null

26-05-2025T07:39:22 - [TEST_STEP][PASSED] - z = getText(findTestObject(path + "spanFact" + dZONum)): Text of object 'Object Repository/Выполнение бизнес-плана/Выполнение бизнес-плана Балансы/spanFact2' is: '6.22'

26-05-2025T07:39:22 - [MESSAGE][PASSED] - Text of object 'Object Repository/Выполнение бизнес-плана/Выполнение бизнес-плана Балансы/spanFact2' is: '6.22'

26-05-2025T07:39:22 - [TEST_STEP][PASSED] - ii = z.indexOf("|"): null

26-05-2025T07:39:22 - [TEST_STEP][PASSED] - if (ii > -1): null

26-05-2025T07:39:22 - [TEST_STEP][PASSED] - x = x + "/" + z: null

26-05-2025T07:39:22 - [TEST_STEP][PASSED] - z = getText(findTestObject(path + path2 + "Факт Отпуск в сеть за отчётный период " + dZONum)).replaceAll("\s+", ""): Text of object 'Object Repository/Выполнение бизнес-плана/Выполнение бизнес-плана Балансы/Значения со страницы Выполнение бизнес-плана/Table Data/Факт Отпуск в сеть за отчётный период 2' is: '4 949 974'

26-05-2025T07:39:23 - [MESSAGE][PASSED] - Text of object 'Object Repository/Выполнение бизнес-плана/Выполнение бизнес-плана Балансы/Значения со страницы Выполнение бизнес-плана/Table Data/Факт Отпуск в сеть за отчётный период 2' is: '4 949 974'

26-05-2025T07:39:23 - [TEST_STEP][PASSED] - println("z=" + z): null

26-05-2025T07:39:23 - [TEST_STEP][PASSED] - x = x + "/" + z: null

26-05-2025T07:39:23 - [TEST_STEP][PASSED] - z = getText(findTestObject(path + path2 + "Факт Отпуск из сети за отчётный период " + dZONum)).replaceAll("\s+", ""): Text of object 'Object Repository/Выполнение бизнес-плана/Выполнение бизнес-плана Балансы/Значения со страницы Выполнение бизнес-плана/Table Data/Факт Отпуск из сети за отчётный период 2' is: '4 641 851'

26-05-2025T07:39:23 - [MESSAGE][PASSED] - Text of object 'Object Repository/Выполнение бизнес-плана/Выполнение бизнес-плана Балансы/Значения со страницы Выполнение бизнес-плана/Table Data/Факт Отпуск из сети за отчётный период 2' is: '4 641 851'

26-05-2025T07:39:23 - [TEST_STEP][PASSED] - x = x + "/" + z: null

26-05-2025T07:39:23 - [TEST_STEP][PASSED] - z = getText(findTestObject(path + path2 + "Факт Потери за отчётный период " + dZONum)).replaceAll("\s+", ""): Text of object 'Object Repository/Выполнение бизнес-плана/Выполнение бизнес-плана Балансы/Значения со страницы Выполнение бизнес-плана/Table Data/Факт Потери за отчётный период 2' is: '308 123'

26-05-2025T07:39:23 - [MESSAGE][PASSED] - Text of object 'Object Repository/Выполнение бизнес-плана/Выполнение бизнес-плана Балансы/Значения со страницы Выполнение бизнес-плана/Table Data/Факт Потери за отчётный период 2' is: '308 123'

26-05-2025T07:39:23 - [TEST_STEP][PASSED] - x = x + "/" + z: null

26-05-2025T07:39:23 - [TEST_STEP][PASSED] - z = getText(findTestObject(path + path2 + "План Отпуск в сеть за отчётный период " + dZONum)).replaceAll("\s+", ""): Text of object 'Object Repository/Выполнение бизнес-плана/Выполнение бизнес-плана Балансы/Значения со страницы Выполнение бизнес-плана/Table Data/План Отпуск в сеть за отчётный период 2' is: '5 172 896'

26-05-2025T07:39:24 - [MESSAGE][PASSED] - Text of object 'Object Repository/Выполнение бизнес-плана/Выполнение бизнес-плана Балансы/Значения со страницы Выполнение бизнес-плана/Table Data/План Отпуск в сеть за отчётный период 2' is: '5 172 896'

26-05-2025T07:39:24 - [TEST_STEP][PASSED] - x = x + "/" + z: null

26-05-2025T07:39:24 - [TEST_STEP][PASSED] - z = getText(findTestObject(path + path2 + "План Отпуск из сети за отчётный период " + dZONum)).replaceAll("\s+", ""): Text of object 'Object Repository/Выполнение бизнес-плана/Выполнение бизнес-плана Балансы/Значения со страницы Выполнение бизнес-плана/Table Data/План Отпуск из сети за отчётный период 2' is: '4 799 582'

26-05-2025T07:39:24 - [MESSAGE][PASSED] - Text of object 'Object Repository/Выполнение бизнес-плана/Выполнение бизнес-плана Балансы/Значения со страницы Выполнение бизнес-плана/Table Data/План Отпуск из сети за отчётный период 2' is: '4 799 582'

26-05-2025T07:39:24 - [TEST_STEP][PASSED] - x = x + "/" + z: null

26-05-2025T07:39:24 - [TEST_STEP][PASSED] - z = getText(findTestObject(path + path2 + "План Потери за отчётный период " + dZONum)).replaceAll("\s+", ""): Text of object 'Object Repository/Выполнение бизнес-плана/Выполнение бизнес-плана Балансы/Значения со страницы Выполнение бизнес-плана/Table Data/План Потери за отчётный период 2' is: '373 314'

26-05-2025T07:39:24 - [MESSAGE][PASSED] - Text of object 'Object Repository/Выполнение бизнес-плана/Выполнение бизнес-плана Балансы/Значения со страницы Выполнение бизнес-плана/Table Data/План Потери за отчётный период 2' is: '373 314'

26-05-2025T07:39:24 - [TEST_STEP][PASSED] - x = x + "/" + z: null

26-05-2025T07:39:24 - [TEST_STEP][PASSED] - z = getText(findTestObject(path + "Отклонения за 1 месяц")).replaceAll("[\r?
|
]", "/"): Text of object 'Object Repository/Выполнение бизнес-плана/Выполнение бизнес-плана Балансы/Отклонения за 1 месяц' is: '0.05
-0.99
-0.40
-1.51
-0.19
-0.25
-1.44
-1.52
Россети ФСК ЕЭС
Россети Волга
Россети Московский регион
Россети Северо-Запад
Россети Томск
Россети Урал (ГК)
Россети Юг (ГК)
Россети Янтарь
-2
-1
0
1
2
3
4
5
6
7'

26-05-2025T07:39:25 - [MESSAGE][PASSED] - Text of object 'Object Repository/Выполнение бизнес-плана/Выполнение бизнес-плана Балансы/Отклонения за 1 месяц' is: '0.05
-0.99
-0.40
-1.51
-0.19
-0.25
-1.44
-1.52
Россети ФСК ЕЭС
Россети Волга
Россети Московский регион
Россети Северо-Запад
Россети Томск
Россети Урал (ГК)
Россети Юг (ГК)
Россети Янтарь
-2
-1
0
1
2
3
4
5
6
7'

26-05-2025T07:39:25 - [TEST_STEP][PASSED] - strToManage = z: null

26-05-2025T07:39:25 - [TEST_STEP][PASSED] - ii = strToManage.indexOf("ГК"): null

26-05-2025T07:39:25 - [TEST_STEP][PASSED] - if (ii > -1): null

26-05-2025T07:39:25 - [TEST_STEP][PASSED] - for ([i1 = 1, i1 > -1, (i1--)]): null

26-05-2025T07:39:25 - [TEST_STEP][PASSED] - strToManage = strToManage.substring(0, strToManage.indexOf("ГК") - 1) + strToManage.substring(strToManage.indexOf("ГК") + 3): null

26-05-2025T07:39:25 - [TEST_STEP][PASSED] - println("strToManage count i1: " + strToManage): null

26-05-2025T07:39:25 - [TEST_STEP][PASSED] - i1 = strToManage.count("ГК"): null

26-05-2025T07:39:25 - [TEST_STEP][PASSED] - println("i1: " + i1): null

26-05-2025T07:39:25 - [TEST_STEP][PASSED] - strToManage = strToManage.substring(0, strToManage.indexOf("ГК") - 1) + strToManage.substring(strToManage.indexOf("ГК") + 3): null

26-05-2025T07:39:25 - [TEST_STEP][PASSED] - println("strToManage count i1: " + strToManage): null

26-05-2025T07:39:25 - [TEST_STEP][PASSED] - i1 = strToManage.count("ГК"): null

26-05-2025T07:39:25 - [TEST_STEP][PASSED] - println("i1: " + i1): null

26-05-2025T07:39:25 - [TEST_STEP][PASSED] - z = strToManage: null

26-05-2025T07:39:25 - [TEST_STEP][PASSED] - println("z: " + z): null

26-05-2025T07:39:25 - [TEST_STEP][PASSED] - lettersStart = z.indexOf("Россети"): null

26-05-2025T07:39:25 - [TEST_STEP][PASSED] - strToManage = z.substring(lettersStart, z.length()): null

26-05-2025T07:39:25 - [TEST_STEP][PASSED] - println("strToManage: " + strToManage): null

26-05-2025T07:39:25 - [TEST_STEP][PASSED] - dZONames = strToManage: null

26-05-2025T07:39:25 - [TEST_STEP][PASSED] - strToManage = strToManage.replaceAll("[а-яА-Я]", ""): null

26-05-2025T07:39:25 - [TEST_STEP][PASSED] - println("strToManage after letters: " + strToManage): null

26-05-2025T07:39:25 - [TEST_STEP][PASSED] - strToManage = replaceAll(" ", "").replaceAll("/-/", ""): null

26-05-2025T07:39:25 - [TEST_STEP][PASSED] - println("strToManage: " + strToManage): null

26-05-2025T07:39:25 - [TEST_STEP][PASSED] - strToManage = strToManage.substring(strToManage.lastIndexOf("//") + 1, strToManage.length()): null

26-05-2025T07:39:25 - [TEST_STEP][PASSED] - println("strToManage: " + strToManage): null

26-05-2025T07:39:25 - [TEST_STEP][PASSED] - ii = z.indexOf(strToManage): null

26-05-2025T07:39:25 - [TEST_STEP][PASSED] - if (ii > -1): null

26-05-2025T07:39:25 - [TEST_STEP][PASSED] - z = z.substring(0, ii) + "/": null

26-05-2025T07:39:25 - [TEST_STEP][PASSED] - println("z: " + z): null

26-05-2025T07:39:25 - [TEST_STEP][PASSED] - println("dZONum: " + dZONum): null

26-05-2025T07:39:25 - [TEST_STEP][PASSED] - strToManage = dZO: null

26-05-2025T07:39:25 - [TEST_STEP][PASSED] - if (strToManage.indexOf("(ГК)") > -1): null

26-05-2025T07:39:25 - [TEST_STEP][PASSED] - strToManage = replaceAll("\p{P}", "").replaceAll("\s+", ""): null

26-05-2025T07:39:25 - [TEST_STEP][PASSED] - println("strToManage: " + strToManage): null

26-05-2025T07:39:25 - [TEST_STEP][PASSED] - if (replaceAll("\s+", "").indexOf(strToManage) > -1): null

26-05-2025T07:39:25 - [TEST_STEP][PASSED] - dZONames = replaceAll("-", "").replaceAll("//", ""): null

26-05-2025T07:39:25 - [TEST_STEP][PASSED] - println("dZONames: " + dZONames): null

26-05-2025T07:39:25 - [TEST_STEP][PASSED] - dZONumOtk = 1: null

26-05-2025T07:39:25 - [TEST_STEP][PASSED] - ii = dZONames.indexOf(strToManage): null

26-05-2025T07:39:25 - [TEST_STEP][PASSED] - if (strToManage != "ФСК"): null

26-05-2025T07:39:25 - [TEST_STEP][PASSED] - if (ii > -1): null

26-05-2025T07:39:25 - [TEST_STEP][PASSED] - for ([i1 = 1, ii > -1, (i1++)]): null

26-05-2025T07:39:25 - [TEST_STEP][PASSED] - dZONames = dZONames.substring(dZONames.indexOf("/") + 1, dZONames.length()): null

26-05-2025T07:39:25 - [TEST_STEP][PASSED] - ii = dZONames.lastIndexOf("/"): null

26-05-2025T07:39:25 - [TEST_STEP][PASSED] - println("dZONames: " + dZONames): null

26-05-2025T07:39:25 - [TEST_STEP][PASSED] - dZONumOtk = dZONumOtk + 1: null

26-05-2025T07:39:25 - [TEST_STEP][PASSED] - println("dZONumOtk: " + dZONumOtk): null

26-05-2025T07:39:25 - [TEST_STEP][PASSED] - dZONames = dZONames.substring(dZONames.indexOf("/") + 1, dZONames.length()): null

26-05-2025T07:39:25 - [TEST_STEP][PASSED] - ii = dZONames.lastIndexOf("/"): null

26-05-2025T07:39:25 - [TEST_STEP][PASSED] - println("dZONames: " + dZONames): null

26-05-2025T07:39:25 - [TEST_STEP][PASSED] - dZONumOtk = dZONumOtk + 1: null

26-05-2025T07:39:25 - [TEST_STEP][PASSED] - println("dZONumOtk: " + dZONumOtk): null

26-05-2025T07:39:25 - [TEST_STEP][PASSED] - dZONames = dZONames.substring(dZONames.indexOf("/") + 1, dZONames.length()): null

26-05-2025T07:39:25 - [TEST_STEP][PASSED] - ii = dZONames.lastIndexOf("/"): null

26-05-2025T07:39:25 - [TEST_STEP][PASSED] - println("dZONames: " + dZONames): null

26-05-2025T07:39:25 - [TEST_STEP][PASSED] - dZONumOtk = dZONumOtk + 1: null

26-05-2025T07:39:25 - [TEST_STEP][PASSED] - println("dZONumOtk: " + dZONumOtk): null

26-05-2025T07:39:25 - [TEST_STEP][PASSED] - dZONames = dZONames.substring(dZONames.indexOf("/") + 1, dZONames.length()): null

26-05-2025T07:39:25 - [TEST_STEP][PASSED] - ii = dZONames.lastIndexOf("/"): null

26-05-2025T07:39:25 - [TEST_STEP][PASSED] - println("dZONames: " + dZONames): null

26-05-2025T07:39:25 - [TEST_STEP][PASSED] - dZONumOtk = dZONumOtk + 1: null

26-05-2025T07:39:25 - [TEST_STEP][PASSED] - println("dZONumOtk: " + dZONumOtk): null

26-05-2025T07:39:25 - [TEST_STEP][PASSED] - dZONames = dZONames.substring(dZONames.indexOf("/") + 1, dZONames.length()): null

26-05-2025T07:39:25 - [TEST_STEP][PASSED] - ii = dZONames.lastIndexOf("/"): null

26-05-2025T07:39:25 - [TEST_STEP][PASSED] - println("dZONames: " + dZONames): null

26-05-2025T07:39:25 - [TEST_STEP][PASSED] - dZONumOtk = dZONumOtk + 1: null

26-05-2025T07:39:25 - [TEST_STEP][PASSED] - println("dZONumOtk: " + dZONumOtk): null

26-05-2025T07:39:25 - [TEST_STEP][PASSED] - dZONames = dZONames.substring(dZONames.indexOf("/") + 1, dZONames.length()): null

26-05-2025T07:39:25 - [TEST_STEP][PASSED] - ii = dZONames.lastIndexOf("/"): null

26-05-2025T07:39:25 - [TEST_STEP][PASSED] - println("dZONames: " + dZONames): null

26-05-2025T07:39:25 - [TEST_STEP][PASSED] - dZONumOtk = dZONumOtk + 1: null

26-05-2025T07:39:25 - [TEST_STEP][PASSED] - println("dZONumOtk: " + dZONumOtk): null

26-05-2025T07:39:25 - [TEST_STEP][PASSED] - dZONames = dZONames.substring(dZONames.indexOf("/") + 1, dZONames.length()): null

26-05-2025T07:39:25 - [TEST_STEP][PASSED] - ii = dZONames.lastIndexOf("/"): null

26-05-2025T07:39:25 - [TEST_STEP][PASSED] - println("dZONames: " + dZONames): null

26-05-2025T07:39:25 - [TEST_STEP][PASSED] - dZONumOtk = dZONumOtk + 1: null

26-05-2025T07:39:25 - [TEST_STEP][PASSED] - println("dZONumOtk: " + dZONumOtk): null

26-05-2025T07:39:25 - [TEST_STEP][PASSED] - if (z.indexOf("//") > -1): null

26-05-2025T07:39:25 - [TEST_STEP][PASSED] - println("z: " + z): null

26-05-2025T07:39:25 - [TEST_STEP][PASSED] - for ([ii = 1, ii < dZONumOtk, (ii++)]): null

26-05-2025T07:39:25 - [TEST_STEP][PASSED] - i1 = z.indexOf("/") + 1: null

26-05-2025T07:39:25 - [TEST_STEP][PASSED] - z = z.substring(i1, z.length()): null

26-05-2025T07:39:25 - [TEST_STEP][PASSED] - println("ii: " + ii): null

26-05-2025T07:39:25 - [TEST_STEP][PASSED] - println("z: " + z): null

26-05-2025T07:39:25 - [TEST_STEP][PASSED] - i1 = z.indexOf("/") + 1: null

26-05-2025T07:39:25 - [TEST_STEP][PASSED] - z = z.substring(i1, z.length()): null

26-05-2025T07:39:25 - [TEST_STEP][PASSED] - println("ii: " + ii): null

26-05-2025T07:39:25 - [TEST_STEP][PASSED] - println("z: " + z): null

26-05-2025T07:39:25 - [TEST_STEP][PASSED] - i1 = z.indexOf("/") + 1: null

26-05-2025T07:39:25 - [TEST_STEP][PASSED] - z = z.substring(i1, z.length()): null

26-05-2025T07:39:25 - [TEST_STEP][PASSED] - println("ii: " + ii): null

26-05-2025T07:39:25 - [TEST_STEP][PASSED] - println("z: " + z): null

26-05-2025T07:39:25 - [TEST_STEP][PASSED] - i1 = z.indexOf("/") + 1: null

26-05-2025T07:39:25 - [TEST_STEP][PASSED] - z = z.substring(i1, z.length()): null

26-05-2025T07:39:25 - [TEST_STEP][PASSED] - println("ii: " + ii): null

26-05-2025T07:39:25 - [TEST_STEP][PASSED] - println("z: " + z): null

26-05-2025T07:39:25 - [TEST_STEP][PASSED] - i1 = z.indexOf("/") + 1: null

26-05-2025T07:39:25 - [TEST_STEP][PASSED] - z = z.substring(i1, z.length()): null

26-05-2025T07:39:25 - [TEST_STEP][PASSED] - println("ii: " + ii): null

26-05-2025T07:39:25 - [TEST_STEP][PASSED] - println("z: " + z): null

26-05-2025T07:39:25 - [TEST_STEP][PASSED] - i1 = z.indexOf("/") + 1: null

26-05-2025T07:39:25 - [TEST_STEP][PASSED] - z = z.substring(i1, z.length()): null

26-05-2025T07:39:25 - [TEST_STEP][PASSED] - println("ii: " + ii): null

26-05-2025T07:39:25 - [TEST_STEP][PASSED] - println("z: " + z): null

26-05-2025T07:39:25 - [TEST_STEP][PASSED] - i1 = z.indexOf("/") + 1: null

26-05-2025T07:39:25 - [TEST_STEP][PASSED] - z = z.substring(i1, z.length()): null

26-05-2025T07:39:25 - [TEST_STEP][PASSED] - println("ii: " + ii): null

26-05-2025T07:39:25 - [TEST_STEP][PASSED] - println("z: " + z): null

26-05-2025T07:39:25 - [TEST_STEP][PASSED] - z = z.substring(0, z.indexOf("/")): null

26-05-2025T07:39:25 - [TEST_STEP][PASSED] - println("z: " + z): null

26-05-2025T07:39:25 - [TEST_STEP][PASSED] - x = x + "/" + z: null

26-05-2025T07:39:25 - [TEST_STEP][PASSED] - x = x.replaceAll("[\r?
|
]", ""): null

26-05-2025T07:39:25 - [TEST_STEP][PASSED] - println("x =" + x): null

26-05-2025T07:39:25 - [TEST_STEP][PASSED] - return x: null

26-05-2025T07:39:25 - [TEST_STEP][PASSED] - println("vB: " + vB): null

26-05-2025T07:39:25 - [TEST_STEP][PASSED] - i = VseDZO.indexOf("Кубань"): null

26-05-2025T07:39:25 - [TEST_STEP][PASSED] - if (i > -1): null

26-05-2025T07:39:25 - [TEST_STEP][PASSED] - else: null

26-05-2025T07:39:25 - [TEST_STEP][PASSED] - kB = kB + "нет данных/нет данных/нет данных/нет данных/нет данных/нет данных/нет данных/нет данных/нет данных": null

26-05-2025T07:39:25 - [TEST_STEP][PASSED] - println("kB: " + kB): null

26-05-2025T07:39:25 - [TEST_STEP][PASSED] - i = VseDZO.indexOf("Ленэнерго"): null

26-05-2025T07:39:25 - [TEST_STEP][PASSED] - if (i > -1): null

26-05-2025T07:39:25 - [TEST_STEP][PASSED] - else: null

26-05-2025T07:39:25 - [TEST_STEP][PASSED] - lB = lB + "нет данных/нет данных/нет данных/нет данных/нет данных/нет данных/нет данных/нет данных/нет данных": null

26-05-2025T07:39:25 - [TEST_STEP][PASSED] - println("lB: " + lB): null

26-05-2025T07:39:25 - [TEST_STEP][PASSED] - i = VseDZO.indexOf("Московский"): null

26-05-2025T07:39:25 - [TEST_STEP][PASSED] - if (i > -1): null

26-05-2025T07:39:25 - [TEST_STEP][PASSED] - dZONum = dZONum + 1: null

26-05-2025T07:39:25 - [TEST_STEP][PASSED] - mB = GetAllData(path, dZONum, VseDZO, x = "Россети Московский регион/", dZO): null

26-05-2025T07:39:25 - [TEST_STEP][PASSED] - ii = <not implemented yet for class: org.codehaus.groovy.ast.expr.EmptyExpression>: null

26-05-2025T07:39:25 - [TEST_STEP][PASSED] - i1 = <not implemented yet for class: org.codehaus.groovy.ast.expr.EmptyExpression>: null

26-05-2025T07:39:25 - [TEST_STEP][PASSED] - z = <not implemented yet for class: org.codehaus.groovy.ast.expr.EmptyExpression>: null

26-05-2025T07:39:25 - [TEST_STEP][PASSED] - strToManage = <not implemented yet for class: org.codehaus.groovy.ast.expr.EmptyExpression>: null

26-05-2025T07:39:25 - [TEST_STEP][PASSED] - path2 = "Значения со страницы Выполнение бизнес-плана/Table Data/": null

26-05-2025T07:39:25 - [TEST_STEP][PASSED] - println("path: " + path): null

26-05-2025T07:39:25 - [TEST_STEP][PASSED] - dZONumOtk = <not implemented yet for class: org.codehaus.groovy.ast.expr.EmptyExpression>: null

26-05-2025T07:39:25 - [TEST_STEP][PASSED] - println("dZONum: " + dZONum): null

26-05-2025T07:39:25 - [TEST_STEP][PASSED] - dZO = x.substring(x.indexOf("/")): null

26-05-2025T07:39:25 - [TEST_STEP][PASSED] - println("dZO: " + dZO): null

26-05-2025T07:39:25 - [TEST_STEP][PASSED] - z = getText(findTestObject(path + "spanPlan" + dZONum)): Text of object 'Object Repository/Выполнение бизнес-плана/Выполнение бизнес-плана Балансы/spanPlan3' is: '9.39
|'

26-05-2025T07:39:25 - [MESSAGE][PASSED] - Text of object 'Object Repository/Выполнение бизнес-плана/Выполнение бизнес-плана Балансы/spanPlan3' is: '9.39
|'

26-05-2025T07:39:25 - [TEST_STEP][PASSED] - println(z): null

26-05-2025T07:39:25 - [TEST_STEP][PASSED] - if (z != ""): null

26-05-2025T07:39:25 - [TEST_STEP][PASSED] - ii = z.indexOf("|"): null

26-05-2025T07:39:25 - [TEST_STEP][PASSED] - if (ii > -1): null

26-05-2025T07:39:25 - [TEST_STEP][PASSED] - z = z.substring(0, z.length() - 1): null

26-05-2025T07:39:25 - [TEST_STEP][PASSED] - println(z): null

26-05-2025T07:39:25 - [TEST_STEP][PASSED] - z = z.replaceAll("\s+", ""): null

26-05-2025T07:39:25 - [TEST_STEP][PASSED] - z = z.replace("[\r?
|
]", "/"): null

26-05-2025T07:39:25 - [TEST_STEP][PASSED] - println(z): null

26-05-2025T07:39:25 - [TEST_STEP][PASSED] - x = x + z: null

26-05-2025T07:39:25 - [TEST_STEP][PASSED] - z = getText(findTestObject(path + "spanFact" + dZONum)): Text of object 'Object Repository/Выполнение бизнес-плана/Выполнение бизнес-плана Балансы/spanFact3' is: '9.00'

26-05-2025T07:39:25 - [MESSAGE][PASSED] - Text of object 'Object Repository/Выполнение бизнес-плана/Выполнение бизнес-плана Балансы/spanFact3' is: '9.00'

26-05-2025T07:39:25 - [TEST_STEP][PASSED] - ii = z.indexOf("|"): null

26-05-2025T07:39:25 - [TEST_STEP][PASSED] - if (ii > -1): null

26-05-2025T07:39:25 - [TEST_STEP][PASSED] - x = x + "/" + z: null

26-05-2025T07:39:25 - [TEST_STEP][PASSED] - z = getText(findTestObject(path + path2 + "Факт Отпуск в сеть за отчётный период " + dZONum)).replaceAll("\s+", ""): Text of object 'Object Repository/Выполнение бизнес-плана/Выполнение бизнес-плана Балансы/Значения со страницы Выполнение бизнес-плана/Table Data/Факт Отпуск в сеть за отчётный период 3' is: '28 695 297'

26-05-2025T07:39:25 - [MESSAGE][PASSED] - Text of object 'Object Repository/Выполнение бизнес-плана/Выполнение бизнес-плана Балансы/Значения со страницы Выполнение бизнес-плана/Table Data/Факт Отпуск в сеть за отчётный период 3' is: '28 695 297'

26-05-2025T07:39:25 - [TEST_STEP][PASSED] - println("z=" + z): null

26-05-2025T07:39:25 - [TEST_STEP][PASSED] - x = x + "/" + z: null

26-05-2025T07:39:25 - [TEST_STEP][PASSED] - z = getText(findTestObject(path + path2 + "Факт Отпуск из сети за отчётный период " + dZONum)).replaceAll("\s+", ""): Text of object 'Object Repository/Выполнение бизнес-плана/Выполнение бизнес-плана Балансы/Значения со страницы Выполнение бизнес-плана/Table Data/Факт Отпуск из сети за отчётный период 3' is: '26 113 910'

26-05-2025T07:39:26 - [MESSAGE][PASSED] - Text of object 'Object Repository/Выполнение бизнес-плана/Выполнение бизнес-плана Балансы/Значения со страницы Выполнение бизнес-плана/Table Data/Факт Отпуск из сети за отчётный период 3' is: '26 113 910'

26-05-2025T07:39:26 - [TEST_STEP][PASSED] - x = x + "/" + z: null

26-05-2025T07:39:26 - [TEST_STEP][PASSED] - z = getText(findTestObject(path + path2 + "Факт Потери за отчётный период " + dZONum)).replaceAll("\s+", ""): Text of object 'Object Repository/Выполнение бизнес-плана/Выполнение бизнес-плана Балансы/Значения со страницы Выполнение бизнес-плана/Table Data/Факт Потери за отчётный период 3' is: '2 581 387'

26-05-2025T07:39:26 - [MESSAGE][PASSED] - Text of object 'Object Repository/Выполнение бизнес-плана/Выполнение бизнес-плана Балансы/Значения со страницы Выполнение бизнес-плана/Table Data/Факт Потери за отчётный период 3' is: '2 581 387'

26-05-2025T07:39:26 - [TEST_STEP][PASSED] - x = x + "/" + z: null

26-05-2025T07:39:26 - [TEST_STEP][PASSED] - z = getText(findTestObject(path + path2 + "План Отпуск в сеть за отчётный период " + dZONum)).replaceAll("\s+", ""): Text of object 'Object Repository/Выполнение бизнес-плана/Выполнение бизнес-плана Балансы/Значения со страницы Выполнение бизнес-плана/Table Data/План Отпуск в сеть за отчётный период 3' is: '30 256 406'

26-05-2025T07:39:26 - [MESSAGE][PASSED] - Text of object 'Object Repository/Выполнение бизнес-плана/Выполнение бизнес-плана Балансы/Значения со страницы Выполнение бизнес-плана/Table Data/План Отпуск в сеть за отчётный период 3' is: '30 256 406'

26-05-2025T07:39:26 - [TEST_STEP][PASSED] - x = x + "/" + z: null

26-05-2025T07:39:26 - [TEST_STEP][PASSED] - z = getText(findTestObject(path + path2 + "План Отпуск из сети за отчётный период " + dZONum)).replaceAll("\s+", ""): Text of object 'Object Repository/Выполнение бизнес-плана/Выполнение бизнес-плана Балансы/Значения со страницы Выполнение бизнес-плана/Table Data/План Отпуск из сети за отчётный период 3' is: '27 414 523'

26-05-2025T07:39:27 - [MESSAGE][PASSED] - Text of object 'Object Repository/Выполнение бизнес-плана/Выполнение бизнес-плана Балансы/Значения со страницы Выполнение бизнес-плана/Table Data/План Отпуск из сети за отчётный период 3' is: '27 414 523'

26-05-2025T07:39:27 - [TEST_STEP][PASSED] - x = x + "/" + z: null

26-05-2025T07:39:27 - [TEST_STEP][PASSED] - z = getText(findTestObject(path + path2 + "План Потери за отчётный период " + dZONum)).replaceAll("\s+", ""): Text of object 'Object Repository/Выполнение бизнес-плана/Выполнение бизнес-плана Балансы/Значения со страницы Выполнение бизнес-плана/Table Data/План Потери за отчётный период 3' is: '2 841 883'

26-05-2025T07:39:27 - [MESSAGE][PASSED] - Text of object 'Object Repository/Выполнение бизнес-плана/Выполнение бизнес-плана Балансы/Значения со страницы Выполнение бизнес-плана/Table Data/План Потери за отчётный период 3' is: '2 841 883'

26-05-2025T07:39:27 - [TEST_STEP][PASSED] - x = x + "/" + z: null

26-05-2025T07:39:27 - [TEST_STEP][PASSED] - z = getText(findTestObject(path + "Отклонения за 1 месяц")).replaceAll("[\r?
|
]", "/"): Text of object 'Object Repository/Выполнение бизнес-плана/Выполнение бизнес-плана Балансы/Отклонения за 1 месяц' is: '0.05
-0.99
-0.40
-1.51
-0.19
-0.25
-1.44
-1.52
Россети ФСК ЕЭС
Россети Волга
Россети Московский регион
Россети Северо-Запад
Россети Томск
Россети Урал (ГК)
Россети Юг (ГК)
Россети Янтарь
-2
-1
0
1
2
3
4
5
6
7'

26-05-2025T07:39:27 - [MESSAGE][PASSED] - Text of object 'Object Repository/Выполнение бизнес-плана/Выполнение бизнес-плана Балансы/Отклонения за 1 месяц' is: '0.05
-0.99
-0.40
-1.51
-0.19
-0.25
-1.44
-1.52
Россети ФСК ЕЭС
Россети Волга
Россети Московский регион
Россети Северо-Запад
Россети Томск
Россети Урал (ГК)
Россети Юг (ГК)
Россети Янтарь
-2
-1
0
1
2
3
4
5
6
7'

26-05-2025T07:39:27 - [TEST_STEP][PASSED] - strToManage = z: null

26-05-2025T07:39:27 - [TEST_STEP][PASSED] - ii = strToManage.indexOf("ГК"): null

26-05-2025T07:39:27 - [TEST_STEP][PASSED] - if (ii > -1): null

26-05-2025T07:39:27 - [TEST_STEP][PASSED] - for ([i1 = 1, i1 > -1, (i1--)]): null

26-05-2025T07:39:27 - [TEST_STEP][PASSED] - strToManage = strToManage.substring(0, strToManage.indexOf("ГК") - 1) + strToManage.substring(strToManage.indexOf("ГК") + 3): null

26-05-2025T07:39:27 - [TEST_STEP][PASSED] - println("strToManage count i1: " + strToManage): null

26-05-2025T07:39:27 - [TEST_STEP][PASSED] - i1 = strToManage.count("ГК"): null

26-05-2025T07:39:27 - [TEST_STEP][PASSED] - println("i1: " + i1): null

26-05-2025T07:39:27 - [TEST_STEP][PASSED] - strToManage = strToManage.substring(0, strToManage.indexOf("ГК") - 1) + strToManage.substring(strToManage.indexOf("ГК") + 3): null

26-05-2025T07:39:27 - [TEST_STEP][PASSED] - println("strToManage count i1: " + strToManage): null

26-05-2025T07:39:27 - [TEST_STEP][PASSED] - i1 = strToManage.count("ГК"): null

26-05-2025T07:39:27 - [TEST_STEP][PASSED] - println("i1: " + i1): null

26-05-2025T07:39:27 - [TEST_STEP][PASSED] - z = strToManage: null

26-05-2025T07:39:27 - [TEST_STEP][PASSED] - println("z: " + z): null

26-05-2025T07:39:27 - [TEST_STEP][PASSED] - lettersStart = z.indexOf("Россети"): null

26-05-2025T07:39:27 - [TEST_STEP][PASSED] - strToManage = z.substring(lettersStart, z.length()): null

26-05-2025T07:39:27 - [TEST_STEP][PASSED] - println("strToManage: " + strToManage): null

26-05-2025T07:39:27 - [TEST_STEP][PASSED] - dZONames = strToManage: null

26-05-2025T07:39:27 - [TEST_STEP][PASSED] - strToManage = strToManage.replaceAll("[а-яА-Я]", ""): null

26-05-2025T07:39:27 - [TEST_STEP][PASSED] - println("strToManage after letters: " + strToManage): null

26-05-2025T07:39:27 - [TEST_STEP][PASSED] - strToManage = replaceAll(" ", "").replaceAll("/-/", ""): null

26-05-2025T07:39:27 - [TEST_STEP][PASSED] - println("strToManage: " + strToManage): null

26-05-2025T07:39:27 - [TEST_STEP][PASSED] - strToManage = strToManage.substring(strToManage.lastIndexOf("//") + 1, strToManage.length()): null

26-05-2025T07:39:27 - [TEST_STEP][PASSED] - println("strToManage: " + strToManage): null

26-05-2025T07:39:27 - [TEST_STEP][PASSED] - ii = z.indexOf(strToManage): null

26-05-2025T07:39:27 - [TEST_STEP][PASSED] - if (ii > -1): null

26-05-2025T07:39:27 - [TEST_STEP][PASSED] - z = z.substring(0, ii) + "/": null

26-05-2025T07:39:27 - [TEST_STEP][PASSED] - println("z: " + z): null

26-05-2025T07:39:27 - [TEST_STEP][PASSED] - println("dZONum: " + dZONum): null

26-05-2025T07:39:27 - [TEST_STEP][PASSED] - strToManage = dZO: null

26-05-2025T07:39:27 - [TEST_STEP][PASSED] - if (strToManage.indexOf("(ГК)") > -1): null

26-05-2025T07:39:27 - [TEST_STEP][PASSED] - strToManage = replaceAll("\p{P}", "").replaceAll("\s+", ""): null

26-05-2025T07:39:27 - [TEST_STEP][PASSED] - println("strToManage: " + strToManage): null

26-05-2025T07:39:27 - [TEST_STEP][PASSED] - if (replaceAll("\s+", "").indexOf(strToManage) > -1): null

26-05-2025T07:39:27 - [TEST_STEP][PASSED] - dZONames = replaceAll("-", "").replaceAll("//", ""): null

26-05-2025T07:39:27 - [TEST_STEP][PASSED] - println("dZONames: " + dZONames): null

26-05-2025T07:39:27 - [TEST_STEP][PASSED] - dZONumOtk = 1: null

26-05-2025T07:39:27 - [TEST_STEP][PASSED] - ii = dZONames.indexOf(strToManage): null

26-05-2025T07:39:27 - [TEST_STEP][PASSED] - if (strToManage != "ФСК"): null

26-05-2025T07:39:27 - [TEST_STEP][PASSED] - if (ii > -1): null

26-05-2025T07:39:27 - [TEST_STEP][PASSED] - for ([i1 = 1, ii > -1, (i1++)]): null

26-05-2025T07:39:27 - [TEST_STEP][PASSED] - dZONames = dZONames.substring(dZONames.indexOf("/") + 1, dZONames.length()): null

26-05-2025T07:39:27 - [TEST_STEP][PASSED] - ii = dZONames.lastIndexOf("/"): null

26-05-2025T07:39:27 - [TEST_STEP][PASSED] - println("dZONames: " + dZONames): null

26-05-2025T07:39:27 - [TEST_STEP][PASSED] - dZONumOtk = dZONumOtk + 1: null

26-05-2025T07:39:27 - [TEST_STEP][PASSED] - println("dZONumOtk: " + dZONumOtk): null

26-05-2025T07:39:27 - [TEST_STEP][PASSED] - dZONames = dZONames.substring(dZONames.indexOf("/") + 1, dZONames.length()): null

26-05-2025T07:39:27 - [TEST_STEP][PASSED] - ii = dZONames.lastIndexOf("/"): null

26-05-2025T07:39:27 - [TEST_STEP][PASSED] - println("dZONames: " + dZONames): null

26-05-2025T07:39:27 - [TEST_STEP][PASSED] - dZONumOtk = dZONumOtk + 1: null

26-05-2025T07:39:27 - [TEST_STEP][PASSED] - println("dZONumOtk: " + dZONumOtk): null

26-05-2025T07:39:27 - [TEST_STEP][PASSED] - dZONames = dZONames.substring(dZONames.indexOf("/") + 1, dZONames.length()): null

26-05-2025T07:39:27 - [TEST_STEP][PASSED] - ii = dZONames.lastIndexOf("/"): null

26-05-2025T07:39:27 - [TEST_STEP][PASSED] - println("dZONames: " + dZONames): null

26-05-2025T07:39:27 - [TEST_STEP][PASSED] - dZONumOtk = dZONumOtk + 1: null

26-05-2025T07:39:27 - [TEST_STEP][PASSED] - println("dZONumOtk: " + dZONumOtk): null

26-05-2025T07:39:27 - [TEST_STEP][PASSED] - dZONames = dZONames.substring(dZONames.indexOf("/") + 1, dZONames.length()): null

26-05-2025T07:39:27 - [TEST_STEP][PASSED] - ii = dZONames.lastIndexOf("/"): null

26-05-2025T07:39:27 - [TEST_STEP][PASSED] - println("dZONames: " + dZONames): null

26-05-2025T07:39:27 - [TEST_STEP][PASSED] - dZONumOtk = dZONumOtk + 1: null

26-05-2025T07:39:27 - [TEST_STEP][PASSED] - println("dZONumOtk: " + dZONumOtk): null

26-05-2025T07:39:27 - [TEST_STEP][PASSED] - dZONames = dZONames.substring(dZONames.indexOf("/") + 1, dZONames.length()): null

26-05-2025T07:39:27 - [TEST_STEP][PASSED] - ii = dZONames.lastIndexOf("/"): null

26-05-2025T07:39:27 - [TEST_STEP][PASSED] - println("dZONames: " + dZONames): null

26-05-2025T07:39:27 - [TEST_STEP][PASSED] - dZONumOtk = dZONumOtk + 1: null

26-05-2025T07:39:27 - [TEST_STEP][PASSED] - println("dZONumOtk: " + dZONumOtk): null

26-05-2025T07:39:27 - [TEST_STEP][PASSED] - dZONames = dZONames.substring(dZONames.indexOf("/") + 1, dZONames.length()): null

26-05-2025T07:39:27 - [TEST_STEP][PASSED] - ii = dZONames.lastIndexOf("/"): null

26-05-2025T07:39:27 - [TEST_STEP][PASSED] - println("dZONames: " + dZONames): null

26-05-2025T07:39:27 - [TEST_STEP][PASSED] - dZONumOtk = dZONumOtk + 1: null

26-05-2025T07:39:27 - [TEST_STEP][PASSED] - println("dZONumOtk: " + dZONumOtk): null

26-05-2025T07:39:27 - [TEST_STEP][PASSED] - dZONames = dZONames.substring(dZONames.indexOf("/") + 1, dZONames.length()): null

26-05-2025T07:39:27 - [TEST_STEP][PASSED] - ii = dZONames.lastIndexOf("/"): null

26-05-2025T07:39:27 - [TEST_STEP][PASSED] - println("dZONames: " + dZONames): null

26-05-2025T07:39:27 - [TEST_STEP][PASSED] - dZONumOtk = dZONumOtk + 1: null

26-05-2025T07:39:27 - [TEST_STEP][PASSED] - println("dZONumOtk: " + dZONumOtk): null

26-05-2025T07:39:27 - [TEST_STEP][PASSED] - if (z.indexOf("//") > -1): null

26-05-2025T07:39:27 - [TEST_STEP][PASSED] - println("z: " + z): null

26-05-2025T07:39:27 - [TEST_STEP][PASSED] - for ([ii = 1, ii < dZONumOtk, (ii++)]): null

26-05-2025T07:39:27 - [TEST_STEP][PASSED] - i1 = z.indexOf("/") + 1: null

26-05-2025T07:39:27 - [TEST_STEP][PASSED] - z = z.substring(i1, z.length()): null

26-05-2025T07:39:27 - [TEST_STEP][PASSED] - println("ii: " + ii): null

26-05-2025T07:39:27 - [TEST_STEP][PASSED] - println("z: " + z): null

26-05-2025T07:39:27 - [TEST_STEP][PASSED] - i1 = z.indexOf("/") + 1: null

26-05-2025T07:39:27 - [TEST_STEP][PASSED] - z = z.substring(i1, z.length()): null

26-05-2025T07:39:27 - [TEST_STEP][PASSED] - println("ii: " + ii): null

26-05-2025T07:39:27 - [TEST_STEP][PASSED] - println("z: " + z): null

26-05-2025T07:39:27 - [TEST_STEP][PASSED] - i1 = z.indexOf("/") + 1: null

26-05-2025T07:39:27 - [TEST_STEP][PASSED] - z = z.substring(i1, z.length()): null

26-05-2025T07:39:27 - [TEST_STEP][PASSED] - println("ii: " + ii): null

26-05-2025T07:39:27 - [TEST_STEP][PASSED] - println("z: " + z): null

26-05-2025T07:39:27 - [TEST_STEP][PASSED] - i1 = z.indexOf("/") + 1: null

26-05-2025T07:39:27 - [TEST_STEP][PASSED] - z = z.substring(i1, z.length()): null

26-05-2025T07:39:27 - [TEST_STEP][PASSED] - println("ii: " + ii): null

26-05-2025T07:39:27 - [TEST_STEP][PASSED] - println("z: " + z): null

26-05-2025T07:39:27 - [TEST_STEP][PASSED] - i1 = z.indexOf("/") + 1: null

26-05-2025T07:39:27 - [TEST_STEP][PASSED] - z = z.substring(i1, z.length()): null

26-05-2025T07:39:27 - [TEST_STEP][PASSED] - println("ii: " + ii): null

26-05-2025T07:39:27 - [TEST_STEP][PASSED] - println("z: " + z): null

26-05-2025T07:39:27 - [TEST_STEP][PASSED] - i1 = z.indexOf("/") + 1: null

26-05-2025T07:39:27 - [TEST_STEP][PASSED] - z = z.substring(i1, z.length()): null

26-05-2025T07:39:27 - [TEST_STEP][PASSED] - println("ii: " + ii): null

26-05-2025T07:39:27 - [TEST_STEP][PASSED] - println("z: " + z): null

26-05-2025T07:39:27 - [TEST_STEP][PASSED] - i1 = z.indexOf("/") + 1: null

26-05-2025T07:39:27 - [TEST_STEP][PASSED] - z = z.substring(i1, z.length()): null

26-05-2025T07:39:27 - [TEST_STEP][PASSED] - println("ii: " + ii): null

26-05-2025T07:39:27 - [TEST_STEP][PASSED] - println("z: " + z): null

26-05-2025T07:39:27 - [TEST_STEP][PASSED] - z = z.substring(0, z.indexOf("/")): null

26-05-2025T07:39:27 - [TEST_STEP][PASSED] - println("z: " + z): null

26-05-2025T07:39:27 - [TEST_STEP][PASSED] - x = x + "/" + z: null

26-05-2025T07:39:27 - [TEST_STEP][PASSED] - x = x.replaceAll("[\r?
|
]", ""): null

26-05-2025T07:39:27 - [TEST_STEP][PASSED] - println("x =" + x): null

26-05-2025T07:39:27 - [TEST_STEP][PASSED] - return x: null

26-05-2025T07:39:27 - [TEST_STEP][PASSED] - println("mB: " + mB): null

26-05-2025T07:39:27 - [TEST_STEP][PASSED] - i = VseDZO.indexOf("Кавказ"): null

26-05-2025T07:39:27 - [TEST_STEP][PASSED] - if (i > -1): null

26-05-2025T07:39:27 - [TEST_STEP][PASSED] - else: null

26-05-2025T07:39:27 - [TEST_STEP][PASSED] - sKB = sKB + "нет данных/нет данных/нет данных/нет данных/нет данных/нет данных/нет данных/нет данных/нет данных": null

26-05-2025T07:39:27 - [TEST_STEP][PASSED] - println("sKB: " + sKB): null

26-05-2025T07:39:27 - [TEST_STEP][PASSED] - i = VseDZO.indexOf("Запад"): null

26-05-2025T07:39:27 - [TEST_STEP][PASSED] - if (i > -1): null

26-05-2025T07:39:27 - [TEST_STEP][PASSED] - dZONum = dZONum + 1: null

26-05-2025T07:39:27 - [TEST_STEP][PASSED] - sZB = GetAllData(path, dZONum, VseDZO, x = "Россети Северо-Запад/", dZO): null

26-05-2025T07:39:27 - [TEST_STEP][PASSED] - ii = <not implemented yet for class: org.codehaus.groovy.ast.expr.EmptyExpression>: null

26-05-2025T07:39:27 - [TEST_STEP][PASSED] - i1 = <not implemented yet for class: org.codehaus.groovy.ast.expr.EmptyExpression>: null

26-05-2025T07:39:27 - [TEST_STEP][PASSED] - z = <not implemented yet for class: org.codehaus.groovy.ast.expr.EmptyExpression>: null

26-05-2025T07:39:27 - [TEST_STEP][PASSED] - strToManage = <not implemented yet for class: org.codehaus.groovy.ast.expr.EmptyExpression>: null

26-05-2025T07:39:27 - [TEST_STEP][PASSED] - path2 = "Значения со страницы Выполнение бизнес-плана/Table Data/": null

26-05-2025T07:39:27 - [TEST_STEP][PASSED] - println("path: " + path): null

26-05-2025T07:39:27 - [TEST_STEP][PASSED] - dZONumOtk = <not implemented yet for class: org.codehaus.groovy.ast.expr.EmptyExpression>: null

26-05-2025T07:39:27 - [TEST_STEP][PASSED] - println("dZONum: " + dZONum): null

26-05-2025T07:39:27 - [TEST_STEP][PASSED] - dZO = x.substring(x.indexOf("/")): null

26-05-2025T07:39:27 - [TEST_STEP][PASSED] - println("dZO: " + dZO): null

26-05-2025T07:39:27 - [TEST_STEP][PASSED] - z = getText(findTestObject(path + "spanPlan" + dZONum)): Text of object 'Object Repository/Выполнение бизнес-плана/Выполнение бизнес-плана Балансы/spanPlan4' is: '6.73
|'

26-05-2025T07:39:28 - [MESSAGE][PASSED] - Text of object 'Object Repository/Выполнение бизнес-плана/Выполнение бизнес-плана Балансы/spanPlan4' is: '6.73
|'

26-05-2025T07:39:28 - [TEST_STEP][PASSED] - println(z): null

26-05-2025T07:39:28 - [TEST_STEP][PASSED] - if (z != ""): null

26-05-2025T07:39:28 - [TEST_STEP][PASSED] - ii = z.indexOf("|"): null

26-05-2025T07:39:28 - [TEST_STEP][PASSED] - if (ii > -1): null

26-05-2025T07:39:28 - [TEST_STEP][PASSED] - z = z.substring(0, z.length() - 1): null

26-05-2025T07:39:28 - [TEST_STEP][PASSED] - println(z): null

26-05-2025T07:39:28 - [TEST_STEP][PASSED] - z = z.replaceAll("\s+", ""): null

26-05-2025T07:39:28 - [TEST_STEP][PASSED] - z = z.replace("[\r?
|
]", "/"): null

26-05-2025T07:39:28 - [TEST_STEP][PASSED] - println(z): null

26-05-2025T07:39:28 - [TEST_STEP][PASSED] - x = x + z: null

26-05-2025T07:39:28 - [TEST_STEP][PASSED] - z = getText(findTestObject(path + "spanFact" + dZONum)): Text of object 'Object Repository/Выполнение бизнес-плана/Выполнение бизнес-плана Балансы/spanFact4' is: '5.22'

26-05-2025T07:39:28 - [MESSAGE][PASSED] - Text of object 'Object Repository/Выполнение бизнес-плана/Выполнение бизнес-плана Балансы/spanFact4' is: '5.22'

26-05-2025T07:39:28 - [TEST_STEP][PASSED] - ii = z.indexOf("|"): null

26-05-2025T07:39:28 - [TEST_STEP][PASSED] - if (ii > -1): null

26-05-2025T07:39:28 - [TEST_STEP][PASSED] - x = x + "/" + z: null

26-05-2025T07:39:28 - [TEST_STEP][PASSED] - z = getText(findTestObject(path + path2 + "Факт Отпуск в сеть за отчётный период " + dZONum)).replaceAll("\s+", ""): Text of object 'Object Repository/Выполнение бизнес-плана/Выполнение бизнес-плана Балансы/Значения со страницы Выполнение бизнес-плана/Table Data/Факт Отпуск в сеть за отчётный период 4' is: '6 258 254'

26-05-2025T07:39:28 - [MESSAGE][PASSED] - Text of object 'Object Repository/Выполнение бизнес-плана/Выполнение бизнес-плана Балансы/Значения со страницы Выполнение бизнес-плана/Table Data/Факт Отпуск в сеть за отчётный период 4' is: '6 258 254'

26-05-2025T07:39:28 - [TEST_STEP][PASSED] - println("z=" + z): null

26-05-2025T07:39:28 - [TEST_STEP][PASSED] - x = x + "/" + z: null

26-05-2025T07:39:28 - [TEST_STEP][PASSED] - z = getText(findTestObject(path + path2 + "Факт Отпуск из сети за отчётный период " + dZONum)).replaceAll("\s+", ""): Text of object 'Object Repository/Выполнение бизнес-плана/Выполнение бизнес-плана Балансы/Значения со страницы Выполнение бизнес-плана/Table Data/Факт Отпуск из сети за отчётный период 4' is: '5 931 711'

26-05-2025T07:39:29 - [MESSAGE][PASSED] - Text of object 'Object Repository/Выполнение бизнес-плана/Выполнение бизнес-плана Балансы/Значения со страницы Выполнение бизнес-плана/Table Data/Факт Отпуск из сети за отчётный период 4' is: '5 931 711'

26-05-2025T07:39:29 - [TEST_STEP][PASSED] - x = x + "/" + z: null

26-05-2025T07:39:29 - [TEST_STEP][PASSED] - z = getText(findTestObject(path + path2 + "Факт Потери за отчётный период " + dZONum)).replaceAll("\s+", ""): Text of object 'Object Repository/Выполнение бизнес-плана/Выполнение бизнес-плана Балансы/Значения со страницы Выполнение бизнес-плана/Table Data/Факт Потери за отчётный период 4' is: '326 542'

26-05-2025T07:39:29 - [MESSAGE][PASSED] - Text of object 'Object Repository/Выполнение бизнес-плана/Выполнение бизнес-плана Балансы/Значения со страницы Выполнение бизнес-плана/Table Data/Факт Потери за отчётный период 4' is: '326 542'

26-05-2025T07:39:29 - [TEST_STEP][PASSED] - x = x + "/" + z: null

26-05-2025T07:39:29 - [TEST_STEP][PASSED] - z = getText(findTestObject(path + path2 + "План Отпуск в сеть за отчётный период " + dZONum)).replaceAll("\s+", ""): Text of object 'Object Repository/Выполнение бизнес-плана/Выполнение бизнес-плана Балансы/Значения со страницы Выполнение бизнес-плана/Table Data/План Отпуск в сеть за отчётный период 4' is: '6 540 566'

26-05-2025T07:39:29 - [MESSAGE][PASSED] - Text of object 'Object Repository/Выполнение бизнес-плана/Выполнение бизнес-плана Балансы/Значения со страницы Выполнение бизнес-плана/Table Data/План Отпуск в сеть за отчётный период 4' is: '6 540 566'

26-05-2025T07:39:29 - [TEST_STEP][PASSED] - x = x + "/" + z: null

26-05-2025T07:39:29 - [TEST_STEP][PASSED] - z = getText(findTestObject(path + path2 + "План Отпуск из сети за отчётный период " + dZONum)).replaceAll("\s+", ""): Text of object 'Object Repository/Выполнение бизнес-плана/Выполнение бизнес-плана Балансы/Значения со страницы Выполнение бизнес-плана/Table Data/План Отпуск из сети за отчётный период 4' is: '6 100 575'

26-05-2025T07:39:30 - [MESSAGE][PASSED] - Text of object 'Object Repository/Выполнение бизнес-плана/Выполнение бизнес-плана Балансы/Значения со страницы Выполнение бизнес-плана/Table Data/План Отпуск из сети за отчётный период 4' is: '6 100 575'

26-05-2025T07:39:30 - [TEST_STEP][PASSED] - x = x + "/" + z: null

26-05-2025T07:39:30 - [TEST_STEP][PASSED] - z = getText(findTestObject(path + path2 + "План Потери за отчётный период " + dZONum)).replaceAll("\s+", ""): Text of object 'Object Repository/Выполнение бизнес-плана/Выполнение бизнес-плана Балансы/Значения со страницы Выполнение бизнес-плана/Table Data/План Потери за отчётный период 4' is: '439 991'

26-05-2025T07:39:30 - [MESSAGE][PASSED] - Text of object 'Object Repository/Выполнение бизнес-плана/Выполнение бизнес-плана Балансы/Значения со страницы Выполнение бизнес-плана/Table Data/План Потери за отчётный период 4' is: '439 991'

26-05-2025T07:39:30 - [TEST_STEP][PASSED] - x = x + "/" + z: null

26-05-2025T07:39:30 - [TEST_STEP][PASSED] - z = getText(findTestObject(path + "Отклонения за 1 месяц")).replaceAll("[\r?
|
]", "/"): Text of object 'Object Repository/Выполнение бизнес-плана/Выполнение бизнес-плана Балансы/Отклонения за 1 месяц' is: '0.05
-0.99
-0.40
-1.51
-0.19
-0.25
-1.44
-1.52
Россети ФСК ЕЭС
Россети Волга
Россети Московский регион
Россети Северо-Запад
Россети Томск
Россети Урал (ГК)
Россети Юг (ГК)
Россети Янтарь
-2
-1
0
1
2
3
4
5
6
7'

26-05-2025T07:39:30 - [MESSAGE][PASSED] - Text of object 'Object Repository/Выполнение бизнес-плана/Выполнение бизнес-плана Балансы/Отклонения за 1 месяц' is: '0.05
-0.99
-0.40
-1.51
-0.19
-0.25
-1.44
-1.52
Россети ФСК ЕЭС
Россети Волга
Россети Московский регион
Россети Северо-Запад
Россети Томск
Россети Урал (ГК)
Россети Юг (ГК)
Россети Янтарь
-2
-1
0
1
2
3
4
5
6
7'

26-05-2025T07:39:30 - [TEST_STEP][PASSED] - strToManage = z: null

26-05-2025T07:39:30 - [TEST_STEP][PASSED] - ii = strToManage.indexOf("ГК"): null

26-05-2025T07:39:30 - [TEST_STEP][PASSED] - if (ii > -1): null

26-05-2025T07:39:30 - [TEST_STEP][PASSED] - for ([i1 = 1, i1 > -1, (i1--)]): null

26-05-2025T07:39:30 - [TEST_STEP][PASSED] - strToManage = strToManage.substring(0, strToManage.indexOf("ГК") - 1) + strToManage.substring(strToManage.indexOf("ГК") + 3): null

26-05-2025T07:39:30 - [TEST_STEP][PASSED] - println("strToManage count i1: " + strToManage): null

26-05-2025T07:39:30 - [TEST_STEP][PASSED] - i1 = strToManage.count("ГК"): null

26-05-2025T07:39:30 - [TEST_STEP][PASSED] - println("i1: " + i1): null

26-05-2025T07:39:30 - [TEST_STEP][PASSED] - strToManage = strToManage.substring(0, strToManage.indexOf("ГК") - 1) + strToManage.substring(strToManage.indexOf("ГК") + 3): null

26-05-2025T07:39:30 - [TEST_STEP][PASSED] - println("strToManage count i1: " + strToManage): null

26-05-2025T07:39:30 - [TEST_STEP][PASSED] - i1 = strToManage.count("ГК"): null

26-05-2025T07:39:30 - [TEST_STEP][PASSED] - println("i1: " + i1): null

26-05-2025T07:39:30 - [TEST_STEP][PASSED] - z = strToManage: null

26-05-2025T07:39:30 - [TEST_STEP][PASSED] - println("z: " + z): null

26-05-2025T07:39:30 - [TEST_STEP][PASSED] - lettersStart = z.indexOf("Россети"): null

26-05-2025T07:39:30 - [TEST_STEP][PASSED] - strToManage = z.substring(lettersStart, z.length()): null

26-05-2025T07:39:30 - [TEST_STEP][PASSED] - println("strToManage: " + strToManage): null

26-05-2025T07:39:30 - [TEST_STEP][PASSED] - dZONames = strToManage: null

26-05-2025T07:39:30 - [TEST_STEP][PASSED] - strToManage = strToManage.replaceAll("[а-яА-Я]", ""): null

26-05-2025T07:39:30 - [TEST_STEP][PASSED] - println("strToManage after letters: " + strToManage): null

26-05-2025T07:39:30 - [TEST_STEP][PASSED] - strToManage = replaceAll(" ", "").replaceAll("/-/", ""): null

26-05-2025T07:39:30 - [TEST_STEP][PASSED] - println("strToManage: " + strToManage): null

26-05-2025T07:39:30 - [TEST_STEP][PASSED] - strToManage = strToManage.substring(strToManage.lastIndexOf("//") + 1, strToManage.length()): null

26-05-2025T07:39:30 - [TEST_STEP][PASSED] - println("strToManage: " + strToManage): null

26-05-2025T07:39:30 - [TEST_STEP][PASSED] - ii = z.indexOf(strToManage): null

26-05-2025T07:39:30 - [TEST_STEP][PASSED] - if (ii > -1): null

26-05-2025T07:39:30 - [TEST_STEP][PASSED] - z = z.substring(0, ii) + "/": null

26-05-2025T07:39:30 - [TEST_STEP][PASSED] - println("z: " + z): null

26-05-2025T07:39:30 - [TEST_STEP][PASSED] - println("dZONum: " + dZONum): null

26-05-2025T07:39:30 - [TEST_STEP][PASSED] - strToManage = dZO: null

26-05-2025T07:39:30 - [TEST_STEP][PASSED] - if (strToManage.indexOf("(ГК)") > -1): null

26-05-2025T07:39:30 - [TEST_STEP][PASSED] - strToManage = replaceAll("\p{P}", "").replaceAll("\s+", ""): null

26-05-2025T07:39:30 - [TEST_STEP][PASSED] - println("strToManage: " + strToManage): null

26-05-2025T07:39:30 - [TEST_STEP][PASSED] - if (replaceAll("\s+", "").indexOf(strToManage) > -1): null

26-05-2025T07:39:30 - [TEST_STEP][PASSED] - dZONames = replaceAll("-", "").replaceAll("//", ""): null

26-05-2025T07:39:30 - [TEST_STEP][PASSED] - println("dZONames: " + dZONames): null

26-05-2025T07:39:30 - [TEST_STEP][PASSED] - dZONumOtk = 1: null

26-05-2025T07:39:30 - [TEST_STEP][PASSED] - ii = dZONames.indexOf(strToManage): null

26-05-2025T07:39:30 - [TEST_STEP][PASSED] - if (strToManage != "ФСК"): null

26-05-2025T07:39:30 - [TEST_STEP][PASSED] - if (ii > -1): null

26-05-2025T07:39:30 - [TEST_STEP][PASSED] - for ([i1 = 1, ii > -1, (i1++)]): null

26-05-2025T07:39:30 - [TEST_STEP][PASSED] - dZONames = dZONames.substring(dZONames.indexOf("/") + 1, dZONames.length()): null

26-05-2025T07:39:30 - [TEST_STEP][PASSED] - ii = dZONames.lastIndexOf("/"): null

26-05-2025T07:39:30 - [TEST_STEP][PASSED] - println("dZONames: " + dZONames): null

26-05-2025T07:39:30 - [TEST_STEP][PASSED] - dZONumOtk = dZONumOtk + 1: null

26-05-2025T07:39:30 - [TEST_STEP][PASSED] - println("dZONumOtk: " + dZONumOtk): null

26-05-2025T07:39:30 - [TEST_STEP][PASSED] - dZONames = dZONames.substring(dZONames.indexOf("/") + 1, dZONames.length()): null

26-05-2025T07:39:30 - [TEST_STEP][PASSED] - ii = dZONames.lastIndexOf("/"): null

26-05-2025T07:39:30 - [TEST_STEP][PASSED] - println("dZONames: " + dZONames): null

26-05-2025T07:39:30 - [TEST_STEP][PASSED] - dZONumOtk = dZONumOtk + 1: null

26-05-2025T07:39:30 - [TEST_STEP][PASSED] - println("dZONumOtk: " + dZONumOtk): null

26-05-2025T07:39:30 - [TEST_STEP][PASSED] - dZONames = dZONames.substring(dZONames.indexOf("/") + 1, dZONames.length()): null

26-05-2025T07:39:30 - [TEST_STEP][PASSED] - ii = dZONames.lastIndexOf("/"): null

26-05-2025T07:39:30 - [TEST_STEP][PASSED] - println("dZONames: " + dZONames): null

26-05-2025T07:39:30 - [TEST_STEP][PASSED] - dZONumOtk = dZONumOtk + 1: null

26-05-2025T07:39:30 - [TEST_STEP][PASSED] - println("dZONumOtk: " + dZONumOtk): null

26-05-2025T07:39:30 - [TEST_STEP][PASSED] - dZONames = dZONames.substring(dZONames.indexOf("/") + 1, dZONames.length()): null

26-05-2025T07:39:30 - [TEST_STEP][PASSED] - ii = dZONames.lastIndexOf("/"): null

26-05-2025T07:39:30 - [TEST_STEP][PASSED] - println("dZONames: " + dZONames): null

26-05-2025T07:39:30 - [TEST_STEP][PASSED] - dZONumOtk = dZONumOtk + 1: null

26-05-2025T07:39:30 - [TEST_STEP][PASSED] - println("dZONumOtk: " + dZONumOtk): null

26-05-2025T07:39:30 - [TEST_STEP][PASSED] - dZONames = dZONames.substring(dZONames.indexOf("/") + 1, dZONames.length()): null

26-05-2025T07:39:30 - [TEST_STEP][PASSED] - ii = dZONames.lastIndexOf("/"): null

26-05-2025T07:39:30 - [TEST_STEP][PASSED] - println("dZONames: " + dZONames): null

26-05-2025T07:39:30 - [TEST_STEP][PASSED] - dZONumOtk = dZONumOtk + 1: null

26-05-2025T07:39:30 - [TEST_STEP][PASSED] - println("dZONumOtk: " + dZONumOtk): null

26-05-2025T07:39:30 - [TEST_STEP][PASSED] - dZONames = dZONames.substring(dZONames.indexOf("/") + 1, dZONames.length()): null

26-05-2025T07:39:30 - [TEST_STEP][PASSED] - ii = dZONames.lastIndexOf("/"): null

26-05-2025T07:39:30 - [TEST_STEP][PASSED] - println("dZONames: " + dZONames): null

26-05-2025T07:39:30 - [TEST_STEP][PASSED] - dZONumOtk = dZONumOtk + 1: null

26-05-2025T07:39:30 - [TEST_STEP][PASSED] - println("dZONumOtk: " + dZONumOtk): null

26-05-2025T07:39:30 - [TEST_STEP][PASSED] - dZONames = dZONames.substring(dZONames.indexOf("/") + 1, dZONames.length()): null

26-05-2025T07:39:30 - [TEST_STEP][PASSED] - ii = dZONames.lastIndexOf("/"): null

26-05-2025T07:39:30 - [TEST_STEP][PASSED] - println("dZONames: " + dZONames): null

26-05-2025T07:39:30 - [TEST_STEP][PASSED] - dZONumOtk = dZONumOtk + 1: null

26-05-2025T07:39:30 - [TEST_STEP][PASSED] - println("dZONumOtk: " + dZONumOtk): null

26-05-2025T07:39:30 - [TEST_STEP][PASSED] - if (z.indexOf("//") > -1): null

26-05-2025T07:39:30 - [TEST_STEP][PASSED] - println("z: " + z): null

26-05-2025T07:39:30 - [TEST_STEP][PASSED] - for ([ii = 1, ii < dZONumOtk, (ii++)]): null

26-05-2025T07:39:30 - [TEST_STEP][PASSED] - i1 = z.indexOf("/") + 1: null

26-05-2025T07:39:30 - [TEST_STEP][PASSED] - z = z.substring(i1, z.length()): null

26-05-2025T07:39:30 - [TEST_STEP][PASSED] - println("ii: " + ii): null

26-05-2025T07:39:30 - [TEST_STEP][PASSED] - println("z: " + z): null

26-05-2025T07:39:30 - [TEST_STEP][PASSED] - i1 = z.indexOf("/") + 1: null

26-05-2025T07:39:30 - [TEST_STEP][PASSED] - z = z.substring(i1, z.length()): null

26-05-2025T07:39:30 - [TEST_STEP][PASSED] - println("ii: " + ii): null

26-05-2025T07:39:30 - [TEST_STEP][PASSED] - println("z: " + z): null

26-05-2025T07:39:30 - [TEST_STEP][PASSED] - i1 = z.indexOf("/") + 1: null

26-05-2025T07:39:30 - [TEST_STEP][PASSED] - z = z.substring(i1, z.length()): null

26-05-2025T07:39:30 - [TEST_STEP][PASSED] - println("ii: " + ii): null

26-05-2025T07:39:30 - [TEST_STEP][PASSED] - println("z: " + z): null

26-05-2025T07:39:30 - [TEST_STEP][PASSED] - i1 = z.indexOf("/") + 1: null

26-05-2025T07:39:30 - [TEST_STEP][PASSED] - z = z.substring(i1, z.length()): null

26-05-2025T07:39:30 - [TEST_STEP][PASSED] - println("ii: " + ii): null

26-05-2025T07:39:30 - [TEST_STEP][PASSED] - println("z: " + z): null

26-05-2025T07:39:30 - [TEST_STEP][PASSED] - i1 = z.indexOf("/") + 1: null

26-05-2025T07:39:30 - [TEST_STEP][PASSED] - z = z.substring(i1, z.length()): null

26-05-2025T07:39:30 - [TEST_STEP][PASSED] - println("ii: " + ii): null

26-05-2025T07:39:30 - [TEST_STEP][PASSED] - println("z: " + z): null

26-05-2025T07:39:30 - [TEST_STEP][PASSED] - i1 = z.indexOf("/") + 1: null

26-05-2025T07:39:30 - [TEST_STEP][PASSED] - z = z.substring(i1, z.length()): null

26-05-2025T07:39:30 - [TEST_STEP][PASSED] - println("ii: " + ii): null

26-05-2025T07:39:30 - [TEST_STEP][PASSED] - println("z: " + z): null

26-05-2025T07:39:30 - [TEST_STEP][PASSED] - i1 = z.indexOf("/") + 1: null

26-05-2025T07:39:30 - [TEST_STEP][PASSED] - z = z.substring(i1, z.length()): null

26-05-2025T07:39:30 - [TEST_STEP][PASSED] - println("ii: " + ii): null

26-05-2025T07:39:30 - [TEST_STEP][PASSED] - println("z: " + z): null

26-05-2025T07:39:30 - [TEST_STEP][PASSED] - z = z.substring(0, z.indexOf("/")): null

26-05-2025T07:39:30 - [TEST_STEP][PASSED] - println("z: " + z): null

26-05-2025T07:39:30 - [TEST_STEP][PASSED] - x = x + "/" + z: null

26-05-2025T07:39:30 - [TEST_STEP][PASSED] - x = x.replaceAll("[\r?
|
]", ""): null

26-05-2025T07:39:30 - [TEST_STEP][PASSED] - println("x =" + x): null

26-05-2025T07:39:30 - [TEST_STEP][PASSED] - return x: null

26-05-2025T07:39:30 - [TEST_STEP][PASSED] - println("sZB: " + sZB): null

26-05-2025T07:39:30 - [TEST_STEP][PASSED] - i = VseDZO.indexOf("Сибирь"): null

26-05-2025T07:39:30 - [TEST_STEP][PASSED] - if (i > -1): null

26-05-2025T07:39:30 - [TEST_STEP][PASSED] - else: null

26-05-2025T07:39:30 - [TEST_STEP][PASSED] - siB = siB + "нет данных/нет данных/нет данных/нет данных/нет данных/нет данных/нет данных/нет данных/нет данных": null

26-05-2025T07:39:30 - [TEST_STEP][PASSED] - println("siB: " + siB): null

26-05-2025T07:39:30 - [TEST_STEP][PASSED] - i = VseDZO.indexOf("Томск"): null

26-05-2025T07:39:30 - [TEST_STEP][PASSED] - if (i > -1): null

26-05-2025T07:39:30 - [TEST_STEP][PASSED] - dZONum = dZONum + 1: null

26-05-2025T07:39:30 - [TEST_STEP][PASSED] - tomB = GetAllData(path, dZONum, VseDZO, x = "Россети Томск/", dZO): null

26-05-2025T07:39:30 - [TEST_STEP][PASSED] - ii = <not implemented yet for class: org.codehaus.groovy.ast.expr.EmptyExpression>: null

26-05-2025T07:39:30 - [TEST_STEP][PASSED] - i1 = <not implemented yet for class: org.codehaus.groovy.ast.expr.EmptyExpression>: null

26-05-2025T07:39:30 - [TEST_STEP][PASSED] - z = <not implemented yet for class: org.codehaus.groovy.ast.expr.EmptyExpression>: null

26-05-2025T07:39:30 - [TEST_STEP][PASSED] - strToManage = <not implemented yet for class: org.codehaus.groovy.ast.expr.EmptyExpression>: null

26-05-2025T07:39:30 - [TEST_STEP][PASSED] - path2 = "Значения со страницы Выполнение бизнес-плана/Table Data/": null

26-05-2025T07:39:30 - [TEST_STEP][PASSED] - println("path: " + path): null

26-05-2025T07:39:30 - [TEST_STEP][PASSED] - dZONumOtk = <not implemented yet for class: org.codehaus.groovy.ast.expr.EmptyExpression>: null

26-05-2025T07:39:30 - [TEST_STEP][PASSED] - println("dZONum: " + dZONum): null

26-05-2025T07:39:30 - [TEST_STEP][PASSED] - dZO = x.substring(x.indexOf("/")): null

26-05-2025T07:39:30 - [TEST_STEP][PASSED] - println("dZO: " + dZO): null

26-05-2025T07:39:30 - [TEST_STEP][PASSED] - z = getText(findTestObject(path + "spanPlan" + dZONum)): Text of object 'Object Repository/Выполнение бизнес-плана/Выполнение бизнес-плана Балансы/spanPlan5' is: '10.74
|'

26-05-2025T07:39:30 - [MESSAGE][PASSED] - Text of object 'Object Repository/Выполнение бизнес-плана/Выполнение бизнес-плана Балансы/spanPlan5' is: '10.74
|'

26-05-2025T07:39:30 - [TEST_STEP][PASSED] - println(z): null

26-05-2025T07:39:30 - [TEST_STEP][PASSED] - if (z != ""): null

26-05-2025T07:39:30 - [TEST_STEP][PASSED] - ii = z.indexOf("|"): null

26-05-2025T07:39:30 - [TEST_STEP][PASSED] - if (ii > -1): null

26-05-2025T07:39:30 - [TEST_STEP][PASSED] - z = z.substring(0, z.length() - 1): null

26-05-2025T07:39:30 - [TEST_STEP][PASSED] - println(z): null

26-05-2025T07:39:30 - [TEST_STEP][PASSED] - z = z.replaceAll("\s+", ""): null

26-05-2025T07:39:30 - [TEST_STEP][PASSED] - z = z.replace("[\r?
|
]", "/"): null

26-05-2025T07:39:30 - [TEST_STEP][PASSED] - println(z): null

26-05-2025T07:39:30 - [TEST_STEP][PASSED] - x = x + z: null

26-05-2025T07:39:30 - [TEST_STEP][PASSED] - z = getText(findTestObject(path + "spanFact" + dZONum)): Text of object 'Object Repository/Выполнение бизнес-плана/Выполнение бизнес-плана Балансы/spanFact5' is: '10.55'

26-05-2025T07:39:31 - [MESSAGE][PASSED] - Text of object 'Object Repository/Выполнение бизнес-плана/Выполнение бизнес-плана Балансы/spanFact5' is: '10.55'

26-05-2025T07:39:31 - [TEST_STEP][PASSED] - ii = z.indexOf("|"): null

26-05-2025T07:39:31 - [TEST_STEP][PASSED] - if (ii > -1): null

26-05-2025T07:39:31 - [TEST_STEP][PASSED] - x = x + "/" + z: null

26-05-2025T07:39:31 - [TEST_STEP][PASSED] - z = getText(findTestObject(path + path2 + "Факт Отпуск в сеть за отчётный период " + dZONum)).replaceAll("\s+", ""): Text of object 'Object Repository/Выполнение бизнес-плана/Выполнение бизнес-плана Балансы/Значения со страницы Выполнение бизнес-плана/Table Data/Факт Отпуск в сеть за отчётный период 5' is: '1 364 454'

26-05-2025T07:39:31 - [MESSAGE][PASSED] - Text of object 'Object Repository/Выполнение бизнес-плана/Выполнение бизнес-плана Балансы/Значения со страницы Выполнение бизнес-плана/Table Data/Факт Отпуск в сеть за отчётный период 5' is: '1 364 454'

26-05-2025T07:39:31 - [TEST_STEP][PASSED] - println("z=" + z): null

26-05-2025T07:39:31 - [TEST_STEP][PASSED] - x = x + "/" + z: null

26-05-2025T07:39:31 - [TEST_STEP][PASSED] - z = getText(findTestObject(path + path2 + "Факт Отпуск из сети за отчётный период " + dZONum)).replaceAll("\s+", ""): Text of object 'Object Repository/Выполнение бизнес-плана/Выполнение бизнес-плана Балансы/Значения со страницы Выполнение бизнес-плана/Table Data/Факт Отпуск из сети за отчётный период 5' is: '1 220 439'

26-05-2025T07:39:31 - [MESSAGE][PASSED] - Text of object 'Object Repository/Выполнение бизнес-плана/Выполнение бизнес-плана Балансы/Значения со страницы Выполнение бизнес-плана/Table Data/Факт Отпуск из сети за отчётный период 5' is: '1 220 439'

26-05-2025T07:39:31 - [TEST_STEP][PASSED] - x = x + "/" + z: null

26-05-2025T07:39:31 - [TEST_STEP][PASSED] - z = getText(findTestObject(path + path2 + "Факт Потери за отчётный период " + dZONum)).replaceAll("\s+", ""): Text of object 'Object Repository/Выполнение бизнес-плана/Выполнение бизнес-плана Балансы/Значения со страницы Выполнение бизнес-плана/Table Data/Факт Потери за отчётный период 5' is: '144 015'

26-05-2025T07:39:32 - [MESSAGE][PASSED] - Text of object 'Object Repository/Выполнение бизнес-плана/Выполнение бизнес-плана Балансы/Значения со страницы Выполнение бизнес-плана/Table Data/Факт Потери за отчётный период 5' is: '144 015'

26-05-2025T07:39:32 - [TEST_STEP][PASSED] - x = x + "/" + z: null

26-05-2025T07:39:32 - [TEST_STEP][PASSED] - z = getText(findTestObject(path + path2 + "План Отпуск в сеть за отчётный период " + dZONum)).replaceAll("\s+", ""): Text of object 'Object Repository/Выполнение бизнес-плана/Выполнение бизнес-плана Балансы/Значения со страницы Выполнение бизнес-плана/Table Data/План Отпуск в сеть за отчётный период 5' is: '1 428 476'

26-05-2025T07:39:32 - [MESSAGE][PASSED] - Text of object 'Object Repository/Выполнение бизнес-плана/Выполнение бизнес-плана Балансы/Значения со страницы Выполнение бизнес-плана/Table Data/План Отпуск в сеть за отчётный период 5' is: '1 428 476'

26-05-2025T07:39:32 - [TEST_STEP][PASSED] - x = x + "/" + z: null

26-05-2025T07:39:32 - [TEST_STEP][PASSED] - z = getText(findTestObject(path + path2 + "План Отпуск из сети за отчётный период " + dZONum)).replaceAll("\s+", ""): Text of object 'Object Repository/Выполнение бизнес-плана/Выполнение бизнес-плана Балансы/Значения со страницы Выполнение бизнес-плана/Table Data/План Отпуск из сети за отчётный период 5' is: '1 275 060'

26-05-2025T07:39:32 - [MESSAGE][PASSED] - Text of object 'Object Repository/Выполнение бизнес-плана/Выполнение бизнес-плана Балансы/Значения со страницы Выполнение бизнес-плана/Table Data/План Отпуск из сети за отчётный период 5' is: '1 275 060'

26-05-2025T07:39:32 - [TEST_STEP][PASSED] - x = x + "/" + z: null

26-05-2025T07:39:32 - [TEST_STEP][PASSED] - z = getText(findTestObject(path + path2 + "План Потери за отчётный период " + dZONum)).replaceAll("\s+", ""): Text of object 'Object Repository/Выполнение бизнес-плана/Выполнение бизнес-плана Балансы/Значения со страницы Выполнение бизнес-плана/Table Data/План Потери за отчётный период 5' is: '153 416'

26-05-2025T07:39:33 - [MESSAGE][PASSED] - Text of object 'Object Repository/Выполнение бизнес-плана/Выполнение бизнес-плана Балансы/Значения со страницы Выполнение бизнес-плана/Table Data/План Потери за отчётный период 5' is: '153 416'

26-05-2025T07:39:33 - [TEST_STEP][PASSED] - x = x + "/" + z: null

26-05-2025T07:39:33 - [TEST_STEP][PASSED] - z = getText(findTestObject(path + "Отклонения за 1 месяц")).replaceAll("[\r?
|
]", "/"): Text of object 'Object Repository/Выполнение бизнес-плана/Выполнение бизнес-плана Балансы/Отклонения за 1 месяц' is: '0.05
-0.99
-0.40
-1.51
-0.19
-0.25
-1.44
-1.52
Россети ФСК ЕЭС
Россети Волга
Россети Московский регион
Россети Северо-Запад
Россети Томск
Россети Урал (ГК)
Россети Юг (ГК)
Россети Янтарь
-2
-1
0
1
2
3
4
5
6
7'

26-05-2025T07:39:33 - [MESSAGE][PASSED] - Text of object 'Object Repository/Выполнение бизнес-плана/Выполнение бизнес-плана Балансы/Отклонения за 1 месяц' is: '0.05
-0.99
-0.40
-1.51
-0.19
-0.25
-1.44
-1.52
Россети ФСК ЕЭС
Россети Волга
Россети Московский регион
Россети Северо-Запад
Россети Томск
Россети Урал (ГК)
Россети Юг (ГК)
Россети Янтарь
-2
-1
0
1
2
3
4
5
6
7'

26-05-2025T07:39:33 - [TEST_STEP][PASSED] - strToManage = z: null

26-05-2025T07:39:33 - [TEST_STEP][PASSED] - ii = strToManage.indexOf("ГК"): null

26-05-2025T07:39:33 - [TEST_STEP][PASSED] - if (ii > -1): null

26-05-2025T07:39:33 - [TEST_STEP][PASSED] - for ([i1 = 1, i1 > -1, (i1--)]): null

26-05-2025T07:39:33 - [TEST_STEP][PASSED] - strToManage = strToManage.substring(0, strToManage.indexOf("ГК") - 1) + strToManage.substring(strToManage.indexOf("ГК") + 3): null

26-05-2025T07:39:33 - [TEST_STEP][PASSED] - println("strToManage count i1: " + strToManage): null

26-05-2025T07:39:33 - [TEST_STEP][PASSED] - i1 = strToManage.count("ГК"): null

26-05-2025T07:39:33 - [TEST_STEP][PASSED] - println("i1: " + i1): null

26-05-2025T07:39:33 - [TEST_STEP][PASSED] - strToManage = strToManage.substring(0, strToManage.indexOf("ГК") - 1) + strToManage.substring(strToManage.indexOf("ГК") + 3): null

26-05-2025T07:39:33 - [TEST_STEP][PASSED] - println("strToManage count i1: " + strToManage): null

26-05-2025T07:39:33 - [TEST_STEP][PASSED] - i1 = strToManage.count("ГК"): null

26-05-2025T07:39:33 - [TEST_STEP][PASSED] - println("i1: " + i1): null

26-05-2025T07:39:33 - [TEST_STEP][PASSED] - z = strToManage: null

26-05-2025T07:39:33 - [TEST_STEP][PASSED] - println("z: " + z): null

26-05-2025T07:39:33 - [TEST_STEP][PASSED] - lettersStart = z.indexOf("Россети"): null

26-05-2025T07:39:33 - [TEST_STEP][PASSED] - strToManage = z.substring(lettersStart, z.length()): null

26-05-2025T07:39:33 - [TEST_STEP][PASSED] - println("strToManage: " + strToManage): null

26-05-2025T07:39:33 - [TEST_STEP][PASSED] - dZONames = strToManage: null

26-05-2025T07:39:33 - [TEST_STEP][PASSED] - strToManage = strToManage.replaceAll("[а-яА-Я]", ""): null

26-05-2025T07:39:33 - [TEST_STEP][PASSED] - println("strToManage after letters: " + strToManage): null

26-05-2025T07:39:33 - [TEST_STEP][PASSED] - strToManage = replaceAll(" ", "").replaceAll("/-/", ""): null

26-05-2025T07:39:33 - [TEST_STEP][PASSED] - println("strToManage: " + strToManage): null

26-05-2025T07:39:33 - [TEST_STEP][PASSED] - strToManage = strToManage.substring(strToManage.lastIndexOf("//") + 1, strToManage.length()): null

26-05-2025T07:39:33 - [TEST_STEP][PASSED] - println("strToManage: " + strToManage): null

26-05-2025T07:39:33 - [TEST_STEP][PASSED] - ii = z.indexOf(strToManage): null

26-05-2025T07:39:33 - [TEST_STEP][PASSED] - if (ii > -1): null

26-05-2025T07:39:33 - [TEST_STEP][PASSED] - z = z.substring(0, ii) + "/": null

26-05-2025T07:39:33 - [TEST_STEP][PASSED] - println("z: " + z): null

26-05-2025T07:39:33 - [TEST_STEP][PASSED] - println("dZONum: " + dZONum): null

26-05-2025T07:39:33 - [TEST_STEP][PASSED] - strToManage = dZO: null

26-05-2025T07:39:33 - [TEST_STEP][PASSED] - if (strToManage.indexOf("(ГК)") > -1): null

26-05-2025T07:39:33 - [TEST_STEP][PASSED] - strToManage = replaceAll("\p{P}", "").replaceAll("\s+", ""): null

26-05-2025T07:39:33 - [TEST_STEP][PASSED] - println("strToManage: " + strToManage): null

26-05-2025T07:39:33 - [TEST_STEP][PASSED] - if (replaceAll("\s+", "").indexOf(strToManage) > -1): null

26-05-2025T07:39:33 - [TEST_STEP][PASSED] - dZONames = replaceAll("-", "").replaceAll("//", ""): null

26-05-2025T07:39:33 - [TEST_STEP][PASSED] - println("dZONames: " + dZONames): null

26-05-2025T07:39:33 - [TEST_STEP][PASSED] - dZONumOtk = 1: null

26-05-2025T07:39:33 - [TEST_STEP][PASSED] - ii = dZONames.indexOf(strToManage): null

26-05-2025T07:39:33 - [TEST_STEP][PASSED] - if (strToManage != "ФСК"): null

26-05-2025T07:39:33 - [TEST_STEP][PASSED] - if (ii > -1): null

26-05-2025T07:39:33 - [TEST_STEP][PASSED] - for ([i1 = 1, ii > -1, (i1++)]): null

26-05-2025T07:39:33 - [TEST_STEP][PASSED] - dZONames = dZONames.substring(dZONames.indexOf("/") + 1, dZONames.length()): null

26-05-2025T07:39:33 - [TEST_STEP][PASSED] - ii = dZONames.lastIndexOf("/"): null

26-05-2025T07:39:33 - [TEST_STEP][PASSED] - println("dZONames: " + dZONames): null

26-05-2025T07:39:33 - [TEST_STEP][PASSED] - dZONumOtk = dZONumOtk + 1: null

26-05-2025T07:39:33 - [TEST_STEP][PASSED] - println("dZONumOtk: " + dZONumOtk): null

26-05-2025T07:39:33 - [TEST_STEP][PASSED] - dZONames = dZONames.substring(dZONames.indexOf("/") + 1, dZONames.length()): null

26-05-2025T07:39:33 - [TEST_STEP][PASSED] - ii = dZONames.lastIndexOf("/"): null

26-05-2025T07:39:33 - [TEST_STEP][PASSED] - println("dZONames: " + dZONames): null

26-05-2025T07:39:33 - [TEST_STEP][PASSED] - dZONumOtk = dZONumOtk + 1: null

26-05-2025T07:39:33 - [TEST_STEP][PASSED] - println("dZONumOtk: " + dZONumOtk): null

26-05-2025T07:39:33 - [TEST_STEP][PASSED] - dZONames = dZONames.substring(dZONames.indexOf("/") + 1, dZONames.length()): null

26-05-2025T07:39:33 - [TEST_STEP][PASSED] - ii = dZONames.lastIndexOf("/"): null

26-05-2025T07:39:33 - [TEST_STEP][PASSED] - println("dZONames: " + dZONames): null

26-05-2025T07:39:33 - [TEST_STEP][PASSED] - dZONumOtk = dZONumOtk + 1: null

26-05-2025T07:39:33 - [TEST_STEP][PASSED] - println("dZONumOtk: " + dZONumOtk): null

26-05-2025T07:39:33 - [TEST_STEP][PASSED] - dZONames = dZONames.substring(dZONames.indexOf("/") + 1, dZONames.length()): null

26-05-2025T07:39:33 - [TEST_STEP][PASSED] - ii = dZONames.lastIndexOf("/"): null

26-05-2025T07:39:33 - [TEST_STEP][PASSED] - println("dZONames: " + dZONames): null

26-05-2025T07:39:33 - [TEST_STEP][PASSED] - dZONumOtk = dZONumOtk + 1: null

26-05-2025T07:39:33 - [TEST_STEP][PASSED] - println("dZONumOtk: " + dZONumOtk): null

26-05-2025T07:39:33 - [TEST_STEP][PASSED] - dZONames = dZONames.substring(dZONames.indexOf("/") + 1, dZONames.length()): null

26-05-2025T07:39:33 - [TEST_STEP][PASSED] - ii = dZONames.lastIndexOf("/"): null

26-05-2025T07:39:33 - [TEST_STEP][PASSED] - println("dZONames: " + dZONames): null

26-05-2025T07:39:33 - [TEST_STEP][PASSED] - dZONumOtk = dZONumOtk + 1: null

26-05-2025T07:39:33 - [TEST_STEP][PASSED] - println("dZONumOtk: " + dZONumOtk): null

26-05-2025T07:39:33 - [TEST_STEP][PASSED] - dZONames = dZONames.substring(dZONames.indexOf("/") + 1, dZONames.length()): null

26-05-2025T07:39:33 - [TEST_STEP][PASSED] - ii = dZONames.lastIndexOf("/"): null

26-05-2025T07:39:33 - [TEST_STEP][PASSED] - println("dZONames: " + dZONames): null

26-05-2025T07:39:33 - [TEST_STEP][PASSED] - dZONumOtk = dZONumOtk + 1: null

26-05-2025T07:39:33 - [TEST_STEP][PASSED] - println("dZONumOtk: " + dZONumOtk): null

26-05-2025T07:39:33 - [TEST_STEP][PASSED] - dZONames = dZONames.substring(dZONames.indexOf("/") + 1, dZONames.length()): null

26-05-2025T07:39:33 - [TEST_STEP][PASSED] - ii = dZONames.lastIndexOf("/"): null

26-05-2025T07:39:33 - [TEST_STEP][PASSED] - println("dZONames: " + dZONames): null

26-05-2025T07:39:33 - [TEST_STEP][PASSED] - dZONumOtk = dZONumOtk + 1: null

26-05-2025T07:39:33 - [TEST_STEP][PASSED] - println("dZONumOtk: " + dZONumOtk): null

26-05-2025T07:39:33 - [TEST_STEP][PASSED] - if (z.indexOf("//") > -1): null

26-05-2025T07:39:33 - [TEST_STEP][PASSED] - println("z: " + z): null

26-05-2025T07:39:33 - [TEST_STEP][PASSED] - for ([ii = 1, ii < dZONumOtk, (ii++)]): null

26-05-2025T07:39:33 - [TEST_STEP][PASSED] - i1 = z.indexOf("/") + 1: null

26-05-2025T07:39:33 - [TEST_STEP][PASSED] - z = z.substring(i1, z.length()): null

26-05-2025T07:39:33 - [TEST_STEP][PASSED] - println("ii: " + ii): null

26-05-2025T07:39:33 - [TEST_STEP][PASSED] - println("z: " + z): null

26-05-2025T07:39:33 - [TEST_STEP][PASSED] - i1 = z.indexOf("/") + 1: null

26-05-2025T07:39:33 - [TEST_STEP][PASSED] - z = z.substring(i1, z.length()): null

26-05-2025T07:39:33 - [TEST_STEP][PASSED] - println("ii: " + ii): null

26-05-2025T07:39:33 - [TEST_STEP][PASSED] - println("z: " + z): null

26-05-2025T07:39:33 - [TEST_STEP][PASSED] - i1 = z.indexOf("/") + 1: null

26-05-2025T07:39:33 - [TEST_STEP][PASSED] - z = z.substring(i1, z.length()): null

26-05-2025T07:39:33 - [TEST_STEP][PASSED] - println("ii: " + ii): null

26-05-2025T07:39:33 - [TEST_STEP][PASSED] - println("z: " + z): null

26-05-2025T07:39:33 - [TEST_STEP][PASSED] - i1 = z.indexOf("/") + 1: null

26-05-2025T07:39:33 - [TEST_STEP][PASSED] - z = z.substring(i1, z.length()): null

26-05-2025T07:39:33 - [TEST_STEP][PASSED] - println("ii: " + ii): null

26-05-2025T07:39:33 - [TEST_STEP][PASSED] - println("z: " + z): null

26-05-2025T07:39:33 - [TEST_STEP][PASSED] - i1 = z.indexOf("/") + 1: null

26-05-2025T07:39:33 - [TEST_STEP][PASSED] - z = z.substring(i1, z.length()): null

26-05-2025T07:39:33 - [TEST_STEP][PASSED] - println("ii: " + ii): null

26-05-2025T07:39:33 - [TEST_STEP][PASSED] - println("z: " + z): null

26-05-2025T07:39:33 - [TEST_STEP][PASSED] - i1 = z.indexOf("/") + 1: null

26-05-2025T07:39:33 - [TEST_STEP][PASSED] - z = z.substring(i1, z.length()): null

26-05-2025T07:39:33 - [TEST_STEP][PASSED] - println("ii: " + ii): null

26-05-2025T07:39:33 - [TEST_STEP][PASSED] - println("z: " + z): null

26-05-2025T07:39:33 - [TEST_STEP][PASSED] - i1 = z.indexOf("/") + 1: null

26-05-2025T07:39:33 - [TEST_STEP][PASSED] - z = z.substring(i1, z.length()): null

26-05-2025T07:39:33 - [TEST_STEP][PASSED] - println("ii: " + ii): null

26-05-2025T07:39:33 - [TEST_STEP][PASSED] - println("z: " + z): null

26-05-2025T07:39:33 - [TEST_STEP][PASSED] - z = z.substring(0, z.indexOf("/")): null

26-05-2025T07:39:33 - [TEST_STEP][PASSED] - println("z: " + z): null

26-05-2025T07:39:33 - [TEST_STEP][PASSED] - x = x + "/" + z: null

26-05-2025T07:39:33 - [TEST_STEP][PASSED] - x = x.replaceAll("[\r?
|
]", ""): null

26-05-2025T07:39:33 - [TEST_STEP][PASSED] - println("x =" + x): null

26-05-2025T07:39:33 - [TEST_STEP][PASSED] - return x: null

26-05-2025T07:39:33 - [TEST_STEP][PASSED] - println("tomB: " + tomB): null

26-05-2025T07:39:33 - [TEST_STEP][PASSED] - i = VseDZO.indexOf("Тюмень"): null

26-05-2025T07:39:33 - [TEST_STEP][PASSED] - if (i > -1): null

26-05-2025T07:39:33 - [TEST_STEP][PASSED] - else: null

26-05-2025T07:39:33 - [TEST_STEP][PASSED] - tyumB = tyumB + "нет данных/нет данных/нет данных/нет данных/нет данных/нет данных/нет данных/нет данных/нет данных": null

26-05-2025T07:39:33 - [TEST_STEP][PASSED] - println("tyumB: " + tyumB): null

26-05-2025T07:39:33 - [TEST_STEP][PASSED] - i = VseDZO.indexOf("Урал"): null

26-05-2025T07:39:33 - [TEST_STEP][PASSED] - if (i > -1): null

26-05-2025T07:39:33 - [TEST_STEP][PASSED] - dZONum = dZONum + 1: null

26-05-2025T07:39:33 - [TEST_STEP][PASSED] - urB = GetAllData(path, dZONum, VseDZO, x = "Россети Урал (ГК)/", dZO): null

26-05-2025T07:39:33 - [TEST_STEP][PASSED] - ii = <not implemented yet for class: org.codehaus.groovy.ast.expr.EmptyExpression>: null

26-05-2025T07:39:33 - [TEST_STEP][PASSED] - i1 = <not implemented yet for class: org.codehaus.groovy.ast.expr.EmptyExpression>: null

26-05-2025T07:39:33 - [TEST_STEP][PASSED] - z = <not implemented yet for class: org.codehaus.groovy.ast.expr.EmptyExpression>: null

26-05-2025T07:39:33 - [TEST_STEP][PASSED] - strToManage = <not implemented yet for class: org.codehaus.groovy.ast.expr.EmptyExpression>: null

26-05-2025T07:39:33 - [TEST_STEP][PASSED] - path2 = "Значения со страницы Выполнение бизнес-плана/Table Data/": null

26-05-2025T07:39:33 - [TEST_STEP][PASSED] - println("path: " + path): null

26-05-2025T07:39:33 - [TEST_STEP][PASSED] - dZONumOtk = <not implemented yet for class: org.codehaus.groovy.ast.expr.EmptyExpression>: null

26-05-2025T07:39:33 - [TEST_STEP][PASSED] - println("dZONum: " + dZONum): null

26-05-2025T07:39:33 - [TEST_STEP][PASSED] - dZO = x.substring(x.indexOf("/")): null

26-05-2025T07:39:33 - [TEST_STEP][PASSED] - println("dZO: " + dZO): null

26-05-2025T07:39:33 - [TEST_STEP][PASSED] - z = getText(findTestObject(path + "spanPlan" + dZONum)): Text of object 'Object Repository/Выполнение бизнес-плана/Выполнение бизнес-плана Балансы/spanPlan6' is: '6.88
|'

26-05-2025T07:39:33 - [MESSAGE][PASSED] - Text of object 'Object Repository/Выполнение бизнес-плана/Выполнение бизнес-плана Балансы/spanPlan6' is: '6.88
|'

26-05-2025T07:39:33 - [TEST_STEP][PASSED] - println(z): null

26-05-2025T07:39:33 - [TEST_STEP][PASSED] - if (z != ""): null

26-05-2025T07:39:33 - [TEST_STEP][PASSED] - ii = z.indexOf("|"): null

26-05-2025T07:39:33 - [TEST_STEP][PASSED] - if (ii > -1): null

26-05-2025T07:39:33 - [TEST_STEP][PASSED] - z = z.substring(0, z.length() - 1): null

26-05-2025T07:39:33 - [TEST_STEP][PASSED] - println(z): null

26-05-2025T07:39:33 - [TEST_STEP][PASSED] - z = z.replaceAll("\s+", ""): null

26-05-2025T07:39:33 - [TEST_STEP][PASSED] - z = z.replace("[\r?
|
]", "/"): null

26-05-2025T07:39:33 - [TEST_STEP][PASSED] - println(z): null

26-05-2025T07:39:33 - [TEST_STEP][PASSED] - x = x + z: null

26-05-2025T07:39:33 - [TEST_STEP][PASSED] - z = getText(findTestObject(path + "spanFact" + dZONum)): Text of object 'Object Repository/Выполнение бизнес-плана/Выполнение бизнес-плана Балансы/spanFact6' is: '6.63'

26-05-2025T07:39:34 - [MESSAGE][PASSED] - Text of object 'Object Repository/Выполнение бизнес-плана/Выполнение бизнес-плана Балансы/spanFact6' is: '6.63'

26-05-2025T07:39:34 - [TEST_STEP][PASSED] - ii = z.indexOf("|"): null

26-05-2025T07:39:34 - [TEST_STEP][PASSED] - if (ii > -1): null

26-05-2025T07:39:34 - [TEST_STEP][PASSED] - x = x + "/" + z: null

26-05-2025T07:39:34 - [TEST_STEP][PASSED] - z = getText(findTestObject(path + path2 + "Факт Отпуск в сеть за отчётный период " + dZONum)).replaceAll("\s+", ""): Text of object 'Object Repository/Выполнение бизнес-плана/Выполнение бизнес-плана Балансы/Значения со страницы Выполнение бизнес-плана/Table Data/Факт Отпуск в сеть за отчётный период 6' is: '19 698 947'

26-05-2025T07:39:34 - [MESSAGE][PASSED] - Text of object 'Object Repository/Выполнение бизнес-плана/Выполнение бизнес-плана Балансы/Значения со страницы Выполнение бизнес-плана/Table Data/Факт Отпуск в сеть за отчётный период 6' is: '19 698 947'

26-05-2025T07:39:34 - [TEST_STEP][PASSED] - println("z=" + z): null

26-05-2025T07:39:34 - [TEST_STEP][PASSED] - x = x + "/" + z: null

26-05-2025T07:39:34 - [TEST_STEP][PASSED] - z = getText(findTestObject(path + path2 + "Факт Отпуск из сети за отчётный период " + dZONum)).replaceAll("\s+", ""): Text of object 'Object Repository/Выполнение бизнес-плана/Выполнение бизнес-плана Балансы/Значения со страницы Выполнение бизнес-плана/Table Data/Факт Отпуск из сети за отчётный период 6' is: '18 393 144'

26-05-2025T07:39:34 - [MESSAGE][PASSED] - Text of object 'Object Repository/Выполнение бизнес-плана/Выполнение бизнес-плана Балансы/Значения со страницы Выполнение бизнес-плана/Table Data/Факт Отпуск из сети за отчётный период 6' is: '18 393 144'

26-05-2025T07:39:34 - [TEST_STEP][PASSED] - x = x + "/" + z: null

26-05-2025T07:39:34 - [TEST_STEP][PASSED] - z = getText(findTestObject(path + path2 + "Факт Потери за отчётный период " + dZONum)).replaceAll("\s+", ""): Text of object 'Object Repository/Выполнение бизнес-плана/Выполнение бизнес-плана Балансы/Значения со страницы Выполнение бизнес-плана/Table Data/Факт Потери за отчётный период 6' is: '1 305 803'

26-05-2025T07:39:34 - [MESSAGE][PASSED] - Text of object 'Object Repository/Выполнение бизнес-плана/Выполнение бизнес-плана Балансы/Значения со страницы Выполнение бизнес-плана/Table Data/Факт Потери за отчётный период 6' is: '1 305 803'

26-05-2025T07:39:34 - [TEST_STEP][PASSED] - x = x + "/" + z: null

26-05-2025T07:39:34 - [TEST_STEP][PASSED] - z = getText(findTestObject(path + path2 + "План Отпуск в сеть за отчётный период " + dZONum)).replaceAll("\s+", ""): Text of object 'Object Repository/Выполнение бизнес-плана/Выполнение бизнес-плана Балансы/Значения со страницы Выполнение бизнес-плана/Table Data/План Отпуск в сеть за отчётный период 6' is: '20 275 424'

26-05-2025T07:39:35 - [MESSAGE][PASSED] - Text of object 'Object Repository/Выполнение бизнес-плана/Выполнение бизнес-плана Балансы/Значения со страницы Выполнение бизнес-плана/Table Data/План Отпуск в сеть за отчётный период 6' is: '20 275 424'

26-05-2025T07:39:35 - [TEST_STEP][PASSED] - x = x + "/" + z: null

26-05-2025T07:39:35 - [TEST_STEP][PASSED] - z = getText(findTestObject(path + path2 + "План Отпуск из сети за отчётный период " + dZONum)).replaceAll("\s+", ""): Text of object 'Object Repository/Выполнение бизнес-плана/Выполнение бизнес-плана Балансы/Значения со страницы Выполнение бизнес-плана/Table Data/План Отпуск из сети за отчётный период 6' is: '18 878 242'

26-05-2025T07:39:35 - [MESSAGE][PASSED] - Text of object 'Object Repository/Выполнение бизнес-плана/Выполнение бизнес-плана Балансы/Значения со страницы Выполнение бизнес-плана/Table Data/План Отпуск из сети за отчётный период 6' is: '18 878 242'

26-05-2025T07:39:35 - [TEST_STEP][PASSED] - x = x + "/" + z: null

26-05-2025T07:39:35 - [TEST_STEP][PASSED] - z = getText(findTestObject(path + path2 + "План Потери за отчётный период " + dZONum)).replaceAll("\s+", ""): Text of object 'Object Repository/Выполнение бизнес-плана/Выполнение бизнес-плана Балансы/Значения со страницы Выполнение бизнес-плана/Table Data/План Потери за отчётный период 6' is: '1 397 182'

26-05-2025T07:39:35 - [MESSAGE][PASSED] - Text of object 'Object Repository/Выполнение бизнес-плана/Выполнение бизнес-плана Балансы/Значения со страницы Выполнение бизнес-плана/Table Data/План Потери за отчётный период 6' is: '1 397 182'

26-05-2025T07:39:35 - [TEST_STEP][PASSED] - x = x + "/" + z: null

26-05-2025T07:39:35 - [TEST_STEP][PASSED] - z = getText(findTestObject(path + "Отклонения за 1 месяц")).replaceAll("[\r?
|
]", "/"): Text of object 'Object Repository/Выполнение бизнес-плана/Выполнение бизнес-плана Балансы/Отклонения за 1 месяц' is: '0.05
-0.99
-0.40
-1.51
-0.19
-0.25
-1.44
-1.52
Россети ФСК ЕЭС
Россети Волга
Россети Московский регион
Россети Северо-Запад
Россети Томск
Россети Урал (ГК)
Россети Юг (ГК)
Россети Янтарь
-2
-1
0
1
2
3
4
5
6
7'

26-05-2025T07:39:36 - [MESSAGE][PASSED] - Text of object 'Object Repository/Выполнение бизнес-плана/Выполнение бизнес-плана Балансы/Отклонения за 1 месяц' is: '0.05
-0.99
-0.40
-1.51
-0.19
-0.25
-1.44
-1.52
Россети ФСК ЕЭС
Россети Волга
Россети Московский регион
Россети Северо-Запад
Россети Томск
Россети Урал (ГК)
Россети Юг (ГК)
Россети Янтарь
-2
-1
0
1
2
3
4
5
6
7'

26-05-2025T07:39:36 - [TEST_STEP][PASSED] - strToManage = z: null

26-05-2025T07:39:36 - [TEST_STEP][PASSED] - ii = strToManage.indexOf("ГК"): null

26-05-2025T07:39:36 - [TEST_STEP][PASSED] - if (ii > -1): null

26-05-2025T07:39:36 - [TEST_STEP][PASSED] - for ([i1 = 1, i1 > -1, (i1--)]): null

26-05-2025T07:39:36 - [TEST_STEP][PASSED] - strToManage = strToManage.substring(0, strToManage.indexOf("ГК") - 1) + strToManage.substring(strToManage.indexOf("ГК") + 3): null

26-05-2025T07:39:36 - [TEST_STEP][PASSED] - println("strToManage count i1: " + strToManage): null

26-05-2025T07:39:36 - [TEST_STEP][PASSED] - i1 = strToManage.count("ГК"): null

26-05-2025T07:39:36 - [TEST_STEP][PASSED] - println("i1: " + i1): null

26-05-2025T07:39:36 - [TEST_STEP][PASSED] - strToManage = strToManage.substring(0, strToManage.indexOf("ГК") - 1) + strToManage.substring(strToManage.indexOf("ГК") + 3): null

26-05-2025T07:39:36 - [TEST_STEP][PASSED] - println("strToManage count i1: " + strToManage): null

26-05-2025T07:39:36 - [TEST_STEP][PASSED] - i1 = strToManage.count("ГК"): null

26-05-2025T07:39:36 - [TEST_STEP][PASSED] - println("i1: " + i1): null

26-05-2025T07:39:36 - [TEST_STEP][PASSED] - z = strToManage: null

26-05-2025T07:39:36 - [TEST_STEP][PASSED] - println("z: " + z): null

26-05-2025T07:39:36 - [TEST_STEP][PASSED] - lettersStart = z.indexOf("Россети"): null

26-05-2025T07:39:36 - [TEST_STEP][PASSED] - strToManage = z.substring(lettersStart, z.length()): null

26-05-2025T07:39:36 - [TEST_STEP][PASSED] - println("strToManage: " + strToManage): null

26-05-2025T07:39:36 - [TEST_STEP][PASSED] - dZONames = strToManage: null

26-05-2025T07:39:36 - [TEST_STEP][PASSED] - strToManage = strToManage.replaceAll("[а-яА-Я]", ""): null

26-05-2025T07:39:36 - [TEST_STEP][PASSED] - println("strToManage after letters: " + strToManage): null

26-05-2025T07:39:36 - [TEST_STEP][PASSED] - strToManage = replaceAll(" ", "").replaceAll("/-/", ""): null

26-05-2025T07:39:36 - [TEST_STEP][PASSED] - println("strToManage: " + strToManage): null

26-05-2025T07:39:36 - [TEST_STEP][PASSED] - strToManage = strToManage.substring(strToManage.lastIndexOf("//") + 1, strToManage.length()): null

26-05-2025T07:39:36 - [TEST_STEP][PASSED] - println("strToManage: " + strToManage): null

26-05-2025T07:39:36 - [TEST_STEP][PASSED] - ii = z.indexOf(strToManage): null

26-05-2025T07:39:36 - [TEST_STEP][PASSED] - if (ii > -1): null

26-05-2025T07:39:36 - [TEST_STEP][PASSED] - z = z.substring(0, ii) + "/": null

26-05-2025T07:39:36 - [TEST_STEP][PASSED] - println("z: " + z): null

26-05-2025T07:39:36 - [TEST_STEP][PASSED] - println("dZONum: " + dZONum): null

26-05-2025T07:39:36 - [TEST_STEP][PASSED] - strToManage = dZO: null

26-05-2025T07:39:36 - [TEST_STEP][PASSED] - if (strToManage.indexOf("(ГК)") > -1): null

26-05-2025T07:39:36 - [TEST_STEP][PASSED] - strToManage = replaceAll("\p{P}", "").replaceAll("\s+", ""): null

26-05-2025T07:39:36 - [TEST_STEP][PASSED] - println("strToManage: " + strToManage): null

26-05-2025T07:39:36 - [TEST_STEP][PASSED] - if (replaceAll("\s+", "").indexOf(strToManage) > -1): null

26-05-2025T07:39:36 - [TEST_STEP][PASSED] - dZONames = replaceAll("-", "").replaceAll("//", ""): null

26-05-2025T07:39:36 - [TEST_STEP][PASSED] - println("dZONames: " + dZONames): null

26-05-2025T07:39:36 - [TEST_STEP][PASSED] - dZONumOtk = 1: null

26-05-2025T07:39:36 - [TEST_STEP][PASSED] - ii = dZONames.indexOf(strToManage): null

26-05-2025T07:39:36 - [TEST_STEP][PASSED] - if (strToManage != "ФСК"): null

26-05-2025T07:39:36 - [TEST_STEP][PASSED] - if (ii > -1): null

26-05-2025T07:39:36 - [TEST_STEP][PASSED] - for ([i1 = 1, ii > -1, (i1++)]): null

26-05-2025T07:39:36 - [TEST_STEP][PASSED] - dZONames = dZONames.substring(dZONames.indexOf("/") + 1, dZONames.length()): null

26-05-2025T07:39:36 - [TEST_STEP][PASSED] - ii = dZONames.lastIndexOf("/"): null

26-05-2025T07:39:36 - [TEST_STEP][PASSED] - println("dZONames: " + dZONames): null

26-05-2025T07:39:36 - [TEST_STEP][PASSED] - dZONumOtk = dZONumOtk + 1: null

26-05-2025T07:39:36 - [TEST_STEP][PASSED] - println("dZONumOtk: " + dZONumOtk): null

26-05-2025T07:39:36 - [TEST_STEP][PASSED] - dZONames = dZONames.substring(dZONames.indexOf("/") + 1, dZONames.length()): null

26-05-2025T07:39:36 - [TEST_STEP][PASSED] - ii = dZONames.lastIndexOf("/"): null

26-05-2025T07:39:36 - [TEST_STEP][PASSED] - println("dZONames: " + dZONames): null

26-05-2025T07:39:36 - [TEST_STEP][PASSED] - dZONumOtk = dZONumOtk + 1: null

26-05-2025T07:39:36 - [TEST_STEP][PASSED] - println("dZONumOtk: " + dZONumOtk): null

26-05-2025T07:39:36 - [TEST_STEP][PASSED] - dZONames = dZONames.substring(dZONames.indexOf("/") + 1, dZONames.length()): null

26-05-2025T07:39:36 - [TEST_STEP][PASSED] - ii = dZONames.lastIndexOf("/"): null

26-05-2025T07:39:36 - [TEST_STEP][PASSED] - println("dZONames: " + dZONames): null

26-05-2025T07:39:36 - [TEST_STEP][PASSED] - dZONumOtk = dZONumOtk + 1: null

26-05-2025T07:39:36 - [TEST_STEP][PASSED] - println("dZONumOtk: " + dZONumOtk): null

26-05-2025T07:39:36 - [TEST_STEP][PASSED] - dZONames = dZONames.substring(dZONames.indexOf("/") + 1, dZONames.length()): null

26-05-2025T07:39:36 - [TEST_STEP][PASSED] - ii = dZONames.lastIndexOf("/"): null

26-05-2025T07:39:36 - [TEST_STEP][PASSED] - println("dZONames: " + dZONames): null

26-05-2025T07:39:36 - [TEST_STEP][PASSED] - dZONumOtk = dZONumOtk + 1: null

26-05-2025T07:39:36 - [TEST_STEP][PASSED] - println("dZONumOtk: " + dZONumOtk): null

26-05-2025T07:39:36 - [TEST_STEP][PASSED] - dZONames = dZONames.substring(dZONames.indexOf("/") + 1, dZONames.length()): null

26-05-2025T07:39:36 - [TEST_STEP][PASSED] - ii = dZONames.lastIndexOf("/"): null

26-05-2025T07:39:36 - [TEST_STEP][PASSED] - println("dZONames: " + dZONames): null

26-05-2025T07:39:36 - [TEST_STEP][PASSED] - dZONumOtk = dZONumOtk + 1: null

26-05-2025T07:39:36 - [TEST_STEP][PASSED] - println("dZONumOtk: " + dZONumOtk): null

26-05-2025T07:39:36 - [TEST_STEP][PASSED] - dZONames = dZONames.substring(dZONames.indexOf("/") + 1, dZONames.length()): null

26-05-2025T07:39:36 - [TEST_STEP][PASSED] - ii = dZONames.lastIndexOf("/"): null

26-05-2025T07:39:36 - [TEST_STEP][PASSED] - println("dZONames: " + dZONames): null

26-05-2025T07:39:36 - [TEST_STEP][PASSED] - dZONumOtk = dZONumOtk + 1: null

26-05-2025T07:39:36 - [TEST_STEP][PASSED] - println("dZONumOtk: " + dZONumOtk): null

26-05-2025T07:39:36 - [TEST_STEP][PASSED] - dZONames = dZONames.substring(dZONames.indexOf("/") + 1, dZONames.length()): null

26-05-2025T07:39:36 - [TEST_STEP][PASSED] - ii = dZONames.lastIndexOf("/"): null

26-05-2025T07:39:36 - [TEST_STEP][PASSED] - println("dZONames: " + dZONames): null

26-05-2025T07:39:36 - [TEST_STEP][PASSED] - dZONumOtk = dZONumOtk + 1: null

26-05-2025T07:39:36 - [TEST_STEP][PASSED] - println("dZONumOtk: " + dZONumOtk): null

26-05-2025T07:39:36 - [TEST_STEP][PASSED] - if (z.indexOf("//") > -1): null

26-05-2025T07:39:36 - [TEST_STEP][PASSED] - println("z: " + z): null

26-05-2025T07:39:36 - [TEST_STEP][PASSED] - for ([ii = 1, ii < dZONumOtk, (ii++)]): null

26-05-2025T07:39:36 - [TEST_STEP][PASSED] - i1 = z.indexOf("/") + 1: null

26-05-2025T07:39:36 - [TEST_STEP][PASSED] - z = z.substring(i1, z.length()): null

26-05-2025T07:39:36 - [TEST_STEP][PASSED] - println("ii: " + ii): null

26-05-2025T07:39:36 - [TEST_STEP][PASSED] - println("z: " + z): null

26-05-2025T07:39:36 - [TEST_STEP][PASSED] - i1 = z.indexOf("/") + 1: null

26-05-2025T07:39:36 - [TEST_STEP][PASSED] - z = z.substring(i1, z.length()): null

26-05-2025T07:39:36 - [TEST_STEP][PASSED] - println("ii: " + ii): null

26-05-2025T07:39:36 - [TEST_STEP][PASSED] - println("z: " + z): null

26-05-2025T07:39:36 - [TEST_STEP][PASSED] - i1 = z.indexOf("/") + 1: null

26-05-2025T07:39:36 - [TEST_STEP][PASSED] - z = z.substring(i1, z.length()): null

26-05-2025T07:39:36 - [TEST_STEP][PASSED] - println("ii: " + ii): null

26-05-2025T07:39:36 - [TEST_STEP][PASSED] - println("z: " + z): null

26-05-2025T07:39:36 - [TEST_STEP][PASSED] - i1 = z.indexOf("/") + 1: null

26-05-2025T07:39:36 - [TEST_STEP][PASSED] - z = z.substring(i1, z.length()): null

26-05-2025T07:39:36 - [TEST_STEP][PASSED] - println("ii: " + ii): null

26-05-2025T07:39:36 - [TEST_STEP][PASSED] - println("z: " + z): null

26-05-2025T07:39:36 - [TEST_STEP][PASSED] - i1 = z.indexOf("/") + 1: null

26-05-2025T07:39:36 - [TEST_STEP][PASSED] - z = z.substring(i1, z.length()): null

26-05-2025T07:39:36 - [TEST_STEP][PASSED] - println("ii: " + ii): null

26-05-2025T07:39:36 - [TEST_STEP][PASSED] - println("z: " + z): null

26-05-2025T07:39:36 - [TEST_STEP][PASSED] - i1 = z.indexOf("/") + 1: null

26-05-2025T07:39:36 - [TEST_STEP][PASSED] - z = z.substring(i1, z.length()): null

26-05-2025T07:39:36 - [TEST_STEP][PASSED] - println("ii: " + ii): null

26-05-2025T07:39:36 - [TEST_STEP][PASSED] - println("z: " + z): null

26-05-2025T07:39:36 - [TEST_STEP][PASSED] - i1 = z.indexOf("/") + 1: null

26-05-2025T07:39:36 - [TEST_STEP][PASSED] - z = z.substring(i1, z.length()): null

26-05-2025T07:39:36 - [TEST_STEP][PASSED] - println("ii: " + ii): null

26-05-2025T07:39:36 - [TEST_STEP][PASSED] - println("z: " + z): null

26-05-2025T07:39:36 - [TEST_STEP][PASSED] - z = z.substring(0, z.indexOf("/")): null

26-05-2025T07:39:36 - [TEST_STEP][PASSED] - println("z: " + z): null

26-05-2025T07:39:36 - [TEST_STEP][PASSED] - x = x + "/" + z: null

26-05-2025T07:39:36 - [TEST_STEP][PASSED] - x = x.replaceAll("[\r?
|
]", ""): null

26-05-2025T07:39:36 - [TEST_STEP][PASSED] - println("x =" + x): null

26-05-2025T07:39:36 - [TEST_STEP][PASSED] - return x: null

26-05-2025T07:39:36 - [TEST_STEP][PASSED] - println("urB: " + urB): null

26-05-2025T07:39:36 - [TEST_STEP][PASSED] - i = VseDZO.indexOf("Центр"): null

26-05-2025T07:39:36 - [TEST_STEP][PASSED] - if (i > -1): null

26-05-2025T07:39:36 - [TEST_STEP][PASSED] - else: null

26-05-2025T07:39:36 - [TEST_STEP][PASSED] - cenB = cenB + "нет данных/нет данных/нет данных/нет данных/нет данных/нет данных/нет данных/нет данных/нет данных": null

26-05-2025T07:39:36 - [TEST_STEP][PASSED] - println("cenB: " + cenB): null

26-05-2025T07:39:36 - [TEST_STEP][PASSED] - i = VseDZO.indexOf("Приволжье"): null

26-05-2025T07:39:36 - [TEST_STEP][PASSED] - if (i > -1): null

26-05-2025T07:39:36 - [TEST_STEP][PASSED] - else: null

26-05-2025T07:39:36 - [TEST_STEP][PASSED] - cIPB = cIPB + "нет данных/нет данных/нет данных/нет данных/нет данных/нет данных/нет данных/нет данных/нет данных": null

26-05-2025T07:39:36 - [TEST_STEP][PASSED] - println("cIPB: " + cIPB): null

26-05-2025T07:39:36 - [TEST_STEP][PASSED] - i = VseDZO.indexOf("Юг"): null

26-05-2025T07:39:36 - [TEST_STEP][PASSED] - if (i > -1): null

26-05-2025T07:39:36 - [TEST_STEP][PASSED] - dZONum = dZONum + 1: null

26-05-2025T07:39:36 - [TEST_STEP][PASSED] - ugB = GetAllData(path, dZONum, VseDZO, x = "Россети Юг (ГК)/", dZO): null

26-05-2025T07:39:36 - [TEST_STEP][PASSED] - ii = <not implemented yet for class: org.codehaus.groovy.ast.expr.EmptyExpression>: null

26-05-2025T07:39:36 - [TEST_STEP][PASSED] - i1 = <not implemented yet for class: org.codehaus.groovy.ast.expr.EmptyExpression>: null

26-05-2025T07:39:36 - [TEST_STEP][PASSED] - z = <not implemented yet for class: org.codehaus.groovy.ast.expr.EmptyExpression>: null

26-05-2025T07:39:36 - [TEST_STEP][PASSED] - strToManage = <not implemented yet for class: org.codehaus.groovy.ast.expr.EmptyExpression>: null

26-05-2025T07:39:36 - [TEST_STEP][PASSED] - path2 = "Значения со страницы Выполнение бизнес-плана/Table Data/": null

26-05-2025T07:39:36 - [TEST_STEP][PASSED] - println("path: " + path): null

26-05-2025T07:39:36 - [TEST_STEP][PASSED] - dZONumOtk = <not implemented yet for class: org.codehaus.groovy.ast.expr.EmptyExpression>: null

26-05-2025T07:39:36 - [TEST_STEP][PASSED] - println("dZONum: " + dZONum): null

26-05-2025T07:39:36 - [TEST_STEP][PASSED] - dZO = x.substring(x.indexOf("/")): null

26-05-2025T07:39:36 - [TEST_STEP][PASSED] - println("dZO: " + dZO): null

26-05-2025T07:39:36 - [TEST_STEP][PASSED] - z = getText(findTestObject(path + "spanPlan" + dZONum)): Text of object 'Object Repository/Выполнение бизнес-плана/Выполнение бизнес-плана Балансы/spanPlan7' is: '10.84
|'

26-05-2025T07:39:36 - [MESSAGE][PASSED] - Text of object 'Object Repository/Выполнение бизнес-плана/Выполнение бизнес-плана Балансы/spanPlan7' is: '10.84
|'

26-05-2025T07:39:36 - [TEST_STEP][PASSED] - println(z): null

26-05-2025T07:39:36 - [TEST_STEP][PASSED] - if (z != ""): null

26-05-2025T07:39:36 - [TEST_STEP][PASSED] - ii = z.indexOf("|"): null

26-05-2025T07:39:36 - [TEST_STEP][PASSED] - if (ii > -1): null

26-05-2025T07:39:36 - [TEST_STEP][PASSED] - z = z.substring(0, z.length() - 1): null

26-05-2025T07:39:36 - [TEST_STEP][PASSED] - println(z): null

26-05-2025T07:39:36 - [TEST_STEP][PASSED] - z = z.replaceAll("\s+", ""): null

26-05-2025T07:39:36 - [TEST_STEP][PASSED] - z = z.replace("[\r?
|
]", "/"): null

26-05-2025T07:39:36 - [TEST_STEP][PASSED] - println(z): null

26-05-2025T07:39:36 - [TEST_STEP][PASSED] - x = x + z: null

26-05-2025T07:39:36 - [TEST_STEP][PASSED] - z = getText(findTestObject(path + "spanFact" + dZONum)): Text of object 'Object Repository/Выполнение бизнес-плана/Выполнение бизнес-плана Балансы/spanFact7' is: '9.40'

26-05-2025T07:39:36 - [MESSAGE][PASSED] - Text of object 'Object Repository/Выполнение бизнес-плана/Выполнение бизнес-плана Балансы/spanFact7' is: '9.40'

26-05-2025T07:39:36 - [TEST_STEP][PASSED] - ii = z.indexOf("|"): null

26-05-2025T07:39:36 - [TEST_STEP][PASSED] - if (ii > -1): null

26-05-2025T07:39:36 - [TEST_STEP][PASSED] - x = x + "/" + z: null

26-05-2025T07:39:36 - [TEST_STEP][PASSED] - z = getText(findTestObject(path + path2 + "Факт Отпуск в сеть за отчётный период " + dZONum)).replaceAll("\s+", ""): Text of object 'Object Repository/Выполнение бизнес-плана/Выполнение бизнес-плана Балансы/Значения со страницы Выполнение бизнес-плана/Table Data/Факт Отпуск в сеть за отчётный период 7' is: '3 467 484'

26-05-2025T07:39:37 - [MESSAGE][PASSED] - Text of object 'Object Repository/Выполнение бизнес-плана/Выполнение бизнес-плана Балансы/Значения со страницы Выполнение бизнес-плана/Table Data/Факт Отпуск в сеть за отчётный период 7' is: '3 467 484'

26-05-2025T07:39:37 - [TEST_STEP][PASSED] - println("z=" + z): null

26-05-2025T07:39:37 - [TEST_STEP][PASSED] - x = x + "/" + z: null

26-05-2025T07:39:37 - [TEST_STEP][PASSED] - z = getText(findTestObject(path + path2 + "Факт Отпуск из сети за отчётный период " + dZONum)).replaceAll("\s+", ""): Text of object 'Object Repository/Выполнение бизнес-плана/Выполнение бизнес-плана Балансы/Значения со страницы Выполнение бизнес-плана/Table Data/Факт Отпуск из сети за отчётный период 7' is: '3 141 633'

26-05-2025T07:39:37 - [MESSAGE][PASSED] - Text of object 'Object Repository/Выполнение бизнес-плана/Выполнение бизнес-плана Балансы/Значения со страницы Выполнение бизнес-плана/Table Data/Факт Отпуск из сети за отчётный период 7' is: '3 141 633'

26-05-2025T07:39:37 - [TEST_STEP][PASSED] - x = x + "/" + z: null

26-05-2025T07:39:37 - [TEST_STEP][PASSED] - z = getText(findTestObject(path + path2 + "Факт Потери за отчётный период " + dZONum)).replaceAll("\s+", ""): Text of object 'Object Repository/Выполнение бизнес-плана/Выполнение бизнес-плана Балансы/Значения со страницы Выполнение бизнес-плана/Table Data/Факт Потери за отчётный период 7' is: '325 852'

26-05-2025T07:39:37 - [MESSAGE][PASSED] - Text of object 'Object Repository/Выполнение бизнес-плана/Выполнение бизнес-плана Балансы/Значения со страницы Выполнение бизнес-плана/Table Data/Факт Потери за отчётный период 7' is: '325 852'

26-05-2025T07:39:37 - [TEST_STEP][PASSED] - x = x + "/" + z: null

26-05-2025T07:39:37 - [TEST_STEP][PASSED] - z = getText(findTestObject(path + path2 + "План Отпуск в сеть за отчётный период " + dZONum)).replaceAll("\s+", ""): Text of object 'Object Repository/Выполнение бизнес-плана/Выполнение бизнес-плана Балансы/Значения со страницы Выполнение бизнес-плана/Table Data/План Отпуск в сеть за отчётный период 7' is: '3 760 351'

26-05-2025T07:39:38 - [MESSAGE][PASSED] - Text of object 'Object Repository/Выполнение бизнес-плана/Выполнение бизнес-плана Балансы/Значения со страницы Выполнение бизнес-плана/Table Data/План Отпуск в сеть за отчётный период 7' is: '3 760 351'

26-05-2025T07:39:38 - [TEST_STEP][PASSED] - x = x + "/" + z: null

26-05-2025T07:39:38 - [TEST_STEP][PASSED] - z = getText(findTestObject(path + path2 + "План Отпуск из сети за отчётный период " + dZONum)).replaceAll("\s+", ""): Text of object 'Object Repository/Выполнение бизнес-плана/Выполнение бизнес-плана Балансы/Значения со страницы Выполнение бизнес-плана/Table Data/План Отпуск из сети за отчётный период 7' is: '3 352 866'

26-05-2025T07:39:38 - [MESSAGE][PASSED] - Text of object 'Object Repository/Выполнение бизнес-плана/Выполнение бизнес-плана Балансы/Значения со страницы Выполнение бизнес-плана/Table Data/План Отпуск из сети за отчётный период 7' is: '3 352 866'

26-05-2025T07:39:38 - [TEST_STEP][PASSED] - x = x + "/" + z: null

26-05-2025T07:39:38 - [TEST_STEP][PASSED] - z = getText(findTestObject(path + path2 + "План Потери за отчётный период " + dZONum)).replaceAll("\s+", ""): Text of object 'Object Repository/Выполнение бизнес-плана/Выполнение бизнес-плана Балансы/Значения со страницы Выполнение бизнес-плана/Table Data/План Потери за отчётный период 7' is: '407 485'

26-05-2025T07:39:38 - [MESSAGE][PASSED] - Text of object 'Object Repository/Выполнение бизнес-плана/Выполнение бизнес-плана Балансы/Значения со страницы Выполнение бизнес-плана/Table Data/План Потери за отчётный период 7' is: '407 485'

26-05-2025T07:39:38 - [TEST_STEP][PASSED] - x = x + "/" + z: null

26-05-2025T07:39:38 - [TEST_STEP][PASSED] - z = getText(findTestObject(path + "Отклонения за 1 месяц")).replaceAll("[\r?
|
]", "/"): Text of object 'Object Repository/Выполнение бизнес-плана/Выполнение бизнес-плана Балансы/Отклонения за 1 месяц' is: '0.05
-0.99
-0.40
-1.51
-0.19
-0.25
-1.44
-1.52
Россети ФСК ЕЭС
Россети Волга
Россети Московский регион
Россети Северо-Запад
Россети Томск
Россети Урал (ГК)
Россети Юг (ГК)
Россети Янтарь
-2
-1
0
1
2
3
4
5
6
7'

26-05-2025T07:39:38 - [MESSAGE][PASSED] - Text of object 'Object Repository/Выполнение бизнес-плана/Выполнение бизнес-плана Балансы/Отклонения за 1 месяц' is: '0.05
-0.99
-0.40
-1.51
-0.19
-0.25
-1.44
-1.52
Россети ФСК ЕЭС
Россети Волга
Россети Московский регион
Россети Северо-Запад
Россети Томск
Россети Урал (ГК)
Россети Юг (ГК)
Россети Янтарь
-2
-1
0
1
2
3
4
5
6
7'

26-05-2025T07:39:38 - [TEST_STEP][PASSED] - strToManage = z: null

26-05-2025T07:39:38 - [TEST_STEP][PASSED] - ii = strToManage.indexOf("ГК"): null

26-05-2025T07:39:38 - [TEST_STEP][PASSED] - if (ii > -1): null

26-05-2025T07:39:38 - [TEST_STEP][PASSED] - for ([i1 = 1, i1 > -1, (i1--)]): null

26-05-2025T07:39:38 - [TEST_STEP][PASSED] - strToManage = strToManage.substring(0, strToManage.indexOf("ГК") - 1) + strToManage.substring(strToManage.indexOf("ГК") + 3): null

26-05-2025T07:39:38 - [TEST_STEP][PASSED] - println("strToManage count i1: " + strToManage): null

26-05-2025T07:39:38 - [TEST_STEP][PASSED] - i1 = strToManage.count("ГК"): null

26-05-2025T07:39:38 - [TEST_STEP][PASSED] - println("i1: " + i1): null

26-05-2025T07:39:38 - [TEST_STEP][PASSED] - strToManage = strToManage.substring(0, strToManage.indexOf("ГК") - 1) + strToManage.substring(strToManage.indexOf("ГК") + 3): null

26-05-2025T07:39:38 - [TEST_STEP][PASSED] - println("strToManage count i1: " + strToManage): null

26-05-2025T07:39:38 - [TEST_STEP][PASSED] - i1 = strToManage.count("ГК"): null

26-05-2025T07:39:38 - [TEST_STEP][PASSED] - println("i1: " + i1): null

26-05-2025T07:39:38 - [TEST_STEP][PASSED] - z = strToManage: null

26-05-2025T07:39:38 - [TEST_STEP][PASSED] - println("z: " + z): null

26-05-2025T07:39:38 - [TEST_STEP][PASSED] - lettersStart = z.indexOf("Россети"): null

26-05-2025T07:39:38 - [TEST_STEP][PASSED] - strToManage = z.substring(lettersStart, z.length()): null

26-05-2025T07:39:38 - [TEST_STEP][PASSED] - println("strToManage: " + strToManage): null

26-05-2025T07:39:38 - [TEST_STEP][PASSED] - dZONames = strToManage: null

26-05-2025T07:39:38 - [TEST_STEP][PASSED] - strToManage = strToManage.replaceAll("[а-яА-Я]", ""): null

26-05-2025T07:39:38 - [TEST_STEP][PASSED] - println("strToManage after letters: " + strToManage): null

26-05-2025T07:39:38 - [TEST_STEP][PASSED] - strToManage = replaceAll(" ", "").replaceAll("/-/", ""): null

26-05-2025T07:39:38 - [TEST_STEP][PASSED] - println("strToManage: " + strToManage): null

26-05-2025T07:39:38 - [TEST_STEP][PASSED] - strToManage = strToManage.substring(strToManage.lastIndexOf("//") + 1, strToManage.length()): null

26-05-2025T07:39:38 - [TEST_STEP][PASSED] - println("strToManage: " + strToManage): null

26-05-2025T07:39:38 - [TEST_STEP][PASSED] - ii = z.indexOf(strToManage): null

26-05-2025T07:39:38 - [TEST_STEP][PASSED] - if (ii > -1): null

26-05-2025T07:39:38 - [TEST_STEP][PASSED] - z = z.substring(0, ii) + "/": null

26-05-2025T07:39:38 - [TEST_STEP][PASSED] - println("z: " + z): null

26-05-2025T07:39:38 - [TEST_STEP][PASSED] - println("dZONum: " + dZONum): null

26-05-2025T07:39:38 - [TEST_STEP][PASSED] - strToManage = dZO: null

26-05-2025T07:39:38 - [TEST_STEP][PASSED] - if (strToManage.indexOf("(ГК)") > -1): null

26-05-2025T07:39:38 - [TEST_STEP][PASSED] - strToManage = replaceAll("\p{P}", "").replaceAll("\s+", ""): null

26-05-2025T07:39:38 - [TEST_STEP][PASSED] - println("strToManage: " + strToManage): null

26-05-2025T07:39:38 - [TEST_STEP][PASSED] - if (replaceAll("\s+", "").indexOf(strToManage) > -1): null

26-05-2025T07:39:38 - [TEST_STEP][PASSED] - dZONames = replaceAll("-", "").replaceAll("//", ""): null

26-05-2025T07:39:38 - [TEST_STEP][PASSED] - println("dZONames: " + dZONames): null

26-05-2025T07:39:38 - [TEST_STEP][PASSED] - dZONumOtk = 1: null

26-05-2025T07:39:38 - [TEST_STEP][PASSED] - ii = dZONames.indexOf(strToManage): null

26-05-2025T07:39:38 - [TEST_STEP][PASSED] - if (strToManage != "ФСК"): null

26-05-2025T07:39:38 - [TEST_STEP][PASSED] - if (ii > -1): null

26-05-2025T07:39:38 - [TEST_STEP][PASSED] - for ([i1 = 1, ii > -1, (i1++)]): null

26-05-2025T07:39:38 - [TEST_STEP][PASSED] - dZONames = dZONames.substring(dZONames.indexOf("/") + 1, dZONames.length()): null

26-05-2025T07:39:38 - [TEST_STEP][PASSED] - ii = dZONames.lastIndexOf("/"): null

26-05-2025T07:39:38 - [TEST_STEP][PASSED] - println("dZONames: " + dZONames): null

26-05-2025T07:39:38 - [TEST_STEP][PASSED] - dZONumOtk = dZONumOtk + 1: null

26-05-2025T07:39:38 - [TEST_STEP][PASSED] - println("dZONumOtk: " + dZONumOtk): null

26-05-2025T07:39:38 - [TEST_STEP][PASSED] - dZONames = dZONames.substring(dZONames.indexOf("/") + 1, dZONames.length()): null

26-05-2025T07:39:38 - [TEST_STEP][PASSED] - ii = dZONames.lastIndexOf("/"): null

26-05-2025T07:39:38 - [TEST_STEP][PASSED] - println("dZONames: " + dZONames): null

26-05-2025T07:39:38 - [TEST_STEP][PASSED] - dZONumOtk = dZONumOtk + 1: null

26-05-2025T07:39:38 - [TEST_STEP][PASSED] - println("dZONumOtk: " + dZONumOtk): null

26-05-2025T07:39:38 - [TEST_STEP][PASSED] - dZONames = dZONames.substring(dZONames.indexOf("/") + 1, dZONames.length()): null

26-05-2025T07:39:38 - [TEST_STEP][PASSED] - ii = dZONames.lastIndexOf("/"): null

26-05-2025T07:39:38 - [TEST_STEP][PASSED] - println("dZONames: " + dZONames): null

26-05-2025T07:39:38 - [TEST_STEP][PASSED] - dZONumOtk = dZONumOtk + 1: null

26-05-2025T07:39:38 - [TEST_STEP][PASSED] - println("dZONumOtk: " + dZONumOtk): null

26-05-2025T07:39:38 - [TEST_STEP][PASSED] - dZONames = dZONames.substring(dZONames.indexOf("/") + 1, dZONames.length()): null

26-05-2025T07:39:38 - [TEST_STEP][PASSED] - ii = dZONames.lastIndexOf("/"): null

26-05-2025T07:39:38 - [TEST_STEP][PASSED] - println("dZONames: " + dZONames): null

26-05-2025T07:39:38 - [TEST_STEP][PASSED] - dZONumOtk = dZONumOtk + 1: null

26-05-2025T07:39:38 - [TEST_STEP][PASSED] - println("dZONumOtk: " + dZONumOtk): null

26-05-2025T07:39:38 - [TEST_STEP][PASSED] - dZONames = dZONames.substring(dZONames.indexOf("/") + 1, dZONames.length()): null

26-05-2025T07:39:38 - [TEST_STEP][PASSED] - ii = dZONames.lastIndexOf("/"): null

26-05-2025T07:39:38 - [TEST_STEP][PASSED] - println("dZONames: " + dZONames): null

26-05-2025T07:39:38 - [TEST_STEP][PASSED] - dZONumOtk = dZONumOtk + 1: null

26-05-2025T07:39:38 - [TEST_STEP][PASSED] - println("dZONumOtk: " + dZONumOtk): null

26-05-2025T07:39:38 - [TEST_STEP][PASSED] - dZONames = dZONames.substring(dZONames.indexOf("/") + 1, dZONames.length()): null

26-05-2025T07:39:38 - [TEST_STEP][PASSED] - ii = dZONames.lastIndexOf("/"): null

26-05-2025T07:39:38 - [TEST_STEP][PASSED] - println("dZONames: " + dZONames): null

26-05-2025T07:39:38 - [TEST_STEP][PASSED] - dZONumOtk = dZONumOtk + 1: null

26-05-2025T07:39:38 - [TEST_STEP][PASSED] - println("dZONumOtk: " + dZONumOtk): null

26-05-2025T07:39:38 - [TEST_STEP][PASSED] - dZONames = dZONames.substring(dZONames.indexOf("/") + 1, dZONames.length()): null

26-05-2025T07:39:38 - [TEST_STEP][PASSED] - ii = dZONames.lastIndexOf("/"): null

26-05-2025T07:39:38 - [TEST_STEP][PASSED] - println("dZONames: " + dZONames): null

26-05-2025T07:39:38 - [TEST_STEP][PASSED] - dZONumOtk = dZONumOtk + 1: null

26-05-2025T07:39:38 - [TEST_STEP][PASSED] - println("dZONumOtk: " + dZONumOtk): null

26-05-2025T07:39:38 - [TEST_STEP][PASSED] - if (z.indexOf("//") > -1): null

26-05-2025T07:39:38 - [TEST_STEP][PASSED] - println("z: " + z): null

26-05-2025T07:39:38 - [TEST_STEP][PASSED] - for ([ii = 1, ii < dZONumOtk, (ii++)]): null

26-05-2025T07:39:38 - [TEST_STEP][PASSED] - i1 = z.indexOf("/") + 1: null

26-05-2025T07:39:38 - [TEST_STEP][PASSED] - z = z.substring(i1, z.length()): null

26-05-2025T07:39:38 - [TEST_STEP][PASSED] - println("ii: " + ii): null

26-05-2025T07:39:38 - [TEST_STEP][PASSED] - println("z: " + z): null

26-05-2025T07:39:38 - [TEST_STEP][PASSED] - i1 = z.indexOf("/") + 1: null

26-05-2025T07:39:38 - [TEST_STEP][PASSED] - z = z.substring(i1, z.length()): null

26-05-2025T07:39:38 - [TEST_STEP][PASSED] - println("ii: " + ii): null

26-05-2025T07:39:38 - [TEST_STEP][PASSED] - println("z: " + z): null

26-05-2025T07:39:38 - [TEST_STEP][PASSED] - i1 = z.indexOf("/") + 1: null

26-05-2025T07:39:38 - [TEST_STEP][PASSED] - z = z.substring(i1, z.length()): null

26-05-2025T07:39:38 - [TEST_STEP][PASSED] - println("ii: " + ii): null

26-05-2025T07:39:38 - [TEST_STEP][PASSED] - println("z: " + z): null

26-05-2025T07:39:38 - [TEST_STEP][PASSED] - i1 = z.indexOf("/") + 1: null

26-05-2025T07:39:38 - [TEST_STEP][PASSED] - z = z.substring(i1, z.length()): null

26-05-2025T07:39:38 - [TEST_STEP][PASSED] - println("ii: " + ii): null

26-05-2025T07:39:38 - [TEST_STEP][PASSED] - println("z: " + z): null

26-05-2025T07:39:38 - [TEST_STEP][PASSED] - i1 = z.indexOf("/") + 1: null

26-05-2025T07:39:38 - [TEST_STEP][PASSED] - z = z.substring(i1, z.length()): null

26-05-2025T07:39:38 - [TEST_STEP][PASSED] - println("ii: " + ii): null

26-05-2025T07:39:38 - [TEST_STEP][PASSED] - println("z: " + z): null

26-05-2025T07:39:38 - [TEST_STEP][PASSED] - i1 = z.indexOf("/") + 1: null

26-05-2025T07:39:38 - [TEST_STEP][PASSED] - z = z.substring(i1, z.length()): null

26-05-2025T07:39:38 - [TEST_STEP][PASSED] - println("ii: " + ii): null

26-05-2025T07:39:38 - [TEST_STEP][PASSED] - println("z: " + z): null

26-05-2025T07:39:38 - [TEST_STEP][PASSED] - i1 = z.indexOf("/") + 1: null

26-05-2025T07:39:38 - [TEST_STEP][PASSED] - z = z.substring(i1, z.length()): null

26-05-2025T07:39:38 - [TEST_STEP][PASSED] - println("ii: " + ii): null

26-05-2025T07:39:38 - [TEST_STEP][PASSED] - println("z: " + z): null

26-05-2025T07:39:38 - [TEST_STEP][PASSED] - z = z.substring(0, z.indexOf("/")): null

26-05-2025T07:39:38 - [TEST_STEP][PASSED] - println("z: " + z): null

26-05-2025T07:39:38 - [TEST_STEP][PASSED] - x = x + "/" + z: null

26-05-2025T07:39:38 - [TEST_STEP][PASSED] - x = x.replaceAll("[\r?
|
]", ""): null

26-05-2025T07:39:38 - [TEST_STEP][PASSED] - println("x =" + x): null

26-05-2025T07:39:38 - [TEST_STEP][PASSED] - return x: null

26-05-2025T07:39:38 - [TEST_STEP][PASSED] - println("ugB: " + ugB): null

26-05-2025T07:39:38 - [TEST_STEP][PASSED] - i = VseDZO.indexOf("Янтарь"): null

26-05-2025T07:39:38 - [TEST_STEP][PASSED] - if (i > -1): null

26-05-2025T07:39:38 - [TEST_STEP][PASSED] - dZONum = dZONum + 1: null

26-05-2025T07:39:38 - [TEST_STEP][PASSED] - yB = GetAllData(path, dZONum, VseDZO, x = "Россети Янтарь/", dZO): null

26-05-2025T07:39:38 - [TEST_STEP][PASSED] - ii = <not implemented yet for class: org.codehaus.groovy.ast.expr.EmptyExpression>: null

26-05-2025T07:39:38 - [TEST_STEP][PASSED] - i1 = <not implemented yet for class: org.codehaus.groovy.ast.expr.EmptyExpression>: null

26-05-2025T07:39:38 - [TEST_STEP][PASSED] - z = <not implemented yet for class: org.codehaus.groovy.ast.expr.EmptyExpression>: null

26-05-2025T07:39:38 - [TEST_STEP][PASSED] - strToManage = <not implemented yet for class: org.codehaus.groovy.ast.expr.EmptyExpression>: null

26-05-2025T07:39:38 - [TEST_STEP][PASSED] - path2 = "Значения со страницы Выполнение бизнес-плана/Table Data/": null

26-05-2025T07:39:38 - [TEST_STEP][PASSED] - println("path: " + path): null

26-05-2025T07:39:38 - [TEST_STEP][PASSED] - dZONumOtk = <not implemented yet for class: org.codehaus.groovy.ast.expr.EmptyExpression>: null

26-05-2025T07:39:38 - [TEST_STEP][PASSED] - println("dZONum: " + dZONum): null

26-05-2025T07:39:38 - [TEST_STEP][PASSED] - dZO = x.substring(x.indexOf("/")): null

26-05-2025T07:39:38 - [TEST_STEP][PASSED] - println("dZO: " + dZO): null

26-05-2025T07:39:38 - [TEST_STEP][PASSED] - z = getText(findTestObject(path + "spanPlan" + dZONum)): Text of object 'Object Repository/Выполнение бизнес-плана/Выполнение бизнес-плана Балансы/spanPlan8' is: '10.39
|'

26-05-2025T07:39:39 - [MESSAGE][PASSED] - Text of object 'Object Repository/Выполнение бизнес-плана/Выполнение бизнес-плана Балансы/spanPlan8' is: '10.39
|'

26-05-2025T07:39:39 - [TEST_STEP][PASSED] - println(z): null

26-05-2025T07:39:39 - [TEST_STEP][PASSED] - if (z != ""): null

26-05-2025T07:39:39 - [TEST_STEP][PASSED] - ii = z.indexOf("|"): null

26-05-2025T07:39:39 - [TEST_STEP][PASSED] - if (ii > -1): null

26-05-2025T07:39:39 - [TEST_STEP][PASSED] - z = z.substring(0, z.length() - 1): null

26-05-2025T07:39:39 - [TEST_STEP][PASSED] - println(z): null

26-05-2025T07:39:39 - [TEST_STEP][PASSED] - z = z.replaceAll("\s+", ""): null

26-05-2025T07:39:39 - [TEST_STEP][PASSED] - z = z.replace("[\r?
|
]", "/"): null

26-05-2025T07:39:39 - [TEST_STEP][PASSED] - println(z): null

26-05-2025T07:39:39 - [TEST_STEP][PASSED] - x = x + z: null

26-05-2025T07:39:39 - [TEST_STEP][PASSED] - z = getText(findTestObject(path + "spanFact" + dZONum)): Text of object 'Object Repository/Выполнение бизнес-плана/Выполнение бизнес-плана Балансы/spanFact8' is: '8.87'

26-05-2025T07:39:39 - [MESSAGE][PASSED] - Text of object 'Object Repository/Выполнение бизнес-плана/Выполнение бизнес-плана Балансы/spanFact8' is: '8.87'

26-05-2025T07:39:39 - [TEST_STEP][PASSED] - ii = z.indexOf("|"): null

26-05-2025T07:39:39 - [TEST_STEP][PASSED] - if (ii > -1): null

26-05-2025T07:39:39 - [TEST_STEP][PASSED] - x = x + "/" + z: null

26-05-2025T07:39:39 - [TEST_STEP][PASSED] - z = getText(findTestObject(path + path2 + "Факт Отпуск в сеть за отчётный период " + dZONum)).replaceAll("\s+", ""): Text of object 'Object Repository/Выполнение бизнес-плана/Выполнение бизнес-плана Балансы/Значения со страницы Выполнение бизнес-плана/Table Data/Факт Отпуск в сеть за отчётный период 8' is: '901 140'

26-05-2025T07:39:39 - [MESSAGE][PASSED] - Text of object 'Object Repository/Выполнение бизнес-плана/Выполнение бизнес-плана Балансы/Значения со страницы Выполнение бизнес-плана/Table Data/Факт Отпуск в сеть за отчётный период 8' is: '901 140'

26-05-2025T07:39:39 - [TEST_STEP][PASSED] - println("z=" + z): null

26-05-2025T07:39:39 - [TEST_STEP][PASSED] - x = x + "/" + z: null

26-05-2025T07:39:39 - [TEST_STEP][PASSED] - z = getText(findTestObject(path + path2 + "Факт Отпуск из сети за отчётный период " + dZONum)).replaceAll("\s+", ""): Text of object 'Object Repository/Выполнение бизнес-плана/Выполнение бизнес-плана Балансы/Значения со страницы Выполнение бизнес-плана/Table Data/Факт Отпуск из сети за отчётный период 8' is: '821 181'

26-05-2025T07:39:40 - [MESSAGE][PASSED] - Text of object 'Object Repository/Выполнение бизнес-плана/Выполнение бизнес-плана Балансы/Значения со страницы Выполнение бизнес-плана/Table Data/Факт Отпуск из сети за отчётный период 8' is: '821 181'

26-05-2025T07:39:40 - [TEST_STEP][PASSED] - x = x + "/" + z: null

26-05-2025T07:39:40 - [TEST_STEP][PASSED] - z = getText(findTestObject(path + path2 + "Факт Потери за отчётный период " + dZONum)).replaceAll("\s+", ""): Text of object 'Object Repository/Выполнение бизнес-плана/Выполнение бизнес-плана Балансы/Значения со страницы Выполнение бизнес-плана/Table Data/Факт Потери за отчётный период 8' is: '79 959'

26-05-2025T07:39:40 - [MESSAGE][PASSED] - Text of object 'Object Repository/Выполнение бизнес-плана/Выполнение бизнес-плана Балансы/Значения со страницы Выполнение бизнес-плана/Table Data/Факт Потери за отчётный период 8' is: '79 959'

26-05-2025T07:39:40 - [TEST_STEP][PASSED] - x = x + "/" + z: null

26-05-2025T07:39:40 - [TEST_STEP][PASSED] - z = getText(findTestObject(path + path2 + "План Отпуск в сеть за отчётный период " + dZONum)).replaceAll("\s+", ""): Text of object 'Object Repository/Выполнение бизнес-плана/Выполнение бизнес-плана Балансы/Значения со страницы Выполнение бизнес-плана/Table Data/План Отпуск в сеть за отчётный период 8' is: '908 608'

26-05-2025T07:39:40 - [MESSAGE][PASSED] - Text of object 'Object Repository/Выполнение бизнес-плана/Выполнение бизнес-плана Балансы/Значения со страницы Выполнение бизнес-плана/Table Data/План Отпуск в сеть за отчётный период 8' is: '908 608'

26-05-2025T07:39:40 - [TEST_STEP][PASSED] - x = x + "/" + z: null

26-05-2025T07:39:40 - [TEST_STEP][PASSED] - z = getText(findTestObject(path + path2 + "План Отпуск из сети за отчётный период " + dZONum)).replaceAll("\s+", ""): Text of object 'Object Repository/Выполнение бизнес-плана/Выполнение бизнес-плана Балансы/Значения со страницы Выполнение бизнес-плана/Table Data/План Отпуск из сети за отчётный период 8' is: '814 188'

26-05-2025T07:39:41 - [MESSAGE][PASSED] - Text of object 'Object Repository/Выполнение бизнес-плана/Выполнение бизнес-плана Балансы/Значения со страницы Выполнение бизнес-плана/Table Data/План Отпуск из сети за отчётный период 8' is: '814 188'

26-05-2025T07:39:41 - [TEST_STEP][PASSED] - x = x + "/" + z: null

26-05-2025T07:39:41 - [TEST_STEP][PASSED] - z = getText(findTestObject(path + path2 + "План Потери за отчётный период " + dZONum)).replaceAll("\s+", ""): Text of object 'Object Repository/Выполнение бизнес-плана/Выполнение бизнес-плана Балансы/Значения со страницы Выполнение бизнес-плана/Table Data/План Потери за отчётный период 8' is: '94 420'

26-05-2025T07:39:41 - [MESSAGE][PASSED] - Text of object 'Object Repository/Выполнение бизнес-плана/Выполнение бизнес-плана Балансы/Значения со страницы Выполнение бизнес-плана/Table Data/План Потери за отчётный период 8' is: '94 420'

26-05-2025T07:39:41 - [TEST_STEP][PASSED] - x = x + "/" + z: null

26-05-2025T07:39:41 - [TEST_STEP][PASSED] - z = getText(findTestObject(path + "Отклонения за 1 месяц")).replaceAll("[\r?
|
]", "/"): Text of object 'Object Repository/Выполнение бизнес-плана/Выполнение бизнес-плана Балансы/Отклонения за 1 месяц' is: '0.05
-0.99
-0.40
-1.51
-0.19
-0.25
-1.44
-1.52
Россети ФСК ЕЭС
Россети Волга
Россети Московский регион
Россети Северо-Запад
Россети Томск
Россети Урал (ГК)
Россети Юг (ГК)
Россети Янтарь
-2
-1
0
1
2
3
4
5
6
7'

26-05-2025T07:39:41 - [MESSAGE][PASSED] - Text of object 'Object Repository/Выполнение бизнес-плана/Выполнение бизнес-плана Балансы/Отклонения за 1 месяц' is: '0.05
-0.99
-0.40
-1.51
-0.19
-0.25
-1.44
-1.52
Россети ФСК ЕЭС
Россети Волга
Россети Московский регион
Россети Северо-Запад
Россети Томск
Россети Урал (ГК)
Россети Юг (ГК)
Россети Янтарь
-2
-1
0
1
2
3
4
5
6
7'

26-05-2025T07:39:41 - [TEST_STEP][PASSED] - strToManage = z: null

26-05-2025T07:39:41 - [TEST_STEP][PASSED] - ii = strToManage.indexOf("ГК"): null

26-05-2025T07:39:41 - [TEST_STEP][PASSED] - if (ii > -1): null

26-05-2025T07:39:41 - [TEST_STEP][PASSED] - for ([i1 = 1, i1 > -1, (i1--)]): null

26-05-2025T07:39:41 - [TEST_STEP][PASSED] - strToManage = strToManage.substring(0, strToManage.indexOf("ГК") - 1) + strToManage.substring(strToManage.indexOf("ГК") + 3): null

26-05-2025T07:39:41 - [TEST_STEP][PASSED] - println("strToManage count i1: " + strToManage): null

26-05-2025T07:39:41 - [TEST_STEP][PASSED] - i1 = strToManage.count("ГК"): null

26-05-2025T07:39:41 - [TEST_STEP][PASSED] - println("i1: " + i1): null

26-05-2025T07:39:41 - [TEST_STEP][PASSED] - strToManage = strToManage.substring(0, strToManage.indexOf("ГК") - 1) + strToManage.substring(strToManage.indexOf("ГК") + 3): null

26-05-2025T07:39:41 - [TEST_STEP][PASSED] - println("strToManage count i1: " + strToManage): null

26-05-2025T07:39:41 - [TEST_STEP][PASSED] - i1 = strToManage.count("ГК"): null

26-05-2025T07:39:41 - [TEST_STEP][PASSED] - println("i1: " + i1): null

26-05-2025T07:39:41 - [TEST_STEP][PASSED] - z = strToManage: null

26-05-2025T07:39:41 - [TEST_STEP][PASSED] - println("z: " + z): null

26-05-2025T07:39:41 - [TEST_STEP][PASSED] - lettersStart = z.indexOf("Россети"): null

26-05-2025T07:39:41 - [TEST_STEP][PASSED] - strToManage = z.substring(lettersStart, z.length()): null

26-05-2025T07:39:41 - [TEST_STEP][PASSED] - println("strToManage: " + strToManage): null

26-05-2025T07:39:41 - [TEST_STEP][PASSED] - dZONames = strToManage: null

26-05-2025T07:39:41 - [TEST_STEP][PASSED] - strToManage = strToManage.replaceAll("[а-яА-Я]", ""): null

26-05-2025T07:39:41 - [TEST_STEP][PASSED] - println("strToManage after letters: " + strToManage): null

26-05-2025T07:39:41 - [TEST_STEP][PASSED] - strToManage = replaceAll(" ", "").replaceAll("/-/", ""): null

26-05-2025T07:39:41 - [TEST_STEP][PASSED] - println("strToManage: " + strToManage): null

26-05-2025T07:39:41 - [TEST_STEP][PASSED] - strToManage = strToManage.substring(strToManage.lastIndexOf("//") + 1, strToManage.length()): null

26-05-2025T07:39:41 - [TEST_STEP][PASSED] - println("strToManage: " + strToManage): null

26-05-2025T07:39:41 - [TEST_STEP][PASSED] - ii = z.indexOf(strToManage): null

26-05-2025T07:39:41 - [TEST_STEP][PASSED] - if (ii > -1): null

26-05-2025T07:39:41 - [TEST_STEP][PASSED] - z = z.substring(0, ii) + "/": null

26-05-2025T07:39:41 - [TEST_STEP][PASSED] - println("z: " + z): null

26-05-2025T07:39:41 - [TEST_STEP][PASSED] - println("dZONum: " + dZONum): null

26-05-2025T07:39:41 - [TEST_STEP][PASSED] - strToManage = dZO: null

26-05-2025T07:39:41 - [TEST_STEP][PASSED] - if (strToManage.indexOf("(ГК)") > -1): null

26-05-2025T07:39:41 - [TEST_STEP][PASSED] - strToManage = replaceAll("\p{P}", "").replaceAll("\s+", ""): null

26-05-2025T07:39:41 - [TEST_STEP][PASSED] - println("strToManage: " + strToManage): null

26-05-2025T07:39:41 - [TEST_STEP][PASSED] - if (replaceAll("\s+", "").indexOf(strToManage) > -1): null

26-05-2025T07:39:41 - [TEST_STEP][PASSED] - dZONames = replaceAll("-", "").replaceAll("//", ""): null

26-05-2025T07:39:41 - [TEST_STEP][PASSED] - println("dZONames: " + dZONames): null

26-05-2025T07:39:41 - [TEST_STEP][PASSED] - dZONumOtk = 1: null

26-05-2025T07:39:41 - [TEST_STEP][PASSED] - ii = dZONames.indexOf(strToManage): null

26-05-2025T07:39:41 - [TEST_STEP][PASSED] - if (strToManage != "ФСК"): null

26-05-2025T07:39:41 - [TEST_STEP][PASSED] - if (ii > -1): null

26-05-2025T07:39:41 - [TEST_STEP][PASSED] - for ([i1 = 1, ii > -1, (i1++)]): null

26-05-2025T07:39:41 - [TEST_STEP][PASSED] - dZONames = dZONames.substring(dZONames.indexOf("/") + 1, dZONames.length()): null

26-05-2025T07:39:41 - [TEST_STEP][PASSED] - ii = dZONames.lastIndexOf("/"): null

26-05-2025T07:39:41 - [TEST_STEP][PASSED] - println("dZONames: " + dZONames): null

26-05-2025T07:39:41 - [TEST_STEP][PASSED] - dZONumOtk = dZONumOtk + 1: null

26-05-2025T07:39:41 - [TEST_STEP][PASSED] - println("dZONumOtk: " + dZONumOtk): null

26-05-2025T07:39:41 - [TEST_STEP][PASSED] - dZONames = dZONames.substring(dZONames.indexOf("/") + 1, dZONames.length()): null

26-05-2025T07:39:41 - [TEST_STEP][PASSED] - ii = dZONames.lastIndexOf("/"): null

26-05-2025T07:39:41 - [TEST_STEP][PASSED] - println("dZONames: " + dZONames): null

26-05-2025T07:39:41 - [TEST_STEP][PASSED] - dZONumOtk = dZONumOtk + 1: null

26-05-2025T07:39:41 - [TEST_STEP][PASSED] - println("dZONumOtk: " + dZONumOtk): null

26-05-2025T07:39:41 - [TEST_STEP][PASSED] - dZONames = dZONames.substring(dZONames.indexOf("/") + 1, dZONames.length()): null

26-05-2025T07:39:41 - [TEST_STEP][PASSED] - ii = dZONames.lastIndexOf("/"): null

26-05-2025T07:39:41 - [TEST_STEP][PASSED] - println("dZONames: " + dZONames): null

26-05-2025T07:39:41 - [TEST_STEP][PASSED] - dZONumOtk = dZONumOtk + 1: null

26-05-2025T07:39:41 - [TEST_STEP][PASSED] - println("dZONumOtk: " + dZONumOtk): null

26-05-2025T07:39:41 - [TEST_STEP][PASSED] - dZONames = dZONames.substring(dZONames.indexOf("/") + 1, dZONames.length()): null

26-05-2025T07:39:41 - [TEST_STEP][PASSED] - ii = dZONames.lastIndexOf("/"): null

26-05-2025T07:39:41 - [TEST_STEP][PASSED] - println("dZONames: " + dZONames): null

26-05-2025T07:39:41 - [TEST_STEP][PASSED] - dZONumOtk = dZONumOtk + 1: null

26-05-2025T07:39:41 - [TEST_STEP][PASSED] - println("dZONumOtk: " + dZONumOtk): null

26-05-2025T07:39:41 - [TEST_STEP][PASSED] - dZONames = dZONames.substring(dZONames.indexOf("/") + 1, dZONames.length()): null

26-05-2025T07:39:41 - [TEST_STEP][PASSED] - ii = dZONames.lastIndexOf("/"): null

26-05-2025T07:39:41 - [TEST_STEP][PASSED] - println("dZONames: " + dZONames): null

26-05-2025T07:39:41 - [TEST_STEP][PASSED] - dZONumOtk = dZONumOtk + 1: null

26-05-2025T07:39:41 - [TEST_STEP][PASSED] - println("dZONumOtk: " + dZONumOtk): null

26-05-2025T07:39:41 - [TEST_STEP][PASSED] - dZONames = dZONames.substring(dZONames.indexOf("/") + 1, dZONames.length()): null

26-05-2025T07:39:41 - [TEST_STEP][PASSED] - ii = dZONames.lastIndexOf("/"): null

26-05-2025T07:39:41 - [TEST_STEP][PASSED] - println("dZONames: " + dZONames): null

26-05-2025T07:39:41 - [TEST_STEP][PASSED] - dZONumOtk = dZONumOtk + 1: null

26-05-2025T07:39:41 - [TEST_STEP][PASSED] - println("dZONumOtk: " + dZONumOtk): null

26-05-2025T07:39:41 - [TEST_STEP][PASSED] - dZONames = dZONames.substring(dZONames.indexOf("/") + 1, dZONames.length()): null

26-05-2025T07:39:41 - [TEST_STEP][PASSED] - ii = dZONames.lastIndexOf("/"): null

26-05-2025T07:39:41 - [TEST_STEP][PASSED] - println("dZONames: " + dZONames): null

26-05-2025T07:39:41 - [TEST_STEP][PASSED] - dZONumOtk = dZONumOtk + 1: null

26-05-2025T07:39:41 - [TEST_STEP][PASSED] - println("dZONumOtk: " + dZONumOtk): null

26-05-2025T07:39:41 - [TEST_STEP][PASSED] - if (z.indexOf("//") > -1): null

26-05-2025T07:39:41 - [TEST_STEP][PASSED] - println("z: " + z): null

26-05-2025T07:39:41 - [TEST_STEP][PASSED] - for ([ii = 1, ii < dZONumOtk, (ii++)]): null

26-05-2025T07:39:41 - [TEST_STEP][PASSED] - i1 = z.indexOf("/") + 1: null

26-05-2025T07:39:41 - [TEST_STEP][PASSED] - z = z.substring(i1, z.length()): null

26-05-2025T07:39:41 - [TEST_STEP][PASSED] - println("ii: " + ii): null

26-05-2025T07:39:41 - [TEST_STEP][PASSED] - println("z: " + z): null

26-05-2025T07:39:41 - [TEST_STEP][PASSED] - i1 = z.indexOf("/") + 1: null

26-05-2025T07:39:41 - [TEST_STEP][PASSED] - z = z.substring(i1, z.length()): null

26-05-2025T07:39:41 - [TEST_STEP][PASSED] - println("ii: " + ii): null

26-05-2025T07:39:41 - [TEST_STEP][PASSED] - println("z: " + z): null

26-05-2025T07:39:41 - [TEST_STEP][PASSED] - i1 = z.indexOf("/") + 1: null

26-05-2025T07:39:41 - [TEST_STEP][PASSED] - z = z.substring(i1, z.length()): null

26-05-2025T07:39:41 - [TEST_STEP][PASSED] - println("ii: " + ii): null

26-05-2025T07:39:41 - [TEST_STEP][PASSED] - println("z: " + z): null

26-05-2025T07:39:41 - [TEST_STEP][PASSED] - i1 = z.indexOf("/") + 1: null

26-05-2025T07:39:41 - [TEST_STEP][PASSED] - z = z.substring(i1, z.length()): null

26-05-2025T07:39:41 - [TEST_STEP][PASSED] - println("ii: " + ii): null

26-05-2025T07:39:41 - [TEST_STEP][PASSED] - println("z: " + z): null

26-05-2025T07:39:41 - [TEST_STEP][PASSED] - i1 = z.indexOf("/") + 1: null

26-05-2025T07:39:41 - [TEST_STEP][PASSED] - z = z.substring(i1, z.length()): null

26-05-2025T07:39:41 - [TEST_STEP][PASSED] - println("ii: " + ii): null

26-05-2025T07:39:41 - [TEST_STEP][PASSED] - println("z: " + z): null

26-05-2025T07:39:41 - [TEST_STEP][PASSED] - i1 = z.indexOf("/") + 1: null

26-05-2025T07:39:41 - [TEST_STEP][PASSED] - z = z.substring(i1, z.length()): null

26-05-2025T07:39:41 - [TEST_STEP][PASSED] - println("ii: " + ii): null

26-05-2025T07:39:41 - [TEST_STEP][PASSED] - println("z: " + z): null

26-05-2025T07:39:41 - [TEST_STEP][PASSED] - i1 = z.indexOf("/") + 1: null

26-05-2025T07:39:41 - [TEST_STEP][PASSED] - z = z.substring(i1, z.length()): null

26-05-2025T07:39:41 - [TEST_STEP][PASSED] - println("ii: " + ii): null

26-05-2025T07:39:41 - [TEST_STEP][PASSED] - println("z: " + z): null

26-05-2025T07:39:41 - [TEST_STEP][PASSED] - z = z.substring(0, z.indexOf("/")): null

26-05-2025T07:39:41 - [TEST_STEP][PASSED] - println("z: " + z): null

26-05-2025T07:39:41 - [TEST_STEP][PASSED] - x = x + "/" + z: null

26-05-2025T07:39:41 - [TEST_STEP][PASSED] - x = x.replaceAll("[\r?
|
]", ""): null

26-05-2025T07:39:41 - [TEST_STEP][PASSED] - println("x =" + x): null

26-05-2025T07:39:41 - [TEST_STEP][PASSED] - return x: null

26-05-2025T07:39:41 - [TEST_STEP][PASSED] - println("yB: " + yB): null

26-05-2025T07:39:41 - [TEST_STEP][PASSED] - VseDZO = getText(findTestObject(path + "Список ДЗО")): Text of object 'Object Repository/Выполнение бизнес-плана/Выполнение бизнес-плана Балансы/Список ДЗО' is: '0.05
-0.99
-0.40
-1.51
-0.19
-0.25
-1.44
-1.52
Россети ФСК ЕЭС
Россети Волга
Россети Московский регион
Россети Северо-Запад
Россети Томск
Россети Урал (ГК)
Россети Юг (ГК)
Россети Янтарь
-2
-1
0
1
2
3
4
5
6
7'

26-05-2025T07:39:42 - [MESSAGE][PASSED] - Text of object 'Object Repository/Выполнение бизнес-плана/Выполнение бизнес-плана Балансы/Список ДЗО' is: '0.05
-0.99
-0.40
-1.51
-0.19
-0.25
-1.44
-1.52
Россети ФСК ЕЭС
Россети Волга
Россети Московский регион
Россети Северо-Запад
Россети Томск
Россети Урал (ГК)
Россети Юг (ГК)
Россети Янтарь
-2
-1
0
1
2
3
4
5
6
7'

26-05-2025T07:39:42 - [TEST_STEP][FAILED] - if (blockNum == 2): null

26-05-2025T07:39:42 - [TEST_STEP][FAILED] - if (verifyEqual(pRR, pRB) == false): null

26-05-2025T07:39:42 - [MESSAGE][FAILED] - Unable to verify equal between actual object 'ПАО Россети/5.63/8.24/177286590/162684396/14602194/279622401/263872604/15749796' and expected object 'ПАО Россети/5.01/8.20/136160386/124997975/11162411/236268268/224428885/11839383' (Root cause: com.kms.katalon.core.exception.StepFailedException: Actual object 'ПАО Россети/5.63/8.24/177286590/162684396/14602194/279622401/263872604/15749796' and expected object 'ПАО Россети/5.01/8.20/136160386/124997975/11162411/236268268/224428885/11839383' are not equal
	at com.kms.katalon.core.keyword.builtin.VerifyEqualKeyword$_verifyEqual_closure1.doCall(VerifyEqualKeyword.groovy:58)
	at com.kms.katalon.core.keyword.builtin.VerifyEqualKeyword$_verifyEqual_closure1.call(VerifyEqualKeyword.groovy)
	at com.kms.katalon.core.keyword.internal.KeywordMain.runKeyword(KeywordMain.groovy:75)
	at com.kms.katalon.core.keyword.builtin.VerifyEqualKeyword.verifyEqual(VerifyEqualKeyword.groovy:63)
	at com.kms.katalon.core.keyword.builtin.VerifyEqualKeyword.execute(VerifyEqualKeyword.groovy:44)
	at com.kms.katalon.core.keyword.internal.KeywordExecutor.executeKeywordForPlatform(KeywordExecutor.groovy:74)
	at com.kms.katalon.core.keyword.BuiltinKeywords.verifyEqual(BuiltinKeywords.groovy:146)
	at jdk.internal.reflect.GeneratedMethodAccessor23.invoke(Unknown Source)
	at java.base/jdk.internal.reflect.DelegatingMethodAccessorImpl.invoke(DelegatingMethodAccessorImpl.java:43)
	at Выполнение бизнес-плана сверка дашбордов.run(Выполнение бизнес-плана сверка дашбордов:577)
	at com.kms.katalon.core.main.ScriptEngine.run(ScriptEngine.java:194)
	at com.kms.katalon.core.main.ScriptEngine.runScriptAsRawText(ScriptEngine.java:119)
	at com.kms.katalon.core.main.TestCaseExecutor.runScript(TestCaseExecutor.java:448)
	at com.kms.katalon.core.main.TestCaseExecutor.doExecute(TestCaseExecutor.java:439)
	at com.kms.katalon.core.main.TestCaseExecutor.processExecutionPhase(TestCaseExecutor.java:418)
	at com.kms.katalon.core.main.TestCaseExecutor.accessMainPhase(TestCaseExecutor.java:410)
	at com.kms.katalon.core.main.TestCaseExecutor.execute(TestCaseExecutor.java:285)
	at com.kms.katalon.core.common.CommonExecutor.accessTestCaseMainPhase(CommonExecutor.java:65)
	at com.kms.katalon.core.main.TestSuiteExecutor.accessTestSuiteMainPhase(TestSuiteExecutor.java:150)
	at com.kms.katalon.core.main.TestSuiteExecutor.execute(TestSuiteExecutor.java:106)
	at com.kms.katalon.core.main.TestCaseMain.startTestSuite(TestCaseMain.java:180)
	at TempTestSuite1748228991768.run(TempTestSuite1748228991768.groovy:35)
	at java.base/jdk.internal.reflect.NativeMethodAccessorImpl.invoke0(Native Method)
	at java.base/jdk.internal.reflect.NativeMethodAccessorImpl.invoke(NativeMethodAccessorImpl.java:77)
	at java.base/jdk.internal.reflect.DelegatingMethodAccessorImpl.invoke(DelegatingMethodAccessorImpl.java:43)
)

26-05-2025T07:39:42 - [TEST_STEP][PASSED] - result = CompareDZOData(a = pRR, b = pRB, dZO, typeOfData, PercPlanR, PercPlanB, PercFactR, PercFactB, todaysDate, x, vidget, tabR, tabB, o1R, o1B): null

26-05-2025T07:39:42 - [TEST_STEP][PASSED] - ii2 = <not implemented yet for class: org.codehaus.groovy.ast.expr.EmptyExpression>: null

26-05-2025T07:39:42 - [TEST_STEP][FAILED] - if (verifyEqual(a, b) == false): null

26-05-2025T07:39:42 - [MESSAGE][FAILED] - Unable to verify equal between actual object 'ПАО Россети/5.63/8.24/177286590/162684396/14602194/279622401/263872604/15749796' and expected object 'ПАО Россети/5.01/8.20/136160386/124997975/11162411/236268268/224428885/11839383' (Root cause: com.kms.katalon.core.exception.StepFailedException: Actual object 'ПАО Россети/5.63/8.24/177286590/162684396/14602194/279622401/263872604/15749796' and expected object 'ПАО Россети/5.01/8.20/136160386/124997975/11162411/236268268/224428885/11839383' are not equal
	at com.kms.katalon.core.keyword.builtin.VerifyEqualKeyword$_verifyEqual_closure1.doCall(VerifyEqualKeyword.groovy:58)
	at com.kms.katalon.core.keyword.builtin.VerifyEqualKeyword$_verifyEqual_closure1.call(VerifyEqualKeyword.groovy)
	at com.kms.katalon.core.keyword.internal.KeywordMain.runKeyword(KeywordMain.groovy:75)
	at com.kms.katalon.core.keyword.builtin.VerifyEqualKeyword.verifyEqual(VerifyEqualKeyword.groovy:63)
	at com.kms.katalon.core.keyword.builtin.VerifyEqualKeyword.execute(VerifyEqualKeyword.groovy:44)
	at com.kms.katalon.core.keyword.internal.KeywordExecutor.executeKeywordForPlatform(KeywordExecutor.groovy:74)
	at com.kms.katalon.core.keyword.BuiltinKeywords.verifyEqual(BuiltinKeywords.groovy:146)
	at jdk.internal.reflect.GeneratedMethodAccessor23.invoke(Unknown Source)
	at java.base/jdk.internal.reflect.DelegatingMethodAccessorImpl.invoke(DelegatingMethodAccessorImpl.java:43)
	at Выполнение бизнес-плана сверка дашбордов.CompareDZOData(Выполнение бизнес-плана сверка дашбордов:673)
	at Выполнение бизнес-плана сверка дашбордов.run(Выполнение бизнес-плана сверка дашбордов:578)
	at com.kms.katalon.core.main.ScriptEngine.run(ScriptEngine.java:194)
	at com.kms.katalon.core.main.ScriptEngine.runScriptAsRawText(ScriptEngine.java:119)
	at com.kms.katalon.core.main.TestCaseExecutor.runScript(TestCaseExecutor.java:448)
	at com.kms.katalon.core.main.TestCaseExecutor.doExecute(TestCaseExecutor.java:439)
	at com.kms.katalon.core.main.TestCaseExecutor.processExecutionPhase(TestCaseExecutor.java:418)
	at com.kms.katalon.core.main.TestCaseExecutor.accessMainPhase(TestCaseExecutor.java:410)
	at com.kms.katalon.core.main.TestCaseExecutor.execute(TestCaseExecutor.java:285)
	at com.kms.katalon.core.common.CommonExecutor.accessTestCaseMainPhase(CommonExecutor.java:65)
	at com.kms.katalon.core.main.TestSuiteExecutor.accessTestSuiteMainPhase(TestSuiteExecutor.java:150)
	at com.kms.katalon.core.main.TestSuiteExecutor.execute(TestSuiteExecutor.java:106)
	at com.kms.katalon.core.main.TestCaseMain.startTestSuite(TestCaseMain.java:180)
	at TempTestSuite1748228991768.run(TempTestSuite1748228991768.groovy:35)
	at java.base/jdk.internal.reflect.NativeMethodAccessorImpl.invoke0(Native Method)
	at java.base/jdk.internal.reflect.NativeMethodAccessorImpl.invoke(NativeMethodAccessorImpl.java:77)
	at java.base/jdk.internal.reflect.DelegatingMethodAccessorImpl.invoke(DelegatingMethodAccessorImpl.java:43)
)

26-05-2025T07:39:42 - [TEST_STEP][PASSED] - vidget = "Уровень потерь электроэнергии": null

26-05-2025T07:39:42 - [TEST_STEP][PASSED] - typeOfData = "План": null

26-05-2025T07:39:42 - [TEST_STEP][PASSED] - PercPlanR = GetPercPlanR(x = a): null

26-05-2025T07:39:42 - [TEST_STEP][PASSED] - i1 = <not implemented yet for class: org.codehaus.groovy.ast.expr.EmptyExpression>: null

26-05-2025T07:39:42 - [TEST_STEP][PASSED] - i1 = x.indexOf("/") + 1: null

26-05-2025T07:39:42 - [TEST_STEP][PASSED] - if (i1 > -1): null

26-05-2025T07:39:42 - [TEST_STEP][PASSED] - x = x.substring(i1, x.length()): null

26-05-2025T07:39:42 - [TEST_STEP][PASSED] - i1 = x.indexOf("/"): null

26-05-2025T07:39:42 - [TEST_STEP][PASSED] - if (i1 > -1): null

26-05-2025T07:39:42 - [TEST_STEP][PASSED] - x = x.substring(0, i1): null

26-05-2025T07:39:42 - [TEST_STEP][PASSED] - return x: null

26-05-2025T07:39:42 - [TEST_STEP][PASSED] - PercPlanB = GetPercPlanB(x = b): null

26-05-2025T07:39:42 - [TEST_STEP][PASSED] - i1 = <not implemented yet for class: org.codehaus.groovy.ast.expr.EmptyExpression>: null

26-05-2025T07:39:42 - [TEST_STEP][PASSED] - i1 = x.indexOf("/") + 1: null

26-05-2025T07:39:42 - [TEST_STEP][PASSED] - if (i1 > -1): null

26-05-2025T07:39:42 - [TEST_STEP][PASSED] - x = x.substring(i1, x.length()): null

26-05-2025T07:39:42 - [TEST_STEP][PASSED] - i1 = x.indexOf("/"): null

26-05-2025T07:39:42 - [TEST_STEP][PASSED] - if (i1 > -1): null

26-05-2025T07:39:42 - [TEST_STEP][PASSED] - x = x.substring(0, i1): null

26-05-2025T07:39:42 - [TEST_STEP][FAILED] - return x: null

26-05-2025T07:39:42 - [TEST_STEP][FAILED] - if (verifyEqual(PercPlanR, PercPlanB) == false): null

26-05-2025T07:39:42 - [MESSAGE][FAILED] - Unable to verify equal between actual object '5.63' and expected object '5.01' (Root cause: com.kms.katalon.core.exception.StepFailedException: Actual object '5.63' and expected object '5.01' are not equal
	at com.kms.katalon.core.keyword.builtin.VerifyEqualKeyword$_verifyEqual_closure1.doCall(VerifyEqualKeyword.groovy:58)
	at com.kms.katalon.core.keyword.builtin.VerifyEqualKeyword$_verifyEqual_closure1.call(VerifyEqualKeyword.groovy)
	at com.kms.katalon.core.keyword.internal.KeywordMain.runKeyword(KeywordMain.groovy:75)
	at com.kms.katalon.core.keyword.builtin.VerifyEqualKeyword.verifyEqual(VerifyEqualKeyword.groovy:63)
	at com.kms.katalon.core.keyword.builtin.VerifyEqualKeyword.execute(VerifyEqualKeyword.groovy:44)
	at com.kms.katalon.core.keyword.internal.KeywordExecutor.executeKeywordForPlatform(KeywordExecutor.groovy:74)
	at com.kms.katalon.core.keyword.BuiltinKeywords.verifyEqual(BuiltinKeywords.groovy:146)
	at jdk.internal.reflect.GeneratedMethodAccessor23.invoke(Unknown Source)
	at java.base/jdk.internal.reflect.DelegatingMethodAccessorImpl.invoke(DelegatingMethodAccessorImpl.java:43)
	at Выполнение бизнес-плана сверка дашбордов.CompareDZOData(Выполнение бизнес-плана сверка дашбордов:682)
	at Выполнение бизнес-плана сверка дашбордов.run(Выполнение бизнес-плана сверка дашбордов:578)
	at com.kms.katalon.core.main.ScriptEngine.run(ScriptEngine.java:194)
	at com.kms.katalon.core.main.ScriptEngine.runScriptAsRawText(ScriptEngine.java:119)
	at com.kms.katalon.core.main.TestCaseExecutor.runScript(TestCaseExecutor.java:448)
	at com.kms.katalon.core.main.TestCaseExecutor.doExecute(TestCaseExecutor.java:439)
	at com.kms.katalon.core.main.TestCaseExecutor.processExecutionPhase(TestCaseExecutor.java:418)
	at com.kms.katalon.core.main.TestCaseExecutor.accessMainPhase(TestCaseExecutor.java:410)
	at com.kms.katalon.core.main.TestCaseExecutor.execute(TestCaseExecutor.java:285)
	at com.kms.katalon.core.common.CommonExecutor.accessTestCaseMainPhase(CommonExecutor.java:65)
	at com.kms.katalon.core.main.TestSuiteExecutor.accessTestSuiteMainPhase(TestSuiteExecutor.java:150)
	at com.kms.katalon.core.main.TestSuiteExecutor.execute(TestSuiteExecutor.java:106)
	at com.kms.katalon.core.main.TestCaseMain.startTestSuite(TestCaseMain.java:180)
	at TempTestSuite1748228991768.run(TempTestSuite1748228991768.groovy:35)
	at java.base/jdk.internal.reflect.NativeMethodAccessorImpl.invoke0(Native Method)
	at java.base/jdk.internal.reflect.NativeMethodAccessorImpl.invoke(NativeMethodAccessorImpl.java:77)
	at java.base/jdk.internal.reflect.DelegatingMethodAccessorImpl.invoke(DelegatingMethodAccessorImpl.java:43)
)

26-05-2025T07:39:42 - [TEST_STEP][PASSED] - result = WriteToExcel(typeOfData, todaysDate, PercPlanR, PercPlanB, PercFactR, PercFactB, x, tabR, tabB, o1R, o1B, vidget): null

26-05-2025T07:39:42 - [TEST_STEP][PASSED] - iii = dZO.indexOf("/"): null

26-05-2025T07:39:42 - [TEST_STEP][PASSED] - println(iii): null

26-05-2025T07:39:42 - [TEST_STEP][PASSED] - if (iii > -1): null

26-05-2025T07:39:42 - [TEST_STEP][PASSED] - dZO = dZO.substring(0, iii): null

26-05-2025T07:39:42 - [TEST_STEP][PASSED] - println(dZO): null

26-05-2025T07:39:42 - [TEST_STEP][PASSED] - println(PercPlanR): null

26-05-2025T07:39:42 - [TEST_STEP][PASSED] - println(PercPlanB): null

26-05-2025T07:39:42 - [TEST_STEP][PASSED] - println(PercFactR): null

26-05-2025T07:39:42 - [TEST_STEP][PASSED] - println(PercFactB): null

26-05-2025T07:39:42 - [TEST_STEP][PASSED] - println(tabR): null

26-05-2025T07:39:42 - [TEST_STEP][PASSED] - println(tabB): null

26-05-2025T07:39:42 - [TEST_STEP][PASSED] - println(o1R): null

26-05-2025T07:39:42 - [TEST_STEP][PASSED] - println(o1B): null

26-05-2025T07:39:42 - [TEST_STEP][PASSED] - PR = <not implemented yet for class: org.codehaus.groovy.ast.expr.EmptyExpression>: null

26-05-2025T07:39:42 - [TEST_STEP][PASSED] - FR = <not implemented yet for class: org.codehaus.groovy.ast.expr.EmptyExpression>: null

26-05-2025T07:39:42 - [TEST_STEP][PASSED] - PB = <not implemented yet for class: org.codehaus.groovy.ast.expr.EmptyExpression>: null

26-05-2025T07:39:42 - [TEST_STEP][PASSED] - FB = <not implemented yet for class: org.codehaus.groovy.ast.expr.EmptyExpression>: null

26-05-2025T07:39:42 - [TEST_STEP][PASSED] - TR = <not implemented yet for class: org.codehaus.groovy.ast.expr.EmptyExpression>: null

26-05-2025T07:39:42 - [TEST_STEP][PASSED] - TB = <not implemented yet for class: org.codehaus.groovy.ast.expr.EmptyExpression>: null

26-05-2025T07:39:42 - [TEST_STEP][PASSED] - sheetName = "Sheet1": null

26-05-2025T07:39:42 - [TEST_STEP][PASSED] - data = findTestData("PlanFact"): null

26-05-2025T07:39:42 - [TEST_STEP][PASSED] - n = data.getRowNumbers() + 1: null

26-05-2025T07:39:42 - [TEST_STEP][PASSED] - day = ")).toInteger(): null

26-05-2025T07:39:42 - [TEST_STEP][PASSED] - println(day): null

26-05-2025T07:39:42 - [TEST_STEP][PASSED] - month = ")).toInteger(): null

26-05-2025T07:39:42 - [TEST_STEP][PASSED] - println(month): null

26-05-2025T07:39:42 - [TEST_STEP][PASSED] - y = length()).toInteger(): null

26-05-2025T07:39:42 - [TEST_STEP][PASSED] - if (month < 3 && day < 30): null

26-05-2025T07:39:42 - [TEST_STEP][PASSED] - println(y): null

26-05-2025T07:39:42 - [TEST_STEP][PASSED] - m = getText(findTestObject("Выполнение бизнес-плана/Выполнение бизнес-плана Балансы/Фильтр Дата")): Text of object 'Object Repository/Выполнение бизнес-плана/Выполнение бизнес-плана Балансы/Фильтр Дата' is: '1 кв. 2025 года'

26-05-2025T07:39:42 - [MESSAGE][PASSED] - Text of object 'Object Repository/Выполнение бизнес-плана/Выполнение бизнес-плана Балансы/Фильтр Дата' is: '1 кв. 2025 года'

26-05-2025T07:39:42 - [TEST_STEP][PASSED] - if (toString().length() == 4): null

26-05-2025T07:39:42 - [TEST_STEP][PASSED] - m = m.substring(0, m.indexOf(y.toString())): null

26-05-2025T07:39:42 - [TEST_STEP][PASSED] - m = m.trim(): null

26-05-2025T07:39:42 - [TEST_STEP][PASSED] - if (m == ""): null

26-05-2025T07:39:42 - [TEST_STEP][PASSED] - dashboardName = "Выполнение бизнес-плана": null

26-05-2025T07:39:42 - [TEST_STEP][PASSED] - workbook01 = getWorkbook(excelFilePath): null

26-05-2025T07:39:42 - [TEST_STEP][PASSED] - sheet01 = getExcelSheet(workbook01, sheetName): null

26-05-2025T07:39:42 - [TEST_STEP][PASSED] - setValueToCellByIndex(sheet01, n, 0, dashboardName): null

26-05-2025T07:39:42 - [TEST_STEP][PASSED] - setValueToCellByIndex(sheet01, n, 1, dZO): null

26-05-2025T07:39:42 - [TEST_STEP][PASSED] - setValueToCellByIndex(sheet01, n, 2, typeOfData): null

26-05-2025T07:39:42 - [TEST_STEP][PASSED] - setValueToCellByIndex(sheet01, n, 3, typeOfData): null

26-05-2025T07:39:42 - [TEST_STEP][PASSED] - if (typeOfData == "План"): null

26-05-2025T07:39:42 - [TEST_STEP][PASSED] - if (PercPlanR == null): null

26-05-2025T07:39:42 - [TEST_STEP][PASSED] - else: null

26-05-2025T07:39:42 - [TEST_STEP][PASSED] - if (PercPlanR == "нет данных"): null

26-05-2025T07:39:42 - [TEST_STEP][PASSED] - else: null

26-05-2025T07:39:42 - [TEST_STEP][PASSED] - PR = PercPlanR.toDouble(): null

26-05-2025T07:39:42 - [TEST_STEP][PASSED] - setValueToCellByIndex(sheet01, n, 4, PR): null

26-05-2025T07:39:42 - [TEST_STEP][PASSED] - if (PercPlanB == null): null

26-05-2025T07:39:42 - [TEST_STEP][PASSED] - else: null

26-05-2025T07:39:42 - [TEST_STEP][PASSED] - if (PercPlanB == "нет данных"): null

26-05-2025T07:39:42 - [TEST_STEP][PASSED] - else: null

26-05-2025T07:39:42 - [TEST_STEP][PASSED] - PB = PercPlanB.toDouble(): null

26-05-2025T07:39:42 - [TEST_STEP][PASSED] - setValueToCellByIndex(sheet01, n, 5, PB): null

26-05-2025T07:39:42 - [TEST_STEP][PASSED] - setValueToCellByIndex(sheet01, n, 6, m): null

26-05-2025T07:39:42 - [TEST_STEP][PASSED] - setValueToCellByIndex(sheet01, n, 7, y): null

26-05-2025T07:39:42 - [TEST_STEP][PASSED] - setValueToCellByIndex(sheet01, n, 8, todaysDate): null

26-05-2025T07:39:42 - [TEST_STEP][PASSED] - n = n + 1: null

26-05-2025T07:39:42 - [TEST_STEP][PASSED] - saveWorkbook(excelFilePath, workbook01): null

26-05-2025T07:39:42 - [TEST_STEP][PASSED] - typeOfData = "Факт": null

26-05-2025T07:39:42 - [TEST_STEP][PASSED] - PercFactR = GetPercFactR(x = a): null

26-05-2025T07:39:42 - [TEST_STEP][PASSED] - i1 = <not implemented yet for class: org.codehaus.groovy.ast.expr.EmptyExpression>: null

26-05-2025T07:39:42 - [TEST_STEP][PASSED] - ii = <not implemented yet for class: org.codehaus.groovy.ast.expr.EmptyExpression>: null

26-05-2025T07:39:42 - [TEST_STEP][PASSED] - for ([ii = 1, ii < 3, (ii++)]): null

26-05-2025T07:39:42 - [TEST_STEP][PASSED] - i1 = x.indexOf("/") + 1: null

26-05-2025T07:39:42 - [TEST_STEP][PASSED] - if (i1 > -1): null

26-05-2025T07:39:42 - [TEST_STEP][PASSED] - x = x.substring(i1, x.length()): null

26-05-2025T07:39:42 - [TEST_STEP][PASSED] - println(x): null

26-05-2025T07:39:42 - [TEST_STEP][PASSED] - i1 = x.indexOf("/") + 1: null

26-05-2025T07:39:42 - [TEST_STEP][PASSED] - if (i1 > -1): null

26-05-2025T07:39:42 - [TEST_STEP][PASSED] - x = x.substring(i1, x.length()): null

26-05-2025T07:39:42 - [TEST_STEP][PASSED] - println(x): null

26-05-2025T07:39:42 - [TEST_STEP][PASSED] - i1 = x.indexOf("/"): null

26-05-2025T07:39:42 - [TEST_STEP][PASSED] - if (i1 > -1): null

26-05-2025T07:39:42 - [TEST_STEP][PASSED] - x = x.substring(0, i1): null

26-05-2025T07:39:42 - [TEST_STEP][PASSED] - println(x): null

26-05-2025T07:39:42 - [TEST_STEP][PASSED] - return x: null

26-05-2025T07:39:42 - [TEST_STEP][PASSED] - PercFactB = GetPercFactB(x = b): null

26-05-2025T07:39:42 - [TEST_STEP][PASSED] - i1 = <not implemented yet for class: org.codehaus.groovy.ast.expr.EmptyExpression>: null

26-05-2025T07:39:42 - [TEST_STEP][PASSED] - ii = <not implemented yet for class: org.codehaus.groovy.ast.expr.EmptyExpression>: null

26-05-2025T07:39:42 - [TEST_STEP][PASSED] - for ([ii = 1, ii < 3, (ii++)]): null

26-05-2025T07:39:42 - [TEST_STEP][PASSED] - i1 = x.indexOf("/") + 1: null

26-05-2025T07:39:42 - [TEST_STEP][PASSED] - if (i1 > -1): null

26-05-2025T07:39:42 - [TEST_STEP][PASSED] - x = x.substring(i1, x.length()): null

26-05-2025T07:39:42 - [TEST_STEP][PASSED] - println(x): null

26-05-2025T07:39:42 - [TEST_STEP][PASSED] - i1 = x.indexOf("/") + 1: null

26-05-2025T07:39:42 - [TEST_STEP][PASSED] - if (i1 > -1): null

26-05-2025T07:39:42 - [TEST_STEP][PASSED] - x = x.substring(i1, x.length()): null

26-05-2025T07:39:42 - [TEST_STEP][PASSED] - println(x): null

26-05-2025T07:39:42 - [TEST_STEP][PASSED] - i1 = x.indexOf("/"): null

26-05-2025T07:39:42 - [TEST_STEP][PASSED] - if (i1 > -1): null

26-05-2025T07:39:42 - [TEST_STEP][PASSED] - x = x.substring(0, i1): null

26-05-2025T07:39:42 - [TEST_STEP][PASSED] - println(x): null

26-05-2025T07:39:42 - [TEST_STEP][FAILED] - return x: null

26-05-2025T07:39:42 - [TEST_STEP][FAILED] - if (verifyEqual(PercFactR, PercFactB) == false): null

26-05-2025T07:39:42 - [MESSAGE][FAILED] - Unable to verify equal between actual object '8.24' and expected object '8.20' (Root cause: com.kms.katalon.core.exception.StepFailedException: Actual object '8.24' and expected object '8.20' are not equal
	at com.kms.katalon.core.keyword.builtin.VerifyEqualKeyword$_verifyEqual_closure1.doCall(VerifyEqualKeyword.groovy:58)
	at com.kms.katalon.core.keyword.builtin.VerifyEqualKeyword$_verifyEqual_closure1.call(VerifyEqualKeyword.groovy)
	at com.kms.katalon.core.keyword.internal.KeywordMain.runKeyword(KeywordMain.groovy:75)
	at com.kms.katalon.core.keyword.builtin.VerifyEqualKeyword.verifyEqual(VerifyEqualKeyword.groovy:63)
	at com.kms.katalon.core.keyword.builtin.VerifyEqualKeyword.execute(VerifyEqualKeyword.groovy:44)
	at com.kms.katalon.core.keyword.internal.KeywordExecutor.executeKeywordForPlatform(KeywordExecutor.groovy:74)
	at com.kms.katalon.core.keyword.BuiltinKeywords.verifyEqual(BuiltinKeywords.groovy:146)
	at jdk.internal.reflect.GeneratedMethodAccessor23.invoke(Unknown Source)
	at java.base/jdk.internal.reflect.DelegatingMethodAccessorImpl.invoke(DelegatingMethodAccessorImpl.java:43)
	at Выполнение бизнес-плана сверка дашбордов.CompareDZOData(Выполнение бизнес-плана сверка дашбордов:693)
	at Выполнение бизнес-плана сверка дашбордов.run(Выполнение бизнес-плана сверка дашбордов:578)
	at com.kms.katalon.core.main.ScriptEngine.run(ScriptEngine.java:194)
	at com.kms.katalon.core.main.ScriptEngine.runScriptAsRawText(ScriptEngine.java:119)
	at com.kms.katalon.core.main.TestCaseExecutor.runScript(TestCaseExecutor.java:448)
	at com.kms.katalon.core.main.TestCaseExecutor.doExecute(TestCaseExecutor.java:439)
	at com.kms.katalon.core.main.TestCaseExecutor.processExecutionPhase(TestCaseExecutor.java:418)
	at com.kms.katalon.core.main.TestCaseExecutor.accessMainPhase(TestCaseExecutor.java:410)
	at com.kms.katalon.core.main.TestCaseExecutor.execute(TestCaseExecutor.java:285)
	at com.kms.katalon.core.common.CommonExecutor.accessTestCaseMainPhase(CommonExecutor.java:65)
	at com.kms.katalon.core.main.TestSuiteExecutor.accessTestSuiteMainPhase(TestSuiteExecutor.java:150)
	at com.kms.katalon.core.main.TestSuiteExecutor.execute(TestSuiteExecutor.java:106)
	at com.kms.katalon.core.main.TestCaseMain.startTestSuite(TestCaseMain.java:180)
	at TempTestSuite1748228991768.run(TempTestSuite1748228991768.groovy:35)
	at java.base/jdk.internal.reflect.NativeMethodAccessorImpl.invoke0(Native Method)
	at java.base/jdk.internal.reflect.NativeMethodAccessorImpl.invoke(NativeMethodAccessorImpl.java:77)
	at java.base/jdk.internal.reflect.DelegatingMethodAccessorImpl.invoke(DelegatingMethodAccessorImpl.java:43)
)

26-05-2025T07:39:42 - [TEST_STEP][PASSED] - result = WriteToExcel(typeOfData, todaysDate, PercPlanR, PercPlanB, PercFactR, PercFactB, x, tabR, tabB, o1R, o1B, vidget): null

26-05-2025T07:39:42 - [TEST_STEP][PASSED] - iii = dZO.indexOf("/"): null

26-05-2025T07:39:42 - [TEST_STEP][PASSED] - println(iii): null

26-05-2025T07:39:42 - [TEST_STEP][PASSED] - if (iii > -1): null

26-05-2025T07:39:42 - [TEST_STEP][PASSED] - dZO = dZO.substring(0, iii): null

26-05-2025T07:39:42 - [TEST_STEP][PASSED] - println(dZO): null

26-05-2025T07:39:42 - [TEST_STEP][PASSED] - println(PercPlanR): null

26-05-2025T07:39:42 - [TEST_STEP][PASSED] - println(PercPlanB): null

26-05-2025T07:39:42 - [TEST_STEP][PASSED] - println(PercFactR): null

26-05-2025T07:39:42 - [TEST_STEP][PASSED] - println(PercFactB): null

26-05-2025T07:39:42 - [TEST_STEP][PASSED] - println(tabR): null

26-05-2025T07:39:42 - [TEST_STEP][PASSED] - println(tabB): null

26-05-2025T07:39:42 - [TEST_STEP][PASSED] - println(o1R): null

26-05-2025T07:39:42 - [TEST_STEP][PASSED] - println(o1B): null

26-05-2025T07:39:42 - [TEST_STEP][PASSED] - PR = <not implemented yet for class: org.codehaus.groovy.ast.expr.EmptyExpression>: null

26-05-2025T07:39:42 - [TEST_STEP][PASSED] - FR = <not implemented yet for class: org.codehaus.groovy.ast.expr.EmptyExpression>: null

26-05-2025T07:39:42 - [TEST_STEP][PASSED] - PB = <not implemented yet for class: org.codehaus.groovy.ast.expr.EmptyExpression>: null

26-05-2025T07:39:42 - [TEST_STEP][PASSED] - FB = <not implemented yet for class: org.codehaus.groovy.ast.expr.EmptyExpression>: null

26-05-2025T07:39:42 - [TEST_STEP][PASSED] - TR = <not implemented yet for class: org.codehaus.groovy.ast.expr.EmptyExpression>: null

26-05-2025T07:39:42 - [TEST_STEP][PASSED] - TB = <not implemented yet for class: org.codehaus.groovy.ast.expr.EmptyExpression>: null

26-05-2025T07:39:42 - [TEST_STEP][PASSED] - sheetName = "Sheet1": null

26-05-2025T07:39:42 - [TEST_STEP][PASSED] - data = findTestData("PlanFact"): null

26-05-2025T07:39:42 - [TEST_STEP][PASSED] - n = data.getRowNumbers() + 1: null

26-05-2025T07:39:42 - [TEST_STEP][PASSED] - day = ")).toInteger(): null

26-05-2025T07:39:42 - [TEST_STEP][PASSED] - println(day): null

26-05-2025T07:39:42 - [TEST_STEP][PASSED] - month = ")).toInteger(): null

26-05-2025T07:39:42 - [TEST_STEP][PASSED] - println(month): null

26-05-2025T07:39:42 - [TEST_STEP][PASSED] - y = length()).toInteger(): null

26-05-2025T07:39:42 - [TEST_STEP][PASSED] - if (month < 3 && day < 30): null

26-05-2025T07:39:42 - [TEST_STEP][PASSED] - println(y): null

26-05-2025T07:39:42 - [TEST_STEP][PASSED] - m = getText(findTestObject("Выполнение бизнес-плана/Выполнение бизнес-плана Балансы/Фильтр Дата")): Text of object 'Object Repository/Выполнение бизнес-плана/Выполнение бизнес-плана Балансы/Фильтр Дата' is: '1 кв. 2025 года'

26-05-2025T07:39:43 - [MESSAGE][PASSED] - Text of object 'Object Repository/Выполнение бизнес-плана/Выполнение бизнес-плана Балансы/Фильтр Дата' is: '1 кв. 2025 года'

26-05-2025T07:39:43 - [TEST_STEP][PASSED] - if (toString().length() == 4): null

26-05-2025T07:39:43 - [TEST_STEP][PASSED] - m = m.substring(0, m.indexOf(y.toString())): null

26-05-2025T07:39:43 - [TEST_STEP][PASSED] - m = m.trim(): null

26-05-2025T07:39:43 - [TEST_STEP][PASSED] - if (m == ""): null

26-05-2025T07:39:43 - [TEST_STEP][PASSED] - dashboardName = "Выполнение бизнес-плана": null

26-05-2025T07:39:43 - [TEST_STEP][PASSED] - workbook01 = getWorkbook(excelFilePath): null

26-05-2025T07:39:43 - [TEST_STEP][PASSED] - sheet01 = getExcelSheet(workbook01, sheetName): null

26-05-2025T07:39:43 - [TEST_STEP][PASSED] - setValueToCellByIndex(sheet01, n, 0, dashboardName): null

26-05-2025T07:39:43 - [TEST_STEP][PASSED] - setValueToCellByIndex(sheet01, n, 1, dZO): null

26-05-2025T07:39:43 - [TEST_STEP][PASSED] - setValueToCellByIndex(sheet01, n, 2, typeOfData): null

26-05-2025T07:39:43 - [TEST_STEP][PASSED] - setValueToCellByIndex(sheet01, n, 3, typeOfData): null

26-05-2025T07:39:43 - [TEST_STEP][PASSED] - if (typeOfData == "План"): null

26-05-2025T07:39:43 - [TEST_STEP][PASSED] - else if (typeOfData == "Факт"): null

26-05-2025T07:39:43 - [TEST_STEP][PASSED] - if (PercFactR == null): null

26-05-2025T07:39:43 - [TEST_STEP][PASSED] - else: null

26-05-2025T07:39:43 - [TEST_STEP][PASSED] - if (PercFactR == "нет данных"): null

26-05-2025T07:39:43 - [TEST_STEP][PASSED] - else: null

26-05-2025T07:39:43 - [TEST_STEP][PASSED] - FR = PercFactR.toDouble(): null

26-05-2025T07:39:43 - [TEST_STEP][PASSED] - setValueToCellByIndex(sheet01, n, 4, FR): null

26-05-2025T07:39:43 - [TEST_STEP][PASSED] - if (PercFactB == null): null

26-05-2025T07:39:43 - [TEST_STEP][PASSED] - else: null

26-05-2025T07:39:43 - [TEST_STEP][PASSED] - if (PercFactB == "нет данных"): null

26-05-2025T07:39:43 - [TEST_STEP][PASSED] - else: null

26-05-2025T07:39:43 - [TEST_STEP][PASSED] - FB = PercFactB.toDouble(): null

26-05-2025T07:39:43 - [TEST_STEP][PASSED] - setValueToCellByIndex(sheet01, n, 5, FB): null

26-05-2025T07:39:43 - [TEST_STEP][PASSED] - setValueToCellByIndex(sheet01, n, 6, m): null

26-05-2025T07:39:43 - [TEST_STEP][PASSED] - setValueToCellByIndex(sheet01, n, 7, y): null

26-05-2025T07:39:43 - [TEST_STEP][PASSED] - setValueToCellByIndex(sheet01, n, 8, todaysDate): null

26-05-2025T07:39:43 - [TEST_STEP][PASSED] - n = n + 1: null

26-05-2025T07:39:43 - [TEST_STEP][PASSED] - saveWorkbook(excelFilePath, workbook01): null

26-05-2025T07:39:43 - [TEST_STEP][PASSED] - vidget = "Показатели баланса электроэнергии по ДЗО – Факт": null

26-05-2025T07:39:43 - [TEST_STEP][PASSED] - typeOfData = "Факт Отпуск в сеть": null

26-05-2025T07:39:43 - [TEST_STEP][PASSED] - tabR = GetOvSFactR(x = a): null

26-05-2025T07:39:43 - [TEST_STEP][PASSED] - i1 = <not implemented yet for class: org.codehaus.groovy.ast.expr.EmptyExpression>: null

26-05-2025T07:39:43 - [TEST_STEP][PASSED] - ii = <not implemented yet for class: org.codehaus.groovy.ast.expr.EmptyExpression>: null

26-05-2025T07:39:43 - [TEST_STEP][PASSED] - for ([ii = 1, ii < 4, (ii++)]): null

26-05-2025T07:39:43 - [TEST_STEP][PASSED] - i1 = x.indexOf("/") + 1: null

26-05-2025T07:39:43 - [TEST_STEP][PASSED] - if (i1 > -1): null

26-05-2025T07:39:43 - [TEST_STEP][PASSED] - x = x.substring(i1, x.length()): null

26-05-2025T07:39:43 - [TEST_STEP][PASSED] - println(x): null

26-05-2025T07:39:43 - [TEST_STEP][PASSED] - i1 = x.indexOf("/") + 1: null

26-05-2025T07:39:43 - [TEST_STEP][PASSED] - if (i1 > -1): null

26-05-2025T07:39:43 - [TEST_STEP][PASSED] - x = x.substring(i1, x.length()): null

26-05-2025T07:39:43 - [TEST_STEP][PASSED] - println(x): null

26-05-2025T07:39:43 - [TEST_STEP][PASSED] - i1 = x.indexOf("/") + 1: null

26-05-2025T07:39:43 - [TEST_STEP][PASSED] - if (i1 > -1): null

26-05-2025T07:39:43 - [TEST_STEP][PASSED] - x = x.substring(i1, x.length()): null

26-05-2025T07:39:43 - [TEST_STEP][PASSED] - println(x): null

26-05-2025T07:39:43 - [TEST_STEP][PASSED] - i1 = x.indexOf("/"): null

26-05-2025T07:39:43 - [TEST_STEP][PASSED] - if (i1 > -1): null

26-05-2025T07:39:43 - [TEST_STEP][PASSED] - x = x.substring(0, i1): null

26-05-2025T07:39:43 - [TEST_STEP][PASSED] - println(x): null

26-05-2025T07:39:43 - [TEST_STEP][PASSED] - return x: null

26-05-2025T07:39:43 - [TEST_STEP][PASSED] - tabB = GetOvSFactB(x = b): null

26-05-2025T07:39:43 - [TEST_STEP][PASSED] - i1 = <not implemented yet for class: org.codehaus.groovy.ast.expr.EmptyExpression>: null

26-05-2025T07:39:43 - [TEST_STEP][PASSED] - ii = <not implemented yet for class: org.codehaus.groovy.ast.expr.EmptyExpression>: null

26-05-2025T07:39:43 - [TEST_STEP][PASSED] - for ([ii = 1, ii < 4, (ii++)]): null

26-05-2025T07:39:43 - [TEST_STEP][PASSED] - i1 = x.indexOf("/") + 1: null

26-05-2025T07:39:43 - [TEST_STEP][PASSED] - if (i1 > -1): null

26-05-2025T07:39:43 - [TEST_STEP][PASSED] - x = x.substring(i1, x.length()): null

26-05-2025T07:39:43 - [TEST_STEP][PASSED] - println(x): null

26-05-2025T07:39:43 - [TEST_STEP][PASSED] - i1 = x.indexOf("/") + 1: null

26-05-2025T07:39:43 - [TEST_STEP][PASSED] - if (i1 > -1): null

26-05-2025T07:39:43 - [TEST_STEP][PASSED] - x = x.substring(i1, x.length()): null

26-05-2025T07:39:43 - [TEST_STEP][PASSED] - println(x): null

26-05-2025T07:39:43 - [TEST_STEP][PASSED] - i1 = x.indexOf("/") + 1: null

26-05-2025T07:39:43 - [TEST_STEP][PASSED] - if (i1 > -1): null

26-05-2025T07:39:43 - [TEST_STEP][PASSED] - x = x.substring(i1, x.length()): null

26-05-2025T07:39:43 - [TEST_STEP][PASSED] - println(x): null

26-05-2025T07:39:43 - [TEST_STEP][PASSED] - i1 = x.indexOf("/"): null

26-05-2025T07:39:43 - [TEST_STEP][PASSED] - if (i1 > -1): null

26-05-2025T07:39:43 - [TEST_STEP][PASSED] - x = x.substring(0, i1): null

26-05-2025T07:39:43 - [TEST_STEP][PASSED] - println(x): null

26-05-2025T07:39:43 - [TEST_STEP][FAILED] - return x: null

26-05-2025T07:39:43 - [TEST_STEP][FAILED] - if (verifyEqual(tabR, tabB) == false): null

26-05-2025T07:39:43 - [MESSAGE][FAILED] - Unable to verify equal between actual object '177286590' and expected object '136160386' (Root cause: com.kms.katalon.core.exception.StepFailedException: Actual object '177286590' and expected object '136160386' are not equal
	at com.kms.katalon.core.keyword.builtin.VerifyEqualKeyword$_verifyEqual_closure1.doCall(VerifyEqualKeyword.groovy:58)
	at com.kms.katalon.core.keyword.builtin.VerifyEqualKeyword$_verifyEqual_closure1.call(VerifyEqualKeyword.groovy)
	at com.kms.katalon.core.keyword.internal.KeywordMain.runKeyword(KeywordMain.groovy:75)
	at com.kms.katalon.core.keyword.builtin.VerifyEqualKeyword.verifyEqual(VerifyEqualKeyword.groovy:63)
	at com.kms.katalon.core.keyword.builtin.VerifyEqualKeyword.execute(VerifyEqualKeyword.groovy:44)
	at com.kms.katalon.core.keyword.internal.KeywordExecutor.executeKeywordForPlatform(KeywordExecutor.groovy:74)
	at com.kms.katalon.core.keyword.BuiltinKeywords.verifyEqual(BuiltinKeywords.groovy:146)
	at jdk.internal.reflect.GeneratedMethodAccessor23.invoke(Unknown Source)
	at java.base/jdk.internal.reflect.DelegatingMethodAccessorImpl.invoke(DelegatingMethodAccessorImpl.java:43)
	at Выполнение бизнес-плана сверка дашбордов.CompareDZOData(Выполнение бизнес-плана сверка дашбордов:706)
	at Выполнение бизнес-плана сверка дашбордов.run(Выполнение бизнес-плана сверка дашбордов:578)
	at com.kms.katalon.core.main.ScriptEngine.run(ScriptEngine.java:194)
	at com.kms.katalon.core.main.ScriptEngine.runScriptAsRawText(ScriptEngine.java:119)
	at com.kms.katalon.core.main.TestCaseExecutor.runScript(TestCaseExecutor.java:448)
	at com.kms.katalon.core.main.TestCaseExecutor.doExecute(TestCaseExecutor.java:439)
	at com.kms.katalon.core.main.TestCaseExecutor.processExecutionPhase(TestCaseExecutor.java:418)
	at com.kms.katalon.core.main.TestCaseExecutor.accessMainPhase(TestCaseExecutor.java:410)
	at com.kms.katalon.core.main.TestCaseExecutor.execute(TestCaseExecutor.java:285)
	at com.kms.katalon.core.common.CommonExecutor.accessTestCaseMainPhase(CommonExecutor.java:65)
	at com.kms.katalon.core.main.TestSuiteExecutor.accessTestSuiteMainPhase(TestSuiteExecutor.java:150)
	at com.kms.katalon.core.main.TestSuiteExecutor.execute(TestSuiteExecutor.java:106)
	at com.kms.katalon.core.main.TestCaseMain.startTestSuite(TestCaseMain.java:180)
	at TempTestSuite1748228991768.run(TempTestSuite1748228991768.groovy:35)
	at java.base/jdk.internal.reflect.NativeMethodAccessorImpl.invoke0(Native Method)
	at java.base/jdk.internal.reflect.NativeMethodAccessorImpl.invoke(NativeMethodAccessorImpl.java:77)
	at java.base/jdk.internal.reflect.DelegatingMethodAccessorImpl.invoke(DelegatingMethodAccessorImpl.java:43)
)

26-05-2025T07:39:43 - [TEST_STEP][PASSED] - result = WriteToExcel(typeOfData, todaysDate, PercPlanR, PercPlanB, PercFactR, PercFactB, x, tabR, tabB, o1R, o1B, vidget): null

26-05-2025T07:39:43 - [TEST_STEP][PASSED] - iii = dZO.indexOf("/"): null

26-05-2025T07:39:43 - [TEST_STEP][PASSED] - println(iii): null

26-05-2025T07:39:43 - [TEST_STEP][PASSED] - if (iii > -1): null

26-05-2025T07:39:43 - [TEST_STEP][PASSED] - dZO = dZO.substring(0, iii): null

26-05-2025T07:39:43 - [TEST_STEP][PASSED] - println(dZO): null

26-05-2025T07:39:43 - [TEST_STEP][PASSED] - println(PercPlanR): null

26-05-2025T07:39:43 - [TEST_STEP][PASSED] - println(PercPlanB): null

26-05-2025T07:39:43 - [TEST_STEP][PASSED] - println(PercFactR): null

26-05-2025T07:39:43 - [TEST_STEP][PASSED] - println(PercFactB): null

26-05-2025T07:39:43 - [TEST_STEP][PASSED] - println(tabR): null

26-05-2025T07:39:43 - [TEST_STEP][PASSED] - println(tabB): null

26-05-2025T07:39:43 - [TEST_STEP][PASSED] - println(o1R): null

26-05-2025T07:39:43 - [TEST_STEP][PASSED] - println(o1B): null

26-05-2025T07:39:43 - [TEST_STEP][PASSED] - PR = <not implemented yet for class: org.codehaus.groovy.ast.expr.EmptyExpression>: null

26-05-2025T07:39:43 - [TEST_STEP][PASSED] - FR = <not implemented yet for class: org.codehaus.groovy.ast.expr.EmptyExpression>: null

26-05-2025T07:39:43 - [TEST_STEP][PASSED] - PB = <not implemented yet for class: org.codehaus.groovy.ast.expr.EmptyExpression>: null

26-05-2025T07:39:43 - [TEST_STEP][PASSED] - FB = <not implemented yet for class: org.codehaus.groovy.ast.expr.EmptyExpression>: null

26-05-2025T07:39:43 - [TEST_STEP][PASSED] - TR = <not implemented yet for class: org.codehaus.groovy.ast.expr.EmptyExpression>: null

26-05-2025T07:39:43 - [TEST_STEP][PASSED] - TB = <not implemented yet for class: org.codehaus.groovy.ast.expr.EmptyExpression>: null

26-05-2025T07:39:43 - [TEST_STEP][PASSED] - sheetName = "Sheet1": null

26-05-2025T07:39:43 - [TEST_STEP][PASSED] - data = findTestData("PlanFact"): null

26-05-2025T07:39:43 - [TEST_STEP][PASSED] - n = data.getRowNumbers() + 1: null

26-05-2025T07:39:43 - [TEST_STEP][PASSED] - day = ")).toInteger(): null

26-05-2025T07:39:43 - [TEST_STEP][PASSED] - println(day): null

26-05-2025T07:39:43 - [TEST_STEP][PASSED] - month = ")).toInteger(): null

26-05-2025T07:39:43 - [TEST_STEP][PASSED] - println(month): null

26-05-2025T07:39:43 - [TEST_STEP][PASSED] - y = length()).toInteger(): null

26-05-2025T07:39:43 - [TEST_STEP][PASSED] - if (month < 3 && day < 30): null

26-05-2025T07:39:43 - [TEST_STEP][PASSED] - println(y): null

26-05-2025T07:39:43 - [TEST_STEP][PASSED] - m = getText(findTestObject("Выполнение бизнес-плана/Выполнение бизнес-плана Балансы/Фильтр Дата")): Text of object 'Object Repository/Выполнение бизнес-плана/Выполнение бизнес-плана Балансы/Фильтр Дата' is: '1 кв. 2025 года'

26-05-2025T07:39:43 - [MESSAGE][PASSED] - Text of object 'Object Repository/Выполнение бизнес-плана/Выполнение бизнес-плана Балансы/Фильтр Дата' is: '1 кв. 2025 года'

26-05-2025T07:39:43 - [TEST_STEP][PASSED] - if (toString().length() == 4): null

26-05-2025T07:39:43 - [TEST_STEP][PASSED] - m = m.substring(0, m.indexOf(y.toString())): null

26-05-2025T07:39:43 - [TEST_STEP][PASSED] - m = m.trim(): null

26-05-2025T07:39:43 - [TEST_STEP][PASSED] - if (m == ""): null

26-05-2025T07:39:43 - [TEST_STEP][PASSED] - dashboardName = "Выполнение бизнес-плана": null

26-05-2025T07:39:43 - [TEST_STEP][PASSED] - workbook01 = getWorkbook(excelFilePath): null

26-05-2025T07:39:44 - [TEST_STEP][PASSED] - sheet01 = getExcelSheet(workbook01, sheetName): null

26-05-2025T07:39:44 - [TEST_STEP][PASSED] - setValueToCellByIndex(sheet01, n, 0, dashboardName): null

26-05-2025T07:39:44 - [TEST_STEP][PASSED] - setValueToCellByIndex(sheet01, n, 1, dZO): null

26-05-2025T07:39:44 - [TEST_STEP][PASSED] - setValueToCellByIndex(sheet01, n, 2, typeOfData): null

26-05-2025T07:39:44 - [TEST_STEP][PASSED] - setValueToCellByIndex(sheet01, n, 3, typeOfData): null

26-05-2025T07:39:44 - [TEST_STEP][PASSED] - if (typeOfData == "План"): null

26-05-2025T07:39:44 - [TEST_STEP][PASSED] - else if (typeOfData == "Факт"): null

26-05-2025T07:39:44 - [TEST_STEP][PASSED] - else if (vidget.contains("электроэнергии") == true): null

26-05-2025T07:39:44 - [TEST_STEP][PASSED] - if (tabR == null): null

26-05-2025T07:39:44 - [TEST_STEP][PASSED] - else: null

26-05-2025T07:39:44 - [TEST_STEP][PASSED] - if (tabR == "нет данных"): null

26-05-2025T07:39:44 - [TEST_STEP][PASSED] - else: null

26-05-2025T07:39:44 - [TEST_STEP][PASSED] - TR = tabR.toInteger(): null

26-05-2025T07:39:44 - [TEST_STEP][PASSED] - setValueToCellByIndex(sheet01, n, 4, TR): null

26-05-2025T07:39:44 - [TEST_STEP][PASSED] - if (tabB == null): null

26-05-2025T07:39:44 - [TEST_STEP][PASSED] - else: null

26-05-2025T07:39:44 - [TEST_STEP][PASSED] - if (tabB == "нет данных"): null

26-05-2025T07:39:44 - [TEST_STEP][PASSED] - else: null

26-05-2025T07:39:44 - [TEST_STEP][PASSED] - TB = tabB.toInteger(): null

26-05-2025T07:39:44 - [TEST_STEP][PASSED] - setValueToCellByIndex(sheet01, n, 5, TB): null

26-05-2025T07:39:44 - [TEST_STEP][PASSED] - setValueToCellByIndex(sheet01, n, 6, m): null

26-05-2025T07:39:44 - [TEST_STEP][PASSED] - setValueToCellByIndex(sheet01, n, 7, y): null

26-05-2025T07:39:44 - [TEST_STEP][PASSED] - setValueToCellByIndex(sheet01, n, 8, todaysDate): null

26-05-2025T07:39:44 - [TEST_STEP][PASSED] - n = n + 1: null

26-05-2025T07:39:44 - [TEST_STEP][PASSED] - saveWorkbook(excelFilePath, workbook01): null

26-05-2025T07:39:44 - [TEST_STEP][PASSED] - typeOfData = "Факт Отпуск из сети": null

26-05-2025T07:39:44 - [TEST_STEP][PASSED] - tabR = GetOiSFactR(x = a): null

26-05-2025T07:39:44 - [TEST_STEP][PASSED] - i1 = <not implemented yet for class: org.codehaus.groovy.ast.expr.EmptyExpression>: null

26-05-2025T07:39:44 - [TEST_STEP][PASSED] - ii = <not implemented yet for class: org.codehaus.groovy.ast.expr.EmptyExpression>: null

26-05-2025T07:39:44 - [TEST_STEP][PASSED] - for ([ii = 1, ii < 5, (ii++)]): null

26-05-2025T07:39:44 - [TEST_STEP][PASSED] - i1 = x.indexOf("/") + 1: null

26-05-2025T07:39:44 - [TEST_STEP][PASSED] - if (i1 > -1): null

26-05-2025T07:39:44 - [TEST_STEP][PASSED] - x = x.substring(i1, x.length()): null

26-05-2025T07:39:44 - [TEST_STEP][PASSED] - println(x): null

26-05-2025T07:39:44 - [TEST_STEP][PASSED] - i1 = x.indexOf("/") + 1: null

26-05-2025T07:39:44 - [TEST_STEP][PASSED] - if (i1 > -1): null

26-05-2025T07:39:44 - [TEST_STEP][PASSED] - x = x.substring(i1, x.length()): null

26-05-2025T07:39:44 - [TEST_STEP][PASSED] - println(x): null

26-05-2025T07:39:44 - [TEST_STEP][PASSED] - i1 = x.indexOf("/") + 1: null

26-05-2025T07:39:44 - [TEST_STEP][PASSED] - if (i1 > -1): null

26-05-2025T07:39:44 - [TEST_STEP][PASSED] - x = x.substring(i1, x.length()): null

26-05-2025T07:39:44 - [TEST_STEP][PASSED] - println(x): null

26-05-2025T07:39:44 - [TEST_STEP][PASSED] - i1 = x.indexOf("/") + 1: null

26-05-2025T07:39:44 - [TEST_STEP][PASSED] - if (i1 > -1): null

26-05-2025T07:39:44 - [TEST_STEP][PASSED] - x = x.substring(i1, x.length()): null

26-05-2025T07:39:44 - [TEST_STEP][PASSED] - println(x): null

26-05-2025T07:39:44 - [TEST_STEP][PASSED] - i1 = x.indexOf("/"): null

26-05-2025T07:39:44 - [TEST_STEP][PASSED] - if (i1 > -1): null

26-05-2025T07:39:44 - [TEST_STEP][PASSED] - x = x.substring(0, i1): null

26-05-2025T07:39:44 - [TEST_STEP][PASSED] - println(x): null

26-05-2025T07:39:44 - [TEST_STEP][PASSED] - return x: null

26-05-2025T07:39:44 - [TEST_STEP][PASSED] - tabB = GetOiSFactB(x = b): null

26-05-2025T07:39:44 - [TEST_STEP][PASSED] - i1 = <not implemented yet for class: org.codehaus.groovy.ast.expr.EmptyExpression>: null

26-05-2025T07:39:44 - [TEST_STEP][PASSED] - ii = <not implemented yet for class: org.codehaus.groovy.ast.expr.EmptyExpression>: null

26-05-2025T07:39:44 - [TEST_STEP][PASSED] - for ([ii = 1, ii < 5, (ii++)]): null

26-05-2025T07:39:44 - [TEST_STEP][PASSED] - i1 = x.indexOf("/") + 1: null

26-05-2025T07:39:44 - [TEST_STEP][PASSED] - if (i1 > -1): null

26-05-2025T07:39:44 - [TEST_STEP][PASSED] - x = x.substring(i1, x.length()): null

26-05-2025T07:39:44 - [TEST_STEP][PASSED] - println(x): null

26-05-2025T07:39:44 - [TEST_STEP][PASSED] - i1 = x.indexOf("/") + 1: null

26-05-2025T07:39:44 - [TEST_STEP][PASSED] - if (i1 > -1): null

26-05-2025T07:39:44 - [TEST_STEP][PASSED] - x = x.substring(i1, x.length()): null

26-05-2025T07:39:44 - [TEST_STEP][PASSED] - println(x): null

26-05-2025T07:39:44 - [TEST_STEP][PASSED] - i1 = x.indexOf("/") + 1: null

26-05-2025T07:39:44 - [TEST_STEP][PASSED] - if (i1 > -1): null

26-05-2025T07:39:44 - [TEST_STEP][PASSED] - x = x.substring(i1, x.length()): null

26-05-2025T07:39:44 - [TEST_STEP][PASSED] - println(x): null

26-05-2025T07:39:44 - [TEST_STEP][PASSED] - i1 = x.indexOf("/") + 1: null

26-05-2025T07:39:44 - [TEST_STEP][PASSED] - if (i1 > -1): null

26-05-2025T07:39:44 - [TEST_STEP][PASSED] - x = x.substring(i1, x.length()): null

26-05-2025T07:39:44 - [TEST_STEP][PASSED] - println(x): null

26-05-2025T07:39:44 - [TEST_STEP][PASSED] - i1 = x.indexOf("/"): null

26-05-2025T07:39:44 - [TEST_STEP][PASSED] - if (i1 > -1): null

26-05-2025T07:39:44 - [TEST_STEP][PASSED] - x = x.substring(0, i1): null

26-05-2025T07:39:44 - [TEST_STEP][PASSED] - println(x): null

26-05-2025T07:39:44 - [TEST_STEP][FAILED] - return x: null

26-05-2025T07:39:44 - [TEST_STEP][FAILED] - if (verifyEqual(tabR, tabB) == false): null

26-05-2025T07:39:44 - [MESSAGE][FAILED] - Unable to verify equal between actual object '162684396' and expected object '124997975' (Root cause: com.kms.katalon.core.exception.StepFailedException: Actual object '162684396' and expected object '124997975' are not equal
	at com.kms.katalon.core.keyword.builtin.VerifyEqualKeyword$_verifyEqual_closure1.doCall(VerifyEqualKeyword.groovy:58)
	at com.kms.katalon.core.keyword.builtin.VerifyEqualKeyword$_verifyEqual_closure1.call(VerifyEqualKeyword.groovy)
	at com.kms.katalon.core.keyword.internal.KeywordMain.runKeyword(KeywordMain.groovy:75)
	at com.kms.katalon.core.keyword.builtin.VerifyEqualKeyword.verifyEqual(VerifyEqualKeyword.groovy:63)
	at com.kms.katalon.core.keyword.builtin.VerifyEqualKeyword.execute(VerifyEqualKeyword.groovy:44)
	at com.kms.katalon.core.keyword.internal.KeywordExecutor.executeKeywordForPlatform(KeywordExecutor.groovy:74)
	at com.kms.katalon.core.keyword.BuiltinKeywords.verifyEqual(BuiltinKeywords.groovy:146)
	at jdk.internal.reflect.GeneratedMethodAccessor23.invoke(Unknown Source)
	at java.base/jdk.internal.reflect.DelegatingMethodAccessorImpl.invoke(DelegatingMethodAccessorImpl.java:43)
	at Выполнение бизнес-плана сверка дашбордов.CompareDZOData(Выполнение бизнес-плана сверка дашбордов:717)
	at Выполнение бизнес-плана сверка дашбордов.run(Выполнение бизнес-плана сверка дашбордов:578)
	at com.kms.katalon.core.main.ScriptEngine.run(ScriptEngine.java:194)
	at com.kms.katalon.core.main.ScriptEngine.runScriptAsRawText(ScriptEngine.java:119)
	at com.kms.katalon.core.main.TestCaseExecutor.runScript(TestCaseExecutor.java:448)
	at com.kms.katalon.core.main.TestCaseExecutor.doExecute(TestCaseExecutor.java:439)
	at com.kms.katalon.core.main.TestCaseExecutor.processExecutionPhase(TestCaseExecutor.java:418)
	at com.kms.katalon.core.main.TestCaseExecutor.accessMainPhase(TestCaseExecutor.java:410)
	at com.kms.katalon.core.main.TestCaseExecutor.execute(TestCaseExecutor.java:285)
	at com.kms.katalon.core.common.CommonExecutor.accessTestCaseMainPhase(CommonExecutor.java:65)
	at com.kms.katalon.core.main.TestSuiteExecutor.accessTestSuiteMainPhase(TestSuiteExecutor.java:150)
	at com.kms.katalon.core.main.TestSuiteExecutor.execute(TestSuiteExecutor.java:106)
	at com.kms.katalon.core.main.TestCaseMain.startTestSuite(TestCaseMain.java:180)
	at TempTestSuite1748228991768.run(TempTestSuite1748228991768.groovy:35)
	at java.base/jdk.internal.reflect.NativeMethodAccessorImpl.invoke0(Native Method)
	at java.base/jdk.internal.reflect.NativeMethodAccessorImpl.invoke(NativeMethodAccessorImpl.java:77)
	at java.base/jdk.internal.reflect.DelegatingMethodAccessorImpl.invoke(DelegatingMethodAccessorImpl.java:43)
)

26-05-2025T07:39:44 - [TEST_STEP][PASSED] - result = WriteToExcel(typeOfData, todaysDate, PercPlanR, PercPlanB, PercFactR, PercFactB, x, tabR, tabB, o1R, o1B, vidget): null

26-05-2025T07:39:44 - [TEST_STEP][PASSED] - iii = dZO.indexOf("/"): null

26-05-2025T07:39:44 - [TEST_STEP][PASSED] - println(iii): null

26-05-2025T07:39:44 - [TEST_STEP][PASSED] - if (iii > -1): null

26-05-2025T07:39:44 - [TEST_STEP][PASSED] - dZO = dZO.substring(0, iii): null

26-05-2025T07:39:44 - [TEST_STEP][PASSED] - println(dZO): null

26-05-2025T07:39:44 - [TEST_STEP][PASSED] - println(PercPlanR): null

26-05-2025T07:39:44 - [TEST_STEP][PASSED] - println(PercPlanB): null

26-05-2025T07:39:44 - [TEST_STEP][PASSED] - println(PercFactR): null

26-05-2025T07:39:44 - [TEST_STEP][PASSED] - println(PercFactB): null

26-05-2025T07:39:44 - [TEST_STEP][PASSED] - println(tabR): null

26-05-2025T07:39:44 - [TEST_STEP][PASSED] - println(tabB): null

26-05-2025T07:39:44 - [TEST_STEP][PASSED] - println(o1R): null

26-05-2025T07:39:44 - [TEST_STEP][PASSED] - println(o1B): null

26-05-2025T07:39:44 - [TEST_STEP][PASSED] - PR = <not implemented yet for class: org.codehaus.groovy.ast.expr.EmptyExpression>: null

26-05-2025T07:39:44 - [TEST_STEP][PASSED] - FR = <not implemented yet for class: org.codehaus.groovy.ast.expr.EmptyExpression>: null

26-05-2025T07:39:44 - [TEST_STEP][PASSED] - PB = <not implemented yet for class: org.codehaus.groovy.ast.expr.EmptyExpression>: null

26-05-2025T07:39:44 - [TEST_STEP][PASSED] - FB = <not implemented yet for class: org.codehaus.groovy.ast.expr.EmptyExpression>: null

26-05-2025T07:39:44 - [TEST_STEP][PASSED] - TR = <not implemented yet for class: org.codehaus.groovy.ast.expr.EmptyExpression>: null

26-05-2025T07:39:44 - [TEST_STEP][PASSED] - TB = <not implemented yet for class: org.codehaus.groovy.ast.expr.EmptyExpression>: null

26-05-2025T07:39:44 - [TEST_STEP][PASSED] - sheetName = "Sheet1": null

26-05-2025T07:39:44 - [TEST_STEP][PASSED] - data = findTestData("PlanFact"): null

26-05-2025T07:39:44 - [TEST_STEP][PASSED] - n = data.getRowNumbers() + 1: null

26-05-2025T07:39:44 - [TEST_STEP][PASSED] - day = ")).toInteger(): null

26-05-2025T07:39:44 - [TEST_STEP][PASSED] - println(day): null

26-05-2025T07:39:44 - [TEST_STEP][PASSED] - month = ")).toInteger(): null

26-05-2025T07:39:44 - [TEST_STEP][PASSED] - println(month): null

26-05-2025T07:39:44 - [TEST_STEP][PASSED] - y = length()).toInteger(): null

26-05-2025T07:39:44 - [TEST_STEP][PASSED] - if (month < 3 && day < 30): null

26-05-2025T07:39:44 - [TEST_STEP][PASSED] - println(y): null

26-05-2025T07:39:44 - [TEST_STEP][PASSED] - m = getText(findTestObject("Выполнение бизнес-плана/Выполнение бизнес-плана Балансы/Фильтр Дата")): Text of object 'Object Repository/Выполнение бизнес-плана/Выполнение бизнес-плана Балансы/Фильтр Дата' is: '1 кв. 2025 года'

26-05-2025T07:39:44 - [MESSAGE][PASSED] - Text of object 'Object Repository/Выполнение бизнес-плана/Выполнение бизнес-плана Балансы/Фильтр Дата' is: '1 кв. 2025 года'

26-05-2025T07:39:44 - [TEST_STEP][PASSED] - if (toString().length() == 4): null

26-05-2025T07:39:44 - [TEST_STEP][PASSED] - m = m.substring(0, m.indexOf(y.toString())): null

26-05-2025T07:39:44 - [TEST_STEP][PASSED] - m = m.trim(): null

26-05-2025T07:39:44 - [TEST_STEP][PASSED] - if (m == ""): null

26-05-2025T07:39:44 - [TEST_STEP][PASSED] - dashboardName = "Выполнение бизнес-плана": null

26-05-2025T07:39:44 - [TEST_STEP][PASSED] - workbook01 = getWorkbook(excelFilePath): null

26-05-2025T07:39:44 - [TEST_STEP][PASSED] - sheet01 = getExcelSheet(workbook01, sheetName): null

26-05-2025T07:39:44 - [TEST_STEP][PASSED] - setValueToCellByIndex(sheet01, n, 0, dashboardName): null

26-05-2025T07:39:44 - [TEST_STEP][PASSED] - setValueToCellByIndex(sheet01, n, 1, dZO): null

26-05-2025T07:39:44 - [TEST_STEP][PASSED] - setValueToCellByIndex(sheet01, n, 2, typeOfData): null

26-05-2025T07:39:44 - [TEST_STEP][PASSED] - setValueToCellByIndex(sheet01, n, 3, typeOfData): null

26-05-2025T07:39:44 - [TEST_STEP][PASSED] - if (typeOfData == "План"): null

26-05-2025T07:39:44 - [TEST_STEP][PASSED] - else if (typeOfData == "Факт"): null

26-05-2025T07:39:44 - [TEST_STEP][PASSED] - else if (vidget.contains("электроэнергии") == true): null

26-05-2025T07:39:44 - [TEST_STEP][PASSED] - if (tabR == null): null

26-05-2025T07:39:44 - [TEST_STEP][PASSED] - else: null

26-05-2025T07:39:44 - [TEST_STEP][PASSED] - if (tabR == "нет данных"): null

26-05-2025T07:39:44 - [TEST_STEP][PASSED] - else: null

26-05-2025T07:39:44 - [TEST_STEP][PASSED] - TR = tabR.toInteger(): null

26-05-2025T07:39:44 - [TEST_STEP][PASSED] - setValueToCellByIndex(sheet01, n, 4, TR): null

26-05-2025T07:39:44 - [TEST_STEP][PASSED] - if (tabB == null): null

26-05-2025T07:39:44 - [TEST_STEP][PASSED] - else: null

26-05-2025T07:39:44 - [TEST_STEP][PASSED] - if (tabB == "нет данных"): null

26-05-2025T07:39:44 - [TEST_STEP][PASSED] - else: null

26-05-2025T07:39:44 - [TEST_STEP][PASSED] - TB = tabB.toInteger(): null

26-05-2025T07:39:44 - [TEST_STEP][PASSED] - setValueToCellByIndex(sheet01, n, 5, TB): null

26-05-2025T07:39:44 - [TEST_STEP][PASSED] - setValueToCellByIndex(sheet01, n, 6, m): null

26-05-2025T07:39:44 - [TEST_STEP][PASSED] - setValueToCellByIndex(sheet01, n, 7, y): null

26-05-2025T07:39:44 - [TEST_STEP][PASSED] - setValueToCellByIndex(sheet01, n, 8, todaysDate): null

26-05-2025T07:39:44 - [TEST_STEP][PASSED] - n = n + 1: null

26-05-2025T07:39:44 - [TEST_STEP][PASSED] - saveWorkbook(excelFilePath, workbook01): null

26-05-2025T07:39:44 - [TEST_STEP][PASSED] - typeOfData = "Факт Потери": null

26-05-2025T07:39:44 - [TEST_STEP][PASSED] - tabR = GetPFactR(x = a): null

26-05-2025T07:39:44 - [TEST_STEP][PASSED] - i1 = <not implemented yet for class: org.codehaus.groovy.ast.expr.EmptyExpression>: null

26-05-2025T07:39:44 - [TEST_STEP][PASSED] - ii = <not implemented yet for class: org.codehaus.groovy.ast.expr.EmptyExpression>: null

26-05-2025T07:39:44 - [TEST_STEP][PASSED] - for ([ii = 1, ii < 6, (ii++)]): null

26-05-2025T07:39:44 - [TEST_STEP][PASSED] - i1 = x.indexOf("/") + 1: null

26-05-2025T07:39:44 - [TEST_STEP][PASSED] - if (i1 > -1): null

26-05-2025T07:39:44 - [TEST_STEP][PASSED] - x = x.substring(i1, x.length()): null

26-05-2025T07:39:44 - [TEST_STEP][PASSED] - println(x): null

26-05-2025T07:39:44 - [TEST_STEP][PASSED] - i1 = x.indexOf("/") + 1: null

26-05-2025T07:39:44 - [TEST_STEP][PASSED] - if (i1 > -1): null

26-05-2025T07:39:44 - [TEST_STEP][PASSED] - x = x.substring(i1, x.length()): null

26-05-2025T07:39:44 - [TEST_STEP][PASSED] - println(x): null

26-05-2025T07:39:44 - [TEST_STEP][PASSED] - i1 = x.indexOf("/") + 1: null

26-05-2025T07:39:44 - [TEST_STEP][PASSED] - if (i1 > -1): null

26-05-2025T07:39:44 - [TEST_STEP][PASSED] - x = x.substring(i1, x.length()): null

26-05-2025T07:39:44 - [TEST_STEP][PASSED] - println(x): null

26-05-2025T07:39:44 - [TEST_STEP][PASSED] - i1 = x.indexOf("/") + 1: null

26-05-2025T07:39:44 - [TEST_STEP][PASSED] - if (i1 > -1): null

26-05-2025T07:39:44 - [TEST_STEP][PASSED] - x = x.substring(i1, x.length()): null

26-05-2025T07:39:44 - [TEST_STEP][PASSED] - println(x): null

26-05-2025T07:39:44 - [TEST_STEP][PASSED] - i1 = x.indexOf("/") + 1: null

26-05-2025T07:39:44 - [TEST_STEP][PASSED] - if (i1 > -1): null

26-05-2025T07:39:44 - [TEST_STEP][PASSED] - x = x.substring(i1, x.length()): null

26-05-2025T07:39:44 - [TEST_STEP][PASSED] - println(x): null

26-05-2025T07:39:44 - [TEST_STEP][PASSED] - i1 = x.indexOf("/"): null

26-05-2025T07:39:44 - [TEST_STEP][PASSED] - if (i1 > -1): null

26-05-2025T07:39:44 - [TEST_STEP][PASSED] - x = x.substring(0, i1): null

26-05-2025T07:39:44 - [TEST_STEP][PASSED] - println(x): null

26-05-2025T07:39:44 - [TEST_STEP][PASSED] - return x: null

26-05-2025T07:39:44 - [TEST_STEP][PASSED] - tabB = GetPFactB(x = b): null

26-05-2025T07:39:44 - [TEST_STEP][PASSED] - i1 = <not implemented yet for class: org.codehaus.groovy.ast.expr.EmptyExpression>: null

26-05-2025T07:39:44 - [TEST_STEP][PASSED] - ii = <not implemented yet for class: org.codehaus.groovy.ast.expr.EmptyExpression>: null

26-05-2025T07:39:44 - [TEST_STEP][PASSED] - for ([ii = 1, ii < 6, (ii++)]): null

26-05-2025T07:39:44 - [TEST_STEP][PASSED] - i1 = x.indexOf("/") + 1: null

26-05-2025T07:39:44 - [TEST_STEP][PASSED] - if (i1 > -1): null

26-05-2025T07:39:44 - [TEST_STEP][PASSED] - x = x.substring(i1, x.length()): null

26-05-2025T07:39:44 - [TEST_STEP][PASSED] - println(x): null

26-05-2025T07:39:44 - [TEST_STEP][PASSED] - i1 = x.indexOf("/") + 1: null

26-05-2025T07:39:44 - [TEST_STEP][PASSED] - if (i1 > -1): null

26-05-2025T07:39:44 - [TEST_STEP][PASSED] - x = x.substring(i1, x.length()): null

26-05-2025T07:39:44 - [TEST_STEP][PASSED] - println(x): null

26-05-2025T07:39:44 - [TEST_STEP][PASSED] - i1 = x.indexOf("/") + 1: null

26-05-2025T07:39:44 - [TEST_STEP][PASSED] - if (i1 > -1): null

26-05-2025T07:39:44 - [TEST_STEP][PASSED] - x = x.substring(i1, x.length()): null

26-05-2025T07:39:44 - [TEST_STEP][PASSED] - println(x): null

26-05-2025T07:39:44 - [TEST_STEP][PASSED] - i1 = x.indexOf("/") + 1: null

26-05-2025T07:39:44 - [TEST_STEP][PASSED] - if (i1 > -1): null

26-05-2025T07:39:44 - [TEST_STEP][PASSED] - x = x.substring(i1, x.length()): null

26-05-2025T07:39:44 - [TEST_STEP][PASSED] - println(x): null

26-05-2025T07:39:44 - [TEST_STEP][PASSED] - i1 = x.indexOf("/") + 1: null

26-05-2025T07:39:44 - [TEST_STEP][PASSED] - if (i1 > -1): null

26-05-2025T07:39:44 - [TEST_STEP][PASSED] - x = x.substring(i1, x.length()): null

26-05-2025T07:39:44 - [TEST_STEP][PASSED] - println(x): null

26-05-2025T07:39:44 - [TEST_STEP][PASSED] - i1 = x.indexOf("/"): null

26-05-2025T07:39:44 - [TEST_STEP][PASSED] - if (i1 > -1): null

26-05-2025T07:39:44 - [TEST_STEP][PASSED] - x = x.substring(0, i1): null

26-05-2025T07:39:44 - [TEST_STEP][PASSED] - println(x): null

26-05-2025T07:39:44 - [TEST_STEP][FAILED] - return x: null

26-05-2025T07:39:44 - [TEST_STEP][PASSED] - println(tabR + "/" + tabB): null

26-05-2025T07:39:44 - [TEST_STEP][FAILED] - if (verifyEqual(tabR, tabB) == false): null

26-05-2025T07:39:44 - [MESSAGE][FAILED] - Unable to verify equal between actual object '14602194' and expected object '11162411' (Root cause: com.kms.katalon.core.exception.StepFailedException: Actual object '14602194' and expected object '11162411' are not equal
	at com.kms.katalon.core.keyword.builtin.VerifyEqualKeyword$_verifyEqual_closure1.doCall(VerifyEqualKeyword.groovy:58)
	at com.kms.katalon.core.keyword.builtin.VerifyEqualKeyword$_verifyEqual_closure1.call(VerifyEqualKeyword.groovy)
	at com.kms.katalon.core.keyword.internal.KeywordMain.runKeyword(KeywordMain.groovy:75)
	at com.kms.katalon.core.keyword.builtin.VerifyEqualKeyword.verifyEqual(VerifyEqualKeyword.groovy:63)
	at com.kms.katalon.core.keyword.builtin.VerifyEqualKeyword.execute(VerifyEqualKeyword.groovy:44)
	at com.kms.katalon.core.keyword.internal.KeywordExecutor.executeKeywordForPlatform(KeywordExecutor.groovy:74)
	at com.kms.katalon.core.keyword.BuiltinKeywords.verifyEqual(BuiltinKeywords.groovy:146)
	at jdk.internal.reflect.GeneratedMethodAccessor23.invoke(Unknown Source)
	at java.base/jdk.internal.reflect.DelegatingMethodAccessorImpl.invoke(DelegatingMethodAccessorImpl.java:43)
	at Выполнение бизнес-плана сверка дашбордов.CompareDZOData(Выполнение бизнес-плана сверка дашбордов:730)
	at Выполнение бизнес-плана сверка дашбордов.run(Выполнение бизнес-плана сверка дашбордов:578)
	at com.kms.katalon.core.main.ScriptEngine.run(ScriptEngine.java:194)
	at com.kms.katalon.core.main.ScriptEngine.runScriptAsRawText(ScriptEngine.java:119)
	at com.kms.katalon.core.main.TestCaseExecutor.runScript(TestCaseExecutor.java:448)
	at com.kms.katalon.core.main.TestCaseExecutor.doExecute(TestCaseExecutor.java:439)
	at com.kms.katalon.core.main.TestCaseExecutor.processExecutionPhase(TestCaseExecutor.java:418)
	at com.kms.katalon.core.main.TestCaseExecutor.accessMainPhase(TestCaseExecutor.java:410)
	at com.kms.katalon.core.main.TestCaseExecutor.execute(TestCaseExecutor.java:285)
	at com.kms.katalon.core.common.CommonExecutor.accessTestCaseMainPhase(CommonExecutor.java:65)
	at com.kms.katalon.core.main.TestSuiteExecutor.accessTestSuiteMainPhase(TestSuiteExecutor.java:150)
	at com.kms.katalon.core.main.TestSuiteExecutor.execute(TestSuiteExecutor.java:106)
	at com.kms.katalon.core.main.TestCaseMain.startTestSuite(TestCaseMain.java:180)
	at TempTestSuite1748228991768.run(TempTestSuite1748228991768.groovy:35)
	at java.base/jdk.internal.reflect.NativeMethodAccessorImpl.invoke0(Native Method)
	at java.base/jdk.internal.reflect.NativeMethodAccessorImpl.invoke(NativeMethodAccessorImpl.java:77)
	at java.base/jdk.internal.reflect.DelegatingMethodAccessorImpl.invoke(DelegatingMethodAccessorImpl.java:43)
)

26-05-2025T07:39:44 - [TEST_STEP][PASSED] - result = WriteToExcel(typeOfData, todaysDate, PercPlanR, PercPlanB, PercFactR, PercFactB, x, tabR, tabB, o1R, o1B, vidget): null

26-05-2025T07:39:44 - [TEST_STEP][PASSED] - iii = dZO.indexOf("/"): null

26-05-2025T07:39:44 - [TEST_STEP][PASSED] - println(iii): null

26-05-2025T07:39:44 - [TEST_STEP][PASSED] - if (iii > -1): null

26-05-2025T07:39:44 - [TEST_STEP][PASSED] - dZO = dZO.substring(0, iii): null

26-05-2025T07:39:44 - [TEST_STEP][PASSED] - println(dZO): null

26-05-2025T07:39:44 - [TEST_STEP][PASSED] - println(PercPlanR): null

26-05-2025T07:39:44 - [TEST_STEP][PASSED] - println(PercPlanB): null

26-05-2025T07:39:44 - [TEST_STEP][PASSED] - println(PercFactR): null

26-05-2025T07:39:44 - [TEST_STEP][PASSED] - println(PercFactB): null

26-05-2025T07:39:44 - [TEST_STEP][PASSED] - println(tabR): null

26-05-2025T07:39:44 - [TEST_STEP][PASSED] - println(tabB): null

26-05-2025T07:39:44 - [TEST_STEP][PASSED] - println(o1R): null

26-05-2025T07:39:44 - [TEST_STEP][PASSED] - println(o1B): null

26-05-2025T07:39:44 - [TEST_STEP][PASSED] - PR = <not implemented yet for class: org.codehaus.groovy.ast.expr.EmptyExpression>: null

26-05-2025T07:39:44 - [TEST_STEP][PASSED] - FR = <not implemented yet for class: org.codehaus.groovy.ast.expr.EmptyExpression>: null

26-05-2025T07:39:44 - [TEST_STEP][PASSED] - PB = <not implemented yet for class: org.codehaus.groovy.ast.expr.EmptyExpression>: null

26-05-2025T07:39:44 - [TEST_STEP][PASSED] - FB = <not implemented yet for class: org.codehaus.groovy.ast.expr.EmptyExpression>: null

26-05-2025T07:39:44 - [TEST_STEP][PASSED] - TR = <not implemented yet for class: org.codehaus.groovy.ast.expr.EmptyExpression>: null

26-05-2025T07:39:44 - [TEST_STEP][PASSED] - TB = <not implemented yet for class: org.codehaus.groovy.ast.expr.EmptyExpression>: null

26-05-2025T07:39:44 - [TEST_STEP][PASSED] - sheetName = "Sheet1": null

26-05-2025T07:39:44 - [TEST_STEP][PASSED] - data = findTestData("PlanFact"): null

26-05-2025T07:39:44 - [TEST_STEP][PASSED] - n = data.getRowNumbers() + 1: null

26-05-2025T07:39:44 - [TEST_STEP][PASSED] - day = ")).toInteger(): null

26-05-2025T07:39:44 - [TEST_STEP][PASSED] - println(day): null

26-05-2025T07:39:44 - [TEST_STEP][PASSED] - month = ")).toInteger(): null

26-05-2025T07:39:44 - [TEST_STEP][PASSED] - println(month): null

26-05-2025T07:39:44 - [TEST_STEP][PASSED] - y = length()).toInteger(): null

26-05-2025T07:39:44 - [TEST_STEP][PASSED] - if (month < 3 && day < 30): null

26-05-2025T07:39:44 - [TEST_STEP][PASSED] - println(y): null

26-05-2025T07:39:44 - [TEST_STEP][PASSED] - m = getText(findTestObject("Выполнение бизнес-плана/Выполнение бизнес-плана Балансы/Фильтр Дата")): Text of object 'Object Repository/Выполнение бизнес-плана/Выполнение бизнес-плана Балансы/Фильтр Дата' is: '1 кв. 2025 года'

26-05-2025T07:39:45 - [MESSAGE][PASSED] - Text of object 'Object Repository/Выполнение бизнес-плана/Выполнение бизнес-плана Балансы/Фильтр Дата' is: '1 кв. 2025 года'

26-05-2025T07:39:45 - [TEST_STEP][PASSED] - if (toString().length() == 4): null

26-05-2025T07:39:45 - [TEST_STEP][PASSED] - m = m.substring(0, m.indexOf(y.toString())): null

26-05-2025T07:39:45 - [TEST_STEP][PASSED] - m = m.trim(): null

26-05-2025T07:39:45 - [TEST_STEP][PASSED] - if (m == ""): null

26-05-2025T07:39:45 - [TEST_STEP][PASSED] - dashboardName = "Выполнение бизнес-плана": null

26-05-2025T07:39:45 - [TEST_STEP][PASSED] - workbook01 = getWorkbook(excelFilePath): null

26-05-2025T07:39:45 - [TEST_STEP][PASSED] - sheet01 = getExcelSheet(workbook01, sheetName): null

26-05-2025T07:39:45 - [TEST_STEP][PASSED] - setValueToCellByIndex(sheet01, n, 0, dashboardName): null

26-05-2025T07:39:45 - [TEST_STEP][PASSED] - setValueToCellByIndex(sheet01, n, 1, dZO): null

26-05-2025T07:39:45 - [TEST_STEP][PASSED] - setValueToCellByIndex(sheet01, n, 2, typeOfData): null

26-05-2025T07:39:45 - [TEST_STEP][PASSED] - setValueToCellByIndex(sheet01, n, 3, typeOfData): null

26-05-2025T07:39:45 - [TEST_STEP][PASSED] - if (typeOfData == "План"): null

26-05-2025T07:39:45 - [TEST_STEP][PASSED] - else if (typeOfData == "Факт"): null

26-05-2025T07:39:45 - [TEST_STEP][PASSED] - else if (vidget.contains("электроэнергии") == true): null

26-05-2025T07:39:45 - [TEST_STEP][PASSED] - if (tabR == null): null

26-05-2025T07:39:45 - [TEST_STEP][PASSED] - else: null

26-05-2025T07:39:45 - [TEST_STEP][PASSED] - if (tabR == "нет данных"): null

26-05-2025T07:39:45 - [TEST_STEP][PASSED] - else: null

26-05-2025T07:39:45 - [TEST_STEP][PASSED] - TR = tabR.toInteger(): null

26-05-2025T07:39:45 - [TEST_STEP][PASSED] - setValueToCellByIndex(sheet01, n, 4, TR): null

26-05-2025T07:39:45 - [TEST_STEP][PASSED] - if (tabB == null): null

26-05-2025T07:39:45 - [TEST_STEP][PASSED] - else: null

26-05-2025T07:39:45 - [TEST_STEP][PASSED] - if (tabB == "нет данных"): null

26-05-2025T07:39:45 - [TEST_STEP][PASSED] - else: null

26-05-2025T07:39:45 - [TEST_STEP][PASSED] - TB = tabB.toInteger(): null

26-05-2025T07:39:45 - [TEST_STEP][PASSED] - setValueToCellByIndex(sheet01, n, 5, TB): null

26-05-2025T07:39:45 - [TEST_STEP][PASSED] - setValueToCellByIndex(sheet01, n, 6, m): null

26-05-2025T07:39:45 - [TEST_STEP][PASSED] - setValueToCellByIndex(sheet01, n, 7, y): null

26-05-2025T07:39:45 - [TEST_STEP][PASSED] - setValueToCellByIndex(sheet01, n, 8, todaysDate): null

26-05-2025T07:39:45 - [TEST_STEP][PASSED] - n = n + 1: null

26-05-2025T07:39:45 - [TEST_STEP][PASSED] - saveWorkbook(excelFilePath, workbook01): null

26-05-2025T07:39:45 - [TEST_STEP][PASSED] - vidget = "Показатели баланса электроэнергии по ДЗО – План": null

26-05-2025T07:39:45 - [TEST_STEP][PASSED] - typeOfData = "План Отпуск в сеть": null

26-05-2025T07:39:45 - [TEST_STEP][PASSED] - tabR = GetOvSPlanR(x = a): null

26-05-2025T07:39:45 - [TEST_STEP][PASSED] - i1 = <not implemented yet for class: org.codehaus.groovy.ast.expr.EmptyExpression>: null

26-05-2025T07:39:45 - [TEST_STEP][PASSED] - ii = <not implemented yet for class: org.codehaus.groovy.ast.expr.EmptyExpression>: null

26-05-2025T07:39:45 - [TEST_STEP][PASSED] - for ([ii = 1, ii < 7, (ii++)]): null

26-05-2025T07:39:45 - [TEST_STEP][PASSED] - i1 = x.indexOf("/") + 1: null

26-05-2025T07:39:45 - [TEST_STEP][PASSED] - if (i1 > -1): null

26-05-2025T07:39:45 - [TEST_STEP][PASSED] - x = x.substring(i1, x.length()): null

26-05-2025T07:39:45 - [TEST_STEP][PASSED] - println(x): null

26-05-2025T07:39:45 - [TEST_STEP][PASSED] - i1 = x.indexOf("/") + 1: null

26-05-2025T07:39:45 - [TEST_STEP][PASSED] - if (i1 > -1): null

26-05-2025T07:39:45 - [TEST_STEP][PASSED] - x = x.substring(i1, x.length()): null

26-05-2025T07:39:45 - [TEST_STEP][PASSED] - println(x): null

26-05-2025T07:39:45 - [TEST_STEP][PASSED] - i1 = x.indexOf("/") + 1: null

26-05-2025T07:39:45 - [TEST_STEP][PASSED] - if (i1 > -1): null

26-05-2025T07:39:45 - [TEST_STEP][PASSED] - x = x.substring(i1, x.length()): null

26-05-2025T07:39:45 - [TEST_STEP][PASSED] - println(x): null

26-05-2025T07:39:45 - [TEST_STEP][PASSED] - i1 = x.indexOf("/") + 1: null

26-05-2025T07:39:45 - [TEST_STEP][PASSED] - if (i1 > -1): null

26-05-2025T07:39:45 - [TEST_STEP][PASSED] - x = x.substring(i1, x.length()): null

26-05-2025T07:39:45 - [TEST_STEP][PASSED] - println(x): null

26-05-2025T07:39:45 - [TEST_STEP][PASSED] - i1 = x.indexOf("/") + 1: null

26-05-2025T07:39:45 - [TEST_STEP][PASSED] - if (i1 > -1): null

26-05-2025T07:39:45 - [TEST_STEP][PASSED] - x = x.substring(i1, x.length()): null

26-05-2025T07:39:45 - [TEST_STEP][PASSED] - println(x): null

26-05-2025T07:39:45 - [TEST_STEP][PASSED] - i1 = x.indexOf("/") + 1: null

26-05-2025T07:39:45 - [TEST_STEP][PASSED] - if (i1 > -1): null

26-05-2025T07:39:45 - [TEST_STEP][PASSED] - x = x.substring(i1, x.length()): null

26-05-2025T07:39:45 - [TEST_STEP][PASSED] - println(x): null

26-05-2025T07:39:45 - [TEST_STEP][PASSED] - i1 = x.indexOf("/"): null

26-05-2025T07:39:45 - [TEST_STEP][PASSED] - if (i1 > -1): null

26-05-2025T07:39:45 - [TEST_STEP][PASSED] - x = x.substring(0, i1): null

26-05-2025T07:39:45 - [TEST_STEP][PASSED] - println(x): null

26-05-2025T07:39:45 - [TEST_STEP][PASSED] - return x: null

26-05-2025T07:39:45 - [TEST_STEP][PASSED] - tabB = GetOvSPlanB(x = b): null

26-05-2025T07:39:45 - [TEST_STEP][PASSED] - i1 = <not implemented yet for class: org.codehaus.groovy.ast.expr.EmptyExpression>: null

26-05-2025T07:39:45 - [TEST_STEP][PASSED] - ii = <not implemented yet for class: org.codehaus.groovy.ast.expr.EmptyExpression>: null

26-05-2025T07:39:45 - [TEST_STEP][PASSED] - for ([ii = 1, ii < 7, (ii++)]): null

26-05-2025T07:39:45 - [TEST_STEP][PASSED] - i1 = x.indexOf("/") + 1: null

26-05-2025T07:39:45 - [TEST_STEP][PASSED] - if (i1 > -1): null

26-05-2025T07:39:45 - [TEST_STEP][PASSED] - x = x.substring(i1, x.length()): null

26-05-2025T07:39:45 - [TEST_STEP][PASSED] - println(x): null

26-05-2025T07:39:45 - [TEST_STEP][PASSED] - i1 = x.indexOf("/") + 1: null

26-05-2025T07:39:45 - [TEST_STEP][PASSED] - if (i1 > -1): null

26-05-2025T07:39:45 - [TEST_STEP][PASSED] - x = x.substring(i1, x.length()): null

26-05-2025T07:39:45 - [TEST_STEP][PASSED] - println(x): null

26-05-2025T07:39:45 - [TEST_STEP][PASSED] - i1 = x.indexOf("/") + 1: null

26-05-2025T07:39:45 - [TEST_STEP][PASSED] - if (i1 > -1): null

26-05-2025T07:39:45 - [TEST_STEP][PASSED] - x = x.substring(i1, x.length()): null

26-05-2025T07:39:45 - [TEST_STEP][PASSED] - println(x): null

26-05-2025T07:39:45 - [TEST_STEP][PASSED] - i1 = x.indexOf("/") + 1: null

26-05-2025T07:39:45 - [TEST_STEP][PASSED] - if (i1 > -1): null

26-05-2025T07:39:45 - [TEST_STEP][PASSED] - x = x.substring(i1, x.length()): null

26-05-2025T07:39:45 - [TEST_STEP][PASSED] - println(x): null

26-05-2025T07:39:45 - [TEST_STEP][PASSED] - i1 = x.indexOf("/") + 1: null

26-05-2025T07:39:45 - [TEST_STEP][PASSED] - if (i1 > -1): null

26-05-2025T07:39:45 - [TEST_STEP][PASSED] - x = x.substring(i1, x.length()): null

26-05-2025T07:39:45 - [TEST_STEP][PASSED] - println(x): null

26-05-2025T07:39:45 - [TEST_STEP][PASSED] - i1 = x.indexOf("/") + 1: null

26-05-2025T07:39:45 - [TEST_STEP][PASSED] - if (i1 > -1): null

26-05-2025T07:39:45 - [TEST_STEP][PASSED] - x = x.substring(i1, x.length()): null

26-05-2025T07:39:45 - [TEST_STEP][PASSED] - println(x): null

26-05-2025T07:39:45 - [TEST_STEP][PASSED] - i1 = x.indexOf("/"): null

26-05-2025T07:39:45 - [TEST_STEP][PASSED] - if (i1 > -1): null

26-05-2025T07:39:45 - [TEST_STEP][PASSED] - x = x.substring(0, i1): null

26-05-2025T07:39:45 - [TEST_STEP][PASSED] - println(x): null

26-05-2025T07:39:45 - [TEST_STEP][FAILED] - return x: null

26-05-2025T07:39:45 - [TEST_STEP][PASSED] - println(tabR + "/" + tabB): null

26-05-2025T07:39:45 - [TEST_STEP][FAILED] - if (verifyEqual(tabR, tabB) == false): null

26-05-2025T07:39:45 - [MESSAGE][FAILED] - Unable to verify equal between actual object '279622401' and expected object '236268268' (Root cause: com.kms.katalon.core.exception.StepFailedException: Actual object '279622401' and expected object '236268268' are not equal
	at com.kms.katalon.core.keyword.builtin.VerifyEqualKeyword$_verifyEqual_closure1.doCall(VerifyEqualKeyword.groovy:58)
	at com.kms.katalon.core.keyword.builtin.VerifyEqualKeyword$_verifyEqual_closure1.call(VerifyEqualKeyword.groovy)
	at com.kms.katalon.core.keyword.internal.KeywordMain.runKeyword(KeywordMain.groovy:75)
	at com.kms.katalon.core.keyword.builtin.VerifyEqualKeyword.verifyEqual(VerifyEqualKeyword.groovy:63)
	at com.kms.katalon.core.keyword.builtin.VerifyEqualKeyword.execute(VerifyEqualKeyword.groovy:44)
	at com.kms.katalon.core.keyword.internal.KeywordExecutor.executeKeywordForPlatform(KeywordExecutor.groovy:74)
	at com.kms.katalon.core.keyword.BuiltinKeywords.verifyEqual(BuiltinKeywords.groovy:146)
	at jdk.internal.reflect.GeneratedMethodAccessor23.invoke(Unknown Source)
	at java.base/jdk.internal.reflect.DelegatingMethodAccessorImpl.invoke(DelegatingMethodAccessorImpl.java:43)
	at Выполнение бизнес-плана сверка дашбордов.CompareDZOData(Выполнение бизнес-плана сверка дашбордов:745)
	at Выполнение бизнес-плана сверка дашбордов.run(Выполнение бизнес-плана сверка дашбордов:578)
	at com.kms.katalon.core.main.ScriptEngine.run(ScriptEngine.java:194)
	at com.kms.katalon.core.main.ScriptEngine.runScriptAsRawText(ScriptEngine.java:119)
	at com.kms.katalon.core.main.TestCaseExecutor.runScript(TestCaseExecutor.java:448)
	at com.kms.katalon.core.main.TestCaseExecutor.doExecute(TestCaseExecutor.java:439)
	at com.kms.katalon.core.main.TestCaseExecutor.processExecutionPhase(TestCaseExecutor.java:418)
	at com.kms.katalon.core.main.TestCaseExecutor.accessMainPhase(TestCaseExecutor.java:410)
	at com.kms.katalon.core.main.TestCaseExecutor.execute(TestCaseExecutor.java:285)
	at com.kms.katalon.core.common.CommonExecutor.accessTestCaseMainPhase(CommonExecutor.java:65)
	at com.kms.katalon.core.main.TestSuiteExecutor.accessTestSuiteMainPhase(TestSuiteExecutor.java:150)
	at com.kms.katalon.core.main.TestSuiteExecutor.execute(TestSuiteExecutor.java:106)
	at com.kms.katalon.core.main.TestCaseMain.startTestSuite(TestCaseMain.java:180)
	at TempTestSuite1748228991768.run(TempTestSuite1748228991768.groovy:35)
	at java.base/jdk.internal.reflect.NativeMethodAccessorImpl.invoke0(Native Method)
	at java.base/jdk.internal.reflect.NativeMethodAccessorImpl.invoke(NativeMethodAccessorImpl.java:77)
	at java.base/jdk.internal.reflect.DelegatingMethodAccessorImpl.invoke(DelegatingMethodAccessorImpl.java:43)
)

26-05-2025T07:39:45 - [TEST_STEP][PASSED] - result = WriteToExcel(typeOfData, todaysDate, PercPlanR, PercPlanB, PercFactR, PercFactB, x, tabR, tabB, o1R, o1B, vidget): null

26-05-2025T07:39:45 - [TEST_STEP][PASSED] - iii = dZO.indexOf("/"): null

26-05-2025T07:39:45 - [TEST_STEP][PASSED] - println(iii): null

26-05-2025T07:39:45 - [TEST_STEP][PASSED] - if (iii > -1): null

26-05-2025T07:39:45 - [TEST_STEP][PASSED] - dZO = dZO.substring(0, iii): null

26-05-2025T07:39:45 - [TEST_STEP][PASSED] - println(dZO): null

26-05-2025T07:39:45 - [TEST_STEP][PASSED] - println(PercPlanR): null

26-05-2025T07:39:45 - [TEST_STEP][PASSED] - println(PercPlanB): null

26-05-2025T07:39:45 - [TEST_STEP][PASSED] - println(PercFactR): null

26-05-2025T07:39:45 - [TEST_STEP][PASSED] - println(PercFactB): null

26-05-2025T07:39:45 - [TEST_STEP][PASSED] - println(tabR): null

26-05-2025T07:39:45 - [TEST_STEP][PASSED] - println(tabB): null

26-05-2025T07:39:45 - [TEST_STEP][PASSED] - println(o1R): null

26-05-2025T07:39:45 - [TEST_STEP][PASSED] - println(o1B): null

26-05-2025T07:39:45 - [TEST_STEP][PASSED] - PR = <not implemented yet for class: org.codehaus.groovy.ast.expr.EmptyExpression>: null

26-05-2025T07:39:45 - [TEST_STEP][PASSED] - FR = <not implemented yet for class: org.codehaus.groovy.ast.expr.EmptyExpression>: null

26-05-2025T07:39:45 - [TEST_STEP][PASSED] - PB = <not implemented yet for class: org.codehaus.groovy.ast.expr.EmptyExpression>: null

26-05-2025T07:39:45 - [TEST_STEP][PASSED] - FB = <not implemented yet for class: org.codehaus.groovy.ast.expr.EmptyExpression>: null

26-05-2025T07:39:45 - [TEST_STEP][PASSED] - TR = <not implemented yet for class: org.codehaus.groovy.ast.expr.EmptyExpression>: null

26-05-2025T07:39:45 - [TEST_STEP][PASSED] - TB = <not implemented yet for class: org.codehaus.groovy.ast.expr.EmptyExpression>: null

26-05-2025T07:39:45 - [TEST_STEP][PASSED] - sheetName = "Sheet1": null

26-05-2025T07:39:45 - [TEST_STEP][PASSED] - data = findTestData("PlanFact"): null

26-05-2025T07:39:45 - [TEST_STEP][PASSED] - n = data.getRowNumbers() + 1: null

26-05-2025T07:39:45 - [TEST_STEP][PASSED] - day = ")).toInteger(): null

26-05-2025T07:39:45 - [TEST_STEP][PASSED] - println(day): null

26-05-2025T07:39:45 - [TEST_STEP][PASSED] - month = ")).toInteger(): null

26-05-2025T07:39:45 - [TEST_STEP][PASSED] - println(month): null

26-05-2025T07:39:45 - [TEST_STEP][PASSED] - y = length()).toInteger(): null

26-05-2025T07:39:45 - [TEST_STEP][PASSED] - if (month < 3 && day < 30): null

26-05-2025T07:39:45 - [TEST_STEP][PASSED] - println(y): null

26-05-2025T07:39:45 - [TEST_STEP][PASSED] - m = getText(findTestObject("Выполнение бизнес-плана/Выполнение бизнес-плана Балансы/Фильтр Дата")): Text of object 'Object Repository/Выполнение бизнес-плана/Выполнение бизнес-плана Балансы/Фильтр Дата' is: '1 кв. 2025 года'

26-05-2025T07:39:45 - [MESSAGE][PASSED] - Text of object 'Object Repository/Выполнение бизнес-плана/Выполнение бизнес-плана Балансы/Фильтр Дата' is: '1 кв. 2025 года'

26-05-2025T07:39:45 - [TEST_STEP][PASSED] - if (toString().length() == 4): null

26-05-2025T07:39:45 - [TEST_STEP][PASSED] - m = m.substring(0, m.indexOf(y.toString())): null

26-05-2025T07:39:45 - [TEST_STEP][PASSED] - m = m.trim(): null

26-05-2025T07:39:45 - [TEST_STEP][PASSED] - if (m == ""): null

26-05-2025T07:39:45 - [TEST_STEP][PASSED] - dashboardName = "Выполнение бизнес-плана": null

26-05-2025T07:39:45 - [TEST_STEP][PASSED] - workbook01 = getWorkbook(excelFilePath): null

26-05-2025T07:39:45 - [TEST_STEP][PASSED] - sheet01 = getExcelSheet(workbook01, sheetName): null

26-05-2025T07:39:45 - [TEST_STEP][PASSED] - setValueToCellByIndex(sheet01, n, 0, dashboardName): null

26-05-2025T07:39:45 - [TEST_STEP][PASSED] - setValueToCellByIndex(sheet01, n, 1, dZO): null

26-05-2025T07:39:45 - [TEST_STEP][PASSED] - setValueToCellByIndex(sheet01, n, 2, typeOfData): null

26-05-2025T07:39:45 - [TEST_STEP][PASSED] - setValueToCellByIndex(sheet01, n, 3, typeOfData): null

26-05-2025T07:39:45 - [TEST_STEP][PASSED] - if (typeOfData == "План"): null

26-05-2025T07:39:45 - [TEST_STEP][PASSED] - else if (typeOfData == "Факт"): null

26-05-2025T07:39:45 - [TEST_STEP][PASSED] - else if (vidget.contains("электроэнергии") == true): null

26-05-2025T07:39:45 - [TEST_STEP][PASSED] - if (tabR == null): null

26-05-2025T07:39:45 - [TEST_STEP][PASSED] - else: null

26-05-2025T07:39:45 - [TEST_STEP][PASSED] - if (tabR == "нет данных"): null

26-05-2025T07:39:45 - [TEST_STEP][PASSED] - else: null

26-05-2025T07:39:45 - [TEST_STEP][PASSED] - TR = tabR.toInteger(): null

26-05-2025T07:39:45 - [TEST_STEP][PASSED] - setValueToCellByIndex(sheet01, n, 4, TR): null

26-05-2025T07:39:45 - [TEST_STEP][PASSED] - if (tabB == null): null

26-05-2025T07:39:45 - [TEST_STEP][PASSED] - else: null

26-05-2025T07:39:45 - [TEST_STEP][PASSED] - if (tabB == "нет данных"): null

26-05-2025T07:39:45 - [TEST_STEP][PASSED] - else: null

26-05-2025T07:39:45 - [TEST_STEP][PASSED] - TB = tabB.toInteger(): null

26-05-2025T07:39:45 - [TEST_STEP][PASSED] - setValueToCellByIndex(sheet01, n, 5, TB): null

26-05-2025T07:39:45 - [TEST_STEP][PASSED] - setValueToCellByIndex(sheet01, n, 6, m): null

26-05-2025T07:39:45 - [TEST_STEP][PASSED] - setValueToCellByIndex(sheet01, n, 7, y): null

26-05-2025T07:39:45 - [TEST_STEP][PASSED] - setValueToCellByIndex(sheet01, n, 8, todaysDate): null

26-05-2025T07:39:45 - [TEST_STEP][PASSED] - n = n + 1: null

26-05-2025T07:39:45 - [TEST_STEP][PASSED] - saveWorkbook(excelFilePath, workbook01): null

26-05-2025T07:39:46 - [TEST_STEP][PASSED] - typeOfData = "План Отпуск из сети": null

26-05-2025T07:39:46 - [TEST_STEP][PASSED] - tabR = GetOiSPlanR(x = a): null

26-05-2025T07:39:46 - [TEST_STEP][PASSED] - i1 = <not implemented yet for class: org.codehaus.groovy.ast.expr.EmptyExpression>: null

26-05-2025T07:39:46 - [TEST_STEP][PASSED] - ii = <not implemented yet for class: org.codehaus.groovy.ast.expr.EmptyExpression>: null

26-05-2025T07:39:46 - [TEST_STEP][PASSED] - for ([ii = 1, ii < 8, (ii++)]): null

26-05-2025T07:39:46 - [TEST_STEP][PASSED] - i1 = x.indexOf("/") + 1: null

26-05-2025T07:39:46 - [TEST_STEP][PASSED] - if (i1 > -1): null

26-05-2025T07:39:46 - [TEST_STEP][PASSED] - x = x.substring(i1, x.length()): null

26-05-2025T07:39:46 - [TEST_STEP][PASSED] - println(x): null

26-05-2025T07:39:46 - [TEST_STEP][PASSED] - i1 = x.indexOf("/") + 1: null

26-05-2025T07:39:46 - [TEST_STEP][PASSED] - if (i1 > -1): null

26-05-2025T07:39:46 - [TEST_STEP][PASSED] - x = x.substring(i1, x.length()): null

26-05-2025T07:39:46 - [TEST_STEP][PASSED] - println(x): null

26-05-2025T07:39:46 - [TEST_STEP][PASSED] - i1 = x.indexOf("/") + 1: null

26-05-2025T07:39:46 - [TEST_STEP][PASSED] - if (i1 > -1): null

26-05-2025T07:39:46 - [TEST_STEP][PASSED] - x = x.substring(i1, x.length()): null

26-05-2025T07:39:46 - [TEST_STEP][PASSED] - println(x): null

26-05-2025T07:39:46 - [TEST_STEP][PASSED] - i1 = x.indexOf("/") + 1: null

26-05-2025T07:39:46 - [TEST_STEP][PASSED] - if (i1 > -1): null

26-05-2025T07:39:46 - [TEST_STEP][PASSED] - x = x.substring(i1, x.length()): null

26-05-2025T07:39:46 - [TEST_STEP][PASSED] - println(x): null

26-05-2025T07:39:46 - [TEST_STEP][PASSED] - i1 = x.indexOf("/") + 1: null

26-05-2025T07:39:46 - [TEST_STEP][PASSED] - if (i1 > -1): null

26-05-2025T07:39:46 - [TEST_STEP][PASSED] - x = x.substring(i1, x.length()): null

26-05-2025T07:39:46 - [TEST_STEP][PASSED] - println(x): null

26-05-2025T07:39:46 - [TEST_STEP][PASSED] - i1 = x.indexOf("/") + 1: null

26-05-2025T07:39:46 - [TEST_STEP][PASSED] - if (i1 > -1): null

26-05-2025T07:39:46 - [TEST_STEP][PASSED] - x = x.substring(i1, x.length()): null

26-05-2025T07:39:46 - [TEST_STEP][PASSED] - println(x): null

26-05-2025T07:39:46 - [TEST_STEP][PASSED] - i1 = x.indexOf("/") + 1: null

26-05-2025T07:39:46 - [TEST_STEP][PASSED] - if (i1 > -1): null

26-05-2025T07:39:46 - [TEST_STEP][PASSED] - x = x.substring(i1, x.length()): null

26-05-2025T07:39:46 - [TEST_STEP][PASSED] - println(x): null

26-05-2025T07:39:46 - [TEST_STEP][PASSED] - i1 = x.indexOf("/"): null

26-05-2025T07:39:46 - [TEST_STEP][PASSED] - if (i1 > -1): null

26-05-2025T07:39:46 - [TEST_STEP][PASSED] - x = x.substring(0, i1): null

26-05-2025T07:39:46 - [TEST_STEP][PASSED] - println(x): null

26-05-2025T07:39:46 - [TEST_STEP][PASSED] - return x: null

26-05-2025T07:39:46 - [TEST_STEP][PASSED] - tabB = GetOiSPlanB(x = b): null

26-05-2025T07:39:46 - [TEST_STEP][PASSED] - i1 = <not implemented yet for class: org.codehaus.groovy.ast.expr.EmptyExpression>: null

26-05-2025T07:39:46 - [TEST_STEP][PASSED] - ii = <not implemented yet for class: org.codehaus.groovy.ast.expr.EmptyExpression>: null

26-05-2025T07:39:46 - [TEST_STEP][PASSED] - for ([ii = 1, ii < 8, (ii++)]): null

26-05-2025T07:39:46 - [TEST_STEP][PASSED] - i1 = x.indexOf("/") + 1: null

26-05-2025T07:39:46 - [TEST_STEP][PASSED] - if (i1 > -1): null

26-05-2025T07:39:46 - [TEST_STEP][PASSED] - x = x.substring(i1, x.length()): null

26-05-2025T07:39:46 - [TEST_STEP][PASSED] - println(x): null

26-05-2025T07:39:46 - [TEST_STEP][PASSED] - i1 = x.indexOf("/") + 1: null

26-05-2025T07:39:46 - [TEST_STEP][PASSED] - if (i1 > -1): null

26-05-2025T07:39:46 - [TEST_STEP][PASSED] - x = x.substring(i1, x.length()): null

26-05-2025T07:39:46 - [TEST_STEP][PASSED] - println(x): null

26-05-2025T07:39:46 - [TEST_STEP][PASSED] - i1 = x.indexOf("/") + 1: null

26-05-2025T07:39:46 - [TEST_STEP][PASSED] - if (i1 > -1): null

26-05-2025T07:39:46 - [TEST_STEP][PASSED] - x = x.substring(i1, x.length()): null

26-05-2025T07:39:46 - [TEST_STEP][PASSED] - println(x): null

26-05-2025T07:39:46 - [TEST_STEP][PASSED] - i1 = x.indexOf("/") + 1: null

26-05-2025T07:39:46 - [TEST_STEP][PASSED] - if (i1 > -1): null

26-05-2025T07:39:46 - [TEST_STEP][PASSED] - x = x.substring(i1, x.length()): null

26-05-2025T07:39:46 - [TEST_STEP][PASSED] - println(x): null

26-05-2025T07:39:46 - [TEST_STEP][PASSED] - i1 = x.indexOf("/") + 1: null

26-05-2025T07:39:46 - [TEST_STEP][PASSED] - if (i1 > -1): null

26-05-2025T07:39:46 - [TEST_STEP][PASSED] - x = x.substring(i1, x.length()): null

26-05-2025T07:39:46 - [TEST_STEP][PASSED] - println(x): null

26-05-2025T07:39:46 - [TEST_STEP][PASSED] - i1 = x.indexOf("/") + 1: null

26-05-2025T07:39:46 - [TEST_STEP][PASSED] - if (i1 > -1): null

26-05-2025T07:39:46 - [TEST_STEP][PASSED] - x = x.substring(i1, x.length()): null

26-05-2025T07:39:46 - [TEST_STEP][PASSED] - println(x): null

26-05-2025T07:39:46 - [TEST_STEP][PASSED] - i1 = x.indexOf("/") + 1: null

26-05-2025T07:39:46 - [TEST_STEP][PASSED] - if (i1 > -1): null

26-05-2025T07:39:46 - [TEST_STEP][PASSED] - x = x.substring(i1, x.length()): null

26-05-2025T07:39:46 - [TEST_STEP][PASSED] - println(x): null

26-05-2025T07:39:46 - [TEST_STEP][PASSED] - i1 = x.indexOf("/"): null

26-05-2025T07:39:46 - [TEST_STEP][PASSED] - if (i1 > -1): null

26-05-2025T07:39:46 - [TEST_STEP][PASSED] - x = x.substring(0, i1): null

26-05-2025T07:39:46 - [TEST_STEP][PASSED] - println(x): null

26-05-2025T07:39:46 - [TEST_STEP][FAILED] - return x: null

26-05-2025T07:39:46 - [TEST_STEP][PASSED] - println(tabR + "/" + tabB): null

26-05-2025T07:39:46 - [TEST_STEP][FAILED] - if (verifyEqual(tabR, tabB) == false): null

26-05-2025T07:39:46 - [MESSAGE][FAILED] - Unable to verify equal between actual object '263872604' and expected object '224428885' (Root cause: com.kms.katalon.core.exception.StepFailedException: Actual object '263872604' and expected object '224428885' are not equal
	at com.kms.katalon.core.keyword.builtin.VerifyEqualKeyword$_verifyEqual_closure1.doCall(VerifyEqualKeyword.groovy:58)
	at com.kms.katalon.core.keyword.builtin.VerifyEqualKeyword$_verifyEqual_closure1.call(VerifyEqualKeyword.groovy)
	at com.kms.katalon.core.keyword.internal.KeywordMain.runKeyword(KeywordMain.groovy:75)
	at com.kms.katalon.core.keyword.builtin.VerifyEqualKeyword.verifyEqual(VerifyEqualKeyword.groovy:63)
	at com.kms.katalon.core.keyword.builtin.VerifyEqualKeyword.execute(VerifyEqualKeyword.groovy:44)
	at com.kms.katalon.core.keyword.internal.KeywordExecutor.executeKeywordForPlatform(KeywordExecutor.groovy:74)
	at com.kms.katalon.core.keyword.BuiltinKeywords.verifyEqual(BuiltinKeywords.groovy:146)
	at jdk.internal.reflect.GeneratedMethodAccessor23.invoke(Unknown Source)
	at java.base/jdk.internal.reflect.DelegatingMethodAccessorImpl.invoke(DelegatingMethodAccessorImpl.java:43)
	at Выполнение бизнес-плана сверка дашбордов.CompareDZOData(Выполнение бизнес-плана сверка дашбордов:758)
	at Выполнение бизнес-плана сверка дашбордов.run(Выполнение бизнес-плана сверка дашбордов:578)
	at com.kms.katalon.core.main.ScriptEngine.run(ScriptEngine.java:194)
	at com.kms.katalon.core.main.ScriptEngine.runScriptAsRawText(ScriptEngine.java:119)
	at com.kms.katalon.core.main.TestCaseExecutor.runScript(TestCaseExecutor.java:448)
	at com.kms.katalon.core.main.TestCaseExecutor.doExecute(TestCaseExecutor.java:439)
	at com.kms.katalon.core.main.TestCaseExecutor.processExecutionPhase(TestCaseExecutor.java:418)
	at com.kms.katalon.core.main.TestCaseExecutor.accessMainPhase(TestCaseExecutor.java:410)
	at com.kms.katalon.core.main.TestCaseExecutor.execute(TestCaseExecutor.java:285)
	at com.kms.katalon.core.common.CommonExecutor.accessTestCaseMainPhase(CommonExecutor.java:65)
	at com.kms.katalon.core.main.TestSuiteExecutor.accessTestSuiteMainPhase(TestSuiteExecutor.java:150)
	at com.kms.katalon.core.main.TestSuiteExecutor.execute(TestSuiteExecutor.java:106)
	at com.kms.katalon.core.main.TestCaseMain.startTestSuite(TestCaseMain.java:180)
	at TempTestSuite1748228991768.run(TempTestSuite1748228991768.groovy:35)
	at java.base/jdk.internal.reflect.NativeMethodAccessorImpl.invoke0(Native Method)
	at java.base/jdk.internal.reflect.NativeMethodAccessorImpl.invoke(NativeMethodAccessorImpl.java:77)
	at java.base/jdk.internal.reflect.DelegatingMethodAccessorImpl.invoke(DelegatingMethodAccessorImpl.java:43)
)

26-05-2025T07:39:46 - [TEST_STEP][PASSED] - result = WriteToExcel(typeOfData, todaysDate, PercPlanR, PercPlanB, PercFactR, PercFactB, x, tabR, tabB, o1R, o1B, vidget): null

26-05-2025T07:39:46 - [TEST_STEP][PASSED] - iii = dZO.indexOf("/"): null

26-05-2025T07:39:46 - [TEST_STEP][PASSED] - println(iii): null

26-05-2025T07:39:46 - [TEST_STEP][PASSED] - if (iii > -1): null

26-05-2025T07:39:46 - [TEST_STEP][PASSED] - dZO = dZO.substring(0, iii): null

26-05-2025T07:39:46 - [TEST_STEP][PASSED] - println(dZO): null

26-05-2025T07:39:46 - [TEST_STEP][PASSED] - println(PercPlanR): null

26-05-2025T07:39:46 - [TEST_STEP][PASSED] - println(PercPlanB): null

26-05-2025T07:39:46 - [TEST_STEP][PASSED] - println(PercFactR): null

26-05-2025T07:39:46 - [TEST_STEP][PASSED] - println(PercFactB): null

26-05-2025T07:39:46 - [TEST_STEP][PASSED] - println(tabR): null

26-05-2025T07:39:46 - [TEST_STEP][PASSED] - println(tabB): null

26-05-2025T07:39:46 - [TEST_STEP][PASSED] - println(o1R): null

26-05-2025T07:39:46 - [TEST_STEP][PASSED] - println(o1B): null

26-05-2025T07:39:46 - [TEST_STEP][PASSED] - PR = <not implemented yet for class: org.codehaus.groovy.ast.expr.EmptyExpression>: null

26-05-2025T07:39:46 - [TEST_STEP][PASSED] - FR = <not implemented yet for class: org.codehaus.groovy.ast.expr.EmptyExpression>: null

26-05-2025T07:39:46 - [TEST_STEP][PASSED] - PB = <not implemented yet for class: org.codehaus.groovy.ast.expr.EmptyExpression>: null

26-05-2025T07:39:46 - [TEST_STEP][PASSED] - FB = <not implemented yet for class: org.codehaus.groovy.ast.expr.EmptyExpression>: null

26-05-2025T07:39:46 - [TEST_STEP][PASSED] - TR = <not implemented yet for class: org.codehaus.groovy.ast.expr.EmptyExpression>: null

26-05-2025T07:39:46 - [TEST_STEP][PASSED] - TB = <not implemented yet for class: org.codehaus.groovy.ast.expr.EmptyExpression>: null

26-05-2025T07:39:46 - [TEST_STEP][PASSED] - sheetName = "Sheet1": null

26-05-2025T07:39:46 - [TEST_STEP][PASSED] - data = findTestData("PlanFact"): null

26-05-2025T07:39:46 - [TEST_STEP][PASSED] - n = data.getRowNumbers() + 1: null

26-05-2025T07:39:46 - [TEST_STEP][PASSED] - day = ")).toInteger(): null

26-05-2025T07:39:46 - [TEST_STEP][PASSED] - println(day): null

26-05-2025T07:39:46 - [TEST_STEP][PASSED] - month = ")).toInteger(): null

26-05-2025T07:39:46 - [TEST_STEP][PASSED] - println(month): null

26-05-2025T07:39:46 - [TEST_STEP][PASSED] - y = length()).toInteger(): null

26-05-2025T07:39:46 - [TEST_STEP][PASSED] - if (month < 3 && day < 30): null

26-05-2025T07:39:46 - [TEST_STEP][PASSED] - println(y): null

26-05-2025T07:39:46 - [TEST_STEP][PASSED] - m = getText(findTestObject("Выполнение бизнес-плана/Выполнение бизнес-плана Балансы/Фильтр Дата")): Text of object 'Object Repository/Выполнение бизнес-плана/Выполнение бизнес-плана Балансы/Фильтр Дата' is: '1 кв. 2025 года'

26-05-2025T07:39:46 - [MESSAGE][PASSED] - Text of object 'Object Repository/Выполнение бизнес-плана/Выполнение бизнес-плана Балансы/Фильтр Дата' is: '1 кв. 2025 года'

26-05-2025T07:39:46 - [TEST_STEP][PASSED] - if (toString().length() == 4): null

26-05-2025T07:39:46 - [TEST_STEP][PASSED] - m = m.substring(0, m.indexOf(y.toString())): null

26-05-2025T07:39:46 - [TEST_STEP][PASSED] - m = m.trim(): null

26-05-2025T07:39:46 - [TEST_STEP][PASSED] - if (m == ""): null

26-05-2025T07:39:46 - [TEST_STEP][PASSED] - dashboardName = "Выполнение бизнес-плана": null

26-05-2025T07:39:46 - [TEST_STEP][PASSED] - workbook01 = getWorkbook(excelFilePath): null

26-05-2025T07:39:46 - [TEST_STEP][PASSED] - sheet01 = getExcelSheet(workbook01, sheetName): null

26-05-2025T07:39:46 - [TEST_STEP][PASSED] - setValueToCellByIndex(sheet01, n, 0, dashboardName): null

26-05-2025T07:39:46 - [TEST_STEP][PASSED] - setValueToCellByIndex(sheet01, n, 1, dZO): null

26-05-2025T07:39:46 - [TEST_STEP][PASSED] - setValueToCellByIndex(sheet01, n, 2, typeOfData): null

26-05-2025T07:39:46 - [TEST_STEP][PASSED] - setValueToCellByIndex(sheet01, n, 3, typeOfData): null

26-05-2025T07:39:46 - [TEST_STEP][PASSED] - if (typeOfData == "План"): null

26-05-2025T07:39:46 - [TEST_STEP][PASSED] - else if (typeOfData == "Факт"): null

26-05-2025T07:39:46 - [TEST_STEP][PASSED] - else if (vidget.contains("электроэнергии") == true): null

26-05-2025T07:39:46 - [TEST_STEP][PASSED] - if (tabR == null): null

26-05-2025T07:39:46 - [TEST_STEP][PASSED] - else: null

26-05-2025T07:39:46 - [TEST_STEP][PASSED] - if (tabR == "нет данных"): null

26-05-2025T07:39:46 - [TEST_STEP][PASSED] - else: null

26-05-2025T07:39:46 - [TEST_STEP][PASSED] - TR = tabR.toInteger(): null

26-05-2025T07:39:46 - [TEST_STEP][PASSED] - setValueToCellByIndex(sheet01, n, 4, TR): null

26-05-2025T07:39:46 - [TEST_STEP][PASSED] - if (tabB == null): null

26-05-2025T07:39:46 - [TEST_STEP][PASSED] - else: null

26-05-2025T07:39:46 - [TEST_STEP][PASSED] - if (tabB == "нет данных"): null

26-05-2025T07:39:46 - [TEST_STEP][PASSED] - else: null

26-05-2025T07:39:46 - [TEST_STEP][PASSED] - TB = tabB.toInteger(): null

26-05-2025T07:39:46 - [TEST_STEP][PASSED] - setValueToCellByIndex(sheet01, n, 5, TB): null

26-05-2025T07:39:46 - [TEST_STEP][PASSED] - setValueToCellByIndex(sheet01, n, 6, m): null

26-05-2025T07:39:46 - [TEST_STEP][PASSED] - setValueToCellByIndex(sheet01, n, 7, y): null

26-05-2025T07:39:46 - [TEST_STEP][PASSED] - setValueToCellByIndex(sheet01, n, 8, todaysDate): null

26-05-2025T07:39:46 - [TEST_STEP][PASSED] - n = n + 1: null

26-05-2025T07:39:46 - [TEST_STEP][PASSED] - saveWorkbook(excelFilePath, workbook01): null

26-05-2025T07:39:46 - [TEST_STEP][PASSED] - typeOfData = "План Потери": null

26-05-2025T07:39:46 - [TEST_STEP][PASSED] - tabR = GetPPlanR(x = a): null

26-05-2025T07:39:46 - [TEST_STEP][PASSED] - i1 = <not implemented yet for class: org.codehaus.groovy.ast.expr.EmptyExpression>: null

26-05-2025T07:39:46 - [TEST_STEP][PASSED] - ii = <not implemented yet for class: org.codehaus.groovy.ast.expr.EmptyExpression>: null

26-05-2025T07:39:46 - [TEST_STEP][PASSED] - for ([ii = 1, ii < 9, (ii++)]): null

26-05-2025T07:39:46 - [TEST_STEP][PASSED] - i1 = x.indexOf("/") + 1: null

26-05-2025T07:39:46 - [TEST_STEP][PASSED] - if (i1 > -1): null

26-05-2025T07:39:46 - [TEST_STEP][PASSED] - x = x.substring(i1, x.length()): null

26-05-2025T07:39:46 - [TEST_STEP][PASSED] - println(x): null

26-05-2025T07:39:46 - [TEST_STEP][PASSED] - i1 = x.indexOf("/") + 1: null

26-05-2025T07:39:46 - [TEST_STEP][PASSED] - if (i1 > -1): null

26-05-2025T07:39:46 - [TEST_STEP][PASSED] - x = x.substring(i1, x.length()): null

26-05-2025T07:39:46 - [TEST_STEP][PASSED] - println(x): null

26-05-2025T07:39:46 - [TEST_STEP][PASSED] - i1 = x.indexOf("/") + 1: null

26-05-2025T07:39:46 - [TEST_STEP][PASSED] - if (i1 > -1): null

26-05-2025T07:39:46 - [TEST_STEP][PASSED] - x = x.substring(i1, x.length()): null

26-05-2025T07:39:46 - [TEST_STEP][PASSED] - println(x): null

26-05-2025T07:39:46 - [TEST_STEP][PASSED] - i1 = x.indexOf("/") + 1: null

26-05-2025T07:39:46 - [TEST_STEP][PASSED] - if (i1 > -1): null

26-05-2025T07:39:46 - [TEST_STEP][PASSED] - x = x.substring(i1, x.length()): null

26-05-2025T07:39:46 - [TEST_STEP][PASSED] - println(x): null

26-05-2025T07:39:46 - [TEST_STEP][PASSED] - i1 = x.indexOf("/") + 1: null

26-05-2025T07:39:46 - [TEST_STEP][PASSED] - if (i1 > -1): null

26-05-2025T07:39:46 - [TEST_STEP][PASSED] - x = x.substring(i1, x.length()): null

26-05-2025T07:39:46 - [TEST_STEP][PASSED] - println(x): null

26-05-2025T07:39:46 - [TEST_STEP][PASSED] - i1 = x.indexOf("/") + 1: null

26-05-2025T07:39:46 - [TEST_STEP][PASSED] - if (i1 > -1): null

26-05-2025T07:39:46 - [TEST_STEP][PASSED] - x = x.substring(i1, x.length()): null

26-05-2025T07:39:46 - [TEST_STEP][PASSED] - println(x): null

26-05-2025T07:39:46 - [TEST_STEP][PASSED] - i1 = x.indexOf("/") + 1: null

26-05-2025T07:39:46 - [TEST_STEP][PASSED] - if (i1 > -1): null

26-05-2025T07:39:46 - [TEST_STEP][PASSED] - x = x.substring(i1, x.length()): null

26-05-2025T07:39:46 - [TEST_STEP][PASSED] - println(x): null

26-05-2025T07:39:46 - [TEST_STEP][PASSED] - i1 = x.indexOf("/") + 1: null

26-05-2025T07:39:46 - [TEST_STEP][PASSED] - if (i1 > -1): null

26-05-2025T07:39:46 - [TEST_STEP][PASSED] - x = x.substring(i1, x.length()): null

26-05-2025T07:39:46 - [TEST_STEP][PASSED] - println(x): null

26-05-2025T07:39:46 - [TEST_STEP][PASSED] - i1 = x.indexOf("/"): null

26-05-2025T07:39:46 - [TEST_STEP][PASSED] - if (i1 > -1): null

26-05-2025T07:39:46 - [TEST_STEP][PASSED] - println(x): null

26-05-2025T07:39:46 - [TEST_STEP][PASSED] - return x: null

26-05-2025T07:39:46 - [TEST_STEP][PASSED] - tabB = GetPPlanB(x = b): null

26-05-2025T07:39:46 - [TEST_STEP][PASSED] - i1 = <not implemented yet for class: org.codehaus.groovy.ast.expr.EmptyExpression>: null

26-05-2025T07:39:46 - [TEST_STEP][PASSED] - ii = <not implemented yet for class: org.codehaus.groovy.ast.expr.EmptyExpression>: null

26-05-2025T07:39:46 - [TEST_STEP][PASSED] - for ([ii = 1, ii < 9, (ii++)]): null

26-05-2025T07:39:46 - [TEST_STEP][PASSED] - i1 = x.indexOf("/") + 1: null

26-05-2025T07:39:46 - [TEST_STEP][PASSED] - if (i1 > -1): null

26-05-2025T07:39:46 - [TEST_STEP][PASSED] - x = x.substring(i1, x.length()): null

26-05-2025T07:39:46 - [TEST_STEP][PASSED] - println(x): null

26-05-2025T07:39:46 - [TEST_STEP][PASSED] - i1 = x.indexOf("/") + 1: null

26-05-2025T07:39:46 - [TEST_STEP][PASSED] - if (i1 > -1): null

26-05-2025T07:39:46 - [TEST_STEP][PASSED] - x = x.substring(i1, x.length()): null

26-05-2025T07:39:46 - [TEST_STEP][PASSED] - println(x): null

26-05-2025T07:39:46 - [TEST_STEP][PASSED] - i1 = x.indexOf("/") + 1: null

26-05-2025T07:39:46 - [TEST_STEP][PASSED] - if (i1 > -1): null

26-05-2025T07:39:46 - [TEST_STEP][PASSED] - x = x.substring(i1, x.length()): null

26-05-2025T07:39:46 - [TEST_STEP][PASSED] - println(x): null

26-05-2025T07:39:46 - [TEST_STEP][PASSED] - i1 = x.indexOf("/") + 1: null

26-05-2025T07:39:46 - [TEST_STEP][PASSED] - if (i1 > -1): null

26-05-2025T07:39:46 - [TEST_STEP][PASSED] - x = x.substring(i1, x.length()): null

26-05-2025T07:39:46 - [TEST_STEP][PASSED] - println(x): null

26-05-2025T07:39:46 - [TEST_STEP][PASSED] - i1 = x.indexOf("/") + 1: null

26-05-2025T07:39:46 - [TEST_STEP][PASSED] - if (i1 > -1): null

26-05-2025T07:39:46 - [TEST_STEP][PASSED] - x = x.substring(i1, x.length()): null

26-05-2025T07:39:46 - [TEST_STEP][PASSED] - println(x): null

26-05-2025T07:39:46 - [TEST_STEP][PASSED] - i1 = x.indexOf("/") + 1: null

26-05-2025T07:39:46 - [TEST_STEP][PASSED] - if (i1 > -1): null

26-05-2025T07:39:46 - [TEST_STEP][PASSED] - x = x.substring(i1, x.length()): null

26-05-2025T07:39:46 - [TEST_STEP][PASSED] - println(x): null

26-05-2025T07:39:46 - [TEST_STEP][PASSED] - i1 = x.indexOf("/") + 1: null

26-05-2025T07:39:46 - [TEST_STEP][PASSED] - if (i1 > -1): null

26-05-2025T07:39:46 - [TEST_STEP][PASSED] - x = x.substring(i1, x.length()): null

26-05-2025T07:39:46 - [TEST_STEP][PASSED] - println(x): null

26-05-2025T07:39:46 - [TEST_STEP][PASSED] - i1 = x.indexOf("/") + 1: null

26-05-2025T07:39:46 - [TEST_STEP][PASSED] - if (i1 > -1): null

26-05-2025T07:39:46 - [TEST_STEP][PASSED] - x = x.substring(i1, x.length()): null

26-05-2025T07:39:46 - [TEST_STEP][PASSED] - println(x): null

26-05-2025T07:39:46 - [TEST_STEP][PASSED] - i1 = x.indexOf("/"): null

26-05-2025T07:39:46 - [TEST_STEP][PASSED] - if (i1 > -1): null

26-05-2025T07:39:46 - [TEST_STEP][PASSED] - println(x): null

26-05-2025T07:39:46 - [TEST_STEP][FAILED] - return x: null

26-05-2025T07:39:46 - [TEST_STEP][PASSED] - println(tabR + "/" + tabB): null

26-05-2025T07:39:46 - [TEST_STEP][FAILED] - if (verifyEqual(tabR, tabB) == false): null

26-05-2025T07:39:46 - [MESSAGE][FAILED] - Unable to verify equal between actual object '15749796' and expected object '11839383' (Root cause: com.kms.katalon.core.exception.StepFailedException: Actual object '15749796' and expected object '11839383' are not equal
	at com.kms.katalon.core.keyword.builtin.VerifyEqualKeyword$_verifyEqual_closure1.doCall(VerifyEqualKeyword.groovy:58)
	at com.kms.katalon.core.keyword.builtin.VerifyEqualKeyword$_verifyEqual_closure1.call(VerifyEqualKeyword.groovy)
	at com.kms.katalon.core.keyword.internal.KeywordMain.runKeyword(KeywordMain.groovy:75)
	at com.kms.katalon.core.keyword.builtin.VerifyEqualKeyword.verifyEqual(VerifyEqualKeyword.groovy:63)
	at com.kms.katalon.core.keyword.builtin.VerifyEqualKeyword.execute(VerifyEqualKeyword.groovy:44)
	at com.kms.katalon.core.keyword.internal.KeywordExecutor.executeKeywordForPlatform(KeywordExecutor.groovy:74)
	at com.kms.katalon.core.keyword.BuiltinKeywords.verifyEqual(BuiltinKeywords.groovy:146)
	at jdk.internal.reflect.GeneratedMethodAccessor23.invoke(Unknown Source)
	at java.base/jdk.internal.reflect.DelegatingMethodAccessorImpl.invoke(DelegatingMethodAccessorImpl.java:43)
	at Выполнение бизнес-плана сверка дашбордов.CompareDZOData(Выполнение бизнес-плана сверка дашбордов:771)
	at Выполнение бизнес-плана сверка дашбордов.run(Выполнение бизнес-плана сверка дашбордов:578)
	at com.kms.katalon.core.main.ScriptEngine.run(ScriptEngine.java:194)
	at com.kms.katalon.core.main.ScriptEngine.runScriptAsRawText(ScriptEngine.java:119)
	at com.kms.katalon.core.main.TestCaseExecutor.runScript(TestCaseExecutor.java:448)
	at com.kms.katalon.core.main.TestCaseExecutor.doExecute(TestCaseExecutor.java:439)
	at com.kms.katalon.core.main.TestCaseExecutor.processExecutionPhase(TestCaseExecutor.java:418)
	at com.kms.katalon.core.main.TestCaseExecutor.accessMainPhase(TestCaseExecutor.java:410)
	at com.kms.katalon.core.main.TestCaseExecutor.execute(TestCaseExecutor.java:285)
	at com.kms.katalon.core.common.CommonExecutor.accessTestCaseMainPhase(CommonExecutor.java:65)
	at com.kms.katalon.core.main.TestSuiteExecutor.accessTestSuiteMainPhase(TestSuiteExecutor.java:150)
	at com.kms.katalon.core.main.TestSuiteExecutor.execute(TestSuiteExecutor.java:106)
	at com.kms.katalon.core.main.TestCaseMain.startTestSuite(TestCaseMain.java:180)
	at TempTestSuite1748228991768.run(TempTestSuite1748228991768.groovy:35)
	at java.base/jdk.internal.reflect.NativeMethodAccessorImpl.invoke0(Native Method)
	at java.base/jdk.internal.reflect.NativeMethodAccessorImpl.invoke(NativeMethodAccessorImpl.java:77)
	at java.base/jdk.internal.reflect.DelegatingMethodAccessorImpl.invoke(DelegatingMethodAccessorImpl.java:43)
)

26-05-2025T07:39:46 - [TEST_STEP][PASSED] - result = WriteToExcel(typeOfData, todaysDate, PercPlanR, PercPlanB, PercFactR, PercFactB, x, tabR, tabB, o1R, o1B, vidget): null

26-05-2025T07:39:46 - [TEST_STEP][PASSED] - iii = dZO.indexOf("/"): null

26-05-2025T07:39:46 - [TEST_STEP][PASSED] - println(iii): null

26-05-2025T07:39:46 - [TEST_STEP][PASSED] - if (iii > -1): null

26-05-2025T07:39:46 - [TEST_STEP][PASSED] - dZO = dZO.substring(0, iii): null

26-05-2025T07:39:46 - [TEST_STEP][PASSED] - println(dZO): null

26-05-2025T07:39:46 - [TEST_STEP][PASSED] - println(PercPlanR): null

26-05-2025T07:39:46 - [TEST_STEP][PASSED] - println(PercPlanB): null

26-05-2025T07:39:46 - [TEST_STEP][PASSED] - println(PercFactR): null

26-05-2025T07:39:46 - [TEST_STEP][PASSED] - println(PercFactB): null

26-05-2025T07:39:46 - [TEST_STEP][PASSED] - println(tabR): null

26-05-2025T07:39:46 - [TEST_STEP][PASSED] - println(tabB): null

26-05-2025T07:39:46 - [TEST_STEP][PASSED] - println(o1R): null

26-05-2025T07:39:46 - [TEST_STEP][PASSED] - println(o1B): null

26-05-2025T07:39:46 - [TEST_STEP][PASSED] - PR = <not implemented yet for class: org.codehaus.groovy.ast.expr.EmptyExpression>: null

26-05-2025T07:39:46 - [TEST_STEP][PASSED] - FR = <not implemented yet for class: org.codehaus.groovy.ast.expr.EmptyExpression>: null

26-05-2025T07:39:46 - [TEST_STEP][PASSED] - PB = <not implemented yet for class: org.codehaus.groovy.ast.expr.EmptyExpression>: null

26-05-2025T07:39:46 - [TEST_STEP][PASSED] - FB = <not implemented yet for class: org.codehaus.groovy.ast.expr.EmptyExpression>: null

26-05-2025T07:39:46 - [TEST_STEP][PASSED] - TR = <not implemented yet for class: org.codehaus.groovy.ast.expr.EmptyExpression>: null

26-05-2025T07:39:46 - [TEST_STEP][PASSED] - TB = <not implemented yet for class: org.codehaus.groovy.ast.expr.EmptyExpression>: null

26-05-2025T07:39:46 - [TEST_STEP][PASSED] - sheetName = "Sheet1": null

26-05-2025T07:39:46 - [TEST_STEP][PASSED] - data = findTestData("PlanFact"): null

26-05-2025T07:39:46 - [TEST_STEP][PASSED] - n = data.getRowNumbers() + 1: null

26-05-2025T07:39:46 - [TEST_STEP][PASSED] - day = ")).toInteger(): null

26-05-2025T07:39:46 - [TEST_STEP][PASSED] - println(day): null

26-05-2025T07:39:46 - [TEST_STEP][PASSED] - month = ")).toInteger(): null

26-05-2025T07:39:46 - [TEST_STEP][PASSED] - println(month): null

26-05-2025T07:39:46 - [TEST_STEP][PASSED] - y = length()).toInteger(): null

26-05-2025T07:39:46 - [TEST_STEP][PASSED] - if (month < 3 && day < 30): null

26-05-2025T07:39:46 - [TEST_STEP][PASSED] - println(y): null

26-05-2025T07:39:46 - [TEST_STEP][PASSED] - m = getText(findTestObject("Выполнение бизнес-плана/Выполнение бизнес-плана Балансы/Фильтр Дата")): Text of object 'Object Repository/Выполнение бизнес-плана/Выполнение бизнес-плана Балансы/Фильтр Дата' is: '1 кв. 2025 года'

26-05-2025T07:39:47 - [MESSAGE][PASSED] - Text of object 'Object Repository/Выполнение бизнес-плана/Выполнение бизнес-плана Балансы/Фильтр Дата' is: '1 кв. 2025 года'

26-05-2025T07:39:47 - [TEST_STEP][PASSED] - if (toString().length() == 4): null

26-05-2025T07:39:47 - [TEST_STEP][PASSED] - m = m.substring(0, m.indexOf(y.toString())): null

26-05-2025T07:39:47 - [TEST_STEP][PASSED] - m = m.trim(): null

26-05-2025T07:39:47 - [TEST_STEP][PASSED] - if (m == ""): null

26-05-2025T07:39:47 - [TEST_STEP][PASSED] - dashboardName = "Выполнение бизнес-плана": null

26-05-2025T07:39:47 - [TEST_STEP][PASSED] - workbook01 = getWorkbook(excelFilePath): null

26-05-2025T07:39:47 - [TEST_STEP][PASSED] - sheet01 = getExcelSheet(workbook01, sheetName): null

26-05-2025T07:39:47 - [TEST_STEP][PASSED] - setValueToCellByIndex(sheet01, n, 0, dashboardName): null

26-05-2025T07:39:47 - [TEST_STEP][PASSED] - setValueToCellByIndex(sheet01, n, 1, dZO): null

26-05-2025T07:39:47 - [TEST_STEP][PASSED] - setValueToCellByIndex(sheet01, n, 2, typeOfData): null

26-05-2025T07:39:47 - [TEST_STEP][PASSED] - setValueToCellByIndex(sheet01, n, 3, typeOfData): null

26-05-2025T07:39:47 - [TEST_STEP][PASSED] - if (typeOfData == "План"): null

26-05-2025T07:39:47 - [TEST_STEP][PASSED] - else if (typeOfData == "Факт"): null

26-05-2025T07:39:47 - [TEST_STEP][PASSED] - else if (vidget.contains("электроэнергии") == true): null

26-05-2025T07:39:47 - [TEST_STEP][PASSED] - if (tabR == null): null

26-05-2025T07:39:47 - [TEST_STEP][PASSED] - else: null

26-05-2025T07:39:47 - [TEST_STEP][PASSED] - if (tabR == "нет данных"): null

26-05-2025T07:39:47 - [TEST_STEP][PASSED] - else: null

26-05-2025T07:39:47 - [TEST_STEP][PASSED] - TR = tabR.toInteger(): null

26-05-2025T07:39:47 - [TEST_STEP][PASSED] - setValueToCellByIndex(sheet01, n, 4, TR): null

26-05-2025T07:39:47 - [TEST_STEP][PASSED] - if (tabB == null): null

26-05-2025T07:39:47 - [TEST_STEP][PASSED] - else: null

26-05-2025T07:39:47 - [TEST_STEP][PASSED] - if (tabB == "нет данных"): null

26-05-2025T07:39:47 - [TEST_STEP][PASSED] - else: null

26-05-2025T07:39:47 - [TEST_STEP][PASSED] - TB = tabB.toInteger(): null

26-05-2025T07:39:47 - [TEST_STEP][PASSED] - setValueToCellByIndex(sheet01, n, 5, TB): null

26-05-2025T07:39:47 - [TEST_STEP][PASSED] - setValueToCellByIndex(sheet01, n, 6, m): null

26-05-2025T07:39:47 - [TEST_STEP][PASSED] - setValueToCellByIndex(sheet01, n, 7, y): null

26-05-2025T07:39:47 - [TEST_STEP][PASSED] - setValueToCellByIndex(sheet01, n, 8, todaysDate): null

26-05-2025T07:39:47 - [TEST_STEP][PASSED] - n = n + 1: null

26-05-2025T07:39:47 - [TEST_STEP][FAILED] - saveWorkbook(excelFilePath, workbook01): null

26-05-2025T07:39:47 - [TEST_STEP][PASSED] - ii2 = a.indexOf("ПАО"): null

26-05-2025T07:39:47 - [TEST_STEP][PASSED] - if (ii2 == -1): null

26-05-2025T07:39:47 - [TEST_STEP][PASSED] - if (verifyEqual(fR, fB) == false): Actual object 'Россети ФСК ЕЭС/3.79/3.84/164602454/158511723/6090730/167925540/161793849/6131691/-1.52' and expected object 'Россети ФСК ЕЭС/3.79/3.84/164602454/158511723/6090730/167925540/161793849/6131691/-1.52' are equal

26-05-2025T07:39:47 - [MESSAGE][PASSED] - Actual object 'Россети ФСК ЕЭС/3.79/3.84/164602454/158511723/6090730/167925540/161793849/6131691/-1.52' and expected object 'Россети ФСК ЕЭС/3.79/3.84/164602454/158511723/6090730/167925540/161793849/6131691/-1.52' are equal

26-05-2025T07:39:47 - [TEST_STEP][PASSED] - if (verifyEqual(tyR, tyB) == false): Actual object 'АО "Тываэнерго"/нет данных/нет данных/нет данных/нет данных/нет данных/нет данных/нет данных/нет данных/нет данных' and expected object 'АО "Тываэнерго"/нет данных/нет данных/нет данных/нет данных/нет данных/нет данных/нет данных/нет данных/нет данных' are equal

26-05-2025T07:39:47 - [MESSAGE][PASSED] - Actual object 'АО "Тываэнерго"/нет данных/нет данных/нет данных/нет данных/нет данных/нет данных/нет данных/нет данных/нет данных' and expected object 'АО "Тываэнерго"/нет данных/нет данных/нет данных/нет данных/нет данных/нет данных/нет данных/нет данных/нет данных' are equal

26-05-2025T07:39:47 - [TEST_STEP][PASSED] - if (verifyEqual(chR, chB) == false): Actual object 'Чеченэнергонет данных/нет данных/нет данных/нет данных/нет данных/нет данных/нет данных/нет данных/нет данных' and expected object 'Чеченэнергонет данных/нет данных/нет данных/нет данных/нет данных/нет данных/нет данных/нет данных/нет данных' are equal

26-05-2025T07:39:47 - [MESSAGE][PASSED] - Actual object 'Чеченэнергонет данных/нет данных/нет данных/нет данных/нет данных/нет данных/нет данных/нет данных/нет данных' and expected object 'Чеченэнергонет данных/нет данных/нет данных/нет данных/нет данных/нет данных/нет данных/нет данных/нет данных' are equal

26-05-2025T07:39:47 - [TEST_STEP][PASSED] - if (verifyEqual(vR, vB) == false): Actual object 'Россети Волга/7.22/6.22/4949974/4641851/308123/5172896/4799582/373314/-1.52' and expected object 'Россети Волга/7.22/6.22/4949974/4641851/308123/5172896/4799582/373314/-1.52' are equal

26-05-2025T07:39:47 - [MESSAGE][PASSED] - Actual object 'Россети Волга/7.22/6.22/4949974/4641851/308123/5172896/4799582/373314/-1.52' and expected object 'Россети Волга/7.22/6.22/4949974/4641851/308123/5172896/4799582/373314/-1.52' are equal

26-05-2025T07:39:47 - [TEST_STEP][PASSED] - if (verifyEqual(kR, kB) == false): Actual object 'Россети Кубань/нет данных/нет данных/нет данных/нет данных/нет данных/нет данных/нет данных/нет данных/нет данных' and expected object 'Россети Кубань/нет данных/нет данных/нет данных/нет данных/нет данных/нет данных/нет данных/нет данных/нет данных' are equal

26-05-2025T07:39:47 - [MESSAGE][PASSED] - Actual object 'Россети Кубань/нет данных/нет данных/нет данных/нет данных/нет данных/нет данных/нет данных/нет данных/нет данных' and expected object 'Россети Кубань/нет данных/нет данных/нет данных/нет данных/нет данных/нет данных/нет данных/нет данных/нет данных' are equal

26-05-2025T07:39:47 - [TEST_STEP][PASSED] - if (verifyEqual(lR, lB) == false): Actual object 'Россети Ленэнерго (ГК)/нет данных/нет данных/нет данных/нет данных/нет данных/нет данных/нет данных/нет данных/нет данных' and expected object 'Россети Ленэнерго (ГК)/нет данных/нет данных/нет данных/нет данных/нет данных/нет данных/нет данных/нет данных/нет данных' are equal

26-05-2025T07:39:47 - [MESSAGE][PASSED] - Actual object 'Россети Ленэнерго (ГК)/нет данных/нет данных/нет данных/нет данных/нет данных/нет данных/нет данных/нет данных/нет данных' and expected object 'Россети Ленэнерго (ГК)/нет данных/нет данных/нет данных/нет данных/нет данных/нет данных/нет данных/нет данных/нет данных' are equal

26-05-2025T07:39:47 - [TEST_STEP][PASSED] - if (verifyEqual(mR, mB) == false): Actual object 'Россети Московский регион/9.39/9.00/28695297/26113910/2581387/30256406/27414523/2841883/-1.52' and expected object 'Россети Московский регион/9.39/9.00/28695297/26113910/2581387/30256406/27414523/2841883/-1.52' are equal

26-05-2025T07:39:47 - [MESSAGE][PASSED] - Actual object 'Россети Московский регион/9.39/9.00/28695297/26113910/2581387/30256406/27414523/2841883/-1.52' and expected object 'Россети Московский регион/9.39/9.00/28695297/26113910/2581387/30256406/27414523/2841883/-1.52' are equal

26-05-2025T07:39:47 - [TEST_STEP][PASSED] - if (verifyEqual(sKR, sKB) == false): Actual object 'Россети Северный Кавказ (ГК)/нет данных/нет данных/нет данных/нет данных/нет данных/нет данных/нет данных/нет данных/нет данных' and expected object 'Россети Северный Кавказ (ГК)/нет данных/нет данных/нет данных/нет данных/нет данных/нет данных/нет данных/нет данных/нет данных' are equal

26-05-2025T07:39:47 - [MESSAGE][PASSED] - Actual object 'Россети Северный Кавказ (ГК)/нет данных/нет данных/нет данных/нет данных/нет данных/нет данных/нет данных/нет данных/нет данных' and expected object 'Россети Северный Кавказ (ГК)/нет данных/нет данных/нет данных/нет данных/нет данных/нет данных/нет данных/нет данных/нет данных' are equal

26-05-2025T07:39:47 - [TEST_STEP][PASSED] - if (verifyEqual(sZR, sZB) == false): Actual object 'Россети Северо-Запад/6.73/5.22/6258254/5931711/326542/6540566/6100575/439991/-1.52' and expected object 'Россети Северо-Запад/6.73/5.22/6258254/5931711/326542/6540566/6100575/439991/-1.52' are equal

26-05-2025T07:39:47 - [MESSAGE][PASSED] - Actual object 'Россети Северо-Запад/6.73/5.22/6258254/5931711/326542/6540566/6100575/439991/-1.52' and expected object 'Россети Северо-Запад/6.73/5.22/6258254/5931711/326542/6540566/6100575/439991/-1.52' are equal

26-05-2025T07:39:47 - [TEST_STEP][PASSED] - if (verifyEqual(siR, siB) == false): Actual object 'Россети Сибирь (ГК)/нет данных/нет данных/нет данных/нет данных/нет данных/нет данных/нет данных/нет данных/нет данных' and expected object 'Россети Сибирь (ГК)/нет данных/нет данных/нет данных/нет данных/нет данных/нет данных/нет данных/нет данных/нет данных' are equal

26-05-2025T07:39:47 - [MESSAGE][PASSED] - Actual object 'Россети Сибирь (ГК)/нет данных/нет данных/нет данных/нет данных/нет данных/нет данных/нет данных/нет данных/нет данных' and expected object 'Россети Сибирь (ГК)/нет данных/нет данных/нет данных/нет данных/нет данных/нет данных/нет данных/нет данных/нет данных' are equal

26-05-2025T07:39:47 - [TEST_STEP][PASSED] - if (verifyEqual(tomR, tomB) == false): Actual object 'Россети Томск/10.74/10.55/1364454/1220439/144015/1428476/1275060/153416/-1.52' and expected object 'Россети Томск/10.74/10.55/1364454/1220439/144015/1428476/1275060/153416/-1.52' are equal

26-05-2025T07:39:47 - [MESSAGE][PASSED] - Actual object 'Россети Томск/10.74/10.55/1364454/1220439/144015/1428476/1275060/153416/-1.52' and expected object 'Россети Томск/10.74/10.55/1364454/1220439/144015/1428476/1275060/153416/-1.52' are equal

26-05-2025T07:39:47 - [TEST_STEP][PASSED] - if (verifyEqual(tyumR, tyumB) == false): Actual object 'Россети Тюмень/нет данных/нет данных/нет данных/нет данных/нет данных/нет данных/нет данных/нет данных/нет данных' and expected object 'Россети Тюмень/нет данных/нет данных/нет данных/нет данных/нет данных/нет данных/нет данных/нет данных/нет данных' are equal

26-05-2025T07:39:47 - [MESSAGE][PASSED] - Actual object 'Россети Тюмень/нет данных/нет данных/нет данных/нет данных/нет данных/нет данных/нет данных/нет данных/нет данных' and expected object 'Россети Тюмень/нет данных/нет данных/нет данных/нет данных/нет данных/нет данных/нет данных/нет данных/нет данных' are equal

26-05-2025T07:39:47 - [TEST_STEP][FAILED] - if (verifyEqual(urR, urB) == false): null

26-05-2025T07:39:47 - [MESSAGE][FAILED] - Unable to verify equal between actual object 'Россети Урал (ГК)/6.88/6.63/19698947/18393144/1305803/20275424/18880336/1395088/-1.52' and expected object 'Россети Урал (ГК)/6.88/6.63/19698947/18393144/1305803/20275424/18878242/1397182/-1.52' (Root cause: com.kms.katalon.core.exception.StepFailedException: Actual object 'Россети Урал (ГК)/6.88/6.63/19698947/18393144/1305803/20275424/18880336/1395088/-1.52' and expected object 'Россети Урал (ГК)/6.88/6.63/19698947/18393144/1305803/20275424/18878242/1397182/-1.52' are not equal
	at com.kms.katalon.core.keyword.builtin.VerifyEqualKeyword$_verifyEqual_closure1.doCall(VerifyEqualKeyword.groovy:58)
	at com.kms.katalon.core.keyword.builtin.VerifyEqualKeyword$_verifyEqual_closure1.call(VerifyEqualKeyword.groovy)
	at com.kms.katalon.core.keyword.internal.KeywordMain.runKeyword(KeywordMain.groovy:75)
	at com.kms.katalon.core.keyword.builtin.VerifyEqualKeyword.verifyEqual(VerifyEqualKeyword.groovy:63)
	at com.kms.katalon.core.keyword.builtin.VerifyEqualKeyword.execute(VerifyEqualKeyword.groovy:44)
	at com.kms.katalon.core.keyword.internal.KeywordExecutor.executeKeywordForPlatform(KeywordExecutor.groovy:74)
	at com.kms.katalon.core.keyword.BuiltinKeywords.verifyEqual(BuiltinKeywords.groovy:146)
	at jdk.internal.reflect.GeneratedMethodAccessor23.invoke(Unknown Source)
	at java.base/jdk.internal.reflect.DelegatingMethodAccessorImpl.invoke(DelegatingMethodAccessorImpl.java:43)
	at Выполнение бизнес-плана сверка дашбордов.run(Выполнение бизнес-плана сверка дашбордов:642)
	at com.kms.katalon.core.main.ScriptEngine.run(ScriptEngine.java:194)
	at com.kms.katalon.core.main.ScriptEngine.runScriptAsRawText(ScriptEngine.java:119)
	at com.kms.katalon.core.main.TestCaseExecutor.runScript(TestCaseExecutor.java:448)
	at com.kms.katalon.core.main.TestCaseExecutor.doExecute(TestCaseExecutor.java:439)
	at com.kms.katalon.core.main.TestCaseExecutor.processExecutionPhase(TestCaseExecutor.java:418)
	at com.kms.katalon.core.main.TestCaseExecutor.accessMainPhase(TestCaseExecutor.java:410)
	at com.kms.katalon.core.main.TestCaseExecutor.execute(TestCaseExecutor.java:285)
	at com.kms.katalon.core.common.CommonExecutor.accessTestCaseMainPhase(CommonExecutor.java:65)
	at com.kms.katalon.core.main.TestSuiteExecutor.accessTestSuiteMainPhase(TestSuiteExecutor.java:150)
	at com.kms.katalon.core.main.TestSuiteExecutor.execute(TestSuiteExecutor.java:106)
	at com.kms.katalon.core.main.TestCaseMain.startTestSuite(TestCaseMain.java:180)
	at TempTestSuite1748228991768.run(TempTestSuite1748228991768.groovy:35)
	at java.base/jdk.internal.reflect.NativeMethodAccessorImpl.invoke0(Native Method)
	at java.base/jdk.internal.reflect.NativeMethodAccessorImpl.invoke(NativeMethodAccessorImpl.java:77)
	at java.base/jdk.internal.reflect.DelegatingMethodAccessorImpl.invoke(DelegatingMethodAccessorImpl.java:43)
)

26-05-2025T07:39:47 - [TEST_STEP][PASSED] - result = CompareDZOData(a = urR, b = urB, dZO, typeOfData, PercPlanR, PercPlanB, PercFactR, PercFactB, todaysDate, x, vidget, tabR, tabB, o1R, o1B): null

26-05-2025T07:39:47 - [TEST_STEP][PASSED] - ii2 = <not implemented yet for class: org.codehaus.groovy.ast.expr.EmptyExpression>: null

26-05-2025T07:39:47 - [TEST_STEP][FAILED] - if (verifyEqual(a, b) == false): null

26-05-2025T07:39:47 - [MESSAGE][FAILED] - Unable to verify equal between actual object 'Россети Урал (ГК)/6.88/6.63/19698947/18393144/1305803/20275424/18880336/1395088/-1.52' and expected object 'Россети Урал (ГК)/6.88/6.63/19698947/18393144/1305803/20275424/18878242/1397182/-1.52' (Root cause: com.kms.katalon.core.exception.StepFailedException: Actual object 'Россети Урал (ГК)/6.88/6.63/19698947/18393144/1305803/20275424/18880336/1395088/-1.52' and expected object 'Россети Урал (ГК)/6.88/6.63/19698947/18393144/1305803/20275424/18878242/1397182/-1.52' are not equal
	at com.kms.katalon.core.keyword.builtin.VerifyEqualKeyword$_verifyEqual_closure1.doCall(VerifyEqualKeyword.groovy:58)
	at com.kms.katalon.core.keyword.builtin.VerifyEqualKeyword$_verifyEqual_closure1.call(VerifyEqualKeyword.groovy)
	at com.kms.katalon.core.keyword.internal.KeywordMain.runKeyword(KeywordMain.groovy:75)
	at com.kms.katalon.core.keyword.builtin.VerifyEqualKeyword.verifyEqual(VerifyEqualKeyword.groovy:63)
	at com.kms.katalon.core.keyword.builtin.VerifyEqualKeyword.execute(VerifyEqualKeyword.groovy:44)
	at com.kms.katalon.core.keyword.internal.KeywordExecutor.executeKeywordForPlatform(KeywordExecutor.groovy:74)
	at com.kms.katalon.core.keyword.BuiltinKeywords.verifyEqual(BuiltinKeywords.groovy:146)
	at jdk.internal.reflect.GeneratedMethodAccessor23.invoke(Unknown Source)
	at java.base/jdk.internal.reflect.DelegatingMethodAccessorImpl.invoke(DelegatingMethodAccessorImpl.java:43)
	at Выполнение бизнес-плана сверка дашбордов.CompareDZOData(Выполнение бизнес-плана сверка дашбордов:673)
	at Выполнение бизнес-плана сверка дашбордов.run(Выполнение бизнес-плана сверка дашбордов:643)
	at com.kms.katalon.core.main.ScriptEngine.run(ScriptEngine.java:194)
	at com.kms.katalon.core.main.ScriptEngine.runScriptAsRawText(ScriptEngine.java:119)
	at com.kms.katalon.core.main.TestCaseExecutor.runScript(TestCaseExecutor.java:448)
	at com.kms.katalon.core.main.TestCaseExecutor.doExecute(TestCaseExecutor.java:439)
	at com.kms.katalon.core.main.TestCaseExecutor.processExecutionPhase(TestCaseExecutor.java:418)
	at com.kms.katalon.core.main.TestCaseExecutor.accessMainPhase(TestCaseExecutor.java:410)
	at com.kms.katalon.core.main.TestCaseExecutor.execute(TestCaseExecutor.java:285)
	at com.kms.katalon.core.common.CommonExecutor.accessTestCaseMainPhase(CommonExecutor.java:65)
	at com.kms.katalon.core.main.TestSuiteExecutor.accessTestSuiteMainPhase(TestSuiteExecutor.java:150)
	at com.kms.katalon.core.main.TestSuiteExecutor.execute(TestSuiteExecutor.java:106)
	at com.kms.katalon.core.main.TestCaseMain.startTestSuite(TestCaseMain.java:180)
	at TempTestSuite1748228991768.run(TempTestSuite1748228991768.groovy:35)
	at java.base/jdk.internal.reflect.NativeMethodAccessorImpl.invoke0(Native Method)
	at java.base/jdk.internal.reflect.NativeMethodAccessorImpl.invoke(NativeMethodAccessorImpl.java:77)
	at java.base/jdk.internal.reflect.DelegatingMethodAccessorImpl.invoke(DelegatingMethodAccessorImpl.java:43)
)

26-05-2025T07:39:47 - [TEST_STEP][PASSED] - vidget = "Уровень потерь электроэнергии": null

26-05-2025T07:39:47 - [TEST_STEP][PASSED] - typeOfData = "План": null

26-05-2025T07:39:47 - [TEST_STEP][PASSED] - PercPlanR = GetPercPlanR(x = a): null

26-05-2025T07:39:47 - [TEST_STEP][PASSED] - i1 = <not implemented yet for class: org.codehaus.groovy.ast.expr.EmptyExpression>: null

26-05-2025T07:39:47 - [TEST_STEP][PASSED] - i1 = x.indexOf("/") + 1: null

26-05-2025T07:39:47 - [TEST_STEP][PASSED] - if (i1 > -1): null

26-05-2025T07:39:47 - [TEST_STEP][PASSED] - x = x.substring(i1, x.length()): null

26-05-2025T07:39:47 - [TEST_STEP][PASSED] - i1 = x.indexOf("/"): null

26-05-2025T07:39:47 - [TEST_STEP][PASSED] - if (i1 > -1): null

26-05-2025T07:39:47 - [TEST_STEP][PASSED] - x = x.substring(0, i1): null

26-05-2025T07:39:47 - [TEST_STEP][PASSED] - return x: null

26-05-2025T07:39:47 - [TEST_STEP][PASSED] - PercPlanB = GetPercPlanB(x = b): null

26-05-2025T07:39:47 - [TEST_STEP][PASSED] - i1 = <not implemented yet for class: org.codehaus.groovy.ast.expr.EmptyExpression>: null

26-05-2025T07:39:47 - [TEST_STEP][PASSED] - i1 = x.indexOf("/") + 1: null

26-05-2025T07:39:47 - [TEST_STEP][PASSED] - if (i1 > -1): null

26-05-2025T07:39:47 - [TEST_STEP][PASSED] - x = x.substring(i1, x.length()): null

26-05-2025T07:39:47 - [TEST_STEP][PASSED] - i1 = x.indexOf("/"): null

26-05-2025T07:39:47 - [TEST_STEP][PASSED] - if (i1 > -1): null

26-05-2025T07:39:47 - [TEST_STEP][PASSED] - x = x.substring(0, i1): null

26-05-2025T07:39:47 - [TEST_STEP][PASSED] - return x: null

26-05-2025T07:39:47 - [TEST_STEP][PASSED] - if (verifyEqual(PercPlanR, PercPlanB) == false): Actual object '6.88' and expected object '6.88' are equal

26-05-2025T07:39:47 - [MESSAGE][PASSED] - Actual object '6.88' and expected object '6.88' are equal

26-05-2025T07:39:47 - [TEST_STEP][PASSED] - typeOfData = "Факт": null

26-05-2025T07:39:47 - [TEST_STEP][PASSED] - PercFactR = GetPercFactR(x = a): null

26-05-2025T07:39:47 - [TEST_STEP][PASSED] - i1 = <not implemented yet for class: org.codehaus.groovy.ast.expr.EmptyExpression>: null

26-05-2025T07:39:47 - [TEST_STEP][PASSED] - ii = <not implemented yet for class: org.codehaus.groovy.ast.expr.EmptyExpression>: null

26-05-2025T07:39:47 - [TEST_STEP][PASSED] - for ([ii = 1, ii < 3, (ii++)]): null

26-05-2025T07:39:47 - [TEST_STEP][PASSED] - i1 = x.indexOf("/") + 1: null

26-05-2025T07:39:47 - [TEST_STEP][PASSED] - if (i1 > -1): null

26-05-2025T07:39:47 - [TEST_STEP][PASSED] - x = x.substring(i1, x.length()): null

26-05-2025T07:39:47 - [TEST_STEP][PASSED] - println(x): null

26-05-2025T07:39:47 - [TEST_STEP][PASSED] - i1 = x.indexOf("/") + 1: null

26-05-2025T07:39:47 - [TEST_STEP][PASSED] - if (i1 > -1): null

26-05-2025T07:39:47 - [TEST_STEP][PASSED] - x = x.substring(i1, x.length()): null

26-05-2025T07:39:47 - [TEST_STEP][PASSED] - println(x): null

26-05-2025T07:39:47 - [TEST_STEP][PASSED] - i1 = x.indexOf("/"): null

26-05-2025T07:39:47 - [TEST_STEP][PASSED] - if (i1 > -1): null

26-05-2025T07:39:47 - [TEST_STEP][PASSED] - x = x.substring(0, i1): null

26-05-2025T07:39:47 - [TEST_STEP][PASSED] - println(x): null

26-05-2025T07:39:47 - [TEST_STEP][PASSED] - return x: null

26-05-2025T07:39:47 - [TEST_STEP][PASSED] - PercFactB = GetPercFactB(x = b): null

26-05-2025T07:39:47 - [TEST_STEP][PASSED] - i1 = <not implemented yet for class: org.codehaus.groovy.ast.expr.EmptyExpression>: null

26-05-2025T07:39:47 - [TEST_STEP][PASSED] - ii = <not implemented yet for class: org.codehaus.groovy.ast.expr.EmptyExpression>: null

26-05-2025T07:39:47 - [TEST_STEP][PASSED] - for ([ii = 1, ii < 3, (ii++)]): null

26-05-2025T07:39:47 - [TEST_STEP][PASSED] - i1 = x.indexOf("/") + 1: null

26-05-2025T07:39:47 - [TEST_STEP][PASSED] - if (i1 > -1): null

26-05-2025T07:39:47 - [TEST_STEP][PASSED] - x = x.substring(i1, x.length()): null

26-05-2025T07:39:47 - [TEST_STEP][PASSED] - println(x): null

26-05-2025T07:39:47 - [TEST_STEP][PASSED] - i1 = x.indexOf("/") + 1: null

26-05-2025T07:39:47 - [TEST_STEP][PASSED] - if (i1 > -1): null

26-05-2025T07:39:47 - [TEST_STEP][PASSED] - x = x.substring(i1, x.length()): null

26-05-2025T07:39:47 - [TEST_STEP][PASSED] - println(x): null

26-05-2025T07:39:47 - [TEST_STEP][PASSED] - i1 = x.indexOf("/"): null

26-05-2025T07:39:47 - [TEST_STEP][PASSED] - if (i1 > -1): null

26-05-2025T07:39:47 - [TEST_STEP][PASSED] - x = x.substring(0, i1): null

26-05-2025T07:39:47 - [TEST_STEP][PASSED] - println(x): null

26-05-2025T07:39:47 - [TEST_STEP][PASSED] - return x: null

26-05-2025T07:39:47 - [TEST_STEP][PASSED] - if (verifyEqual(PercFactR, PercFactB) == false): Actual object '6.63' and expected object '6.63' are equal

26-05-2025T07:39:47 - [MESSAGE][PASSED] - Actual object '6.63' and expected object '6.63' are equal

26-05-2025T07:39:47 - [TEST_STEP][PASSED] - vidget = "Показатели баланса электроэнергии по ДЗО – Факт": null

26-05-2025T07:39:47 - [TEST_STEP][PASSED] - typeOfData = "Факт Отпуск в сеть": null

26-05-2025T07:39:47 - [TEST_STEP][PASSED] - tabR = GetOvSFactR(x = a): null

26-05-2025T07:39:47 - [TEST_STEP][PASSED] - i1 = <not implemented yet for class: org.codehaus.groovy.ast.expr.EmptyExpression>: null

26-05-2025T07:39:47 - [TEST_STEP][PASSED] - ii = <not implemented yet for class: org.codehaus.groovy.ast.expr.EmptyExpression>: null

26-05-2025T07:39:47 - [TEST_STEP][PASSED] - for ([ii = 1, ii < 4, (ii++)]): null

26-05-2025T07:39:47 - [TEST_STEP][PASSED] - i1 = x.indexOf("/") + 1: null

26-05-2025T07:39:47 - [TEST_STEP][PASSED] - if (i1 > -1): null

26-05-2025T07:39:47 - [TEST_STEP][PASSED] - x = x.substring(i1, x.length()): null

26-05-2025T07:39:47 - [TEST_STEP][PASSED] - println(x): null

26-05-2025T07:39:47 - [TEST_STEP][PASSED] - i1 = x.indexOf("/") + 1: null

26-05-2025T07:39:47 - [TEST_STEP][PASSED] - if (i1 > -1): null

26-05-2025T07:39:47 - [TEST_STEP][PASSED] - x = x.substring(i1, x.length()): null

26-05-2025T07:39:47 - [TEST_STEP][PASSED] - println(x): null

26-05-2025T07:39:47 - [TEST_STEP][PASSED] - i1 = x.indexOf("/") + 1: null

26-05-2025T07:39:47 - [TEST_STEP][PASSED] - if (i1 > -1): null

26-05-2025T07:39:47 - [TEST_STEP][PASSED] - x = x.substring(i1, x.length()): null

26-05-2025T07:39:47 - [TEST_STEP][PASSED] - println(x): null

26-05-2025T07:39:47 - [TEST_STEP][PASSED] - i1 = x.indexOf("/"): null

26-05-2025T07:39:47 - [TEST_STEP][PASSED] - if (i1 > -1): null

26-05-2025T07:39:47 - [TEST_STEP][PASSED] - x = x.substring(0, i1): null

26-05-2025T07:39:47 - [TEST_STEP][PASSED] - println(x): null

26-05-2025T07:39:47 - [TEST_STEP][PASSED] - return x: null

26-05-2025T07:39:47 - [TEST_STEP][PASSED] - tabB = GetOvSFactB(x = b): null

26-05-2025T07:39:47 - [TEST_STEP][PASSED] - i1 = <not implemented yet for class: org.codehaus.groovy.ast.expr.EmptyExpression>: null

26-05-2025T07:39:47 - [TEST_STEP][PASSED] - ii = <not implemented yet for class: org.codehaus.groovy.ast.expr.EmptyExpression>: null

26-05-2025T07:39:47 - [TEST_STEP][PASSED] - for ([ii = 1, ii < 4, (ii++)]): null

26-05-2025T07:39:47 - [TEST_STEP][PASSED] - i1 = x.indexOf("/") + 1: null

26-05-2025T07:39:47 - [TEST_STEP][PASSED] - if (i1 > -1): null

26-05-2025T07:39:47 - [TEST_STEP][PASSED] - x = x.substring(i1, x.length()): null

26-05-2025T07:39:47 - [TEST_STEP][PASSED] - println(x): null

26-05-2025T07:39:47 - [TEST_STEP][PASSED] - i1 = x.indexOf("/") + 1: null

26-05-2025T07:39:47 - [TEST_STEP][PASSED] - if (i1 > -1): null

26-05-2025T07:39:47 - [TEST_STEP][PASSED] - x = x.substring(i1, x.length()): null

26-05-2025T07:39:47 - [TEST_STEP][PASSED] - println(x): null

26-05-2025T07:39:47 - [TEST_STEP][PASSED] - i1 = x.indexOf("/") + 1: null

26-05-2025T07:39:47 - [TEST_STEP][PASSED] - if (i1 > -1): null

26-05-2025T07:39:47 - [TEST_STEP][PASSED] - x = x.substring(i1, x.length()): null

26-05-2025T07:39:47 - [TEST_STEP][PASSED] - println(x): null

26-05-2025T07:39:47 - [TEST_STEP][PASSED] - i1 = x.indexOf("/"): null

26-05-2025T07:39:47 - [TEST_STEP][PASSED] - if (i1 > -1): null

26-05-2025T07:39:47 - [TEST_STEP][PASSED] - x = x.substring(0, i1): null

26-05-2025T07:39:47 - [TEST_STEP][PASSED] - println(x): null

26-05-2025T07:39:47 - [TEST_STEP][PASSED] - return x: null

26-05-2025T07:39:47 - [TEST_STEP][PASSED] - if (verifyEqual(tabR, tabB) == false): Actual object '19698947' and expected object '19698947' are equal

26-05-2025T07:39:47 - [MESSAGE][PASSED] - Actual object '19698947' and expected object '19698947' are equal

26-05-2025T07:39:47 - [TEST_STEP][PASSED] - typeOfData = "Факт Отпуск из сети": null

26-05-2025T07:39:47 - [TEST_STEP][PASSED] - tabR = GetOiSFactR(x = a): null

26-05-2025T07:39:47 - [TEST_STEP][PASSED] - i1 = <not implemented yet for class: org.codehaus.groovy.ast.expr.EmptyExpression>: null

26-05-2025T07:39:47 - [TEST_STEP][PASSED] - ii = <not implemented yet for class: org.codehaus.groovy.ast.expr.EmptyExpression>: null

26-05-2025T07:39:47 - [TEST_STEP][PASSED] - for ([ii = 1, ii < 5, (ii++)]): null

26-05-2025T07:39:47 - [TEST_STEP][PASSED] - i1 = x.indexOf("/") + 1: null

26-05-2025T07:39:47 - [TEST_STEP][PASSED] - if (i1 > -1): null

26-05-2025T07:39:47 - [TEST_STEP][PASSED] - x = x.substring(i1, x.length()): null

26-05-2025T07:39:47 - [TEST_STEP][PASSED] - println(x): null

26-05-2025T07:39:47 - [TEST_STEP][PASSED] - i1 = x.indexOf("/") + 1: null

26-05-2025T07:39:47 - [TEST_STEP][PASSED] - if (i1 > -1): null

26-05-2025T07:39:47 - [TEST_STEP][PASSED] - x = x.substring(i1, x.length()): null

26-05-2025T07:39:47 - [TEST_STEP][PASSED] - println(x): null

26-05-2025T07:39:47 - [TEST_STEP][PASSED] - i1 = x.indexOf("/") + 1: null

26-05-2025T07:39:47 - [TEST_STEP][PASSED] - if (i1 > -1): null

26-05-2025T07:39:47 - [TEST_STEP][PASSED] - x = x.substring(i1, x.length()): null

26-05-2025T07:39:47 - [TEST_STEP][PASSED] - println(x): null

26-05-2025T07:39:47 - [TEST_STEP][PASSED] - i1 = x.indexOf("/") + 1: null

26-05-2025T07:39:47 - [TEST_STEP][PASSED] - if (i1 > -1): null

26-05-2025T07:39:47 - [TEST_STEP][PASSED] - x = x.substring(i1, x.length()): null

26-05-2025T07:39:47 - [TEST_STEP][PASSED] - println(x): null

26-05-2025T07:39:47 - [TEST_STEP][PASSED] - i1 = x.indexOf("/"): null

26-05-2025T07:39:47 - [TEST_STEP][PASSED] - if (i1 > -1): null

26-05-2025T07:39:47 - [TEST_STEP][PASSED] - x = x.substring(0, i1): null

26-05-2025T07:39:47 - [TEST_STEP][PASSED] - println(x): null

26-05-2025T07:39:47 - [TEST_STEP][PASSED] - return x: null

26-05-2025T07:39:47 - [TEST_STEP][PASSED] - tabB = GetOiSFactB(x = b): null

26-05-2025T07:39:47 - [TEST_STEP][PASSED] - i1 = <not implemented yet for class: org.codehaus.groovy.ast.expr.EmptyExpression>: null

26-05-2025T07:39:47 - [TEST_STEP][PASSED] - ii = <not implemented yet for class: org.codehaus.groovy.ast.expr.EmptyExpression>: null

26-05-2025T07:39:47 - [TEST_STEP][PASSED] - for ([ii = 1, ii < 5, (ii++)]): null

26-05-2025T07:39:47 - [TEST_STEP][PASSED] - i1 = x.indexOf("/") + 1: null

26-05-2025T07:39:47 - [TEST_STEP][PASSED] - if (i1 > -1): null

26-05-2025T07:39:47 - [TEST_STEP][PASSED] - x = x.substring(i1, x.length()): null

26-05-2025T07:39:47 - [TEST_STEP][PASSED] - println(x): null

26-05-2025T07:39:47 - [TEST_STEP][PASSED] - i1 = x.indexOf("/") + 1: null

26-05-2025T07:39:47 - [TEST_STEP][PASSED] - if (i1 > -1): null

26-05-2025T07:39:47 - [TEST_STEP][PASSED] - x = x.substring(i1, x.length()): null

26-05-2025T07:39:47 - [TEST_STEP][PASSED] - println(x): null

26-05-2025T07:39:47 - [TEST_STEP][PASSED] - i1 = x.indexOf("/") + 1: null

26-05-2025T07:39:47 - [TEST_STEP][PASSED] - if (i1 > -1): null

26-05-2025T07:39:47 - [TEST_STEP][PASSED] - x = x.substring(i1, x.length()): null

26-05-2025T07:39:47 - [TEST_STEP][PASSED] - println(x): null

26-05-2025T07:39:47 - [TEST_STEP][PASSED] - i1 = x.indexOf("/") + 1: null

26-05-2025T07:39:47 - [TEST_STEP][PASSED] - if (i1 > -1): null

26-05-2025T07:39:47 - [TEST_STEP][PASSED] - x = x.substring(i1, x.length()): null

26-05-2025T07:39:47 - [TEST_STEP][PASSED] - println(x): null

26-05-2025T07:39:47 - [TEST_STEP][PASSED] - i1 = x.indexOf("/"): null

26-05-2025T07:39:47 - [TEST_STEP][PASSED] - if (i1 > -1): null

26-05-2025T07:39:47 - [TEST_STEP][PASSED] - x = x.substring(0, i1): null

26-05-2025T07:39:47 - [TEST_STEP][PASSED] - println(x): null

26-05-2025T07:39:47 - [TEST_STEP][PASSED] - return x: null

26-05-2025T07:39:47 - [TEST_STEP][PASSED] - if (verifyEqual(tabR, tabB) == false): Actual object '18393144' and expected object '18393144' are equal

26-05-2025T07:39:47 - [MESSAGE][PASSED] - Actual object '18393144' and expected object '18393144' are equal

26-05-2025T07:39:47 - [TEST_STEP][PASSED] - typeOfData = "Факт Потери": null

26-05-2025T07:39:47 - [TEST_STEP][PASSED] - tabR = GetPFactR(x = a): null

26-05-2025T07:39:47 - [TEST_STEP][PASSED] - i1 = <not implemented yet for class: org.codehaus.groovy.ast.expr.EmptyExpression>: null

26-05-2025T07:39:47 - [TEST_STEP][PASSED] - ii = <not implemented yet for class: org.codehaus.groovy.ast.expr.EmptyExpression>: null

26-05-2025T07:39:47 - [TEST_STEP][PASSED] - for ([ii = 1, ii < 6, (ii++)]): null

26-05-2025T07:39:47 - [TEST_STEP][PASSED] - i1 = x.indexOf("/") + 1: null

26-05-2025T07:39:47 - [TEST_STEP][PASSED] - if (i1 > -1): null

26-05-2025T07:39:47 - [TEST_STEP][PASSED] - x = x.substring(i1, x.length()): null

26-05-2025T07:39:47 - [TEST_STEP][PASSED] - println(x): null

26-05-2025T07:39:47 - [TEST_STEP][PASSED] - i1 = x.indexOf("/") + 1: null

26-05-2025T07:39:47 - [TEST_STEP][PASSED] - if (i1 > -1): null

26-05-2025T07:39:47 - [TEST_STEP][PASSED] - x = x.substring(i1, x.length()): null

26-05-2025T07:39:47 - [TEST_STEP][PASSED] - println(x): null

26-05-2025T07:39:47 - [TEST_STEP][PASSED] - i1 = x.indexOf("/") + 1: null

26-05-2025T07:39:47 - [TEST_STEP][PASSED] - if (i1 > -1): null

26-05-2025T07:39:47 - [TEST_STEP][PASSED] - x = x.substring(i1, x.length()): null

26-05-2025T07:39:47 - [TEST_STEP][PASSED] - println(x): null

26-05-2025T07:39:47 - [TEST_STEP][PASSED] - i1 = x.indexOf("/") + 1: null

26-05-2025T07:39:47 - [TEST_STEP][PASSED] - if (i1 > -1): null

26-05-2025T07:39:47 - [TEST_STEP][PASSED] - x = x.substring(i1, x.length()): null

26-05-2025T07:39:47 - [TEST_STEP][PASSED] - println(x): null

26-05-2025T07:39:47 - [TEST_STEP][PASSED] - i1 = x.indexOf("/") + 1: null

26-05-2025T07:39:47 - [TEST_STEP][PASSED] - if (i1 > -1): null

26-05-2025T07:39:47 - [TEST_STEP][PASSED] - x = x.substring(i1, x.length()): null

26-05-2025T07:39:47 - [TEST_STEP][PASSED] - println(x): null

26-05-2025T07:39:47 - [TEST_STEP][PASSED] - i1 = x.indexOf("/"): null

26-05-2025T07:39:47 - [TEST_STEP][PASSED] - if (i1 > -1): null

26-05-2025T07:39:47 - [TEST_STEP][PASSED] - x = x.substring(0, i1): null

26-05-2025T07:39:47 - [TEST_STEP][PASSED] - println(x): null

26-05-2025T07:39:47 - [TEST_STEP][PASSED] - return x: null

26-05-2025T07:39:47 - [TEST_STEP][PASSED] - tabB = GetPFactB(x = b): null

26-05-2025T07:39:47 - [TEST_STEP][PASSED] - i1 = <not implemented yet for class: org.codehaus.groovy.ast.expr.EmptyExpression>: null

26-05-2025T07:39:47 - [TEST_STEP][PASSED] - ii = <not implemented yet for class: org.codehaus.groovy.ast.expr.EmptyExpression>: null

26-05-2025T07:39:47 - [TEST_STEP][PASSED] - for ([ii = 1, ii < 6, (ii++)]): null

26-05-2025T07:39:47 - [TEST_STEP][PASSED] - i1 = x.indexOf("/") + 1: null

26-05-2025T07:39:47 - [TEST_STEP][PASSED] - if (i1 > -1): null

26-05-2025T07:39:47 - [TEST_STEP][PASSED] - x = x.substring(i1, x.length()): null

26-05-2025T07:39:47 - [TEST_STEP][PASSED] - println(x): null

26-05-2025T07:39:47 - [TEST_STEP][PASSED] - i1 = x.indexOf("/") + 1: null

26-05-2025T07:39:47 - [TEST_STEP][PASSED] - if (i1 > -1): null

26-05-2025T07:39:47 - [TEST_STEP][PASSED] - x = x.substring(i1, x.length()): null

26-05-2025T07:39:47 - [TEST_STEP][PASSED] - println(x): null

26-05-2025T07:39:47 - [TEST_STEP][PASSED] - i1 = x.indexOf("/") + 1: null

26-05-2025T07:39:47 - [TEST_STEP][PASSED] - if (i1 > -1): null

26-05-2025T07:39:47 - [TEST_STEP][PASSED] - x = x.substring(i1, x.length()): null

26-05-2025T07:39:47 - [TEST_STEP][PASSED] - println(x): null

26-05-2025T07:39:47 - [TEST_STEP][PASSED] - i1 = x.indexOf("/") + 1: null

26-05-2025T07:39:47 - [TEST_STEP][PASSED] - if (i1 > -1): null

26-05-2025T07:39:47 - [TEST_STEP][PASSED] - x = x.substring(i1, x.length()): null

26-05-2025T07:39:47 - [TEST_STEP][PASSED] - println(x): null

26-05-2025T07:39:47 - [TEST_STEP][PASSED] - i1 = x.indexOf("/") + 1: null

26-05-2025T07:39:47 - [TEST_STEP][PASSED] - if (i1 > -1): null

26-05-2025T07:39:47 - [TEST_STEP][PASSED] - x = x.substring(i1, x.length()): null

26-05-2025T07:39:47 - [TEST_STEP][PASSED] - println(x): null

26-05-2025T07:39:47 - [TEST_STEP][PASSED] - i1 = x.indexOf("/"): null

26-05-2025T07:39:47 - [TEST_STEP][PASSED] - if (i1 > -1): null

26-05-2025T07:39:47 - [TEST_STEP][PASSED] - x = x.substring(0, i1): null

26-05-2025T07:39:47 - [TEST_STEP][PASSED] - println(x): null

26-05-2025T07:39:47 - [TEST_STEP][PASSED] - return x: null

26-05-2025T07:39:47 - [TEST_STEP][PASSED] - println(tabR + "/" + tabB): null

26-05-2025T07:39:47 - [TEST_STEP][PASSED] - if (verifyEqual(tabR, tabB) == false): Actual object '1305803' and expected object '1305803' are equal

26-05-2025T07:39:47 - [MESSAGE][PASSED] - Actual object '1305803' and expected object '1305803' are equal

26-05-2025T07:39:47 - [TEST_STEP][PASSED] - vidget = "Показатели баланса электроэнергии по ДЗО – План": null

26-05-2025T07:39:47 - [TEST_STEP][PASSED] - typeOfData = "План Отпуск в сеть": null

26-05-2025T07:39:47 - [TEST_STEP][PASSED] - tabR = GetOvSPlanR(x = a): null

26-05-2025T07:39:47 - [TEST_STEP][PASSED] - i1 = <not implemented yet for class: org.codehaus.groovy.ast.expr.EmptyExpression>: null

26-05-2025T07:39:47 - [TEST_STEP][PASSED] - ii = <not implemented yet for class: org.codehaus.groovy.ast.expr.EmptyExpression>: null

26-05-2025T07:39:47 - [TEST_STEP][PASSED] - for ([ii = 1, ii < 7, (ii++)]): null

26-05-2025T07:39:47 - [TEST_STEP][PASSED] - i1 = x.indexOf("/") + 1: null

26-05-2025T07:39:47 - [TEST_STEP][PASSED] - if (i1 > -1): null

26-05-2025T07:39:47 - [TEST_STEP][PASSED] - x = x.substring(i1, x.length()): null

26-05-2025T07:39:47 - [TEST_STEP][PASSED] - println(x): null

26-05-2025T07:39:47 - [TEST_STEP][PASSED] - i1 = x.indexOf("/") + 1: null

26-05-2025T07:39:47 - [TEST_STEP][PASSED] - if (i1 > -1): null

26-05-2025T07:39:47 - [TEST_STEP][PASSED] - x = x.substring(i1, x.length()): null

26-05-2025T07:39:47 - [TEST_STEP][PASSED] - println(x): null

26-05-2025T07:39:47 - [TEST_STEP][PASSED] - i1 = x.indexOf("/") + 1: null

26-05-2025T07:39:47 - [TEST_STEP][PASSED] - if (i1 > -1): null

26-05-2025T07:39:47 - [TEST_STEP][PASSED] - x = x.substring(i1, x.length()): null

26-05-2025T07:39:47 - [TEST_STEP][PASSED] - println(x): null

26-05-2025T07:39:47 - [TEST_STEP][PASSED] - i1 = x.indexOf("/") + 1: null

26-05-2025T07:39:47 - [TEST_STEP][PASSED] - if (i1 > -1): null

26-05-2025T07:39:47 - [TEST_STEP][PASSED] - x = x.substring(i1, x.length()): null

26-05-2025T07:39:47 - [TEST_STEP][PASSED] - println(x): null

26-05-2025T07:39:47 - [TEST_STEP][PASSED] - i1 = x.indexOf("/") + 1: null

26-05-2025T07:39:47 - [TEST_STEP][PASSED] - if (i1 > -1): null

26-05-2025T07:39:47 - [TEST_STEP][PASSED] - x = x.substring(i1, x.length()): null

26-05-2025T07:39:47 - [TEST_STEP][PASSED] - println(x): null

26-05-2025T07:39:47 - [TEST_STEP][PASSED] - i1 = x.indexOf("/") + 1: null

26-05-2025T07:39:47 - [TEST_STEP][PASSED] - if (i1 > -1): null

26-05-2025T07:39:47 - [TEST_STEP][PASSED] - x = x.substring(i1, x.length()): null

26-05-2025T07:39:47 - [TEST_STEP][PASSED] - println(x): null

26-05-2025T07:39:47 - [TEST_STEP][PASSED] - i1 = x.indexOf("/"): null

26-05-2025T07:39:47 - [TEST_STEP][PASSED] - if (i1 > -1): null

26-05-2025T07:39:47 - [TEST_STEP][PASSED] - x = x.substring(0, i1): null

26-05-2025T07:39:47 - [TEST_STEP][PASSED] - println(x): null

26-05-2025T07:39:47 - [TEST_STEP][PASSED] - return x: null

26-05-2025T07:39:47 - [TEST_STEP][PASSED] - tabB = GetOvSPlanB(x = b): null

26-05-2025T07:39:47 - [TEST_STEP][PASSED] - i1 = <not implemented yet for class: org.codehaus.groovy.ast.expr.EmptyExpression>: null

26-05-2025T07:39:47 - [TEST_STEP][PASSED] - ii = <not implemented yet for class: org.codehaus.groovy.ast.expr.EmptyExpression>: null

26-05-2025T07:39:47 - [TEST_STEP][PASSED] - for ([ii = 1, ii < 7, (ii++)]): null

26-05-2025T07:39:47 - [TEST_STEP][PASSED] - i1 = x.indexOf("/") + 1: null

26-05-2025T07:39:47 - [TEST_STEP][PASSED] - if (i1 > -1): null

26-05-2025T07:39:47 - [TEST_STEP][PASSED] - x = x.substring(i1, x.length()): null

26-05-2025T07:39:47 - [TEST_STEP][PASSED] - println(x): null

26-05-2025T07:39:47 - [TEST_STEP][PASSED] - i1 = x.indexOf("/") + 1: null

26-05-2025T07:39:47 - [TEST_STEP][PASSED] - if (i1 > -1): null

26-05-2025T07:39:47 - [TEST_STEP][PASSED] - x = x.substring(i1, x.length()): null

26-05-2025T07:39:47 - [TEST_STEP][PASSED] - println(x): null

26-05-2025T07:39:47 - [TEST_STEP][PASSED] - i1 = x.indexOf("/") + 1: null

26-05-2025T07:39:47 - [TEST_STEP][PASSED] - if (i1 > -1): null

26-05-2025T07:39:47 - [TEST_STEP][PASSED] - x = x.substring(i1, x.length()): null

26-05-2025T07:39:47 - [TEST_STEP][PASSED] - println(x): null

26-05-2025T07:39:47 - [TEST_STEP][PASSED] - i1 = x.indexOf("/") + 1: null

26-05-2025T07:39:47 - [TEST_STEP][PASSED] - if (i1 > -1): null

26-05-2025T07:39:47 - [TEST_STEP][PASSED] - x = x.substring(i1, x.length()): null

26-05-2025T07:39:47 - [TEST_STEP][PASSED] - println(x): null

26-05-2025T07:39:47 - [TEST_STEP][PASSED] - i1 = x.indexOf("/") + 1: null

26-05-2025T07:39:47 - [TEST_STEP][PASSED] - if (i1 > -1): null

26-05-2025T07:39:47 - [TEST_STEP][PASSED] - x = x.substring(i1, x.length()): null

26-05-2025T07:39:47 - [TEST_STEP][PASSED] - println(x): null

26-05-2025T07:39:47 - [TEST_STEP][PASSED] - i1 = x.indexOf("/") + 1: null

26-05-2025T07:39:47 - [TEST_STEP][PASSED] - if (i1 > -1): null

26-05-2025T07:39:47 - [TEST_STEP][PASSED] - x = x.substring(i1, x.length()): null

26-05-2025T07:39:47 - [TEST_STEP][PASSED] - println(x): null

26-05-2025T07:39:47 - [TEST_STEP][PASSED] - i1 = x.indexOf("/"): null

26-05-2025T07:39:47 - [TEST_STEP][PASSED] - if (i1 > -1): null

26-05-2025T07:39:47 - [TEST_STEP][PASSED] - x = x.substring(0, i1): null

26-05-2025T07:39:47 - [TEST_STEP][PASSED] - println(x): null

26-05-2025T07:39:47 - [TEST_STEP][PASSED] - return x: null

26-05-2025T07:39:47 - [TEST_STEP][PASSED] - println(tabR + "/" + tabB): null

26-05-2025T07:39:47 - [TEST_STEP][PASSED] - if (verifyEqual(tabR, tabB) == false): Actual object '20275424' and expected object '20275424' are equal

26-05-2025T07:39:47 - [MESSAGE][PASSED] - Actual object '20275424' and expected object '20275424' are equal

26-05-2025T07:39:47 - [TEST_STEP][PASSED] - typeOfData = "План Отпуск из сети": null

26-05-2025T07:39:47 - [TEST_STEP][PASSED] - tabR = GetOiSPlanR(x = a): null

26-05-2025T07:39:47 - [TEST_STEP][PASSED] - i1 = <not implemented yet for class: org.codehaus.groovy.ast.expr.EmptyExpression>: null

26-05-2025T07:39:47 - [TEST_STEP][PASSED] - ii = <not implemented yet for class: org.codehaus.groovy.ast.expr.EmptyExpression>: null

26-05-2025T07:39:47 - [TEST_STEP][PASSED] - for ([ii = 1, ii < 8, (ii++)]): null

26-05-2025T07:39:47 - [TEST_STEP][PASSED] - i1 = x.indexOf("/") + 1: null

26-05-2025T07:39:47 - [TEST_STEP][PASSED] - if (i1 > -1): null

26-05-2025T07:39:47 - [TEST_STEP][PASSED] - x = x.substring(i1, x.length()): null

26-05-2025T07:39:47 - [TEST_STEP][PASSED] - println(x): null

26-05-2025T07:39:47 - [TEST_STEP][PASSED] - i1 = x.indexOf("/") + 1: null

26-05-2025T07:39:47 - [TEST_STEP][PASSED] - if (i1 > -1): null

26-05-2025T07:39:47 - [TEST_STEP][PASSED] - x = x.substring(i1, x.length()): null

26-05-2025T07:39:47 - [TEST_STEP][PASSED] - println(x): null

26-05-2025T07:39:47 - [TEST_STEP][PASSED] - i1 = x.indexOf("/") + 1: null

26-05-2025T07:39:47 - [TEST_STEP][PASSED] - if (i1 > -1): null

26-05-2025T07:39:47 - [TEST_STEP][PASSED] - x = x.substring(i1, x.length()): null

26-05-2025T07:39:47 - [TEST_STEP][PASSED] - println(x): null

26-05-2025T07:39:47 - [TEST_STEP][PASSED] - i1 = x.indexOf("/") + 1: null

26-05-2025T07:39:47 - [TEST_STEP][PASSED] - if (i1 > -1): null

26-05-2025T07:39:47 - [TEST_STEP][PASSED] - x = x.substring(i1, x.length()): null

26-05-2025T07:39:47 - [TEST_STEP][PASSED] - println(x): null

26-05-2025T07:39:47 - [TEST_STEP][PASSED] - i1 = x.indexOf("/") + 1: null

26-05-2025T07:39:47 - [TEST_STEP][PASSED] - if (i1 > -1): null

26-05-2025T07:39:47 - [TEST_STEP][PASSED] - x = x.substring(i1, x.length()): null

26-05-2025T07:39:47 - [TEST_STEP][PASSED] - println(x): null

26-05-2025T07:39:47 - [TEST_STEP][PASSED] - i1 = x.indexOf("/") + 1: null

26-05-2025T07:39:47 - [TEST_STEP][PASSED] - if (i1 > -1): null

26-05-2025T07:39:47 - [TEST_STEP][PASSED] - x = x.substring(i1, x.length()): null

26-05-2025T07:39:47 - [TEST_STEP][PASSED] - println(x): null

26-05-2025T07:39:47 - [TEST_STEP][PASSED] - i1 = x.indexOf("/") + 1: null

26-05-2025T07:39:47 - [TEST_STEP][PASSED] - if (i1 > -1): null

26-05-2025T07:39:47 - [TEST_STEP][PASSED] - x = x.substring(i1, x.length()): null

26-05-2025T07:39:47 - [TEST_STEP][PASSED] - println(x): null

26-05-2025T07:39:47 - [TEST_STEP][PASSED] - i1 = x.indexOf("/"): null

26-05-2025T07:39:47 - [TEST_STEP][PASSED] - if (i1 > -1): null

26-05-2025T07:39:47 - [TEST_STEP][PASSED] - x = x.substring(0, i1): null

26-05-2025T07:39:47 - [TEST_STEP][PASSED] - println(x): null

26-05-2025T07:39:47 - [TEST_STEP][PASSED] - return x: null

26-05-2025T07:39:47 - [TEST_STEP][PASSED] - tabB = GetOiSPlanB(x = b): null

26-05-2025T07:39:47 - [TEST_STEP][PASSED] - i1 = <not implemented yet for class: org.codehaus.groovy.ast.expr.EmptyExpression>: null

26-05-2025T07:39:47 - [TEST_STEP][PASSED] - ii = <not implemented yet for class: org.codehaus.groovy.ast.expr.EmptyExpression>: null

26-05-2025T07:39:47 - [TEST_STEP][PASSED] - for ([ii = 1, ii < 8, (ii++)]): null

26-05-2025T07:39:47 - [TEST_STEP][PASSED] - i1 = x.indexOf("/") + 1: null

26-05-2025T07:39:47 - [TEST_STEP][PASSED] - if (i1 > -1): null

26-05-2025T07:39:47 - [TEST_STEP][PASSED] - x = x.substring(i1, x.length()): null

26-05-2025T07:39:47 - [TEST_STEP][PASSED] - println(x): null

26-05-2025T07:39:47 - [TEST_STEP][PASSED] - i1 = x.indexOf("/") + 1: null

26-05-2025T07:39:47 - [TEST_STEP][PASSED] - if (i1 > -1): null

26-05-2025T07:39:47 - [TEST_STEP][PASSED] - x = x.substring(i1, x.length()): null

26-05-2025T07:39:47 - [TEST_STEP][PASSED] - println(x): null

26-05-2025T07:39:47 - [TEST_STEP][PASSED] - i1 = x.indexOf("/") + 1: null

26-05-2025T07:39:47 - [TEST_STEP][PASSED] - if (i1 > -1): null

26-05-2025T07:39:47 - [TEST_STEP][PASSED] - x = x.substring(i1, x.length()): null

26-05-2025T07:39:47 - [TEST_STEP][PASSED] - println(x): null

26-05-2025T07:39:47 - [TEST_STEP][PASSED] - i1 = x.indexOf("/") + 1: null

26-05-2025T07:39:47 - [TEST_STEP][PASSED] - if (i1 > -1): null

26-05-2025T07:39:47 - [TEST_STEP][PASSED] - x = x.substring(i1, x.length()): null

26-05-2025T07:39:47 - [TEST_STEP][PASSED] - println(x): null

26-05-2025T07:39:47 - [TEST_STEP][PASSED] - i1 = x.indexOf("/") + 1: null

26-05-2025T07:39:47 - [TEST_STEP][PASSED] - if (i1 > -1): null

26-05-2025T07:39:47 - [TEST_STEP][PASSED] - x = x.substring(i1, x.length()): null

26-05-2025T07:39:47 - [TEST_STEP][PASSED] - println(x): null

26-05-2025T07:39:47 - [TEST_STEP][PASSED] - i1 = x.indexOf("/") + 1: null

26-05-2025T07:39:47 - [TEST_STEP][PASSED] - if (i1 > -1): null

26-05-2025T07:39:47 - [TEST_STEP][PASSED] - x = x.substring(i1, x.length()): null

26-05-2025T07:39:47 - [TEST_STEP][PASSED] - println(x): null

26-05-2025T07:39:47 - [TEST_STEP][PASSED] - i1 = x.indexOf("/") + 1: null

26-05-2025T07:39:47 - [TEST_STEP][PASSED] - if (i1 > -1): null

26-05-2025T07:39:47 - [TEST_STEP][PASSED] - x = x.substring(i1, x.length()): null

26-05-2025T07:39:47 - [TEST_STEP][PASSED] - println(x): null

26-05-2025T07:39:47 - [TEST_STEP][PASSED] - i1 = x.indexOf("/"): null

26-05-2025T07:39:47 - [TEST_STEP][PASSED] - if (i1 > -1): null

26-05-2025T07:39:47 - [TEST_STEP][PASSED] - x = x.substring(0, i1): null

26-05-2025T07:39:47 - [TEST_STEP][PASSED] - println(x): null

26-05-2025T07:39:47 - [TEST_STEP][FAILED] - return x: null

26-05-2025T07:39:47 - [TEST_STEP][PASSED] - println(tabR + "/" + tabB): null

26-05-2025T07:39:47 - [TEST_STEP][FAILED] - if (verifyEqual(tabR, tabB) == false): null

26-05-2025T07:39:47 - [MESSAGE][FAILED] - Unable to verify equal between actual object '18880336' and expected object '18878242' (Root cause: com.kms.katalon.core.exception.StepFailedException: Actual object '18880336' and expected object '18878242' are not equal
	at com.kms.katalon.core.keyword.builtin.VerifyEqualKeyword$_verifyEqual_closure1.doCall(VerifyEqualKeyword.groovy:58)
	at com.kms.katalon.core.keyword.builtin.VerifyEqualKeyword$_verifyEqual_closure1.call(VerifyEqualKeyword.groovy)
	at com.kms.katalon.core.keyword.internal.KeywordMain.runKeyword(KeywordMain.groovy:75)
	at com.kms.katalon.core.keyword.builtin.VerifyEqualKeyword.verifyEqual(VerifyEqualKeyword.groovy:63)
	at com.kms.katalon.core.keyword.builtin.VerifyEqualKeyword.execute(VerifyEqualKeyword.groovy:44)
	at com.kms.katalon.core.keyword.internal.KeywordExecutor.executeKeywordForPlatform(KeywordExecutor.groovy:74)
	at com.kms.katalon.core.keyword.BuiltinKeywords.verifyEqual(BuiltinKeywords.groovy:146)
	at jdk.internal.reflect.GeneratedMethodAccessor23.invoke(Unknown Source)
	at java.base/jdk.internal.reflect.DelegatingMethodAccessorImpl.invoke(DelegatingMethodAccessorImpl.java:43)
	at Выполнение бизнес-плана сверка дашбордов.CompareDZOData(Выполнение бизнес-плана сверка дашбордов:758)
	at Выполнение бизнес-плана сверка дашбордов.run(Выполнение бизнес-плана сверка дашбордов:643)
	at com.kms.katalon.core.main.ScriptEngine.run(ScriptEngine.java:194)
	at com.kms.katalon.core.main.ScriptEngine.runScriptAsRawText(ScriptEngine.java:119)
	at com.kms.katalon.core.main.TestCaseExecutor.runScript(TestCaseExecutor.java:448)
	at com.kms.katalon.core.main.TestCaseExecutor.doExecute(TestCaseExecutor.java:439)
	at com.kms.katalon.core.main.TestCaseExecutor.processExecutionPhase(TestCaseExecutor.java:418)
	at com.kms.katalon.core.main.TestCaseExecutor.accessMainPhase(TestCaseExecutor.java:410)
	at com.kms.katalon.core.main.TestCaseExecutor.execute(TestCaseExecutor.java:285)
	at com.kms.katalon.core.common.CommonExecutor.accessTestCaseMainPhase(CommonExecutor.java:65)
	at com.kms.katalon.core.main.TestSuiteExecutor.accessTestSuiteMainPhase(TestSuiteExecutor.java:150)
	at com.kms.katalon.core.main.TestSuiteExecutor.execute(TestSuiteExecutor.java:106)
	at com.kms.katalon.core.main.TestCaseMain.startTestSuite(TestCaseMain.java:180)
	at TempTestSuite1748228991768.run(TempTestSuite1748228991768.groovy:35)
	at java.base/jdk.internal.reflect.NativeMethodAccessorImpl.invoke0(Native Method)
	at java.base/jdk.internal.reflect.NativeMethodAccessorImpl.invoke(NativeMethodAccessorImpl.java:77)
	at java.base/jdk.internal.reflect.DelegatingMethodAccessorImpl.invoke(DelegatingMethodAccessorImpl.java:43)
)

26-05-2025T07:39:47 - [TEST_STEP][PASSED] - result = WriteToExcel(typeOfData, todaysDate, PercPlanR, PercPlanB, PercFactR, PercFactB, x, tabR, tabB, o1R, o1B, vidget): null

26-05-2025T07:39:47 - [TEST_STEP][PASSED] - iii = dZO.indexOf("/"): null

26-05-2025T07:39:47 - [TEST_STEP][PASSED] - println(iii): null

26-05-2025T07:39:47 - [TEST_STEP][PASSED] - if (iii > -1): null

26-05-2025T07:39:47 - [TEST_STEP][PASSED] - dZO = dZO.substring(0, iii): null

26-05-2025T07:39:47 - [TEST_STEP][PASSED] - println(dZO): null

26-05-2025T07:39:47 - [TEST_STEP][PASSED] - println(PercPlanR): null

26-05-2025T07:39:47 - [TEST_STEP][PASSED] - println(PercPlanB): null

26-05-2025T07:39:47 - [TEST_STEP][PASSED] - println(PercFactR): null

26-05-2025T07:39:47 - [TEST_STEP][PASSED] - println(PercFactB): null

26-05-2025T07:39:47 - [TEST_STEP][PASSED] - println(tabR): null

26-05-2025T07:39:47 - [TEST_STEP][PASSED] - println(tabB): null

26-05-2025T07:39:47 - [TEST_STEP][PASSED] - println(o1R): null

26-05-2025T07:39:47 - [TEST_STEP][PASSED] - println(o1B): null

26-05-2025T07:39:47 - [TEST_STEP][PASSED] - PR = <not implemented yet for class: org.codehaus.groovy.ast.expr.EmptyExpression>: null

26-05-2025T07:39:47 - [TEST_STEP][PASSED] - FR = <not implemented yet for class: org.codehaus.groovy.ast.expr.EmptyExpression>: null

26-05-2025T07:39:47 - [TEST_STEP][PASSED] - PB = <not implemented yet for class: org.codehaus.groovy.ast.expr.EmptyExpression>: null

26-05-2025T07:39:47 - [TEST_STEP][PASSED] - FB = <not implemented yet for class: org.codehaus.groovy.ast.expr.EmptyExpression>: null

26-05-2025T07:39:47 - [TEST_STEP][PASSED] - TR = <not implemented yet for class: org.codehaus.groovy.ast.expr.EmptyExpression>: null

26-05-2025T07:39:47 - [TEST_STEP][PASSED] - TB = <not implemented yet for class: org.codehaus.groovy.ast.expr.EmptyExpression>: null

26-05-2025T07:39:47 - [TEST_STEP][PASSED] - sheetName = "Sheet1": null

26-05-2025T07:39:47 - [TEST_STEP][PASSED] - data = findTestData("PlanFact"): null

26-05-2025T07:39:47 - [TEST_STEP][PASSED] - n = data.getRowNumbers() + 1: null

26-05-2025T07:39:47 - [TEST_STEP][PASSED] - day = ")).toInteger(): null

26-05-2025T07:39:47 - [TEST_STEP][PASSED] - println(day): null

26-05-2025T07:39:47 - [TEST_STEP][PASSED] - month = ")).toInteger(): null

26-05-2025T07:39:47 - [TEST_STEP][PASSED] - println(month): null

26-05-2025T07:39:47 - [TEST_STEP][PASSED] - y = length()).toInteger(): null

26-05-2025T07:39:47 - [TEST_STEP][PASSED] - if (month < 3 && day < 30): null

26-05-2025T07:39:47 - [TEST_STEP][PASSED] - println(y): null

26-05-2025T07:39:47 - [TEST_STEP][PASSED] - m = getText(findTestObject("Выполнение бизнес-плана/Выполнение бизнес-плана Балансы/Фильтр Дата")): Text of object 'Object Repository/Выполнение бизнес-плана/Выполнение бизнес-плана Балансы/Фильтр Дата' is: '1 кв. 2025 года'

26-05-2025T07:39:47 - [MESSAGE][PASSED] - Text of object 'Object Repository/Выполнение бизнес-плана/Выполнение бизнес-плана Балансы/Фильтр Дата' is: '1 кв. 2025 года'

26-05-2025T07:39:47 - [TEST_STEP][PASSED] - if (toString().length() == 4): null

26-05-2025T07:39:47 - [TEST_STEP][PASSED] - m = m.substring(0, m.indexOf(y.toString())): null

26-05-2025T07:39:47 - [TEST_STEP][PASSED] - m = m.trim(): null

26-05-2025T07:39:47 - [TEST_STEP][PASSED] - if (m == ""): null

26-05-2025T07:39:47 - [TEST_STEP][PASSED] - dashboardName = "Выполнение бизнес-плана": null

26-05-2025T07:39:47 - [TEST_STEP][PASSED] - workbook01 = getWorkbook(excelFilePath): null

26-05-2025T07:39:47 - [TEST_STEP][PASSED] - sheet01 = getExcelSheet(workbook01, sheetName): null

26-05-2025T07:39:47 - [TEST_STEP][PASSED] - setValueToCellByIndex(sheet01, n, 0, dashboardName): null

26-05-2025T07:39:47 - [TEST_STEP][PASSED] - setValueToCellByIndex(sheet01, n, 1, dZO): null

26-05-2025T07:39:47 - [TEST_STEP][PASSED] - setValueToCellByIndex(sheet01, n, 2, typeOfData): null

26-05-2025T07:39:47 - [TEST_STEP][PASSED] - setValueToCellByIndex(sheet01, n, 3, typeOfData): null

26-05-2025T07:39:47 - [TEST_STEP][PASSED] - if (typeOfData == "План"): null

26-05-2025T07:39:47 - [TEST_STEP][PASSED] - else if (typeOfData == "Факт"): null

26-05-2025T07:39:47 - [TEST_STEP][PASSED] - else if (vidget.contains("электроэнергии") == true): null

26-05-2025T07:39:47 - [TEST_STEP][PASSED] - if (tabR == null): null

26-05-2025T07:39:47 - [TEST_STEP][PASSED] - else: null

26-05-2025T07:39:47 - [TEST_STEP][PASSED] - if (tabR == "нет данных"): null

26-05-2025T07:39:47 - [TEST_STEP][PASSED] - else: null

26-05-2025T07:39:47 - [TEST_STEP][PASSED] - TR = tabR.toInteger(): null

26-05-2025T07:39:47 - [TEST_STEP][PASSED] - setValueToCellByIndex(sheet01, n, 4, TR): null

26-05-2025T07:39:47 - [TEST_STEP][PASSED] - if (tabB == null): null

26-05-2025T07:39:47 - [TEST_STEP][PASSED] - else: null

26-05-2025T07:39:47 - [TEST_STEP][PASSED] - if (tabB == "нет данных"): null

26-05-2025T07:39:47 - [TEST_STEP][PASSED] - else: null

26-05-2025T07:39:47 - [TEST_STEP][PASSED] - TB = tabB.toInteger(): null

26-05-2025T07:39:47 - [TEST_STEP][PASSED] - setValueToCellByIndex(sheet01, n, 5, TB): null

26-05-2025T07:39:47 - [TEST_STEP][PASSED] - setValueToCellByIndex(sheet01, n, 6, m): null

26-05-2025T07:39:47 - [TEST_STEP][PASSED] - setValueToCellByIndex(sheet01, n, 7, y): null

26-05-2025T07:39:47 - [TEST_STEP][PASSED] - setValueToCellByIndex(sheet01, n, 8, todaysDate): null

26-05-2025T07:39:47 - [TEST_STEP][PASSED] - n = n + 1: null

26-05-2025T07:39:47 - [TEST_STEP][PASSED] - saveWorkbook(excelFilePath, workbook01): null

26-05-2025T07:39:48 - [TEST_STEP][PASSED] - typeOfData = "План Потери": null

26-05-2025T07:39:48 - [TEST_STEP][PASSED] - tabR = GetPPlanR(x = a): null

26-05-2025T07:39:48 - [TEST_STEP][PASSED] - i1 = <not implemented yet for class: org.codehaus.groovy.ast.expr.EmptyExpression>: null

26-05-2025T07:39:48 - [TEST_STEP][PASSED] - ii = <not implemented yet for class: org.codehaus.groovy.ast.expr.EmptyExpression>: null

26-05-2025T07:39:48 - [TEST_STEP][PASSED] - for ([ii = 1, ii < 9, (ii++)]): null

26-05-2025T07:39:48 - [TEST_STEP][PASSED] - i1 = x.indexOf("/") + 1: null

26-05-2025T07:39:48 - [TEST_STEP][PASSED] - if (i1 > -1): null

26-05-2025T07:39:48 - [TEST_STEP][PASSED] - x = x.substring(i1, x.length()): null

26-05-2025T07:39:48 - [TEST_STEP][PASSED] - println(x): null

26-05-2025T07:39:48 - [TEST_STEP][PASSED] - i1 = x.indexOf("/") + 1: null

26-05-2025T07:39:48 - [TEST_STEP][PASSED] - if (i1 > -1): null

26-05-2025T07:39:48 - [TEST_STEP][PASSED] - x = x.substring(i1, x.length()): null

26-05-2025T07:39:48 - [TEST_STEP][PASSED] - println(x): null

26-05-2025T07:39:48 - [TEST_STEP][PASSED] - i1 = x.indexOf("/") + 1: null

26-05-2025T07:39:48 - [TEST_STEP][PASSED] - if (i1 > -1): null

26-05-2025T07:39:48 - [TEST_STEP][PASSED] - x = x.substring(i1, x.length()): null

26-05-2025T07:39:48 - [TEST_STEP][PASSED] - println(x): null

26-05-2025T07:39:48 - [TEST_STEP][PASSED] - i1 = x.indexOf("/") + 1: null

26-05-2025T07:39:48 - [TEST_STEP][PASSED] - if (i1 > -1): null

26-05-2025T07:39:48 - [TEST_STEP][PASSED] - x = x.substring(i1, x.length()): null

26-05-2025T07:39:48 - [TEST_STEP][PASSED] - println(x): null

26-05-2025T07:39:48 - [TEST_STEP][PASSED] - i1 = x.indexOf("/") + 1: null

26-05-2025T07:39:48 - [TEST_STEP][PASSED] - if (i1 > -1): null

26-05-2025T07:39:48 - [TEST_STEP][PASSED] - x = x.substring(i1, x.length()): null

26-05-2025T07:39:48 - [TEST_STEP][PASSED] - println(x): null

26-05-2025T07:39:48 - [TEST_STEP][PASSED] - i1 = x.indexOf("/") + 1: null

26-05-2025T07:39:48 - [TEST_STEP][PASSED] - if (i1 > -1): null

26-05-2025T07:39:48 - [TEST_STEP][PASSED] - x = x.substring(i1, x.length()): null

26-05-2025T07:39:48 - [TEST_STEP][PASSED] - println(x): null

26-05-2025T07:39:48 - [TEST_STEP][PASSED] - i1 = x.indexOf("/") + 1: null

26-05-2025T07:39:48 - [TEST_STEP][PASSED] - if (i1 > -1): null

26-05-2025T07:39:48 - [TEST_STEP][PASSED] - x = x.substring(i1, x.length()): null

26-05-2025T07:39:48 - [TEST_STEP][PASSED] - println(x): null

26-05-2025T07:39:48 - [TEST_STEP][PASSED] - i1 = x.indexOf("/") + 1: null

26-05-2025T07:39:48 - [TEST_STEP][PASSED] - if (i1 > -1): null

26-05-2025T07:39:48 - [TEST_STEP][PASSED] - x = x.substring(i1, x.length()): null

26-05-2025T07:39:48 - [TEST_STEP][PASSED] - println(x): null

26-05-2025T07:39:48 - [TEST_STEP][PASSED] - i1 = x.indexOf("/"): null

26-05-2025T07:39:48 - [TEST_STEP][PASSED] - if (i1 > -1): null

26-05-2025T07:39:48 - [TEST_STEP][PASSED] - x = x.substring(0, i1): null

26-05-2025T07:39:48 - [TEST_STEP][PASSED] - println(x): null

26-05-2025T07:39:48 - [TEST_STEP][PASSED] - return x: null

26-05-2025T07:39:48 - [TEST_STEP][PASSED] - tabB = GetPPlanB(x = b): null

26-05-2025T07:39:48 - [TEST_STEP][PASSED] - i1 = <not implemented yet for class: org.codehaus.groovy.ast.expr.EmptyExpression>: null

26-05-2025T07:39:48 - [TEST_STEP][PASSED] - ii = <not implemented yet for class: org.codehaus.groovy.ast.expr.EmptyExpression>: null

26-05-2025T07:39:48 - [TEST_STEP][PASSED] - for ([ii = 1, ii < 9, (ii++)]): null

26-05-2025T07:39:48 - [TEST_STEP][PASSED] - i1 = x.indexOf("/") + 1: null

26-05-2025T07:39:48 - [TEST_STEP][PASSED] - if (i1 > -1): null

26-05-2025T07:39:48 - [TEST_STEP][PASSED] - x = x.substring(i1, x.length()): null

26-05-2025T07:39:48 - [TEST_STEP][PASSED] - println(x): null

26-05-2025T07:39:48 - [TEST_STEP][PASSED] - i1 = x.indexOf("/") + 1: null

26-05-2025T07:39:48 - [TEST_STEP][PASSED] - if (i1 > -1): null

26-05-2025T07:39:48 - [TEST_STEP][PASSED] - x = x.substring(i1, x.length()): null

26-05-2025T07:39:48 - [TEST_STEP][PASSED] - println(x): null

26-05-2025T07:39:48 - [TEST_STEP][PASSED] - i1 = x.indexOf("/") + 1: null

26-05-2025T07:39:48 - [TEST_STEP][PASSED] - if (i1 > -1): null

26-05-2025T07:39:48 - [TEST_STEP][PASSED] - x = x.substring(i1, x.length()): null

26-05-2025T07:39:48 - [TEST_STEP][PASSED] - println(x): null

26-05-2025T07:39:48 - [TEST_STEP][PASSED] - i1 = x.indexOf("/") + 1: null

26-05-2025T07:39:48 - [TEST_STEP][PASSED] - if (i1 > -1): null

26-05-2025T07:39:48 - [TEST_STEP][PASSED] - x = x.substring(i1, x.length()): null

26-05-2025T07:39:48 - [TEST_STEP][PASSED] - println(x): null

26-05-2025T07:39:48 - [TEST_STEP][PASSED] - i1 = x.indexOf("/") + 1: null

26-05-2025T07:39:48 - [TEST_STEP][PASSED] - if (i1 > -1): null

26-05-2025T07:39:48 - [TEST_STEP][PASSED] - x = x.substring(i1, x.length()): null

26-05-2025T07:39:48 - [TEST_STEP][PASSED] - println(x): null

26-05-2025T07:39:48 - [TEST_STEP][PASSED] - i1 = x.indexOf("/") + 1: null

26-05-2025T07:39:48 - [TEST_STEP][PASSED] - if (i1 > -1): null

26-05-2025T07:39:48 - [TEST_STEP][PASSED] - x = x.substring(i1, x.length()): null

26-05-2025T07:39:48 - [TEST_STEP][PASSED] - println(x): null

26-05-2025T07:39:48 - [TEST_STEP][PASSED] - i1 = x.indexOf("/") + 1: null

26-05-2025T07:39:48 - [TEST_STEP][PASSED] - if (i1 > -1): null

26-05-2025T07:39:48 - [TEST_STEP][PASSED] - x = x.substring(i1, x.length()): null

26-05-2025T07:39:48 - [TEST_STEP][PASSED] - println(x): null

26-05-2025T07:39:48 - [TEST_STEP][PASSED] - i1 = x.indexOf("/") + 1: null

26-05-2025T07:39:48 - [TEST_STEP][PASSED] - if (i1 > -1): null

26-05-2025T07:39:48 - [TEST_STEP][PASSED] - x = x.substring(i1, x.length()): null

26-05-2025T07:39:48 - [TEST_STEP][PASSED] - println(x): null

26-05-2025T07:39:48 - [TEST_STEP][PASSED] - i1 = x.indexOf("/"): null

26-05-2025T07:39:48 - [TEST_STEP][PASSED] - if (i1 > -1): null

26-05-2025T07:39:48 - [TEST_STEP][PASSED] - x = x.substring(0, i1): null

26-05-2025T07:39:48 - [TEST_STEP][PASSED] - println(x): null

26-05-2025T07:39:48 - [TEST_STEP][FAILED] - return x: null

26-05-2025T07:39:48 - [TEST_STEP][PASSED] - println(tabR + "/" + tabB): null

26-05-2025T07:39:48 - [TEST_STEP][FAILED] - if (verifyEqual(tabR, tabB) == false): null

26-05-2025T07:39:48 - [MESSAGE][FAILED] - Unable to verify equal between actual object '1395088' and expected object '1397182' (Root cause: com.kms.katalon.core.exception.StepFailedException: Actual object '1395088' and expected object '1397182' are not equal
	at com.kms.katalon.core.keyword.builtin.VerifyEqualKeyword$_verifyEqual_closure1.doCall(VerifyEqualKeyword.groovy:58)
	at com.kms.katalon.core.keyword.builtin.VerifyEqualKeyword$_verifyEqual_closure1.call(VerifyEqualKeyword.groovy)
	at com.kms.katalon.core.keyword.internal.KeywordMain.runKeyword(KeywordMain.groovy:75)
	at com.kms.katalon.core.keyword.builtin.VerifyEqualKeyword.verifyEqual(VerifyEqualKeyword.groovy:63)
	at com.kms.katalon.core.keyword.builtin.VerifyEqualKeyword.execute(VerifyEqualKeyword.groovy:44)
	at com.kms.katalon.core.keyword.internal.KeywordExecutor.executeKeywordForPlatform(KeywordExecutor.groovy:74)
	at com.kms.katalon.core.keyword.BuiltinKeywords.verifyEqual(BuiltinKeywords.groovy:146)
	at jdk.internal.reflect.GeneratedMethodAccessor23.invoke(Unknown Source)
	at java.base/jdk.internal.reflect.DelegatingMethodAccessorImpl.invoke(DelegatingMethodAccessorImpl.java:43)
	at Выполнение бизнес-плана сверка дашбордов.CompareDZOData(Выполнение бизнес-плана сверка дашбордов:771)
	at Выполнение бизнес-плана сверка дашбордов.run(Выполнение бизнес-плана сверка дашбордов:643)
	at com.kms.katalon.core.main.ScriptEngine.run(ScriptEngine.java:194)
	at com.kms.katalon.core.main.ScriptEngine.runScriptAsRawText(ScriptEngine.java:119)
	at com.kms.katalon.core.main.TestCaseExecutor.runScript(TestCaseExecutor.java:448)
	at com.kms.katalon.core.main.TestCaseExecutor.doExecute(TestCaseExecutor.java:439)
	at com.kms.katalon.core.main.TestCaseExecutor.processExecutionPhase(TestCaseExecutor.java:418)
	at com.kms.katalon.core.main.TestCaseExecutor.accessMainPhase(TestCaseExecutor.java:410)
	at com.kms.katalon.core.main.TestCaseExecutor.execute(TestCaseExecutor.java:285)
	at com.kms.katalon.core.common.CommonExecutor.accessTestCaseMainPhase(CommonExecutor.java:65)
	at com.kms.katalon.core.main.TestSuiteExecutor.accessTestSuiteMainPhase(TestSuiteExecutor.java:150)
	at com.kms.katalon.core.main.TestSuiteExecutor.execute(TestSuiteExecutor.java:106)
	at com.kms.katalon.core.main.TestCaseMain.startTestSuite(TestCaseMain.java:180)
	at TempTestSuite1748228991768.run(TempTestSuite1748228991768.groovy:35)
	at java.base/jdk.internal.reflect.NativeMethodAccessorImpl.invoke0(Native Method)
	at java.base/jdk.internal.reflect.NativeMethodAccessorImpl.invoke(NativeMethodAccessorImpl.java:77)
	at java.base/jdk.internal.reflect.DelegatingMethodAccessorImpl.invoke(DelegatingMethodAccessorImpl.java:43)
)

26-05-2025T07:39:48 - [TEST_STEP][PASSED] - result = WriteToExcel(typeOfData, todaysDate, PercPlanR, PercPlanB, PercFactR, PercFactB, x, tabR, tabB, o1R, o1B, vidget): null

26-05-2025T07:39:48 - [TEST_STEP][PASSED] - iii = dZO.indexOf("/"): null

26-05-2025T07:39:48 - [TEST_STEP][PASSED] - println(iii): null

26-05-2025T07:39:48 - [TEST_STEP][PASSED] - if (iii > -1): null

26-05-2025T07:39:48 - [TEST_STEP][PASSED] - dZO = dZO.substring(0, iii): null

26-05-2025T07:39:48 - [TEST_STEP][PASSED] - println(dZO): null

26-05-2025T07:39:48 - [TEST_STEP][PASSED] - println(PercPlanR): null

26-05-2025T07:39:48 - [TEST_STEP][PASSED] - println(PercPlanB): null

26-05-2025T07:39:48 - [TEST_STEP][PASSED] - println(PercFactR): null

26-05-2025T07:39:48 - [TEST_STEP][PASSED] - println(PercFactB): null

26-05-2025T07:39:48 - [TEST_STEP][PASSED] - println(tabR): null

26-05-2025T07:39:48 - [TEST_STEP][PASSED] - println(tabB): null

26-05-2025T07:39:48 - [TEST_STEP][PASSED] - println(o1R): null

26-05-2025T07:39:48 - [TEST_STEP][PASSED] - println(o1B): null

26-05-2025T07:39:48 - [TEST_STEP][PASSED] - PR = <not implemented yet for class: org.codehaus.groovy.ast.expr.EmptyExpression>: null

26-05-2025T07:39:48 - [TEST_STEP][PASSED] - FR = <not implemented yet for class: org.codehaus.groovy.ast.expr.EmptyExpression>: null

26-05-2025T07:39:48 - [TEST_STEP][PASSED] - PB = <not implemented yet for class: org.codehaus.groovy.ast.expr.EmptyExpression>: null

26-05-2025T07:39:48 - [TEST_STEP][PASSED] - FB = <not implemented yet for class: org.codehaus.groovy.ast.expr.EmptyExpression>: null

26-05-2025T07:39:48 - [TEST_STEP][PASSED] - TR = <not implemented yet for class: org.codehaus.groovy.ast.expr.EmptyExpression>: null

26-05-2025T07:39:48 - [TEST_STEP][PASSED] - TB = <not implemented yet for class: org.codehaus.groovy.ast.expr.EmptyExpression>: null

26-05-2025T07:39:48 - [TEST_STEP][PASSED] - sheetName = "Sheet1": null

26-05-2025T07:39:48 - [TEST_STEP][PASSED] - data = findTestData("PlanFact"): null

26-05-2025T07:39:48 - [TEST_STEP][PASSED] - n = data.getRowNumbers() + 1: null

26-05-2025T07:39:48 - [TEST_STEP][PASSED] - day = ")).toInteger(): null

26-05-2025T07:39:48 - [TEST_STEP][PASSED] - println(day): null

26-05-2025T07:39:48 - [TEST_STEP][PASSED] - month = ")).toInteger(): null

26-05-2025T07:39:48 - [TEST_STEP][PASSED] - println(month): null

26-05-2025T07:39:48 - [TEST_STEP][PASSED] - y = length()).toInteger(): null

26-05-2025T07:39:48 - [TEST_STEP][PASSED] - if (month < 3 && day < 30): null

26-05-2025T07:39:48 - [TEST_STEP][PASSED] - println(y): null

26-05-2025T07:39:48 - [TEST_STEP][PASSED] - m = getText(findTestObject("Выполнение бизнес-плана/Выполнение бизнес-плана Балансы/Фильтр Дата")): Text of object 'Object Repository/Выполнение бизнес-плана/Выполнение бизнес-плана Балансы/Фильтр Дата' is: '1 кв. 2025 года'

26-05-2025T07:39:48 - [MESSAGE][PASSED] - Text of object 'Object Repository/Выполнение бизнес-плана/Выполнение бизнес-плана Балансы/Фильтр Дата' is: '1 кв. 2025 года'

26-05-2025T07:39:48 - [TEST_STEP][PASSED] - if (toString().length() == 4): null

26-05-2025T07:39:48 - [TEST_STEP][PASSED] - m = m.substring(0, m.indexOf(y.toString())): null

26-05-2025T07:39:48 - [TEST_STEP][PASSED] - m = m.trim(): null

26-05-2025T07:39:48 - [TEST_STEP][PASSED] - if (m == ""): null

26-05-2025T07:39:48 - [TEST_STEP][PASSED] - dashboardName = "Выполнение бизнес-плана": null

26-05-2025T07:39:48 - [TEST_STEP][PASSED] - workbook01 = getWorkbook(excelFilePath): null

26-05-2025T07:39:48 - [TEST_STEP][PASSED] - sheet01 = getExcelSheet(workbook01, sheetName): null

26-05-2025T07:39:48 - [TEST_STEP][PASSED] - setValueToCellByIndex(sheet01, n, 0, dashboardName): null

26-05-2025T07:39:48 - [TEST_STEP][PASSED] - setValueToCellByIndex(sheet01, n, 1, dZO): null

26-05-2025T07:39:48 - [TEST_STEP][PASSED] - setValueToCellByIndex(sheet01, n, 2, typeOfData): null

26-05-2025T07:39:48 - [TEST_STEP][PASSED] - setValueToCellByIndex(sheet01, n, 3, typeOfData): null

26-05-2025T07:39:48 - [TEST_STEP][PASSED] - if (typeOfData == "План"): null

26-05-2025T07:39:48 - [TEST_STEP][PASSED] - else if (typeOfData == "Факт"): null

26-05-2025T07:39:48 - [TEST_STEP][PASSED] - else if (vidget.contains("электроэнергии") == true): null

26-05-2025T07:39:48 - [TEST_STEP][PASSED] - if (tabR == null): null

26-05-2025T07:39:48 - [TEST_STEP][PASSED] - else: null

26-05-2025T07:39:48 - [TEST_STEP][PASSED] - if (tabR == "нет данных"): null

26-05-2025T07:39:48 - [TEST_STEP][PASSED] - else: null

26-05-2025T07:39:48 - [TEST_STEP][PASSED] - TR = tabR.toInteger(): null

26-05-2025T07:39:48 - [TEST_STEP][PASSED] - setValueToCellByIndex(sheet01, n, 4, TR): null

26-05-2025T07:39:48 - [TEST_STEP][PASSED] - if (tabB == null): null

26-05-2025T07:39:48 - [TEST_STEP][PASSED] - else: null

26-05-2025T07:39:48 - [TEST_STEP][PASSED] - if (tabB == "нет данных"): null

26-05-2025T07:39:48 - [TEST_STEP][PASSED] - else: null

26-05-2025T07:39:48 - [TEST_STEP][PASSED] - TB = tabB.toInteger(): null

26-05-2025T07:39:48 - [TEST_STEP][PASSED] - setValueToCellByIndex(sheet01, n, 5, TB): null

26-05-2025T07:39:48 - [TEST_STEP][PASSED] - setValueToCellByIndex(sheet01, n, 6, m): null

26-05-2025T07:39:48 - [TEST_STEP][PASSED] - setValueToCellByIndex(sheet01, n, 7, y): null

26-05-2025T07:39:48 - [TEST_STEP][PASSED] - setValueToCellByIndex(sheet01, n, 8, todaysDate): null

26-05-2025T07:39:48 - [TEST_STEP][PASSED] - n = n + 1: null

26-05-2025T07:39:48 - [TEST_STEP][PASSED] - saveWorkbook(excelFilePath, workbook01): null

26-05-2025T07:39:48 - [TEST_STEP][PASSED] - ii2 = a.indexOf("ПАО"): null

26-05-2025T07:39:48 - [TEST_STEP][PASSED] - if (ii2 == -1): null

26-05-2025T07:39:48 - [TEST_STEP][PASSED] - vidget = "Отклонения фактического уровня потерь от бизнес-плана": null

26-05-2025T07:39:48 - [TEST_STEP][PASSED] - typeOfData = "Коэффициент": null

26-05-2025T07:39:48 - [TEST_STEP][PASSED] - o1R = Geto1R(x = a): null

26-05-2025T07:39:48 - [TEST_STEP][PASSED] - i1 = <not implemented yet for class: org.codehaus.groovy.ast.expr.EmptyExpression>: null

26-05-2025T07:39:48 - [TEST_STEP][PASSED] - ii = <not implemented yet for class: org.codehaus.groovy.ast.expr.EmptyExpression>: null

26-05-2025T07:39:48 - [TEST_STEP][PASSED] - for ([ii = 1, ii < 10, (ii++)]): null

26-05-2025T07:39:48 - [TEST_STEP][PASSED] - i1 = x.indexOf("/") + 1: null

26-05-2025T07:39:48 - [TEST_STEP][PASSED] - if (i1 > -1): null

26-05-2025T07:39:48 - [TEST_STEP][PASSED] - x = x.substring(i1, x.length()): null

26-05-2025T07:39:48 - [TEST_STEP][PASSED] - i1 = x.indexOf("/") + 1: null

26-05-2025T07:39:48 - [TEST_STEP][PASSED] - if (i1 > -1): null

26-05-2025T07:39:48 - [TEST_STEP][PASSED] - x = x.substring(i1, x.length()): null

26-05-2025T07:39:48 - [TEST_STEP][PASSED] - i1 = x.indexOf("/") + 1: null

26-05-2025T07:39:48 - [TEST_STEP][PASSED] - if (i1 > -1): null

26-05-2025T07:39:48 - [TEST_STEP][PASSED] - x = x.substring(i1, x.length()): null

26-05-2025T07:39:48 - [TEST_STEP][PASSED] - i1 = x.indexOf("/") + 1: null

26-05-2025T07:39:48 - [TEST_STEP][PASSED] - if (i1 > -1): null

26-05-2025T07:39:48 - [TEST_STEP][PASSED] - x = x.substring(i1, x.length()): null

26-05-2025T07:39:48 - [TEST_STEP][PASSED] - i1 = x.indexOf("/") + 1: null

26-05-2025T07:39:48 - [TEST_STEP][PASSED] - if (i1 > -1): null

26-05-2025T07:39:48 - [TEST_STEP][PASSED] - x = x.substring(i1, x.length()): null

26-05-2025T07:39:48 - [TEST_STEP][PASSED] - i1 = x.indexOf("/") + 1: null

26-05-2025T07:39:48 - [TEST_STEP][PASSED] - if (i1 > -1): null

26-05-2025T07:39:48 - [TEST_STEP][PASSED] - x = x.substring(i1, x.length()): null

26-05-2025T07:39:48 - [TEST_STEP][PASSED] - i1 = x.indexOf("/") + 1: null

26-05-2025T07:39:48 - [TEST_STEP][PASSED] - if (i1 > -1): null

26-05-2025T07:39:48 - [TEST_STEP][PASSED] - x = x.substring(i1, x.length()): null

26-05-2025T07:39:48 - [TEST_STEP][PASSED] - i1 = x.indexOf("/") + 1: null

26-05-2025T07:39:48 - [TEST_STEP][PASSED] - if (i1 > -1): null

26-05-2025T07:39:48 - [TEST_STEP][PASSED] - x = x.substring(i1, x.length()): null

26-05-2025T07:39:48 - [TEST_STEP][PASSED] - i1 = x.indexOf("/") + 1: null

26-05-2025T07:39:48 - [TEST_STEP][PASSED] - if (i1 > -1): null

26-05-2025T07:39:48 - [TEST_STEP][PASSED] - x = x.substring(i1, x.length()): null

26-05-2025T07:39:48 - [TEST_STEP][PASSED] - i1 = x.indexOf("/"): null

26-05-2025T07:39:48 - [TEST_STEP][PASSED] - if (i1 > -1): null

26-05-2025T07:39:48 - [TEST_STEP][PASSED] - println(x): null

26-05-2025T07:39:48 - [TEST_STEP][PASSED] - return x: null

26-05-2025T07:39:48 - [TEST_STEP][PASSED] - o1B = Geto1B(x = b): null

26-05-2025T07:39:48 - [TEST_STEP][PASSED] - i1 = <not implemented yet for class: org.codehaus.groovy.ast.expr.EmptyExpression>: null

26-05-2025T07:39:48 - [TEST_STEP][PASSED] - ii = <not implemented yet for class: org.codehaus.groovy.ast.expr.EmptyExpression>: null

26-05-2025T07:39:48 - [TEST_STEP][PASSED] - for ([ii = 1, ii < 10, (ii++)]): null

26-05-2025T07:39:48 - [TEST_STEP][PASSED] - i1 = x.indexOf("/") + 1: null

26-05-2025T07:39:48 - [TEST_STEP][PASSED] - if (i1 > -1): null

26-05-2025T07:39:48 - [TEST_STEP][PASSED] - x = x.substring(i1, x.length()): null

26-05-2025T07:39:48 - [TEST_STEP][PASSED] - i1 = x.indexOf("/") + 1: null

26-05-2025T07:39:48 - [TEST_STEP][PASSED] - if (i1 > -1): null

26-05-2025T07:39:48 - [TEST_STEP][PASSED] - x = x.substring(i1, x.length()): null

26-05-2025T07:39:48 - [TEST_STEP][PASSED] - i1 = x.indexOf("/") + 1: null

26-05-2025T07:39:48 - [TEST_STEP][PASSED] - if (i1 > -1): null

26-05-2025T07:39:48 - [TEST_STEP][PASSED] - x = x.substring(i1, x.length()): null

26-05-2025T07:39:48 - [TEST_STEP][PASSED] - i1 = x.indexOf("/") + 1: null

26-05-2025T07:39:48 - [TEST_STEP][PASSED] - if (i1 > -1): null

26-05-2025T07:39:48 - [TEST_STEP][PASSED] - x = x.substring(i1, x.length()): null

26-05-2025T07:39:48 - [TEST_STEP][PASSED] - i1 = x.indexOf("/") + 1: null

26-05-2025T07:39:48 - [TEST_STEP][PASSED] - if (i1 > -1): null

26-05-2025T07:39:48 - [TEST_STEP][PASSED] - x = x.substring(i1, x.length()): null

26-05-2025T07:39:48 - [TEST_STEP][PASSED] - i1 = x.indexOf("/") + 1: null

26-05-2025T07:39:48 - [TEST_STEP][PASSED] - if (i1 > -1): null

26-05-2025T07:39:48 - [TEST_STEP][PASSED] - x = x.substring(i1, x.length()): null

26-05-2025T07:39:48 - [TEST_STEP][PASSED] - i1 = x.indexOf("/") + 1: null

26-05-2025T07:39:48 - [TEST_STEP][PASSED] - if (i1 > -1): null

26-05-2025T07:39:48 - [TEST_STEP][PASSED] - x = x.substring(i1, x.length()): null

26-05-2025T07:39:48 - [TEST_STEP][PASSED] - i1 = x.indexOf("/") + 1: null

26-05-2025T07:39:48 - [TEST_STEP][PASSED] - if (i1 > -1): null

26-05-2025T07:39:48 - [TEST_STEP][PASSED] - x = x.substring(i1, x.length()): null

26-05-2025T07:39:48 - [TEST_STEP][PASSED] - i1 = x.indexOf("/") + 1: null

26-05-2025T07:39:48 - [TEST_STEP][PASSED] - if (i1 > -1): null

26-05-2025T07:39:48 - [TEST_STEP][PASSED] - x = x.substring(i1, x.length()): null

26-05-2025T07:39:48 - [TEST_STEP][PASSED] - i1 = x.indexOf("/"): null

26-05-2025T07:39:48 - [TEST_STEP][PASSED] - if (i1 > -1): null

26-05-2025T07:39:48 - [TEST_STEP][PASSED] - println(x): null

26-05-2025T07:39:48 - [TEST_STEP][PASSED] - return x: Actual object 'Россети Янтарь/10.39/8.87/901140/821181/79959/908608/814188/94420/-1.52' and expected object 'Россети Янтарь/10.39/8.87/901140/821181/79959/908608/814188/94420/-1.52' are equal

26-05-2025T07:39:48 - [TEST_STEP][PASSED] - println(o1R + "/" + o1B): null

26-05-2025T07:39:48 - [TEST_STEP][PASSED] - if (verifyEqual(PercFactR, PercFactB) == false): Actual object '6.63' and expected object '6.63' are equal

26-05-2025T07:39:48 - [MESSAGE][PASSED] - Actual object '6.63' and expected object '6.63' are equal

26-05-2025T07:39:48 - [TEST_STEP][PASSED] - if (verifyEqual(cenR, cenB) == false): Actual object 'Россети Центр (ГК)/нет данных/нет данных/нет данных/нет данных/нет данных/нет данных/нет данных/нет данных/нет данных' and expected object 'Россети Центр (ГК)/нет данных/нет данных/нет данных/нет данных/нет данных/нет данных/нет данных/нет данных/нет данных' are equal

26-05-2025T07:39:48 - [MESSAGE][PASSED] - Actual object 'Россети Центр (ГК)/нет данных/нет данных/нет данных/нет данных/нет данных/нет данных/нет данных/нет данных/нет данных' and expected object 'Россети Центр (ГК)/нет данных/нет данных/нет данных/нет данных/нет данных/нет данных/нет данных/нет данных/нет данных' are equal

26-05-2025T07:39:48 - [TEST_STEP][PASSED] - if (verifyEqual(cIPR, cIPB) == false): Actual object 'Россети Центр и Приволжье (ГК)/нет данных/нет данных/нет данных/нет данных/нет данных/нет данных/нет данных/нет данных/нет данных' and expected object 'Россети Центр и Приволжье (ГК)/нет данных/нет данных/нет данных/нет данных/нет данных/нет данных/нет данных/нет данных/нет данных' are equal

26-05-2025T07:39:48 - [MESSAGE][PASSED] - Actual object 'Россети Центр и Приволжье (ГК)/нет данных/нет данных/нет данных/нет данных/нет данных/нет данных/нет данных/нет данных/нет данных' and expected object 'Россети Центр и Приволжье (ГК)/нет данных/нет данных/нет данных/нет данных/нет данных/нет данных/нет данных/нет данных/нет данных' are equal

26-05-2025T07:39:48 - [TEST_STEP][PASSED] - if (verifyEqual(ugR, ugB) == false): Actual object 'Россети Юг (ГК)/10.84/9.40/3467484/3141633/325852/3760351/3352866/407485/-1.52' and expected object 'Россети Юг (ГК)/10.84/9.40/3467484/3141633/325852/3760351/3352866/407485/-1.52' are equal

26-05-2025T07:39:48 - [MESSAGE][PASSED] - Actual object 'Россети Юг (ГК)/10.84/9.40/3467484/3141633/325852/3760351/3352866/407485/-1.52' and expected object 'Россети Юг (ГК)/10.84/9.40/3467484/3141633/325852/3760351/3352866/407485/-1.52' are equal

26-05-2025T07:39:48 - [TEST_STEP][PASSED] - if (verifyEqual(yR, yB) == false): Actual object 'Россети Янтарь/10.39/8.87/901140/821181/79959/908608/814188/94420/-1.52' and expected object 'Россети Янтарь/10.39/8.87/901140/821181/79959/908608/814188/94420/-1.52' are equal

26-05-2025T07:39:48 - [MESSAGE][PASSED] - Actual object 'Россети Янтарь/10.39/8.87/901140/821181/79959/908608/814188/94420/-1.52' and expected object 'Россети Янтарь/10.39/8.87/901140/821181/79959/908608/814188/94420/-1.52' are equal

26-05-2025T07:39:48 - [TEST_STEP][PASSED] - closeBrowser(): Browser is closed

26-05-2025T07:39:49 - [MESSAGE][PASSED] - Browser is closed]]></system-out>
         <system-err><![CDATA[26-05-2025T07:32:35 - [TEST_CASE][FAILED] - Test Cases/Сверки дашбордов/Выполнение бизнес-плана сверка дашбордов: Test Cases/Сверки дашбордов/Выполнение бизнес-плана сверка дашбордов FAILED.
Reason:
com.kms.katalon.core.exception.StepFailedException: Unable to verify object is present (Root cause: com.kms.katalon.core.exception.StepFailedException: Unable to verify object is present
	at com.kms.katalon.core.webui.keyword.internal.WebUIKeywordMain.stepFailed(WebUIKeywordMain.groovy:64)
	at com.kms.katalon.core.webui.keyword.internal.WebUIKeywordMain.runKeyword(WebUIKeywordMain.groovy:26)
	at com.kms.katalon.core.webui.keyword.builtin.VerifyElementPresentKeyword.verifyElementPresent(VerifyElementPresentKeyword.groovy:92)
	at com.kms.katalon.core.webui.keyword.builtin.VerifyElementPresentKeyword.execute(VerifyElementPresentKeyword.groovy:68)
	at com.kms.katalon.core.keyword.internal.KeywordExecutor.executeKeywordForPlatform(KeywordExecutor.groovy:74)
	at com.kms.katalon.core.webui.keyword.WebUiBuiltInKeywords.verifyElementPresent(WebUiBuiltInKeywords.groovy:1503)
	at Выполнение бизнес-плана сверка дашбордов.GetAllPAOData(Выполнение бизнес-плана сверка дашбордов:862)
	at Выполнение бизнес-плана сверка дашбордов.run(Выполнение бизнес-плана сверка дашбордов:362)
	at com.kms.katalon.core.main.ScriptEngine.run(ScriptEngine.java:194)
	at com.kms.katalon.core.main.ScriptEngine.runScriptAsRawText(ScriptEngine.java:119)
	at com.kms.katalon.core.main.TestCaseExecutor.runScript(TestCaseExecutor.java:448)
	at com.kms.katalon.core.main.TestCaseExecutor.doExecute(TestCaseExecutor.java:439)
	at com.kms.katalon.core.main.TestCaseExecutor.processExecutionPhase(TestCaseExecutor.java:418)
	at com.kms.katalon.core.main.TestCaseExecutor.accessMainPhase(TestCaseExecutor.java:410)
	at com.kms.katalon.core.main.TestCaseExecutor.execute(TestCaseExecutor.java:285)
	at com.kms.katalon.core.common.CommonExecutor.accessTestCaseMainPhase(CommonExecutor.java:65)
	at com.kms.katalon.core.main.TestSuiteExecutor.accessTestSuiteMainPhase(TestSuiteExecutor.java:150)
	at com.kms.katalon.core.main.TestSuiteExecutor.execute(TestSuiteExecutor.java:106)
	at com.kms.katalon.core.main.TestCaseMain.startTestSuite(TestCaseMain.java:180)
	at TempTestSuite1748228991768.run(TempTestSuite1748228991768.groovy:35)
	at java.base/jdk.internal.reflect.NativeMethodAccessorImpl.invoke0(Native Method)
	at java.base/jdk.internal.reflect.NativeMethodAccessorImpl.invoke(NativeMethodAccessorImpl.java:77)
	at java.base/jdk.internal.reflect.DelegatingMethodAccessorImpl.invoke(DelegatingMethodAccessorImpl.java:43)
Caused by: java.lang.IllegalArgumentException: Object is null
	at com.kms.katalon.core.helper.KeywordHelper.checkTestObjectParameter(KeywordHelper.java:33)
	at com.kms.katalon.core.webui.keyword.builtin.VerifyElementPresentKeyword$_verifyElementPresent_closure1.doCall(VerifyElementPresentKeyword.groovy:76)
	at com.kms.katalon.core.webui.keyword.builtin.VerifyElementPresentKeyword$_verifyElementPresent_closure1.call(VerifyElementPresentKeyword.groovy)
	at com.kms.katalon.core.webui.keyword.internal.WebUIKeywordMain.runKeyword(WebUIKeywordMain.groovy:20)
	at com.kms.katalon.core.webui.keyword.builtin.VerifyElementPresentKeyword.verifyElementPresent(VerifyElementPresentKeyword.groovy:92)
	at com.kms.katalon.core.webui.keyword.builtin.VerifyElementPresentKeyword.execute(VerifyElementPresentKeyword.groovy:68)
	at com.kms.katalon.core.keyword.internal.KeywordExecutor.executeKeywordForPlatform(KeywordExecutor.groovy:74)
	at com.kms.katalon.core.webui.keyword.WebUiBuiltInKeywords.verifyElementPresent(WebUiBuiltInKeywords.groovy:1503)
	at Script1719299571342.GetAllPAOData(Script1719299571342.groovy:862)
	at Script1719299571342.run(Script1719299571342.groovy:362)
	... 15 more
)
	at com.kms.katalon.core.keyword.internal.KeywordMain.stepFailed(KeywordMain.groovy:39)
	at com.kms.katalon.core.webui.keyword.internal.WebUIKeywordMain.stepFailed(WebUIKeywordMain.groovy:64)
	at com.kms.katalon.core.webui.keyword.internal.WebUIKeywordMain.runKeyword(WebUIKeywordMain.groovy:26)
	at com.kms.katalon.core.webui.keyword.builtin.VerifyElementPresentKeyword.verifyElementPresent(VerifyElementPresentKeyword.groovy:92)
	at com.kms.katalon.core.webui.keyword.builtin.VerifyElementPresentKeyword.execute(VerifyElementPresentKeyword.groovy:68)
	at com.kms.katalon.core.keyword.internal.KeywordExecutor.executeKeywordForPlatform(KeywordExecutor.groovy:74)
	at com.kms.katalon.core.webui.keyword.WebUiBuiltInKeywords.verifyElementPresent(WebUiBuiltInKeywords.groovy:1503)
	at Выполнение бизнес-плана сверка дашбордов.GetAllPAOData(Выполнение бизнес-плана сверка дашбордов:862)
	at Выполнение бизнес-плана сверка дашбордов.run(Выполнение бизнес-плана сверка дашбордов:362)
	at com.kms.katalon.core.main.ScriptEngine.run(ScriptEngine.java:194)
	at com.kms.katalon.core.main.ScriptEngine.runScriptAsRawText(ScriptEngine.java:119)
	at com.kms.katalon.core.main.TestCaseExecutor.runScript(TestCaseExecutor.java:448)
	at com.kms.katalon.core.main.TestCaseExecutor.doExecute(TestCaseExecutor.java:439)
	at com.kms.katalon.core.main.TestCaseExecutor.processExecutionPhase(TestCaseExecutor.java:418)
	at com.kms.katalon.core.main.TestCaseExecutor.accessMainPhase(TestCaseExecutor.java:410)
	at com.kms.katalon.core.main.TestCaseExecutor.execute(TestCaseExecutor.java:285)
	at com.kms.katalon.core.common.CommonExecutor.accessTestCaseMainPhase(CommonExecutor.java:65)
	at com.kms.katalon.core.main.TestSuiteExecutor.accessTestSuiteMainPhase(TestSuiteExecutor.java:150)
	at com.kms.katalon.core.main.TestSuiteExecutor.execute(TestSuiteExecutor.java:106)
	at com.kms.katalon.core.main.TestCaseMain.startTestSuite(TestCaseMain.java:180)
	at TempTestSuite1748228991768.run(TempTestSuite1748228991768.groovy:35)
	at java.base/jdk.internal.reflect.NativeMethodAccessorImpl.invoke0(Native Method)
	at java.base/jdk.internal.reflect.NativeMethodAccessorImpl.invoke(NativeMethodAccessorImpl.java:77)
	at java.base/jdk.internal.reflect.DelegatingMethodAccessorImpl.invoke(DelegatingMethodAccessorImpl.java:43)
Caused by: com.kms.katalon.core.exception.StepFailedException: Unable to verify object is present
	... 23 more
Caused by: java.lang.IllegalArgumentException: Object is null
	at com.kms.katalon.core.helper.KeywordHelper.checkTestObjectParameter(KeywordHelper.java:33)
	at com.kms.katalon.core.webui.keyword.builtin.VerifyElementPresentKeyword$_verifyElementPresent_closure1.doCall(VerifyElementPresentKeyword.groovy:76)
	at com.kms.katalon.core.webui.keyword.builtin.VerifyElementPresentKeyword$_verifyElementPresent_closure1.call(VerifyElementPresentKeyword.groovy)
	at com.kms.katalon.core.webui.keyword.internal.WebUIKeywordMain.runKeyword(WebUIKeywordMain.groovy:20)
	... 21 more]]></system-err>
      </testcase>
      <testcase name="Test Cases/Сверки дашбордов/Выручка в рублях сверка дашбордов ПАО Россети" time="4937.635" classname="Test Cases/Сверки дашбордов/Выручка в рублях сверка дашбордов ПАО Россети" status="PASSED">
         <system-out><![CDATA[26-05-2025T07:39:49 - [TEST_CASE][PASSED] - Test Cases/Сверки дашбордов/Выручка в рублях сверка дашбордов ПАО Россети: Test Cases/Сверки дашбордов/Выручка в рублях сверка дашбордов ПАО Россети

26-05-2025T07:39:49 - [TEST_STEP][PASSED] - date = new java.util.Date(): null

26-05-2025T07:39:49 - [TEST_STEP][PASSED] - todaysDate = date.format("dd.MM.yyyy"): null

26-05-2025T07:39:49 - [TEST_STEP][PASSED] - println(todaysDate): null

26-05-2025T07:39:49 - [TEST_STEP][PASSED] - run = 1: null

26-05-2025T07:39:49 - [TEST_STEP][PASSED] - vir = 1: null

26-05-2025T07:39:49 - [TEST_STEP][PASSED] - block = 1: null

26-05-2025T07:39:49 - [TEST_STEP][PASSED] - vidget = <not implemented yet for class: org.codehaus.groovy.ast.expr.EmptyExpression>: null

26-05-2025T07:39:49 - [TEST_STEP][PASSED] - nameOfBlock = <not implemented yet for class: org.codehaus.groovy.ast.expr.EmptyExpression>: null

26-05-2025T07:39:49 - [TEST_STEP][PASSED] - typeOfData = <not implemented yet for class: org.codehaus.groovy.ast.expr.EmptyExpression>: null

26-05-2025T07:39:49 - [TEST_STEP][PASSED] - viruchka = <not implemented yet for class: org.codehaus.groovy.ast.expr.EmptyExpression>: null

26-05-2025T07:39:49 - [TEST_STEP][PASSED] - a = <not implemented yet for class: org.codehaus.groovy.ast.expr.EmptyExpression>: null

26-05-2025T07:39:49 - [TEST_STEP][PASSED] - b = <not implemented yet for class: org.codehaus.groovy.ast.expr.EmptyExpression>: null

26-05-2025T07:39:49 - [TEST_STEP][PASSED] - x = <not implemented yet for class: org.codehaus.groovy.ast.expr.EmptyExpression>: null

26-05-2025T07:39:49 - [TEST_STEP][PASSED] - y = <not implemented yet for class: org.codehaus.groovy.ast.expr.EmptyExpression>: null

26-05-2025T07:39:49 - [TEST_STEP][PASSED] - dZO = "ПАО Россети": null

26-05-2025T07:39:49 - [TEST_STEP][PASSED] - for ([run = 1, run < 3, (run++)]): null

26-05-2025T07:39:49 - [TEST_STEP][PASSED] - Script1742558545601.ViruchkaChange(run, vir, block, nameOfBlock, typeOfData, viruchka, vidget, todaysDate, a, b, dZO, x, y): null

26-05-2025T07:39:49 - [TEST_STEP][PASSED] - for ([vir = 1, vir < 4, (vir++)]): null

26-05-2025T07:39:49 - [TEST_STEP][PASSED] - Script1742558545601.Blocks(run, vir, block, nameOfBlock, typeOfData, viruchka, vidget, todaysDate, a, b, dZO, x, y): null

26-05-2025T07:39:49 - [TEST_STEP][PASSED] - i = <not implemented yet for class: org.codehaus.groovy.ast.expr.EmptyExpression>: null

26-05-2025T07:39:49 - [TEST_STEP][PASSED] - perc = "": null

26-05-2025T07:39:49 - [TEST_STEP][PASSED] - a1 = <not implemented yet for class: org.codehaus.groovy.ast.expr.EmptyExpression>: null

26-05-2025T07:39:49 - [TEST_STEP][PASSED] - a2 = <not implemented yet for class: org.codehaus.groovy.ast.expr.EmptyExpression>: null

26-05-2025T07:39:49 - [TEST_STEP][PASSED] - a30 = <not implemented yet for class: org.codehaus.groovy.ast.expr.EmptyExpression>: null

26-05-2025T07:39:49 - [TEST_STEP][PASSED] - a31 = <not implemented yet for class: org.codehaus.groovy.ast.expr.EmptyExpression>: null

26-05-2025T07:39:49 - [TEST_STEP][PASSED] - a32 = <not implemented yet for class: org.codehaus.groovy.ast.expr.EmptyExpression>: null

26-05-2025T07:39:49 - [TEST_STEP][PASSED] - a33 = <not implemented yet for class: org.codehaus.groovy.ast.expr.EmptyExpression>: null

26-05-2025T07:39:49 - [TEST_STEP][PASSED] - a34 = <not implemented yet for class: org.codehaus.groovy.ast.expr.EmptyExpression>: null

26-05-2025T07:39:49 - [TEST_STEP][PASSED] - a35 = <not implemented yet for class: org.codehaus.groovy.ast.expr.EmptyExpression>: null

26-05-2025T07:39:49 - [TEST_STEP][PASSED] - a36 = <not implemented yet for class: org.codehaus.groovy.ast.expr.EmptyExpression>: null

26-05-2025T07:39:49 - [TEST_STEP][PASSED] - a37 = <not implemented yet for class: org.codehaus.groovy.ast.expr.EmptyExpression>: null

26-05-2025T07:39:49 - [TEST_STEP][PASSED] - a38 = <not implemented yet for class: org.codehaus.groovy.ast.expr.EmptyExpression>: null

26-05-2025T07:39:49 - [TEST_STEP][PASSED] - a39 = <not implemented yet for class: org.codehaus.groovy.ast.expr.EmptyExpression>: null

26-05-2025T07:39:49 - [TEST_STEP][PASSED] - a310 = <not implemented yet for class: org.codehaus.groovy.ast.expr.EmptyExpression>: null

26-05-2025T07:39:49 - [TEST_STEP][PASSED] - a311 = <not implemented yet for class: org.codehaus.groovy.ast.expr.EmptyExpression>: null

26-05-2025T07:39:49 - [TEST_STEP][PASSED] - a312 = <not implemented yet for class: org.codehaus.groovy.ast.expr.EmptyExpression>: null

26-05-2025T07:39:49 - [TEST_STEP][PASSED] - a313 = <not implemented yet for class: org.codehaus.groovy.ast.expr.EmptyExpression>: null

26-05-2025T07:39:49 - [TEST_STEP][PASSED] - a314 = <not implemented yet for class: org.codehaus.groovy.ast.expr.EmptyExpression>: null

26-05-2025T07:39:49 - [TEST_STEP][PASSED] - a315 = <not implemented yet for class: org.codehaus.groovy.ast.expr.EmptyExpression>: null

26-05-2025T07:39:49 - [TEST_STEP][PASSED] - a316 = <not implemented yet for class: org.codehaus.groovy.ast.expr.EmptyExpression>: null

26-05-2025T07:39:49 - [TEST_STEP][PASSED] - a317 = <not implemented yet for class: org.codehaus.groovy.ast.expr.EmptyExpression>: null

26-05-2025T07:39:49 - [TEST_STEP][PASSED] - a318 = <not implemented yet for class: org.codehaus.groovy.ast.expr.EmptyExpression>: null

26-05-2025T07:39:49 - [TEST_STEP][PASSED] - b1 = <not implemented yet for class: org.codehaus.groovy.ast.expr.EmptyExpression>: null

26-05-2025T07:39:49 - [TEST_STEP][PASSED] - b2 = <not implemented yet for class: org.codehaus.groovy.ast.expr.EmptyExpression>: null

26-05-2025T07:39:49 - [TEST_STEP][PASSED] - b30 = <not implemented yet for class: org.codehaus.groovy.ast.expr.EmptyExpression>: null

26-05-2025T07:39:49 - [TEST_STEP][PASSED] - b31 = <not implemented yet for class: org.codehaus.groovy.ast.expr.EmptyExpression>: null

26-05-2025T07:39:49 - [TEST_STEP][PASSED] - b32 = <not implemented yet for class: org.codehaus.groovy.ast.expr.EmptyExpression>: null

26-05-2025T07:39:49 - [TEST_STEP][PASSED] - b33 = <not implemented yet for class: org.codehaus.groovy.ast.expr.EmptyExpression>: null

26-05-2025T07:39:49 - [TEST_STEP][PASSED] - b34 = <not implemented yet for class: org.codehaus.groovy.ast.expr.EmptyExpression>: null

26-05-2025T07:39:49 - [TEST_STEP][PASSED] - b35 = <not implemented yet for class: org.codehaus.groovy.ast.expr.EmptyExpression>: null

26-05-2025T07:39:49 - [TEST_STEP][PASSED] - b36 = <not implemented yet for class: org.codehaus.groovy.ast.expr.EmptyExpression>: null

26-05-2025T07:39:49 - [TEST_STEP][PASSED] - b37 = <not implemented yet for class: org.codehaus.groovy.ast.expr.EmptyExpression>: null

26-05-2025T07:39:49 - [TEST_STEP][PASSED] - b38 = <not implemented yet for class: org.codehaus.groovy.ast.expr.EmptyExpression>: null

26-05-2025T07:39:49 - [TEST_STEP][PASSED] - b39 = <not implemented yet for class: org.codehaus.groovy.ast.expr.EmptyExpression>: null

26-05-2025T07:39:49 - [TEST_STEP][PASSED] - b310 = <not implemented yet for class: org.codehaus.groovy.ast.expr.EmptyExpression>: null

26-05-2025T07:39:49 - [TEST_STEP][PASSED] - b311 = <not implemented yet for class: org.codehaus.groovy.ast.expr.EmptyExpression>: null

26-05-2025T07:39:49 - [TEST_STEP][PASSED] - b312 = <not implemented yet for class: org.codehaus.groovy.ast.expr.EmptyExpression>: null

26-05-2025T07:39:49 - [TEST_STEP][PASSED] - b313 = <not implemented yet for class: org.codehaus.groovy.ast.expr.EmptyExpression>: null

26-05-2025T07:39:49 - [TEST_STEP][PASSED] - b314 = <not implemented yet for class: org.codehaus.groovy.ast.expr.EmptyExpression>: null

26-05-2025T07:39:49 - [TEST_STEP][PASSED] - b315 = <not implemented yet for class: org.codehaus.groovy.ast.expr.EmptyExpression>: null

26-05-2025T07:39:49 - [TEST_STEP][PASSED] - b316 = <not implemented yet for class: org.codehaus.groovy.ast.expr.EmptyExpression>: null

26-05-2025T07:39:49 - [TEST_STEP][PASSED] - b317 = <not implemented yet for class: org.codehaus.groovy.ast.expr.EmptyExpression>: null

26-05-2025T07:39:49 - [TEST_STEP][PASSED] - b318 = <not implemented yet for class: org.codehaus.groovy.ast.expr.EmptyExpression>: null

26-05-2025T07:39:49 - [TEST_STEP][PASSED] - block = 1: null

26-05-2025T07:39:49 - [TEST_STEP][PASSED] - nameOfBlock = "": null

26-05-2025T07:39:49 - [TEST_STEP][PASSED] - Script1742558545601.PreSettings(run, vir, block, nameOfBlock, typeOfData, todaysDate): null

26-05-2025T07:39:49 - [TEST_STEP][PASSED] - openBrowser(""): Browser is opened with url: ''

26-05-2025T07:39:49 - [MESSAGE][INFO] - Starting 'Chrome' driver

26-05-2025T07:39:49 - [MESSAGE][INFO] - Action delay is set to 0 milliseconds

26-05-2025T07:39:50 - [MESSAGE][PASSED] - Browser is opened with url: ''

26-05-2025T07:39:50 - [TEST_STEP][PASSED] - refresh(): Refresh successfully

26-05-2025T07:39:50 - [MESSAGE][PASSED] - Refresh successfully

26-05-2025T07:39:50 - [TEST_STEP][PASSED] - delay(50): Delayed 50 second(s)

26-05-2025T07:40:40 - [MESSAGE][PASSED] - Delayed 50 second(s)

26-05-2025T07:40:40 - [TEST_STEP][PASSED] - println("run:" + run): null

26-05-2025T07:40:40 - [TEST_STEP][PASSED] - println("vir:" + vir): null

26-05-2025T07:40:40 - [TEST_STEP][PASSED] - println("block:" + block): null

26-05-2025T07:40:40 - [TEST_STEP][PASSED] - if (block == 1): null

26-05-2025T07:40:40 - [TEST_STEP][PASSED] - nameOfBlock = "": null

26-05-2025T07:40:40 - [TEST_STEP][PASSED] - println("nameOfBlock:" + nameOfBlock): null

26-05-2025T07:40:40 - [TEST_STEP][PASSED] - println("typeOfData:" + typeOfData): null

26-05-2025T07:40:40 - [TEST_STEP][PASSED] - println("todaysDate:" + todaysDate): null

26-05-2025T07:40:40 - [TEST_STEP][PASSED] - Script1742558545601.Autorization(block, nameOfBlock): null

26-05-2025T07:40:40 - [TEST_STEP][PASSED] - i = <not implemented yet for class: org.codehaus.groovy.ast.expr.EmptyExpression>: null

26-05-2025T07:40:40 - [TEST_STEP][PASSED] - ii = <not implemented yet for class: org.codehaus.groovy.ast.expr.EmptyExpression>: null

26-05-2025T07:40:40 - [TEST_STEP][PASSED] - urlData = <not implemented yet for class: org.codehaus.groovy.ast.expr.EmptyExpression>: null

26-05-2025T07:40:40 - [TEST_STEP][PASSED] - searchWord = <not implemented yet for class: org.codehaus.groovy.ast.expr.EmptyExpression>: null

26-05-2025T07:40:40 - [TEST_STEP][PASSED] - urlText = <not implemented yet for class: org.codehaus.groovy.ast.expr.EmptyExpression>: null

26-05-2025T07:40:40 - [TEST_STEP][PASSED] - println("block:" + block): null

26-05-2025T07:40:40 - [TEST_STEP][PASSED] - if (block == 1): null

26-05-2025T07:40:40 - [TEST_STEP][PASSED] - nameOfBlock = "": null

26-05-2025T07:40:40 - [TEST_STEP][PASSED] - println("nameOfBlock:" + nameOfBlock): null

26-05-2025T07:40:40 - [TEST_STEP][PASSED] - if (block == 1): Delayed 45 second(s)

26-05-2025T07:40:40 - [TEST_STEP][PASSED] - urlData = 2: null

26-05-2025T07:40:40 - [TEST_STEP][PASSED] - delay(45): Delayed 45 second(s)

26-05-2025T07:41:25 - [MESSAGE][PASSED] - Delayed 45 second(s)

26-05-2025T07:41:25 - [TEST_STEP][PASSED] - navigateToUrl(findTestData("PlanFact").getValue(10, urlData)): Navigate to 'https://bi.rosseti.digital/viewer?dashboardGuid=2301950b23be4ed89c1df75f2020051e&sheetGuid=b723206f698544fb87299f3095c00435&fit=true' successfully

26-05-2025T07:41:28 - [MESSAGE][PASSED] - Navigate to 'https://bi.rosseti.digital/viewer?dashboardGuid=2301950b23be4ed89c1df75f2020051e&sheetGuid=b723206f698544fb87299f3095c00435&fit=true' successfully

26-05-2025T07:41:28 - [TEST_STEP][PASSED] - urlText = getText(findTestObject("Страница авторизации/Text")): Text of object 'Object Repository/Страница авторизации/Text' is: 'Вход'

26-05-2025T07:41:28 - [MESSAGE][PASSED] - Text of object 'Object Repository/Страница авторизации/Text' is: 'Вход'

26-05-2025T07:41:28 - [TEST_STEP][PASSED] - searchWord = "Вход": null

26-05-2025T07:41:28 - [TEST_STEP][PASSED] - if (urlText == null || urlText.contains("ошибка") || urlText.contains(searchWord) == false): null

26-05-2025T07:41:28 - [TEST_STEP][PASSED] - if (verifyElementPresent(findTestObject("Страница авторизации/button_"), 30) == true): null

26-05-2025T07:41:29 - [MESSAGE][PASSED] - Object 'Object Repository/Страница авторизации/button_' is present

26-05-2025T07:41:29 - [TEST_STEP][PASSED] - setText(findTestObject("Страница авторизации/input__username"), findTestData("PlanFact").getValue(8, 1)): Text 'liazgina-di' is set on object 'Object Repository/Страница авторизации/input__username'

26-05-2025T07:41:29 - [MESSAGE][PASSED] - Text 'liazgina-di' is set on object 'Object Repository/Страница авторизации/input__username'

26-05-2025T07:41:29 - [TEST_STEP][PASSED] - setText(findTestObject("Страница авторизации/input__password"), findTestData("PlanFact").getValue(9, 1)): Text ')$%5srZ8o688Dm#q' is set on object 'Object Repository/Страница авторизации/input__password'

26-05-2025T07:41:30 - [MESSAGE][PASSED] - Text ')$%5srZ8o688Dm#q' is set on object 'Object Repository/Страница авторизации/input__password'

26-05-2025T07:41:30 - [TEST_STEP][PASSED] - click(findTestObject("Страница авторизации/button_")): Object: 'Object Repository/Страница авторизации/button_' is clicked on

26-05-2025T07:41:31 - [MESSAGE][PASSED] - Object: 'Object Repository/Страница авторизации/button_' is clicked on

26-05-2025T07:41:31 - [TEST_STEP][PASSED] - delay(45): Delayed 45 second(s)

26-05-2025T07:42:16 - [MESSAGE][PASSED] - Delayed 45 second(s)

26-05-2025T07:42:16 - [TEST_STEP][PASSED] - urlText = getText(findTestObject("Страница авторизации/Text")): Text of object 'Object Repository/Страница авторизации/Text' is: 'Период
1 кв. 2025 года
Выручка
Все
Выполнение плановых показателей по ПАО Россети за 1 кв. 2025 года
План
Факт
Динамика
2025 год
0 млн.руб.
50 000 млн.руб.
100 000 млн.руб.
150 000 млн.руб.
200 000 млн.руб.
250 000 млн.руб.
300 000 млн.руб.
350 000 млн.руб.
400 000 млн.руб.
450 000 млн.руб.
500 000 млн.руб.
550 000 млн.руб.
466 800
463 075
↓
ДЗО 
Все
Внутренний оборот - выручка за услуги по передаче электрической энергии, учтенная в выручке за электроэнергию для конечных потребителей, при выполнении ДЗО функций гарантирующего поставщика
Подписи данных
⬤Отклонение
АО "РЭС"
АО «Тываэнерго»
АО «Чеченэнерго»
Россети Волга
Россети Кубань
Россети Ленэнерго (ГК)
Россети Московский регион
Россети Северный Кавказ (ГК)
Россети Северо-Запад
Россети Сибирь (ГК)
Россети Томск
Россети Тюмень
Россети Урал (ГК)
Россети ФСК ЕЭС
Россети Центр
Россети Центр и Приволжье (ГК)
Россети Юг (ГК)
Россети Янтарь
-4 000млн.руб.
-3 000млн.руб.
-2 000млн.руб.
-1 000млн.руб.
0млн.руб.
1 000млн.руб.
2 000млн.руб.
3 000млн.руб.
4 0…
-261
55
-27
-537
786
62
-3 345
-271
-253
876
-57
-2 765
-987
1 670
-805
-905
-11
3 047
млн.
%
Выручка
Отклонение выручки по ПАО Россети за 1 кв. 2025 года (факт/план, млн. руб)
ПАО Россети
-3 725.7 млн.руб.
 '

26-05-2025T07:42:17 - [MESSAGE][PASSED] - Text of object 'Object Repository/Страница авторизации/Text' is: 'Период
1 кв. 2025 года
Выручка
Все
Выполнение плановых показателей по ПАО Россети за 1 кв. 2025 года
План
Факт
Динамика
2025 год
0 млн.руб.
50 000 млн.руб.
100 000 млн.руб.
150 000 млн.руб.
200 000 млн.руб.
250 000 млн.руб.
300 000 млн.руб.
350 000 млн.руб.
400 000 млн.руб.
450 000 млн.руб.
500 000 млн.руб.
550 000 млн.руб.
466 800
463 075
↓
ДЗО 
Все
Внутренний оборот - выручка за услуги по передаче электрической энергии, учтенная в выручке за электроэнергию для конечных потребителей, при выполнении ДЗО функций гарантирующего поставщика
Подписи данных
⬤Отклонение
АО "РЭС"
АО «Тываэнерго»
АО «Чеченэнерго»
Россети Волга
Россети Кубань
Россети Ленэнерго (ГК)
Россети Московский регион
Россети Северный Кавказ (ГК)
Россети Северо-Запад
Россети Сибирь (ГК)
Россети Томск
Россети Тюмень
Россети Урал (ГК)
Россети ФСК ЕЭС
Россети Центр
Россети Центр и Приволжье (ГК)
Россети Юг (ГК)
Россети Янтарь
-4 000млн.руб.
-3 000млн.руб.
-2 000млн.руб.
-1 000млн.руб.
0млн.руб.
1 000млн.руб.
2 000млн.руб.
3 000млн.руб.
4 0…
-261
55
-27
-537
786
62
-3 345
-271
-253
876
-57
-2 765
-987
1 670
-805
-905
-11
3 047
млн.
%
Выручка
Отклонение выручки по ПАО Россети за 1 кв. 2025 года (факт/план, млн. руб)
ПАО Россети
-3 725.7 млн.руб.
 '

26-05-2025T07:42:17 - [TEST_STEP][PASSED] - searchWord = "а": null

26-05-2025T07:42:17 - [TEST_STEP][PASSED] - if (urlText.contains("ошибка") || urlText.contains(searchWord) == false): null

26-05-2025T07:42:17 - [TEST_STEP][PASSED] - delay(45): Delayed 45 second(s)

26-05-2025T07:43:02 - [MESSAGE][PASSED] - Delayed 45 second(s)

26-05-2025T07:43:02 - [TEST_STEP][PASSED] - if (block == 2): null

26-05-2025T07:43:02 - [TEST_STEP][PASSED] - click(findTestObject("Выручка в рублях/Фильтр Период" + nameOfBlock)): Object: 'Object Repository/Выручка в рублях/Фильтр Период' is clicked on

26-05-2025T07:43:03 - [MESSAGE][PASSED] - Object: 'Object Repository/Выручка в рублях/Фильтр Период' is clicked on

26-05-2025T07:43:03 - [TEST_STEP][PASSED] - click(findTestObject("Выручка в рублях/Снять выделение в фильтре Дата" + nameOfBlock)): Object: 'Object Repository/Выручка в рублях/Снять выделение в фильтре Дата' is clicked on

26-05-2025T07:43:03 - [MESSAGE][PASSED] - Object: 'Object Repository/Выручка в рублях/Снять выделение в фильтре Дата' is clicked on

26-05-2025T07:43:03 - [TEST_STEP][PASSED] - click(findTestObject("Выручка в рублях/Применить в фильтре Дата" + nameOfBlock)): Object: 'Object Repository/Выручка в рублях/Применить в фильтре Дата' is clicked on

26-05-2025T07:43:04 - [MESSAGE][PASSED] - Object: 'Object Repository/Выручка в рублях/Применить в фильтре Дата' is clicked on

26-05-2025T07:43:04 - [TEST_STEP][PASSED] - delay(50): Delayed 50 second(s)

26-05-2025T07:43:54 - [MESSAGE][PASSED] - Delayed 50 second(s)

26-05-2025T07:43:54 - [TEST_STEP][PASSED] - click(findTestObject("Выручка в рублях/Фильтр Период" + nameOfBlock)): Object: 'Object Repository/Выручка в рублях/Фильтр Период' is clicked on

26-05-2025T07:43:54 - [MESSAGE][PASSED] - Object: 'Object Repository/Выручка в рублях/Фильтр Период' is clicked on

26-05-2025T07:43:54 - [TEST_STEP][PASSED] - click(findTestObject("Выручка в рублях/Снять выделение в фильтре Дата" + nameOfBlock)): Object: 'Object Repository/Выручка в рублях/Снять выделение в фильтре Дата' is clicked on

26-05-2025T07:43:55 - [MESSAGE][PASSED] - Object: 'Object Repository/Выручка в рублях/Снять выделение в фильтре Дата' is clicked on

26-05-2025T07:43:55 - [TEST_STEP][PASSED] - scrollToElement(findTestObject("Выручка в рублях/2025 список" + nameOfBlock), 30): Scroll to object 'Object Repository/Выручка в рублях/2025 список' successfully

26-05-2025T07:43:55 - [MESSAGE][PASSED] - Scroll to object 'Object Repository/Выручка в рублях/2025 список' successfully

26-05-2025T07:43:55 - [TEST_STEP][PASSED] - click(findTestObject("Выручка в рублях/2025 список" + nameOfBlock)): Object: 'Object Repository/Выручка в рублях/2025 список' is clicked on

26-05-2025T07:43:55 - [MESSAGE][PASSED] - Object: 'Object Repository/Выручка в рублях/2025 список' is clicked on

26-05-2025T07:43:55 - [TEST_STEP][PASSED] - scrollToElement(findTestObject("Выручка в рублях/1 квартал 2025 список" + nameOfBlock), 30): Scroll to object 'Object Repository/Выручка в рублях/1 квартал 2025 список' successfully

26-05-2025T07:43:56 - [MESSAGE][PASSED] - Scroll to object 'Object Repository/Выручка в рублях/1 квартал 2025 список' successfully

26-05-2025T07:43:56 - [TEST_STEP][PASSED] - click(findTestObject("Выручка в рублях/1 квартал 2025 выбрать" + nameOfBlock)): Object: 'Object Repository/Выручка в рублях/1 квартал 2025 выбрать' is clicked on

26-05-2025T07:43:56 - [MESSAGE][PASSED] - Object: 'Object Repository/Выручка в рублях/1 квартал 2025 выбрать' is clicked on

26-05-2025T07:43:56 - [TEST_STEP][PASSED] - scrollToElement(findTestObject("Выручка в рублях/Заголовок дашборда" + nameOfBlock), 30): Scroll to object 'Object Repository/Выручка в рублях/Заголовок дашборда' successfully

26-05-2025T07:43:57 - [MESSAGE][PASSED] - Scroll to object 'Object Repository/Выручка в рублях/Заголовок дашборда' successfully

26-05-2025T07:43:57 - [TEST_STEP][PASSED] - click(findTestObject("Выручка в рублях/Применить в фильтре Дата" + nameOfBlock)): Object: 'Object Repository/Выручка в рублях/Применить в фильтре Дата' is clicked on

26-05-2025T07:43:57 - [MESSAGE][PASSED] - Object: 'Object Repository/Выручка в рублях/Применить в фильтре Дата' is clicked on

26-05-2025T07:43:57 - [TEST_STEP][PASSED] - delay(55): Delayed 55 second(s)

26-05-2025T07:44:52 - [MESSAGE][PASSED] - Delayed 55 second(s)

26-05-2025T07:44:52 - [TEST_STEP][PASSED] - click(findTestObject("Выручка в рублях/Фильтр ДЗО" + nameOfBlock)): Object: 'Object Repository/Выручка в рублях/Фильтр ДЗО' is clicked on

26-05-2025T07:44:52 - [MESSAGE][PASSED] - Object: 'Object Repository/Выручка в рублях/Фильтр ДЗО' is clicked on

26-05-2025T07:44:52 - [TEST_STEP][PASSED] - click(findTestObject("Выручка в рублях/Снять выделение в фильтре ДЗО" + nameOfBlock)): Object: 'Object Repository/Выручка в рублях/Снять выделение в фильтре ДЗО' is clicked on

26-05-2025T07:44:53 - [MESSAGE][PASSED] - Object: 'Object Repository/Выручка в рублях/Снять выделение в фильтре ДЗО' is clicked on

26-05-2025T07:44:53 - [TEST_STEP][PASSED] - click(findTestObject("Выручка в рублях/Применить в фильтре ДЗО" + nameOfBlock)): Object: 'Object Repository/Выручка в рублях/Применить в фильтре ДЗО' is clicked on

26-05-2025T07:44:53 - [MESSAGE][PASSED] - Object: 'Object Repository/Выручка в рублях/Применить в фильтре ДЗО' is clicked on

26-05-2025T07:44:53 - [TEST_STEP][PASSED] - delay(50): Delayed 50 second(s)

26-05-2025T07:45:43 - [MESSAGE][PASSED] - Delayed 50 second(s)

26-05-2025T07:45:43 - [TEST_STEP][PASSED] - Script1742558545601.Tumbler(run, vir, block, nameOfBlock): null

26-05-2025T07:45:43 - [TEST_STEP][PASSED] - println("run:" + run): null

26-05-2025T07:45:43 - [TEST_STEP][PASSED] - println("vir:" + vir): null

26-05-2025T07:45:43 - [TEST_STEP][PASSED] - println("block:" + block): null

26-05-2025T07:45:43 - [TEST_STEP][PASSED] - println("nameOfBlock:" + nameOfBlock): null

26-05-2025T07:45:43 - [TEST_STEP][PASSED] - if (vir == 1): null

26-05-2025T07:45:43 - [TEST_STEP][PASSED] - if (run == 2): null

26-05-2025T07:45:43 - [TEST_STEP][PASSED] - click(findTestObject("Выручка в рублях/Фильтр ДЗО" + nameOfBlock)): Object: 'Object Repository/Выручка в рублях/Фильтр ДЗО' is clicked on

26-05-2025T07:45:44 - [MESSAGE][PASSED] - Object: 'Object Repository/Выручка в рублях/Фильтр ДЗО' is clicked on

26-05-2025T07:45:44 - [TEST_STEP][PASSED] - Script1742558545601.Rosseti(nameOfBlock): null

26-05-2025T07:45:44 - [TEST_STEP][PASSED] - println("nameOfBlock:" + nameOfBlock): null

26-05-2025T07:45:44 - [TEST_STEP][PASSED] - click(findTestObject("Выручка в рублях/ПАО Россети" + nameOfBlock)): Object: 'Object Repository/Выручка в рублях/ПАО Россети' is clicked on

26-05-2025T07:45:44 - [MESSAGE][PASSED] - Object: 'Object Repository/Выручка в рублях/ПАО Россети' is clicked on

26-05-2025T07:45:44 - [TEST_STEP][PASSED] - click(findTestObject("Выручка в рублях/Применить в фильтре ДЗО" + nameOfBlock)): Object: 'Object Repository/Выручка в рублях/Применить в фильтре ДЗО' is clicked on

26-05-2025T07:45:45 - [MESSAGE][PASSED] - Object: 'Object Repository/Выручка в рублях/Применить в фильтре ДЗО' is clicked on

26-05-2025T07:45:45 - [TEST_STEP][PASSED] - if (run == 2): null

26-05-2025T07:45:45 - [TEST_STEP][PASSED] - if (vir == 1 || vir == 2): Text of object 'Object Repository/Выручка в рублях/График План' is: '466 800'

26-05-2025T07:45:45 - [TEST_STEP][PASSED] - a1 = getText(findTestObject("Выручка в рублях/График План")): Text of object 'Object Repository/Выручка в рублях/График План' is: '466 800'

26-05-2025T07:45:46 - [MESSAGE][PASSED] - Text of object 'Object Repository/Выручка в рублях/График План' is: '466 800'

26-05-2025T07:45:46 - [TEST_STEP][PASSED] - if (vir == 1 || vir == 2): Text of object 'Object Repository/Выручка в рублях/График Факт' is: '463 075'

26-05-2025T07:45:46 - [TEST_STEP][PASSED] - a2 = getText(findTestObject("Выручка в рублях/График Факт")): Text of object 'Object Repository/Выручка в рублях/График Факт' is: '463 075'

26-05-2025T07:45:47 - [MESSAGE][PASSED] - Text of object 'Object Repository/Выручка в рублях/График Факт' is: '463 075'

26-05-2025T07:45:47 - [TEST_STEP][PASSED] - a30 = getText(findTestObject("Выручка в рублях/span1" + perc)): Text of object 'Object Repository/Выручка в рублях/span1' is: '-3 725.7 млн.руб.'

26-05-2025T07:45:47 - [MESSAGE][PASSED] - Text of object 'Object Repository/Выручка в рублях/span1' is: '-3 725.7 млн.руб.'

26-05-2025T07:45:47 - [TEST_STEP][PASSED] - i = a30.indexOf("млн.руб."): null

26-05-2025T07:45:47 - [TEST_STEP][PASSED] - if (i > -1): null

26-05-2025T07:45:47 - [TEST_STEP][PASSED] - a30 = a30.substring(0, i): null

26-05-2025T07:45:47 - [TEST_STEP][PASSED] - a30 = a30.replaceAll(" ", ""): null

26-05-2025T07:45:47 - [TEST_STEP][PASSED] - if (a30.contains("%")): null

26-05-2025T07:45:47 - [TEST_STEP][PASSED] - a30 = ").trim(): null

26-05-2025T07:45:47 - [TEST_STEP][PASSED] - println("a30: " + a30): null

26-05-2025T07:45:47 - [TEST_STEP][PASSED] - if (vir == 1): Text of object 'Object Repository/Выручка в рублях/span19' is: '3 047'

26-05-2025T07:45:47 - [TEST_STEP][PASSED] - a31 = ").trim(): Text of object 'Object Repository/Выручка в рублях/span2' is: '-261'

26-05-2025T07:45:47 - [MESSAGE][PASSED] - Text of object 'Object Repository/Выручка в рублях/span2' is: '-261'

26-05-2025T07:45:47 - [TEST_STEP][PASSED] - a32 = ").trim(): Text of object 'Object Repository/Выручка в рублях/span3' is: '55'

26-05-2025T07:45:47 - [MESSAGE][PASSED] - Text of object 'Object Repository/Выручка в рублях/span3' is: '55'

26-05-2025T07:45:47 - [TEST_STEP][PASSED] - a33 = ").trim(): Text of object 'Object Repository/Выручка в рублях/span4' is: '-27'

26-05-2025T07:45:48 - [MESSAGE][PASSED] - Text of object 'Object Repository/Выручка в рублях/span4' is: '-27'

26-05-2025T07:45:48 - [TEST_STEP][PASSED] - a34 = ").trim(): Text of object 'Object Repository/Выручка в рублях/span5' is: '-537'

26-05-2025T07:45:48 - [MESSAGE][PASSED] - Text of object 'Object Repository/Выручка в рублях/span5' is: '-537'

26-05-2025T07:45:48 - [TEST_STEP][PASSED] - a35 = ").trim(): Text of object 'Object Repository/Выручка в рублях/span6' is: '786'

26-05-2025T07:45:48 - [MESSAGE][PASSED] - Text of object 'Object Repository/Выручка в рублях/span6' is: '786'

26-05-2025T07:45:48 - [TEST_STEP][PASSED] - a36 = ").trim(): Text of object 'Object Repository/Выручка в рублях/span7' is: '62'

26-05-2025T07:45:49 - [MESSAGE][PASSED] - Text of object 'Object Repository/Выручка в рублях/span7' is: '62'

26-05-2025T07:45:49 - [TEST_STEP][PASSED] - a37 = ").trim(): Text of object 'Object Repository/Выручка в рублях/span8' is: '-3 345'

26-05-2025T07:45:49 - [MESSAGE][PASSED] - Text of object 'Object Repository/Выручка в рублях/span8' is: '-3 345'

26-05-2025T07:45:49 - [TEST_STEP][PASSED] - a38 = ").trim(): Text of object 'Object Repository/Выручка в рублях/span9' is: '-271'

26-05-2025T07:45:49 - [MESSAGE][PASSED] - Text of object 'Object Repository/Выручка в рублях/span9' is: '-271'

26-05-2025T07:45:49 - [TEST_STEP][PASSED] - a39 = ").trim(): Text of object 'Object Repository/Выручка в рублях/span10' is: '-253'

26-05-2025T07:45:49 - [MESSAGE][PASSED] - Text of object 'Object Repository/Выручка в рублях/span10' is: '-253'

26-05-2025T07:45:49 - [TEST_STEP][PASSED] - a310 = ").trim(): Text of object 'Object Repository/Выручка в рублях/span11' is: '876'

26-05-2025T07:45:50 - [MESSAGE][PASSED] - Text of object 'Object Repository/Выручка в рублях/span11' is: '876'

26-05-2025T07:45:50 - [TEST_STEP][PASSED] - a311 = ").trim(): Text of object 'Object Repository/Выручка в рублях/span12' is: '-57'

26-05-2025T07:45:50 - [MESSAGE][PASSED] - Text of object 'Object Repository/Выручка в рублях/span12' is: '-57'

26-05-2025T07:45:50 - [TEST_STEP][PASSED] - a312 = ").trim(): Text of object 'Object Repository/Выручка в рублях/span13' is: '-2 765'

26-05-2025T07:45:50 - [MESSAGE][PASSED] - Text of object 'Object Repository/Выручка в рублях/span13' is: '-2 765'

26-05-2025T07:45:50 - [TEST_STEP][PASSED] - a313 = ").trim(): Text of object 'Object Repository/Выручка в рублях/span14' is: '-987'

26-05-2025T07:45:50 - [MESSAGE][PASSED] - Text of object 'Object Repository/Выручка в рублях/span14' is: '-987'

26-05-2025T07:45:50 - [TEST_STEP][PASSED] - a314 = ").trim(): Text of object 'Object Repository/Выручка в рублях/span15' is: '1 670'

26-05-2025T07:45:51 - [MESSAGE][PASSED] - Text of object 'Object Repository/Выручка в рублях/span15' is: '1 670'

26-05-2025T07:45:51 - [TEST_STEP][PASSED] - a315 = ").trim(): Text of object 'Object Repository/Выручка в рублях/span16' is: '-805'

26-05-2025T07:45:51 - [MESSAGE][PASSED] - Text of object 'Object Repository/Выручка в рублях/span16' is: '-805'

26-05-2025T07:45:51 - [TEST_STEP][PASSED] - a316 = ").trim(): Text of object 'Object Repository/Выручка в рублях/span17' is: '-905'

26-05-2025T07:45:51 - [MESSAGE][PASSED] - Text of object 'Object Repository/Выручка в рублях/span17' is: '-905'

26-05-2025T07:45:51 - [TEST_STEP][PASSED] - a317 = ").trim(): Text of object 'Object Repository/Выручка в рублях/span18' is: '-11'

26-05-2025T07:45:52 - [MESSAGE][PASSED] - Text of object 'Object Repository/Выручка в рублях/span18' is: '-11'

26-05-2025T07:45:52 - [TEST_STEP][PASSED] - a318 = ").trim(): Text of object 'Object Repository/Выручка в рублях/span19' is: '3 047'

26-05-2025T07:45:52 - [MESSAGE][PASSED] - Text of object 'Object Repository/Выручка в рублях/span19' is: '3 047'

26-05-2025T07:45:52 - [TEST_STEP][PASSED] - block = 2: null

26-05-2025T07:45:52 - [TEST_STEP][PASSED] - nameOfBlock = " Выручка": null

26-05-2025T07:45:52 - [TEST_STEP][PASSED] - Script1742558545601.PreSettings(run, vir, block, nameOfBlock, typeOfData, todaysDate): null

26-05-2025T07:45:52 - [TEST_STEP][PASSED] - openBrowser(""): Browser is opened with url: ''

26-05-2025T07:45:52 - [MESSAGE][WARNING] - A browser is already opened. Closing browser and opening a new one

26-05-2025T07:45:52 - [MESSAGE][INFO] - Starting 'Chrome' driver

26-05-2025T07:45:52 - [MESSAGE][INFO] - Action delay is set to 0 milliseconds

26-05-2025T07:45:53 - [MESSAGE][PASSED] - Browser is opened with url: ''

26-05-2025T07:45:53 - [TEST_STEP][PASSED] - refresh(): Refresh successfully

26-05-2025T07:45:53 - [MESSAGE][PASSED] - Refresh successfully

26-05-2025T07:45:53 - [TEST_STEP][PASSED] - delay(50): Delayed 50 second(s)

26-05-2025T07:46:43 - [MESSAGE][PASSED] - Delayed 50 second(s)

26-05-2025T07:46:43 - [TEST_STEP][PASSED] - println("run:" + run): null

26-05-2025T07:46:43 - [TEST_STEP][PASSED] - println("vir:" + vir): null

26-05-2025T07:46:43 - [TEST_STEP][PASSED] - println("block:" + block): null

26-05-2025T07:46:43 - [TEST_STEP][PASSED] - if (block == 1): null

26-05-2025T07:46:43 - [TEST_STEP][PASSED] - else: null

26-05-2025T07:46:43 - [TEST_STEP][PASSED] - nameOfBlock = " Выручка": null

26-05-2025T07:46:43 - [TEST_STEP][PASSED] - println("nameOfBlock:" + nameOfBlock): null

26-05-2025T07:46:43 - [TEST_STEP][PASSED] - println("typeOfData:" + typeOfData): null

26-05-2025T07:46:43 - [TEST_STEP][PASSED] - println("todaysDate:" + todaysDate): null

26-05-2025T07:46:43 - [TEST_STEP][PASSED] - Script1742558545601.Autorization(block, nameOfBlock): null

26-05-2025T07:46:43 - [TEST_STEP][PASSED] - i = <not implemented yet for class: org.codehaus.groovy.ast.expr.EmptyExpression>: null

26-05-2025T07:46:43 - [TEST_STEP][PASSED] - ii = <not implemented yet for class: org.codehaus.groovy.ast.expr.EmptyExpression>: null

26-05-2025T07:46:43 - [TEST_STEP][PASSED] - urlData = <not implemented yet for class: org.codehaus.groovy.ast.expr.EmptyExpression>: null

26-05-2025T07:46:43 - [TEST_STEP][PASSED] - searchWord = <not implemented yet for class: org.codehaus.groovy.ast.expr.EmptyExpression>: null

26-05-2025T07:46:43 - [TEST_STEP][PASSED] - urlText = <not implemented yet for class: org.codehaus.groovy.ast.expr.EmptyExpression>: null

26-05-2025T07:46:43 - [TEST_STEP][PASSED] - println("block:" + block): null

26-05-2025T07:46:43 - [TEST_STEP][PASSED] - if (block == 1): null

26-05-2025T07:46:43 - [TEST_STEP][PASSED] - else: null

26-05-2025T07:46:43 - [TEST_STEP][PASSED] - delay(45): Delayed 45 second(s)

26-05-2025T07:47:28 - [MESSAGE][PASSED] - Delayed 45 second(s)

26-05-2025T07:47:28 - [TEST_STEP][PASSED] - nameOfBlock = " Выручка": null

26-05-2025T07:47:28 - [TEST_STEP][PASSED] - println("nameOfBlock:" + nameOfBlock): null

26-05-2025T07:47:28 - [TEST_STEP][PASSED] - if (block == 1): null

26-05-2025T07:47:28 - [TEST_STEP][PASSED] - else: Delayed 45 second(s)

26-05-2025T07:47:28 - [TEST_STEP][PASSED] - urlData = 9: null

26-05-2025T07:47:28 - [TEST_STEP][PASSED] - delay(45): Delayed 45 second(s)

26-05-2025T07:48:13 - [MESSAGE][PASSED] - Delayed 45 second(s)

26-05-2025T07:48:13 - [TEST_STEP][PASSED] - navigateToUrl(findTestData("PlanFact").getValue(10, urlData)): Navigate to 'https://bi.rosseti.digital/viewer?dashboardGuid=a1fd28b3785d443cbc4d7690a1d78e31&sheetGuid=86092a20c5984827a0c87b24cac76a50&fit=true' successfully

26-05-2025T07:48:16 - [MESSAGE][PASSED] - Navigate to 'https://bi.rosseti.digital/viewer?dashboardGuid=a1fd28b3785d443cbc4d7690a1d78e31&sheetGuid=86092a20c5984827a0c87b24cac76a50&fit=true' successfully

26-05-2025T07:48:16 - [TEST_STEP][PASSED] - urlText = getText(findTestObject("Страница авторизации/Text")): Text of object 'Object Repository/Страница авторизации/Text' is: 'Вход'

26-05-2025T07:48:17 - [MESSAGE][PASSED] - Text of object 'Object Repository/Страница авторизации/Text' is: 'Вход'

26-05-2025T07:48:17 - [TEST_STEP][PASSED] - searchWord = "Вход": null

26-05-2025T07:48:17 - [TEST_STEP][PASSED] - if (urlText == null || urlText.contains("ошибка") || urlText.contains(searchWord) == false): null

26-05-2025T07:48:17 - [TEST_STEP][PASSED] - if (verifyElementPresent(findTestObject("Страница авторизации/button_"), 30) == true): null

26-05-2025T07:48:17 - [MESSAGE][PASSED] - Object 'Object Repository/Страница авторизации/button_' is present

26-05-2025T07:48:17 - [TEST_STEP][PASSED] - setText(findTestObject("Страница авторизации/input__username"), findTestData("PlanFact").getValue(8, 1)): Text 'liazgina-di' is set on object 'Object Repository/Страница авторизации/input__username'

26-05-2025T07:48:18 - [MESSAGE][PASSED] - Text 'liazgina-di' is set on object 'Object Repository/Страница авторизации/input__username'

26-05-2025T07:48:18 - [TEST_STEP][PASSED] - setText(findTestObject("Страница авторизации/input__password"), findTestData("PlanFact").getValue(9, 1)): Text ')$%5srZ8o688Dm#q' is set on object 'Object Repository/Страница авторизации/input__password'

26-05-2025T07:48:19 - [MESSAGE][PASSED] - Text ')$%5srZ8o688Dm#q' is set on object 'Object Repository/Страница авторизации/input__password'

26-05-2025T07:48:19 - [TEST_STEP][PASSED] - click(findTestObject("Страница авторизации/button_")): Object: 'Object Repository/Страница авторизации/button_' is clicked on

26-05-2025T07:48:21 - [MESSAGE][PASSED] - Object: 'Object Repository/Страница авторизации/button_' is clicked on

26-05-2025T07:48:21 - [TEST_STEP][PASSED] - delay(45): Delayed 45 second(s)

26-05-2025T07:49:06 - [MESSAGE][PASSED] - Delayed 45 second(s)

26-05-2025T07:49:06 - [TEST_STEP][PASSED] - urlText = getText(findTestObject("Страница авторизации/Text")): Text of object 'Object Repository/Страница авторизации/Text' is: 'Период
Январь, Февраль, Март 2025 года
Выручка
Все
Выполнение плановых показателей по ПАО Россети за Январь, Февраль, Март 2025 года
План
Факт
Динамика
2025 год
0 млн.руб.
50 000 млн.руб.
100 000 млн.руб.
150 000 млн.руб.
200 000 млн.руб.
250 000 млн.руб.
300 000 млн.руб.
350 000 млн.руб.
400 000 млн.руб.
450 000 млн.руб.
500 000 млн.руб.
550 000 млн.руб.
466 800
463 075
↓
ДЗО 
Все
Подписи данных
⬤Отклонение
АО "РЭС"
АО «Тываэнерго»
АО «Чеченэнерго»
Россети Волга
Россети Кубань
Россети Ленэнерго (ГК)
Россети Московский регион
Россети Северный Кавказ (ГК)
Россети Северо-Запад
Россети Сибирь (ГК)
Россети Томск
Россети Тюмень
Россети Урал (ГК)
Россети ФСК ЕЭС
Россети Центр
Россети Центр и Приволжье (ГК)
Россети Юг (ГК)
Россети Янтарь
-4 000 млн.руб.
-3 500 млн.руб.
-3 000 млн.руб.
-2 500 млн.руб.
-2 000 млн.руб.
-1 500 млн.руб.
-1 000 млн.руб.
- 500 млн.руб.
0 млн.руб.
500 млн.руб.
1 000 млн.руб.
1 500 млн.руб.
2 000 млн.руб.
2 500 млн.руб.
3 000 млн.руб.
3 500 млн.руб.
-261
55
-27
-537
786
62
-3 345
-271
-253
876
-57
-2 765
-987
1 670
-805
-905
-11
3 047
млн.
%
Выручка
Отклонение выручки по ПАО Россети за Январь, Февраль, Март 2025 года (факт/план, млн. руб)
ПАО Россети
-3 725.7 млн.руб.
Статус данных
×
Просьба обратить внимание
Данные занесены и согласованы не полностью
ВЫБРАННЫЕ ЗНАЧЕНИЯ ФИЛЬТРОВ
ДЗО | ПЕРИОД
ПАО Россети: [«Выбраны все филиалы по всем ДЗО по всем категориям»]
2025: [Янв, Фев, Мар]
*Внутренний оборот'

26-05-2025T07:49:07 - [MESSAGE][PASSED] - Text of object 'Object Repository/Страница авторизации/Text' is: 'Период
Январь, Февраль, Март 2025 года
Выручка
Все
Выполнение плановых показателей по ПАО Россети за Январь, Февраль, Март 2025 года
План
Факт
Динамика
2025 год
0 млн.руб.
50 000 млн.руб.
100 000 млн.руб.
150 000 млн.руб.
200 000 млн.руб.
250 000 млн.руб.
300 000 млн.руб.
350 000 млн.руб.
400 000 млн.руб.
450 000 млн.руб.
500 000 млн.руб.
550 000 млн.руб.
466 800
463 075
↓
ДЗО 
Все
Подписи данных
⬤Отклонение
АО "РЭС"
АО «Тываэнерго»
АО «Чеченэнерго»
Россети Волга
Россети Кубань
Россети Ленэнерго (ГК)
Россети Московский регион
Россети Северный Кавказ (ГК)
Россети Северо-Запад
Россети Сибирь (ГК)
Россети Томск
Россети Тюмень
Россети Урал (ГК)
Россети ФСК ЕЭС
Россети Центр
Россети Центр и Приволжье (ГК)
Россети Юг (ГК)
Россети Янтарь
-4 000 млн.руб.
-3 500 млн.руб.
-3 000 млн.руб.
-2 500 млн.руб.
-2 000 млн.руб.
-1 500 млн.руб.
-1 000 млн.руб.
- 500 млн.руб.
0 млн.руб.
500 млн.руб.
1 000 млн.руб.
1 500 млн.руб.
2 000 млн.руб.
2 500 млн.руб.
3 000 млн.руб.
3 500 млн.руб.
-261
55
-27
-537
786
62
-3 345
-271
-253
876
-57
-2 765
-987
1 670
-805
-905
-11
3 047
млн.
%
Выручка
Отклонение выручки по ПАО Россети за Январь, Февраль, Март 2025 года (факт/план, млн. руб)
ПАО Россети
-3 725.7 млн.руб.
Статус данных
×
Просьба обратить внимание
Данные занесены и согласованы не полностью
ВЫБРАННЫЕ ЗНАЧЕНИЯ ФИЛЬТРОВ
ДЗО | ПЕРИОД
ПАО Россети: [«Выбраны все филиалы по всем ДЗО по всем категориям»]
2025: [Янв, Фев, Мар]
*Внутренний оборот'

26-05-2025T07:49:07 - [TEST_STEP][PASSED] - searchWord = "а": null

26-05-2025T07:49:07 - [TEST_STEP][PASSED] - if (urlText.contains("ошибка") || urlText.contains(searchWord) == false): null

26-05-2025T07:49:07 - [TEST_STEP][PASSED] - delay(45): Delayed 45 second(s)

26-05-2025T07:49:52 - [MESSAGE][PASSED] - Delayed 45 second(s)

26-05-2025T07:49:52 - [TEST_STEP][PASSED] - if (block == 2): Delayed 50 second(s)

26-05-2025T07:49:52 - [TEST_STEP][PASSED] - opoveshenie = getText(findTestObject("Выручка в рублях/Просьба обратить внимание")): Text of object 'Object Repository/Выручка в рублях/Просьба обратить внимание' is: 'Просьба обратить внимание'

26-05-2025T07:49:52 - [MESSAGE][PASSED] - Text of object 'Object Repository/Выручка в рублях/Просьба обратить внимание' is: 'Просьба обратить внимание'

26-05-2025T07:49:52 - [TEST_STEP][PASSED] - if (opoveshenie == "Просьба обратить внимание"): Delayed 50 second(s)

26-05-2025T07:49:52 - [TEST_STEP][PASSED] - click(findTestObject("Выручка в рублях/Закрыть оповещение")): Object: 'Object Repository/Выручка в рублях/Закрыть оповещение' is clicked on

26-05-2025T07:49:53 - [MESSAGE][PASSED] - Object: 'Object Repository/Выручка в рублях/Закрыть оповещение' is clicked on

26-05-2025T07:49:53 - [TEST_STEP][PASSED] - delay(50): Delayed 50 second(s)

26-05-2025T07:50:43 - [MESSAGE][PASSED] - Delayed 50 second(s)

26-05-2025T07:50:43 - [TEST_STEP][PASSED] - click(findTestObject("Выручка в рублях/Фильтр Период" + nameOfBlock)): Object: 'Object Repository/Выручка в рублях/Фильтр Период Выручка' is clicked on

26-05-2025T07:50:43 - [MESSAGE][PASSED] - Object: 'Object Repository/Выручка в рублях/Фильтр Период Выручка' is clicked on

26-05-2025T07:50:43 - [TEST_STEP][PASSED] - click(findTestObject("Выручка в рублях/Снять выделение в фильтре Дата" + nameOfBlock)): Object: 'Object Repository/Выручка в рублях/Снять выделение в фильтре Дата Выручка' is clicked on

26-05-2025T07:50:44 - [MESSAGE][PASSED] - Object: 'Object Repository/Выручка в рублях/Снять выделение в фильтре Дата Выручка' is clicked on

26-05-2025T07:50:44 - [TEST_STEP][PASSED] - click(findTestObject("Выручка в рублях/Применить в фильтре Дата" + nameOfBlock)): Object: 'Object Repository/Выручка в рублях/Применить в фильтре Дата Выручка' is clicked on

26-05-2025T07:50:44 - [MESSAGE][PASSED] - Object: 'Object Repository/Выручка в рублях/Применить в фильтре Дата Выручка' is clicked on

26-05-2025T07:50:44 - [TEST_STEP][PASSED] - delay(50): Delayed 50 second(s)

26-05-2025T07:51:34 - [MESSAGE][PASSED] - Delayed 50 second(s)

26-05-2025T07:51:34 - [TEST_STEP][PASSED] - click(findTestObject("Выручка в рублях/Фильтр Период" + nameOfBlock)): Object: 'Object Repository/Выручка в рублях/Фильтр Период Выручка' is clicked on

26-05-2025T07:51:34 - [MESSAGE][PASSED] - Object: 'Object Repository/Выручка в рублях/Фильтр Период Выручка' is clicked on

26-05-2025T07:51:34 - [TEST_STEP][PASSED] - click(findTestObject("Выручка в рублях/Снять выделение в фильтре Дата" + nameOfBlock)): Object: 'Object Repository/Выручка в рублях/Снять выделение в фильтре Дата Выручка' is clicked on

26-05-2025T07:51:35 - [MESSAGE][PASSED] - Object: 'Object Repository/Выручка в рублях/Снять выделение в фильтре Дата Выручка' is clicked on

26-05-2025T07:51:35 - [TEST_STEP][PASSED] - scrollToElement(findTestObject("Выручка в рублях/2025 список" + nameOfBlock), 30): Scroll to object 'Object Repository/Выручка в рублях/2025 список Выручка' successfully

26-05-2025T07:51:35 - [MESSAGE][PASSED] - Scroll to object 'Object Repository/Выручка в рублях/2025 список Выручка' successfully

26-05-2025T07:51:35 - [TEST_STEP][PASSED] - click(findTestObject("Выручка в рублях/2025 список" + nameOfBlock)): Object: 'Object Repository/Выручка в рублях/2025 список Выручка' is clicked on

26-05-2025T07:51:36 - [MESSAGE][PASSED] - Object: 'Object Repository/Выручка в рублях/2025 список Выручка' is clicked on

26-05-2025T07:51:36 - [TEST_STEP][PASSED] - scrollToElement(findTestObject("Выручка в рублях/1 квартал 2025 список" + nameOfBlock), 30): Scroll to object 'Object Repository/Выручка в рублях/1 квартал 2025 список Выручка' successfully

26-05-2025T07:51:36 - [MESSAGE][PASSED] - Scroll to object 'Object Repository/Выручка в рублях/1 квартал 2025 список Выручка' successfully

26-05-2025T07:51:36 - [TEST_STEP][PASSED] - click(findTestObject("Выручка в рублях/1 квартал 2025 выбрать" + nameOfBlock)): Object: 'Object Repository/Выручка в рублях/1 квартал 2025 выбрать Выручка' is clicked on

26-05-2025T07:51:36 - [MESSAGE][PASSED] - Object: 'Object Repository/Выручка в рублях/1 квартал 2025 выбрать Выручка' is clicked on

26-05-2025T07:51:36 - [TEST_STEP][PASSED] - scrollToElement(findTestObject("Выручка в рублях/Заголовок дашборда" + nameOfBlock), 30): Scroll to object 'Object Repository/Выручка в рублях/Заголовок дашборда Выручка' successfully

26-05-2025T07:51:37 - [MESSAGE][PASSED] - Scroll to object 'Object Repository/Выручка в рублях/Заголовок дашборда Выручка' successfully

26-05-2025T07:51:37 - [TEST_STEP][PASSED] - click(findTestObject("Выручка в рублях/Применить в фильтре Дата" + nameOfBlock)): Object: 'Object Repository/Выручка в рублях/Применить в фильтре Дата Выручка' is clicked on

26-05-2025T07:51:38 - [MESSAGE][PASSED] - Object: 'Object Repository/Выручка в рублях/Применить в фильтре Дата Выручка' is clicked on

26-05-2025T07:51:38 - [TEST_STEP][PASSED] - delay(55): Delayed 55 second(s)

26-05-2025T07:52:33 - [MESSAGE][PASSED] - Delayed 55 second(s)

26-05-2025T07:52:33 - [TEST_STEP][PASSED] - click(findTestObject("Выручка в рублях/Фильтр ДЗО" + nameOfBlock)): Object: 'Object Repository/Выручка в рублях/Фильтр ДЗО Выручка' is clicked on

26-05-2025T07:52:33 - [MESSAGE][PASSED] - Object: 'Object Repository/Выручка в рублях/Фильтр ДЗО Выручка' is clicked on

26-05-2025T07:52:33 - [TEST_STEP][PASSED] - click(findTestObject("Выручка в рублях/Снять выделение в фильтре ДЗО" + nameOfBlock)): Object: 'Object Repository/Выручка в рублях/Снять выделение в фильтре ДЗО Выручка' is clicked on

26-05-2025T07:52:33 - [MESSAGE][PASSED] - Object: 'Object Repository/Выручка в рублях/Снять выделение в фильтре ДЗО Выручка' is clicked on

26-05-2025T07:52:33 - [TEST_STEP][PASSED] - click(findTestObject("Выручка в рублях/Применить в фильтре ДЗО" + nameOfBlock)): Object: 'Object Repository/Выручка в рублях/Применить в фильтре ДЗО Выручка' is clicked on

26-05-2025T07:52:34 - [MESSAGE][PASSED] - Object: 'Object Repository/Выручка в рублях/Применить в фильтре ДЗО Выручка' is clicked on

26-05-2025T07:52:34 - [TEST_STEP][PASSED] - delay(50): Delayed 50 second(s)

26-05-2025T07:53:24 - [MESSAGE][PASSED] - Delayed 50 second(s)

26-05-2025T07:53:24 - [TEST_STEP][PASSED] - Script1742558545601.Tumbler(run, vir, block, nameOfBlock): null

26-05-2025T07:53:24 - [TEST_STEP][PASSED] - println("run:" + run): null

26-05-2025T07:53:24 - [TEST_STEP][PASSED] - println("vir:" + vir): null

26-05-2025T07:53:24 - [TEST_STEP][PASSED] - println("block:" + block): null

26-05-2025T07:53:24 - [TEST_STEP][PASSED] - println("nameOfBlock:" + nameOfBlock): null

26-05-2025T07:53:24 - [TEST_STEP][PASSED] - if (vir == 1): null

26-05-2025T07:53:24 - [TEST_STEP][PASSED] - if (run == 2): null

26-05-2025T07:53:24 - [TEST_STEP][PASSED] - click(findTestObject("Выручка в рублях/Фильтр ДЗО" + nameOfBlock)): Object: 'Object Repository/Выручка в рублях/Фильтр ДЗО Выручка' is clicked on

26-05-2025T07:53:24 - [MESSAGE][PASSED] - Object: 'Object Repository/Выручка в рублях/Фильтр ДЗО Выручка' is clicked on

26-05-2025T07:53:24 - [TEST_STEP][PASSED] - Script1742558545601.Rosseti(nameOfBlock): null

26-05-2025T07:53:24 - [TEST_STEP][PASSED] - println("nameOfBlock:" + nameOfBlock): null

26-05-2025T07:53:24 - [TEST_STEP][PASSED] - click(findTestObject("Выручка в рублях/ПАО Россети" + nameOfBlock)): Object: 'Object Repository/Выручка в рублях/ПАО Россети Выручка' is clicked on

26-05-2025T07:53:25 - [MESSAGE][PASSED] - Object: 'Object Repository/Выручка в рублях/ПАО Россети Выручка' is clicked on

26-05-2025T07:53:25 - [TEST_STEP][PASSED] - click(findTestObject("Выручка в рублях/Применить в фильтре ДЗО" + nameOfBlock)): Object: 'Object Repository/Выручка в рублях/Применить в фильтре ДЗО Выручка' is clicked on

26-05-2025T07:53:26 - [MESSAGE][PASSED] - Object: 'Object Repository/Выручка в рублях/Применить в фильтре ДЗО Выручка' is clicked on

26-05-2025T07:53:26 - [TEST_STEP][PASSED] - if (vir == 1 || vir == 2): Text of object 'Object Repository/Выручка в рублях/График План Выручка' is: '466 800'

26-05-2025T07:53:26 - [TEST_STEP][PASSED] - b1 = getText(findTestObject("Выручка в рублях/График План Выручка")): Text of object 'Object Repository/Выручка в рублях/График План Выручка' is: '466 800'

26-05-2025T07:53:27 - [MESSAGE][PASSED] - Text of object 'Object Repository/Выручка в рублях/График План Выручка' is: '466 800'

26-05-2025T07:53:27 - [TEST_STEP][PASSED] - if (vir == 1 || vir == 2): Text of object 'Object Repository/Выручка в рублях/График Факт Выручка' is: '463 075'

26-05-2025T07:53:27 - [TEST_STEP][PASSED] - b2 = getText(findTestObject("Выручка в рублях/График Факт Выручка")): Text of object 'Object Repository/Выручка в рублях/График Факт Выручка' is: '463 075'

26-05-2025T07:53:27 - [MESSAGE][PASSED] - Text of object 'Object Repository/Выручка в рублях/График Факт Выручка' is: '463 075'

26-05-2025T07:53:27 - [TEST_STEP][PASSED] - b30 = getText(findTestObject("Выручка в рублях/span1" + perc)): Text of object 'Object Repository/Выручка в рублях/span1' is: '-3 725.7 млн.руб.'

26-05-2025T07:53:27 - [MESSAGE][PASSED] - Text of object 'Object Repository/Выручка в рублях/span1' is: '-3 725.7 млн.руб.'

26-05-2025T07:53:27 - [TEST_STEP][PASSED] - i = b30.indexOf("млн.руб."): null

26-05-2025T07:53:27 - [TEST_STEP][PASSED] - if (i > -1): null

26-05-2025T07:53:27 - [TEST_STEP][PASSED] - b30 = b30.substring(0, i): null

26-05-2025T07:53:27 - [TEST_STEP][PASSED] - b30 = b30.replaceAll(" ", ""): null

26-05-2025T07:53:27 - [TEST_STEP][PASSED] - if (b30.contains("%")): null

26-05-2025T07:53:27 - [TEST_STEP][PASSED] - b30 = ").trim(): null

26-05-2025T07:53:27 - [TEST_STEP][PASSED] - println("b30: " + b30): null

26-05-2025T07:53:27 - [TEST_STEP][PASSED] - if (vir == 1): Text of object 'Object Repository/Выручка в рублях/span19' is: '3 047'

26-05-2025T07:53:27 - [TEST_STEP][PASSED] - b31 = ").trim(): Text of object 'Object Repository/Выручка в рублях/span2' is: '-261'

26-05-2025T07:53:28 - [MESSAGE][PASSED] - Text of object 'Object Repository/Выручка в рублях/span2' is: '-261'

26-05-2025T07:53:28 - [TEST_STEP][PASSED] - b32 = ").trim(): Text of object 'Object Repository/Выручка в рублях/span3' is: '55'

26-05-2025T07:53:28 - [MESSAGE][PASSED] - Text of object 'Object Repository/Выручка в рублях/span3' is: '55'

26-05-2025T07:53:28 - [TEST_STEP][PASSED] - b33 = ").trim(): Text of object 'Object Repository/Выручка в рублях/span4' is: '-27'

26-05-2025T07:53:28 - [MESSAGE][PASSED] - Text of object 'Object Repository/Выручка в рублях/span4' is: '-27'

26-05-2025T07:53:28 - [TEST_STEP][PASSED] - b34 = ").trim(): Text of object 'Object Repository/Выручка в рублях/span5' is: '-537'

26-05-2025T07:53:29 - [MESSAGE][PASSED] - Text of object 'Object Repository/Выручка в рублях/span5' is: '-537'

26-05-2025T07:53:29 - [TEST_STEP][PASSED] - b35 = ").trim(): Text of object 'Object Repository/Выручка в рублях/span6' is: '786'

26-05-2025T07:53:29 - [MESSAGE][PASSED] - Text of object 'Object Repository/Выручка в рублях/span6' is: '786'

26-05-2025T07:53:29 - [TEST_STEP][PASSED] - b36 = ").trim(): Text of object 'Object Repository/Выручка в рублях/span7' is: '62'

26-05-2025T07:53:29 - [MESSAGE][PASSED] - Text of object 'Object Repository/Выручка в рублях/span7' is: '62'

26-05-2025T07:53:29 - [TEST_STEP][PASSED] - b37 = ").trim(): Text of object 'Object Repository/Выручка в рублях/span8' is: '-3 345'

26-05-2025T07:53:29 - [MESSAGE][PASSED] - Text of object 'Object Repository/Выручка в рублях/span8' is: '-3 345'

26-05-2025T07:53:29 - [TEST_STEP][PASSED] - b38 = ").trim(): Text of object 'Object Repository/Выручка в рублях/span9' is: '-271'

26-05-2025T07:53:30 - [MESSAGE][PASSED] - Text of object 'Object Repository/Выручка в рублях/span9' is: '-271'

26-05-2025T07:53:30 - [TEST_STEP][PASSED] - b39 = ").trim(): Text of object 'Object Repository/Выручка в рублях/span10' is: '-253'

26-05-2025T07:53:30 - [MESSAGE][PASSED] - Text of object 'Object Repository/Выручка в рублях/span10' is: '-253'

26-05-2025T07:53:30 - [TEST_STEP][PASSED] - b310 = ").trim(): Text of object 'Object Repository/Выручка в рублях/span11' is: '876'

26-05-2025T07:53:30 - [MESSAGE][PASSED] - Text of object 'Object Repository/Выручка в рублях/span11' is: '876'

26-05-2025T07:53:30 - [TEST_STEP][PASSED] - b311 = ").trim(): Text of object 'Object Repository/Выручка в рублях/span12' is: '-57'

26-05-2025T07:53:31 - [MESSAGE][PASSED] - Text of object 'Object Repository/Выручка в рублях/span12' is: '-57'

26-05-2025T07:53:31 - [TEST_STEP][PASSED] - b312 = ").trim(): Text of object 'Object Repository/Выручка в рублях/span13' is: '-2 765'

26-05-2025T07:53:31 - [MESSAGE][PASSED] - Text of object 'Object Repository/Выручка в рублях/span13' is: '-2 765'

26-05-2025T07:53:31 - [TEST_STEP][PASSED] - b313 = ").trim(): Text of object 'Object Repository/Выручка в рублях/span14' is: '-987'

26-05-2025T07:53:31 - [MESSAGE][PASSED] - Text of object 'Object Repository/Выручка в рублях/span14' is: '-987'

26-05-2025T07:53:31 - [TEST_STEP][PASSED] - b314 = ").trim(): Text of object 'Object Repository/Выручка в рублях/span15' is: '1 670'

26-05-2025T07:53:31 - [MESSAGE][PASSED] - Text of object 'Object Repository/Выручка в рублях/span15' is: '1 670'

26-05-2025T07:53:31 - [TEST_STEP][PASSED] - b315 = ").trim(): Text of object 'Object Repository/Выручка в рублях/span16' is: '-805'

26-05-2025T07:53:32 - [MESSAGE][PASSED] - Text of object 'Object Repository/Выручка в рублях/span16' is: '-805'

26-05-2025T07:53:32 - [TEST_STEP][PASSED] - b316 = ").trim(): Text of object 'Object Repository/Выручка в рублях/span17' is: '-905'

26-05-2025T07:53:32 - [MESSAGE][PASSED] - Text of object 'Object Repository/Выручка в рублях/span17' is: '-905'

26-05-2025T07:53:32 - [TEST_STEP][PASSED] - b317 = ").trim(): Text of object 'Object Repository/Выручка в рублях/span18' is: '-11'

26-05-2025T07:53:32 - [MESSAGE][PASSED] - Text of object 'Object Repository/Выручка в рублях/span18' is: '-11'

26-05-2025T07:53:32 - [TEST_STEP][PASSED] - b318 = ").trim(): Text of object 'Object Repository/Выручка в рублях/span19' is: '3 047'

26-05-2025T07:53:33 - [MESSAGE][PASSED] - Text of object 'Object Repository/Выручка в рублях/span19' is: '3 047'

26-05-2025T07:53:33 - [TEST_STEP][PASSED] - dZO = "ПАО Россети": null

26-05-2025T07:53:33 - [TEST_STEP][PASSED] - if (verifyEqual(a1, b1) == false): Actual object '466 800' and expected object '466 800' are equal

26-05-2025T07:53:33 - [MESSAGE][PASSED] - Actual object '466 800' and expected object '466 800' are equal

26-05-2025T07:53:33 - [TEST_STEP][PASSED] - if (verifyEqual(a2, b2) == false): Actual object '463 075' and expected object '463 075' are equal

26-05-2025T07:53:33 - [MESSAGE][PASSED] - Actual object '463 075' and expected object '463 075' are equal

26-05-2025T07:53:33 - [TEST_STEP][PASSED] - vidget = "Отклонения": null

26-05-2025T07:53:33 - [TEST_STEP][PASSED] - if (verifyEqual(a30, b30) == false): Actual object '-3725.7' and expected object '-3725.7' are equal

26-05-2025T07:53:33 - [MESSAGE][PASSED] - Actual object '-3725.7' and expected object '-3725.7' are equal

26-05-2025T07:53:33 - [TEST_STEP][PASSED] - dZO = "АО «РЭС»": null

26-05-2025T07:53:33 - [TEST_STEP][PASSED] - if (verifyEqual(a31, b31) == false): Actual object '-261' and expected object '-261' are equal

26-05-2025T07:53:33 - [MESSAGE][PASSED] - Actual object '-261' and expected object '-261' are equal

26-05-2025T07:53:33 - [TEST_STEP][PASSED] - dZO = "АО «Тываэнерго»": null

26-05-2025T07:53:33 - [TEST_STEP][PASSED] - if (verifyEqual(a32, b32) == false): Actual object '55' and expected object '55' are equal

26-05-2025T07:53:33 - [MESSAGE][PASSED] - Actual object '55' and expected object '55' are equal

26-05-2025T07:53:33 - [TEST_STEP][PASSED] - dZO = "АО «Чеченэнерго»": null

26-05-2025T07:53:33 - [TEST_STEP][PASSED] - if (verifyEqual(a33, b33) == false): Actual object '-27' and expected object '-27' are equal

26-05-2025T07:53:33 - [MESSAGE][PASSED] - Actual object '-27' and expected object '-27' are equal

26-05-2025T07:53:33 - [TEST_STEP][PASSED] - dZO = "Россети Волга": null

26-05-2025T07:53:33 - [TEST_STEP][PASSED] - if (verifyEqual(a34, b34) == false): Actual object '-537' and expected object '-537' are equal

26-05-2025T07:53:33 - [MESSAGE][PASSED] - Actual object '-537' and expected object '-537' are equal

26-05-2025T07:53:33 - [TEST_STEP][PASSED] - dZO = "Россети Кубань": null

26-05-2025T07:53:33 - [TEST_STEP][PASSED] - if (verifyEqual(a35, b35) == false): Actual object '786' and expected object '786' are equal

26-05-2025T07:53:33 - [MESSAGE][PASSED] - Actual object '786' and expected object '786' are equal

26-05-2025T07:53:33 - [TEST_STEP][PASSED] - dZO = "Россети Ленэнерго (ГК)": null

26-05-2025T07:53:33 - [TEST_STEP][PASSED] - if (verifyEqual(a36, b36) == false): Actual object '62' and expected object '62' are equal

26-05-2025T07:53:33 - [MESSAGE][PASSED] - Actual object '62' and expected object '62' are equal

26-05-2025T07:53:33 - [TEST_STEP][PASSED] - dZO = "Россети Московский регион": null

26-05-2025T07:53:33 - [TEST_STEP][PASSED] - if (verifyEqual(a37, b37) == false): Actual object '-3 345' and expected object '-3 345' are equal

26-05-2025T07:53:33 - [MESSAGE][PASSED] - Actual object '-3 345' and expected object '-3 345' are equal

26-05-2025T07:53:33 - [TEST_STEP][PASSED] - dZO = "Россети Северный Кавказ (ГК)": null

26-05-2025T07:53:33 - [TEST_STEP][PASSED] - if (verifyEqual(a38, b38) == false): Actual object '-271' and expected object '-271' are equal

26-05-2025T07:53:33 - [MESSAGE][PASSED] - Actual object '-271' and expected object '-271' are equal

26-05-2025T07:53:33 - [TEST_STEP][PASSED] - dZO = "Россети Северо-Запад": null

26-05-2025T07:53:33 - [TEST_STEP][PASSED] - if (verifyEqual(a39, b39) == false): Actual object '-253' and expected object '-253' are equal

26-05-2025T07:53:33 - [MESSAGE][PASSED] - Actual object '-253' and expected object '-253' are equal

26-05-2025T07:53:33 - [TEST_STEP][PASSED] - dZO = "Россети Сибирь (ГК)": null

26-05-2025T07:53:33 - [TEST_STEP][PASSED] - if (verifyEqual(a310, b310) == false): Actual object '876' and expected object '876' are equal

26-05-2025T07:53:33 - [MESSAGE][PASSED] - Actual object '876' and expected object '876' are equal

26-05-2025T07:53:33 - [TEST_STEP][PASSED] - dZO = "Россети Томск": null

26-05-2025T07:53:33 - [TEST_STEP][PASSED] - if (verifyEqual(a311, b311) == false): Actual object '-57' and expected object '-57' are equal

26-05-2025T07:53:33 - [MESSAGE][PASSED] - Actual object '-57' and expected object '-57' are equal

26-05-2025T07:53:33 - [TEST_STEP][PASSED] - dZO = "Россети Тюмень": null

26-05-2025T07:53:33 - [TEST_STEP][PASSED] - if (verifyEqual(a312, b312) == false): Actual object '-2 765' and expected object '-2 765' are equal

26-05-2025T07:53:33 - [MESSAGE][PASSED] - Actual object '-2 765' and expected object '-2 765' are equal

26-05-2025T07:53:33 - [TEST_STEP][PASSED] - dZO = "Россети Урал (ГК)": null

26-05-2025T07:53:33 - [TEST_STEP][PASSED] - if (verifyEqual(a313, b313) == false): Actual object '-987' and expected object '-987' are equal

26-05-2025T07:53:33 - [MESSAGE][PASSED] - Actual object '-987' and expected object '-987' are equal

26-05-2025T07:53:33 - [TEST_STEP][PASSED] - dZO = "Россети ФСК ЕЭС": null

26-05-2025T07:53:33 - [TEST_STEP][PASSED] - if (verifyEqual(a314, b314) == false): Actual object '1 670' and expected object '1 670' are equal

26-05-2025T07:53:33 - [MESSAGE][PASSED] - Actual object '1 670' and expected object '1 670' are equal

26-05-2025T07:53:33 - [TEST_STEP][PASSED] - dZO = "Россети Центр": null

26-05-2025T07:53:33 - [TEST_STEP][PASSED] - if (verifyEqual(a315, b315) == false): Actual object '-805' and expected object '-805' are equal

26-05-2025T07:53:33 - [MESSAGE][PASSED] - Actual object '-805' and expected object '-805' are equal

26-05-2025T07:53:33 - [TEST_STEP][PASSED] - dZO = "Россети Центр и Приволжье (ГК)": null

26-05-2025T07:53:33 - [TEST_STEP][PASSED] - if (verifyEqual(a316, b316) == false): Actual object '-905' and expected object '-905' are equal

26-05-2025T07:53:33 - [MESSAGE][PASSED] - Actual object '-905' and expected object '-905' are equal

26-05-2025T07:53:33 - [TEST_STEP][PASSED] - dZO = "Россети Юг (ГК)": null

26-05-2025T07:53:33 - [TEST_STEP][PASSED] - if (verifyEqual(a317, b317) == false): Actual object '-11' and expected object '-11' are equal

26-05-2025T07:53:33 - [MESSAGE][PASSED] - Actual object '-11' and expected object '-11' are equal

26-05-2025T07:53:33 - [TEST_STEP][PASSED] - dZO = "Россети Янтарь": null

26-05-2025T07:53:33 - [TEST_STEP][PASSED] - if (verifyEqual(a318, b318) == false): Actual object '3 047' and expected object '3 047' are equal

26-05-2025T07:53:33 - [MESSAGE][PASSED] - Actual object '3 047' and expected object '3 047' are equal

26-05-2025T07:53:33 - [TEST_STEP][PASSED] - closeBrowser(): null

26-05-2025T07:53:33 - [MESSAGE][PASSED] - Browser is closed

26-05-2025T07:53:33 - [TEST_STEP][PASSED] - Script1742558545601.Blocks(run, vir, block, nameOfBlock, typeOfData, viruchka, vidget, todaysDate, a, b, dZO, x, y): null

26-05-2025T07:53:33 - [TEST_STEP][PASSED] - i = <not implemented yet for class: org.codehaus.groovy.ast.expr.EmptyExpression>: null

26-05-2025T07:53:33 - [TEST_STEP][PASSED] - perc = "": null

26-05-2025T07:53:33 - [TEST_STEP][PASSED] - a1 = <not implemented yet for class: org.codehaus.groovy.ast.expr.EmptyExpression>: null

26-05-2025T07:53:33 - [TEST_STEP][PASSED] - a2 = <not implemented yet for class: org.codehaus.groovy.ast.expr.EmptyExpression>: null

26-05-2025T07:53:33 - [TEST_STEP][PASSED] - a30 = <not implemented yet for class: org.codehaus.groovy.ast.expr.EmptyExpression>: null

26-05-2025T07:53:33 - [TEST_STEP][PASSED] - a31 = <not implemented yet for class: org.codehaus.groovy.ast.expr.EmptyExpression>: null

26-05-2025T07:53:33 - [TEST_STEP][PASSED] - a32 = <not implemented yet for class: org.codehaus.groovy.ast.expr.EmptyExpression>: null

26-05-2025T07:53:33 - [TEST_STEP][PASSED] - a33 = <not implemented yet for class: org.codehaus.groovy.ast.expr.EmptyExpression>: null

26-05-2025T07:53:33 - [TEST_STEP][PASSED] - a34 = <not implemented yet for class: org.codehaus.groovy.ast.expr.EmptyExpression>: null

26-05-2025T07:53:33 - [TEST_STEP][PASSED] - a35 = <not implemented yet for class: org.codehaus.groovy.ast.expr.EmptyExpression>: null

26-05-2025T07:53:33 - [TEST_STEP][PASSED] - a36 = <not implemented yet for class: org.codehaus.groovy.ast.expr.EmptyExpression>: null

26-05-2025T07:53:33 - [TEST_STEP][PASSED] - a37 = <not implemented yet for class: org.codehaus.groovy.ast.expr.EmptyExpression>: null

26-05-2025T07:53:33 - [TEST_STEP][PASSED] - a38 = <not implemented yet for class: org.codehaus.groovy.ast.expr.EmptyExpression>: null

26-05-2025T07:53:33 - [TEST_STEP][PASSED] - a39 = <not implemented yet for class: org.codehaus.groovy.ast.expr.EmptyExpression>: null

26-05-2025T07:53:33 - [TEST_STEP][PASSED] - a310 = <not implemented yet for class: org.codehaus.groovy.ast.expr.EmptyExpression>: null

26-05-2025T07:53:33 - [TEST_STEP][PASSED] - a311 = <not implemented yet for class: org.codehaus.groovy.ast.expr.EmptyExpression>: null

26-05-2025T07:53:33 - [TEST_STEP][PASSED] - a312 = <not implemented yet for class: org.codehaus.groovy.ast.expr.EmptyExpression>: null

26-05-2025T07:53:33 - [TEST_STEP][PASSED] - a313 = <not implemented yet for class: org.codehaus.groovy.ast.expr.EmptyExpression>: null

26-05-2025T07:53:33 - [TEST_STEP][PASSED] - a314 = <not implemented yet for class: org.codehaus.groovy.ast.expr.EmptyExpression>: null

26-05-2025T07:53:33 - [TEST_STEP][PASSED] - a315 = <not implemented yet for class: org.codehaus.groovy.ast.expr.EmptyExpression>: null

26-05-2025T07:53:33 - [TEST_STEP][PASSED] - a316 = <not implemented yet for class: org.codehaus.groovy.ast.expr.EmptyExpression>: null

26-05-2025T07:53:33 - [TEST_STEP][PASSED] - a317 = <not implemented yet for class: org.codehaus.groovy.ast.expr.EmptyExpression>: null

26-05-2025T07:53:33 - [TEST_STEP][PASSED] - a318 = <not implemented yet for class: org.codehaus.groovy.ast.expr.EmptyExpression>: null

26-05-2025T07:53:33 - [TEST_STEP][PASSED] - b1 = <not implemented yet for class: org.codehaus.groovy.ast.expr.EmptyExpression>: null

26-05-2025T07:53:33 - [TEST_STEP][PASSED] - b2 = <not implemented yet for class: org.codehaus.groovy.ast.expr.EmptyExpression>: null

26-05-2025T07:53:33 - [TEST_STEP][PASSED] - b30 = <not implemented yet for class: org.codehaus.groovy.ast.expr.EmptyExpression>: null

26-05-2025T07:53:33 - [TEST_STEP][PASSED] - b31 = <not implemented yet for class: org.codehaus.groovy.ast.expr.EmptyExpression>: null

26-05-2025T07:53:33 - [TEST_STEP][PASSED] - b32 = <not implemented yet for class: org.codehaus.groovy.ast.expr.EmptyExpression>: null

26-05-2025T07:53:33 - [TEST_STEP][PASSED] - b33 = <not implemented yet for class: org.codehaus.groovy.ast.expr.EmptyExpression>: null

26-05-2025T07:53:33 - [TEST_STEP][PASSED] - b34 = <not implemented yet for class: org.codehaus.groovy.ast.expr.EmptyExpression>: null

26-05-2025T07:53:33 - [TEST_STEP][PASSED] - b35 = <not implemented yet for class: org.codehaus.groovy.ast.expr.EmptyExpression>: null

26-05-2025T07:53:33 - [TEST_STEP][PASSED] - b36 = <not implemented yet for class: org.codehaus.groovy.ast.expr.EmptyExpression>: null

26-05-2025T07:53:33 - [TEST_STEP][PASSED] - b37 = <not implemented yet for class: org.codehaus.groovy.ast.expr.EmptyExpression>: null

26-05-2025T07:53:33 - [TEST_STEP][PASSED] - b38 = <not implemented yet for class: org.codehaus.groovy.ast.expr.EmptyExpression>: null

26-05-2025T07:53:33 - [TEST_STEP][PASSED] - b39 = <not implemented yet for class: org.codehaus.groovy.ast.expr.EmptyExpression>: null

26-05-2025T07:53:33 - [TEST_STEP][PASSED] - b310 = <not implemented yet for class: org.codehaus.groovy.ast.expr.EmptyExpression>: null

26-05-2025T07:53:33 - [TEST_STEP][PASSED] - b311 = <not implemented yet for class: org.codehaus.groovy.ast.expr.EmptyExpression>: null

26-05-2025T07:53:33 - [TEST_STEP][PASSED] - b312 = <not implemented yet for class: org.codehaus.groovy.ast.expr.EmptyExpression>: null

26-05-2025T07:53:33 - [TEST_STEP][PASSED] - b313 = <not implemented yet for class: org.codehaus.groovy.ast.expr.EmptyExpression>: null

26-05-2025T07:53:33 - [TEST_STEP][PASSED] - b314 = <not implemented yet for class: org.codehaus.groovy.ast.expr.EmptyExpression>: null

26-05-2025T07:53:33 - [TEST_STEP][PASSED] - b315 = <not implemented yet for class: org.codehaus.groovy.ast.expr.EmptyExpression>: null

26-05-2025T07:53:33 - [TEST_STEP][PASSED] - b316 = <not implemented yet for class: org.codehaus.groovy.ast.expr.EmptyExpression>: null

26-05-2025T07:53:33 - [TEST_STEP][PASSED] - b317 = <not implemented yet for class: org.codehaus.groovy.ast.expr.EmptyExpression>: null

26-05-2025T07:53:33 - [TEST_STEP][PASSED] - b318 = <not implemented yet for class: org.codehaus.groovy.ast.expr.EmptyExpression>: null

26-05-2025T07:53:33 - [TEST_STEP][PASSED] - block = 1: null

26-05-2025T07:53:33 - [TEST_STEP][PASSED] - nameOfBlock = "": null

26-05-2025T07:53:33 - [TEST_STEP][PASSED] - Script1742558545601.PreSettings(run, vir, block, nameOfBlock, typeOfData, todaysDate): null

26-05-2025T07:53:33 - [TEST_STEP][PASSED] - openBrowser(""): Browser is opened with url: ''

26-05-2025T07:53:33 - [MESSAGE][INFO] - Starting 'Chrome' driver

26-05-2025T07:53:33 - [MESSAGE][INFO] - Action delay is set to 0 milliseconds

26-05-2025T07:53:34 - [MESSAGE][PASSED] - Browser is opened with url: ''

26-05-2025T07:53:34 - [TEST_STEP][PASSED] - refresh(): Refresh successfully

26-05-2025T07:53:34 - [MESSAGE][PASSED] - Refresh successfully

26-05-2025T07:53:34 - [TEST_STEP][PASSED] - delay(50): Delayed 50 second(s)

26-05-2025T07:54:24 - [MESSAGE][PASSED] - Delayed 50 second(s)

26-05-2025T07:54:24 - [TEST_STEP][PASSED] - println("run:" + run): null

26-05-2025T07:54:24 - [TEST_STEP][PASSED] - println("vir:" + vir): null

26-05-2025T07:54:24 - [TEST_STEP][PASSED] - println("block:" + block): null

26-05-2025T07:54:24 - [TEST_STEP][PASSED] - if (block == 1): null

26-05-2025T07:54:24 - [TEST_STEP][PASSED] - nameOfBlock = "": null

26-05-2025T07:54:24 - [TEST_STEP][PASSED] - println("nameOfBlock:" + nameOfBlock): null

26-05-2025T07:54:24 - [TEST_STEP][PASSED] - println("typeOfData:" + typeOfData): null

26-05-2025T07:54:24 - [TEST_STEP][PASSED] - println("todaysDate:" + todaysDate): null

26-05-2025T07:54:24 - [TEST_STEP][PASSED] - Script1742558545601.Autorization(block, nameOfBlock): null

26-05-2025T07:54:24 - [TEST_STEP][PASSED] - i = <not implemented yet for class: org.codehaus.groovy.ast.expr.EmptyExpression>: null

26-05-2025T07:54:24 - [TEST_STEP][PASSED] - ii = <not implemented yet for class: org.codehaus.groovy.ast.expr.EmptyExpression>: null

26-05-2025T07:54:24 - [TEST_STEP][PASSED] - urlData = <not implemented yet for class: org.codehaus.groovy.ast.expr.EmptyExpression>: null

26-05-2025T07:54:24 - [TEST_STEP][PASSED] - searchWord = <not implemented yet for class: org.codehaus.groovy.ast.expr.EmptyExpression>: null

26-05-2025T07:54:24 - [TEST_STEP][PASSED] - urlText = <not implemented yet for class: org.codehaus.groovy.ast.expr.EmptyExpression>: null

26-05-2025T07:54:24 - [TEST_STEP][PASSED] - println("block:" + block): null

26-05-2025T07:54:24 - [TEST_STEP][PASSED] - if (block == 1): null

26-05-2025T07:54:24 - [TEST_STEP][PASSED] - nameOfBlock = "": null

26-05-2025T07:54:24 - [TEST_STEP][PASSED] - println("nameOfBlock:" + nameOfBlock): null

26-05-2025T07:54:24 - [TEST_STEP][PASSED] - if (block == 1): Delayed 45 second(s)

26-05-2025T07:54:24 - [TEST_STEP][PASSED] - urlData = 2: null

26-05-2025T07:54:24 - [TEST_STEP][PASSED] - delay(45): Delayed 45 second(s)

26-05-2025T07:55:09 - [MESSAGE][PASSED] - Delayed 45 second(s)

26-05-2025T07:55:09 - [TEST_STEP][PASSED] - navigateToUrl(findTestData("PlanFact").getValue(10, urlData)): Navigate to 'https://bi.rosseti.digital/viewer?dashboardGuid=2301950b23be4ed89c1df75f2020051e&sheetGuid=b723206f698544fb87299f3095c00435&fit=true' successfully

26-05-2025T07:55:11 - [MESSAGE][PASSED] - Navigate to 'https://bi.rosseti.digital/viewer?dashboardGuid=2301950b23be4ed89c1df75f2020051e&sheetGuid=b723206f698544fb87299f3095c00435&fit=true' successfully

26-05-2025T07:55:11 - [TEST_STEP][PASSED] - urlText = getText(findTestObject("Страница авторизации/Text")): Text of object 'Object Repository/Страница авторизации/Text' is: 'Вход'

26-05-2025T07:55:12 - [MESSAGE][PASSED] - Text of object 'Object Repository/Страница авторизации/Text' is: 'Вход'

26-05-2025T07:55:12 - [TEST_STEP][PASSED] - searchWord = "Вход": null

26-05-2025T07:55:12 - [TEST_STEP][PASSED] - if (urlText == null || urlText.contains("ошибка") || urlText.contains(searchWord) == false): null

26-05-2025T07:55:12 - [TEST_STEP][PASSED] - if (verifyElementPresent(findTestObject("Страница авторизации/button_"), 30) == true): null

26-05-2025T07:55:12 - [MESSAGE][PASSED] - Object 'Object Repository/Страница авторизации/button_' is present

26-05-2025T07:55:12 - [TEST_STEP][PASSED] - setText(findTestObject("Страница авторизации/input__username"), findTestData("PlanFact").getValue(8, 1)): Text 'liazgina-di' is set on object 'Object Repository/Страница авторизации/input__username'

26-05-2025T07:55:13 - [MESSAGE][PASSED] - Text 'liazgina-di' is set on object 'Object Repository/Страница авторизации/input__username'

26-05-2025T07:55:13 - [TEST_STEP][PASSED] - setText(findTestObject("Страница авторизации/input__password"), findTestData("PlanFact").getValue(9, 1)): Text ')$%5srZ8o688Dm#q' is set on object 'Object Repository/Страница авторизации/input__password'

26-05-2025T07:55:13 - [MESSAGE][PASSED] - Text ')$%5srZ8o688Dm#q' is set on object 'Object Repository/Страница авторизации/input__password'

26-05-2025T07:55:13 - [TEST_STEP][PASSED] - click(findTestObject("Страница авторизации/button_")): Object: 'Object Repository/Страница авторизации/button_' is clicked on

26-05-2025T07:55:15 - [MESSAGE][PASSED] - Object: 'Object Repository/Страница авторизации/button_' is clicked on

26-05-2025T07:55:15 - [TEST_STEP][PASSED] - delay(45): Delayed 45 second(s)

26-05-2025T07:56:00 - [MESSAGE][PASSED] - Delayed 45 second(s)

26-05-2025T07:56:00 - [TEST_STEP][PASSED] - urlText = getText(findTestObject("Страница авторизации/Text")): Text of object 'Object Repository/Страница авторизации/Text' is: 'Период
1 кв. 2025 года
Выручка
Все
Выполнение плановых показателей по ПАО Россети за 1 кв. 2025 года
План
Факт
Динамика
2025 год
0 млн.руб.
50 000 млн.руб.
100 000 млн.руб.
150 000 млн.руб.
200 000 млн.руб.
250 000 млн.руб.
300 000 млн.руб.
350 000 млн.руб.
400 000 млн.руб.
450 000 млн.руб.
500 000 млн.руб.
550 000 млн.руб.
466 800
463 075
↓
ДЗО 
Все
Внутренний оборот - выручка за услуги по передаче электрической энергии, учтенная в выручке за электроэнергию для конечных потребителей, при выполнении ДЗО функций гарантирующего поставщика
Подписи данных
⬤Отклонение
АО "РЭС"
АО «Тываэнерго»
АО «Чеченэнерго»
Россети Волга
Россети Кубань
Россети Ленэнерго (ГК)
Россети Московский регион
Россети Северный Кавказ (ГК)
Россети Северо-Запад
Россети Сибирь (ГК)
Россети Томск
Россети Тюмень
Россети Урал (ГК)
Россети ФСК ЕЭС
Россети Центр
Россети Центр и Приволжье (ГК)
Россети Юг (ГК)
Россети Янтарь
-4 000млн.руб.
-3 000млн.руб.
-2 000млн.руб.
-1 000млн.руб.
0млн.руб.
1 000млн.руб.
2 000млн.руб.
3 000млн.руб.
4 0…
-261
55
-27
-537
786
62
-3 345
-271
-253
876
-57
-2 765
-987
1 670
-805
-905
-11
3 047
млн.
%
Выручка
Отклонение выручки по ПАО Россети за 1 кв. 2025 года (факт/план, млн. руб)
ПАО Россети
-3 725.7 млн.руб.
 '

26-05-2025T07:56:00 - [MESSAGE][PASSED] - Text of object 'Object Repository/Страница авторизации/Text' is: 'Период
1 кв. 2025 года
Выручка
Все
Выполнение плановых показателей по ПАО Россети за 1 кв. 2025 года
План
Факт
Динамика
2025 год
0 млн.руб.
50 000 млн.руб.
100 000 млн.руб.
150 000 млн.руб.
200 000 млн.руб.
250 000 млн.руб.
300 000 млн.руб.
350 000 млн.руб.
400 000 млн.руб.
450 000 млн.руб.
500 000 млн.руб.
550 000 млн.руб.
466 800
463 075
↓
ДЗО 
Все
Внутренний оборот - выручка за услуги по передаче электрической энергии, учтенная в выручке за электроэнергию для конечных потребителей, при выполнении ДЗО функций гарантирующего поставщика
Подписи данных
⬤Отклонение
АО "РЭС"
АО «Тываэнерго»
АО «Чеченэнерго»
Россети Волга
Россети Кубань
Россети Ленэнерго (ГК)
Россети Московский регион
Россети Северный Кавказ (ГК)
Россети Северо-Запад
Россети Сибирь (ГК)
Россети Томск
Россети Тюмень
Россети Урал (ГК)
Россети ФСК ЕЭС
Россети Центр
Россети Центр и Приволжье (ГК)
Россети Юг (ГК)
Россети Янтарь
-4 000млн.руб.
-3 000млн.руб.
-2 000млн.руб.
-1 000млн.руб.
0млн.руб.
1 000млн.руб.
2 000млн.руб.
3 000млн.руб.
4 0…
-261
55
-27
-537
786
62
-3 345
-271
-253
876
-57
-2 765
-987
1 670
-805
-905
-11
3 047
млн.
%
Выручка
Отклонение выручки по ПАО Россети за 1 кв. 2025 года (факт/план, млн. руб)
ПАО Россети
-3 725.7 млн.руб.
 '

26-05-2025T07:56:00 - [TEST_STEP][PASSED] - searchWord = "а": null

26-05-2025T07:56:00 - [TEST_STEP][PASSED] - if (urlText.contains("ошибка") || urlText.contains(searchWord) == false): null

26-05-2025T07:56:00 - [TEST_STEP][PASSED] - delay(45): Delayed 45 second(s)

26-05-2025T07:56:45 - [MESSAGE][PASSED] - Delayed 45 second(s)

26-05-2025T07:56:45 - [TEST_STEP][PASSED] - if (block == 2): null

26-05-2025T07:56:45 - [TEST_STEP][PASSED] - click(findTestObject("Выручка в рублях/Фильтр Период" + nameOfBlock)): Object: 'Object Repository/Выручка в рублях/Фильтр Период' is clicked on

26-05-2025T07:56:46 - [MESSAGE][PASSED] - Object: 'Object Repository/Выручка в рублях/Фильтр Период' is clicked on

26-05-2025T07:56:46 - [TEST_STEP][PASSED] - click(findTestObject("Выручка в рублях/Снять выделение в фильтре Дата" + nameOfBlock)): Object: 'Object Repository/Выручка в рублях/Снять выделение в фильтре Дата' is clicked on

26-05-2025T07:56:46 - [MESSAGE][PASSED] - Object: 'Object Repository/Выручка в рублях/Снять выделение в фильтре Дата' is clicked on

26-05-2025T07:56:46 - [TEST_STEP][PASSED] - click(findTestObject("Выручка в рублях/Применить в фильтре Дата" + nameOfBlock)): Object: 'Object Repository/Выручка в рублях/Применить в фильтре Дата' is clicked on

26-05-2025T07:56:47 - [MESSAGE][PASSED] - Object: 'Object Repository/Выручка в рублях/Применить в фильтре Дата' is clicked on

26-05-2025T07:56:47 - [TEST_STEP][PASSED] - delay(50): Delayed 50 second(s)

26-05-2025T07:57:37 - [MESSAGE][PASSED] - Delayed 50 second(s)

26-05-2025T07:57:37 - [TEST_STEP][PASSED] - click(findTestObject("Выручка в рублях/Фильтр Период" + nameOfBlock)): Object: 'Object Repository/Выручка в рублях/Фильтр Период' is clicked on

26-05-2025T07:57:37 - [MESSAGE][PASSED] - Object: 'Object Repository/Выручка в рублях/Фильтр Период' is clicked on

26-05-2025T07:57:37 - [TEST_STEP][PASSED] - click(findTestObject("Выручка в рублях/Снять выделение в фильтре Дата" + nameOfBlock)): Object: 'Object Repository/Выручка в рублях/Снять выделение в фильтре Дата' is clicked on

26-05-2025T07:57:38 - [MESSAGE][PASSED] - Object: 'Object Repository/Выручка в рублях/Снять выделение в фильтре Дата' is clicked on

26-05-2025T07:57:38 - [TEST_STEP][PASSED] - scrollToElement(findTestObject("Выручка в рублях/2025 список" + nameOfBlock), 30): Scroll to object 'Object Repository/Выручка в рублях/2025 список' successfully

26-05-2025T07:57:38 - [MESSAGE][PASSED] - Scroll to object 'Object Repository/Выручка в рублях/2025 список' successfully

26-05-2025T07:57:38 - [TEST_STEP][PASSED] - click(findTestObject("Выручка в рублях/2025 список" + nameOfBlock)): Object: 'Object Repository/Выручка в рублях/2025 список' is clicked on

26-05-2025T07:57:38 - [MESSAGE][PASSED] - Object: 'Object Repository/Выручка в рублях/2025 список' is clicked on

26-05-2025T07:57:38 - [TEST_STEP][PASSED] - scrollToElement(findTestObject("Выручка в рублях/1 квартал 2025 список" + nameOfBlock), 30): Scroll to object 'Object Repository/Выручка в рублях/1 квартал 2025 список' successfully

26-05-2025T07:57:39 - [MESSAGE][PASSED] - Scroll to object 'Object Repository/Выручка в рублях/1 квартал 2025 список' successfully

26-05-2025T07:57:39 - [TEST_STEP][PASSED] - click(findTestObject("Выручка в рублях/1 квартал 2025 выбрать" + nameOfBlock)): Object: 'Object Repository/Выручка в рублях/1 квартал 2025 выбрать' is clicked on

26-05-2025T07:57:39 - [MESSAGE][PASSED] - Object: 'Object Repository/Выручка в рублях/1 квартал 2025 выбрать' is clicked on

26-05-2025T07:57:39 - [TEST_STEP][PASSED] - scrollToElement(findTestObject("Выручка в рублях/Заголовок дашборда" + nameOfBlock), 30): Scroll to object 'Object Repository/Выручка в рублях/Заголовок дашборда' successfully

26-05-2025T07:57:40 - [MESSAGE][PASSED] - Scroll to object 'Object Repository/Выручка в рублях/Заголовок дашборда' successfully

26-05-2025T07:57:40 - [TEST_STEP][PASSED] - click(findTestObject("Выручка в рублях/Применить в фильтре Дата" + nameOfBlock)): Object: 'Object Repository/Выручка в рублях/Применить в фильтре Дата' is clicked on

26-05-2025T07:57:40 - [MESSAGE][PASSED] - Object: 'Object Repository/Выручка в рублях/Применить в фильтре Дата' is clicked on

26-05-2025T07:57:40 - [TEST_STEP][PASSED] - delay(55): Delayed 55 second(s)

26-05-2025T07:58:35 - [MESSAGE][PASSED] - Delayed 55 second(s)

26-05-2025T07:58:35 - [TEST_STEP][PASSED] - click(findTestObject("Выручка в рублях/Фильтр ДЗО" + nameOfBlock)): Object: 'Object Repository/Выручка в рублях/Фильтр ДЗО' is clicked on

26-05-2025T07:58:35 - [MESSAGE][PASSED] - Object: 'Object Repository/Выручка в рублях/Фильтр ДЗО' is clicked on

26-05-2025T07:58:35 - [TEST_STEP][PASSED] - click(findTestObject("Выручка в рублях/Снять выделение в фильтре ДЗО" + nameOfBlock)): Object: 'Object Repository/Выручка в рублях/Снять выделение в фильтре ДЗО' is clicked on

26-05-2025T07:58:36 - [MESSAGE][PASSED] - Object: 'Object Repository/Выручка в рублях/Снять выделение в фильтре ДЗО' is clicked on

26-05-2025T07:58:36 - [TEST_STEP][PASSED] - click(findTestObject("Выручка в рублях/Применить в фильтре ДЗО" + nameOfBlock)): Object: 'Object Repository/Выручка в рублях/Применить в фильтре ДЗО' is clicked on

26-05-2025T07:58:36 - [MESSAGE][PASSED] - Object: 'Object Repository/Выручка в рублях/Применить в фильтре ДЗО' is clicked on

26-05-2025T07:58:36 - [TEST_STEP][PASSED] - delay(50): Delayed 50 second(s)

26-05-2025T07:59:26 - [MESSAGE][PASSED] - Delayed 50 second(s)

26-05-2025T07:59:26 - [TEST_STEP][PASSED] - Script1742558545601.Tumbler(run, vir, block, nameOfBlock): null

26-05-2025T07:59:26 - [TEST_STEP][PASSED] - println("run:" + run): null

26-05-2025T07:59:26 - [TEST_STEP][PASSED] - println("vir:" + vir): null

26-05-2025T07:59:26 - [TEST_STEP][PASSED] - println("block:" + block): null

26-05-2025T07:59:26 - [TEST_STEP][PASSED] - println("nameOfBlock:" + nameOfBlock): null

26-05-2025T07:59:26 - [TEST_STEP][PASSED] - if (vir == 1): null

26-05-2025T07:59:26 - [TEST_STEP][PASSED] - else if (vir == 2): Object: 'Object Repository/Выручка в рублях/Применить в фильтре Выручка' is clicked on

26-05-2025T07:59:26 - [TEST_STEP][PASSED] - if (run == 2): null

26-05-2025T07:59:26 - [TEST_STEP][PASSED] - click(findTestObject("Выручка в рублях/Фильтр Выручка" + nameOfBlock)): Object: 'Object Repository/Выручка в рублях/Фильтр Выручка' is clicked on

26-05-2025T07:59:27 - [MESSAGE][PASSED] - Object: 'Object Repository/Выручка в рублях/Фильтр Выручка' is clicked on

26-05-2025T07:59:27 - [TEST_STEP][PASSED] - click(findTestObject("Выручка в рублях/Итого в фильтре Выручка" + nameOfBlock)): Object: 'Object Repository/Выручка в рублях/Итого в фильтре Выручка' is clicked on

26-05-2025T07:59:27 - [MESSAGE][PASSED] - Object: 'Object Repository/Выручка в рублях/Итого в фильтре Выручка' is clicked on

26-05-2025T07:59:27 - [TEST_STEP][PASSED] - click(findTestObject("Выручка в рублях/Применить в фильтре Выручка" + nameOfBlock)): Object: 'Object Repository/Выручка в рублях/Применить в фильтре Выручка' is clicked on

26-05-2025T07:59:28 - [MESSAGE][PASSED] - Object: 'Object Repository/Выручка в рублях/Применить в фильтре Выручка' is clicked on

26-05-2025T07:59:28 - [TEST_STEP][PASSED] - click(findTestObject("Выручка в рублях/Фильтр ДЗО" + nameOfBlock)): Object: 'Object Repository/Выручка в рублях/Фильтр ДЗО' is clicked on

26-05-2025T07:59:29 - [MESSAGE][PASSED] - Object: 'Object Repository/Выручка в рублях/Фильтр ДЗО' is clicked on

26-05-2025T07:59:29 - [TEST_STEP][PASSED] - Script1742558545601.Rosseti(nameOfBlock): null

26-05-2025T07:59:29 - [TEST_STEP][PASSED] - println("nameOfBlock:" + nameOfBlock): null

26-05-2025T07:59:29 - [TEST_STEP][PASSED] - click(findTestObject("Выручка в рублях/ПАО Россети" + nameOfBlock)): Object: 'Object Repository/Выручка в рублях/ПАО Россети' is clicked on

26-05-2025T07:59:30 - [MESSAGE][PASSED] - Object: 'Object Repository/Выручка в рублях/ПАО Россети' is clicked on

26-05-2025T07:59:30 - [TEST_STEP][PASSED] - click(findTestObject("Выручка в рублях/Применить в фильтре ДЗО" + nameOfBlock)): Object: 'Object Repository/Выручка в рублях/Применить в фильтре ДЗО' is clicked on

26-05-2025T07:59:31 - [MESSAGE][PASSED] - Object: 'Object Repository/Выручка в рублях/Применить в фильтре ДЗО' is clicked on

26-05-2025T07:59:31 - [TEST_STEP][PASSED] - if (run == 2): null

26-05-2025T07:59:31 - [TEST_STEP][PASSED] - if (vir == 1 || vir == 2): Text of object 'Object Repository/Выручка в рублях/График План' is: '458 926'

26-05-2025T07:59:31 - [TEST_STEP][PASSED] - a1 = getText(findTestObject("Выручка в рублях/График План")): Text of object 'Object Repository/Выручка в рублях/График План' is: '458 926'

26-05-2025T07:59:32 - [MESSAGE][PASSED] - Text of object 'Object Repository/Выручка в рублях/График План' is: '458 926'

26-05-2025T07:59:32 - [TEST_STEP][PASSED] - if (vir == 1 || vir == 2): Text of object 'Object Repository/Выручка в рублях/График Факт' is: '455 530'

26-05-2025T07:59:32 - [TEST_STEP][PASSED] - a2 = getText(findTestObject("Выручка в рублях/График Факт")): Text of object 'Object Repository/Выручка в рублях/График Факт' is: '455 530'

26-05-2025T07:59:32 - [MESSAGE][PASSED] - Text of object 'Object Repository/Выручка в рублях/График Факт' is: '455 530'

26-05-2025T07:59:32 - [TEST_STEP][PASSED] - a30 = getText(findTestObject("Выручка в рублях/span1" + perc)): Text of object 'Object Repository/Выручка в рублях/span1' is: '-3 395.4 млн.руб.'

26-05-2025T07:59:32 - [MESSAGE][PASSED] - Text of object 'Object Repository/Выручка в рублях/span1' is: '-3 395.4 млн.руб.'

26-05-2025T07:59:32 - [TEST_STEP][PASSED] - i = a30.indexOf("млн.руб."): null

26-05-2025T07:59:32 - [TEST_STEP][PASSED] - if (i > -1): null

26-05-2025T07:59:32 - [TEST_STEP][PASSED] - a30 = a30.substring(0, i): null

26-05-2025T07:59:32 - [TEST_STEP][PASSED] - a30 = a30.replaceAll(" ", ""): null

26-05-2025T07:59:32 - [TEST_STEP][PASSED] - if (a30.contains("%")): null

26-05-2025T07:59:32 - [TEST_STEP][PASSED] - a30 = ").trim(): null

26-05-2025T07:59:32 - [TEST_STEP][PASSED] - println("a30: " + a30): null

26-05-2025T07:59:32 - [TEST_STEP][PASSED] - if (vir == 1): null

26-05-2025T07:59:32 - [TEST_STEP][PASSED] - else if (vir == 2): Text of object 'Object Repository/Выручка в рублях/span18' is: '3 047'

26-05-2025T07:59:32 - [TEST_STEP][PASSED] - a31 = ").trim(): Text of object 'Object Repository/Выручка в рублях/span2' is: '-261'

26-05-2025T07:59:32 - [MESSAGE][PASSED] - Text of object 'Object Repository/Выручка в рублях/span2' is: '-261'

26-05-2025T07:59:32 - [TEST_STEP][PASSED] - a32 = ").trim(): Text of object 'Object Repository/Выручка в рублях/span3' is: '0'

26-05-2025T07:59:33 - [MESSAGE][PASSED] - Text of object 'Object Repository/Выручка в рублях/span3' is: '0'

26-05-2025T07:59:33 - [TEST_STEP][PASSED] - a34 = ").trim(): Text of object 'Object Repository/Выручка в рублях/span4' is: '-537'

26-05-2025T07:59:33 - [MESSAGE][PASSED] - Text of object 'Object Repository/Выручка в рублях/span4' is: '-537'

26-05-2025T07:59:33 - [TEST_STEP][PASSED] - a35 = ").trim(): Text of object 'Object Repository/Выручка в рублях/span5' is: '786'

26-05-2025T07:59:33 - [MESSAGE][PASSED] - Text of object 'Object Repository/Выручка в рублях/span5' is: '786'

26-05-2025T07:59:33 - [TEST_STEP][PASSED] - a36 = ").trim(): Text of object 'Object Repository/Выручка в рублях/span6' is: '62'

26-05-2025T07:59:34 - [MESSAGE][PASSED] - Text of object 'Object Repository/Выручка в рублях/span6' is: '62'

26-05-2025T07:59:34 - [TEST_STEP][PASSED] - a37 = ").trim(): Text of object 'Object Repository/Выручка в рублях/span7' is: '-3 345'

26-05-2025T07:59:34 - [MESSAGE][PASSED] - Text of object 'Object Repository/Выручка в рублях/span7' is: '-3 345'

26-05-2025T07:59:34 - [TEST_STEP][PASSED] - a38 = ").trim(): Text of object 'Object Repository/Выручка в рублях/span8' is: '88'

26-05-2025T07:59:34 - [MESSAGE][PASSED] - Text of object 'Object Repository/Выручка в рублях/span8' is: '88'

26-05-2025T07:59:34 - [TEST_STEP][PASSED] - a39 = ").trim(): Text of object 'Object Repository/Выручка в рублях/span9' is: '-253'

26-05-2025T07:59:34 - [MESSAGE][PASSED] - Text of object 'Object Repository/Выручка в рублях/span9' is: '-253'

26-05-2025T07:59:34 - [TEST_STEP][PASSED] - a310 = ").trim(): Text of object 'Object Repository/Выручка в рублях/span10' is: '876'

26-05-2025T07:59:35 - [MESSAGE][PASSED] - Text of object 'Object Repository/Выручка в рублях/span10' is: '876'

26-05-2025T07:59:35 - [TEST_STEP][PASSED] - a311 = ").trim(): Text of object 'Object Repository/Выручка в рублях/span11' is: '-57'

26-05-2025T07:59:35 - [MESSAGE][PASSED] - Text of object 'Object Repository/Выручка в рублях/span11' is: '-57'

26-05-2025T07:59:35 - [TEST_STEP][PASSED] - a312 = ").trim(): Text of object 'Object Repository/Выручка в рублях/span12' is: '-2 765'

26-05-2025T07:59:35 - [MESSAGE][PASSED] - Text of object 'Object Repository/Выручка в рублях/span12' is: '-2 765'

26-05-2025T07:59:35 - [TEST_STEP][PASSED] - a313 = ").trim(): Text of object 'Object Repository/Выручка в рублях/span13' is: '-987'

26-05-2025T07:59:36 - [MESSAGE][PASSED] - Text of object 'Object Repository/Выручка в рублях/span13' is: '-987'

26-05-2025T07:59:36 - [TEST_STEP][PASSED] - a314 = ").trim(): Text of object 'Object Repository/Выручка в рублях/span14' is: '1 670'

26-05-2025T07:59:36 - [MESSAGE][PASSED] - Text of object 'Object Repository/Выручка в рублях/span14' is: '1 670'

26-05-2025T07:59:36 - [TEST_STEP][PASSED] - a315 = ").trim(): Text of object 'Object Repository/Выручка в рублях/span15' is: '-805'

26-05-2025T07:59:36 - [MESSAGE][PASSED] - Text of object 'Object Repository/Выручка в рублях/span15' is: '-805'

26-05-2025T07:59:36 - [TEST_STEP][PASSED] - a316 = ").trim(): Text of object 'Object Repository/Выручка в рублях/span16' is: '-905'

26-05-2025T07:59:36 - [MESSAGE][PASSED] - Text of object 'Object Repository/Выручка в рублях/span16' is: '-905'

26-05-2025T07:59:36 - [TEST_STEP][PASSED] - a317 = ").trim(): Text of object 'Object Repository/Выручка в рублях/span17' is: '-11'

26-05-2025T07:59:37 - [MESSAGE][PASSED] - Text of object 'Object Repository/Выручка в рублях/span17' is: '-11'

26-05-2025T07:59:37 - [TEST_STEP][PASSED] - a318 = ").trim(): Text of object 'Object Repository/Выручка в рублях/span18' is: '3 047'

26-05-2025T07:59:37 - [MESSAGE][PASSED] - Text of object 'Object Repository/Выручка в рублях/span18' is: '3 047'

26-05-2025T07:59:37 - [TEST_STEP][PASSED] - block = 2: null

26-05-2025T07:59:37 - [TEST_STEP][PASSED] - nameOfBlock = " Выручка": null

26-05-2025T07:59:37 - [TEST_STEP][PASSED] - Script1742558545601.PreSettings(run, vir, block, nameOfBlock, typeOfData, todaysDate): null

26-05-2025T07:59:37 - [TEST_STEP][PASSED] - openBrowser(""): Browser is opened with url: ''

26-05-2025T07:59:37 - [MESSAGE][WARNING] - A browser is already opened. Closing browser and opening a new one

26-05-2025T07:59:37 - [MESSAGE][INFO] - Starting 'Chrome' driver

26-05-2025T07:59:37 - [MESSAGE][INFO] - Action delay is set to 0 milliseconds

26-05-2025T07:59:38 - [MESSAGE][PASSED] - Browser is opened with url: ''

26-05-2025T07:59:38 - [TEST_STEP][PASSED] - refresh(): Refresh successfully

26-05-2025T07:59:38 - [MESSAGE][PASSED] - Refresh successfully

26-05-2025T07:59:38 - [TEST_STEP][PASSED] - delay(50): Delayed 50 second(s)

26-05-2025T08:00:28 - [MESSAGE][PASSED] - Delayed 50 second(s)

26-05-2025T08:00:28 - [TEST_STEP][PASSED] - println("run:" + run): null

26-05-2025T08:00:28 - [TEST_STEP][PASSED] - println("vir:" + vir): null

26-05-2025T08:00:28 - [TEST_STEP][PASSED] - println("block:" + block): null

26-05-2025T08:00:28 - [TEST_STEP][PASSED] - if (block == 1): null

26-05-2025T08:00:28 - [TEST_STEP][PASSED] - else: null

26-05-2025T08:00:28 - [TEST_STEP][PASSED] - nameOfBlock = " Выручка": null

26-05-2025T08:00:28 - [TEST_STEP][PASSED] - println("nameOfBlock:" + nameOfBlock): null

26-05-2025T08:00:28 - [TEST_STEP][PASSED] - println("typeOfData:" + typeOfData): null

26-05-2025T08:00:28 - [TEST_STEP][PASSED] - println("todaysDate:" + todaysDate): null

26-05-2025T08:00:28 - [TEST_STEP][PASSED] - Script1742558545601.Autorization(block, nameOfBlock): null

26-05-2025T08:00:28 - [TEST_STEP][PASSED] - i = <not implemented yet for class: org.codehaus.groovy.ast.expr.EmptyExpression>: null

26-05-2025T08:00:28 - [TEST_STEP][PASSED] - ii = <not implemented yet for class: org.codehaus.groovy.ast.expr.EmptyExpression>: null

26-05-2025T08:00:28 - [TEST_STEP][PASSED] - urlData = <not implemented yet for class: org.codehaus.groovy.ast.expr.EmptyExpression>: null

26-05-2025T08:00:28 - [TEST_STEP][PASSED] - searchWord = <not implemented yet for class: org.codehaus.groovy.ast.expr.EmptyExpression>: null

26-05-2025T08:00:28 - [TEST_STEP][PASSED] - urlText = <not implemented yet for class: org.codehaus.groovy.ast.expr.EmptyExpression>: null

26-05-2025T08:00:28 - [TEST_STEP][PASSED] - println("block:" + block): null

26-05-2025T08:00:28 - [TEST_STEP][PASSED] - if (block == 1): null

26-05-2025T08:00:28 - [TEST_STEP][PASSED] - else: null

26-05-2025T08:00:28 - [TEST_STEP][PASSED] - delay(45): Delayed 45 second(s)

26-05-2025T08:01:13 - [MESSAGE][PASSED] - Delayed 45 second(s)

26-05-2025T08:01:13 - [TEST_STEP][PASSED] - nameOfBlock = " Выручка": null

26-05-2025T08:01:13 - [TEST_STEP][PASSED] - println("nameOfBlock:" + nameOfBlock): null

26-05-2025T08:01:13 - [TEST_STEP][PASSED] - if (block == 1): null

26-05-2025T08:01:13 - [TEST_STEP][PASSED] - else: Delayed 45 second(s)

26-05-2025T08:01:13 - [TEST_STEP][PASSED] - urlData = 9: null

26-05-2025T08:01:13 - [TEST_STEP][PASSED] - delay(45): Delayed 45 second(s)

26-05-2025T08:01:58 - [MESSAGE][PASSED] - Delayed 45 second(s)

26-05-2025T08:01:58 - [TEST_STEP][PASSED] - navigateToUrl(findTestData("PlanFact").getValue(10, urlData)): Navigate to 'https://bi.rosseti.digital/viewer?dashboardGuid=a1fd28b3785d443cbc4d7690a1d78e31&sheetGuid=86092a20c5984827a0c87b24cac76a50&fit=true' successfully

26-05-2025T08:02:00 - [MESSAGE][PASSED] - Navigate to 'https://bi.rosseti.digital/viewer?dashboardGuid=a1fd28b3785d443cbc4d7690a1d78e31&sheetGuid=86092a20c5984827a0c87b24cac76a50&fit=true' successfully

26-05-2025T08:02:00 - [TEST_STEP][PASSED] - urlText = getText(findTestObject("Страница авторизации/Text")): Text of object 'Object Repository/Страница авторизации/Text' is: 'Вход'

26-05-2025T08:02:01 - [MESSAGE][PASSED] - Text of object 'Object Repository/Страница авторизации/Text' is: 'Вход'

26-05-2025T08:02:01 - [TEST_STEP][PASSED] - searchWord = "Вход": null

26-05-2025T08:02:01 - [TEST_STEP][PASSED] - if (urlText == null || urlText.contains("ошибка") || urlText.contains(searchWord) == false): null

26-05-2025T08:02:01 - [TEST_STEP][PASSED] - if (verifyElementPresent(findTestObject("Страница авторизации/button_"), 30) == true): null

26-05-2025T08:02:01 - [MESSAGE][PASSED] - Object 'Object Repository/Страница авторизации/button_' is present

26-05-2025T08:02:01 - [TEST_STEP][PASSED] - setText(findTestObject("Страница авторизации/input__username"), findTestData("PlanFact").getValue(8, 1)): Text 'liazgina-di' is set on object 'Object Repository/Страница авторизации/input__username'

26-05-2025T08:02:02 - [MESSAGE][PASSED] - Text 'liazgina-di' is set on object 'Object Repository/Страница авторизации/input__username'

26-05-2025T08:02:02 - [TEST_STEP][PASSED] - setText(findTestObject("Страница авторизации/input__password"), findTestData("PlanFact").getValue(9, 1)): Text ')$%5srZ8o688Dm#q' is set on object 'Object Repository/Страница авторизации/input__password'

26-05-2025T08:02:03 - [MESSAGE][PASSED] - Text ')$%5srZ8o688Dm#q' is set on object 'Object Repository/Страница авторизации/input__password'

26-05-2025T08:02:03 - [TEST_STEP][PASSED] - click(findTestObject("Страница авторизации/button_")): Object: 'Object Repository/Страница авторизации/button_' is clicked on

26-05-2025T08:02:04 - [MESSAGE][PASSED] - Object: 'Object Repository/Страница авторизации/button_' is clicked on

26-05-2025T08:02:04 - [TEST_STEP][PASSED] - delay(45): Delayed 45 second(s)

26-05-2025T08:02:49 - [MESSAGE][PASSED] - Delayed 45 second(s)

26-05-2025T08:02:49 - [TEST_STEP][PASSED] - urlText = getText(findTestObject("Страница авторизации/Text")): Text of object 'Object Repository/Страница авторизации/Text' is: 'Период
Январь, Февраль, Март 2025 года
Выручка
Все
Выполнение плановых показателей по ПАО Россети за Январь, Февраль, Март 2025 года
План
Факт
Динамика
2025 год
0 млн.руб.
50 000 млн.руб.
100 000 млн.руб.
150 000 млн.руб.
200 000 млн.руб.
250 000 млн.руб.
300 000 млн.руб.
350 000 млн.руб.
400 000 млн.руб.
450 000 млн.руб.
500 000 млн.руб.
550 000 млн.руб.
466 800
463 075
↓
ДЗО 
Все
Подписи данных
⬤Отклонение
АО "РЭС"
АО «Тываэнерго»
АО «Чеченэнерго»
Россети Волга
Россети Кубань
Россети Ленэнерго (ГК)
Россети Московский регион
Россети Северный Кавказ (ГК)
Россети Северо-Запад
Россети Сибирь (ГК)
Россети Томск
Россети Тюмень
Россети Урал (ГК)
Россети ФСК ЕЭС
Россети Центр
Россети Центр и Приволжье (ГК)
Россети Юг (ГК)
Россети Янтарь
-4 000 млн.руб.
-3 500 млн.руб.
-3 000 млн.руб.
-2 500 млн.руб.
-2 000 млн.руб.
-1 500 млн.руб.
-1 000 млн.руб.
- 500 млн.руб.
0 млн.руб.
500 млн.руб.
1 000 млн.руб.
1 500 млн.руб.
2 000 млн.руб.
2 500 млн.руб.
3 000 млн.руб.
3 500 млн.руб.
-261
55
-27
-537
786
62
-3 345
-271
-253
876
-57
-2 765
-987
1 670
-805
-905
-11
3 047
млн.
%
Выручка
Отклонение выручки по ПАО Россети за Январь, Февраль, Март 2025 года (факт/план, млн. руб)
ПАО Россети
-3 725.7 млн.руб.
Статус данных
×
Просьба обратить внимание
Данные занесены и согласованы не полностью
ВЫБРАННЫЕ ЗНАЧЕНИЯ ФИЛЬТРОВ
ДЗО | ПЕРИОД
ПАО Россети: [«Выбраны все филиалы по всем ДЗО по всем категориям»]
2025: [Янв, Фев, Мар]
*Внутренний оборот'

26-05-2025T08:02:50 - [MESSAGE][PASSED] - Text of object 'Object Repository/Страница авторизации/Text' is: 'Период
Январь, Февраль, Март 2025 года
Выручка
Все
Выполнение плановых показателей по ПАО Россети за Январь, Февраль, Март 2025 года
План
Факт
Динамика
2025 год
0 млн.руб.
50 000 млн.руб.
100 000 млн.руб.
150 000 млн.руб.
200 000 млн.руб.
250 000 млн.руб.
300 000 млн.руб.
350 000 млн.руб.
400 000 млн.руб.
450 000 млн.руб.
500 000 млн.руб.
550 000 млн.руб.
466 800
463 075
↓
ДЗО 
Все
Подписи данных
⬤Отклонение
АО "РЭС"
АО «Тываэнерго»
АО «Чеченэнерго»
Россети Волга
Россети Кубань
Россети Ленэнерго (ГК)
Россети Московский регион
Россети Северный Кавказ (ГК)
Россети Северо-Запад
Россети Сибирь (ГК)
Россети Томск
Россети Тюмень
Россети Урал (ГК)
Россети ФСК ЕЭС
Россети Центр
Россети Центр и Приволжье (ГК)
Россети Юг (ГК)
Россети Янтарь
-4 000 млн.руб.
-3 500 млн.руб.
-3 000 млн.руб.
-2 500 млн.руб.
-2 000 млн.руб.
-1 500 млн.руб.
-1 000 млн.руб.
- 500 млн.руб.
0 млн.руб.
500 млн.руб.
1 000 млн.руб.
1 500 млн.руб.
2 000 млн.руб.
2 500 млн.руб.
3 000 млн.руб.
3 500 млн.руб.
-261
55
-27
-537
786
62
-3 345
-271
-253
876
-57
-2 765
-987
1 670
-805
-905
-11
3 047
млн.
%
Выручка
Отклонение выручки по ПАО Россети за Январь, Февраль, Март 2025 года (факт/план, млн. руб)
ПАО Россети
-3 725.7 млн.руб.
Статус данных
×
Просьба обратить внимание
Данные занесены и согласованы не полностью
ВЫБРАННЫЕ ЗНАЧЕНИЯ ФИЛЬТРОВ
ДЗО | ПЕРИОД
ПАО Россети: [«Выбраны все филиалы по всем ДЗО по всем категориям»]
2025: [Янв, Фев, Мар]
*Внутренний оборот'

26-05-2025T08:02:50 - [TEST_STEP][PASSED] - searchWord = "а": null

26-05-2025T08:02:50 - [TEST_STEP][PASSED] - if (urlText.contains("ошибка") || urlText.contains(searchWord) == false): null

26-05-2025T08:02:50 - [TEST_STEP][PASSED] - delay(45): Delayed 45 second(s)

26-05-2025T08:03:35 - [MESSAGE][PASSED] - Delayed 45 second(s)

26-05-2025T08:03:35 - [TEST_STEP][PASSED] - if (block == 2): Delayed 50 second(s)

26-05-2025T08:03:35 - [TEST_STEP][PASSED] - opoveshenie = getText(findTestObject("Выручка в рублях/Просьба обратить внимание")): Text of object 'Object Repository/Выручка в рублях/Просьба обратить внимание' is: 'Просьба обратить внимание'

26-05-2025T08:03:35 - [MESSAGE][PASSED] - Text of object 'Object Repository/Выручка в рублях/Просьба обратить внимание' is: 'Просьба обратить внимание'

26-05-2025T08:03:35 - [TEST_STEP][PASSED] - if (opoveshenie == "Просьба обратить внимание"): Delayed 50 second(s)

26-05-2025T08:03:35 - [TEST_STEP][PASSED] - click(findTestObject("Выручка в рублях/Закрыть оповещение")): Object: 'Object Repository/Выручка в рублях/Закрыть оповещение' is clicked on

26-05-2025T08:03:35 - [MESSAGE][PASSED] - Object: 'Object Repository/Выручка в рублях/Закрыть оповещение' is clicked on

26-05-2025T08:03:35 - [TEST_STEP][PASSED] - delay(50): Delayed 50 second(s)

26-05-2025T08:04:25 - [MESSAGE][PASSED] - Delayed 50 second(s)

26-05-2025T08:04:25 - [TEST_STEP][PASSED] - click(findTestObject("Выручка в рублях/Фильтр Период" + nameOfBlock)): Object: 'Object Repository/Выручка в рублях/Фильтр Период Выручка' is clicked on

26-05-2025T08:04:26 - [MESSAGE][PASSED] - Object: 'Object Repository/Выручка в рублях/Фильтр Период Выручка' is clicked on

26-05-2025T08:04:26 - [TEST_STEP][PASSED] - click(findTestObject("Выручка в рублях/Снять выделение в фильтре Дата" + nameOfBlock)): Object: 'Object Repository/Выручка в рублях/Снять выделение в фильтре Дата Выручка' is clicked on

26-05-2025T08:04:26 - [MESSAGE][PASSED] - Object: 'Object Repository/Выручка в рублях/Снять выделение в фильтре Дата Выручка' is clicked on

26-05-2025T08:04:26 - [TEST_STEP][PASSED] - click(findTestObject("Выручка в рублях/Применить в фильтре Дата" + nameOfBlock)): Object: 'Object Repository/Выручка в рублях/Применить в фильтре Дата Выручка' is clicked on

26-05-2025T08:04:27 - [MESSAGE][PASSED] - Object: 'Object Repository/Выручка в рублях/Применить в фильтре Дата Выручка' is clicked on

26-05-2025T08:04:27 - [TEST_STEP][PASSED] - delay(50): Delayed 50 second(s)

26-05-2025T08:05:17 - [MESSAGE][PASSED] - Delayed 50 second(s)

26-05-2025T08:05:17 - [TEST_STEP][PASSED] - click(findTestObject("Выручка в рублях/Фильтр Период" + nameOfBlock)): Object: 'Object Repository/Выручка в рублях/Фильтр Период Выручка' is clicked on

26-05-2025T08:05:17 - [MESSAGE][PASSED] - Object: 'Object Repository/Выручка в рублях/Фильтр Период Выручка' is clicked on

26-05-2025T08:05:17 - [TEST_STEP][PASSED] - click(findTestObject("Выручка в рублях/Снять выделение в фильтре Дата" + nameOfBlock)): Object: 'Object Repository/Выручка в рублях/Снять выделение в фильтре Дата Выручка' is clicked on

26-05-2025T08:05:18 - [MESSAGE][PASSED] - Object: 'Object Repository/Выручка в рублях/Снять выделение в фильтре Дата Выручка' is clicked on

26-05-2025T08:05:18 - [TEST_STEP][PASSED] - scrollToElement(findTestObject("Выручка в рублях/2025 список" + nameOfBlock), 30): Scroll to object 'Object Repository/Выручка в рублях/2025 список Выручка' successfully

26-05-2025T08:05:18 - [MESSAGE][PASSED] - Scroll to object 'Object Repository/Выручка в рублях/2025 список Выручка' successfully

26-05-2025T08:05:18 - [TEST_STEP][PASSED] - click(findTestObject("Выручка в рублях/2025 список" + nameOfBlock)): Object: 'Object Repository/Выручка в рублях/2025 список Выручка' is clicked on

26-05-2025T08:05:18 - [MESSAGE][PASSED] - Object: 'Object Repository/Выручка в рублях/2025 список Выручка' is clicked on

26-05-2025T08:05:18 - [TEST_STEP][PASSED] - scrollToElement(findTestObject("Выручка в рублях/1 квартал 2025 список" + nameOfBlock), 30): Scroll to object 'Object Repository/Выручка в рублях/1 квартал 2025 список Выручка' successfully

26-05-2025T08:05:19 - [MESSAGE][PASSED] - Scroll to object 'Object Repository/Выручка в рублях/1 квартал 2025 список Выручка' successfully

26-05-2025T08:05:19 - [TEST_STEP][PASSED] - click(findTestObject("Выручка в рублях/1 квартал 2025 выбрать" + nameOfBlock)): Object: 'Object Repository/Выручка в рублях/1 квартал 2025 выбрать Выручка' is clicked on

26-05-2025T08:05:19 - [MESSAGE][PASSED] - Object: 'Object Repository/Выручка в рублях/1 квартал 2025 выбрать Выручка' is clicked on

26-05-2025T08:05:19 - [TEST_STEP][PASSED] - scrollToElement(findTestObject("Выручка в рублях/Заголовок дашборда" + nameOfBlock), 30): Scroll to object 'Object Repository/Выручка в рублях/Заголовок дашборда Выручка' successfully

26-05-2025T08:05:20 - [MESSAGE][PASSED] - Scroll to object 'Object Repository/Выручка в рублях/Заголовок дашборда Выручка' successfully

26-05-2025T08:05:20 - [TEST_STEP][PASSED] - click(findTestObject("Выручка в рублях/Применить в фильтре Дата" + nameOfBlock)): Object: 'Object Repository/Выручка в рублях/Применить в фильтре Дата Выручка' is clicked on

26-05-2025T08:05:20 - [MESSAGE][PASSED] - Object: 'Object Repository/Выручка в рублях/Применить в фильтре Дата Выручка' is clicked on

26-05-2025T08:05:20 - [TEST_STEP][PASSED] - delay(55): Delayed 55 second(s)

26-05-2025T08:06:15 - [MESSAGE][PASSED] - Delayed 55 second(s)

26-05-2025T08:06:15 - [TEST_STEP][PASSED] - click(findTestObject("Выручка в рублях/Фильтр ДЗО" + nameOfBlock)): Object: 'Object Repository/Выручка в рублях/Фильтр ДЗО Выручка' is clicked on

26-05-2025T08:06:15 - [MESSAGE][PASSED] - Object: 'Object Repository/Выручка в рублях/Фильтр ДЗО Выручка' is clicked on

26-05-2025T08:06:15 - [TEST_STEP][PASSED] - click(findTestObject("Выручка в рублях/Снять выделение в фильтре ДЗО" + nameOfBlock)): Object: 'Object Repository/Выручка в рублях/Снять выделение в фильтре ДЗО Выручка' is clicked on

26-05-2025T08:06:16 - [MESSAGE][PASSED] - Object: 'Object Repository/Выручка в рублях/Снять выделение в фильтре ДЗО Выручка' is clicked on

26-05-2025T08:06:16 - [TEST_STEP][PASSED] - click(findTestObject("Выручка в рублях/Применить в фильтре ДЗО" + nameOfBlock)): Object: 'Object Repository/Выручка в рублях/Применить в фильтре ДЗО Выручка' is clicked on

26-05-2025T08:06:17 - [MESSAGE][PASSED] - Object: 'Object Repository/Выручка в рублях/Применить в фильтре ДЗО Выручка' is clicked on

26-05-2025T08:06:17 - [TEST_STEP][PASSED] - delay(50): Delayed 50 second(s)

26-05-2025T08:07:07 - [MESSAGE][PASSED] - Delayed 50 second(s)

26-05-2025T08:07:07 - [TEST_STEP][PASSED] - Script1742558545601.Tumbler(run, vir, block, nameOfBlock): null

26-05-2025T08:07:07 - [TEST_STEP][PASSED] - println("run:" + run): null

26-05-2025T08:07:07 - [TEST_STEP][PASSED] - println("vir:" + vir): null

26-05-2025T08:07:07 - [TEST_STEP][PASSED] - println("block:" + block): null

26-05-2025T08:07:07 - [TEST_STEP][PASSED] - println("nameOfBlock:" + nameOfBlock): null

26-05-2025T08:07:07 - [TEST_STEP][PASSED] - if (vir == 1): null

26-05-2025T08:07:07 - [TEST_STEP][PASSED] - else if (vir == 2): Object: 'Object Repository/Выручка в рублях/Применить в фильтре Выручка Выручка' is clicked on

26-05-2025T08:07:07 - [TEST_STEP][PASSED] - if (run == 2): null

26-05-2025T08:07:07 - [TEST_STEP][PASSED] - click(findTestObject("Выручка в рублях/Фильтр Выручка" + nameOfBlock)): Object: 'Object Repository/Выручка в рублях/Фильтр Выручка Выручка' is clicked on

26-05-2025T08:07:07 - [MESSAGE][PASSED] - Object: 'Object Repository/Выручка в рублях/Фильтр Выручка Выручка' is clicked on

26-05-2025T08:07:07 - [TEST_STEP][PASSED] - click(findTestObject("Выручка в рублях/Итого в фильтре Выручка" + nameOfBlock)): Object: 'Object Repository/Выручка в рублях/Итого в фильтре Выручка Выручка' is clicked on

26-05-2025T08:07:07 - [MESSAGE][PASSED] - Object: 'Object Repository/Выручка в рублях/Итого в фильтре Выручка Выручка' is clicked on

26-05-2025T08:07:07 - [TEST_STEP][PASSED] - click(findTestObject("Выручка в рублях/Применить в фильтре Выручка" + nameOfBlock)): Object: 'Object Repository/Выручка в рублях/Применить в фильтре Выручка Выручка' is clicked on

26-05-2025T08:07:08 - [MESSAGE][PASSED] - Object: 'Object Repository/Выручка в рублях/Применить в фильтре Выручка Выручка' is clicked on

26-05-2025T08:07:08 - [TEST_STEP][PASSED] - click(findTestObject("Выручка в рублях/Фильтр ДЗО" + nameOfBlock)): Object: 'Object Repository/Выручка в рублях/Фильтр ДЗО Выручка' is clicked on

26-05-2025T08:07:10 - [MESSAGE][PASSED] - Object: 'Object Repository/Выручка в рублях/Фильтр ДЗО Выручка' is clicked on

26-05-2025T08:07:10 - [TEST_STEP][PASSED] - Script1742558545601.Rosseti(nameOfBlock): null

26-05-2025T08:07:10 - [TEST_STEP][PASSED] - println("nameOfBlock:" + nameOfBlock): null

26-05-2025T08:07:10 - [TEST_STEP][PASSED] - click(findTestObject("Выручка в рублях/ПАО Россети" + nameOfBlock)): Object: 'Object Repository/Выручка в рублях/ПАО Россети Выручка' is clicked on

26-05-2025T08:07:10 - [MESSAGE][PASSED] - Object: 'Object Repository/Выручка в рублях/ПАО Россети Выручка' is clicked on

26-05-2025T08:07:10 - [TEST_STEP][PASSED] - click(findTestObject("Выручка в рублях/Применить в фильтре ДЗО" + nameOfBlock)): Object: 'Object Repository/Выручка в рублях/Применить в фильтре ДЗО Выручка' is clicked on

26-05-2025T08:07:11 - [MESSAGE][PASSED] - Object: 'Object Repository/Выручка в рублях/Применить в фильтре ДЗО Выручка' is clicked on

26-05-2025T08:07:11 - [TEST_STEP][PASSED] - if (vir == 1 || vir == 2): Text of object 'Object Repository/Выручка в рублях/График План Выручка' is: '458 926'

26-05-2025T08:07:11 - [TEST_STEP][PASSED] - b1 = getText(findTestObject("Выручка в рублях/График План Выручка")): Text of object 'Object Repository/Выручка в рублях/График План Выручка' is: '458 926'

26-05-2025T08:07:12 - [MESSAGE][PASSED] - Text of object 'Object Repository/Выручка в рублях/График План Выручка' is: '458 926'

26-05-2025T08:07:12 - [TEST_STEP][PASSED] - if (vir == 1 || vir == 2): Text of object 'Object Repository/Выручка в рублях/График Факт Выручка' is: '455 530'

26-05-2025T08:07:12 - [TEST_STEP][PASSED] - b2 = getText(findTestObject("Выручка в рублях/График Факт Выручка")): Text of object 'Object Repository/Выручка в рублях/График Факт Выручка' is: '455 530'

26-05-2025T08:07:12 - [MESSAGE][PASSED] - Text of object 'Object Repository/Выручка в рублях/График Факт Выручка' is: '455 530'

26-05-2025T08:07:12 - [TEST_STEP][PASSED] - b30 = getText(findTestObject("Выручка в рублях/span1" + perc)): Text of object 'Object Repository/Выручка в рублях/span1' is: '-3 395.4 млн.руб.'

26-05-2025T08:07:13 - [MESSAGE][PASSED] - Text of object 'Object Repository/Выручка в рублях/span1' is: '-3 395.4 млн.руб.'

26-05-2025T08:07:13 - [TEST_STEP][PASSED] - i = b30.indexOf("млн.руб."): null

26-05-2025T08:07:13 - [TEST_STEP][PASSED] - if (i > -1): null

26-05-2025T08:07:13 - [TEST_STEP][PASSED] - b30 = b30.substring(0, i): null

26-05-2025T08:07:13 - [TEST_STEP][PASSED] - b30 = b30.replaceAll(" ", ""): null

26-05-2025T08:07:13 - [TEST_STEP][PASSED] - if (b30.contains("%")): null

26-05-2025T08:07:13 - [TEST_STEP][PASSED] - b30 = ").trim(): null

26-05-2025T08:07:13 - [TEST_STEP][PASSED] - println("b30: " + b30): null

26-05-2025T08:07:13 - [TEST_STEP][PASSED] - if (vir == 1): null

26-05-2025T08:07:13 - [TEST_STEP][PASSED] - else if (vir == 2): Text of object 'Object Repository/Выручка в рублях/span18' is: '3 047'

26-05-2025T08:07:13 - [TEST_STEP][PASSED] - b31 = ").trim(): Text of object 'Object Repository/Выручка в рублях/span2' is: '-261'

26-05-2025T08:07:13 - [MESSAGE][PASSED] - Text of object 'Object Repository/Выручка в рублях/span2' is: '-261'

26-05-2025T08:07:13 - [TEST_STEP][PASSED] - b32 = ").trim(): Text of object 'Object Repository/Выручка в рублях/span3' is: '0'

26-05-2025T08:07:13 - [MESSAGE][PASSED] - Text of object 'Object Repository/Выручка в рублях/span3' is: '0'

26-05-2025T08:07:13 - [TEST_STEP][PASSED] - b34 = ").trim(): Text of object 'Object Repository/Выручка в рублях/span4' is: '-537'

26-05-2025T08:07:14 - [MESSAGE][PASSED] - Text of object 'Object Repository/Выручка в рублях/span4' is: '-537'

26-05-2025T08:07:14 - [TEST_STEP][PASSED] - b35 = ").trim(): Text of object 'Object Repository/Выручка в рублях/span5' is: '786'

26-05-2025T08:07:14 - [MESSAGE][PASSED] - Text of object 'Object Repository/Выручка в рублях/span5' is: '786'

26-05-2025T08:07:14 - [TEST_STEP][PASSED] - b36 = ").trim(): Text of object 'Object Repository/Выручка в рублях/span6' is: '62'

26-05-2025T08:07:14 - [MESSAGE][PASSED] - Text of object 'Object Repository/Выручка в рублях/span6' is: '62'

26-05-2025T08:07:14 - [TEST_STEP][PASSED] - b37 = ").trim(): Text of object 'Object Repository/Выручка в рублях/span7' is: '-3 345'

26-05-2025T08:07:14 - [MESSAGE][PASSED] - Text of object 'Object Repository/Выручка в рублях/span7' is: '-3 345'

26-05-2025T08:07:14 - [TEST_STEP][PASSED] - b38 = ").trim(): Text of object 'Object Repository/Выручка в рублях/span8' is: '88'

26-05-2025T08:07:15 - [MESSAGE][PASSED] - Text of object 'Object Repository/Выручка в рублях/span8' is: '88'

26-05-2025T08:07:15 - [TEST_STEP][PASSED] - b39 = ").trim(): Text of object 'Object Repository/Выручка в рублях/span9' is: '-253'

26-05-2025T08:07:15 - [MESSAGE][PASSED] - Text of object 'Object Repository/Выручка в рублях/span9' is: '-253'

26-05-2025T08:07:15 - [TEST_STEP][PASSED] - b310 = ").trim(): Text of object 'Object Repository/Выручка в рублях/span10' is: '876'

26-05-2025T08:07:15 - [MESSAGE][PASSED] - Text of object 'Object Repository/Выручка в рублях/span10' is: '876'

26-05-2025T08:07:15 - [TEST_STEP][PASSED] - b311 = ").trim(): Text of object 'Object Repository/Выручка в рублях/span11' is: '-57'

26-05-2025T08:07:16 - [MESSAGE][PASSED] - Text of object 'Object Repository/Выручка в рублях/span11' is: '-57'

26-05-2025T08:07:16 - [TEST_STEP][PASSED] - b312 = ").trim(): Text of object 'Object Repository/Выручка в рублях/span12' is: '-2 765'

26-05-2025T08:07:16 - [MESSAGE][PASSED] - Text of object 'Object Repository/Выручка в рублях/span12' is: '-2 765'

26-05-2025T08:07:16 - [TEST_STEP][PASSED] - b313 = ").trim(): Text of object 'Object Repository/Выручка в рублях/span13' is: '-987'

26-05-2025T08:07:16 - [MESSAGE][PASSED] - Text of object 'Object Repository/Выручка в рублях/span13' is: '-987'

26-05-2025T08:07:16 - [TEST_STEP][PASSED] - b314 = ").trim(): Text of object 'Object Repository/Выручка в рублях/span14' is: '1 670'

26-05-2025T08:07:16 - [MESSAGE][PASSED] - Text of object 'Object Repository/Выручка в рублях/span14' is: '1 670'

26-05-2025T08:07:16 - [TEST_STEP][PASSED] - b315 = ").trim(): Text of object 'Object Repository/Выручка в рублях/span15' is: '-805'

26-05-2025T08:07:17 - [MESSAGE][PASSED] - Text of object 'Object Repository/Выручка в рублях/span15' is: '-805'

26-05-2025T08:07:17 - [TEST_STEP][PASSED] - b316 = ").trim(): Text of object 'Object Repository/Выручка в рублях/span16' is: '-905'

26-05-2025T08:07:17 - [MESSAGE][PASSED] - Text of object 'Object Repository/Выручка в рублях/span16' is: '-905'

26-05-2025T08:07:17 - [TEST_STEP][PASSED] - b317 = ").trim(): Text of object 'Object Repository/Выручка в рублях/span17' is: '-11'

26-05-2025T08:07:17 - [MESSAGE][PASSED] - Text of object 'Object Repository/Выручка в рублях/span17' is: '-11'

26-05-2025T08:07:17 - [TEST_STEP][PASSED] - b318 = ").trim(): Text of object 'Object Repository/Выручка в рублях/span18' is: '3 047'

26-05-2025T08:07:18 - [MESSAGE][PASSED] - Text of object 'Object Repository/Выручка в рублях/span18' is: '3 047'

26-05-2025T08:07:18 - [TEST_STEP][PASSED] - dZO = "ПАО Россети": null

26-05-2025T08:07:18 - [TEST_STEP][PASSED] - if (verifyEqual(a1, b1) == false): Actual object '458 926' and expected object '458 926' are equal

26-05-2025T08:07:18 - [MESSAGE][PASSED] - Actual object '458 926' and expected object '458 926' are equal

26-05-2025T08:07:18 - [TEST_STEP][PASSED] - if (verifyEqual(a2, b2) == false): Actual object '455 530' and expected object '455 530' are equal

26-05-2025T08:07:18 - [MESSAGE][PASSED] - Actual object '455 530' and expected object '455 530' are equal

26-05-2025T08:07:18 - [TEST_STEP][PASSED] - vidget = "Отклонения": null

26-05-2025T08:07:18 - [TEST_STEP][PASSED] - if (verifyEqual(a30, b30) == false): Actual object '-3395.4' and expected object '-3395.4' are equal

26-05-2025T08:07:18 - [MESSAGE][PASSED] - Actual object '-3395.4' and expected object '-3395.4' are equal

26-05-2025T08:07:18 - [TEST_STEP][PASSED] - dZO = "АО «РЭС»": null

26-05-2025T08:07:18 - [TEST_STEP][PASSED] - if (verifyEqual(a31, b31) == false): Actual object '-261' and expected object '-261' are equal

26-05-2025T08:07:18 - [MESSAGE][PASSED] - Actual object '-261' and expected object '-261' are equal

26-05-2025T08:07:18 - [TEST_STEP][PASSED] - dZO = "АО «Тываэнерго»": null

26-05-2025T08:07:18 - [TEST_STEP][PASSED] - if (verifyEqual(a32, b32) == false): Actual object '0' and expected object '0' are equal

26-05-2025T08:07:18 - [MESSAGE][PASSED] - Actual object '0' and expected object '0' are equal

26-05-2025T08:07:18 - [TEST_STEP][PASSED] - dZO = "АО «Чеченэнерго»": null

26-05-2025T08:07:18 - [TEST_STEP][PASSED] - if (verifyEqual(a33, b33) == false): Actual object 'null' and expected object 'null' are equal

26-05-2025T08:07:18 - [MESSAGE][PASSED] - Actual object 'null' and expected object 'null' are equal

26-05-2025T08:07:18 - [TEST_STEP][PASSED] - dZO = "Россети Волга": null

26-05-2025T08:07:18 - [TEST_STEP][PASSED] - if (verifyEqual(a34, b34) == false): Actual object '-537' and expected object '-537' are equal

26-05-2025T08:07:18 - [MESSAGE][PASSED] - Actual object '-537' and expected object '-537' are equal

26-05-2025T08:07:18 - [TEST_STEP][PASSED] - dZO = "Россети Кубань": null

26-05-2025T08:07:18 - [TEST_STEP][PASSED] - if (verifyEqual(a35, b35) == false): Actual object '786' and expected object '786' are equal

26-05-2025T08:07:18 - [MESSAGE][PASSED] - Actual object '786' and expected object '786' are equal

26-05-2025T08:07:18 - [TEST_STEP][PASSED] - dZO = "Россети Ленэнерго (ГК)": null

26-05-2025T08:07:18 - [TEST_STEP][PASSED] - if (verifyEqual(a36, b36) == false): Actual object '62' and expected object '62' are equal

26-05-2025T08:07:18 - [MESSAGE][PASSED] - Actual object '62' and expected object '62' are equal

26-05-2025T08:07:18 - [TEST_STEP][PASSED] - dZO = "Россети Московский регион": null

26-05-2025T08:07:18 - [TEST_STEP][PASSED] - if (verifyEqual(a37, b37) == false): Actual object '-3 345' and expected object '-3 345' are equal

26-05-2025T08:07:18 - [MESSAGE][PASSED] - Actual object '-3 345' and expected object '-3 345' are equal

26-05-2025T08:07:18 - [TEST_STEP][PASSED] - dZO = "Россети Северный Кавказ (ГК)": null

26-05-2025T08:07:18 - [TEST_STEP][PASSED] - if (verifyEqual(a38, b38) == false): Actual object '88' and expected object '88' are equal

26-05-2025T08:07:18 - [MESSAGE][PASSED] - Actual object '88' and expected object '88' are equal

26-05-2025T08:07:18 - [TEST_STEP][PASSED] - dZO = "Россети Северо-Запад": null

26-05-2025T08:07:18 - [TEST_STEP][PASSED] - if (verifyEqual(a39, b39) == false): Actual object '-253' and expected object '-253' are equal

26-05-2025T08:07:18 - [MESSAGE][PASSED] - Actual object '-253' and expected object '-253' are equal

26-05-2025T08:07:18 - [TEST_STEP][PASSED] - dZO = "Россети Сибирь (ГК)": null

26-05-2025T08:07:18 - [TEST_STEP][PASSED] - if (verifyEqual(a310, b310) == false): Actual object '876' and expected object '876' are equal

26-05-2025T08:07:18 - [MESSAGE][PASSED] - Actual object '876' and expected object '876' are equal

26-05-2025T08:07:18 - [TEST_STEP][PASSED] - dZO = "Россети Томск": null

26-05-2025T08:07:18 - [TEST_STEP][PASSED] - if (verifyEqual(a311, b311) == false): Actual object '-57' and expected object '-57' are equal

26-05-2025T08:07:18 - [MESSAGE][PASSED] - Actual object '-57' and expected object '-57' are equal

26-05-2025T08:07:18 - [TEST_STEP][PASSED] - dZO = "Россети Тюмень": null

26-05-2025T08:07:18 - [TEST_STEP][PASSED] - if (verifyEqual(a312, b312) == false): Actual object '-2 765' and expected object '-2 765' are equal

26-05-2025T08:07:18 - [MESSAGE][PASSED] - Actual object '-2 765' and expected object '-2 765' are equal

26-05-2025T08:07:18 - [TEST_STEP][PASSED] - dZO = "Россети Урал (ГК)": null

26-05-2025T08:07:18 - [TEST_STEP][PASSED] - if (verifyEqual(a313, b313) == false): Actual object '-987' and expected object '-987' are equal

26-05-2025T08:07:18 - [MESSAGE][PASSED] - Actual object '-987' and expected object '-987' are equal

26-05-2025T08:07:18 - [TEST_STEP][PASSED] - dZO = "Россети ФСК ЕЭС": null

26-05-2025T08:07:18 - [TEST_STEP][PASSED] - if (verifyEqual(a314, b314) == false): Actual object '1 670' and expected object '1 670' are equal

26-05-2025T08:07:18 - [MESSAGE][PASSED] - Actual object '1 670' and expected object '1 670' are equal

26-05-2025T08:07:18 - [TEST_STEP][PASSED] - dZO = "Россети Центр": null

26-05-2025T08:07:18 - [TEST_STEP][PASSED] - if (verifyEqual(a315, b315) == false): Actual object '-805' and expected object '-805' are equal

26-05-2025T08:07:18 - [MESSAGE][PASSED] - Actual object '-805' and expected object '-805' are equal

26-05-2025T08:07:18 - [TEST_STEP][PASSED] - dZO = "Россети Центр и Приволжье (ГК)": null

26-05-2025T08:07:18 - [TEST_STEP][PASSED] - if (verifyEqual(a316, b316) == false): Actual object '-905' and expected object '-905' are equal

26-05-2025T08:07:18 - [MESSAGE][PASSED] - Actual object '-905' and expected object '-905' are equal

26-05-2025T08:07:18 - [TEST_STEP][PASSED] - dZO = "Россети Юг (ГК)": null

26-05-2025T08:07:18 - [TEST_STEP][PASSED] - if (verifyEqual(a317, b317) == false): Actual object '-11' and expected object '-11' are equal

26-05-2025T08:07:18 - [MESSAGE][PASSED] - Actual object '-11' and expected object '-11' are equal

26-05-2025T08:07:18 - [TEST_STEP][PASSED] - dZO = "Россети Янтарь": null

26-05-2025T08:07:18 - [TEST_STEP][PASSED] - if (verifyEqual(a318, b318) == false): Actual object '3 047' and expected object '3 047' are equal

26-05-2025T08:07:18 - [MESSAGE][PASSED] - Actual object '3 047' and expected object '3 047' are equal

26-05-2025T08:07:18 - [TEST_STEP][PASSED] - closeBrowser(): null

26-05-2025T08:07:18 - [MESSAGE][PASSED] - Browser is closed

26-05-2025T08:07:18 - [TEST_STEP][PASSED] - Script1742558545601.Blocks(run, vir, block, nameOfBlock, typeOfData, viruchka, vidget, todaysDate, a, b, dZO, x, y): null

26-05-2025T08:07:18 - [TEST_STEP][PASSED] - i = <not implemented yet for class: org.codehaus.groovy.ast.expr.EmptyExpression>: null

26-05-2025T08:07:18 - [TEST_STEP][PASSED] - perc = "": null

26-05-2025T08:07:18 - [TEST_STEP][PASSED] - a1 = <not implemented yet for class: org.codehaus.groovy.ast.expr.EmptyExpression>: null

26-05-2025T08:07:18 - [TEST_STEP][PASSED] - a2 = <not implemented yet for class: org.codehaus.groovy.ast.expr.EmptyExpression>: null

26-05-2025T08:07:18 - [TEST_STEP][PASSED] - a30 = <not implemented yet for class: org.codehaus.groovy.ast.expr.EmptyExpression>: null

26-05-2025T08:07:18 - [TEST_STEP][PASSED] - a31 = <not implemented yet for class: org.codehaus.groovy.ast.expr.EmptyExpression>: null

26-05-2025T08:07:18 - [TEST_STEP][PASSED] - a32 = <not implemented yet for class: org.codehaus.groovy.ast.expr.EmptyExpression>: null

26-05-2025T08:07:18 - [TEST_STEP][PASSED] - a33 = <not implemented yet for class: org.codehaus.groovy.ast.expr.EmptyExpression>: null

26-05-2025T08:07:18 - [TEST_STEP][PASSED] - a34 = <not implemented yet for class: org.codehaus.groovy.ast.expr.EmptyExpression>: null

26-05-2025T08:07:18 - [TEST_STEP][PASSED] - a35 = <not implemented yet for class: org.codehaus.groovy.ast.expr.EmptyExpression>: null

26-05-2025T08:07:18 - [TEST_STEP][PASSED] - a36 = <not implemented yet for class: org.codehaus.groovy.ast.expr.EmptyExpression>: null

26-05-2025T08:07:18 - [TEST_STEP][PASSED] - a37 = <not implemented yet for class: org.codehaus.groovy.ast.expr.EmptyExpression>: null

26-05-2025T08:07:18 - [TEST_STEP][PASSED] - a38 = <not implemented yet for class: org.codehaus.groovy.ast.expr.EmptyExpression>: null

26-05-2025T08:07:18 - [TEST_STEP][PASSED] - a39 = <not implemented yet for class: org.codehaus.groovy.ast.expr.EmptyExpression>: null

26-05-2025T08:07:18 - [TEST_STEP][PASSED] - a310 = <not implemented yet for class: org.codehaus.groovy.ast.expr.EmptyExpression>: null

26-05-2025T08:07:18 - [TEST_STEP][PASSED] - a311 = <not implemented yet for class: org.codehaus.groovy.ast.expr.EmptyExpression>: null

26-05-2025T08:07:18 - [TEST_STEP][PASSED] - a312 = <not implemented yet for class: org.codehaus.groovy.ast.expr.EmptyExpression>: null

26-05-2025T08:07:18 - [TEST_STEP][PASSED] - a313 = <not implemented yet for class: org.codehaus.groovy.ast.expr.EmptyExpression>: null

26-05-2025T08:07:18 - [TEST_STEP][PASSED] - a314 = <not implemented yet for class: org.codehaus.groovy.ast.expr.EmptyExpression>: null

26-05-2025T08:07:18 - [TEST_STEP][PASSED] - a315 = <not implemented yet for class: org.codehaus.groovy.ast.expr.EmptyExpression>: null

26-05-2025T08:07:18 - [TEST_STEP][PASSED] - a316 = <not implemented yet for class: org.codehaus.groovy.ast.expr.EmptyExpression>: null

26-05-2025T08:07:18 - [TEST_STEP][PASSED] - a317 = <not implemented yet for class: org.codehaus.groovy.ast.expr.EmptyExpression>: null

26-05-2025T08:07:18 - [TEST_STEP][PASSED] - a318 = <not implemented yet for class: org.codehaus.groovy.ast.expr.EmptyExpression>: null

26-05-2025T08:07:18 - [TEST_STEP][PASSED] - b1 = <not implemented yet for class: org.codehaus.groovy.ast.expr.EmptyExpression>: null

26-05-2025T08:07:18 - [TEST_STEP][PASSED] - b2 = <not implemented yet for class: org.codehaus.groovy.ast.expr.EmptyExpression>: null

26-05-2025T08:07:18 - [TEST_STEP][PASSED] - b30 = <not implemented yet for class: org.codehaus.groovy.ast.expr.EmptyExpression>: null

26-05-2025T08:07:18 - [TEST_STEP][PASSED] - b31 = <not implemented yet for class: org.codehaus.groovy.ast.expr.EmptyExpression>: null

26-05-2025T08:07:18 - [TEST_STEP][PASSED] - b32 = <not implemented yet for class: org.codehaus.groovy.ast.expr.EmptyExpression>: null

26-05-2025T08:07:18 - [TEST_STEP][PASSED] - b33 = <not implemented yet for class: org.codehaus.groovy.ast.expr.EmptyExpression>: null

26-05-2025T08:07:18 - [TEST_STEP][PASSED] - b34 = <not implemented yet for class: org.codehaus.groovy.ast.expr.EmptyExpression>: null

26-05-2025T08:07:18 - [TEST_STEP][PASSED] - b35 = <not implemented yet for class: org.codehaus.groovy.ast.expr.EmptyExpression>: null

26-05-2025T08:07:18 - [TEST_STEP][PASSED] - b36 = <not implemented yet for class: org.codehaus.groovy.ast.expr.EmptyExpression>: null

26-05-2025T08:07:18 - [TEST_STEP][PASSED] - b37 = <not implemented yet for class: org.codehaus.groovy.ast.expr.EmptyExpression>: null

26-05-2025T08:07:18 - [TEST_STEP][PASSED] - b38 = <not implemented yet for class: org.codehaus.groovy.ast.expr.EmptyExpression>: null

26-05-2025T08:07:18 - [TEST_STEP][PASSED] - b39 = <not implemented yet for class: org.codehaus.groovy.ast.expr.EmptyExpression>: null

26-05-2025T08:07:18 - [TEST_STEP][PASSED] - b310 = <not implemented yet for class: org.codehaus.groovy.ast.expr.EmptyExpression>: null

26-05-2025T08:07:18 - [TEST_STEP][PASSED] - b311 = <not implemented yet for class: org.codehaus.groovy.ast.expr.EmptyExpression>: null

26-05-2025T08:07:18 - [TEST_STEP][PASSED] - b312 = <not implemented yet for class: org.codehaus.groovy.ast.expr.EmptyExpression>: null

26-05-2025T08:07:18 - [TEST_STEP][PASSED] - b313 = <not implemented yet for class: org.codehaus.groovy.ast.expr.EmptyExpression>: null

26-05-2025T08:07:18 - [TEST_STEP][PASSED] - b314 = <not implemented yet for class: org.codehaus.groovy.ast.expr.EmptyExpression>: null

26-05-2025T08:07:18 - [TEST_STEP][PASSED] - b315 = <not implemented yet for class: org.codehaus.groovy.ast.expr.EmptyExpression>: null

26-05-2025T08:07:18 - [TEST_STEP][PASSED] - b316 = <not implemented yet for class: org.codehaus.groovy.ast.expr.EmptyExpression>: null

26-05-2025T08:07:18 - [TEST_STEP][PASSED] - b317 = <not implemented yet for class: org.codehaus.groovy.ast.expr.EmptyExpression>: null

26-05-2025T08:07:18 - [TEST_STEP][PASSED] - b318 = <not implemented yet for class: org.codehaus.groovy.ast.expr.EmptyExpression>: null

26-05-2025T08:07:18 - [TEST_STEP][PASSED] - block = 1: null

26-05-2025T08:07:18 - [TEST_STEP][PASSED] - nameOfBlock = "": null

26-05-2025T08:07:18 - [TEST_STEP][PASSED] - Script1742558545601.PreSettings(run, vir, block, nameOfBlock, typeOfData, todaysDate): null

26-05-2025T08:07:18 - [TEST_STEP][PASSED] - openBrowser(""): Browser is opened with url: ''

26-05-2025T08:07:18 - [MESSAGE][INFO] - Starting 'Chrome' driver

26-05-2025T08:07:18 - [MESSAGE][INFO] - Action delay is set to 0 milliseconds

26-05-2025T08:07:19 - [MESSAGE][PASSED] - Browser is opened with url: ''

26-05-2025T08:07:19 - [TEST_STEP][PASSED] - refresh(): Refresh successfully

26-05-2025T08:07:19 - [MESSAGE][PASSED] - Refresh successfully

26-05-2025T08:07:19 - [TEST_STEP][PASSED] - delay(50): Delayed 50 second(s)

26-05-2025T08:08:09 - [MESSAGE][PASSED] - Delayed 50 second(s)

26-05-2025T08:08:09 - [TEST_STEP][PASSED] - println("run:" + run): null

26-05-2025T08:08:09 - [TEST_STEP][PASSED] - println("vir:" + vir): null

26-05-2025T08:08:09 - [TEST_STEP][PASSED] - println("block:" + block): null

26-05-2025T08:08:09 - [TEST_STEP][PASSED] - if (block == 1): null

26-05-2025T08:08:09 - [TEST_STEP][PASSED] - nameOfBlock = "": null

26-05-2025T08:08:09 - [TEST_STEP][PASSED] - println("nameOfBlock:" + nameOfBlock): null

26-05-2025T08:08:09 - [TEST_STEP][PASSED] - println("typeOfData:" + typeOfData): null

26-05-2025T08:08:09 - [TEST_STEP][PASSED] - println("todaysDate:" + todaysDate): null

26-05-2025T08:08:09 - [TEST_STEP][PASSED] - Script1742558545601.Autorization(block, nameOfBlock): null

26-05-2025T08:08:09 - [TEST_STEP][PASSED] - i = <not implemented yet for class: org.codehaus.groovy.ast.expr.EmptyExpression>: null

26-05-2025T08:08:09 - [TEST_STEP][PASSED] - ii = <not implemented yet for class: org.codehaus.groovy.ast.expr.EmptyExpression>: null

26-05-2025T08:08:09 - [TEST_STEP][PASSED] - urlData = <not implemented yet for class: org.codehaus.groovy.ast.expr.EmptyExpression>: null

26-05-2025T08:08:09 - [TEST_STEP][PASSED] - searchWord = <not implemented yet for class: org.codehaus.groovy.ast.expr.EmptyExpression>: null

26-05-2025T08:08:09 - [TEST_STEP][PASSED] - urlText = <not implemented yet for class: org.codehaus.groovy.ast.expr.EmptyExpression>: null

26-05-2025T08:08:09 - [TEST_STEP][PASSED] - println("block:" + block): null

26-05-2025T08:08:09 - [TEST_STEP][PASSED] - if (block == 1): null

26-05-2025T08:08:09 - [TEST_STEP][PASSED] - nameOfBlock = "": null

26-05-2025T08:08:09 - [TEST_STEP][PASSED] - println("nameOfBlock:" + nameOfBlock): null

26-05-2025T08:08:09 - [TEST_STEP][PASSED] - if (block == 1): Delayed 45 second(s)

26-05-2025T08:08:09 - [TEST_STEP][PASSED] - urlData = 2: null

26-05-2025T08:08:09 - [TEST_STEP][PASSED] - delay(45): Delayed 45 second(s)

26-05-2025T08:08:54 - [MESSAGE][PASSED] - Delayed 45 second(s)

26-05-2025T08:08:54 - [TEST_STEP][PASSED] - navigateToUrl(findTestData("PlanFact").getValue(10, urlData)): Navigate to 'https://bi.rosseti.digital/viewer?dashboardGuid=2301950b23be4ed89c1df75f2020051e&sheetGuid=b723206f698544fb87299f3095c00435&fit=true' successfully

26-05-2025T08:08:56 - [MESSAGE][PASSED] - Navigate to 'https://bi.rosseti.digital/viewer?dashboardGuid=2301950b23be4ed89c1df75f2020051e&sheetGuid=b723206f698544fb87299f3095c00435&fit=true' successfully

26-05-2025T08:08:56 - [TEST_STEP][PASSED] - urlText = getText(findTestObject("Страница авторизации/Text")): Text of object 'Object Repository/Страница авторизации/Text' is: 'Вход'

26-05-2025T08:08:57 - [MESSAGE][PASSED] - Text of object 'Object Repository/Страница авторизации/Text' is: 'Вход'

26-05-2025T08:08:57 - [TEST_STEP][PASSED] - searchWord = "Вход": null

26-05-2025T08:08:57 - [TEST_STEP][PASSED] - if (urlText == null || urlText.contains("ошибка") || urlText.contains(searchWord) == false): null

26-05-2025T08:08:57 - [TEST_STEP][PASSED] - if (verifyElementPresent(findTestObject("Страница авторизации/button_"), 30) == true): null

26-05-2025T08:08:57 - [MESSAGE][PASSED] - Object 'Object Repository/Страница авторизации/button_' is present

26-05-2025T08:08:57 - [TEST_STEP][PASSED] - setText(findTestObject("Страница авторизации/input__username"), findTestData("PlanFact").getValue(8, 1)): Text 'liazgina-di' is set on object 'Object Repository/Страница авторизации/input__username'

26-05-2025T08:08:58 - [MESSAGE][PASSED] - Text 'liazgina-di' is set on object 'Object Repository/Страница авторизации/input__username'

26-05-2025T08:08:58 - [TEST_STEP][PASSED] - setText(findTestObject("Страница авторизации/input__password"), findTestData("PlanFact").getValue(9, 1)): Text ')$%5srZ8o688Dm#q' is set on object 'Object Repository/Страница авторизации/input__password'

26-05-2025T08:08:58 - [MESSAGE][PASSED] - Text ')$%5srZ8o688Dm#q' is set on object 'Object Repository/Страница авторизации/input__password'

26-05-2025T08:08:58 - [TEST_STEP][PASSED] - click(findTestObject("Страница авторизации/button_")): Object: 'Object Repository/Страница авторизации/button_' is clicked on

26-05-2025T08:08:59 - [MESSAGE][PASSED] - Object: 'Object Repository/Страница авторизации/button_' is clicked on

26-05-2025T08:08:59 - [TEST_STEP][PASSED] - delay(45): Delayed 45 second(s)

26-05-2025T08:09:44 - [MESSAGE][PASSED] - Delayed 45 second(s)

26-05-2025T08:09:44 - [TEST_STEP][PASSED] - urlText = getText(findTestObject("Страница авторизации/Text")): Text of object 'Object Repository/Страница авторизации/Text' is: 'Период
1 кв. 2025 года
Выручка
Все
Выполнение плановых показателей по ПАО Россети за 1 кв. 2025 года
План
Факт
Динамика
2025 год
0 млн.руб.
50 000 млн.руб.
100 000 млн.руб.
150 000 млн.руб.
200 000 млн.руб.
250 000 млн.руб.
300 000 млн.руб.
350 000 млн.руб.
400 000 млн.руб.
450 000 млн.руб.
500 000 млн.руб.
550 000 млн.руб.
466 800
463 075
↓
ДЗО 
Все
Внутренний оборот - выручка за услуги по передаче электрической энергии, учтенная в выручке за электроэнергию для конечных потребителей, при выполнении ДЗО функций гарантирующего поставщика
Подписи данных
⬤Отклонение
АО "РЭС"
АО «Тываэнерго»
АО «Чеченэнерго»
Россети Волга
Россети Кубань
Россети Ленэнерго (ГК)
Россети Московский регион
Россети Северный Кавказ (ГК)
Россети Северо-Запад
Россети Сибирь (ГК)
Россети Томск
Россети Тюмень
Россети Урал (ГК)
Россети ФСК ЕЭС
Россети Центр
Россети Центр и Приволжье (ГК)
Россети Юг (ГК)
Россети Янтарь
-4 000млн.руб.
-3 000млн.руб.
-2 000млн.руб.
-1 000млн.руб.
0млн.руб.
1 000млн.руб.
2 000млн.руб.
3 000млн.руб.
4 0…
-261
55
-27
-537
786
62
-3 345
-271
-253
876
-57
-2 765
-987
1 670
-805
-905
-11
3 047
млн.
%
Выручка
Отклонение выручки по ПАО Россети за 1 кв. 2025 года (факт/план, млн. руб)
ПАО Россети
-3 725.7 млн.руб.
 '

26-05-2025T08:09:45 - [MESSAGE][PASSED] - Text of object 'Object Repository/Страница авторизации/Text' is: 'Период
1 кв. 2025 года
Выручка
Все
Выполнение плановых показателей по ПАО Россети за 1 кв. 2025 года
План
Факт
Динамика
2025 год
0 млн.руб.
50 000 млн.руб.
100 000 млн.руб.
150 000 млн.руб.
200 000 млн.руб.
250 000 млн.руб.
300 000 млн.руб.
350 000 млн.руб.
400 000 млн.руб.
450 000 млн.руб.
500 000 млн.руб.
550 000 млн.руб.
466 800
463 075
↓
ДЗО 
Все
Внутренний оборот - выручка за услуги по передаче электрической энергии, учтенная в выручке за электроэнергию для конечных потребителей, при выполнении ДЗО функций гарантирующего поставщика
Подписи данных
⬤Отклонение
АО "РЭС"
АО «Тываэнерго»
АО «Чеченэнерго»
Россети Волга
Россети Кубань
Россети Ленэнерго (ГК)
Россети Московский регион
Россети Северный Кавказ (ГК)
Россети Северо-Запад
Россети Сибирь (ГК)
Россети Томск
Россети Тюмень
Россети Урал (ГК)
Россети ФСК ЕЭС
Россети Центр
Россети Центр и Приволжье (ГК)
Россети Юг (ГК)
Россети Янтарь
-4 000млн.руб.
-3 000млн.руб.
-2 000млн.руб.
-1 000млн.руб.
0млн.руб.
1 000млн.руб.
2 000млн.руб.
3 000млн.руб.
4 0…
-261
55
-27
-537
786
62
-3 345
-271
-253
876
-57
-2 765
-987
1 670
-805
-905
-11
3 047
млн.
%
Выручка
Отклонение выручки по ПАО Россети за 1 кв. 2025 года (факт/план, млн. руб)
ПАО Россети
-3 725.7 млн.руб.
 '

26-05-2025T08:09:45 - [TEST_STEP][PASSED] - searchWord = "а": null

26-05-2025T08:09:45 - [TEST_STEP][PASSED] - if (urlText.contains("ошибка") || urlText.contains(searchWord) == false): null

26-05-2025T08:09:45 - [TEST_STEP][PASSED] - delay(45): Delayed 45 second(s)

26-05-2025T08:10:30 - [MESSAGE][PASSED] - Delayed 45 second(s)

26-05-2025T08:10:30 - [TEST_STEP][PASSED] - if (block == 2): null

26-05-2025T08:10:30 - [TEST_STEP][PASSED] - click(findTestObject("Выручка в рублях/Фильтр Период" + nameOfBlock)): Object: 'Object Repository/Выручка в рублях/Фильтр Период' is clicked on

26-05-2025T08:10:31 - [MESSAGE][PASSED] - Object: 'Object Repository/Выручка в рублях/Фильтр Период' is clicked on

26-05-2025T08:10:31 - [TEST_STEP][PASSED] - click(findTestObject("Выручка в рублях/Снять выделение в фильтре Дата" + nameOfBlock)): Object: 'Object Repository/Выручка в рублях/Снять выделение в фильтре Дата' is clicked on

26-05-2025T08:10:31 - [MESSAGE][PASSED] - Object: 'Object Repository/Выручка в рублях/Снять выделение в фильтре Дата' is clicked on

26-05-2025T08:10:31 - [TEST_STEP][PASSED] - click(findTestObject("Выручка в рублях/Применить в фильтре Дата" + nameOfBlock)): Object: 'Object Repository/Выручка в рублях/Применить в фильтре Дата' is clicked on

26-05-2025T08:10:32 - [MESSAGE][PASSED] - Object: 'Object Repository/Выручка в рублях/Применить в фильтре Дата' is clicked on

26-05-2025T08:10:32 - [TEST_STEP][PASSED] - delay(50): Delayed 50 second(s)

26-05-2025T08:11:22 - [MESSAGE][PASSED] - Delayed 50 second(s)

26-05-2025T08:11:22 - [TEST_STEP][PASSED] - click(findTestObject("Выручка в рублях/Фильтр Период" + nameOfBlock)): Object: 'Object Repository/Выручка в рублях/Фильтр Период' is clicked on

26-05-2025T08:11:22 - [MESSAGE][PASSED] - Object: 'Object Repository/Выручка в рублях/Фильтр Период' is clicked on

26-05-2025T08:11:22 - [TEST_STEP][PASSED] - click(findTestObject("Выручка в рублях/Снять выделение в фильтре Дата" + nameOfBlock)): Object: 'Object Repository/Выручка в рублях/Снять выделение в фильтре Дата' is clicked on

26-05-2025T08:11:22 - [MESSAGE][PASSED] - Object: 'Object Repository/Выручка в рублях/Снять выделение в фильтре Дата' is clicked on

26-05-2025T08:11:22 - [TEST_STEP][PASSED] - scrollToElement(findTestObject("Выручка в рублях/2025 список" + nameOfBlock), 30): Scroll to object 'Object Repository/Выручка в рублях/2025 список' successfully

26-05-2025T08:11:23 - [MESSAGE][PASSED] - Scroll to object 'Object Repository/Выручка в рублях/2025 список' successfully

26-05-2025T08:11:23 - [TEST_STEP][PASSED] - click(findTestObject("Выручка в рублях/2025 список" + nameOfBlock)): Object: 'Object Repository/Выручка в рублях/2025 список' is clicked on

26-05-2025T08:11:23 - [MESSAGE][PASSED] - Object: 'Object Repository/Выручка в рублях/2025 список' is clicked on

26-05-2025T08:11:23 - [TEST_STEP][PASSED] - scrollToElement(findTestObject("Выручка в рублях/1 квартал 2025 список" + nameOfBlock), 30): Scroll to object 'Object Repository/Выручка в рублях/1 квартал 2025 список' successfully

26-05-2025T08:11:24 - [MESSAGE][PASSED] - Scroll to object 'Object Repository/Выручка в рублях/1 квартал 2025 список' successfully

26-05-2025T08:11:24 - [TEST_STEP][PASSED] - click(findTestObject("Выручка в рублях/1 квартал 2025 выбрать" + nameOfBlock)): Object: 'Object Repository/Выручка в рублях/1 квартал 2025 выбрать' is clicked on

26-05-2025T08:11:24 - [MESSAGE][PASSED] - Object: 'Object Repository/Выручка в рублях/1 квартал 2025 выбрать' is clicked on

26-05-2025T08:11:24 - [TEST_STEP][PASSED] - scrollToElement(findTestObject("Выручка в рублях/Заголовок дашборда" + nameOfBlock), 30): Scroll to object 'Object Repository/Выручка в рублях/Заголовок дашборда' successfully

26-05-2025T08:11:24 - [MESSAGE][PASSED] - Scroll to object 'Object Repository/Выручка в рублях/Заголовок дашборда' successfully

26-05-2025T08:11:24 - [TEST_STEP][PASSED] - click(findTestObject("Выручка в рублях/Применить в фильтре Дата" + nameOfBlock)): Object: 'Object Repository/Выручка в рублях/Применить в фильтре Дата' is clicked on

26-05-2025T08:11:25 - [MESSAGE][PASSED] - Object: 'Object Repository/Выручка в рублях/Применить в фильтре Дата' is clicked on

26-05-2025T08:11:25 - [TEST_STEP][PASSED] - delay(55): Delayed 55 second(s)

26-05-2025T08:12:20 - [MESSAGE][PASSED] - Delayed 55 second(s)

26-05-2025T08:12:20 - [TEST_STEP][PASSED] - click(findTestObject("Выручка в рублях/Фильтр ДЗО" + nameOfBlock)): Object: 'Object Repository/Выручка в рублях/Фильтр ДЗО' is clicked on

26-05-2025T08:12:20 - [MESSAGE][PASSED] - Object: 'Object Repository/Выручка в рублях/Фильтр ДЗО' is clicked on

26-05-2025T08:12:20 - [TEST_STEP][PASSED] - click(findTestObject("Выручка в рублях/Снять выделение в фильтре ДЗО" + nameOfBlock)): Object: 'Object Repository/Выручка в рублях/Снять выделение в фильтре ДЗО' is clicked on

26-05-2025T08:12:21 - [MESSAGE][PASSED] - Object: 'Object Repository/Выручка в рублях/Снять выделение в фильтре ДЗО' is clicked on

26-05-2025T08:12:21 - [TEST_STEP][PASSED] - click(findTestObject("Выручка в рублях/Применить в фильтре ДЗО" + nameOfBlock)): Object: 'Object Repository/Выручка в рублях/Применить в фильтре ДЗО' is clicked on

26-05-2025T08:12:21 - [MESSAGE][PASSED] - Object: 'Object Repository/Выручка в рублях/Применить в фильтре ДЗО' is clicked on

26-05-2025T08:12:21 - [TEST_STEP][PASSED] - delay(50): Delayed 50 second(s)

26-05-2025T08:13:11 - [MESSAGE][PASSED] - Delayed 50 second(s)

26-05-2025T08:13:11 - [TEST_STEP][PASSED] - Script1742558545601.Tumbler(run, vir, block, nameOfBlock): null

26-05-2025T08:13:11 - [TEST_STEP][PASSED] - println("run:" + run): null

26-05-2025T08:13:11 - [TEST_STEP][PASSED] - println("vir:" + vir): null

26-05-2025T08:13:11 - [TEST_STEP][PASSED] - println("block:" + block): null

26-05-2025T08:13:11 - [TEST_STEP][PASSED] - println("nameOfBlock:" + nameOfBlock): null

26-05-2025T08:13:11 - [TEST_STEP][PASSED] - if (vir == 1): null

26-05-2025T08:13:11 - [TEST_STEP][PASSED] - else if (vir == 2): null

26-05-2025T08:13:11 - [TEST_STEP][PASSED] - else if (vir == 3): Object: 'Object Repository/Выручка в рублях/Применить в фильтре Выручка' is clicked on

26-05-2025T08:13:11 - [TEST_STEP][PASSED] - if (run == 2): null

26-05-2025T08:13:11 - [TEST_STEP][PASSED] - click(findTestObject("Выручка в рублях/Фильтр Выручка" + nameOfBlock)): Object: 'Object Repository/Выручка в рублях/Фильтр Выручка' is clicked on

26-05-2025T08:13:12 - [MESSAGE][PASSED] - Object: 'Object Repository/Выручка в рублях/Фильтр Выручка' is clicked on

26-05-2025T08:13:12 - [TEST_STEP][PASSED] - click(findTestObject("Выручка в рублях/Внутренний оборот в фильтре Выручка" + nameOfBlock)): Object: 'Object Repository/Выручка в рублях/Внутренний оборот в фильтре Выручка' is clicked on

26-05-2025T08:13:12 - [MESSAGE][PASSED] - Object: 'Object Repository/Выручка в рублях/Внутренний оборот в фильтре Выручка' is clicked on

26-05-2025T08:13:12 - [TEST_STEP][PASSED] - click(findTestObject("Выручка в рублях/Применить в фильтре Выручка" + nameOfBlock)): Object: 'Object Repository/Выручка в рублях/Применить в фильтре Выручка' is clicked on

26-05-2025T08:13:13 - [MESSAGE][PASSED] - Object: 'Object Repository/Выручка в рублях/Применить в фильтре Выручка' is clicked on

26-05-2025T08:13:13 - [TEST_STEP][PASSED] - click(findTestObject("Выручка в рублях/Фильтр ДЗО" + nameOfBlock)): Object: 'Object Repository/Выручка в рублях/Фильтр ДЗО' is clicked on

26-05-2025T08:13:15 - [MESSAGE][PASSED] - Object: 'Object Repository/Выручка в рублях/Фильтр ДЗО' is clicked on

26-05-2025T08:13:15 - [TEST_STEP][PASSED] - Script1742558545601.Rosseti(nameOfBlock): null

26-05-2025T08:13:15 - [TEST_STEP][PASSED] - println("nameOfBlock:" + nameOfBlock): null

26-05-2025T08:13:15 - [TEST_STEP][PASSED] - click(findTestObject("Выручка в рублях/ПАО Россети" + nameOfBlock)): Object: 'Object Repository/Выручка в рублях/ПАО Россети' is clicked on

26-05-2025T08:13:15 - [MESSAGE][PASSED] - Object: 'Object Repository/Выручка в рублях/ПАО Россети' is clicked on

26-05-2025T08:13:15 - [TEST_STEP][PASSED] - click(findTestObject("Выручка в рублях/Применить в фильтре ДЗО" + nameOfBlock)): Object: 'Object Repository/Выручка в рублях/Применить в фильтре ДЗО' is clicked on

26-05-2025T08:13:16 - [MESSAGE][PASSED] - Object: 'Object Repository/Выручка в рублях/Применить в фильтре ДЗО' is clicked on

26-05-2025T08:13:16 - [TEST_STEP][PASSED] - if (run == 2): null

26-05-2025T08:13:16 - [TEST_STEP][PASSED] - if (vir == 1 || vir == 2): null

26-05-2025T08:13:16 - [TEST_STEP][PASSED] - else: Text of object 'Object Repository/Выручка в рублях/vir3Plan' is: '7 875'

26-05-2025T08:13:16 - [TEST_STEP][PASSED] - a1 = getText(findTestObject("Выручка в рублях/vir3Plan")): Text of object 'Object Repository/Выручка в рублях/vir3Plan' is: '7 875'

26-05-2025T08:13:17 - [MESSAGE][PASSED] - Text of object 'Object Repository/Выручка в рублях/vir3Plan' is: '7 875'

26-05-2025T08:13:17 - [TEST_STEP][PASSED] - if (vir == 1 || vir == 2): null

26-05-2025T08:13:17 - [TEST_STEP][PASSED] - else: Text of object 'Object Repository/Выручка в рублях/vir3Fact' is: '7 544'

26-05-2025T08:13:17 - [TEST_STEP][PASSED] - a2 = getText(findTestObject("Выручка в рублях/vir3Fact")): Text of object 'Object Repository/Выручка в рублях/vir3Fact' is: '7 544'

26-05-2025T08:13:17 - [MESSAGE][PASSED] - Text of object 'Object Repository/Выручка в рублях/vir3Fact' is: '7 544'

26-05-2025T08:13:17 - [TEST_STEP][PASSED] - a30 = getText(findTestObject("Выручка в рублях/span1" + perc)): Text of object 'Object Repository/Выручка в рублях/span1' is: '-330.3 млн.руб.'

26-05-2025T08:13:17 - [MESSAGE][PASSED] - Text of object 'Object Repository/Выручка в рублях/span1' is: '-330.3 млн.руб.'

26-05-2025T08:13:17 - [TEST_STEP][PASSED] - i = a30.indexOf("млн.руб."): null

26-05-2025T08:13:17 - [TEST_STEP][PASSED] - if (i > -1): null

26-05-2025T08:13:17 - [TEST_STEP][PASSED] - a30 = a30.substring(0, i): null

26-05-2025T08:13:17 - [TEST_STEP][PASSED] - a30 = a30.replaceAll(" ", ""): null

26-05-2025T08:13:17 - [TEST_STEP][PASSED] - if (a30.contains("%")): null

26-05-2025T08:13:17 - [TEST_STEP][PASSED] - a30 = ").trim(): null

26-05-2025T08:13:17 - [TEST_STEP][PASSED] - println("a30: " + a30): null

26-05-2025T08:13:17 - [TEST_STEP][PASSED] - if (vir == 1): null

26-05-2025T08:13:17 - [TEST_STEP][PASSED] - else if (vir == 2): null

26-05-2025T08:13:17 - [TEST_STEP][PASSED] - else: Text of object 'Object Repository/Выручка в рублях/span5' is: '0'

26-05-2025T08:13:17 - [TEST_STEP][PASSED] - a32 = ").trim(): Text of object 'Object Repository/Выручка в рублях/span2' is: '55'

26-05-2025T08:13:18 - [MESSAGE][PASSED] - Text of object 'Object Repository/Выручка в рублях/span2' is: '55'

26-05-2025T08:13:18 - [TEST_STEP][PASSED] - a33 = ").trim(): Text of object 'Object Repository/Выручка в рублях/span3' is: '-27'

26-05-2025T08:13:18 - [MESSAGE][PASSED] - Text of object 'Object Repository/Выручка в рублях/span3' is: '-27'

26-05-2025T08:13:18 - [TEST_STEP][PASSED] - a38 = ").trim(): Text of object 'Object Repository/Выручка в рублях/span4' is: '-359'

26-05-2025T08:13:18 - [MESSAGE][PASSED] - Text of object 'Object Repository/Выручка в рублях/span4' is: '-359'

26-05-2025T08:13:18 - [TEST_STEP][PASSED] - a317 = ").trim(): Text of object 'Object Repository/Выручка в рублях/span5' is: '0'

26-05-2025T08:13:18 - [MESSAGE][PASSED] - Text of object 'Object Repository/Выручка в рублях/span5' is: '0'

26-05-2025T08:13:18 - [TEST_STEP][PASSED] - block = 2: null

26-05-2025T08:13:18 - [TEST_STEP][PASSED] - nameOfBlock = " Выручка": null

26-05-2025T08:13:18 - [TEST_STEP][PASSED] - Script1742558545601.PreSettings(run, vir, block, nameOfBlock, typeOfData, todaysDate): null

26-05-2025T08:13:18 - [TEST_STEP][PASSED] - openBrowser(""): Browser is opened with url: ''

26-05-2025T08:13:18 - [MESSAGE][WARNING] - A browser is already opened. Closing browser and opening a new one

26-05-2025T08:13:19 - [MESSAGE][INFO] - Starting 'Chrome' driver

26-05-2025T08:13:19 - [MESSAGE][INFO] - Action delay is set to 0 milliseconds

26-05-2025T08:13:20 - [MESSAGE][PASSED] - Browser is opened with url: ''

26-05-2025T08:13:20 - [TEST_STEP][PASSED] - refresh(): Refresh successfully

26-05-2025T08:13:20 - [MESSAGE][PASSED] - Refresh successfully

26-05-2025T08:13:20 - [TEST_STEP][PASSED] - delay(50): Delayed 50 second(s)

26-05-2025T08:14:10 - [MESSAGE][PASSED] - Delayed 50 second(s)

26-05-2025T08:14:10 - [TEST_STEP][PASSED] - println("run:" + run): null

26-05-2025T08:14:10 - [TEST_STEP][PASSED] - println("vir:" + vir): null

26-05-2025T08:14:10 - [TEST_STEP][PASSED] - println("block:" + block): null

26-05-2025T08:14:10 - [TEST_STEP][PASSED] - if (block == 1): null

26-05-2025T08:14:10 - [TEST_STEP][PASSED] - else: null

26-05-2025T08:14:10 - [TEST_STEP][PASSED] - nameOfBlock = " Выручка": null

26-05-2025T08:14:10 - [TEST_STEP][PASSED] - println("nameOfBlock:" + nameOfBlock): null

26-05-2025T08:14:10 - [TEST_STEP][PASSED] - println("typeOfData:" + typeOfData): null

26-05-2025T08:14:10 - [TEST_STEP][PASSED] - println("todaysDate:" + todaysDate): null

26-05-2025T08:14:10 - [TEST_STEP][PASSED] - Script1742558545601.Autorization(block, nameOfBlock): null

26-05-2025T08:14:10 - [TEST_STEP][PASSED] - i = <not implemented yet for class: org.codehaus.groovy.ast.expr.EmptyExpression>: null

26-05-2025T08:14:10 - [TEST_STEP][PASSED] - ii = <not implemented yet for class: org.codehaus.groovy.ast.expr.EmptyExpression>: null

26-05-2025T08:14:10 - [TEST_STEP][PASSED] - urlData = <not implemented yet for class: org.codehaus.groovy.ast.expr.EmptyExpression>: null

26-05-2025T08:14:10 - [TEST_STEP][PASSED] - searchWord = <not implemented yet for class: org.codehaus.groovy.ast.expr.EmptyExpression>: null

26-05-2025T08:14:10 - [TEST_STEP][PASSED] - urlText = <not implemented yet for class: org.codehaus.groovy.ast.expr.EmptyExpression>: null

26-05-2025T08:14:10 - [TEST_STEP][PASSED] - println("block:" + block): null

26-05-2025T08:14:10 - [TEST_STEP][PASSED] - if (block == 1): null

26-05-2025T08:14:10 - [TEST_STEP][PASSED] - else: null

26-05-2025T08:14:10 - [TEST_STEP][PASSED] - delay(45): Delayed 45 second(s)

26-05-2025T08:14:55 - [MESSAGE][PASSED] - Delayed 45 second(s)

26-05-2025T08:14:55 - [TEST_STEP][PASSED] - nameOfBlock = " Выручка": null

26-05-2025T08:14:55 - [TEST_STEP][PASSED] - println("nameOfBlock:" + nameOfBlock): null

26-05-2025T08:14:55 - [TEST_STEP][PASSED] - if (block == 1): null

26-05-2025T08:14:55 - [TEST_STEP][PASSED] - else: Delayed 45 second(s)

26-05-2025T08:14:55 - [TEST_STEP][PASSED] - urlData = 9: null

26-05-2025T08:14:55 - [TEST_STEP][PASSED] - delay(45): Delayed 45 second(s)

26-05-2025T08:15:40 - [MESSAGE][PASSED] - Delayed 45 second(s)

26-05-2025T08:15:40 - [TEST_STEP][PASSED] - navigateToUrl(findTestData("PlanFact").getValue(10, urlData)): Navigate to 'https://bi.rosseti.digital/viewer?dashboardGuid=a1fd28b3785d443cbc4d7690a1d78e31&sheetGuid=86092a20c5984827a0c87b24cac76a50&fit=true' successfully

26-05-2025T08:15:42 - [MESSAGE][PASSED] - Navigate to 'https://bi.rosseti.digital/viewer?dashboardGuid=a1fd28b3785d443cbc4d7690a1d78e31&sheetGuid=86092a20c5984827a0c87b24cac76a50&fit=true' successfully

26-05-2025T08:15:42 - [TEST_STEP][PASSED] - urlText = getText(findTestObject("Страница авторизации/Text")): Text of object 'Object Repository/Страница авторизации/Text' is: 'Вход'

26-05-2025T08:15:43 - [MESSAGE][PASSED] - Text of object 'Object Repository/Страница авторизации/Text' is: 'Вход'

26-05-2025T08:15:43 - [TEST_STEP][PASSED] - searchWord = "Вход": null

26-05-2025T08:15:43 - [TEST_STEP][PASSED] - if (urlText == null || urlText.contains("ошибка") || urlText.contains(searchWord) == false): null

26-05-2025T08:15:43 - [TEST_STEP][PASSED] - if (verifyElementPresent(findTestObject("Страница авторизации/button_"), 30) == true): null

26-05-2025T08:15:43 - [MESSAGE][PASSED] - Object 'Object Repository/Страница авторизации/button_' is present

26-05-2025T08:15:43 - [TEST_STEP][PASSED] - setText(findTestObject("Страница авторизации/input__username"), findTestData("PlanFact").getValue(8, 1)): Text 'liazgina-di' is set on object 'Object Repository/Страница авторизации/input__username'

26-05-2025T08:15:44 - [MESSAGE][PASSED] - Text 'liazgina-di' is set on object 'Object Repository/Страница авторизации/input__username'

26-05-2025T08:15:44 - [TEST_STEP][PASSED] - setText(findTestObject("Страница авторизации/input__password"), findTestData("PlanFact").getValue(9, 1)): Text ')$%5srZ8o688Dm#q' is set on object 'Object Repository/Страница авторизации/input__password'

26-05-2025T08:15:44 - [MESSAGE][PASSED] - Text ')$%5srZ8o688Dm#q' is set on object 'Object Repository/Страница авторизации/input__password'

26-05-2025T08:15:44 - [TEST_STEP][PASSED] - click(findTestObject("Страница авторизации/button_")): Object: 'Object Repository/Страница авторизации/button_' is clicked on

26-05-2025T08:15:45 - [MESSAGE][PASSED] - Object: 'Object Repository/Страница авторизации/button_' is clicked on

26-05-2025T08:15:45 - [TEST_STEP][PASSED] - delay(45): Delayed 45 second(s)

26-05-2025T08:16:30 - [MESSAGE][PASSED] - Delayed 45 second(s)

26-05-2025T08:16:30 - [TEST_STEP][PASSED] - urlText = getText(findTestObject("Страница авторизации/Text")): Text of object 'Object Repository/Страница авторизации/Text' is: 'Период
Январь, Февраль, Март 2025 года
Выручка
Все
Выполнение плановых показателей по ПАО Россети за Январь, Февраль, Март 2025 года
План
Факт
Динамика
2025 год
0 млн.руб.
50 000 млн.руб.
100 000 млн.руб.
150 000 млн.руб.
200 000 млн.руб.
250 000 млн.руб.
300 000 млн.руб.
350 000 млн.руб.
400 000 млн.руб.
450 000 млн.руб.
500 000 млн.руб.
550 000 млн.руб.
466 800
463 075
↓
ДЗО 
Все
Подписи данных
⬤Отклонение
АО "РЭС"
АО «Тываэнерго»
АО «Чеченэнерго»
Россети Волга
Россети Кубань
Россети Ленэнерго (ГК)
Россети Московский регион
Россети Северный Кавказ (ГК)
Россети Северо-Запад
Россети Сибирь (ГК)
Россети Томск
Россети Тюмень
Россети Урал (ГК)
Россети ФСК ЕЭС
Россети Центр
Россети Центр и Приволжье (ГК)
Россети Юг (ГК)
Россети Янтарь
-4 000 млн.руб.
-3 500 млн.руб.
-3 000 млн.руб.
-2 500 млн.руб.
-2 000 млн.руб.
-1 500 млн.руб.
-1 000 млн.руб.
- 500 млн.руб.
0 млн.руб.
500 млн.руб.
1 000 млн.руб.
1 500 млн.руб.
2 000 млн.руб.
2 500 млн.руб.
3 000 млн.руб.
3 500 млн.руб.
-261
55
-27
-537
786
62
-3 345
-271
-253
876
-57
-2 765
-987
1 670
-805
-905
-11
3 047
млн.
%
Выручка
Отклонение выручки по ПАО Россети за Январь, Февраль, Март 2025 года (факт/план, млн. руб)
ПАО Россети
-3 725.7 млн.руб.
Статус данных
×
Просьба обратить внимание
Данные занесены и согласованы не полностью
ВЫБРАННЫЕ ЗНАЧЕНИЯ ФИЛЬТРОВ
ДЗО | ПЕРИОД
ПАО Россети: [«Выбраны все филиалы по всем ДЗО по всем категориям»]
2025: [Янв, Фев, Мар]
*Внутренний оборот'

26-05-2025T08:16:31 - [MESSAGE][PASSED] - Text of object 'Object Repository/Страница авторизации/Text' is: 'Период
Январь, Февраль, Март 2025 года
Выручка
Все
Выполнение плановых показателей по ПАО Россети за Январь, Февраль, Март 2025 года
План
Факт
Динамика
2025 год
0 млн.руб.
50 000 млн.руб.
100 000 млн.руб.
150 000 млн.руб.
200 000 млн.руб.
250 000 млн.руб.
300 000 млн.руб.
350 000 млн.руб.
400 000 млн.руб.
450 000 млн.руб.
500 000 млн.руб.
550 000 млн.руб.
466 800
463 075
↓
ДЗО 
Все
Подписи данных
⬤Отклонение
АО "РЭС"
АО «Тываэнерго»
АО «Чеченэнерго»
Россети Волга
Россети Кубань
Россети Ленэнерго (ГК)
Россети Московский регион
Россети Северный Кавказ (ГК)
Россети Северо-Запад
Россети Сибирь (ГК)
Россети Томск
Россети Тюмень
Россети Урал (ГК)
Россети ФСК ЕЭС
Россети Центр
Россети Центр и Приволжье (ГК)
Россети Юг (ГК)
Россети Янтарь
-4 000 млн.руб.
-3 500 млн.руб.
-3 000 млн.руб.
-2 500 млн.руб.
-2 000 млн.руб.
-1 500 млн.руб.
-1 000 млн.руб.
- 500 млн.руб.
0 млн.руб.
500 млн.руб.
1 000 млн.руб.
1 500 млн.руб.
2 000 млн.руб.
2 500 млн.руб.
3 000 млн.руб.
3 500 млн.руб.
-261
55
-27
-537
786
62
-3 345
-271
-253
876
-57
-2 765
-987
1 670
-805
-905
-11
3 047
млн.
%
Выручка
Отклонение выручки по ПАО Россети за Январь, Февраль, Март 2025 года (факт/план, млн. руб)
ПАО Россети
-3 725.7 млн.руб.
Статус данных
×
Просьба обратить внимание
Данные занесены и согласованы не полностью
ВЫБРАННЫЕ ЗНАЧЕНИЯ ФИЛЬТРОВ
ДЗО | ПЕРИОД
ПАО Россети: [«Выбраны все филиалы по всем ДЗО по всем категориям»]
2025: [Янв, Фев, Мар]
*Внутренний оборот'

26-05-2025T08:16:31 - [TEST_STEP][PASSED] - searchWord = "а": null

26-05-2025T08:16:31 - [TEST_STEP][PASSED] - if (urlText.contains("ошибка") || urlText.contains(searchWord) == false): null

26-05-2025T08:16:31 - [TEST_STEP][PASSED] - delay(45): Delayed 45 second(s)

26-05-2025T08:17:16 - [MESSAGE][PASSED] - Delayed 45 second(s)

26-05-2025T08:17:16 - [TEST_STEP][PASSED] - if (block == 2): Delayed 50 second(s)

26-05-2025T08:17:16 - [TEST_STEP][PASSED] - opoveshenie = getText(findTestObject("Выручка в рублях/Просьба обратить внимание")): Text of object 'Object Repository/Выручка в рублях/Просьба обратить внимание' is: 'Просьба обратить внимание'

26-05-2025T08:17:17 - [MESSAGE][PASSED] - Text of object 'Object Repository/Выручка в рублях/Просьба обратить внимание' is: 'Просьба обратить внимание'

26-05-2025T08:17:17 - [TEST_STEP][PASSED] - if (opoveshenie == "Просьба обратить внимание"): Delayed 50 second(s)

26-05-2025T08:17:17 - [TEST_STEP][PASSED] - click(findTestObject("Выручка в рублях/Закрыть оповещение")): Object: 'Object Repository/Выручка в рублях/Закрыть оповещение' is clicked on

26-05-2025T08:17:17 - [MESSAGE][PASSED] - Object: 'Object Repository/Выручка в рублях/Закрыть оповещение' is clicked on

26-05-2025T08:17:17 - [TEST_STEP][PASSED] - delay(50): Delayed 50 second(s)

26-05-2025T08:18:07 - [MESSAGE][PASSED] - Delayed 50 second(s)

26-05-2025T08:18:07 - [TEST_STEP][PASSED] - click(findTestObject("Выручка в рублях/Фильтр Период" + nameOfBlock)): Object: 'Object Repository/Выручка в рублях/Фильтр Период Выручка' is clicked on

26-05-2025T08:18:07 - [MESSAGE][PASSED] - Object: 'Object Repository/Выручка в рублях/Фильтр Период Выручка' is clicked on

26-05-2025T08:18:07 - [TEST_STEP][PASSED] - click(findTestObject("Выручка в рублях/Снять выделение в фильтре Дата" + nameOfBlock)): Object: 'Object Repository/Выручка в рублях/Снять выделение в фильтре Дата Выручка' is clicked on

26-05-2025T08:18:08 - [MESSAGE][PASSED] - Object: 'Object Repository/Выручка в рублях/Снять выделение в фильтре Дата Выручка' is clicked on

26-05-2025T08:18:08 - [TEST_STEP][PASSED] - click(findTestObject("Выручка в рублях/Применить в фильтре Дата" + nameOfBlock)): Object: 'Object Repository/Выручка в рублях/Применить в фильтре Дата Выручка' is clicked on

26-05-2025T08:18:08 - [MESSAGE][PASSED] - Object: 'Object Repository/Выручка в рублях/Применить в фильтре Дата Выручка' is clicked on

26-05-2025T08:18:08 - [TEST_STEP][PASSED] - delay(50): Delayed 50 second(s)

26-05-2025T08:18:58 - [MESSAGE][PASSED] - Delayed 50 second(s)

26-05-2025T08:18:58 - [TEST_STEP][PASSED] - click(findTestObject("Выручка в рублях/Фильтр Период" + nameOfBlock)): Object: 'Object Repository/Выручка в рублях/Фильтр Период Выручка' is clicked on

26-05-2025T08:18:59 - [MESSAGE][PASSED] - Object: 'Object Repository/Выручка в рублях/Фильтр Период Выручка' is clicked on

26-05-2025T08:18:59 - [TEST_STEP][PASSED] - click(findTestObject("Выручка в рублях/Снять выделение в фильтре Дата" + nameOfBlock)): Object: 'Object Repository/Выручка в рублях/Снять выделение в фильтре Дата Выручка' is clicked on

26-05-2025T08:18:59 - [MESSAGE][PASSED] - Object: 'Object Repository/Выручка в рублях/Снять выделение в фильтре Дата Выручка' is clicked on

26-05-2025T08:18:59 - [TEST_STEP][PASSED] - scrollToElement(findTestObject("Выручка в рублях/2025 список" + nameOfBlock), 30): Scroll to object 'Object Repository/Выручка в рублях/2025 список Выручка' successfully

26-05-2025T08:19:00 - [MESSAGE][PASSED] - Scroll to object 'Object Repository/Выручка в рублях/2025 список Выручка' successfully

26-05-2025T08:19:00 - [TEST_STEP][PASSED] - click(findTestObject("Выручка в рублях/2025 список" + nameOfBlock)): Object: 'Object Repository/Выручка в рублях/2025 список Выручка' is clicked on

26-05-2025T08:19:00 - [MESSAGE][PASSED] - Object: 'Object Repository/Выручка в рублях/2025 список Выручка' is clicked on

26-05-2025T08:19:00 - [TEST_STEP][PASSED] - scrollToElement(findTestObject("Выручка в рублях/1 квартал 2025 список" + nameOfBlock), 30): Scroll to object 'Object Repository/Выручка в рублях/1 квартал 2025 список Выручка' successfully

26-05-2025T08:19:00 - [MESSAGE][PASSED] - Scroll to object 'Object Repository/Выручка в рублях/1 квартал 2025 список Выручка' successfully

26-05-2025T08:19:00 - [TEST_STEP][PASSED] - click(findTestObject("Выручка в рублях/1 квартал 2025 выбрать" + nameOfBlock)): Object: 'Object Repository/Выручка в рублях/1 квартал 2025 выбрать Выручка' is clicked on

26-05-2025T08:19:01 - [MESSAGE][PASSED] - Object: 'Object Repository/Выручка в рублях/1 квартал 2025 выбрать Выручка' is clicked on

26-05-2025T08:19:01 - [TEST_STEP][PASSED] - scrollToElement(findTestObject("Выручка в рублях/Заголовок дашборда" + nameOfBlock), 30): Scroll to object 'Object Repository/Выручка в рублях/Заголовок дашборда Выручка' successfully

26-05-2025T08:19:01 - [MESSAGE][PASSED] - Scroll to object 'Object Repository/Выручка в рублях/Заголовок дашборда Выручка' successfully

26-05-2025T08:19:01 - [TEST_STEP][PASSED] - click(findTestObject("Выручка в рублях/Применить в фильтре Дата" + nameOfBlock)): Object: 'Object Repository/Выручка в рублях/Применить в фильтре Дата Выручка' is clicked on

26-05-2025T08:19:02 - [MESSAGE][PASSED] - Object: 'Object Repository/Выручка в рублях/Применить в фильтре Дата Выручка' is clicked on

26-05-2025T08:19:02 - [TEST_STEP][PASSED] - delay(55): Delayed 55 second(s)

26-05-2025T08:19:57 - [MESSAGE][PASSED] - Delayed 55 second(s)

26-05-2025T08:19:57 - [TEST_STEP][PASSED] - click(findTestObject("Выручка в рублях/Фильтр ДЗО" + nameOfBlock)): Object: 'Object Repository/Выручка в рублях/Фильтр ДЗО Выручка' is clicked on

26-05-2025T08:19:57 - [MESSAGE][PASSED] - Object: 'Object Repository/Выручка в рублях/Фильтр ДЗО Выручка' is clicked on

26-05-2025T08:19:57 - [TEST_STEP][PASSED] - click(findTestObject("Выручка в рублях/Снять выделение в фильтре ДЗО" + nameOfBlock)): Object: 'Object Repository/Выручка в рублях/Снять выделение в фильтре ДЗО Выручка' is clicked on

26-05-2025T08:19:58 - [MESSAGE][PASSED] - Object: 'Object Repository/Выручка в рублях/Снять выделение в фильтре ДЗО Выручка' is clicked on

26-05-2025T08:19:58 - [TEST_STEP][PASSED] - click(findTestObject("Выручка в рублях/Применить в фильтре ДЗО" + nameOfBlock)): Object: 'Object Repository/Выручка в рублях/Применить в фильтре ДЗО Выручка' is clicked on

26-05-2025T08:19:58 - [MESSAGE][PASSED] - Object: 'Object Repository/Выручка в рублях/Применить в фильтре ДЗО Выручка' is clicked on

26-05-2025T08:19:58 - [TEST_STEP][PASSED] - delay(50): Delayed 50 second(s)

26-05-2025T08:20:48 - [MESSAGE][PASSED] - Delayed 50 second(s)

26-05-2025T08:20:48 - [TEST_STEP][PASSED] - Script1742558545601.Tumbler(run, vir, block, nameOfBlock): null

26-05-2025T08:20:48 - [TEST_STEP][PASSED] - println("run:" + run): null

26-05-2025T08:20:48 - [TEST_STEP][PASSED] - println("vir:" + vir): null

26-05-2025T08:20:48 - [TEST_STEP][PASSED] - println("block:" + block): null

26-05-2025T08:20:48 - [TEST_STEP][PASSED] - println("nameOfBlock:" + nameOfBlock): null

26-05-2025T08:20:48 - [TEST_STEP][PASSED] - if (vir == 1): null

26-05-2025T08:20:48 - [TEST_STEP][PASSED] - else if (vir == 2): null

26-05-2025T08:20:48 - [TEST_STEP][PASSED] - else if (vir == 3): Object: 'Object Repository/Выручка в рублях/Применить в фильтре Выручка Выручка' is clicked on

26-05-2025T08:20:48 - [TEST_STEP][PASSED] - if (run == 2): null

26-05-2025T08:20:48 - [TEST_STEP][PASSED] - click(findTestObject("Выручка в рублях/Фильтр Выручка" + nameOfBlock)): Object: 'Object Repository/Выручка в рублях/Фильтр Выручка Выручка' is clicked on

26-05-2025T08:20:49 - [MESSAGE][PASSED] - Object: 'Object Repository/Выручка в рублях/Фильтр Выручка Выручка' is clicked on

26-05-2025T08:20:49 - [TEST_STEP][PASSED] - click(findTestObject("Выручка в рублях/Внутренний оборот в фильтре Выручка" + nameOfBlock)): Object: 'Object Repository/Выручка в рублях/Внутренний оборот в фильтре Выручка Выручка' is clicked on

26-05-2025T08:20:49 - [MESSAGE][PASSED] - Object: 'Object Repository/Выручка в рублях/Внутренний оборот в фильтре Выручка Выручка' is clicked on

26-05-2025T08:20:49 - [TEST_STEP][PASSED] - click(findTestObject("Выручка в рублях/Применить в фильтре Выручка" + nameOfBlock)): Object: 'Object Repository/Выручка в рублях/Применить в фильтре Выручка Выручка' is clicked on

26-05-2025T08:20:50 - [MESSAGE][PASSED] - Object: 'Object Repository/Выручка в рублях/Применить в фильтре Выручка Выручка' is clicked on

26-05-2025T08:20:50 - [TEST_STEP][PASSED] - click(findTestObject("Выручка в рублях/Фильтр ДЗО" + nameOfBlock)): Object: 'Object Repository/Выручка в рублях/Фильтр ДЗО Выручка' is clicked on

26-05-2025T08:20:52 - [MESSAGE][PASSED] - Object: 'Object Repository/Выручка в рублях/Фильтр ДЗО Выручка' is clicked on

26-05-2025T08:20:52 - [TEST_STEP][PASSED] - Script1742558545601.Rosseti(nameOfBlock): null

26-05-2025T08:20:52 - [TEST_STEP][PASSED] - println("nameOfBlock:" + nameOfBlock): null

26-05-2025T08:20:52 - [TEST_STEP][PASSED] - click(findTestObject("Выручка в рублях/ПАО Россети" + nameOfBlock)): Object: 'Object Repository/Выручка в рублях/ПАО Россети Выручка' is clicked on

26-05-2025T08:20:52 - [MESSAGE][PASSED] - Object: 'Object Repository/Выручка в рублях/ПАО Россети Выручка' is clicked on

26-05-2025T08:20:52 - [TEST_STEP][PASSED] - click(findTestObject("Выручка в рублях/Применить в фильтре ДЗО" + nameOfBlock)): Object: 'Object Repository/Выручка в рублях/Применить в фильтре ДЗО Выручка' is clicked on

26-05-2025T08:20:53 - [MESSAGE][PASSED] - Object: 'Object Repository/Выручка в рублях/Применить в фильтре ДЗО Выручка' is clicked on

26-05-2025T08:20:53 - [TEST_STEP][PASSED] - if (vir == 1 || vir == 2): null

26-05-2025T08:20:53 - [TEST_STEP][PASSED] - else: Text of object 'Object Repository/Выручка в рублях/vir3Plan Выручка' is: '7 875'

26-05-2025T08:20:53 - [TEST_STEP][PASSED] - b1 = getText(findTestObject("Выручка в рублях/vir3Plan Выручка")): Text of object 'Object Repository/Выручка в рублях/vir3Plan Выручка' is: '7 875'

26-05-2025T08:20:54 - [MESSAGE][PASSED] - Text of object 'Object Repository/Выручка в рублях/vir3Plan Выручка' is: '7 875'

26-05-2025T08:20:54 - [TEST_STEP][PASSED] - if (vir == 1 || vir == 2): null

26-05-2025T08:20:54 - [TEST_STEP][PASSED] - else: Text of object 'Object Repository/Выручка в рублях/vir3Fact Выручка' is: '7 544'

26-05-2025T08:20:54 - [TEST_STEP][PASSED] - b2 = getText(findTestObject("Выручка в рублях/vir3Fact Выручка")): Text of object 'Object Repository/Выручка в рублях/vir3Fact Выручка' is: '7 544'

26-05-2025T08:20:54 - [MESSAGE][PASSED] - Text of object 'Object Repository/Выручка в рублях/vir3Fact Выручка' is: '7 544'

26-05-2025T08:20:54 - [TEST_STEP][PASSED] - b30 = getText(findTestObject("Выручка в рублях/span1" + perc)): Text of object 'Object Repository/Выручка в рублях/span1' is: '-330.3 млн.руб.'

26-05-2025T08:20:54 - [MESSAGE][PASSED] - Text of object 'Object Repository/Выручка в рублях/span1' is: '-330.3 млн.руб.'

26-05-2025T08:20:54 - [TEST_STEP][PASSED] - i = b30.indexOf("млн.руб."): null

26-05-2025T08:20:54 - [TEST_STEP][PASSED] - if (i > -1): null

26-05-2025T08:20:54 - [TEST_STEP][PASSED] - b30 = b30.substring(0, i): null

26-05-2025T08:20:54 - [TEST_STEP][PASSED] - b30 = b30.replaceAll(" ", ""): null

26-05-2025T08:20:54 - [TEST_STEP][PASSED] - if (b30.contains("%")): null

26-05-2025T08:20:54 - [TEST_STEP][PASSED] - b30 = ").trim(): null

26-05-2025T08:20:54 - [TEST_STEP][PASSED] - println("b30: " + b30): null

26-05-2025T08:20:54 - [TEST_STEP][PASSED] - if (vir == 1): null

26-05-2025T08:20:54 - [TEST_STEP][PASSED] - else if (vir == 2): null

26-05-2025T08:20:54 - [TEST_STEP][PASSED] - else: Text of object 'Object Repository/Выручка в рублях/span5' is: '0'

26-05-2025T08:20:54 - [TEST_STEP][PASSED] - b32 = ").trim(): Text of object 'Object Repository/Выручка в рублях/span2' is: '55'

26-05-2025T08:20:55 - [MESSAGE][PASSED] - Text of object 'Object Repository/Выручка в рублях/span2' is: '55'

26-05-2025T08:20:55 - [TEST_STEP][PASSED] - b33 = ").trim(): Text of object 'Object Repository/Выручка в рублях/span3' is: '-27'

26-05-2025T08:20:55 - [MESSAGE][PASSED] - Text of object 'Object Repository/Выручка в рублях/span3' is: '-27'

26-05-2025T08:20:55 - [TEST_STEP][PASSED] - b38 = ").trim(): Text of object 'Object Repository/Выручка в рублях/span4' is: '-359'

26-05-2025T08:20:55 - [MESSAGE][PASSED] - Text of object 'Object Repository/Выручка в рублях/span4' is: '-359'

26-05-2025T08:20:55 - [TEST_STEP][PASSED] - b317 = ").trim(): Text of object 'Object Repository/Выручка в рублях/span5' is: '0'

26-05-2025T08:20:55 - [MESSAGE][PASSED] - Text of object 'Object Repository/Выручка в рублях/span5' is: '0'

26-05-2025T08:20:55 - [TEST_STEP][PASSED] - dZO = "ПАО Россети": null

26-05-2025T08:20:55 - [TEST_STEP][PASSED] - if (verifyEqual(a1, b1) == false): Actual object '7 875' and expected object '7 875' are equal

26-05-2025T08:20:55 - [MESSAGE][PASSED] - Actual object '7 875' and expected object '7 875' are equal

26-05-2025T08:20:55 - [TEST_STEP][PASSED] - if (verifyEqual(a2, b2) == false): Actual object '7 544' and expected object '7 544' are equal

26-05-2025T08:20:55 - [MESSAGE][PASSED] - Actual object '7 544' and expected object '7 544' are equal

26-05-2025T08:20:55 - [TEST_STEP][PASSED] - vidget = "Отклонения": null

26-05-2025T08:20:55 - [TEST_STEP][PASSED] - if (verifyEqual(a30, b30) == false): Actual object '-330.3' and expected object '-330.3' are equal

26-05-2025T08:20:55 - [MESSAGE][PASSED] - Actual object '-330.3' and expected object '-330.3' are equal

26-05-2025T08:20:55 - [TEST_STEP][PASSED] - dZO = "АО «РЭС»": null

26-05-2025T08:20:55 - [TEST_STEP][PASSED] - if (verifyEqual(a31, b31) == false): Actual object 'null' and expected object 'null' are equal

26-05-2025T08:20:55 - [MESSAGE][PASSED] - Actual object 'null' and expected object 'null' are equal

26-05-2025T08:20:55 - [TEST_STEP][PASSED] - dZO = "АО «Тываэнерго»": null

26-05-2025T08:20:55 - [TEST_STEP][PASSED] - if (verifyEqual(a32, b32) == false): Actual object '55' and expected object '55' are equal

26-05-2025T08:20:55 - [MESSAGE][PASSED] - Actual object '55' and expected object '55' are equal

26-05-2025T08:20:55 - [TEST_STEP][PASSED] - dZO = "АО «Чеченэнерго»": null

26-05-2025T08:20:55 - [TEST_STEP][PASSED] - if (verifyEqual(a33, b33) == false): Actual object '-27' and expected object '-27' are equal

26-05-2025T08:20:55 - [MESSAGE][PASSED] - Actual object '-27' and expected object '-27' are equal

26-05-2025T08:20:55 - [TEST_STEP][PASSED] - dZO = "Россети Волга": null

26-05-2025T08:20:55 - [TEST_STEP][PASSED] - if (verifyEqual(a34, b34) == false): Actual object 'null' and expected object 'null' are equal

26-05-2025T08:20:55 - [MESSAGE][PASSED] - Actual object 'null' and expected object 'null' are equal

26-05-2025T08:20:55 - [TEST_STEP][PASSED] - dZO = "Россети Кубань": null

26-05-2025T08:20:55 - [TEST_STEP][PASSED] - if (verifyEqual(a35, b35) == false): Actual object 'null' and expected object 'null' are equal

26-05-2025T08:20:55 - [MESSAGE][PASSED] - Actual object 'null' and expected object 'null' are equal

26-05-2025T08:20:55 - [TEST_STEP][PASSED] - dZO = "Россети Ленэнерго (ГК)": null

26-05-2025T08:20:55 - [TEST_STEP][PASSED] - if (verifyEqual(a36, b36) == false): Actual object 'null' and expected object 'null' are equal

26-05-2025T08:20:55 - [MESSAGE][PASSED] - Actual object 'null' and expected object 'null' are equal

26-05-2025T08:20:55 - [TEST_STEP][PASSED] - dZO = "Россети Московский регион": null

26-05-2025T08:20:55 - [TEST_STEP][PASSED] - if (verifyEqual(a37, b37) == false): Actual object 'null' and expected object 'null' are equal

26-05-2025T08:20:55 - [MESSAGE][PASSED] - Actual object 'null' and expected object 'null' are equal

26-05-2025T08:20:55 - [TEST_STEP][PASSED] - dZO = "Россети Северный Кавказ (ГК)": null

26-05-2025T08:20:55 - [TEST_STEP][PASSED] - if (verifyEqual(a38, b38) == false): Actual object '-359' and expected object '-359' are equal

26-05-2025T08:20:55 - [MESSAGE][PASSED] - Actual object '-359' and expected object '-359' are equal

26-05-2025T08:20:55 - [TEST_STEP][PASSED] - dZO = "Россети Северо-Запад": null

26-05-2025T08:20:55 - [TEST_STEP][PASSED] - if (verifyEqual(a39, b39) == false): Actual object 'null' and expected object 'null' are equal

26-05-2025T08:20:55 - [MESSAGE][PASSED] - Actual object 'null' and expected object 'null' are equal

26-05-2025T08:20:55 - [TEST_STEP][PASSED] - dZO = "Россети Сибирь (ГК)": null

26-05-2025T08:20:55 - [TEST_STEP][PASSED] - if (verifyEqual(a310, b310) == false): Actual object 'null' and expected object 'null' are equal

26-05-2025T08:20:55 - [MESSAGE][PASSED] - Actual object 'null' and expected object 'null' are equal

26-05-2025T08:20:55 - [TEST_STEP][PASSED] - dZO = "Россети Томск": null

26-05-2025T08:20:55 - [TEST_STEP][PASSED] - if (verifyEqual(a311, b311) == false): Actual object 'null' and expected object 'null' are equal

26-05-2025T08:20:55 - [MESSAGE][PASSED] - Actual object 'null' and expected object 'null' are equal

26-05-2025T08:20:55 - [TEST_STEP][PASSED] - dZO = "Россети Тюмень": null

26-05-2025T08:20:55 - [TEST_STEP][PASSED] - if (verifyEqual(a312, b312) == false): Actual object 'null' and expected object 'null' are equal

26-05-2025T08:20:55 - [MESSAGE][PASSED] - Actual object 'null' and expected object 'null' are equal

26-05-2025T08:20:55 - [TEST_STEP][PASSED] - dZO = "Россети Урал (ГК)": null

26-05-2025T08:20:55 - [TEST_STEP][PASSED] - if (verifyEqual(a313, b313) == false): Actual object 'null' and expected object 'null' are equal

26-05-2025T08:20:55 - [MESSAGE][PASSED] - Actual object 'null' and expected object 'null' are equal

26-05-2025T08:20:55 - [TEST_STEP][PASSED] - dZO = "Россети ФСК ЕЭС": null

26-05-2025T08:20:55 - [TEST_STEP][PASSED] - if (verifyEqual(a314, b314) == false): Actual object 'null' and expected object 'null' are equal

26-05-2025T08:20:55 - [MESSAGE][PASSED] - Actual object 'null' and expected object 'null' are equal

26-05-2025T08:20:55 - [TEST_STEP][PASSED] - dZO = "Россети Центр": null

26-05-2025T08:20:55 - [TEST_STEP][PASSED] - if (verifyEqual(a315, b315) == false): Actual object 'null' and expected object 'null' are equal

26-05-2025T08:20:55 - [MESSAGE][PASSED] - Actual object 'null' and expected object 'null' are equal

26-05-2025T08:20:55 - [TEST_STEP][PASSED] - dZO = "Россети Центр и Приволжье (ГК)": null

26-05-2025T08:20:55 - [TEST_STEP][PASSED] - if (verifyEqual(a316, b316) == false): Actual object 'null' and expected object 'null' are equal

26-05-2025T08:20:55 - [MESSAGE][PASSED] - Actual object 'null' and expected object 'null' are equal

26-05-2025T08:20:55 - [TEST_STEP][PASSED] - dZO = "Россети Юг (ГК)": null

26-05-2025T08:20:55 - [TEST_STEP][PASSED] - if (verifyEqual(a317, b317) == false): Actual object '0' and expected object '0' are equal

26-05-2025T08:20:55 - [MESSAGE][PASSED] - Actual object '0' and expected object '0' are equal

26-05-2025T08:20:55 - [TEST_STEP][PASSED] - dZO = "Россети Янтарь": null

26-05-2025T08:20:55 - [TEST_STEP][PASSED] - if (verifyEqual(a318, b318) == false): Actual object 'null' and expected object 'null' are equal

26-05-2025T08:20:55 - [MESSAGE][PASSED] - Actual object 'null' and expected object 'null' are equal

26-05-2025T08:20:55 - [TEST_STEP][PASSED] - closeBrowser(): null

26-05-2025T08:20:56 - [MESSAGE][PASSED] - Browser is closed

26-05-2025T08:20:56 - [TEST_STEP][PASSED] - Script1742558545601.ViruchkaChange(run, vir, block, nameOfBlock, typeOfData, viruchka, vidget, todaysDate, a, b, dZO, x, y): null

26-05-2025T08:20:56 - [TEST_STEP][PASSED] - for ([vir = 1, vir < 4, (vir++)]): null

26-05-2025T08:20:56 - [TEST_STEP][PASSED] - Script1742558545601.Blocks(run, vir, block, nameOfBlock, typeOfData, viruchka, vidget, todaysDate, a, b, dZO, x, y): null

26-05-2025T08:20:56 - [TEST_STEP][PASSED] - i = <not implemented yet for class: org.codehaus.groovy.ast.expr.EmptyExpression>: null

26-05-2025T08:20:56 - [TEST_STEP][PASSED] - perc = "": null

26-05-2025T08:20:56 - [TEST_STEP][PASSED] - a1 = <not implemented yet for class: org.codehaus.groovy.ast.expr.EmptyExpression>: null

26-05-2025T08:20:56 - [TEST_STEP][PASSED] - a2 = <not implemented yet for class: org.codehaus.groovy.ast.expr.EmptyExpression>: null

26-05-2025T08:20:56 - [TEST_STEP][PASSED] - a30 = <not implemented yet for class: org.codehaus.groovy.ast.expr.EmptyExpression>: null

26-05-2025T08:20:56 - [TEST_STEP][PASSED] - a31 = <not implemented yet for class: org.codehaus.groovy.ast.expr.EmptyExpression>: null

26-05-2025T08:20:56 - [TEST_STEP][PASSED] - a32 = <not implemented yet for class: org.codehaus.groovy.ast.expr.EmptyExpression>: null

26-05-2025T08:20:56 - [TEST_STEP][PASSED] - a33 = <not implemented yet for class: org.codehaus.groovy.ast.expr.EmptyExpression>: null

26-05-2025T08:20:56 - [TEST_STEP][PASSED] - a34 = <not implemented yet for class: org.codehaus.groovy.ast.expr.EmptyExpression>: null

26-05-2025T08:20:56 - [TEST_STEP][PASSED] - a35 = <not implemented yet for class: org.codehaus.groovy.ast.expr.EmptyExpression>: null

26-05-2025T08:20:56 - [TEST_STEP][PASSED] - a36 = <not implemented yet for class: org.codehaus.groovy.ast.expr.EmptyExpression>: null

26-05-2025T08:20:56 - [TEST_STEP][PASSED] - a37 = <not implemented yet for class: org.codehaus.groovy.ast.expr.EmptyExpression>: null

26-05-2025T08:20:56 - [TEST_STEP][PASSED] - a38 = <not implemented yet for class: org.codehaus.groovy.ast.expr.EmptyExpression>: null

26-05-2025T08:20:56 - [TEST_STEP][PASSED] - a39 = <not implemented yet for class: org.codehaus.groovy.ast.expr.EmptyExpression>: null

26-05-2025T08:20:56 - [TEST_STEP][PASSED] - a310 = <not implemented yet for class: org.codehaus.groovy.ast.expr.EmptyExpression>: null

26-05-2025T08:20:56 - [TEST_STEP][PASSED] - a311 = <not implemented yet for class: org.codehaus.groovy.ast.expr.EmptyExpression>: null

26-05-2025T08:20:56 - [TEST_STEP][PASSED] - a312 = <not implemented yet for class: org.codehaus.groovy.ast.expr.EmptyExpression>: null

26-05-2025T08:20:56 - [TEST_STEP][PASSED] - a313 = <not implemented yet for class: org.codehaus.groovy.ast.expr.EmptyExpression>: null

26-05-2025T08:20:56 - [TEST_STEP][PASSED] - a314 = <not implemented yet for class: org.codehaus.groovy.ast.expr.EmptyExpression>: null

26-05-2025T08:20:56 - [TEST_STEP][PASSED] - a315 = <not implemented yet for class: org.codehaus.groovy.ast.expr.EmptyExpression>: null

26-05-2025T08:20:56 - [TEST_STEP][PASSED] - a316 = <not implemented yet for class: org.codehaus.groovy.ast.expr.EmptyExpression>: null

26-05-2025T08:20:56 - [TEST_STEP][PASSED] - a317 = <not implemented yet for class: org.codehaus.groovy.ast.expr.EmptyExpression>: null

26-05-2025T08:20:56 - [TEST_STEP][PASSED] - a318 = <not implemented yet for class: org.codehaus.groovy.ast.expr.EmptyExpression>: null

26-05-2025T08:20:56 - [TEST_STEP][PASSED] - b1 = <not implemented yet for class: org.codehaus.groovy.ast.expr.EmptyExpression>: null

26-05-2025T08:20:56 - [TEST_STEP][PASSED] - b2 = <not implemented yet for class: org.codehaus.groovy.ast.expr.EmptyExpression>: null

26-05-2025T08:20:56 - [TEST_STEP][PASSED] - b30 = <not implemented yet for class: org.codehaus.groovy.ast.expr.EmptyExpression>: null

26-05-2025T08:20:56 - [TEST_STEP][PASSED] - b31 = <not implemented yet for class: org.codehaus.groovy.ast.expr.EmptyExpression>: null

26-05-2025T08:20:56 - [TEST_STEP][PASSED] - b32 = <not implemented yet for class: org.codehaus.groovy.ast.expr.EmptyExpression>: null

26-05-2025T08:20:56 - [TEST_STEP][PASSED] - b33 = <not implemented yet for class: org.codehaus.groovy.ast.expr.EmptyExpression>: null

26-05-2025T08:20:56 - [TEST_STEP][PASSED] - b34 = <not implemented yet for class: org.codehaus.groovy.ast.expr.EmptyExpression>: null

26-05-2025T08:20:56 - [TEST_STEP][PASSED] - b35 = <not implemented yet for class: org.codehaus.groovy.ast.expr.EmptyExpression>: null

26-05-2025T08:20:56 - [TEST_STEP][PASSED] - b36 = <not implemented yet for class: org.codehaus.groovy.ast.expr.EmptyExpression>: null

26-05-2025T08:20:56 - [TEST_STEP][PASSED] - b37 = <not implemented yet for class: org.codehaus.groovy.ast.expr.EmptyExpression>: null

26-05-2025T08:20:56 - [TEST_STEP][PASSED] - b38 = <not implemented yet for class: org.codehaus.groovy.ast.expr.EmptyExpression>: null

26-05-2025T08:20:56 - [TEST_STEP][PASSED] - b39 = <not implemented yet for class: org.codehaus.groovy.ast.expr.EmptyExpression>: null

26-05-2025T08:20:56 - [TEST_STEP][PASSED] - b310 = <not implemented yet for class: org.codehaus.groovy.ast.expr.EmptyExpression>: null

26-05-2025T08:20:56 - [TEST_STEP][PASSED] - b311 = <not implemented yet for class: org.codehaus.groovy.ast.expr.EmptyExpression>: null

26-05-2025T08:20:56 - [TEST_STEP][PASSED] - b312 = <not implemented yet for class: org.codehaus.groovy.ast.expr.EmptyExpression>: null

26-05-2025T08:20:56 - [TEST_STEP][PASSED] - b313 = <not implemented yet for class: org.codehaus.groovy.ast.expr.EmptyExpression>: null

26-05-2025T08:20:56 - [TEST_STEP][PASSED] - b314 = <not implemented yet for class: org.codehaus.groovy.ast.expr.EmptyExpression>: null

26-05-2025T08:20:56 - [TEST_STEP][PASSED] - b315 = <not implemented yet for class: org.codehaus.groovy.ast.expr.EmptyExpression>: null

26-05-2025T08:20:56 - [TEST_STEP][PASSED] - b316 = <not implemented yet for class: org.codehaus.groovy.ast.expr.EmptyExpression>: null

26-05-2025T08:20:56 - [TEST_STEP][PASSED] - b317 = <not implemented yet for class: org.codehaus.groovy.ast.expr.EmptyExpression>: null

26-05-2025T08:20:56 - [TEST_STEP][PASSED] - b318 = <not implemented yet for class: org.codehaus.groovy.ast.expr.EmptyExpression>: null

26-05-2025T08:20:56 - [TEST_STEP][PASSED] - block = 1: null

26-05-2025T08:20:56 - [TEST_STEP][PASSED] - nameOfBlock = "": null

26-05-2025T08:20:56 - [TEST_STEP][PASSED] - Script1742558545601.PreSettings(run, vir, block, nameOfBlock, typeOfData, todaysDate): null

26-05-2025T08:20:56 - [TEST_STEP][PASSED] - openBrowser(""): Browser is opened with url: ''

26-05-2025T08:20:56 - [MESSAGE][INFO] - Starting 'Chrome' driver

26-05-2025T08:20:56 - [MESSAGE][INFO] - Action delay is set to 0 milliseconds

26-05-2025T08:20:57 - [MESSAGE][PASSED] - Browser is opened with url: ''

26-05-2025T08:20:57 - [TEST_STEP][PASSED] - refresh(): Refresh successfully

26-05-2025T08:20:57 - [MESSAGE][PASSED] - Refresh successfully

26-05-2025T08:20:57 - [TEST_STEP][PASSED] - delay(50): Delayed 50 second(s)

26-05-2025T08:21:47 - [MESSAGE][PASSED] - Delayed 50 second(s)

26-05-2025T08:21:47 - [TEST_STEP][PASSED] - println("run:" + run): null

26-05-2025T08:21:47 - [TEST_STEP][PASSED] - println("vir:" + vir): null

26-05-2025T08:21:47 - [TEST_STEP][PASSED] - println("block:" + block): null

26-05-2025T08:21:47 - [TEST_STEP][PASSED] - if (block == 1): null

26-05-2025T08:21:47 - [TEST_STEP][PASSED] - nameOfBlock = "": null

26-05-2025T08:21:47 - [TEST_STEP][PASSED] - println("nameOfBlock:" + nameOfBlock): null

26-05-2025T08:21:47 - [TEST_STEP][PASSED] - println("typeOfData:" + typeOfData): null

26-05-2025T08:21:47 - [TEST_STEP][PASSED] - println("todaysDate:" + todaysDate): null

26-05-2025T08:21:47 - [TEST_STEP][PASSED] - Script1742558545601.Autorization(block, nameOfBlock): null

26-05-2025T08:21:47 - [TEST_STEP][PASSED] - i = <not implemented yet for class: org.codehaus.groovy.ast.expr.EmptyExpression>: null

26-05-2025T08:21:47 - [TEST_STEP][PASSED] - ii = <not implemented yet for class: org.codehaus.groovy.ast.expr.EmptyExpression>: null

26-05-2025T08:21:47 - [TEST_STEP][PASSED] - urlData = <not implemented yet for class: org.codehaus.groovy.ast.expr.EmptyExpression>: null

26-05-2025T08:21:47 - [TEST_STEP][PASSED] - searchWord = <not implemented yet for class: org.codehaus.groovy.ast.expr.EmptyExpression>: null

26-05-2025T08:21:47 - [TEST_STEP][PASSED] - urlText = <not implemented yet for class: org.codehaus.groovy.ast.expr.EmptyExpression>: null

26-05-2025T08:21:47 - [TEST_STEP][PASSED] - println("block:" + block): null

26-05-2025T08:21:47 - [TEST_STEP][PASSED] - if (block == 1): null

26-05-2025T08:21:47 - [TEST_STEP][PASSED] - nameOfBlock = "": null

26-05-2025T08:21:47 - [TEST_STEP][PASSED] - println("nameOfBlock:" + nameOfBlock): null

26-05-2025T08:21:47 - [TEST_STEP][PASSED] - if (block == 1): Delayed 45 second(s)

26-05-2025T08:21:47 - [TEST_STEP][PASSED] - urlData = 2: null

26-05-2025T08:21:47 - [TEST_STEP][PASSED] - delay(45): Delayed 45 second(s)

26-05-2025T08:22:32 - [MESSAGE][PASSED] - Delayed 45 second(s)

26-05-2025T08:22:32 - [TEST_STEP][PASSED] - navigateToUrl(findTestData("PlanFact").getValue(10, urlData)): Navigate to 'https://bi.rosseti.digital/viewer?dashboardGuid=2301950b23be4ed89c1df75f2020051e&sheetGuid=b723206f698544fb87299f3095c00435&fit=true' successfully

26-05-2025T08:22:34 - [MESSAGE][PASSED] - Navigate to 'https://bi.rosseti.digital/viewer?dashboardGuid=2301950b23be4ed89c1df75f2020051e&sheetGuid=b723206f698544fb87299f3095c00435&fit=true' successfully

26-05-2025T08:22:34 - [TEST_STEP][PASSED] - urlText = getText(findTestObject("Страница авторизации/Text")): Text of object 'Object Repository/Страница авторизации/Text' is: 'Вход'

26-05-2025T08:22:35 - [MESSAGE][PASSED] - Text of object 'Object Repository/Страница авторизации/Text' is: 'Вход'

26-05-2025T08:22:35 - [TEST_STEP][PASSED] - searchWord = "Вход": null

26-05-2025T08:22:35 - [TEST_STEP][PASSED] - if (urlText == null || urlText.contains("ошибка") || urlText.contains(searchWord) == false): null

26-05-2025T08:22:35 - [TEST_STEP][PASSED] - if (verifyElementPresent(findTestObject("Страница авторизации/button_"), 30) == true): null

26-05-2025T08:22:35 - [MESSAGE][PASSED] - Object 'Object Repository/Страница авторизации/button_' is present

26-05-2025T08:22:35 - [TEST_STEP][PASSED] - setText(findTestObject("Страница авторизации/input__username"), findTestData("PlanFact").getValue(8, 1)): Text 'liazgina-di' is set on object 'Object Repository/Страница авторизации/input__username'

26-05-2025T08:22:36 - [MESSAGE][PASSED] - Text 'liazgina-di' is set on object 'Object Repository/Страница авторизации/input__username'

26-05-2025T08:22:36 - [TEST_STEP][PASSED] - setText(findTestObject("Страница авторизации/input__password"), findTestData("PlanFact").getValue(9, 1)): Text ')$%5srZ8o688Dm#q' is set on object 'Object Repository/Страница авторизации/input__password'

26-05-2025T08:22:37 - [MESSAGE][PASSED] - Text ')$%5srZ8o688Dm#q' is set on object 'Object Repository/Страница авторизации/input__password'

26-05-2025T08:22:37 - [TEST_STEP][PASSED] - click(findTestObject("Страница авторизации/button_")): Object: 'Object Repository/Страница авторизации/button_' is clicked on

26-05-2025T08:22:38 - [MESSAGE][PASSED] - Object: 'Object Repository/Страница авторизации/button_' is clicked on

26-05-2025T08:22:38 - [TEST_STEP][PASSED] - delay(45): Delayed 45 second(s)

26-05-2025T08:23:23 - [MESSAGE][PASSED] - Delayed 45 second(s)

26-05-2025T08:23:23 - [TEST_STEP][PASSED] - urlText = getText(findTestObject("Страница авторизации/Text")): Text of object 'Object Repository/Страница авторизации/Text' is: 'Период
1 кв. 2025 года
Выручка
Все
Выполнение плановых показателей по ПАО Россети за 1 кв. 2025 года
План
Факт
Динамика
2025 год
0 млн.руб.
50 000 млн.руб.
100 000 млн.руб.
150 000 млн.руб.
200 000 млн.руб.
250 000 млн.руб.
300 000 млн.руб.
350 000 млн.руб.
400 000 млн.руб.
450 000 млн.руб.
500 000 млн.руб.
550 000 млн.руб.
466 800
463 075
↓
ДЗО 
Все
Внутренний оборот - выручка за услуги по передаче электрической энергии, учтенная в выручке за электроэнергию для конечных потребителей, при выполнении ДЗО функций гарантирующего поставщика
Подписи данных
⬤Отклонение
АО "РЭС"
АО «Тываэнерго»
АО «Чеченэнерго»
Россети Волга
Россети Кубань
Россети Ленэнерго (ГК)
Россети Московский регион
Россети Северный Кавказ (ГК)
Россети Северо-Запад
Россети Сибирь (ГК)
Россети Томск
Россети Тюмень
Россети Урал (ГК)
Россети ФСК ЕЭС
Россети Центр
Россети Центр и Приволжье (ГК)
Россети Юг (ГК)
Россети Янтарь
-4 000млн.руб.
-3 000млн.руб.
-2 000млн.руб.
-1 000млн.руб.
0млн.руб.
1 000млн.руб.
2 000млн.руб.
3 000млн.руб.
4 0…
-261
55
-27
-537
786
62
-3 345
-271
-253
876
-57
-2 765
-987
1 670
-805
-905
-11
3 047
млн.
%
Выручка
Отклонение выручки по ПАО Россети за 1 кв. 2025 года (факт/план, млн. руб)
ПАО Россети
-3 725.7 млн.руб.
 '

26-05-2025T08:23:23 - [MESSAGE][PASSED] - Text of object 'Object Repository/Страница авторизации/Text' is: 'Период
1 кв. 2025 года
Выручка
Все
Выполнение плановых показателей по ПАО Россети за 1 кв. 2025 года
План
Факт
Динамика
2025 год
0 млн.руб.
50 000 млн.руб.
100 000 млн.руб.
150 000 млн.руб.
200 000 млн.руб.
250 000 млн.руб.
300 000 млн.руб.
350 000 млн.руб.
400 000 млн.руб.
450 000 млн.руб.
500 000 млн.руб.
550 000 млн.руб.
466 800
463 075
↓
ДЗО 
Все
Внутренний оборот - выручка за услуги по передаче электрической энергии, учтенная в выручке за электроэнергию для конечных потребителей, при выполнении ДЗО функций гарантирующего поставщика
Подписи данных
⬤Отклонение
АО "РЭС"
АО «Тываэнерго»
АО «Чеченэнерго»
Россети Волга
Россети Кубань
Россети Ленэнерго (ГК)
Россети Московский регион
Россети Северный Кавказ (ГК)
Россети Северо-Запад
Россети Сибирь (ГК)
Россети Томск
Россети Тюмень
Россети Урал (ГК)
Россети ФСК ЕЭС
Россети Центр
Россети Центр и Приволжье (ГК)
Россети Юг (ГК)
Россети Янтарь
-4 000млн.руб.
-3 000млн.руб.
-2 000млн.руб.
-1 000млн.руб.
0млн.руб.
1 000млн.руб.
2 000млн.руб.
3 000млн.руб.
4 0…
-261
55
-27
-537
786
62
-3 345
-271
-253
876
-57
-2 765
-987
1 670
-805
-905
-11
3 047
млн.
%
Выручка
Отклонение выручки по ПАО Россети за 1 кв. 2025 года (факт/план, млн. руб)
ПАО Россети
-3 725.7 млн.руб.
 '

26-05-2025T08:23:23 - [TEST_STEP][PASSED] - searchWord = "а": null

26-05-2025T08:23:23 - [TEST_STEP][PASSED] - if (urlText.contains("ошибка") || urlText.contains(searchWord) == false): null

26-05-2025T08:23:23 - [TEST_STEP][PASSED] - delay(45): Delayed 45 second(s)

26-05-2025T08:24:08 - [MESSAGE][PASSED] - Delayed 45 second(s)

26-05-2025T08:24:08 - [TEST_STEP][PASSED] - if (block == 2): null

26-05-2025T08:24:08 - [TEST_STEP][PASSED] - click(findTestObject("Выручка в рублях/Фильтр Период" + nameOfBlock)): Object: 'Object Repository/Выручка в рублях/Фильтр Период' is clicked on

26-05-2025T08:24:09 - [MESSAGE][PASSED] - Object: 'Object Repository/Выручка в рублях/Фильтр Период' is clicked on

26-05-2025T08:24:09 - [TEST_STEP][PASSED] - click(findTestObject("Выручка в рублях/Снять выделение в фильтре Дата" + nameOfBlock)): Object: 'Object Repository/Выручка в рублях/Снять выделение в фильтре Дата' is clicked on

26-05-2025T08:24:09 - [MESSAGE][PASSED] - Object: 'Object Repository/Выручка в рублях/Снять выделение в фильтре Дата' is clicked on

26-05-2025T08:24:09 - [TEST_STEP][PASSED] - click(findTestObject("Выручка в рублях/Применить в фильтре Дата" + nameOfBlock)): Object: 'Object Repository/Выручка в рублях/Применить в фильтре Дата' is clicked on

26-05-2025T08:24:10 - [MESSAGE][PASSED] - Object: 'Object Repository/Выручка в рублях/Применить в фильтре Дата' is clicked on

26-05-2025T08:24:10 - [TEST_STEP][PASSED] - delay(50): Delayed 50 second(s)

26-05-2025T08:25:00 - [MESSAGE][PASSED] - Delayed 50 second(s)

26-05-2025T08:25:00 - [TEST_STEP][PASSED] - click(findTestObject("Выручка в рублях/Фильтр Период" + nameOfBlock)): Object: 'Object Repository/Выручка в рублях/Фильтр Период' is clicked on

26-05-2025T08:25:00 - [MESSAGE][PASSED] - Object: 'Object Repository/Выручка в рублях/Фильтр Период' is clicked on

26-05-2025T08:25:00 - [TEST_STEP][PASSED] - click(findTestObject("Выручка в рублях/Снять выделение в фильтре Дата" + nameOfBlock)): Object: 'Object Repository/Выручка в рублях/Снять выделение в фильтре Дата' is clicked on

26-05-2025T08:25:01 - [MESSAGE][PASSED] - Object: 'Object Repository/Выручка в рублях/Снять выделение в фильтре Дата' is clicked on

26-05-2025T08:25:01 - [TEST_STEP][PASSED] - scrollToElement(findTestObject("Выручка в рублях/2025 список" + nameOfBlock), 30): Scroll to object 'Object Repository/Выручка в рублях/2025 список' successfully

26-05-2025T08:25:01 - [MESSAGE][PASSED] - Scroll to object 'Object Repository/Выручка в рублях/2025 список' successfully

26-05-2025T08:25:01 - [TEST_STEP][PASSED] - click(findTestObject("Выручка в рублях/2025 список" + nameOfBlock)): Object: 'Object Repository/Выручка в рублях/2025 список' is clicked on

26-05-2025T08:25:01 - [MESSAGE][PASSED] - Object: 'Object Repository/Выручка в рублях/2025 список' is clicked on

26-05-2025T08:25:01 - [TEST_STEP][PASSED] - scrollToElement(findTestObject("Выручка в рублях/1 квартал 2025 список" + nameOfBlock), 30): Scroll to object 'Object Repository/Выручка в рублях/1 квартал 2025 список' successfully

26-05-2025T08:25:02 - [MESSAGE][PASSED] - Scroll to object 'Object Repository/Выручка в рублях/1 квартал 2025 список' successfully

26-05-2025T08:25:02 - [TEST_STEP][PASSED] - click(findTestObject("Выручка в рублях/1 квартал 2025 выбрать" + nameOfBlock)): Object: 'Object Repository/Выручка в рублях/1 квартал 2025 выбрать' is clicked on

26-05-2025T08:25:02 - [MESSAGE][PASSED] - Object: 'Object Repository/Выручка в рублях/1 квартал 2025 выбрать' is clicked on

26-05-2025T08:25:02 - [TEST_STEP][PASSED] - scrollToElement(findTestObject("Выручка в рублях/Заголовок дашборда" + nameOfBlock), 30): Scroll to object 'Object Repository/Выручка в рублях/Заголовок дашборда' successfully

26-05-2025T08:25:03 - [MESSAGE][PASSED] - Scroll to object 'Object Repository/Выручка в рублях/Заголовок дашборда' successfully

26-05-2025T08:25:03 - [TEST_STEP][PASSED] - click(findTestObject("Выручка в рублях/Применить в фильтре Дата" + nameOfBlock)): Object: 'Object Repository/Выручка в рублях/Применить в фильтре Дата' is clicked on

26-05-2025T08:25:03 - [MESSAGE][PASSED] - Object: 'Object Repository/Выручка в рублях/Применить в фильтре Дата' is clicked on

26-05-2025T08:25:03 - [TEST_STEP][PASSED] - delay(55): Delayed 55 second(s)

26-05-2025T08:25:58 - [MESSAGE][PASSED] - Delayed 55 second(s)

26-05-2025T08:25:58 - [TEST_STEP][PASSED] - click(findTestObject("Выручка в рублях/Фильтр ДЗО" + nameOfBlock)): Object: 'Object Repository/Выручка в рублях/Фильтр ДЗО' is clicked on

26-05-2025T08:25:59 - [MESSAGE][PASSED] - Object: 'Object Repository/Выручка в рублях/Фильтр ДЗО' is clicked on

26-05-2025T08:25:59 - [TEST_STEP][PASSED] - click(findTestObject("Выручка в рублях/Снять выделение в фильтре ДЗО" + nameOfBlock)): Object: 'Object Repository/Выручка в рублях/Снять выделение в фильтре ДЗО' is clicked on

26-05-2025T08:25:59 - [MESSAGE][PASSED] - Object: 'Object Repository/Выручка в рублях/Снять выделение в фильтре ДЗО' is clicked on

26-05-2025T08:25:59 - [TEST_STEP][PASSED] - click(findTestObject("Выручка в рублях/Применить в фильтре ДЗО" + nameOfBlock)): Object: 'Object Repository/Выручка в рублях/Применить в фильтре ДЗО' is clicked on

26-05-2025T08:26:00 - [MESSAGE][PASSED] - Object: 'Object Repository/Выручка в рублях/Применить в фильтре ДЗО' is clicked on

26-05-2025T08:26:00 - [TEST_STEP][PASSED] - delay(50): Delayed 50 second(s)

26-05-2025T08:26:50 - [MESSAGE][PASSED] - Delayed 50 second(s)

26-05-2025T08:26:50 - [TEST_STEP][PASSED] - Script1742558545601.Tumbler(run, vir, block, nameOfBlock): null

26-05-2025T08:26:50 - [TEST_STEP][PASSED] - println("run:" + run): null

26-05-2025T08:26:50 - [TEST_STEP][PASSED] - println("vir:" + vir): null

26-05-2025T08:26:50 - [TEST_STEP][PASSED] - println("block:" + block): null

26-05-2025T08:26:50 - [TEST_STEP][PASSED] - println("nameOfBlock:" + nameOfBlock): null

26-05-2025T08:26:50 - [TEST_STEP][PASSED] - if (vir == 1): Object: 'Object Repository/Выручка в рублях/Переключить отображение с млн на проценты Выручка в рублях' is clicked on

26-05-2025T08:26:50 - [TEST_STEP][PASSED] - if (run == 2): Object: 'Object Repository/Выручка в рублях/Переключить отображение с млн на проценты Выручка в рублях' is clicked on

26-05-2025T08:26:50 - [TEST_STEP][PASSED] - click(findTestObject("Выручка в рублях/Переключить отображение с млн на проценты Выручка в рублях" + nameOfBlock)): Object: 'Object Repository/Выручка в рублях/Переключить отображение с млн на проценты Выручка в рублях' is clicked on

26-05-2025T08:26:50 - [MESSAGE][PASSED] - Object: 'Object Repository/Выручка в рублях/Переключить отображение с млн на проценты Выручка в рублях' is clicked on

26-05-2025T08:26:50 - [TEST_STEP][PASSED] - click(findTestObject("Выручка в рублях/Фильтр ДЗО" + nameOfBlock)): Object: 'Object Repository/Выручка в рублях/Фильтр ДЗО' is clicked on

26-05-2025T08:26:50 - [MESSAGE][PASSED] - Object: 'Object Repository/Выручка в рублях/Фильтр ДЗО' is clicked on

26-05-2025T08:26:50 - [TEST_STEP][PASSED] - Script1742558545601.Rosseti(nameOfBlock): null

26-05-2025T08:26:50 - [TEST_STEP][PASSED] - println("nameOfBlock:" + nameOfBlock): null

26-05-2025T08:26:50 - [TEST_STEP][PASSED] - click(findTestObject("Выручка в рублях/ПАО Россети" + nameOfBlock)): Object: 'Object Repository/Выручка в рублях/ПАО Россети' is clicked on

26-05-2025T08:26:51 - [MESSAGE][PASSED] - Object: 'Object Repository/Выручка в рублях/ПАО Россети' is clicked on

26-05-2025T08:26:51 - [TEST_STEP][PASSED] - click(findTestObject("Выручка в рублях/Применить в фильтре ДЗО" + nameOfBlock)): Object: 'Object Repository/Выручка в рублях/Применить в фильтре ДЗО' is clicked on

26-05-2025T08:26:52 - [MESSAGE][PASSED] - Object: 'Object Repository/Выручка в рублях/Применить в фильтре ДЗО' is clicked on

26-05-2025T08:26:52 - [TEST_STEP][PASSED] - if (run == 2): null

26-05-2025T08:26:52 - [TEST_STEP][PASSED] - perc = " Perc": null

26-05-2025T08:26:52 - [TEST_STEP][PASSED] - if (vir == 1 || vir == 2): Text of object 'Object Repository/Выручка в рублях/График План' is: '466 800'

26-05-2025T08:26:52 - [TEST_STEP][PASSED] - a1 = getText(findTestObject("Выручка в рублях/График План")): Text of object 'Object Repository/Выручка в рублях/График План' is: '466 800'

26-05-2025T08:26:53 - [MESSAGE][PASSED] - Text of object 'Object Repository/Выручка в рублях/График План' is: '466 800'

26-05-2025T08:26:53 - [TEST_STEP][PASSED] - if (vir == 1 || vir == 2): Text of object 'Object Repository/Выручка в рублях/График Факт' is: '463 075'

26-05-2025T08:26:53 - [TEST_STEP][PASSED] - a2 = getText(findTestObject("Выручка в рублях/График Факт")): Text of object 'Object Repository/Выручка в рублях/График Факт' is: '463 075'

26-05-2025T08:26:54 - [MESSAGE][PASSED] - Text of object 'Object Repository/Выручка в рублях/График Факт' is: '463 075'

26-05-2025T08:26:54 - [TEST_STEP][PASSED] - a30 = getText(findTestObject("Выручка в рублях/span1" + perc)): Text of object 'Object Repository/Выручка в рублях/span1 Perc' is: '-0.8 %'

26-05-2025T08:26:54 - [MESSAGE][PASSED] - Text of object 'Object Repository/Выручка в рублях/span1 Perc' is: '-0.8 %'

26-05-2025T08:26:54 - [TEST_STEP][PASSED] - i = a30.indexOf("млн.руб."): null

26-05-2025T08:26:54 - [TEST_STEP][PASSED] - if (i > -1): null

26-05-2025T08:26:54 - [TEST_STEP][PASSED] - if (a30.contains("%")): null

26-05-2025T08:26:54 - [TEST_STEP][PASSED] - a30 = a30.replaceAll("%", ""): null

26-05-2025T08:26:54 - [TEST_STEP][PASSED] - a30 = ").trim(): null

26-05-2025T08:26:54 - [TEST_STEP][PASSED] - println("a30: " + a30): null

26-05-2025T08:26:54 - [TEST_STEP][PASSED] - if (vir == 1): Text of object 'Object Repository/Выручка в рублях/span19 Perc' is: ''

26-05-2025T08:26:54 - [TEST_STEP][PASSED] - a31 = ").trim(): Text of object 'Object Repository/Выручка в рублях/span2 Perc' is: '-3.9 %'

26-05-2025T08:26:54 - [MESSAGE][PASSED] - Text of object 'Object Repository/Выручка в рублях/span2 Perc' is: '-3.9 %'

26-05-2025T08:26:54 - [TEST_STEP][PASSED] - a32 = ").trim(): Text of object 'Object Repository/Выручка в рублях/span3 Perc' is: '7.4 %'

26-05-2025T08:26:55 - [MESSAGE][PASSED] - Text of object 'Object Repository/Выручка в рублях/span3 Perc' is: '7.4 %'

26-05-2025T08:26:55 - [TEST_STEP][PASSED] - a33 = ").trim(): Text of object 'Object Repository/Выручка в рублях/span4 Perc' is: '-1.94 %'

26-05-2025T08:26:55 - [MESSAGE][PASSED] - Text of object 'Object Repository/Выручка в рублях/span4 Perc' is: '-1.94 %'

26-05-2025T08:26:55 - [TEST_STEP][PASSED] - a34 = ").trim(): Text of object 'Object Repository/Выручка в рублях/span5 Perc' is: '-1.71 %'

26-05-2025T08:26:55 - [MESSAGE][PASSED] - Text of object 'Object Repository/Выручка в рублях/span5 Perc' is: '-1.71 %'

26-05-2025T08:26:55 - [TEST_STEP][PASSED] - a35 = ").trim(): Text of object 'Object Repository/Выручка в рублях/span6 Perc' is: '3.65 %'

26-05-2025T08:26:55 - [MESSAGE][PASSED] - Text of object 'Object Repository/Выручка в рублях/span6 Perc' is: '3.65 %'

26-05-2025T08:26:55 - [TEST_STEP][PASSED] - a36 = ").trim(): Text of object 'Object Repository/Выручка в рублях/span7 Perc' is: '0.19 %'

26-05-2025T08:26:56 - [MESSAGE][PASSED] - Text of object 'Object Repository/Выручка в рублях/span7 Perc' is: '0.19 %'

26-05-2025T08:26:56 - [TEST_STEP][PASSED] - a37 = ").trim(): Text of object 'Object Repository/Выручка в рублях/span8 Perc' is: '-5.06 %'

26-05-2025T08:26:56 - [MESSAGE][PASSED] - Text of object 'Object Repository/Выручка в рублях/span8 Perc' is: '-5.06 %'

26-05-2025T08:26:56 - [TEST_STEP][PASSED] - a38 = ").trim(): Text of object 'Object Repository/Выручка в рублях/span9 Perc' is: '-2.25 %'

26-05-2025T08:26:56 - [MESSAGE][PASSED] - Text of object 'Object Repository/Выручка в рублях/span9 Perc' is: '-2.25 %'

26-05-2025T08:26:56 - [TEST_STEP][PASSED] - a39 = ").trim(): Text of object 'Object Repository/Выручка в рублях/span10 Perc' is: '-1.28 %'

26-05-2025T08:26:57 - [MESSAGE][PASSED] - Text of object 'Object Repository/Выручка в рублях/span10 Perc' is: '-1.28 %'

26-05-2025T08:26:57 - [TEST_STEP][PASSED] - a310 = ").trim(): Text of object 'Object Repository/Выручка в рублях/span11 Perc' is: '2.77 %'

26-05-2025T08:26:57 - [MESSAGE][PASSED] - Text of object 'Object Repository/Выручка в рублях/span11 Perc' is: '2.77 %'

26-05-2025T08:26:57 - [TEST_STEP][PASSED] - a311 = ").trim(): Text of object 'Object Repository/Выручка в рублях/span12 Perc' is: '-1.88 %'

26-05-2025T08:26:57 - [MESSAGE][PASSED] - Text of object 'Object Repository/Выручка в рублях/span12 Perc' is: '-1.88 %'

26-05-2025T08:26:57 - [TEST_STEP][PASSED] - a312 = ").trim(): Text of object 'Object Repository/Выручка в рублях/span13 Perc' is: '-9.44 %'

26-05-2025T08:26:57 - [MESSAGE][PASSED] - Text of object 'Object Repository/Выручка в рублях/span13 Perc' is: '-9.44 %'

26-05-2025T08:26:57 - [TEST_STEP][PASSED] - a313 = ").trim(): Text of object 'Object Repository/Выручка в рублях/span14 Perc' is: '-3.15 %'

26-05-2025T08:26:58 - [MESSAGE][PASSED] - Text of object 'Object Repository/Выручка в рублях/span14 Perc' is: '-3.15 %'

26-05-2025T08:26:58 - [TEST_STEP][PASSED] - a314 = ").trim(): Text of object 'Object Repository/Выручка в рублях/span15 Perc' is: '1.98 %'

26-05-2025T08:26:58 - [MESSAGE][PASSED] - Text of object 'Object Repository/Выручка в рублях/span15 Perc' is: '1.98 %'

26-05-2025T08:26:58 - [TEST_STEP][PASSED] - a315 = ").trim(): Text of object 'Object Repository/Выручка в рублях/span16 Perc' is: '-2.23 %'

26-05-2025T08:26:58 - [MESSAGE][PASSED] - Text of object 'Object Repository/Выручка в рублях/span16 Perc' is: '-2.23 %'

26-05-2025T08:26:58 - [TEST_STEP][PASSED] - a316 = ").trim(): Text of object 'Object Repository/Выручка в рублях/span17 Perc' is: '-2.34 %'

26-05-2025T08:26:58 - [MESSAGE][PASSED] - Text of object 'Object Repository/Выручка в рублях/span17 Perc' is: '-2.34 %'

26-05-2025T08:26:58 - [TEST_STEP][PASSED] - a317 = ").trim(): Text of object 'Object Repository/Выручка в рублях/span18 Perc' is: '-0.05 %'

26-05-2025T08:26:59 - [MESSAGE][PASSED] - Text of object 'Object Repository/Выручка в рублях/span18 Perc' is: '-0.05 %'

26-05-2025T08:26:59 - [TEST_STEP][PASSED] - a318 = ").trim(): Text of object 'Object Repository/Выручка в рублях/span19 Perc' is: ''

26-05-2025T08:26:59 - [MESSAGE][PASSED] - Text of object 'Object Repository/Выручка в рублях/span19 Perc' is: ''

26-05-2025T08:26:59 - [TEST_STEP][PASSED] - block = 2: null

26-05-2025T08:26:59 - [TEST_STEP][PASSED] - nameOfBlock = " Выручка": null

26-05-2025T08:26:59 - [TEST_STEP][PASSED] - Script1742558545601.PreSettings(run, vir, block, nameOfBlock, typeOfData, todaysDate): null

26-05-2025T08:26:59 - [TEST_STEP][PASSED] - openBrowser(""): Browser is opened with url: ''

26-05-2025T08:26:59 - [MESSAGE][WARNING] - A browser is already opened. Closing browser and opening a new one

26-05-2025T08:26:59 - [MESSAGE][INFO] - Starting 'Chrome' driver

26-05-2025T08:26:59 - [MESSAGE][INFO] - Action delay is set to 0 milliseconds

26-05-2025T08:27:00 - [MESSAGE][PASSED] - Browser is opened with url: ''

26-05-2025T08:27:00 - [TEST_STEP][PASSED] - refresh(): Refresh successfully

26-05-2025T08:27:00 - [MESSAGE][PASSED] - Refresh successfully

26-05-2025T08:27:00 - [TEST_STEP][PASSED] - delay(50): Delayed 50 second(s)

26-05-2025T08:27:50 - [MESSAGE][PASSED] - Delayed 50 second(s)

26-05-2025T08:27:50 - [TEST_STEP][PASSED] - println("run:" + run): null

26-05-2025T08:27:50 - [TEST_STEP][PASSED] - println("vir:" + vir): null

26-05-2025T08:27:50 - [TEST_STEP][PASSED] - println("block:" + block): null

26-05-2025T08:27:50 - [TEST_STEP][PASSED] - if (block == 1): null

26-05-2025T08:27:50 - [TEST_STEP][PASSED] - else: null

26-05-2025T08:27:50 - [TEST_STEP][PASSED] - nameOfBlock = " Выручка": null

26-05-2025T08:27:50 - [TEST_STEP][PASSED] - println("nameOfBlock:" + nameOfBlock): null

26-05-2025T08:27:50 - [TEST_STEP][PASSED] - println("typeOfData:" + typeOfData): null

26-05-2025T08:27:50 - [TEST_STEP][PASSED] - println("todaysDate:" + todaysDate): null

26-05-2025T08:27:50 - [TEST_STEP][PASSED] - Script1742558545601.Autorization(block, nameOfBlock): null

26-05-2025T08:27:50 - [TEST_STEP][PASSED] - i = <not implemented yet for class: org.codehaus.groovy.ast.expr.EmptyExpression>: null

26-05-2025T08:27:50 - [TEST_STEP][PASSED] - ii = <not implemented yet for class: org.codehaus.groovy.ast.expr.EmptyExpression>: null

26-05-2025T08:27:50 - [TEST_STEP][PASSED] - urlData = <not implemented yet for class: org.codehaus.groovy.ast.expr.EmptyExpression>: null

26-05-2025T08:27:50 - [TEST_STEP][PASSED] - searchWord = <not implemented yet for class: org.codehaus.groovy.ast.expr.EmptyExpression>: null

26-05-2025T08:27:50 - [TEST_STEP][PASSED] - urlText = <not implemented yet for class: org.codehaus.groovy.ast.expr.EmptyExpression>: null

26-05-2025T08:27:50 - [TEST_STEP][PASSED] - println("block:" + block): null

26-05-2025T08:27:50 - [TEST_STEP][PASSED] - if (block == 1): null

26-05-2025T08:27:50 - [TEST_STEP][PASSED] - else: null

26-05-2025T08:27:50 - [TEST_STEP][PASSED] - delay(45): Delayed 45 second(s)

26-05-2025T08:28:35 - [MESSAGE][PASSED] - Delayed 45 second(s)

26-05-2025T08:28:35 - [TEST_STEP][PASSED] - nameOfBlock = " Выручка": null

26-05-2025T08:28:35 - [TEST_STEP][PASSED] - println("nameOfBlock:" + nameOfBlock): null

26-05-2025T08:28:35 - [TEST_STEP][PASSED] - if (block == 1): null

26-05-2025T08:28:35 - [TEST_STEP][PASSED] - else: Delayed 45 second(s)

26-05-2025T08:28:35 - [TEST_STEP][PASSED] - urlData = 9: null

26-05-2025T08:28:35 - [TEST_STEP][PASSED] - delay(45): Delayed 45 second(s)

26-05-2025T08:29:20 - [MESSAGE][PASSED] - Delayed 45 second(s)

26-05-2025T08:29:20 - [TEST_STEP][PASSED] - navigateToUrl(findTestData("PlanFact").getValue(10, urlData)): Navigate to 'https://bi.rosseti.digital/viewer?dashboardGuid=a1fd28b3785d443cbc4d7690a1d78e31&sheetGuid=86092a20c5984827a0c87b24cac76a50&fit=true' successfully

26-05-2025T08:29:23 - [MESSAGE][PASSED] - Navigate to 'https://bi.rosseti.digital/viewer?dashboardGuid=a1fd28b3785d443cbc4d7690a1d78e31&sheetGuid=86092a20c5984827a0c87b24cac76a50&fit=true' successfully

26-05-2025T08:29:23 - [TEST_STEP][PASSED] - urlText = getText(findTestObject("Страница авторизации/Text")): Text of object 'Object Repository/Страница авторизации/Text' is: 'Вход'

26-05-2025T08:29:23 - [MESSAGE][PASSED] - Text of object 'Object Repository/Страница авторизации/Text' is: 'Вход'

26-05-2025T08:29:23 - [TEST_STEP][PASSED] - searchWord = "Вход": null

26-05-2025T08:29:23 - [TEST_STEP][PASSED] - if (urlText == null || urlText.contains("ошибка") || urlText.contains(searchWord) == false): null

26-05-2025T08:29:23 - [TEST_STEP][PASSED] - if (verifyElementPresent(findTestObject("Страница авторизации/button_"), 30) == true): null

26-05-2025T08:29:24 - [MESSAGE][PASSED] - Object 'Object Repository/Страница авторизации/button_' is present

26-05-2025T08:29:24 - [TEST_STEP][PASSED] - setText(findTestObject("Страница авторизации/input__username"), findTestData("PlanFact").getValue(8, 1)): Text 'liazgina-di' is set on object 'Object Repository/Страница авторизации/input__username'

26-05-2025T08:29:24 - [MESSAGE][PASSED] - Text 'liazgina-di' is set on object 'Object Repository/Страница авторизации/input__username'

26-05-2025T08:29:24 - [TEST_STEP][PASSED] - setText(findTestObject("Страница авторизации/input__password"), findTestData("PlanFact").getValue(9, 1)): Text ')$%5srZ8o688Dm#q' is set on object 'Object Repository/Страница авторизации/input__password'

26-05-2025T08:29:25 - [MESSAGE][PASSED] - Text ')$%5srZ8o688Dm#q' is set on object 'Object Repository/Страница авторизации/input__password'

26-05-2025T08:29:25 - [TEST_STEP][PASSED] - click(findTestObject("Страница авторизации/button_")): Object: 'Object Repository/Страница авторизации/button_' is clicked on

26-05-2025T08:29:26 - [MESSAGE][PASSED] - Object: 'Object Repository/Страница авторизации/button_' is clicked on

26-05-2025T08:29:26 - [TEST_STEP][PASSED] - delay(45): Delayed 45 second(s)

26-05-2025T08:30:11 - [MESSAGE][PASSED] - Delayed 45 second(s)

26-05-2025T08:30:11 - [TEST_STEP][PASSED] - urlText = getText(findTestObject("Страница авторизации/Text")): Text of object 'Object Repository/Страница авторизации/Text' is: 'Период
Январь, Февраль, Март 2025 года
Выручка
Все
Выполнение плановых показателей по ПАО Россети за Январь, Февраль, Март 2025 года
План
Факт
Динамика
2025 год
0 млн.руб.
50 000 млн.руб.
100 000 млн.руб.
150 000 млн.руб.
200 000 млн.руб.
250 000 млн.руб.
300 000 млн.руб.
350 000 млн.руб.
400 000 млн.руб.
450 000 млн.руб.
500 000 млн.руб.
550 000 млн.руб.
466 800
463 075
↓
ДЗО 
Все
Подписи данных
⬤Отклонение
АО "РЭС"
АО «Тываэнерго»
АО «Чеченэнерго»
Россети Волга
Россети Кубань
Россети Ленэнерго (ГК)
Россети Московский регион
Россети Северный Кавказ (ГК)
Россети Северо-Запад
Россети Сибирь (ГК)
Россети Томск
Россети Тюмень
Россети Урал (ГК)
Россети ФСК ЕЭС
Россети Центр
Россети Центр и Приволжье (ГК)
Россети Юг (ГК)
Россети Янтарь
-4 000 млн.руб.
-3 500 млн.руб.
-3 000 млн.руб.
-2 500 млн.руб.
-2 000 млн.руб.
-1 500 млн.руб.
-1 000 млн.руб.
- 500 млн.руб.
0 млн.руб.
500 млн.руб.
1 000 млн.руб.
1 500 млн.руб.
2 000 млн.руб.
2 500 млн.руб.
3 000 млн.руб.
3 500 млн.руб.
-261
55
-27
-537
786
62
-3 345
-271
-253
876
-57
-2 765
-987
1 670
-805
-905
-11
3 047
млн.
%
Выручка
Отклонение выручки по ПАО Россети за Январь, Февраль, Март 2025 года (факт/план, млн. руб)
ПАО Россети
-3 725.7 млн.руб.
Статус данных
×
Просьба обратить внимание
Данные занесены и согласованы не полностью
ВЫБРАННЫЕ ЗНАЧЕНИЯ ФИЛЬТРОВ
ДЗО | ПЕРИОД
ПАО Россети: [«Выбраны все филиалы по всем ДЗО по всем категориям»]
2025: [Янв, Фев, Мар]
*Внутренний оборот'

26-05-2025T08:30:12 - [MESSAGE][PASSED] - Text of object 'Object Repository/Страница авторизации/Text' is: 'Период
Январь, Февраль, Март 2025 года
Выручка
Все
Выполнение плановых показателей по ПАО Россети за Январь, Февраль, Март 2025 года
План
Факт
Динамика
2025 год
0 млн.руб.
50 000 млн.руб.
100 000 млн.руб.
150 000 млн.руб.
200 000 млн.руб.
250 000 млн.руб.
300 000 млн.руб.
350 000 млн.руб.
400 000 млн.руб.
450 000 млн.руб.
500 000 млн.руб.
550 000 млн.руб.
466 800
463 075
↓
ДЗО 
Все
Подписи данных
⬤Отклонение
АО "РЭС"
АО «Тываэнерго»
АО «Чеченэнерго»
Россети Волга
Россети Кубань
Россети Ленэнерго (ГК)
Россети Московский регион
Россети Северный Кавказ (ГК)
Россети Северо-Запад
Россети Сибирь (ГК)
Россети Томск
Россети Тюмень
Россети Урал (ГК)
Россети ФСК ЕЭС
Россети Центр
Россети Центр и Приволжье (ГК)
Россети Юг (ГК)
Россети Янтарь
-4 000 млн.руб.
-3 500 млн.руб.
-3 000 млн.руб.
-2 500 млн.руб.
-2 000 млн.руб.
-1 500 млн.руб.
-1 000 млн.руб.
- 500 млн.руб.
0 млн.руб.
500 млн.руб.
1 000 млн.руб.
1 500 млн.руб.
2 000 млн.руб.
2 500 млн.руб.
3 000 млн.руб.
3 500 млн.руб.
-261
55
-27
-537
786
62
-3 345
-271
-253
876
-57
-2 765
-987
1 670
-805
-905
-11
3 047
млн.
%
Выручка
Отклонение выручки по ПАО Россети за Январь, Февраль, Март 2025 года (факт/план, млн. руб)
ПАО Россети
-3 725.7 млн.руб.
Статус данных
×
Просьба обратить внимание
Данные занесены и согласованы не полностью
ВЫБРАННЫЕ ЗНАЧЕНИЯ ФИЛЬТРОВ
ДЗО | ПЕРИОД
ПАО Россети: [«Выбраны все филиалы по всем ДЗО по всем категориям»]
2025: [Янв, Фев, Мар]
*Внутренний оборот'

26-05-2025T08:30:12 - [TEST_STEP][PASSED] - searchWord = "а": null

26-05-2025T08:30:12 - [TEST_STEP][PASSED] - if (urlText.contains("ошибка") || urlText.contains(searchWord) == false): null

26-05-2025T08:30:12 - [TEST_STEP][PASSED] - delay(45): Delayed 45 second(s)

26-05-2025T08:30:57 - [MESSAGE][PASSED] - Delayed 45 second(s)

26-05-2025T08:30:57 - [TEST_STEP][PASSED] - if (block == 2): Delayed 50 second(s)

26-05-2025T08:30:57 - [TEST_STEP][PASSED] - opoveshenie = getText(findTestObject("Выручка в рублях/Просьба обратить внимание")): Text of object 'Object Repository/Выручка в рублях/Просьба обратить внимание' is: 'Просьба обратить внимание'

26-05-2025T08:30:57 - [MESSAGE][PASSED] - Text of object 'Object Repository/Выручка в рублях/Просьба обратить внимание' is: 'Просьба обратить внимание'

26-05-2025T08:30:57 - [TEST_STEP][PASSED] - if (opoveshenie == "Просьба обратить внимание"): Delayed 50 second(s)

26-05-2025T08:30:57 - [TEST_STEP][PASSED] - click(findTestObject("Выручка в рублях/Закрыть оповещение")): Object: 'Object Repository/Выручка в рублях/Закрыть оповещение' is clicked on

26-05-2025T08:30:58 - [MESSAGE][PASSED] - Object: 'Object Repository/Выручка в рублях/Закрыть оповещение' is clicked on

26-05-2025T08:30:58 - [TEST_STEP][PASSED] - delay(50): Delayed 50 second(s)

26-05-2025T08:31:48 - [MESSAGE][PASSED] - Delayed 50 second(s)

26-05-2025T08:31:48 - [TEST_STEP][PASSED] - click(findTestObject("Выручка в рублях/Фильтр Период" + nameOfBlock)): Object: 'Object Repository/Выручка в рублях/Фильтр Период Выручка' is clicked on

26-05-2025T08:31:48 - [MESSAGE][PASSED] - Object: 'Object Repository/Выручка в рублях/Фильтр Период Выручка' is clicked on

26-05-2025T08:31:48 - [TEST_STEP][PASSED] - click(findTestObject("Выручка в рублях/Снять выделение в фильтре Дата" + nameOfBlock)): Object: 'Object Repository/Выручка в рублях/Снять выделение в фильтре Дата Выручка' is clicked on

26-05-2025T08:31:49 - [MESSAGE][PASSED] - Object: 'Object Repository/Выручка в рублях/Снять выделение в фильтре Дата Выручка' is clicked on

26-05-2025T08:31:49 - [TEST_STEP][PASSED] - click(findTestObject("Выручка в рублях/Применить в фильтре Дата" + nameOfBlock)): Object: 'Object Repository/Выручка в рублях/Применить в фильтре Дата Выручка' is clicked on

26-05-2025T08:31:49 - [MESSAGE][PASSED] - Object: 'Object Repository/Выручка в рублях/Применить в фильтре Дата Выручка' is clicked on

26-05-2025T08:31:49 - [TEST_STEP][PASSED] - delay(50): Delayed 50 second(s)

26-05-2025T08:32:39 - [MESSAGE][PASSED] - Delayed 50 second(s)

26-05-2025T08:32:39 - [TEST_STEP][PASSED] - click(findTestObject("Выручка в рублях/Фильтр Период" + nameOfBlock)): Object: 'Object Repository/Выручка в рублях/Фильтр Период Выручка' is clicked on

26-05-2025T08:32:39 - [MESSAGE][PASSED] - Object: 'Object Repository/Выручка в рублях/Фильтр Период Выручка' is clicked on

26-05-2025T08:32:39 - [TEST_STEP][PASSED] - click(findTestObject("Выручка в рублях/Снять выделение в фильтре Дата" + nameOfBlock)): Object: 'Object Repository/Выручка в рублях/Снять выделение в фильтре Дата Выручка' is clicked on

26-05-2025T08:32:40 - [MESSAGE][PASSED] - Object: 'Object Repository/Выручка в рублях/Снять выделение в фильтре Дата Выручка' is clicked on

26-05-2025T08:32:40 - [TEST_STEP][PASSED] - scrollToElement(findTestObject("Выручка в рублях/2025 список" + nameOfBlock), 30): Scroll to object 'Object Repository/Выручка в рублях/2025 список Выручка' successfully

26-05-2025T08:32:40 - [MESSAGE][PASSED] - Scroll to object 'Object Repository/Выручка в рублях/2025 список Выручка' successfully

26-05-2025T08:32:40 - [TEST_STEP][PASSED] - click(findTestObject("Выручка в рублях/2025 список" + nameOfBlock)): Object: 'Object Repository/Выручка в рублях/2025 список Выручка' is clicked on

26-05-2025T08:32:41 - [MESSAGE][PASSED] - Object: 'Object Repository/Выручка в рублях/2025 список Выручка' is clicked on

26-05-2025T08:32:41 - [TEST_STEP][PASSED] - scrollToElement(findTestObject("Выручка в рублях/1 квартал 2025 список" + nameOfBlock), 30): Scroll to object 'Object Repository/Выручка в рублях/1 квартал 2025 список Выручка' successfully

26-05-2025T08:32:41 - [MESSAGE][PASSED] - Scroll to object 'Object Repository/Выручка в рублях/1 квартал 2025 список Выручка' successfully

26-05-2025T08:32:41 - [TEST_STEP][PASSED] - click(findTestObject("Выручка в рублях/1 квартал 2025 выбрать" + nameOfBlock)): Object: 'Object Repository/Выручка в рублях/1 квартал 2025 выбрать Выручка' is clicked on

26-05-2025T08:32:41 - [MESSAGE][PASSED] - Object: 'Object Repository/Выручка в рублях/1 квартал 2025 выбрать Выручка' is clicked on

26-05-2025T08:32:41 - [TEST_STEP][PASSED] - scrollToElement(findTestObject("Выручка в рублях/Заголовок дашборда" + nameOfBlock), 30): Scroll to object 'Object Repository/Выручка в рублях/Заголовок дашборда Выручка' successfully

26-05-2025T08:32:42 - [MESSAGE][PASSED] - Scroll to object 'Object Repository/Выручка в рублях/Заголовок дашборда Выручка' successfully

26-05-2025T08:32:42 - [TEST_STEP][PASSED] - click(findTestObject("Выручка в рублях/Применить в фильтре Дата" + nameOfBlock)): Object: 'Object Repository/Выручка в рублях/Применить в фильтре Дата Выручка' is clicked on

26-05-2025T08:32:42 - [MESSAGE][PASSED] - Object: 'Object Repository/Выручка в рублях/Применить в фильтре Дата Выручка' is clicked on

26-05-2025T08:32:42 - [TEST_STEP][PASSED] - delay(55): Delayed 55 second(s)

26-05-2025T08:33:37 - [MESSAGE][PASSED] - Delayed 55 second(s)

26-05-2025T08:33:37 - [TEST_STEP][PASSED] - click(findTestObject("Выручка в рублях/Фильтр ДЗО" + nameOfBlock)): Object: 'Object Repository/Выручка в рублях/Фильтр ДЗО Выручка' is clicked on

26-05-2025T08:33:38 - [MESSAGE][PASSED] - Object: 'Object Repository/Выручка в рублях/Фильтр ДЗО Выручка' is clicked on

26-05-2025T08:33:38 - [TEST_STEP][PASSED] - click(findTestObject("Выручка в рублях/Снять выделение в фильтре ДЗО" + nameOfBlock)): Object: 'Object Repository/Выручка в рублях/Снять выделение в фильтре ДЗО Выручка' is clicked on

26-05-2025T08:33:38 - [MESSAGE][PASSED] - Object: 'Object Repository/Выручка в рублях/Снять выделение в фильтре ДЗО Выручка' is clicked on

26-05-2025T08:33:38 - [TEST_STEP][PASSED] - click(findTestObject("Выручка в рублях/Применить в фильтре ДЗО" + nameOfBlock)): Object: 'Object Repository/Выручка в рублях/Применить в фильтре ДЗО Выручка' is clicked on

26-05-2025T08:33:39 - [MESSAGE][PASSED] - Object: 'Object Repository/Выручка в рублях/Применить в фильтре ДЗО Выручка' is clicked on

26-05-2025T08:33:39 - [TEST_STEP][PASSED] - delay(50): Delayed 50 second(s)

26-05-2025T08:34:29 - [MESSAGE][PASSED] - Delayed 50 second(s)

26-05-2025T08:34:29 - [TEST_STEP][PASSED] - Script1742558545601.Tumbler(run, vir, block, nameOfBlock): null

26-05-2025T08:34:29 - [TEST_STEP][PASSED] - println("run:" + run): null

26-05-2025T08:34:29 - [TEST_STEP][PASSED] - println("vir:" + vir): null

26-05-2025T08:34:29 - [TEST_STEP][PASSED] - println("block:" + block): null

26-05-2025T08:34:29 - [TEST_STEP][PASSED] - println("nameOfBlock:" + nameOfBlock): null

26-05-2025T08:34:29 - [TEST_STEP][PASSED] - if (vir == 1): Object: 'Object Repository/Выручка в рублях/Переключить отображение с млн на проценты Выручка в рублях Выручка' is clicked on

26-05-2025T08:34:29 - [TEST_STEP][PASSED] - if (run == 2): Object: 'Object Repository/Выручка в рублях/Переключить отображение с млн на проценты Выручка в рублях Выручка' is clicked on

26-05-2025T08:34:29 - [TEST_STEP][PASSED] - click(findTestObject("Выручка в рублях/Переключить отображение с млн на проценты Выручка в рублях" + nameOfBlock)): Object: 'Object Repository/Выручка в рублях/Переключить отображение с млн на проценты Выручка в рублях Выручка' is clicked on

26-05-2025T08:34:29 - [MESSAGE][PASSED] - Object: 'Object Repository/Выручка в рублях/Переключить отображение с млн на проценты Выручка в рублях Выручка' is clicked on

26-05-2025T08:34:29 - [TEST_STEP][PASSED] - click(findTestObject("Выручка в рублях/Фильтр ДЗО" + nameOfBlock)): Object: 'Object Repository/Выручка в рублях/Фильтр ДЗО Выручка' is clicked on

26-05-2025T08:34:30 - [MESSAGE][PASSED] - Object: 'Object Repository/Выручка в рублях/Фильтр ДЗО Выручка' is clicked on

26-05-2025T08:34:30 - [TEST_STEP][PASSED] - Script1742558545601.Rosseti(nameOfBlock): null

26-05-2025T08:34:30 - [TEST_STEP][PASSED] - println("nameOfBlock:" + nameOfBlock): null

26-05-2025T08:34:30 - [TEST_STEP][PASSED] - click(findTestObject("Выручка в рублях/ПАО Россети" + nameOfBlock)): Object: 'Object Repository/Выручка в рублях/ПАО Россети Выручка' is clicked on

26-05-2025T08:34:30 - [MESSAGE][PASSED] - Object: 'Object Repository/Выручка в рублях/ПАО Россети Выручка' is clicked on

26-05-2025T08:34:30 - [TEST_STEP][PASSED] - click(findTestObject("Выручка в рублях/Применить в фильтре ДЗО" + nameOfBlock)): Object: 'Object Repository/Выручка в рублях/Применить в фильтре ДЗО Выручка' is clicked on

26-05-2025T08:34:31 - [MESSAGE][PASSED] - Object: 'Object Repository/Выручка в рублях/Применить в фильтре ДЗО Выручка' is clicked on

26-05-2025T08:34:31 - [TEST_STEP][PASSED] - if (vir == 1 || vir == 2): Text of object 'Object Repository/Выручка в рублях/График План Выручка' is: '466 800'

26-05-2025T08:34:31 - [TEST_STEP][PASSED] - b1 = getText(findTestObject("Выручка в рублях/График План Выручка")): Text of object 'Object Repository/Выручка в рублях/График План Выручка' is: '466 800'

26-05-2025T08:34:33 - [MESSAGE][PASSED] - Text of object 'Object Repository/Выручка в рублях/График План Выручка' is: '466 800'

26-05-2025T08:34:33 - [TEST_STEP][PASSED] - if (vir == 1 || vir == 2): Text of object 'Object Repository/Выручка в рублях/График Факт Выручка' is: '463 075'

26-05-2025T08:34:33 - [TEST_STEP][PASSED] - b2 = getText(findTestObject("Выручка в рублях/График Факт Выручка")): Text of object 'Object Repository/Выручка в рублях/График Факт Выручка' is: '463 075'

26-05-2025T08:34:33 - [MESSAGE][PASSED] - Text of object 'Object Repository/Выручка в рублях/График Факт Выручка' is: '463 075'

26-05-2025T08:34:33 - [TEST_STEP][PASSED] - b30 = getText(findTestObject("Выручка в рублях/span1" + perc)): Text of object 'Object Repository/Выручка в рублях/span1 Perc' is: '-0.8 %'

26-05-2025T08:34:33 - [MESSAGE][PASSED] - Text of object 'Object Repository/Выручка в рублях/span1 Perc' is: '-0.8 %'

26-05-2025T08:34:33 - [TEST_STEP][PASSED] - i = b30.indexOf("млн.руб."): null

26-05-2025T08:34:33 - [TEST_STEP][PASSED] - if (i > -1): null

26-05-2025T08:34:33 - [TEST_STEP][PASSED] - if (b30.contains("%")): null

26-05-2025T08:34:33 - [TEST_STEP][PASSED] - b30 = b30.replaceAll("%", ""): null

26-05-2025T08:34:33 - [TEST_STEP][PASSED] - b30 = ").trim(): null

26-05-2025T08:34:33 - [TEST_STEP][PASSED] - println("b30: " + b30): null

26-05-2025T08:34:33 - [TEST_STEP][PASSED] - if (vir == 1): Text of object 'Object Repository/Выручка в рублях/span19 Perc' is: ''

26-05-2025T08:34:33 - [TEST_STEP][PASSED] - b31 = ").trim(): Text of object 'Object Repository/Выручка в рублях/span2 Perc' is: '-3.9 %'

26-05-2025T08:34:34 - [MESSAGE][PASSED] - Text of object 'Object Repository/Выручка в рублях/span2 Perc' is: '-3.9 %'

26-05-2025T08:34:34 - [TEST_STEP][PASSED] - b32 = ").trim(): Text of object 'Object Repository/Выручка в рублях/span3 Perc' is: '7.4 %'

26-05-2025T08:34:34 - [MESSAGE][PASSED] - Text of object 'Object Repository/Выручка в рублях/span3 Perc' is: '7.4 %'

26-05-2025T08:34:34 - [TEST_STEP][PASSED] - b33 = ").trim(): Text of object 'Object Repository/Выручка в рублях/span4 Perc' is: '-1.94 %'

26-05-2025T08:34:34 - [MESSAGE][PASSED] - Text of object 'Object Repository/Выручка в рублях/span4 Perc' is: '-1.94 %'

26-05-2025T08:34:34 - [TEST_STEP][PASSED] - b34 = ").trim(): Text of object 'Object Repository/Выручка в рублях/span5 Perc' is: '-1.71 %'

26-05-2025T08:34:34 - [MESSAGE][PASSED] - Text of object 'Object Repository/Выручка в рублях/span5 Perc' is: '-1.71 %'

26-05-2025T08:34:34 - [TEST_STEP][PASSED] - b35 = ").trim(): Text of object 'Object Repository/Выручка в рублях/span6 Perc' is: '3.65 %'

26-05-2025T08:34:35 - [MESSAGE][PASSED] - Text of object 'Object Repository/Выручка в рублях/span6 Perc' is: '3.65 %'

26-05-2025T08:34:35 - [TEST_STEP][PASSED] - b36 = ").trim(): Text of object 'Object Repository/Выручка в рублях/span7 Perc' is: '0.19 %'

26-05-2025T08:34:35 - [MESSAGE][PASSED] - Text of object 'Object Repository/Выручка в рублях/span7 Perc' is: '0.19 %'

26-05-2025T08:34:35 - [TEST_STEP][PASSED] - b37 = ").trim(): Text of object 'Object Repository/Выручка в рублях/span8 Perc' is: '-5.06 %'

26-05-2025T08:34:35 - [MESSAGE][PASSED] - Text of object 'Object Repository/Выручка в рублях/span8 Perc' is: '-5.06 %'

26-05-2025T08:34:35 - [TEST_STEP][PASSED] - b38 = ").trim(): Text of object 'Object Repository/Выручка в рублях/span9 Perc' is: '-2.25 %'

26-05-2025T08:34:36 - [MESSAGE][PASSED] - Text of object 'Object Repository/Выручка в рублях/span9 Perc' is: '-2.25 %'

26-05-2025T08:34:36 - [TEST_STEP][PASSED] - b39 = ").trim(): Text of object 'Object Repository/Выручка в рублях/span10 Perc' is: '-1.28 %'

26-05-2025T08:34:36 - [MESSAGE][PASSED] - Text of object 'Object Repository/Выручка в рублях/span10 Perc' is: '-1.28 %'

26-05-2025T08:34:36 - [TEST_STEP][PASSED] - b310 = ").trim(): Text of object 'Object Repository/Выручка в рублях/span11 Perc' is: '2.77 %'

26-05-2025T08:34:36 - [MESSAGE][PASSED] - Text of object 'Object Repository/Выручка в рублях/span11 Perc' is: '2.77 %'

26-05-2025T08:34:36 - [TEST_STEP][PASSED] - b311 = ").trim(): Text of object 'Object Repository/Выручка в рублях/span12 Perc' is: '-1.88 %'

26-05-2025T08:34:36 - [MESSAGE][PASSED] - Text of object 'Object Repository/Выручка в рублях/span12 Perc' is: '-1.88 %'

26-05-2025T08:34:36 - [TEST_STEP][PASSED] - b312 = ").trim(): Text of object 'Object Repository/Выручка в рублях/span13 Perc' is: '-9.44 %'

26-05-2025T08:34:37 - [MESSAGE][PASSED] - Text of object 'Object Repository/Выручка в рублях/span13 Perc' is: '-9.44 %'

26-05-2025T08:34:37 - [TEST_STEP][PASSED] - b313 = ").trim(): Text of object 'Object Repository/Выручка в рублях/span14 Perc' is: '-3.15 %'

26-05-2025T08:34:37 - [MESSAGE][PASSED] - Text of object 'Object Repository/Выручка в рублях/span14 Perc' is: '-3.15 %'

26-05-2025T08:34:37 - [TEST_STEP][PASSED] - b314 = ").trim(): Text of object 'Object Repository/Выручка в рублях/span15 Perc' is: '1.98 %'

26-05-2025T08:34:37 - [MESSAGE][PASSED] - Text of object 'Object Repository/Выручка в рублях/span15 Perc' is: '1.98 %'

26-05-2025T08:34:37 - [TEST_STEP][PASSED] - b315 = ").trim(): Text of object 'Object Repository/Выручка в рублях/span16 Perc' is: '-2.23 %'

26-05-2025T08:34:37 - [MESSAGE][PASSED] - Text of object 'Object Repository/Выручка в рублях/span16 Perc' is: '-2.23 %'

26-05-2025T08:34:37 - [TEST_STEP][PASSED] - b316 = ").trim(): Text of object 'Object Repository/Выручка в рублях/span17 Perc' is: '-2.34 %'

26-05-2025T08:34:38 - [MESSAGE][PASSED] - Text of object 'Object Repository/Выручка в рублях/span17 Perc' is: '-2.34 %'

26-05-2025T08:34:38 - [TEST_STEP][PASSED] - b317 = ").trim(): Text of object 'Object Repository/Выручка в рублях/span18 Perc' is: '-0.05 %'

26-05-2025T08:34:38 - [MESSAGE][PASSED] - Text of object 'Object Repository/Выручка в рублях/span18 Perc' is: '-0.05 %'

26-05-2025T08:34:38 - [TEST_STEP][PASSED] - b318 = ").trim(): Text of object 'Object Repository/Выручка в рублях/span19 Perc' is: ''

26-05-2025T08:34:38 - [MESSAGE][PASSED] - Text of object 'Object Repository/Выручка в рублях/span19 Perc' is: ''

26-05-2025T08:34:38 - [TEST_STEP][PASSED] - dZO = "ПАО Россети": null

26-05-2025T08:34:38 - [TEST_STEP][PASSED] - if (verifyEqual(a1, b1) == false): Actual object '466 800' and expected object '466 800' are equal

26-05-2025T08:34:38 - [MESSAGE][PASSED] - Actual object '466 800' and expected object '466 800' are equal

26-05-2025T08:34:38 - [TEST_STEP][PASSED] - if (verifyEqual(a2, b2) == false): Actual object '463 075' and expected object '463 075' are equal

26-05-2025T08:34:38 - [MESSAGE][PASSED] - Actual object '463 075' and expected object '463 075' are equal

26-05-2025T08:34:38 - [TEST_STEP][PASSED] - vidget = "Отклонения": null

26-05-2025T08:34:38 - [TEST_STEP][PASSED] - if (verifyEqual(a30, b30) == false): Actual object '-0.8' and expected object '-0.8' are equal

26-05-2025T08:34:38 - [MESSAGE][PASSED] - Actual object '-0.8' and expected object '-0.8' are equal

26-05-2025T08:34:38 - [TEST_STEP][PASSED] - dZO = "АО «РЭС»": null

26-05-2025T08:34:38 - [TEST_STEP][PASSED] - if (verifyEqual(a31, b31) == false): Actual object '-3.9' and expected object '-3.9' are equal

26-05-2025T08:34:38 - [MESSAGE][PASSED] - Actual object '-3.9' and expected object '-3.9' are equal

26-05-2025T08:34:38 - [TEST_STEP][PASSED] - dZO = "АО «Тываэнерго»": null

26-05-2025T08:34:38 - [TEST_STEP][PASSED] - if (verifyEqual(a32, b32) == false): Actual object '7.4' and expected object '7.4' are equal

26-05-2025T08:34:38 - [MESSAGE][PASSED] - Actual object '7.4' and expected object '7.4' are equal

26-05-2025T08:34:38 - [TEST_STEP][PASSED] - dZO = "АО «Чеченэнерго»": null

26-05-2025T08:34:38 - [TEST_STEP][PASSED] - if (verifyEqual(a33, b33) == false): Actual object '-1.94' and expected object '-1.94' are equal

26-05-2025T08:34:38 - [MESSAGE][PASSED] - Actual object '-1.94' and expected object '-1.94' are equal

26-05-2025T08:34:38 - [TEST_STEP][PASSED] - dZO = "Россети Волга": null

26-05-2025T08:34:38 - [TEST_STEP][PASSED] - if (verifyEqual(a34, b34) == false): Actual object '-1.71' and expected object '-1.71' are equal

26-05-2025T08:34:38 - [MESSAGE][PASSED] - Actual object '-1.71' and expected object '-1.71' are equal

26-05-2025T08:34:38 - [TEST_STEP][PASSED] - dZO = "Россети Кубань": null

26-05-2025T08:34:38 - [TEST_STEP][PASSED] - if (verifyEqual(a35, b35) == false): Actual object '3.65' and expected object '3.65' are equal

26-05-2025T08:34:38 - [MESSAGE][PASSED] - Actual object '3.65' and expected object '3.65' are equal

26-05-2025T08:34:38 - [TEST_STEP][PASSED] - dZO = "Россети Ленэнерго (ГК)": null

26-05-2025T08:34:38 - [TEST_STEP][PASSED] - if (verifyEqual(a36, b36) == false): Actual object '0.19' and expected object '0.19' are equal

26-05-2025T08:34:38 - [MESSAGE][PASSED] - Actual object '0.19' and expected object '0.19' are equal

26-05-2025T08:34:38 - [TEST_STEP][PASSED] - dZO = "Россети Московский регион": null

26-05-2025T08:34:38 - [TEST_STEP][PASSED] - if (verifyEqual(a37, b37) == false): Actual object '-5.06' and expected object '-5.06' are equal

26-05-2025T08:34:38 - [MESSAGE][PASSED] - Actual object '-5.06' and expected object '-5.06' are equal

26-05-2025T08:34:38 - [TEST_STEP][PASSED] - dZO = "Россети Северный Кавказ (ГК)": null

26-05-2025T08:34:38 - [TEST_STEP][PASSED] - if (verifyEqual(a38, b38) == false): Actual object '-2.25' and expected object '-2.25' are equal

26-05-2025T08:34:38 - [MESSAGE][PASSED] - Actual object '-2.25' and expected object '-2.25' are equal

26-05-2025T08:34:38 - [TEST_STEP][PASSED] - dZO = "Россети Северо-Запад": null

26-05-2025T08:34:38 - [TEST_STEP][PASSED] - if (verifyEqual(a39, b39) == false): Actual object '-1.28' and expected object '-1.28' are equal

26-05-2025T08:34:38 - [MESSAGE][PASSED] - Actual object '-1.28' and expected object '-1.28' are equal

26-05-2025T08:34:38 - [TEST_STEP][PASSED] - dZO = "Россети Сибирь (ГК)": null

26-05-2025T08:34:38 - [TEST_STEP][PASSED] - if (verifyEqual(a310, b310) == false): Actual object '2.77' and expected object '2.77' are equal

26-05-2025T08:34:38 - [MESSAGE][PASSED] - Actual object '2.77' and expected object '2.77' are equal

26-05-2025T08:34:38 - [TEST_STEP][PASSED] - dZO = "Россети Томск": null

26-05-2025T08:34:38 - [TEST_STEP][PASSED] - if (verifyEqual(a311, b311) == false): Actual object '-1.88' and expected object '-1.88' are equal

26-05-2025T08:34:38 - [MESSAGE][PASSED] - Actual object '-1.88' and expected object '-1.88' are equal

26-05-2025T08:34:38 - [TEST_STEP][PASSED] - dZO = "Россети Тюмень": null

26-05-2025T08:34:38 - [TEST_STEP][PASSED] - if (verifyEqual(a312, b312) == false): Actual object '-9.44' and expected object '-9.44' are equal

26-05-2025T08:34:38 - [MESSAGE][PASSED] - Actual object '-9.44' and expected object '-9.44' are equal

26-05-2025T08:34:38 - [TEST_STEP][PASSED] - dZO = "Россети Урал (ГК)": null

26-05-2025T08:34:38 - [TEST_STEP][PASSED] - if (verifyEqual(a313, b313) == false): Actual object '-3.15' and expected object '-3.15' are equal

26-05-2025T08:34:38 - [MESSAGE][PASSED] - Actual object '-3.15' and expected object '-3.15' are equal

26-05-2025T08:34:38 - [TEST_STEP][PASSED] - dZO = "Россети ФСК ЕЭС": null

26-05-2025T08:34:38 - [TEST_STEP][PASSED] - if (verifyEqual(a314, b314) == false): Actual object '1.98' and expected object '1.98' are equal

26-05-2025T08:34:38 - [MESSAGE][PASSED] - Actual object '1.98' and expected object '1.98' are equal

26-05-2025T08:34:38 - [TEST_STEP][PASSED] - dZO = "Россети Центр": null

26-05-2025T08:34:38 - [TEST_STEP][PASSED] - if (verifyEqual(a315, b315) == false): Actual object '-2.23' and expected object '-2.23' are equal

26-05-2025T08:34:38 - [MESSAGE][PASSED] - Actual object '-2.23' and expected object '-2.23' are equal

26-05-2025T08:34:38 - [TEST_STEP][PASSED] - dZO = "Россети Центр и Приволжье (ГК)": null

26-05-2025T08:34:38 - [TEST_STEP][PASSED] - if (verifyEqual(a316, b316) == false): Actual object '-2.34' and expected object '-2.34' are equal

26-05-2025T08:34:38 - [MESSAGE][PASSED] - Actual object '-2.34' and expected object '-2.34' are equal

26-05-2025T08:34:38 - [TEST_STEP][PASSED] - dZO = "Россети Юг (ГК)": null

26-05-2025T08:34:38 - [TEST_STEP][PASSED] - if (verifyEqual(a317, b317) == false): Actual object '-0.05' and expected object '-0.05' are equal

26-05-2025T08:34:38 - [MESSAGE][PASSED] - Actual object '-0.05' and expected object '-0.05' are equal

26-05-2025T08:34:38 - [TEST_STEP][PASSED] - dZO = "Россети Янтарь": null

26-05-2025T08:34:38 - [TEST_STEP][PASSED] - if (verifyEqual(a318, b318) == false): Actual object '' and expected object '' are equal

26-05-2025T08:34:38 - [MESSAGE][PASSED] - Actual object '' and expected object '' are equal

26-05-2025T08:34:38 - [TEST_STEP][PASSED] - closeBrowser(): null

26-05-2025T08:34:39 - [MESSAGE][PASSED] - Browser is closed

26-05-2025T08:34:39 - [TEST_STEP][PASSED] - Script1742558545601.Blocks(run, vir, block, nameOfBlock, typeOfData, viruchka, vidget, todaysDate, a, b, dZO, x, y): null

26-05-2025T08:34:39 - [TEST_STEP][PASSED] - i = <not implemented yet for class: org.codehaus.groovy.ast.expr.EmptyExpression>: null

26-05-2025T08:34:39 - [TEST_STEP][PASSED] - perc = "": null

26-05-2025T08:34:39 - [TEST_STEP][PASSED] - a1 = <not implemented yet for class: org.codehaus.groovy.ast.expr.EmptyExpression>: null

26-05-2025T08:34:39 - [TEST_STEP][PASSED] - a2 = <not implemented yet for class: org.codehaus.groovy.ast.expr.EmptyExpression>: null

26-05-2025T08:34:39 - [TEST_STEP][PASSED] - a30 = <not implemented yet for class: org.codehaus.groovy.ast.expr.EmptyExpression>: null

26-05-2025T08:34:39 - [TEST_STEP][PASSED] - a31 = <not implemented yet for class: org.codehaus.groovy.ast.expr.EmptyExpression>: null

26-05-2025T08:34:39 - [TEST_STEP][PASSED] - a32 = <not implemented yet for class: org.codehaus.groovy.ast.expr.EmptyExpression>: null

26-05-2025T08:34:39 - [TEST_STEP][PASSED] - a33 = <not implemented yet for class: org.codehaus.groovy.ast.expr.EmptyExpression>: null

26-05-2025T08:34:39 - [TEST_STEP][PASSED] - a34 = <not implemented yet for class: org.codehaus.groovy.ast.expr.EmptyExpression>: null

26-05-2025T08:34:39 - [TEST_STEP][PASSED] - a35 = <not implemented yet for class: org.codehaus.groovy.ast.expr.EmptyExpression>: null

26-05-2025T08:34:39 - [TEST_STEP][PASSED] - a36 = <not implemented yet for class: org.codehaus.groovy.ast.expr.EmptyExpression>: null

26-05-2025T08:34:39 - [TEST_STEP][PASSED] - a37 = <not implemented yet for class: org.codehaus.groovy.ast.expr.EmptyExpression>: null

26-05-2025T08:34:39 - [TEST_STEP][PASSED] - a38 = <not implemented yet for class: org.codehaus.groovy.ast.expr.EmptyExpression>: null

26-05-2025T08:34:39 - [TEST_STEP][PASSED] - a39 = <not implemented yet for class: org.codehaus.groovy.ast.expr.EmptyExpression>: null

26-05-2025T08:34:39 - [TEST_STEP][PASSED] - a310 = <not implemented yet for class: org.codehaus.groovy.ast.expr.EmptyExpression>: null

26-05-2025T08:34:39 - [TEST_STEP][PASSED] - a311 = <not implemented yet for class: org.codehaus.groovy.ast.expr.EmptyExpression>: null

26-05-2025T08:34:39 - [TEST_STEP][PASSED] - a312 = <not implemented yet for class: org.codehaus.groovy.ast.expr.EmptyExpression>: null

26-05-2025T08:34:39 - [TEST_STEP][PASSED] - a313 = <not implemented yet for class: org.codehaus.groovy.ast.expr.EmptyExpression>: null

26-05-2025T08:34:39 - [TEST_STEP][PASSED] - a314 = <not implemented yet for class: org.codehaus.groovy.ast.expr.EmptyExpression>: null

26-05-2025T08:34:39 - [TEST_STEP][PASSED] - a315 = <not implemented yet for class: org.codehaus.groovy.ast.expr.EmptyExpression>: null

26-05-2025T08:34:39 - [TEST_STEP][PASSED] - a316 = <not implemented yet for class: org.codehaus.groovy.ast.expr.EmptyExpression>: null

26-05-2025T08:34:39 - [TEST_STEP][PASSED] - a317 = <not implemented yet for class: org.codehaus.groovy.ast.expr.EmptyExpression>: null

26-05-2025T08:34:39 - [TEST_STEP][PASSED] - a318 = <not implemented yet for class: org.codehaus.groovy.ast.expr.EmptyExpression>: null

26-05-2025T08:34:39 - [TEST_STEP][PASSED] - b1 = <not implemented yet for class: org.codehaus.groovy.ast.expr.EmptyExpression>: null

26-05-2025T08:34:39 - [TEST_STEP][PASSED] - b2 = <not implemented yet for class: org.codehaus.groovy.ast.expr.EmptyExpression>: null

26-05-2025T08:34:39 - [TEST_STEP][PASSED] - b30 = <not implemented yet for class: org.codehaus.groovy.ast.expr.EmptyExpression>: null

26-05-2025T08:34:39 - [TEST_STEP][PASSED] - b31 = <not implemented yet for class: org.codehaus.groovy.ast.expr.EmptyExpression>: null

26-05-2025T08:34:39 - [TEST_STEP][PASSED] - b32 = <not implemented yet for class: org.codehaus.groovy.ast.expr.EmptyExpression>: null

26-05-2025T08:34:39 - [TEST_STEP][PASSED] - b33 = <not implemented yet for class: org.codehaus.groovy.ast.expr.EmptyExpression>: null

26-05-2025T08:34:39 - [TEST_STEP][PASSED] - b34 = <not implemented yet for class: org.codehaus.groovy.ast.expr.EmptyExpression>: null

26-05-2025T08:34:39 - [TEST_STEP][PASSED] - b35 = <not implemented yet for class: org.codehaus.groovy.ast.expr.EmptyExpression>: null

26-05-2025T08:34:39 - [TEST_STEP][PASSED] - b36 = <not implemented yet for class: org.codehaus.groovy.ast.expr.EmptyExpression>: null

26-05-2025T08:34:39 - [TEST_STEP][PASSED] - b37 = <not implemented yet for class: org.codehaus.groovy.ast.expr.EmptyExpression>: null

26-05-2025T08:34:39 - [TEST_STEP][PASSED] - b38 = <not implemented yet for class: org.codehaus.groovy.ast.expr.EmptyExpression>: null

26-05-2025T08:34:39 - [TEST_STEP][PASSED] - b39 = <not implemented yet for class: org.codehaus.groovy.ast.expr.EmptyExpression>: null

26-05-2025T08:34:39 - [TEST_STEP][PASSED] - b310 = <not implemented yet for class: org.codehaus.groovy.ast.expr.EmptyExpression>: null

26-05-2025T08:34:39 - [TEST_STEP][PASSED] - b311 = <not implemented yet for class: org.codehaus.groovy.ast.expr.EmptyExpression>: null

26-05-2025T08:34:39 - [TEST_STEP][PASSED] - b312 = <not implemented yet for class: org.codehaus.groovy.ast.expr.EmptyExpression>: null

26-05-2025T08:34:39 - [TEST_STEP][PASSED] - b313 = <not implemented yet for class: org.codehaus.groovy.ast.expr.EmptyExpression>: null

26-05-2025T08:34:39 - [TEST_STEP][PASSED] - b314 = <not implemented yet for class: org.codehaus.groovy.ast.expr.EmptyExpression>: null

26-05-2025T08:34:39 - [TEST_STEP][PASSED] - b315 = <not implemented yet for class: org.codehaus.groovy.ast.expr.EmptyExpression>: null

26-05-2025T08:34:39 - [TEST_STEP][PASSED] - b316 = <not implemented yet for class: org.codehaus.groovy.ast.expr.EmptyExpression>: null

26-05-2025T08:34:39 - [TEST_STEP][PASSED] - b317 = <not implemented yet for class: org.codehaus.groovy.ast.expr.EmptyExpression>: null

26-05-2025T08:34:39 - [TEST_STEP][PASSED] - b318 = <not implemented yet for class: org.codehaus.groovy.ast.expr.EmptyExpression>: null

26-05-2025T08:34:39 - [TEST_STEP][PASSED] - block = 1: null

26-05-2025T08:34:39 - [TEST_STEP][PASSED] - nameOfBlock = "": null

26-05-2025T08:34:39 - [TEST_STEP][PASSED] - Script1742558545601.PreSettings(run, vir, block, nameOfBlock, typeOfData, todaysDate): null

26-05-2025T08:34:39 - [TEST_STEP][PASSED] - openBrowser(""): Browser is opened with url: ''

26-05-2025T08:34:39 - [MESSAGE][INFO] - Starting 'Chrome' driver

26-05-2025T08:34:39 - [MESSAGE][INFO] - Action delay is set to 0 milliseconds

26-05-2025T08:34:39 - [MESSAGE][PASSED] - Browser is opened with url: ''

26-05-2025T08:34:39 - [TEST_STEP][PASSED] - refresh(): Refresh successfully

26-05-2025T08:34:40 - [MESSAGE][PASSED] - Refresh successfully

26-05-2025T08:34:40 - [TEST_STEP][PASSED] - delay(50): Delayed 50 second(s)

26-05-2025T08:35:30 - [MESSAGE][PASSED] - Delayed 50 second(s)

26-05-2025T08:35:30 - [TEST_STEP][PASSED] - println("run:" + run): null

26-05-2025T08:35:30 - [TEST_STEP][PASSED] - println("vir:" + vir): null

26-05-2025T08:35:30 - [TEST_STEP][PASSED] - println("block:" + block): null

26-05-2025T08:35:30 - [TEST_STEP][PASSED] - if (block == 1): null

26-05-2025T08:35:30 - [TEST_STEP][PASSED] - nameOfBlock = "": null

26-05-2025T08:35:30 - [TEST_STEP][PASSED] - println("nameOfBlock:" + nameOfBlock): null

26-05-2025T08:35:30 - [TEST_STEP][PASSED] - println("typeOfData:" + typeOfData): null

26-05-2025T08:35:30 - [TEST_STEP][PASSED] - println("todaysDate:" + todaysDate): null

26-05-2025T08:35:30 - [TEST_STEP][PASSED] - Script1742558545601.Autorization(block, nameOfBlock): null

26-05-2025T08:35:30 - [TEST_STEP][PASSED] - i = <not implemented yet for class: org.codehaus.groovy.ast.expr.EmptyExpression>: null

26-05-2025T08:35:30 - [TEST_STEP][PASSED] - ii = <not implemented yet for class: org.codehaus.groovy.ast.expr.EmptyExpression>: null

26-05-2025T08:35:30 - [TEST_STEP][PASSED] - urlData = <not implemented yet for class: org.codehaus.groovy.ast.expr.EmptyExpression>: null

26-05-2025T08:35:30 - [TEST_STEP][PASSED] - searchWord = <not implemented yet for class: org.codehaus.groovy.ast.expr.EmptyExpression>: null

26-05-2025T08:35:30 - [TEST_STEP][PASSED] - urlText = <not implemented yet for class: org.codehaus.groovy.ast.expr.EmptyExpression>: null

26-05-2025T08:35:30 - [TEST_STEP][PASSED] - println("block:" + block): null

26-05-2025T08:35:30 - [TEST_STEP][PASSED] - if (block == 1): null

26-05-2025T08:35:30 - [TEST_STEP][PASSED] - nameOfBlock = "": null

26-05-2025T08:35:30 - [TEST_STEP][PASSED] - println("nameOfBlock:" + nameOfBlock): null

26-05-2025T08:35:30 - [TEST_STEP][PASSED] - if (block == 1): Delayed 45 second(s)

26-05-2025T08:35:30 - [TEST_STEP][PASSED] - urlData = 2: null

26-05-2025T08:35:30 - [TEST_STEP][PASSED] - delay(45): Delayed 45 second(s)

26-05-2025T08:36:15 - [MESSAGE][PASSED] - Delayed 45 second(s)

26-05-2025T08:36:15 - [TEST_STEP][PASSED] - navigateToUrl(findTestData("PlanFact").getValue(10, urlData)): Navigate to 'https://bi.rosseti.digital/viewer?dashboardGuid=2301950b23be4ed89c1df75f2020051e&sheetGuid=b723206f698544fb87299f3095c00435&fit=true' successfully

26-05-2025T08:36:17 - [MESSAGE][PASSED] - Navigate to 'https://bi.rosseti.digital/viewer?dashboardGuid=2301950b23be4ed89c1df75f2020051e&sheetGuid=b723206f698544fb87299f3095c00435&fit=true' successfully

26-05-2025T08:36:17 - [TEST_STEP][PASSED] - urlText = getText(findTestObject("Страница авторизации/Text")): Text of object 'Object Repository/Страница авторизации/Text' is: 'Вход'

26-05-2025T08:36:17 - [MESSAGE][PASSED] - Text of object 'Object Repository/Страница авторизации/Text' is: 'Вход'

26-05-2025T08:36:17 - [TEST_STEP][PASSED] - searchWord = "Вход": null

26-05-2025T08:36:17 - [TEST_STEP][PASSED] - if (urlText == null || urlText.contains("ошибка") || urlText.contains(searchWord) == false): null

26-05-2025T08:36:17 - [TEST_STEP][PASSED] - if (verifyElementPresent(findTestObject("Страница авторизации/button_"), 30) == true): null

26-05-2025T08:36:18 - [MESSAGE][PASSED] - Object 'Object Repository/Страница авторизации/button_' is present

26-05-2025T08:36:18 - [TEST_STEP][PASSED] - setText(findTestObject("Страница авторизации/input__username"), findTestData("PlanFact").getValue(8, 1)): Text 'liazgina-di' is set on object 'Object Repository/Страница авторизации/input__username'

26-05-2025T08:36:18 - [MESSAGE][PASSED] - Text 'liazgina-di' is set on object 'Object Repository/Страница авторизации/input__username'

26-05-2025T08:36:18 - [TEST_STEP][PASSED] - setText(findTestObject("Страница авторизации/input__password"), findTestData("PlanFact").getValue(9, 1)): Text ')$%5srZ8o688Dm#q' is set on object 'Object Repository/Страница авторизации/input__password'

26-05-2025T08:36:19 - [MESSAGE][PASSED] - Text ')$%5srZ8o688Dm#q' is set on object 'Object Repository/Страница авторизации/input__password'

26-05-2025T08:36:19 - [TEST_STEP][PASSED] - click(findTestObject("Страница авторизации/button_")): Object: 'Object Repository/Страница авторизации/button_' is clicked on

26-05-2025T08:36:22 - [MESSAGE][PASSED] - Object: 'Object Repository/Страница авторизации/button_' is clicked on

26-05-2025T08:36:22 - [TEST_STEP][PASSED] - delay(45): Delayed 45 second(s)

26-05-2025T08:37:07 - [MESSAGE][PASSED] - Delayed 45 second(s)

26-05-2025T08:37:07 - [TEST_STEP][PASSED] - urlText = getText(findTestObject("Страница авторизации/Text")): Text of object 'Object Repository/Страница авторизации/Text' is: 'Период
1 кв. 2025 года
Выручка
Все
Выполнение плановых показателей по ПАО Россети за 1 кв. 2025 года
План
Факт
Динамика
2025 год
0 млн.руб.
50 000 млн.руб.
100 000 млн.руб.
150 000 млн.руб.
200 000 млн.руб.
250 000 млн.руб.
300 000 млн.руб.
350 000 млн.руб.
400 000 млн.руб.
450 000 млн.руб.
500 000 млн.руб.
550 000 млн.руб.
466 800
463 075
↓
ДЗО 
Все
Внутренний оборот - выручка за услуги по передаче электрической энергии, учтенная в выручке за электроэнергию для конечных потребителей, при выполнении ДЗО функций гарантирующего поставщика
Подписи данных
⬤Отклонение
АО "РЭС"
АО «Тываэнерго»
АО «Чеченэнерго»
Россети Волга
Россети Кубань
Россети Ленэнерго (ГК)
Россети Московский регион
Россети Северный Кавказ (ГК)
Россети Северо-Запад
Россети Сибирь (ГК)
Россети Томск
Россети Тюмень
Россети Урал (ГК)
Россети ФСК ЕЭС
Россети Центр
Россети Центр и Приволжье (ГК)
Россети Юг (ГК)
Россети Янтарь
-4 000млн.руб.
-3 000млн.руб.
-2 000млн.руб.
-1 000млн.руб.
0млн.руб.
1 000млн.руб.
2 000млн.руб.
3 000млн.руб.
4 0…
-261
55
-27
-537
786
62
-3 345
-271
-253
876
-57
-2 765
-987
1 670
-805
-905
-11
3 047
млн.
%
Выручка
Отклонение выручки по ПАО Россети за 1 кв. 2025 года (факт/план, млн. руб)
ПАО Россети
-3 725.7 млн.руб.
 '

26-05-2025T08:37:07 - [MESSAGE][PASSED] - Text of object 'Object Repository/Страница авторизации/Text' is: 'Период
1 кв. 2025 года
Выручка
Все
Выполнение плановых показателей по ПАО Россети за 1 кв. 2025 года
План
Факт
Динамика
2025 год
0 млн.руб.
50 000 млн.руб.
100 000 млн.руб.
150 000 млн.руб.
200 000 млн.руб.
250 000 млн.руб.
300 000 млн.руб.
350 000 млн.руб.
400 000 млн.руб.
450 000 млн.руб.
500 000 млн.руб.
550 000 млн.руб.
466 800
463 075
↓
ДЗО 
Все
Внутренний оборот - выручка за услуги по передаче электрической энергии, учтенная в выручке за электроэнергию для конечных потребителей, при выполнении ДЗО функций гарантирующего поставщика
Подписи данных
⬤Отклонение
АО "РЭС"
АО «Тываэнерго»
АО «Чеченэнерго»
Россети Волга
Россети Кубань
Россети Ленэнерго (ГК)
Россети Московский регион
Россети Северный Кавказ (ГК)
Россети Северо-Запад
Россети Сибирь (ГК)
Россети Томск
Россети Тюмень
Россети Урал (ГК)
Россети ФСК ЕЭС
Россети Центр
Россети Центр и Приволжье (ГК)
Россети Юг (ГК)
Россети Янтарь
-4 000млн.руб.
-3 000млн.руб.
-2 000млн.руб.
-1 000млн.руб.
0млн.руб.
1 000млн.руб.
2 000млн.руб.
3 000млн.руб.
4 0…
-261
55
-27
-537
786
62
-3 345
-271
-253
876
-57
-2 765
-987
1 670
-805
-905
-11
3 047
млн.
%
Выручка
Отклонение выручки по ПАО Россети за 1 кв. 2025 года (факт/план, млн. руб)
ПАО Россети
-3 725.7 млн.руб.
 '

26-05-2025T08:37:07 - [TEST_STEP][PASSED] - searchWord = "а": null

26-05-2025T08:37:07 - [TEST_STEP][PASSED] - if (urlText.contains("ошибка") || urlText.contains(searchWord) == false): null

26-05-2025T08:37:07 - [TEST_STEP][PASSED] - delay(45): Delayed 45 second(s)

26-05-2025T08:37:52 - [MESSAGE][PASSED] - Delayed 45 second(s)

26-05-2025T08:37:52 - [TEST_STEP][PASSED] - if (block == 2): null

26-05-2025T08:37:52 - [TEST_STEP][PASSED] - click(findTestObject("Выручка в рублях/Фильтр Период" + nameOfBlock)): Object: 'Object Repository/Выручка в рублях/Фильтр Период' is clicked on

26-05-2025T08:37:53 - [MESSAGE][PASSED] - Object: 'Object Repository/Выручка в рублях/Фильтр Период' is clicked on

26-05-2025T08:37:53 - [TEST_STEP][PASSED] - click(findTestObject("Выручка в рублях/Снять выделение в фильтре Дата" + nameOfBlock)): Object: 'Object Repository/Выручка в рублях/Снять выделение в фильтре Дата' is clicked on

26-05-2025T08:37:53 - [MESSAGE][PASSED] - Object: 'Object Repository/Выручка в рублях/Снять выделение в фильтре Дата' is clicked on

26-05-2025T08:37:53 - [TEST_STEP][PASSED] - click(findTestObject("Выручка в рублях/Применить в фильтре Дата" + nameOfBlock)): Object: 'Object Repository/Выручка в рублях/Применить в фильтре Дата' is clicked on

26-05-2025T08:37:54 - [MESSAGE][PASSED] - Object: 'Object Repository/Выручка в рублях/Применить в фильтре Дата' is clicked on

26-05-2025T08:37:54 - [TEST_STEP][PASSED] - delay(50): Delayed 50 second(s)

26-05-2025T08:38:44 - [MESSAGE][PASSED] - Delayed 50 second(s)

26-05-2025T08:38:44 - [TEST_STEP][PASSED] - click(findTestObject("Выручка в рублях/Фильтр Период" + nameOfBlock)): Object: 'Object Repository/Выручка в рублях/Фильтр Период' is clicked on

26-05-2025T08:38:44 - [MESSAGE][PASSED] - Object: 'Object Repository/Выручка в рублях/Фильтр Период' is clicked on

26-05-2025T08:38:44 - [TEST_STEP][PASSED] - click(findTestObject("Выручка в рублях/Снять выделение в фильтре Дата" + nameOfBlock)): Object: 'Object Repository/Выручка в рублях/Снять выделение в фильтре Дата' is clicked on

26-05-2025T08:38:45 - [MESSAGE][PASSED] - Object: 'Object Repository/Выручка в рублях/Снять выделение в фильтре Дата' is clicked on

26-05-2025T08:38:45 - [TEST_STEP][PASSED] - scrollToElement(findTestObject("Выручка в рублях/2025 список" + nameOfBlock), 30): Scroll to object 'Object Repository/Выручка в рублях/2025 список' successfully

26-05-2025T08:38:45 - [MESSAGE][PASSED] - Scroll to object 'Object Repository/Выручка в рублях/2025 список' successfully

26-05-2025T08:38:45 - [TEST_STEP][PASSED] - click(findTestObject("Выручка в рублях/2025 список" + nameOfBlock)): Object: 'Object Repository/Выручка в рублях/2025 список' is clicked on

26-05-2025T08:38:45 - [MESSAGE][PASSED] - Object: 'Object Repository/Выручка в рублях/2025 список' is clicked on

26-05-2025T08:38:45 - [TEST_STEP][PASSED] - scrollToElement(findTestObject("Выручка в рублях/1 квартал 2025 список" + nameOfBlock), 30): Scroll to object 'Object Repository/Выручка в рублях/1 квартал 2025 список' successfully

26-05-2025T08:38:46 - [MESSAGE][PASSED] - Scroll to object 'Object Repository/Выручка в рублях/1 квартал 2025 список' successfully

26-05-2025T08:38:46 - [TEST_STEP][PASSED] - click(findTestObject("Выручка в рублях/1 квартал 2025 выбрать" + nameOfBlock)): Object: 'Object Repository/Выручка в рублях/1 квартал 2025 выбрать' is clicked on

26-05-2025T08:38:46 - [MESSAGE][PASSED] - Object: 'Object Repository/Выручка в рублях/1 квартал 2025 выбрать' is clicked on

26-05-2025T08:38:46 - [TEST_STEP][PASSED] - scrollToElement(findTestObject("Выручка в рублях/Заголовок дашборда" + nameOfBlock), 30): Scroll to object 'Object Repository/Выручка в рублях/Заголовок дашборда' successfully

26-05-2025T08:38:47 - [MESSAGE][PASSED] - Scroll to object 'Object Repository/Выручка в рублях/Заголовок дашборда' successfully

26-05-2025T08:38:47 - [TEST_STEP][PASSED] - click(findTestObject("Выручка в рублях/Применить в фильтре Дата" + nameOfBlock)): Object: 'Object Repository/Выручка в рублях/Применить в фильтре Дата' is clicked on

26-05-2025T08:38:47 - [MESSAGE][PASSED] - Object: 'Object Repository/Выручка в рублях/Применить в фильтре Дата' is clicked on

26-05-2025T08:38:47 - [TEST_STEP][PASSED] - delay(55): Delayed 55 second(s)

26-05-2025T08:39:42 - [MESSAGE][PASSED] - Delayed 55 second(s)

26-05-2025T08:39:42 - [TEST_STEP][PASSED] - click(findTestObject("Выручка в рублях/Фильтр ДЗО" + nameOfBlock)): Object: 'Object Repository/Выручка в рублях/Фильтр ДЗО' is clicked on

26-05-2025T08:39:43 - [MESSAGE][PASSED] - Object: 'Object Repository/Выручка в рублях/Фильтр ДЗО' is clicked on

26-05-2025T08:39:43 - [TEST_STEP][PASSED] - click(findTestObject("Выручка в рублях/Снять выделение в фильтре ДЗО" + nameOfBlock)): Object: 'Object Repository/Выручка в рублях/Снять выделение в фильтре ДЗО' is clicked on

26-05-2025T08:39:43 - [MESSAGE][PASSED] - Object: 'Object Repository/Выручка в рублях/Снять выделение в фильтре ДЗО' is clicked on

26-05-2025T08:39:43 - [TEST_STEP][PASSED] - click(findTestObject("Выручка в рублях/Применить в фильтре ДЗО" + nameOfBlock)): Object: 'Object Repository/Выручка в рублях/Применить в фильтре ДЗО' is clicked on

26-05-2025T08:39:44 - [MESSAGE][PASSED] - Object: 'Object Repository/Выручка в рублях/Применить в фильтре ДЗО' is clicked on

26-05-2025T08:39:44 - [TEST_STEP][PASSED] - delay(50): Delayed 50 second(s)

26-05-2025T08:40:34 - [MESSAGE][PASSED] - Delayed 50 second(s)

26-05-2025T08:40:34 - [TEST_STEP][PASSED] - Script1742558545601.Tumbler(run, vir, block, nameOfBlock): null

26-05-2025T08:40:34 - [TEST_STEP][PASSED] - println("run:" + run): null

26-05-2025T08:40:34 - [TEST_STEP][PASSED] - println("vir:" + vir): null

26-05-2025T08:40:34 - [TEST_STEP][PASSED] - println("block:" + block): null

26-05-2025T08:40:34 - [TEST_STEP][PASSED] - println("nameOfBlock:" + nameOfBlock): null

26-05-2025T08:40:34 - [TEST_STEP][PASSED] - if (vir == 1): null

26-05-2025T08:40:34 - [TEST_STEP][PASSED] - else if (vir == 2): Object: 'Object Repository/Выручка в рублях/Применить в фильтре Выручка' is clicked on

26-05-2025T08:40:34 - [TEST_STEP][PASSED] - if (run == 2): Object: 'Object Repository/Выручка в рублях/Переключить отображение с млн на проценты Выручка в рублях' is clicked on

26-05-2025T08:40:34 - [TEST_STEP][PASSED] - click(findTestObject("Выручка в рублях/Переключить отображение с млн на проценты Выручка в рублях" + nameOfBlock)): Object: 'Object Repository/Выручка в рублях/Переключить отображение с млн на проценты Выручка в рублях' is clicked on

26-05-2025T08:40:34 - [MESSAGE][PASSED] - Object: 'Object Repository/Выручка в рублях/Переключить отображение с млн на проценты Выручка в рублях' is clicked on

26-05-2025T08:40:34 - [TEST_STEP][PASSED] - click(findTestObject("Выручка в рублях/Фильтр Выручка" + nameOfBlock)): Object: 'Object Repository/Выручка в рублях/Фильтр Выручка' is clicked on

26-05-2025T08:40:34 - [MESSAGE][PASSED] - Object: 'Object Repository/Выручка в рублях/Фильтр Выручка' is clicked on

26-05-2025T08:40:34 - [TEST_STEP][PASSED] - click(findTestObject("Выручка в рублях/Итого в фильтре Выручка" + nameOfBlock)): Object: 'Object Repository/Выручка в рублях/Итого в фильтре Выручка' is clicked on

26-05-2025T08:40:35 - [MESSAGE][PASSED] - Object: 'Object Repository/Выручка в рублях/Итого в фильтре Выручка' is clicked on

26-05-2025T08:40:35 - [TEST_STEP][PASSED] - click(findTestObject("Выручка в рублях/Применить в фильтре Выручка" + nameOfBlock)): Object: 'Object Repository/Выручка в рублях/Применить в фильтре Выручка' is clicked on

26-05-2025T08:40:36 - [MESSAGE][PASSED] - Object: 'Object Repository/Выручка в рублях/Применить в фильтре Выручка' is clicked on

26-05-2025T08:40:36 - [TEST_STEP][PASSED] - click(findTestObject("Выручка в рублях/Фильтр ДЗО" + nameOfBlock)): Object: 'Object Repository/Выручка в рублях/Фильтр ДЗО' is clicked on

26-05-2025T08:40:37 - [MESSAGE][PASSED] - Object: 'Object Repository/Выручка в рублях/Фильтр ДЗО' is clicked on

26-05-2025T08:40:37 - [TEST_STEP][PASSED] - Script1742558545601.Rosseti(nameOfBlock): null

26-05-2025T08:40:37 - [TEST_STEP][PASSED] - println("nameOfBlock:" + nameOfBlock): null

26-05-2025T08:40:37 - [TEST_STEP][PASSED] - click(findTestObject("Выручка в рублях/ПАО Россети" + nameOfBlock)): Object: 'Object Repository/Выручка в рублях/ПАО Россети' is clicked on

26-05-2025T08:40:38 - [MESSAGE][PASSED] - Object: 'Object Repository/Выручка в рублях/ПАО Россети' is clicked on

26-05-2025T08:40:38 - [TEST_STEP][PASSED] - click(findTestObject("Выручка в рублях/Применить в фильтре ДЗО" + nameOfBlock)): Object: 'Object Repository/Выручка в рублях/Применить в фильтре ДЗО' is clicked on

26-05-2025T08:40:38 - [MESSAGE][PASSED] - Object: 'Object Repository/Выручка в рублях/Применить в фильтре ДЗО' is clicked on

26-05-2025T08:40:38 - [TEST_STEP][PASSED] - if (run == 2): null

26-05-2025T08:40:38 - [TEST_STEP][PASSED] - perc = " Perc": null

26-05-2025T08:40:38 - [TEST_STEP][PASSED] - if (vir == 1 || vir == 2): Text of object 'Object Repository/Выручка в рублях/График План' is: '458 926'

26-05-2025T08:40:38 - [TEST_STEP][PASSED] - a1 = getText(findTestObject("Выручка в рублях/График План")): Text of object 'Object Repository/Выручка в рублях/График План' is: '458 926'

26-05-2025T08:40:39 - [MESSAGE][PASSED] - Text of object 'Object Repository/Выручка в рублях/График План' is: '458 926'

26-05-2025T08:40:39 - [TEST_STEP][PASSED] - if (vir == 1 || vir == 2): Text of object 'Object Repository/Выручка в рублях/График Факт' is: '455 530'

26-05-2025T08:40:39 - [TEST_STEP][PASSED] - a2 = getText(findTestObject("Выручка в рублях/График Факт")): Text of object 'Object Repository/Выручка в рублях/График Факт' is: '455 530'

26-05-2025T08:40:40 - [MESSAGE][PASSED] - Text of object 'Object Repository/Выручка в рублях/График Факт' is: '455 530'

26-05-2025T08:40:40 - [TEST_STEP][PASSED] - a30 = getText(findTestObject("Выручка в рублях/span1" + perc)): Text of object 'Object Repository/Выручка в рублях/span1 Perc' is: '-0.74 %'

26-05-2025T08:40:40 - [MESSAGE][PASSED] - Text of object 'Object Repository/Выручка в рублях/span1 Perc' is: '-0.74 %'

26-05-2025T08:40:40 - [TEST_STEP][PASSED] - i = a30.indexOf("млн.руб."): null

26-05-2025T08:40:40 - [TEST_STEP][PASSED] - if (i > -1): null

26-05-2025T08:40:40 - [TEST_STEP][PASSED] - if (a30.contains("%")): null

26-05-2025T08:40:40 - [TEST_STEP][PASSED] - a30 = a30.replaceAll("%", ""): null

26-05-2025T08:40:40 - [TEST_STEP][PASSED] - a30 = ").trim(): null

26-05-2025T08:40:40 - [TEST_STEP][PASSED] - println("a30: " + a30): null

26-05-2025T08:40:40 - [TEST_STEP][PASSED] - if (vir == 1): null

26-05-2025T08:40:40 - [TEST_STEP][PASSED] - else if (vir == 2): Text of object 'Object Repository/Выручка в рублях/span18 Perc' is: ''

26-05-2025T08:40:40 - [TEST_STEP][PASSED] - a31 = ").trim(): Text of object 'Object Repository/Выручка в рублях/span2 Perc' is: '-3.9 %'

26-05-2025T08:40:40 - [MESSAGE][PASSED] - Text of object 'Object Repository/Выручка в рублях/span2 Perc' is: '-3.9 %'

26-05-2025T08:40:40 - [TEST_STEP][PASSED] - a32 = ").trim(): Text of object 'Object Repository/Выручка в рублях/span3 Perc' is: '0.02 %'

26-05-2025T08:40:40 - [MESSAGE][PASSED] - Text of object 'Object Repository/Выручка в рублях/span3 Perc' is: '0.02 %'

26-05-2025T08:40:40 - [TEST_STEP][PASSED] - a34 = ").trim(): Text of object 'Object Repository/Выручка в рублях/span4 Perc' is: '-1.71 %'

26-05-2025T08:40:41 - [MESSAGE][PASSED] - Text of object 'Object Repository/Выручка в рублях/span4 Perc' is: '-1.71 %'

26-05-2025T08:40:41 - [TEST_STEP][PASSED] - a35 = ").trim(): Text of object 'Object Repository/Выручка в рублях/span5 Perc' is: '3.65 %'

26-05-2025T08:40:41 - [MESSAGE][PASSED] - Text of object 'Object Repository/Выручка в рублях/span5 Perc' is: '3.65 %'

26-05-2025T08:40:41 - [TEST_STEP][PASSED] - a36 = ").trim(): Text of object 'Object Repository/Выручка в рублях/span6 Perc' is: '0.19 %'

26-05-2025T08:40:41 - [MESSAGE][PASSED] - Text of object 'Object Repository/Выручка в рублях/span6 Perc' is: '0.19 %'

26-05-2025T08:40:41 - [TEST_STEP][PASSED] - a37 = ").trim(): Text of object 'Object Repository/Выручка в рублях/span7 Perc' is: '-5.06 %'

26-05-2025T08:40:42 - [MESSAGE][PASSED] - Text of object 'Object Repository/Выручка в рублях/span7 Perc' is: '-5.06 %'

26-05-2025T08:40:42 - [TEST_STEP][PASSED] - a38 = ").trim(): Text of object 'Object Repository/Выручка в рублях/span8 Perc' is: '1.44 %'

26-05-2025T08:40:42 - [MESSAGE][PASSED] - Text of object 'Object Repository/Выручка в рублях/span8 Perc' is: '1.44 %'

26-05-2025T08:40:42 - [TEST_STEP][PASSED] - a39 = ").trim(): Text of object 'Object Repository/Выручка в рублях/span9 Perc' is: '-1.28 %'

26-05-2025T08:40:42 - [MESSAGE][PASSED] - Text of object 'Object Repository/Выручка в рублях/span9 Perc' is: '-1.28 %'

26-05-2025T08:40:42 - [TEST_STEP][PASSED] - a310 = ").trim(): Text of object 'Object Repository/Выручка в рублях/span10 Perc' is: '2.77 %'

26-05-2025T08:40:42 - [MESSAGE][PASSED] - Text of object 'Object Repository/Выручка в рублях/span10 Perc' is: '2.77 %'

26-05-2025T08:40:42 - [TEST_STEP][PASSED] - a311 = ").trim(): Text of object 'Object Repository/Выручка в рублях/span11 Perc' is: '-1.88 %'

26-05-2025T08:40:43 - [MESSAGE][PASSED] - Text of object 'Object Repository/Выручка в рублях/span11 Perc' is: '-1.88 %'

26-05-2025T08:40:43 - [TEST_STEP][PASSED] - a312 = ").trim(): Text of object 'Object Repository/Выручка в рублях/span12 Perc' is: '-9.44 %'

26-05-2025T08:40:43 - [MESSAGE][PASSED] - Text of object 'Object Repository/Выручка в рублях/span12 Perc' is: '-9.44 %'

26-05-2025T08:40:43 - [TEST_STEP][PASSED] - a313 = ").trim(): Text of object 'Object Repository/Выручка в рублях/span13 Perc' is: '-3.15 %'

26-05-2025T08:40:43 - [MESSAGE][PASSED] - Text of object 'Object Repository/Выручка в рублях/span13 Perc' is: '-3.15 %'

26-05-2025T08:40:43 - [TEST_STEP][PASSED] - a314 = ").trim(): Text of object 'Object Repository/Выручка в рублях/span14 Perc' is: '1.98 %'

26-05-2025T08:40:44 - [MESSAGE][PASSED] - Text of object 'Object Repository/Выручка в рублях/span14 Perc' is: '1.98 %'

26-05-2025T08:40:44 - [TEST_STEP][PASSED] - a315 = ").trim(): Text of object 'Object Repository/Выручка в рублях/span15 Perc' is: '-2.23 %'

26-05-2025T08:40:44 - [MESSAGE][PASSED] - Text of object 'Object Repository/Выручка в рублях/span15 Perc' is: '-2.23 %'

26-05-2025T08:40:44 - [TEST_STEP][PASSED] - a316 = ").trim(): Text of object 'Object Repository/Выручка в рублях/span16 Perc' is: '-2.34 %'

26-05-2025T08:40:44 - [MESSAGE][PASSED] - Text of object 'Object Repository/Выручка в рублях/span16 Perc' is: '-2.34 %'

26-05-2025T08:40:44 - [TEST_STEP][PASSED] - a317 = ").trim(): Text of object 'Object Repository/Выручка в рублях/span17 Perc' is: '-0.06 %'

26-05-2025T08:40:44 - [MESSAGE][PASSED] - Text of object 'Object Repository/Выручка в рублях/span17 Perc' is: '-0.06 %'

26-05-2025T08:40:44 - [TEST_STEP][PASSED] - a318 = ").trim(): Text of object 'Object Repository/Выручка в рублях/span18 Perc' is: ''

26-05-2025T08:40:45 - [MESSAGE][PASSED] - Text of object 'Object Repository/Выручка в рублях/span18 Perc' is: ''

26-05-2025T08:40:45 - [TEST_STEP][PASSED] - block = 2: null

26-05-2025T08:40:45 - [TEST_STEP][PASSED] - nameOfBlock = " Выручка": null

26-05-2025T08:40:45 - [TEST_STEP][PASSED] - Script1742558545601.PreSettings(run, vir, block, nameOfBlock, typeOfData, todaysDate): null

26-05-2025T08:40:45 - [TEST_STEP][PASSED] - openBrowser(""): Browser is opened with url: ''

26-05-2025T08:40:45 - [MESSAGE][WARNING] - A browser is already opened. Closing browser and opening a new one

26-05-2025T08:40:45 - [MESSAGE][INFO] - Starting 'Chrome' driver

26-05-2025T08:40:45 - [MESSAGE][INFO] - Action delay is set to 0 milliseconds

26-05-2025T08:40:46 - [MESSAGE][PASSED] - Browser is opened with url: ''

26-05-2025T08:40:46 - [TEST_STEP][PASSED] - refresh(): Refresh successfully

26-05-2025T08:40:46 - [MESSAGE][PASSED] - Refresh successfully

26-05-2025T08:40:46 - [TEST_STEP][PASSED] - delay(50): Delayed 50 second(s)

26-05-2025T08:41:36 - [MESSAGE][PASSED] - Delayed 50 second(s)

26-05-2025T08:41:36 - [TEST_STEP][PASSED] - println("run:" + run): null

26-05-2025T08:41:36 - [TEST_STEP][PASSED] - println("vir:" + vir): null

26-05-2025T08:41:36 - [TEST_STEP][PASSED] - println("block:" + block): null

26-05-2025T08:41:36 - [TEST_STEP][PASSED] - if (block == 1): null

26-05-2025T08:41:36 - [TEST_STEP][PASSED] - else: null

26-05-2025T08:41:36 - [TEST_STEP][PASSED] - nameOfBlock = " Выручка": null

26-05-2025T08:41:36 - [TEST_STEP][PASSED] - println("nameOfBlock:" + nameOfBlock): null

26-05-2025T08:41:36 - [TEST_STEP][PASSED] - println("typeOfData:" + typeOfData): null

26-05-2025T08:41:36 - [TEST_STEP][PASSED] - println("todaysDate:" + todaysDate): null

26-05-2025T08:41:36 - [TEST_STEP][PASSED] - Script1742558545601.Autorization(block, nameOfBlock): null

26-05-2025T08:41:36 - [TEST_STEP][PASSED] - i = <not implemented yet for class: org.codehaus.groovy.ast.expr.EmptyExpression>: null

26-05-2025T08:41:36 - [TEST_STEP][PASSED] - ii = <not implemented yet for class: org.codehaus.groovy.ast.expr.EmptyExpression>: null

26-05-2025T08:41:36 - [TEST_STEP][PASSED] - urlData = <not implemented yet for class: org.codehaus.groovy.ast.expr.EmptyExpression>: null

26-05-2025T08:41:36 - [TEST_STEP][PASSED] - searchWord = <not implemented yet for class: org.codehaus.groovy.ast.expr.EmptyExpression>: null

26-05-2025T08:41:36 - [TEST_STEP][PASSED] - urlText = <not implemented yet for class: org.codehaus.groovy.ast.expr.EmptyExpression>: null

26-05-2025T08:41:36 - [TEST_STEP][PASSED] - println("block:" + block): null

26-05-2025T08:41:36 - [TEST_STEP][PASSED] - if (block == 1): null

26-05-2025T08:41:36 - [TEST_STEP][PASSED] - else: null

26-05-2025T08:41:36 - [TEST_STEP][PASSED] - delay(45): Delayed 45 second(s)

26-05-2025T08:42:21 - [MESSAGE][PASSED] - Delayed 45 second(s)

26-05-2025T08:42:21 - [TEST_STEP][PASSED] - nameOfBlock = " Выручка": null

26-05-2025T08:42:21 - [TEST_STEP][PASSED] - println("nameOfBlock:" + nameOfBlock): null

26-05-2025T08:42:21 - [TEST_STEP][PASSED] - if (block == 1): null

26-05-2025T08:42:21 - [TEST_STEP][PASSED] - else: Delayed 45 second(s)

26-05-2025T08:42:21 - [TEST_STEP][PASSED] - urlData = 9: null

26-05-2025T08:42:21 - [TEST_STEP][PASSED] - delay(45): Delayed 45 second(s)

26-05-2025T08:43:06 - [MESSAGE][PASSED] - Delayed 45 second(s)

26-05-2025T08:43:06 - [TEST_STEP][PASSED] - navigateToUrl(findTestData("PlanFact").getValue(10, urlData)): Navigate to 'https://bi.rosseti.digital/viewer?dashboardGuid=a1fd28b3785d443cbc4d7690a1d78e31&sheetGuid=86092a20c5984827a0c87b24cac76a50&fit=true' successfully

26-05-2025T08:43:08 - [MESSAGE][PASSED] - Navigate to 'https://bi.rosseti.digital/viewer?dashboardGuid=a1fd28b3785d443cbc4d7690a1d78e31&sheetGuid=86092a20c5984827a0c87b24cac76a50&fit=true' successfully

26-05-2025T08:43:08 - [TEST_STEP][PASSED] - urlText = getText(findTestObject("Страница авторизации/Text")): Text of object 'Object Repository/Страница авторизации/Text' is: 'Вход'

26-05-2025T08:43:09 - [MESSAGE][PASSED] - Text of object 'Object Repository/Страница авторизации/Text' is: 'Вход'

26-05-2025T08:43:09 - [TEST_STEP][PASSED] - searchWord = "Вход": null

26-05-2025T08:43:09 - [TEST_STEP][PASSED] - if (urlText == null || urlText.contains("ошибка") || urlText.contains(searchWord) == false): null

26-05-2025T08:43:09 - [TEST_STEP][PASSED] - if (verifyElementPresent(findTestObject("Страница авторизации/button_"), 30) == true): null

26-05-2025T08:43:09 - [MESSAGE][PASSED] - Object 'Object Repository/Страница авторизации/button_' is present

26-05-2025T08:43:09 - [TEST_STEP][PASSED] - setText(findTestObject("Страница авторизации/input__username"), findTestData("PlanFact").getValue(8, 1)): Text 'liazgina-di' is set on object 'Object Repository/Страница авторизации/input__username'

26-05-2025T08:43:10 - [MESSAGE][PASSED] - Text 'liazgina-di' is set on object 'Object Repository/Страница авторизации/input__username'

26-05-2025T08:43:10 - [TEST_STEP][PASSED] - setText(findTestObject("Страница авторизации/input__password"), findTestData("PlanFact").getValue(9, 1)): Text ')$%5srZ8o688Dm#q' is set on object 'Object Repository/Страница авторизации/input__password'

26-05-2025T08:43:10 - [MESSAGE][PASSED] - Text ')$%5srZ8o688Dm#q' is set on object 'Object Repository/Страница авторизации/input__password'

26-05-2025T08:43:10 - [TEST_STEP][PASSED] - click(findTestObject("Страница авторизации/button_")): Object: 'Object Repository/Страница авторизации/button_' is clicked on

26-05-2025T08:43:12 - [MESSAGE][PASSED] - Object: 'Object Repository/Страница авторизации/button_' is clicked on

26-05-2025T08:43:12 - [TEST_STEP][PASSED] - delay(45): Delayed 45 second(s)

26-05-2025T08:43:57 - [MESSAGE][PASSED] - Delayed 45 second(s)

26-05-2025T08:43:57 - [TEST_STEP][PASSED] - urlText = getText(findTestObject("Страница авторизации/Text")): Text of object 'Object Repository/Страница авторизации/Text' is: 'Период
2025 - 1 квартал
Выручка
Все
Выполнение плановых показателей, млн.руб.
План
Факт
Динамика
2025 год
0 млн.руб.
50 000 млн.руб.
100 000 млн.руб.
150 000 млн.руб.
200 000 млн.руб.
250 000 млн.руб.
300 000 млн.руб.
350 000 млн.руб.
400 000 млн.руб.
450 000 млн.руб.
500 000 млн.руб.
550 000 млн.руб.
466 800
463 075
↓
ДЗО 
Все
Подписи данных
⬤Отклонение
АО "РЭС"
АО «Тываэнерго»
АО «Чеченэнерго»
Россети Волга
Россети Кубань
Россети Ленэнерго (ГК)
Россети Московский регион
Россети Северный Кавказ (ГК)
Россети Северо-Запад
Россети Сибирь (ГК)
Россети Томск
Россети Тюмень
Россети Урал (ГК)
Россети ФСК ЕЭС
Россети Центр
Россети Центр и Приволжье (ГК)
Россети Юг (ГК)
Россети Янтарь
-4 000 млн.руб.
-3 500 млн.руб.
-3 000 млн.руб.
-2 500 млн.руб.
-2 000 млн.руб.
-1 500 млн.руб.
-1 000 млн.руб.
- 500 млн.руб.
0 млн.руб.
500 млн.руб.
1 000 млн.руб.
1 500 млн.руб.
2 000 млн.руб.
2 500 млн.руб.
3 000 млн.руб.
3 500 млн.руб.
-261
55
-27
-537
786
62
-3 345
-271
-253
876
-57
-2 765
-987
1 670
-805
-905
-11
3 047
млн.
%
Выручка
Отклонение выручки (факт/план, млн. руб) 
ПАО Россети
-3 725.7 млн.руб.
Статус данных
×
Просьба обратить внимание
Данные занесены и согласованы не полностью
ВЫБРАННЫЕ ЗНАЧЕНИЯ ФИЛЬТРОВ
ДЗО | ПЕРИОД
ПАО Россети: [«Выбраны все филиалы по всем ДЗО по всем категориям»]
2025: [Янв, Фев, Мар]
*Внутренний оборот'

26-05-2025T08:43:57 - [MESSAGE][PASSED] - Text of object 'Object Repository/Страница авторизации/Text' is: 'Период
2025 - 1 квартал
Выручка
Все
Выполнение плановых показателей, млн.руб.
План
Факт
Динамика
2025 год
0 млн.руб.
50 000 млн.руб.
100 000 млн.руб.
150 000 млн.руб.
200 000 млн.руб.
250 000 млн.руб.
300 000 млн.руб.
350 000 млн.руб.
400 000 млн.руб.
450 000 млн.руб.
500 000 млн.руб.
550 000 млн.руб.
466 800
463 075
↓
ДЗО 
Все
Подписи данных
⬤Отклонение
АО "РЭС"
АО «Тываэнерго»
АО «Чеченэнерго»
Россети Волга
Россети Кубань
Россети Ленэнерго (ГК)
Россети Московский регион
Россети Северный Кавказ (ГК)
Россети Северо-Запад
Россети Сибирь (ГК)
Россети Томск
Россети Тюмень
Россети Урал (ГК)
Россети ФСК ЕЭС
Россети Центр
Россети Центр и Приволжье (ГК)
Россети Юг (ГК)
Россети Янтарь
-4 000 млн.руб.
-3 500 млн.руб.
-3 000 млн.руб.
-2 500 млн.руб.
-2 000 млн.руб.
-1 500 млн.руб.
-1 000 млн.руб.
- 500 млн.руб.
0 млн.руб.
500 млн.руб.
1 000 млн.руб.
1 500 млн.руб.
2 000 млн.руб.
2 500 млн.руб.
3 000 млн.руб.
3 500 млн.руб.
-261
55
-27
-537
786
62
-3 345
-271
-253
876
-57
-2 765
-987
1 670
-805
-905
-11
3 047
млн.
%
Выручка
Отклонение выручки (факт/план, млн. руб) 
ПАО Россети
-3 725.7 млн.руб.
Статус данных
×
Просьба обратить внимание
Данные занесены и согласованы не полностью
ВЫБРАННЫЕ ЗНАЧЕНИЯ ФИЛЬТРОВ
ДЗО | ПЕРИОД
ПАО Россети: [«Выбраны все филиалы по всем ДЗО по всем категориям»]
2025: [Янв, Фев, Мар]
*Внутренний оборот'

26-05-2025T08:43:57 - [TEST_STEP][PASSED] - searchWord = "а": null

26-05-2025T08:43:57 - [TEST_STEP][PASSED] - if (urlText.contains("ошибка") || urlText.contains(searchWord) == false): null

26-05-2025T08:43:57 - [TEST_STEP][PASSED] - delay(45): Delayed 45 second(s)

26-05-2025T08:44:42 - [MESSAGE][PASSED] - Delayed 45 second(s)

26-05-2025T08:44:42 - [TEST_STEP][PASSED] - if (block == 2): Delayed 50 second(s)

26-05-2025T08:44:42 - [TEST_STEP][PASSED] - opoveshenie = getText(findTestObject("Выручка в рублях/Просьба обратить внимание")): Text of object 'Object Repository/Выручка в рублях/Просьба обратить внимание' is: 'Просьба обратить внимание'

26-05-2025T08:44:43 - [MESSAGE][PASSED] - Text of object 'Object Repository/Выручка в рублях/Просьба обратить внимание' is: 'Просьба обратить внимание'

26-05-2025T08:44:43 - [TEST_STEP][PASSED] - if (opoveshenie == "Просьба обратить внимание"): Delayed 50 second(s)

26-05-2025T08:44:43 - [TEST_STEP][PASSED] - click(findTestObject("Выручка в рублях/Закрыть оповещение")): Object: 'Object Repository/Выручка в рублях/Закрыть оповещение' is clicked on

26-05-2025T08:44:43 - [MESSAGE][PASSED] - Object: 'Object Repository/Выручка в рублях/Закрыть оповещение' is clicked on

26-05-2025T08:44:43 - [TEST_STEP][PASSED] - delay(50): Delayed 50 second(s)

26-05-2025T08:45:33 - [MESSAGE][PASSED] - Delayed 50 second(s)

26-05-2025T08:45:33 - [TEST_STEP][PASSED] - click(findTestObject("Выручка в рублях/Фильтр Период" + nameOfBlock)): Object: 'Object Repository/Выручка в рублях/Фильтр Период Выручка' is clicked on

26-05-2025T08:45:33 - [MESSAGE][PASSED] - Object: 'Object Repository/Выручка в рублях/Фильтр Период Выручка' is clicked on

26-05-2025T08:45:33 - [TEST_STEP][PASSED] - click(findTestObject("Выручка в рублях/Снять выделение в фильтре Дата" + nameOfBlock)): Object: 'Object Repository/Выручка в рублях/Снять выделение в фильтре Дата Выручка' is clicked on

26-05-2025T08:45:34 - [MESSAGE][PASSED] - Object: 'Object Repository/Выручка в рублях/Снять выделение в фильтре Дата Выручка' is clicked on

26-05-2025T08:45:34 - [TEST_STEP][PASSED] - click(findTestObject("Выручка в рублях/Применить в фильтре Дата" + nameOfBlock)): Object: 'Object Repository/Выручка в рублях/Применить в фильтре Дата Выручка' is clicked on

26-05-2025T08:45:35 - [MESSAGE][PASSED] - Object: 'Object Repository/Выручка в рублях/Применить в фильтре Дата Выручка' is clicked on

26-05-2025T08:45:35 - [TEST_STEP][PASSED] - delay(50): Delayed 50 second(s)

26-05-2025T08:46:25 - [MESSAGE][PASSED] - Delayed 50 second(s)

26-05-2025T08:46:25 - [TEST_STEP][PASSED] - click(findTestObject("Выручка в рублях/Фильтр Период" + nameOfBlock)): Object: 'Object Repository/Выручка в рублях/Фильтр Период Выручка' is clicked on

26-05-2025T08:46:25 - [MESSAGE][PASSED] - Object: 'Object Repository/Выручка в рублях/Фильтр Период Выручка' is clicked on

26-05-2025T08:46:25 - [TEST_STEP][PASSED] - click(findTestObject("Выручка в рублях/Снять выделение в фильтре Дата" + nameOfBlock)): Object: 'Object Repository/Выручка в рублях/Снять выделение в фильтре Дата Выручка' is clicked on

26-05-2025T08:46:25 - [MESSAGE][PASSED] - Object: 'Object Repository/Выручка в рублях/Снять выделение в фильтре Дата Выручка' is clicked on

26-05-2025T08:46:25 - [TEST_STEP][PASSED] - scrollToElement(findTestObject("Выручка в рублях/2025 список" + nameOfBlock), 30): Scroll to object 'Object Repository/Выручка в рублях/2025 список Выручка' successfully

26-05-2025T08:46:26 - [MESSAGE][PASSED] - Scroll to object 'Object Repository/Выручка в рублях/2025 список Выручка' successfully

26-05-2025T08:46:26 - [TEST_STEP][PASSED] - click(findTestObject("Выручка в рублях/2025 список" + nameOfBlock)): Object: 'Object Repository/Выручка в рублях/2025 список Выручка' is clicked on

26-05-2025T08:46:26 - [MESSAGE][PASSED] - Object: 'Object Repository/Выручка в рублях/2025 список Выручка' is clicked on

26-05-2025T08:46:26 - [TEST_STEP][PASSED] - scrollToElement(findTestObject("Выручка в рублях/1 квартал 2025 список" + nameOfBlock), 30): Scroll to object 'Object Repository/Выручка в рублях/1 квартал 2025 список Выручка' successfully

26-05-2025T08:46:26 - [MESSAGE][PASSED] - Scroll to object 'Object Repository/Выручка в рублях/1 квартал 2025 список Выручка' successfully

26-05-2025T08:46:26 - [TEST_STEP][PASSED] - click(findTestObject("Выручка в рублях/1 квартал 2025 выбрать" + nameOfBlock)): Object: 'Object Repository/Выручка в рублях/1 квартал 2025 выбрать Выручка' is clicked on

26-05-2025T08:46:27 - [MESSAGE][PASSED] - Object: 'Object Repository/Выручка в рублях/1 квартал 2025 выбрать Выручка' is clicked on

26-05-2025T08:46:27 - [TEST_STEP][PASSED] - scrollToElement(findTestObject("Выручка в рублях/Заголовок дашборда" + nameOfBlock), 30): Scroll to object 'Object Repository/Выручка в рублях/Заголовок дашборда Выручка' successfully

26-05-2025T08:46:27 - [MESSAGE][PASSED] - Scroll to object 'Object Repository/Выручка в рублях/Заголовок дашборда Выручка' successfully

26-05-2025T08:46:27 - [TEST_STEP][PASSED] - click(findTestObject("Выручка в рублях/Применить в фильтре Дата" + nameOfBlock)): Object: 'Object Repository/Выручка в рублях/Применить в фильтре Дата Выручка' is clicked on

26-05-2025T08:46:28 - [MESSAGE][PASSED] - Object: 'Object Repository/Выручка в рублях/Применить в фильтре Дата Выручка' is clicked on

26-05-2025T08:46:28 - [TEST_STEP][PASSED] - delay(55): Delayed 55 second(s)

26-05-2025T08:47:23 - [MESSAGE][PASSED] - Delayed 55 second(s)

26-05-2025T08:47:23 - [TEST_STEP][PASSED] - click(findTestObject("Выручка в рублях/Фильтр ДЗО" + nameOfBlock)): Object: 'Object Repository/Выручка в рублях/Фильтр ДЗО Выручка' is clicked on

26-05-2025T08:47:23 - [MESSAGE][PASSED] - Object: 'Object Repository/Выручка в рублях/Фильтр ДЗО Выручка' is clicked on

26-05-2025T08:47:23 - [TEST_STEP][PASSED] - click(findTestObject("Выручка в рублях/Снять выделение в фильтре ДЗО" + nameOfBlock)): Object: 'Object Repository/Выручка в рублях/Снять выделение в фильтре ДЗО Выручка' is clicked on

26-05-2025T08:47:24 - [MESSAGE][PASSED] - Object: 'Object Repository/Выручка в рублях/Снять выделение в фильтре ДЗО Выручка' is clicked on

26-05-2025T08:47:24 - [TEST_STEP][PASSED] - click(findTestObject("Выручка в рублях/Применить в фильтре ДЗО" + nameOfBlock)): Object: 'Object Repository/Выручка в рублях/Применить в фильтре ДЗО Выручка' is clicked on

26-05-2025T08:47:24 - [MESSAGE][PASSED] - Object: 'Object Repository/Выручка в рублях/Применить в фильтре ДЗО Выручка' is clicked on

26-05-2025T08:47:24 - [TEST_STEP][PASSED] - delay(50): Delayed 50 second(s)

26-05-2025T08:48:14 - [MESSAGE][PASSED] - Delayed 50 second(s)

26-05-2025T08:48:14 - [TEST_STEP][PASSED] - Script1742558545601.Tumbler(run, vir, block, nameOfBlock): null

26-05-2025T08:48:14 - [TEST_STEP][PASSED] - println("run:" + run): null

26-05-2025T08:48:14 - [TEST_STEP][PASSED] - println("vir:" + vir): null

26-05-2025T08:48:14 - [TEST_STEP][PASSED] - println("block:" + block): null

26-05-2025T08:48:14 - [TEST_STEP][PASSED] - println("nameOfBlock:" + nameOfBlock): null

26-05-2025T08:48:14 - [TEST_STEP][PASSED] - if (vir == 1): null

26-05-2025T08:48:14 - [TEST_STEP][PASSED] - else if (vir == 2): Object: 'Object Repository/Выручка в рублях/Применить в фильтре Выручка Выручка' is clicked on

26-05-2025T08:48:14 - [TEST_STEP][PASSED] - if (run == 2): Object: 'Object Repository/Выручка в рублях/Переключить отображение с млн на проценты Выручка в рублях Выручка' is clicked on

26-05-2025T08:48:14 - [TEST_STEP][PASSED] - click(findTestObject("Выручка в рублях/Переключить отображение с млн на проценты Выручка в рублях" + nameOfBlock)): Object: 'Object Repository/Выручка в рублях/Переключить отображение с млн на проценты Выручка в рублях Выручка' is clicked on

26-05-2025T08:48:15 - [MESSAGE][PASSED] - Object: 'Object Repository/Выручка в рублях/Переключить отображение с млн на проценты Выручка в рублях Выручка' is clicked on

26-05-2025T08:48:15 - [TEST_STEP][PASSED] - click(findTestObject("Выручка в рублях/Фильтр Выручка" + nameOfBlock)): Object: 'Object Repository/Выручка в рублях/Фильтр Выручка Выручка' is clicked on

26-05-2025T08:48:15 - [MESSAGE][PASSED] - Object: 'Object Repository/Выручка в рублях/Фильтр Выручка Выручка' is clicked on

26-05-2025T08:48:15 - [TEST_STEP][PASSED] - click(findTestObject("Выручка в рублях/Итого в фильтре Выручка" + nameOfBlock)): Object: 'Object Repository/Выручка в рублях/Итого в фильтре Выручка Выручка' is clicked on

26-05-2025T08:48:16 - [MESSAGE][PASSED] - Object: 'Object Repository/Выручка в рублях/Итого в фильтре Выручка Выручка' is clicked on

26-05-2025T08:48:16 - [TEST_STEP][PASSED] - click(findTestObject("Выручка в рублях/Применить в фильтре Выручка" + nameOfBlock)): Object: 'Object Repository/Выручка в рублях/Применить в фильтре Выручка Выручка' is clicked on

26-05-2025T08:48:16 - [MESSAGE][PASSED] - Object: 'Object Repository/Выручка в рублях/Применить в фильтре Выручка Выручка' is clicked on

26-05-2025T08:48:16 - [TEST_STEP][PASSED] - click(findTestObject("Выручка в рублях/Фильтр ДЗО" + nameOfBlock)): Object: 'Object Repository/Выручка в рублях/Фильтр ДЗО Выручка' is clicked on

26-05-2025T08:48:18 - [MESSAGE][PASSED] - Object: 'Object Repository/Выручка в рублях/Фильтр ДЗО Выручка' is clicked on

26-05-2025T08:48:18 - [TEST_STEP][PASSED] - Script1742558545601.Rosseti(nameOfBlock): null

26-05-2025T08:48:18 - [TEST_STEP][PASSED] - println("nameOfBlock:" + nameOfBlock): null

26-05-2025T08:48:18 - [TEST_STEP][PASSED] - click(findTestObject("Выручка в рублях/ПАО Россети" + nameOfBlock)): Object: 'Object Repository/Выручка в рублях/ПАО Россети Выручка' is clicked on

26-05-2025T08:48:19 - [MESSAGE][PASSED] - Object: 'Object Repository/Выручка в рублях/ПАО Россети Выручка' is clicked on

26-05-2025T08:48:19 - [TEST_STEP][PASSED] - click(findTestObject("Выручка в рублях/Применить в фильтре ДЗО" + nameOfBlock)): Object: 'Object Repository/Выручка в рублях/Применить в фильтре ДЗО Выручка' is clicked on

26-05-2025T08:48:19 - [MESSAGE][PASSED] - Object: 'Object Repository/Выручка в рублях/Применить в фильтре ДЗО Выручка' is clicked on

26-05-2025T08:48:19 - [TEST_STEP][PASSED] - if (vir == 1 || vir == 2): Text of object 'Object Repository/Выручка в рублях/График План Выручка' is: '458 926'

26-05-2025T08:48:19 - [TEST_STEP][PASSED] - b1 = getText(findTestObject("Выручка в рублях/График План Выручка")): Text of object 'Object Repository/Выручка в рублях/График План Выручка' is: '458 926'

26-05-2025T08:48:22 - [MESSAGE][PASSED] - Text of object 'Object Repository/Выручка в рублях/График План Выручка' is: '458 926'

26-05-2025T08:48:22 - [TEST_STEP][PASSED] - if (vir == 1 || vir == 2): Text of object 'Object Repository/Выручка в рублях/График Факт Выручка' is: '455 530'

26-05-2025T08:48:22 - [TEST_STEP][PASSED] - b2 = getText(findTestObject("Выручка в рублях/График Факт Выручка")): Text of object 'Object Repository/Выручка в рублях/График Факт Выручка' is: '455 530'

26-05-2025T08:48:22 - [MESSAGE][PASSED] - Text of object 'Object Repository/Выручка в рублях/График Факт Выручка' is: '455 530'

26-05-2025T08:48:22 - [TEST_STEP][PASSED] - b30 = getText(findTestObject("Выручка в рублях/span1" + perc)): Text of object 'Object Repository/Выручка в рублях/span1 Perc' is: '-0.74 %'

26-05-2025T08:48:23 - [MESSAGE][PASSED] - Text of object 'Object Repository/Выручка в рублях/span1 Perc' is: '-0.74 %'

26-05-2025T08:48:23 - [TEST_STEP][PASSED] - i = b30.indexOf("млн.руб."): null

26-05-2025T08:48:23 - [TEST_STEP][PASSED] - if (i > -1): null

26-05-2025T08:48:23 - [TEST_STEP][PASSED] - if (b30.contains("%")): null

26-05-2025T08:48:23 - [TEST_STEP][PASSED] - b30 = b30.replaceAll("%", ""): null

26-05-2025T08:48:23 - [TEST_STEP][PASSED] - b30 = ").trim(): null

26-05-2025T08:48:23 - [TEST_STEP][PASSED] - println("b30: " + b30): null

26-05-2025T08:48:23 - [TEST_STEP][PASSED] - if (vir == 1): null

26-05-2025T08:48:23 - [TEST_STEP][PASSED] - else if (vir == 2): Text of object 'Object Repository/Выручка в рублях/span18 Perc' is: ''

26-05-2025T08:48:23 - [TEST_STEP][PASSED] - b31 = ").trim(): Text of object 'Object Repository/Выручка в рублях/span2 Perc' is: '-3.9 %'

26-05-2025T08:48:23 - [MESSAGE][PASSED] - Text of object 'Object Repository/Выручка в рублях/span2 Perc' is: '-3.9 %'

26-05-2025T08:48:23 - [TEST_STEP][PASSED] - b32 = ").trim(): Text of object 'Object Repository/Выручка в рублях/span3 Perc' is: '0.02 %'

26-05-2025T08:48:23 - [MESSAGE][PASSED] - Text of object 'Object Repository/Выручка в рублях/span3 Perc' is: '0.02 %'

26-05-2025T08:48:23 - [TEST_STEP][PASSED] - b34 = ").trim(): Text of object 'Object Repository/Выручка в рублях/span4 Perc' is: '-1.71 %'

26-05-2025T08:48:23 - [MESSAGE][PASSED] - Text of object 'Object Repository/Выручка в рублях/span4 Perc' is: '-1.71 %'

26-05-2025T08:48:23 - [TEST_STEP][PASSED] - b35 = ").trim(): Text of object 'Object Repository/Выручка в рублях/span5 Perc' is: '3.65 %'

26-05-2025T08:48:24 - [MESSAGE][PASSED] - Text of object 'Object Repository/Выручка в рублях/span5 Perc' is: '3.65 %'

26-05-2025T08:48:24 - [TEST_STEP][PASSED] - b36 = ").trim(): Text of object 'Object Repository/Выручка в рублях/span6 Perc' is: '0.19 %'

26-05-2025T08:48:24 - [MESSAGE][PASSED] - Text of object 'Object Repository/Выручка в рублях/span6 Perc' is: '0.19 %'

26-05-2025T08:48:24 - [TEST_STEP][PASSED] - b37 = ").trim(): Text of object 'Object Repository/Выручка в рублях/span7 Perc' is: '-5.06 %'

26-05-2025T08:48:24 - [MESSAGE][PASSED] - Text of object 'Object Repository/Выручка в рублях/span7 Perc' is: '-5.06 %'

26-05-2025T08:48:24 - [TEST_STEP][PASSED] - b38 = ").trim(): Text of object 'Object Repository/Выручка в рублях/span8 Perc' is: '1.44 %'

26-05-2025T08:48:25 - [MESSAGE][PASSED] - Text of object 'Object Repository/Выручка в рублях/span8 Perc' is: '1.44 %'

26-05-2025T08:48:25 - [TEST_STEP][PASSED] - b39 = ").trim(): Text of object 'Object Repository/Выручка в рублях/span9 Perc' is: '-1.28 %'

26-05-2025T08:48:25 - [MESSAGE][PASSED] - Text of object 'Object Repository/Выручка в рублях/span9 Perc' is: '-1.28 %'

26-05-2025T08:48:25 - [TEST_STEP][PASSED] - b310 = ").trim(): Text of object 'Object Repository/Выручка в рублях/span10 Perc' is: '2.77 %'

26-05-2025T08:48:25 - [MESSAGE][PASSED] - Text of object 'Object Repository/Выручка в рублях/span10 Perc' is: '2.77 %'

26-05-2025T08:48:25 - [TEST_STEP][PASSED] - b311 = ").trim(): Text of object 'Object Repository/Выручка в рублях/span11 Perc' is: '-1.88 %'

26-05-2025T08:48:25 - [MESSAGE][PASSED] - Text of object 'Object Repository/Выручка в рублях/span11 Perc' is: '-1.88 %'

26-05-2025T08:48:25 - [TEST_STEP][PASSED] - b312 = ").trim(): Text of object 'Object Repository/Выручка в рублях/span12 Perc' is: '-9.44 %'

26-05-2025T08:48:26 - [MESSAGE][PASSED] - Text of object 'Object Repository/Выручка в рублях/span12 Perc' is: '-9.44 %'

26-05-2025T08:48:26 - [TEST_STEP][PASSED] - b313 = ").trim(): Text of object 'Object Repository/Выручка в рублях/span13 Perc' is: '-3.15 %'

26-05-2025T08:48:26 - [MESSAGE][PASSED] - Text of object 'Object Repository/Выручка в рублях/span13 Perc' is: '-3.15 %'

26-05-2025T08:48:26 - [TEST_STEP][PASSED] - b314 = ").trim(): Text of object 'Object Repository/Выручка в рублях/span14 Perc' is: '1.98 %'

26-05-2025T08:48:26 - [MESSAGE][PASSED] - Text of object 'Object Repository/Выручка в рублях/span14 Perc' is: '1.98 %'

26-05-2025T08:48:26 - [TEST_STEP][PASSED] - b315 = ").trim(): Text of object 'Object Repository/Выручка в рублях/span15 Perc' is: '-2.23 %'

26-05-2025T08:48:27 - [MESSAGE][PASSED] - Text of object 'Object Repository/Выручка в рублях/span15 Perc' is: '-2.23 %'

26-05-2025T08:48:27 - [TEST_STEP][PASSED] - b316 = ").trim(): Text of object 'Object Repository/Выручка в рублях/span16 Perc' is: '-2.34 %'

26-05-2025T08:48:27 - [MESSAGE][PASSED] - Text of object 'Object Repository/Выручка в рублях/span16 Perc' is: '-2.34 %'

26-05-2025T08:48:27 - [TEST_STEP][PASSED] - b317 = ").trim(): Text of object 'Object Repository/Выручка в рублях/span17 Perc' is: '-0.06 %'

26-05-2025T08:48:27 - [MESSAGE][PASSED] - Text of object 'Object Repository/Выручка в рублях/span17 Perc' is: '-0.06 %'

26-05-2025T08:48:27 - [TEST_STEP][PASSED] - b318 = ").trim(): Text of object 'Object Repository/Выручка в рублях/span18 Perc' is: ''

26-05-2025T08:48:27 - [MESSAGE][PASSED] - Text of object 'Object Repository/Выручка в рублях/span18 Perc' is: ''

26-05-2025T08:48:27 - [TEST_STEP][PASSED] - dZO = "ПАО Россети": null

26-05-2025T08:48:27 - [TEST_STEP][PASSED] - if (verifyEqual(a1, b1) == false): Actual object '458 926' and expected object '458 926' are equal

26-05-2025T08:48:27 - [MESSAGE][PASSED] - Actual object '458 926' and expected object '458 926' are equal

26-05-2025T08:48:27 - [TEST_STEP][PASSED] - if (verifyEqual(a2, b2) == false): Actual object '455 530' and expected object '455 530' are equal

26-05-2025T08:48:27 - [MESSAGE][PASSED] - Actual object '455 530' and expected object '455 530' are equal

26-05-2025T08:48:27 - [TEST_STEP][PASSED] - vidget = "Отклонения": null

26-05-2025T08:48:27 - [TEST_STEP][PASSED] - if (verifyEqual(a30, b30) == false): Actual object '-0.74' and expected object '-0.74' are equal

26-05-2025T08:48:27 - [MESSAGE][PASSED] - Actual object '-0.74' and expected object '-0.74' are equal

26-05-2025T08:48:27 - [TEST_STEP][PASSED] - dZO = "АО «РЭС»": null

26-05-2025T08:48:27 - [TEST_STEP][PASSED] - if (verifyEqual(a31, b31) == false): Actual object '-3.9' and expected object '-3.9' are equal

26-05-2025T08:48:27 - [MESSAGE][PASSED] - Actual object '-3.9' and expected object '-3.9' are equal

26-05-2025T08:48:27 - [TEST_STEP][PASSED] - dZO = "АО «Тываэнерго»": null

26-05-2025T08:48:27 - [TEST_STEP][PASSED] - if (verifyEqual(a32, b32) == false): Actual object '0.02' and expected object '0.02' are equal

26-05-2025T08:48:27 - [MESSAGE][PASSED] - Actual object '0.02' and expected object '0.02' are equal

26-05-2025T08:48:27 - [TEST_STEP][PASSED] - dZO = "АО «Чеченэнерго»": null

26-05-2025T08:48:27 - [TEST_STEP][PASSED] - if (verifyEqual(a33, b33) == false): Actual object 'null' and expected object 'null' are equal

26-05-2025T08:48:27 - [MESSAGE][PASSED] - Actual object 'null' and expected object 'null' are equal

26-05-2025T08:48:27 - [TEST_STEP][PASSED] - dZO = "Россети Волга": null

26-05-2025T08:48:27 - [TEST_STEP][PASSED] - if (verifyEqual(a34, b34) == false): Actual object '-1.71' and expected object '-1.71' are equal

26-05-2025T08:48:27 - [MESSAGE][PASSED] - Actual object '-1.71' and expected object '-1.71' are equal

26-05-2025T08:48:27 - [TEST_STEP][PASSED] - dZO = "Россети Кубань": null

26-05-2025T08:48:27 - [TEST_STEP][PASSED] - if (verifyEqual(a35, b35) == false): Actual object '3.65' and expected object '3.65' are equal

26-05-2025T08:48:27 - [MESSAGE][PASSED] - Actual object '3.65' and expected object '3.65' are equal

26-05-2025T08:48:27 - [TEST_STEP][PASSED] - dZO = "Россети Ленэнерго (ГК)": null

26-05-2025T08:48:27 - [TEST_STEP][PASSED] - if (verifyEqual(a36, b36) == false): Actual object '0.19' and expected object '0.19' are equal

26-05-2025T08:48:27 - [MESSAGE][PASSED] - Actual object '0.19' and expected object '0.19' are equal

26-05-2025T08:48:27 - [TEST_STEP][PASSED] - dZO = "Россети Московский регион": null

26-05-2025T08:48:27 - [TEST_STEP][PASSED] - if (verifyEqual(a37, b37) == false): Actual object '-5.06' and expected object '-5.06' are equal

26-05-2025T08:48:27 - [MESSAGE][PASSED] - Actual object '-5.06' and expected object '-5.06' are equal

26-05-2025T08:48:27 - [TEST_STEP][PASSED] - dZO = "Россети Северный Кавказ (ГК)": null

26-05-2025T08:48:27 - [TEST_STEP][PASSED] - if (verifyEqual(a38, b38) == false): Actual object '1.44' and expected object '1.44' are equal

26-05-2025T08:48:27 - [MESSAGE][PASSED] - Actual object '1.44' and expected object '1.44' are equal

26-05-2025T08:48:27 - [TEST_STEP][PASSED] - dZO = "Россети Северо-Запад": null

26-05-2025T08:48:27 - [TEST_STEP][PASSED] - if (verifyEqual(a39, b39) == false): Actual object '-1.28' and expected object '-1.28' are equal

26-05-2025T08:48:27 - [MESSAGE][PASSED] - Actual object '-1.28' and expected object '-1.28' are equal

26-05-2025T08:48:27 - [TEST_STEP][PASSED] - dZO = "Россети Сибирь (ГК)": null

26-05-2025T08:48:27 - [TEST_STEP][PASSED] - if (verifyEqual(a310, b310) == false): Actual object '2.77' and expected object '2.77' are equal

26-05-2025T08:48:27 - [MESSAGE][PASSED] - Actual object '2.77' and expected object '2.77' are equal

26-05-2025T08:48:27 - [TEST_STEP][PASSED] - dZO = "Россети Томск": null

26-05-2025T08:48:27 - [TEST_STEP][PASSED] - if (verifyEqual(a311, b311) == false): Actual object '-1.88' and expected object '-1.88' are equal

26-05-2025T08:48:27 - [MESSAGE][PASSED] - Actual object '-1.88' and expected object '-1.88' are equal

26-05-2025T08:48:27 - [TEST_STEP][PASSED] - dZO = "Россети Тюмень": null

26-05-2025T08:48:27 - [TEST_STEP][PASSED] - if (verifyEqual(a312, b312) == false): Actual object '-9.44' and expected object '-9.44' are equal

26-05-2025T08:48:27 - [MESSAGE][PASSED] - Actual object '-9.44' and expected object '-9.44' are equal

26-05-2025T08:48:27 - [TEST_STEP][PASSED] - dZO = "Россети Урал (ГК)": null

26-05-2025T08:48:27 - [TEST_STEP][PASSED] - if (verifyEqual(a313, b313) == false): Actual object '-3.15' and expected object '-3.15' are equal

26-05-2025T08:48:27 - [MESSAGE][PASSED] - Actual object '-3.15' and expected object '-3.15' are equal

26-05-2025T08:48:27 - [TEST_STEP][PASSED] - dZO = "Россети ФСК ЕЭС": null

26-05-2025T08:48:27 - [TEST_STEP][PASSED] - if (verifyEqual(a314, b314) == false): Actual object '1.98' and expected object '1.98' are equal

26-05-2025T08:48:27 - [MESSAGE][PASSED] - Actual object '1.98' and expected object '1.98' are equal

26-05-2025T08:48:27 - [TEST_STEP][PASSED] - dZO = "Россети Центр": null

26-05-2025T08:48:27 - [TEST_STEP][PASSED] - if (verifyEqual(a315, b315) == false): Actual object '-2.23' and expected object '-2.23' are equal

26-05-2025T08:48:27 - [MESSAGE][PASSED] - Actual object '-2.23' and expected object '-2.23' are equal

26-05-2025T08:48:27 - [TEST_STEP][PASSED] - dZO = "Россети Центр и Приволжье (ГК)": null

26-05-2025T08:48:27 - [TEST_STEP][PASSED] - if (verifyEqual(a316, b316) == false): Actual object '-2.34' and expected object '-2.34' are equal

26-05-2025T08:48:27 - [MESSAGE][PASSED] - Actual object '-2.34' and expected object '-2.34' are equal

26-05-2025T08:48:27 - [TEST_STEP][PASSED] - dZO = "Россети Юг (ГК)": null

26-05-2025T08:48:27 - [TEST_STEP][PASSED] - if (verifyEqual(a317, b317) == false): Actual object '-0.06' and expected object '-0.06' are equal

26-05-2025T08:48:27 - [MESSAGE][PASSED] - Actual object '-0.06' and expected object '-0.06' are equal

26-05-2025T08:48:27 - [TEST_STEP][PASSED] - dZO = "Россети Янтарь": null

26-05-2025T08:48:27 - [TEST_STEP][PASSED] - if (verifyEqual(a318, b318) == false): Actual object '' and expected object '' are equal

26-05-2025T08:48:27 - [MESSAGE][PASSED] - Actual object '' and expected object '' are equal

26-05-2025T08:48:27 - [TEST_STEP][PASSED] - closeBrowser(): null

26-05-2025T08:48:28 - [MESSAGE][PASSED] - Browser is closed

26-05-2025T08:48:28 - [TEST_STEP][PASSED] - Script1742558545601.Blocks(run, vir, block, nameOfBlock, typeOfData, viruchka, vidget, todaysDate, a, b, dZO, x, y): null

26-05-2025T08:48:28 - [TEST_STEP][PASSED] - i = <not implemented yet for class: org.codehaus.groovy.ast.expr.EmptyExpression>: null

26-05-2025T08:48:28 - [TEST_STEP][PASSED] - perc = "": null

26-05-2025T08:48:28 - [TEST_STEP][PASSED] - a1 = <not implemented yet for class: org.codehaus.groovy.ast.expr.EmptyExpression>: null

26-05-2025T08:48:28 - [TEST_STEP][PASSED] - a2 = <not implemented yet for class: org.codehaus.groovy.ast.expr.EmptyExpression>: null

26-05-2025T08:48:28 - [TEST_STEP][PASSED] - a30 = <not implemented yet for class: org.codehaus.groovy.ast.expr.EmptyExpression>: null

26-05-2025T08:48:28 - [TEST_STEP][PASSED] - a31 = <not implemented yet for class: org.codehaus.groovy.ast.expr.EmptyExpression>: null

26-05-2025T08:48:28 - [TEST_STEP][PASSED] - a32 = <not implemented yet for class: org.codehaus.groovy.ast.expr.EmptyExpression>: null

26-05-2025T08:48:28 - [TEST_STEP][PASSED] - a33 = <not implemented yet for class: org.codehaus.groovy.ast.expr.EmptyExpression>: null

26-05-2025T08:48:28 - [TEST_STEP][PASSED] - a34 = <not implemented yet for class: org.codehaus.groovy.ast.expr.EmptyExpression>: null

26-05-2025T08:48:28 - [TEST_STEP][PASSED] - a35 = <not implemented yet for class: org.codehaus.groovy.ast.expr.EmptyExpression>: null

26-05-2025T08:48:28 - [TEST_STEP][PASSED] - a36 = <not implemented yet for class: org.codehaus.groovy.ast.expr.EmptyExpression>: null

26-05-2025T08:48:28 - [TEST_STEP][PASSED] - a37 = <not implemented yet for class: org.codehaus.groovy.ast.expr.EmptyExpression>: null

26-05-2025T08:48:28 - [TEST_STEP][PASSED] - a38 = <not implemented yet for class: org.codehaus.groovy.ast.expr.EmptyExpression>: null

26-05-2025T08:48:28 - [TEST_STEP][PASSED] - a39 = <not implemented yet for class: org.codehaus.groovy.ast.expr.EmptyExpression>: null

26-05-2025T08:48:28 - [TEST_STEP][PASSED] - a310 = <not implemented yet for class: org.codehaus.groovy.ast.expr.EmptyExpression>: null

26-05-2025T08:48:28 - [TEST_STEP][PASSED] - a311 = <not implemented yet for class: org.codehaus.groovy.ast.expr.EmptyExpression>: null

26-05-2025T08:48:28 - [TEST_STEP][PASSED] - a312 = <not implemented yet for class: org.codehaus.groovy.ast.expr.EmptyExpression>: null

26-05-2025T08:48:28 - [TEST_STEP][PASSED] - a313 = <not implemented yet for class: org.codehaus.groovy.ast.expr.EmptyExpression>: null

26-05-2025T08:48:28 - [TEST_STEP][PASSED] - a314 = <not implemented yet for class: org.codehaus.groovy.ast.expr.EmptyExpression>: null

26-05-2025T08:48:28 - [TEST_STEP][PASSED] - a315 = <not implemented yet for class: org.codehaus.groovy.ast.expr.EmptyExpression>: null

26-05-2025T08:48:28 - [TEST_STEP][PASSED] - a316 = <not implemented yet for class: org.codehaus.groovy.ast.expr.EmptyExpression>: null

26-05-2025T08:48:28 - [TEST_STEP][PASSED] - a317 = <not implemented yet for class: org.codehaus.groovy.ast.expr.EmptyExpression>: null

26-05-2025T08:48:28 - [TEST_STEP][PASSED] - a318 = <not implemented yet for class: org.codehaus.groovy.ast.expr.EmptyExpression>: null

26-05-2025T08:48:28 - [TEST_STEP][PASSED] - b1 = <not implemented yet for class: org.codehaus.groovy.ast.expr.EmptyExpression>: null

26-05-2025T08:48:28 - [TEST_STEP][PASSED] - b2 = <not implemented yet for class: org.codehaus.groovy.ast.expr.EmptyExpression>: null

26-05-2025T08:48:28 - [TEST_STEP][PASSED] - b30 = <not implemented yet for class: org.codehaus.groovy.ast.expr.EmptyExpression>: null

26-05-2025T08:48:28 - [TEST_STEP][PASSED] - b31 = <not implemented yet for class: org.codehaus.groovy.ast.expr.EmptyExpression>: null

26-05-2025T08:48:28 - [TEST_STEP][PASSED] - b32 = <not implemented yet for class: org.codehaus.groovy.ast.expr.EmptyExpression>: null

26-05-2025T08:48:28 - [TEST_STEP][PASSED] - b33 = <not implemented yet for class: org.codehaus.groovy.ast.expr.EmptyExpression>: null

26-05-2025T08:48:28 - [TEST_STEP][PASSED] - b34 = <not implemented yet for class: org.codehaus.groovy.ast.expr.EmptyExpression>: null

26-05-2025T08:48:28 - [TEST_STEP][PASSED] - b35 = <not implemented yet for class: org.codehaus.groovy.ast.expr.EmptyExpression>: null

26-05-2025T08:48:28 - [TEST_STEP][PASSED] - b36 = <not implemented yet for class: org.codehaus.groovy.ast.expr.EmptyExpression>: null

26-05-2025T08:48:28 - [TEST_STEP][PASSED] - b37 = <not implemented yet for class: org.codehaus.groovy.ast.expr.EmptyExpression>: null

26-05-2025T08:48:28 - [TEST_STEP][PASSED] - b38 = <not implemented yet for class: org.codehaus.groovy.ast.expr.EmptyExpression>: null

26-05-2025T08:48:28 - [TEST_STEP][PASSED] - b39 = <not implemented yet for class: org.codehaus.groovy.ast.expr.EmptyExpression>: null

26-05-2025T08:48:28 - [TEST_STEP][PASSED] - b310 = <not implemented yet for class: org.codehaus.groovy.ast.expr.EmptyExpression>: null

26-05-2025T08:48:28 - [TEST_STEP][PASSED] - b311 = <not implemented yet for class: org.codehaus.groovy.ast.expr.EmptyExpression>: null

26-05-2025T08:48:28 - [TEST_STEP][PASSED] - b312 = <not implemented yet for class: org.codehaus.groovy.ast.expr.EmptyExpression>: null

26-05-2025T08:48:28 - [TEST_STEP][PASSED] - b313 = <not implemented yet for class: org.codehaus.groovy.ast.expr.EmptyExpression>: null

26-05-2025T08:48:28 - [TEST_STEP][PASSED] - b314 = <not implemented yet for class: org.codehaus.groovy.ast.expr.EmptyExpression>: null

26-05-2025T08:48:28 - [TEST_STEP][PASSED] - b315 = <not implemented yet for class: org.codehaus.groovy.ast.expr.EmptyExpression>: null

26-05-2025T08:48:28 - [TEST_STEP][PASSED] - b316 = <not implemented yet for class: org.codehaus.groovy.ast.expr.EmptyExpression>: null

26-05-2025T08:48:28 - [TEST_STEP][PASSED] - b317 = <not implemented yet for class: org.codehaus.groovy.ast.expr.EmptyExpression>: null

26-05-2025T08:48:28 - [TEST_STEP][PASSED] - b318 = <not implemented yet for class: org.codehaus.groovy.ast.expr.EmptyExpression>: null

26-05-2025T08:48:28 - [TEST_STEP][PASSED] - block = 1: null

26-05-2025T08:48:28 - [TEST_STEP][PASSED] - nameOfBlock = "": null

26-05-2025T08:48:28 - [TEST_STEP][PASSED] - Script1742558545601.PreSettings(run, vir, block, nameOfBlock, typeOfData, todaysDate): null

26-05-2025T08:48:28 - [TEST_STEP][PASSED] - openBrowser(""): Browser is opened with url: ''

26-05-2025T08:48:28 - [MESSAGE][INFO] - Starting 'Chrome' driver

26-05-2025T08:48:28 - [MESSAGE][INFO] - Action delay is set to 0 milliseconds

26-05-2025T08:48:29 - [MESSAGE][PASSED] - Browser is opened with url: ''

26-05-2025T08:48:29 - [TEST_STEP][PASSED] - refresh(): Refresh successfully

26-05-2025T08:48:29 - [MESSAGE][PASSED] - Refresh successfully

26-05-2025T08:48:29 - [TEST_STEP][PASSED] - delay(50): Delayed 50 second(s)

26-05-2025T08:49:19 - [MESSAGE][PASSED] - Delayed 50 second(s)

26-05-2025T08:49:19 - [TEST_STEP][PASSED] - println("run:" + run): null

26-05-2025T08:49:19 - [TEST_STEP][PASSED] - println("vir:" + vir): null

26-05-2025T08:49:19 - [TEST_STEP][PASSED] - println("block:" + block): null

26-05-2025T08:49:19 - [TEST_STEP][PASSED] - if (block == 1): null

26-05-2025T08:49:19 - [TEST_STEP][PASSED] - nameOfBlock = "": null

26-05-2025T08:49:19 - [TEST_STEP][PASSED] - println("nameOfBlock:" + nameOfBlock): null

26-05-2025T08:49:19 - [TEST_STEP][PASSED] - println("typeOfData:" + typeOfData): null

26-05-2025T08:49:19 - [TEST_STEP][PASSED] - println("todaysDate:" + todaysDate): null

26-05-2025T08:49:19 - [TEST_STEP][PASSED] - Script1742558545601.Autorization(block, nameOfBlock): null

26-05-2025T08:49:19 - [TEST_STEP][PASSED] - i = <not implemented yet for class: org.codehaus.groovy.ast.expr.EmptyExpression>: null

26-05-2025T08:49:19 - [TEST_STEP][PASSED] - ii = <not implemented yet for class: org.codehaus.groovy.ast.expr.EmptyExpression>: null

26-05-2025T08:49:19 - [TEST_STEP][PASSED] - urlData = <not implemented yet for class: org.codehaus.groovy.ast.expr.EmptyExpression>: null

26-05-2025T08:49:19 - [TEST_STEP][PASSED] - searchWord = <not implemented yet for class: org.codehaus.groovy.ast.expr.EmptyExpression>: null

26-05-2025T08:49:19 - [TEST_STEP][PASSED] - urlText = <not implemented yet for class: org.codehaus.groovy.ast.expr.EmptyExpression>: null

26-05-2025T08:49:19 - [TEST_STEP][PASSED] - println("block:" + block): null

26-05-2025T08:49:19 - [TEST_STEP][PASSED] - if (block == 1): null

26-05-2025T08:49:19 - [TEST_STEP][PASSED] - nameOfBlock = "": null

26-05-2025T08:49:19 - [TEST_STEP][PASSED] - println("nameOfBlock:" + nameOfBlock): null

26-05-2025T08:49:19 - [TEST_STEP][PASSED] - if (block == 1): Delayed 45 second(s)

26-05-2025T08:49:19 - [TEST_STEP][PASSED] - urlData = 2: null

26-05-2025T08:49:19 - [TEST_STEP][PASSED] - delay(45): Delayed 45 second(s)

26-05-2025T08:50:04 - [MESSAGE][PASSED] - Delayed 45 second(s)

26-05-2025T08:50:04 - [TEST_STEP][PASSED] - navigateToUrl(findTestData("PlanFact").getValue(10, urlData)): Navigate to 'https://bi.rosseti.digital/viewer?dashboardGuid=2301950b23be4ed89c1df75f2020051e&sheetGuid=b723206f698544fb87299f3095c00435&fit=true' successfully

26-05-2025T08:50:06 - [MESSAGE][PASSED] - Navigate to 'https://bi.rosseti.digital/viewer?dashboardGuid=2301950b23be4ed89c1df75f2020051e&sheetGuid=b723206f698544fb87299f3095c00435&fit=true' successfully

26-05-2025T08:50:06 - [TEST_STEP][PASSED] - urlText = getText(findTestObject("Страница авторизации/Text")): Text of object 'Object Repository/Страница авторизации/Text' is: 'Вход'

26-05-2025T08:50:06 - [MESSAGE][PASSED] - Text of object 'Object Repository/Страница авторизации/Text' is: 'Вход'

26-05-2025T08:50:06 - [TEST_STEP][PASSED] - searchWord = "Вход": null

26-05-2025T08:50:06 - [TEST_STEP][PASSED] - if (urlText == null || urlText.contains("ошибка") || urlText.contains(searchWord) == false): null

26-05-2025T08:50:06 - [TEST_STEP][PASSED] - if (verifyElementPresent(findTestObject("Страница авторизации/button_"), 30) == true): null

26-05-2025T08:50:07 - [MESSAGE][PASSED] - Object 'Object Repository/Страница авторизации/button_' is present

26-05-2025T08:50:07 - [TEST_STEP][PASSED] - setText(findTestObject("Страница авторизации/input__username"), findTestData("PlanFact").getValue(8, 1)): Text 'liazgina-di' is set on object 'Object Repository/Страница авторизации/input__username'

26-05-2025T08:50:07 - [MESSAGE][PASSED] - Text 'liazgina-di' is set on object 'Object Repository/Страница авторизации/input__username'

26-05-2025T08:50:07 - [TEST_STEP][PASSED] - setText(findTestObject("Страница авторизации/input__password"), findTestData("PlanFact").getValue(9, 1)): Text ')$%5srZ8o688Dm#q' is set on object 'Object Repository/Страница авторизации/input__password'

26-05-2025T08:50:08 - [MESSAGE][PASSED] - Text ')$%5srZ8o688Dm#q' is set on object 'Object Repository/Страница авторизации/input__password'

26-05-2025T08:50:08 - [TEST_STEP][PASSED] - click(findTestObject("Страница авторизации/button_")): Object: 'Object Repository/Страница авторизации/button_' is clicked on

26-05-2025T08:50:09 - [MESSAGE][PASSED] - Object: 'Object Repository/Страница авторизации/button_' is clicked on

26-05-2025T08:50:09 - [TEST_STEP][PASSED] - delay(45): Delayed 45 second(s)

26-05-2025T08:50:54 - [MESSAGE][PASSED] - Delayed 45 second(s)

26-05-2025T08:50:54 - [TEST_STEP][PASSED] - urlText = getText(findTestObject("Страница авторизации/Text")): Text of object 'Object Repository/Страница авторизации/Text' is: 'Период
1 кв. 2025 года
Выручка
Все
Выполнение плановых показателей по ПАО Россети за 1 кв. 2025 года
План
Факт
Динамика
2025 год
0 млн.руб.
50 000 млн.руб.
100 000 млн.руб.
150 000 млн.руб.
200 000 млн.руб.
250 000 млн.руб.
300 000 млн.руб.
350 000 млн.руб.
400 000 млн.руб.
450 000 млн.руб.
500 000 млн.руб.
550 000 млн.руб.
466 800
463 075
↓
ДЗО 
Все
Внутренний оборот - выручка за услуги по передаче электрической энергии, учтенная в выручке за электроэнергию для конечных потребителей, при выполнении ДЗО функций гарантирующего поставщика
Подписи данных
⬤Отклонение
АО "РЭС"
АО «Тываэнерго»
АО «Чеченэнерго»
Россети Волга
Россети Кубань
Россети Ленэнерго (ГК)
Россети Московский регион
Россети Северный Кавказ (ГК)
Россети Северо-Запад
Россети Сибирь (ГК)
Россети Томск
Россети Тюмень
Россети Урал (ГК)
Россети ФСК ЕЭС
Россети Центр
Россети Центр и Приволжье (ГК)
Россети Юг (ГК)
Россети Янтарь
-4 000млн.руб.
-3 000млн.руб.
-2 000млн.руб.
-1 000млн.руб.
0млн.руб.
1 000млн.руб.
2 000млн.руб.
3 000млн.руб.
4 0…
-261
55
-27
-537
786
62
-3 345
-271
-253
876
-57
-2 765
-987
1 670
-805
-905
-11
3 047
млн.
%
Выручка
Отклонение выручки по ПАО Россети за 1 кв. 2025 года (факт/план, млн. руб)
ПАО Россети
-3 725.7 млн.руб.
 '

26-05-2025T08:50:55 - [MESSAGE][PASSED] - Text of object 'Object Repository/Страница авторизации/Text' is: 'Период
1 кв. 2025 года
Выручка
Все
Выполнение плановых показателей по ПАО Россети за 1 кв. 2025 года
План
Факт
Динамика
2025 год
0 млн.руб.
50 000 млн.руб.
100 000 млн.руб.
150 000 млн.руб.
200 000 млн.руб.
250 000 млн.руб.
300 000 млн.руб.
350 000 млн.руб.
400 000 млн.руб.
450 000 млн.руб.
500 000 млн.руб.
550 000 млн.руб.
466 800
463 075
↓
ДЗО 
Все
Внутренний оборот - выручка за услуги по передаче электрической энергии, учтенная в выручке за электроэнергию для конечных потребителей, при выполнении ДЗО функций гарантирующего поставщика
Подписи данных
⬤Отклонение
АО "РЭС"
АО «Тываэнерго»
АО «Чеченэнерго»
Россети Волга
Россети Кубань
Россети Ленэнерго (ГК)
Россети Московский регион
Россети Северный Кавказ (ГК)
Россети Северо-Запад
Россети Сибирь (ГК)
Россети Томск
Россети Тюмень
Россети Урал (ГК)
Россети ФСК ЕЭС
Россети Центр
Россети Центр и Приволжье (ГК)
Россети Юг (ГК)
Россети Янтарь
-4 000млн.руб.
-3 000млн.руб.
-2 000млн.руб.
-1 000млн.руб.
0млн.руб.
1 000млн.руб.
2 000млн.руб.
3 000млн.руб.
4 0…
-261
55
-27
-537
786
62
-3 345
-271
-253
876
-57
-2 765
-987
1 670
-805
-905
-11
3 047
млн.
%
Выручка
Отклонение выручки по ПАО Россети за 1 кв. 2025 года (факт/план, млн. руб)
ПАО Россети
-3 725.7 млн.руб.
 '

26-05-2025T08:50:55 - [TEST_STEP][PASSED] - searchWord = "а": null

26-05-2025T08:50:55 - [TEST_STEP][PASSED] - if (urlText.contains("ошибка") || urlText.contains(searchWord) == false): null

26-05-2025T08:50:55 - [TEST_STEP][PASSED] - delay(45): Delayed 45 second(s)

26-05-2025T08:51:40 - [MESSAGE][PASSED] - Delayed 45 second(s)

26-05-2025T08:51:40 - [TEST_STEP][PASSED] - if (block == 2): null

26-05-2025T08:51:40 - [TEST_STEP][PASSED] - click(findTestObject("Выручка в рублях/Фильтр Период" + nameOfBlock)): Object: 'Object Repository/Выручка в рублях/Фильтр Период' is clicked on

26-05-2025T08:51:40 - [MESSAGE][PASSED] - Object: 'Object Repository/Выручка в рублях/Фильтр Период' is clicked on

26-05-2025T08:51:40 - [TEST_STEP][PASSED] - click(findTestObject("Выручка в рублях/Снять выделение в фильтре Дата" + nameOfBlock)): Object: 'Object Repository/Выручка в рублях/Снять выделение в фильтре Дата' is clicked on

26-05-2025T08:51:41 - [MESSAGE][PASSED] - Object: 'Object Repository/Выручка в рублях/Снять выделение в фильтре Дата' is clicked on

26-05-2025T08:51:41 - [TEST_STEP][PASSED] - click(findTestObject("Выручка в рублях/Применить в фильтре Дата" + nameOfBlock)): Object: 'Object Repository/Выручка в рублях/Применить в фильтре Дата' is clicked on

26-05-2025T08:51:41 - [MESSAGE][PASSED] - Object: 'Object Repository/Выручка в рублях/Применить в фильтре Дата' is clicked on

26-05-2025T08:51:41 - [TEST_STEP][PASSED] - delay(50): Delayed 50 second(s)

26-05-2025T08:52:31 - [MESSAGE][PASSED] - Delayed 50 second(s)

26-05-2025T08:52:31 - [TEST_STEP][PASSED] - click(findTestObject("Выручка в рублях/Фильтр Период" + nameOfBlock)): Object: 'Object Repository/Выручка в рублях/Фильтр Период' is clicked on

26-05-2025T08:52:32 - [MESSAGE][PASSED] - Object: 'Object Repository/Выручка в рублях/Фильтр Период' is clicked on

26-05-2025T08:52:32 - [TEST_STEP][PASSED] - click(findTestObject("Выручка в рублях/Снять выделение в фильтре Дата" + nameOfBlock)): Object: 'Object Repository/Выручка в рублях/Снять выделение в фильтре Дата' is clicked on

26-05-2025T08:52:32 - [MESSAGE][PASSED] - Object: 'Object Repository/Выручка в рублях/Снять выделение в фильтре Дата' is clicked on

26-05-2025T08:52:32 - [TEST_STEP][PASSED] - scrollToElement(findTestObject("Выручка в рублях/2025 список" + nameOfBlock), 30): Scroll to object 'Object Repository/Выручка в рублях/2025 список' successfully

26-05-2025T08:52:33 - [MESSAGE][PASSED] - Scroll to object 'Object Repository/Выручка в рублях/2025 список' successfully

26-05-2025T08:52:33 - [TEST_STEP][PASSED] - click(findTestObject("Выручка в рублях/2025 список" + nameOfBlock)): Object: 'Object Repository/Выручка в рублях/2025 список' is clicked on

26-05-2025T08:52:33 - [MESSAGE][PASSED] - Object: 'Object Repository/Выручка в рублях/2025 список' is clicked on

26-05-2025T08:52:33 - [TEST_STEP][PASSED] - scrollToElement(findTestObject("Выручка в рублях/1 квартал 2025 список" + nameOfBlock), 30): Scroll to object 'Object Repository/Выручка в рублях/1 квартал 2025 список' successfully

26-05-2025T08:52:33 - [MESSAGE][PASSED] - Scroll to object 'Object Repository/Выручка в рублях/1 квартал 2025 список' successfully

26-05-2025T08:52:33 - [TEST_STEP][PASSED] - click(findTestObject("Выручка в рублях/1 квартал 2025 выбрать" + nameOfBlock)): Object: 'Object Repository/Выручка в рублях/1 квартал 2025 выбрать' is clicked on

26-05-2025T08:52:34 - [MESSAGE][PASSED] - Object: 'Object Repository/Выручка в рублях/1 квартал 2025 выбрать' is clicked on

26-05-2025T08:52:34 - [TEST_STEP][PASSED] - scrollToElement(findTestObject("Выручка в рублях/Заголовок дашборда" + nameOfBlock), 30): Scroll to object 'Object Repository/Выручка в рублях/Заголовок дашборда' successfully

26-05-2025T08:52:34 - [MESSAGE][PASSED] - Scroll to object 'Object Repository/Выручка в рублях/Заголовок дашборда' successfully

26-05-2025T08:52:34 - [TEST_STEP][PASSED] - click(findTestObject("Выручка в рублях/Применить в фильтре Дата" + nameOfBlock)): Object: 'Object Repository/Выручка в рублях/Применить в фильтре Дата' is clicked on

26-05-2025T08:52:35 - [MESSAGE][PASSED] - Object: 'Object Repository/Выручка в рублях/Применить в фильтре Дата' is clicked on

26-05-2025T08:52:35 - [TEST_STEP][PASSED] - delay(55): Delayed 55 second(s)

26-05-2025T08:53:30 - [MESSAGE][PASSED] - Delayed 55 second(s)

26-05-2025T08:53:30 - [TEST_STEP][PASSED] - click(findTestObject("Выручка в рублях/Фильтр ДЗО" + nameOfBlock)): Object: 'Object Repository/Выручка в рублях/Фильтр ДЗО' is clicked on

26-05-2025T08:53:30 - [MESSAGE][PASSED] - Object: 'Object Repository/Выручка в рублях/Фильтр ДЗО' is clicked on

26-05-2025T08:53:30 - [TEST_STEP][PASSED] - click(findTestObject("Выручка в рублях/Снять выделение в фильтре ДЗО" + nameOfBlock)): Object: 'Object Repository/Выручка в рублях/Снять выделение в фильтре ДЗО' is clicked on

26-05-2025T08:53:31 - [MESSAGE][PASSED] - Object: 'Object Repository/Выручка в рублях/Снять выделение в фильтре ДЗО' is clicked on

26-05-2025T08:53:31 - [TEST_STEP][PASSED] - click(findTestObject("Выручка в рублях/Применить в фильтре ДЗО" + nameOfBlock)): Object: 'Object Repository/Выручка в рублях/Применить в фильтре ДЗО' is clicked on

26-05-2025T08:53:31 - [MESSAGE][PASSED] - Object: 'Object Repository/Выручка в рублях/Применить в фильтре ДЗО' is clicked on

26-05-2025T08:53:31 - [TEST_STEP][PASSED] - delay(50): Delayed 50 second(s)

26-05-2025T08:54:21 - [MESSAGE][PASSED] - Delayed 50 second(s)

26-05-2025T08:54:21 - [TEST_STEP][PASSED] - Script1742558545601.Tumbler(run, vir, block, nameOfBlock): null

26-05-2025T08:54:21 - [TEST_STEP][PASSED] - println("run:" + run): null

26-05-2025T08:54:21 - [TEST_STEP][PASSED] - println("vir:" + vir): null

26-05-2025T08:54:21 - [TEST_STEP][PASSED] - println("block:" + block): null

26-05-2025T08:54:21 - [TEST_STEP][PASSED] - println("nameOfBlock:" + nameOfBlock): null

26-05-2025T08:54:21 - [TEST_STEP][PASSED] - if (vir == 1): null

26-05-2025T08:54:21 - [TEST_STEP][PASSED] - else if (vir == 2): null

26-05-2025T08:54:21 - [TEST_STEP][PASSED] - else if (vir == 3): Object: 'Object Repository/Выручка в рублях/Применить в фильтре Выручка' is clicked on

26-05-2025T08:54:21 - [TEST_STEP][PASSED] - if (run == 2): Object: 'Object Repository/Выручка в рублях/Переключить отображение с млн на проценты Выручка в рублях' is clicked on

26-05-2025T08:54:21 - [TEST_STEP][PASSED] - click(findTestObject("Выручка в рублях/Переключить отображение с млн на проценты Выручка в рублях" + nameOfBlock)): Object: 'Object Repository/Выручка в рублях/Переключить отображение с млн на проценты Выручка в рублях' is clicked on

26-05-2025T08:54:21 - [MESSAGE][PASSED] - Object: 'Object Repository/Выручка в рублях/Переключить отображение с млн на проценты Выручка в рублях' is clicked on

26-05-2025T08:54:21 - [TEST_STEP][PASSED] - click(findTestObject("Выручка в рублях/Фильтр Выручка" + nameOfBlock)): Object: 'Object Repository/Выручка в рублях/Фильтр Выручка' is clicked on

26-05-2025T08:54:22 - [MESSAGE][PASSED] - Object: 'Object Repository/Выручка в рублях/Фильтр Выручка' is clicked on

26-05-2025T08:54:22 - [TEST_STEP][PASSED] - click(findTestObject("Выручка в рублях/Внутренний оборот в фильтре Выручка" + nameOfBlock)): Object: 'Object Repository/Выручка в рублях/Внутренний оборот в фильтре Выручка' is clicked on

26-05-2025T08:54:22 - [MESSAGE][PASSED] - Object: 'Object Repository/Выручка в рублях/Внутренний оборот в фильтре Выручка' is clicked on

26-05-2025T08:54:22 - [TEST_STEP][PASSED] - click(findTestObject("Выручка в рублях/Применить в фильтре Выручка" + nameOfBlock)): Object: 'Object Repository/Выручка в рублях/Применить в фильтре Выручка' is clicked on

26-05-2025T08:54:23 - [MESSAGE][PASSED] - Object: 'Object Repository/Выручка в рублях/Применить в фильтре Выручка' is clicked on

26-05-2025T08:54:23 - [TEST_STEP][PASSED] - click(findTestObject("Выручка в рублях/Фильтр ДЗО" + nameOfBlock)): Object: 'Object Repository/Выручка в рублях/Фильтр ДЗО' is clicked on

26-05-2025T08:54:25 - [MESSAGE][PASSED] - Object: 'Object Repository/Выручка в рублях/Фильтр ДЗО' is clicked on

26-05-2025T08:54:25 - [TEST_STEP][PASSED] - Script1742558545601.Rosseti(nameOfBlock): null

26-05-2025T08:54:25 - [TEST_STEP][PASSED] - println("nameOfBlock:" + nameOfBlock): null

26-05-2025T08:54:25 - [TEST_STEP][PASSED] - click(findTestObject("Выручка в рублях/ПАО Россети" + nameOfBlock)): Object: 'Object Repository/Выручка в рублях/ПАО Россети' is clicked on

26-05-2025T08:54:25 - [MESSAGE][PASSED] - Object: 'Object Repository/Выручка в рублях/ПАО Россети' is clicked on

26-05-2025T08:54:25 - [TEST_STEP][PASSED] - click(findTestObject("Выручка в рублях/Применить в фильтре ДЗО" + nameOfBlock)): Object: 'Object Repository/Выручка в рублях/Применить в фильтре ДЗО' is clicked on

26-05-2025T08:54:26 - [MESSAGE][PASSED] - Object: 'Object Repository/Выручка в рублях/Применить в фильтре ДЗО' is clicked on

26-05-2025T08:54:26 - [TEST_STEP][PASSED] - if (run == 2): null

26-05-2025T08:54:26 - [TEST_STEP][PASSED] - perc = " Perc": null

26-05-2025T08:54:26 - [TEST_STEP][PASSED] - if (vir == 1 || vir == 2): null

26-05-2025T08:54:26 - [TEST_STEP][PASSED] - else: Text of object 'Object Repository/Выручка в рублях/vir3Plan' is: '7 875'

26-05-2025T08:54:26 - [TEST_STEP][PASSED] - a1 = getText(findTestObject("Выручка в рублях/vir3Plan")): Text of object 'Object Repository/Выручка в рублях/vir3Plan' is: '7 875'

26-05-2025T08:54:27 - [MESSAGE][PASSED] - Text of object 'Object Repository/Выручка в рублях/vir3Plan' is: '7 875'

26-05-2025T08:54:27 - [TEST_STEP][PASSED] - if (vir == 1 || vir == 2): null

26-05-2025T08:54:27 - [TEST_STEP][PASSED] - else: Text of object 'Object Repository/Выручка в рублях/vir3Fact' is: '7 544'

26-05-2025T08:54:27 - [TEST_STEP][PASSED] - a2 = getText(findTestObject("Выручка в рублях/vir3Fact")): Text of object 'Object Repository/Выручка в рублях/vir3Fact' is: '7 544'

26-05-2025T08:54:28 - [MESSAGE][PASSED] - Text of object 'Object Repository/Выручка в рублях/vir3Fact' is: '7 544'

26-05-2025T08:54:28 - [TEST_STEP][PASSED] - a30 = getText(findTestObject("Выручка в рублях/span1" + perc)): Text of object 'Object Repository/Выручка в рублях/span1 Perc' is: '-4.19 %'

26-05-2025T08:54:28 - [MESSAGE][PASSED] - Text of object 'Object Repository/Выручка в рублях/span1 Perc' is: '-4.19 %'

26-05-2025T08:54:28 - [TEST_STEP][PASSED] - i = a30.indexOf("млн.руб."): null

26-05-2025T08:54:28 - [TEST_STEP][PASSED] - if (i > -1): null

26-05-2025T08:54:28 - [TEST_STEP][PASSED] - if (a30.contains("%")): null

26-05-2025T08:54:28 - [TEST_STEP][PASSED] - a30 = a30.replaceAll("%", ""): null

26-05-2025T08:54:28 - [TEST_STEP][PASSED] - a30 = ").trim(): null

26-05-2025T08:54:28 - [TEST_STEP][PASSED] - println("a30: " + a30): null

26-05-2025T08:54:28 - [TEST_STEP][PASSED] - if (vir == 1): null

26-05-2025T08:54:28 - [TEST_STEP][PASSED] - else if (vir == 2): null

26-05-2025T08:54:28 - [TEST_STEP][PASSED] - else: Text of object 'Object Repository/Выручка в рублях/span5 Perc' is: '0.3 %'

26-05-2025T08:54:28 - [TEST_STEP][PASSED] - a32 = ").trim(): Text of object 'Object Repository/Выручка в рублях/span2 Perc' is: '13.65 %'

26-05-2025T08:54:28 - [MESSAGE][PASSED] - Text of object 'Object Repository/Выручка в рублях/span2 Perc' is: '13.65 %'

26-05-2025T08:54:28 - [TEST_STEP][PASSED] - a33 = ").trim(): Text of object 'Object Repository/Выручка в рублях/span3 Perc' is: '-1.94 %'

26-05-2025T08:54:28 - [MESSAGE][PASSED] - Text of object 'Object Repository/Выручка в рублях/span3 Perc' is: '-1.94 %'

26-05-2025T08:54:28 - [TEST_STEP][PASSED] - a38 = ").trim(): Text of object 'Object Repository/Выручка в рублях/span4 Perc' is: '-6.07 %'

26-05-2025T08:54:29 - [MESSAGE][PASSED] - Text of object 'Object Repository/Выручка в рублях/span4 Perc' is: '-6.07 %'

26-05-2025T08:54:29 - [TEST_STEP][PASSED] - a317 = ").trim(): Text of object 'Object Repository/Выручка в рублях/span5 Perc' is: '0.3 %'

26-05-2025T08:54:29 - [MESSAGE][PASSED] - Text of object 'Object Repository/Выручка в рублях/span5 Perc' is: '0.3 %'

26-05-2025T08:54:29 - [TEST_STEP][PASSED] - block = 2: null

26-05-2025T08:54:29 - [TEST_STEP][PASSED] - nameOfBlock = " Выручка": null

26-05-2025T08:54:29 - [TEST_STEP][PASSED] - Script1742558545601.PreSettings(run, vir, block, nameOfBlock, typeOfData, todaysDate): null

26-05-2025T08:54:29 - [TEST_STEP][PASSED] - openBrowser(""): Browser is opened with url: ''

26-05-2025T08:54:29 - [MESSAGE][WARNING] - A browser is already opened. Closing browser and opening a new one

26-05-2025T08:54:29 - [MESSAGE][INFO] - Starting 'Chrome' driver

26-05-2025T08:54:29 - [MESSAGE][INFO] - Action delay is set to 0 milliseconds

26-05-2025T08:54:30 - [MESSAGE][PASSED] - Browser is opened with url: ''

26-05-2025T08:54:30 - [TEST_STEP][PASSED] - refresh(): Refresh successfully

26-05-2025T08:54:30 - [MESSAGE][PASSED] - Refresh successfully

26-05-2025T08:54:30 - [TEST_STEP][PASSED] - delay(50): Delayed 50 second(s)

26-05-2025T08:55:20 - [MESSAGE][PASSED] - Delayed 50 second(s)

26-05-2025T08:55:20 - [TEST_STEP][PASSED] - println("run:" + run): null

26-05-2025T08:55:20 - [TEST_STEP][PASSED] - println("vir:" + vir): null

26-05-2025T08:55:20 - [TEST_STEP][PASSED] - println("block:" + block): null

26-05-2025T08:55:20 - [TEST_STEP][PASSED] - if (block == 1): null

26-05-2025T08:55:20 - [TEST_STEP][PASSED] - else: null

26-05-2025T08:55:20 - [TEST_STEP][PASSED] - nameOfBlock = " Выручка": null

26-05-2025T08:55:20 - [TEST_STEP][PASSED] - println("nameOfBlock:" + nameOfBlock): null

26-05-2025T08:55:20 - [TEST_STEP][PASSED] - println("typeOfData:" + typeOfData): null

26-05-2025T08:55:20 - [TEST_STEP][PASSED] - println("todaysDate:" + todaysDate): null

26-05-2025T08:55:20 - [TEST_STEP][PASSED] - Script1742558545601.Autorization(block, nameOfBlock): null

26-05-2025T08:55:20 - [TEST_STEP][PASSED] - i = <not implemented yet for class: org.codehaus.groovy.ast.expr.EmptyExpression>: null

26-05-2025T08:55:20 - [TEST_STEP][PASSED] - ii = <not implemented yet for class: org.codehaus.groovy.ast.expr.EmptyExpression>: null

26-05-2025T08:55:20 - [TEST_STEP][PASSED] - urlData = <not implemented yet for class: org.codehaus.groovy.ast.expr.EmptyExpression>: null

26-05-2025T08:55:20 - [TEST_STEP][PASSED] - searchWord = <not implemented yet for class: org.codehaus.groovy.ast.expr.EmptyExpression>: null

26-05-2025T08:55:20 - [TEST_STEP][PASSED] - urlText = <not implemented yet for class: org.codehaus.groovy.ast.expr.EmptyExpression>: null

26-05-2025T08:55:20 - [TEST_STEP][PASSED] - println("block:" + block): null

26-05-2025T08:55:20 - [TEST_STEP][PASSED] - if (block == 1): null

26-05-2025T08:55:20 - [TEST_STEP][PASSED] - else: null

26-05-2025T08:55:20 - [TEST_STEP][PASSED] - delay(45): Delayed 45 second(s)

26-05-2025T08:56:05 - [MESSAGE][PASSED] - Delayed 45 second(s)

26-05-2025T08:56:05 - [TEST_STEP][PASSED] - nameOfBlock = " Выручка": null

26-05-2025T08:56:05 - [TEST_STEP][PASSED] - println("nameOfBlock:" + nameOfBlock): null

26-05-2025T08:56:05 - [TEST_STEP][PASSED] - if (block == 1): null

26-05-2025T08:56:05 - [TEST_STEP][PASSED] - else: Delayed 45 second(s)

26-05-2025T08:56:05 - [TEST_STEP][PASSED] - urlData = 9: null

26-05-2025T08:56:05 - [TEST_STEP][PASSED] - delay(45): Delayed 45 second(s)

26-05-2025T08:56:50 - [MESSAGE][PASSED] - Delayed 45 second(s)

26-05-2025T08:56:50 - [TEST_STEP][PASSED] - navigateToUrl(findTestData("PlanFact").getValue(10, urlData)): Navigate to 'https://bi.rosseti.digital/viewer?dashboardGuid=a1fd28b3785d443cbc4d7690a1d78e31&sheetGuid=86092a20c5984827a0c87b24cac76a50&fit=true' successfully

26-05-2025T08:56:52 - [MESSAGE][PASSED] - Navigate to 'https://bi.rosseti.digital/viewer?dashboardGuid=a1fd28b3785d443cbc4d7690a1d78e31&sheetGuid=86092a20c5984827a0c87b24cac76a50&fit=true' successfully

26-05-2025T08:56:52 - [TEST_STEP][PASSED] - urlText = getText(findTestObject("Страница авторизации/Text")): Text of object 'Object Repository/Страница авторизации/Text' is: 'Вход'

26-05-2025T08:56:53 - [MESSAGE][PASSED] - Text of object 'Object Repository/Страница авторизации/Text' is: 'Вход'

26-05-2025T08:56:53 - [TEST_STEP][PASSED] - searchWord = "Вход": null

26-05-2025T08:56:53 - [TEST_STEP][PASSED] - if (urlText == null || urlText.contains("ошибка") || urlText.contains(searchWord) == false): null

26-05-2025T08:56:53 - [TEST_STEP][PASSED] - if (verifyElementPresent(findTestObject("Страница авторизации/button_"), 30) == true): null

26-05-2025T08:56:53 - [MESSAGE][PASSED] - Object 'Object Repository/Страница авторизации/button_' is present

26-05-2025T08:56:53 - [TEST_STEP][PASSED] - setText(findTestObject("Страница авторизации/input__username"), findTestData("PlanFact").getValue(8, 1)): Text 'liazgina-di' is set on object 'Object Repository/Страница авторизации/input__username'

26-05-2025T08:56:54 - [MESSAGE][PASSED] - Text 'liazgina-di' is set on object 'Object Repository/Страница авторизации/input__username'

26-05-2025T08:56:54 - [TEST_STEP][PASSED] - setText(findTestObject("Страница авторизации/input__password"), findTestData("PlanFact").getValue(9, 1)): Text ')$%5srZ8o688Dm#q' is set on object 'Object Repository/Страница авторизации/input__password'

26-05-2025T08:56:55 - [MESSAGE][PASSED] - Text ')$%5srZ8o688Dm#q' is set on object 'Object Repository/Страница авторизации/input__password'

26-05-2025T08:56:55 - [TEST_STEP][PASSED] - click(findTestObject("Страница авторизации/button_")): Object: 'Object Repository/Страница авторизации/button_' is clicked on

26-05-2025T08:56:56 - [MESSAGE][PASSED] - Object: 'Object Repository/Страница авторизации/button_' is clicked on

26-05-2025T08:56:56 - [TEST_STEP][PASSED] - delay(45): Delayed 45 second(s)

26-05-2025T08:57:41 - [MESSAGE][PASSED] - Delayed 45 second(s)

26-05-2025T08:57:41 - [TEST_STEP][PASSED] - urlText = getText(findTestObject("Страница авторизации/Text")): Text of object 'Object Repository/Страница авторизации/Text' is: 'Период
Январь, Февраль, Март 2025 года
Выручка
Все
Выполнение плановых показателей по ПАО Россети за Январь, Февраль, Март 2025 года
План
Факт
Динамика
2025 год
0 млн.руб.
50 000 млн.руб.
100 000 млн.руб.
150 000 млн.руб.
200 000 млн.руб.
250 000 млн.руб.
300 000 млн.руб.
350 000 млн.руб.
400 000 млн.руб.
450 000 млн.руб.
500 000 млн.руб.
550 000 млн.руб.
466 800
463 075
↓
ДЗО 
Все
Подписи данных
⬤Отклонение
АО "РЭС"
АО «Тываэнерго»
АО «Чеченэнерго»
Россети Волга
Россети Кубань
Россети Ленэнерго (ГК)
Россети Московский регион
Россети Северный Кавказ (ГК)
Россети Северо-Запад
Россети Сибирь (ГК)
Россети Томск
Россети Тюмень
Россети Урал (ГК)
Россети ФСК ЕЭС
Россети Центр
Россети Центр и Приволжье (ГК)
Россети Юг (ГК)
Россети Янтарь
-4 000 млн.руб.
-3 500 млн.руб.
-3 000 млн.руб.
-2 500 млн.руб.
-2 000 млн.руб.
-1 500 млн.руб.
-1 000 млн.руб.
- 500 млн.руб.
0 млн.руб.
500 млн.руб.
1 000 млн.руб.
1 500 млн.руб.
2 000 млн.руб.
2 500 млн.руб.
3 000 млн.руб.
3 500 млн.руб.
-261
55
-27
-537
786
62
-3 345
-271
-253
876
-57
-2 765
-987
1 670
-805
-905
-11
3 047
млн.
%
Выручка
Отклонение выручки по ПАО Россети за Январь, Февраль, Март 2025 года (факт/план, млн. руб)
ПАО Россети
-3 725.7 млн.руб.
Статус данных
×
Просьба обратить внимание
Данные занесены и согласованы не полностью
ВЫБРАННЫЕ ЗНАЧЕНИЯ ФИЛЬТРОВ
ДЗО | ПЕРИОД
ПАО Россети: [«Выбраны все филиалы по всем ДЗО по всем категориям»]
2025: [Янв, Фев, Мар]
*Внутренний оборот'

26-05-2025T08:57:41 - [MESSAGE][PASSED] - Text of object 'Object Repository/Страница авторизации/Text' is: 'Период
Январь, Февраль, Март 2025 года
Выручка
Все
Выполнение плановых показателей по ПАО Россети за Январь, Февраль, Март 2025 года
План
Факт
Динамика
2025 год
0 млн.руб.
50 000 млн.руб.
100 000 млн.руб.
150 000 млн.руб.
200 000 млн.руб.
250 000 млн.руб.
300 000 млн.руб.
350 000 млн.руб.
400 000 млн.руб.
450 000 млн.руб.
500 000 млн.руб.
550 000 млн.руб.
466 800
463 075
↓
ДЗО 
Все
Подписи данных
⬤Отклонение
АО "РЭС"
АО «Тываэнерго»
АО «Чеченэнерго»
Россети Волга
Россети Кубань
Россети Ленэнерго (ГК)
Россети Московский регион
Россети Северный Кавказ (ГК)
Россети Северо-Запад
Россети Сибирь (ГК)
Россети Томск
Россети Тюмень
Россети Урал (ГК)
Россети ФСК ЕЭС
Россети Центр
Россети Центр и Приволжье (ГК)
Россети Юг (ГК)
Россети Янтарь
-4 000 млн.руб.
-3 500 млн.руб.
-3 000 млн.руб.
-2 500 млн.руб.
-2 000 млн.руб.
-1 500 млн.руб.
-1 000 млн.руб.
- 500 млн.руб.
0 млн.руб.
500 млн.руб.
1 000 млн.руб.
1 500 млн.руб.
2 000 млн.руб.
2 500 млн.руб.
3 000 млн.руб.
3 500 млн.руб.
-261
55
-27
-537
786
62
-3 345
-271
-253
876
-57
-2 765
-987
1 670
-805
-905
-11
3 047
млн.
%
Выручка
Отклонение выручки по ПАО Россети за Январь, Февраль, Март 2025 года (факт/план, млн. руб)
ПАО Россети
-3 725.7 млн.руб.
Статус данных
×
Просьба обратить внимание
Данные занесены и согласованы не полностью
ВЫБРАННЫЕ ЗНАЧЕНИЯ ФИЛЬТРОВ
ДЗО | ПЕРИОД
ПАО Россети: [«Выбраны все филиалы по всем ДЗО по всем категориям»]
2025: [Янв, Фев, Мар]
*Внутренний оборот'

26-05-2025T08:57:41 - [TEST_STEP][PASSED] - searchWord = "а": null

26-05-2025T08:57:41 - [TEST_STEP][PASSED] - if (urlText.contains("ошибка") || urlText.contains(searchWord) == false): null

26-05-2025T08:57:41 - [TEST_STEP][PASSED] - delay(45): Delayed 45 second(s)

26-05-2025T08:58:26 - [MESSAGE][PASSED] - Delayed 45 second(s)

26-05-2025T08:58:26 - [TEST_STEP][PASSED] - if (block == 2): Delayed 50 second(s)

26-05-2025T08:58:26 - [TEST_STEP][PASSED] - opoveshenie = getText(findTestObject("Выручка в рублях/Просьба обратить внимание")): Text of object 'Object Repository/Выручка в рублях/Просьба обратить внимание' is: 'Просьба обратить внимание'

26-05-2025T08:58:27 - [MESSAGE][PASSED] - Text of object 'Object Repository/Выручка в рублях/Просьба обратить внимание' is: 'Просьба обратить внимание'

26-05-2025T08:58:27 - [TEST_STEP][PASSED] - if (opoveshenie == "Просьба обратить внимание"): Delayed 50 second(s)

26-05-2025T08:58:27 - [TEST_STEP][PASSED] - click(findTestObject("Выручка в рублях/Закрыть оповещение")): Object: 'Object Repository/Выручка в рублях/Закрыть оповещение' is clicked on

26-05-2025T08:58:27 - [MESSAGE][PASSED] - Object: 'Object Repository/Выручка в рублях/Закрыть оповещение' is clicked on

26-05-2025T08:58:27 - [TEST_STEP][PASSED] - delay(50): Delayed 50 second(s)

26-05-2025T08:59:17 - [MESSAGE][PASSED] - Delayed 50 second(s)

26-05-2025T08:59:17 - [TEST_STEP][PASSED] - click(findTestObject("Выручка в рублях/Фильтр Период" + nameOfBlock)): Object: 'Object Repository/Выручка в рублях/Фильтр Период Выручка' is clicked on

26-05-2025T08:59:18 - [MESSAGE][PASSED] - Object: 'Object Repository/Выручка в рублях/Фильтр Период Выручка' is clicked on

26-05-2025T08:59:18 - [TEST_STEP][PASSED] - click(findTestObject("Выручка в рублях/Снять выделение в фильтре Дата" + nameOfBlock)): Object: 'Object Repository/Выручка в рублях/Снять выделение в фильтре Дата Выручка' is clicked on

26-05-2025T08:59:18 - [MESSAGE][PASSED] - Object: 'Object Repository/Выручка в рублях/Снять выделение в фильтре Дата Выручка' is clicked on

26-05-2025T08:59:18 - [TEST_STEP][PASSED] - click(findTestObject("Выручка в рублях/Применить в фильтре Дата" + nameOfBlock)): Object: 'Object Repository/Выручка в рублях/Применить в фильтре Дата Выручка' is clicked on

26-05-2025T08:59:19 - [MESSAGE][PASSED] - Object: 'Object Repository/Выручка в рублях/Применить в фильтре Дата Выручка' is clicked on

26-05-2025T08:59:19 - [TEST_STEP][PASSED] - delay(50): Delayed 50 second(s)

26-05-2025T09:00:09 - [MESSAGE][PASSED] - Delayed 50 second(s)

26-05-2025T09:00:09 - [TEST_STEP][PASSED] - click(findTestObject("Выручка в рублях/Фильтр Период" + nameOfBlock)): Object: 'Object Repository/Выручка в рублях/Фильтр Период Выручка' is clicked on

26-05-2025T09:00:09 - [MESSAGE][PASSED] - Object: 'Object Repository/Выручка в рублях/Фильтр Период Выручка' is clicked on

26-05-2025T09:00:09 - [TEST_STEP][PASSED] - click(findTestObject("Выручка в рублях/Снять выделение в фильтре Дата" + nameOfBlock)): Object: 'Object Repository/Выручка в рублях/Снять выделение в фильтре Дата Выручка' is clicked on

26-05-2025T09:00:10 - [MESSAGE][PASSED] - Object: 'Object Repository/Выручка в рублях/Снять выделение в фильтре Дата Выручка' is clicked on

26-05-2025T09:00:10 - [TEST_STEP][PASSED] - scrollToElement(findTestObject("Выручка в рублях/2025 список" + nameOfBlock), 30): Scroll to object 'Object Repository/Выручка в рублях/2025 список Выручка' successfully

26-05-2025T09:00:10 - [MESSAGE][PASSED] - Scroll to object 'Object Repository/Выручка в рублях/2025 список Выручка' successfully

26-05-2025T09:00:10 - [TEST_STEP][PASSED] - click(findTestObject("Выручка в рублях/2025 список" + nameOfBlock)): Object: 'Object Repository/Выручка в рублях/2025 список Выручка' is clicked on

26-05-2025T09:00:10 - [MESSAGE][PASSED] - Object: 'Object Repository/Выручка в рублях/2025 список Выручка' is clicked on

26-05-2025T09:00:10 - [TEST_STEP][PASSED] - scrollToElement(findTestObject("Выручка в рублях/1 квартал 2025 список" + nameOfBlock), 30): Scroll to object 'Object Repository/Выручка в рублях/1 квартал 2025 список Выручка' successfully

26-05-2025T09:00:11 - [MESSAGE][PASSED] - Scroll to object 'Object Repository/Выручка в рублях/1 квартал 2025 список Выручка' successfully

26-05-2025T09:00:11 - [TEST_STEP][PASSED] - click(findTestObject("Выручка в рублях/1 квартал 2025 выбрать" + nameOfBlock)): Object: 'Object Repository/Выручка в рублях/1 квартал 2025 выбрать Выручка' is clicked on

26-05-2025T09:00:11 - [MESSAGE][PASSED] - Object: 'Object Repository/Выручка в рублях/1 квартал 2025 выбрать Выручка' is clicked on

26-05-2025T09:00:11 - [TEST_STEP][PASSED] - scrollToElement(findTestObject("Выручка в рублях/Заголовок дашборда" + nameOfBlock), 30): Scroll to object 'Object Repository/Выручка в рублях/Заголовок дашборда Выручка' successfully

26-05-2025T09:00:12 - [MESSAGE][PASSED] - Scroll to object 'Object Repository/Выручка в рублях/Заголовок дашборда Выручка' successfully

26-05-2025T09:00:12 - [TEST_STEP][PASSED] - click(findTestObject("Выручка в рублях/Применить в фильтре Дата" + nameOfBlock)): Object: 'Object Repository/Выручка в рублях/Применить в фильтре Дата Выручка' is clicked on

26-05-2025T09:00:12 - [MESSAGE][PASSED] - Object: 'Object Repository/Выручка в рублях/Применить в фильтре Дата Выручка' is clicked on

26-05-2025T09:00:12 - [TEST_STEP][PASSED] - delay(55): Delayed 55 second(s)

26-05-2025T09:01:07 - [MESSAGE][PASSED] - Delayed 55 second(s)

26-05-2025T09:01:07 - [TEST_STEP][PASSED] - click(findTestObject("Выручка в рублях/Фильтр ДЗО" + nameOfBlock)): Object: 'Object Repository/Выручка в рублях/Фильтр ДЗО Выручка' is clicked on

26-05-2025T09:01:07 - [MESSAGE][PASSED] - Object: 'Object Repository/Выручка в рублях/Фильтр ДЗО Выручка' is clicked on

26-05-2025T09:01:07 - [TEST_STEP][PASSED] - click(findTestObject("Выручка в рублях/Снять выделение в фильтре ДЗО" + nameOfBlock)): Object: 'Object Repository/Выручка в рублях/Снять выделение в фильтре ДЗО Выручка' is clicked on

26-05-2025T09:01:08 - [MESSAGE][PASSED] - Object: 'Object Repository/Выручка в рублях/Снять выделение в фильтре ДЗО Выручка' is clicked on

26-05-2025T09:01:08 - [TEST_STEP][PASSED] - click(findTestObject("Выручка в рублях/Применить в фильтре ДЗО" + nameOfBlock)): Object: 'Object Repository/Выручка в рублях/Применить в фильтре ДЗО Выручка' is clicked on

26-05-2025T09:01:09 - [MESSAGE][PASSED] - Object: 'Object Repository/Выручка в рублях/Применить в фильтре ДЗО Выручка' is clicked on

26-05-2025T09:01:09 - [TEST_STEP][PASSED] - delay(50): Delayed 50 second(s)

26-05-2025T09:01:59 - [MESSAGE][PASSED] - Delayed 50 second(s)

26-05-2025T09:01:59 - [TEST_STEP][PASSED] - Script1742558545601.Tumbler(run, vir, block, nameOfBlock): null

26-05-2025T09:01:59 - [TEST_STEP][PASSED] - println("run:" + run): null

26-05-2025T09:01:59 - [TEST_STEP][PASSED] - println("vir:" + vir): null

26-05-2025T09:01:59 - [TEST_STEP][PASSED] - println("block:" + block): null

26-05-2025T09:01:59 - [TEST_STEP][PASSED] - println("nameOfBlock:" + nameOfBlock): null

26-05-2025T09:01:59 - [TEST_STEP][PASSED] - if (vir == 1): null

26-05-2025T09:01:59 - [TEST_STEP][PASSED] - else if (vir == 2): null

26-05-2025T09:01:59 - [TEST_STEP][PASSED] - else if (vir == 3): Object: 'Object Repository/Выручка в рублях/Применить в фильтре Выручка Выручка' is clicked on

26-05-2025T09:01:59 - [TEST_STEP][PASSED] - if (run == 2): Object: 'Object Repository/Выручка в рублях/Переключить отображение с млн на проценты Выручка в рублях Выручка' is clicked on

26-05-2025T09:01:59 - [TEST_STEP][PASSED] - click(findTestObject("Выручка в рублях/Переключить отображение с млн на проценты Выручка в рублях" + nameOfBlock)): Object: 'Object Repository/Выручка в рублях/Переключить отображение с млн на проценты Выручка в рублях Выручка' is clicked on

26-05-2025T09:01:59 - [MESSAGE][PASSED] - Object: 'Object Repository/Выручка в рублях/Переключить отображение с млн на проценты Выручка в рублях Выручка' is clicked on

26-05-2025T09:01:59 - [TEST_STEP][PASSED] - click(findTestObject("Выручка в рублях/Фильтр Выручка" + nameOfBlock)): Object: 'Object Repository/Выручка в рублях/Фильтр Выручка Выручка' is clicked on

26-05-2025T09:01:59 - [MESSAGE][PASSED] - Object: 'Object Repository/Выручка в рублях/Фильтр Выручка Выручка' is clicked on

26-05-2025T09:01:59 - [TEST_STEP][PASSED] - click(findTestObject("Выручка в рублях/Внутренний оборот в фильтре Выручка" + nameOfBlock)): Object: 'Object Repository/Выручка в рублях/Внутренний оборот в фильтре Выручка Выручка' is clicked on

26-05-2025T09:02:00 - [MESSAGE][PASSED] - Object: 'Object Repository/Выручка в рублях/Внутренний оборот в фильтре Выручка Выручка' is clicked on

26-05-2025T09:02:00 - [TEST_STEP][PASSED] - click(findTestObject("Выручка в рублях/Применить в фильтре Выручка" + nameOfBlock)): Object: 'Object Repository/Выручка в рублях/Применить в фильтре Выручка Выручка' is clicked on

26-05-2025T09:02:00 - [MESSAGE][PASSED] - Object: 'Object Repository/Выручка в рублях/Применить в фильтре Выручка Выручка' is clicked on

26-05-2025T09:02:00 - [TEST_STEP][PASSED] - click(findTestObject("Выручка в рублях/Фильтр ДЗО" + nameOfBlock)): Object: 'Object Repository/Выручка в рублях/Фильтр ДЗО Выручка' is clicked on

26-05-2025T09:02:02 - [MESSAGE][PASSED] - Object: 'Object Repository/Выручка в рублях/Фильтр ДЗО Выручка' is clicked on

26-05-2025T09:02:02 - [TEST_STEP][PASSED] - Script1742558545601.Rosseti(nameOfBlock): null

26-05-2025T09:02:02 - [TEST_STEP][PASSED] - println("nameOfBlock:" + nameOfBlock): null

26-05-2025T09:02:02 - [TEST_STEP][PASSED] - click(findTestObject("Выручка в рублях/ПАО Россети" + nameOfBlock)): Object: 'Object Repository/Выручка в рублях/ПАО Россети Выручка' is clicked on

26-05-2025T09:02:03 - [MESSAGE][PASSED] - Object: 'Object Repository/Выручка в рублях/ПАО Россети Выручка' is clicked on

26-05-2025T09:02:03 - [TEST_STEP][PASSED] - click(findTestObject("Выручка в рублях/Применить в фильтре ДЗО" + nameOfBlock)): Object: 'Object Repository/Выручка в рублях/Применить в фильтре ДЗО Выручка' is clicked on

26-05-2025T09:02:03 - [MESSAGE][PASSED] - Object: 'Object Repository/Выручка в рублях/Применить в фильтре ДЗО Выручка' is clicked on

26-05-2025T09:02:03 - [TEST_STEP][PASSED] - if (vir == 1 || vir == 2): null

26-05-2025T09:02:03 - [TEST_STEP][PASSED] - else: Text of object 'Object Repository/Выручка в рублях/vir3Plan Выручка' is: '7 875'

26-05-2025T09:02:03 - [TEST_STEP][PASSED] - b1 = getText(findTestObject("Выручка в рублях/vir3Plan Выручка")): Text of object 'Object Repository/Выручка в рублях/vir3Plan Выручка' is: '7 875'

26-05-2025T09:02:04 - [MESSAGE][PASSED] - Text of object 'Object Repository/Выручка в рублях/vir3Plan Выручка' is: '7 875'

26-05-2025T09:02:04 - [TEST_STEP][PASSED] - if (vir == 1 || vir == 2): null

26-05-2025T09:02:04 - [TEST_STEP][PASSED] - else: Text of object 'Object Repository/Выручка в рублях/vir3Fact Выручка' is: '7 544'

26-05-2025T09:02:04 - [TEST_STEP][PASSED] - b2 = getText(findTestObject("Выручка в рублях/vir3Fact Выручка")): Text of object 'Object Repository/Выручка в рублях/vir3Fact Выручка' is: '7 544'

26-05-2025T09:02:05 - [MESSAGE][PASSED] - Text of object 'Object Repository/Выручка в рублях/vir3Fact Выручка' is: '7 544'

26-05-2025T09:02:05 - [TEST_STEP][PASSED] - b30 = getText(findTestObject("Выручка в рублях/span1" + perc)): Text of object 'Object Repository/Выручка в рублях/span1 Perc' is: '-4.19 %'

26-05-2025T09:02:05 - [MESSAGE][PASSED] - Text of object 'Object Repository/Выручка в рублях/span1 Perc' is: '-4.19 %'

26-05-2025T09:02:05 - [TEST_STEP][PASSED] - i = b30.indexOf("млн.руб."): null

26-05-2025T09:02:05 - [TEST_STEP][PASSED] - if (i > -1): null

26-05-2025T09:02:05 - [TEST_STEP][PASSED] - if (b30.contains("%")): null

26-05-2025T09:02:05 - [TEST_STEP][PASSED] - b30 = b30.replaceAll("%", ""): null

26-05-2025T09:02:05 - [TEST_STEP][PASSED] - b30 = ").trim(): null

26-05-2025T09:02:05 - [TEST_STEP][PASSED] - println("b30: " + b30): null

26-05-2025T09:02:05 - [TEST_STEP][PASSED] - if (vir == 1): null

26-05-2025T09:02:05 - [TEST_STEP][PASSED] - else if (vir == 2): null

26-05-2025T09:02:05 - [TEST_STEP][PASSED] - else: Text of object 'Object Repository/Выручка в рублях/span5 Perc' is: '0.3 %'

26-05-2025T09:02:05 - [TEST_STEP][PASSED] - b32 = ").trim(): Text of object 'Object Repository/Выручка в рублях/span2 Perc' is: '13.65 %'

26-05-2025T09:02:05 - [MESSAGE][PASSED] - Text of object 'Object Repository/Выручка в рублях/span2 Perc' is: '13.65 %'

26-05-2025T09:02:05 - [TEST_STEP][PASSED] - b33 = ").trim(): Text of object 'Object Repository/Выручка в рублях/span3 Perc' is: '-1.94 %'

26-05-2025T09:02:05 - [MESSAGE][PASSED] - Text of object 'Object Repository/Выручка в рублях/span3 Perc' is: '-1.94 %'

26-05-2025T09:02:05 - [TEST_STEP][PASSED] - b38 = ").trim(): Text of object 'Object Repository/Выручка в рублях/span4 Perc' is: '-6.07 %'

26-05-2025T09:02:06 - [MESSAGE][PASSED] - Text of object 'Object Repository/Выручка в рублях/span4 Perc' is: '-6.07 %'

26-05-2025T09:02:06 - [TEST_STEP][PASSED] - b317 = ").trim(): Text of object 'Object Repository/Выручка в рублях/span5 Perc' is: '0.3 %'

26-05-2025T09:02:06 - [MESSAGE][PASSED] - Text of object 'Object Repository/Выручка в рублях/span5 Perc' is: '0.3 %'

26-05-2025T09:02:06 - [TEST_STEP][PASSED] - dZO = "ПАО Россети": null

26-05-2025T09:02:06 - [TEST_STEP][PASSED] - if (verifyEqual(a1, b1) == false): Actual object '7 875' and expected object '7 875' are equal

26-05-2025T09:02:06 - [MESSAGE][PASSED] - Actual object '7 875' and expected object '7 875' are equal

26-05-2025T09:02:06 - [TEST_STEP][PASSED] - if (verifyEqual(a2, b2) == false): Actual object '7 544' and expected object '7 544' are equal

26-05-2025T09:02:06 - [MESSAGE][PASSED] - Actual object '7 544' and expected object '7 544' are equal

26-05-2025T09:02:06 - [TEST_STEP][PASSED] - vidget = "Отклонения": null

26-05-2025T09:02:06 - [TEST_STEP][PASSED] - if (verifyEqual(a30, b30) == false): Actual object '-4.19' and expected object '-4.19' are equal

26-05-2025T09:02:06 - [MESSAGE][PASSED] - Actual object '-4.19' and expected object '-4.19' are equal

26-05-2025T09:02:06 - [TEST_STEP][PASSED] - dZO = "АО «РЭС»": null

26-05-2025T09:02:06 - [TEST_STEP][PASSED] - if (verifyEqual(a31, b31) == false): Actual object 'null' and expected object 'null' are equal

26-05-2025T09:02:06 - [MESSAGE][PASSED] - Actual object 'null' and expected object 'null' are equal

26-05-2025T09:02:06 - [TEST_STEP][PASSED] - dZO = "АО «Тываэнерго»": null

26-05-2025T09:02:06 - [TEST_STEP][PASSED] - if (verifyEqual(a32, b32) == false): Actual object '13.65' and expected object '13.65' are equal

26-05-2025T09:02:06 - [MESSAGE][PASSED] - Actual object '13.65' and expected object '13.65' are equal

26-05-2025T09:02:06 - [TEST_STEP][PASSED] - dZO = "АО «Чеченэнерго»": null

26-05-2025T09:02:06 - [TEST_STEP][PASSED] - if (verifyEqual(a33, b33) == false): Actual object '-1.94' and expected object '-1.94' are equal

26-05-2025T09:02:06 - [MESSAGE][PASSED] - Actual object '-1.94' and expected object '-1.94' are equal

26-05-2025T09:02:06 - [TEST_STEP][PASSED] - dZO = "Россети Волга": null

26-05-2025T09:02:06 - [TEST_STEP][PASSED] - if (verifyEqual(a34, b34) == false): Actual object 'null' and expected object 'null' are equal

26-05-2025T09:02:06 - [MESSAGE][PASSED] - Actual object 'null' and expected object 'null' are equal

26-05-2025T09:02:06 - [TEST_STEP][PASSED] - dZO = "Россети Кубань": null

26-05-2025T09:02:06 - [TEST_STEP][PASSED] - if (verifyEqual(a35, b35) == false): Actual object 'null' and expected object 'null' are equal

26-05-2025T09:02:06 - [MESSAGE][PASSED] - Actual object 'null' and expected object 'null' are equal

26-05-2025T09:02:06 - [TEST_STEP][PASSED] - dZO = "Россети Ленэнерго (ГК)": null

26-05-2025T09:02:06 - [TEST_STEP][PASSED] - if (verifyEqual(a36, b36) == false): Actual object 'null' and expected object 'null' are equal

26-05-2025T09:02:06 - [MESSAGE][PASSED] - Actual object 'null' and expected object 'null' are equal

26-05-2025T09:02:06 - [TEST_STEP][PASSED] - dZO = "Россети Московский регион": null

26-05-2025T09:02:06 - [TEST_STEP][PASSED] - if (verifyEqual(a37, b37) == false): Actual object 'null' and expected object 'null' are equal

26-05-2025T09:02:06 - [MESSAGE][PASSED] - Actual object 'null' and expected object 'null' are equal

26-05-2025T09:02:06 - [TEST_STEP][PASSED] - dZO = "Россети Северный Кавказ (ГК)": null

26-05-2025T09:02:06 - [TEST_STEP][PASSED] - if (verifyEqual(a38, b38) == false): Actual object '-6.07' and expected object '-6.07' are equal

26-05-2025T09:02:06 - [MESSAGE][PASSED] - Actual object '-6.07' and expected object '-6.07' are equal

26-05-2025T09:02:06 - [TEST_STEP][PASSED] - dZO = "Россети Северо-Запад": null

26-05-2025T09:02:06 - [TEST_STEP][PASSED] - if (verifyEqual(a39, b39) == false): Actual object 'null' and expected object 'null' are equal

26-05-2025T09:02:06 - [MESSAGE][PASSED] - Actual object 'null' and expected object 'null' are equal

26-05-2025T09:02:06 - [TEST_STEP][PASSED] - dZO = "Россети Сибирь (ГК)": null

26-05-2025T09:02:06 - [TEST_STEP][PASSED] - if (verifyEqual(a310, b310) == false): Actual object 'null' and expected object 'null' are equal

26-05-2025T09:02:06 - [MESSAGE][PASSED] - Actual object 'null' and expected object 'null' are equal

26-05-2025T09:02:06 - [TEST_STEP][PASSED] - dZO = "Россети Томск": null

26-05-2025T09:02:06 - [TEST_STEP][PASSED] - if (verifyEqual(a311, b311) == false): Actual object 'null' and expected object 'null' are equal

26-05-2025T09:02:06 - [MESSAGE][PASSED] - Actual object 'null' and expected object 'null' are equal

26-05-2025T09:02:06 - [TEST_STEP][PASSED] - dZO = "Россети Тюмень": null

26-05-2025T09:02:06 - [TEST_STEP][PASSED] - if (verifyEqual(a312, b312) == false): Actual object 'null' and expected object 'null' are equal

26-05-2025T09:02:06 - [MESSAGE][PASSED] - Actual object 'null' and expected object 'null' are equal

26-05-2025T09:02:06 - [TEST_STEP][PASSED] - dZO = "Россети Урал (ГК)": null

26-05-2025T09:02:06 - [TEST_STEP][PASSED] - if (verifyEqual(a313, b313) == false): Actual object 'null' and expected object 'null' are equal

26-05-2025T09:02:06 - [MESSAGE][PASSED] - Actual object 'null' and expected object 'null' are equal

26-05-2025T09:02:06 - [TEST_STEP][PASSED] - dZO = "Россети ФСК ЕЭС": null

26-05-2025T09:02:06 - [TEST_STEP][PASSED] - if (verifyEqual(a314, b314) == false): Actual object 'null' and expected object 'null' are equal

26-05-2025T09:02:06 - [MESSAGE][PASSED] - Actual object 'null' and expected object 'null' are equal

26-05-2025T09:02:06 - [TEST_STEP][PASSED] - dZO = "Россети Центр": null

26-05-2025T09:02:06 - [TEST_STEP][PASSED] - if (verifyEqual(a315, b315) == false): Actual object 'null' and expected object 'null' are equal

26-05-2025T09:02:06 - [MESSAGE][PASSED] - Actual object 'null' and expected object 'null' are equal

26-05-2025T09:02:06 - [TEST_STEP][PASSED] - dZO = "Россети Центр и Приволжье (ГК)": null

26-05-2025T09:02:06 - [TEST_STEP][PASSED] - if (verifyEqual(a316, b316) == false): Actual object 'null' and expected object 'null' are equal

26-05-2025T09:02:06 - [MESSAGE][PASSED] - Actual object 'null' and expected object 'null' are equal

26-05-2025T09:02:06 - [TEST_STEP][PASSED] - dZO = "Россети Юг (ГК)": null

26-05-2025T09:02:06 - [TEST_STEP][PASSED] - if (verifyEqual(a317, b317) == false): Actual object '0.3' and expected object '0.3' are equal

26-05-2025T09:02:06 - [MESSAGE][PASSED] - Actual object '0.3' and expected object '0.3' are equal

26-05-2025T09:02:06 - [TEST_STEP][PASSED] - dZO = "Россети Янтарь": null

26-05-2025T09:02:06 - [TEST_STEP][PASSED] - if (verifyEqual(a318, b318) == false): Actual object 'null' and expected object 'null' are equal

26-05-2025T09:02:06 - [MESSAGE][PASSED] - Actual object 'null' and expected object 'null' are equal

26-05-2025T09:02:06 - [TEST_STEP][PASSED] - closeBrowser(): Browser is closed

26-05-2025T09:02:06 - [MESSAGE][PASSED] - Browser is closed]]></system-out>
         <system-err><![CDATA[]]></system-err>
      </testcase>
      <testcase name="Test Cases/Сверки дашбордов/Выручка по ДЗО сверка дашбордов" time="139.736" classname="Test Cases/Сверки дашбордов/Выручка по ДЗО сверка дашбордов" status="PASSED">
         <system-out><![CDATA[26-05-2025T09:02:06 - [TEST_CASE][PASSED] - Test Cases/Сверки дашбордов/Выручка по ДЗО сверка дашбордов: Test Cases/Сверки дашбордов/Выручка по ДЗО сверка дашбордов

26-05-2025T09:02:06 - [TEST_STEP][PASSED] - date = new java.util.Date(): null

26-05-2025T09:02:06 - [TEST_STEP][PASSED] - todaysDate = date.format("dd.MM.yyyy"): null

26-05-2025T09:02:06 - [TEST_STEP][PASSED] - println(todaysDate): null

26-05-2025T09:02:07 - [TEST_STEP][PASSED] - openBrowser(""): Browser is opened with url: ''

26-05-2025T09:02:07 - [MESSAGE][INFO] - Starting 'Chrome' driver

26-05-2025T09:02:07 - [MESSAGE][INFO] - Action delay is set to 0 milliseconds

26-05-2025T09:02:07 - [MESSAGE][PASSED] - Browser is opened with url: ''

26-05-2025T09:02:07 - [TEST_STEP][PASSED] - navigateToUrl(findTestData("PlanFact").getValue(10, 5)): Navigate to 'https://bi.rosseti.digital/viewer?dashboardGuid=2301950b23be4ed89c1df75f2020051e&sheetGuid=31530aa0b6664c09b016b7f2ab9d853e&fit=true' successfully

26-05-2025T09:02:10 - [MESSAGE][PASSED] - Navigate to 'https://bi.rosseti.digital/viewer?dashboardGuid=2301950b23be4ed89c1df75f2020051e&sheetGuid=31530aa0b6664c09b016b7f2ab9d853e&fit=true' successfully

26-05-2025T09:02:10 - [TEST_STEP][PASSED] - setText(findTestObject("Страница авторизации/input__username"), findTestData("PlanFact").getValue(8, 1)): Text 'liazgina-di' is set on object 'Object Repository/Страница авторизации/input__username'

26-05-2025T09:02:11 - [MESSAGE][PASSED] - Text 'liazgina-di' is set on object 'Object Repository/Страница авторизации/input__username'

26-05-2025T09:02:11 - [TEST_STEP][PASSED] - setText(findTestObject("Страница авторизации/input__password"), findTestData("PlanFact").getValue(9, 1)): Text ')$%5srZ8o688Dm#q' is set on object 'Object Repository/Страница авторизации/input__password'

26-05-2025T09:02:12 - [MESSAGE][PASSED] - Text ')$%5srZ8o688Dm#q' is set on object 'Object Repository/Страница авторизации/input__password'

26-05-2025T09:02:12 - [TEST_STEP][PASSED] - click(findTestObject("Страница авторизации/button_")): Object: 'Object Repository/Страница авторизации/button_' is clicked on

26-05-2025T09:02:13 - [MESSAGE][PASSED] - Object: 'Object Repository/Страница авторизации/button_' is clicked on

26-05-2025T09:02:13 - [TEST_STEP][PASSED] - delay(30): Delayed 30 second(s)

26-05-2025T09:02:43 - [MESSAGE][PASSED] - Delayed 30 second(s)

26-05-2025T09:02:43 - [TEST_STEP][PASSED] - click(findTestObject("Выручка по ДЗО/Фильтр Дата")): Object: 'Object Repository/Выручка по ДЗО/Фильтр Дата' is clicked on

26-05-2025T09:02:43 - [MESSAGE][PASSED] - Object: 'Object Repository/Выручка по ДЗО/Фильтр Дата' is clicked on

26-05-2025T09:02:43 - [TEST_STEP][PASSED] - click(findTestObject("Выручка по ДЗО/Снять выделение в фильтре Дата")): Object: 'Object Repository/Выручка по ДЗО/Снять выделение в фильтре Дата' is clicked on

26-05-2025T09:02:44 - [MESSAGE][PASSED] - Object: 'Object Repository/Выручка по ДЗО/Снять выделение в фильтре Дата' is clicked on

26-05-2025T09:02:44 - [TEST_STEP][PASSED] - click(findTestObject("Выручка по ДЗО/Применить в фильтре Дата")): Object: 'Object Repository/Выручка по ДЗО/Применить в фильтре Дата' is clicked on

26-05-2025T09:02:44 - [MESSAGE][PASSED] - Object: 'Object Repository/Выручка по ДЗО/Применить в фильтре Дата' is clicked on

26-05-2025T09:02:44 - [TEST_STEP][PASSED] - click(findTestObject("Выручка по ДЗО/Фильтр Дата")): Object: 'Object Repository/Выручка по ДЗО/Фильтр Дата' is clicked on

26-05-2025T09:02:46 - [MESSAGE][PASSED] - Object: 'Object Repository/Выручка по ДЗО/Фильтр Дата' is clicked on

26-05-2025T09:02:46 - [TEST_STEP][PASSED] - click(findTestObject("Выручка по ДЗО/Снять выделение в фильтре Дата")): Object: 'Object Repository/Выручка по ДЗО/Снять выделение в фильтре Дата' is clicked on

26-05-2025T09:02:46 - [MESSAGE][PASSED] - Object: 'Object Repository/Выручка по ДЗО/Снять выделение в фильтре Дата' is clicked on

26-05-2025T09:02:46 - [TEST_STEP][PASSED] - scrollToElement(findTestObject("Выручка по ДЗО/2025 список"), 30): Scroll to object 'Object Repository/Выручка по ДЗО/2025 список' successfully

26-05-2025T09:02:46 - [MESSAGE][PASSED] - Scroll to object 'Object Repository/Выручка по ДЗО/2025 список' successfully

26-05-2025T09:02:46 - [TEST_STEP][PASSED] - click(findTestObject("Выручка по ДЗО/2025 список")): Object: 'Object Repository/Выручка по ДЗО/2025 список' is clicked on

26-05-2025T09:02:47 - [MESSAGE][PASSED] - Object: 'Object Repository/Выручка по ДЗО/2025 список' is clicked on

26-05-2025T09:02:47 - [TEST_STEP][PASSED] - scrollToElement(findTestObject("Выручка по ДЗО/1 квартал 2025 список"), 30): Scroll to object 'Object Repository/Выручка по ДЗО/1 квартал 2025 список' successfully

26-05-2025T09:02:47 - [MESSAGE][PASSED] - Scroll to object 'Object Repository/Выручка по ДЗО/1 квартал 2025 список' successfully

26-05-2025T09:02:47 - [TEST_STEP][PASSED] - click(findTestObject("Выручка по ДЗО/1 квартал 2025 выбрать"), CONTINUE_ON_FAILURE): Object: 'Object Repository/Выручка по ДЗО/1 квартал 2025 выбрать' is clicked on

26-05-2025T09:02:48 - [MESSAGE][PASSED] - Object: 'Object Repository/Выручка по ДЗО/1 квартал 2025 выбрать' is clicked on

26-05-2025T09:02:48 - [TEST_STEP][PASSED] - scrollToElement(findTestObject("Выручка по ДЗО/Заголовок дашборда"), 30): Scroll to object 'Object Repository/Выручка по ДЗО/Заголовок дашборда' successfully

26-05-2025T09:02:48 - [MESSAGE][PASSED] - Scroll to object 'Object Repository/Выручка по ДЗО/Заголовок дашборда' successfully

26-05-2025T09:02:48 - [TEST_STEP][PASSED] - click(findTestObject("Выручка по ДЗО/Применить в фильтре Дата")): Object: 'Object Repository/Выручка по ДЗО/Применить в фильтре Дата' is clicked on

26-05-2025T09:02:49 - [MESSAGE][PASSED] - Object: 'Object Repository/Выручка по ДЗО/Применить в фильтре Дата' is clicked on

26-05-2025T09:02:49 - [TEST_STEP][PASSED] - delay(30): Delayed 30 second(s)

26-05-2025T09:03:19 - [MESSAGE][PASSED] - Delayed 30 second(s)

26-05-2025T09:03:19 - [TEST_STEP][PASSED] - a1 = getText(findTestObject("Выручка по ДЗО/График1 Выполнение плановых показателей Блок руководителя")): Text of object 'Object Repository/Выручка по ДЗО/График1 Выполнение плановых показателей Блок руководителя' is: '6 689 6 689
748 748
1 389 1 389
31 428 31 428
21 543 21 543
33 021 33 021
66 175 66 175
12 049 12 049
19 821 19 821
31 646 31 646
3 059 3 059
29 304 29 304
31 312 31 312
84 173 84 173
35 644 35 644
38 734 38 734
20 064 20 064
0 0
6 428 6 428
804 804
1 362 1 362
30 891 30 891
22 329 22 329
33 083 33 083
62 829 62 829
11 778 11 778
19 568 19 568
32 523 32 523
3 002 3 002
26 539 26 539
30 325 30 325
85 844 85 844
34 839 34 839
37 830 37 830
20 053 20 053
3 047 3 047
План
Факт
АО "РЭС"
АО «Тываэнерго»
АО «Чеченэнерго»
Россети Волга
Россети Кубань
Россети Ленэнерго (ГК)
Россети Московский регион
Россети Северный Кавказ (ГК)
Россети Северо-Запад
Россети Сибирь (ГК)
Россети Томск
Россети Тюмень
Россети Урал (ГК)
Россети ФСК ЕЭС
Россети Центр
Россети Центр и Приволжье (ГК)
Россети Юг (ГК)
Россети Янтарь
0 млн. руб.
10 000 млн. руб.
20 000 млн. руб.
30 000 млн. руб.
40 000 млн. руб.
50 000 млн. руб.
60 000 млн. руб.
70 000 млн. руб.
80 000 млн. руб.
90 000 млн. руб.
100 000 млн. руб.'

26-05-2025T09:03:19 - [MESSAGE][PASSED] - Text of object 'Object Repository/Выручка по ДЗО/График1 Выполнение плановых показателей Блок руководителя' is: '6 689 6 689
748 748
1 389 1 389
31 428 31 428
21 543 21 543
33 021 33 021
66 175 66 175
12 049 12 049
19 821 19 821
31 646 31 646
3 059 3 059
29 304 29 304
31 312 31 312
84 173 84 173
35 644 35 644
38 734 38 734
20 064 20 064
0 0
6 428 6 428
804 804
1 362 1 362
30 891 30 891
22 329 22 329
33 083 33 083
62 829 62 829
11 778 11 778
19 568 19 568
32 523 32 523
3 002 3 002
26 539 26 539
30 325 30 325
85 844 85 844
34 839 34 839
37 830 37 830
20 053 20 053
3 047 3 047
План
Факт
АО "РЭС"
АО «Тываэнерго»
АО «Чеченэнерго»
Россети Волга
Россети Кубань
Россети Ленэнерго (ГК)
Россети Московский регион
Россети Северный Кавказ (ГК)
Россети Северо-Запад
Россети Сибирь (ГК)
Россети Томск
Россети Тюмень
Россети Урал (ГК)
Россети ФСК ЕЭС
Россети Центр
Россети Центр и Приволжье (ГК)
Россети Юг (ГК)
Россети Янтарь
0 млн. руб.
10 000 млн. руб.
20 000 млн. руб.
30 000 млн. руб.
40 000 млн. руб.
50 000 млн. руб.
60 000 млн. руб.
70 000 млн. руб.
80 000 млн. руб.
90 000 млн. руб.
100 000 млн. руб.'

26-05-2025T09:03:19 - [TEST_STEP][PASSED] - println("a1: " + a1): null

26-05-2025T09:03:19 - [TEST_STEP][PASSED] - i = a1.indexOf("План"): null

26-05-2025T09:03:19 - [TEST_STEP][PASSED] - a1 = a1.substring(0, i): null

26-05-2025T09:03:19 - [TEST_STEP][PASSED] - println("a1: " + a1): null

26-05-2025T09:03:19 - [TEST_STEP][PASSED] - a2 = getText(findTestObject("Выручка по ДЗО/График2 Выполнение плановых показателей Блок руководителя")): Text of object 'Object Repository/Выручка по ДЗО/График2 Выполнение плановых показателей Блок руководителя' is: '1,39%1,39%
0,17%0,17%
0,29%0,29%
6,67%6,67%
4,82%4,82%
7,14%7,14%
13,57%13,57%
2,54%2,54%
4,23%4,23%
7,02%7,02%
0,65%0,65%
5,73%5,73%
6,55%6,55%
18,54%18,54%
7,52%7,52%
8,17%8,17%
4,33%4,33%
0,66%0,66%
АО "РЭС"
АО «Тываэнерго»
АО «Чеченэнерго»
Россети Волга
Россети Кубань
Россети Ленэнерго (ГК)
Россети Московский регион
Россети Северный Кавказ (ГК)
Россети Северо-Запад
Россети Сибирь (ГК)
Россети Томск
Россети Тюмень
Россети Урал (ГК)
Россети ФСК ЕЭС
Россети Центр
Россети Центр и Приволжье (ГК)
Россети Юг (ГК)
Россети Янтарь
Россети Центр и Приволжье (ГК): 37 829 526,4'

26-05-2025T09:03:19 - [MESSAGE][PASSED] - Text of object 'Object Repository/Выручка по ДЗО/График2 Выполнение плановых показателей Блок руководителя' is: '1,39%1,39%
0,17%0,17%
0,29%0,29%
6,67%6,67%
4,82%4,82%
7,14%7,14%
13,57%13,57%
2,54%2,54%
4,23%4,23%
7,02%7,02%
0,65%0,65%
5,73%5,73%
6,55%6,55%
18,54%18,54%
7,52%7,52%
8,17%8,17%
4,33%4,33%
0,66%0,66%
АО "РЭС"
АО «Тываэнерго»
АО «Чеченэнерго»
Россети Волга
Россети Кубань
Россети Ленэнерго (ГК)
Россети Московский регион
Россети Северный Кавказ (ГК)
Россети Северо-Запад
Россети Сибирь (ГК)
Россети Томск
Россети Тюмень
Россети Урал (ГК)
Россети ФСК ЕЭС
Россети Центр
Россети Центр и Приволжье (ГК)
Россети Юг (ГК)
Россети Янтарь
Россети Центр и Приволжье (ГК): 37 829 526,4'

26-05-2025T09:03:19 - [TEST_STEP][PASSED] - println("a2: " + a2): null

26-05-2025T09:03:19 - [TEST_STEP][PASSED] - i = a2.indexOf("АО «Тываэнерго»"): null

26-05-2025T09:03:19 - [TEST_STEP][PASSED] - a2 = a2.substring(0, i): null

26-05-2025T09:03:19 - [TEST_STEP][PASSED] - navigateToUrl(findTestData("PlanFact").getValue(10, 10)): Navigate to 'https://bi.rosseti.digital/viewer?dashboardGuid=a1fd28b3785d443cbc4d7690a1d78e31&sheetGuid=4a2f47326819444da0508dec5c59e502&fit=true' successfully

26-05-2025T09:03:20 - [MESSAGE][PASSED] - Navigate to 'https://bi.rosseti.digital/viewer?dashboardGuid=a1fd28b3785d443cbc4d7690a1d78e31&sheetGuid=4a2f47326819444da0508dec5c59e502&fit=true' successfully

26-05-2025T09:03:20 - [TEST_STEP][PASSED] - delay(30): Delayed 30 second(s)

26-05-2025T09:03:50 - [MESSAGE][PASSED] - Delayed 30 second(s)

26-05-2025T09:03:50 - [TEST_STEP][PASSED] - click(findTestObject("Выручка по ДЗО/Фильтр Дата Выручка")): Object: 'Object Repository/Выручка по ДЗО/Фильтр Дата Выручка' is clicked on

26-05-2025T09:03:50 - [MESSAGE][PASSED] - Object: 'Object Repository/Выручка по ДЗО/Фильтр Дата Выручка' is clicked on

26-05-2025T09:03:50 - [TEST_STEP][PASSED] - click(findTestObject("Выручка по ДЗО/Снять выделение в фильтре Дата Выручка")): Object: 'Object Repository/Выручка по ДЗО/Снять выделение в фильтре Дата Выручка' is clicked on

26-05-2025T09:03:51 - [MESSAGE][PASSED] - Object: 'Object Repository/Выручка по ДЗО/Снять выделение в фильтре Дата Выручка' is clicked on

26-05-2025T09:03:51 - [TEST_STEP][PASSED] - click(findTestObject("Выручка по ДЗО/Применить в фильтре Дата Выручка")): Object: 'Object Repository/Выручка по ДЗО/Применить в фильтре Дата Выручка' is clicked on

26-05-2025T09:03:51 - [MESSAGE][PASSED] - Object: 'Object Repository/Выручка по ДЗО/Применить в фильтре Дата Выручка' is clicked on

26-05-2025T09:03:51 - [TEST_STEP][PASSED] - click(findTestObject("Выручка по ДЗО/Фильтр Дата Выручка")): Object: 'Object Repository/Выручка по ДЗО/Фильтр Дата Выручка' is clicked on

26-05-2025T09:03:52 - [MESSAGE][PASSED] - Object: 'Object Repository/Выручка по ДЗО/Фильтр Дата Выручка' is clicked on

26-05-2025T09:03:52 - [TEST_STEP][PASSED] - click(findTestObject("Выручка по ДЗО/Снять выделение в фильтре Дата Выручка")): Object: 'Object Repository/Выручка по ДЗО/Снять выделение в фильтре Дата Выручка' is clicked on

26-05-2025T09:03:53 - [MESSAGE][PASSED] - Object: 'Object Repository/Выручка по ДЗО/Снять выделение в фильтре Дата Выручка' is clicked on

26-05-2025T09:03:53 - [TEST_STEP][PASSED] - scrollToElement(findTestObject("Выручка по ДЗО/2025 список Выручка"), 30): Scroll to object 'Object Repository/Выручка по ДЗО/2025 список Выручка' successfully

26-05-2025T09:03:53 - [MESSAGE][PASSED] - Scroll to object 'Object Repository/Выручка по ДЗО/2025 список Выручка' successfully

26-05-2025T09:03:53 - [TEST_STEP][PASSED] - click(findTestObject("Выручка по ДЗО/2025 список Выручка")): Object: 'Object Repository/Выручка по ДЗО/2025 список Выручка' is clicked on

26-05-2025T09:03:53 - [MESSAGE][PASSED] - Object: 'Object Repository/Выручка по ДЗО/2025 список Выручка' is clicked on

26-05-2025T09:03:53 - [TEST_STEP][PASSED] - scrollToElement(findTestObject("Выручка по ДЗО/1 квартал 2025 список Выручка"), 30): Scroll to object 'Object Repository/Выручка по ДЗО/1 квартал 2025 список Выручка' successfully

26-05-2025T09:03:54 - [MESSAGE][PASSED] - Scroll to object 'Object Repository/Выручка по ДЗО/1 квартал 2025 список Выручка' successfully

26-05-2025T09:03:54 - [TEST_STEP][PASSED] - click(findTestObject("Выручка по ДЗО/1 квартал 2025 выбрать Выручка"), CONTINUE_ON_FAILURE): Object: 'Object Repository/Выручка по ДЗО/1 квартал 2025 выбрать Выручка' is clicked on

26-05-2025T09:03:54 - [MESSAGE][PASSED] - Object: 'Object Repository/Выручка по ДЗО/1 квартал 2025 выбрать Выручка' is clicked on

26-05-2025T09:03:54 - [TEST_STEP][PASSED] - scrollToElement(findTestObject("Выручка по ДЗО/Заголовок дашборда Выручка"), 30): Scroll to object 'Object Repository/Выручка по ДЗО/Заголовок дашборда Выручка' successfully

26-05-2025T09:03:55 - [MESSAGE][PASSED] - Scroll to object 'Object Repository/Выручка по ДЗО/Заголовок дашборда Выручка' successfully

26-05-2025T09:03:55 - [TEST_STEP][PASSED] - click(findTestObject("Выручка по ДЗО/Применить в фильтре Дата Выручка")): Object: 'Object Repository/Выручка по ДЗО/Применить в фильтре Дата Выручка' is clicked on

26-05-2025T09:03:55 - [MESSAGE][PASSED] - Object: 'Object Repository/Выручка по ДЗО/Применить в фильтре Дата Выручка' is clicked on

26-05-2025T09:03:55 - [TEST_STEP][PASSED] - delay(30): Delayed 30 second(s)

26-05-2025T09:04:25 - [MESSAGE][PASSED] - Delayed 30 second(s)

26-05-2025T09:04:25 - [TEST_STEP][PASSED] - b1 = getText(findTestObject("Выручка по ДЗО/График1 Выполнение плановых показателей Выручка")): Text of object 'Object Repository/Выручка по ДЗО/График1 Выполнение плановых показателей Выручка' is: '6 689 6 689
748 748
1 389 1 389
31 428 31 428
21 543 21 543
33 021 33 021
66 175 66 175
12 049 12 049
19 821 19 821
31 646 31 646
3 059 3 059
29 304 29 304
31 312 31 312
84 173 84 173
35 644 35 644
38 734 38 734
20 064 20 064
0 0
6 428 6 428
804 804
1 362 1 362
30 891 30 891
22 329 22 329
33 083 33 083
62 829 62 829
11 778 11 778
19 568 19 568
32 523 32 523
3 002 3 002
26 539 26 539
30 325 30 325
85 844 85 844
34 839 34 839
37 830 37 830
20 053 20 053
3 047 3 047
План
Факт
АО "РЭС"
АО «Тываэнерго»
АО «Чеченэнерго»
Россети Волга
Россети Кубань
Россети Ленэнерго (ГК)
Россети Московский регион
Россети Северный Кавказ (ГК)
Россети Северо-Запад
Россети Сибирь (ГК)
Россети Томск
Россети Тюмень
Россети Урал (ГК)
Россети ФСК ЕЭС
Россети Центр
Россети Центр и Приволжье (ГК)
Россети Юг (ГК)
Россети Янтарь
0 млн. руб.
10 000 млн. руб.
20 000 млн. руб.
30 000 млн. руб.
40 000 млн. руб.
50 000 млн. руб.
60 000 млн. руб.
70 000 млн. руб.
80 000 млн. руб.
90 000 млн. руб.
100 000 млн. руб.
Россети Московский регион: 66 174 713,58'

26-05-2025T09:04:25 - [MESSAGE][PASSED] - Text of object 'Object Repository/Выручка по ДЗО/График1 Выполнение плановых показателей Выручка' is: '6 689 6 689
748 748
1 389 1 389
31 428 31 428
21 543 21 543
33 021 33 021
66 175 66 175
12 049 12 049
19 821 19 821
31 646 31 646
3 059 3 059
29 304 29 304
31 312 31 312
84 173 84 173
35 644 35 644
38 734 38 734
20 064 20 064
0 0
6 428 6 428
804 804
1 362 1 362
30 891 30 891
22 329 22 329
33 083 33 083
62 829 62 829
11 778 11 778
19 568 19 568
32 523 32 523
3 002 3 002
26 539 26 539
30 325 30 325
85 844 85 844
34 839 34 839
37 830 37 830
20 053 20 053
3 047 3 047
План
Факт
АО "РЭС"
АО «Тываэнерго»
АО «Чеченэнерго»
Россети Волга
Россети Кубань
Россети Ленэнерго (ГК)
Россети Московский регион
Россети Северный Кавказ (ГК)
Россети Северо-Запад
Россети Сибирь (ГК)
Россети Томск
Россети Тюмень
Россети Урал (ГК)
Россети ФСК ЕЭС
Россети Центр
Россети Центр и Приволжье (ГК)
Россети Юг (ГК)
Россети Янтарь
0 млн. руб.
10 000 млн. руб.
20 000 млн. руб.
30 000 млн. руб.
40 000 млн. руб.
50 000 млн. руб.
60 000 млн. руб.
70 000 млн. руб.
80 000 млн. руб.
90 000 млн. руб.
100 000 млн. руб.
Россети Московский регион: 66 174 713,58'

26-05-2025T09:04:25 - [TEST_STEP][PASSED] - println("b1: " + b1): null

26-05-2025T09:04:25 - [TEST_STEP][PASSED] - i = b1.indexOf("План"): null

26-05-2025T09:04:25 - [TEST_STEP][PASSED] - b1 = b1.substring(0, i): null

26-05-2025T09:04:25 - [TEST_STEP][PASSED] - println("b1: " + b1): null

26-05-2025T09:04:25 - [TEST_STEP][PASSED] - b2 = getText(findTestObject("Выручка по ДЗО/График2 Выполнение плановых показателей Выручка")): Text of object 'Object Repository/Выручка по ДЗО/График2 Выполнение плановых показателей Выручка' is: '1,39%1,39%
0,17%0,17%
0,29%0,29%
6,67%6,67%
4,82%4,82%
7,14%7,14%
13,57%13,57%
2,54%2,54%
4,23%4,23%
7,02%7,02%
0,65%0,65%
5,73%5,73%
6,55%6,55%
18,54%18,54%
7,52%7,52%
8,17%8,17%
4,33%4,33%
0,66%0,66%
АО "РЭС"
АО «Тываэнерго»
АО «Чеченэнерго»
Россети Волга
Россети Кубань
Россети Ленэнерго (ГК)
Россети Московский регион
Россети Северный Кавказ (ГК)
Россети Северо-Запад
Россети Сибирь (ГК)
Россети Томск
Россети Тюмень
Россети Урал (ГК)
Россети ФСК ЕЭС
Россети Центр
Россети Центр и Приволжье (ГК)
Россети Юг (ГК)
Россети Янтарь'

26-05-2025T09:04:26 - [MESSAGE][PASSED] - Text of object 'Object Repository/Выручка по ДЗО/График2 Выполнение плановых показателей Выручка' is: '1,39%1,39%
0,17%0,17%
0,29%0,29%
6,67%6,67%
4,82%4,82%
7,14%7,14%
13,57%13,57%
2,54%2,54%
4,23%4,23%
7,02%7,02%
0,65%0,65%
5,73%5,73%
6,55%6,55%
18,54%18,54%
7,52%7,52%
8,17%8,17%
4,33%4,33%
0,66%0,66%
АО "РЭС"
АО «Тываэнерго»
АО «Чеченэнерго»
Россети Волга
Россети Кубань
Россети Ленэнерго (ГК)
Россети Московский регион
Россети Северный Кавказ (ГК)
Россети Северо-Запад
Россети Сибирь (ГК)
Россети Томск
Россети Тюмень
Россети Урал (ГК)
Россети ФСК ЕЭС
Россети Центр
Россети Центр и Приволжье (ГК)
Россети Юг (ГК)
Россети Янтарь'

26-05-2025T09:04:26 - [TEST_STEP][PASSED] - i = b2.indexOf("АО «Тываэнерго»"): null

26-05-2025T09:04:26 - [TEST_STEP][PASSED] - b2 = b2.substring(0, i): null

26-05-2025T09:04:26 - [TEST_STEP][PASSED] - println(b2): null

26-05-2025T09:04:26 - [TEST_STEP][PASSED] - verifyEqual(a1, b1): Actual object '6 689 6 689
748 748
1 389 1 389
31 428 31 428
21 543 21 543
33 021 33 021
66 175 66 175
12 049 12 049
19 821 19 821
31 646 31 646
3 059 3 059
29 304 29 304
31 312 31 312
84 173 84 173
35 644 35 644
38 734 38 734
20 064 20 064
0 0
6 428 6 428
804 804
1 362 1 362
30 891 30 891
22 329 22 329
33 083 33 083
62 829 62 829
11 778 11 778
19 568 19 568
32 523 32 523
3 002 3 002
26 539 26 539
30 325 30 325
85 844 85 844
34 839 34 839
37 830 37 830
20 053 20 053
3 047 3 047
' and expected object '6 689 6 689
748 748
1 389 1 389
31 428 31 428
21 543 21 543
33 021 33 021
66 175 66 175
12 049 12 049
19 821 19 821
31 646 31 646
3 059 3 059
29 304 29 304
31 312 31 312
84 173 84 173
35 644 35 644
38 734 38 734
20 064 20 064
0 0
6 428 6 428
804 804
1 362 1 362
30 891 30 891
22 329 22 329
33 083 33 083
62 829 62 829
11 778 11 778
19 568 19 568
32 523 32 523
3 002 3 002
26 539 26 539
30 325 30 325
85 844 85 844
34 839 34 839
37 830 37 830
20 053 20 053
3 047 3 047
' are equal

26-05-2025T09:04:26 - [MESSAGE][PASSED] - Actual object '6 689 6 689
748 748
1 389 1 389
31 428 31 428
21 543 21 543
33 021 33 021
66 175 66 175
12 049 12 049
19 821 19 821
31 646 31 646
3 059 3 059
29 304 29 304
31 312 31 312
84 173 84 173
35 644 35 644
38 734 38 734
20 064 20 064
0 0
6 428 6 428
804 804
1 362 1 362
30 891 30 891
22 329 22 329
33 083 33 083
62 829 62 829
11 778 11 778
19 568 19 568
32 523 32 523
3 002 3 002
26 539 26 539
30 325 30 325
85 844 85 844
34 839 34 839
37 830 37 830
20 053 20 053
3 047 3 047
' and expected object '6 689 6 689
748 748
1 389 1 389
31 428 31 428
21 543 21 543
33 021 33 021
66 175 66 175
12 049 12 049
19 821 19 821
31 646 31 646
3 059 3 059
29 304 29 304
31 312 31 312
84 173 84 173
35 644 35 644
38 734 38 734
20 064 20 064
0 0
6 428 6 428
804 804
1 362 1 362
30 891 30 891
22 329 22 329
33 083 33 083
62 829 62 829
11 778 11 778
19 568 19 568
32 523 32 523
3 002 3 002
26 539 26 539
30 325 30 325
85 844 85 844
34 839 34 839
37 830 37 830
20 053 20 053
3 047 3 047
' are equal

26-05-2025T09:04:26 - [TEST_STEP][PASSED] - if (verifyEqual(a1, b1) == true): Actual object '6 689 6 689
748 748
1 389 1 389
31 428 31 428
21 543 21 543
33 021 33 021
66 175 66 175
12 049 12 049
19 821 19 821
31 646 31 646
3 059 3 059
29 304 29 304
31 312 31 312
84 173 84 173
35 644 35 644
38 734 38 734
20 064 20 064
0 0
6 428 6 428
804 804
1 362 1 362
30 891 30 891
22 329 22 329
33 083 33 083
62 829 62 829
11 778 11 778
19 568 19 568
32 523 32 523
3 002 3 002
26 539 26 539
30 325 30 325
85 844 85 844
34 839 34 839
37 830 37 830
20 053 20 053
3 047 3 047
' and expected object '6 689 6 689
748 748
1 389 1 389
31 428 31 428
21 543 21 543
33 021 33 021
66 175 66 175
12 049 12 049
19 821 19 821
31 646 31 646
3 059 3 059
29 304 29 304
31 312 31 312
84 173 84 173
35 644 35 644
38 734 38 734
20 064 20 064
0 0
6 428 6 428
804 804
1 362 1 362
30 891 30 891
22 329 22 329
33 083 33 083
62 829 62 829
11 778 11 778
19 568 19 568
32 523 32 523
3 002 3 002
26 539 26 539
30 325 30 325
85 844 85 844
34 839 34 839
37 830 37 830
20 053 20 053
3 047 3 047
' are equal

26-05-2025T09:04:26 - [MESSAGE][PASSED] - Actual object '6 689 6 689
748 748
1 389 1 389
31 428 31 428
21 543 21 543
33 021 33 021
66 175 66 175
12 049 12 049
19 821 19 821
31 646 31 646
3 059 3 059
29 304 29 304
31 312 31 312
84 173 84 173
35 644 35 644
38 734 38 734
20 064 20 064
0 0
6 428 6 428
804 804
1 362 1 362
30 891 30 891
22 329 22 329
33 083 33 083
62 829 62 829
11 778 11 778
19 568 19 568
32 523 32 523
3 002 3 002
26 539 26 539
30 325 30 325
85 844 85 844
34 839 34 839
37 830 37 830
20 053 20 053
3 047 3 047
' and expected object '6 689 6 689
748 748
1 389 1 389
31 428 31 428
21 543 21 543
33 021 33 021
66 175 66 175
12 049 12 049
19 821 19 821
31 646 31 646
3 059 3 059
29 304 29 304
31 312 31 312
84 173 84 173
35 644 35 644
38 734 38 734
20 064 20 064
0 0
6 428 6 428
804 804
1 362 1 362
30 891 30 891
22 329 22 329
33 083 33 083
62 829 62 829
11 778 11 778
19 568 19 568
32 523 32 523
3 002 3 002
26 539 26 539
30 325 30 325
85 844 85 844
34 839 34 839
37 830 37 830
20 053 20 053
3 047 3 047
' are equal

26-05-2025T09:04:26 - [TEST_STEP][PASSED] - verifyEqual(a2, b2): Actual object '1,39%1,39%
0,17%0,17%
0,29%0,29%
6,67%6,67%
4,82%4,82%
7,14%7,14%
13,57%13,57%
2,54%2,54%
4,23%4,23%
7,02%7,02%
0,65%0,65%
5,73%5,73%
6,55%6,55%
18,54%18,54%
7,52%7,52%
8,17%8,17%
4,33%4,33%
0,66%0,66%
АО "РЭС"
' and expected object '1,39%1,39%
0,17%0,17%
0,29%0,29%
6,67%6,67%
4,82%4,82%
7,14%7,14%
13,57%13,57%
2,54%2,54%
4,23%4,23%
7,02%7,02%
0,65%0,65%
5,73%5,73%
6,55%6,55%
18,54%18,54%
7,52%7,52%
8,17%8,17%
4,33%4,33%
0,66%0,66%
АО "РЭС"
' are equal

26-05-2025T09:04:26 - [MESSAGE][PASSED] - Actual object '1,39%1,39%
0,17%0,17%
0,29%0,29%
6,67%6,67%
4,82%4,82%
7,14%7,14%
13,57%13,57%
2,54%2,54%
4,23%4,23%
7,02%7,02%
0,65%0,65%
5,73%5,73%
6,55%6,55%
18,54%18,54%
7,52%7,52%
8,17%8,17%
4,33%4,33%
0,66%0,66%
АО "РЭС"
' and expected object '1,39%1,39%
0,17%0,17%
0,29%0,29%
6,67%6,67%
4,82%4,82%
7,14%7,14%
13,57%13,57%
2,54%2,54%
4,23%4,23%
7,02%7,02%
0,65%0,65%
5,73%5,73%
6,55%6,55%
18,54%18,54%
7,52%7,52%
8,17%8,17%
4,33%4,33%
0,66%0,66%
АО "РЭС"
' are equal

26-05-2025T09:04:26 - [TEST_STEP][PASSED] - if (verifyEqual(a2, b2) == true): Actual object '1,39%1,39%
0,17%0,17%
0,29%0,29%
6,67%6,67%
4,82%4,82%
7,14%7,14%
13,57%13,57%
2,54%2,54%
4,23%4,23%
7,02%7,02%
0,65%0,65%
5,73%5,73%
6,55%6,55%
18,54%18,54%
7,52%7,52%
8,17%8,17%
4,33%4,33%
0,66%0,66%
АО "РЭС"
' and expected object '1,39%1,39%
0,17%0,17%
0,29%0,29%
6,67%6,67%
4,82%4,82%
7,14%7,14%
13,57%13,57%
2,54%2,54%
4,23%4,23%
7,02%7,02%
0,65%0,65%
5,73%5,73%
6,55%6,55%
18,54%18,54%
7,52%7,52%
8,17%8,17%
4,33%4,33%
0,66%0,66%
АО "РЭС"
' are equal

26-05-2025T09:04:26 - [MESSAGE][PASSED] - Actual object '1,39%1,39%
0,17%0,17%
0,29%0,29%
6,67%6,67%
4,82%4,82%
7,14%7,14%
13,57%13,57%
2,54%2,54%
4,23%4,23%
7,02%7,02%
0,65%0,65%
5,73%5,73%
6,55%6,55%
18,54%18,54%
7,52%7,52%
8,17%8,17%
4,33%4,33%
0,66%0,66%
АО "РЭС"
' and expected object '1,39%1,39%
0,17%0,17%
0,29%0,29%
6,67%6,67%
4,82%4,82%
7,14%7,14%
13,57%13,57%
2,54%2,54%
4,23%4,23%
7,02%7,02%
0,65%0,65%
5,73%5,73%
6,55%6,55%
18,54%18,54%
7,52%7,52%
8,17%8,17%
4,33%4,33%
0,66%0,66%
АО "РЭС"
' are equal

26-05-2025T09:04:26 - [TEST_STEP][PASSED] - closeBrowser(): Browser is closed

26-05-2025T09:04:26 - [MESSAGE][PASSED] - Browser is closed]]></system-out>
         <system-err><![CDATA[]]></system-err>
      </testcase>
      <testcase name="Test Cases/Сверки дашбордов/Прогноз по отраслям сверка дашбордов" time="1140.48" classname="Test Cases/Сверки дашбордов/Прогноз по отраслям сверка дашбордов" status="PASSED">
         <system-out><![CDATA[26-05-2025T09:04:26 - [TEST_CASE][PASSED] - Test Cases/Сверки дашбордов/Прогноз по отраслям сверка дашбордов: Test Cases/Сверки дашбордов/Прогноз по отраслям сверка дашбордов

26-05-2025T09:04:26 - [TEST_STEP][PASSED] - date = new java.util.Date(): null

26-05-2025T09:04:26 - [TEST_STEP][PASSED] - todaysDate = date.format("dd.MM.yyyy"): null

26-05-2025T09:04:26 - [TEST_STEP][PASSED] - println(todaysDate): null

26-05-2025T09:04:26 - [TEST_STEP][PASSED] - typeOfData = <not implemented yet for class: org.codehaus.groovy.ast.expr.EmptyExpression>: null

26-05-2025T09:04:26 - [TEST_STEP][PASSED] - filterSravnenie = <not implemented yet for class: org.codehaus.groovy.ast.expr.EmptyExpression>: null

26-05-2025T09:04:26 - [TEST_STEP][PASSED] - kpoOtpusk = <not implemented yet for class: org.codehaus.groovy.ast.expr.EmptyExpression>: null

26-05-2025T09:04:26 - [TEST_STEP][PASSED] - openBrowser(""): Browser is opened with url: ''

26-05-2025T09:04:26 - [MESSAGE][INFO] - Starting 'Chrome' driver

26-05-2025T09:04:26 - [MESSAGE][INFO] - Action delay is set to 0 milliseconds

26-05-2025T09:04:27 - [MESSAGE][PASSED] - Browser is opened with url: ''

26-05-2025T09:04:27 - [TEST_STEP][PASSED] - navigateToUrl(findTestData("PlanFact").getValue(10, 6)): Navigate to 'https://bi.rosseti.digital/viewer?dashboardGuid=d6acb5b1a7114a9791b34de39263106e&sheetGuid=0b6d261d7f7b4424a967aa8f3a724189&fit=true' successfully

26-05-2025T09:04:29 - [MESSAGE][PASSED] - Navigate to 'https://bi.rosseti.digital/viewer?dashboardGuid=d6acb5b1a7114a9791b34de39263106e&sheetGuid=0b6d261d7f7b4424a967aa8f3a724189&fit=true' successfully

26-05-2025T09:04:29 - [TEST_STEP][PASSED] - setText(findTestObject("Страница авторизации/input__username"), findTestData("PlanFact").getValue(8, 1)): Text 'liazgina-di' is set on object 'Object Repository/Страница авторизации/input__username'

26-05-2025T09:04:31 - [MESSAGE][PASSED] - Text 'liazgina-di' is set on object 'Object Repository/Страница авторизации/input__username'

26-05-2025T09:04:31 - [TEST_STEP][PASSED] - setText(findTestObject("Страница авторизации/input__password"), findTestData("PlanFact").getValue(9, 1)): Text ')$%5srZ8o688Dm#q' is set on object 'Object Repository/Страница авторизации/input__password'

26-05-2025T09:04:31 - [MESSAGE][PASSED] - Text ')$%5srZ8o688Dm#q' is set on object 'Object Repository/Страница авторизации/input__password'

26-05-2025T09:04:31 - [TEST_STEP][PASSED] - click(findTestObject("Страница авторизации/button_")): Object: 'Object Repository/Страница авторизации/button_' is clicked on

26-05-2025T09:04:32 - [MESSAGE][PASSED] - Object: 'Object Repository/Страница авторизации/button_' is clicked on

26-05-2025T09:04:32 - [TEST_STEP][PASSED] - delay(50): Delayed 50 second(s)

26-05-2025T09:05:22 - [MESSAGE][PASSED] - Delayed 50 second(s)

26-05-2025T09:05:22 - [TEST_STEP][PASSED] - click(findTestObject("Прогноз по отраслям/Фильтр Месяц")): Object: 'Object Repository/Прогноз по отраслям/Фильтр Месяц' is clicked on

26-05-2025T09:05:23 - [MESSAGE][PASSED] - Object: 'Object Repository/Прогноз по отраслям/Фильтр Месяц' is clicked on

26-05-2025T09:05:23 - [TEST_STEP][PASSED] - scrollToElement(findTestObject("Прогноз по отраслям/Ноябрь"), 30): Scroll to object 'Object Repository/Прогноз по отраслям/Ноябрь' successfully

26-05-2025T09:05:23 - [MESSAGE][PASSED] - Scroll to object 'Object Repository/Прогноз по отраслям/Ноябрь' successfully

26-05-2025T09:05:23 - [TEST_STEP][PASSED] - click(findTestObject("Прогноз по отраслям/Ноябрь"), CONTINUE_ON_FAILURE): Object: 'Object Repository/Прогноз по отраслям/Ноябрь' is clicked on

26-05-2025T09:05:24 - [MESSAGE][PASSED] - Object: 'Object Repository/Прогноз по отраслям/Ноябрь' is clicked on

26-05-2025T09:05:24 - [TEST_STEP][PASSED] - scrollToElement(findTestObject("Прогноз по отраслям/Заголовок дашборда"), 30): Scroll to object 'Object Repository/Прогноз по отраслям/Заголовок дашборда' successfully

26-05-2025T09:05:25 - [MESSAGE][PASSED] - Scroll to object 'Object Repository/Прогноз по отраслям/Заголовок дашборда' successfully

26-05-2025T09:05:25 - [TEST_STEP][PASSED] - click(findTestObject("Прогноз по отраслям/Фильтр Сравнение с")): Object: 'Object Repository/Прогноз по отраслям/Фильтр Сравнение с' is clicked on

26-05-2025T09:05:25 - [MESSAGE][PASSED] - Object: 'Object Repository/Прогноз по отраслям/Фильтр Сравнение с' is clicked on

26-05-2025T09:05:25 - [TEST_STEP][PASSED] - click(findTestObject("Прогноз по отраслям/Факт прошлого года")): Object: 'Object Repository/Прогноз по отраслям/Факт прошлого года' is clicked on

26-05-2025T09:05:26 - [MESSAGE][PASSED] - Object: 'Object Repository/Прогноз по отраслям/Факт прошлого года' is clicked on

26-05-2025T09:05:26 - [TEST_STEP][PASSED] - click(findTestObject("Прогноз по отраслям/Фильтр КПО-Отпуск")): Object: 'Object Repository/Прогноз по отраслям/Фильтр КПО-Отпуск' is clicked on

26-05-2025T09:05:27 - [MESSAGE][PASSED] - Object: 'Object Repository/Прогноз по отраслям/Фильтр КПО-Отпуск' is clicked on

26-05-2025T09:05:27 - [TEST_STEP][PASSED] - click(findTestObject("Прогноз по отраслям/Отпуск")): Object: 'Object Repository/Прогноз по отраслям/Отпуск' is clicked on

26-05-2025T09:05:28 - [MESSAGE][PASSED] - Object: 'Object Repository/Прогноз по отраслям/Отпуск' is clicked on

26-05-2025T09:05:28 - [TEST_STEP][PASSED] - delay(40): Delayed 40 second(s)

26-05-2025T09:06:08 - [MESSAGE][PASSED] - Delayed 40 second(s)

26-05-2025T09:06:08 - [TEST_STEP][PASSED] - a1 = getText(findTestObject("Прогноз по отраслям/Виджеты дашборда")): Text of object 'Object Repository/Прогноз по отраслям/Виджеты дашборда' is: 'Год 
2023 год
Сравнение с 
Факт прошлого года
Динамика электропотребления, млрд. кВт.ч. по ПАО Россети на 2023 год
12 12
186 186
36 36
50 50
10 10
19 19
0 0
17 17
85 85
19 19
82 82
604 604
10 10
197 197
37 37
48 48
10 10
15 15
4 4
18 18
80 80
19 19
82 82
608 608
Факт прошлого года
Ожидаемое (прогноз по конца года)
Интер РАО (дляФСК)
Промышленныепотребители
Транспорт
Нефтедобыча
Нефтепереработка
Нефтепроводы
Газопроводы
Сельскоехозяйство ипищеваяпромышленность
Непромышленныепотребители
Государственные(муниципальные)организации ипрочиебюджетныепотребители
Население иприравненныегруппыпотребителей
Территориальныесетевыеорганизации
Выручка по ПАО Россети на 2023 год
5 5
285 285
72 72
72 72
18 18
22 22
0 0
50 50
201 201
61 61
190 190
227 227
6 6
331 331
82 82
77 77
20 20
20 20
3 3
57 57
220 220
68 68
214 214
258 258
Факт прошлого года
Ожидаемое (прогноз по конца года)
Интер РАО (дляФСК)
Промышленныепотребители
Транспорт
Нефтедобыча
Нефтепереработка
Нефтепроводы
Газопроводы
Сельскоехозяйство ипищеваяпромышленность
Непромышленныепотребители
Государственные(муниципальные)организации ипрочиебюджетныепотребители
Население иприравненныегруппыпотребителей
Территориальныесетевыеорганизации
Отклонения по ПАО Россети на 2023 год
-18.5% -18.5%
5.9% 5.9%
3.6% 3.6%
-3.9% -3.9%
0.9% 0.9%
-20.7% -20.7%
3 313.2% 3 313.2%
3.8% 3.8%
-5.6% -5.6%
1.3% 1.3%
-0.9% -0.9%
0.7% 0.7%
⬤ Отклонение, %
Интер РАО (для ФСК)
Промышленные потребители
Транспорт
Нефтедобыча
Нефтепереработка
Нефтепроводы
Газопроводы
Сельское хозяйство и пищевая пр…
Непромышленные потребители
Государственные (муниципальные…
Население и приравненные групп…
Территориальные сетевые органи…
Выручка отклонения по ПАО Россети на 2023 год
7.7% 7.7%
16.0% 16.0%
13.2% 13.2%
6.7% 6.7%
13.3% 13.3%
-7.7% -7.7%
1 331.5% 1 331.5%
14.2% 14.2%
9.9% 9.9%
12.0% 12.0%
12.4% 12.4%
13.7% 13.7%
⬤ Отклонение, %
Интер РАО (для ФСК)
Промышленные потребители
Транспорт
Нефтедобыча
Нефтепереработка
Нефтепроводы
Газопроводы
Сельское хозяйство и пищевая пр…
Непромышленные потребители
Государственные (муниципальные…
Население и приравненные групп…
Территориальные сетевые органи…
абс.
%
Прогноз на месяц 
Ноябрь
КПО/Отпуск из сети 
Отпуск из сети, млн. кВт.ч
Организация 
Все
Прогноз электропотребления и выручки за услуги по передаче в разрезе отраслей'

26-05-2025T09:06:09 - [MESSAGE][PASSED] - Text of object 'Object Repository/Прогноз по отраслям/Виджеты дашборда' is: 'Год 
2023 год
Сравнение с 
Факт прошлого года
Динамика электропотребления, млрд. кВт.ч. по ПАО Россети на 2023 год
12 12
186 186
36 36
50 50
10 10
19 19
0 0
17 17
85 85
19 19
82 82
604 604
10 10
197 197
37 37
48 48
10 10
15 15
4 4
18 18
80 80
19 19
82 82
608 608
Факт прошлого года
Ожидаемое (прогноз по конца года)
Интер РАО (дляФСК)
Промышленныепотребители
Транспорт
Нефтедобыча
Нефтепереработка
Нефтепроводы
Газопроводы
Сельскоехозяйство ипищеваяпромышленность
Непромышленныепотребители
Государственные(муниципальные)организации ипрочиебюджетныепотребители
Население иприравненныегруппыпотребителей
Территориальныесетевыеорганизации
Выручка по ПАО Россети на 2023 год
5 5
285 285
72 72
72 72
18 18
22 22
0 0
50 50
201 201
61 61
190 190
227 227
6 6
331 331
82 82
77 77
20 20
20 20
3 3
57 57
220 220
68 68
214 214
258 258
Факт прошлого года
Ожидаемое (прогноз по конца года)
Интер РАО (дляФСК)
Промышленныепотребители
Транспорт
Нефтедобыча
Нефтепереработка
Нефтепроводы
Газопроводы
Сельскоехозяйство ипищеваяпромышленность
Непромышленныепотребители
Государственные(муниципальные)организации ипрочиебюджетныепотребители
Население иприравненныегруппыпотребителей
Территориальныесетевыеорганизации
Отклонения по ПАО Россети на 2023 год
-18.5% -18.5%
5.9% 5.9%
3.6% 3.6%
-3.9% -3.9%
0.9% 0.9%
-20.7% -20.7%
3 313.2% 3 313.2%
3.8% 3.8%
-5.6% -5.6%
1.3% 1.3%
-0.9% -0.9%
0.7% 0.7%
⬤ Отклонение, %
Интер РАО (для ФСК)
Промышленные потребители
Транспорт
Нефтедобыча
Нефтепереработка
Нефтепроводы
Газопроводы
Сельское хозяйство и пищевая пр…
Непромышленные потребители
Государственные (муниципальные…
Население и приравненные групп…
Территориальные сетевые органи…
Выручка отклонения по ПАО Россети на 2023 год
7.7% 7.7%
16.0% 16.0%
13.2% 13.2%
6.7% 6.7%
13.3% 13.3%
-7.7% -7.7%
1 331.5% 1 331.5%
14.2% 14.2%
9.9% 9.9%
12.0% 12.0%
12.4% 12.4%
13.7% 13.7%
⬤ Отклонение, %
Интер РАО (для ФСК)
Промышленные потребители
Транспорт
Нефтедобыча
Нефтепереработка
Нефтепроводы
Газопроводы
Сельское хозяйство и пищевая пр…
Непромышленные потребители
Государственные (муниципальные…
Население и приравненные групп…
Территориальные сетевые органи…
абс.
%
Прогноз на месяц 
Ноябрь
КПО/Отпуск из сети 
Отпуск из сети, млн. кВт.ч
Организация 
Все
Прогноз электропотребления и выручки за услуги по передаче в разрезе отраслей'

26-05-2025T09:06:09 - [TEST_STEP][PASSED] - a1 = a1.replaceAll("[^0-9]", ""): null

26-05-2025T09:06:09 - [TEST_STEP][PASSED] - println("a1:" + a1): null

26-05-2025T09:06:09 - [TEST_STEP][PASSED] - click(findTestObject("Прогноз по отраслям/Фильтр Сравнение с")): Object: 'Object Repository/Прогноз по отраслям/Фильтр Сравнение с' is clicked on

26-05-2025T09:06:09 - [MESSAGE][PASSED] - Object: 'Object Repository/Прогноз по отраслям/Фильтр Сравнение с' is clicked on

26-05-2025T09:06:09 - [TEST_STEP][PASSED] - click(findTestObject("Прогноз по отраслям/План")): Object: 'Object Repository/Прогноз по отраслям/План' is clicked on

26-05-2025T09:06:10 - [MESSAGE][PASSED] - Object: 'Object Repository/Прогноз по отраслям/План' is clicked on

26-05-2025T09:06:10 - [TEST_STEP][PASSED] - delay(40): Delayed 40 second(s)

26-05-2025T09:06:50 - [MESSAGE][PASSED] - Delayed 40 second(s)

26-05-2025T09:06:50 - [TEST_STEP][PASSED] - a2 = getText(findTestObject("Прогноз по отраслям/Виджеты дашборда")): Text of object 'Object Repository/Прогноз по отраслям/Виджеты дашборда' is: 'Год 
2023 год
Сравнение с 
План
Динамика электропотребления, млрд. кВт.ч. по ПАО Россети на 2023 год
10 10
190 190
36 36
14 14
9 9
14 14
4 4
17 17
80 80
19 19
82 82
588 588
10 10
197 197
37 37
48 48
10 10
15 15
4 4
18 18
80 80
19 19
82 82
608 608
План
Ожидаемое (прогноз по конца года)
Интер РАО (дляФСК)
Промышленныепотребители
Транспорт
Нефтедобыча
Нефтепереработка
Нефтепроводы
Газопроводы
Сельскоехозяйство ипищеваяпромышленность
Непромышленныепотребители
Государственные(муниципальные)организации ипрочиебюджетныепотребители
Население иприравненныегруппыпотребителей
Территориальныесетевыеорганизации
Выручка по ПАО Россети на 2023 год
5 5
319 319
81 81
16 16
16 16
20 20
2 2
56 56
215 215
67 67
218 218
239 239
6 6
331 331
82 82
77 77
20 20
20 20
3 3
57 57
220 220
68 68
214 214
258 258
План
Ожидаемое (прогноз по конца года)
Интер РАО (дляФСК)
Промышленныепотребители
Транспорт
Нефтедобыча
Нефтепереработка
Нефтепроводы
Газопроводы
Сельскоехозяйство ипищеваяпромышленность
Непромышленныепотребители
Государственные(муниципальные)организации ипрочиебюджетныепотребители
Население иприравненныегруппыпотребителей
Территориальныесетевыеорганизации
Отклонения по ПАО Россети на 2023 год
-4.7% -4.7%
3.8% 3.8%
1.9% 1.9%
230.3% 230.3%
10.9% 10.9%
4.2% 4.2%
21.7% 21.7%
3.9% 3.9%
-0.6% -0.6%
1.6% 1.6%
-1.0% -1.0%
3.3% 3.3%
⬤ Отклонение, %
Интер РАО (для ФСК)
Промышленные потребители
Транспорт
Нефтедобыча
Нефтепереработка
Нефтепроводы
Газопроводы
Сельское хозяйство и пищевая пр…
Непромышленные потребители
Государственные (муниципальные…
Население и приравненные групп…
Территориальные сетевые органи…
Выручка отклонения по ПАО Россети на 2023 год
15.6% 15.6%
3.8% 3.8%
1.2% 1.2%
398.2% 398.2%
26.9% 26.9%
-0.6% -0.6%
26.9% 26.9%
1.5% 1.5%
2.7% 2.7%
2.0% 2.0%
-2.0% -2.0%
7.9% 7.9%
⬤ Отклонение, %
Интер РАО (для ФСК)
Промышленные потребители
Транспорт
Нефтедобыча
Нефтепереработка
Нефтепроводы
Газопроводы
Сельское хозяйство и пищевая пр…
Непромышленные потребители
Государственные (муниципальные…
Население и приравненные групп…
Территориальные сетевые органи…
абс.
%
Прогноз на месяц 
Ноябрь
КПО/Отпуск из сети 
Отпуск из сети, млн. кВт.ч
Организация 
Все
Прогноз электропотребления и выручки за услуги по передаче в разрезе отраслей'

26-05-2025T09:06:51 - [MESSAGE][PASSED] - Text of object 'Object Repository/Прогноз по отраслям/Виджеты дашборда' is: 'Год 
2023 год
Сравнение с 
План
Динамика электропотребления, млрд. кВт.ч. по ПАО Россети на 2023 год
10 10
190 190
36 36
14 14
9 9
14 14
4 4
17 17
80 80
19 19
82 82
588 588
10 10
197 197
37 37
48 48
10 10
15 15
4 4
18 18
80 80
19 19
82 82
608 608
План
Ожидаемое (прогноз по конца года)
Интер РАО (дляФСК)
Промышленныепотребители
Транспорт
Нефтедобыча
Нефтепереработка
Нефтепроводы
Газопроводы
Сельскоехозяйство ипищеваяпромышленность
Непромышленныепотребители
Государственные(муниципальные)организации ипрочиебюджетныепотребители
Население иприравненныегруппыпотребителей
Территориальныесетевыеорганизации
Выручка по ПАО Россети на 2023 год
5 5
319 319
81 81
16 16
16 16
20 20
2 2
56 56
215 215
67 67
218 218
239 239
6 6
331 331
82 82
77 77
20 20
20 20
3 3
57 57
220 220
68 68
214 214
258 258
План
Ожидаемое (прогноз по конца года)
Интер РАО (дляФСК)
Промышленныепотребители
Транспорт
Нефтедобыча
Нефтепереработка
Нефтепроводы
Газопроводы
Сельскоехозяйство ипищеваяпромышленность
Непромышленныепотребители
Государственные(муниципальные)организации ипрочиебюджетныепотребители
Население иприравненныегруппыпотребителей
Территориальныесетевыеорганизации
Отклонения по ПАО Россети на 2023 год
-4.7% -4.7%
3.8% 3.8%
1.9% 1.9%
230.3% 230.3%
10.9% 10.9%
4.2% 4.2%
21.7% 21.7%
3.9% 3.9%
-0.6% -0.6%
1.6% 1.6%
-1.0% -1.0%
3.3% 3.3%
⬤ Отклонение, %
Интер РАО (для ФСК)
Промышленные потребители
Транспорт
Нефтедобыча
Нефтепереработка
Нефтепроводы
Газопроводы
Сельское хозяйство и пищевая пр…
Непромышленные потребители
Государственные (муниципальные…
Население и приравненные групп…
Территориальные сетевые органи…
Выручка отклонения по ПАО Россети на 2023 год
15.6% 15.6%
3.8% 3.8%
1.2% 1.2%
398.2% 398.2%
26.9% 26.9%
-0.6% -0.6%
26.9% 26.9%
1.5% 1.5%
2.7% 2.7%
2.0% 2.0%
-2.0% -2.0%
7.9% 7.9%
⬤ Отклонение, %
Интер РАО (для ФСК)
Промышленные потребители
Транспорт
Нефтедобыча
Нефтепереработка
Нефтепроводы
Газопроводы
Сельское хозяйство и пищевая пр…
Непромышленные потребители
Государственные (муниципальные…
Население и приравненные групп…
Территориальные сетевые органи…
абс.
%
Прогноз на месяц 
Ноябрь
КПО/Отпуск из сети 
Отпуск из сети, млн. кВт.ч
Организация 
Все
Прогноз электропотребления и выручки за услуги по передаче в разрезе отраслей'

26-05-2025T09:06:51 - [TEST_STEP][PASSED] - a2 = a2.replaceAll("[^0-9]", ""): null

26-05-2025T09:06:51 - [TEST_STEP][PASSED] - println("a2:" + a2): null

26-05-2025T09:06:51 - [TEST_STEP][PASSED] - click(findTestObject("Прогноз по отраслям/Фильтр Сравнение с")): Object: 'Object Repository/Прогноз по отраслям/Фильтр Сравнение с' is clicked on

26-05-2025T09:06:51 - [MESSAGE][PASSED] - Object: 'Object Repository/Прогноз по отраслям/Фильтр Сравнение с' is clicked on

26-05-2025T09:06:51 - [TEST_STEP][PASSED] - click(findTestObject("Прогноз по отраслям/План СУ")): Object: 'Object Repository/Прогноз по отраслям/План СУ' is clicked on

26-05-2025T09:06:52 - [MESSAGE][PASSED] - Object: 'Object Repository/Прогноз по отраслям/План СУ' is clicked on

26-05-2025T09:06:52 - [TEST_STEP][PASSED] - delay(40): Delayed 40 second(s)

26-05-2025T09:07:32 - [MESSAGE][PASSED] - Delayed 40 second(s)

26-05-2025T09:07:32 - [TEST_STEP][PASSED] - a3 = getText(findTestObject("Прогноз по отраслям/Виджеты дашборда")): Text of object 'Object Repository/Прогноз по отраслям/Виджеты дашборда' is: 'Год 
2023 год
Сравнение с 
План/СУ
Динамика электропотребления, млрд. кВт.ч. по ПАО Россети на 2023 год
10 10
181 181
36 36
15 15
9 9
14 14
4 4
16 16
86 86
19 19
79 79
586 586
10 10
197 197
37 37
48 48
10 10
15 15
4 4
18 18
80 80
19 19
82 82
608 608
СУ
Ожидаемое (прогноз по конца года)
Интер РАО (дляФСК)
Промышленныепотребители
Транспорт
Нефтедобыча
Нефтепереработка
Нефтепроводы
Газопроводы
Сельскоехозяйство ипищеваяпромышленность
Непромышленныепотребители
Государственные(муниципальные)организации ипрочиебюджетныепотребители
Население иприравненныегруппыпотребителей
Территориальныесетевыеорганизации
Выручка по ПАО Россети на 2023 год
6 6
331 331
82 82
77 77
20 20
20 20
3 3
57 57
220 220
68 68
214 214
258 258
Ожидаемое (прогноз по конца года)
Интер РАО (дляФСК)
Промышленныепотребители
Транспорт
Нефтедобыча
Нефтепереработка
Нефтепроводы
Газопроводы
Сельскоехозяйство ипищеваяпромышленность
Непромышленныепотребители
Государственные(муниципальные)организации ипрочиебюджетныепотребители
Население иприравненныегруппыпотребителей
Территориальныесетевыеорганизации
Отклонения по ПАО Россети на 2023 год
2.5% 2.5%
8.9% 8.9%
3.5% 3.5%
221.4% 221.4%
12.8% 12.8%
6.9% 6.9%
13.5% 13.5%
8.1% 8.1%
-6.9% -6.9%
2.3% 2.3%
3.1% 3.1%
3.8% 3.8%
⬤ Отклонение, %
Интер РАО (для ФСК)
Промышленные потребители
Транспорт
Нефтедобыча
Нефтепереработка
Нефтепроводы
Газопроводы
Сельское хозяйство и пищевая пр…
Непромышленные потребители
Государственные (муниципальные…
Население и приравненные групп…
Территориальные сетевые органи…
Выручка отклонения по ПАО Россети на 2023 год
⬤ Отклонение, %
Интер РАО (для ФСК)
Промышленные потребители
Транспорт
Нефтедобыча
Нефтепереработка
Нефтепроводы
Газопроводы
Сельское хозяйство и пищевая пр…
Непромышленные потребители
Государственные (муниципальные…
Население и приравненные групп…
Территориальные сетевые органи…
абс.
%
Прогноз на месяц 
Ноябрь
КПО/Отпуск из сети 
Отпуск из сети, млн. кВт.ч
Организация 
Все
Прогноз электропотребления и выручки за услуги по передаче в разрезе отраслей'

26-05-2025T09:07:32 - [MESSAGE][PASSED] - Text of object 'Object Repository/Прогноз по отраслям/Виджеты дашборда' is: 'Год 
2023 год
Сравнение с 
План/СУ
Динамика электропотребления, млрд. кВт.ч. по ПАО Россети на 2023 год
10 10
181 181
36 36
15 15
9 9
14 14
4 4
16 16
86 86
19 19
79 79
586 586
10 10
197 197
37 37
48 48
10 10
15 15
4 4
18 18
80 80
19 19
82 82
608 608
СУ
Ожидаемое (прогноз по конца года)
Интер РАО (дляФСК)
Промышленныепотребители
Транспорт
Нефтедобыча
Нефтепереработка
Нефтепроводы
Газопроводы
Сельскоехозяйство ипищеваяпромышленность
Непромышленныепотребители
Государственные(муниципальные)организации ипрочиебюджетныепотребители
Население иприравненныегруппыпотребителей
Территориальныесетевыеорганизации
Выручка по ПАО Россети на 2023 год
6 6
331 331
82 82
77 77
20 20
20 20
3 3
57 57
220 220
68 68
214 214
258 258
Ожидаемое (прогноз по конца года)
Интер РАО (дляФСК)
Промышленныепотребители
Транспорт
Нефтедобыча
Нефтепереработка
Нефтепроводы
Газопроводы
Сельскоехозяйство ипищеваяпромышленность
Непромышленныепотребители
Государственные(муниципальные)организации ипрочиебюджетныепотребители
Население иприравненныегруппыпотребителей
Территориальныесетевыеорганизации
Отклонения по ПАО Россети на 2023 год
2.5% 2.5%
8.9% 8.9%
3.5% 3.5%
221.4% 221.4%
12.8% 12.8%
6.9% 6.9%
13.5% 13.5%
8.1% 8.1%
-6.9% -6.9%
2.3% 2.3%
3.1% 3.1%
3.8% 3.8%
⬤ Отклонение, %
Интер РАО (для ФСК)
Промышленные потребители
Транспорт
Нефтедобыча
Нефтепереработка
Нефтепроводы
Газопроводы
Сельское хозяйство и пищевая пр…
Непромышленные потребители
Государственные (муниципальные…
Население и приравненные групп…
Территориальные сетевые органи…
Выручка отклонения по ПАО Россети на 2023 год
⬤ Отклонение, %
Интер РАО (для ФСК)
Промышленные потребители
Транспорт
Нефтедобыча
Нефтепереработка
Нефтепроводы
Газопроводы
Сельское хозяйство и пищевая пр…
Непромышленные потребители
Государственные (муниципальные…
Население и приравненные групп…
Территориальные сетевые органи…
абс.
%
Прогноз на месяц 
Ноябрь
КПО/Отпуск из сети 
Отпуск из сети, млн. кВт.ч
Организация 
Все
Прогноз электропотребления и выручки за услуги по передаче в разрезе отраслей'

26-05-2025T09:07:32 - [TEST_STEP][PASSED] - a3 = a3.replaceAll("[^0-9]", ""): null

26-05-2025T09:07:32 - [TEST_STEP][PASSED] - println("a3:" + a3): null

26-05-2025T09:07:32 - [TEST_STEP][PASSED] - click(findTestObject("Прогноз по отраслям/Фильтр Сравнение с")): Object: 'Object Repository/Прогноз по отраслям/Фильтр Сравнение с' is clicked on

26-05-2025T09:07:33 - [MESSAGE][PASSED] - Object: 'Object Repository/Прогноз по отраслям/Фильтр Сравнение с' is clicked on

26-05-2025T09:07:33 - [TEST_STEP][PASSED] - click(findTestObject("Прогноз по отраслям/Факт прошлого года")): Object: 'Object Repository/Прогноз по отраслям/Факт прошлого года' is clicked on

26-05-2025T09:07:33 - [MESSAGE][PASSED] - Object: 'Object Repository/Прогноз по отраслям/Факт прошлого года' is clicked on

26-05-2025T09:07:33 - [TEST_STEP][PASSED] - click(findTestObject("Прогноз по отраслям/Фильтр КПО-Отпуск")): Object: 'Object Repository/Прогноз по отраслям/Фильтр КПО-Отпуск' is clicked on

26-05-2025T09:07:35 - [MESSAGE][PASSED] - Object: 'Object Repository/Прогноз по отраслям/Фильтр КПО-Отпуск' is clicked on

26-05-2025T09:07:35 - [TEST_STEP][PASSED] - click(findTestObject("Прогноз по отраслям/КПО")): Object: 'Object Repository/Прогноз по отраслям/КПО' is clicked on

26-05-2025T09:07:35 - [MESSAGE][PASSED] - Object: 'Object Repository/Прогноз по отраслям/КПО' is clicked on

26-05-2025T09:07:35 - [TEST_STEP][PASSED] - delay(40): Delayed 40 second(s)

26-05-2025T09:08:15 - [MESSAGE][PASSED] - Delayed 40 second(s)

26-05-2025T09:08:15 - [TEST_STEP][PASSED] - a4 = getText(findTestObject("Прогноз по отраслям/Виджеты дашборда")): Text of object 'Object Repository/Прогноз по отраслям/Виджеты дашборда' is: 'Год 
2023 год
Сравнение с 
Факт прошлого года
Динамика электропотребления, млрд. кВт.ч. по ПАО Россети на 2023 год
0 0
120 120
38 38
41 41
8 8
10 10
0 0
19 19
77 77
25 25
122 122
61 61
0 0
120 120
39 39
39 39
8 8
8 8
1 1
20 20
78 78
26 26
121 121
60 60
Факт прошлого года
Ожидаемое (прогноз по конца года)
Интер РАО (дляФСК)
Промышленныепотребители
Транспорт
Нефтедобыча
Нефтепереработка
Нефтепроводы
Газопроводы
Сельскоехозяйство ипищеваяпромышленность
Непромышленныепотребители
Государственные(муниципальные)организации ипрочиебюджетныепотребители
Население иприравненныегруппыпотребителей
Территориальныесетевыеорганизации
Выручка по ПАО Россети на 2023 год
5 5
285 285
72 72
72 72
18 18
22 22
0 0
50 50
201 201
61 61
190 190
227 227
6 6
331 331
82 82
77 77
20 20
20 20
3 3
57 57
220 220
68 68
214 214
258 258
Факт прошлого года
Ожидаемое (прогноз по конца года)
Интер РАО (дляФСК)
Промышленныепотребители
Транспорт
Нефтедобыча
Нефтепереработка
Нефтепроводы
Газопроводы
Сельскоехозяйство ипищеваяпромышленность
Непромышленныепотребители
Государственные(муниципальные)организации ипрочиебюджетныепотребители
Население иприравненныегруппыпотребителей
Территориальныесетевыеорганизации
Отклонения по ПАО Россети на 2023 год
0.5% 0.5%
0.9% 0.9%
-5.9% -5.9%
3.1% 3.1%
-17.9% -17.9%
578.4% 578.4%
2.3% 2.3%
1.8% 1.8%
2.1% 2.1%
-0.9% -0.9%
-0.2% -0.2%
⬤ Отклонение, %
Интер РАО (для ФСК)
Промышленные потребители
Транспорт
Нефтедобыча
Нефтепереработка
Нефтепроводы
Газопроводы
Сельское хозяйство и пищевая пр…
Непромышленные потребители
Государственные (муниципальные…
Население и приравненные групп…
Территориальные сетевые органи…
Выручка отклонения по ПАО Россети на 2023 год
7.7% 7.7%
16.0% 16.0%
13.2% 13.2%
6.7% 6.7%
13.3% 13.3%
-7.7% -7.7%
1 331.5% 1 331.5%
14.2% 14.2%
9.9% 9.9%
12.0% 12.0%
12.4% 12.4%
13.7% 13.7%
⬤ Отклонение, %
Интер РАО (для ФСК)
Промышленные потребители
Транспорт
Нефтедобыча
Нефтепереработка
Нефтепроводы
Газопроводы
Сельское хозяйство и пищевая пр…
Непромышленные потребители
Государственные (муниципальные…
Население и приравненные групп…
Территориальные сетевые органи…
абс.
%
Прогноз на месяц 
Ноябрь
КПО/Отпуск из сети 
Котловой полезный отпуск, млн. кВт.ч
Организация 
Все
Прогноз электропотребления и выручки за услуги по передаче в разрезе отраслей'

26-05-2025T09:08:16 - [MESSAGE][PASSED] - Text of object 'Object Repository/Прогноз по отраслям/Виджеты дашборда' is: 'Год 
2023 год
Сравнение с 
Факт прошлого года
Динамика электропотребления, млрд. кВт.ч. по ПАО Россети на 2023 год
0 0
120 120
38 38
41 41
8 8
10 10
0 0
19 19
77 77
25 25
122 122
61 61
0 0
120 120
39 39
39 39
8 8
8 8
1 1
20 20
78 78
26 26
121 121
60 60
Факт прошлого года
Ожидаемое (прогноз по конца года)
Интер РАО (дляФСК)
Промышленныепотребители
Транспорт
Нефтедобыча
Нефтепереработка
Нефтепроводы
Газопроводы
Сельскоехозяйство ипищеваяпромышленность
Непромышленныепотребители
Государственные(муниципальные)организации ипрочиебюджетныепотребители
Население иприравненныегруппыпотребителей
Территориальныесетевыеорганизации
Выручка по ПАО Россети на 2023 год
5 5
285 285
72 72
72 72
18 18
22 22
0 0
50 50
201 201
61 61
190 190
227 227
6 6
331 331
82 82
77 77
20 20
20 20
3 3
57 57
220 220
68 68
214 214
258 258
Факт прошлого года
Ожидаемое (прогноз по конца года)
Интер РАО (дляФСК)
Промышленныепотребители
Транспорт
Нефтедобыча
Нефтепереработка
Нефтепроводы
Газопроводы
Сельскоехозяйство ипищеваяпромышленность
Непромышленныепотребители
Государственные(муниципальные)организации ипрочиебюджетныепотребители
Население иприравненныегруппыпотребителей
Территориальныесетевыеорганизации
Отклонения по ПАО Россети на 2023 год
0.5% 0.5%
0.9% 0.9%
-5.9% -5.9%
3.1% 3.1%
-17.9% -17.9%
578.4% 578.4%
2.3% 2.3%
1.8% 1.8%
2.1% 2.1%
-0.9% -0.9%
-0.2% -0.2%
⬤ Отклонение, %
Интер РАО (для ФСК)
Промышленные потребители
Транспорт
Нефтедобыча
Нефтепереработка
Нефтепроводы
Газопроводы
Сельское хозяйство и пищевая пр…
Непромышленные потребители
Государственные (муниципальные…
Население и приравненные групп…
Территориальные сетевые органи…
Выручка отклонения по ПАО Россети на 2023 год
7.7% 7.7%
16.0% 16.0%
13.2% 13.2%
6.7% 6.7%
13.3% 13.3%
-7.7% -7.7%
1 331.5% 1 331.5%
14.2% 14.2%
9.9% 9.9%
12.0% 12.0%
12.4% 12.4%
13.7% 13.7%
⬤ Отклонение, %
Интер РАО (для ФСК)
Промышленные потребители
Транспорт
Нефтедобыча
Нефтепереработка
Нефтепроводы
Газопроводы
Сельское хозяйство и пищевая пр…
Непромышленные потребители
Государственные (муниципальные…
Население и приравненные групп…
Территориальные сетевые органи…
абс.
%
Прогноз на месяц 
Ноябрь
КПО/Отпуск из сети 
Котловой полезный отпуск, млн. кВт.ч
Организация 
Все
Прогноз электропотребления и выручки за услуги по передаче в разрезе отраслей'

26-05-2025T09:08:16 - [TEST_STEP][PASSED] - a4 = a4.replaceAll("[^0-9]", ""): null

26-05-2025T09:08:16 - [TEST_STEP][PASSED] - println("a4:" + a4): null

26-05-2025T09:08:16 - [TEST_STEP][PASSED] - click(findTestObject("Прогноз по отраслям/Фильтр Сравнение с")): Object: 'Object Repository/Прогноз по отраслям/Фильтр Сравнение с' is clicked on

26-05-2025T09:08:16 - [MESSAGE][PASSED] - Object: 'Object Repository/Прогноз по отраслям/Фильтр Сравнение с' is clicked on

26-05-2025T09:08:16 - [TEST_STEP][PASSED] - click(findTestObject("Прогноз по отраслям/План")): Object: 'Object Repository/Прогноз по отраслям/План' is clicked on

26-05-2025T09:08:17 - [MESSAGE][PASSED] - Object: 'Object Repository/Прогноз по отраслям/План' is clicked on

26-05-2025T09:08:17 - [TEST_STEP][PASSED] - delay(40): Delayed 40 second(s)

26-05-2025T09:08:57 - [MESSAGE][PASSED] - Delayed 40 second(s)

26-05-2025T09:08:57 - [TEST_STEP][PASSED] - a5 = getText(findTestObject("Прогноз по отраслям/Виджеты дашборда")): Text of object 'Object Repository/Прогноз по отраслям/Виджеты дашборда' is: 'Год 
2023 год
Сравнение с 
План
Динамика электропотребления, млрд. кВт.ч. по ПАО Россети на 2023 год
0 0
119 119
37 37
7 7
7 7
8 8
1 1
19 19
75 75
25 25
123 123
55 55
0 0
120 120
39 39
39 39
8 8
8 8
1 1
20 20
78 78
26 26
121 121
60 60
План
Ожидаемое (прогноз по конца года)
Интер РАО (дляФСК)
Промышленныепотребители
Транспорт
Нефтедобыча
Нефтепереработка
Нефтепроводы
Газопроводы
Сельскоехозяйство ипищеваяпромышленность
Непромышленныепотребители
Государственные(муниципальные)организации ипрочиебюджетныепотребители
Население иприравненныегруппыпотребителей
Территориальныесетевыеорганизации
Выручка по ПАО Россети на 2023 год
5 5
319 319
81 81
16 16
16 16
20 20
2 2
56 56
215 215
67 67
218 218
239 239
6 6
331 331
82 82
77 77
20 20
20 20
3 3
57 57
220 220
68 68
214 214
258 258
План
Ожидаемое (прогноз по конца года)
Интер РАО (дляФСК)
Промышленныепотребители
Транспорт
Нефтедобыча
Нефтепереработка
Нефтепроводы
Газопроводы
Сельскоехозяйство ипищеваяпромышленность
Непромышленныепотребители
Государственные(муниципальные)организации ипрочиебюджетныепотребители
Население иприравненныегруппыпотребителей
Территориальныесетевыеорганизации
Отклонения по ПАО Россети на 2023 год
1.2% 1.2%
3.2% 3.2%
492.1% 492.1%
18.1% 18.1%
4.4% 4.4%
11.9% 11.9%
1.2% 1.2%
4.1% 4.1%
2.4% 2.4%
-1.4% -1.4%
9.7% 9.7%
⬤ Отклонение, %
Интер РАО (для ФСК)
Промышленные потребители
Транспорт
Нефтедобыча
Нефтепереработка
Нефтепроводы
Газопроводы
Сельское хозяйство и пищевая пр…
Непромышленные потребители
Государственные (муниципальные…
Население и приравненные групп…
Территориальные сетевые органи…
Выручка отклонения по ПАО Россети на 2023 год
15.6% 15.6%
3.8% 3.8%
1.2% 1.2%
398.2% 398.2%
26.9% 26.9%
-0.6% -0.6%
26.9% 26.9%
1.5% 1.5%
2.7% 2.7%
2.0% 2.0%
-2.0% -2.0%
7.9% 7.9%
⬤ Отклонение, %
Интер РАО (для ФСК)
Промышленные потребители
Транспорт
Нефтедобыча
Нефтепереработка
Нефтепроводы
Газопроводы
Сельское хозяйство и пищевая пр…
Непромышленные потребители
Государственные (муниципальные…
Население и приравненные групп…
Территориальные сетевые органи…
абс.
%
Прогноз на месяц 
Ноябрь
КПО/Отпуск из сети 
Котловой полезный отпуск, млн. кВт.ч
Организация 
Все
Прогноз электропотребления и выручки за услуги по передаче в разрезе отраслей'

26-05-2025T09:08:58 - [MESSAGE][PASSED] - Text of object 'Object Repository/Прогноз по отраслям/Виджеты дашборда' is: 'Год 
2023 год
Сравнение с 
План
Динамика электропотребления, млрд. кВт.ч. по ПАО Россети на 2023 год
0 0
119 119
37 37
7 7
7 7
8 8
1 1
19 19
75 75
25 25
123 123
55 55
0 0
120 120
39 39
39 39
8 8
8 8
1 1
20 20
78 78
26 26
121 121
60 60
План
Ожидаемое (прогноз по конца года)
Интер РАО (дляФСК)
Промышленныепотребители
Транспорт
Нефтедобыча
Нефтепереработка
Нефтепроводы
Газопроводы
Сельскоехозяйство ипищеваяпромышленность
Непромышленныепотребители
Государственные(муниципальные)организации ипрочиебюджетныепотребители
Население иприравненныегруппыпотребителей
Территориальныесетевыеорганизации
Выручка по ПАО Россети на 2023 год
5 5
319 319
81 81
16 16
16 16
20 20
2 2
56 56
215 215
67 67
218 218
239 239
6 6
331 331
82 82
77 77
20 20
20 20
3 3
57 57
220 220
68 68
214 214
258 258
План
Ожидаемое (прогноз по конца года)
Интер РАО (дляФСК)
Промышленныепотребители
Транспорт
Нефтедобыча
Нефтепереработка
Нефтепроводы
Газопроводы
Сельскоехозяйство ипищеваяпромышленность
Непромышленныепотребители
Государственные(муниципальные)организации ипрочиебюджетныепотребители
Население иприравненныегруппыпотребителей
Территориальныесетевыеорганизации
Отклонения по ПАО Россети на 2023 год
1.2% 1.2%
3.2% 3.2%
492.1% 492.1%
18.1% 18.1%
4.4% 4.4%
11.9% 11.9%
1.2% 1.2%
4.1% 4.1%
2.4% 2.4%
-1.4% -1.4%
9.7% 9.7%
⬤ Отклонение, %
Интер РАО (для ФСК)
Промышленные потребители
Транспорт
Нефтедобыча
Нефтепереработка
Нефтепроводы
Газопроводы
Сельское хозяйство и пищевая пр…
Непромышленные потребители
Государственные (муниципальные…
Население и приравненные групп…
Территориальные сетевые органи…
Выручка отклонения по ПАО Россети на 2023 год
15.6% 15.6%
3.8% 3.8%
1.2% 1.2%
398.2% 398.2%
26.9% 26.9%
-0.6% -0.6%
26.9% 26.9%
1.5% 1.5%
2.7% 2.7%
2.0% 2.0%
-2.0% -2.0%
7.9% 7.9%
⬤ Отклонение, %
Интер РАО (для ФСК)
Промышленные потребители
Транспорт
Нефтедобыча
Нефтепереработка
Нефтепроводы
Газопроводы
Сельское хозяйство и пищевая пр…
Непромышленные потребители
Государственные (муниципальные…
Население и приравненные групп…
Территориальные сетевые органи…
абс.
%
Прогноз на месяц 
Ноябрь
КПО/Отпуск из сети 
Котловой полезный отпуск, млн. кВт.ч
Организация 
Все
Прогноз электропотребления и выручки за услуги по передаче в разрезе отраслей'

26-05-2025T09:08:58 - [TEST_STEP][PASSED] - println("a5:" + a5): null

26-05-2025T09:08:58 - [TEST_STEP][PASSED] - a5 = a5.replaceAll("[^0-9]", ""): null

26-05-2025T09:08:58 - [TEST_STEP][PASSED] - println("a5:" + a5): null

26-05-2025T09:08:58 - [TEST_STEP][PASSED] - click(findTestObject("Прогноз по отраслям/Фильтр Сравнение с")): Object: 'Object Repository/Прогноз по отраслям/Фильтр Сравнение с' is clicked on

26-05-2025T09:08:58 - [MESSAGE][PASSED] - Object: 'Object Repository/Прогноз по отраслям/Фильтр Сравнение с' is clicked on

26-05-2025T09:08:58 - [TEST_STEP][PASSED] - click(findTestObject("Прогноз по отраслям/План СУ")): Object: 'Object Repository/Прогноз по отраслям/План СУ' is clicked on

26-05-2025T09:08:59 - [MESSAGE][PASSED] - Object: 'Object Repository/Прогноз по отраслям/План СУ' is clicked on

26-05-2025T09:08:59 - [TEST_STEP][PASSED] - delay(40): Delayed 40 second(s)

26-05-2025T09:09:39 - [MESSAGE][PASSED] - Delayed 40 second(s)

26-05-2025T09:09:39 - [TEST_STEP][PASSED] - a6 = getText(findTestObject("Прогноз по отраслям/Виджеты дашборда")): Text of object 'Object Repository/Прогноз по отраслям/Виджеты дашборда' is: 'Год 
2023 год
Сравнение с 
План/СУ
Динамика электропотребления, млрд. кВт.ч. по ПАО Россети на 2023 год
0 0
0 0
0 0
0 0
0 0
0 0
0 0
0 0
0 0
0 0
0 0
0 0
0 0
120 120
39 39
39 39
8 8
8 8
1 1
20 20
78 78
26 26
121 121
60 60
СУ
Ожидаемое (прогноз по конца года)
Интер РАО (дляФСК)
Промышленныепотребители
Транспорт
Нефтедобыча
Нефтепереработка
Нефтепроводы
Газопроводы
Сельскоехозяйство ипищеваяпромышленность
Непромышленныепотребители
Государственные(муниципальные)организации ипрочиебюджетныепотребители
Население иприравненныегруппыпотребителей
Территориальныесетевыеорганизации
Выручка по ПАО Россети на 2023 год
6 6
331 331
82 82
77 77
20 20
20 20
3 3
57 57
220 220
68 68
214 214
258 258
Ожидаемое (прогноз по конца года)
Интер РАО (дляФСК)
Промышленныепотребители
Транспорт
Нефтедобыча
Нефтепереработка
Нефтепроводы
Газопроводы
Сельскоехозяйство ипищеваяпромышленность
Непромышленныепотребители
Государственные(муниципальные)организации ипрочиебюджетныепотребители
Население иприравненныегруппыпотребителей
Территориальныесетевыеорганизации
Отклонения по ПАО Россети на 2023 год
⬤ Отклонение, %
Интер РАО (для ФСК)
Промышленные потребители
Транспорт
Нефтедобыча
Нефтепереработка
Нефтепроводы
Газопроводы
Сельское хозяйство и пищевая пр…
Непромышленные потребители
Государственные (муниципальные…
Население и приравненные групп…
Территориальные сетевые органи…
Выручка отклонения по ПАО Россети на 2023 год
⬤ Отклонение, %
Интер РАО (для ФСК)
Промышленные потребители
Транспорт
Нефтедобыча
Нефтепереработка
Нефтепроводы
Газопроводы
Сельское хозяйство и пищевая пр…
Непромышленные потребители
Государственные (муниципальные…
Население и приравненные групп…
Территориальные сетевые органи…
абс.
%
Прогноз на месяц 
Ноябрь
КПО/Отпуск из сети 
Котловой полезный отпуск, млн. кВт.ч
Организация 
Все
Прогноз электропотребления и выручки за услуги по передаче в разрезе отраслей'

26-05-2025T09:09:39 - [MESSAGE][PASSED] - Text of object 'Object Repository/Прогноз по отраслям/Виджеты дашборда' is: 'Год 
2023 год
Сравнение с 
План/СУ
Динамика электропотребления, млрд. кВт.ч. по ПАО Россети на 2023 год
0 0
0 0
0 0
0 0
0 0
0 0
0 0
0 0
0 0
0 0
0 0
0 0
0 0
120 120
39 39
39 39
8 8
8 8
1 1
20 20
78 78
26 26
121 121
60 60
СУ
Ожидаемое (прогноз по конца года)
Интер РАО (дляФСК)
Промышленныепотребители
Транспорт
Нефтедобыча
Нефтепереработка
Нефтепроводы
Газопроводы
Сельскоехозяйство ипищеваяпромышленность
Непромышленныепотребители
Государственные(муниципальные)организации ипрочиебюджетныепотребители
Население иприравненныегруппыпотребителей
Территориальныесетевыеорганизации
Выручка по ПАО Россети на 2023 год
6 6
331 331
82 82
77 77
20 20
20 20
3 3
57 57
220 220
68 68
214 214
258 258
Ожидаемое (прогноз по конца года)
Интер РАО (дляФСК)
Промышленныепотребители
Транспорт
Нефтедобыча
Нефтепереработка
Нефтепроводы
Газопроводы
Сельскоехозяйство ипищеваяпромышленность
Непромышленныепотребители
Государственные(муниципальные)организации ипрочиебюджетныепотребители
Население иприравненныегруппыпотребителей
Территориальныесетевыеорганизации
Отклонения по ПАО Россети на 2023 год
⬤ Отклонение, %
Интер РАО (для ФСК)
Промышленные потребители
Транспорт
Нефтедобыча
Нефтепереработка
Нефтепроводы
Газопроводы
Сельское хозяйство и пищевая пр…
Непромышленные потребители
Государственные (муниципальные…
Население и приравненные групп…
Территориальные сетевые органи…
Выручка отклонения по ПАО Россети на 2023 год
⬤ Отклонение, %
Интер РАО (для ФСК)
Промышленные потребители
Транспорт
Нефтедобыча
Нефтепереработка
Нефтепроводы
Газопроводы
Сельское хозяйство и пищевая пр…
Непромышленные потребители
Государственные (муниципальные…
Население и приравненные групп…
Территориальные сетевые органи…
абс.
%
Прогноз на месяц 
Ноябрь
КПО/Отпуск из сети 
Котловой полезный отпуск, млн. кВт.ч
Организация 
Все
Прогноз электропотребления и выручки за услуги по передаче в разрезе отраслей'

26-05-2025T09:09:39 - [TEST_STEP][PASSED] - a6 = a6.replaceAll("[^0-9]", ""): null

26-05-2025T09:09:39 - [TEST_STEP][PASSED] - println("a6:" + a6): null

26-05-2025T09:09:39 - [TEST_STEP][PASSED] - click(findTestObject("Прогноз по отраслям/Переключить отображение с процентов на абс Блок руководителя")): Object: 'Object Repository/Прогноз по отраслям/Переключить отображение с процентов на абс Блок руководителя' is clicked on

26-05-2025T09:09:40 - [MESSAGE][PASSED] - Object: 'Object Repository/Прогноз по отраслям/Переключить отображение с процентов на абс Блок руководителя' is clicked on

26-05-2025T09:09:40 - [TEST_STEP][PASSED] - click(findTestObject("Прогноз по отраслям/Фильтр Сравнение с")): Object: 'Object Repository/Прогноз по отраслям/Фильтр Сравнение с' is clicked on

26-05-2025T09:09:40 - [MESSAGE][PASSED] - Object: 'Object Repository/Прогноз по отраслям/Фильтр Сравнение с' is clicked on

26-05-2025T09:09:40 - [TEST_STEP][PASSED] - click(findTestObject("Прогноз по отраслям/Факт прошлого года")): Object: 'Object Repository/Прогноз по отраслям/Факт прошлого года' is clicked on

26-05-2025T09:09:41 - [MESSAGE][PASSED] - Object: 'Object Repository/Прогноз по отраслям/Факт прошлого года' is clicked on

26-05-2025T09:09:41 - [TEST_STEP][PASSED] - click(findTestObject("Прогноз по отраслям/Фильтр КПО-Отпуск")): Object: 'Object Repository/Прогноз по отраслям/Фильтр КПО-Отпуск' is clicked on

26-05-2025T09:09:42 - [MESSAGE][PASSED] - Object: 'Object Repository/Прогноз по отраслям/Фильтр КПО-Отпуск' is clicked on

26-05-2025T09:09:42 - [TEST_STEP][PASSED] - click(findTestObject("Прогноз по отраслям/Отпуск")): Object: 'Object Repository/Прогноз по отраслям/Отпуск' is clicked on

26-05-2025T09:09:43 - [MESSAGE][PASSED] - Object: 'Object Repository/Прогноз по отраслям/Отпуск' is clicked on

26-05-2025T09:09:43 - [TEST_STEP][PASSED] - delay(40): Delayed 40 second(s)

26-05-2025T09:10:23 - [MESSAGE][PASSED] - Delayed 40 second(s)

26-05-2025T09:10:23 - [TEST_STEP][PASSED] - a7 = getText(findTestObject("Прогноз по отраслям/Виджеты дашборда")): Text of object 'Object Repository/Прогноз по отраслям/Виджеты дашборда' is: 'Год 
2023 год
Сравнение с 
Факт прошлого года
Отклонения по ПАО Россети на 2023 год
-2 263.5 -2 263.5
11 054.6 11 054.6
1 280.2 1 280.2
-1 947.5 -1 947.5
90.9 90.9
-3 845.0 -3 845.0
4 162.1 4 162.1
651.7 651.7
-4 727.7 -4 727.7
256.5 256.5
-723.9 -723.9
4 292.3 4 292.3
⬤ Отклонение, млн. кВт.ч
Интер РАО (для ФСК)
Промышленные потребители
Транспорт
Нефтедобыча
Нефтепереработка
Нефтепроводы
Газопроводы
Сельское хозяйство и пищевая пр…
Непромышленные потребители
Государственные (муниципальные…
Население и приравненные групп…
Территориальные сетевые органи…
Выручка отклонения по ПАО Россети на 2023 год
421.3 421.3
45 574.9 45 574.9
9 547.5 9 547.5
4 889.3 4 889.3
2 337.4 2 337.4
-1 682.6 -1 682.6
2 919.4 2 919.4
7 110.2 7 110.2
19 840.8 19 840.8
7 289.5 7 289.5
23 664.8 23 664.8
31 028.3 31 028.3
⬤ Отклонение, млн. руб.
Интер РАО (для ФСК)
Промышленные потребители
Транспорт
Нефтедобыча
Нефтепереработка
Нефтепроводы
Газопроводы
Сельское хозяйство и пищевая пр…
Непромышленные потребители
Государственные (муниципальные…
Население и приравненные групп…
Территориальные сетевые органи…
Динамика электропотребления, млрд. кВт.ч. по ПАО Россети на 2023 год
12 12
186 186
36 36
50 50
10 10
19 19
0 0
17 17
85 85
19 19
82 82
604 604
10 10
197 197
37 37
48 48
10 10
15 15
4 4
18 18
80 80
19 19
82 82
608 608
Факт прошлого года
Ожидаемое (прогноз по конца года)
Интер РАО (дляФСК)
Промышленныепотребители
Транспорт
Нефтедобыча
Нефтепереработка
Нефтепроводы
Газопроводы
Сельскоехозяйство ипищеваяпромышленность
Непромышленныепотребители
Государственные(муниципальные)организации ипрочиебюджетныепотребители
Население иприравненныегруппыпотребителей
Территориальныесетевыеорганизации
Выручка по ПАО Россети на 2023 год
5 5
285 285
72 72
72 72
18 18
22 22
0 0
50 50
201 201
61 61
190 190
227 227
6 6
331 331
82 82
77 77
20 20
20 20
3 3
57 57
220 220
68 68
214 214
258 258
Факт прошлого года
Ожидаемое (прогноз по конца года)
Интер РАО (дляФСК)
Промышленныепотребители
Транспорт
Нефтедобыча
Нефтепереработка
Нефтепроводы
Газопроводы
Сельскоехозяйство ипищеваяпромышленность
Непромышленныепотребители
Государственные(муниципальные)организации ипрочиебюджетныепотребители
Население иприравненныегруппыпотребителей
Территориальныесетевыеорганизации
абс.
%
Прогноз на месяц 
Ноябрь
КПО/Отпуск из сети 
Отпуск из сети, млн. кВт.ч
Организация 
Все
Прогноз электропотребления и выручки за услуги по передаче в разрезе отраслей'

26-05-2025T09:10:23 - [MESSAGE][PASSED] - Text of object 'Object Repository/Прогноз по отраслям/Виджеты дашборда' is: 'Год 
2023 год
Сравнение с 
Факт прошлого года
Отклонения по ПАО Россети на 2023 год
-2 263.5 -2 263.5
11 054.6 11 054.6
1 280.2 1 280.2
-1 947.5 -1 947.5
90.9 90.9
-3 845.0 -3 845.0
4 162.1 4 162.1
651.7 651.7
-4 727.7 -4 727.7
256.5 256.5
-723.9 -723.9
4 292.3 4 292.3
⬤ Отклонение, млн. кВт.ч
Интер РАО (для ФСК)
Промышленные потребители
Транспорт
Нефтедобыча
Нефтепереработка
Нефтепроводы
Газопроводы
Сельское хозяйство и пищевая пр…
Непромышленные потребители
Государственные (муниципальные…
Население и приравненные групп…
Территориальные сетевые органи…
Выручка отклонения по ПАО Россети на 2023 год
421.3 421.3
45 574.9 45 574.9
9 547.5 9 547.5
4 889.3 4 889.3
2 337.4 2 337.4
-1 682.6 -1 682.6
2 919.4 2 919.4
7 110.2 7 110.2
19 840.8 19 840.8
7 289.5 7 289.5
23 664.8 23 664.8
31 028.3 31 028.3
⬤ Отклонение, млн. руб.
Интер РАО (для ФСК)
Промышленные потребители
Транспорт
Нефтедобыча
Нефтепереработка
Нефтепроводы
Газопроводы
Сельское хозяйство и пищевая пр…
Непромышленные потребители
Государственные (муниципальные…
Население и приравненные групп…
Территориальные сетевые органи…
Динамика электропотребления, млрд. кВт.ч. по ПАО Россети на 2023 год
12 12
186 186
36 36
50 50
10 10
19 19
0 0
17 17
85 85
19 19
82 82
604 604
10 10
197 197
37 37
48 48
10 10
15 15
4 4
18 18
80 80
19 19
82 82
608 608
Факт прошлого года
Ожидаемое (прогноз по конца года)
Интер РАО (дляФСК)
Промышленныепотребители
Транспорт
Нефтедобыча
Нефтепереработка
Нефтепроводы
Газопроводы
Сельскоехозяйство ипищеваяпромышленность
Непромышленныепотребители
Государственные(муниципальные)организации ипрочиебюджетныепотребители
Население иприравненныегруппыпотребителей
Территориальныесетевыеорганизации
Выручка по ПАО Россети на 2023 год
5 5
285 285
72 72
72 72
18 18
22 22
0 0
50 50
201 201
61 61
190 190
227 227
6 6
331 331
82 82
77 77
20 20
20 20
3 3
57 57
220 220
68 68
214 214
258 258
Факт прошлого года
Ожидаемое (прогноз по конца года)
Интер РАО (дляФСК)
Промышленныепотребители
Транспорт
Нефтедобыча
Нефтепереработка
Нефтепроводы
Газопроводы
Сельскоехозяйство ипищеваяпромышленность
Непромышленныепотребители
Государственные(муниципальные)организации ипрочиебюджетныепотребители
Население иприравненныегруппыпотребителей
Территориальныесетевыеорганизации
абс.
%
Прогноз на месяц 
Ноябрь
КПО/Отпуск из сети 
Отпуск из сети, млн. кВт.ч
Организация 
Все
Прогноз электропотребления и выручки за услуги по передаче в разрезе отраслей'

26-05-2025T09:10:23 - [TEST_STEP][PASSED] - a7 = a7.replaceAll("[^0-9]", ""): null

26-05-2025T09:10:23 - [TEST_STEP][PASSED] - println("a7:" + a7): null

26-05-2025T09:10:23 - [TEST_STEP][PASSED] - click(findTestObject("Прогноз по отраслям/Фильтр Сравнение с")): Object: 'Object Repository/Прогноз по отраслям/Фильтр Сравнение с' is clicked on

26-05-2025T09:10:24 - [MESSAGE][PASSED] - Object: 'Object Repository/Прогноз по отраслям/Фильтр Сравнение с' is clicked on

26-05-2025T09:10:24 - [TEST_STEP][PASSED] - click(findTestObject("Прогноз по отраслям/План")): Object: 'Object Repository/Прогноз по отраслям/План' is clicked on

26-05-2025T09:10:25 - [MESSAGE][PASSED] - Object: 'Object Repository/Прогноз по отраслям/План' is clicked on

26-05-2025T09:10:25 - [TEST_STEP][PASSED] - delay(40): Delayed 40 second(s)

26-05-2025T09:11:05 - [MESSAGE][PASSED] - Delayed 40 second(s)

26-05-2025T09:11:05 - [TEST_STEP][PASSED] - a8 = getText(findTestObject("Прогноз по отраслям/Виджеты дашборда")): Text of object 'Object Repository/Прогноз по отраслям/Виджеты дашборда' is: 'Год 
2023 год
Сравнение с 
План
Отклонения по ПАО Россети на 2023 год
-492.2 -492.2
7 165.1 7 165.1
689.3 689.3
33 271.7 33 271.7
986.4 986.4
593.8 593.8
764.0 764.0
670.4 670.4
-592.4 -592.4
308.8 308.8
-940.9 -940.9
19 604.1 19 604.1
⬤ Отклонение, млн. кВт.ч
Интер РАО (для ФСК)
Промышленные потребители
Транспорт
Нефтедобыча
Нефтепереработка
Нефтепроводы
Газопроводы
Сельское хозяйство и пищевая пр…
Непромышленные потребители
Государственные (муниципальные…
Население и приравненные групп…
Территориальные сетевые органи…
Выручка отклонения по ПАО Россети на 2023 год
794.9 794.9
12 195.0 12 195.0
972.7 972.7
61 803.9 61 803.9
4 222.3 4 222.3
-121.8 -121.8
666.2 666.2
873.2 873.2
5 809.6 5 809.6
1 342.6 1 342.6
-4 463.2 -4 463.2
18 375.5 18 375.5
⬤ Отклонение, млн. руб.
Интер РАО (для ФСК)
Промышленные потребители
Транспорт
Нефтедобыча
Нефтепереработка
Нефтепроводы
Газопроводы
Сельское хозяйство и пищевая пр…
Непромышленные потребители
Государственные (муниципальные…
Население и приравненные групп…
Территориальные сетевые органи…
Динамика электропотребления, млрд. кВт.ч. по ПАО Россети на 2023 год
10 10
190 190
36 36
14 14
9 9
14 14
4 4
17 17
80 80
19 19
82 82
588 588
10 10
197 197
37 37
48 48
10 10
15 15
4 4
18 18
80 80
19 19
82 82
608 608
План
Ожидаемое (прогноз по конца года)
Интер РАО (дляФСК)
Промышленныепотребители
Транспорт
Нефтедобыча
Нефтепереработка
Нефтепроводы
Газопроводы
Сельскоехозяйство ипищеваяпромышленность
Непромышленныепотребители
Государственные(муниципальные)организации ипрочиебюджетныепотребители
Население иприравненныегруппыпотребителей
Территориальныесетевыеорганизации
Выручка по ПАО Россети на 2023 год
5 5
319 319
81 81
16 16
16 16
20 20
2 2
56 56
215 215
67 67
218 218
239 239
6 6
331 331
82 82
77 77
20 20
20 20
3 3
57 57
220 220
68 68
214 214
258 258
План
Ожидаемое (прогноз по конца года)
Интер РАО (дляФСК)
Промышленныепотребители
Транспорт
Нефтедобыча
Нефтепереработка
Нефтепроводы
Газопроводы
Сельскоехозяйство ипищеваяпромышленность
Непромышленныепотребители
Государственные(муниципальные)организации ипрочиебюджетныепотребители
Население иприравненныегруппыпотребителей
Территориальныесетевыеорганизации
абс.
%
Прогноз на месяц 
Ноябрь
КПО/Отпуск из сети 
Отпуск из сети, млн. кВт.ч
Организация 
Все
Прогноз электропотребления и выручки за услуги по передаче в разрезе отраслей'

26-05-2025T09:11:05 - [MESSAGE][PASSED] - Text of object 'Object Repository/Прогноз по отраслям/Виджеты дашборда' is: 'Год 
2023 год
Сравнение с 
План
Отклонения по ПАО Россети на 2023 год
-492.2 -492.2
7 165.1 7 165.1
689.3 689.3
33 271.7 33 271.7
986.4 986.4
593.8 593.8
764.0 764.0
670.4 670.4
-592.4 -592.4
308.8 308.8
-940.9 -940.9
19 604.1 19 604.1
⬤ Отклонение, млн. кВт.ч
Интер РАО (для ФСК)
Промышленные потребители
Транспорт
Нефтедобыча
Нефтепереработка
Нефтепроводы
Газопроводы
Сельское хозяйство и пищевая пр…
Непромышленные потребители
Государственные (муниципальные…
Население и приравненные групп…
Территориальные сетевые органи…
Выручка отклонения по ПАО Россети на 2023 год
794.9 794.9
12 195.0 12 195.0
972.7 972.7
61 803.9 61 803.9
4 222.3 4 222.3
-121.8 -121.8
666.2 666.2
873.2 873.2
5 809.6 5 809.6
1 342.6 1 342.6
-4 463.2 -4 463.2
18 375.5 18 375.5
⬤ Отклонение, млн. руб.
Интер РАО (для ФСК)
Промышленные потребители
Транспорт
Нефтедобыча
Нефтепереработка
Нефтепроводы
Газопроводы
Сельское хозяйство и пищевая пр…
Непромышленные потребители
Государственные (муниципальные…
Население и приравненные групп…
Территориальные сетевые органи…
Динамика электропотребления, млрд. кВт.ч. по ПАО Россети на 2023 год
10 10
190 190
36 36
14 14
9 9
14 14
4 4
17 17
80 80
19 19
82 82
588 588
10 10
197 197
37 37
48 48
10 10
15 15
4 4
18 18
80 80
19 19
82 82
608 608
План
Ожидаемое (прогноз по конца года)
Интер РАО (дляФСК)
Промышленныепотребители
Транспорт
Нефтедобыча
Нефтепереработка
Нефтепроводы
Газопроводы
Сельскоехозяйство ипищеваяпромышленность
Непромышленныепотребители
Государственные(муниципальные)организации ипрочиебюджетныепотребители
Население иприравненныегруппыпотребителей
Территориальныесетевыеорганизации
Выручка по ПАО Россети на 2023 год
5 5
319 319
81 81
16 16
16 16
20 20
2 2
56 56
215 215
67 67
218 218
239 239
6 6
331 331
82 82
77 77
20 20
20 20
3 3
57 57
220 220
68 68
214 214
258 258
План
Ожидаемое (прогноз по конца года)
Интер РАО (дляФСК)
Промышленныепотребители
Транспорт
Нефтедобыча
Нефтепереработка
Нефтепроводы
Газопроводы
Сельскоехозяйство ипищеваяпромышленность
Непромышленныепотребители
Государственные(муниципальные)организации ипрочиебюджетныепотребители
Население иприравненныегруппыпотребителей
Территориальныесетевыеорганизации
абс.
%
Прогноз на месяц 
Ноябрь
КПО/Отпуск из сети 
Отпуск из сети, млн. кВт.ч
Организация 
Все
Прогноз электропотребления и выручки за услуги по передаче в разрезе отраслей'

26-05-2025T09:11:05 - [TEST_STEP][PASSED] - a8 = a8.replaceAll("[^0-9]", ""): null

26-05-2025T09:11:05 - [TEST_STEP][PASSED] - println("a8:" + a8): null

26-05-2025T09:11:05 - [TEST_STEP][PASSED] - click(findTestObject("Прогноз по отраслям/Фильтр Сравнение с")): Object: 'Object Repository/Прогноз по отраслям/Фильтр Сравнение с' is clicked on

26-05-2025T09:11:05 - [MESSAGE][PASSED] - Object: 'Object Repository/Прогноз по отраслям/Фильтр Сравнение с' is clicked on

26-05-2025T09:11:05 - [TEST_STEP][PASSED] - click(findTestObject("Прогноз по отраслям/План СУ")): Object: 'Object Repository/Прогноз по отраслям/План СУ' is clicked on

26-05-2025T09:11:06 - [MESSAGE][PASSED] - Object: 'Object Repository/Прогноз по отраслям/План СУ' is clicked on

26-05-2025T09:11:06 - [TEST_STEP][PASSED] - delay(40): Delayed 40 second(s)

26-05-2025T09:11:46 - [MESSAGE][PASSED] - Delayed 40 second(s)

26-05-2025T09:11:46 - [TEST_STEP][PASSED] - a9 = getText(findTestObject("Прогноз по отраслям/Виджеты дашборда")): Text of object 'Object Repository/Прогноз по отраслям/Виджеты дашборда' is: 'Год 
2023 год
Сравнение с 
План/СУ
Отклонения по ПАО Россети на 2023 год
243.5 243.5
16 024.4 16 024.4
1 255.1 1 255.1
32 869.9 32 869.9
1 135.7 1 135.7
950.0 950.0
511.1 511.1
1 324.2 1 324.2
-5 962.8 -5 962.8
433.5 433.5
2 431.5 2 431.5
22 321.4 22 321.4
⬤ Отклонение, млн. кВт.ч
Интер РАО (для ФСК)
Промышленные потребители
Транспорт
Нефтедобыча
Нефтепереработка
Нефтепроводы
Газопроводы
Сельское хозяйство и пищевая пр…
Непромышленные потребители
Государственные (муниципальные…
Население и приравненные групп…
Территориальные сетевые органи…
Выручка отклонения по ПАО Россети на 2023 год
⬤ Отклонение, млн. руб.
Интер РАО (для ФСК)
Промышленные потребители
Транспорт
Нефтедобыча
Нефтепереработка
Нефтепроводы
Газопроводы
Сельское хозяйство и пищевая пр…
Непромышленные потребители
Государственные (муниципальные…
Население и приравненные групп…
Территориальные сетевые органи…
Динамика электропотребления, млрд. кВт.ч. по ПАО Россети на 2023 год
10 10
181 181
36 36
15 15
9 9
14 14
4 4
16 16
86 86
19 19
79 79
586 586
10 10
197 197
37 37
48 48
10 10
15 15
4 4
18 18
80 80
19 19
82 82
608 608
СУ
Ожидаемое (прогноз по конца года)
Интер РАО (дляФСК)
Промышленныепотребители
Транспорт
Нефтедобыча
Нефтепереработка
Нефтепроводы
Газопроводы
Сельскоехозяйство ипищеваяпромышленность
Непромышленныепотребители
Государственные(муниципальные)организации ипрочиебюджетныепотребители
Население иприравненныегруппыпотребителей
Территориальныесетевыеорганизации
Выручка по ПАО Россети на 2023 год
6 6
331 331
82 82
77 77
20 20
20 20
3 3
57 57
220 220
68 68
214 214
258 258
Ожидаемое (прогноз по конца года)
Интер РАО (дляФСК)
Промышленныепотребители
Транспорт
Нефтедобыча
Нефтепереработка
Нефтепроводы
Газопроводы
Сельскоехозяйство ипищеваяпромышленность
Непромышленныепотребители
Государственные(муниципальные)организации ипрочиебюджетныепотребители
Население иприравненныегруппыпотребителей
Территориальныесетевыеорганизации
абс.
%
Прогноз на месяц 
Ноябрь
КПО/Отпуск из сети 
Отпуск из сети, млн. кВт.ч
Организация 
Все
Прогноз электропотребления и выручки за услуги по передаче в разрезе отраслей'

26-05-2025T09:11:47 - [MESSAGE][PASSED] - Text of object 'Object Repository/Прогноз по отраслям/Виджеты дашборда' is: 'Год 
2023 год
Сравнение с 
План/СУ
Отклонения по ПАО Россети на 2023 год
243.5 243.5
16 024.4 16 024.4
1 255.1 1 255.1
32 869.9 32 869.9
1 135.7 1 135.7
950.0 950.0
511.1 511.1
1 324.2 1 324.2
-5 962.8 -5 962.8
433.5 433.5
2 431.5 2 431.5
22 321.4 22 321.4
⬤ Отклонение, млн. кВт.ч
Интер РАО (для ФСК)
Промышленные потребители
Транспорт
Нефтедобыча
Нефтепереработка
Нефтепроводы
Газопроводы
Сельское хозяйство и пищевая пр…
Непромышленные потребители
Государственные (муниципальные…
Население и приравненные групп…
Территориальные сетевые органи…
Выручка отклонения по ПАО Россети на 2023 год
⬤ Отклонение, млн. руб.
Интер РАО (для ФСК)
Промышленные потребители
Транспорт
Нефтедобыча
Нефтепереработка
Нефтепроводы
Газопроводы
Сельское хозяйство и пищевая пр…
Непромышленные потребители
Государственные (муниципальные…
Население и приравненные групп…
Территориальные сетевые органи…
Динамика электропотребления, млрд. кВт.ч. по ПАО Россети на 2023 год
10 10
181 181
36 36
15 15
9 9
14 14
4 4
16 16
86 86
19 19
79 79
586 586
10 10
197 197
37 37
48 48
10 10
15 15
4 4
18 18
80 80
19 19
82 82
608 608
СУ
Ожидаемое (прогноз по конца года)
Интер РАО (дляФСК)
Промышленныепотребители
Транспорт
Нефтедобыча
Нефтепереработка
Нефтепроводы
Газопроводы
Сельскоехозяйство ипищеваяпромышленность
Непромышленныепотребители
Государственные(муниципальные)организации ипрочиебюджетныепотребители
Население иприравненныегруппыпотребителей
Территориальныесетевыеорганизации
Выручка по ПАО Россети на 2023 год
6 6
331 331
82 82
77 77
20 20
20 20
3 3
57 57
220 220
68 68
214 214
258 258
Ожидаемое (прогноз по конца года)
Интер РАО (дляФСК)
Промышленныепотребители
Транспорт
Нефтедобыча
Нефтепереработка
Нефтепроводы
Газопроводы
Сельскоехозяйство ипищеваяпромышленность
Непромышленныепотребители
Государственные(муниципальные)организации ипрочиебюджетныепотребители
Население иприравненныегруппыпотребителей
Территориальныесетевыеорганизации
абс.
%
Прогноз на месяц 
Ноябрь
КПО/Отпуск из сети 
Отпуск из сети, млн. кВт.ч
Организация 
Все
Прогноз электропотребления и выручки за услуги по передаче в разрезе отраслей'

26-05-2025T09:11:47 - [TEST_STEP][PASSED] - a9 = a9.replaceAll("[^0-9]", ""): null

26-05-2025T09:11:47 - [TEST_STEP][PASSED] - println("a9:" + a9): null

26-05-2025T09:11:47 - [TEST_STEP][PASSED] - click(findTestObject("Прогноз по отраслям/Фильтр Сравнение с")): Object: 'Object Repository/Прогноз по отраслям/Фильтр Сравнение с' is clicked on

26-05-2025T09:11:47 - [MESSAGE][PASSED] - Object: 'Object Repository/Прогноз по отраслям/Фильтр Сравнение с' is clicked on

26-05-2025T09:11:47 - [TEST_STEP][PASSED] - click(findTestObject("Прогноз по отраслям/Факт прошлого года")): Object: 'Object Repository/Прогноз по отраслям/Факт прошлого года' is clicked on

26-05-2025T09:11:48 - [MESSAGE][PASSED] - Object: 'Object Repository/Прогноз по отраслям/Факт прошлого года' is clicked on

26-05-2025T09:11:48 - [TEST_STEP][PASSED] - click(findTestObject("Прогноз по отраслям/Фильтр КПО-Отпуск")): Object: 'Object Repository/Прогноз по отраслям/Фильтр КПО-Отпуск' is clicked on

26-05-2025T09:11:49 - [MESSAGE][PASSED] - Object: 'Object Repository/Прогноз по отраслям/Фильтр КПО-Отпуск' is clicked on

26-05-2025T09:11:49 - [TEST_STEP][PASSED] - click(findTestObject("Прогноз по отраслям/КПО")): Object: 'Object Repository/Прогноз по отраслям/КПО' is clicked on

26-05-2025T09:11:50 - [MESSAGE][PASSED] - Object: 'Object Repository/Прогноз по отраслям/КПО' is clicked on

26-05-2025T09:11:50 - [TEST_STEP][PASSED] - delay(40): Delayed 40 second(s)

26-05-2025T09:12:30 - [MESSAGE][PASSED] - Delayed 40 second(s)

26-05-2025T09:12:30 - [TEST_STEP][PASSED] - a10 = getText(findTestObject("Прогноз по отраслям/Виджеты дашборда")): Text of object 'Object Repository/Прогноз по отраслям/Виджеты дашборда' is: 'Год 
2023 год
Сравнение с 
Факт прошлого года
Отклонения по ПАО Россети на 2023 год
0.0 0.0
646.5 646.5
341.1 341.1
-2 455.6 -2 455.6
245.6 245.6
-1 796.0 -1 796.0
676.2 676.2
452.4 452.4
1 386.2 1 386.2
527.5 527.5
-1 130.4 -1 130.4
-128.7 -128.7
⬤ Отклонение, млн. кВт.ч
Интер РАО (для ФСК)
Промышленные потребители
Транспорт
Нефтедобыча
Нефтепереработка
Нефтепроводы
Газопроводы
Сельское хозяйство и пищевая пр…
Непромышленные потребители
Государственные (муниципальные…
Население и приравненные групп…
Территориальные сетевые органи…
Выручка отклонения по ПАО Россети на 2023 год
421.3 421.3
45 574.9 45 574.9
9 547.5 9 547.5
4 889.3 4 889.3
2 337.4 2 337.4
-1 682.6 -1 682.6
2 919.4 2 919.4
7 110.2 7 110.2
19 840.8 19 840.8
7 289.5 7 289.5
23 664.8 23 664.8
31 028.3 31 028.3
⬤ Отклонение, млн. руб.
Интер РАО (для ФСК)
Промышленные потребители
Транспорт
Нефтедобыча
Нефтепереработка
Нефтепроводы
Газопроводы
Сельское хозяйство и пищевая пр…
Непромышленные потребители
Государственные (муниципальные…
Население и приравненные групп…
Территориальные сетевые органи…
Динамика электропотребления, млрд. кВт.ч. по ПАО Россети на 2023 год
0 0
120 120
38 38
41 41
8 8
10 10
0 0
19 19
77 77
25 25
122 122
61 61
0 0
120 120
39 39
39 39
8 8
8 8
1 1
20 20
78 78
26 26
121 121
60 60
Факт прошлого года
Ожидаемое (прогноз по конца года)
Интер РАО (дляФСК)
Промышленныепотребители
Транспорт
Нефтедобыча
Нефтепереработка
Нефтепроводы
Газопроводы
Сельскоехозяйство ипищеваяпромышленность
Непромышленныепотребители
Государственные(муниципальные)организации ипрочиебюджетныепотребители
Население иприравненныегруппыпотребителей
Территориальныесетевыеорганизации
Выручка по ПАО Россети на 2023 год
5 5
285 285
72 72
72 72
18 18
22 22
0 0
50 50
201 201
61 61
190 190
227 227
6 6
331 331
82 82
77 77
20 20
20 20
3 3
57 57
220 220
68 68
214 214
258 258
Факт прошлого года
Ожидаемое (прогноз по конца года)
Интер РАО (дляФСК)
Промышленныепотребители
Транспорт
Нефтедобыча
Нефтепереработка
Нефтепроводы
Газопроводы
Сельскоехозяйство ипищеваяпромышленность
Непромышленныепотребители
Государственные(муниципальные)организации ипрочиебюджетныепотребители
Население иприравненныегруппыпотребителей
Территориальныесетевыеорганизации
абс.
%
Прогноз на месяц 
Ноябрь
КПО/Отпуск из сети 
Котловой полезный отпуск, млн. кВт.ч
Организация 
Все
Прогноз электропотребления и выручки за услуги по передаче в разрезе отраслей'

26-05-2025T09:12:30 - [MESSAGE][PASSED] - Text of object 'Object Repository/Прогноз по отраслям/Виджеты дашборда' is: 'Год 
2023 год
Сравнение с 
Факт прошлого года
Отклонения по ПАО Россети на 2023 год
0.0 0.0
646.5 646.5
341.1 341.1
-2 455.6 -2 455.6
245.6 245.6
-1 796.0 -1 796.0
676.2 676.2
452.4 452.4
1 386.2 1 386.2
527.5 527.5
-1 130.4 -1 130.4
-128.7 -128.7
⬤ Отклонение, млн. кВт.ч
Интер РАО (для ФСК)
Промышленные потребители
Транспорт
Нефтедобыча
Нефтепереработка
Нефтепроводы
Газопроводы
Сельское хозяйство и пищевая пр…
Непромышленные потребители
Государственные (муниципальные…
Население и приравненные групп…
Территориальные сетевые органи…
Выручка отклонения по ПАО Россети на 2023 год
421.3 421.3
45 574.9 45 574.9
9 547.5 9 547.5
4 889.3 4 889.3
2 337.4 2 337.4
-1 682.6 -1 682.6
2 919.4 2 919.4
7 110.2 7 110.2
19 840.8 19 840.8
7 289.5 7 289.5
23 664.8 23 664.8
31 028.3 31 028.3
⬤ Отклонение, млн. руб.
Интер РАО (для ФСК)
Промышленные потребители
Транспорт
Нефтедобыча
Нефтепереработка
Нефтепроводы
Газопроводы
Сельское хозяйство и пищевая пр…
Непромышленные потребители
Государственные (муниципальные…
Население и приравненные групп…
Территориальные сетевые органи…
Динамика электропотребления, млрд. кВт.ч. по ПАО Россети на 2023 год
0 0
120 120
38 38
41 41
8 8
10 10
0 0
19 19
77 77
25 25
122 122
61 61
0 0
120 120
39 39
39 39
8 8
8 8
1 1
20 20
78 78
26 26
121 121
60 60
Факт прошлого года
Ожидаемое (прогноз по конца года)
Интер РАО (дляФСК)
Промышленныепотребители
Транспорт
Нефтедобыча
Нефтепереработка
Нефтепроводы
Газопроводы
Сельскоехозяйство ипищеваяпромышленность
Непромышленныепотребители
Государственные(муниципальные)организации ипрочиебюджетныепотребители
Население иприравненныегруппыпотребителей
Территориальныесетевыеорганизации
Выручка по ПАО Россети на 2023 год
5 5
285 285
72 72
72 72
18 18
22 22
0 0
50 50
201 201
61 61
190 190
227 227
6 6
331 331
82 82
77 77
20 20
20 20
3 3
57 57
220 220
68 68
214 214
258 258
Факт прошлого года
Ожидаемое (прогноз по конца года)
Интер РАО (дляФСК)
Промышленныепотребители
Транспорт
Нефтедобыча
Нефтепереработка
Нефтепроводы
Газопроводы
Сельскоехозяйство ипищеваяпромышленность
Непромышленныепотребители
Государственные(муниципальные)организации ипрочиебюджетныепотребители
Население иприравненныегруппыпотребителей
Территориальныесетевыеорганизации
абс.
%
Прогноз на месяц 
Ноябрь
КПО/Отпуск из сети 
Котловой полезный отпуск, млн. кВт.ч
Организация 
Все
Прогноз электропотребления и выручки за услуги по передаче в разрезе отраслей'

26-05-2025T09:12:30 - [TEST_STEP][PASSED] - a10 = a10.replaceAll("[^0-9]", ""): null

26-05-2025T09:12:30 - [TEST_STEP][PASSED] - println("a10:" + a10): null

26-05-2025T09:12:30 - [TEST_STEP][PASSED] - click(findTestObject("Прогноз по отраслям/Фильтр Сравнение с")): Object: 'Object Repository/Прогноз по отраслям/Фильтр Сравнение с' is clicked on

26-05-2025T09:12:31 - [MESSAGE][PASSED] - Object: 'Object Repository/Прогноз по отраслям/Фильтр Сравнение с' is clicked on

26-05-2025T09:12:31 - [TEST_STEP][PASSED] - click(findTestObject("Прогноз по отраслям/План")): Object: 'Object Repository/Прогноз по отраслям/План' is clicked on

26-05-2025T09:12:32 - [MESSAGE][PASSED] - Object: 'Object Repository/Прогноз по отраслям/План' is clicked on

26-05-2025T09:12:32 - [TEST_STEP][PASSED] - delay(40): Delayed 40 second(s)

26-05-2025T09:13:12 - [MESSAGE][PASSED] - Delayed 40 second(s)

26-05-2025T09:13:12 - [TEST_STEP][PASSED] - a11 = getText(findTestObject("Прогноз по отраслям/Виджеты дашборда")): Text of object 'Object Repository/Прогноз по отраслям/Виджеты дашборда' is: 'Год 
2023 год
Сравнение с 
План
Отклонения по ПАО Россети на 2023 год
0.0 0.0
1 471.7 1 471.7
1 186.5 1 186.5
32 445.2 32 445.2
1 268.3 1 268.3
349.4 349.4
84.3 84.3
239.8 239.8
2 969.4 2 969.4
589.2 589.2
-1 798.4 -1 798.4
5 359.3 5 359.3
⬤ Отклонение, млн. кВт.ч
Интер РАО (для ФСК)
Промышленные потребители
Транспорт
Нефтедобыча
Нефтепереработка
Нефтепроводы
Газопроводы
Сельское хозяйство и пищевая пр…
Непромышленные потребители
Государственные (муниципальные…
Население и приравненные групп…
Территориальные сетевые органи…
Выручка отклонения по ПАО Россети на 2023 год
794.9 794.9
12 195.0 12 195.0
972.7 972.7
61 803.9 61 803.9
4 222.3 4 222.3
-121.8 -121.8
666.2 666.2
873.2 873.2
5 809.6 5 809.6
1 342.6 1 342.6
-4 463.2 -4 463.2
18 375.5 18 375.5
⬤ Отклонение, млн. руб.
Интер РАО (для ФСК)
Промышленные потребители
Транспорт
Нефтедобыча
Нефтепереработка
Нефтепроводы
Газопроводы
Сельское хозяйство и пищевая пр…
Непромышленные потребители
Государственные (муниципальные…
Население и приравненные групп…
Территориальные сетевые органи…
Динамика электропотребления, млрд. кВт.ч. по ПАО Россети на 2023 год
0 0
119 119
37 37
7 7
7 7
8 8
1 1
19 19
75 75
25 25
123 123
55 55
0 0
120 120
39 39
39 39
8 8
8 8
1 1
20 20
78 78
26 26
121 121
60 60
План
Ожидаемое (прогноз по конца года)
Интер РАО (дляФСК)
Промышленныепотребители
Транспорт
Нефтедобыча
Нефтепереработка
Нефтепроводы
Газопроводы
Сельскоехозяйство ипищеваяпромышленность
Непромышленныепотребители
Государственные(муниципальные)организации ипрочиебюджетныепотребители
Население иприравненныегруппыпотребителей
Территориальныесетевыеорганизации
Выручка по ПАО Россети на 2023 год
5 5
319 319
81 81
16 16
16 16
20 20
2 2
56 56
215 215
67 67
218 218
239 239
6 6
331 331
82 82
77 77
20 20
20 20
3 3
57 57
220 220
68 68
214 214
258 258
План
Ожидаемое (прогноз по конца года)
Интер РАО (дляФСК)
Промышленныепотребители
Транспорт
Нефтедобыча
Нефтепереработка
Нефтепроводы
Газопроводы
Сельскоехозяйство ипищеваяпромышленность
Непромышленныепотребители
Государственные(муниципальные)организации ипрочиебюджетныепотребители
Население иприравненныегруппыпотребителей
Территориальныесетевыеорганизации
абс.
%
Прогноз на месяц 
Ноябрь
КПО/Отпуск из сети 
Котловой полезный отпуск, млн. кВт.ч
Организация 
Все
Прогноз электропотребления и выручки за услуги по передаче в разрезе отраслей'

26-05-2025T09:13:12 - [MESSAGE][PASSED] - Text of object 'Object Repository/Прогноз по отраслям/Виджеты дашборда' is: 'Год 
2023 год
Сравнение с 
План
Отклонения по ПАО Россети на 2023 год
0.0 0.0
1 471.7 1 471.7
1 186.5 1 186.5
32 445.2 32 445.2
1 268.3 1 268.3
349.4 349.4
84.3 84.3
239.8 239.8
2 969.4 2 969.4
589.2 589.2
-1 798.4 -1 798.4
5 359.3 5 359.3
⬤ Отклонение, млн. кВт.ч
Интер РАО (для ФСК)
Промышленные потребители
Транспорт
Нефтедобыча
Нефтепереработка
Нефтепроводы
Газопроводы
Сельское хозяйство и пищевая пр…
Непромышленные потребители
Государственные (муниципальные…
Население и приравненные групп…
Территориальные сетевые органи…
Выручка отклонения по ПАО Россети на 2023 год
794.9 794.9
12 195.0 12 195.0
972.7 972.7
61 803.9 61 803.9
4 222.3 4 222.3
-121.8 -121.8
666.2 666.2
873.2 873.2
5 809.6 5 809.6
1 342.6 1 342.6
-4 463.2 -4 463.2
18 375.5 18 375.5
⬤ Отклонение, млн. руб.
Интер РАО (для ФСК)
Промышленные потребители
Транспорт
Нефтедобыча
Нефтепереработка
Нефтепроводы
Газопроводы
Сельское хозяйство и пищевая пр…
Непромышленные потребители
Государственные (муниципальные…
Население и приравненные групп…
Территориальные сетевые органи…
Динамика электропотребления, млрд. кВт.ч. по ПАО Россети на 2023 год
0 0
119 119
37 37
7 7
7 7
8 8
1 1
19 19
75 75
25 25
123 123
55 55
0 0
120 120
39 39
39 39
8 8
8 8
1 1
20 20
78 78
26 26
121 121
60 60
План
Ожидаемое (прогноз по конца года)
Интер РАО (дляФСК)
Промышленныепотребители
Транспорт
Нефтедобыча
Нефтепереработка
Нефтепроводы
Газопроводы
Сельскоехозяйство ипищеваяпромышленность
Непромышленныепотребители
Государственные(муниципальные)организации ипрочиебюджетныепотребители
Население иприравненныегруппыпотребителей
Территориальныесетевыеорганизации
Выручка по ПАО Россети на 2023 год
5 5
319 319
81 81
16 16
16 16
20 20
2 2
56 56
215 215
67 67
218 218
239 239
6 6
331 331
82 82
77 77
20 20
20 20
3 3
57 57
220 220
68 68
214 214
258 258
План
Ожидаемое (прогноз по конца года)
Интер РАО (дляФСК)
Промышленныепотребители
Транспорт
Нефтедобыча
Нефтепереработка
Нефтепроводы
Газопроводы
Сельскоехозяйство ипищеваяпромышленность
Непромышленныепотребители
Государственные(муниципальные)организации ипрочиебюджетныепотребители
Население иприравненныегруппыпотребителей
Территориальныесетевыеорганизации
абс.
%
Прогноз на месяц 
Ноябрь
КПО/Отпуск из сети 
Котловой полезный отпуск, млн. кВт.ч
Организация 
Все
Прогноз электропотребления и выручки за услуги по передаче в разрезе отраслей'

26-05-2025T09:13:12 - [TEST_STEP][PASSED] - println("a11:" + a11): null

26-05-2025T09:13:12 - [TEST_STEP][PASSED] - a11 = a11.replaceAll("[^0-9]", ""): null

26-05-2025T09:13:12 - [TEST_STEP][PASSED] - println("a11:" + a11): null

26-05-2025T09:13:12 - [TEST_STEP][PASSED] - click(findTestObject("Прогноз по отраслям/Фильтр Сравнение с")): Object: 'Object Repository/Прогноз по отраслям/Фильтр Сравнение с' is clicked on

26-05-2025T09:13:13 - [MESSAGE][PASSED] - Object: 'Object Repository/Прогноз по отраслям/Фильтр Сравнение с' is clicked on

26-05-2025T09:13:13 - [TEST_STEP][PASSED] - click(findTestObject("Прогноз по отраслям/План СУ")): Object: 'Object Repository/Прогноз по отраслям/План СУ' is clicked on

26-05-2025T09:13:14 - [MESSAGE][PASSED] - Object: 'Object Repository/Прогноз по отраслям/План СУ' is clicked on

26-05-2025T09:13:14 - [TEST_STEP][PASSED] - delay(40): Delayed 40 second(s)

26-05-2025T09:13:54 - [MESSAGE][PASSED] - Delayed 40 second(s)

26-05-2025T09:13:54 - [TEST_STEP][PASSED] - a12 = getText(findTestObject("Прогноз по отраслям/Виджеты дашборда")): Text of object 'Object Repository/Прогноз по отраслям/Виджеты дашборда' is: 'Год 
2023 год
Сравнение с 
План/СУ
Отклонения по ПАО Россети на 2023 год
0.0 0.0
120 322.6 120 322.6
38 655.4 38 655.4
39 037.8 39 037.8
8 291.7 8 291.7
8 259.5 8 259.5
793.1 793.1
19 706.6 19 706.6
78 310.2 78 310.2
25 579.5 25 579.5
121 219.7 121 219.7
60 414.9 60 414.9
⬤ Отклонение, млн. кВт.ч
Интер РАО (для ФСК)
Промышленные потребители
Транспорт
Нефтедобыча
Нефтепереработка
Нефтепроводы
Газопроводы
Сельское хозяйство и пищевая пр…
Непромышленные потребители
Государственные (муниципальные…
Население и приравненные групп…
Территориальные сетевые органи…
Выручка отклонения по ПАО Россети на 2023 год
⬤ Отклонение, млн. руб.
Интер РАО (для ФСК)
Промышленные потребители
Транспорт
Нефтедобыча
Нефтепереработка
Нефтепроводы
Газопроводы
Сельское хозяйство и пищевая пр…
Непромышленные потребители
Государственные (муниципальные…
Население и приравненные групп…
Территориальные сетевые органи…
Динамика электропотребления, млрд. кВт.ч. по ПАО Россети на 2023 год
0 0
0 0
0 0
0 0
0 0
0 0
0 0
0 0
0 0
0 0
0 0
0 0
0 0
120 120
39 39
39 39
8 8
8 8
1 1
20 20
78 78
26 26
121 121
60 60
СУ
Ожидаемое (прогноз по конца года)
Интер РАО (дляФСК)
Промышленныепотребители
Транспорт
Нефтедобыча
Нефтепереработка
Нефтепроводы
Газопроводы
Сельскоехозяйство ипищеваяпромышленность
Непромышленныепотребители
Государственные(муниципальные)организации ипрочиебюджетныепотребители
Население иприравненныегруппыпотребителей
Территориальныесетевыеорганизации
Выручка по ПАО Россети на 2023 год
6 6
331 331
82 82
77 77
20 20
20 20
3 3
57 57
220 220
68 68
214 214
258 258
Ожидаемое (прогноз по конца года)
Интер РАО (дляФСК)
Промышленныепотребители
Транспорт
Нефтедобыча
Нефтепереработка
Нефтепроводы
Газопроводы
Сельскоехозяйство ипищеваяпромышленность
Непромышленныепотребители
Государственные(муниципальные)организации ипрочиебюджетныепотребители
Население иприравненныегруппыпотребителей
Территориальныесетевыеорганизации
абс.
%
Прогноз на месяц 
Ноябрь
КПО/Отпуск из сети 
Котловой полезный отпуск, млн. кВт.ч
Организация 
Все
Прогноз электропотребления и выручки за услуги по передаче в разрезе отраслей'

26-05-2025T09:13:54 - [MESSAGE][PASSED] - Text of object 'Object Repository/Прогноз по отраслям/Виджеты дашборда' is: 'Год 
2023 год
Сравнение с 
План/СУ
Отклонения по ПАО Россети на 2023 год
0.0 0.0
120 322.6 120 322.6
38 655.4 38 655.4
39 037.8 39 037.8
8 291.7 8 291.7
8 259.5 8 259.5
793.1 793.1
19 706.6 19 706.6
78 310.2 78 310.2
25 579.5 25 579.5
121 219.7 121 219.7
60 414.9 60 414.9
⬤ Отклонение, млн. кВт.ч
Интер РАО (для ФСК)
Промышленные потребители
Транспорт
Нефтедобыча
Нефтепереработка
Нефтепроводы
Газопроводы
Сельское хозяйство и пищевая пр…
Непромышленные потребители
Государственные (муниципальные…
Население и приравненные групп…
Территориальные сетевые органи…
Выручка отклонения по ПАО Россети на 2023 год
⬤ Отклонение, млн. руб.
Интер РАО (для ФСК)
Промышленные потребители
Транспорт
Нефтедобыча
Нефтепереработка
Нефтепроводы
Газопроводы
Сельское хозяйство и пищевая пр…
Непромышленные потребители
Государственные (муниципальные…
Население и приравненные групп…
Территориальные сетевые органи…
Динамика электропотребления, млрд. кВт.ч. по ПАО Россети на 2023 год
0 0
0 0
0 0
0 0
0 0
0 0
0 0
0 0
0 0
0 0
0 0
0 0
0 0
120 120
39 39
39 39
8 8
8 8
1 1
20 20
78 78
26 26
121 121
60 60
СУ
Ожидаемое (прогноз по конца года)
Интер РАО (дляФСК)
Промышленныепотребители
Транспорт
Нефтедобыча
Нефтепереработка
Нефтепроводы
Газопроводы
Сельскоехозяйство ипищеваяпромышленность
Непромышленныепотребители
Государственные(муниципальные)организации ипрочиебюджетныепотребители
Население иприравненныегруппыпотребителей
Территориальныесетевыеорганизации
Выручка по ПАО Россети на 2023 год
6 6
331 331
82 82
77 77
20 20
20 20
3 3
57 57
220 220
68 68
214 214
258 258
Ожидаемое (прогноз по конца года)
Интер РАО (дляФСК)
Промышленныепотребители
Транспорт
Нефтедобыча
Нефтепереработка
Нефтепроводы
Газопроводы
Сельскоехозяйство ипищеваяпромышленность
Непромышленныепотребители
Государственные(муниципальные)организации ипрочиебюджетныепотребители
Население иприравненныегруппыпотребителей
Территориальныесетевыеорганизации
абс.
%
Прогноз на месяц 
Ноябрь
КПО/Отпуск из сети 
Котловой полезный отпуск, млн. кВт.ч
Организация 
Все
Прогноз электропотребления и выручки за услуги по передаче в разрезе отраслей'

26-05-2025T09:13:54 - [TEST_STEP][PASSED] - a12 = a12.replaceAll("[^0-9]", ""): null

26-05-2025T09:13:54 - [TEST_STEP][PASSED] - println("a12:" + a12): null

26-05-2025T09:13:54 - [TEST_STEP][PASSED] - navigateToUrl(findTestData("PlanFact").getValue(10, 12)): Navigate to 'https://bi.rosseti.digital/viewer?dashboardGuid=d218b6eb1b7845df8f1994d6a65c072b&sheetGuid=3059d1e0f28043ee8c80901707e9c246&fit=true' successfully

26-05-2025T09:13:54 - [MESSAGE][PASSED] - Navigate to 'https://bi.rosseti.digital/viewer?dashboardGuid=d218b6eb1b7845df8f1994d6a65c072b&sheetGuid=3059d1e0f28043ee8c80901707e9c246&fit=true' successfully

26-05-2025T09:13:54 - [TEST_STEP][PASSED] - delay(50): Delayed 50 second(s)

26-05-2025T09:14:44 - [MESSAGE][PASSED] - Delayed 50 second(s)

26-05-2025T09:14:44 - [TEST_STEP][PASSED] - click(findTestObject("Прогноз по отраслям/Фильтр месяц Стресс")): Object: 'Object Repository/Прогноз по отраслям/Фильтр месяц Стресс' is clicked on

26-05-2025T09:14:45 - [MESSAGE][PASSED] - Object: 'Object Repository/Прогноз по отраслям/Фильтр месяц Стресс' is clicked on

26-05-2025T09:14:45 - [TEST_STEP][PASSED] - scrollToElement(findTestObject("Прогноз по отраслям/Ноябрь Стресс"), 30): Scroll to object 'Object Repository/Прогноз по отраслям/Ноябрь Стресс' successfully

26-05-2025T09:14:45 - [MESSAGE][PASSED] - Scroll to object 'Object Repository/Прогноз по отраслям/Ноябрь Стресс' successfully

26-05-2025T09:14:45 - [TEST_STEP][PASSED] - click(findTestObject("Прогноз по отраслям/Ноябрь Стресс")): Object: 'Object Repository/Прогноз по отраслям/Ноябрь Стресс' is clicked on

26-05-2025T09:14:46 - [MESSAGE][PASSED] - Object: 'Object Repository/Прогноз по отраслям/Ноябрь Стресс' is clicked on

26-05-2025T09:14:46 - [TEST_STEP][PASSED] - scrollToElement(findTestObject("Прогноз по отраслям/Заголовок дашборда Стресс"), 30): Scroll to object 'Object Repository/Прогноз по отраслям/Заголовок дашборда Стресс' successfully

26-05-2025T09:14:48 - [MESSAGE][PASSED] - Scroll to object 'Object Repository/Прогноз по отраслям/Заголовок дашборда Стресс' successfully

26-05-2025T09:14:48 - [TEST_STEP][PASSED] - click(findTestObject("Прогноз по отраслям/Фильтр Сравнение с Стресс")): Object: 'Object Repository/Прогноз по отраслям/Фильтр Сравнение с Стресс' is clicked on

26-05-2025T09:14:49 - [MESSAGE][PASSED] - Object: 'Object Repository/Прогноз по отраслям/Фильтр Сравнение с Стресс' is clicked on

26-05-2025T09:14:49 - [TEST_STEP][PASSED] - click(findTestObject("Прогноз по отраслям/Факт прошлого года Стресс")): Object: 'Object Repository/Прогноз по отраслям/Факт прошлого года Стресс' is clicked on

26-05-2025T09:14:50 - [MESSAGE][PASSED] - Object: 'Object Repository/Прогноз по отраслям/Факт прошлого года Стресс' is clicked on

26-05-2025T09:14:50 - [TEST_STEP][PASSED] - click(findTestObject("Прогноз по отраслям/Фильтр КПО-Отпуск Стресс")): Object: 'Object Repository/Прогноз по отраслям/Фильтр КПО-Отпуск Стресс' is clicked on

26-05-2025T09:14:51 - [MESSAGE][PASSED] - Object: 'Object Repository/Прогноз по отраслям/Фильтр КПО-Отпуск Стресс' is clicked on

26-05-2025T09:14:51 - [TEST_STEP][PASSED] - click(findTestObject("Прогноз по отраслям/Отпуск Стресс")): Object: 'Object Repository/Прогноз по отраслям/Отпуск Стресс' is clicked on

26-05-2025T09:14:52 - [MESSAGE][PASSED] - Object: 'Object Repository/Прогноз по отраслям/Отпуск Стресс' is clicked on

26-05-2025T09:14:52 - [TEST_STEP][PASSED] - delay(40): Delayed 40 second(s)

26-05-2025T09:15:32 - [MESSAGE][PASSED] - Delayed 40 second(s)

26-05-2025T09:15:32 - [TEST_STEP][PASSED] - b1 = getText(findTestObject("Прогноз по отраслям/Виджеты дашборда")): Text of object 'Object Repository/Прогноз по отраслям/Виджеты дашборда' is: 'Год 
2023 год
Сравнение с 
Факт прошлого года
Динамика электропотребления, млрд. кВт.ч., по ПАО Россети на 2023 год
12 12
186 186
36 36
50 50
10 10
19 19
0 0
17 17
85 85
19 19
82 82
604 604
10 10
197 197
37 37
48 48
10 10
15 15
4 4
18 18
80 80
19 19
82 82
608 608
Факт прошлого года
Ожидаемое (прогноз до конца года)
Интер РАО(для ФСК)
Промышленныепотребители
Транспорт
Нефтедобыча
Нефтеперераб…
Нефтепроводы
Газопроводы
Сельское хозя…
Непромышлен…
Государственн…
Население иприравненныегруппыпотребителей
Территориальн…
Выручка, млрд. руб, по ПАО Россети на 2023 год
5 5
285 285
72 72
72 72
18 18
22 22
0 0
50 50
201 201
61 61
190 190
227 227
6 6
331 331
82 82
77 77
20 20
20 20
3 3
57 57
220 220
68 68
214 214
258 258
Факт прошлого года
Ожидаемое (прогноз до конца года)
Интер РАО(для ФСК)
Промышленныепотребители
Транспорт
Нефтедобыча
Нефтеперераб…
Нефтепроводы
Газопроводы
Сельское хозя…
Непромышлен…
Государственн…
Население иприравненныегруппыпотребителей
Территориальн…
Отклонения по ПАО Россети на 2023 год
-18.5% -18.5%
5.9% 5.9%
3.6% 3.6%
-3.9% -3.9%
0.9% 0.9%
-20.7% -20.7%
3 313.2% 3 313.2%
3.8% 3.8%
-5.6% -5.6%
1.3% 1.3%
-0.9% -0.9%
0.7% 0.7%
⬤ Отклонение, %
Интер РАО (для ФСК)
Промышленные потребители
Транспорт
Нефтедобыча
Нефтепереработка
Нефтепроводы
Газопроводы
Сельское хозяйство и пищевая про…
Непромышленные потребители
Государственные (муниципальные)…
Население и приравненные группы…
Территориальные сетевые организ…
Выручка отклонения по ПАО Россети на 2023 год
7.7% 7.7%
16.0% 16.0%
13.2% 13.2%
6.7% 6.7%
13.3% 13.3%
-7.7% -7.7%
1 331.5% 1 331.5%
14.2% 14.2%
9.9% 9.9%
12.0% 12.0%
12.4% 12.4%
13.7% 13.7%
⬤ Отклонение, %
Интер РАО (для ФСК)
Промышленные потребители
Транспорт
Нефтедобыча
Нефтепереработка
Нефтепроводы
Газопроводы
Сельское хозяйство и пищевая про…
Непромышленные потребители
Государственные (муниципальные)…
Население и приравненные группы…
Территориальные сетевые организ…
абс.
%
Прогноз на месяц 
Ноябрь
КПО/Отпуск из сети 
Отпуск из сети, млн. кВт.ч
Организация 
Все
Прогноз электропотребления и выручки за услуги по передаче в разрезе отраслей'

26-05-2025T09:15:33 - [MESSAGE][PASSED] - Text of object 'Object Repository/Прогноз по отраслям/Виджеты дашборда' is: 'Год 
2023 год
Сравнение с 
Факт прошлого года
Динамика электропотребления, млрд. кВт.ч., по ПАО Россети на 2023 год
12 12
186 186
36 36
50 50
10 10
19 19
0 0
17 17
85 85
19 19
82 82
604 604
10 10
197 197
37 37
48 48
10 10
15 15
4 4
18 18
80 80
19 19
82 82
608 608
Факт прошлого года
Ожидаемое (прогноз до конца года)
Интер РАО(для ФСК)
Промышленныепотребители
Транспорт
Нефтедобыча
Нефтеперераб…
Нефтепроводы
Газопроводы
Сельское хозя…
Непромышлен…
Государственн…
Население иприравненныегруппыпотребителей
Территориальн…
Выручка, млрд. руб, по ПАО Россети на 2023 год
5 5
285 285
72 72
72 72
18 18
22 22
0 0
50 50
201 201
61 61
190 190
227 227
6 6
331 331
82 82
77 77
20 20
20 20
3 3
57 57
220 220
68 68
214 214
258 258
Факт прошлого года
Ожидаемое (прогноз до конца года)
Интер РАО(для ФСК)
Промышленныепотребители
Транспорт
Нефтедобыча
Нефтеперераб…
Нефтепроводы
Газопроводы
Сельское хозя…
Непромышлен…
Государственн…
Население иприравненныегруппыпотребителей
Территориальн…
Отклонения по ПАО Россети на 2023 год
-18.5% -18.5%
5.9% 5.9%
3.6% 3.6%
-3.9% -3.9%
0.9% 0.9%
-20.7% -20.7%
3 313.2% 3 313.2%
3.8% 3.8%
-5.6% -5.6%
1.3% 1.3%
-0.9% -0.9%
0.7% 0.7%
⬤ Отклонение, %
Интер РАО (для ФСК)
Промышленные потребители
Транспорт
Нефтедобыча
Нефтепереработка
Нефтепроводы
Газопроводы
Сельское хозяйство и пищевая про…
Непромышленные потребители
Государственные (муниципальные)…
Население и приравненные группы…
Территориальные сетевые организ…
Выручка отклонения по ПАО Россети на 2023 год
7.7% 7.7%
16.0% 16.0%
13.2% 13.2%
6.7% 6.7%
13.3% 13.3%
-7.7% -7.7%
1 331.5% 1 331.5%
14.2% 14.2%
9.9% 9.9%
12.0% 12.0%
12.4% 12.4%
13.7% 13.7%
⬤ Отклонение, %
Интер РАО (для ФСК)
Промышленные потребители
Транспорт
Нефтедобыча
Нефтепереработка
Нефтепроводы
Газопроводы
Сельское хозяйство и пищевая про…
Непромышленные потребители
Государственные (муниципальные)…
Население и приравненные группы…
Территориальные сетевые организ…
абс.
%
Прогноз на месяц 
Ноябрь
КПО/Отпуск из сети 
Отпуск из сети, млн. кВт.ч
Организация 
Все
Прогноз электропотребления и выручки за услуги по передаче в разрезе отраслей'

26-05-2025T09:15:33 - [TEST_STEP][PASSED] - b1 = b1.replaceAll("[^0-9]", ""): null

26-05-2025T09:15:33 - [TEST_STEP][PASSED] - println("b1:" + b1): null

26-05-2025T09:15:33 - [TEST_STEP][PASSED] - click(findTestObject("Прогноз по отраслям/Фильтр Сравнение с Стресс")): Object: 'Object Repository/Прогноз по отраслям/Фильтр Сравнение с Стресс' is clicked on

26-05-2025T09:15:33 - [MESSAGE][PASSED] - Object: 'Object Repository/Прогноз по отраслям/Фильтр Сравнение с Стресс' is clicked on

26-05-2025T09:15:33 - [TEST_STEP][PASSED] - click(findTestObject("Прогноз по отраслям/План Стресс")): Object: 'Object Repository/Прогноз по отраслям/План Стресс' is clicked on

26-05-2025T09:15:34 - [MESSAGE][PASSED] - Object: 'Object Repository/Прогноз по отраслям/План Стресс' is clicked on

26-05-2025T09:15:34 - [TEST_STEP][PASSED] - delay(40): Delayed 40 second(s)

26-05-2025T09:16:14 - [MESSAGE][PASSED] - Delayed 40 second(s)

26-05-2025T09:16:14 - [TEST_STEP][PASSED] - b2 = getText(findTestObject("Прогноз по отраслям/Виджеты дашборда")): Text of object 'Object Repository/Прогноз по отраслям/Виджеты дашборда' is: 'Год 
2023 год
Сравнение с 
План
Динамика электропотребления, млрд. кВт.ч., по ПАО Россети на 2023 год
10 10
190 190
36 36
14 14
9 9
14 14
4 4
17 17
80 80
19 19
82 82
588 588
10 10
197 197
37 37
48 48
10 10
15 15
4 4
18 18
80 80
19 19
82 82
608 608
План
Ожидаемое (прогноз до конца года)
Интер РАО(для ФСК)
Промышленныепотребители
Транспорт
Нефтедобыча
Нефтеперераб…
Нефтепроводы
Газопроводы
Сельское хозя…
Непромышлен…
Государственн…
Население иприравненныегруппыпотребителей
Территориальн…
Выручка, млрд. руб, по ПАО Россети на 2023 год
5 5
319 319
81 81
16 16
16 16
20 20
2 2
56 56
215 215
67 67
218 218
239 239
6 6
331 331
82 82
77 77
20 20
20 20
3 3
57 57
220 220
68 68
214 214
258 258
План
Ожидаемое (прогноз до конца года)
Интер РАО(для ФСК)
Промышленныепотребители
Транспорт
Нефтедобыча
Нефтеперераб…
Нефтепроводы
Газопроводы
Сельское хозя…
Непромышлен…
Государственн…
Население иприравненныегруппыпотребителей
Территориальн…
Отклонения по ПАО Россети на 2023 год
-4.7% -4.7%
3.8% 3.8%
1.9% 1.9%
230.3% 230.3%
10.9% 10.9%
4.2% 4.2%
21.7% 21.7%
3.9% 3.9%
-0.6% -0.6%
1.6% 1.6%
-1.0% -1.0%
3.3% 3.3%
⬤ Отклонение, %
Интер РАО (для ФСК)
Промышленные потребители
Транспорт
Нефтедобыча
Нефтепереработка
Нефтепроводы
Газопроводы
Сельское хозяйство и пищевая про…
Непромышленные потребители
Государственные (муниципальные)…
Население и приравненные группы…
Территориальные сетевые организ…
Выручка отклонения по ПАО Россети на 2023 год
15.6% 15.6%
3.8% 3.8%
1.2% 1.2%
398.2% 398.2%
26.9% 26.9%
-0.6% -0.6%
26.9% 26.9%
1.5% 1.5%
2.7% 2.7%
2.0% 2.0%
-2.0% -2.0%
7.9% 7.9%
⬤ Отклонение, %
Интер РАО (для ФСК)
Промышленные потребители
Транспорт
Нефтедобыча
Нефтепереработка
Нефтепроводы
Газопроводы
Сельское хозяйство и пищевая про…
Непромышленные потребители
Государственные (муниципальные)…
Население и приравненные группы…
Территориальные сетевые организ…
абс.
%
Прогноз на месяц 
Ноябрь
КПО/Отпуск из сети 
Отпуск из сети, млн. кВт.ч
Организация 
Все
Прогноз электропотребления и выручки за услуги по передаче в разрезе отраслей'

26-05-2025T09:16:15 - [MESSAGE][PASSED] - Text of object 'Object Repository/Прогноз по отраслям/Виджеты дашборда' is: 'Год 
2023 год
Сравнение с 
План
Динамика электропотребления, млрд. кВт.ч., по ПАО Россети на 2023 год
10 10
190 190
36 36
14 14
9 9
14 14
4 4
17 17
80 80
19 19
82 82
588 588
10 10
197 197
37 37
48 48
10 10
15 15
4 4
18 18
80 80
19 19
82 82
608 608
План
Ожидаемое (прогноз до конца года)
Интер РАО(для ФСК)
Промышленныепотребители
Транспорт
Нефтедобыча
Нефтеперераб…
Нефтепроводы
Газопроводы
Сельское хозя…
Непромышлен…
Государственн…
Население иприравненныегруппыпотребителей
Территориальн…
Выручка, млрд. руб, по ПАО Россети на 2023 год
5 5
319 319
81 81
16 16
16 16
20 20
2 2
56 56
215 215
67 67
218 218
239 239
6 6
331 331
82 82
77 77
20 20
20 20
3 3
57 57
220 220
68 68
214 214
258 258
План
Ожидаемое (прогноз до конца года)
Интер РАО(для ФСК)
Промышленныепотребители
Транспорт
Нефтедобыча
Нефтеперераб…
Нефтепроводы
Газопроводы
Сельское хозя…
Непромышлен…
Государственн…
Население иприравненныегруппыпотребителей
Территориальн…
Отклонения по ПАО Россети на 2023 год
-4.7% -4.7%
3.8% 3.8%
1.9% 1.9%
230.3% 230.3%
10.9% 10.9%
4.2% 4.2%
21.7% 21.7%
3.9% 3.9%
-0.6% -0.6%
1.6% 1.6%
-1.0% -1.0%
3.3% 3.3%
⬤ Отклонение, %
Интер РАО (для ФСК)
Промышленные потребители
Транспорт
Нефтедобыча
Нефтепереработка
Нефтепроводы
Газопроводы
Сельское хозяйство и пищевая про…
Непромышленные потребители
Государственные (муниципальные)…
Население и приравненные группы…
Территориальные сетевые организ…
Выручка отклонения по ПАО Россети на 2023 год
15.6% 15.6%
3.8% 3.8%
1.2% 1.2%
398.2% 398.2%
26.9% 26.9%
-0.6% -0.6%
26.9% 26.9%
1.5% 1.5%
2.7% 2.7%
2.0% 2.0%
-2.0% -2.0%
7.9% 7.9%
⬤ Отклонение, %
Интер РАО (для ФСК)
Промышленные потребители
Транспорт
Нефтедобыча
Нефтепереработка
Нефтепроводы
Газопроводы
Сельское хозяйство и пищевая про…
Непромышленные потребители
Государственные (муниципальные)…
Население и приравненные группы…
Территориальные сетевые организ…
абс.
%
Прогноз на месяц 
Ноябрь
КПО/Отпуск из сети 
Отпуск из сети, млн. кВт.ч
Организация 
Все
Прогноз электропотребления и выручки за услуги по передаче в разрезе отраслей'

26-05-2025T09:16:15 - [TEST_STEP][PASSED] - b2 = b2.replaceAll("[^0-9]", ""): null

26-05-2025T09:16:15 - [TEST_STEP][PASSED] - println("b2:" + b2): null

26-05-2025T09:16:15 - [TEST_STEP][PASSED] - click(findTestObject("Прогноз по отраслям/Фильтр Сравнение с Стресс")): Object: 'Object Repository/Прогноз по отраслям/Фильтр Сравнение с Стресс' is clicked on

26-05-2025T09:16:15 - [MESSAGE][PASSED] - Object: 'Object Repository/Прогноз по отраслям/Фильтр Сравнение с Стресс' is clicked on

26-05-2025T09:16:15 - [TEST_STEP][PASSED] - click(findTestObject("Прогноз по отраслям/План СУ Стресс")): Object: 'Object Repository/Прогноз по отраслям/План СУ Стресс' is clicked on

26-05-2025T09:16:17 - [MESSAGE][PASSED] - Object: 'Object Repository/Прогноз по отраслям/План СУ Стресс' is clicked on

26-05-2025T09:16:17 - [TEST_STEP][PASSED] - delay(40): Delayed 40 second(s)

26-05-2025T09:16:57 - [MESSAGE][PASSED] - Delayed 40 second(s)

26-05-2025T09:16:57 - [TEST_STEP][PASSED] - b3 = getText(findTestObject("Прогноз по отраслям/Виджеты дашборда")): Text of object 'Object Repository/Прогноз по отраслям/Виджеты дашборда' is: 'Год 
2023 год
Сравнение с 
План/СУ
Динамика электропотребления, млрд. кВт.ч., по ПАО Россети на 2023 год
10 10
181 181
36 36
15 15
9 9
14 14
4 4
16 16
86 86
19 19
79 79
586 586
10 10
197 197
37 37
48 48
10 10
15 15
4 4
18 18
80 80
19 19
82 82
608 608
СУ
Ожидаемое (прогноз до конца года)
Интер РАО(для ФСК)
Промышленныепотребители
Транспорт
Нефтедобыча
Нефтеперераб…
Нефтепроводы
Газопроводы
Сельское хозя…
Непромышлен…
Государственн…
Население иприравненныегруппыпотребителей
Территориальн…
Выручка, млрд. руб, по ПАО Россети на 2023 год
6 6
331 331
82 82
77 77
20 20
20 20
3 3
57 57
220 220
68 68
214 214
258 258
Ожидаемое (прогноз до конца года)
Интер РАО(для ФСК)
Промышленныепотребители
Транспорт
Нефтедобыча
Нефтеперераб…
Нефтепроводы
Газопроводы
Сельское хозя…
Непромышлен…
Государственн…
Население иприравненныегруппыпотребителей
Территориальн…
Отклонения по ПАО Россети на 2023 год
2.5% 2.5%
8.9% 8.9%
3.5% 3.5%
221.4% 221.4%
12.8% 12.8%
6.9% 6.9%
13.5% 13.5%
8.1% 8.1%
-6.9% -6.9%
2.3% 2.3%
3.1% 3.1%
3.8% 3.8%
⬤ Отклонение, %
Интер РАО (для ФСК)
Промышленные потребители
Транспорт
Нефтедобыча
Нефтепереработка
Нефтепроводы
Газопроводы
Сельское хозяйство и пищевая про…
Непромышленные потребители
Государственные (муниципальные)…
Население и приравненные группы…
Территориальные сетевые организ…
Выручка отклонения по ПАО Россети на 2023 год
⬤ Отклонение, %
Интер РАО (для ФСК)
Промышленные потребители
Транспорт
Нефтедобыча
Нефтепереработка
Нефтепроводы
Газопроводы
Сельское хозяйство и пищевая про…
Непромышленные потребители
Государственные (муниципальные)…
Население и приравненные группы…
Территориальные сетевые организ…
абс.
%
Прогноз на месяц 
Ноябрь
КПО/Отпуск из сети 
Отпуск из сети, млн. кВт.ч
Организация 
Все
Прогноз электропотребления и выручки за услуги по передаче в разрезе отраслей'

26-05-2025T09:16:57 - [MESSAGE][PASSED] - Text of object 'Object Repository/Прогноз по отраслям/Виджеты дашборда' is: 'Год 
2023 год
Сравнение с 
План/СУ
Динамика электропотребления, млрд. кВт.ч., по ПАО Россети на 2023 год
10 10
181 181
36 36
15 15
9 9
14 14
4 4
16 16
86 86
19 19
79 79
586 586
10 10
197 197
37 37
48 48
10 10
15 15
4 4
18 18
80 80
19 19
82 82
608 608
СУ
Ожидаемое (прогноз до конца года)
Интер РАО(для ФСК)
Промышленныепотребители
Транспорт
Нефтедобыча
Нефтеперераб…
Нефтепроводы
Газопроводы
Сельское хозя…
Непромышлен…
Государственн…
Население иприравненныегруппыпотребителей
Территориальн…
Выручка, млрд. руб, по ПАО Россети на 2023 год
6 6
331 331
82 82
77 77
20 20
20 20
3 3
57 57
220 220
68 68
214 214
258 258
Ожидаемое (прогноз до конца года)
Интер РАО(для ФСК)
Промышленныепотребители
Транспорт
Нефтедобыча
Нефтеперераб…
Нефтепроводы
Газопроводы
Сельское хозя…
Непромышлен…
Государственн…
Население иприравненныегруппыпотребителей
Территориальн…
Отклонения по ПАО Россети на 2023 год
2.5% 2.5%
8.9% 8.9%
3.5% 3.5%
221.4% 221.4%
12.8% 12.8%
6.9% 6.9%
13.5% 13.5%
8.1% 8.1%
-6.9% -6.9%
2.3% 2.3%
3.1% 3.1%
3.8% 3.8%
⬤ Отклонение, %
Интер РАО (для ФСК)
Промышленные потребители
Транспорт
Нефтедобыча
Нефтепереработка
Нефтепроводы
Газопроводы
Сельское хозяйство и пищевая про…
Непромышленные потребители
Государственные (муниципальные)…
Население и приравненные группы…
Территориальные сетевые организ…
Выручка отклонения по ПАО Россети на 2023 год
⬤ Отклонение, %
Интер РАО (для ФСК)
Промышленные потребители
Транспорт
Нефтедобыча
Нефтепереработка
Нефтепроводы
Газопроводы
Сельское хозяйство и пищевая про…
Непромышленные потребители
Государственные (муниципальные)…
Население и приравненные группы…
Территориальные сетевые организ…
абс.
%
Прогноз на месяц 
Ноябрь
КПО/Отпуск из сети 
Отпуск из сети, млн. кВт.ч
Организация 
Все
Прогноз электропотребления и выручки за услуги по передаче в разрезе отраслей'

26-05-2025T09:16:57 - [TEST_STEP][PASSED] - b3 = b3.replaceAll("[^0-9]", ""): null

26-05-2025T09:16:57 - [TEST_STEP][PASSED] - println("b3:" + b3): null

26-05-2025T09:16:57 - [TEST_STEP][PASSED] - click(findTestObject("Прогноз по отраслям/Фильтр Сравнение с Стресс")): Object: 'Object Repository/Прогноз по отраслям/Фильтр Сравнение с Стресс' is clicked on

26-05-2025T09:16:58 - [MESSAGE][PASSED] - Object: 'Object Repository/Прогноз по отраслям/Фильтр Сравнение с Стресс' is clicked on

26-05-2025T09:16:58 - [TEST_STEP][PASSED] - click(findTestObject("Прогноз по отраслям/Факт прошлого года Стресс")): Object: 'Object Repository/Прогноз по отраслям/Факт прошлого года Стресс' is clicked on

26-05-2025T09:16:59 - [MESSAGE][PASSED] - Object: 'Object Repository/Прогноз по отраслям/Факт прошлого года Стресс' is clicked on

26-05-2025T09:16:59 - [TEST_STEP][PASSED] - click(findTestObject("Прогноз по отраслям/Фильтр КПО-Отпуск Стресс")): Object: 'Object Repository/Прогноз по отраслям/Фильтр КПО-Отпуск Стресс' is clicked on

26-05-2025T09:17:01 - [MESSAGE][PASSED] - Object: 'Object Repository/Прогноз по отраслям/Фильтр КПО-Отпуск Стресс' is clicked on

26-05-2025T09:17:01 - [TEST_STEP][PASSED] - click(findTestObject("Прогноз по отраслям/КПО Стресс")): Object: 'Object Repository/Прогноз по отраслям/КПО Стресс' is clicked on

26-05-2025T09:17:02 - [MESSAGE][PASSED] - Object: 'Object Repository/Прогноз по отраслям/КПО Стресс' is clicked on

26-05-2025T09:17:02 - [TEST_STEP][PASSED] - delay(40): Delayed 40 second(s)

26-05-2025T09:17:42 - [MESSAGE][PASSED] - Delayed 40 second(s)

26-05-2025T09:17:42 - [TEST_STEP][PASSED] - b4 = getText(findTestObject("Прогноз по отраслям/Виджеты дашборда")): Text of object 'Object Repository/Прогноз по отраслям/Виджеты дашборда' is: 'Год 
2023 год
Сравнение с 
Факт прошлого года
Динамика электропотребления, млрд. кВт.ч., по ПАО Россети на 2023 год
0 0
120 120
38 38
41 41
8 8
10 10
0 0
19 19
77 77
25 25
122 122
61 61
0 0
120 120
39 39
39 39
8 8
8 8
1 1
20 20
78 78
26 26
121 121
60 60
Факт прошлого года
Ожидаемое (прогноз до конца года)
Интер РАО(для ФСК)
Промышленныепотребители
Транспорт
Нефтедобыча
Нефтеперераб…
Нефтепроводы
Газопроводы
Сельское хозя…
Непромышлен…
Государственн…
Население иприравненныегруппыпотребителей
Территориальн…
Выручка, млрд. руб, по ПАО Россети на 2023 год
5 5
285 285
72 72
72 72
18 18
22 22
0 0
50 50
201 201
61 61
190 190
227 227
6 6
331 331
82 82
77 77
20 20
20 20
3 3
57 57
220 220
68 68
214 214
258 258
Факт прошлого года
Ожидаемое (прогноз до конца года)
Интер РАО(для ФСК)
Промышленныепотребители
Транспорт
Нефтедобыча
Нефтеперераб…
Нефтепроводы
Газопроводы
Сельское хозя…
Непромышлен…
Государственн…
Население иприравненныегруппыпотребителей
Территориальн…
Отклонения по ПАО Россети на 2023 год
0.5% 0.5%
0.9% 0.9%
-5.9% -5.9%
3.1% 3.1%
-17.9% -17.9%
578.4% 578.4%
2.3% 2.3%
1.8% 1.8%
2.1% 2.1%
-0.9% -0.9%
-0.2% -0.2%
⬤ Отклонение, %
Интер РАО (для ФСК)
Промышленные потребители
Транспорт
Нефтедобыча
Нефтепереработка
Нефтепроводы
Газопроводы
Сельское хозяйство и пищевая про…
Непромышленные потребители
Государственные (муниципальные)…
Население и приравненные группы…
Территориальные сетевые организ…
Выручка отклонения по ПАО Россети на 2023 год
7.7% 7.7%
16.0% 16.0%
13.2% 13.2%
6.7% 6.7%
13.3% 13.3%
-7.7% -7.7%
1 331.5% 1 331.5%
14.2% 14.2%
9.9% 9.9%
12.0% 12.0%
12.4% 12.4%
13.7% 13.7%
⬤ Отклонение, %
Интер РАО (для ФСК)
Промышленные потребители
Транспорт
Нефтедобыча
Нефтепереработка
Нефтепроводы
Газопроводы
Сельское хозяйство и пищевая про…
Непромышленные потребители
Государственные (муниципальные)…
Население и приравненные группы…
Территориальные сетевые организ…
абс.
%
Прогноз на месяц 
Ноябрь
КПО/Отпуск из сети 
Котловой полезный отпуск, млн. кВт.ч
Организация 
Все
Прогноз электропотребления и выручки за услуги по передаче в разрезе отраслей'

26-05-2025T09:17:43 - [MESSAGE][PASSED] - Text of object 'Object Repository/Прогноз по отраслям/Виджеты дашборда' is: 'Год 
2023 год
Сравнение с 
Факт прошлого года
Динамика электропотребления, млрд. кВт.ч., по ПАО Россети на 2023 год
0 0
120 120
38 38
41 41
8 8
10 10
0 0
19 19
77 77
25 25
122 122
61 61
0 0
120 120
39 39
39 39
8 8
8 8
1 1
20 20
78 78
26 26
121 121
60 60
Факт прошлого года
Ожидаемое (прогноз до конца года)
Интер РАО(для ФСК)
Промышленныепотребители
Транспорт
Нефтедобыча
Нефтеперераб…
Нефтепроводы
Газопроводы
Сельское хозя…
Непромышлен…
Государственн…
Население иприравненныегруппыпотребителей
Территориальн…
Выручка, млрд. руб, по ПАО Россети на 2023 год
5 5
285 285
72 72
72 72
18 18
22 22
0 0
50 50
201 201
61 61
190 190
227 227
6 6
331 331
82 82
77 77
20 20
20 20
3 3
57 57
220 220
68 68
214 214
258 258
Факт прошлого года
Ожидаемое (прогноз до конца года)
Интер РАО(для ФСК)
Промышленныепотребители
Транспорт
Нефтедобыча
Нефтеперераб…
Нефтепроводы
Газопроводы
Сельское хозя…
Непромышлен…
Государственн…
Население иприравненныегруппыпотребителей
Территориальн…
Отклонения по ПАО Россети на 2023 год
0.5% 0.5%
0.9% 0.9%
-5.9% -5.9%
3.1% 3.1%
-17.9% -17.9%
578.4% 578.4%
2.3% 2.3%
1.8% 1.8%
2.1% 2.1%
-0.9% -0.9%
-0.2% -0.2%
⬤ Отклонение, %
Интер РАО (для ФСК)
Промышленные потребители
Транспорт
Нефтедобыча
Нефтепереработка
Нефтепроводы
Газопроводы
Сельское хозяйство и пищевая про…
Непромышленные потребители
Государственные (муниципальные)…
Население и приравненные группы…
Территориальные сетевые организ…
Выручка отклонения по ПАО Россети на 2023 год
7.7% 7.7%
16.0% 16.0%
13.2% 13.2%
6.7% 6.7%
13.3% 13.3%
-7.7% -7.7%
1 331.5% 1 331.5%
14.2% 14.2%
9.9% 9.9%
12.0% 12.0%
12.4% 12.4%
13.7% 13.7%
⬤ Отклонение, %
Интер РАО (для ФСК)
Промышленные потребители
Транспорт
Нефтедобыча
Нефтепереработка
Нефтепроводы
Газопроводы
Сельское хозяйство и пищевая про…
Непромышленные потребители
Государственные (муниципальные)…
Население и приравненные группы…
Территориальные сетевые организ…
абс.
%
Прогноз на месяц 
Ноябрь
КПО/Отпуск из сети 
Котловой полезный отпуск, млн. кВт.ч
Организация 
Все
Прогноз электропотребления и выручки за услуги по передаче в разрезе отраслей'

26-05-2025T09:17:43 - [TEST_STEP][PASSED] - b4 = b4.replaceAll("[^0-9]", ""): null

26-05-2025T09:17:43 - [TEST_STEP][PASSED] - println("b4:" + b4): null

26-05-2025T09:17:43 - [TEST_STEP][PASSED] - click(findTestObject("Прогноз по отраслям/Фильтр Сравнение с Стресс")): Object: 'Object Repository/Прогноз по отраслям/Фильтр Сравнение с Стресс' is clicked on

26-05-2025T09:17:43 - [MESSAGE][PASSED] - Object: 'Object Repository/Прогноз по отраслям/Фильтр Сравнение с Стресс' is clicked on

26-05-2025T09:17:43 - [TEST_STEP][PASSED] - click(findTestObject("Прогноз по отраслям/План Стресс")): Object: 'Object Repository/Прогноз по отраслям/План Стресс' is clicked on

26-05-2025T09:17:44 - [MESSAGE][PASSED] - Object: 'Object Repository/Прогноз по отраслям/План Стресс' is clicked on

26-05-2025T09:17:44 - [TEST_STEP][PASSED] - delay(40): Delayed 40 second(s)

26-05-2025T09:18:24 - [MESSAGE][PASSED] - Delayed 40 second(s)

26-05-2025T09:18:24 - [TEST_STEP][PASSED] - b5 = getText(findTestObject("Прогноз по отраслям/Виджеты дашборда")): Text of object 'Object Repository/Прогноз по отраслям/Виджеты дашборда' is: 'Год 
2023 год
Сравнение с 
План
Динамика электропотребления, млрд. кВт.ч., по ПАО Россети на 2023 год
0 0
119 119
37 37
7 7
7 7
8 8
1 1
19 19
75 75
25 25
123 123
55 55
0 0
120 120
39 39
39 39
8 8
8 8
1 1
20 20
78 78
26 26
121 121
60 60
План
Ожидаемое (прогноз до конца года)
Интер РАО(для ФСК)
Промышленныепотребители
Транспорт
Нефтедобыча
Нефтеперераб…
Нефтепроводы
Газопроводы
Сельское хозя…
Непромышлен…
Государственн…
Население иприравненныегруппыпотребителей
Территориальн…
Выручка, млрд. руб, по ПАО Россети на 2023 год
5 5
319 319
81 81
16 16
16 16
20 20
2 2
56 56
215 215
67 67
218 218
239 239
6 6
331 331
82 82
77 77
20 20
20 20
3 3
57 57
220 220
68 68
214 214
258 258
План
Ожидаемое (прогноз до конца года)
Интер РАО(для ФСК)
Промышленныепотребители
Транспорт
Нефтедобыча
Нефтеперераб…
Нефтепроводы
Газопроводы
Сельское хозя…
Непромышлен…
Государственн…
Население иприравненныегруппыпотребителей
Территориальн…
Отклонения по ПАО Россети на 2023 год
1.2% 1.2%
3.2% 3.2%
492.1% 492.1%
18.1% 18.1%
4.4% 4.4%
11.9% 11.9%
1.2% 1.2%
4.1% 4.1%
2.4% 2.4%
-1.4% -1.4%
9.7% 9.7%
⬤ Отклонение, %
Интер РАО (для ФСК)
Промышленные потребители
Транспорт
Нефтедобыча
Нефтепереработка
Нефтепроводы
Газопроводы
Сельское хозяйство и пищевая про…
Непромышленные потребители
Государственные (муниципальные)…
Население и приравненные группы…
Территориальные сетевые организ…
Выручка отклонения по ПАО Россети на 2023 год
15.6% 15.6%
3.8% 3.8%
1.2% 1.2%
398.2% 398.2%
26.9% 26.9%
-0.6% -0.6%
26.9% 26.9%
1.5% 1.5%
2.7% 2.7%
2.0% 2.0%
-2.0% -2.0%
7.9% 7.9%
⬤ Отклонение, %
Интер РАО (для ФСК)
Промышленные потребители
Транспорт
Нефтедобыча
Нефтепереработка
Нефтепроводы
Газопроводы
Сельское хозяйство и пищевая про…
Непромышленные потребители
Государственные (муниципальные)…
Население и приравненные группы…
Территориальные сетевые организ…
абс.
%
Прогноз на месяц 
Ноябрь
КПО/Отпуск из сети 
Котловой полезный отпуск, млн. кВт.ч
Организация 
Все
Прогноз электропотребления и выручки за услуги по передаче в разрезе отраслей'

26-05-2025T09:18:25 - [MESSAGE][PASSED] - Text of object 'Object Repository/Прогноз по отраслям/Виджеты дашборда' is: 'Год 
2023 год
Сравнение с 
План
Динамика электропотребления, млрд. кВт.ч., по ПАО Россети на 2023 год
0 0
119 119
37 37
7 7
7 7
8 8
1 1
19 19
75 75
25 25
123 123
55 55
0 0
120 120
39 39
39 39
8 8
8 8
1 1
20 20
78 78
26 26
121 121
60 60
План
Ожидаемое (прогноз до конца года)
Интер РАО(для ФСК)
Промышленныепотребители
Транспорт
Нефтедобыча
Нефтеперераб…
Нефтепроводы
Газопроводы
Сельское хозя…
Непромышлен…
Государственн…
Население иприравненныегруппыпотребителей
Территориальн…
Выручка, млрд. руб, по ПАО Россети на 2023 год
5 5
319 319
81 81
16 16
16 16
20 20
2 2
56 56
215 215
67 67
218 218
239 239
6 6
331 331
82 82
77 77
20 20
20 20
3 3
57 57
220 220
68 68
214 214
258 258
План
Ожидаемое (прогноз до конца года)
Интер РАО(для ФСК)
Промышленныепотребители
Транспорт
Нефтедобыча
Нефтеперераб…
Нефтепроводы
Газопроводы
Сельское хозя…
Непромышлен…
Государственн…
Население иприравненныегруппыпотребителей
Территориальн…
Отклонения по ПАО Россети на 2023 год
1.2% 1.2%
3.2% 3.2%
492.1% 492.1%
18.1% 18.1%
4.4% 4.4%
11.9% 11.9%
1.2% 1.2%
4.1% 4.1%
2.4% 2.4%
-1.4% -1.4%
9.7% 9.7%
⬤ Отклонение, %
Интер РАО (для ФСК)
Промышленные потребители
Транспорт
Нефтедобыча
Нефтепереработка
Нефтепроводы
Газопроводы
Сельское хозяйство и пищевая про…
Непромышленные потребители
Государственные (муниципальные)…
Население и приравненные группы…
Территориальные сетевые организ…
Выручка отклонения по ПАО Россети на 2023 год
15.6% 15.6%
3.8% 3.8%
1.2% 1.2%
398.2% 398.2%
26.9% 26.9%
-0.6% -0.6%
26.9% 26.9%
1.5% 1.5%
2.7% 2.7%
2.0% 2.0%
-2.0% -2.0%
7.9% 7.9%
⬤ Отклонение, %
Интер РАО (для ФСК)
Промышленные потребители
Транспорт
Нефтедобыча
Нефтепереработка
Нефтепроводы
Газопроводы
Сельское хозяйство и пищевая про…
Непромышленные потребители
Государственные (муниципальные)…
Население и приравненные группы…
Территориальные сетевые организ…
абс.
%
Прогноз на месяц 
Ноябрь
КПО/Отпуск из сети 
Котловой полезный отпуск, млн. кВт.ч
Организация 
Все
Прогноз электропотребления и выручки за услуги по передаче в разрезе отраслей'

26-05-2025T09:18:25 - [TEST_STEP][PASSED] - println("b5:" + b5): null

26-05-2025T09:18:25 - [TEST_STEP][PASSED] - b5 = b5.replaceAll("[^0-9]", ""): null

26-05-2025T09:18:25 - [TEST_STEP][PASSED] - println("b5:" + b5): null

26-05-2025T09:18:25 - [TEST_STEP][PASSED] - click(findTestObject("Прогноз по отраслям/Фильтр Сравнение с Стресс")): Object: 'Object Repository/Прогноз по отраслям/Фильтр Сравнение с Стресс' is clicked on

26-05-2025T09:18:25 - [MESSAGE][PASSED] - Object: 'Object Repository/Прогноз по отраслям/Фильтр Сравнение с Стресс' is clicked on

26-05-2025T09:18:25 - [TEST_STEP][PASSED] - click(findTestObject("Прогноз по отраслям/План СУ Стресс")): Object: 'Object Repository/Прогноз по отраслям/План СУ Стресс' is clicked on

26-05-2025T09:18:27 - [MESSAGE][PASSED] - Object: 'Object Repository/Прогноз по отраслям/План СУ Стресс' is clicked on

26-05-2025T09:18:27 - [TEST_STEP][PASSED] - delay(40): Delayed 40 second(s)

26-05-2025T09:19:07 - [MESSAGE][PASSED] - Delayed 40 second(s)

26-05-2025T09:19:07 - [TEST_STEP][PASSED] - b6 = getText(findTestObject("Прогноз по отраслям/Виджеты дашборда")): Text of object 'Object Repository/Прогноз по отраслям/Виджеты дашборда' is: 'Год 
2023 год
Сравнение с 
План/СУ
Динамика электропотребления, млрд. кВт.ч., по ПАО Россети на 2023 год
0 0
0 0
0 0
0 0
0 0
0 0
0 0
0 0
0 0
0 0
0 0
0 0
0 0
120 120
39 39
39 39
8 8
8 8
1 1
20 20
78 78
26 26
121 121
60 60
СУ
Ожидаемое (прогноз до конца года)
Интер РАО(для ФСК)
Промышленныепотребители
Транспорт
Нефтедобыча
Нефтеперераб…
Нефтепроводы
Газопроводы
Сельское хозя…
Непромышлен…
Государственн…
Население иприравненныегруппыпотребителей
Территориальн…
Выручка, млрд. руб, по ПАО Россети на 2023 год
6 6
331 331
82 82
77 77
20 20
20 20
3 3
57 57
220 220
68 68
214 214
258 258
Ожидаемое (прогноз до конца года)
Интер РАО(для ФСК)
Промышленныепотребители
Транспорт
Нефтедобыча
Нефтеперераб…
Нефтепроводы
Газопроводы
Сельское хозя…
Непромышлен…
Государственн…
Население иприравненныегруппыпотребителей
Территориальн…
Отклонения по ПАО Россети на 2023 год
⬤ Отклонение, %
Интер РАО (для ФСК)
Промышленные потребители
Транспорт
Нефтедобыча
Нефтепереработка
Нефтепроводы
Газопроводы
Сельское хозяйство и пищевая про…
Непромышленные потребители
Государственные (муниципальные)…
Население и приравненные группы…
Территориальные сетевые организ…
Выручка отклонения по ПАО Россети на 2023 год
⬤ Отклонение, %
Интер РАО (для ФСК)
Промышленные потребители
Транспорт
Нефтедобыча
Нефтепереработка
Нефтепроводы
Газопроводы
Сельское хозяйство и пищевая про…
Непромышленные потребители
Государственные (муниципальные)…
Население и приравненные группы…
Территориальные сетевые организ…
абс.
%
Прогноз на месяц 
Ноябрь
КПО/Отпуск из сети 
Котловой полезный отпуск, млн. кВт.ч
Организация 
Все
Прогноз электропотребления и выручки за услуги по передаче в разрезе отраслей'

26-05-2025T09:19:07 - [MESSAGE][PASSED] - Text of object 'Object Repository/Прогноз по отраслям/Виджеты дашборда' is: 'Год 
2023 год
Сравнение с 
План/СУ
Динамика электропотребления, млрд. кВт.ч., по ПАО Россети на 2023 год
0 0
0 0
0 0
0 0
0 0
0 0
0 0
0 0
0 0
0 0
0 0
0 0
0 0
120 120
39 39
39 39
8 8
8 8
1 1
20 20
78 78
26 26
121 121
60 60
СУ
Ожидаемое (прогноз до конца года)
Интер РАО(для ФСК)
Промышленныепотребители
Транспорт
Нефтедобыча
Нефтеперераб…
Нефтепроводы
Газопроводы
Сельское хозя…
Непромышлен…
Государственн…
Население иприравненныегруппыпотребителей
Территориальн…
Выручка, млрд. руб, по ПАО Россети на 2023 год
6 6
331 331
82 82
77 77
20 20
20 20
3 3
57 57
220 220
68 68
214 214
258 258
Ожидаемое (прогноз до конца года)
Интер РАО(для ФСК)
Промышленныепотребители
Транспорт
Нефтедобыча
Нефтеперераб…
Нефтепроводы
Газопроводы
Сельское хозя…
Непромышлен…
Государственн…
Население иприравненныегруппыпотребителей
Территориальн…
Отклонения по ПАО Россети на 2023 год
⬤ Отклонение, %
Интер РАО (для ФСК)
Промышленные потребители
Транспорт
Нефтедобыча
Нефтепереработка
Нефтепроводы
Газопроводы
Сельское хозяйство и пищевая про…
Непромышленные потребители
Государственные (муниципальные)…
Население и приравненные группы…
Территориальные сетевые организ…
Выручка отклонения по ПАО Россети на 2023 год
⬤ Отклонение, %
Интер РАО (для ФСК)
Промышленные потребители
Транспорт
Нефтедобыча
Нефтепереработка
Нефтепроводы
Газопроводы
Сельское хозяйство и пищевая про…
Непромышленные потребители
Государственные (муниципальные)…
Население и приравненные группы…
Территориальные сетевые организ…
абс.
%
Прогноз на месяц 
Ноябрь
КПО/Отпуск из сети 
Котловой полезный отпуск, млн. кВт.ч
Организация 
Все
Прогноз электропотребления и выручки за услуги по передаче в разрезе отраслей'

26-05-2025T09:19:07 - [TEST_STEP][PASSED] - b6 = b6.replaceAll("[^0-9]", ""): null

26-05-2025T09:19:07 - [TEST_STEP][PASSED] - println("b6:" + b6): null

26-05-2025T09:19:07 - [TEST_STEP][PASSED] - click(findTestObject("Прогноз по отраслям/Переключить отображение с процентов на абс Стресс-сценарий")): Object: 'Object Repository/Прогноз по отраслям/Переключить отображение с процентов на абс Стресс-сценарий' is clicked on

26-05-2025T09:19:08 - [MESSAGE][PASSED] - Object: 'Object Repository/Прогноз по отраслям/Переключить отображение с процентов на абс Стресс-сценарий' is clicked on

26-05-2025T09:19:08 - [TEST_STEP][PASSED] - click(findTestObject("Прогноз по отраслям/Фильтр Сравнение с Стресс")): Object: 'Object Repository/Прогноз по отраслям/Фильтр Сравнение с Стресс' is clicked on

26-05-2025T09:19:08 - [MESSAGE][PASSED] - Object: 'Object Repository/Прогноз по отраслям/Фильтр Сравнение с Стресс' is clicked on

26-05-2025T09:19:08 - [TEST_STEP][PASSED] - click(findTestObject("Прогноз по отраслям/Факт прошлого года Стресс")): Object: 'Object Repository/Прогноз по отраслям/Факт прошлого года Стресс' is clicked on

26-05-2025T09:19:09 - [MESSAGE][PASSED] - Object: 'Object Repository/Прогноз по отраслям/Факт прошлого года Стресс' is clicked on

26-05-2025T09:19:09 - [TEST_STEP][PASSED] - click(findTestObject("Прогноз по отраслям/Фильтр КПО-Отпуск Стресс")): Object: 'Object Repository/Прогноз по отраслям/Фильтр КПО-Отпуск Стресс' is clicked on

26-05-2025T09:19:11 - [MESSAGE][PASSED] - Object: 'Object Repository/Прогноз по отраслям/Фильтр КПО-Отпуск Стресс' is clicked on

26-05-2025T09:19:11 - [TEST_STEP][PASSED] - click(findTestObject("Прогноз по отраслям/Отпуск Стресс")): Object: 'Object Repository/Прогноз по отраслям/Отпуск Стресс' is clicked on

26-05-2025T09:19:12 - [MESSAGE][PASSED] - Object: 'Object Repository/Прогноз по отраслям/Отпуск Стресс' is clicked on

26-05-2025T09:19:12 - [TEST_STEP][PASSED] - delay(40): Delayed 40 second(s)

26-05-2025T09:19:52 - [MESSAGE][PASSED] - Delayed 40 second(s)

26-05-2025T09:19:52 - [TEST_STEP][PASSED] - b7 = getText(findTestObject("Прогноз по отраслям/Виджеты дашборда")): Text of object 'Object Repository/Прогноз по отраслям/Виджеты дашборда' is: 'Год 
2023 год
Сравнение с 
Факт прошлого года
Отклонения по ПАО Россети на 2023 год
-2 263.5 -2 263.5
11 054.6 11 054.6
1 280.2 1 280.2
-1 947.5 -1 947.5
90.9 90.9
-3 845.0 -3 845.0
4 162.1 4 162.1
651.7 651.7
-4 727.7 -4 727.7
256.5 256.5
-723.9 -723.9
4 292.3 4 292.3
⬤ Отклонение, млн. кВт.ч
Интер РАО (для ФСК)
Промышленные потребители
Транспорт
Нефтедобыча
Нефтепереработка
Нефтепроводы
Газопроводы
Сельское хозяйство и пищевая про…
Непромышленные потребители
Государственные (муниципальные…
Население и приравненные группы…
Территориальные сетевые организ…
Выручка отклонения по ПАО Россети на 2023 год
421.3 421.3
45 574.9 45 574.9
9 547.5 9 547.5
4 889.3 4 889.3
2 337.4 2 337.4
-1 682.6 -1 682.6
2 919.4 2 919.4
7 110.2 7 110.2
19 840.8 19 840.8
7 289.5 7 289.5
23 664.8 23 664.8
31 028.3 31 028.3
⬤ Отклонение, млн. руб
Интер РАО (для ФСК)
Промышленные потребители
Транспорт
Нефтедобыча
Нефтепереработка
Нефтепроводы
Газопроводы
Сельское хозяйство и пищевая про…
Непромышленные потребители
Государственные (муниципальные…
Население и приравненные группы…
Территориальные сетевые организ…
Динамика электропотребления, млрд. кВт.ч., по ПАО Россети на 2023 год
12 12
186 186
36 36
50 50
10 10
19 19
0 0
17 17
85 85
19 19
82 82
604 604
10 10
197 197
37 37
48 48
10 10
15 15
4 4
18 18
80 80
19 19
82 82
608 608
Факт прошлого года
Ожидаемое (прогноз до конца года)
Интер РАО(для ФСК)
Промышленныепотребители
Транспорт
Нефтедобыча
Нефтеперераб…
Нефтепроводы
Газопроводы
Сельское хозя…
Непромышлен…
Государственн…
Население иприравненныегруппыпотребителей
Территориальн…
Выручка, млрд. руб, по ПАО Россети на 2023 год
5 5
285 285
72 72
72 72
18 18
22 22
0 0
50 50
201 201
61 61
190 190
227 227
6 6
331 331
82 82
77 77
20 20
20 20
3 3
57 57
220 220
68 68
214 214
258 258
Факт прошлого года
Ожидаемое (прогноз до конца года)
Интер РАО(для ФСК)
Промышленныепотребители
Транспорт
Нефтедобыча
Нефтеперераб…
Нефтепроводы
Газопроводы
Сельское хозя…
Непромышлен…
Государственн…
Население иприравненныегруппыпотребителей
Территориальн…
абс.
%
Прогноз на месяц 
Ноябрь
КПО/Отпуск из сети 
Отпуск из сети, млн. кВт.ч
Организация 
Все
Прогноз электропотребления и выручки за услуги по передаче в разрезе отраслей'

26-05-2025T09:19:52 - [MESSAGE][PASSED] - Text of object 'Object Repository/Прогноз по отраслям/Виджеты дашборда' is: 'Год 
2023 год
Сравнение с 
Факт прошлого года
Отклонения по ПАО Россети на 2023 год
-2 263.5 -2 263.5
11 054.6 11 054.6
1 280.2 1 280.2
-1 947.5 -1 947.5
90.9 90.9
-3 845.0 -3 845.0
4 162.1 4 162.1
651.7 651.7
-4 727.7 -4 727.7
256.5 256.5
-723.9 -723.9
4 292.3 4 292.3
⬤ Отклонение, млн. кВт.ч
Интер РАО (для ФСК)
Промышленные потребители
Транспорт
Нефтедобыча
Нефтепереработка
Нефтепроводы
Газопроводы
Сельское хозяйство и пищевая про…
Непромышленные потребители
Государственные (муниципальные…
Население и приравненные группы…
Территориальные сетевые организ…
Выручка отклонения по ПАО Россети на 2023 год
421.3 421.3
45 574.9 45 574.9
9 547.5 9 547.5
4 889.3 4 889.3
2 337.4 2 337.4
-1 682.6 -1 682.6
2 919.4 2 919.4
7 110.2 7 110.2
19 840.8 19 840.8
7 289.5 7 289.5
23 664.8 23 664.8
31 028.3 31 028.3
⬤ Отклонение, млн. руб
Интер РАО (для ФСК)
Промышленные потребители
Транспорт
Нефтедобыча
Нефтепереработка
Нефтепроводы
Газопроводы
Сельское хозяйство и пищевая про…
Непромышленные потребители
Государственные (муниципальные…
Население и приравненные группы…
Территориальные сетевые организ…
Динамика электропотребления, млрд. кВт.ч., по ПАО Россети на 2023 год
12 12
186 186
36 36
50 50
10 10
19 19
0 0
17 17
85 85
19 19
82 82
604 604
10 10
197 197
37 37
48 48
10 10
15 15
4 4
18 18
80 80
19 19
82 82
608 608
Факт прошлого года
Ожидаемое (прогноз до конца года)
Интер РАО(для ФСК)
Промышленныепотребители
Транспорт
Нефтедобыча
Нефтеперераб…
Нефтепроводы
Газопроводы
Сельское хозя…
Непромышлен…
Государственн…
Население иприравненныегруппыпотребителей
Территориальн…
Выручка, млрд. руб, по ПАО Россети на 2023 год
5 5
285 285
72 72
72 72
18 18
22 22
0 0
50 50
201 201
61 61
190 190
227 227
6 6
331 331
82 82
77 77
20 20
20 20
3 3
57 57
220 220
68 68
214 214
258 258
Факт прошлого года
Ожидаемое (прогноз до конца года)
Интер РАО(для ФСК)
Промышленныепотребители
Транспорт
Нефтедобыча
Нефтеперераб…
Нефтепроводы
Газопроводы
Сельское хозя…
Непромышлен…
Государственн…
Население иприравненныегруппыпотребителей
Территориальн…
абс.
%
Прогноз на месяц 
Ноябрь
КПО/Отпуск из сети 
Отпуск из сети, млн. кВт.ч
Организация 
Все
Прогноз электропотребления и выручки за услуги по передаче в разрезе отраслей'

26-05-2025T09:19:52 - [TEST_STEP][PASSED] - b7 = b7.replaceAll("[^0-9]", ""): null

26-05-2025T09:19:52 - [TEST_STEP][PASSED] - println("b7:" + b7): null

26-05-2025T09:19:52 - [TEST_STEP][PASSED] - click(findTestObject("Прогноз по отраслям/Фильтр Сравнение с Стресс")): Object: 'Object Repository/Прогноз по отраслям/Фильтр Сравнение с Стресс' is clicked on

26-05-2025T09:19:53 - [MESSAGE][PASSED] - Object: 'Object Repository/Прогноз по отраслям/Фильтр Сравнение с Стресс' is clicked on

26-05-2025T09:19:53 - [TEST_STEP][PASSED] - click(findTestObject("Прогноз по отраслям/План Стресс")): Object: 'Object Repository/Прогноз по отраслям/План Стресс' is clicked on

26-05-2025T09:19:54 - [MESSAGE][PASSED] - Object: 'Object Repository/Прогноз по отраслям/План Стресс' is clicked on

26-05-2025T09:19:54 - [TEST_STEP][PASSED] - delay(40): Delayed 40 second(s)

26-05-2025T09:20:34 - [MESSAGE][PASSED] - Delayed 40 second(s)

26-05-2025T09:20:34 - [TEST_STEP][PASSED] - b8 = getText(findTestObject("Прогноз по отраслям/Виджеты дашборда")): Text of object 'Object Repository/Прогноз по отраслям/Виджеты дашборда' is: 'Год 
2023 год
Сравнение с 
План
Отклонения по ПАО Россети на 2023 год
-492.2 -492.2
7 165.1 7 165.1
689.3 689.3
33 271.7 33 271.7
986.4 986.4
593.8 593.8
764.0 764.0
670.4 670.4
-592.4 -592.4
308.8 308.8
-940.9 -940.9
19 604.1 19 604.1
⬤ Отклонение, млн. кВт.ч
Интер РАО (для ФСК)
Промышленные потребители
Транспорт
Нефтедобыча
Нефтепереработка
Нефтепроводы
Газопроводы
Сельское хозяйство и пищевая про…
Непромышленные потребители
Государственные (муниципальные…
Население и приравненные группы…
Территориальные сетевые организ…
Выручка отклонения по ПАО Россети на 2023 год
794.9 794.9
12 195.0 12 195.0
972.7 972.7
61 803.9 61 803.9
4 222.3 4 222.3
-121.8 -121.8
666.2 666.2
873.2 873.2
5 809.6 5 809.6
1 342.6 1 342.6
-4 463.2 -4 463.2
18 375.5 18 375.5
⬤ Отклонение, млн. руб
Интер РАО (для ФСК)
Промышленные потребители
Транспорт
Нефтедобыча
Нефтепереработка
Нефтепроводы
Газопроводы
Сельское хозяйство и пищевая про…
Непромышленные потребители
Государственные (муниципальные…
Население и приравненные группы…
Территориальные сетевые организ…
Динамика электропотребления, млрд. кВт.ч., по ПАО Россети на 2023 год
10 10
190 190
36 36
14 14
9 9
14 14
4 4
17 17
80 80
19 19
82 82
588 588
10 10
197 197
37 37
48 48
10 10
15 15
4 4
18 18
80 80
19 19
82 82
608 608
План
Ожидаемое (прогноз до конца года)
Интер РАО(для ФСК)
Промышленныепотребители
Транспорт
Нефтедобыча
Нефтеперераб…
Нефтепроводы
Газопроводы
Сельское хозя…
Непромышлен…
Государственн…
Население иприравненныегруппыпотребителей
Территориальн…
Выручка, млрд. руб, по ПАО Россети на 2023 год
5 5
319 319
81 81
16 16
16 16
20 20
2 2
56 56
215 215
67 67
218 218
239 239
6 6
331 331
82 82
77 77
20 20
20 20
3 3
57 57
220 220
68 68
214 214
258 258
План
Ожидаемое (прогноз до конца года)
Интер РАО(для ФСК)
Промышленныепотребители
Транспорт
Нефтедобыча
Нефтеперераб…
Нефтепроводы
Газопроводы
Сельское хозя…
Непромышлен…
Государственн…
Население иприравненныегруппыпотребителей
Территориальн…
абс.
%
Прогноз на месяц 
Ноябрь
КПО/Отпуск из сети 
Отпуск из сети, млн. кВт.ч
Организация 
Все
Прогноз электропотребления и выручки за услуги по передаче в разрезе отраслей'

26-05-2025T09:20:35 - [MESSAGE][PASSED] - Text of object 'Object Repository/Прогноз по отраслям/Виджеты дашборда' is: 'Год 
2023 год
Сравнение с 
План
Отклонения по ПАО Россети на 2023 год
-492.2 -492.2
7 165.1 7 165.1
689.3 689.3
33 271.7 33 271.7
986.4 986.4
593.8 593.8
764.0 764.0
670.4 670.4
-592.4 -592.4
308.8 308.8
-940.9 -940.9
19 604.1 19 604.1
⬤ Отклонение, млн. кВт.ч
Интер РАО (для ФСК)
Промышленные потребители
Транспорт
Нефтедобыча
Нефтепереработка
Нефтепроводы
Газопроводы
Сельское хозяйство и пищевая про…
Непромышленные потребители
Государственные (муниципальные…
Население и приравненные группы…
Территориальные сетевые организ…
Выручка отклонения по ПАО Россети на 2023 год
794.9 794.9
12 195.0 12 195.0
972.7 972.7
61 803.9 61 803.9
4 222.3 4 222.3
-121.8 -121.8
666.2 666.2
873.2 873.2
5 809.6 5 809.6
1 342.6 1 342.6
-4 463.2 -4 463.2
18 375.5 18 375.5
⬤ Отклонение, млн. руб
Интер РАО (для ФСК)
Промышленные потребители
Транспорт
Нефтедобыча
Нефтепереработка
Нефтепроводы
Газопроводы
Сельское хозяйство и пищевая про…
Непромышленные потребители
Государственные (муниципальные…
Население и приравненные группы…
Территориальные сетевые организ…
Динамика электропотребления, млрд. кВт.ч., по ПАО Россети на 2023 год
10 10
190 190
36 36
14 14
9 9
14 14
4 4
17 17
80 80
19 19
82 82
588 588
10 10
197 197
37 37
48 48
10 10
15 15
4 4
18 18
80 80
19 19
82 82
608 608
План
Ожидаемое (прогноз до конца года)
Интер РАО(для ФСК)
Промышленныепотребители
Транспорт
Нефтедобыча
Нефтеперераб…
Нефтепроводы
Газопроводы
Сельское хозя…
Непромышлен…
Государственн…
Население иприравненныегруппыпотребителей
Территориальн…
Выручка, млрд. руб, по ПАО Россети на 2023 год
5 5
319 319
81 81
16 16
16 16
20 20
2 2
56 56
215 215
67 67
218 218
239 239
6 6
331 331
82 82
77 77
20 20
20 20
3 3
57 57
220 220
68 68
214 214
258 258
План
Ожидаемое (прогноз до конца года)
Интер РАО(для ФСК)
Промышленныепотребители
Транспорт
Нефтедобыча
Нефтеперераб…
Нефтепроводы
Газопроводы
Сельское хозя…
Непромышлен…
Государственн…
Население иприравненныегруппыпотребителей
Территориальн…
абс.
%
Прогноз на месяц 
Ноябрь
КПО/Отпуск из сети 
Отпуск из сети, млн. кВт.ч
Организация 
Все
Прогноз электропотребления и выручки за услуги по передаче в разрезе отраслей'

26-05-2025T09:20:35 - [TEST_STEP][PASSED] - b8 = b8.replaceAll("[^0-9]", ""): null

26-05-2025T09:20:35 - [TEST_STEP][PASSED] - println("b8:" + b8): null

26-05-2025T09:20:35 - [TEST_STEP][PASSED] - click(findTestObject("Прогноз по отраслям/Фильтр Сравнение с Стресс")): Object: 'Object Repository/Прогноз по отраслям/Фильтр Сравнение с Стресс' is clicked on

26-05-2025T09:20:35 - [MESSAGE][PASSED] - Object: 'Object Repository/Прогноз по отраслям/Фильтр Сравнение с Стресс' is clicked on

26-05-2025T09:20:35 - [TEST_STEP][PASSED] - click(findTestObject("Прогноз по отраслям/План СУ Стресс")): Object: 'Object Repository/Прогноз по отраслям/План СУ Стресс' is clicked on

26-05-2025T09:20:36 - [MESSAGE][PASSED] - Object: 'Object Repository/Прогноз по отраслям/План СУ Стресс' is clicked on

26-05-2025T09:20:36 - [TEST_STEP][PASSED] - delay(40): Delayed 40 second(s)

26-05-2025T09:21:16 - [MESSAGE][PASSED] - Delayed 40 second(s)

26-05-2025T09:21:16 - [TEST_STEP][PASSED] - b9 = getText(findTestObject("Прогноз по отраслям/Виджеты дашборда")): Text of object 'Object Repository/Прогноз по отраслям/Виджеты дашборда' is: 'Год 
2023 год
Сравнение с 
План/СУ
Отклонения по ПАО Россети на 2023 год
243.5 243.5
16 024.4 16 024.4
1 255.1 1 255.1
32 869.9 32 869.9
1 135.7 1 135.7
950.0 950.0
511.1 511.1
1 324.2 1 324.2
-5 962.8 -5 962.8
433.5 433.5
2 431.5 2 431.5
22 321.4 22 321.4
⬤ Отклонение, млн. кВт.ч
Интер РАО (для ФСК)
Промышленные потребители
Транспорт
Нефтедобыча
Нефтепереработка
Нефтепроводы
Газопроводы
Сельское хозяйство и пищевая про…
Непромышленные потребители
Государственные (муниципальные…
Население и приравненные группы…
Территориальные сетевые организ…
Выручка отклонения по ПАО Россети на 2023 год
⬤ Отклонение, млн. руб
Интер РАО (для ФСК)
Промышленные потребители
Транспорт
Нефтедобыча
Нефтепереработка
Нефтепроводы
Газопроводы
Сельское хозяйство и пищевая про…
Непромышленные потребители
Государственные (муниципальные…
Население и приравненные группы…
Территориальные сетевые организ…
Динамика электропотребления, млрд. кВт.ч., по ПАО Россети на 2023 год
10 10
181 181
36 36
15 15
9 9
14 14
4 4
16 16
86 86
19 19
79 79
586 586
10 10
197 197
37 37
48 48
10 10
15 15
4 4
18 18
80 80
19 19
82 82
608 608
СУ
Ожидаемое (прогноз до конца года)
Интер РАО(для ФСК)
Промышленныепотребители
Транспорт
Нефтедобыча
Нефтеперераб…
Нефтепроводы
Газопроводы
Сельское хозя…
Непромышлен…
Государственн…
Население иприравненныегруппыпотребителей
Территориальн…
Выручка, млрд. руб, по ПАО Россети на 2023 год
6 6
331 331
82 82
77 77
20 20
20 20
3 3
57 57
220 220
68 68
214 214
258 258
Ожидаемое (прогноз до конца года)
Интер РАО(для ФСК)
Промышленныепотребители
Транспорт
Нефтедобыча
Нефтеперераб…
Нефтепроводы
Газопроводы
Сельское хозя…
Непромышлен…
Государственн…
Население иприравненныегруппыпотребителей
Территориальн…
абс.
%
Прогноз на месяц 
Ноябрь
КПО/Отпуск из сети 
Отпуск из сети, млн. кВт.ч
Организация 
Все
Прогноз электропотребления и выручки за услуги по передаче в разрезе отраслей'

26-05-2025T09:21:17 - [MESSAGE][PASSED] - Text of object 'Object Repository/Прогноз по отраслям/Виджеты дашборда' is: 'Год 
2023 год
Сравнение с 
План/СУ
Отклонения по ПАО Россети на 2023 год
243.5 243.5
16 024.4 16 024.4
1 255.1 1 255.1
32 869.9 32 869.9
1 135.7 1 135.7
950.0 950.0
511.1 511.1
1 324.2 1 324.2
-5 962.8 -5 962.8
433.5 433.5
2 431.5 2 431.5
22 321.4 22 321.4
⬤ Отклонение, млн. кВт.ч
Интер РАО (для ФСК)
Промышленные потребители
Транспорт
Нефтедобыча
Нефтепереработка
Нефтепроводы
Газопроводы
Сельское хозяйство и пищевая про…
Непромышленные потребители
Государственные (муниципальные…
Население и приравненные группы…
Территориальные сетевые организ…
Выручка отклонения по ПАО Россети на 2023 год
⬤ Отклонение, млн. руб
Интер РАО (для ФСК)
Промышленные потребители
Транспорт
Нефтедобыча
Нефтепереработка
Нефтепроводы
Газопроводы
Сельское хозяйство и пищевая про…
Непромышленные потребители
Государственные (муниципальные…
Население и приравненные группы…
Территориальные сетевые организ…
Динамика электропотребления, млрд. кВт.ч., по ПАО Россети на 2023 год
10 10
181 181
36 36
15 15
9 9
14 14
4 4
16 16
86 86
19 19
79 79
586 586
10 10
197 197
37 37
48 48
10 10
15 15
4 4
18 18
80 80
19 19
82 82
608 608
СУ
Ожидаемое (прогноз до конца года)
Интер РАО(для ФСК)
Промышленныепотребители
Транспорт
Нефтедобыча
Нефтеперераб…
Нефтепроводы
Газопроводы
Сельское хозя…
Непромышлен…
Государственн…
Население иприравненныегруппыпотребителей
Территориальн…
Выручка, млрд. руб, по ПАО Россети на 2023 год
6 6
331 331
82 82
77 77
20 20
20 20
3 3
57 57
220 220
68 68
214 214
258 258
Ожидаемое (прогноз до конца года)
Интер РАО(для ФСК)
Промышленныепотребители
Транспорт
Нефтедобыча
Нефтеперераб…
Нефтепроводы
Газопроводы
Сельское хозя…
Непромышлен…
Государственн…
Население иприравненныегруппыпотребителей
Территориальн…
абс.
%
Прогноз на месяц 
Ноябрь
КПО/Отпуск из сети 
Отпуск из сети, млн. кВт.ч
Организация 
Все
Прогноз электропотребления и выручки за услуги по передаче в разрезе отраслей'

26-05-2025T09:21:17 - [TEST_STEP][PASSED] - b9 = b9.replaceAll("[^0-9]", ""): null

26-05-2025T09:21:17 - [TEST_STEP][PASSED] - println("b9:" + b9): null

26-05-2025T09:21:17 - [TEST_STEP][PASSED] - click(findTestObject("Прогноз по отраслям/Фильтр Сравнение с Стресс")): Object: 'Object Repository/Прогноз по отраслям/Фильтр Сравнение с Стресс' is clicked on

26-05-2025T09:21:17 - [MESSAGE][PASSED] - Object: 'Object Repository/Прогноз по отраслям/Фильтр Сравнение с Стресс' is clicked on

26-05-2025T09:21:17 - [TEST_STEP][PASSED] - click(findTestObject("Прогноз по отраслям/Факт прошлого года Стресс")): Object: 'Object Repository/Прогноз по отраслям/Факт прошлого года Стресс' is clicked on

26-05-2025T09:21:19 - [MESSAGE][PASSED] - Object: 'Object Repository/Прогноз по отраслям/Факт прошлого года Стресс' is clicked on

26-05-2025T09:21:19 - [TEST_STEP][PASSED] - click(findTestObject("Прогноз по отраслям/Фильтр КПО-Отпуск Стресс")): Object: 'Object Repository/Прогноз по отраслям/Фильтр КПО-Отпуск Стресс' is clicked on

26-05-2025T09:21:20 - [MESSAGE][PASSED] - Object: 'Object Repository/Прогноз по отраслям/Фильтр КПО-Отпуск Стресс' is clicked on

26-05-2025T09:21:20 - [TEST_STEP][PASSED] - click(findTestObject("Прогноз по отраслям/КПО Стресс")): Object: 'Object Repository/Прогноз по отраслям/КПО Стресс' is clicked on

26-05-2025T09:21:21 - [MESSAGE][PASSED] - Object: 'Object Repository/Прогноз по отраслям/КПО Стресс' is clicked on

26-05-2025T09:21:21 - [TEST_STEP][PASSED] - delay(40): Delayed 40 second(s)

26-05-2025T09:22:01 - [MESSAGE][PASSED] - Delayed 40 second(s)

26-05-2025T09:22:01 - [TEST_STEP][PASSED] - b10 = getText(findTestObject("Прогноз по отраслям/Виджеты дашборда")): Text of object 'Object Repository/Прогноз по отраслям/Виджеты дашборда' is: 'Год 
2023 год
Сравнение с 
Факт прошлого года
Отклонения по ПАО Россети на 2023 год
0.0 0.0
646.5 646.5
341.1 341.1
-2 455.6 -2 455.6
245.6 245.6
-1 796.0 -1 796.0
676.2 676.2
452.4 452.4
1 386.2 1 386.2
527.5 527.5
-1 130.4 -1 130.4
-128.7 -128.7
⬤ Отклонение, млн. кВт.ч
Интер РАО (для ФСК)
Промышленные потребители
Транспорт
Нефтедобыча
Нефтепереработка
Нефтепроводы
Газопроводы
Сельское хозяйство и пищевая про…
Непромышленные потребители
Государственные (муниципальные…
Население и приравненные группы…
Территориальные сетевые организ…
Выручка отклонения по ПАО Россети на 2023 год
421.3 421.3
45 574.9 45 574.9
9 547.5 9 547.5
4 889.3 4 889.3
2 337.4 2 337.4
-1 682.6 -1 682.6
2 919.4 2 919.4
7 110.2 7 110.2
19 840.8 19 840.8
7 289.5 7 289.5
23 664.8 23 664.8
31 028.3 31 028.3
⬤ Отклонение, млн. руб
Интер РАО (для ФСК)
Промышленные потребители
Транспорт
Нефтедобыча
Нефтепереработка
Нефтепроводы
Газопроводы
Сельское хозяйство и пищевая про…
Непромышленные потребители
Государственные (муниципальные…
Население и приравненные группы…
Территориальные сетевые организ…
Динамика электропотребления, млрд. кВт.ч., по ПАО Россети на 2023 год
0 0
120 120
38 38
41 41
8 8
10 10
0 0
19 19
77 77
25 25
122 122
61 61
0 0
120 120
39 39
39 39
8 8
8 8
1 1
20 20
78 78
26 26
121 121
60 60
Факт прошлого года
Ожидаемое (прогноз до конца года)
Интер РАО(для ФСК)
Промышленныепотребители
Транспорт
Нефтедобыча
Нефтеперераб…
Нефтепроводы
Газопроводы
Сельское хозя…
Непромышлен…
Государственн…
Население иприравненныегруппыпотребителей
Территориальн…
Выручка, млрд. руб, по ПАО Россети на 2023 год
5 5
285 285
72 72
72 72
18 18
22 22
0 0
50 50
201 201
61 61
190 190
227 227
6 6
331 331
82 82
77 77
20 20
20 20
3 3
57 57
220 220
68 68
214 214
258 258
Факт прошлого года
Ожидаемое (прогноз до конца года)
Интер РАО(для ФСК)
Промышленныепотребители
Транспорт
Нефтедобыча
Нефтеперераб…
Нефтепроводы
Газопроводы
Сельское хозя…
Непромышлен…
Государственн…
Население иприравненныегруппыпотребителей
Территориальн…
абс.
%
Прогноз на месяц 
Ноябрь
КПО/Отпуск из сети 
Котловой полезный отпуск, млн. кВт.ч
Организация 
Все
Прогноз электропотребления и выручки за услуги по передаче в разрезе отраслей'

26-05-2025T09:22:02 - [MESSAGE][PASSED] - Text of object 'Object Repository/Прогноз по отраслям/Виджеты дашборда' is: 'Год 
2023 год
Сравнение с 
Факт прошлого года
Отклонения по ПАО Россети на 2023 год
0.0 0.0
646.5 646.5
341.1 341.1
-2 455.6 -2 455.6
245.6 245.6
-1 796.0 -1 796.0
676.2 676.2
452.4 452.4
1 386.2 1 386.2
527.5 527.5
-1 130.4 -1 130.4
-128.7 -128.7
⬤ Отклонение, млн. кВт.ч
Интер РАО (для ФСК)
Промышленные потребители
Транспорт
Нефтедобыча
Нефтепереработка
Нефтепроводы
Газопроводы
Сельское хозяйство и пищевая про…
Непромышленные потребители
Государственные (муниципальные…
Население и приравненные группы…
Территориальные сетевые организ…
Выручка отклонения по ПАО Россети на 2023 год
421.3 421.3
45 574.9 45 574.9
9 547.5 9 547.5
4 889.3 4 889.3
2 337.4 2 337.4
-1 682.6 -1 682.6
2 919.4 2 919.4
7 110.2 7 110.2
19 840.8 19 840.8
7 289.5 7 289.5
23 664.8 23 664.8
31 028.3 31 028.3
⬤ Отклонение, млн. руб
Интер РАО (для ФСК)
Промышленные потребители
Транспорт
Нефтедобыча
Нефтепереработка
Нефтепроводы
Газопроводы
Сельское хозяйство и пищевая про…
Непромышленные потребители
Государственные (муниципальные…
Население и приравненные группы…
Территориальные сетевые организ…
Динамика электропотребления, млрд. кВт.ч., по ПАО Россети на 2023 год
0 0
120 120
38 38
41 41
8 8
10 10
0 0
19 19
77 77
25 25
122 122
61 61
0 0
120 120
39 39
39 39
8 8
8 8
1 1
20 20
78 78
26 26
121 121
60 60
Факт прошлого года
Ожидаемое (прогноз до конца года)
Интер РАО(для ФСК)
Промышленныепотребители
Транспорт
Нефтедобыча
Нефтеперераб…
Нефтепроводы
Газопроводы
Сельское хозя…
Непромышлен…
Государственн…
Население иприравненныегруппыпотребителей
Территориальн…
Выручка, млрд. руб, по ПАО Россети на 2023 год
5 5
285 285
72 72
72 72
18 18
22 22
0 0
50 50
201 201
61 61
190 190
227 227
6 6
331 331
82 82
77 77
20 20
20 20
3 3
57 57
220 220
68 68
214 214
258 258
Факт прошлого года
Ожидаемое (прогноз до конца года)
Интер РАО(для ФСК)
Промышленныепотребители
Транспорт
Нефтедобыча
Нефтеперераб…
Нефтепроводы
Газопроводы
Сельское хозя…
Непромышлен…
Государственн…
Население иприравненныегруппыпотребителей
Территориальн…
абс.
%
Прогноз на месяц 
Ноябрь
КПО/Отпуск из сети 
Котловой полезный отпуск, млн. кВт.ч
Организация 
Все
Прогноз электропотребления и выручки за услуги по передаче в разрезе отраслей'

26-05-2025T09:22:02 - [TEST_STEP][PASSED] - b10 = b10.replaceAll("[^0-9]", ""): null

26-05-2025T09:22:02 - [TEST_STEP][PASSED] - println("b10:" + b10): null

26-05-2025T09:22:02 - [TEST_STEP][PASSED] - click(findTestObject("Прогноз по отраслям/Фильтр Сравнение с Стресс")): Object: 'Object Repository/Прогноз по отраслям/Фильтр Сравнение с Стресс' is clicked on

26-05-2025T09:22:02 - [MESSAGE][PASSED] - Object: 'Object Repository/Прогноз по отраслям/Фильтр Сравнение с Стресс' is clicked on

26-05-2025T09:22:02 - [TEST_STEP][PASSED] - click(findTestObject("Прогноз по отраслям/План Стресс")): Object: 'Object Repository/Прогноз по отраслям/План Стресс' is clicked on

26-05-2025T09:22:03 - [MESSAGE][PASSED] - Object: 'Object Repository/Прогноз по отраслям/План Стресс' is clicked on

26-05-2025T09:22:03 - [TEST_STEP][PASSED] - delay(40): Delayed 40 second(s)

26-05-2025T09:22:43 - [MESSAGE][PASSED] - Delayed 40 second(s)

26-05-2025T09:22:43 - [TEST_STEP][PASSED] - b11 = getText(findTestObject("Прогноз по отраслям/Виджеты дашборда")): Text of object 'Object Repository/Прогноз по отраслям/Виджеты дашборда' is: 'Год 
2023 год
Сравнение с 
План
Отклонения по ПАО Россети на 2023 год
0.0 0.0
1 471.7 1 471.7
1 186.5 1 186.5
32 445.2 32 445.2
1 268.3 1 268.3
349.4 349.4
84.3 84.3
239.8 239.8
2 969.4 2 969.4
589.2 589.2
-1 798.4 -1 798.4
5 359.3 5 359.3
⬤ Отклонение, млн. кВт.ч
Интер РАО (для ФСК)
Промышленные потребители
Транспорт
Нефтедобыча
Нефтепереработка
Нефтепроводы
Газопроводы
Сельское хозяйство и пищевая про…
Непромышленные потребители
Государственные (муниципальные…
Население и приравненные группы…
Территориальные сетевые организ…
Выручка отклонения по ПАО Россети на 2023 год
794.9 794.9
12 195.0 12 195.0
972.7 972.7
61 803.9 61 803.9
4 222.3 4 222.3
-121.8 -121.8
666.2 666.2
873.2 873.2
5 809.6 5 809.6
1 342.6 1 342.6
-4 463.2 -4 463.2
18 375.5 18 375.5
⬤ Отклонение, млн. руб
Интер РАО (для ФСК)
Промышленные потребители
Транспорт
Нефтедобыча
Нефтепереработка
Нефтепроводы
Газопроводы
Сельское хозяйство и пищевая про…
Непромышленные потребители
Государственные (муниципальные…
Население и приравненные группы…
Территориальные сетевые организ…
Динамика электропотребления, млрд. кВт.ч., по ПАО Россети на 2023 год
0 0
119 119
37 37
7 7
7 7
8 8
1 1
19 19
75 75
25 25
123 123
55 55
0 0
120 120
39 39
39 39
8 8
8 8
1 1
20 20
78 78
26 26
121 121
60 60
План
Ожидаемое (прогноз до конца года)
Интер РАО(для ФСК)
Промышленныепотребители
Транспорт
Нефтедобыча
Нефтеперераб…
Нефтепроводы
Газопроводы
Сельское хозя…
Непромышлен…
Государственн…
Население иприравненныегруппыпотребителей
Территориальн…
Выручка, млрд. руб, по ПАО Россети на 2023 год
5 5
319 319
81 81
16 16
16 16
20 20
2 2
56 56
215 215
67 67
218 218
239 239
6 6
331 331
82 82
77 77
20 20
20 20
3 3
57 57
220 220
68 68
214 214
258 258
План
Ожидаемое (прогноз до конца года)
Интер РАО(для ФСК)
Промышленныепотребители
Транспорт
Нефтедобыча
Нефтеперераб…
Нефтепроводы
Газопроводы
Сельское хозя…
Непромышлен…
Государственн…
Население иприравненныегруппыпотребителей
Территориальн…
абс.
%
Прогноз на месяц 
Ноябрь
КПО/Отпуск из сети 
Котловой полезный отпуск, млн. кВт.ч
Организация 
Все
Прогноз электропотребления и выручки за услуги по передаче в разрезе отраслей'

26-05-2025T09:22:44 - [MESSAGE][PASSED] - Text of object 'Object Repository/Прогноз по отраслям/Виджеты дашборда' is: 'Год 
2023 год
Сравнение с 
План
Отклонения по ПАО Россети на 2023 год
0.0 0.0
1 471.7 1 471.7
1 186.5 1 186.5
32 445.2 32 445.2
1 268.3 1 268.3
349.4 349.4
84.3 84.3
239.8 239.8
2 969.4 2 969.4
589.2 589.2
-1 798.4 -1 798.4
5 359.3 5 359.3
⬤ Отклонение, млн. кВт.ч
Интер РАО (для ФСК)
Промышленные потребители
Транспорт
Нефтедобыча
Нефтепереработка
Нефтепроводы
Газопроводы
Сельское хозяйство и пищевая про…
Непромышленные потребители
Государственные (муниципальные…
Население и приравненные группы…
Территориальные сетевые организ…
Выручка отклонения по ПАО Россети на 2023 год
794.9 794.9
12 195.0 12 195.0
972.7 972.7
61 803.9 61 803.9
4 222.3 4 222.3
-121.8 -121.8
666.2 666.2
873.2 873.2
5 809.6 5 809.6
1 342.6 1 342.6
-4 463.2 -4 463.2
18 375.5 18 375.5
⬤ Отклонение, млн. руб
Интер РАО (для ФСК)
Промышленные потребители
Транспорт
Нефтедобыча
Нефтепереработка
Нефтепроводы
Газопроводы
Сельское хозяйство и пищевая про…
Непромышленные потребители
Государственные (муниципальные…
Население и приравненные группы…
Территориальные сетевые организ…
Динамика электропотребления, млрд. кВт.ч., по ПАО Россети на 2023 год
0 0
119 119
37 37
7 7
7 7
8 8
1 1
19 19
75 75
25 25
123 123
55 55
0 0
120 120
39 39
39 39
8 8
8 8
1 1
20 20
78 78
26 26
121 121
60 60
План
Ожидаемое (прогноз до конца года)
Интер РАО(для ФСК)
Промышленныепотребители
Транспорт
Нефтедобыча
Нефтеперераб…
Нефтепроводы
Газопроводы
Сельское хозя…
Непромышлен…
Государственн…
Население иприравненныегруппыпотребителей
Территориальн…
Выручка, млрд. руб, по ПАО Россети на 2023 год
5 5
319 319
81 81
16 16
16 16
20 20
2 2
56 56
215 215
67 67
218 218
239 239
6 6
331 331
82 82
77 77
20 20
20 20
3 3
57 57
220 220
68 68
214 214
258 258
План
Ожидаемое (прогноз до конца года)
Интер РАО(для ФСК)
Промышленныепотребители
Транспорт
Нефтедобыча
Нефтеперераб…
Нефтепроводы
Газопроводы
Сельское хозя…
Непромышлен…
Государственн…
Население иприравненныегруппыпотребителей
Территориальн…
абс.
%
Прогноз на месяц 
Ноябрь
КПО/Отпуск из сети 
Котловой полезный отпуск, млн. кВт.ч
Организация 
Все
Прогноз электропотребления и выручки за услуги по передаче в разрезе отраслей'

26-05-2025T09:22:44 - [TEST_STEP][PASSED] - println("b11:" + b11): null

26-05-2025T09:22:44 - [TEST_STEP][PASSED] - b11 = b11.replaceAll("[^0-9]", ""): null

26-05-2025T09:22:44 - [TEST_STEP][PASSED] - println("b11:" + b11): null

26-05-2025T09:22:44 - [TEST_STEP][PASSED] - click(findTestObject("Прогноз по отраслям/Фильтр Сравнение с Стресс")): Object: 'Object Repository/Прогноз по отраслям/Фильтр Сравнение с Стресс' is clicked on

26-05-2025T09:22:44 - [MESSAGE][PASSED] - Object: 'Object Repository/Прогноз по отраслям/Фильтр Сравнение с Стресс' is clicked on

26-05-2025T09:22:44 - [TEST_STEP][PASSED] - click(findTestObject("Прогноз по отраслям/План СУ Стресс")): Object: 'Object Repository/Прогноз по отраслям/План СУ Стресс' is clicked on

26-05-2025T09:22:46 - [MESSAGE][PASSED] - Object: 'Object Repository/Прогноз по отраслям/План СУ Стресс' is clicked on

26-05-2025T09:22:46 - [TEST_STEP][PASSED] - delay(40): Delayed 40 second(s)

26-05-2025T09:23:26 - [MESSAGE][PASSED] - Delayed 40 second(s)

26-05-2025T09:23:26 - [TEST_STEP][PASSED] - b12 = getText(findTestObject("Прогноз по отраслям/Виджеты дашборда")): Text of object 'Object Repository/Прогноз по отраслям/Виджеты дашборда' is: 'Год 
2023 год
Сравнение с 
План/СУ
Отклонения по ПАО Россети на 2023 год
0.0 0.0
120 322.6 120 322.6
38 655.4 38 655.4
39 037.8 39 037.8
8 291.7 8 291.7
8 259.5 8 259.5
793.1 793.1
19 706.6 19 706.6
78 310.2 78 310.2
25 579.5 25 579.5
121 219.7 121 219.7
60 414.9 60 414.9
⬤ Отклонение, млн. кВт.ч
Интер РАО (для ФСК)
Промышленные потребители
Транспорт
Нефтедобыча
Нефтепереработка
Нефтепроводы
Газопроводы
Сельское хозяйство и пищевая про…
Непромышленные потребители
Государственные (муниципальные…
Население и приравненные группы…
Территориальные сетевые организ…
Выручка отклонения по ПАО Россети на 2023 год
⬤ Отклонение, млн. руб
Интер РАО (для ФСК)
Промышленные потребители
Транспорт
Нефтедобыча
Нефтепереработка
Нефтепроводы
Газопроводы
Сельское хозяйство и пищевая про…
Непромышленные потребители
Государственные (муниципальные…
Население и приравненные группы…
Территориальные сетевые организ…
Динамика электропотребления, млрд. кВт.ч., по ПАО Россети на 2023 год
0 0
0 0
0 0
0 0
0 0
0 0
0 0
0 0
0 0
0 0
0 0
0 0
0 0
120 120
39 39
39 39
8 8
8 8
1 1
20 20
78 78
26 26
121 121
60 60
СУ
Ожидаемое (прогноз до конца года)
Интер РАО(для ФСК)
Промышленныепотребители
Транспорт
Нефтедобыча
Нефтеперераб…
Нефтепроводы
Газопроводы
Сельское хозя…
Непромышлен…
Государственн…
Население иприравненныегруппыпотребителей
Территориальн…
Выручка, млрд. руб, по ПАО Россети на 2023 год
6 6
331 331
82 82
77 77
20 20
20 20
3 3
57 57
220 220
68 68
214 214
258 258
Ожидаемое (прогноз до конца года)
Интер РАО(для ФСК)
Промышленныепотребители
Транспорт
Нефтедобыча
Нефтеперераб…
Нефтепроводы
Газопроводы
Сельское хозя…
Непромышлен…
Государственн…
Население иприравненныегруппыпотребителей
Территориальн…
абс.
%
Прогноз на месяц 
Ноябрь
КПО/Отпуск из сети 
Котловой полезный отпуск, млн. кВт.ч
Организация 
Все
Прогноз электропотребления и выручки за услуги по передаче в разрезе отраслей'

26-05-2025T09:23:26 - [MESSAGE][PASSED] - Text of object 'Object Repository/Прогноз по отраслям/Виджеты дашборда' is: 'Год 
2023 год
Сравнение с 
План/СУ
Отклонения по ПАО Россети на 2023 год
0.0 0.0
120 322.6 120 322.6
38 655.4 38 655.4
39 037.8 39 037.8
8 291.7 8 291.7
8 259.5 8 259.5
793.1 793.1
19 706.6 19 706.6
78 310.2 78 310.2
25 579.5 25 579.5
121 219.7 121 219.7
60 414.9 60 414.9
⬤ Отклонение, млн. кВт.ч
Интер РАО (для ФСК)
Промышленные потребители
Транспорт
Нефтедобыча
Нефтепереработка
Нефтепроводы
Газопроводы
Сельское хозяйство и пищевая про…
Непромышленные потребители
Государственные (муниципальные…
Население и приравненные группы…
Территориальные сетевые организ…
Выручка отклонения по ПАО Россети на 2023 год
⬤ Отклонение, млн. руб
Интер РАО (для ФСК)
Промышленные потребители
Транспорт
Нефтедобыча
Нефтепереработка
Нефтепроводы
Газопроводы
Сельское хозяйство и пищевая про…
Непромышленные потребители
Государственные (муниципальные…
Население и приравненные группы…
Территориальные сетевые организ…
Динамика электропотребления, млрд. кВт.ч., по ПАО Россети на 2023 год
0 0
0 0
0 0
0 0
0 0
0 0
0 0
0 0
0 0
0 0
0 0
0 0
0 0
120 120
39 39
39 39
8 8
8 8
1 1
20 20
78 78
26 26
121 121
60 60
СУ
Ожидаемое (прогноз до конца года)
Интер РАО(для ФСК)
Промышленныепотребители
Транспорт
Нефтедобыча
Нефтеперераб…
Нефтепроводы
Газопроводы
Сельское хозя…
Непромышлен…
Государственн…
Население иприравненныегруппыпотребителей
Территориальн…
Выручка, млрд. руб, по ПАО Россети на 2023 год
6 6
331 331
82 82
77 77
20 20
20 20
3 3
57 57
220 220
68 68
214 214
258 258
Ожидаемое (прогноз до конца года)
Интер РАО(для ФСК)
Промышленныепотребители
Транспорт
Нефтедобыча
Нефтеперераб…
Нефтепроводы
Газопроводы
Сельское хозя…
Непромышлен…
Государственн…
Население иприравненныегруппыпотребителей
Территориальн…
абс.
%
Прогноз на месяц 
Ноябрь
КПО/Отпуск из сети 
Котловой полезный отпуск, млн. кВт.ч
Организация 
Все
Прогноз электропотребления и выручки за услуги по передаче в разрезе отраслей'

26-05-2025T09:23:26 - [TEST_STEP][PASSED] - b12 = b12.replaceAll("[^0-9]", ""): null

26-05-2025T09:23:26 - [TEST_STEP][PASSED] - println("b12:" + b12): null

26-05-2025T09:23:26 - [TEST_STEP][PASSED] - if (verifyEqual(a1, b1) == true): Actual object '20232023121218618636365050101019190017178585191982826046041010197197373748481010151544181880801919828260860820235528528572727272181822220050502012016161190190227227663313318282777720202020335757220220686821421425825820231851855959363639390909207207331323313238385656131309090707202377771601601321326767133133777713315133151421429999120120124124137137' and expected object '20232023121218618636365050101019190017178585191982826046041010197197373748481010151544181880801919828260860820235528528572727272181822220050502012016161190190227227663313318282777720202020335757220220686821421425825820231851855959363639390909207207331323313238385656131309090707202377771601601321326767133133777713315133151421429999120120124124137137' are equal

26-05-2025T09:23:26 - [MESSAGE][PASSED] - Actual object '20232023121218618636365050101019190017178585191982826046041010197197373748481010151544181880801919828260860820235528528572727272181822220050502012016161190190227227663313318282777720202020335757220220686821421425825820231851855959363639390909207207331323313238385656131309090707202377771601601321326767133133777713315133151421429999120120124124137137' and expected object '20232023121218618636365050101019190017178585191982826046041010197197373748481010151544181880801919828260860820235528528572727272181822220050502012016161190190227227663313318282777720202020335757220220686821421425825820231851855959363639390909207207331323313238385656131309090707202377771601601321326767133133777713315133151421429999120120124124137137' are equal

26-05-2025T09:23:26 - [TEST_STEP][PASSED] - if (verifyEqual(a2, b2) == true): Actual object '202320231010190190363614149914144417178080191982825885881010197197373748481010151544181880801919828260860820235531931981811616161620202256562152156767218218239239663313318282777720202020335757220220686821421425825820234747383819192303230310910942422172173939060616161010333320231561563838121239823982269269060626926915152727202020207979' and expected object '202320231010190190363614149914144417178080191982825885881010197197373748481010151544181880801919828260860820235531931981811616161620202256562152156767218218239239663313318282777720202020335757220220686821421425825820234747383819192303230310910942422172173939060616161010333320231561563838121239823982269269060626926915152727202020207979' are equal

26-05-2025T09:23:26 - [MESSAGE][PASSED] - Actual object '202320231010190190363614149914144417178080191982825885881010197197373748481010151544181880801919828260860820235531931981811616161620202256562152156767218218239239663313318282777720202020335757220220686821421425825820234747383819192303230310910942422172173939060616161010333320231561563838121239823982269269060626926915152727202020207979' and expected object '202320231010190190363614149914144417178080191982825885881010197197373748481010151544181880801919828260860820235531931981811616161620202256562152156767218218239239663313318282777720202020335757220220686821421425825820234747383819192303230310910942422172173939060616161010333320231561563838121239823982269269060626926915152727202020207979' are equal

26-05-2025T09:23:26 - [TEST_STEP][PASSED] - if (verifyEqual(a3, b3) == true): Actual object '2023202310101811813636151599141444161686861919797958658610101971973737484810101515441818808019198282608608202366331331828277772020202033575722022068682142142582582023252589893535221422141281286969135135818169692323313138382023' and expected object '2023202310101811813636151599141444161686861919797958658610101971973737484810101515441818808019198282608608202366331331828277772020202033575722022068682142142582582023252589893535221422141281286969135135818169692323313138382023' are equal

26-05-2025T09:23:26 - [MESSAGE][PASSED] - Actual object '2023202310101811813636151599141444161686861919797958658610101971973737484810101515441818808019198282608608202366331331828277772020202033575722022068682142142582582023252589893535221422141281286969135135818169692323313138382023' and expected object '2023202310101811813636151599141444161686861919797958658610101971973737484810101515441818808019198282608608202366331331828277772020202033575722022068682142142582582023252589893535221422141281286969135135818169692323313138382023' are equal

26-05-2025T09:23:26 - [TEST_STEP][PASSED] - if (verifyEqual(a4, b4) == true): Actual object '20232023001201203838414188101000191977772525122122616100120120393939398888112020787826261211216060202355285285727272721818222200505020120161611901902272276633133182827777202020203357572202206868214214258258202305050909595931311791795784578423231818212109090202202377771601601321326767133133777713315133151421429999120120124124137137' and expected object '20232023001201203838414188101000191977772525122122616100120120393939398888112020787826261211216060202355285285727272721818222200505020120161611901902272276633133182827777202020203357572202206868214214258258202305050909595931311791795784578423231818212109090202202377771601601321326767133133777713315133151421429999120120124124137137' are equal

26-05-2025T09:23:26 - [MESSAGE][PASSED] - Actual object '20232023001201203838414188101000191977772525122122616100120120393939398888112020787826261211216060202355285285727272721818222200505020120161611901902272276633133182827777202020203357572202206868214214258258202305050909595931311791795784578423231818212109090202202377771601601321326767133133777713315133151421429999120120124124137137' and expected object '20232023001201203838414188101000191977772525122122616100120120393939398888112020787826261211216060202355285285727272721818222200505020120161611901902272276633133182827777202020203357572202206868214214258258202305050909595931311791795784578423231818212109090202202377771601601321326767133133777713315133151421429999120120124124137137' are equal

26-05-2025T09:23:26 - [TEST_STEP][PASSED] - if (verifyEqual(a5, b5) == true): Actual object '20232023001191193737777788111919757525251231235555001201203939393988881120207878262612112160602023553193198181161616162020225656215215676721821823923966331331828277772020202033575722022068682142142582582023121232324921492118118144441191191212414124241414979720231561563838121239823982269269060626926915152727202020207979' and expected object '20232023001191193737777788111919757525251231235555001201203939393988881120207878262612112160602023553193198181161616162020225656215215676721821823923966331331828277772020202033575722022068682142142582582023121232324921492118118144441191191212414124241414979720231561563838121239823982269269060626926915152727202020207979' are equal

26-05-2025T09:23:26 - [MESSAGE][PASSED] - Actual object '20232023001191193737777788111919757525251231235555001201203939393988881120207878262612112160602023553193198181161616162020225656215215676721821823923966331331828277772020202033575722022068682142142582582023121232324921492118118144441191191212414124241414979720231561563838121239823982269269060626926915152727202020207979' and expected object '20232023001191193737777788111919757525251231235555001201203939393988881120207878262612112160602023553193198181161616162020225656215215676721821823923966331331828277772020202033575722022068682142142582582023121232324921492118118144441191191212414124241414979720231561563838121239823982269269060626926915152727202020207979' are equal

26-05-2025T09:23:26 - [TEST_STEP][PASSED] - if (verifyEqual(a6, b6) == true): Actual object '20232023000000000000000000000000001201203939393988881120207878262612112160602023663313318282777720202020335757220220686821421425825820232023' and expected object '20232023000000000000000000000000001201203939393988881120207878262612112160602023663313318282777720202020335757220220686821421425825820232023' are equal

26-05-2025T09:23:26 - [MESSAGE][PASSED] - Actual object '20232023000000000000000000000000001201203939393988881120207878262612112160602023663313318282777720202020335757220220686821421425825820232023' and expected object '20232023000000000000000000000000001201203939393988881120207878262612112160602023663313318282777720202020335757220220686821421425825820232023' are equal

26-05-2025T09:23:26 - [TEST_STEP][PASSED] - if (verifyEqual(a7, b7) == true): Actual object '202320232263522635110546110546128021280219475194759099093845038450416214162165176517472774727725652565723972394292342923202342134213455749455749954759547548893488932337423374168261682629194291947110271102198408198408728957289523664823664831028331028320231212186186363650501010191900171785851919828260460410101971973737484810101515441818808019198282608608202355285285727272721818222200505020120161611901902272276633133182827777202020203357572202206868214214258258' and expected object '202320232263522635110546110546128021280219475194759099093845038450416214162165176517472774727725652565723972394292342923202342134213455749455749954759547548893488932337423374168261682629194291947110271102198408198408728957289523664823664831028331028320231212186186363650501010191900171785851919828260460410101971973737484810101515441818808019198282608608202355285285727272721818222200505020120161611901902272276633133182827777202020203357572202206868214214258258' are equal

26-05-2025T09:23:26 - [MESSAGE][PASSED] - Actual object '202320232263522635110546110546128021280219475194759099093845038450416214162165176517472774727725652565723972394292342923202342134213455749455749954759547548893488932337423374168261682629194291947110271102198408198408728957289523664823664831028331028320231212186186363650501010191900171785851919828260460410101971973737484810101515441818808019198282608608202355285285727272721818222200505020120161611901902272276633133182827777202020203357572202206868214214258258' and expected object '202320232263522635110546110546128021280219475194759099093845038450416214162165176517472774727725652565723972394292342923202342134213455749455749954759547548893488932337423374168261682629194291947110271102198408198408728957289523664823664831028331028320231212186186363650501010191900171785851919828260460410101971973737484810101515441818808019198282608608202355285285727272721818222200505020120161611901902272276633133182827777202020203357572202206868214214258258' are equal

26-05-2025T09:23:26 - [TEST_STEP][PASSED] - if (verifyEqual(a8, b8) == true): Actual object '202320234922492271651716516893689333271733271798649864593859387640764067046704592459243088308894099409196041196041202379497949121950121950972797276180396180394222342223121812186662666287328732580965809613426134264463244632183755183755202310101901903636141499141444171780801919828258858810101971973737484810101515441818808019198282608608202355319319818116161616202022565621521567672182182392396633133182827777202020203357572202206868214214258258' and expected object '202320234922492271651716516893689333271733271798649864593859387640764067046704592459243088308894099409196041196041202379497949121950121950972797276180396180394222342223121812186662666287328732580965809613426134264463244632183755183755202310101901903636141499141444171780801919828258858810101971973737484810101515441818808019198282608608202355319319818116161616202022565621521567672182182392396633133182827777202020203357572202206868214214258258' are equal

26-05-2025T09:23:26 - [MESSAGE][PASSED] - Actual object '202320234922492271651716516893689333271733271798649864593859387640764067046704592459243088308894099409196041196041202379497949121950121950972797276180396180394222342223121812186662666287328732580965809613426134264463244632183755183755202310101901903636141499141444171780801919828258858810101971973737484810101515441818808019198282608608202355319319818116161616202022565621521567672182182392396633133182827777202020203357572202206868214214258258' and expected object '202320234922492271651716516893689333271733271798649864593859387640764067046704592459243088308894099409196041196041202379497949121950121950972797276180396180394222342223121812186662666287328732580965809613426134264463244632183755183755202310101901903636141499141444171780801919828258858810101971973737484810101515441818808019198282608608202355319319818116161616202022565621521567672182182392396633133182827777202020203357572202206868214214258258' are equal

26-05-2025T09:23:26 - [TEST_STEP][PASSED] - if (verifyEqual(a9, b9) == true): Actual object '202320232435243516024416024412551125513286993286991135711357950095005111511113242132425962859628433543352431524315223214223214202320231010181181363615159914144416168686191979795865861010197197373748481010151544181880801919828260860820236633133182827777202020203357572202206868214214258258' and expected object '202320232435243516024416024412551125513286993286991135711357950095005111511113242132425962859628433543352431524315223214223214202320231010181181363615159914144416168686191979795865861010197197373748481010151544181880801919828260860820236633133182827777202020203357572202206868214214258258' are equal

26-05-2025T09:23:26 - [MESSAGE][PASSED] - Actual object '202320232435243516024416024412551125513286993286991135711357950095005111511113242132425962859628433543352431524315223214223214202320231010181181363615159914144416168686191979795865861010197197373748481010151544181880801919828260860820236633133182827777202020203357572202206868214214258258' and expected object '202320232435243516024416024412551125513286993286991135711357950095005111511113242132425962859628433543352431524315223214223214202320231010181181363615159914144416168686191979795865861010197197373748481010151544181880801919828260860820236633133182827777202020203357572202206868214214258258' are equal

26-05-2025T09:23:26 - [TEST_STEP][PASSED] - if (verifyEqual(a10, b10) == true): Actual object '20232023000064656465341134112455624556245624561796017960676267624524452413862138625275527511304113041287128720234213421345574945574995475954754889348893233742337416826168262919429194711027110219840819840872895728952366482366483102833102832023001201203838414188101000191977772525122122616100120120393939398888112020787826261211216060202355285285727272721818222200505020120161611901902272276633133182827777202020203357572202206868214214258258' and expected object '20232023000064656465341134112455624556245624561796017960676267624524452413862138625275527511304113041287128720234213421345574945574995475954754889348893233742337416826168262919429194711027110219840819840872895728952366482366483102833102832023001201203838414188101000191977772525122122616100120120393939398888112020787826261211216060202355285285727272721818222200505020120161611901902272276633133182827777202020203357572202206868214214258258' are equal

26-05-2025T09:23:26 - [MESSAGE][PASSED] - Actual object '20232023000064656465341134112455624556245624561796017960676267624524452413862138625275527511304113041287128720234213421345574945574995475954754889348893233742337416826168262919429194711027110219840819840872895728952366482366483102833102832023001201203838414188101000191977772525122122616100120120393939398888112020787826261211216060202355285285727272721818222200505020120161611901902272276633133182827777202020203357572202206868214214258258' and expected object '20232023000064656465341134112455624556245624561796017960676267624524452413862138625275527511304113041287128720234213421345574945574995475954754889348893233742337416826168262919429194711027110219840819840872895728952366482366483102833102832023001201203838414188101000191977772525122122616100120120393939398888112020787826261211216060202355285285727272721818222200505020120161611901902272276633133182827777202020203357572202206868214214258258' are equal

26-05-2025T09:23:26 - [TEST_STEP][PASSED] - if (verifyEqual(a11, b11) == true): Actual object '202320230000147171471711865118653244523244521268312683349434948438432398239829694296945892589217984179845359353593202379497949121950121950972797276180396180394222342223121812186662666287328732580965809613426134264463244632183755183755202300119119373777778811191975752525123123555500120120393939398888112020787826261211216060202355319319818116161616202022565621521567672182182392396633133182827777202020203357572202206868214214258258' and expected object '202320230000147171471711865118653244523244521268312683349434948438432398239829694296945892589217984179845359353593202379497949121950121950972797276180396180394222342223121812186662666287328732580965809613426134264463244632183755183755202300119119373777778811191975752525123123555500120120393939398888112020787826261211216060202355319319818116161616202022565621521567672182182392396633133182827777202020203357572202206868214214258258' are equal

26-05-2025T09:23:26 - [MESSAGE][PASSED] - Actual object '202320230000147171471711865118653244523244521268312683349434948438432398239829694296945892589217984179845359353593202379497949121950121950972797276180396180394222342223121812186662666287328732580965809613426134264463244632183755183755202300119119373777778811191975752525123123555500120120393939398888112020787826261211216060202355319319818116161616202022565621521567672182182392396633133182827777202020203357572202206868214214258258' and expected object '202320230000147171471711865118653244523244521268312683349434948438432398239829694296945892589217984179845359353593202379497949121950121950972797276180396180394222342223121812186662666287328732580965809613426134264463244632183755183755202300119119373777778811191975752525123123555500120120393939398888112020787826261211216060202355319319818116161616202022565621521567672182182392396633133182827777202020203357572202206868214214258258' are equal

26-05-2025T09:23:26 - [TEST_STEP][PASSED] - if (verifyEqual(a12, b12) == true): Actual object '20232023000012032261203226386554386554390378390378829178291782595825957931793119706619706678310278310225579525579512121971212197604149604149202320230000000000000000000000000012012039393939888811202078782626121121606020236633133182827777202020203357572202206868214214258258' and expected object '20232023000012032261203226386554386554390378390378829178291782595825957931793119706619706678310278310225579525579512121971212197604149604149202320230000000000000000000000000012012039393939888811202078782626121121606020236633133182827777202020203357572202206868214214258258' are equal

26-05-2025T09:23:26 - [MESSAGE][PASSED] - Actual object '20232023000012032261203226386554386554390378390378829178291782595825957931793119706619706678310278310225579525579512121971212197604149604149202320230000000000000000000000000012012039393939888811202078782626121121606020236633133182827777202020203357572202206868214214258258' and expected object '20232023000012032261203226386554386554390378390378829178291782595825957931793119706619706678310278310225579525579512121971212197604149604149202320230000000000000000000000000012012039393939888811202078782626121121606020236633133182827777202020203357572202206868214214258258' are equal

26-05-2025T09:23:26 - [TEST_STEP][PASSED] - closeBrowser(): Browser is closed

26-05-2025T09:23:26 - [MESSAGE][PASSED] - Browser is closed]]></system-out>
         <system-err><![CDATA[]]></system-err>
      </testcase>
      <testcase name="Test Cases/Сверки дашбордов/Факторный анализ сверка дашбордов" time="139.795" classname="Test Cases/Сверки дашбордов/Факторный анализ сверка дашбордов" status="FAILED">
         <failure type="FAILED" message="Test Cases/Сверки дашбордов/Факторный анализ сверка дашбордов FAILED.&#xa;Reason:&#xa;com.kms.katalon.core.exception.StepFailedException: Unable to verify equal between actual object '0 3 047' and expected object '0 0' (Root cause: com.kms.katalon.core.exception.StepFailedException: Actual object '0 3 047' and expected object '0 0' are not equal&#xa;	at com.kms.katalon.core.keyword.builtin.VerifyEqualKeyword$_verifyEqual_closure1.doCall(VerifyEqualKeyword.groovy:58)&#xa;	at com.kms.katalon.core.keyword.builtin.VerifyEqualKeyword$_verifyEqual_closure1.call(VerifyEqualKeyword.groovy)&#xa;	at com.kms.katalon.core.keyword.internal.KeywordMain.runKeyword(KeywordMain.groovy:75)&#xa;	at com.kms.katalon.core.keyword.builtin.VerifyEqualKeyword.verifyEqual(VerifyEqualKeyword.groovy:63)&#xa;	at com.kms.katalon.core.keyword.builtin.VerifyEqualKeyword.execute(VerifyEqualKeyword.groovy:44)&#xa;	at com.kms.katalon.core.keyword.internal.KeywordExecutor.executeKeywordForPlatform(KeywordExecutor.groovy:74)&#xa;	at com.kms.katalon.core.keyword.BuiltinKeywords.verifyEqual(BuiltinKeywords.groovy:146)&#xa;	at jdk.internal.reflect.GeneratedMethodAccessor23.invoke(Unknown Source)&#xa;	at java.base/jdk.internal.reflect.DelegatingMethodAccessorImpl.invoke(DelegatingMethodAccessorImpl.java:43)&#xa;	at Факторный анализ сверка дашбордов.CompareDZO(Факторный анализ сверка дашбордов:713)&#xa;	at Факторный анализ сверка дашбордов.Test(Факторный анализ сверка дашбордов:687)&#xa;	at Факторный анализ сверка дашбордов.run(Факторный анализ сверка дашбордов:44)&#xa;	at com.kms.katalon.core.main.ScriptEngine.run(ScriptEngine.java:194)&#xa;	at com.kms.katalon.core.main.ScriptEngine.runScriptAsRawText(ScriptEngine.java:119)&#xa;	at com.kms.katalon.core.main.TestCaseExecutor.runScript(TestCaseExecutor.java:448)&#xa;	at com.kms.katalon.core.main.TestCaseExecutor.doExecute(TestCaseExecutor.java:439)&#xa;	at com.kms.katalon.core.main.TestCaseExecutor.processExecutionPhase(TestCaseExecutor.java:418)&#xa;	at com.kms.katalon.core.main.TestCaseExecutor.accessMainPhase(TestCaseExecutor.java:410)&#xa;	at com.kms.katalon.core.main.TestCaseExecutor.execute(TestCaseExecutor.java:285)&#xa;	at com.kms.katalon.core.common.CommonExecutor.accessTestCaseMainPhase(CommonExecutor.java:65)&#xa;	at com.kms.katalon.core.main.TestSuiteExecutor.accessTestSuiteMainPhase(TestSuiteExecutor.java:150)&#xa;	at com.kms.katalon.core.main.TestSuiteExecutor.execute(TestSuiteExecutor.java:106)&#xa;	at com.kms.katalon.core.main.TestCaseMain.startTestSuite(TestCaseMain.java:180)&#xa;	at TempTestSuite1748228991768.run(TempTestSuite1748228991768.groovy:35)&#xa;	at java.base/jdk.internal.reflect.NativeMethodAccessorImpl.invoke0(Native Method)&#xa;	at java.base/jdk.internal.reflect.NativeMethodAccessorImpl.invoke(NativeMethodAccessorImpl.java:77)&#xa;	at java.base/jdk.internal.reflect.DelegatingMethodAccessorImpl.invoke(DelegatingMethodAccessorImpl.java:43)&#xa;)&#xa;	at com.kms.katalon.core.keyword.internal.KeywordMain.stepFailed(KeywordMain.groovy:39)&#xa;	at com.kms.katalon.core.keyword.internal.KeywordMain.stepFailed(KeywordMain.groovy)&#xa;	at com.kms.katalon.core.keyword.internal.KeywordMain.runKeyword(KeywordMain.groovy:77)&#xa;	at com.kms.katalon.core.keyword.builtin.VerifyEqualKeyword.verifyEqual(VerifyEqualKeyword.groovy:63)&#xa;	at com.kms.katalon.core.keyword.builtin.VerifyEqualKeyword.execute(VerifyEqualKeyword.groovy:44)&#xa;	at com.kms.katalon.core.keyword.internal.KeywordExecutor.executeKeywordForPlatform(KeywordExecutor.groovy:74)&#xa;	at com.kms.katalon.core.keyword.BuiltinKeywords.verifyEqual(BuiltinKeywords.groovy:146)&#xa;	at jdk.internal.reflect.GeneratedMethodAccessor23.invoke(Unknown Source)&#xa;	at java.base/jdk.internal.reflect.DelegatingMethodAccessorImpl.invoke(DelegatingMethodAccessorImpl.java:43)&#xa;	at Факторный анализ сверка дашбордов.CompareDZO(Факторный анализ сверка дашбордов:713)&#xa;	at Факторный анализ сверка дашбордов.Test(Факторный анализ сверка дашбордов:687)&#xa;	at Факторный анализ сверка дашбордов.run(Факторный анализ сверка дашбордов:44)&#xa;	at com.kms.katalon.core.main.ScriptEngine.run(ScriptEngine.java:194)&#xa;	at com.kms.katalon.core.main.ScriptEngine.runScriptAsRawText(ScriptEngine.java:119)&#xa;	at com.kms.katalon.core.main.TestCaseExecutor.runScript(TestCaseExecutor.java:448)&#xa;	at com.kms.katalon.core.main.TestCaseExecutor.doExecute(TestCaseExecutor.java:439)&#xa;	at com.kms.katalon.core.main.TestCaseExecutor.processExecutionPhase(TestCaseExecutor.java:418)&#xa;	at com.kms.katalon.core.main.TestCaseExecutor.accessMainPhase(TestCaseExecutor.java:410)&#xa;	at com.kms.katalon.core.main.TestCaseExecutor.execute(TestCaseExecutor.java:285)&#xa;	at com.kms.katalon.core.common.CommonExecutor.accessTestCaseMainPhase(CommonExecutor.java:65)&#xa;	at com.kms.katalon.core.main.TestSuiteExecutor.accessTestSuiteMainPhase(TestSuiteExecutor.java:150)&#xa;	at com.kms.katalon.core.main.TestSuiteExecutor.execute(TestSuiteExecutor.java:106)&#xa;	at com.kms.katalon.core.main.TestCaseMain.startTestSuite(TestCaseMain.java:180)&#xa;	at TempTestSuite1748228991768.run(TempTestSuite1748228991768.groovy:35)&#xa;	at java.base/jdk.internal.reflect.NativeMethodAccessorImpl.invoke0(Native Method)&#xa;	at java.base/jdk.internal.reflect.NativeMethodAccessorImpl.invoke(NativeMethodAccessorImpl.java:77)&#xa;	at java.base/jdk.internal.reflect.DelegatingMethodAccessorImpl.invoke(DelegatingMethodAccessorImpl.java:43)&#xa;Caused by: com.kms.katalon.core.exception.StepFailedException: Actual object '0 3 047' and expected object '0 0' are not equal&#xa;	at com.kms.katalon.core.keyword.builtin.VerifyEqualKeyword$_verifyEqual_closure1.doCall(VerifyEqualKeyword.groovy:58)&#xa;	at com.kms.katalon.core.keyword.builtin.VerifyEqualKeyword$_verifyEqual_closure1.call(VerifyEqualKeyword.groovy)&#xa;	at com.kms.katalon.core.keyword.internal.KeywordMain.runKeyword(KeywordMain.groovy:75)&#xa;	... 24 more&#xa;"/>
         <system-out><![CDATA[26-05-2025T09:23:26 - [TEST_CASE][FAILED] - Test Cases/Сверки дашбордов/Факторный анализ сверка дашбордов: Test Cases/Сверки дашбордов/Факторный анализ сверка дашбордов FAILED.
Reason:
com.kms.katalon.core.exception.StepFailedException: Unable to verify equal between actual object '0 3 047' and expected object '0 0' (Root cause: com.kms.katalon.core.exception.StepFailedException: Actual object '0 3 047' and expected object '0 0' are not equal
	at com.kms.katalon.core.keyword.builtin.VerifyEqualKeyword$_verifyEqual_closure1.doCall(VerifyEqualKeyword.groovy:58)
	at com.kms.katalon.core.keyword.builtin.VerifyEqualKeyword$_verifyEqual_closure1.call(VerifyEqualKeyword.groovy)
	at com.kms.katalon.core.keyword.internal.KeywordMain.runKeyword(KeywordMain.groovy:75)
	at com.kms.katalon.core.keyword.builtin.VerifyEqualKeyword.verifyEqual(VerifyEqualKeyword.groovy:63)
	at com.kms.katalon.core.keyword.builtin.VerifyEqualKeyword.execute(VerifyEqualKeyword.groovy:44)
	at com.kms.katalon.core.keyword.internal.KeywordExecutor.executeKeywordForPlatform(KeywordExecutor.groovy:74)
	at com.kms.katalon.core.keyword.BuiltinKeywords.verifyEqual(BuiltinKeywords.groovy:146)
	at jdk.internal.reflect.GeneratedMethodAccessor23.invoke(Unknown Source)
	at java.base/jdk.internal.reflect.DelegatingMethodAccessorImpl.invoke(DelegatingMethodAccessorImpl.java:43)
	at Факторный анализ сверка дашбордов.CompareDZO(Факторный анализ сверка дашбордов:713)
	at Факторный анализ сверка дашбордов.Test(Факторный анализ сверка дашбордов:687)
	at Факторный анализ сверка дашбордов.run(Факторный анализ сверка дашбордов:44)
	at com.kms.katalon.core.main.ScriptEngine.run(ScriptEngine.java:194)
	at com.kms.katalon.core.main.ScriptEngine.runScriptAsRawText(ScriptEngine.java:119)
	at com.kms.katalon.core.main.TestCaseExecutor.runScript(TestCaseExecutor.java:448)
	at com.kms.katalon.core.main.TestCaseExecutor.doExecute(TestCaseExecutor.java:439)
	at com.kms.katalon.core.main.TestCaseExecutor.processExecutionPhase(TestCaseExecutor.java:418)
	at com.kms.katalon.core.main.TestCaseExecutor.accessMainPhase(TestCaseExecutor.java:410)
	at com.kms.katalon.core.main.TestCaseExecutor.execute(TestCaseExecutor.java:285)
	at com.kms.katalon.core.common.CommonExecutor.accessTestCaseMainPhase(CommonExecutor.java:65)
	at com.kms.katalon.core.main.TestSuiteExecutor.accessTestSuiteMainPhase(TestSuiteExecutor.java:150)
	at com.kms.katalon.core.main.TestSuiteExecutor.execute(TestSuiteExecutor.java:106)
	at com.kms.katalon.core.main.TestCaseMain.startTestSuite(TestCaseMain.java:180)
	at TempTestSuite1748228991768.run(TempTestSuite1748228991768.groovy:35)
	at java.base/jdk.internal.reflect.NativeMethodAccessorImpl.invoke0(Native Method)
	at java.base/jdk.internal.reflect.NativeMethodAccessorImpl.invoke(NativeMethodAccessorImpl.java:77)
	at java.base/jdk.internal.reflect.DelegatingMethodAccessorImpl.invoke(DelegatingMethodAccessorImpl.java:43)
)
	at com.kms.katalon.core.keyword.internal.KeywordMain.stepFailed(KeywordMain.groovy:39)
	at com.kms.katalon.core.keyword.internal.KeywordMain.stepFailed(KeywordMain.groovy)
	at com.kms.katalon.core.keyword.internal.KeywordMain.runKeyword(KeywordMain.groovy:77)
	at com.kms.katalon.core.keyword.builtin.VerifyEqualKeyword.verifyEqual(VerifyEqualKeyword.groovy:63)
	at com.kms.katalon.core.keyword.builtin.VerifyEqualKeyword.execute(VerifyEqualKeyword.groovy:44)
	at com.kms.katalon.core.keyword.internal.KeywordExecutor.executeKeywordForPlatform(KeywordExecutor.groovy:74)
	at com.kms.katalon.core.keyword.BuiltinKeywords.verifyEqual(BuiltinKeywords.groovy:146)
	at jdk.internal.reflect.GeneratedMethodAccessor23.invoke(Unknown Source)
	at java.base/jdk.internal.reflect.DelegatingMethodAccessorImpl.invoke(DelegatingMethodAccessorImpl.java:43)
	at Факторный анализ сверка дашбордов.CompareDZO(Факторный анализ сверка дашбордов:713)
	at Факторный анализ сверка дашбордов.Test(Факторный анализ сверка дашбордов:687)
	at Факторный анализ сверка дашбордов.run(Факторный анализ сверка дашбордов:44)
	at com.kms.katalon.core.main.ScriptEngine.run(ScriptEngine.java:194)
	at com.kms.katalon.core.main.ScriptEngine.runScriptAsRawText(ScriptEngine.java:119)
	at com.kms.katalon.core.main.TestCaseExecutor.runScript(TestCaseExecutor.java:448)
	at com.kms.katalon.core.main.TestCaseExecutor.doExecute(TestCaseExecutor.java:439)
	at com.kms.katalon.core.main.TestCaseExecutor.processExecutionPhase(TestCaseExecutor.java:418)
	at com.kms.katalon.core.main.TestCaseExecutor.accessMainPhase(TestCaseExecutor.java:410)
	at com.kms.katalon.core.main.TestCaseExecutor.execute(TestCaseExecutor.java:285)
	at com.kms.katalon.core.common.CommonExecutor.accessTestCaseMainPhase(CommonExecutor.java:65)
	at com.kms.katalon.core.main.TestSuiteExecutor.accessTestSuiteMainPhase(TestSuiteExecutor.java:150)
	at com.kms.katalon.core.main.TestSuiteExecutor.execute(TestSuiteExecutor.java:106)
	at com.kms.katalon.core.main.TestCaseMain.startTestSuite(TestCaseMain.java:180)
	at TempTestSuite1748228991768.run(TempTestSuite1748228991768.groovy:35)
	at java.base/jdk.internal.reflect.NativeMethodAccessorImpl.invoke0(Native Method)
	at java.base/jdk.internal.reflect.NativeMethodAccessorImpl.invoke(NativeMethodAccessorImpl.java:77)
	at java.base/jdk.internal.reflect.DelegatingMethodAccessorImpl.invoke(DelegatingMethodAccessorImpl.java:43)
Caused by: com.kms.katalon.core.exception.StepFailedException: Actual object '0 3 047' and expected object '0 0' are not equal
	at com.kms.katalon.core.keyword.builtin.VerifyEqualKeyword$_verifyEqual_closure1.doCall(VerifyEqualKeyword.groovy:58)
	at com.kms.katalon.core.keyword.builtin.VerifyEqualKeyword$_verifyEqual_closure1.call(VerifyEqualKeyword.groovy)
	at com.kms.katalon.core.keyword.internal.KeywordMain.runKeyword(KeywordMain.groovy:75)
	... 24 more


26-05-2025T09:23:27 - [TEST_STEP][PASSED] - date = new java.util.Date(): null

26-05-2025T09:23:27 - [TEST_STEP][PASSED] - todaysDate = date.format("dd.MM.yyyy"): null

26-05-2025T09:23:27 - [TEST_STEP][PASSED] - typeOfData = <not implemented yet for class: org.codehaus.groovy.ast.expr.EmptyExpression>: null

26-05-2025T09:23:27 - [TEST_STEP][PASSED] - otobrajeniyeDannyh = <not implemented yet for class: org.codehaus.groovy.ast.expr.EmptyExpression>: null

26-05-2025T09:23:27 - [TEST_STEP][PASSED] - println(todaysDate): null

26-05-2025T09:23:27 - [TEST_STEP][PASSED] - vidget = <not implemented yet for class: org.codehaus.groovy.ast.expr.EmptyExpression>: null

26-05-2025T09:23:27 - [TEST_STEP][PASSED] - x = <not implemented yet for class: org.codehaus.groovy.ast.expr.EmptyExpression>: null

26-05-2025T09:23:27 - [TEST_STEP][PASSED] - y = <not implemented yet for class: org.codehaus.groovy.ast.expr.EmptyExpression>: null

26-05-2025T09:23:27 - [TEST_STEP][PASSED] - DZO = <not implemented yet for class: org.codehaus.groovy.ast.expr.EmptyExpression>: null

26-05-2025T09:23:27 - [TEST_STEP][PASSED] - openBrowser(""): Browser is opened with url: ''

26-05-2025T09:23:27 - [MESSAGE][INFO] - Starting 'Chrome' driver

26-05-2025T09:23:27 - [MESSAGE][INFO] - Action delay is set to 0 milliseconds

26-05-2025T09:23:28 - [MESSAGE][PASSED] - Browser is opened with url: ''

26-05-2025T09:23:28 - [TEST_STEP][PASSED] - run = 1: null

26-05-2025T09:23:28 - [TEST_STEP][PASSED] - for ([run = 1, run < 3, (run++)]): null

26-05-2025T09:23:28 - [TEST_STEP][PASSED] - Script1719551244403.Test(run, todaysDate, typeOfData, otobrajeniyeDannyh, x, y, vidget, DZO): null

26-05-2025T09:23:28 - [TEST_STEP][PASSED] - navigateToUrl(findTestData("PlanFact").getValue(10, 3)): Navigate to 'https://bi.rosseti.digital/viewer?dashboardGuid=2301950b23be4ed89c1df75f2020051e&sheetGuid=ccd7d7486b3d4e6fa0ee9b1eaebed46c&fit=true' successfully

26-05-2025T09:23:32 - [MESSAGE][PASSED] - Navigate to 'https://bi.rosseti.digital/viewer?dashboardGuid=2301950b23be4ed89c1df75f2020051e&sheetGuid=ccd7d7486b3d4e6fa0ee9b1eaebed46c&fit=true' successfully

26-05-2025T09:23:32 - [TEST_STEP][PASSED] - Script1719551244403.Autorization(run): null

26-05-2025T09:23:32 - [TEST_STEP][PASSED] - delay(10): Delayed 10 second(s)

26-05-2025T09:23:42 - [MESSAGE][PASSED] - Delayed 10 second(s)

26-05-2025T09:23:42 - [TEST_STEP][PASSED] - if (run == 1): Delayed 10 second(s)

26-05-2025T09:23:42 - [TEST_STEP][PASSED] - setText(findTestObject("Страница авторизации/input__username"), findTestData("PlanFact").getValue(8, 1)): Text 'liazgina-di' is set on object 'Object Repository/Страница авторизации/input__username'

26-05-2025T09:23:43 - [MESSAGE][PASSED] - Text 'liazgina-di' is set on object 'Object Repository/Страница авторизации/input__username'

26-05-2025T09:23:43 - [TEST_STEP][PASSED] - setText(findTestObject("Страница авторизации/input__password"), findTestData("PlanFact").getValue(9, 1)): Text ')$%5srZ8o688Dm#q' is set on object 'Object Repository/Страница авторизации/input__password'

26-05-2025T09:23:44 - [MESSAGE][PASSED] - Text ')$%5srZ8o688Dm#q' is set on object 'Object Repository/Страница авторизации/input__password'

26-05-2025T09:23:44 - [TEST_STEP][PASSED] - click(findTestObject("Страница авторизации/button_")): Object: 'Object Repository/Страница авторизации/button_' is clicked on

26-05-2025T09:23:45 - [MESSAGE][PASSED] - Object: 'Object Repository/Страница авторизации/button_' is clicked on

26-05-2025T09:23:45 - [TEST_STEP][PASSED] - delay(10): Delayed 10 second(s)

26-05-2025T09:23:55 - [MESSAGE][PASSED] - Delayed 10 second(s)

26-05-2025T09:23:55 - [TEST_STEP][PASSED] - i = <not implemented yet for class: org.codehaus.groovy.ast.expr.EmptyExpression>: null

26-05-2025T09:23:55 - [TEST_STEP][PASSED] - ii = <not implemented yet for class: org.codehaus.groovy.ast.expr.EmptyExpression>: null

26-05-2025T09:23:55 - [TEST_STEP][PASSED] - a = <not implemented yet for class: org.codehaus.groovy.ast.expr.EmptyExpression>: null

26-05-2025T09:23:55 - [TEST_STEP][PASSED] - a1 = <not implemented yet for class: org.codehaus.groovy.ast.expr.EmptyExpression>: null

26-05-2025T09:23:55 - [TEST_STEP][PASSED] - a2 = <not implemented yet for class: org.codehaus.groovy.ast.expr.EmptyExpression>: null

26-05-2025T09:23:55 - [TEST_STEP][PASSED] - click(findTestObject("Факторный анализ/Фильтр Период")): Object: 'Object Repository/Факторный анализ/Фильтр Период' is clicked on

26-05-2025T09:23:55 - [MESSAGE][PASSED] - Object: 'Object Repository/Факторный анализ/Фильтр Период' is clicked on

26-05-2025T09:23:55 - [TEST_STEP][PASSED] - click(findTestObject("Факторный анализ/Снять выделение в фильтре Дата")): Object: 'Object Repository/Факторный анализ/Снять выделение в фильтре Дата' is clicked on

26-05-2025T09:23:56 - [MESSAGE][PASSED] - Object: 'Object Repository/Факторный анализ/Снять выделение в фильтре Дата' is clicked on

26-05-2025T09:23:56 - [TEST_STEP][PASSED] - click(findTestObject("Факторный анализ/Применить в фильтре Дата")): Object: 'Object Repository/Факторный анализ/Применить в фильтре Дата' is clicked on

26-05-2025T09:23:56 - [MESSAGE][PASSED] - Object: 'Object Repository/Факторный анализ/Применить в фильтре Дата' is clicked on

26-05-2025T09:23:56 - [TEST_STEP][PASSED] - delay(10): Delayed 10 second(s)

26-05-2025T09:24:06 - [MESSAGE][PASSED] - Delayed 10 second(s)

26-05-2025T09:24:06 - [TEST_STEP][PASSED] - click(findTestObject("Факторный анализ/Фильтр Период")): Object: 'Object Repository/Факторный анализ/Фильтр Период' is clicked on

26-05-2025T09:24:06 - [MESSAGE][PASSED] - Object: 'Object Repository/Факторный анализ/Фильтр Период' is clicked on

26-05-2025T09:24:06 - [TEST_STEP][PASSED] - click(findTestObject("Факторный анализ/Снять выделение в фильтре Дата")): Object: 'Object Repository/Факторный анализ/Снять выделение в фильтре Дата' is clicked on

26-05-2025T09:24:07 - [MESSAGE][PASSED] - Object: 'Object Repository/Факторный анализ/Снять выделение в фильтре Дата' is clicked on

26-05-2025T09:24:07 - [TEST_STEP][PASSED] - scrollToElement(findTestObject("Факторный анализ/2025 список"), 30): Scroll to object 'Object Repository/Факторный анализ/2025 список' successfully

26-05-2025T09:24:07 - [MESSAGE][PASSED] - Scroll to object 'Object Repository/Факторный анализ/2025 список' successfully

26-05-2025T09:24:07 - [TEST_STEP][PASSED] - click(findTestObject("Факторный анализ/2025 список")): Object: 'Object Repository/Факторный анализ/2025 список' is clicked on

26-05-2025T09:24:08 - [MESSAGE][PASSED] - Object: 'Object Repository/Факторный анализ/2025 список' is clicked on

26-05-2025T09:24:08 - [TEST_STEP][PASSED] - scrollToElement(findTestObject("Факторный анализ/1 квартал 2025 список"), 30): Scroll to object 'Object Repository/Факторный анализ/1 квартал 2025 список' successfully

26-05-2025T09:24:08 - [MESSAGE][PASSED] - Scroll to object 'Object Repository/Факторный анализ/1 квартал 2025 список' successfully

26-05-2025T09:24:08 - [TEST_STEP][PASSED] - click(findTestObject("Факторный анализ/1 квартал 2025 выбрать"), CONTINUE_ON_FAILURE): Object: 'Object Repository/Факторный анализ/1 квартал 2025 выбрать' is clicked on

26-05-2025T09:24:08 - [MESSAGE][PASSED] - Object: 'Object Repository/Факторный анализ/1 квартал 2025 выбрать' is clicked on

26-05-2025T09:24:08 - [TEST_STEP][PASSED] - scrollToElement(findTestObject("Факторный анализ/Заголовок дашборда"), 30): Scroll to object 'Object Repository/Факторный анализ/Заголовок дашборда' successfully

26-05-2025T09:24:09 - [MESSAGE][PASSED] - Scroll to object 'Object Repository/Факторный анализ/Заголовок дашборда' successfully

26-05-2025T09:24:09 - [TEST_STEP][PASSED] - click(findTestObject("Факторный анализ/Применить в фильтре Дата")): Object: 'Object Repository/Факторный анализ/Применить в фильтре Дата' is clicked on

26-05-2025T09:24:09 - [MESSAGE][PASSED] - Object: 'Object Repository/Факторный анализ/Применить в фильтре Дата' is clicked on

26-05-2025T09:24:09 - [TEST_STEP][PASSED] - if (run == 1): null

26-05-2025T09:24:09 - [TEST_STEP][PASSED] - a = getText(findTestObject("Факторный анализ/Отклонения выручки по факторам Блок руководителя")): Text of object 'Object Repository/Факторный анализ/Отклонения выручки по факторам Блок руководителя' is: '-10 810-10 810
4 0374 037
Отклонение (объём услуг)
Отклонение (средний тариф)
ПАО Россети'

26-05-2025T09:24:10 - [MESSAGE][PASSED] - Text of object 'Object Repository/Факторный анализ/Отклонения выручки по факторам Блок руководителя' is: '-10 810-10 810
4 0374 037
Отклонение (объём услуг)
Отклонение (средний тариф)
ПАО Россети'

26-05-2025T09:24:10 - [TEST_STEP][PASSED] - a = a.replaceAll("[\r?
|
]", "/"): null

26-05-2025T09:24:10 - [TEST_STEP][PASSED] - i = a.indexOf("Отклонение"): null

26-05-2025T09:24:10 - [TEST_STEP][PASSED] - if (i > -1): null

26-05-2025T09:24:10 - [TEST_STEP][PASSED] - i = i: null

26-05-2025T09:24:10 - [TEST_STEP][PASSED] - a = substring(0, i).trim(): null

26-05-2025T09:24:10 - [TEST_STEP][PASSED] - println("a: " + a): null

26-05-2025T09:24:10 - [TEST_STEP][PASSED] - i = a.indexOf("/"): null

26-05-2025T09:24:10 - [TEST_STEP][PASSED] - if (i > -1): null

26-05-2025T09:24:10 - [TEST_STEP][PASSED] - a1 = a.substring(0, i): null

26-05-2025T09:24:10 - [TEST_STEP][PASSED] - println("a1: " + a1): null

26-05-2025T09:24:10 - [TEST_STEP][PASSED] - a2 = a.substring(a1.length() + 1, a.length()): null

26-05-2025T09:24:10 - [TEST_STEP][PASSED] - println("a2: " + a2): null

26-05-2025T09:24:10 - [TEST_STEP][PASSED] - i = a1.length() / 2: null

26-05-2025T09:24:10 - [TEST_STEP][PASSED] - if (i > -1): null

26-05-2025T09:24:10 - [TEST_STEP][PASSED] - a1 = replaceAll("\s+", "").trim(): null

26-05-2025T09:24:10 - [TEST_STEP][PASSED] - println("a1: " + a1): null

26-05-2025T09:24:10 - [TEST_STEP][PASSED] - i = a2.length() / 2: null

26-05-2025T09:24:10 - [TEST_STEP][PASSED] - if (i > -1): null

26-05-2025T09:24:10 - [TEST_STEP][PASSED] - a2 = replaceAll("\s+", "").trim(): null

26-05-2025T09:24:10 - [TEST_STEP][PASSED] - println("a2: " + a2): null

26-05-2025T09:24:10 - [TEST_STEP][PASSED] - tableA = getText(findTestObject("Факторный анализ/AllTable1")).replaceAll("[\r?
|
]", "/"): Text of object 'Object Repository/Факторный анализ/AllTable1' is: 'ДЗО
Филиал
Отклонение (объём услуг)
Отклонение (средний тариф)
АО "РЭС" АО "РЭС" - 245 -16
АО «Тываэнерго» АО "Тываэнерго" 39 17
АО «Чеченэнерго» АО «Чеченэнерго» -8 -19
Россети Волга Мордовэнерго - 165 -11
Оренбургэнерго - 207 -48
Пензаэнерго -61 -1
Самарские РС - 328 413
Саратовские РС - 213 -34
Ульяновские РС 96 -22
Чувашэнерго 7 36
Россети Кубань Кубаньэнерго 319 467
Россети Ленэнерго (ГК) Ленинградская область - 274 501
г. Санкт-Петербург - 135 -30
Россети Московский регион Московская область -2 728 26
г. Москва - 739 96
Россети Северный Кавказ (ГК) Дагэнерго - 409 86
Ингушэнерго - 145 41
Каббалкэнерго 55 -4
Карачаево-Черкесскэнерго 50 -22
Севкавказэнерго -5 -24
Ставропольэнерго 23 84
Россети Северо-Запад Архангельский филиал -69 52
Вологодский филиал -44 43
Карельский филиал -17 -65
Мурманский филиал 24 -84
Новгородский филиал 10 21
Псковский филиал -55 30
филиал в Республике Коми - 136 39
Россети Сибирь (ГК) Алтайэнерго 47 24
Бурятэнерго 52 -32
ГАЭС 23 4
Красноярскэнерго 299 26
Кузбассэнерго-РЭС -85 499
Омскэнерго 40 -69
Хакасэнерго -9 -53
Читаэнерго 23 88
Россети Томск Томская распределительная компания - 100 42
Россети Тюмень Россети Тюмень -2 270 - 495
Россети Урал (ГК) Пермэнерго - 357 1
Свердловэнерго - 199 -32
Челябэнерго - 323 -77
Россети ФСК ЕЭС Итого по ФСК ЕЭС - 451 2 121
Россети Центр Белгородэнерго -74 30
Брянскэнерго -66 -2
Воронежэнерго - 100 37
Костромаэнерго -73 -1
Курскэнерго -21 41
Липецкэнерго - 216 43
Орелэнерго -39 4
Смоленскэнерго -41 4
Тамбовэнерго -25 -5
Тверьэнерго - 164 -10
Ярэнерго - 130 4
Россети Центр и Приволжье (ГК) Владимирэнерго - 188 -31
Ивэнерго 4 -31
Калугаэнерго -57 41
Кировэнерго -64 14
Мариэнерго -39 29
Нижновэнерго - 287 49
Рязаньэнерго - 201 45
Тулэнерго - 131 -64
Удмуртэнерго -55 61
Россети Юг (ГК) АО «ВМЭС» -7 15
Астраханьэнерго -22 -15
Волгоградэнерго - 314 22
Калмэнерго 20 -5
Ростовэнерго 153 143
Россети Янтарь Россети Янтарь 0 3 047'

26-05-2025T09:24:11 - [MESSAGE][PASSED] - Text of object 'Object Repository/Факторный анализ/AllTable1' is: 'ДЗО
Филиал
Отклонение (объём услуг)
Отклонение (средний тариф)
АО "РЭС" АО "РЭС" - 245 -16
АО «Тываэнерго» АО "Тываэнерго" 39 17
АО «Чеченэнерго» АО «Чеченэнерго» -8 -19
Россети Волга Мордовэнерго - 165 -11
Оренбургэнерго - 207 -48
Пензаэнерго -61 -1
Самарские РС - 328 413
Саратовские РС - 213 -34
Ульяновские РС 96 -22
Чувашэнерго 7 36
Россети Кубань Кубаньэнерго 319 467
Россети Ленэнерго (ГК) Ленинградская область - 274 501
г. Санкт-Петербург - 135 -30
Россети Московский регион Московская область -2 728 26
г. Москва - 739 96
Россети Северный Кавказ (ГК) Дагэнерго - 409 86
Ингушэнерго - 145 41
Каббалкэнерго 55 -4
Карачаево-Черкесскэнерго 50 -22
Севкавказэнерго -5 -24
Ставропольэнерго 23 84
Россети Северо-Запад Архангельский филиал -69 52
Вологодский филиал -44 43
Карельский филиал -17 -65
Мурманский филиал 24 -84
Новгородский филиал 10 21
Псковский филиал -55 30
филиал в Республике Коми - 136 39
Россети Сибирь (ГК) Алтайэнерго 47 24
Бурятэнерго 52 -32
ГАЭС 23 4
Красноярскэнерго 299 26
Кузбассэнерго-РЭС -85 499
Омскэнерго 40 -69
Хакасэнерго -9 -53
Читаэнерго 23 88
Россети Томск Томская распределительная компания - 100 42
Россети Тюмень Россети Тюмень -2 270 - 495
Россети Урал (ГК) Пермэнерго - 357 1
Свердловэнерго - 199 -32
Челябэнерго - 323 -77
Россети ФСК ЕЭС Итого по ФСК ЕЭС - 451 2 121
Россети Центр Белгородэнерго -74 30
Брянскэнерго -66 -2
Воронежэнерго - 100 37
Костромаэнерго -73 -1
Курскэнерго -21 41
Липецкэнерго - 216 43
Орелэнерго -39 4
Смоленскэнерго -41 4
Тамбовэнерго -25 -5
Тверьэнерго - 164 -10
Ярэнерго - 130 4
Россети Центр и Приволжье (ГК) Владимирэнерго - 188 -31
Ивэнерго 4 -31
Калугаэнерго -57 41
Кировэнерго -64 14
Мариэнерго -39 29
Нижновэнерго - 287 49
Рязаньэнерго - 201 45
Тулэнерго - 131 -64
Удмуртэнерго -55 61
Россети Юг (ГК) АО «ВМЭС» -7 15
Астраханьэнерго -22 -15
Волгоградэнерго - 314 22
Калмэнерго 20 -5
Ростовэнерго 153 143
Россети Янтарь Россети Янтарь 0 3 047'

26-05-2025T09:24:11 - [TEST_STEP][PASSED] - println("tableA: " + tableA): null

26-05-2025T09:24:11 - [TEST_STEP][PASSED] - for ([i = 1, i < 5, (i++)]): null

26-05-2025T09:24:11 - [TEST_STEP][PASSED] - ii = tableA.indexOf("/") + 1: null

26-05-2025T09:24:11 - [TEST_STEP][PASSED] - tableA = tableA.substring(ii, tableA.length()): null

26-05-2025T09:24:11 - [TEST_STEP][PASSED] - ii = tableA.indexOf("/") + 1: null

26-05-2025T09:24:11 - [TEST_STEP][PASSED] - tableA = tableA.substring(ii, tableA.length()): null

26-05-2025T09:24:11 - [TEST_STEP][PASSED] - ii = tableA.indexOf("/") + 1: null

26-05-2025T09:24:11 - [TEST_STEP][PASSED] - tableA = tableA.substring(ii, tableA.length()): null

26-05-2025T09:24:11 - [TEST_STEP][PASSED] - ii = tableA.indexOf("/") + 1: null

26-05-2025T09:24:11 - [TEST_STEP][PASSED] - tableA = tableA.substring(ii, tableA.length()): null

26-05-2025T09:24:11 - [TEST_STEP][PASSED] - println("tableA: " + tableA): null

26-05-2025T09:24:11 - [TEST_STEP][PASSED] - ResA = Script1719551244403.GetData(x = tableA): null

26-05-2025T09:24:11 - [TEST_STEP][PASSED] - i2 = <not implemented yet for class: org.codehaus.groovy.ast.expr.EmptyExpression>: null

26-05-2025T09:24:11 - [TEST_STEP][PASSED] - i2 = x.indexOf("/") + 1: null

26-05-2025T09:24:11 - [TEST_STEP][PASSED] - x = /]", "").trim(): null

26-05-2025T09:24:11 - [TEST_STEP][PASSED] - return x: null

26-05-2025T09:24:11 - [TEST_STEP][PASSED] - println("ResA: " + ResA): null

26-05-2025T09:24:11 - [TEST_STEP][PASSED] - tableA = Script1719551244403.NewDZO(x = tableA): null

26-05-2025T09:24:11 - [TEST_STEP][PASSED] - i3 = <not implemented yet for class: org.codehaus.groovy.ast.expr.EmptyExpression>: null

26-05-2025T09:24:11 - [TEST_STEP][PASSED] - i3 = x.indexOf("/") + 1: null

26-05-2025T09:24:11 - [TEST_STEP][PASSED] - x = x.substring(i3, x.length()): null

26-05-2025T09:24:11 - [TEST_STEP][PASSED] - return x: null

26-05-2025T09:24:11 - [TEST_STEP][PASSED] - TyA = Script1719551244403.GetData(x = tableA): null

26-05-2025T09:24:11 - [TEST_STEP][PASSED] - i2 = <not implemented yet for class: org.codehaus.groovy.ast.expr.EmptyExpression>: null

26-05-2025T09:24:11 - [TEST_STEP][PASSED] - i2 = x.indexOf("/") + 1: null

26-05-2025T09:24:11 - [TEST_STEP][PASSED] - x = /]", "").trim(): null

26-05-2025T09:24:11 - [TEST_STEP][PASSED] - return x: null

26-05-2025T09:24:11 - [TEST_STEP][PASSED] - println("TyA: " + TyA): null

26-05-2025T09:24:11 - [TEST_STEP][PASSED] - tableA = Script1719551244403.NewDZO(x = tableA): null

26-05-2025T09:24:11 - [TEST_STEP][PASSED] - i3 = <not implemented yet for class: org.codehaus.groovy.ast.expr.EmptyExpression>: null

26-05-2025T09:24:11 - [TEST_STEP][PASSED] - i3 = x.indexOf("/") + 1: null

26-05-2025T09:24:11 - [TEST_STEP][PASSED] - x = x.substring(i3, x.length()): null

26-05-2025T09:24:11 - [TEST_STEP][PASSED] - return x: null

26-05-2025T09:24:11 - [TEST_STEP][PASSED] - ChA = Script1719551244403.GetData(x = tableA): null

26-05-2025T09:24:11 - [TEST_STEP][PASSED] - i2 = <not implemented yet for class: org.codehaus.groovy.ast.expr.EmptyExpression>: null

26-05-2025T09:24:11 - [TEST_STEP][PASSED] - i2 = x.indexOf("/") + 1: null

26-05-2025T09:24:11 - [TEST_STEP][PASSED] - x = /]", "").trim(): null

26-05-2025T09:24:11 - [TEST_STEP][PASSED] - return x: null

26-05-2025T09:24:11 - [TEST_STEP][PASSED] - println("ChA: " + ChA): null

26-05-2025T09:24:11 - [TEST_STEP][PASSED] - tableA = Script1719551244403.NewDZO(x = tableA): null

26-05-2025T09:24:11 - [TEST_STEP][PASSED] - i3 = <not implemented yet for class: org.codehaus.groovy.ast.expr.EmptyExpression>: null

26-05-2025T09:24:11 - [TEST_STEP][PASSED] - i3 = x.indexOf("/") + 1: null

26-05-2025T09:24:11 - [TEST_STEP][PASSED] - x = x.substring(i3, x.length()): null

26-05-2025T09:24:11 - [TEST_STEP][PASSED] - return x: null

26-05-2025T09:24:11 - [TEST_STEP][PASSED] - i = tableA.indexOf("Кубань"): null

26-05-2025T09:24:11 - [TEST_STEP][PASSED] - VA = /]", "").trim(): null

26-05-2025T09:24:11 - [TEST_STEP][PASSED] - println("VA: " + VA): null

26-05-2025T09:24:11 - [TEST_STEP][PASSED] - for ([i = 1, i < 8, (i++)]): null

26-05-2025T09:24:11 - [TEST_STEP][PASSED] - tableA = Script1719551244403.NewDZO(x = tableA): null

26-05-2025T09:24:11 - [TEST_STEP][PASSED] - i3 = <not implemented yet for class: org.codehaus.groovy.ast.expr.EmptyExpression>: null

26-05-2025T09:24:11 - [TEST_STEP][PASSED] - i3 = x.indexOf("/") + 1: null

26-05-2025T09:24:11 - [TEST_STEP][PASSED] - x = x.substring(i3, x.length()): null

26-05-2025T09:24:11 - [TEST_STEP][PASSED] - return x: null

26-05-2025T09:24:11 - [TEST_STEP][PASSED] - tableA = Script1719551244403.NewDZO(x = tableA): null

26-05-2025T09:24:11 - [TEST_STEP][PASSED] - i3 = <not implemented yet for class: org.codehaus.groovy.ast.expr.EmptyExpression>: null

26-05-2025T09:24:11 - [TEST_STEP][PASSED] - i3 = x.indexOf("/") + 1: null

26-05-2025T09:24:11 - [TEST_STEP][PASSED] - x = x.substring(i3, x.length()): null

26-05-2025T09:24:11 - [TEST_STEP][PASSED] - return x: null

26-05-2025T09:24:11 - [TEST_STEP][PASSED] - tableA = Script1719551244403.NewDZO(x = tableA): null

26-05-2025T09:24:11 - [TEST_STEP][PASSED] - i3 = <not implemented yet for class: org.codehaus.groovy.ast.expr.EmptyExpression>: null

26-05-2025T09:24:11 - [TEST_STEP][PASSED] - i3 = x.indexOf("/") + 1: null

26-05-2025T09:24:11 - [TEST_STEP][PASSED] - x = x.substring(i3, x.length()): null

26-05-2025T09:24:11 - [TEST_STEP][PASSED] - return x: null

26-05-2025T09:24:11 - [TEST_STEP][PASSED] - tableA = Script1719551244403.NewDZO(x = tableA): null

26-05-2025T09:24:11 - [TEST_STEP][PASSED] - i3 = <not implemented yet for class: org.codehaus.groovy.ast.expr.EmptyExpression>: null

26-05-2025T09:24:11 - [TEST_STEP][PASSED] - i3 = x.indexOf("/") + 1: null

26-05-2025T09:24:11 - [TEST_STEP][PASSED] - x = x.substring(i3, x.length()): null

26-05-2025T09:24:11 - [TEST_STEP][PASSED] - return x: null

26-05-2025T09:24:11 - [TEST_STEP][PASSED] - tableA = Script1719551244403.NewDZO(x = tableA): null

26-05-2025T09:24:11 - [TEST_STEP][PASSED] - i3 = <not implemented yet for class: org.codehaus.groovy.ast.expr.EmptyExpression>: null

26-05-2025T09:24:11 - [TEST_STEP][PASSED] - i3 = x.indexOf("/") + 1: null

26-05-2025T09:24:11 - [TEST_STEP][PASSED] - x = x.substring(i3, x.length()): null

26-05-2025T09:24:11 - [TEST_STEP][PASSED] - return x: null

26-05-2025T09:24:11 - [TEST_STEP][PASSED] - tableA = Script1719551244403.NewDZO(x = tableA): null

26-05-2025T09:24:11 - [TEST_STEP][PASSED] - i3 = <not implemented yet for class: org.codehaus.groovy.ast.expr.EmptyExpression>: null

26-05-2025T09:24:11 - [TEST_STEP][PASSED] - i3 = x.indexOf("/") + 1: null

26-05-2025T09:24:11 - [TEST_STEP][PASSED] - x = x.substring(i3, x.length()): null

26-05-2025T09:24:11 - [TEST_STEP][PASSED] - return x: null

26-05-2025T09:24:11 - [TEST_STEP][PASSED] - tableA = Script1719551244403.NewDZO(x = tableA): null

26-05-2025T09:24:11 - [TEST_STEP][PASSED] - i3 = <not implemented yet for class: org.codehaus.groovy.ast.expr.EmptyExpression>: null

26-05-2025T09:24:11 - [TEST_STEP][PASSED] - i3 = x.indexOf("/") + 1: null

26-05-2025T09:24:11 - [TEST_STEP][PASSED] - x = x.substring(i3, x.length()): null

26-05-2025T09:24:11 - [TEST_STEP][PASSED] - return x: null

26-05-2025T09:24:11 - [TEST_STEP][PASSED] - i = tableA.indexOf("Ленэнерго"): null

26-05-2025T09:24:11 - [TEST_STEP][PASSED] - KuA = Script1719551244403.GetData(x = tableA): null

26-05-2025T09:24:11 - [TEST_STEP][PASSED] - i2 = <not implemented yet for class: org.codehaus.groovy.ast.expr.EmptyExpression>: null

26-05-2025T09:24:11 - [TEST_STEP][PASSED] - i2 = x.indexOf("/") + 1: null

26-05-2025T09:24:11 - [TEST_STEP][PASSED] - x = /]", "").trim(): null

26-05-2025T09:24:11 - [TEST_STEP][PASSED] - return x: null

26-05-2025T09:24:11 - [TEST_STEP][PASSED] - println("KuA: " + KuA): null

26-05-2025T09:24:11 - [TEST_STEP][PASSED] - tableA = Script1719551244403.NewDZO(x = tableA): null

26-05-2025T09:24:11 - [TEST_STEP][PASSED] - i3 = <not implemented yet for class: org.codehaus.groovy.ast.expr.EmptyExpression>: null

26-05-2025T09:24:11 - [TEST_STEP][PASSED] - i3 = x.indexOf("/") + 1: null

26-05-2025T09:24:11 - [TEST_STEP][PASSED] - x = x.substring(i3, x.length()): null

26-05-2025T09:24:11 - [TEST_STEP][PASSED] - return x: null

26-05-2025T09:24:11 - [TEST_STEP][PASSED] - i = tableA.indexOf("Московский"): null

26-05-2025T09:24:11 - [TEST_STEP][PASSED] - LenA = /]", "").trim(): null

26-05-2025T09:24:11 - [TEST_STEP][PASSED] - println("LenA: " + LenA): null

26-05-2025T09:24:11 - [TEST_STEP][PASSED] - tableA = Script1719551244403.NewDZO(x = tableA): null

26-05-2025T09:24:11 - [TEST_STEP][PASSED] - i3 = <not implemented yet for class: org.codehaus.groovy.ast.expr.EmptyExpression>: null

26-05-2025T09:24:11 - [TEST_STEP][PASSED] - i3 = x.indexOf("/") + 1: null

26-05-2025T09:24:11 - [TEST_STEP][PASSED] - x = x.substring(i3, x.length()): null

26-05-2025T09:24:11 - [TEST_STEP][PASSED] - return x: null

26-05-2025T09:24:11 - [TEST_STEP][PASSED] - tableA = Script1719551244403.NewDZO(x = tableA): null

26-05-2025T09:24:11 - [TEST_STEP][PASSED] - i3 = <not implemented yet for class: org.codehaus.groovy.ast.expr.EmptyExpression>: null

26-05-2025T09:24:11 - [TEST_STEP][PASSED] - i3 = x.indexOf("/") + 1: null

26-05-2025T09:24:11 - [TEST_STEP][PASSED] - x = x.substring(i3, x.length()): null

26-05-2025T09:24:11 - [TEST_STEP][PASSED] - return x: null

26-05-2025T09:24:11 - [TEST_STEP][PASSED] - i = tableA.indexOf("Кавказ"): null

26-05-2025T09:24:11 - [TEST_STEP][PASSED] - MosA = /]", "").trim(): null

26-05-2025T09:24:11 - [TEST_STEP][PASSED] - println("MosA: " + MosA): null

26-05-2025T09:24:11 - [TEST_STEP][PASSED] - for ([i = 1, i < 3, (i++)]): null

26-05-2025T09:24:11 - [TEST_STEP][PASSED] - tableA = Script1719551244403.NewDZO(x = tableA): null

26-05-2025T09:24:11 - [TEST_STEP][PASSED] - i3 = <not implemented yet for class: org.codehaus.groovy.ast.expr.EmptyExpression>: null

26-05-2025T09:24:11 - [TEST_STEP][PASSED] - i3 = x.indexOf("/") + 1: null

26-05-2025T09:24:11 - [TEST_STEP][PASSED] - x = x.substring(i3, x.length()): null

26-05-2025T09:24:11 - [TEST_STEP][PASSED] - return x: null

26-05-2025T09:24:11 - [TEST_STEP][PASSED] - tableA = Script1719551244403.NewDZO(x = tableA): null

26-05-2025T09:24:11 - [TEST_STEP][PASSED] - i3 = <not implemented yet for class: org.codehaus.groovy.ast.expr.EmptyExpression>: null

26-05-2025T09:24:11 - [TEST_STEP][PASSED] - i3 = x.indexOf("/") + 1: null

26-05-2025T09:24:11 - [TEST_STEP][PASSED] - x = x.substring(i3, x.length()): null

26-05-2025T09:24:11 - [TEST_STEP][PASSED] - return x: null

26-05-2025T09:24:11 - [TEST_STEP][PASSED] - i = tableA.indexOf("Запад") - 1: null

26-05-2025T09:24:11 - [TEST_STEP][PASSED] - SKA = /]", "").trim(): null

26-05-2025T09:24:11 - [TEST_STEP][PASSED] - println("SKA: " + SKA): null

26-05-2025T09:24:11 - [TEST_STEP][PASSED] - for ([i = 1, i < 7, (i++)]): null

26-05-2025T09:24:11 - [TEST_STEP][PASSED] - tableA = Script1719551244403.NewDZO(x = tableA): null

26-05-2025T09:24:11 - [TEST_STEP][PASSED] - i3 = <not implemented yet for class: org.codehaus.groovy.ast.expr.EmptyExpression>: null

26-05-2025T09:24:11 - [TEST_STEP][PASSED] - i3 = x.indexOf("/") + 1: null

26-05-2025T09:24:11 - [TEST_STEP][PASSED] - x = x.substring(i3, x.length()): null

26-05-2025T09:24:11 - [TEST_STEP][PASSED] - return x: null

26-05-2025T09:24:11 - [TEST_STEP][PASSED] - tableA = Script1719551244403.NewDZO(x = tableA): null

26-05-2025T09:24:11 - [TEST_STEP][PASSED] - i3 = <not implemented yet for class: org.codehaus.groovy.ast.expr.EmptyExpression>: null

26-05-2025T09:24:11 - [TEST_STEP][PASSED] - i3 = x.indexOf("/") + 1: null

26-05-2025T09:24:11 - [TEST_STEP][PASSED] - x = x.substring(i3, x.length()): null

26-05-2025T09:24:11 - [TEST_STEP][PASSED] - return x: null

26-05-2025T09:24:11 - [TEST_STEP][PASSED] - tableA = Script1719551244403.NewDZO(x = tableA): null

26-05-2025T09:24:11 - [TEST_STEP][PASSED] - i3 = <not implemented yet for class: org.codehaus.groovy.ast.expr.EmptyExpression>: null

26-05-2025T09:24:11 - [TEST_STEP][PASSED] - i3 = x.indexOf("/") + 1: null

26-05-2025T09:24:11 - [TEST_STEP][PASSED] - x = x.substring(i3, x.length()): null

26-05-2025T09:24:11 - [TEST_STEP][PASSED] - return x: null

26-05-2025T09:24:11 - [TEST_STEP][PASSED] - tableA = Script1719551244403.NewDZO(x = tableA): null

26-05-2025T09:24:11 - [TEST_STEP][PASSED] - i3 = <not implemented yet for class: org.codehaus.groovy.ast.expr.EmptyExpression>: null

26-05-2025T09:24:11 - [TEST_STEP][PASSED] - i3 = x.indexOf("/") + 1: null

26-05-2025T09:24:11 - [TEST_STEP][PASSED] - x = x.substring(i3, x.length()): null

26-05-2025T09:24:11 - [TEST_STEP][PASSED] - return x: null

26-05-2025T09:24:11 - [TEST_STEP][PASSED] - tableA = Script1719551244403.NewDZO(x = tableA): null

26-05-2025T09:24:11 - [TEST_STEP][PASSED] - i3 = <not implemented yet for class: org.codehaus.groovy.ast.expr.EmptyExpression>: null

26-05-2025T09:24:11 - [TEST_STEP][PASSED] - i3 = x.indexOf("/") + 1: null

26-05-2025T09:24:11 - [TEST_STEP][PASSED] - x = x.substring(i3, x.length()): null

26-05-2025T09:24:11 - [TEST_STEP][PASSED] - return x: null

26-05-2025T09:24:11 - [TEST_STEP][PASSED] - tableA = Script1719551244403.NewDZO(x = tableA): null

26-05-2025T09:24:11 - [TEST_STEP][PASSED] - i3 = <not implemented yet for class: org.codehaus.groovy.ast.expr.EmptyExpression>: null

26-05-2025T09:24:11 - [TEST_STEP][PASSED] - i3 = x.indexOf("/") + 1: null

26-05-2025T09:24:11 - [TEST_STEP][PASSED] - x = x.substring(i3, x.length()): null

26-05-2025T09:24:11 - [TEST_STEP][PASSED] - return x: null

26-05-2025T09:24:11 - [TEST_STEP][PASSED] - i = tableA.indexOf("Сибирь"): null

26-05-2025T09:24:11 - [TEST_STEP][PASSED] - SZA = /]", "").trim(): null

26-05-2025T09:24:11 - [TEST_STEP][PASSED] - println("SZA: " + SZA): null

26-05-2025T09:24:11 - [TEST_STEP][PASSED] - for ([i = 1, i < 8, (i++)]): null

26-05-2025T09:24:11 - [TEST_STEP][PASSED] - tableA = Script1719551244403.NewDZO(x = tableA): null

26-05-2025T09:24:11 - [TEST_STEP][PASSED] - i3 = <not implemented yet for class: org.codehaus.groovy.ast.expr.EmptyExpression>: null

26-05-2025T09:24:11 - [TEST_STEP][PASSED] - i3 = x.indexOf("/") + 1: null

26-05-2025T09:24:11 - [TEST_STEP][PASSED] - x = x.substring(i3, x.length()): null

26-05-2025T09:24:11 - [TEST_STEP][PASSED] - return x: null

26-05-2025T09:24:11 - [TEST_STEP][PASSED] - tableA = Script1719551244403.NewDZO(x = tableA): null

26-05-2025T09:24:11 - [TEST_STEP][PASSED] - i3 = <not implemented yet for class: org.codehaus.groovy.ast.expr.EmptyExpression>: null

26-05-2025T09:24:11 - [TEST_STEP][PASSED] - i3 = x.indexOf("/") + 1: null

26-05-2025T09:24:11 - [TEST_STEP][PASSED] - x = x.substring(i3, x.length()): null

26-05-2025T09:24:11 - [TEST_STEP][PASSED] - return x: null

26-05-2025T09:24:11 - [TEST_STEP][PASSED] - tableA = Script1719551244403.NewDZO(x = tableA): null

26-05-2025T09:24:11 - [TEST_STEP][PASSED] - i3 = <not implemented yet for class: org.codehaus.groovy.ast.expr.EmptyExpression>: null

26-05-2025T09:24:11 - [TEST_STEP][PASSED] - i3 = x.indexOf("/") + 1: null

26-05-2025T09:24:11 - [TEST_STEP][PASSED] - x = x.substring(i3, x.length()): null

26-05-2025T09:24:11 - [TEST_STEP][PASSED] - return x: null

26-05-2025T09:24:11 - [TEST_STEP][PASSED] - tableA = Script1719551244403.NewDZO(x = tableA): null

26-05-2025T09:24:11 - [TEST_STEP][PASSED] - i3 = <not implemented yet for class: org.codehaus.groovy.ast.expr.EmptyExpression>: null

26-05-2025T09:24:11 - [TEST_STEP][PASSED] - i3 = x.indexOf("/") + 1: null

26-05-2025T09:24:11 - [TEST_STEP][PASSED] - x = x.substring(i3, x.length()): null

26-05-2025T09:24:11 - [TEST_STEP][PASSED] - return x: null

26-05-2025T09:24:11 - [TEST_STEP][PASSED] - tableA = Script1719551244403.NewDZO(x = tableA): null

26-05-2025T09:24:11 - [TEST_STEP][PASSED] - i3 = <not implemented yet for class: org.codehaus.groovy.ast.expr.EmptyExpression>: null

26-05-2025T09:24:11 - [TEST_STEP][PASSED] - i3 = x.indexOf("/") + 1: null

26-05-2025T09:24:11 - [TEST_STEP][PASSED] - x = x.substring(i3, x.length()): null

26-05-2025T09:24:11 - [TEST_STEP][PASSED] - return x: null

26-05-2025T09:24:11 - [TEST_STEP][PASSED] - tableA = Script1719551244403.NewDZO(x = tableA): null

26-05-2025T09:24:11 - [TEST_STEP][PASSED] - i3 = <not implemented yet for class: org.codehaus.groovy.ast.expr.EmptyExpression>: null

26-05-2025T09:24:11 - [TEST_STEP][PASSED] - i3 = x.indexOf("/") + 1: null

26-05-2025T09:24:11 - [TEST_STEP][PASSED] - x = x.substring(i3, x.length()): null

26-05-2025T09:24:11 - [TEST_STEP][PASSED] - return x: null

26-05-2025T09:24:11 - [TEST_STEP][PASSED] - tableA = Script1719551244403.NewDZO(x = tableA): null

26-05-2025T09:24:11 - [TEST_STEP][PASSED] - i3 = <not implemented yet for class: org.codehaus.groovy.ast.expr.EmptyExpression>: null

26-05-2025T09:24:11 - [TEST_STEP][PASSED] - i3 = x.indexOf("/") + 1: null

26-05-2025T09:24:11 - [TEST_STEP][PASSED] - x = x.substring(i3, x.length()): null

26-05-2025T09:24:11 - [TEST_STEP][PASSED] - return x: null

26-05-2025T09:24:11 - [TEST_STEP][PASSED] - i = tableA.indexOf("Томск"): null

26-05-2025T09:24:11 - [TEST_STEP][PASSED] - SiA = /]", "").trim(): null

26-05-2025T09:24:11 - [TEST_STEP][PASSED] - println("SiA: " + SiA): null

26-05-2025T09:24:11 - [TEST_STEP][PASSED] - for ([i = 1, i < 9, (i++)]): null

26-05-2025T09:24:11 - [TEST_STEP][PASSED] - tableA = Script1719551244403.NewDZO(x = tableA): null

26-05-2025T09:24:11 - [TEST_STEP][PASSED] - i3 = <not implemented yet for class: org.codehaus.groovy.ast.expr.EmptyExpression>: null

26-05-2025T09:24:11 - [TEST_STEP][PASSED] - i3 = x.indexOf("/") + 1: null

26-05-2025T09:24:11 - [TEST_STEP][PASSED] - x = x.substring(i3, x.length()): null

26-05-2025T09:24:11 - [TEST_STEP][PASSED] - return x: null

26-05-2025T09:24:11 - [TEST_STEP][PASSED] - tableA = Script1719551244403.NewDZO(x = tableA): null

26-05-2025T09:24:11 - [TEST_STEP][PASSED] - i3 = <not implemented yet for class: org.codehaus.groovy.ast.expr.EmptyExpression>: null

26-05-2025T09:24:11 - [TEST_STEP][PASSED] - i3 = x.indexOf("/") + 1: null

26-05-2025T09:24:11 - [TEST_STEP][PASSED] - x = x.substring(i3, x.length()): null

26-05-2025T09:24:11 - [TEST_STEP][PASSED] - return x: null

26-05-2025T09:24:11 - [TEST_STEP][PASSED] - tableA = Script1719551244403.NewDZO(x = tableA): null

26-05-2025T09:24:11 - [TEST_STEP][PASSED] - i3 = <not implemented yet for class: org.codehaus.groovy.ast.expr.EmptyExpression>: null

26-05-2025T09:24:11 - [TEST_STEP][PASSED] - i3 = x.indexOf("/") + 1: null

26-05-2025T09:24:11 - [TEST_STEP][PASSED] - x = x.substring(i3, x.length()): null

26-05-2025T09:24:11 - [TEST_STEP][PASSED] - return x: null

26-05-2025T09:24:11 - [TEST_STEP][PASSED] - tableA = Script1719551244403.NewDZO(x = tableA): null

26-05-2025T09:24:11 - [TEST_STEP][PASSED] - i3 = <not implemented yet for class: org.codehaus.groovy.ast.expr.EmptyExpression>: null

26-05-2025T09:24:11 - [TEST_STEP][PASSED] - i3 = x.indexOf("/") + 1: null

26-05-2025T09:24:11 - [TEST_STEP][PASSED] - x = x.substring(i3, x.length()): null

26-05-2025T09:24:11 - [TEST_STEP][PASSED] - return x: null

26-05-2025T09:24:11 - [TEST_STEP][PASSED] - tableA = Script1719551244403.NewDZO(x = tableA): null

26-05-2025T09:24:11 - [TEST_STEP][PASSED] - i3 = <not implemented yet for class: org.codehaus.groovy.ast.expr.EmptyExpression>: null

26-05-2025T09:24:11 - [TEST_STEP][PASSED] - i3 = x.indexOf("/") + 1: null

26-05-2025T09:24:11 - [TEST_STEP][PASSED] - x = x.substring(i3, x.length()): null

26-05-2025T09:24:11 - [TEST_STEP][PASSED] - return x: null

26-05-2025T09:24:11 - [TEST_STEP][PASSED] - tableA = Script1719551244403.NewDZO(x = tableA): null

26-05-2025T09:24:11 - [TEST_STEP][PASSED] - i3 = <not implemented yet for class: org.codehaus.groovy.ast.expr.EmptyExpression>: null

26-05-2025T09:24:11 - [TEST_STEP][PASSED] - i3 = x.indexOf("/") + 1: null

26-05-2025T09:24:11 - [TEST_STEP][PASSED] - x = x.substring(i3, x.length()): null

26-05-2025T09:24:11 - [TEST_STEP][PASSED] - return x: null

26-05-2025T09:24:11 - [TEST_STEP][PASSED] - tableA = Script1719551244403.NewDZO(x = tableA): null

26-05-2025T09:24:11 - [TEST_STEP][PASSED] - i3 = <not implemented yet for class: org.codehaus.groovy.ast.expr.EmptyExpression>: null

26-05-2025T09:24:11 - [TEST_STEP][PASSED] - i3 = x.indexOf("/") + 1: null

26-05-2025T09:24:11 - [TEST_STEP][PASSED] - x = x.substring(i3, x.length()): null

26-05-2025T09:24:11 - [TEST_STEP][PASSED] - return x: null

26-05-2025T09:24:11 - [TEST_STEP][PASSED] - tableA = Script1719551244403.NewDZO(x = tableA): null

26-05-2025T09:24:11 - [TEST_STEP][PASSED] - i3 = <not implemented yet for class: org.codehaus.groovy.ast.expr.EmptyExpression>: null

26-05-2025T09:24:11 - [TEST_STEP][PASSED] - i3 = x.indexOf("/") + 1: null

26-05-2025T09:24:11 - [TEST_STEP][PASSED] - x = x.substring(i3, x.length()): null

26-05-2025T09:24:11 - [TEST_STEP][PASSED] - return x: null

26-05-2025T09:24:11 - [TEST_STEP][PASSED] - i = tableA.indexOf("Тюмень"): null

26-05-2025T09:24:11 - [TEST_STEP][PASSED] - ToA = /]", "").trim(): null

26-05-2025T09:24:11 - [TEST_STEP][PASSED] - println("ToA: " + ToA): null

26-05-2025T09:24:11 - [TEST_STEP][PASSED] - tableA = Script1719551244403.NewDZO(x = tableA): null

26-05-2025T09:24:11 - [TEST_STEP][PASSED] - i3 = <not implemented yet for class: org.codehaus.groovy.ast.expr.EmptyExpression>: null

26-05-2025T09:24:11 - [TEST_STEP][PASSED] - i3 = x.indexOf("/") + 1: null

26-05-2025T09:24:11 - [TEST_STEP][PASSED] - x = x.substring(i3, x.length()): null

26-05-2025T09:24:11 - [TEST_STEP][PASSED] - return x: null

26-05-2025T09:24:11 - [TEST_STEP][PASSED] - TyuA = /]", "").trim(): null

26-05-2025T09:24:11 - [TEST_STEP][PASSED] - println("TyuA: " + TyuA): null

26-05-2025T09:24:11 - [TEST_STEP][PASSED] - tableA = Script1719551244403.NewDZO(x = tableA): null

26-05-2025T09:24:11 - [TEST_STEP][PASSED] - i3 = <not implemented yet for class: org.codehaus.groovy.ast.expr.EmptyExpression>: null

26-05-2025T09:24:11 - [TEST_STEP][PASSED] - i3 = x.indexOf("/") + 1: null

26-05-2025T09:24:11 - [TEST_STEP][PASSED] - x = x.substring(i3, x.length()): null

26-05-2025T09:24:11 - [TEST_STEP][PASSED] - return x: null

26-05-2025T09:24:11 - [TEST_STEP][PASSED] - i = tableA.indexOf("ЕЭС"): null

26-05-2025T09:24:11 - [TEST_STEP][PASSED] - UrA = /]", "").trim(): null

26-05-2025T09:24:11 - [TEST_STEP][PASSED] - println("UrA: " + UrA): null

26-05-2025T09:24:11 - [TEST_STEP][PASSED] - for ([i = 1, i < 4, (i++)]): null

26-05-2025T09:24:11 - [TEST_STEP][PASSED] - tableA = Script1719551244403.NewDZO(x = tableA): null

26-05-2025T09:24:11 - [TEST_STEP][PASSED] - i3 = <not implemented yet for class: org.codehaus.groovy.ast.expr.EmptyExpression>: null

26-05-2025T09:24:11 - [TEST_STEP][PASSED] - i3 = x.indexOf("/") + 1: null

26-05-2025T09:24:11 - [TEST_STEP][PASSED] - x = x.substring(i3, x.length()): null

26-05-2025T09:24:11 - [TEST_STEP][PASSED] - return x: null

26-05-2025T09:24:11 - [TEST_STEP][PASSED] - tableA = Script1719551244403.NewDZO(x = tableA): null

26-05-2025T09:24:11 - [TEST_STEP][PASSED] - i3 = <not implemented yet for class: org.codehaus.groovy.ast.expr.EmptyExpression>: null

26-05-2025T09:24:11 - [TEST_STEP][PASSED] - i3 = x.indexOf("/") + 1: null

26-05-2025T09:24:11 - [TEST_STEP][PASSED] - x = x.substring(i3, x.length()): null

26-05-2025T09:24:11 - [TEST_STEP][PASSED] - return x: null

26-05-2025T09:24:11 - [TEST_STEP][PASSED] - tableA = Script1719551244403.NewDZO(x = tableA): null

26-05-2025T09:24:11 - [TEST_STEP][PASSED] - i3 = <not implemented yet for class: org.codehaus.groovy.ast.expr.EmptyExpression>: null

26-05-2025T09:24:11 - [TEST_STEP][PASSED] - i3 = x.indexOf("/") + 1: null

26-05-2025T09:24:11 - [TEST_STEP][PASSED] - x = x.substring(i3, x.length()): null

26-05-2025T09:24:11 - [TEST_STEP][PASSED] - return x: null

26-05-2025T09:24:11 - [TEST_STEP][PASSED] - i = tableA.indexOf("Центр"): null

26-05-2025T09:24:11 - [TEST_STEP][PASSED] - FSKA = /]", "").trim(): null

26-05-2025T09:24:11 - [TEST_STEP][PASSED] - println("FSKA: " + FSKA): null

26-05-2025T09:24:11 - [TEST_STEP][PASSED] - tableA = Script1719551244403.NewDZO(x = tableA): null

26-05-2025T09:24:11 - [TEST_STEP][PASSED] - i3 = <not implemented yet for class: org.codehaus.groovy.ast.expr.EmptyExpression>: null

26-05-2025T09:24:11 - [TEST_STEP][PASSED] - i3 = x.indexOf("/") + 1: null

26-05-2025T09:24:11 - [TEST_STEP][PASSED] - x = x.substring(i3, x.length()): null

26-05-2025T09:24:11 - [TEST_STEP][PASSED] - return x: null

26-05-2025T09:24:11 - [TEST_STEP][PASSED] - i = tableA.indexOf("Приволжье"): null

26-05-2025T09:24:11 - [TEST_STEP][PASSED] - CenA = /]", "").trim(): null

26-05-2025T09:24:11 - [TEST_STEP][PASSED] - println("CenA: " + CenA): null

26-05-2025T09:24:11 - [TEST_STEP][PASSED] - for ([i = 1, i < 12, (i++)]): null

26-05-2025T09:24:11 - [TEST_STEP][PASSED] - tableA = Script1719551244403.NewDZO(x = tableA): null

26-05-2025T09:24:11 - [TEST_STEP][PASSED] - i3 = <not implemented yet for class: org.codehaus.groovy.ast.expr.EmptyExpression>: null

26-05-2025T09:24:11 - [TEST_STEP][PASSED] - i3 = x.indexOf("/") + 1: null

26-05-2025T09:24:11 - [TEST_STEP][PASSED] - x = x.substring(i3, x.length()): null

26-05-2025T09:24:11 - [TEST_STEP][PASSED] - return x: null

26-05-2025T09:24:11 - [TEST_STEP][PASSED] - tableA = Script1719551244403.NewDZO(x = tableA): null

26-05-2025T09:24:11 - [TEST_STEP][PASSED] - i3 = <not implemented yet for class: org.codehaus.groovy.ast.expr.EmptyExpression>: null

26-05-2025T09:24:11 - [TEST_STEP][PASSED] - i3 = x.indexOf("/") + 1: null

26-05-2025T09:24:11 - [TEST_STEP][PASSED] - x = x.substring(i3, x.length()): null

26-05-2025T09:24:11 - [TEST_STEP][PASSED] - return x: null

26-05-2025T09:24:11 - [TEST_STEP][PASSED] - tableA = Script1719551244403.NewDZO(x = tableA): null

26-05-2025T09:24:11 - [TEST_STEP][PASSED] - i3 = <not implemented yet for class: org.codehaus.groovy.ast.expr.EmptyExpression>: null

26-05-2025T09:24:11 - [TEST_STEP][PASSED] - i3 = x.indexOf("/") + 1: null

26-05-2025T09:24:11 - [TEST_STEP][PASSED] - x = x.substring(i3, x.length()): null

26-05-2025T09:24:11 - [TEST_STEP][PASSED] - return x: null

26-05-2025T09:24:11 - [TEST_STEP][PASSED] - tableA = Script1719551244403.NewDZO(x = tableA): null

26-05-2025T09:24:11 - [TEST_STEP][PASSED] - i3 = <not implemented yet for class: org.codehaus.groovy.ast.expr.EmptyExpression>: null

26-05-2025T09:24:11 - [TEST_STEP][PASSED] - i3 = x.indexOf("/") + 1: null

26-05-2025T09:24:11 - [TEST_STEP][PASSED] - x = x.substring(i3, x.length()): null

26-05-2025T09:24:11 - [TEST_STEP][PASSED] - return x: null

26-05-2025T09:24:11 - [TEST_STEP][PASSED] - tableA = Script1719551244403.NewDZO(x = tableA): null

26-05-2025T09:24:11 - [TEST_STEP][PASSED] - i3 = <not implemented yet for class: org.codehaus.groovy.ast.expr.EmptyExpression>: null

26-05-2025T09:24:11 - [TEST_STEP][PASSED] - i3 = x.indexOf("/") + 1: null

26-05-2025T09:24:11 - [TEST_STEP][PASSED] - x = x.substring(i3, x.length()): null

26-05-2025T09:24:11 - [TEST_STEP][PASSED] - return x: null

26-05-2025T09:24:11 - [TEST_STEP][PASSED] - tableA = Script1719551244403.NewDZO(x = tableA): null

26-05-2025T09:24:11 - [TEST_STEP][PASSED] - i3 = <not implemented yet for class: org.codehaus.groovy.ast.expr.EmptyExpression>: null

26-05-2025T09:24:11 - [TEST_STEP][PASSED] - i3 = x.indexOf("/") + 1: null

26-05-2025T09:24:11 - [TEST_STEP][PASSED] - x = x.substring(i3, x.length()): null

26-05-2025T09:24:11 - [TEST_STEP][PASSED] - return x: null

26-05-2025T09:24:11 - [TEST_STEP][PASSED] - tableA = Script1719551244403.NewDZO(x = tableA): null

26-05-2025T09:24:11 - [TEST_STEP][PASSED] - i3 = <not implemented yet for class: org.codehaus.groovy.ast.expr.EmptyExpression>: null

26-05-2025T09:24:11 - [TEST_STEP][PASSED] - i3 = x.indexOf("/") + 1: null

26-05-2025T09:24:11 - [TEST_STEP][PASSED] - x = x.substring(i3, x.length()): null

26-05-2025T09:24:11 - [TEST_STEP][PASSED] - return x: null

26-05-2025T09:24:11 - [TEST_STEP][PASSED] - tableA = Script1719551244403.NewDZO(x = tableA): null

26-05-2025T09:24:11 - [TEST_STEP][PASSED] - i3 = <not implemented yet for class: org.codehaus.groovy.ast.expr.EmptyExpression>: null

26-05-2025T09:24:11 - [TEST_STEP][PASSED] - i3 = x.indexOf("/") + 1: null

26-05-2025T09:24:11 - [TEST_STEP][PASSED] - x = x.substring(i3, x.length()): null

26-05-2025T09:24:11 - [TEST_STEP][PASSED] - return x: null

26-05-2025T09:24:11 - [TEST_STEP][PASSED] - tableA = Script1719551244403.NewDZO(x = tableA): null

26-05-2025T09:24:11 - [TEST_STEP][PASSED] - i3 = <not implemented yet for class: org.codehaus.groovy.ast.expr.EmptyExpression>: null

26-05-2025T09:24:11 - [TEST_STEP][PASSED] - i3 = x.indexOf("/") + 1: null

26-05-2025T09:24:11 - [TEST_STEP][PASSED] - x = x.substring(i3, x.length()): null

26-05-2025T09:24:11 - [TEST_STEP][PASSED] - return x: null

26-05-2025T09:24:11 - [TEST_STEP][PASSED] - tableA = Script1719551244403.NewDZO(x = tableA): null

26-05-2025T09:24:11 - [TEST_STEP][PASSED] - i3 = <not implemented yet for class: org.codehaus.groovy.ast.expr.EmptyExpression>: null

26-05-2025T09:24:11 - [TEST_STEP][PASSED] - i3 = x.indexOf("/") + 1: null

26-05-2025T09:24:11 - [TEST_STEP][PASSED] - x = x.substring(i3, x.length()): null

26-05-2025T09:24:11 - [TEST_STEP][PASSED] - return x: null

26-05-2025T09:24:11 - [TEST_STEP][PASSED] - tableA = Script1719551244403.NewDZO(x = tableA): null

26-05-2025T09:24:11 - [TEST_STEP][PASSED] - i3 = <not implemented yet for class: org.codehaus.groovy.ast.expr.EmptyExpression>: null

26-05-2025T09:24:11 - [TEST_STEP][PASSED] - i3 = x.indexOf("/") + 1: null

26-05-2025T09:24:11 - [TEST_STEP][PASSED] - x = x.substring(i3, x.length()): null

26-05-2025T09:24:11 - [TEST_STEP][PASSED] - return x: null

26-05-2025T09:24:11 - [TEST_STEP][PASSED] - i = tableA.indexOf("Юг"): null

26-05-2025T09:24:11 - [TEST_STEP][PASSED] - CiPA = /]", "").trim(): null

26-05-2025T09:24:11 - [TEST_STEP][PASSED] - println("CiPA: " + CiPA): null

26-05-2025T09:24:11 - [TEST_STEP][PASSED] - for ([i = 1, i < 10, (i++)]): null

26-05-2025T09:24:11 - [TEST_STEP][PASSED] - tableA = Script1719551244403.NewDZO(x = tableA): null

26-05-2025T09:24:11 - [TEST_STEP][PASSED] - i3 = <not implemented yet for class: org.codehaus.groovy.ast.expr.EmptyExpression>: null

26-05-2025T09:24:11 - [TEST_STEP][PASSED] - i3 = x.indexOf("/") + 1: null

26-05-2025T09:24:11 - [TEST_STEP][PASSED] - x = x.substring(i3, x.length()): null

26-05-2025T09:24:11 - [TEST_STEP][PASSED] - return x: null

26-05-2025T09:24:11 - [TEST_STEP][PASSED] - tableA = Script1719551244403.NewDZO(x = tableA): null

26-05-2025T09:24:11 - [TEST_STEP][PASSED] - i3 = <not implemented yet for class: org.codehaus.groovy.ast.expr.EmptyExpression>: null

26-05-2025T09:24:11 - [TEST_STEP][PASSED] - i3 = x.indexOf("/") + 1: null

26-05-2025T09:24:11 - [TEST_STEP][PASSED] - x = x.substring(i3, x.length()): null

26-05-2025T09:24:11 - [TEST_STEP][PASSED] - return x: null

26-05-2025T09:24:11 - [TEST_STEP][PASSED] - tableA = Script1719551244403.NewDZO(x = tableA): null

26-05-2025T09:24:11 - [TEST_STEP][PASSED] - i3 = <not implemented yet for class: org.codehaus.groovy.ast.expr.EmptyExpression>: null

26-05-2025T09:24:11 - [TEST_STEP][PASSED] - i3 = x.indexOf("/") + 1: null

26-05-2025T09:24:11 - [TEST_STEP][PASSED] - x = x.substring(i3, x.length()): null

26-05-2025T09:24:11 - [TEST_STEP][PASSED] - return x: null

26-05-2025T09:24:11 - [TEST_STEP][PASSED] - tableA = Script1719551244403.NewDZO(x = tableA): null

26-05-2025T09:24:11 - [TEST_STEP][PASSED] - i3 = <not implemented yet for class: org.codehaus.groovy.ast.expr.EmptyExpression>: null

26-05-2025T09:24:11 - [TEST_STEP][PASSED] - i3 = x.indexOf("/") + 1: null

26-05-2025T09:24:11 - [TEST_STEP][PASSED] - x = x.substring(i3, x.length()): null

26-05-2025T09:24:11 - [TEST_STEP][PASSED] - return x: null

26-05-2025T09:24:11 - [TEST_STEP][PASSED] - tableA = Script1719551244403.NewDZO(x = tableA): null

26-05-2025T09:24:11 - [TEST_STEP][PASSED] - i3 = <not implemented yet for class: org.codehaus.groovy.ast.expr.EmptyExpression>: null

26-05-2025T09:24:11 - [TEST_STEP][PASSED] - i3 = x.indexOf("/") + 1: null

26-05-2025T09:24:11 - [TEST_STEP][PASSED] - x = x.substring(i3, x.length()): null

26-05-2025T09:24:11 - [TEST_STEP][PASSED] - return x: null

26-05-2025T09:24:11 - [TEST_STEP][PASSED] - tableA = Script1719551244403.NewDZO(x = tableA): null

26-05-2025T09:24:11 - [TEST_STEP][PASSED] - i3 = <not implemented yet for class: org.codehaus.groovy.ast.expr.EmptyExpression>: null

26-05-2025T09:24:11 - [TEST_STEP][PASSED] - i3 = x.indexOf("/") + 1: null

26-05-2025T09:24:11 - [TEST_STEP][PASSED] - x = x.substring(i3, x.length()): null

26-05-2025T09:24:11 - [TEST_STEP][PASSED] - return x: null

26-05-2025T09:24:11 - [TEST_STEP][PASSED] - tableA = Script1719551244403.NewDZO(x = tableA): null

26-05-2025T09:24:11 - [TEST_STEP][PASSED] - i3 = <not implemented yet for class: org.codehaus.groovy.ast.expr.EmptyExpression>: null

26-05-2025T09:24:11 - [TEST_STEP][PASSED] - i3 = x.indexOf("/") + 1: null

26-05-2025T09:24:11 - [TEST_STEP][PASSED] - x = x.substring(i3, x.length()): null

26-05-2025T09:24:11 - [TEST_STEP][PASSED] - return x: null

26-05-2025T09:24:11 - [TEST_STEP][PASSED] - tableA = Script1719551244403.NewDZO(x = tableA): null

26-05-2025T09:24:11 - [TEST_STEP][PASSED] - i3 = <not implemented yet for class: org.codehaus.groovy.ast.expr.EmptyExpression>: null

26-05-2025T09:24:11 - [TEST_STEP][PASSED] - i3 = x.indexOf("/") + 1: null

26-05-2025T09:24:11 - [TEST_STEP][PASSED] - x = x.substring(i3, x.length()): null

26-05-2025T09:24:11 - [TEST_STEP][PASSED] - return x: null

26-05-2025T09:24:11 - [TEST_STEP][PASSED] - tableA = Script1719551244403.NewDZO(x = tableA): null

26-05-2025T09:24:11 - [TEST_STEP][PASSED] - i3 = <not implemented yet for class: org.codehaus.groovy.ast.expr.EmptyExpression>: null

26-05-2025T09:24:11 - [TEST_STEP][PASSED] - i3 = x.indexOf("/") + 1: null

26-05-2025T09:24:11 - [TEST_STEP][PASSED] - x = x.substring(i3, x.length()): null

26-05-2025T09:24:11 - [TEST_STEP][PASSED] - return x: null

26-05-2025T09:24:11 - [TEST_STEP][PASSED] - i = tableA.indexOf("Янтарь"): null

26-05-2025T09:24:11 - [TEST_STEP][PASSED] - UgA = /]", "").trim(): null

26-05-2025T09:24:11 - [TEST_STEP][PASSED] - println("UgA: " + UgA): null

26-05-2025T09:24:11 - [TEST_STEP][PASSED] - i = tableA.lastIndexOf("/"): null

26-05-2025T09:24:11 - [TEST_STEP][PASSED] - YaA = /]", "").trim(): null

26-05-2025T09:24:11 - [TEST_STEP][PASSED] - println("YaA: " + YaA): null

26-05-2025T09:24:11 - [TEST_STEP][PASSED] - delay(10): Delayed 10 second(s)

26-05-2025T09:24:21 - [MESSAGE][PASSED] - Delayed 10 second(s)

26-05-2025T09:24:21 - [TEST_STEP][PASSED] - navigateToUrl(findTestData("PlanFact").getValue(10, 11)): Navigate to 'https://bi.rosseti.digital/viewer?dashboardGuid=a1fd28b3785d443cbc4d7690a1d78e31&sheetGuid=d3a0ddec2e914cb380b20dca74903099&fit=true' successfully

26-05-2025T09:24:22 - [MESSAGE][PASSED] - Navigate to 'https://bi.rosseti.digital/viewer?dashboardGuid=a1fd28b3785d443cbc4d7690a1d78e31&sheetGuid=d3a0ddec2e914cb380b20dca74903099&fit=true' successfully

26-05-2025T09:24:22 - [TEST_STEP][PASSED] - b = <not implemented yet for class: org.codehaus.groovy.ast.expr.EmptyExpression>: null

26-05-2025T09:24:22 - [TEST_STEP][PASSED] - b1 = <not implemented yet for class: org.codehaus.groovy.ast.expr.EmptyExpression>: null

26-05-2025T09:24:22 - [TEST_STEP][PASSED] - b2 = <not implemented yet for class: org.codehaus.groovy.ast.expr.EmptyExpression>: null

26-05-2025T09:24:22 - [TEST_STEP][PASSED] - click(findTestObject("Факторный анализ/Фильтр Дата Выручка")): Object: 'Object Repository/Факторный анализ/Фильтр Дата Выручка' is clicked on

26-05-2025T09:24:30 - [MESSAGE][PASSED] - Object: 'Object Repository/Факторный анализ/Фильтр Дата Выручка' is clicked on

26-05-2025T09:24:30 - [TEST_STEP][PASSED] - click(findTestObject("Факторный анализ/Снять выделение в фильтре Дата Выручка")): Object: 'Object Repository/Факторный анализ/Снять выделение в фильтре Дата Выручка' is clicked on

26-05-2025T09:24:30 - [MESSAGE][PASSED] - Object: 'Object Repository/Факторный анализ/Снять выделение в фильтре Дата Выручка' is clicked on

26-05-2025T09:24:30 - [TEST_STEP][PASSED] - click(findTestObject("Факторный анализ/Применить в фильтре Дата Выручка")): Object: 'Object Repository/Факторный анализ/Применить в фильтре Дата Выручка' is clicked on

26-05-2025T09:24:31 - [MESSAGE][PASSED] - Object: 'Object Repository/Факторный анализ/Применить в фильтре Дата Выручка' is clicked on

26-05-2025T09:24:31 - [TEST_STEP][PASSED] - delay(10): Delayed 10 second(s)

26-05-2025T09:24:41 - [MESSAGE][PASSED] - Delayed 10 second(s)

26-05-2025T09:24:41 - [TEST_STEP][PASSED] - click(findTestObject("Факторный анализ/Фильтр Дата Выручка")): Object: 'Object Repository/Факторный анализ/Фильтр Дата Выручка' is clicked on

26-05-2025T09:24:41 - [MESSAGE][PASSED] - Object: 'Object Repository/Факторный анализ/Фильтр Дата Выручка' is clicked on

26-05-2025T09:24:41 - [TEST_STEP][PASSED] - click(findTestObject("Факторный анализ/Снять выделение в фильтре Дата Выручка")): Object: 'Object Repository/Факторный анализ/Снять выделение в фильтре Дата Выручка' is clicked on

26-05-2025T09:24:42 - [MESSAGE][PASSED] - Object: 'Object Repository/Факторный анализ/Снять выделение в фильтре Дата Выручка' is clicked on

26-05-2025T09:24:42 - [TEST_STEP][PASSED] - scrollToElement(findTestObject("Факторный анализ/2025 список Выручка"), 30): Scroll to object 'Object Repository/Факторный анализ/2025 список Выручка' successfully

26-05-2025T09:24:42 - [MESSAGE][PASSED] - Scroll to object 'Object Repository/Факторный анализ/2025 список Выручка' successfully

26-05-2025T09:24:42 - [TEST_STEP][PASSED] - click(findTestObject("Факторный анализ/2025 список Выручка")): Object: 'Object Repository/Факторный анализ/2025 список Выручка' is clicked on

26-05-2025T09:24:42 - [MESSAGE][PASSED] - Object: 'Object Repository/Факторный анализ/2025 список Выручка' is clicked on

26-05-2025T09:24:42 - [TEST_STEP][PASSED] - scrollToElement(findTestObject("Факторный анализ/1 квартал 2025 список Выручка"), 30): Scroll to object 'Object Repository/Факторный анализ/1 квартал 2025 список Выручка' successfully

26-05-2025T09:24:43 - [MESSAGE][PASSED] - Scroll to object 'Object Repository/Факторный анализ/1 квартал 2025 список Выручка' successfully

26-05-2025T09:24:43 - [TEST_STEP][PASSED] - click(findTestObject("Факторный анализ/1 квартал 2025 выбрать Выручка"), CONTINUE_ON_FAILURE): Object: 'Object Repository/Факторный анализ/1 квартал 2025 выбрать Выручка' is clicked on

26-05-2025T09:24:43 - [MESSAGE][PASSED] - Object: 'Object Repository/Факторный анализ/1 квартал 2025 выбрать Выручка' is clicked on

26-05-2025T09:24:43 - [TEST_STEP][PASSED] - scrollToElement(findTestObject("Факторный анализ/Заголовок дашборда Выручка"), 30): Scroll to object 'Object Repository/Факторный анализ/Заголовок дашборда Выручка' successfully

26-05-2025T09:24:44 - [MESSAGE][PASSED] - Scroll to object 'Object Repository/Факторный анализ/Заголовок дашборда Выручка' successfully

26-05-2025T09:24:44 - [TEST_STEP][PASSED] - click(findTestObject("Факторный анализ/Применить в фильтре Дата Выручка")): Object: 'Object Repository/Факторный анализ/Применить в фильтре Дата Выручка' is clicked on

26-05-2025T09:24:44 - [MESSAGE][PASSED] - Object: 'Object Repository/Факторный анализ/Применить в фильтре Дата Выручка' is clicked on

26-05-2025T09:24:44 - [TEST_STEP][PASSED] - if (run == 1): null

26-05-2025T09:24:44 - [TEST_STEP][PASSED] - b = getText(findTestObject("Факторный анализ/Отклонения выручки по факторам Выручка")): Text of object 'Object Repository/Факторный анализ/Отклонения выручки по факторам Выручка' is: 'Период
1 кв. 2025 года
ДЗО 
Все
Подписи данных
Филиал
Месяц
Факторный анализ
ВЫБРАННЫЕ ЗНАЧЕНИЯ ФИЛЬТРОВ
ДЗО | ПЕРИОД
ПАО Россети: [«Выбраны все филиалы по всем ДЗО по всем категориям»]
2025: [Янв, Фев, Мар]
Отклонения выручки по факторам по выбранным ДЗО, руб
-10 810-10 810
4 0374 037
Отклонение (объём услуг) филиал без Nan
Отклонение (средний тариф) филиал без Nan
ПАО Россети
Всего отклонения по факторам по ПАО Россети за 1 кв. 2025 года
ДЗО
Филиал
Отклонение (объём услуг) филиал без Nan
Отклонение (средний тариф) филиал без Nan
АО "РЭС" АО "РЭС" - 245 -16
АО «Тываэнерго» АО "Тываэнерго" 39 17
АО «Чеченэнерго» АО «Чеченэнерго» -8 -19
Россети Волга Мордовэнерго - 165 -11
Оренбургэнерго - 207 -48
Пензаэнерго -61 -1
Самарские РС - 328 413
Саратовские РС - 213 -34
Ульяновские РС 96 -22
Чувашэнерго 7 36
Россети Кубань Кубаньэнерго 319 467
Россети Ленэнерго (ГК) Ленинградская область - 274 501
г. Санкт-Петербург - 135 -30
Россети Московский регион Московская область -2 728 26
г. Москва - 739 96
Россети Северный Кавказ (ГК) Дагэнерго - 409 86
Ингушэнерго - 145 41
Каббалкэнерго 55 -4
Карачаево-Черкесскэнерго 50 -22
Севкавказэнерго -5 -24
Ставропольэнерго 23 84
Россети Северо-Запад Архангельский филиал -69 52
Вологодский филиал -44 43
Карельский филиал -17 -65
Мурманский филиал 24 -84
Новгородский филиал 10 21
Псковский филиал -55 30
филиал в Республике Коми - 136 39
Россети Сибирь (ГК) Алтайэнерго 47 24
Бурятэнерго 52 -32
ГАЭС 23 4
Красноярскэнерго 299 26
Кузбассэнерго-РЭС -85 499
Омскэнерго 40 -69
Хакасэнерго -9 -53
Читаэнерго 23 88
Россети Томск Томская распределительная компания - 100 42
Россети Тюмень Россети Тюмень -2 270 - 495
Россети Урал (ГК) Пермэнерго - 357 1
Свердловэнерго - 199 -32
Челябэнерго - 323 -77
Россети ФСК ЕЭС Итого по ФСК ЕЭС - 451 2 121
Россети Центр Белгородэнерго -74 30
Брянскэнерго -66 -2
Воронежэнерго - 100 37
Костромаэнерго -73 -1
Курскэнерго -21 41
Липецкэнерго - 216 43
Орелэнерго -39 4
Смоленскэнерго -41 4
Тамбовэнерго -25 -5
Тверьэнерго - 164 -10
Ярэнерго - 130 4
Россети Центр и Приволжье (ГК) Владимирэнерго - 188 -31
Ивэнерго 4 -31
Калугаэнерго -57 41
Кировэнерго -64 14
Мариэнерго -39 29
Нижновэнерго - 287 49
Рязаньэнерго - 201 45
Тулэнерго - 131 -64
Удмуртэнерго -55 61
Россети Юг (ГК) АО «ВМЭС» -7 15
Астраханьэнерго -22 -15
Волгоградэнерго - 314 22
Калмэнерго 20 -5
Ростовэнерго 153 143
Россети Янтарь Россети Янтарь 0 0
Итого отклонения по группе компаний: -3 726 млн.руб.'

26-05-2025T09:24:45 - [MESSAGE][PASSED] - Text of object 'Object Repository/Факторный анализ/Отклонения выручки по факторам Выручка' is: 'Период
1 кв. 2025 года
ДЗО 
Все
Подписи данных
Филиал
Месяц
Факторный анализ
ВЫБРАННЫЕ ЗНАЧЕНИЯ ФИЛЬТРОВ
ДЗО | ПЕРИОД
ПАО Россети: [«Выбраны все филиалы по всем ДЗО по всем категориям»]
2025: [Янв, Фев, Мар]
Отклонения выручки по факторам по выбранным ДЗО, руб
-10 810-10 810
4 0374 037
Отклонение (объём услуг) филиал без Nan
Отклонение (средний тариф) филиал без Nan
ПАО Россети
Всего отклонения по факторам по ПАО Россети за 1 кв. 2025 года
ДЗО
Филиал
Отклонение (объём услуг) филиал без Nan
Отклонение (средний тариф) филиал без Nan
АО "РЭС" АО "РЭС" - 245 -16
АО «Тываэнерго» АО "Тываэнерго" 39 17
АО «Чеченэнерго» АО «Чеченэнерго» -8 -19
Россети Волга Мордовэнерго - 165 -11
Оренбургэнерго - 207 -48
Пензаэнерго -61 -1
Самарские РС - 328 413
Саратовские РС - 213 -34
Ульяновские РС 96 -22
Чувашэнерго 7 36
Россети Кубань Кубаньэнерго 319 467
Россети Ленэнерго (ГК) Ленинградская область - 274 501
г. Санкт-Петербург - 135 -30
Россети Московский регион Московская область -2 728 26
г. Москва - 739 96
Россети Северный Кавказ (ГК) Дагэнерго - 409 86
Ингушэнерго - 145 41
Каббалкэнерго 55 -4
Карачаево-Черкесскэнерго 50 -22
Севкавказэнерго -5 -24
Ставропольэнерго 23 84
Россети Северо-Запад Архангельский филиал -69 52
Вологодский филиал -44 43
Карельский филиал -17 -65
Мурманский филиал 24 -84
Новгородский филиал 10 21
Псковский филиал -55 30
филиал в Республике Коми - 136 39
Россети Сибирь (ГК) Алтайэнерго 47 24
Бурятэнерго 52 -32
ГАЭС 23 4
Красноярскэнерго 299 26
Кузбассэнерго-РЭС -85 499
Омскэнерго 40 -69
Хакасэнерго -9 -53
Читаэнерго 23 88
Россети Томск Томская распределительная компания - 100 42
Россети Тюмень Россети Тюмень -2 270 - 495
Россети Урал (ГК) Пермэнерго - 357 1
Свердловэнерго - 199 -32
Челябэнерго - 323 -77
Россети ФСК ЕЭС Итого по ФСК ЕЭС - 451 2 121
Россети Центр Белгородэнерго -74 30
Брянскэнерго -66 -2
Воронежэнерго - 100 37
Костромаэнерго -73 -1
Курскэнерго -21 41
Липецкэнерго - 216 43
Орелэнерго -39 4
Смоленскэнерго -41 4
Тамбовэнерго -25 -5
Тверьэнерго - 164 -10
Ярэнерго - 130 4
Россети Центр и Приволжье (ГК) Владимирэнерго - 188 -31
Ивэнерго 4 -31
Калугаэнерго -57 41
Кировэнерго -64 14
Мариэнерго -39 29
Нижновэнерго - 287 49
Рязаньэнерго - 201 45
Тулэнерго - 131 -64
Удмуртэнерго -55 61
Россети Юг (ГК) АО «ВМЭС» -7 15
Астраханьэнерго -22 -15
Волгоградэнерго - 314 22
Калмэнерго 20 -5
Ростовэнерго 153 143
Россети Янтарь Россети Янтарь 0 0
Итого отклонения по группе компаний: -3 726 млн.руб.'

26-05-2025T09:24:45 - [TEST_STEP][PASSED] - i = b.indexOf("ДЗО, руб") + 8: null

26-05-2025T09:24:45 - [TEST_STEP][PASSED] - if (i > -1): null

26-05-2025T09:24:45 - [TEST_STEP][PASSED] - b = b.substring(i, b.length()): null

26-05-2025T09:24:45 - [TEST_STEP][PASSED] - i = b.indexOf("Отклонение"): null

26-05-2025T09:24:45 - [TEST_STEP][PASSED] - if (i > -1): null

26-05-2025T09:24:45 - [TEST_STEP][PASSED] - b = substring(0, i).trim(): null

26-05-2025T09:24:45 - [TEST_STEP][PASSED] - b = b.replaceAll("[\r?
|
]", "/"): null

26-05-2025T09:24:45 - [TEST_STEP][PASSED] - println("b: " + b): null

26-05-2025T09:24:45 - [TEST_STEP][PASSED] - i = b.indexOf("/"): null

26-05-2025T09:24:45 - [TEST_STEP][PASSED] - if (i > -1): null

26-05-2025T09:24:45 - [TEST_STEP][PASSED] - b1 = b.substring(0, i): null

26-05-2025T09:24:45 - [TEST_STEP][PASSED] - println("b1: " + b1): null

26-05-2025T09:24:45 - [TEST_STEP][PASSED] - b2 = b.substring(b1.length() + 1, b.length()): null

26-05-2025T09:24:46 - [TEST_STEP][PASSED] - println("b2: " + b2): null

26-05-2025T09:24:46 - [TEST_STEP][PASSED] - i = b1.length() / 2: null

26-05-2025T09:24:46 - [TEST_STEP][PASSED] - if (i > -1): null

26-05-2025T09:24:46 - [TEST_STEP][PASSED] - b1 = replaceAll("\s+", "").trim(): null

26-05-2025T09:24:46 - [TEST_STEP][PASSED] - println("b1: " + b1): null

26-05-2025T09:24:46 - [TEST_STEP][PASSED] - i = b2.length() / 2: null

26-05-2025T09:24:46 - [TEST_STEP][PASSED] - if (i > -1): null

26-05-2025T09:24:46 - [TEST_STEP][PASSED] - b2 = replaceAll("\s+", "").trim(): null

26-05-2025T09:24:46 - [TEST_STEP][PASSED] - println("b2: " + b2): null

26-05-2025T09:24:46 - [TEST_STEP][PASSED] - vidget = "Отклонения выручки по факторам": null

26-05-2025T09:24:46 - [TEST_STEP][PASSED] - DZO = "ПАО Россети": null

26-05-2025T09:24:46 - [TEST_STEP][PASSED] - typeOfData = "Отклонение (объём услуг)": null

26-05-2025T09:24:46 - [TEST_STEP][PASSED] - Script1719551244403.Compare(x = a1, y = b1, run, typeOfData, otobrajeniyeDannyh, todaysDate, vidget, DZO): null

26-05-2025T09:24:46 - [TEST_STEP][PASSED] - if (verifyEqual(x, y) == true): Actual object '-10810' and expected object '-10810' are equal

26-05-2025T09:24:46 - [MESSAGE][PASSED] - Actual object '-10810' and expected object '-10810' are equal

26-05-2025T09:24:46 - [TEST_STEP][PASSED] - typeOfData = "Отклонение (средний тариф)": null

26-05-2025T09:24:46 - [TEST_STEP][PASSED] - Script1719551244403.Compare(x = a2, y = b2, run, typeOfData, otobrajeniyeDannyh, todaysDate, vidget, DZO): null

26-05-2025T09:24:46 - [TEST_STEP][PASSED] - if (verifyEqual(x, y) == true): Actual object '4037' and expected object '4037' are equal

26-05-2025T09:24:46 - [MESSAGE][PASSED] - Actual object '4037' and expected object '4037' are equal

26-05-2025T09:24:46 - [TEST_STEP][PASSED] - tableB = getText(findTestObject("Факторный анализ/AllTable1 Выручка")).replaceAll("[\r?
|
]", "/"): Text of object 'Object Repository/Факторный анализ/AllTable1 Выручка' is: 'ДЗО
Филиал
Отклонение (объём услуг) филиал без Nan
Отклонение (средний тариф) филиал без Nan
АО "РЭС" АО "РЭС" - 245 -16
АО «Тываэнерго» АО "Тываэнерго" 39 17
АО «Чеченэнерго» АО «Чеченэнерго» -8 -19
Россети Волга Мордовэнерго - 165 -11
Оренбургэнерго - 207 -48
Пензаэнерго -61 -1
Самарские РС - 328 413
Саратовские РС - 213 -34
Ульяновские РС 96 -22
Чувашэнерго 7 36
Россети Кубань Кубаньэнерго 319 467
Россети Ленэнерго (ГК) Ленинградская область - 274 501
г. Санкт-Петербург - 135 -30
Россети Московский регион Московская область -2 728 26
г. Москва - 739 96
Россети Северный Кавказ (ГК) Дагэнерго - 409 86
Ингушэнерго - 145 41
Каббалкэнерго 55 -4
Карачаево-Черкесскэнерго 50 -22
Севкавказэнерго -5 -24
Ставропольэнерго 23 84
Россети Северо-Запад Архангельский филиал -69 52
Вологодский филиал -44 43
Карельский филиал -17 -65
Мурманский филиал 24 -84
Новгородский филиал 10 21
Псковский филиал -55 30
филиал в Республике Коми - 136 39
Россети Сибирь (ГК) Алтайэнерго 47 24
Бурятэнерго 52 -32
ГАЭС 23 4
Красноярскэнерго 299 26
Кузбассэнерго-РЭС -85 499
Омскэнерго 40 -69
Хакасэнерго -9 -53
Читаэнерго 23 88
Россети Томск Томская распределительная компания - 100 42
Россети Тюмень Россети Тюмень -2 270 - 495
Россети Урал (ГК) Пермэнерго - 357 1
Свердловэнерго - 199 -32
Челябэнерго - 323 -77
Россети ФСК ЕЭС Итого по ФСК ЕЭС - 451 2 121
Россети Центр Белгородэнерго -74 30
Брянскэнерго -66 -2
Воронежэнерго - 100 37
Костромаэнерго -73 -1
Курскэнерго -21 41
Липецкэнерго - 216 43
Орелэнерго -39 4
Смоленскэнерго -41 4
Тамбовэнерго -25 -5
Тверьэнерго - 164 -10
Ярэнерго - 130 4
Россети Центр и Приволжье (ГК) Владимирэнерго - 188 -31
Ивэнерго 4 -31
Калугаэнерго -57 41
Кировэнерго -64 14
Мариэнерго -39 29
Нижновэнерго - 287 49
Рязаньэнерго - 201 45
Тулэнерго - 131 -64
Удмуртэнерго -55 61
Россети Юг (ГК) АО «ВМЭС» -7 15
Астраханьэнерго -22 -15
Волгоградэнерго - 314 22
Калмэнерго 20 -5
Ростовэнерго 153 143
Россети Янтарь Россети Янтарь 0 0'

26-05-2025T09:24:46 - [MESSAGE][PASSED] - Text of object 'Object Repository/Факторный анализ/AllTable1 Выручка' is: 'ДЗО
Филиал
Отклонение (объём услуг) филиал без Nan
Отклонение (средний тариф) филиал без Nan
АО "РЭС" АО "РЭС" - 245 -16
АО «Тываэнерго» АО "Тываэнерго" 39 17
АО «Чеченэнерго» АО «Чеченэнерго» -8 -19
Россети Волга Мордовэнерго - 165 -11
Оренбургэнерго - 207 -48
Пензаэнерго -61 -1
Самарские РС - 328 413
Саратовские РС - 213 -34
Ульяновские РС 96 -22
Чувашэнерго 7 36
Россети Кубань Кубаньэнерго 319 467
Россети Ленэнерго (ГК) Ленинградская область - 274 501
г. Санкт-Петербург - 135 -30
Россети Московский регион Московская область -2 728 26
г. Москва - 739 96
Россети Северный Кавказ (ГК) Дагэнерго - 409 86
Ингушэнерго - 145 41
Каббалкэнерго 55 -4
Карачаево-Черкесскэнерго 50 -22
Севкавказэнерго -5 -24
Ставропольэнерго 23 84
Россети Северо-Запад Архангельский филиал -69 52
Вологодский филиал -44 43
Карельский филиал -17 -65
Мурманский филиал 24 -84
Новгородский филиал 10 21
Псковский филиал -55 30
филиал в Республике Коми - 136 39
Россети Сибирь (ГК) Алтайэнерго 47 24
Бурятэнерго 52 -32
ГАЭС 23 4
Красноярскэнерго 299 26
Кузбассэнерго-РЭС -85 499
Омскэнерго 40 -69
Хакасэнерго -9 -53
Читаэнерго 23 88
Россети Томск Томская распределительная компания - 100 42
Россети Тюмень Россети Тюмень -2 270 - 495
Россети Урал (ГК) Пермэнерго - 357 1
Свердловэнерго - 199 -32
Челябэнерго - 323 -77
Россети ФСК ЕЭС Итого по ФСК ЕЭС - 451 2 121
Россети Центр Белгородэнерго -74 30
Брянскэнерго -66 -2
Воронежэнерго - 100 37
Костромаэнерго -73 -1
Курскэнерго -21 41
Липецкэнерго - 216 43
Орелэнерго -39 4
Смоленскэнерго -41 4
Тамбовэнерго -25 -5
Тверьэнерго - 164 -10
Ярэнерго - 130 4
Россети Центр и Приволжье (ГК) Владимирэнерго - 188 -31
Ивэнерго 4 -31
Калугаэнерго -57 41
Кировэнерго -64 14
Мариэнерго -39 29
Нижновэнерго - 287 49
Рязаньэнерго - 201 45
Тулэнерго - 131 -64
Удмуртэнерго -55 61
Россети Юг (ГК) АО «ВМЭС» -7 15
Астраханьэнерго -22 -15
Волгоградэнерго - 314 22
Калмэнерго 20 -5
Ростовэнерго 153 143
Россети Янтарь Россети Янтарь 0 0'

26-05-2025T09:24:46 - [TEST_STEP][PASSED] - println("tableB: " + tableB): null

26-05-2025T09:24:46 - [TEST_STEP][PASSED] - for ([i = 1, i < 5, (i++)]): null

26-05-2025T09:24:46 - [TEST_STEP][PASSED] - ii = tableB.indexOf("/") + 1: null

26-05-2025T09:24:46 - [TEST_STEP][PASSED] - tableB = tableB.substring(ii, tableB.length()): null

26-05-2025T09:24:46 - [TEST_STEP][PASSED] - ii = tableB.indexOf("/") + 1: null

26-05-2025T09:24:46 - [TEST_STEP][PASSED] - tableB = tableB.substring(ii, tableB.length()): null

26-05-2025T09:24:46 - [TEST_STEP][PASSED] - ii = tableB.indexOf("/") + 1: null

26-05-2025T09:24:46 - [TEST_STEP][PASSED] - tableB = tableB.substring(ii, tableB.length()): null

26-05-2025T09:24:46 - [TEST_STEP][PASSED] - ii = tableB.indexOf("/") + 1: null

26-05-2025T09:24:46 - [TEST_STEP][PASSED] - tableB = tableB.substring(ii, tableB.length()): null

26-05-2025T09:24:46 - [TEST_STEP][PASSED] - println("tableB: " + tableB): null

26-05-2025T09:24:46 - [TEST_STEP][PASSED] - ResB = Script1719551244403.GetData(x = tableB): null

26-05-2025T09:24:46 - [TEST_STEP][PASSED] - i2 = <not implemented yet for class: org.codehaus.groovy.ast.expr.EmptyExpression>: null

26-05-2025T09:24:46 - [TEST_STEP][PASSED] - i2 = x.indexOf("/") + 1: null

26-05-2025T09:24:46 - [TEST_STEP][PASSED] - x = /]", "").trim(): null

26-05-2025T09:24:46 - [TEST_STEP][PASSED] - return x: null

26-05-2025T09:24:46 - [TEST_STEP][PASSED] - println("ResB: " + ResB): null

26-05-2025T09:24:46 - [TEST_STEP][PASSED] - tableB = Script1719551244403.NewDZO(x = tableB): null

26-05-2025T09:24:46 - [TEST_STEP][PASSED] - i3 = <not implemented yet for class: org.codehaus.groovy.ast.expr.EmptyExpression>: null

26-05-2025T09:24:46 - [TEST_STEP][PASSED] - i3 = x.indexOf("/") + 1: null

26-05-2025T09:24:46 - [TEST_STEP][PASSED] - x = x.substring(i3, x.length()): null

26-05-2025T09:24:46 - [TEST_STEP][PASSED] - return x: null

26-05-2025T09:24:46 - [TEST_STEP][PASSED] - TyB = Script1719551244403.GetData(x = tableB): null

26-05-2025T09:24:46 - [TEST_STEP][PASSED] - i2 = <not implemented yet for class: org.codehaus.groovy.ast.expr.EmptyExpression>: null

26-05-2025T09:24:46 - [TEST_STEP][PASSED] - i2 = x.indexOf("/") + 1: null

26-05-2025T09:24:46 - [TEST_STEP][PASSED] - x = /]", "").trim(): null

26-05-2025T09:24:46 - [TEST_STEP][PASSED] - return x: null

26-05-2025T09:24:46 - [TEST_STEP][PASSED] - println("TyB: " + TyB): null

26-05-2025T09:24:46 - [TEST_STEP][PASSED] - tableB = Script1719551244403.NewDZO(x = tableB): null

26-05-2025T09:24:46 - [TEST_STEP][PASSED] - i3 = <not implemented yet for class: org.codehaus.groovy.ast.expr.EmptyExpression>: null

26-05-2025T09:24:46 - [TEST_STEP][PASSED] - i3 = x.indexOf("/") + 1: null

26-05-2025T09:24:46 - [TEST_STEP][PASSED] - x = x.substring(i3, x.length()): null

26-05-2025T09:24:46 - [TEST_STEP][PASSED] - return x: null

26-05-2025T09:24:46 - [TEST_STEP][PASSED] - ChB = Script1719551244403.GetData(x = tableB): null

26-05-2025T09:24:46 - [TEST_STEP][PASSED] - i2 = <not implemented yet for class: org.codehaus.groovy.ast.expr.EmptyExpression>: null

26-05-2025T09:24:46 - [TEST_STEP][PASSED] - i2 = x.indexOf("/") + 1: null

26-05-2025T09:24:46 - [TEST_STEP][PASSED] - x = /]", "").trim(): null

26-05-2025T09:24:46 - [TEST_STEP][PASSED] - return x: null

26-05-2025T09:24:46 - [TEST_STEP][PASSED] - println("ChB: " + ChB): null

26-05-2025T09:24:46 - [TEST_STEP][PASSED] - tableB = Script1719551244403.NewDZO(x = tableB): null

26-05-2025T09:24:46 - [TEST_STEP][PASSED] - i3 = <not implemented yet for class: org.codehaus.groovy.ast.expr.EmptyExpression>: null

26-05-2025T09:24:46 - [TEST_STEP][PASSED] - i3 = x.indexOf("/") + 1: null

26-05-2025T09:24:46 - [TEST_STEP][PASSED] - x = x.substring(i3, x.length()): null

26-05-2025T09:24:46 - [TEST_STEP][PASSED] - return x: null

26-05-2025T09:24:46 - [TEST_STEP][PASSED] - i = tableB.indexOf("Кубань"): null

26-05-2025T09:24:46 - [TEST_STEP][PASSED] - VB = /]", "").trim(): null

26-05-2025T09:24:46 - [TEST_STEP][PASSED] - println("VB: " + VB): null

26-05-2025T09:24:46 - [TEST_STEP][PASSED] - for ([i = 1, i < 8, (i++)]): null

26-05-2025T09:24:46 - [TEST_STEP][PASSED] - tableB = Script1719551244403.NewDZO(x = tableB): null

26-05-2025T09:24:46 - [TEST_STEP][PASSED] - i3 = <not implemented yet for class: org.codehaus.groovy.ast.expr.EmptyExpression>: null

26-05-2025T09:24:46 - [TEST_STEP][PASSED] - i3 = x.indexOf("/") + 1: null

26-05-2025T09:24:46 - [TEST_STEP][PASSED] - x = x.substring(i3, x.length()): null

26-05-2025T09:24:46 - [TEST_STEP][PASSED] - return x: null

26-05-2025T09:24:46 - [TEST_STEP][PASSED] - tableB = Script1719551244403.NewDZO(x = tableB): null

26-05-2025T09:24:46 - [TEST_STEP][PASSED] - i3 = <not implemented yet for class: org.codehaus.groovy.ast.expr.EmptyExpression>: null

26-05-2025T09:24:46 - [TEST_STEP][PASSED] - i3 = x.indexOf("/") + 1: null

26-05-2025T09:24:46 - [TEST_STEP][PASSED] - x = x.substring(i3, x.length()): null

26-05-2025T09:24:46 - [TEST_STEP][PASSED] - return x: null

26-05-2025T09:24:46 - [TEST_STEP][PASSED] - tableB = Script1719551244403.NewDZO(x = tableB): null

26-05-2025T09:24:46 - [TEST_STEP][PASSED] - i3 = <not implemented yet for class: org.codehaus.groovy.ast.expr.EmptyExpression>: null

26-05-2025T09:24:46 - [TEST_STEP][PASSED] - i3 = x.indexOf("/") + 1: null

26-05-2025T09:24:46 - [TEST_STEP][PASSED] - x = x.substring(i3, x.length()): null

26-05-2025T09:24:46 - [TEST_STEP][PASSED] - return x: null

26-05-2025T09:24:46 - [TEST_STEP][PASSED] - tableB = Script1719551244403.NewDZO(x = tableB): null

26-05-2025T09:24:46 - [TEST_STEP][PASSED] - i3 = <not implemented yet for class: org.codehaus.groovy.ast.expr.EmptyExpression>: null

26-05-2025T09:24:46 - [TEST_STEP][PASSED] - i3 = x.indexOf("/") + 1: null

26-05-2025T09:24:46 - [TEST_STEP][PASSED] - x = x.substring(i3, x.length()): null

26-05-2025T09:24:46 - [TEST_STEP][PASSED] - return x: null

26-05-2025T09:24:46 - [TEST_STEP][PASSED] - tableB = Script1719551244403.NewDZO(x = tableB): null

26-05-2025T09:24:46 - [TEST_STEP][PASSED] - i3 = <not implemented yet for class: org.codehaus.groovy.ast.expr.EmptyExpression>: null

26-05-2025T09:24:46 - [TEST_STEP][PASSED] - i3 = x.indexOf("/") + 1: null

26-05-2025T09:24:46 - [TEST_STEP][PASSED] - x = x.substring(i3, x.length()): null

26-05-2025T09:24:46 - [TEST_STEP][PASSED] - return x: null

26-05-2025T09:24:46 - [TEST_STEP][PASSED] - tableB = Script1719551244403.NewDZO(x = tableB): null

26-05-2025T09:24:46 - [TEST_STEP][PASSED] - i3 = <not implemented yet for class: org.codehaus.groovy.ast.expr.EmptyExpression>: null

26-05-2025T09:24:46 - [TEST_STEP][PASSED] - i3 = x.indexOf("/") + 1: null

26-05-2025T09:24:46 - [TEST_STEP][PASSED] - x = x.substring(i3, x.length()): null

26-05-2025T09:24:46 - [TEST_STEP][PASSED] - return x: null

26-05-2025T09:24:46 - [TEST_STEP][PASSED] - tableB = Script1719551244403.NewDZO(x = tableB): null

26-05-2025T09:24:46 - [TEST_STEP][PASSED] - i3 = <not implemented yet for class: org.codehaus.groovy.ast.expr.EmptyExpression>: null

26-05-2025T09:24:46 - [TEST_STEP][PASSED] - i3 = x.indexOf("/") + 1: null

26-05-2025T09:24:46 - [TEST_STEP][PASSED] - x = x.substring(i3, x.length()): null

26-05-2025T09:24:46 - [TEST_STEP][PASSED] - return x: null

26-05-2025T09:24:46 - [TEST_STEP][PASSED] - i = tableB.indexOf("Ленэнерго"): null

26-05-2025T09:24:46 - [TEST_STEP][PASSED] - KuB = Script1719551244403.GetData(x = tableB): null

26-05-2025T09:24:46 - [TEST_STEP][PASSED] - i2 = <not implemented yet for class: org.codehaus.groovy.ast.expr.EmptyExpression>: null

26-05-2025T09:24:46 - [TEST_STEP][PASSED] - i2 = x.indexOf("/") + 1: null

26-05-2025T09:24:46 - [TEST_STEP][PASSED] - x = /]", "").trim(): null

26-05-2025T09:24:46 - [TEST_STEP][PASSED] - return x: null

26-05-2025T09:24:46 - [TEST_STEP][PASSED] - println("KuB: " + KuB): null

26-05-2025T09:24:46 - [TEST_STEP][PASSED] - tableB = Script1719551244403.NewDZO(x = tableB): null

26-05-2025T09:24:46 - [TEST_STEP][PASSED] - i3 = <not implemented yet for class: org.codehaus.groovy.ast.expr.EmptyExpression>: null

26-05-2025T09:24:46 - [TEST_STEP][PASSED] - i3 = x.indexOf("/") + 1: null

26-05-2025T09:24:46 - [TEST_STEP][PASSED] - x = x.substring(i3, x.length()): null

26-05-2025T09:24:46 - [TEST_STEP][PASSED] - return x: null

26-05-2025T09:24:46 - [TEST_STEP][PASSED] - i = tableB.indexOf("Московский"): null

26-05-2025T09:24:46 - [TEST_STEP][PASSED] - LenB = /]", "").trim(): null

26-05-2025T09:24:46 - [TEST_STEP][PASSED] - println("LenB: " + LenB): null

26-05-2025T09:24:46 - [TEST_STEP][PASSED] - tableB = Script1719551244403.NewDZO(x = tableB): null

26-05-2025T09:24:46 - [TEST_STEP][PASSED] - i3 = <not implemented yet for class: org.codehaus.groovy.ast.expr.EmptyExpression>: null

26-05-2025T09:24:46 - [TEST_STEP][PASSED] - i3 = x.indexOf("/") + 1: null

26-05-2025T09:24:46 - [TEST_STEP][PASSED] - x = x.substring(i3, x.length()): null

26-05-2025T09:24:46 - [TEST_STEP][PASSED] - return x: null

26-05-2025T09:24:46 - [TEST_STEP][PASSED] - tableB = Script1719551244403.NewDZO(x = tableB): null

26-05-2025T09:24:46 - [TEST_STEP][PASSED] - i3 = <not implemented yet for class: org.codehaus.groovy.ast.expr.EmptyExpression>: null

26-05-2025T09:24:46 - [TEST_STEP][PASSED] - i3 = x.indexOf("/") + 1: null

26-05-2025T09:24:46 - [TEST_STEP][PASSED] - x = x.substring(i3, x.length()): null

26-05-2025T09:24:46 - [TEST_STEP][PASSED] - return x: null

26-05-2025T09:24:46 - [TEST_STEP][PASSED] - i = tableB.indexOf("Кавказ"): null

26-05-2025T09:24:46 - [TEST_STEP][PASSED] - MosB = /]", "").trim(): null

26-05-2025T09:24:46 - [TEST_STEP][PASSED] - println("MosB: " + MosB): null

26-05-2025T09:24:46 - [TEST_STEP][PASSED] - for ([i = 1, i < 3, (i++)]): null

26-05-2025T09:24:46 - [TEST_STEP][PASSED] - tableB = Script1719551244403.NewDZO(x = tableB): null

26-05-2025T09:24:46 - [TEST_STEP][PASSED] - i3 = <not implemented yet for class: org.codehaus.groovy.ast.expr.EmptyExpression>: null

26-05-2025T09:24:46 - [TEST_STEP][PASSED] - i3 = x.indexOf("/") + 1: null

26-05-2025T09:24:46 - [TEST_STEP][PASSED] - x = x.substring(i3, x.length()): null

26-05-2025T09:24:46 - [TEST_STEP][PASSED] - return x: null

26-05-2025T09:24:46 - [TEST_STEP][PASSED] - tableB = Script1719551244403.NewDZO(x = tableB): null

26-05-2025T09:24:46 - [TEST_STEP][PASSED] - i3 = <not implemented yet for class: org.codehaus.groovy.ast.expr.EmptyExpression>: null

26-05-2025T09:24:46 - [TEST_STEP][PASSED] - i3 = x.indexOf("/") + 1: null

26-05-2025T09:24:46 - [TEST_STEP][PASSED] - x = x.substring(i3, x.length()): null

26-05-2025T09:24:46 - [TEST_STEP][PASSED] - return x: null

26-05-2025T09:24:46 - [TEST_STEP][PASSED] - i = tableB.indexOf("Запад") - 1: null

26-05-2025T09:24:46 - [TEST_STEP][PASSED] - SKB = /]", "").trim(): null

26-05-2025T09:24:46 - [TEST_STEP][PASSED] - println("SKB: " + SKB): null

26-05-2025T09:24:46 - [TEST_STEP][PASSED] - for ([i = 1, i < 7, (i++)]): null

26-05-2025T09:24:46 - [TEST_STEP][PASSED] - tableB = Script1719551244403.NewDZO(x = tableB): null

26-05-2025T09:24:46 - [TEST_STEP][PASSED] - i3 = <not implemented yet for class: org.codehaus.groovy.ast.expr.EmptyExpression>: null

26-05-2025T09:24:46 - [TEST_STEP][PASSED] - i3 = x.indexOf("/") + 1: null

26-05-2025T09:24:46 - [TEST_STEP][PASSED] - x = x.substring(i3, x.length()): null

26-05-2025T09:24:46 - [TEST_STEP][PASSED] - return x: null

26-05-2025T09:24:46 - [TEST_STEP][PASSED] - tableB = Script1719551244403.NewDZO(x = tableB): null

26-05-2025T09:24:46 - [TEST_STEP][PASSED] - i3 = <not implemented yet for class: org.codehaus.groovy.ast.expr.EmptyExpression>: null

26-05-2025T09:24:46 - [TEST_STEP][PASSED] - i3 = x.indexOf("/") + 1: null

26-05-2025T09:24:46 - [TEST_STEP][PASSED] - x = x.substring(i3, x.length()): null

26-05-2025T09:24:46 - [TEST_STEP][PASSED] - return x: null

26-05-2025T09:24:46 - [TEST_STEP][PASSED] - tableB = Script1719551244403.NewDZO(x = tableB): null

26-05-2025T09:24:46 - [TEST_STEP][PASSED] - i3 = <not implemented yet for class: org.codehaus.groovy.ast.expr.EmptyExpression>: null

26-05-2025T09:24:46 - [TEST_STEP][PASSED] - i3 = x.indexOf("/") + 1: null

26-05-2025T09:24:46 - [TEST_STEP][PASSED] - x = x.substring(i3, x.length()): null

26-05-2025T09:24:46 - [TEST_STEP][PASSED] - return x: null

26-05-2025T09:24:46 - [TEST_STEP][PASSED] - tableB = Script1719551244403.NewDZO(x = tableB): null

26-05-2025T09:24:46 - [TEST_STEP][PASSED] - i3 = <not implemented yet for class: org.codehaus.groovy.ast.expr.EmptyExpression>: null

26-05-2025T09:24:46 - [TEST_STEP][PASSED] - i3 = x.indexOf("/") + 1: null

26-05-2025T09:24:46 - [TEST_STEP][PASSED] - x = x.substring(i3, x.length()): null

26-05-2025T09:24:46 - [TEST_STEP][PASSED] - return x: null

26-05-2025T09:24:46 - [TEST_STEP][PASSED] - tableB = Script1719551244403.NewDZO(x = tableB): null

26-05-2025T09:24:46 - [TEST_STEP][PASSED] - i3 = <not implemented yet for class: org.codehaus.groovy.ast.expr.EmptyExpression>: null

26-05-2025T09:24:46 - [TEST_STEP][PASSED] - i3 = x.indexOf("/") + 1: null

26-05-2025T09:24:46 - [TEST_STEP][PASSED] - x = x.substring(i3, x.length()): null

26-05-2025T09:24:46 - [TEST_STEP][PASSED] - return x: null

26-05-2025T09:24:46 - [TEST_STEP][PASSED] - tableB = Script1719551244403.NewDZO(x = tableB): null

26-05-2025T09:24:46 - [TEST_STEP][PASSED] - i3 = <not implemented yet for class: org.codehaus.groovy.ast.expr.EmptyExpression>: null

26-05-2025T09:24:46 - [TEST_STEP][PASSED] - i3 = x.indexOf("/") + 1: null

26-05-2025T09:24:46 - [TEST_STEP][PASSED] - x = x.substring(i3, x.length()): null

26-05-2025T09:24:46 - [TEST_STEP][PASSED] - return x: null

26-05-2025T09:24:46 - [TEST_STEP][PASSED] - i = tableB.indexOf("Сибирь"): null

26-05-2025T09:24:46 - [TEST_STEP][PASSED] - SZB = /]", "").trim(): null

26-05-2025T09:24:46 - [TEST_STEP][PASSED] - println("SZB: " + SZB): null

26-05-2025T09:24:46 - [TEST_STEP][PASSED] - for ([i = 1, i < 8, (i++)]): null

26-05-2025T09:24:46 - [TEST_STEP][PASSED] - tableB = Script1719551244403.NewDZO(x = tableB): null

26-05-2025T09:24:46 - [TEST_STEP][PASSED] - i3 = <not implemented yet for class: org.codehaus.groovy.ast.expr.EmptyExpression>: null

26-05-2025T09:24:46 - [TEST_STEP][PASSED] - i3 = x.indexOf("/") + 1: null

26-05-2025T09:24:46 - [TEST_STEP][PASSED] - x = x.substring(i3, x.length()): null

26-05-2025T09:24:46 - [TEST_STEP][PASSED] - return x: null

26-05-2025T09:24:46 - [TEST_STEP][PASSED] - tableB = Script1719551244403.NewDZO(x = tableB): null

26-05-2025T09:24:46 - [TEST_STEP][PASSED] - i3 = <not implemented yet for class: org.codehaus.groovy.ast.expr.EmptyExpression>: null

26-05-2025T09:24:46 - [TEST_STEP][PASSED] - i3 = x.indexOf("/") + 1: null

26-05-2025T09:24:46 - [TEST_STEP][PASSED] - x = x.substring(i3, x.length()): null

26-05-2025T09:24:46 - [TEST_STEP][PASSED] - return x: null

26-05-2025T09:24:46 - [TEST_STEP][PASSED] - tableB = Script1719551244403.NewDZO(x = tableB): null

26-05-2025T09:24:46 - [TEST_STEP][PASSED] - i3 = <not implemented yet for class: org.codehaus.groovy.ast.expr.EmptyExpression>: null

26-05-2025T09:24:46 - [TEST_STEP][PASSED] - i3 = x.indexOf("/") + 1: null

26-05-2025T09:24:46 - [TEST_STEP][PASSED] - x = x.substring(i3, x.length()): null

26-05-2025T09:24:46 - [TEST_STEP][PASSED] - return x: null

26-05-2025T09:24:46 - [TEST_STEP][PASSED] - tableB = Script1719551244403.NewDZO(x = tableB): null

26-05-2025T09:24:46 - [TEST_STEP][PASSED] - i3 = <not implemented yet for class: org.codehaus.groovy.ast.expr.EmptyExpression>: null

26-05-2025T09:24:46 - [TEST_STEP][PASSED] - i3 = x.indexOf("/") + 1: null

26-05-2025T09:24:46 - [TEST_STEP][PASSED] - x = x.substring(i3, x.length()): null

26-05-2025T09:24:46 - [TEST_STEP][PASSED] - return x: null

26-05-2025T09:24:46 - [TEST_STEP][PASSED] - tableB = Script1719551244403.NewDZO(x = tableB): null

26-05-2025T09:24:46 - [TEST_STEP][PASSED] - i3 = <not implemented yet for class: org.codehaus.groovy.ast.expr.EmptyExpression>: null

26-05-2025T09:24:46 - [TEST_STEP][PASSED] - i3 = x.indexOf("/") + 1: null

26-05-2025T09:24:46 - [TEST_STEP][PASSED] - x = x.substring(i3, x.length()): null

26-05-2025T09:24:46 - [TEST_STEP][PASSED] - return x: null

26-05-2025T09:24:46 - [TEST_STEP][PASSED] - tableB = Script1719551244403.NewDZO(x = tableB): null

26-05-2025T09:24:46 - [TEST_STEP][PASSED] - i3 = <not implemented yet for class: org.codehaus.groovy.ast.expr.EmptyExpression>: null

26-05-2025T09:24:46 - [TEST_STEP][PASSED] - i3 = x.indexOf("/") + 1: null

26-05-2025T09:24:46 - [TEST_STEP][PASSED] - x = x.substring(i3, x.length()): null

26-05-2025T09:24:46 - [TEST_STEP][PASSED] - return x: null

26-05-2025T09:24:46 - [TEST_STEP][PASSED] - tableB = Script1719551244403.NewDZO(x = tableB): null

26-05-2025T09:24:46 - [TEST_STEP][PASSED] - i3 = <not implemented yet for class: org.codehaus.groovy.ast.expr.EmptyExpression>: null

26-05-2025T09:24:46 - [TEST_STEP][PASSED] - i3 = x.indexOf("/") + 1: null

26-05-2025T09:24:46 - [TEST_STEP][PASSED] - x = x.substring(i3, x.length()): null

26-05-2025T09:24:46 - [TEST_STEP][PASSED] - return x: null

26-05-2025T09:24:46 - [TEST_STEP][PASSED] - i = tableB.indexOf("Томск"): null

26-05-2025T09:24:46 - [TEST_STEP][PASSED] - SiB = /]", "").trim(): null

26-05-2025T09:24:46 - [TEST_STEP][PASSED] - println("SiB: " + SiB): null

26-05-2025T09:24:46 - [TEST_STEP][PASSED] - for ([i = 1, i < 9, (i++)]): null

26-05-2025T09:24:46 - [TEST_STEP][PASSED] - tableB = Script1719551244403.NewDZO(x = tableB): null

26-05-2025T09:24:46 - [TEST_STEP][PASSED] - i3 = <not implemented yet for class: org.codehaus.groovy.ast.expr.EmptyExpression>: null

26-05-2025T09:24:46 - [TEST_STEP][PASSED] - i3 = x.indexOf("/") + 1: null

26-05-2025T09:24:46 - [TEST_STEP][PASSED] - x = x.substring(i3, x.length()): null

26-05-2025T09:24:46 - [TEST_STEP][PASSED] - return x: null

26-05-2025T09:24:46 - [TEST_STEP][PASSED] - tableB = Script1719551244403.NewDZO(x = tableB): null

26-05-2025T09:24:46 - [TEST_STEP][PASSED] - i3 = <not implemented yet for class: org.codehaus.groovy.ast.expr.EmptyExpression>: null

26-05-2025T09:24:46 - [TEST_STEP][PASSED] - i3 = x.indexOf("/") + 1: null

26-05-2025T09:24:46 - [TEST_STEP][PASSED] - x = x.substring(i3, x.length()): null

26-05-2025T09:24:46 - [TEST_STEP][PASSED] - return x: null

26-05-2025T09:24:46 - [TEST_STEP][PASSED] - tableB = Script1719551244403.NewDZO(x = tableB): null

26-05-2025T09:24:46 - [TEST_STEP][PASSED] - i3 = <not implemented yet for class: org.codehaus.groovy.ast.expr.EmptyExpression>: null

26-05-2025T09:24:46 - [TEST_STEP][PASSED] - i3 = x.indexOf("/") + 1: null

26-05-2025T09:24:46 - [TEST_STEP][PASSED] - x = x.substring(i3, x.length()): null

26-05-2025T09:24:46 - [TEST_STEP][PASSED] - return x: null

26-05-2025T09:24:46 - [TEST_STEP][PASSED] - tableB = Script1719551244403.NewDZO(x = tableB): null

26-05-2025T09:24:46 - [TEST_STEP][PASSED] - i3 = <not implemented yet for class: org.codehaus.groovy.ast.expr.EmptyExpression>: null

26-05-2025T09:24:46 - [TEST_STEP][PASSED] - i3 = x.indexOf("/") + 1: null

26-05-2025T09:24:46 - [TEST_STEP][PASSED] - x = x.substring(i3, x.length()): null

26-05-2025T09:24:46 - [TEST_STEP][PASSED] - return x: null

26-05-2025T09:24:46 - [TEST_STEP][PASSED] - tableB = Script1719551244403.NewDZO(x = tableB): null

26-05-2025T09:24:46 - [TEST_STEP][PASSED] - i3 = <not implemented yet for class: org.codehaus.groovy.ast.expr.EmptyExpression>: null

26-05-2025T09:24:46 - [TEST_STEP][PASSED] - i3 = x.indexOf("/") + 1: null

26-05-2025T09:24:46 - [TEST_STEP][PASSED] - x = x.substring(i3, x.length()): null

26-05-2025T09:24:46 - [TEST_STEP][PASSED] - return x: null

26-05-2025T09:24:46 - [TEST_STEP][PASSED] - tableB = Script1719551244403.NewDZO(x = tableB): null

26-05-2025T09:24:46 - [TEST_STEP][PASSED] - i3 = <not implemented yet for class: org.codehaus.groovy.ast.expr.EmptyExpression>: null

26-05-2025T09:24:46 - [TEST_STEP][PASSED] - i3 = x.indexOf("/") + 1: null

26-05-2025T09:24:46 - [TEST_STEP][PASSED] - x = x.substring(i3, x.length()): null

26-05-2025T09:24:46 - [TEST_STEP][PASSED] - return x: null

26-05-2025T09:24:46 - [TEST_STEP][PASSED] - tableB = Script1719551244403.NewDZO(x = tableB): null

26-05-2025T09:24:46 - [TEST_STEP][PASSED] - i3 = <not implemented yet for class: org.codehaus.groovy.ast.expr.EmptyExpression>: null

26-05-2025T09:24:46 - [TEST_STEP][PASSED] - i3 = x.indexOf("/") + 1: null

26-05-2025T09:24:46 - [TEST_STEP][PASSED] - x = x.substring(i3, x.length()): null

26-05-2025T09:24:46 - [TEST_STEP][PASSED] - return x: null

26-05-2025T09:24:46 - [TEST_STEP][PASSED] - tableB = Script1719551244403.NewDZO(x = tableB): null

26-05-2025T09:24:46 - [TEST_STEP][PASSED] - i3 = <not implemented yet for class: org.codehaus.groovy.ast.expr.EmptyExpression>: null

26-05-2025T09:24:46 - [TEST_STEP][PASSED] - i3 = x.indexOf("/") + 1: null

26-05-2025T09:24:46 - [TEST_STEP][PASSED] - x = x.substring(i3, x.length()): null

26-05-2025T09:24:46 - [TEST_STEP][PASSED] - return x: null

26-05-2025T09:24:46 - [TEST_STEP][PASSED] - i = tableB.indexOf("Тюмень"): null

26-05-2025T09:24:46 - [TEST_STEP][PASSED] - ToB = /]", "").trim(): null

26-05-2025T09:24:46 - [TEST_STEP][PASSED] - println("ToB: " + ToB): null

26-05-2025T09:24:46 - [TEST_STEP][PASSED] - tableB = Script1719551244403.NewDZO(x = tableB): null

26-05-2025T09:24:46 - [TEST_STEP][PASSED] - i3 = <not implemented yet for class: org.codehaus.groovy.ast.expr.EmptyExpression>: null

26-05-2025T09:24:46 - [TEST_STEP][PASSED] - i3 = x.indexOf("/") + 1: null

26-05-2025T09:24:46 - [TEST_STEP][PASSED] - x = x.substring(i3, x.length()): null

26-05-2025T09:24:46 - [TEST_STEP][PASSED] - return x: null

26-05-2025T09:24:46 - [TEST_STEP][PASSED] - TyuB = /]", "").trim(): null

26-05-2025T09:24:46 - [TEST_STEP][PASSED] - println("TyuB: " + TyuB): null

26-05-2025T09:24:46 - [TEST_STEP][PASSED] - tableB = Script1719551244403.NewDZO(x = tableB): null

26-05-2025T09:24:46 - [TEST_STEP][PASSED] - i3 = <not implemented yet for class: org.codehaus.groovy.ast.expr.EmptyExpression>: null

26-05-2025T09:24:46 - [TEST_STEP][PASSED] - i3 = x.indexOf("/") + 1: null

26-05-2025T09:24:46 - [TEST_STEP][PASSED] - x = x.substring(i3, x.length()): null

26-05-2025T09:24:46 - [TEST_STEP][PASSED] - return x: null

26-05-2025T09:24:46 - [TEST_STEP][PASSED] - i = tableB.indexOf("ЕЭС"): null

26-05-2025T09:24:46 - [TEST_STEP][PASSED] - UrB = /]", "").trim(): null

26-05-2025T09:24:46 - [TEST_STEP][PASSED] - println("UrB: " + UrB): null

26-05-2025T09:24:46 - [TEST_STEP][PASSED] - for ([i = 1, i < 4, (i++)]): null

26-05-2025T09:24:46 - [TEST_STEP][PASSED] - tableB = Script1719551244403.NewDZO(x = tableB): null

26-05-2025T09:24:46 - [TEST_STEP][PASSED] - i3 = <not implemented yet for class: org.codehaus.groovy.ast.expr.EmptyExpression>: null

26-05-2025T09:24:46 - [TEST_STEP][PASSED] - i3 = x.indexOf("/") + 1: null

26-05-2025T09:24:46 - [TEST_STEP][PASSED] - x = x.substring(i3, x.length()): null

26-05-2025T09:24:46 - [TEST_STEP][PASSED] - return x: null

26-05-2025T09:24:46 - [TEST_STEP][PASSED] - tableB = Script1719551244403.NewDZO(x = tableB): null

26-05-2025T09:24:46 - [TEST_STEP][PASSED] - i3 = <not implemented yet for class: org.codehaus.groovy.ast.expr.EmptyExpression>: null

26-05-2025T09:24:46 - [TEST_STEP][PASSED] - i3 = x.indexOf("/") + 1: null

26-05-2025T09:24:46 - [TEST_STEP][PASSED] - x = x.substring(i3, x.length()): null

26-05-2025T09:24:46 - [TEST_STEP][PASSED] - return x: null

26-05-2025T09:24:46 - [TEST_STEP][PASSED] - tableB = Script1719551244403.NewDZO(x = tableB): null

26-05-2025T09:24:46 - [TEST_STEP][PASSED] - i3 = <not implemented yet for class: org.codehaus.groovy.ast.expr.EmptyExpression>: null

26-05-2025T09:24:46 - [TEST_STEP][PASSED] - i3 = x.indexOf("/") + 1: null

26-05-2025T09:24:46 - [TEST_STEP][PASSED] - x = x.substring(i3, x.length()): null

26-05-2025T09:24:46 - [TEST_STEP][PASSED] - return x: null

26-05-2025T09:24:46 - [TEST_STEP][PASSED] - i = tableB.indexOf("Центр"): null

26-05-2025T09:24:46 - [TEST_STEP][PASSED] - FSKB = /]", "").trim(): null

26-05-2025T09:24:46 - [TEST_STEP][PASSED] - println("FSKB: " + FSKB): null

26-05-2025T09:24:46 - [TEST_STEP][PASSED] - tableB = Script1719551244403.NewDZO(x = tableB): null

26-05-2025T09:24:46 - [TEST_STEP][PASSED] - i3 = <not implemented yet for class: org.codehaus.groovy.ast.expr.EmptyExpression>: null

26-05-2025T09:24:46 - [TEST_STEP][PASSED] - i3 = x.indexOf("/") + 1: null

26-05-2025T09:24:46 - [TEST_STEP][PASSED] - x = x.substring(i3, x.length()): null

26-05-2025T09:24:46 - [TEST_STEP][PASSED] - return x: null

26-05-2025T09:24:46 - [TEST_STEP][PASSED] - i = tableB.indexOf("Приволжье"): null

26-05-2025T09:24:46 - [TEST_STEP][PASSED] - CenB = /]", "").trim(): null

26-05-2025T09:24:46 - [TEST_STEP][PASSED] - println("CenB: " + CenB): null

26-05-2025T09:24:46 - [TEST_STEP][PASSED] - for ([i = 1, i < 12, (i++)]): null

26-05-2025T09:24:46 - [TEST_STEP][PASSED] - tableB = Script1719551244403.NewDZO(x = tableB): null

26-05-2025T09:24:46 - [TEST_STEP][PASSED] - i3 = <not implemented yet for class: org.codehaus.groovy.ast.expr.EmptyExpression>: null

26-05-2025T09:24:46 - [TEST_STEP][PASSED] - i3 = x.indexOf("/") + 1: null

26-05-2025T09:24:46 - [TEST_STEP][PASSED] - x = x.substring(i3, x.length()): null

26-05-2025T09:24:46 - [TEST_STEP][PASSED] - return x: null

26-05-2025T09:24:46 - [TEST_STEP][PASSED] - tableB = Script1719551244403.NewDZO(x = tableB): null

26-05-2025T09:24:46 - [TEST_STEP][PASSED] - i3 = <not implemented yet for class: org.codehaus.groovy.ast.expr.EmptyExpression>: null

26-05-2025T09:24:46 - [TEST_STEP][PASSED] - i3 = x.indexOf("/") + 1: null

26-05-2025T09:24:46 - [TEST_STEP][PASSED] - x = x.substring(i3, x.length()): null

26-05-2025T09:24:46 - [TEST_STEP][PASSED] - return x: null

26-05-2025T09:24:46 - [TEST_STEP][PASSED] - tableB = Script1719551244403.NewDZO(x = tableB): null

26-05-2025T09:24:46 - [TEST_STEP][PASSED] - i3 = <not implemented yet for class: org.codehaus.groovy.ast.expr.EmptyExpression>: null

26-05-2025T09:24:46 - [TEST_STEP][PASSED] - i3 = x.indexOf("/") + 1: null

26-05-2025T09:24:46 - [TEST_STEP][PASSED] - x = x.substring(i3, x.length()): null

26-05-2025T09:24:46 - [TEST_STEP][PASSED] - return x: null

26-05-2025T09:24:46 - [TEST_STEP][PASSED] - tableB = Script1719551244403.NewDZO(x = tableB): null

26-05-2025T09:24:46 - [TEST_STEP][PASSED] - i3 = <not implemented yet for class: org.codehaus.groovy.ast.expr.EmptyExpression>: null

26-05-2025T09:24:46 - [TEST_STEP][PASSED] - i3 = x.indexOf("/") + 1: null

26-05-2025T09:24:46 - [TEST_STEP][PASSED] - x = x.substring(i3, x.length()): null

26-05-2025T09:24:46 - [TEST_STEP][PASSED] - return x: null

26-05-2025T09:24:46 - [TEST_STEP][PASSED] - tableB = Script1719551244403.NewDZO(x = tableB): null

26-05-2025T09:24:46 - [TEST_STEP][PASSED] - i3 = <not implemented yet for class: org.codehaus.groovy.ast.expr.EmptyExpression>: null

26-05-2025T09:24:46 - [TEST_STEP][PASSED] - i3 = x.indexOf("/") + 1: null

26-05-2025T09:24:46 - [TEST_STEP][PASSED] - x = x.substring(i3, x.length()): null

26-05-2025T09:24:46 - [TEST_STEP][PASSED] - return x: null

26-05-2025T09:24:46 - [TEST_STEP][PASSED] - tableB = Script1719551244403.NewDZO(x = tableB): null

26-05-2025T09:24:46 - [TEST_STEP][PASSED] - i3 = <not implemented yet for class: org.codehaus.groovy.ast.expr.EmptyExpression>: null

26-05-2025T09:24:46 - [TEST_STEP][PASSED] - i3 = x.indexOf("/") + 1: null

26-05-2025T09:24:46 - [TEST_STEP][PASSED] - x = x.substring(i3, x.length()): null

26-05-2025T09:24:46 - [TEST_STEP][PASSED] - return x: null

26-05-2025T09:24:46 - [TEST_STEP][PASSED] - tableB = Script1719551244403.NewDZO(x = tableB): null

26-05-2025T09:24:46 - [TEST_STEP][PASSED] - i3 = <not implemented yet for class: org.codehaus.groovy.ast.expr.EmptyExpression>: null

26-05-2025T09:24:46 - [TEST_STEP][PASSED] - i3 = x.indexOf("/") + 1: null

26-05-2025T09:24:46 - [TEST_STEP][PASSED] - x = x.substring(i3, x.length()): null

26-05-2025T09:24:46 - [TEST_STEP][PASSED] - return x: null

26-05-2025T09:24:46 - [TEST_STEP][PASSED] - tableB = Script1719551244403.NewDZO(x = tableB): null

26-05-2025T09:24:46 - [TEST_STEP][PASSED] - i3 = <not implemented yet for class: org.codehaus.groovy.ast.expr.EmptyExpression>: null

26-05-2025T09:24:46 - [TEST_STEP][PASSED] - i3 = x.indexOf("/") + 1: null

26-05-2025T09:24:46 - [TEST_STEP][PASSED] - x = x.substring(i3, x.length()): null

26-05-2025T09:24:46 - [TEST_STEP][PASSED] - return x: null

26-05-2025T09:24:46 - [TEST_STEP][PASSED] - tableB = Script1719551244403.NewDZO(x = tableB): null

26-05-2025T09:24:46 - [TEST_STEP][PASSED] - i3 = <not implemented yet for class: org.codehaus.groovy.ast.expr.EmptyExpression>: null

26-05-2025T09:24:46 - [TEST_STEP][PASSED] - i3 = x.indexOf("/") + 1: null

26-05-2025T09:24:46 - [TEST_STEP][PASSED] - x = x.substring(i3, x.length()): null

26-05-2025T09:24:46 - [TEST_STEP][PASSED] - return x: null

26-05-2025T09:24:46 - [TEST_STEP][PASSED] - tableB = Script1719551244403.NewDZO(x = tableB): null

26-05-2025T09:24:46 - [TEST_STEP][PASSED] - i3 = <not implemented yet for class: org.codehaus.groovy.ast.expr.EmptyExpression>: null

26-05-2025T09:24:46 - [TEST_STEP][PASSED] - i3 = x.indexOf("/") + 1: null

26-05-2025T09:24:46 - [TEST_STEP][PASSED] - x = x.substring(i3, x.length()): null

26-05-2025T09:24:46 - [TEST_STEP][PASSED] - return x: null

26-05-2025T09:24:46 - [TEST_STEP][PASSED] - tableB = Script1719551244403.NewDZO(x = tableB): null

26-05-2025T09:24:46 - [TEST_STEP][PASSED] - i3 = <not implemented yet for class: org.codehaus.groovy.ast.expr.EmptyExpression>: null

26-05-2025T09:24:46 - [TEST_STEP][PASSED] - i3 = x.indexOf("/") + 1: null

26-05-2025T09:24:46 - [TEST_STEP][PASSED] - x = x.substring(i3, x.length()): null

26-05-2025T09:24:46 - [TEST_STEP][PASSED] - return x: null

26-05-2025T09:24:46 - [TEST_STEP][PASSED] - i = tableB.indexOf("Юг"): null

26-05-2025T09:24:46 - [TEST_STEP][PASSED] - CiPB = /]", "").trim(): null

26-05-2025T09:24:46 - [TEST_STEP][PASSED] - println("CiPB: " + CiPB): null

26-05-2025T09:24:46 - [TEST_STEP][PASSED] - for ([i = 1, i < 10, (i++)]): null

26-05-2025T09:24:46 - [TEST_STEP][PASSED] - tableB = Script1719551244403.NewDZO(x = tableB): null

26-05-2025T09:24:46 - [TEST_STEP][PASSED] - i3 = <not implemented yet for class: org.codehaus.groovy.ast.expr.EmptyExpression>: null

26-05-2025T09:24:46 - [TEST_STEP][PASSED] - i3 = x.indexOf("/") + 1: null

26-05-2025T09:24:46 - [TEST_STEP][PASSED] - x = x.substring(i3, x.length()): null

26-05-2025T09:24:46 - [TEST_STEP][PASSED] - return x: null

26-05-2025T09:24:46 - [TEST_STEP][PASSED] - tableB = Script1719551244403.NewDZO(x = tableB): null

26-05-2025T09:24:46 - [TEST_STEP][PASSED] - i3 = <not implemented yet for class: org.codehaus.groovy.ast.expr.EmptyExpression>: null

26-05-2025T09:24:46 - [TEST_STEP][PASSED] - i3 = x.indexOf("/") + 1: null

26-05-2025T09:24:46 - [TEST_STEP][PASSED] - x = x.substring(i3, x.length()): null

26-05-2025T09:24:46 - [TEST_STEP][PASSED] - return x: null

26-05-2025T09:24:46 - [TEST_STEP][PASSED] - tableB = Script1719551244403.NewDZO(x = tableB): null

26-05-2025T09:24:46 - [TEST_STEP][PASSED] - i3 = <not implemented yet for class: org.codehaus.groovy.ast.expr.EmptyExpression>: null

26-05-2025T09:24:46 - [TEST_STEP][PASSED] - i3 = x.indexOf("/") + 1: null

26-05-2025T09:24:46 - [TEST_STEP][PASSED] - x = x.substring(i3, x.length()): null

26-05-2025T09:24:46 - [TEST_STEP][PASSED] - return x: null

26-05-2025T09:24:46 - [TEST_STEP][PASSED] - tableB = Script1719551244403.NewDZO(x = tableB): null

26-05-2025T09:24:46 - [TEST_STEP][PASSED] - i3 = <not implemented yet for class: org.codehaus.groovy.ast.expr.EmptyExpression>: null

26-05-2025T09:24:46 - [TEST_STEP][PASSED] - i3 = x.indexOf("/") + 1: null

26-05-2025T09:24:46 - [TEST_STEP][PASSED] - x = x.substring(i3, x.length()): null

26-05-2025T09:24:46 - [TEST_STEP][PASSED] - return x: null

26-05-2025T09:24:46 - [TEST_STEP][PASSED] - tableB = Script1719551244403.NewDZO(x = tableB): null

26-05-2025T09:24:46 - [TEST_STEP][PASSED] - i3 = <not implemented yet for class: org.codehaus.groovy.ast.expr.EmptyExpression>: null

26-05-2025T09:24:46 - [TEST_STEP][PASSED] - i3 = x.indexOf("/") + 1: null

26-05-2025T09:24:46 - [TEST_STEP][PASSED] - x = x.substring(i3, x.length()): null

26-05-2025T09:24:46 - [TEST_STEP][PASSED] - return x: null

26-05-2025T09:24:46 - [TEST_STEP][PASSED] - tableB = Script1719551244403.NewDZO(x = tableB): null

26-05-2025T09:24:46 - [TEST_STEP][PASSED] - i3 = <not implemented yet for class: org.codehaus.groovy.ast.expr.EmptyExpression>: null

26-05-2025T09:24:46 - [TEST_STEP][PASSED] - i3 = x.indexOf("/") + 1: null

26-05-2025T09:24:46 - [TEST_STEP][PASSED] - x = x.substring(i3, x.length()): null

26-05-2025T09:24:46 - [TEST_STEP][PASSED] - return x: null

26-05-2025T09:24:46 - [TEST_STEP][PASSED] - tableB = Script1719551244403.NewDZO(x = tableB): null

26-05-2025T09:24:46 - [TEST_STEP][PASSED] - i3 = <not implemented yet for class: org.codehaus.groovy.ast.expr.EmptyExpression>: null

26-05-2025T09:24:46 - [TEST_STEP][PASSED] - i3 = x.indexOf("/") + 1: null

26-05-2025T09:24:46 - [TEST_STEP][PASSED] - x = x.substring(i3, x.length()): null

26-05-2025T09:24:46 - [TEST_STEP][PASSED] - return x: null

26-05-2025T09:24:46 - [TEST_STEP][PASSED] - tableB = Script1719551244403.NewDZO(x = tableB): null

26-05-2025T09:24:46 - [TEST_STEP][PASSED] - i3 = <not implemented yet for class: org.codehaus.groovy.ast.expr.EmptyExpression>: null

26-05-2025T09:24:46 - [TEST_STEP][PASSED] - i3 = x.indexOf("/") + 1: null

26-05-2025T09:24:46 - [TEST_STEP][PASSED] - x = x.substring(i3, x.length()): null

26-05-2025T09:24:46 - [TEST_STEP][PASSED] - return x: null

26-05-2025T09:24:46 - [TEST_STEP][PASSED] - tableB = Script1719551244403.NewDZO(x = tableB): null

26-05-2025T09:24:46 - [TEST_STEP][PASSED] - i3 = <not implemented yet for class: org.codehaus.groovy.ast.expr.EmptyExpression>: null

26-05-2025T09:24:46 - [TEST_STEP][PASSED] - i3 = x.indexOf("/") + 1: null

26-05-2025T09:24:46 - [TEST_STEP][PASSED] - x = x.substring(i3, x.length()): null

26-05-2025T09:24:46 - [TEST_STEP][PASSED] - return x: null

26-05-2025T09:24:46 - [TEST_STEP][PASSED] - i = tableB.indexOf("Янтарь"): null

26-05-2025T09:24:46 - [TEST_STEP][PASSED] - UgB = /]", "").trim(): null

26-05-2025T09:24:46 - [TEST_STEP][PASSED] - println("UgB: " + UgB): null

26-05-2025T09:24:46 - [TEST_STEP][PASSED] - i = tableB.lastIndexOf("/"): null

26-05-2025T09:24:46 - [TEST_STEP][PASSED] - YaB = /]", "").trim(): null

26-05-2025T09:24:46 - [TEST_STEP][PASSED] - println("YaB: " + YaB): null

26-05-2025T09:24:46 - [TEST_STEP][PASSED] - vidget = "Отклонения выручки по факторам": null

26-05-2025T09:24:46 - [TEST_STEP][PASSED] - if (run == 2): null

26-05-2025T09:24:46 - [TEST_STEP][PASSED] - Script1719551244403.Test(run, todaysDate, typeOfData, otobrajeniyeDannyh, x, y, vidget, DZO): null

26-05-2025T09:24:46 - [TEST_STEP][PASSED] - navigateToUrl(findTestData("PlanFact").getValue(10, 3)): Navigate to 'https://bi.rosseti.digital/viewer?dashboardGuid=2301950b23be4ed89c1df75f2020051e&sheetGuid=ccd7d7486b3d4e6fa0ee9b1eaebed46c&fit=true' successfully

26-05-2025T09:24:46 - [MESSAGE][PASSED] - Navigate to 'https://bi.rosseti.digital/viewer?dashboardGuid=2301950b23be4ed89c1df75f2020051e&sheetGuid=ccd7d7486b3d4e6fa0ee9b1eaebed46c&fit=true' successfully

26-05-2025T09:24:46 - [TEST_STEP][PASSED] - Script1719551244403.Autorization(run): null

26-05-2025T09:24:46 - [TEST_STEP][PASSED] - delay(10): Delayed 10 second(s)

26-05-2025T09:24:56 - [MESSAGE][PASSED] - Delayed 10 second(s)

26-05-2025T09:24:56 - [TEST_STEP][PASSED] - if (run == 1): null

26-05-2025T09:24:56 - [TEST_STEP][PASSED] - i = <not implemented yet for class: org.codehaus.groovy.ast.expr.EmptyExpression>: null

26-05-2025T09:24:56 - [TEST_STEP][PASSED] - ii = <not implemented yet for class: org.codehaus.groovy.ast.expr.EmptyExpression>: null

26-05-2025T09:24:56 - [TEST_STEP][PASSED] - a = <not implemented yet for class: org.codehaus.groovy.ast.expr.EmptyExpression>: null

26-05-2025T09:24:56 - [TEST_STEP][PASSED] - a1 = <not implemented yet for class: org.codehaus.groovy.ast.expr.EmptyExpression>: null

26-05-2025T09:24:56 - [TEST_STEP][PASSED] - a2 = <not implemented yet for class: org.codehaus.groovy.ast.expr.EmptyExpression>: null

26-05-2025T09:24:56 - [TEST_STEP][PASSED] - click(findTestObject("Факторный анализ/Фильтр Период")): Object: 'Object Repository/Факторный анализ/Фильтр Период' is clicked on

26-05-2025T09:24:57 - [MESSAGE][PASSED] - Object: 'Object Repository/Факторный анализ/Фильтр Период' is clicked on

26-05-2025T09:24:57 - [TEST_STEP][PASSED] - click(findTestObject("Факторный анализ/Снять выделение в фильтре Дата")): Object: 'Object Repository/Факторный анализ/Снять выделение в фильтре Дата' is clicked on

26-05-2025T09:24:57 - [MESSAGE][PASSED] - Object: 'Object Repository/Факторный анализ/Снять выделение в фильтре Дата' is clicked on

26-05-2025T09:24:57 - [TEST_STEP][PASSED] - click(findTestObject("Факторный анализ/Применить в фильтре Дата")): Object: 'Object Repository/Факторный анализ/Применить в фильтре Дата' is clicked on

26-05-2025T09:24:58 - [MESSAGE][PASSED] - Object: 'Object Repository/Факторный анализ/Применить в фильтре Дата' is clicked on

26-05-2025T09:24:58 - [TEST_STEP][PASSED] - delay(10): Delayed 10 second(s)

26-05-2025T09:25:08 - [MESSAGE][PASSED] - Delayed 10 second(s)

26-05-2025T09:25:08 - [TEST_STEP][PASSED] - click(findTestObject("Факторный анализ/Фильтр Период")): Object: 'Object Repository/Факторный анализ/Фильтр Период' is clicked on

26-05-2025T09:25:08 - [MESSAGE][PASSED] - Object: 'Object Repository/Факторный анализ/Фильтр Период' is clicked on

26-05-2025T09:25:08 - [TEST_STEP][PASSED] - click(findTestObject("Факторный анализ/Снять выделение в фильтре Дата")): Object: 'Object Repository/Факторный анализ/Снять выделение в фильтре Дата' is clicked on

26-05-2025T09:25:09 - [MESSAGE][PASSED] - Object: 'Object Repository/Факторный анализ/Снять выделение в фильтре Дата' is clicked on

26-05-2025T09:25:09 - [TEST_STEP][PASSED] - scrollToElement(findTestObject("Факторный анализ/2025 список"), 30): Scroll to object 'Object Repository/Факторный анализ/2025 список' successfully

26-05-2025T09:25:09 - [MESSAGE][PASSED] - Scroll to object 'Object Repository/Факторный анализ/2025 список' successfully

26-05-2025T09:25:09 - [TEST_STEP][PASSED] - click(findTestObject("Факторный анализ/2025 список")): Object: 'Object Repository/Факторный анализ/2025 список' is clicked on

26-05-2025T09:25:09 - [MESSAGE][PASSED] - Object: 'Object Repository/Факторный анализ/2025 список' is clicked on

26-05-2025T09:25:09 - [TEST_STEP][PASSED] - scrollToElement(findTestObject("Факторный анализ/1 квартал 2025 список"), 30): Scroll to object 'Object Repository/Факторный анализ/1 квартал 2025 список' successfully

26-05-2025T09:25:10 - [MESSAGE][PASSED] - Scroll to object 'Object Repository/Факторный анализ/1 квартал 2025 список' successfully

26-05-2025T09:25:10 - [TEST_STEP][PASSED] - click(findTestObject("Факторный анализ/1 квартал 2025 выбрать"), CONTINUE_ON_FAILURE): Object: 'Object Repository/Факторный анализ/1 квартал 2025 выбрать' is clicked on

26-05-2025T09:25:10 - [MESSAGE][PASSED] - Object: 'Object Repository/Факторный анализ/1 квартал 2025 выбрать' is clicked on

26-05-2025T09:25:10 - [TEST_STEP][PASSED] - scrollToElement(findTestObject("Факторный анализ/Заголовок дашборда"), 30): Scroll to object 'Object Repository/Факторный анализ/Заголовок дашборда' successfully

26-05-2025T09:25:11 - [MESSAGE][PASSED] - Scroll to object 'Object Repository/Факторный анализ/Заголовок дашборда' successfully

26-05-2025T09:25:11 - [TEST_STEP][PASSED] - click(findTestObject("Факторный анализ/Применить в фильтре Дата")): Object: 'Object Repository/Факторный анализ/Применить в фильтре Дата' is clicked on

26-05-2025T09:25:11 - [MESSAGE][PASSED] - Object: 'Object Repository/Факторный анализ/Применить в фильтре Дата' is clicked on

26-05-2025T09:25:11 - [TEST_STEP][PASSED] - if (run == 1): null

26-05-2025T09:25:11 - [TEST_STEP][PASSED] - else: null

26-05-2025T09:25:11 - [TEST_STEP][PASSED] - click(findTestObject("Факторный анализ/Переключить отображение с филиала на месяц Блок руководителя")): Object: 'Object Repository/Факторный анализ/Переключить отображение с филиала на месяц Блок руководителя' is clicked on

26-05-2025T09:25:12 - [MESSAGE][PASSED] - Object: 'Object Repository/Факторный анализ/Переключить отображение с филиала на месяц Блок руководителя' is clicked on

26-05-2025T09:25:12 - [TEST_STEP][PASSED] - a1 = replaceAll("\s+", "").trim(): Text of object 'Object Repository/Факторный анализ/span1 Блок руководителя' is: '-9 126'

26-05-2025T09:25:12 - [MESSAGE][PASSED] - Text of object 'Object Repository/Факторный анализ/span1 Блок руководителя' is: '-9 126'

26-05-2025T09:25:12 - [TEST_STEP][PASSED] - a2 = replaceAll("\s+", "").trim(): Text of object 'Object Repository/Факторный анализ/span2 Блок руководителя' is: '5 409'

26-05-2025T09:25:13 - [MESSAGE][PASSED] - Text of object 'Object Repository/Факторный анализ/span2 Блок руководителя' is: '5 409'

26-05-2025T09:25:13 - [TEST_STEP][PASSED] - println("a1: " + a1): null

26-05-2025T09:25:13 - [TEST_STEP][PASSED] - println("a2: " + a2): null

26-05-2025T09:25:13 - [TEST_STEP][PASSED] - tableA = getText(findTestObject("Факторный анализ/AllTable1")).replaceAll("[\r?
|
]", "/"): Text of object 'Object Repository/Факторный анализ/AllTable1' is: 'ДЗО
Филиал
Отклонение (объём услуг)
Отклонение (средний тариф)
АО "РЭС" АО "РЭС" - 245 -16
АО «Тываэнерго» АО "Тываэнерго" 39 17
АО «Чеченэнерго» АО «Чеченэнерго» -8 -19
Россети Волга Мордовэнерго - 165 -11
Оренбургэнерго - 207 -48
Пензаэнерго -61 -1
Самарские РС - 328 413
Саратовские РС - 213 -34
Ульяновские РС 96 -22
Чувашэнерго 7 36
Россети Кубань Кубаньэнерго 319 467
Россети Ленэнерго (ГК) Ленинградская область - 274 501
г. Санкт-Петербург - 135 -30
Россети Московский регион Московская область -2 728 26
г. Москва - 739 96
Россети Северный Кавказ (ГК) Дагэнерго - 409 86
Ингушэнерго - 145 41
Каббалкэнерго 55 -4
Карачаево-Черкесскэнерго 50 -22
Севкавказэнерго -5 -24
Ставропольэнерго 23 84
Россети Северо-Запад Архангельский филиал -69 52
Вологодский филиал -44 43
Карельский филиал -17 -65
Мурманский филиал 24 -84
Новгородский филиал 10 21
Псковский филиал -55 30
филиал в Республике Коми - 136 39
Россети Сибирь (ГК) Алтайэнерго 47 24
Бурятэнерго 52 -32
ГАЭС 23 4
Красноярскэнерго 299 26
Кузбассэнерго-РЭС -85 499
Омскэнерго 40 -69
Хакасэнерго -9 -53
Читаэнерго 23 88
Россети Томск Томская распределительная компания - 100 42
Россети Тюмень Россети Тюмень -2 270 - 495
Россети Урал (ГК) Пермэнерго - 357 1
Свердловэнерго - 199 -32
Челябэнерго - 323 -77
Россети ФСК ЕЭС Итого по ФСК ЕЭС - 451 2 121
Россети Центр Белгородэнерго -74 30
Брянскэнерго -66 -2
Воронежэнерго - 100 37
Костромаэнерго -73 -1
Курскэнерго -21 41
Липецкэнерго - 216 43
Орелэнерго -39 4
Смоленскэнерго -41 4
Тамбовэнерго -25 -5
Тверьэнерго - 164 -10
Ярэнерго - 130 4
Россети Центр и Приволжье (ГК) Владимирэнерго - 188 -31
Ивэнерго 4 -31
Калугаэнерго -57 41
Кировэнерго -64 14
Мариэнерго -39 29
Нижновэнерго - 287 49
Рязаньэнерго - 201 45
Тулэнерго - 131 -64
Удмуртэнерго -55 61
Россети Юг (ГК) АО «ВМЭС» -7 15
Астраханьэнерго -22 -15
Волгоградэнерго - 314 22
Калмэнерго 20 -5
Ростовэнерго 153 143
Россети Янтарь Россети Янтарь 0 3 047'

26-05-2025T09:25:13 - [MESSAGE][PASSED] - Text of object 'Object Repository/Факторный анализ/AllTable1' is: 'ДЗО
Филиал
Отклонение (объём услуг)
Отклонение (средний тариф)
АО "РЭС" АО "РЭС" - 245 -16
АО «Тываэнерго» АО "Тываэнерго" 39 17
АО «Чеченэнерго» АО «Чеченэнерго» -8 -19
Россети Волга Мордовэнерго - 165 -11
Оренбургэнерго - 207 -48
Пензаэнерго -61 -1
Самарские РС - 328 413
Саратовские РС - 213 -34
Ульяновские РС 96 -22
Чувашэнерго 7 36
Россети Кубань Кубаньэнерго 319 467
Россети Ленэнерго (ГК) Ленинградская область - 274 501
г. Санкт-Петербург - 135 -30
Россети Московский регион Московская область -2 728 26
г. Москва - 739 96
Россети Северный Кавказ (ГК) Дагэнерго - 409 86
Ингушэнерго - 145 41
Каббалкэнерго 55 -4
Карачаево-Черкесскэнерго 50 -22
Севкавказэнерго -5 -24
Ставропольэнерго 23 84
Россети Северо-Запад Архангельский филиал -69 52
Вологодский филиал -44 43
Карельский филиал -17 -65
Мурманский филиал 24 -84
Новгородский филиал 10 21
Псковский филиал -55 30
филиал в Республике Коми - 136 39
Россети Сибирь (ГК) Алтайэнерго 47 24
Бурятэнерго 52 -32
ГАЭС 23 4
Красноярскэнерго 299 26
Кузбассэнерго-РЭС -85 499
Омскэнерго 40 -69
Хакасэнерго -9 -53
Читаэнерго 23 88
Россети Томск Томская распределительная компания - 100 42
Россети Тюмень Россети Тюмень -2 270 - 495
Россети Урал (ГК) Пермэнерго - 357 1
Свердловэнерго - 199 -32
Челябэнерго - 323 -77
Россети ФСК ЕЭС Итого по ФСК ЕЭС - 451 2 121
Россети Центр Белгородэнерго -74 30
Брянскэнерго -66 -2
Воронежэнерго - 100 37
Костромаэнерго -73 -1
Курскэнерго -21 41
Липецкэнерго - 216 43
Орелэнерго -39 4
Смоленскэнерго -41 4
Тамбовэнерго -25 -5
Тверьэнерго - 164 -10
Ярэнерго - 130 4
Россети Центр и Приволжье (ГК) Владимирэнерго - 188 -31
Ивэнерго 4 -31
Калугаэнерго -57 41
Кировэнерго -64 14
Мариэнерго -39 29
Нижновэнерго - 287 49
Рязаньэнерго - 201 45
Тулэнерго - 131 -64
Удмуртэнерго -55 61
Россети Юг (ГК) АО «ВМЭС» -7 15
Астраханьэнерго -22 -15
Волгоградэнерго - 314 22
Калмэнерго 20 -5
Ростовэнерго 153 143
Россети Янтарь Россети Янтарь 0 3 047'

26-05-2025T09:25:13 - [TEST_STEP][PASSED] - println("tableA: " + tableA): null

26-05-2025T09:25:13 - [TEST_STEP][PASSED] - for ([i = 1, i < 5, (i++)]): null

26-05-2025T09:25:13 - [TEST_STEP][PASSED] - ii = tableA.indexOf("/") + 1: null

26-05-2025T09:25:13 - [TEST_STEP][PASSED] - tableA = tableA.substring(ii, tableA.length()): null

26-05-2025T09:25:13 - [TEST_STEP][PASSED] - ii = tableA.indexOf("/") + 1: null

26-05-2025T09:25:13 - [TEST_STEP][PASSED] - tableA = tableA.substring(ii, tableA.length()): null

26-05-2025T09:25:13 - [TEST_STEP][PASSED] - ii = tableA.indexOf("/") + 1: null

26-05-2025T09:25:13 - [TEST_STEP][PASSED] - tableA = tableA.substring(ii, tableA.length()): null

26-05-2025T09:25:13 - [TEST_STEP][PASSED] - ii = tableA.indexOf("/") + 1: null

26-05-2025T09:25:13 - [TEST_STEP][PASSED] - tableA = tableA.substring(ii, tableA.length()): null

26-05-2025T09:25:13 - [TEST_STEP][PASSED] - println("tableA: " + tableA): null

26-05-2025T09:25:13 - [TEST_STEP][PASSED] - ResA = Script1719551244403.GetData(x = tableA): null

26-05-2025T09:25:13 - [TEST_STEP][PASSED] - i2 = <not implemented yet for class: org.codehaus.groovy.ast.expr.EmptyExpression>: null

26-05-2025T09:25:13 - [TEST_STEP][PASSED] - i2 = x.indexOf("/") + 1: null

26-05-2025T09:25:13 - [TEST_STEP][PASSED] - x = /]", "").trim(): null

26-05-2025T09:25:13 - [TEST_STEP][PASSED] - return x: null

26-05-2025T09:25:13 - [TEST_STEP][PASSED] - println("ResA: " + ResA): null

26-05-2025T09:25:13 - [TEST_STEP][PASSED] - tableA = Script1719551244403.NewDZO(x = tableA): null

26-05-2025T09:25:13 - [TEST_STEP][PASSED] - i3 = <not implemented yet for class: org.codehaus.groovy.ast.expr.EmptyExpression>: null

26-05-2025T09:25:13 - [TEST_STEP][PASSED] - i3 = x.indexOf("/") + 1: null

26-05-2025T09:25:13 - [TEST_STEP][PASSED] - x = x.substring(i3, x.length()): null

26-05-2025T09:25:13 - [TEST_STEP][PASSED] - return x: null

26-05-2025T09:25:13 - [TEST_STEP][PASSED] - TyA = Script1719551244403.GetData(x = tableA): null

26-05-2025T09:25:13 - [TEST_STEP][PASSED] - i2 = <not implemented yet for class: org.codehaus.groovy.ast.expr.EmptyExpression>: null

26-05-2025T09:25:13 - [TEST_STEP][PASSED] - i2 = x.indexOf("/") + 1: null

26-05-2025T09:25:13 - [TEST_STEP][PASSED] - x = /]", "").trim(): null

26-05-2025T09:25:13 - [TEST_STEP][PASSED] - return x: null

26-05-2025T09:25:13 - [TEST_STEP][PASSED] - println("TyA: " + TyA): null

26-05-2025T09:25:13 - [TEST_STEP][PASSED] - tableA = Script1719551244403.NewDZO(x = tableA): null

26-05-2025T09:25:13 - [TEST_STEP][PASSED] - i3 = <not implemented yet for class: org.codehaus.groovy.ast.expr.EmptyExpression>: null

26-05-2025T09:25:13 - [TEST_STEP][PASSED] - i3 = x.indexOf("/") + 1: null

26-05-2025T09:25:13 - [TEST_STEP][PASSED] - x = x.substring(i3, x.length()): null

26-05-2025T09:25:13 - [TEST_STEP][PASSED] - return x: null

26-05-2025T09:25:13 - [TEST_STEP][PASSED] - ChA = Script1719551244403.GetData(x = tableA): null

26-05-2025T09:25:13 - [TEST_STEP][PASSED] - i2 = <not implemented yet for class: org.codehaus.groovy.ast.expr.EmptyExpression>: null

26-05-2025T09:25:13 - [TEST_STEP][PASSED] - i2 = x.indexOf("/") + 1: null

26-05-2025T09:25:13 - [TEST_STEP][PASSED] - x = /]", "").trim(): null

26-05-2025T09:25:13 - [TEST_STEP][PASSED] - return x: null

26-05-2025T09:25:13 - [TEST_STEP][PASSED] - println("ChA: " + ChA): null

26-05-2025T09:25:13 - [TEST_STEP][PASSED] - tableA = Script1719551244403.NewDZO(x = tableA): null

26-05-2025T09:25:13 - [TEST_STEP][PASSED] - i3 = <not implemented yet for class: org.codehaus.groovy.ast.expr.EmptyExpression>: null

26-05-2025T09:25:13 - [TEST_STEP][PASSED] - i3 = x.indexOf("/") + 1: null

26-05-2025T09:25:13 - [TEST_STEP][PASSED] - x = x.substring(i3, x.length()): null

26-05-2025T09:25:13 - [TEST_STEP][PASSED] - return x: null

26-05-2025T09:25:13 - [TEST_STEP][PASSED] - i = tableA.indexOf("Кубань"): null

26-05-2025T09:25:13 - [TEST_STEP][PASSED] - VA = /]", "").trim(): null

26-05-2025T09:25:13 - [TEST_STEP][PASSED] - println("VA: " + VA): null

26-05-2025T09:25:13 - [TEST_STEP][PASSED] - for ([i = 1, i < 8, (i++)]): null

26-05-2025T09:25:13 - [TEST_STEP][PASSED] - tableA = Script1719551244403.NewDZO(x = tableA): null

26-05-2025T09:25:13 - [TEST_STEP][PASSED] - i3 = <not implemented yet for class: org.codehaus.groovy.ast.expr.EmptyExpression>: null

26-05-2025T09:25:13 - [TEST_STEP][PASSED] - i3 = x.indexOf("/") + 1: null

26-05-2025T09:25:13 - [TEST_STEP][PASSED] - x = x.substring(i3, x.length()): null

26-05-2025T09:25:13 - [TEST_STEP][PASSED] - return x: null

26-05-2025T09:25:13 - [TEST_STEP][PASSED] - tableA = Script1719551244403.NewDZO(x = tableA): null

26-05-2025T09:25:13 - [TEST_STEP][PASSED] - i3 = <not implemented yet for class: org.codehaus.groovy.ast.expr.EmptyExpression>: null

26-05-2025T09:25:13 - [TEST_STEP][PASSED] - i3 = x.indexOf("/") + 1: null

26-05-2025T09:25:13 - [TEST_STEP][PASSED] - x = x.substring(i3, x.length()): null

26-05-2025T09:25:13 - [TEST_STEP][PASSED] - return x: null

26-05-2025T09:25:13 - [TEST_STEP][PASSED] - tableA = Script1719551244403.NewDZO(x = tableA): null

26-05-2025T09:25:13 - [TEST_STEP][PASSED] - i3 = <not implemented yet for class: org.codehaus.groovy.ast.expr.EmptyExpression>: null

26-05-2025T09:25:13 - [TEST_STEP][PASSED] - i3 = x.indexOf("/") + 1: null

26-05-2025T09:25:13 - [TEST_STEP][PASSED] - x = x.substring(i3, x.length()): null

26-05-2025T09:25:13 - [TEST_STEP][PASSED] - return x: null

26-05-2025T09:25:13 - [TEST_STEP][PASSED] - tableA = Script1719551244403.NewDZO(x = tableA): null

26-05-2025T09:25:13 - [TEST_STEP][PASSED] - i3 = <not implemented yet for class: org.codehaus.groovy.ast.expr.EmptyExpression>: null

26-05-2025T09:25:13 - [TEST_STEP][PASSED] - i3 = x.indexOf("/") + 1: null

26-05-2025T09:25:13 - [TEST_STEP][PASSED] - x = x.substring(i3, x.length()): null

26-05-2025T09:25:13 - [TEST_STEP][PASSED] - return x: null

26-05-2025T09:25:13 - [TEST_STEP][PASSED] - tableA = Script1719551244403.NewDZO(x = tableA): null

26-05-2025T09:25:13 - [TEST_STEP][PASSED] - i3 = <not implemented yet for class: org.codehaus.groovy.ast.expr.EmptyExpression>: null

26-05-2025T09:25:13 - [TEST_STEP][PASSED] - i3 = x.indexOf("/") + 1: null

26-05-2025T09:25:13 - [TEST_STEP][PASSED] - x = x.substring(i3, x.length()): null

26-05-2025T09:25:13 - [TEST_STEP][PASSED] - return x: null

26-05-2025T09:25:13 - [TEST_STEP][PASSED] - tableA = Script1719551244403.NewDZO(x = tableA): null

26-05-2025T09:25:13 - [TEST_STEP][PASSED] - i3 = <not implemented yet for class: org.codehaus.groovy.ast.expr.EmptyExpression>: null

26-05-2025T09:25:13 - [TEST_STEP][PASSED] - i3 = x.indexOf("/") + 1: null

26-05-2025T09:25:13 - [TEST_STEP][PASSED] - x = x.substring(i3, x.length()): null

26-05-2025T09:25:13 - [TEST_STEP][PASSED] - return x: null

26-05-2025T09:25:13 - [TEST_STEP][PASSED] - tableA = Script1719551244403.NewDZO(x = tableA): null

26-05-2025T09:25:13 - [TEST_STEP][PASSED] - i3 = <not implemented yet for class: org.codehaus.groovy.ast.expr.EmptyExpression>: null

26-05-2025T09:25:13 - [TEST_STEP][PASSED] - i3 = x.indexOf("/") + 1: null

26-05-2025T09:25:13 - [TEST_STEP][PASSED] - x = x.substring(i3, x.length()): null

26-05-2025T09:25:13 - [TEST_STEP][PASSED] - return x: null

26-05-2025T09:25:13 - [TEST_STEP][PASSED] - i = tableA.indexOf("Ленэнерго"): null

26-05-2025T09:25:13 - [TEST_STEP][PASSED] - KuA = Script1719551244403.GetData(x = tableA): null

26-05-2025T09:25:13 - [TEST_STEP][PASSED] - i2 = <not implemented yet for class: org.codehaus.groovy.ast.expr.EmptyExpression>: null

26-05-2025T09:25:13 - [TEST_STEP][PASSED] - i2 = x.indexOf("/") + 1: null

26-05-2025T09:25:13 - [TEST_STEP][PASSED] - x = /]", "").trim(): null

26-05-2025T09:25:13 - [TEST_STEP][PASSED] - return x: null

26-05-2025T09:25:13 - [TEST_STEP][PASSED] - println("KuA: " + KuA): null

26-05-2025T09:25:13 - [TEST_STEP][PASSED] - tableA = Script1719551244403.NewDZO(x = tableA): null

26-05-2025T09:25:13 - [TEST_STEP][PASSED] - i3 = <not implemented yet for class: org.codehaus.groovy.ast.expr.EmptyExpression>: null

26-05-2025T09:25:13 - [TEST_STEP][PASSED] - i3 = x.indexOf("/") + 1: null

26-05-2025T09:25:13 - [TEST_STEP][PASSED] - x = x.substring(i3, x.length()): null

26-05-2025T09:25:13 - [TEST_STEP][PASSED] - return x: null

26-05-2025T09:25:13 - [TEST_STEP][PASSED] - i = tableA.indexOf("Московский"): null

26-05-2025T09:25:13 - [TEST_STEP][PASSED] - LenA = /]", "").trim(): null

26-05-2025T09:25:13 - [TEST_STEP][PASSED] - println("LenA: " + LenA): null

26-05-2025T09:25:13 - [TEST_STEP][PASSED] - tableA = Script1719551244403.NewDZO(x = tableA): null

26-05-2025T09:25:13 - [TEST_STEP][PASSED] - i3 = <not implemented yet for class: org.codehaus.groovy.ast.expr.EmptyExpression>: null

26-05-2025T09:25:13 - [TEST_STEP][PASSED] - i3 = x.indexOf("/") + 1: null

26-05-2025T09:25:13 - [TEST_STEP][PASSED] - x = x.substring(i3, x.length()): null

26-05-2025T09:25:13 - [TEST_STEP][PASSED] - return x: null

26-05-2025T09:25:13 - [TEST_STEP][PASSED] - tableA = Script1719551244403.NewDZO(x = tableA): null

26-05-2025T09:25:13 - [TEST_STEP][PASSED] - i3 = <not implemented yet for class: org.codehaus.groovy.ast.expr.EmptyExpression>: null

26-05-2025T09:25:13 - [TEST_STEP][PASSED] - i3 = x.indexOf("/") + 1: null

26-05-2025T09:25:13 - [TEST_STEP][PASSED] - x = x.substring(i3, x.length()): null

26-05-2025T09:25:13 - [TEST_STEP][PASSED] - return x: null

26-05-2025T09:25:13 - [TEST_STEP][PASSED] - i = tableA.indexOf("Кавказ"): null

26-05-2025T09:25:13 - [TEST_STEP][PASSED] - MosA = /]", "").trim(): null

26-05-2025T09:25:13 - [TEST_STEP][PASSED] - println("MosA: " + MosA): null

26-05-2025T09:25:13 - [TEST_STEP][PASSED] - for ([i = 1, i < 3, (i++)]): null

26-05-2025T09:25:13 - [TEST_STEP][PASSED] - tableA = Script1719551244403.NewDZO(x = tableA): null

26-05-2025T09:25:13 - [TEST_STEP][PASSED] - i3 = <not implemented yet for class: org.codehaus.groovy.ast.expr.EmptyExpression>: null

26-05-2025T09:25:13 - [TEST_STEP][PASSED] - i3 = x.indexOf("/") + 1: null

26-05-2025T09:25:13 - [TEST_STEP][PASSED] - x = x.substring(i3, x.length()): null

26-05-2025T09:25:13 - [TEST_STEP][PASSED] - return x: null

26-05-2025T09:25:13 - [TEST_STEP][PASSED] - tableA = Script1719551244403.NewDZO(x = tableA): null

26-05-2025T09:25:13 - [TEST_STEP][PASSED] - i3 = <not implemented yet for class: org.codehaus.groovy.ast.expr.EmptyExpression>: null

26-05-2025T09:25:13 - [TEST_STEP][PASSED] - i3 = x.indexOf("/") + 1: null

26-05-2025T09:25:13 - [TEST_STEP][PASSED] - x = x.substring(i3, x.length()): null

26-05-2025T09:25:13 - [TEST_STEP][PASSED] - return x: null

26-05-2025T09:25:13 - [TEST_STEP][PASSED] - i = tableA.indexOf("Запад") - 1: null

26-05-2025T09:25:13 - [TEST_STEP][PASSED] - SKA = /]", "").trim(): null

26-05-2025T09:25:13 - [TEST_STEP][PASSED] - println("SKA: " + SKA): null

26-05-2025T09:25:13 - [TEST_STEP][PASSED] - for ([i = 1, i < 7, (i++)]): null

26-05-2025T09:25:13 - [TEST_STEP][PASSED] - tableA = Script1719551244403.NewDZO(x = tableA): null

26-05-2025T09:25:13 - [TEST_STEP][PASSED] - i3 = <not implemented yet for class: org.codehaus.groovy.ast.expr.EmptyExpression>: null

26-05-2025T09:25:13 - [TEST_STEP][PASSED] - i3 = x.indexOf("/") + 1: null

26-05-2025T09:25:13 - [TEST_STEP][PASSED] - x = x.substring(i3, x.length()): null

26-05-2025T09:25:13 - [TEST_STEP][PASSED] - return x: null

26-05-2025T09:25:13 - [TEST_STEP][PASSED] - tableA = Script1719551244403.NewDZO(x = tableA): null

26-05-2025T09:25:13 - [TEST_STEP][PASSED] - i3 = <not implemented yet for class: org.codehaus.groovy.ast.expr.EmptyExpression>: null

26-05-2025T09:25:13 - [TEST_STEP][PASSED] - i3 = x.indexOf("/") + 1: null

26-05-2025T09:25:13 - [TEST_STEP][PASSED] - x = x.substring(i3, x.length()): null

26-05-2025T09:25:13 - [TEST_STEP][PASSED] - return x: null

26-05-2025T09:25:13 - [TEST_STEP][PASSED] - tableA = Script1719551244403.NewDZO(x = tableA): null

26-05-2025T09:25:13 - [TEST_STEP][PASSED] - i3 = <not implemented yet for class: org.codehaus.groovy.ast.expr.EmptyExpression>: null

26-05-2025T09:25:13 - [TEST_STEP][PASSED] - i3 = x.indexOf("/") + 1: null

26-05-2025T09:25:13 - [TEST_STEP][PASSED] - x = x.substring(i3, x.length()): null

26-05-2025T09:25:13 - [TEST_STEP][PASSED] - return x: null

26-05-2025T09:25:13 - [TEST_STEP][PASSED] - tableA = Script1719551244403.NewDZO(x = tableA): null

26-05-2025T09:25:13 - [TEST_STEP][PASSED] - i3 = <not implemented yet for class: org.codehaus.groovy.ast.expr.EmptyExpression>: null

26-05-2025T09:25:13 - [TEST_STEP][PASSED] - i3 = x.indexOf("/") + 1: null

26-05-2025T09:25:13 - [TEST_STEP][PASSED] - x = x.substring(i3, x.length()): null

26-05-2025T09:25:13 - [TEST_STEP][PASSED] - return x: null

26-05-2025T09:25:13 - [TEST_STEP][PASSED] - tableA = Script1719551244403.NewDZO(x = tableA): null

26-05-2025T09:25:13 - [TEST_STEP][PASSED] - i3 = <not implemented yet for class: org.codehaus.groovy.ast.expr.EmptyExpression>: null

26-05-2025T09:25:13 - [TEST_STEP][PASSED] - i3 = x.indexOf("/") + 1: null

26-05-2025T09:25:13 - [TEST_STEP][PASSED] - x = x.substring(i3, x.length()): null

26-05-2025T09:25:13 - [TEST_STEP][PASSED] - return x: null

26-05-2025T09:25:13 - [TEST_STEP][PASSED] - tableA = Script1719551244403.NewDZO(x = tableA): null

26-05-2025T09:25:13 - [TEST_STEP][PASSED] - i3 = <not implemented yet for class: org.codehaus.groovy.ast.expr.EmptyExpression>: null

26-05-2025T09:25:13 - [TEST_STEP][PASSED] - i3 = x.indexOf("/") + 1: null

26-05-2025T09:25:13 - [TEST_STEP][PASSED] - x = x.substring(i3, x.length()): null

26-05-2025T09:25:13 - [TEST_STEP][PASSED] - return x: null

26-05-2025T09:25:13 - [TEST_STEP][PASSED] - i = tableA.indexOf("Сибирь"): null

26-05-2025T09:25:13 - [TEST_STEP][PASSED] - SZA = /]", "").trim(): null

26-05-2025T09:25:13 - [TEST_STEP][PASSED] - println("SZA: " + SZA): null

26-05-2025T09:25:13 - [TEST_STEP][PASSED] - for ([i = 1, i < 8, (i++)]): null

26-05-2025T09:25:13 - [TEST_STEP][PASSED] - tableA = Script1719551244403.NewDZO(x = tableA): null

26-05-2025T09:25:13 - [TEST_STEP][PASSED] - i3 = <not implemented yet for class: org.codehaus.groovy.ast.expr.EmptyExpression>: null

26-05-2025T09:25:13 - [TEST_STEP][PASSED] - i3 = x.indexOf("/") + 1: null

26-05-2025T09:25:13 - [TEST_STEP][PASSED] - x = x.substring(i3, x.length()): null

26-05-2025T09:25:13 - [TEST_STEP][PASSED] - return x: null

26-05-2025T09:25:13 - [TEST_STEP][PASSED] - tableA = Script1719551244403.NewDZO(x = tableA): null

26-05-2025T09:25:13 - [TEST_STEP][PASSED] - i3 = <not implemented yet for class: org.codehaus.groovy.ast.expr.EmptyExpression>: null

26-05-2025T09:25:13 - [TEST_STEP][PASSED] - i3 = x.indexOf("/") + 1: null

26-05-2025T09:25:13 - [TEST_STEP][PASSED] - x = x.substring(i3, x.length()): null

26-05-2025T09:25:13 - [TEST_STEP][PASSED] - return x: null

26-05-2025T09:25:13 - [TEST_STEP][PASSED] - tableA = Script1719551244403.NewDZO(x = tableA): null

26-05-2025T09:25:13 - [TEST_STEP][PASSED] - i3 = <not implemented yet for class: org.codehaus.groovy.ast.expr.EmptyExpression>: null

26-05-2025T09:25:13 - [TEST_STEP][PASSED] - i3 = x.indexOf("/") + 1: null

26-05-2025T09:25:13 - [TEST_STEP][PASSED] - x = x.substring(i3, x.length()): null

26-05-2025T09:25:13 - [TEST_STEP][PASSED] - return x: null

26-05-2025T09:25:13 - [TEST_STEP][PASSED] - tableA = Script1719551244403.NewDZO(x = tableA): null

26-05-2025T09:25:13 - [TEST_STEP][PASSED] - i3 = <not implemented yet for class: org.codehaus.groovy.ast.expr.EmptyExpression>: null

26-05-2025T09:25:13 - [TEST_STEP][PASSED] - i3 = x.indexOf("/") + 1: null

26-05-2025T09:25:13 - [TEST_STEP][PASSED] - x = x.substring(i3, x.length()): null

26-05-2025T09:25:13 - [TEST_STEP][PASSED] - return x: null

26-05-2025T09:25:13 - [TEST_STEP][PASSED] - tableA = Script1719551244403.NewDZO(x = tableA): null

26-05-2025T09:25:13 - [TEST_STEP][PASSED] - i3 = <not implemented yet for class: org.codehaus.groovy.ast.expr.EmptyExpression>: null

26-05-2025T09:25:13 - [TEST_STEP][PASSED] - i3 = x.indexOf("/") + 1: null

26-05-2025T09:25:13 - [TEST_STEP][PASSED] - x = x.substring(i3, x.length()): null

26-05-2025T09:25:13 - [TEST_STEP][PASSED] - return x: null

26-05-2025T09:25:13 - [TEST_STEP][PASSED] - tableA = Script1719551244403.NewDZO(x = tableA): null

26-05-2025T09:25:13 - [TEST_STEP][PASSED] - i3 = <not implemented yet for class: org.codehaus.groovy.ast.expr.EmptyExpression>: null

26-05-2025T09:25:13 - [TEST_STEP][PASSED] - i3 = x.indexOf("/") + 1: null

26-05-2025T09:25:13 - [TEST_STEP][PASSED] - x = x.substring(i3, x.length()): null

26-05-2025T09:25:13 - [TEST_STEP][PASSED] - return x: null

26-05-2025T09:25:13 - [TEST_STEP][PASSED] - tableA = Script1719551244403.NewDZO(x = tableA): null

26-05-2025T09:25:13 - [TEST_STEP][PASSED] - i3 = <not implemented yet for class: org.codehaus.groovy.ast.expr.EmptyExpression>: null

26-05-2025T09:25:13 - [TEST_STEP][PASSED] - i3 = x.indexOf("/") + 1: null

26-05-2025T09:25:13 - [TEST_STEP][PASSED] - x = x.substring(i3, x.length()): null

26-05-2025T09:25:13 - [TEST_STEP][PASSED] - return x: null

26-05-2025T09:25:13 - [TEST_STEP][PASSED] - i = tableA.indexOf("Томск"): null

26-05-2025T09:25:13 - [TEST_STEP][PASSED] - SiA = /]", "").trim(): null

26-05-2025T09:25:13 - [TEST_STEP][PASSED] - println("SiA: " + SiA): null

26-05-2025T09:25:13 - [TEST_STEP][PASSED] - for ([i = 1, i < 9, (i++)]): null

26-05-2025T09:25:13 - [TEST_STEP][PASSED] - tableA = Script1719551244403.NewDZO(x = tableA): null

26-05-2025T09:25:13 - [TEST_STEP][PASSED] - i3 = <not implemented yet for class: org.codehaus.groovy.ast.expr.EmptyExpression>: null

26-05-2025T09:25:13 - [TEST_STEP][PASSED] - i3 = x.indexOf("/") + 1: null

26-05-2025T09:25:13 - [TEST_STEP][PASSED] - x = x.substring(i3, x.length()): null

26-05-2025T09:25:13 - [TEST_STEP][PASSED] - return x: null

26-05-2025T09:25:13 - [TEST_STEP][PASSED] - tableA = Script1719551244403.NewDZO(x = tableA): null

26-05-2025T09:25:13 - [TEST_STEP][PASSED] - i3 = <not implemented yet for class: org.codehaus.groovy.ast.expr.EmptyExpression>: null

26-05-2025T09:25:13 - [TEST_STEP][PASSED] - i3 = x.indexOf("/") + 1: null

26-05-2025T09:25:13 - [TEST_STEP][PASSED] - x = x.substring(i3, x.length()): null

26-05-2025T09:25:13 - [TEST_STEP][PASSED] - return x: null

26-05-2025T09:25:13 - [TEST_STEP][PASSED] - tableA = Script1719551244403.NewDZO(x = tableA): null

26-05-2025T09:25:13 - [TEST_STEP][PASSED] - i3 = <not implemented yet for class: org.codehaus.groovy.ast.expr.EmptyExpression>: null

26-05-2025T09:25:13 - [TEST_STEP][PASSED] - i3 = x.indexOf("/") + 1: null

26-05-2025T09:25:13 - [TEST_STEP][PASSED] - x = x.substring(i3, x.length()): null

26-05-2025T09:25:13 - [TEST_STEP][PASSED] - return x: null

26-05-2025T09:25:13 - [TEST_STEP][PASSED] - tableA = Script1719551244403.NewDZO(x = tableA): null

26-05-2025T09:25:13 - [TEST_STEP][PASSED] - i3 = <not implemented yet for class: org.codehaus.groovy.ast.expr.EmptyExpression>: null

26-05-2025T09:25:13 - [TEST_STEP][PASSED] - i3 = x.indexOf("/") + 1: null

26-05-2025T09:25:13 - [TEST_STEP][PASSED] - x = x.substring(i3, x.length()): null

26-05-2025T09:25:13 - [TEST_STEP][PASSED] - return x: null

26-05-2025T09:25:13 - [TEST_STEP][PASSED] - tableA = Script1719551244403.NewDZO(x = tableA): null

26-05-2025T09:25:13 - [TEST_STEP][PASSED] - i3 = <not implemented yet for class: org.codehaus.groovy.ast.expr.EmptyExpression>: null

26-05-2025T09:25:13 - [TEST_STEP][PASSED] - i3 = x.indexOf("/") + 1: null

26-05-2025T09:25:13 - [TEST_STEP][PASSED] - x = x.substring(i3, x.length()): null

26-05-2025T09:25:13 - [TEST_STEP][PASSED] - return x: null

26-05-2025T09:25:13 - [TEST_STEP][PASSED] - tableA = Script1719551244403.NewDZO(x = tableA): null

26-05-2025T09:25:13 - [TEST_STEP][PASSED] - i3 = <not implemented yet for class: org.codehaus.groovy.ast.expr.EmptyExpression>: null

26-05-2025T09:25:13 - [TEST_STEP][PASSED] - i3 = x.indexOf("/") + 1: null

26-05-2025T09:25:13 - [TEST_STEP][PASSED] - x = x.substring(i3, x.length()): null

26-05-2025T09:25:13 - [TEST_STEP][PASSED] - return x: null

26-05-2025T09:25:13 - [TEST_STEP][PASSED] - tableA = Script1719551244403.NewDZO(x = tableA): null

26-05-2025T09:25:13 - [TEST_STEP][PASSED] - i3 = <not implemented yet for class: org.codehaus.groovy.ast.expr.EmptyExpression>: null

26-05-2025T09:25:13 - [TEST_STEP][PASSED] - i3 = x.indexOf("/") + 1: null

26-05-2025T09:25:13 - [TEST_STEP][PASSED] - x = x.substring(i3, x.length()): null

26-05-2025T09:25:13 - [TEST_STEP][PASSED] - return x: null

26-05-2025T09:25:13 - [TEST_STEP][PASSED] - tableA = Script1719551244403.NewDZO(x = tableA): null

26-05-2025T09:25:13 - [TEST_STEP][PASSED] - i3 = <not implemented yet for class: org.codehaus.groovy.ast.expr.EmptyExpression>: null

26-05-2025T09:25:13 - [TEST_STEP][PASSED] - i3 = x.indexOf("/") + 1: null

26-05-2025T09:25:13 - [TEST_STEP][PASSED] - x = x.substring(i3, x.length()): null

26-05-2025T09:25:13 - [TEST_STEP][PASSED] - return x: null

26-05-2025T09:25:13 - [TEST_STEP][PASSED] - i = tableA.indexOf("Тюмень"): null

26-05-2025T09:25:13 - [TEST_STEP][PASSED] - ToA = /]", "").trim(): null

26-05-2025T09:25:13 - [TEST_STEP][PASSED] - println("ToA: " + ToA): null

26-05-2025T09:25:13 - [TEST_STEP][PASSED] - tableA = Script1719551244403.NewDZO(x = tableA): null

26-05-2025T09:25:13 - [TEST_STEP][PASSED] - i3 = <not implemented yet for class: org.codehaus.groovy.ast.expr.EmptyExpression>: null

26-05-2025T09:25:13 - [TEST_STEP][PASSED] - i3 = x.indexOf("/") + 1: null

26-05-2025T09:25:13 - [TEST_STEP][PASSED] - x = x.substring(i3, x.length()): null

26-05-2025T09:25:13 - [TEST_STEP][PASSED] - return x: null

26-05-2025T09:25:13 - [TEST_STEP][PASSED] - TyuA = /]", "").trim(): null

26-05-2025T09:25:13 - [TEST_STEP][PASSED] - println("TyuA: " + TyuA): null

26-05-2025T09:25:13 - [TEST_STEP][PASSED] - tableA = Script1719551244403.NewDZO(x = tableA): null

26-05-2025T09:25:13 - [TEST_STEP][PASSED] - i3 = <not implemented yet for class: org.codehaus.groovy.ast.expr.EmptyExpression>: null

26-05-2025T09:25:13 - [TEST_STEP][PASSED] - i3 = x.indexOf("/") + 1: null

26-05-2025T09:25:13 - [TEST_STEP][PASSED] - x = x.substring(i3, x.length()): null

26-05-2025T09:25:13 - [TEST_STEP][PASSED] - return x: null

26-05-2025T09:25:13 - [TEST_STEP][PASSED] - i = tableA.indexOf("ЕЭС"): null

26-05-2025T09:25:13 - [TEST_STEP][PASSED] - UrA = /]", "").trim(): null

26-05-2025T09:25:13 - [TEST_STEP][PASSED] - println("UrA: " + UrA): null

26-05-2025T09:25:13 - [TEST_STEP][PASSED] - for ([i = 1, i < 4, (i++)]): null

26-05-2025T09:25:13 - [TEST_STEP][PASSED] - tableA = Script1719551244403.NewDZO(x = tableA): null

26-05-2025T09:25:13 - [TEST_STEP][PASSED] - i3 = <not implemented yet for class: org.codehaus.groovy.ast.expr.EmptyExpression>: null

26-05-2025T09:25:13 - [TEST_STEP][PASSED] - i3 = x.indexOf("/") + 1: null

26-05-2025T09:25:13 - [TEST_STEP][PASSED] - x = x.substring(i3, x.length()): null

26-05-2025T09:25:13 - [TEST_STEP][PASSED] - return x: null

26-05-2025T09:25:13 - [TEST_STEP][PASSED] - tableA = Script1719551244403.NewDZO(x = tableA): null

26-05-2025T09:25:13 - [TEST_STEP][PASSED] - i3 = <not implemented yet for class: org.codehaus.groovy.ast.expr.EmptyExpression>: null

26-05-2025T09:25:13 - [TEST_STEP][PASSED] - i3 = x.indexOf("/") + 1: null

26-05-2025T09:25:13 - [TEST_STEP][PASSED] - x = x.substring(i3, x.length()): null

26-05-2025T09:25:13 - [TEST_STEP][PASSED] - return x: null

26-05-2025T09:25:13 - [TEST_STEP][PASSED] - tableA = Script1719551244403.NewDZO(x = tableA): null

26-05-2025T09:25:13 - [TEST_STEP][PASSED] - i3 = <not implemented yet for class: org.codehaus.groovy.ast.expr.EmptyExpression>: null

26-05-2025T09:25:13 - [TEST_STEP][PASSED] - i3 = x.indexOf("/") + 1: null

26-05-2025T09:25:13 - [TEST_STEP][PASSED] - x = x.substring(i3, x.length()): null

26-05-2025T09:25:13 - [TEST_STEP][PASSED] - return x: null

26-05-2025T09:25:13 - [TEST_STEP][PASSED] - i = tableA.indexOf("Центр"): null

26-05-2025T09:25:13 - [TEST_STEP][PASSED] - FSKA = /]", "").trim(): null

26-05-2025T09:25:13 - [TEST_STEP][PASSED] - println("FSKA: " + FSKA): null

26-05-2025T09:25:13 - [TEST_STEP][PASSED] - tableA = Script1719551244403.NewDZO(x = tableA): null

26-05-2025T09:25:13 - [TEST_STEP][PASSED] - i3 = <not implemented yet for class: org.codehaus.groovy.ast.expr.EmptyExpression>: null

26-05-2025T09:25:13 - [TEST_STEP][PASSED] - i3 = x.indexOf("/") + 1: null

26-05-2025T09:25:13 - [TEST_STEP][PASSED] - x = x.substring(i3, x.length()): null

26-05-2025T09:25:13 - [TEST_STEP][PASSED] - return x: null

26-05-2025T09:25:13 - [TEST_STEP][PASSED] - i = tableA.indexOf("Приволжье"): null

26-05-2025T09:25:13 - [TEST_STEP][PASSED] - CenA = /]", "").trim(): null

26-05-2025T09:25:13 - [TEST_STEP][PASSED] - println("CenA: " + CenA): null

26-05-2025T09:25:13 - [TEST_STEP][PASSED] - for ([i = 1, i < 12, (i++)]): null

26-05-2025T09:25:13 - [TEST_STEP][PASSED] - tableA = Script1719551244403.NewDZO(x = tableA): null

26-05-2025T09:25:13 - [TEST_STEP][PASSED] - i3 = <not implemented yet for class: org.codehaus.groovy.ast.expr.EmptyExpression>: null

26-05-2025T09:25:13 - [TEST_STEP][PASSED] - i3 = x.indexOf("/") + 1: null

26-05-2025T09:25:13 - [TEST_STEP][PASSED] - x = x.substring(i3, x.length()): null

26-05-2025T09:25:13 - [TEST_STEP][PASSED] - return x: null

26-05-2025T09:25:13 - [TEST_STEP][PASSED] - tableA = Script1719551244403.NewDZO(x = tableA): null

26-05-2025T09:25:13 - [TEST_STEP][PASSED] - i3 = <not implemented yet for class: org.codehaus.groovy.ast.expr.EmptyExpression>: null

26-05-2025T09:25:13 - [TEST_STEP][PASSED] - i3 = x.indexOf("/") + 1: null

26-05-2025T09:25:13 - [TEST_STEP][PASSED] - x = x.substring(i3, x.length()): null

26-05-2025T09:25:13 - [TEST_STEP][PASSED] - return x: null

26-05-2025T09:25:13 - [TEST_STEP][PASSED] - tableA = Script1719551244403.NewDZO(x = tableA): null

26-05-2025T09:25:13 - [TEST_STEP][PASSED] - i3 = <not implemented yet for class: org.codehaus.groovy.ast.expr.EmptyExpression>: null

26-05-2025T09:25:13 - [TEST_STEP][PASSED] - i3 = x.indexOf("/") + 1: null

26-05-2025T09:25:13 - [TEST_STEP][PASSED] - x = x.substring(i3, x.length()): null

26-05-2025T09:25:13 - [TEST_STEP][PASSED] - return x: null

26-05-2025T09:25:13 - [TEST_STEP][PASSED] - tableA = Script1719551244403.NewDZO(x = tableA): null

26-05-2025T09:25:13 - [TEST_STEP][PASSED] - i3 = <not implemented yet for class: org.codehaus.groovy.ast.expr.EmptyExpression>: null

26-05-2025T09:25:13 - [TEST_STEP][PASSED] - i3 = x.indexOf("/") + 1: null

26-05-2025T09:25:13 - [TEST_STEP][PASSED] - x = x.substring(i3, x.length()): null

26-05-2025T09:25:13 - [TEST_STEP][PASSED] - return x: null

26-05-2025T09:25:13 - [TEST_STEP][PASSED] - tableA = Script1719551244403.NewDZO(x = tableA): null

26-05-2025T09:25:13 - [TEST_STEP][PASSED] - i3 = <not implemented yet for class: org.codehaus.groovy.ast.expr.EmptyExpression>: null

26-05-2025T09:25:13 - [TEST_STEP][PASSED] - i3 = x.indexOf("/") + 1: null

26-05-2025T09:25:13 - [TEST_STEP][PASSED] - x = x.substring(i3, x.length()): null

26-05-2025T09:25:13 - [TEST_STEP][PASSED] - return x: null

26-05-2025T09:25:13 - [TEST_STEP][PASSED] - tableA = Script1719551244403.NewDZO(x = tableA): null

26-05-2025T09:25:13 - [TEST_STEP][PASSED] - i3 = <not implemented yet for class: org.codehaus.groovy.ast.expr.EmptyExpression>: null

26-05-2025T09:25:13 - [TEST_STEP][PASSED] - i3 = x.indexOf("/") + 1: null

26-05-2025T09:25:13 - [TEST_STEP][PASSED] - x = x.substring(i3, x.length()): null

26-05-2025T09:25:13 - [TEST_STEP][PASSED] - return x: null

26-05-2025T09:25:13 - [TEST_STEP][PASSED] - tableA = Script1719551244403.NewDZO(x = tableA): null

26-05-2025T09:25:13 - [TEST_STEP][PASSED] - i3 = <not implemented yet for class: org.codehaus.groovy.ast.expr.EmptyExpression>: null

26-05-2025T09:25:13 - [TEST_STEP][PASSED] - i3 = x.indexOf("/") + 1: null

26-05-2025T09:25:13 - [TEST_STEP][PASSED] - x = x.substring(i3, x.length()): null

26-05-2025T09:25:13 - [TEST_STEP][PASSED] - return x: null

26-05-2025T09:25:13 - [TEST_STEP][PASSED] - tableA = Script1719551244403.NewDZO(x = tableA): null

26-05-2025T09:25:13 - [TEST_STEP][PASSED] - i3 = <not implemented yet for class: org.codehaus.groovy.ast.expr.EmptyExpression>: null

26-05-2025T09:25:13 - [TEST_STEP][PASSED] - i3 = x.indexOf("/") + 1: null

26-05-2025T09:25:13 - [TEST_STEP][PASSED] - x = x.substring(i3, x.length()): null

26-05-2025T09:25:13 - [TEST_STEP][PASSED] - return x: null

26-05-2025T09:25:13 - [TEST_STEP][PASSED] - tableA = Script1719551244403.NewDZO(x = tableA): null

26-05-2025T09:25:13 - [TEST_STEP][PASSED] - i3 = <not implemented yet for class: org.codehaus.groovy.ast.expr.EmptyExpression>: null

26-05-2025T09:25:13 - [TEST_STEP][PASSED] - i3 = x.indexOf("/") + 1: null

26-05-2025T09:25:13 - [TEST_STEP][PASSED] - x = x.substring(i3, x.length()): null

26-05-2025T09:25:13 - [TEST_STEP][PASSED] - return x: null

26-05-2025T09:25:13 - [TEST_STEP][PASSED] - tableA = Script1719551244403.NewDZO(x = tableA): null

26-05-2025T09:25:13 - [TEST_STEP][PASSED] - i3 = <not implemented yet for class: org.codehaus.groovy.ast.expr.EmptyExpression>: null

26-05-2025T09:25:13 - [TEST_STEP][PASSED] - i3 = x.indexOf("/") + 1: null

26-05-2025T09:25:13 - [TEST_STEP][PASSED] - x = x.substring(i3, x.length()): null

26-05-2025T09:25:13 - [TEST_STEP][PASSED] - return x: null

26-05-2025T09:25:13 - [TEST_STEP][PASSED] - tableA = Script1719551244403.NewDZO(x = tableA): null

26-05-2025T09:25:13 - [TEST_STEP][PASSED] - i3 = <not implemented yet for class: org.codehaus.groovy.ast.expr.EmptyExpression>: null

26-05-2025T09:25:13 - [TEST_STEP][PASSED] - i3 = x.indexOf("/") + 1: null

26-05-2025T09:25:13 - [TEST_STEP][PASSED] - x = x.substring(i3, x.length()): null

26-05-2025T09:25:13 - [TEST_STEP][PASSED] - return x: null

26-05-2025T09:25:13 - [TEST_STEP][PASSED] - i = tableA.indexOf("Юг"): null

26-05-2025T09:25:13 - [TEST_STEP][PASSED] - CiPA = /]", "").trim(): null

26-05-2025T09:25:13 - [TEST_STEP][PASSED] - println("CiPA: " + CiPA): null

26-05-2025T09:25:13 - [TEST_STEP][PASSED] - for ([i = 1, i < 10, (i++)]): null

26-05-2025T09:25:13 - [TEST_STEP][PASSED] - tableA = Script1719551244403.NewDZO(x = tableA): null

26-05-2025T09:25:13 - [TEST_STEP][PASSED] - i3 = <not implemented yet for class: org.codehaus.groovy.ast.expr.EmptyExpression>: null

26-05-2025T09:25:13 - [TEST_STEP][PASSED] - i3 = x.indexOf("/") + 1: null

26-05-2025T09:25:13 - [TEST_STEP][PASSED] - x = x.substring(i3, x.length()): null

26-05-2025T09:25:13 - [TEST_STEP][PASSED] - return x: null

26-05-2025T09:25:13 - [TEST_STEP][PASSED] - tableA = Script1719551244403.NewDZO(x = tableA): null

26-05-2025T09:25:13 - [TEST_STEP][PASSED] - i3 = <not implemented yet for class: org.codehaus.groovy.ast.expr.EmptyExpression>: null

26-05-2025T09:25:13 - [TEST_STEP][PASSED] - i3 = x.indexOf("/") + 1: null

26-05-2025T09:25:13 - [TEST_STEP][PASSED] - x = x.substring(i3, x.length()): null

26-05-2025T09:25:13 - [TEST_STEP][PASSED] - return x: null

26-05-2025T09:25:13 - [TEST_STEP][PASSED] - tableA = Script1719551244403.NewDZO(x = tableA): null

26-05-2025T09:25:13 - [TEST_STEP][PASSED] - i3 = <not implemented yet for class: org.codehaus.groovy.ast.expr.EmptyExpression>: null

26-05-2025T09:25:13 - [TEST_STEP][PASSED] - i3 = x.indexOf("/") + 1: null

26-05-2025T09:25:13 - [TEST_STEP][PASSED] - x = x.substring(i3, x.length()): null

26-05-2025T09:25:13 - [TEST_STEP][PASSED] - return x: null

26-05-2025T09:25:13 - [TEST_STEP][PASSED] - tableA = Script1719551244403.NewDZO(x = tableA): null

26-05-2025T09:25:13 - [TEST_STEP][PASSED] - i3 = <not implemented yet for class: org.codehaus.groovy.ast.expr.EmptyExpression>: null

26-05-2025T09:25:13 - [TEST_STEP][PASSED] - i3 = x.indexOf("/") + 1: null

26-05-2025T09:25:13 - [TEST_STEP][PASSED] - x = x.substring(i3, x.length()): null

26-05-2025T09:25:13 - [TEST_STEP][PASSED] - return x: null

26-05-2025T09:25:13 - [TEST_STEP][PASSED] - tableA = Script1719551244403.NewDZO(x = tableA): null

26-05-2025T09:25:13 - [TEST_STEP][PASSED] - i3 = <not implemented yet for class: org.codehaus.groovy.ast.expr.EmptyExpression>: null

26-05-2025T09:25:13 - [TEST_STEP][PASSED] - i3 = x.indexOf("/") + 1: null

26-05-2025T09:25:13 - [TEST_STEP][PASSED] - x = x.substring(i3, x.length()): null

26-05-2025T09:25:13 - [TEST_STEP][PASSED] - return x: null

26-05-2025T09:25:13 - [TEST_STEP][PASSED] - tableA = Script1719551244403.NewDZO(x = tableA): null

26-05-2025T09:25:13 - [TEST_STEP][PASSED] - i3 = <not implemented yet for class: org.codehaus.groovy.ast.expr.EmptyExpression>: null

26-05-2025T09:25:13 - [TEST_STEP][PASSED] - i3 = x.indexOf("/") + 1: null

26-05-2025T09:25:13 - [TEST_STEP][PASSED] - x = x.substring(i3, x.length()): null

26-05-2025T09:25:13 - [TEST_STEP][PASSED] - return x: null

26-05-2025T09:25:13 - [TEST_STEP][PASSED] - tableA = Script1719551244403.NewDZO(x = tableA): null

26-05-2025T09:25:13 - [TEST_STEP][PASSED] - i3 = <not implemented yet for class: org.codehaus.groovy.ast.expr.EmptyExpression>: null

26-05-2025T09:25:13 - [TEST_STEP][PASSED] - i3 = x.indexOf("/") + 1: null

26-05-2025T09:25:13 - [TEST_STEP][PASSED] - x = x.substring(i3, x.length()): null

26-05-2025T09:25:13 - [TEST_STEP][PASSED] - return x: null

26-05-2025T09:25:13 - [TEST_STEP][PASSED] - tableA = Script1719551244403.NewDZO(x = tableA): null

26-05-2025T09:25:13 - [TEST_STEP][PASSED] - i3 = <not implemented yet for class: org.codehaus.groovy.ast.expr.EmptyExpression>: null

26-05-2025T09:25:13 - [TEST_STEP][PASSED] - i3 = x.indexOf("/") + 1: null

26-05-2025T09:25:13 - [TEST_STEP][PASSED] - x = x.substring(i3, x.length()): null

26-05-2025T09:25:13 - [TEST_STEP][PASSED] - return x: null

26-05-2025T09:25:13 - [TEST_STEP][PASSED] - tableA = Script1719551244403.NewDZO(x = tableA): null

26-05-2025T09:25:13 - [TEST_STEP][PASSED] - i3 = <not implemented yet for class: org.codehaus.groovy.ast.expr.EmptyExpression>: null

26-05-2025T09:25:13 - [TEST_STEP][PASSED] - i3 = x.indexOf("/") + 1: null

26-05-2025T09:25:13 - [TEST_STEP][PASSED] - x = x.substring(i3, x.length()): null

26-05-2025T09:25:13 - [TEST_STEP][PASSED] - return x: null

26-05-2025T09:25:13 - [TEST_STEP][PASSED] - i = tableA.indexOf("Янтарь"): null

26-05-2025T09:25:13 - [TEST_STEP][PASSED] - UgA = /]", "").trim(): null

26-05-2025T09:25:13 - [TEST_STEP][PASSED] - println("UgA: " + UgA): null

26-05-2025T09:25:13 - [TEST_STEP][PASSED] - i = tableA.lastIndexOf("/"): null

26-05-2025T09:25:13 - [TEST_STEP][PASSED] - YaA = /]", "").trim(): null

26-05-2025T09:25:13 - [TEST_STEP][PASSED] - println("YaA: " + YaA): null

26-05-2025T09:25:13 - [TEST_STEP][PASSED] - delay(10): Delayed 10 second(s)

26-05-2025T09:25:23 - [MESSAGE][PASSED] - Delayed 10 second(s)

26-05-2025T09:25:23 - [TEST_STEP][PASSED] - navigateToUrl(findTestData("PlanFact").getValue(10, 11)): Navigate to 'https://bi.rosseti.digital/viewer?dashboardGuid=a1fd28b3785d443cbc4d7690a1d78e31&sheetGuid=d3a0ddec2e914cb380b20dca74903099&fit=true' successfully

26-05-2025T09:25:23 - [MESSAGE][PASSED] - Navigate to 'https://bi.rosseti.digital/viewer?dashboardGuid=a1fd28b3785d443cbc4d7690a1d78e31&sheetGuid=d3a0ddec2e914cb380b20dca74903099&fit=true' successfully

26-05-2025T09:25:23 - [TEST_STEP][PASSED] - b = <not implemented yet for class: org.codehaus.groovy.ast.expr.EmptyExpression>: null

26-05-2025T09:25:23 - [TEST_STEP][PASSED] - b1 = <not implemented yet for class: org.codehaus.groovy.ast.expr.EmptyExpression>: null

26-05-2025T09:25:23 - [TEST_STEP][PASSED] - b2 = <not implemented yet for class: org.codehaus.groovy.ast.expr.EmptyExpression>: null

26-05-2025T09:25:23 - [TEST_STEP][PASSED] - click(findTestObject("Факторный анализ/Фильтр Дата Выручка")): Object: 'Object Repository/Факторный анализ/Фильтр Дата Выручка' is clicked on

26-05-2025T09:25:29 - [MESSAGE][PASSED] - Object: 'Object Repository/Факторный анализ/Фильтр Дата Выручка' is clicked on

26-05-2025T09:25:29 - [TEST_STEP][PASSED] - click(findTestObject("Факторный анализ/Снять выделение в фильтре Дата Выручка")): Object: 'Object Repository/Факторный анализ/Снять выделение в фильтре Дата Выручка' is clicked on

26-05-2025T09:25:30 - [MESSAGE][PASSED] - Object: 'Object Repository/Факторный анализ/Снять выделение в фильтре Дата Выручка' is clicked on

26-05-2025T09:25:30 - [TEST_STEP][PASSED] - click(findTestObject("Факторный анализ/Применить в фильтре Дата Выручка")): Object: 'Object Repository/Факторный анализ/Применить в фильтре Дата Выручка' is clicked on

26-05-2025T09:25:30 - [MESSAGE][PASSED] - Object: 'Object Repository/Факторный анализ/Применить в фильтре Дата Выручка' is clicked on

26-05-2025T09:25:30 - [TEST_STEP][PASSED] - delay(10): Delayed 10 second(s)

26-05-2025T09:25:40 - [MESSAGE][PASSED] - Delayed 10 second(s)

26-05-2025T09:25:40 - [TEST_STEP][PASSED] - click(findTestObject("Факторный анализ/Фильтр Дата Выручка")): Object: 'Object Repository/Факторный анализ/Фильтр Дата Выручка' is clicked on

26-05-2025T09:25:41 - [MESSAGE][PASSED] - Object: 'Object Repository/Факторный анализ/Фильтр Дата Выручка' is clicked on

26-05-2025T09:25:41 - [TEST_STEP][PASSED] - click(findTestObject("Факторный анализ/Снять выделение в фильтре Дата Выручка")): Object: 'Object Repository/Факторный анализ/Снять выделение в фильтре Дата Выручка' is clicked on

26-05-2025T09:25:41 - [MESSAGE][PASSED] - Object: 'Object Repository/Факторный анализ/Снять выделение в фильтре Дата Выручка' is clicked on

26-05-2025T09:25:41 - [TEST_STEP][PASSED] - scrollToElement(findTestObject("Факторный анализ/2025 список Выручка"), 30): Scroll to object 'Object Repository/Факторный анализ/2025 список Выручка' successfully

26-05-2025T09:25:41 - [MESSAGE][PASSED] - Scroll to object 'Object Repository/Факторный анализ/2025 список Выручка' successfully

26-05-2025T09:25:41 - [TEST_STEP][PASSED] - click(findTestObject("Факторный анализ/2025 список Выручка")): Object: 'Object Repository/Факторный анализ/2025 список Выручка' is clicked on

26-05-2025T09:25:42 - [MESSAGE][PASSED] - Object: 'Object Repository/Факторный анализ/2025 список Выручка' is clicked on

26-05-2025T09:25:42 - [TEST_STEP][PASSED] - scrollToElement(findTestObject("Факторный анализ/1 квартал 2025 список Выручка"), 30): Scroll to object 'Object Repository/Факторный анализ/1 квартал 2025 список Выручка' successfully

26-05-2025T09:25:42 - [MESSAGE][PASSED] - Scroll to object 'Object Repository/Факторный анализ/1 квартал 2025 список Выручка' successfully

26-05-2025T09:25:42 - [TEST_STEP][PASSED] - click(findTestObject("Факторный анализ/1 квартал 2025 выбрать Выручка"), CONTINUE_ON_FAILURE): Object: 'Object Repository/Факторный анализ/1 квартал 2025 выбрать Выручка' is clicked on

26-05-2025T09:25:43 - [MESSAGE][PASSED] - Object: 'Object Repository/Факторный анализ/1 квартал 2025 выбрать Выручка' is clicked on

26-05-2025T09:25:43 - [TEST_STEP][PASSED] - scrollToElement(findTestObject("Факторный анализ/Заголовок дашборда Выручка"), 30): Scroll to object 'Object Repository/Факторный анализ/Заголовок дашборда Выручка' successfully

26-05-2025T09:25:43 - [MESSAGE][PASSED] - Scroll to object 'Object Repository/Факторный анализ/Заголовок дашборда Выручка' successfully

26-05-2025T09:25:43 - [TEST_STEP][PASSED] - click(findTestObject("Факторный анализ/Применить в фильтре Дата Выручка")): Object: 'Object Repository/Факторный анализ/Применить в фильтре Дата Выручка' is clicked on

26-05-2025T09:25:44 - [MESSAGE][PASSED] - Object: 'Object Repository/Факторный анализ/Применить в фильтре Дата Выручка' is clicked on

26-05-2025T09:25:44 - [TEST_STEP][PASSED] - if (run == 1): null

26-05-2025T09:25:44 - [TEST_STEP][PASSED] - else: null

26-05-2025T09:25:44 - [TEST_STEP][PASSED] - click(findTestObject("Факторный анализ/Переключить отображение с филиала на месяц Выручка")): Object: 'Object Repository/Факторный анализ/Переключить отображение с филиала на месяц Выручка' is clicked on

26-05-2025T09:25:44 - [MESSAGE][PASSED] - Object: 'Object Repository/Факторный анализ/Переключить отображение с филиала на месяц Выручка' is clicked on

26-05-2025T09:25:44 - [TEST_STEP][PASSED] - b1 = replaceAll("\s+", "").trim(): Text of object 'Object Repository/Факторный анализ/span1 Выручка' is: '-9 126'

26-05-2025T09:25:45 - [MESSAGE][PASSED] - Text of object 'Object Repository/Факторный анализ/span1 Выручка' is: '-9 126'

26-05-2025T09:25:45 - [TEST_STEP][PASSED] - b2 = replaceAll("\s+", "").trim(): Text of object 'Object Repository/Факторный анализ/span2 Выручка' is: '5 409'

26-05-2025T09:25:45 - [MESSAGE][PASSED] - Text of object 'Object Repository/Факторный анализ/span2 Выручка' is: '5 409'

26-05-2025T09:25:45 - [TEST_STEP][PASSED] - println("b1: " + b1): null

26-05-2025T09:25:45 - [TEST_STEP][PASSED] - println("b2: " + b2): null

26-05-2025T09:25:45 - [TEST_STEP][PASSED] - vidget = "Отклонения выручки по факторам": null

26-05-2025T09:25:45 - [TEST_STEP][PASSED] - DZO = "ПАО Россети": null

26-05-2025T09:25:45 - [TEST_STEP][PASSED] - typeOfData = "Отклонение (объём услуг)": null

26-05-2025T09:25:45 - [TEST_STEP][PASSED] - Script1719551244403.Compare(x = a1, y = b1, run, typeOfData, otobrajeniyeDannyh, todaysDate, vidget, DZO): null

26-05-2025T09:25:45 - [TEST_STEP][PASSED] - if (verifyEqual(x, y) == true): Actual object '-9126' and expected object '-9126' are equal

26-05-2025T09:25:45 - [MESSAGE][PASSED] - Actual object '-9126' and expected object '-9126' are equal

26-05-2025T09:25:45 - [TEST_STEP][PASSED] - typeOfData = "Отклонение (средний тариф)": null

26-05-2025T09:25:45 - [TEST_STEP][PASSED] - Script1719551244403.Compare(x = a2, y = b2, run, typeOfData, otobrajeniyeDannyh, todaysDate, vidget, DZO): null

26-05-2025T09:25:45 - [TEST_STEP][PASSED] - if (verifyEqual(x, y) == true): Actual object '5409' and expected object '5409' are equal

26-05-2025T09:25:45 - [MESSAGE][PASSED] - Actual object '5409' and expected object '5409' are equal

26-05-2025T09:25:45 - [TEST_STEP][PASSED] - tableB = getText(findTestObject("Факторный анализ/AllTable1 Выручка")).replaceAll("[\r?
|
]", "/"): Text of object 'Object Repository/Факторный анализ/AllTable1 Выручка' is: 'ДЗО
Филиал
Отклонение (объём услуг) филиал без Nan
Отклонение (средний тариф) филиал без Nan
АО "РЭС" АО "РЭС" - 245 -16
АО «Тываэнерго» АО "Тываэнерго" 39 17
АО «Чеченэнерго» АО «Чеченэнерго» -8 -19
Россети Волга Мордовэнерго - 165 -11
Оренбургэнерго - 207 -48
Пензаэнерго -61 -1
Самарские РС - 328 413
Саратовские РС - 213 -34
Ульяновские РС 96 -22
Чувашэнерго 7 36
Россети Кубань Кубаньэнерго 319 467
Россети Ленэнерго (ГК) Ленинградская область - 274 501
г. Санкт-Петербург - 135 -30
Россети Московский регион Московская область -2 728 26
г. Москва - 739 96
Россети Северный Кавказ (ГК) Дагэнерго - 409 86
Ингушэнерго - 145 41
Каббалкэнерго 55 -4
Карачаево-Черкесскэнерго 50 -22
Севкавказэнерго -5 -24
Ставропольэнерго 23 84
Россети Северо-Запад Архангельский филиал -69 52
Вологодский филиал -44 43
Карельский филиал -17 -65
Мурманский филиал 24 -84
Новгородский филиал 10 21
Псковский филиал -55 30
филиал в Республике Коми - 136 39
Россети Сибирь (ГК) Алтайэнерго 47 24
Бурятэнерго 52 -32
ГАЭС 23 4
Красноярскэнерго 299 26
Кузбассэнерго-РЭС -85 499
Омскэнерго 40 -69
Хакасэнерго -9 -53
Читаэнерго 23 88
Россети Томск Томская распределительная компания - 100 42
Россети Тюмень Россети Тюмень -2 270 - 495
Россети Урал (ГК) Пермэнерго - 357 1
Свердловэнерго - 199 -32
Челябэнерго - 323 -77
Россети ФСК ЕЭС Итого по ФСК ЕЭС - 451 2 121
Россети Центр Белгородэнерго -74 30
Брянскэнерго -66 -2
Воронежэнерго - 100 37
Костромаэнерго -73 -1
Курскэнерго -21 41
Липецкэнерго - 216 43
Орелэнерго -39 4
Смоленскэнерго -41 4
Тамбовэнерго -25 -5
Тверьэнерго - 164 -10
Ярэнерго - 130 4
Россети Центр и Приволжье (ГК) Владимирэнерго - 188 -31
Ивэнерго 4 -31
Калугаэнерго -57 41
Кировэнерго -64 14
Мариэнерго -39 29
Нижновэнерго - 287 49
Рязаньэнерго - 201 45
Тулэнерго - 131 -64
Удмуртэнерго -55 61
Россети Юг (ГК) АО «ВМЭС» -7 15
Астраханьэнерго -22 -15
Волгоградэнерго - 314 22
Калмэнерго 20 -5
Ростовэнерго 153 143
Россети Янтарь Россети Янтарь 0 0'

26-05-2025T09:25:45 - [MESSAGE][PASSED] - Text of object 'Object Repository/Факторный анализ/AllTable1 Выручка' is: 'ДЗО
Филиал
Отклонение (объём услуг) филиал без Nan
Отклонение (средний тариф) филиал без Nan
АО "РЭС" АО "РЭС" - 245 -16
АО «Тываэнерго» АО "Тываэнерго" 39 17
АО «Чеченэнерго» АО «Чеченэнерго» -8 -19
Россети Волга Мордовэнерго - 165 -11
Оренбургэнерго - 207 -48
Пензаэнерго -61 -1
Самарские РС - 328 413
Саратовские РС - 213 -34
Ульяновские РС 96 -22
Чувашэнерго 7 36
Россети Кубань Кубаньэнерго 319 467
Россети Ленэнерго (ГК) Ленинградская область - 274 501
г. Санкт-Петербург - 135 -30
Россети Московский регион Московская область -2 728 26
г. Москва - 739 96
Россети Северный Кавказ (ГК) Дагэнерго - 409 86
Ингушэнерго - 145 41
Каббалкэнерго 55 -4
Карачаево-Черкесскэнерго 50 -22
Севкавказэнерго -5 -24
Ставропольэнерго 23 84
Россети Северо-Запад Архангельский филиал -69 52
Вологодский филиал -44 43
Карельский филиал -17 -65
Мурманский филиал 24 -84
Новгородский филиал 10 21
Псковский филиал -55 30
филиал в Республике Коми - 136 39
Россети Сибирь (ГК) Алтайэнерго 47 24
Бурятэнерго 52 -32
ГАЭС 23 4
Красноярскэнерго 299 26
Кузбассэнерго-РЭС -85 499
Омскэнерго 40 -69
Хакасэнерго -9 -53
Читаэнерго 23 88
Россети Томск Томская распределительная компания - 100 42
Россети Тюмень Россети Тюмень -2 270 - 495
Россети Урал (ГК) Пермэнерго - 357 1
Свердловэнерго - 199 -32
Челябэнерго - 323 -77
Россети ФСК ЕЭС Итого по ФСК ЕЭС - 451 2 121
Россети Центр Белгородэнерго -74 30
Брянскэнерго -66 -2
Воронежэнерго - 100 37
Костромаэнерго -73 -1
Курскэнерго -21 41
Липецкэнерго - 216 43
Орелэнерго -39 4
Смоленскэнерго -41 4
Тамбовэнерго -25 -5
Тверьэнерго - 164 -10
Ярэнерго - 130 4
Россети Центр и Приволжье (ГК) Владимирэнерго - 188 -31
Ивэнерго 4 -31
Калугаэнерго -57 41
Кировэнерго -64 14
Мариэнерго -39 29
Нижновэнерго - 287 49
Рязаньэнерго - 201 45
Тулэнерго - 131 -64
Удмуртэнерго -55 61
Россети Юг (ГК) АО «ВМЭС» -7 15
Астраханьэнерго -22 -15
Волгоградэнерго - 314 22
Калмэнерго 20 -5
Ростовэнерго 153 143
Россети Янтарь Россети Янтарь 0 0'

26-05-2025T09:25:45 - [TEST_STEP][PASSED] - println("tableB: " + tableB): null

26-05-2025T09:25:45 - [TEST_STEP][PASSED] - for ([i = 1, i < 5, (i++)]): null

26-05-2025T09:25:45 - [TEST_STEP][PASSED] - ii = tableB.indexOf("/") + 1: null

26-05-2025T09:25:45 - [TEST_STEP][PASSED] - tableB = tableB.substring(ii, tableB.length()): null

26-05-2025T09:25:45 - [TEST_STEP][PASSED] - ii = tableB.indexOf("/") + 1: null

26-05-2025T09:25:45 - [TEST_STEP][PASSED] - tableB = tableB.substring(ii, tableB.length()): null

26-05-2025T09:25:45 - [TEST_STEP][PASSED] - ii = tableB.indexOf("/") + 1: null

26-05-2025T09:25:45 - [TEST_STEP][PASSED] - tableB = tableB.substring(ii, tableB.length()): null

26-05-2025T09:25:45 - [TEST_STEP][PASSED] - ii = tableB.indexOf("/") + 1: null

26-05-2025T09:25:45 - [TEST_STEP][PASSED] - tableB = tableB.substring(ii, tableB.length()): null

26-05-2025T09:25:45 - [TEST_STEP][PASSED] - println("tableB: " + tableB): null

26-05-2025T09:25:45 - [TEST_STEP][PASSED] - ResB = Script1719551244403.GetData(x = tableB): null

26-05-2025T09:25:45 - [TEST_STEP][PASSED] - i2 = <not implemented yet for class: org.codehaus.groovy.ast.expr.EmptyExpression>: null

26-05-2025T09:25:45 - [TEST_STEP][PASSED] - i2 = x.indexOf("/") + 1: null

26-05-2025T09:25:45 - [TEST_STEP][PASSED] - x = /]", "").trim(): null

26-05-2025T09:25:45 - [TEST_STEP][PASSED] - return x: null

26-05-2025T09:25:45 - [TEST_STEP][PASSED] - println("ResB: " + ResB): null

26-05-2025T09:25:45 - [TEST_STEP][PASSED] - tableB = Script1719551244403.NewDZO(x = tableB): null

26-05-2025T09:25:45 - [TEST_STEP][PASSED] - i3 = <not implemented yet for class: org.codehaus.groovy.ast.expr.EmptyExpression>: null

26-05-2025T09:25:45 - [TEST_STEP][PASSED] - i3 = x.indexOf("/") + 1: null

26-05-2025T09:25:45 - [TEST_STEP][PASSED] - x = x.substring(i3, x.length()): null

26-05-2025T09:25:45 - [TEST_STEP][PASSED] - return x: null

26-05-2025T09:25:45 - [TEST_STEP][PASSED] - TyB = Script1719551244403.GetData(x = tableB): null

26-05-2025T09:25:45 - [TEST_STEP][PASSED] - i2 = <not implemented yet for class: org.codehaus.groovy.ast.expr.EmptyExpression>: null

26-05-2025T09:25:45 - [TEST_STEP][PASSED] - i2 = x.indexOf("/") + 1: null

26-05-2025T09:25:45 - [TEST_STEP][PASSED] - x = /]", "").trim(): null

26-05-2025T09:25:45 - [TEST_STEP][PASSED] - return x: null

26-05-2025T09:25:45 - [TEST_STEP][PASSED] - println("TyB: " + TyB): null

26-05-2025T09:25:45 - [TEST_STEP][PASSED] - tableB = Script1719551244403.NewDZO(x = tableB): null

26-05-2025T09:25:45 - [TEST_STEP][PASSED] - i3 = <not implemented yet for class: org.codehaus.groovy.ast.expr.EmptyExpression>: null

26-05-2025T09:25:45 - [TEST_STEP][PASSED] - i3 = x.indexOf("/") + 1: null

26-05-2025T09:25:45 - [TEST_STEP][PASSED] - x = x.substring(i3, x.length()): null

26-05-2025T09:25:45 - [TEST_STEP][PASSED] - return x: null

26-05-2025T09:25:45 - [TEST_STEP][PASSED] - ChB = Script1719551244403.GetData(x = tableB): null

26-05-2025T09:25:45 - [TEST_STEP][PASSED] - i2 = <not implemented yet for class: org.codehaus.groovy.ast.expr.EmptyExpression>: null

26-05-2025T09:25:45 - [TEST_STEP][PASSED] - i2 = x.indexOf("/") + 1: null

26-05-2025T09:25:45 - [TEST_STEP][PASSED] - x = /]", "").trim(): null

26-05-2025T09:25:45 - [TEST_STEP][PASSED] - return x: null

26-05-2025T09:25:45 - [TEST_STEP][PASSED] - println("ChB: " + ChB): null

26-05-2025T09:25:45 - [TEST_STEP][PASSED] - tableB = Script1719551244403.NewDZO(x = tableB): null

26-05-2025T09:25:45 - [TEST_STEP][PASSED] - i3 = <not implemented yet for class: org.codehaus.groovy.ast.expr.EmptyExpression>: null

26-05-2025T09:25:45 - [TEST_STEP][PASSED] - i3 = x.indexOf("/") + 1: null

26-05-2025T09:25:45 - [TEST_STEP][PASSED] - x = x.substring(i3, x.length()): null

26-05-2025T09:25:45 - [TEST_STEP][PASSED] - return x: null

26-05-2025T09:25:45 - [TEST_STEP][PASSED] - i = tableB.indexOf("Кубань"): null

26-05-2025T09:25:45 - [TEST_STEP][PASSED] - VB = /]", "").trim(): null

26-05-2025T09:25:45 - [TEST_STEP][PASSED] - println("VB: " + VB): null

26-05-2025T09:25:45 - [TEST_STEP][PASSED] - for ([i = 1, i < 8, (i++)]): null

26-05-2025T09:25:45 - [TEST_STEP][PASSED] - tableB = Script1719551244403.NewDZO(x = tableB): null

26-05-2025T09:25:45 - [TEST_STEP][PASSED] - i3 = <not implemented yet for class: org.codehaus.groovy.ast.expr.EmptyExpression>: null

26-05-2025T09:25:45 - [TEST_STEP][PASSED] - i3 = x.indexOf("/") + 1: null

26-05-2025T09:25:45 - [TEST_STEP][PASSED] - x = x.substring(i3, x.length()): null

26-05-2025T09:25:45 - [TEST_STEP][PASSED] - return x: null

26-05-2025T09:25:45 - [TEST_STEP][PASSED] - tableB = Script1719551244403.NewDZO(x = tableB): null

26-05-2025T09:25:45 - [TEST_STEP][PASSED] - i3 = <not implemented yet for class: org.codehaus.groovy.ast.expr.EmptyExpression>: null

26-05-2025T09:25:45 - [TEST_STEP][PASSED] - i3 = x.indexOf("/") + 1: null

26-05-2025T09:25:45 - [TEST_STEP][PASSED] - x = x.substring(i3, x.length()): null

26-05-2025T09:25:45 - [TEST_STEP][PASSED] - return x: null

26-05-2025T09:25:45 - [TEST_STEP][PASSED] - tableB = Script1719551244403.NewDZO(x = tableB): null

26-05-2025T09:25:45 - [TEST_STEP][PASSED] - i3 = <not implemented yet for class: org.codehaus.groovy.ast.expr.EmptyExpression>: null

26-05-2025T09:25:45 - [TEST_STEP][PASSED] - i3 = x.indexOf("/") + 1: null

26-05-2025T09:25:45 - [TEST_STEP][PASSED] - x = x.substring(i3, x.length()): null

26-05-2025T09:25:45 - [TEST_STEP][PASSED] - return x: null

26-05-2025T09:25:45 - [TEST_STEP][PASSED] - tableB = Script1719551244403.NewDZO(x = tableB): null

26-05-2025T09:25:45 - [TEST_STEP][PASSED] - i3 = <not implemented yet for class: org.codehaus.groovy.ast.expr.EmptyExpression>: null

26-05-2025T09:25:45 - [TEST_STEP][PASSED] - i3 = x.indexOf("/") + 1: null

26-05-2025T09:25:45 - [TEST_STEP][PASSED] - x = x.substring(i3, x.length()): null

26-05-2025T09:25:45 - [TEST_STEP][PASSED] - return x: null

26-05-2025T09:25:45 - [TEST_STEP][PASSED] - tableB = Script1719551244403.NewDZO(x = tableB): null

26-05-2025T09:25:45 - [TEST_STEP][PASSED] - i3 = <not implemented yet for class: org.codehaus.groovy.ast.expr.EmptyExpression>: null

26-05-2025T09:25:45 - [TEST_STEP][PASSED] - i3 = x.indexOf("/") + 1: null

26-05-2025T09:25:45 - [TEST_STEP][PASSED] - x = x.substring(i3, x.length()): null

26-05-2025T09:25:45 - [TEST_STEP][PASSED] - return x: null

26-05-2025T09:25:45 - [TEST_STEP][PASSED] - tableB = Script1719551244403.NewDZO(x = tableB): null

26-05-2025T09:25:45 - [TEST_STEP][PASSED] - i3 = <not implemented yet for class: org.codehaus.groovy.ast.expr.EmptyExpression>: null

26-05-2025T09:25:45 - [TEST_STEP][PASSED] - i3 = x.indexOf("/") + 1: null

26-05-2025T09:25:45 - [TEST_STEP][PASSED] - x = x.substring(i3, x.length()): null

26-05-2025T09:25:45 - [TEST_STEP][PASSED] - return x: null

26-05-2025T09:25:45 - [TEST_STEP][PASSED] - tableB = Script1719551244403.NewDZO(x = tableB): null

26-05-2025T09:25:45 - [TEST_STEP][PASSED] - i3 = <not implemented yet for class: org.codehaus.groovy.ast.expr.EmptyExpression>: null

26-05-2025T09:25:45 - [TEST_STEP][PASSED] - i3 = x.indexOf("/") + 1: null

26-05-2025T09:25:45 - [TEST_STEP][PASSED] - x = x.substring(i3, x.length()): null

26-05-2025T09:25:45 - [TEST_STEP][PASSED] - return x: null

26-05-2025T09:25:45 - [TEST_STEP][PASSED] - i = tableB.indexOf("Ленэнерго"): null

26-05-2025T09:25:45 - [TEST_STEP][PASSED] - KuB = Script1719551244403.GetData(x = tableB): null

26-05-2025T09:25:45 - [TEST_STEP][PASSED] - i2 = <not implemented yet for class: org.codehaus.groovy.ast.expr.EmptyExpression>: null

26-05-2025T09:25:45 - [TEST_STEP][PASSED] - i2 = x.indexOf("/") + 1: null

26-05-2025T09:25:45 - [TEST_STEP][PASSED] - x = /]", "").trim(): null

26-05-2025T09:25:45 - [TEST_STEP][PASSED] - return x: null

26-05-2025T09:25:45 - [TEST_STEP][PASSED] - println("KuB: " + KuB): null

26-05-2025T09:25:45 - [TEST_STEP][PASSED] - tableB = Script1719551244403.NewDZO(x = tableB): null

26-05-2025T09:25:45 - [TEST_STEP][PASSED] - i3 = <not implemented yet for class: org.codehaus.groovy.ast.expr.EmptyExpression>: null

26-05-2025T09:25:45 - [TEST_STEP][PASSED] - i3 = x.indexOf("/") + 1: null

26-05-2025T09:25:45 - [TEST_STEP][PASSED] - x = x.substring(i3, x.length()): null

26-05-2025T09:25:45 - [TEST_STEP][PASSED] - return x: null

26-05-2025T09:25:45 - [TEST_STEP][PASSED] - i = tableB.indexOf("Московский"): null

26-05-2025T09:25:45 - [TEST_STEP][PASSED] - LenB = /]", "").trim(): null

26-05-2025T09:25:45 - [TEST_STEP][PASSED] - println("LenB: " + LenB): null

26-05-2025T09:25:45 - [TEST_STEP][PASSED] - tableB = Script1719551244403.NewDZO(x = tableB): null

26-05-2025T09:25:45 - [TEST_STEP][PASSED] - i3 = <not implemented yet for class: org.codehaus.groovy.ast.expr.EmptyExpression>: null

26-05-2025T09:25:45 - [TEST_STEP][PASSED] - i3 = x.indexOf("/") + 1: null

26-05-2025T09:25:45 - [TEST_STEP][PASSED] - x = x.substring(i3, x.length()): null

26-05-2025T09:25:45 - [TEST_STEP][PASSED] - return x: null

26-05-2025T09:25:45 - [TEST_STEP][PASSED] - tableB = Script1719551244403.NewDZO(x = tableB): null

26-05-2025T09:25:45 - [TEST_STEP][PASSED] - i3 = <not implemented yet for class: org.codehaus.groovy.ast.expr.EmptyExpression>: null

26-05-2025T09:25:45 - [TEST_STEP][PASSED] - i3 = x.indexOf("/") + 1: null

26-05-2025T09:25:45 - [TEST_STEP][PASSED] - x = x.substring(i3, x.length()): null

26-05-2025T09:25:45 - [TEST_STEP][PASSED] - return x: null

26-05-2025T09:25:45 - [TEST_STEP][PASSED] - i = tableB.indexOf("Кавказ"): null

26-05-2025T09:25:45 - [TEST_STEP][PASSED] - MosB = /]", "").trim(): null

26-05-2025T09:25:45 - [TEST_STEP][PASSED] - println("MosB: " + MosB): null

26-05-2025T09:25:45 - [TEST_STEP][PASSED] - for ([i = 1, i < 3, (i++)]): null

26-05-2025T09:25:45 - [TEST_STEP][PASSED] - tableB = Script1719551244403.NewDZO(x = tableB): null

26-05-2025T09:25:45 - [TEST_STEP][PASSED] - i3 = <not implemented yet for class: org.codehaus.groovy.ast.expr.EmptyExpression>: null

26-05-2025T09:25:45 - [TEST_STEP][PASSED] - i3 = x.indexOf("/") + 1: null

26-05-2025T09:25:45 - [TEST_STEP][PASSED] - x = x.substring(i3, x.length()): null

26-05-2025T09:25:45 - [TEST_STEP][PASSED] - return x: null

26-05-2025T09:25:45 - [TEST_STEP][PASSED] - tableB = Script1719551244403.NewDZO(x = tableB): null

26-05-2025T09:25:45 - [TEST_STEP][PASSED] - i3 = <not implemented yet for class: org.codehaus.groovy.ast.expr.EmptyExpression>: null

26-05-2025T09:25:45 - [TEST_STEP][PASSED] - i3 = x.indexOf("/") + 1: null

26-05-2025T09:25:45 - [TEST_STEP][PASSED] - x = x.substring(i3, x.length()): null

26-05-2025T09:25:45 - [TEST_STEP][PASSED] - return x: null

26-05-2025T09:25:45 - [TEST_STEP][PASSED] - i = tableB.indexOf("Запад") - 1: null

26-05-2025T09:25:45 - [TEST_STEP][PASSED] - SKB = /]", "").trim(): null

26-05-2025T09:25:45 - [TEST_STEP][PASSED] - println("SKB: " + SKB): null

26-05-2025T09:25:45 - [TEST_STEP][PASSED] - for ([i = 1, i < 7, (i++)]): null

26-05-2025T09:25:45 - [TEST_STEP][PASSED] - tableB = Script1719551244403.NewDZO(x = tableB): null

26-05-2025T09:25:45 - [TEST_STEP][PASSED] - i3 = <not implemented yet for class: org.codehaus.groovy.ast.expr.EmptyExpression>: null

26-05-2025T09:25:45 - [TEST_STEP][PASSED] - i3 = x.indexOf("/") + 1: null

26-05-2025T09:25:45 - [TEST_STEP][PASSED] - x = x.substring(i3, x.length()): null

26-05-2025T09:25:45 - [TEST_STEP][PASSED] - return x: null

26-05-2025T09:25:45 - [TEST_STEP][PASSED] - tableB = Script1719551244403.NewDZO(x = tableB): null

26-05-2025T09:25:45 - [TEST_STEP][PASSED] - i3 = <not implemented yet for class: org.codehaus.groovy.ast.expr.EmptyExpression>: null

26-05-2025T09:25:45 - [TEST_STEP][PASSED] - i3 = x.indexOf("/") + 1: null

26-05-2025T09:25:45 - [TEST_STEP][PASSED] - x = x.substring(i3, x.length()): null

26-05-2025T09:25:45 - [TEST_STEP][PASSED] - return x: null

26-05-2025T09:25:45 - [TEST_STEP][PASSED] - tableB = Script1719551244403.NewDZO(x = tableB): null

26-05-2025T09:25:45 - [TEST_STEP][PASSED] - i3 = <not implemented yet for class: org.codehaus.groovy.ast.expr.EmptyExpression>: null

26-05-2025T09:25:45 - [TEST_STEP][PASSED] - i3 = x.indexOf("/") + 1: null

26-05-2025T09:25:45 - [TEST_STEP][PASSED] - x = x.substring(i3, x.length()): null

26-05-2025T09:25:45 - [TEST_STEP][PASSED] - return x: null

26-05-2025T09:25:45 - [TEST_STEP][PASSED] - tableB = Script1719551244403.NewDZO(x = tableB): null

26-05-2025T09:25:45 - [TEST_STEP][PASSED] - i3 = <not implemented yet for class: org.codehaus.groovy.ast.expr.EmptyExpression>: null

26-05-2025T09:25:45 - [TEST_STEP][PASSED] - i3 = x.indexOf("/") + 1: null

26-05-2025T09:25:45 - [TEST_STEP][PASSED] - x = x.substring(i3, x.length()): null

26-05-2025T09:25:45 - [TEST_STEP][PASSED] - return x: null

26-05-2025T09:25:45 - [TEST_STEP][PASSED] - tableB = Script1719551244403.NewDZO(x = tableB): null

26-05-2025T09:25:45 - [TEST_STEP][PASSED] - i3 = <not implemented yet for class: org.codehaus.groovy.ast.expr.EmptyExpression>: null

26-05-2025T09:25:45 - [TEST_STEP][PASSED] - i3 = x.indexOf("/") + 1: null

26-05-2025T09:25:45 - [TEST_STEP][PASSED] - x = x.substring(i3, x.length()): null

26-05-2025T09:25:45 - [TEST_STEP][PASSED] - return x: null

26-05-2025T09:25:45 - [TEST_STEP][PASSED] - tableB = Script1719551244403.NewDZO(x = tableB): null

26-05-2025T09:25:45 - [TEST_STEP][PASSED] - i3 = <not implemented yet for class: org.codehaus.groovy.ast.expr.EmptyExpression>: null

26-05-2025T09:25:45 - [TEST_STEP][PASSED] - i3 = x.indexOf("/") + 1: null

26-05-2025T09:25:45 - [TEST_STEP][PASSED] - x = x.substring(i3, x.length()): null

26-05-2025T09:25:45 - [TEST_STEP][PASSED] - return x: null

26-05-2025T09:25:45 - [TEST_STEP][PASSED] - i = tableB.indexOf("Сибирь"): null

26-05-2025T09:25:45 - [TEST_STEP][PASSED] - SZB = /]", "").trim(): null

26-05-2025T09:25:45 - [TEST_STEP][PASSED] - println("SZB: " + SZB): null

26-05-2025T09:25:45 - [TEST_STEP][PASSED] - for ([i = 1, i < 8, (i++)]): null

26-05-2025T09:25:45 - [TEST_STEP][PASSED] - tableB = Script1719551244403.NewDZO(x = tableB): null

26-05-2025T09:25:45 - [TEST_STEP][PASSED] - i3 = <not implemented yet for class: org.codehaus.groovy.ast.expr.EmptyExpression>: null

26-05-2025T09:25:45 - [TEST_STEP][PASSED] - i3 = x.indexOf("/") + 1: null

26-05-2025T09:25:45 - [TEST_STEP][PASSED] - x = x.substring(i3, x.length()): null

26-05-2025T09:25:45 - [TEST_STEP][PASSED] - return x: null

26-05-2025T09:25:45 - [TEST_STEP][PASSED] - tableB = Script1719551244403.NewDZO(x = tableB): null

26-05-2025T09:25:45 - [TEST_STEP][PASSED] - i3 = <not implemented yet for class: org.codehaus.groovy.ast.expr.EmptyExpression>: null

26-05-2025T09:25:45 - [TEST_STEP][PASSED] - i3 = x.indexOf("/") + 1: null

26-05-2025T09:25:45 - [TEST_STEP][PASSED] - x = x.substring(i3, x.length()): null

26-05-2025T09:25:45 - [TEST_STEP][PASSED] - return x: null

26-05-2025T09:25:45 - [TEST_STEP][PASSED] - tableB = Script1719551244403.NewDZO(x = tableB): null

26-05-2025T09:25:45 - [TEST_STEP][PASSED] - i3 = <not implemented yet for class: org.codehaus.groovy.ast.expr.EmptyExpression>: null

26-05-2025T09:25:45 - [TEST_STEP][PASSED] - i3 = x.indexOf("/") + 1: null

26-05-2025T09:25:45 - [TEST_STEP][PASSED] - x = x.substring(i3, x.length()): null

26-05-2025T09:25:45 - [TEST_STEP][PASSED] - return x: null

26-05-2025T09:25:45 - [TEST_STEP][PASSED] - tableB = Script1719551244403.NewDZO(x = tableB): null

26-05-2025T09:25:45 - [TEST_STEP][PASSED] - i3 = <not implemented yet for class: org.codehaus.groovy.ast.expr.EmptyExpression>: null

26-05-2025T09:25:45 - [TEST_STEP][PASSED] - i3 = x.indexOf("/") + 1: null

26-05-2025T09:25:45 - [TEST_STEP][PASSED] - x = x.substring(i3, x.length()): null

26-05-2025T09:25:45 - [TEST_STEP][PASSED] - return x: null

26-05-2025T09:25:45 - [TEST_STEP][PASSED] - tableB = Script1719551244403.NewDZO(x = tableB): null

26-05-2025T09:25:45 - [TEST_STEP][PASSED] - i3 = <not implemented yet for class: org.codehaus.groovy.ast.expr.EmptyExpression>: null

26-05-2025T09:25:45 - [TEST_STEP][PASSED] - i3 = x.indexOf("/") + 1: null

26-05-2025T09:25:45 - [TEST_STEP][PASSED] - x = x.substring(i3, x.length()): null

26-05-2025T09:25:45 - [TEST_STEP][PASSED] - return x: null

26-05-2025T09:25:45 - [TEST_STEP][PASSED] - tableB = Script1719551244403.NewDZO(x = tableB): null

26-05-2025T09:25:45 - [TEST_STEP][PASSED] - i3 = <not implemented yet for class: org.codehaus.groovy.ast.expr.EmptyExpression>: null

26-05-2025T09:25:45 - [TEST_STEP][PASSED] - i3 = x.indexOf("/") + 1: null

26-05-2025T09:25:45 - [TEST_STEP][PASSED] - x = x.substring(i3, x.length()): null

26-05-2025T09:25:45 - [TEST_STEP][PASSED] - return x: null

26-05-2025T09:25:45 - [TEST_STEP][PASSED] - tableB = Script1719551244403.NewDZO(x = tableB): null

26-05-2025T09:25:45 - [TEST_STEP][PASSED] - i3 = <not implemented yet for class: org.codehaus.groovy.ast.expr.EmptyExpression>: null

26-05-2025T09:25:45 - [TEST_STEP][PASSED] - i3 = x.indexOf("/") + 1: null

26-05-2025T09:25:45 - [TEST_STEP][PASSED] - x = x.substring(i3, x.length()): null

26-05-2025T09:25:45 - [TEST_STEP][PASSED] - return x: null

26-05-2025T09:25:45 - [TEST_STEP][PASSED] - i = tableB.indexOf("Томск"): null

26-05-2025T09:25:45 - [TEST_STEP][PASSED] - SiB = /]", "").trim(): null

26-05-2025T09:25:45 - [TEST_STEP][PASSED] - println("SiB: " + SiB): null

26-05-2025T09:25:45 - [TEST_STEP][PASSED] - for ([i = 1, i < 9, (i++)]): null

26-05-2025T09:25:45 - [TEST_STEP][PASSED] - tableB = Script1719551244403.NewDZO(x = tableB): null

26-05-2025T09:25:45 - [TEST_STEP][PASSED] - i3 = <not implemented yet for class: org.codehaus.groovy.ast.expr.EmptyExpression>: null

26-05-2025T09:25:45 - [TEST_STEP][PASSED] - i3 = x.indexOf("/") + 1: null

26-05-2025T09:25:45 - [TEST_STEP][PASSED] - x = x.substring(i3, x.length()): null

26-05-2025T09:25:45 - [TEST_STEP][PASSED] - return x: null

26-05-2025T09:25:45 - [TEST_STEP][PASSED] - tableB = Script1719551244403.NewDZO(x = tableB): null

26-05-2025T09:25:45 - [TEST_STEP][PASSED] - i3 = <not implemented yet for class: org.codehaus.groovy.ast.expr.EmptyExpression>: null

26-05-2025T09:25:45 - [TEST_STEP][PASSED] - i3 = x.indexOf("/") + 1: null

26-05-2025T09:25:45 - [TEST_STEP][PASSED] - x = x.substring(i3, x.length()): null

26-05-2025T09:25:45 - [TEST_STEP][PASSED] - return x: null

26-05-2025T09:25:45 - [TEST_STEP][PASSED] - tableB = Script1719551244403.NewDZO(x = tableB): null

26-05-2025T09:25:45 - [TEST_STEP][PASSED] - i3 = <not implemented yet for class: org.codehaus.groovy.ast.expr.EmptyExpression>: null

26-05-2025T09:25:45 - [TEST_STEP][PASSED] - i3 = x.indexOf("/") + 1: null

26-05-2025T09:25:45 - [TEST_STEP][PASSED] - x = x.substring(i3, x.length()): null

26-05-2025T09:25:45 - [TEST_STEP][PASSED] - return x: null

26-05-2025T09:25:45 - [TEST_STEP][PASSED] - tableB = Script1719551244403.NewDZO(x = tableB): null

26-05-2025T09:25:45 - [TEST_STEP][PASSED] - i3 = <not implemented yet for class: org.codehaus.groovy.ast.expr.EmptyExpression>: null

26-05-2025T09:25:45 - [TEST_STEP][PASSED] - i3 = x.indexOf("/") + 1: null

26-05-2025T09:25:45 - [TEST_STEP][PASSED] - x = x.substring(i3, x.length()): null

26-05-2025T09:25:45 - [TEST_STEP][PASSED] - return x: null

26-05-2025T09:25:45 - [TEST_STEP][PASSED] - tableB = Script1719551244403.NewDZO(x = tableB): null

26-05-2025T09:25:45 - [TEST_STEP][PASSED] - i3 = <not implemented yet for class: org.codehaus.groovy.ast.expr.EmptyExpression>: null

26-05-2025T09:25:45 - [TEST_STEP][PASSED] - i3 = x.indexOf("/") + 1: null

26-05-2025T09:25:45 - [TEST_STEP][PASSED] - x = x.substring(i3, x.length()): null

26-05-2025T09:25:45 - [TEST_STEP][PASSED] - return x: null

26-05-2025T09:25:45 - [TEST_STEP][PASSED] - tableB = Script1719551244403.NewDZO(x = tableB): null

26-05-2025T09:25:45 - [TEST_STEP][PASSED] - i3 = <not implemented yet for class: org.codehaus.groovy.ast.expr.EmptyExpression>: null

26-05-2025T09:25:45 - [TEST_STEP][PASSED] - i3 = x.indexOf("/") + 1: null

26-05-2025T09:25:45 - [TEST_STEP][PASSED] - x = x.substring(i3, x.length()): null

26-05-2025T09:25:45 - [TEST_STEP][PASSED] - return x: null

26-05-2025T09:25:45 - [TEST_STEP][PASSED] - tableB = Script1719551244403.NewDZO(x = tableB): null

26-05-2025T09:25:45 - [TEST_STEP][PASSED] - i3 = <not implemented yet for class: org.codehaus.groovy.ast.expr.EmptyExpression>: null

26-05-2025T09:25:45 - [TEST_STEP][PASSED] - i3 = x.indexOf("/") + 1: null

26-05-2025T09:25:45 - [TEST_STEP][PASSED] - x = x.substring(i3, x.length()): null

26-05-2025T09:25:45 - [TEST_STEP][PASSED] - return x: null

26-05-2025T09:25:45 - [TEST_STEP][PASSED] - tableB = Script1719551244403.NewDZO(x = tableB): null

26-05-2025T09:25:45 - [TEST_STEP][PASSED] - i3 = <not implemented yet for class: org.codehaus.groovy.ast.expr.EmptyExpression>: null

26-05-2025T09:25:45 - [TEST_STEP][PASSED] - i3 = x.indexOf("/") + 1: null

26-05-2025T09:25:45 - [TEST_STEP][PASSED] - x = x.substring(i3, x.length()): null

26-05-2025T09:25:45 - [TEST_STEP][PASSED] - return x: null

26-05-2025T09:25:45 - [TEST_STEP][PASSED] - i = tableB.indexOf("Тюмень"): null

26-05-2025T09:25:45 - [TEST_STEP][PASSED] - ToB = /]", "").trim(): null

26-05-2025T09:25:45 - [TEST_STEP][PASSED] - println("ToB: " + ToB): null

26-05-2025T09:25:45 - [TEST_STEP][PASSED] - tableB = Script1719551244403.NewDZO(x = tableB): null

26-05-2025T09:25:45 - [TEST_STEP][PASSED] - i3 = <not implemented yet for class: org.codehaus.groovy.ast.expr.EmptyExpression>: null

26-05-2025T09:25:45 - [TEST_STEP][PASSED] - i3 = x.indexOf("/") + 1: null

26-05-2025T09:25:45 - [TEST_STEP][PASSED] - x = x.substring(i3, x.length()): null

26-05-2025T09:25:45 - [TEST_STEP][PASSED] - return x: null

26-05-2025T09:25:45 - [TEST_STEP][PASSED] - TyuB = /]", "").trim(): null

26-05-2025T09:25:45 - [TEST_STEP][PASSED] - println("TyuB: " + TyuB): null

26-05-2025T09:25:45 - [TEST_STEP][PASSED] - tableB = Script1719551244403.NewDZO(x = tableB): null

26-05-2025T09:25:45 - [TEST_STEP][PASSED] - i3 = <not implemented yet for class: org.codehaus.groovy.ast.expr.EmptyExpression>: null

26-05-2025T09:25:45 - [TEST_STEP][PASSED] - i3 = x.indexOf("/") + 1: null

26-05-2025T09:25:45 - [TEST_STEP][PASSED] - x = x.substring(i3, x.length()): null

26-05-2025T09:25:45 - [TEST_STEP][PASSED] - return x: null

26-05-2025T09:25:45 - [TEST_STEP][PASSED] - i = tableB.indexOf("ЕЭС"): null

26-05-2025T09:25:45 - [TEST_STEP][PASSED] - UrB = /]", "").trim(): null

26-05-2025T09:25:45 - [TEST_STEP][PASSED] - println("UrB: " + UrB): null

26-05-2025T09:25:45 - [TEST_STEP][PASSED] - for ([i = 1, i < 4, (i++)]): null

26-05-2025T09:25:45 - [TEST_STEP][PASSED] - tableB = Script1719551244403.NewDZO(x = tableB): null

26-05-2025T09:25:45 - [TEST_STEP][PASSED] - i3 = <not implemented yet for class: org.codehaus.groovy.ast.expr.EmptyExpression>: null

26-05-2025T09:25:45 - [TEST_STEP][PASSED] - i3 = x.indexOf("/") + 1: null

26-05-2025T09:25:45 - [TEST_STEP][PASSED] - x = x.substring(i3, x.length()): null

26-05-2025T09:25:45 - [TEST_STEP][PASSED] - return x: null

26-05-2025T09:25:45 - [TEST_STEP][PASSED] - tableB = Script1719551244403.NewDZO(x = tableB): null

26-05-2025T09:25:45 - [TEST_STEP][PASSED] - i3 = <not implemented yet for class: org.codehaus.groovy.ast.expr.EmptyExpression>: null

26-05-2025T09:25:45 - [TEST_STEP][PASSED] - i3 = x.indexOf("/") + 1: null

26-05-2025T09:25:45 - [TEST_STEP][PASSED] - x = x.substring(i3, x.length()): null

26-05-2025T09:25:45 - [TEST_STEP][PASSED] - return x: null

26-05-2025T09:25:45 - [TEST_STEP][PASSED] - tableB = Script1719551244403.NewDZO(x = tableB): null

26-05-2025T09:25:45 - [TEST_STEP][PASSED] - i3 = <not implemented yet for class: org.codehaus.groovy.ast.expr.EmptyExpression>: null

26-05-2025T09:25:45 - [TEST_STEP][PASSED] - i3 = x.indexOf("/") + 1: null

26-05-2025T09:25:45 - [TEST_STEP][PASSED] - x = x.substring(i3, x.length()): null

26-05-2025T09:25:45 - [TEST_STEP][PASSED] - return x: null

26-05-2025T09:25:45 - [TEST_STEP][PASSED] - i = tableB.indexOf("Центр"): null

26-05-2025T09:25:45 - [TEST_STEP][PASSED] - FSKB = /]", "").trim(): null

26-05-2025T09:25:45 - [TEST_STEP][PASSED] - println("FSKB: " + FSKB): null

26-05-2025T09:25:45 - [TEST_STEP][PASSED] - tableB = Script1719551244403.NewDZO(x = tableB): null

26-05-2025T09:25:45 - [TEST_STEP][PASSED] - i3 = <not implemented yet for class: org.codehaus.groovy.ast.expr.EmptyExpression>: null

26-05-2025T09:25:45 - [TEST_STEP][PASSED] - i3 = x.indexOf("/") + 1: null

26-05-2025T09:25:45 - [TEST_STEP][PASSED] - x = x.substring(i3, x.length()): null

26-05-2025T09:25:45 - [TEST_STEP][PASSED] - return x: null

26-05-2025T09:25:45 - [TEST_STEP][PASSED] - i = tableB.indexOf("Приволжье"): null

26-05-2025T09:25:45 - [TEST_STEP][PASSED] - CenB = /]", "").trim(): null

26-05-2025T09:25:45 - [TEST_STEP][PASSED] - println("CenB: " + CenB): null

26-05-2025T09:25:45 - [TEST_STEP][PASSED] - for ([i = 1, i < 12, (i++)]): null

26-05-2025T09:25:45 - [TEST_STEP][PASSED] - tableB = Script1719551244403.NewDZO(x = tableB): null

26-05-2025T09:25:45 - [TEST_STEP][PASSED] - i3 = <not implemented yet for class: org.codehaus.groovy.ast.expr.EmptyExpression>: null

26-05-2025T09:25:45 - [TEST_STEP][PASSED] - i3 = x.indexOf("/") + 1: null

26-05-2025T09:25:45 - [TEST_STEP][PASSED] - x = x.substring(i3, x.length()): null

26-05-2025T09:25:45 - [TEST_STEP][PASSED] - return x: null

26-05-2025T09:25:45 - [TEST_STEP][PASSED] - tableB = Script1719551244403.NewDZO(x = tableB): null

26-05-2025T09:25:45 - [TEST_STEP][PASSED] - i3 = <not implemented yet for class: org.codehaus.groovy.ast.expr.EmptyExpression>: null

26-05-2025T09:25:45 - [TEST_STEP][PASSED] - i3 = x.indexOf("/") + 1: null

26-05-2025T09:25:45 - [TEST_STEP][PASSED] - x = x.substring(i3, x.length()): null

26-05-2025T09:25:45 - [TEST_STEP][PASSED] - return x: null

26-05-2025T09:25:45 - [TEST_STEP][PASSED] - tableB = Script1719551244403.NewDZO(x = tableB): null

26-05-2025T09:25:45 - [TEST_STEP][PASSED] - i3 = <not implemented yet for class: org.codehaus.groovy.ast.expr.EmptyExpression>: null

26-05-2025T09:25:45 - [TEST_STEP][PASSED] - i3 = x.indexOf("/") + 1: null

26-05-2025T09:25:45 - [TEST_STEP][PASSED] - x = x.substring(i3, x.length()): null

26-05-2025T09:25:45 - [TEST_STEP][PASSED] - return x: null

26-05-2025T09:25:45 - [TEST_STEP][PASSED] - tableB = Script1719551244403.NewDZO(x = tableB): null

26-05-2025T09:25:45 - [TEST_STEP][PASSED] - i3 = <not implemented yet for class: org.codehaus.groovy.ast.expr.EmptyExpression>: null

26-05-2025T09:25:45 - [TEST_STEP][PASSED] - i3 = x.indexOf("/") + 1: null

26-05-2025T09:25:45 - [TEST_STEP][PASSED] - x = x.substring(i3, x.length()): null

26-05-2025T09:25:45 - [TEST_STEP][PASSED] - return x: null

26-05-2025T09:25:45 - [TEST_STEP][PASSED] - tableB = Script1719551244403.NewDZO(x = tableB): null

26-05-2025T09:25:45 - [TEST_STEP][PASSED] - i3 = <not implemented yet for class: org.codehaus.groovy.ast.expr.EmptyExpression>: null

26-05-2025T09:25:45 - [TEST_STEP][PASSED] - i3 = x.indexOf("/") + 1: null

26-05-2025T09:25:45 - [TEST_STEP][PASSED] - x = x.substring(i3, x.length()): null

26-05-2025T09:25:45 - [TEST_STEP][PASSED] - return x: null

26-05-2025T09:25:45 - [TEST_STEP][PASSED] - tableB = Script1719551244403.NewDZO(x = tableB): null

26-05-2025T09:25:45 - [TEST_STEP][PASSED] - i3 = <not implemented yet for class: org.codehaus.groovy.ast.expr.EmptyExpression>: null

26-05-2025T09:25:45 - [TEST_STEP][PASSED] - i3 = x.indexOf("/") + 1: null

26-05-2025T09:25:45 - [TEST_STEP][PASSED] - x = x.substring(i3, x.length()): null

26-05-2025T09:25:45 - [TEST_STEP][PASSED] - return x: null

26-05-2025T09:25:45 - [TEST_STEP][PASSED] - tableB = Script1719551244403.NewDZO(x = tableB): null

26-05-2025T09:25:45 - [TEST_STEP][PASSED] - i3 = <not implemented yet for class: org.codehaus.groovy.ast.expr.EmptyExpression>: null

26-05-2025T09:25:45 - [TEST_STEP][PASSED] - i3 = x.indexOf("/") + 1: null

26-05-2025T09:25:45 - [TEST_STEP][PASSED] - x = x.substring(i3, x.length()): null

26-05-2025T09:25:45 - [TEST_STEP][PASSED] - return x: null

26-05-2025T09:25:45 - [TEST_STEP][PASSED] - tableB = Script1719551244403.NewDZO(x = tableB): null

26-05-2025T09:25:45 - [TEST_STEP][PASSED] - i3 = <not implemented yet for class: org.codehaus.groovy.ast.expr.EmptyExpression>: null

26-05-2025T09:25:45 - [TEST_STEP][PASSED] - i3 = x.indexOf("/") + 1: null

26-05-2025T09:25:45 - [TEST_STEP][PASSED] - x = x.substring(i3, x.length()): null

26-05-2025T09:25:45 - [TEST_STEP][PASSED] - return x: null

26-05-2025T09:25:45 - [TEST_STEP][PASSED] - tableB = Script1719551244403.NewDZO(x = tableB): null

26-05-2025T09:25:45 - [TEST_STEP][PASSED] - i3 = <not implemented yet for class: org.codehaus.groovy.ast.expr.EmptyExpression>: null

26-05-2025T09:25:45 - [TEST_STEP][PASSED] - i3 = x.indexOf("/") + 1: null

26-05-2025T09:25:45 - [TEST_STEP][PASSED] - x = x.substring(i3, x.length()): null

26-05-2025T09:25:45 - [TEST_STEP][PASSED] - return x: null

26-05-2025T09:25:45 - [TEST_STEP][PASSED] - tableB = Script1719551244403.NewDZO(x = tableB): null

26-05-2025T09:25:45 - [TEST_STEP][PASSED] - i3 = <not implemented yet for class: org.codehaus.groovy.ast.expr.EmptyExpression>: null

26-05-2025T09:25:45 - [TEST_STEP][PASSED] - i3 = x.indexOf("/") + 1: null

26-05-2025T09:25:45 - [TEST_STEP][PASSED] - x = x.substring(i3, x.length()): null

26-05-2025T09:25:45 - [TEST_STEP][PASSED] - return x: null

26-05-2025T09:25:45 - [TEST_STEP][PASSED] - tableB = Script1719551244403.NewDZO(x = tableB): null

26-05-2025T09:25:45 - [TEST_STEP][PASSED] - i3 = <not implemented yet for class: org.codehaus.groovy.ast.expr.EmptyExpression>: null

26-05-2025T09:25:45 - [TEST_STEP][PASSED] - i3 = x.indexOf("/") + 1: null

26-05-2025T09:25:45 - [TEST_STEP][PASSED] - x = x.substring(i3, x.length()): null

26-05-2025T09:25:45 - [TEST_STEP][PASSED] - return x: null

26-05-2025T09:25:45 - [TEST_STEP][PASSED] - i = tableB.indexOf("Юг"): null

26-05-2025T09:25:45 - [TEST_STEP][PASSED] - CiPB = /]", "").trim(): null

26-05-2025T09:25:45 - [TEST_STEP][PASSED] - println("CiPB: " + CiPB): null

26-05-2025T09:25:45 - [TEST_STEP][PASSED] - for ([i = 1, i < 10, (i++)]): null

26-05-2025T09:25:45 - [TEST_STEP][PASSED] - tableB = Script1719551244403.NewDZO(x = tableB): null

26-05-2025T09:25:45 - [TEST_STEP][PASSED] - i3 = <not implemented yet for class: org.codehaus.groovy.ast.expr.EmptyExpression>: null

26-05-2025T09:25:45 - [TEST_STEP][PASSED] - i3 = x.indexOf("/") + 1: null

26-05-2025T09:25:45 - [TEST_STEP][PASSED] - x = x.substring(i3, x.length()): null

26-05-2025T09:25:45 - [TEST_STEP][PASSED] - return x: null

26-05-2025T09:25:45 - [TEST_STEP][PASSED] - tableB = Script1719551244403.NewDZO(x = tableB): null

26-05-2025T09:25:45 - [TEST_STEP][PASSED] - i3 = <not implemented yet for class: org.codehaus.groovy.ast.expr.EmptyExpression>: null

26-05-2025T09:25:45 - [TEST_STEP][PASSED] - i3 = x.indexOf("/") + 1: null

26-05-2025T09:25:45 - [TEST_STEP][PASSED] - x = x.substring(i3, x.length()): null

26-05-2025T09:25:45 - [TEST_STEP][PASSED] - return x: null

26-05-2025T09:25:45 - [TEST_STEP][PASSED] - tableB = Script1719551244403.NewDZO(x = tableB): null

26-05-2025T09:25:45 - [TEST_STEP][PASSED] - i3 = <not implemented yet for class: org.codehaus.groovy.ast.expr.EmptyExpression>: null

26-05-2025T09:25:45 - [TEST_STEP][PASSED] - i3 = x.indexOf("/") + 1: null

26-05-2025T09:25:45 - [TEST_STEP][PASSED] - x = x.substring(i3, x.length()): null

26-05-2025T09:25:45 - [TEST_STEP][PASSED] - return x: null

26-05-2025T09:25:45 - [TEST_STEP][PASSED] - tableB = Script1719551244403.NewDZO(x = tableB): null

26-05-2025T09:25:45 - [TEST_STEP][PASSED] - i3 = <not implemented yet for class: org.codehaus.groovy.ast.expr.EmptyExpression>: null

26-05-2025T09:25:45 - [TEST_STEP][PASSED] - i3 = x.indexOf("/") + 1: null

26-05-2025T09:25:45 - [TEST_STEP][PASSED] - x = x.substring(i3, x.length()): null

26-05-2025T09:25:45 - [TEST_STEP][PASSED] - return x: null

26-05-2025T09:25:45 - [TEST_STEP][PASSED] - tableB = Script1719551244403.NewDZO(x = tableB): null

26-05-2025T09:25:45 - [TEST_STEP][PASSED] - i3 = <not implemented yet for class: org.codehaus.groovy.ast.expr.EmptyExpression>: null

26-05-2025T09:25:45 - [TEST_STEP][PASSED] - i3 = x.indexOf("/") + 1: null

26-05-2025T09:25:45 - [TEST_STEP][PASSED] - x = x.substring(i3, x.length()): null

26-05-2025T09:25:45 - [TEST_STEP][PASSED] - return x: null

26-05-2025T09:25:45 - [TEST_STEP][PASSED] - tableB = Script1719551244403.NewDZO(x = tableB): null

26-05-2025T09:25:45 - [TEST_STEP][PASSED] - i3 = <not implemented yet for class: org.codehaus.groovy.ast.expr.EmptyExpression>: null

26-05-2025T09:25:45 - [TEST_STEP][PASSED] - i3 = x.indexOf("/") + 1: null

26-05-2025T09:25:45 - [TEST_STEP][PASSED] - x = x.substring(i3, x.length()): null

26-05-2025T09:25:45 - [TEST_STEP][PASSED] - return x: null

26-05-2025T09:25:45 - [TEST_STEP][PASSED] - tableB = Script1719551244403.NewDZO(x = tableB): null

26-05-2025T09:25:45 - [TEST_STEP][PASSED] - i3 = <not implemented yet for class: org.codehaus.groovy.ast.expr.EmptyExpression>: null

26-05-2025T09:25:45 - [TEST_STEP][PASSED] - i3 = x.indexOf("/") + 1: null

26-05-2025T09:25:45 - [TEST_STEP][PASSED] - x = x.substring(i3, x.length()): null

26-05-2025T09:25:45 - [TEST_STEP][PASSED] - return x: null

26-05-2025T09:25:45 - [TEST_STEP][PASSED] - tableB = Script1719551244403.NewDZO(x = tableB): null

26-05-2025T09:25:45 - [TEST_STEP][PASSED] - i3 = <not implemented yet for class: org.codehaus.groovy.ast.expr.EmptyExpression>: null

26-05-2025T09:25:45 - [TEST_STEP][PASSED] - i3 = x.indexOf("/") + 1: null

26-05-2025T09:25:45 - [TEST_STEP][PASSED] - x = x.substring(i3, x.length()): null

26-05-2025T09:25:45 - [TEST_STEP][PASSED] - return x: null

26-05-2025T09:25:45 - [TEST_STEP][PASSED] - tableB = Script1719551244403.NewDZO(x = tableB): null

26-05-2025T09:25:45 - [TEST_STEP][PASSED] - i3 = <not implemented yet for class: org.codehaus.groovy.ast.expr.EmptyExpression>: null

26-05-2025T09:25:45 - [TEST_STEP][PASSED] - i3 = x.indexOf("/") + 1: null

26-05-2025T09:25:45 - [TEST_STEP][PASSED] - x = x.substring(i3, x.length()): null

26-05-2025T09:25:45 - [TEST_STEP][PASSED] - return x: null

26-05-2025T09:25:45 - [TEST_STEP][PASSED] - i = tableB.indexOf("Янтарь"): null

26-05-2025T09:25:45 - [TEST_STEP][PASSED] - UgB = /]", "").trim(): null

26-05-2025T09:25:45 - [TEST_STEP][PASSED] - println("UgB: " + UgB): null

26-05-2025T09:25:45 - [TEST_STEP][PASSED] - i = tableB.lastIndexOf("/"): null

26-05-2025T09:25:45 - [TEST_STEP][PASSED] - YaB = /]", "").trim(): null

26-05-2025T09:25:45 - [TEST_STEP][PASSED] - println("YaB: " + YaB): null

26-05-2025T09:25:45 - [TEST_STEP][PASSED] - vidget = "Отклонения выручки по факторам": null

26-05-2025T09:25:45 - [TEST_STEP][PASSED] - if (run == 2): null

26-05-2025T09:25:45 - [TEST_STEP][PASSED] - DZO = "АО "РЭС"": null

26-05-2025T09:25:45 - [TEST_STEP][PASSED] - Script1719551244403.CompareDZO(x = ResA, y = ResB, run, typeOfData, otobrajeniyeDannyh, todaysDate, vidget, DZO): null

26-05-2025T09:25:45 - [TEST_STEP][PASSED] - x1 = x: null

26-05-2025T09:25:45 - [TEST_STEP][PASSED] - y1 = y: null

26-05-2025T09:25:45 - [TEST_STEP][PASSED] - i1 = <not implemented yet for class: org.codehaus.groovy.ast.expr.EmptyExpression>: null

26-05-2025T09:25:45 - [TEST_STEP][PASSED] - if (verifyEqual(x, y) == true): null

26-05-2025T09:25:45 - [MESSAGE][PASSED] - Actual object '- 245 -16' and expected object '- 245 -16' are equal

26-05-2025T09:25:45 - [TEST_STEP][PASSED] - DZO = "АО «Тываэнерго»": null

26-05-2025T09:25:45 - [TEST_STEP][PASSED] - Script1719551244403.CompareDZO(x = TyA, y = TyB, run, typeOfData, otobrajeniyeDannyh, todaysDate, vidget, DZO): null

26-05-2025T09:25:45 - [TEST_STEP][PASSED] - x1 = x: null

26-05-2025T09:25:45 - [TEST_STEP][PASSED] - y1 = y: null

26-05-2025T09:25:45 - [TEST_STEP][PASSED] - i1 = <not implemented yet for class: org.codehaus.groovy.ast.expr.EmptyExpression>: null

26-05-2025T09:25:45 - [TEST_STEP][PASSED] - if (verifyEqual(x, y) == true): null

26-05-2025T09:25:45 - [MESSAGE][PASSED] - Actual object '39 17' and expected object '39 17' are equal

26-05-2025T09:25:45 - [TEST_STEP][PASSED] - DZO = "АО «Чеченэнерго»": null

26-05-2025T09:25:45 - [TEST_STEP][PASSED] - Script1719551244403.CompareDZO(x = ChA, y = ChB, run, typeOfData, otobrajeniyeDannyh, todaysDate, vidget, DZO): null

26-05-2025T09:25:45 - [TEST_STEP][PASSED] - x1 = x: null

26-05-2025T09:25:45 - [TEST_STEP][PASSED] - y1 = y: null

26-05-2025T09:25:45 - [TEST_STEP][PASSED] - i1 = <not implemented yet for class: org.codehaus.groovy.ast.expr.EmptyExpression>: null

26-05-2025T09:25:45 - [TEST_STEP][PASSED] - if (verifyEqual(x, y) == true): null

26-05-2025T09:25:45 - [MESSAGE][PASSED] - Actual object '-8 -19' and expected object '-8 -19' are equal

26-05-2025T09:25:45 - [TEST_STEP][PASSED] - DZO = "Россети Волга": null

26-05-2025T09:25:45 - [TEST_STEP][PASSED] - Script1719551244403.CompareDZO(x = VA, y = VB, run, typeOfData, otobrajeniyeDannyh, todaysDate, vidget, DZO): null

26-05-2025T09:25:45 - [TEST_STEP][PASSED] - x1 = x: null

26-05-2025T09:25:45 - [TEST_STEP][PASSED] - y1 = y: null

26-05-2025T09:25:45 - [TEST_STEP][PASSED] - i1 = <not implemented yet for class: org.codehaus.groovy.ast.expr.EmptyExpression>: null

26-05-2025T09:25:45 - [TEST_STEP][PASSED] - if (verifyEqual(x, y) == true): null

26-05-2025T09:25:45 - [MESSAGE][PASSED] - Actual object '-165 -11 -207 -48 -61 -1 -328 413 -213 -34 96 -22 7 36' and expected object '-165 -11 -207 -48 -61 -1 -328 413 -213 -34 96 -22 7 36' are equal

26-05-2025T09:25:45 - [TEST_STEP][PASSED] - DZO = "Россети Кубань": null

26-05-2025T09:25:45 - [TEST_STEP][PASSED] - Script1719551244403.CompareDZO(x = KuA, y = KuB, run, typeOfData, otobrajeniyeDannyh, todaysDate, vidget, DZO): null

26-05-2025T09:25:45 - [TEST_STEP][PASSED] - x1 = x: null

26-05-2025T09:25:45 - [TEST_STEP][PASSED] - y1 = y: null

26-05-2025T09:25:45 - [TEST_STEP][PASSED] - i1 = <not implemented yet for class: org.codehaus.groovy.ast.expr.EmptyExpression>: null

26-05-2025T09:25:45 - [TEST_STEP][PASSED] - if (verifyEqual(x, y) == true): null

26-05-2025T09:25:45 - [MESSAGE][PASSED] - Actual object '319 467' and expected object '319 467' are equal

26-05-2025T09:25:45 - [TEST_STEP][PASSED] - DZO = "Московский регион": null

26-05-2025T09:25:45 - [TEST_STEP][PASSED] - Script1719551244403.CompareDZO(x = MosA, y = MosB, run, typeOfData, otobrajeniyeDannyh, todaysDate, vidget, DZO): null

26-05-2025T09:25:45 - [TEST_STEP][PASSED] - x1 = x: null

26-05-2025T09:25:45 - [TEST_STEP][PASSED] - y1 = y: null

26-05-2025T09:25:45 - [TEST_STEP][PASSED] - i1 = <not implemented yet for class: org.codehaus.groovy.ast.expr.EmptyExpression>: null

26-05-2025T09:25:45 - [TEST_STEP][PASSED] - if (verifyEqual(x, y) == true): null

26-05-2025T09:25:45 - [MESSAGE][PASSED] - Actual object '-2 728 26 -739 96' and expected object '-2 728 26 -739 96' are equal

26-05-2025T09:25:45 - [TEST_STEP][PASSED] - DZO = "Россети Ленэнерго (ГК)": null

26-05-2025T09:25:45 - [TEST_STEP][PASSED] - Script1719551244403.CompareDZO(x = LenA, y = LenB, run, typeOfData, otobrajeniyeDannyh, todaysDate, vidget, DZO): null

26-05-2025T09:25:45 - [TEST_STEP][PASSED] - x1 = x: null

26-05-2025T09:25:45 - [TEST_STEP][PASSED] - y1 = y: null

26-05-2025T09:25:45 - [TEST_STEP][PASSED] - i1 = <not implemented yet for class: org.codehaus.groovy.ast.expr.EmptyExpression>: null

26-05-2025T09:25:45 - [TEST_STEP][PASSED] - if (verifyEqual(x, y) == true): null

26-05-2025T09:25:45 - [MESSAGE][PASSED] - Actual object '-274 501 -135 -30' and expected object '-274 501 -135 -30' are equal

26-05-2025T09:25:45 - [TEST_STEP][PASSED] - DZO = "Россети Северный Кавказ (ГК)": null

26-05-2025T09:25:45 - [TEST_STEP][PASSED] - Script1719551244403.CompareDZO(x = SKA, y = SKB, run, typeOfData, otobrajeniyeDannyh, todaysDate, vidget, DZO): null

26-05-2025T09:25:45 - [TEST_STEP][PASSED] - x1 = x: null

26-05-2025T09:25:45 - [TEST_STEP][PASSED] - y1 = y: null

26-05-2025T09:25:45 - [TEST_STEP][PASSED] - i1 = <not implemented yet for class: org.codehaus.groovy.ast.expr.EmptyExpression>: null

26-05-2025T09:25:45 - [TEST_STEP][PASSED] - if (verifyEqual(x, y) == true): null

26-05-2025T09:25:45 - [MESSAGE][PASSED] - Actual object '-409 86 -145 41 55 -4-50 -22 -5 -24 23 84' and expected object '-409 86 -145 41 55 -4-50 -22 -5 -24 23 84' are equal

26-05-2025T09:25:45 - [TEST_STEP][PASSED] - DZO = "Россети Северо-Запад": null

26-05-2025T09:25:45 - [TEST_STEP][PASSED] - Script1719551244403.CompareDZO(x = SZA, y = SZB, run, typeOfData, otobrajeniyeDannyh, todaysDate, vidget, DZO): null

26-05-2025T09:25:45 - [TEST_STEP][PASSED] - x1 = x: null

26-05-2025T09:25:45 - [TEST_STEP][PASSED] - y1 = y: null

26-05-2025T09:25:45 - [TEST_STEP][PASSED] - i1 = <not implemented yet for class: org.codehaus.groovy.ast.expr.EmptyExpression>: null

26-05-2025T09:25:45 - [TEST_STEP][PASSED] - if (verifyEqual(x, y) == true): null

26-05-2025T09:25:45 - [MESSAGE][PASSED] - Actual object '-69 52 -44 43 -17 -65 24 -84 10 21 -55 30 -136 39' and expected object '-69 52 -44 43 -17 -65 24 -84 10 21 -55 30 -136 39' are equal

26-05-2025T09:25:45 - [TEST_STEP][PASSED] - DZO = "Россети Сибирь (ГК)": null

26-05-2025T09:25:45 - [TEST_STEP][PASSED] - Script1719551244403.CompareDZO(x = SiA, y = SiB, run, typeOfData, otobrajeniyeDannyh, todaysDate, vidget, DZO): null

26-05-2025T09:25:45 - [TEST_STEP][PASSED] - x1 = x: null

26-05-2025T09:25:45 - [TEST_STEP][PASSED] - y1 = y: null

26-05-2025T09:25:45 - [TEST_STEP][PASSED] - i1 = <not implemented yet for class: org.codehaus.groovy.ast.expr.EmptyExpression>: null

26-05-2025T09:25:45 - [TEST_STEP][PASSED] - if (verifyEqual(x, y) == true): null

26-05-2025T09:25:45 - [MESSAGE][PASSED] - Actual object '47 24 52 -32 23 4 299 26-85 499 40 -69 -9 -53 23 88' and expected object '47 24 52 -32 23 4 299 26-85 499 40 -69 -9 -53 23 88' are equal

26-05-2025T09:25:45 - [TEST_STEP][PASSED] - DZO = "Россети Томск": null

26-05-2025T09:25:45 - [TEST_STEP][PASSED] - Script1719551244403.CompareDZO(x = ToA, y = ToB, run, typeOfData, otobrajeniyeDannyh, todaysDate, vidget, DZO): null

26-05-2025T09:25:45 - [TEST_STEP][PASSED] - x1 = x: null

26-05-2025T09:25:45 - [TEST_STEP][PASSED] - y1 = y: null

26-05-2025T09:25:45 - [TEST_STEP][PASSED] - i1 = <not implemented yet for class: org.codehaus.groovy.ast.expr.EmptyExpression>: null

26-05-2025T09:25:45 - [TEST_STEP][PASSED] - if (verifyEqual(x, y) == true): null

26-05-2025T09:25:45 - [MESSAGE][PASSED] - Actual object '-100 42' and expected object '-100 42' are equal

26-05-2025T09:25:45 - [TEST_STEP][PASSED] - DZO = "Россети Тюмень": null

26-05-2025T09:25:45 - [TEST_STEP][PASSED] - Script1719551244403.CompareDZO(x = TyuA, y = TyuB, run, typeOfData, otobrajeniyeDannyh, todaysDate, vidget, DZO): null

26-05-2025T09:25:45 - [TEST_STEP][PASSED] - x1 = x: null

26-05-2025T09:25:45 - [TEST_STEP][PASSED] - y1 = y: null

26-05-2025T09:25:45 - [TEST_STEP][PASSED] - i1 = <not implemented yet for class: org.codehaus.groovy.ast.expr.EmptyExpression>: null

26-05-2025T09:25:45 - [TEST_STEP][PASSED] - if (verifyEqual(x, y) == true): null

26-05-2025T09:25:45 - [MESSAGE][PASSED] - Actual object '-2 270 -495' and expected object '-2 270 -495' are equal

26-05-2025T09:25:45 - [TEST_STEP][PASSED] - DZO = "Россети Урал (ГК)": null

26-05-2025T09:25:45 - [TEST_STEP][PASSED] - Script1719551244403.CompareDZO(x = UrA, y = UrB, run, typeOfData, otobrajeniyeDannyh, todaysDate, vidget, DZO): null

26-05-2025T09:25:45 - [TEST_STEP][PASSED] - x1 = x: null

26-05-2025T09:25:45 - [TEST_STEP][PASSED] - y1 = y: null

26-05-2025T09:25:45 - [TEST_STEP][PASSED] - i1 = <not implemented yet for class: org.codehaus.groovy.ast.expr.EmptyExpression>: null

26-05-2025T09:25:45 - [TEST_STEP][PASSED] - if (verifyEqual(x, y) == true): null

26-05-2025T09:25:45 - [MESSAGE][PASSED] - Actual object '-357 1 -199 -32 -323 -77' and expected object '-357 1 -199 -32 -323 -77' are equal

26-05-2025T09:25:45 - [TEST_STEP][PASSED] - DZO = "Россети ФСК ЕЭС": null

26-05-2025T09:25:45 - [TEST_STEP][PASSED] - Script1719551244403.CompareDZO(x = FSKA, y = FSKB, run, typeOfData, otobrajeniyeDannyh, todaysDate, vidget, DZO): null

26-05-2025T09:25:45 - [TEST_STEP][PASSED] - x1 = x: null

26-05-2025T09:25:45 - [TEST_STEP][PASSED] - y1 = y: null

26-05-2025T09:25:45 - [TEST_STEP][PASSED] - i1 = <not implemented yet for class: org.codehaus.groovy.ast.expr.EmptyExpression>: null

26-05-2025T09:25:45 - [TEST_STEP][PASSED] - if (verifyEqual(x, y) == true): null

26-05-2025T09:25:45 - [MESSAGE][PASSED] - Actual object '-451 2 121' and expected object '-451 2 121' are equal

26-05-2025T09:25:45 - [TEST_STEP][PASSED] - DZO = "Центр": null

26-05-2025T09:25:45 - [TEST_STEP][PASSED] - Script1719551244403.CompareDZO(x = CenA, y = CenB, run, typeOfData, otobrajeniyeDannyh, todaysDate, vidget, DZO): null

26-05-2025T09:25:45 - [TEST_STEP][PASSED] - x1 = x: null

26-05-2025T09:25:45 - [TEST_STEP][PASSED] - y1 = y: null

26-05-2025T09:25:45 - [TEST_STEP][PASSED] - i1 = <not implemented yet for class: org.codehaus.groovy.ast.expr.EmptyExpression>: null

26-05-2025T09:25:45 - [TEST_STEP][PASSED] - if (verifyEqual(x, y) == true): null

26-05-2025T09:25:45 - [MESSAGE][PASSED] - Actual object '-74 30 -66 -2 -100 37 -73 -1 -21 41 -216 43 -39 4 -41 4 -25 -5 -164 -10 -130 4' and expected object '-74 30 -66 -2 -100 37 -73 -1 -21 41 -216 43 -39 4 -41 4 -25 -5 -164 -10 -130 4' are equal

26-05-2025T09:25:45 - [TEST_STEP][PASSED] - DZO = "Центр и Приволжье (ГК)": null

26-05-2025T09:25:45 - [TEST_STEP][PASSED] - Script1719551244403.CompareDZO(x = CiPA, y = CiPB, run, typeOfData, otobrajeniyeDannyh, todaysDate, vidget, DZO): null

26-05-2025T09:25:45 - [TEST_STEP][PASSED] - x1 = x: null

26-05-2025T09:25:45 - [TEST_STEP][PASSED] - y1 = y: null

26-05-2025T09:25:45 - [TEST_STEP][PASSED] - i1 = <not implemented yet for class: org.codehaus.groovy.ast.expr.EmptyExpression>: null

26-05-2025T09:25:45 - [TEST_STEP][PASSED] - if (verifyEqual(x, y) == true): null

26-05-2025T09:25:45 - [MESSAGE][PASSED] - Actual object '-188 -31 4 -31 -57 41 -64 14 -39 29 -287 49 -201 45 -131 -64 -55 61' and expected object '-188 -31 4 -31 -57 41 -64 14 -39 29 -287 49 -201 45 -131 -64 -55 61' are equal

26-05-2025T09:25:45 - [TEST_STEP][PASSED] - DZO = "Россети Юг (ГК)": null

26-05-2025T09:25:45 - [TEST_STEP][PASSED] - Script1719551244403.CompareDZO(x = UgA, y = UgB, run, typeOfData, otobrajeniyeDannyh, todaysDate, vidget, DZO): null

26-05-2025T09:25:45 - [TEST_STEP][PASSED] - x1 = x: null

26-05-2025T09:25:45 - [TEST_STEP][PASSED] - y1 = y: null

26-05-2025T09:25:45 - [TEST_STEP][PASSED] - i1 = <not implemented yet for class: org.codehaus.groovy.ast.expr.EmptyExpression>: null

26-05-2025T09:25:45 - [TEST_STEP][PASSED] - if (verifyEqual(x, y) == true): null

26-05-2025T09:25:45 - [MESSAGE][PASSED] - Actual object '-7 15 -22 -15 -314 22 20 -5 153 143' and expected object '-7 15 -22 -15 -314 22 20 -5 153 143' are equal

26-05-2025T09:25:45 - [TEST_STEP][PASSED] - DZO = "Россети Янтарь": null

26-05-2025T09:25:45 - [TEST_STEP][PASSED] - Script1719551244403.CompareDZO(x = YaA, y = YaB, run, typeOfData, otobrajeniyeDannyh, todaysDate, vidget, DZO): null

26-05-2025T09:25:45 - [TEST_STEP][PASSED] - x1 = x: null

26-05-2025T09:25:45 - [TEST_STEP][PASSED] - y1 = y: null

26-05-2025T09:25:45 - [TEST_STEP][PASSED] - i1 = <not implemented yet for class: org.codehaus.groovy.ast.expr.EmptyExpression>: null

26-05-2025T09:25:45 - [TEST_STEP][FAILED] - if (verifyEqual(x, y) == true): Unable to verify equal between actual object '0 3 047' and expected object '0 0' (Root cause: com.kms.katalon.core.exception.StepFailedException: Actual object '0 3 047' and expected object '0 0' are not equal
	at com.kms.katalon.core.keyword.builtin.VerifyEqualKeyword$_verifyEqual_closure1.doCall(VerifyEqualKeyword.groovy:58)
	at com.kms.katalon.core.keyword.builtin.VerifyEqualKeyword$_verifyEqual_closure1.call(VerifyEqualKeyword.groovy)
	at com.kms.katalon.core.keyword.internal.KeywordMain.runKeyword(KeywordMain.groovy:75)
	at com.kms.katalon.core.keyword.builtin.VerifyEqualKeyword.verifyEqual(VerifyEqualKeyword.groovy:63)
	at com.kms.katalon.core.keyword.builtin.VerifyEqualKeyword.execute(VerifyEqualKeyword.groovy:44)
	at com.kms.katalon.core.keyword.internal.KeywordExecutor.executeKeywordForPlatform(KeywordExecutor.groovy:74)
	at com.kms.katalon.core.keyword.BuiltinKeywords.verifyEqual(BuiltinKeywords.groovy:146)
	at jdk.internal.reflect.GeneratedMethodAccessor23.invoke(Unknown Source)
	at java.base/jdk.internal.reflect.DelegatingMethodAccessorImpl.invoke(DelegatingMethodAccessorImpl.java:43)
	at Факторный анализ сверка дашбордов.CompareDZO(Факторный анализ сверка дашбордов:713)
	at Факторный анализ сверка дашбордов.Test(Факторный анализ сверка дашбордов:687)
	at Факторный анализ сверка дашбордов.run(Факторный анализ сверка дашбордов:44)
	at com.kms.katalon.core.main.ScriptEngine.run(ScriptEngine.java:194)
	at com.kms.katalon.core.main.ScriptEngine.runScriptAsRawText(ScriptEngine.java:119)
	at com.kms.katalon.core.main.TestCaseExecutor.runScript(TestCaseExecutor.java:448)
	at com.kms.katalon.core.main.TestCaseExecutor.doExecute(TestCaseExecutor.java:439)
	at com.kms.katalon.core.main.TestCaseExecutor.processExecutionPhase(TestCaseExecutor.java:418)
	at com.kms.katalon.core.main.TestCaseExecutor.accessMainPhase(TestCaseExecutor.java:410)
	at com.kms.katalon.core.main.TestCaseExecutor.execute(TestCaseExecutor.java:285)
	at com.kms.katalon.core.common.CommonExecutor.accessTestCaseMainPhase(CommonExecutor.java:65)
	at com.kms.katalon.core.main.TestSuiteExecutor.accessTestSuiteMainPhase(TestSuiteExecutor.java:150)
	at com.kms.katalon.core.main.TestSuiteExecutor.execute(TestSuiteExecutor.java:106)
	at com.kms.katalon.core.main.TestCaseMain.startTestSuite(TestCaseMain.java:180)
	at TempTestSuite1748228991768.run(TempTestSuite1748228991768.groovy:35)
	at java.base/jdk.internal.reflect.NativeMethodAccessorImpl.invoke0(Native Method)
	at java.base/jdk.internal.reflect.NativeMethodAccessorImpl.invoke(NativeMethodAccessorImpl.java:77)
	at java.base/jdk.internal.reflect.DelegatingMethodAccessorImpl.invoke(DelegatingMethodAccessorImpl.java:43)
)

26-05-2025T09:25:45 - [MESSAGE][FAILED] - Unable to verify equal between actual object '0 3 047' and expected object '0 0' (Root cause: com.kms.katalon.core.exception.StepFailedException: Actual object '0 3 047' and expected object '0 0' are not equal
	at com.kms.katalon.core.keyword.builtin.VerifyEqualKeyword$_verifyEqual_closure1.doCall(VerifyEqualKeyword.groovy:58)
	at com.kms.katalon.core.keyword.builtin.VerifyEqualKeyword$_verifyEqual_closure1.call(VerifyEqualKeyword.groovy)
	at com.kms.katalon.core.keyword.internal.KeywordMain.runKeyword(KeywordMain.groovy:75)
	at com.kms.katalon.core.keyword.builtin.VerifyEqualKeyword.verifyEqual(VerifyEqualKeyword.groovy:63)
	at com.kms.katalon.core.keyword.builtin.VerifyEqualKeyword.execute(VerifyEqualKeyword.groovy:44)
	at com.kms.katalon.core.keyword.internal.KeywordExecutor.executeKeywordForPlatform(KeywordExecutor.groovy:74)
	at com.kms.katalon.core.keyword.BuiltinKeywords.verifyEqual(BuiltinKeywords.groovy:146)
	at jdk.internal.reflect.GeneratedMethodAccessor23.invoke(Unknown Source)
	at java.base/jdk.internal.reflect.DelegatingMethodAccessorImpl.invoke(DelegatingMethodAccessorImpl.java:43)
	at Факторный анализ сверка дашбордов.CompareDZO(Факторный анализ сверка дашбордов:713)
	at Факторный анализ сверка дашбордов.Test(Факторный анализ сверка дашбордов:687)
	at Факторный анализ сверка дашбордов.run(Факторный анализ сверка дашбордов:44)
	at com.kms.katalon.core.main.ScriptEngine.run(ScriptEngine.java:194)
	at com.kms.katalon.core.main.ScriptEngine.runScriptAsRawText(ScriptEngine.java:119)
	at com.kms.katalon.core.main.TestCaseExecutor.runScript(TestCaseExecutor.java:448)
	at com.kms.katalon.core.main.TestCaseExecutor.doExecute(TestCaseExecutor.java:439)
	at com.kms.katalon.core.main.TestCaseExecutor.processExecutionPhase(TestCaseExecutor.java:418)
	at com.kms.katalon.core.main.TestCaseExecutor.accessMainPhase(TestCaseExecutor.java:410)
	at com.kms.katalon.core.main.TestCaseExecutor.execute(TestCaseExecutor.java:285)
	at com.kms.katalon.core.common.CommonExecutor.accessTestCaseMainPhase(CommonExecutor.java:65)
	at com.kms.katalon.core.main.TestSuiteExecutor.accessTestSuiteMainPhase(TestSuiteExecutor.java:150)
	at com.kms.katalon.core.main.TestSuiteExecutor.execute(TestSuiteExecutor.java:106)
	at com.kms.katalon.core.main.TestCaseMain.startTestSuite(TestCaseMain.java:180)
	at TempTestSuite1748228991768.run(TempTestSuite1748228991768.groovy:35)
	at java.base/jdk.internal.reflect.NativeMethodAccessorImpl.invoke0(Native Method)
	at java.base/jdk.internal.reflect.NativeMethodAccessorImpl.invoke(NativeMethodAccessorImpl.java:77)
	at java.base/jdk.internal.reflect.DelegatingMethodAccessorImpl.invoke(DelegatingMethodAccessorImpl.java:43)
)

26-05-2025T09:25:45 - [TEST_STEP][PASSED] - else: null

26-05-2025T09:25:45 - [TEST_STEP][PASSED] - otobrajeniyeDannyh = "Все": null

26-05-2025T09:25:45 - [TEST_STEP][PASSED] - vidget = "Всего отклонения по факторам": null

26-05-2025T09:25:45 - [TEST_STEP][PASSED] - Script1719551244403.WriteToExcel(todaysDate, typeOfData, otobrajeniyeDannyh, x, y, vidget, DZO): null

26-05-2025T09:25:45 - [TEST_STEP][PASSED] - sheetName = "Sheet1": null

26-05-2025T09:25:45 - [TEST_STEP][PASSED] - data = findTestData("PlanFact"): null

26-05-2025T09:25:45 - [TEST_STEP][PASSED] - n = data.getRowNumbers() + 1: null

26-05-2025T09:25:45 - [TEST_STEP][PASSED] - period = getText(findTestObject("Факторный анализ/Фильтр Период")): Text of object 'Object Repository/Факторный анализ/Фильтр Период' is: '1 кв. 2025 года'

26-05-2025T09:25:46 - [MESSAGE][PASSED] - Text of object 'Object Repository/Факторный анализ/Фильтр Период' is: '1 кв. 2025 года'

26-05-2025T09:25:46 - [TEST_STEP][PASSED] - println(period): null

26-05-2025T09:25:46 - [TEST_STEP][PASSED] - dashboardName = "Факторный анализ": null

26-05-2025T09:25:46 - [TEST_STEP][PASSED] - workbook01 = getWorkbook(excelFilePath): null

26-05-2025T09:25:46 - [TEST_STEP][PASSED] - sheet01 = getExcelSheet(workbook01, sheetName): null

26-05-2025T09:25:46 - [TEST_STEP][PASSED] - setValueToCellByIndex(sheet01, n, 0, dashboardName): null

26-05-2025T09:25:46 - [TEST_STEP][PASSED] - setValueToCellByIndex(sheet01, n, 1, DZO): null

26-05-2025T09:25:46 - [TEST_STEP][PASSED] - setValueToCellByIndex(sheet01, n, 2, vidget): null

26-05-2025T09:25:46 - [TEST_STEP][PASSED] - setValueToCellByIndex(sheet01, n, 3, typeOfData): null

26-05-2025T09:25:46 - [TEST_STEP][PASSED] - setValueToCellByIndex(sheet01, n, 4, otobrajeniyeDannyh): null

26-05-2025T09:25:46 - [TEST_STEP][PASSED] - setValueToCellByIndex(sheet01, n, 5, period): null

26-05-2025T09:25:46 - [TEST_STEP][PASSED] - setValueToCellByIndex(sheet01, n, 6, todaysDate): null

26-05-2025T09:25:46 - [TEST_STEP][PASSED] - n = n + 1: null

26-05-2025T09:25:46 - [TEST_STEP][PASSED] - saveWorkbook(excelFilePath, workbook01): null

26-05-2025T09:25:46 - [TEST_STEP][PASSED] - closeBrowser(): Browser is closed

26-05-2025T09:25:46 - [MESSAGE][PASSED] - Browser is closed]]></system-out>
         <system-err><![CDATA[26-05-2025T09:23:26 - [TEST_CASE][FAILED] - Test Cases/Сверки дашбордов/Факторный анализ сверка дашбордов: Test Cases/Сверки дашбордов/Факторный анализ сверка дашбордов FAILED.
Reason:
com.kms.katalon.core.exception.StepFailedException: Unable to verify equal between actual object '0 3 047' and expected object '0 0' (Root cause: com.kms.katalon.core.exception.StepFailedException: Actual object '0 3 047' and expected object '0 0' are not equal
	at com.kms.katalon.core.keyword.builtin.VerifyEqualKeyword$_verifyEqual_closure1.doCall(VerifyEqualKeyword.groovy:58)
	at com.kms.katalon.core.keyword.builtin.VerifyEqualKeyword$_verifyEqual_closure1.call(VerifyEqualKeyword.groovy)
	at com.kms.katalon.core.keyword.internal.KeywordMain.runKeyword(KeywordMain.groovy:75)
	at com.kms.katalon.core.keyword.builtin.VerifyEqualKeyword.verifyEqual(VerifyEqualKeyword.groovy:63)
	at com.kms.katalon.core.keyword.builtin.VerifyEqualKeyword.execute(VerifyEqualKeyword.groovy:44)
	at com.kms.katalon.core.keyword.internal.KeywordExecutor.executeKeywordForPlatform(KeywordExecutor.groovy:74)
	at com.kms.katalon.core.keyword.BuiltinKeywords.verifyEqual(BuiltinKeywords.groovy:146)
	at jdk.internal.reflect.GeneratedMethodAccessor23.invoke(Unknown Source)
	at java.base/jdk.internal.reflect.DelegatingMethodAccessorImpl.invoke(DelegatingMethodAccessorImpl.java:43)
	at Факторный анализ сверка дашбордов.CompareDZO(Факторный анализ сверка дашбордов:713)
	at Факторный анализ сверка дашбордов.Test(Факторный анализ сверка дашбордов:687)
	at Факторный анализ сверка дашбордов.run(Факторный анализ сверка дашбордов:44)
	at com.kms.katalon.core.main.ScriptEngine.run(ScriptEngine.java:194)
	at com.kms.katalon.core.main.ScriptEngine.runScriptAsRawText(ScriptEngine.java:119)
	at com.kms.katalon.core.main.TestCaseExecutor.runScript(TestCaseExecutor.java:448)
	at com.kms.katalon.core.main.TestCaseExecutor.doExecute(TestCaseExecutor.java:439)
	at com.kms.katalon.core.main.TestCaseExecutor.processExecutionPhase(TestCaseExecutor.java:418)
	at com.kms.katalon.core.main.TestCaseExecutor.accessMainPhase(TestCaseExecutor.java:410)
	at com.kms.katalon.core.main.TestCaseExecutor.execute(TestCaseExecutor.java:285)
	at com.kms.katalon.core.common.CommonExecutor.accessTestCaseMainPhase(CommonExecutor.java:65)
	at com.kms.katalon.core.main.TestSuiteExecutor.accessTestSuiteMainPhase(TestSuiteExecutor.java:150)
	at com.kms.katalon.core.main.TestSuiteExecutor.execute(TestSuiteExecutor.java:106)
	at com.kms.katalon.core.main.TestCaseMain.startTestSuite(TestCaseMain.java:180)
	at TempTestSuite1748228991768.run(TempTestSuite1748228991768.groovy:35)
	at java.base/jdk.internal.reflect.NativeMethodAccessorImpl.invoke0(Native Method)
	at java.base/jdk.internal.reflect.NativeMethodAccessorImpl.invoke(NativeMethodAccessorImpl.java:77)
	at java.base/jdk.internal.reflect.DelegatingMethodAccessorImpl.invoke(DelegatingMethodAccessorImpl.java:43)
)
	at com.kms.katalon.core.keyword.internal.KeywordMain.stepFailed(KeywordMain.groovy:39)
	at com.kms.katalon.core.keyword.internal.KeywordMain.stepFailed(KeywordMain.groovy)
	at com.kms.katalon.core.keyword.internal.KeywordMain.runKeyword(KeywordMain.groovy:77)
	at com.kms.katalon.core.keyword.builtin.VerifyEqualKeyword.verifyEqual(VerifyEqualKeyword.groovy:63)
	at com.kms.katalon.core.keyword.builtin.VerifyEqualKeyword.execute(VerifyEqualKeyword.groovy:44)
	at com.kms.katalon.core.keyword.internal.KeywordExecutor.executeKeywordForPlatform(KeywordExecutor.groovy:74)
	at com.kms.katalon.core.keyword.BuiltinKeywords.verifyEqual(BuiltinKeywords.groovy:146)
	at jdk.internal.reflect.GeneratedMethodAccessor23.invoke(Unknown Source)
	at java.base/jdk.internal.reflect.DelegatingMethodAccessorImpl.invoke(DelegatingMethodAccessorImpl.java:43)
	at Факторный анализ сверка дашбордов.CompareDZO(Факторный анализ сверка дашбордов:713)
	at Факторный анализ сверка дашбордов.Test(Факторный анализ сверка дашбордов:687)
	at Факторный анализ сверка дашбордов.run(Факторный анализ сверка дашбордов:44)
	at com.kms.katalon.core.main.ScriptEngine.run(ScriptEngine.java:194)
	at com.kms.katalon.core.main.ScriptEngine.runScriptAsRawText(ScriptEngine.java:119)
	at com.kms.katalon.core.main.TestCaseExecutor.runScript(TestCaseExecutor.java:448)
	at com.kms.katalon.core.main.TestCaseExecutor.doExecute(TestCaseExecutor.java:439)
	at com.kms.katalon.core.main.TestCaseExecutor.processExecutionPhase(TestCaseExecutor.java:418)
	at com.kms.katalon.core.main.TestCaseExecutor.accessMainPhase(TestCaseExecutor.java:410)
	at com.kms.katalon.core.main.TestCaseExecutor.execute(TestCaseExecutor.java:285)
	at com.kms.katalon.core.common.CommonExecutor.accessTestCaseMainPhase(CommonExecutor.java:65)
	at com.kms.katalon.core.main.TestSuiteExecutor.accessTestSuiteMainPhase(TestSuiteExecutor.java:150)
	at com.kms.katalon.core.main.TestSuiteExecutor.execute(TestSuiteExecutor.java:106)
	at com.kms.katalon.core.main.TestCaseMain.startTestSuite(TestCaseMain.java:180)
	at TempTestSuite1748228991768.run(TempTestSuite1748228991768.groovy:35)
	at java.base/jdk.internal.reflect.NativeMethodAccessorImpl.invoke0(Native Method)
	at java.base/jdk.internal.reflect.NativeMethodAccessorImpl.invoke(NativeMethodAccessorImpl.java:77)
	at java.base/jdk.internal.reflect.DelegatingMethodAccessorImpl.invoke(DelegatingMethodAccessorImpl.java:43)
Caused by: com.kms.katalon.core.exception.StepFailedException: Actual object '0 3 047' and expected object '0 0' are not equal
	at com.kms.katalon.core.keyword.builtin.VerifyEqualKeyword$_verifyEqual_closure1.doCall(VerifyEqualKeyword.groovy:58)
	at com.kms.katalon.core.keyword.builtin.VerifyEqualKeyword$_verifyEqual_closure1.call(VerifyEqualKeyword.groovy)
	at com.kms.katalon.core.keyword.internal.KeywordMain.runKeyword(KeywordMain.groovy:75)
	... 24 more]]></system-err>
      </testcase>
      <testcase name="Test Cases/Выполнение бизнес-плана/Выполнение бизнес-плана Сверка ПАО Россети все филиалы" time="1035.468" classname="Test Cases/Выполнение бизнес-плана/Выполнение бизнес-плана Сверка ПАО Россети все филиалы" status="FAILED">
         <failure type="FAILED" message="Test Cases/Выполнение бизнес-плана/Выполнение бизнес-плана Сверка ПАО Россети все филиалы FAILED.&#xa;Reason:&#xa;com.kms.katalon.core.exception.StepFailedException: Unable to verify equal between actual object '6' and expected object '0' (Root cause: com.kms.katalon.core.exception.StepFailedException: Actual object '6' and expected object '0' are not equal&#xa;	at com.kms.katalon.core.keyword.builtin.VerifyEqualKeyword$_verifyEqual_closure1.doCall(VerifyEqualKeyword.groovy:58)&#xa;	at com.kms.katalon.core.keyword.builtin.VerifyEqualKeyword$_verifyEqual_closure1.call(VerifyEqualKeyword.groovy)&#xa;	at com.kms.katalon.core.keyword.internal.KeywordMain.runKeyword(KeywordMain.groovy:75)&#xa;	at com.kms.katalon.core.keyword.builtin.VerifyEqualKeyword.verifyEqual(VerifyEqualKeyword.groovy:63)&#xa;	at com.kms.katalon.core.keyword.builtin.VerifyEqualKeyword.execute(VerifyEqualKeyword.groovy:44)&#xa;	at com.kms.katalon.core.keyword.internal.KeywordExecutor.executeKeywordForPlatform(KeywordExecutor.groovy:74)&#xa;	at com.kms.katalon.core.keyword.BuiltinKeywords.verifyEqual(BuiltinKeywords.groovy:146)&#xa;	at jdk.internal.reflect.GeneratedMethodAccessor23.invoke(Unknown Source)&#xa;	at java.base/jdk.internal.reflect.DelegatingMethodAccessorImpl.invoke(DelegatingMethodAccessorImpl.java:43)&#xa;	at Выполнение бизнес-плана Сверка ПАО Россети все филиалы.Numbers(Выполнение бизнес-плана Сверка ПАО Россети все филиалы:749)&#xa;	at Выполнение бизнес-плана Сверка ПАО Россети все филиалы.run(Выполнение бизнес-плана Сверка ПАО Россети все филиалы:168)&#xa;	at com.kms.katalon.core.main.ScriptEngine.run(ScriptEngine.java:194)&#xa;	at com.kms.katalon.core.main.ScriptEngine.runScriptAsRawText(ScriptEngine.java:119)&#xa;	at com.kms.katalon.core.main.TestCaseExecutor.runScript(TestCaseExecutor.java:448)&#xa;	at com.kms.katalon.core.main.TestCaseExecutor.doExecute(TestCaseExecutor.java:439)&#xa;	at com.kms.katalon.core.main.TestCaseExecutor.processExecutionPhase(TestCaseExecutor.java:418)&#xa;	at com.kms.katalon.core.main.TestCaseExecutor.accessMainPhase(TestCaseExecutor.java:410)&#xa;	at com.kms.katalon.core.main.TestCaseExecutor.execute(TestCaseExecutor.java:285)&#xa;	at com.kms.katalon.core.common.CommonExecutor.accessTestCaseMainPhase(CommonExecutor.java:65)&#xa;	at com.kms.katalon.core.main.TestSuiteExecutor.accessTestSuiteMainPhase(TestSuiteExecutor.java:150)&#xa;	at com.kms.katalon.core.main.TestSuiteExecutor.execute(TestSuiteExecutor.java:106)&#xa;	at com.kms.katalon.core.main.TestCaseMain.startTestSuite(TestCaseMain.java:180)&#xa;	at TempTestSuite1748228991768.run(TempTestSuite1748228991768.groovy:35)&#xa;	at java.base/jdk.internal.reflect.NativeMethodAccessorImpl.invoke0(Native Method)&#xa;	at java.base/jdk.internal.reflect.NativeMethodAccessorImpl.invoke(NativeMethodAccessorImpl.java:77)&#xa;	at java.base/jdk.internal.reflect.DelegatingMethodAccessorImpl.invoke(DelegatingMethodAccessorImpl.java:43)&#xa;)&#xa;	at com.kms.katalon.core.keyword.internal.KeywordMain.stepFailed(KeywordMain.groovy:39)&#xa;	at com.kms.katalon.core.keyword.internal.KeywordMain.stepFailed(KeywordMain.groovy)&#xa;	at com.kms.katalon.core.keyword.internal.KeywordMain.runKeyword(KeywordMain.groovy:77)&#xa;	at com.kms.katalon.core.keyword.builtin.VerifyEqualKeyword.verifyEqual(VerifyEqualKeyword.groovy:63)&#xa;	at com.kms.katalon.core.keyword.builtin.VerifyEqualKeyword.execute(VerifyEqualKeyword.groovy:44)&#xa;	at com.kms.katalon.core.keyword.internal.KeywordExecutor.executeKeywordForPlatform(KeywordExecutor.groovy:74)&#xa;	at com.kms.katalon.core.keyword.BuiltinKeywords.verifyEqual(BuiltinKeywords.groovy:146)&#xa;	at jdk.internal.reflect.GeneratedMethodAccessor23.invoke(Unknown Source)&#xa;	at java.base/jdk.internal.reflect.DelegatingMethodAccessorImpl.invoke(DelegatingMethodAccessorImpl.java:43)&#xa;	at Выполнение бизнес-плана Сверка ПАО Россети все филиалы.Numbers(Выполнение бизнес-плана Сверка ПАО Россети все филиалы:749)&#xa;	at Выполнение бизнес-плана Сверка ПАО Россети все филиалы.run(Выполнение бизнес-плана Сверка ПАО Россети все филиалы:168)&#xa;	at com.kms.katalon.core.main.ScriptEngine.run(ScriptEngine.java:194)&#xa;	at com.kms.katalon.core.main.ScriptEngine.runScriptAsRawText(ScriptEngine.java:119)&#xa;	at com.kms.katalon.core.main.TestCaseExecutor.runScript(TestCaseExecutor.java:448)&#xa;	at com.kms.katalon.core.main.TestCaseExecutor.doExecute(TestCaseExecutor.java:439)&#xa;	at com.kms.katalon.core.main.TestCaseExecutor.processExecutionPhase(TestCaseExecutor.java:418)&#xa;	at com.kms.katalon.core.main.TestCaseExecutor.accessMainPhase(TestCaseExecutor.java:410)&#xa;	at com.kms.katalon.core.main.TestCaseExecutor.execute(TestCaseExecutor.java:285)&#xa;	at com.kms.katalon.core.common.CommonExecutor.accessTestCaseMainPhase(CommonExecutor.java:65)&#xa;	at com.kms.katalon.core.main.TestSuiteExecutor.accessTestSuiteMainPhase(TestSuiteExecutor.java:150)&#xa;	at com.kms.katalon.core.main.TestSuiteExecutor.execute(TestSuiteExecutor.java:106)&#xa;	at com.kms.katalon.core.main.TestCaseMain.startTestSuite(TestCaseMain.java:180)&#xa;	at TempTestSuite1748228991768.run(TempTestSuite1748228991768.groovy:35)&#xa;	at java.base/jdk.internal.reflect.NativeMethodAccessorImpl.invoke0(Native Method)&#xa;	at java.base/jdk.internal.reflect.NativeMethodAccessorImpl.invoke(NativeMethodAccessorImpl.java:77)&#xa;	at java.base/jdk.internal.reflect.DelegatingMethodAccessorImpl.invoke(DelegatingMethodAccessorImpl.java:43)&#xa;Caused by: com.kms.katalon.core.exception.StepFailedException: Actual object '6' and expected object '0' are not equal&#xa;	at com.kms.katalon.core.keyword.builtin.VerifyEqualKeyword$_verifyEqual_closure1.doCall(VerifyEqualKeyword.groovy:58)&#xa;	at com.kms.katalon.core.keyword.builtin.VerifyEqualKeyword$_verifyEqual_closure1.call(VerifyEqualKeyword.groovy)&#xa;	at com.kms.katalon.core.keyword.internal.KeywordMain.runKeyword(KeywordMain.groovy:75)&#xa;	... 23 more&#xa;"/>
         <system-out><![CDATA[26-05-2025T09:25:46 - [TEST_CASE][FAILED] - Test Cases/Выполнение бизнес-плана/Выполнение бизнес-плана Сверка ПАО Россети все филиалы: Test Cases/Выполнение бизнес-плана/Выполнение бизнес-плана Сверка ПАО Россети все филиалы FAILED.
Reason:
com.kms.katalon.core.exception.StepFailedException: Unable to verify equal between actual object '6' and expected object '0' (Root cause: com.kms.katalon.core.exception.StepFailedException: Actual object '6' and expected object '0' are not equal
	at com.kms.katalon.core.keyword.builtin.VerifyEqualKeyword$_verifyEqual_closure1.doCall(VerifyEqualKeyword.groovy:58)
	at com.kms.katalon.core.keyword.builtin.VerifyEqualKeyword$_verifyEqual_closure1.call(VerifyEqualKeyword.groovy)
	at com.kms.katalon.core.keyword.internal.KeywordMain.runKeyword(KeywordMain.groovy:75)
	at com.kms.katalon.core.keyword.builtin.VerifyEqualKeyword.verifyEqual(VerifyEqualKeyword.groovy:63)
	at com.kms.katalon.core.keyword.builtin.VerifyEqualKeyword.execute(VerifyEqualKeyword.groovy:44)
	at com.kms.katalon.core.keyword.internal.KeywordExecutor.executeKeywordForPlatform(KeywordExecutor.groovy:74)
	at com.kms.katalon.core.keyword.BuiltinKeywords.verifyEqual(BuiltinKeywords.groovy:146)
	at jdk.internal.reflect.GeneratedMethodAccessor23.invoke(Unknown Source)
	at java.base/jdk.internal.reflect.DelegatingMethodAccessorImpl.invoke(DelegatingMethodAccessorImpl.java:43)
	at Выполнение бизнес-плана Сверка ПАО Россети все филиалы.Numbers(Выполнение бизнес-плана Сверка ПАО Россети все филиалы:749)
	at Выполнение бизнес-плана Сверка ПАО Россети все филиалы.run(Выполнение бизнес-плана Сверка ПАО Россети все филиалы:168)
	at com.kms.katalon.core.main.ScriptEngine.run(ScriptEngine.java:194)
	at com.kms.katalon.core.main.ScriptEngine.runScriptAsRawText(ScriptEngine.java:119)
	at com.kms.katalon.core.main.TestCaseExecutor.runScript(TestCaseExecutor.java:448)
	at com.kms.katalon.core.main.TestCaseExecutor.doExecute(TestCaseExecutor.java:439)
	at com.kms.katalon.core.main.TestCaseExecutor.processExecutionPhase(TestCaseExecutor.java:418)
	at com.kms.katalon.core.main.TestCaseExecutor.accessMainPhase(TestCaseExecutor.java:410)
	at com.kms.katalon.core.main.TestCaseExecutor.execute(TestCaseExecutor.java:285)
	at com.kms.katalon.core.common.CommonExecutor.accessTestCaseMainPhase(CommonExecutor.java:65)
	at com.kms.katalon.core.main.TestSuiteExecutor.accessTestSuiteMainPhase(TestSuiteExecutor.java:150)
	at com.kms.katalon.core.main.TestSuiteExecutor.execute(TestSuiteExecutor.java:106)
	at com.kms.katalon.core.main.TestCaseMain.startTestSuite(TestCaseMain.java:180)
	at TempTestSuite1748228991768.run(TempTestSuite1748228991768.groovy:35)
	at java.base/jdk.internal.reflect.NativeMethodAccessorImpl.invoke0(Native Method)
	at java.base/jdk.internal.reflect.NativeMethodAccessorImpl.invoke(NativeMethodAccessorImpl.java:77)
	at java.base/jdk.internal.reflect.DelegatingMethodAccessorImpl.invoke(DelegatingMethodAccessorImpl.java:43)
)
	at com.kms.katalon.core.keyword.internal.KeywordMain.stepFailed(KeywordMain.groovy:39)
	at com.kms.katalon.core.keyword.internal.KeywordMain.stepFailed(KeywordMain.groovy)
	at com.kms.katalon.core.keyword.internal.KeywordMain.runKeyword(KeywordMain.groovy:77)
	at com.kms.katalon.core.keyword.builtin.VerifyEqualKeyword.verifyEqual(VerifyEqualKeyword.groovy:63)
	at com.kms.katalon.core.keyword.builtin.VerifyEqualKeyword.execute(VerifyEqualKeyword.groovy:44)
	at com.kms.katalon.core.keyword.internal.KeywordExecutor.executeKeywordForPlatform(KeywordExecutor.groovy:74)
	at com.kms.katalon.core.keyword.BuiltinKeywords.verifyEqual(BuiltinKeywords.groovy:146)
	at jdk.internal.reflect.GeneratedMethodAccessor23.invoke(Unknown Source)
	at java.base/jdk.internal.reflect.DelegatingMethodAccessorImpl.invoke(DelegatingMethodAccessorImpl.java:43)
	at Выполнение бизнес-плана Сверка ПАО Россети все филиалы.Numbers(Выполнение бизнес-плана Сверка ПАО Россети все филиалы:749)
	at Выполнение бизнес-плана Сверка ПАО Россети все филиалы.run(Выполнение бизнес-плана Сверка ПАО Россети все филиалы:168)
	at com.kms.katalon.core.main.ScriptEngine.run(ScriptEngine.java:194)
	at com.kms.katalon.core.main.ScriptEngine.runScriptAsRawText(ScriptEngine.java:119)
	at com.kms.katalon.core.main.TestCaseExecutor.runScript(TestCaseExecutor.java:448)
	at com.kms.katalon.core.main.TestCaseExecutor.doExecute(TestCaseExecutor.java:439)
	at com.kms.katalon.core.main.TestCaseExecutor.processExecutionPhase(TestCaseExecutor.java:418)
	at com.kms.katalon.core.main.TestCaseExecutor.accessMainPhase(TestCaseExecutor.java:410)
	at com.kms.katalon.core.main.TestCaseExecutor.execute(TestCaseExecutor.java:285)
	at com.kms.katalon.core.common.CommonExecutor.accessTestCaseMainPhase(CommonExecutor.java:65)
	at com.kms.katalon.core.main.TestSuiteExecutor.accessTestSuiteMainPhase(TestSuiteExecutor.java:150)
	at com.kms.katalon.core.main.TestSuiteExecutor.execute(TestSuiteExecutor.java:106)
	at com.kms.katalon.core.main.TestCaseMain.startTestSuite(TestCaseMain.java:180)
	at TempTestSuite1748228991768.run(TempTestSuite1748228991768.groovy:35)
	at java.base/jdk.internal.reflect.NativeMethodAccessorImpl.invoke0(Native Method)
	at java.base/jdk.internal.reflect.NativeMethodAccessorImpl.invoke(NativeMethodAccessorImpl.java:77)
	at java.base/jdk.internal.reflect.DelegatingMethodAccessorImpl.invoke(DelegatingMethodAccessorImpl.java:43)
Caused by: com.kms.katalon.core.exception.StepFailedException: Actual object '6' and expected object '0' are not equal
	at com.kms.katalon.core.keyword.builtin.VerifyEqualKeyword$_verifyEqual_closure1.doCall(VerifyEqualKeyword.groovy:58)
	at com.kms.katalon.core.keyword.builtin.VerifyEqualKeyword$_verifyEqual_closure1.call(VerifyEqualKeyword.groovy)
	at com.kms.katalon.core.keyword.internal.KeywordMain.runKeyword(KeywordMain.groovy:75)
	... 23 more


26-05-2025T09:25:47 - [TEST_STEP][PASSED] - openBrowser(""): Browser is opened with url: ''

26-05-2025T09:25:47 - [MESSAGE][INFO] - Starting 'Chrome' driver

26-05-2025T09:25:47 - [MESSAGE][INFO] - Action delay is set to 0 milliseconds

26-05-2025T09:25:48 - [MESSAGE][PASSED] - Browser is opened with url: ''

26-05-2025T09:25:48 - [TEST_STEP][PASSED] - date = new java.util.Date(): null

26-05-2025T09:25:48 - [TEST_STEP][PASSED] - todaysDate = date.format("dd.MM.yyyy"): null

26-05-2025T09:25:48 - [TEST_STEP][PASSED] - dZO = <not implemented yet for class: org.codehaus.groovy.ast.expr.EmptyExpression>: null

26-05-2025T09:25:48 - [TEST_STEP][PASSED] - a = <not implemented yet for class: org.codehaus.groovy.ast.expr.EmptyExpression>: null

26-05-2025T09:25:48 - [TEST_STEP][PASSED] - fileperc = <not implemented yet for class: org.codehaus.groovy.ast.expr.EmptyExpression>: null

26-05-2025T09:25:48 - [TEST_STEP][PASSED] - pageperc = <not implemented yet for class: org.codehaus.groovy.ast.expr.EmptyExpression>: null

26-05-2025T09:25:48 - [TEST_STEP][PASSED] - pageInt = <not implemented yet for class: org.codehaus.groovy.ast.expr.EmptyExpression>: null

26-05-2025T09:25:48 - [TEST_STEP][PASSED] - fileInt = <not implemented yet for class: org.codehaus.groovy.ast.expr.EmptyExpression>: null

26-05-2025T09:25:48 - [TEST_STEP][PASSED] - pageDouble = <not implemented yet for class: org.codehaus.groovy.ast.expr.EmptyExpression>: null

26-05-2025T09:25:48 - [TEST_STEP][PASSED] - fileDouble = <not implemented yet for class: org.codehaus.groovy.ast.expr.EmptyExpression>: null

26-05-2025T09:25:48 - [TEST_STEP][PASSED] - typeOfData = <not implemented yet for class: org.codehaus.groovy.ast.expr.EmptyExpression>: null

26-05-2025T09:25:48 - [TEST_STEP][PASSED] - dzoNum = 0: null

26-05-2025T09:25:48 - [TEST_STEP][PASSED] - filialNum = 0: null

26-05-2025T09:25:48 - [TEST_STEP][PASSED] - urlText = <not implemented yet for class: org.codehaus.groovy.ast.expr.EmptyExpression>: null

26-05-2025T09:25:48 - [TEST_STEP][PASSED] - searchWord = <not implemented yet for class: org.codehaus.groovy.ast.expr.EmptyExpression>: null

26-05-2025T09:25:48 - [TEST_STEP][PASSED] - i = <not implemented yet for class: org.codehaus.groovy.ast.expr.EmptyExpression>: null

26-05-2025T09:25:48 - [TEST_STEP][PASSED] - ii = <not implemented yet for class: org.codehaus.groovy.ast.expr.EmptyExpression>: null

26-05-2025T09:25:48 - [TEST_STEP][PASSED] - navigateToUrl(findTestData("PlanFact").getValue(10, 1)): Navigate to 'https://bi.rosseti.digital/viewer?dashboardGuid=d154a8eaf6824e2b9de1bb04dd061c18&sheetGuid=1305e8ce744049e1abdacea1ea397a26&fit=true' successfully

26-05-2025T09:25:51 - [MESSAGE][PASSED] - Navigate to 'https://bi.rosseti.digital/viewer?dashboardGuid=d154a8eaf6824e2b9de1bb04dd061c18&sheetGuid=1305e8ce744049e1abdacea1ea397a26&fit=true' successfully

26-05-2025T09:25:51 - [TEST_STEP][PASSED] - urlText = getText(findTestObject("Страница авторизации/Text")): Text of object 'Object Repository/Страница авторизации/Text' is: 'Вход'

26-05-2025T09:25:52 - [MESSAGE][PASSED] - Text of object 'Object Repository/Страница авторизации/Text' is: 'Вход'

26-05-2025T09:25:52 - [TEST_STEP][PASSED] - delay(20): Delayed 20 second(s)

26-05-2025T09:26:12 - [MESSAGE][PASSED] - Delayed 20 second(s)

26-05-2025T09:26:12 - [TEST_STEP][PASSED] - searchWord = "Вход": null

26-05-2025T09:26:12 - [TEST_STEP][PASSED] - if (urlText.contains(searchWord) == false): null

26-05-2025T09:26:12 - [TEST_STEP][PASSED] - setText(findTestObject("Страница авторизации/input__username"), findTestData("PlanFact").getValue(8, 1)): Text 'liazgina-di' is set on object 'Object Repository/Страница авторизации/input__username'

26-05-2025T09:26:12 - [MESSAGE][PASSED] - Text 'liazgina-di' is set on object 'Object Repository/Страница авторизации/input__username'

26-05-2025T09:26:12 - [TEST_STEP][PASSED] - setText(findTestObject("Страница авторизации/input__password"), findTestData("PlanFact").getValue(9, 1)): Text ')$%5srZ8o688Dm#q' is set on object 'Object Repository/Страница авторизации/input__password'

26-05-2025T09:26:13 - [MESSAGE][PASSED] - Text ')$%5srZ8o688Dm#q' is set on object 'Object Repository/Страница авторизации/input__password'

26-05-2025T09:26:13 - [TEST_STEP][PASSED] - click(findTestObject("Страница авторизации/button_")): Object: 'Object Repository/Страница авторизации/button_' is clicked on

26-05-2025T09:26:14 - [MESSAGE][PASSED] - Object: 'Object Repository/Страница авторизации/button_' is clicked on

26-05-2025T09:26:14 - [TEST_STEP][PASSED] - delay(50): Delayed 50 second(s)

26-05-2025T09:27:04 - [MESSAGE][PASSED] - Delayed 50 second(s)

26-05-2025T09:27:04 - [TEST_STEP][PASSED] - searchWord = "ДЗО": null

26-05-2025T09:27:04 - [TEST_STEP][PASSED] - urlText = getText(findTestObject("Страница авторизации/Text")): Text of object 'Object Repository/Страница авторизации/Text' is: 'ДЗО 
ПАО Россети
Период
1 кв. 2025 года
Отклонения фактического уровня потерь от бизнес-плана, п.п.
0.05
-0.99
-0.40
-1.51
-0.19
-0.38
-0.25
-1.05
-0.60
-1.44
-1.52
Россети ФСК ЕЭС
Россети Волга
Россети Московскийрегион
Россети Северо-Запад
Россети Томск
Россети Тюмень
Россети Урал (ГК)
Россети Центр (ГК)
Россети Центр иПриволжье (ГК)
Россети Юг (ГК)
Россети Янтарь
-2
0
2
4
6
8

Уровень потерь электроэнергии
Россети ФСК ЕЭС
Россети Волга
Россети Московский регион
Россети Северо-Запад
Россети Томск
Россети Урал (ГК)
Россети Юг (ГК)
Россети Янтарь
0
10
20
30
40
50
60
70
3.79
7.22
|
9.39
|
6.73
|
10.74
|
6.88
|
10.84
|
10.39
|
3.84
|
6.22
9.00
5.22
10.55
6.63
9.40
8.87
п.п.
2.60
Итого
0
1
2
3
%
5.63 5.63
8.24 8.24
План
Факт
1
100

● Бизнес-план выполнен● ●● Превышение бизнес-плана
Отклонения фактического уровня потерь от бизнес-плана за 3 месяца (нарастающим итогом), п.п.
-0.0-0.0
-1.0-1.0
-0.4-0.4
-2.5-2.5
-0.3-0.3
-0.2-0.2
-0.3-0.3
-2.6-2.6
-1.9-1.9
-1.4-1.4
-2.4-2.4
0.10.1
-0.7-0.7
-1.5-1.5
-0.2-0.2
-0.4-0.4
-0.5-0.5
-1.8-1.8
-1.5-1.5
-1.5-1.5
0.10.1
-1.0-1.0
-0.4-0.4
-1.5-1.5
-0.2-0.2
-0.4-0.4
-0.3-0.3
-1.0-1.0
-0.6-0.6
-1.4-1.4
-1.5-1.5
Россети ФСКЕЭС
АО«Тываэнерго»
АО«Чеченэнерго»
Россети Волга
РоссетиКубань
РоссетиЛенэнерго(ГК)
РоссетиМосковскийрегион
РоссетиСеверныйКавказ (ГК)
Россети Северо-Запад
Россети Сибирь(ГК)
Россети Томск
Россети Тюмень
Россети Урал(ГК)
Россети Центр
Россети Центри Приволжье(ГК)
Россети Юг (Г…
РоссетиЯнтарь
-2
0
-4
2
п.п.
Отклонения фактического уровня потерь от бизнес-плана за 3 месяца (нарастающим итогом)
-3.4-3.4
-2.5-2.5
-6.0-6.0
-1.5-1.5
-0.6-0.6
-1.6-1.6
-1.4-1.4
-4.5-4.5
-1.8-1.8
-1.9-1.9
-5.3-5.3
-1.1-1.1
-0.5-0.5
-0.7-0.7
-0.9-0.9
-2.8-2.8
-1.2-1.2
-0.8-0.8
-4.0-4.0
-1.1-1.1
-0.4-0.4
-0.5-0.5
-0.2-0.2
-1.5-1.5
Итого по ФСК ЕЭС
АО "Тываэнерго"
АО «ВМЭС»
АО «Воронежская горэлектросеть»
АО «Тульские городские электрические сети»
АО «Чеченэнерго»
АО «Ярославская электросетевая компания»
АО ЕЭСК
Алтайэнерго
Архангельский филиал
Астраханьэнерго
Белгородэнерго
Брянскэнерго
Бурятэнерго
Владимирэнерго
Волгоградэнерго
Вологодский филиал
Воронежэнерго
Дагэнерго
Ивэнерго
Ингушэнерго
-8
0

Статус данных
Просьба обратить внимание
— все данные не занесены
Факт
План
Итого – Факт
Отпуск в сеть 177 286 590
Отпуск из сети 162 684 396
Потери 14 602 194
Итого – План
Отпуск в сеть 279 622 401
Отпуск из сети 263 872 604
Потери 15 749 796
Выполнение бизнес-плана в части показателя «Уровень потерь электроэнергии»
Показатели баланса электроэнергии по ДЗО – Факт 
164 602 454 4 949 974 28 695 297 6 258 254 1 364 454 19 698 947 3 467 484 901 140
158 511 723 4 641 851 26 113 910 5 931 711 1 220 439 18 393 144 3 141 633 821 181
6 090 730 308 123 2 581 387 326 542 144 015 1 305 803 325 852 79 959
Показатели баланса электроэнергии по ДЗО – План
167 925 540 5 172 896 30 256 406 6 540 566 1 428 476 20 275 424 3 760 351 908 608
161 793 849 4 799 582 27 414 523 6 100 575 1 275 060 18 880 336 3 352 866 814 188
6 131 691 373 314 2 841 883 439 991 153 416 1 395 088 407 485 94 420'

26-05-2025T09:27:09 - [MESSAGE][PASSED] - Text of object 'Object Repository/Страница авторизации/Text' is: 'ДЗО 
ПАО Россети
Период
1 кв. 2025 года
Отклонения фактического уровня потерь от бизнес-плана, п.п.
0.05
-0.99
-0.40
-1.51
-0.19
-0.38
-0.25
-1.05
-0.60
-1.44
-1.52
Россети ФСК ЕЭС
Россети Волга
Россети Московскийрегион
Россети Северо-Запад
Россети Томск
Россети Тюмень
Россети Урал (ГК)
Россети Центр (ГК)
Россети Центр иПриволжье (ГК)
Россети Юг (ГК)
Россети Янтарь
-2
0
2
4
6
8

Уровень потерь электроэнергии
Россети ФСК ЕЭС
Россети Волга
Россети Московский регион
Россети Северо-Запад
Россети Томск
Россети Урал (ГК)
Россети Юг (ГК)
Россети Янтарь
0
10
20
30
40
50
60
70
3.79
7.22
|
9.39
|
6.73
|
10.74
|
6.88
|
10.84
|
10.39
|
3.84
|
6.22
9.00
5.22
10.55
6.63
9.40
8.87
п.п.
2.60
Итого
0
1
2
3
%
5.63 5.63
8.24 8.24
План
Факт
1
100

● Бизнес-план выполнен● ●● Превышение бизнес-плана
Отклонения фактического уровня потерь от бизнес-плана за 3 месяца (нарастающим итогом), п.п.
-0.0-0.0
-1.0-1.0
-0.4-0.4
-2.5-2.5
-0.3-0.3
-0.2-0.2
-0.3-0.3
-2.6-2.6
-1.9-1.9
-1.4-1.4
-2.4-2.4
0.10.1
-0.7-0.7
-1.5-1.5
-0.2-0.2
-0.4-0.4
-0.5-0.5
-1.8-1.8
-1.5-1.5
-1.5-1.5
0.10.1
-1.0-1.0
-0.4-0.4
-1.5-1.5
-0.2-0.2
-0.4-0.4
-0.3-0.3
-1.0-1.0
-0.6-0.6
-1.4-1.4
-1.5-1.5
Россети ФСКЕЭС
АО«Тываэнерго»
АО«Чеченэнерго»
Россети Волга
РоссетиКубань
РоссетиЛенэнерго(ГК)
РоссетиМосковскийрегион
РоссетиСеверныйКавказ (ГК)
Россети Северо-Запад
Россети Сибирь(ГК)
Россети Томск
Россети Тюмень
Россети Урал(ГК)
Россети Центр
Россети Центри Приволжье(ГК)
Россети Юг (Г…
РоссетиЯнтарь
-2
0
-4
2
п.п.
Отклонения фактического уровня потерь от бизнес-плана за 3 месяца (нарастающим итогом)
-3.4-3.4
-2.5-2.5
-6.0-6.0
-1.5-1.5
-0.6-0.6
-1.6-1.6
-1.4-1.4
-4.5-4.5
-1.8-1.8
-1.9-1.9
-5.3-5.3
-1.1-1.1
-0.5-0.5
-0.7-0.7
-0.9-0.9
-2.8-2.8
-1.2-1.2
-0.8-0.8
-4.0-4.0
-1.1-1.1
-0.4-0.4
-0.5-0.5
-0.2-0.2
-1.5-1.5
Итого по ФСК ЕЭС
АО "Тываэнерго"
АО «ВМЭС»
АО «Воронежская горэлектросеть»
АО «Тульские городские электрические сети»
АО «Чеченэнерго»
АО «Ярославская электросетевая компания»
АО ЕЭСК
Алтайэнерго
Архангельский филиал
Астраханьэнерго
Белгородэнерго
Брянскэнерго
Бурятэнерго
Владимирэнерго
Волгоградэнерго
Вологодский филиал
Воронежэнерго
Дагэнерго
Ивэнерго
Ингушэнерго
-8
0

Статус данных
Просьба обратить внимание
— все данные не занесены
Факт
План
Итого – Факт
Отпуск в сеть 177 286 590
Отпуск из сети 162 684 396
Потери 14 602 194
Итого – План
Отпуск в сеть 279 622 401
Отпуск из сети 263 872 604
Потери 15 749 796
Выполнение бизнес-плана в части показателя «Уровень потерь электроэнергии»
Показатели баланса электроэнергии по ДЗО – Факт 
164 602 454 4 949 974 28 695 297 6 258 254 1 364 454 19 698 947 3 467 484 901 140
158 511 723 4 641 851 26 113 910 5 931 711 1 220 439 18 393 144 3 141 633 821 181
6 090 730 308 123 2 581 387 326 542 144 015 1 305 803 325 852 79 959
Показатели баланса электроэнергии по ДЗО – План
167 925 540 5 172 896 30 256 406 6 540 566 1 428 476 20 275 424 3 760 351 908 608
161 793 849 4 799 582 27 414 523 6 100 575 1 275 060 18 880 336 3 352 866 814 188
6 131 691 373 314 2 841 883 439 991 153 416 1 395 088 407 485 94 420'

26-05-2025T09:27:09 - [TEST_STEP][PASSED] - if (urlText.contains("ошибка") || urlText.contains(searchWord) == false): null

26-05-2025T09:27:09 - [TEST_STEP][PASSED] - Script1718980020443.ZakrytOpoveshenie(): null

26-05-2025T09:27:09 - [TEST_STEP][PASSED] - delay(10): Delayed 10 second(s)

26-05-2025T09:27:19 - [MESSAGE][PASSED] - Delayed 10 second(s)

26-05-2025T09:27:19 - [TEST_STEP][PASSED] - opoveshenie = getText(findTestObject("Выполнение бизнес-плана/Просьба обратить внимание")): Text of object 'Object Repository/Выполнение бизнес-плана/Просьба обратить внимание' is: 'Просьба обратить внимание'

26-05-2025T09:27:19 - [MESSAGE][PASSED] - Text of object 'Object Repository/Выполнение бизнес-плана/Просьба обратить внимание' is: 'Просьба обратить внимание'

26-05-2025T09:27:19 - [TEST_STEP][PASSED] - println(opoveshenie): null

26-05-2025T09:27:19 - [TEST_STEP][PASSED] - if (opoveshenie == "Просьба обратить внимание"): Object: 'Object Repository/Выполнение бизнес-плана/Закрыть оповещение' is clicked on

26-05-2025T09:27:19 - [TEST_STEP][PASSED] - click(findTestObject("Выполнение бизнес-плана/Закрыть оповещение")): Object: 'Object Repository/Выполнение бизнес-плана/Закрыть оповещение' is clicked on

26-05-2025T09:27:19 - [MESSAGE][PASSED] - Object: 'Object Repository/Выполнение бизнес-плана/Закрыть оповещение' is clicked on

26-05-2025T09:27:19 - [TEST_STEP][PASSED] - click(findTestObject("Object Repository/Выполнение бизнес-плана/Фильтр Дата")): Object: 'Object Repository/Выполнение бизнес-плана/Фильтр Дата' is clicked on

26-05-2025T09:27:20 - [MESSAGE][PASSED] - Object: 'Object Repository/Выполнение бизнес-плана/Фильтр Дата' is clicked on

26-05-2025T09:27:20 - [TEST_STEP][PASSED] - click(findTestObject("Выполнение бизнес-плана/Снять выделение в фильтре Дата")): Object: 'Object Repository/Выполнение бизнес-плана/Снять выделение в фильтре Дата' is clicked on

26-05-2025T09:27:20 - [MESSAGE][PASSED] - Object: 'Object Repository/Выполнение бизнес-плана/Снять выделение в фильтре Дата' is clicked on

26-05-2025T09:27:20 - [TEST_STEP][PASSED] - click(findTestObject("Object Repository/Выполнение бизнес-плана/Применить в фильтре Дата")): Object: 'Object Repository/Выполнение бизнес-плана/Применить в фильтре Дата' is clicked on

26-05-2025T09:27:21 - [MESSAGE][PASSED] - Object: 'Object Repository/Выполнение бизнес-плана/Применить в фильтре Дата' is clicked on

26-05-2025T09:27:21 - [TEST_STEP][PASSED] - delay(50): Delayed 50 second(s)

26-05-2025T09:28:11 - [MESSAGE][PASSED] - Delayed 50 second(s)

26-05-2025T09:28:11 - [TEST_STEP][PASSED] - Script1718980020443.ZakrytOpoveshenie(): null

26-05-2025T09:28:11 - [TEST_STEP][PASSED] - delay(10): Delayed 10 second(s)

26-05-2025T09:28:21 - [MESSAGE][PASSED] - Delayed 10 second(s)

26-05-2025T09:28:21 - [TEST_STEP][PASSED] - opoveshenie = getText(findTestObject("Выполнение бизнес-плана/Просьба обратить внимание")): Text of object 'Object Repository/Выполнение бизнес-плана/Просьба обратить внимание' is: 'Просьба обратить внимание'

26-05-2025T09:28:21 - [MESSAGE][PASSED] - Text of object 'Object Repository/Выполнение бизнес-плана/Просьба обратить внимание' is: 'Просьба обратить внимание'

26-05-2025T09:28:21 - [TEST_STEP][PASSED] - println(opoveshenie): null

26-05-2025T09:28:21 - [TEST_STEP][PASSED] - if (opoveshenie == "Просьба обратить внимание"): Object: 'Object Repository/Выполнение бизнес-плана/Закрыть оповещение' is clicked on

26-05-2025T09:28:21 - [TEST_STEP][PASSED] - click(findTestObject("Выполнение бизнес-плана/Закрыть оповещение")): Object: 'Object Repository/Выполнение бизнес-плана/Закрыть оповещение' is clicked on

26-05-2025T09:28:22 - [MESSAGE][PASSED] - Object: 'Object Repository/Выполнение бизнес-плана/Закрыть оповещение' is clicked on

26-05-2025T09:28:22 - [TEST_STEP][PASSED] - click(findTestObject("Object Repository/Выполнение бизнес-плана/Фильтр Дата")): Object: 'Object Repository/Выполнение бизнес-плана/Фильтр Дата' is clicked on

26-05-2025T09:28:22 - [MESSAGE][PASSED] - Object: 'Object Repository/Выполнение бизнес-плана/Фильтр Дата' is clicked on

26-05-2025T09:28:22 - [TEST_STEP][PASSED] - scrollToElement(findTestObject("Выполнение бизнес-плана/2025 список"), 30): Scroll to object 'Object Repository/Выполнение бизнес-плана/2025 список' successfully

26-05-2025T09:28:23 - [MESSAGE][PASSED] - Scroll to object 'Object Repository/Выполнение бизнес-плана/2025 список' successfully

26-05-2025T09:28:23 - [TEST_STEP][PASSED] - click(findTestObject("Выполнение бизнес-плана/2025 список"), CONTINUE_ON_FAILURE): Object: 'Object Repository/Выполнение бизнес-плана/2025 список' is clicked on

26-05-2025T09:28:23 - [MESSAGE][PASSED] - Object: 'Object Repository/Выполнение бизнес-плана/2025 список' is clicked on

26-05-2025T09:28:23 - [TEST_STEP][PASSED] - scrollToElement(findTestObject("Выполнение бизнес-плана/1 квартал 2025 список"), 30): Scroll to object 'Object Repository/Выполнение бизнес-плана/1 квартал 2025 список' successfully

26-05-2025T09:28:24 - [MESSAGE][PASSED] - Scroll to object 'Object Repository/Выполнение бизнес-плана/1 квартал 2025 список' successfully

26-05-2025T09:28:24 - [TEST_STEP][PASSED] - click(findTestObject("Выполнение бизнес-плана/1 квартал 2025"), CONTINUE_ON_FAILURE): Object: 'Object Repository/Выполнение бизнес-плана/1 квартал 2025' is clicked on

26-05-2025T09:28:24 - [MESSAGE][PASSED] - Object: 'Object Repository/Выполнение бизнес-плана/1 квартал 2025' is clicked on

26-05-2025T09:28:24 - [TEST_STEP][PASSED] - scrollToElement(findTestObject("Выполнение бизнес-плана/Заголовок дашборда"), 30): Scroll to object 'Object Repository/Выполнение бизнес-плана/Заголовок дашборда' successfully

26-05-2025T09:28:25 - [MESSAGE][PASSED] - Scroll to object 'Object Repository/Выполнение бизнес-плана/Заголовок дашборда' successfully

26-05-2025T09:28:25 - [TEST_STEP][PASSED] - click(findTestObject("Object Repository/Выполнение бизнес-плана/Применить в фильтре Дата")): Object: 'Object Repository/Выполнение бизнес-плана/Применить в фильтре Дата' is clicked on

26-05-2025T09:28:25 - [MESSAGE][PASSED] - Object: 'Object Repository/Выполнение бизнес-плана/Применить в фильтре Дата' is clicked on

26-05-2025T09:28:25 - [TEST_STEP][PASSED] - delay(50): Delayed 50 second(s)

26-05-2025T09:29:15 - [MESSAGE][PASSED] - Delayed 50 second(s)

26-05-2025T09:29:15 - [TEST_STEP][PASSED] - Script1718980020443.ZakrytOpoveshenie(): null

26-05-2025T09:29:15 - [TEST_STEP][PASSED] - delay(10): Delayed 10 second(s)

26-05-2025T09:29:25 - [MESSAGE][PASSED] - Delayed 10 second(s)

26-05-2025T09:29:25 - [TEST_STEP][PASSED] - opoveshenie = getText(findTestObject("Выполнение бизнес-плана/Просьба обратить внимание")): Text of object 'Object Repository/Выполнение бизнес-плана/Просьба обратить внимание' is: 'Просьба обратить внимание'

26-05-2025T09:29:26 - [MESSAGE][PASSED] - Text of object 'Object Repository/Выполнение бизнес-плана/Просьба обратить внимание' is: 'Просьба обратить внимание'

26-05-2025T09:29:26 - [TEST_STEP][PASSED] - println(opoveshenie): null

26-05-2025T09:29:26 - [TEST_STEP][PASSED] - if (opoveshenie == "Просьба обратить внимание"): Object: 'Object Repository/Выполнение бизнес-плана/Закрыть оповещение' is clicked on

26-05-2025T09:29:26 - [TEST_STEP][PASSED] - click(findTestObject("Выполнение бизнес-плана/Закрыть оповещение")): Object: 'Object Repository/Выполнение бизнес-плана/Закрыть оповещение' is clicked on

26-05-2025T09:29:26 - [MESSAGE][PASSED] - Object: 'Object Repository/Выполнение бизнес-плана/Закрыть оповещение' is clicked on

26-05-2025T09:29:26 - [TEST_STEP][PASSED] - delay(30): Delayed 30 second(s)

26-05-2025T09:29:56 - [MESSAGE][PASSED] - Delayed 30 second(s)

26-05-2025T09:29:56 - [TEST_STEP][PASSED] - Script1718980020443.OpenFilter(): null

26-05-2025T09:29:56 - [TEST_STEP][PASSED] - click(findTestObject("Object Repository/Выполнение бизнес-плана/Фильтр ДЗО")): Object: 'Object Repository/Выполнение бизнес-плана/Фильтр ДЗО' is clicked on

26-05-2025T09:29:56 - [MESSAGE][PASSED] - Object: 'Object Repository/Выполнение бизнес-плана/Фильтр ДЗО' is clicked on

26-05-2025T09:29:56 - [TEST_STEP][PASSED] - click(findTestObject("Выполнение бизнес-плана/Снять выделение в фильтре ДЗО")): Object: 'Object Repository/Выполнение бизнес-плана/Снять выделение в фильтре ДЗО' is clicked on

26-05-2025T09:29:57 - [MESSAGE][PASSED] - Object: 'Object Repository/Выполнение бизнес-плана/Снять выделение в фильтре ДЗО' is clicked on

26-05-2025T09:29:57 - [TEST_STEP][PASSED] - click(findTestObject("Выполнение бизнес-плана/Раскрыть список ПАО Россети в фильтре ДЗО")): Object: 'Object Repository/Выполнение бизнес-плана/Раскрыть список ПАО Россети в фильтре ДЗО' is clicked on

26-05-2025T09:29:57 - [MESSAGE][PASSED] - Object: 'Object Repository/Выполнение бизнес-плана/Раскрыть список ПАО Россети в фильтре ДЗО' is clicked on

26-05-2025T09:29:57 - [TEST_STEP][PASSED] - click(findTestObject("Выполнение бизнес-плана/ПАО Россети")): Object: 'Object Repository/Выполнение бизнес-плана/ПАО Россети' is clicked on

26-05-2025T09:29:58 - [MESSAGE][PASSED] - Object: 'Object Repository/Выполнение бизнес-плана/ПАО Россети' is clicked on

26-05-2025T09:29:58 - [TEST_STEP][PASSED] - click(findTestObject("Object Repository/Выполнение бизнес-плана/Применить в фильтре ДЗО")): Object: 'Object Repository/Выполнение бизнес-плана/Применить в фильтре ДЗО' is clicked on

26-05-2025T09:29:59 - [MESSAGE][PASSED] - Object: 'Object Repository/Выполнение бизнес-плана/Применить в фильтре ДЗО' is clicked on

26-05-2025T09:29:59 - [TEST_STEP][PASSED] - delay(30): Delayed 30 second(s)

26-05-2025T09:30:29 - [MESSAGE][PASSED] - Delayed 30 second(s)

26-05-2025T09:30:29 - [TEST_STEP][PASSED] - x1 = getText(findTestObject("Выполнение бизнес-плана/Уровень потерь электроэнергии")): Text of object 'Object Repository/Выполнение бизнес-плана/Уровень потерь электроэнергии' is: 'Россети ФСК ЕЭС
Россети Волга
Россети Московский регион
Россети Северо-Запад
Россети Томск
Россети Урал (ГК)
Россети Юг (ГК)
Россети Янтарь
0
10
20
30
40
50
60
70'

26-05-2025T09:30:29 - [MESSAGE][PASSED] - Text of object 'Object Repository/Выполнение бизнес-плана/Уровень потерь электроэнергии' is: 'Россети ФСК ЕЭС
Россети Волга
Россети Московский регион
Россети Северо-Запад
Россети Томск
Россети Урал (ГК)
Россети Юг (ГК)
Россети Янтарь
0
10
20
30
40
50
60
70'

26-05-2025T09:30:29 - [TEST_STEP][PASSED] - dZO = "ПАО Россети": null

26-05-2025T09:30:29 - [TEST_STEP][PASSED] - a = 84: null

26-05-2025T09:30:29 - [TEST_STEP][PASSED] - Script1718980020443.Numbers(a, typeOfData, todaysDate, pageInt, fileInt, pageDouble, fileDouble, dZO, dzoNum, filialNum): null

26-05-2025T09:30:29 - [TEST_STEP][PASSED] - println(dzoNum): null

26-05-2025T09:30:29 - [TEST_STEP][PASSED] - planFact = <not implemented yet for class: org.codehaus.groovy.ast.expr.EmptyExpression>: null

26-05-2025T09:30:29 - [TEST_STEP][PASSED] - page = <not implemented yet for class: org.codehaus.groovy.ast.expr.EmptyExpression>: null

26-05-2025T09:30:29 - [TEST_STEP][PASSED] - page1 = <not implemented yet for class: org.codehaus.groovy.ast.expr.EmptyExpression>: null

26-05-2025T09:30:29 - [TEST_STEP][PASSED] - page2 = <not implemented yet for class: org.codehaus.groovy.ast.expr.EmptyExpression>: null

26-05-2025T09:30:29 - [TEST_STEP][PASSED] - filialNumberInRow = <not implemented yet for class: org.codehaus.groovy.ast.expr.EmptyExpression>: null

26-05-2025T09:30:29 - [TEST_STEP][PASSED] - filialsDzoNames = <not implemented yet for class: org.codehaus.groovy.ast.expr.EmptyExpression>: null

26-05-2025T09:30:29 - [TEST_STEP][PASSED] - numberOfFilials = <not implemented yet for class: org.codehaus.groovy.ast.expr.EmptyExpression>: null

26-05-2025T09:30:29 - [TEST_STEP][PASSED] - numberOfSpaces = <not implemented yet for class: org.codehaus.groovy.ast.expr.EmptyExpression>: null

26-05-2025T09:30:29 - [TEST_STEP][PASSED] - file = <not implemented yet for class: org.codehaus.groovy.ast.expr.EmptyExpression>: null

26-05-2025T09:30:29 - [TEST_STEP][PASSED] - otpusk = <not implemented yet for class: org.codehaus.groovy.ast.expr.EmptyExpression>: null

26-05-2025T09:30:29 - [TEST_STEP][PASSED] - poteri = <not implemented yet for class: org.codehaus.groovy.ast.expr.EmptyExpression>: null

26-05-2025T09:30:29 - [TEST_STEP][PASSED] - dataFolder = "Выполнение бизнес-плана/Значения со страницы Выполнение бизнес-плана/": null

26-05-2025T09:30:29 - [TEST_STEP][PASSED] - path = <not implemented yet for class: org.codehaus.groovy.ast.expr.EmptyExpression>: null

26-05-2025T09:30:29 - [TEST_STEP][PASSED] - typeOfDataMain = <not implemented yet for class: org.codehaus.groovy.ast.expr.EmptyExpression>: null

26-05-2025T09:30:29 - [TEST_STEP][PASSED] - fileOtpuskVSet = <not implemented yet for class: org.codehaus.groovy.ast.expr.EmptyExpression>: null

26-05-2025T09:30:29 - [TEST_STEP][PASSED] - pageOtpuskVSet = <not implemented yet for class: org.codehaus.groovy.ast.expr.EmptyExpression>: null

26-05-2025T09:30:29 - [TEST_STEP][PASSED] - filePoteri = <not implemented yet for class: org.codehaus.groovy.ast.expr.EmptyExpression>: null

26-05-2025T09:30:29 - [TEST_STEP][PASSED] - pagePoteri = <not implemented yet for class: org.codehaus.groovy.ast.expr.EmptyExpression>: null

26-05-2025T09:30:29 - [TEST_STEP][PASSED] - compare = <not implemented yet for class: org.codehaus.groovy.ast.expr.EmptyExpression>: null

26-05-2025T09:30:29 - [TEST_STEP][PASSED] - b = <not implemented yet for class: org.codehaus.groovy.ast.expr.EmptyExpression>: null

26-05-2025T09:30:29 - [TEST_STEP][PASSED] - i = <not implemented yet for class: org.codehaus.groovy.ast.expr.EmptyExpression>: null

26-05-2025T09:30:29 - [TEST_STEP][PASSED] - ii = <not implemented yet for class: org.codehaus.groovy.ast.expr.EmptyExpression>: null

26-05-2025T09:30:29 - [TEST_STEP][PASSED] - c = <not implemented yet for class: org.codehaus.groovy.ast.expr.EmptyExpression>: null

26-05-2025T09:30:29 - [TEST_STEP][PASSED] - numberOfErrors = 0: null

26-05-2025T09:30:29 - [TEST_STEP][PASSED] - if (a == 82): null

26-05-2025T09:30:29 - [TEST_STEP][PASSED] - b = findTestData("PlanFact").getValue(1, a): null

26-05-2025T09:30:29 - [TEST_STEP][PASSED] - i = b.indexOf(" (ГК)"): null

26-05-2025T09:30:29 - [TEST_STEP][PASSED] - if (i > -1): null

26-05-2025T09:30:29 - [TEST_STEP][PASSED] - i = b.indexOf("О ""): null

26-05-2025T09:30:29 - [TEST_STEP][PASSED] - if (i > -1): null

26-05-2025T09:30:29 - [TEST_STEP][PASSED] - i = b.indexOf("О «"): null

26-05-2025T09:30:29 - [TEST_STEP][PASSED] - if (i > -1): null

26-05-2025T09:30:29 - [TEST_STEP][PASSED] - i = b.indexOf("г. "): null

26-05-2025T09:30:29 - [TEST_STEP][PASSED] - if (i > -1): null

26-05-2025T09:30:29 - [TEST_STEP][PASSED] - b = b.trim(): null

26-05-2025T09:30:29 - [TEST_STEP][PASSED] - println(b): null

26-05-2025T09:30:29 - [TEST_STEP][PASSED] - for ([planFact = 1, planFact < 3, (planFact++)]): null

26-05-2025T09:30:29 - [TEST_STEP][PASSED] - if (planFact == 1): null

26-05-2025T09:30:29 - [TEST_STEP][PASSED] - typeOfDataMain = "Факт": null

26-05-2025T09:30:29 - [TEST_STEP][PASSED] - otpusk = findTestData("PlanFact").getValue(5, a): null

26-05-2025T09:30:29 - [TEST_STEP][PASSED] - poteri = findTestData("PlanFact").getValue(6, a): null

26-05-2025T09:30:29 - [TEST_STEP][PASSED] - otpusk = otpusk.replaceAll("\s+", ""): null

26-05-2025T09:30:29 - [TEST_STEP][PASSED] - poteri = poteri.replaceAll("\s+", ""): null

26-05-2025T09:30:29 - [TEST_STEP][PASSED] - typeOfData = typeOfDataMain + " Отпуск в сеть": null

26-05-2025T09:30:29 - [TEST_STEP][PASSED] - if (a == 82): null

26-05-2025T09:30:29 - [TEST_STEP][PASSED] - else if (a == 84): null

26-05-2025T09:30:29 - [TEST_STEP][PASSED] - path = dataFolder + typeOfData + " за отчётный период " + "ПАО Россети": null

26-05-2025T09:30:29 - [TEST_STEP][PASSED] - println(path): null

26-05-2025T09:30:29 - [TEST_STEP][PASSED] - page = getText(findTestObject(path)): Text of object 'Object Repository/Выполнение бизнес-плана/Значения со страницы Выполнение бизнес-плана/Факт Отпуск в сеть за отчётный период ПАО Россети' is: '177 286 590'

26-05-2025T09:30:30 - [MESSAGE][PASSED] - Text of object 'Object Repository/Выполнение бизнес-плана/Значения со страницы Выполнение бизнес-плана/Факт Отпуск в сеть за отчётный период ПАО Россети' is: '177 286 590'

26-05-2025T09:30:30 - [TEST_STEP][PASSED] - if (page == "" || page == null): null

26-05-2025T09:30:30 - [TEST_STEP][PASSED] - else: null

26-05-2025T09:30:30 - [TEST_STEP][PASSED] - page = page.replaceAll("\s+", ""): null

26-05-2025T09:30:30 - [TEST_STEP][PASSED] - if (page == "undefined"): null

26-05-2025T09:30:30 - [TEST_STEP][PASSED] - fileOtpuskVSet = otpusk.toInteger(): null

26-05-2025T09:30:30 - [TEST_STEP][PASSED] - pageOtpuskVSet = page.toInteger(): null

26-05-2025T09:30:30 - [TEST_STEP][PASSED] - typeOfData = typeOfDataMain + " Потери": null

26-05-2025T09:30:30 - [TEST_STEP][PASSED] - if (a == 82): null

26-05-2025T09:30:30 - [TEST_STEP][PASSED] - else if (a == 84): null

26-05-2025T09:30:30 - [TEST_STEP][PASSED] - path = dataFolder + typeOfData + " за отчётный период " + "ПАО Россети": null

26-05-2025T09:30:30 - [TEST_STEP][PASSED] - page = getText(findTestObject(path)): Text of object 'Object Repository/Выполнение бизнес-плана/Значения со страницы Выполнение бизнес-плана/Факт Потери за отчётный период ПАО Россети' is: '14 602 194'

26-05-2025T09:30:30 - [MESSAGE][PASSED] - Text of object 'Object Repository/Выполнение бизнес-плана/Значения со страницы Выполнение бизнес-плана/Факт Потери за отчётный период ПАО Россети' is: '14 602 194'

26-05-2025T09:30:30 - [TEST_STEP][PASSED] - if (page == "" || page == null): null

26-05-2025T09:30:30 - [TEST_STEP][PASSED] - else: null

26-05-2025T09:30:30 - [TEST_STEP][PASSED] - page = page.replaceAll("\s+", ""): null

26-05-2025T09:30:30 - [TEST_STEP][PASSED] - if (page == "undefined"): null

26-05-2025T09:30:30 - [TEST_STEP][PASSED] - filePoteri = poteri.toInteger(): null

26-05-2025T09:30:30 - [TEST_STEP][PASSED] - pagePoteri = page.toInteger(): null

26-05-2025T09:30:30 - [TEST_STEP][PASSED] - compare = pageOtpuskVSet: null

26-05-2025T09:30:30 - [TEST_STEP][PASSED] - if (pageOtpuskVSet != null): null

26-05-2025T09:30:30 - [TEST_STEP][PASSED] - if (compare == fileOtpuskVSet): null

26-05-2025T09:30:30 - [TEST_STEP][PASSED] - else if (compare > fileOtpuskVSet): null

26-05-2025T09:30:30 - [TEST_STEP][PASSED] - else if (compare < fileOtpuskVSet): null

26-05-2025T09:30:30 - [TEST_STEP][PASSED] - compare = compare + 1: null

26-05-2025T09:30:30 - [TEST_STEP][PASSED] - if (compare == fileOtpuskVSet): null

26-05-2025T09:30:30 - [TEST_STEP][PASSED] - else: null

26-05-2025T09:30:30 - [TEST_STEP][PASSED] - numberOfErrors = numberOfErrors + 1: null

26-05-2025T09:30:30 - [TEST_STEP][PASSED] - pageInt = pageOtpuskVSet: null

26-05-2025T09:30:30 - [TEST_STEP][PASSED] - fileInt = fileOtpuskVSet: null

26-05-2025T09:30:30 - [TEST_STEP][PASSED] - typeOfData = typeOfDataMain + " Отпуск в сеть": null

26-05-2025T09:30:30 - [TEST_STEP][PASSED] - Script1718980020443.WriteToExcel(a, typeOfData, todaysDate, pageInt, fileInt, pageDouble, fileDouble, dZO): null

26-05-2025T09:30:30 - [TEST_STEP][PASSED] - sheetName = "Sheet1": null

26-05-2025T09:30:30 - [TEST_STEP][PASSED] - data = findTestData("PlanFact"): null

26-05-2025T09:30:30 - [TEST_STEP][PASSED] - n = data.getRowNumbers() + 1: null

26-05-2025T09:30:30 - [TEST_STEP][PASSED] - day = ")).toInteger(): null

26-05-2025T09:30:30 - [TEST_STEP][PASSED] - println(day): null

26-05-2025T09:30:30 - [TEST_STEP][PASSED] - month = ")).toInteger(): null

26-05-2025T09:30:30 - [TEST_STEP][PASSED] - println(month): null

26-05-2025T09:30:30 - [TEST_STEP][PASSED] - y = <not implemented yet for class: org.codehaus.groovy.ast.expr.EmptyExpression>: null

26-05-2025T09:30:30 - [TEST_STEP][PASSED] - iy = <not implemented yet for class: org.codehaus.groovy.ast.expr.EmptyExpression>: null

26-05-2025T09:30:30 - [TEST_STEP][PASSED] - m = getText(findTestObject("Выполнение бизнес-плана/Период")): Text of object 'Object Repository/Выполнение бизнес-плана/Период' is: '1 кв. 2025 года'

26-05-2025T09:30:30 - [MESSAGE][PASSED] - Text of object 'Object Repository/Выполнение бизнес-плана/Период' is: '1 кв. 2025 года'

26-05-2025T09:30:30 - [TEST_STEP][PASSED] - iy = m.indexOf("20"): null

26-05-2025T09:30:30 - [TEST_STEP][PASSED] - if (iy > -1): null

26-05-2025T09:30:30 - [TEST_STEP][PASSED] - y = substring(iy, iy + 4).toInteger(): null

26-05-2025T09:30:30 - [TEST_STEP][PASSED] - println(y): null

26-05-2025T09:30:30 - [TEST_STEP][PASSED] - if (toString().length() == 4): null

26-05-2025T09:30:30 - [TEST_STEP][PASSED] - m = m.substring(0, m.indexOf(y.toString())): null

26-05-2025T09:30:30 - [TEST_STEP][PASSED] - m = m.trim(): null

26-05-2025T09:30:30 - [TEST_STEP][PASSED] - if (m == ""): null

26-05-2025T09:30:30 - [TEST_STEP][PASSED] - dashboardName = "Выполнение бизнес-плана": null

26-05-2025T09:30:30 - [TEST_STEP][PASSED] - workbook01 = getWorkbook(excelFilePath): null

26-05-2025T09:30:30 - [TEST_STEP][PASSED] - sheet01 = getExcelSheet(workbook01, sheetName): null

26-05-2025T09:30:30 - [TEST_STEP][PASSED] - setValueToCellByIndex(sheet01, n, 0, dashboardName): null

26-05-2025T09:30:30 - [TEST_STEP][PASSED] - setValueToCellByIndex(sheet01, n, 1, dZO): null

26-05-2025T09:30:30 - [TEST_STEP][PASSED] - setValueToCellByIndex(sheet01, n, 2, typeOfData): null

26-05-2025T09:30:30 - [TEST_STEP][PASSED] - if (typeOfData == "Факт в процентах" || typeOfData == "План в процентах"): null

26-05-2025T09:30:30 - [TEST_STEP][PASSED] - else: null

26-05-2025T09:30:30 - [TEST_STEP][PASSED] - setValueToCellByIndex(sheet01, n, 3, fileInt): null

26-05-2025T09:30:30 - [TEST_STEP][PASSED] - setValueToCellByIndex(sheet01, n, 4, pageInt): null

26-05-2025T09:30:30 - [TEST_STEP][PASSED] - setValueToCellByIndex(sheet01, n, 5, m): null

26-05-2025T09:30:30 - [TEST_STEP][PASSED] - setValueToCellByIndex(sheet01, n, 6, y): null

26-05-2025T09:30:30 - [TEST_STEP][PASSED] - setValueToCellByIndex(sheet01, n, 7, todaysDate): null

26-05-2025T09:30:30 - [TEST_STEP][PASSED] - n = n + 1: null

26-05-2025T09:30:30 - [TEST_STEP][PASSED] - saveWorkbook(excelFilePath, workbook01): null

26-05-2025T09:30:31 - [TEST_STEP][PASSED] - compare = pagePoteri: null

26-05-2025T09:30:31 - [TEST_STEP][PASSED] - if (pageOtpuskVSet != null): null

26-05-2025T09:30:31 - [TEST_STEP][PASSED] - if (compare == filePoteri): null

26-05-2025T09:30:31 - [TEST_STEP][PASSED] - else if (compare > filePoteri): null

26-05-2025T09:30:31 - [TEST_STEP][PASSED] - else if (compare < filePoteri): null

26-05-2025T09:30:31 - [TEST_STEP][PASSED] - compare = compare + 1: null

26-05-2025T09:30:31 - [TEST_STEP][PASSED] - if (compare == filePoteri): null

26-05-2025T09:30:31 - [TEST_STEP][PASSED] - else: null

26-05-2025T09:30:31 - [TEST_STEP][PASSED] - numberOfErrors = numberOfErrors + 1: null

26-05-2025T09:30:31 - [TEST_STEP][PASSED] - pageInt = pagePoteri: null

26-05-2025T09:30:31 - [TEST_STEP][PASSED] - fileInt = filePoteri: null

26-05-2025T09:30:31 - [TEST_STEP][PASSED] - typeOfData = typeOfDataMain + " Потери": null

26-05-2025T09:30:31 - [TEST_STEP][PASSED] - Script1718980020443.WriteToExcel(a, typeOfData, todaysDate, pageInt, fileInt, pageDouble, fileDouble, dZO): null

26-05-2025T09:30:31 - [TEST_STEP][PASSED] - sheetName = "Sheet1": null

26-05-2025T09:30:31 - [TEST_STEP][PASSED] - data = findTestData("PlanFact"): null

26-05-2025T09:30:31 - [TEST_STEP][PASSED] - n = data.getRowNumbers() + 1: null

26-05-2025T09:30:31 - [TEST_STEP][PASSED] - day = ")).toInteger(): null

26-05-2025T09:30:31 - [TEST_STEP][PASSED] - println(day): null

26-05-2025T09:30:31 - [TEST_STEP][PASSED] - month = ")).toInteger(): null

26-05-2025T09:30:31 - [TEST_STEP][PASSED] - println(month): null

26-05-2025T09:30:31 - [TEST_STEP][PASSED] - y = <not implemented yet for class: org.codehaus.groovy.ast.expr.EmptyExpression>: null

26-05-2025T09:30:31 - [TEST_STEP][PASSED] - iy = <not implemented yet for class: org.codehaus.groovy.ast.expr.EmptyExpression>: null

26-05-2025T09:30:31 - [TEST_STEP][PASSED] - m = getText(findTestObject("Выполнение бизнес-плана/Период")): Text of object 'Object Repository/Выполнение бизнес-плана/Период' is: '1 кв. 2025 года'

26-05-2025T09:30:31 - [MESSAGE][PASSED] - Text of object 'Object Repository/Выполнение бизнес-плана/Период' is: '1 кв. 2025 года'

26-05-2025T09:30:31 - [TEST_STEP][PASSED] - iy = m.indexOf("20"): null

26-05-2025T09:30:31 - [TEST_STEP][PASSED] - if (iy > -1): null

26-05-2025T09:30:31 - [TEST_STEP][PASSED] - y = substring(iy, iy + 4).toInteger(): null

26-05-2025T09:30:31 - [TEST_STEP][PASSED] - println(y): null

26-05-2025T09:30:31 - [TEST_STEP][PASSED] - if (toString().length() == 4): null

26-05-2025T09:30:31 - [TEST_STEP][PASSED] - m = m.substring(0, m.indexOf(y.toString())): null

26-05-2025T09:30:31 - [TEST_STEP][PASSED] - m = m.trim(): null

26-05-2025T09:30:31 - [TEST_STEP][PASSED] - if (m == ""): null

26-05-2025T09:30:31 - [TEST_STEP][PASSED] - dashboardName = "Выполнение бизнес-плана": null

26-05-2025T09:30:31 - [TEST_STEP][PASSED] - workbook01 = getWorkbook(excelFilePath): null

26-05-2025T09:30:31 - [TEST_STEP][PASSED] - sheet01 = getExcelSheet(workbook01, sheetName): null

26-05-2025T09:30:31 - [TEST_STEP][PASSED] - setValueToCellByIndex(sheet01, n, 0, dashboardName): null

26-05-2025T09:30:31 - [TEST_STEP][PASSED] - setValueToCellByIndex(sheet01, n, 1, dZO): null

26-05-2025T09:30:31 - [TEST_STEP][PASSED] - setValueToCellByIndex(sheet01, n, 2, typeOfData): null

26-05-2025T09:30:31 - [TEST_STEP][PASSED] - if (typeOfData == "Факт в процентах" || typeOfData == "План в процентах"): null

26-05-2025T09:30:31 - [TEST_STEP][PASSED] - else: null

26-05-2025T09:30:31 - [TEST_STEP][PASSED] - setValueToCellByIndex(sheet01, n, 3, fileInt): null

26-05-2025T09:30:31 - [TEST_STEP][PASSED] - setValueToCellByIndex(sheet01, n, 4, pageInt): null

26-05-2025T09:30:31 - [TEST_STEP][PASSED] - setValueToCellByIndex(sheet01, n, 5, m): null

26-05-2025T09:30:31 - [TEST_STEP][PASSED] - setValueToCellByIndex(sheet01, n, 6, y): null

26-05-2025T09:30:31 - [TEST_STEP][PASSED] - setValueToCellByIndex(sheet01, n, 7, todaysDate): null

26-05-2025T09:30:31 - [TEST_STEP][PASSED] - n = n + 1: null

26-05-2025T09:30:31 - [TEST_STEP][PASSED] - saveWorkbook(excelFilePath, workbook01): null

26-05-2025T09:30:31 - [TEST_STEP][PASSED] - if (planFact == 2): null

26-05-2025T09:30:31 - [TEST_STEP][PASSED] - if (planFact == 1): null

26-05-2025T09:30:31 - [TEST_STEP][PASSED] - else if (planFact == 2): null

26-05-2025T09:30:31 - [TEST_STEP][PASSED] - click(findTestObject("Выполнение бизнес-плана/Кнопка План")): Object: 'Object Repository/Выполнение бизнес-плана/Кнопка План' is clicked on

26-05-2025T09:30:32 - [MESSAGE][PASSED] - Object: 'Object Repository/Выполнение бизнес-плана/Кнопка План' is clicked on

26-05-2025T09:30:32 - [TEST_STEP][PASSED] - typeOfDataMain = "План": null

26-05-2025T09:30:32 - [TEST_STEP][PASSED] - otpusk = findTestData("PlanFact").getValue(2, a): null

26-05-2025T09:30:32 - [TEST_STEP][PASSED] - poteri = findTestData("PlanFact").getValue(3, a): null

26-05-2025T09:30:32 - [TEST_STEP][PASSED] - otpusk = otpusk.replaceAll("\s+", ""): null

26-05-2025T09:30:32 - [TEST_STEP][PASSED] - poteri = poteri.replaceAll("\s+", ""): null

26-05-2025T09:30:32 - [TEST_STEP][PASSED] - typeOfData = typeOfDataMain + " Отпуск в сеть": null

26-05-2025T09:30:32 - [TEST_STEP][PASSED] - if (a == 82): null

26-05-2025T09:30:32 - [TEST_STEP][PASSED] - else if (a == 84): null

26-05-2025T09:30:32 - [TEST_STEP][PASSED] - path = dataFolder + typeOfData + " за отчётный период " + "ПАО Россети": null

26-05-2025T09:30:32 - [TEST_STEP][PASSED] - println(path): null

26-05-2025T09:30:32 - [TEST_STEP][PASSED] - page = getText(findTestObject(path)): Text of object 'Object Repository/Выполнение бизнес-плана/Значения со страницы Выполнение бизнес-плана/План Отпуск в сеть за отчётный период ПАО Россети' is: '279 622 401'

26-05-2025T09:30:32 - [MESSAGE][PASSED] - Text of object 'Object Repository/Выполнение бизнес-плана/Значения со страницы Выполнение бизнес-плана/План Отпуск в сеть за отчётный период ПАО Россети' is: '279 622 401'

26-05-2025T09:30:32 - [TEST_STEP][PASSED] - if (page == "" || page == null): null

26-05-2025T09:30:32 - [TEST_STEP][PASSED] - else: null

26-05-2025T09:30:32 - [TEST_STEP][PASSED] - page = page.replaceAll("\s+", ""): null

26-05-2025T09:30:32 - [TEST_STEP][PASSED] - if (page == "undefined"): null

26-05-2025T09:30:32 - [TEST_STEP][PASSED] - fileOtpuskVSet = otpusk.toInteger(): null

26-05-2025T09:30:32 - [TEST_STEP][PASSED] - pageOtpuskVSet = page.toInteger(): null

26-05-2025T09:30:32 - [TEST_STEP][PASSED] - typeOfData = typeOfDataMain + " Потери": null

26-05-2025T09:30:32 - [TEST_STEP][PASSED] - if (a == 82): null

26-05-2025T09:30:32 - [TEST_STEP][PASSED] - else if (a == 84): null

26-05-2025T09:30:32 - [TEST_STEP][PASSED] - path = dataFolder + typeOfData + " за отчётный период " + "ПАО Россети": null

26-05-2025T09:30:32 - [TEST_STEP][PASSED] - page = getText(findTestObject(path)): Text of object 'Object Repository/Выполнение бизнес-плана/Значения со страницы Выполнение бизнес-плана/План Потери за отчётный период ПАО Россети' is: '15 749 796'

26-05-2025T09:30:32 - [MESSAGE][PASSED] - Text of object 'Object Repository/Выполнение бизнес-плана/Значения со страницы Выполнение бизнес-плана/План Потери за отчётный период ПАО Россети' is: '15 749 796'

26-05-2025T09:30:32 - [TEST_STEP][PASSED] - if (page == "" || page == null): null

26-05-2025T09:30:32 - [TEST_STEP][PASSED] - else: null

26-05-2025T09:30:32 - [TEST_STEP][PASSED] - page = page.replaceAll("\s+", ""): null

26-05-2025T09:30:32 - [TEST_STEP][PASSED] - if (page == "undefined"): null

26-05-2025T09:30:32 - [TEST_STEP][PASSED] - filePoteri = poteri.toInteger(): null

26-05-2025T09:30:32 - [TEST_STEP][PASSED] - pagePoteri = page.toInteger(): null

26-05-2025T09:30:32 - [TEST_STEP][PASSED] - compare = pageOtpuskVSet: null

26-05-2025T09:30:32 - [TEST_STEP][PASSED] - if (pageOtpuskVSet != null): null

26-05-2025T09:30:32 - [TEST_STEP][PASSED] - if (compare == fileOtpuskVSet): null

26-05-2025T09:30:32 - [TEST_STEP][PASSED] - else if (compare > fileOtpuskVSet): null

26-05-2025T09:30:32 - [TEST_STEP][PASSED] - compare = compare - 1: null

26-05-2025T09:30:32 - [TEST_STEP][PASSED] - if (compare == fileOtpuskVSet): null

26-05-2025T09:30:32 - [TEST_STEP][PASSED] - else: null

26-05-2025T09:30:32 - [TEST_STEP][PASSED] - numberOfErrors = numberOfErrors + 1: null

26-05-2025T09:30:32 - [TEST_STEP][PASSED] - pageInt = pageOtpuskVSet: null

26-05-2025T09:30:32 - [TEST_STEP][PASSED] - fileInt = fileOtpuskVSet: null

26-05-2025T09:30:32 - [TEST_STEP][PASSED] - typeOfData = typeOfDataMain + " Отпуск в сеть": null

26-05-2025T09:30:32 - [TEST_STEP][PASSED] - Script1718980020443.WriteToExcel(a, typeOfData, todaysDate, pageInt, fileInt, pageDouble, fileDouble, dZO): null

26-05-2025T09:30:32 - [TEST_STEP][PASSED] - sheetName = "Sheet1": null

26-05-2025T09:30:32 - [TEST_STEP][PASSED] - data = findTestData("PlanFact"): null

26-05-2025T09:30:32 - [TEST_STEP][PASSED] - n = data.getRowNumbers() + 1: null

26-05-2025T09:30:32 - [TEST_STEP][PASSED] - day = ")).toInteger(): null

26-05-2025T09:30:32 - [TEST_STEP][PASSED] - println(day): null

26-05-2025T09:30:32 - [TEST_STEP][PASSED] - month = ")).toInteger(): null

26-05-2025T09:30:32 - [TEST_STEP][PASSED] - println(month): null

26-05-2025T09:30:32 - [TEST_STEP][PASSED] - y = <not implemented yet for class: org.codehaus.groovy.ast.expr.EmptyExpression>: null

26-05-2025T09:30:32 - [TEST_STEP][PASSED] - iy = <not implemented yet for class: org.codehaus.groovy.ast.expr.EmptyExpression>: null

26-05-2025T09:30:32 - [TEST_STEP][PASSED] - m = getText(findTestObject("Выполнение бизнес-плана/Период")): Text of object 'Object Repository/Выполнение бизнес-плана/Период' is: '1 кв. 2025 года'

26-05-2025T09:30:33 - [MESSAGE][PASSED] - Text of object 'Object Repository/Выполнение бизнес-плана/Период' is: '1 кв. 2025 года'

26-05-2025T09:30:33 - [TEST_STEP][PASSED] - iy = m.indexOf("20"): null

26-05-2025T09:30:33 - [TEST_STEP][PASSED] - if (iy > -1): null

26-05-2025T09:30:33 - [TEST_STEP][PASSED] - y = substring(iy, iy + 4).toInteger(): null

26-05-2025T09:30:33 - [TEST_STEP][PASSED] - println(y): null

26-05-2025T09:30:33 - [TEST_STEP][PASSED] - if (toString().length() == 4): null

26-05-2025T09:30:33 - [TEST_STEP][PASSED] - m = m.substring(0, m.indexOf(y.toString())): null

26-05-2025T09:30:33 - [TEST_STEP][PASSED] - m = m.trim(): null

26-05-2025T09:30:33 - [TEST_STEP][PASSED] - if (m == ""): null

26-05-2025T09:30:33 - [TEST_STEP][PASSED] - dashboardName = "Выполнение бизнес-плана": null

26-05-2025T09:30:33 - [TEST_STEP][PASSED] - workbook01 = getWorkbook(excelFilePath): null

26-05-2025T09:30:33 - [TEST_STEP][PASSED] - sheet01 = getExcelSheet(workbook01, sheetName): null

26-05-2025T09:30:33 - [TEST_STEP][PASSED] - setValueToCellByIndex(sheet01, n, 0, dashboardName): null

26-05-2025T09:30:33 - [TEST_STEP][PASSED] - setValueToCellByIndex(sheet01, n, 1, dZO): null

26-05-2025T09:30:33 - [TEST_STEP][PASSED] - setValueToCellByIndex(sheet01, n, 2, typeOfData): null

26-05-2025T09:30:33 - [TEST_STEP][PASSED] - if (typeOfData == "Факт в процентах" || typeOfData == "План в процентах"): null

26-05-2025T09:30:33 - [TEST_STEP][PASSED] - else: null

26-05-2025T09:30:33 - [TEST_STEP][PASSED] - setValueToCellByIndex(sheet01, n, 3, fileInt): null

26-05-2025T09:30:33 - [TEST_STEP][PASSED] - setValueToCellByIndex(sheet01, n, 4, pageInt): null

26-05-2025T09:30:33 - [TEST_STEP][PASSED] - setValueToCellByIndex(sheet01, n, 5, m): null

26-05-2025T09:30:33 - [TEST_STEP][PASSED] - setValueToCellByIndex(sheet01, n, 6, y): null

26-05-2025T09:30:33 - [TEST_STEP][PASSED] - setValueToCellByIndex(sheet01, n, 7, todaysDate): null

26-05-2025T09:30:33 - [TEST_STEP][PASSED] - n = n + 1: null

26-05-2025T09:30:33 - [TEST_STEP][PASSED] - saveWorkbook(excelFilePath, workbook01): null

26-05-2025T09:30:33 - [TEST_STEP][PASSED] - compare = pagePoteri: null

26-05-2025T09:30:33 - [TEST_STEP][PASSED] - if (pageOtpuskVSet != null): null

26-05-2025T09:30:33 - [TEST_STEP][PASSED] - if (compare == filePoteri): null

26-05-2025T09:30:33 - [TEST_STEP][PASSED] - else if (compare > filePoteri): null

26-05-2025T09:30:33 - [TEST_STEP][PASSED] - else if (compare < filePoteri): null

26-05-2025T09:30:33 - [TEST_STEP][PASSED] - compare = compare + 1: null

26-05-2025T09:30:33 - [TEST_STEP][PASSED] - if (compare == filePoteri): null

26-05-2025T09:30:33 - [TEST_STEP][PASSED] - else: null

26-05-2025T09:30:33 - [TEST_STEP][PASSED] - numberOfErrors = numberOfErrors + 1: null

26-05-2025T09:30:33 - [TEST_STEP][PASSED] - pageInt = pagePoteri: null

26-05-2025T09:30:33 - [TEST_STEP][PASSED] - fileInt = filePoteri: null

26-05-2025T09:30:33 - [TEST_STEP][PASSED] - typeOfData = typeOfDataMain + " Потери": null

26-05-2025T09:30:33 - [TEST_STEP][PASSED] - Script1718980020443.WriteToExcel(a, typeOfData, todaysDate, pageInt, fileInt, pageDouble, fileDouble, dZO): null

26-05-2025T09:30:33 - [TEST_STEP][PASSED] - sheetName = "Sheet1": null

26-05-2025T09:30:33 - [TEST_STEP][PASSED] - data = findTestData("PlanFact"): null

26-05-2025T09:30:33 - [TEST_STEP][PASSED] - n = data.getRowNumbers() + 1: null

26-05-2025T09:30:33 - [TEST_STEP][PASSED] - day = ")).toInteger(): null

26-05-2025T09:30:33 - [TEST_STEP][PASSED] - println(day): null

26-05-2025T09:30:33 - [TEST_STEP][PASSED] - month = ")).toInteger(): null

26-05-2025T09:30:33 - [TEST_STEP][PASSED] - println(month): null

26-05-2025T09:30:33 - [TEST_STEP][PASSED] - y = <not implemented yet for class: org.codehaus.groovy.ast.expr.EmptyExpression>: null

26-05-2025T09:30:33 - [TEST_STEP][PASSED] - iy = <not implemented yet for class: org.codehaus.groovy.ast.expr.EmptyExpression>: null

26-05-2025T09:30:33 - [TEST_STEP][PASSED] - m = getText(findTestObject("Выполнение бизнес-плана/Период")): Text of object 'Object Repository/Выполнение бизнес-плана/Период' is: '1 кв. 2025 года'

26-05-2025T09:30:33 - [MESSAGE][PASSED] - Text of object 'Object Repository/Выполнение бизнес-плана/Период' is: '1 кв. 2025 года'

26-05-2025T09:30:33 - [TEST_STEP][PASSED] - iy = m.indexOf("20"): null

26-05-2025T09:30:33 - [TEST_STEP][PASSED] - if (iy > -1): null

26-05-2025T09:30:33 - [TEST_STEP][PASSED] - y = substring(iy, iy + 4).toInteger(): null

26-05-2025T09:30:33 - [TEST_STEP][PASSED] - println(y): null

26-05-2025T09:30:33 - [TEST_STEP][PASSED] - if (toString().length() == 4): null

26-05-2025T09:30:33 - [TEST_STEP][PASSED] - m = m.substring(0, m.indexOf(y.toString())): null

26-05-2025T09:30:33 - [TEST_STEP][PASSED] - m = m.trim(): null

26-05-2025T09:30:33 - [TEST_STEP][PASSED] - if (m == ""): null

26-05-2025T09:30:33 - [TEST_STEP][PASSED] - dashboardName = "Выполнение бизнес-плана": null

26-05-2025T09:30:33 - [TEST_STEP][PASSED] - workbook01 = getWorkbook(excelFilePath): null

26-05-2025T09:30:33 - [TEST_STEP][PASSED] - sheet01 = getExcelSheet(workbook01, sheetName): null

26-05-2025T09:30:33 - [TEST_STEP][PASSED] - setValueToCellByIndex(sheet01, n, 0, dashboardName): null

26-05-2025T09:30:33 - [TEST_STEP][PASSED] - setValueToCellByIndex(sheet01, n, 1, dZO): null

26-05-2025T09:30:33 - [TEST_STEP][PASSED] - setValueToCellByIndex(sheet01, n, 2, typeOfData): null

26-05-2025T09:30:33 - [TEST_STEP][PASSED] - if (typeOfData == "Факт в процентах" || typeOfData == "План в процентах"): null

26-05-2025T09:30:33 - [TEST_STEP][PASSED] - else: null

26-05-2025T09:30:33 - [TEST_STEP][PASSED] - setValueToCellByIndex(sheet01, n, 3, fileInt): null

26-05-2025T09:30:33 - [TEST_STEP][PASSED] - setValueToCellByIndex(sheet01, n, 4, pageInt): null

26-05-2025T09:30:33 - [TEST_STEP][PASSED] - setValueToCellByIndex(sheet01, n, 5, m): null

26-05-2025T09:30:33 - [TEST_STEP][PASSED] - setValueToCellByIndex(sheet01, n, 6, y): null

26-05-2025T09:30:33 - [TEST_STEP][PASSED] - setValueToCellByIndex(sheet01, n, 7, todaysDate): null

26-05-2025T09:30:33 - [TEST_STEP][PASSED] - n = n + 1: null

26-05-2025T09:30:33 - [TEST_STEP][PASSED] - saveWorkbook(excelFilePath, workbook01): Object: 'Object Repository/Выполнение бизнес-плана/Кнопка Факт' is clicked on

26-05-2025T09:30:33 - [TEST_STEP][PASSED] - if (planFact == 2): Object: 'Object Repository/Выполнение бизнес-плана/Кнопка Факт' is clicked on

26-05-2025T09:30:33 - [TEST_STEP][PASSED] - click(findTestObject("Выполнение бизнес-плана/Кнопка Факт")): Object: 'Object Repository/Выполнение бизнес-плана/Кнопка Факт' is clicked on

26-05-2025T09:30:34 - [MESSAGE][PASSED] - Object: 'Object Repository/Выполнение бизнес-плана/Кнопка Факт' is clicked on

26-05-2025T09:30:34 - [TEST_STEP][PASSED] - println("a=" + a): null

26-05-2025T09:30:34 - [TEST_STEP][PASSED] - if (a == 84 || a == 82): null

26-05-2025T09:30:34 - [TEST_STEP][PASSED] - page = getText(findTestObject("Выполнение бизнес-плана/textPlanFact")): Text of object 'Object Repository/Выполнение бизнес-плана/textPlanFact' is: '%
5.63 5.63
8.24 8.24
План
Факт
1
100'

26-05-2025T09:30:34 - [MESSAGE][PASSED] - Text of object 'Object Repository/Выполнение бизнес-плана/textPlanFact' is: '%
5.63 5.63
8.24 8.24
План
Факт
1
100'

26-05-2025T09:30:34 - [TEST_STEP][PASSED] - page = page.replaceAll("\n", "_"): null

26-05-2025T09:30:34 - [TEST_STEP][PASSED] - page = page.substring(page.indexOf("_") + 1, page.length()): null

26-05-2025T09:30:34 - [TEST_STEP][PASSED] - page1 = page.substring(0, page.indexOf("_")): null

26-05-2025T09:30:34 - [TEST_STEP][PASSED] - page1 = page.substring(0, page.indexOf(" ")): null

26-05-2025T09:30:34 - [TEST_STEP][PASSED] - page2 = page.substring(page.indexOf("_") + 1, page.length()): null

26-05-2025T09:30:34 - [TEST_STEP][PASSED] - page2 = page2.substring(0, page.indexOf("_")): null

26-05-2025T09:30:34 - [TEST_STEP][PASSED] - page2 = page2.substring(0, page.indexOf(" ")): null

26-05-2025T09:30:34 - [TEST_STEP][PASSED] - println("page1: " + page1): null

26-05-2025T09:30:34 - [TEST_STEP][PASSED] - println("page2: " + page2): null

26-05-2025T09:30:34 - [TEST_STEP][PASSED] - file = findTestData("PlanFact").getValue(4, a): null

26-05-2025T09:30:34 - [TEST_STEP][PASSED] - file = file.replace(",", "."): null

26-05-2025T09:30:34 - [TEST_STEP][PASSED] - println("file Plan: " + file): null

26-05-2025T09:30:34 - [TEST_STEP][PASSED] - typeOfData = "План в процентах": null

26-05-2025T09:30:34 - [TEST_STEP][PASSED] - fileDouble = file.toDouble(): null

26-05-2025T09:30:34 - [TEST_STEP][PASSED] - pageDouble = page1.toDouble(): null

26-05-2025T09:30:34 - [TEST_STEP][PASSED] - if (fileDouble != pageDouble): null

26-05-2025T09:30:34 - [TEST_STEP][PASSED] - numberOfErrors = numberOfErrors + 1: null

26-05-2025T09:30:34 - [TEST_STEP][PASSED] - Script1718980020443.WriteToExcel(a, typeOfData, todaysDate, pageInt, fileInt, pageDouble, fileDouble, dZO): null

26-05-2025T09:30:34 - [TEST_STEP][PASSED] - sheetName = "Sheet1": null

26-05-2025T09:30:34 - [TEST_STEP][PASSED] - data = findTestData("PlanFact"): null

26-05-2025T09:30:34 - [TEST_STEP][PASSED] - n = data.getRowNumbers() + 1: null

26-05-2025T09:30:34 - [TEST_STEP][PASSED] - day = ")).toInteger(): null

26-05-2025T09:30:34 - [TEST_STEP][PASSED] - println(day): null

26-05-2025T09:30:34 - [TEST_STEP][PASSED] - month = ")).toInteger(): null

26-05-2025T09:30:34 - [TEST_STEP][PASSED] - println(month): null

26-05-2025T09:30:34 - [TEST_STEP][PASSED] - y = <not implemented yet for class: org.codehaus.groovy.ast.expr.EmptyExpression>: null

26-05-2025T09:30:34 - [TEST_STEP][PASSED] - iy = <not implemented yet for class: org.codehaus.groovy.ast.expr.EmptyExpression>: null

26-05-2025T09:30:34 - [TEST_STEP][PASSED] - m = getText(findTestObject("Выполнение бизнес-плана/Период")): Text of object 'Object Repository/Выполнение бизнес-плана/Период' is: '1 кв. 2025 года'

26-05-2025T09:30:35 - [MESSAGE][PASSED] - Text of object 'Object Repository/Выполнение бизнес-плана/Период' is: '1 кв. 2025 года'

26-05-2025T09:30:35 - [TEST_STEP][PASSED] - iy = m.indexOf("20"): null

26-05-2025T09:30:35 - [TEST_STEP][PASSED] - if (iy > -1): null

26-05-2025T09:30:35 - [TEST_STEP][PASSED] - y = substring(iy, iy + 4).toInteger(): null

26-05-2025T09:30:35 - [TEST_STEP][PASSED] - println(y): null

26-05-2025T09:30:35 - [TEST_STEP][PASSED] - if (toString().length() == 4): null

26-05-2025T09:30:35 - [TEST_STEP][PASSED] - m = m.substring(0, m.indexOf(y.toString())): null

26-05-2025T09:30:35 - [TEST_STEP][PASSED] - m = m.trim(): null

26-05-2025T09:30:35 - [TEST_STEP][PASSED] - if (m == ""): null

26-05-2025T09:30:35 - [TEST_STEP][PASSED] - dashboardName = "Выполнение бизнес-плана": null

26-05-2025T09:30:35 - [TEST_STEP][PASSED] - workbook01 = getWorkbook(excelFilePath): null

26-05-2025T09:30:35 - [TEST_STEP][PASSED] - sheet01 = getExcelSheet(workbook01, sheetName): null

26-05-2025T09:30:35 - [TEST_STEP][PASSED] - setValueToCellByIndex(sheet01, n, 0, dashboardName): null

26-05-2025T09:30:35 - [TEST_STEP][PASSED] - setValueToCellByIndex(sheet01, n, 1, dZO): null

26-05-2025T09:30:35 - [TEST_STEP][PASSED] - setValueToCellByIndex(sheet01, n, 2, typeOfData): null

26-05-2025T09:30:35 - [TEST_STEP][PASSED] - if (typeOfData == "Факт в процентах" || typeOfData == "План в процентах"): null

26-05-2025T09:30:35 - [TEST_STEP][PASSED] - setValueToCellByIndex(sheet01, n, 3, fileDouble): null

26-05-2025T09:30:35 - [TEST_STEP][PASSED] - setValueToCellByIndex(sheet01, n, 4, pageDouble): null

26-05-2025T09:30:35 - [TEST_STEP][PASSED] - setValueToCellByIndex(sheet01, n, 5, m): null

26-05-2025T09:30:35 - [TEST_STEP][PASSED] - setValueToCellByIndex(sheet01, n, 6, y): null

26-05-2025T09:30:35 - [TEST_STEP][PASSED] - setValueToCellByIndex(sheet01, n, 7, todaysDate): null

26-05-2025T09:30:35 - [TEST_STEP][PASSED] - n = n + 1: null

26-05-2025T09:30:35 - [TEST_STEP][PASSED] - saveWorkbook(excelFilePath, workbook01): null

26-05-2025T09:30:35 - [TEST_STEP][PASSED] - file = findTestData("PlanFact").getValue(7, a): null

26-05-2025T09:30:35 - [TEST_STEP][PASSED] - file = file.replace(",", "."): null

26-05-2025T09:30:35 - [TEST_STEP][PASSED] - println("file Fact: " + file): null

26-05-2025T09:30:35 - [TEST_STEP][PASSED] - fileDouble = file.toDouble(): null

26-05-2025T09:30:35 - [TEST_STEP][PASSED] - typeOfData = "Факт в процентах": null

26-05-2025T09:30:35 - [TEST_STEP][PASSED] - fileDouble = file.toDouble(): null

26-05-2025T09:30:35 - [TEST_STEP][PASSED] - pageDouble = page2.toDouble(): null

26-05-2025T09:30:35 - [TEST_STEP][PASSED] - if (fileDouble != pageDouble): null

26-05-2025T09:30:35 - [TEST_STEP][PASSED] - numberOfErrors = numberOfErrors + 1: null

26-05-2025T09:30:35 - [TEST_STEP][PASSED] - Script1718980020443.WriteToExcel(a, typeOfData, todaysDate, pageInt, fileInt, pageDouble, fileDouble, dZO): null

26-05-2025T09:30:35 - [TEST_STEP][PASSED] - sheetName = "Sheet1": null

26-05-2025T09:30:35 - [TEST_STEP][PASSED] - data = findTestData("PlanFact"): null

26-05-2025T09:30:35 - [TEST_STEP][PASSED] - n = data.getRowNumbers() + 1: null

26-05-2025T09:30:35 - [TEST_STEP][PASSED] - day = ")).toInteger(): null

26-05-2025T09:30:35 - [TEST_STEP][PASSED] - println(day): null

26-05-2025T09:30:35 - [TEST_STEP][PASSED] - month = ")).toInteger(): null

26-05-2025T09:30:35 - [TEST_STEP][PASSED] - println(month): null

26-05-2025T09:30:35 - [TEST_STEP][PASSED] - y = <not implemented yet for class: org.codehaus.groovy.ast.expr.EmptyExpression>: null

26-05-2025T09:30:35 - [TEST_STEP][PASSED] - iy = <not implemented yet for class: org.codehaus.groovy.ast.expr.EmptyExpression>: null

26-05-2025T09:30:35 - [TEST_STEP][PASSED] - m = getText(findTestObject("Выполнение бизнес-плана/Период")): Text of object 'Object Repository/Выполнение бизнес-плана/Период' is: '1 кв. 2025 года'

26-05-2025T09:30:35 - [MESSAGE][PASSED] - Text of object 'Object Repository/Выполнение бизнес-плана/Период' is: '1 кв. 2025 года'

26-05-2025T09:30:35 - [TEST_STEP][PASSED] - iy = m.indexOf("20"): null

26-05-2025T09:30:35 - [TEST_STEP][PASSED] - if (iy > -1): null

26-05-2025T09:30:35 - [TEST_STEP][PASSED] - y = substring(iy, iy + 4).toInteger(): null

26-05-2025T09:30:35 - [TEST_STEP][PASSED] - println(y): null

26-05-2025T09:30:35 - [TEST_STEP][PASSED] - if (toString().length() == 4): null

26-05-2025T09:30:35 - [TEST_STEP][PASSED] - m = m.substring(0, m.indexOf(y.toString())): null

26-05-2025T09:30:35 - [TEST_STEP][PASSED] - m = m.trim(): null

26-05-2025T09:30:35 - [TEST_STEP][PASSED] - if (m == ""): null

26-05-2025T09:30:35 - [TEST_STEP][PASSED] - dashboardName = "Выполнение бизнес-плана": null

26-05-2025T09:30:35 - [TEST_STEP][PASSED] - workbook01 = getWorkbook(excelFilePath): null

26-05-2025T09:30:35 - [TEST_STEP][PASSED] - sheet01 = getExcelSheet(workbook01, sheetName): null

26-05-2025T09:30:35 - [TEST_STEP][PASSED] - setValueToCellByIndex(sheet01, n, 0, dashboardName): null

26-05-2025T09:30:35 - [TEST_STEP][PASSED] - setValueToCellByIndex(sheet01, n, 1, dZO): null

26-05-2025T09:30:35 - [TEST_STEP][PASSED] - setValueToCellByIndex(sheet01, n, 2, typeOfData): null

26-05-2025T09:30:35 - [TEST_STEP][PASSED] - if (typeOfData == "Факт в процентах" || typeOfData == "План в процентах"): null

26-05-2025T09:30:35 - [TEST_STEP][PASSED] - setValueToCellByIndex(sheet01, n, 3, fileDouble): null

26-05-2025T09:30:35 - [TEST_STEP][PASSED] - setValueToCellByIndex(sheet01, n, 4, pageDouble): null

26-05-2025T09:30:35 - [TEST_STEP][PASSED] - setValueToCellByIndex(sheet01, n, 5, m): null

26-05-2025T09:30:35 - [TEST_STEP][PASSED] - setValueToCellByIndex(sheet01, n, 6, y): null

26-05-2025T09:30:35 - [TEST_STEP][PASSED] - setValueToCellByIndex(sheet01, n, 7, todaysDate): null

26-05-2025T09:30:35 - [TEST_STEP][PASSED] - n = n + 1: null

26-05-2025T09:30:35 - [TEST_STEP][PASSED] - saveWorkbook(excelFilePath, workbook01): null

26-05-2025T09:30:35 - [TEST_STEP][FAILED] - if (verifyEqual(numberOfErrors, 0) == false): null

26-05-2025T09:30:35 - [MESSAGE][FAILED] - Unable to verify equal between actual object '6' and expected object '0' (Root cause: com.kms.katalon.core.exception.StepFailedException: Actual object '6' and expected object '0' are not equal
	at com.kms.katalon.core.keyword.builtin.VerifyEqualKeyword$_verifyEqual_closure1.doCall(VerifyEqualKeyword.groovy:58)
	at com.kms.katalon.core.keyword.builtin.VerifyEqualKeyword$_verifyEqual_closure1.call(VerifyEqualKeyword.groovy)
	at com.kms.katalon.core.keyword.internal.KeywordMain.runKeyword(KeywordMain.groovy:75)
	at com.kms.katalon.core.keyword.builtin.VerifyEqualKeyword.verifyEqual(VerifyEqualKeyword.groovy:63)
	at com.kms.katalon.core.keyword.builtin.VerifyEqualKeyword.execute(VerifyEqualKeyword.groovy:44)
	at com.kms.katalon.core.keyword.internal.KeywordExecutor.executeKeywordForPlatform(KeywordExecutor.groovy:74)
	at com.kms.katalon.core.keyword.BuiltinKeywords.verifyEqual(BuiltinKeywords.groovy:146)
	at jdk.internal.reflect.GeneratedMethodAccessor23.invoke(Unknown Source)
	at java.base/jdk.internal.reflect.DelegatingMethodAccessorImpl.invoke(DelegatingMethodAccessorImpl.java:43)
	at Выполнение бизнес-плана Сверка ПАО Россети все филиалы.Numbers(Выполнение бизнес-плана Сверка ПАО Россети все филиалы:749)
	at Выполнение бизнес-плана Сверка ПАО Россети все филиалы.run(Выполнение бизнес-плана Сверка ПАО Россети все филиалы:168)
	at com.kms.katalon.core.main.ScriptEngine.run(ScriptEngine.java:194)
	at com.kms.katalon.core.main.ScriptEngine.runScriptAsRawText(ScriptEngine.java:119)
	at com.kms.katalon.core.main.TestCaseExecutor.runScript(TestCaseExecutor.java:448)
	at com.kms.katalon.core.main.TestCaseExecutor.doExecute(TestCaseExecutor.java:439)
	at com.kms.katalon.core.main.TestCaseExecutor.processExecutionPhase(TestCaseExecutor.java:418)
	at com.kms.katalon.core.main.TestCaseExecutor.accessMainPhase(TestCaseExecutor.java:410)
	at com.kms.katalon.core.main.TestCaseExecutor.execute(TestCaseExecutor.java:285)
	at com.kms.katalon.core.common.CommonExecutor.accessTestCaseMainPhase(CommonExecutor.java:65)
	at com.kms.katalon.core.main.TestSuiteExecutor.accessTestSuiteMainPhase(TestSuiteExecutor.java:150)
	at com.kms.katalon.core.main.TestSuiteExecutor.execute(TestSuiteExecutor.java:106)
	at com.kms.katalon.core.main.TestCaseMain.startTestSuite(TestCaseMain.java:180)
	at TempTestSuite1748228991768.run(TempTestSuite1748228991768.groovy:35)
	at java.base/jdk.internal.reflect.NativeMethodAccessorImpl.invoke0(Native Method)
	at java.base/jdk.internal.reflect.NativeMethodAccessorImpl.invoke(NativeMethodAccessorImpl.java:77)
	at java.base/jdk.internal.reflect.DelegatingMethodAccessorImpl.invoke(DelegatingMethodAccessorImpl.java:43)
)

26-05-2025T09:30:35 - [TEST_STEP][PASSED] - println(numberOfErrors): null

26-05-2025T09:30:35 - [TEST_STEP][PASSED] - println("a=" + a): null

26-05-2025T09:30:35 - [TEST_STEP][PASSED] - if (a == 28 || a == 77 || a == 74 || a == 65 || a == 36 || a == 44 || a == 54 || a == 1 || a == 18 || a == 59): null

26-05-2025T09:30:35 - [TEST_STEP][PASSED] - if (a == 82): null

26-05-2025T09:30:35 - [TEST_STEP][PASSED] - dZO = "Россети ФСК ЕЭС": null

26-05-2025T09:30:35 - [TEST_STEP][PASSED] - a = 83: null

26-05-2025T09:30:35 - [TEST_STEP][PASSED] - if (x1.contains("ЕЭС")): null

26-05-2025T09:30:35 - [TEST_STEP][PASSED] - dzoNum = dzoNum + 1: null

26-05-2025T09:30:35 - [TEST_STEP][PASSED] - println(dzoNum): null

26-05-2025T09:30:35 - [TEST_STEP][PASSED] - Script1718980020443.Numbers(a, typeOfData, todaysDate, pageInt, fileInt, pageDouble, fileDouble, dZO, dzoNum, filialNum): null

26-05-2025T09:30:35 - [TEST_STEP][PASSED] - println(dzoNum): null

26-05-2025T09:30:35 - [TEST_STEP][PASSED] - planFact = <not implemented yet for class: org.codehaus.groovy.ast.expr.EmptyExpression>: null

26-05-2025T09:30:35 - [TEST_STEP][PASSED] - page = <not implemented yet for class: org.codehaus.groovy.ast.expr.EmptyExpression>: null

26-05-2025T09:30:35 - [TEST_STEP][PASSED] - page1 = <not implemented yet for class: org.codehaus.groovy.ast.expr.EmptyExpression>: null

26-05-2025T09:30:35 - [TEST_STEP][PASSED] - page2 = <not implemented yet for class: org.codehaus.groovy.ast.expr.EmptyExpression>: null

26-05-2025T09:30:35 - [TEST_STEP][PASSED] - filialNumberInRow = <not implemented yet for class: org.codehaus.groovy.ast.expr.EmptyExpression>: null

26-05-2025T09:30:35 - [TEST_STEP][PASSED] - filialsDzoNames = <not implemented yet for class: org.codehaus.groovy.ast.expr.EmptyExpression>: null

26-05-2025T09:30:35 - [TEST_STEP][PASSED] - numberOfFilials = <not implemented yet for class: org.codehaus.groovy.ast.expr.EmptyExpression>: null

26-05-2025T09:30:35 - [TEST_STEP][PASSED] - numberOfSpaces = <not implemented yet for class: org.codehaus.groovy.ast.expr.EmptyExpression>: null

26-05-2025T09:30:35 - [TEST_STEP][PASSED] - file = <not implemented yet for class: org.codehaus.groovy.ast.expr.EmptyExpression>: null

26-05-2025T09:30:35 - [TEST_STEP][PASSED] - otpusk = <not implemented yet for class: org.codehaus.groovy.ast.expr.EmptyExpression>: null

26-05-2025T09:30:35 - [TEST_STEP][PASSED] - poteri = <not implemented yet for class: org.codehaus.groovy.ast.expr.EmptyExpression>: null

26-05-2025T09:30:35 - [TEST_STEP][PASSED] - dataFolder = "Выполнение бизнес-плана/Значения со страницы Выполнение бизнес-плана/": null

26-05-2025T09:30:35 - [TEST_STEP][PASSED] - path = <not implemented yet for class: org.codehaus.groovy.ast.expr.EmptyExpression>: null

26-05-2025T09:30:35 - [TEST_STEP][PASSED] - typeOfDataMain = <not implemented yet for class: org.codehaus.groovy.ast.expr.EmptyExpression>: null

26-05-2025T09:30:35 - [TEST_STEP][PASSED] - fileOtpuskVSet = <not implemented yet for class: org.codehaus.groovy.ast.expr.EmptyExpression>: null

26-05-2025T09:30:35 - [TEST_STEP][PASSED] - pageOtpuskVSet = <not implemented yet for class: org.codehaus.groovy.ast.expr.EmptyExpression>: null

26-05-2025T09:30:35 - [TEST_STEP][PASSED] - filePoteri = <not implemented yet for class: org.codehaus.groovy.ast.expr.EmptyExpression>: null

26-05-2025T09:30:35 - [TEST_STEP][PASSED] - pagePoteri = <not implemented yet for class: org.codehaus.groovy.ast.expr.EmptyExpression>: null

26-05-2025T09:30:35 - [TEST_STEP][PASSED] - compare = <not implemented yet for class: org.codehaus.groovy.ast.expr.EmptyExpression>: null

26-05-2025T09:30:35 - [TEST_STEP][PASSED] - b = <not implemented yet for class: org.codehaus.groovy.ast.expr.EmptyExpression>: null

26-05-2025T09:30:35 - [TEST_STEP][PASSED] - i = <not implemented yet for class: org.codehaus.groovy.ast.expr.EmptyExpression>: null

26-05-2025T09:30:35 - [TEST_STEP][PASSED] - ii = <not implemented yet for class: org.codehaus.groovy.ast.expr.EmptyExpression>: null

26-05-2025T09:30:35 - [TEST_STEP][PASSED] - c = <not implemented yet for class: org.codehaus.groovy.ast.expr.EmptyExpression>: null

26-05-2025T09:30:35 - [TEST_STEP][PASSED] - numberOfErrors = 0: null

26-05-2025T09:30:35 - [TEST_STEP][PASSED] - if (a == 82): null

26-05-2025T09:30:35 - [TEST_STEP][PASSED] - b = findTestData("PlanFact").getValue(1, a): null

26-05-2025T09:30:36 - [TEST_STEP][PASSED] - i = b.indexOf(" (ГК)"): null

26-05-2025T09:30:36 - [TEST_STEP][PASSED] - if (i > -1): null

26-05-2025T09:30:36 - [TEST_STEP][PASSED] - i = b.indexOf("О ""): null

26-05-2025T09:30:36 - [TEST_STEP][PASSED] - if (i > -1): null

26-05-2025T09:30:36 - [TEST_STEP][PASSED] - i = b.indexOf("О «"): null

26-05-2025T09:30:36 - [TEST_STEP][PASSED] - if (i > -1): null

26-05-2025T09:30:36 - [TEST_STEP][PASSED] - i = b.indexOf("г. "): null

26-05-2025T09:30:36 - [TEST_STEP][PASSED] - if (i > -1): null

26-05-2025T09:30:36 - [TEST_STEP][PASSED] - b = b.trim(): null

26-05-2025T09:30:36 - [TEST_STEP][PASSED] - println(b): null

26-05-2025T09:30:36 - [TEST_STEP][PASSED] - for ([planFact = 1, planFact < 3, (planFact++)]): Object: 'Object Repository/Выполнение бизнес-плана/Кнопка Факт' is clicked on

26-05-2025T09:30:36 - [TEST_STEP][PASSED] - if (planFact == 1): null

26-05-2025T09:30:36 - [TEST_STEP][PASSED] - typeOfDataMain = "Факт": null

26-05-2025T09:30:36 - [TEST_STEP][PASSED] - otpusk = findTestData("PlanFact").getValue(5, a): null

26-05-2025T09:30:36 - [TEST_STEP][PASSED] - poteri = findTestData("PlanFact").getValue(6, a): null

26-05-2025T09:30:36 - [TEST_STEP][PASSED] - otpusk = otpusk.replaceAll("\s+", ""): null

26-05-2025T09:30:36 - [TEST_STEP][PASSED] - poteri = poteri.replaceAll("\s+", ""): null

26-05-2025T09:30:36 - [TEST_STEP][PASSED] - typeOfData = typeOfDataMain + " Отпуск в сеть": null

26-05-2025T09:30:36 - [TEST_STEP][PASSED] - if (a == 82): null

26-05-2025T09:30:36 - [TEST_STEP][PASSED] - else if (a == 84): null

26-05-2025T09:30:36 - [TEST_STEP][PASSED] - else if (a == 83 || a == 52 || a == 72 || a == 28 || a == 73 || a == 77 || a == 74 || a == 65 || a == 36 || a == 44 || a == 53 || a == 80 || a == 54 || a == 1 || a == 18 || a == 59 || a == 81): null

26-05-2025T09:30:36 - [TEST_STEP][PASSED] - path = dataFolder + "Table Data/" + typeOfData + " за отчётный период " + dzoNum: null

26-05-2025T09:30:36 - [TEST_STEP][PASSED] - println(path): null

26-05-2025T09:30:36 - [TEST_STEP][PASSED] - page = getText(findTestObject(path)): Text of object 'Object Repository/Выполнение бизнес-плана/Значения со страницы Выполнение бизнес-плана/Table Data/Факт Отпуск в сеть за отчётный период 1' is: '164 602 454'

26-05-2025T09:30:36 - [MESSAGE][PASSED] - Text of object 'Object Repository/Выполнение бизнес-плана/Значения со страницы Выполнение бизнес-плана/Table Data/Факт Отпуск в сеть за отчётный период 1' is: '164 602 454'

26-05-2025T09:30:36 - [TEST_STEP][PASSED] - if (page == "" || page == null): null

26-05-2025T09:30:36 - [TEST_STEP][PASSED] - else: null

26-05-2025T09:30:36 - [TEST_STEP][PASSED] - page = page.replaceAll("\s+", ""): null

26-05-2025T09:30:36 - [TEST_STEP][PASSED] - if (page == "undefined"): null

26-05-2025T09:30:36 - [TEST_STEP][PASSED] - fileOtpuskVSet = otpusk.toInteger(): null

26-05-2025T09:30:36 - [TEST_STEP][PASSED] - pageOtpuskVSet = page.toInteger(): null

26-05-2025T09:30:36 - [TEST_STEP][PASSED] - typeOfData = typeOfDataMain + " Потери": null

26-05-2025T09:30:36 - [TEST_STEP][PASSED] - if (a == 82): null

26-05-2025T09:30:36 - [TEST_STEP][PASSED] - else if (a == 84): null

26-05-2025T09:30:36 - [TEST_STEP][PASSED] - else if (a == 83 || a == 52 || a == 72 || a == 28 || a == 73 || a == 77 || a == 74 || a == 65 || a == 36 || a == 44 || a == 53 || a == 80 || a == 54 || a == 1 || a == 18 || a == 59 || a == 81): null

26-05-2025T09:30:36 - [TEST_STEP][PASSED] - path = dataFolder + "Table Data/" + typeOfData + " за отчётный период " + dzoNum: null

26-05-2025T09:30:36 - [TEST_STEP][PASSED] - page = getText(findTestObject(path)): Text of object 'Object Repository/Выполнение бизнес-плана/Значения со страницы Выполнение бизнес-плана/Table Data/Факт Потери за отчётный период 1' is: '6 090 730'

26-05-2025T09:30:36 - [MESSAGE][PASSED] - Text of object 'Object Repository/Выполнение бизнес-плана/Значения со страницы Выполнение бизнес-плана/Table Data/Факт Потери за отчётный период 1' is: '6 090 730'

26-05-2025T09:30:36 - [TEST_STEP][PASSED] - if (page == "" || page == null): null

26-05-2025T09:30:36 - [TEST_STEP][PASSED] - else: null

26-05-2025T09:30:36 - [TEST_STEP][PASSED] - page = page.replaceAll("\s+", ""): null

26-05-2025T09:30:36 - [TEST_STEP][PASSED] - if (page == "undefined"): null

26-05-2025T09:30:36 - [TEST_STEP][PASSED] - filePoteri = poteri.toInteger(): null

26-05-2025T09:30:36 - [TEST_STEP][PASSED] - pagePoteri = page.toInteger(): null

26-05-2025T09:30:36 - [TEST_STEP][PASSED] - compare = pageOtpuskVSet: null

26-05-2025T09:30:36 - [TEST_STEP][PASSED] - if (pageOtpuskVSet != null): null

26-05-2025T09:30:36 - [TEST_STEP][PASSED] - if (compare == fileOtpuskVSet): null

26-05-2025T09:30:36 - [TEST_STEP][PASSED] - if (compare == fileOtpuskVSet): null

26-05-2025T09:30:36 - [TEST_STEP][PASSED] - compare = pagePoteri: null

26-05-2025T09:30:36 - [TEST_STEP][PASSED] - if (pageOtpuskVSet != null): null

26-05-2025T09:30:36 - [TEST_STEP][PASSED] - if (compare == filePoteri): null

26-05-2025T09:30:36 - [TEST_STEP][PASSED] - if (compare == filePoteri): null

26-05-2025T09:30:36 - [TEST_STEP][PASSED] - if (planFact == 2): null

26-05-2025T09:30:36 - [TEST_STEP][PASSED] - if (planFact == 1): null

26-05-2025T09:30:36 - [TEST_STEP][PASSED] - else if (planFact == 2): null

26-05-2025T09:30:36 - [TEST_STEP][PASSED] - click(findTestObject("Выполнение бизнес-плана/Кнопка План")): Object: 'Object Repository/Выполнение бизнес-плана/Кнопка План' is clicked on

26-05-2025T09:30:37 - [MESSAGE][PASSED] - Object: 'Object Repository/Выполнение бизнес-плана/Кнопка План' is clicked on

26-05-2025T09:30:37 - [TEST_STEP][PASSED] - typeOfDataMain = "План": null

26-05-2025T09:30:37 - [TEST_STEP][PASSED] - otpusk = findTestData("PlanFact").getValue(2, a): null

26-05-2025T09:30:37 - [TEST_STEP][PASSED] - poteri = findTestData("PlanFact").getValue(3, a): null

26-05-2025T09:30:37 - [TEST_STEP][PASSED] - otpusk = otpusk.replaceAll("\s+", ""): null

26-05-2025T09:30:37 - [TEST_STEP][PASSED] - poteri = poteri.replaceAll("\s+", ""): null

26-05-2025T09:30:37 - [TEST_STEP][PASSED] - typeOfData = typeOfDataMain + " Отпуск в сеть": null

26-05-2025T09:30:37 - [TEST_STEP][PASSED] - if (a == 82): null

26-05-2025T09:30:37 - [TEST_STEP][PASSED] - else if (a == 84): null

26-05-2025T09:30:37 - [TEST_STEP][PASSED] - else if (a == 83 || a == 52 || a == 72 || a == 28 || a == 73 || a == 77 || a == 74 || a == 65 || a == 36 || a == 44 || a == 53 || a == 80 || a == 54 || a == 1 || a == 18 || a == 59 || a == 81): null

26-05-2025T09:30:37 - [TEST_STEP][PASSED] - path = dataFolder + "Table Data/" + typeOfData + " за отчётный период " + dzoNum: null

26-05-2025T09:30:37 - [TEST_STEP][PASSED] - println(path): null

26-05-2025T09:30:37 - [TEST_STEP][PASSED] - page = getText(findTestObject(path)): Text of object 'Object Repository/Выполнение бизнес-плана/Значения со страницы Выполнение бизнес-плана/Table Data/План Отпуск в сеть за отчётный период 1' is: '167 925 540'

26-05-2025T09:30:37 - [MESSAGE][PASSED] - Text of object 'Object Repository/Выполнение бизнес-плана/Значения со страницы Выполнение бизнес-плана/Table Data/План Отпуск в сеть за отчётный период 1' is: '167 925 540'

26-05-2025T09:30:37 - [TEST_STEP][PASSED] - if (page == "" || page == null): null

26-05-2025T09:30:37 - [TEST_STEP][PASSED] - else: null

26-05-2025T09:30:37 - [TEST_STEP][PASSED] - page = page.replaceAll("\s+", ""): null

26-05-2025T09:30:37 - [TEST_STEP][PASSED] - if (page == "undefined"): null

26-05-2025T09:30:37 - [TEST_STEP][PASSED] - fileOtpuskVSet = otpusk.toInteger(): null

26-05-2025T09:30:37 - [TEST_STEP][PASSED] - pageOtpuskVSet = page.toInteger(): null

26-05-2025T09:30:37 - [TEST_STEP][PASSED] - typeOfData = typeOfDataMain + " Потери": null

26-05-2025T09:30:37 - [TEST_STEP][PASSED] - if (a == 82): null

26-05-2025T09:30:37 - [TEST_STEP][PASSED] - else if (a == 84): null

26-05-2025T09:30:37 - [TEST_STEP][PASSED] - else if (a == 83 || a == 52 || a == 72 || a == 28 || a == 73 || a == 77 || a == 74 || a == 65 || a == 36 || a == 44 || a == 53 || a == 80 || a == 54 || a == 1 || a == 18 || a == 59 || a == 81): null

26-05-2025T09:30:37 - [TEST_STEP][PASSED] - path = dataFolder + "Table Data/" + typeOfData + " за отчётный период " + dzoNum: null

26-05-2025T09:30:37 - [TEST_STEP][PASSED] - page = getText(findTestObject(path)): Text of object 'Object Repository/Выполнение бизнес-плана/Значения со страницы Выполнение бизнес-плана/Table Data/План Потери за отчётный период 1' is: '6 131 691'

26-05-2025T09:30:37 - [MESSAGE][PASSED] - Text of object 'Object Repository/Выполнение бизнес-плана/Значения со страницы Выполнение бизнес-плана/Table Data/План Потери за отчётный период 1' is: '6 131 691'

26-05-2025T09:30:37 - [TEST_STEP][PASSED] - if (page == "" || page == null): null

26-05-2025T09:30:37 - [TEST_STEP][PASSED] - else: null

26-05-2025T09:30:37 - [TEST_STEP][PASSED] - page = page.replaceAll("\s+", ""): null

26-05-2025T09:30:37 - [TEST_STEP][PASSED] - if (page == "undefined"): null

26-05-2025T09:30:37 - [TEST_STEP][PASSED] - filePoteri = poteri.toInteger(): null

26-05-2025T09:30:37 - [TEST_STEP][PASSED] - pagePoteri = page.toInteger(): null

26-05-2025T09:30:37 - [TEST_STEP][PASSED] - compare = pageOtpuskVSet: null

26-05-2025T09:30:37 - [TEST_STEP][PASSED] - if (pageOtpuskVSet != null): null

26-05-2025T09:30:37 - [TEST_STEP][PASSED] - if (compare == fileOtpuskVSet): null

26-05-2025T09:30:37 - [TEST_STEP][PASSED] - if (compare == fileOtpuskVSet): null

26-05-2025T09:30:37 - [TEST_STEP][PASSED] - compare = pagePoteri: null

26-05-2025T09:30:37 - [TEST_STEP][PASSED] - if (pageOtpuskVSet != null): null

26-05-2025T09:30:37 - [TEST_STEP][PASSED] - if (compare == filePoteri): null

26-05-2025T09:30:37 - [TEST_STEP][PASSED] - if (compare == filePoteri): null

26-05-2025T09:30:37 - [TEST_STEP][PASSED] - if (planFact == 2): Object: 'Object Repository/Выполнение бизнес-плана/Кнопка Факт' is clicked on

26-05-2025T09:30:37 - [TEST_STEP][PASSED] - click(findTestObject("Выполнение бизнес-плана/Кнопка Факт")): Object: 'Object Repository/Выполнение бизнес-плана/Кнопка Факт' is clicked on

26-05-2025T09:30:38 - [MESSAGE][PASSED] - Object: 'Object Repository/Выполнение бизнес-плана/Кнопка Факт' is clicked on

26-05-2025T09:30:38 - [TEST_STEP][PASSED] - println("a=" + a): null

26-05-2025T09:30:38 - [TEST_STEP][PASSED] - if (a == 84 || a == 82): null

26-05-2025T09:30:38 - [TEST_STEP][PASSED] - else if (a == 83 || a == 52 || a == 72 || a == 28 || a == 73 || a == 77 || a == 74 || a == 65 || a == 36 || a == 44 || a == 53 || a == 80 || a == 54 || a == 1 || a == 18 || a == 59 || a == 81): null

26-05-2025T09:30:38 - [TEST_STEP][PASSED] - page1 = getText(findTestObject("Object Repository/Выполнение бизнес-плана/spanPlan" + dzoNum)): Text of object 'Object Repository/Выполнение бизнес-плана/spanPlan1' is: '3.79'

26-05-2025T09:30:38 - [MESSAGE][PASSED] - Text of object 'Object Repository/Выполнение бизнес-плана/spanPlan1' is: '3.79'

26-05-2025T09:30:38 - [TEST_STEP][PASSED] - page1 = page1.replace("|", ""): null

26-05-2025T09:30:38 - [TEST_STEP][PASSED] - page2 = getText(findTestObject("Object Repository/Выполнение бизнес-плана/spanFact" + dzoNum)): Text of object 'Object Repository/Выполнение бизнес-плана/spanFact1' is: '3.84
|'

26-05-2025T09:30:38 - [MESSAGE][PASSED] - Text of object 'Object Repository/Выполнение бизнес-плана/spanFact1' is: '3.84
|'

26-05-2025T09:30:38 - [TEST_STEP][PASSED] - page2 = page2.replace("|", ""): null

26-05-2025T09:30:38 - [TEST_STEP][PASSED] - println("page1: " + page1): null

26-05-2025T09:30:38 - [TEST_STEP][PASSED] - println("page2: " + page2): null

26-05-2025T09:30:38 - [TEST_STEP][PASSED] - file = findTestData("PlanFact").getValue(4, a): null

26-05-2025T09:30:38 - [TEST_STEP][PASSED] - file = file.replace(",", "."): null

26-05-2025T09:30:38 - [TEST_STEP][PASSED] - println("file Plan: " + file): null

26-05-2025T09:30:38 - [TEST_STEP][PASSED] - typeOfData = "План в процентах": null

26-05-2025T09:30:38 - [TEST_STEP][PASSED] - fileDouble = file.toDouble(): null

26-05-2025T09:30:38 - [TEST_STEP][PASSED] - pageDouble = page1.toDouble(): null

26-05-2025T09:30:38 - [TEST_STEP][PASSED] - if (fileDouble != pageDouble): null

26-05-2025T09:30:38 - [TEST_STEP][PASSED] - file = findTestData("PlanFact").getValue(7, a): null

26-05-2025T09:30:38 - [TEST_STEP][PASSED] - file = file.replace(",", "."): null

26-05-2025T09:30:38 - [TEST_STEP][PASSED] - println("file Fact: " + file): null

26-05-2025T09:30:38 - [TEST_STEP][PASSED] - fileDouble = file.toDouble(): null

26-05-2025T09:30:38 - [TEST_STEP][PASSED] - typeOfData = "Факт в процентах": null

26-05-2025T09:30:38 - [TEST_STEP][PASSED] - fileDouble = file.toDouble(): null

26-05-2025T09:30:38 - [TEST_STEP][PASSED] - pageDouble = page2.toDouble(): null

26-05-2025T09:30:38 - [TEST_STEP][PASSED] - if (fileDouble != pageDouble): null

26-05-2025T09:30:38 - [TEST_STEP][PASSED] - if (verifyEqual(numberOfErrors, 0) == false): Actual object '0' and expected object '0' are equal

26-05-2025T09:30:38 - [MESSAGE][PASSED] - Actual object '0' and expected object '0' are equal

26-05-2025T09:30:38 - [TEST_STEP][PASSED] - if (a == 82): null

26-05-2025T09:30:38 - [TEST_STEP][PASSED] - println(dzoNum): null

26-05-2025T09:30:38 - [TEST_STEP][PASSED] - dZO = "РаспредКомплекс": null

26-05-2025T09:30:38 - [TEST_STEP][PASSED] - a = 82: null

26-05-2025T09:30:38 - [TEST_STEP][PASSED] - Script1718980020443.Numbers(a, typeOfData, todaysDate, pageInt, fileInt, pageDouble, fileDouble, dZO, dzoNum, filialNum): null

26-05-2025T09:30:38 - [TEST_STEP][PASSED] - println(dzoNum): null

26-05-2025T09:30:38 - [TEST_STEP][PASSED] - planFact = <not implemented yet for class: org.codehaus.groovy.ast.expr.EmptyExpression>: null

26-05-2025T09:30:38 - [TEST_STEP][PASSED] - page = <not implemented yet for class: org.codehaus.groovy.ast.expr.EmptyExpression>: null

26-05-2025T09:30:38 - [TEST_STEP][PASSED] - page1 = <not implemented yet for class: org.codehaus.groovy.ast.expr.EmptyExpression>: null

26-05-2025T09:30:38 - [TEST_STEP][PASSED] - page2 = <not implemented yet for class: org.codehaus.groovy.ast.expr.EmptyExpression>: null

26-05-2025T09:30:38 - [TEST_STEP][PASSED] - filialNumberInRow = <not implemented yet for class: org.codehaus.groovy.ast.expr.EmptyExpression>: null

26-05-2025T09:30:38 - [TEST_STEP][PASSED] - filialsDzoNames = <not implemented yet for class: org.codehaus.groovy.ast.expr.EmptyExpression>: null

26-05-2025T09:30:38 - [TEST_STEP][PASSED] - numberOfFilials = <not implemented yet for class: org.codehaus.groovy.ast.expr.EmptyExpression>: null

26-05-2025T09:30:38 - [TEST_STEP][PASSED] - numberOfSpaces = <not implemented yet for class: org.codehaus.groovy.ast.expr.EmptyExpression>: null

26-05-2025T09:30:38 - [TEST_STEP][PASSED] - file = <not implemented yet for class: org.codehaus.groovy.ast.expr.EmptyExpression>: null

26-05-2025T09:30:38 - [TEST_STEP][PASSED] - otpusk = <not implemented yet for class: org.codehaus.groovy.ast.expr.EmptyExpression>: null

26-05-2025T09:30:38 - [TEST_STEP][PASSED] - poteri = <not implemented yet for class: org.codehaus.groovy.ast.expr.EmptyExpression>: null

26-05-2025T09:30:38 - [TEST_STEP][PASSED] - dataFolder = "Выполнение бизнес-плана/Значения со страницы Выполнение бизнес-плана/": null

26-05-2025T09:30:38 - [TEST_STEP][PASSED] - path = <not implemented yet for class: org.codehaus.groovy.ast.expr.EmptyExpression>: null

26-05-2025T09:30:38 - [TEST_STEP][PASSED] - typeOfDataMain = <not implemented yet for class: org.codehaus.groovy.ast.expr.EmptyExpression>: null

26-05-2025T09:30:38 - [TEST_STEP][PASSED] - fileOtpuskVSet = <not implemented yet for class: org.codehaus.groovy.ast.expr.EmptyExpression>: null

26-05-2025T09:30:38 - [TEST_STEP][PASSED] - pageOtpuskVSet = <not implemented yet for class: org.codehaus.groovy.ast.expr.EmptyExpression>: null

26-05-2025T09:30:38 - [TEST_STEP][PASSED] - filePoteri = <not implemented yet for class: org.codehaus.groovy.ast.expr.EmptyExpression>: null

26-05-2025T09:30:38 - [TEST_STEP][PASSED] - pagePoteri = <not implemented yet for class: org.codehaus.groovy.ast.expr.EmptyExpression>: null

26-05-2025T09:30:38 - [TEST_STEP][PASSED] - compare = <not implemented yet for class: org.codehaus.groovy.ast.expr.EmptyExpression>: null

26-05-2025T09:30:38 - [TEST_STEP][PASSED] - b = <not implemented yet for class: org.codehaus.groovy.ast.expr.EmptyExpression>: null

26-05-2025T09:30:38 - [TEST_STEP][PASSED] - i = <not implemented yet for class: org.codehaus.groovy.ast.expr.EmptyExpression>: null

26-05-2025T09:30:38 - [TEST_STEP][PASSED] - ii = <not implemented yet for class: org.codehaus.groovy.ast.expr.EmptyExpression>: null

26-05-2025T09:30:38 - [TEST_STEP][PASSED] - c = <not implemented yet for class: org.codehaus.groovy.ast.expr.EmptyExpression>: null

26-05-2025T09:30:38 - [TEST_STEP][PASSED] - numberOfErrors = 0: null

26-05-2025T09:30:38 - [TEST_STEP][PASSED] - if (a == 82): null

26-05-2025T09:30:38 - [TEST_STEP][PASSED] - Script1718980020443.OpenFilter(): null

26-05-2025T09:30:38 - [TEST_STEP][PASSED] - click(findTestObject("Object Repository/Выполнение бизнес-плана/Фильтр ДЗО")): Object: 'Object Repository/Выполнение бизнес-плана/Фильтр ДЗО' is clicked on

26-05-2025T09:30:39 - [MESSAGE][PASSED] - Object: 'Object Repository/Выполнение бизнес-плана/Фильтр ДЗО' is clicked on

26-05-2025T09:30:39 - [TEST_STEP][PASSED] - click(findTestObject("Выполнение бизнес-плана/Снять выделение в фильтре ДЗО")): null

26-05-2025T09:30:39 - [MESSAGE][PASSED] - Object: 'Object Repository/Выполнение бизнес-плана/Снять выделение в фильтре ДЗО' is clicked on

26-05-2025T09:30:39 - [TEST_STEP][PASSED] - click(findTestObject("Выполнение бизнес-плана/Раскрыть список ПАО Россети в фильтре ДЗО")): Object: 'Object Repository/Выполнение бизнес-плана/Раскрыть список ПАО Россети в фильтре ДЗО' is clicked on

26-05-2025T09:30:40 - [MESSAGE][PASSED] - Object: 'Object Repository/Выполнение бизнес-плана/Раскрыть список ПАО Россети в фильтре ДЗО' is clicked on

26-05-2025T09:30:40 - [TEST_STEP][PASSED] - click(findTestObject("Выполнение бизнес-плана/РаспредКомплекс")): Object: 'Object Repository/Выполнение бизнес-плана/РаспредКомплекс' is clicked on

26-05-2025T09:30:40 - [MESSAGE][PASSED] - Object: 'Object Repository/Выполнение бизнес-плана/РаспредКомплекс' is clicked on

26-05-2025T09:30:40 - [TEST_STEP][PASSED] - Script1718980020443.CloseFilter(): null

26-05-2025T09:30:40 - [TEST_STEP][PASSED] - scrollToElement(findTestObject("Выполнение бизнес-плана/Заголовок дашборда"), 30): Scroll to object 'Object Repository/Выполнение бизнес-плана/Заголовок дашборда' successfully

26-05-2025T09:30:40 - [MESSAGE][PASSED] - Scroll to object 'Object Repository/Выполнение бизнес-плана/Заголовок дашборда' successfully

26-05-2025T09:30:40 - [TEST_STEP][PASSED] - click(findTestObject("Object Repository/Выполнение бизнес-плана/Применить в фильтре ДЗО")): null

26-05-2025T09:30:41 - [MESSAGE][PASSED] - Object: 'Object Repository/Выполнение бизнес-плана/Применить в фильтре ДЗО' is clicked on

26-05-2025T09:30:41 - [TEST_STEP][PASSED] - delay(5): Delayed 5 second(s)

26-05-2025T09:30:46 - [MESSAGE][PASSED] - Delayed 5 second(s)

26-05-2025T09:30:46 - [TEST_STEP][PASSED] - b = findTestData("PlanFact").getValue(1, a): null

26-05-2025T09:30:46 - [TEST_STEP][PASSED] - i = b.indexOf(" (ГК)"): null

26-05-2025T09:30:46 - [TEST_STEP][PASSED] - if (i > -1): null

26-05-2025T09:30:46 - [TEST_STEP][PASSED] - i = b.indexOf("О ""): null

26-05-2025T09:30:46 - [TEST_STEP][PASSED] - if (i > -1): null

26-05-2025T09:30:46 - [TEST_STEP][PASSED] - i = b.indexOf("О «"): null

26-05-2025T09:30:46 - [TEST_STEP][PASSED] - if (i > -1): null

26-05-2025T09:30:46 - [TEST_STEP][PASSED] - i = b.indexOf("г. "): null

26-05-2025T09:30:46 - [TEST_STEP][PASSED] - if (i > -1): null

26-05-2025T09:30:46 - [TEST_STEP][PASSED] - b = b.trim(): null

26-05-2025T09:30:46 - [TEST_STEP][PASSED] - println(b): null

26-05-2025T09:30:46 - [TEST_STEP][PASSED] - for ([planFact = 1, planFact < 3, (planFact++)]): null

26-05-2025T09:30:46 - [TEST_STEP][PASSED] - if (planFact == 1): null

26-05-2025T09:30:46 - [TEST_STEP][PASSED] - typeOfDataMain = "Факт": null

26-05-2025T09:30:46 - [TEST_STEP][PASSED] - otpusk = findTestData("PlanFact").getValue(5, a): null

26-05-2025T09:30:47 - [TEST_STEP][PASSED] - poteri = findTestData("PlanFact").getValue(6, a): null

26-05-2025T09:30:47 - [TEST_STEP][PASSED] - otpusk = otpusk.replaceAll("\s+", ""): null

26-05-2025T09:30:47 - [TEST_STEP][PASSED] - poteri = poteri.replaceAll("\s+", ""): null

26-05-2025T09:30:47 - [TEST_STEP][PASSED] - typeOfData = typeOfDataMain + " Отпуск в сеть": null

26-05-2025T09:30:47 - [TEST_STEP][PASSED] - if (a == 82): null

26-05-2025T09:30:47 - [TEST_STEP][PASSED] - path = dataFolder + typeOfData + " за отчётный период " + "РаспредКомплекс": null

26-05-2025T09:30:47 - [TEST_STEP][PASSED] - println(path): null

26-05-2025T09:30:47 - [TEST_STEP][PASSED] - page = getText(findTestObject(path)): Text of object 'Object Repository/Выполнение бизнес-плана/Значения со страницы Выполнение бизнес-плана/Факт Отпуск в сеть за отчётный период РаспредКомплекс' is: '106 461 754'

26-05-2025T09:31:06 - [MESSAGE][PASSED] - Text of object 'Object Repository/Выполнение бизнес-плана/Значения со страницы Выполнение бизнес-плана/Факт Отпуск в сеть за отчётный период РаспредКомплекс' is: '106 461 754'

26-05-2025T09:31:06 - [TEST_STEP][PASSED] - if (page == "" || page == null): null

26-05-2025T09:31:06 - [TEST_STEP][PASSED] - else: null

26-05-2025T09:31:06 - [TEST_STEP][PASSED] - page = page.replaceAll("\s+", ""): null

26-05-2025T09:31:06 - [TEST_STEP][PASSED] - if (page == "undefined"): null

26-05-2025T09:31:06 - [TEST_STEP][PASSED] - fileOtpuskVSet = otpusk.toInteger(): null

26-05-2025T09:31:06 - [TEST_STEP][PASSED] - pageOtpuskVSet = page.toInteger(): null

26-05-2025T09:31:06 - [TEST_STEP][PASSED] - typeOfData = typeOfDataMain + " Потери": null

26-05-2025T09:31:06 - [TEST_STEP][PASSED] - if (a == 82): null

26-05-2025T09:31:06 - [TEST_STEP][PASSED] - path = dataFolder + typeOfData + " за отчётный период " + "РаспредКомплекс": null

26-05-2025T09:31:06 - [TEST_STEP][PASSED] - page = getText(findTestObject(path)): Text of object 'Object Repository/Выполнение бизнес-плана/Значения со страницы Выполнение бизнес-плана/Факт Потери за отчётный период РаспредКомплекс' is: '8 511 464'

26-05-2025T09:31:07 - [MESSAGE][PASSED] - Text of object 'Object Repository/Выполнение бизнес-плана/Значения со страницы Выполнение бизнес-плана/Факт Потери за отчётный период РаспредКомплекс' is: '8 511 464'

26-05-2025T09:31:07 - [TEST_STEP][PASSED] - if (page == "" || page == null): null

26-05-2025T09:31:07 - [TEST_STEP][PASSED] - else: null

26-05-2025T09:31:07 - [TEST_STEP][PASSED] - page = page.replaceAll("\s+", ""): null

26-05-2025T09:31:07 - [TEST_STEP][PASSED] - if (page == "undefined"): null

26-05-2025T09:31:07 - [TEST_STEP][PASSED] - filePoteri = poteri.toInteger(): null

26-05-2025T09:31:07 - [TEST_STEP][PASSED] - pagePoteri = page.toInteger(): null

26-05-2025T09:31:07 - [TEST_STEP][PASSED] - compare = pageOtpuskVSet: null

26-05-2025T09:31:07 - [TEST_STEP][PASSED] - if (pageOtpuskVSet != null): null

26-05-2025T09:31:07 - [TEST_STEP][PASSED] - if (compare == fileOtpuskVSet): null

26-05-2025T09:31:07 - [TEST_STEP][PASSED] - else if (compare > fileOtpuskVSet): null

26-05-2025T09:31:07 - [TEST_STEP][PASSED] - else if (compare < fileOtpuskVSet): null

26-05-2025T09:31:07 - [TEST_STEP][PASSED] - compare = compare + 1: null

26-05-2025T09:31:07 - [TEST_STEP][PASSED] - if (compare == fileOtpuskVSet): null

26-05-2025T09:31:07 - [TEST_STEP][PASSED] - else: null

26-05-2025T09:31:07 - [TEST_STEP][PASSED] - numberOfErrors = numberOfErrors + 1: null

26-05-2025T09:31:07 - [TEST_STEP][PASSED] - pageInt = pageOtpuskVSet: null

26-05-2025T09:31:07 - [TEST_STEP][PASSED] - fileInt = fileOtpuskVSet: null

26-05-2025T09:31:07 - [TEST_STEP][PASSED] - typeOfData = typeOfDataMain + " Отпуск в сеть": null

26-05-2025T09:31:07 - [TEST_STEP][PASSED] - Script1718980020443.WriteToExcel(a, typeOfData, todaysDate, pageInt, fileInt, pageDouble, fileDouble, dZO): null

26-05-2025T09:31:07 - [TEST_STEP][PASSED] - sheetName = "Sheet1": null

26-05-2025T09:31:07 - [TEST_STEP][PASSED] - data = findTestData("PlanFact"): null

26-05-2025T09:31:07 - [TEST_STEP][PASSED] - n = data.getRowNumbers() + 1: null

26-05-2025T09:31:07 - [TEST_STEP][PASSED] - day = ")).toInteger(): null

26-05-2025T09:31:07 - [TEST_STEP][PASSED] - println(day): null

26-05-2025T09:31:07 - [TEST_STEP][PASSED] - month = ")).toInteger(): null

26-05-2025T09:31:07 - [TEST_STEP][PASSED] - println(month): null

26-05-2025T09:31:07 - [TEST_STEP][PASSED] - y = <not implemented yet for class: org.codehaus.groovy.ast.expr.EmptyExpression>: null

26-05-2025T09:31:07 - [TEST_STEP][PASSED] - iy = <not implemented yet for class: org.codehaus.groovy.ast.expr.EmptyExpression>: null

26-05-2025T09:31:07 - [TEST_STEP][PASSED] - m = getText(findTestObject("Выполнение бизнес-плана/Период")): Text of object 'Object Repository/Выполнение бизнес-плана/Период' is: '1 кв. 2025 года'

26-05-2025T09:31:07 - [MESSAGE][PASSED] - Text of object 'Object Repository/Выполнение бизнес-плана/Период' is: '1 кв. 2025 года'

26-05-2025T09:31:07 - [TEST_STEP][PASSED] - iy = m.indexOf("20"): null

26-05-2025T09:31:07 - [TEST_STEP][PASSED] - if (iy > -1): null

26-05-2025T09:31:07 - [TEST_STEP][PASSED] - y = substring(iy, iy + 4).toInteger(): null

26-05-2025T09:31:07 - [TEST_STEP][PASSED] - println(y): null

26-05-2025T09:31:07 - [TEST_STEP][PASSED] - if (toString().length() == 4): null

26-05-2025T09:31:07 - [TEST_STEP][PASSED] - m = m.substring(0, m.indexOf(y.toString())): null

26-05-2025T09:31:07 - [TEST_STEP][PASSED] - m = m.trim(): null

26-05-2025T09:31:07 - [TEST_STEP][PASSED] - if (m == ""): null

26-05-2025T09:31:07 - [TEST_STEP][PASSED] - dashboardName = "Выполнение бизнес-плана": null

26-05-2025T09:31:07 - [TEST_STEP][PASSED] - workbook01 = getWorkbook(excelFilePath): null

26-05-2025T09:31:07 - [TEST_STEP][PASSED] - sheet01 = getExcelSheet(workbook01, sheetName): null

26-05-2025T09:31:07 - [TEST_STEP][PASSED] - setValueToCellByIndex(sheet01, n, 0, dashboardName): null

26-05-2025T09:31:07 - [TEST_STEP][PASSED] - setValueToCellByIndex(sheet01, n, 1, dZO): null

26-05-2025T09:31:07 - [TEST_STEP][PASSED] - setValueToCellByIndex(sheet01, n, 2, typeOfData): null

26-05-2025T09:31:07 - [TEST_STEP][PASSED] - if (typeOfData == "Факт в процентах" || typeOfData == "План в процентах"): null

26-05-2025T09:31:07 - [TEST_STEP][PASSED] - else: null

26-05-2025T09:31:07 - [TEST_STEP][PASSED] - setValueToCellByIndex(sheet01, n, 3, fileInt): null

26-05-2025T09:31:07 - [TEST_STEP][PASSED] - setValueToCellByIndex(sheet01, n, 4, pageInt): null

26-05-2025T09:31:07 - [TEST_STEP][PASSED] - setValueToCellByIndex(sheet01, n, 5, m): null

26-05-2025T09:31:07 - [TEST_STEP][PASSED] - setValueToCellByIndex(sheet01, n, 6, y): null

26-05-2025T09:31:07 - [TEST_STEP][PASSED] - setValueToCellByIndex(sheet01, n, 7, todaysDate): null

26-05-2025T09:31:07 - [TEST_STEP][PASSED] - n = n + 1: null

26-05-2025T09:31:07 - [TEST_STEP][PASSED] - saveWorkbook(excelFilePath, workbook01): null

26-05-2025T09:31:07 - [TEST_STEP][PASSED] - compare = pagePoteri: null

26-05-2025T09:31:07 - [TEST_STEP][PASSED] - if (pageOtpuskVSet != null): null

26-05-2025T09:31:07 - [TEST_STEP][PASSED] - if (compare == filePoteri): null

26-05-2025T09:31:07 - [TEST_STEP][PASSED] - else if (compare > filePoteri): null

26-05-2025T09:31:07 - [TEST_STEP][PASSED] - else if (compare < filePoteri): null

26-05-2025T09:31:07 - [TEST_STEP][PASSED] - compare = compare + 1: null

26-05-2025T09:31:07 - [TEST_STEP][PASSED] - if (compare == filePoteri): null

26-05-2025T09:31:07 - [TEST_STEP][PASSED] - else: null

26-05-2025T09:31:07 - [TEST_STEP][PASSED] - numberOfErrors = numberOfErrors + 1: null

26-05-2025T09:31:07 - [TEST_STEP][PASSED] - pageInt = pagePoteri: null

26-05-2025T09:31:07 - [TEST_STEP][PASSED] - fileInt = filePoteri: null

26-05-2025T09:31:07 - [TEST_STEP][PASSED] - typeOfData = typeOfDataMain + " Потери": null

26-05-2025T09:31:07 - [TEST_STEP][PASSED] - Script1718980020443.WriteToExcel(a, typeOfData, todaysDate, pageInt, fileInt, pageDouble, fileDouble, dZO): null

26-05-2025T09:31:07 - [TEST_STEP][PASSED] - sheetName = "Sheet1": null

26-05-2025T09:31:07 - [TEST_STEP][PASSED] - data = findTestData("PlanFact"): null

26-05-2025T09:31:08 - [TEST_STEP][PASSED] - n = data.getRowNumbers() + 1: null

26-05-2025T09:31:08 - [TEST_STEP][PASSED] - day = ")).toInteger(): null

26-05-2025T09:31:08 - [TEST_STEP][PASSED] - println(day): null

26-05-2025T09:31:08 - [TEST_STEP][PASSED] - month = ")).toInteger(): null

26-05-2025T09:31:08 - [TEST_STEP][PASSED] - println(month): null

26-05-2025T09:31:08 - [TEST_STEP][PASSED] - y = <not implemented yet for class: org.codehaus.groovy.ast.expr.EmptyExpression>: null

26-05-2025T09:31:08 - [TEST_STEP][PASSED] - iy = <not implemented yet for class: org.codehaus.groovy.ast.expr.EmptyExpression>: null

26-05-2025T09:31:08 - [TEST_STEP][PASSED] - m = getText(findTestObject("Выполнение бизнес-плана/Период")): Text of object 'Object Repository/Выполнение бизнес-плана/Период' is: '1 кв. 2025 года'

26-05-2025T09:31:08 - [MESSAGE][PASSED] - Text of object 'Object Repository/Выполнение бизнес-плана/Период' is: '1 кв. 2025 года'

26-05-2025T09:31:08 - [TEST_STEP][PASSED] - iy = m.indexOf("20"): null

26-05-2025T09:31:08 - [TEST_STEP][PASSED] - if (iy > -1): null

26-05-2025T09:31:08 - [TEST_STEP][PASSED] - y = substring(iy, iy + 4).toInteger(): null

26-05-2025T09:31:08 - [TEST_STEP][PASSED] - println(y): null

26-05-2025T09:31:08 - [TEST_STEP][PASSED] - if (toString().length() == 4): null

26-05-2025T09:31:08 - [TEST_STEP][PASSED] - m = m.substring(0, m.indexOf(y.toString())): null

26-05-2025T09:31:08 - [TEST_STEP][PASSED] - m = m.trim(): null

26-05-2025T09:31:08 - [TEST_STEP][PASSED] - if (m == ""): null

26-05-2025T09:31:08 - [TEST_STEP][PASSED] - dashboardName = "Выполнение бизнес-плана": null

26-05-2025T09:31:08 - [TEST_STEP][PASSED] - workbook01 = getWorkbook(excelFilePath): null

26-05-2025T09:31:08 - [TEST_STEP][PASSED] - sheet01 = getExcelSheet(workbook01, sheetName): null

26-05-2025T09:31:08 - [TEST_STEP][PASSED] - setValueToCellByIndex(sheet01, n, 0, dashboardName): null

26-05-2025T09:31:08 - [TEST_STEP][PASSED] - setValueToCellByIndex(sheet01, n, 1, dZO): null

26-05-2025T09:31:08 - [TEST_STEP][PASSED] - setValueToCellByIndex(sheet01, n, 2, typeOfData): null

26-05-2025T09:31:08 - [TEST_STEP][PASSED] - if (typeOfData == "Факт в процентах" || typeOfData == "План в процентах"): null

26-05-2025T09:31:08 - [TEST_STEP][PASSED] - else: null

26-05-2025T09:31:08 - [TEST_STEP][PASSED] - setValueToCellByIndex(sheet01, n, 3, fileInt): null

26-05-2025T09:31:08 - [TEST_STEP][PASSED] - setValueToCellByIndex(sheet01, n, 4, pageInt): null

26-05-2025T09:31:08 - [TEST_STEP][PASSED] - setValueToCellByIndex(sheet01, n, 5, m): null

26-05-2025T09:31:08 - [TEST_STEP][PASSED] - setValueToCellByIndex(sheet01, n, 6, y): null

26-05-2025T09:31:08 - [TEST_STEP][PASSED] - setValueToCellByIndex(sheet01, n, 7, todaysDate): null

26-05-2025T09:31:08 - [TEST_STEP][PASSED] - n = n + 1: null

26-05-2025T09:31:08 - [TEST_STEP][PASSED] - saveWorkbook(excelFilePath, workbook01): null

26-05-2025T09:31:08 - [TEST_STEP][PASSED] - if (planFact == 2): null

26-05-2025T09:31:08 - [TEST_STEP][PASSED] - if (planFact == 1): null

26-05-2025T09:31:08 - [TEST_STEP][PASSED] - else if (planFact == 2): null

26-05-2025T09:31:08 - [TEST_STEP][PASSED] - click(findTestObject("Выполнение бизнес-плана/Кнопка План")): Object: 'Object Repository/Выполнение бизнес-плана/Кнопка План' is clicked on

26-05-2025T09:31:08 - [MESSAGE][PASSED] - Object: 'Object Repository/Выполнение бизнес-плана/Кнопка План' is clicked on

26-05-2025T09:31:08 - [TEST_STEP][PASSED] - typeOfDataMain = "План": null

26-05-2025T09:31:08 - [TEST_STEP][PASSED] - otpusk = findTestData("PlanFact").getValue(2, a): null

26-05-2025T09:31:09 - [TEST_STEP][PASSED] - poteri = findTestData("PlanFact").getValue(3, a): null

26-05-2025T09:31:09 - [TEST_STEP][PASSED] - otpusk = otpusk.replaceAll("\s+", ""): null

26-05-2025T09:31:09 - [TEST_STEP][PASSED] - poteri = poteri.replaceAll("\s+", ""): null

26-05-2025T09:31:09 - [TEST_STEP][PASSED] - typeOfData = typeOfDataMain + " Отпуск в сеть": null

26-05-2025T09:31:09 - [TEST_STEP][PASSED] - if (a == 82): null

26-05-2025T09:31:09 - [TEST_STEP][PASSED] - path = dataFolder + typeOfData + " за отчётный период " + "РаспредКомплекс": null

26-05-2025T09:31:09 - [TEST_STEP][PASSED] - println(path): null

26-05-2025T09:31:09 - [TEST_STEP][PASSED] - page = getText(findTestObject(path)): Text of object 'Object Repository/Выполнение бизнес-плана/Значения со страницы Выполнение бизнес-плана/План Отпуск в сеть за отчётный период РаспредКомплекс' is: '111 696 861'

26-05-2025T09:31:09 - [MESSAGE][PASSED] - Text of object 'Object Repository/Выполнение бизнес-плана/Значения со страницы Выполнение бизнес-плана/План Отпуск в сеть за отчётный период РаспредКомплекс' is: '111 696 861'

26-05-2025T09:31:09 - [TEST_STEP][PASSED] - if (page == "" || page == null): null

26-05-2025T09:31:09 - [TEST_STEP][PASSED] - else: null

26-05-2025T09:31:09 - [TEST_STEP][PASSED] - page = page.replaceAll("\s+", ""): null

26-05-2025T09:31:09 - [TEST_STEP][PASSED] - if (page == "undefined"): null

26-05-2025T09:31:09 - [TEST_STEP][PASSED] - fileOtpuskVSet = otpusk.toInteger(): null

26-05-2025T09:31:09 - [TEST_STEP][PASSED] - pageOtpuskVSet = page.toInteger(): null

26-05-2025T09:31:09 - [TEST_STEP][PASSED] - typeOfData = typeOfDataMain + " Потери": null

26-05-2025T09:31:09 - [TEST_STEP][PASSED] - if (a == 82): null

26-05-2025T09:31:09 - [TEST_STEP][PASSED] - path = dataFolder + typeOfData + " за отчётный период " + "РаспредКомплекс": null

26-05-2025T09:31:09 - [TEST_STEP][PASSED] - page = getText(findTestObject(path)): Text of object 'Object Repository/Выполнение бизнес-плана/Значения со страницы Выполнение бизнес-плана/План Потери за отчётный период РаспредКомплекс' is: '9 618 105'

26-05-2025T09:31:09 - [MESSAGE][PASSED] - Text of object 'Object Repository/Выполнение бизнес-плана/Значения со страницы Выполнение бизнес-плана/План Потери за отчётный период РаспредКомплекс' is: '9 618 105'

26-05-2025T09:31:09 - [TEST_STEP][PASSED] - if (page == "" || page == null): null

26-05-2025T09:31:09 - [TEST_STEP][PASSED] - else: null

26-05-2025T09:31:09 - [TEST_STEP][PASSED] - page = page.replaceAll("\s+", ""): null

26-05-2025T09:31:09 - [TEST_STEP][PASSED] - if (page == "undefined"): null

26-05-2025T09:31:09 - [TEST_STEP][PASSED] - filePoteri = poteri.toInteger(): null

26-05-2025T09:31:09 - [TEST_STEP][PASSED] - pagePoteri = page.toInteger(): null

26-05-2025T09:31:09 - [TEST_STEP][PASSED] - compare = pageOtpuskVSet: null

26-05-2025T09:31:09 - [TEST_STEP][PASSED] - if (pageOtpuskVSet != null): null

26-05-2025T09:31:09 - [TEST_STEP][PASSED] - if (compare == fileOtpuskVSet): null

26-05-2025T09:31:09 - [TEST_STEP][PASSED] - else if (compare > fileOtpuskVSet): null

26-05-2025T09:31:09 - [TEST_STEP][PASSED] - else if (compare < fileOtpuskVSet): null

26-05-2025T09:31:09 - [TEST_STEP][PASSED] - compare = compare + 1: null

26-05-2025T09:31:09 - [TEST_STEP][PASSED] - if (compare == fileOtpuskVSet): null

26-05-2025T09:31:09 - [TEST_STEP][PASSED] - else: null

26-05-2025T09:31:09 - [TEST_STEP][PASSED] - numberOfErrors = numberOfErrors + 1: null

26-05-2025T09:31:09 - [TEST_STEP][PASSED] - pageInt = pageOtpuskVSet: null

26-05-2025T09:31:09 - [TEST_STEP][PASSED] - fileInt = fileOtpuskVSet: null

26-05-2025T09:31:09 - [TEST_STEP][PASSED] - typeOfData = typeOfDataMain + " Отпуск в сеть": null

26-05-2025T09:31:09 - [TEST_STEP][PASSED] - Script1718980020443.WriteToExcel(a, typeOfData, todaysDate, pageInt, fileInt, pageDouble, fileDouble, dZO): null

26-05-2025T09:31:09 - [TEST_STEP][PASSED] - sheetName = "Sheet1": null

26-05-2025T09:31:09 - [TEST_STEP][PASSED] - data = findTestData("PlanFact"): null

26-05-2025T09:31:09 - [TEST_STEP][PASSED] - n = data.getRowNumbers() + 1: null

26-05-2025T09:31:09 - [TEST_STEP][PASSED] - day = ")).toInteger(): null

26-05-2025T09:31:09 - [TEST_STEP][PASSED] - println(day): null

26-05-2025T09:31:09 - [TEST_STEP][PASSED] - month = ")).toInteger(): null

26-05-2025T09:31:09 - [TEST_STEP][PASSED] - println(month): null

26-05-2025T09:31:09 - [TEST_STEP][PASSED] - y = <not implemented yet for class: org.codehaus.groovy.ast.expr.EmptyExpression>: null

26-05-2025T09:31:09 - [TEST_STEP][PASSED] - iy = <not implemented yet for class: org.codehaus.groovy.ast.expr.EmptyExpression>: null

26-05-2025T09:31:09 - [TEST_STEP][PASSED] - m = getText(findTestObject("Выполнение бизнес-плана/Период")): Text of object 'Object Repository/Выполнение бизнес-плана/Период' is: '1 кв. 2025 года'

26-05-2025T09:31:10 - [MESSAGE][PASSED] - Text of object 'Object Repository/Выполнение бизнес-плана/Период' is: '1 кв. 2025 года'

26-05-2025T09:31:10 - [TEST_STEP][PASSED] - iy = m.indexOf("20"): null

26-05-2025T09:31:10 - [TEST_STEP][PASSED] - if (iy > -1): null

26-05-2025T09:31:10 - [TEST_STEP][PASSED] - y = substring(iy, iy + 4).toInteger(): null

26-05-2025T09:31:10 - [TEST_STEP][PASSED] - println(y): null

26-05-2025T09:31:10 - [TEST_STEP][PASSED] - if (toString().length() == 4): null

26-05-2025T09:31:10 - [TEST_STEP][PASSED] - m = m.substring(0, m.indexOf(y.toString())): null

26-05-2025T09:31:10 - [TEST_STEP][PASSED] - m = m.trim(): null

26-05-2025T09:31:10 - [TEST_STEP][PASSED] - if (m == ""): null

26-05-2025T09:31:10 - [TEST_STEP][PASSED] - dashboardName = "Выполнение бизнес-плана": null

26-05-2025T09:31:10 - [TEST_STEP][PASSED] - workbook01 = getWorkbook(excelFilePath): null

26-05-2025T09:31:10 - [TEST_STEP][PASSED] - sheet01 = getExcelSheet(workbook01, sheetName): null

26-05-2025T09:31:10 - [TEST_STEP][PASSED] - setValueToCellByIndex(sheet01, n, 0, dashboardName): null

26-05-2025T09:31:10 - [TEST_STEP][PASSED] - setValueToCellByIndex(sheet01, n, 1, dZO): null

26-05-2025T09:31:10 - [TEST_STEP][PASSED] - setValueToCellByIndex(sheet01, n, 2, typeOfData): null

26-05-2025T09:31:10 - [TEST_STEP][PASSED] - if (typeOfData == "Факт в процентах" || typeOfData == "План в процентах"): null

26-05-2025T09:31:10 - [TEST_STEP][PASSED] - else: null

26-05-2025T09:31:10 - [TEST_STEP][PASSED] - setValueToCellByIndex(sheet01, n, 3, fileInt): null

26-05-2025T09:31:10 - [TEST_STEP][PASSED] - setValueToCellByIndex(sheet01, n, 4, pageInt): null

26-05-2025T09:31:10 - [TEST_STEP][PASSED] - setValueToCellByIndex(sheet01, n, 5, m): null

26-05-2025T09:31:10 - [TEST_STEP][PASSED] - setValueToCellByIndex(sheet01, n, 6, y): null

26-05-2025T09:31:10 - [TEST_STEP][PASSED] - setValueToCellByIndex(sheet01, n, 7, todaysDate): null

26-05-2025T09:31:10 - [TEST_STEP][PASSED] - n = n + 1: null

26-05-2025T09:31:10 - [TEST_STEP][PASSED] - saveWorkbook(excelFilePath, workbook01): null

26-05-2025T09:31:10 - [TEST_STEP][PASSED] - compare = pagePoteri: null

26-05-2025T09:31:10 - [TEST_STEP][PASSED] - if (pageOtpuskVSet != null): null

26-05-2025T09:31:10 - [TEST_STEP][PASSED] - if (compare == filePoteri): null

26-05-2025T09:31:10 - [TEST_STEP][PASSED] - else if (compare > filePoteri): null

26-05-2025T09:31:10 - [TEST_STEP][PASSED] - else if (compare < filePoteri): null

26-05-2025T09:31:10 - [TEST_STEP][PASSED] - compare = compare + 1: null

26-05-2025T09:31:10 - [TEST_STEP][PASSED] - if (compare == filePoteri): null

26-05-2025T09:31:10 - [TEST_STEP][PASSED] - else: null

26-05-2025T09:31:10 - [TEST_STEP][PASSED] - numberOfErrors = numberOfErrors + 1: null

26-05-2025T09:31:10 - [TEST_STEP][PASSED] - pageInt = pagePoteri: null

26-05-2025T09:31:10 - [TEST_STEP][PASSED] - fileInt = filePoteri: null

26-05-2025T09:31:10 - [TEST_STEP][PASSED] - typeOfData = typeOfDataMain + " Потери": null

26-05-2025T09:31:10 - [TEST_STEP][PASSED] - Script1718980020443.WriteToExcel(a, typeOfData, todaysDate, pageInt, fileInt, pageDouble, fileDouble, dZO): null

26-05-2025T09:31:10 - [TEST_STEP][PASSED] - sheetName = "Sheet1": null

26-05-2025T09:31:10 - [TEST_STEP][PASSED] - data = findTestData("PlanFact"): null

26-05-2025T09:31:10 - [TEST_STEP][PASSED] - n = data.getRowNumbers() + 1: null

26-05-2025T09:31:10 - [TEST_STEP][PASSED] - day = ")).toInteger(): null

26-05-2025T09:31:10 - [TEST_STEP][PASSED] - println(day): null

26-05-2025T09:31:10 - [TEST_STEP][PASSED] - month = ")).toInteger(): null

26-05-2025T09:31:10 - [TEST_STEP][PASSED] - println(month): null

26-05-2025T09:31:10 - [TEST_STEP][PASSED] - y = <not implemented yet for class: org.codehaus.groovy.ast.expr.EmptyExpression>: null

26-05-2025T09:31:10 - [TEST_STEP][PASSED] - iy = <not implemented yet for class: org.codehaus.groovy.ast.expr.EmptyExpression>: null

26-05-2025T09:31:10 - [TEST_STEP][PASSED] - m = getText(findTestObject("Выполнение бизнес-плана/Период")): Text of object 'Object Repository/Выполнение бизнес-плана/Период' is: '1 кв. 2025 года'

26-05-2025T09:31:10 - [MESSAGE][PASSED] - Text of object 'Object Repository/Выполнение бизнес-плана/Период' is: '1 кв. 2025 года'

26-05-2025T09:31:10 - [TEST_STEP][PASSED] - iy = m.indexOf("20"): null

26-05-2025T09:31:10 - [TEST_STEP][PASSED] - if (iy > -1): null

26-05-2025T09:31:10 - [TEST_STEP][PASSED] - y = substring(iy, iy + 4).toInteger(): null

26-05-2025T09:31:10 - [TEST_STEP][PASSED] - println(y): null

26-05-2025T09:31:10 - [TEST_STEP][PASSED] - if (toString().length() == 4): null

26-05-2025T09:31:10 - [TEST_STEP][PASSED] - m = m.substring(0, m.indexOf(y.toString())): null

26-05-2025T09:31:10 - [TEST_STEP][PASSED] - m = m.trim(): null

26-05-2025T09:31:10 - [TEST_STEP][PASSED] - if (m == ""): null

26-05-2025T09:31:10 - [TEST_STEP][PASSED] - dashboardName = "Выполнение бизнес-плана": null

26-05-2025T09:31:10 - [TEST_STEP][PASSED] - workbook01 = getWorkbook(excelFilePath): null

26-05-2025T09:31:10 - [TEST_STEP][PASSED] - sheet01 = getExcelSheet(workbook01, sheetName): null

26-05-2025T09:31:10 - [TEST_STEP][PASSED] - setValueToCellByIndex(sheet01, n, 0, dashboardName): null

26-05-2025T09:31:10 - [TEST_STEP][PASSED] - setValueToCellByIndex(sheet01, n, 1, dZO): null

26-05-2025T09:31:10 - [TEST_STEP][PASSED] - setValueToCellByIndex(sheet01, n, 2, typeOfData): null

26-05-2025T09:31:10 - [TEST_STEP][PASSED] - if (typeOfData == "Факт в процентах" || typeOfData == "План в процентах"): null

26-05-2025T09:31:10 - [TEST_STEP][PASSED] - else: null

26-05-2025T09:31:10 - [TEST_STEP][PASSED] - setValueToCellByIndex(sheet01, n, 3, fileInt): null

26-05-2025T09:31:10 - [TEST_STEP][PASSED] - setValueToCellByIndex(sheet01, n, 4, pageInt): null

26-05-2025T09:31:10 - [TEST_STEP][PASSED] - setValueToCellByIndex(sheet01, n, 5, m): null

26-05-2025T09:31:10 - [TEST_STEP][PASSED] - setValueToCellByIndex(sheet01, n, 6, y): null

26-05-2025T09:31:10 - [TEST_STEP][PASSED] - setValueToCellByIndex(sheet01, n, 7, todaysDate): null

26-05-2025T09:31:10 - [TEST_STEP][PASSED] - n = n + 1: null

26-05-2025T09:31:10 - [TEST_STEP][PASSED] - saveWorkbook(excelFilePath, workbook01): Object: 'Object Repository/Выполнение бизнес-плана/Кнопка Факт' is clicked on

26-05-2025T09:31:10 - [TEST_STEP][PASSED] - if (planFact == 2): Object: 'Object Repository/Выполнение бизнес-плана/Кнопка Факт' is clicked on

26-05-2025T09:31:10 - [TEST_STEP][PASSED] - click(findTestObject("Выполнение бизнес-плана/Кнопка Факт")): Object: 'Object Repository/Выполнение бизнес-плана/Кнопка Факт' is clicked on

26-05-2025T09:31:11 - [MESSAGE][PASSED] - Object: 'Object Repository/Выполнение бизнес-плана/Кнопка Факт' is clicked on

26-05-2025T09:31:11 - [TEST_STEP][PASSED] - println("a=" + a): null

26-05-2025T09:31:11 - [TEST_STEP][PASSED] - if (a == 84 || a == 82): null

26-05-2025T09:31:11 - [TEST_STEP][PASSED] - page = getText(findTestObject("Выполнение бизнес-плана/textPlanFact")): Text of object 'Object Repository/Выполнение бизнес-плана/textPlanFact' is: '%
8.61 8.61
7.99 7.99
План
Факт
1
100'

26-05-2025T09:31:11 - [MESSAGE][PASSED] - Text of object 'Object Repository/Выполнение бизнес-плана/textPlanFact' is: '%
8.61 8.61
7.99 7.99
План
Факт
1
100'

26-05-2025T09:31:11 - [TEST_STEP][PASSED] - page = page.replaceAll("\n", "_"): null

26-05-2025T09:31:11 - [TEST_STEP][PASSED] - page = page.substring(page.indexOf("_") + 1, page.length()): null

26-05-2025T09:31:11 - [TEST_STEP][PASSED] - page1 = page.substring(0, page.indexOf("_")): null

26-05-2025T09:31:11 - [TEST_STEP][PASSED] - page1 = page.substring(0, page.indexOf(" ")): null

26-05-2025T09:31:11 - [TEST_STEP][PASSED] - page2 = page.substring(page.indexOf("_") + 1, page.length()): null

26-05-2025T09:31:11 - [TEST_STEP][PASSED] - page2 = page2.substring(0, page.indexOf("_")): null

26-05-2025T09:31:11 - [TEST_STEP][PASSED] - page2 = page2.substring(0, page.indexOf(" ")): null

26-05-2025T09:31:11 - [TEST_STEP][PASSED] - println("page1: " + page1): null

26-05-2025T09:31:11 - [TEST_STEP][PASSED] - println("page2: " + page2): null

26-05-2025T09:31:11 - [TEST_STEP][PASSED] - file = findTestData("PlanFact").getValue(4, a): null

26-05-2025T09:31:11 - [TEST_STEP][PASSED] - file = file.replace(",", "."): null

26-05-2025T09:31:11 - [TEST_STEP][PASSED] - println("file Plan: " + file): null

26-05-2025T09:31:11 - [TEST_STEP][PASSED] - typeOfData = "План в процентах": null

26-05-2025T09:31:11 - [TEST_STEP][PASSED] - fileDouble = file.toDouble(): null

26-05-2025T09:31:11 - [TEST_STEP][PASSED] - pageDouble = page1.toDouble(): null

26-05-2025T09:31:11 - [TEST_STEP][PASSED] - if (fileDouble != pageDouble): null

26-05-2025T09:31:11 - [TEST_STEP][PASSED] - numberOfErrors = numberOfErrors + 1: null

26-05-2025T09:31:11 - [TEST_STEP][PASSED] - Script1718980020443.WriteToExcel(a, typeOfData, todaysDate, pageInt, fileInt, pageDouble, fileDouble, dZO): null

26-05-2025T09:31:11 - [TEST_STEP][PASSED] - sheetName = "Sheet1": null

26-05-2025T09:31:11 - [TEST_STEP][PASSED] - data = findTestData("PlanFact"): null

26-05-2025T09:31:11 - [TEST_STEP][PASSED] - n = data.getRowNumbers() + 1: null

26-05-2025T09:31:11 - [TEST_STEP][PASSED] - day = ")).toInteger(): null

26-05-2025T09:31:11 - [TEST_STEP][PASSED] - println(day): null

26-05-2025T09:31:11 - [TEST_STEP][PASSED] - month = ")).toInteger(): null

26-05-2025T09:31:11 - [TEST_STEP][PASSED] - println(month): null

26-05-2025T09:31:11 - [TEST_STEP][PASSED] - y = <not implemented yet for class: org.codehaus.groovy.ast.expr.EmptyExpression>: null

26-05-2025T09:31:11 - [TEST_STEP][PASSED] - iy = <not implemented yet for class: org.codehaus.groovy.ast.expr.EmptyExpression>: null

26-05-2025T09:31:11 - [TEST_STEP][PASSED] - m = getText(findTestObject("Выполнение бизнес-плана/Период")): Text of object 'Object Repository/Выполнение бизнес-плана/Период' is: '1 кв. 2025 года'

26-05-2025T09:31:11 - [MESSAGE][PASSED] - Text of object 'Object Repository/Выполнение бизнес-плана/Период' is: '1 кв. 2025 года'

26-05-2025T09:31:11 - [TEST_STEP][PASSED] - iy = m.indexOf("20"): null

26-05-2025T09:31:11 - [TEST_STEP][PASSED] - if (iy > -1): null

26-05-2025T09:31:11 - [TEST_STEP][PASSED] - y = substring(iy, iy + 4).toInteger(): null

26-05-2025T09:31:11 - [TEST_STEP][PASSED] - println(y): null

26-05-2025T09:31:11 - [TEST_STEP][PASSED] - if (toString().length() == 4): null

26-05-2025T09:31:11 - [TEST_STEP][PASSED] - m = m.substring(0, m.indexOf(y.toString())): null

26-05-2025T09:31:11 - [TEST_STEP][PASSED] - m = m.trim(): null

26-05-2025T09:31:11 - [TEST_STEP][PASSED] - if (m == ""): null

26-05-2025T09:31:11 - [TEST_STEP][PASSED] - dashboardName = "Выполнение бизнес-плана": null

26-05-2025T09:31:11 - [TEST_STEP][PASSED] - workbook01 = getWorkbook(excelFilePath): null

26-05-2025T09:31:11 - [TEST_STEP][PASSED] - sheet01 = getExcelSheet(workbook01, sheetName): null

26-05-2025T09:31:11 - [TEST_STEP][PASSED] - setValueToCellByIndex(sheet01, n, 0, dashboardName): null

26-05-2025T09:31:11 - [TEST_STEP][PASSED] - setValueToCellByIndex(sheet01, n, 1, dZO): null

26-05-2025T09:31:11 - [TEST_STEP][PASSED] - setValueToCellByIndex(sheet01, n, 2, typeOfData): null

26-05-2025T09:31:11 - [TEST_STEP][PASSED] - if (typeOfData == "Факт в процентах" || typeOfData == "План в процентах"): null

26-05-2025T09:31:11 - [TEST_STEP][PASSED] - setValueToCellByIndex(sheet01, n, 3, fileDouble): null

26-05-2025T09:31:11 - [TEST_STEP][PASSED] - setValueToCellByIndex(sheet01, n, 4, pageDouble): null

26-05-2025T09:31:11 - [TEST_STEP][PASSED] - setValueToCellByIndex(sheet01, n, 5, m): null

26-05-2025T09:31:11 - [TEST_STEP][PASSED] - setValueToCellByIndex(sheet01, n, 6, y): null

26-05-2025T09:31:11 - [TEST_STEP][PASSED] - setValueToCellByIndex(sheet01, n, 7, todaysDate): null

26-05-2025T09:31:11 - [TEST_STEP][PASSED] - n = n + 1: null

26-05-2025T09:31:11 - [TEST_STEP][PASSED] - saveWorkbook(excelFilePath, workbook01): null

26-05-2025T09:31:12 - [TEST_STEP][PASSED] - file = findTestData("PlanFact").getValue(7, a): null

26-05-2025T09:31:12 - [TEST_STEP][PASSED] - file = file.replace(",", "."): null

26-05-2025T09:31:12 - [TEST_STEP][PASSED] - println("file Fact: " + file): null

26-05-2025T09:31:12 - [TEST_STEP][PASSED] - fileDouble = file.toDouble(): null

26-05-2025T09:31:12 - [TEST_STEP][PASSED] - typeOfData = "Факт в процентах": null

26-05-2025T09:31:12 - [TEST_STEP][PASSED] - fileDouble = file.toDouble(): null

26-05-2025T09:31:12 - [TEST_STEP][PASSED] - pageDouble = page2.toDouble(): null

26-05-2025T09:31:12 - [TEST_STEP][PASSED] - if (fileDouble != pageDouble): null

26-05-2025T09:31:12 - [TEST_STEP][PASSED] - numberOfErrors = numberOfErrors + 1: null

26-05-2025T09:31:12 - [TEST_STEP][PASSED] - Script1718980020443.WriteToExcel(a, typeOfData, todaysDate, pageInt, fileInt, pageDouble, fileDouble, dZO): null

26-05-2025T09:31:12 - [TEST_STEP][PASSED] - sheetName = "Sheet1": null

26-05-2025T09:31:12 - [TEST_STEP][PASSED] - data = findTestData("PlanFact"): null

26-05-2025T09:31:12 - [TEST_STEP][PASSED] - n = data.getRowNumbers() + 1: null

26-05-2025T09:31:12 - [TEST_STEP][PASSED] - day = ")).toInteger(): null

26-05-2025T09:31:12 - [TEST_STEP][PASSED] - println(day): null

26-05-2025T09:31:12 - [TEST_STEP][PASSED] - month = ")).toInteger(): null

26-05-2025T09:31:12 - [TEST_STEP][PASSED] - println(month): null

26-05-2025T09:31:12 - [TEST_STEP][PASSED] - y = <not implemented yet for class: org.codehaus.groovy.ast.expr.EmptyExpression>: null

26-05-2025T09:31:12 - [TEST_STEP][PASSED] - iy = <not implemented yet for class: org.codehaus.groovy.ast.expr.EmptyExpression>: null

26-05-2025T09:31:12 - [TEST_STEP][PASSED] - m = getText(findTestObject("Выполнение бизнес-плана/Период")): Text of object 'Object Repository/Выполнение бизнес-плана/Период' is: '1 кв. 2025 года'

26-05-2025T09:31:12 - [MESSAGE][PASSED] - Text of object 'Object Repository/Выполнение бизнес-плана/Период' is: '1 кв. 2025 года'

26-05-2025T09:31:12 - [TEST_STEP][PASSED] - iy = m.indexOf("20"): null

26-05-2025T09:31:12 - [TEST_STEP][PASSED] - if (iy > -1): null

26-05-2025T09:31:12 - [TEST_STEP][PASSED] - y = substring(iy, iy + 4).toInteger(): null

26-05-2025T09:31:12 - [TEST_STEP][PASSED] - println(y): null

26-05-2025T09:31:12 - [TEST_STEP][PASSED] - if (toString().length() == 4): null

26-05-2025T09:31:12 - [TEST_STEP][PASSED] - m = m.substring(0, m.indexOf(y.toString())): null

26-05-2025T09:31:12 - [TEST_STEP][PASSED] - m = m.trim(): null

26-05-2025T09:31:12 - [TEST_STEP][PASSED] - if (m == ""): null

26-05-2025T09:31:12 - [TEST_STEP][PASSED] - dashboardName = "Выполнение бизнес-плана": null

26-05-2025T09:31:12 - [TEST_STEP][PASSED] - workbook01 = getWorkbook(excelFilePath): null

26-05-2025T09:31:12 - [TEST_STEP][PASSED] - sheet01 = getExcelSheet(workbook01, sheetName): null

26-05-2025T09:31:12 - [TEST_STEP][PASSED] - setValueToCellByIndex(sheet01, n, 0, dashboardName): null

26-05-2025T09:31:12 - [TEST_STEP][PASSED] - setValueToCellByIndex(sheet01, n, 1, dZO): null

26-05-2025T09:31:12 - [TEST_STEP][PASSED] - setValueToCellByIndex(sheet01, n, 2, typeOfData): null

26-05-2025T09:31:12 - [TEST_STEP][PASSED] - if (typeOfData == "Факт в процентах" || typeOfData == "План в процентах"): null

26-05-2025T09:31:12 - [TEST_STEP][PASSED] - setValueToCellByIndex(sheet01, n, 3, fileDouble): null

26-05-2025T09:31:12 - [TEST_STEP][PASSED] - setValueToCellByIndex(sheet01, n, 4, pageDouble): null

26-05-2025T09:31:12 - [TEST_STEP][PASSED] - setValueToCellByIndex(sheet01, n, 5, m): null

26-05-2025T09:31:12 - [TEST_STEP][PASSED] - setValueToCellByIndex(sheet01, n, 6, y): null

26-05-2025T09:31:12 - [TEST_STEP][PASSED] - setValueToCellByIndex(sheet01, n, 7, todaysDate): null

26-05-2025T09:31:12 - [TEST_STEP][PASSED] - n = n + 1: null

26-05-2025T09:31:12 - [TEST_STEP][PASSED] - saveWorkbook(excelFilePath, workbook01): null

26-05-2025T09:31:12 - [TEST_STEP][FAILED] - if (verifyEqual(numberOfErrors, 0) == false): null

26-05-2025T09:31:12 - [MESSAGE][FAILED] - Unable to verify equal between actual object '6' and expected object '0' (Root cause: com.kms.katalon.core.exception.StepFailedException: Actual object '6' and expected object '0' are not equal
	at com.kms.katalon.core.keyword.builtin.VerifyEqualKeyword$_verifyEqual_closure1.doCall(VerifyEqualKeyword.groovy:58)
	at com.kms.katalon.core.keyword.builtin.VerifyEqualKeyword$_verifyEqual_closure1.call(VerifyEqualKeyword.groovy)
	at com.kms.katalon.core.keyword.internal.KeywordMain.runKeyword(KeywordMain.groovy:75)
	at com.kms.katalon.core.keyword.builtin.VerifyEqualKeyword.verifyEqual(VerifyEqualKeyword.groovy:63)
	at com.kms.katalon.core.keyword.builtin.VerifyEqualKeyword.execute(VerifyEqualKeyword.groovy:44)
	at com.kms.katalon.core.keyword.internal.KeywordExecutor.executeKeywordForPlatform(KeywordExecutor.groovy:74)
	at com.kms.katalon.core.keyword.BuiltinKeywords.verifyEqual(BuiltinKeywords.groovy:146)
	at jdk.internal.reflect.GeneratedMethodAccessor23.invoke(Unknown Source)
	at java.base/jdk.internal.reflect.DelegatingMethodAccessorImpl.invoke(DelegatingMethodAccessorImpl.java:43)
	at Выполнение бизнес-плана Сверка ПАО Россети все филиалы.Numbers(Выполнение бизнес-плана Сверка ПАО Россети все филиалы:749)
	at Выполнение бизнес-плана Сверка ПАО Россети все филиалы.run(Выполнение бизнес-плана Сверка ПАО Россети все филиалы:190)
	at com.kms.katalon.core.main.ScriptEngine.run(ScriptEngine.java:194)
	at com.kms.katalon.core.main.ScriptEngine.runScriptAsRawText(ScriptEngine.java:119)
	at com.kms.katalon.core.main.TestCaseExecutor.runScript(TestCaseExecutor.java:448)
	at com.kms.katalon.core.main.TestCaseExecutor.doExecute(TestCaseExecutor.java:439)
	at com.kms.katalon.core.main.TestCaseExecutor.processExecutionPhase(TestCaseExecutor.java:418)
	at com.kms.katalon.core.main.TestCaseExecutor.accessMainPhase(TestCaseExecutor.java:410)
	at com.kms.katalon.core.main.TestCaseExecutor.execute(TestCaseExecutor.java:285)
	at com.kms.katalon.core.common.CommonExecutor.accessTestCaseMainPhase(CommonExecutor.java:65)
	at com.kms.katalon.core.main.TestSuiteExecutor.accessTestSuiteMainPhase(TestSuiteExecutor.java:150)
	at com.kms.katalon.core.main.TestSuiteExecutor.execute(TestSuiteExecutor.java:106)
	at com.kms.katalon.core.main.TestCaseMain.startTestSuite(TestCaseMain.java:180)
	at TempTestSuite1748228991768.run(TempTestSuite1748228991768.groovy:35)
	at java.base/jdk.internal.reflect.NativeMethodAccessorImpl.invoke0(Native Method)
	at java.base/jdk.internal.reflect.NativeMethodAccessorImpl.invoke(NativeMethodAccessorImpl.java:77)
	at java.base/jdk.internal.reflect.DelegatingMethodAccessorImpl.invoke(DelegatingMethodAccessorImpl.java:43)
)

26-05-2025T09:31:12 - [TEST_STEP][PASSED] - println(numberOfErrors): null

26-05-2025T09:31:12 - [TEST_STEP][PASSED] - println("a=" + a): null

26-05-2025T09:31:12 - [TEST_STEP][PASSED] - if (a == 28 || a == 77 || a == 74 || a == 65 || a == 36 || a == 44 || a == 54 || a == 1 || a == 18 || a == 59): null

26-05-2025T09:31:12 - [TEST_STEP][PASSED] - if (a == 82): null

26-05-2025T09:31:12 - [TEST_STEP][PASSED] - Script1718980020443.OpenFilter(): null

26-05-2025T09:31:12 - [TEST_STEP][PASSED] - click(findTestObject("Object Repository/Выполнение бизнес-плана/Фильтр ДЗО")): Object: 'Object Repository/Выполнение бизнес-плана/Фильтр ДЗО' is clicked on

26-05-2025T09:31:13 - [MESSAGE][PASSED] - Object: 'Object Repository/Выполнение бизнес-плана/Фильтр ДЗО' is clicked on

26-05-2025T09:31:13 - [TEST_STEP][PASSED] - click(findTestObject("Выполнение бизнес-плана/Снять выделение в фильтре ДЗО")): null

26-05-2025T09:31:13 - [MESSAGE][PASSED] - Object: 'Object Repository/Выполнение бизнес-плана/Снять выделение в фильтре ДЗО' is clicked on

26-05-2025T09:31:13 - [TEST_STEP][PASSED] - Script1718980020443.CloseFilter(): null

26-05-2025T09:31:13 - [TEST_STEP][PASSED] - scrollToElement(findTestObject("Выполнение бизнес-плана/Заголовок дашборда"), 30): Scroll to object 'Object Repository/Выполнение бизнес-плана/Заголовок дашборда' successfully

26-05-2025T09:31:14 - [MESSAGE][PASSED] - Scroll to object 'Object Repository/Выполнение бизнес-плана/Заголовок дашборда' successfully

26-05-2025T09:31:14 - [TEST_STEP][PASSED] - click(findTestObject("Object Repository/Выполнение бизнес-плана/Применить в фильтре ДЗО")): null

26-05-2025T09:31:14 - [MESSAGE][PASSED] - Object: 'Object Repository/Выполнение бизнес-плана/Применить в фильтре ДЗО' is clicked on

26-05-2025T09:31:14 - [TEST_STEP][PASSED] - delay(20): Delayed 20 second(s)

26-05-2025T09:31:34 - [MESSAGE][PASSED] - Delayed 20 second(s)

26-05-2025T09:31:34 - [TEST_STEP][PASSED] - dZO = "АО «Тываэнерго»": null

26-05-2025T09:31:34 - [TEST_STEP][PASSED] - a = 52: null

26-05-2025T09:31:34 - [TEST_STEP][PASSED] - if (x1.contains("Тываэнерго")): null

26-05-2025T09:31:34 - [TEST_STEP][PASSED] - else: null

26-05-2025T09:31:34 - [TEST_STEP][PASSED] - Script1718980020443.NoData(a, typeOfData, todaysDate, fileInt, fileDouble, dZO): null

26-05-2025T09:31:34 - [TEST_STEP][PASSED] - println(a): null

26-05-2025T09:31:34 - [TEST_STEP][PASSED] - println(todaysDate): null

26-05-2025T09:31:34 - [TEST_STEP][PASSED] - println(fileInt): null

26-05-2025T09:31:34 - [TEST_STEP][PASSED] - println(fileDouble): null

26-05-2025T09:31:34 - [TEST_STEP][PASSED] - println(dZO): null

26-05-2025T09:31:35 - [TEST_STEP][PASSED] - typeOfData = "Факт Отпуск в сеть": null

26-05-2025T09:31:35 - [TEST_STEP][PASSED] - fileInt = replaceAll("\s+", "").toInteger(): null

26-05-2025T09:31:35 - [TEST_STEP][PASSED] - Script1718980020443.WriteToExcelNoData(a, typeOfData, todaysDate, fileInt, fileDouble, dZO): null

26-05-2025T09:31:35 - [TEST_STEP][PASSED] - sheetName = "Sheet1": null

26-05-2025T09:31:35 - [TEST_STEP][PASSED] - data = findTestData("PlanFact"): null

26-05-2025T09:31:35 - [TEST_STEP][PASSED] - n = data.getRowNumbers() + 1: null

26-05-2025T09:31:35 - [TEST_STEP][PASSED] - day = ")).toInteger(): null

26-05-2025T09:31:35 - [TEST_STEP][PASSED] - println(day): null

26-05-2025T09:31:35 - [TEST_STEP][PASSED] - month = ")).toInteger(): null

26-05-2025T09:31:35 - [TEST_STEP][PASSED] - println(month): null

26-05-2025T09:31:35 - [TEST_STEP][PASSED] - y = <not implemented yet for class: org.codehaus.groovy.ast.expr.EmptyExpression>: null

26-05-2025T09:31:35 - [TEST_STEP][PASSED] - iy = <not implemented yet for class: org.codehaus.groovy.ast.expr.EmptyExpression>: null

26-05-2025T09:31:35 - [TEST_STEP][PASSED] - m = getText(findTestObject("Выполнение бизнес-плана/Период")): Text of object 'Object Repository/Выполнение бизнес-плана/Период' is: '1 кв. 2025 года'

26-05-2025T09:31:35 - [MESSAGE][PASSED] - Text of object 'Object Repository/Выполнение бизнес-плана/Период' is: '1 кв. 2025 года'

26-05-2025T09:31:35 - [TEST_STEP][PASSED] - iy = m.indexOf("20"): null

26-05-2025T09:31:35 - [TEST_STEP][PASSED] - if (iy > -1): null

26-05-2025T09:31:35 - [TEST_STEP][PASSED] - y = substring(iy, iy + 4).toInteger(): null

26-05-2025T09:31:35 - [TEST_STEP][PASSED] - println(y): null

26-05-2025T09:31:35 - [TEST_STEP][PASSED] - if (toString().length() == 4): null

26-05-2025T09:31:35 - [TEST_STEP][PASSED] - m = m.substring(0, m.indexOf(y.toString())): null

26-05-2025T09:31:35 - [TEST_STEP][PASSED] - m = m.trim(): null

26-05-2025T09:31:35 - [TEST_STEP][PASSED] - if (m == ""): null

26-05-2025T09:31:35 - [TEST_STEP][PASSED] - dashboardName = "Выполнение бизнес-плана": null

26-05-2025T09:31:35 - [TEST_STEP][PASSED] - workbook01 = getWorkbook(excelFilePath): null

26-05-2025T09:31:35 - [TEST_STEP][PASSED] - sheet01 = getExcelSheet(workbook01, sheetName): null

26-05-2025T09:31:35 - [TEST_STEP][PASSED] - setValueToCellByIndex(sheet01, n, 0, dashboardName): null

26-05-2025T09:31:35 - [TEST_STEP][PASSED] - setValueToCellByIndex(sheet01, n, 1, dZO): null

26-05-2025T09:31:35 - [TEST_STEP][PASSED] - setValueToCellByIndex(sheet01, n, 2, typeOfData): null

26-05-2025T09:31:35 - [TEST_STEP][PASSED] - if (typeOfData == "Факт в процентах" || typeOfData == "План в процентах"): null

26-05-2025T09:31:35 - [TEST_STEP][PASSED] - else: null

26-05-2025T09:31:35 - [TEST_STEP][PASSED] - setValueToCellByIndex(sheet01, n, 3, fileInt): null

26-05-2025T09:31:35 - [TEST_STEP][PASSED] - setValueToCellByIndex(sheet01, n, 4, "нет данных"): null

26-05-2025T09:31:35 - [TEST_STEP][PASSED] - setValueToCellByIndex(sheet01, n, 5, m): null

26-05-2025T09:31:35 - [TEST_STEP][PASSED] - setValueToCellByIndex(sheet01, n, 6, y): null

26-05-2025T09:31:35 - [TEST_STEP][PASSED] - setValueToCellByIndex(sheet01, n, 7, todaysDate): null

26-05-2025T09:31:35 - [TEST_STEP][PASSED] - n = n + 1: null

26-05-2025T09:31:35 - [TEST_STEP][PASSED] - saveWorkbook(excelFilePath, workbook01): null

26-05-2025T09:31:35 - [TEST_STEP][PASSED] - typeOfData = "Факт Потери": null

26-05-2025T09:31:35 - [TEST_STEP][PASSED] - fileInt = replaceAll("\s+", "").toInteger(): null

26-05-2025T09:31:35 - [TEST_STEP][PASSED] - Script1718980020443.WriteToExcelNoData(a, typeOfData, todaysDate, fileInt, fileDouble, dZO): null

26-05-2025T09:31:35 - [TEST_STEP][PASSED] - sheetName = "Sheet1": null

26-05-2025T09:31:35 - [TEST_STEP][PASSED] - data = findTestData("PlanFact"): null

26-05-2025T09:31:35 - [TEST_STEP][PASSED] - n = data.getRowNumbers() + 1: null

26-05-2025T09:31:35 - [TEST_STEP][PASSED] - day = ")).toInteger(): null

26-05-2025T09:31:35 - [TEST_STEP][PASSED] - println(day): null

26-05-2025T09:31:35 - [TEST_STEP][PASSED] - month = ")).toInteger(): null

26-05-2025T09:31:35 - [TEST_STEP][PASSED] - println(month): null

26-05-2025T09:31:35 - [TEST_STEP][PASSED] - y = <not implemented yet for class: org.codehaus.groovy.ast.expr.EmptyExpression>: null

26-05-2025T09:31:35 - [TEST_STEP][PASSED] - iy = <not implemented yet for class: org.codehaus.groovy.ast.expr.EmptyExpression>: null

26-05-2025T09:31:35 - [TEST_STEP][PASSED] - m = getText(findTestObject("Выполнение бизнес-плана/Период")): Text of object 'Object Repository/Выполнение бизнес-плана/Период' is: '1 кв. 2025 года'

26-05-2025T09:31:36 - [MESSAGE][PASSED] - Text of object 'Object Repository/Выполнение бизнес-плана/Период' is: '1 кв. 2025 года'

26-05-2025T09:31:36 - [TEST_STEP][PASSED] - iy = m.indexOf("20"): null

26-05-2025T09:31:36 - [TEST_STEP][PASSED] - if (iy > -1): null

26-05-2025T09:31:36 - [TEST_STEP][PASSED] - y = substring(iy, iy + 4).toInteger(): null

26-05-2025T09:31:36 - [TEST_STEP][PASSED] - println(y): null

26-05-2025T09:31:36 - [TEST_STEP][PASSED] - if (toString().length() == 4): null

26-05-2025T09:31:36 - [TEST_STEP][PASSED] - m = m.substring(0, m.indexOf(y.toString())): null

26-05-2025T09:31:36 - [TEST_STEP][PASSED] - m = m.trim(): null

26-05-2025T09:31:36 - [TEST_STEP][PASSED] - if (m == ""): null

26-05-2025T09:31:36 - [TEST_STEP][PASSED] - dashboardName = "Выполнение бизнес-плана": null

26-05-2025T09:31:36 - [TEST_STEP][PASSED] - workbook01 = getWorkbook(excelFilePath): null

26-05-2025T09:31:36 - [TEST_STEP][PASSED] - sheet01 = getExcelSheet(workbook01, sheetName): null

26-05-2025T09:31:36 - [TEST_STEP][PASSED] - setValueToCellByIndex(sheet01, n, 0, dashboardName): null

26-05-2025T09:31:36 - [TEST_STEP][PASSED] - setValueToCellByIndex(sheet01, n, 1, dZO): null

26-05-2025T09:31:36 - [TEST_STEP][PASSED] - setValueToCellByIndex(sheet01, n, 2, typeOfData): null

26-05-2025T09:31:36 - [TEST_STEP][PASSED] - if (typeOfData == "Факт в процентах" || typeOfData == "План в процентах"): null

26-05-2025T09:31:36 - [TEST_STEP][PASSED] - else: null

26-05-2025T09:31:36 - [TEST_STEP][PASSED] - setValueToCellByIndex(sheet01, n, 3, fileInt): null

26-05-2025T09:31:36 - [TEST_STEP][PASSED] - setValueToCellByIndex(sheet01, n, 4, "нет данных"): null

26-05-2025T09:31:36 - [TEST_STEP][PASSED] - setValueToCellByIndex(sheet01, n, 5, m): null

26-05-2025T09:31:36 - [TEST_STEP][PASSED] - setValueToCellByIndex(sheet01, n, 6, y): null

26-05-2025T09:31:36 - [TEST_STEP][PASSED] - setValueToCellByIndex(sheet01, n, 7, todaysDate): null

26-05-2025T09:31:36 - [TEST_STEP][PASSED] - n = n + 1: null

26-05-2025T09:31:36 - [TEST_STEP][PASSED] - saveWorkbook(excelFilePath, workbook01): null

26-05-2025T09:31:36 - [TEST_STEP][PASSED] - typeOfData = "План Отпуск в сеть": null

26-05-2025T09:31:36 - [TEST_STEP][PASSED] - fileInt = replaceAll("\s+", "").toInteger(): null

26-05-2025T09:31:36 - [TEST_STEP][PASSED] - Script1718980020443.WriteToExcelNoData(a, typeOfData, todaysDate, fileInt, fileDouble, dZO): null

26-05-2025T09:31:36 - [TEST_STEP][PASSED] - sheetName = "Sheet1": null

26-05-2025T09:31:36 - [TEST_STEP][PASSED] - data = findTestData("PlanFact"): null

26-05-2025T09:31:36 - [TEST_STEP][PASSED] - n = data.getRowNumbers() + 1: null

26-05-2025T09:31:36 - [TEST_STEP][PASSED] - day = ")).toInteger(): null

26-05-2025T09:31:36 - [TEST_STEP][PASSED] - println(day): null

26-05-2025T09:31:36 - [TEST_STEP][PASSED] - month = ")).toInteger(): null

26-05-2025T09:31:36 - [TEST_STEP][PASSED] - println(month): null

26-05-2025T09:31:36 - [TEST_STEP][PASSED] - y = <not implemented yet for class: org.codehaus.groovy.ast.expr.EmptyExpression>: null

26-05-2025T09:31:36 - [TEST_STEP][PASSED] - iy = <not implemented yet for class: org.codehaus.groovy.ast.expr.EmptyExpression>: null

26-05-2025T09:31:36 - [TEST_STEP][PASSED] - m = getText(findTestObject("Выполнение бизнес-плана/Период")): Text of object 'Object Repository/Выполнение бизнес-плана/Период' is: '1 кв. 2025 года'

26-05-2025T09:31:36 - [MESSAGE][PASSED] - Text of object 'Object Repository/Выполнение бизнес-плана/Период' is: '1 кв. 2025 года'

26-05-2025T09:31:36 - [TEST_STEP][PASSED] - iy = m.indexOf("20"): null

26-05-2025T09:31:36 - [TEST_STEP][PASSED] - if (iy > -1): null

26-05-2025T09:31:36 - [TEST_STEP][PASSED] - y = substring(iy, iy + 4).toInteger(): null

26-05-2025T09:31:36 - [TEST_STEP][PASSED] - println(y): null

26-05-2025T09:31:36 - [TEST_STEP][PASSED] - if (toString().length() == 4): null

26-05-2025T09:31:36 - [TEST_STEP][PASSED] - m = m.substring(0, m.indexOf(y.toString())): null

26-05-2025T09:31:36 - [TEST_STEP][PASSED] - m = m.trim(): null

26-05-2025T09:31:36 - [TEST_STEP][PASSED] - if (m == ""): null

26-05-2025T09:31:36 - [TEST_STEP][PASSED] - dashboardName = "Выполнение бизнес-плана": null

26-05-2025T09:31:36 - [TEST_STEP][PASSED] - workbook01 = getWorkbook(excelFilePath): null

26-05-2025T09:31:36 - [TEST_STEP][PASSED] - sheet01 = getExcelSheet(workbook01, sheetName): null

26-05-2025T09:31:36 - [TEST_STEP][PASSED] - setValueToCellByIndex(sheet01, n, 0, dashboardName): null

26-05-2025T09:31:36 - [TEST_STEP][PASSED] - setValueToCellByIndex(sheet01, n, 1, dZO): null

26-05-2025T09:31:36 - [TEST_STEP][PASSED] - setValueToCellByIndex(sheet01, n, 2, typeOfData): null

26-05-2025T09:31:36 - [TEST_STEP][PASSED] - if (typeOfData == "Факт в процентах" || typeOfData == "План в процентах"): null

26-05-2025T09:31:36 - [TEST_STEP][PASSED] - else: null

26-05-2025T09:31:36 - [TEST_STEP][PASSED] - setValueToCellByIndex(sheet01, n, 3, fileInt): null

26-05-2025T09:31:36 - [TEST_STEP][PASSED] - setValueToCellByIndex(sheet01, n, 4, "нет данных"): null

26-05-2025T09:31:36 - [TEST_STEP][PASSED] - setValueToCellByIndex(sheet01, n, 5, m): null

26-05-2025T09:31:36 - [TEST_STEP][PASSED] - setValueToCellByIndex(sheet01, n, 6, y): null

26-05-2025T09:31:36 - [TEST_STEP][PASSED] - setValueToCellByIndex(sheet01, n, 7, todaysDate): null

26-05-2025T09:31:36 - [TEST_STEP][PASSED] - n = n + 1: null

26-05-2025T09:31:36 - [TEST_STEP][PASSED] - saveWorkbook(excelFilePath, workbook01): null

26-05-2025T09:31:36 - [TEST_STEP][PASSED] - typeOfData = "План Потери": null

26-05-2025T09:31:36 - [TEST_STEP][PASSED] - fileInt = replaceAll("\s+", "").toInteger(): null

26-05-2025T09:31:37 - [TEST_STEP][PASSED] - Script1718980020443.WriteToExcelNoData(a, typeOfData, todaysDate, fileInt, fileDouble, dZO): null

26-05-2025T09:31:37 - [TEST_STEP][PASSED] - sheetName = "Sheet1": null

26-05-2025T09:31:37 - [TEST_STEP][PASSED] - data = findTestData("PlanFact"): null

26-05-2025T09:31:37 - [TEST_STEP][PASSED] - n = data.getRowNumbers() + 1: null

26-05-2025T09:31:37 - [TEST_STEP][PASSED] - day = ")).toInteger(): null

26-05-2025T09:31:37 - [TEST_STEP][PASSED] - println(day): null

26-05-2025T09:31:37 - [TEST_STEP][PASSED] - month = ")).toInteger(): null

26-05-2025T09:31:37 - [TEST_STEP][PASSED] - println(month): null

26-05-2025T09:31:37 - [TEST_STEP][PASSED] - y = <not implemented yet for class: org.codehaus.groovy.ast.expr.EmptyExpression>: null

26-05-2025T09:31:37 - [TEST_STEP][PASSED] - iy = <not implemented yet for class: org.codehaus.groovy.ast.expr.EmptyExpression>: null

26-05-2025T09:31:37 - [TEST_STEP][PASSED] - m = getText(findTestObject("Выполнение бизнес-плана/Период")): Text of object 'Object Repository/Выполнение бизнес-плана/Период' is: '1 кв. 2025 года'

26-05-2025T09:31:37 - [MESSAGE][PASSED] - Text of object 'Object Repository/Выполнение бизнес-плана/Период' is: '1 кв. 2025 года'

26-05-2025T09:31:37 - [TEST_STEP][PASSED] - iy = m.indexOf("20"): null

26-05-2025T09:31:37 - [TEST_STEP][PASSED] - if (iy > -1): null

26-05-2025T09:31:37 - [TEST_STEP][PASSED] - y = substring(iy, iy + 4).toInteger(): null

26-05-2025T09:31:37 - [TEST_STEP][PASSED] - println(y): null

26-05-2025T09:31:37 - [TEST_STEP][PASSED] - if (toString().length() == 4): null

26-05-2025T09:31:37 - [TEST_STEP][PASSED] - m = m.substring(0, m.indexOf(y.toString())): null

26-05-2025T09:31:37 - [TEST_STEP][PASSED] - m = m.trim(): null

26-05-2025T09:31:37 - [TEST_STEP][PASSED] - if (m == ""): null

26-05-2025T09:31:37 - [TEST_STEP][PASSED] - dashboardName = "Выполнение бизнес-плана": null

26-05-2025T09:31:37 - [TEST_STEP][PASSED] - workbook01 = getWorkbook(excelFilePath): null

26-05-2025T09:31:37 - [TEST_STEP][PASSED] - sheet01 = getExcelSheet(workbook01, sheetName): null

26-05-2025T09:31:37 - [TEST_STEP][PASSED] - setValueToCellByIndex(sheet01, n, 0, dashboardName): null

26-05-2025T09:31:37 - [TEST_STEP][PASSED] - setValueToCellByIndex(sheet01, n, 1, dZO): null

26-05-2025T09:31:37 - [TEST_STEP][PASSED] - setValueToCellByIndex(sheet01, n, 2, typeOfData): null

26-05-2025T09:31:37 - [TEST_STEP][PASSED] - if (typeOfData == "Факт в процентах" || typeOfData == "План в процентах"): null

26-05-2025T09:31:37 - [TEST_STEP][PASSED] - else: null

26-05-2025T09:31:37 - [TEST_STEP][PASSED] - setValueToCellByIndex(sheet01, n, 3, fileInt): null

26-05-2025T09:31:37 - [TEST_STEP][PASSED] - setValueToCellByIndex(sheet01, n, 4, "нет данных"): null

26-05-2025T09:31:37 - [TEST_STEP][PASSED] - setValueToCellByIndex(sheet01, n, 5, m): null

26-05-2025T09:31:37 - [TEST_STEP][PASSED] - setValueToCellByIndex(sheet01, n, 6, y): null

26-05-2025T09:31:37 - [TEST_STEP][PASSED] - setValueToCellByIndex(sheet01, n, 7, todaysDate): null

26-05-2025T09:31:37 - [TEST_STEP][PASSED] - n = n + 1: null

26-05-2025T09:31:37 - [TEST_STEP][PASSED] - saveWorkbook(excelFilePath, workbook01): null

26-05-2025T09:31:37 - [TEST_STEP][PASSED] - typeOfData = "План в процентах": null

26-05-2025T09:31:37 - [TEST_STEP][PASSED] - fileDouble = ").toDouble(): null

26-05-2025T09:31:37 - [TEST_STEP][PASSED] - Script1718980020443.WriteToExcelNoData(a, typeOfData, todaysDate, fileInt, fileDouble, dZO): null

26-05-2025T09:31:37 - [TEST_STEP][PASSED] - sheetName = "Sheet1": null

26-05-2025T09:31:37 - [TEST_STEP][PASSED] - data = findTestData("PlanFact"): null

26-05-2025T09:31:37 - [TEST_STEP][PASSED] - n = data.getRowNumbers() + 1: null

26-05-2025T09:31:37 - [TEST_STEP][PASSED] - day = ")).toInteger(): null

26-05-2025T09:31:37 - [TEST_STEP][PASSED] - println(day): null

26-05-2025T09:31:37 - [TEST_STEP][PASSED] - month = ")).toInteger(): null

26-05-2025T09:31:37 - [TEST_STEP][PASSED] - println(month): null

26-05-2025T09:31:37 - [TEST_STEP][PASSED] - y = <not implemented yet for class: org.codehaus.groovy.ast.expr.EmptyExpression>: null

26-05-2025T09:31:37 - [TEST_STEP][PASSED] - iy = <not implemented yet for class: org.codehaus.groovy.ast.expr.EmptyExpression>: null

26-05-2025T09:31:37 - [TEST_STEP][PASSED] - m = getText(findTestObject("Выполнение бизнес-плана/Период")): Text of object 'Object Repository/Выполнение бизнес-плана/Период' is: '1 кв. 2025 года'

26-05-2025T09:31:38 - [MESSAGE][PASSED] - Text of object 'Object Repository/Выполнение бизнес-плана/Период' is: '1 кв. 2025 года'

26-05-2025T09:31:38 - [TEST_STEP][PASSED] - iy = m.indexOf("20"): null

26-05-2025T09:31:38 - [TEST_STEP][PASSED] - if (iy > -1): null

26-05-2025T09:31:38 - [TEST_STEP][PASSED] - y = substring(iy, iy + 4).toInteger(): null

26-05-2025T09:31:38 - [TEST_STEP][PASSED] - println(y): null

26-05-2025T09:31:38 - [TEST_STEP][PASSED] - if (toString().length() == 4): null

26-05-2025T09:31:38 - [TEST_STEP][PASSED] - m = m.substring(0, m.indexOf(y.toString())): null

26-05-2025T09:31:38 - [TEST_STEP][PASSED] - m = m.trim(): null

26-05-2025T09:31:38 - [TEST_STEP][PASSED] - if (m == ""): null

26-05-2025T09:31:38 - [TEST_STEP][PASSED] - dashboardName = "Выполнение бизнес-плана": null

26-05-2025T09:31:38 - [TEST_STEP][PASSED] - workbook01 = getWorkbook(excelFilePath): null

26-05-2025T09:31:38 - [TEST_STEP][PASSED] - sheet01 = getExcelSheet(workbook01, sheetName): null

26-05-2025T09:31:38 - [TEST_STEP][PASSED] - setValueToCellByIndex(sheet01, n, 0, dashboardName): null

26-05-2025T09:31:38 - [TEST_STEP][PASSED] - setValueToCellByIndex(sheet01, n, 1, dZO): null

26-05-2025T09:31:38 - [TEST_STEP][PASSED] - setValueToCellByIndex(sheet01, n, 2, typeOfData): null

26-05-2025T09:31:38 - [TEST_STEP][PASSED] - if (typeOfData == "Факт в процентах" || typeOfData == "План в процентах"): null

26-05-2025T09:31:38 - [TEST_STEP][PASSED] - setValueToCellByIndex(sheet01, n, 3, fileDouble): null

26-05-2025T09:31:38 - [TEST_STEP][PASSED] - setValueToCellByIndex(sheet01, n, 4, "нет данных"): null

26-05-2025T09:31:38 - [TEST_STEP][PASSED] - setValueToCellByIndex(sheet01, n, 5, m): null

26-05-2025T09:31:38 - [TEST_STEP][PASSED] - setValueToCellByIndex(sheet01, n, 6, y): null

26-05-2025T09:31:38 - [TEST_STEP][PASSED] - setValueToCellByIndex(sheet01, n, 7, todaysDate): null

26-05-2025T09:31:38 - [TEST_STEP][PASSED] - n = n + 1: null

26-05-2025T09:31:38 - [TEST_STEP][PASSED] - saveWorkbook(excelFilePath, workbook01): null

26-05-2025T09:31:38 - [TEST_STEP][PASSED] - typeOfData = "Факт в процентах": null

26-05-2025T09:31:38 - [TEST_STEP][PASSED] - fileDouble = ").toDouble(): null

26-05-2025T09:31:38 - [TEST_STEP][PASSED] - Script1718980020443.WriteToExcelNoData(a, typeOfData, todaysDate, fileInt, fileDouble, dZO): null

26-05-2025T09:31:38 - [TEST_STEP][PASSED] - sheetName = "Sheet1": null

26-05-2025T09:31:38 - [TEST_STEP][PASSED] - data = findTestData("PlanFact"): null

26-05-2025T09:31:38 - [TEST_STEP][PASSED] - n = data.getRowNumbers() + 1: null

26-05-2025T09:31:38 - [TEST_STEP][PASSED] - day = ")).toInteger(): null

26-05-2025T09:31:38 - [TEST_STEP][PASSED] - println(day): null

26-05-2025T09:31:38 - [TEST_STEP][PASSED] - month = ")).toInteger(): null

26-05-2025T09:31:38 - [TEST_STEP][PASSED] - println(month): null

26-05-2025T09:31:38 - [TEST_STEP][PASSED] - y = <not implemented yet for class: org.codehaus.groovy.ast.expr.EmptyExpression>: null

26-05-2025T09:31:38 - [TEST_STEP][PASSED] - iy = <not implemented yet for class: org.codehaus.groovy.ast.expr.EmptyExpression>: null

26-05-2025T09:31:38 - [TEST_STEP][PASSED] - m = getText(findTestObject("Выполнение бизнес-плана/Период")): Text of object 'Object Repository/Выполнение бизнес-плана/Период' is: '1 кв. 2025 года'

26-05-2025T09:31:38 - [MESSAGE][PASSED] - Text of object 'Object Repository/Выполнение бизнес-плана/Период' is: '1 кв. 2025 года'

26-05-2025T09:31:38 - [TEST_STEP][PASSED] - iy = m.indexOf("20"): null

26-05-2025T09:31:38 - [TEST_STEP][PASSED] - if (iy > -1): null

26-05-2025T09:31:38 - [TEST_STEP][PASSED] - y = substring(iy, iy + 4).toInteger(): null

26-05-2025T09:31:38 - [TEST_STEP][PASSED] - println(y): null

26-05-2025T09:31:38 - [TEST_STEP][PASSED] - if (toString().length() == 4): null

26-05-2025T09:31:38 - [TEST_STEP][PASSED] - m = m.substring(0, m.indexOf(y.toString())): null

26-05-2025T09:31:38 - [TEST_STEP][PASSED] - m = m.trim(): null

26-05-2025T09:31:38 - [TEST_STEP][PASSED] - if (m == ""): null

26-05-2025T09:31:38 - [TEST_STEP][PASSED] - dashboardName = "Выполнение бизнес-плана": null

26-05-2025T09:31:38 - [TEST_STEP][PASSED] - workbook01 = getWorkbook(excelFilePath): null

26-05-2025T09:31:38 - [TEST_STEP][PASSED] - sheet01 = getExcelSheet(workbook01, sheetName): null

26-05-2025T09:31:38 - [TEST_STEP][PASSED] - setValueToCellByIndex(sheet01, n, 0, dashboardName): null

26-05-2025T09:31:38 - [TEST_STEP][PASSED] - setValueToCellByIndex(sheet01, n, 1, dZO): null

26-05-2025T09:31:38 - [TEST_STEP][PASSED] - setValueToCellByIndex(sheet01, n, 2, typeOfData): null

26-05-2025T09:31:38 - [TEST_STEP][PASSED] - if (typeOfData == "Факт в процентах" || typeOfData == "План в процентах"): null

26-05-2025T09:31:38 - [TEST_STEP][PASSED] - setValueToCellByIndex(sheet01, n, 3, fileDouble): null

26-05-2025T09:31:38 - [TEST_STEP][PASSED] - setValueToCellByIndex(sheet01, n, 4, "нет данных"): null

26-05-2025T09:31:38 - [TEST_STEP][PASSED] - setValueToCellByIndex(sheet01, n, 5, m): null

26-05-2025T09:31:38 - [TEST_STEP][PASSED] - setValueToCellByIndex(sheet01, n, 6, y): null

26-05-2025T09:31:38 - [TEST_STEP][PASSED] - setValueToCellByIndex(sheet01, n, 7, todaysDate): null

26-05-2025T09:31:38 - [TEST_STEP][PASSED] - n = n + 1: null

26-05-2025T09:31:38 - [TEST_STEP][PASSED] - saveWorkbook(excelFilePath, workbook01): null

26-05-2025T09:31:38 - [TEST_STEP][PASSED] - println(dzoNum): null

26-05-2025T09:31:38 - [TEST_STEP][PASSED] - dZO = "АО «Чеченэнерго»": null

26-05-2025T09:31:38 - [TEST_STEP][PASSED] - a = 72: null

26-05-2025T09:31:38 - [TEST_STEP][PASSED] - if (x1.contains("Чеченэнерго")): null

26-05-2025T09:31:38 - [TEST_STEP][PASSED] - else: null

26-05-2025T09:31:38 - [TEST_STEP][PASSED] - Script1718980020443.NoData(a, typeOfData, todaysDate, fileInt, fileDouble, dZO): null

26-05-2025T09:31:38 - [TEST_STEP][PASSED] - println(a): null

26-05-2025T09:31:38 - [TEST_STEP][PASSED] - println(todaysDate): null

26-05-2025T09:31:38 - [TEST_STEP][PASSED] - println(fileInt): null

26-05-2025T09:31:38 - [TEST_STEP][PASSED] - println(fileDouble): null

26-05-2025T09:31:38 - [TEST_STEP][PASSED] - println(dZO): null

26-05-2025T09:31:38 - [TEST_STEP][PASSED] - typeOfData = "Факт Отпуск в сеть": null

26-05-2025T09:31:38 - [TEST_STEP][PASSED] - fileInt = replaceAll("\s+", "").toInteger(): null

26-05-2025T09:31:38 - [TEST_STEP][PASSED] - Script1718980020443.WriteToExcelNoData(a, typeOfData, todaysDate, fileInt, fileDouble, dZO): null

26-05-2025T09:31:38 - [TEST_STEP][PASSED] - sheetName = "Sheet1": null

26-05-2025T09:31:38 - [TEST_STEP][PASSED] - data = findTestData("PlanFact"): null

26-05-2025T09:31:39 - [TEST_STEP][PASSED] - n = data.getRowNumbers() + 1: null

26-05-2025T09:31:39 - [TEST_STEP][PASSED] - day = ")).toInteger(): null

26-05-2025T09:31:39 - [TEST_STEP][PASSED] - println(day): null

26-05-2025T09:31:39 - [TEST_STEP][PASSED] - month = ")).toInteger(): null

26-05-2025T09:31:39 - [TEST_STEP][PASSED] - println(month): null

26-05-2025T09:31:39 - [TEST_STEP][PASSED] - y = <not implemented yet for class: org.codehaus.groovy.ast.expr.EmptyExpression>: null

26-05-2025T09:31:39 - [TEST_STEP][PASSED] - iy = <not implemented yet for class: org.codehaus.groovy.ast.expr.EmptyExpression>: null

26-05-2025T09:31:39 - [TEST_STEP][PASSED] - m = getText(findTestObject("Выполнение бизнес-плана/Период")): Text of object 'Object Repository/Выполнение бизнес-плана/Период' is: '1 кв. 2025 года'

26-05-2025T09:31:39 - [MESSAGE][PASSED] - Text of object 'Object Repository/Выполнение бизнес-плана/Период' is: '1 кв. 2025 года'

26-05-2025T09:31:39 - [TEST_STEP][PASSED] - iy = m.indexOf("20"): null

26-05-2025T09:31:39 - [TEST_STEP][PASSED] - if (iy > -1): null

26-05-2025T09:31:39 - [TEST_STEP][PASSED] - y = substring(iy, iy + 4).toInteger(): null

26-05-2025T09:31:39 - [TEST_STEP][PASSED] - println(y): null

26-05-2025T09:31:39 - [TEST_STEP][PASSED] - if (toString().length() == 4): null

26-05-2025T09:31:39 - [TEST_STEP][PASSED] - m = m.substring(0, m.indexOf(y.toString())): null

26-05-2025T09:31:39 - [TEST_STEP][PASSED] - m = m.trim(): null

26-05-2025T09:31:39 - [TEST_STEP][PASSED] - if (m == ""): null

26-05-2025T09:31:39 - [TEST_STEP][PASSED] - dashboardName = "Выполнение бизнес-плана": null

26-05-2025T09:31:39 - [TEST_STEP][PASSED] - workbook01 = getWorkbook(excelFilePath): null

26-05-2025T09:31:39 - [TEST_STEP][PASSED] - sheet01 = getExcelSheet(workbook01, sheetName): null

26-05-2025T09:31:39 - [TEST_STEP][PASSED] - setValueToCellByIndex(sheet01, n, 0, dashboardName): null

26-05-2025T09:31:39 - [TEST_STEP][PASSED] - setValueToCellByIndex(sheet01, n, 1, dZO): null

26-05-2025T09:31:39 - [TEST_STEP][PASSED] - setValueToCellByIndex(sheet01, n, 2, typeOfData): null

26-05-2025T09:31:39 - [TEST_STEP][PASSED] - if (typeOfData == "Факт в процентах" || typeOfData == "План в процентах"): null

26-05-2025T09:31:39 - [TEST_STEP][PASSED] - else: null

26-05-2025T09:31:39 - [TEST_STEP][PASSED] - setValueToCellByIndex(sheet01, n, 3, fileInt): null

26-05-2025T09:31:39 - [TEST_STEP][PASSED] - setValueToCellByIndex(sheet01, n, 4, "нет данных"): null

26-05-2025T09:31:39 - [TEST_STEP][PASSED] - setValueToCellByIndex(sheet01, n, 5, m): null

26-05-2025T09:31:39 - [TEST_STEP][PASSED] - setValueToCellByIndex(sheet01, n, 6, y): null

26-05-2025T09:31:39 - [TEST_STEP][PASSED] - setValueToCellByIndex(sheet01, n, 7, todaysDate): null

26-05-2025T09:31:39 - [TEST_STEP][PASSED] - n = n + 1: null

26-05-2025T09:31:39 - [TEST_STEP][PASSED] - saveWorkbook(excelFilePath, workbook01): null

26-05-2025T09:31:39 - [TEST_STEP][PASSED] - typeOfData = "Факт Потери": null

26-05-2025T09:31:39 - [TEST_STEP][PASSED] - fileInt = replaceAll("\s+", "").toInteger(): null

26-05-2025T09:31:39 - [TEST_STEP][PASSED] - Script1718980020443.WriteToExcelNoData(a, typeOfData, todaysDate, fileInt, fileDouble, dZO): null

26-05-2025T09:31:39 - [TEST_STEP][PASSED] - sheetName = "Sheet1": null

26-05-2025T09:31:39 - [TEST_STEP][PASSED] - data = findTestData("PlanFact"): null

26-05-2025T09:31:39 - [TEST_STEP][PASSED] - n = data.getRowNumbers() + 1: null

26-05-2025T09:31:39 - [TEST_STEP][PASSED] - day = ")).toInteger(): null

26-05-2025T09:31:39 - [TEST_STEP][PASSED] - println(day): null

26-05-2025T09:31:39 - [TEST_STEP][PASSED] - month = ")).toInteger(): null

26-05-2025T09:31:39 - [TEST_STEP][PASSED] - println(month): null

26-05-2025T09:31:39 - [TEST_STEP][PASSED] - y = <not implemented yet for class: org.codehaus.groovy.ast.expr.EmptyExpression>: null

26-05-2025T09:31:39 - [TEST_STEP][PASSED] - iy = <not implemented yet for class: org.codehaus.groovy.ast.expr.EmptyExpression>: null

26-05-2025T09:31:39 - [TEST_STEP][PASSED] - m = getText(findTestObject("Выполнение бизнес-плана/Период")): Text of object 'Object Repository/Выполнение бизнес-плана/Период' is: '1 кв. 2025 года'

26-05-2025T09:31:40 - [MESSAGE][PASSED] - Text of object 'Object Repository/Выполнение бизнес-плана/Период' is: '1 кв. 2025 года'

26-05-2025T09:31:40 - [TEST_STEP][PASSED] - iy = m.indexOf("20"): null

26-05-2025T09:31:40 - [TEST_STEP][PASSED] - if (iy > -1): null

26-05-2025T09:31:40 - [TEST_STEP][PASSED] - y = substring(iy, iy + 4).toInteger(): null

26-05-2025T09:31:40 - [TEST_STEP][PASSED] - println(y): null

26-05-2025T09:31:40 - [TEST_STEP][PASSED] - if (toString().length() == 4): null

26-05-2025T09:31:40 - [TEST_STEP][PASSED] - m = m.substring(0, m.indexOf(y.toString())): null

26-05-2025T09:31:40 - [TEST_STEP][PASSED] - m = m.trim(): null

26-05-2025T09:31:40 - [TEST_STEP][PASSED] - if (m == ""): null

26-05-2025T09:31:40 - [TEST_STEP][PASSED] - dashboardName = "Выполнение бизнес-плана": null

26-05-2025T09:31:40 - [TEST_STEP][PASSED] - workbook01 = getWorkbook(excelFilePath): null

26-05-2025T09:31:40 - [TEST_STEP][PASSED] - sheet01 = getExcelSheet(workbook01, sheetName): null

26-05-2025T09:31:40 - [TEST_STEP][PASSED] - setValueToCellByIndex(sheet01, n, 0, dashboardName): null

26-05-2025T09:31:40 - [TEST_STEP][PASSED] - setValueToCellByIndex(sheet01, n, 1, dZO): null

26-05-2025T09:31:40 - [TEST_STEP][PASSED] - setValueToCellByIndex(sheet01, n, 2, typeOfData): null

26-05-2025T09:31:40 - [TEST_STEP][PASSED] - if (typeOfData == "Факт в процентах" || typeOfData == "План в процентах"): null

26-05-2025T09:31:40 - [TEST_STEP][PASSED] - else: null

26-05-2025T09:31:40 - [TEST_STEP][PASSED] - setValueToCellByIndex(sheet01, n, 3, fileInt): null

26-05-2025T09:31:40 - [TEST_STEP][PASSED] - setValueToCellByIndex(sheet01, n, 4, "нет данных"): null

26-05-2025T09:31:40 - [TEST_STEP][PASSED] - setValueToCellByIndex(sheet01, n, 5, m): null

26-05-2025T09:31:40 - [TEST_STEP][PASSED] - setValueToCellByIndex(sheet01, n, 6, y): null

26-05-2025T09:31:40 - [TEST_STEP][PASSED] - setValueToCellByIndex(sheet01, n, 7, todaysDate): null

26-05-2025T09:31:40 - [TEST_STEP][PASSED] - n = n + 1: null

26-05-2025T09:31:40 - [TEST_STEP][PASSED] - saveWorkbook(excelFilePath, workbook01): null

26-05-2025T09:31:40 - [TEST_STEP][PASSED] - typeOfData = "План Отпуск в сеть": null

26-05-2025T09:31:40 - [TEST_STEP][PASSED] - fileInt = replaceAll("\s+", "").toInteger(): null

26-05-2025T09:31:40 - [TEST_STEP][PASSED] - Script1718980020443.WriteToExcelNoData(a, typeOfData, todaysDate, fileInt, fileDouble, dZO): null

26-05-2025T09:31:40 - [TEST_STEP][PASSED] - sheetName = "Sheet1": null

26-05-2025T09:31:40 - [TEST_STEP][PASSED] - data = findTestData("PlanFact"): null

26-05-2025T09:31:40 - [TEST_STEP][PASSED] - n = data.getRowNumbers() + 1: null

26-05-2025T09:31:40 - [TEST_STEP][PASSED] - day = ")).toInteger(): null

26-05-2025T09:31:40 - [TEST_STEP][PASSED] - println(day): null

26-05-2025T09:31:40 - [TEST_STEP][PASSED] - month = ")).toInteger(): null

26-05-2025T09:31:40 - [TEST_STEP][PASSED] - println(month): null

26-05-2025T09:31:40 - [TEST_STEP][PASSED] - y = <not implemented yet for class: org.codehaus.groovy.ast.expr.EmptyExpression>: null

26-05-2025T09:31:40 - [TEST_STEP][PASSED] - iy = <not implemented yet for class: org.codehaus.groovy.ast.expr.EmptyExpression>: null

26-05-2025T09:31:40 - [TEST_STEP][PASSED] - m = getText(findTestObject("Выполнение бизнес-плана/Период")): Text of object 'Object Repository/Выполнение бизнес-плана/Период' is: '1 кв. 2025 года'

26-05-2025T09:31:40 - [MESSAGE][PASSED] - Text of object 'Object Repository/Выполнение бизнес-плана/Период' is: '1 кв. 2025 года'

26-05-2025T09:31:40 - [TEST_STEP][PASSED] - iy = m.indexOf("20"): null

26-05-2025T09:31:40 - [TEST_STEP][PASSED] - if (iy > -1): null

26-05-2025T09:31:40 - [TEST_STEP][PASSED] - y = substring(iy, iy + 4).toInteger(): null

26-05-2025T09:31:40 - [TEST_STEP][PASSED] - println(y): null

26-05-2025T09:31:40 - [TEST_STEP][PASSED] - if (toString().length() == 4): null

26-05-2025T09:31:40 - [TEST_STEP][PASSED] - m = m.substring(0, m.indexOf(y.toString())): null

26-05-2025T09:31:40 - [TEST_STEP][PASSED] - m = m.trim(): null

26-05-2025T09:31:40 - [TEST_STEP][PASSED] - if (m == ""): null

26-05-2025T09:31:40 - [TEST_STEP][PASSED] - dashboardName = "Выполнение бизнес-плана": null

26-05-2025T09:31:40 - [TEST_STEP][PASSED] - workbook01 = getWorkbook(excelFilePath): null

26-05-2025T09:31:40 - [TEST_STEP][PASSED] - sheet01 = getExcelSheet(workbook01, sheetName): null

26-05-2025T09:31:40 - [TEST_STEP][PASSED] - setValueToCellByIndex(sheet01, n, 0, dashboardName): null

26-05-2025T09:31:40 - [TEST_STEP][PASSED] - setValueToCellByIndex(sheet01, n, 1, dZO): null

26-05-2025T09:31:40 - [TEST_STEP][PASSED] - setValueToCellByIndex(sheet01, n, 2, typeOfData): null

26-05-2025T09:31:40 - [TEST_STEP][PASSED] - if (typeOfData == "Факт в процентах" || typeOfData == "План в процентах"): null

26-05-2025T09:31:40 - [TEST_STEP][PASSED] - else: null

26-05-2025T09:31:40 - [TEST_STEP][PASSED] - setValueToCellByIndex(sheet01, n, 3, fileInt): null

26-05-2025T09:31:40 - [TEST_STEP][PASSED] - setValueToCellByIndex(sheet01, n, 4, "нет данных"): null

26-05-2025T09:31:40 - [TEST_STEP][PASSED] - setValueToCellByIndex(sheet01, n, 5, m): null

26-05-2025T09:31:40 - [TEST_STEP][PASSED] - setValueToCellByIndex(sheet01, n, 6, y): null

26-05-2025T09:31:40 - [TEST_STEP][PASSED] - setValueToCellByIndex(sheet01, n, 7, todaysDate): null

26-05-2025T09:31:40 - [TEST_STEP][PASSED] - n = n + 1: null

26-05-2025T09:31:40 - [TEST_STEP][PASSED] - saveWorkbook(excelFilePath, workbook01): null

26-05-2025T09:31:40 - [TEST_STEP][PASSED] - typeOfData = "План Потери": null

26-05-2025T09:31:40 - [TEST_STEP][PASSED] - fileInt = replaceAll("\s+", "").toInteger(): null

26-05-2025T09:31:41 - [TEST_STEP][PASSED] - Script1718980020443.WriteToExcelNoData(a, typeOfData, todaysDate, fileInt, fileDouble, dZO): null

26-05-2025T09:31:41 - [TEST_STEP][PASSED] - sheetName = "Sheet1": null

26-05-2025T09:31:41 - [TEST_STEP][PASSED] - data = findTestData("PlanFact"): null

26-05-2025T09:31:41 - [TEST_STEP][PASSED] - n = data.getRowNumbers() + 1: null

26-05-2025T09:31:41 - [TEST_STEP][PASSED] - day = ")).toInteger(): null

26-05-2025T09:31:41 - [TEST_STEP][PASSED] - println(day): null

26-05-2025T09:31:41 - [TEST_STEP][PASSED] - month = ")).toInteger(): null

26-05-2025T09:31:41 - [TEST_STEP][PASSED] - println(month): null

26-05-2025T09:31:41 - [TEST_STEP][PASSED] - y = <not implemented yet for class: org.codehaus.groovy.ast.expr.EmptyExpression>: null

26-05-2025T09:31:41 - [TEST_STEP][PASSED] - iy = <not implemented yet for class: org.codehaus.groovy.ast.expr.EmptyExpression>: null

26-05-2025T09:31:41 - [TEST_STEP][PASSED] - m = getText(findTestObject("Выполнение бизнес-плана/Период")): Text of object 'Object Repository/Выполнение бизнес-плана/Период' is: '1 кв. 2025 года'

26-05-2025T09:31:41 - [MESSAGE][PASSED] - Text of object 'Object Repository/Выполнение бизнес-плана/Период' is: '1 кв. 2025 года'

26-05-2025T09:31:41 - [TEST_STEP][PASSED] - iy = m.indexOf("20"): null

26-05-2025T09:31:41 - [TEST_STEP][PASSED] - if (iy > -1): null

26-05-2025T09:31:41 - [TEST_STEP][PASSED] - y = substring(iy, iy + 4).toInteger(): null

26-05-2025T09:31:41 - [TEST_STEP][PASSED] - println(y): null

26-05-2025T09:31:41 - [TEST_STEP][PASSED] - if (toString().length() == 4): null

26-05-2025T09:31:41 - [TEST_STEP][PASSED] - m = m.substring(0, m.indexOf(y.toString())): null

26-05-2025T09:31:41 - [TEST_STEP][PASSED] - m = m.trim(): null

26-05-2025T09:31:41 - [TEST_STEP][PASSED] - if (m == ""): null

26-05-2025T09:31:41 - [TEST_STEP][PASSED] - dashboardName = "Выполнение бизнес-плана": null

26-05-2025T09:31:41 - [TEST_STEP][PASSED] - workbook01 = getWorkbook(excelFilePath): null

26-05-2025T09:31:41 - [TEST_STEP][PASSED] - sheet01 = getExcelSheet(workbook01, sheetName): null

26-05-2025T09:31:41 - [TEST_STEP][PASSED] - setValueToCellByIndex(sheet01, n, 0, dashboardName): null

26-05-2025T09:31:41 - [TEST_STEP][PASSED] - setValueToCellByIndex(sheet01, n, 1, dZO): null

26-05-2025T09:31:41 - [TEST_STEP][PASSED] - setValueToCellByIndex(sheet01, n, 2, typeOfData): null

26-05-2025T09:31:41 - [TEST_STEP][PASSED] - if (typeOfData == "Факт в процентах" || typeOfData == "План в процентах"): null

26-05-2025T09:31:41 - [TEST_STEP][PASSED] - else: null

26-05-2025T09:31:41 - [TEST_STEP][PASSED] - setValueToCellByIndex(sheet01, n, 3, fileInt): null

26-05-2025T09:31:41 - [TEST_STEP][PASSED] - setValueToCellByIndex(sheet01, n, 4, "нет данных"): null

26-05-2025T09:31:41 - [TEST_STEP][PASSED] - setValueToCellByIndex(sheet01, n, 5, m): null

26-05-2025T09:31:41 - [TEST_STEP][PASSED] - setValueToCellByIndex(sheet01, n, 6, y): null

26-05-2025T09:31:41 - [TEST_STEP][PASSED] - setValueToCellByIndex(sheet01, n, 7, todaysDate): null

26-05-2025T09:31:41 - [TEST_STEP][PASSED] - n = n + 1: null

26-05-2025T09:31:41 - [TEST_STEP][PASSED] - saveWorkbook(excelFilePath, workbook01): null

26-05-2025T09:31:41 - [TEST_STEP][PASSED] - typeOfData = "План в процентах": null

26-05-2025T09:31:41 - [TEST_STEP][PASSED] - fileDouble = ").toDouble(): null

26-05-2025T09:31:41 - [TEST_STEP][PASSED] - Script1718980020443.WriteToExcelNoData(a, typeOfData, todaysDate, fileInt, fileDouble, dZO): null

26-05-2025T09:31:41 - [TEST_STEP][PASSED] - sheetName = "Sheet1": null

26-05-2025T09:31:41 - [TEST_STEP][PASSED] - data = findTestData("PlanFact"): null

26-05-2025T09:31:41 - [TEST_STEP][PASSED] - n = data.getRowNumbers() + 1: null

26-05-2025T09:31:41 - [TEST_STEP][PASSED] - day = ")).toInteger(): null

26-05-2025T09:31:41 - [TEST_STEP][PASSED] - println(day): null

26-05-2025T09:31:41 - [TEST_STEP][PASSED] - month = ")).toInteger(): null

26-05-2025T09:31:41 - [TEST_STEP][PASSED] - println(month): null

26-05-2025T09:31:41 - [TEST_STEP][PASSED] - y = <not implemented yet for class: org.codehaus.groovy.ast.expr.EmptyExpression>: null

26-05-2025T09:31:41 - [TEST_STEP][PASSED] - iy = <not implemented yet for class: org.codehaus.groovy.ast.expr.EmptyExpression>: null

26-05-2025T09:31:41 - [TEST_STEP][PASSED] - m = getText(findTestObject("Выполнение бизнес-плана/Период")): Text of object 'Object Repository/Выполнение бизнес-плана/Период' is: '1 кв. 2025 года'

26-05-2025T09:31:41 - [MESSAGE][PASSED] - Text of object 'Object Repository/Выполнение бизнес-плана/Период' is: '1 кв. 2025 года'

26-05-2025T09:31:41 - [TEST_STEP][PASSED] - iy = m.indexOf("20"): null

26-05-2025T09:31:41 - [TEST_STEP][PASSED] - if (iy > -1): null

26-05-2025T09:31:41 - [TEST_STEP][PASSED] - y = substring(iy, iy + 4).toInteger(): null

26-05-2025T09:31:41 - [TEST_STEP][PASSED] - println(y): null

26-05-2025T09:31:41 - [TEST_STEP][PASSED] - if (toString().length() == 4): null

26-05-2025T09:31:41 - [TEST_STEP][PASSED] - m = m.substring(0, m.indexOf(y.toString())): null

26-05-2025T09:31:41 - [TEST_STEP][PASSED] - m = m.trim(): null

26-05-2025T09:31:41 - [TEST_STEP][PASSED] - if (m == ""): null

26-05-2025T09:31:41 - [TEST_STEP][PASSED] - dashboardName = "Выполнение бизнес-плана": null

26-05-2025T09:31:41 - [TEST_STEP][PASSED] - workbook01 = getWorkbook(excelFilePath): null

26-05-2025T09:31:42 - [TEST_STEP][PASSED] - sheet01 = getExcelSheet(workbook01, sheetName): null

26-05-2025T09:31:42 - [TEST_STEP][PASSED] - setValueToCellByIndex(sheet01, n, 0, dashboardName): null

26-05-2025T09:31:42 - [TEST_STEP][PASSED] - setValueToCellByIndex(sheet01, n, 1, dZO): null

26-05-2025T09:31:42 - [TEST_STEP][PASSED] - setValueToCellByIndex(sheet01, n, 2, typeOfData): null

26-05-2025T09:31:42 - [TEST_STEP][PASSED] - if (typeOfData == "Факт в процентах" || typeOfData == "План в процентах"): null

26-05-2025T09:31:42 - [TEST_STEP][PASSED] - setValueToCellByIndex(sheet01, n, 3, fileDouble): null

26-05-2025T09:31:42 - [TEST_STEP][PASSED] - setValueToCellByIndex(sheet01, n, 4, "нет данных"): null

26-05-2025T09:31:42 - [TEST_STEP][PASSED] - setValueToCellByIndex(sheet01, n, 5, m): null

26-05-2025T09:31:42 - [TEST_STEP][PASSED] - setValueToCellByIndex(sheet01, n, 6, y): null

26-05-2025T09:31:42 - [TEST_STEP][PASSED] - setValueToCellByIndex(sheet01, n, 7, todaysDate): null

26-05-2025T09:31:42 - [TEST_STEP][PASSED] - n = n + 1: null

26-05-2025T09:31:42 - [TEST_STEP][PASSED] - saveWorkbook(excelFilePath, workbook01): null

26-05-2025T09:31:42 - [TEST_STEP][PASSED] - typeOfData = "Факт в процентах": null

26-05-2025T09:31:42 - [TEST_STEP][PASSED] - fileDouble = ").toDouble(): null

26-05-2025T09:31:42 - [TEST_STEP][PASSED] - Script1718980020443.WriteToExcelNoData(a, typeOfData, todaysDate, fileInt, fileDouble, dZO): null

26-05-2025T09:31:42 - [TEST_STEP][PASSED] - sheetName = "Sheet1": null

26-05-2025T09:31:42 - [TEST_STEP][PASSED] - data = findTestData("PlanFact"): null

26-05-2025T09:31:42 - [TEST_STEP][PASSED] - n = data.getRowNumbers() + 1: null

26-05-2025T09:31:42 - [TEST_STEP][PASSED] - day = ")).toInteger(): null

26-05-2025T09:31:42 - [TEST_STEP][PASSED] - println(day): null

26-05-2025T09:31:42 - [TEST_STEP][PASSED] - month = ")).toInteger(): null

26-05-2025T09:31:42 - [TEST_STEP][PASSED] - println(month): null

26-05-2025T09:31:42 - [TEST_STEP][PASSED] - y = <not implemented yet for class: org.codehaus.groovy.ast.expr.EmptyExpression>: null

26-05-2025T09:31:42 - [TEST_STEP][PASSED] - iy = <not implemented yet for class: org.codehaus.groovy.ast.expr.EmptyExpression>: null

26-05-2025T09:31:42 - [TEST_STEP][PASSED] - m = getText(findTestObject("Выполнение бизнес-плана/Период")): Text of object 'Object Repository/Выполнение бизнес-плана/Период' is: '1 кв. 2025 года'

26-05-2025T09:31:42 - [MESSAGE][PASSED] - Text of object 'Object Repository/Выполнение бизнес-плана/Период' is: '1 кв. 2025 года'

26-05-2025T09:31:42 - [TEST_STEP][PASSED] - iy = m.indexOf("20"): null

26-05-2025T09:31:42 - [TEST_STEP][PASSED] - if (iy > -1): null

26-05-2025T09:31:42 - [TEST_STEP][PASSED] - y = substring(iy, iy + 4).toInteger(): null

26-05-2025T09:31:42 - [TEST_STEP][PASSED] - println(y): null

26-05-2025T09:31:42 - [TEST_STEP][PASSED] - if (toString().length() == 4): null

26-05-2025T09:31:42 - [TEST_STEP][PASSED] - m = m.substring(0, m.indexOf(y.toString())): null

26-05-2025T09:31:42 - [TEST_STEP][PASSED] - m = m.trim(): null

26-05-2025T09:31:42 - [TEST_STEP][PASSED] - if (m == ""): null

26-05-2025T09:31:42 - [TEST_STEP][PASSED] - dashboardName = "Выполнение бизнес-плана": null

26-05-2025T09:31:42 - [TEST_STEP][PASSED] - workbook01 = getWorkbook(excelFilePath): null

26-05-2025T09:31:42 - [TEST_STEP][PASSED] - sheet01 = getExcelSheet(workbook01, sheetName): null

26-05-2025T09:31:42 - [TEST_STEP][PASSED] - setValueToCellByIndex(sheet01, n, 0, dashboardName): null

26-05-2025T09:31:42 - [TEST_STEP][PASSED] - setValueToCellByIndex(sheet01, n, 1, dZO): null

26-05-2025T09:31:42 - [TEST_STEP][PASSED] - setValueToCellByIndex(sheet01, n, 2, typeOfData): null

26-05-2025T09:31:42 - [TEST_STEP][PASSED] - if (typeOfData == "Факт в процентах" || typeOfData == "План в процентах"): null

26-05-2025T09:31:42 - [TEST_STEP][PASSED] - setValueToCellByIndex(sheet01, n, 3, fileDouble): null

26-05-2025T09:31:42 - [TEST_STEP][PASSED] - setValueToCellByIndex(sheet01, n, 4, "нет данных"): null

26-05-2025T09:31:42 - [TEST_STEP][PASSED] - setValueToCellByIndex(sheet01, n, 5, m): null

26-05-2025T09:31:42 - [TEST_STEP][PASSED] - setValueToCellByIndex(sheet01, n, 6, y): null

26-05-2025T09:31:42 - [TEST_STEP][PASSED] - setValueToCellByIndex(sheet01, n, 7, todaysDate): null

26-05-2025T09:31:42 - [TEST_STEP][PASSED] - n = n + 1: null

26-05-2025T09:31:42 - [TEST_STEP][PASSED] - saveWorkbook(excelFilePath, workbook01): null

26-05-2025T09:31:42 - [TEST_STEP][PASSED] - println(dzoNum): null

26-05-2025T09:31:42 - [TEST_STEP][PASSED] - a = 28: null

26-05-2025T09:31:42 - [TEST_STEP][PASSED] - dZO = "Россети Волга": null

26-05-2025T09:31:42 - [TEST_STEP][PASSED] - if (x1.contains("Волга")): null

26-05-2025T09:31:42 - [TEST_STEP][PASSED] - dzoNum = dzoNum + 1: null

26-05-2025T09:31:42 - [TEST_STEP][PASSED] - Script1718980020443.Numbers(a, typeOfData, todaysDate, pageInt, fileInt, pageDouble, fileDouble, dZO, dzoNum, filialNum): null

26-05-2025T09:31:42 - [TEST_STEP][PASSED] - println(dzoNum): null

26-05-2025T09:31:42 - [TEST_STEP][PASSED] - planFact = <not implemented yet for class: org.codehaus.groovy.ast.expr.EmptyExpression>: null

26-05-2025T09:31:42 - [TEST_STEP][PASSED] - page = <not implemented yet for class: org.codehaus.groovy.ast.expr.EmptyExpression>: null

26-05-2025T09:31:42 - [TEST_STEP][PASSED] - page1 = <not implemented yet for class: org.codehaus.groovy.ast.expr.EmptyExpression>: null

26-05-2025T09:31:42 - [TEST_STEP][PASSED] - page2 = <not implemented yet for class: org.codehaus.groovy.ast.expr.EmptyExpression>: null

26-05-2025T09:31:42 - [TEST_STEP][PASSED] - filialNumberInRow = <not implemented yet for class: org.codehaus.groovy.ast.expr.EmptyExpression>: null

26-05-2025T09:31:42 - [TEST_STEP][PASSED] - filialsDzoNames = <not implemented yet for class: org.codehaus.groovy.ast.expr.EmptyExpression>: null

26-05-2025T09:31:42 - [TEST_STEP][PASSED] - numberOfFilials = <not implemented yet for class: org.codehaus.groovy.ast.expr.EmptyExpression>: null

26-05-2025T09:31:42 - [TEST_STEP][PASSED] - numberOfSpaces = <not implemented yet for class: org.codehaus.groovy.ast.expr.EmptyExpression>: null

26-05-2025T09:31:42 - [TEST_STEP][PASSED] - file = <not implemented yet for class: org.codehaus.groovy.ast.expr.EmptyExpression>: null

26-05-2025T09:31:42 - [TEST_STEP][PASSED] - otpusk = <not implemented yet for class: org.codehaus.groovy.ast.expr.EmptyExpression>: null

26-05-2025T09:31:42 - [TEST_STEP][PASSED] - poteri = <not implemented yet for class: org.codehaus.groovy.ast.expr.EmptyExpression>: null

26-05-2025T09:31:42 - [TEST_STEP][PASSED] - dataFolder = "Выполнение бизнес-плана/Значения со страницы Выполнение бизнес-плана/": null

26-05-2025T09:31:42 - [TEST_STEP][PASSED] - path = <not implemented yet for class: org.codehaus.groovy.ast.expr.EmptyExpression>: null

26-05-2025T09:31:42 - [TEST_STEP][PASSED] - typeOfDataMain = <not implemented yet for class: org.codehaus.groovy.ast.expr.EmptyExpression>: null

26-05-2025T09:31:42 - [TEST_STEP][PASSED] - fileOtpuskVSet = <not implemented yet for class: org.codehaus.groovy.ast.expr.EmptyExpression>: null

26-05-2025T09:31:42 - [TEST_STEP][PASSED] - pageOtpuskVSet = <not implemented yet for class: org.codehaus.groovy.ast.expr.EmptyExpression>: null

26-05-2025T09:31:42 - [TEST_STEP][PASSED] - filePoteri = <not implemented yet for class: org.codehaus.groovy.ast.expr.EmptyExpression>: null

26-05-2025T09:31:42 - [TEST_STEP][PASSED] - pagePoteri = <not implemented yet for class: org.codehaus.groovy.ast.expr.EmptyExpression>: null

26-05-2025T09:31:42 - [TEST_STEP][PASSED] - compare = <not implemented yet for class: org.codehaus.groovy.ast.expr.EmptyExpression>: null

26-05-2025T09:31:42 - [TEST_STEP][PASSED] - b = <not implemented yet for class: org.codehaus.groovy.ast.expr.EmptyExpression>: null

26-05-2025T09:31:42 - [TEST_STEP][PASSED] - i = <not implemented yet for class: org.codehaus.groovy.ast.expr.EmptyExpression>: null

26-05-2025T09:31:42 - [TEST_STEP][PASSED] - ii = <not implemented yet for class: org.codehaus.groovy.ast.expr.EmptyExpression>: null

26-05-2025T09:31:42 - [TEST_STEP][PASSED] - c = <not implemented yet for class: org.codehaus.groovy.ast.expr.EmptyExpression>: null

26-05-2025T09:31:42 - [TEST_STEP][PASSED] - numberOfErrors = 0: null

26-05-2025T09:31:42 - [TEST_STEP][PASSED] - if (a == 82): null

26-05-2025T09:31:42 - [TEST_STEP][PASSED] - b = findTestData("PlanFact").getValue(1, a): null

26-05-2025T09:31:42 - [TEST_STEP][PASSED] - i = b.indexOf(" (ГК)"): null

26-05-2025T09:31:42 - [TEST_STEP][PASSED] - if (i > -1): null

26-05-2025T09:31:42 - [TEST_STEP][PASSED] - b = b.substring(0, i): null

26-05-2025T09:31:42 - [TEST_STEP][PASSED] - i = b.indexOf("О ""): null

26-05-2025T09:31:42 - [TEST_STEP][PASSED] - if (i > -1): null

26-05-2025T09:31:42 - [TEST_STEP][PASSED] - i = b.indexOf("О «"): null

26-05-2025T09:31:42 - [TEST_STEP][PASSED] - if (i > -1): null

26-05-2025T09:31:42 - [TEST_STEP][PASSED] - i = b.indexOf("г. "): null

26-05-2025T09:31:42 - [TEST_STEP][PASSED] - if (i > -1): null

26-05-2025T09:31:42 - [TEST_STEP][PASSED] - b = b.trim(): null

26-05-2025T09:31:42 - [TEST_STEP][PASSED] - println(b): null

26-05-2025T09:31:42 - [TEST_STEP][PASSED] - for ([planFact = 1, planFact < 3, (planFact++)]): null

26-05-2025T09:31:42 - [TEST_STEP][PASSED] - if (planFact == 1): null

26-05-2025T09:31:42 - [TEST_STEP][PASSED] - typeOfDataMain = "Факт": null

26-05-2025T09:31:42 - [TEST_STEP][PASSED] - otpusk = findTestData("PlanFact").getValue(5, a): null

26-05-2025T09:31:42 - [TEST_STEP][PASSED] - poteri = findTestData("PlanFact").getValue(6, a): null

26-05-2025T09:31:43 - [TEST_STEP][PASSED] - otpusk = otpusk.replaceAll("\s+", ""): null

26-05-2025T09:31:43 - [TEST_STEP][PASSED] - poteri = poteri.replaceAll("\s+", ""): null

26-05-2025T09:31:43 - [TEST_STEP][PASSED] - typeOfData = typeOfDataMain + " Отпуск в сеть": null

26-05-2025T09:31:43 - [TEST_STEP][PASSED] - if (a == 82): null

26-05-2025T09:31:43 - [TEST_STEP][PASSED] - else if (a == 84): null

26-05-2025T09:31:43 - [TEST_STEP][PASSED] - else if (a == 83 || a == 52 || a == 72 || a == 28 || a == 73 || a == 77 || a == 74 || a == 65 || a == 36 || a == 44 || a == 53 || a == 80 || a == 54 || a == 1 || a == 18 || a == 59 || a == 81): null

26-05-2025T09:31:43 - [TEST_STEP][PASSED] - path = dataFolder + "Table Data/" + typeOfData + " за отчётный период " + dzoNum: null

26-05-2025T09:31:43 - [TEST_STEP][PASSED] - println(path): null

26-05-2025T09:31:43 - [TEST_STEP][PASSED] - page = getText(findTestObject(path)): Text of object 'Object Repository/Выполнение бизнес-плана/Значения со страницы Выполнение бизнес-плана/Table Data/Факт Отпуск в сеть за отчётный период 2' is: '4 949 974'

26-05-2025T09:31:43 - [MESSAGE][PASSED] - Text of object 'Object Repository/Выполнение бизнес-плана/Значения со страницы Выполнение бизнес-плана/Table Data/Факт Отпуск в сеть за отчётный период 2' is: '4 949 974'

26-05-2025T09:31:43 - [TEST_STEP][PASSED] - if (page == "" || page == null): null

26-05-2025T09:31:43 - [TEST_STEP][PASSED] - else: null

26-05-2025T09:31:43 - [TEST_STEP][PASSED] - page = page.replaceAll("\s+", ""): null

26-05-2025T09:31:43 - [TEST_STEP][PASSED] - if (page == "undefined"): null

26-05-2025T09:31:43 - [TEST_STEP][PASSED] - fileOtpuskVSet = otpusk.toInteger(): null

26-05-2025T09:31:43 - [TEST_STEP][PASSED] - pageOtpuskVSet = page.toInteger(): null

26-05-2025T09:31:43 - [TEST_STEP][PASSED] - typeOfData = typeOfDataMain + " Потери": null

26-05-2025T09:31:43 - [TEST_STEP][PASSED] - if (a == 82): null

26-05-2025T09:31:43 - [TEST_STEP][PASSED] - else if (a == 84): null

26-05-2025T09:31:43 - [TEST_STEP][PASSED] - else if (a == 83 || a == 52 || a == 72 || a == 28 || a == 73 || a == 77 || a == 74 || a == 65 || a == 36 || a == 44 || a == 53 || a == 80 || a == 54 || a == 1 || a == 18 || a == 59 || a == 81): null

26-05-2025T09:31:43 - [TEST_STEP][PASSED] - path = dataFolder + "Table Data/" + typeOfData + " за отчётный период " + dzoNum: null

26-05-2025T09:31:43 - [TEST_STEP][PASSED] - page = getText(findTestObject(path)): Text of object 'Object Repository/Выполнение бизнес-плана/Значения со страницы Выполнение бизнес-плана/Table Data/Факт Потери за отчётный период 2' is: '308 123'

26-05-2025T09:31:43 - [MESSAGE][PASSED] - Text of object 'Object Repository/Выполнение бизнес-плана/Значения со страницы Выполнение бизнес-плана/Table Data/Факт Потери за отчётный период 2' is: '308 123'

26-05-2025T09:31:43 - [TEST_STEP][PASSED] - if (page == "" || page == null): null

26-05-2025T09:31:43 - [TEST_STEP][PASSED] - else: null

26-05-2025T09:31:43 - [TEST_STEP][PASSED] - page = page.replaceAll("\s+", ""): null

26-05-2025T09:31:43 - [TEST_STEP][PASSED] - if (page == "undefined"): null

26-05-2025T09:31:43 - [TEST_STEP][PASSED] - filePoteri = poteri.toInteger(): null

26-05-2025T09:31:43 - [TEST_STEP][PASSED] - pagePoteri = page.toInteger(): null

26-05-2025T09:31:43 - [TEST_STEP][PASSED] - compare = pageOtpuskVSet: null

26-05-2025T09:31:43 - [TEST_STEP][PASSED] - if (pageOtpuskVSet != null): null

26-05-2025T09:31:43 - [TEST_STEP][PASSED] - if (compare == fileOtpuskVSet): null

26-05-2025T09:31:43 - [TEST_STEP][PASSED] - else if (compare > fileOtpuskVSet): null

26-05-2025T09:31:43 - [TEST_STEP][PASSED] - else if (compare < fileOtpuskVSet): null

26-05-2025T09:31:43 - [TEST_STEP][PASSED] - compare = compare + 1: null

26-05-2025T09:31:43 - [TEST_STEP][PASSED] - if (compare == fileOtpuskVSet): null

26-05-2025T09:31:43 - [TEST_STEP][PASSED] - else: null

26-05-2025T09:31:43 - [TEST_STEP][PASSED] - numberOfErrors = numberOfErrors + 1: null

26-05-2025T09:31:43 - [TEST_STEP][PASSED] - pageInt = pageOtpuskVSet: null

26-05-2025T09:31:43 - [TEST_STEP][PASSED] - fileInt = fileOtpuskVSet: null

26-05-2025T09:31:43 - [TEST_STEP][PASSED] - typeOfData = typeOfDataMain + " Отпуск в сеть": null

26-05-2025T09:31:43 - [TEST_STEP][PASSED] - Script1718980020443.WriteToExcel(a, typeOfData, todaysDate, pageInt, fileInt, pageDouble, fileDouble, dZO): null

26-05-2025T09:31:43 - [TEST_STEP][PASSED] - sheetName = "Sheet1": null

26-05-2025T09:31:43 - [TEST_STEP][PASSED] - data = findTestData("PlanFact"): null

26-05-2025T09:31:43 - [TEST_STEP][PASSED] - n = data.getRowNumbers() + 1: null

26-05-2025T09:31:43 - [TEST_STEP][PASSED] - day = ")).toInteger(): null

26-05-2025T09:31:43 - [TEST_STEP][PASSED] - println(day): null

26-05-2025T09:31:43 - [TEST_STEP][PASSED] - month = ")).toInteger(): null

26-05-2025T09:31:43 - [TEST_STEP][PASSED] - println(month): null

26-05-2025T09:31:43 - [TEST_STEP][PASSED] - y = <not implemented yet for class: org.codehaus.groovy.ast.expr.EmptyExpression>: null

26-05-2025T09:31:43 - [TEST_STEP][PASSED] - iy = <not implemented yet for class: org.codehaus.groovy.ast.expr.EmptyExpression>: null

26-05-2025T09:31:43 - [TEST_STEP][PASSED] - m = getText(findTestObject("Выполнение бизнес-плана/Период")): Text of object 'Object Repository/Выполнение бизнес-плана/Период' is: '1 кв. 2025 года'

26-05-2025T09:31:43 - [MESSAGE][PASSED] - Text of object 'Object Repository/Выполнение бизнес-плана/Период' is: '1 кв. 2025 года'

26-05-2025T09:31:43 - [TEST_STEP][PASSED] - iy = m.indexOf("20"): null

26-05-2025T09:31:43 - [TEST_STEP][PASSED] - if (iy > -1): null

26-05-2025T09:31:43 - [TEST_STEP][PASSED] - y = substring(iy, iy + 4).toInteger(): null

26-05-2025T09:31:43 - [TEST_STEP][PASSED] - println(y): null

26-05-2025T09:31:43 - [TEST_STEP][PASSED] - if (toString().length() == 4): null

26-05-2025T09:31:43 - [TEST_STEP][PASSED] - m = m.substring(0, m.indexOf(y.toString())): null

26-05-2025T09:31:43 - [TEST_STEP][PASSED] - m = m.trim(): null

26-05-2025T09:31:43 - [TEST_STEP][PASSED] - if (m == ""): null

26-05-2025T09:31:43 - [TEST_STEP][PASSED] - dashboardName = "Выполнение бизнес-плана": null

26-05-2025T09:31:43 - [TEST_STEP][PASSED] - workbook01 = getWorkbook(excelFilePath): null

26-05-2025T09:31:44 - [TEST_STEP][PASSED] - sheet01 = getExcelSheet(workbook01, sheetName): null

26-05-2025T09:31:44 - [TEST_STEP][PASSED] - setValueToCellByIndex(sheet01, n, 0, dashboardName): null

26-05-2025T09:31:44 - [TEST_STEP][PASSED] - setValueToCellByIndex(sheet01, n, 1, dZO): null

26-05-2025T09:31:44 - [TEST_STEP][PASSED] - setValueToCellByIndex(sheet01, n, 2, typeOfData): null

26-05-2025T09:31:44 - [TEST_STEP][PASSED] - if (typeOfData == "Факт в процентах" || typeOfData == "План в процентах"): null

26-05-2025T09:31:44 - [TEST_STEP][PASSED] - else: null

26-05-2025T09:31:44 - [TEST_STEP][PASSED] - setValueToCellByIndex(sheet01, n, 3, fileInt): null

26-05-2025T09:31:44 - [TEST_STEP][PASSED] - setValueToCellByIndex(sheet01, n, 4, pageInt): null

26-05-2025T09:31:44 - [TEST_STEP][PASSED] - setValueToCellByIndex(sheet01, n, 5, m): null

26-05-2025T09:31:44 - [TEST_STEP][PASSED] - setValueToCellByIndex(sheet01, n, 6, y): null

26-05-2025T09:31:44 - [TEST_STEP][PASSED] - setValueToCellByIndex(sheet01, n, 7, todaysDate): null

26-05-2025T09:31:44 - [TEST_STEP][PASSED] - n = n + 1: null

26-05-2025T09:31:44 - [TEST_STEP][PASSED] - saveWorkbook(excelFilePath, workbook01): null

26-05-2025T09:31:44 - [TEST_STEP][PASSED] - compare = pagePoteri: null

26-05-2025T09:31:44 - [TEST_STEP][PASSED] - if (pageOtpuskVSet != null): null

26-05-2025T09:31:44 - [TEST_STEP][PASSED] - if (compare == filePoteri): null

26-05-2025T09:31:44 - [TEST_STEP][PASSED] - else if (compare > filePoteri): null

26-05-2025T09:31:44 - [TEST_STEP][PASSED] - else if (compare < filePoteri): null

26-05-2025T09:31:44 - [TEST_STEP][PASSED] - compare = compare + 1: null

26-05-2025T09:31:44 - [TEST_STEP][PASSED] - if (compare == filePoteri): null

26-05-2025T09:31:44 - [TEST_STEP][PASSED] - else: null

26-05-2025T09:31:44 - [TEST_STEP][PASSED] - numberOfErrors = numberOfErrors + 1: null

26-05-2025T09:31:44 - [TEST_STEP][PASSED] - pageInt = pagePoteri: null

26-05-2025T09:31:44 - [TEST_STEP][PASSED] - fileInt = filePoteri: null

26-05-2025T09:31:44 - [TEST_STEP][PASSED] - typeOfData = typeOfDataMain + " Потери": null

26-05-2025T09:31:44 - [TEST_STEP][PASSED] - Script1718980020443.WriteToExcel(a, typeOfData, todaysDate, pageInt, fileInt, pageDouble, fileDouble, dZO): null

26-05-2025T09:31:44 - [TEST_STEP][PASSED] - sheetName = "Sheet1": null

26-05-2025T09:31:44 - [TEST_STEP][PASSED] - data = findTestData("PlanFact"): null

26-05-2025T09:31:44 - [TEST_STEP][PASSED] - n = data.getRowNumbers() + 1: null

26-05-2025T09:31:44 - [TEST_STEP][PASSED] - day = ")).toInteger(): null

26-05-2025T09:31:44 - [TEST_STEP][PASSED] - println(day): null

26-05-2025T09:31:44 - [TEST_STEP][PASSED] - month = ")).toInteger(): null

26-05-2025T09:31:44 - [TEST_STEP][PASSED] - println(month): null

26-05-2025T09:31:44 - [TEST_STEP][PASSED] - y = <not implemented yet for class: org.codehaus.groovy.ast.expr.EmptyExpression>: null

26-05-2025T09:31:44 - [TEST_STEP][PASSED] - iy = <not implemented yet for class: org.codehaus.groovy.ast.expr.EmptyExpression>: null

26-05-2025T09:31:44 - [TEST_STEP][PASSED] - m = getText(findTestObject("Выполнение бизнес-плана/Период")): Text of object 'Object Repository/Выполнение бизнес-плана/Период' is: '1 кв. 2025 года'

26-05-2025T09:31:44 - [MESSAGE][PASSED] - Text of object 'Object Repository/Выполнение бизнес-плана/Период' is: '1 кв. 2025 года'

26-05-2025T09:31:44 - [TEST_STEP][PASSED] - iy = m.indexOf("20"): null

26-05-2025T09:31:44 - [TEST_STEP][PASSED] - if (iy > -1): null

26-05-2025T09:31:44 - [TEST_STEP][PASSED] - y = substring(iy, iy + 4).toInteger(): null

26-05-2025T09:31:44 - [TEST_STEP][PASSED] - println(y): null

26-05-2025T09:31:44 - [TEST_STEP][PASSED] - if (toString().length() == 4): null

26-05-2025T09:31:44 - [TEST_STEP][PASSED] - m = m.substring(0, m.indexOf(y.toString())): null

26-05-2025T09:31:44 - [TEST_STEP][PASSED] - m = m.trim(): null

26-05-2025T09:31:44 - [TEST_STEP][PASSED] - if (m == ""): null

26-05-2025T09:31:44 - [TEST_STEP][PASSED] - dashboardName = "Выполнение бизнес-плана": null

26-05-2025T09:31:44 - [TEST_STEP][PASSED] - workbook01 = getWorkbook(excelFilePath): null

26-05-2025T09:31:44 - [TEST_STEP][PASSED] - sheet01 = getExcelSheet(workbook01, sheetName): null

26-05-2025T09:31:44 - [TEST_STEP][PASSED] - setValueToCellByIndex(sheet01, n, 0, dashboardName): null

26-05-2025T09:31:44 - [TEST_STEP][PASSED] - setValueToCellByIndex(sheet01, n, 1, dZO): null

26-05-2025T09:31:44 - [TEST_STEP][PASSED] - setValueToCellByIndex(sheet01, n, 2, typeOfData): null

26-05-2025T09:31:44 - [TEST_STEP][PASSED] - if (typeOfData == "Факт в процентах" || typeOfData == "План в процентах"): null

26-05-2025T09:31:44 - [TEST_STEP][PASSED] - else: null

26-05-2025T09:31:44 - [TEST_STEP][PASSED] - setValueToCellByIndex(sheet01, n, 3, fileInt): null

26-05-2025T09:31:44 - [TEST_STEP][PASSED] - setValueToCellByIndex(sheet01, n, 4, pageInt): null

26-05-2025T09:31:44 - [TEST_STEP][PASSED] - setValueToCellByIndex(sheet01, n, 5, m): null

26-05-2025T09:31:44 - [TEST_STEP][PASSED] - setValueToCellByIndex(sheet01, n, 6, y): null

26-05-2025T09:31:44 - [TEST_STEP][PASSED] - setValueToCellByIndex(sheet01, n, 7, todaysDate): null

26-05-2025T09:31:44 - [TEST_STEP][PASSED] - n = n + 1: null

26-05-2025T09:31:44 - [TEST_STEP][PASSED] - saveWorkbook(excelFilePath, workbook01): null

26-05-2025T09:31:44 - [TEST_STEP][PASSED] - if (planFact == 2): null

26-05-2025T09:31:44 - [TEST_STEP][PASSED] - if (planFact == 1): null

26-05-2025T09:31:44 - [TEST_STEP][PASSED] - else if (planFact == 2): null

26-05-2025T09:31:44 - [TEST_STEP][PASSED] - click(findTestObject("Выполнение бизнес-плана/Кнопка План")): Object: 'Object Repository/Выполнение бизнес-плана/Кнопка План' is clicked on

26-05-2025T09:31:45 - [MESSAGE][PASSED] - Object: 'Object Repository/Выполнение бизнес-плана/Кнопка План' is clicked on

26-05-2025T09:31:45 - [TEST_STEP][PASSED] - typeOfDataMain = "План": null

26-05-2025T09:31:45 - [TEST_STEP][PASSED] - otpusk = findTestData("PlanFact").getValue(2, a): null

26-05-2025T09:31:45 - [TEST_STEP][PASSED] - poteri = findTestData("PlanFact").getValue(3, a): null

26-05-2025T09:31:45 - [TEST_STEP][PASSED] - otpusk = otpusk.replaceAll("\s+", ""): null

26-05-2025T09:31:45 - [TEST_STEP][PASSED] - poteri = poteri.replaceAll("\s+", ""): null

26-05-2025T09:31:45 - [TEST_STEP][PASSED] - typeOfData = typeOfDataMain + " Отпуск в сеть": null

26-05-2025T09:31:45 - [TEST_STEP][PASSED] - if (a == 82): null

26-05-2025T09:31:45 - [TEST_STEP][PASSED] - else if (a == 84): null

26-05-2025T09:31:45 - [TEST_STEP][PASSED] - else if (a == 83 || a == 52 || a == 72 || a == 28 || a == 73 || a == 77 || a == 74 || a == 65 || a == 36 || a == 44 || a == 53 || a == 80 || a == 54 || a == 1 || a == 18 || a == 59 || a == 81): null

26-05-2025T09:31:45 - [TEST_STEP][PASSED] - path = dataFolder + "Table Data/" + typeOfData + " за отчётный период " + dzoNum: null

26-05-2025T09:31:45 - [TEST_STEP][PASSED] - println(path): null

26-05-2025T09:31:45 - [TEST_STEP][PASSED] - page = getText(findTestObject(path)): Text of object 'Object Repository/Выполнение бизнес-плана/Значения со страницы Выполнение бизнес-плана/Table Data/План Отпуск в сеть за отчётный период 2' is: '5 172 896'

26-05-2025T09:31:45 - [MESSAGE][PASSED] - Text of object 'Object Repository/Выполнение бизнес-плана/Значения со страницы Выполнение бизнес-плана/Table Data/План Отпуск в сеть за отчётный период 2' is: '5 172 896'

26-05-2025T09:31:45 - [TEST_STEP][PASSED] - if (page == "" || page == null): null

26-05-2025T09:31:45 - [TEST_STEP][PASSED] - else: null

26-05-2025T09:31:45 - [TEST_STEP][PASSED] - page = page.replaceAll("\s+", ""): null

26-05-2025T09:31:45 - [TEST_STEP][PASSED] - if (page == "undefined"): null

26-05-2025T09:31:45 - [TEST_STEP][PASSED] - fileOtpuskVSet = otpusk.toInteger(): null

26-05-2025T09:31:45 - [TEST_STEP][PASSED] - pageOtpuskVSet = page.toInteger(): null

26-05-2025T09:31:45 - [TEST_STEP][PASSED] - typeOfData = typeOfDataMain + " Потери": null

26-05-2025T09:31:45 - [TEST_STEP][PASSED] - if (a == 82): null

26-05-2025T09:31:45 - [TEST_STEP][PASSED] - else if (a == 84): null

26-05-2025T09:31:45 - [TEST_STEP][PASSED] - else if (a == 83 || a == 52 || a == 72 || a == 28 || a == 73 || a == 77 || a == 74 || a == 65 || a == 36 || a == 44 || a == 53 || a == 80 || a == 54 || a == 1 || a == 18 || a == 59 || a == 81): null

26-05-2025T09:31:45 - [TEST_STEP][PASSED] - path = dataFolder + "Table Data/" + typeOfData + " за отчётный период " + dzoNum: null

26-05-2025T09:31:45 - [TEST_STEP][PASSED] - page = getText(findTestObject(path)): Text of object 'Object Repository/Выполнение бизнес-плана/Значения со страницы Выполнение бизнес-плана/Table Data/План Потери за отчётный период 2' is: '373 314'

26-05-2025T09:31:45 - [MESSAGE][PASSED] - Text of object 'Object Repository/Выполнение бизнес-плана/Значения со страницы Выполнение бизнес-плана/Table Data/План Потери за отчётный период 2' is: '373 314'

26-05-2025T09:31:45 - [TEST_STEP][PASSED] - if (page == "" || page == null): null

26-05-2025T09:31:45 - [TEST_STEP][PASSED] - else: null

26-05-2025T09:31:45 - [TEST_STEP][PASSED] - page = page.replaceAll("\s+", ""): null

26-05-2025T09:31:45 - [TEST_STEP][PASSED] - if (page == "undefined"): null

26-05-2025T09:31:45 - [TEST_STEP][PASSED] - filePoteri = poteri.toInteger(): null

26-05-2025T09:31:45 - [TEST_STEP][PASSED] - pagePoteri = page.toInteger(): null

26-05-2025T09:31:45 - [TEST_STEP][PASSED] - compare = pageOtpuskVSet: null

26-05-2025T09:31:45 - [TEST_STEP][PASSED] - if (pageOtpuskVSet != null): null

26-05-2025T09:31:45 - [TEST_STEP][PASSED] - if (compare == fileOtpuskVSet): null

26-05-2025T09:31:45 - [TEST_STEP][PASSED] - else if (compare > fileOtpuskVSet): null

26-05-2025T09:31:45 - [TEST_STEP][PASSED] - else if (compare < fileOtpuskVSet): null

26-05-2025T09:31:45 - [TEST_STEP][PASSED] - compare = compare + 1: null

26-05-2025T09:31:45 - [TEST_STEP][PASSED] - if (compare == fileOtpuskVSet): null

26-05-2025T09:31:45 - [TEST_STEP][PASSED] - else: null

26-05-2025T09:31:45 - [TEST_STEP][PASSED] - numberOfErrors = numberOfErrors + 1: null

26-05-2025T09:31:45 - [TEST_STEP][PASSED] - pageInt = pageOtpuskVSet: null

26-05-2025T09:31:45 - [TEST_STEP][PASSED] - fileInt = fileOtpuskVSet: null

26-05-2025T09:31:45 - [TEST_STEP][PASSED] - typeOfData = typeOfDataMain + " Отпуск в сеть": null

26-05-2025T09:31:45 - [TEST_STEP][PASSED] - Script1718980020443.WriteToExcel(a, typeOfData, todaysDate, pageInt, fileInt, pageDouble, fileDouble, dZO): null

26-05-2025T09:31:45 - [TEST_STEP][PASSED] - sheetName = "Sheet1": null

26-05-2025T09:31:45 - [TEST_STEP][PASSED] - data = findTestData("PlanFact"): null

26-05-2025T09:31:45 - [TEST_STEP][PASSED] - n = data.getRowNumbers() + 1: null

26-05-2025T09:31:45 - [TEST_STEP][PASSED] - day = ")).toInteger(): null

26-05-2025T09:31:45 - [TEST_STEP][PASSED] - println(day): null

26-05-2025T09:31:45 - [TEST_STEP][PASSED] - month = ")).toInteger(): null

26-05-2025T09:31:45 - [TEST_STEP][PASSED] - println(month): null

26-05-2025T09:31:45 - [TEST_STEP][PASSED] - y = <not implemented yet for class: org.codehaus.groovy.ast.expr.EmptyExpression>: null

26-05-2025T09:31:45 - [TEST_STEP][PASSED] - iy = <not implemented yet for class: org.codehaus.groovy.ast.expr.EmptyExpression>: null

26-05-2025T09:31:45 - [TEST_STEP][PASSED] - m = getText(findTestObject("Выполнение бизнес-плана/Период")): Text of object 'Object Repository/Выполнение бизнес-плана/Период' is: '1 кв. 2025 года'

26-05-2025T09:31:46 - [MESSAGE][PASSED] - Text of object 'Object Repository/Выполнение бизнес-плана/Период' is: '1 кв. 2025 года'

26-05-2025T09:31:46 - [TEST_STEP][PASSED] - iy = m.indexOf("20"): null

26-05-2025T09:31:46 - [TEST_STEP][PASSED] - if (iy > -1): null

26-05-2025T09:31:46 - [TEST_STEP][PASSED] - y = substring(iy, iy + 4).toInteger(): null

26-05-2025T09:31:46 - [TEST_STEP][PASSED] - println(y): null

26-05-2025T09:31:46 - [TEST_STEP][PASSED] - if (toString().length() == 4): null

26-05-2025T09:31:46 - [TEST_STEP][PASSED] - m = m.substring(0, m.indexOf(y.toString())): null

26-05-2025T09:31:46 - [TEST_STEP][PASSED] - m = m.trim(): null

26-05-2025T09:31:46 - [TEST_STEP][PASSED] - if (m == ""): null

26-05-2025T09:31:46 - [TEST_STEP][PASSED] - dashboardName = "Выполнение бизнес-плана": null

26-05-2025T09:31:46 - [TEST_STEP][PASSED] - workbook01 = getWorkbook(excelFilePath): null

26-05-2025T09:31:46 - [TEST_STEP][PASSED] - sheet01 = getExcelSheet(workbook01, sheetName): null

26-05-2025T09:31:46 - [TEST_STEP][PASSED] - setValueToCellByIndex(sheet01, n, 0, dashboardName): null

26-05-2025T09:31:46 - [TEST_STEP][PASSED] - setValueToCellByIndex(sheet01, n, 1, dZO): null

26-05-2025T09:31:46 - [TEST_STEP][PASSED] - setValueToCellByIndex(sheet01, n, 2, typeOfData): null

26-05-2025T09:31:46 - [TEST_STEP][PASSED] - if (typeOfData == "Факт в процентах" || typeOfData == "План в процентах"): null

26-05-2025T09:31:46 - [TEST_STEP][PASSED] - else: null

26-05-2025T09:31:46 - [TEST_STEP][PASSED] - setValueToCellByIndex(sheet01, n, 3, fileInt): null

26-05-2025T09:31:46 - [TEST_STEP][PASSED] - setValueToCellByIndex(sheet01, n, 4, pageInt): null

26-05-2025T09:31:46 - [TEST_STEP][PASSED] - setValueToCellByIndex(sheet01, n, 5, m): null

26-05-2025T09:31:46 - [TEST_STEP][PASSED] - setValueToCellByIndex(sheet01, n, 6, y): null

26-05-2025T09:31:46 - [TEST_STEP][PASSED] - setValueToCellByIndex(sheet01, n, 7, todaysDate): null

26-05-2025T09:31:46 - [TEST_STEP][PASSED] - n = n + 1: null

26-05-2025T09:31:46 - [TEST_STEP][PASSED] - saveWorkbook(excelFilePath, workbook01): null

26-05-2025T09:31:46 - [TEST_STEP][PASSED] - compare = pagePoteri: null

26-05-2025T09:31:46 - [TEST_STEP][PASSED] - if (pageOtpuskVSet != null): null

26-05-2025T09:31:46 - [TEST_STEP][PASSED] - if (compare == filePoteri): null

26-05-2025T09:31:46 - [TEST_STEP][PASSED] - else if (compare > filePoteri): null

26-05-2025T09:31:46 - [TEST_STEP][PASSED] - else if (compare < filePoteri): null

26-05-2025T09:31:46 - [TEST_STEP][PASSED] - compare = compare + 1: null

26-05-2025T09:31:46 - [TEST_STEP][PASSED] - if (compare == filePoteri): null

26-05-2025T09:31:46 - [TEST_STEP][PASSED] - else: null

26-05-2025T09:31:46 - [TEST_STEP][PASSED] - numberOfErrors = numberOfErrors + 1: null

26-05-2025T09:31:46 - [TEST_STEP][PASSED] - pageInt = pagePoteri: null

26-05-2025T09:31:46 - [TEST_STEP][PASSED] - fileInt = filePoteri: null

26-05-2025T09:31:46 - [TEST_STEP][PASSED] - typeOfData = typeOfDataMain + " Потери": null

26-05-2025T09:31:46 - [TEST_STEP][PASSED] - Script1718980020443.WriteToExcel(a, typeOfData, todaysDate, pageInt, fileInt, pageDouble, fileDouble, dZO): null

26-05-2025T09:31:46 - [TEST_STEP][PASSED] - sheetName = "Sheet1": null

26-05-2025T09:31:46 - [TEST_STEP][PASSED] - data = findTestData("PlanFact"): null

26-05-2025T09:31:46 - [TEST_STEP][PASSED] - n = data.getRowNumbers() + 1: null

26-05-2025T09:31:46 - [TEST_STEP][PASSED] - day = ")).toInteger(): null

26-05-2025T09:31:46 - [TEST_STEP][PASSED] - println(day): null

26-05-2025T09:31:46 - [TEST_STEP][PASSED] - month = ")).toInteger(): null

26-05-2025T09:31:46 - [TEST_STEP][PASSED] - println(month): null

26-05-2025T09:31:46 - [TEST_STEP][PASSED] - y = <not implemented yet for class: org.codehaus.groovy.ast.expr.EmptyExpression>: null

26-05-2025T09:31:46 - [TEST_STEP][PASSED] - iy = <not implemented yet for class: org.codehaus.groovy.ast.expr.EmptyExpression>: null

26-05-2025T09:31:46 - [TEST_STEP][PASSED] - m = getText(findTestObject("Выполнение бизнес-плана/Период")): Text of object 'Object Repository/Выполнение бизнес-плана/Период' is: '1 кв. 2025 года'

26-05-2025T09:31:46 - [MESSAGE][PASSED] - Text of object 'Object Repository/Выполнение бизнес-плана/Период' is: '1 кв. 2025 года'

26-05-2025T09:31:46 - [TEST_STEP][PASSED] - iy = m.indexOf("20"): null

26-05-2025T09:31:46 - [TEST_STEP][PASSED] - if (iy > -1): null

26-05-2025T09:31:46 - [TEST_STEP][PASSED] - y = substring(iy, iy + 4).toInteger(): null

26-05-2025T09:31:46 - [TEST_STEP][PASSED] - println(y): null

26-05-2025T09:31:46 - [TEST_STEP][PASSED] - if (toString().length() == 4): null

26-05-2025T09:31:46 - [TEST_STEP][PASSED] - m = m.substring(0, m.indexOf(y.toString())): null

26-05-2025T09:31:46 - [TEST_STEP][PASSED] - m = m.trim(): null

26-05-2025T09:31:46 - [TEST_STEP][PASSED] - if (m == ""): null

26-05-2025T09:31:46 - [TEST_STEP][PASSED] - dashboardName = "Выполнение бизнес-плана": null

26-05-2025T09:31:46 - [TEST_STEP][PASSED] - workbook01 = getWorkbook(excelFilePath): null

26-05-2025T09:31:46 - [TEST_STEP][PASSED] - sheet01 = getExcelSheet(workbook01, sheetName): null

26-05-2025T09:31:46 - [TEST_STEP][PASSED] - setValueToCellByIndex(sheet01, n, 0, dashboardName): null

26-05-2025T09:31:46 - [TEST_STEP][PASSED] - setValueToCellByIndex(sheet01, n, 1, dZO): null

26-05-2025T09:31:46 - [TEST_STEP][PASSED] - setValueToCellByIndex(sheet01, n, 2, typeOfData): null

26-05-2025T09:31:46 - [TEST_STEP][PASSED] - if (typeOfData == "Факт в процентах" || typeOfData == "План в процентах"): null

26-05-2025T09:31:46 - [TEST_STEP][PASSED] - else: null

26-05-2025T09:31:46 - [TEST_STEP][PASSED] - setValueToCellByIndex(sheet01, n, 3, fileInt): null

26-05-2025T09:31:46 - [TEST_STEP][PASSED] - setValueToCellByIndex(sheet01, n, 4, pageInt): null

26-05-2025T09:31:46 - [TEST_STEP][PASSED] - setValueToCellByIndex(sheet01, n, 5, m): null

26-05-2025T09:31:46 - [TEST_STEP][PASSED] - setValueToCellByIndex(sheet01, n, 6, y): null

26-05-2025T09:31:46 - [TEST_STEP][PASSED] - setValueToCellByIndex(sheet01, n, 7, todaysDate): null

26-05-2025T09:31:46 - [TEST_STEP][PASSED] - n = n + 1: null

26-05-2025T09:31:46 - [TEST_STEP][PASSED] - saveWorkbook(excelFilePath, workbook01): Object: 'Object Repository/Выполнение бизнес-плана/Кнопка Факт' is clicked on

26-05-2025T09:31:47 - [TEST_STEP][PASSED] - if (planFact == 2): Object: 'Object Repository/Выполнение бизнес-плана/Кнопка Факт' is clicked on

26-05-2025T09:31:47 - [TEST_STEP][PASSED] - click(findTestObject("Выполнение бизнес-плана/Кнопка Факт")): Object: 'Object Repository/Выполнение бизнес-плана/Кнопка Факт' is clicked on

26-05-2025T09:31:47 - [MESSAGE][PASSED] - Object: 'Object Repository/Выполнение бизнес-плана/Кнопка Факт' is clicked on

26-05-2025T09:31:47 - [TEST_STEP][PASSED] - println("a=" + a): null

26-05-2025T09:31:47 - [TEST_STEP][PASSED] - if (a == 84 || a == 82): null

26-05-2025T09:31:47 - [TEST_STEP][PASSED] - else if (a == 83 || a == 52 || a == 72 || a == 28 || a == 73 || a == 77 || a == 74 || a == 65 || a == 36 || a == 44 || a == 53 || a == 80 || a == 54 || a == 1 || a == 18 || a == 59 || a == 81): null

26-05-2025T09:31:47 - [TEST_STEP][PASSED] - page1 = getText(findTestObject("Object Repository/Выполнение бизнес-плана/spanPlan" + dzoNum)): Text of object 'Object Repository/Выполнение бизнес-плана/spanPlan2' is: '7.22
|'

26-05-2025T09:31:47 - [MESSAGE][PASSED] - Text of object 'Object Repository/Выполнение бизнес-плана/spanPlan2' is: '7.22
|'

26-05-2025T09:31:47 - [TEST_STEP][PASSED] - page1 = page1.replace("|", ""): null

26-05-2025T09:31:47 - [TEST_STEP][PASSED] - page2 = getText(findTestObject("Object Repository/Выполнение бизнес-плана/spanFact" + dzoNum)): Text of object 'Object Repository/Выполнение бизнес-плана/spanFact2' is: '6.22'

26-05-2025T09:31:48 - [MESSAGE][PASSED] - Text of object 'Object Repository/Выполнение бизнес-плана/spanFact2' is: '6.22'

26-05-2025T09:31:48 - [TEST_STEP][PASSED] - page2 = page2.replace("|", ""): null

26-05-2025T09:31:48 - [TEST_STEP][PASSED] - println("page1: " + page1): null

26-05-2025T09:31:48 - [TEST_STEP][PASSED] - println("page2: " + page2): null

26-05-2025T09:31:48 - [TEST_STEP][PASSED] - file = findTestData("PlanFact").getValue(4, a): null

26-05-2025T09:31:48 - [TEST_STEP][PASSED] - file = file.replace(",", "."): null

26-05-2025T09:31:48 - [TEST_STEP][PASSED] - println("file Plan: " + file): null

26-05-2025T09:31:48 - [TEST_STEP][PASSED] - typeOfData = "План в процентах": null

26-05-2025T09:31:48 - [TEST_STEP][PASSED] - fileDouble = file.toDouble(): null

26-05-2025T09:31:48 - [TEST_STEP][PASSED] - pageDouble = page1.toDouble(): null

26-05-2025T09:31:48 - [TEST_STEP][PASSED] - if (fileDouble != pageDouble): null

26-05-2025T09:31:48 - [TEST_STEP][PASSED] - numberOfErrors = numberOfErrors + 1: null

26-05-2025T09:31:48 - [TEST_STEP][PASSED] - Script1718980020443.WriteToExcel(a, typeOfData, todaysDate, pageInt, fileInt, pageDouble, fileDouble, dZO): null

26-05-2025T09:31:48 - [TEST_STEP][PASSED] - sheetName = "Sheet1": null

26-05-2025T09:31:48 - [TEST_STEP][PASSED] - data = findTestData("PlanFact"): null

26-05-2025T09:31:48 - [TEST_STEP][PASSED] - n = data.getRowNumbers() + 1: null

26-05-2025T09:31:48 - [TEST_STEP][PASSED] - day = ")).toInteger(): null

26-05-2025T09:31:48 - [TEST_STEP][PASSED] - println(day): null

26-05-2025T09:31:48 - [TEST_STEP][PASSED] - month = ")).toInteger(): null

26-05-2025T09:31:48 - [TEST_STEP][PASSED] - println(month): null

26-05-2025T09:31:48 - [TEST_STEP][PASSED] - y = <not implemented yet for class: org.codehaus.groovy.ast.expr.EmptyExpression>: null

26-05-2025T09:31:48 - [TEST_STEP][PASSED] - iy = <not implemented yet for class: org.codehaus.groovy.ast.expr.EmptyExpression>: null

26-05-2025T09:31:48 - [TEST_STEP][PASSED] - m = getText(findTestObject("Выполнение бизнес-плана/Период")): Text of object 'Object Repository/Выполнение бизнес-плана/Период' is: '1 кв. 2025 года'

26-05-2025T09:31:48 - [MESSAGE][PASSED] - Text of object 'Object Repository/Выполнение бизнес-плана/Период' is: '1 кв. 2025 года'

26-05-2025T09:31:48 - [TEST_STEP][PASSED] - iy = m.indexOf("20"): null

26-05-2025T09:31:48 - [TEST_STEP][PASSED] - if (iy > -1): null

26-05-2025T09:31:48 - [TEST_STEP][PASSED] - y = substring(iy, iy + 4).toInteger(): null

26-05-2025T09:31:48 - [TEST_STEP][PASSED] - println(y): null

26-05-2025T09:31:48 - [TEST_STEP][PASSED] - if (toString().length() == 4): null

26-05-2025T09:31:48 - [TEST_STEP][PASSED] - m = m.substring(0, m.indexOf(y.toString())): null

26-05-2025T09:31:48 - [TEST_STEP][PASSED] - m = m.trim(): null

26-05-2025T09:31:48 - [TEST_STEP][PASSED] - if (m == ""): null

26-05-2025T09:31:48 - [TEST_STEP][PASSED] - dashboardName = "Выполнение бизнес-плана": null

26-05-2025T09:31:48 - [TEST_STEP][PASSED] - workbook01 = getWorkbook(excelFilePath): null

26-05-2025T09:31:48 - [TEST_STEP][PASSED] - sheet01 = getExcelSheet(workbook01, sheetName): null

26-05-2025T09:31:48 - [TEST_STEP][PASSED] - setValueToCellByIndex(sheet01, n, 0, dashboardName): null

26-05-2025T09:31:48 - [TEST_STEP][PASSED] - setValueToCellByIndex(sheet01, n, 1, dZO): null

26-05-2025T09:31:48 - [TEST_STEP][PASSED] - setValueToCellByIndex(sheet01, n, 2, typeOfData): null

26-05-2025T09:31:48 - [TEST_STEP][PASSED] - if (typeOfData == "Факт в процентах" || typeOfData == "План в процентах"): null

26-05-2025T09:31:48 - [TEST_STEP][PASSED] - setValueToCellByIndex(sheet01, n, 3, fileDouble): null

26-05-2025T09:31:48 - [TEST_STEP][PASSED] - setValueToCellByIndex(sheet01, n, 4, pageDouble): null

26-05-2025T09:31:48 - [TEST_STEP][PASSED] - setValueToCellByIndex(sheet01, n, 5, m): null

26-05-2025T09:31:48 - [TEST_STEP][PASSED] - setValueToCellByIndex(sheet01, n, 6, y): null

26-05-2025T09:31:48 - [TEST_STEP][PASSED] - setValueToCellByIndex(sheet01, n, 7, todaysDate): null

26-05-2025T09:31:48 - [TEST_STEP][PASSED] - n = n + 1: null

26-05-2025T09:31:48 - [TEST_STEP][PASSED] - saveWorkbook(excelFilePath, workbook01): null

26-05-2025T09:31:48 - [TEST_STEP][PASSED] - file = findTestData("PlanFact").getValue(7, a): null

26-05-2025T09:31:48 - [TEST_STEP][PASSED] - file = file.replace(",", "."): null

26-05-2025T09:31:48 - [TEST_STEP][PASSED] - println("file Fact: " + file): null

26-05-2025T09:31:48 - [TEST_STEP][PASSED] - fileDouble = file.toDouble(): null

26-05-2025T09:31:48 - [TEST_STEP][PASSED] - typeOfData = "Факт в процентах": null

26-05-2025T09:31:48 - [TEST_STEP][PASSED] - fileDouble = file.toDouble(): null

26-05-2025T09:31:48 - [TEST_STEP][PASSED] - pageDouble = page2.toDouble(): null

26-05-2025T09:31:48 - [TEST_STEP][PASSED] - if (fileDouble != pageDouble): null

26-05-2025T09:31:48 - [TEST_STEP][PASSED] - numberOfErrors = numberOfErrors + 1: null

26-05-2025T09:31:48 - [TEST_STEP][PASSED] - Script1718980020443.WriteToExcel(a, typeOfData, todaysDate, pageInt, fileInt, pageDouble, fileDouble, dZO): null

26-05-2025T09:31:48 - [TEST_STEP][PASSED] - sheetName = "Sheet1": null

26-05-2025T09:31:48 - [TEST_STEP][PASSED] - data = findTestData("PlanFact"): null

26-05-2025T09:31:48 - [TEST_STEP][PASSED] - n = data.getRowNumbers() + 1: null

26-05-2025T09:31:48 - [TEST_STEP][PASSED] - day = ")).toInteger(): null

26-05-2025T09:31:48 - [TEST_STEP][PASSED] - println(day): null

26-05-2025T09:31:48 - [TEST_STEP][PASSED] - month = ")).toInteger(): null

26-05-2025T09:31:48 - [TEST_STEP][PASSED] - println(month): null

26-05-2025T09:31:48 - [TEST_STEP][PASSED] - y = <not implemented yet for class: org.codehaus.groovy.ast.expr.EmptyExpression>: null

26-05-2025T09:31:48 - [TEST_STEP][PASSED] - iy = <not implemented yet for class: org.codehaus.groovy.ast.expr.EmptyExpression>: null

26-05-2025T09:31:48 - [TEST_STEP][PASSED] - m = getText(findTestObject("Выполнение бизнес-плана/Период")): Text of object 'Object Repository/Выполнение бизнес-плана/Период' is: '1 кв. 2025 года'

26-05-2025T09:31:49 - [MESSAGE][PASSED] - Text of object 'Object Repository/Выполнение бизнес-плана/Период' is: '1 кв. 2025 года'

26-05-2025T09:31:49 - [TEST_STEP][PASSED] - iy = m.indexOf("20"): null

26-05-2025T09:31:49 - [TEST_STEP][PASSED] - if (iy > -1): null

26-05-2025T09:31:49 - [TEST_STEP][PASSED] - y = substring(iy, iy + 4).toInteger(): null

26-05-2025T09:31:49 - [TEST_STEP][PASSED] - println(y): null

26-05-2025T09:31:49 - [TEST_STEP][PASSED] - if (toString().length() == 4): null

26-05-2025T09:31:49 - [TEST_STEP][PASSED] - m = m.substring(0, m.indexOf(y.toString())): null

26-05-2025T09:31:49 - [TEST_STEP][PASSED] - m = m.trim(): null

26-05-2025T09:31:49 - [TEST_STEP][PASSED] - if (m == ""): null

26-05-2025T09:31:49 - [TEST_STEP][PASSED] - dashboardName = "Выполнение бизнес-плана": null

26-05-2025T09:31:49 - [TEST_STEP][PASSED] - workbook01 = getWorkbook(excelFilePath): null

26-05-2025T09:31:49 - [TEST_STEP][PASSED] - sheet01 = getExcelSheet(workbook01, sheetName): null

26-05-2025T09:31:49 - [TEST_STEP][PASSED] - setValueToCellByIndex(sheet01, n, 0, dashboardName): null

26-05-2025T09:31:49 - [TEST_STEP][PASSED] - setValueToCellByIndex(sheet01, n, 1, dZO): null

26-05-2025T09:31:49 - [TEST_STEP][PASSED] - setValueToCellByIndex(sheet01, n, 2, typeOfData): null

26-05-2025T09:31:49 - [TEST_STEP][PASSED] - if (typeOfData == "Факт в процентах" || typeOfData == "План в процентах"): null

26-05-2025T09:31:49 - [TEST_STEP][PASSED] - setValueToCellByIndex(sheet01, n, 3, fileDouble): null

26-05-2025T09:31:49 - [TEST_STEP][PASSED] - setValueToCellByIndex(sheet01, n, 4, pageDouble): null

26-05-2025T09:31:49 - [TEST_STEP][PASSED] - setValueToCellByIndex(sheet01, n, 5, m): null

26-05-2025T09:31:49 - [TEST_STEP][PASSED] - setValueToCellByIndex(sheet01, n, 6, y): null

26-05-2025T09:31:49 - [TEST_STEP][PASSED] - setValueToCellByIndex(sheet01, n, 7, todaysDate): null

26-05-2025T09:31:49 - [TEST_STEP][PASSED] - n = n + 1: null

26-05-2025T09:31:49 - [TEST_STEP][PASSED] - saveWorkbook(excelFilePath, workbook01): null

26-05-2025T09:31:49 - [TEST_STEP][FAILED] - if (verifyEqual(numberOfErrors, 0) == false): null

26-05-2025T09:31:49 - [MESSAGE][FAILED] - Unable to verify equal between actual object '6' and expected object '0' (Root cause: com.kms.katalon.core.exception.StepFailedException: Actual object '6' and expected object '0' are not equal
	at com.kms.katalon.core.keyword.builtin.VerifyEqualKeyword$_verifyEqual_closure1.doCall(VerifyEqualKeyword.groovy:58)
	at com.kms.katalon.core.keyword.builtin.VerifyEqualKeyword$_verifyEqual_closure1.call(VerifyEqualKeyword.groovy)
	at com.kms.katalon.core.keyword.internal.KeywordMain.runKeyword(KeywordMain.groovy:75)
	at com.kms.katalon.core.keyword.builtin.VerifyEqualKeyword.verifyEqual(VerifyEqualKeyword.groovy:63)
	at com.kms.katalon.core.keyword.builtin.VerifyEqualKeyword.execute(VerifyEqualKeyword.groovy:44)
	at com.kms.katalon.core.keyword.internal.KeywordExecutor.executeKeywordForPlatform(KeywordExecutor.groovy:74)
	at com.kms.katalon.core.keyword.BuiltinKeywords.verifyEqual(BuiltinKeywords.groovy:146)
	at jdk.internal.reflect.GeneratedMethodAccessor23.invoke(Unknown Source)
	at java.base/jdk.internal.reflect.DelegatingMethodAccessorImpl.invoke(DelegatingMethodAccessorImpl.java:43)
	at Выполнение бизнес-плана Сверка ПАО Россети все филиалы.Numbers(Выполнение бизнес-плана Сверка ПАО Россети все филиалы:749)
	at Выполнение бизнес-плана Сверка ПАО Россети все филиалы.run(Выполнение бизнес-плана Сверка ПАО Россети все филиалы:227)
	at com.kms.katalon.core.main.ScriptEngine.run(ScriptEngine.java:194)
	at com.kms.katalon.core.main.ScriptEngine.runScriptAsRawText(ScriptEngine.java:119)
	at com.kms.katalon.core.main.TestCaseExecutor.runScript(TestCaseExecutor.java:448)
	at com.kms.katalon.core.main.TestCaseExecutor.doExecute(TestCaseExecutor.java:439)
	at com.kms.katalon.core.main.TestCaseExecutor.processExecutionPhase(TestCaseExecutor.java:418)
	at com.kms.katalon.core.main.TestCaseExecutor.accessMainPhase(TestCaseExecutor.java:410)
	at com.kms.katalon.core.main.TestCaseExecutor.execute(TestCaseExecutor.java:285)
	at com.kms.katalon.core.common.CommonExecutor.accessTestCaseMainPhase(CommonExecutor.java:65)
	at com.kms.katalon.core.main.TestSuiteExecutor.accessTestSuiteMainPhase(TestSuiteExecutor.java:150)
	at com.kms.katalon.core.main.TestSuiteExecutor.execute(TestSuiteExecutor.java:106)
	at com.kms.katalon.core.main.TestCaseMain.startTestSuite(TestCaseMain.java:180)
	at TempTestSuite1748228991768.run(TempTestSuite1748228991768.groovy:35)
	at java.base/jdk.internal.reflect.NativeMethodAccessorImpl.invoke0(Native Method)
	at java.base/jdk.internal.reflect.NativeMethodAccessorImpl.invoke(NativeMethodAccessorImpl.java:77)
	at java.base/jdk.internal.reflect.DelegatingMethodAccessorImpl.invoke(DelegatingMethodAccessorImpl.java:43)
)

26-05-2025T09:31:49 - [TEST_STEP][PASSED] - println(numberOfErrors): null

26-05-2025T09:31:49 - [TEST_STEP][PASSED] - println("a=" + a): null

26-05-2025T09:31:49 - [TEST_STEP][PASSED] - if (a == 28 || a == 77 || a == 74 || a == 65 || a == 36 || a == 44 || a == 54 || a == 1 || a == 18 || a == 59): null

26-05-2025T09:31:49 - [TEST_STEP][PASSED] - Script1718980020443.Filials(a, typeOfData, todaysDate, pageInt, fileInt, pageDouble, fileDouble, dZO, dzoNum, filialNum): null

26-05-2025T09:31:49 - [TEST_STEP][PASSED] - i = <not implemented yet for class: org.codehaus.groovy.ast.expr.EmptyExpression>: null

26-05-2025T09:31:49 - [TEST_STEP][PASSED] - c = <not implemented yet for class: org.codehaus.groovy.ast.expr.EmptyExpression>: null

26-05-2025T09:31:49 - [TEST_STEP][PASSED] - page = <not implemented yet for class: org.codehaus.groovy.ast.expr.EmptyExpression>: null

26-05-2025T09:31:49 - [TEST_STEP][PASSED] - println(dZO): null

26-05-2025T09:31:49 - [TEST_STEP][PASSED] - reducedDZO = <not implemented yet for class: org.codehaus.groovy.ast.expr.EmptyExpression>: null

26-05-2025T09:31:49 - [TEST_STEP][PASSED] - reducedDZO = dZO.substring(dZO.indexOf(" ") + 1, dZO.length()): null

26-05-2025T09:31:49 - [TEST_STEP][PASSED] - if (reducedDZO.contains(" ")): null

26-05-2025T09:31:49 - [TEST_STEP][PASSED] - println(reducedDZO): null

26-05-2025T09:31:49 - [TEST_STEP][PASSED] - dzoCut = <not implemented yet for class: org.codehaus.groovy.ast.expr.EmptyExpression>: null

26-05-2025T09:31:49 - [TEST_STEP][PASSED] - Script1718980020443.DZO(a): null

26-05-2025T09:31:49 - [TEST_STEP][PASSED] - delay(30): Delayed 30 second(s)

26-05-2025T09:32:19 - [MESSAGE][PASSED] - Delayed 30 second(s)

26-05-2025T09:32:19 - [TEST_STEP][PASSED] - Script1718980020443.OpenFilter(): null

26-05-2025T09:32:19 - [TEST_STEP][PASSED] - click(findTestObject("Object Repository/Выполнение бизнес-плана/Фильтр ДЗО")): Object: 'Object Repository/Выполнение бизнес-плана/Фильтр ДЗО' is clicked on

26-05-2025T09:32:19 - [MESSAGE][PASSED] - Object: 'Object Repository/Выполнение бизнес-плана/Фильтр ДЗО' is clicked on

26-05-2025T09:32:19 - [TEST_STEP][PASSED] - click(findTestObject("Выполнение бизнес-плана/Снять выделение в фильтре ДЗО")): Object: 'Object Repository/Выполнение бизнес-плана/Снять выделение в фильтре ДЗО' is clicked on

26-05-2025T09:32:20 - [MESSAGE][PASSED] - Object: 'Object Repository/Выполнение бизнес-плана/Снять выделение в фильтре ДЗО' is clicked on

26-05-2025T09:32:20 - [TEST_STEP][PASSED] - Script1718980020443.OpenRSK(): null

26-05-2025T09:32:20 - [TEST_STEP][PASSED] - click(findTestObject("Выполнение бизнес-плана/Раскрыть список ПАО Россети в фильтре ДЗО")): Object: 'Object Repository/Выполнение бизнес-плана/Раскрыть список ПАО Россети в фильтре ДЗО' is clicked on

26-05-2025T09:32:20 - [MESSAGE][PASSED] - Object: 'Object Repository/Выполнение бизнес-плана/Раскрыть список ПАО Россети в фильтре ДЗО' is clicked on

26-05-2025T09:32:20 - [TEST_STEP][PASSED] - click(findTestObject("Выполнение бизнес-плана/Раскрыть список РаспредКомплекс в фильтре ДЗО")): Object: 'Object Repository/Выполнение бизнес-плана/Раскрыть список РаспредКомплекс в фильтре ДЗО' is clicked on

26-05-2025T09:32:20 - [MESSAGE][PASSED] - Object: 'Object Repository/Выполнение бизнес-плана/Раскрыть список РаспредКомплекс в фильтре ДЗО' is clicked on

26-05-2025T09:32:20 - [TEST_STEP][PASSED] - if (a == 28): Object: 'Object Repository/Выполнение бизнес-плана/Россети Волга' is clicked on

26-05-2025T09:32:20 - [TEST_STEP][PASSED] - scrollToElement(findTestObject("Общие объекты/Раскрыть список Россети Волга"), 30): Scroll to object 'Object Repository/Общие объекты/Раскрыть список Россети Волга' successfully

26-05-2025T09:32:21 - [MESSAGE][PASSED] - Scroll to object 'Object Repository/Общие объекты/Раскрыть список Россети Волга' successfully

26-05-2025T09:32:21 - [TEST_STEP][PASSED] - click(findTestObject("Выполнение бизнес-плана/Россети Волга")): Object: 'Object Repository/Выполнение бизнес-плана/Россети Волга' is clicked on

26-05-2025T09:32:21 - [MESSAGE][PASSED] - Object: 'Object Repository/Выполнение бизнес-плана/Россети Волга' is clicked on

26-05-2025T09:32:21 - [TEST_STEP][PASSED] - if (a == 77): null

26-05-2025T09:32:21 - [TEST_STEP][PASSED] - if (a == 74): null

26-05-2025T09:32:21 - [TEST_STEP][PASSED] - if (a == 65): null

26-05-2025T09:32:21 - [TEST_STEP][PASSED] - if (a == 36): null

26-05-2025T09:32:21 - [TEST_STEP][PASSED] - if (a == 44): null

26-05-2025T09:32:21 - [TEST_STEP][PASSED] - if (a == 54): null

26-05-2025T09:32:21 - [TEST_STEP][PASSED] - if (a == 1): null

26-05-2025T09:32:21 - [TEST_STEP][PASSED] - if (a == 18): null

26-05-2025T09:32:21 - [TEST_STEP][PASSED] - if (a == 59): null

26-05-2025T09:32:21 - [TEST_STEP][PASSED] - Script1718980020443.CloseFilter(): null

26-05-2025T09:32:21 - [TEST_STEP][PASSED] - scrollToElement(findTestObject("Выполнение бизнес-плана/Заголовок дашборда"), 30): Scroll to object 'Object Repository/Выполнение бизнес-плана/Заголовок дашборда' successfully

26-05-2025T09:32:22 - [MESSAGE][PASSED] - Scroll to object 'Object Repository/Выполнение бизнес-плана/Заголовок дашборда' successfully

26-05-2025T09:32:22 - [TEST_STEP][PASSED] - click(findTestObject("Object Repository/Выполнение бизнес-плана/Применить в фильтре ДЗО")): Object: 'Object Repository/Выполнение бизнес-плана/Применить в фильтре ДЗО' is clicked on

26-05-2025T09:32:22 - [MESSAGE][PASSED] - Object: 'Object Repository/Выполнение бизнес-плана/Применить в фильтре ДЗО' is clicked on

26-05-2025T09:32:22 - [TEST_STEP][PASSED] - delay(30): Delayed 30 second(s)

26-05-2025T09:32:52 - [MESSAGE][PASSED] - Delayed 30 second(s)

26-05-2025T09:32:52 - [TEST_STEP][PASSED] - Script1718980020443.ZakrytOpoveshenie(): null

26-05-2025T09:32:52 - [TEST_STEP][PASSED] - delay(10): Delayed 10 second(s)

26-05-2025T09:33:02 - [MESSAGE][PASSED] - Delayed 10 second(s)

26-05-2025T09:33:02 - [TEST_STEP][PASSED] - opoveshenie = getText(findTestObject("Выполнение бизнес-плана/Просьба обратить внимание")): Text of object 'Object Repository/Выполнение бизнес-плана/Просьба обратить внимание' is: ''

26-05-2025T09:33:03 - [MESSAGE][PASSED] - Text of object 'Object Repository/Выполнение бизнес-плана/Просьба обратить внимание' is: ''

26-05-2025T09:33:03 - [TEST_STEP][PASSED] - println(opoveshenie): null

26-05-2025T09:33:03 - [TEST_STEP][PASSED] - if (opoveshenie == "Просьба обратить внимание"): null

26-05-2025T09:33:03 - [TEST_STEP][PASSED] - page = getText(findTestObject("Object Repository/Выполнение бизнес-плана/Filials")): Text of object 'Object Repository/Выполнение бизнес-плана/Filials' is: 'Россети Волга
0
10
20
30
40
50
60
70'

26-05-2025T09:33:03 - [MESSAGE][PASSED] - Text of object 'Object Repository/Выполнение бизнес-плана/Filials' is: 'Россети Волга
0
10
20
30
40
50
60
70'

26-05-2025T09:33:03 - [TEST_STEP][PASSED] - println(page): null

26-05-2025T09:33:03 - [TEST_STEP][PASSED] - c = page.indexOf(reducedDZO): null

26-05-2025T09:33:03 - [TEST_STEP][PASSED] - if (c > -1): null

26-05-2025T09:33:03 - [TEST_STEP][PASSED] - click(findTestObject("Выполнение бизнес-плана/список")): Object: 'Object Repository/Выполнение бизнес-плана/список' is clicked on

26-05-2025T09:33:03 - [MESSAGE][PASSED] - Object: 'Object Repository/Выполнение бизнес-плана/список' is clicked on

26-05-2025T09:33:03 - [TEST_STEP][PASSED] - delay(10): Delayed 10 second(s)

26-05-2025T09:33:13 - [MESSAGE][PASSED] - Delayed 10 second(s)

26-05-2025T09:33:13 - [TEST_STEP][PASSED] - click(findTestObject("Выполнение бизнес-плана/Раскрытие списка")): Object: 'Object Repository/Выполнение бизнес-плана/Раскрытие списка' is clicked on

26-05-2025T09:33:14 - [MESSAGE][PASSED] - Object: 'Object Repository/Выполнение бизнес-плана/Раскрытие списка' is clicked on

26-05-2025T09:33:14 - [TEST_STEP][PASSED] - delay(10): Delayed 10 second(s)

26-05-2025T09:33:24 - [MESSAGE][PASSED] - Delayed 10 second(s)

26-05-2025T09:33:24 - [TEST_STEP][PASSED] - page = getText(findTestObject("Object Repository/Выполнение бизнес-плана/Filials")): Text of object 'Object Repository/Выполнение бизнес-плана/Filials' is: 'Мордовэнерго
Оренбургэнерго
Пензаэнерго
Самарские РС
Саратовские РС
Ульяновские РС
Чувашэнерго
0
10
20
30
40
50
60
70'

26-05-2025T09:33:24 - [MESSAGE][PASSED] - Text of object 'Object Repository/Выполнение бизнес-плана/Filials' is: 'Мордовэнерго
Оренбургэнерго
Пензаэнерго
Самарские РС
Саратовские РС
Ульяновские РС
Чувашэнерго
0
10
20
30
40
50
60
70'

26-05-2025T09:33:24 - [TEST_STEP][PASSED] - println(page): null

26-05-2025T09:33:24 - [TEST_STEP][PASSED] - c = page.indexOf(reducedDZO): null

26-05-2025T09:33:24 - [TEST_STEP][PASSED] - x2 = getText(findTestObject("Выполнение бизнес-плана/Отклонения за 1 месяц")): Text of object 'Object Repository/Выполнение бизнес-плана/Отклонения за 1 месяц' is: '-1.11
-1.30
-0.99
-0.30
-1.11
-1.88
-1.98
Мордовэнерго
Оренбургэнерго
Пензаэнерго
Самарские РС
Саратовские РС
Ульяновские РС
Чувашэнерго
-2
0
2
4
6
8
-4'

26-05-2025T09:33:25 - [MESSAGE][PASSED] - Text of object 'Object Repository/Выполнение бизнес-плана/Отклонения за 1 месяц' is: '-1.11
-1.30
-0.99
-0.30
-1.11
-1.88
-1.98
Мордовэнерго
Оренбургэнерго
Пензаэнерго
Самарские РС
Саратовские РС
Ульяновские РС
Чувашэнерго
-2
0
2
4
6
8
-4'

26-05-2025T09:33:25 - [TEST_STEP][PASSED] - if (a == 28): null

26-05-2025T09:33:25 - [TEST_STEP][PASSED] - dZO = "Мордовэнерго": null

26-05-2025T09:33:25 - [TEST_STEP][PASSED] - a = 29: null

26-05-2025T09:33:25 - [TEST_STEP][PASSED] - if (x2.contains(dZO)): null

26-05-2025T09:33:25 - [TEST_STEP][PASSED] - filialNum = filialNum + 1: null

26-05-2025T09:33:25 - [TEST_STEP][PASSED] - Script1718980020443.Numbers(a, typeOfData, todaysDate, pageInt, fileInt, pageDouble, fileDouble, dZO, dzoNum, filialNum): null

26-05-2025T09:33:25 - [TEST_STEP][PASSED] - println(dzoNum): null

26-05-2025T09:33:25 - [TEST_STEP][PASSED] - planFact = <not implemented yet for class: org.codehaus.groovy.ast.expr.EmptyExpression>: null

26-05-2025T09:33:25 - [TEST_STEP][PASSED] - page = <not implemented yet for class: org.codehaus.groovy.ast.expr.EmptyExpression>: null

26-05-2025T09:33:25 - [TEST_STEP][PASSED] - page1 = <not implemented yet for class: org.codehaus.groovy.ast.expr.EmptyExpression>: null

26-05-2025T09:33:25 - [TEST_STEP][PASSED] - page2 = <not implemented yet for class: org.codehaus.groovy.ast.expr.EmptyExpression>: null

26-05-2025T09:33:25 - [TEST_STEP][PASSED] - filialNumberInRow = <not implemented yet for class: org.codehaus.groovy.ast.expr.EmptyExpression>: null

26-05-2025T09:33:25 - [TEST_STEP][PASSED] - filialsDzoNames = <not implemented yet for class: org.codehaus.groovy.ast.expr.EmptyExpression>: null

26-05-2025T09:33:25 - [TEST_STEP][PASSED] - numberOfFilials = <not implemented yet for class: org.codehaus.groovy.ast.expr.EmptyExpression>: null

26-05-2025T09:33:25 - [TEST_STEP][PASSED] - numberOfSpaces = <not implemented yet for class: org.codehaus.groovy.ast.expr.EmptyExpression>: null

26-05-2025T09:33:25 - [TEST_STEP][PASSED] - file = <not implemented yet for class: org.codehaus.groovy.ast.expr.EmptyExpression>: null

26-05-2025T09:33:25 - [TEST_STEP][PASSED] - otpusk = <not implemented yet for class: org.codehaus.groovy.ast.expr.EmptyExpression>: null

26-05-2025T09:33:25 - [TEST_STEP][PASSED] - poteri = <not implemented yet for class: org.codehaus.groovy.ast.expr.EmptyExpression>: null

26-05-2025T09:33:25 - [TEST_STEP][PASSED] - dataFolder = "Выполнение бизнес-плана/Значения со страницы Выполнение бизнес-плана/": null

26-05-2025T09:33:25 - [TEST_STEP][PASSED] - path = <not implemented yet for class: org.codehaus.groovy.ast.expr.EmptyExpression>: null

26-05-2025T09:33:25 - [TEST_STEP][PASSED] - typeOfDataMain = <not implemented yet for class: org.codehaus.groovy.ast.expr.EmptyExpression>: null

26-05-2025T09:33:25 - [TEST_STEP][PASSED] - fileOtpuskVSet = <not implemented yet for class: org.codehaus.groovy.ast.expr.EmptyExpression>: null

26-05-2025T09:33:25 - [TEST_STEP][PASSED] - pageOtpuskVSet = <not implemented yet for class: org.codehaus.groovy.ast.expr.EmptyExpression>: null

26-05-2025T09:33:25 - [TEST_STEP][PASSED] - filePoteri = <not implemented yet for class: org.codehaus.groovy.ast.expr.EmptyExpression>: null

26-05-2025T09:33:25 - [TEST_STEP][PASSED] - pagePoteri = <not implemented yet for class: org.codehaus.groovy.ast.expr.EmptyExpression>: null

26-05-2025T09:33:25 - [TEST_STEP][PASSED] - compare = <not implemented yet for class: org.codehaus.groovy.ast.expr.EmptyExpression>: null

26-05-2025T09:33:25 - [TEST_STEP][PASSED] - b = <not implemented yet for class: org.codehaus.groovy.ast.expr.EmptyExpression>: null

26-05-2025T09:33:25 - [TEST_STEP][PASSED] - i = <not implemented yet for class: org.codehaus.groovy.ast.expr.EmptyExpression>: null

26-05-2025T09:33:25 - [TEST_STEP][PASSED] - ii = <not implemented yet for class: org.codehaus.groovy.ast.expr.EmptyExpression>: null

26-05-2025T09:33:25 - [TEST_STEP][PASSED] - c = <not implemented yet for class: org.codehaus.groovy.ast.expr.EmptyExpression>: null

26-05-2025T09:33:25 - [TEST_STEP][PASSED] - numberOfErrors = 0: null

26-05-2025T09:33:25 - [TEST_STEP][PASSED] - if (a == 82): null

26-05-2025T09:33:25 - [TEST_STEP][PASSED] - b = findTestData("PlanFact").getValue(1, a): null

26-05-2025T09:33:25 - [TEST_STEP][PASSED] - i = b.indexOf(" (ГК)"): null

26-05-2025T09:33:25 - [TEST_STEP][PASSED] - if (i > -1): null

26-05-2025T09:33:25 - [TEST_STEP][PASSED] - i = b.indexOf("О ""): null

26-05-2025T09:33:25 - [TEST_STEP][PASSED] - if (i > -1): null

26-05-2025T09:33:25 - [TEST_STEP][PASSED] - i = b.indexOf("О «"): null

26-05-2025T09:33:25 - [TEST_STEP][PASSED] - if (i > -1): null

26-05-2025T09:33:25 - [TEST_STEP][PASSED] - i = b.indexOf("г. "): null

26-05-2025T09:33:25 - [TEST_STEP][PASSED] - if (i > -1): null

26-05-2025T09:33:25 - [TEST_STEP][PASSED] - b = b.trim(): null

26-05-2025T09:33:25 - [TEST_STEP][PASSED] - println(b): null

26-05-2025T09:33:25 - [TEST_STEP][PASSED] - for ([planFact = 1, planFact < 3, (planFact++)]): null

26-05-2025T09:33:25 - [TEST_STEP][PASSED] - if (planFact == 1): null

26-05-2025T09:33:25 - [TEST_STEP][PASSED] - typeOfDataMain = "Факт": null

26-05-2025T09:33:25 - [TEST_STEP][PASSED] - otpusk = findTestData("PlanFact").getValue(5, a): null

26-05-2025T09:33:25 - [TEST_STEP][PASSED] - poteri = findTestData("PlanFact").getValue(6, a): null

26-05-2025T09:33:25 - [TEST_STEP][PASSED] - otpusk = otpusk.replaceAll("\s+", ""): null

26-05-2025T09:33:25 - [TEST_STEP][PASSED] - poteri = poteri.replaceAll("\s+", ""): null

26-05-2025T09:33:25 - [TEST_STEP][PASSED] - typeOfData = typeOfDataMain + " Отпуск в сеть": null

26-05-2025T09:33:25 - [TEST_STEP][PASSED] - if (a == 82): null

26-05-2025T09:33:25 - [TEST_STEP][PASSED] - else if (a == 84): null

26-05-2025T09:33:25 - [TEST_STEP][PASSED] - else if (a == 83 || a == 52 || a == 72 || a == 28 || a == 73 || a == 77 || a == 74 || a == 65 || a == 36 || a == 44 || a == 53 || a == 80 || a == 54 || a == 1 || a == 18 || a == 59 || a == 81): null

26-05-2025T09:33:25 - [TEST_STEP][PASSED] - else: null

26-05-2025T09:33:25 - [TEST_STEP][PASSED] - path = dataFolder + typeOfData + " за отчётный период " + b: null

26-05-2025T09:33:25 - [TEST_STEP][PASSED] - println(path): null

26-05-2025T09:33:25 - [TEST_STEP][PASSED] - page = getText(findTestObject(path)): Text of object 'Object Repository/Выполнение бизнес-плана/Значения со страницы Выполнение бизнес-плана/Факт Отпуск в сеть за отчётный период Мордовэнерго' is: '215 041'

26-05-2025T09:33:25 - [MESSAGE][PASSED] - Text of object 'Object Repository/Выполнение бизнес-плана/Значения со страницы Выполнение бизнес-плана/Факт Отпуск в сеть за отчётный период Мордовэнерго' is: '215 041'

26-05-2025T09:33:25 - [TEST_STEP][PASSED] - if (page == "" || page == null): null

26-05-2025T09:33:25 - [TEST_STEP][PASSED] - else: null

26-05-2025T09:33:25 - [TEST_STEP][PASSED] - page = page.replaceAll("\s+", ""): null

26-05-2025T09:33:25 - [TEST_STEP][PASSED] - if (page == "undefined"): null

26-05-2025T09:33:25 - [TEST_STEP][PASSED] - fileOtpuskVSet = otpusk.toInteger(): null

26-05-2025T09:33:25 - [TEST_STEP][PASSED] - pageOtpuskVSet = page.toInteger(): null

26-05-2025T09:33:25 - [TEST_STEP][PASSED] - typeOfData = typeOfDataMain + " Потери": null

26-05-2025T09:33:25 - [TEST_STEP][PASSED] - if (a == 82): null

26-05-2025T09:33:25 - [TEST_STEP][PASSED] - else if (a == 84): null

26-05-2025T09:33:25 - [TEST_STEP][PASSED] - else if (a == 83 || a == 52 || a == 72 || a == 28 || a == 73 || a == 77 || a == 74 || a == 65 || a == 36 || a == 44 || a == 53 || a == 80 || a == 54 || a == 1 || a == 18 || a == 59 || a == 81): null

26-05-2025T09:33:25 - [TEST_STEP][PASSED] - else: null

26-05-2025T09:33:25 - [TEST_STEP][PASSED] - path = dataFolder + typeOfData + " за отчётный период " + b: null

26-05-2025T09:33:25 - [TEST_STEP][PASSED] - page = getText(findTestObject(path)): Text of object 'Object Repository/Выполнение бизнес-плана/Значения со страницы Выполнение бизнес-плана/Факт Потери за отчётный период Мордовэнерго' is: '17 067'

26-05-2025T09:33:25 - [MESSAGE][PASSED] - Text of object 'Object Repository/Выполнение бизнес-плана/Значения со страницы Выполнение бизнес-плана/Факт Потери за отчётный период Мордовэнерго' is: '17 067'

26-05-2025T09:33:25 - [TEST_STEP][PASSED] - if (page == "" || page == null): null

26-05-2025T09:33:25 - [TEST_STEP][PASSED] - else: null

26-05-2025T09:33:25 - [TEST_STEP][PASSED] - page = page.replaceAll("\s+", ""): null

26-05-2025T09:33:25 - [TEST_STEP][PASSED] - if (page == "undefined"): null

26-05-2025T09:33:25 - [TEST_STEP][PASSED] - filePoteri = poteri.toInteger(): null

26-05-2025T09:33:25 - [TEST_STEP][PASSED] - pagePoteri = page.toInteger(): null

26-05-2025T09:33:25 - [TEST_STEP][PASSED] - compare = pageOtpuskVSet: null

26-05-2025T09:33:25 - [TEST_STEP][PASSED] - if (pageOtpuskVSet != null): null

26-05-2025T09:33:25 - [TEST_STEP][PASSED] - if (compare == fileOtpuskVSet): null

26-05-2025T09:33:25 - [TEST_STEP][PASSED] - else if (compare > fileOtpuskVSet): null

26-05-2025T09:33:25 - [TEST_STEP][PASSED] - else if (compare < fileOtpuskVSet): null

26-05-2025T09:33:25 - [TEST_STEP][PASSED] - compare = compare + 1: null

26-05-2025T09:33:25 - [TEST_STEP][PASSED] - if (compare == fileOtpuskVSet): null

26-05-2025T09:33:25 - [TEST_STEP][PASSED] - else: null

26-05-2025T09:33:25 - [TEST_STEP][PASSED] - numberOfErrors = numberOfErrors + 1: null

26-05-2025T09:33:25 - [TEST_STEP][PASSED] - pageInt = pageOtpuskVSet: null

26-05-2025T09:33:25 - [TEST_STEP][PASSED] - fileInt = fileOtpuskVSet: null

26-05-2025T09:33:25 - [TEST_STEP][PASSED] - typeOfData = typeOfDataMain + " Отпуск в сеть": null

26-05-2025T09:33:25 - [TEST_STEP][PASSED] - Script1718980020443.WriteToExcel(a, typeOfData, todaysDate, pageInt, fileInt, pageDouble, fileDouble, dZO): null

26-05-2025T09:33:25 - [TEST_STEP][PASSED] - sheetName = "Sheet1": null

26-05-2025T09:33:25 - [TEST_STEP][PASSED] - data = findTestData("PlanFact"): null

26-05-2025T09:33:25 - [TEST_STEP][PASSED] - n = data.getRowNumbers() + 1: null

26-05-2025T09:33:25 - [TEST_STEP][PASSED] - day = ")).toInteger(): null

26-05-2025T09:33:25 - [TEST_STEP][PASSED] - println(day): null

26-05-2025T09:33:25 - [TEST_STEP][PASSED] - month = ")).toInteger(): null

26-05-2025T09:33:25 - [TEST_STEP][PASSED] - println(month): null

26-05-2025T09:33:25 - [TEST_STEP][PASSED] - y = <not implemented yet for class: org.codehaus.groovy.ast.expr.EmptyExpression>: null

26-05-2025T09:33:25 - [TEST_STEP][PASSED] - iy = <not implemented yet for class: org.codehaus.groovy.ast.expr.EmptyExpression>: null

26-05-2025T09:33:25 - [TEST_STEP][PASSED] - m = getText(findTestObject("Выполнение бизнес-плана/Период")): Text of object 'Object Repository/Выполнение бизнес-плана/Период' is: '1 кв. 2025 года'

26-05-2025T09:33:26 - [MESSAGE][PASSED] - Text of object 'Object Repository/Выполнение бизнес-плана/Период' is: '1 кв. 2025 года'

26-05-2025T09:33:26 - [TEST_STEP][PASSED] - iy = m.indexOf("20"): null

26-05-2025T09:33:26 - [TEST_STEP][PASSED] - if (iy > -1): null

26-05-2025T09:33:26 - [TEST_STEP][PASSED] - y = substring(iy, iy + 4).toInteger(): null

26-05-2025T09:33:26 - [TEST_STEP][PASSED] - println(y): null

26-05-2025T09:33:26 - [TEST_STEP][PASSED] - if (toString().length() == 4): null

26-05-2025T09:33:26 - [TEST_STEP][PASSED] - m = m.substring(0, m.indexOf(y.toString())): null

26-05-2025T09:33:26 - [TEST_STEP][PASSED] - m = m.trim(): null

26-05-2025T09:33:26 - [TEST_STEP][PASSED] - if (m == ""): null

26-05-2025T09:33:26 - [TEST_STEP][PASSED] - dashboardName = "Выполнение бизнес-плана": null

26-05-2025T09:33:26 - [TEST_STEP][PASSED] - workbook01 = getWorkbook(excelFilePath): null

26-05-2025T09:33:26 - [TEST_STEP][PASSED] - sheet01 = getExcelSheet(workbook01, sheetName): null

26-05-2025T09:33:26 - [TEST_STEP][PASSED] - setValueToCellByIndex(sheet01, n, 0, dashboardName): null

26-05-2025T09:33:26 - [TEST_STEP][PASSED] - setValueToCellByIndex(sheet01, n, 1, dZO): null

26-05-2025T09:33:26 - [TEST_STEP][PASSED] - setValueToCellByIndex(sheet01, n, 2, typeOfData): null

26-05-2025T09:33:26 - [TEST_STEP][PASSED] - if (typeOfData == "Факт в процентах" || typeOfData == "План в процентах"): null

26-05-2025T09:33:26 - [TEST_STEP][PASSED] - else: null

26-05-2025T09:33:26 - [TEST_STEP][PASSED] - setValueToCellByIndex(sheet01, n, 3, fileInt): null

26-05-2025T09:33:26 - [TEST_STEP][PASSED] - setValueToCellByIndex(sheet01, n, 4, pageInt): null

26-05-2025T09:33:26 - [TEST_STEP][PASSED] - setValueToCellByIndex(sheet01, n, 5, m): null

26-05-2025T09:33:26 - [TEST_STEP][PASSED] - setValueToCellByIndex(sheet01, n, 6, y): null

26-05-2025T09:33:26 - [TEST_STEP][PASSED] - setValueToCellByIndex(sheet01, n, 7, todaysDate): null

26-05-2025T09:33:26 - [TEST_STEP][PASSED] - n = n + 1: null

26-05-2025T09:33:26 - [TEST_STEP][PASSED] - saveWorkbook(excelFilePath, workbook01): null

26-05-2025T09:33:26 - [TEST_STEP][PASSED] - compare = pagePoteri: null

26-05-2025T09:33:26 - [TEST_STEP][PASSED] - if (pageOtpuskVSet != null): null

26-05-2025T09:33:26 - [TEST_STEP][PASSED] - if (compare == filePoteri): null

26-05-2025T09:33:26 - [TEST_STEP][PASSED] - else if (compare > filePoteri): null

26-05-2025T09:33:26 - [TEST_STEP][PASSED] - else if (compare < filePoteri): null

26-05-2025T09:33:26 - [TEST_STEP][PASSED] - compare = compare + 1: null

26-05-2025T09:33:26 - [TEST_STEP][PASSED] - if (compare == filePoteri): null

26-05-2025T09:33:26 - [TEST_STEP][PASSED] - else: null

26-05-2025T09:33:26 - [TEST_STEP][PASSED] - numberOfErrors = numberOfErrors + 1: null

26-05-2025T09:33:26 - [TEST_STEP][PASSED] - pageInt = pagePoteri: null

26-05-2025T09:33:26 - [TEST_STEP][PASSED] - fileInt = filePoteri: null

26-05-2025T09:33:26 - [TEST_STEP][PASSED] - typeOfData = typeOfDataMain + " Потери": null

26-05-2025T09:33:26 - [TEST_STEP][PASSED] - Script1718980020443.WriteToExcel(a, typeOfData, todaysDate, pageInt, fileInt, pageDouble, fileDouble, dZO): null

26-05-2025T09:33:26 - [TEST_STEP][PASSED] - sheetName = "Sheet1": null

26-05-2025T09:33:26 - [TEST_STEP][PASSED] - data = findTestData("PlanFact"): null

26-05-2025T09:33:26 - [TEST_STEP][PASSED] - n = data.getRowNumbers() + 1: null

26-05-2025T09:33:26 - [TEST_STEP][PASSED] - day = ")).toInteger(): null

26-05-2025T09:33:26 - [TEST_STEP][PASSED] - println(day): null

26-05-2025T09:33:26 - [TEST_STEP][PASSED] - month = ")).toInteger(): null

26-05-2025T09:33:26 - [TEST_STEP][PASSED] - println(month): null

26-05-2025T09:33:26 - [TEST_STEP][PASSED] - y = <not implemented yet for class: org.codehaus.groovy.ast.expr.EmptyExpression>: null

26-05-2025T09:33:26 - [TEST_STEP][PASSED] - iy = <not implemented yet for class: org.codehaus.groovy.ast.expr.EmptyExpression>: null

26-05-2025T09:33:26 - [TEST_STEP][PASSED] - m = getText(findTestObject("Выполнение бизнес-плана/Период")): Text of object 'Object Repository/Выполнение бизнес-плана/Период' is: '1 кв. 2025 года'

26-05-2025T09:33:26 - [MESSAGE][PASSED] - Text of object 'Object Repository/Выполнение бизнес-плана/Период' is: '1 кв. 2025 года'

26-05-2025T09:33:26 - [TEST_STEP][PASSED] - iy = m.indexOf("20"): null

26-05-2025T09:33:26 - [TEST_STEP][PASSED] - if (iy > -1): null

26-05-2025T09:33:26 - [TEST_STEP][PASSED] - y = substring(iy, iy + 4).toInteger(): null

26-05-2025T09:33:26 - [TEST_STEP][PASSED] - println(y): null

26-05-2025T09:33:26 - [TEST_STEP][PASSED] - if (toString().length() == 4): null

26-05-2025T09:33:26 - [TEST_STEP][PASSED] - m = m.substring(0, m.indexOf(y.toString())): null

26-05-2025T09:33:26 - [TEST_STEP][PASSED] - m = m.trim(): null

26-05-2025T09:33:26 - [TEST_STEP][PASSED] - if (m == ""): null

26-05-2025T09:33:26 - [TEST_STEP][PASSED] - dashboardName = "Выполнение бизнес-плана": null

26-05-2025T09:33:26 - [TEST_STEP][PASSED] - workbook01 = getWorkbook(excelFilePath): null

26-05-2025T09:33:26 - [TEST_STEP][PASSED] - sheet01 = getExcelSheet(workbook01, sheetName): null

26-05-2025T09:33:26 - [TEST_STEP][PASSED] - setValueToCellByIndex(sheet01, n, 0, dashboardName): null

26-05-2025T09:33:26 - [TEST_STEP][PASSED] - setValueToCellByIndex(sheet01, n, 1, dZO): null

26-05-2025T09:33:26 - [TEST_STEP][PASSED] - setValueToCellByIndex(sheet01, n, 2, typeOfData): null

26-05-2025T09:33:26 - [TEST_STEP][PASSED] - if (typeOfData == "Факт в процентах" || typeOfData == "План в процентах"): null

26-05-2025T09:33:26 - [TEST_STEP][PASSED] - else: null

26-05-2025T09:33:26 - [TEST_STEP][PASSED] - setValueToCellByIndex(sheet01, n, 3, fileInt): null

26-05-2025T09:33:26 - [TEST_STEP][PASSED] - setValueToCellByIndex(sheet01, n, 4, pageInt): null

26-05-2025T09:33:26 - [TEST_STEP][PASSED] - setValueToCellByIndex(sheet01, n, 5, m): null

26-05-2025T09:33:26 - [TEST_STEP][PASSED] - setValueToCellByIndex(sheet01, n, 6, y): null

26-05-2025T09:33:26 - [TEST_STEP][PASSED] - setValueToCellByIndex(sheet01, n, 7, todaysDate): null

26-05-2025T09:33:26 - [TEST_STEP][PASSED] - n = n + 1: null

26-05-2025T09:33:26 - [TEST_STEP][PASSED] - saveWorkbook(excelFilePath, workbook01): null

26-05-2025T09:33:27 - [TEST_STEP][PASSED] - if (planFact == 2): null

26-05-2025T09:33:27 - [TEST_STEP][PASSED] - if (planFact == 1): null

26-05-2025T09:33:27 - [TEST_STEP][PASSED] - else if (planFact == 2): null

26-05-2025T09:33:27 - [TEST_STEP][PASSED] - click(findTestObject("Выполнение бизнес-плана/Кнопка План")): Object: 'Object Repository/Выполнение бизнес-плана/Кнопка План' is clicked on

26-05-2025T09:33:27 - [MESSAGE][PASSED] - Object: 'Object Repository/Выполнение бизнес-плана/Кнопка План' is clicked on

26-05-2025T09:33:27 - [TEST_STEP][PASSED] - typeOfDataMain = "План": null

26-05-2025T09:33:27 - [TEST_STEP][PASSED] - otpusk = findTestData("PlanFact").getValue(2, a): null

26-05-2025T09:33:27 - [TEST_STEP][PASSED] - poteri = findTestData("PlanFact").getValue(3, a): null

26-05-2025T09:33:27 - [TEST_STEP][PASSED] - otpusk = otpusk.replaceAll("\s+", ""): null

26-05-2025T09:33:27 - [TEST_STEP][PASSED] - poteri = poteri.replaceAll("\s+", ""): null

26-05-2025T09:33:27 - [TEST_STEP][PASSED] - typeOfData = typeOfDataMain + " Отпуск в сеть": null

26-05-2025T09:33:27 - [TEST_STEP][PASSED] - if (a == 82): null

26-05-2025T09:33:27 - [TEST_STEP][PASSED] - else if (a == 84): null

26-05-2025T09:33:27 - [TEST_STEP][PASSED] - else if (a == 83 || a == 52 || a == 72 || a == 28 || a == 73 || a == 77 || a == 74 || a == 65 || a == 36 || a == 44 || a == 53 || a == 80 || a == 54 || a == 1 || a == 18 || a == 59 || a == 81): null

26-05-2025T09:33:27 - [TEST_STEP][PASSED] - else: null

26-05-2025T09:33:27 - [TEST_STEP][PASSED] - path = dataFolder + typeOfData + " за отчётный период " + b: null

26-05-2025T09:33:27 - [TEST_STEP][PASSED] - println(path): null

26-05-2025T09:33:27 - [TEST_STEP][PASSED] - page = getText(findTestObject(path)): Text of object 'Object Repository/Выполнение бизнес-плана/Значения со страницы Выполнение бизнес-плана/План Отпуск в сеть за отчётный период Мордовэнерго' is: '229 662'

26-05-2025T09:33:27 - [MESSAGE][PASSED] - Text of object 'Object Repository/Выполнение бизнес-плана/Значения со страницы Выполнение бизнес-плана/План Отпуск в сеть за отчётный период Мордовэнерго' is: '229 662'

26-05-2025T09:33:27 - [TEST_STEP][PASSED] - if (page == "" || page == null): null

26-05-2025T09:33:27 - [TEST_STEP][PASSED] - else: null

26-05-2025T09:33:27 - [TEST_STEP][PASSED] - page = page.replaceAll("\s+", ""): null

26-05-2025T09:33:27 - [TEST_STEP][PASSED] - if (page == "undefined"): null

26-05-2025T09:33:27 - [TEST_STEP][PASSED] - fileOtpuskVSet = otpusk.toInteger(): null

26-05-2025T09:33:27 - [TEST_STEP][PASSED] - pageOtpuskVSet = page.toInteger(): null

26-05-2025T09:33:27 - [TEST_STEP][PASSED] - typeOfData = typeOfDataMain + " Потери": null

26-05-2025T09:33:27 - [TEST_STEP][PASSED] - if (a == 82): null

26-05-2025T09:33:27 - [TEST_STEP][PASSED] - else if (a == 84): null

26-05-2025T09:33:27 - [TEST_STEP][PASSED] - else if (a == 83 || a == 52 || a == 72 || a == 28 || a == 73 || a == 77 || a == 74 || a == 65 || a == 36 || a == 44 || a == 53 || a == 80 || a == 54 || a == 1 || a == 18 || a == 59 || a == 81): null

26-05-2025T09:33:27 - [TEST_STEP][PASSED] - else: null

26-05-2025T09:33:27 - [TEST_STEP][PASSED] - path = dataFolder + typeOfData + " за отчётный период " + b: null

26-05-2025T09:33:27 - [TEST_STEP][PASSED] - page = getText(findTestObject(path)): Text of object 'Object Repository/Выполнение бизнес-плана/Значения со страницы Выполнение бизнес-плана/План Потери за отчётный период Мордовэнерго' is: '20 787'

26-05-2025T09:33:28 - [MESSAGE][PASSED] - Text of object 'Object Repository/Выполнение бизнес-плана/Значения со страницы Выполнение бизнес-плана/План Потери за отчётный период Мордовэнерго' is: '20 787'

26-05-2025T09:33:28 - [TEST_STEP][PASSED] - if (page == "" || page == null): null

26-05-2025T09:33:28 - [TEST_STEP][PASSED] - else: null

26-05-2025T09:33:28 - [TEST_STEP][PASSED] - page = page.replaceAll("\s+", ""): null

26-05-2025T09:33:28 - [TEST_STEP][PASSED] - if (page == "undefined"): null

26-05-2025T09:33:28 - [TEST_STEP][PASSED] - filePoteri = poteri.toInteger(): null

26-05-2025T09:33:28 - [TEST_STEP][PASSED] - pagePoteri = page.toInteger(): null

26-05-2025T09:33:28 - [TEST_STEP][PASSED] - compare = pageOtpuskVSet: null

26-05-2025T09:33:28 - [TEST_STEP][PASSED] - if (pageOtpuskVSet != null): null

26-05-2025T09:33:28 - [TEST_STEP][PASSED] - if (compare == fileOtpuskVSet): null

26-05-2025T09:33:28 - [TEST_STEP][PASSED] - else if (compare > fileOtpuskVSet): null

26-05-2025T09:33:28 - [TEST_STEP][PASSED] - else if (compare < fileOtpuskVSet): null

26-05-2025T09:33:28 - [TEST_STEP][PASSED] - compare = compare + 1: null

26-05-2025T09:33:28 - [TEST_STEP][PASSED] - if (compare == fileOtpuskVSet): null

26-05-2025T09:33:28 - [TEST_STEP][PASSED] - else: null

26-05-2025T09:33:28 - [TEST_STEP][PASSED] - numberOfErrors = numberOfErrors + 1: null

26-05-2025T09:33:28 - [TEST_STEP][PASSED] - pageInt = pageOtpuskVSet: null

26-05-2025T09:33:28 - [TEST_STEP][PASSED] - fileInt = fileOtpuskVSet: null

26-05-2025T09:33:28 - [TEST_STEP][PASSED] - typeOfData = typeOfDataMain + " Отпуск в сеть": null

26-05-2025T09:33:28 - [TEST_STEP][PASSED] - Script1718980020443.WriteToExcel(a, typeOfData, todaysDate, pageInt, fileInt, pageDouble, fileDouble, dZO): null

26-05-2025T09:33:28 - [TEST_STEP][PASSED] - sheetName = "Sheet1": null

26-05-2025T09:33:28 - [TEST_STEP][PASSED] - data = findTestData("PlanFact"): null

26-05-2025T09:33:28 - [TEST_STEP][PASSED] - n = data.getRowNumbers() + 1: null

26-05-2025T09:33:28 - [TEST_STEP][PASSED] - day = ")).toInteger(): null

26-05-2025T09:33:28 - [TEST_STEP][PASSED] - println(day): null

26-05-2025T09:33:28 - [TEST_STEP][PASSED] - month = ")).toInteger(): null

26-05-2025T09:33:28 - [TEST_STEP][PASSED] - println(month): null

26-05-2025T09:33:28 - [TEST_STEP][PASSED] - y = <not implemented yet for class: org.codehaus.groovy.ast.expr.EmptyExpression>: null

26-05-2025T09:33:28 - [TEST_STEP][PASSED] - iy = <not implemented yet for class: org.codehaus.groovy.ast.expr.EmptyExpression>: null

26-05-2025T09:33:28 - [TEST_STEP][PASSED] - m = getText(findTestObject("Выполнение бизнес-плана/Период")): Text of object 'Object Repository/Выполнение бизнес-плана/Период' is: '1 кв. 2025 года'

26-05-2025T09:33:28 - [MESSAGE][PASSED] - Text of object 'Object Repository/Выполнение бизнес-плана/Период' is: '1 кв. 2025 года'

26-05-2025T09:33:28 - [TEST_STEP][PASSED] - iy = m.indexOf("20"): null

26-05-2025T09:33:28 - [TEST_STEP][PASSED] - if (iy > -1): null

26-05-2025T09:33:28 - [TEST_STEP][PASSED] - y = substring(iy, iy + 4).toInteger(): null

26-05-2025T09:33:28 - [TEST_STEP][PASSED] - println(y): null

26-05-2025T09:33:28 - [TEST_STEP][PASSED] - if (toString().length() == 4): null

26-05-2025T09:33:28 - [TEST_STEP][PASSED] - m = m.substring(0, m.indexOf(y.toString())): null

26-05-2025T09:33:28 - [TEST_STEP][PASSED] - m = m.trim(): null

26-05-2025T09:33:28 - [TEST_STEP][PASSED] - if (m == ""): null

26-05-2025T09:33:28 - [TEST_STEP][PASSED] - dashboardName = "Выполнение бизнес-плана": null

26-05-2025T09:33:28 - [TEST_STEP][PASSED] - workbook01 = getWorkbook(excelFilePath): null

26-05-2025T09:33:28 - [TEST_STEP][PASSED] - sheet01 = getExcelSheet(workbook01, sheetName): null

26-05-2025T09:33:28 - [TEST_STEP][PASSED] - setValueToCellByIndex(sheet01, n, 0, dashboardName): null

26-05-2025T09:33:28 - [TEST_STEP][PASSED] - setValueToCellByIndex(sheet01, n, 1, dZO): null

26-05-2025T09:33:28 - [TEST_STEP][PASSED] - setValueToCellByIndex(sheet01, n, 2, typeOfData): null

26-05-2025T09:33:28 - [TEST_STEP][PASSED] - if (typeOfData == "Факт в процентах" || typeOfData == "План в процентах"): null

26-05-2025T09:33:28 - [TEST_STEP][PASSED] - else: null

26-05-2025T09:33:28 - [TEST_STEP][PASSED] - setValueToCellByIndex(sheet01, n, 3, fileInt): null

26-05-2025T09:33:28 - [TEST_STEP][PASSED] - setValueToCellByIndex(sheet01, n, 4, pageInt): null

26-05-2025T09:33:28 - [TEST_STEP][PASSED] - setValueToCellByIndex(sheet01, n, 5, m): null

26-05-2025T09:33:28 - [TEST_STEP][PASSED] - setValueToCellByIndex(sheet01, n, 6, y): null

26-05-2025T09:33:28 - [TEST_STEP][PASSED] - setValueToCellByIndex(sheet01, n, 7, todaysDate): null

26-05-2025T09:33:28 - [TEST_STEP][PASSED] - n = n + 1: null

26-05-2025T09:33:28 - [TEST_STEP][PASSED] - saveWorkbook(excelFilePath, workbook01): null

26-05-2025T09:33:28 - [TEST_STEP][PASSED] - compare = pagePoteri: null

26-05-2025T09:33:28 - [TEST_STEP][PASSED] - if (pageOtpuskVSet != null): null

26-05-2025T09:33:28 - [TEST_STEP][PASSED] - if (compare == filePoteri): null

26-05-2025T09:33:28 - [TEST_STEP][PASSED] - else if (compare > filePoteri): null

26-05-2025T09:33:28 - [TEST_STEP][PASSED] - else if (compare < filePoteri): null

26-05-2025T09:33:28 - [TEST_STEP][PASSED] - compare = compare + 1: null

26-05-2025T09:33:28 - [TEST_STEP][PASSED] - if (compare == filePoteri): null

26-05-2025T09:33:28 - [TEST_STEP][PASSED] - else: null

26-05-2025T09:33:28 - [TEST_STEP][PASSED] - numberOfErrors = numberOfErrors + 1: null

26-05-2025T09:33:28 - [TEST_STEP][PASSED] - pageInt = pagePoteri: null

26-05-2025T09:33:28 - [TEST_STEP][PASSED] - fileInt = filePoteri: null

26-05-2025T09:33:28 - [TEST_STEP][PASSED] - typeOfData = typeOfDataMain + " Потери": null

26-05-2025T09:33:28 - [TEST_STEP][PASSED] - Script1718980020443.WriteToExcel(a, typeOfData, todaysDate, pageInt, fileInt, pageDouble, fileDouble, dZO): null

26-05-2025T09:33:28 - [TEST_STEP][PASSED] - sheetName = "Sheet1": null

26-05-2025T09:33:28 - [TEST_STEP][PASSED] - data = findTestData("PlanFact"): null

26-05-2025T09:33:28 - [TEST_STEP][PASSED] - n = data.getRowNumbers() + 1: null

26-05-2025T09:33:28 - [TEST_STEP][PASSED] - day = ")).toInteger(): null

26-05-2025T09:33:28 - [TEST_STEP][PASSED] - println(day): null

26-05-2025T09:33:28 - [TEST_STEP][PASSED] - month = ")).toInteger(): null

26-05-2025T09:33:28 - [TEST_STEP][PASSED] - println(month): null

26-05-2025T09:33:28 - [TEST_STEP][PASSED] - y = <not implemented yet for class: org.codehaus.groovy.ast.expr.EmptyExpression>: null

26-05-2025T09:33:28 - [TEST_STEP][PASSED] - iy = <not implemented yet for class: org.codehaus.groovy.ast.expr.EmptyExpression>: null

26-05-2025T09:33:28 - [TEST_STEP][PASSED] - m = getText(findTestObject("Выполнение бизнес-плана/Период")): Text of object 'Object Repository/Выполнение бизнес-плана/Период' is: '1 кв. 2025 года'

26-05-2025T09:33:29 - [MESSAGE][PASSED] - Text of object 'Object Repository/Выполнение бизнес-плана/Период' is: '1 кв. 2025 года'

26-05-2025T09:33:29 - [TEST_STEP][PASSED] - iy = m.indexOf("20"): null

26-05-2025T09:33:29 - [TEST_STEP][PASSED] - if (iy > -1): null

26-05-2025T09:33:29 - [TEST_STEP][PASSED] - y = substring(iy, iy + 4).toInteger(): null

26-05-2025T09:33:29 - [TEST_STEP][PASSED] - println(y): null

26-05-2025T09:33:29 - [TEST_STEP][PASSED] - if (toString().length() == 4): null

26-05-2025T09:33:29 - [TEST_STEP][PASSED] - m = m.substring(0, m.indexOf(y.toString())): null

26-05-2025T09:33:29 - [TEST_STEP][PASSED] - m = m.trim(): null

26-05-2025T09:33:29 - [TEST_STEP][PASSED] - if (m == ""): null

26-05-2025T09:33:29 - [TEST_STEP][PASSED] - dashboardName = "Выполнение бизнес-плана": null

26-05-2025T09:33:29 - [TEST_STEP][PASSED] - workbook01 = getWorkbook(excelFilePath): null

26-05-2025T09:33:29 - [TEST_STEP][PASSED] - sheet01 = getExcelSheet(workbook01, sheetName): null

26-05-2025T09:33:29 - [TEST_STEP][PASSED] - setValueToCellByIndex(sheet01, n, 0, dashboardName): null

26-05-2025T09:33:29 - [TEST_STEP][PASSED] - setValueToCellByIndex(sheet01, n, 1, dZO): null

26-05-2025T09:33:29 - [TEST_STEP][PASSED] - setValueToCellByIndex(sheet01, n, 2, typeOfData): null

26-05-2025T09:33:29 - [TEST_STEP][PASSED] - if (typeOfData == "Факт в процентах" || typeOfData == "План в процентах"): null

26-05-2025T09:33:29 - [TEST_STEP][PASSED] - else: null

26-05-2025T09:33:29 - [TEST_STEP][PASSED] - setValueToCellByIndex(sheet01, n, 3, fileInt): null

26-05-2025T09:33:29 - [TEST_STEP][PASSED] - setValueToCellByIndex(sheet01, n, 4, pageInt): null

26-05-2025T09:33:29 - [TEST_STEP][PASSED] - setValueToCellByIndex(sheet01, n, 5, m): null

26-05-2025T09:33:29 - [TEST_STEP][PASSED] - setValueToCellByIndex(sheet01, n, 6, y): null

26-05-2025T09:33:29 - [TEST_STEP][PASSED] - setValueToCellByIndex(sheet01, n, 7, todaysDate): null

26-05-2025T09:33:29 - [TEST_STEP][PASSED] - n = n + 1: null

26-05-2025T09:33:29 - [TEST_STEP][PASSED] - saveWorkbook(excelFilePath, workbook01): Object: 'Object Repository/Выполнение бизнес-плана/Кнопка Факт' is clicked on

26-05-2025T09:33:29 - [TEST_STEP][PASSED] - if (planFact == 2): Object: 'Object Repository/Выполнение бизнес-плана/Кнопка Факт' is clicked on

26-05-2025T09:33:29 - [TEST_STEP][PASSED] - click(findTestObject("Выполнение бизнес-плана/Кнопка Факт")): Object: 'Object Repository/Выполнение бизнес-плана/Кнопка Факт' is clicked on

26-05-2025T09:33:29 - [MESSAGE][PASSED] - Object: 'Object Repository/Выполнение бизнес-плана/Кнопка Факт' is clicked on

26-05-2025T09:33:29 - [TEST_STEP][PASSED] - println("a=" + a): null

26-05-2025T09:33:29 - [TEST_STEP][PASSED] - if (a == 84 || a == 82): null

26-05-2025T09:33:29 - [TEST_STEP][PASSED] - else if (a == 83 || a == 52 || a == 72 || a == 28 || a == 73 || a == 77 || a == 74 || a == 65 || a == 36 || a == 44 || a == 53 || a == 80 || a == 54 || a == 1 || a == 18 || a == 59 || a == 81): null

26-05-2025T09:33:29 - [TEST_STEP][PASSED] - else: null

26-05-2025T09:33:29 - [TEST_STEP][PASSED] - page1 = getText(findTestObject("Object Repository/Выполнение бизнес-плана/spanPlan" + filialNum)): Text of object 'Object Repository/Выполнение бизнес-плана/spanPlan1' is: '9.05
|'

26-05-2025T09:33:30 - [MESSAGE][PASSED] - Text of object 'Object Repository/Выполнение бизнес-плана/spanPlan1' is: '9.05
|'

26-05-2025T09:33:30 - [TEST_STEP][PASSED] - if (page1 == null): null

26-05-2025T09:33:30 - [TEST_STEP][PASSED] - else: null

26-05-2025T09:33:30 - [TEST_STEP][PASSED] - page1 = page1.replace("|", ""): null

26-05-2025T09:33:30 - [TEST_STEP][PASSED] - page2 = getText(findTestObject("Object Repository/Выполнение бизнес-плана/spanFact" + filialNum)): Text of object 'Object Repository/Выполнение бизнес-плана/spanFact1' is: '7.94
|'

26-05-2025T09:33:30 - [MESSAGE][PASSED] - Text of object 'Object Repository/Выполнение бизнес-плана/spanFact1' is: '7.94
|'

26-05-2025T09:33:30 - [TEST_STEP][PASSED] - if (page2 == null): null

26-05-2025T09:33:30 - [TEST_STEP][PASSED] - else: null

26-05-2025T09:33:30 - [TEST_STEP][PASSED] - page2 = page2.replace("|", ""): null

26-05-2025T09:33:30 - [TEST_STEP][PASSED] - println("page1: " + page1): null

26-05-2025T09:33:30 - [TEST_STEP][PASSED] - println("page2: " + page2): null

26-05-2025T09:33:30 - [TEST_STEP][PASSED] - file = findTestData("PlanFact").getValue(4, a): null

26-05-2025T09:33:30 - [TEST_STEP][PASSED] - file = file.replace(",", "."): null

26-05-2025T09:33:30 - [TEST_STEP][PASSED] - println("file Plan: " + file): null

26-05-2025T09:33:30 - [TEST_STEP][PASSED] - typeOfData = "План в процентах": null

26-05-2025T09:33:30 - [TEST_STEP][PASSED] - fileDouble = file.toDouble(): null

26-05-2025T09:33:30 - [TEST_STEP][PASSED] - pageDouble = page1.toDouble(): null

26-05-2025T09:33:30 - [TEST_STEP][PASSED] - if (fileDouble != pageDouble): null

26-05-2025T09:33:30 - [TEST_STEP][PASSED] - numberOfErrors = numberOfErrors + 1: null

26-05-2025T09:33:30 - [TEST_STEP][PASSED] - Script1718980020443.WriteToExcel(a, typeOfData, todaysDate, pageInt, fileInt, pageDouble, fileDouble, dZO): null

26-05-2025T09:33:30 - [TEST_STEP][PASSED] - sheetName = "Sheet1": null

26-05-2025T09:33:30 - [TEST_STEP][PASSED] - data = findTestData("PlanFact"): null

26-05-2025T09:33:30 - [TEST_STEP][PASSED] - n = data.getRowNumbers() + 1: null

26-05-2025T09:33:30 - [TEST_STEP][PASSED] - day = ")).toInteger(): null

26-05-2025T09:33:30 - [TEST_STEP][PASSED] - println(day): null

26-05-2025T09:33:30 - [TEST_STEP][PASSED] - month = ")).toInteger(): null

26-05-2025T09:33:30 - [TEST_STEP][PASSED] - println(month): null

26-05-2025T09:33:30 - [TEST_STEP][PASSED] - y = <not implemented yet for class: org.codehaus.groovy.ast.expr.EmptyExpression>: null

26-05-2025T09:33:30 - [TEST_STEP][PASSED] - iy = <not implemented yet for class: org.codehaus.groovy.ast.expr.EmptyExpression>: null

26-05-2025T09:33:30 - [TEST_STEP][PASSED] - m = getText(findTestObject("Выполнение бизнес-плана/Период")): Text of object 'Object Repository/Выполнение бизнес-плана/Период' is: '1 кв. 2025 года'

26-05-2025T09:33:30 - [MESSAGE][PASSED] - Text of object 'Object Repository/Выполнение бизнес-плана/Период' is: '1 кв. 2025 года'

26-05-2025T09:33:30 - [TEST_STEP][PASSED] - iy = m.indexOf("20"): null

26-05-2025T09:33:30 - [TEST_STEP][PASSED] - if (iy > -1): null

26-05-2025T09:33:30 - [TEST_STEP][PASSED] - y = substring(iy, iy + 4).toInteger(): null

26-05-2025T09:33:30 - [TEST_STEP][PASSED] - println(y): null

26-05-2025T09:33:30 - [TEST_STEP][PASSED] - if (toString().length() == 4): null

26-05-2025T09:33:30 - [TEST_STEP][PASSED] - m = m.substring(0, m.indexOf(y.toString())): null

26-05-2025T09:33:30 - [TEST_STEP][PASSED] - m = m.trim(): null

26-05-2025T09:33:30 - [TEST_STEP][PASSED] - if (m == ""): null

26-05-2025T09:33:30 - [TEST_STEP][PASSED] - dashboardName = "Выполнение бизнес-плана": null

26-05-2025T09:33:30 - [TEST_STEP][PASSED] - workbook01 = getWorkbook(excelFilePath): null

26-05-2025T09:33:30 - [TEST_STEP][PASSED] - sheet01 = getExcelSheet(workbook01, sheetName): null

26-05-2025T09:33:30 - [TEST_STEP][PASSED] - setValueToCellByIndex(sheet01, n, 0, dashboardName): null

26-05-2025T09:33:30 - [TEST_STEP][PASSED] - setValueToCellByIndex(sheet01, n, 1, dZO): null

26-05-2025T09:33:30 - [TEST_STEP][PASSED] - setValueToCellByIndex(sheet01, n, 2, typeOfData): null

26-05-2025T09:33:30 - [TEST_STEP][PASSED] - if (typeOfData == "Факт в процентах" || typeOfData == "План в процентах"): null

26-05-2025T09:33:30 - [TEST_STEP][PASSED] - setValueToCellByIndex(sheet01, n, 3, fileDouble): null

26-05-2025T09:33:30 - [TEST_STEP][PASSED] - setValueToCellByIndex(sheet01, n, 4, pageDouble): null

26-05-2025T09:33:30 - [TEST_STEP][PASSED] - setValueToCellByIndex(sheet01, n, 5, m): null

26-05-2025T09:33:30 - [TEST_STEP][PASSED] - setValueToCellByIndex(sheet01, n, 6, y): null

26-05-2025T09:33:30 - [TEST_STEP][PASSED] - setValueToCellByIndex(sheet01, n, 7, todaysDate): null

26-05-2025T09:33:30 - [TEST_STEP][PASSED] - n = n + 1: null

26-05-2025T09:33:30 - [TEST_STEP][PASSED] - saveWorkbook(excelFilePath, workbook01): null

26-05-2025T09:33:31 - [TEST_STEP][PASSED] - file = findTestData("PlanFact").getValue(7, a): null

26-05-2025T09:33:31 - [TEST_STEP][PASSED] - file = file.replace(",", "."): null

26-05-2025T09:33:31 - [TEST_STEP][PASSED] - println("file Fact: " + file): null

26-05-2025T09:33:31 - [TEST_STEP][PASSED] - fileDouble = file.toDouble(): null

26-05-2025T09:33:31 - [TEST_STEP][PASSED] - typeOfData = "Факт в процентах": null

26-05-2025T09:33:31 - [TEST_STEP][PASSED] - fileDouble = file.toDouble(): null

26-05-2025T09:33:31 - [TEST_STEP][PASSED] - pageDouble = page2.toDouble(): null

26-05-2025T09:33:31 - [TEST_STEP][PASSED] - if (fileDouble != pageDouble): null

26-05-2025T09:33:31 - [TEST_STEP][PASSED] - numberOfErrors = numberOfErrors + 1: null

26-05-2025T09:33:31 - [TEST_STEP][PASSED] - Script1718980020443.WriteToExcel(a, typeOfData, todaysDate, pageInt, fileInt, pageDouble, fileDouble, dZO): null

26-05-2025T09:33:31 - [TEST_STEP][PASSED] - sheetName = "Sheet1": null

26-05-2025T09:33:31 - [TEST_STEP][PASSED] - data = findTestData("PlanFact"): null

26-05-2025T09:33:31 - [TEST_STEP][PASSED] - n = data.getRowNumbers() + 1: null

26-05-2025T09:33:31 - [TEST_STEP][PASSED] - day = ")).toInteger(): null

26-05-2025T09:33:31 - [TEST_STEP][PASSED] - println(day): null

26-05-2025T09:33:31 - [TEST_STEP][PASSED] - month = ")).toInteger(): null

26-05-2025T09:33:31 - [TEST_STEP][PASSED] - println(month): null

26-05-2025T09:33:31 - [TEST_STEP][PASSED] - y = <not implemented yet for class: org.codehaus.groovy.ast.expr.EmptyExpression>: null

26-05-2025T09:33:31 - [TEST_STEP][PASSED] - iy = <not implemented yet for class: org.codehaus.groovy.ast.expr.EmptyExpression>: null

26-05-2025T09:33:31 - [TEST_STEP][PASSED] - m = getText(findTestObject("Выполнение бизнес-плана/Период")): Text of object 'Object Repository/Выполнение бизнес-плана/Период' is: '1 кв. 2025 года'

26-05-2025T09:33:31 - [MESSAGE][PASSED] - Text of object 'Object Repository/Выполнение бизнес-плана/Период' is: '1 кв. 2025 года'

26-05-2025T09:33:31 - [TEST_STEP][PASSED] - iy = m.indexOf("20"): null

26-05-2025T09:33:31 - [TEST_STEP][PASSED] - if (iy > -1): null

26-05-2025T09:33:31 - [TEST_STEP][PASSED] - y = substring(iy, iy + 4).toInteger(): null

26-05-2025T09:33:31 - [TEST_STEP][PASSED] - println(y): null

26-05-2025T09:33:31 - [TEST_STEP][PASSED] - if (toString().length() == 4): null

26-05-2025T09:33:31 - [TEST_STEP][PASSED] - m = m.substring(0, m.indexOf(y.toString())): null

26-05-2025T09:33:31 - [TEST_STEP][PASSED] - m = m.trim(): null

26-05-2025T09:33:31 - [TEST_STEP][PASSED] - if (m == ""): null

26-05-2025T09:33:31 - [TEST_STEP][PASSED] - dashboardName = "Выполнение бизнес-плана": null

26-05-2025T09:33:31 - [TEST_STEP][PASSED] - workbook01 = getWorkbook(excelFilePath): null

26-05-2025T09:33:31 - [TEST_STEP][PASSED] - sheet01 = getExcelSheet(workbook01, sheetName): null

26-05-2025T09:33:31 - [TEST_STEP][PASSED] - setValueToCellByIndex(sheet01, n, 0, dashboardName): null

26-05-2025T09:33:31 - [TEST_STEP][PASSED] - setValueToCellByIndex(sheet01, n, 1, dZO): null

26-05-2025T09:33:31 - [TEST_STEP][PASSED] - setValueToCellByIndex(sheet01, n, 2, typeOfData): null

26-05-2025T09:33:31 - [TEST_STEP][PASSED] - if (typeOfData == "Факт в процентах" || typeOfData == "План в процентах"): null

26-05-2025T09:33:31 - [TEST_STEP][PASSED] - setValueToCellByIndex(sheet01, n, 3, fileDouble): null

26-05-2025T09:33:31 - [TEST_STEP][PASSED] - setValueToCellByIndex(sheet01, n, 4, pageDouble): null

26-05-2025T09:33:31 - [TEST_STEP][PASSED] - setValueToCellByIndex(sheet01, n, 5, m): null

26-05-2025T09:33:31 - [TEST_STEP][PASSED] - setValueToCellByIndex(sheet01, n, 6, y): null

26-05-2025T09:33:31 - [TEST_STEP][PASSED] - setValueToCellByIndex(sheet01, n, 7, todaysDate): null

26-05-2025T09:33:31 - [TEST_STEP][PASSED] - n = n + 1: null

26-05-2025T09:33:31 - [TEST_STEP][PASSED] - saveWorkbook(excelFilePath, workbook01): null

26-05-2025T09:33:31 - [TEST_STEP][FAILED] - if (verifyEqual(numberOfErrors, 0) == false): null

26-05-2025T09:33:31 - [MESSAGE][FAILED] - Unable to verify equal between actual object '6' and expected object '0' (Root cause: com.kms.katalon.core.exception.StepFailedException: Actual object '6' and expected object '0' are not equal
	at com.kms.katalon.core.keyword.builtin.VerifyEqualKeyword$_verifyEqual_closure1.doCall(VerifyEqualKeyword.groovy:58)
	at com.kms.katalon.core.keyword.builtin.VerifyEqualKeyword$_verifyEqual_closure1.call(VerifyEqualKeyword.groovy)
	at com.kms.katalon.core.keyword.internal.KeywordMain.runKeyword(KeywordMain.groovy:75)
	at com.kms.katalon.core.keyword.builtin.VerifyEqualKeyword.verifyEqual(VerifyEqualKeyword.groovy:63)
	at com.kms.katalon.core.keyword.builtin.VerifyEqualKeyword.execute(VerifyEqualKeyword.groovy:44)
	at com.kms.katalon.core.keyword.internal.KeywordExecutor.executeKeywordForPlatform(KeywordExecutor.groovy:74)
	at com.kms.katalon.core.keyword.BuiltinKeywords.verifyEqual(BuiltinKeywords.groovy:146)
	at jdk.internal.reflect.GeneratedMethodAccessor23.invoke(Unknown Source)
	at java.base/jdk.internal.reflect.DelegatingMethodAccessorImpl.invoke(DelegatingMethodAccessorImpl.java:43)
	at Выполнение бизнес-плана Сверка ПАО Россети все филиалы.Numbers(Выполнение бизнес-плана Сверка ПАО Россети все филиалы:749)
	at Выполнение бизнес-плана Сверка ПАО Россети все филиалы.Filials(Выполнение бизнес-плана Сверка ПАО Россети все филиалы:932)
	at Выполнение бизнес-плана Сверка ПАО Россети все филиалы.Numbers(Выполнение бизнес-плана Сверка ПАО Россети все филиалы:756)
	at Выполнение бизнес-плана Сверка ПАО Россети все филиалы.run(Выполнение бизнес-плана Сверка ПАО Россети все филиалы:227)
	at com.kms.katalon.core.main.ScriptEngine.run(ScriptEngine.java:194)
	at com.kms.katalon.core.main.ScriptEngine.runScriptAsRawText(ScriptEngine.java:119)
	at com.kms.katalon.core.main.TestCaseExecutor.runScript(TestCaseExecutor.java:448)
	at com.kms.katalon.core.main.TestCaseExecutor.doExecute(TestCaseExecutor.java:439)
	at com.kms.katalon.core.main.TestCaseExecutor.processExecutionPhase(TestCaseExecutor.java:418)
	at com.kms.katalon.core.main.TestCaseExecutor.accessMainPhase(TestCaseExecutor.java:410)
	at com.kms.katalon.core.main.TestCaseExecutor.execute(TestCaseExecutor.java:285)
	at com.kms.katalon.core.common.CommonExecutor.accessTestCaseMainPhase(CommonExecutor.java:65)
	at com.kms.katalon.core.main.TestSuiteExecutor.accessTestSuiteMainPhase(TestSuiteExecutor.java:150)
	at com.kms.katalon.core.main.TestSuiteExecutor.execute(TestSuiteExecutor.java:106)
	at com.kms.katalon.core.main.TestCaseMain.startTestSuite(TestCaseMain.java:180)
	at TempTestSuite1748228991768.run(TempTestSuite1748228991768.groovy:35)
	at java.base/jdk.internal.reflect.NativeMethodAccessorImpl.invoke0(Native Method)
	at java.base/jdk.internal.reflect.NativeMethodAccessorImpl.invoke(NativeMethodAccessorImpl.java:77)
	at java.base/jdk.internal.reflect.DelegatingMethodAccessorImpl.invoke(DelegatingMethodAccessorImpl.java:43)
)

26-05-2025T09:33:31 - [TEST_STEP][PASSED] - println(numberOfErrors): null

26-05-2025T09:33:31 - [TEST_STEP][PASSED] - println("a=" + a): null

26-05-2025T09:33:31 - [TEST_STEP][PASSED] - if (a == 28 || a == 77 || a == 74 || a == 65 || a == 36 || a == 44 || a == 54 || a == 1 || a == 18 || a == 59): null

26-05-2025T09:33:31 - [TEST_STEP][PASSED] - if (a == 82): null

26-05-2025T09:33:31 - [TEST_STEP][PASSED] - dZO = "Оренбургэнерго": null

26-05-2025T09:33:31 - [TEST_STEP][PASSED] - a = 30: null

26-05-2025T09:33:31 - [TEST_STEP][PASSED] - if (x2.contains(dZO)): null

26-05-2025T09:33:31 - [TEST_STEP][PASSED] - filialNum = filialNum + 1: null

26-05-2025T09:33:31 - [TEST_STEP][PASSED] - Script1718980020443.Numbers(a, typeOfData, todaysDate, pageInt, fileInt, pageDouble, fileDouble, dZO, dzoNum, filialNum): null

26-05-2025T09:33:31 - [TEST_STEP][PASSED] - println(dzoNum): null

26-05-2025T09:33:31 - [TEST_STEP][PASSED] - planFact = <not implemented yet for class: org.codehaus.groovy.ast.expr.EmptyExpression>: null

26-05-2025T09:33:31 - [TEST_STEP][PASSED] - page = <not implemented yet for class: org.codehaus.groovy.ast.expr.EmptyExpression>: null

26-05-2025T09:33:31 - [TEST_STEP][PASSED] - page1 = <not implemented yet for class: org.codehaus.groovy.ast.expr.EmptyExpression>: null

26-05-2025T09:33:31 - [TEST_STEP][PASSED] - page2 = <not implemented yet for class: org.codehaus.groovy.ast.expr.EmptyExpression>: null

26-05-2025T09:33:31 - [TEST_STEP][PASSED] - filialNumberInRow = <not implemented yet for class: org.codehaus.groovy.ast.expr.EmptyExpression>: null

26-05-2025T09:33:31 - [TEST_STEP][PASSED] - filialsDzoNames = <not implemented yet for class: org.codehaus.groovy.ast.expr.EmptyExpression>: null

26-05-2025T09:33:31 - [TEST_STEP][PASSED] - numberOfFilials = <not implemented yet for class: org.codehaus.groovy.ast.expr.EmptyExpression>: null

26-05-2025T09:33:31 - [TEST_STEP][PASSED] - numberOfSpaces = <not implemented yet for class: org.codehaus.groovy.ast.expr.EmptyExpression>: null

26-05-2025T09:33:31 - [TEST_STEP][PASSED] - file = <not implemented yet for class: org.codehaus.groovy.ast.expr.EmptyExpression>: null

26-05-2025T09:33:31 - [TEST_STEP][PASSED] - otpusk = <not implemented yet for class: org.codehaus.groovy.ast.expr.EmptyExpression>: null

26-05-2025T09:33:31 - [TEST_STEP][PASSED] - poteri = <not implemented yet for class: org.codehaus.groovy.ast.expr.EmptyExpression>: null

26-05-2025T09:33:31 - [TEST_STEP][PASSED] - dataFolder = "Выполнение бизнес-плана/Значения со страницы Выполнение бизнес-плана/": null

26-05-2025T09:33:31 - [TEST_STEP][PASSED] - path = <not implemented yet for class: org.codehaus.groovy.ast.expr.EmptyExpression>: null

26-05-2025T09:33:31 - [TEST_STEP][PASSED] - typeOfDataMain = <not implemented yet for class: org.codehaus.groovy.ast.expr.EmptyExpression>: null

26-05-2025T09:33:31 - [TEST_STEP][PASSED] - fileOtpuskVSet = <not implemented yet for class: org.codehaus.groovy.ast.expr.EmptyExpression>: null

26-05-2025T09:33:31 - [TEST_STEP][PASSED] - pageOtpuskVSet = <not implemented yet for class: org.codehaus.groovy.ast.expr.EmptyExpression>: null

26-05-2025T09:33:31 - [TEST_STEP][PASSED] - filePoteri = <not implemented yet for class: org.codehaus.groovy.ast.expr.EmptyExpression>: null

26-05-2025T09:33:31 - [TEST_STEP][PASSED] - pagePoteri = <not implemented yet for class: org.codehaus.groovy.ast.expr.EmptyExpression>: null

26-05-2025T09:33:31 - [TEST_STEP][PASSED] - compare = <not implemented yet for class: org.codehaus.groovy.ast.expr.EmptyExpression>: null

26-05-2025T09:33:31 - [TEST_STEP][PASSED] - b = <not implemented yet for class: org.codehaus.groovy.ast.expr.EmptyExpression>: null

26-05-2025T09:33:31 - [TEST_STEP][PASSED] - i = <not implemented yet for class: org.codehaus.groovy.ast.expr.EmptyExpression>: null

26-05-2025T09:33:31 - [TEST_STEP][PASSED] - ii = <not implemented yet for class: org.codehaus.groovy.ast.expr.EmptyExpression>: null

26-05-2025T09:33:31 - [TEST_STEP][PASSED] - c = <not implemented yet for class: org.codehaus.groovy.ast.expr.EmptyExpression>: null

26-05-2025T09:33:31 - [TEST_STEP][PASSED] - numberOfErrors = 0: null

26-05-2025T09:33:31 - [TEST_STEP][PASSED] - if (a == 82): null

26-05-2025T09:33:31 - [TEST_STEP][PASSED] - b = findTestData("PlanFact").getValue(1, a): null

26-05-2025T09:33:32 - [TEST_STEP][PASSED] - i = b.indexOf(" (ГК)"): null

26-05-2025T09:33:32 - [TEST_STEP][PASSED] - if (i > -1): null

26-05-2025T09:33:32 - [TEST_STEP][PASSED] - i = b.indexOf("О ""): null

26-05-2025T09:33:32 - [TEST_STEP][PASSED] - if (i > -1): null

26-05-2025T09:33:32 - [TEST_STEP][PASSED] - i = b.indexOf("О «"): null

26-05-2025T09:33:32 - [TEST_STEP][PASSED] - if (i > -1): null

26-05-2025T09:33:32 - [TEST_STEP][PASSED] - i = b.indexOf("г. "): null

26-05-2025T09:33:32 - [TEST_STEP][PASSED] - if (i > -1): null

26-05-2025T09:33:32 - [TEST_STEP][PASSED] - b = b.trim(): null

26-05-2025T09:33:32 - [TEST_STEP][PASSED] - println(b): null

26-05-2025T09:33:32 - [TEST_STEP][PASSED] - for ([planFact = 1, planFact < 3, (planFact++)]): null

26-05-2025T09:33:32 - [TEST_STEP][PASSED] - if (planFact == 1): null

26-05-2025T09:33:32 - [TEST_STEP][PASSED] - typeOfDataMain = "Факт": null

26-05-2025T09:33:32 - [TEST_STEP][PASSED] - otpusk = findTestData("PlanFact").getValue(5, a): null

26-05-2025T09:33:32 - [TEST_STEP][PASSED] - poteri = findTestData("PlanFact").getValue(6, a): null

26-05-2025T09:33:32 - [TEST_STEP][PASSED] - otpusk = otpusk.replaceAll("\s+", ""): null

26-05-2025T09:33:32 - [TEST_STEP][PASSED] - poteri = poteri.replaceAll("\s+", ""): null

26-05-2025T09:33:32 - [TEST_STEP][PASSED] - typeOfData = typeOfDataMain + " Отпуск в сеть": null

26-05-2025T09:33:32 - [TEST_STEP][PASSED] - if (a == 82): null

26-05-2025T09:33:32 - [TEST_STEP][PASSED] - else if (a == 84): null

26-05-2025T09:33:32 - [TEST_STEP][PASSED] - else if (a == 83 || a == 52 || a == 72 || a == 28 || a == 73 || a == 77 || a == 74 || a == 65 || a == 36 || a == 44 || a == 53 || a == 80 || a == 54 || a == 1 || a == 18 || a == 59 || a == 81): null

26-05-2025T09:33:32 - [TEST_STEP][PASSED] - else: null

26-05-2025T09:33:32 - [TEST_STEP][PASSED] - path = dataFolder + typeOfData + " за отчётный период " + b: null

26-05-2025T09:33:32 - [TEST_STEP][PASSED] - println(path): null

26-05-2025T09:33:32 - [TEST_STEP][PASSED] - page = getText(findTestObject(path)): Text of object 'Object Repository/Выполнение бизнес-плана/Значения со страницы Выполнение бизнес-плана/Факт Отпуск в сеть за отчётный период Оренбургэнерго' is: '877 952'

26-05-2025T09:33:32 - [MESSAGE][PASSED] - Text of object 'Object Repository/Выполнение бизнес-плана/Значения со страницы Выполнение бизнес-плана/Факт Отпуск в сеть за отчётный период Оренбургэнерго' is: '877 952'

26-05-2025T09:33:32 - [TEST_STEP][PASSED] - if (page == "" || page == null): null

26-05-2025T09:33:32 - [TEST_STEP][PASSED] - else: null

26-05-2025T09:33:32 - [TEST_STEP][PASSED] - page = page.replaceAll("\s+", ""): null

26-05-2025T09:33:32 - [TEST_STEP][PASSED] - if (page == "undefined"): null

26-05-2025T09:33:32 - [TEST_STEP][PASSED] - fileOtpuskVSet = otpusk.toInteger(): null

26-05-2025T09:33:32 - [TEST_STEP][PASSED] - pageOtpuskVSet = page.toInteger(): null

26-05-2025T09:33:32 - [TEST_STEP][PASSED] - typeOfData = typeOfDataMain + " Потери": null

26-05-2025T09:33:32 - [TEST_STEP][PASSED] - if (a == 82): null

26-05-2025T09:33:32 - [TEST_STEP][PASSED] - else if (a == 84): null

26-05-2025T09:33:32 - [TEST_STEP][PASSED] - else if (a == 83 || a == 52 || a == 72 || a == 28 || a == 73 || a == 77 || a == 74 || a == 65 || a == 36 || a == 44 || a == 53 || a == 80 || a == 54 || a == 1 || a == 18 || a == 59 || a == 81): null

26-05-2025T09:33:32 - [TEST_STEP][PASSED] - else: null

26-05-2025T09:33:32 - [TEST_STEP][PASSED] - path = dataFolder + typeOfData + " за отчётный период " + b: null

26-05-2025T09:33:32 - [TEST_STEP][PASSED] - page = getText(findTestObject(path)): Text of object 'Object Repository/Выполнение бизнес-плана/Значения со страницы Выполнение бизнес-плана/Факт Потери за отчётный период Оренбургэнерго' is: '79 955'

26-05-2025T09:33:32 - [MESSAGE][PASSED] - Text of object 'Object Repository/Выполнение бизнес-плана/Значения со страницы Выполнение бизнес-плана/Факт Потери за отчётный период Оренбургэнерго' is: '79 955'

26-05-2025T09:33:32 - [TEST_STEP][PASSED] - if (page == "" || page == null): null

26-05-2025T09:33:32 - [TEST_STEP][PASSED] - else: null

26-05-2025T09:33:32 - [TEST_STEP][PASSED] - page = page.replaceAll("\s+", ""): null

26-05-2025T09:33:32 - [TEST_STEP][PASSED] - if (page == "undefined"): null

26-05-2025T09:33:32 - [TEST_STEP][PASSED] - filePoteri = poteri.toInteger(): null

26-05-2025T09:33:32 - [TEST_STEP][PASSED] - pagePoteri = page.toInteger(): null

26-05-2025T09:33:32 - [TEST_STEP][PASSED] - compare = pageOtpuskVSet: null

26-05-2025T09:33:32 - [TEST_STEP][PASSED] - if (pageOtpuskVSet != null): null

26-05-2025T09:33:32 - [TEST_STEP][PASSED] - if (compare == fileOtpuskVSet): null

26-05-2025T09:33:32 - [TEST_STEP][PASSED] - else if (compare > fileOtpuskVSet): null

26-05-2025T09:33:32 - [TEST_STEP][PASSED] - else if (compare < fileOtpuskVSet): null

26-05-2025T09:33:32 - [TEST_STEP][PASSED] - compare = compare + 1: null

26-05-2025T09:33:32 - [TEST_STEP][PASSED] - if (compare == fileOtpuskVSet): null

26-05-2025T09:33:32 - [TEST_STEP][PASSED] - else: null

26-05-2025T09:33:32 - [TEST_STEP][PASSED] - numberOfErrors = numberOfErrors + 1: null

26-05-2025T09:33:32 - [TEST_STEP][PASSED] - pageInt = pageOtpuskVSet: null

26-05-2025T09:33:32 - [TEST_STEP][PASSED] - fileInt = fileOtpuskVSet: null

26-05-2025T09:33:32 - [TEST_STEP][PASSED] - typeOfData = typeOfDataMain + " Отпуск в сеть": null

26-05-2025T09:33:32 - [TEST_STEP][PASSED] - Script1718980020443.WriteToExcel(a, typeOfData, todaysDate, pageInt, fileInt, pageDouble, fileDouble, dZO): null

26-05-2025T09:33:32 - [TEST_STEP][PASSED] - sheetName = "Sheet1": null

26-05-2025T09:33:32 - [TEST_STEP][PASSED] - data = findTestData("PlanFact"): null

26-05-2025T09:33:32 - [TEST_STEP][PASSED] - n = data.getRowNumbers() + 1: null

26-05-2025T09:33:32 - [TEST_STEP][PASSED] - day = ")).toInteger(): null

26-05-2025T09:33:32 - [TEST_STEP][PASSED] - println(day): null

26-05-2025T09:33:32 - [TEST_STEP][PASSED] - month = ")).toInteger(): null

26-05-2025T09:33:32 - [TEST_STEP][PASSED] - println(month): null

26-05-2025T09:33:32 - [TEST_STEP][PASSED] - y = <not implemented yet for class: org.codehaus.groovy.ast.expr.EmptyExpression>: null

26-05-2025T09:33:32 - [TEST_STEP][PASSED] - iy = <not implemented yet for class: org.codehaus.groovy.ast.expr.EmptyExpression>: null

26-05-2025T09:33:32 - [TEST_STEP][PASSED] - m = getText(findTestObject("Выполнение бизнес-плана/Период")): Text of object 'Object Repository/Выполнение бизнес-плана/Период' is: '1 кв. 2025 года'

26-05-2025T09:33:33 - [MESSAGE][PASSED] - Text of object 'Object Repository/Выполнение бизнес-плана/Период' is: '1 кв. 2025 года'

26-05-2025T09:33:33 - [TEST_STEP][PASSED] - iy = m.indexOf("20"): null

26-05-2025T09:33:33 - [TEST_STEP][PASSED] - if (iy > -1): null

26-05-2025T09:33:33 - [TEST_STEP][PASSED] - y = substring(iy, iy + 4).toInteger(): null

26-05-2025T09:33:33 - [TEST_STEP][PASSED] - println(y): null

26-05-2025T09:33:33 - [TEST_STEP][PASSED] - if (toString().length() == 4): null

26-05-2025T09:33:33 - [TEST_STEP][PASSED] - m = m.substring(0, m.indexOf(y.toString())): null

26-05-2025T09:33:33 - [TEST_STEP][PASSED] - m = m.trim(): null

26-05-2025T09:33:33 - [TEST_STEP][PASSED] - if (m == ""): null

26-05-2025T09:33:33 - [TEST_STEP][PASSED] - dashboardName = "Выполнение бизнес-плана": null

26-05-2025T09:33:33 - [TEST_STEP][PASSED] - workbook01 = getWorkbook(excelFilePath): null

26-05-2025T09:33:33 - [TEST_STEP][PASSED] - sheet01 = getExcelSheet(workbook01, sheetName): null

26-05-2025T09:33:33 - [TEST_STEP][PASSED] - setValueToCellByIndex(sheet01, n, 0, dashboardName): null

26-05-2025T09:33:33 - [TEST_STEP][PASSED] - setValueToCellByIndex(sheet01, n, 1, dZO): null

26-05-2025T09:33:33 - [TEST_STEP][PASSED] - setValueToCellByIndex(sheet01, n, 2, typeOfData): null

26-05-2025T09:33:33 - [TEST_STEP][PASSED] - if (typeOfData == "Факт в процентах" || typeOfData == "План в процентах"): null

26-05-2025T09:33:33 - [TEST_STEP][PASSED] - else: null

26-05-2025T09:33:33 - [TEST_STEP][PASSED] - setValueToCellByIndex(sheet01, n, 3, fileInt): null

26-05-2025T09:33:33 - [TEST_STEP][PASSED] - setValueToCellByIndex(sheet01, n, 4, pageInt): null

26-05-2025T09:33:33 - [TEST_STEP][PASSED] - setValueToCellByIndex(sheet01, n, 5, m): null

26-05-2025T09:33:33 - [TEST_STEP][PASSED] - setValueToCellByIndex(sheet01, n, 6, y): null

26-05-2025T09:33:33 - [TEST_STEP][PASSED] - setValueToCellByIndex(sheet01, n, 7, todaysDate): null

26-05-2025T09:33:33 - [TEST_STEP][PASSED] - n = n + 1: null

26-05-2025T09:33:33 - [TEST_STEP][PASSED] - saveWorkbook(excelFilePath, workbook01): null

26-05-2025T09:33:33 - [TEST_STEP][PASSED] - compare = pagePoteri: null

26-05-2025T09:33:33 - [TEST_STEP][PASSED] - if (pageOtpuskVSet != null): null

26-05-2025T09:33:33 - [TEST_STEP][PASSED] - if (compare == filePoteri): null

26-05-2025T09:33:33 - [TEST_STEP][PASSED] - else if (compare > filePoteri): null

26-05-2025T09:33:33 - [TEST_STEP][PASSED] - else if (compare < filePoteri): null

26-05-2025T09:33:33 - [TEST_STEP][PASSED] - compare = compare + 1: null

26-05-2025T09:33:33 - [TEST_STEP][PASSED] - if (compare == filePoteri): null

26-05-2025T09:33:33 - [TEST_STEP][PASSED] - else: null

26-05-2025T09:33:33 - [TEST_STEP][PASSED] - numberOfErrors = numberOfErrors + 1: null

26-05-2025T09:33:33 - [TEST_STEP][PASSED] - pageInt = pagePoteri: null

26-05-2025T09:33:33 - [TEST_STEP][PASSED] - fileInt = filePoteri: null

26-05-2025T09:33:33 - [TEST_STEP][PASSED] - typeOfData = typeOfDataMain + " Потери": null

26-05-2025T09:33:33 - [TEST_STEP][PASSED] - Script1718980020443.WriteToExcel(a, typeOfData, todaysDate, pageInt, fileInt, pageDouble, fileDouble, dZO): null

26-05-2025T09:33:33 - [TEST_STEP][PASSED] - sheetName = "Sheet1": null

26-05-2025T09:33:33 - [TEST_STEP][PASSED] - data = findTestData("PlanFact"): null

26-05-2025T09:33:33 - [TEST_STEP][PASSED] - n = data.getRowNumbers() + 1: null

26-05-2025T09:33:33 - [TEST_STEP][PASSED] - day = ")).toInteger(): null

26-05-2025T09:33:33 - [TEST_STEP][PASSED] - println(day): null

26-05-2025T09:33:33 - [TEST_STEP][PASSED] - month = ")).toInteger(): null

26-05-2025T09:33:33 - [TEST_STEP][PASSED] - println(month): null

26-05-2025T09:33:33 - [TEST_STEP][PASSED] - y = <not implemented yet for class: org.codehaus.groovy.ast.expr.EmptyExpression>: null

26-05-2025T09:33:33 - [TEST_STEP][PASSED] - iy = <not implemented yet for class: org.codehaus.groovy.ast.expr.EmptyExpression>: null

26-05-2025T09:33:33 - [TEST_STEP][PASSED] - m = getText(findTestObject("Выполнение бизнес-плана/Период")): Text of object 'Object Repository/Выполнение бизнес-плана/Период' is: '1 кв. 2025 года'

26-05-2025T09:33:33 - [MESSAGE][PASSED] - Text of object 'Object Repository/Выполнение бизнес-плана/Период' is: '1 кв. 2025 года'

26-05-2025T09:33:33 - [TEST_STEP][PASSED] - iy = m.indexOf("20"): null

26-05-2025T09:33:33 - [TEST_STEP][PASSED] - if (iy > -1): null

26-05-2025T09:33:33 - [TEST_STEP][PASSED] - y = substring(iy, iy + 4).toInteger(): null

26-05-2025T09:33:33 - [TEST_STEP][PASSED] - println(y): null

26-05-2025T09:33:33 - [TEST_STEP][PASSED] - if (toString().length() == 4): null

26-05-2025T09:33:33 - [TEST_STEP][PASSED] - m = m.substring(0, m.indexOf(y.toString())): null

26-05-2025T09:33:33 - [TEST_STEP][PASSED] - m = m.trim(): null

26-05-2025T09:33:33 - [TEST_STEP][PASSED] - if (m == ""): null

26-05-2025T09:33:33 - [TEST_STEP][PASSED] - dashboardName = "Выполнение бизнес-плана": null

26-05-2025T09:33:33 - [TEST_STEP][PASSED] - workbook01 = getWorkbook(excelFilePath): null

26-05-2025T09:33:33 - [TEST_STEP][PASSED] - sheet01 = getExcelSheet(workbook01, sheetName): null

26-05-2025T09:33:33 - [TEST_STEP][PASSED] - setValueToCellByIndex(sheet01, n, 0, dashboardName): null

26-05-2025T09:33:33 - [TEST_STEP][PASSED] - setValueToCellByIndex(sheet01, n, 1, dZO): null

26-05-2025T09:33:33 - [TEST_STEP][PASSED] - setValueToCellByIndex(sheet01, n, 2, typeOfData): null

26-05-2025T09:33:33 - [TEST_STEP][PASSED] - if (typeOfData == "Факт в процентах" || typeOfData == "План в процентах"): null

26-05-2025T09:33:33 - [TEST_STEP][PASSED] - else: null

26-05-2025T09:33:33 - [TEST_STEP][PASSED] - setValueToCellByIndex(sheet01, n, 3, fileInt): null

26-05-2025T09:33:33 - [TEST_STEP][PASSED] - setValueToCellByIndex(sheet01, n, 4, pageInt): null

26-05-2025T09:33:33 - [TEST_STEP][PASSED] - setValueToCellByIndex(sheet01, n, 5, m): null

26-05-2025T09:33:33 - [TEST_STEP][PASSED] - setValueToCellByIndex(sheet01, n, 6, y): null

26-05-2025T09:33:33 - [TEST_STEP][PASSED] - setValueToCellByIndex(sheet01, n, 7, todaysDate): null

26-05-2025T09:33:33 - [TEST_STEP][PASSED] - n = n + 1: null

26-05-2025T09:33:33 - [TEST_STEP][PASSED] - saveWorkbook(excelFilePath, workbook01): null

26-05-2025T09:33:34 - [TEST_STEP][PASSED] - if (planFact == 2): null

26-05-2025T09:33:34 - [TEST_STEP][PASSED] - if (planFact == 1): null

26-05-2025T09:33:34 - [TEST_STEP][PASSED] - else if (planFact == 2): null

26-05-2025T09:33:34 - [TEST_STEP][PASSED] - click(findTestObject("Выполнение бизнес-плана/Кнопка План")): Object: 'Object Repository/Выполнение бизнес-плана/Кнопка План' is clicked on

26-05-2025T09:33:34 - [MESSAGE][PASSED] - Object: 'Object Repository/Выполнение бизнес-плана/Кнопка План' is clicked on

26-05-2025T09:33:34 - [TEST_STEP][PASSED] - typeOfDataMain = "План": null

26-05-2025T09:33:34 - [TEST_STEP][PASSED] - otpusk = findTestData("PlanFact").getValue(2, a): null

26-05-2025T09:33:34 - [TEST_STEP][PASSED] - poteri = findTestData("PlanFact").getValue(3, a): null

26-05-2025T09:33:34 - [TEST_STEP][PASSED] - otpusk = otpusk.replaceAll("\s+", ""): null

26-05-2025T09:33:34 - [TEST_STEP][PASSED] - poteri = poteri.replaceAll("\s+", ""): null

26-05-2025T09:33:34 - [TEST_STEP][PASSED] - typeOfData = typeOfDataMain + " Отпуск в сеть": null

26-05-2025T09:33:34 - [TEST_STEP][PASSED] - if (a == 82): null

26-05-2025T09:33:34 - [TEST_STEP][PASSED] - else if (a == 84): null

26-05-2025T09:33:34 - [TEST_STEP][PASSED] - else if (a == 83 || a == 52 || a == 72 || a == 28 || a == 73 || a == 77 || a == 74 || a == 65 || a == 36 || a == 44 || a == 53 || a == 80 || a == 54 || a == 1 || a == 18 || a == 59 || a == 81): null

26-05-2025T09:33:34 - [TEST_STEP][PASSED] - else: null

26-05-2025T09:33:34 - [TEST_STEP][PASSED] - path = dataFolder + typeOfData + " за отчётный период " + b: null

26-05-2025T09:33:34 - [TEST_STEP][PASSED] - println(path): null

26-05-2025T09:33:34 - [TEST_STEP][PASSED] - page = getText(findTestObject(path)): Text of object 'Object Repository/Выполнение бизнес-плана/Значения со страницы Выполнение бизнес-плана/План Отпуск в сеть за отчётный период Оренбургэнерго' is: '909 574'

26-05-2025T09:33:34 - [MESSAGE][PASSED] - Text of object 'Object Repository/Выполнение бизнес-плана/Значения со страницы Выполнение бизнес-плана/План Отпуск в сеть за отчётный период Оренбургэнерго' is: '909 574'

26-05-2025T09:33:34 - [TEST_STEP][PASSED] - if (page == "" || page == null): null

26-05-2025T09:33:34 - [TEST_STEP][PASSED] - else: null

26-05-2025T09:33:34 - [TEST_STEP][PASSED] - page = page.replaceAll("\s+", ""): null

26-05-2025T09:33:34 - [TEST_STEP][PASSED] - if (page == "undefined"): null

26-05-2025T09:33:34 - [TEST_STEP][PASSED] - fileOtpuskVSet = otpusk.toInteger(): null

26-05-2025T09:33:34 - [TEST_STEP][PASSED] - pageOtpuskVSet = page.toInteger(): null

26-05-2025T09:33:34 - [TEST_STEP][PASSED] - typeOfData = typeOfDataMain + " Потери": null

26-05-2025T09:33:34 - [TEST_STEP][PASSED] - if (a == 82): null

26-05-2025T09:33:34 - [TEST_STEP][PASSED] - else if (a == 84): null

26-05-2025T09:33:34 - [TEST_STEP][PASSED] - else if (a == 83 || a == 52 || a == 72 || a == 28 || a == 73 || a == 77 || a == 74 || a == 65 || a == 36 || a == 44 || a == 53 || a == 80 || a == 54 || a == 1 || a == 18 || a == 59 || a == 81): null

26-05-2025T09:33:34 - [TEST_STEP][PASSED] - else: null

26-05-2025T09:33:34 - [TEST_STEP][PASSED] - path = dataFolder + typeOfData + " за отчётный период " + b: null

26-05-2025T09:33:34 - [TEST_STEP][PASSED] - page = getText(findTestObject(path)): Text of object 'Object Repository/Выполнение бизнес-плана/Значения со страницы Выполнение бизнес-плана/План Потери за отчётный период Оренбургэнерго' is: '94 703'

26-05-2025T09:33:35 - [MESSAGE][PASSED] - Text of object 'Object Repository/Выполнение бизнес-плана/Значения со страницы Выполнение бизнес-плана/План Потери за отчётный период Оренбургэнерго' is: '94 703'

26-05-2025T09:33:35 - [TEST_STEP][PASSED] - if (page == "" || page == null): null

26-05-2025T09:33:35 - [TEST_STEP][PASSED] - else: null

26-05-2025T09:33:35 - [TEST_STEP][PASSED] - page = page.replaceAll("\s+", ""): null

26-05-2025T09:33:35 - [TEST_STEP][PASSED] - if (page == "undefined"): null

26-05-2025T09:33:35 - [TEST_STEP][PASSED] - filePoteri = poteri.toInteger(): null

26-05-2025T09:33:35 - [TEST_STEP][PASSED] - pagePoteri = page.toInteger(): null

26-05-2025T09:33:35 - [TEST_STEP][PASSED] - compare = pageOtpuskVSet: null

26-05-2025T09:33:35 - [TEST_STEP][PASSED] - if (pageOtpuskVSet != null): null

26-05-2025T09:33:35 - [TEST_STEP][PASSED] - if (compare == fileOtpuskVSet): null

26-05-2025T09:33:35 - [TEST_STEP][PASSED] - else if (compare > fileOtpuskVSet): null

26-05-2025T09:33:35 - [TEST_STEP][PASSED] - else if (compare < fileOtpuskVSet): null

26-05-2025T09:33:35 - [TEST_STEP][PASSED] - compare = compare + 1: null

26-05-2025T09:33:35 - [TEST_STEP][PASSED] - if (compare == fileOtpuskVSet): null

26-05-2025T09:33:35 - [TEST_STEP][PASSED] - else: null

26-05-2025T09:33:35 - [TEST_STEP][PASSED] - numberOfErrors = numberOfErrors + 1: null

26-05-2025T09:33:35 - [TEST_STEP][PASSED] - pageInt = pageOtpuskVSet: null

26-05-2025T09:33:35 - [TEST_STEP][PASSED] - fileInt = fileOtpuskVSet: null

26-05-2025T09:33:35 - [TEST_STEP][PASSED] - typeOfData = typeOfDataMain + " Отпуск в сеть": null

26-05-2025T09:33:35 - [TEST_STEP][PASSED] - Script1718980020443.WriteToExcel(a, typeOfData, todaysDate, pageInt, fileInt, pageDouble, fileDouble, dZO): null

26-05-2025T09:33:35 - [TEST_STEP][PASSED] - sheetName = "Sheet1": null

26-05-2025T09:33:35 - [TEST_STEP][PASSED] - data = findTestData("PlanFact"): null

26-05-2025T09:33:35 - [TEST_STEP][PASSED] - n = data.getRowNumbers() + 1: null

26-05-2025T09:33:35 - [TEST_STEP][PASSED] - day = ")).toInteger(): null

26-05-2025T09:33:35 - [TEST_STEP][PASSED] - println(day): null

26-05-2025T09:33:35 - [TEST_STEP][PASSED] - month = ")).toInteger(): null

26-05-2025T09:33:35 - [TEST_STEP][PASSED] - println(month): null

26-05-2025T09:33:35 - [TEST_STEP][PASSED] - y = <not implemented yet for class: org.codehaus.groovy.ast.expr.EmptyExpression>: null

26-05-2025T09:33:35 - [TEST_STEP][PASSED] - iy = <not implemented yet for class: org.codehaus.groovy.ast.expr.EmptyExpression>: null

26-05-2025T09:33:35 - [TEST_STEP][PASSED] - m = getText(findTestObject("Выполнение бизнес-плана/Период")): Text of object 'Object Repository/Выполнение бизнес-плана/Период' is: '1 кв. 2025 года'

26-05-2025T09:33:35 - [MESSAGE][PASSED] - Text of object 'Object Repository/Выполнение бизнес-плана/Период' is: '1 кв. 2025 года'

26-05-2025T09:33:35 - [TEST_STEP][PASSED] - iy = m.indexOf("20"): null

26-05-2025T09:33:35 - [TEST_STEP][PASSED] - if (iy > -1): null

26-05-2025T09:33:35 - [TEST_STEP][PASSED] - y = substring(iy, iy + 4).toInteger(): null

26-05-2025T09:33:35 - [TEST_STEP][PASSED] - println(y): null

26-05-2025T09:33:35 - [TEST_STEP][PASSED] - if (toString().length() == 4): null

26-05-2025T09:33:35 - [TEST_STEP][PASSED] - m = m.substring(0, m.indexOf(y.toString())): null

26-05-2025T09:33:35 - [TEST_STEP][PASSED] - m = m.trim(): null

26-05-2025T09:33:35 - [TEST_STEP][PASSED] - if (m == ""): null

26-05-2025T09:33:35 - [TEST_STEP][PASSED] - dashboardName = "Выполнение бизнес-плана": null

26-05-2025T09:33:35 - [TEST_STEP][PASSED] - workbook01 = getWorkbook(excelFilePath): null

26-05-2025T09:33:35 - [TEST_STEP][PASSED] - sheet01 = getExcelSheet(workbook01, sheetName): null

26-05-2025T09:33:35 - [TEST_STEP][PASSED] - setValueToCellByIndex(sheet01, n, 0, dashboardName): null

26-05-2025T09:33:35 - [TEST_STEP][PASSED] - setValueToCellByIndex(sheet01, n, 1, dZO): null

26-05-2025T09:33:35 - [TEST_STEP][PASSED] - setValueToCellByIndex(sheet01, n, 2, typeOfData): null

26-05-2025T09:33:35 - [TEST_STEP][PASSED] - if (typeOfData == "Факт в процентах" || typeOfData == "План в процентах"): null

26-05-2025T09:33:35 - [TEST_STEP][PASSED] - else: null

26-05-2025T09:33:35 - [TEST_STEP][PASSED] - setValueToCellByIndex(sheet01, n, 3, fileInt): null

26-05-2025T09:33:35 - [TEST_STEP][PASSED] - setValueToCellByIndex(sheet01, n, 4, pageInt): null

26-05-2025T09:33:35 - [TEST_STEP][PASSED] - setValueToCellByIndex(sheet01, n, 5, m): null

26-05-2025T09:33:35 - [TEST_STEP][PASSED] - setValueToCellByIndex(sheet01, n, 6, y): null

26-05-2025T09:33:35 - [TEST_STEP][PASSED] - setValueToCellByIndex(sheet01, n, 7, todaysDate): null

26-05-2025T09:33:35 - [TEST_STEP][PASSED] - n = n + 1: null

26-05-2025T09:33:35 - [TEST_STEP][PASSED] - saveWorkbook(excelFilePath, workbook01): null

26-05-2025T09:33:35 - [TEST_STEP][PASSED] - compare = pagePoteri: null

26-05-2025T09:33:35 - [TEST_STEP][PASSED] - if (pageOtpuskVSet != null): null

26-05-2025T09:33:35 - [TEST_STEP][PASSED] - if (compare == filePoteri): null

26-05-2025T09:33:35 - [TEST_STEP][PASSED] - else if (compare > filePoteri): null

26-05-2025T09:33:35 - [TEST_STEP][PASSED] - else if (compare < filePoteri): null

26-05-2025T09:33:35 - [TEST_STEP][PASSED] - compare = compare + 1: null

26-05-2025T09:33:35 - [TEST_STEP][PASSED] - if (compare == filePoteri): null

26-05-2025T09:33:35 - [TEST_STEP][PASSED] - else: null

26-05-2025T09:33:35 - [TEST_STEP][PASSED] - numberOfErrors = numberOfErrors + 1: null

26-05-2025T09:33:35 - [TEST_STEP][PASSED] - pageInt = pagePoteri: null

26-05-2025T09:33:35 - [TEST_STEP][PASSED] - fileInt = filePoteri: null

26-05-2025T09:33:35 - [TEST_STEP][PASSED] - typeOfData = typeOfDataMain + " Потери": null

26-05-2025T09:33:35 - [TEST_STEP][PASSED] - Script1718980020443.WriteToExcel(a, typeOfData, todaysDate, pageInt, fileInt, pageDouble, fileDouble, dZO): null

26-05-2025T09:33:35 - [TEST_STEP][PASSED] - sheetName = "Sheet1": null

26-05-2025T09:33:35 - [TEST_STEP][PASSED] - data = findTestData("PlanFact"): null

26-05-2025T09:33:35 - [TEST_STEP][PASSED] - n = data.getRowNumbers() + 1: null

26-05-2025T09:33:35 - [TEST_STEP][PASSED] - day = ")).toInteger(): null

26-05-2025T09:33:35 - [TEST_STEP][PASSED] - println(day): null

26-05-2025T09:33:35 - [TEST_STEP][PASSED] - month = ")).toInteger(): null

26-05-2025T09:33:35 - [TEST_STEP][PASSED] - println(month): null

26-05-2025T09:33:35 - [TEST_STEP][PASSED] - y = <not implemented yet for class: org.codehaus.groovy.ast.expr.EmptyExpression>: null

26-05-2025T09:33:35 - [TEST_STEP][PASSED] - iy = <not implemented yet for class: org.codehaus.groovy.ast.expr.EmptyExpression>: null

26-05-2025T09:33:35 - [TEST_STEP][PASSED] - m = getText(findTestObject("Выполнение бизнес-плана/Период")): Text of object 'Object Repository/Выполнение бизнес-плана/Период' is: '1 кв. 2025 года'

26-05-2025T09:33:36 - [MESSAGE][PASSED] - Text of object 'Object Repository/Выполнение бизнес-плана/Период' is: '1 кв. 2025 года'

26-05-2025T09:33:36 - [TEST_STEP][PASSED] - iy = m.indexOf("20"): null

26-05-2025T09:33:36 - [TEST_STEP][PASSED] - if (iy > -1): null

26-05-2025T09:33:36 - [TEST_STEP][PASSED] - y = substring(iy, iy + 4).toInteger(): null

26-05-2025T09:33:36 - [TEST_STEP][PASSED] - println(y): null

26-05-2025T09:33:36 - [TEST_STEP][PASSED] - if (toString().length() == 4): null

26-05-2025T09:33:36 - [TEST_STEP][PASSED] - m = m.substring(0, m.indexOf(y.toString())): null

26-05-2025T09:33:36 - [TEST_STEP][PASSED] - m = m.trim(): null

26-05-2025T09:33:36 - [TEST_STEP][PASSED] - if (m == ""): null

26-05-2025T09:33:36 - [TEST_STEP][PASSED] - dashboardName = "Выполнение бизнес-плана": null

26-05-2025T09:33:36 - [TEST_STEP][PASSED] - workbook01 = getWorkbook(excelFilePath): null

26-05-2025T09:33:36 - [TEST_STEP][PASSED] - sheet01 = getExcelSheet(workbook01, sheetName): null

26-05-2025T09:33:36 - [TEST_STEP][PASSED] - setValueToCellByIndex(sheet01, n, 0, dashboardName): null

26-05-2025T09:33:36 - [TEST_STEP][PASSED] - setValueToCellByIndex(sheet01, n, 1, dZO): null

26-05-2025T09:33:36 - [TEST_STEP][PASSED] - setValueToCellByIndex(sheet01, n, 2, typeOfData): null

26-05-2025T09:33:36 - [TEST_STEP][PASSED] - if (typeOfData == "Факт в процентах" || typeOfData == "План в процентах"): null

26-05-2025T09:33:36 - [TEST_STEP][PASSED] - else: null

26-05-2025T09:33:36 - [TEST_STEP][PASSED] - setValueToCellByIndex(sheet01, n, 3, fileInt): null

26-05-2025T09:33:36 - [TEST_STEP][PASSED] - setValueToCellByIndex(sheet01, n, 4, pageInt): null

26-05-2025T09:33:36 - [TEST_STEP][PASSED] - setValueToCellByIndex(sheet01, n, 5, m): null

26-05-2025T09:33:36 - [TEST_STEP][PASSED] - setValueToCellByIndex(sheet01, n, 6, y): null

26-05-2025T09:33:36 - [TEST_STEP][PASSED] - setValueToCellByIndex(sheet01, n, 7, todaysDate): null

26-05-2025T09:33:36 - [TEST_STEP][PASSED] - n = n + 1: null

26-05-2025T09:33:36 - [TEST_STEP][PASSED] - saveWorkbook(excelFilePath, workbook01): Object: 'Object Repository/Выполнение бизнес-плана/Кнопка Факт' is clicked on

26-05-2025T09:33:36 - [TEST_STEP][PASSED] - if (planFact == 2): Object: 'Object Repository/Выполнение бизнес-плана/Кнопка Факт' is clicked on

26-05-2025T09:33:36 - [TEST_STEP][PASSED] - click(findTestObject("Выполнение бизнес-плана/Кнопка Факт")): Object: 'Object Repository/Выполнение бизнес-плана/Кнопка Факт' is clicked on

26-05-2025T09:33:36 - [MESSAGE][PASSED] - Object: 'Object Repository/Выполнение бизнес-плана/Кнопка Факт' is clicked on

26-05-2025T09:33:36 - [TEST_STEP][PASSED] - println("a=" + a): null

26-05-2025T09:33:36 - [TEST_STEP][PASSED] - if (a == 84 || a == 82): null

26-05-2025T09:33:36 - [TEST_STEP][PASSED] - else if (a == 83 || a == 52 || a == 72 || a == 28 || a == 73 || a == 77 || a == 74 || a == 65 || a == 36 || a == 44 || a == 53 || a == 80 || a == 54 || a == 1 || a == 18 || a == 59 || a == 81): null

26-05-2025T09:33:36 - [TEST_STEP][PASSED] - else: null

26-05-2025T09:33:36 - [TEST_STEP][PASSED] - page1 = getText(findTestObject("Object Repository/Выполнение бизнес-плана/spanPlan" + filialNum)): Text of object 'Object Repository/Выполнение бизнес-плана/spanPlan2' is: '10.41
|'

26-05-2025T09:33:37 - [MESSAGE][PASSED] - Text of object 'Object Repository/Выполнение бизнес-плана/spanPlan2' is: '10.41
|'

26-05-2025T09:33:37 - [TEST_STEP][PASSED] - if (page1 == null): null

26-05-2025T09:33:37 - [TEST_STEP][PASSED] - else: null

26-05-2025T09:33:37 - [TEST_STEP][PASSED] - page1 = page1.replace("|", ""): null

26-05-2025T09:33:37 - [TEST_STEP][PASSED] - page2 = getText(findTestObject("Object Repository/Выполнение бизнес-плана/spanFact" + filialNum)): Text of object 'Object Repository/Выполнение бизнес-плана/spanFact2' is: '9.11
|'

26-05-2025T09:33:37 - [MESSAGE][PASSED] - Text of object 'Object Repository/Выполнение бизнес-плана/spanFact2' is: '9.11
|'

26-05-2025T09:33:37 - [TEST_STEP][PASSED] - if (page2 == null): null

26-05-2025T09:33:37 - [TEST_STEP][PASSED] - else: null

26-05-2025T09:33:37 - [TEST_STEP][PASSED] - page2 = page2.replace("|", ""): null

26-05-2025T09:33:37 - [TEST_STEP][PASSED] - println("page1: " + page1): null

26-05-2025T09:33:37 - [TEST_STEP][PASSED] - println("page2: " + page2): null

26-05-2025T09:33:37 - [TEST_STEP][PASSED] - file = findTestData("PlanFact").getValue(4, a): null

26-05-2025T09:33:37 - [TEST_STEP][PASSED] - file = file.replace(",", "."): null

26-05-2025T09:33:37 - [TEST_STEP][PASSED] - println("file Plan: " + file): null

26-05-2025T09:33:37 - [TEST_STEP][PASSED] - typeOfData = "План в процентах": null

26-05-2025T09:33:37 - [TEST_STEP][PASSED] - fileDouble = file.toDouble(): null

26-05-2025T09:33:37 - [TEST_STEP][PASSED] - pageDouble = page1.toDouble(): null

26-05-2025T09:33:37 - [TEST_STEP][PASSED] - if (fileDouble != pageDouble): null

26-05-2025T09:33:37 - [TEST_STEP][PASSED] - numberOfErrors = numberOfErrors + 1: null

26-05-2025T09:33:37 - [TEST_STEP][PASSED] - Script1718980020443.WriteToExcel(a, typeOfData, todaysDate, pageInt, fileInt, pageDouble, fileDouble, dZO): null

26-05-2025T09:33:37 - [TEST_STEP][PASSED] - sheetName = "Sheet1": null

26-05-2025T09:33:37 - [TEST_STEP][PASSED] - data = findTestData("PlanFact"): null

26-05-2025T09:33:37 - [TEST_STEP][PASSED] - n = data.getRowNumbers() + 1: null

26-05-2025T09:33:37 - [TEST_STEP][PASSED] - day = ")).toInteger(): null

26-05-2025T09:33:37 - [TEST_STEP][PASSED] - println(day): null

26-05-2025T09:33:37 - [TEST_STEP][PASSED] - month = ")).toInteger(): null

26-05-2025T09:33:37 - [TEST_STEP][PASSED] - println(month): null

26-05-2025T09:33:37 - [TEST_STEP][PASSED] - y = <not implemented yet for class: org.codehaus.groovy.ast.expr.EmptyExpression>: null

26-05-2025T09:33:37 - [TEST_STEP][PASSED] - iy = <not implemented yet for class: org.codehaus.groovy.ast.expr.EmptyExpression>: null

26-05-2025T09:33:37 - [TEST_STEP][PASSED] - m = getText(findTestObject("Выполнение бизнес-плана/Период")): Text of object 'Object Repository/Выполнение бизнес-плана/Период' is: '1 кв. 2025 года'

26-05-2025T09:33:37 - [MESSAGE][PASSED] - Text of object 'Object Repository/Выполнение бизнес-плана/Период' is: '1 кв. 2025 года'

26-05-2025T09:33:37 - [TEST_STEP][PASSED] - iy = m.indexOf("20"): null

26-05-2025T09:33:37 - [TEST_STEP][PASSED] - if (iy > -1): null

26-05-2025T09:33:37 - [TEST_STEP][PASSED] - y = substring(iy, iy + 4).toInteger(): null

26-05-2025T09:33:37 - [TEST_STEP][PASSED] - println(y): null

26-05-2025T09:33:37 - [TEST_STEP][PASSED] - if (toString().length() == 4): null

26-05-2025T09:33:37 - [TEST_STEP][PASSED] - m = m.substring(0, m.indexOf(y.toString())): null

26-05-2025T09:33:37 - [TEST_STEP][PASSED] - m = m.trim(): null

26-05-2025T09:33:37 - [TEST_STEP][PASSED] - if (m == ""): null

26-05-2025T09:33:37 - [TEST_STEP][PASSED] - dashboardName = "Выполнение бизнес-плана": null

26-05-2025T09:33:37 - [TEST_STEP][PASSED] - workbook01 = getWorkbook(excelFilePath): null

26-05-2025T09:33:37 - [TEST_STEP][PASSED] - sheet01 = getExcelSheet(workbook01, sheetName): null

26-05-2025T09:33:37 - [TEST_STEP][PASSED] - setValueToCellByIndex(sheet01, n, 0, dashboardName): null

26-05-2025T09:33:37 - [TEST_STEP][PASSED] - setValueToCellByIndex(sheet01, n, 1, dZO): null

26-05-2025T09:33:37 - [TEST_STEP][PASSED] - setValueToCellByIndex(sheet01, n, 2, typeOfData): null

26-05-2025T09:33:37 - [TEST_STEP][PASSED] - if (typeOfData == "Факт в процентах" || typeOfData == "План в процентах"): null

26-05-2025T09:33:37 - [TEST_STEP][PASSED] - setValueToCellByIndex(sheet01, n, 3, fileDouble): null

26-05-2025T09:33:37 - [TEST_STEP][PASSED] - setValueToCellByIndex(sheet01, n, 4, pageDouble): null

26-05-2025T09:33:37 - [TEST_STEP][PASSED] - setValueToCellByIndex(sheet01, n, 5, m): null

26-05-2025T09:33:37 - [TEST_STEP][PASSED] - setValueToCellByIndex(sheet01, n, 6, y): null

26-05-2025T09:33:37 - [TEST_STEP][PASSED] - setValueToCellByIndex(sheet01, n, 7, todaysDate): null

26-05-2025T09:33:37 - [TEST_STEP][PASSED] - n = n + 1: null

26-05-2025T09:33:37 - [TEST_STEP][PASSED] - saveWorkbook(excelFilePath, workbook01): null

26-05-2025T09:33:38 - [TEST_STEP][PASSED] - file = findTestData("PlanFact").getValue(7, a): null

26-05-2025T09:33:38 - [TEST_STEP][PASSED] - file = file.replace(",", "."): null

26-05-2025T09:33:38 - [TEST_STEP][PASSED] - println("file Fact: " + file): null

26-05-2025T09:33:38 - [TEST_STEP][PASSED] - fileDouble = file.toDouble(): null

26-05-2025T09:33:38 - [TEST_STEP][PASSED] - typeOfData = "Факт в процентах": null

26-05-2025T09:33:38 - [TEST_STEP][PASSED] - fileDouble = file.toDouble(): null

26-05-2025T09:33:38 - [TEST_STEP][PASSED] - pageDouble = page2.toDouble(): null

26-05-2025T09:33:38 - [TEST_STEP][PASSED] - if (fileDouble != pageDouble): null

26-05-2025T09:33:38 - [TEST_STEP][PASSED] - numberOfErrors = numberOfErrors + 1: null

26-05-2025T09:33:38 - [TEST_STEP][PASSED] - Script1718980020443.WriteToExcel(a, typeOfData, todaysDate, pageInt, fileInt, pageDouble, fileDouble, dZO): null

26-05-2025T09:33:38 - [TEST_STEP][PASSED] - sheetName = "Sheet1": null

26-05-2025T09:33:38 - [TEST_STEP][PASSED] - data = findTestData("PlanFact"): null

26-05-2025T09:33:38 - [TEST_STEP][PASSED] - n = data.getRowNumbers() + 1: null

26-05-2025T09:33:38 - [TEST_STEP][PASSED] - day = ")).toInteger(): null

26-05-2025T09:33:38 - [TEST_STEP][PASSED] - println(day): null

26-05-2025T09:33:38 - [TEST_STEP][PASSED] - month = ")).toInteger(): null

26-05-2025T09:33:38 - [TEST_STEP][PASSED] - println(month): null

26-05-2025T09:33:38 - [TEST_STEP][PASSED] - y = <not implemented yet for class: org.codehaus.groovy.ast.expr.EmptyExpression>: null

26-05-2025T09:33:38 - [TEST_STEP][PASSED] - iy = <not implemented yet for class: org.codehaus.groovy.ast.expr.EmptyExpression>: null

26-05-2025T09:33:38 - [TEST_STEP][PASSED] - m = getText(findTestObject("Выполнение бизнес-плана/Период")): Text of object 'Object Repository/Выполнение бизнес-плана/Период' is: '1 кв. 2025 года'

26-05-2025T09:33:38 - [MESSAGE][PASSED] - Text of object 'Object Repository/Выполнение бизнес-плана/Период' is: '1 кв. 2025 года'

26-05-2025T09:33:38 - [TEST_STEP][PASSED] - iy = m.indexOf("20"): null

26-05-2025T09:33:38 - [TEST_STEP][PASSED] - if (iy > -1): null

26-05-2025T09:33:38 - [TEST_STEP][PASSED] - y = substring(iy, iy + 4).toInteger(): null

26-05-2025T09:33:38 - [TEST_STEP][PASSED] - println(y): null

26-05-2025T09:33:38 - [TEST_STEP][PASSED] - if (toString().length() == 4): null

26-05-2025T09:33:38 - [TEST_STEP][PASSED] - m = m.substring(0, m.indexOf(y.toString())): null

26-05-2025T09:33:38 - [TEST_STEP][PASSED] - m = m.trim(): null

26-05-2025T09:33:38 - [TEST_STEP][PASSED] - if (m == ""): null

26-05-2025T09:33:38 - [TEST_STEP][PASSED] - dashboardName = "Выполнение бизнес-плана": null

26-05-2025T09:33:38 - [TEST_STEP][PASSED] - workbook01 = getWorkbook(excelFilePath): null

26-05-2025T09:33:38 - [TEST_STEP][PASSED] - sheet01 = getExcelSheet(workbook01, sheetName): null

26-05-2025T09:33:38 - [TEST_STEP][PASSED] - setValueToCellByIndex(sheet01, n, 0, dashboardName): null

26-05-2025T09:33:38 - [TEST_STEP][PASSED] - setValueToCellByIndex(sheet01, n, 1, dZO): null

26-05-2025T09:33:38 - [TEST_STEP][PASSED] - setValueToCellByIndex(sheet01, n, 2, typeOfData): null

26-05-2025T09:33:38 - [TEST_STEP][PASSED] - if (typeOfData == "Факт в процентах" || typeOfData == "План в процентах"): null

26-05-2025T09:33:38 - [TEST_STEP][PASSED] - setValueToCellByIndex(sheet01, n, 3, fileDouble): null

26-05-2025T09:33:38 - [TEST_STEP][PASSED] - setValueToCellByIndex(sheet01, n, 4, pageDouble): null

26-05-2025T09:33:38 - [TEST_STEP][PASSED] - setValueToCellByIndex(sheet01, n, 5, m): null

26-05-2025T09:33:38 - [TEST_STEP][PASSED] - setValueToCellByIndex(sheet01, n, 6, y): null

26-05-2025T09:33:38 - [TEST_STEP][PASSED] - setValueToCellByIndex(sheet01, n, 7, todaysDate): null

26-05-2025T09:33:38 - [TEST_STEP][PASSED] - n = n + 1: null

26-05-2025T09:33:38 - [TEST_STEP][PASSED] - saveWorkbook(excelFilePath, workbook01): null

26-05-2025T09:33:38 - [TEST_STEP][FAILED] - if (verifyEqual(numberOfErrors, 0) == false): null

26-05-2025T09:33:38 - [MESSAGE][FAILED] - Unable to verify equal between actual object '6' and expected object '0' (Root cause: com.kms.katalon.core.exception.StepFailedException: Actual object '6' and expected object '0' are not equal
	at com.kms.katalon.core.keyword.builtin.VerifyEqualKeyword$_verifyEqual_closure1.doCall(VerifyEqualKeyword.groovy:58)
	at com.kms.katalon.core.keyword.builtin.VerifyEqualKeyword$_verifyEqual_closure1.call(VerifyEqualKeyword.groovy)
	at com.kms.katalon.core.keyword.internal.KeywordMain.runKeyword(KeywordMain.groovy:75)
	at com.kms.katalon.core.keyword.builtin.VerifyEqualKeyword.verifyEqual(VerifyEqualKeyword.groovy:63)
	at com.kms.katalon.core.keyword.builtin.VerifyEqualKeyword.execute(VerifyEqualKeyword.groovy:44)
	at com.kms.katalon.core.keyword.internal.KeywordExecutor.executeKeywordForPlatform(KeywordExecutor.groovy:74)
	at com.kms.katalon.core.keyword.BuiltinKeywords.verifyEqual(BuiltinKeywords.groovy:146)
	at jdk.internal.reflect.GeneratedMethodAccessor23.invoke(Unknown Source)
	at java.base/jdk.internal.reflect.DelegatingMethodAccessorImpl.invoke(DelegatingMethodAccessorImpl.java:43)
	at Выполнение бизнес-плана Сверка ПАО Россети все филиалы.Numbers(Выполнение бизнес-плана Сверка ПАО Россети все филиалы:749)
	at Выполнение бизнес-плана Сверка ПАО Россети все филиалы.Filials(Выполнение бизнес-плана Сверка ПАО Россети все филиалы:944)
	at Выполнение бизнес-плана Сверка ПАО Россети все филиалы.Numbers(Выполнение бизнес-плана Сверка ПАО Россети все филиалы:756)
	at Выполнение бизнес-плана Сверка ПАО Россети все филиалы.run(Выполнение бизнес-плана Сверка ПАО Россети все филиалы:227)
	at com.kms.katalon.core.main.ScriptEngine.run(ScriptEngine.java:194)
	at com.kms.katalon.core.main.ScriptEngine.runScriptAsRawText(ScriptEngine.java:119)
	at com.kms.katalon.core.main.TestCaseExecutor.runScript(TestCaseExecutor.java:448)
	at com.kms.katalon.core.main.TestCaseExecutor.doExecute(TestCaseExecutor.java:439)
	at com.kms.katalon.core.main.TestCaseExecutor.processExecutionPhase(TestCaseExecutor.java:418)
	at com.kms.katalon.core.main.TestCaseExecutor.accessMainPhase(TestCaseExecutor.java:410)
	at com.kms.katalon.core.main.TestCaseExecutor.execute(TestCaseExecutor.java:285)
	at com.kms.katalon.core.common.CommonExecutor.accessTestCaseMainPhase(CommonExecutor.java:65)
	at com.kms.katalon.core.main.TestSuiteExecutor.accessTestSuiteMainPhase(TestSuiteExecutor.java:150)
	at com.kms.katalon.core.main.TestSuiteExecutor.execute(TestSuiteExecutor.java:106)
	at com.kms.katalon.core.main.TestCaseMain.startTestSuite(TestCaseMain.java:180)
	at TempTestSuite1748228991768.run(TempTestSuite1748228991768.groovy:35)
	at java.base/jdk.internal.reflect.NativeMethodAccessorImpl.invoke0(Native Method)
	at java.base/jdk.internal.reflect.NativeMethodAccessorImpl.invoke(NativeMethodAccessorImpl.java:77)
	at java.base/jdk.internal.reflect.DelegatingMethodAccessorImpl.invoke(DelegatingMethodAccessorImpl.java:43)
)

26-05-2025T09:33:38 - [TEST_STEP][PASSED] - println(numberOfErrors): null

26-05-2025T09:33:38 - [TEST_STEP][PASSED] - println("a=" + a): null

26-05-2025T09:33:38 - [TEST_STEP][PASSED] - if (a == 28 || a == 77 || a == 74 || a == 65 || a == 36 || a == 44 || a == 54 || a == 1 || a == 18 || a == 59): null

26-05-2025T09:33:38 - [TEST_STEP][PASSED] - if (a == 82): null

26-05-2025T09:33:38 - [TEST_STEP][PASSED] - dZO = "Пензаэнерго": null

26-05-2025T09:33:38 - [TEST_STEP][PASSED] - a = 31: null

26-05-2025T09:33:38 - [TEST_STEP][PASSED] - if (x2.contains(dZO)): null

26-05-2025T09:33:38 - [TEST_STEP][PASSED] - filialNum = filialNum + 1: null

26-05-2025T09:33:38 - [TEST_STEP][PASSED] - Script1718980020443.Numbers(a, typeOfData, todaysDate, pageInt, fileInt, pageDouble, fileDouble, dZO, dzoNum, filialNum): null

26-05-2025T09:33:38 - [TEST_STEP][PASSED] - println(dzoNum): null

26-05-2025T09:33:38 - [TEST_STEP][PASSED] - planFact = <not implemented yet for class: org.codehaus.groovy.ast.expr.EmptyExpression>: null

26-05-2025T09:33:38 - [TEST_STEP][PASSED] - page = <not implemented yet for class: org.codehaus.groovy.ast.expr.EmptyExpression>: null

26-05-2025T09:33:38 - [TEST_STEP][PASSED] - page1 = <not implemented yet for class: org.codehaus.groovy.ast.expr.EmptyExpression>: null

26-05-2025T09:33:38 - [TEST_STEP][PASSED] - page2 = <not implemented yet for class: org.codehaus.groovy.ast.expr.EmptyExpression>: null

26-05-2025T09:33:38 - [TEST_STEP][PASSED] - filialNumberInRow = <not implemented yet for class: org.codehaus.groovy.ast.expr.EmptyExpression>: null

26-05-2025T09:33:38 - [TEST_STEP][PASSED] - filialsDzoNames = <not implemented yet for class: org.codehaus.groovy.ast.expr.EmptyExpression>: null

26-05-2025T09:33:38 - [TEST_STEP][PASSED] - numberOfFilials = <not implemented yet for class: org.codehaus.groovy.ast.expr.EmptyExpression>: null

26-05-2025T09:33:38 - [TEST_STEP][PASSED] - numberOfSpaces = <not implemented yet for class: org.codehaus.groovy.ast.expr.EmptyExpression>: null

26-05-2025T09:33:38 - [TEST_STEP][PASSED] - file = <not implemented yet for class: org.codehaus.groovy.ast.expr.EmptyExpression>: null

26-05-2025T09:33:38 - [TEST_STEP][PASSED] - otpusk = <not implemented yet for class: org.codehaus.groovy.ast.expr.EmptyExpression>: null

26-05-2025T09:33:38 - [TEST_STEP][PASSED] - poteri = <not implemented yet for class: org.codehaus.groovy.ast.expr.EmptyExpression>: null

26-05-2025T09:33:38 - [TEST_STEP][PASSED] - dataFolder = "Выполнение бизнес-плана/Значения со страницы Выполнение бизнес-плана/": null

26-05-2025T09:33:38 - [TEST_STEP][PASSED] - path = <not implemented yet for class: org.codehaus.groovy.ast.expr.EmptyExpression>: null

26-05-2025T09:33:38 - [TEST_STEP][PASSED] - typeOfDataMain = <not implemented yet for class: org.codehaus.groovy.ast.expr.EmptyExpression>: null

26-05-2025T09:33:38 - [TEST_STEP][PASSED] - fileOtpuskVSet = <not implemented yet for class: org.codehaus.groovy.ast.expr.EmptyExpression>: null

26-05-2025T09:33:38 - [TEST_STEP][PASSED] - pageOtpuskVSet = <not implemented yet for class: org.codehaus.groovy.ast.expr.EmptyExpression>: null

26-05-2025T09:33:38 - [TEST_STEP][PASSED] - filePoteri = <not implemented yet for class: org.codehaus.groovy.ast.expr.EmptyExpression>: null

26-05-2025T09:33:38 - [TEST_STEP][PASSED] - pagePoteri = <not implemented yet for class: org.codehaus.groovy.ast.expr.EmptyExpression>: null

26-05-2025T09:33:38 - [TEST_STEP][PASSED] - compare = <not implemented yet for class: org.codehaus.groovy.ast.expr.EmptyExpression>: null

26-05-2025T09:33:38 - [TEST_STEP][PASSED] - b = <not implemented yet for class: org.codehaus.groovy.ast.expr.EmptyExpression>: null

26-05-2025T09:33:38 - [TEST_STEP][PASSED] - i = <not implemented yet for class: org.codehaus.groovy.ast.expr.EmptyExpression>: null

26-05-2025T09:33:38 - [TEST_STEP][PASSED] - ii = <not implemented yet for class: org.codehaus.groovy.ast.expr.EmptyExpression>: null

26-05-2025T09:33:38 - [TEST_STEP][PASSED] - c = <not implemented yet for class: org.codehaus.groovy.ast.expr.EmptyExpression>: null

26-05-2025T09:33:38 - [TEST_STEP][PASSED] - numberOfErrors = 0: null

26-05-2025T09:33:38 - [TEST_STEP][PASSED] - if (a == 82): null

26-05-2025T09:33:38 - [TEST_STEP][PASSED] - b = findTestData("PlanFact").getValue(1, a): null

26-05-2025T09:33:38 - [TEST_STEP][PASSED] - i = b.indexOf(" (ГК)"): null

26-05-2025T09:33:38 - [TEST_STEP][PASSED] - if (i > -1): null

26-05-2025T09:33:38 - [TEST_STEP][PASSED] - i = b.indexOf("О ""): null

26-05-2025T09:33:38 - [TEST_STEP][PASSED] - if (i > -1): null

26-05-2025T09:33:38 - [TEST_STEP][PASSED] - i = b.indexOf("О «"): null

26-05-2025T09:33:38 - [TEST_STEP][PASSED] - if (i > -1): null

26-05-2025T09:33:38 - [TEST_STEP][PASSED] - i = b.indexOf("г. "): null

26-05-2025T09:33:38 - [TEST_STEP][PASSED] - if (i > -1): null

26-05-2025T09:33:38 - [TEST_STEP][PASSED] - b = b.trim(): null

26-05-2025T09:33:38 - [TEST_STEP][PASSED] - println(b): null

26-05-2025T09:33:38 - [TEST_STEP][PASSED] - for ([planFact = 1, planFact < 3, (planFact++)]): null

26-05-2025T09:33:38 - [TEST_STEP][PASSED] - if (planFact == 1): null

26-05-2025T09:33:38 - [TEST_STEP][PASSED] - typeOfDataMain = "Факт": null

26-05-2025T09:33:38 - [TEST_STEP][PASSED] - otpusk = findTestData("PlanFact").getValue(5, a): null

26-05-2025T09:33:38 - [TEST_STEP][PASSED] - poteri = findTestData("PlanFact").getValue(6, a): null

26-05-2025T09:33:39 - [TEST_STEP][PASSED] - otpusk = otpusk.replaceAll("\s+", ""): null

26-05-2025T09:33:39 - [TEST_STEP][PASSED] - poteri = poteri.replaceAll("\s+", ""): null

26-05-2025T09:33:39 - [TEST_STEP][PASSED] - typeOfData = typeOfDataMain + " Отпуск в сеть": null

26-05-2025T09:33:39 - [TEST_STEP][PASSED] - if (a == 82): null

26-05-2025T09:33:39 - [TEST_STEP][PASSED] - else if (a == 84): null

26-05-2025T09:33:39 - [TEST_STEP][PASSED] - else if (a == 83 || a == 52 || a == 72 || a == 28 || a == 73 || a == 77 || a == 74 || a == 65 || a == 36 || a == 44 || a == 53 || a == 80 || a == 54 || a == 1 || a == 18 || a == 59 || a == 81): null

26-05-2025T09:33:39 - [TEST_STEP][PASSED] - else: null

26-05-2025T09:33:39 - [TEST_STEP][PASSED] - path = dataFolder + typeOfData + " за отчётный период " + b: null

26-05-2025T09:33:39 - [TEST_STEP][PASSED] - println(path): null

26-05-2025T09:33:39 - [TEST_STEP][PASSED] - page = getText(findTestObject(path)): Text of object 'Object Repository/Выполнение бизнес-плана/Значения со страницы Выполнение бизнес-плана/Факт Отпуск в сеть за отчётный период Пензаэнерго' is: '400 272'

26-05-2025T09:33:39 - [MESSAGE][PASSED] - Text of object 'Object Repository/Выполнение бизнес-плана/Значения со страницы Выполнение бизнес-плана/Факт Отпуск в сеть за отчётный период Пензаэнерго' is: '400 272'

26-05-2025T09:33:39 - [TEST_STEP][PASSED] - if (page == "" || page == null): null

26-05-2025T09:33:39 - [TEST_STEP][PASSED] - else: null

26-05-2025T09:33:39 - [TEST_STEP][PASSED] - page = page.replaceAll("\s+", ""): null

26-05-2025T09:33:39 - [TEST_STEP][PASSED] - if (page == "undefined"): null

26-05-2025T09:33:39 - [TEST_STEP][PASSED] - fileOtpuskVSet = otpusk.toInteger(): null

26-05-2025T09:33:39 - [TEST_STEP][PASSED] - pageOtpuskVSet = page.toInteger(): null

26-05-2025T09:33:39 - [TEST_STEP][PASSED] - typeOfData = typeOfDataMain + " Потери": null

26-05-2025T09:33:39 - [TEST_STEP][PASSED] - if (a == 82): null

26-05-2025T09:33:39 - [TEST_STEP][PASSED] - else if (a == 84): null

26-05-2025T09:33:39 - [TEST_STEP][PASSED] - else if (a == 83 || a == 52 || a == 72 || a == 28 || a == 73 || a == 77 || a == 74 || a == 65 || a == 36 || a == 44 || a == 53 || a == 80 || a == 54 || a == 1 || a == 18 || a == 59 || a == 81): null

26-05-2025T09:33:39 - [TEST_STEP][PASSED] - else: null

26-05-2025T09:33:39 - [TEST_STEP][PASSED] - path = dataFolder + typeOfData + " за отчётный период " + b: null

26-05-2025T09:33:39 - [TEST_STEP][PASSED] - page = getText(findTestObject(path)): Text of object 'Object Repository/Выполнение бизнес-плана/Значения со страницы Выполнение бизнес-плана/Факт Потери за отчётный период Пензаэнерго' is: '30 811'

26-05-2025T09:33:39 - [MESSAGE][PASSED] - Text of object 'Object Repository/Выполнение бизнес-плана/Значения со страницы Выполнение бизнес-плана/Факт Потери за отчётный период Пензаэнерго' is: '30 811'

26-05-2025T09:33:39 - [TEST_STEP][PASSED] - if (page == "" || page == null): null

26-05-2025T09:33:39 - [TEST_STEP][PASSED] - else: null

26-05-2025T09:33:39 - [TEST_STEP][PASSED] - page = page.replaceAll("\s+", ""): null

26-05-2025T09:33:39 - [TEST_STEP][PASSED] - if (page == "undefined"): null

26-05-2025T09:33:39 - [TEST_STEP][PASSED] - filePoteri = poteri.toInteger(): null

26-05-2025T09:33:39 - [TEST_STEP][PASSED] - pagePoteri = page.toInteger(): null

26-05-2025T09:33:39 - [TEST_STEP][PASSED] - compare = pageOtpuskVSet: null

26-05-2025T09:33:39 - [TEST_STEP][PASSED] - if (pageOtpuskVSet != null): null

26-05-2025T09:33:39 - [TEST_STEP][PASSED] - if (compare == fileOtpuskVSet): null

26-05-2025T09:33:39 - [TEST_STEP][PASSED] - else if (compare > fileOtpuskVSet): null

26-05-2025T09:33:39 - [TEST_STEP][PASSED] - else if (compare < fileOtpuskVSet): null

26-05-2025T09:33:39 - [TEST_STEP][PASSED] - compare = compare + 1: null

26-05-2025T09:33:39 - [TEST_STEP][PASSED] - if (compare == fileOtpuskVSet): null

26-05-2025T09:33:39 - [TEST_STEP][PASSED] - else: null

26-05-2025T09:33:39 - [TEST_STEP][PASSED] - numberOfErrors = numberOfErrors + 1: null

26-05-2025T09:33:39 - [TEST_STEP][PASSED] - pageInt = pageOtpuskVSet: null

26-05-2025T09:33:39 - [TEST_STEP][PASSED] - fileInt = fileOtpuskVSet: null

26-05-2025T09:33:39 - [TEST_STEP][PASSED] - typeOfData = typeOfDataMain + " Отпуск в сеть": null

26-05-2025T09:33:39 - [TEST_STEP][PASSED] - Script1718980020443.WriteToExcel(a, typeOfData, todaysDate, pageInt, fileInt, pageDouble, fileDouble, dZO): null

26-05-2025T09:33:39 - [TEST_STEP][PASSED] - sheetName = "Sheet1": null

26-05-2025T09:33:39 - [TEST_STEP][PASSED] - data = findTestData("PlanFact"): null

26-05-2025T09:33:39 - [TEST_STEP][PASSED] - n = data.getRowNumbers() + 1: null

26-05-2025T09:33:39 - [TEST_STEP][PASSED] - day = ")).toInteger(): null

26-05-2025T09:33:39 - [TEST_STEP][PASSED] - println(day): null

26-05-2025T09:33:39 - [TEST_STEP][PASSED] - month = ")).toInteger(): null

26-05-2025T09:33:39 - [TEST_STEP][PASSED] - println(month): null

26-05-2025T09:33:39 - [TEST_STEP][PASSED] - y = <not implemented yet for class: org.codehaus.groovy.ast.expr.EmptyExpression>: null

26-05-2025T09:33:39 - [TEST_STEP][PASSED] - iy = <not implemented yet for class: org.codehaus.groovy.ast.expr.EmptyExpression>: null

26-05-2025T09:33:39 - [TEST_STEP][PASSED] - m = getText(findTestObject("Выполнение бизнес-плана/Период")): Text of object 'Object Repository/Выполнение бизнес-плана/Период' is: '1 кв. 2025 года'

26-05-2025T09:33:39 - [MESSAGE][PASSED] - Text of object 'Object Repository/Выполнение бизнес-плана/Период' is: '1 кв. 2025 года'

26-05-2025T09:33:39 - [TEST_STEP][PASSED] - iy = m.indexOf("20"): null

26-05-2025T09:33:39 - [TEST_STEP][PASSED] - if (iy > -1): null

26-05-2025T09:33:39 - [TEST_STEP][PASSED] - y = substring(iy, iy + 4).toInteger(): null

26-05-2025T09:33:39 - [TEST_STEP][PASSED] - println(y): null

26-05-2025T09:33:39 - [TEST_STEP][PASSED] - if (toString().length() == 4): null

26-05-2025T09:33:39 - [TEST_STEP][PASSED] - m = m.substring(0, m.indexOf(y.toString())): null

26-05-2025T09:33:39 - [TEST_STEP][PASSED] - m = m.trim(): null

26-05-2025T09:33:39 - [TEST_STEP][PASSED] - if (m == ""): null

26-05-2025T09:33:39 - [TEST_STEP][PASSED] - dashboardName = "Выполнение бизнес-плана": null

26-05-2025T09:33:39 - [TEST_STEP][PASSED] - workbook01 = getWorkbook(excelFilePath): null

26-05-2025T09:33:40 - [TEST_STEP][PASSED] - sheet01 = getExcelSheet(workbook01, sheetName): null

26-05-2025T09:33:40 - [TEST_STEP][PASSED] - setValueToCellByIndex(sheet01, n, 0, dashboardName): null

26-05-2025T09:33:40 - [TEST_STEP][PASSED] - setValueToCellByIndex(sheet01, n, 1, dZO): null

26-05-2025T09:33:40 - [TEST_STEP][PASSED] - setValueToCellByIndex(sheet01, n, 2, typeOfData): null

26-05-2025T09:33:40 - [TEST_STEP][PASSED] - if (typeOfData == "Факт в процентах" || typeOfData == "План в процентах"): null

26-05-2025T09:33:40 - [TEST_STEP][PASSED] - else: null

26-05-2025T09:33:40 - [TEST_STEP][PASSED] - setValueToCellByIndex(sheet01, n, 3, fileInt): null

26-05-2025T09:33:40 - [TEST_STEP][PASSED] - setValueToCellByIndex(sheet01, n, 4, pageInt): null

26-05-2025T09:33:40 - [TEST_STEP][PASSED] - setValueToCellByIndex(sheet01, n, 5, m): null

26-05-2025T09:33:40 - [TEST_STEP][PASSED] - setValueToCellByIndex(sheet01, n, 6, y): null

26-05-2025T09:33:40 - [TEST_STEP][PASSED] - setValueToCellByIndex(sheet01, n, 7, todaysDate): null

26-05-2025T09:33:40 - [TEST_STEP][PASSED] - n = n + 1: null

26-05-2025T09:33:40 - [TEST_STEP][PASSED] - saveWorkbook(excelFilePath, workbook01): null

26-05-2025T09:33:40 - [TEST_STEP][PASSED] - compare = pagePoteri: null

26-05-2025T09:33:40 - [TEST_STEP][PASSED] - if (pageOtpuskVSet != null): null

26-05-2025T09:33:40 - [TEST_STEP][PASSED] - if (compare == filePoteri): null

26-05-2025T09:33:40 - [TEST_STEP][PASSED] - else if (compare > filePoteri): null

26-05-2025T09:33:40 - [TEST_STEP][PASSED] - else if (compare < filePoteri): null

26-05-2025T09:33:40 - [TEST_STEP][PASSED] - compare = compare + 1: null

26-05-2025T09:33:40 - [TEST_STEP][PASSED] - if (compare == filePoteri): null

26-05-2025T09:33:40 - [TEST_STEP][PASSED] - else: null

26-05-2025T09:33:40 - [TEST_STEP][PASSED] - numberOfErrors = numberOfErrors + 1: null

26-05-2025T09:33:40 - [TEST_STEP][PASSED] - pageInt = pagePoteri: null

26-05-2025T09:33:40 - [TEST_STEP][PASSED] - fileInt = filePoteri: null

26-05-2025T09:33:40 - [TEST_STEP][PASSED] - typeOfData = typeOfDataMain + " Потери": null

26-05-2025T09:33:40 - [TEST_STEP][PASSED] - Script1718980020443.WriteToExcel(a, typeOfData, todaysDate, pageInt, fileInt, pageDouble, fileDouble, dZO): null

26-05-2025T09:33:40 - [TEST_STEP][PASSED] - sheetName = "Sheet1": null

26-05-2025T09:33:40 - [TEST_STEP][PASSED] - data = findTestData("PlanFact"): null

26-05-2025T09:33:40 - [TEST_STEP][PASSED] - n = data.getRowNumbers() + 1: null

26-05-2025T09:33:40 - [TEST_STEP][PASSED] - day = ")).toInteger(): null

26-05-2025T09:33:40 - [TEST_STEP][PASSED] - println(day): null

26-05-2025T09:33:40 - [TEST_STEP][PASSED] - month = ")).toInteger(): null

26-05-2025T09:33:40 - [TEST_STEP][PASSED] - println(month): null

26-05-2025T09:33:40 - [TEST_STEP][PASSED] - y = <not implemented yet for class: org.codehaus.groovy.ast.expr.EmptyExpression>: null

26-05-2025T09:33:40 - [TEST_STEP][PASSED] - iy = <not implemented yet for class: org.codehaus.groovy.ast.expr.EmptyExpression>: null

26-05-2025T09:33:40 - [TEST_STEP][PASSED] - m = getText(findTestObject("Выполнение бизнес-плана/Период")): Text of object 'Object Repository/Выполнение бизнес-плана/Период' is: '1 кв. 2025 года'

26-05-2025T09:33:40 - [MESSAGE][PASSED] - Text of object 'Object Repository/Выполнение бизнес-плана/Период' is: '1 кв. 2025 года'

26-05-2025T09:33:40 - [TEST_STEP][PASSED] - iy = m.indexOf("20"): null

26-05-2025T09:33:40 - [TEST_STEP][PASSED] - if (iy > -1): null

26-05-2025T09:33:40 - [TEST_STEP][PASSED] - y = substring(iy, iy + 4).toInteger(): null

26-05-2025T09:33:40 - [TEST_STEP][PASSED] - println(y): null

26-05-2025T09:33:40 - [TEST_STEP][PASSED] - if (toString().length() == 4): null

26-05-2025T09:33:40 - [TEST_STEP][PASSED] - m = m.substring(0, m.indexOf(y.toString())): null

26-05-2025T09:33:40 - [TEST_STEP][PASSED] - m = m.trim(): null

26-05-2025T09:33:40 - [TEST_STEP][PASSED] - if (m == ""): null

26-05-2025T09:33:40 - [TEST_STEP][PASSED] - dashboardName = "Выполнение бизнес-плана": null

26-05-2025T09:33:40 - [TEST_STEP][PASSED] - workbook01 = getWorkbook(excelFilePath): null

26-05-2025T09:33:40 - [TEST_STEP][PASSED] - sheet01 = getExcelSheet(workbook01, sheetName): null

26-05-2025T09:33:40 - [TEST_STEP][PASSED] - setValueToCellByIndex(sheet01, n, 0, dashboardName): null

26-05-2025T09:33:40 - [TEST_STEP][PASSED] - setValueToCellByIndex(sheet01, n, 1, dZO): null

26-05-2025T09:33:40 - [TEST_STEP][PASSED] - setValueToCellByIndex(sheet01, n, 2, typeOfData): null

26-05-2025T09:33:40 - [TEST_STEP][PASSED] - if (typeOfData == "Факт в процентах" || typeOfData == "План в процентах"): null

26-05-2025T09:33:40 - [TEST_STEP][PASSED] - else: null

26-05-2025T09:33:40 - [TEST_STEP][PASSED] - setValueToCellByIndex(sheet01, n, 3, fileInt): null

26-05-2025T09:33:40 - [TEST_STEP][PASSED] - setValueToCellByIndex(sheet01, n, 4, pageInt): null

26-05-2025T09:33:40 - [TEST_STEP][PASSED] - setValueToCellByIndex(sheet01, n, 5, m): null

26-05-2025T09:33:40 - [TEST_STEP][PASSED] - setValueToCellByIndex(sheet01, n, 6, y): null

26-05-2025T09:33:40 - [TEST_STEP][PASSED] - setValueToCellByIndex(sheet01, n, 7, todaysDate): null

26-05-2025T09:33:40 - [TEST_STEP][PASSED] - n = n + 1: null

26-05-2025T09:33:40 - [TEST_STEP][PASSED] - saveWorkbook(excelFilePath, workbook01): null

26-05-2025T09:33:41 - [TEST_STEP][PASSED] - if (planFact == 2): null

26-05-2025T09:33:41 - [TEST_STEP][PASSED] - if (planFact == 1): null

26-05-2025T09:33:41 - [TEST_STEP][PASSED] - else if (planFact == 2): null

26-05-2025T09:33:41 - [TEST_STEP][PASSED] - click(findTestObject("Выполнение бизнес-плана/Кнопка План")): Object: 'Object Repository/Выполнение бизнес-плана/Кнопка План' is clicked on

26-05-2025T09:33:41 - [MESSAGE][PASSED] - Object: 'Object Repository/Выполнение бизнес-плана/Кнопка План' is clicked on

26-05-2025T09:33:41 - [TEST_STEP][PASSED] - typeOfDataMain = "План": null

26-05-2025T09:33:41 - [TEST_STEP][PASSED] - otpusk = findTestData("PlanFact").getValue(2, a): null

26-05-2025T09:33:41 - [TEST_STEP][PASSED] - poteri = findTestData("PlanFact").getValue(3, a): null

26-05-2025T09:33:41 - [TEST_STEP][PASSED] - otpusk = otpusk.replaceAll("\s+", ""): null

26-05-2025T09:33:41 - [TEST_STEP][PASSED] - poteri = poteri.replaceAll("\s+", ""): null

26-05-2025T09:33:41 - [TEST_STEP][PASSED] - typeOfData = typeOfDataMain + " Отпуск в сеть": null

26-05-2025T09:33:41 - [TEST_STEP][PASSED] - if (a == 82): null

26-05-2025T09:33:41 - [TEST_STEP][PASSED] - else if (a == 84): null

26-05-2025T09:33:41 - [TEST_STEP][PASSED] - else if (a == 83 || a == 52 || a == 72 || a == 28 || a == 73 || a == 77 || a == 74 || a == 65 || a == 36 || a == 44 || a == 53 || a == 80 || a == 54 || a == 1 || a == 18 || a == 59 || a == 81): null

26-05-2025T09:33:41 - [TEST_STEP][PASSED] - else: null

26-05-2025T09:33:41 - [TEST_STEP][PASSED] - path = dataFolder + typeOfData + " за отчётный период " + b: null

26-05-2025T09:33:41 - [TEST_STEP][PASSED] - println(path): null

26-05-2025T09:33:41 - [TEST_STEP][PASSED] - page = getText(findTestObject(path)): Text of object 'Object Repository/Выполнение бизнес-плана/Значения со страницы Выполнение бизнес-плана/План Отпуск в сеть за отчётный период Пензаэнерго' is: '419 717'

26-05-2025T09:33:41 - [MESSAGE][PASSED] - Text of object 'Object Repository/Выполнение бизнес-плана/Значения со страницы Выполнение бизнес-плана/План Отпуск в сеть за отчётный период Пензаэнерго' is: '419 717'

26-05-2025T09:33:41 - [TEST_STEP][PASSED] - if (page == "" || page == null): null

26-05-2025T09:33:41 - [TEST_STEP][PASSED] - else: null

26-05-2025T09:33:41 - [TEST_STEP][PASSED] - page = page.replaceAll("\s+", ""): null

26-05-2025T09:33:41 - [TEST_STEP][PASSED] - if (page == "undefined"): null

26-05-2025T09:33:41 - [TEST_STEP][PASSED] - fileOtpuskVSet = otpusk.toInteger(): null

26-05-2025T09:33:41 - [TEST_STEP][PASSED] - pageOtpuskVSet = page.toInteger(): null

26-05-2025T09:33:41 - [TEST_STEP][PASSED] - typeOfData = typeOfDataMain + " Потери": null

26-05-2025T09:33:41 - [TEST_STEP][PASSED] - if (a == 82): null

26-05-2025T09:33:41 - [TEST_STEP][PASSED] - else if (a == 84): null

26-05-2025T09:33:41 - [TEST_STEP][PASSED] - else if (a == 83 || a == 52 || a == 72 || a == 28 || a == 73 || a == 77 || a == 74 || a == 65 || a == 36 || a == 44 || a == 53 || a == 80 || a == 54 || a == 1 || a == 18 || a == 59 || a == 81): null

26-05-2025T09:33:41 - [TEST_STEP][PASSED] - else: null

26-05-2025T09:33:41 - [TEST_STEP][PASSED] - path = dataFolder + typeOfData + " за отчётный период " + b: null

26-05-2025T09:33:41 - [TEST_STEP][PASSED] - page = getText(findTestObject(path)): Text of object 'Object Repository/Выполнение бизнес-плана/Значения со страницы Выполнение бизнес-плана/План Потери за отчётный период Пензаэнерго' is: '36 456'

26-05-2025T09:33:42 - [MESSAGE][PASSED] - Text of object 'Object Repository/Выполнение бизнес-плана/Значения со страницы Выполнение бизнес-плана/План Потери за отчётный период Пензаэнерго' is: '36 456'

26-05-2025T09:33:42 - [TEST_STEP][PASSED] - if (page == "" || page == null): null

26-05-2025T09:33:42 - [TEST_STEP][PASSED] - else: null

26-05-2025T09:33:42 - [TEST_STEP][PASSED] - page = page.replaceAll("\s+", ""): null

26-05-2025T09:33:42 - [TEST_STEP][PASSED] - if (page == "undefined"): null

26-05-2025T09:33:42 - [TEST_STEP][PASSED] - filePoteri = poteri.toInteger(): null

26-05-2025T09:33:42 - [TEST_STEP][PASSED] - pagePoteri = page.toInteger(): null

26-05-2025T09:33:42 - [TEST_STEP][PASSED] - compare = pageOtpuskVSet: null

26-05-2025T09:33:42 - [TEST_STEP][PASSED] - if (pageOtpuskVSet != null): null

26-05-2025T09:33:42 - [TEST_STEP][PASSED] - if (compare == fileOtpuskVSet): null

26-05-2025T09:33:42 - [TEST_STEP][PASSED] - else if (compare > fileOtpuskVSet): null

26-05-2025T09:33:42 - [TEST_STEP][PASSED] - else if (compare < fileOtpuskVSet): null

26-05-2025T09:33:42 - [TEST_STEP][PASSED] - compare = compare + 1: null

26-05-2025T09:33:42 - [TEST_STEP][PASSED] - if (compare == fileOtpuskVSet): null

26-05-2025T09:33:42 - [TEST_STEP][PASSED] - else: null

26-05-2025T09:33:42 - [TEST_STEP][PASSED] - numberOfErrors = numberOfErrors + 1: null

26-05-2025T09:33:42 - [TEST_STEP][PASSED] - pageInt = pageOtpuskVSet: null

26-05-2025T09:33:42 - [TEST_STEP][PASSED] - fileInt = fileOtpuskVSet: null

26-05-2025T09:33:42 - [TEST_STEP][PASSED] - typeOfData = typeOfDataMain + " Отпуск в сеть": null

26-05-2025T09:33:42 - [TEST_STEP][PASSED] - Script1718980020443.WriteToExcel(a, typeOfData, todaysDate, pageInt, fileInt, pageDouble, fileDouble, dZO): null

26-05-2025T09:33:42 - [TEST_STEP][PASSED] - sheetName = "Sheet1": null

26-05-2025T09:33:42 - [TEST_STEP][PASSED] - data = findTestData("PlanFact"): null

26-05-2025T09:33:42 - [TEST_STEP][PASSED] - n = data.getRowNumbers() + 1: null

26-05-2025T09:33:42 - [TEST_STEP][PASSED] - day = ")).toInteger(): null

26-05-2025T09:33:42 - [TEST_STEP][PASSED] - println(day): null

26-05-2025T09:33:42 - [TEST_STEP][PASSED] - month = ")).toInteger(): null

26-05-2025T09:33:42 - [TEST_STEP][PASSED] - println(month): null

26-05-2025T09:33:42 - [TEST_STEP][PASSED] - y = <not implemented yet for class: org.codehaus.groovy.ast.expr.EmptyExpression>: null

26-05-2025T09:33:42 - [TEST_STEP][PASSED] - iy = <not implemented yet for class: org.codehaus.groovy.ast.expr.EmptyExpression>: null

26-05-2025T09:33:42 - [TEST_STEP][PASSED] - m = getText(findTestObject("Выполнение бизнес-плана/Период")): Text of object 'Object Repository/Выполнение бизнес-плана/Период' is: '1 кв. 2025 года'

26-05-2025T09:33:42 - [MESSAGE][PASSED] - Text of object 'Object Repository/Выполнение бизнес-плана/Период' is: '1 кв. 2025 года'

26-05-2025T09:33:42 - [TEST_STEP][PASSED] - iy = m.indexOf("20"): null

26-05-2025T09:33:42 - [TEST_STEP][PASSED] - if (iy > -1): null

26-05-2025T09:33:42 - [TEST_STEP][PASSED] - y = substring(iy, iy + 4).toInteger(): null

26-05-2025T09:33:42 - [TEST_STEP][PASSED] - println(y): null

26-05-2025T09:33:42 - [TEST_STEP][PASSED] - if (toString().length() == 4): null

26-05-2025T09:33:42 - [TEST_STEP][PASSED] - m = m.substring(0, m.indexOf(y.toString())): null

26-05-2025T09:33:42 - [TEST_STEP][PASSED] - m = m.trim(): null

26-05-2025T09:33:42 - [TEST_STEP][PASSED] - if (m == ""): null

26-05-2025T09:33:42 - [TEST_STEP][PASSED] - dashboardName = "Выполнение бизнес-плана": null

26-05-2025T09:33:42 - [TEST_STEP][PASSED] - workbook01 = getWorkbook(excelFilePath): null

26-05-2025T09:33:42 - [TEST_STEP][PASSED] - sheet01 = getExcelSheet(workbook01, sheetName): null

26-05-2025T09:33:42 - [TEST_STEP][PASSED] - setValueToCellByIndex(sheet01, n, 0, dashboardName): null

26-05-2025T09:33:42 - [TEST_STEP][PASSED] - setValueToCellByIndex(sheet01, n, 1, dZO): null

26-05-2025T09:33:42 - [TEST_STEP][PASSED] - setValueToCellByIndex(sheet01, n, 2, typeOfData): null

26-05-2025T09:33:42 - [TEST_STEP][PASSED] - if (typeOfData == "Факт в процентах" || typeOfData == "План в процентах"): null

26-05-2025T09:33:42 - [TEST_STEP][PASSED] - else: null

26-05-2025T09:33:42 - [TEST_STEP][PASSED] - setValueToCellByIndex(sheet01, n, 3, fileInt): null

26-05-2025T09:33:42 - [TEST_STEP][PASSED] - setValueToCellByIndex(sheet01, n, 4, pageInt): null

26-05-2025T09:33:42 - [TEST_STEP][PASSED] - setValueToCellByIndex(sheet01, n, 5, m): null

26-05-2025T09:33:42 - [TEST_STEP][PASSED] - setValueToCellByIndex(sheet01, n, 6, y): null

26-05-2025T09:33:42 - [TEST_STEP][PASSED] - setValueToCellByIndex(sheet01, n, 7, todaysDate): null

26-05-2025T09:33:42 - [TEST_STEP][PASSED] - n = n + 1: null

26-05-2025T09:33:42 - [TEST_STEP][PASSED] - saveWorkbook(excelFilePath, workbook01): null

26-05-2025T09:33:42 - [TEST_STEP][PASSED] - compare = pagePoteri: null

26-05-2025T09:33:42 - [TEST_STEP][PASSED] - if (pageOtpuskVSet != null): null

26-05-2025T09:33:42 - [TEST_STEP][PASSED] - if (compare == filePoteri): null

26-05-2025T09:33:42 - [TEST_STEP][PASSED] - else if (compare > filePoteri): null

26-05-2025T09:33:42 - [TEST_STEP][PASSED] - else if (compare < filePoteri): null

26-05-2025T09:33:42 - [TEST_STEP][PASSED] - compare = compare + 1: null

26-05-2025T09:33:42 - [TEST_STEP][PASSED] - if (compare == filePoteri): null

26-05-2025T09:33:42 - [TEST_STEP][PASSED] - else: null

26-05-2025T09:33:42 - [TEST_STEP][PASSED] - numberOfErrors = numberOfErrors + 1: null

26-05-2025T09:33:42 - [TEST_STEP][PASSED] - pageInt = pagePoteri: null

26-05-2025T09:33:42 - [TEST_STEP][PASSED] - fileInt = filePoteri: null

26-05-2025T09:33:42 - [TEST_STEP][PASSED] - typeOfData = typeOfDataMain + " Потери": null

26-05-2025T09:33:42 - [TEST_STEP][PASSED] - Script1718980020443.WriteToExcel(a, typeOfData, todaysDate, pageInt, fileInt, pageDouble, fileDouble, dZO): null

26-05-2025T09:33:42 - [TEST_STEP][PASSED] - sheetName = "Sheet1": null

26-05-2025T09:33:42 - [TEST_STEP][PASSED] - data = findTestData("PlanFact"): null

26-05-2025T09:33:42 - [TEST_STEP][PASSED] - n = data.getRowNumbers() + 1: null

26-05-2025T09:33:42 - [TEST_STEP][PASSED] - day = ")).toInteger(): null

26-05-2025T09:33:42 - [TEST_STEP][PASSED] - println(day): null

26-05-2025T09:33:42 - [TEST_STEP][PASSED] - month = ")).toInteger(): null

26-05-2025T09:33:42 - [TEST_STEP][PASSED] - println(month): null

26-05-2025T09:33:42 - [TEST_STEP][PASSED] - y = <not implemented yet for class: org.codehaus.groovy.ast.expr.EmptyExpression>: null

26-05-2025T09:33:42 - [TEST_STEP][PASSED] - iy = <not implemented yet for class: org.codehaus.groovy.ast.expr.EmptyExpression>: null

26-05-2025T09:33:42 - [TEST_STEP][PASSED] - m = getText(findTestObject("Выполнение бизнес-плана/Период")): Text of object 'Object Repository/Выполнение бизнес-плана/Период' is: '1 кв. 2025 года'

26-05-2025T09:33:43 - [MESSAGE][PASSED] - Text of object 'Object Repository/Выполнение бизнес-плана/Период' is: '1 кв. 2025 года'

26-05-2025T09:33:43 - [TEST_STEP][PASSED] - iy = m.indexOf("20"): null

26-05-2025T09:33:43 - [TEST_STEP][PASSED] - if (iy > -1): null

26-05-2025T09:33:43 - [TEST_STEP][PASSED] - y = substring(iy, iy + 4).toInteger(): null

26-05-2025T09:33:43 - [TEST_STEP][PASSED] - println(y): null

26-05-2025T09:33:43 - [TEST_STEP][PASSED] - if (toString().length() == 4): null

26-05-2025T09:33:43 - [TEST_STEP][PASSED] - m = m.substring(0, m.indexOf(y.toString())): null

26-05-2025T09:33:43 - [TEST_STEP][PASSED] - m = m.trim(): null

26-05-2025T09:33:43 - [TEST_STEP][PASSED] - if (m == ""): null

26-05-2025T09:33:43 - [TEST_STEP][PASSED] - dashboardName = "Выполнение бизнес-плана": null

26-05-2025T09:33:43 - [TEST_STEP][PASSED] - workbook01 = getWorkbook(excelFilePath): null

26-05-2025T09:33:43 - [TEST_STEP][PASSED] - sheet01 = getExcelSheet(workbook01, sheetName): null

26-05-2025T09:33:43 - [TEST_STEP][PASSED] - setValueToCellByIndex(sheet01, n, 0, dashboardName): null

26-05-2025T09:33:43 - [TEST_STEP][PASSED] - setValueToCellByIndex(sheet01, n, 1, dZO): null

26-05-2025T09:33:43 - [TEST_STEP][PASSED] - setValueToCellByIndex(sheet01, n, 2, typeOfData): null

26-05-2025T09:33:43 - [TEST_STEP][PASSED] - if (typeOfData == "Факт в процентах" || typeOfData == "План в процентах"): null

26-05-2025T09:33:43 - [TEST_STEP][PASSED] - else: null

26-05-2025T09:33:43 - [TEST_STEP][PASSED] - setValueToCellByIndex(sheet01, n, 3, fileInt): null

26-05-2025T09:33:43 - [TEST_STEP][PASSED] - setValueToCellByIndex(sheet01, n, 4, pageInt): null

26-05-2025T09:33:43 - [TEST_STEP][PASSED] - setValueToCellByIndex(sheet01, n, 5, m): null

26-05-2025T09:33:43 - [TEST_STEP][PASSED] - setValueToCellByIndex(sheet01, n, 6, y): null

26-05-2025T09:33:43 - [TEST_STEP][PASSED] - setValueToCellByIndex(sheet01, n, 7, todaysDate): null

26-05-2025T09:33:43 - [TEST_STEP][PASSED] - n = n + 1: null

26-05-2025T09:33:43 - [TEST_STEP][PASSED] - saveWorkbook(excelFilePath, workbook01): Object: 'Object Repository/Выполнение бизнес-плана/Кнопка Факт' is clicked on

26-05-2025T09:33:43 - [TEST_STEP][PASSED] - if (planFact == 2): Object: 'Object Repository/Выполнение бизнес-плана/Кнопка Факт' is clicked on

26-05-2025T09:33:43 - [TEST_STEP][PASSED] - click(findTestObject("Выполнение бизнес-плана/Кнопка Факт")): Object: 'Object Repository/Выполнение бизнес-плана/Кнопка Факт' is clicked on

26-05-2025T09:33:43 - [MESSAGE][PASSED] - Object: 'Object Repository/Выполнение бизнес-плана/Кнопка Факт' is clicked on

26-05-2025T09:33:43 - [TEST_STEP][PASSED] - println("a=" + a): null

26-05-2025T09:33:43 - [TEST_STEP][PASSED] - if (a == 84 || a == 82): null

26-05-2025T09:33:43 - [TEST_STEP][PASSED] - else if (a == 83 || a == 52 || a == 72 || a == 28 || a == 73 || a == 77 || a == 74 || a == 65 || a == 36 || a == 44 || a == 53 || a == 80 || a == 54 || a == 1 || a == 18 || a == 59 || a == 81): null

26-05-2025T09:33:43 - [TEST_STEP][PASSED] - else: null

26-05-2025T09:33:43 - [TEST_STEP][PASSED] - page1 = getText(findTestObject("Object Repository/Выполнение бизнес-плана/spanPlan" + filialNum)): Text of object 'Object Repository/Выполнение бизнес-плана/spanPlan3' is: '8.69
|'

26-05-2025T09:33:44 - [MESSAGE][PASSED] - Text of object 'Object Repository/Выполнение бизнес-плана/spanPlan3' is: '8.69
|'

26-05-2025T09:33:44 - [TEST_STEP][PASSED] - if (page1 == null): null

26-05-2025T09:33:44 - [TEST_STEP][PASSED] - else: null

26-05-2025T09:33:44 - [TEST_STEP][PASSED] - page1 = page1.replace("|", ""): null

26-05-2025T09:33:44 - [TEST_STEP][PASSED] - page2 = getText(findTestObject("Object Repository/Выполнение бизнес-плана/spanFact" + filialNum)): Text of object 'Object Repository/Выполнение бизнес-плана/spanFact3' is: '7.70
|'

26-05-2025T09:33:44 - [MESSAGE][PASSED] - Text of object 'Object Repository/Выполнение бизнес-плана/spanFact3' is: '7.70
|'

26-05-2025T09:33:44 - [TEST_STEP][PASSED] - if (page2 == null): null

26-05-2025T09:33:44 - [TEST_STEP][PASSED] - else: null

26-05-2025T09:33:44 - [TEST_STEP][PASSED] - page2 = page2.replace("|", ""): null

26-05-2025T09:33:44 - [TEST_STEP][PASSED] - println("page1: " + page1): null

26-05-2025T09:33:44 - [TEST_STEP][PASSED] - println("page2: " + page2): null

26-05-2025T09:33:44 - [TEST_STEP][PASSED] - file = findTestData("PlanFact").getValue(4, a): null

26-05-2025T09:33:44 - [TEST_STEP][PASSED] - file = file.replace(",", "."): null

26-05-2025T09:33:44 - [TEST_STEP][PASSED] - println("file Plan: " + file): null

26-05-2025T09:33:44 - [TEST_STEP][PASSED] - typeOfData = "План в процентах": null

26-05-2025T09:33:44 - [TEST_STEP][PASSED] - fileDouble = file.toDouble(): null

26-05-2025T09:33:44 - [TEST_STEP][PASSED] - pageDouble = page1.toDouble(): null

26-05-2025T09:33:44 - [TEST_STEP][PASSED] - if (fileDouble != pageDouble): null

26-05-2025T09:33:44 - [TEST_STEP][PASSED] - numberOfErrors = numberOfErrors + 1: null

26-05-2025T09:33:44 - [TEST_STEP][PASSED] - Script1718980020443.WriteToExcel(a, typeOfData, todaysDate, pageInt, fileInt, pageDouble, fileDouble, dZO): null

26-05-2025T09:33:44 - [TEST_STEP][PASSED] - sheetName = "Sheet1": null

26-05-2025T09:33:44 - [TEST_STEP][PASSED] - data = findTestData("PlanFact"): null

26-05-2025T09:33:44 - [TEST_STEP][PASSED] - n = data.getRowNumbers() + 1: null

26-05-2025T09:33:44 - [TEST_STEP][PASSED] - day = ")).toInteger(): null

26-05-2025T09:33:44 - [TEST_STEP][PASSED] - println(day): null

26-05-2025T09:33:44 - [TEST_STEP][PASSED] - month = ")).toInteger(): null

26-05-2025T09:33:44 - [TEST_STEP][PASSED] - println(month): null

26-05-2025T09:33:44 - [TEST_STEP][PASSED] - y = <not implemented yet for class: org.codehaus.groovy.ast.expr.EmptyExpression>: null

26-05-2025T09:33:44 - [TEST_STEP][PASSED] - iy = <not implemented yet for class: org.codehaus.groovy.ast.expr.EmptyExpression>: null

26-05-2025T09:33:44 - [TEST_STEP][PASSED] - m = getText(findTestObject("Выполнение бизнес-плана/Период")): Text of object 'Object Repository/Выполнение бизнес-плана/Период' is: '1 кв. 2025 года'

26-05-2025T09:33:44 - [MESSAGE][PASSED] - Text of object 'Object Repository/Выполнение бизнес-плана/Период' is: '1 кв. 2025 года'

26-05-2025T09:33:44 - [TEST_STEP][PASSED] - iy = m.indexOf("20"): null

26-05-2025T09:33:44 - [TEST_STEP][PASSED] - if (iy > -1): null

26-05-2025T09:33:44 - [TEST_STEP][PASSED] - y = substring(iy, iy + 4).toInteger(): null

26-05-2025T09:33:44 - [TEST_STEP][PASSED] - println(y): null

26-05-2025T09:33:44 - [TEST_STEP][PASSED] - if (toString().length() == 4): null

26-05-2025T09:33:44 - [TEST_STEP][PASSED] - m = m.substring(0, m.indexOf(y.toString())): null

26-05-2025T09:33:44 - [TEST_STEP][PASSED] - m = m.trim(): null

26-05-2025T09:33:44 - [TEST_STEP][PASSED] - if (m == ""): null

26-05-2025T09:33:44 - [TEST_STEP][PASSED] - dashboardName = "Выполнение бизнес-плана": null

26-05-2025T09:33:44 - [TEST_STEP][PASSED] - workbook01 = getWorkbook(excelFilePath): null

26-05-2025T09:33:44 - [TEST_STEP][PASSED] - sheet01 = getExcelSheet(workbook01, sheetName): null

26-05-2025T09:33:44 - [TEST_STEP][PASSED] - setValueToCellByIndex(sheet01, n, 0, dashboardName): null

26-05-2025T09:33:44 - [TEST_STEP][PASSED] - setValueToCellByIndex(sheet01, n, 1, dZO): null

26-05-2025T09:33:44 - [TEST_STEP][PASSED] - setValueToCellByIndex(sheet01, n, 2, typeOfData): null

26-05-2025T09:33:44 - [TEST_STEP][PASSED] - if (typeOfData == "Факт в процентах" || typeOfData == "План в процентах"): null

26-05-2025T09:33:44 - [TEST_STEP][PASSED] - setValueToCellByIndex(sheet01, n, 3, fileDouble): null

26-05-2025T09:33:44 - [TEST_STEP][PASSED] - setValueToCellByIndex(sheet01, n, 4, pageDouble): null

26-05-2025T09:33:44 - [TEST_STEP][PASSED] - setValueToCellByIndex(sheet01, n, 5, m): null

26-05-2025T09:33:44 - [TEST_STEP][PASSED] - setValueToCellByIndex(sheet01, n, 6, y): null

26-05-2025T09:33:44 - [TEST_STEP][PASSED] - setValueToCellByIndex(sheet01, n, 7, todaysDate): null

26-05-2025T09:33:44 - [TEST_STEP][PASSED] - n = n + 1: null

26-05-2025T09:33:44 - [TEST_STEP][PASSED] - saveWorkbook(excelFilePath, workbook01): null

26-05-2025T09:33:44 - [TEST_STEP][PASSED] - file = findTestData("PlanFact").getValue(7, a): null

26-05-2025T09:33:45 - [TEST_STEP][PASSED] - file = file.replace(",", "."): null

26-05-2025T09:33:45 - [TEST_STEP][PASSED] - println("file Fact: " + file): null

26-05-2025T09:33:45 - [TEST_STEP][PASSED] - fileDouble = file.toDouble(): null

26-05-2025T09:33:45 - [TEST_STEP][PASSED] - typeOfData = "Факт в процентах": null

26-05-2025T09:33:45 - [TEST_STEP][PASSED] - fileDouble = file.toDouble(): null

26-05-2025T09:33:45 - [TEST_STEP][PASSED] - pageDouble = page2.toDouble(): null

26-05-2025T09:33:45 - [TEST_STEP][PASSED] - if (fileDouble != pageDouble): null

26-05-2025T09:33:45 - [TEST_STEP][PASSED] - numberOfErrors = numberOfErrors + 1: null

26-05-2025T09:33:45 - [TEST_STEP][PASSED] - Script1718980020443.WriteToExcel(a, typeOfData, todaysDate, pageInt, fileInt, pageDouble, fileDouble, dZO): null

26-05-2025T09:33:45 - [TEST_STEP][PASSED] - sheetName = "Sheet1": null

26-05-2025T09:33:45 - [TEST_STEP][PASSED] - data = findTestData("PlanFact"): null

26-05-2025T09:33:45 - [TEST_STEP][PASSED] - n = data.getRowNumbers() + 1: null

26-05-2025T09:33:45 - [TEST_STEP][PASSED] - day = ")).toInteger(): null

26-05-2025T09:33:45 - [TEST_STEP][PASSED] - println(day): null

26-05-2025T09:33:45 - [TEST_STEP][PASSED] - month = ")).toInteger(): null

26-05-2025T09:33:45 - [TEST_STEP][PASSED] - println(month): null

26-05-2025T09:33:45 - [TEST_STEP][PASSED] - y = <not implemented yet for class: org.codehaus.groovy.ast.expr.EmptyExpression>: null

26-05-2025T09:33:45 - [TEST_STEP][PASSED] - iy = <not implemented yet for class: org.codehaus.groovy.ast.expr.EmptyExpression>: null

26-05-2025T09:33:45 - [TEST_STEP][PASSED] - m = getText(findTestObject("Выполнение бизнес-плана/Период")): Text of object 'Object Repository/Выполнение бизнес-плана/Период' is: '1 кв. 2025 года'

26-05-2025T09:33:45 - [MESSAGE][PASSED] - Text of object 'Object Repository/Выполнение бизнес-плана/Период' is: '1 кв. 2025 года'

26-05-2025T09:33:45 - [TEST_STEP][PASSED] - iy = m.indexOf("20"): null

26-05-2025T09:33:45 - [TEST_STEP][PASSED] - if (iy > -1): null

26-05-2025T09:33:45 - [TEST_STEP][PASSED] - y = substring(iy, iy + 4).toInteger(): null

26-05-2025T09:33:45 - [TEST_STEP][PASSED] - println(y): null

26-05-2025T09:33:45 - [TEST_STEP][PASSED] - if (toString().length() == 4): null

26-05-2025T09:33:45 - [TEST_STEP][PASSED] - m = m.substring(0, m.indexOf(y.toString())): null

26-05-2025T09:33:45 - [TEST_STEP][PASSED] - m = m.trim(): null

26-05-2025T09:33:45 - [TEST_STEP][PASSED] - if (m == ""): null

26-05-2025T09:33:45 - [TEST_STEP][PASSED] - dashboardName = "Выполнение бизнес-плана": null

26-05-2025T09:33:45 - [TEST_STEP][PASSED] - workbook01 = getWorkbook(excelFilePath): null

26-05-2025T09:33:45 - [TEST_STEP][PASSED] - sheet01 = getExcelSheet(workbook01, sheetName): null

26-05-2025T09:33:45 - [TEST_STEP][PASSED] - setValueToCellByIndex(sheet01, n, 0, dashboardName): null

26-05-2025T09:33:45 - [TEST_STEP][PASSED] - setValueToCellByIndex(sheet01, n, 1, dZO): null

26-05-2025T09:33:45 - [TEST_STEP][PASSED] - setValueToCellByIndex(sheet01, n, 2, typeOfData): null

26-05-2025T09:33:45 - [TEST_STEP][PASSED] - if (typeOfData == "Факт в процентах" || typeOfData == "План в процентах"): null

26-05-2025T09:33:45 - [TEST_STEP][PASSED] - setValueToCellByIndex(sheet01, n, 3, fileDouble): null

26-05-2025T09:33:45 - [TEST_STEP][PASSED] - setValueToCellByIndex(sheet01, n, 4, pageDouble): null

26-05-2025T09:33:45 - [TEST_STEP][PASSED] - setValueToCellByIndex(sheet01, n, 5, m): null

26-05-2025T09:33:45 - [TEST_STEP][PASSED] - setValueToCellByIndex(sheet01, n, 6, y): null

26-05-2025T09:33:45 - [TEST_STEP][PASSED] - setValueToCellByIndex(sheet01, n, 7, todaysDate): null

26-05-2025T09:33:45 - [TEST_STEP][PASSED] - n = n + 1: null

26-05-2025T09:33:45 - [TEST_STEP][PASSED] - saveWorkbook(excelFilePath, workbook01): null

26-05-2025T09:33:45 - [TEST_STEP][FAILED] - if (verifyEqual(numberOfErrors, 0) == false): null

26-05-2025T09:33:45 - [MESSAGE][FAILED] - Unable to verify equal between actual object '6' and expected object '0' (Root cause: com.kms.katalon.core.exception.StepFailedException: Actual object '6' and expected object '0' are not equal
	at com.kms.katalon.core.keyword.builtin.VerifyEqualKeyword$_verifyEqual_closure1.doCall(VerifyEqualKeyword.groovy:58)
	at com.kms.katalon.core.keyword.builtin.VerifyEqualKeyword$_verifyEqual_closure1.call(VerifyEqualKeyword.groovy)
	at com.kms.katalon.core.keyword.internal.KeywordMain.runKeyword(KeywordMain.groovy:75)
	at com.kms.katalon.core.keyword.builtin.VerifyEqualKeyword.verifyEqual(VerifyEqualKeyword.groovy:63)
	at com.kms.katalon.core.keyword.builtin.VerifyEqualKeyword.execute(VerifyEqualKeyword.groovy:44)
	at com.kms.katalon.core.keyword.internal.KeywordExecutor.executeKeywordForPlatform(KeywordExecutor.groovy:74)
	at com.kms.katalon.core.keyword.BuiltinKeywords.verifyEqual(BuiltinKeywords.groovy:146)
	at jdk.internal.reflect.GeneratedMethodAccessor23.invoke(Unknown Source)
	at java.base/jdk.internal.reflect.DelegatingMethodAccessorImpl.invoke(DelegatingMethodAccessorImpl.java:43)
	at Выполнение бизнес-плана Сверка ПАО Россети все филиалы.Numbers(Выполнение бизнес-плана Сверка ПАО Россети все филиалы:749)
	at Выполнение бизнес-плана Сверка ПАО Россети все филиалы.Filials(Выполнение бизнес-плана Сверка ПАО Россети все филиалы:956)
	at Выполнение бизнес-плана Сверка ПАО Россети все филиалы.Numbers(Выполнение бизнес-плана Сверка ПАО Россети все филиалы:756)
	at Выполнение бизнес-плана Сверка ПАО Россети все филиалы.run(Выполнение бизнес-плана Сверка ПАО Россети все филиалы:227)
	at com.kms.katalon.core.main.ScriptEngine.run(ScriptEngine.java:194)
	at com.kms.katalon.core.main.ScriptEngine.runScriptAsRawText(ScriptEngine.java:119)
	at com.kms.katalon.core.main.TestCaseExecutor.runScript(TestCaseExecutor.java:448)
	at com.kms.katalon.core.main.TestCaseExecutor.doExecute(TestCaseExecutor.java:439)
	at com.kms.katalon.core.main.TestCaseExecutor.processExecutionPhase(TestCaseExecutor.java:418)
	at com.kms.katalon.core.main.TestCaseExecutor.accessMainPhase(TestCaseExecutor.java:410)
	at com.kms.katalon.core.main.TestCaseExecutor.execute(TestCaseExecutor.java:285)
	at com.kms.katalon.core.common.CommonExecutor.accessTestCaseMainPhase(CommonExecutor.java:65)
	at com.kms.katalon.core.main.TestSuiteExecutor.accessTestSuiteMainPhase(TestSuiteExecutor.java:150)
	at com.kms.katalon.core.main.TestSuiteExecutor.execute(TestSuiteExecutor.java:106)
	at com.kms.katalon.core.main.TestCaseMain.startTestSuite(TestCaseMain.java:180)
	at TempTestSuite1748228991768.run(TempTestSuite1748228991768.groovy:35)
	at java.base/jdk.internal.reflect.NativeMethodAccessorImpl.invoke0(Native Method)
	at java.base/jdk.internal.reflect.NativeMethodAccessorImpl.invoke(NativeMethodAccessorImpl.java:77)
	at java.base/jdk.internal.reflect.DelegatingMethodAccessorImpl.invoke(DelegatingMethodAccessorImpl.java:43)
)

26-05-2025T09:33:45 - [TEST_STEP][PASSED] - println(numberOfErrors): null

26-05-2025T09:33:45 - [TEST_STEP][PASSED] - println("a=" + a): null

26-05-2025T09:33:45 - [TEST_STEP][PASSED] - if (a == 28 || a == 77 || a == 74 || a == 65 || a == 36 || a == 44 || a == 54 || a == 1 || a == 18 || a == 59): null

26-05-2025T09:33:45 - [TEST_STEP][PASSED] - if (a == 82): null

26-05-2025T09:33:45 - [TEST_STEP][PASSED] - dZO = "Самарские РС": null

26-05-2025T09:33:45 - [TEST_STEP][PASSED] - a = 32: null

26-05-2025T09:33:45 - [TEST_STEP][PASSED] - dzoCut = dZO.substring(0, 10): null

26-05-2025T09:33:45 - [TEST_STEP][PASSED] - if (x2.contains(dzoCut)): null

26-05-2025T09:33:45 - [TEST_STEP][PASSED] - filialNum = filialNum + 1: null

26-05-2025T09:33:45 - [TEST_STEP][PASSED] - Script1718980020443.Numbers(a, typeOfData, todaysDate, pageInt, fileInt, pageDouble, fileDouble, dZO, dzoNum, filialNum): null

26-05-2025T09:33:45 - [TEST_STEP][PASSED] - println(dzoNum): null

26-05-2025T09:33:45 - [TEST_STEP][PASSED] - planFact = <not implemented yet for class: org.codehaus.groovy.ast.expr.EmptyExpression>: null

26-05-2025T09:33:45 - [TEST_STEP][PASSED] - page = <not implemented yet for class: org.codehaus.groovy.ast.expr.EmptyExpression>: null

26-05-2025T09:33:45 - [TEST_STEP][PASSED] - page1 = <not implemented yet for class: org.codehaus.groovy.ast.expr.EmptyExpression>: null

26-05-2025T09:33:45 - [TEST_STEP][PASSED] - page2 = <not implemented yet for class: org.codehaus.groovy.ast.expr.EmptyExpression>: null

26-05-2025T09:33:45 - [TEST_STEP][PASSED] - filialNumberInRow = <not implemented yet for class: org.codehaus.groovy.ast.expr.EmptyExpression>: null

26-05-2025T09:33:45 - [TEST_STEP][PASSED] - filialsDzoNames = <not implemented yet for class: org.codehaus.groovy.ast.expr.EmptyExpression>: null

26-05-2025T09:33:45 - [TEST_STEP][PASSED] - numberOfFilials = <not implemented yet for class: org.codehaus.groovy.ast.expr.EmptyExpression>: null

26-05-2025T09:33:45 - [TEST_STEP][PASSED] - numberOfSpaces = <not implemented yet for class: org.codehaus.groovy.ast.expr.EmptyExpression>: null

26-05-2025T09:33:45 - [TEST_STEP][PASSED] - file = <not implemented yet for class: org.codehaus.groovy.ast.expr.EmptyExpression>: null

26-05-2025T09:33:45 - [TEST_STEP][PASSED] - otpusk = <not implemented yet for class: org.codehaus.groovy.ast.expr.EmptyExpression>: null

26-05-2025T09:33:45 - [TEST_STEP][PASSED] - poteri = <not implemented yet for class: org.codehaus.groovy.ast.expr.EmptyExpression>: null

26-05-2025T09:33:45 - [TEST_STEP][PASSED] - dataFolder = "Выполнение бизнес-плана/Значения со страницы Выполнение бизнес-плана/": null

26-05-2025T09:33:45 - [TEST_STEP][PASSED] - path = <not implemented yet for class: org.codehaus.groovy.ast.expr.EmptyExpression>: null

26-05-2025T09:33:45 - [TEST_STEP][PASSED] - typeOfDataMain = <not implemented yet for class: org.codehaus.groovy.ast.expr.EmptyExpression>: null

26-05-2025T09:33:45 - [TEST_STEP][PASSED] - fileOtpuskVSet = <not implemented yet for class: org.codehaus.groovy.ast.expr.EmptyExpression>: null

26-05-2025T09:33:45 - [TEST_STEP][PASSED] - pageOtpuskVSet = <not implemented yet for class: org.codehaus.groovy.ast.expr.EmptyExpression>: null

26-05-2025T09:33:45 - [TEST_STEP][PASSED] - filePoteri = <not implemented yet for class: org.codehaus.groovy.ast.expr.EmptyExpression>: null

26-05-2025T09:33:45 - [TEST_STEP][PASSED] - pagePoteri = <not implemented yet for class: org.codehaus.groovy.ast.expr.EmptyExpression>: null

26-05-2025T09:33:45 - [TEST_STEP][PASSED] - compare = <not implemented yet for class: org.codehaus.groovy.ast.expr.EmptyExpression>: null

26-05-2025T09:33:45 - [TEST_STEP][PASSED] - b = <not implemented yet for class: org.codehaus.groovy.ast.expr.EmptyExpression>: null

26-05-2025T09:33:45 - [TEST_STEP][PASSED] - i = <not implemented yet for class: org.codehaus.groovy.ast.expr.EmptyExpression>: null

26-05-2025T09:33:45 - [TEST_STEP][PASSED] - ii = <not implemented yet for class: org.codehaus.groovy.ast.expr.EmptyExpression>: null

26-05-2025T09:33:45 - [TEST_STEP][PASSED] - c = <not implemented yet for class: org.codehaus.groovy.ast.expr.EmptyExpression>: null

26-05-2025T09:33:45 - [TEST_STEP][PASSED] - numberOfErrors = 0: null

26-05-2025T09:33:45 - [TEST_STEP][PASSED] - if (a == 82): null

26-05-2025T09:33:45 - [TEST_STEP][PASSED] - b = findTestData("PlanFact").getValue(1, a): null

26-05-2025T09:33:45 - [TEST_STEP][PASSED] - i = b.indexOf(" (ГК)"): null

26-05-2025T09:33:45 - [TEST_STEP][PASSED] - if (i > -1): null

26-05-2025T09:33:45 - [TEST_STEP][PASSED] - i = b.indexOf("О ""): null

26-05-2025T09:33:45 - [TEST_STEP][PASSED] - if (i > -1): null

26-05-2025T09:33:45 - [TEST_STEP][PASSED] - i = b.indexOf("О «"): null

26-05-2025T09:33:45 - [TEST_STEP][PASSED] - if (i > -1): null

26-05-2025T09:33:45 - [TEST_STEP][PASSED] - i = b.indexOf("г. "): null

26-05-2025T09:33:45 - [TEST_STEP][PASSED] - if (i > -1): null

26-05-2025T09:33:45 - [TEST_STEP][PASSED] - b = b.trim(): null

26-05-2025T09:33:45 - [TEST_STEP][PASSED] - println(b): null

26-05-2025T09:33:45 - [TEST_STEP][PASSED] - for ([planFact = 1, planFact < 3, (planFact++)]): null

26-05-2025T09:33:45 - [TEST_STEP][PASSED] - if (planFact == 1): null

26-05-2025T09:33:45 - [TEST_STEP][PASSED] - typeOfDataMain = "Факт": null

26-05-2025T09:33:45 - [TEST_STEP][PASSED] - otpusk = findTestData("PlanFact").getValue(5, a): null

26-05-2025T09:33:45 - [TEST_STEP][PASSED] - poteri = findTestData("PlanFact").getValue(6, a): null

26-05-2025T09:33:45 - [TEST_STEP][PASSED] - otpusk = otpusk.replaceAll("\s+", ""): null

26-05-2025T09:33:45 - [TEST_STEP][PASSED] - poteri = poteri.replaceAll("\s+", ""): null

26-05-2025T09:33:45 - [TEST_STEP][PASSED] - typeOfData = typeOfDataMain + " Отпуск в сеть": null

26-05-2025T09:33:45 - [TEST_STEP][PASSED] - if (a == 82): null

26-05-2025T09:33:45 - [TEST_STEP][PASSED] - else if (a == 84): null

26-05-2025T09:33:45 - [TEST_STEP][PASSED] - else if (a == 83 || a == 52 || a == 72 || a == 28 || a == 73 || a == 77 || a == 74 || a == 65 || a == 36 || a == 44 || a == 53 || a == 80 || a == 54 || a == 1 || a == 18 || a == 59 || a == 81): null

26-05-2025T09:33:45 - [TEST_STEP][PASSED] - else: null

26-05-2025T09:33:45 - [TEST_STEP][PASSED] - path = dataFolder + typeOfData + " за отчётный период " + b: null

26-05-2025T09:33:45 - [TEST_STEP][PASSED] - println(path): null

26-05-2025T09:33:45 - [TEST_STEP][PASSED] - page = getText(findTestObject(path)): Text of object 'Object Repository/Выполнение бизнес-плана/Значения со страницы Выполнение бизнес-плана/Факт Отпуск в сеть за отчётный период Самарские РС' is: '1 727 126'

26-05-2025T09:33:46 - [MESSAGE][PASSED] - Text of object 'Object Repository/Выполнение бизнес-плана/Значения со страницы Выполнение бизнес-плана/Факт Отпуск в сеть за отчётный период Самарские РС' is: '1 727 126'

26-05-2025T09:33:46 - [TEST_STEP][PASSED] - if (page == "" || page == null): null

26-05-2025T09:33:46 - [TEST_STEP][PASSED] - else: null

26-05-2025T09:33:46 - [TEST_STEP][PASSED] - page = page.replaceAll("\s+", ""): null

26-05-2025T09:33:46 - [TEST_STEP][PASSED] - if (page == "undefined"): null

26-05-2025T09:33:46 - [TEST_STEP][PASSED] - fileOtpuskVSet = otpusk.toInteger(): null

26-05-2025T09:33:46 - [TEST_STEP][PASSED] - pageOtpuskVSet = page.toInteger(): null

26-05-2025T09:33:46 - [TEST_STEP][PASSED] - typeOfData = typeOfDataMain + " Потери": null

26-05-2025T09:33:46 - [TEST_STEP][PASSED] - if (a == 82): null

26-05-2025T09:33:46 - [TEST_STEP][PASSED] - else if (a == 84): null

26-05-2025T09:33:46 - [TEST_STEP][PASSED] - else if (a == 83 || a == 52 || a == 72 || a == 28 || a == 73 || a == 77 || a == 74 || a == 65 || a == 36 || a == 44 || a == 53 || a == 80 || a == 54 || a == 1 || a == 18 || a == 59 || a == 81): null

26-05-2025T09:33:46 - [TEST_STEP][PASSED] - else: null

26-05-2025T09:33:46 - [TEST_STEP][PASSED] - path = dataFolder + typeOfData + " за отчётный период " + b: null

26-05-2025T09:33:46 - [TEST_STEP][PASSED] - page = getText(findTestObject(path)): Text of object 'Object Repository/Выполнение бизнес-плана/Значения со страницы Выполнение бизнес-плана/Факт Потери за отчётный период Самарские РС' is: '76 830'

26-05-2025T09:33:46 - [MESSAGE][PASSED] - Text of object 'Object Repository/Выполнение бизнес-плана/Значения со страницы Выполнение бизнес-плана/Факт Потери за отчётный период Самарские РС' is: '76 830'

26-05-2025T09:33:46 - [TEST_STEP][PASSED] - if (page == "" || page == null): null

26-05-2025T09:33:46 - [TEST_STEP][PASSED] - else: null

26-05-2025T09:33:46 - [TEST_STEP][PASSED] - page = page.replaceAll("\s+", ""): null

26-05-2025T09:33:46 - [TEST_STEP][PASSED] - if (page == "undefined"): null

26-05-2025T09:33:46 - [TEST_STEP][PASSED] - filePoteri = poteri.toInteger(): null

26-05-2025T09:33:46 - [TEST_STEP][PASSED] - pagePoteri = page.toInteger(): null

26-05-2025T09:33:46 - [TEST_STEP][PASSED] - compare = pageOtpuskVSet: null

26-05-2025T09:33:46 - [TEST_STEP][PASSED] - if (pageOtpuskVSet != null): null

26-05-2025T09:33:46 - [TEST_STEP][PASSED] - if (compare == fileOtpuskVSet): null

26-05-2025T09:33:46 - [TEST_STEP][PASSED] - else if (compare > fileOtpuskVSet): null

26-05-2025T09:33:46 - [TEST_STEP][PASSED] - else if (compare < fileOtpuskVSet): null

26-05-2025T09:33:46 - [TEST_STEP][PASSED] - compare = compare + 1: null

26-05-2025T09:33:46 - [TEST_STEP][PASSED] - if (compare == fileOtpuskVSet): null

26-05-2025T09:33:46 - [TEST_STEP][PASSED] - else: null

26-05-2025T09:33:46 - [TEST_STEP][PASSED] - numberOfErrors = numberOfErrors + 1: null

26-05-2025T09:33:46 - [TEST_STEP][PASSED] - pageInt = pageOtpuskVSet: null

26-05-2025T09:33:46 - [TEST_STEP][PASSED] - fileInt = fileOtpuskVSet: null

26-05-2025T09:33:46 - [TEST_STEP][PASSED] - typeOfData = typeOfDataMain + " Отпуск в сеть": null

26-05-2025T09:33:46 - [TEST_STEP][PASSED] - Script1718980020443.WriteToExcel(a, typeOfData, todaysDate, pageInt, fileInt, pageDouble, fileDouble, dZO): null

26-05-2025T09:33:46 - [TEST_STEP][PASSED] - sheetName = "Sheet1": null

26-05-2025T09:33:46 - [TEST_STEP][PASSED] - data = findTestData("PlanFact"): null

26-05-2025T09:33:46 - [TEST_STEP][PASSED] - n = data.getRowNumbers() + 1: null

26-05-2025T09:33:46 - [TEST_STEP][PASSED] - day = ")).toInteger(): null

26-05-2025T09:33:46 - [TEST_STEP][PASSED] - println(day): null

26-05-2025T09:33:46 - [TEST_STEP][PASSED] - month = ")).toInteger(): null

26-05-2025T09:33:46 - [TEST_STEP][PASSED] - println(month): null

26-05-2025T09:33:46 - [TEST_STEP][PASSED] - y = <not implemented yet for class: org.codehaus.groovy.ast.expr.EmptyExpression>: null

26-05-2025T09:33:46 - [TEST_STEP][PASSED] - iy = <not implemented yet for class: org.codehaus.groovy.ast.expr.EmptyExpression>: null

26-05-2025T09:33:46 - [TEST_STEP][PASSED] - m = getText(findTestObject("Выполнение бизнес-плана/Период")): Text of object 'Object Repository/Выполнение бизнес-плана/Период' is: '1 кв. 2025 года'

26-05-2025T09:33:46 - [MESSAGE][PASSED] - Text of object 'Object Repository/Выполнение бизнес-плана/Период' is: '1 кв. 2025 года'

26-05-2025T09:33:46 - [TEST_STEP][PASSED] - iy = m.indexOf("20"): null

26-05-2025T09:33:46 - [TEST_STEP][PASSED] - if (iy > -1): null

26-05-2025T09:33:46 - [TEST_STEP][PASSED] - y = substring(iy, iy + 4).toInteger(): null

26-05-2025T09:33:46 - [TEST_STEP][PASSED] - println(y): null

26-05-2025T09:33:46 - [TEST_STEP][PASSED] - if (toString().length() == 4): null

26-05-2025T09:33:46 - [TEST_STEP][PASSED] - m = m.substring(0, m.indexOf(y.toString())): null

26-05-2025T09:33:46 - [TEST_STEP][PASSED] - m = m.trim(): null

26-05-2025T09:33:46 - [TEST_STEP][PASSED] - if (m == ""): null

26-05-2025T09:33:46 - [TEST_STEP][PASSED] - dashboardName = "Выполнение бизнес-плана": null

26-05-2025T09:33:46 - [TEST_STEP][PASSED] - workbook01 = getWorkbook(excelFilePath): null

26-05-2025T09:33:46 - [TEST_STEP][PASSED] - sheet01 = getExcelSheet(workbook01, sheetName): null

26-05-2025T09:33:46 - [TEST_STEP][PASSED] - setValueToCellByIndex(sheet01, n, 0, dashboardName): null

26-05-2025T09:33:46 - [TEST_STEP][PASSED] - setValueToCellByIndex(sheet01, n, 1, dZO): null

26-05-2025T09:33:46 - [TEST_STEP][PASSED] - setValueToCellByIndex(sheet01, n, 2, typeOfData): null

26-05-2025T09:33:46 - [TEST_STEP][PASSED] - if (typeOfData == "Факт в процентах" || typeOfData == "План в процентах"): null

26-05-2025T09:33:46 - [TEST_STEP][PASSED] - else: null

26-05-2025T09:33:46 - [TEST_STEP][PASSED] - setValueToCellByIndex(sheet01, n, 3, fileInt): null

26-05-2025T09:33:46 - [TEST_STEP][PASSED] - setValueToCellByIndex(sheet01, n, 4, pageInt): null

26-05-2025T09:33:46 - [TEST_STEP][PASSED] - setValueToCellByIndex(sheet01, n, 5, m): null

26-05-2025T09:33:46 - [TEST_STEP][PASSED] - setValueToCellByIndex(sheet01, n, 6, y): null

26-05-2025T09:33:46 - [TEST_STEP][PASSED] - setValueToCellByIndex(sheet01, n, 7, todaysDate): null

26-05-2025T09:33:46 - [TEST_STEP][PASSED] - n = n + 1: null

26-05-2025T09:33:46 - [TEST_STEP][PASSED] - saveWorkbook(excelFilePath, workbook01): null

26-05-2025T09:33:47 - [TEST_STEP][PASSED] - compare = pagePoteri: null

26-05-2025T09:33:47 - [TEST_STEP][PASSED] - if (pageOtpuskVSet != null): null

26-05-2025T09:33:47 - [TEST_STEP][PASSED] - if (compare == filePoteri): null

26-05-2025T09:33:47 - [TEST_STEP][PASSED] - else if (compare > filePoteri): null

26-05-2025T09:33:47 - [TEST_STEP][PASSED] - else if (compare < filePoteri): null

26-05-2025T09:33:47 - [TEST_STEP][PASSED] - compare = compare + 1: null

26-05-2025T09:33:47 - [TEST_STEP][PASSED] - if (compare == filePoteri): null

26-05-2025T09:33:47 - [TEST_STEP][PASSED] - else: null

26-05-2025T09:33:47 - [TEST_STEP][PASSED] - numberOfErrors = numberOfErrors + 1: null

26-05-2025T09:33:47 - [TEST_STEP][PASSED] - pageInt = pagePoteri: null

26-05-2025T09:33:47 - [TEST_STEP][PASSED] - fileInt = filePoteri: null

26-05-2025T09:33:47 - [TEST_STEP][PASSED] - typeOfData = typeOfDataMain + " Потери": null

26-05-2025T09:33:47 - [TEST_STEP][PASSED] - Script1718980020443.WriteToExcel(a, typeOfData, todaysDate, pageInt, fileInt, pageDouble, fileDouble, dZO): null

26-05-2025T09:33:47 - [TEST_STEP][PASSED] - sheetName = "Sheet1": null

26-05-2025T09:33:47 - [TEST_STEP][PASSED] - data = findTestData("PlanFact"): null

26-05-2025T09:33:47 - [TEST_STEP][PASSED] - n = data.getRowNumbers() + 1: null

26-05-2025T09:33:47 - [TEST_STEP][PASSED] - day = ")).toInteger(): null

26-05-2025T09:33:47 - [TEST_STEP][PASSED] - println(day): null

26-05-2025T09:33:47 - [TEST_STEP][PASSED] - month = ")).toInteger(): null

26-05-2025T09:33:47 - [TEST_STEP][PASSED] - println(month): null

26-05-2025T09:33:47 - [TEST_STEP][PASSED] - y = <not implemented yet for class: org.codehaus.groovy.ast.expr.EmptyExpression>: null

26-05-2025T09:33:47 - [TEST_STEP][PASSED] - iy = <not implemented yet for class: org.codehaus.groovy.ast.expr.EmptyExpression>: null

26-05-2025T09:33:47 - [TEST_STEP][PASSED] - m = getText(findTestObject("Выполнение бизнес-плана/Период")): Text of object 'Object Repository/Выполнение бизнес-плана/Период' is: '1 кв. 2025 года'

26-05-2025T09:33:47 - [MESSAGE][PASSED] - Text of object 'Object Repository/Выполнение бизнес-плана/Период' is: '1 кв. 2025 года'

26-05-2025T09:33:47 - [TEST_STEP][PASSED] - iy = m.indexOf("20"): null

26-05-2025T09:33:47 - [TEST_STEP][PASSED] - if (iy > -1): null

26-05-2025T09:33:47 - [TEST_STEP][PASSED] - y = substring(iy, iy + 4).toInteger(): null

26-05-2025T09:33:47 - [TEST_STEP][PASSED] - println(y): null

26-05-2025T09:33:47 - [TEST_STEP][PASSED] - if (toString().length() == 4): null

26-05-2025T09:33:47 - [TEST_STEP][PASSED] - m = m.substring(0, m.indexOf(y.toString())): null

26-05-2025T09:33:47 - [TEST_STEP][PASSED] - m = m.trim(): null

26-05-2025T09:33:47 - [TEST_STEP][PASSED] - if (m == ""): null

26-05-2025T09:33:47 - [TEST_STEP][PASSED] - dashboardName = "Выполнение бизнес-плана": null

26-05-2025T09:33:47 - [TEST_STEP][PASSED] - workbook01 = getWorkbook(excelFilePath): null

26-05-2025T09:33:47 - [TEST_STEP][PASSED] - sheet01 = getExcelSheet(workbook01, sheetName): null

26-05-2025T09:33:47 - [TEST_STEP][PASSED] - setValueToCellByIndex(sheet01, n, 0, dashboardName): null

26-05-2025T09:33:47 - [TEST_STEP][PASSED] - setValueToCellByIndex(sheet01, n, 1, dZO): null

26-05-2025T09:33:47 - [TEST_STEP][PASSED] - setValueToCellByIndex(sheet01, n, 2, typeOfData): null

26-05-2025T09:33:47 - [TEST_STEP][PASSED] - if (typeOfData == "Факт в процентах" || typeOfData == "План в процентах"): null

26-05-2025T09:33:47 - [TEST_STEP][PASSED] - else: null

26-05-2025T09:33:47 - [TEST_STEP][PASSED] - setValueToCellByIndex(sheet01, n, 3, fileInt): null

26-05-2025T09:33:47 - [TEST_STEP][PASSED] - setValueToCellByIndex(sheet01, n, 4, pageInt): null

26-05-2025T09:33:47 - [TEST_STEP][PASSED] - setValueToCellByIndex(sheet01, n, 5, m): null

26-05-2025T09:33:47 - [TEST_STEP][PASSED] - setValueToCellByIndex(sheet01, n, 6, y): null

26-05-2025T09:33:47 - [TEST_STEP][PASSED] - setValueToCellByIndex(sheet01, n, 7, todaysDate): null

26-05-2025T09:33:47 - [TEST_STEP][PASSED] - n = n + 1: null

26-05-2025T09:33:47 - [TEST_STEP][PASSED] - saveWorkbook(excelFilePath, workbook01): null

26-05-2025T09:33:47 - [TEST_STEP][PASSED] - if (planFact == 2): null

26-05-2025T09:33:47 - [TEST_STEP][PASSED] - if (planFact == 1): null

26-05-2025T09:33:47 - [TEST_STEP][PASSED] - else if (planFact == 2): null

26-05-2025T09:33:47 - [TEST_STEP][PASSED] - click(findTestObject("Выполнение бизнес-плана/Кнопка План")): Object: 'Object Repository/Выполнение бизнес-плана/Кнопка План' is clicked on

26-05-2025T09:33:48 - [MESSAGE][PASSED] - Object: 'Object Repository/Выполнение бизнес-плана/Кнопка План' is clicked on

26-05-2025T09:33:48 - [TEST_STEP][PASSED] - typeOfDataMain = "План": null

26-05-2025T09:33:48 - [TEST_STEP][PASSED] - otpusk = findTestData("PlanFact").getValue(2, a): null

26-05-2025T09:33:48 - [TEST_STEP][PASSED] - poteri = findTestData("PlanFact").getValue(3, a): null

26-05-2025T09:33:48 - [TEST_STEP][PASSED] - otpusk = otpusk.replaceAll("\s+", ""): null

26-05-2025T09:33:48 - [TEST_STEP][PASSED] - poteri = poteri.replaceAll("\s+", ""): null

26-05-2025T09:33:48 - [TEST_STEP][PASSED] - typeOfData = typeOfDataMain + " Отпуск в сеть": null

26-05-2025T09:33:48 - [TEST_STEP][PASSED] - if (a == 82): null

26-05-2025T09:33:48 - [TEST_STEP][PASSED] - else if (a == 84): null

26-05-2025T09:33:48 - [TEST_STEP][PASSED] - else if (a == 83 || a == 52 || a == 72 || a == 28 || a == 73 || a == 77 || a == 74 || a == 65 || a == 36 || a == 44 || a == 53 || a == 80 || a == 54 || a == 1 || a == 18 || a == 59 || a == 81): null

26-05-2025T09:33:48 - [TEST_STEP][PASSED] - else: null

26-05-2025T09:33:48 - [TEST_STEP][PASSED] - path = dataFolder + typeOfData + " за отчётный период " + b: null

26-05-2025T09:33:48 - [TEST_STEP][PASSED] - println(path): null

26-05-2025T09:33:48 - [TEST_STEP][PASSED] - page = getText(findTestObject(path)): Text of object 'Object Repository/Выполнение бизнес-плана/Значения со страницы Выполнение бизнес-плана/План Отпуск в сеть за отчётный период Самарские РС' is: '1 801 121'

26-05-2025T09:33:48 - [MESSAGE][PASSED] - Text of object 'Object Repository/Выполнение бизнес-плана/Значения со страницы Выполнение бизнес-плана/План Отпуск в сеть за отчётный период Самарские РС' is: '1 801 121'

26-05-2025T09:33:48 - [TEST_STEP][PASSED] - if (page == "" || page == null): null

26-05-2025T09:33:48 - [TEST_STEP][PASSED] - else: null

26-05-2025T09:33:48 - [TEST_STEP][PASSED] - page = page.replaceAll("\s+", ""): null

26-05-2025T09:33:48 - [TEST_STEP][PASSED] - if (page == "undefined"): null

26-05-2025T09:33:48 - [TEST_STEP][PASSED] - fileOtpuskVSet = otpusk.toInteger(): null

26-05-2025T09:33:48 - [TEST_STEP][PASSED] - pageOtpuskVSet = page.toInteger(): null

26-05-2025T09:33:48 - [TEST_STEP][PASSED] - typeOfData = typeOfDataMain + " Потери": null

26-05-2025T09:33:48 - [TEST_STEP][PASSED] - if (a == 82): null

26-05-2025T09:33:48 - [TEST_STEP][PASSED] - else if (a == 84): null

26-05-2025T09:33:48 - [TEST_STEP][PASSED] - else if (a == 83 || a == 52 || a == 72 || a == 28 || a == 73 || a == 77 || a == 74 || a == 65 || a == 36 || a == 44 || a == 53 || a == 80 || a == 54 || a == 1 || a == 18 || a == 59 || a == 81): null

26-05-2025T09:33:48 - [TEST_STEP][PASSED] - else: null

26-05-2025T09:33:48 - [TEST_STEP][PASSED] - path = dataFolder + typeOfData + " за отчётный период " + b: null

26-05-2025T09:33:48 - [TEST_STEP][PASSED] - page = getText(findTestObject(path)): Text of object 'Object Repository/Выполнение бизнес-плана/Значения со страницы Выполнение бизнес-плана/План Потери за отчётный период Самарские РС' is: '85 467'

26-05-2025T09:33:48 - [MESSAGE][PASSED] - Text of object 'Object Repository/Выполнение бизнес-плана/Значения со страницы Выполнение бизнес-плана/План Потери за отчётный период Самарские РС' is: '85 467'

26-05-2025T09:33:48 - [TEST_STEP][PASSED] - if (page == "" || page == null): null

26-05-2025T09:33:48 - [TEST_STEP][PASSED] - else: null

26-05-2025T09:33:48 - [TEST_STEP][PASSED] - page = page.replaceAll("\s+", ""): null

26-05-2025T09:33:48 - [TEST_STEP][PASSED] - if (page == "undefined"): null

26-05-2025T09:33:48 - [TEST_STEP][PASSED] - filePoteri = poteri.toInteger(): null

26-05-2025T09:33:48 - [TEST_STEP][PASSED] - pagePoteri = page.toInteger(): null

26-05-2025T09:33:48 - [TEST_STEP][PASSED] - compare = pageOtpuskVSet: null

26-05-2025T09:33:48 - [TEST_STEP][PASSED] - if (pageOtpuskVSet != null): null

26-05-2025T09:33:48 - [TEST_STEP][PASSED] - if (compare == fileOtpuskVSet): null

26-05-2025T09:33:48 - [TEST_STEP][PASSED] - else if (compare > fileOtpuskVSet): null

26-05-2025T09:33:48 - [TEST_STEP][PASSED] - else if (compare < fileOtpuskVSet): null

26-05-2025T09:33:48 - [TEST_STEP][PASSED] - compare = compare + 1: null

26-05-2025T09:33:48 - [TEST_STEP][PASSED] - if (compare == fileOtpuskVSet): null

26-05-2025T09:33:48 - [TEST_STEP][PASSED] - else: null

26-05-2025T09:33:48 - [TEST_STEP][PASSED] - numberOfErrors = numberOfErrors + 1: null

26-05-2025T09:33:48 - [TEST_STEP][PASSED] - pageInt = pageOtpuskVSet: null

26-05-2025T09:33:48 - [TEST_STEP][PASSED] - fileInt = fileOtpuskVSet: null

26-05-2025T09:33:48 - [TEST_STEP][PASSED] - typeOfData = typeOfDataMain + " Отпуск в сеть": null

26-05-2025T09:33:48 - [TEST_STEP][PASSED] - Script1718980020443.WriteToExcel(a, typeOfData, todaysDate, pageInt, fileInt, pageDouble, fileDouble, dZO): null

26-05-2025T09:33:48 - [TEST_STEP][PASSED] - sheetName = "Sheet1": null

26-05-2025T09:33:48 - [TEST_STEP][PASSED] - data = findTestData("PlanFact"): null

26-05-2025T09:33:48 - [TEST_STEP][PASSED] - n = data.getRowNumbers() + 1: null

26-05-2025T09:33:48 - [TEST_STEP][PASSED] - day = ")).toInteger(): null

26-05-2025T09:33:48 - [TEST_STEP][PASSED] - println(day): null

26-05-2025T09:33:48 - [TEST_STEP][PASSED] - month = ")).toInteger(): null

26-05-2025T09:33:48 - [TEST_STEP][PASSED] - println(month): null

26-05-2025T09:33:48 - [TEST_STEP][PASSED] - y = <not implemented yet for class: org.codehaus.groovy.ast.expr.EmptyExpression>: null

26-05-2025T09:33:48 - [TEST_STEP][PASSED] - iy = <not implemented yet for class: org.codehaus.groovy.ast.expr.EmptyExpression>: null

26-05-2025T09:33:48 - [TEST_STEP][PASSED] - m = getText(findTestObject("Выполнение бизнес-плана/Период")): Text of object 'Object Repository/Выполнение бизнес-плана/Период' is: '1 кв. 2025 года'

26-05-2025T09:33:49 - [MESSAGE][PASSED] - Text of object 'Object Repository/Выполнение бизнес-плана/Период' is: '1 кв. 2025 года'

26-05-2025T09:33:49 - [TEST_STEP][PASSED] - iy = m.indexOf("20"): null

26-05-2025T09:33:49 - [TEST_STEP][PASSED] - if (iy > -1): null

26-05-2025T09:33:49 - [TEST_STEP][PASSED] - y = substring(iy, iy + 4).toInteger(): null

26-05-2025T09:33:49 - [TEST_STEP][PASSED] - println(y): null

26-05-2025T09:33:49 - [TEST_STEP][PASSED] - if (toString().length() == 4): null

26-05-2025T09:33:49 - [TEST_STEP][PASSED] - m = m.substring(0, m.indexOf(y.toString())): null

26-05-2025T09:33:49 - [TEST_STEP][PASSED] - m = m.trim(): null

26-05-2025T09:33:49 - [TEST_STEP][PASSED] - if (m == ""): null

26-05-2025T09:33:49 - [TEST_STEP][PASSED] - dashboardName = "Выполнение бизнес-плана": null

26-05-2025T09:33:49 - [TEST_STEP][PASSED] - workbook01 = getWorkbook(excelFilePath): null

26-05-2025T09:33:49 - [TEST_STEP][PASSED] - sheet01 = getExcelSheet(workbook01, sheetName): null

26-05-2025T09:33:49 - [TEST_STEP][PASSED] - setValueToCellByIndex(sheet01, n, 0, dashboardName): null

26-05-2025T09:33:49 - [TEST_STEP][PASSED] - setValueToCellByIndex(sheet01, n, 1, dZO): null

26-05-2025T09:33:49 - [TEST_STEP][PASSED] - setValueToCellByIndex(sheet01, n, 2, typeOfData): null

26-05-2025T09:33:49 - [TEST_STEP][PASSED] - if (typeOfData == "Факт в процентах" || typeOfData == "План в процентах"): null

26-05-2025T09:33:49 - [TEST_STEP][PASSED] - else: null

26-05-2025T09:33:49 - [TEST_STEP][PASSED] - setValueToCellByIndex(sheet01, n, 3, fileInt): null

26-05-2025T09:33:49 - [TEST_STEP][PASSED] - setValueToCellByIndex(sheet01, n, 4, pageInt): null

26-05-2025T09:33:49 - [TEST_STEP][PASSED] - setValueToCellByIndex(sheet01, n, 5, m): null

26-05-2025T09:33:49 - [TEST_STEP][PASSED] - setValueToCellByIndex(sheet01, n, 6, y): null

26-05-2025T09:33:49 - [TEST_STEP][PASSED] - setValueToCellByIndex(sheet01, n, 7, todaysDate): null

26-05-2025T09:33:49 - [TEST_STEP][PASSED] - n = n + 1: null

26-05-2025T09:33:49 - [TEST_STEP][PASSED] - saveWorkbook(excelFilePath, workbook01): null

26-05-2025T09:33:49 - [TEST_STEP][PASSED] - compare = pagePoteri: null

26-05-2025T09:33:49 - [TEST_STEP][PASSED] - if (pageOtpuskVSet != null): null

26-05-2025T09:33:49 - [TEST_STEP][PASSED] - if (compare == filePoteri): null

26-05-2025T09:33:49 - [TEST_STEP][PASSED] - else if (compare > filePoteri): null

26-05-2025T09:33:49 - [TEST_STEP][PASSED] - else if (compare < filePoteri): null

26-05-2025T09:33:49 - [TEST_STEP][PASSED] - compare = compare + 1: null

26-05-2025T09:33:49 - [TEST_STEP][PASSED] - if (compare == filePoteri): null

26-05-2025T09:33:49 - [TEST_STEP][PASSED] - else: null

26-05-2025T09:33:49 - [TEST_STEP][PASSED] - numberOfErrors = numberOfErrors + 1: null

26-05-2025T09:33:49 - [TEST_STEP][PASSED] - pageInt = pagePoteri: null

26-05-2025T09:33:49 - [TEST_STEP][PASSED] - fileInt = filePoteri: null

26-05-2025T09:33:49 - [TEST_STEP][PASSED] - typeOfData = typeOfDataMain + " Потери": null

26-05-2025T09:33:49 - [TEST_STEP][PASSED] - Script1718980020443.WriteToExcel(a, typeOfData, todaysDate, pageInt, fileInt, pageDouble, fileDouble, dZO): null

26-05-2025T09:33:49 - [TEST_STEP][PASSED] - sheetName = "Sheet1": null

26-05-2025T09:33:49 - [TEST_STEP][PASSED] - data = findTestData("PlanFact"): null

26-05-2025T09:33:49 - [TEST_STEP][PASSED] - n = data.getRowNumbers() + 1: null

26-05-2025T09:33:49 - [TEST_STEP][PASSED] - day = ")).toInteger(): null

26-05-2025T09:33:49 - [TEST_STEP][PASSED] - println(day): null

26-05-2025T09:33:49 - [TEST_STEP][PASSED] - month = ")).toInteger(): null

26-05-2025T09:33:49 - [TEST_STEP][PASSED] - println(month): null

26-05-2025T09:33:49 - [TEST_STEP][PASSED] - y = <not implemented yet for class: org.codehaus.groovy.ast.expr.EmptyExpression>: null

26-05-2025T09:33:49 - [TEST_STEP][PASSED] - iy = <not implemented yet for class: org.codehaus.groovy.ast.expr.EmptyExpression>: null

26-05-2025T09:33:49 - [TEST_STEP][PASSED] - m = getText(findTestObject("Выполнение бизнес-плана/Период")): Text of object 'Object Repository/Выполнение бизнес-плана/Период' is: '1 кв. 2025 года'

26-05-2025T09:33:49 - [MESSAGE][PASSED] - Text of object 'Object Repository/Выполнение бизнес-плана/Период' is: '1 кв. 2025 года'

26-05-2025T09:33:49 - [TEST_STEP][PASSED] - iy = m.indexOf("20"): null

26-05-2025T09:33:49 - [TEST_STEP][PASSED] - if (iy > -1): null

26-05-2025T09:33:49 - [TEST_STEP][PASSED] - y = substring(iy, iy + 4).toInteger(): null

26-05-2025T09:33:49 - [TEST_STEP][PASSED] - println(y): null

26-05-2025T09:33:49 - [TEST_STEP][PASSED] - if (toString().length() == 4): null

26-05-2025T09:33:49 - [TEST_STEP][PASSED] - m = m.substring(0, m.indexOf(y.toString())): null

26-05-2025T09:33:49 - [TEST_STEP][PASSED] - m = m.trim(): null

26-05-2025T09:33:49 - [TEST_STEP][PASSED] - if (m == ""): null

26-05-2025T09:33:49 - [TEST_STEP][PASSED] - dashboardName = "Выполнение бизнес-плана": null

26-05-2025T09:33:49 - [TEST_STEP][PASSED] - workbook01 = getWorkbook(excelFilePath): null

26-05-2025T09:33:49 - [TEST_STEP][PASSED] - sheet01 = getExcelSheet(workbook01, sheetName): null

26-05-2025T09:33:49 - [TEST_STEP][PASSED] - setValueToCellByIndex(sheet01, n, 0, dashboardName): null

26-05-2025T09:33:49 - [TEST_STEP][PASSED] - setValueToCellByIndex(sheet01, n, 1, dZO): null

26-05-2025T09:33:49 - [TEST_STEP][PASSED] - setValueToCellByIndex(sheet01, n, 2, typeOfData): null

26-05-2025T09:33:49 - [TEST_STEP][PASSED] - if (typeOfData == "Факт в процентах" || typeOfData == "План в процентах"): null

26-05-2025T09:33:49 - [TEST_STEP][PASSED] - else: null

26-05-2025T09:33:49 - [TEST_STEP][PASSED] - setValueToCellByIndex(sheet01, n, 3, fileInt): null

26-05-2025T09:33:49 - [TEST_STEP][PASSED] - setValueToCellByIndex(sheet01, n, 4, pageInt): null

26-05-2025T09:33:49 - [TEST_STEP][PASSED] - setValueToCellByIndex(sheet01, n, 5, m): null

26-05-2025T09:33:49 - [TEST_STEP][PASSED] - setValueToCellByIndex(sheet01, n, 6, y): null

26-05-2025T09:33:49 - [TEST_STEP][PASSED] - setValueToCellByIndex(sheet01, n, 7, todaysDate): null

26-05-2025T09:33:49 - [TEST_STEP][PASSED] - n = n + 1: null

26-05-2025T09:33:49 - [TEST_STEP][PASSED] - saveWorkbook(excelFilePath, workbook01): Object: 'Object Repository/Выполнение бизнес-плана/Кнопка Факт' is clicked on

26-05-2025T09:33:50 - [TEST_STEP][PASSED] - if (planFact == 2): Object: 'Object Repository/Выполнение бизнес-плана/Кнопка Факт' is clicked on

26-05-2025T09:33:50 - [TEST_STEP][PASSED] - click(findTestObject("Выполнение бизнес-плана/Кнопка Факт")): Object: 'Object Repository/Выполнение бизнес-плана/Кнопка Факт' is clicked on

26-05-2025T09:33:50 - [MESSAGE][PASSED] - Object: 'Object Repository/Выполнение бизнес-плана/Кнопка Факт' is clicked on

26-05-2025T09:33:50 - [TEST_STEP][PASSED] - println("a=" + a): null

26-05-2025T09:33:50 - [TEST_STEP][PASSED] - if (a == 84 || a == 82): null

26-05-2025T09:33:50 - [TEST_STEP][PASSED] - else if (a == 83 || a == 52 || a == 72 || a == 28 || a == 73 || a == 77 || a == 74 || a == 65 || a == 36 || a == 44 || a == 53 || a == 80 || a == 54 || a == 1 || a == 18 || a == 59 || a == 81): null

26-05-2025T09:33:50 - [TEST_STEP][PASSED] - else: null

26-05-2025T09:33:50 - [TEST_STEP][PASSED] - page1 = getText(findTestObject("Object Repository/Выполнение бизнес-плана/spanPlan" + filialNum)): Text of object 'Object Repository/Выполнение бизнес-плана/spanPlan4' is: '4.75
|'

26-05-2025T09:33:50 - [MESSAGE][PASSED] - Text of object 'Object Repository/Выполнение бизнес-плана/spanPlan4' is: '4.75
|'

26-05-2025T09:33:50 - [TEST_STEP][PASSED] - if (page1 == null): null

26-05-2025T09:33:50 - [TEST_STEP][PASSED] - else: null

26-05-2025T09:33:50 - [TEST_STEP][PASSED] - page1 = page1.replace("|", ""): null

26-05-2025T09:33:50 - [TEST_STEP][PASSED] - page2 = getText(findTestObject("Object Repository/Выполнение бизнес-плана/spanFact" + filialNum)): Text of object 'Object Repository/Выполнение бизнес-плана/spanFact4' is: '4.45
|'

26-05-2025T09:33:51 - [MESSAGE][PASSED] - Text of object 'Object Repository/Выполнение бизнес-плана/spanFact4' is: '4.45
|'

26-05-2025T09:33:51 - [TEST_STEP][PASSED] - if (page2 == null): null

26-05-2025T09:33:51 - [TEST_STEP][PASSED] - else: null

26-05-2025T09:33:51 - [TEST_STEP][PASSED] - page2 = page2.replace("|", ""): null

26-05-2025T09:33:51 - [TEST_STEP][PASSED] - println("page1: " + page1): null

26-05-2025T09:33:51 - [TEST_STEP][PASSED] - println("page2: " + page2): null

26-05-2025T09:33:51 - [TEST_STEP][PASSED] - file = findTestData("PlanFact").getValue(4, a): null

26-05-2025T09:33:51 - [TEST_STEP][PASSED] - file = file.replace(",", "."): null

26-05-2025T09:33:51 - [TEST_STEP][PASSED] - println("file Plan: " + file): null

26-05-2025T09:33:51 - [TEST_STEP][PASSED] - typeOfData = "План в процентах": null

26-05-2025T09:33:51 - [TEST_STEP][PASSED] - fileDouble = file.toDouble(): null

26-05-2025T09:33:51 - [TEST_STEP][PASSED] - pageDouble = page1.toDouble(): null

26-05-2025T09:33:51 - [TEST_STEP][PASSED] - if (fileDouble != pageDouble): null

26-05-2025T09:33:51 - [TEST_STEP][PASSED] - numberOfErrors = numberOfErrors + 1: null

26-05-2025T09:33:51 - [TEST_STEP][PASSED] - Script1718980020443.WriteToExcel(a, typeOfData, todaysDate, pageInt, fileInt, pageDouble, fileDouble, dZO): null

26-05-2025T09:33:51 - [TEST_STEP][PASSED] - sheetName = "Sheet1": null

26-05-2025T09:33:51 - [TEST_STEP][PASSED] - data = findTestData("PlanFact"): null

26-05-2025T09:33:51 - [TEST_STEP][PASSED] - n = data.getRowNumbers() + 1: null

26-05-2025T09:33:51 - [TEST_STEP][PASSED] - day = ")).toInteger(): null

26-05-2025T09:33:51 - [TEST_STEP][PASSED] - println(day): null

26-05-2025T09:33:51 - [TEST_STEP][PASSED] - month = ")).toInteger(): null

26-05-2025T09:33:51 - [TEST_STEP][PASSED] - println(month): null

26-05-2025T09:33:51 - [TEST_STEP][PASSED] - y = <not implemented yet for class: org.codehaus.groovy.ast.expr.EmptyExpression>: null

26-05-2025T09:33:51 - [TEST_STEP][PASSED] - iy = <not implemented yet for class: org.codehaus.groovy.ast.expr.EmptyExpression>: null

26-05-2025T09:33:51 - [TEST_STEP][PASSED] - m = getText(findTestObject("Выполнение бизнес-плана/Период")): Text of object 'Object Repository/Выполнение бизнес-плана/Период' is: '1 кв. 2025 года'

26-05-2025T09:33:51 - [MESSAGE][PASSED] - Text of object 'Object Repository/Выполнение бизнес-плана/Период' is: '1 кв. 2025 года'

26-05-2025T09:33:51 - [TEST_STEP][PASSED] - iy = m.indexOf("20"): null

26-05-2025T09:33:51 - [TEST_STEP][PASSED] - if (iy > -1): null

26-05-2025T09:33:51 - [TEST_STEP][PASSED] - y = substring(iy, iy + 4).toInteger(): null

26-05-2025T09:33:51 - [TEST_STEP][PASSED] - println(y): null

26-05-2025T09:33:51 - [TEST_STEP][PASSED] - if (toString().length() == 4): null

26-05-2025T09:33:51 - [TEST_STEP][PASSED] - m = m.substring(0, m.indexOf(y.toString())): null

26-05-2025T09:33:51 - [TEST_STEP][PASSED] - m = m.trim(): null

26-05-2025T09:33:51 - [TEST_STEP][PASSED] - if (m == ""): null

26-05-2025T09:33:51 - [TEST_STEP][PASSED] - dashboardName = "Выполнение бизнес-плана": null

26-05-2025T09:33:51 - [TEST_STEP][PASSED] - workbook01 = getWorkbook(excelFilePath): null

26-05-2025T09:33:51 - [TEST_STEP][PASSED] - sheet01 = getExcelSheet(workbook01, sheetName): null

26-05-2025T09:33:51 - [TEST_STEP][PASSED] - setValueToCellByIndex(sheet01, n, 0, dashboardName): null

26-05-2025T09:33:51 - [TEST_STEP][PASSED] - setValueToCellByIndex(sheet01, n, 1, dZO): null

26-05-2025T09:33:51 - [TEST_STEP][PASSED] - setValueToCellByIndex(sheet01, n, 2, typeOfData): null

26-05-2025T09:33:51 - [TEST_STEP][PASSED] - if (typeOfData == "Факт в процентах" || typeOfData == "План в процентах"): null

26-05-2025T09:33:51 - [TEST_STEP][PASSED] - setValueToCellByIndex(sheet01, n, 3, fileDouble): null

26-05-2025T09:33:51 - [TEST_STEP][PASSED] - setValueToCellByIndex(sheet01, n, 4, pageDouble): null

26-05-2025T09:33:51 - [TEST_STEP][PASSED] - setValueToCellByIndex(sheet01, n, 5, m): null

26-05-2025T09:33:51 - [TEST_STEP][PASSED] - setValueToCellByIndex(sheet01, n, 6, y): null

26-05-2025T09:33:51 - [TEST_STEP][PASSED] - setValueToCellByIndex(sheet01, n, 7, todaysDate): null

26-05-2025T09:33:51 - [TEST_STEP][PASSED] - n = n + 1: null

26-05-2025T09:33:51 - [TEST_STEP][PASSED] - saveWorkbook(excelFilePath, workbook01): null

26-05-2025T09:33:51 - [TEST_STEP][PASSED] - file = findTestData("PlanFact").getValue(7, a): null

26-05-2025T09:33:51 - [TEST_STEP][PASSED] - file = file.replace(",", "."): null

26-05-2025T09:33:51 - [TEST_STEP][PASSED] - println("file Fact: " + file): null

26-05-2025T09:33:51 - [TEST_STEP][PASSED] - fileDouble = file.toDouble(): null

26-05-2025T09:33:51 - [TEST_STEP][PASSED] - typeOfData = "Факт в процентах": null

26-05-2025T09:33:51 - [TEST_STEP][PASSED] - fileDouble = file.toDouble(): null

26-05-2025T09:33:51 - [TEST_STEP][PASSED] - pageDouble = page2.toDouble(): null

26-05-2025T09:33:51 - [TEST_STEP][PASSED] - if (fileDouble != pageDouble): null

26-05-2025T09:33:51 - [TEST_STEP][PASSED] - numberOfErrors = numberOfErrors + 1: null

26-05-2025T09:33:51 - [TEST_STEP][PASSED] - Script1718980020443.WriteToExcel(a, typeOfData, todaysDate, pageInt, fileInt, pageDouble, fileDouble, dZO): null

26-05-2025T09:33:51 - [TEST_STEP][PASSED] - sheetName = "Sheet1": null

26-05-2025T09:33:51 - [TEST_STEP][PASSED] - data = findTestData("PlanFact"): null

26-05-2025T09:33:51 - [TEST_STEP][PASSED] - n = data.getRowNumbers() + 1: null

26-05-2025T09:33:51 - [TEST_STEP][PASSED] - day = ")).toInteger(): null

26-05-2025T09:33:51 - [TEST_STEP][PASSED] - println(day): null

26-05-2025T09:33:51 - [TEST_STEP][PASSED] - month = ")).toInteger(): null

26-05-2025T09:33:51 - [TEST_STEP][PASSED] - println(month): null

26-05-2025T09:33:51 - [TEST_STEP][PASSED] - y = <not implemented yet for class: org.codehaus.groovy.ast.expr.EmptyExpression>: null

26-05-2025T09:33:51 - [TEST_STEP][PASSED] - iy = <not implemented yet for class: org.codehaus.groovy.ast.expr.EmptyExpression>: null

26-05-2025T09:33:51 - [TEST_STEP][PASSED] - m = getText(findTestObject("Выполнение бизнес-плана/Период")): Text of object 'Object Repository/Выполнение бизнес-плана/Период' is: '1 кв. 2025 года'

26-05-2025T09:33:52 - [MESSAGE][PASSED] - Text of object 'Object Repository/Выполнение бизнес-плана/Период' is: '1 кв. 2025 года'

26-05-2025T09:33:52 - [TEST_STEP][PASSED] - iy = m.indexOf("20"): null

26-05-2025T09:33:52 - [TEST_STEP][PASSED] - if (iy > -1): null

26-05-2025T09:33:52 - [TEST_STEP][PASSED] - y = substring(iy, iy + 4).toInteger(): null

26-05-2025T09:33:52 - [TEST_STEP][PASSED] - println(y): null

26-05-2025T09:33:52 - [TEST_STEP][PASSED] - if (toString().length() == 4): null

26-05-2025T09:33:52 - [TEST_STEP][PASSED] - m = m.substring(0, m.indexOf(y.toString())): null

26-05-2025T09:33:52 - [TEST_STEP][PASSED] - m = m.trim(): null

26-05-2025T09:33:52 - [TEST_STEP][PASSED] - if (m == ""): null

26-05-2025T09:33:52 - [TEST_STEP][PASSED] - dashboardName = "Выполнение бизнес-плана": null

26-05-2025T09:33:52 - [TEST_STEP][PASSED] - workbook01 = getWorkbook(excelFilePath): null

26-05-2025T09:33:52 - [TEST_STEP][PASSED] - sheet01 = getExcelSheet(workbook01, sheetName): null

26-05-2025T09:33:52 - [TEST_STEP][PASSED] - setValueToCellByIndex(sheet01, n, 0, dashboardName): null

26-05-2025T09:33:52 - [TEST_STEP][PASSED] - setValueToCellByIndex(sheet01, n, 1, dZO): null

26-05-2025T09:33:52 - [TEST_STEP][PASSED] - setValueToCellByIndex(sheet01, n, 2, typeOfData): null

26-05-2025T09:33:52 - [TEST_STEP][PASSED] - if (typeOfData == "Факт в процентах" || typeOfData == "План в процентах"): null

26-05-2025T09:33:52 - [TEST_STEP][PASSED] - setValueToCellByIndex(sheet01, n, 3, fileDouble): null

26-05-2025T09:33:52 - [TEST_STEP][PASSED] - setValueToCellByIndex(sheet01, n, 4, pageDouble): null

26-05-2025T09:33:52 - [TEST_STEP][PASSED] - setValueToCellByIndex(sheet01, n, 5, m): null

26-05-2025T09:33:52 - [TEST_STEP][PASSED] - setValueToCellByIndex(sheet01, n, 6, y): null

26-05-2025T09:33:52 - [TEST_STEP][PASSED] - setValueToCellByIndex(sheet01, n, 7, todaysDate): null

26-05-2025T09:33:52 - [TEST_STEP][PASSED] - n = n + 1: null

26-05-2025T09:33:52 - [TEST_STEP][PASSED] - saveWorkbook(excelFilePath, workbook01): null

26-05-2025T09:33:52 - [TEST_STEP][FAILED] - if (verifyEqual(numberOfErrors, 0) == false): null

26-05-2025T09:33:52 - [MESSAGE][FAILED] - Unable to verify equal between actual object '6' and expected object '0' (Root cause: com.kms.katalon.core.exception.StepFailedException: Actual object '6' and expected object '0' are not equal
	at com.kms.katalon.core.keyword.builtin.VerifyEqualKeyword$_verifyEqual_closure1.doCall(VerifyEqualKeyword.groovy:58)
	at com.kms.katalon.core.keyword.builtin.VerifyEqualKeyword$_verifyEqual_closure1.call(VerifyEqualKeyword.groovy)
	at com.kms.katalon.core.keyword.internal.KeywordMain.runKeyword(KeywordMain.groovy:75)
	at com.kms.katalon.core.keyword.builtin.VerifyEqualKeyword.verifyEqual(VerifyEqualKeyword.groovy:63)
	at com.kms.katalon.core.keyword.builtin.VerifyEqualKeyword.execute(VerifyEqualKeyword.groovy:44)
	at com.kms.katalon.core.keyword.internal.KeywordExecutor.executeKeywordForPlatform(KeywordExecutor.groovy:74)
	at com.kms.katalon.core.keyword.BuiltinKeywords.verifyEqual(BuiltinKeywords.groovy:146)
	at jdk.internal.reflect.GeneratedMethodAccessor23.invoke(Unknown Source)
	at java.base/jdk.internal.reflect.DelegatingMethodAccessorImpl.invoke(DelegatingMethodAccessorImpl.java:43)
	at Выполнение бизнес-плана Сверка ПАО Россети все филиалы.Numbers(Выполнение бизнес-плана Сверка ПАО Россети все филиалы:749)
	at Выполнение бизнес-плана Сверка ПАО Россети все филиалы.Filials(Выполнение бизнес-плана Сверка ПАО Россети все филиалы:970)
	at Выполнение бизнес-плана Сверка ПАО Россети все филиалы.Numbers(Выполнение бизнес-плана Сверка ПАО Россети все филиалы:756)
	at Выполнение бизнес-плана Сверка ПАО Россети все филиалы.run(Выполнение бизнес-плана Сверка ПАО Россети все филиалы:227)
	at com.kms.katalon.core.main.ScriptEngine.run(ScriptEngine.java:194)
	at com.kms.katalon.core.main.ScriptEngine.runScriptAsRawText(ScriptEngine.java:119)
	at com.kms.katalon.core.main.TestCaseExecutor.runScript(TestCaseExecutor.java:448)
	at com.kms.katalon.core.main.TestCaseExecutor.doExecute(TestCaseExecutor.java:439)
	at com.kms.katalon.core.main.TestCaseExecutor.processExecutionPhase(TestCaseExecutor.java:418)
	at com.kms.katalon.core.main.TestCaseExecutor.accessMainPhase(TestCaseExecutor.java:410)
	at com.kms.katalon.core.main.TestCaseExecutor.execute(TestCaseExecutor.java:285)
	at com.kms.katalon.core.common.CommonExecutor.accessTestCaseMainPhase(CommonExecutor.java:65)
	at com.kms.katalon.core.main.TestSuiteExecutor.accessTestSuiteMainPhase(TestSuiteExecutor.java:150)
	at com.kms.katalon.core.main.TestSuiteExecutor.execute(TestSuiteExecutor.java:106)
	at com.kms.katalon.core.main.TestCaseMain.startTestSuite(TestCaseMain.java:180)
	at TempTestSuite1748228991768.run(TempTestSuite1748228991768.groovy:35)
	at java.base/jdk.internal.reflect.NativeMethodAccessorImpl.invoke0(Native Method)
	at java.base/jdk.internal.reflect.NativeMethodAccessorImpl.invoke(NativeMethodAccessorImpl.java:77)
	at java.base/jdk.internal.reflect.DelegatingMethodAccessorImpl.invoke(DelegatingMethodAccessorImpl.java:43)
)

26-05-2025T09:33:52 - [TEST_STEP][PASSED] - println(numberOfErrors): null

26-05-2025T09:33:52 - [TEST_STEP][PASSED] - println("a=" + a): null

26-05-2025T09:33:52 - [TEST_STEP][PASSED] - if (a == 28 || a == 77 || a == 74 || a == 65 || a == 36 || a == 44 || a == 54 || a == 1 || a == 18 || a == 59): null

26-05-2025T09:33:52 - [TEST_STEP][PASSED] - if (a == 82): null

26-05-2025T09:33:52 - [TEST_STEP][PASSED] - dZO = "Саратовские РС": null

26-05-2025T09:33:52 - [TEST_STEP][PASSED] - a = 33: null

26-05-2025T09:33:52 - [TEST_STEP][PASSED] - dzoCut = dZO.substring(0, 10): null

26-05-2025T09:33:52 - [TEST_STEP][PASSED] - if (x2.contains(dzoCut)): null

26-05-2025T09:33:52 - [TEST_STEP][PASSED] - filialNum = filialNum + 1: null

26-05-2025T09:33:52 - [TEST_STEP][PASSED] - Script1718980020443.Numbers(a, typeOfData, todaysDate, pageInt, fileInt, pageDouble, fileDouble, dZO, dzoNum, filialNum): null

26-05-2025T09:33:52 - [TEST_STEP][PASSED] - println(dzoNum): null

26-05-2025T09:33:52 - [TEST_STEP][PASSED] - planFact = <not implemented yet for class: org.codehaus.groovy.ast.expr.EmptyExpression>: null

26-05-2025T09:33:52 - [TEST_STEP][PASSED] - page = <not implemented yet for class: org.codehaus.groovy.ast.expr.EmptyExpression>: null

26-05-2025T09:33:52 - [TEST_STEP][PASSED] - page1 = <not implemented yet for class: org.codehaus.groovy.ast.expr.EmptyExpression>: null

26-05-2025T09:33:52 - [TEST_STEP][PASSED] - page2 = <not implemented yet for class: org.codehaus.groovy.ast.expr.EmptyExpression>: null

26-05-2025T09:33:52 - [TEST_STEP][PASSED] - filialNumberInRow = <not implemented yet for class: org.codehaus.groovy.ast.expr.EmptyExpression>: null

26-05-2025T09:33:52 - [TEST_STEP][PASSED] - filialsDzoNames = <not implemented yet for class: org.codehaus.groovy.ast.expr.EmptyExpression>: null

26-05-2025T09:33:52 - [TEST_STEP][PASSED] - numberOfFilials = <not implemented yet for class: org.codehaus.groovy.ast.expr.EmptyExpression>: null

26-05-2025T09:33:52 - [TEST_STEP][PASSED] - numberOfSpaces = <not implemented yet for class: org.codehaus.groovy.ast.expr.EmptyExpression>: null

26-05-2025T09:33:52 - [TEST_STEP][PASSED] - file = <not implemented yet for class: org.codehaus.groovy.ast.expr.EmptyExpression>: null

26-05-2025T09:33:52 - [TEST_STEP][PASSED] - otpusk = <not implemented yet for class: org.codehaus.groovy.ast.expr.EmptyExpression>: null

26-05-2025T09:33:52 - [TEST_STEP][PASSED] - poteri = <not implemented yet for class: org.codehaus.groovy.ast.expr.EmptyExpression>: null

26-05-2025T09:33:52 - [TEST_STEP][PASSED] - dataFolder = "Выполнение бизнес-плана/Значения со страницы Выполнение бизнес-плана/": null

26-05-2025T09:33:52 - [TEST_STEP][PASSED] - path = <not implemented yet for class: org.codehaus.groovy.ast.expr.EmptyExpression>: null

26-05-2025T09:33:52 - [TEST_STEP][PASSED] - typeOfDataMain = <not implemented yet for class: org.codehaus.groovy.ast.expr.EmptyExpression>: null

26-05-2025T09:33:52 - [TEST_STEP][PASSED] - fileOtpuskVSet = <not implemented yet for class: org.codehaus.groovy.ast.expr.EmptyExpression>: null

26-05-2025T09:33:52 - [TEST_STEP][PASSED] - pageOtpuskVSet = <not implemented yet for class: org.codehaus.groovy.ast.expr.EmptyExpression>: null

26-05-2025T09:33:52 - [TEST_STEP][PASSED] - filePoteri = <not implemented yet for class: org.codehaus.groovy.ast.expr.EmptyExpression>: null

26-05-2025T09:33:52 - [TEST_STEP][PASSED] - pagePoteri = <not implemented yet for class: org.codehaus.groovy.ast.expr.EmptyExpression>: null

26-05-2025T09:33:52 - [TEST_STEP][PASSED] - compare = <not implemented yet for class: org.codehaus.groovy.ast.expr.EmptyExpression>: null

26-05-2025T09:33:52 - [TEST_STEP][PASSED] - b = <not implemented yet for class: org.codehaus.groovy.ast.expr.EmptyExpression>: null

26-05-2025T09:33:52 - [TEST_STEP][PASSED] - i = <not implemented yet for class: org.codehaus.groovy.ast.expr.EmptyExpression>: null

26-05-2025T09:33:52 - [TEST_STEP][PASSED] - ii = <not implemented yet for class: org.codehaus.groovy.ast.expr.EmptyExpression>: null

26-05-2025T09:33:52 - [TEST_STEP][PASSED] - c = <not implemented yet for class: org.codehaus.groovy.ast.expr.EmptyExpression>: null

26-05-2025T09:33:52 - [TEST_STEP][PASSED] - numberOfErrors = 0: null

26-05-2025T09:33:52 - [TEST_STEP][PASSED] - if (a == 82): null

26-05-2025T09:33:52 - [TEST_STEP][PASSED] - b = findTestData("PlanFact").getValue(1, a): null

26-05-2025T09:33:52 - [TEST_STEP][PASSED] - i = b.indexOf(" (ГК)"): null

26-05-2025T09:33:52 - [TEST_STEP][PASSED] - if (i > -1): null

26-05-2025T09:33:52 - [TEST_STEP][PASSED] - i = b.indexOf("О ""): null

26-05-2025T09:33:52 - [TEST_STEP][PASSED] - if (i > -1): null

26-05-2025T09:33:52 - [TEST_STEP][PASSED] - i = b.indexOf("О «"): null

26-05-2025T09:33:52 - [TEST_STEP][PASSED] - if (i > -1): null

26-05-2025T09:33:52 - [TEST_STEP][PASSED] - i = b.indexOf("г. "): null

26-05-2025T09:33:52 - [TEST_STEP][PASSED] - if (i > -1): null

26-05-2025T09:33:52 - [TEST_STEP][PASSED] - b = b.trim(): null

26-05-2025T09:33:52 - [TEST_STEP][PASSED] - println(b): null

26-05-2025T09:33:52 - [TEST_STEP][PASSED] - for ([planFact = 1, planFact < 3, (planFact++)]): null

26-05-2025T09:33:52 - [TEST_STEP][PASSED] - if (planFact == 1): null

26-05-2025T09:33:52 - [TEST_STEP][PASSED] - typeOfDataMain = "Факт": null

26-05-2025T09:33:52 - [TEST_STEP][PASSED] - otpusk = findTestData("PlanFact").getValue(5, a): null

26-05-2025T09:33:52 - [TEST_STEP][PASSED] - poteri = findTestData("PlanFact").getValue(6, a): null

26-05-2025T09:33:52 - [TEST_STEP][PASSED] - otpusk = otpusk.replaceAll("\s+", ""): null

26-05-2025T09:33:52 - [TEST_STEP][PASSED] - poteri = poteri.replaceAll("\s+", ""): null

26-05-2025T09:33:52 - [TEST_STEP][PASSED] - typeOfData = typeOfDataMain + " Отпуск в сеть": null

26-05-2025T09:33:52 - [TEST_STEP][PASSED] - if (a == 82): null

26-05-2025T09:33:52 - [TEST_STEP][PASSED] - else if (a == 84): null

26-05-2025T09:33:52 - [TEST_STEP][PASSED] - else if (a == 83 || a == 52 || a == 72 || a == 28 || a == 73 || a == 77 || a == 74 || a == 65 || a == 36 || a == 44 || a == 53 || a == 80 || a == 54 || a == 1 || a == 18 || a == 59 || a == 81): null

26-05-2025T09:33:52 - [TEST_STEP][PASSED] - else: null

26-05-2025T09:33:52 - [TEST_STEP][PASSED] - path = dataFolder + typeOfData + " за отчётный период " + b: null

26-05-2025T09:33:52 - [TEST_STEP][PASSED] - println(path): null

26-05-2025T09:33:52 - [TEST_STEP][PASSED] - page = getText(findTestObject(path)): Text of object 'Object Repository/Выполнение бизнес-плана/Значения со страницы Выполнение бизнес-плана/Факт Отпуск в сеть за отчётный период Саратовские РС' is: '880 001'

26-05-2025T09:33:53 - [MESSAGE][PASSED] - Text of object 'Object Repository/Выполнение бизнес-плана/Значения со страницы Выполнение бизнес-плана/Факт Отпуск в сеть за отчётный период Саратовские РС' is: '880 001'

26-05-2025T09:33:53 - [TEST_STEP][PASSED] - if (page == "" || page == null): null

26-05-2025T09:33:53 - [TEST_STEP][PASSED] - else: null

26-05-2025T09:33:53 - [TEST_STEP][PASSED] - page = page.replaceAll("\s+", ""): null

26-05-2025T09:33:53 - [TEST_STEP][PASSED] - if (page == "undefined"): null

26-05-2025T09:33:53 - [TEST_STEP][PASSED] - fileOtpuskVSet = otpusk.toInteger(): null

26-05-2025T09:33:53 - [TEST_STEP][PASSED] - pageOtpuskVSet = page.toInteger(): null

26-05-2025T09:33:53 - [TEST_STEP][PASSED] - typeOfData = typeOfDataMain + " Потери": null

26-05-2025T09:33:53 - [TEST_STEP][PASSED] - if (a == 82): null

26-05-2025T09:33:53 - [TEST_STEP][PASSED] - else if (a == 84): null

26-05-2025T09:33:53 - [TEST_STEP][PASSED] - else if (a == 83 || a == 52 || a == 72 || a == 28 || a == 73 || a == 77 || a == 74 || a == 65 || a == 36 || a == 44 || a == 53 || a == 80 || a == 54 || a == 1 || a == 18 || a == 59 || a == 81): null

26-05-2025T09:33:53 - [TEST_STEP][PASSED] - else: null

26-05-2025T09:33:53 - [TEST_STEP][PASSED] - path = dataFolder + typeOfData + " за отчётный период " + b: null

26-05-2025T09:33:53 - [TEST_STEP][PASSED] - page = getText(findTestObject(path)): Text of object 'Object Repository/Выполнение бизнес-плана/Значения со страницы Выполнение бизнес-плана/Факт Потери за отчётный период Саратовские РС' is: '51 219'

26-05-2025T09:33:53 - [MESSAGE][PASSED] - Text of object 'Object Repository/Выполнение бизнес-плана/Значения со страницы Выполнение бизнес-плана/Факт Потери за отчётный период Саратовские РС' is: '51 219'

26-05-2025T09:33:53 - [TEST_STEP][PASSED] - if (page == "" || page == null): null

26-05-2025T09:33:53 - [TEST_STEP][PASSED] - else: null

26-05-2025T09:33:53 - [TEST_STEP][PASSED] - page = page.replaceAll("\s+", ""): null

26-05-2025T09:33:53 - [TEST_STEP][PASSED] - if (page == "undefined"): null

26-05-2025T09:33:53 - [TEST_STEP][PASSED] - filePoteri = poteri.toInteger(): null

26-05-2025T09:33:53 - [TEST_STEP][PASSED] - pagePoteri = page.toInteger(): null

26-05-2025T09:33:53 - [TEST_STEP][PASSED] - compare = pageOtpuskVSet: null

26-05-2025T09:33:53 - [TEST_STEP][PASSED] - if (pageOtpuskVSet != null): null

26-05-2025T09:33:53 - [TEST_STEP][PASSED] - if (compare == fileOtpuskVSet): null

26-05-2025T09:33:53 - [TEST_STEP][PASSED] - else if (compare > fileOtpuskVSet): null

26-05-2025T09:33:53 - [TEST_STEP][PASSED] - else if (compare < fileOtpuskVSet): null

26-05-2025T09:33:53 - [TEST_STEP][PASSED] - compare = compare + 1: null

26-05-2025T09:33:53 - [TEST_STEP][PASSED] - if (compare == fileOtpuskVSet): null

26-05-2025T09:33:53 - [TEST_STEP][PASSED] - else: null

26-05-2025T09:33:53 - [TEST_STEP][PASSED] - numberOfErrors = numberOfErrors + 1: null

26-05-2025T09:33:53 - [TEST_STEP][PASSED] - pageInt = pageOtpuskVSet: null

26-05-2025T09:33:53 - [TEST_STEP][PASSED] - fileInt = fileOtpuskVSet: null

26-05-2025T09:33:53 - [TEST_STEP][PASSED] - typeOfData = typeOfDataMain + " Отпуск в сеть": null

26-05-2025T09:33:53 - [TEST_STEP][PASSED] - Script1718980020443.WriteToExcel(a, typeOfData, todaysDate, pageInt, fileInt, pageDouble, fileDouble, dZO): null

26-05-2025T09:33:53 - [TEST_STEP][PASSED] - sheetName = "Sheet1": null

26-05-2025T09:33:53 - [TEST_STEP][PASSED] - data = findTestData("PlanFact"): null

26-05-2025T09:33:53 - [TEST_STEP][PASSED] - n = data.getRowNumbers() + 1: null

26-05-2025T09:33:53 - [TEST_STEP][PASSED] - day = ")).toInteger(): null

26-05-2025T09:33:53 - [TEST_STEP][PASSED] - println(day): null

26-05-2025T09:33:53 - [TEST_STEP][PASSED] - month = ")).toInteger(): null

26-05-2025T09:33:53 - [TEST_STEP][PASSED] - println(month): null

26-05-2025T09:33:53 - [TEST_STEP][PASSED] - y = <not implemented yet for class: org.codehaus.groovy.ast.expr.EmptyExpression>: null

26-05-2025T09:33:53 - [TEST_STEP][PASSED] - iy = <not implemented yet for class: org.codehaus.groovy.ast.expr.EmptyExpression>: null

26-05-2025T09:33:53 - [TEST_STEP][PASSED] - m = getText(findTestObject("Выполнение бизнес-плана/Период")): Text of object 'Object Repository/Выполнение бизнес-плана/Период' is: '1 кв. 2025 года'

26-05-2025T09:33:53 - [MESSAGE][PASSED] - Text of object 'Object Repository/Выполнение бизнес-плана/Период' is: '1 кв. 2025 года'

26-05-2025T09:33:53 - [TEST_STEP][PASSED] - iy = m.indexOf("20"): null

26-05-2025T09:33:53 - [TEST_STEP][PASSED] - if (iy > -1): null

26-05-2025T09:33:53 - [TEST_STEP][PASSED] - y = substring(iy, iy + 4).toInteger(): null

26-05-2025T09:33:53 - [TEST_STEP][PASSED] - println(y): null

26-05-2025T09:33:53 - [TEST_STEP][PASSED] - if (toString().length() == 4): null

26-05-2025T09:33:53 - [TEST_STEP][PASSED] - m = m.substring(0, m.indexOf(y.toString())): null

26-05-2025T09:33:53 - [TEST_STEP][PASSED] - m = m.trim(): null

26-05-2025T09:33:53 - [TEST_STEP][PASSED] - if (m == ""): null

26-05-2025T09:33:53 - [TEST_STEP][PASSED] - dashboardName = "Выполнение бизнес-плана": null

26-05-2025T09:33:53 - [TEST_STEP][PASSED] - workbook01 = getWorkbook(excelFilePath): null

26-05-2025T09:33:53 - [TEST_STEP][PASSED] - sheet01 = getExcelSheet(workbook01, sheetName): null

26-05-2025T09:33:53 - [TEST_STEP][PASSED] - setValueToCellByIndex(sheet01, n, 0, dashboardName): null

26-05-2025T09:33:53 - [TEST_STEP][PASSED] - setValueToCellByIndex(sheet01, n, 1, dZO): null

26-05-2025T09:33:53 - [TEST_STEP][PASSED] - setValueToCellByIndex(sheet01, n, 2, typeOfData): null

26-05-2025T09:33:53 - [TEST_STEP][PASSED] - if (typeOfData == "Факт в процентах" || typeOfData == "План в процентах"): null

26-05-2025T09:33:53 - [TEST_STEP][PASSED] - else: null

26-05-2025T09:33:53 - [TEST_STEP][PASSED] - setValueToCellByIndex(sheet01, n, 3, fileInt): null

26-05-2025T09:33:53 - [TEST_STEP][PASSED] - setValueToCellByIndex(sheet01, n, 4, pageInt): null

26-05-2025T09:33:53 - [TEST_STEP][PASSED] - setValueToCellByIndex(sheet01, n, 5, m): null

26-05-2025T09:33:53 - [TEST_STEP][PASSED] - setValueToCellByIndex(sheet01, n, 6, y): null

26-05-2025T09:33:53 - [TEST_STEP][PASSED] - setValueToCellByIndex(sheet01, n, 7, todaysDate): null

26-05-2025T09:33:53 - [TEST_STEP][PASSED] - n = n + 1: null

26-05-2025T09:33:53 - [TEST_STEP][PASSED] - saveWorkbook(excelFilePath, workbook01): null

26-05-2025T09:33:54 - [TEST_STEP][PASSED] - compare = pagePoteri: null

26-05-2025T09:33:54 - [TEST_STEP][PASSED] - if (pageOtpuskVSet != null): null

26-05-2025T09:33:54 - [TEST_STEP][PASSED] - if (compare == filePoteri): null

26-05-2025T09:33:54 - [TEST_STEP][PASSED] - else if (compare > filePoteri): null

26-05-2025T09:33:54 - [TEST_STEP][PASSED] - else if (compare < filePoteri): null

26-05-2025T09:33:54 - [TEST_STEP][PASSED] - compare = compare + 1: null

26-05-2025T09:33:54 - [TEST_STEP][PASSED] - if (compare == filePoteri): null

26-05-2025T09:33:54 - [TEST_STEP][PASSED] - else: null

26-05-2025T09:33:54 - [TEST_STEP][PASSED] - numberOfErrors = numberOfErrors + 1: null

26-05-2025T09:33:54 - [TEST_STEP][PASSED] - pageInt = pagePoteri: null

26-05-2025T09:33:54 - [TEST_STEP][PASSED] - fileInt = filePoteri: null

26-05-2025T09:33:54 - [TEST_STEP][PASSED] - typeOfData = typeOfDataMain + " Потери": null

26-05-2025T09:33:54 - [TEST_STEP][PASSED] - Script1718980020443.WriteToExcel(a, typeOfData, todaysDate, pageInt, fileInt, pageDouble, fileDouble, dZO): null

26-05-2025T09:33:54 - [TEST_STEP][PASSED] - sheetName = "Sheet1": null

26-05-2025T09:33:54 - [TEST_STEP][PASSED] - data = findTestData("PlanFact"): null

26-05-2025T09:33:54 - [TEST_STEP][PASSED] - n = data.getRowNumbers() + 1: null

26-05-2025T09:33:54 - [TEST_STEP][PASSED] - day = ")).toInteger(): null

26-05-2025T09:33:54 - [TEST_STEP][PASSED] - println(day): null

26-05-2025T09:33:54 - [TEST_STEP][PASSED] - month = ")).toInteger(): null

26-05-2025T09:33:54 - [TEST_STEP][PASSED] - println(month): null

26-05-2025T09:33:54 - [TEST_STEP][PASSED] - y = <not implemented yet for class: org.codehaus.groovy.ast.expr.EmptyExpression>: null

26-05-2025T09:33:54 - [TEST_STEP][PASSED] - iy = <not implemented yet for class: org.codehaus.groovy.ast.expr.EmptyExpression>: null

26-05-2025T09:33:54 - [TEST_STEP][PASSED] - m = getText(findTestObject("Выполнение бизнес-плана/Период")): Text of object 'Object Repository/Выполнение бизнес-плана/Период' is: '1 кв. 2025 года'

26-05-2025T09:33:54 - [MESSAGE][PASSED] - Text of object 'Object Repository/Выполнение бизнес-плана/Период' is: '1 кв. 2025 года'

26-05-2025T09:33:54 - [TEST_STEP][PASSED] - iy = m.indexOf("20"): null

26-05-2025T09:33:54 - [TEST_STEP][PASSED] - if (iy > -1): null

26-05-2025T09:33:54 - [TEST_STEP][PASSED] - y = substring(iy, iy + 4).toInteger(): null

26-05-2025T09:33:54 - [TEST_STEP][PASSED] - println(y): null

26-05-2025T09:33:54 - [TEST_STEP][PASSED] - if (toString().length() == 4): null

26-05-2025T09:33:54 - [TEST_STEP][PASSED] - m = m.substring(0, m.indexOf(y.toString())): null

26-05-2025T09:33:54 - [TEST_STEP][PASSED] - m = m.trim(): null

26-05-2025T09:33:54 - [TEST_STEP][PASSED] - if (m == ""): null

26-05-2025T09:33:54 - [TEST_STEP][PASSED] - dashboardName = "Выполнение бизнес-плана": null

26-05-2025T09:33:54 - [TEST_STEP][PASSED] - workbook01 = getWorkbook(excelFilePath): null

26-05-2025T09:33:54 - [TEST_STEP][PASSED] - sheet01 = getExcelSheet(workbook01, sheetName): null

26-05-2025T09:33:54 - [TEST_STEP][PASSED] - setValueToCellByIndex(sheet01, n, 0, dashboardName): null

26-05-2025T09:33:54 - [TEST_STEP][PASSED] - setValueToCellByIndex(sheet01, n, 1, dZO): null

26-05-2025T09:33:54 - [TEST_STEP][PASSED] - setValueToCellByIndex(sheet01, n, 2, typeOfData): null

26-05-2025T09:33:54 - [TEST_STEP][PASSED] - if (typeOfData == "Факт в процентах" || typeOfData == "План в процентах"): null

26-05-2025T09:33:54 - [TEST_STEP][PASSED] - else: null

26-05-2025T09:33:54 - [TEST_STEP][PASSED] - setValueToCellByIndex(sheet01, n, 3, fileInt): null

26-05-2025T09:33:54 - [TEST_STEP][PASSED] - setValueToCellByIndex(sheet01, n, 4, pageInt): null

26-05-2025T09:33:54 - [TEST_STEP][PASSED] - setValueToCellByIndex(sheet01, n, 5, m): null

26-05-2025T09:33:54 - [TEST_STEP][PASSED] - setValueToCellByIndex(sheet01, n, 6, y): null

26-05-2025T09:33:54 - [TEST_STEP][PASSED] - setValueToCellByIndex(sheet01, n, 7, todaysDate): null

26-05-2025T09:33:54 - [TEST_STEP][PASSED] - n = n + 1: null

26-05-2025T09:33:54 - [TEST_STEP][PASSED] - saveWorkbook(excelFilePath, workbook01): null

26-05-2025T09:33:54 - [TEST_STEP][PASSED] - if (planFact == 2): null

26-05-2025T09:33:54 - [TEST_STEP][PASSED] - if (planFact == 1): null

26-05-2025T09:33:54 - [TEST_STEP][PASSED] - else if (planFact == 2): null

26-05-2025T09:33:54 - [TEST_STEP][PASSED] - click(findTestObject("Выполнение бизнес-плана/Кнопка План")): Object: 'Object Repository/Выполнение бизнес-плана/Кнопка План' is clicked on

26-05-2025T09:33:54 - [MESSAGE][PASSED] - Object: 'Object Repository/Выполнение бизнес-плана/Кнопка План' is clicked on

26-05-2025T09:33:54 - [TEST_STEP][PASSED] - typeOfDataMain = "План": null

26-05-2025T09:33:54 - [TEST_STEP][PASSED] - otpusk = findTestData("PlanFact").getValue(2, a): null

26-05-2025T09:33:55 - [TEST_STEP][PASSED] - poteri = findTestData("PlanFact").getValue(3, a): null

26-05-2025T09:33:55 - [TEST_STEP][PASSED] - otpusk = otpusk.replaceAll("\s+", ""): null

26-05-2025T09:33:55 - [TEST_STEP][PASSED] - poteri = poteri.replaceAll("\s+", ""): null

26-05-2025T09:33:55 - [TEST_STEP][PASSED] - typeOfData = typeOfDataMain + " Отпуск в сеть": null

26-05-2025T09:33:55 - [TEST_STEP][PASSED] - if (a == 82): null

26-05-2025T09:33:55 - [TEST_STEP][PASSED] - else if (a == 84): null

26-05-2025T09:33:55 - [TEST_STEP][PASSED] - else if (a == 83 || a == 52 || a == 72 || a == 28 || a == 73 || a == 77 || a == 74 || a == 65 || a == 36 || a == 44 || a == 53 || a == 80 || a == 54 || a == 1 || a == 18 || a == 59 || a == 81): null

26-05-2025T09:33:55 - [TEST_STEP][PASSED] - else: null

26-05-2025T09:33:55 - [TEST_STEP][PASSED] - path = dataFolder + typeOfData + " за отчётный период " + b: null

26-05-2025T09:33:55 - [TEST_STEP][PASSED] - println(path): null

26-05-2025T09:33:55 - [TEST_STEP][PASSED] - page = getText(findTestObject(path)): Text of object 'Object Repository/Выполнение бизнес-плана/Значения со страницы Выполнение бизнес-плана/План Отпуск в сеть за отчётный период Саратовские РС' is: '925 980'

26-05-2025T09:33:55 - [MESSAGE][PASSED] - Text of object 'Object Repository/Выполнение бизнес-плана/Значения со страницы Выполнение бизнес-плана/План Отпуск в сеть за отчётный период Саратовские РС' is: '925 980'

26-05-2025T09:33:55 - [TEST_STEP][PASSED] - if (page == "" || page == null): null

26-05-2025T09:33:55 - [TEST_STEP][PASSED] - else: null

26-05-2025T09:33:55 - [TEST_STEP][PASSED] - page = page.replaceAll("\s+", ""): null

26-05-2025T09:33:55 - [TEST_STEP][PASSED] - if (page == "undefined"): null

26-05-2025T09:33:55 - [TEST_STEP][PASSED] - fileOtpuskVSet = otpusk.toInteger(): null

26-05-2025T09:33:55 - [TEST_STEP][PASSED] - pageOtpuskVSet = page.toInteger(): null

26-05-2025T09:33:55 - [TEST_STEP][PASSED] - typeOfData = typeOfDataMain + " Потери": null

26-05-2025T09:33:55 - [TEST_STEP][PASSED] - if (a == 82): null

26-05-2025T09:33:55 - [TEST_STEP][PASSED] - else if (a == 84): null

26-05-2025T09:33:55 - [TEST_STEP][PASSED] - else if (a == 83 || a == 52 || a == 72 || a == 28 || a == 73 || a == 77 || a == 74 || a == 65 || a == 36 || a == 44 || a == 53 || a == 80 || a == 54 || a == 1 || a == 18 || a == 59 || a == 81): null

26-05-2025T09:33:55 - [TEST_STEP][PASSED] - else: null

26-05-2025T09:33:55 - [TEST_STEP][PASSED] - path = dataFolder + typeOfData + " за отчётный период " + b: null

26-05-2025T09:33:55 - [TEST_STEP][PASSED] - page = getText(findTestObject(path)): Text of object 'Object Repository/Выполнение бизнес-плана/Значения со страницы Выполнение бизнес-плана/План Потери за отчётный период Саратовские РС' is: '64 175'

26-05-2025T09:33:55 - [MESSAGE][PASSED] - Text of object 'Object Repository/Выполнение бизнес-плана/Значения со страницы Выполнение бизнес-плана/План Потери за отчётный период Саратовские РС' is: '64 175'

26-05-2025T09:33:55 - [TEST_STEP][PASSED] - if (page == "" || page == null): null

26-05-2025T09:33:55 - [TEST_STEP][PASSED] - else: null

26-05-2025T09:33:55 - [TEST_STEP][PASSED] - page = page.replaceAll("\s+", ""): null

26-05-2025T09:33:55 - [TEST_STEP][PASSED] - if (page == "undefined"): null

26-05-2025T09:33:55 - [TEST_STEP][PASSED] - filePoteri = poteri.toInteger(): null

26-05-2025T09:33:55 - [TEST_STEP][PASSED] - pagePoteri = page.toInteger(): null

26-05-2025T09:33:55 - [TEST_STEP][PASSED] - compare = pageOtpuskVSet: null

26-05-2025T09:33:55 - [TEST_STEP][PASSED] - if (pageOtpuskVSet != null): null

26-05-2025T09:33:55 - [TEST_STEP][PASSED] - if (compare == fileOtpuskVSet): null

26-05-2025T09:33:55 - [TEST_STEP][PASSED] - else if (compare > fileOtpuskVSet): null

26-05-2025T09:33:55 - [TEST_STEP][PASSED] - else if (compare < fileOtpuskVSet): null

26-05-2025T09:33:55 - [TEST_STEP][PASSED] - compare = compare + 1: null

26-05-2025T09:33:55 - [TEST_STEP][PASSED] - if (compare == fileOtpuskVSet): null

26-05-2025T09:33:55 - [TEST_STEP][PASSED] - else: null

26-05-2025T09:33:55 - [TEST_STEP][PASSED] - numberOfErrors = numberOfErrors + 1: null

26-05-2025T09:33:55 - [TEST_STEP][PASSED] - pageInt = pageOtpuskVSet: null

26-05-2025T09:33:55 - [TEST_STEP][PASSED] - fileInt = fileOtpuskVSet: null

26-05-2025T09:33:55 - [TEST_STEP][PASSED] - typeOfData = typeOfDataMain + " Отпуск в сеть": null

26-05-2025T09:33:55 - [TEST_STEP][PASSED] - Script1718980020443.WriteToExcel(a, typeOfData, todaysDate, pageInt, fileInt, pageDouble, fileDouble, dZO): null

26-05-2025T09:33:55 - [TEST_STEP][PASSED] - sheetName = "Sheet1": null

26-05-2025T09:33:55 - [TEST_STEP][PASSED] - data = findTestData("PlanFact"): null

26-05-2025T09:33:55 - [TEST_STEP][PASSED] - n = data.getRowNumbers() + 1: null

26-05-2025T09:33:55 - [TEST_STEP][PASSED] - day = ")).toInteger(): null

26-05-2025T09:33:55 - [TEST_STEP][PASSED] - println(day): null

26-05-2025T09:33:55 - [TEST_STEP][PASSED] - month = ")).toInteger(): null

26-05-2025T09:33:55 - [TEST_STEP][PASSED] - println(month): null

26-05-2025T09:33:55 - [TEST_STEP][PASSED] - y = <not implemented yet for class: org.codehaus.groovy.ast.expr.EmptyExpression>: null

26-05-2025T09:33:55 - [TEST_STEP][PASSED] - iy = <not implemented yet for class: org.codehaus.groovy.ast.expr.EmptyExpression>: null

26-05-2025T09:33:55 - [TEST_STEP][PASSED] - m = getText(findTestObject("Выполнение бизнес-плана/Период")): Text of object 'Object Repository/Выполнение бизнес-плана/Период' is: '1 кв. 2025 года'

26-05-2025T09:33:56 - [MESSAGE][PASSED] - Text of object 'Object Repository/Выполнение бизнес-плана/Период' is: '1 кв. 2025 года'

26-05-2025T09:33:56 - [TEST_STEP][PASSED] - iy = m.indexOf("20"): null

26-05-2025T09:33:56 - [TEST_STEP][PASSED] - if (iy > -1): null

26-05-2025T09:33:56 - [TEST_STEP][PASSED] - y = substring(iy, iy + 4).toInteger(): null

26-05-2025T09:33:56 - [TEST_STEP][PASSED] - println(y): null

26-05-2025T09:33:56 - [TEST_STEP][PASSED] - if (toString().length() == 4): null

26-05-2025T09:33:56 - [TEST_STEP][PASSED] - m = m.substring(0, m.indexOf(y.toString())): null

26-05-2025T09:33:56 - [TEST_STEP][PASSED] - m = m.trim(): null

26-05-2025T09:33:56 - [TEST_STEP][PASSED] - if (m == ""): null

26-05-2025T09:33:56 - [TEST_STEP][PASSED] - dashboardName = "Выполнение бизнес-плана": null

26-05-2025T09:33:56 - [TEST_STEP][PASSED] - workbook01 = getWorkbook(excelFilePath): null

26-05-2025T09:33:56 - [TEST_STEP][PASSED] - sheet01 = getExcelSheet(workbook01, sheetName): null

26-05-2025T09:33:56 - [TEST_STEP][PASSED] - setValueToCellByIndex(sheet01, n, 0, dashboardName): null

26-05-2025T09:33:56 - [TEST_STEP][PASSED] - setValueToCellByIndex(sheet01, n, 1, dZO): null

26-05-2025T09:33:56 - [TEST_STEP][PASSED] - setValueToCellByIndex(sheet01, n, 2, typeOfData): null

26-05-2025T09:33:56 - [TEST_STEP][PASSED] - if (typeOfData == "Факт в процентах" || typeOfData == "План в процентах"): null

26-05-2025T09:33:56 - [TEST_STEP][PASSED] - else: null

26-05-2025T09:33:56 - [TEST_STEP][PASSED] - setValueToCellByIndex(sheet01, n, 3, fileInt): null

26-05-2025T09:33:56 - [TEST_STEP][PASSED] - setValueToCellByIndex(sheet01, n, 4, pageInt): null

26-05-2025T09:33:56 - [TEST_STEP][PASSED] - setValueToCellByIndex(sheet01, n, 5, m): null

26-05-2025T09:33:56 - [TEST_STEP][PASSED] - setValueToCellByIndex(sheet01, n, 6, y): null

26-05-2025T09:33:56 - [TEST_STEP][PASSED] - setValueToCellByIndex(sheet01, n, 7, todaysDate): null

26-05-2025T09:33:56 - [TEST_STEP][PASSED] - n = n + 1: null

26-05-2025T09:33:56 - [TEST_STEP][PASSED] - saveWorkbook(excelFilePath, workbook01): null

26-05-2025T09:33:56 - [TEST_STEP][PASSED] - compare = pagePoteri: null

26-05-2025T09:33:56 - [TEST_STEP][PASSED] - if (pageOtpuskVSet != null): null

26-05-2025T09:33:56 - [TEST_STEP][PASSED] - if (compare == filePoteri): null

26-05-2025T09:33:56 - [TEST_STEP][PASSED] - else if (compare > filePoteri): null

26-05-2025T09:33:56 - [TEST_STEP][PASSED] - else if (compare < filePoteri): null

26-05-2025T09:33:56 - [TEST_STEP][PASSED] - compare = compare + 1: null

26-05-2025T09:33:56 - [TEST_STEP][PASSED] - if (compare == filePoteri): null

26-05-2025T09:33:56 - [TEST_STEP][PASSED] - else: null

26-05-2025T09:33:56 - [TEST_STEP][PASSED] - numberOfErrors = numberOfErrors + 1: null

26-05-2025T09:33:56 - [TEST_STEP][PASSED] - pageInt = pagePoteri: null

26-05-2025T09:33:56 - [TEST_STEP][PASSED] - fileInt = filePoteri: null

26-05-2025T09:33:56 - [TEST_STEP][PASSED] - typeOfData = typeOfDataMain + " Потери": null

26-05-2025T09:33:56 - [TEST_STEP][PASSED] - Script1718980020443.WriteToExcel(a, typeOfData, todaysDate, pageInt, fileInt, pageDouble, fileDouble, dZO): null

26-05-2025T09:33:56 - [TEST_STEP][PASSED] - sheetName = "Sheet1": null

26-05-2025T09:33:56 - [TEST_STEP][PASSED] - data = findTestData("PlanFact"): null

26-05-2025T09:33:56 - [TEST_STEP][PASSED] - n = data.getRowNumbers() + 1: null

26-05-2025T09:33:56 - [TEST_STEP][PASSED] - day = ")).toInteger(): null

26-05-2025T09:33:56 - [TEST_STEP][PASSED] - println(day): null

26-05-2025T09:33:56 - [TEST_STEP][PASSED] - month = ")).toInteger(): null

26-05-2025T09:33:56 - [TEST_STEP][PASSED] - println(month): null

26-05-2025T09:33:56 - [TEST_STEP][PASSED] - y = <not implemented yet for class: org.codehaus.groovy.ast.expr.EmptyExpression>: null

26-05-2025T09:33:56 - [TEST_STEP][PASSED] - iy = <not implemented yet for class: org.codehaus.groovy.ast.expr.EmptyExpression>: null

26-05-2025T09:33:56 - [TEST_STEP][PASSED] - m = getText(findTestObject("Выполнение бизнес-плана/Период")): Text of object 'Object Repository/Выполнение бизнес-плана/Период' is: '1 кв. 2025 года'

26-05-2025T09:33:56 - [MESSAGE][PASSED] - Text of object 'Object Repository/Выполнение бизнес-плана/Период' is: '1 кв. 2025 года'

26-05-2025T09:33:56 - [TEST_STEP][PASSED] - iy = m.indexOf("20"): null

26-05-2025T09:33:56 - [TEST_STEP][PASSED] - if (iy > -1): null

26-05-2025T09:33:56 - [TEST_STEP][PASSED] - y = substring(iy, iy + 4).toInteger(): null

26-05-2025T09:33:56 - [TEST_STEP][PASSED] - println(y): null

26-05-2025T09:33:56 - [TEST_STEP][PASSED] - if (toString().length() == 4): null

26-05-2025T09:33:56 - [TEST_STEP][PASSED] - m = m.substring(0, m.indexOf(y.toString())): null

26-05-2025T09:33:56 - [TEST_STEP][PASSED] - m = m.trim(): null

26-05-2025T09:33:56 - [TEST_STEP][PASSED] - if (m == ""): null

26-05-2025T09:33:56 - [TEST_STEP][PASSED] - dashboardName = "Выполнение бизнес-плана": null

26-05-2025T09:33:56 - [TEST_STEP][PASSED] - workbook01 = getWorkbook(excelFilePath): null

26-05-2025T09:33:56 - [TEST_STEP][PASSED] - sheet01 = getExcelSheet(workbook01, sheetName): null

26-05-2025T09:33:56 - [TEST_STEP][PASSED] - setValueToCellByIndex(sheet01, n, 0, dashboardName): null

26-05-2025T09:33:56 - [TEST_STEP][PASSED] - setValueToCellByIndex(sheet01, n, 1, dZO): null

26-05-2025T09:33:56 - [TEST_STEP][PASSED] - setValueToCellByIndex(sheet01, n, 2, typeOfData): null

26-05-2025T09:33:56 - [TEST_STEP][PASSED] - if (typeOfData == "Факт в процентах" || typeOfData == "План в процентах"): null

26-05-2025T09:33:56 - [TEST_STEP][PASSED] - else: null

26-05-2025T09:33:56 - [TEST_STEP][PASSED] - setValueToCellByIndex(sheet01, n, 3, fileInt): null

26-05-2025T09:33:56 - [TEST_STEP][PASSED] - setValueToCellByIndex(sheet01, n, 4, pageInt): null

26-05-2025T09:33:56 - [TEST_STEP][PASSED] - setValueToCellByIndex(sheet01, n, 5, m): null

26-05-2025T09:33:56 - [TEST_STEP][PASSED] - setValueToCellByIndex(sheet01, n, 6, y): null

26-05-2025T09:33:56 - [TEST_STEP][PASSED] - setValueToCellByIndex(sheet01, n, 7, todaysDate): null

26-05-2025T09:33:56 - [TEST_STEP][PASSED] - n = n + 1: null

26-05-2025T09:33:56 - [TEST_STEP][PASSED] - saveWorkbook(excelFilePath, workbook01): Object: 'Object Repository/Выполнение бизнес-плана/Кнопка Факт' is clicked on

26-05-2025T09:33:57 - [TEST_STEP][PASSED] - if (planFact == 2): Object: 'Object Repository/Выполнение бизнес-плана/Кнопка Факт' is clicked on

26-05-2025T09:33:57 - [TEST_STEP][PASSED] - click(findTestObject("Выполнение бизнес-плана/Кнопка Факт")): Object: 'Object Repository/Выполнение бизнес-плана/Кнопка Факт' is clicked on

26-05-2025T09:33:57 - [MESSAGE][PASSED] - Object: 'Object Repository/Выполнение бизнес-плана/Кнопка Факт' is clicked on

26-05-2025T09:33:57 - [TEST_STEP][PASSED] - println("a=" + a): null

26-05-2025T09:33:57 - [TEST_STEP][PASSED] - if (a == 84 || a == 82): null

26-05-2025T09:33:57 - [TEST_STEP][PASSED] - else if (a == 83 || a == 52 || a == 72 || a == 28 || a == 73 || a == 77 || a == 74 || a == 65 || a == 36 || a == 44 || a == 53 || a == 80 || a == 54 || a == 1 || a == 18 || a == 59 || a == 81): null

26-05-2025T09:33:57 - [TEST_STEP][PASSED] - else: null

26-05-2025T09:33:57 - [TEST_STEP][PASSED] - page1 = getText(findTestObject("Object Repository/Выполнение бизнес-плана/spanPlan" + filialNum)): Text of object 'Object Repository/Выполнение бизнес-плана/spanPlan5' is: '6.93
|'

26-05-2025T09:33:57 - [MESSAGE][PASSED] - Text of object 'Object Repository/Выполнение бизнес-плана/spanPlan5' is: '6.93
|'

26-05-2025T09:33:57 - [TEST_STEP][PASSED] - if (page1 == null): null

26-05-2025T09:33:57 - [TEST_STEP][PASSED] - else: null

26-05-2025T09:33:57 - [TEST_STEP][PASSED] - page1 = page1.replace("|", ""): null

26-05-2025T09:33:57 - [TEST_STEP][PASSED] - page2 = getText(findTestObject("Object Repository/Выполнение бизнес-плана/spanFact" + filialNum)): Text of object 'Object Repository/Выполнение бизнес-плана/spanFact5' is: '5.82
|'

26-05-2025T09:33:57 - [MESSAGE][PASSED] - Text of object 'Object Repository/Выполнение бизнес-плана/spanFact5' is: '5.82
|'

26-05-2025T09:33:57 - [TEST_STEP][PASSED] - if (page2 == null): null

26-05-2025T09:33:57 - [TEST_STEP][PASSED] - else: null

26-05-2025T09:33:57 - [TEST_STEP][PASSED] - page2 = page2.replace("|", ""): null

26-05-2025T09:33:57 - [TEST_STEP][PASSED] - println("page1: " + page1): null

26-05-2025T09:33:57 - [TEST_STEP][PASSED] - println("page2: " + page2): null

26-05-2025T09:33:57 - [TEST_STEP][PASSED] - file = findTestData("PlanFact").getValue(4, a): null

26-05-2025T09:33:58 - [TEST_STEP][PASSED] - file = file.replace(",", "."): null

26-05-2025T09:33:58 - [TEST_STEP][PASSED] - println("file Plan: " + file): null

26-05-2025T09:33:58 - [TEST_STEP][PASSED] - typeOfData = "План в процентах": null

26-05-2025T09:33:58 - [TEST_STEP][PASSED] - fileDouble = file.toDouble(): null

26-05-2025T09:33:58 - [TEST_STEP][PASSED] - pageDouble = page1.toDouble(): null

26-05-2025T09:33:58 - [TEST_STEP][PASSED] - if (fileDouble != pageDouble): null

26-05-2025T09:33:58 - [TEST_STEP][PASSED] - numberOfErrors = numberOfErrors + 1: null

26-05-2025T09:33:58 - [TEST_STEP][PASSED] - Script1718980020443.WriteToExcel(a, typeOfData, todaysDate, pageInt, fileInt, pageDouble, fileDouble, dZO): null

26-05-2025T09:33:58 - [TEST_STEP][PASSED] - sheetName = "Sheet1": null

26-05-2025T09:33:58 - [TEST_STEP][PASSED] - data = findTestData("PlanFact"): null

26-05-2025T09:33:58 - [TEST_STEP][PASSED] - n = data.getRowNumbers() + 1: null

26-05-2025T09:33:58 - [TEST_STEP][PASSED] - day = ")).toInteger(): null

26-05-2025T09:33:58 - [TEST_STEP][PASSED] - println(day): null

26-05-2025T09:33:58 - [TEST_STEP][PASSED] - month = ")).toInteger(): null

26-05-2025T09:33:58 - [TEST_STEP][PASSED] - println(month): null

26-05-2025T09:33:58 - [TEST_STEP][PASSED] - y = <not implemented yet for class: org.codehaus.groovy.ast.expr.EmptyExpression>: null

26-05-2025T09:33:58 - [TEST_STEP][PASSED] - iy = <not implemented yet for class: org.codehaus.groovy.ast.expr.EmptyExpression>: null

26-05-2025T09:33:58 - [TEST_STEP][PASSED] - m = getText(findTestObject("Выполнение бизнес-плана/Период")): Text of object 'Object Repository/Выполнение бизнес-плана/Период' is: '1 кв. 2025 года'

26-05-2025T09:33:58 - [MESSAGE][PASSED] - Text of object 'Object Repository/Выполнение бизнес-плана/Период' is: '1 кв. 2025 года'

26-05-2025T09:33:58 - [TEST_STEP][PASSED] - iy = m.indexOf("20"): null

26-05-2025T09:33:58 - [TEST_STEP][PASSED] - if (iy > -1): null

26-05-2025T09:33:58 - [TEST_STEP][PASSED] - y = substring(iy, iy + 4).toInteger(): null

26-05-2025T09:33:58 - [TEST_STEP][PASSED] - println(y): null

26-05-2025T09:33:58 - [TEST_STEP][PASSED] - if (toString().length() == 4): null

26-05-2025T09:33:58 - [TEST_STEP][PASSED] - m = m.substring(0, m.indexOf(y.toString())): null

26-05-2025T09:33:58 - [TEST_STEP][PASSED] - m = m.trim(): null

26-05-2025T09:33:58 - [TEST_STEP][PASSED] - if (m == ""): null

26-05-2025T09:33:58 - [TEST_STEP][PASSED] - dashboardName = "Выполнение бизнес-плана": null

26-05-2025T09:33:58 - [TEST_STEP][PASSED] - workbook01 = getWorkbook(excelFilePath): null

26-05-2025T09:33:58 - [TEST_STEP][PASSED] - sheet01 = getExcelSheet(workbook01, sheetName): null

26-05-2025T09:33:58 - [TEST_STEP][PASSED] - setValueToCellByIndex(sheet01, n, 0, dashboardName): null

26-05-2025T09:33:58 - [TEST_STEP][PASSED] - setValueToCellByIndex(sheet01, n, 1, dZO): null

26-05-2025T09:33:58 - [TEST_STEP][PASSED] - setValueToCellByIndex(sheet01, n, 2, typeOfData): null

26-05-2025T09:33:58 - [TEST_STEP][PASSED] - if (typeOfData == "Факт в процентах" || typeOfData == "План в процентах"): null

26-05-2025T09:33:58 - [TEST_STEP][PASSED] - setValueToCellByIndex(sheet01, n, 3, fileDouble): null

26-05-2025T09:33:58 - [TEST_STEP][PASSED] - setValueToCellByIndex(sheet01, n, 4, pageDouble): null

26-05-2025T09:33:58 - [TEST_STEP][PASSED] - setValueToCellByIndex(sheet01, n, 5, m): null

26-05-2025T09:33:58 - [TEST_STEP][PASSED] - setValueToCellByIndex(sheet01, n, 6, y): null

26-05-2025T09:33:58 - [TEST_STEP][PASSED] - setValueToCellByIndex(sheet01, n, 7, todaysDate): null

26-05-2025T09:33:58 - [TEST_STEP][PASSED] - n = n + 1: null

26-05-2025T09:33:58 - [TEST_STEP][PASSED] - saveWorkbook(excelFilePath, workbook01): null

26-05-2025T09:33:58 - [TEST_STEP][PASSED] - file = findTestData("PlanFact").getValue(7, a): null

26-05-2025T09:33:58 - [TEST_STEP][PASSED] - file = file.replace(",", "."): null

26-05-2025T09:33:58 - [TEST_STEP][PASSED] - println("file Fact: " + file): null

26-05-2025T09:33:58 - [TEST_STEP][PASSED] - fileDouble = file.toDouble(): null

26-05-2025T09:33:58 - [TEST_STEP][PASSED] - typeOfData = "Факт в процентах": null

26-05-2025T09:33:58 - [TEST_STEP][PASSED] - fileDouble = file.toDouble(): null

26-05-2025T09:33:58 - [TEST_STEP][PASSED] - pageDouble = page2.toDouble(): null

26-05-2025T09:33:58 - [TEST_STEP][PASSED] - if (fileDouble != pageDouble): null

26-05-2025T09:33:58 - [TEST_STEP][FAILED] - if (verifyEqual(numberOfErrors, 0) == false): null

26-05-2025T09:33:58 - [MESSAGE][FAILED] - Unable to verify equal between actual object '5' and expected object '0' (Root cause: com.kms.katalon.core.exception.StepFailedException: Actual object '5' and expected object '0' are not equal
	at com.kms.katalon.core.keyword.builtin.VerifyEqualKeyword$_verifyEqual_closure1.doCall(VerifyEqualKeyword.groovy:58)
	at com.kms.katalon.core.keyword.builtin.VerifyEqualKeyword$_verifyEqual_closure1.call(VerifyEqualKeyword.groovy)
	at com.kms.katalon.core.keyword.internal.KeywordMain.runKeyword(KeywordMain.groovy:75)
	at com.kms.katalon.core.keyword.builtin.VerifyEqualKeyword.verifyEqual(VerifyEqualKeyword.groovy:63)
	at com.kms.katalon.core.keyword.builtin.VerifyEqualKeyword.execute(VerifyEqualKeyword.groovy:44)
	at com.kms.katalon.core.keyword.internal.KeywordExecutor.executeKeywordForPlatform(KeywordExecutor.groovy:74)
	at com.kms.katalon.core.keyword.BuiltinKeywords.verifyEqual(BuiltinKeywords.groovy:146)
	at jdk.internal.reflect.GeneratedMethodAccessor23.invoke(Unknown Source)
	at java.base/jdk.internal.reflect.DelegatingMethodAccessorImpl.invoke(DelegatingMethodAccessorImpl.java:43)
	at Выполнение бизнес-плана Сверка ПАО Россети все филиалы.Numbers(Выполнение бизнес-плана Сверка ПАО Россети все филиалы:749)
	at Выполнение бизнес-плана Сверка ПАО Россети все филиалы.Filials(Выполнение бизнес-плана Сверка ПАО Россети все филиалы:984)
	at Выполнение бизнес-плана Сверка ПАО Россети все филиалы.Numbers(Выполнение бизнес-плана Сверка ПАО Россети все филиалы:756)
	at Выполнение бизнес-плана Сверка ПАО Россети все филиалы.run(Выполнение бизнес-плана Сверка ПАО Россети все филиалы:227)
	at com.kms.katalon.core.main.ScriptEngine.run(ScriptEngine.java:194)
	at com.kms.katalon.core.main.ScriptEngine.runScriptAsRawText(ScriptEngine.java:119)
	at com.kms.katalon.core.main.TestCaseExecutor.runScript(TestCaseExecutor.java:448)
	at com.kms.katalon.core.main.TestCaseExecutor.doExecute(TestCaseExecutor.java:439)
	at com.kms.katalon.core.main.TestCaseExecutor.processExecutionPhase(TestCaseExecutor.java:418)
	at com.kms.katalon.core.main.TestCaseExecutor.accessMainPhase(TestCaseExecutor.java:410)
	at com.kms.katalon.core.main.TestCaseExecutor.execute(TestCaseExecutor.java:285)
	at com.kms.katalon.core.common.CommonExecutor.accessTestCaseMainPhase(CommonExecutor.java:65)
	at com.kms.katalon.core.main.TestSuiteExecutor.accessTestSuiteMainPhase(TestSuiteExecutor.java:150)
	at com.kms.katalon.core.main.TestSuiteExecutor.execute(TestSuiteExecutor.java:106)
	at com.kms.katalon.core.main.TestCaseMain.startTestSuite(TestCaseMain.java:180)
	at TempTestSuite1748228991768.run(TempTestSuite1748228991768.groovy:35)
	at java.base/jdk.internal.reflect.NativeMethodAccessorImpl.invoke0(Native Method)
	at java.base/jdk.internal.reflect.NativeMethodAccessorImpl.invoke(NativeMethodAccessorImpl.java:77)
	at java.base/jdk.internal.reflect.DelegatingMethodAccessorImpl.invoke(DelegatingMethodAccessorImpl.java:43)
)

26-05-2025T09:33:58 - [TEST_STEP][PASSED] - println(numberOfErrors): null

26-05-2025T09:33:58 - [TEST_STEP][PASSED] - println("a=" + a): null

26-05-2025T09:33:58 - [TEST_STEP][PASSED] - if (a == 28 || a == 77 || a == 74 || a == 65 || a == 36 || a == 44 || a == 54 || a == 1 || a == 18 || a == 59): null

26-05-2025T09:33:58 - [TEST_STEP][PASSED] - if (a == 82): null

26-05-2025T09:33:58 - [TEST_STEP][PASSED] - dZO = "Ульяновские РС": null

26-05-2025T09:33:58 - [TEST_STEP][PASSED] - a = 34: null

26-05-2025T09:33:58 - [TEST_STEP][PASSED] - dzoCut = dZO.substring(0, 10): null

26-05-2025T09:33:58 - [TEST_STEP][PASSED] - if (x2.contains(dzoCut)): null

26-05-2025T09:33:58 - [TEST_STEP][PASSED] - filialNum = filialNum + 1: null

26-05-2025T09:33:58 - [TEST_STEP][PASSED] - Script1718980020443.Numbers(a, typeOfData, todaysDate, pageInt, fileInt, pageDouble, fileDouble, dZO, dzoNum, filialNum): null

26-05-2025T09:33:58 - [TEST_STEP][PASSED] - println(dzoNum): null

26-05-2025T09:33:58 - [TEST_STEP][PASSED] - planFact = <not implemented yet for class: org.codehaus.groovy.ast.expr.EmptyExpression>: null

26-05-2025T09:33:58 - [TEST_STEP][PASSED] - page = <not implemented yet for class: org.codehaus.groovy.ast.expr.EmptyExpression>: null

26-05-2025T09:33:58 - [TEST_STEP][PASSED] - page1 = <not implemented yet for class: org.codehaus.groovy.ast.expr.EmptyExpression>: null

26-05-2025T09:33:58 - [TEST_STEP][PASSED] - page2 = <not implemented yet for class: org.codehaus.groovy.ast.expr.EmptyExpression>: null

26-05-2025T09:33:58 - [TEST_STEP][PASSED] - filialNumberInRow = <not implemented yet for class: org.codehaus.groovy.ast.expr.EmptyExpression>: null

26-05-2025T09:33:58 - [TEST_STEP][PASSED] - filialsDzoNames = <not implemented yet for class: org.codehaus.groovy.ast.expr.EmptyExpression>: null

26-05-2025T09:33:58 - [TEST_STEP][PASSED] - numberOfFilials = <not implemented yet for class: org.codehaus.groovy.ast.expr.EmptyExpression>: null

26-05-2025T09:33:58 - [TEST_STEP][PASSED] - numberOfSpaces = <not implemented yet for class: org.codehaus.groovy.ast.expr.EmptyExpression>: null

26-05-2025T09:33:58 - [TEST_STEP][PASSED] - file = <not implemented yet for class: org.codehaus.groovy.ast.expr.EmptyExpression>: null

26-05-2025T09:33:58 - [TEST_STEP][PASSED] - otpusk = <not implemented yet for class: org.codehaus.groovy.ast.expr.EmptyExpression>: null

26-05-2025T09:33:58 - [TEST_STEP][PASSED] - poteri = <not implemented yet for class: org.codehaus.groovy.ast.expr.EmptyExpression>: null

26-05-2025T09:33:58 - [TEST_STEP][PASSED] - dataFolder = "Выполнение бизнес-плана/Значения со страницы Выполнение бизнес-плана/": null

26-05-2025T09:33:58 - [TEST_STEP][PASSED] - path = <not implemented yet for class: org.codehaus.groovy.ast.expr.EmptyExpression>: null

26-05-2025T09:33:58 - [TEST_STEP][PASSED] - typeOfDataMain = <not implemented yet for class: org.codehaus.groovy.ast.expr.EmptyExpression>: null

26-05-2025T09:33:58 - [TEST_STEP][PASSED] - fileOtpuskVSet = <not implemented yet for class: org.codehaus.groovy.ast.expr.EmptyExpression>: null

26-05-2025T09:33:58 - [TEST_STEP][PASSED] - pageOtpuskVSet = <not implemented yet for class: org.codehaus.groovy.ast.expr.EmptyExpression>: null

26-05-2025T09:33:58 - [TEST_STEP][PASSED] - filePoteri = <not implemented yet for class: org.codehaus.groovy.ast.expr.EmptyExpression>: null

26-05-2025T09:33:58 - [TEST_STEP][PASSED] - pagePoteri = <not implemented yet for class: org.codehaus.groovy.ast.expr.EmptyExpression>: null

26-05-2025T09:33:58 - [TEST_STEP][PASSED] - compare = <not implemented yet for class: org.codehaus.groovy.ast.expr.EmptyExpression>: null

26-05-2025T09:33:58 - [TEST_STEP][PASSED] - b = <not implemented yet for class: org.codehaus.groovy.ast.expr.EmptyExpression>: null

26-05-2025T09:33:58 - [TEST_STEP][PASSED] - i = <not implemented yet for class: org.codehaus.groovy.ast.expr.EmptyExpression>: null

26-05-2025T09:33:58 - [TEST_STEP][PASSED] - ii = <not implemented yet for class: org.codehaus.groovy.ast.expr.EmptyExpression>: null

26-05-2025T09:33:58 - [TEST_STEP][PASSED] - c = <not implemented yet for class: org.codehaus.groovy.ast.expr.EmptyExpression>: null

26-05-2025T09:33:58 - [TEST_STEP][PASSED] - numberOfErrors = 0: null

26-05-2025T09:33:58 - [TEST_STEP][PASSED] - if (a == 82): null

26-05-2025T09:33:58 - [TEST_STEP][PASSED] - b = findTestData("PlanFact").getValue(1, a): null

26-05-2025T09:33:58 - [TEST_STEP][PASSED] - i = b.indexOf(" (ГК)"): null

26-05-2025T09:33:58 - [TEST_STEP][PASSED] - if (i > -1): null

26-05-2025T09:33:58 - [TEST_STEP][PASSED] - i = b.indexOf("О ""): null

26-05-2025T09:33:58 - [TEST_STEP][PASSED] - if (i > -1): null

26-05-2025T09:33:58 - [TEST_STEP][PASSED] - i = b.indexOf("О «"): null

26-05-2025T09:33:58 - [TEST_STEP][PASSED] - if (i > -1): null

26-05-2025T09:33:58 - [TEST_STEP][PASSED] - i = b.indexOf("г. "): null

26-05-2025T09:33:58 - [TEST_STEP][PASSED] - if (i > -1): null

26-05-2025T09:33:58 - [TEST_STEP][PASSED] - b = b.trim(): null

26-05-2025T09:33:58 - [TEST_STEP][PASSED] - println(b): null

26-05-2025T09:33:58 - [TEST_STEP][PASSED] - for ([planFact = 1, planFact < 3, (planFact++)]): null

26-05-2025T09:33:58 - [TEST_STEP][PASSED] - if (planFact == 1): null

26-05-2025T09:33:58 - [TEST_STEP][PASSED] - typeOfDataMain = "Факт": null

26-05-2025T09:33:58 - [TEST_STEP][PASSED] - otpusk = findTestData("PlanFact").getValue(5, a): null

26-05-2025T09:33:58 - [TEST_STEP][PASSED] - poteri = findTestData("PlanFact").getValue(6, a): null

26-05-2025T09:33:58 - [TEST_STEP][PASSED] - otpusk = otpusk.replaceAll("\s+", ""): null

26-05-2025T09:33:58 - [TEST_STEP][PASSED] - poteri = poteri.replaceAll("\s+", ""): null

26-05-2025T09:33:58 - [TEST_STEP][PASSED] - typeOfData = typeOfDataMain + " Отпуск в сеть": null

26-05-2025T09:33:58 - [TEST_STEP][PASSED] - if (a == 82): null

26-05-2025T09:33:58 - [TEST_STEP][PASSED] - else if (a == 84): null

26-05-2025T09:33:58 - [TEST_STEP][PASSED] - else if (a == 83 || a == 52 || a == 72 || a == 28 || a == 73 || a == 77 || a == 74 || a == 65 || a == 36 || a == 44 || a == 53 || a == 80 || a == 54 || a == 1 || a == 18 || a == 59 || a == 81): null

26-05-2025T09:33:58 - [TEST_STEP][PASSED] - else: null

26-05-2025T09:33:58 - [TEST_STEP][PASSED] - path = dataFolder + typeOfData + " за отчётный период " + b: null

26-05-2025T09:33:58 - [TEST_STEP][PASSED] - println(path): null

26-05-2025T09:33:58 - [TEST_STEP][PASSED] - page = getText(findTestObject(path)): Text of object 'Object Repository/Выполнение бизнес-плана/Значения со страницы Выполнение бизнес-плана/Факт Отпуск в сеть за отчётный период Ульяновские РС' is: '426 120'

26-05-2025T09:33:59 - [MESSAGE][PASSED] - Text of object 'Object Repository/Выполнение бизнес-плана/Значения со страницы Выполнение бизнес-плана/Факт Отпуск в сеть за отчётный период Ульяновские РС' is: '426 120'

26-05-2025T09:33:59 - [TEST_STEP][PASSED] - if (page == "" || page == null): null

26-05-2025T09:33:59 - [TEST_STEP][PASSED] - else: null

26-05-2025T09:33:59 - [TEST_STEP][PASSED] - page = page.replaceAll("\s+", ""): null

26-05-2025T09:33:59 - [TEST_STEP][PASSED] - if (page == "undefined"): null

26-05-2025T09:33:59 - [TEST_STEP][PASSED] - fileOtpuskVSet = otpusk.toInteger(): null

26-05-2025T09:33:59 - [TEST_STEP][PASSED] - pageOtpuskVSet = page.toInteger(): null

26-05-2025T09:33:59 - [TEST_STEP][PASSED] - typeOfData = typeOfDataMain + " Потери": null

26-05-2025T09:33:59 - [TEST_STEP][PASSED] - if (a == 82): null

26-05-2025T09:33:59 - [TEST_STEP][PASSED] - else if (a == 84): null

26-05-2025T09:33:59 - [TEST_STEP][PASSED] - else if (a == 83 || a == 52 || a == 72 || a == 28 || a == 73 || a == 77 || a == 74 || a == 65 || a == 36 || a == 44 || a == 53 || a == 80 || a == 54 || a == 1 || a == 18 || a == 59 || a == 81): null

26-05-2025T09:33:59 - [TEST_STEP][PASSED] - else: null

26-05-2025T09:33:59 - [TEST_STEP][PASSED] - path = dataFolder + typeOfData + " за отчётный период " + b: null

26-05-2025T09:33:59 - [TEST_STEP][PASSED] - page = getText(findTestObject(path)): Text of object 'Object Repository/Выполнение бизнес-плана/Значения со страницы Выполнение бизнес-плана/Факт Потери за отчётный период Ульяновские РС' is: '23 552'

26-05-2025T09:33:59 - [MESSAGE][PASSED] - Text of object 'Object Repository/Выполнение бизнес-плана/Значения со страницы Выполнение бизнес-плана/Факт Потери за отчётный период Ульяновские РС' is: '23 552'

26-05-2025T09:33:59 - [TEST_STEP][PASSED] - if (page == "" || page == null): null

26-05-2025T09:33:59 - [TEST_STEP][PASSED] - else: null

26-05-2025T09:33:59 - [TEST_STEP][PASSED] - page = page.replaceAll("\s+", ""): null

26-05-2025T09:33:59 - [TEST_STEP][PASSED] - if (page == "undefined"): null

26-05-2025T09:33:59 - [TEST_STEP][PASSED] - filePoteri = poteri.toInteger(): null

26-05-2025T09:33:59 - [TEST_STEP][PASSED] - pagePoteri = page.toInteger(): null

26-05-2025T09:33:59 - [TEST_STEP][PASSED] - compare = pageOtpuskVSet: null

26-05-2025T09:33:59 - [TEST_STEP][PASSED] - if (pageOtpuskVSet != null): null

26-05-2025T09:33:59 - [TEST_STEP][PASSED] - if (compare == fileOtpuskVSet): null

26-05-2025T09:33:59 - [TEST_STEP][PASSED] - else if (compare > fileOtpuskVSet): null

26-05-2025T09:33:59 - [TEST_STEP][PASSED] - else if (compare < fileOtpuskVSet): null

26-05-2025T09:33:59 - [TEST_STEP][PASSED] - compare = compare + 1: null

26-05-2025T09:33:59 - [TEST_STEP][PASSED] - if (compare == fileOtpuskVSet): null

26-05-2025T09:33:59 - [TEST_STEP][PASSED] - else: null

26-05-2025T09:33:59 - [TEST_STEP][PASSED] - numberOfErrors = numberOfErrors + 1: null

26-05-2025T09:33:59 - [TEST_STEP][PASSED] - pageInt = pageOtpuskVSet: null

26-05-2025T09:33:59 - [TEST_STEP][PASSED] - fileInt = fileOtpuskVSet: null

26-05-2025T09:33:59 - [TEST_STEP][PASSED] - typeOfData = typeOfDataMain + " Отпуск в сеть": null

26-05-2025T09:33:59 - [TEST_STEP][PASSED] - Script1718980020443.WriteToExcel(a, typeOfData, todaysDate, pageInt, fileInt, pageDouble, fileDouble, dZO): null

26-05-2025T09:33:59 - [TEST_STEP][PASSED] - sheetName = "Sheet1": null

26-05-2025T09:33:59 - [TEST_STEP][PASSED] - data = findTestData("PlanFact"): null

26-05-2025T09:33:59 - [TEST_STEP][PASSED] - n = data.getRowNumbers() + 1: null

26-05-2025T09:33:59 - [TEST_STEP][PASSED] - day = ")).toInteger(): null

26-05-2025T09:33:59 - [TEST_STEP][PASSED] - println(day): null

26-05-2025T09:33:59 - [TEST_STEP][PASSED] - month = ")).toInteger(): null

26-05-2025T09:33:59 - [TEST_STEP][PASSED] - println(month): null

26-05-2025T09:33:59 - [TEST_STEP][PASSED] - y = <not implemented yet for class: org.codehaus.groovy.ast.expr.EmptyExpression>: null

26-05-2025T09:33:59 - [TEST_STEP][PASSED] - iy = <not implemented yet for class: org.codehaus.groovy.ast.expr.EmptyExpression>: null

26-05-2025T09:33:59 - [TEST_STEP][PASSED] - m = getText(findTestObject("Выполнение бизнес-плана/Период")): Text of object 'Object Repository/Выполнение бизнес-плана/Период' is: '1 кв. 2025 года'

26-05-2025T09:33:59 - [MESSAGE][PASSED] - Text of object 'Object Repository/Выполнение бизнес-плана/Период' is: '1 кв. 2025 года'

26-05-2025T09:33:59 - [TEST_STEP][PASSED] - iy = m.indexOf("20"): null

26-05-2025T09:33:59 - [TEST_STEP][PASSED] - if (iy > -1): null

26-05-2025T09:33:59 - [TEST_STEP][PASSED] - y = substring(iy, iy + 4).toInteger(): null

26-05-2025T09:33:59 - [TEST_STEP][PASSED] - println(y): null

26-05-2025T09:33:59 - [TEST_STEP][PASSED] - if (toString().length() == 4): null

26-05-2025T09:33:59 - [TEST_STEP][PASSED] - m = m.substring(0, m.indexOf(y.toString())): null

26-05-2025T09:33:59 - [TEST_STEP][PASSED] - m = m.trim(): null

26-05-2025T09:33:59 - [TEST_STEP][PASSED] - if (m == ""): null

26-05-2025T09:33:59 - [TEST_STEP][PASSED] - dashboardName = "Выполнение бизнес-плана": null

26-05-2025T09:33:59 - [TEST_STEP][PASSED] - workbook01 = getWorkbook(excelFilePath): null

26-05-2025T09:33:59 - [TEST_STEP][PASSED] - sheet01 = getExcelSheet(workbook01, sheetName): null

26-05-2025T09:33:59 - [TEST_STEP][PASSED] - setValueToCellByIndex(sheet01, n, 0, dashboardName): null

26-05-2025T09:33:59 - [TEST_STEP][PASSED] - setValueToCellByIndex(sheet01, n, 1, dZO): null

26-05-2025T09:33:59 - [TEST_STEP][PASSED] - setValueToCellByIndex(sheet01, n, 2, typeOfData): null

26-05-2025T09:33:59 - [TEST_STEP][PASSED] - if (typeOfData == "Факт в процентах" || typeOfData == "План в процентах"): null

26-05-2025T09:33:59 - [TEST_STEP][PASSED] - else: null

26-05-2025T09:33:59 - [TEST_STEP][PASSED] - setValueToCellByIndex(sheet01, n, 3, fileInt): null

26-05-2025T09:33:59 - [TEST_STEP][PASSED] - setValueToCellByIndex(sheet01, n, 4, pageInt): null

26-05-2025T09:33:59 - [TEST_STEP][PASSED] - setValueToCellByIndex(sheet01, n, 5, m): null

26-05-2025T09:33:59 - [TEST_STEP][PASSED] - setValueToCellByIndex(sheet01, n, 6, y): null

26-05-2025T09:33:59 - [TEST_STEP][PASSED] - setValueToCellByIndex(sheet01, n, 7, todaysDate): null

26-05-2025T09:33:59 - [TEST_STEP][PASSED] - n = n + 1: null

26-05-2025T09:33:59 - [TEST_STEP][PASSED] - saveWorkbook(excelFilePath, workbook01): null

26-05-2025T09:34:00 - [TEST_STEP][PASSED] - compare = pagePoteri: null

26-05-2025T09:34:00 - [TEST_STEP][PASSED] - if (pageOtpuskVSet != null): null

26-05-2025T09:34:00 - [TEST_STEP][PASSED] - if (compare == filePoteri): null

26-05-2025T09:34:00 - [TEST_STEP][PASSED] - else if (compare > filePoteri): null

26-05-2025T09:34:00 - [TEST_STEP][PASSED] - else if (compare < filePoteri): null

26-05-2025T09:34:00 - [TEST_STEP][PASSED] - compare = compare + 1: null

26-05-2025T09:34:00 - [TEST_STEP][PASSED] - if (compare == filePoteri): null

26-05-2025T09:34:00 - [TEST_STEP][PASSED] - else: null

26-05-2025T09:34:00 - [TEST_STEP][PASSED] - numberOfErrors = numberOfErrors + 1: null

26-05-2025T09:34:00 - [TEST_STEP][PASSED] - pageInt = pagePoteri: null

26-05-2025T09:34:00 - [TEST_STEP][PASSED] - fileInt = filePoteri: null

26-05-2025T09:34:00 - [TEST_STEP][PASSED] - typeOfData = typeOfDataMain + " Потери": null

26-05-2025T09:34:00 - [TEST_STEP][PASSED] - Script1718980020443.WriteToExcel(a, typeOfData, todaysDate, pageInt, fileInt, pageDouble, fileDouble, dZO): null

26-05-2025T09:34:00 - [TEST_STEP][PASSED] - sheetName = "Sheet1": null

26-05-2025T09:34:00 - [TEST_STEP][PASSED] - data = findTestData("PlanFact"): null

26-05-2025T09:34:00 - [TEST_STEP][PASSED] - n = data.getRowNumbers() + 1: null

26-05-2025T09:34:00 - [TEST_STEP][PASSED] - day = ")).toInteger(): null

26-05-2025T09:34:00 - [TEST_STEP][PASSED] - println(day): null

26-05-2025T09:34:00 - [TEST_STEP][PASSED] - month = ")).toInteger(): null

26-05-2025T09:34:00 - [TEST_STEP][PASSED] - println(month): null

26-05-2025T09:34:00 - [TEST_STEP][PASSED] - y = <not implemented yet for class: org.codehaus.groovy.ast.expr.EmptyExpression>: null

26-05-2025T09:34:00 - [TEST_STEP][PASSED] - iy = <not implemented yet for class: org.codehaus.groovy.ast.expr.EmptyExpression>: null

26-05-2025T09:34:00 - [TEST_STEP][PASSED] - m = getText(findTestObject("Выполнение бизнес-плана/Период")): Text of object 'Object Repository/Выполнение бизнес-плана/Период' is: '1 кв. 2025 года'

26-05-2025T09:34:00 - [MESSAGE][PASSED] - Text of object 'Object Repository/Выполнение бизнес-плана/Период' is: '1 кв. 2025 года'

26-05-2025T09:34:00 - [TEST_STEP][PASSED] - iy = m.indexOf("20"): null

26-05-2025T09:34:00 - [TEST_STEP][PASSED] - if (iy > -1): null

26-05-2025T09:34:00 - [TEST_STEP][PASSED] - y = substring(iy, iy + 4).toInteger(): null

26-05-2025T09:34:00 - [TEST_STEP][PASSED] - println(y): null

26-05-2025T09:34:00 - [TEST_STEP][PASSED] - if (toString().length() == 4): null

26-05-2025T09:34:00 - [TEST_STEP][PASSED] - m = m.substring(0, m.indexOf(y.toString())): null

26-05-2025T09:34:00 - [TEST_STEP][PASSED] - m = m.trim(): null

26-05-2025T09:34:00 - [TEST_STEP][PASSED] - if (m == ""): null

26-05-2025T09:34:00 - [TEST_STEP][PASSED] - dashboardName = "Выполнение бизнес-плана": null

26-05-2025T09:34:00 - [TEST_STEP][PASSED] - workbook01 = getWorkbook(excelFilePath): null

26-05-2025T09:34:00 - [TEST_STEP][PASSED] - sheet01 = getExcelSheet(workbook01, sheetName): null

26-05-2025T09:34:00 - [TEST_STEP][PASSED] - setValueToCellByIndex(sheet01, n, 0, dashboardName): null

26-05-2025T09:34:00 - [TEST_STEP][PASSED] - setValueToCellByIndex(sheet01, n, 1, dZO): null

26-05-2025T09:34:00 - [TEST_STEP][PASSED] - setValueToCellByIndex(sheet01, n, 2, typeOfData): null

26-05-2025T09:34:00 - [TEST_STEP][PASSED] - if (typeOfData == "Факт в процентах" || typeOfData == "План в процентах"): null

26-05-2025T09:34:00 - [TEST_STEP][PASSED] - else: null

26-05-2025T09:34:00 - [TEST_STEP][PASSED] - setValueToCellByIndex(sheet01, n, 3, fileInt): null

26-05-2025T09:34:00 - [TEST_STEP][PASSED] - setValueToCellByIndex(sheet01, n, 4, pageInt): null

26-05-2025T09:34:00 - [TEST_STEP][PASSED] - setValueToCellByIndex(sheet01, n, 5, m): null

26-05-2025T09:34:00 - [TEST_STEP][PASSED] - setValueToCellByIndex(sheet01, n, 6, y): null

26-05-2025T09:34:00 - [TEST_STEP][PASSED] - setValueToCellByIndex(sheet01, n, 7, todaysDate): null

26-05-2025T09:34:00 - [TEST_STEP][PASSED] - n = n + 1: null

26-05-2025T09:34:00 - [TEST_STEP][PASSED] - saveWorkbook(excelFilePath, workbook01): null

26-05-2025T09:34:00 - [TEST_STEP][PASSED] - if (planFact == 2): null

26-05-2025T09:34:00 - [TEST_STEP][PASSED] - if (planFact == 1): null

26-05-2025T09:34:00 - [TEST_STEP][PASSED] - else if (planFact == 2): null

26-05-2025T09:34:00 - [TEST_STEP][PASSED] - click(findTestObject("Выполнение бизнес-плана/Кнопка План")): Object: 'Object Repository/Выполнение бизнес-плана/Кнопка План' is clicked on

26-05-2025T09:34:01 - [MESSAGE][PASSED] - Object: 'Object Repository/Выполнение бизнес-плана/Кнопка План' is clicked on

26-05-2025T09:34:01 - [TEST_STEP][PASSED] - typeOfDataMain = "План": null

26-05-2025T09:34:01 - [TEST_STEP][PASSED] - otpusk = findTestData("PlanFact").getValue(2, a): null

26-05-2025T09:34:01 - [TEST_STEP][PASSED] - poteri = findTestData("PlanFact").getValue(3, a): null

26-05-2025T09:34:01 - [TEST_STEP][PASSED] - otpusk = otpusk.replaceAll("\s+", ""): null

26-05-2025T09:34:01 - [TEST_STEP][PASSED] - poteri = poteri.replaceAll("\s+", ""): null

26-05-2025T09:34:01 - [TEST_STEP][PASSED] - typeOfData = typeOfDataMain + " Отпуск в сеть": null

26-05-2025T09:34:01 - [TEST_STEP][PASSED] - if (a == 82): null

26-05-2025T09:34:01 - [TEST_STEP][PASSED] - else if (a == 84): null

26-05-2025T09:34:01 - [TEST_STEP][PASSED] - else if (a == 83 || a == 52 || a == 72 || a == 28 || a == 73 || a == 77 || a == 74 || a == 65 || a == 36 || a == 44 || a == 53 || a == 80 || a == 54 || a == 1 || a == 18 || a == 59 || a == 81): null

26-05-2025T09:34:01 - [TEST_STEP][PASSED] - else: null

26-05-2025T09:34:01 - [TEST_STEP][PASSED] - path = dataFolder + typeOfData + " за отчётный период " + b: null

26-05-2025T09:34:01 - [TEST_STEP][PASSED] - println(path): null

26-05-2025T09:34:01 - [TEST_STEP][PASSED] - page = getText(findTestObject(path)): Text of object 'Object Repository/Выполнение бизнес-плана/Значения со страницы Выполнение бизнес-плана/План Отпуск в сеть за отчётный период Ульяновские РС' is: '439 261'

26-05-2025T09:34:01 - [MESSAGE][PASSED] - Text of object 'Object Repository/Выполнение бизнес-плана/Значения со страницы Выполнение бизнес-плана/План Отпуск в сеть за отчётный период Ульяновские РС' is: '439 261'

26-05-2025T09:34:01 - [TEST_STEP][PASSED] - if (page == "" || page == null): null

26-05-2025T09:34:01 - [TEST_STEP][PASSED] - else: null

26-05-2025T09:34:01 - [TEST_STEP][PASSED] - page = page.replaceAll("\s+", ""): null

26-05-2025T09:34:01 - [TEST_STEP][PASSED] - if (page == "undefined"): null

26-05-2025T09:34:01 - [TEST_STEP][PASSED] - fileOtpuskVSet = otpusk.toInteger(): null

26-05-2025T09:34:01 - [TEST_STEP][PASSED] - pageOtpuskVSet = page.toInteger(): null

26-05-2025T09:34:01 - [TEST_STEP][PASSED] - typeOfData = typeOfDataMain + " Потери": null

26-05-2025T09:34:01 - [TEST_STEP][PASSED] - if (a == 82): null

26-05-2025T09:34:01 - [TEST_STEP][PASSED] - else if (a == 84): null

26-05-2025T09:34:01 - [TEST_STEP][PASSED] - else if (a == 83 || a == 52 || a == 72 || a == 28 || a == 73 || a == 77 || a == 74 || a == 65 || a == 36 || a == 44 || a == 53 || a == 80 || a == 54 || a == 1 || a == 18 || a == 59 || a == 81): null

26-05-2025T09:34:01 - [TEST_STEP][PASSED] - else: null

26-05-2025T09:34:01 - [TEST_STEP][PASSED] - path = dataFolder + typeOfData + " за отчётный период " + b: null

26-05-2025T09:34:01 - [TEST_STEP][PASSED] - page = getText(findTestObject(path)): Text of object 'Object Repository/Выполнение бизнес-плана/Значения со страницы Выполнение бизнес-плана/План Потери за отчётный период Ульяновские РС' is: '32 541'

26-05-2025T09:34:01 - [MESSAGE][PASSED] - Text of object 'Object Repository/Выполнение бизнес-плана/Значения со страницы Выполнение бизнес-плана/План Потери за отчётный период Ульяновские РС' is: '32 541'

26-05-2025T09:34:01 - [TEST_STEP][PASSED] - if (page == "" || page == null): null

26-05-2025T09:34:01 - [TEST_STEP][PASSED] - else: null

26-05-2025T09:34:01 - [TEST_STEP][PASSED] - page = page.replaceAll("\s+", ""): null

26-05-2025T09:34:01 - [TEST_STEP][PASSED] - if (page == "undefined"): null

26-05-2025T09:34:01 - [TEST_STEP][PASSED] - filePoteri = poteri.toInteger(): null

26-05-2025T09:34:01 - [TEST_STEP][PASSED] - pagePoteri = page.toInteger(): null

26-05-2025T09:34:01 - [TEST_STEP][PASSED] - compare = pageOtpuskVSet: null

26-05-2025T09:34:01 - [TEST_STEP][PASSED] - if (pageOtpuskVSet != null): null

26-05-2025T09:34:01 - [TEST_STEP][PASSED] - if (compare == fileOtpuskVSet): null

26-05-2025T09:34:01 - [TEST_STEP][PASSED] - else if (compare > fileOtpuskVSet): null

26-05-2025T09:34:01 - [TEST_STEP][PASSED] - else if (compare < fileOtpuskVSet): null

26-05-2025T09:34:01 - [TEST_STEP][PASSED] - compare = compare + 1: null

26-05-2025T09:34:01 - [TEST_STEP][PASSED] - if (compare == fileOtpuskVSet): null

26-05-2025T09:34:01 - [TEST_STEP][PASSED] - else: null

26-05-2025T09:34:01 - [TEST_STEP][PASSED] - numberOfErrors = numberOfErrors + 1: null

26-05-2025T09:34:01 - [TEST_STEP][PASSED] - pageInt = pageOtpuskVSet: null

26-05-2025T09:34:01 - [TEST_STEP][PASSED] - fileInt = fileOtpuskVSet: null

26-05-2025T09:34:01 - [TEST_STEP][PASSED] - typeOfData = typeOfDataMain + " Отпуск в сеть": null

26-05-2025T09:34:01 - [TEST_STEP][PASSED] - Script1718980020443.WriteToExcel(a, typeOfData, todaysDate, pageInt, fileInt, pageDouble, fileDouble, dZO): null

26-05-2025T09:34:01 - [TEST_STEP][PASSED] - sheetName = "Sheet1": null

26-05-2025T09:34:01 - [TEST_STEP][PASSED] - data = findTestData("PlanFact"): null

26-05-2025T09:34:01 - [TEST_STEP][PASSED] - n = data.getRowNumbers() + 1: null

26-05-2025T09:34:01 - [TEST_STEP][PASSED] - day = ")).toInteger(): null

26-05-2025T09:34:01 - [TEST_STEP][PASSED] - println(day): null

26-05-2025T09:34:01 - [TEST_STEP][PASSED] - month = ")).toInteger(): null

26-05-2025T09:34:01 - [TEST_STEP][PASSED] - println(month): null

26-05-2025T09:34:01 - [TEST_STEP][PASSED] - y = <not implemented yet for class: org.codehaus.groovy.ast.expr.EmptyExpression>: null

26-05-2025T09:34:01 - [TEST_STEP][PASSED] - iy = <not implemented yet for class: org.codehaus.groovy.ast.expr.EmptyExpression>: null

26-05-2025T09:34:01 - [TEST_STEP][PASSED] - m = getText(findTestObject("Выполнение бизнес-плана/Период")): Text of object 'Object Repository/Выполнение бизнес-плана/Период' is: '1 кв. 2025 года'

26-05-2025T09:34:02 - [MESSAGE][PASSED] - Text of object 'Object Repository/Выполнение бизнес-плана/Период' is: '1 кв. 2025 года'

26-05-2025T09:34:02 - [TEST_STEP][PASSED] - iy = m.indexOf("20"): null

26-05-2025T09:34:02 - [TEST_STEP][PASSED] - if (iy > -1): null

26-05-2025T09:34:02 - [TEST_STEP][PASSED] - y = substring(iy, iy + 4).toInteger(): null

26-05-2025T09:34:02 - [TEST_STEP][PASSED] - println(y): null

26-05-2025T09:34:02 - [TEST_STEP][PASSED] - if (toString().length() == 4): null

26-05-2025T09:34:02 - [TEST_STEP][PASSED] - m = m.substring(0, m.indexOf(y.toString())): null

26-05-2025T09:34:02 - [TEST_STEP][PASSED] - m = m.trim(): null

26-05-2025T09:34:02 - [TEST_STEP][PASSED] - if (m == ""): null

26-05-2025T09:34:02 - [TEST_STEP][PASSED] - dashboardName = "Выполнение бизнес-плана": null

26-05-2025T09:34:02 - [TEST_STEP][PASSED] - workbook01 = getWorkbook(excelFilePath): null

26-05-2025T09:34:02 - [TEST_STEP][PASSED] - sheet01 = getExcelSheet(workbook01, sheetName): null

26-05-2025T09:34:02 - [TEST_STEP][PASSED] - setValueToCellByIndex(sheet01, n, 0, dashboardName): null

26-05-2025T09:34:02 - [TEST_STEP][PASSED] - setValueToCellByIndex(sheet01, n, 1, dZO): null

26-05-2025T09:34:02 - [TEST_STEP][PASSED] - setValueToCellByIndex(sheet01, n, 2, typeOfData): null

26-05-2025T09:34:02 - [TEST_STEP][PASSED] - if (typeOfData == "Факт в процентах" || typeOfData == "План в процентах"): null

26-05-2025T09:34:02 - [TEST_STEP][PASSED] - else: null

26-05-2025T09:34:02 - [TEST_STEP][PASSED] - setValueToCellByIndex(sheet01, n, 3, fileInt): null

26-05-2025T09:34:02 - [TEST_STEP][PASSED] - setValueToCellByIndex(sheet01, n, 4, pageInt): null

26-05-2025T09:34:02 - [TEST_STEP][PASSED] - setValueToCellByIndex(sheet01, n, 5, m): null

26-05-2025T09:34:02 - [TEST_STEP][PASSED] - setValueToCellByIndex(sheet01, n, 6, y): null

26-05-2025T09:34:02 - [TEST_STEP][PASSED] - setValueToCellByIndex(sheet01, n, 7, todaysDate): null

26-05-2025T09:34:02 - [TEST_STEP][PASSED] - n = n + 1: null

26-05-2025T09:34:02 - [TEST_STEP][PASSED] - saveWorkbook(excelFilePath, workbook01): null

26-05-2025T09:34:02 - [TEST_STEP][PASSED] - compare = pagePoteri: null

26-05-2025T09:34:02 - [TEST_STEP][PASSED] - if (pageOtpuskVSet != null): null

26-05-2025T09:34:02 - [TEST_STEP][PASSED] - if (compare == filePoteri): null

26-05-2025T09:34:02 - [TEST_STEP][PASSED] - else if (compare > filePoteri): null

26-05-2025T09:34:02 - [TEST_STEP][PASSED] - else if (compare < filePoteri): null

26-05-2025T09:34:02 - [TEST_STEP][PASSED] - compare = compare + 1: null

26-05-2025T09:34:02 - [TEST_STEP][PASSED] - if (compare == filePoteri): null

26-05-2025T09:34:02 - [TEST_STEP][PASSED] - else: null

26-05-2025T09:34:02 - [TEST_STEP][PASSED] - numberOfErrors = numberOfErrors + 1: null

26-05-2025T09:34:02 - [TEST_STEP][PASSED] - pageInt = pagePoteri: null

26-05-2025T09:34:02 - [TEST_STEP][PASSED] - fileInt = filePoteri: null

26-05-2025T09:34:02 - [TEST_STEP][PASSED] - typeOfData = typeOfDataMain + " Потери": null

26-05-2025T09:34:02 - [TEST_STEP][PASSED] - Script1718980020443.WriteToExcel(a, typeOfData, todaysDate, pageInt, fileInt, pageDouble, fileDouble, dZO): null

26-05-2025T09:34:02 - [TEST_STEP][PASSED] - sheetName = "Sheet1": null

26-05-2025T09:34:02 - [TEST_STEP][PASSED] - data = findTestData("PlanFact"): null

26-05-2025T09:34:02 - [TEST_STEP][PASSED] - n = data.getRowNumbers() + 1: null

26-05-2025T09:34:02 - [TEST_STEP][PASSED] - day = ")).toInteger(): null

26-05-2025T09:34:02 - [TEST_STEP][PASSED] - println(day): null

26-05-2025T09:34:02 - [TEST_STEP][PASSED] - month = ")).toInteger(): null

26-05-2025T09:34:02 - [TEST_STEP][PASSED] - println(month): null

26-05-2025T09:34:02 - [TEST_STEP][PASSED] - y = <not implemented yet for class: org.codehaus.groovy.ast.expr.EmptyExpression>: null

26-05-2025T09:34:02 - [TEST_STEP][PASSED] - iy = <not implemented yet for class: org.codehaus.groovy.ast.expr.EmptyExpression>: null

26-05-2025T09:34:02 - [TEST_STEP][PASSED] - m = getText(findTestObject("Выполнение бизнес-плана/Период")): Text of object 'Object Repository/Выполнение бизнес-плана/Период' is: '1 кв. 2025 года'

26-05-2025T09:34:02 - [MESSAGE][PASSED] - Text of object 'Object Repository/Выполнение бизнес-плана/Период' is: '1 кв. 2025 года'

26-05-2025T09:34:02 - [TEST_STEP][PASSED] - iy = m.indexOf("20"): null

26-05-2025T09:34:02 - [TEST_STEP][PASSED] - if (iy > -1): null

26-05-2025T09:34:02 - [TEST_STEP][PASSED] - y = substring(iy, iy + 4).toInteger(): null

26-05-2025T09:34:02 - [TEST_STEP][PASSED] - println(y): null

26-05-2025T09:34:02 - [TEST_STEP][PASSED] - if (toString().length() == 4): null

26-05-2025T09:34:02 - [TEST_STEP][PASSED] - m = m.substring(0, m.indexOf(y.toString())): null

26-05-2025T09:34:02 - [TEST_STEP][PASSED] - m = m.trim(): null

26-05-2025T09:34:02 - [TEST_STEP][PASSED] - if (m == ""): null

26-05-2025T09:34:02 - [TEST_STEP][PASSED] - dashboardName = "Выполнение бизнес-плана": null

26-05-2025T09:34:02 - [TEST_STEP][PASSED] - workbook01 = getWorkbook(excelFilePath): null

26-05-2025T09:34:02 - [TEST_STEP][PASSED] - sheet01 = getExcelSheet(workbook01, sheetName): null

26-05-2025T09:34:02 - [TEST_STEP][PASSED] - setValueToCellByIndex(sheet01, n, 0, dashboardName): null

26-05-2025T09:34:02 - [TEST_STEP][PASSED] - setValueToCellByIndex(sheet01, n, 1, dZO): null

26-05-2025T09:34:02 - [TEST_STEP][PASSED] - setValueToCellByIndex(sheet01, n, 2, typeOfData): null

26-05-2025T09:34:02 - [TEST_STEP][PASSED] - if (typeOfData == "Факт в процентах" || typeOfData == "План в процентах"): null

26-05-2025T09:34:02 - [TEST_STEP][PASSED] - else: null

26-05-2025T09:34:02 - [TEST_STEP][PASSED] - setValueToCellByIndex(sheet01, n, 3, fileInt): null

26-05-2025T09:34:02 - [TEST_STEP][PASSED] - setValueToCellByIndex(sheet01, n, 4, pageInt): null

26-05-2025T09:34:02 - [TEST_STEP][PASSED] - setValueToCellByIndex(sheet01, n, 5, m): null

26-05-2025T09:34:02 - [TEST_STEP][PASSED] - setValueToCellByIndex(sheet01, n, 6, y): null

26-05-2025T09:34:02 - [TEST_STEP][PASSED] - setValueToCellByIndex(sheet01, n, 7, todaysDate): null

26-05-2025T09:34:02 - [TEST_STEP][PASSED] - n = n + 1: null

26-05-2025T09:34:02 - [TEST_STEP][PASSED] - saveWorkbook(excelFilePath, workbook01): Object: 'Object Repository/Выполнение бизнес-плана/Кнопка Факт' is clicked on

26-05-2025T09:34:03 - [TEST_STEP][PASSED] - if (planFact == 2): Object: 'Object Repository/Выполнение бизнес-плана/Кнопка Факт' is clicked on

26-05-2025T09:34:03 - [TEST_STEP][PASSED] - click(findTestObject("Выполнение бизнес-плана/Кнопка Факт")): Object: 'Object Repository/Выполнение бизнес-плана/Кнопка Факт' is clicked on

26-05-2025T09:34:03 - [MESSAGE][PASSED] - Object: 'Object Repository/Выполнение бизнес-плана/Кнопка Факт' is clicked on

26-05-2025T09:34:03 - [TEST_STEP][PASSED] - println("a=" + a): null

26-05-2025T09:34:03 - [TEST_STEP][PASSED] - if (a == 84 || a == 82): null

26-05-2025T09:34:03 - [TEST_STEP][PASSED] - else if (a == 83 || a == 52 || a == 72 || a == 28 || a == 73 || a == 77 || a == 74 || a == 65 || a == 36 || a == 44 || a == 53 || a == 80 || a == 54 || a == 1 || a == 18 || a == 59 || a == 81): null

26-05-2025T09:34:03 - [TEST_STEP][PASSED] - else: null

26-05-2025T09:34:03 - [TEST_STEP][PASSED] - page1 = getText(findTestObject("Object Repository/Выполнение бизнес-плана/spanPlan" + filialNum)): Text of object 'Object Repository/Выполнение бизнес-плана/spanPlan6' is: '7.41
|'

26-05-2025T09:34:03 - [MESSAGE][PASSED] - Text of object 'Object Repository/Выполнение бизнес-плана/spanPlan6' is: '7.41
|'

26-05-2025T09:34:03 - [TEST_STEP][PASSED] - if (page1 == null): null

26-05-2025T09:34:03 - [TEST_STEP][PASSED] - else: null

26-05-2025T09:34:03 - [TEST_STEP][PASSED] - page1 = page1.replace("|", ""): null

26-05-2025T09:34:03 - [TEST_STEP][PASSED] - page2 = getText(findTestObject("Object Repository/Выполнение бизнес-плана/spanFact" + filialNum)): Text of object 'Object Repository/Выполнение бизнес-плана/spanFact6' is: '5.53
|'

26-05-2025T09:34:04 - [MESSAGE][PASSED] - Text of object 'Object Repository/Выполнение бизнес-плана/spanFact6' is: '5.53
|'

26-05-2025T09:34:04 - [TEST_STEP][PASSED] - if (page2 == null): null

26-05-2025T09:34:04 - [TEST_STEP][PASSED] - else: null

26-05-2025T09:34:04 - [TEST_STEP][PASSED] - page2 = page2.replace("|", ""): null

26-05-2025T09:34:04 - [TEST_STEP][PASSED] - println("page1: " + page1): null

26-05-2025T09:34:04 - [TEST_STEP][PASSED] - println("page2: " + page2): null

26-05-2025T09:34:04 - [TEST_STEP][PASSED] - file = findTestData("PlanFact").getValue(4, a): null

26-05-2025T09:34:04 - [TEST_STEP][PASSED] - file = file.replace(",", "."): null

26-05-2025T09:34:04 - [TEST_STEP][PASSED] - println("file Plan: " + file): null

26-05-2025T09:34:04 - [TEST_STEP][PASSED] - typeOfData = "План в процентах": null

26-05-2025T09:34:04 - [TEST_STEP][PASSED] - fileDouble = file.toDouble(): null

26-05-2025T09:34:04 - [TEST_STEP][PASSED] - pageDouble = page1.toDouble(): null

26-05-2025T09:34:04 - [TEST_STEP][PASSED] - if (fileDouble != pageDouble): null

26-05-2025T09:34:04 - [TEST_STEP][PASSED] - numberOfErrors = numberOfErrors + 1: null

26-05-2025T09:34:04 - [TEST_STEP][PASSED] - Script1718980020443.WriteToExcel(a, typeOfData, todaysDate, pageInt, fileInt, pageDouble, fileDouble, dZO): null

26-05-2025T09:34:04 - [TEST_STEP][PASSED] - sheetName = "Sheet1": null

26-05-2025T09:34:04 - [TEST_STEP][PASSED] - data = findTestData("PlanFact"): null

26-05-2025T09:34:04 - [TEST_STEP][PASSED] - n = data.getRowNumbers() + 1: null

26-05-2025T09:34:04 - [TEST_STEP][PASSED] - day = ")).toInteger(): null

26-05-2025T09:34:04 - [TEST_STEP][PASSED] - println(day): null

26-05-2025T09:34:04 - [TEST_STEP][PASSED] - month = ")).toInteger(): null

26-05-2025T09:34:04 - [TEST_STEP][PASSED] - println(month): null

26-05-2025T09:34:04 - [TEST_STEP][PASSED] - y = <not implemented yet for class: org.codehaus.groovy.ast.expr.EmptyExpression>: null

26-05-2025T09:34:04 - [TEST_STEP][PASSED] - iy = <not implemented yet for class: org.codehaus.groovy.ast.expr.EmptyExpression>: null

26-05-2025T09:34:04 - [TEST_STEP][PASSED] - m = getText(findTestObject("Выполнение бизнес-плана/Период")): Text of object 'Object Repository/Выполнение бизнес-плана/Период' is: '1 кв. 2025 года'

26-05-2025T09:34:04 - [MESSAGE][PASSED] - Text of object 'Object Repository/Выполнение бизнес-плана/Период' is: '1 кв. 2025 года'

26-05-2025T09:34:04 - [TEST_STEP][PASSED] - iy = m.indexOf("20"): null

26-05-2025T09:34:04 - [TEST_STEP][PASSED] - if (iy > -1): null

26-05-2025T09:34:04 - [TEST_STEP][PASSED] - y = substring(iy, iy + 4).toInteger(): null

26-05-2025T09:34:04 - [TEST_STEP][PASSED] - println(y): null

26-05-2025T09:34:04 - [TEST_STEP][PASSED] - if (toString().length() == 4): null

26-05-2025T09:34:04 - [TEST_STEP][PASSED] - m = m.substring(0, m.indexOf(y.toString())): null

26-05-2025T09:34:04 - [TEST_STEP][PASSED] - m = m.trim(): null

26-05-2025T09:34:04 - [TEST_STEP][PASSED] - if (m == ""): null

26-05-2025T09:34:04 - [TEST_STEP][PASSED] - dashboardName = "Выполнение бизнес-плана": null

26-05-2025T09:34:04 - [TEST_STEP][PASSED] - workbook01 = getWorkbook(excelFilePath): null

26-05-2025T09:34:04 - [TEST_STEP][PASSED] - sheet01 = getExcelSheet(workbook01, sheetName): null

26-05-2025T09:34:04 - [TEST_STEP][PASSED] - setValueToCellByIndex(sheet01, n, 0, dashboardName): null

26-05-2025T09:34:04 - [TEST_STEP][PASSED] - setValueToCellByIndex(sheet01, n, 1, dZO): null

26-05-2025T09:34:04 - [TEST_STEP][PASSED] - setValueToCellByIndex(sheet01, n, 2, typeOfData): null

26-05-2025T09:34:04 - [TEST_STEP][PASSED] - if (typeOfData == "Факт в процентах" || typeOfData == "План в процентах"): null

26-05-2025T09:34:04 - [TEST_STEP][PASSED] - setValueToCellByIndex(sheet01, n, 3, fileDouble): null

26-05-2025T09:34:04 - [TEST_STEP][PASSED] - setValueToCellByIndex(sheet01, n, 4, pageDouble): null

26-05-2025T09:34:04 - [TEST_STEP][PASSED] - setValueToCellByIndex(sheet01, n, 5, m): null

26-05-2025T09:34:04 - [TEST_STEP][PASSED] - setValueToCellByIndex(sheet01, n, 6, y): null

26-05-2025T09:34:04 - [TEST_STEP][PASSED] - setValueToCellByIndex(sheet01, n, 7, todaysDate): null

26-05-2025T09:34:04 - [TEST_STEP][PASSED] - n = n + 1: null

26-05-2025T09:34:04 - [TEST_STEP][PASSED] - saveWorkbook(excelFilePath, workbook01): null

26-05-2025T09:34:04 - [TEST_STEP][PASSED] - file = findTestData("PlanFact").getValue(7, a): null

26-05-2025T09:34:04 - [TEST_STEP][PASSED] - file = file.replace(",", "."): null

26-05-2025T09:34:04 - [TEST_STEP][PASSED] - println("file Fact: " + file): null

26-05-2025T09:34:04 - [TEST_STEP][PASSED] - fileDouble = file.toDouble(): null

26-05-2025T09:34:04 - [TEST_STEP][PASSED] - typeOfData = "Факт в процентах": null

26-05-2025T09:34:04 - [TEST_STEP][PASSED] - fileDouble = file.toDouble(): null

26-05-2025T09:34:04 - [TEST_STEP][PASSED] - pageDouble = page2.toDouble(): null

26-05-2025T09:34:04 - [TEST_STEP][PASSED] - if (fileDouble != pageDouble): null

26-05-2025T09:34:04 - [TEST_STEP][PASSED] - numberOfErrors = numberOfErrors + 1: null

26-05-2025T09:34:04 - [TEST_STEP][PASSED] - Script1718980020443.WriteToExcel(a, typeOfData, todaysDate, pageInt, fileInt, pageDouble, fileDouble, dZO): null

26-05-2025T09:34:04 - [TEST_STEP][PASSED] - sheetName = "Sheet1": null

26-05-2025T09:34:04 - [TEST_STEP][PASSED] - data = findTestData("PlanFact"): null

26-05-2025T09:34:04 - [TEST_STEP][PASSED] - n = data.getRowNumbers() + 1: null

26-05-2025T09:34:04 - [TEST_STEP][PASSED] - day = ")).toInteger(): null

26-05-2025T09:34:04 - [TEST_STEP][PASSED] - println(day): null

26-05-2025T09:34:04 - [TEST_STEP][PASSED] - month = ")).toInteger(): null

26-05-2025T09:34:04 - [TEST_STEP][PASSED] - println(month): null

26-05-2025T09:34:04 - [TEST_STEP][PASSED] - y = <not implemented yet for class: org.codehaus.groovy.ast.expr.EmptyExpression>: null

26-05-2025T09:34:04 - [TEST_STEP][PASSED] - iy = <not implemented yet for class: org.codehaus.groovy.ast.expr.EmptyExpression>: null

26-05-2025T09:34:04 - [TEST_STEP][PASSED] - m = getText(findTestObject("Выполнение бизнес-плана/Период")): Text of object 'Object Repository/Выполнение бизнес-плана/Период' is: '1 кв. 2025 года'

26-05-2025T09:34:05 - [MESSAGE][PASSED] - Text of object 'Object Repository/Выполнение бизнес-плана/Период' is: '1 кв. 2025 года'

26-05-2025T09:34:05 - [TEST_STEP][PASSED] - iy = m.indexOf("20"): null

26-05-2025T09:34:05 - [TEST_STEP][PASSED] - if (iy > -1): null

26-05-2025T09:34:05 - [TEST_STEP][PASSED] - y = substring(iy, iy + 4).toInteger(): null

26-05-2025T09:34:05 - [TEST_STEP][PASSED] - println(y): null

26-05-2025T09:34:05 - [TEST_STEP][PASSED] - if (toString().length() == 4): null

26-05-2025T09:34:05 - [TEST_STEP][PASSED] - m = m.substring(0, m.indexOf(y.toString())): null

26-05-2025T09:34:05 - [TEST_STEP][PASSED] - m = m.trim(): null

26-05-2025T09:34:05 - [TEST_STEP][PASSED] - if (m == ""): null

26-05-2025T09:34:05 - [TEST_STEP][PASSED] - dashboardName = "Выполнение бизнес-плана": null

26-05-2025T09:34:05 - [TEST_STEP][PASSED] - workbook01 = getWorkbook(excelFilePath): null

26-05-2025T09:34:05 - [TEST_STEP][PASSED] - sheet01 = getExcelSheet(workbook01, sheetName): null

26-05-2025T09:34:05 - [TEST_STEP][PASSED] - setValueToCellByIndex(sheet01, n, 0, dashboardName): null

26-05-2025T09:34:05 - [TEST_STEP][PASSED] - setValueToCellByIndex(sheet01, n, 1, dZO): null

26-05-2025T09:34:05 - [TEST_STEP][PASSED] - setValueToCellByIndex(sheet01, n, 2, typeOfData): null

26-05-2025T09:34:05 - [TEST_STEP][PASSED] - if (typeOfData == "Факт в процентах" || typeOfData == "План в процентах"): null

26-05-2025T09:34:05 - [TEST_STEP][PASSED] - setValueToCellByIndex(sheet01, n, 3, fileDouble): null

26-05-2025T09:34:05 - [TEST_STEP][PASSED] - setValueToCellByIndex(sheet01, n, 4, pageDouble): null

26-05-2025T09:34:05 - [TEST_STEP][PASSED] - setValueToCellByIndex(sheet01, n, 5, m): null

26-05-2025T09:34:05 - [TEST_STEP][PASSED] - setValueToCellByIndex(sheet01, n, 6, y): null

26-05-2025T09:34:05 - [TEST_STEP][PASSED] - setValueToCellByIndex(sheet01, n, 7, todaysDate): null

26-05-2025T09:34:05 - [TEST_STEP][PASSED] - n = n + 1: null

26-05-2025T09:34:05 - [TEST_STEP][PASSED] - saveWorkbook(excelFilePath, workbook01): null

26-05-2025T09:34:05 - [TEST_STEP][FAILED] - if (verifyEqual(numberOfErrors, 0) == false): null

26-05-2025T09:34:05 - [MESSAGE][FAILED] - Unable to verify equal between actual object '6' and expected object '0' (Root cause: com.kms.katalon.core.exception.StepFailedException: Actual object '6' and expected object '0' are not equal
	at com.kms.katalon.core.keyword.builtin.VerifyEqualKeyword$_verifyEqual_closure1.doCall(VerifyEqualKeyword.groovy:58)
	at com.kms.katalon.core.keyword.builtin.VerifyEqualKeyword$_verifyEqual_closure1.call(VerifyEqualKeyword.groovy)
	at com.kms.katalon.core.keyword.internal.KeywordMain.runKeyword(KeywordMain.groovy:75)
	at com.kms.katalon.core.keyword.builtin.VerifyEqualKeyword.verifyEqual(VerifyEqualKeyword.groovy:63)
	at com.kms.katalon.core.keyword.builtin.VerifyEqualKeyword.execute(VerifyEqualKeyword.groovy:44)
	at com.kms.katalon.core.keyword.internal.KeywordExecutor.executeKeywordForPlatform(KeywordExecutor.groovy:74)
	at com.kms.katalon.core.keyword.BuiltinKeywords.verifyEqual(BuiltinKeywords.groovy:146)
	at jdk.internal.reflect.GeneratedMethodAccessor23.invoke(Unknown Source)
	at java.base/jdk.internal.reflect.DelegatingMethodAccessorImpl.invoke(DelegatingMethodAccessorImpl.java:43)
	at Выполнение бизнес-плана Сверка ПАО Россети все филиалы.Numbers(Выполнение бизнес-плана Сверка ПАО Россети все филиалы:749)
	at Выполнение бизнес-плана Сверка ПАО Россети все филиалы.Filials(Выполнение бизнес-плана Сверка ПАО Россети все филиалы:998)
	at Выполнение бизнес-плана Сверка ПАО Россети все филиалы.Numbers(Выполнение бизнес-плана Сверка ПАО Россети все филиалы:756)
	at Выполнение бизнес-плана Сверка ПАО Россети все филиалы.run(Выполнение бизнес-плана Сверка ПАО Россети все филиалы:227)
	at com.kms.katalon.core.main.ScriptEngine.run(ScriptEngine.java:194)
	at com.kms.katalon.core.main.ScriptEngine.runScriptAsRawText(ScriptEngine.java:119)
	at com.kms.katalon.core.main.TestCaseExecutor.runScript(TestCaseExecutor.java:448)
	at com.kms.katalon.core.main.TestCaseExecutor.doExecute(TestCaseExecutor.java:439)
	at com.kms.katalon.core.main.TestCaseExecutor.processExecutionPhase(TestCaseExecutor.java:418)
	at com.kms.katalon.core.main.TestCaseExecutor.accessMainPhase(TestCaseExecutor.java:410)
	at com.kms.katalon.core.main.TestCaseExecutor.execute(TestCaseExecutor.java:285)
	at com.kms.katalon.core.common.CommonExecutor.accessTestCaseMainPhase(CommonExecutor.java:65)
	at com.kms.katalon.core.main.TestSuiteExecutor.accessTestSuiteMainPhase(TestSuiteExecutor.java:150)
	at com.kms.katalon.core.main.TestSuiteExecutor.execute(TestSuiteExecutor.java:106)
	at com.kms.katalon.core.main.TestCaseMain.startTestSuite(TestCaseMain.java:180)
	at TempTestSuite1748228991768.run(TempTestSuite1748228991768.groovy:35)
	at java.base/jdk.internal.reflect.NativeMethodAccessorImpl.invoke0(Native Method)
	at java.base/jdk.internal.reflect.NativeMethodAccessorImpl.invoke(NativeMethodAccessorImpl.java:77)
	at java.base/jdk.internal.reflect.DelegatingMethodAccessorImpl.invoke(DelegatingMethodAccessorImpl.java:43)
)

26-05-2025T09:34:05 - [TEST_STEP][PASSED] - println(numberOfErrors): null

26-05-2025T09:34:05 - [TEST_STEP][PASSED] - println("a=" + a): null

26-05-2025T09:34:05 - [TEST_STEP][PASSED] - if (a == 28 || a == 77 || a == 74 || a == 65 || a == 36 || a == 44 || a == 54 || a == 1 || a == 18 || a == 59): null

26-05-2025T09:34:05 - [TEST_STEP][PASSED] - if (a == 82): null

26-05-2025T09:34:05 - [TEST_STEP][PASSED] - dZO = "Чувашэнерго": null

26-05-2025T09:34:05 - [TEST_STEP][PASSED] - a = 35: null

26-05-2025T09:34:05 - [TEST_STEP][PASSED] - if (x2.contains(dZO)): null

26-05-2025T09:34:05 - [TEST_STEP][PASSED] - filialNum = filialNum + 1: null

26-05-2025T09:34:05 - [TEST_STEP][PASSED] - Script1718980020443.Numbers(a, typeOfData, todaysDate, pageInt, fileInt, pageDouble, fileDouble, dZO, dzoNum, filialNum): null

26-05-2025T09:34:05 - [TEST_STEP][PASSED] - println(dzoNum): null

26-05-2025T09:34:05 - [TEST_STEP][PASSED] - planFact = <not implemented yet for class: org.codehaus.groovy.ast.expr.EmptyExpression>: null

26-05-2025T09:34:05 - [TEST_STEP][PASSED] - page = <not implemented yet for class: org.codehaus.groovy.ast.expr.EmptyExpression>: null

26-05-2025T09:34:05 - [TEST_STEP][PASSED] - page1 = <not implemented yet for class: org.codehaus.groovy.ast.expr.EmptyExpression>: null

26-05-2025T09:34:05 - [TEST_STEP][PASSED] - page2 = <not implemented yet for class: org.codehaus.groovy.ast.expr.EmptyExpression>: null

26-05-2025T09:34:05 - [TEST_STEP][PASSED] - filialNumberInRow = <not implemented yet for class: org.codehaus.groovy.ast.expr.EmptyExpression>: null

26-05-2025T09:34:05 - [TEST_STEP][PASSED] - filialsDzoNames = <not implemented yet for class: org.codehaus.groovy.ast.expr.EmptyExpression>: null

26-05-2025T09:34:05 - [TEST_STEP][PASSED] - numberOfFilials = <not implemented yet for class: org.codehaus.groovy.ast.expr.EmptyExpression>: null

26-05-2025T09:34:05 - [TEST_STEP][PASSED] - numberOfSpaces = <not implemented yet for class: org.codehaus.groovy.ast.expr.EmptyExpression>: null

26-05-2025T09:34:05 - [TEST_STEP][PASSED] - file = <not implemented yet for class: org.codehaus.groovy.ast.expr.EmptyExpression>: null

26-05-2025T09:34:05 - [TEST_STEP][PASSED] - otpusk = <not implemented yet for class: org.codehaus.groovy.ast.expr.EmptyExpression>: null

26-05-2025T09:34:05 - [TEST_STEP][PASSED] - poteri = <not implemented yet for class: org.codehaus.groovy.ast.expr.EmptyExpression>: null

26-05-2025T09:34:05 - [TEST_STEP][PASSED] - dataFolder = "Выполнение бизнес-плана/Значения со страницы Выполнение бизнес-плана/": null

26-05-2025T09:34:05 - [TEST_STEP][PASSED] - path = <not implemented yet for class: org.codehaus.groovy.ast.expr.EmptyExpression>: null

26-05-2025T09:34:05 - [TEST_STEP][PASSED] - typeOfDataMain = <not implemented yet for class: org.codehaus.groovy.ast.expr.EmptyExpression>: null

26-05-2025T09:34:05 - [TEST_STEP][PASSED] - fileOtpuskVSet = <not implemented yet for class: org.codehaus.groovy.ast.expr.EmptyExpression>: null

26-05-2025T09:34:05 - [TEST_STEP][PASSED] - pageOtpuskVSet = <not implemented yet for class: org.codehaus.groovy.ast.expr.EmptyExpression>: null

26-05-2025T09:34:05 - [TEST_STEP][PASSED] - filePoteri = <not implemented yet for class: org.codehaus.groovy.ast.expr.EmptyExpression>: null

26-05-2025T09:34:05 - [TEST_STEP][PASSED] - pagePoteri = <not implemented yet for class: org.codehaus.groovy.ast.expr.EmptyExpression>: null

26-05-2025T09:34:05 - [TEST_STEP][PASSED] - compare = <not implemented yet for class: org.codehaus.groovy.ast.expr.EmptyExpression>: null

26-05-2025T09:34:05 - [TEST_STEP][PASSED] - b = <not implemented yet for class: org.codehaus.groovy.ast.expr.EmptyExpression>: null

26-05-2025T09:34:05 - [TEST_STEP][PASSED] - i = <not implemented yet for class: org.codehaus.groovy.ast.expr.EmptyExpression>: null

26-05-2025T09:34:05 - [TEST_STEP][PASSED] - ii = <not implemented yet for class: org.codehaus.groovy.ast.expr.EmptyExpression>: null

26-05-2025T09:34:05 - [TEST_STEP][PASSED] - c = <not implemented yet for class: org.codehaus.groovy.ast.expr.EmptyExpression>: null

26-05-2025T09:34:05 - [TEST_STEP][PASSED] - numberOfErrors = 0: null

26-05-2025T09:34:05 - [TEST_STEP][PASSED] - if (a == 82): null

26-05-2025T09:34:05 - [TEST_STEP][PASSED] - b = findTestData("PlanFact").getValue(1, a): null

26-05-2025T09:34:05 - [TEST_STEP][PASSED] - i = b.indexOf(" (ГК)"): null

26-05-2025T09:34:05 - [TEST_STEP][PASSED] - if (i > -1): null

26-05-2025T09:34:05 - [TEST_STEP][PASSED] - i = b.indexOf("О ""): null

26-05-2025T09:34:05 - [TEST_STEP][PASSED] - if (i > -1): null

26-05-2025T09:34:05 - [TEST_STEP][PASSED] - i = b.indexOf("О «"): null

26-05-2025T09:34:05 - [TEST_STEP][PASSED] - if (i > -1): null

26-05-2025T09:34:05 - [TEST_STEP][PASSED] - i = b.indexOf("г. "): null

26-05-2025T09:34:05 - [TEST_STEP][PASSED] - if (i > -1): null

26-05-2025T09:34:05 - [TEST_STEP][PASSED] - b = b.trim(): null

26-05-2025T09:34:05 - [TEST_STEP][PASSED] - println(b): null

26-05-2025T09:34:05 - [TEST_STEP][PASSED] - for ([planFact = 1, planFact < 3, (planFact++)]): null

26-05-2025T09:34:05 - [TEST_STEP][PASSED] - if (planFact == 1): null

26-05-2025T09:34:05 - [TEST_STEP][PASSED] - typeOfDataMain = "Факт": null

26-05-2025T09:34:05 - [TEST_STEP][PASSED] - otpusk = findTestData("PlanFact").getValue(5, a): null

26-05-2025T09:34:05 - [TEST_STEP][PASSED] - poteri = findTestData("PlanFact").getValue(6, a): null

26-05-2025T09:34:05 - [TEST_STEP][PASSED] - otpusk = otpusk.replaceAll("\s+", ""): null

26-05-2025T09:34:05 - [TEST_STEP][PASSED] - poteri = poteri.replaceAll("\s+", ""): null

26-05-2025T09:34:05 - [TEST_STEP][PASSED] - typeOfData = typeOfDataMain + " Отпуск в сеть": null

26-05-2025T09:34:05 - [TEST_STEP][PASSED] - if (a == 82): null

26-05-2025T09:34:05 - [TEST_STEP][PASSED] - else if (a == 84): null

26-05-2025T09:34:05 - [TEST_STEP][PASSED] - else if (a == 83 || a == 52 || a == 72 || a == 28 || a == 73 || a == 77 || a == 74 || a == 65 || a == 36 || a == 44 || a == 53 || a == 80 || a == 54 || a == 1 || a == 18 || a == 59 || a == 81): null

26-05-2025T09:34:05 - [TEST_STEP][PASSED] - else: null

26-05-2025T09:34:05 - [TEST_STEP][PASSED] - path = dataFolder + typeOfData + " за отчётный период " + b: null

26-05-2025T09:34:05 - [TEST_STEP][PASSED] - println(path): null

26-05-2025T09:34:05 - [TEST_STEP][PASSED] - page = getText(findTestObject(path)): Text of object 'Object Repository/Выполнение бизнес-плана/Значения со страницы Выполнение бизнес-плана/Факт Отпуск в сеть за отчётный период Чувашэнерго' is: '423 462'

26-05-2025T09:34:06 - [MESSAGE][PASSED] - Text of object 'Object Repository/Выполнение бизнес-плана/Значения со страницы Выполнение бизнес-плана/Факт Отпуск в сеть за отчётный период Чувашэнерго' is: '423 462'

26-05-2025T09:34:06 - [TEST_STEP][PASSED] - if (page == "" || page == null): null

26-05-2025T09:34:06 - [TEST_STEP][PASSED] - else: null

26-05-2025T09:34:06 - [TEST_STEP][PASSED] - page = page.replaceAll("\s+", ""): null

26-05-2025T09:34:06 - [TEST_STEP][PASSED] - if (page == "undefined"): null

26-05-2025T09:34:06 - [TEST_STEP][PASSED] - fileOtpuskVSet = otpusk.toInteger(): null

26-05-2025T09:34:06 - [TEST_STEP][PASSED] - pageOtpuskVSet = page.toInteger(): null

26-05-2025T09:34:06 - [TEST_STEP][PASSED] - typeOfData = typeOfDataMain + " Потери": null

26-05-2025T09:34:06 - [TEST_STEP][PASSED] - if (a == 82): null

26-05-2025T09:34:06 - [TEST_STEP][PASSED] - else if (a == 84): null

26-05-2025T09:34:06 - [TEST_STEP][PASSED] - else if (a == 83 || a == 52 || a == 72 || a == 28 || a == 73 || a == 77 || a == 74 || a == 65 || a == 36 || a == 44 || a == 53 || a == 80 || a == 54 || a == 1 || a == 18 || a == 59 || a == 81): null

26-05-2025T09:34:06 - [TEST_STEP][PASSED] - else: null

26-05-2025T09:34:06 - [TEST_STEP][PASSED] - path = dataFolder + typeOfData + " за отчётный период " + b: null

26-05-2025T09:34:06 - [TEST_STEP][PASSED] - page = getText(findTestObject(path)): Text of object 'Object Repository/Выполнение бизнес-плана/Значения со страницы Выполнение бизнес-плана/Факт Потери за отчётный период Чувашэнерго' is: '28 690'

26-05-2025T09:34:06 - [MESSAGE][PASSED] - Text of object 'Object Repository/Выполнение бизнес-плана/Значения со страницы Выполнение бизнес-плана/Факт Потери за отчётный период Чувашэнерго' is: '28 690'

26-05-2025T09:34:06 - [TEST_STEP][PASSED] - if (page == "" || page == null): null

26-05-2025T09:34:06 - [TEST_STEP][PASSED] - else: null

26-05-2025T09:34:06 - [TEST_STEP][PASSED] - page = page.replaceAll("\s+", ""): null

26-05-2025T09:34:06 - [TEST_STEP][PASSED] - if (page == "undefined"): null

26-05-2025T09:34:06 - [TEST_STEP][PASSED] - filePoteri = poteri.toInteger(): null

26-05-2025T09:34:06 - [TEST_STEP][PASSED] - pagePoteri = page.toInteger(): null

26-05-2025T09:34:06 - [TEST_STEP][PASSED] - compare = pageOtpuskVSet: null

26-05-2025T09:34:06 - [TEST_STEP][PASSED] - if (pageOtpuskVSet != null): null

26-05-2025T09:34:06 - [TEST_STEP][PASSED] - if (compare == fileOtpuskVSet): null

26-05-2025T09:34:06 - [TEST_STEP][PASSED] - else if (compare > fileOtpuskVSet): null

26-05-2025T09:34:06 - [TEST_STEP][PASSED] - else if (compare < fileOtpuskVSet): null

26-05-2025T09:34:06 - [TEST_STEP][PASSED] - compare = compare + 1: null

26-05-2025T09:34:06 - [TEST_STEP][PASSED] - if (compare == fileOtpuskVSet): null

26-05-2025T09:34:06 - [TEST_STEP][PASSED] - else: null

26-05-2025T09:34:06 - [TEST_STEP][PASSED] - numberOfErrors = numberOfErrors + 1: null

26-05-2025T09:34:06 - [TEST_STEP][PASSED] - pageInt = pageOtpuskVSet: null

26-05-2025T09:34:06 - [TEST_STEP][PASSED] - fileInt = fileOtpuskVSet: null

26-05-2025T09:34:06 - [TEST_STEP][PASSED] - typeOfData = typeOfDataMain + " Отпуск в сеть": null

26-05-2025T09:34:06 - [TEST_STEP][PASSED] - Script1718980020443.WriteToExcel(a, typeOfData, todaysDate, pageInt, fileInt, pageDouble, fileDouble, dZO): null

26-05-2025T09:34:06 - [TEST_STEP][PASSED] - sheetName = "Sheet1": null

26-05-2025T09:34:06 - [TEST_STEP][PASSED] - data = findTestData("PlanFact"): null

26-05-2025T09:34:06 - [TEST_STEP][PASSED] - n = data.getRowNumbers() + 1: null

26-05-2025T09:34:06 - [TEST_STEP][PASSED] - day = ")).toInteger(): null

26-05-2025T09:34:06 - [TEST_STEP][PASSED] - println(day): null

26-05-2025T09:34:06 - [TEST_STEP][PASSED] - month = ")).toInteger(): null

26-05-2025T09:34:06 - [TEST_STEP][PASSED] - println(month): null

26-05-2025T09:34:06 - [TEST_STEP][PASSED] - y = <not implemented yet for class: org.codehaus.groovy.ast.expr.EmptyExpression>: null

26-05-2025T09:34:06 - [TEST_STEP][PASSED] - iy = <not implemented yet for class: org.codehaus.groovy.ast.expr.EmptyExpression>: null

26-05-2025T09:34:06 - [TEST_STEP][PASSED] - m = getText(findTestObject("Выполнение бизнес-плана/Период")): Text of object 'Object Repository/Выполнение бизнес-плана/Период' is: '1 кв. 2025 года'

26-05-2025T09:34:06 - [MESSAGE][PASSED] - Text of object 'Object Repository/Выполнение бизнес-плана/Период' is: '1 кв. 2025 года'

26-05-2025T09:34:06 - [TEST_STEP][PASSED] - iy = m.indexOf("20"): null

26-05-2025T09:34:06 - [TEST_STEP][PASSED] - if (iy > -1): null

26-05-2025T09:34:06 - [TEST_STEP][PASSED] - y = substring(iy, iy + 4).toInteger(): null

26-05-2025T09:34:06 - [TEST_STEP][PASSED] - println(y): null

26-05-2025T09:34:06 - [TEST_STEP][PASSED] - if (toString().length() == 4): null

26-05-2025T09:34:06 - [TEST_STEP][PASSED] - m = m.substring(0, m.indexOf(y.toString())): null

26-05-2025T09:34:06 - [TEST_STEP][PASSED] - m = m.trim(): null

26-05-2025T09:34:06 - [TEST_STEP][PASSED] - if (m == ""): null

26-05-2025T09:34:06 - [TEST_STEP][PASSED] - dashboardName = "Выполнение бизнес-плана": null

26-05-2025T09:34:06 - [TEST_STEP][PASSED] - workbook01 = getWorkbook(excelFilePath): null

26-05-2025T09:34:06 - [TEST_STEP][PASSED] - sheet01 = getExcelSheet(workbook01, sheetName): null

26-05-2025T09:34:06 - [TEST_STEP][PASSED] - setValueToCellByIndex(sheet01, n, 0, dashboardName): null

26-05-2025T09:34:06 - [TEST_STEP][PASSED] - setValueToCellByIndex(sheet01, n, 1, dZO): null

26-05-2025T09:34:06 - [TEST_STEP][PASSED] - setValueToCellByIndex(sheet01, n, 2, typeOfData): null

26-05-2025T09:34:06 - [TEST_STEP][PASSED] - if (typeOfData == "Факт в процентах" || typeOfData == "План в процентах"): null

26-05-2025T09:34:06 - [TEST_STEP][PASSED] - else: null

26-05-2025T09:34:06 - [TEST_STEP][PASSED] - setValueToCellByIndex(sheet01, n, 3, fileInt): null

26-05-2025T09:34:06 - [TEST_STEP][PASSED] - setValueToCellByIndex(sheet01, n, 4, pageInt): null

26-05-2025T09:34:06 - [TEST_STEP][PASSED] - setValueToCellByIndex(sheet01, n, 5, m): null

26-05-2025T09:34:06 - [TEST_STEP][PASSED] - setValueToCellByIndex(sheet01, n, 6, y): null

26-05-2025T09:34:06 - [TEST_STEP][PASSED] - setValueToCellByIndex(sheet01, n, 7, todaysDate): null

26-05-2025T09:34:06 - [TEST_STEP][PASSED] - n = n + 1: null

26-05-2025T09:34:06 - [TEST_STEP][PASSED] - saveWorkbook(excelFilePath, workbook01): null

26-05-2025T09:34:07 - [TEST_STEP][PASSED] - compare = pagePoteri: null

26-05-2025T09:34:07 - [TEST_STEP][PASSED] - if (pageOtpuskVSet != null): null

26-05-2025T09:34:07 - [TEST_STEP][PASSED] - if (compare == filePoteri): null

26-05-2025T09:34:07 - [TEST_STEP][PASSED] - else if (compare > filePoteri): null

26-05-2025T09:34:07 - [TEST_STEP][PASSED] - else if (compare < filePoteri): null

26-05-2025T09:34:07 - [TEST_STEP][PASSED] - compare = compare + 1: null

26-05-2025T09:34:07 - [TEST_STEP][PASSED] - if (compare == filePoteri): null

26-05-2025T09:34:07 - [TEST_STEP][PASSED] - else: null

26-05-2025T09:34:07 - [TEST_STEP][PASSED] - numberOfErrors = numberOfErrors + 1: null

26-05-2025T09:34:07 - [TEST_STEP][PASSED] - pageInt = pagePoteri: null

26-05-2025T09:34:07 - [TEST_STEP][PASSED] - fileInt = filePoteri: null

26-05-2025T09:34:07 - [TEST_STEP][PASSED] - typeOfData = typeOfDataMain + " Потери": null

26-05-2025T09:34:07 - [TEST_STEP][PASSED] - Script1718980020443.WriteToExcel(a, typeOfData, todaysDate, pageInt, fileInt, pageDouble, fileDouble, dZO): null

26-05-2025T09:34:07 - [TEST_STEP][PASSED] - sheetName = "Sheet1": null

26-05-2025T09:34:07 - [TEST_STEP][PASSED] - data = findTestData("PlanFact"): null

26-05-2025T09:34:07 - [TEST_STEP][PASSED] - n = data.getRowNumbers() + 1: null

26-05-2025T09:34:07 - [TEST_STEP][PASSED] - day = ")).toInteger(): null

26-05-2025T09:34:07 - [TEST_STEP][PASSED] - println(day): null

26-05-2025T09:34:07 - [TEST_STEP][PASSED] - month = ")).toInteger(): null

26-05-2025T09:34:07 - [TEST_STEP][PASSED] - println(month): null

26-05-2025T09:34:07 - [TEST_STEP][PASSED] - y = <not implemented yet for class: org.codehaus.groovy.ast.expr.EmptyExpression>: null

26-05-2025T09:34:07 - [TEST_STEP][PASSED] - iy = <not implemented yet for class: org.codehaus.groovy.ast.expr.EmptyExpression>: null

26-05-2025T09:34:07 - [TEST_STEP][PASSED] - m = getText(findTestObject("Выполнение бизнес-плана/Период")): Text of object 'Object Repository/Выполнение бизнес-плана/Период' is: '1 кв. 2025 года'

26-05-2025T09:34:07 - [MESSAGE][PASSED] - Text of object 'Object Repository/Выполнение бизнес-плана/Период' is: '1 кв. 2025 года'

26-05-2025T09:34:07 - [TEST_STEP][PASSED] - iy = m.indexOf("20"): null

26-05-2025T09:34:07 - [TEST_STEP][PASSED] - if (iy > -1): null

26-05-2025T09:34:07 - [TEST_STEP][PASSED] - y = substring(iy, iy + 4).toInteger(): null

26-05-2025T09:34:07 - [TEST_STEP][PASSED] - println(y): null

26-05-2025T09:34:07 - [TEST_STEP][PASSED] - if (toString().length() == 4): null

26-05-2025T09:34:07 - [TEST_STEP][PASSED] - m = m.substring(0, m.indexOf(y.toString())): null

26-05-2025T09:34:07 - [TEST_STEP][PASSED] - m = m.trim(): null

26-05-2025T09:34:07 - [TEST_STEP][PASSED] - if (m == ""): null

26-05-2025T09:34:07 - [TEST_STEP][PASSED] - dashboardName = "Выполнение бизнес-плана": null

26-05-2025T09:34:07 - [TEST_STEP][PASSED] - workbook01 = getWorkbook(excelFilePath): null

26-05-2025T09:34:07 - [TEST_STEP][PASSED] - sheet01 = getExcelSheet(workbook01, sheetName): null

26-05-2025T09:34:07 - [TEST_STEP][PASSED] - setValueToCellByIndex(sheet01, n, 0, dashboardName): null

26-05-2025T09:34:07 - [TEST_STEP][PASSED] - setValueToCellByIndex(sheet01, n, 1, dZO): null

26-05-2025T09:34:07 - [TEST_STEP][PASSED] - setValueToCellByIndex(sheet01, n, 2, typeOfData): null

26-05-2025T09:34:07 - [TEST_STEP][PASSED] - if (typeOfData == "Факт в процентах" || typeOfData == "План в процентах"): null

26-05-2025T09:34:07 - [TEST_STEP][PASSED] - else: null

26-05-2025T09:34:07 - [TEST_STEP][PASSED] - setValueToCellByIndex(sheet01, n, 3, fileInt): null

26-05-2025T09:34:07 - [TEST_STEP][PASSED] - setValueToCellByIndex(sheet01, n, 4, pageInt): null

26-05-2025T09:34:07 - [TEST_STEP][PASSED] - setValueToCellByIndex(sheet01, n, 5, m): null

26-05-2025T09:34:07 - [TEST_STEP][PASSED] - setValueToCellByIndex(sheet01, n, 6, y): null

26-05-2025T09:34:07 - [TEST_STEP][PASSED] - setValueToCellByIndex(sheet01, n, 7, todaysDate): null

26-05-2025T09:34:07 - [TEST_STEP][PASSED] - n = n + 1: null

26-05-2025T09:34:07 - [TEST_STEP][PASSED] - saveWorkbook(excelFilePath, workbook01): null

26-05-2025T09:34:07 - [TEST_STEP][PASSED] - if (planFact == 2): null

26-05-2025T09:34:07 - [TEST_STEP][PASSED] - if (planFact == 1): null

26-05-2025T09:34:07 - [TEST_STEP][PASSED] - else if (planFact == 2): null

26-05-2025T09:34:07 - [TEST_STEP][PASSED] - click(findTestObject("Выполнение бизнес-плана/Кнопка План")): Object: 'Object Repository/Выполнение бизнес-плана/Кнопка План' is clicked on

26-05-2025T09:34:08 - [MESSAGE][PASSED] - Object: 'Object Repository/Выполнение бизнес-плана/Кнопка План' is clicked on

26-05-2025T09:34:08 - [TEST_STEP][PASSED] - typeOfDataMain = "План": null

26-05-2025T09:34:08 - [TEST_STEP][PASSED] - otpusk = findTestData("PlanFact").getValue(2, a): null

26-05-2025T09:34:08 - [TEST_STEP][PASSED] - poteri = findTestData("PlanFact").getValue(3, a): null

26-05-2025T09:34:08 - [TEST_STEP][PASSED] - otpusk = otpusk.replaceAll("\s+", ""): null

26-05-2025T09:34:08 - [TEST_STEP][PASSED] - poteri = poteri.replaceAll("\s+", ""): null

26-05-2025T09:34:08 - [TEST_STEP][PASSED] - typeOfData = typeOfDataMain + " Отпуск в сеть": null

26-05-2025T09:34:08 - [TEST_STEP][PASSED] - if (a == 82): null

26-05-2025T09:34:08 - [TEST_STEP][PASSED] - else if (a == 84): null

26-05-2025T09:34:08 - [TEST_STEP][PASSED] - else if (a == 83 || a == 52 || a == 72 || a == 28 || a == 73 || a == 77 || a == 74 || a == 65 || a == 36 || a == 44 || a == 53 || a == 80 || a == 54 || a == 1 || a == 18 || a == 59 || a == 81): null

26-05-2025T09:34:08 - [TEST_STEP][PASSED] - else: null

26-05-2025T09:34:08 - [TEST_STEP][PASSED] - path = dataFolder + typeOfData + " за отчётный период " + b: null

26-05-2025T09:34:08 - [TEST_STEP][PASSED] - println(path): null

26-05-2025T09:34:08 - [TEST_STEP][PASSED] - page = getText(findTestObject(path)): Text of object 'Object Repository/Выполнение бизнес-плана/Значения со страницы Выполнение бизнес-плана/План Отпуск в сеть за отчётный период Чувашэнерго' is: '447 582'

26-05-2025T09:34:08 - [MESSAGE][PASSED] - Text of object 'Object Repository/Выполнение бизнес-плана/Значения со страницы Выполнение бизнес-плана/План Отпуск в сеть за отчётный период Чувашэнерго' is: '447 582'

26-05-2025T09:34:08 - [TEST_STEP][PASSED] - if (page == "" || page == null): null

26-05-2025T09:34:08 - [TEST_STEP][PASSED] - else: null

26-05-2025T09:34:08 - [TEST_STEP][PASSED] - page = page.replaceAll("\s+", ""): null

26-05-2025T09:34:08 - [TEST_STEP][PASSED] - if (page == "undefined"): null

26-05-2025T09:34:08 - [TEST_STEP][PASSED] - fileOtpuskVSet = otpusk.toInteger(): null

26-05-2025T09:34:08 - [TEST_STEP][PASSED] - pageOtpuskVSet = page.toInteger(): null

26-05-2025T09:34:08 - [TEST_STEP][PASSED] - typeOfData = typeOfDataMain + " Потери": null

26-05-2025T09:34:08 - [TEST_STEP][PASSED] - if (a == 82): null

26-05-2025T09:34:08 - [TEST_STEP][PASSED] - else if (a == 84): null

26-05-2025T09:34:08 - [TEST_STEP][PASSED] - else if (a == 83 || a == 52 || a == 72 || a == 28 || a == 73 || a == 77 || a == 74 || a == 65 || a == 36 || a == 44 || a == 53 || a == 80 || a == 54 || a == 1 || a == 18 || a == 59 || a == 81): null

26-05-2025T09:34:08 - [TEST_STEP][PASSED] - else: null

26-05-2025T09:34:08 - [TEST_STEP][PASSED] - path = dataFolder + typeOfData + " за отчётный период " + b: null

26-05-2025T09:34:08 - [TEST_STEP][PASSED] - page = getText(findTestObject(path)): Text of object 'Object Repository/Выполнение бизнес-плана/Значения со страницы Выполнение бизнес-плана/План Потери за отчётный период Чувашэнерго' is: '39 185'

26-05-2025T09:34:08 - [MESSAGE][PASSED] - Text of object 'Object Repository/Выполнение бизнес-плана/Значения со страницы Выполнение бизнес-плана/План Потери за отчётный период Чувашэнерго' is: '39 185'

26-05-2025T09:34:08 - [TEST_STEP][PASSED] - if (page == "" || page == null): null

26-05-2025T09:34:08 - [TEST_STEP][PASSED] - else: null

26-05-2025T09:34:08 - [TEST_STEP][PASSED] - page = page.replaceAll("\s+", ""): null

26-05-2025T09:34:08 - [TEST_STEP][PASSED] - if (page == "undefined"): null

26-05-2025T09:34:08 - [TEST_STEP][PASSED] - filePoteri = poteri.toInteger(): null

26-05-2025T09:34:08 - [TEST_STEP][PASSED] - pagePoteri = page.toInteger(): null

26-05-2025T09:34:08 - [TEST_STEP][PASSED] - compare = pageOtpuskVSet: null

26-05-2025T09:34:08 - [TEST_STEP][PASSED] - if (pageOtpuskVSet != null): null

26-05-2025T09:34:08 - [TEST_STEP][PASSED] - if (compare == fileOtpuskVSet): null

26-05-2025T09:34:08 - [TEST_STEP][PASSED] - else if (compare > fileOtpuskVSet): null

26-05-2025T09:34:08 - [TEST_STEP][PASSED] - else if (compare < fileOtpuskVSet): null

26-05-2025T09:34:08 - [TEST_STEP][PASSED] - compare = compare + 1: null

26-05-2025T09:34:08 - [TEST_STEP][PASSED] - if (compare == fileOtpuskVSet): null

26-05-2025T09:34:08 - [TEST_STEP][PASSED] - else: null

26-05-2025T09:34:08 - [TEST_STEP][PASSED] - numberOfErrors = numberOfErrors + 1: null

26-05-2025T09:34:08 - [TEST_STEP][PASSED] - pageInt = pageOtpuskVSet: null

26-05-2025T09:34:08 - [TEST_STEP][PASSED] - fileInt = fileOtpuskVSet: null

26-05-2025T09:34:08 - [TEST_STEP][PASSED] - typeOfData = typeOfDataMain + " Отпуск в сеть": null

26-05-2025T09:34:08 - [TEST_STEP][PASSED] - Script1718980020443.WriteToExcel(a, typeOfData, todaysDate, pageInt, fileInt, pageDouble, fileDouble, dZO): null

26-05-2025T09:34:08 - [TEST_STEP][PASSED] - sheetName = "Sheet1": null

26-05-2025T09:34:08 - [TEST_STEP][PASSED] - data = findTestData("PlanFact"): null

26-05-2025T09:34:08 - [TEST_STEP][PASSED] - n = data.getRowNumbers() + 1: null

26-05-2025T09:34:08 - [TEST_STEP][PASSED] - day = ")).toInteger(): null

26-05-2025T09:34:08 - [TEST_STEP][PASSED] - println(day): null

26-05-2025T09:34:08 - [TEST_STEP][PASSED] - month = ")).toInteger(): null

26-05-2025T09:34:08 - [TEST_STEP][PASSED] - println(month): null

26-05-2025T09:34:08 - [TEST_STEP][PASSED] - y = <not implemented yet for class: org.codehaus.groovy.ast.expr.EmptyExpression>: null

26-05-2025T09:34:08 - [TEST_STEP][PASSED] - iy = <not implemented yet for class: org.codehaus.groovy.ast.expr.EmptyExpression>: null

26-05-2025T09:34:08 - [TEST_STEP][PASSED] - m = getText(findTestObject("Выполнение бизнес-плана/Период")): Text of object 'Object Repository/Выполнение бизнес-плана/Период' is: '1 кв. 2025 года'

26-05-2025T09:34:09 - [MESSAGE][PASSED] - Text of object 'Object Repository/Выполнение бизнес-плана/Период' is: '1 кв. 2025 года'

26-05-2025T09:34:09 - [TEST_STEP][PASSED] - iy = m.indexOf("20"): null

26-05-2025T09:34:09 - [TEST_STEP][PASSED] - if (iy > -1): null

26-05-2025T09:34:09 - [TEST_STEP][PASSED] - y = substring(iy, iy + 4).toInteger(): null

26-05-2025T09:34:09 - [TEST_STEP][PASSED] - println(y): null

26-05-2025T09:34:09 - [TEST_STEP][PASSED] - if (toString().length() == 4): null

26-05-2025T09:34:09 - [TEST_STEP][PASSED] - m = m.substring(0, m.indexOf(y.toString())): null

26-05-2025T09:34:09 - [TEST_STEP][PASSED] - m = m.trim(): null

26-05-2025T09:34:09 - [TEST_STEP][PASSED] - if (m == ""): null

26-05-2025T09:34:09 - [TEST_STEP][PASSED] - dashboardName = "Выполнение бизнес-плана": null

26-05-2025T09:34:09 - [TEST_STEP][PASSED] - workbook01 = getWorkbook(excelFilePath): null

26-05-2025T09:34:09 - [TEST_STEP][PASSED] - sheet01 = getExcelSheet(workbook01, sheetName): null

26-05-2025T09:34:09 - [TEST_STEP][PASSED] - setValueToCellByIndex(sheet01, n, 0, dashboardName): null

26-05-2025T09:34:09 - [TEST_STEP][PASSED] - setValueToCellByIndex(sheet01, n, 1, dZO): null

26-05-2025T09:34:09 - [TEST_STEP][PASSED] - setValueToCellByIndex(sheet01, n, 2, typeOfData): null

26-05-2025T09:34:09 - [TEST_STEP][PASSED] - if (typeOfData == "Факт в процентах" || typeOfData == "План в процентах"): null

26-05-2025T09:34:09 - [TEST_STEP][PASSED] - else: null

26-05-2025T09:34:09 - [TEST_STEP][PASSED] - setValueToCellByIndex(sheet01, n, 3, fileInt): null

26-05-2025T09:34:09 - [TEST_STEP][PASSED] - setValueToCellByIndex(sheet01, n, 4, pageInt): null

26-05-2025T09:34:09 - [TEST_STEP][PASSED] - setValueToCellByIndex(sheet01, n, 5, m): null

26-05-2025T09:34:09 - [TEST_STEP][PASSED] - setValueToCellByIndex(sheet01, n, 6, y): null

26-05-2025T09:34:09 - [TEST_STEP][PASSED] - setValueToCellByIndex(sheet01, n, 7, todaysDate): null

26-05-2025T09:34:09 - [TEST_STEP][PASSED] - n = n + 1: null

26-05-2025T09:34:09 - [TEST_STEP][PASSED] - saveWorkbook(excelFilePath, workbook01): null

26-05-2025T09:34:09 - [TEST_STEP][PASSED] - compare = pagePoteri: null

26-05-2025T09:34:09 - [TEST_STEP][PASSED] - if (pageOtpuskVSet != null): null

26-05-2025T09:34:09 - [TEST_STEP][PASSED] - if (compare == filePoteri): null

26-05-2025T09:34:09 - [TEST_STEP][PASSED] - else if (compare > filePoteri): null

26-05-2025T09:34:09 - [TEST_STEP][PASSED] - else if (compare < filePoteri): null

26-05-2025T09:34:09 - [TEST_STEP][PASSED] - compare = compare + 1: null

26-05-2025T09:34:09 - [TEST_STEP][PASSED] - if (compare == filePoteri): null

26-05-2025T09:34:09 - [TEST_STEP][PASSED] - else: null

26-05-2025T09:34:09 - [TEST_STEP][PASSED] - numberOfErrors = numberOfErrors + 1: null

26-05-2025T09:34:09 - [TEST_STEP][PASSED] - pageInt = pagePoteri: null

26-05-2025T09:34:09 - [TEST_STEP][PASSED] - fileInt = filePoteri: null

26-05-2025T09:34:09 - [TEST_STEP][PASSED] - typeOfData = typeOfDataMain + " Потери": null

26-05-2025T09:34:09 - [TEST_STEP][PASSED] - Script1718980020443.WriteToExcel(a, typeOfData, todaysDate, pageInt, fileInt, pageDouble, fileDouble, dZO): null

26-05-2025T09:34:09 - [TEST_STEP][PASSED] - sheetName = "Sheet1": null

26-05-2025T09:34:09 - [TEST_STEP][PASSED] - data = findTestData("PlanFact"): null

26-05-2025T09:34:09 - [TEST_STEP][PASSED] - n = data.getRowNumbers() + 1: null

26-05-2025T09:34:09 - [TEST_STEP][PASSED] - day = ")).toInteger(): null

26-05-2025T09:34:09 - [TEST_STEP][PASSED] - println(day): null

26-05-2025T09:34:09 - [TEST_STEP][PASSED] - month = ")).toInteger(): null

26-05-2025T09:34:09 - [TEST_STEP][PASSED] - println(month): null

26-05-2025T09:34:09 - [TEST_STEP][PASSED] - y = <not implemented yet for class: org.codehaus.groovy.ast.expr.EmptyExpression>: null

26-05-2025T09:34:09 - [TEST_STEP][PASSED] - iy = <not implemented yet for class: org.codehaus.groovy.ast.expr.EmptyExpression>: null

26-05-2025T09:34:09 - [TEST_STEP][PASSED] - m = getText(findTestObject("Выполнение бизнес-плана/Период")): Text of object 'Object Repository/Выполнение бизнес-плана/Период' is: '1 кв. 2025 года'

26-05-2025T09:34:09 - [MESSAGE][PASSED] - Text of object 'Object Repository/Выполнение бизнес-плана/Период' is: '1 кв. 2025 года'

26-05-2025T09:34:09 - [TEST_STEP][PASSED] - iy = m.indexOf("20"): null

26-05-2025T09:34:09 - [TEST_STEP][PASSED] - if (iy > -1): null

26-05-2025T09:34:09 - [TEST_STEP][PASSED] - y = substring(iy, iy + 4).toInteger(): null

26-05-2025T09:34:09 - [TEST_STEP][PASSED] - println(y): null

26-05-2025T09:34:09 - [TEST_STEP][PASSED] - if (toString().length() == 4): null

26-05-2025T09:34:09 - [TEST_STEP][PASSED] - m = m.substring(0, m.indexOf(y.toString())): null

26-05-2025T09:34:09 - [TEST_STEP][PASSED] - m = m.trim(): null

26-05-2025T09:34:09 - [TEST_STEP][PASSED] - if (m == ""): null

26-05-2025T09:34:09 - [TEST_STEP][PASSED] - dashboardName = "Выполнение бизнес-плана": null

26-05-2025T09:34:09 - [TEST_STEP][PASSED] - workbook01 = getWorkbook(excelFilePath): null

26-05-2025T09:34:09 - [TEST_STEP][PASSED] - sheet01 = getExcelSheet(workbook01, sheetName): null

26-05-2025T09:34:09 - [TEST_STEP][PASSED] - setValueToCellByIndex(sheet01, n, 0, dashboardName): null

26-05-2025T09:34:09 - [TEST_STEP][PASSED] - setValueToCellByIndex(sheet01, n, 1, dZO): null

26-05-2025T09:34:09 - [TEST_STEP][PASSED] - setValueToCellByIndex(sheet01, n, 2, typeOfData): null

26-05-2025T09:34:09 - [TEST_STEP][PASSED] - if (typeOfData == "Факт в процентах" || typeOfData == "План в процентах"): null

26-05-2025T09:34:09 - [TEST_STEP][PASSED] - else: null

26-05-2025T09:34:09 - [TEST_STEP][PASSED] - setValueToCellByIndex(sheet01, n, 3, fileInt): null

26-05-2025T09:34:09 - [TEST_STEP][PASSED] - setValueToCellByIndex(sheet01, n, 4, pageInt): null

26-05-2025T09:34:09 - [TEST_STEP][PASSED] - setValueToCellByIndex(sheet01, n, 5, m): null

26-05-2025T09:34:09 - [TEST_STEP][PASSED] - setValueToCellByIndex(sheet01, n, 6, y): null

26-05-2025T09:34:09 - [TEST_STEP][PASSED] - setValueToCellByIndex(sheet01, n, 7, todaysDate): null

26-05-2025T09:34:09 - [TEST_STEP][PASSED] - n = n + 1: null

26-05-2025T09:34:09 - [TEST_STEP][PASSED] - saveWorkbook(excelFilePath, workbook01): Object: 'Object Repository/Выполнение бизнес-плана/Кнопка Факт' is clicked on

26-05-2025T09:34:10 - [TEST_STEP][PASSED] - if (planFact == 2): Object: 'Object Repository/Выполнение бизнес-плана/Кнопка Факт' is clicked on

26-05-2025T09:34:10 - [TEST_STEP][PASSED] - click(findTestObject("Выполнение бизнес-плана/Кнопка Факт")): Object: 'Object Repository/Выполнение бизнес-плана/Кнопка Факт' is clicked on

26-05-2025T09:34:10 - [MESSAGE][PASSED] - Object: 'Object Repository/Выполнение бизнес-плана/Кнопка Факт' is clicked on

26-05-2025T09:34:10 - [TEST_STEP][PASSED] - println("a=" + a): null

26-05-2025T09:34:10 - [TEST_STEP][PASSED] - if (a == 84 || a == 82): null

26-05-2025T09:34:10 - [TEST_STEP][PASSED] - else if (a == 83 || a == 52 || a == 72 || a == 28 || a == 73 || a == 77 || a == 74 || a == 65 || a == 36 || a == 44 || a == 53 || a == 80 || a == 54 || a == 1 || a == 18 || a == 59 || a == 81): null

26-05-2025T09:34:10 - [TEST_STEP][PASSED] - else: null

26-05-2025T09:34:10 - [TEST_STEP][PASSED] - page1 = getText(findTestObject("Object Repository/Выполнение бизнес-плана/spanPlan" + filialNum)): Text of object 'Object Repository/Выполнение бизнес-плана/spanPlan7' is: '8.75
|'

26-05-2025T09:34:10 - [MESSAGE][PASSED] - Text of object 'Object Repository/Выполнение бизнес-плана/spanPlan7' is: '8.75
|'

26-05-2025T09:34:10 - [TEST_STEP][PASSED] - if (page1 == null): null

26-05-2025T09:34:10 - [TEST_STEP][PASSED] - else: null

26-05-2025T09:34:10 - [TEST_STEP][PASSED] - page1 = page1.replace("|", ""): null

26-05-2025T09:34:10 - [TEST_STEP][PASSED] - page2 = getText(findTestObject("Object Repository/Выполнение бизнес-плана/spanFact" + filialNum)): Text of object 'Object Repository/Выполнение бизнес-плана/spanFact7' is: '6.78
|'

26-05-2025T09:34:11 - [MESSAGE][PASSED] - Text of object 'Object Repository/Выполнение бизнес-плана/spanFact7' is: '6.78
|'

26-05-2025T09:34:11 - [TEST_STEP][PASSED] - if (page2 == null): null

26-05-2025T09:34:11 - [TEST_STEP][PASSED] - else: null

26-05-2025T09:34:11 - [TEST_STEP][PASSED] - page2 = page2.replace("|", ""): null

26-05-2025T09:34:11 - [TEST_STEP][PASSED] - println("page1: " + page1): null

26-05-2025T09:34:11 - [TEST_STEP][PASSED] - println("page2: " + page2): null

26-05-2025T09:34:11 - [TEST_STEP][PASSED] - file = findTestData("PlanFact").getValue(4, a): null

26-05-2025T09:34:11 - [TEST_STEP][PASSED] - file = file.replace(",", "."): null

26-05-2025T09:34:11 - [TEST_STEP][PASSED] - println("file Plan: " + file): null

26-05-2025T09:34:11 - [TEST_STEP][PASSED] - typeOfData = "План в процентах": null

26-05-2025T09:34:11 - [TEST_STEP][PASSED] - fileDouble = file.toDouble(): null

26-05-2025T09:34:11 - [TEST_STEP][PASSED] - pageDouble = page1.toDouble(): null

26-05-2025T09:34:11 - [TEST_STEP][PASSED] - if (fileDouble != pageDouble): null

26-05-2025T09:34:11 - [TEST_STEP][PASSED] - numberOfErrors = numberOfErrors + 1: null

26-05-2025T09:34:11 - [TEST_STEP][PASSED] - Script1718980020443.WriteToExcel(a, typeOfData, todaysDate, pageInt, fileInt, pageDouble, fileDouble, dZO): null

26-05-2025T09:34:11 - [TEST_STEP][PASSED] - sheetName = "Sheet1": null

26-05-2025T09:34:11 - [TEST_STEP][PASSED] - data = findTestData("PlanFact"): null

26-05-2025T09:34:11 - [TEST_STEP][PASSED] - n = data.getRowNumbers() + 1: null

26-05-2025T09:34:11 - [TEST_STEP][PASSED] - day = ")).toInteger(): null

26-05-2025T09:34:11 - [TEST_STEP][PASSED] - println(day): null

26-05-2025T09:34:11 - [TEST_STEP][PASSED] - month = ")).toInteger(): null

26-05-2025T09:34:11 - [TEST_STEP][PASSED] - println(month): null

26-05-2025T09:34:11 - [TEST_STEP][PASSED] - y = <not implemented yet for class: org.codehaus.groovy.ast.expr.EmptyExpression>: null

26-05-2025T09:34:11 - [TEST_STEP][PASSED] - iy = <not implemented yet for class: org.codehaus.groovy.ast.expr.EmptyExpression>: null

26-05-2025T09:34:11 - [TEST_STEP][PASSED] - m = getText(findTestObject("Выполнение бизнес-плана/Период")): Text of object 'Object Repository/Выполнение бизнес-плана/Период' is: '1 кв. 2025 года'

26-05-2025T09:34:11 - [MESSAGE][PASSED] - Text of object 'Object Repository/Выполнение бизнес-плана/Период' is: '1 кв. 2025 года'

26-05-2025T09:34:11 - [TEST_STEP][PASSED] - iy = m.indexOf("20"): null

26-05-2025T09:34:11 - [TEST_STEP][PASSED] - if (iy > -1): null

26-05-2025T09:34:11 - [TEST_STEP][PASSED] - y = substring(iy, iy + 4).toInteger(): null

26-05-2025T09:34:11 - [TEST_STEP][PASSED] - println(y): null

26-05-2025T09:34:11 - [TEST_STEP][PASSED] - if (toString().length() == 4): null

26-05-2025T09:34:11 - [TEST_STEP][PASSED] - m = m.substring(0, m.indexOf(y.toString())): null

26-05-2025T09:34:11 - [TEST_STEP][PASSED] - m = m.trim(): null

26-05-2025T09:34:11 - [TEST_STEP][PASSED] - if (m == ""): null

26-05-2025T09:34:11 - [TEST_STEP][PASSED] - dashboardName = "Выполнение бизнес-плана": null

26-05-2025T09:34:11 - [TEST_STEP][PASSED] - workbook01 = getWorkbook(excelFilePath): null

26-05-2025T09:34:11 - [TEST_STEP][PASSED] - sheet01 = getExcelSheet(workbook01, sheetName): null

26-05-2025T09:34:11 - [TEST_STEP][PASSED] - setValueToCellByIndex(sheet01, n, 0, dashboardName): null

26-05-2025T09:34:11 - [TEST_STEP][PASSED] - setValueToCellByIndex(sheet01, n, 1, dZO): null

26-05-2025T09:34:11 - [TEST_STEP][PASSED] - setValueToCellByIndex(sheet01, n, 2, typeOfData): null

26-05-2025T09:34:11 - [TEST_STEP][PASSED] - if (typeOfData == "Факт в процентах" || typeOfData == "План в процентах"): null

26-05-2025T09:34:11 - [TEST_STEP][PASSED] - setValueToCellByIndex(sheet01, n, 3, fileDouble): null

26-05-2025T09:34:11 - [TEST_STEP][PASSED] - setValueToCellByIndex(sheet01, n, 4, pageDouble): null

26-05-2025T09:34:11 - [TEST_STEP][PASSED] - setValueToCellByIndex(sheet01, n, 5, m): null

26-05-2025T09:34:11 - [TEST_STEP][PASSED] - setValueToCellByIndex(sheet01, n, 6, y): null

26-05-2025T09:34:11 - [TEST_STEP][PASSED] - setValueToCellByIndex(sheet01, n, 7, todaysDate): null

26-05-2025T09:34:11 - [TEST_STEP][PASSED] - n = n + 1: null

26-05-2025T09:34:11 - [TEST_STEP][PASSED] - saveWorkbook(excelFilePath, workbook01): null

26-05-2025T09:34:11 - [TEST_STEP][PASSED] - file = findTestData("PlanFact").getValue(7, a): null

26-05-2025T09:34:11 - [TEST_STEP][PASSED] - file = file.replace(",", "."): null

26-05-2025T09:34:11 - [TEST_STEP][PASSED] - println("file Fact: " + file): null

26-05-2025T09:34:11 - [TEST_STEP][PASSED] - fileDouble = file.toDouble(): null

26-05-2025T09:34:11 - [TEST_STEP][PASSED] - typeOfData = "Факт в процентах": null

26-05-2025T09:34:11 - [TEST_STEP][PASSED] - fileDouble = file.toDouble(): null

26-05-2025T09:34:11 - [TEST_STEP][PASSED] - pageDouble = page2.toDouble(): null

26-05-2025T09:34:11 - [TEST_STEP][PASSED] - if (fileDouble != pageDouble): null

26-05-2025T09:34:11 - [TEST_STEP][PASSED] - numberOfErrors = numberOfErrors + 1: null

26-05-2025T09:34:11 - [TEST_STEP][PASSED] - Script1718980020443.WriteToExcel(a, typeOfData, todaysDate, pageInt, fileInt, pageDouble, fileDouble, dZO): null

26-05-2025T09:34:11 - [TEST_STEP][PASSED] - sheetName = "Sheet1": null

26-05-2025T09:34:11 - [TEST_STEP][PASSED] - data = findTestData("PlanFact"): null

26-05-2025T09:34:11 - [TEST_STEP][PASSED] - n = data.getRowNumbers() + 1: null

26-05-2025T09:34:11 - [TEST_STEP][PASSED] - day = ")).toInteger(): null

26-05-2025T09:34:11 - [TEST_STEP][PASSED] - println(day): null

26-05-2025T09:34:11 - [TEST_STEP][PASSED] - month = ")).toInteger(): null

26-05-2025T09:34:11 - [TEST_STEP][PASSED] - println(month): null

26-05-2025T09:34:11 - [TEST_STEP][PASSED] - y = <not implemented yet for class: org.codehaus.groovy.ast.expr.EmptyExpression>: null

26-05-2025T09:34:11 - [TEST_STEP][PASSED] - iy = <not implemented yet for class: org.codehaus.groovy.ast.expr.EmptyExpression>: null

26-05-2025T09:34:11 - [TEST_STEP][PASSED] - m = getText(findTestObject("Выполнение бизнес-плана/Период")): Text of object 'Object Repository/Выполнение бизнес-плана/Период' is: '1 кв. 2025 года'

26-05-2025T09:34:12 - [MESSAGE][PASSED] - Text of object 'Object Repository/Выполнение бизнес-плана/Период' is: '1 кв. 2025 года'

26-05-2025T09:34:12 - [TEST_STEP][PASSED] - iy = m.indexOf("20"): null

26-05-2025T09:34:12 - [TEST_STEP][PASSED] - if (iy > -1): null

26-05-2025T09:34:12 - [TEST_STEP][PASSED] - y = substring(iy, iy + 4).toInteger(): null

26-05-2025T09:34:12 - [TEST_STEP][PASSED] - println(y): null

26-05-2025T09:34:12 - [TEST_STEP][PASSED] - if (toString().length() == 4): null

26-05-2025T09:34:12 - [TEST_STEP][PASSED] - m = m.substring(0, m.indexOf(y.toString())): null

26-05-2025T09:34:12 - [TEST_STEP][PASSED] - m = m.trim(): null

26-05-2025T09:34:12 - [TEST_STEP][PASSED] - if (m == ""): null

26-05-2025T09:34:12 - [TEST_STEP][PASSED] - dashboardName = "Выполнение бизнес-плана": null

26-05-2025T09:34:12 - [TEST_STEP][PASSED] - workbook01 = getWorkbook(excelFilePath): null

26-05-2025T09:34:12 - [TEST_STEP][PASSED] - sheet01 = getExcelSheet(workbook01, sheetName): null

26-05-2025T09:34:12 - [TEST_STEP][PASSED] - setValueToCellByIndex(sheet01, n, 0, dashboardName): null

26-05-2025T09:34:12 - [TEST_STEP][PASSED] - setValueToCellByIndex(sheet01, n, 1, dZO): null

26-05-2025T09:34:12 - [TEST_STEP][PASSED] - setValueToCellByIndex(sheet01, n, 2, typeOfData): null

26-05-2025T09:34:12 - [TEST_STEP][PASSED] - if (typeOfData == "Факт в процентах" || typeOfData == "План в процентах"): null

26-05-2025T09:34:12 - [TEST_STEP][PASSED] - setValueToCellByIndex(sheet01, n, 3, fileDouble): null

26-05-2025T09:34:12 - [TEST_STEP][PASSED] - setValueToCellByIndex(sheet01, n, 4, pageDouble): null

26-05-2025T09:34:12 - [TEST_STEP][PASSED] - setValueToCellByIndex(sheet01, n, 5, m): null

26-05-2025T09:34:12 - [TEST_STEP][PASSED] - setValueToCellByIndex(sheet01, n, 6, y): null

26-05-2025T09:34:12 - [TEST_STEP][PASSED] - setValueToCellByIndex(sheet01, n, 7, todaysDate): null

26-05-2025T09:34:12 - [TEST_STEP][PASSED] - n = n + 1: null

26-05-2025T09:34:12 - [TEST_STEP][PASSED] - saveWorkbook(excelFilePath, workbook01): null

26-05-2025T09:34:12 - [TEST_STEP][FAILED] - if (verifyEqual(numberOfErrors, 0) == false): null

26-05-2025T09:34:12 - [MESSAGE][FAILED] - Unable to verify equal between actual object '6' and expected object '0' (Root cause: com.kms.katalon.core.exception.StepFailedException: Actual object '6' and expected object '0' are not equal
	at com.kms.katalon.core.keyword.builtin.VerifyEqualKeyword$_verifyEqual_closure1.doCall(VerifyEqualKeyword.groovy:58)
	at com.kms.katalon.core.keyword.builtin.VerifyEqualKeyword$_verifyEqual_closure1.call(VerifyEqualKeyword.groovy)
	at com.kms.katalon.core.keyword.internal.KeywordMain.runKeyword(KeywordMain.groovy:75)
	at com.kms.katalon.core.keyword.builtin.VerifyEqualKeyword.verifyEqual(VerifyEqualKeyword.groovy:63)
	at com.kms.katalon.core.keyword.builtin.VerifyEqualKeyword.execute(VerifyEqualKeyword.groovy:44)
	at com.kms.katalon.core.keyword.internal.KeywordExecutor.executeKeywordForPlatform(KeywordExecutor.groovy:74)
	at com.kms.katalon.core.keyword.BuiltinKeywords.verifyEqual(BuiltinKeywords.groovy:146)
	at jdk.internal.reflect.GeneratedMethodAccessor23.invoke(Unknown Source)
	at java.base/jdk.internal.reflect.DelegatingMethodAccessorImpl.invoke(DelegatingMethodAccessorImpl.java:43)
	at Выполнение бизнес-плана Сверка ПАО Россети все филиалы.Numbers(Выполнение бизнес-плана Сверка ПАО Россети все филиалы:749)
	at Выполнение бизнес-плана Сверка ПАО Россети все филиалы.Filials(Выполнение бизнес-плана Сверка ПАО Россети все филиалы:1010)
	at Выполнение бизнес-плана Сверка ПАО Россети все филиалы.Numbers(Выполнение бизнес-плана Сверка ПАО Россети все филиалы:756)
	at Выполнение бизнес-плана Сверка ПАО Россети все филиалы.run(Выполнение бизнес-плана Сверка ПАО Россети все филиалы:227)
	at com.kms.katalon.core.main.ScriptEngine.run(ScriptEngine.java:194)
	at com.kms.katalon.core.main.ScriptEngine.runScriptAsRawText(ScriptEngine.java:119)
	at com.kms.katalon.core.main.TestCaseExecutor.runScript(TestCaseExecutor.java:448)
	at com.kms.katalon.core.main.TestCaseExecutor.doExecute(TestCaseExecutor.java:439)
	at com.kms.katalon.core.main.TestCaseExecutor.processExecutionPhase(TestCaseExecutor.java:418)
	at com.kms.katalon.core.main.TestCaseExecutor.accessMainPhase(TestCaseExecutor.java:410)
	at com.kms.katalon.core.main.TestCaseExecutor.execute(TestCaseExecutor.java:285)
	at com.kms.katalon.core.common.CommonExecutor.accessTestCaseMainPhase(CommonExecutor.java:65)
	at com.kms.katalon.core.main.TestSuiteExecutor.accessTestSuiteMainPhase(TestSuiteExecutor.java:150)
	at com.kms.katalon.core.main.TestSuiteExecutor.execute(TestSuiteExecutor.java:106)
	at com.kms.katalon.core.main.TestCaseMain.startTestSuite(TestCaseMain.java:180)
	at TempTestSuite1748228991768.run(TempTestSuite1748228991768.groovy:35)
	at java.base/jdk.internal.reflect.NativeMethodAccessorImpl.invoke0(Native Method)
	at java.base/jdk.internal.reflect.NativeMethodAccessorImpl.invoke(NativeMethodAccessorImpl.java:77)
	at java.base/jdk.internal.reflect.DelegatingMethodAccessorImpl.invoke(DelegatingMethodAccessorImpl.java:43)
)

26-05-2025T09:34:12 - [TEST_STEP][PASSED] - println(numberOfErrors): null

26-05-2025T09:34:12 - [TEST_STEP][PASSED] - println("a=" + a): null

26-05-2025T09:34:12 - [TEST_STEP][PASSED] - if (a == 28 || a == 77 || a == 74 || a == 65 || a == 36 || a == 44 || a == 54 || a == 1 || a == 18 || a == 59): null

26-05-2025T09:34:12 - [TEST_STEP][PASSED] - if (a == 82): null

26-05-2025T09:34:12 - [TEST_STEP][PASSED] - filialNum = 0: null

26-05-2025T09:34:12 - [TEST_STEP][PASSED] - if (a == 77): null

26-05-2025T09:34:12 - [TEST_STEP][PASSED] - if (a == 74): null

26-05-2025T09:34:12 - [TEST_STEP][PASSED] - if (a == 65): null

26-05-2025T09:34:12 - [TEST_STEP][PASSED] - if (a == 1): null

26-05-2025T09:34:12 - [TEST_STEP][PASSED] - if (a == 18): null

26-05-2025T09:34:12 - [TEST_STEP][PASSED] - if (a == 36): null

26-05-2025T09:34:12 - [TEST_STEP][PASSED] - if (a == 44): null

26-05-2025T09:34:12 - [TEST_STEP][PASSED] - if (a == 54): null

26-05-2025T09:34:12 - [TEST_STEP][PASSED] - if (a == 59): null

26-05-2025T09:34:12 - [TEST_STEP][PASSED] - Script1718980020443.OpenFilter(): null

26-05-2025T09:34:12 - [TEST_STEP][PASSED] - click(findTestObject("Object Repository/Выполнение бизнес-плана/Фильтр ДЗО")): Object: 'Object Repository/Выполнение бизнес-плана/Фильтр ДЗО' is clicked on

26-05-2025T09:34:12 - [MESSAGE][PASSED] - Object: 'Object Repository/Выполнение бизнес-плана/Фильтр ДЗО' is clicked on

26-05-2025T09:34:12 - [TEST_STEP][PASSED] - click(findTestObject("Выполнение бизнес-плана/Снять выделение в фильтре ДЗО")): Object: 'Object Repository/Выполнение бизнес-плана/Снять выделение в фильтре ДЗО' is clicked on

26-05-2025T09:34:13 - [MESSAGE][PASSED] - Object: 'Object Repository/Выполнение бизнес-плана/Снять выделение в фильтре ДЗО' is clicked on

26-05-2025T09:34:13 - [TEST_STEP][PASSED] - Script1718980020443.CloseFilter(): null

26-05-2025T09:34:13 - [TEST_STEP][PASSED] - scrollToElement(findTestObject("Выполнение бизнес-плана/Заголовок дашборда"), 30): Scroll to object 'Object Repository/Выполнение бизнес-плана/Заголовок дашборда' successfully

26-05-2025T09:34:13 - [MESSAGE][PASSED] - Scroll to object 'Object Repository/Выполнение бизнес-плана/Заголовок дашборда' successfully

26-05-2025T09:34:13 - [TEST_STEP][PASSED] - click(findTestObject("Object Repository/Выполнение бизнес-плана/Применить в фильтре ДЗО")): Object: 'Object Repository/Выполнение бизнес-плана/Применить в фильтре ДЗО' is clicked on

26-05-2025T09:34:14 - [MESSAGE][PASSED] - Object: 'Object Repository/Выполнение бизнес-плана/Применить в фильтре ДЗО' is clicked on

26-05-2025T09:34:14 - [TEST_STEP][PASSED] - delay(20): Delayed 20 second(s)

26-05-2025T09:34:34 - [MESSAGE][PASSED] - Delayed 20 second(s)

26-05-2025T09:34:34 - [TEST_STEP][PASSED] - if (a == 82): null

26-05-2025T09:34:34 - [TEST_STEP][PASSED] - println(dzoNum): null

26-05-2025T09:34:34 - [TEST_STEP][PASSED] - dZO = "Россети Кубань": null

26-05-2025T09:34:34 - [TEST_STEP][PASSED] - a = 73: null

26-05-2025T09:34:34 - [TEST_STEP][PASSED] - if (x1.contains("Кубань")): null

26-05-2025T09:34:34 - [TEST_STEP][PASSED] - else: null

26-05-2025T09:34:34 - [TEST_STEP][PASSED] - Script1718980020443.NoData(a, typeOfData, todaysDate, fileInt, fileDouble, dZO): null

26-05-2025T09:34:34 - [TEST_STEP][PASSED] - println(a): null

26-05-2025T09:34:34 - [TEST_STEP][PASSED] - println(todaysDate): null

26-05-2025T09:34:34 - [TEST_STEP][PASSED] - println(fileInt): null

26-05-2025T09:34:34 - [TEST_STEP][PASSED] - println(fileDouble): null

26-05-2025T09:34:34 - [TEST_STEP][PASSED] - println(dZO): null

26-05-2025T09:34:34 - [TEST_STEP][PASSED] - typeOfData = "Факт Отпуск в сеть": null

26-05-2025T09:34:34 - [TEST_STEP][PASSED] - fileInt = replaceAll("\s+", "").toInteger(): null

26-05-2025T09:34:34 - [TEST_STEP][PASSED] - Script1718980020443.WriteToExcelNoData(a, typeOfData, todaysDate, fileInt, fileDouble, dZO): null

26-05-2025T09:34:34 - [TEST_STEP][PASSED] - sheetName = "Sheet1": null

26-05-2025T09:34:34 - [TEST_STEP][PASSED] - data = findTestData("PlanFact"): null

26-05-2025T09:34:34 - [TEST_STEP][PASSED] - n = data.getRowNumbers() + 1: null

26-05-2025T09:34:34 - [TEST_STEP][PASSED] - day = ")).toInteger(): null

26-05-2025T09:34:34 - [TEST_STEP][PASSED] - println(day): null

26-05-2025T09:34:34 - [TEST_STEP][PASSED] - month = ")).toInteger(): null

26-05-2025T09:34:34 - [TEST_STEP][PASSED] - println(month): null

26-05-2025T09:34:34 - [TEST_STEP][PASSED] - y = <not implemented yet for class: org.codehaus.groovy.ast.expr.EmptyExpression>: null

26-05-2025T09:34:34 - [TEST_STEP][PASSED] - iy = <not implemented yet for class: org.codehaus.groovy.ast.expr.EmptyExpression>: null

26-05-2025T09:34:34 - [TEST_STEP][PASSED] - m = getText(findTestObject("Выполнение бизнес-плана/Период")): Text of object 'Object Repository/Выполнение бизнес-плана/Период' is: '1 кв. 2025 года'

26-05-2025T09:34:35 - [MESSAGE][PASSED] - Text of object 'Object Repository/Выполнение бизнес-плана/Период' is: '1 кв. 2025 года'

26-05-2025T09:34:35 - [TEST_STEP][PASSED] - iy = m.indexOf("20"): null

26-05-2025T09:34:35 - [TEST_STEP][PASSED] - if (iy > -1): null

26-05-2025T09:34:35 - [TEST_STEP][PASSED] - y = substring(iy, iy + 4).toInteger(): null

26-05-2025T09:34:35 - [TEST_STEP][PASSED] - println(y): null

26-05-2025T09:34:35 - [TEST_STEP][PASSED] - if (toString().length() == 4): null

26-05-2025T09:34:35 - [TEST_STEP][PASSED] - m = m.substring(0, m.indexOf(y.toString())): null

26-05-2025T09:34:35 - [TEST_STEP][PASSED] - m = m.trim(): null

26-05-2025T09:34:35 - [TEST_STEP][PASSED] - if (m == ""): null

26-05-2025T09:34:35 - [TEST_STEP][PASSED] - dashboardName = "Выполнение бизнес-плана": null

26-05-2025T09:34:35 - [TEST_STEP][PASSED] - workbook01 = getWorkbook(excelFilePath): null

26-05-2025T09:34:35 - [TEST_STEP][PASSED] - sheet01 = getExcelSheet(workbook01, sheetName): null

26-05-2025T09:34:35 - [TEST_STEP][PASSED] - setValueToCellByIndex(sheet01, n, 0, dashboardName): null

26-05-2025T09:34:35 - [TEST_STEP][PASSED] - setValueToCellByIndex(sheet01, n, 1, dZO): null

26-05-2025T09:34:35 - [TEST_STEP][PASSED] - setValueToCellByIndex(sheet01, n, 2, typeOfData): null

26-05-2025T09:34:35 - [TEST_STEP][PASSED] - if (typeOfData == "Факт в процентах" || typeOfData == "План в процентах"): null

26-05-2025T09:34:35 - [TEST_STEP][PASSED] - else: null

26-05-2025T09:34:35 - [TEST_STEP][PASSED] - setValueToCellByIndex(sheet01, n, 3, fileInt): null

26-05-2025T09:34:35 - [TEST_STEP][PASSED] - setValueToCellByIndex(sheet01, n, 4, "нет данных"): null

26-05-2025T09:34:35 - [TEST_STEP][PASSED] - setValueToCellByIndex(sheet01, n, 5, m): null

26-05-2025T09:34:35 - [TEST_STEP][PASSED] - setValueToCellByIndex(sheet01, n, 6, y): null

26-05-2025T09:34:35 - [TEST_STEP][PASSED] - setValueToCellByIndex(sheet01, n, 7, todaysDate): null

26-05-2025T09:34:35 - [TEST_STEP][PASSED] - n = n + 1: null

26-05-2025T09:34:35 - [TEST_STEP][PASSED] - saveWorkbook(excelFilePath, workbook01): null

26-05-2025T09:34:35 - [TEST_STEP][PASSED] - typeOfData = "Факт Потери": null

26-05-2025T09:34:35 - [TEST_STEP][PASSED] - fileInt = replaceAll("\s+", "").toInteger(): null

26-05-2025T09:34:35 - [TEST_STEP][PASSED] - Script1718980020443.WriteToExcelNoData(a, typeOfData, todaysDate, fileInt, fileDouble, dZO): null

26-05-2025T09:34:35 - [TEST_STEP][PASSED] - sheetName = "Sheet1": null

26-05-2025T09:34:35 - [TEST_STEP][PASSED] - data = findTestData("PlanFact"): null

26-05-2025T09:34:35 - [TEST_STEP][PASSED] - n = data.getRowNumbers() + 1: null

26-05-2025T09:34:35 - [TEST_STEP][PASSED] - day = ")).toInteger(): null

26-05-2025T09:34:35 - [TEST_STEP][PASSED] - println(day): null

26-05-2025T09:34:35 - [TEST_STEP][PASSED] - month = ")).toInteger(): null

26-05-2025T09:34:35 - [TEST_STEP][PASSED] - println(month): null

26-05-2025T09:34:35 - [TEST_STEP][PASSED] - y = <not implemented yet for class: org.codehaus.groovy.ast.expr.EmptyExpression>: null

26-05-2025T09:34:35 - [TEST_STEP][PASSED] - iy = <not implemented yet for class: org.codehaus.groovy.ast.expr.EmptyExpression>: null

26-05-2025T09:34:35 - [TEST_STEP][PASSED] - m = getText(findTestObject("Выполнение бизнес-плана/Период")): Text of object 'Object Repository/Выполнение бизнес-плана/Период' is: '1 кв. 2025 года'

26-05-2025T09:34:35 - [MESSAGE][PASSED] - Text of object 'Object Repository/Выполнение бизнес-плана/Период' is: '1 кв. 2025 года'

26-05-2025T09:34:35 - [TEST_STEP][PASSED] - iy = m.indexOf("20"): null

26-05-2025T09:34:35 - [TEST_STEP][PASSED] - if (iy > -1): null

26-05-2025T09:34:35 - [TEST_STEP][PASSED] - y = substring(iy, iy + 4).toInteger(): null

26-05-2025T09:34:35 - [TEST_STEP][PASSED] - println(y): null

26-05-2025T09:34:35 - [TEST_STEP][PASSED] - if (toString().length() == 4): null

26-05-2025T09:34:35 - [TEST_STEP][PASSED] - m = m.substring(0, m.indexOf(y.toString())): null

26-05-2025T09:34:35 - [TEST_STEP][PASSED] - m = m.trim(): null

26-05-2025T09:34:35 - [TEST_STEP][PASSED] - if (m == ""): null

26-05-2025T09:34:35 - [TEST_STEP][PASSED] - dashboardName = "Выполнение бизнес-плана": null

26-05-2025T09:34:35 - [TEST_STEP][PASSED] - workbook01 = getWorkbook(excelFilePath): null

26-05-2025T09:34:35 - [TEST_STEP][PASSED] - sheet01 = getExcelSheet(workbook01, sheetName): null

26-05-2025T09:34:35 - [TEST_STEP][PASSED] - setValueToCellByIndex(sheet01, n, 0, dashboardName): null

26-05-2025T09:34:35 - [TEST_STEP][PASSED] - setValueToCellByIndex(sheet01, n, 1, dZO): null

26-05-2025T09:34:35 - [TEST_STEP][PASSED] - setValueToCellByIndex(sheet01, n, 2, typeOfData): null

26-05-2025T09:34:35 - [TEST_STEP][PASSED] - if (typeOfData == "Факт в процентах" || typeOfData == "План в процентах"): null

26-05-2025T09:34:35 - [TEST_STEP][PASSED] - else: null

26-05-2025T09:34:35 - [TEST_STEP][PASSED] - setValueToCellByIndex(sheet01, n, 3, fileInt): null

26-05-2025T09:34:35 - [TEST_STEP][PASSED] - setValueToCellByIndex(sheet01, n, 4, "нет данных"): null

26-05-2025T09:34:35 - [TEST_STEP][PASSED] - setValueToCellByIndex(sheet01, n, 5, m): null

26-05-2025T09:34:35 - [TEST_STEP][PASSED] - setValueToCellByIndex(sheet01, n, 6, y): null

26-05-2025T09:34:35 - [TEST_STEP][PASSED] - setValueToCellByIndex(sheet01, n, 7, todaysDate): null

26-05-2025T09:34:35 - [TEST_STEP][PASSED] - n = n + 1: null

26-05-2025T09:34:35 - [TEST_STEP][PASSED] - saveWorkbook(excelFilePath, workbook01): null

26-05-2025T09:34:36 - [TEST_STEP][PASSED] - typeOfData = "План Отпуск в сеть": null

26-05-2025T09:34:36 - [TEST_STEP][PASSED] - fileInt = replaceAll("\s+", "").toInteger(): null

26-05-2025T09:34:36 - [TEST_STEP][PASSED] - Script1718980020443.WriteToExcelNoData(a, typeOfData, todaysDate, fileInt, fileDouble, dZO): null

26-05-2025T09:34:36 - [TEST_STEP][PASSED] - sheetName = "Sheet1": null

26-05-2025T09:34:36 - [TEST_STEP][PASSED] - data = findTestData("PlanFact"): null

26-05-2025T09:34:36 - [TEST_STEP][PASSED] - n = data.getRowNumbers() + 1: null

26-05-2025T09:34:36 - [TEST_STEP][PASSED] - day = ")).toInteger(): null

26-05-2025T09:34:36 - [TEST_STEP][PASSED] - println(day): null

26-05-2025T09:34:36 - [TEST_STEP][PASSED] - month = ")).toInteger(): null

26-05-2025T09:34:36 - [TEST_STEP][PASSED] - println(month): null

26-05-2025T09:34:36 - [TEST_STEP][PASSED] - y = <not implemented yet for class: org.codehaus.groovy.ast.expr.EmptyExpression>: null

26-05-2025T09:34:36 - [TEST_STEP][PASSED] - iy = <not implemented yet for class: org.codehaus.groovy.ast.expr.EmptyExpression>: null

26-05-2025T09:34:36 - [TEST_STEP][PASSED] - m = getText(findTestObject("Выполнение бизнес-плана/Период")): Text of object 'Object Repository/Выполнение бизнес-плана/Период' is: '1 кв. 2025 года'

26-05-2025T09:34:36 - [MESSAGE][PASSED] - Text of object 'Object Repository/Выполнение бизнес-плана/Период' is: '1 кв. 2025 года'

26-05-2025T09:34:36 - [TEST_STEP][PASSED] - iy = m.indexOf("20"): null

26-05-2025T09:34:36 - [TEST_STEP][PASSED] - if (iy > -1): null

26-05-2025T09:34:36 - [TEST_STEP][PASSED] - y = substring(iy, iy + 4).toInteger(): null

26-05-2025T09:34:36 - [TEST_STEP][PASSED] - println(y): null

26-05-2025T09:34:36 - [TEST_STEP][PASSED] - if (toString().length() == 4): null

26-05-2025T09:34:36 - [TEST_STEP][PASSED] - m = m.substring(0, m.indexOf(y.toString())): null

26-05-2025T09:34:36 - [TEST_STEP][PASSED] - m = m.trim(): null

26-05-2025T09:34:36 - [TEST_STEP][PASSED] - if (m == ""): null

26-05-2025T09:34:36 - [TEST_STEP][PASSED] - dashboardName = "Выполнение бизнес-плана": null

26-05-2025T09:34:36 - [TEST_STEP][PASSED] - workbook01 = getWorkbook(excelFilePath): null

26-05-2025T09:34:36 - [TEST_STEP][PASSED] - sheet01 = getExcelSheet(workbook01, sheetName): null

26-05-2025T09:34:36 - [TEST_STEP][PASSED] - setValueToCellByIndex(sheet01, n, 0, dashboardName): null

26-05-2025T09:34:36 - [TEST_STEP][PASSED] - setValueToCellByIndex(sheet01, n, 1, dZO): null

26-05-2025T09:34:36 - [TEST_STEP][PASSED] - setValueToCellByIndex(sheet01, n, 2, typeOfData): null

26-05-2025T09:34:36 - [TEST_STEP][PASSED] - if (typeOfData == "Факт в процентах" || typeOfData == "План в процентах"): null

26-05-2025T09:34:36 - [TEST_STEP][PASSED] - else: null

26-05-2025T09:34:36 - [TEST_STEP][PASSED] - setValueToCellByIndex(sheet01, n, 3, fileInt): null

26-05-2025T09:34:36 - [TEST_STEP][PASSED] - setValueToCellByIndex(sheet01, n, 4, "нет данных"): null

26-05-2025T09:34:36 - [TEST_STEP][PASSED] - setValueToCellByIndex(sheet01, n, 5, m): null

26-05-2025T09:34:36 - [TEST_STEP][PASSED] - setValueToCellByIndex(sheet01, n, 6, y): null

26-05-2025T09:34:36 - [TEST_STEP][PASSED] - setValueToCellByIndex(sheet01, n, 7, todaysDate): null

26-05-2025T09:34:36 - [TEST_STEP][PASSED] - n = n + 1: null

26-05-2025T09:34:36 - [TEST_STEP][PASSED] - saveWorkbook(excelFilePath, workbook01): null

26-05-2025T09:34:36 - [TEST_STEP][PASSED] - typeOfData = "План Потери": null

26-05-2025T09:34:36 - [TEST_STEP][PASSED] - fileInt = replaceAll("\s+", "").toInteger(): null

26-05-2025T09:34:36 - [TEST_STEP][PASSED] - Script1718980020443.WriteToExcelNoData(a, typeOfData, todaysDate, fileInt, fileDouble, dZO): null

26-05-2025T09:34:36 - [TEST_STEP][PASSED] - sheetName = "Sheet1": null

26-05-2025T09:34:36 - [TEST_STEP][PASSED] - data = findTestData("PlanFact"): null

26-05-2025T09:34:36 - [TEST_STEP][PASSED] - n = data.getRowNumbers() + 1: null

26-05-2025T09:34:36 - [TEST_STEP][PASSED] - day = ")).toInteger(): null

26-05-2025T09:34:36 - [TEST_STEP][PASSED] - println(day): null

26-05-2025T09:34:36 - [TEST_STEP][PASSED] - month = ")).toInteger(): null

26-05-2025T09:34:36 - [TEST_STEP][PASSED] - println(month): null

26-05-2025T09:34:36 - [TEST_STEP][PASSED] - y = <not implemented yet for class: org.codehaus.groovy.ast.expr.EmptyExpression>: null

26-05-2025T09:34:36 - [TEST_STEP][PASSED] - iy = <not implemented yet for class: org.codehaus.groovy.ast.expr.EmptyExpression>: null

26-05-2025T09:34:36 - [TEST_STEP][PASSED] - m = getText(findTestObject("Выполнение бизнес-плана/Период")): Text of object 'Object Repository/Выполнение бизнес-плана/Период' is: '1 кв. 2025 года'

26-05-2025T09:34:37 - [MESSAGE][PASSED] - Text of object 'Object Repository/Выполнение бизнес-плана/Период' is: '1 кв. 2025 года'

26-05-2025T09:34:37 - [TEST_STEP][PASSED] - iy = m.indexOf("20"): null

26-05-2025T09:34:37 - [TEST_STEP][PASSED] - if (iy > -1): null

26-05-2025T09:34:37 - [TEST_STEP][PASSED] - y = substring(iy, iy + 4).toInteger(): null

26-05-2025T09:34:37 - [TEST_STEP][PASSED] - println(y): null

26-05-2025T09:34:37 - [TEST_STEP][PASSED] - if (toString().length() == 4): null

26-05-2025T09:34:37 - [TEST_STEP][PASSED] - m = m.substring(0, m.indexOf(y.toString())): null

26-05-2025T09:34:37 - [TEST_STEP][PASSED] - m = m.trim(): null

26-05-2025T09:34:37 - [TEST_STEP][PASSED] - if (m == ""): null

26-05-2025T09:34:37 - [TEST_STEP][PASSED] - dashboardName = "Выполнение бизнес-плана": null

26-05-2025T09:34:37 - [TEST_STEP][PASSED] - workbook01 = getWorkbook(excelFilePath): null

26-05-2025T09:34:37 - [TEST_STEP][PASSED] - sheet01 = getExcelSheet(workbook01, sheetName): null

26-05-2025T09:34:37 - [TEST_STEP][PASSED] - setValueToCellByIndex(sheet01, n, 0, dashboardName): null

26-05-2025T09:34:37 - [TEST_STEP][PASSED] - setValueToCellByIndex(sheet01, n, 1, dZO): null

26-05-2025T09:34:37 - [TEST_STEP][PASSED] - setValueToCellByIndex(sheet01, n, 2, typeOfData): null

26-05-2025T09:34:37 - [TEST_STEP][PASSED] - if (typeOfData == "Факт в процентах" || typeOfData == "План в процентах"): null

26-05-2025T09:34:37 - [TEST_STEP][PASSED] - else: null

26-05-2025T09:34:37 - [TEST_STEP][PASSED] - setValueToCellByIndex(sheet01, n, 3, fileInt): null

26-05-2025T09:34:37 - [TEST_STEP][PASSED] - setValueToCellByIndex(sheet01, n, 4, "нет данных"): null

26-05-2025T09:34:37 - [TEST_STEP][PASSED] - setValueToCellByIndex(sheet01, n, 5, m): null

26-05-2025T09:34:37 - [TEST_STEP][PASSED] - setValueToCellByIndex(sheet01, n, 6, y): null

26-05-2025T09:34:37 - [TEST_STEP][PASSED] - setValueToCellByIndex(sheet01, n, 7, todaysDate): null

26-05-2025T09:34:37 - [TEST_STEP][PASSED] - n = n + 1: null

26-05-2025T09:34:37 - [TEST_STEP][PASSED] - saveWorkbook(excelFilePath, workbook01): null

26-05-2025T09:34:37 - [TEST_STEP][PASSED] - typeOfData = "План в процентах": null

26-05-2025T09:34:37 - [TEST_STEP][PASSED] - fileDouble = ").toDouble(): null

26-05-2025T09:34:37 - [TEST_STEP][PASSED] - Script1718980020443.WriteToExcelNoData(a, typeOfData, todaysDate, fileInt, fileDouble, dZO): null

26-05-2025T09:34:37 - [TEST_STEP][PASSED] - sheetName = "Sheet1": null

26-05-2025T09:34:37 - [TEST_STEP][PASSED] - data = findTestData("PlanFact"): null

26-05-2025T09:34:37 - [TEST_STEP][PASSED] - n = data.getRowNumbers() + 1: null

26-05-2025T09:34:37 - [TEST_STEP][PASSED] - day = ")).toInteger(): null

26-05-2025T09:34:37 - [TEST_STEP][PASSED] - println(day): null

26-05-2025T09:34:37 - [TEST_STEP][PASSED] - month = ")).toInteger(): null

26-05-2025T09:34:37 - [TEST_STEP][PASSED] - println(month): null

26-05-2025T09:34:37 - [TEST_STEP][PASSED] - y = <not implemented yet for class: org.codehaus.groovy.ast.expr.EmptyExpression>: null

26-05-2025T09:34:37 - [TEST_STEP][PASSED] - iy = <not implemented yet for class: org.codehaus.groovy.ast.expr.EmptyExpression>: null

26-05-2025T09:34:37 - [TEST_STEP][PASSED] - m = getText(findTestObject("Выполнение бизнес-плана/Период")): Text of object 'Object Repository/Выполнение бизнес-плана/Период' is: '1 кв. 2025 года'

26-05-2025T09:34:37 - [MESSAGE][PASSED] - Text of object 'Object Repository/Выполнение бизнес-плана/Период' is: '1 кв. 2025 года'

26-05-2025T09:34:37 - [TEST_STEP][PASSED] - iy = m.indexOf("20"): null

26-05-2025T09:34:37 - [TEST_STEP][PASSED] - if (iy > -1): null

26-05-2025T09:34:37 - [TEST_STEP][PASSED] - y = substring(iy, iy + 4).toInteger(): null

26-05-2025T09:34:37 - [TEST_STEP][PASSED] - println(y): null

26-05-2025T09:34:37 - [TEST_STEP][PASSED] - if (toString().length() == 4): null

26-05-2025T09:34:37 - [TEST_STEP][PASSED] - m = m.substring(0, m.indexOf(y.toString())): null

26-05-2025T09:34:37 - [TEST_STEP][PASSED] - m = m.trim(): null

26-05-2025T09:34:37 - [TEST_STEP][PASSED] - if (m == ""): null

26-05-2025T09:34:37 - [TEST_STEP][PASSED] - dashboardName = "Выполнение бизнес-плана": null

26-05-2025T09:34:37 - [TEST_STEP][PASSED] - workbook01 = getWorkbook(excelFilePath): null

26-05-2025T09:34:37 - [TEST_STEP][PASSED] - sheet01 = getExcelSheet(workbook01, sheetName): null

26-05-2025T09:34:37 - [TEST_STEP][PASSED] - setValueToCellByIndex(sheet01, n, 0, dashboardName): null

26-05-2025T09:34:37 - [TEST_STEP][PASSED] - setValueToCellByIndex(sheet01, n, 1, dZO): null

26-05-2025T09:34:37 - [TEST_STEP][PASSED] - setValueToCellByIndex(sheet01, n, 2, typeOfData): null

26-05-2025T09:34:37 - [TEST_STEP][PASSED] - if (typeOfData == "Факт в процентах" || typeOfData == "План в процентах"): null

26-05-2025T09:34:37 - [TEST_STEP][PASSED] - setValueToCellByIndex(sheet01, n, 3, fileDouble): null

26-05-2025T09:34:37 - [TEST_STEP][PASSED] - setValueToCellByIndex(sheet01, n, 4, "нет данных"): null

26-05-2025T09:34:37 - [TEST_STEP][PASSED] - setValueToCellByIndex(sheet01, n, 5, m): null

26-05-2025T09:34:37 - [TEST_STEP][PASSED] - setValueToCellByIndex(sheet01, n, 6, y): null

26-05-2025T09:34:37 - [TEST_STEP][PASSED] - setValueToCellByIndex(sheet01, n, 7, todaysDate): null

26-05-2025T09:34:37 - [TEST_STEP][PASSED] - n = n + 1: null

26-05-2025T09:34:37 - [TEST_STEP][PASSED] - saveWorkbook(excelFilePath, workbook01): null

26-05-2025T09:34:38 - [TEST_STEP][PASSED] - typeOfData = "Факт в процентах": null

26-05-2025T09:34:38 - [TEST_STEP][PASSED] - fileDouble = ").toDouble(): null

26-05-2025T09:34:38 - [TEST_STEP][PASSED] - Script1718980020443.WriteToExcelNoData(a, typeOfData, todaysDate, fileInt, fileDouble, dZO): null

26-05-2025T09:34:38 - [TEST_STEP][PASSED] - sheetName = "Sheet1": null

26-05-2025T09:34:38 - [TEST_STEP][PASSED] - data = findTestData("PlanFact"): null

26-05-2025T09:34:38 - [TEST_STEP][PASSED] - n = data.getRowNumbers() + 1: null

26-05-2025T09:34:38 - [TEST_STEP][PASSED] - day = ")).toInteger(): null

26-05-2025T09:34:38 - [TEST_STEP][PASSED] - println(day): null

26-05-2025T09:34:38 - [TEST_STEP][PASSED] - month = ")).toInteger(): null

26-05-2025T09:34:38 - [TEST_STEP][PASSED] - println(month): null

26-05-2025T09:34:38 - [TEST_STEP][PASSED] - y = <not implemented yet for class: org.codehaus.groovy.ast.expr.EmptyExpression>: null

26-05-2025T09:34:38 - [TEST_STEP][PASSED] - iy = <not implemented yet for class: org.codehaus.groovy.ast.expr.EmptyExpression>: null

26-05-2025T09:34:38 - [TEST_STEP][PASSED] - m = getText(findTestObject("Выполнение бизнес-плана/Период")): Text of object 'Object Repository/Выполнение бизнес-плана/Период' is: '1 кв. 2025 года'

26-05-2025T09:34:38 - [MESSAGE][PASSED] - Text of object 'Object Repository/Выполнение бизнес-плана/Период' is: '1 кв. 2025 года'

26-05-2025T09:34:38 - [TEST_STEP][PASSED] - iy = m.indexOf("20"): null

26-05-2025T09:34:38 - [TEST_STEP][PASSED] - if (iy > -1): null

26-05-2025T09:34:38 - [TEST_STEP][PASSED] - y = substring(iy, iy + 4).toInteger(): null

26-05-2025T09:34:38 - [TEST_STEP][PASSED] - println(y): null

26-05-2025T09:34:38 - [TEST_STEP][PASSED] - if (toString().length() == 4): null

26-05-2025T09:34:38 - [TEST_STEP][PASSED] - m = m.substring(0, m.indexOf(y.toString())): null

26-05-2025T09:34:38 - [TEST_STEP][PASSED] - m = m.trim(): null

26-05-2025T09:34:38 - [TEST_STEP][PASSED] - if (m == ""): null

26-05-2025T09:34:38 - [TEST_STEP][PASSED] - dashboardName = "Выполнение бизнес-плана": null

26-05-2025T09:34:38 - [TEST_STEP][PASSED] - workbook01 = getWorkbook(excelFilePath): null

26-05-2025T09:34:38 - [TEST_STEP][PASSED] - sheet01 = getExcelSheet(workbook01, sheetName): null

26-05-2025T09:34:38 - [TEST_STEP][PASSED] - setValueToCellByIndex(sheet01, n, 0, dashboardName): null

26-05-2025T09:34:38 - [TEST_STEP][PASSED] - setValueToCellByIndex(sheet01, n, 1, dZO): null

26-05-2025T09:34:38 - [TEST_STEP][PASSED] - setValueToCellByIndex(sheet01, n, 2, typeOfData): null

26-05-2025T09:34:38 - [TEST_STEP][PASSED] - if (typeOfData == "Факт в процентах" || typeOfData == "План в процентах"): null

26-05-2025T09:34:38 - [TEST_STEP][PASSED] - setValueToCellByIndex(sheet01, n, 3, fileDouble): null

26-05-2025T09:34:38 - [TEST_STEP][PASSED] - setValueToCellByIndex(sheet01, n, 4, "нет данных"): null

26-05-2025T09:34:38 - [TEST_STEP][PASSED] - setValueToCellByIndex(sheet01, n, 5, m): null

26-05-2025T09:34:38 - [TEST_STEP][PASSED] - setValueToCellByIndex(sheet01, n, 6, y): null

26-05-2025T09:34:38 - [TEST_STEP][PASSED] - setValueToCellByIndex(sheet01, n, 7, todaysDate): null

26-05-2025T09:34:38 - [TEST_STEP][PASSED] - n = n + 1: null

26-05-2025T09:34:38 - [TEST_STEP][PASSED] - saveWorkbook(excelFilePath, workbook01): null

26-05-2025T09:34:38 - [TEST_STEP][PASSED] - println(dzoNum): null

26-05-2025T09:34:38 - [TEST_STEP][PASSED] - dZO = "Россети Ленэнерго": null

26-05-2025T09:34:38 - [TEST_STEP][PASSED] - a = 77: null

26-05-2025T09:34:38 - [TEST_STEP][PASSED] - if (x1.contains("Ленэнерго")): null

26-05-2025T09:34:38 - [TEST_STEP][PASSED] - else: null

26-05-2025T09:34:38 - [TEST_STEP][PASSED] - Script1718980020443.NoData(a, typeOfData, todaysDate, fileInt, fileDouble, dZO): null

26-05-2025T09:34:38 - [TEST_STEP][PASSED] - println(a): null

26-05-2025T09:34:38 - [TEST_STEP][PASSED] - println(todaysDate): null

26-05-2025T09:34:38 - [TEST_STEP][PASSED] - println(fileInt): null

26-05-2025T09:34:38 - [TEST_STEP][PASSED] - println(fileDouble): null

26-05-2025T09:34:38 - [TEST_STEP][PASSED] - println(dZO): null

26-05-2025T09:34:38 - [TEST_STEP][PASSED] - typeOfData = "Факт Отпуск в сеть": null

26-05-2025T09:34:38 - [TEST_STEP][PASSED] - fileInt = replaceAll("\s+", "").toInteger(): null

26-05-2025T09:34:38 - [TEST_STEP][PASSED] - Script1718980020443.WriteToExcelNoData(a, typeOfData, todaysDate, fileInt, fileDouble, dZO): null

26-05-2025T09:34:38 - [TEST_STEP][PASSED] - sheetName = "Sheet1": null

26-05-2025T09:34:38 - [TEST_STEP][PASSED] - data = findTestData("PlanFact"): null

26-05-2025T09:34:38 - [TEST_STEP][PASSED] - n = data.getRowNumbers() + 1: null

26-05-2025T09:34:38 - [TEST_STEP][PASSED] - day = ")).toInteger(): null

26-05-2025T09:34:38 - [TEST_STEP][PASSED] - println(day): null

26-05-2025T09:34:38 - [TEST_STEP][PASSED] - month = ")).toInteger(): null

26-05-2025T09:34:38 - [TEST_STEP][PASSED] - println(month): null

26-05-2025T09:34:38 - [TEST_STEP][PASSED] - y = <not implemented yet for class: org.codehaus.groovy.ast.expr.EmptyExpression>: null

26-05-2025T09:34:38 - [TEST_STEP][PASSED] - iy = <not implemented yet for class: org.codehaus.groovy.ast.expr.EmptyExpression>: null

26-05-2025T09:34:38 - [TEST_STEP][PASSED] - m = getText(findTestObject("Выполнение бизнес-плана/Период")): Text of object 'Object Repository/Выполнение бизнес-плана/Период' is: '1 кв. 2025 года'

26-05-2025T09:34:39 - [MESSAGE][PASSED] - Text of object 'Object Repository/Выполнение бизнес-плана/Период' is: '1 кв. 2025 года'

26-05-2025T09:34:39 - [TEST_STEP][PASSED] - iy = m.indexOf("20"): null

26-05-2025T09:34:39 - [TEST_STEP][PASSED] - if (iy > -1): null

26-05-2025T09:34:39 - [TEST_STEP][PASSED] - y = substring(iy, iy + 4).toInteger(): null

26-05-2025T09:34:39 - [TEST_STEP][PASSED] - println(y): null

26-05-2025T09:34:39 - [TEST_STEP][PASSED] - if (toString().length() == 4): null

26-05-2025T09:34:39 - [TEST_STEP][PASSED] - m = m.substring(0, m.indexOf(y.toString())): null

26-05-2025T09:34:39 - [TEST_STEP][PASSED] - m = m.trim(): null

26-05-2025T09:34:39 - [TEST_STEP][PASSED] - if (m == ""): null

26-05-2025T09:34:39 - [TEST_STEP][PASSED] - dashboardName = "Выполнение бизнес-плана": null

26-05-2025T09:34:39 - [TEST_STEP][PASSED] - workbook01 = getWorkbook(excelFilePath): null

26-05-2025T09:34:39 - [TEST_STEP][PASSED] - sheet01 = getExcelSheet(workbook01, sheetName): null

26-05-2025T09:34:39 - [TEST_STEP][PASSED] - setValueToCellByIndex(sheet01, n, 0, dashboardName): null

26-05-2025T09:34:39 - [TEST_STEP][PASSED] - setValueToCellByIndex(sheet01, n, 1, dZO): null

26-05-2025T09:34:39 - [TEST_STEP][PASSED] - setValueToCellByIndex(sheet01, n, 2, typeOfData): null

26-05-2025T09:34:39 - [TEST_STEP][PASSED] - if (typeOfData == "Факт в процентах" || typeOfData == "План в процентах"): null

26-05-2025T09:34:39 - [TEST_STEP][PASSED] - else: null

26-05-2025T09:34:39 - [TEST_STEP][PASSED] - setValueToCellByIndex(sheet01, n, 3, fileInt): null

26-05-2025T09:34:39 - [TEST_STEP][PASSED] - setValueToCellByIndex(sheet01, n, 4, "нет данных"): null

26-05-2025T09:34:39 - [TEST_STEP][PASSED] - setValueToCellByIndex(sheet01, n, 5, m): null

26-05-2025T09:34:39 - [TEST_STEP][PASSED] - setValueToCellByIndex(sheet01, n, 6, y): null

26-05-2025T09:34:39 - [TEST_STEP][PASSED] - setValueToCellByIndex(sheet01, n, 7, todaysDate): null

26-05-2025T09:34:39 - [TEST_STEP][PASSED] - n = n + 1: null

26-05-2025T09:34:39 - [TEST_STEP][PASSED] - saveWorkbook(excelFilePath, workbook01): null

26-05-2025T09:34:39 - [TEST_STEP][PASSED] - typeOfData = "Факт Потери": null

26-05-2025T09:34:39 - [TEST_STEP][PASSED] - fileInt = replaceAll("\s+", "").toInteger(): null

26-05-2025T09:34:39 - [TEST_STEP][PASSED] - Script1718980020443.WriteToExcelNoData(a, typeOfData, todaysDate, fileInt, fileDouble, dZO): null

26-05-2025T09:34:39 - [TEST_STEP][PASSED] - sheetName = "Sheet1": null

26-05-2025T09:34:39 - [TEST_STEP][PASSED] - data = findTestData("PlanFact"): null

26-05-2025T09:34:39 - [TEST_STEP][PASSED] - n = data.getRowNumbers() + 1: null

26-05-2025T09:34:39 - [TEST_STEP][PASSED] - day = ")).toInteger(): null

26-05-2025T09:34:39 - [TEST_STEP][PASSED] - println(day): null

26-05-2025T09:34:39 - [TEST_STEP][PASSED] - month = ")).toInteger(): null

26-05-2025T09:34:39 - [TEST_STEP][PASSED] - println(month): null

26-05-2025T09:34:39 - [TEST_STEP][PASSED] - y = <not implemented yet for class: org.codehaus.groovy.ast.expr.EmptyExpression>: null

26-05-2025T09:34:39 - [TEST_STEP][PASSED] - iy = <not implemented yet for class: org.codehaus.groovy.ast.expr.EmptyExpression>: null

26-05-2025T09:34:39 - [TEST_STEP][PASSED] - m = getText(findTestObject("Выполнение бизнес-плана/Период")): Text of object 'Object Repository/Выполнение бизнес-плана/Период' is: '1 кв. 2025 года'

26-05-2025T09:34:39 - [MESSAGE][PASSED] - Text of object 'Object Repository/Выполнение бизнес-плана/Период' is: '1 кв. 2025 года'

26-05-2025T09:34:39 - [TEST_STEP][PASSED] - iy = m.indexOf("20"): null

26-05-2025T09:34:39 - [TEST_STEP][PASSED] - if (iy > -1): null

26-05-2025T09:34:39 - [TEST_STEP][PASSED] - y = substring(iy, iy + 4).toInteger(): null

26-05-2025T09:34:39 - [TEST_STEP][PASSED] - println(y): null

26-05-2025T09:34:39 - [TEST_STEP][PASSED] - if (toString().length() == 4): null

26-05-2025T09:34:39 - [TEST_STEP][PASSED] - m = m.substring(0, m.indexOf(y.toString())): null

26-05-2025T09:34:39 - [TEST_STEP][PASSED] - m = m.trim(): null

26-05-2025T09:34:39 - [TEST_STEP][PASSED] - if (m == ""): null

26-05-2025T09:34:39 - [TEST_STEP][PASSED] - dashboardName = "Выполнение бизнес-плана": null

26-05-2025T09:34:39 - [TEST_STEP][PASSED] - workbook01 = getWorkbook(excelFilePath): null

26-05-2025T09:34:39 - [TEST_STEP][PASSED] - sheet01 = getExcelSheet(workbook01, sheetName): null

26-05-2025T09:34:39 - [TEST_STEP][PASSED] - setValueToCellByIndex(sheet01, n, 0, dashboardName): null

26-05-2025T09:34:39 - [TEST_STEP][PASSED] - setValueToCellByIndex(sheet01, n, 1, dZO): null

26-05-2025T09:34:39 - [TEST_STEP][PASSED] - setValueToCellByIndex(sheet01, n, 2, typeOfData): null

26-05-2025T09:34:39 - [TEST_STEP][PASSED] - if (typeOfData == "Факт в процентах" || typeOfData == "План в процентах"): null

26-05-2025T09:34:39 - [TEST_STEP][PASSED] - else: null

26-05-2025T09:34:39 - [TEST_STEP][PASSED] - setValueToCellByIndex(sheet01, n, 3, fileInt): null

26-05-2025T09:34:39 - [TEST_STEP][PASSED] - setValueToCellByIndex(sheet01, n, 4, "нет данных"): null

26-05-2025T09:34:39 - [TEST_STEP][PASSED] - setValueToCellByIndex(sheet01, n, 5, m): null

26-05-2025T09:34:39 - [TEST_STEP][PASSED] - setValueToCellByIndex(sheet01, n, 6, y): null

26-05-2025T09:34:39 - [TEST_STEP][PASSED] - setValueToCellByIndex(sheet01, n, 7, todaysDate): null

26-05-2025T09:34:39 - [TEST_STEP][PASSED] - n = n + 1: null

26-05-2025T09:34:39 - [TEST_STEP][PASSED] - saveWorkbook(excelFilePath, workbook01): null

26-05-2025T09:34:40 - [TEST_STEP][PASSED] - typeOfData = "План Отпуск в сеть": null

26-05-2025T09:34:40 - [TEST_STEP][PASSED] - fileInt = replaceAll("\s+", "").toInteger(): null

26-05-2025T09:34:40 - [TEST_STEP][PASSED] - Script1718980020443.WriteToExcelNoData(a, typeOfData, todaysDate, fileInt, fileDouble, dZO): null

26-05-2025T09:34:40 - [TEST_STEP][PASSED] - sheetName = "Sheet1": null

26-05-2025T09:34:40 - [TEST_STEP][PASSED] - data = findTestData("PlanFact"): null

26-05-2025T09:34:40 - [TEST_STEP][PASSED] - n = data.getRowNumbers() + 1: null

26-05-2025T09:34:40 - [TEST_STEP][PASSED] - day = ")).toInteger(): null

26-05-2025T09:34:40 - [TEST_STEP][PASSED] - println(day): null

26-05-2025T09:34:40 - [TEST_STEP][PASSED] - month = ")).toInteger(): null

26-05-2025T09:34:40 - [TEST_STEP][PASSED] - println(month): null

26-05-2025T09:34:40 - [TEST_STEP][PASSED] - y = <not implemented yet for class: org.codehaus.groovy.ast.expr.EmptyExpression>: null

26-05-2025T09:34:40 - [TEST_STEP][PASSED] - iy = <not implemented yet for class: org.codehaus.groovy.ast.expr.EmptyExpression>: null

26-05-2025T09:34:40 - [TEST_STEP][PASSED] - m = getText(findTestObject("Выполнение бизнес-плана/Период")): Text of object 'Object Repository/Выполнение бизнес-плана/Период' is: '1 кв. 2025 года'

26-05-2025T09:34:40 - [MESSAGE][PASSED] - Text of object 'Object Repository/Выполнение бизнес-плана/Период' is: '1 кв. 2025 года'

26-05-2025T09:34:40 - [TEST_STEP][PASSED] - iy = m.indexOf("20"): null

26-05-2025T09:34:40 - [TEST_STEP][PASSED] - if (iy > -1): null

26-05-2025T09:34:40 - [TEST_STEP][PASSED] - y = substring(iy, iy + 4).toInteger(): null

26-05-2025T09:34:40 - [TEST_STEP][PASSED] - println(y): null

26-05-2025T09:34:40 - [TEST_STEP][PASSED] - if (toString().length() == 4): null

26-05-2025T09:34:40 - [TEST_STEP][PASSED] - m = m.substring(0, m.indexOf(y.toString())): null

26-05-2025T09:34:40 - [TEST_STEP][PASSED] - m = m.trim(): null

26-05-2025T09:34:40 - [TEST_STEP][PASSED] - if (m == ""): null

26-05-2025T09:34:40 - [TEST_STEP][PASSED] - dashboardName = "Выполнение бизнес-плана": null

26-05-2025T09:34:40 - [TEST_STEP][PASSED] - workbook01 = getWorkbook(excelFilePath): null

26-05-2025T09:34:40 - [TEST_STEP][PASSED] - sheet01 = getExcelSheet(workbook01, sheetName): null

26-05-2025T09:34:40 - [TEST_STEP][PASSED] - setValueToCellByIndex(sheet01, n, 0, dashboardName): null

26-05-2025T09:34:40 - [TEST_STEP][PASSED] - setValueToCellByIndex(sheet01, n, 1, dZO): null

26-05-2025T09:34:40 - [TEST_STEP][PASSED] - setValueToCellByIndex(sheet01, n, 2, typeOfData): null

26-05-2025T09:34:40 - [TEST_STEP][PASSED] - if (typeOfData == "Факт в процентах" || typeOfData == "План в процентах"): null

26-05-2025T09:34:40 - [TEST_STEP][PASSED] - else: null

26-05-2025T09:34:40 - [TEST_STEP][PASSED] - setValueToCellByIndex(sheet01, n, 3, fileInt): null

26-05-2025T09:34:40 - [TEST_STEP][PASSED] - setValueToCellByIndex(sheet01, n, 4, "нет данных"): null

26-05-2025T09:34:40 - [TEST_STEP][PASSED] - setValueToCellByIndex(sheet01, n, 5, m): null

26-05-2025T09:34:40 - [TEST_STEP][PASSED] - setValueToCellByIndex(sheet01, n, 6, y): null

26-05-2025T09:34:40 - [TEST_STEP][PASSED] - setValueToCellByIndex(sheet01, n, 7, todaysDate): null

26-05-2025T09:34:40 - [TEST_STEP][PASSED] - n = n + 1: null

26-05-2025T09:34:40 - [TEST_STEP][PASSED] - saveWorkbook(excelFilePath, workbook01): null

26-05-2025T09:34:40 - [TEST_STEP][PASSED] - typeOfData = "План Потери": null

26-05-2025T09:34:40 - [TEST_STEP][PASSED] - fileInt = replaceAll("\s+", "").toInteger(): null

26-05-2025T09:34:40 - [TEST_STEP][PASSED] - Script1718980020443.WriteToExcelNoData(a, typeOfData, todaysDate, fileInt, fileDouble, dZO): null

26-05-2025T09:34:40 - [TEST_STEP][PASSED] - sheetName = "Sheet1": null

26-05-2025T09:34:40 - [TEST_STEP][PASSED] - data = findTestData("PlanFact"): null

26-05-2025T09:34:40 - [TEST_STEP][PASSED] - n = data.getRowNumbers() + 1: null

26-05-2025T09:34:40 - [TEST_STEP][PASSED] - day = ")).toInteger(): null

26-05-2025T09:34:40 - [TEST_STEP][PASSED] - println(day): null

26-05-2025T09:34:40 - [TEST_STEP][PASSED] - month = ")).toInteger(): null

26-05-2025T09:34:40 - [TEST_STEP][PASSED] - println(month): null

26-05-2025T09:34:40 - [TEST_STEP][PASSED] - y = <not implemented yet for class: org.codehaus.groovy.ast.expr.EmptyExpression>: null

26-05-2025T09:34:40 - [TEST_STEP][PASSED] - iy = <not implemented yet for class: org.codehaus.groovy.ast.expr.EmptyExpression>: null

26-05-2025T09:34:40 - [TEST_STEP][PASSED] - m = getText(findTestObject("Выполнение бизнес-плана/Период")): Text of object 'Object Repository/Выполнение бизнес-плана/Период' is: '1 кв. 2025 года'

26-05-2025T09:34:41 - [MESSAGE][PASSED] - Text of object 'Object Repository/Выполнение бизнес-плана/Период' is: '1 кв. 2025 года'

26-05-2025T09:34:41 - [TEST_STEP][PASSED] - iy = m.indexOf("20"): null

26-05-2025T09:34:41 - [TEST_STEP][PASSED] - if (iy > -1): null

26-05-2025T09:34:41 - [TEST_STEP][PASSED] - y = substring(iy, iy + 4).toInteger(): null

26-05-2025T09:34:41 - [TEST_STEP][PASSED] - println(y): null

26-05-2025T09:34:41 - [TEST_STEP][PASSED] - if (toString().length() == 4): null

26-05-2025T09:34:41 - [TEST_STEP][PASSED] - m = m.substring(0, m.indexOf(y.toString())): null

26-05-2025T09:34:41 - [TEST_STEP][PASSED] - m = m.trim(): null

26-05-2025T09:34:41 - [TEST_STEP][PASSED] - if (m == ""): null

26-05-2025T09:34:41 - [TEST_STEP][PASSED] - dashboardName = "Выполнение бизнес-плана": null

26-05-2025T09:34:41 - [TEST_STEP][PASSED] - workbook01 = getWorkbook(excelFilePath): null

26-05-2025T09:34:41 - [TEST_STEP][PASSED] - sheet01 = getExcelSheet(workbook01, sheetName): null

26-05-2025T09:34:41 - [TEST_STEP][PASSED] - setValueToCellByIndex(sheet01, n, 0, dashboardName): null

26-05-2025T09:34:41 - [TEST_STEP][PASSED] - setValueToCellByIndex(sheet01, n, 1, dZO): null

26-05-2025T09:34:41 - [TEST_STEP][PASSED] - setValueToCellByIndex(sheet01, n, 2, typeOfData): null

26-05-2025T09:34:41 - [TEST_STEP][PASSED] - if (typeOfData == "Факт в процентах" || typeOfData == "План в процентах"): null

26-05-2025T09:34:41 - [TEST_STEP][PASSED] - else: null

26-05-2025T09:34:41 - [TEST_STEP][PASSED] - setValueToCellByIndex(sheet01, n, 3, fileInt): null

26-05-2025T09:34:41 - [TEST_STEP][PASSED] - setValueToCellByIndex(sheet01, n, 4, "нет данных"): null

26-05-2025T09:34:41 - [TEST_STEP][PASSED] - setValueToCellByIndex(sheet01, n, 5, m): null

26-05-2025T09:34:41 - [TEST_STEP][PASSED] - setValueToCellByIndex(sheet01, n, 6, y): null

26-05-2025T09:34:41 - [TEST_STEP][PASSED] - setValueToCellByIndex(sheet01, n, 7, todaysDate): null

26-05-2025T09:34:41 - [TEST_STEP][PASSED] - n = n + 1: null

26-05-2025T09:34:41 - [TEST_STEP][PASSED] - saveWorkbook(excelFilePath, workbook01): null

26-05-2025T09:34:41 - [TEST_STEP][PASSED] - typeOfData = "План в процентах": null

26-05-2025T09:34:41 - [TEST_STEP][PASSED] - fileDouble = ").toDouble(): null

26-05-2025T09:34:41 - [TEST_STEP][PASSED] - Script1718980020443.WriteToExcelNoData(a, typeOfData, todaysDate, fileInt, fileDouble, dZO): null

26-05-2025T09:34:41 - [TEST_STEP][PASSED] - sheetName = "Sheet1": null

26-05-2025T09:34:41 - [TEST_STEP][PASSED] - data = findTestData("PlanFact"): null

26-05-2025T09:34:41 - [TEST_STEP][PASSED] - n = data.getRowNumbers() + 1: null

26-05-2025T09:34:41 - [TEST_STEP][PASSED] - day = ")).toInteger(): null

26-05-2025T09:34:41 - [TEST_STEP][PASSED] - println(day): null

26-05-2025T09:34:41 - [TEST_STEP][PASSED] - month = ")).toInteger(): null

26-05-2025T09:34:41 - [TEST_STEP][PASSED] - println(month): null

26-05-2025T09:34:41 - [TEST_STEP][PASSED] - y = <not implemented yet for class: org.codehaus.groovy.ast.expr.EmptyExpression>: null

26-05-2025T09:34:41 - [TEST_STEP][PASSED] - iy = <not implemented yet for class: org.codehaus.groovy.ast.expr.EmptyExpression>: null

26-05-2025T09:34:41 - [TEST_STEP][PASSED] - m = getText(findTestObject("Выполнение бизнес-плана/Период")): Text of object 'Object Repository/Выполнение бизнес-плана/Период' is: '1 кв. 2025 года'

26-05-2025T09:34:41 - [MESSAGE][PASSED] - Text of object 'Object Repository/Выполнение бизнес-плана/Период' is: '1 кв. 2025 года'

26-05-2025T09:34:41 - [TEST_STEP][PASSED] - iy = m.indexOf("20"): null

26-05-2025T09:34:41 - [TEST_STEP][PASSED] - if (iy > -1): null

26-05-2025T09:34:41 - [TEST_STEP][PASSED] - y = substring(iy, iy + 4).toInteger(): null

26-05-2025T09:34:41 - [TEST_STEP][PASSED] - println(y): null

26-05-2025T09:34:41 - [TEST_STEP][PASSED] - if (toString().length() == 4): null

26-05-2025T09:34:41 - [TEST_STEP][PASSED] - m = m.substring(0, m.indexOf(y.toString())): null

26-05-2025T09:34:41 - [TEST_STEP][PASSED] - m = m.trim(): null

26-05-2025T09:34:41 - [TEST_STEP][PASSED] - if (m == ""): null

26-05-2025T09:34:41 - [TEST_STEP][PASSED] - dashboardName = "Выполнение бизнес-плана": null

26-05-2025T09:34:41 - [TEST_STEP][PASSED] - workbook01 = getWorkbook(excelFilePath): null

26-05-2025T09:34:41 - [TEST_STEP][PASSED] - sheet01 = getExcelSheet(workbook01, sheetName): null

26-05-2025T09:34:41 - [TEST_STEP][PASSED] - setValueToCellByIndex(sheet01, n, 0, dashboardName): null

26-05-2025T09:34:41 - [TEST_STEP][PASSED] - setValueToCellByIndex(sheet01, n, 1, dZO): null

26-05-2025T09:34:41 - [TEST_STEP][PASSED] - setValueToCellByIndex(sheet01, n, 2, typeOfData): null

26-05-2025T09:34:41 - [TEST_STEP][PASSED] - if (typeOfData == "Факт в процентах" || typeOfData == "План в процентах"): null

26-05-2025T09:34:41 - [TEST_STEP][PASSED] - setValueToCellByIndex(sheet01, n, 3, fileDouble): null

26-05-2025T09:34:41 - [TEST_STEP][PASSED] - setValueToCellByIndex(sheet01, n, 4, "нет данных"): null

26-05-2025T09:34:41 - [TEST_STEP][PASSED] - setValueToCellByIndex(sheet01, n, 5, m): null

26-05-2025T09:34:41 - [TEST_STEP][PASSED] - setValueToCellByIndex(sheet01, n, 6, y): null

26-05-2025T09:34:41 - [TEST_STEP][PASSED] - setValueToCellByIndex(sheet01, n, 7, todaysDate): null

26-05-2025T09:34:41 - [TEST_STEP][PASSED] - n = n + 1: null

26-05-2025T09:34:41 - [TEST_STEP][PASSED] - saveWorkbook(excelFilePath, workbook01): null

26-05-2025T09:34:42 - [TEST_STEP][PASSED] - typeOfData = "Факт в процентах": null

26-05-2025T09:34:42 - [TEST_STEP][PASSED] - fileDouble = ").toDouble(): null

26-05-2025T09:34:42 - [TEST_STEP][PASSED] - Script1718980020443.WriteToExcelNoData(a, typeOfData, todaysDate, fileInt, fileDouble, dZO): null

26-05-2025T09:34:42 - [TEST_STEP][PASSED] - sheetName = "Sheet1": null

26-05-2025T09:34:42 - [TEST_STEP][PASSED] - data = findTestData("PlanFact"): null

26-05-2025T09:34:42 - [TEST_STEP][PASSED] - n = data.getRowNumbers() + 1: null

26-05-2025T09:34:42 - [TEST_STEP][PASSED] - day = ")).toInteger(): null

26-05-2025T09:34:42 - [TEST_STEP][PASSED] - println(day): null

26-05-2025T09:34:42 - [TEST_STEP][PASSED] - month = ")).toInteger(): null

26-05-2025T09:34:42 - [TEST_STEP][PASSED] - println(month): null

26-05-2025T09:34:42 - [TEST_STEP][PASSED] - y = <not implemented yet for class: org.codehaus.groovy.ast.expr.EmptyExpression>: null

26-05-2025T09:34:42 - [TEST_STEP][PASSED] - iy = <not implemented yet for class: org.codehaus.groovy.ast.expr.EmptyExpression>: null

26-05-2025T09:34:42 - [TEST_STEP][PASSED] - m = getText(findTestObject("Выполнение бизнес-плана/Период")): Text of object 'Object Repository/Выполнение бизнес-плана/Период' is: '1 кв. 2025 года'

26-05-2025T09:34:42 - [MESSAGE][PASSED] - Text of object 'Object Repository/Выполнение бизнес-плана/Период' is: '1 кв. 2025 года'

26-05-2025T09:34:42 - [TEST_STEP][PASSED] - iy = m.indexOf("20"): null

26-05-2025T09:34:42 - [TEST_STEP][PASSED] - if (iy > -1): null

26-05-2025T09:34:42 - [TEST_STEP][PASSED] - y = substring(iy, iy + 4).toInteger(): null

26-05-2025T09:34:42 - [TEST_STEP][PASSED] - println(y): null

26-05-2025T09:34:42 - [TEST_STEP][PASSED] - if (toString().length() == 4): null

26-05-2025T09:34:42 - [TEST_STEP][PASSED] - m = m.substring(0, m.indexOf(y.toString())): null

26-05-2025T09:34:42 - [TEST_STEP][PASSED] - m = m.trim(): null

26-05-2025T09:34:42 - [TEST_STEP][PASSED] - if (m == ""): null

26-05-2025T09:34:42 - [TEST_STEP][PASSED] - dashboardName = "Выполнение бизнес-плана": null

26-05-2025T09:34:42 - [TEST_STEP][PASSED] - workbook01 = getWorkbook(excelFilePath): null

26-05-2025T09:34:42 - [TEST_STEP][PASSED] - sheet01 = getExcelSheet(workbook01, sheetName): null

26-05-2025T09:34:42 - [TEST_STEP][PASSED] - setValueToCellByIndex(sheet01, n, 0, dashboardName): null

26-05-2025T09:34:42 - [TEST_STEP][PASSED] - setValueToCellByIndex(sheet01, n, 1, dZO): null

26-05-2025T09:34:42 - [TEST_STEP][PASSED] - setValueToCellByIndex(sheet01, n, 2, typeOfData): null

26-05-2025T09:34:42 - [TEST_STEP][PASSED] - if (typeOfData == "Факт в процентах" || typeOfData == "План в процентах"): null

26-05-2025T09:34:42 - [TEST_STEP][PASSED] - setValueToCellByIndex(sheet01, n, 3, fileDouble): null

26-05-2025T09:34:42 - [TEST_STEP][PASSED] - setValueToCellByIndex(sheet01, n, 4, "нет данных"): null

26-05-2025T09:34:42 - [TEST_STEP][PASSED] - setValueToCellByIndex(sheet01, n, 5, m): null

26-05-2025T09:34:42 - [TEST_STEP][PASSED] - setValueToCellByIndex(sheet01, n, 6, y): null

26-05-2025T09:34:42 - [TEST_STEP][PASSED] - setValueToCellByIndex(sheet01, n, 7, todaysDate): null

26-05-2025T09:34:42 - [TEST_STEP][PASSED] - n = n + 1: null

26-05-2025T09:34:42 - [TEST_STEP][PASSED] - saveWorkbook(excelFilePath, workbook01): null

26-05-2025T09:34:42 - [TEST_STEP][PASSED] - println(dzoNum): null

26-05-2025T09:34:42 - [TEST_STEP][PASSED] - dZO = "Россети Московский регион": null

26-05-2025T09:34:42 - [TEST_STEP][PASSED] - a = 74: null

26-05-2025T09:34:42 - [TEST_STEP][PASSED] - if (x1.contains("Московский")): null

26-05-2025T09:34:42 - [TEST_STEP][PASSED] - dzoNum = dzoNum + 1: null

26-05-2025T09:34:42 - [TEST_STEP][PASSED] - Script1718980020443.Numbers(a, typeOfData, todaysDate, pageInt, fileInt, pageDouble, fileDouble, dZO, dzoNum, filialNum): null

26-05-2025T09:34:42 - [TEST_STEP][PASSED] - println(dzoNum): null

26-05-2025T09:34:42 - [TEST_STEP][PASSED] - planFact = <not implemented yet for class: org.codehaus.groovy.ast.expr.EmptyExpression>: null

26-05-2025T09:34:42 - [TEST_STEP][PASSED] - page = <not implemented yet for class: org.codehaus.groovy.ast.expr.EmptyExpression>: null

26-05-2025T09:34:42 - [TEST_STEP][PASSED] - page1 = <not implemented yet for class: org.codehaus.groovy.ast.expr.EmptyExpression>: null

26-05-2025T09:34:42 - [TEST_STEP][PASSED] - page2 = <not implemented yet for class: org.codehaus.groovy.ast.expr.EmptyExpression>: null

26-05-2025T09:34:42 - [TEST_STEP][PASSED] - filialNumberInRow = <not implemented yet for class: org.codehaus.groovy.ast.expr.EmptyExpression>: null

26-05-2025T09:34:42 - [TEST_STEP][PASSED] - filialsDzoNames = <not implemented yet for class: org.codehaus.groovy.ast.expr.EmptyExpression>: null

26-05-2025T09:34:42 - [TEST_STEP][PASSED] - numberOfFilials = <not implemented yet for class: org.codehaus.groovy.ast.expr.EmptyExpression>: null

26-05-2025T09:34:42 - [TEST_STEP][PASSED] - numberOfSpaces = <not implemented yet for class: org.codehaus.groovy.ast.expr.EmptyExpression>: null

26-05-2025T09:34:42 - [TEST_STEP][PASSED] - file = <not implemented yet for class: org.codehaus.groovy.ast.expr.EmptyExpression>: null

26-05-2025T09:34:42 - [TEST_STEP][PASSED] - otpusk = <not implemented yet for class: org.codehaus.groovy.ast.expr.EmptyExpression>: null

26-05-2025T09:34:42 - [TEST_STEP][PASSED] - poteri = <not implemented yet for class: org.codehaus.groovy.ast.expr.EmptyExpression>: null

26-05-2025T09:34:42 - [TEST_STEP][PASSED] - dataFolder = "Выполнение бизнес-плана/Значения со страницы Выполнение бизнес-плана/": null

26-05-2025T09:34:42 - [TEST_STEP][PASSED] - path = <not implemented yet for class: org.codehaus.groovy.ast.expr.EmptyExpression>: null

26-05-2025T09:34:42 - [TEST_STEP][PASSED] - typeOfDataMain = <not implemented yet for class: org.codehaus.groovy.ast.expr.EmptyExpression>: null

26-05-2025T09:34:42 - [TEST_STEP][PASSED] - fileOtpuskVSet = <not implemented yet for class: org.codehaus.groovy.ast.expr.EmptyExpression>: null

26-05-2025T09:34:42 - [TEST_STEP][PASSED] - pageOtpuskVSet = <not implemented yet for class: org.codehaus.groovy.ast.expr.EmptyExpression>: null

26-05-2025T09:34:42 - [TEST_STEP][PASSED] - filePoteri = <not implemented yet for class: org.codehaus.groovy.ast.expr.EmptyExpression>: null

26-05-2025T09:34:42 - [TEST_STEP][PASSED] - pagePoteri = <not implemented yet for class: org.codehaus.groovy.ast.expr.EmptyExpression>: null

26-05-2025T09:34:42 - [TEST_STEP][PASSED] - compare = <not implemented yet for class: org.codehaus.groovy.ast.expr.EmptyExpression>: null

26-05-2025T09:34:42 - [TEST_STEP][PASSED] - b = <not implemented yet for class: org.codehaus.groovy.ast.expr.EmptyExpression>: null

26-05-2025T09:34:42 - [TEST_STEP][PASSED] - i = <not implemented yet for class: org.codehaus.groovy.ast.expr.EmptyExpression>: null

26-05-2025T09:34:42 - [TEST_STEP][PASSED] - ii = <not implemented yet for class: org.codehaus.groovy.ast.expr.EmptyExpression>: null

26-05-2025T09:34:42 - [TEST_STEP][PASSED] - c = <not implemented yet for class: org.codehaus.groovy.ast.expr.EmptyExpression>: null

26-05-2025T09:34:42 - [TEST_STEP][PASSED] - numberOfErrors = 0: null

26-05-2025T09:34:42 - [TEST_STEP][PASSED] - if (a == 82): null

26-05-2025T09:34:42 - [TEST_STEP][PASSED] - b = findTestData("PlanFact").getValue(1, a): null

26-05-2025T09:34:42 - [TEST_STEP][PASSED] - i = b.indexOf(" (ГК)"): null

26-05-2025T09:34:42 - [TEST_STEP][PASSED] - if (i > -1): null

26-05-2025T09:34:42 - [TEST_STEP][PASSED] - i = b.indexOf("О ""): null

26-05-2025T09:34:42 - [TEST_STEP][PASSED] - if (i > -1): null

26-05-2025T09:34:42 - [TEST_STEP][PASSED] - i = b.indexOf("О «"): null

26-05-2025T09:34:42 - [TEST_STEP][PASSED] - if (i > -1): null

26-05-2025T09:34:42 - [TEST_STEP][PASSED] - i = b.indexOf("г. "): null

26-05-2025T09:34:42 - [TEST_STEP][PASSED] - if (i > -1): null

26-05-2025T09:34:42 - [TEST_STEP][PASSED] - b = b.trim(): null

26-05-2025T09:34:42 - [TEST_STEP][PASSED] - println(b): null

26-05-2025T09:34:42 - [TEST_STEP][PASSED] - for ([planFact = 1, planFact < 3, (planFact++)]): Object: 'Object Repository/Выполнение бизнес-плана/Кнопка Факт' is clicked on

26-05-2025T09:34:42 - [TEST_STEP][PASSED] - if (planFact == 1): null

26-05-2025T09:34:42 - [TEST_STEP][PASSED] - typeOfDataMain = "Факт": null

26-05-2025T09:34:42 - [TEST_STEP][PASSED] - otpusk = findTestData("PlanFact").getValue(5, a): null

26-05-2025T09:34:42 - [TEST_STEP][PASSED] - poteri = findTestData("PlanFact").getValue(6, a): null

26-05-2025T09:34:42 - [TEST_STEP][PASSED] - otpusk = otpusk.replaceAll("\s+", ""): null

26-05-2025T09:34:42 - [TEST_STEP][PASSED] - poteri = poteri.replaceAll("\s+", ""): null

26-05-2025T09:34:42 - [TEST_STEP][PASSED] - typeOfData = typeOfDataMain + " Отпуск в сеть": null

26-05-2025T09:34:42 - [TEST_STEP][PASSED] - if (a == 82): null

26-05-2025T09:34:42 - [TEST_STEP][PASSED] - else if (a == 84): null

26-05-2025T09:34:42 - [TEST_STEP][PASSED] - else if (a == 83 || a == 52 || a == 72 || a == 28 || a == 73 || a == 77 || a == 74 || a == 65 || a == 36 || a == 44 || a == 53 || a == 80 || a == 54 || a == 1 || a == 18 || a == 59 || a == 81): null

26-05-2025T09:34:42 - [TEST_STEP][PASSED] - path = dataFolder + "Table Data/" + typeOfData + " за отчётный период " + dzoNum: null

26-05-2025T09:34:42 - [TEST_STEP][PASSED] - println(path): null

26-05-2025T09:34:42 - [TEST_STEP][PASSED] - page = getText(findTestObject(path)): Text of object 'Object Repository/Выполнение бизнес-плана/Значения со страницы Выполнение бизнес-плана/Table Data/Факт Отпуск в сеть за отчётный период 3' is: '28 695 297'

26-05-2025T09:34:43 - [MESSAGE][PASSED] - Text of object 'Object Repository/Выполнение бизнес-плана/Значения со страницы Выполнение бизнес-плана/Table Data/Факт Отпуск в сеть за отчётный период 3' is: '28 695 297'

26-05-2025T09:34:43 - [TEST_STEP][PASSED] - if (page == "" || page == null): null

26-05-2025T09:34:43 - [TEST_STEP][PASSED] - else: null

26-05-2025T09:34:43 - [TEST_STEP][PASSED] - page = page.replaceAll("\s+", ""): null

26-05-2025T09:34:43 - [TEST_STEP][PASSED] - if (page == "undefined"): null

26-05-2025T09:34:43 - [TEST_STEP][PASSED] - fileOtpuskVSet = otpusk.toInteger(): null

26-05-2025T09:34:43 - [TEST_STEP][PASSED] - pageOtpuskVSet = page.toInteger(): null

26-05-2025T09:34:43 - [TEST_STEP][PASSED] - typeOfData = typeOfDataMain + " Потери": null

26-05-2025T09:34:43 - [TEST_STEP][PASSED] - if (a == 82): null

26-05-2025T09:34:43 - [TEST_STEP][PASSED] - else if (a == 84): null

26-05-2025T09:34:43 - [TEST_STEP][PASSED] - else if (a == 83 || a == 52 || a == 72 || a == 28 || a == 73 || a == 77 || a == 74 || a == 65 || a == 36 || a == 44 || a == 53 || a == 80 || a == 54 || a == 1 || a == 18 || a == 59 || a == 81): null

26-05-2025T09:34:43 - [TEST_STEP][PASSED] - path = dataFolder + "Table Data/" + typeOfData + " за отчётный период " + dzoNum: null

26-05-2025T09:34:43 - [TEST_STEP][PASSED] - page = getText(findTestObject(path)): Text of object 'Object Repository/Выполнение бизнес-плана/Значения со страницы Выполнение бизнес-плана/Table Data/Факт Потери за отчётный период 3' is: '2 581 387'

26-05-2025T09:34:43 - [MESSAGE][PASSED] - Text of object 'Object Repository/Выполнение бизнес-плана/Значения со страницы Выполнение бизнес-плана/Table Data/Факт Потери за отчётный период 3' is: '2 581 387'

26-05-2025T09:34:43 - [TEST_STEP][PASSED] - if (page == "" || page == null): null

26-05-2025T09:34:43 - [TEST_STEP][PASSED] - else: null

26-05-2025T09:34:43 - [TEST_STEP][PASSED] - page = page.replaceAll("\s+", ""): null

26-05-2025T09:34:43 - [TEST_STEP][PASSED] - if (page == "undefined"): null

26-05-2025T09:34:43 - [TEST_STEP][PASSED] - filePoteri = poteri.toInteger(): null

26-05-2025T09:34:43 - [TEST_STEP][PASSED] - pagePoteri = page.toInteger(): null

26-05-2025T09:34:43 - [TEST_STEP][PASSED] - compare = pageOtpuskVSet: null

26-05-2025T09:34:43 - [TEST_STEP][PASSED] - if (pageOtpuskVSet != null): null

26-05-2025T09:34:43 - [TEST_STEP][PASSED] - if (compare == fileOtpuskVSet): null

26-05-2025T09:34:43 - [TEST_STEP][PASSED] - if (compare == fileOtpuskVSet): null

26-05-2025T09:34:43 - [TEST_STEP][PASSED] - compare = pagePoteri: null

26-05-2025T09:34:43 - [TEST_STEP][PASSED] - if (pageOtpuskVSet != null): null

26-05-2025T09:34:43 - [TEST_STEP][PASSED] - if (compare == filePoteri): null

26-05-2025T09:34:43 - [TEST_STEP][PASSED] - if (compare == filePoteri): null

26-05-2025T09:34:43 - [TEST_STEP][PASSED] - if (planFact == 2): null

26-05-2025T09:34:43 - [TEST_STEP][PASSED] - if (planFact == 1): null

26-05-2025T09:34:43 - [TEST_STEP][PASSED] - else if (planFact == 2): null

26-05-2025T09:34:43 - [TEST_STEP][PASSED] - click(findTestObject("Выполнение бизнес-плана/Кнопка План")): Object: 'Object Repository/Выполнение бизнес-плана/Кнопка План' is clicked on

26-05-2025T09:34:43 - [MESSAGE][PASSED] - Object: 'Object Repository/Выполнение бизнес-плана/Кнопка План' is clicked on

26-05-2025T09:34:43 - [TEST_STEP][PASSED] - typeOfDataMain = "План": null

26-05-2025T09:34:43 - [TEST_STEP][PASSED] - otpusk = findTestData("PlanFact").getValue(2, a): null

26-05-2025T09:34:43 - [TEST_STEP][PASSED] - poteri = findTestData("PlanFact").getValue(3, a): null

26-05-2025T09:34:43 - [TEST_STEP][PASSED] - otpusk = otpusk.replaceAll("\s+", ""): null

26-05-2025T09:34:43 - [TEST_STEP][PASSED] - poteri = poteri.replaceAll("\s+", ""): null

26-05-2025T09:34:43 - [TEST_STEP][PASSED] - typeOfData = typeOfDataMain + " Отпуск в сеть": null

26-05-2025T09:34:43 - [TEST_STEP][PASSED] - if (a == 82): null

26-05-2025T09:34:43 - [TEST_STEP][PASSED] - else if (a == 84): null

26-05-2025T09:34:43 - [TEST_STEP][PASSED] - else if (a == 83 || a == 52 || a == 72 || a == 28 || a == 73 || a == 77 || a == 74 || a == 65 || a == 36 || a == 44 || a == 53 || a == 80 || a == 54 || a == 1 || a == 18 || a == 59 || a == 81): null

26-05-2025T09:34:43 - [TEST_STEP][PASSED] - path = dataFolder + "Table Data/" + typeOfData + " за отчётный период " + dzoNum: null

26-05-2025T09:34:43 - [TEST_STEP][PASSED] - println(path): null

26-05-2025T09:34:43 - [TEST_STEP][PASSED] - page = getText(findTestObject(path)): Text of object 'Object Repository/Выполнение бизнес-плана/Значения со страницы Выполнение бизнес-плана/Table Data/План Отпуск в сеть за отчётный период 3' is: '30 256 406'

26-05-2025T09:34:44 - [MESSAGE][PASSED] - Text of object 'Object Repository/Выполнение бизнес-плана/Значения со страницы Выполнение бизнес-плана/Table Data/План Отпуск в сеть за отчётный период 3' is: '30 256 406'

26-05-2025T09:34:44 - [TEST_STEP][PASSED] - if (page == "" || page == null): null

26-05-2025T09:34:44 - [TEST_STEP][PASSED] - else: null

26-05-2025T09:34:44 - [TEST_STEP][PASSED] - page = page.replaceAll("\s+", ""): null

26-05-2025T09:34:44 - [TEST_STEP][PASSED] - if (page == "undefined"): null

26-05-2025T09:34:44 - [TEST_STEP][PASSED] - fileOtpuskVSet = otpusk.toInteger(): null

26-05-2025T09:34:44 - [TEST_STEP][PASSED] - pageOtpuskVSet = page.toInteger(): null

26-05-2025T09:34:44 - [TEST_STEP][PASSED] - typeOfData = typeOfDataMain + " Потери": null

26-05-2025T09:34:44 - [TEST_STEP][PASSED] - if (a == 82): null

26-05-2025T09:34:44 - [TEST_STEP][PASSED] - else if (a == 84): null

26-05-2025T09:34:44 - [TEST_STEP][PASSED] - else if (a == 83 || a == 52 || a == 72 || a == 28 || a == 73 || a == 77 || a == 74 || a == 65 || a == 36 || a == 44 || a == 53 || a == 80 || a == 54 || a == 1 || a == 18 || a == 59 || a == 81): null

26-05-2025T09:34:44 - [TEST_STEP][PASSED] - path = dataFolder + "Table Data/" + typeOfData + " за отчётный период " + dzoNum: null

26-05-2025T09:34:44 - [TEST_STEP][PASSED] - page = getText(findTestObject(path)): Text of object 'Object Repository/Выполнение бизнес-плана/Значения со страницы Выполнение бизнес-плана/Table Data/План Потери за отчётный период 3' is: '2 841 883'

26-05-2025T09:34:44 - [MESSAGE][PASSED] - Text of object 'Object Repository/Выполнение бизнес-плана/Значения со страницы Выполнение бизнес-плана/Table Data/План Потери за отчётный период 3' is: '2 841 883'

26-05-2025T09:34:44 - [TEST_STEP][PASSED] - if (page == "" || page == null): null

26-05-2025T09:34:44 - [TEST_STEP][PASSED] - else: null

26-05-2025T09:34:44 - [TEST_STEP][PASSED] - page = page.replaceAll("\s+", ""): null

26-05-2025T09:34:44 - [TEST_STEP][PASSED] - if (page == "undefined"): null

26-05-2025T09:34:44 - [TEST_STEP][PASSED] - filePoteri = poteri.toInteger(): null

26-05-2025T09:34:44 - [TEST_STEP][PASSED] - pagePoteri = page.toInteger(): null

26-05-2025T09:34:44 - [TEST_STEP][PASSED] - compare = pageOtpuskVSet: null

26-05-2025T09:34:44 - [TEST_STEP][PASSED] - if (pageOtpuskVSet != null): null

26-05-2025T09:34:44 - [TEST_STEP][PASSED] - if (compare == fileOtpuskVSet): null

26-05-2025T09:34:44 - [TEST_STEP][PASSED] - if (compare == fileOtpuskVSet): null

26-05-2025T09:34:44 - [TEST_STEP][PASSED] - compare = pagePoteri: null

26-05-2025T09:34:44 - [TEST_STEP][PASSED] - if (pageOtpuskVSet != null): null

26-05-2025T09:34:44 - [TEST_STEP][PASSED] - if (compare == filePoteri): null

26-05-2025T09:34:44 - [TEST_STEP][PASSED] - if (compare == filePoteri): null

26-05-2025T09:34:44 - [TEST_STEP][PASSED] - if (planFact == 2): Object: 'Object Repository/Выполнение бизнес-плана/Кнопка Факт' is clicked on

26-05-2025T09:34:44 - [TEST_STEP][PASSED] - click(findTestObject("Выполнение бизнес-плана/Кнопка Факт")): Object: 'Object Repository/Выполнение бизнес-плана/Кнопка Факт' is clicked on

26-05-2025T09:34:44 - [MESSAGE][PASSED] - Object: 'Object Repository/Выполнение бизнес-плана/Кнопка Факт' is clicked on

26-05-2025T09:34:44 - [TEST_STEP][PASSED] - println("a=" + a): null

26-05-2025T09:34:44 - [TEST_STEP][PASSED] - if (a == 84 || a == 82): null

26-05-2025T09:34:44 - [TEST_STEP][PASSED] - else if (a == 83 || a == 52 || a == 72 || a == 28 || a == 73 || a == 77 || a == 74 || a == 65 || a == 36 || a == 44 || a == 53 || a == 80 || a == 54 || a == 1 || a == 18 || a == 59 || a == 81): null

26-05-2025T09:34:44 - [TEST_STEP][PASSED] - page1 = getText(findTestObject("Object Repository/Выполнение бизнес-плана/spanPlan" + dzoNum)): Text of object 'Object Repository/Выполнение бизнес-плана/spanPlan3' is: '9.39
|'

26-05-2025T09:34:45 - [MESSAGE][PASSED] - Text of object 'Object Repository/Выполнение бизнес-плана/spanPlan3' is: '9.39
|'

26-05-2025T09:34:45 - [TEST_STEP][PASSED] - page1 = page1.replace("|", ""): null

26-05-2025T09:34:45 - [TEST_STEP][PASSED] - page2 = getText(findTestObject("Object Repository/Выполнение бизнес-плана/spanFact" + dzoNum)): Text of object 'Object Repository/Выполнение бизнес-плана/spanFact3' is: '9.00'

26-05-2025T09:34:45 - [MESSAGE][PASSED] - Text of object 'Object Repository/Выполнение бизнес-плана/spanFact3' is: '9.00'

26-05-2025T09:34:45 - [TEST_STEP][PASSED] - page2 = page2.replace("|", ""): null

26-05-2025T09:34:45 - [TEST_STEP][PASSED] - println("page1: " + page1): null

26-05-2025T09:34:45 - [TEST_STEP][PASSED] - println("page2: " + page2): null

26-05-2025T09:34:45 - [TEST_STEP][PASSED] - file = findTestData("PlanFact").getValue(4, a): null

26-05-2025T09:34:45 - [TEST_STEP][PASSED] - file = file.replace(",", "."): null

26-05-2025T09:34:45 - [TEST_STEP][PASSED] - println("file Plan: " + file): null

26-05-2025T09:34:45 - [TEST_STEP][PASSED] - typeOfData = "План в процентах": null

26-05-2025T09:34:45 - [TEST_STEP][PASSED] - fileDouble = file.toDouble(): null

26-05-2025T09:34:45 - [TEST_STEP][PASSED] - pageDouble = page1.toDouble(): null

26-05-2025T09:34:45 - [TEST_STEP][PASSED] - if (fileDouble != pageDouble): null

26-05-2025T09:34:45 - [TEST_STEP][PASSED] - file = findTestData("PlanFact").getValue(7, a): null

26-05-2025T09:34:45 - [TEST_STEP][PASSED] - file = file.replace(",", "."): null

26-05-2025T09:34:45 - [TEST_STEP][PASSED] - println("file Fact: " + file): null

26-05-2025T09:34:45 - [TEST_STEP][PASSED] - fileDouble = file.toDouble(): null

26-05-2025T09:34:45 - [TEST_STEP][PASSED] - typeOfData = "Факт в процентах": null

26-05-2025T09:34:45 - [TEST_STEP][PASSED] - fileDouble = file.toDouble(): null

26-05-2025T09:34:45 - [TEST_STEP][PASSED] - pageDouble = page2.toDouble(): null

26-05-2025T09:34:45 - [TEST_STEP][PASSED] - if (fileDouble != pageDouble): null

26-05-2025T09:34:45 - [TEST_STEP][PASSED] - if (verifyEqual(numberOfErrors, 0) == false): Actual object '0' and expected object '0' are equal

26-05-2025T09:34:45 - [MESSAGE][PASSED] - Actual object '0' and expected object '0' are equal

26-05-2025T09:34:45 - [TEST_STEP][PASSED] - if (a == 82): null

26-05-2025T09:34:45 - [TEST_STEP][PASSED] - println(dzoNum): null

26-05-2025T09:34:45 - [TEST_STEP][PASSED] - dZO = "Россети Северный Кавказ": null

26-05-2025T09:34:45 - [TEST_STEP][PASSED] - a = 65: null

26-05-2025T09:34:45 - [TEST_STEP][PASSED] - if (x1.contains("Кавказ")): null

26-05-2025T09:34:45 - [TEST_STEP][PASSED] - else: null

26-05-2025T09:34:45 - [TEST_STEP][PASSED] - Script1718980020443.NoData(a, typeOfData, todaysDate, fileInt, fileDouble, dZO): null

26-05-2025T09:34:45 - [TEST_STEP][PASSED] - println(a): null

26-05-2025T09:34:45 - [TEST_STEP][PASSED] - println(todaysDate): null

26-05-2025T09:34:45 - [TEST_STEP][PASSED] - println(fileInt): null

26-05-2025T09:34:45 - [TEST_STEP][PASSED] - println(fileDouble): null

26-05-2025T09:34:45 - [TEST_STEP][PASSED] - println(dZO): null

26-05-2025T09:34:45 - [TEST_STEP][PASSED] - typeOfData = "Факт Отпуск в сеть": null

26-05-2025T09:34:45 - [TEST_STEP][PASSED] - fileInt = replaceAll("\s+", "").toInteger(): null

26-05-2025T09:34:45 - [TEST_STEP][PASSED] - Script1718980020443.WriteToExcelNoData(a, typeOfData, todaysDate, fileInt, fileDouble, dZO): null

26-05-2025T09:34:45 - [TEST_STEP][PASSED] - sheetName = "Sheet1": null

26-05-2025T09:34:45 - [TEST_STEP][PASSED] - data = findTestData("PlanFact"): null

26-05-2025T09:34:45 - [TEST_STEP][PASSED] - n = data.getRowNumbers() + 1: null

26-05-2025T09:34:45 - [TEST_STEP][PASSED] - day = ")).toInteger(): null

26-05-2025T09:34:45 - [TEST_STEP][PASSED] - println(day): null

26-05-2025T09:34:45 - [TEST_STEP][PASSED] - month = ")).toInteger(): null

26-05-2025T09:34:45 - [TEST_STEP][PASSED] - println(month): null

26-05-2025T09:34:45 - [TEST_STEP][PASSED] - y = <not implemented yet for class: org.codehaus.groovy.ast.expr.EmptyExpression>: null

26-05-2025T09:34:45 - [TEST_STEP][PASSED] - iy = <not implemented yet for class: org.codehaus.groovy.ast.expr.EmptyExpression>: null

26-05-2025T09:34:45 - [TEST_STEP][PASSED] - m = getText(findTestObject("Выполнение бизнес-плана/Период")): Text of object 'Object Repository/Выполнение бизнес-плана/Период' is: '1 кв. 2025 года'

26-05-2025T09:34:46 - [MESSAGE][PASSED] - Text of object 'Object Repository/Выполнение бизнес-плана/Период' is: '1 кв. 2025 года'

26-05-2025T09:34:46 - [TEST_STEP][PASSED] - iy = m.indexOf("20"): null

26-05-2025T09:34:46 - [TEST_STEP][PASSED] - if (iy > -1): null

26-05-2025T09:34:46 - [TEST_STEP][PASSED] - y = substring(iy, iy + 4).toInteger(): null

26-05-2025T09:34:46 - [TEST_STEP][PASSED] - println(y): null

26-05-2025T09:34:46 - [TEST_STEP][PASSED] - if (toString().length() == 4): null

26-05-2025T09:34:46 - [TEST_STEP][PASSED] - m = m.substring(0, m.indexOf(y.toString())): null

26-05-2025T09:34:46 - [TEST_STEP][PASSED] - m = m.trim(): null

26-05-2025T09:34:46 - [TEST_STEP][PASSED] - if (m == ""): null

26-05-2025T09:34:46 - [TEST_STEP][PASSED] - dashboardName = "Выполнение бизнес-плана": null

26-05-2025T09:34:46 - [TEST_STEP][PASSED] - workbook01 = getWorkbook(excelFilePath): null

26-05-2025T09:34:46 - [TEST_STEP][PASSED] - sheet01 = getExcelSheet(workbook01, sheetName): null

26-05-2025T09:34:46 - [TEST_STEP][PASSED] - setValueToCellByIndex(sheet01, n, 0, dashboardName): null

26-05-2025T09:34:46 - [TEST_STEP][PASSED] - setValueToCellByIndex(sheet01, n, 1, dZO): null

26-05-2025T09:34:46 - [TEST_STEP][PASSED] - setValueToCellByIndex(sheet01, n, 2, typeOfData): null

26-05-2025T09:34:46 - [TEST_STEP][PASSED] - if (typeOfData == "Факт в процентах" || typeOfData == "План в процентах"): null

26-05-2025T09:34:46 - [TEST_STEP][PASSED] - else: null

26-05-2025T09:34:46 - [TEST_STEP][PASSED] - setValueToCellByIndex(sheet01, n, 3, fileInt): null

26-05-2025T09:34:46 - [TEST_STEP][PASSED] - setValueToCellByIndex(sheet01, n, 4, "нет данных"): null

26-05-2025T09:34:46 - [TEST_STEP][PASSED] - setValueToCellByIndex(sheet01, n, 5, m): null

26-05-2025T09:34:46 - [TEST_STEP][PASSED] - setValueToCellByIndex(sheet01, n, 6, y): null

26-05-2025T09:34:46 - [TEST_STEP][PASSED] - setValueToCellByIndex(sheet01, n, 7, todaysDate): null

26-05-2025T09:34:46 - [TEST_STEP][PASSED] - n = n + 1: null

26-05-2025T09:34:46 - [TEST_STEP][PASSED] - saveWorkbook(excelFilePath, workbook01): null

26-05-2025T09:34:46 - [TEST_STEP][PASSED] - typeOfData = "Факт Потери": null

26-05-2025T09:34:46 - [TEST_STEP][PASSED] - fileInt = replaceAll("\s+", "").toInteger(): null

26-05-2025T09:34:46 - [TEST_STEP][PASSED] - Script1718980020443.WriteToExcelNoData(a, typeOfData, todaysDate, fileInt, fileDouble, dZO): null

26-05-2025T09:34:46 - [TEST_STEP][PASSED] - sheetName = "Sheet1": null

26-05-2025T09:34:46 - [TEST_STEP][PASSED] - data = findTestData("PlanFact"): null

26-05-2025T09:34:46 - [TEST_STEP][PASSED] - n = data.getRowNumbers() + 1: null

26-05-2025T09:34:46 - [TEST_STEP][PASSED] - day = ")).toInteger(): null

26-05-2025T09:34:46 - [TEST_STEP][PASSED] - println(day): null

26-05-2025T09:34:46 - [TEST_STEP][PASSED] - month = ")).toInteger(): null

26-05-2025T09:34:46 - [TEST_STEP][PASSED] - println(month): null

26-05-2025T09:34:46 - [TEST_STEP][PASSED] - y = <not implemented yet for class: org.codehaus.groovy.ast.expr.EmptyExpression>: null

26-05-2025T09:34:46 - [TEST_STEP][PASSED] - iy = <not implemented yet for class: org.codehaus.groovy.ast.expr.EmptyExpression>: null

26-05-2025T09:34:46 - [TEST_STEP][PASSED] - m = getText(findTestObject("Выполнение бизнес-плана/Период")): Text of object 'Object Repository/Выполнение бизнес-плана/Период' is: '1 кв. 2025 года'

26-05-2025T09:34:46 - [MESSAGE][PASSED] - Text of object 'Object Repository/Выполнение бизнес-плана/Период' is: '1 кв. 2025 года'

26-05-2025T09:34:46 - [TEST_STEP][PASSED] - iy = m.indexOf("20"): null

26-05-2025T09:34:46 - [TEST_STEP][PASSED] - if (iy > -1): null

26-05-2025T09:34:46 - [TEST_STEP][PASSED] - y = substring(iy, iy + 4).toInteger(): null

26-05-2025T09:34:46 - [TEST_STEP][PASSED] - println(y): null

26-05-2025T09:34:46 - [TEST_STEP][PASSED] - if (toString().length() == 4): null

26-05-2025T09:34:46 - [TEST_STEP][PASSED] - m = m.substring(0, m.indexOf(y.toString())): null

26-05-2025T09:34:46 - [TEST_STEP][PASSED] - m = m.trim(): null

26-05-2025T09:34:46 - [TEST_STEP][PASSED] - if (m == ""): null

26-05-2025T09:34:46 - [TEST_STEP][PASSED] - dashboardName = "Выполнение бизнес-плана": null

26-05-2025T09:34:46 - [TEST_STEP][PASSED] - workbook01 = getWorkbook(excelFilePath): null

26-05-2025T09:34:46 - [TEST_STEP][PASSED] - sheet01 = getExcelSheet(workbook01, sheetName): null

26-05-2025T09:34:46 - [TEST_STEP][PASSED] - setValueToCellByIndex(sheet01, n, 0, dashboardName): null

26-05-2025T09:34:46 - [TEST_STEP][PASSED] - setValueToCellByIndex(sheet01, n, 1, dZO): null

26-05-2025T09:34:46 - [TEST_STEP][PASSED] - setValueToCellByIndex(sheet01, n, 2, typeOfData): null

26-05-2025T09:34:46 - [TEST_STEP][PASSED] - if (typeOfData == "Факт в процентах" || typeOfData == "План в процентах"): null

26-05-2025T09:34:46 - [TEST_STEP][PASSED] - else: null

26-05-2025T09:34:46 - [TEST_STEP][PASSED] - setValueToCellByIndex(sheet01, n, 3, fileInt): null

26-05-2025T09:34:46 - [TEST_STEP][PASSED] - setValueToCellByIndex(sheet01, n, 4, "нет данных"): null

26-05-2025T09:34:46 - [TEST_STEP][PASSED] - setValueToCellByIndex(sheet01, n, 5, m): null

26-05-2025T09:34:46 - [TEST_STEP][PASSED] - setValueToCellByIndex(sheet01, n, 6, y): null

26-05-2025T09:34:46 - [TEST_STEP][PASSED] - setValueToCellByIndex(sheet01, n, 7, todaysDate): null

26-05-2025T09:34:46 - [TEST_STEP][PASSED] - n = n + 1: null

26-05-2025T09:34:46 - [TEST_STEP][PASSED] - saveWorkbook(excelFilePath, workbook01): null

26-05-2025T09:34:47 - [TEST_STEP][PASSED] - typeOfData = "План Отпуск в сеть": null

26-05-2025T09:34:47 - [TEST_STEP][PASSED] - fileInt = replaceAll("\s+", "").toInteger(): null

26-05-2025T09:34:47 - [TEST_STEP][PASSED] - Script1718980020443.WriteToExcelNoData(a, typeOfData, todaysDate, fileInt, fileDouble, dZO): null

26-05-2025T09:34:47 - [TEST_STEP][PASSED] - sheetName = "Sheet1": null

26-05-2025T09:34:47 - [TEST_STEP][PASSED] - data = findTestData("PlanFact"): null

26-05-2025T09:34:47 - [TEST_STEP][PASSED] - n = data.getRowNumbers() + 1: null

26-05-2025T09:34:47 - [TEST_STEP][PASSED] - day = ")).toInteger(): null

26-05-2025T09:34:47 - [TEST_STEP][PASSED] - println(day): null

26-05-2025T09:34:47 - [TEST_STEP][PASSED] - month = ")).toInteger(): null

26-05-2025T09:34:47 - [TEST_STEP][PASSED] - println(month): null

26-05-2025T09:34:47 - [TEST_STEP][PASSED] - y = <not implemented yet for class: org.codehaus.groovy.ast.expr.EmptyExpression>: null

26-05-2025T09:34:47 - [TEST_STEP][PASSED] - iy = <not implemented yet for class: org.codehaus.groovy.ast.expr.EmptyExpression>: null

26-05-2025T09:34:47 - [TEST_STEP][PASSED] - m = getText(findTestObject("Выполнение бизнес-плана/Период")): Text of object 'Object Repository/Выполнение бизнес-плана/Период' is: '1 кв. 2025 года'

26-05-2025T09:34:47 - [MESSAGE][PASSED] - Text of object 'Object Repository/Выполнение бизнес-плана/Период' is: '1 кв. 2025 года'

26-05-2025T09:34:47 - [TEST_STEP][PASSED] - iy = m.indexOf("20"): null

26-05-2025T09:34:47 - [TEST_STEP][PASSED] - if (iy > -1): null

26-05-2025T09:34:47 - [TEST_STEP][PASSED] - y = substring(iy, iy + 4).toInteger(): null

26-05-2025T09:34:47 - [TEST_STEP][PASSED] - println(y): null

26-05-2025T09:34:47 - [TEST_STEP][PASSED] - if (toString().length() == 4): null

26-05-2025T09:34:47 - [TEST_STEP][PASSED] - m = m.substring(0, m.indexOf(y.toString())): null

26-05-2025T09:34:47 - [TEST_STEP][PASSED] - m = m.trim(): null

26-05-2025T09:34:47 - [TEST_STEP][PASSED] - if (m == ""): null

26-05-2025T09:34:47 - [TEST_STEP][PASSED] - dashboardName = "Выполнение бизнес-плана": null

26-05-2025T09:34:47 - [TEST_STEP][PASSED] - workbook01 = getWorkbook(excelFilePath): null

26-05-2025T09:34:47 - [TEST_STEP][PASSED] - sheet01 = getExcelSheet(workbook01, sheetName): null

26-05-2025T09:34:47 - [TEST_STEP][PASSED] - setValueToCellByIndex(sheet01, n, 0, dashboardName): null

26-05-2025T09:34:47 - [TEST_STEP][PASSED] - setValueToCellByIndex(sheet01, n, 1, dZO): null

26-05-2025T09:34:47 - [TEST_STEP][PASSED] - setValueToCellByIndex(sheet01, n, 2, typeOfData): null

26-05-2025T09:34:47 - [TEST_STEP][PASSED] - if (typeOfData == "Факт в процентах" || typeOfData == "План в процентах"): null

26-05-2025T09:34:47 - [TEST_STEP][PASSED] - else: null

26-05-2025T09:34:47 - [TEST_STEP][PASSED] - setValueToCellByIndex(sheet01, n, 3, fileInt): null

26-05-2025T09:34:47 - [TEST_STEP][PASSED] - setValueToCellByIndex(sheet01, n, 4, "нет данных"): null

26-05-2025T09:34:47 - [TEST_STEP][PASSED] - setValueToCellByIndex(sheet01, n, 5, m): null

26-05-2025T09:34:47 - [TEST_STEP][PASSED] - setValueToCellByIndex(sheet01, n, 6, y): null

26-05-2025T09:34:47 - [TEST_STEP][PASSED] - setValueToCellByIndex(sheet01, n, 7, todaysDate): null

26-05-2025T09:34:47 - [TEST_STEP][PASSED] - n = n + 1: null

26-05-2025T09:34:47 - [TEST_STEP][PASSED] - saveWorkbook(excelFilePath, workbook01): null

26-05-2025T09:34:47 - [TEST_STEP][PASSED] - typeOfData = "План Потери": null

26-05-2025T09:34:47 - [TEST_STEP][PASSED] - fileInt = replaceAll("\s+", "").toInteger(): null

26-05-2025T09:34:47 - [TEST_STEP][PASSED] - Script1718980020443.WriteToExcelNoData(a, typeOfData, todaysDate, fileInt, fileDouble, dZO): null

26-05-2025T09:34:47 - [TEST_STEP][PASSED] - sheetName = "Sheet1": null

26-05-2025T09:34:47 - [TEST_STEP][PASSED] - data = findTestData("PlanFact"): null

26-05-2025T09:34:47 - [TEST_STEP][PASSED] - n = data.getRowNumbers() + 1: null

26-05-2025T09:34:47 - [TEST_STEP][PASSED] - day = ")).toInteger(): null

26-05-2025T09:34:47 - [TEST_STEP][PASSED] - println(day): null

26-05-2025T09:34:47 - [TEST_STEP][PASSED] - month = ")).toInteger(): null

26-05-2025T09:34:47 - [TEST_STEP][PASSED] - println(month): null

26-05-2025T09:34:47 - [TEST_STEP][PASSED] - y = <not implemented yet for class: org.codehaus.groovy.ast.expr.EmptyExpression>: null

26-05-2025T09:34:47 - [TEST_STEP][PASSED] - iy = <not implemented yet for class: org.codehaus.groovy.ast.expr.EmptyExpression>: null

26-05-2025T09:34:47 - [TEST_STEP][PASSED] - m = getText(findTestObject("Выполнение бизнес-плана/Период")): Text of object 'Object Repository/Выполнение бизнес-плана/Период' is: '1 кв. 2025 года'

26-05-2025T09:34:48 - [MESSAGE][PASSED] - Text of object 'Object Repository/Выполнение бизнес-плана/Период' is: '1 кв. 2025 года'

26-05-2025T09:34:48 - [TEST_STEP][PASSED] - iy = m.indexOf("20"): null

26-05-2025T09:34:48 - [TEST_STEP][PASSED] - if (iy > -1): null

26-05-2025T09:34:48 - [TEST_STEP][PASSED] - y = substring(iy, iy + 4).toInteger(): null

26-05-2025T09:34:48 - [TEST_STEP][PASSED] - println(y): null

26-05-2025T09:34:48 - [TEST_STEP][PASSED] - if (toString().length() == 4): null

26-05-2025T09:34:48 - [TEST_STEP][PASSED] - m = m.substring(0, m.indexOf(y.toString())): null

26-05-2025T09:34:48 - [TEST_STEP][PASSED] - m = m.trim(): null

26-05-2025T09:34:48 - [TEST_STEP][PASSED] - if (m == ""): null

26-05-2025T09:34:48 - [TEST_STEP][PASSED] - dashboardName = "Выполнение бизнес-плана": null

26-05-2025T09:34:48 - [TEST_STEP][PASSED] - workbook01 = getWorkbook(excelFilePath): null

26-05-2025T09:34:48 - [TEST_STEP][PASSED] - sheet01 = getExcelSheet(workbook01, sheetName): null

26-05-2025T09:34:48 - [TEST_STEP][PASSED] - setValueToCellByIndex(sheet01, n, 0, dashboardName): null

26-05-2025T09:34:48 - [TEST_STEP][PASSED] - setValueToCellByIndex(sheet01, n, 1, dZO): null

26-05-2025T09:34:48 - [TEST_STEP][PASSED] - setValueToCellByIndex(sheet01, n, 2, typeOfData): null

26-05-2025T09:34:48 - [TEST_STEP][PASSED] - if (typeOfData == "Факт в процентах" || typeOfData == "План в процентах"): null

26-05-2025T09:34:48 - [TEST_STEP][PASSED] - else: null

26-05-2025T09:34:48 - [TEST_STEP][PASSED] - setValueToCellByIndex(sheet01, n, 3, fileInt): null

26-05-2025T09:34:48 - [TEST_STEP][PASSED] - setValueToCellByIndex(sheet01, n, 4, "нет данных"): null

26-05-2025T09:34:48 - [TEST_STEP][PASSED] - setValueToCellByIndex(sheet01, n, 5, m): null

26-05-2025T09:34:48 - [TEST_STEP][PASSED] - setValueToCellByIndex(sheet01, n, 6, y): null

26-05-2025T09:34:48 - [TEST_STEP][PASSED] - setValueToCellByIndex(sheet01, n, 7, todaysDate): null

26-05-2025T09:34:48 - [TEST_STEP][PASSED] - n = n + 1: null

26-05-2025T09:34:48 - [TEST_STEP][PASSED] - saveWorkbook(excelFilePath, workbook01): null

26-05-2025T09:34:48 - [TEST_STEP][PASSED] - typeOfData = "План в процентах": null

26-05-2025T09:34:48 - [TEST_STEP][PASSED] - fileDouble = ").toDouble(): null

26-05-2025T09:34:48 - [TEST_STEP][PASSED] - Script1718980020443.WriteToExcelNoData(a, typeOfData, todaysDate, fileInt, fileDouble, dZO): null

26-05-2025T09:34:48 - [TEST_STEP][PASSED] - sheetName = "Sheet1": null

26-05-2025T09:34:48 - [TEST_STEP][PASSED] - data = findTestData("PlanFact"): null

26-05-2025T09:34:48 - [TEST_STEP][PASSED] - n = data.getRowNumbers() + 1: null

26-05-2025T09:34:48 - [TEST_STEP][PASSED] - day = ")).toInteger(): null

26-05-2025T09:34:48 - [TEST_STEP][PASSED] - println(day): null

26-05-2025T09:34:48 - [TEST_STEP][PASSED] - month = ")).toInteger(): null

26-05-2025T09:34:48 - [TEST_STEP][PASSED] - println(month): null

26-05-2025T09:34:48 - [TEST_STEP][PASSED] - y = <not implemented yet for class: org.codehaus.groovy.ast.expr.EmptyExpression>: null

26-05-2025T09:34:48 - [TEST_STEP][PASSED] - iy = <not implemented yet for class: org.codehaus.groovy.ast.expr.EmptyExpression>: null

26-05-2025T09:34:48 - [TEST_STEP][PASSED] - m = getText(findTestObject("Выполнение бизнес-плана/Период")): Text of object 'Object Repository/Выполнение бизнес-плана/Период' is: '1 кв. 2025 года'

26-05-2025T09:34:48 - [MESSAGE][PASSED] - Text of object 'Object Repository/Выполнение бизнес-плана/Период' is: '1 кв. 2025 года'

26-05-2025T09:34:48 - [TEST_STEP][PASSED] - iy = m.indexOf("20"): null

26-05-2025T09:34:48 - [TEST_STEP][PASSED] - if (iy > -1): null

26-05-2025T09:34:48 - [TEST_STEP][PASSED] - y = substring(iy, iy + 4).toInteger(): null

26-05-2025T09:34:48 - [TEST_STEP][PASSED] - println(y): null

26-05-2025T09:34:48 - [TEST_STEP][PASSED] - if (toString().length() == 4): null

26-05-2025T09:34:48 - [TEST_STEP][PASSED] - m = m.substring(0, m.indexOf(y.toString())): null

26-05-2025T09:34:48 - [TEST_STEP][PASSED] - m = m.trim(): null

26-05-2025T09:34:48 - [TEST_STEP][PASSED] - if (m == ""): null

26-05-2025T09:34:48 - [TEST_STEP][PASSED] - dashboardName = "Выполнение бизнес-плана": null

26-05-2025T09:34:48 - [TEST_STEP][PASSED] - workbook01 = getWorkbook(excelFilePath): null

26-05-2025T09:34:48 - [TEST_STEP][PASSED] - sheet01 = getExcelSheet(workbook01, sheetName): null

26-05-2025T09:34:48 - [TEST_STEP][PASSED] - setValueToCellByIndex(sheet01, n, 0, dashboardName): null

26-05-2025T09:34:48 - [TEST_STEP][PASSED] - setValueToCellByIndex(sheet01, n, 1, dZO): null

26-05-2025T09:34:48 - [TEST_STEP][PASSED] - setValueToCellByIndex(sheet01, n, 2, typeOfData): null

26-05-2025T09:34:48 - [TEST_STEP][PASSED] - if (typeOfData == "Факт в процентах" || typeOfData == "План в процентах"): null

26-05-2025T09:34:48 - [TEST_STEP][PASSED] - setValueToCellByIndex(sheet01, n, 3, fileDouble): null

26-05-2025T09:34:48 - [TEST_STEP][PASSED] - setValueToCellByIndex(sheet01, n, 4, "нет данных"): null

26-05-2025T09:34:48 - [TEST_STEP][PASSED] - setValueToCellByIndex(sheet01, n, 5, m): null

26-05-2025T09:34:48 - [TEST_STEP][PASSED] - setValueToCellByIndex(sheet01, n, 6, y): null

26-05-2025T09:34:48 - [TEST_STEP][PASSED] - setValueToCellByIndex(sheet01, n, 7, todaysDate): null

26-05-2025T09:34:48 - [TEST_STEP][PASSED] - n = n + 1: null

26-05-2025T09:34:48 - [TEST_STEP][PASSED] - saveWorkbook(excelFilePath, workbook01): null

26-05-2025T09:34:48 - [TEST_STEP][PASSED] - typeOfData = "Факт в процентах": null

26-05-2025T09:34:48 - [TEST_STEP][PASSED] - fileDouble = ").toDouble(): null

26-05-2025T09:34:49 - [TEST_STEP][PASSED] - Script1718980020443.WriteToExcelNoData(a, typeOfData, todaysDate, fileInt, fileDouble, dZO): null

26-05-2025T09:34:49 - [TEST_STEP][PASSED] - sheetName = "Sheet1": null

26-05-2025T09:34:49 - [TEST_STEP][PASSED] - data = findTestData("PlanFact"): null

26-05-2025T09:34:49 - [TEST_STEP][PASSED] - n = data.getRowNumbers() + 1: null

26-05-2025T09:34:49 - [TEST_STEP][PASSED] - day = ")).toInteger(): null

26-05-2025T09:34:49 - [TEST_STEP][PASSED] - println(day): null

26-05-2025T09:34:49 - [TEST_STEP][PASSED] - month = ")).toInteger(): null

26-05-2025T09:34:49 - [TEST_STEP][PASSED] - println(month): null

26-05-2025T09:34:49 - [TEST_STEP][PASSED] - y = <not implemented yet for class: org.codehaus.groovy.ast.expr.EmptyExpression>: null

26-05-2025T09:34:49 - [TEST_STEP][PASSED] - iy = <not implemented yet for class: org.codehaus.groovy.ast.expr.EmptyExpression>: null

26-05-2025T09:34:49 - [TEST_STEP][PASSED] - m = getText(findTestObject("Выполнение бизнес-плана/Период")): Text of object 'Object Repository/Выполнение бизнес-плана/Период' is: '1 кв. 2025 года'

26-05-2025T09:34:49 - [MESSAGE][PASSED] - Text of object 'Object Repository/Выполнение бизнес-плана/Период' is: '1 кв. 2025 года'

26-05-2025T09:34:49 - [TEST_STEP][PASSED] - iy = m.indexOf("20"): null

26-05-2025T09:34:49 - [TEST_STEP][PASSED] - if (iy > -1): null

26-05-2025T09:34:49 - [TEST_STEP][PASSED] - y = substring(iy, iy + 4).toInteger(): null

26-05-2025T09:34:49 - [TEST_STEP][PASSED] - println(y): null

26-05-2025T09:34:49 - [TEST_STEP][PASSED] - if (toString().length() == 4): null

26-05-2025T09:34:49 - [TEST_STEP][PASSED] - m = m.substring(0, m.indexOf(y.toString())): null

26-05-2025T09:34:49 - [TEST_STEP][PASSED] - m = m.trim(): null

26-05-2025T09:34:49 - [TEST_STEP][PASSED] - if (m == ""): null

26-05-2025T09:34:49 - [TEST_STEP][PASSED] - dashboardName = "Выполнение бизнес-плана": null

26-05-2025T09:34:49 - [TEST_STEP][PASSED] - workbook01 = getWorkbook(excelFilePath): null

26-05-2025T09:34:49 - [TEST_STEP][PASSED] - sheet01 = getExcelSheet(workbook01, sheetName): null

26-05-2025T09:34:49 - [TEST_STEP][PASSED] - setValueToCellByIndex(sheet01, n, 0, dashboardName): null

26-05-2025T09:34:49 - [TEST_STEP][PASSED] - setValueToCellByIndex(sheet01, n, 1, dZO): null

26-05-2025T09:34:49 - [TEST_STEP][PASSED] - setValueToCellByIndex(sheet01, n, 2, typeOfData): null

26-05-2025T09:34:49 - [TEST_STEP][PASSED] - if (typeOfData == "Факт в процентах" || typeOfData == "План в процентах"): null

26-05-2025T09:34:49 - [TEST_STEP][PASSED] - setValueToCellByIndex(sheet01, n, 3, fileDouble): null

26-05-2025T09:34:49 - [TEST_STEP][PASSED] - setValueToCellByIndex(sheet01, n, 4, "нет данных"): null

26-05-2025T09:34:49 - [TEST_STEP][PASSED] - setValueToCellByIndex(sheet01, n, 5, m): null

26-05-2025T09:34:49 - [TEST_STEP][PASSED] - setValueToCellByIndex(sheet01, n, 6, y): null

26-05-2025T09:34:49 - [TEST_STEP][PASSED] - setValueToCellByIndex(sheet01, n, 7, todaysDate): null

26-05-2025T09:34:49 - [TEST_STEP][PASSED] - n = n + 1: null

26-05-2025T09:34:49 - [TEST_STEP][PASSED] - saveWorkbook(excelFilePath, workbook01): null

26-05-2025T09:34:49 - [TEST_STEP][PASSED] - println(dzoNum): null

26-05-2025T09:34:49 - [TEST_STEP][PASSED] - dZO = "Россети Северо-Запад": null

26-05-2025T09:34:49 - [TEST_STEP][PASSED] - a = 36: null

26-05-2025T09:34:49 - [TEST_STEP][PASSED] - if (x1.contains("Северо-Запад")): null

26-05-2025T09:34:49 - [TEST_STEP][PASSED] - dzoNum = dzoNum + 1: null

26-05-2025T09:34:49 - [TEST_STEP][PASSED] - Script1718980020443.Numbers(a, typeOfData, todaysDate, pageInt, fileInt, pageDouble, fileDouble, dZO, dzoNum, filialNum): null

26-05-2025T09:34:49 - [TEST_STEP][PASSED] - println(dzoNum): null

26-05-2025T09:34:49 - [TEST_STEP][PASSED] - planFact = <not implemented yet for class: org.codehaus.groovy.ast.expr.EmptyExpression>: null

26-05-2025T09:34:49 - [TEST_STEP][PASSED] - page = <not implemented yet for class: org.codehaus.groovy.ast.expr.EmptyExpression>: null

26-05-2025T09:34:49 - [TEST_STEP][PASSED] - page1 = <not implemented yet for class: org.codehaus.groovy.ast.expr.EmptyExpression>: null

26-05-2025T09:34:49 - [TEST_STEP][PASSED] - page2 = <not implemented yet for class: org.codehaus.groovy.ast.expr.EmptyExpression>: null

26-05-2025T09:34:49 - [TEST_STEP][PASSED] - filialNumberInRow = <not implemented yet for class: org.codehaus.groovy.ast.expr.EmptyExpression>: null

26-05-2025T09:34:49 - [TEST_STEP][PASSED] - filialsDzoNames = <not implemented yet for class: org.codehaus.groovy.ast.expr.EmptyExpression>: null

26-05-2025T09:34:49 - [TEST_STEP][PASSED] - numberOfFilials = <not implemented yet for class: org.codehaus.groovy.ast.expr.EmptyExpression>: null

26-05-2025T09:34:49 - [TEST_STEP][PASSED] - numberOfSpaces = <not implemented yet for class: org.codehaus.groovy.ast.expr.EmptyExpression>: null

26-05-2025T09:34:49 - [TEST_STEP][PASSED] - file = <not implemented yet for class: org.codehaus.groovy.ast.expr.EmptyExpression>: null

26-05-2025T09:34:49 - [TEST_STEP][PASSED] - otpusk = <not implemented yet for class: org.codehaus.groovy.ast.expr.EmptyExpression>: null

26-05-2025T09:34:49 - [TEST_STEP][PASSED] - poteri = <not implemented yet for class: org.codehaus.groovy.ast.expr.EmptyExpression>: null

26-05-2025T09:34:49 - [TEST_STEP][PASSED] - dataFolder = "Выполнение бизнес-плана/Значения со страницы Выполнение бизнес-плана/": null

26-05-2025T09:34:49 - [TEST_STEP][PASSED] - path = <not implemented yet for class: org.codehaus.groovy.ast.expr.EmptyExpression>: null

26-05-2025T09:34:49 - [TEST_STEP][PASSED] - typeOfDataMain = <not implemented yet for class: org.codehaus.groovy.ast.expr.EmptyExpression>: null

26-05-2025T09:34:49 - [TEST_STEP][PASSED] - fileOtpuskVSet = <not implemented yet for class: org.codehaus.groovy.ast.expr.EmptyExpression>: null

26-05-2025T09:34:49 - [TEST_STEP][PASSED] - pageOtpuskVSet = <not implemented yet for class: org.codehaus.groovy.ast.expr.EmptyExpression>: null

26-05-2025T09:34:49 - [TEST_STEP][PASSED] - filePoteri = <not implemented yet for class: org.codehaus.groovy.ast.expr.EmptyExpression>: null

26-05-2025T09:34:49 - [TEST_STEP][PASSED] - pagePoteri = <not implemented yet for class: org.codehaus.groovy.ast.expr.EmptyExpression>: null

26-05-2025T09:34:49 - [TEST_STEP][PASSED] - compare = <not implemented yet for class: org.codehaus.groovy.ast.expr.EmptyExpression>: null

26-05-2025T09:34:49 - [TEST_STEP][PASSED] - b = <not implemented yet for class: org.codehaus.groovy.ast.expr.EmptyExpression>: null

26-05-2025T09:34:49 - [TEST_STEP][PASSED] - i = <not implemented yet for class: org.codehaus.groovy.ast.expr.EmptyExpression>: null

26-05-2025T09:34:49 - [TEST_STEP][PASSED] - ii = <not implemented yet for class: org.codehaus.groovy.ast.expr.EmptyExpression>: null

26-05-2025T09:34:49 - [TEST_STEP][PASSED] - c = <not implemented yet for class: org.codehaus.groovy.ast.expr.EmptyExpression>: null

26-05-2025T09:34:49 - [TEST_STEP][PASSED] - numberOfErrors = 0: null

26-05-2025T09:34:49 - [TEST_STEP][PASSED] - if (a == 82): null

26-05-2025T09:34:49 - [TEST_STEP][PASSED] - b = findTestData("PlanFact").getValue(1, a): null

26-05-2025T09:34:49 - [TEST_STEP][PASSED] - i = b.indexOf(" (ГК)"): null

26-05-2025T09:34:49 - [TEST_STEP][PASSED] - if (i > -1): null

26-05-2025T09:34:49 - [TEST_STEP][PASSED] - i = b.indexOf("О ""): null

26-05-2025T09:34:49 - [TEST_STEP][PASSED] - if (i > -1): null

26-05-2025T09:34:49 - [TEST_STEP][PASSED] - i = b.indexOf("О «"): null

26-05-2025T09:34:49 - [TEST_STEP][PASSED] - if (i > -1): null

26-05-2025T09:34:49 - [TEST_STEP][PASSED] - i = b.indexOf("г. "): null

26-05-2025T09:34:49 - [TEST_STEP][PASSED] - if (i > -1): null

26-05-2025T09:34:49 - [TEST_STEP][PASSED] - b = b.trim(): null

26-05-2025T09:34:49 - [TEST_STEP][PASSED] - println(b): null

26-05-2025T09:34:49 - [TEST_STEP][PASSED] - for ([planFact = 1, planFact < 3, (planFact++)]): null

26-05-2025T09:34:49 - [TEST_STEP][PASSED] - if (planFact == 1): null

26-05-2025T09:34:49 - [TEST_STEP][PASSED] - typeOfDataMain = "Факт": null

26-05-2025T09:34:49 - [TEST_STEP][PASSED] - otpusk = findTestData("PlanFact").getValue(5, a): null

26-05-2025T09:34:49 - [TEST_STEP][PASSED] - poteri = findTestData("PlanFact").getValue(6, a): null

26-05-2025T09:34:49 - [TEST_STEP][PASSED] - otpusk = otpusk.replaceAll("\s+", ""): null

26-05-2025T09:34:49 - [TEST_STEP][PASSED] - poteri = poteri.replaceAll("\s+", ""): null

26-05-2025T09:34:49 - [TEST_STEP][PASSED] - typeOfData = typeOfDataMain + " Отпуск в сеть": null

26-05-2025T09:34:49 - [TEST_STEP][PASSED] - if (a == 82): null

26-05-2025T09:34:49 - [TEST_STEP][PASSED] - else if (a == 84): null

26-05-2025T09:34:49 - [TEST_STEP][PASSED] - else if (a == 83 || a == 52 || a == 72 || a == 28 || a == 73 || a == 77 || a == 74 || a == 65 || a == 36 || a == 44 || a == 53 || a == 80 || a == 54 || a == 1 || a == 18 || a == 59 || a == 81): null

26-05-2025T09:34:49 - [TEST_STEP][PASSED] - path = dataFolder + "Table Data/" + typeOfData + " за отчётный период " + dzoNum: null

26-05-2025T09:34:49 - [TEST_STEP][PASSED] - println(path): null

26-05-2025T09:34:49 - [TEST_STEP][PASSED] - page = getText(findTestObject(path)): Text of object 'Object Repository/Выполнение бизнес-плана/Значения со страницы Выполнение бизнес-плана/Table Data/Факт Отпуск в сеть за отчётный период 4' is: '6 258 254'

26-05-2025T09:34:50 - [MESSAGE][PASSED] - Text of object 'Object Repository/Выполнение бизнес-плана/Значения со страницы Выполнение бизнес-плана/Table Data/Факт Отпуск в сеть за отчётный период 4' is: '6 258 254'

26-05-2025T09:34:50 - [TEST_STEP][PASSED] - if (page == "" || page == null): null

26-05-2025T09:34:50 - [TEST_STEP][PASSED] - else: null

26-05-2025T09:34:50 - [TEST_STEP][PASSED] - page = page.replaceAll("\s+", ""): null

26-05-2025T09:34:50 - [TEST_STEP][PASSED] - if (page == "undefined"): null

26-05-2025T09:34:50 - [TEST_STEP][PASSED] - fileOtpuskVSet = otpusk.toInteger(): null

26-05-2025T09:34:50 - [TEST_STEP][PASSED] - pageOtpuskVSet = page.toInteger(): null

26-05-2025T09:34:50 - [TEST_STEP][PASSED] - typeOfData = typeOfDataMain + " Потери": null

26-05-2025T09:34:50 - [TEST_STEP][PASSED] - if (a == 82): null

26-05-2025T09:34:50 - [TEST_STEP][PASSED] - else if (a == 84): null

26-05-2025T09:34:50 - [TEST_STEP][PASSED] - else if (a == 83 || a == 52 || a == 72 || a == 28 || a == 73 || a == 77 || a == 74 || a == 65 || a == 36 || a == 44 || a == 53 || a == 80 || a == 54 || a == 1 || a == 18 || a == 59 || a == 81): null

26-05-2025T09:34:50 - [TEST_STEP][PASSED] - path = dataFolder + "Table Data/" + typeOfData + " за отчётный период " + dzoNum: null

26-05-2025T09:34:50 - [TEST_STEP][PASSED] - page = getText(findTestObject(path)): Text of object 'Object Repository/Выполнение бизнес-плана/Значения со страницы Выполнение бизнес-плана/Table Data/Факт Потери за отчётный период 4' is: '326 542'

26-05-2025T09:34:50 - [MESSAGE][PASSED] - Text of object 'Object Repository/Выполнение бизнес-плана/Значения со страницы Выполнение бизнес-плана/Table Data/Факт Потери за отчётный период 4' is: '326 542'

26-05-2025T09:34:50 - [TEST_STEP][PASSED] - if (page == "" || page == null): null

26-05-2025T09:34:50 - [TEST_STEP][PASSED] - else: null

26-05-2025T09:34:50 - [TEST_STEP][PASSED] - page = page.replaceAll("\s+", ""): null

26-05-2025T09:34:50 - [TEST_STEP][PASSED] - if (page == "undefined"): null

26-05-2025T09:34:50 - [TEST_STEP][PASSED] - filePoteri = poteri.toInteger(): null

26-05-2025T09:34:50 - [TEST_STEP][PASSED] - pagePoteri = page.toInteger(): null

26-05-2025T09:34:50 - [TEST_STEP][PASSED] - compare = pageOtpuskVSet: null

26-05-2025T09:34:50 - [TEST_STEP][PASSED] - if (pageOtpuskVSet != null): null

26-05-2025T09:34:50 - [TEST_STEP][PASSED] - if (compare == fileOtpuskVSet): null

26-05-2025T09:34:50 - [TEST_STEP][PASSED] - else if (compare > fileOtpuskVSet): null

26-05-2025T09:34:50 - [TEST_STEP][PASSED] - else if (compare < fileOtpuskVSet): null

26-05-2025T09:34:50 - [TEST_STEP][PASSED] - compare = compare + 1: null

26-05-2025T09:34:50 - [TEST_STEP][PASSED] - if (compare == fileOtpuskVSet): null

26-05-2025T09:34:50 - [TEST_STEP][PASSED] - else: null

26-05-2025T09:34:50 - [TEST_STEP][PASSED] - numberOfErrors = numberOfErrors + 1: null

26-05-2025T09:34:50 - [TEST_STEP][PASSED] - pageInt = pageOtpuskVSet: null

26-05-2025T09:34:50 - [TEST_STEP][PASSED] - fileInt = fileOtpuskVSet: null

26-05-2025T09:34:50 - [TEST_STEP][PASSED] - typeOfData = typeOfDataMain + " Отпуск в сеть": null

26-05-2025T09:34:50 - [TEST_STEP][PASSED] - Script1718980020443.WriteToExcel(a, typeOfData, todaysDate, pageInt, fileInt, pageDouble, fileDouble, dZO): null

26-05-2025T09:34:50 - [TEST_STEP][PASSED] - sheetName = "Sheet1": null

26-05-2025T09:34:50 - [TEST_STEP][PASSED] - data = findTestData("PlanFact"): null

26-05-2025T09:34:50 - [TEST_STEP][PASSED] - n = data.getRowNumbers() + 1: null

26-05-2025T09:34:50 - [TEST_STEP][PASSED] - day = ")).toInteger(): null

26-05-2025T09:34:50 - [TEST_STEP][PASSED] - println(day): null

26-05-2025T09:34:50 - [TEST_STEP][PASSED] - month = ")).toInteger(): null

26-05-2025T09:34:50 - [TEST_STEP][PASSED] - println(month): null

26-05-2025T09:34:50 - [TEST_STEP][PASSED] - y = <not implemented yet for class: org.codehaus.groovy.ast.expr.EmptyExpression>: null

26-05-2025T09:34:50 - [TEST_STEP][PASSED] - iy = <not implemented yet for class: org.codehaus.groovy.ast.expr.EmptyExpression>: null

26-05-2025T09:34:50 - [TEST_STEP][PASSED] - m = getText(findTestObject("Выполнение бизнес-плана/Период")): Text of object 'Object Repository/Выполнение бизнес-плана/Период' is: '1 кв. 2025 года'

26-05-2025T09:34:50 - [MESSAGE][PASSED] - Text of object 'Object Repository/Выполнение бизнес-плана/Период' is: '1 кв. 2025 года'

26-05-2025T09:34:50 - [TEST_STEP][PASSED] - iy = m.indexOf("20"): null

26-05-2025T09:34:50 - [TEST_STEP][PASSED] - if (iy > -1): null

26-05-2025T09:34:50 - [TEST_STEP][PASSED] - y = substring(iy, iy + 4).toInteger(): null

26-05-2025T09:34:50 - [TEST_STEP][PASSED] - println(y): null

26-05-2025T09:34:50 - [TEST_STEP][PASSED] - if (toString().length() == 4): null

26-05-2025T09:34:50 - [TEST_STEP][PASSED] - m = m.substring(0, m.indexOf(y.toString())): null

26-05-2025T09:34:50 - [TEST_STEP][PASSED] - m = m.trim(): null

26-05-2025T09:34:50 - [TEST_STEP][PASSED] - if (m == ""): null

26-05-2025T09:34:50 - [TEST_STEP][PASSED] - dashboardName = "Выполнение бизнес-плана": null

26-05-2025T09:34:50 - [TEST_STEP][PASSED] - workbook01 = getWorkbook(excelFilePath): null

26-05-2025T09:34:50 - [TEST_STEP][PASSED] - sheet01 = getExcelSheet(workbook01, sheetName): null

26-05-2025T09:34:50 - [TEST_STEP][PASSED] - setValueToCellByIndex(sheet01, n, 0, dashboardName): null

26-05-2025T09:34:50 - [TEST_STEP][PASSED] - setValueToCellByIndex(sheet01, n, 1, dZO): null

26-05-2025T09:34:50 - [TEST_STEP][PASSED] - setValueToCellByIndex(sheet01, n, 2, typeOfData): null

26-05-2025T09:34:50 - [TEST_STEP][PASSED] - if (typeOfData == "Факт в процентах" || typeOfData == "План в процентах"): null

26-05-2025T09:34:50 - [TEST_STEP][PASSED] - else: null

26-05-2025T09:34:50 - [TEST_STEP][PASSED] - setValueToCellByIndex(sheet01, n, 3, fileInt): null

26-05-2025T09:34:50 - [TEST_STEP][PASSED] - setValueToCellByIndex(sheet01, n, 4, pageInt): null

26-05-2025T09:34:50 - [TEST_STEP][PASSED] - setValueToCellByIndex(sheet01, n, 5, m): null

26-05-2025T09:34:50 - [TEST_STEP][PASSED] - setValueToCellByIndex(sheet01, n, 6, y): null

26-05-2025T09:34:50 - [TEST_STEP][PASSED] - setValueToCellByIndex(sheet01, n, 7, todaysDate): null

26-05-2025T09:34:50 - [TEST_STEP][PASSED] - n = n + 1: null

26-05-2025T09:34:50 - [TEST_STEP][PASSED] - saveWorkbook(excelFilePath, workbook01): null

26-05-2025T09:34:51 - [TEST_STEP][PASSED] - compare = pagePoteri: null

26-05-2025T09:34:51 - [TEST_STEP][PASSED] - if (pageOtpuskVSet != null): null

26-05-2025T09:34:51 - [TEST_STEP][PASSED] - if (compare == filePoteri): null

26-05-2025T09:34:51 - [TEST_STEP][PASSED] - else if (compare > filePoteri): null

26-05-2025T09:34:51 - [TEST_STEP][PASSED] - else if (compare < filePoteri): null

26-05-2025T09:34:51 - [TEST_STEP][PASSED] - compare = compare + 1: null

26-05-2025T09:34:51 - [TEST_STEP][PASSED] - if (compare == filePoteri): null

26-05-2025T09:34:51 - [TEST_STEP][PASSED] - else: null

26-05-2025T09:34:51 - [TEST_STEP][PASSED] - numberOfErrors = numberOfErrors + 1: null

26-05-2025T09:34:51 - [TEST_STEP][PASSED] - pageInt = pagePoteri: null

26-05-2025T09:34:51 - [TEST_STEP][PASSED] - fileInt = filePoteri: null

26-05-2025T09:34:51 - [TEST_STEP][PASSED] - typeOfData = typeOfDataMain + " Потери": null

26-05-2025T09:34:51 - [TEST_STEP][PASSED] - Script1718980020443.WriteToExcel(a, typeOfData, todaysDate, pageInt, fileInt, pageDouble, fileDouble, dZO): null

26-05-2025T09:34:51 - [TEST_STEP][PASSED] - sheetName = "Sheet1": null

26-05-2025T09:34:51 - [TEST_STEP][PASSED] - data = findTestData("PlanFact"): null

26-05-2025T09:34:51 - [TEST_STEP][PASSED] - n = data.getRowNumbers() + 1: null

26-05-2025T09:34:51 - [TEST_STEP][PASSED] - day = ")).toInteger(): null

26-05-2025T09:34:51 - [TEST_STEP][PASSED] - println(day): null

26-05-2025T09:34:51 - [TEST_STEP][PASSED] - month = ")).toInteger(): null

26-05-2025T09:34:51 - [TEST_STEP][PASSED] - println(month): null

26-05-2025T09:34:51 - [TEST_STEP][PASSED] - y = <not implemented yet for class: org.codehaus.groovy.ast.expr.EmptyExpression>: null

26-05-2025T09:34:51 - [TEST_STEP][PASSED] - iy = <not implemented yet for class: org.codehaus.groovy.ast.expr.EmptyExpression>: null

26-05-2025T09:34:51 - [TEST_STEP][PASSED] - m = getText(findTestObject("Выполнение бизнес-плана/Период")): Text of object 'Object Repository/Выполнение бизнес-плана/Период' is: '1 кв. 2025 года'

26-05-2025T09:34:51 - [MESSAGE][PASSED] - Text of object 'Object Repository/Выполнение бизнес-плана/Период' is: '1 кв. 2025 года'

26-05-2025T09:34:51 - [TEST_STEP][PASSED] - iy = m.indexOf("20"): null

26-05-2025T09:34:51 - [TEST_STEP][PASSED] - if (iy > -1): null

26-05-2025T09:34:51 - [TEST_STEP][PASSED] - y = substring(iy, iy + 4).toInteger(): null

26-05-2025T09:34:51 - [TEST_STEP][PASSED] - println(y): null

26-05-2025T09:34:51 - [TEST_STEP][PASSED] - if (toString().length() == 4): null

26-05-2025T09:34:51 - [TEST_STEP][PASSED] - m = m.substring(0, m.indexOf(y.toString())): null

26-05-2025T09:34:51 - [TEST_STEP][PASSED] - m = m.trim(): null

26-05-2025T09:34:51 - [TEST_STEP][PASSED] - if (m == ""): null

26-05-2025T09:34:51 - [TEST_STEP][PASSED] - dashboardName = "Выполнение бизнес-плана": null

26-05-2025T09:34:51 - [TEST_STEP][PASSED] - workbook01 = getWorkbook(excelFilePath): null

26-05-2025T09:34:51 - [TEST_STEP][PASSED] - sheet01 = getExcelSheet(workbook01, sheetName): null

26-05-2025T09:34:51 - [TEST_STEP][PASSED] - setValueToCellByIndex(sheet01, n, 0, dashboardName): null

26-05-2025T09:34:51 - [TEST_STEP][PASSED] - setValueToCellByIndex(sheet01, n, 1, dZO): null

26-05-2025T09:34:51 - [TEST_STEP][PASSED] - setValueToCellByIndex(sheet01, n, 2, typeOfData): null

26-05-2025T09:34:51 - [TEST_STEP][PASSED] - if (typeOfData == "Факт в процентах" || typeOfData == "План в процентах"): null

26-05-2025T09:34:51 - [TEST_STEP][PASSED] - else: null

26-05-2025T09:34:51 - [TEST_STEP][PASSED] - setValueToCellByIndex(sheet01, n, 3, fileInt): null

26-05-2025T09:34:51 - [TEST_STEP][PASSED] - setValueToCellByIndex(sheet01, n, 4, pageInt): null

26-05-2025T09:34:51 - [TEST_STEP][PASSED] - setValueToCellByIndex(sheet01, n, 5, m): null

26-05-2025T09:34:51 - [TEST_STEP][PASSED] - setValueToCellByIndex(sheet01, n, 6, y): null

26-05-2025T09:34:51 - [TEST_STEP][PASSED] - setValueToCellByIndex(sheet01, n, 7, todaysDate): null

26-05-2025T09:34:51 - [TEST_STEP][PASSED] - n = n + 1: null

26-05-2025T09:34:51 - [TEST_STEP][PASSED] - saveWorkbook(excelFilePath, workbook01): null

26-05-2025T09:34:51 - [TEST_STEP][PASSED] - if (planFact == 2): null

26-05-2025T09:34:51 - [TEST_STEP][PASSED] - if (planFact == 1): null

26-05-2025T09:34:51 - [TEST_STEP][PASSED] - else if (planFact == 2): null

26-05-2025T09:34:51 - [TEST_STEP][PASSED] - click(findTestObject("Выполнение бизнес-плана/Кнопка План")): Object: 'Object Repository/Выполнение бизнес-плана/Кнопка План' is clicked on

26-05-2025T09:34:51 - [MESSAGE][PASSED] - Object: 'Object Repository/Выполнение бизнес-плана/Кнопка План' is clicked on

26-05-2025T09:34:51 - [TEST_STEP][PASSED] - typeOfDataMain = "План": null

26-05-2025T09:34:51 - [TEST_STEP][PASSED] - otpusk = findTestData("PlanFact").getValue(2, a): null

26-05-2025T09:34:52 - [TEST_STEP][PASSED] - poteri = findTestData("PlanFact").getValue(3, a): null

26-05-2025T09:34:52 - [TEST_STEP][PASSED] - otpusk = otpusk.replaceAll("\s+", ""): null

26-05-2025T09:34:52 - [TEST_STEP][PASSED] - poteri = poteri.replaceAll("\s+", ""): null

26-05-2025T09:34:52 - [TEST_STEP][PASSED] - typeOfData = typeOfDataMain + " Отпуск в сеть": null

26-05-2025T09:34:52 - [TEST_STEP][PASSED] - if (a == 82): null

26-05-2025T09:34:52 - [TEST_STEP][PASSED] - else if (a == 84): null

26-05-2025T09:34:52 - [TEST_STEP][PASSED] - else if (a == 83 || a == 52 || a == 72 || a == 28 || a == 73 || a == 77 || a == 74 || a == 65 || a == 36 || a == 44 || a == 53 || a == 80 || a == 54 || a == 1 || a == 18 || a == 59 || a == 81): null

26-05-2025T09:34:52 - [TEST_STEP][PASSED] - path = dataFolder + "Table Data/" + typeOfData + " за отчётный период " + dzoNum: null

26-05-2025T09:34:52 - [TEST_STEP][PASSED] - println(path): null

26-05-2025T09:34:52 - [TEST_STEP][PASSED] - page = getText(findTestObject(path)): Text of object 'Object Repository/Выполнение бизнес-плана/Значения со страницы Выполнение бизнес-плана/Table Data/План Отпуск в сеть за отчётный период 4' is: '6 540 566'

26-05-2025T09:34:52 - [MESSAGE][PASSED] - Text of object 'Object Repository/Выполнение бизнес-плана/Значения со страницы Выполнение бизнес-плана/Table Data/План Отпуск в сеть за отчётный период 4' is: '6 540 566'

26-05-2025T09:34:52 - [TEST_STEP][PASSED] - if (page == "" || page == null): null

26-05-2025T09:34:52 - [TEST_STEP][PASSED] - else: null

26-05-2025T09:34:52 - [TEST_STEP][PASSED] - page = page.replaceAll("\s+", ""): null

26-05-2025T09:34:52 - [TEST_STEP][PASSED] - if (page == "undefined"): null

26-05-2025T09:34:52 - [TEST_STEP][PASSED] - fileOtpuskVSet = otpusk.toInteger(): null

26-05-2025T09:34:52 - [TEST_STEP][PASSED] - pageOtpuskVSet = page.toInteger(): null

26-05-2025T09:34:52 - [TEST_STEP][PASSED] - typeOfData = typeOfDataMain + " Потери": null

26-05-2025T09:34:52 - [TEST_STEP][PASSED] - if (a == 82): null

26-05-2025T09:34:52 - [TEST_STEP][PASSED] - else if (a == 84): null

26-05-2025T09:34:52 - [TEST_STEP][PASSED] - else if (a == 83 || a == 52 || a == 72 || a == 28 || a == 73 || a == 77 || a == 74 || a == 65 || a == 36 || a == 44 || a == 53 || a == 80 || a == 54 || a == 1 || a == 18 || a == 59 || a == 81): null

26-05-2025T09:34:52 - [TEST_STEP][PASSED] - path = dataFolder + "Table Data/" + typeOfData + " за отчётный период " + dzoNum: null

26-05-2025T09:34:52 - [TEST_STEP][PASSED] - page = getText(findTestObject(path)): Text of object 'Object Repository/Выполнение бизнес-плана/Значения со страницы Выполнение бизнес-плана/Table Data/План Потери за отчётный период 4' is: '439 991'

26-05-2025T09:34:52 - [MESSAGE][PASSED] - Text of object 'Object Repository/Выполнение бизнес-плана/Значения со страницы Выполнение бизнес-плана/Table Data/План Потери за отчётный период 4' is: '439 991'

26-05-2025T09:34:52 - [TEST_STEP][PASSED] - if (page == "" || page == null): null

26-05-2025T09:34:52 - [TEST_STEP][PASSED] - else: null

26-05-2025T09:34:52 - [TEST_STEP][PASSED] - page = page.replaceAll("\s+", ""): null

26-05-2025T09:34:52 - [TEST_STEP][PASSED] - if (page == "undefined"): null

26-05-2025T09:34:52 - [TEST_STEP][PASSED] - filePoteri = poteri.toInteger(): null

26-05-2025T09:34:52 - [TEST_STEP][PASSED] - pagePoteri = page.toInteger(): null

26-05-2025T09:34:52 - [TEST_STEP][PASSED] - compare = pageOtpuskVSet: null

26-05-2025T09:34:52 - [TEST_STEP][PASSED] - if (pageOtpuskVSet != null): null

26-05-2025T09:34:52 - [TEST_STEP][PASSED] - if (compare == fileOtpuskVSet): null

26-05-2025T09:34:52 - [TEST_STEP][PASSED] - else if (compare > fileOtpuskVSet): null

26-05-2025T09:34:52 - [TEST_STEP][PASSED] - else if (compare < fileOtpuskVSet): null

26-05-2025T09:34:52 - [TEST_STEP][PASSED] - compare = compare + 1: null

26-05-2025T09:34:52 - [TEST_STEP][PASSED] - if (compare == fileOtpuskVSet): null

26-05-2025T09:34:52 - [TEST_STEP][PASSED] - else: null

26-05-2025T09:34:52 - [TEST_STEP][PASSED] - numberOfErrors = numberOfErrors + 1: null

26-05-2025T09:34:52 - [TEST_STEP][PASSED] - pageInt = pageOtpuskVSet: null

26-05-2025T09:34:52 - [TEST_STEP][PASSED] - fileInt = fileOtpuskVSet: null

26-05-2025T09:34:52 - [TEST_STEP][PASSED] - typeOfData = typeOfDataMain + " Отпуск в сеть": null

26-05-2025T09:34:52 - [TEST_STEP][PASSED] - Script1718980020443.WriteToExcel(a, typeOfData, todaysDate, pageInt, fileInt, pageDouble, fileDouble, dZO): null

26-05-2025T09:34:52 - [TEST_STEP][PASSED] - sheetName = "Sheet1": null

26-05-2025T09:34:52 - [TEST_STEP][PASSED] - data = findTestData("PlanFact"): null

26-05-2025T09:34:52 - [TEST_STEP][PASSED] - n = data.getRowNumbers() + 1: null

26-05-2025T09:34:52 - [TEST_STEP][PASSED] - day = ")).toInteger(): null

26-05-2025T09:34:52 - [TEST_STEP][PASSED] - println(day): null

26-05-2025T09:34:52 - [TEST_STEP][PASSED] - month = ")).toInteger(): null

26-05-2025T09:34:52 - [TEST_STEP][PASSED] - println(month): null

26-05-2025T09:34:52 - [TEST_STEP][PASSED] - y = <not implemented yet for class: org.codehaus.groovy.ast.expr.EmptyExpression>: null

26-05-2025T09:34:52 - [TEST_STEP][PASSED] - iy = <not implemented yet for class: org.codehaus.groovy.ast.expr.EmptyExpression>: null

26-05-2025T09:34:52 - [TEST_STEP][PASSED] - m = getText(findTestObject("Выполнение бизнес-плана/Период")): Text of object 'Object Repository/Выполнение бизнес-плана/Период' is: '1 кв. 2025 года'

26-05-2025T09:34:53 - [MESSAGE][PASSED] - Text of object 'Object Repository/Выполнение бизнес-плана/Период' is: '1 кв. 2025 года'

26-05-2025T09:34:53 - [TEST_STEP][PASSED] - iy = m.indexOf("20"): null

26-05-2025T09:34:53 - [TEST_STEP][PASSED] - if (iy > -1): null

26-05-2025T09:34:53 - [TEST_STEP][PASSED] - y = substring(iy, iy + 4).toInteger(): null

26-05-2025T09:34:53 - [TEST_STEP][PASSED] - println(y): null

26-05-2025T09:34:53 - [TEST_STEP][PASSED] - if (toString().length() == 4): null

26-05-2025T09:34:53 - [TEST_STEP][PASSED] - m = m.substring(0, m.indexOf(y.toString())): null

26-05-2025T09:34:53 - [TEST_STEP][PASSED] - m = m.trim(): null

26-05-2025T09:34:53 - [TEST_STEP][PASSED] - if (m == ""): null

26-05-2025T09:34:53 - [TEST_STEP][PASSED] - dashboardName = "Выполнение бизнес-плана": null

26-05-2025T09:34:53 - [TEST_STEP][PASSED] - workbook01 = getWorkbook(excelFilePath): null

26-05-2025T09:34:53 - [TEST_STEP][PASSED] - sheet01 = getExcelSheet(workbook01, sheetName): null

26-05-2025T09:34:53 - [TEST_STEP][PASSED] - setValueToCellByIndex(sheet01, n, 0, dashboardName): null

26-05-2025T09:34:53 - [TEST_STEP][PASSED] - setValueToCellByIndex(sheet01, n, 1, dZO): null

26-05-2025T09:34:53 - [TEST_STEP][PASSED] - setValueToCellByIndex(sheet01, n, 2, typeOfData): null

26-05-2025T09:34:53 - [TEST_STEP][PASSED] - if (typeOfData == "Факт в процентах" || typeOfData == "План в процентах"): null

26-05-2025T09:34:53 - [TEST_STEP][PASSED] - else: null

26-05-2025T09:34:53 - [TEST_STEP][PASSED] - setValueToCellByIndex(sheet01, n, 3, fileInt): null

26-05-2025T09:34:53 - [TEST_STEP][PASSED] - setValueToCellByIndex(sheet01, n, 4, pageInt): null

26-05-2025T09:34:53 - [TEST_STEP][PASSED] - setValueToCellByIndex(sheet01, n, 5, m): null

26-05-2025T09:34:53 - [TEST_STEP][PASSED] - setValueToCellByIndex(sheet01, n, 6, y): null

26-05-2025T09:34:53 - [TEST_STEP][PASSED] - setValueToCellByIndex(sheet01, n, 7, todaysDate): null

26-05-2025T09:34:53 - [TEST_STEP][PASSED] - n = n + 1: null

26-05-2025T09:34:53 - [TEST_STEP][PASSED] - saveWorkbook(excelFilePath, workbook01): null

26-05-2025T09:34:53 - [TEST_STEP][PASSED] - compare = pagePoteri: null

26-05-2025T09:34:53 - [TEST_STEP][PASSED] - if (pageOtpuskVSet != null): null

26-05-2025T09:34:53 - [TEST_STEP][PASSED] - if (compare == filePoteri): null

26-05-2025T09:34:53 - [TEST_STEP][PASSED] - else if (compare > filePoteri): null

26-05-2025T09:34:53 - [TEST_STEP][PASSED] - else if (compare < filePoteri): null

26-05-2025T09:34:53 - [TEST_STEP][PASSED] - compare = compare + 1: null

26-05-2025T09:34:53 - [TEST_STEP][PASSED] - if (compare == filePoteri): null

26-05-2025T09:34:53 - [TEST_STEP][PASSED] - else: null

26-05-2025T09:34:53 - [TEST_STEP][PASSED] - numberOfErrors = numberOfErrors + 1: null

26-05-2025T09:34:53 - [TEST_STEP][PASSED] - pageInt = pagePoteri: null

26-05-2025T09:34:53 - [TEST_STEP][PASSED] - fileInt = filePoteri: null

26-05-2025T09:34:53 - [TEST_STEP][PASSED] - typeOfData = typeOfDataMain + " Потери": null

26-05-2025T09:34:53 - [TEST_STEP][PASSED] - Script1718980020443.WriteToExcel(a, typeOfData, todaysDate, pageInt, fileInt, pageDouble, fileDouble, dZO): null

26-05-2025T09:34:53 - [TEST_STEP][PASSED] - sheetName = "Sheet1": null

26-05-2025T09:34:53 - [TEST_STEP][PASSED] - data = findTestData("PlanFact"): null

26-05-2025T09:34:53 - [TEST_STEP][PASSED] - n = data.getRowNumbers() + 1: null

26-05-2025T09:34:53 - [TEST_STEP][PASSED] - day = ")).toInteger(): null

26-05-2025T09:34:53 - [TEST_STEP][PASSED] - println(day): null

26-05-2025T09:34:53 - [TEST_STEP][PASSED] - month = ")).toInteger(): null

26-05-2025T09:34:53 - [TEST_STEP][PASSED] - println(month): null

26-05-2025T09:34:53 - [TEST_STEP][PASSED] - y = <not implemented yet for class: org.codehaus.groovy.ast.expr.EmptyExpression>: null

26-05-2025T09:34:53 - [TEST_STEP][PASSED] - iy = <not implemented yet for class: org.codehaus.groovy.ast.expr.EmptyExpression>: null

26-05-2025T09:34:53 - [TEST_STEP][PASSED] - m = getText(findTestObject("Выполнение бизнес-плана/Период")): Text of object 'Object Repository/Выполнение бизнес-плана/Период' is: '1 кв. 2025 года'

26-05-2025T09:34:53 - [MESSAGE][PASSED] - Text of object 'Object Repository/Выполнение бизнес-плана/Период' is: '1 кв. 2025 года'

26-05-2025T09:34:53 - [TEST_STEP][PASSED] - iy = m.indexOf("20"): null

26-05-2025T09:34:53 - [TEST_STEP][PASSED] - if (iy > -1): null

26-05-2025T09:34:53 - [TEST_STEP][PASSED] - y = substring(iy, iy + 4).toInteger(): null

26-05-2025T09:34:53 - [TEST_STEP][PASSED] - println(y): null

26-05-2025T09:34:53 - [TEST_STEP][PASSED] - if (toString().length() == 4): null

26-05-2025T09:34:53 - [TEST_STEP][PASSED] - m = m.substring(0, m.indexOf(y.toString())): null

26-05-2025T09:34:53 - [TEST_STEP][PASSED] - m = m.trim(): null

26-05-2025T09:34:53 - [TEST_STEP][PASSED] - if (m == ""): null

26-05-2025T09:34:53 - [TEST_STEP][PASSED] - dashboardName = "Выполнение бизнес-плана": null

26-05-2025T09:34:53 - [TEST_STEP][PASSED] - workbook01 = getWorkbook(excelFilePath): null

26-05-2025T09:34:53 - [TEST_STEP][PASSED] - sheet01 = getExcelSheet(workbook01, sheetName): null

26-05-2025T09:34:53 - [TEST_STEP][PASSED] - setValueToCellByIndex(sheet01, n, 0, dashboardName): null

26-05-2025T09:34:53 - [TEST_STEP][PASSED] - setValueToCellByIndex(sheet01, n, 1, dZO): null

26-05-2025T09:34:53 - [TEST_STEP][PASSED] - setValueToCellByIndex(sheet01, n, 2, typeOfData): null

26-05-2025T09:34:53 - [TEST_STEP][PASSED] - if (typeOfData == "Факт в процентах" || typeOfData == "План в процентах"): null

26-05-2025T09:34:53 - [TEST_STEP][PASSED] - else: null

26-05-2025T09:34:53 - [TEST_STEP][PASSED] - setValueToCellByIndex(sheet01, n, 3, fileInt): null

26-05-2025T09:34:53 - [TEST_STEP][PASSED] - setValueToCellByIndex(sheet01, n, 4, pageInt): null

26-05-2025T09:34:53 - [TEST_STEP][PASSED] - setValueToCellByIndex(sheet01, n, 5, m): null

26-05-2025T09:34:53 - [TEST_STEP][PASSED] - setValueToCellByIndex(sheet01, n, 6, y): null

26-05-2025T09:34:53 - [TEST_STEP][PASSED] - setValueToCellByIndex(sheet01, n, 7, todaysDate): null

26-05-2025T09:34:53 - [TEST_STEP][PASSED] - n = n + 1: null

26-05-2025T09:34:53 - [TEST_STEP][PASSED] - saveWorkbook(excelFilePath, workbook01): Object: 'Object Repository/Выполнение бизнес-плана/Кнопка Факт' is clicked on

26-05-2025T09:34:53 - [TEST_STEP][PASSED] - if (planFact == 2): Object: 'Object Repository/Выполнение бизнес-плана/Кнопка Факт' is clicked on

26-05-2025T09:34:53 - [TEST_STEP][PASSED] - click(findTestObject("Выполнение бизнес-плана/Кнопка Факт")): Object: 'Object Repository/Выполнение бизнес-плана/Кнопка Факт' is clicked on

26-05-2025T09:34:54 - [MESSAGE][PASSED] - Object: 'Object Repository/Выполнение бизнес-плана/Кнопка Факт' is clicked on

26-05-2025T09:34:54 - [TEST_STEP][PASSED] - println("a=" + a): null

26-05-2025T09:34:54 - [TEST_STEP][PASSED] - if (a == 84 || a == 82): null

26-05-2025T09:34:54 - [TEST_STEP][PASSED] - else if (a == 83 || a == 52 || a == 72 || a == 28 || a == 73 || a == 77 || a == 74 || a == 65 || a == 36 || a == 44 || a == 53 || a == 80 || a == 54 || a == 1 || a == 18 || a == 59 || a == 81): null

26-05-2025T09:34:54 - [TEST_STEP][PASSED] - page1 = getText(findTestObject("Object Repository/Выполнение бизнес-плана/spanPlan" + dzoNum)): Text of object 'Object Repository/Выполнение бизнес-плана/spanPlan4' is: '6.73
|'

26-05-2025T09:34:54 - [MESSAGE][PASSED] - Text of object 'Object Repository/Выполнение бизнес-плана/spanPlan4' is: '6.73
|'

26-05-2025T09:34:54 - [TEST_STEP][PASSED] - page1 = page1.replace("|", ""): null

26-05-2025T09:34:54 - [TEST_STEP][PASSED] - page2 = getText(findTestObject("Object Repository/Выполнение бизнес-плана/spanFact" + dzoNum)): Text of object 'Object Repository/Выполнение бизнес-плана/spanFact4' is: '5.22'

26-05-2025T09:34:54 - [MESSAGE][PASSED] - Text of object 'Object Repository/Выполнение бизнес-плана/spanFact4' is: '5.22'

26-05-2025T09:34:54 - [TEST_STEP][PASSED] - page2 = page2.replace("|", ""): null

26-05-2025T09:34:54 - [TEST_STEP][PASSED] - println("page1: " + page1): null

26-05-2025T09:34:54 - [TEST_STEP][PASSED] - println("page2: " + page2): null

26-05-2025T09:34:54 - [TEST_STEP][PASSED] - file = findTestData("PlanFact").getValue(4, a): null

26-05-2025T09:34:54 - [TEST_STEP][PASSED] - file = file.replace(",", "."): null

26-05-2025T09:34:54 - [TEST_STEP][PASSED] - println("file Plan: " + file): null

26-05-2025T09:34:54 - [TEST_STEP][PASSED] - typeOfData = "План в процентах": null

26-05-2025T09:34:54 - [TEST_STEP][PASSED] - fileDouble = file.toDouble(): null

26-05-2025T09:34:54 - [TEST_STEP][PASSED] - pageDouble = page1.toDouble(): null

26-05-2025T09:34:54 - [TEST_STEP][PASSED] - if (fileDouble != pageDouble): null

26-05-2025T09:34:54 - [TEST_STEP][PASSED] - numberOfErrors = numberOfErrors + 1: null

26-05-2025T09:34:54 - [TEST_STEP][PASSED] - Script1718980020443.WriteToExcel(a, typeOfData, todaysDate, pageInt, fileInt, pageDouble, fileDouble, dZO): null

26-05-2025T09:34:54 - [TEST_STEP][PASSED] - sheetName = "Sheet1": null

26-05-2025T09:34:54 - [TEST_STEP][PASSED] - data = findTestData("PlanFact"): null

26-05-2025T09:34:54 - [TEST_STEP][PASSED] - n = data.getRowNumbers() + 1: null

26-05-2025T09:34:54 - [TEST_STEP][PASSED] - day = ")).toInteger(): null

26-05-2025T09:34:54 - [TEST_STEP][PASSED] - println(day): null

26-05-2025T09:34:54 - [TEST_STEP][PASSED] - month = ")).toInteger(): null

26-05-2025T09:34:54 - [TEST_STEP][PASSED] - println(month): null

26-05-2025T09:34:54 - [TEST_STEP][PASSED] - y = <not implemented yet for class: org.codehaus.groovy.ast.expr.EmptyExpression>: null

26-05-2025T09:34:54 - [TEST_STEP][PASSED] - iy = <not implemented yet for class: org.codehaus.groovy.ast.expr.EmptyExpression>: null

26-05-2025T09:34:54 - [TEST_STEP][PASSED] - m = getText(findTestObject("Выполнение бизнес-плана/Период")): Text of object 'Object Repository/Выполнение бизнес-плана/Период' is: '1 кв. 2025 года'

26-05-2025T09:34:55 - [MESSAGE][PASSED] - Text of object 'Object Repository/Выполнение бизнес-плана/Период' is: '1 кв. 2025 года'

26-05-2025T09:34:55 - [TEST_STEP][PASSED] - iy = m.indexOf("20"): null

26-05-2025T09:34:55 - [TEST_STEP][PASSED] - if (iy > -1): null

26-05-2025T09:34:55 - [TEST_STEP][PASSED] - y = substring(iy, iy + 4).toInteger(): null

26-05-2025T09:34:55 - [TEST_STEP][PASSED] - println(y): null

26-05-2025T09:34:55 - [TEST_STEP][PASSED] - if (toString().length() == 4): null

26-05-2025T09:34:55 - [TEST_STEP][PASSED] - m = m.substring(0, m.indexOf(y.toString())): null

26-05-2025T09:34:55 - [TEST_STEP][PASSED] - m = m.trim(): null

26-05-2025T09:34:55 - [TEST_STEP][PASSED] - if (m == ""): null

26-05-2025T09:34:55 - [TEST_STEP][PASSED] - dashboardName = "Выполнение бизнес-плана": null

26-05-2025T09:34:55 - [TEST_STEP][PASSED] - workbook01 = getWorkbook(excelFilePath): null

26-05-2025T09:34:55 - [TEST_STEP][PASSED] - sheet01 = getExcelSheet(workbook01, sheetName): null

26-05-2025T09:34:55 - [TEST_STEP][PASSED] - setValueToCellByIndex(sheet01, n, 0, dashboardName): null

26-05-2025T09:34:55 - [TEST_STEP][PASSED] - setValueToCellByIndex(sheet01, n, 1, dZO): null

26-05-2025T09:34:55 - [TEST_STEP][PASSED] - setValueToCellByIndex(sheet01, n, 2, typeOfData): null

26-05-2025T09:34:55 - [TEST_STEP][PASSED] - if (typeOfData == "Факт в процентах" || typeOfData == "План в процентах"): null

26-05-2025T09:34:55 - [TEST_STEP][PASSED] - setValueToCellByIndex(sheet01, n, 3, fileDouble): null

26-05-2025T09:34:55 - [TEST_STEP][PASSED] - setValueToCellByIndex(sheet01, n, 4, pageDouble): null

26-05-2025T09:34:55 - [TEST_STEP][PASSED] - setValueToCellByIndex(sheet01, n, 5, m): null

26-05-2025T09:34:55 - [TEST_STEP][PASSED] - setValueToCellByIndex(sheet01, n, 6, y): null

26-05-2025T09:34:55 - [TEST_STEP][PASSED] - setValueToCellByIndex(sheet01, n, 7, todaysDate): null

26-05-2025T09:34:55 - [TEST_STEP][PASSED] - n = n + 1: null

26-05-2025T09:34:55 - [TEST_STEP][PASSED] - saveWorkbook(excelFilePath, workbook01): null

26-05-2025T09:34:55 - [TEST_STEP][PASSED] - file = findTestData("PlanFact").getValue(7, a): null

26-05-2025T09:34:55 - [TEST_STEP][PASSED] - file = file.replace(",", "."): null

26-05-2025T09:34:55 - [TEST_STEP][PASSED] - println("file Fact: " + file): null

26-05-2025T09:34:55 - [TEST_STEP][PASSED] - fileDouble = file.toDouble(): null

26-05-2025T09:34:55 - [TEST_STEP][PASSED] - typeOfData = "Факт в процентах": null

26-05-2025T09:34:55 - [TEST_STEP][PASSED] - fileDouble = file.toDouble(): null

26-05-2025T09:34:55 - [TEST_STEP][PASSED] - pageDouble = page2.toDouble(): null

26-05-2025T09:34:55 - [TEST_STEP][PASSED] - if (fileDouble != pageDouble): null

26-05-2025T09:34:55 - [TEST_STEP][PASSED] - numberOfErrors = numberOfErrors + 1: null

26-05-2025T09:34:55 - [TEST_STEP][PASSED] - Script1718980020443.WriteToExcel(a, typeOfData, todaysDate, pageInt, fileInt, pageDouble, fileDouble, dZO): null

26-05-2025T09:34:55 - [TEST_STEP][PASSED] - sheetName = "Sheet1": null

26-05-2025T09:34:55 - [TEST_STEP][PASSED] - data = findTestData("PlanFact"): null

26-05-2025T09:34:55 - [TEST_STEP][PASSED] - n = data.getRowNumbers() + 1: null

26-05-2025T09:34:55 - [TEST_STEP][PASSED] - day = ")).toInteger(): null

26-05-2025T09:34:55 - [TEST_STEP][PASSED] - println(day): null

26-05-2025T09:34:55 - [TEST_STEP][PASSED] - month = ")).toInteger(): null

26-05-2025T09:34:55 - [TEST_STEP][PASSED] - println(month): null

26-05-2025T09:34:55 - [TEST_STEP][PASSED] - y = <not implemented yet for class: org.codehaus.groovy.ast.expr.EmptyExpression>: null

26-05-2025T09:34:55 - [TEST_STEP][PASSED] - iy = <not implemented yet for class: org.codehaus.groovy.ast.expr.EmptyExpression>: null

26-05-2025T09:34:55 - [TEST_STEP][PASSED] - m = getText(findTestObject("Выполнение бизнес-плана/Период")): Text of object 'Object Repository/Выполнение бизнес-плана/Период' is: '1 кв. 2025 года'

26-05-2025T09:34:55 - [MESSAGE][PASSED] - Text of object 'Object Repository/Выполнение бизнес-плана/Период' is: '1 кв. 2025 года'

26-05-2025T09:34:55 - [TEST_STEP][PASSED] - iy = m.indexOf("20"): null

26-05-2025T09:34:55 - [TEST_STEP][PASSED] - if (iy > -1): null

26-05-2025T09:34:55 - [TEST_STEP][PASSED] - y = substring(iy, iy + 4).toInteger(): null

26-05-2025T09:34:55 - [TEST_STEP][PASSED] - println(y): null

26-05-2025T09:34:55 - [TEST_STEP][PASSED] - if (toString().length() == 4): null

26-05-2025T09:34:55 - [TEST_STEP][PASSED] - m = m.substring(0, m.indexOf(y.toString())): null

26-05-2025T09:34:55 - [TEST_STEP][PASSED] - m = m.trim(): null

26-05-2025T09:34:55 - [TEST_STEP][PASSED] - if (m == ""): null

26-05-2025T09:34:55 - [TEST_STEP][PASSED] - dashboardName = "Выполнение бизнес-плана": null

26-05-2025T09:34:55 - [TEST_STEP][PASSED] - workbook01 = getWorkbook(excelFilePath): null

26-05-2025T09:34:56 - [TEST_STEP][PASSED] - sheet01 = getExcelSheet(workbook01, sheetName): null

26-05-2025T09:34:56 - [TEST_STEP][PASSED] - setValueToCellByIndex(sheet01, n, 0, dashboardName): null

26-05-2025T09:34:56 - [TEST_STEP][PASSED] - setValueToCellByIndex(sheet01, n, 1, dZO): null

26-05-2025T09:34:56 - [TEST_STEP][PASSED] - setValueToCellByIndex(sheet01, n, 2, typeOfData): null

26-05-2025T09:34:56 - [TEST_STEP][PASSED] - if (typeOfData == "Факт в процентах" || typeOfData == "План в процентах"): null

26-05-2025T09:34:56 - [TEST_STEP][PASSED] - setValueToCellByIndex(sheet01, n, 3, fileDouble): null

26-05-2025T09:34:56 - [TEST_STEP][PASSED] - setValueToCellByIndex(sheet01, n, 4, pageDouble): null

26-05-2025T09:34:56 - [TEST_STEP][PASSED] - setValueToCellByIndex(sheet01, n, 5, m): null

26-05-2025T09:34:56 - [TEST_STEP][PASSED] - setValueToCellByIndex(sheet01, n, 6, y): null

26-05-2025T09:34:56 - [TEST_STEP][PASSED] - setValueToCellByIndex(sheet01, n, 7, todaysDate): null

26-05-2025T09:34:56 - [TEST_STEP][PASSED] - n = n + 1: null

26-05-2025T09:34:56 - [TEST_STEP][PASSED] - saveWorkbook(excelFilePath, workbook01): null

26-05-2025T09:34:56 - [TEST_STEP][FAILED] - if (verifyEqual(numberOfErrors, 0) == false): null

26-05-2025T09:34:56 - [MESSAGE][FAILED] - Unable to verify equal between actual object '6' and expected object '0' (Root cause: com.kms.katalon.core.exception.StepFailedException: Actual object '6' and expected object '0' are not equal
	at com.kms.katalon.core.keyword.builtin.VerifyEqualKeyword$_verifyEqual_closure1.doCall(VerifyEqualKeyword.groovy:58)
	at com.kms.katalon.core.keyword.builtin.VerifyEqualKeyword$_verifyEqual_closure1.call(VerifyEqualKeyword.groovy)
	at com.kms.katalon.core.keyword.internal.KeywordMain.runKeyword(KeywordMain.groovy:75)
	at com.kms.katalon.core.keyword.builtin.VerifyEqualKeyword.verifyEqual(VerifyEqualKeyword.groovy:63)
	at com.kms.katalon.core.keyword.builtin.VerifyEqualKeyword.execute(VerifyEqualKeyword.groovy:44)
	at com.kms.katalon.core.keyword.internal.KeywordExecutor.executeKeywordForPlatform(KeywordExecutor.groovy:74)
	at com.kms.katalon.core.keyword.BuiltinKeywords.verifyEqual(BuiltinKeywords.groovy:146)
	at jdk.internal.reflect.GeneratedMethodAccessor23.invoke(Unknown Source)
	at java.base/jdk.internal.reflect.DelegatingMethodAccessorImpl.invoke(DelegatingMethodAccessorImpl.java:43)
	at Выполнение бизнес-плана Сверка ПАО Россети все филиалы.Numbers(Выполнение бизнес-плана Сверка ПАО Россети все филиалы:749)
	at Выполнение бизнес-плана Сверка ПАО Россети все филиалы.run(Выполнение бизнес-плана Сверка ПАО Россети все филиалы:297)
	at com.kms.katalon.core.main.ScriptEngine.run(ScriptEngine.java:194)
	at com.kms.katalon.core.main.ScriptEngine.runScriptAsRawText(ScriptEngine.java:119)
	at com.kms.katalon.core.main.TestCaseExecutor.runScript(TestCaseExecutor.java:448)
	at com.kms.katalon.core.main.TestCaseExecutor.doExecute(TestCaseExecutor.java:439)
	at com.kms.katalon.core.main.TestCaseExecutor.processExecutionPhase(TestCaseExecutor.java:418)
	at com.kms.katalon.core.main.TestCaseExecutor.accessMainPhase(TestCaseExecutor.java:410)
	at com.kms.katalon.core.main.TestCaseExecutor.execute(TestCaseExecutor.java:285)
	at com.kms.katalon.core.common.CommonExecutor.accessTestCaseMainPhase(CommonExecutor.java:65)
	at com.kms.katalon.core.main.TestSuiteExecutor.accessTestSuiteMainPhase(TestSuiteExecutor.java:150)
	at com.kms.katalon.core.main.TestSuiteExecutor.execute(TestSuiteExecutor.java:106)
	at com.kms.katalon.core.main.TestCaseMain.startTestSuite(TestCaseMain.java:180)
	at TempTestSuite1748228991768.run(TempTestSuite1748228991768.groovy:35)
	at java.base/jdk.internal.reflect.NativeMethodAccessorImpl.invoke0(Native Method)
	at java.base/jdk.internal.reflect.NativeMethodAccessorImpl.invoke(NativeMethodAccessorImpl.java:77)
	at java.base/jdk.internal.reflect.DelegatingMethodAccessorImpl.invoke(DelegatingMethodAccessorImpl.java:43)
)

26-05-2025T09:34:56 - [TEST_STEP][PASSED] - println(numberOfErrors): null

26-05-2025T09:34:56 - [TEST_STEP][PASSED] - println("a=" + a): null

26-05-2025T09:34:56 - [TEST_STEP][PASSED] - if (a == 28 || a == 77 || a == 74 || a == 65 || a == 36 || a == 44 || a == 54 || a == 1 || a == 18 || a == 59): null

26-05-2025T09:34:56 - [TEST_STEP][PASSED] - Script1718980020443.Filials(a, typeOfData, todaysDate, pageInt, fileInt, pageDouble, fileDouble, dZO, dzoNum, filialNum): null

26-05-2025T09:34:56 - [TEST_STEP][PASSED] - i = <not implemented yet for class: org.codehaus.groovy.ast.expr.EmptyExpression>: null

26-05-2025T09:34:56 - [TEST_STEP][PASSED] - c = <not implemented yet for class: org.codehaus.groovy.ast.expr.EmptyExpression>: null

26-05-2025T09:34:56 - [TEST_STEP][PASSED] - page = <not implemented yet for class: org.codehaus.groovy.ast.expr.EmptyExpression>: null

26-05-2025T09:34:56 - [TEST_STEP][PASSED] - println(dZO): null

26-05-2025T09:34:56 - [TEST_STEP][PASSED] - reducedDZO = <not implemented yet for class: org.codehaus.groovy.ast.expr.EmptyExpression>: null

26-05-2025T09:34:56 - [TEST_STEP][PASSED] - reducedDZO = dZO.substring(dZO.indexOf(" ") + 1, dZO.length()): null

26-05-2025T09:34:56 - [TEST_STEP][PASSED] - if (reducedDZO.contains(" ")): null

26-05-2025T09:34:56 - [TEST_STEP][PASSED] - println(reducedDZO): null

26-05-2025T09:34:56 - [TEST_STEP][PASSED] - dzoCut = <not implemented yet for class: org.codehaus.groovy.ast.expr.EmptyExpression>: null

26-05-2025T09:34:56 - [TEST_STEP][PASSED] - Script1718980020443.DZO(a): null

26-05-2025T09:34:56 - [TEST_STEP][PASSED] - delay(30): Delayed 30 second(s)

26-05-2025T09:35:26 - [MESSAGE][PASSED] - Delayed 30 second(s)

26-05-2025T09:35:26 - [TEST_STEP][PASSED] - Script1718980020443.OpenFilter(): null

26-05-2025T09:35:26 - [TEST_STEP][PASSED] - click(findTestObject("Object Repository/Выполнение бизнес-плана/Фильтр ДЗО")): Object: 'Object Repository/Выполнение бизнес-плана/Фильтр ДЗО' is clicked on

26-05-2025T09:35:26 - [MESSAGE][PASSED] - Object: 'Object Repository/Выполнение бизнес-плана/Фильтр ДЗО' is clicked on

26-05-2025T09:35:26 - [TEST_STEP][PASSED] - click(findTestObject("Выполнение бизнес-плана/Снять выделение в фильтре ДЗО")): Object: 'Object Repository/Выполнение бизнес-плана/Снять выделение в фильтре ДЗО' is clicked on

26-05-2025T09:35:27 - [MESSAGE][PASSED] - Object: 'Object Repository/Выполнение бизнес-плана/Снять выделение в фильтре ДЗО' is clicked on

26-05-2025T09:35:27 - [TEST_STEP][PASSED] - Script1718980020443.OpenRSK(): null

26-05-2025T09:35:27 - [TEST_STEP][PASSED] - click(findTestObject("Выполнение бизнес-плана/Раскрыть список ПАО Россети в фильтре ДЗО")): Object: 'Object Repository/Выполнение бизнес-плана/Раскрыть список ПАО Россети в фильтре ДЗО' is clicked on

26-05-2025T09:35:27 - [MESSAGE][PASSED] - Object: 'Object Repository/Выполнение бизнес-плана/Раскрыть список ПАО Россети в фильтре ДЗО' is clicked on

26-05-2025T09:35:27 - [TEST_STEP][PASSED] - click(findTestObject("Выполнение бизнес-плана/Раскрыть список РаспредКомплекс в фильтре ДЗО")): Object: 'Object Repository/Выполнение бизнес-плана/Раскрыть список РаспредКомплекс в фильтре ДЗО' is clicked on

26-05-2025T09:35:27 - [MESSAGE][PASSED] - Object: 'Object Repository/Выполнение бизнес-плана/Раскрыть список РаспредКомплекс в фильтре ДЗО' is clicked on

26-05-2025T09:35:27 - [TEST_STEP][PASSED] - if (a == 28): null

26-05-2025T09:35:27 - [TEST_STEP][PASSED] - if (a == 77): null

26-05-2025T09:35:27 - [TEST_STEP][PASSED] - if (a == 74): null

26-05-2025T09:35:27 - [TEST_STEP][PASSED] - if (a == 65): null

26-05-2025T09:35:27 - [TEST_STEP][PASSED] - if (a == 36): Object: 'Object Repository/Выполнение бизнес-плана/Россети Северо-Запад' is clicked on

26-05-2025T09:35:27 - [TEST_STEP][PASSED] - scrollToElement(findTestObject("Общие объекты/Раскрыть список Россети Северо-Запад"), 30): Scroll to object 'Object Repository/Общие объекты/Раскрыть список Россети Северо-Запад' successfully

26-05-2025T09:35:28 - [MESSAGE][PASSED] - Scroll to object 'Object Repository/Общие объекты/Раскрыть список Россети Северо-Запад' successfully

26-05-2025T09:35:28 - [TEST_STEP][PASSED] - click(findTestObject("Выполнение бизнес-плана/Россети Северо-Запад")): Object: 'Object Repository/Выполнение бизнес-плана/Россети Северо-Запад' is clicked on

26-05-2025T09:35:28 - [MESSAGE][PASSED] - Object: 'Object Repository/Выполнение бизнес-плана/Россети Северо-Запад' is clicked on

26-05-2025T09:35:28 - [TEST_STEP][PASSED] - if (a == 44): null

26-05-2025T09:35:28 - [TEST_STEP][PASSED] - if (a == 54): null

26-05-2025T09:35:28 - [TEST_STEP][PASSED] - if (a == 1): null

26-05-2025T09:35:28 - [TEST_STEP][PASSED] - if (a == 18): null

26-05-2025T09:35:28 - [TEST_STEP][PASSED] - if (a == 59): null

26-05-2025T09:35:28 - [TEST_STEP][PASSED] - Script1718980020443.CloseFilter(): null

26-05-2025T09:35:28 - [TEST_STEP][PASSED] - scrollToElement(findTestObject("Выполнение бизнес-плана/Заголовок дашборда"), 30): Scroll to object 'Object Repository/Выполнение бизнес-плана/Заголовок дашборда' successfully

26-05-2025T09:35:29 - [MESSAGE][PASSED] - Scroll to object 'Object Repository/Выполнение бизнес-плана/Заголовок дашборда' successfully

26-05-2025T09:35:29 - [TEST_STEP][PASSED] - click(findTestObject("Object Repository/Выполнение бизнес-плана/Применить в фильтре ДЗО")): Object: 'Object Repository/Выполнение бизнес-плана/Применить в фильтре ДЗО' is clicked on

26-05-2025T09:35:30 - [MESSAGE][PASSED] - Object: 'Object Repository/Выполнение бизнес-плана/Применить в фильтре ДЗО' is clicked on

26-05-2025T09:35:30 - [TEST_STEP][PASSED] - delay(30): Delayed 30 second(s)

26-05-2025T09:36:00 - [MESSAGE][PASSED] - Delayed 30 second(s)

26-05-2025T09:36:00 - [TEST_STEP][PASSED] - Script1718980020443.ZakrytOpoveshenie(): null

26-05-2025T09:36:00 - [TEST_STEP][PASSED] - delay(10): Delayed 10 second(s)

26-05-2025T09:36:10 - [MESSAGE][PASSED] - Delayed 10 second(s)

26-05-2025T09:36:10 - [TEST_STEP][PASSED] - opoveshenie = getText(findTestObject("Выполнение бизнес-плана/Просьба обратить внимание")): Text of object 'Object Repository/Выполнение бизнес-плана/Просьба обратить внимание' is: ''

26-05-2025T09:36:10 - [MESSAGE][PASSED] - Text of object 'Object Repository/Выполнение бизнес-плана/Просьба обратить внимание' is: ''

26-05-2025T09:36:10 - [TEST_STEP][PASSED] - println(opoveshenie): null

26-05-2025T09:36:10 - [TEST_STEP][PASSED] - if (opoveshenie == "Просьба обратить внимание"): null

26-05-2025T09:36:10 - [TEST_STEP][PASSED] - page = getText(findTestObject("Object Repository/Выполнение бизнес-плана/Filials")): Text of object 'Object Repository/Выполнение бизнес-плана/Filials' is: 'Россети Северо-Запад
0
10
20
30
40
50
60
70'

26-05-2025T09:36:10 - [MESSAGE][PASSED] - Text of object 'Object Repository/Выполнение бизнес-плана/Filials' is: 'Россети Северо-Запад
0
10
20
30
40
50
60
70'

26-05-2025T09:36:10 - [TEST_STEP][PASSED] - println(page): null

26-05-2025T09:36:10 - [TEST_STEP][PASSED] - c = page.indexOf(reducedDZO): null

26-05-2025T09:36:10 - [TEST_STEP][PASSED] - if (c > -1): null

26-05-2025T09:36:10 - [TEST_STEP][PASSED] - click(findTestObject("Выполнение бизнес-плана/список")): Object: 'Object Repository/Выполнение бизнес-плана/список' is clicked on

26-05-2025T09:36:11 - [MESSAGE][PASSED] - Object: 'Object Repository/Выполнение бизнес-плана/список' is clicked on

26-05-2025T09:36:11 - [TEST_STEP][PASSED] - delay(10): Delayed 10 second(s)

26-05-2025T09:36:21 - [MESSAGE][PASSED] - Delayed 10 second(s)

26-05-2025T09:36:21 - [TEST_STEP][PASSED] - click(findTestObject("Выполнение бизнес-плана/Раскрытие списка")): Object: 'Object Repository/Выполнение бизнес-плана/Раскрытие списка' is clicked on

26-05-2025T09:36:21 - [MESSAGE][PASSED] - Object: 'Object Repository/Выполнение бизнес-плана/Раскрытие списка' is clicked on

26-05-2025T09:36:21 - [TEST_STEP][PASSED] - delay(10): Delayed 10 second(s)

26-05-2025T09:36:31 - [MESSAGE][PASSED] - Delayed 10 second(s)

26-05-2025T09:36:31 - [TEST_STEP][PASSED] - page = getText(findTestObject("Object Repository/Выполнение бизнес-плана/Filials")): Text of object 'Object Repository/Выполнение бизнес-плана/Filials' is: 'Архангельский филиал
Вологодский филиал
Карельский филиал
Мурманский филиал
Новгородский филиал
Псковский филиал
филиал в Республике Коми
0
10
20
30
40
50
60
70'

26-05-2025T09:36:31 - [MESSAGE][PASSED] - Text of object 'Object Repository/Выполнение бизнес-плана/Filials' is: 'Архангельский филиал
Вологодский филиал
Карельский филиал
Мурманский филиал
Новгородский филиал
Псковский филиал
филиал в Республике Коми
0
10
20
30
40
50
60
70'

26-05-2025T09:36:31 - [TEST_STEP][PASSED] - println(page): null

26-05-2025T09:36:31 - [TEST_STEP][PASSED] - c = page.indexOf(reducedDZO): null

26-05-2025T09:36:31 - [TEST_STEP][PASSED] - x2 = getText(findTestObject("Выполнение бизнес-плана/Отклонения за 1 месяц")): Text of object 'Object Repository/Выполнение бизнес-плана/Отклонения за 1 месяц' is: '-2.96
-2.88
-0.79
-0.64
-1.61
-1.49
-1.15
Архангельский филиал
Вологодский филиал
Карельский филиал
Мурманский филиал
Новгородский филиал
Псковский филиал
филиал в Республике Коми
-2
0
2
4
6
8
-4'

26-05-2025T09:36:32 - [MESSAGE][PASSED] - Text of object 'Object Repository/Выполнение бизнес-плана/Отклонения за 1 месяц' is: '-2.96
-2.88
-0.79
-0.64
-1.61
-1.49
-1.15
Архангельский филиал
Вологодский филиал
Карельский филиал
Мурманский филиал
Новгородский филиал
Псковский филиал
филиал в Республике Коми
-2
0
2
4
6
8
-4'

26-05-2025T09:36:32 - [TEST_STEP][PASSED] - if (a == 28): null

26-05-2025T09:36:32 - [TEST_STEP][PASSED] - if (a == 77): null

26-05-2025T09:36:32 - [TEST_STEP][PASSED] - if (a == 74): null

26-05-2025T09:36:32 - [TEST_STEP][PASSED] - if (a == 65): null

26-05-2025T09:36:32 - [TEST_STEP][PASSED] - if (a == 1): null

26-05-2025T09:36:32 - [TEST_STEP][PASSED] - if (a == 18): null

26-05-2025T09:36:32 - [TEST_STEP][PASSED] - if (a == 36): null

26-05-2025T09:36:32 - [TEST_STEP][PASSED] - dZO = "Архангельский филиал": null

26-05-2025T09:36:32 - [TEST_STEP][PASSED] - a = 37: null

26-05-2025T09:36:32 - [TEST_STEP][PASSED] - dzoCut = dZO.substring(0, 10): null

26-05-2025T09:36:32 - [TEST_STEP][PASSED] - if (x2.contains(dzoCut)): null

26-05-2025T09:36:32 - [TEST_STEP][PASSED] - filialNum = filialNum + 1: null

26-05-2025T09:36:32 - [TEST_STEP][PASSED] - Script1718980020443.Numbers(a, typeOfData, todaysDate, pageInt, fileInt, pageDouble, fileDouble, dZO, dzoNum, filialNum): null

26-05-2025T09:36:32 - [TEST_STEP][PASSED] - println(dzoNum): null

26-05-2025T09:36:32 - [TEST_STEP][PASSED] - planFact = <not implemented yet for class: org.codehaus.groovy.ast.expr.EmptyExpression>: null

26-05-2025T09:36:32 - [TEST_STEP][PASSED] - page = <not implemented yet for class: org.codehaus.groovy.ast.expr.EmptyExpression>: null

26-05-2025T09:36:32 - [TEST_STEP][PASSED] - page1 = <not implemented yet for class: org.codehaus.groovy.ast.expr.EmptyExpression>: null

26-05-2025T09:36:32 - [TEST_STEP][PASSED] - page2 = <not implemented yet for class: org.codehaus.groovy.ast.expr.EmptyExpression>: null

26-05-2025T09:36:32 - [TEST_STEP][PASSED] - filialNumberInRow = <not implemented yet for class: org.codehaus.groovy.ast.expr.EmptyExpression>: null

26-05-2025T09:36:32 - [TEST_STEP][PASSED] - filialsDzoNames = <not implemented yet for class: org.codehaus.groovy.ast.expr.EmptyExpression>: null

26-05-2025T09:36:32 - [TEST_STEP][PASSED] - numberOfFilials = <not implemented yet for class: org.codehaus.groovy.ast.expr.EmptyExpression>: null

26-05-2025T09:36:32 - [TEST_STEP][PASSED] - numberOfSpaces = <not implemented yet for class: org.codehaus.groovy.ast.expr.EmptyExpression>: null

26-05-2025T09:36:32 - [TEST_STEP][PASSED] - file = <not implemented yet for class: org.codehaus.groovy.ast.expr.EmptyExpression>: null

26-05-2025T09:36:32 - [TEST_STEP][PASSED] - otpusk = <not implemented yet for class: org.codehaus.groovy.ast.expr.EmptyExpression>: null

26-05-2025T09:36:32 - [TEST_STEP][PASSED] - poteri = <not implemented yet for class: org.codehaus.groovy.ast.expr.EmptyExpression>: null

26-05-2025T09:36:32 - [TEST_STEP][PASSED] - dataFolder = "Выполнение бизнес-плана/Значения со страницы Выполнение бизнес-плана/": null

26-05-2025T09:36:32 - [TEST_STEP][PASSED] - path = <not implemented yet for class: org.codehaus.groovy.ast.expr.EmptyExpression>: null

26-05-2025T09:36:32 - [TEST_STEP][PASSED] - typeOfDataMain = <not implemented yet for class: org.codehaus.groovy.ast.expr.EmptyExpression>: null

26-05-2025T09:36:32 - [TEST_STEP][PASSED] - fileOtpuskVSet = <not implemented yet for class: org.codehaus.groovy.ast.expr.EmptyExpression>: null

26-05-2025T09:36:32 - [TEST_STEP][PASSED] - pageOtpuskVSet = <not implemented yet for class: org.codehaus.groovy.ast.expr.EmptyExpression>: null

26-05-2025T09:36:32 - [TEST_STEP][PASSED] - filePoteri = <not implemented yet for class: org.codehaus.groovy.ast.expr.EmptyExpression>: null

26-05-2025T09:36:32 - [TEST_STEP][PASSED] - pagePoteri = <not implemented yet for class: org.codehaus.groovy.ast.expr.EmptyExpression>: null

26-05-2025T09:36:32 - [TEST_STEP][PASSED] - compare = <not implemented yet for class: org.codehaus.groovy.ast.expr.EmptyExpression>: null

26-05-2025T09:36:32 - [TEST_STEP][PASSED] - b = <not implemented yet for class: org.codehaus.groovy.ast.expr.EmptyExpression>: null

26-05-2025T09:36:32 - [TEST_STEP][PASSED] - i = <not implemented yet for class: org.codehaus.groovy.ast.expr.EmptyExpression>: null

26-05-2025T09:36:32 - [TEST_STEP][PASSED] - ii = <not implemented yet for class: org.codehaus.groovy.ast.expr.EmptyExpression>: null

26-05-2025T09:36:32 - [TEST_STEP][PASSED] - c = <not implemented yet for class: org.codehaus.groovy.ast.expr.EmptyExpression>: null

26-05-2025T09:36:32 - [TEST_STEP][PASSED] - numberOfErrors = 0: null

26-05-2025T09:36:32 - [TEST_STEP][PASSED] - if (a == 82): null

26-05-2025T09:36:32 - [TEST_STEP][PASSED] - b = findTestData("PlanFact").getValue(1, a): null

26-05-2025T09:36:32 - [TEST_STEP][PASSED] - i = b.indexOf(" (ГК)"): null

26-05-2025T09:36:32 - [TEST_STEP][PASSED] - if (i > -1): null

26-05-2025T09:36:32 - [TEST_STEP][PASSED] - i = b.indexOf("О ""): null

26-05-2025T09:36:32 - [TEST_STEP][PASSED] - if (i > -1): null

26-05-2025T09:36:32 - [TEST_STEP][PASSED] - i = b.indexOf("О «"): null

26-05-2025T09:36:32 - [TEST_STEP][PASSED] - if (i > -1): null

26-05-2025T09:36:32 - [TEST_STEP][PASSED] - i = b.indexOf("г. "): null

26-05-2025T09:36:32 - [TEST_STEP][PASSED] - if (i > -1): null

26-05-2025T09:36:32 - [TEST_STEP][PASSED] - b = b.trim(): null

26-05-2025T09:36:32 - [TEST_STEP][PASSED] - println(b): null

26-05-2025T09:36:32 - [TEST_STEP][PASSED] - for ([planFact = 1, planFact < 3, (planFact++)]): null

26-05-2025T09:36:32 - [TEST_STEP][PASSED] - if (planFact == 1): null

26-05-2025T09:36:32 - [TEST_STEP][PASSED] - typeOfDataMain = "Факт": null

26-05-2025T09:36:32 - [TEST_STEP][PASSED] - otpusk = findTestData("PlanFact").getValue(5, a): null

26-05-2025T09:36:32 - [TEST_STEP][PASSED] - poteri = findTestData("PlanFact").getValue(6, a): null

26-05-2025T09:36:32 - [TEST_STEP][PASSED] - otpusk = otpusk.replaceAll("\s+", ""): null

26-05-2025T09:36:32 - [TEST_STEP][PASSED] - poteri = poteri.replaceAll("\s+", ""): null

26-05-2025T09:36:32 - [TEST_STEP][PASSED] - typeOfData = typeOfDataMain + " Отпуск в сеть": null

26-05-2025T09:36:32 - [TEST_STEP][PASSED] - if (a == 82): null

26-05-2025T09:36:32 - [TEST_STEP][PASSED] - else if (a == 84): null

26-05-2025T09:36:32 - [TEST_STEP][PASSED] - else if (a == 83 || a == 52 || a == 72 || a == 28 || a == 73 || a == 77 || a == 74 || a == 65 || a == 36 || a == 44 || a == 53 || a == 80 || a == 54 || a == 1 || a == 18 || a == 59 || a == 81): null

26-05-2025T09:36:32 - [TEST_STEP][PASSED] - else: null

26-05-2025T09:36:32 - [TEST_STEP][PASSED] - path = dataFolder + typeOfData + " за отчётный период " + b: null

26-05-2025T09:36:32 - [TEST_STEP][PASSED] - println(path): null

26-05-2025T09:36:32 - [TEST_STEP][PASSED] - page = getText(findTestObject(path)): Text of object 'Object Repository/Выполнение бизнес-плана/Значения со страницы Выполнение бизнес-плана/Факт Отпуск в сеть за отчётный период Архангельский филиал' is: '691 238'

26-05-2025T09:36:32 - [MESSAGE][PASSED] - Text of object 'Object Repository/Выполнение бизнес-плана/Значения со страницы Выполнение бизнес-плана/Факт Отпуск в сеть за отчётный период Архангельский филиал' is: '691 238'

26-05-2025T09:36:32 - [TEST_STEP][PASSED] - if (page == "" || page == null): null

26-05-2025T09:36:32 - [TEST_STEP][PASSED] - else: null

26-05-2025T09:36:32 - [TEST_STEP][PASSED] - page = page.replaceAll("\s+", ""): null

26-05-2025T09:36:32 - [TEST_STEP][PASSED] - if (page == "undefined"): null

26-05-2025T09:36:32 - [TEST_STEP][PASSED] - fileOtpuskVSet = otpusk.toInteger(): null

26-05-2025T09:36:32 - [TEST_STEP][PASSED] - pageOtpuskVSet = page.toInteger(): null

26-05-2025T09:36:32 - [TEST_STEP][PASSED] - typeOfData = typeOfDataMain + " Потери": null

26-05-2025T09:36:32 - [TEST_STEP][PASSED] - if (a == 82): null

26-05-2025T09:36:32 - [TEST_STEP][PASSED] - else if (a == 84): null

26-05-2025T09:36:32 - [TEST_STEP][PASSED] - else if (a == 83 || a == 52 || a == 72 || a == 28 || a == 73 || a == 77 || a == 74 || a == 65 || a == 36 || a == 44 || a == 53 || a == 80 || a == 54 || a == 1 || a == 18 || a == 59 || a == 81): null

26-05-2025T09:36:32 - [TEST_STEP][PASSED] - else: null

26-05-2025T09:36:32 - [TEST_STEP][PASSED] - path = dataFolder + typeOfData + " за отчётный период " + b: null

26-05-2025T09:36:32 - [TEST_STEP][PASSED] - page = getText(findTestObject(path)): Text of object 'Object Repository/Выполнение бизнес-плана/Значения со страницы Выполнение бизнес-плана/Факт Потери за отчётный период Архангельский филиал' is: '39 341'

26-05-2025T09:36:32 - [MESSAGE][PASSED] - Text of object 'Object Repository/Выполнение бизнес-плана/Значения со страницы Выполнение бизнес-плана/Факт Потери за отчётный период Архангельский филиал' is: '39 341'

26-05-2025T09:36:32 - [TEST_STEP][PASSED] - if (page == "" || page == null): null

26-05-2025T09:36:32 - [TEST_STEP][PASSED] - else: null

26-05-2025T09:36:32 - [TEST_STEP][PASSED] - page = page.replaceAll("\s+", ""): null

26-05-2025T09:36:32 - [TEST_STEP][PASSED] - if (page == "undefined"): null

26-05-2025T09:36:32 - [TEST_STEP][PASSED] - filePoteri = poteri.toInteger(): null

26-05-2025T09:36:32 - [TEST_STEP][PASSED] - pagePoteri = page.toInteger(): null

26-05-2025T09:36:32 - [TEST_STEP][PASSED] - compare = pageOtpuskVSet: null

26-05-2025T09:36:32 - [TEST_STEP][PASSED] - if (pageOtpuskVSet != null): null

26-05-2025T09:36:32 - [TEST_STEP][PASSED] - if (compare == fileOtpuskVSet): null

26-05-2025T09:36:32 - [TEST_STEP][PASSED] - else if (compare > fileOtpuskVSet): null

26-05-2025T09:36:32 - [TEST_STEP][PASSED] - else if (compare < fileOtpuskVSet): null

26-05-2025T09:36:32 - [TEST_STEP][PASSED] - compare = compare + 1: null

26-05-2025T09:36:32 - [TEST_STEP][PASSED] - if (compare == fileOtpuskVSet): null

26-05-2025T09:36:32 - [TEST_STEP][PASSED] - else: null

26-05-2025T09:36:32 - [TEST_STEP][PASSED] - numberOfErrors = numberOfErrors + 1: null

26-05-2025T09:36:32 - [TEST_STEP][PASSED] - pageInt = pageOtpuskVSet: null

26-05-2025T09:36:32 - [TEST_STEP][PASSED] - fileInt = fileOtpuskVSet: null

26-05-2025T09:36:32 - [TEST_STEP][PASSED] - typeOfData = typeOfDataMain + " Отпуск в сеть": null

26-05-2025T09:36:32 - [TEST_STEP][PASSED] - Script1718980020443.WriteToExcel(a, typeOfData, todaysDate, pageInt, fileInt, pageDouble, fileDouble, dZO): null

26-05-2025T09:36:32 - [TEST_STEP][PASSED] - sheetName = "Sheet1": null

26-05-2025T09:36:32 - [TEST_STEP][PASSED] - data = findTestData("PlanFact"): null

26-05-2025T09:36:32 - [TEST_STEP][PASSED] - n = data.getRowNumbers() + 1: null

26-05-2025T09:36:32 - [TEST_STEP][PASSED] - day = ")).toInteger(): null

26-05-2025T09:36:32 - [TEST_STEP][PASSED] - println(day): null

26-05-2025T09:36:32 - [TEST_STEP][PASSED] - month = ")).toInteger(): null

26-05-2025T09:36:32 - [TEST_STEP][PASSED] - println(month): null

26-05-2025T09:36:32 - [TEST_STEP][PASSED] - y = <not implemented yet for class: org.codehaus.groovy.ast.expr.EmptyExpression>: null

26-05-2025T09:36:32 - [TEST_STEP][PASSED] - iy = <not implemented yet for class: org.codehaus.groovy.ast.expr.EmptyExpression>: null

26-05-2025T09:36:32 - [TEST_STEP][PASSED] - m = getText(findTestObject("Выполнение бизнес-плана/Период")): Text of object 'Object Repository/Выполнение бизнес-плана/Период' is: '1 кв. 2025 года'

26-05-2025T09:36:33 - [MESSAGE][PASSED] - Text of object 'Object Repository/Выполнение бизнес-плана/Период' is: '1 кв. 2025 года'

26-05-2025T09:36:33 - [TEST_STEP][PASSED] - iy = m.indexOf("20"): null

26-05-2025T09:36:33 - [TEST_STEP][PASSED] - if (iy > -1): null

26-05-2025T09:36:33 - [TEST_STEP][PASSED] - y = substring(iy, iy + 4).toInteger(): null

26-05-2025T09:36:33 - [TEST_STEP][PASSED] - println(y): null

26-05-2025T09:36:33 - [TEST_STEP][PASSED] - if (toString().length() == 4): null

26-05-2025T09:36:33 - [TEST_STEP][PASSED] - m = m.substring(0, m.indexOf(y.toString())): null

26-05-2025T09:36:33 - [TEST_STEP][PASSED] - m = m.trim(): null

26-05-2025T09:36:33 - [TEST_STEP][PASSED] - if (m == ""): null

26-05-2025T09:36:33 - [TEST_STEP][PASSED] - dashboardName = "Выполнение бизнес-плана": null

26-05-2025T09:36:33 - [TEST_STEP][PASSED] - workbook01 = getWorkbook(excelFilePath): null

26-05-2025T09:36:33 - [TEST_STEP][PASSED] - sheet01 = getExcelSheet(workbook01, sheetName): null

26-05-2025T09:36:33 - [TEST_STEP][PASSED] - setValueToCellByIndex(sheet01, n, 0, dashboardName): null

26-05-2025T09:36:33 - [TEST_STEP][PASSED] - setValueToCellByIndex(sheet01, n, 1, dZO): null

26-05-2025T09:36:33 - [TEST_STEP][PASSED] - setValueToCellByIndex(sheet01, n, 2, typeOfData): null

26-05-2025T09:36:33 - [TEST_STEP][PASSED] - if (typeOfData == "Факт в процентах" || typeOfData == "План в процентах"): null

26-05-2025T09:36:33 - [TEST_STEP][PASSED] - else: null

26-05-2025T09:36:33 - [TEST_STEP][PASSED] - setValueToCellByIndex(sheet01, n, 3, fileInt): null

26-05-2025T09:36:33 - [TEST_STEP][PASSED] - setValueToCellByIndex(sheet01, n, 4, pageInt): null

26-05-2025T09:36:33 - [TEST_STEP][PASSED] - setValueToCellByIndex(sheet01, n, 5, m): null

26-05-2025T09:36:33 - [TEST_STEP][PASSED] - setValueToCellByIndex(sheet01, n, 6, y): null

26-05-2025T09:36:33 - [TEST_STEP][PASSED] - setValueToCellByIndex(sheet01, n, 7, todaysDate): null

26-05-2025T09:36:33 - [TEST_STEP][PASSED] - n = n + 1: null

26-05-2025T09:36:33 - [TEST_STEP][PASSED] - saveWorkbook(excelFilePath, workbook01): null

26-05-2025T09:36:33 - [TEST_STEP][PASSED] - compare = pagePoteri: null

26-05-2025T09:36:33 - [TEST_STEP][PASSED] - if (pageOtpuskVSet != null): null

26-05-2025T09:36:33 - [TEST_STEP][PASSED] - if (compare == filePoteri): null

26-05-2025T09:36:33 - [TEST_STEP][PASSED] - else if (compare > filePoteri): null

26-05-2025T09:36:33 - [TEST_STEP][PASSED] - else if (compare < filePoteri): null

26-05-2025T09:36:33 - [TEST_STEP][PASSED] - compare = compare + 1: null

26-05-2025T09:36:33 - [TEST_STEP][PASSED] - if (compare == filePoteri): null

26-05-2025T09:36:33 - [TEST_STEP][PASSED] - else: null

26-05-2025T09:36:33 - [TEST_STEP][PASSED] - numberOfErrors = numberOfErrors + 1: null

26-05-2025T09:36:33 - [TEST_STEP][PASSED] - pageInt = pagePoteri: null

26-05-2025T09:36:33 - [TEST_STEP][PASSED] - fileInt = filePoteri: null

26-05-2025T09:36:33 - [TEST_STEP][PASSED] - typeOfData = typeOfDataMain + " Потери": null

26-05-2025T09:36:33 - [TEST_STEP][PASSED] - Script1718980020443.WriteToExcel(a, typeOfData, todaysDate, pageInt, fileInt, pageDouble, fileDouble, dZO): null

26-05-2025T09:36:33 - [TEST_STEP][PASSED] - sheetName = "Sheet1": null

26-05-2025T09:36:33 - [TEST_STEP][PASSED] - data = findTestData("PlanFact"): null

26-05-2025T09:36:33 - [TEST_STEP][PASSED] - n = data.getRowNumbers() + 1: null

26-05-2025T09:36:33 - [TEST_STEP][PASSED] - day = ")).toInteger(): null

26-05-2025T09:36:33 - [TEST_STEP][PASSED] - println(day): null

26-05-2025T09:36:33 - [TEST_STEP][PASSED] - month = ")).toInteger(): null

26-05-2025T09:36:33 - [TEST_STEP][PASSED] - println(month): null

26-05-2025T09:36:33 - [TEST_STEP][PASSED] - y = <not implemented yet for class: org.codehaus.groovy.ast.expr.EmptyExpression>: null

26-05-2025T09:36:33 - [TEST_STEP][PASSED] - iy = <not implemented yet for class: org.codehaus.groovy.ast.expr.EmptyExpression>: null

26-05-2025T09:36:33 - [TEST_STEP][PASSED] - m = getText(findTestObject("Выполнение бизнес-плана/Период")): Text of object 'Object Repository/Выполнение бизнес-плана/Период' is: '1 кв. 2025 года'

26-05-2025T09:36:33 - [MESSAGE][PASSED] - Text of object 'Object Repository/Выполнение бизнес-плана/Период' is: '1 кв. 2025 года'

26-05-2025T09:36:33 - [TEST_STEP][PASSED] - iy = m.indexOf("20"): null

26-05-2025T09:36:33 - [TEST_STEP][PASSED] - if (iy > -1): null

26-05-2025T09:36:33 - [TEST_STEP][PASSED] - y = substring(iy, iy + 4).toInteger(): null

26-05-2025T09:36:33 - [TEST_STEP][PASSED] - println(y): null

26-05-2025T09:36:33 - [TEST_STEP][PASSED] - if (toString().length() == 4): null

26-05-2025T09:36:33 - [TEST_STEP][PASSED] - m = m.substring(0, m.indexOf(y.toString())): null

26-05-2025T09:36:33 - [TEST_STEP][PASSED] - m = m.trim(): null

26-05-2025T09:36:33 - [TEST_STEP][PASSED] - if (m == ""): null

26-05-2025T09:36:33 - [TEST_STEP][PASSED] - dashboardName = "Выполнение бизнес-плана": null

26-05-2025T09:36:33 - [TEST_STEP][PASSED] - workbook01 = getWorkbook(excelFilePath): null

26-05-2025T09:36:33 - [TEST_STEP][PASSED] - sheet01 = getExcelSheet(workbook01, sheetName): null

26-05-2025T09:36:33 - [TEST_STEP][PASSED] - setValueToCellByIndex(sheet01, n, 0, dashboardName): null

26-05-2025T09:36:33 - [TEST_STEP][PASSED] - setValueToCellByIndex(sheet01, n, 1, dZO): null

26-05-2025T09:36:33 - [TEST_STEP][PASSED] - setValueToCellByIndex(sheet01, n, 2, typeOfData): null

26-05-2025T09:36:33 - [TEST_STEP][PASSED] - if (typeOfData == "Факт в процентах" || typeOfData == "План в процентах"): null

26-05-2025T09:36:33 - [TEST_STEP][PASSED] - else: null

26-05-2025T09:36:33 - [TEST_STEP][PASSED] - setValueToCellByIndex(sheet01, n, 3, fileInt): null

26-05-2025T09:36:33 - [TEST_STEP][PASSED] - setValueToCellByIndex(sheet01, n, 4, pageInt): null

26-05-2025T09:36:33 - [TEST_STEP][PASSED] - setValueToCellByIndex(sheet01, n, 5, m): null

26-05-2025T09:36:33 - [TEST_STEP][PASSED] - setValueToCellByIndex(sheet01, n, 6, y): null

26-05-2025T09:36:33 - [TEST_STEP][PASSED] - setValueToCellByIndex(sheet01, n, 7, todaysDate): null

26-05-2025T09:36:33 - [TEST_STEP][PASSED] - n = n + 1: null

26-05-2025T09:36:33 - [TEST_STEP][PASSED] - saveWorkbook(excelFilePath, workbook01): null

26-05-2025T09:36:34 - [TEST_STEP][PASSED] - if (planFact == 2): null

26-05-2025T09:36:34 - [TEST_STEP][PASSED] - if (planFact == 1): null

26-05-2025T09:36:34 - [TEST_STEP][PASSED] - else if (planFact == 2): null

26-05-2025T09:36:34 - [TEST_STEP][PASSED] - click(findTestObject("Выполнение бизнес-плана/Кнопка План")): Object: 'Object Repository/Выполнение бизнес-плана/Кнопка План' is clicked on

26-05-2025T09:36:34 - [MESSAGE][PASSED] - Object: 'Object Repository/Выполнение бизнес-плана/Кнопка План' is clicked on

26-05-2025T09:36:34 - [TEST_STEP][PASSED] - typeOfDataMain = "План": null

26-05-2025T09:36:34 - [TEST_STEP][PASSED] - otpusk = findTestData("PlanFact").getValue(2, a): null

26-05-2025T09:36:34 - [TEST_STEP][PASSED] - poteri = findTestData("PlanFact").getValue(3, a): null

26-05-2025T09:36:34 - [TEST_STEP][PASSED] - otpusk = otpusk.replaceAll("\s+", ""): null

26-05-2025T09:36:34 - [TEST_STEP][PASSED] - poteri = poteri.replaceAll("\s+", ""): null

26-05-2025T09:36:34 - [TEST_STEP][PASSED] - typeOfData = typeOfDataMain + " Отпуск в сеть": null

26-05-2025T09:36:34 - [TEST_STEP][PASSED] - if (a == 82): null

26-05-2025T09:36:34 - [TEST_STEP][PASSED] - else if (a == 84): null

26-05-2025T09:36:34 - [TEST_STEP][PASSED] - else if (a == 83 || a == 52 || a == 72 || a == 28 || a == 73 || a == 77 || a == 74 || a == 65 || a == 36 || a == 44 || a == 53 || a == 80 || a == 54 || a == 1 || a == 18 || a == 59 || a == 81): null

26-05-2025T09:36:34 - [TEST_STEP][PASSED] - else: null

26-05-2025T09:36:34 - [TEST_STEP][PASSED] - path = dataFolder + typeOfData + " за отчётный период " + b: null

26-05-2025T09:36:34 - [TEST_STEP][PASSED] - println(path): null

26-05-2025T09:36:34 - [TEST_STEP][PASSED] - page = getText(findTestObject(path)): Text of object 'Object Repository/Выполнение бизнес-плана/Значения со страницы Выполнение бизнес-плана/План Отпуск в сеть за отчётный период Архангельский филиал' is: '745 514'

26-05-2025T09:36:34 - [MESSAGE][PASSED] - Text of object 'Object Repository/Выполнение бизнес-плана/Значения со страницы Выполнение бизнес-плана/План Отпуск в сеть за отчётный период Архангельский филиал' is: '745 514'

26-05-2025T09:36:34 - [TEST_STEP][PASSED] - if (page == "" || page == null): null

26-05-2025T09:36:34 - [TEST_STEP][PASSED] - else: null

26-05-2025T09:36:34 - [TEST_STEP][PASSED] - page = page.replaceAll("\s+", ""): null

26-05-2025T09:36:34 - [TEST_STEP][PASSED] - if (page == "undefined"): null

26-05-2025T09:36:34 - [TEST_STEP][PASSED] - fileOtpuskVSet = otpusk.toInteger(): null

26-05-2025T09:36:34 - [TEST_STEP][PASSED] - pageOtpuskVSet = page.toInteger(): null

26-05-2025T09:36:34 - [TEST_STEP][PASSED] - typeOfData = typeOfDataMain + " Потери": null

26-05-2025T09:36:34 - [TEST_STEP][PASSED] - if (a == 82): null

26-05-2025T09:36:34 - [TEST_STEP][PASSED] - else if (a == 84): null

26-05-2025T09:36:34 - [TEST_STEP][PASSED] - else if (a == 83 || a == 52 || a == 72 || a == 28 || a == 73 || a == 77 || a == 74 || a == 65 || a == 36 || a == 44 || a == 53 || a == 80 || a == 54 || a == 1 || a == 18 || a == 59 || a == 81): null

26-05-2025T09:36:34 - [TEST_STEP][PASSED] - else: null

26-05-2025T09:36:34 - [TEST_STEP][PASSED] - path = dataFolder + typeOfData + " за отчётный период " + b: null

26-05-2025T09:36:34 - [TEST_STEP][PASSED] - page = getText(findTestObject(path)): Text of object 'Object Repository/Выполнение бизнес-плана/Значения со страницы Выполнение бизнес-плана/План Потери за отчётный период Архангельский филиал' is: '64 507'

26-05-2025T09:36:35 - [MESSAGE][PASSED] - Text of object 'Object Repository/Выполнение бизнес-плана/Значения со страницы Выполнение бизнес-плана/План Потери за отчётный период Архангельский филиал' is: '64 507'

26-05-2025T09:36:35 - [TEST_STEP][PASSED] - if (page == "" || page == null): null

26-05-2025T09:36:35 - [TEST_STEP][PASSED] - else: null

26-05-2025T09:36:35 - [TEST_STEP][PASSED] - page = page.replaceAll("\s+", ""): null

26-05-2025T09:36:35 - [TEST_STEP][PASSED] - if (page == "undefined"): null

26-05-2025T09:36:35 - [TEST_STEP][PASSED] - filePoteri = poteri.toInteger(): null

26-05-2025T09:36:35 - [TEST_STEP][PASSED] - pagePoteri = page.toInteger(): null

26-05-2025T09:36:35 - [TEST_STEP][PASSED] - compare = pageOtpuskVSet: null

26-05-2025T09:36:35 - [TEST_STEP][PASSED] - if (pageOtpuskVSet != null): null

26-05-2025T09:36:35 - [TEST_STEP][PASSED] - if (compare == fileOtpuskVSet): null

26-05-2025T09:36:35 - [TEST_STEP][PASSED] - else if (compare > fileOtpuskVSet): null

26-05-2025T09:36:35 - [TEST_STEP][PASSED] - else if (compare < fileOtpuskVSet): null

26-05-2025T09:36:35 - [TEST_STEP][PASSED] - compare = compare + 1: null

26-05-2025T09:36:35 - [TEST_STEP][PASSED] - if (compare == fileOtpuskVSet): null

26-05-2025T09:36:35 - [TEST_STEP][PASSED] - else: null

26-05-2025T09:36:35 - [TEST_STEP][PASSED] - numberOfErrors = numberOfErrors + 1: null

26-05-2025T09:36:35 - [TEST_STEP][PASSED] - pageInt = pageOtpuskVSet: null

26-05-2025T09:36:35 - [TEST_STEP][PASSED] - fileInt = fileOtpuskVSet: null

26-05-2025T09:36:35 - [TEST_STEP][PASSED] - typeOfData = typeOfDataMain + " Отпуск в сеть": null

26-05-2025T09:36:35 - [TEST_STEP][PASSED] - Script1718980020443.WriteToExcel(a, typeOfData, todaysDate, pageInt, fileInt, pageDouble, fileDouble, dZO): null

26-05-2025T09:36:35 - [TEST_STEP][PASSED] - sheetName = "Sheet1": null

26-05-2025T09:36:35 - [TEST_STEP][PASSED] - data = findTestData("PlanFact"): null

26-05-2025T09:36:35 - [TEST_STEP][PASSED] - n = data.getRowNumbers() + 1: null

26-05-2025T09:36:35 - [TEST_STEP][PASSED] - day = ")).toInteger(): null

26-05-2025T09:36:35 - [TEST_STEP][PASSED] - println(day): null

26-05-2025T09:36:35 - [TEST_STEP][PASSED] - month = ")).toInteger(): null

26-05-2025T09:36:35 - [TEST_STEP][PASSED] - println(month): null

26-05-2025T09:36:35 - [TEST_STEP][PASSED] - y = <not implemented yet for class: org.codehaus.groovy.ast.expr.EmptyExpression>: null

26-05-2025T09:36:35 - [TEST_STEP][PASSED] - iy = <not implemented yet for class: org.codehaus.groovy.ast.expr.EmptyExpression>: null

26-05-2025T09:36:35 - [TEST_STEP][PASSED] - m = getText(findTestObject("Выполнение бизнес-плана/Период")): Text of object 'Object Repository/Выполнение бизнес-плана/Период' is: '1 кв. 2025 года'

26-05-2025T09:36:35 - [MESSAGE][PASSED] - Text of object 'Object Repository/Выполнение бизнес-плана/Период' is: '1 кв. 2025 года'

26-05-2025T09:36:35 - [TEST_STEP][PASSED] - iy = m.indexOf("20"): null

26-05-2025T09:36:35 - [TEST_STEP][PASSED] - if (iy > -1): null

26-05-2025T09:36:35 - [TEST_STEP][PASSED] - y = substring(iy, iy + 4).toInteger(): null

26-05-2025T09:36:35 - [TEST_STEP][PASSED] - println(y): null

26-05-2025T09:36:35 - [TEST_STEP][PASSED] - if (toString().length() == 4): null

26-05-2025T09:36:35 - [TEST_STEP][PASSED] - m = m.substring(0, m.indexOf(y.toString())): null

26-05-2025T09:36:35 - [TEST_STEP][PASSED] - m = m.trim(): null

26-05-2025T09:36:35 - [TEST_STEP][PASSED] - if (m == ""): null

26-05-2025T09:36:35 - [TEST_STEP][PASSED] - dashboardName = "Выполнение бизнес-плана": null

26-05-2025T09:36:35 - [TEST_STEP][PASSED] - workbook01 = getWorkbook(excelFilePath): null

26-05-2025T09:36:35 - [TEST_STEP][PASSED] - sheet01 = getExcelSheet(workbook01, sheetName): null

26-05-2025T09:36:35 - [TEST_STEP][PASSED] - setValueToCellByIndex(sheet01, n, 0, dashboardName): null

26-05-2025T09:36:35 - [TEST_STEP][PASSED] - setValueToCellByIndex(sheet01, n, 1, dZO): null

26-05-2025T09:36:35 - [TEST_STEP][PASSED] - setValueToCellByIndex(sheet01, n, 2, typeOfData): null

26-05-2025T09:36:35 - [TEST_STEP][PASSED] - if (typeOfData == "Факт в процентах" || typeOfData == "План в процентах"): null

26-05-2025T09:36:35 - [TEST_STEP][PASSED] - else: null

26-05-2025T09:36:35 - [TEST_STEP][PASSED] - setValueToCellByIndex(sheet01, n, 3, fileInt): null

26-05-2025T09:36:35 - [TEST_STEP][PASSED] - setValueToCellByIndex(sheet01, n, 4, pageInt): null

26-05-2025T09:36:35 - [TEST_STEP][PASSED] - setValueToCellByIndex(sheet01, n, 5, m): null

26-05-2025T09:36:35 - [TEST_STEP][PASSED] - setValueToCellByIndex(sheet01, n, 6, y): null

26-05-2025T09:36:35 - [TEST_STEP][PASSED] - setValueToCellByIndex(sheet01, n, 7, todaysDate): null

26-05-2025T09:36:35 - [TEST_STEP][PASSED] - n = n + 1: null

26-05-2025T09:36:35 - [TEST_STEP][PASSED] - saveWorkbook(excelFilePath, workbook01): null

26-05-2025T09:36:35 - [TEST_STEP][PASSED] - compare = pagePoteri: null

26-05-2025T09:36:35 - [TEST_STEP][PASSED] - if (pageOtpuskVSet != null): null

26-05-2025T09:36:35 - [TEST_STEP][PASSED] - if (compare == filePoteri): null

26-05-2025T09:36:35 - [TEST_STEP][PASSED] - else if (compare > filePoteri): null

26-05-2025T09:36:35 - [TEST_STEP][PASSED] - else if (compare < filePoteri): null

26-05-2025T09:36:35 - [TEST_STEP][PASSED] - compare = compare + 1: null

26-05-2025T09:36:35 - [TEST_STEP][PASSED] - if (compare == filePoteri): null

26-05-2025T09:36:35 - [TEST_STEP][PASSED] - else: null

26-05-2025T09:36:35 - [TEST_STEP][PASSED] - numberOfErrors = numberOfErrors + 1: null

26-05-2025T09:36:35 - [TEST_STEP][PASSED] - pageInt = pagePoteri: null

26-05-2025T09:36:35 - [TEST_STEP][PASSED] - fileInt = filePoteri: null

26-05-2025T09:36:35 - [TEST_STEP][PASSED] - typeOfData = typeOfDataMain + " Потери": null

26-05-2025T09:36:35 - [TEST_STEP][PASSED] - Script1718980020443.WriteToExcel(a, typeOfData, todaysDate, pageInt, fileInt, pageDouble, fileDouble, dZO): null

26-05-2025T09:36:35 - [TEST_STEP][PASSED] - sheetName = "Sheet1": null

26-05-2025T09:36:35 - [TEST_STEP][PASSED] - data = findTestData("PlanFact"): null

26-05-2025T09:36:35 - [TEST_STEP][PASSED] - n = data.getRowNumbers() + 1: null

26-05-2025T09:36:35 - [TEST_STEP][PASSED] - day = ")).toInteger(): null

26-05-2025T09:36:35 - [TEST_STEP][PASSED] - println(day): null

26-05-2025T09:36:35 - [TEST_STEP][PASSED] - month = ")).toInteger(): null

26-05-2025T09:36:35 - [TEST_STEP][PASSED] - println(month): null

26-05-2025T09:36:35 - [TEST_STEP][PASSED] - y = <not implemented yet for class: org.codehaus.groovy.ast.expr.EmptyExpression>: null

26-05-2025T09:36:35 - [TEST_STEP][PASSED] - iy = <not implemented yet for class: org.codehaus.groovy.ast.expr.EmptyExpression>: null

26-05-2025T09:36:35 - [TEST_STEP][PASSED] - m = getText(findTestObject("Выполнение бизнес-плана/Период")): Text of object 'Object Repository/Выполнение бизнес-плана/Период' is: '1 кв. 2025 года'

26-05-2025T09:36:36 - [MESSAGE][PASSED] - Text of object 'Object Repository/Выполнение бизнес-плана/Период' is: '1 кв. 2025 года'

26-05-2025T09:36:36 - [TEST_STEP][PASSED] - iy = m.indexOf("20"): null

26-05-2025T09:36:36 - [TEST_STEP][PASSED] - if (iy > -1): null

26-05-2025T09:36:36 - [TEST_STEP][PASSED] - y = substring(iy, iy + 4).toInteger(): null

26-05-2025T09:36:36 - [TEST_STEP][PASSED] - println(y): null

26-05-2025T09:36:36 - [TEST_STEP][PASSED] - if (toString().length() == 4): null

26-05-2025T09:36:36 - [TEST_STEP][PASSED] - m = m.substring(0, m.indexOf(y.toString())): null

26-05-2025T09:36:36 - [TEST_STEP][PASSED] - m = m.trim(): null

26-05-2025T09:36:36 - [TEST_STEP][PASSED] - if (m == ""): null

26-05-2025T09:36:36 - [TEST_STEP][PASSED] - dashboardName = "Выполнение бизнес-плана": null

26-05-2025T09:36:36 - [TEST_STEP][PASSED] - workbook01 = getWorkbook(excelFilePath): null

26-05-2025T09:36:36 - [TEST_STEP][PASSED] - sheet01 = getExcelSheet(workbook01, sheetName): null

26-05-2025T09:36:36 - [TEST_STEP][PASSED] - setValueToCellByIndex(sheet01, n, 0, dashboardName): null

26-05-2025T09:36:36 - [TEST_STEP][PASSED] - setValueToCellByIndex(sheet01, n, 1, dZO): null

26-05-2025T09:36:36 - [TEST_STEP][PASSED] - setValueToCellByIndex(sheet01, n, 2, typeOfData): null

26-05-2025T09:36:36 - [TEST_STEP][PASSED] - if (typeOfData == "Факт в процентах" || typeOfData == "План в процентах"): null

26-05-2025T09:36:36 - [TEST_STEP][PASSED] - else: null

26-05-2025T09:36:36 - [TEST_STEP][PASSED] - setValueToCellByIndex(sheet01, n, 3, fileInt): null

26-05-2025T09:36:36 - [TEST_STEP][PASSED] - setValueToCellByIndex(sheet01, n, 4, pageInt): null

26-05-2025T09:36:36 - [TEST_STEP][PASSED] - setValueToCellByIndex(sheet01, n, 5, m): null

26-05-2025T09:36:36 - [TEST_STEP][PASSED] - setValueToCellByIndex(sheet01, n, 6, y): null

26-05-2025T09:36:36 - [TEST_STEP][PASSED] - setValueToCellByIndex(sheet01, n, 7, todaysDate): null

26-05-2025T09:36:36 - [TEST_STEP][PASSED] - n = n + 1: null

26-05-2025T09:36:36 - [TEST_STEP][PASSED] - saveWorkbook(excelFilePath, workbook01): Object: 'Object Repository/Выполнение бизнес-плана/Кнопка Факт' is clicked on

26-05-2025T09:36:36 - [TEST_STEP][PASSED] - if (planFact == 2): Object: 'Object Repository/Выполнение бизнес-плана/Кнопка Факт' is clicked on

26-05-2025T09:36:36 - [TEST_STEP][PASSED] - click(findTestObject("Выполнение бизнес-плана/Кнопка Факт")): Object: 'Object Repository/Выполнение бизнес-плана/Кнопка Факт' is clicked on

26-05-2025T09:36:36 - [MESSAGE][PASSED] - Object: 'Object Repository/Выполнение бизнес-плана/Кнопка Факт' is clicked on

26-05-2025T09:36:36 - [TEST_STEP][PASSED] - println("a=" + a): null

26-05-2025T09:36:36 - [TEST_STEP][PASSED] - if (a == 84 || a == 82): null

26-05-2025T09:36:36 - [TEST_STEP][PASSED] - else if (a == 83 || a == 52 || a == 72 || a == 28 || a == 73 || a == 77 || a == 74 || a == 65 || a == 36 || a == 44 || a == 53 || a == 80 || a == 54 || a == 1 || a == 18 || a == 59 || a == 81): null

26-05-2025T09:36:36 - [TEST_STEP][PASSED] - else: null

26-05-2025T09:36:36 - [TEST_STEP][PASSED] - page1 = getText(findTestObject("Object Repository/Выполнение бизнес-плана/spanPlan" + filialNum)): Text of object 'Object Repository/Выполнение бизнес-плана/spanPlan1' is: '8.65
|'

26-05-2025T09:36:37 - [MESSAGE][PASSED] - Text of object 'Object Repository/Выполнение бизнес-плана/spanPlan1' is: '8.65
|'

26-05-2025T09:36:37 - [TEST_STEP][PASSED] - if (page1 == null): null

26-05-2025T09:36:37 - [TEST_STEP][PASSED] - else: null

26-05-2025T09:36:37 - [TEST_STEP][PASSED] - page1 = page1.replace("|", ""): null

26-05-2025T09:36:37 - [TEST_STEP][PASSED] - page2 = getText(findTestObject("Object Repository/Выполнение бизнес-плана/spanFact" + filialNum)): Text of object 'Object Repository/Выполнение бизнес-плана/spanFact1' is: '5.69
|'

26-05-2025T09:36:37 - [MESSAGE][PASSED] - Text of object 'Object Repository/Выполнение бизнес-плана/spanFact1' is: '5.69
|'

26-05-2025T09:36:37 - [TEST_STEP][PASSED] - if (page2 == null): null

26-05-2025T09:36:37 - [TEST_STEP][PASSED] - else: null

26-05-2025T09:36:37 - [TEST_STEP][PASSED] - page2 = page2.replace("|", ""): null

26-05-2025T09:36:37 - [TEST_STEP][PASSED] - println("page1: " + page1): null

26-05-2025T09:36:37 - [TEST_STEP][PASSED] - println("page2: " + page2): null

26-05-2025T09:36:37 - [TEST_STEP][PASSED] - file = findTestData("PlanFact").getValue(4, a): null

26-05-2025T09:36:37 - [TEST_STEP][PASSED] - file = file.replace(",", "."): null

26-05-2025T09:36:37 - [TEST_STEP][PASSED] - println("file Plan: " + file): null

26-05-2025T09:36:37 - [TEST_STEP][PASSED] - typeOfData = "План в процентах": null

26-05-2025T09:36:37 - [TEST_STEP][PASSED] - fileDouble = file.toDouble(): null

26-05-2025T09:36:37 - [TEST_STEP][PASSED] - pageDouble = page1.toDouble(): null

26-05-2025T09:36:37 - [TEST_STEP][PASSED] - if (fileDouble != pageDouble): null

26-05-2025T09:36:37 - [TEST_STEP][PASSED] - numberOfErrors = numberOfErrors + 1: null

26-05-2025T09:36:37 - [TEST_STEP][PASSED] - Script1718980020443.WriteToExcel(a, typeOfData, todaysDate, pageInt, fileInt, pageDouble, fileDouble, dZO): null

26-05-2025T09:36:37 - [TEST_STEP][PASSED] - sheetName = "Sheet1": null

26-05-2025T09:36:37 - [TEST_STEP][PASSED] - data = findTestData("PlanFact"): null

26-05-2025T09:36:37 - [TEST_STEP][PASSED] - n = data.getRowNumbers() + 1: null

26-05-2025T09:36:37 - [TEST_STEP][PASSED] - day = ")).toInteger(): null

26-05-2025T09:36:37 - [TEST_STEP][PASSED] - println(day): null

26-05-2025T09:36:37 - [TEST_STEP][PASSED] - month = ")).toInteger(): null

26-05-2025T09:36:37 - [TEST_STEP][PASSED] - println(month): null

26-05-2025T09:36:37 - [TEST_STEP][PASSED] - y = <not implemented yet for class: org.codehaus.groovy.ast.expr.EmptyExpression>: null

26-05-2025T09:36:37 - [TEST_STEP][PASSED] - iy = <not implemented yet for class: org.codehaus.groovy.ast.expr.EmptyExpression>: null

26-05-2025T09:36:37 - [TEST_STEP][PASSED] - m = getText(findTestObject("Выполнение бизнес-плана/Период")): Text of object 'Object Repository/Выполнение бизнес-плана/Период' is: '1 кв. 2025 года'

26-05-2025T09:36:37 - [MESSAGE][PASSED] - Text of object 'Object Repository/Выполнение бизнес-плана/Период' is: '1 кв. 2025 года'

26-05-2025T09:36:37 - [TEST_STEP][PASSED] - iy = m.indexOf("20"): null

26-05-2025T09:36:37 - [TEST_STEP][PASSED] - if (iy > -1): null

26-05-2025T09:36:37 - [TEST_STEP][PASSED] - y = substring(iy, iy + 4).toInteger(): null

26-05-2025T09:36:37 - [TEST_STEP][PASSED] - println(y): null

26-05-2025T09:36:37 - [TEST_STEP][PASSED] - if (toString().length() == 4): null

26-05-2025T09:36:37 - [TEST_STEP][PASSED] - m = m.substring(0, m.indexOf(y.toString())): null

26-05-2025T09:36:37 - [TEST_STEP][PASSED] - m = m.trim(): null

26-05-2025T09:36:37 - [TEST_STEP][PASSED] - if (m == ""): null

26-05-2025T09:36:37 - [TEST_STEP][PASSED] - dashboardName = "Выполнение бизнес-плана": null

26-05-2025T09:36:37 - [TEST_STEP][PASSED] - workbook01 = getWorkbook(excelFilePath): null

26-05-2025T09:36:37 - [TEST_STEP][PASSED] - sheet01 = getExcelSheet(workbook01, sheetName): null

26-05-2025T09:36:37 - [TEST_STEP][PASSED] - setValueToCellByIndex(sheet01, n, 0, dashboardName): null

26-05-2025T09:36:37 - [TEST_STEP][PASSED] - setValueToCellByIndex(sheet01, n, 1, dZO): null

26-05-2025T09:36:37 - [TEST_STEP][PASSED] - setValueToCellByIndex(sheet01, n, 2, typeOfData): null

26-05-2025T09:36:37 - [TEST_STEP][PASSED] - if (typeOfData == "Факт в процентах" || typeOfData == "План в процентах"): null

26-05-2025T09:36:37 - [TEST_STEP][PASSED] - setValueToCellByIndex(sheet01, n, 3, fileDouble): null

26-05-2025T09:36:37 - [TEST_STEP][PASSED] - setValueToCellByIndex(sheet01, n, 4, pageDouble): null

26-05-2025T09:36:37 - [TEST_STEP][PASSED] - setValueToCellByIndex(sheet01, n, 5, m): null

26-05-2025T09:36:37 - [TEST_STEP][PASSED] - setValueToCellByIndex(sheet01, n, 6, y): null

26-05-2025T09:36:37 - [TEST_STEP][PASSED] - setValueToCellByIndex(sheet01, n, 7, todaysDate): null

26-05-2025T09:36:37 - [TEST_STEP][PASSED] - n = n + 1: null

26-05-2025T09:36:37 - [TEST_STEP][PASSED] - saveWorkbook(excelFilePath, workbook01): null

26-05-2025T09:36:38 - [TEST_STEP][PASSED] - file = findTestData("PlanFact").getValue(7, a): null

26-05-2025T09:36:38 - [TEST_STEP][PASSED] - file = file.replace(",", "."): null

26-05-2025T09:36:38 - [TEST_STEP][PASSED] - println("file Fact: " + file): null

26-05-2025T09:36:38 - [TEST_STEP][PASSED] - fileDouble = file.toDouble(): null

26-05-2025T09:36:38 - [TEST_STEP][PASSED] - typeOfData = "Факт в процентах": null

26-05-2025T09:36:38 - [TEST_STEP][PASSED] - fileDouble = file.toDouble(): null

26-05-2025T09:36:38 - [TEST_STEP][PASSED] - pageDouble = page2.toDouble(): null

26-05-2025T09:36:38 - [TEST_STEP][PASSED] - if (fileDouble != pageDouble): null

26-05-2025T09:36:38 - [TEST_STEP][PASSED] - numberOfErrors = numberOfErrors + 1: null

26-05-2025T09:36:38 - [TEST_STEP][PASSED] - Script1718980020443.WriteToExcel(a, typeOfData, todaysDate, pageInt, fileInt, pageDouble, fileDouble, dZO): null

26-05-2025T09:36:38 - [TEST_STEP][PASSED] - sheetName = "Sheet1": null

26-05-2025T09:36:38 - [TEST_STEP][PASSED] - data = findTestData("PlanFact"): null

26-05-2025T09:36:38 - [TEST_STEP][PASSED] - n = data.getRowNumbers() + 1: null

26-05-2025T09:36:38 - [TEST_STEP][PASSED] - day = ")).toInteger(): null

26-05-2025T09:36:38 - [TEST_STEP][PASSED] - println(day): null

26-05-2025T09:36:38 - [TEST_STEP][PASSED] - month = ")).toInteger(): null

26-05-2025T09:36:38 - [TEST_STEP][PASSED] - println(month): null

26-05-2025T09:36:38 - [TEST_STEP][PASSED] - y = <not implemented yet for class: org.codehaus.groovy.ast.expr.EmptyExpression>: null

26-05-2025T09:36:38 - [TEST_STEP][PASSED] - iy = <not implemented yet for class: org.codehaus.groovy.ast.expr.EmptyExpression>: null

26-05-2025T09:36:38 - [TEST_STEP][PASSED] - m = getText(findTestObject("Выполнение бизнес-плана/Период")): Text of object 'Object Repository/Выполнение бизнес-плана/Период' is: '1 кв. 2025 года'

26-05-2025T09:36:38 - [MESSAGE][PASSED] - Text of object 'Object Repository/Выполнение бизнес-плана/Период' is: '1 кв. 2025 года'

26-05-2025T09:36:38 - [TEST_STEP][PASSED] - iy = m.indexOf("20"): null

26-05-2025T09:36:38 - [TEST_STEP][PASSED] - if (iy > -1): null

26-05-2025T09:36:38 - [TEST_STEP][PASSED] - y = substring(iy, iy + 4).toInteger(): null

26-05-2025T09:36:38 - [TEST_STEP][PASSED] - println(y): null

26-05-2025T09:36:38 - [TEST_STEP][PASSED] - if (toString().length() == 4): null

26-05-2025T09:36:38 - [TEST_STEP][PASSED] - m = m.substring(0, m.indexOf(y.toString())): null

26-05-2025T09:36:38 - [TEST_STEP][PASSED] - m = m.trim(): null

26-05-2025T09:36:38 - [TEST_STEP][PASSED] - if (m == ""): null

26-05-2025T09:36:38 - [TEST_STEP][PASSED] - dashboardName = "Выполнение бизнес-плана": null

26-05-2025T09:36:38 - [TEST_STEP][PASSED] - workbook01 = getWorkbook(excelFilePath): null

26-05-2025T09:36:38 - [TEST_STEP][PASSED] - sheet01 = getExcelSheet(workbook01, sheetName): null

26-05-2025T09:36:38 - [TEST_STEP][PASSED] - setValueToCellByIndex(sheet01, n, 0, dashboardName): null

26-05-2025T09:36:38 - [TEST_STEP][PASSED] - setValueToCellByIndex(sheet01, n, 1, dZO): null

26-05-2025T09:36:38 - [TEST_STEP][PASSED] - setValueToCellByIndex(sheet01, n, 2, typeOfData): null

26-05-2025T09:36:38 - [TEST_STEP][PASSED] - if (typeOfData == "Факт в процентах" || typeOfData == "План в процентах"): null

26-05-2025T09:36:38 - [TEST_STEP][PASSED] - setValueToCellByIndex(sheet01, n, 3, fileDouble): null

26-05-2025T09:36:38 - [TEST_STEP][PASSED] - setValueToCellByIndex(sheet01, n, 4, pageDouble): null

26-05-2025T09:36:38 - [TEST_STEP][PASSED] - setValueToCellByIndex(sheet01, n, 5, m): null

26-05-2025T09:36:38 - [TEST_STEP][PASSED] - setValueToCellByIndex(sheet01, n, 6, y): null

26-05-2025T09:36:38 - [TEST_STEP][PASSED] - setValueToCellByIndex(sheet01, n, 7, todaysDate): null

26-05-2025T09:36:38 - [TEST_STEP][PASSED] - n = n + 1: null

26-05-2025T09:36:38 - [TEST_STEP][PASSED] - saveWorkbook(excelFilePath, workbook01): null

26-05-2025T09:36:38 - [TEST_STEP][FAILED] - if (verifyEqual(numberOfErrors, 0) == false): null

26-05-2025T09:36:38 - [MESSAGE][FAILED] - Unable to verify equal between actual object '6' and expected object '0' (Root cause: com.kms.katalon.core.exception.StepFailedException: Actual object '6' and expected object '0' are not equal
	at com.kms.katalon.core.keyword.builtin.VerifyEqualKeyword$_verifyEqual_closure1.doCall(VerifyEqualKeyword.groovy:58)
	at com.kms.katalon.core.keyword.builtin.VerifyEqualKeyword$_verifyEqual_closure1.call(VerifyEqualKeyword.groovy)
	at com.kms.katalon.core.keyword.internal.KeywordMain.runKeyword(KeywordMain.groovy:75)
	at com.kms.katalon.core.keyword.builtin.VerifyEqualKeyword.verifyEqual(VerifyEqualKeyword.groovy:63)
	at com.kms.katalon.core.keyword.builtin.VerifyEqualKeyword.execute(VerifyEqualKeyword.groovy:44)
	at com.kms.katalon.core.keyword.internal.KeywordExecutor.executeKeywordForPlatform(KeywordExecutor.groovy:74)
	at com.kms.katalon.core.keyword.BuiltinKeywords.verifyEqual(BuiltinKeywords.groovy:146)
	at jdk.internal.reflect.GeneratedMethodAccessor23.invoke(Unknown Source)
	at java.base/jdk.internal.reflect.DelegatingMethodAccessorImpl.invoke(DelegatingMethodAccessorImpl.java:43)
	at Выполнение бизнес-плана Сверка ПАО Россети все филиалы.Numbers(Выполнение бизнес-плана Сверка ПАО Россети все филиалы:749)
	at Выполнение бизнес-плана Сверка ПАО Россети все филиалы.Filials(Выполнение бизнес-плана Сверка ПАО Россети все филиалы:1478)
	at Выполнение бизнес-плана Сверка ПАО Россети все филиалы.Numbers(Выполнение бизнес-плана Сверка ПАО Россети все филиалы:756)
	at Выполнение бизнес-плана Сверка ПАО Россети все филиалы.run(Выполнение бизнес-плана Сверка ПАО Россети все филиалы:297)
	at com.kms.katalon.core.main.ScriptEngine.run(ScriptEngine.java:194)
	at com.kms.katalon.core.main.ScriptEngine.runScriptAsRawText(ScriptEngine.java:119)
	at com.kms.katalon.core.main.TestCaseExecutor.runScript(TestCaseExecutor.java:448)
	at com.kms.katalon.core.main.TestCaseExecutor.doExecute(TestCaseExecutor.java:439)
	at com.kms.katalon.core.main.TestCaseExecutor.processExecutionPhase(TestCaseExecutor.java:418)
	at com.kms.katalon.core.main.TestCaseExecutor.accessMainPhase(TestCaseExecutor.java:410)
	at com.kms.katalon.core.main.TestCaseExecutor.execute(TestCaseExecutor.java:285)
	at com.kms.katalon.core.common.CommonExecutor.accessTestCaseMainPhase(CommonExecutor.java:65)
	at com.kms.katalon.core.main.TestSuiteExecutor.accessTestSuiteMainPhase(TestSuiteExecutor.java:150)
	at com.kms.katalon.core.main.TestSuiteExecutor.execute(TestSuiteExecutor.java:106)
	at com.kms.katalon.core.main.TestCaseMain.startTestSuite(TestCaseMain.java:180)
	at TempTestSuite1748228991768.run(TempTestSuite1748228991768.groovy:35)
	at java.base/jdk.internal.reflect.NativeMethodAccessorImpl.invoke0(Native Method)
	at java.base/jdk.internal.reflect.NativeMethodAccessorImpl.invoke(NativeMethodAccessorImpl.java:77)
	at java.base/jdk.internal.reflect.DelegatingMethodAccessorImpl.invoke(DelegatingMethodAccessorImpl.java:43)
)

26-05-2025T09:36:38 - [TEST_STEP][PASSED] - println(numberOfErrors): null

26-05-2025T09:36:38 - [TEST_STEP][PASSED] - println("a=" + a): null

26-05-2025T09:36:38 - [TEST_STEP][PASSED] - if (a == 28 || a == 77 || a == 74 || a == 65 || a == 36 || a == 44 || a == 54 || a == 1 || a == 18 || a == 59): null

26-05-2025T09:36:38 - [TEST_STEP][PASSED] - if (a == 82): null

26-05-2025T09:36:38 - [TEST_STEP][PASSED] - dZO = "Вологодский филиал": null

26-05-2025T09:36:38 - [TEST_STEP][PASSED] - a = 38: null

26-05-2025T09:36:38 - [TEST_STEP][PASSED] - dzoCut = dZO.substring(0, 10): null

26-05-2025T09:36:38 - [TEST_STEP][PASSED] - if (x2.contains(dzoCut)): null

26-05-2025T09:36:38 - [TEST_STEP][PASSED] - filialNum = filialNum + 1: null

26-05-2025T09:36:38 - [TEST_STEP][PASSED] - Script1718980020443.Numbers(a, typeOfData, todaysDate, pageInt, fileInt, pageDouble, fileDouble, dZO, dzoNum, filialNum): null

26-05-2025T09:36:38 - [TEST_STEP][PASSED] - println(dzoNum): null

26-05-2025T09:36:38 - [TEST_STEP][PASSED] - planFact = <not implemented yet for class: org.codehaus.groovy.ast.expr.EmptyExpression>: null

26-05-2025T09:36:38 - [TEST_STEP][PASSED] - page = <not implemented yet for class: org.codehaus.groovy.ast.expr.EmptyExpression>: null

26-05-2025T09:36:38 - [TEST_STEP][PASSED] - page1 = <not implemented yet for class: org.codehaus.groovy.ast.expr.EmptyExpression>: null

26-05-2025T09:36:38 - [TEST_STEP][PASSED] - page2 = <not implemented yet for class: org.codehaus.groovy.ast.expr.EmptyExpression>: null

26-05-2025T09:36:38 - [TEST_STEP][PASSED] - filialNumberInRow = <not implemented yet for class: org.codehaus.groovy.ast.expr.EmptyExpression>: null

26-05-2025T09:36:38 - [TEST_STEP][PASSED] - filialsDzoNames = <not implemented yet for class: org.codehaus.groovy.ast.expr.EmptyExpression>: null

26-05-2025T09:36:38 - [TEST_STEP][PASSED] - numberOfFilials = <not implemented yet for class: org.codehaus.groovy.ast.expr.EmptyExpression>: null

26-05-2025T09:36:38 - [TEST_STEP][PASSED] - numberOfSpaces = <not implemented yet for class: org.codehaus.groovy.ast.expr.EmptyExpression>: null

26-05-2025T09:36:38 - [TEST_STEP][PASSED] - file = <not implemented yet for class: org.codehaus.groovy.ast.expr.EmptyExpression>: null

26-05-2025T09:36:38 - [TEST_STEP][PASSED] - otpusk = <not implemented yet for class: org.codehaus.groovy.ast.expr.EmptyExpression>: null

26-05-2025T09:36:38 - [TEST_STEP][PASSED] - poteri = <not implemented yet for class: org.codehaus.groovy.ast.expr.EmptyExpression>: null

26-05-2025T09:36:38 - [TEST_STEP][PASSED] - dataFolder = "Выполнение бизнес-плана/Значения со страницы Выполнение бизнес-плана/": null

26-05-2025T09:36:38 - [TEST_STEP][PASSED] - path = <not implemented yet for class: org.codehaus.groovy.ast.expr.EmptyExpression>: null

26-05-2025T09:36:38 - [TEST_STEP][PASSED] - typeOfDataMain = <not implemented yet for class: org.codehaus.groovy.ast.expr.EmptyExpression>: null

26-05-2025T09:36:38 - [TEST_STEP][PASSED] - fileOtpuskVSet = <not implemented yet for class: org.codehaus.groovy.ast.expr.EmptyExpression>: null

26-05-2025T09:36:38 - [TEST_STEP][PASSED] - pageOtpuskVSet = <not implemented yet for class: org.codehaus.groovy.ast.expr.EmptyExpression>: null

26-05-2025T09:36:38 - [TEST_STEP][PASSED] - filePoteri = <not implemented yet for class: org.codehaus.groovy.ast.expr.EmptyExpression>: null

26-05-2025T09:36:38 - [TEST_STEP][PASSED] - pagePoteri = <not implemented yet for class: org.codehaus.groovy.ast.expr.EmptyExpression>: null

26-05-2025T09:36:38 - [TEST_STEP][PASSED] - compare = <not implemented yet for class: org.codehaus.groovy.ast.expr.EmptyExpression>: null

26-05-2025T09:36:38 - [TEST_STEP][PASSED] - b = <not implemented yet for class: org.codehaus.groovy.ast.expr.EmptyExpression>: null

26-05-2025T09:36:38 - [TEST_STEP][PASSED] - i = <not implemented yet for class: org.codehaus.groovy.ast.expr.EmptyExpression>: null

26-05-2025T09:36:38 - [TEST_STEP][PASSED] - ii = <not implemented yet for class: org.codehaus.groovy.ast.expr.EmptyExpression>: null

26-05-2025T09:36:38 - [TEST_STEP][PASSED] - c = <not implemented yet for class: org.codehaus.groovy.ast.expr.EmptyExpression>: null

26-05-2025T09:36:38 - [TEST_STEP][PASSED] - numberOfErrors = 0: null

26-05-2025T09:36:38 - [TEST_STEP][PASSED] - if (a == 82): null

26-05-2025T09:36:38 - [TEST_STEP][PASSED] - b = findTestData("PlanFact").getValue(1, a): null

26-05-2025T09:36:39 - [TEST_STEP][PASSED] - i = b.indexOf(" (ГК)"): null

26-05-2025T09:36:39 - [TEST_STEP][PASSED] - if (i > -1): null

26-05-2025T09:36:39 - [TEST_STEP][PASSED] - i = b.indexOf("О ""): null

26-05-2025T09:36:39 - [TEST_STEP][PASSED] - if (i > -1): null

26-05-2025T09:36:39 - [TEST_STEP][PASSED] - i = b.indexOf("О «"): null

26-05-2025T09:36:39 - [TEST_STEP][PASSED] - if (i > -1): null

26-05-2025T09:36:39 - [TEST_STEP][PASSED] - i = b.indexOf("г. "): null

26-05-2025T09:36:39 - [TEST_STEP][PASSED] - if (i > -1): null

26-05-2025T09:36:39 - [TEST_STEP][PASSED] - b = b.trim(): null

26-05-2025T09:36:39 - [TEST_STEP][PASSED] - println(b): null

26-05-2025T09:36:39 - [TEST_STEP][PASSED] - for ([planFact = 1, planFact < 3, (planFact++)]): null

26-05-2025T09:36:39 - [TEST_STEP][PASSED] - if (planFact == 1): null

26-05-2025T09:36:39 - [TEST_STEP][PASSED] - typeOfDataMain = "Факт": null

26-05-2025T09:36:39 - [TEST_STEP][PASSED] - otpusk = findTestData("PlanFact").getValue(5, a): null

26-05-2025T09:36:39 - [TEST_STEP][PASSED] - poteri = findTestData("PlanFact").getValue(6, a): null

26-05-2025T09:36:39 - [TEST_STEP][PASSED] - otpusk = otpusk.replaceAll("\s+", ""): null

26-05-2025T09:36:39 - [TEST_STEP][PASSED] - poteri = poteri.replaceAll("\s+", ""): null

26-05-2025T09:36:39 - [TEST_STEP][PASSED] - typeOfData = typeOfDataMain + " Отпуск в сеть": null

26-05-2025T09:36:39 - [TEST_STEP][PASSED] - if (a == 82): null

26-05-2025T09:36:39 - [TEST_STEP][PASSED] - else if (a == 84): null

26-05-2025T09:36:39 - [TEST_STEP][PASSED] - else if (a == 83 || a == 52 || a == 72 || a == 28 || a == 73 || a == 77 || a == 74 || a == 65 || a == 36 || a == 44 || a == 53 || a == 80 || a == 54 || a == 1 || a == 18 || a == 59 || a == 81): null

26-05-2025T09:36:39 - [TEST_STEP][PASSED] - else: null

26-05-2025T09:36:39 - [TEST_STEP][PASSED] - path = dataFolder + typeOfData + " за отчётный период " + b: null

26-05-2025T09:36:39 - [TEST_STEP][PASSED] - println(path): null

26-05-2025T09:36:39 - [TEST_STEP][PASSED] - page = getText(findTestObject(path)): Text of object 'Object Repository/Выполнение бизнес-плана/Значения со страницы Выполнение бизнес-плана/Факт Отпуск в сеть за отчётный период Вологодский филиал' is: '851 165'

26-05-2025T09:36:39 - [MESSAGE][PASSED] - Text of object 'Object Repository/Выполнение бизнес-плана/Значения со страницы Выполнение бизнес-плана/Факт Отпуск в сеть за отчётный период Вологодский филиал' is: '851 165'

26-05-2025T09:36:39 - [TEST_STEP][PASSED] - if (page == "" || page == null): null

26-05-2025T09:36:39 - [TEST_STEP][PASSED] - else: null

26-05-2025T09:36:39 - [TEST_STEP][PASSED] - page = page.replaceAll("\s+", ""): null

26-05-2025T09:36:39 - [TEST_STEP][PASSED] - if (page == "undefined"): null

26-05-2025T09:36:39 - [TEST_STEP][PASSED] - fileOtpuskVSet = otpusk.toInteger(): null

26-05-2025T09:36:39 - [TEST_STEP][PASSED] - pageOtpuskVSet = page.toInteger(): null

26-05-2025T09:36:39 - [TEST_STEP][PASSED] - typeOfData = typeOfDataMain + " Потери": null

26-05-2025T09:36:39 - [TEST_STEP][PASSED] - if (a == 82): null

26-05-2025T09:36:39 - [TEST_STEP][PASSED] - else if (a == 84): null

26-05-2025T09:36:39 - [TEST_STEP][PASSED] - else if (a == 83 || a == 52 || a == 72 || a == 28 || a == 73 || a == 77 || a == 74 || a == 65 || a == 36 || a == 44 || a == 53 || a == 80 || a == 54 || a == 1 || a == 18 || a == 59 || a == 81): null

26-05-2025T09:36:39 - [TEST_STEP][PASSED] - else: null

26-05-2025T09:36:39 - [TEST_STEP][PASSED] - path = dataFolder + typeOfData + " за отчётный период " + b: null

26-05-2025T09:36:39 - [TEST_STEP][PASSED] - page = getText(findTestObject(path)): Text of object 'Object Repository/Выполнение бизнес-плана/Значения со страницы Выполнение бизнес-плана/Факт Потери за отчётный период Вологодский филиал' is: '43 709'

26-05-2025T09:36:39 - [MESSAGE][PASSED] - Text of object 'Object Repository/Выполнение бизнес-плана/Значения со страницы Выполнение бизнес-плана/Факт Потери за отчётный период Вологодский филиал' is: '43 709'

26-05-2025T09:36:39 - [TEST_STEP][PASSED] - if (page == "" || page == null): null

26-05-2025T09:36:39 - [TEST_STEP][PASSED] - else: null

26-05-2025T09:36:39 - [TEST_STEP][PASSED] - page = page.replaceAll("\s+", ""): null

26-05-2025T09:36:39 - [TEST_STEP][PASSED] - if (page == "undefined"): null

26-05-2025T09:36:39 - [TEST_STEP][PASSED] - filePoteri = poteri.toInteger(): null

26-05-2025T09:36:39 - [TEST_STEP][PASSED] - pagePoteri = page.toInteger(): null

26-05-2025T09:36:39 - [TEST_STEP][PASSED] - compare = pageOtpuskVSet: null

26-05-2025T09:36:39 - [TEST_STEP][PASSED] - if (pageOtpuskVSet != null): null

26-05-2025T09:36:39 - [TEST_STEP][PASSED] - if (compare == fileOtpuskVSet): null

26-05-2025T09:36:39 - [TEST_STEP][PASSED] - else if (compare > fileOtpuskVSet): null

26-05-2025T09:36:39 - [TEST_STEP][PASSED] - else if (compare < fileOtpuskVSet): null

26-05-2025T09:36:39 - [TEST_STEP][PASSED] - compare = compare + 1: null

26-05-2025T09:36:39 - [TEST_STEP][PASSED] - if (compare == fileOtpuskVSet): null

26-05-2025T09:36:39 - [TEST_STEP][PASSED] - else: null

26-05-2025T09:36:39 - [TEST_STEP][PASSED] - numberOfErrors = numberOfErrors + 1: null

26-05-2025T09:36:39 - [TEST_STEP][PASSED] - pageInt = pageOtpuskVSet: null

26-05-2025T09:36:39 - [TEST_STEP][PASSED] - fileInt = fileOtpuskVSet: null

26-05-2025T09:36:39 - [TEST_STEP][PASSED] - typeOfData = typeOfDataMain + " Отпуск в сеть": null

26-05-2025T09:36:39 - [TEST_STEP][PASSED] - Script1718980020443.WriteToExcel(a, typeOfData, todaysDate, pageInt, fileInt, pageDouble, fileDouble, dZO): null

26-05-2025T09:36:39 - [TEST_STEP][PASSED] - sheetName = "Sheet1": null

26-05-2025T09:36:39 - [TEST_STEP][PASSED] - data = findTestData("PlanFact"): null

26-05-2025T09:36:39 - [TEST_STEP][PASSED] - n = data.getRowNumbers() + 1: null

26-05-2025T09:36:39 - [TEST_STEP][PASSED] - day = ")).toInteger(): null

26-05-2025T09:36:39 - [TEST_STEP][PASSED] - println(day): null

26-05-2025T09:36:39 - [TEST_STEP][PASSED] - month = ")).toInteger(): null

26-05-2025T09:36:39 - [TEST_STEP][PASSED] - println(month): null

26-05-2025T09:36:39 - [TEST_STEP][PASSED] - y = <not implemented yet for class: org.codehaus.groovy.ast.expr.EmptyExpression>: null

26-05-2025T09:36:39 - [TEST_STEP][PASSED] - iy = <not implemented yet for class: org.codehaus.groovy.ast.expr.EmptyExpression>: null

26-05-2025T09:36:39 - [TEST_STEP][PASSED] - m = getText(findTestObject("Выполнение бизнес-плана/Период")): Text of object 'Object Repository/Выполнение бизнес-плана/Период' is: '1 кв. 2025 года'

26-05-2025T09:36:40 - [MESSAGE][PASSED] - Text of object 'Object Repository/Выполнение бизнес-плана/Период' is: '1 кв. 2025 года'

26-05-2025T09:36:40 - [TEST_STEP][PASSED] - iy = m.indexOf("20"): null

26-05-2025T09:36:40 - [TEST_STEP][PASSED] - if (iy > -1): null

26-05-2025T09:36:40 - [TEST_STEP][PASSED] - y = substring(iy, iy + 4).toInteger(): null

26-05-2025T09:36:40 - [TEST_STEP][PASSED] - println(y): null

26-05-2025T09:36:40 - [TEST_STEP][PASSED] - if (toString().length() == 4): null

26-05-2025T09:36:40 - [TEST_STEP][PASSED] - m = m.substring(0, m.indexOf(y.toString())): null

26-05-2025T09:36:40 - [TEST_STEP][PASSED] - m = m.trim(): null

26-05-2025T09:36:40 - [TEST_STEP][PASSED] - if (m == ""): null

26-05-2025T09:36:40 - [TEST_STEP][PASSED] - dashboardName = "Выполнение бизнес-плана": null

26-05-2025T09:36:40 - [TEST_STEP][PASSED] - workbook01 = getWorkbook(excelFilePath): null

26-05-2025T09:36:40 - [TEST_STEP][PASSED] - sheet01 = getExcelSheet(workbook01, sheetName): null

26-05-2025T09:36:40 - [TEST_STEP][PASSED] - setValueToCellByIndex(sheet01, n, 0, dashboardName): null

26-05-2025T09:36:40 - [TEST_STEP][PASSED] - setValueToCellByIndex(sheet01, n, 1, dZO): null

26-05-2025T09:36:40 - [TEST_STEP][PASSED] - setValueToCellByIndex(sheet01, n, 2, typeOfData): null

26-05-2025T09:36:40 - [TEST_STEP][PASSED] - if (typeOfData == "Факт в процентах" || typeOfData == "План в процентах"): null

26-05-2025T09:36:40 - [TEST_STEP][PASSED] - else: null

26-05-2025T09:36:40 - [TEST_STEP][PASSED] - setValueToCellByIndex(sheet01, n, 3, fileInt): null

26-05-2025T09:36:40 - [TEST_STEP][PASSED] - setValueToCellByIndex(sheet01, n, 4, pageInt): null

26-05-2025T09:36:40 - [TEST_STEP][PASSED] - setValueToCellByIndex(sheet01, n, 5, m): null

26-05-2025T09:36:40 - [TEST_STEP][PASSED] - setValueToCellByIndex(sheet01, n, 6, y): null

26-05-2025T09:36:40 - [TEST_STEP][PASSED] - setValueToCellByIndex(sheet01, n, 7, todaysDate): null

26-05-2025T09:36:40 - [TEST_STEP][PASSED] - n = n + 1: null

26-05-2025T09:36:40 - [TEST_STEP][PASSED] - saveWorkbook(excelFilePath, workbook01): null

26-05-2025T09:36:40 - [TEST_STEP][PASSED] - compare = pagePoteri: null

26-05-2025T09:36:40 - [TEST_STEP][PASSED] - if (pageOtpuskVSet != null): null

26-05-2025T09:36:40 - [TEST_STEP][PASSED] - if (compare == filePoteri): null

26-05-2025T09:36:40 - [TEST_STEP][PASSED] - else if (compare > filePoteri): null

26-05-2025T09:36:40 - [TEST_STEP][PASSED] - else if (compare < filePoteri): null

26-05-2025T09:36:40 - [TEST_STEP][PASSED] - compare = compare + 1: null

26-05-2025T09:36:40 - [TEST_STEP][PASSED] - if (compare == filePoteri): null

26-05-2025T09:36:40 - [TEST_STEP][PASSED] - else: null

26-05-2025T09:36:40 - [TEST_STEP][PASSED] - numberOfErrors = numberOfErrors + 1: null

26-05-2025T09:36:40 - [TEST_STEP][PASSED] - pageInt = pagePoteri: null

26-05-2025T09:36:40 - [TEST_STEP][PASSED] - fileInt = filePoteri: null

26-05-2025T09:36:40 - [TEST_STEP][PASSED] - typeOfData = typeOfDataMain + " Потери": null

26-05-2025T09:36:40 - [TEST_STEP][PASSED] - Script1718980020443.WriteToExcel(a, typeOfData, todaysDate, pageInt, fileInt, pageDouble, fileDouble, dZO): null

26-05-2025T09:36:40 - [TEST_STEP][PASSED] - sheetName = "Sheet1": null

26-05-2025T09:36:40 - [TEST_STEP][PASSED] - data = findTestData("PlanFact"): null

26-05-2025T09:36:40 - [TEST_STEP][PASSED] - n = data.getRowNumbers() + 1: null

26-05-2025T09:36:40 - [TEST_STEP][PASSED] - day = ")).toInteger(): null

26-05-2025T09:36:40 - [TEST_STEP][PASSED] - println(day): null

26-05-2025T09:36:40 - [TEST_STEP][PASSED] - month = ")).toInteger(): null

26-05-2025T09:36:40 - [TEST_STEP][PASSED] - println(month): null

26-05-2025T09:36:40 - [TEST_STEP][PASSED] - y = <not implemented yet for class: org.codehaus.groovy.ast.expr.EmptyExpression>: null

26-05-2025T09:36:40 - [TEST_STEP][PASSED] - iy = <not implemented yet for class: org.codehaus.groovy.ast.expr.EmptyExpression>: null

26-05-2025T09:36:40 - [TEST_STEP][PASSED] - m = getText(findTestObject("Выполнение бизнес-плана/Период")): Text of object 'Object Repository/Выполнение бизнес-плана/Период' is: '1 кв. 2025 года'

26-05-2025T09:36:40 - [MESSAGE][PASSED] - Text of object 'Object Repository/Выполнение бизнес-плана/Период' is: '1 кв. 2025 года'

26-05-2025T09:36:40 - [TEST_STEP][PASSED] - iy = m.indexOf("20"): null

26-05-2025T09:36:40 - [TEST_STEP][PASSED] - if (iy > -1): null

26-05-2025T09:36:40 - [TEST_STEP][PASSED] - y = substring(iy, iy + 4).toInteger(): null

26-05-2025T09:36:40 - [TEST_STEP][PASSED] - println(y): null

26-05-2025T09:36:40 - [TEST_STEP][PASSED] - if (toString().length() == 4): null

26-05-2025T09:36:40 - [TEST_STEP][PASSED] - m = m.substring(0, m.indexOf(y.toString())): null

26-05-2025T09:36:40 - [TEST_STEP][PASSED] - m = m.trim(): null

26-05-2025T09:36:40 - [TEST_STEP][PASSED] - if (m == ""): null

26-05-2025T09:36:40 - [TEST_STEP][PASSED] - dashboardName = "Выполнение бизнес-плана": null

26-05-2025T09:36:40 - [TEST_STEP][PASSED] - workbook01 = getWorkbook(excelFilePath): null

26-05-2025T09:36:40 - [TEST_STEP][PASSED] - sheet01 = getExcelSheet(workbook01, sheetName): null

26-05-2025T09:36:40 - [TEST_STEP][PASSED] - setValueToCellByIndex(sheet01, n, 0, dashboardName): null

26-05-2025T09:36:40 - [TEST_STEP][PASSED] - setValueToCellByIndex(sheet01, n, 1, dZO): null

26-05-2025T09:36:40 - [TEST_STEP][PASSED] - setValueToCellByIndex(sheet01, n, 2, typeOfData): null

26-05-2025T09:36:40 - [TEST_STEP][PASSED] - if (typeOfData == "Факт в процентах" || typeOfData == "План в процентах"): null

26-05-2025T09:36:40 - [TEST_STEP][PASSED] - else: null

26-05-2025T09:36:40 - [TEST_STEP][PASSED] - setValueToCellByIndex(sheet01, n, 3, fileInt): null

26-05-2025T09:36:40 - [TEST_STEP][PASSED] - setValueToCellByIndex(sheet01, n, 4, pageInt): null

26-05-2025T09:36:40 - [TEST_STEP][PASSED] - setValueToCellByIndex(sheet01, n, 5, m): null

26-05-2025T09:36:40 - [TEST_STEP][PASSED] - setValueToCellByIndex(sheet01, n, 6, y): null

26-05-2025T09:36:40 - [TEST_STEP][PASSED] - setValueToCellByIndex(sheet01, n, 7, todaysDate): null

26-05-2025T09:36:40 - [TEST_STEP][PASSED] - n = n + 1: null

26-05-2025T09:36:40 - [TEST_STEP][PASSED] - saveWorkbook(excelFilePath, workbook01): null

26-05-2025T09:36:41 - [TEST_STEP][PASSED] - if (planFact == 2): null

26-05-2025T09:36:41 - [TEST_STEP][PASSED] - if (planFact == 1): null

26-05-2025T09:36:41 - [TEST_STEP][PASSED] - else if (planFact == 2): null

26-05-2025T09:36:41 - [TEST_STEP][PASSED] - click(findTestObject("Выполнение бизнес-плана/Кнопка План")): Object: 'Object Repository/Выполнение бизнес-плана/Кнопка План' is clicked on

26-05-2025T09:36:41 - [MESSAGE][PASSED] - Object: 'Object Repository/Выполнение бизнес-плана/Кнопка План' is clicked on

26-05-2025T09:36:41 - [TEST_STEP][PASSED] - typeOfDataMain = "План": null

26-05-2025T09:36:41 - [TEST_STEP][PASSED] - otpusk = findTestData("PlanFact").getValue(2, a): null

26-05-2025T09:36:41 - [TEST_STEP][PASSED] - poteri = findTestData("PlanFact").getValue(3, a): null

26-05-2025T09:36:41 - [TEST_STEP][PASSED] - otpusk = otpusk.replaceAll("\s+", ""): null

26-05-2025T09:36:41 - [TEST_STEP][PASSED] - poteri = poteri.replaceAll("\s+", ""): null

26-05-2025T09:36:41 - [TEST_STEP][PASSED] - typeOfData = typeOfDataMain + " Отпуск в сеть": null

26-05-2025T09:36:41 - [TEST_STEP][PASSED] - if (a == 82): null

26-05-2025T09:36:41 - [TEST_STEP][PASSED] - else if (a == 84): null

26-05-2025T09:36:41 - [TEST_STEP][PASSED] - else if (a == 83 || a == 52 || a == 72 || a == 28 || a == 73 || a == 77 || a == 74 || a == 65 || a == 36 || a == 44 || a == 53 || a == 80 || a == 54 || a == 1 || a == 18 || a == 59 || a == 81): null

26-05-2025T09:36:41 - [TEST_STEP][PASSED] - else: null

26-05-2025T09:36:41 - [TEST_STEP][PASSED] - path = dataFolder + typeOfData + " за отчётный период " + b: null

26-05-2025T09:36:41 - [TEST_STEP][PASSED] - println(path): null

26-05-2025T09:36:41 - [TEST_STEP][PASSED] - page = getText(findTestObject(path)): Text of object 'Object Repository/Выполнение бизнес-плана/Значения со страницы Выполнение бизнес-плана/План Отпуск в сеть за отчётный период Вологодский филиал' is: '906 995'

26-05-2025T09:36:41 - [MESSAGE][PASSED] - Text of object 'Object Repository/Выполнение бизнес-плана/Значения со страницы Выполнение бизнес-плана/План Отпуск в сеть за отчётный период Вологодский филиал' is: '906 995'

26-05-2025T09:36:41 - [TEST_STEP][PASSED] - if (page == "" || page == null): null

26-05-2025T09:36:41 - [TEST_STEP][PASSED] - else: null

26-05-2025T09:36:41 - [TEST_STEP][PASSED] - page = page.replaceAll("\s+", ""): null

26-05-2025T09:36:41 - [TEST_STEP][PASSED] - if (page == "undefined"): null

26-05-2025T09:36:41 - [TEST_STEP][PASSED] - fileOtpuskVSet = otpusk.toInteger(): null

26-05-2025T09:36:41 - [TEST_STEP][PASSED] - pageOtpuskVSet = page.toInteger(): null

26-05-2025T09:36:41 - [TEST_STEP][PASSED] - typeOfData = typeOfDataMain + " Потери": null

26-05-2025T09:36:41 - [TEST_STEP][PASSED] - if (a == 82): null

26-05-2025T09:36:41 - [TEST_STEP][PASSED] - else if (a == 84): null

26-05-2025T09:36:41 - [TEST_STEP][PASSED] - else if (a == 83 || a == 52 || a == 72 || a == 28 || a == 73 || a == 77 || a == 74 || a == 65 || a == 36 || a == 44 || a == 53 || a == 80 || a == 54 || a == 1 || a == 18 || a == 59 || a == 81): null

26-05-2025T09:36:41 - [TEST_STEP][PASSED] - else: null

26-05-2025T09:36:41 - [TEST_STEP][PASSED] - path = dataFolder + typeOfData + " за отчётный период " + b: null

26-05-2025T09:36:41 - [TEST_STEP][PASSED] - page = getText(findTestObject(path)): Text of object 'Object Repository/Выполнение бизнес-плана/Значения со страницы Выполнение бизнес-плана/План Потери за отчётный период Вологодский филиал' is: '72 678'

26-05-2025T09:36:42 - [MESSAGE][PASSED] - Text of object 'Object Repository/Выполнение бизнес-плана/Значения со страницы Выполнение бизнес-плана/План Потери за отчётный период Вологодский филиал' is: '72 678'

26-05-2025T09:36:42 - [TEST_STEP][PASSED] - if (page == "" || page == null): null

26-05-2025T09:36:42 - [TEST_STEP][PASSED] - else: null

26-05-2025T09:36:42 - [TEST_STEP][PASSED] - page = page.replaceAll("\s+", ""): null

26-05-2025T09:36:42 - [TEST_STEP][PASSED] - if (page == "undefined"): null

26-05-2025T09:36:42 - [TEST_STEP][PASSED] - filePoteri = poteri.toInteger(): null

26-05-2025T09:36:42 - [TEST_STEP][PASSED] - pagePoteri = page.toInteger(): null

26-05-2025T09:36:42 - [TEST_STEP][PASSED] - compare = pageOtpuskVSet: null

26-05-2025T09:36:42 - [TEST_STEP][PASSED] - if (pageOtpuskVSet != null): null

26-05-2025T09:36:42 - [TEST_STEP][PASSED] - if (compare == fileOtpuskVSet): null

26-05-2025T09:36:42 - [TEST_STEP][PASSED] - else if (compare > fileOtpuskVSet): null

26-05-2025T09:36:42 - [TEST_STEP][PASSED] - else if (compare < fileOtpuskVSet): null

26-05-2025T09:36:42 - [TEST_STEP][PASSED] - compare = compare + 1: null

26-05-2025T09:36:42 - [TEST_STEP][PASSED] - if (compare == fileOtpuskVSet): null

26-05-2025T09:36:42 - [TEST_STEP][PASSED] - else: null

26-05-2025T09:36:42 - [TEST_STEP][PASSED] - numberOfErrors = numberOfErrors + 1: null

26-05-2025T09:36:42 - [TEST_STEP][PASSED] - pageInt = pageOtpuskVSet: null

26-05-2025T09:36:42 - [TEST_STEP][PASSED] - fileInt = fileOtpuskVSet: null

26-05-2025T09:36:42 - [TEST_STEP][PASSED] - typeOfData = typeOfDataMain + " Отпуск в сеть": null

26-05-2025T09:36:42 - [TEST_STEP][PASSED] - Script1718980020443.WriteToExcel(a, typeOfData, todaysDate, pageInt, fileInt, pageDouble, fileDouble, dZO): null

26-05-2025T09:36:42 - [TEST_STEP][PASSED] - sheetName = "Sheet1": null

26-05-2025T09:36:42 - [TEST_STEP][PASSED] - data = findTestData("PlanFact"): null

26-05-2025T09:36:42 - [TEST_STEP][PASSED] - n = data.getRowNumbers() + 1: null

26-05-2025T09:36:42 - [TEST_STEP][PASSED] - day = ")).toInteger(): null

26-05-2025T09:36:42 - [TEST_STEP][PASSED] - println(day): null

26-05-2025T09:36:42 - [TEST_STEP][PASSED] - month = ")).toInteger(): null

26-05-2025T09:36:42 - [TEST_STEP][PASSED] - println(month): null

26-05-2025T09:36:42 - [TEST_STEP][PASSED] - y = <not implemented yet for class: org.codehaus.groovy.ast.expr.EmptyExpression>: null

26-05-2025T09:36:42 - [TEST_STEP][PASSED] - iy = <not implemented yet for class: org.codehaus.groovy.ast.expr.EmptyExpression>: null

26-05-2025T09:36:42 - [TEST_STEP][PASSED] - m = getText(findTestObject("Выполнение бизнес-плана/Период")): Text of object 'Object Repository/Выполнение бизнес-плана/Период' is: '1 кв. 2025 года'

26-05-2025T09:36:42 - [MESSAGE][PASSED] - Text of object 'Object Repository/Выполнение бизнес-плана/Период' is: '1 кв. 2025 года'

26-05-2025T09:36:42 - [TEST_STEP][PASSED] - iy = m.indexOf("20"): null

26-05-2025T09:36:42 - [TEST_STEP][PASSED] - if (iy > -1): null

26-05-2025T09:36:42 - [TEST_STEP][PASSED] - y = substring(iy, iy + 4).toInteger(): null

26-05-2025T09:36:42 - [TEST_STEP][PASSED] - println(y): null

26-05-2025T09:36:42 - [TEST_STEP][PASSED] - if (toString().length() == 4): null

26-05-2025T09:36:42 - [TEST_STEP][PASSED] - m = m.substring(0, m.indexOf(y.toString())): null

26-05-2025T09:36:42 - [TEST_STEP][PASSED] - m = m.trim(): null

26-05-2025T09:36:42 - [TEST_STEP][PASSED] - if (m == ""): null

26-05-2025T09:36:42 - [TEST_STEP][PASSED] - dashboardName = "Выполнение бизнес-плана": null

26-05-2025T09:36:42 - [TEST_STEP][PASSED] - workbook01 = getWorkbook(excelFilePath): null

26-05-2025T09:36:42 - [TEST_STEP][PASSED] - sheet01 = getExcelSheet(workbook01, sheetName): null

26-05-2025T09:36:42 - [TEST_STEP][PASSED] - setValueToCellByIndex(sheet01, n, 0, dashboardName): null

26-05-2025T09:36:42 - [TEST_STEP][PASSED] - setValueToCellByIndex(sheet01, n, 1, dZO): null

26-05-2025T09:36:42 - [TEST_STEP][PASSED] - setValueToCellByIndex(sheet01, n, 2, typeOfData): null

26-05-2025T09:36:42 - [TEST_STEP][PASSED] - if (typeOfData == "Факт в процентах" || typeOfData == "План в процентах"): null

26-05-2025T09:36:42 - [TEST_STEP][PASSED] - else: null

26-05-2025T09:36:42 - [TEST_STEP][PASSED] - setValueToCellByIndex(sheet01, n, 3, fileInt): null

26-05-2025T09:36:42 - [TEST_STEP][PASSED] - setValueToCellByIndex(sheet01, n, 4, pageInt): null

26-05-2025T09:36:42 - [TEST_STEP][PASSED] - setValueToCellByIndex(sheet01, n, 5, m): null

26-05-2025T09:36:42 - [TEST_STEP][PASSED] - setValueToCellByIndex(sheet01, n, 6, y): null

26-05-2025T09:36:42 - [TEST_STEP][PASSED] - setValueToCellByIndex(sheet01, n, 7, todaysDate): null

26-05-2025T09:36:42 - [TEST_STEP][PASSED] - n = n + 1: null

26-05-2025T09:36:42 - [TEST_STEP][PASSED] - saveWorkbook(excelFilePath, workbook01): null

26-05-2025T09:36:42 - [TEST_STEP][PASSED] - compare = pagePoteri: null

26-05-2025T09:36:42 - [TEST_STEP][PASSED] - if (pageOtpuskVSet != null): null

26-05-2025T09:36:42 - [TEST_STEP][PASSED] - if (compare == filePoteri): null

26-05-2025T09:36:42 - [TEST_STEP][PASSED] - else if (compare > filePoteri): null

26-05-2025T09:36:42 - [TEST_STEP][PASSED] - else if (compare < filePoteri): null

26-05-2025T09:36:42 - [TEST_STEP][PASSED] - compare = compare + 1: null

26-05-2025T09:36:42 - [TEST_STEP][PASSED] - if (compare == filePoteri): null

26-05-2025T09:36:42 - [TEST_STEP][PASSED] - else: null

26-05-2025T09:36:42 - [TEST_STEP][PASSED] - numberOfErrors = numberOfErrors + 1: null

26-05-2025T09:36:42 - [TEST_STEP][PASSED] - pageInt = pagePoteri: null

26-05-2025T09:36:42 - [TEST_STEP][PASSED] - fileInt = filePoteri: null

26-05-2025T09:36:42 - [TEST_STEP][PASSED] - typeOfData = typeOfDataMain + " Потери": null

26-05-2025T09:36:42 - [TEST_STEP][PASSED] - Script1718980020443.WriteToExcel(a, typeOfData, todaysDate, pageInt, fileInt, pageDouble, fileDouble, dZO): null

26-05-2025T09:36:42 - [TEST_STEP][PASSED] - sheetName = "Sheet1": null

26-05-2025T09:36:42 - [TEST_STEP][PASSED] - data = findTestData("PlanFact"): null

26-05-2025T09:36:42 - [TEST_STEP][PASSED] - n = data.getRowNumbers() + 1: null

26-05-2025T09:36:42 - [TEST_STEP][PASSED] - day = ")).toInteger(): null

26-05-2025T09:36:42 - [TEST_STEP][PASSED] - println(day): null

26-05-2025T09:36:42 - [TEST_STEP][PASSED] - month = ")).toInteger(): null

26-05-2025T09:36:42 - [TEST_STEP][PASSED] - println(month): null

26-05-2025T09:36:42 - [TEST_STEP][PASSED] - y = <not implemented yet for class: org.codehaus.groovy.ast.expr.EmptyExpression>: null

26-05-2025T09:36:42 - [TEST_STEP][PASSED] - iy = <not implemented yet for class: org.codehaus.groovy.ast.expr.EmptyExpression>: null

26-05-2025T09:36:42 - [TEST_STEP][PASSED] - m = getText(findTestObject("Выполнение бизнес-плана/Период")): Text of object 'Object Repository/Выполнение бизнес-плана/Период' is: '1 кв. 2025 года'

26-05-2025T09:36:43 - [MESSAGE][PASSED] - Text of object 'Object Repository/Выполнение бизнес-плана/Период' is: '1 кв. 2025 года'

26-05-2025T09:36:43 - [TEST_STEP][PASSED] - iy = m.indexOf("20"): null

26-05-2025T09:36:43 - [TEST_STEP][PASSED] - if (iy > -1): null

26-05-2025T09:36:43 - [TEST_STEP][PASSED] - y = substring(iy, iy + 4).toInteger(): null

26-05-2025T09:36:43 - [TEST_STEP][PASSED] - println(y): null

26-05-2025T09:36:43 - [TEST_STEP][PASSED] - if (toString().length() == 4): null

26-05-2025T09:36:43 - [TEST_STEP][PASSED] - m = m.substring(0, m.indexOf(y.toString())): null

26-05-2025T09:36:43 - [TEST_STEP][PASSED] - m = m.trim(): null

26-05-2025T09:36:43 - [TEST_STEP][PASSED] - if (m == ""): null

26-05-2025T09:36:43 - [TEST_STEP][PASSED] - dashboardName = "Выполнение бизнес-плана": null

26-05-2025T09:36:43 - [TEST_STEP][PASSED] - workbook01 = getWorkbook(excelFilePath): null

26-05-2025T09:36:43 - [TEST_STEP][PASSED] - sheet01 = getExcelSheet(workbook01, sheetName): null

26-05-2025T09:36:43 - [TEST_STEP][PASSED] - setValueToCellByIndex(sheet01, n, 0, dashboardName): null

26-05-2025T09:36:43 - [TEST_STEP][PASSED] - setValueToCellByIndex(sheet01, n, 1, dZO): null

26-05-2025T09:36:43 - [TEST_STEP][PASSED] - setValueToCellByIndex(sheet01, n, 2, typeOfData): null

26-05-2025T09:36:43 - [TEST_STEP][PASSED] - if (typeOfData == "Факт в процентах" || typeOfData == "План в процентах"): null

26-05-2025T09:36:43 - [TEST_STEP][PASSED] - else: null

26-05-2025T09:36:43 - [TEST_STEP][PASSED] - setValueToCellByIndex(sheet01, n, 3, fileInt): null

26-05-2025T09:36:43 - [TEST_STEP][PASSED] - setValueToCellByIndex(sheet01, n, 4, pageInt): null

26-05-2025T09:36:43 - [TEST_STEP][PASSED] - setValueToCellByIndex(sheet01, n, 5, m): null

26-05-2025T09:36:43 - [TEST_STEP][PASSED] - setValueToCellByIndex(sheet01, n, 6, y): null

26-05-2025T09:36:43 - [TEST_STEP][PASSED] - setValueToCellByIndex(sheet01, n, 7, todaysDate): null

26-05-2025T09:36:43 - [TEST_STEP][PASSED] - n = n + 1: null

26-05-2025T09:36:43 - [TEST_STEP][PASSED] - saveWorkbook(excelFilePath, workbook01): Object: 'Object Repository/Выполнение бизнес-плана/Кнопка Факт' is clicked on

26-05-2025T09:36:43 - [TEST_STEP][PASSED] - if (planFact == 2): Object: 'Object Repository/Выполнение бизнес-плана/Кнопка Факт' is clicked on

26-05-2025T09:36:43 - [TEST_STEP][PASSED] - click(findTestObject("Выполнение бизнес-плана/Кнопка Факт")): Object: 'Object Repository/Выполнение бизнес-плана/Кнопка Факт' is clicked on

26-05-2025T09:36:43 - [MESSAGE][PASSED] - Object: 'Object Repository/Выполнение бизнес-плана/Кнопка Факт' is clicked on

26-05-2025T09:36:43 - [TEST_STEP][PASSED] - println("a=" + a): null

26-05-2025T09:36:43 - [TEST_STEP][PASSED] - if (a == 84 || a == 82): null

26-05-2025T09:36:43 - [TEST_STEP][PASSED] - else if (a == 83 || a == 52 || a == 72 || a == 28 || a == 73 || a == 77 || a == 74 || a == 65 || a == 36 || a == 44 || a == 53 || a == 80 || a == 54 || a == 1 || a == 18 || a == 59 || a == 81): null

26-05-2025T09:36:43 - [TEST_STEP][PASSED] - else: null

26-05-2025T09:36:43 - [TEST_STEP][PASSED] - page1 = getText(findTestObject("Object Repository/Выполнение бизнес-плана/spanPlan" + filialNum)): Text of object 'Object Repository/Выполнение бизнес-плана/spanPlan2' is: '8.01
|'

26-05-2025T09:36:44 - [MESSAGE][PASSED] - Text of object 'Object Repository/Выполнение бизнес-плана/spanPlan2' is: '8.01
|'

26-05-2025T09:36:44 - [TEST_STEP][PASSED] - if (page1 == null): null

26-05-2025T09:36:44 - [TEST_STEP][PASSED] - else: null

26-05-2025T09:36:44 - [TEST_STEP][PASSED] - page1 = page1.replace("|", ""): null

26-05-2025T09:36:44 - [TEST_STEP][PASSED] - page2 = getText(findTestObject("Object Repository/Выполнение бизнес-плана/spanFact" + filialNum)): Text of object 'Object Repository/Выполнение бизнес-плана/spanFact2' is: '5.14
|'

26-05-2025T09:36:44 - [MESSAGE][PASSED] - Text of object 'Object Repository/Выполнение бизнес-плана/spanFact2' is: '5.14
|'

26-05-2025T09:36:44 - [TEST_STEP][PASSED] - if (page2 == null): null

26-05-2025T09:36:44 - [TEST_STEP][PASSED] - else: null

26-05-2025T09:36:44 - [TEST_STEP][PASSED] - page2 = page2.replace("|", ""): null

26-05-2025T09:36:44 - [TEST_STEP][PASSED] - println("page1: " + page1): null

26-05-2025T09:36:44 - [TEST_STEP][PASSED] - println("page2: " + page2): null

26-05-2025T09:36:44 - [TEST_STEP][PASSED] - file = findTestData("PlanFact").getValue(4, a): null

26-05-2025T09:36:44 - [TEST_STEP][PASSED] - file = file.replace(",", "."): null

26-05-2025T09:36:44 - [TEST_STEP][PASSED] - println("file Plan: " + file): null

26-05-2025T09:36:44 - [TEST_STEP][PASSED] - typeOfData = "План в процентах": null

26-05-2025T09:36:44 - [TEST_STEP][PASSED] - fileDouble = file.toDouble(): null

26-05-2025T09:36:44 - [TEST_STEP][PASSED] - pageDouble = page1.toDouble(): null

26-05-2025T09:36:44 - [TEST_STEP][PASSED] - if (fileDouble != pageDouble): null

26-05-2025T09:36:44 - [TEST_STEP][PASSED] - numberOfErrors = numberOfErrors + 1: null

26-05-2025T09:36:44 - [TEST_STEP][PASSED] - Script1718980020443.WriteToExcel(a, typeOfData, todaysDate, pageInt, fileInt, pageDouble, fileDouble, dZO): null

26-05-2025T09:36:44 - [TEST_STEP][PASSED] - sheetName = "Sheet1": null

26-05-2025T09:36:44 - [TEST_STEP][PASSED] - data = findTestData("PlanFact"): null

26-05-2025T09:36:44 - [TEST_STEP][PASSED] - n = data.getRowNumbers() + 1: null

26-05-2025T09:36:44 - [TEST_STEP][PASSED] - day = ")).toInteger(): null

26-05-2025T09:36:44 - [TEST_STEP][PASSED] - println(day): null

26-05-2025T09:36:44 - [TEST_STEP][PASSED] - month = ")).toInteger(): null

26-05-2025T09:36:44 - [TEST_STEP][PASSED] - println(month): null

26-05-2025T09:36:44 - [TEST_STEP][PASSED] - y = <not implemented yet for class: org.codehaus.groovy.ast.expr.EmptyExpression>: null

26-05-2025T09:36:44 - [TEST_STEP][PASSED] - iy = <not implemented yet for class: org.codehaus.groovy.ast.expr.EmptyExpression>: null

26-05-2025T09:36:44 - [TEST_STEP][PASSED] - m = getText(findTestObject("Выполнение бизнес-плана/Период")): Text of object 'Object Repository/Выполнение бизнес-плана/Период' is: '1 кв. 2025 года'

26-05-2025T09:36:44 - [MESSAGE][PASSED] - Text of object 'Object Repository/Выполнение бизнес-плана/Период' is: '1 кв. 2025 года'

26-05-2025T09:36:44 - [TEST_STEP][PASSED] - iy = m.indexOf("20"): null

26-05-2025T09:36:44 - [TEST_STEP][PASSED] - if (iy > -1): null

26-05-2025T09:36:44 - [TEST_STEP][PASSED] - y = substring(iy, iy + 4).toInteger(): null

26-05-2025T09:36:44 - [TEST_STEP][PASSED] - println(y): null

26-05-2025T09:36:44 - [TEST_STEP][PASSED] - if (toString().length() == 4): null

26-05-2025T09:36:44 - [TEST_STEP][PASSED] - m = m.substring(0, m.indexOf(y.toString())): null

26-05-2025T09:36:44 - [TEST_STEP][PASSED] - m = m.trim(): null

26-05-2025T09:36:44 - [TEST_STEP][PASSED] - if (m == ""): null

26-05-2025T09:36:44 - [TEST_STEP][PASSED] - dashboardName = "Выполнение бизнес-плана": null

26-05-2025T09:36:44 - [TEST_STEP][PASSED] - workbook01 = getWorkbook(excelFilePath): null

26-05-2025T09:36:44 - [TEST_STEP][PASSED] - sheet01 = getExcelSheet(workbook01, sheetName): null

26-05-2025T09:36:44 - [TEST_STEP][PASSED] - setValueToCellByIndex(sheet01, n, 0, dashboardName): null

26-05-2025T09:36:44 - [TEST_STEP][PASSED] - setValueToCellByIndex(sheet01, n, 1, dZO): null

26-05-2025T09:36:44 - [TEST_STEP][PASSED] - setValueToCellByIndex(sheet01, n, 2, typeOfData): null

26-05-2025T09:36:44 - [TEST_STEP][PASSED] - if (typeOfData == "Факт в процентах" || typeOfData == "План в процентах"): null

26-05-2025T09:36:44 - [TEST_STEP][PASSED] - setValueToCellByIndex(sheet01, n, 3, fileDouble): null

26-05-2025T09:36:44 - [TEST_STEP][PASSED] - setValueToCellByIndex(sheet01, n, 4, pageDouble): null

26-05-2025T09:36:44 - [TEST_STEP][PASSED] - setValueToCellByIndex(sheet01, n, 5, m): null

26-05-2025T09:36:44 - [TEST_STEP][PASSED] - setValueToCellByIndex(sheet01, n, 6, y): null

26-05-2025T09:36:44 - [TEST_STEP][PASSED] - setValueToCellByIndex(sheet01, n, 7, todaysDate): null

26-05-2025T09:36:44 - [TEST_STEP][PASSED] - n = n + 1: null

26-05-2025T09:36:44 - [TEST_STEP][PASSED] - saveWorkbook(excelFilePath, workbook01): null

26-05-2025T09:36:45 - [TEST_STEP][PASSED] - file = findTestData("PlanFact").getValue(7, a): null

26-05-2025T09:36:45 - [TEST_STEP][PASSED] - file = file.replace(",", "."): null

26-05-2025T09:36:45 - [TEST_STEP][PASSED] - println("file Fact: " + file): null

26-05-2025T09:36:45 - [TEST_STEP][PASSED] - fileDouble = file.toDouble(): null

26-05-2025T09:36:45 - [TEST_STEP][PASSED] - typeOfData = "Факт в процентах": null

26-05-2025T09:36:45 - [TEST_STEP][PASSED] - fileDouble = file.toDouble(): null

26-05-2025T09:36:45 - [TEST_STEP][PASSED] - pageDouble = page2.toDouble(): null

26-05-2025T09:36:45 - [TEST_STEP][PASSED] - if (fileDouble != pageDouble): null

26-05-2025T09:36:45 - [TEST_STEP][PASSED] - numberOfErrors = numberOfErrors + 1: null

26-05-2025T09:36:45 - [TEST_STEP][PASSED] - Script1718980020443.WriteToExcel(a, typeOfData, todaysDate, pageInt, fileInt, pageDouble, fileDouble, dZO): null

26-05-2025T09:36:45 - [TEST_STEP][PASSED] - sheetName = "Sheet1": null

26-05-2025T09:36:45 - [TEST_STEP][PASSED] - data = findTestData("PlanFact"): null

26-05-2025T09:36:45 - [TEST_STEP][PASSED] - n = data.getRowNumbers() + 1: null

26-05-2025T09:36:45 - [TEST_STEP][PASSED] - day = ")).toInteger(): null

26-05-2025T09:36:45 - [TEST_STEP][PASSED] - println(day): null

26-05-2025T09:36:45 - [TEST_STEP][PASSED] - month = ")).toInteger(): null

26-05-2025T09:36:45 - [TEST_STEP][PASSED] - println(month): null

26-05-2025T09:36:45 - [TEST_STEP][PASSED] - y = <not implemented yet for class: org.codehaus.groovy.ast.expr.EmptyExpression>: null

26-05-2025T09:36:45 - [TEST_STEP][PASSED] - iy = <not implemented yet for class: org.codehaus.groovy.ast.expr.EmptyExpression>: null

26-05-2025T09:36:45 - [TEST_STEP][PASSED] - m = getText(findTestObject("Выполнение бизнес-плана/Период")): Text of object 'Object Repository/Выполнение бизнес-плана/Период' is: '1 кв. 2025 года'

26-05-2025T09:36:45 - [MESSAGE][PASSED] - Text of object 'Object Repository/Выполнение бизнес-плана/Период' is: '1 кв. 2025 года'

26-05-2025T09:36:45 - [TEST_STEP][PASSED] - iy = m.indexOf("20"): null

26-05-2025T09:36:45 - [TEST_STEP][PASSED] - if (iy > -1): null

26-05-2025T09:36:45 - [TEST_STEP][PASSED] - y = substring(iy, iy + 4).toInteger(): null

26-05-2025T09:36:45 - [TEST_STEP][PASSED] - println(y): null

26-05-2025T09:36:45 - [TEST_STEP][PASSED] - if (toString().length() == 4): null

26-05-2025T09:36:45 - [TEST_STEP][PASSED] - m = m.substring(0, m.indexOf(y.toString())): null

26-05-2025T09:36:45 - [TEST_STEP][PASSED] - m = m.trim(): null

26-05-2025T09:36:45 - [TEST_STEP][PASSED] - if (m == ""): null

26-05-2025T09:36:45 - [TEST_STEP][PASSED] - dashboardName = "Выполнение бизнес-плана": null

26-05-2025T09:36:45 - [TEST_STEP][PASSED] - workbook01 = getWorkbook(excelFilePath): null

26-05-2025T09:36:45 - [TEST_STEP][PASSED] - sheet01 = getExcelSheet(workbook01, sheetName): null

26-05-2025T09:36:45 - [TEST_STEP][PASSED] - setValueToCellByIndex(sheet01, n, 0, dashboardName): null

26-05-2025T09:36:45 - [TEST_STEP][PASSED] - setValueToCellByIndex(sheet01, n, 1, dZO): null

26-05-2025T09:36:45 - [TEST_STEP][PASSED] - setValueToCellByIndex(sheet01, n, 2, typeOfData): null

26-05-2025T09:36:45 - [TEST_STEP][PASSED] - if (typeOfData == "Факт в процентах" || typeOfData == "План в процентах"): null

26-05-2025T09:36:45 - [TEST_STEP][PASSED] - setValueToCellByIndex(sheet01, n, 3, fileDouble): null

26-05-2025T09:36:45 - [TEST_STEP][PASSED] - setValueToCellByIndex(sheet01, n, 4, pageDouble): null

26-05-2025T09:36:45 - [TEST_STEP][PASSED] - setValueToCellByIndex(sheet01, n, 5, m): null

26-05-2025T09:36:45 - [TEST_STEP][PASSED] - setValueToCellByIndex(sheet01, n, 6, y): null

26-05-2025T09:36:45 - [TEST_STEP][PASSED] - setValueToCellByIndex(sheet01, n, 7, todaysDate): null

26-05-2025T09:36:45 - [TEST_STEP][PASSED] - n = n + 1: null

26-05-2025T09:36:45 - [TEST_STEP][PASSED] - saveWorkbook(excelFilePath, workbook01): null

26-05-2025T09:36:45 - [TEST_STEP][FAILED] - if (verifyEqual(numberOfErrors, 0) == false): null

26-05-2025T09:36:45 - [MESSAGE][FAILED] - Unable to verify equal between actual object '6' and expected object '0' (Root cause: com.kms.katalon.core.exception.StepFailedException: Actual object '6' and expected object '0' are not equal
	at com.kms.katalon.core.keyword.builtin.VerifyEqualKeyword$_verifyEqual_closure1.doCall(VerifyEqualKeyword.groovy:58)
	at com.kms.katalon.core.keyword.builtin.VerifyEqualKeyword$_verifyEqual_closure1.call(VerifyEqualKeyword.groovy)
	at com.kms.katalon.core.keyword.internal.KeywordMain.runKeyword(KeywordMain.groovy:75)
	at com.kms.katalon.core.keyword.builtin.VerifyEqualKeyword.verifyEqual(VerifyEqualKeyword.groovy:63)
	at com.kms.katalon.core.keyword.builtin.VerifyEqualKeyword.execute(VerifyEqualKeyword.groovy:44)
	at com.kms.katalon.core.keyword.internal.KeywordExecutor.executeKeywordForPlatform(KeywordExecutor.groovy:74)
	at com.kms.katalon.core.keyword.BuiltinKeywords.verifyEqual(BuiltinKeywords.groovy:146)
	at jdk.internal.reflect.GeneratedMethodAccessor23.invoke(Unknown Source)
	at java.base/jdk.internal.reflect.DelegatingMethodAccessorImpl.invoke(DelegatingMethodAccessorImpl.java:43)
	at Выполнение бизнес-плана Сверка ПАО Россети все филиалы.Numbers(Выполнение бизнес-плана Сверка ПАО Россети все филиалы:749)
	at Выполнение бизнес-плана Сверка ПАО Россети все филиалы.Filials(Выполнение бизнес-плана Сверка ПАО Россети все филиалы:1492)
	at Выполнение бизнес-плана Сверка ПАО Россети все филиалы.Numbers(Выполнение бизнес-плана Сверка ПАО Россети все филиалы:756)
	at Выполнение бизнес-плана Сверка ПАО Россети все филиалы.run(Выполнение бизнес-плана Сверка ПАО Россети все филиалы:297)
	at com.kms.katalon.core.main.ScriptEngine.run(ScriptEngine.java:194)
	at com.kms.katalon.core.main.ScriptEngine.runScriptAsRawText(ScriptEngine.java:119)
	at com.kms.katalon.core.main.TestCaseExecutor.runScript(TestCaseExecutor.java:448)
	at com.kms.katalon.core.main.TestCaseExecutor.doExecute(TestCaseExecutor.java:439)
	at com.kms.katalon.core.main.TestCaseExecutor.processExecutionPhase(TestCaseExecutor.java:418)
	at com.kms.katalon.core.main.TestCaseExecutor.accessMainPhase(TestCaseExecutor.java:410)
	at com.kms.katalon.core.main.TestCaseExecutor.execute(TestCaseExecutor.java:285)
	at com.kms.katalon.core.common.CommonExecutor.accessTestCaseMainPhase(CommonExecutor.java:65)
	at com.kms.katalon.core.main.TestSuiteExecutor.accessTestSuiteMainPhase(TestSuiteExecutor.java:150)
	at com.kms.katalon.core.main.TestSuiteExecutor.execute(TestSuiteExecutor.java:106)
	at com.kms.katalon.core.main.TestCaseMain.startTestSuite(TestCaseMain.java:180)
	at TempTestSuite1748228991768.run(TempTestSuite1748228991768.groovy:35)
	at java.base/jdk.internal.reflect.NativeMethodAccessorImpl.invoke0(Native Method)
	at java.base/jdk.internal.reflect.NativeMethodAccessorImpl.invoke(NativeMethodAccessorImpl.java:77)
	at java.base/jdk.internal.reflect.DelegatingMethodAccessorImpl.invoke(DelegatingMethodAccessorImpl.java:43)
)

26-05-2025T09:36:45 - [TEST_STEP][PASSED] - println(numberOfErrors): null

26-05-2025T09:36:45 - [TEST_STEP][PASSED] - println("a=" + a): null

26-05-2025T09:36:45 - [TEST_STEP][PASSED] - if (a == 28 || a == 77 || a == 74 || a == 65 || a == 36 || a == 44 || a == 54 || a == 1 || a == 18 || a == 59): null

26-05-2025T09:36:45 - [TEST_STEP][PASSED] - if (a == 82): null

26-05-2025T09:36:45 - [TEST_STEP][PASSED] - dZO = "Карельский филиал": null

26-05-2025T09:36:45 - [TEST_STEP][PASSED] - a = 39: null

26-05-2025T09:36:45 - [TEST_STEP][PASSED] - dzoCut = dZO.substring(0, 10): null

26-05-2025T09:36:45 - [TEST_STEP][PASSED] - if (x2.contains(dzoCut)): null

26-05-2025T09:36:45 - [TEST_STEP][PASSED] - filialNum = filialNum + 1: null

26-05-2025T09:36:45 - [TEST_STEP][PASSED] - Script1718980020443.Numbers(a, typeOfData, todaysDate, pageInt, fileInt, pageDouble, fileDouble, dZO, dzoNum, filialNum): null

26-05-2025T09:36:45 - [TEST_STEP][PASSED] - println(dzoNum): null

26-05-2025T09:36:45 - [TEST_STEP][PASSED] - planFact = <not implemented yet for class: org.codehaus.groovy.ast.expr.EmptyExpression>: null

26-05-2025T09:36:45 - [TEST_STEP][PASSED] - page = <not implemented yet for class: org.codehaus.groovy.ast.expr.EmptyExpression>: null

26-05-2025T09:36:45 - [TEST_STEP][PASSED] - page1 = <not implemented yet for class: org.codehaus.groovy.ast.expr.EmptyExpression>: null

26-05-2025T09:36:45 - [TEST_STEP][PASSED] - page2 = <not implemented yet for class: org.codehaus.groovy.ast.expr.EmptyExpression>: null

26-05-2025T09:36:45 - [TEST_STEP][PASSED] - filialNumberInRow = <not implemented yet for class: org.codehaus.groovy.ast.expr.EmptyExpression>: null

26-05-2025T09:36:45 - [TEST_STEP][PASSED] - filialsDzoNames = <not implemented yet for class: org.codehaus.groovy.ast.expr.EmptyExpression>: null

26-05-2025T09:36:45 - [TEST_STEP][PASSED] - numberOfFilials = <not implemented yet for class: org.codehaus.groovy.ast.expr.EmptyExpression>: null

26-05-2025T09:36:45 - [TEST_STEP][PASSED] - numberOfSpaces = <not implemented yet for class: org.codehaus.groovy.ast.expr.EmptyExpression>: null

26-05-2025T09:36:45 - [TEST_STEP][PASSED] - file = <not implemented yet for class: org.codehaus.groovy.ast.expr.EmptyExpression>: null

26-05-2025T09:36:45 - [TEST_STEP][PASSED] - otpusk = <not implemented yet for class: org.codehaus.groovy.ast.expr.EmptyExpression>: null

26-05-2025T09:36:45 - [TEST_STEP][PASSED] - poteri = <not implemented yet for class: org.codehaus.groovy.ast.expr.EmptyExpression>: null

26-05-2025T09:36:45 - [TEST_STEP][PASSED] - dataFolder = "Выполнение бизнес-плана/Значения со страницы Выполнение бизнес-плана/": null

26-05-2025T09:36:45 - [TEST_STEP][PASSED] - path = <not implemented yet for class: org.codehaus.groovy.ast.expr.EmptyExpression>: null

26-05-2025T09:36:45 - [TEST_STEP][PASSED] - typeOfDataMain = <not implemented yet for class: org.codehaus.groovy.ast.expr.EmptyExpression>: null

26-05-2025T09:36:45 - [TEST_STEP][PASSED] - fileOtpuskVSet = <not implemented yet for class: org.codehaus.groovy.ast.expr.EmptyExpression>: null

26-05-2025T09:36:45 - [TEST_STEP][PASSED] - pageOtpuskVSet = <not implemented yet for class: org.codehaus.groovy.ast.expr.EmptyExpression>: null

26-05-2025T09:36:45 - [TEST_STEP][PASSED] - filePoteri = <not implemented yet for class: org.codehaus.groovy.ast.expr.EmptyExpression>: null

26-05-2025T09:36:45 - [TEST_STEP][PASSED] - pagePoteri = <not implemented yet for class: org.codehaus.groovy.ast.expr.EmptyExpression>: null

26-05-2025T09:36:45 - [TEST_STEP][PASSED] - compare = <not implemented yet for class: org.codehaus.groovy.ast.expr.EmptyExpression>: null

26-05-2025T09:36:45 - [TEST_STEP][PASSED] - b = <not implemented yet for class: org.codehaus.groovy.ast.expr.EmptyExpression>: null

26-05-2025T09:36:45 - [TEST_STEP][PASSED] - i = <not implemented yet for class: org.codehaus.groovy.ast.expr.EmptyExpression>: null

26-05-2025T09:36:45 - [TEST_STEP][PASSED] - ii = <not implemented yet for class: org.codehaus.groovy.ast.expr.EmptyExpression>: null

26-05-2025T09:36:45 - [TEST_STEP][PASSED] - c = <not implemented yet for class: org.codehaus.groovy.ast.expr.EmptyExpression>: null

26-05-2025T09:36:45 - [TEST_STEP][PASSED] - numberOfErrors = 0: null

26-05-2025T09:36:45 - [TEST_STEP][PASSED] - if (a == 82): null

26-05-2025T09:36:45 - [TEST_STEP][PASSED] - b = findTestData("PlanFact").getValue(1, a): null

26-05-2025T09:36:45 - [TEST_STEP][PASSED] - i = b.indexOf(" (ГК)"): null

26-05-2025T09:36:45 - [TEST_STEP][PASSED] - if (i > -1): null

26-05-2025T09:36:45 - [TEST_STEP][PASSED] - i = b.indexOf("О ""): null

26-05-2025T09:36:45 - [TEST_STEP][PASSED] - if (i > -1): null

26-05-2025T09:36:45 - [TEST_STEP][PASSED] - i = b.indexOf("О «"): null

26-05-2025T09:36:45 - [TEST_STEP][PASSED] - if (i > -1): null

26-05-2025T09:36:45 - [TEST_STEP][PASSED] - i = b.indexOf("г. "): null

26-05-2025T09:36:45 - [TEST_STEP][PASSED] - if (i > -1): null

26-05-2025T09:36:45 - [TEST_STEP][PASSED] - b = b.trim(): null

26-05-2025T09:36:45 - [TEST_STEP][PASSED] - println(b): null

26-05-2025T09:36:45 - [TEST_STEP][PASSED] - for ([planFact = 1, planFact < 3, (planFact++)]): null

26-05-2025T09:36:45 - [TEST_STEP][PASSED] - if (planFact == 1): null

26-05-2025T09:36:45 - [TEST_STEP][PASSED] - typeOfDataMain = "Факт": null

26-05-2025T09:36:45 - [TEST_STEP][PASSED] - otpusk = findTestData("PlanFact").getValue(5, a): null

26-05-2025T09:36:45 - [TEST_STEP][PASSED] - poteri = findTestData("PlanFact").getValue(6, a): null

26-05-2025T09:36:45 - [TEST_STEP][PASSED] - otpusk = otpusk.replaceAll("\s+", ""): null

26-05-2025T09:36:45 - [TEST_STEP][PASSED] - poteri = poteri.replaceAll("\s+", ""): null

26-05-2025T09:36:45 - [TEST_STEP][PASSED] - typeOfData = typeOfDataMain + " Отпуск в сеть": null

26-05-2025T09:36:45 - [TEST_STEP][PASSED] - if (a == 82): null

26-05-2025T09:36:45 - [TEST_STEP][PASSED] - else if (a == 84): null

26-05-2025T09:36:45 - [TEST_STEP][PASSED] - else if (a == 83 || a == 52 || a == 72 || a == 28 || a == 73 || a == 77 || a == 74 || a == 65 || a == 36 || a == 44 || a == 53 || a == 80 || a == 54 || a == 1 || a == 18 || a == 59 || a == 81): null

26-05-2025T09:36:45 - [TEST_STEP][PASSED] - else: null

26-05-2025T09:36:45 - [TEST_STEP][PASSED] - path = dataFolder + typeOfData + " за отчётный период " + b: null

26-05-2025T09:36:45 - [TEST_STEP][PASSED] - println(path): null

26-05-2025T09:36:45 - [TEST_STEP][PASSED] - page = getText(findTestObject(path)): Text of object 'Object Repository/Выполнение бизнес-плана/Значения со страницы Выполнение бизнес-плана/Факт Отпуск в сеть за отчётный период Карельский филиал' is: '815 020'

26-05-2025T09:36:46 - [MESSAGE][PASSED] - Text of object 'Object Repository/Выполнение бизнес-плана/Значения со страницы Выполнение бизнес-плана/Факт Отпуск в сеть за отчётный период Карельский филиал' is: '815 020'

26-05-2025T09:36:46 - [TEST_STEP][PASSED] - if (page == "" || page == null): null

26-05-2025T09:36:46 - [TEST_STEP][PASSED] - else: null

26-05-2025T09:36:46 - [TEST_STEP][PASSED] - page = page.replaceAll("\s+", ""): null

26-05-2025T09:36:46 - [TEST_STEP][PASSED] - if (page == "undefined"): null

26-05-2025T09:36:46 - [TEST_STEP][PASSED] - fileOtpuskVSet = otpusk.toInteger(): null

26-05-2025T09:36:46 - [TEST_STEP][PASSED] - pageOtpuskVSet = page.toInteger(): null

26-05-2025T09:36:46 - [TEST_STEP][PASSED] - typeOfData = typeOfDataMain + " Потери": null

26-05-2025T09:36:46 - [TEST_STEP][PASSED] - if (a == 82): null

26-05-2025T09:36:46 - [TEST_STEP][PASSED] - else if (a == 84): null

26-05-2025T09:36:46 - [TEST_STEP][PASSED] - else if (a == 83 || a == 52 || a == 72 || a == 28 || a == 73 || a == 77 || a == 74 || a == 65 || a == 36 || a == 44 || a == 53 || a == 80 || a == 54 || a == 1 || a == 18 || a == 59 || a == 81): null

26-05-2025T09:36:46 - [TEST_STEP][PASSED] - else: null

26-05-2025T09:36:46 - [TEST_STEP][PASSED] - path = dataFolder + typeOfData + " за отчётный период " + b: null

26-05-2025T09:36:46 - [TEST_STEP][PASSED] - page = getText(findTestObject(path)): Text of object 'Object Repository/Выполнение бизнес-плана/Значения со страницы Выполнение бизнес-плана/Факт Потери за отчётный период Карельский филиал' is: '36 305'

26-05-2025T09:36:46 - [MESSAGE][PASSED] - Text of object 'Object Repository/Выполнение бизнес-плана/Значения со страницы Выполнение бизнес-плана/Факт Потери за отчётный период Карельский филиал' is: '36 305'

26-05-2025T09:36:46 - [TEST_STEP][PASSED] - if (page == "" || page == null): null

26-05-2025T09:36:46 - [TEST_STEP][PASSED] - else: null

26-05-2025T09:36:46 - [TEST_STEP][PASSED] - page = page.replaceAll("\s+", ""): null

26-05-2025T09:36:46 - [TEST_STEP][PASSED] - if (page == "undefined"): null

26-05-2025T09:36:46 - [TEST_STEP][PASSED] - filePoteri = poteri.toInteger(): null

26-05-2025T09:36:46 - [TEST_STEP][PASSED] - pagePoteri = page.toInteger(): null

26-05-2025T09:36:46 - [TEST_STEP][PASSED] - compare = pageOtpuskVSet: null

26-05-2025T09:36:46 - [TEST_STEP][PASSED] - if (pageOtpuskVSet != null): null

26-05-2025T09:36:46 - [TEST_STEP][PASSED] - if (compare == fileOtpuskVSet): null

26-05-2025T09:36:46 - [TEST_STEP][PASSED] - else if (compare > fileOtpuskVSet): null

26-05-2025T09:36:46 - [TEST_STEP][PASSED] - else if (compare < fileOtpuskVSet): null

26-05-2025T09:36:46 - [TEST_STEP][PASSED] - compare = compare + 1: null

26-05-2025T09:36:46 - [TEST_STEP][PASSED] - if (compare == fileOtpuskVSet): null

26-05-2025T09:36:46 - [TEST_STEP][PASSED] - else: null

26-05-2025T09:36:46 - [TEST_STEP][PASSED] - numberOfErrors = numberOfErrors + 1: null

26-05-2025T09:36:46 - [TEST_STEP][PASSED] - pageInt = pageOtpuskVSet: null

26-05-2025T09:36:46 - [TEST_STEP][PASSED] - fileInt = fileOtpuskVSet: null

26-05-2025T09:36:46 - [TEST_STEP][PASSED] - typeOfData = typeOfDataMain + " Отпуск в сеть": null

26-05-2025T09:36:46 - [TEST_STEP][PASSED] - Script1718980020443.WriteToExcel(a, typeOfData, todaysDate, pageInt, fileInt, pageDouble, fileDouble, dZO): null

26-05-2025T09:36:46 - [TEST_STEP][PASSED] - sheetName = "Sheet1": null

26-05-2025T09:36:46 - [TEST_STEP][PASSED] - data = findTestData("PlanFact"): null

26-05-2025T09:36:46 - [TEST_STEP][PASSED] - n = data.getRowNumbers() + 1: null

26-05-2025T09:36:46 - [TEST_STEP][PASSED] - day = ")).toInteger(): null

26-05-2025T09:36:46 - [TEST_STEP][PASSED] - println(day): null

26-05-2025T09:36:46 - [TEST_STEP][PASSED] - month = ")).toInteger(): null

26-05-2025T09:36:46 - [TEST_STEP][PASSED] - println(month): null

26-05-2025T09:36:46 - [TEST_STEP][PASSED] - y = <not implemented yet for class: org.codehaus.groovy.ast.expr.EmptyExpression>: null

26-05-2025T09:36:46 - [TEST_STEP][PASSED] - iy = <not implemented yet for class: org.codehaus.groovy.ast.expr.EmptyExpression>: null

26-05-2025T09:36:46 - [TEST_STEP][PASSED] - m = getText(findTestObject("Выполнение бизнес-плана/Период")): Text of object 'Object Repository/Выполнение бизнес-плана/Период' is: '1 кв. 2025 года'

26-05-2025T09:36:46 - [MESSAGE][PASSED] - Text of object 'Object Repository/Выполнение бизнес-плана/Период' is: '1 кв. 2025 года'

26-05-2025T09:36:46 - [TEST_STEP][PASSED] - iy = m.indexOf("20"): null

26-05-2025T09:36:46 - [TEST_STEP][PASSED] - if (iy > -1): null

26-05-2025T09:36:46 - [TEST_STEP][PASSED] - y = substring(iy, iy + 4).toInteger(): null

26-05-2025T09:36:46 - [TEST_STEP][PASSED] - println(y): null

26-05-2025T09:36:46 - [TEST_STEP][PASSED] - if (toString().length() == 4): null

26-05-2025T09:36:46 - [TEST_STEP][PASSED] - m = m.substring(0, m.indexOf(y.toString())): null

26-05-2025T09:36:46 - [TEST_STEP][PASSED] - m = m.trim(): null

26-05-2025T09:36:46 - [TEST_STEP][PASSED] - if (m == ""): null

26-05-2025T09:36:46 - [TEST_STEP][PASSED] - dashboardName = "Выполнение бизнес-плана": null

26-05-2025T09:36:46 - [TEST_STEP][PASSED] - workbook01 = getWorkbook(excelFilePath): null

26-05-2025T09:36:46 - [TEST_STEP][PASSED] - sheet01 = getExcelSheet(workbook01, sheetName): null

26-05-2025T09:36:46 - [TEST_STEP][PASSED] - setValueToCellByIndex(sheet01, n, 0, dashboardName): null

26-05-2025T09:36:46 - [TEST_STEP][PASSED] - setValueToCellByIndex(sheet01, n, 1, dZO): null

26-05-2025T09:36:46 - [TEST_STEP][PASSED] - setValueToCellByIndex(sheet01, n, 2, typeOfData): null

26-05-2025T09:36:46 - [TEST_STEP][PASSED] - if (typeOfData == "Факт в процентах" || typeOfData == "План в процентах"): null

26-05-2025T09:36:46 - [TEST_STEP][PASSED] - else: null

26-05-2025T09:36:46 - [TEST_STEP][PASSED] - setValueToCellByIndex(sheet01, n, 3, fileInt): null

26-05-2025T09:36:46 - [TEST_STEP][PASSED] - setValueToCellByIndex(sheet01, n, 4, pageInt): null

26-05-2025T09:36:46 - [TEST_STEP][PASSED] - setValueToCellByIndex(sheet01, n, 5, m): null

26-05-2025T09:36:46 - [TEST_STEP][PASSED] - setValueToCellByIndex(sheet01, n, 6, y): null

26-05-2025T09:36:46 - [TEST_STEP][PASSED] - setValueToCellByIndex(sheet01, n, 7, todaysDate): null

26-05-2025T09:36:46 - [TEST_STEP][PASSED] - n = n + 1: null

26-05-2025T09:36:46 - [TEST_STEP][PASSED] - saveWorkbook(excelFilePath, workbook01): null

26-05-2025T09:36:47 - [TEST_STEP][PASSED] - compare = pagePoteri: null

26-05-2025T09:36:47 - [TEST_STEP][PASSED] - if (pageOtpuskVSet != null): null

26-05-2025T09:36:47 - [TEST_STEP][PASSED] - if (compare == filePoteri): null

26-05-2025T09:36:47 - [TEST_STEP][PASSED] - else if (compare > filePoteri): null

26-05-2025T09:36:47 - [TEST_STEP][PASSED] - else if (compare < filePoteri): null

26-05-2025T09:36:47 - [TEST_STEP][PASSED] - compare = compare + 1: null

26-05-2025T09:36:47 - [TEST_STEP][PASSED] - if (compare == filePoteri): null

26-05-2025T09:36:47 - [TEST_STEP][PASSED] - else: null

26-05-2025T09:36:47 - [TEST_STEP][PASSED] - numberOfErrors = numberOfErrors + 1: null

26-05-2025T09:36:47 - [TEST_STEP][PASSED] - pageInt = pagePoteri: null

26-05-2025T09:36:47 - [TEST_STEP][PASSED] - fileInt = filePoteri: null

26-05-2025T09:36:47 - [TEST_STEP][PASSED] - typeOfData = typeOfDataMain + " Потери": null

26-05-2025T09:36:47 - [TEST_STEP][PASSED] - Script1718980020443.WriteToExcel(a, typeOfData, todaysDate, pageInt, fileInt, pageDouble, fileDouble, dZO): null

26-05-2025T09:36:47 - [TEST_STEP][PASSED] - sheetName = "Sheet1": null

26-05-2025T09:36:47 - [TEST_STEP][PASSED] - data = findTestData("PlanFact"): null

26-05-2025T09:36:47 - [TEST_STEP][PASSED] - n = data.getRowNumbers() + 1: null

26-05-2025T09:36:47 - [TEST_STEP][PASSED] - day = ")).toInteger(): null

26-05-2025T09:36:47 - [TEST_STEP][PASSED] - println(day): null

26-05-2025T09:36:47 - [TEST_STEP][PASSED] - month = ")).toInteger(): null

26-05-2025T09:36:47 - [TEST_STEP][PASSED] - println(month): null

26-05-2025T09:36:47 - [TEST_STEP][PASSED] - y = <not implemented yet for class: org.codehaus.groovy.ast.expr.EmptyExpression>: null

26-05-2025T09:36:47 - [TEST_STEP][PASSED] - iy = <not implemented yet for class: org.codehaus.groovy.ast.expr.EmptyExpression>: null

26-05-2025T09:36:47 - [TEST_STEP][PASSED] - m = getText(findTestObject("Выполнение бизнес-плана/Период")): Text of object 'Object Repository/Выполнение бизнес-плана/Период' is: '1 кв. 2025 года'

26-05-2025T09:36:47 - [MESSAGE][PASSED] - Text of object 'Object Repository/Выполнение бизнес-плана/Период' is: '1 кв. 2025 года'

26-05-2025T09:36:47 - [TEST_STEP][PASSED] - iy = m.indexOf("20"): null

26-05-2025T09:36:47 - [TEST_STEP][PASSED] - if (iy > -1): null

26-05-2025T09:36:47 - [TEST_STEP][PASSED] - y = substring(iy, iy + 4).toInteger(): null

26-05-2025T09:36:47 - [TEST_STEP][PASSED] - println(y): null

26-05-2025T09:36:47 - [TEST_STEP][PASSED] - if (toString().length() == 4): null

26-05-2025T09:36:47 - [TEST_STEP][PASSED] - m = m.substring(0, m.indexOf(y.toString())): null

26-05-2025T09:36:47 - [TEST_STEP][PASSED] - m = m.trim(): null

26-05-2025T09:36:47 - [TEST_STEP][PASSED] - if (m == ""): null

26-05-2025T09:36:47 - [TEST_STEP][PASSED] - dashboardName = "Выполнение бизнес-плана": null

26-05-2025T09:36:47 - [TEST_STEP][PASSED] - workbook01 = getWorkbook(excelFilePath): null

26-05-2025T09:36:47 - [TEST_STEP][PASSED] - sheet01 = getExcelSheet(workbook01, sheetName): null

26-05-2025T09:36:47 - [TEST_STEP][PASSED] - setValueToCellByIndex(sheet01, n, 0, dashboardName): null

26-05-2025T09:36:47 - [TEST_STEP][PASSED] - setValueToCellByIndex(sheet01, n, 1, dZO): null

26-05-2025T09:36:47 - [TEST_STEP][PASSED] - setValueToCellByIndex(sheet01, n, 2, typeOfData): null

26-05-2025T09:36:47 - [TEST_STEP][PASSED] - if (typeOfData == "Факт в процентах" || typeOfData == "План в процентах"): null

26-05-2025T09:36:47 - [TEST_STEP][PASSED] - else: null

26-05-2025T09:36:47 - [TEST_STEP][PASSED] - setValueToCellByIndex(sheet01, n, 3, fileInt): null

26-05-2025T09:36:47 - [TEST_STEP][PASSED] - setValueToCellByIndex(sheet01, n, 4, pageInt): null

26-05-2025T09:36:47 - [TEST_STEP][PASSED] - setValueToCellByIndex(sheet01, n, 5, m): null

26-05-2025T09:36:47 - [TEST_STEP][PASSED] - setValueToCellByIndex(sheet01, n, 6, y): null

26-05-2025T09:36:47 - [TEST_STEP][PASSED] - setValueToCellByIndex(sheet01, n, 7, todaysDate): null

26-05-2025T09:36:47 - [TEST_STEP][PASSED] - n = n + 1: null

26-05-2025T09:36:47 - [TEST_STEP][PASSED] - saveWorkbook(excelFilePath, workbook01): null

26-05-2025T09:36:47 - [TEST_STEP][PASSED] - if (planFact == 2): null

26-05-2025T09:36:47 - [TEST_STEP][PASSED] - if (planFact == 1): null

26-05-2025T09:36:47 - [TEST_STEP][PASSED] - else if (planFact == 2): null

26-05-2025T09:36:47 - [TEST_STEP][PASSED] - click(findTestObject("Выполнение бизнес-плана/Кнопка План")): Object: 'Object Repository/Выполнение бизнес-плана/Кнопка План' is clicked on

26-05-2025T09:36:48 - [MESSAGE][PASSED] - Object: 'Object Repository/Выполнение бизнес-плана/Кнопка План' is clicked on

26-05-2025T09:36:48 - [TEST_STEP][PASSED] - typeOfDataMain = "План": null

26-05-2025T09:36:48 - [TEST_STEP][PASSED] - otpusk = findTestData("PlanFact").getValue(2, a): null

26-05-2025T09:36:48 - [TEST_STEP][PASSED] - poteri = findTestData("PlanFact").getValue(3, a): null

26-05-2025T09:36:48 - [TEST_STEP][PASSED] - otpusk = otpusk.replaceAll("\s+", ""): null

26-05-2025T09:36:48 - [TEST_STEP][PASSED] - poteri = poteri.replaceAll("\s+", ""): null

26-05-2025T09:36:48 - [TEST_STEP][PASSED] - typeOfData = typeOfDataMain + " Отпуск в сеть": null

26-05-2025T09:36:48 - [TEST_STEP][PASSED] - if (a == 82): null

26-05-2025T09:36:48 - [TEST_STEP][PASSED] - else if (a == 84): null

26-05-2025T09:36:48 - [TEST_STEP][PASSED] - else if (a == 83 || a == 52 || a == 72 || a == 28 || a == 73 || a == 77 || a == 74 || a == 65 || a == 36 || a == 44 || a == 53 || a == 80 || a == 54 || a == 1 || a == 18 || a == 59 || a == 81): null

26-05-2025T09:36:48 - [TEST_STEP][PASSED] - else: null

26-05-2025T09:36:48 - [TEST_STEP][PASSED] - path = dataFolder + typeOfData + " за отчётный период " + b: null

26-05-2025T09:36:48 - [TEST_STEP][PASSED] - println(path): null

26-05-2025T09:36:48 - [TEST_STEP][PASSED] - page = getText(findTestObject(path)): Text of object 'Object Repository/Выполнение бизнес-плана/Значения со страницы Выполнение бизнес-плана/План Отпуск в сеть за отчётный период Карельский филиал' is: '865 251'

26-05-2025T09:36:48 - [MESSAGE][PASSED] - Text of object 'Object Repository/Выполнение бизнес-плана/Значения со страницы Выполнение бизнес-плана/План Отпуск в сеть за отчётный период Карельский филиал' is: '865 251'

26-05-2025T09:36:48 - [TEST_STEP][PASSED] - if (page == "" || page == null): null

26-05-2025T09:36:48 - [TEST_STEP][PASSED] - else: null

26-05-2025T09:36:48 - [TEST_STEP][PASSED] - page = page.replaceAll("\s+", ""): null

26-05-2025T09:36:48 - [TEST_STEP][PASSED] - if (page == "undefined"): null

26-05-2025T09:36:48 - [TEST_STEP][PASSED] - fileOtpuskVSet = otpusk.toInteger(): null

26-05-2025T09:36:48 - [TEST_STEP][PASSED] - pageOtpuskVSet = page.toInteger(): null

26-05-2025T09:36:48 - [TEST_STEP][PASSED] - typeOfData = typeOfDataMain + " Потери": null

26-05-2025T09:36:48 - [TEST_STEP][PASSED] - if (a == 82): null

26-05-2025T09:36:48 - [TEST_STEP][PASSED] - else if (a == 84): null

26-05-2025T09:36:48 - [TEST_STEP][PASSED] - else if (a == 83 || a == 52 || a == 72 || a == 28 || a == 73 || a == 77 || a == 74 || a == 65 || a == 36 || a == 44 || a == 53 || a == 80 || a == 54 || a == 1 || a == 18 || a == 59 || a == 81): null

26-05-2025T09:36:48 - [TEST_STEP][PASSED] - else: null

26-05-2025T09:36:48 - [TEST_STEP][PASSED] - path = dataFolder + typeOfData + " за отчётный период " + b: null

26-05-2025T09:36:48 - [TEST_STEP][PASSED] - page = getText(findTestObject(path)): Text of object 'Object Repository/Выполнение бизнес-плана/Значения со страницы Выполнение бизнес-плана/План Потери за отчётный период Карельский филиал' is: '45 381'

26-05-2025T09:36:48 - [MESSAGE][PASSED] - Text of object 'Object Repository/Выполнение бизнес-плана/Значения со страницы Выполнение бизнес-плана/План Потери за отчётный период Карельский филиал' is: '45 381'

26-05-2025T09:36:48 - [TEST_STEP][PASSED] - if (page == "" || page == null): null

26-05-2025T09:36:48 - [TEST_STEP][PASSED] - else: null

26-05-2025T09:36:48 - [TEST_STEP][PASSED] - page = page.replaceAll("\s+", ""): null

26-05-2025T09:36:48 - [TEST_STEP][PASSED] - if (page == "undefined"): null

26-05-2025T09:36:48 - [TEST_STEP][PASSED] - filePoteri = poteri.toInteger(): null

26-05-2025T09:36:48 - [TEST_STEP][PASSED] - pagePoteri = page.toInteger(): null

26-05-2025T09:36:48 - [TEST_STEP][PASSED] - compare = pageOtpuskVSet: null

26-05-2025T09:36:48 - [TEST_STEP][PASSED] - if (pageOtpuskVSet != null): null

26-05-2025T09:36:48 - [TEST_STEP][PASSED] - if (compare == fileOtpuskVSet): null

26-05-2025T09:36:48 - [TEST_STEP][PASSED] - else if (compare > fileOtpuskVSet): null

26-05-2025T09:36:48 - [TEST_STEP][PASSED] - else if (compare < fileOtpuskVSet): null

26-05-2025T09:36:48 - [TEST_STEP][PASSED] - compare = compare + 1: null

26-05-2025T09:36:48 - [TEST_STEP][PASSED] - if (compare == fileOtpuskVSet): null

26-05-2025T09:36:48 - [TEST_STEP][PASSED] - else: null

26-05-2025T09:36:48 - [TEST_STEP][PASSED] - numberOfErrors = numberOfErrors + 1: null

26-05-2025T09:36:48 - [TEST_STEP][PASSED] - pageInt = pageOtpuskVSet: null

26-05-2025T09:36:48 - [TEST_STEP][PASSED] - fileInt = fileOtpuskVSet: null

26-05-2025T09:36:48 - [TEST_STEP][PASSED] - typeOfData = typeOfDataMain + " Отпуск в сеть": null

26-05-2025T09:36:48 - [TEST_STEP][PASSED] - Script1718980020443.WriteToExcel(a, typeOfData, todaysDate, pageInt, fileInt, pageDouble, fileDouble, dZO): null

26-05-2025T09:36:48 - [TEST_STEP][PASSED] - sheetName = "Sheet1": null

26-05-2025T09:36:48 - [TEST_STEP][PASSED] - data = findTestData("PlanFact"): null

26-05-2025T09:36:48 - [TEST_STEP][PASSED] - n = data.getRowNumbers() + 1: null

26-05-2025T09:36:48 - [TEST_STEP][PASSED] - day = ")).toInteger(): null

26-05-2025T09:36:48 - [TEST_STEP][PASSED] - println(day): null

26-05-2025T09:36:48 - [TEST_STEP][PASSED] - month = ")).toInteger(): null

26-05-2025T09:36:48 - [TEST_STEP][PASSED] - println(month): null

26-05-2025T09:36:48 - [TEST_STEP][PASSED] - y = <not implemented yet for class: org.codehaus.groovy.ast.expr.EmptyExpression>: null

26-05-2025T09:36:48 - [TEST_STEP][PASSED] - iy = <not implemented yet for class: org.codehaus.groovy.ast.expr.EmptyExpression>: null

26-05-2025T09:36:48 - [TEST_STEP][PASSED] - m = getText(findTestObject("Выполнение бизнес-плана/Период")): Text of object 'Object Repository/Выполнение бизнес-плана/Период' is: '1 кв. 2025 года'

26-05-2025T09:36:49 - [MESSAGE][PASSED] - Text of object 'Object Repository/Выполнение бизнес-плана/Период' is: '1 кв. 2025 года'

26-05-2025T09:36:49 - [TEST_STEP][PASSED] - iy = m.indexOf("20"): null

26-05-2025T09:36:49 - [TEST_STEP][PASSED] - if (iy > -1): null

26-05-2025T09:36:49 - [TEST_STEP][PASSED] - y = substring(iy, iy + 4).toInteger(): null

26-05-2025T09:36:49 - [TEST_STEP][PASSED] - println(y): null

26-05-2025T09:36:49 - [TEST_STEP][PASSED] - if (toString().length() == 4): null

26-05-2025T09:36:49 - [TEST_STEP][PASSED] - m = m.substring(0, m.indexOf(y.toString())): null

26-05-2025T09:36:49 - [TEST_STEP][PASSED] - m = m.trim(): null

26-05-2025T09:36:49 - [TEST_STEP][PASSED] - if (m == ""): null

26-05-2025T09:36:49 - [TEST_STEP][PASSED] - dashboardName = "Выполнение бизнес-плана": null

26-05-2025T09:36:49 - [TEST_STEP][PASSED] - workbook01 = getWorkbook(excelFilePath): null

26-05-2025T09:36:49 - [TEST_STEP][PASSED] - sheet01 = getExcelSheet(workbook01, sheetName): null

26-05-2025T09:36:49 - [TEST_STEP][PASSED] - setValueToCellByIndex(sheet01, n, 0, dashboardName): null

26-05-2025T09:36:49 - [TEST_STEP][PASSED] - setValueToCellByIndex(sheet01, n, 1, dZO): null

26-05-2025T09:36:49 - [TEST_STEP][PASSED] - setValueToCellByIndex(sheet01, n, 2, typeOfData): null

26-05-2025T09:36:49 - [TEST_STEP][PASSED] - if (typeOfData == "Факт в процентах" || typeOfData == "План в процентах"): null

26-05-2025T09:36:49 - [TEST_STEP][PASSED] - else: null

26-05-2025T09:36:49 - [TEST_STEP][PASSED] - setValueToCellByIndex(sheet01, n, 3, fileInt): null

26-05-2025T09:36:49 - [TEST_STEP][PASSED] - setValueToCellByIndex(sheet01, n, 4, pageInt): null

26-05-2025T09:36:49 - [TEST_STEP][PASSED] - setValueToCellByIndex(sheet01, n, 5, m): null

26-05-2025T09:36:49 - [TEST_STEP][PASSED] - setValueToCellByIndex(sheet01, n, 6, y): null

26-05-2025T09:36:49 - [TEST_STEP][PASSED] - setValueToCellByIndex(sheet01, n, 7, todaysDate): null

26-05-2025T09:36:49 - [TEST_STEP][PASSED] - n = n + 1: null

26-05-2025T09:36:49 - [TEST_STEP][PASSED] - saveWorkbook(excelFilePath, workbook01): null

26-05-2025T09:36:49 - [TEST_STEP][PASSED] - compare = pagePoteri: null

26-05-2025T09:36:49 - [TEST_STEP][PASSED] - if (pageOtpuskVSet != null): null

26-05-2025T09:36:49 - [TEST_STEP][PASSED] - if (compare == filePoteri): null

26-05-2025T09:36:49 - [TEST_STEP][PASSED] - else if (compare > filePoteri): null

26-05-2025T09:36:49 - [TEST_STEP][PASSED] - else if (compare < filePoteri): null

26-05-2025T09:36:49 - [TEST_STEP][PASSED] - compare = compare + 1: null

26-05-2025T09:36:49 - [TEST_STEP][PASSED] - if (compare == filePoteri): null

26-05-2025T09:36:49 - [TEST_STEP][PASSED] - else: null

26-05-2025T09:36:49 - [TEST_STEP][PASSED] - numberOfErrors = numberOfErrors + 1: null

26-05-2025T09:36:49 - [TEST_STEP][PASSED] - pageInt = pagePoteri: null

26-05-2025T09:36:49 - [TEST_STEP][PASSED] - fileInt = filePoteri: null

26-05-2025T09:36:49 - [TEST_STEP][PASSED] - typeOfData = typeOfDataMain + " Потери": null

26-05-2025T09:36:49 - [TEST_STEP][PASSED] - Script1718980020443.WriteToExcel(a, typeOfData, todaysDate, pageInt, fileInt, pageDouble, fileDouble, dZO): null

26-05-2025T09:36:49 - [TEST_STEP][PASSED] - sheetName = "Sheet1": null

26-05-2025T09:36:49 - [TEST_STEP][PASSED] - data = findTestData("PlanFact"): null

26-05-2025T09:36:49 - [TEST_STEP][PASSED] - n = data.getRowNumbers() + 1: null

26-05-2025T09:36:49 - [TEST_STEP][PASSED] - day = ")).toInteger(): null

26-05-2025T09:36:49 - [TEST_STEP][PASSED] - println(day): null

26-05-2025T09:36:49 - [TEST_STEP][PASSED] - month = ")).toInteger(): null

26-05-2025T09:36:49 - [TEST_STEP][PASSED] - println(month): null

26-05-2025T09:36:49 - [TEST_STEP][PASSED] - y = <not implemented yet for class: org.codehaus.groovy.ast.expr.EmptyExpression>: null

26-05-2025T09:36:49 - [TEST_STEP][PASSED] - iy = <not implemented yet for class: org.codehaus.groovy.ast.expr.EmptyExpression>: null

26-05-2025T09:36:49 - [TEST_STEP][PASSED] - m = getText(findTestObject("Выполнение бизнес-плана/Период")): Text of object 'Object Repository/Выполнение бизнес-плана/Период' is: '1 кв. 2025 года'

26-05-2025T09:36:49 - [MESSAGE][PASSED] - Text of object 'Object Repository/Выполнение бизнес-плана/Период' is: '1 кв. 2025 года'

26-05-2025T09:36:49 - [TEST_STEP][PASSED] - iy = m.indexOf("20"): null

26-05-2025T09:36:49 - [TEST_STEP][PASSED] - if (iy > -1): null

26-05-2025T09:36:49 - [TEST_STEP][PASSED] - y = substring(iy, iy + 4).toInteger(): null

26-05-2025T09:36:49 - [TEST_STEP][PASSED] - println(y): null

26-05-2025T09:36:49 - [TEST_STEP][PASSED] - if (toString().length() == 4): null

26-05-2025T09:36:49 - [TEST_STEP][PASSED] - m = m.substring(0, m.indexOf(y.toString())): null

26-05-2025T09:36:49 - [TEST_STEP][PASSED] - m = m.trim(): null

26-05-2025T09:36:49 - [TEST_STEP][PASSED] - if (m == ""): null

26-05-2025T09:36:49 - [TEST_STEP][PASSED] - dashboardName = "Выполнение бизнес-плана": null

26-05-2025T09:36:49 - [TEST_STEP][PASSED] - workbook01 = getWorkbook(excelFilePath): null

26-05-2025T09:36:49 - [TEST_STEP][PASSED] - sheet01 = getExcelSheet(workbook01, sheetName): null

26-05-2025T09:36:49 - [TEST_STEP][PASSED] - setValueToCellByIndex(sheet01, n, 0, dashboardName): null

26-05-2025T09:36:49 - [TEST_STEP][PASSED] - setValueToCellByIndex(sheet01, n, 1, dZO): null

26-05-2025T09:36:49 - [TEST_STEP][PASSED] - setValueToCellByIndex(sheet01, n, 2, typeOfData): null

26-05-2025T09:36:49 - [TEST_STEP][PASSED] - if (typeOfData == "Факт в процентах" || typeOfData == "План в процентах"): null

26-05-2025T09:36:49 - [TEST_STEP][PASSED] - else: null

26-05-2025T09:36:49 - [TEST_STEP][PASSED] - setValueToCellByIndex(sheet01, n, 3, fileInt): null

26-05-2025T09:36:49 - [TEST_STEP][PASSED] - setValueToCellByIndex(sheet01, n, 4, pageInt): null

26-05-2025T09:36:49 - [TEST_STEP][PASSED] - setValueToCellByIndex(sheet01, n, 5, m): null

26-05-2025T09:36:49 - [TEST_STEP][PASSED] - setValueToCellByIndex(sheet01, n, 6, y): null

26-05-2025T09:36:49 - [TEST_STEP][PASSED] - setValueToCellByIndex(sheet01, n, 7, todaysDate): null

26-05-2025T09:36:49 - [TEST_STEP][PASSED] - n = n + 1: null

26-05-2025T09:36:49 - [TEST_STEP][PASSED] - saveWorkbook(excelFilePath, workbook01): Object: 'Object Repository/Выполнение бизнес-плана/Кнопка Факт' is clicked on

26-05-2025T09:36:50 - [TEST_STEP][PASSED] - if (planFact == 2): Object: 'Object Repository/Выполнение бизнес-плана/Кнопка Факт' is clicked on

26-05-2025T09:36:50 - [TEST_STEP][PASSED] - click(findTestObject("Выполнение бизнес-плана/Кнопка Факт")): Object: 'Object Repository/Выполнение бизнес-плана/Кнопка Факт' is clicked on

26-05-2025T09:36:50 - [MESSAGE][PASSED] - Object: 'Object Repository/Выполнение бизнес-плана/Кнопка Факт' is clicked on

26-05-2025T09:36:50 - [TEST_STEP][PASSED] - println("a=" + a): null

26-05-2025T09:36:50 - [TEST_STEP][PASSED] - if (a == 84 || a == 82): null

26-05-2025T09:36:50 - [TEST_STEP][PASSED] - else if (a == 83 || a == 52 || a == 72 || a == 28 || a == 73 || a == 77 || a == 74 || a == 65 || a == 36 || a == 44 || a == 53 || a == 80 || a == 54 || a == 1 || a == 18 || a == 59 || a == 81): null

26-05-2025T09:36:50 - [TEST_STEP][PASSED] - else: null

26-05-2025T09:36:50 - [TEST_STEP][PASSED] - page1 = getText(findTestObject("Object Repository/Выполнение бизнес-плана/spanPlan" + filialNum)): Text of object 'Object Repository/Выполнение бизнес-плана/spanPlan3' is: '5.24
|'

26-05-2025T09:36:50 - [MESSAGE][PASSED] - Text of object 'Object Repository/Выполнение бизнес-плана/spanPlan3' is: '5.24
|'

26-05-2025T09:36:50 - [TEST_STEP][PASSED] - if (page1 == null): null

26-05-2025T09:36:50 - [TEST_STEP][PASSED] - else: null

26-05-2025T09:36:50 - [TEST_STEP][PASSED] - page1 = page1.replace("|", ""): null

26-05-2025T09:36:50 - [TEST_STEP][PASSED] - page2 = getText(findTestObject("Object Repository/Выполнение бизнес-плана/spanFact" + filialNum)): Text of object 'Object Repository/Выполнение бизнес-плана/spanFact3' is: '4.45
|'

26-05-2025T09:36:51 - [MESSAGE][PASSED] - Text of object 'Object Repository/Выполнение бизнес-плана/spanFact3' is: '4.45
|'

26-05-2025T09:36:51 - [TEST_STEP][PASSED] - if (page2 == null): null

26-05-2025T09:36:51 - [TEST_STEP][PASSED] - else: null

26-05-2025T09:36:51 - [TEST_STEP][PASSED] - page2 = page2.replace("|", ""): null

26-05-2025T09:36:51 - [TEST_STEP][PASSED] - println("page1: " + page1): null

26-05-2025T09:36:51 - [TEST_STEP][PASSED] - println("page2: " + page2): null

26-05-2025T09:36:51 - [TEST_STEP][PASSED] - file = findTestData("PlanFact").getValue(4, a): null

26-05-2025T09:36:51 - [TEST_STEP][PASSED] - file = file.replace(",", "."): null

26-05-2025T09:36:51 - [TEST_STEP][PASSED] - println("file Plan: " + file): null

26-05-2025T09:36:51 - [TEST_STEP][PASSED] - typeOfData = "План в процентах": null

26-05-2025T09:36:51 - [TEST_STEP][PASSED] - fileDouble = file.toDouble(): null

26-05-2025T09:36:51 - [TEST_STEP][PASSED] - pageDouble = page1.toDouble(): null

26-05-2025T09:36:51 - [TEST_STEP][PASSED] - if (fileDouble != pageDouble): null

26-05-2025T09:36:51 - [TEST_STEP][PASSED] - numberOfErrors = numberOfErrors + 1: null

26-05-2025T09:36:51 - [TEST_STEP][PASSED] - Script1718980020443.WriteToExcel(a, typeOfData, todaysDate, pageInt, fileInt, pageDouble, fileDouble, dZO): null

26-05-2025T09:36:51 - [TEST_STEP][PASSED] - sheetName = "Sheet1": null

26-05-2025T09:36:51 - [TEST_STEP][PASSED] - data = findTestData("PlanFact"): null

26-05-2025T09:36:51 - [TEST_STEP][PASSED] - n = data.getRowNumbers() + 1: null

26-05-2025T09:36:51 - [TEST_STEP][PASSED] - day = ")).toInteger(): null

26-05-2025T09:36:51 - [TEST_STEP][PASSED] - println(day): null

26-05-2025T09:36:51 - [TEST_STEP][PASSED] - month = ")).toInteger(): null

26-05-2025T09:36:51 - [TEST_STEP][PASSED] - println(month): null

26-05-2025T09:36:51 - [TEST_STEP][PASSED] - y = <not implemented yet for class: org.codehaus.groovy.ast.expr.EmptyExpression>: null

26-05-2025T09:36:51 - [TEST_STEP][PASSED] - iy = <not implemented yet for class: org.codehaus.groovy.ast.expr.EmptyExpression>: null

26-05-2025T09:36:51 - [TEST_STEP][PASSED] - m = getText(findTestObject("Выполнение бизнес-плана/Период")): Text of object 'Object Repository/Выполнение бизнес-плана/Период' is: '1 кв. 2025 года'

26-05-2025T09:36:51 - [MESSAGE][PASSED] - Text of object 'Object Repository/Выполнение бизнес-плана/Период' is: '1 кв. 2025 года'

26-05-2025T09:36:51 - [TEST_STEP][PASSED] - iy = m.indexOf("20"): null

26-05-2025T09:36:51 - [TEST_STEP][PASSED] - if (iy > -1): null

26-05-2025T09:36:51 - [TEST_STEP][PASSED] - y = substring(iy, iy + 4).toInteger(): null

26-05-2025T09:36:51 - [TEST_STEP][PASSED] - println(y): null

26-05-2025T09:36:51 - [TEST_STEP][PASSED] - if (toString().length() == 4): null

26-05-2025T09:36:51 - [TEST_STEP][PASSED] - m = m.substring(0, m.indexOf(y.toString())): null

26-05-2025T09:36:51 - [TEST_STEP][PASSED] - m = m.trim(): null

26-05-2025T09:36:51 - [TEST_STEP][PASSED] - if (m == ""): null

26-05-2025T09:36:51 - [TEST_STEP][PASSED] - dashboardName = "Выполнение бизнес-плана": null

26-05-2025T09:36:51 - [TEST_STEP][PASSED] - workbook01 = getWorkbook(excelFilePath): null

26-05-2025T09:36:51 - [TEST_STEP][PASSED] - sheet01 = getExcelSheet(workbook01, sheetName): null

26-05-2025T09:36:51 - [TEST_STEP][PASSED] - setValueToCellByIndex(sheet01, n, 0, dashboardName): null

26-05-2025T09:36:51 - [TEST_STEP][PASSED] - setValueToCellByIndex(sheet01, n, 1, dZO): null

26-05-2025T09:36:51 - [TEST_STEP][PASSED] - setValueToCellByIndex(sheet01, n, 2, typeOfData): null

26-05-2025T09:36:51 - [TEST_STEP][PASSED] - if (typeOfData == "Факт в процентах" || typeOfData == "План в процентах"): null

26-05-2025T09:36:51 - [TEST_STEP][PASSED] - setValueToCellByIndex(sheet01, n, 3, fileDouble): null

26-05-2025T09:36:51 - [TEST_STEP][PASSED] - setValueToCellByIndex(sheet01, n, 4, pageDouble): null

26-05-2025T09:36:51 - [TEST_STEP][PASSED] - setValueToCellByIndex(sheet01, n, 5, m): null

26-05-2025T09:36:51 - [TEST_STEP][PASSED] - setValueToCellByIndex(sheet01, n, 6, y): null

26-05-2025T09:36:51 - [TEST_STEP][PASSED] - setValueToCellByIndex(sheet01, n, 7, todaysDate): null

26-05-2025T09:36:51 - [TEST_STEP][PASSED] - n = n + 1: null

26-05-2025T09:36:51 - [TEST_STEP][PASSED] - saveWorkbook(excelFilePath, workbook01): null

26-05-2025T09:36:51 - [TEST_STEP][PASSED] - file = findTestData("PlanFact").getValue(7, a): null

26-05-2025T09:36:52 - [TEST_STEP][PASSED] - file = file.replace(",", "."): null

26-05-2025T09:36:52 - [TEST_STEP][PASSED] - println("file Fact: " + file): null

26-05-2025T09:36:52 - [TEST_STEP][PASSED] - fileDouble = file.toDouble(): null

26-05-2025T09:36:52 - [TEST_STEP][PASSED] - typeOfData = "Факт в процентах": null

26-05-2025T09:36:52 - [TEST_STEP][PASSED] - fileDouble = file.toDouble(): null

26-05-2025T09:36:52 - [TEST_STEP][PASSED] - pageDouble = page2.toDouble(): null

26-05-2025T09:36:52 - [TEST_STEP][PASSED] - if (fileDouble != pageDouble): null

26-05-2025T09:36:52 - [TEST_STEP][PASSED] - numberOfErrors = numberOfErrors + 1: null

26-05-2025T09:36:52 - [TEST_STEP][PASSED] - Script1718980020443.WriteToExcel(a, typeOfData, todaysDate, pageInt, fileInt, pageDouble, fileDouble, dZO): null

26-05-2025T09:36:52 - [TEST_STEP][PASSED] - sheetName = "Sheet1": null

26-05-2025T09:36:52 - [TEST_STEP][PASSED] - data = findTestData("PlanFact"): null

26-05-2025T09:36:52 - [TEST_STEP][PASSED] - n = data.getRowNumbers() + 1: null

26-05-2025T09:36:52 - [TEST_STEP][PASSED] - day = ")).toInteger(): null

26-05-2025T09:36:52 - [TEST_STEP][PASSED] - println(day): null

26-05-2025T09:36:52 - [TEST_STEP][PASSED] - month = ")).toInteger(): null

26-05-2025T09:36:52 - [TEST_STEP][PASSED] - println(month): null

26-05-2025T09:36:52 - [TEST_STEP][PASSED] - y = <not implemented yet for class: org.codehaus.groovy.ast.expr.EmptyExpression>: null

26-05-2025T09:36:52 - [TEST_STEP][PASSED] - iy = <not implemented yet for class: org.codehaus.groovy.ast.expr.EmptyExpression>: null

26-05-2025T09:36:52 - [TEST_STEP][PASSED] - m = getText(findTestObject("Выполнение бизнес-плана/Период")): Text of object 'Object Repository/Выполнение бизнес-плана/Период' is: '1 кв. 2025 года'

26-05-2025T09:36:52 - [MESSAGE][PASSED] - Text of object 'Object Repository/Выполнение бизнес-плана/Период' is: '1 кв. 2025 года'

26-05-2025T09:36:52 - [TEST_STEP][PASSED] - iy = m.indexOf("20"): null

26-05-2025T09:36:52 - [TEST_STEP][PASSED] - if (iy > -1): null

26-05-2025T09:36:52 - [TEST_STEP][PASSED] - y = substring(iy, iy + 4).toInteger(): null

26-05-2025T09:36:52 - [TEST_STEP][PASSED] - println(y): null

26-05-2025T09:36:52 - [TEST_STEP][PASSED] - if (toString().length() == 4): null

26-05-2025T09:36:52 - [TEST_STEP][PASSED] - m = m.substring(0, m.indexOf(y.toString())): null

26-05-2025T09:36:52 - [TEST_STEP][PASSED] - m = m.trim(): null

26-05-2025T09:36:52 - [TEST_STEP][PASSED] - if (m == ""): null

26-05-2025T09:36:52 - [TEST_STEP][PASSED] - dashboardName = "Выполнение бизнес-плана": null

26-05-2025T09:36:52 - [TEST_STEP][PASSED] - workbook01 = getWorkbook(excelFilePath): null

26-05-2025T09:36:52 - [TEST_STEP][PASSED] - sheet01 = getExcelSheet(workbook01, sheetName): null

26-05-2025T09:36:52 - [TEST_STEP][PASSED] - setValueToCellByIndex(sheet01, n, 0, dashboardName): null

26-05-2025T09:36:52 - [TEST_STEP][PASSED] - setValueToCellByIndex(sheet01, n, 1, dZO): null

26-05-2025T09:36:52 - [TEST_STEP][PASSED] - setValueToCellByIndex(sheet01, n, 2, typeOfData): null

26-05-2025T09:36:52 - [TEST_STEP][PASSED] - if (typeOfData == "Факт в процентах" || typeOfData == "План в процентах"): null

26-05-2025T09:36:52 - [TEST_STEP][PASSED] - setValueToCellByIndex(sheet01, n, 3, fileDouble): null

26-05-2025T09:36:52 - [TEST_STEP][PASSED] - setValueToCellByIndex(sheet01, n, 4, pageDouble): null

26-05-2025T09:36:52 - [TEST_STEP][PASSED] - setValueToCellByIndex(sheet01, n, 5, m): null

26-05-2025T09:36:52 - [TEST_STEP][PASSED] - setValueToCellByIndex(sheet01, n, 6, y): null

26-05-2025T09:36:52 - [TEST_STEP][PASSED] - setValueToCellByIndex(sheet01, n, 7, todaysDate): null

26-05-2025T09:36:52 - [TEST_STEP][PASSED] - n = n + 1: null

26-05-2025T09:36:52 - [TEST_STEP][PASSED] - saveWorkbook(excelFilePath, workbook01): null

26-05-2025T09:36:52 - [TEST_STEP][FAILED] - if (verifyEqual(numberOfErrors, 0) == false): null

26-05-2025T09:36:52 - [MESSAGE][FAILED] - Unable to verify equal between actual object '6' and expected object '0' (Root cause: com.kms.katalon.core.exception.StepFailedException: Actual object '6' and expected object '0' are not equal
	at com.kms.katalon.core.keyword.builtin.VerifyEqualKeyword$_verifyEqual_closure1.doCall(VerifyEqualKeyword.groovy:58)
	at com.kms.katalon.core.keyword.builtin.VerifyEqualKeyword$_verifyEqual_closure1.call(VerifyEqualKeyword.groovy)
	at com.kms.katalon.core.keyword.internal.KeywordMain.runKeyword(KeywordMain.groovy:75)
	at com.kms.katalon.core.keyword.builtin.VerifyEqualKeyword.verifyEqual(VerifyEqualKeyword.groovy:63)
	at com.kms.katalon.core.keyword.builtin.VerifyEqualKeyword.execute(VerifyEqualKeyword.groovy:44)
	at com.kms.katalon.core.keyword.internal.KeywordExecutor.executeKeywordForPlatform(KeywordExecutor.groovy:74)
	at com.kms.katalon.core.keyword.BuiltinKeywords.verifyEqual(BuiltinKeywords.groovy:146)
	at jdk.internal.reflect.GeneratedMethodAccessor23.invoke(Unknown Source)
	at java.base/jdk.internal.reflect.DelegatingMethodAccessorImpl.invoke(DelegatingMethodAccessorImpl.java:43)
	at Выполнение бизнес-плана Сверка ПАО Россети все филиалы.Numbers(Выполнение бизнес-плана Сверка ПАО Россети все филиалы:749)
	at Выполнение бизнес-плана Сверка ПАО Россети все филиалы.Filials(Выполнение бизнес-плана Сверка ПАО Россети все филиалы:1506)
	at Выполнение бизнес-плана Сверка ПАО Россети все филиалы.Numbers(Выполнение бизнес-плана Сверка ПАО Россети все филиалы:756)
	at Выполнение бизнес-плана Сверка ПАО Россети все филиалы.run(Выполнение бизнес-плана Сверка ПАО Россети все филиалы:297)
	at com.kms.katalon.core.main.ScriptEngine.run(ScriptEngine.java:194)
	at com.kms.katalon.core.main.ScriptEngine.runScriptAsRawText(ScriptEngine.java:119)
	at com.kms.katalon.core.main.TestCaseExecutor.runScript(TestCaseExecutor.java:448)
	at com.kms.katalon.core.main.TestCaseExecutor.doExecute(TestCaseExecutor.java:439)
	at com.kms.katalon.core.main.TestCaseExecutor.processExecutionPhase(TestCaseExecutor.java:418)
	at com.kms.katalon.core.main.TestCaseExecutor.accessMainPhase(TestCaseExecutor.java:410)
	at com.kms.katalon.core.main.TestCaseExecutor.execute(TestCaseExecutor.java:285)
	at com.kms.katalon.core.common.CommonExecutor.accessTestCaseMainPhase(CommonExecutor.java:65)
	at com.kms.katalon.core.main.TestSuiteExecutor.accessTestSuiteMainPhase(TestSuiteExecutor.java:150)
	at com.kms.katalon.core.main.TestSuiteExecutor.execute(TestSuiteExecutor.java:106)
	at com.kms.katalon.core.main.TestCaseMain.startTestSuite(TestCaseMain.java:180)
	at TempTestSuite1748228991768.run(TempTestSuite1748228991768.groovy:35)
	at java.base/jdk.internal.reflect.NativeMethodAccessorImpl.invoke0(Native Method)
	at java.base/jdk.internal.reflect.NativeMethodAccessorImpl.invoke(NativeMethodAccessorImpl.java:77)
	at java.base/jdk.internal.reflect.DelegatingMethodAccessorImpl.invoke(DelegatingMethodAccessorImpl.java:43)
)

26-05-2025T09:36:52 - [TEST_STEP][PASSED] - println(numberOfErrors): null

26-05-2025T09:36:52 - [TEST_STEP][PASSED] - println("a=" + a): null

26-05-2025T09:36:52 - [TEST_STEP][PASSED] - if (a == 28 || a == 77 || a == 74 || a == 65 || a == 36 || a == 44 || a == 54 || a == 1 || a == 18 || a == 59): null

26-05-2025T09:36:52 - [TEST_STEP][PASSED] - if (a == 82): null

26-05-2025T09:36:52 - [TEST_STEP][PASSED] - dZO = "Мурманский филиал": null

26-05-2025T09:36:52 - [TEST_STEP][PASSED] - a = 40: null

26-05-2025T09:36:52 - [TEST_STEP][PASSED] - dzoCut = dZO.substring(0, 10): null

26-05-2025T09:36:52 - [TEST_STEP][PASSED] - if (x2.contains(dzoCut)): null

26-05-2025T09:36:52 - [TEST_STEP][PASSED] - filialNum = filialNum + 1: null

26-05-2025T09:36:52 - [TEST_STEP][PASSED] - Script1718980020443.Numbers(a, typeOfData, todaysDate, pageInt, fileInt, pageDouble, fileDouble, dZO, dzoNum, filialNum): null

26-05-2025T09:36:52 - [TEST_STEP][PASSED] - println(dzoNum): null

26-05-2025T09:36:52 - [TEST_STEP][PASSED] - planFact = <not implemented yet for class: org.codehaus.groovy.ast.expr.EmptyExpression>: null

26-05-2025T09:36:52 - [TEST_STEP][PASSED] - page = <not implemented yet for class: org.codehaus.groovy.ast.expr.EmptyExpression>: null

26-05-2025T09:36:52 - [TEST_STEP][PASSED] - page1 = <not implemented yet for class: org.codehaus.groovy.ast.expr.EmptyExpression>: null

26-05-2025T09:36:52 - [TEST_STEP][PASSED] - page2 = <not implemented yet for class: org.codehaus.groovy.ast.expr.EmptyExpression>: null

26-05-2025T09:36:52 - [TEST_STEP][PASSED] - filialNumberInRow = <not implemented yet for class: org.codehaus.groovy.ast.expr.EmptyExpression>: null

26-05-2025T09:36:52 - [TEST_STEP][PASSED] - filialsDzoNames = <not implemented yet for class: org.codehaus.groovy.ast.expr.EmptyExpression>: null

26-05-2025T09:36:52 - [TEST_STEP][PASSED] - numberOfFilials = <not implemented yet for class: org.codehaus.groovy.ast.expr.EmptyExpression>: null

26-05-2025T09:36:52 - [TEST_STEP][PASSED] - numberOfSpaces = <not implemented yet for class: org.codehaus.groovy.ast.expr.EmptyExpression>: null

26-05-2025T09:36:52 - [TEST_STEP][PASSED] - file = <not implemented yet for class: org.codehaus.groovy.ast.expr.EmptyExpression>: null

26-05-2025T09:36:52 - [TEST_STEP][PASSED] - otpusk = <not implemented yet for class: org.codehaus.groovy.ast.expr.EmptyExpression>: null

26-05-2025T09:36:52 - [TEST_STEP][PASSED] - poteri = <not implemented yet for class: org.codehaus.groovy.ast.expr.EmptyExpression>: null

26-05-2025T09:36:52 - [TEST_STEP][PASSED] - dataFolder = "Выполнение бизнес-плана/Значения со страницы Выполнение бизнес-плана/": null

26-05-2025T09:36:52 - [TEST_STEP][PASSED] - path = <not implemented yet for class: org.codehaus.groovy.ast.expr.EmptyExpression>: null

26-05-2025T09:36:52 - [TEST_STEP][PASSED] - typeOfDataMain = <not implemented yet for class: org.codehaus.groovy.ast.expr.EmptyExpression>: null

26-05-2025T09:36:52 - [TEST_STEP][PASSED] - fileOtpuskVSet = <not implemented yet for class: org.codehaus.groovy.ast.expr.EmptyExpression>: null

26-05-2025T09:36:52 - [TEST_STEP][PASSED] - pageOtpuskVSet = <not implemented yet for class: org.codehaus.groovy.ast.expr.EmptyExpression>: null

26-05-2025T09:36:52 - [TEST_STEP][PASSED] - filePoteri = <not implemented yet for class: org.codehaus.groovy.ast.expr.EmptyExpression>: null

26-05-2025T09:36:52 - [TEST_STEP][PASSED] - pagePoteri = <not implemented yet for class: org.codehaus.groovy.ast.expr.EmptyExpression>: null

26-05-2025T09:36:52 - [TEST_STEP][PASSED] - compare = <not implemented yet for class: org.codehaus.groovy.ast.expr.EmptyExpression>: null

26-05-2025T09:36:52 - [TEST_STEP][PASSED] - b = <not implemented yet for class: org.codehaus.groovy.ast.expr.EmptyExpression>: null

26-05-2025T09:36:52 - [TEST_STEP][PASSED] - i = <not implemented yet for class: org.codehaus.groovy.ast.expr.EmptyExpression>: null

26-05-2025T09:36:52 - [TEST_STEP][PASSED] - ii = <not implemented yet for class: org.codehaus.groovy.ast.expr.EmptyExpression>: null

26-05-2025T09:36:52 - [TEST_STEP][PASSED] - c = <not implemented yet for class: org.codehaus.groovy.ast.expr.EmptyExpression>: null

26-05-2025T09:36:52 - [TEST_STEP][PASSED] - numberOfErrors = 0: null

26-05-2025T09:36:52 - [TEST_STEP][PASSED] - if (a == 82): null

26-05-2025T09:36:52 - [TEST_STEP][PASSED] - b = findTestData("PlanFact").getValue(1, a): null

26-05-2025T09:36:52 - [TEST_STEP][PASSED] - i = b.indexOf(" (ГК)"): null

26-05-2025T09:36:52 - [TEST_STEP][PASSED] - if (i > -1): null

26-05-2025T09:36:52 - [TEST_STEP][PASSED] - i = b.indexOf("О ""): null

26-05-2025T09:36:52 - [TEST_STEP][PASSED] - if (i > -1): null

26-05-2025T09:36:52 - [TEST_STEP][PASSED] - i = b.indexOf("О «"): null

26-05-2025T09:36:52 - [TEST_STEP][PASSED] - if (i > -1): null

26-05-2025T09:36:52 - [TEST_STEP][PASSED] - i = b.indexOf("г. "): null

26-05-2025T09:36:52 - [TEST_STEP][PASSED] - if (i > -1): null

26-05-2025T09:36:52 - [TEST_STEP][PASSED] - b = b.trim(): null

26-05-2025T09:36:52 - [TEST_STEP][PASSED] - println(b): null

26-05-2025T09:36:52 - [TEST_STEP][PASSED] - for ([planFact = 1, planFact < 3, (planFact++)]): null

26-05-2025T09:36:52 - [TEST_STEP][PASSED] - if (planFact == 1): null

26-05-2025T09:36:52 - [TEST_STEP][PASSED] - typeOfDataMain = "Факт": null

26-05-2025T09:36:52 - [TEST_STEP][PASSED] - otpusk = findTestData("PlanFact").getValue(5, a): null

26-05-2025T09:36:52 - [TEST_STEP][PASSED] - poteri = findTestData("PlanFact").getValue(6, a): null

26-05-2025T09:36:52 - [TEST_STEP][PASSED] - otpusk = otpusk.replaceAll("\s+", ""): null

26-05-2025T09:36:52 - [TEST_STEP][PASSED] - poteri = poteri.replaceAll("\s+", ""): null

26-05-2025T09:36:52 - [TEST_STEP][PASSED] - typeOfData = typeOfDataMain + " Отпуск в сеть": null

26-05-2025T09:36:52 - [TEST_STEP][PASSED] - if (a == 82): null

26-05-2025T09:36:52 - [TEST_STEP][PASSED] - else if (a == 84): null

26-05-2025T09:36:52 - [TEST_STEP][PASSED] - else if (a == 83 || a == 52 || a == 72 || a == 28 || a == 73 || a == 77 || a == 74 || a == 65 || a == 36 || a == 44 || a == 53 || a == 80 || a == 54 || a == 1 || a == 18 || a == 59 || a == 81): null

26-05-2025T09:36:52 - [TEST_STEP][PASSED] - else: null

26-05-2025T09:36:52 - [TEST_STEP][PASSED] - path = dataFolder + typeOfData + " за отчётный период " + b: null

26-05-2025T09:36:52 - [TEST_STEP][PASSED] - println(path): null

26-05-2025T09:36:52 - [TEST_STEP][PASSED] - page = getText(findTestObject(path)): Text of object 'Object Repository/Выполнение бизнес-плана/Значения со страницы Выполнение бизнес-плана/Факт Отпуск в сеть за отчётный период Мурманский филиал' is: '1 905 940'

26-05-2025T09:36:53 - [MESSAGE][PASSED] - Text of object 'Object Repository/Выполнение бизнес-плана/Значения со страницы Выполнение бизнес-плана/Факт Отпуск в сеть за отчётный период Мурманский филиал' is: '1 905 940'

26-05-2025T09:36:53 - [TEST_STEP][PASSED] - if (page == "" || page == null): null

26-05-2025T09:36:53 - [TEST_STEP][PASSED] - else: null

26-05-2025T09:36:53 - [TEST_STEP][PASSED] - page = page.replaceAll("\s+", ""): null

26-05-2025T09:36:53 - [TEST_STEP][PASSED] - if (page == "undefined"): null

26-05-2025T09:36:53 - [TEST_STEP][PASSED] - fileOtpuskVSet = otpusk.toInteger(): null

26-05-2025T09:36:53 - [TEST_STEP][PASSED] - pageOtpuskVSet = page.toInteger(): null

26-05-2025T09:36:53 - [TEST_STEP][PASSED] - typeOfData = typeOfDataMain + " Потери": null

26-05-2025T09:36:53 - [TEST_STEP][PASSED] - if (a == 82): null

26-05-2025T09:36:53 - [TEST_STEP][PASSED] - else if (a == 84): null

26-05-2025T09:36:53 - [TEST_STEP][PASSED] - else if (a == 83 || a == 52 || a == 72 || a == 28 || a == 73 || a == 77 || a == 74 || a == 65 || a == 36 || a == 44 || a == 53 || a == 80 || a == 54 || a == 1 || a == 18 || a == 59 || a == 81): null

26-05-2025T09:36:53 - [TEST_STEP][PASSED] - else: null

26-05-2025T09:36:53 - [TEST_STEP][PASSED] - path = dataFolder + typeOfData + " за отчётный период " + b: null

26-05-2025T09:36:53 - [TEST_STEP][PASSED] - page = getText(findTestObject(path)): Text of object 'Object Repository/Выполнение бизнес-плана/Значения со страницы Выполнение бизнес-плана/Факт Потери за отчётный период Мурманский филиал' is: '48 924'

26-05-2025T09:36:53 - [MESSAGE][PASSED] - Text of object 'Object Repository/Выполнение бизнес-плана/Значения со страницы Выполнение бизнес-плана/Факт Потери за отчётный период Мурманский филиал' is: '48 924'

26-05-2025T09:36:53 - [TEST_STEP][PASSED] - if (page == "" || page == null): null

26-05-2025T09:36:53 - [TEST_STEP][PASSED] - else: null

26-05-2025T09:36:53 - [TEST_STEP][PASSED] - page = page.replaceAll("\s+", ""): null

26-05-2025T09:36:53 - [TEST_STEP][PASSED] - if (page == "undefined"): null

26-05-2025T09:36:53 - [TEST_STEP][PASSED] - filePoteri = poteri.toInteger(): null

26-05-2025T09:36:53 - [TEST_STEP][PASSED] - pagePoteri = page.toInteger(): null

26-05-2025T09:36:53 - [TEST_STEP][PASSED] - compare = pageOtpuskVSet: null

26-05-2025T09:36:53 - [TEST_STEP][PASSED] - if (pageOtpuskVSet != null): null

26-05-2025T09:36:53 - [TEST_STEP][PASSED] - if (compare == fileOtpuskVSet): null

26-05-2025T09:36:53 - [TEST_STEP][PASSED] - else if (compare > fileOtpuskVSet): null

26-05-2025T09:36:53 - [TEST_STEP][PASSED] - else if (compare < fileOtpuskVSet): null

26-05-2025T09:36:53 - [TEST_STEP][PASSED] - compare = compare + 1: null

26-05-2025T09:36:53 - [TEST_STEP][PASSED] - if (compare == fileOtpuskVSet): null

26-05-2025T09:36:53 - [TEST_STEP][PASSED] - else: null

26-05-2025T09:36:53 - [TEST_STEP][PASSED] - numberOfErrors = numberOfErrors + 1: null

26-05-2025T09:36:53 - [TEST_STEP][PASSED] - pageInt = pageOtpuskVSet: null

26-05-2025T09:36:53 - [TEST_STEP][PASSED] - fileInt = fileOtpuskVSet: null

26-05-2025T09:36:53 - [TEST_STEP][PASSED] - typeOfData = typeOfDataMain + " Отпуск в сеть": null

26-05-2025T09:36:53 - [TEST_STEP][PASSED] - Script1718980020443.WriteToExcel(a, typeOfData, todaysDate, pageInt, fileInt, pageDouble, fileDouble, dZO): null

26-05-2025T09:36:53 - [TEST_STEP][PASSED] - sheetName = "Sheet1": null

26-05-2025T09:36:53 - [TEST_STEP][PASSED] - data = findTestData("PlanFact"): null

26-05-2025T09:36:53 - [TEST_STEP][PASSED] - n = data.getRowNumbers() + 1: null

26-05-2025T09:36:53 - [TEST_STEP][PASSED] - day = ")).toInteger(): null

26-05-2025T09:36:53 - [TEST_STEP][PASSED] - println(day): null

26-05-2025T09:36:53 - [TEST_STEP][PASSED] - month = ")).toInteger(): null

26-05-2025T09:36:53 - [TEST_STEP][PASSED] - println(month): null

26-05-2025T09:36:53 - [TEST_STEP][PASSED] - y = <not implemented yet for class: org.codehaus.groovy.ast.expr.EmptyExpression>: null

26-05-2025T09:36:53 - [TEST_STEP][PASSED] - iy = <not implemented yet for class: org.codehaus.groovy.ast.expr.EmptyExpression>: null

26-05-2025T09:36:53 - [TEST_STEP][PASSED] - m = getText(findTestObject("Выполнение бизнес-плана/Период")): Text of object 'Object Repository/Выполнение бизнес-плана/Период' is: '1 кв. 2025 года'

26-05-2025T09:36:53 - [MESSAGE][PASSED] - Text of object 'Object Repository/Выполнение бизнес-плана/Период' is: '1 кв. 2025 года'

26-05-2025T09:36:53 - [TEST_STEP][PASSED] - iy = m.indexOf("20"): null

26-05-2025T09:36:53 - [TEST_STEP][PASSED] - if (iy > -1): null

26-05-2025T09:36:53 - [TEST_STEP][PASSED] - y = substring(iy, iy + 4).toInteger(): null

26-05-2025T09:36:53 - [TEST_STEP][PASSED] - println(y): null

26-05-2025T09:36:53 - [TEST_STEP][PASSED] - if (toString().length() == 4): null

26-05-2025T09:36:53 - [TEST_STEP][PASSED] - m = m.substring(0, m.indexOf(y.toString())): null

26-05-2025T09:36:53 - [TEST_STEP][PASSED] - m = m.trim(): null

26-05-2025T09:36:53 - [TEST_STEP][PASSED] - if (m == ""): null

26-05-2025T09:36:53 - [TEST_STEP][PASSED] - dashboardName = "Выполнение бизнес-плана": null

26-05-2025T09:36:53 - [TEST_STEP][PASSED] - workbook01 = getWorkbook(excelFilePath): null

26-05-2025T09:36:53 - [TEST_STEP][PASSED] - sheet01 = getExcelSheet(workbook01, sheetName): null

26-05-2025T09:36:53 - [TEST_STEP][PASSED] - setValueToCellByIndex(sheet01, n, 0, dashboardName): null

26-05-2025T09:36:53 - [TEST_STEP][PASSED] - setValueToCellByIndex(sheet01, n, 1, dZO): null

26-05-2025T09:36:53 - [TEST_STEP][PASSED] - setValueToCellByIndex(sheet01, n, 2, typeOfData): null

26-05-2025T09:36:53 - [TEST_STEP][PASSED] - if (typeOfData == "Факт в процентах" || typeOfData == "План в процентах"): null

26-05-2025T09:36:53 - [TEST_STEP][PASSED] - else: null

26-05-2025T09:36:53 - [TEST_STEP][PASSED] - setValueToCellByIndex(sheet01, n, 3, fileInt): null

26-05-2025T09:36:53 - [TEST_STEP][PASSED] - setValueToCellByIndex(sheet01, n, 4, pageInt): null

26-05-2025T09:36:53 - [TEST_STEP][PASSED] - setValueToCellByIndex(sheet01, n, 5, m): null

26-05-2025T09:36:53 - [TEST_STEP][PASSED] - setValueToCellByIndex(sheet01, n, 6, y): null

26-05-2025T09:36:53 - [TEST_STEP][PASSED] - setValueToCellByIndex(sheet01, n, 7, todaysDate): null

26-05-2025T09:36:53 - [TEST_STEP][PASSED] - n = n + 1: null

26-05-2025T09:36:53 - [TEST_STEP][PASSED] - saveWorkbook(excelFilePath, workbook01): null

26-05-2025T09:36:54 - [TEST_STEP][PASSED] - compare = pagePoteri: null

26-05-2025T09:36:54 - [TEST_STEP][PASSED] - if (pageOtpuskVSet != null): null

26-05-2025T09:36:54 - [TEST_STEP][PASSED] - if (compare == filePoteri): null

26-05-2025T09:36:54 - [TEST_STEP][PASSED] - else if (compare > filePoteri): null

26-05-2025T09:36:54 - [TEST_STEP][PASSED] - else if (compare < filePoteri): null

26-05-2025T09:36:54 - [TEST_STEP][PASSED] - compare = compare + 1: null

26-05-2025T09:36:54 - [TEST_STEP][PASSED] - if (compare == filePoteri): null

26-05-2025T09:36:54 - [TEST_STEP][PASSED] - else: null

26-05-2025T09:36:54 - [TEST_STEP][PASSED] - numberOfErrors = numberOfErrors + 1: null

26-05-2025T09:36:54 - [TEST_STEP][PASSED] - pageInt = pagePoteri: null

26-05-2025T09:36:54 - [TEST_STEP][PASSED] - fileInt = filePoteri: null

26-05-2025T09:36:54 - [TEST_STEP][PASSED] - typeOfData = typeOfDataMain + " Потери": null

26-05-2025T09:36:54 - [TEST_STEP][PASSED] - Script1718980020443.WriteToExcel(a, typeOfData, todaysDate, pageInt, fileInt, pageDouble, fileDouble, dZO): null

26-05-2025T09:36:54 - [TEST_STEP][PASSED] - sheetName = "Sheet1": null

26-05-2025T09:36:54 - [TEST_STEP][PASSED] - data = findTestData("PlanFact"): null

26-05-2025T09:36:54 - [TEST_STEP][PASSED] - n = data.getRowNumbers() + 1: null

26-05-2025T09:36:54 - [TEST_STEP][PASSED] - day = ")).toInteger(): null

26-05-2025T09:36:54 - [TEST_STEP][PASSED] - println(day): null

26-05-2025T09:36:54 - [TEST_STEP][PASSED] - month = ")).toInteger(): null

26-05-2025T09:36:54 - [TEST_STEP][PASSED] - println(month): null

26-05-2025T09:36:54 - [TEST_STEP][PASSED] - y = <not implemented yet for class: org.codehaus.groovy.ast.expr.EmptyExpression>: null

26-05-2025T09:36:54 - [TEST_STEP][PASSED] - iy = <not implemented yet for class: org.codehaus.groovy.ast.expr.EmptyExpression>: null

26-05-2025T09:36:54 - [TEST_STEP][PASSED] - m = getText(findTestObject("Выполнение бизнес-плана/Период")): Text of object 'Object Repository/Выполнение бизнес-плана/Период' is: '1 кв. 2025 года'

26-05-2025T09:36:54 - [MESSAGE][PASSED] - Text of object 'Object Repository/Выполнение бизнес-плана/Период' is: '1 кв. 2025 года'

26-05-2025T09:36:54 - [TEST_STEP][PASSED] - iy = m.indexOf("20"): null

26-05-2025T09:36:54 - [TEST_STEP][PASSED] - if (iy > -1): null

26-05-2025T09:36:54 - [TEST_STEP][PASSED] - y = substring(iy, iy + 4).toInteger(): null

26-05-2025T09:36:54 - [TEST_STEP][PASSED] - println(y): null

26-05-2025T09:36:54 - [TEST_STEP][PASSED] - if (toString().length() == 4): null

26-05-2025T09:36:54 - [TEST_STEP][PASSED] - m = m.substring(0, m.indexOf(y.toString())): null

26-05-2025T09:36:54 - [TEST_STEP][PASSED] - m = m.trim(): null

26-05-2025T09:36:54 - [TEST_STEP][PASSED] - if (m == ""): null

26-05-2025T09:36:54 - [TEST_STEP][PASSED] - dashboardName = "Выполнение бизнес-плана": null

26-05-2025T09:36:54 - [TEST_STEP][PASSED] - workbook01 = getWorkbook(excelFilePath): null

26-05-2025T09:36:54 - [TEST_STEP][PASSED] - sheet01 = getExcelSheet(workbook01, sheetName): null

26-05-2025T09:36:54 - [TEST_STEP][PASSED] - setValueToCellByIndex(sheet01, n, 0, dashboardName): null

26-05-2025T09:36:54 - [TEST_STEP][PASSED] - setValueToCellByIndex(sheet01, n, 1, dZO): null

26-05-2025T09:36:54 - [TEST_STEP][PASSED] - setValueToCellByIndex(sheet01, n, 2, typeOfData): null

26-05-2025T09:36:54 - [TEST_STEP][PASSED] - if (typeOfData == "Факт в процентах" || typeOfData == "План в процентах"): null

26-05-2025T09:36:54 - [TEST_STEP][PASSED] - else: null

26-05-2025T09:36:54 - [TEST_STEP][PASSED] - setValueToCellByIndex(sheet01, n, 3, fileInt): null

26-05-2025T09:36:54 - [TEST_STEP][PASSED] - setValueToCellByIndex(sheet01, n, 4, pageInt): null

26-05-2025T09:36:54 - [TEST_STEP][PASSED] - setValueToCellByIndex(sheet01, n, 5, m): null

26-05-2025T09:36:54 - [TEST_STEP][PASSED] - setValueToCellByIndex(sheet01, n, 6, y): null

26-05-2025T09:36:54 - [TEST_STEP][PASSED] - setValueToCellByIndex(sheet01, n, 7, todaysDate): null

26-05-2025T09:36:54 - [TEST_STEP][PASSED] - n = n + 1: null

26-05-2025T09:36:54 - [TEST_STEP][PASSED] - saveWorkbook(excelFilePath, workbook01): null

26-05-2025T09:36:54 - [TEST_STEP][PASSED] - if (planFact == 2): null

26-05-2025T09:36:54 - [TEST_STEP][PASSED] - if (planFact == 1): null

26-05-2025T09:36:54 - [TEST_STEP][PASSED] - else if (planFact == 2): null

26-05-2025T09:36:54 - [TEST_STEP][PASSED] - click(findTestObject("Выполнение бизнес-плана/Кнопка План")): Object: 'Object Repository/Выполнение бизнес-плана/Кнопка План' is clicked on

26-05-2025T09:36:55 - [MESSAGE][PASSED] - Object: 'Object Repository/Выполнение бизнес-плана/Кнопка План' is clicked on

26-05-2025T09:36:55 - [TEST_STEP][PASSED] - typeOfDataMain = "План": null

26-05-2025T09:36:55 - [TEST_STEP][PASSED] - otpusk = findTestData("PlanFact").getValue(2, a): null

26-05-2025T09:36:55 - [TEST_STEP][PASSED] - poteri = findTestData("PlanFact").getValue(3, a): null

26-05-2025T09:36:55 - [TEST_STEP][PASSED] - otpusk = otpusk.replaceAll("\s+", ""): null

26-05-2025T09:36:55 - [TEST_STEP][PASSED] - poteri = poteri.replaceAll("\s+", ""): null

26-05-2025T09:36:55 - [TEST_STEP][PASSED] - typeOfData = typeOfDataMain + " Отпуск в сеть": null

26-05-2025T09:36:55 - [TEST_STEP][PASSED] - if (a == 82): null

26-05-2025T09:36:55 - [TEST_STEP][PASSED] - else if (a == 84): null

26-05-2025T09:36:55 - [TEST_STEP][PASSED] - else if (a == 83 || a == 52 || a == 72 || a == 28 || a == 73 || a == 77 || a == 74 || a == 65 || a == 36 || a == 44 || a == 53 || a == 80 || a == 54 || a == 1 || a == 18 || a == 59 || a == 81): null

26-05-2025T09:36:55 - [TEST_STEP][PASSED] - else: null

26-05-2025T09:36:55 - [TEST_STEP][PASSED] - path = dataFolder + typeOfData + " за отчётный период " + b: null

26-05-2025T09:36:55 - [TEST_STEP][PASSED] - println(path): null

26-05-2025T09:36:55 - [TEST_STEP][PASSED] - page = getText(findTestObject(path)): Text of object 'Object Repository/Выполнение бизнес-плана/Значения со страницы Выполнение бизнес-плана/План Отпуск в сеть за отчётный период Мурманский филиал' is: '1 921 701'

26-05-2025T09:36:55 - [MESSAGE][PASSED] - Text of object 'Object Repository/Выполнение бизнес-плана/Значения со страницы Выполнение бизнес-плана/План Отпуск в сеть за отчётный период Мурманский филиал' is: '1 921 701'

26-05-2025T09:36:55 - [TEST_STEP][PASSED] - if (page == "" || page == null): null

26-05-2025T09:36:55 - [TEST_STEP][PASSED] - else: null

26-05-2025T09:36:55 - [TEST_STEP][PASSED] - page = page.replaceAll("\s+", ""): null

26-05-2025T09:36:55 - [TEST_STEP][PASSED] - if (page == "undefined"): null

26-05-2025T09:36:55 - [TEST_STEP][PASSED] - fileOtpuskVSet = otpusk.toInteger(): null

26-05-2025T09:36:55 - [TEST_STEP][PASSED] - pageOtpuskVSet = page.toInteger(): null

26-05-2025T09:36:55 - [TEST_STEP][PASSED] - typeOfData = typeOfDataMain + " Потери": null

26-05-2025T09:36:55 - [TEST_STEP][PASSED] - if (a == 82): null

26-05-2025T09:36:55 - [TEST_STEP][PASSED] - else if (a == 84): null

26-05-2025T09:36:55 - [TEST_STEP][PASSED] - else if (a == 83 || a == 52 || a == 72 || a == 28 || a == 73 || a == 77 || a == 74 || a == 65 || a == 36 || a == 44 || a == 53 || a == 80 || a == 54 || a == 1 || a == 18 || a == 59 || a == 81): null

26-05-2025T09:36:55 - [TEST_STEP][PASSED] - else: null

26-05-2025T09:36:55 - [TEST_STEP][PASSED] - path = dataFolder + typeOfData + " за отчётный период " + b: null

26-05-2025T09:36:55 - [TEST_STEP][PASSED] - page = getText(findTestObject(path)): Text of object 'Object Repository/Выполнение бизнес-плана/Значения со страницы Выполнение бизнес-плана/План Потери за отчётный период Мурманский филиал' is: '61 558'

26-05-2025T09:36:55 - [MESSAGE][PASSED] - Text of object 'Object Repository/Выполнение бизнес-плана/Значения со страницы Выполнение бизнес-плана/План Потери за отчётный период Мурманский филиал' is: '61 558'

26-05-2025T09:36:55 - [TEST_STEP][PASSED] - if (page == "" || page == null): null

26-05-2025T09:36:55 - [TEST_STEP][PASSED] - else: null

26-05-2025T09:36:55 - [TEST_STEP][PASSED] - page = page.replaceAll("\s+", ""): null

26-05-2025T09:36:55 - [TEST_STEP][PASSED] - if (page == "undefined"): null

26-05-2025T09:36:55 - [TEST_STEP][PASSED] - filePoteri = poteri.toInteger(): null

26-05-2025T09:36:55 - [TEST_STEP][PASSED] - pagePoteri = page.toInteger(): null

26-05-2025T09:36:55 - [TEST_STEP][PASSED] - compare = pageOtpuskVSet: null

26-05-2025T09:36:55 - [TEST_STEP][PASSED] - if (pageOtpuskVSet != null): null

26-05-2025T09:36:55 - [TEST_STEP][PASSED] - if (compare == fileOtpuskVSet): null

26-05-2025T09:36:55 - [TEST_STEP][PASSED] - else if (compare > fileOtpuskVSet): null

26-05-2025T09:36:55 - [TEST_STEP][PASSED] - else if (compare < fileOtpuskVSet): null

26-05-2025T09:36:55 - [TEST_STEP][PASSED] - compare = compare + 1: null

26-05-2025T09:36:55 - [TEST_STEP][PASSED] - if (compare == fileOtpuskVSet): null

26-05-2025T09:36:55 - [TEST_STEP][PASSED] - else: null

26-05-2025T09:36:55 - [TEST_STEP][PASSED] - numberOfErrors = numberOfErrors + 1: null

26-05-2025T09:36:55 - [TEST_STEP][PASSED] - pageInt = pageOtpuskVSet: null

26-05-2025T09:36:55 - [TEST_STEP][PASSED] - fileInt = fileOtpuskVSet: null

26-05-2025T09:36:55 - [TEST_STEP][PASSED] - typeOfData = typeOfDataMain + " Отпуск в сеть": null

26-05-2025T09:36:55 - [TEST_STEP][PASSED] - Script1718980020443.WriteToExcel(a, typeOfData, todaysDate, pageInt, fileInt, pageDouble, fileDouble, dZO): null

26-05-2025T09:36:55 - [TEST_STEP][PASSED] - sheetName = "Sheet1": null

26-05-2025T09:36:55 - [TEST_STEP][PASSED] - data = findTestData("PlanFact"): null

26-05-2025T09:36:55 - [TEST_STEP][PASSED] - n = data.getRowNumbers() + 1: null

26-05-2025T09:36:55 - [TEST_STEP][PASSED] - day = ")).toInteger(): null

26-05-2025T09:36:55 - [TEST_STEP][PASSED] - println(day): null

26-05-2025T09:36:55 - [TEST_STEP][PASSED] - month = ")).toInteger(): null

26-05-2025T09:36:55 - [TEST_STEP][PASSED] - println(month): null

26-05-2025T09:36:55 - [TEST_STEP][PASSED] - y = <not implemented yet for class: org.codehaus.groovy.ast.expr.EmptyExpression>: null

26-05-2025T09:36:55 - [TEST_STEP][PASSED] - iy = <not implemented yet for class: org.codehaus.groovy.ast.expr.EmptyExpression>: null

26-05-2025T09:36:55 - [TEST_STEP][PASSED] - m = getText(findTestObject("Выполнение бизнес-плана/Период")): Text of object 'Object Repository/Выполнение бизнес-плана/Период' is: '1 кв. 2025 года'

26-05-2025T09:36:56 - [MESSAGE][PASSED] - Text of object 'Object Repository/Выполнение бизнес-плана/Период' is: '1 кв. 2025 года'

26-05-2025T09:36:56 - [TEST_STEP][PASSED] - iy = m.indexOf("20"): null

26-05-2025T09:36:56 - [TEST_STEP][PASSED] - if (iy > -1): null

26-05-2025T09:36:56 - [TEST_STEP][PASSED] - y = substring(iy, iy + 4).toInteger(): null

26-05-2025T09:36:56 - [TEST_STEP][PASSED] - println(y): null

26-05-2025T09:36:56 - [TEST_STEP][PASSED] - if (toString().length() == 4): null

26-05-2025T09:36:56 - [TEST_STEP][PASSED] - m = m.substring(0, m.indexOf(y.toString())): null

26-05-2025T09:36:56 - [TEST_STEP][PASSED] - m = m.trim(): null

26-05-2025T09:36:56 - [TEST_STEP][PASSED] - if (m == ""): null

26-05-2025T09:36:56 - [TEST_STEP][PASSED] - dashboardName = "Выполнение бизнес-плана": null

26-05-2025T09:36:56 - [TEST_STEP][PASSED] - workbook01 = getWorkbook(excelFilePath): null

26-05-2025T09:36:56 - [TEST_STEP][PASSED] - sheet01 = getExcelSheet(workbook01, sheetName): null

26-05-2025T09:36:56 - [TEST_STEP][PASSED] - setValueToCellByIndex(sheet01, n, 0, dashboardName): null

26-05-2025T09:36:56 - [TEST_STEP][PASSED] - setValueToCellByIndex(sheet01, n, 1, dZO): null

26-05-2025T09:36:56 - [TEST_STEP][PASSED] - setValueToCellByIndex(sheet01, n, 2, typeOfData): null

26-05-2025T09:36:56 - [TEST_STEP][PASSED] - if (typeOfData == "Факт в процентах" || typeOfData == "План в процентах"): null

26-05-2025T09:36:56 - [TEST_STEP][PASSED] - else: null

26-05-2025T09:36:56 - [TEST_STEP][PASSED] - setValueToCellByIndex(sheet01, n, 3, fileInt): null

26-05-2025T09:36:56 - [TEST_STEP][PASSED] - setValueToCellByIndex(sheet01, n, 4, pageInt): null

26-05-2025T09:36:56 - [TEST_STEP][PASSED] - setValueToCellByIndex(sheet01, n, 5, m): null

26-05-2025T09:36:56 - [TEST_STEP][PASSED] - setValueToCellByIndex(sheet01, n, 6, y): null

26-05-2025T09:36:56 - [TEST_STEP][PASSED] - setValueToCellByIndex(sheet01, n, 7, todaysDate): null

26-05-2025T09:36:56 - [TEST_STEP][PASSED] - n = n + 1: null

26-05-2025T09:36:56 - [TEST_STEP][PASSED] - saveWorkbook(excelFilePath, workbook01): null

26-05-2025T09:36:56 - [TEST_STEP][PASSED] - compare = pagePoteri: null

26-05-2025T09:36:56 - [TEST_STEP][PASSED] - if (pageOtpuskVSet != null): null

26-05-2025T09:36:56 - [TEST_STEP][PASSED] - if (compare == filePoteri): null

26-05-2025T09:36:56 - [TEST_STEP][PASSED] - else if (compare > filePoteri): null

26-05-2025T09:36:56 - [TEST_STEP][PASSED] - else if (compare < filePoteri): null

26-05-2025T09:36:56 - [TEST_STEP][PASSED] - compare = compare + 1: null

26-05-2025T09:36:56 - [TEST_STEP][PASSED] - if (compare == filePoteri): null

26-05-2025T09:36:56 - [TEST_STEP][PASSED] - else: null

26-05-2025T09:36:56 - [TEST_STEP][PASSED] - numberOfErrors = numberOfErrors + 1: null

26-05-2025T09:36:56 - [TEST_STEP][PASSED] - pageInt = pagePoteri: null

26-05-2025T09:36:56 - [TEST_STEP][PASSED] - fileInt = filePoteri: null

26-05-2025T09:36:56 - [TEST_STEP][PASSED] - typeOfData = typeOfDataMain + " Потери": null

26-05-2025T09:36:56 - [TEST_STEP][PASSED] - Script1718980020443.WriteToExcel(a, typeOfData, todaysDate, pageInt, fileInt, pageDouble, fileDouble, dZO): null

26-05-2025T09:36:56 - [TEST_STEP][PASSED] - sheetName = "Sheet1": null

26-05-2025T09:36:56 - [TEST_STEP][PASSED] - data = findTestData("PlanFact"): null

26-05-2025T09:36:56 - [TEST_STEP][PASSED] - n = data.getRowNumbers() + 1: null

26-05-2025T09:36:56 - [TEST_STEP][PASSED] - day = ")).toInteger(): null

26-05-2025T09:36:56 - [TEST_STEP][PASSED] - println(day): null

26-05-2025T09:36:56 - [TEST_STEP][PASSED] - month = ")).toInteger(): null

26-05-2025T09:36:56 - [TEST_STEP][PASSED] - println(month): null

26-05-2025T09:36:56 - [TEST_STEP][PASSED] - y = <not implemented yet for class: org.codehaus.groovy.ast.expr.EmptyExpression>: null

26-05-2025T09:36:56 - [TEST_STEP][PASSED] - iy = <not implemented yet for class: org.codehaus.groovy.ast.expr.EmptyExpression>: null

26-05-2025T09:36:56 - [TEST_STEP][PASSED] - m = getText(findTestObject("Выполнение бизнес-плана/Период")): Text of object 'Object Repository/Выполнение бизнес-плана/Период' is: '1 кв. 2025 года'

26-05-2025T09:36:56 - [MESSAGE][PASSED] - Text of object 'Object Repository/Выполнение бизнес-плана/Период' is: '1 кв. 2025 года'

26-05-2025T09:36:56 - [TEST_STEP][PASSED] - iy = m.indexOf("20"): null

26-05-2025T09:36:56 - [TEST_STEP][PASSED] - if (iy > -1): null

26-05-2025T09:36:56 - [TEST_STEP][PASSED] - y = substring(iy, iy + 4).toInteger(): null

26-05-2025T09:36:56 - [TEST_STEP][PASSED] - println(y): null

26-05-2025T09:36:56 - [TEST_STEP][PASSED] - if (toString().length() == 4): null

26-05-2025T09:36:56 - [TEST_STEP][PASSED] - m = m.substring(0, m.indexOf(y.toString())): null

26-05-2025T09:36:56 - [TEST_STEP][PASSED] - m = m.trim(): null

26-05-2025T09:36:56 - [TEST_STEP][PASSED] - if (m == ""): null

26-05-2025T09:36:56 - [TEST_STEP][PASSED] - dashboardName = "Выполнение бизнес-плана": null

26-05-2025T09:36:56 - [TEST_STEP][PASSED] - workbook01 = getWorkbook(excelFilePath): null

26-05-2025T09:36:56 - [TEST_STEP][PASSED] - sheet01 = getExcelSheet(workbook01, sheetName): null

26-05-2025T09:36:56 - [TEST_STEP][PASSED] - setValueToCellByIndex(sheet01, n, 0, dashboardName): null

26-05-2025T09:36:56 - [TEST_STEP][PASSED] - setValueToCellByIndex(sheet01, n, 1, dZO): null

26-05-2025T09:36:56 - [TEST_STEP][PASSED] - setValueToCellByIndex(sheet01, n, 2, typeOfData): null

26-05-2025T09:36:56 - [TEST_STEP][PASSED] - if (typeOfData == "Факт в процентах" || typeOfData == "План в процентах"): null

26-05-2025T09:36:56 - [TEST_STEP][PASSED] - else: null

26-05-2025T09:36:56 - [TEST_STEP][PASSED] - setValueToCellByIndex(sheet01, n, 3, fileInt): null

26-05-2025T09:36:56 - [TEST_STEP][PASSED] - setValueToCellByIndex(sheet01, n, 4, pageInt): null

26-05-2025T09:36:56 - [TEST_STEP][PASSED] - setValueToCellByIndex(sheet01, n, 5, m): null

26-05-2025T09:36:56 - [TEST_STEP][PASSED] - setValueToCellByIndex(sheet01, n, 6, y): null

26-05-2025T09:36:56 - [TEST_STEP][PASSED] - setValueToCellByIndex(sheet01, n, 7, todaysDate): null

26-05-2025T09:36:56 - [TEST_STEP][PASSED] - n = n + 1: null

26-05-2025T09:36:56 - [TEST_STEP][PASSED] - saveWorkbook(excelFilePath, workbook01): Object: 'Object Repository/Выполнение бизнес-плана/Кнопка Факт' is clicked on

26-05-2025T09:36:57 - [TEST_STEP][PASSED] - if (planFact == 2): Object: 'Object Repository/Выполнение бизнес-плана/Кнопка Факт' is clicked on

26-05-2025T09:36:57 - [TEST_STEP][PASSED] - click(findTestObject("Выполнение бизнес-плана/Кнопка Факт")): Object: 'Object Repository/Выполнение бизнес-плана/Кнопка Факт' is clicked on

26-05-2025T09:36:57 - [MESSAGE][PASSED] - Object: 'Object Repository/Выполнение бизнес-плана/Кнопка Факт' is clicked on

26-05-2025T09:36:57 - [TEST_STEP][PASSED] - println("a=" + a): null

26-05-2025T09:36:57 - [TEST_STEP][PASSED] - if (a == 84 || a == 82): null

26-05-2025T09:36:57 - [TEST_STEP][PASSED] - else if (a == 83 || a == 52 || a == 72 || a == 28 || a == 73 || a == 77 || a == 74 || a == 65 || a == 36 || a == 44 || a == 53 || a == 80 || a == 54 || a == 1 || a == 18 || a == 59 || a == 81): null

26-05-2025T09:36:57 - [TEST_STEP][PASSED] - else: null

26-05-2025T09:36:57 - [TEST_STEP][PASSED] - page1 = getText(findTestObject("Object Repository/Выполнение бизнес-плана/spanPlan" + filialNum)): Text of object 'Object Repository/Выполнение бизнес-плана/spanPlan4' is: '3.20
|'

26-05-2025T09:36:57 - [MESSAGE][PASSED] - Text of object 'Object Repository/Выполнение бизнес-плана/spanPlan4' is: '3.20
|'

26-05-2025T09:36:57 - [TEST_STEP][PASSED] - if (page1 == null): null

26-05-2025T09:36:57 - [TEST_STEP][PASSED] - else: null

26-05-2025T09:36:57 - [TEST_STEP][PASSED] - page1 = page1.replace("|", ""): null

26-05-2025T09:36:57 - [TEST_STEP][PASSED] - page2 = getText(findTestObject("Object Repository/Выполнение бизнес-плана/spanFact" + filialNum)): Text of object 'Object Repository/Выполнение бизнес-плана/spanFact4' is: '2.57
|'

26-05-2025T09:36:58 - [MESSAGE][PASSED] - Text of object 'Object Repository/Выполнение бизнес-плана/spanFact4' is: '2.57
|'

26-05-2025T09:36:58 - [TEST_STEP][PASSED] - if (page2 == null): null

26-05-2025T09:36:58 - [TEST_STEP][PASSED] - else: null

26-05-2025T09:36:58 - [TEST_STEP][PASSED] - page2 = page2.replace("|", ""): null

26-05-2025T09:36:58 - [TEST_STEP][PASSED] - println("page1: " + page1): null

26-05-2025T09:36:58 - [TEST_STEP][PASSED] - println("page2: " + page2): null

26-05-2025T09:36:58 - [TEST_STEP][PASSED] - file = findTestData("PlanFact").getValue(4, a): null

26-05-2025T09:36:58 - [TEST_STEP][PASSED] - file = file.replace(",", "."): null

26-05-2025T09:36:58 - [TEST_STEP][PASSED] - println("file Plan: " + file): null

26-05-2025T09:36:58 - [TEST_STEP][PASSED] - typeOfData = "План в процентах": null

26-05-2025T09:36:58 - [TEST_STEP][PASSED] - fileDouble = file.toDouble(): null

26-05-2025T09:36:58 - [TEST_STEP][PASSED] - pageDouble = page1.toDouble(): null

26-05-2025T09:36:58 - [TEST_STEP][PASSED] - if (fileDouble != pageDouble): null

26-05-2025T09:36:58 - [TEST_STEP][PASSED] - file = findTestData("PlanFact").getValue(7, a): null

26-05-2025T09:36:58 - [TEST_STEP][PASSED] - file = file.replace(",", "."): null

26-05-2025T09:36:58 - [TEST_STEP][PASSED] - println("file Fact: " + file): null

26-05-2025T09:36:58 - [TEST_STEP][PASSED] - fileDouble = file.toDouble(): null

26-05-2025T09:36:58 - [TEST_STEP][PASSED] - typeOfData = "Факт в процентах": null

26-05-2025T09:36:58 - [TEST_STEP][PASSED] - fileDouble = file.toDouble(): null

26-05-2025T09:36:58 - [TEST_STEP][PASSED] - pageDouble = page2.toDouble(): null

26-05-2025T09:36:58 - [TEST_STEP][PASSED] - if (fileDouble != pageDouble): null

26-05-2025T09:36:58 - [TEST_STEP][PASSED] - numberOfErrors = numberOfErrors + 1: null

26-05-2025T09:36:58 - [TEST_STEP][PASSED] - Script1718980020443.WriteToExcel(a, typeOfData, todaysDate, pageInt, fileInt, pageDouble, fileDouble, dZO): null

26-05-2025T09:36:58 - [TEST_STEP][PASSED] - sheetName = "Sheet1": null

26-05-2025T09:36:58 - [TEST_STEP][PASSED] - data = findTestData("PlanFact"): null

26-05-2025T09:36:58 - [TEST_STEP][PASSED] - n = data.getRowNumbers() + 1: null

26-05-2025T09:36:58 - [TEST_STEP][PASSED] - day = ")).toInteger(): null

26-05-2025T09:36:58 - [TEST_STEP][PASSED] - println(day): null

26-05-2025T09:36:58 - [TEST_STEP][PASSED] - month = ")).toInteger(): null

26-05-2025T09:36:58 - [TEST_STEP][PASSED] - println(month): null

26-05-2025T09:36:58 - [TEST_STEP][PASSED] - y = <not implemented yet for class: org.codehaus.groovy.ast.expr.EmptyExpression>: null

26-05-2025T09:36:58 - [TEST_STEP][PASSED] - iy = <not implemented yet for class: org.codehaus.groovy.ast.expr.EmptyExpression>: null

26-05-2025T09:36:58 - [TEST_STEP][PASSED] - m = getText(findTestObject("Выполнение бизнес-плана/Период")): Text of object 'Object Repository/Выполнение бизнес-плана/Период' is: '1 кв. 2025 года'

26-05-2025T09:36:58 - [MESSAGE][PASSED] - Text of object 'Object Repository/Выполнение бизнес-плана/Период' is: '1 кв. 2025 года'

26-05-2025T09:36:58 - [TEST_STEP][PASSED] - iy = m.indexOf("20"): null

26-05-2025T09:36:58 - [TEST_STEP][PASSED] - if (iy > -1): null

26-05-2025T09:36:58 - [TEST_STEP][PASSED] - y = substring(iy, iy + 4).toInteger(): null

26-05-2025T09:36:58 - [TEST_STEP][PASSED] - println(y): null

26-05-2025T09:36:58 - [TEST_STEP][PASSED] - if (toString().length() == 4): null

26-05-2025T09:36:58 - [TEST_STEP][PASSED] - m = m.substring(0, m.indexOf(y.toString())): null

26-05-2025T09:36:58 - [TEST_STEP][PASSED] - m = m.trim(): null

26-05-2025T09:36:58 - [TEST_STEP][PASSED] - if (m == ""): null

26-05-2025T09:36:58 - [TEST_STEP][PASSED] - dashboardName = "Выполнение бизнес-плана": null

26-05-2025T09:36:58 - [TEST_STEP][PASSED] - workbook01 = getWorkbook(excelFilePath): null

26-05-2025T09:36:58 - [TEST_STEP][PASSED] - sheet01 = getExcelSheet(workbook01, sheetName): null

26-05-2025T09:36:58 - [TEST_STEP][PASSED] - setValueToCellByIndex(sheet01, n, 0, dashboardName): null

26-05-2025T09:36:58 - [TEST_STEP][PASSED] - setValueToCellByIndex(sheet01, n, 1, dZO): null

26-05-2025T09:36:58 - [TEST_STEP][PASSED] - setValueToCellByIndex(sheet01, n, 2, typeOfData): null

26-05-2025T09:36:58 - [TEST_STEP][PASSED] - if (typeOfData == "Факт в процентах" || typeOfData == "План в процентах"): null

26-05-2025T09:36:58 - [TEST_STEP][PASSED] - setValueToCellByIndex(sheet01, n, 3, fileDouble): null

26-05-2025T09:36:58 - [TEST_STEP][PASSED] - setValueToCellByIndex(sheet01, n, 4, pageDouble): null

26-05-2025T09:36:58 - [TEST_STEP][PASSED] - setValueToCellByIndex(sheet01, n, 5, m): null

26-05-2025T09:36:58 - [TEST_STEP][PASSED] - setValueToCellByIndex(sheet01, n, 6, y): null

26-05-2025T09:36:58 - [TEST_STEP][PASSED] - setValueToCellByIndex(sheet01, n, 7, todaysDate): null

26-05-2025T09:36:58 - [TEST_STEP][PASSED] - n = n + 1: null

26-05-2025T09:36:58 - [TEST_STEP][PASSED] - saveWorkbook(excelFilePath, workbook01): null

26-05-2025T09:36:58 - [TEST_STEP][FAILED] - if (verifyEqual(numberOfErrors, 0) == false): null

26-05-2025T09:36:58 - [MESSAGE][FAILED] - Unable to verify equal between actual object '5' and expected object '0' (Root cause: com.kms.katalon.core.exception.StepFailedException: Actual object '5' and expected object '0' are not equal
	at com.kms.katalon.core.keyword.builtin.VerifyEqualKeyword$_verifyEqual_closure1.doCall(VerifyEqualKeyword.groovy:58)
	at com.kms.katalon.core.keyword.builtin.VerifyEqualKeyword$_verifyEqual_closure1.call(VerifyEqualKeyword.groovy)
	at com.kms.katalon.core.keyword.internal.KeywordMain.runKeyword(KeywordMain.groovy:75)
	at com.kms.katalon.core.keyword.builtin.VerifyEqualKeyword.verifyEqual(VerifyEqualKeyword.groovy:63)
	at com.kms.katalon.core.keyword.builtin.VerifyEqualKeyword.execute(VerifyEqualKeyword.groovy:44)
	at com.kms.katalon.core.keyword.internal.KeywordExecutor.executeKeywordForPlatform(KeywordExecutor.groovy:74)
	at com.kms.katalon.core.keyword.BuiltinKeywords.verifyEqual(BuiltinKeywords.groovy:146)
	at jdk.internal.reflect.GeneratedMethodAccessor23.invoke(Unknown Source)
	at java.base/jdk.internal.reflect.DelegatingMethodAccessorImpl.invoke(DelegatingMethodAccessorImpl.java:43)
	at Выполнение бизнес-плана Сверка ПАО Россети все филиалы.Numbers(Выполнение бизнес-плана Сверка ПАО Россети все филиалы:749)
	at Выполнение бизнес-плана Сверка ПАО Россети все филиалы.Filials(Выполнение бизнес-плана Сверка ПАО Россети все филиалы:1520)
	at Выполнение бизнес-плана Сверка ПАО Россети все филиалы.Numbers(Выполнение бизнес-плана Сверка ПАО Россети все филиалы:756)
	at Выполнение бизнес-плана Сверка ПАО Россети все филиалы.run(Выполнение бизнес-плана Сверка ПАО Россети все филиалы:297)
	at com.kms.katalon.core.main.ScriptEngine.run(ScriptEngine.java:194)
	at com.kms.katalon.core.main.ScriptEngine.runScriptAsRawText(ScriptEngine.java:119)
	at com.kms.katalon.core.main.TestCaseExecutor.runScript(TestCaseExecutor.java:448)
	at com.kms.katalon.core.main.TestCaseExecutor.doExecute(TestCaseExecutor.java:439)
	at com.kms.katalon.core.main.TestCaseExecutor.processExecutionPhase(TestCaseExecutor.java:418)
	at com.kms.katalon.core.main.TestCaseExecutor.accessMainPhase(TestCaseExecutor.java:410)
	at com.kms.katalon.core.main.TestCaseExecutor.execute(TestCaseExecutor.java:285)
	at com.kms.katalon.core.common.CommonExecutor.accessTestCaseMainPhase(CommonExecutor.java:65)
	at com.kms.katalon.core.main.TestSuiteExecutor.accessTestSuiteMainPhase(TestSuiteExecutor.java:150)
	at com.kms.katalon.core.main.TestSuiteExecutor.execute(TestSuiteExecutor.java:106)
	at com.kms.katalon.core.main.TestCaseMain.startTestSuite(TestCaseMain.java:180)
	at TempTestSuite1748228991768.run(TempTestSuite1748228991768.groovy:35)
	at java.base/jdk.internal.reflect.NativeMethodAccessorImpl.invoke0(Native Method)
	at java.base/jdk.internal.reflect.NativeMethodAccessorImpl.invoke(NativeMethodAccessorImpl.java:77)
	at java.base/jdk.internal.reflect.DelegatingMethodAccessorImpl.invoke(DelegatingMethodAccessorImpl.java:43)
)

26-05-2025T09:36:58 - [TEST_STEP][PASSED] - println(numberOfErrors): null

26-05-2025T09:36:58 - [TEST_STEP][PASSED] - println("a=" + a): null

26-05-2025T09:36:58 - [TEST_STEP][PASSED] - if (a == 28 || a == 77 || a == 74 || a == 65 || a == 36 || a == 44 || a == 54 || a == 1 || a == 18 || a == 59): null

26-05-2025T09:36:58 - [TEST_STEP][PASSED] - if (a == 82): null

26-05-2025T09:36:58 - [TEST_STEP][PASSED] - dZO = "Новгородский филиал": null

26-05-2025T09:36:58 - [TEST_STEP][PASSED] - a = 42: null

26-05-2025T09:36:58 - [TEST_STEP][PASSED] - dzoCut = dZO.substring(0, 10): null

26-05-2025T09:36:58 - [TEST_STEP][PASSED] - if (x2.contains(dzoCut)): null

26-05-2025T09:36:58 - [TEST_STEP][PASSED] - filialNum = filialNum + 1: null

26-05-2025T09:36:58 - [TEST_STEP][PASSED] - Script1718980020443.Numbers(a, typeOfData, todaysDate, pageInt, fileInt, pageDouble, fileDouble, dZO, dzoNum, filialNum): null

26-05-2025T09:36:58 - [TEST_STEP][PASSED] - println(dzoNum): null

26-05-2025T09:36:58 - [TEST_STEP][PASSED] - planFact = <not implemented yet for class: org.codehaus.groovy.ast.expr.EmptyExpression>: null

26-05-2025T09:36:58 - [TEST_STEP][PASSED] - page = <not implemented yet for class: org.codehaus.groovy.ast.expr.EmptyExpression>: null

26-05-2025T09:36:58 - [TEST_STEP][PASSED] - page1 = <not implemented yet for class: org.codehaus.groovy.ast.expr.EmptyExpression>: null

26-05-2025T09:36:58 - [TEST_STEP][PASSED] - page2 = <not implemented yet for class: org.codehaus.groovy.ast.expr.EmptyExpression>: null

26-05-2025T09:36:58 - [TEST_STEP][PASSED] - filialNumberInRow = <not implemented yet for class: org.codehaus.groovy.ast.expr.EmptyExpression>: null

26-05-2025T09:36:58 - [TEST_STEP][PASSED] - filialsDzoNames = <not implemented yet for class: org.codehaus.groovy.ast.expr.EmptyExpression>: null

26-05-2025T09:36:58 - [TEST_STEP][PASSED] - numberOfFilials = <not implemented yet for class: org.codehaus.groovy.ast.expr.EmptyExpression>: null

26-05-2025T09:36:58 - [TEST_STEP][PASSED] - numberOfSpaces = <not implemented yet for class: org.codehaus.groovy.ast.expr.EmptyExpression>: null

26-05-2025T09:36:58 - [TEST_STEP][PASSED] - file = <not implemented yet for class: org.codehaus.groovy.ast.expr.EmptyExpression>: null

26-05-2025T09:36:58 - [TEST_STEP][PASSED] - otpusk = <not implemented yet for class: org.codehaus.groovy.ast.expr.EmptyExpression>: null

26-05-2025T09:36:58 - [TEST_STEP][PASSED] - poteri = <not implemented yet for class: org.codehaus.groovy.ast.expr.EmptyExpression>: null

26-05-2025T09:36:58 - [TEST_STEP][PASSED] - dataFolder = "Выполнение бизнес-плана/Значения со страницы Выполнение бизнес-плана/": null

26-05-2025T09:36:58 - [TEST_STEP][PASSED] - path = <not implemented yet for class: org.codehaus.groovy.ast.expr.EmptyExpression>: null

26-05-2025T09:36:58 - [TEST_STEP][PASSED] - typeOfDataMain = <not implemented yet for class: org.codehaus.groovy.ast.expr.EmptyExpression>: null

26-05-2025T09:36:58 - [TEST_STEP][PASSED] - fileOtpuskVSet = <not implemented yet for class: org.codehaus.groovy.ast.expr.EmptyExpression>: null

26-05-2025T09:36:58 - [TEST_STEP][PASSED] - pageOtpuskVSet = <not implemented yet for class: org.codehaus.groovy.ast.expr.EmptyExpression>: null

26-05-2025T09:36:58 - [TEST_STEP][PASSED] - filePoteri = <not implemented yet for class: org.codehaus.groovy.ast.expr.EmptyExpression>: null

26-05-2025T09:36:58 - [TEST_STEP][PASSED] - pagePoteri = <not implemented yet for class: org.codehaus.groovy.ast.expr.EmptyExpression>: null

26-05-2025T09:36:58 - [TEST_STEP][PASSED] - compare = <not implemented yet for class: org.codehaus.groovy.ast.expr.EmptyExpression>: null

26-05-2025T09:36:58 - [TEST_STEP][PASSED] - b = <not implemented yet for class: org.codehaus.groovy.ast.expr.EmptyExpression>: null

26-05-2025T09:36:58 - [TEST_STEP][PASSED] - i = <not implemented yet for class: org.codehaus.groovy.ast.expr.EmptyExpression>: null

26-05-2025T09:36:58 - [TEST_STEP][PASSED] - ii = <not implemented yet for class: org.codehaus.groovy.ast.expr.EmptyExpression>: null

26-05-2025T09:36:58 - [TEST_STEP][PASSED] - c = <not implemented yet for class: org.codehaus.groovy.ast.expr.EmptyExpression>: null

26-05-2025T09:36:58 - [TEST_STEP][PASSED] - numberOfErrors = 0: null

26-05-2025T09:36:58 - [TEST_STEP][PASSED] - if (a == 82): null

26-05-2025T09:36:58 - [TEST_STEP][PASSED] - b = findTestData("PlanFact").getValue(1, a): null

26-05-2025T09:36:58 - [TEST_STEP][PASSED] - i = b.indexOf(" (ГК)"): null

26-05-2025T09:36:58 - [TEST_STEP][PASSED] - if (i > -1): null

26-05-2025T09:36:58 - [TEST_STEP][PASSED] - i = b.indexOf("О ""): null

26-05-2025T09:36:58 - [TEST_STEP][PASSED] - if (i > -1): null

26-05-2025T09:36:58 - [TEST_STEP][PASSED] - i = b.indexOf("О «"): null

26-05-2025T09:36:58 - [TEST_STEP][PASSED] - if (i > -1): null

26-05-2025T09:36:58 - [TEST_STEP][PASSED] - i = b.indexOf("г. "): null

26-05-2025T09:36:58 - [TEST_STEP][PASSED] - if (i > -1): null

26-05-2025T09:36:58 - [TEST_STEP][PASSED] - b = b.trim(): null

26-05-2025T09:36:58 - [TEST_STEP][PASSED] - println(b): null

26-05-2025T09:36:58 - [TEST_STEP][PASSED] - for ([planFact = 1, planFact < 3, (planFact++)]): null

26-05-2025T09:36:58 - [TEST_STEP][PASSED] - if (planFact == 1): null

26-05-2025T09:36:58 - [TEST_STEP][PASSED] - typeOfDataMain = "Факт": null

26-05-2025T09:36:58 - [TEST_STEP][PASSED] - otpusk = findTestData("PlanFact").getValue(5, a): null

26-05-2025T09:36:58 - [TEST_STEP][PASSED] - poteri = findTestData("PlanFact").getValue(6, a): null

26-05-2025T09:36:59 - [TEST_STEP][PASSED] - otpusk = otpusk.replaceAll("\s+", ""): null

26-05-2025T09:36:59 - [TEST_STEP][PASSED] - poteri = poteri.replaceAll("\s+", ""): null

26-05-2025T09:36:59 - [TEST_STEP][PASSED] - typeOfData = typeOfDataMain + " Отпуск в сеть": null

26-05-2025T09:36:59 - [TEST_STEP][PASSED] - if (a == 82): null

26-05-2025T09:36:59 - [TEST_STEP][PASSED] - else if (a == 84): null

26-05-2025T09:36:59 - [TEST_STEP][PASSED] - else if (a == 83 || a == 52 || a == 72 || a == 28 || a == 73 || a == 77 || a == 74 || a == 65 || a == 36 || a == 44 || a == 53 || a == 80 || a == 54 || a == 1 || a == 18 || a == 59 || a == 81): null

26-05-2025T09:36:59 - [TEST_STEP][PASSED] - else: null

26-05-2025T09:36:59 - [TEST_STEP][PASSED] - path = dataFolder + typeOfData + " за отчётный период " + b: null

26-05-2025T09:36:59 - [TEST_STEP][PASSED] - println(path): null

26-05-2025T09:36:59 - [TEST_STEP][PASSED] - page = getText(findTestObject(path)): Text of object 'Object Repository/Выполнение бизнес-плана/Значения со страницы Выполнение бизнес-плана/Факт Отпуск в сеть за отчётный период Новгородский филиал' is: '718 684'

26-05-2025T09:36:59 - [MESSAGE][PASSED] - Text of object 'Object Repository/Выполнение бизнес-плана/Значения со страницы Выполнение бизнес-плана/Факт Отпуск в сеть за отчётный период Новгородский филиал' is: '718 684'

26-05-2025T09:36:59 - [TEST_STEP][PASSED] - if (page == "" || page == null): null

26-05-2025T09:36:59 - [TEST_STEP][PASSED] - else: null

26-05-2025T09:36:59 - [TEST_STEP][PASSED] - page = page.replaceAll("\s+", ""): null

26-05-2025T09:36:59 - [TEST_STEP][PASSED] - if (page == "undefined"): null

26-05-2025T09:36:59 - [TEST_STEP][PASSED] - fileOtpuskVSet = otpusk.toInteger(): null

26-05-2025T09:36:59 - [TEST_STEP][PASSED] - pageOtpuskVSet = page.toInteger(): null

26-05-2025T09:36:59 - [TEST_STEP][PASSED] - typeOfData = typeOfDataMain + " Потери": null

26-05-2025T09:36:59 - [TEST_STEP][PASSED] - if (a == 82): null

26-05-2025T09:36:59 - [TEST_STEP][PASSED] - else if (a == 84): null

26-05-2025T09:36:59 - [TEST_STEP][PASSED] - else if (a == 83 || a == 52 || a == 72 || a == 28 || a == 73 || a == 77 || a == 74 || a == 65 || a == 36 || a == 44 || a == 53 || a == 80 || a == 54 || a == 1 || a == 18 || a == 59 || a == 81): null

26-05-2025T09:36:59 - [TEST_STEP][PASSED] - else: null

26-05-2025T09:36:59 - [TEST_STEP][PASSED] - path = dataFolder + typeOfData + " за отчётный период " + b: null

26-05-2025T09:36:59 - [TEST_STEP][PASSED] - page = getText(findTestObject(path)): Text of object 'Object Repository/Выполнение бизнес-плана/Значения со страницы Выполнение бизнес-плана/Факт Потери за отчётный период Новгородский филиал' is: '65 881'

26-05-2025T09:36:59 - [MESSAGE][PASSED] - Text of object 'Object Repository/Выполнение бизнес-плана/Значения со страницы Выполнение бизнес-плана/Факт Потери за отчётный период Новгородский филиал' is: '65 881'

26-05-2025T09:36:59 - [TEST_STEP][PASSED] - if (page == "" || page == null): null

26-05-2025T09:36:59 - [TEST_STEP][PASSED] - else: null

26-05-2025T09:36:59 - [TEST_STEP][PASSED] - page = page.replaceAll("\s+", ""): null

26-05-2025T09:36:59 - [TEST_STEP][PASSED] - if (page == "undefined"): null

26-05-2025T09:36:59 - [TEST_STEP][PASSED] - filePoteri = poteri.toInteger(): null

26-05-2025T09:36:59 - [TEST_STEP][PASSED] - pagePoteri = page.toInteger(): null

26-05-2025T09:36:59 - [TEST_STEP][PASSED] - compare = pageOtpuskVSet: null

26-05-2025T09:36:59 - [TEST_STEP][PASSED] - if (pageOtpuskVSet != null): null

26-05-2025T09:36:59 - [TEST_STEP][PASSED] - if (compare == fileOtpuskVSet): null

26-05-2025T09:36:59 - [TEST_STEP][PASSED] - else if (compare > fileOtpuskVSet): null

26-05-2025T09:36:59 - [TEST_STEP][PASSED] - else if (compare < fileOtpuskVSet): null

26-05-2025T09:36:59 - [TEST_STEP][PASSED] - compare = compare + 1: null

26-05-2025T09:36:59 - [TEST_STEP][PASSED] - if (compare == fileOtpuskVSet): null

26-05-2025T09:36:59 - [TEST_STEP][PASSED] - else: null

26-05-2025T09:36:59 - [TEST_STEP][PASSED] - numberOfErrors = numberOfErrors + 1: null

26-05-2025T09:36:59 - [TEST_STEP][PASSED] - pageInt = pageOtpuskVSet: null

26-05-2025T09:36:59 - [TEST_STEP][PASSED] - fileInt = fileOtpuskVSet: null

26-05-2025T09:36:59 - [TEST_STEP][PASSED] - typeOfData = typeOfDataMain + " Отпуск в сеть": null

26-05-2025T09:36:59 - [TEST_STEP][PASSED] - Script1718980020443.WriteToExcel(a, typeOfData, todaysDate, pageInt, fileInt, pageDouble, fileDouble, dZO): null

26-05-2025T09:36:59 - [TEST_STEP][PASSED] - sheetName = "Sheet1": null

26-05-2025T09:36:59 - [TEST_STEP][PASSED] - data = findTestData("PlanFact"): null

26-05-2025T09:36:59 - [TEST_STEP][PASSED] - n = data.getRowNumbers() + 1: null

26-05-2025T09:36:59 - [TEST_STEP][PASSED] - day = ")).toInteger(): null

26-05-2025T09:36:59 - [TEST_STEP][PASSED] - println(day): null

26-05-2025T09:36:59 - [TEST_STEP][PASSED] - month = ")).toInteger(): null

26-05-2025T09:36:59 - [TEST_STEP][PASSED] - println(month): null

26-05-2025T09:36:59 - [TEST_STEP][PASSED] - y = <not implemented yet for class: org.codehaus.groovy.ast.expr.EmptyExpression>: null

26-05-2025T09:36:59 - [TEST_STEP][PASSED] - iy = <not implemented yet for class: org.codehaus.groovy.ast.expr.EmptyExpression>: null

26-05-2025T09:36:59 - [TEST_STEP][PASSED] - m = getText(findTestObject("Выполнение бизнес-плана/Период")): Text of object 'Object Repository/Выполнение бизнес-плана/Период' is: '1 кв. 2025 года'

26-05-2025T09:37:00 - [MESSAGE][PASSED] - Text of object 'Object Repository/Выполнение бизнес-плана/Период' is: '1 кв. 2025 года'

26-05-2025T09:37:00 - [TEST_STEP][PASSED] - iy = m.indexOf("20"): null

26-05-2025T09:37:00 - [TEST_STEP][PASSED] - if (iy > -1): null

26-05-2025T09:37:00 - [TEST_STEP][PASSED] - y = substring(iy, iy + 4).toInteger(): null

26-05-2025T09:37:00 - [TEST_STEP][PASSED] - println(y): null

26-05-2025T09:37:00 - [TEST_STEP][PASSED] - if (toString().length() == 4): null

26-05-2025T09:37:00 - [TEST_STEP][PASSED] - m = m.substring(0, m.indexOf(y.toString())): null

26-05-2025T09:37:00 - [TEST_STEP][PASSED] - m = m.trim(): null

26-05-2025T09:37:00 - [TEST_STEP][PASSED] - if (m == ""): null

26-05-2025T09:37:00 - [TEST_STEP][PASSED] - dashboardName = "Выполнение бизнес-плана": null

26-05-2025T09:37:00 - [TEST_STEP][PASSED] - workbook01 = getWorkbook(excelFilePath): null

26-05-2025T09:37:00 - [TEST_STEP][PASSED] - sheet01 = getExcelSheet(workbook01, sheetName): null

26-05-2025T09:37:00 - [TEST_STEP][PASSED] - setValueToCellByIndex(sheet01, n, 0, dashboardName): null

26-05-2025T09:37:00 - [TEST_STEP][PASSED] - setValueToCellByIndex(sheet01, n, 1, dZO): null

26-05-2025T09:37:00 - [TEST_STEP][PASSED] - setValueToCellByIndex(sheet01, n, 2, typeOfData): null

26-05-2025T09:37:00 - [TEST_STEP][PASSED] - if (typeOfData == "Факт в процентах" || typeOfData == "План в процентах"): null

26-05-2025T09:37:00 - [TEST_STEP][PASSED] - else: null

26-05-2025T09:37:00 - [TEST_STEP][PASSED] - setValueToCellByIndex(sheet01, n, 3, fileInt): null

26-05-2025T09:37:00 - [TEST_STEP][PASSED] - setValueToCellByIndex(sheet01, n, 4, pageInt): null

26-05-2025T09:37:00 - [TEST_STEP][PASSED] - setValueToCellByIndex(sheet01, n, 5, m): null

26-05-2025T09:37:00 - [TEST_STEP][PASSED] - setValueToCellByIndex(sheet01, n, 6, y): null

26-05-2025T09:37:00 - [TEST_STEP][PASSED] - setValueToCellByIndex(sheet01, n, 7, todaysDate): null

26-05-2025T09:37:00 - [TEST_STEP][PASSED] - n = n + 1: null

26-05-2025T09:37:00 - [TEST_STEP][PASSED] - saveWorkbook(excelFilePath, workbook01): null

26-05-2025T09:37:00 - [TEST_STEP][PASSED] - compare = pagePoteri: null

26-05-2025T09:37:00 - [TEST_STEP][PASSED] - if (pageOtpuskVSet != null): null

26-05-2025T09:37:00 - [TEST_STEP][PASSED] - if (compare == filePoteri): null

26-05-2025T09:37:00 - [TEST_STEP][PASSED] - else if (compare > filePoteri): null

26-05-2025T09:37:00 - [TEST_STEP][PASSED] - else if (compare < filePoteri): null

26-05-2025T09:37:00 - [TEST_STEP][PASSED] - compare = compare + 1: null

26-05-2025T09:37:00 - [TEST_STEP][PASSED] - if (compare == filePoteri): null

26-05-2025T09:37:00 - [TEST_STEP][PASSED] - else: null

26-05-2025T09:37:00 - [TEST_STEP][PASSED] - numberOfErrors = numberOfErrors + 1: null

26-05-2025T09:37:00 - [TEST_STEP][PASSED] - pageInt = pagePoteri: null

26-05-2025T09:37:00 - [TEST_STEP][PASSED] - fileInt = filePoteri: null

26-05-2025T09:37:00 - [TEST_STEP][PASSED] - typeOfData = typeOfDataMain + " Потери": null

26-05-2025T09:37:00 - [TEST_STEP][PASSED] - Script1718980020443.WriteToExcel(a, typeOfData, todaysDate, pageInt, fileInt, pageDouble, fileDouble, dZO): null

26-05-2025T09:37:00 - [TEST_STEP][PASSED] - sheetName = "Sheet1": null

26-05-2025T09:37:00 - [TEST_STEP][PASSED] - data = findTestData("PlanFact"): null

26-05-2025T09:37:00 - [TEST_STEP][PASSED] - n = data.getRowNumbers() + 1: null

26-05-2025T09:37:00 - [TEST_STEP][PASSED] - day = ")).toInteger(): null

26-05-2025T09:37:00 - [TEST_STEP][PASSED] - println(day): null

26-05-2025T09:37:00 - [TEST_STEP][PASSED] - month = ")).toInteger(): null

26-05-2025T09:37:00 - [TEST_STEP][PASSED] - println(month): null

26-05-2025T09:37:00 - [TEST_STEP][PASSED] - y = <not implemented yet for class: org.codehaus.groovy.ast.expr.EmptyExpression>: null

26-05-2025T09:37:00 - [TEST_STEP][PASSED] - iy = <not implemented yet for class: org.codehaus.groovy.ast.expr.EmptyExpression>: null

26-05-2025T09:37:00 - [TEST_STEP][PASSED] - m = getText(findTestObject("Выполнение бизнес-плана/Период")): Text of object 'Object Repository/Выполнение бизнес-плана/Период' is: '1 кв. 2025 года'

26-05-2025T09:37:00 - [MESSAGE][PASSED] - Text of object 'Object Repository/Выполнение бизнес-плана/Период' is: '1 кв. 2025 года'

26-05-2025T09:37:00 - [TEST_STEP][PASSED] - iy = m.indexOf("20"): null

26-05-2025T09:37:00 - [TEST_STEP][PASSED] - if (iy > -1): null

26-05-2025T09:37:00 - [TEST_STEP][PASSED] - y = substring(iy, iy + 4).toInteger(): null

26-05-2025T09:37:00 - [TEST_STEP][PASSED] - println(y): null

26-05-2025T09:37:00 - [TEST_STEP][PASSED] - if (toString().length() == 4): null

26-05-2025T09:37:00 - [TEST_STEP][PASSED] - m = m.substring(0, m.indexOf(y.toString())): null

26-05-2025T09:37:00 - [TEST_STEP][PASSED] - m = m.trim(): null

26-05-2025T09:37:00 - [TEST_STEP][PASSED] - if (m == ""): null

26-05-2025T09:37:00 - [TEST_STEP][PASSED] - dashboardName = "Выполнение бизнес-плана": null

26-05-2025T09:37:00 - [TEST_STEP][PASSED] - workbook01 = getWorkbook(excelFilePath): null

26-05-2025T09:37:00 - [TEST_STEP][PASSED] - sheet01 = getExcelSheet(workbook01, sheetName): null

26-05-2025T09:37:00 - [TEST_STEP][PASSED] - setValueToCellByIndex(sheet01, n, 0, dashboardName): null

26-05-2025T09:37:00 - [TEST_STEP][PASSED] - setValueToCellByIndex(sheet01, n, 1, dZO): null

26-05-2025T09:37:00 - [TEST_STEP][PASSED] - setValueToCellByIndex(sheet01, n, 2, typeOfData): null

26-05-2025T09:37:00 - [TEST_STEP][PASSED] - if (typeOfData == "Факт в процентах" || typeOfData == "План в процентах"): null

26-05-2025T09:37:00 - [TEST_STEP][PASSED] - else: null

26-05-2025T09:37:00 - [TEST_STEP][PASSED] - setValueToCellByIndex(sheet01, n, 3, fileInt): null

26-05-2025T09:37:00 - [TEST_STEP][PASSED] - setValueToCellByIndex(sheet01, n, 4, pageInt): null

26-05-2025T09:37:00 - [TEST_STEP][PASSED] - setValueToCellByIndex(sheet01, n, 5, m): null

26-05-2025T09:37:00 - [TEST_STEP][PASSED] - setValueToCellByIndex(sheet01, n, 6, y): null

26-05-2025T09:37:00 - [TEST_STEP][PASSED] - setValueToCellByIndex(sheet01, n, 7, todaysDate): null

26-05-2025T09:37:00 - [TEST_STEP][PASSED] - n = n + 1: null

26-05-2025T09:37:00 - [TEST_STEP][PASSED] - saveWorkbook(excelFilePath, workbook01): null

26-05-2025T09:37:00 - [TEST_STEP][PASSED] - if (planFact == 2): null

26-05-2025T09:37:00 - [TEST_STEP][PASSED] - if (planFact == 1): null

26-05-2025T09:37:00 - [TEST_STEP][PASSED] - else if (planFact == 2): null

26-05-2025T09:37:00 - [TEST_STEP][PASSED] - click(findTestObject("Выполнение бизнес-плана/Кнопка План")): Object: 'Object Repository/Выполнение бизнес-плана/Кнопка План' is clicked on

26-05-2025T09:37:01 - [MESSAGE][PASSED] - Object: 'Object Repository/Выполнение бизнес-плана/Кнопка План' is clicked on

26-05-2025T09:37:01 - [TEST_STEP][PASSED] - typeOfDataMain = "План": null

26-05-2025T09:37:01 - [TEST_STEP][PASSED] - otpusk = findTestData("PlanFact").getValue(2, a): null

26-05-2025T09:37:01 - [TEST_STEP][PASSED] - poteri = findTestData("PlanFact").getValue(3, a): null

26-05-2025T09:37:01 - [TEST_STEP][PASSED] - otpusk = otpusk.replaceAll("\s+", ""): null

26-05-2025T09:37:01 - [TEST_STEP][PASSED] - poteri = poteri.replaceAll("\s+", ""): null

26-05-2025T09:37:01 - [TEST_STEP][PASSED] - typeOfData = typeOfDataMain + " Отпуск в сеть": null

26-05-2025T09:37:01 - [TEST_STEP][PASSED] - if (a == 82): null

26-05-2025T09:37:01 - [TEST_STEP][PASSED] - else if (a == 84): null

26-05-2025T09:37:01 - [TEST_STEP][PASSED] - else if (a == 83 || a == 52 || a == 72 || a == 28 || a == 73 || a == 77 || a == 74 || a == 65 || a == 36 || a == 44 || a == 53 || a == 80 || a == 54 || a == 1 || a == 18 || a == 59 || a == 81): null

26-05-2025T09:37:01 - [TEST_STEP][PASSED] - else: null

26-05-2025T09:37:01 - [TEST_STEP][PASSED] - path = dataFolder + typeOfData + " за отчётный период " + b: null

26-05-2025T09:37:01 - [TEST_STEP][PASSED] - println(path): null

26-05-2025T09:37:01 - [TEST_STEP][PASSED] - page = getText(findTestObject(path)): Text of object 'Object Repository/Выполнение бизнес-плана/Значения со страницы Выполнение бизнес-плана/План Отпуск в сеть за отчётный период Новгородский филиал' is: '756 366'

26-05-2025T09:37:01 - [MESSAGE][PASSED] - Text of object 'Object Repository/Выполнение бизнес-плана/Значения со страницы Выполнение бизнес-плана/План Отпуск в сеть за отчётный период Новгородский филиал' is: '756 366'

26-05-2025T09:37:01 - [TEST_STEP][PASSED] - if (page == "" || page == null): null

26-05-2025T09:37:01 - [TEST_STEP][PASSED] - else: null

26-05-2025T09:37:01 - [TEST_STEP][PASSED] - page = page.replaceAll("\s+", ""): null

26-05-2025T09:37:01 - [TEST_STEP][PASSED] - if (page == "undefined"): null

26-05-2025T09:37:01 - [TEST_STEP][PASSED] - fileOtpuskVSet = otpusk.toInteger(): null

26-05-2025T09:37:01 - [TEST_STEP][PASSED] - pageOtpuskVSet = page.toInteger(): null

26-05-2025T09:37:01 - [TEST_STEP][PASSED] - typeOfData = typeOfDataMain + " Потери": null

26-05-2025T09:37:01 - [TEST_STEP][PASSED] - if (a == 82): null

26-05-2025T09:37:01 - [TEST_STEP][PASSED] - else if (a == 84): null

26-05-2025T09:37:01 - [TEST_STEP][PASSED] - else if (a == 83 || a == 52 || a == 72 || a == 28 || a == 73 || a == 77 || a == 74 || a == 65 || a == 36 || a == 44 || a == 53 || a == 80 || a == 54 || a == 1 || a == 18 || a == 59 || a == 81): null

26-05-2025T09:37:01 - [TEST_STEP][PASSED] - else: null

26-05-2025T09:37:01 - [TEST_STEP][PASSED] - path = dataFolder + typeOfData + " за отчётный период " + b: null

26-05-2025T09:37:01 - [TEST_STEP][PASSED] - page = getText(findTestObject(path)): Text of object 'Object Repository/Выполнение бизнес-плана/Значения со страницы Выполнение бизнес-плана/План Потери за отчётный период Новгородский филиал' is: '81 519'

26-05-2025T09:37:02 - [MESSAGE][PASSED] - Text of object 'Object Repository/Выполнение бизнес-плана/Значения со страницы Выполнение бизнес-плана/План Потери за отчётный период Новгородский филиал' is: '81 519'

26-05-2025T09:37:02 - [TEST_STEP][PASSED] - if (page == "" || page == null): null

26-05-2025T09:37:02 - [TEST_STEP][PASSED] - else: null

26-05-2025T09:37:02 - [TEST_STEP][PASSED] - page = page.replaceAll("\s+", ""): null

26-05-2025T09:37:02 - [TEST_STEP][PASSED] - if (page == "undefined"): null

26-05-2025T09:37:02 - [TEST_STEP][PASSED] - filePoteri = poteri.toInteger(): null

26-05-2025T09:37:02 - [TEST_STEP][PASSED] - pagePoteri = page.toInteger(): null

26-05-2025T09:37:02 - [TEST_STEP][PASSED] - compare = pageOtpuskVSet: null

26-05-2025T09:37:02 - [TEST_STEP][PASSED] - if (pageOtpuskVSet != null): null

26-05-2025T09:37:02 - [TEST_STEP][PASSED] - if (compare == fileOtpuskVSet): null

26-05-2025T09:37:02 - [TEST_STEP][PASSED] - else if (compare > fileOtpuskVSet): null

26-05-2025T09:37:02 - [TEST_STEP][PASSED] - else if (compare < fileOtpuskVSet): null

26-05-2025T09:37:02 - [TEST_STEP][PASSED] - compare = compare + 1: null

26-05-2025T09:37:02 - [TEST_STEP][PASSED] - if (compare == fileOtpuskVSet): null

26-05-2025T09:37:02 - [TEST_STEP][PASSED] - else: null

26-05-2025T09:37:02 - [TEST_STEP][PASSED] - numberOfErrors = numberOfErrors + 1: null

26-05-2025T09:37:02 - [TEST_STEP][PASSED] - pageInt = pageOtpuskVSet: null

26-05-2025T09:37:02 - [TEST_STEP][PASSED] - fileInt = fileOtpuskVSet: null

26-05-2025T09:37:02 - [TEST_STEP][PASSED] - typeOfData = typeOfDataMain + " Отпуск в сеть": null

26-05-2025T09:37:02 - [TEST_STEP][PASSED] - Script1718980020443.WriteToExcel(a, typeOfData, todaysDate, pageInt, fileInt, pageDouble, fileDouble, dZO): null

26-05-2025T09:37:02 - [TEST_STEP][PASSED] - sheetName = "Sheet1": null

26-05-2025T09:37:02 - [TEST_STEP][PASSED] - data = findTestData("PlanFact"): null

26-05-2025T09:37:02 - [TEST_STEP][PASSED] - n = data.getRowNumbers() + 1: null

26-05-2025T09:37:02 - [TEST_STEP][PASSED] - day = ")).toInteger(): null

26-05-2025T09:37:02 - [TEST_STEP][PASSED] - println(day): null

26-05-2025T09:37:02 - [TEST_STEP][PASSED] - month = ")).toInteger(): null

26-05-2025T09:37:02 - [TEST_STEP][PASSED] - println(month): null

26-05-2025T09:37:02 - [TEST_STEP][PASSED] - y = <not implemented yet for class: org.codehaus.groovy.ast.expr.EmptyExpression>: null

26-05-2025T09:37:02 - [TEST_STEP][PASSED] - iy = <not implemented yet for class: org.codehaus.groovy.ast.expr.EmptyExpression>: null

26-05-2025T09:37:02 - [TEST_STEP][PASSED] - m = getText(findTestObject("Выполнение бизнес-плана/Период")): Text of object 'Object Repository/Выполнение бизнес-плана/Период' is: '1 кв. 2025 года'

26-05-2025T09:37:02 - [MESSAGE][PASSED] - Text of object 'Object Repository/Выполнение бизнес-плана/Период' is: '1 кв. 2025 года'

26-05-2025T09:37:02 - [TEST_STEP][PASSED] - iy = m.indexOf("20"): null

26-05-2025T09:37:02 - [TEST_STEP][PASSED] - if (iy > -1): null

26-05-2025T09:37:02 - [TEST_STEP][PASSED] - y = substring(iy, iy + 4).toInteger(): null

26-05-2025T09:37:02 - [TEST_STEP][PASSED] - println(y): null

26-05-2025T09:37:02 - [TEST_STEP][PASSED] - if (toString().length() == 4): null

26-05-2025T09:37:02 - [TEST_STEP][PASSED] - m = m.substring(0, m.indexOf(y.toString())): null

26-05-2025T09:37:02 - [TEST_STEP][PASSED] - m = m.trim(): null

26-05-2025T09:37:02 - [TEST_STEP][PASSED] - if (m == ""): null

26-05-2025T09:37:02 - [TEST_STEP][PASSED] - dashboardName = "Выполнение бизнес-плана": null

26-05-2025T09:37:02 - [TEST_STEP][PASSED] - workbook01 = getWorkbook(excelFilePath): null

26-05-2025T09:37:02 - [TEST_STEP][PASSED] - sheet01 = getExcelSheet(workbook01, sheetName): null

26-05-2025T09:37:02 - [TEST_STEP][PASSED] - setValueToCellByIndex(sheet01, n, 0, dashboardName): null

26-05-2025T09:37:02 - [TEST_STEP][PASSED] - setValueToCellByIndex(sheet01, n, 1, dZO): null

26-05-2025T09:37:02 - [TEST_STEP][PASSED] - setValueToCellByIndex(sheet01, n, 2, typeOfData): null

26-05-2025T09:37:02 - [TEST_STEP][PASSED] - if (typeOfData == "Факт в процентах" || typeOfData == "План в процентах"): null

26-05-2025T09:37:02 - [TEST_STEP][PASSED] - else: null

26-05-2025T09:37:02 - [TEST_STEP][PASSED] - setValueToCellByIndex(sheet01, n, 3, fileInt): null

26-05-2025T09:37:02 - [TEST_STEP][PASSED] - setValueToCellByIndex(sheet01, n, 4, pageInt): null

26-05-2025T09:37:02 - [TEST_STEP][PASSED] - setValueToCellByIndex(sheet01, n, 5, m): null

26-05-2025T09:37:02 - [TEST_STEP][PASSED] - setValueToCellByIndex(sheet01, n, 6, y): null

26-05-2025T09:37:02 - [TEST_STEP][PASSED] - setValueToCellByIndex(sheet01, n, 7, todaysDate): null

26-05-2025T09:37:02 - [TEST_STEP][PASSED] - n = n + 1: null

26-05-2025T09:37:02 - [TEST_STEP][PASSED] - saveWorkbook(excelFilePath, workbook01): null

26-05-2025T09:37:02 - [TEST_STEP][PASSED] - compare = pagePoteri: null

26-05-2025T09:37:02 - [TEST_STEP][PASSED] - if (pageOtpuskVSet != null): null

26-05-2025T09:37:02 - [TEST_STEP][PASSED] - if (compare == filePoteri): null

26-05-2025T09:37:02 - [TEST_STEP][PASSED] - else if (compare > filePoteri): null

26-05-2025T09:37:02 - [TEST_STEP][PASSED] - else if (compare < filePoteri): null

26-05-2025T09:37:02 - [TEST_STEP][PASSED] - compare = compare + 1: null

26-05-2025T09:37:02 - [TEST_STEP][PASSED] - if (compare == filePoteri): null

26-05-2025T09:37:02 - [TEST_STEP][PASSED] - else: null

26-05-2025T09:37:02 - [TEST_STEP][PASSED] - numberOfErrors = numberOfErrors + 1: null

26-05-2025T09:37:02 - [TEST_STEP][PASSED] - pageInt = pagePoteri: null

26-05-2025T09:37:02 - [TEST_STEP][PASSED] - fileInt = filePoteri: null

26-05-2025T09:37:02 - [TEST_STEP][PASSED] - typeOfData = typeOfDataMain + " Потери": null

26-05-2025T09:37:02 - [TEST_STEP][PASSED] - Script1718980020443.WriteToExcel(a, typeOfData, todaysDate, pageInt, fileInt, pageDouble, fileDouble, dZO): null

26-05-2025T09:37:02 - [TEST_STEP][PASSED] - sheetName = "Sheet1": null

26-05-2025T09:37:02 - [TEST_STEP][PASSED] - data = findTestData("PlanFact"): null

26-05-2025T09:37:02 - [TEST_STEP][PASSED] - n = data.getRowNumbers() + 1: null

26-05-2025T09:37:02 - [TEST_STEP][PASSED] - day = ")).toInteger(): null

26-05-2025T09:37:02 - [TEST_STEP][PASSED] - println(day): null

26-05-2025T09:37:02 - [TEST_STEP][PASSED] - month = ")).toInteger(): null

26-05-2025T09:37:02 - [TEST_STEP][PASSED] - println(month): null

26-05-2025T09:37:02 - [TEST_STEP][PASSED] - y = <not implemented yet for class: org.codehaus.groovy.ast.expr.EmptyExpression>: null

26-05-2025T09:37:02 - [TEST_STEP][PASSED] - iy = <not implemented yet for class: org.codehaus.groovy.ast.expr.EmptyExpression>: null

26-05-2025T09:37:02 - [TEST_STEP][PASSED] - m = getText(findTestObject("Выполнение бизнес-плана/Период")): Text of object 'Object Repository/Выполнение бизнес-плана/Период' is: '1 кв. 2025 года'

26-05-2025T09:37:03 - [MESSAGE][PASSED] - Text of object 'Object Repository/Выполнение бизнес-плана/Период' is: '1 кв. 2025 года'

26-05-2025T09:37:03 - [TEST_STEP][PASSED] - iy = m.indexOf("20"): null

26-05-2025T09:37:03 - [TEST_STEP][PASSED] - if (iy > -1): null

26-05-2025T09:37:03 - [TEST_STEP][PASSED] - y = substring(iy, iy + 4).toInteger(): null

26-05-2025T09:37:03 - [TEST_STEP][PASSED] - println(y): null

26-05-2025T09:37:03 - [TEST_STEP][PASSED] - if (toString().length() == 4): null

26-05-2025T09:37:03 - [TEST_STEP][PASSED] - m = m.substring(0, m.indexOf(y.toString())): null

26-05-2025T09:37:03 - [TEST_STEP][PASSED] - m = m.trim(): null

26-05-2025T09:37:03 - [TEST_STEP][PASSED] - if (m == ""): null

26-05-2025T09:37:03 - [TEST_STEP][PASSED] - dashboardName = "Выполнение бизнес-плана": null

26-05-2025T09:37:03 - [TEST_STEP][PASSED] - workbook01 = getWorkbook(excelFilePath): null

26-05-2025T09:37:03 - [TEST_STEP][PASSED] - sheet01 = getExcelSheet(workbook01, sheetName): null

26-05-2025T09:37:03 - [TEST_STEP][PASSED] - setValueToCellByIndex(sheet01, n, 0, dashboardName): null

26-05-2025T09:37:03 - [TEST_STEP][PASSED] - setValueToCellByIndex(sheet01, n, 1, dZO): null

26-05-2025T09:37:03 - [TEST_STEP][PASSED] - setValueToCellByIndex(sheet01, n, 2, typeOfData): null

26-05-2025T09:37:03 - [TEST_STEP][PASSED] - if (typeOfData == "Факт в процентах" || typeOfData == "План в процентах"): null

26-05-2025T09:37:03 - [TEST_STEP][PASSED] - else: null

26-05-2025T09:37:03 - [TEST_STEP][PASSED] - setValueToCellByIndex(sheet01, n, 3, fileInt): null

26-05-2025T09:37:03 - [TEST_STEP][PASSED] - setValueToCellByIndex(sheet01, n, 4, pageInt): null

26-05-2025T09:37:03 - [TEST_STEP][PASSED] - setValueToCellByIndex(sheet01, n, 5, m): null

26-05-2025T09:37:03 - [TEST_STEP][PASSED] - setValueToCellByIndex(sheet01, n, 6, y): null

26-05-2025T09:37:03 - [TEST_STEP][PASSED] - setValueToCellByIndex(sheet01, n, 7, todaysDate): null

26-05-2025T09:37:03 - [TEST_STEP][PASSED] - n = n + 1: null

26-05-2025T09:37:03 - [TEST_STEP][PASSED] - saveWorkbook(excelFilePath, workbook01): Object: 'Object Repository/Выполнение бизнес-плана/Кнопка Факт' is clicked on

26-05-2025T09:37:03 - [TEST_STEP][PASSED] - if (planFact == 2): Object: 'Object Repository/Выполнение бизнес-плана/Кнопка Факт' is clicked on

26-05-2025T09:37:03 - [TEST_STEP][PASSED] - click(findTestObject("Выполнение бизнес-плана/Кнопка Факт")): Object: 'Object Repository/Выполнение бизнес-плана/Кнопка Факт' is clicked on

26-05-2025T09:37:03 - [MESSAGE][PASSED] - Object: 'Object Repository/Выполнение бизнес-плана/Кнопка Факт' is clicked on

26-05-2025T09:37:03 - [TEST_STEP][PASSED] - println("a=" + a): null

26-05-2025T09:37:03 - [TEST_STEP][PASSED] - if (a == 84 || a == 82): null

26-05-2025T09:37:03 - [TEST_STEP][PASSED] - else if (a == 83 || a == 52 || a == 72 || a == 28 || a == 73 || a == 77 || a == 74 || a == 65 || a == 36 || a == 44 || a == 53 || a == 80 || a == 54 || a == 1 || a == 18 || a == 59 || a == 81): null

26-05-2025T09:37:03 - [TEST_STEP][PASSED] - else: null

26-05-2025T09:37:03 - [TEST_STEP][PASSED] - page1 = getText(findTestObject("Object Repository/Выполнение бизнес-плана/spanPlan" + filialNum)): Text of object 'Object Repository/Выполнение бизнес-плана/spanPlan5' is: '10.78
|'

26-05-2025T09:37:03 - [MESSAGE][PASSED] - Text of object 'Object Repository/Выполнение бизнес-плана/spanPlan5' is: '10.78
|'

26-05-2025T09:37:03 - [TEST_STEP][PASSED] - if (page1 == null): null

26-05-2025T09:37:03 - [TEST_STEP][PASSED] - else: null

26-05-2025T09:37:03 - [TEST_STEP][PASSED] - page1 = page1.replace("|", ""): null

26-05-2025T09:37:03 - [TEST_STEP][PASSED] - page2 = getText(findTestObject("Object Repository/Выполнение бизнес-плана/spanFact" + filialNum)): Text of object 'Object Repository/Выполнение бизнес-плана/spanFact5' is: '9.17
|'

26-05-2025T09:37:04 - [MESSAGE][PASSED] - Text of object 'Object Repository/Выполнение бизнес-плана/spanFact5' is: '9.17
|'

26-05-2025T09:37:04 - [TEST_STEP][PASSED] - if (page2 == null): null

26-05-2025T09:37:04 - [TEST_STEP][PASSED] - else: null

26-05-2025T09:37:04 - [TEST_STEP][PASSED] - page2 = page2.replace("|", ""): null

26-05-2025T09:37:04 - [TEST_STEP][PASSED] - println("page1: " + page1): null

26-05-2025T09:37:04 - [TEST_STEP][PASSED] - println("page2: " + page2): null

26-05-2025T09:37:04 - [TEST_STEP][PASSED] - file = findTestData("PlanFact").getValue(4, a): null

26-05-2025T09:37:04 - [TEST_STEP][PASSED] - file = file.replace(",", "."): null

26-05-2025T09:37:04 - [TEST_STEP][PASSED] - println("file Plan: " + file): null

26-05-2025T09:37:04 - [TEST_STEP][PASSED] - typeOfData = "План в процентах": null

26-05-2025T09:37:04 - [TEST_STEP][PASSED] - fileDouble = file.toDouble(): null

26-05-2025T09:37:04 - [TEST_STEP][PASSED] - pageDouble = page1.toDouble(): null

26-05-2025T09:37:04 - [TEST_STEP][PASSED] - if (fileDouble != pageDouble): null

26-05-2025T09:37:04 - [TEST_STEP][PASSED] - numberOfErrors = numberOfErrors + 1: null

26-05-2025T09:37:04 - [TEST_STEP][PASSED] - Script1718980020443.WriteToExcel(a, typeOfData, todaysDate, pageInt, fileInt, pageDouble, fileDouble, dZO): null

26-05-2025T09:37:04 - [TEST_STEP][PASSED] - sheetName = "Sheet1": null

26-05-2025T09:37:04 - [TEST_STEP][PASSED] - data = findTestData("PlanFact"): null

26-05-2025T09:37:04 - [TEST_STEP][PASSED] - n = data.getRowNumbers() + 1: null

26-05-2025T09:37:04 - [TEST_STEP][PASSED] - day = ")).toInteger(): null

26-05-2025T09:37:04 - [TEST_STEP][PASSED] - println(day): null

26-05-2025T09:37:04 - [TEST_STEP][PASSED] - month = ")).toInteger(): null

26-05-2025T09:37:04 - [TEST_STEP][PASSED] - println(month): null

26-05-2025T09:37:04 - [TEST_STEP][PASSED] - y = <not implemented yet for class: org.codehaus.groovy.ast.expr.EmptyExpression>: null

26-05-2025T09:37:04 - [TEST_STEP][PASSED] - iy = <not implemented yet for class: org.codehaus.groovy.ast.expr.EmptyExpression>: null

26-05-2025T09:37:04 - [TEST_STEP][PASSED] - m = getText(findTestObject("Выполнение бизнес-плана/Период")): Text of object 'Object Repository/Выполнение бизнес-плана/Период' is: '1 кв. 2025 года'

26-05-2025T09:37:04 - [MESSAGE][PASSED] - Text of object 'Object Repository/Выполнение бизнес-плана/Период' is: '1 кв. 2025 года'

26-05-2025T09:37:04 - [TEST_STEP][PASSED] - iy = m.indexOf("20"): null

26-05-2025T09:37:04 - [TEST_STEP][PASSED] - if (iy > -1): null

26-05-2025T09:37:04 - [TEST_STEP][PASSED] - y = substring(iy, iy + 4).toInteger(): null

26-05-2025T09:37:04 - [TEST_STEP][PASSED] - println(y): null

26-05-2025T09:37:04 - [TEST_STEP][PASSED] - if (toString().length() == 4): null

26-05-2025T09:37:04 - [TEST_STEP][PASSED] - m = m.substring(0, m.indexOf(y.toString())): null

26-05-2025T09:37:04 - [TEST_STEP][PASSED] - m = m.trim(): null

26-05-2025T09:37:04 - [TEST_STEP][PASSED] - if (m == ""): null

26-05-2025T09:37:04 - [TEST_STEP][PASSED] - dashboardName = "Выполнение бизнес-плана": null

26-05-2025T09:37:04 - [TEST_STEP][PASSED] - workbook01 = getWorkbook(excelFilePath): null

26-05-2025T09:37:04 - [TEST_STEP][PASSED] - sheet01 = getExcelSheet(workbook01, sheetName): null

26-05-2025T09:37:04 - [TEST_STEP][PASSED] - setValueToCellByIndex(sheet01, n, 0, dashboardName): null

26-05-2025T09:37:04 - [TEST_STEP][PASSED] - setValueToCellByIndex(sheet01, n, 1, dZO): null

26-05-2025T09:37:04 - [TEST_STEP][PASSED] - setValueToCellByIndex(sheet01, n, 2, typeOfData): null

26-05-2025T09:37:04 - [TEST_STEP][PASSED] - if (typeOfData == "Факт в процентах" || typeOfData == "План в процентах"): null

26-05-2025T09:37:04 - [TEST_STEP][PASSED] - setValueToCellByIndex(sheet01, n, 3, fileDouble): null

26-05-2025T09:37:04 - [TEST_STEP][PASSED] - setValueToCellByIndex(sheet01, n, 4, pageDouble): null

26-05-2025T09:37:04 - [TEST_STEP][PASSED] - setValueToCellByIndex(sheet01, n, 5, m): null

26-05-2025T09:37:04 - [TEST_STEP][PASSED] - setValueToCellByIndex(sheet01, n, 6, y): null

26-05-2025T09:37:04 - [TEST_STEP][PASSED] - setValueToCellByIndex(sheet01, n, 7, todaysDate): null

26-05-2025T09:37:04 - [TEST_STEP][PASSED] - n = n + 1: null

26-05-2025T09:37:04 - [TEST_STEP][PASSED] - saveWorkbook(excelFilePath, workbook01): null

26-05-2025T09:37:04 - [TEST_STEP][PASSED] - file = findTestData("PlanFact").getValue(7, a): null

26-05-2025T09:37:05 - [TEST_STEP][PASSED] - file = file.replace(",", "."): null

26-05-2025T09:37:05 - [TEST_STEP][PASSED] - println("file Fact: " + file): null

26-05-2025T09:37:05 - [TEST_STEP][PASSED] - fileDouble = file.toDouble(): null

26-05-2025T09:37:05 - [TEST_STEP][PASSED] - typeOfData = "Факт в процентах": null

26-05-2025T09:37:05 - [TEST_STEP][PASSED] - fileDouble = file.toDouble(): null

26-05-2025T09:37:05 - [TEST_STEP][PASSED] - pageDouble = page2.toDouble(): null

26-05-2025T09:37:05 - [TEST_STEP][PASSED] - if (fileDouble != pageDouble): null

26-05-2025T09:37:05 - [TEST_STEP][PASSED] - numberOfErrors = numberOfErrors + 1: null

26-05-2025T09:37:05 - [TEST_STEP][PASSED] - Script1718980020443.WriteToExcel(a, typeOfData, todaysDate, pageInt, fileInt, pageDouble, fileDouble, dZO): null

26-05-2025T09:37:05 - [TEST_STEP][PASSED] - sheetName = "Sheet1": null

26-05-2025T09:37:05 - [TEST_STEP][PASSED] - data = findTestData("PlanFact"): null

26-05-2025T09:37:05 - [TEST_STEP][PASSED] - n = data.getRowNumbers() + 1: null

26-05-2025T09:37:05 - [TEST_STEP][PASSED] - day = ")).toInteger(): null

26-05-2025T09:37:05 - [TEST_STEP][PASSED] - println(day): null

26-05-2025T09:37:05 - [TEST_STEP][PASSED] - month = ")).toInteger(): null

26-05-2025T09:37:05 - [TEST_STEP][PASSED] - println(month): null

26-05-2025T09:37:05 - [TEST_STEP][PASSED] - y = <not implemented yet for class: org.codehaus.groovy.ast.expr.EmptyExpression>: null

26-05-2025T09:37:05 - [TEST_STEP][PASSED] - iy = <not implemented yet for class: org.codehaus.groovy.ast.expr.EmptyExpression>: null

26-05-2025T09:37:05 - [TEST_STEP][PASSED] - m = getText(findTestObject("Выполнение бизнес-плана/Период")): Text of object 'Object Repository/Выполнение бизнес-плана/Период' is: '1 кв. 2025 года'

26-05-2025T09:37:05 - [MESSAGE][PASSED] - Text of object 'Object Repository/Выполнение бизнес-плана/Период' is: '1 кв. 2025 года'

26-05-2025T09:37:05 - [TEST_STEP][PASSED] - iy = m.indexOf("20"): null

26-05-2025T09:37:05 - [TEST_STEP][PASSED] - if (iy > -1): null

26-05-2025T09:37:05 - [TEST_STEP][PASSED] - y = substring(iy, iy + 4).toInteger(): null

26-05-2025T09:37:05 - [TEST_STEP][PASSED] - println(y): null

26-05-2025T09:37:05 - [TEST_STEP][PASSED] - if (toString().length() == 4): null

26-05-2025T09:37:05 - [TEST_STEP][PASSED] - m = m.substring(0, m.indexOf(y.toString())): null

26-05-2025T09:37:05 - [TEST_STEP][PASSED] - m = m.trim(): null

26-05-2025T09:37:05 - [TEST_STEP][PASSED] - if (m == ""): null

26-05-2025T09:37:05 - [TEST_STEP][PASSED] - dashboardName = "Выполнение бизнес-плана": null

26-05-2025T09:37:05 - [TEST_STEP][PASSED] - workbook01 = getWorkbook(excelFilePath): null

26-05-2025T09:37:05 - [TEST_STEP][PASSED] - sheet01 = getExcelSheet(workbook01, sheetName): null

26-05-2025T09:37:05 - [TEST_STEP][PASSED] - setValueToCellByIndex(sheet01, n, 0, dashboardName): null

26-05-2025T09:37:05 - [TEST_STEP][PASSED] - setValueToCellByIndex(sheet01, n, 1, dZO): null

26-05-2025T09:37:05 - [TEST_STEP][PASSED] - setValueToCellByIndex(sheet01, n, 2, typeOfData): null

26-05-2025T09:37:05 - [TEST_STEP][PASSED] - if (typeOfData == "Факт в процентах" || typeOfData == "План в процентах"): null

26-05-2025T09:37:05 - [TEST_STEP][PASSED] - setValueToCellByIndex(sheet01, n, 3, fileDouble): null

26-05-2025T09:37:05 - [TEST_STEP][PASSED] - setValueToCellByIndex(sheet01, n, 4, pageDouble): null

26-05-2025T09:37:05 - [TEST_STEP][PASSED] - setValueToCellByIndex(sheet01, n, 5, m): null

26-05-2025T09:37:05 - [TEST_STEP][PASSED] - setValueToCellByIndex(sheet01, n, 6, y): null

26-05-2025T09:37:05 - [TEST_STEP][PASSED] - setValueToCellByIndex(sheet01, n, 7, todaysDate): null

26-05-2025T09:37:05 - [TEST_STEP][PASSED] - n = n + 1: null

26-05-2025T09:37:05 - [TEST_STEP][PASSED] - saveWorkbook(excelFilePath, workbook01): null

26-05-2025T09:37:05 - [TEST_STEP][FAILED] - if (verifyEqual(numberOfErrors, 0) == false): null

26-05-2025T09:37:05 - [MESSAGE][FAILED] - Unable to verify equal between actual object '6' and expected object '0' (Root cause: com.kms.katalon.core.exception.StepFailedException: Actual object '6' and expected object '0' are not equal
	at com.kms.katalon.core.keyword.builtin.VerifyEqualKeyword$_verifyEqual_closure1.doCall(VerifyEqualKeyword.groovy:58)
	at com.kms.katalon.core.keyword.builtin.VerifyEqualKeyword$_verifyEqual_closure1.call(VerifyEqualKeyword.groovy)
	at com.kms.katalon.core.keyword.internal.KeywordMain.runKeyword(KeywordMain.groovy:75)
	at com.kms.katalon.core.keyword.builtin.VerifyEqualKeyword.verifyEqual(VerifyEqualKeyword.groovy:63)
	at com.kms.katalon.core.keyword.builtin.VerifyEqualKeyword.execute(VerifyEqualKeyword.groovy:44)
	at com.kms.katalon.core.keyword.internal.KeywordExecutor.executeKeywordForPlatform(KeywordExecutor.groovy:74)
	at com.kms.katalon.core.keyword.BuiltinKeywords.verifyEqual(BuiltinKeywords.groovy:146)
	at jdk.internal.reflect.GeneratedMethodAccessor23.invoke(Unknown Source)
	at java.base/jdk.internal.reflect.DelegatingMethodAccessorImpl.invoke(DelegatingMethodAccessorImpl.java:43)
	at Выполнение бизнес-плана Сверка ПАО Россети все филиалы.Numbers(Выполнение бизнес-плана Сверка ПАО Россети все филиалы:749)
	at Выполнение бизнес-плана Сверка ПАО Россети все филиалы.Filials(Выполнение бизнес-плана Сверка ПАО Россети все филиалы:1534)
	at Выполнение бизнес-плана Сверка ПАО Россети все филиалы.Numbers(Выполнение бизнес-плана Сверка ПАО Россети все филиалы:756)
	at Выполнение бизнес-плана Сверка ПАО Россети все филиалы.run(Выполнение бизнес-плана Сверка ПАО Россети все филиалы:297)
	at com.kms.katalon.core.main.ScriptEngine.run(ScriptEngine.java:194)
	at com.kms.katalon.core.main.ScriptEngine.runScriptAsRawText(ScriptEngine.java:119)
	at com.kms.katalon.core.main.TestCaseExecutor.runScript(TestCaseExecutor.java:448)
	at com.kms.katalon.core.main.TestCaseExecutor.doExecute(TestCaseExecutor.java:439)
	at com.kms.katalon.core.main.TestCaseExecutor.processExecutionPhase(TestCaseExecutor.java:418)
	at com.kms.katalon.core.main.TestCaseExecutor.accessMainPhase(TestCaseExecutor.java:410)
	at com.kms.katalon.core.main.TestCaseExecutor.execute(TestCaseExecutor.java:285)
	at com.kms.katalon.core.common.CommonExecutor.accessTestCaseMainPhase(CommonExecutor.java:65)
	at com.kms.katalon.core.main.TestSuiteExecutor.accessTestSuiteMainPhase(TestSuiteExecutor.java:150)
	at com.kms.katalon.core.main.TestSuiteExecutor.execute(TestSuiteExecutor.java:106)
	at com.kms.katalon.core.main.TestCaseMain.startTestSuite(TestCaseMain.java:180)
	at TempTestSuite1748228991768.run(TempTestSuite1748228991768.groovy:35)
	at java.base/jdk.internal.reflect.NativeMethodAccessorImpl.invoke0(Native Method)
	at java.base/jdk.internal.reflect.NativeMethodAccessorImpl.invoke(NativeMethodAccessorImpl.java:77)
	at java.base/jdk.internal.reflect.DelegatingMethodAccessorImpl.invoke(DelegatingMethodAccessorImpl.java:43)
)

26-05-2025T09:37:05 - [TEST_STEP][PASSED] - println(numberOfErrors): null

26-05-2025T09:37:05 - [TEST_STEP][PASSED] - println("a=" + a): null

26-05-2025T09:37:05 - [TEST_STEP][PASSED] - if (a == 28 || a == 77 || a == 74 || a == 65 || a == 36 || a == 44 || a == 54 || a == 1 || a == 18 || a == 59): null

26-05-2025T09:37:05 - [TEST_STEP][PASSED] - if (a == 82): null

26-05-2025T09:37:05 - [TEST_STEP][PASSED] - dZO = "Псковский филиал": null

26-05-2025T09:37:05 - [TEST_STEP][PASSED] - a = 43: null

26-05-2025T09:37:05 - [TEST_STEP][PASSED] - dzoCut = dZO.substring(0, 10): null

26-05-2025T09:37:05 - [TEST_STEP][PASSED] - if (x2.contains(dzoCut)): null

26-05-2025T09:37:05 - [TEST_STEP][PASSED] - filialNum = filialNum + 1: null

26-05-2025T09:37:05 - [TEST_STEP][PASSED] - Script1718980020443.Numbers(a, typeOfData, todaysDate, pageInt, fileInt, pageDouble, fileDouble, dZO, dzoNum, filialNum): null

26-05-2025T09:37:05 - [TEST_STEP][PASSED] - println(dzoNum): null

26-05-2025T09:37:05 - [TEST_STEP][PASSED] - planFact = <not implemented yet for class: org.codehaus.groovy.ast.expr.EmptyExpression>: null

26-05-2025T09:37:05 - [TEST_STEP][PASSED] - page = <not implemented yet for class: org.codehaus.groovy.ast.expr.EmptyExpression>: null

26-05-2025T09:37:05 - [TEST_STEP][PASSED] - page1 = <not implemented yet for class: org.codehaus.groovy.ast.expr.EmptyExpression>: null

26-05-2025T09:37:05 - [TEST_STEP][PASSED] - page2 = <not implemented yet for class: org.codehaus.groovy.ast.expr.EmptyExpression>: null

26-05-2025T09:37:05 - [TEST_STEP][PASSED] - filialNumberInRow = <not implemented yet for class: org.codehaus.groovy.ast.expr.EmptyExpression>: null

26-05-2025T09:37:05 - [TEST_STEP][PASSED] - filialsDzoNames = <not implemented yet for class: org.codehaus.groovy.ast.expr.EmptyExpression>: null

26-05-2025T09:37:05 - [TEST_STEP][PASSED] - numberOfFilials = <not implemented yet for class: org.codehaus.groovy.ast.expr.EmptyExpression>: null

26-05-2025T09:37:05 - [TEST_STEP][PASSED] - numberOfSpaces = <not implemented yet for class: org.codehaus.groovy.ast.expr.EmptyExpression>: null

26-05-2025T09:37:05 - [TEST_STEP][PASSED] - file = <not implemented yet for class: org.codehaus.groovy.ast.expr.EmptyExpression>: null

26-05-2025T09:37:05 - [TEST_STEP][PASSED] - otpusk = <not implemented yet for class: org.codehaus.groovy.ast.expr.EmptyExpression>: null

26-05-2025T09:37:05 - [TEST_STEP][PASSED] - poteri = <not implemented yet for class: org.codehaus.groovy.ast.expr.EmptyExpression>: null

26-05-2025T09:37:05 - [TEST_STEP][PASSED] - dataFolder = "Выполнение бизнес-плана/Значения со страницы Выполнение бизнес-плана/": null

26-05-2025T09:37:05 - [TEST_STEP][PASSED] - path = <not implemented yet for class: org.codehaus.groovy.ast.expr.EmptyExpression>: null

26-05-2025T09:37:05 - [TEST_STEP][PASSED] - typeOfDataMain = <not implemented yet for class: org.codehaus.groovy.ast.expr.EmptyExpression>: null

26-05-2025T09:37:05 - [TEST_STEP][PASSED] - fileOtpuskVSet = <not implemented yet for class: org.codehaus.groovy.ast.expr.EmptyExpression>: null

26-05-2025T09:37:05 - [TEST_STEP][PASSED] - pageOtpuskVSet = <not implemented yet for class: org.codehaus.groovy.ast.expr.EmptyExpression>: null

26-05-2025T09:37:05 - [TEST_STEP][PASSED] - filePoteri = <not implemented yet for class: org.codehaus.groovy.ast.expr.EmptyExpression>: null

26-05-2025T09:37:05 - [TEST_STEP][PASSED] - pagePoteri = <not implemented yet for class: org.codehaus.groovy.ast.expr.EmptyExpression>: null

26-05-2025T09:37:05 - [TEST_STEP][PASSED] - compare = <not implemented yet for class: org.codehaus.groovy.ast.expr.EmptyExpression>: null

26-05-2025T09:37:05 - [TEST_STEP][PASSED] - b = <not implemented yet for class: org.codehaus.groovy.ast.expr.EmptyExpression>: null

26-05-2025T09:37:05 - [TEST_STEP][PASSED] - i = <not implemented yet for class: org.codehaus.groovy.ast.expr.EmptyExpression>: null

26-05-2025T09:37:05 - [TEST_STEP][PASSED] - ii = <not implemented yet for class: org.codehaus.groovy.ast.expr.EmptyExpression>: null

26-05-2025T09:37:05 - [TEST_STEP][PASSED] - c = <not implemented yet for class: org.codehaus.groovy.ast.expr.EmptyExpression>: null

26-05-2025T09:37:05 - [TEST_STEP][PASSED] - numberOfErrors = 0: null

26-05-2025T09:37:05 - [TEST_STEP][PASSED] - if (a == 82): null

26-05-2025T09:37:05 - [TEST_STEP][PASSED] - b = findTestData("PlanFact").getValue(1, a): null

26-05-2025T09:37:05 - [TEST_STEP][PASSED] - i = b.indexOf(" (ГК)"): null

26-05-2025T09:37:05 - [TEST_STEP][PASSED] - if (i > -1): null

26-05-2025T09:37:05 - [TEST_STEP][PASSED] - i = b.indexOf("О ""): null

26-05-2025T09:37:05 - [TEST_STEP][PASSED] - if (i > -1): null

26-05-2025T09:37:05 - [TEST_STEP][PASSED] - i = b.indexOf("О «"): null

26-05-2025T09:37:05 - [TEST_STEP][PASSED] - if (i > -1): null

26-05-2025T09:37:05 - [TEST_STEP][PASSED] - i = b.indexOf("г. "): null

26-05-2025T09:37:05 - [TEST_STEP][PASSED] - if (i > -1): null

26-05-2025T09:37:05 - [TEST_STEP][PASSED] - b = b.trim(): null

26-05-2025T09:37:05 - [TEST_STEP][PASSED] - println(b): null

26-05-2025T09:37:05 - [TEST_STEP][PASSED] - for ([planFact = 1, planFact < 3, (planFact++)]): null

26-05-2025T09:37:05 - [TEST_STEP][PASSED] - if (planFact == 1): null

26-05-2025T09:37:05 - [TEST_STEP][PASSED] - typeOfDataMain = "Факт": null

26-05-2025T09:37:05 - [TEST_STEP][PASSED] - otpusk = findTestData("PlanFact").getValue(5, a): null

26-05-2025T09:37:05 - [TEST_STEP][PASSED] - poteri = findTestData("PlanFact").getValue(6, a): null

26-05-2025T09:37:05 - [TEST_STEP][PASSED] - otpusk = otpusk.replaceAll("\s+", ""): null

26-05-2025T09:37:05 - [TEST_STEP][PASSED] - poteri = poteri.replaceAll("\s+", ""): null

26-05-2025T09:37:05 - [TEST_STEP][PASSED] - typeOfData = typeOfDataMain + " Отпуск в сеть": null

26-05-2025T09:37:05 - [TEST_STEP][PASSED] - if (a == 82): null

26-05-2025T09:37:05 - [TEST_STEP][PASSED] - else if (a == 84): null

26-05-2025T09:37:05 - [TEST_STEP][PASSED] - else if (a == 83 || a == 52 || a == 72 || a == 28 || a == 73 || a == 77 || a == 74 || a == 65 || a == 36 || a == 44 || a == 53 || a == 80 || a == 54 || a == 1 || a == 18 || a == 59 || a == 81): null

26-05-2025T09:37:05 - [TEST_STEP][PASSED] - else: null

26-05-2025T09:37:05 - [TEST_STEP][PASSED] - path = dataFolder + typeOfData + " за отчётный период " + b: null

26-05-2025T09:37:05 - [TEST_STEP][PASSED] - println(path): null

26-05-2025T09:37:05 - [TEST_STEP][PASSED] - page = getText(findTestObject(path)): Text of object 'Object Repository/Выполнение бизнес-плана/Значения со страницы Выполнение бизнес-плана/Факт Отпуск в сеть за отчётный период Псковский филиал' is: '439 305'

26-05-2025T09:37:06 - [MESSAGE][PASSED] - Text of object 'Object Repository/Выполнение бизнес-плана/Значения со страницы Выполнение бизнес-плана/Факт Отпуск в сеть за отчётный период Псковский филиал' is: '439 305'

26-05-2025T09:37:06 - [TEST_STEP][PASSED] - if (page == "" || page == null): null

26-05-2025T09:37:06 - [TEST_STEP][PASSED] - else: null

26-05-2025T09:37:06 - [TEST_STEP][PASSED] - page = page.replaceAll("\s+", ""): null

26-05-2025T09:37:06 - [TEST_STEP][PASSED] - if (page == "undefined"): null

26-05-2025T09:37:06 - [TEST_STEP][PASSED] - fileOtpuskVSet = otpusk.toInteger(): null

26-05-2025T09:37:06 - [TEST_STEP][PASSED] - pageOtpuskVSet = page.toInteger(): null

26-05-2025T09:37:06 - [TEST_STEP][PASSED] - typeOfData = typeOfDataMain + " Потери": null

26-05-2025T09:37:06 - [TEST_STEP][PASSED] - if (a == 82): null

26-05-2025T09:37:06 - [TEST_STEP][PASSED] - else if (a == 84): null

26-05-2025T09:37:06 - [TEST_STEP][PASSED] - else if (a == 83 || a == 52 || a == 72 || a == 28 || a == 73 || a == 77 || a == 74 || a == 65 || a == 36 || a == 44 || a == 53 || a == 80 || a == 54 || a == 1 || a == 18 || a == 59 || a == 81): null

26-05-2025T09:37:06 - [TEST_STEP][PASSED] - else: null

26-05-2025T09:37:06 - [TEST_STEP][PASSED] - path = dataFolder + typeOfData + " за отчётный период " + b: null

26-05-2025T09:37:06 - [TEST_STEP][PASSED] - page = getText(findTestObject(path)): Text of object 'Object Repository/Выполнение бизнес-плана/Значения со страницы Выполнение бизнес-плана/Факт Потери за отчётный период Псковский филиал' is: '47 090'

26-05-2025T09:37:06 - [MESSAGE][PASSED] - Text of object 'Object Repository/Выполнение бизнес-плана/Значения со страницы Выполнение бизнес-плана/Факт Потери за отчётный период Псковский филиал' is: '47 090'

26-05-2025T09:37:06 - [TEST_STEP][PASSED] - if (page == "" || page == null): null

26-05-2025T09:37:06 - [TEST_STEP][PASSED] - else: null

26-05-2025T09:37:06 - [TEST_STEP][PASSED] - page = page.replaceAll("\s+", ""): null

26-05-2025T09:37:06 - [TEST_STEP][PASSED] - if (page == "undefined"): null

26-05-2025T09:37:06 - [TEST_STEP][PASSED] - filePoteri = poteri.toInteger(): null

26-05-2025T09:37:06 - [TEST_STEP][PASSED] - pagePoteri = page.toInteger(): null

26-05-2025T09:37:06 - [TEST_STEP][PASSED] - compare = pageOtpuskVSet: null

26-05-2025T09:37:06 - [TEST_STEP][PASSED] - if (pageOtpuskVSet != null): null

26-05-2025T09:37:06 - [TEST_STEP][PASSED] - if (compare == fileOtpuskVSet): null

26-05-2025T09:37:06 - [TEST_STEP][PASSED] - else if (compare > fileOtpuskVSet): null

26-05-2025T09:37:06 - [TEST_STEP][PASSED] - else if (compare < fileOtpuskVSet): null

26-05-2025T09:37:06 - [TEST_STEP][PASSED] - compare = compare + 1: null

26-05-2025T09:37:06 - [TEST_STEP][PASSED] - if (compare == fileOtpuskVSet): null

26-05-2025T09:37:06 - [TEST_STEP][PASSED] - else: null

26-05-2025T09:37:06 - [TEST_STEP][PASSED] - numberOfErrors = numberOfErrors + 1: null

26-05-2025T09:37:06 - [TEST_STEP][PASSED] - pageInt = pageOtpuskVSet: null

26-05-2025T09:37:06 - [TEST_STEP][PASSED] - fileInt = fileOtpuskVSet: null

26-05-2025T09:37:06 - [TEST_STEP][PASSED] - typeOfData = typeOfDataMain + " Отпуск в сеть": null

26-05-2025T09:37:06 - [TEST_STEP][PASSED] - Script1718980020443.WriteToExcel(a, typeOfData, todaysDate, pageInt, fileInt, pageDouble, fileDouble, dZO): null

26-05-2025T09:37:06 - [TEST_STEP][PASSED] - sheetName = "Sheet1": null

26-05-2025T09:37:06 - [TEST_STEP][PASSED] - data = findTestData("PlanFact"): null

26-05-2025T09:37:06 - [TEST_STEP][PASSED] - n = data.getRowNumbers() + 1: null

26-05-2025T09:37:06 - [TEST_STEP][PASSED] - day = ")).toInteger(): null

26-05-2025T09:37:06 - [TEST_STEP][PASSED] - println(day): null

26-05-2025T09:37:06 - [TEST_STEP][PASSED] - month = ")).toInteger(): null

26-05-2025T09:37:06 - [TEST_STEP][PASSED] - println(month): null

26-05-2025T09:37:06 - [TEST_STEP][PASSED] - y = <not implemented yet for class: org.codehaus.groovy.ast.expr.EmptyExpression>: null

26-05-2025T09:37:06 - [TEST_STEP][PASSED] - iy = <not implemented yet for class: org.codehaus.groovy.ast.expr.EmptyExpression>: null

26-05-2025T09:37:06 - [TEST_STEP][PASSED] - m = getText(findTestObject("Выполнение бизнес-плана/Период")): Text of object 'Object Repository/Выполнение бизнес-плана/Период' is: '1 кв. 2025 года'

26-05-2025T09:37:06 - [MESSAGE][PASSED] - Text of object 'Object Repository/Выполнение бизнес-плана/Период' is: '1 кв. 2025 года'

26-05-2025T09:37:06 - [TEST_STEP][PASSED] - iy = m.indexOf("20"): null

26-05-2025T09:37:06 - [TEST_STEP][PASSED] - if (iy > -1): null

26-05-2025T09:37:06 - [TEST_STEP][PASSED] - y = substring(iy, iy + 4).toInteger(): null

26-05-2025T09:37:06 - [TEST_STEP][PASSED] - println(y): null

26-05-2025T09:37:06 - [TEST_STEP][PASSED] - if (toString().length() == 4): null

26-05-2025T09:37:06 - [TEST_STEP][PASSED] - m = m.substring(0, m.indexOf(y.toString())): null

26-05-2025T09:37:06 - [TEST_STEP][PASSED] - m = m.trim(): null

26-05-2025T09:37:06 - [TEST_STEP][PASSED] - if (m == ""): null

26-05-2025T09:37:06 - [TEST_STEP][PASSED] - dashboardName = "Выполнение бизнес-плана": null

26-05-2025T09:37:06 - [TEST_STEP][PASSED] - workbook01 = getWorkbook(excelFilePath): null

26-05-2025T09:37:06 - [TEST_STEP][PASSED] - sheet01 = getExcelSheet(workbook01, sheetName): null

26-05-2025T09:37:06 - [TEST_STEP][PASSED] - setValueToCellByIndex(sheet01, n, 0, dashboardName): null

26-05-2025T09:37:06 - [TEST_STEP][PASSED] - setValueToCellByIndex(sheet01, n, 1, dZO): null

26-05-2025T09:37:06 - [TEST_STEP][PASSED] - setValueToCellByIndex(sheet01, n, 2, typeOfData): null

26-05-2025T09:37:06 - [TEST_STEP][PASSED] - if (typeOfData == "Факт в процентах" || typeOfData == "План в процентах"): null

26-05-2025T09:37:06 - [TEST_STEP][PASSED] - else: null

26-05-2025T09:37:06 - [TEST_STEP][PASSED] - setValueToCellByIndex(sheet01, n, 3, fileInt): null

26-05-2025T09:37:06 - [TEST_STEP][PASSED] - setValueToCellByIndex(sheet01, n, 4, pageInt): null

26-05-2025T09:37:06 - [TEST_STEP][PASSED] - setValueToCellByIndex(sheet01, n, 5, m): null

26-05-2025T09:37:06 - [TEST_STEP][PASSED] - setValueToCellByIndex(sheet01, n, 6, y): null

26-05-2025T09:37:06 - [TEST_STEP][PASSED] - setValueToCellByIndex(sheet01, n, 7, todaysDate): null

26-05-2025T09:37:06 - [TEST_STEP][PASSED] - n = n + 1: null

26-05-2025T09:37:06 - [TEST_STEP][PASSED] - saveWorkbook(excelFilePath, workbook01): null

26-05-2025T09:37:07 - [TEST_STEP][PASSED] - compare = pagePoteri: null

26-05-2025T09:37:07 - [TEST_STEP][PASSED] - if (pageOtpuskVSet != null): null

26-05-2025T09:37:07 - [TEST_STEP][PASSED] - if (compare == filePoteri): null

26-05-2025T09:37:07 - [TEST_STEP][PASSED] - else if (compare > filePoteri): null

26-05-2025T09:37:07 - [TEST_STEP][PASSED] - else if (compare < filePoteri): null

26-05-2025T09:37:07 - [TEST_STEP][PASSED] - compare = compare + 1: null

26-05-2025T09:37:07 - [TEST_STEP][PASSED] - if (compare == filePoteri): null

26-05-2025T09:37:07 - [TEST_STEP][PASSED] - else: null

26-05-2025T09:37:07 - [TEST_STEP][PASSED] - numberOfErrors = numberOfErrors + 1: null

26-05-2025T09:37:07 - [TEST_STEP][PASSED] - pageInt = pagePoteri: null

26-05-2025T09:37:07 - [TEST_STEP][PASSED] - fileInt = filePoteri: null

26-05-2025T09:37:07 - [TEST_STEP][PASSED] - typeOfData = typeOfDataMain + " Потери": null

26-05-2025T09:37:07 - [TEST_STEP][PASSED] - Script1718980020443.WriteToExcel(a, typeOfData, todaysDate, pageInt, fileInt, pageDouble, fileDouble, dZO): null

26-05-2025T09:37:07 - [TEST_STEP][PASSED] - sheetName = "Sheet1": null

26-05-2025T09:37:07 - [TEST_STEP][PASSED] - data = findTestData("PlanFact"): null

26-05-2025T09:37:07 - [TEST_STEP][PASSED] - n = data.getRowNumbers() + 1: null

26-05-2025T09:37:07 - [TEST_STEP][PASSED] - day = ")).toInteger(): null

26-05-2025T09:37:07 - [TEST_STEP][PASSED] - println(day): null

26-05-2025T09:37:07 - [TEST_STEP][PASSED] - month = ")).toInteger(): null

26-05-2025T09:37:07 - [TEST_STEP][PASSED] - println(month): null

26-05-2025T09:37:07 - [TEST_STEP][PASSED] - y = <not implemented yet for class: org.codehaus.groovy.ast.expr.EmptyExpression>: null

26-05-2025T09:37:07 - [TEST_STEP][PASSED] - iy = <not implemented yet for class: org.codehaus.groovy.ast.expr.EmptyExpression>: null

26-05-2025T09:37:07 - [TEST_STEP][PASSED] - m = getText(findTestObject("Выполнение бизнес-плана/Период")): Text of object 'Object Repository/Выполнение бизнес-плана/Период' is: '1 кв. 2025 года'

26-05-2025T09:37:07 - [MESSAGE][PASSED] - Text of object 'Object Repository/Выполнение бизнес-плана/Период' is: '1 кв. 2025 года'

26-05-2025T09:37:07 - [TEST_STEP][PASSED] - iy = m.indexOf("20"): null

26-05-2025T09:37:07 - [TEST_STEP][PASSED] - if (iy > -1): null

26-05-2025T09:37:07 - [TEST_STEP][PASSED] - y = substring(iy, iy + 4).toInteger(): null

26-05-2025T09:37:07 - [TEST_STEP][PASSED] - println(y): null

26-05-2025T09:37:07 - [TEST_STEP][PASSED] - if (toString().length() == 4): null

26-05-2025T09:37:07 - [TEST_STEP][PASSED] - m = m.substring(0, m.indexOf(y.toString())): null

26-05-2025T09:37:07 - [TEST_STEP][PASSED] - m = m.trim(): null

26-05-2025T09:37:07 - [TEST_STEP][PASSED] - if (m == ""): null

26-05-2025T09:37:07 - [TEST_STEP][PASSED] - dashboardName = "Выполнение бизнес-плана": null

26-05-2025T09:37:07 - [TEST_STEP][PASSED] - workbook01 = getWorkbook(excelFilePath): null

26-05-2025T09:37:07 - [TEST_STEP][PASSED] - sheet01 = getExcelSheet(workbook01, sheetName): null

26-05-2025T09:37:07 - [TEST_STEP][PASSED] - setValueToCellByIndex(sheet01, n, 0, dashboardName): null

26-05-2025T09:37:07 - [TEST_STEP][PASSED] - setValueToCellByIndex(sheet01, n, 1, dZO): null

26-05-2025T09:37:07 - [TEST_STEP][PASSED] - setValueToCellByIndex(sheet01, n, 2, typeOfData): null

26-05-2025T09:37:07 - [TEST_STEP][PASSED] - if (typeOfData == "Факт в процентах" || typeOfData == "План в процентах"): null

26-05-2025T09:37:07 - [TEST_STEP][PASSED] - else: null

26-05-2025T09:37:07 - [TEST_STEP][PASSED] - setValueToCellByIndex(sheet01, n, 3, fileInt): null

26-05-2025T09:37:07 - [TEST_STEP][PASSED] - setValueToCellByIndex(sheet01, n, 4, pageInt): null

26-05-2025T09:37:07 - [TEST_STEP][PASSED] - setValueToCellByIndex(sheet01, n, 5, m): null

26-05-2025T09:37:07 - [TEST_STEP][PASSED] - setValueToCellByIndex(sheet01, n, 6, y): null

26-05-2025T09:37:07 - [TEST_STEP][PASSED] - setValueToCellByIndex(sheet01, n, 7, todaysDate): null

26-05-2025T09:37:07 - [TEST_STEP][PASSED] - n = n + 1: null

26-05-2025T09:37:07 - [TEST_STEP][PASSED] - saveWorkbook(excelFilePath, workbook01): null

26-05-2025T09:37:07 - [TEST_STEP][PASSED] - if (planFact == 2): null

26-05-2025T09:37:07 - [TEST_STEP][PASSED] - if (planFact == 1): null

26-05-2025T09:37:07 - [TEST_STEP][PASSED] - else if (planFact == 2): null

26-05-2025T09:37:07 - [TEST_STEP][PASSED] - click(findTestObject("Выполнение бизнес-плана/Кнопка План")): Object: 'Object Repository/Выполнение бизнес-плана/Кнопка План' is clicked on

26-05-2025T09:37:08 - [MESSAGE][PASSED] - Object: 'Object Repository/Выполнение бизнес-плана/Кнопка План' is clicked on

26-05-2025T09:37:08 - [TEST_STEP][PASSED] - typeOfDataMain = "План": null

26-05-2025T09:37:08 - [TEST_STEP][PASSED] - otpusk = findTestData("PlanFact").getValue(2, a): null

26-05-2025T09:37:08 - [TEST_STEP][PASSED] - poteri = findTestData("PlanFact").getValue(3, a): null

26-05-2025T09:37:08 - [TEST_STEP][PASSED] - otpusk = otpusk.replaceAll("\s+", ""): null

26-05-2025T09:37:08 - [TEST_STEP][PASSED] - poteri = poteri.replaceAll("\s+", ""): null

26-05-2025T09:37:08 - [TEST_STEP][PASSED] - typeOfData = typeOfDataMain + " Отпуск в сеть": null

26-05-2025T09:37:08 - [TEST_STEP][PASSED] - if (a == 82): null

26-05-2025T09:37:08 - [TEST_STEP][PASSED] - else if (a == 84): null

26-05-2025T09:37:08 - [TEST_STEP][PASSED] - else if (a == 83 || a == 52 || a == 72 || a == 28 || a == 73 || a == 77 || a == 74 || a == 65 || a == 36 || a == 44 || a == 53 || a == 80 || a == 54 || a == 1 || a == 18 || a == 59 || a == 81): null

26-05-2025T09:37:08 - [TEST_STEP][PASSED] - else: null

26-05-2025T09:37:08 - [TEST_STEP][PASSED] - path = dataFolder + typeOfData + " за отчётный период " + b: null

26-05-2025T09:37:08 - [TEST_STEP][PASSED] - println(path): null

26-05-2025T09:37:08 - [TEST_STEP][PASSED] - page = getText(findTestObject(path)): Text of object 'Object Repository/Выполнение бизнес-плана/Значения со страницы Выполнение бизнес-плана/План Отпуск в сеть за отчётный период Псковский филиал' is: '463 130'

26-05-2025T09:37:08 - [MESSAGE][PASSED] - Text of object 'Object Repository/Выполнение бизнес-плана/Значения со страницы Выполнение бизнес-плана/План Отпуск в сеть за отчётный период Псковский филиал' is: '463 130'

26-05-2025T09:37:08 - [TEST_STEP][PASSED] - if (page == "" || page == null): null

26-05-2025T09:37:08 - [TEST_STEP][PASSED] - else: null

26-05-2025T09:37:08 - [TEST_STEP][PASSED] - page = page.replaceAll("\s+", ""): null

26-05-2025T09:37:08 - [TEST_STEP][PASSED] - if (page == "undefined"): null

26-05-2025T09:37:08 - [TEST_STEP][PASSED] - fileOtpuskVSet = otpusk.toInteger(): null

26-05-2025T09:37:08 - [TEST_STEP][PASSED] - pageOtpuskVSet = page.toInteger(): null

26-05-2025T09:37:08 - [TEST_STEP][PASSED] - typeOfData = typeOfDataMain + " Потери": null

26-05-2025T09:37:08 - [TEST_STEP][PASSED] - if (a == 82): null

26-05-2025T09:37:08 - [TEST_STEP][PASSED] - else if (a == 84): null

26-05-2025T09:37:08 - [TEST_STEP][PASSED] - else if (a == 83 || a == 52 || a == 72 || a == 28 || a == 73 || a == 77 || a == 74 || a == 65 || a == 36 || a == 44 || a == 53 || a == 80 || a == 54 || a == 1 || a == 18 || a == 59 || a == 81): null

26-05-2025T09:37:08 - [TEST_STEP][PASSED] - else: null

26-05-2025T09:37:08 - [TEST_STEP][PASSED] - path = dataFolder + typeOfData + " за отчётный период " + b: null

26-05-2025T09:37:08 - [TEST_STEP][PASSED] - page = getText(findTestObject(path)): Text of object 'Object Repository/Выполнение бизнес-плана/Значения со страницы Выполнение бизнес-плана/План Потери за отчётный период Псковский филиал' is: '56 534'

26-05-2025T09:37:08 - [MESSAGE][PASSED] - Text of object 'Object Repository/Выполнение бизнес-плана/Значения со страницы Выполнение бизнес-плана/План Потери за отчётный период Псковский филиал' is: '56 534'

26-05-2025T09:37:08 - [TEST_STEP][PASSED] - if (page == "" || page == null): null

26-05-2025T09:37:08 - [TEST_STEP][PASSED] - else: null

26-05-2025T09:37:08 - [TEST_STEP][PASSED] - page = page.replaceAll("\s+", ""): null

26-05-2025T09:37:08 - [TEST_STEP][PASSED] - if (page == "undefined"): null

26-05-2025T09:37:08 - [TEST_STEP][PASSED] - filePoteri = poteri.toInteger(): null

26-05-2025T09:37:08 - [TEST_STEP][PASSED] - pagePoteri = page.toInteger(): null

26-05-2025T09:37:08 - [TEST_STEP][PASSED] - compare = pageOtpuskVSet: null

26-05-2025T09:37:08 - [TEST_STEP][PASSED] - if (pageOtpuskVSet != null): null

26-05-2025T09:37:08 - [TEST_STEP][PASSED] - if (compare == fileOtpuskVSet): null

26-05-2025T09:37:08 - [TEST_STEP][PASSED] - else if (compare > fileOtpuskVSet): null

26-05-2025T09:37:08 - [TEST_STEP][PASSED] - else if (compare < fileOtpuskVSet): null

26-05-2025T09:37:08 - [TEST_STEP][PASSED] - compare = compare + 1: null

26-05-2025T09:37:08 - [TEST_STEP][PASSED] - if (compare == fileOtpuskVSet): null

26-05-2025T09:37:08 - [TEST_STEP][PASSED] - else: null

26-05-2025T09:37:08 - [TEST_STEP][PASSED] - numberOfErrors = numberOfErrors + 1: null

26-05-2025T09:37:08 - [TEST_STEP][PASSED] - pageInt = pageOtpuskVSet: null

26-05-2025T09:37:08 - [TEST_STEP][PASSED] - fileInt = fileOtpuskVSet: null

26-05-2025T09:37:08 - [TEST_STEP][PASSED] - typeOfData = typeOfDataMain + " Отпуск в сеть": null

26-05-2025T09:37:08 - [TEST_STEP][PASSED] - Script1718980020443.WriteToExcel(a, typeOfData, todaysDate, pageInt, fileInt, pageDouble, fileDouble, dZO): null

26-05-2025T09:37:08 - [TEST_STEP][PASSED] - sheetName = "Sheet1": null

26-05-2025T09:37:08 - [TEST_STEP][PASSED] - data = findTestData("PlanFact"): null

26-05-2025T09:37:08 - [TEST_STEP][PASSED] - n = data.getRowNumbers() + 1: null

26-05-2025T09:37:08 - [TEST_STEP][PASSED] - day = ")).toInteger(): null

26-05-2025T09:37:08 - [TEST_STEP][PASSED] - println(day): null

26-05-2025T09:37:08 - [TEST_STEP][PASSED] - month = ")).toInteger(): null

26-05-2025T09:37:08 - [TEST_STEP][PASSED] - println(month): null

26-05-2025T09:37:08 - [TEST_STEP][PASSED] - y = <not implemented yet for class: org.codehaus.groovy.ast.expr.EmptyExpression>: null

26-05-2025T09:37:08 - [TEST_STEP][PASSED] - iy = <not implemented yet for class: org.codehaus.groovy.ast.expr.EmptyExpression>: null

26-05-2025T09:37:08 - [TEST_STEP][PASSED] - m = getText(findTestObject("Выполнение бизнес-плана/Период")): Text of object 'Object Repository/Выполнение бизнес-плана/Период' is: '1 кв. 2025 года'

26-05-2025T09:37:09 - [MESSAGE][PASSED] - Text of object 'Object Repository/Выполнение бизнес-плана/Период' is: '1 кв. 2025 года'

26-05-2025T09:37:09 - [TEST_STEP][PASSED] - iy = m.indexOf("20"): null

26-05-2025T09:37:09 - [TEST_STEP][PASSED] - if (iy > -1): null

26-05-2025T09:37:09 - [TEST_STEP][PASSED] - y = substring(iy, iy + 4).toInteger(): null

26-05-2025T09:37:09 - [TEST_STEP][PASSED] - println(y): null

26-05-2025T09:37:09 - [TEST_STEP][PASSED] - if (toString().length() == 4): null

26-05-2025T09:37:09 - [TEST_STEP][PASSED] - m = m.substring(0, m.indexOf(y.toString())): null

26-05-2025T09:37:09 - [TEST_STEP][PASSED] - m = m.trim(): null

26-05-2025T09:37:09 - [TEST_STEP][PASSED] - if (m == ""): null

26-05-2025T09:37:09 - [TEST_STEP][PASSED] - dashboardName = "Выполнение бизнес-плана": null

26-05-2025T09:37:09 - [TEST_STEP][PASSED] - workbook01 = getWorkbook(excelFilePath): null

26-05-2025T09:37:09 - [TEST_STEP][PASSED] - sheet01 = getExcelSheet(workbook01, sheetName): null

26-05-2025T09:37:09 - [TEST_STEP][PASSED] - setValueToCellByIndex(sheet01, n, 0, dashboardName): null

26-05-2025T09:37:09 - [TEST_STEP][PASSED] - setValueToCellByIndex(sheet01, n, 1, dZO): null

26-05-2025T09:37:09 - [TEST_STEP][PASSED] - setValueToCellByIndex(sheet01, n, 2, typeOfData): null

26-05-2025T09:37:09 - [TEST_STEP][PASSED] - if (typeOfData == "Факт в процентах" || typeOfData == "План в процентах"): null

26-05-2025T09:37:09 - [TEST_STEP][PASSED] - else: null

26-05-2025T09:37:09 - [TEST_STEP][PASSED] - setValueToCellByIndex(sheet01, n, 3, fileInt): null

26-05-2025T09:37:09 - [TEST_STEP][PASSED] - setValueToCellByIndex(sheet01, n, 4, pageInt): null

26-05-2025T09:37:09 - [TEST_STEP][PASSED] - setValueToCellByIndex(sheet01, n, 5, m): null

26-05-2025T09:37:09 - [TEST_STEP][PASSED] - setValueToCellByIndex(sheet01, n, 6, y): null

26-05-2025T09:37:09 - [TEST_STEP][PASSED] - setValueToCellByIndex(sheet01, n, 7, todaysDate): null

26-05-2025T09:37:09 - [TEST_STEP][PASSED] - n = n + 1: null

26-05-2025T09:37:09 - [TEST_STEP][PASSED] - saveWorkbook(excelFilePath, workbook01): null

26-05-2025T09:37:09 - [TEST_STEP][PASSED] - compare = pagePoteri: null

26-05-2025T09:37:09 - [TEST_STEP][PASSED] - if (pageOtpuskVSet != null): null

26-05-2025T09:37:09 - [TEST_STEP][PASSED] - if (compare == filePoteri): null

26-05-2025T09:37:09 - [TEST_STEP][PASSED] - else if (compare > filePoteri): null

26-05-2025T09:37:09 - [TEST_STEP][PASSED] - else if (compare < filePoteri): null

26-05-2025T09:37:09 - [TEST_STEP][PASSED] - compare = compare + 1: null

26-05-2025T09:37:09 - [TEST_STEP][PASSED] - if (compare == filePoteri): null

26-05-2025T09:37:09 - [TEST_STEP][PASSED] - else: null

26-05-2025T09:37:09 - [TEST_STEP][PASSED] - numberOfErrors = numberOfErrors + 1: null

26-05-2025T09:37:09 - [TEST_STEP][PASSED] - pageInt = pagePoteri: null

26-05-2025T09:37:09 - [TEST_STEP][PASSED] - fileInt = filePoteri: null

26-05-2025T09:37:09 - [TEST_STEP][PASSED] - typeOfData = typeOfDataMain + " Потери": null

26-05-2025T09:37:09 - [TEST_STEP][PASSED] - Script1718980020443.WriteToExcel(a, typeOfData, todaysDate, pageInt, fileInt, pageDouble, fileDouble, dZO): null

26-05-2025T09:37:09 - [TEST_STEP][PASSED] - sheetName = "Sheet1": null

26-05-2025T09:37:09 - [TEST_STEP][PASSED] - data = findTestData("PlanFact"): null

26-05-2025T09:37:09 - [TEST_STEP][PASSED] - n = data.getRowNumbers() + 1: null

26-05-2025T09:37:09 - [TEST_STEP][PASSED] - day = ")).toInteger(): null

26-05-2025T09:37:09 - [TEST_STEP][PASSED] - println(day): null

26-05-2025T09:37:09 - [TEST_STEP][PASSED] - month = ")).toInteger(): null

26-05-2025T09:37:09 - [TEST_STEP][PASSED] - println(month): null

26-05-2025T09:37:09 - [TEST_STEP][PASSED] - y = <not implemented yet for class: org.codehaus.groovy.ast.expr.EmptyExpression>: null

26-05-2025T09:37:09 - [TEST_STEP][PASSED] - iy = <not implemented yet for class: org.codehaus.groovy.ast.expr.EmptyExpression>: null

26-05-2025T09:37:09 - [TEST_STEP][PASSED] - m = getText(findTestObject("Выполнение бизнес-плана/Период")): Text of object 'Object Repository/Выполнение бизнес-плана/Период' is: '1 кв. 2025 года'

26-05-2025T09:37:09 - [MESSAGE][PASSED] - Text of object 'Object Repository/Выполнение бизнес-плана/Период' is: '1 кв. 2025 года'

26-05-2025T09:37:09 - [TEST_STEP][PASSED] - iy = m.indexOf("20"): null

26-05-2025T09:37:09 - [TEST_STEP][PASSED] - if (iy > -1): null

26-05-2025T09:37:09 - [TEST_STEP][PASSED] - y = substring(iy, iy + 4).toInteger(): null

26-05-2025T09:37:09 - [TEST_STEP][PASSED] - println(y): null

26-05-2025T09:37:09 - [TEST_STEP][PASSED] - if (toString().length() == 4): null

26-05-2025T09:37:09 - [TEST_STEP][PASSED] - m = m.substring(0, m.indexOf(y.toString())): null

26-05-2025T09:37:09 - [TEST_STEP][PASSED] - m = m.trim(): null

26-05-2025T09:37:09 - [TEST_STEP][PASSED] - if (m == ""): null

26-05-2025T09:37:09 - [TEST_STEP][PASSED] - dashboardName = "Выполнение бизнес-плана": null

26-05-2025T09:37:09 - [TEST_STEP][PASSED] - workbook01 = getWorkbook(excelFilePath): null

26-05-2025T09:37:10 - [TEST_STEP][PASSED] - sheet01 = getExcelSheet(workbook01, sheetName): null

26-05-2025T09:37:10 - [TEST_STEP][PASSED] - setValueToCellByIndex(sheet01, n, 0, dashboardName): null

26-05-2025T09:37:10 - [TEST_STEP][PASSED] - setValueToCellByIndex(sheet01, n, 1, dZO): null

26-05-2025T09:37:10 - [TEST_STEP][PASSED] - setValueToCellByIndex(sheet01, n, 2, typeOfData): null

26-05-2025T09:37:10 - [TEST_STEP][PASSED] - if (typeOfData == "Факт в процентах" || typeOfData == "План в процентах"): null

26-05-2025T09:37:10 - [TEST_STEP][PASSED] - else: null

26-05-2025T09:37:10 - [TEST_STEP][PASSED] - setValueToCellByIndex(sheet01, n, 3, fileInt): null

26-05-2025T09:37:10 - [TEST_STEP][PASSED] - setValueToCellByIndex(sheet01, n, 4, pageInt): null

26-05-2025T09:37:10 - [TEST_STEP][PASSED] - setValueToCellByIndex(sheet01, n, 5, m): null

26-05-2025T09:37:10 - [TEST_STEP][PASSED] - setValueToCellByIndex(sheet01, n, 6, y): null

26-05-2025T09:37:10 - [TEST_STEP][PASSED] - setValueToCellByIndex(sheet01, n, 7, todaysDate): null

26-05-2025T09:37:10 - [TEST_STEP][PASSED] - n = n + 1: null

26-05-2025T09:37:10 - [TEST_STEP][PASSED] - saveWorkbook(excelFilePath, workbook01): Object: 'Object Repository/Выполнение бизнес-плана/Кнопка Факт' is clicked on

26-05-2025T09:37:10 - [TEST_STEP][PASSED] - if (planFact == 2): Object: 'Object Repository/Выполнение бизнес-плана/Кнопка Факт' is clicked on

26-05-2025T09:37:10 - [TEST_STEP][PASSED] - click(findTestObject("Выполнение бизнес-плана/Кнопка Факт")): Object: 'Object Repository/Выполнение бизнес-плана/Кнопка Факт' is clicked on

26-05-2025T09:37:10 - [MESSAGE][PASSED] - Object: 'Object Repository/Выполнение бизнес-плана/Кнопка Факт' is clicked on

26-05-2025T09:37:10 - [TEST_STEP][PASSED] - println("a=" + a): null

26-05-2025T09:37:10 - [TEST_STEP][PASSED] - if (a == 84 || a == 82): null

26-05-2025T09:37:10 - [TEST_STEP][PASSED] - else if (a == 83 || a == 52 || a == 72 || a == 28 || a == 73 || a == 77 || a == 74 || a == 65 || a == 36 || a == 44 || a == 53 || a == 80 || a == 54 || a == 1 || a == 18 || a == 59 || a == 81): null

26-05-2025T09:37:10 - [TEST_STEP][PASSED] - else: null

26-05-2025T09:37:10 - [TEST_STEP][PASSED] - page1 = getText(findTestObject("Object Repository/Выполнение бизнес-плана/spanPlan" + filialNum)): Text of object 'Object Repository/Выполнение бизнес-плана/spanPlan6' is: '12.21
|'

26-05-2025T09:37:10 - [MESSAGE][PASSED] - Text of object 'Object Repository/Выполнение бизнес-плана/spanPlan6' is: '12.21
|'

26-05-2025T09:37:10 - [TEST_STEP][PASSED] - if (page1 == null): null

26-05-2025T09:37:10 - [TEST_STEP][PASSED] - else: null

26-05-2025T09:37:10 - [TEST_STEP][PASSED] - page1 = page1.replace("|", ""): null

26-05-2025T09:37:10 - [TEST_STEP][PASSED] - page2 = getText(findTestObject("Object Repository/Выполнение бизнес-плана/spanFact" + filialNum)): Text of object 'Object Repository/Выполнение бизнес-плана/spanFact6' is: '10.72
|'

26-05-2025T09:37:11 - [MESSAGE][PASSED] - Text of object 'Object Repository/Выполнение бизнес-плана/spanFact6' is: '10.72
|'

26-05-2025T09:37:11 - [TEST_STEP][PASSED] - if (page2 == null): null

26-05-2025T09:37:11 - [TEST_STEP][PASSED] - else: null

26-05-2025T09:37:11 - [TEST_STEP][PASSED] - page2 = page2.replace("|", ""): null

26-05-2025T09:37:11 - [TEST_STEP][PASSED] - println("page1: " + page1): null

26-05-2025T09:37:11 - [TEST_STEP][PASSED] - println("page2: " + page2): null

26-05-2025T09:37:11 - [TEST_STEP][PASSED] - file = findTestData("PlanFact").getValue(4, a): null

26-05-2025T09:37:11 - [TEST_STEP][PASSED] - file = file.replace(",", "."): null

26-05-2025T09:37:11 - [TEST_STEP][PASSED] - println("file Plan: " + file): null

26-05-2025T09:37:11 - [TEST_STEP][PASSED] - typeOfData = "План в процентах": null

26-05-2025T09:37:11 - [TEST_STEP][PASSED] - fileDouble = file.toDouble(): null

26-05-2025T09:37:11 - [TEST_STEP][PASSED] - pageDouble = page1.toDouble(): null

26-05-2025T09:37:11 - [TEST_STEP][PASSED] - if (fileDouble != pageDouble): null

26-05-2025T09:37:11 - [TEST_STEP][PASSED] - numberOfErrors = numberOfErrors + 1: null

26-05-2025T09:37:11 - [TEST_STEP][PASSED] - Script1718980020443.WriteToExcel(a, typeOfData, todaysDate, pageInt, fileInt, pageDouble, fileDouble, dZO): null

26-05-2025T09:37:11 - [TEST_STEP][PASSED] - sheetName = "Sheet1": null

26-05-2025T09:37:11 - [TEST_STEP][PASSED] - data = findTestData("PlanFact"): null

26-05-2025T09:37:11 - [TEST_STEP][PASSED] - n = data.getRowNumbers() + 1: null

26-05-2025T09:37:11 - [TEST_STEP][PASSED] - day = ")).toInteger(): null

26-05-2025T09:37:11 - [TEST_STEP][PASSED] - println(day): null

26-05-2025T09:37:11 - [TEST_STEP][PASSED] - month = ")).toInteger(): null

26-05-2025T09:37:11 - [TEST_STEP][PASSED] - println(month): null

26-05-2025T09:37:11 - [TEST_STEP][PASSED] - y = <not implemented yet for class: org.codehaus.groovy.ast.expr.EmptyExpression>: null

26-05-2025T09:37:11 - [TEST_STEP][PASSED] - iy = <not implemented yet for class: org.codehaus.groovy.ast.expr.EmptyExpression>: null

26-05-2025T09:37:11 - [TEST_STEP][PASSED] - m = getText(findTestObject("Выполнение бизнес-плана/Период")): Text of object 'Object Repository/Выполнение бизнес-плана/Период' is: '1 кв. 2025 года'

26-05-2025T09:37:11 - [MESSAGE][PASSED] - Text of object 'Object Repository/Выполнение бизнес-плана/Период' is: '1 кв. 2025 года'

26-05-2025T09:37:11 - [TEST_STEP][PASSED] - iy = m.indexOf("20"): null

26-05-2025T09:37:11 - [TEST_STEP][PASSED] - if (iy > -1): null

26-05-2025T09:37:11 - [TEST_STEP][PASSED] - y = substring(iy, iy + 4).toInteger(): null

26-05-2025T09:37:11 - [TEST_STEP][PASSED] - println(y): null

26-05-2025T09:37:11 - [TEST_STEP][PASSED] - if (toString().length() == 4): null

26-05-2025T09:37:11 - [TEST_STEP][PASSED] - m = m.substring(0, m.indexOf(y.toString())): null

26-05-2025T09:37:11 - [TEST_STEP][PASSED] - m = m.trim(): null

26-05-2025T09:37:11 - [TEST_STEP][PASSED] - if (m == ""): null

26-05-2025T09:37:11 - [TEST_STEP][PASSED] - dashboardName = "Выполнение бизнес-плана": null

26-05-2025T09:37:11 - [TEST_STEP][PASSED] - workbook01 = getWorkbook(excelFilePath): null

26-05-2025T09:37:11 - [TEST_STEP][PASSED] - sheet01 = getExcelSheet(workbook01, sheetName): null

26-05-2025T09:37:11 - [TEST_STEP][PASSED] - setValueToCellByIndex(sheet01, n, 0, dashboardName): null

26-05-2025T09:37:11 - [TEST_STEP][PASSED] - setValueToCellByIndex(sheet01, n, 1, dZO): null

26-05-2025T09:37:11 - [TEST_STEP][PASSED] - setValueToCellByIndex(sheet01, n, 2, typeOfData): null

26-05-2025T09:37:11 - [TEST_STEP][PASSED] - if (typeOfData == "Факт в процентах" || typeOfData == "План в процентах"): null

26-05-2025T09:37:11 - [TEST_STEP][PASSED] - setValueToCellByIndex(sheet01, n, 3, fileDouble): null

26-05-2025T09:37:11 - [TEST_STEP][PASSED] - setValueToCellByIndex(sheet01, n, 4, pageDouble): null

26-05-2025T09:37:11 - [TEST_STEP][PASSED] - setValueToCellByIndex(sheet01, n, 5, m): null

26-05-2025T09:37:11 - [TEST_STEP][PASSED] - setValueToCellByIndex(sheet01, n, 6, y): null

26-05-2025T09:37:11 - [TEST_STEP][PASSED] - setValueToCellByIndex(sheet01, n, 7, todaysDate): null

26-05-2025T09:37:11 - [TEST_STEP][PASSED] - n = n + 1: null

26-05-2025T09:37:11 - [TEST_STEP][PASSED] - saveWorkbook(excelFilePath, workbook01): null

26-05-2025T09:37:11 - [TEST_STEP][PASSED] - file = findTestData("PlanFact").getValue(7, a): null

26-05-2025T09:37:11 - [TEST_STEP][PASSED] - file = file.replace(",", "."): null

26-05-2025T09:37:11 - [TEST_STEP][PASSED] - println("file Fact: " + file): null

26-05-2025T09:37:11 - [TEST_STEP][PASSED] - fileDouble = file.toDouble(): null

26-05-2025T09:37:11 - [TEST_STEP][PASSED] - typeOfData = "Факт в процентах": null

26-05-2025T09:37:11 - [TEST_STEP][PASSED] - fileDouble = file.toDouble(): null

26-05-2025T09:37:11 - [TEST_STEP][PASSED] - pageDouble = page2.toDouble(): null

26-05-2025T09:37:11 - [TEST_STEP][PASSED] - if (fileDouble != pageDouble): null

26-05-2025T09:37:11 - [TEST_STEP][PASSED] - numberOfErrors = numberOfErrors + 1: null

26-05-2025T09:37:11 - [TEST_STEP][PASSED] - Script1718980020443.WriteToExcel(a, typeOfData, todaysDate, pageInt, fileInt, pageDouble, fileDouble, dZO): null

26-05-2025T09:37:11 - [TEST_STEP][PASSED] - sheetName = "Sheet1": null

26-05-2025T09:37:11 - [TEST_STEP][PASSED] - data = findTestData("PlanFact"): null

26-05-2025T09:37:12 - [TEST_STEP][PASSED] - n = data.getRowNumbers() + 1: null

26-05-2025T09:37:12 - [TEST_STEP][PASSED] - day = ")).toInteger(): null

26-05-2025T09:37:12 - [TEST_STEP][PASSED] - println(day): null

26-05-2025T09:37:12 - [TEST_STEP][PASSED] - month = ")).toInteger(): null

26-05-2025T09:37:12 - [TEST_STEP][PASSED] - println(month): null

26-05-2025T09:37:12 - [TEST_STEP][PASSED] - y = <not implemented yet for class: org.codehaus.groovy.ast.expr.EmptyExpression>: null

26-05-2025T09:37:12 - [TEST_STEP][PASSED] - iy = <not implemented yet for class: org.codehaus.groovy.ast.expr.EmptyExpression>: null

26-05-2025T09:37:12 - [TEST_STEP][PASSED] - m = getText(findTestObject("Выполнение бизнес-плана/Период")): Text of object 'Object Repository/Выполнение бизнес-плана/Период' is: '1 кв. 2025 года'

26-05-2025T09:37:12 - [MESSAGE][PASSED] - Text of object 'Object Repository/Выполнение бизнес-плана/Период' is: '1 кв. 2025 года'

26-05-2025T09:37:12 - [TEST_STEP][PASSED] - iy = m.indexOf("20"): null

26-05-2025T09:37:12 - [TEST_STEP][PASSED] - if (iy > -1): null

26-05-2025T09:37:12 - [TEST_STEP][PASSED] - y = substring(iy, iy + 4).toInteger(): null

26-05-2025T09:37:12 - [TEST_STEP][PASSED] - println(y): null

26-05-2025T09:37:12 - [TEST_STEP][PASSED] - if (toString().length() == 4): null

26-05-2025T09:37:12 - [TEST_STEP][PASSED] - m = m.substring(0, m.indexOf(y.toString())): null

26-05-2025T09:37:12 - [TEST_STEP][PASSED] - m = m.trim(): null

26-05-2025T09:37:12 - [TEST_STEP][PASSED] - if (m == ""): null

26-05-2025T09:37:12 - [TEST_STEP][PASSED] - dashboardName = "Выполнение бизнес-плана": null

26-05-2025T09:37:12 - [TEST_STEP][PASSED] - workbook01 = getWorkbook(excelFilePath): null

26-05-2025T09:37:12 - [TEST_STEP][PASSED] - sheet01 = getExcelSheet(workbook01, sheetName): null

26-05-2025T09:37:12 - [TEST_STEP][PASSED] - setValueToCellByIndex(sheet01, n, 0, dashboardName): null

26-05-2025T09:37:12 - [TEST_STEP][PASSED] - setValueToCellByIndex(sheet01, n, 1, dZO): null

26-05-2025T09:37:12 - [TEST_STEP][PASSED] - setValueToCellByIndex(sheet01, n, 2, typeOfData): null

26-05-2025T09:37:12 - [TEST_STEP][PASSED] - if (typeOfData == "Факт в процентах" || typeOfData == "План в процентах"): null

26-05-2025T09:37:12 - [TEST_STEP][PASSED] - setValueToCellByIndex(sheet01, n, 3, fileDouble): null

26-05-2025T09:37:12 - [TEST_STEP][PASSED] - setValueToCellByIndex(sheet01, n, 4, pageDouble): null

26-05-2025T09:37:12 - [TEST_STEP][PASSED] - setValueToCellByIndex(sheet01, n, 5, m): null

26-05-2025T09:37:12 - [TEST_STEP][PASSED] - setValueToCellByIndex(sheet01, n, 6, y): null

26-05-2025T09:37:12 - [TEST_STEP][PASSED] - setValueToCellByIndex(sheet01, n, 7, todaysDate): null

26-05-2025T09:37:12 - [TEST_STEP][PASSED] - n = n + 1: null

26-05-2025T09:37:12 - [TEST_STEP][PASSED] - saveWorkbook(excelFilePath, workbook01): null

26-05-2025T09:37:12 - [TEST_STEP][FAILED] - if (verifyEqual(numberOfErrors, 0) == false): null

26-05-2025T09:37:12 - [MESSAGE][FAILED] - Unable to verify equal between actual object '6' and expected object '0' (Root cause: com.kms.katalon.core.exception.StepFailedException: Actual object '6' and expected object '0' are not equal
	at com.kms.katalon.core.keyword.builtin.VerifyEqualKeyword$_verifyEqual_closure1.doCall(VerifyEqualKeyword.groovy:58)
	at com.kms.katalon.core.keyword.builtin.VerifyEqualKeyword$_verifyEqual_closure1.call(VerifyEqualKeyword.groovy)
	at com.kms.katalon.core.keyword.internal.KeywordMain.runKeyword(KeywordMain.groovy:75)
	at com.kms.katalon.core.keyword.builtin.VerifyEqualKeyword.verifyEqual(VerifyEqualKeyword.groovy:63)
	at com.kms.katalon.core.keyword.builtin.VerifyEqualKeyword.execute(VerifyEqualKeyword.groovy:44)
	at com.kms.katalon.core.keyword.internal.KeywordExecutor.executeKeywordForPlatform(KeywordExecutor.groovy:74)
	at com.kms.katalon.core.keyword.BuiltinKeywords.verifyEqual(BuiltinKeywords.groovy:146)
	at jdk.internal.reflect.GeneratedMethodAccessor23.invoke(Unknown Source)
	at java.base/jdk.internal.reflect.DelegatingMethodAccessorImpl.invoke(DelegatingMethodAccessorImpl.java:43)
	at Выполнение бизнес-плана Сверка ПАО Россети все филиалы.Numbers(Выполнение бизнес-плана Сверка ПАО Россети все филиалы:749)
	at Выполнение бизнес-плана Сверка ПАО Россети все филиалы.Filials(Выполнение бизнес-плана Сверка ПАО Россети все филиалы:1548)
	at Выполнение бизнес-плана Сверка ПАО Россети все филиалы.Numbers(Выполнение бизнес-плана Сверка ПАО Россети все филиалы:756)
	at Выполнение бизнес-плана Сверка ПАО Россети все филиалы.run(Выполнение бизнес-плана Сверка ПАО Россети все филиалы:297)
	at com.kms.katalon.core.main.ScriptEngine.run(ScriptEngine.java:194)
	at com.kms.katalon.core.main.ScriptEngine.runScriptAsRawText(ScriptEngine.java:119)
	at com.kms.katalon.core.main.TestCaseExecutor.runScript(TestCaseExecutor.java:448)
	at com.kms.katalon.core.main.TestCaseExecutor.doExecute(TestCaseExecutor.java:439)
	at com.kms.katalon.core.main.TestCaseExecutor.processExecutionPhase(TestCaseExecutor.java:418)
	at com.kms.katalon.core.main.TestCaseExecutor.accessMainPhase(TestCaseExecutor.java:410)
	at com.kms.katalon.core.main.TestCaseExecutor.execute(TestCaseExecutor.java:285)
	at com.kms.katalon.core.common.CommonExecutor.accessTestCaseMainPhase(CommonExecutor.java:65)
	at com.kms.katalon.core.main.TestSuiteExecutor.accessTestSuiteMainPhase(TestSuiteExecutor.java:150)
	at com.kms.katalon.core.main.TestSuiteExecutor.execute(TestSuiteExecutor.java:106)
	at com.kms.katalon.core.main.TestCaseMain.startTestSuite(TestCaseMain.java:180)
	at TempTestSuite1748228991768.run(TempTestSuite1748228991768.groovy:35)
	at java.base/jdk.internal.reflect.NativeMethodAccessorImpl.invoke0(Native Method)
	at java.base/jdk.internal.reflect.NativeMethodAccessorImpl.invoke(NativeMethodAccessorImpl.java:77)
	at java.base/jdk.internal.reflect.DelegatingMethodAccessorImpl.invoke(DelegatingMethodAccessorImpl.java:43)
)

26-05-2025T09:37:12 - [TEST_STEP][PASSED] - println(numberOfErrors): null

26-05-2025T09:37:12 - [TEST_STEP][PASSED] - println("a=" + a): null

26-05-2025T09:37:12 - [TEST_STEP][PASSED] - if (a == 28 || a == 77 || a == 74 || a == 65 || a == 36 || a == 44 || a == 54 || a == 1 || a == 18 || a == 59): null

26-05-2025T09:37:12 - [TEST_STEP][PASSED] - if (a == 82): null

26-05-2025T09:37:12 - [TEST_STEP][PASSED] - dZO = "филиал в Республике Коми": null

26-05-2025T09:37:12 - [TEST_STEP][PASSED] - a = 41: null

26-05-2025T09:37:12 - [TEST_STEP][PASSED] - if (x2.contains("Коми")): null

26-05-2025T09:37:12 - [TEST_STEP][PASSED] - filialNum = filialNum + 1: null

26-05-2025T09:37:12 - [TEST_STEP][PASSED] - Script1718980020443.Numbers(a, typeOfData, todaysDate, pageInt, fileInt, pageDouble, fileDouble, dZO, dzoNum, filialNum): null

26-05-2025T09:37:12 - [TEST_STEP][PASSED] - println(dzoNum): null

26-05-2025T09:37:12 - [TEST_STEP][PASSED] - planFact = <not implemented yet for class: org.codehaus.groovy.ast.expr.EmptyExpression>: null

26-05-2025T09:37:12 - [TEST_STEP][PASSED] - page = <not implemented yet for class: org.codehaus.groovy.ast.expr.EmptyExpression>: null

26-05-2025T09:37:12 - [TEST_STEP][PASSED] - page1 = <not implemented yet for class: org.codehaus.groovy.ast.expr.EmptyExpression>: null

26-05-2025T09:37:12 - [TEST_STEP][PASSED] - page2 = <not implemented yet for class: org.codehaus.groovy.ast.expr.EmptyExpression>: null

26-05-2025T09:37:12 - [TEST_STEP][PASSED] - filialNumberInRow = <not implemented yet for class: org.codehaus.groovy.ast.expr.EmptyExpression>: null

26-05-2025T09:37:12 - [TEST_STEP][PASSED] - filialsDzoNames = <not implemented yet for class: org.codehaus.groovy.ast.expr.EmptyExpression>: null

26-05-2025T09:37:12 - [TEST_STEP][PASSED] - numberOfFilials = <not implemented yet for class: org.codehaus.groovy.ast.expr.EmptyExpression>: null

26-05-2025T09:37:12 - [TEST_STEP][PASSED] - numberOfSpaces = <not implemented yet for class: org.codehaus.groovy.ast.expr.EmptyExpression>: null

26-05-2025T09:37:12 - [TEST_STEP][PASSED] - file = <not implemented yet for class: org.codehaus.groovy.ast.expr.EmptyExpression>: null

26-05-2025T09:37:12 - [TEST_STEP][PASSED] - otpusk = <not implemented yet for class: org.codehaus.groovy.ast.expr.EmptyExpression>: null

26-05-2025T09:37:12 - [TEST_STEP][PASSED] - poteri = <not implemented yet for class: org.codehaus.groovy.ast.expr.EmptyExpression>: null

26-05-2025T09:37:12 - [TEST_STEP][PASSED] - dataFolder = "Выполнение бизнес-плана/Значения со страницы Выполнение бизнес-плана/": null

26-05-2025T09:37:12 - [TEST_STEP][PASSED] - path = <not implemented yet for class: org.codehaus.groovy.ast.expr.EmptyExpression>: null

26-05-2025T09:37:12 - [TEST_STEP][PASSED] - typeOfDataMain = <not implemented yet for class: org.codehaus.groovy.ast.expr.EmptyExpression>: null

26-05-2025T09:37:12 - [TEST_STEP][PASSED] - fileOtpuskVSet = <not implemented yet for class: org.codehaus.groovy.ast.expr.EmptyExpression>: null

26-05-2025T09:37:12 - [TEST_STEP][PASSED] - pageOtpuskVSet = <not implemented yet for class: org.codehaus.groovy.ast.expr.EmptyExpression>: null

26-05-2025T09:37:12 - [TEST_STEP][PASSED] - filePoteri = <not implemented yet for class: org.codehaus.groovy.ast.expr.EmptyExpression>: null

26-05-2025T09:37:12 - [TEST_STEP][PASSED] - pagePoteri = <not implemented yet for class: org.codehaus.groovy.ast.expr.EmptyExpression>: null

26-05-2025T09:37:12 - [TEST_STEP][PASSED] - compare = <not implemented yet for class: org.codehaus.groovy.ast.expr.EmptyExpression>: null

26-05-2025T09:37:12 - [TEST_STEP][PASSED] - b = <not implemented yet for class: org.codehaus.groovy.ast.expr.EmptyExpression>: null

26-05-2025T09:37:12 - [TEST_STEP][PASSED] - i = <not implemented yet for class: org.codehaus.groovy.ast.expr.EmptyExpression>: null

26-05-2025T09:37:12 - [TEST_STEP][PASSED] - ii = <not implemented yet for class: org.codehaus.groovy.ast.expr.EmptyExpression>: null

26-05-2025T09:37:12 - [TEST_STEP][PASSED] - c = <not implemented yet for class: org.codehaus.groovy.ast.expr.EmptyExpression>: null

26-05-2025T09:37:12 - [TEST_STEP][PASSED] - numberOfErrors = 0: null

26-05-2025T09:37:12 - [TEST_STEP][PASSED] - if (a == 82): null

26-05-2025T09:37:12 - [TEST_STEP][PASSED] - b = findTestData("PlanFact").getValue(1, a): null

26-05-2025T09:37:12 - [TEST_STEP][PASSED] - i = b.indexOf(" (ГК)"): null

26-05-2025T09:37:12 - [TEST_STEP][PASSED] - if (i > -1): null

26-05-2025T09:37:12 - [TEST_STEP][PASSED] - i = b.indexOf("О ""): null

26-05-2025T09:37:12 - [TEST_STEP][PASSED] - if (i > -1): null

26-05-2025T09:37:12 - [TEST_STEP][PASSED] - i = b.indexOf("О «"): null

26-05-2025T09:37:12 - [TEST_STEP][PASSED] - if (i > -1): null

26-05-2025T09:37:12 - [TEST_STEP][PASSED] - i = b.indexOf("г. "): null

26-05-2025T09:37:12 - [TEST_STEP][PASSED] - if (i > -1): null

26-05-2025T09:37:12 - [TEST_STEP][PASSED] - b = b.trim(): null

26-05-2025T09:37:12 - [TEST_STEP][PASSED] - println(b): null

26-05-2025T09:37:12 - [TEST_STEP][PASSED] - for ([planFact = 1, planFact < 3, (planFact++)]): null

26-05-2025T09:37:12 - [TEST_STEP][PASSED] - if (planFact == 1): null

26-05-2025T09:37:12 - [TEST_STEP][PASSED] - typeOfDataMain = "Факт": null

26-05-2025T09:37:12 - [TEST_STEP][PASSED] - otpusk = findTestData("PlanFact").getValue(5, a): null

26-05-2025T09:37:12 - [TEST_STEP][PASSED] - poteri = findTestData("PlanFact").getValue(6, a): null

26-05-2025T09:37:12 - [TEST_STEP][PASSED] - otpusk = otpusk.replaceAll("\s+", ""): null

26-05-2025T09:37:12 - [TEST_STEP][PASSED] - poteri = poteri.replaceAll("\s+", ""): null

26-05-2025T09:37:12 - [TEST_STEP][PASSED] - typeOfData = typeOfDataMain + " Отпуск в сеть": null

26-05-2025T09:37:12 - [TEST_STEP][PASSED] - if (a == 82): null

26-05-2025T09:37:12 - [TEST_STEP][PASSED] - else if (a == 84): null

26-05-2025T09:37:12 - [TEST_STEP][PASSED] - else if (a == 83 || a == 52 || a == 72 || a == 28 || a == 73 || a == 77 || a == 74 || a == 65 || a == 36 || a == 44 || a == 53 || a == 80 || a == 54 || a == 1 || a == 18 || a == 59 || a == 81): null

26-05-2025T09:37:12 - [TEST_STEP][PASSED] - else: null

26-05-2025T09:37:12 - [TEST_STEP][PASSED] - path = dataFolder + typeOfData + " за отчётный период " + b: null

26-05-2025T09:37:12 - [TEST_STEP][PASSED] - println(path): null

26-05-2025T09:37:12 - [TEST_STEP][PASSED] - page = getText(findTestObject(path)): Text of object 'Object Repository/Выполнение бизнес-плана/Значения со страницы Выполнение бизнес-плана/Факт Отпуск в сеть за отчётный период филиал в Республике Коми' is: '836 902'

26-05-2025T09:37:13 - [MESSAGE][PASSED] - Text of object 'Object Repository/Выполнение бизнес-плана/Значения со страницы Выполнение бизнес-плана/Факт Отпуск в сеть за отчётный период филиал в Республике Коми' is: '836 902'

26-05-2025T09:37:13 - [TEST_STEP][PASSED] - if (page == "" || page == null): null

26-05-2025T09:37:13 - [TEST_STEP][PASSED] - else: null

26-05-2025T09:37:13 - [TEST_STEP][PASSED] - page = page.replaceAll("\s+", ""): null

26-05-2025T09:37:13 - [TEST_STEP][PASSED] - if (page == "undefined"): null

26-05-2025T09:37:13 - [TEST_STEP][PASSED] - fileOtpuskVSet = otpusk.toInteger(): null

26-05-2025T09:37:13 - [TEST_STEP][PASSED] - pageOtpuskVSet = page.toInteger(): null

26-05-2025T09:37:13 - [TEST_STEP][PASSED] - typeOfData = typeOfDataMain + " Потери": null

26-05-2025T09:37:13 - [TEST_STEP][PASSED] - if (a == 82): null

26-05-2025T09:37:13 - [TEST_STEP][PASSED] - else if (a == 84): null

26-05-2025T09:37:13 - [TEST_STEP][PASSED] - else if (a == 83 || a == 52 || a == 72 || a == 28 || a == 73 || a == 77 || a == 74 || a == 65 || a == 36 || a == 44 || a == 53 || a == 80 || a == 54 || a == 1 || a == 18 || a == 59 || a == 81): null

26-05-2025T09:37:13 - [TEST_STEP][PASSED] - else: null

26-05-2025T09:37:13 - [TEST_STEP][PASSED] - path = dataFolder + typeOfData + " за отчётный период " + b: null

26-05-2025T09:37:13 - [TEST_STEP][PASSED] - page = getText(findTestObject(path)): Text of object 'Object Repository/Выполнение бизнес-плана/Значения со страницы Выполнение бизнес-плана/Факт Потери за отчётный период филиал в Республике Коми' is: '45 293'

26-05-2025T09:37:13 - [MESSAGE][PASSED] - Text of object 'Object Repository/Выполнение бизнес-плана/Значения со страницы Выполнение бизнес-плана/Факт Потери за отчётный период филиал в Республике Коми' is: '45 293'

26-05-2025T09:37:13 - [TEST_STEP][PASSED] - if (page == "" || page == null): null

26-05-2025T09:37:13 - [TEST_STEP][PASSED] - else: null

26-05-2025T09:37:13 - [TEST_STEP][PASSED] - page = page.replaceAll("\s+", ""): null

26-05-2025T09:37:13 - [TEST_STEP][PASSED] - if (page == "undefined"): null

26-05-2025T09:37:13 - [TEST_STEP][PASSED] - filePoteri = poteri.toInteger(): null

26-05-2025T09:37:13 - [TEST_STEP][PASSED] - pagePoteri = page.toInteger(): null

26-05-2025T09:37:13 - [TEST_STEP][PASSED] - compare = pageOtpuskVSet: null

26-05-2025T09:37:13 - [TEST_STEP][PASSED] - if (pageOtpuskVSet != null): null

26-05-2025T09:37:13 - [TEST_STEP][PASSED] - if (compare == fileOtpuskVSet): null

26-05-2025T09:37:13 - [TEST_STEP][PASSED] - else if (compare > fileOtpuskVSet): null

26-05-2025T09:37:13 - [TEST_STEP][PASSED] - else if (compare < fileOtpuskVSet): null

26-05-2025T09:37:13 - [TEST_STEP][PASSED] - compare = compare + 1: null

26-05-2025T09:37:13 - [TEST_STEP][PASSED] - if (compare == fileOtpuskVSet): null

26-05-2025T09:37:13 - [TEST_STEP][PASSED] - else: null

26-05-2025T09:37:13 - [TEST_STEP][PASSED] - numberOfErrors = numberOfErrors + 1: null

26-05-2025T09:37:13 - [TEST_STEP][PASSED] - pageInt = pageOtpuskVSet: null

26-05-2025T09:37:13 - [TEST_STEP][PASSED] - fileInt = fileOtpuskVSet: null

26-05-2025T09:37:13 - [TEST_STEP][PASSED] - typeOfData = typeOfDataMain + " Отпуск в сеть": null

26-05-2025T09:37:13 - [TEST_STEP][PASSED] - Script1718980020443.WriteToExcel(a, typeOfData, todaysDate, pageInt, fileInt, pageDouble, fileDouble, dZO): null

26-05-2025T09:37:13 - [TEST_STEP][PASSED] - sheetName = "Sheet1": null

26-05-2025T09:37:13 - [TEST_STEP][PASSED] - data = findTestData("PlanFact"): null

26-05-2025T09:37:13 - [TEST_STEP][PASSED] - n = data.getRowNumbers() + 1: null

26-05-2025T09:37:13 - [TEST_STEP][PASSED] - day = ")).toInteger(): null

26-05-2025T09:37:13 - [TEST_STEP][PASSED] - println(day): null

26-05-2025T09:37:13 - [TEST_STEP][PASSED] - month = ")).toInteger(): null

26-05-2025T09:37:13 - [TEST_STEP][PASSED] - println(month): null

26-05-2025T09:37:13 - [TEST_STEP][PASSED] - y = <not implemented yet for class: org.codehaus.groovy.ast.expr.EmptyExpression>: null

26-05-2025T09:37:13 - [TEST_STEP][PASSED] - iy = <not implemented yet for class: org.codehaus.groovy.ast.expr.EmptyExpression>: null

26-05-2025T09:37:13 - [TEST_STEP][PASSED] - m = getText(findTestObject("Выполнение бизнес-плана/Период")): Text of object 'Object Repository/Выполнение бизнес-плана/Период' is: '1 кв. 2025 года'

26-05-2025T09:37:13 - [MESSAGE][PASSED] - Text of object 'Object Repository/Выполнение бизнес-плана/Период' is: '1 кв. 2025 года'

26-05-2025T09:37:13 - [TEST_STEP][PASSED] - iy = m.indexOf("20"): null

26-05-2025T09:37:13 - [TEST_STEP][PASSED] - if (iy > -1): null

26-05-2025T09:37:13 - [TEST_STEP][PASSED] - y = substring(iy, iy + 4).toInteger(): null

26-05-2025T09:37:13 - [TEST_STEP][PASSED] - println(y): null

26-05-2025T09:37:13 - [TEST_STEP][PASSED] - if (toString().length() == 4): null

26-05-2025T09:37:13 - [TEST_STEP][PASSED] - m = m.substring(0, m.indexOf(y.toString())): null

26-05-2025T09:37:13 - [TEST_STEP][PASSED] - m = m.trim(): null

26-05-2025T09:37:13 - [TEST_STEP][PASSED] - if (m == ""): null

26-05-2025T09:37:13 - [TEST_STEP][PASSED] - dashboardName = "Выполнение бизнес-плана": null

26-05-2025T09:37:13 - [TEST_STEP][PASSED] - workbook01 = getWorkbook(excelFilePath): null

26-05-2025T09:37:13 - [TEST_STEP][PASSED] - sheet01 = getExcelSheet(workbook01, sheetName): null

26-05-2025T09:37:13 - [TEST_STEP][PASSED] - setValueToCellByIndex(sheet01, n, 0, dashboardName): null

26-05-2025T09:37:13 - [TEST_STEP][PASSED] - setValueToCellByIndex(sheet01, n, 1, dZO): null

26-05-2025T09:37:13 - [TEST_STEP][PASSED] - setValueToCellByIndex(sheet01, n, 2, typeOfData): null

26-05-2025T09:37:13 - [TEST_STEP][PASSED] - if (typeOfData == "Факт в процентах" || typeOfData == "План в процентах"): null

26-05-2025T09:37:13 - [TEST_STEP][PASSED] - else: null

26-05-2025T09:37:13 - [TEST_STEP][PASSED] - setValueToCellByIndex(sheet01, n, 3, fileInt): null

26-05-2025T09:37:13 - [TEST_STEP][PASSED] - setValueToCellByIndex(sheet01, n, 4, pageInt): null

26-05-2025T09:37:13 - [TEST_STEP][PASSED] - setValueToCellByIndex(sheet01, n, 5, m): null

26-05-2025T09:37:13 - [TEST_STEP][PASSED] - setValueToCellByIndex(sheet01, n, 6, y): null

26-05-2025T09:37:13 - [TEST_STEP][PASSED] - setValueToCellByIndex(sheet01, n, 7, todaysDate): null

26-05-2025T09:37:13 - [TEST_STEP][PASSED] - n = n + 1: null

26-05-2025T09:37:13 - [TEST_STEP][PASSED] - saveWorkbook(excelFilePath, workbook01): null

26-05-2025T09:37:14 - [TEST_STEP][PASSED] - compare = pagePoteri: null

26-05-2025T09:37:14 - [TEST_STEP][PASSED] - if (pageOtpuskVSet != null): null

26-05-2025T09:37:14 - [TEST_STEP][PASSED] - if (compare == filePoteri): null

26-05-2025T09:37:14 - [TEST_STEP][PASSED] - else if (compare > filePoteri): null

26-05-2025T09:37:14 - [TEST_STEP][PASSED] - else if (compare < filePoteri): null

26-05-2025T09:37:14 - [TEST_STEP][PASSED] - compare = compare + 1: null

26-05-2025T09:37:14 - [TEST_STEP][PASSED] - if (compare == filePoteri): null

26-05-2025T09:37:14 - [TEST_STEP][PASSED] - else: null

26-05-2025T09:37:14 - [TEST_STEP][PASSED] - numberOfErrors = numberOfErrors + 1: null

26-05-2025T09:37:14 - [TEST_STEP][PASSED] - pageInt = pagePoteri: null

26-05-2025T09:37:14 - [TEST_STEP][PASSED] - fileInt = filePoteri: null

26-05-2025T09:37:14 - [TEST_STEP][PASSED] - typeOfData = typeOfDataMain + " Потери": null

26-05-2025T09:37:14 - [TEST_STEP][PASSED] - Script1718980020443.WriteToExcel(a, typeOfData, todaysDate, pageInt, fileInt, pageDouble, fileDouble, dZO): null

26-05-2025T09:37:14 - [TEST_STEP][PASSED] - sheetName = "Sheet1": null

26-05-2025T09:37:14 - [TEST_STEP][PASSED] - data = findTestData("PlanFact"): null

26-05-2025T09:37:14 - [TEST_STEP][PASSED] - n = data.getRowNumbers() + 1: null

26-05-2025T09:37:14 - [TEST_STEP][PASSED] - day = ")).toInteger(): null

26-05-2025T09:37:14 - [TEST_STEP][PASSED] - println(day): null

26-05-2025T09:37:14 - [TEST_STEP][PASSED] - month = ")).toInteger(): null

26-05-2025T09:37:14 - [TEST_STEP][PASSED] - println(month): null

26-05-2025T09:37:14 - [TEST_STEP][PASSED] - y = <not implemented yet for class: org.codehaus.groovy.ast.expr.EmptyExpression>: null

26-05-2025T09:37:14 - [TEST_STEP][PASSED] - iy = <not implemented yet for class: org.codehaus.groovy.ast.expr.EmptyExpression>: null

26-05-2025T09:37:14 - [TEST_STEP][PASSED] - m = getText(findTestObject("Выполнение бизнес-плана/Период")): Text of object 'Object Repository/Выполнение бизнес-плана/Период' is: '1 кв. 2025 года'

26-05-2025T09:37:14 - [MESSAGE][PASSED] - Text of object 'Object Repository/Выполнение бизнес-плана/Период' is: '1 кв. 2025 года'

26-05-2025T09:37:14 - [TEST_STEP][PASSED] - iy = m.indexOf("20"): null

26-05-2025T09:37:14 - [TEST_STEP][PASSED] - if (iy > -1): null

26-05-2025T09:37:14 - [TEST_STEP][PASSED] - y = substring(iy, iy + 4).toInteger(): null

26-05-2025T09:37:14 - [TEST_STEP][PASSED] - println(y): null

26-05-2025T09:37:14 - [TEST_STEP][PASSED] - if (toString().length() == 4): null

26-05-2025T09:37:14 - [TEST_STEP][PASSED] - m = m.substring(0, m.indexOf(y.toString())): null

26-05-2025T09:37:14 - [TEST_STEP][PASSED] - m = m.trim(): null

26-05-2025T09:37:14 - [TEST_STEP][PASSED] - if (m == ""): null

26-05-2025T09:37:14 - [TEST_STEP][PASSED] - dashboardName = "Выполнение бизнес-плана": null

26-05-2025T09:37:14 - [TEST_STEP][PASSED] - workbook01 = getWorkbook(excelFilePath): null

26-05-2025T09:37:14 - [TEST_STEP][PASSED] - sheet01 = getExcelSheet(workbook01, sheetName): null

26-05-2025T09:37:14 - [TEST_STEP][PASSED] - setValueToCellByIndex(sheet01, n, 0, dashboardName): null

26-05-2025T09:37:14 - [TEST_STEP][PASSED] - setValueToCellByIndex(sheet01, n, 1, dZO): null

26-05-2025T09:37:14 - [TEST_STEP][PASSED] - setValueToCellByIndex(sheet01, n, 2, typeOfData): null

26-05-2025T09:37:14 - [TEST_STEP][PASSED] - if (typeOfData == "Факт в процентах" || typeOfData == "План в процентах"): null

26-05-2025T09:37:14 - [TEST_STEP][PASSED] - else: null

26-05-2025T09:37:14 - [TEST_STEP][PASSED] - setValueToCellByIndex(sheet01, n, 3, fileInt): null

26-05-2025T09:37:14 - [TEST_STEP][PASSED] - setValueToCellByIndex(sheet01, n, 4, pageInt): null

26-05-2025T09:37:14 - [TEST_STEP][PASSED] - setValueToCellByIndex(sheet01, n, 5, m): null

26-05-2025T09:37:14 - [TEST_STEP][PASSED] - setValueToCellByIndex(sheet01, n, 6, y): null

26-05-2025T09:37:14 - [TEST_STEP][PASSED] - setValueToCellByIndex(sheet01, n, 7, todaysDate): null

26-05-2025T09:37:14 - [TEST_STEP][PASSED] - n = n + 1: null

26-05-2025T09:37:14 - [TEST_STEP][PASSED] - saveWorkbook(excelFilePath, workbook01): null

26-05-2025T09:37:14 - [TEST_STEP][PASSED] - if (planFact == 2): null

26-05-2025T09:37:14 - [TEST_STEP][PASSED] - if (planFact == 1): null

26-05-2025T09:37:14 - [TEST_STEP][PASSED] - else if (planFact == 2): null

26-05-2025T09:37:14 - [TEST_STEP][PASSED] - click(findTestObject("Выполнение бизнес-плана/Кнопка План")): Object: 'Object Repository/Выполнение бизнес-плана/Кнопка План' is clicked on

26-05-2025T09:37:15 - [MESSAGE][PASSED] - Object: 'Object Repository/Выполнение бизнес-плана/Кнопка План' is clicked on

26-05-2025T09:37:15 - [TEST_STEP][PASSED] - typeOfDataMain = "План": null

26-05-2025T09:37:15 - [TEST_STEP][PASSED] - otpusk = findTestData("PlanFact").getValue(2, a): null

26-05-2025T09:37:15 - [TEST_STEP][PASSED] - poteri = findTestData("PlanFact").getValue(3, a): null

26-05-2025T09:37:15 - [TEST_STEP][PASSED] - otpusk = otpusk.replaceAll("\s+", ""): null

26-05-2025T09:37:15 - [TEST_STEP][PASSED] - poteri = poteri.replaceAll("\s+", ""): null

26-05-2025T09:37:15 - [TEST_STEP][PASSED] - typeOfData = typeOfDataMain + " Отпуск в сеть": null

26-05-2025T09:37:15 - [TEST_STEP][PASSED] - if (a == 82): null

26-05-2025T09:37:15 - [TEST_STEP][PASSED] - else if (a == 84): null

26-05-2025T09:37:15 - [TEST_STEP][PASSED] - else if (a == 83 || a == 52 || a == 72 || a == 28 || a == 73 || a == 77 || a == 74 || a == 65 || a == 36 || a == 44 || a == 53 || a == 80 || a == 54 || a == 1 || a == 18 || a == 59 || a == 81): null

26-05-2025T09:37:15 - [TEST_STEP][PASSED] - else: null

26-05-2025T09:37:15 - [TEST_STEP][PASSED] - path = dataFolder + typeOfData + " за отчётный период " + b: null

26-05-2025T09:37:15 - [TEST_STEP][PASSED] - println(path): null

26-05-2025T09:37:15 - [TEST_STEP][PASSED] - page = getText(findTestObject(path)): Text of object 'Object Repository/Выполнение бизнес-плана/Значения со страницы Выполнение бизнес-плана/План Отпуск в сеть за отчётный период филиал в Республике Коми' is: '881 608'

26-05-2025T09:37:15 - [MESSAGE][PASSED] - Text of object 'Object Repository/Выполнение бизнес-плана/Значения со страницы Выполнение бизнес-плана/План Отпуск в сеть за отчётный период филиал в Республике Коми' is: '881 608'

26-05-2025T09:37:15 - [TEST_STEP][PASSED] - if (page == "" || page == null): null

26-05-2025T09:37:15 - [TEST_STEP][PASSED] - else: null

26-05-2025T09:37:15 - [TEST_STEP][PASSED] - page = page.replaceAll("\s+", ""): null

26-05-2025T09:37:15 - [TEST_STEP][PASSED] - if (page == "undefined"): null

26-05-2025T09:37:15 - [TEST_STEP][PASSED] - fileOtpuskVSet = otpusk.toInteger(): null

26-05-2025T09:37:15 - [TEST_STEP][PASSED] - pageOtpuskVSet = page.toInteger(): null

26-05-2025T09:37:15 - [TEST_STEP][PASSED] - typeOfData = typeOfDataMain + " Потери": null

26-05-2025T09:37:15 - [TEST_STEP][PASSED] - if (a == 82): null

26-05-2025T09:37:15 - [TEST_STEP][PASSED] - else if (a == 84): null

26-05-2025T09:37:15 - [TEST_STEP][PASSED] - else if (a == 83 || a == 52 || a == 72 || a == 28 || a == 73 || a == 77 || a == 74 || a == 65 || a == 36 || a == 44 || a == 53 || a == 80 || a == 54 || a == 1 || a == 18 || a == 59 || a == 81): null

26-05-2025T09:37:15 - [TEST_STEP][PASSED] - else: null

26-05-2025T09:37:15 - [TEST_STEP][PASSED] - path = dataFolder + typeOfData + " за отчётный период " + b: null

26-05-2025T09:37:15 - [TEST_STEP][PASSED] - page = getText(findTestObject(path)): Text of object 'Object Repository/Выполнение бизнес-плана/Значения со страницы Выполнение бизнес-плана/План Потери за отчётный период филиал в Республике Коми' is: '57 813'

26-05-2025T09:37:15 - [MESSAGE][PASSED] - Text of object 'Object Repository/Выполнение бизнес-плана/Значения со страницы Выполнение бизнес-плана/План Потери за отчётный период филиал в Республике Коми' is: '57 813'

26-05-2025T09:37:15 - [TEST_STEP][PASSED] - if (page == "" || page == null): null

26-05-2025T09:37:15 - [TEST_STEP][PASSED] - else: null

26-05-2025T09:37:15 - [TEST_STEP][PASSED] - page = page.replaceAll("\s+", ""): null

26-05-2025T09:37:15 - [TEST_STEP][PASSED] - if (page == "undefined"): null

26-05-2025T09:37:15 - [TEST_STEP][PASSED] - filePoteri = poteri.toInteger(): null

26-05-2025T09:37:15 - [TEST_STEP][PASSED] - pagePoteri = page.toInteger(): null

26-05-2025T09:37:15 - [TEST_STEP][PASSED] - compare = pageOtpuskVSet: null

26-05-2025T09:37:15 - [TEST_STEP][PASSED] - if (pageOtpuskVSet != null): null

26-05-2025T09:37:15 - [TEST_STEP][PASSED] - if (compare == fileOtpuskVSet): null

26-05-2025T09:37:15 - [TEST_STEP][PASSED] - else if (compare > fileOtpuskVSet): null

26-05-2025T09:37:15 - [TEST_STEP][PASSED] - else if (compare < fileOtpuskVSet): null

26-05-2025T09:37:15 - [TEST_STEP][PASSED] - compare = compare + 1: null

26-05-2025T09:37:15 - [TEST_STEP][PASSED] - if (compare == fileOtpuskVSet): null

26-05-2025T09:37:15 - [TEST_STEP][PASSED] - else: null

26-05-2025T09:37:15 - [TEST_STEP][PASSED] - numberOfErrors = numberOfErrors + 1: null

26-05-2025T09:37:15 - [TEST_STEP][PASSED] - pageInt = pageOtpuskVSet: null

26-05-2025T09:37:15 - [TEST_STEP][PASSED] - fileInt = fileOtpuskVSet: null

26-05-2025T09:37:15 - [TEST_STEP][PASSED] - typeOfData = typeOfDataMain + " Отпуск в сеть": null

26-05-2025T09:37:15 - [TEST_STEP][PASSED] - Script1718980020443.WriteToExcel(a, typeOfData, todaysDate, pageInt, fileInt, pageDouble, fileDouble, dZO): null

26-05-2025T09:37:15 - [TEST_STEP][PASSED] - sheetName = "Sheet1": null

26-05-2025T09:37:15 - [TEST_STEP][PASSED] - data = findTestData("PlanFact"): null

26-05-2025T09:37:15 - [TEST_STEP][PASSED] - n = data.getRowNumbers() + 1: null

26-05-2025T09:37:15 - [TEST_STEP][PASSED] - day = ")).toInteger(): null

26-05-2025T09:37:15 - [TEST_STEP][PASSED] - println(day): null

26-05-2025T09:37:15 - [TEST_STEP][PASSED] - month = ")).toInteger(): null

26-05-2025T09:37:15 - [TEST_STEP][PASSED] - println(month): null

26-05-2025T09:37:15 - [TEST_STEP][PASSED] - y = <not implemented yet for class: org.codehaus.groovy.ast.expr.EmptyExpression>: null

26-05-2025T09:37:15 - [TEST_STEP][PASSED] - iy = <not implemented yet for class: org.codehaus.groovy.ast.expr.EmptyExpression>: null

26-05-2025T09:37:15 - [TEST_STEP][PASSED] - m = getText(findTestObject("Выполнение бизнес-плана/Период")): Text of object 'Object Repository/Выполнение бизнес-плана/Период' is: '1 кв. 2025 года'

26-05-2025T09:37:16 - [MESSAGE][PASSED] - Text of object 'Object Repository/Выполнение бизнес-плана/Период' is: '1 кв. 2025 года'

26-05-2025T09:37:16 - [TEST_STEP][PASSED] - iy = m.indexOf("20"): null

26-05-2025T09:37:16 - [TEST_STEP][PASSED] - if (iy > -1): null

26-05-2025T09:37:16 - [TEST_STEP][PASSED] - y = substring(iy, iy + 4).toInteger(): null

26-05-2025T09:37:16 - [TEST_STEP][PASSED] - println(y): null

26-05-2025T09:37:16 - [TEST_STEP][PASSED] - if (toString().length() == 4): null

26-05-2025T09:37:16 - [TEST_STEP][PASSED] - m = m.substring(0, m.indexOf(y.toString())): null

26-05-2025T09:37:16 - [TEST_STEP][PASSED] - m = m.trim(): null

26-05-2025T09:37:16 - [TEST_STEP][PASSED] - if (m == ""): null

26-05-2025T09:37:16 - [TEST_STEP][PASSED] - dashboardName = "Выполнение бизнес-плана": null

26-05-2025T09:37:16 - [TEST_STEP][PASSED] - workbook01 = getWorkbook(excelFilePath): null

26-05-2025T09:37:16 - [TEST_STEP][PASSED] - sheet01 = getExcelSheet(workbook01, sheetName): null

26-05-2025T09:37:16 - [TEST_STEP][PASSED] - setValueToCellByIndex(sheet01, n, 0, dashboardName): null

26-05-2025T09:37:16 - [TEST_STEP][PASSED] - setValueToCellByIndex(sheet01, n, 1, dZO): null

26-05-2025T09:37:16 - [TEST_STEP][PASSED] - setValueToCellByIndex(sheet01, n, 2, typeOfData): null

26-05-2025T09:37:16 - [TEST_STEP][PASSED] - if (typeOfData == "Факт в процентах" || typeOfData == "План в процентах"): null

26-05-2025T09:37:16 - [TEST_STEP][PASSED] - else: null

26-05-2025T09:37:16 - [TEST_STEP][PASSED] - setValueToCellByIndex(sheet01, n, 3, fileInt): null

26-05-2025T09:37:16 - [TEST_STEP][PASSED] - setValueToCellByIndex(sheet01, n, 4, pageInt): null

26-05-2025T09:37:16 - [TEST_STEP][PASSED] - setValueToCellByIndex(sheet01, n, 5, m): null

26-05-2025T09:37:16 - [TEST_STEP][PASSED] - setValueToCellByIndex(sheet01, n, 6, y): null

26-05-2025T09:37:16 - [TEST_STEP][PASSED] - setValueToCellByIndex(sheet01, n, 7, todaysDate): null

26-05-2025T09:37:16 - [TEST_STEP][PASSED] - n = n + 1: null

26-05-2025T09:37:16 - [TEST_STEP][PASSED] - saveWorkbook(excelFilePath, workbook01): null

26-05-2025T09:37:16 - [TEST_STEP][PASSED] - compare = pagePoteri: null

26-05-2025T09:37:16 - [TEST_STEP][PASSED] - if (pageOtpuskVSet != null): null

26-05-2025T09:37:16 - [TEST_STEP][PASSED] - if (compare == filePoteri): null

26-05-2025T09:37:16 - [TEST_STEP][PASSED] - else if (compare > filePoteri): null

26-05-2025T09:37:16 - [TEST_STEP][PASSED] - else if (compare < filePoteri): null

26-05-2025T09:37:16 - [TEST_STEP][PASSED] - compare = compare + 1: null

26-05-2025T09:37:16 - [TEST_STEP][PASSED] - if (compare == filePoteri): null

26-05-2025T09:37:16 - [TEST_STEP][PASSED] - else: null

26-05-2025T09:37:16 - [TEST_STEP][PASSED] - numberOfErrors = numberOfErrors + 1: null

26-05-2025T09:37:16 - [TEST_STEP][PASSED] - pageInt = pagePoteri: null

26-05-2025T09:37:16 - [TEST_STEP][PASSED] - fileInt = filePoteri: null

26-05-2025T09:37:16 - [TEST_STEP][PASSED] - typeOfData = typeOfDataMain + " Потери": null

26-05-2025T09:37:16 - [TEST_STEP][PASSED] - Script1718980020443.WriteToExcel(a, typeOfData, todaysDate, pageInt, fileInt, pageDouble, fileDouble, dZO): null

26-05-2025T09:37:16 - [TEST_STEP][PASSED] - sheetName = "Sheet1": null

26-05-2025T09:37:16 - [TEST_STEP][PASSED] - data = findTestData("PlanFact"): null

26-05-2025T09:37:16 - [TEST_STEP][PASSED] - n = data.getRowNumbers() + 1: null

26-05-2025T09:37:16 - [TEST_STEP][PASSED] - day = ")).toInteger(): null

26-05-2025T09:37:16 - [TEST_STEP][PASSED] - println(day): null

26-05-2025T09:37:16 - [TEST_STEP][PASSED] - month = ")).toInteger(): null

26-05-2025T09:37:16 - [TEST_STEP][PASSED] - println(month): null

26-05-2025T09:37:16 - [TEST_STEP][PASSED] - y = <not implemented yet for class: org.codehaus.groovy.ast.expr.EmptyExpression>: null

26-05-2025T09:37:16 - [TEST_STEP][PASSED] - iy = <not implemented yet for class: org.codehaus.groovy.ast.expr.EmptyExpression>: null

26-05-2025T09:37:16 - [TEST_STEP][PASSED] - m = getText(findTestObject("Выполнение бизнес-плана/Период")): Text of object 'Object Repository/Выполнение бизнес-плана/Период' is: '1 кв. 2025 года'

26-05-2025T09:37:16 - [MESSAGE][PASSED] - Text of object 'Object Repository/Выполнение бизнес-плана/Период' is: '1 кв. 2025 года'

26-05-2025T09:37:16 - [TEST_STEP][PASSED] - iy = m.indexOf("20"): null

26-05-2025T09:37:16 - [TEST_STEP][PASSED] - if (iy > -1): null

26-05-2025T09:37:16 - [TEST_STEP][PASSED] - y = substring(iy, iy + 4).toInteger(): null

26-05-2025T09:37:16 - [TEST_STEP][PASSED] - println(y): null

26-05-2025T09:37:16 - [TEST_STEP][PASSED] - if (toString().length() == 4): null

26-05-2025T09:37:16 - [TEST_STEP][PASSED] - m = m.substring(0, m.indexOf(y.toString())): null

26-05-2025T09:37:16 - [TEST_STEP][PASSED] - m = m.trim(): null

26-05-2025T09:37:16 - [TEST_STEP][PASSED] - if (m == ""): null

26-05-2025T09:37:16 - [TEST_STEP][PASSED] - dashboardName = "Выполнение бизнес-плана": null

26-05-2025T09:37:16 - [TEST_STEP][PASSED] - workbook01 = getWorkbook(excelFilePath): null

26-05-2025T09:37:16 - [TEST_STEP][PASSED] - sheet01 = getExcelSheet(workbook01, sheetName): null

26-05-2025T09:37:16 - [TEST_STEP][PASSED] - setValueToCellByIndex(sheet01, n, 0, dashboardName): null

26-05-2025T09:37:16 - [TEST_STEP][PASSED] - setValueToCellByIndex(sheet01, n, 1, dZO): null

26-05-2025T09:37:16 - [TEST_STEP][PASSED] - setValueToCellByIndex(sheet01, n, 2, typeOfData): null

26-05-2025T09:37:16 - [TEST_STEP][PASSED] - if (typeOfData == "Факт в процентах" || typeOfData == "План в процентах"): null

26-05-2025T09:37:16 - [TEST_STEP][PASSED] - else: null

26-05-2025T09:37:16 - [TEST_STEP][PASSED] - setValueToCellByIndex(sheet01, n, 3, fileInt): null

26-05-2025T09:37:16 - [TEST_STEP][PASSED] - setValueToCellByIndex(sheet01, n, 4, pageInt): null

26-05-2025T09:37:16 - [TEST_STEP][PASSED] - setValueToCellByIndex(sheet01, n, 5, m): null

26-05-2025T09:37:16 - [TEST_STEP][PASSED] - setValueToCellByIndex(sheet01, n, 6, y): null

26-05-2025T09:37:16 - [TEST_STEP][PASSED] - setValueToCellByIndex(sheet01, n, 7, todaysDate): null

26-05-2025T09:37:16 - [TEST_STEP][PASSED] - n = n + 1: null

26-05-2025T09:37:16 - [TEST_STEP][PASSED] - saveWorkbook(excelFilePath, workbook01): Object: 'Object Repository/Выполнение бизнес-плана/Кнопка Факт' is clicked on

26-05-2025T09:37:17 - [TEST_STEP][PASSED] - if (planFact == 2): Object: 'Object Repository/Выполнение бизнес-плана/Кнопка Факт' is clicked on

26-05-2025T09:37:17 - [TEST_STEP][PASSED] - click(findTestObject("Выполнение бизнес-плана/Кнопка Факт")): Object: 'Object Repository/Выполнение бизнес-плана/Кнопка Факт' is clicked on

26-05-2025T09:37:17 - [MESSAGE][PASSED] - Object: 'Object Repository/Выполнение бизнес-плана/Кнопка Факт' is clicked on

26-05-2025T09:37:17 - [TEST_STEP][PASSED] - println("a=" + a): null

26-05-2025T09:37:17 - [TEST_STEP][PASSED] - if (a == 84 || a == 82): null

26-05-2025T09:37:17 - [TEST_STEP][PASSED] - else if (a == 83 || a == 52 || a == 72 || a == 28 || a == 73 || a == 77 || a == 74 || a == 65 || a == 36 || a == 44 || a == 53 || a == 80 || a == 54 || a == 1 || a == 18 || a == 59 || a == 81): null

26-05-2025T09:37:17 - [TEST_STEP][PASSED] - else: null

26-05-2025T09:37:17 - [TEST_STEP][PASSED] - page1 = getText(findTestObject("Object Repository/Выполнение бизнес-плана/spanPlan" + filialNum)): Text of object 'Object Repository/Выполнение бизнес-плана/spanPlan7' is: '6.56
|'

26-05-2025T09:37:17 - [MESSAGE][PASSED] - Text of object 'Object Repository/Выполнение бизнес-плана/spanPlan7' is: '6.56
|'

26-05-2025T09:37:17 - [TEST_STEP][PASSED] - if (page1 == null): null

26-05-2025T09:37:17 - [TEST_STEP][PASSED] - else: null

26-05-2025T09:37:17 - [TEST_STEP][PASSED] - page1 = page1.replace("|", ""): null

26-05-2025T09:37:17 - [TEST_STEP][PASSED] - page2 = getText(findTestObject("Object Repository/Выполнение бизнес-плана/spanFact" + filialNum)): Text of object 'Object Repository/Выполнение бизнес-плана/spanFact7' is: '5.41
|'

26-05-2025T09:37:18 - [MESSAGE][PASSED] - Text of object 'Object Repository/Выполнение бизнес-плана/spanFact7' is: '5.41
|'

26-05-2025T09:37:18 - [TEST_STEP][PASSED] - if (page2 == null): null

26-05-2025T09:37:18 - [TEST_STEP][PASSED] - else: null

26-05-2025T09:37:18 - [TEST_STEP][PASSED] - page2 = page2.replace("|", ""): null

26-05-2025T09:37:18 - [TEST_STEP][PASSED] - println("page1: " + page1): null

26-05-2025T09:37:18 - [TEST_STEP][PASSED] - println("page2: " + page2): null

26-05-2025T09:37:18 - [TEST_STEP][PASSED] - file = findTestData("PlanFact").getValue(4, a): null

26-05-2025T09:37:18 - [TEST_STEP][PASSED] - file = file.replace(",", "."): null

26-05-2025T09:37:18 - [TEST_STEP][PASSED] - println("file Plan: " + file): null

26-05-2025T09:37:18 - [TEST_STEP][PASSED] - typeOfData = "План в процентах": null

26-05-2025T09:37:18 - [TEST_STEP][PASSED] - fileDouble = file.toDouble(): null

26-05-2025T09:37:18 - [TEST_STEP][PASSED] - pageDouble = page1.toDouble(): null

26-05-2025T09:37:18 - [TEST_STEP][PASSED] - if (fileDouble != pageDouble): null

26-05-2025T09:37:18 - [TEST_STEP][PASSED] - numberOfErrors = numberOfErrors + 1: null

26-05-2025T09:37:18 - [TEST_STEP][PASSED] - Script1718980020443.WriteToExcel(a, typeOfData, todaysDate, pageInt, fileInt, pageDouble, fileDouble, dZO): null

26-05-2025T09:37:18 - [TEST_STEP][PASSED] - sheetName = "Sheet1": null

26-05-2025T09:37:18 - [TEST_STEP][PASSED] - data = findTestData("PlanFact"): null

26-05-2025T09:37:18 - [TEST_STEP][PASSED] - n = data.getRowNumbers() + 1: null

26-05-2025T09:37:18 - [TEST_STEP][PASSED] - day = ")).toInteger(): null

26-05-2025T09:37:18 - [TEST_STEP][PASSED] - println(day): null

26-05-2025T09:37:18 - [TEST_STEP][PASSED] - month = ")).toInteger(): null

26-05-2025T09:37:18 - [TEST_STEP][PASSED] - println(month): null

26-05-2025T09:37:18 - [TEST_STEP][PASSED] - y = <not implemented yet for class: org.codehaus.groovy.ast.expr.EmptyExpression>: null

26-05-2025T09:37:18 - [TEST_STEP][PASSED] - iy = <not implemented yet for class: org.codehaus.groovy.ast.expr.EmptyExpression>: null

26-05-2025T09:37:18 - [TEST_STEP][PASSED] - m = getText(findTestObject("Выполнение бизнес-плана/Период")): Text of object 'Object Repository/Выполнение бизнес-плана/Период' is: '1 кв. 2025 года'

26-05-2025T09:37:18 - [MESSAGE][PASSED] - Text of object 'Object Repository/Выполнение бизнес-плана/Период' is: '1 кв. 2025 года'

26-05-2025T09:37:18 - [TEST_STEP][PASSED] - iy = m.indexOf("20"): null

26-05-2025T09:37:18 - [TEST_STEP][PASSED] - if (iy > -1): null

26-05-2025T09:37:18 - [TEST_STEP][PASSED] - y = substring(iy, iy + 4).toInteger(): null

26-05-2025T09:37:18 - [TEST_STEP][PASSED] - println(y): null

26-05-2025T09:37:18 - [TEST_STEP][PASSED] - if (toString().length() == 4): null

26-05-2025T09:37:18 - [TEST_STEP][PASSED] - m = m.substring(0, m.indexOf(y.toString())): null

26-05-2025T09:37:18 - [TEST_STEP][PASSED] - m = m.trim(): null

26-05-2025T09:37:18 - [TEST_STEP][PASSED] - if (m == ""): null

26-05-2025T09:37:18 - [TEST_STEP][PASSED] - dashboardName = "Выполнение бизнес-плана": null

26-05-2025T09:37:18 - [TEST_STEP][PASSED] - workbook01 = getWorkbook(excelFilePath): null

26-05-2025T09:37:18 - [TEST_STEP][PASSED] - sheet01 = getExcelSheet(workbook01, sheetName): null

26-05-2025T09:37:18 - [TEST_STEP][PASSED] - setValueToCellByIndex(sheet01, n, 0, dashboardName): null

26-05-2025T09:37:18 - [TEST_STEP][PASSED] - setValueToCellByIndex(sheet01, n, 1, dZO): null

26-05-2025T09:37:18 - [TEST_STEP][PASSED] - setValueToCellByIndex(sheet01, n, 2, typeOfData): null

26-05-2025T09:37:18 - [TEST_STEP][PASSED] - if (typeOfData == "Факт в процентах" || typeOfData == "План в процентах"): null

26-05-2025T09:37:18 - [TEST_STEP][PASSED] - setValueToCellByIndex(sheet01, n, 3, fileDouble): null

26-05-2025T09:37:18 - [TEST_STEP][PASSED] - setValueToCellByIndex(sheet01, n, 4, pageDouble): null

26-05-2025T09:37:18 - [TEST_STEP][PASSED] - setValueToCellByIndex(sheet01, n, 5, m): null

26-05-2025T09:37:18 - [TEST_STEP][PASSED] - setValueToCellByIndex(sheet01, n, 6, y): null

26-05-2025T09:37:18 - [TEST_STEP][PASSED] - setValueToCellByIndex(sheet01, n, 7, todaysDate): null

26-05-2025T09:37:18 - [TEST_STEP][PASSED] - n = n + 1: null

26-05-2025T09:37:18 - [TEST_STEP][PASSED] - saveWorkbook(excelFilePath, workbook01): null

26-05-2025T09:37:18 - [TEST_STEP][PASSED] - file = findTestData("PlanFact").getValue(7, a): null

26-05-2025T09:37:18 - [TEST_STEP][PASSED] - file = file.replace(",", "."): null

26-05-2025T09:37:18 - [TEST_STEP][PASSED] - println("file Fact: " + file): null

26-05-2025T09:37:18 - [TEST_STEP][PASSED] - fileDouble = file.toDouble(): null

26-05-2025T09:37:18 - [TEST_STEP][PASSED] - typeOfData = "Факт в процентах": null

26-05-2025T09:37:18 - [TEST_STEP][PASSED] - fileDouble = file.toDouble(): null

26-05-2025T09:37:18 - [TEST_STEP][PASSED] - pageDouble = page2.toDouble(): null

26-05-2025T09:37:18 - [TEST_STEP][PASSED] - if (fileDouble != pageDouble): null

26-05-2025T09:37:18 - [TEST_STEP][PASSED] - numberOfErrors = numberOfErrors + 1: null

26-05-2025T09:37:18 - [TEST_STEP][PASSED] - Script1718980020443.WriteToExcel(a, typeOfData, todaysDate, pageInt, fileInt, pageDouble, fileDouble, dZO): null

26-05-2025T09:37:18 - [TEST_STEP][PASSED] - sheetName = "Sheet1": null

26-05-2025T09:37:18 - [TEST_STEP][PASSED] - data = findTestData("PlanFact"): null

26-05-2025T09:37:18 - [TEST_STEP][PASSED] - n = data.getRowNumbers() + 1: null

26-05-2025T09:37:18 - [TEST_STEP][PASSED] - day = ")).toInteger(): null

26-05-2025T09:37:18 - [TEST_STEP][PASSED] - println(day): null

26-05-2025T09:37:18 - [TEST_STEP][PASSED] - month = ")).toInteger(): null

26-05-2025T09:37:18 - [TEST_STEP][PASSED] - println(month): null

26-05-2025T09:37:18 - [TEST_STEP][PASSED] - y = <not implemented yet for class: org.codehaus.groovy.ast.expr.EmptyExpression>: null

26-05-2025T09:37:18 - [TEST_STEP][PASSED] - iy = <not implemented yet for class: org.codehaus.groovy.ast.expr.EmptyExpression>: null

26-05-2025T09:37:18 - [TEST_STEP][PASSED] - m = getText(findTestObject("Выполнение бизнес-плана/Период")): Text of object 'Object Repository/Выполнение бизнес-плана/Период' is: '1 кв. 2025 года'

26-05-2025T09:37:19 - [MESSAGE][PASSED] - Text of object 'Object Repository/Выполнение бизнес-плана/Период' is: '1 кв. 2025 года'

26-05-2025T09:37:19 - [TEST_STEP][PASSED] - iy = m.indexOf("20"): null

26-05-2025T09:37:19 - [TEST_STEP][PASSED] - if (iy > -1): null

26-05-2025T09:37:19 - [TEST_STEP][PASSED] - y = substring(iy, iy + 4).toInteger(): null

26-05-2025T09:37:19 - [TEST_STEP][PASSED] - println(y): null

26-05-2025T09:37:19 - [TEST_STEP][PASSED] - if (toString().length() == 4): null

26-05-2025T09:37:19 - [TEST_STEP][PASSED] - m = m.substring(0, m.indexOf(y.toString())): null

26-05-2025T09:37:19 - [TEST_STEP][PASSED] - m = m.trim(): null

26-05-2025T09:37:19 - [TEST_STEP][PASSED] - if (m == ""): null

26-05-2025T09:37:19 - [TEST_STEP][PASSED] - dashboardName = "Выполнение бизнес-плана": null

26-05-2025T09:37:19 - [TEST_STEP][PASSED] - workbook01 = getWorkbook(excelFilePath): null

26-05-2025T09:37:19 - [TEST_STEP][PASSED] - sheet01 = getExcelSheet(workbook01, sheetName): null

26-05-2025T09:37:19 - [TEST_STEP][PASSED] - setValueToCellByIndex(sheet01, n, 0, dashboardName): null

26-05-2025T09:37:19 - [TEST_STEP][PASSED] - setValueToCellByIndex(sheet01, n, 1, dZO): null

26-05-2025T09:37:19 - [TEST_STEP][PASSED] - setValueToCellByIndex(sheet01, n, 2, typeOfData): null

26-05-2025T09:37:19 - [TEST_STEP][PASSED] - if (typeOfData == "Факт в процентах" || typeOfData == "План в процентах"): null

26-05-2025T09:37:19 - [TEST_STEP][PASSED] - setValueToCellByIndex(sheet01, n, 3, fileDouble): null

26-05-2025T09:37:19 - [TEST_STEP][PASSED] - setValueToCellByIndex(sheet01, n, 4, pageDouble): null

26-05-2025T09:37:19 - [TEST_STEP][PASSED] - setValueToCellByIndex(sheet01, n, 5, m): null

26-05-2025T09:37:19 - [TEST_STEP][PASSED] - setValueToCellByIndex(sheet01, n, 6, y): null

26-05-2025T09:37:19 - [TEST_STEP][PASSED] - setValueToCellByIndex(sheet01, n, 7, todaysDate): null

26-05-2025T09:37:19 - [TEST_STEP][PASSED] - n = n + 1: null

26-05-2025T09:37:19 - [TEST_STEP][PASSED] - saveWorkbook(excelFilePath, workbook01): null

26-05-2025T09:37:19 - [TEST_STEP][FAILED] - if (verifyEqual(numberOfErrors, 0) == false): null

26-05-2025T09:37:19 - [MESSAGE][FAILED] - Unable to verify equal between actual object '6' and expected object '0' (Root cause: com.kms.katalon.core.exception.StepFailedException: Actual object '6' and expected object '0' are not equal
	at com.kms.katalon.core.keyword.builtin.VerifyEqualKeyword$_verifyEqual_closure1.doCall(VerifyEqualKeyword.groovy:58)
	at com.kms.katalon.core.keyword.builtin.VerifyEqualKeyword$_verifyEqual_closure1.call(VerifyEqualKeyword.groovy)
	at com.kms.katalon.core.keyword.internal.KeywordMain.runKeyword(KeywordMain.groovy:75)
	at com.kms.katalon.core.keyword.builtin.VerifyEqualKeyword.verifyEqual(VerifyEqualKeyword.groovy:63)
	at com.kms.katalon.core.keyword.builtin.VerifyEqualKeyword.execute(VerifyEqualKeyword.groovy:44)
	at com.kms.katalon.core.keyword.internal.KeywordExecutor.executeKeywordForPlatform(KeywordExecutor.groovy:74)
	at com.kms.katalon.core.keyword.BuiltinKeywords.verifyEqual(BuiltinKeywords.groovy:146)
	at jdk.internal.reflect.GeneratedMethodAccessor23.invoke(Unknown Source)
	at java.base/jdk.internal.reflect.DelegatingMethodAccessorImpl.invoke(DelegatingMethodAccessorImpl.java:43)
	at Выполнение бизнес-плана Сверка ПАО Россети все филиалы.Numbers(Выполнение бизнес-плана Сверка ПАО Россети все филиалы:749)
	at Выполнение бизнес-плана Сверка ПАО Россети все филиалы.Filials(Выполнение бизнес-плана Сверка ПАО Россети все филиалы:1560)
	at Выполнение бизнес-плана Сверка ПАО Россети все филиалы.Numbers(Выполнение бизнес-плана Сверка ПАО Россети все филиалы:756)
	at Выполнение бизнес-плана Сверка ПАО Россети все филиалы.run(Выполнение бизнес-плана Сверка ПАО Россети все филиалы:297)
	at com.kms.katalon.core.main.ScriptEngine.run(ScriptEngine.java:194)
	at com.kms.katalon.core.main.ScriptEngine.runScriptAsRawText(ScriptEngine.java:119)
	at com.kms.katalon.core.main.TestCaseExecutor.runScript(TestCaseExecutor.java:448)
	at com.kms.katalon.core.main.TestCaseExecutor.doExecute(TestCaseExecutor.java:439)
	at com.kms.katalon.core.main.TestCaseExecutor.processExecutionPhase(TestCaseExecutor.java:418)
	at com.kms.katalon.core.main.TestCaseExecutor.accessMainPhase(TestCaseExecutor.java:410)
	at com.kms.katalon.core.main.TestCaseExecutor.execute(TestCaseExecutor.java:285)
	at com.kms.katalon.core.common.CommonExecutor.accessTestCaseMainPhase(CommonExecutor.java:65)
	at com.kms.katalon.core.main.TestSuiteExecutor.accessTestSuiteMainPhase(TestSuiteExecutor.java:150)
	at com.kms.katalon.core.main.TestSuiteExecutor.execute(TestSuiteExecutor.java:106)
	at com.kms.katalon.core.main.TestCaseMain.startTestSuite(TestCaseMain.java:180)
	at TempTestSuite1748228991768.run(TempTestSuite1748228991768.groovy:35)
	at java.base/jdk.internal.reflect.NativeMethodAccessorImpl.invoke0(Native Method)
	at java.base/jdk.internal.reflect.NativeMethodAccessorImpl.invoke(NativeMethodAccessorImpl.java:77)
	at java.base/jdk.internal.reflect.DelegatingMethodAccessorImpl.invoke(DelegatingMethodAccessorImpl.java:43)
)

26-05-2025T09:37:19 - [TEST_STEP][PASSED] - println(numberOfErrors): null

26-05-2025T09:37:19 - [TEST_STEP][PASSED] - println("a=" + a): null

26-05-2025T09:37:19 - [TEST_STEP][PASSED] - if (a == 28 || a == 77 || a == 74 || a == 65 || a == 36 || a == 44 || a == 54 || a == 1 || a == 18 || a == 59): null

26-05-2025T09:37:19 - [TEST_STEP][PASSED] - if (a == 82): null

26-05-2025T09:37:19 - [TEST_STEP][PASSED] - filialNum = 0: null

26-05-2025T09:37:19 - [TEST_STEP][PASSED] - if (a == 44): null

26-05-2025T09:37:19 - [TEST_STEP][PASSED] - if (a == 54): null

26-05-2025T09:37:19 - [TEST_STEP][PASSED] - if (a == 59): null

26-05-2025T09:37:19 - [TEST_STEP][PASSED] - Script1718980020443.OpenFilter(): null

26-05-2025T09:37:19 - [TEST_STEP][PASSED] - click(findTestObject("Object Repository/Выполнение бизнес-плана/Фильтр ДЗО")): Object: 'Object Repository/Выполнение бизнес-плана/Фильтр ДЗО' is clicked on

26-05-2025T09:37:19 - [MESSAGE][PASSED] - Object: 'Object Repository/Выполнение бизнес-плана/Фильтр ДЗО' is clicked on

26-05-2025T09:37:19 - [TEST_STEP][PASSED] - click(findTestObject("Выполнение бизнес-плана/Снять выделение в фильтре ДЗО")): Object: 'Object Repository/Выполнение бизнес-плана/Снять выделение в фильтре ДЗО' is clicked on

26-05-2025T09:37:20 - [MESSAGE][PASSED] - Object: 'Object Repository/Выполнение бизнес-плана/Снять выделение в фильтре ДЗО' is clicked on

26-05-2025T09:37:20 - [TEST_STEP][PASSED] - Script1718980020443.CloseFilter(): null

26-05-2025T09:37:20 - [TEST_STEP][PASSED] - scrollToElement(findTestObject("Выполнение бизнес-плана/Заголовок дашборда"), 30): Scroll to object 'Object Repository/Выполнение бизнес-плана/Заголовок дашборда' successfully

26-05-2025T09:37:20 - [MESSAGE][PASSED] - Scroll to object 'Object Repository/Выполнение бизнес-плана/Заголовок дашборда' successfully

26-05-2025T09:37:20 - [TEST_STEP][PASSED] - click(findTestObject("Object Repository/Выполнение бизнес-плана/Применить в фильтре ДЗО")): Object: 'Object Repository/Выполнение бизнес-плана/Применить в фильтре ДЗО' is clicked on

26-05-2025T09:37:21 - [MESSAGE][PASSED] - Object: 'Object Repository/Выполнение бизнес-плана/Применить в фильтре ДЗО' is clicked on

26-05-2025T09:37:21 - [TEST_STEP][PASSED] - delay(20): Delayed 20 second(s)

26-05-2025T09:37:41 - [MESSAGE][PASSED] - Delayed 20 second(s)

26-05-2025T09:37:41 - [TEST_STEP][PASSED] - if (a == 82): null

26-05-2025T09:37:41 - [TEST_STEP][PASSED] - println(dzoNum): null

26-05-2025T09:37:41 - [TEST_STEP][PASSED] - dZO = "Россети Сибирь": null

26-05-2025T09:37:41 - [TEST_STEP][PASSED] - a = 44: null

26-05-2025T09:37:41 - [TEST_STEP][PASSED] - if (x1.contains("Сибирь")): null

26-05-2025T09:37:41 - [TEST_STEP][PASSED] - else: null

26-05-2025T09:37:41 - [TEST_STEP][PASSED] - Script1718980020443.NoData(a, typeOfData, todaysDate, fileInt, fileDouble, dZO): null

26-05-2025T09:37:41 - [TEST_STEP][PASSED] - println(a): null

26-05-2025T09:37:41 - [TEST_STEP][PASSED] - println(todaysDate): null

26-05-2025T09:37:41 - [TEST_STEP][PASSED] - println(fileInt): null

26-05-2025T09:37:41 - [TEST_STEP][PASSED] - println(fileDouble): null

26-05-2025T09:37:41 - [TEST_STEP][PASSED] - println(dZO): null

26-05-2025T09:37:41 - [TEST_STEP][PASSED] - typeOfData = "Факт Отпуск в сеть": null

26-05-2025T09:37:41 - [TEST_STEP][PASSED] - fileInt = replaceAll("\s+", "").toInteger(): null

26-05-2025T09:37:41 - [TEST_STEP][PASSED] - Script1718980020443.WriteToExcelNoData(a, typeOfData, todaysDate, fileInt, fileDouble, dZO): null

26-05-2025T09:37:41 - [TEST_STEP][PASSED] - sheetName = "Sheet1": null

26-05-2025T09:37:41 - [TEST_STEP][PASSED] - data = findTestData("PlanFact"): null

26-05-2025T09:37:41 - [TEST_STEP][PASSED] - n = data.getRowNumbers() + 1: null

26-05-2025T09:37:41 - [TEST_STEP][PASSED] - day = ")).toInteger(): null

26-05-2025T09:37:41 - [TEST_STEP][PASSED] - println(day): null

26-05-2025T09:37:41 - [TEST_STEP][PASSED] - month = ")).toInteger(): null

26-05-2025T09:37:41 - [TEST_STEP][PASSED] - println(month): null

26-05-2025T09:37:41 - [TEST_STEP][PASSED] - y = <not implemented yet for class: org.codehaus.groovy.ast.expr.EmptyExpression>: null

26-05-2025T09:37:41 - [TEST_STEP][PASSED] - iy = <not implemented yet for class: org.codehaus.groovy.ast.expr.EmptyExpression>: null

26-05-2025T09:37:41 - [TEST_STEP][PASSED] - m = getText(findTestObject("Выполнение бизнес-плана/Период")): Text of object 'Object Repository/Выполнение бизнес-плана/Период' is: '1 кв. 2025 года'

26-05-2025T09:37:42 - [MESSAGE][PASSED] - Text of object 'Object Repository/Выполнение бизнес-плана/Период' is: '1 кв. 2025 года'

26-05-2025T09:37:42 - [TEST_STEP][PASSED] - iy = m.indexOf("20"): null

26-05-2025T09:37:42 - [TEST_STEP][PASSED] - if (iy > -1): null

26-05-2025T09:37:42 - [TEST_STEP][PASSED] - y = substring(iy, iy + 4).toInteger(): null

26-05-2025T09:37:42 - [TEST_STEP][PASSED] - println(y): null

26-05-2025T09:37:42 - [TEST_STEP][PASSED] - if (toString().length() == 4): null

26-05-2025T09:37:42 - [TEST_STEP][PASSED] - m = m.substring(0, m.indexOf(y.toString())): null

26-05-2025T09:37:42 - [TEST_STEP][PASSED] - m = m.trim(): null

26-05-2025T09:37:42 - [TEST_STEP][PASSED] - if (m == ""): null

26-05-2025T09:37:42 - [TEST_STEP][PASSED] - dashboardName = "Выполнение бизнес-плана": null

26-05-2025T09:37:42 - [TEST_STEP][PASSED] - workbook01 = getWorkbook(excelFilePath): null

26-05-2025T09:37:42 - [TEST_STEP][PASSED] - sheet01 = getExcelSheet(workbook01, sheetName): null

26-05-2025T09:37:42 - [TEST_STEP][PASSED] - setValueToCellByIndex(sheet01, n, 0, dashboardName): null

26-05-2025T09:37:42 - [TEST_STEP][PASSED] - setValueToCellByIndex(sheet01, n, 1, dZO): null

26-05-2025T09:37:42 - [TEST_STEP][PASSED] - setValueToCellByIndex(sheet01, n, 2, typeOfData): null

26-05-2025T09:37:42 - [TEST_STEP][PASSED] - if (typeOfData == "Факт в процентах" || typeOfData == "План в процентах"): null

26-05-2025T09:37:42 - [TEST_STEP][PASSED] - else: null

26-05-2025T09:37:42 - [TEST_STEP][PASSED] - setValueToCellByIndex(sheet01, n, 3, fileInt): null

26-05-2025T09:37:42 - [TEST_STEP][PASSED] - setValueToCellByIndex(sheet01, n, 4, "нет данных"): null

26-05-2025T09:37:42 - [TEST_STEP][PASSED] - setValueToCellByIndex(sheet01, n, 5, m): null

26-05-2025T09:37:42 - [TEST_STEP][PASSED] - setValueToCellByIndex(sheet01, n, 6, y): null

26-05-2025T09:37:42 - [TEST_STEP][PASSED] - setValueToCellByIndex(sheet01, n, 7, todaysDate): null

26-05-2025T09:37:42 - [TEST_STEP][PASSED] - n = n + 1: null

26-05-2025T09:37:42 - [TEST_STEP][PASSED] - saveWorkbook(excelFilePath, workbook01): null

26-05-2025T09:37:42 - [TEST_STEP][PASSED] - typeOfData = "Факт Потери": null

26-05-2025T09:37:42 - [TEST_STEP][PASSED] - fileInt = replaceAll("\s+", "").toInteger(): null

26-05-2025T09:37:42 - [TEST_STEP][PASSED] - Script1718980020443.WriteToExcelNoData(a, typeOfData, todaysDate, fileInt, fileDouble, dZO): null

26-05-2025T09:37:42 - [TEST_STEP][PASSED] - sheetName = "Sheet1": null

26-05-2025T09:37:42 - [TEST_STEP][PASSED] - data = findTestData("PlanFact"): null

26-05-2025T09:37:42 - [TEST_STEP][PASSED] - n = data.getRowNumbers() + 1: null

26-05-2025T09:37:42 - [TEST_STEP][PASSED] - day = ")).toInteger(): null

26-05-2025T09:37:42 - [TEST_STEP][PASSED] - println(day): null

26-05-2025T09:37:42 - [TEST_STEP][PASSED] - month = ")).toInteger(): null

26-05-2025T09:37:42 - [TEST_STEP][PASSED] - println(month): null

26-05-2025T09:37:42 - [TEST_STEP][PASSED] - y = <not implemented yet for class: org.codehaus.groovy.ast.expr.EmptyExpression>: null

26-05-2025T09:37:42 - [TEST_STEP][PASSED] - iy = <not implemented yet for class: org.codehaus.groovy.ast.expr.EmptyExpression>: null

26-05-2025T09:37:42 - [TEST_STEP][PASSED] - m = getText(findTestObject("Выполнение бизнес-плана/Период")): Text of object 'Object Repository/Выполнение бизнес-плана/Период' is: '1 кв. 2025 года'

26-05-2025T09:37:42 - [MESSAGE][PASSED] - Text of object 'Object Repository/Выполнение бизнес-плана/Период' is: '1 кв. 2025 года'

26-05-2025T09:37:42 - [TEST_STEP][PASSED] - iy = m.indexOf("20"): null

26-05-2025T09:37:42 - [TEST_STEP][PASSED] - if (iy > -1): null

26-05-2025T09:37:42 - [TEST_STEP][PASSED] - y = substring(iy, iy + 4).toInteger(): null

26-05-2025T09:37:42 - [TEST_STEP][PASSED] - println(y): null

26-05-2025T09:37:42 - [TEST_STEP][PASSED] - if (toString().length() == 4): null

26-05-2025T09:37:42 - [TEST_STEP][PASSED] - m = m.substring(0, m.indexOf(y.toString())): null

26-05-2025T09:37:42 - [TEST_STEP][PASSED] - m = m.trim(): null

26-05-2025T09:37:42 - [TEST_STEP][PASSED] - if (m == ""): null

26-05-2025T09:37:42 - [TEST_STEP][PASSED] - dashboardName = "Выполнение бизнес-плана": null

26-05-2025T09:37:42 - [TEST_STEP][PASSED] - workbook01 = getWorkbook(excelFilePath): null

26-05-2025T09:37:42 - [TEST_STEP][PASSED] - sheet01 = getExcelSheet(workbook01, sheetName): null

26-05-2025T09:37:42 - [TEST_STEP][PASSED] - setValueToCellByIndex(sheet01, n, 0, dashboardName): null

26-05-2025T09:37:42 - [TEST_STEP][PASSED] - setValueToCellByIndex(sheet01, n, 1, dZO): null

26-05-2025T09:37:42 - [TEST_STEP][PASSED] - setValueToCellByIndex(sheet01, n, 2, typeOfData): null

26-05-2025T09:37:42 - [TEST_STEP][PASSED] - if (typeOfData == "Факт в процентах" || typeOfData == "План в процентах"): null

26-05-2025T09:37:42 - [TEST_STEP][PASSED] - else: null

26-05-2025T09:37:42 - [TEST_STEP][PASSED] - setValueToCellByIndex(sheet01, n, 3, fileInt): null

26-05-2025T09:37:42 - [TEST_STEP][PASSED] - setValueToCellByIndex(sheet01, n, 4, "нет данных"): null

26-05-2025T09:37:42 - [TEST_STEP][PASSED] - setValueToCellByIndex(sheet01, n, 5, m): null

26-05-2025T09:37:42 - [TEST_STEP][PASSED] - setValueToCellByIndex(sheet01, n, 6, y): null

26-05-2025T09:37:42 - [TEST_STEP][PASSED] - setValueToCellByIndex(sheet01, n, 7, todaysDate): null

26-05-2025T09:37:42 - [TEST_STEP][PASSED] - n = n + 1: null

26-05-2025T09:37:42 - [TEST_STEP][PASSED] - saveWorkbook(excelFilePath, workbook01): null

26-05-2025T09:37:42 - [TEST_STEP][PASSED] - typeOfData = "План Отпуск в сеть": null

26-05-2025T09:37:42 - [TEST_STEP][PASSED] - fileInt = replaceAll("\s+", "").toInteger(): null

26-05-2025T09:37:43 - [TEST_STEP][PASSED] - Script1718980020443.WriteToExcelNoData(a, typeOfData, todaysDate, fileInt, fileDouble, dZO): null

26-05-2025T09:37:43 - [TEST_STEP][PASSED] - sheetName = "Sheet1": null

26-05-2025T09:37:43 - [TEST_STEP][PASSED] - data = findTestData("PlanFact"): null

26-05-2025T09:37:43 - [TEST_STEP][PASSED] - n = data.getRowNumbers() + 1: null

26-05-2025T09:37:43 - [TEST_STEP][PASSED] - day = ")).toInteger(): null

26-05-2025T09:37:43 - [TEST_STEP][PASSED] - println(day): null

26-05-2025T09:37:43 - [TEST_STEP][PASSED] - month = ")).toInteger(): null

26-05-2025T09:37:43 - [TEST_STEP][PASSED] - println(month): null

26-05-2025T09:37:43 - [TEST_STEP][PASSED] - y = <not implemented yet for class: org.codehaus.groovy.ast.expr.EmptyExpression>: null

26-05-2025T09:37:43 - [TEST_STEP][PASSED] - iy = <not implemented yet for class: org.codehaus.groovy.ast.expr.EmptyExpression>: null

26-05-2025T09:37:43 - [TEST_STEP][PASSED] - m = getText(findTestObject("Выполнение бизнес-плана/Период")): Text of object 'Object Repository/Выполнение бизнес-плана/Период' is: '1 кв. 2025 года'

26-05-2025T09:37:43 - [MESSAGE][PASSED] - Text of object 'Object Repository/Выполнение бизнес-плана/Период' is: '1 кв. 2025 года'

26-05-2025T09:37:43 - [TEST_STEP][PASSED] - iy = m.indexOf("20"): null

26-05-2025T09:37:43 - [TEST_STEP][PASSED] - if (iy > -1): null

26-05-2025T09:37:43 - [TEST_STEP][PASSED] - y = substring(iy, iy + 4).toInteger(): null

26-05-2025T09:37:43 - [TEST_STEP][PASSED] - println(y): null

26-05-2025T09:37:43 - [TEST_STEP][PASSED] - if (toString().length() == 4): null

26-05-2025T09:37:43 - [TEST_STEP][PASSED] - m = m.substring(0, m.indexOf(y.toString())): null

26-05-2025T09:37:43 - [TEST_STEP][PASSED] - m = m.trim(): null

26-05-2025T09:37:43 - [TEST_STEP][PASSED] - if (m == ""): null

26-05-2025T09:37:43 - [TEST_STEP][PASSED] - dashboardName = "Выполнение бизнес-плана": null

26-05-2025T09:37:43 - [TEST_STEP][PASSED] - workbook01 = getWorkbook(excelFilePath): null

26-05-2025T09:37:43 - [TEST_STEP][PASSED] - sheet01 = getExcelSheet(workbook01, sheetName): null

26-05-2025T09:37:43 - [TEST_STEP][PASSED] - setValueToCellByIndex(sheet01, n, 0, dashboardName): null

26-05-2025T09:37:43 - [TEST_STEP][PASSED] - setValueToCellByIndex(sheet01, n, 1, dZO): null

26-05-2025T09:37:43 - [TEST_STEP][PASSED] - setValueToCellByIndex(sheet01, n, 2, typeOfData): null

26-05-2025T09:37:43 - [TEST_STEP][PASSED] - if (typeOfData == "Факт в процентах" || typeOfData == "План в процентах"): null

26-05-2025T09:37:43 - [TEST_STEP][PASSED] - else: null

26-05-2025T09:37:43 - [TEST_STEP][PASSED] - setValueToCellByIndex(sheet01, n, 3, fileInt): null

26-05-2025T09:37:43 - [TEST_STEP][PASSED] - setValueToCellByIndex(sheet01, n, 4, "нет данных"): null

26-05-2025T09:37:43 - [TEST_STEP][PASSED] - setValueToCellByIndex(sheet01, n, 5, m): null

26-05-2025T09:37:43 - [TEST_STEP][PASSED] - setValueToCellByIndex(sheet01, n, 6, y): null

26-05-2025T09:37:43 - [TEST_STEP][PASSED] - setValueToCellByIndex(sheet01, n, 7, todaysDate): null

26-05-2025T09:37:43 - [TEST_STEP][PASSED] - n = n + 1: null

26-05-2025T09:37:43 - [TEST_STEP][PASSED] - saveWorkbook(excelFilePath, workbook01): null

26-05-2025T09:37:43 - [TEST_STEP][PASSED] - typeOfData = "План Потери": null

26-05-2025T09:37:43 - [TEST_STEP][PASSED] - fileInt = replaceAll("\s+", "").toInteger(): null

26-05-2025T09:37:43 - [TEST_STEP][PASSED] - Script1718980020443.WriteToExcelNoData(a, typeOfData, todaysDate, fileInt, fileDouble, dZO): null

26-05-2025T09:37:43 - [TEST_STEP][PASSED] - sheetName = "Sheet1": null

26-05-2025T09:37:43 - [TEST_STEP][PASSED] - data = findTestData("PlanFact"): null

26-05-2025T09:37:43 - [TEST_STEP][PASSED] - n = data.getRowNumbers() + 1: null

26-05-2025T09:37:43 - [TEST_STEP][PASSED] - day = ")).toInteger(): null

26-05-2025T09:37:43 - [TEST_STEP][PASSED] - println(day): null

26-05-2025T09:37:43 - [TEST_STEP][PASSED] - month = ")).toInteger(): null

26-05-2025T09:37:43 - [TEST_STEP][PASSED] - println(month): null

26-05-2025T09:37:43 - [TEST_STEP][PASSED] - y = <not implemented yet for class: org.codehaus.groovy.ast.expr.EmptyExpression>: null

26-05-2025T09:37:43 - [TEST_STEP][PASSED] - iy = <not implemented yet for class: org.codehaus.groovy.ast.expr.EmptyExpression>: null

26-05-2025T09:37:43 - [TEST_STEP][PASSED] - m = getText(findTestObject("Выполнение бизнес-плана/Период")): Text of object 'Object Repository/Выполнение бизнес-плана/Период' is: '1 кв. 2025 года'

26-05-2025T09:37:44 - [MESSAGE][PASSED] - Text of object 'Object Repository/Выполнение бизнес-плана/Период' is: '1 кв. 2025 года'

26-05-2025T09:37:44 - [TEST_STEP][PASSED] - iy = m.indexOf("20"): null

26-05-2025T09:37:44 - [TEST_STEP][PASSED] - if (iy > -1): null

26-05-2025T09:37:44 - [TEST_STEP][PASSED] - y = substring(iy, iy + 4).toInteger(): null

26-05-2025T09:37:44 - [TEST_STEP][PASSED] - println(y): null

26-05-2025T09:37:44 - [TEST_STEP][PASSED] - if (toString().length() == 4): null

26-05-2025T09:37:44 - [TEST_STEP][PASSED] - m = m.substring(0, m.indexOf(y.toString())): null

26-05-2025T09:37:44 - [TEST_STEP][PASSED] - m = m.trim(): null

26-05-2025T09:37:44 - [TEST_STEP][PASSED] - if (m == ""): null

26-05-2025T09:37:44 - [TEST_STEP][PASSED] - dashboardName = "Выполнение бизнес-плана": null

26-05-2025T09:37:44 - [TEST_STEP][PASSED] - workbook01 = getWorkbook(excelFilePath): null

26-05-2025T09:37:44 - [TEST_STEP][PASSED] - sheet01 = getExcelSheet(workbook01, sheetName): null

26-05-2025T09:37:44 - [TEST_STEP][PASSED] - setValueToCellByIndex(sheet01, n, 0, dashboardName): null

26-05-2025T09:37:44 - [TEST_STEP][PASSED] - setValueToCellByIndex(sheet01, n, 1, dZO): null

26-05-2025T09:37:44 - [TEST_STEP][PASSED] - setValueToCellByIndex(sheet01, n, 2, typeOfData): null

26-05-2025T09:37:44 - [TEST_STEP][PASSED] - if (typeOfData == "Факт в процентах" || typeOfData == "План в процентах"): null

26-05-2025T09:37:44 - [TEST_STEP][PASSED] - else: null

26-05-2025T09:37:44 - [TEST_STEP][PASSED] - setValueToCellByIndex(sheet01, n, 3, fileInt): null

26-05-2025T09:37:44 - [TEST_STEP][PASSED] - setValueToCellByIndex(sheet01, n, 4, "нет данных"): null

26-05-2025T09:37:44 - [TEST_STEP][PASSED] - setValueToCellByIndex(sheet01, n, 5, m): null

26-05-2025T09:37:44 - [TEST_STEP][PASSED] - setValueToCellByIndex(sheet01, n, 6, y): null

26-05-2025T09:37:44 - [TEST_STEP][PASSED] - setValueToCellByIndex(sheet01, n, 7, todaysDate): null

26-05-2025T09:37:44 - [TEST_STEP][PASSED] - n = n + 1: null

26-05-2025T09:37:44 - [TEST_STEP][PASSED] - saveWorkbook(excelFilePath, workbook01): null

26-05-2025T09:37:44 - [TEST_STEP][PASSED] - typeOfData = "План в процентах": null

26-05-2025T09:37:44 - [TEST_STEP][PASSED] - fileDouble = ").toDouble(): null

26-05-2025T09:37:44 - [TEST_STEP][PASSED] - Script1718980020443.WriteToExcelNoData(a, typeOfData, todaysDate, fileInt, fileDouble, dZO): null

26-05-2025T09:37:44 - [TEST_STEP][PASSED] - sheetName = "Sheet1": null

26-05-2025T09:37:44 - [TEST_STEP][PASSED] - data = findTestData("PlanFact"): null

26-05-2025T09:37:44 - [TEST_STEP][PASSED] - n = data.getRowNumbers() + 1: null

26-05-2025T09:37:44 - [TEST_STEP][PASSED] - day = ")).toInteger(): null

26-05-2025T09:37:44 - [TEST_STEP][PASSED] - println(day): null

26-05-2025T09:37:44 - [TEST_STEP][PASSED] - month = ")).toInteger(): null

26-05-2025T09:37:44 - [TEST_STEP][PASSED] - println(month): null

26-05-2025T09:37:44 - [TEST_STEP][PASSED] - y = <not implemented yet for class: org.codehaus.groovy.ast.expr.EmptyExpression>: null

26-05-2025T09:37:44 - [TEST_STEP][PASSED] - iy = <not implemented yet for class: org.codehaus.groovy.ast.expr.EmptyExpression>: null

26-05-2025T09:37:44 - [TEST_STEP][PASSED] - m = getText(findTestObject("Выполнение бизнес-плана/Период")): Text of object 'Object Repository/Выполнение бизнес-плана/Период' is: '1 кв. 2025 года'

26-05-2025T09:37:44 - [MESSAGE][PASSED] - Text of object 'Object Repository/Выполнение бизнес-плана/Период' is: '1 кв. 2025 года'

26-05-2025T09:37:44 - [TEST_STEP][PASSED] - iy = m.indexOf("20"): null

26-05-2025T09:37:44 - [TEST_STEP][PASSED] - if (iy > -1): null

26-05-2025T09:37:44 - [TEST_STEP][PASSED] - y = substring(iy, iy + 4).toInteger(): null

26-05-2025T09:37:44 - [TEST_STEP][PASSED] - println(y): null

26-05-2025T09:37:44 - [TEST_STEP][PASSED] - if (toString().length() == 4): null

26-05-2025T09:37:44 - [TEST_STEP][PASSED] - m = m.substring(0, m.indexOf(y.toString())): null

26-05-2025T09:37:44 - [TEST_STEP][PASSED] - m = m.trim(): null

26-05-2025T09:37:44 - [TEST_STEP][PASSED] - if (m == ""): null

26-05-2025T09:37:44 - [TEST_STEP][PASSED] - dashboardName = "Выполнение бизнес-плана": null

26-05-2025T09:37:44 - [TEST_STEP][PASSED] - workbook01 = getWorkbook(excelFilePath): null

26-05-2025T09:37:44 - [TEST_STEP][PASSED] - sheet01 = getExcelSheet(workbook01, sheetName): null

26-05-2025T09:37:44 - [TEST_STEP][PASSED] - setValueToCellByIndex(sheet01, n, 0, dashboardName): null

26-05-2025T09:37:44 - [TEST_STEP][PASSED] - setValueToCellByIndex(sheet01, n, 1, dZO): null

26-05-2025T09:37:44 - [TEST_STEP][PASSED] - setValueToCellByIndex(sheet01, n, 2, typeOfData): null

26-05-2025T09:37:44 - [TEST_STEP][PASSED] - if (typeOfData == "Факт в процентах" || typeOfData == "План в процентах"): null

26-05-2025T09:37:44 - [TEST_STEP][PASSED] - setValueToCellByIndex(sheet01, n, 3, fileDouble): null

26-05-2025T09:37:44 - [TEST_STEP][PASSED] - setValueToCellByIndex(sheet01, n, 4, "нет данных"): null

26-05-2025T09:37:44 - [TEST_STEP][PASSED] - setValueToCellByIndex(sheet01, n, 5, m): null

26-05-2025T09:37:44 - [TEST_STEP][PASSED] - setValueToCellByIndex(sheet01, n, 6, y): null

26-05-2025T09:37:44 - [TEST_STEP][PASSED] - setValueToCellByIndex(sheet01, n, 7, todaysDate): null

26-05-2025T09:37:44 - [TEST_STEP][PASSED] - n = n + 1: null

26-05-2025T09:37:44 - [TEST_STEP][PASSED] - saveWorkbook(excelFilePath, workbook01): null

26-05-2025T09:37:44 - [TEST_STEP][PASSED] - typeOfData = "Факт в процентах": null

26-05-2025T09:37:44 - [TEST_STEP][PASSED] - fileDouble = ").toDouble(): null

26-05-2025T09:37:44 - [TEST_STEP][PASSED] - Script1718980020443.WriteToExcelNoData(a, typeOfData, todaysDate, fileInt, fileDouble, dZO): null

26-05-2025T09:37:44 - [TEST_STEP][PASSED] - sheetName = "Sheet1": null

26-05-2025T09:37:44 - [TEST_STEP][PASSED] - data = findTestData("PlanFact"): null

26-05-2025T09:37:45 - [TEST_STEP][PASSED] - n = data.getRowNumbers() + 1: null

26-05-2025T09:37:45 - [TEST_STEP][PASSED] - day = ")).toInteger(): null

26-05-2025T09:37:45 - [TEST_STEP][PASSED] - println(day): null

26-05-2025T09:37:45 - [TEST_STEP][PASSED] - month = ")).toInteger(): null

26-05-2025T09:37:45 - [TEST_STEP][PASSED] - println(month): null

26-05-2025T09:37:45 - [TEST_STEP][PASSED] - y = <not implemented yet for class: org.codehaus.groovy.ast.expr.EmptyExpression>: null

26-05-2025T09:37:45 - [TEST_STEP][PASSED] - iy = <not implemented yet for class: org.codehaus.groovy.ast.expr.EmptyExpression>: null

26-05-2025T09:37:45 - [TEST_STEP][PASSED] - m = getText(findTestObject("Выполнение бизнес-плана/Период")): Text of object 'Object Repository/Выполнение бизнес-плана/Период' is: '1 кв. 2025 года'

26-05-2025T09:37:45 - [MESSAGE][PASSED] - Text of object 'Object Repository/Выполнение бизнес-плана/Период' is: '1 кв. 2025 года'

26-05-2025T09:37:45 - [TEST_STEP][PASSED] - iy = m.indexOf("20"): null

26-05-2025T09:37:45 - [TEST_STEP][PASSED] - if (iy > -1): null

26-05-2025T09:37:45 - [TEST_STEP][PASSED] - y = substring(iy, iy + 4).toInteger(): null

26-05-2025T09:37:45 - [TEST_STEP][PASSED] - println(y): null

26-05-2025T09:37:45 - [TEST_STEP][PASSED] - if (toString().length() == 4): null

26-05-2025T09:37:45 - [TEST_STEP][PASSED] - m = m.substring(0, m.indexOf(y.toString())): null

26-05-2025T09:37:45 - [TEST_STEP][PASSED] - m = m.trim(): null

26-05-2025T09:37:45 - [TEST_STEP][PASSED] - if (m == ""): null

26-05-2025T09:37:45 - [TEST_STEP][PASSED] - dashboardName = "Выполнение бизнес-плана": null

26-05-2025T09:37:45 - [TEST_STEP][PASSED] - workbook01 = getWorkbook(excelFilePath): null

26-05-2025T09:37:45 - [TEST_STEP][PASSED] - sheet01 = getExcelSheet(workbook01, sheetName): null

26-05-2025T09:37:45 - [TEST_STEP][PASSED] - setValueToCellByIndex(sheet01, n, 0, dashboardName): null

26-05-2025T09:37:45 - [TEST_STEP][PASSED] - setValueToCellByIndex(sheet01, n, 1, dZO): null

26-05-2025T09:37:45 - [TEST_STEP][PASSED] - setValueToCellByIndex(sheet01, n, 2, typeOfData): null

26-05-2025T09:37:45 - [TEST_STEP][PASSED] - if (typeOfData == "Факт в процентах" || typeOfData == "План в процентах"): null

26-05-2025T09:37:45 - [TEST_STEP][PASSED] - setValueToCellByIndex(sheet01, n, 3, fileDouble): null

26-05-2025T09:37:45 - [TEST_STEP][PASSED] - setValueToCellByIndex(sheet01, n, 4, "нет данных"): null

26-05-2025T09:37:45 - [TEST_STEP][PASSED] - setValueToCellByIndex(sheet01, n, 5, m): null

26-05-2025T09:37:45 - [TEST_STEP][PASSED] - setValueToCellByIndex(sheet01, n, 6, y): null

26-05-2025T09:37:45 - [TEST_STEP][PASSED] - setValueToCellByIndex(sheet01, n, 7, todaysDate): null

26-05-2025T09:37:45 - [TEST_STEP][PASSED] - n = n + 1: null

26-05-2025T09:37:45 - [TEST_STEP][PASSED] - saveWorkbook(excelFilePath, workbook01): null

26-05-2025T09:37:45 - [TEST_STEP][PASSED] - println(dzoNum): null

26-05-2025T09:37:45 - [TEST_STEP][PASSED] - dZO = "Россети Томск": null

26-05-2025T09:37:45 - [TEST_STEP][PASSED] - a = 53: null

26-05-2025T09:37:45 - [TEST_STEP][PASSED] - if (x1.contains("Томск")): null

26-05-2025T09:37:45 - [TEST_STEP][PASSED] - dzoNum = dzoNum + 1: null

26-05-2025T09:37:45 - [TEST_STEP][PASSED] - Script1718980020443.Numbers(a, typeOfData, todaysDate, pageInt, fileInt, pageDouble, fileDouble, dZO, dzoNum, filialNum): null

26-05-2025T09:37:45 - [TEST_STEP][PASSED] - println(dzoNum): null

26-05-2025T09:37:45 - [TEST_STEP][PASSED] - planFact = <not implemented yet for class: org.codehaus.groovy.ast.expr.EmptyExpression>: null

26-05-2025T09:37:45 - [TEST_STEP][PASSED] - page = <not implemented yet for class: org.codehaus.groovy.ast.expr.EmptyExpression>: null

26-05-2025T09:37:45 - [TEST_STEP][PASSED] - page1 = <not implemented yet for class: org.codehaus.groovy.ast.expr.EmptyExpression>: null

26-05-2025T09:37:45 - [TEST_STEP][PASSED] - page2 = <not implemented yet for class: org.codehaus.groovy.ast.expr.EmptyExpression>: null

26-05-2025T09:37:45 - [TEST_STEP][PASSED] - filialNumberInRow = <not implemented yet for class: org.codehaus.groovy.ast.expr.EmptyExpression>: null

26-05-2025T09:37:45 - [TEST_STEP][PASSED] - filialsDzoNames = <not implemented yet for class: org.codehaus.groovy.ast.expr.EmptyExpression>: null

26-05-2025T09:37:45 - [TEST_STEP][PASSED] - numberOfFilials = <not implemented yet for class: org.codehaus.groovy.ast.expr.EmptyExpression>: null

26-05-2025T09:37:45 - [TEST_STEP][PASSED] - numberOfSpaces = <not implemented yet for class: org.codehaus.groovy.ast.expr.EmptyExpression>: null

26-05-2025T09:37:45 - [TEST_STEP][PASSED] - file = <not implemented yet for class: org.codehaus.groovy.ast.expr.EmptyExpression>: null

26-05-2025T09:37:45 - [TEST_STEP][PASSED] - otpusk = <not implemented yet for class: org.codehaus.groovy.ast.expr.EmptyExpression>: null

26-05-2025T09:37:45 - [TEST_STEP][PASSED] - poteri = <not implemented yet for class: org.codehaus.groovy.ast.expr.EmptyExpression>: null

26-05-2025T09:37:45 - [TEST_STEP][PASSED] - dataFolder = "Выполнение бизнес-плана/Значения со страницы Выполнение бизнес-плана/": null

26-05-2025T09:37:45 - [TEST_STEP][PASSED] - path = <not implemented yet for class: org.codehaus.groovy.ast.expr.EmptyExpression>: null

26-05-2025T09:37:45 - [TEST_STEP][PASSED] - typeOfDataMain = <not implemented yet for class: org.codehaus.groovy.ast.expr.EmptyExpression>: null

26-05-2025T09:37:45 - [TEST_STEP][PASSED] - fileOtpuskVSet = <not implemented yet for class: org.codehaus.groovy.ast.expr.EmptyExpression>: null

26-05-2025T09:37:45 - [TEST_STEP][PASSED] - pageOtpuskVSet = <not implemented yet for class: org.codehaus.groovy.ast.expr.EmptyExpression>: null

26-05-2025T09:37:45 - [TEST_STEP][PASSED] - filePoteri = <not implemented yet for class: org.codehaus.groovy.ast.expr.EmptyExpression>: null

26-05-2025T09:37:45 - [TEST_STEP][PASSED] - pagePoteri = <not implemented yet for class: org.codehaus.groovy.ast.expr.EmptyExpression>: null

26-05-2025T09:37:45 - [TEST_STEP][PASSED] - compare = <not implemented yet for class: org.codehaus.groovy.ast.expr.EmptyExpression>: null

26-05-2025T09:37:45 - [TEST_STEP][PASSED] - b = <not implemented yet for class: org.codehaus.groovy.ast.expr.EmptyExpression>: null

26-05-2025T09:37:45 - [TEST_STEP][PASSED] - i = <not implemented yet for class: org.codehaus.groovy.ast.expr.EmptyExpression>: null

26-05-2025T09:37:45 - [TEST_STEP][PASSED] - ii = <not implemented yet for class: org.codehaus.groovy.ast.expr.EmptyExpression>: null

26-05-2025T09:37:45 - [TEST_STEP][PASSED] - c = <not implemented yet for class: org.codehaus.groovy.ast.expr.EmptyExpression>: null

26-05-2025T09:37:45 - [TEST_STEP][PASSED] - numberOfErrors = 0: null

26-05-2025T09:37:45 - [TEST_STEP][PASSED] - if (a == 82): null

26-05-2025T09:37:45 - [TEST_STEP][PASSED] - b = findTestData("PlanFact").getValue(1, a): null

26-05-2025T09:37:45 - [TEST_STEP][PASSED] - i = b.indexOf(" (ГК)"): null

26-05-2025T09:37:45 - [TEST_STEP][PASSED] - if (i > -1): null

26-05-2025T09:37:45 - [TEST_STEP][PASSED] - i = b.indexOf("О ""): null

26-05-2025T09:37:45 - [TEST_STEP][PASSED] - if (i > -1): null

26-05-2025T09:37:45 - [TEST_STEP][PASSED] - i = b.indexOf("О «"): null

26-05-2025T09:37:45 - [TEST_STEP][PASSED] - if (i > -1): null

26-05-2025T09:37:45 - [TEST_STEP][PASSED] - i = b.indexOf("г. "): null

26-05-2025T09:37:45 - [TEST_STEP][PASSED] - if (i > -1): null

26-05-2025T09:37:45 - [TEST_STEP][PASSED] - b = b.trim(): null

26-05-2025T09:37:45 - [TEST_STEP][PASSED] - println(b): null

26-05-2025T09:37:45 - [TEST_STEP][PASSED] - for ([planFact = 1, planFact < 3, (planFact++)]): Object: 'Object Repository/Выполнение бизнес-плана/Кнопка Факт' is clicked on

26-05-2025T09:37:45 - [TEST_STEP][PASSED] - if (planFact == 1): null

26-05-2025T09:37:45 - [TEST_STEP][PASSED] - typeOfDataMain = "Факт": null

26-05-2025T09:37:45 - [TEST_STEP][PASSED] - otpusk = findTestData("PlanFact").getValue(5, a): null

26-05-2025T09:37:45 - [TEST_STEP][PASSED] - poteri = findTestData("PlanFact").getValue(6, a): null

26-05-2025T09:37:45 - [TEST_STEP][PASSED] - otpusk = otpusk.replaceAll("\s+", ""): null

26-05-2025T09:37:45 - [TEST_STEP][PASSED] - poteri = poteri.replaceAll("\s+", ""): null

26-05-2025T09:37:45 - [TEST_STEP][PASSED] - typeOfData = typeOfDataMain + " Отпуск в сеть": null

26-05-2025T09:37:45 - [TEST_STEP][PASSED] - if (a == 82): null

26-05-2025T09:37:45 - [TEST_STEP][PASSED] - else if (a == 84): null

26-05-2025T09:37:45 - [TEST_STEP][PASSED] - else if (a == 83 || a == 52 || a == 72 || a == 28 || a == 73 || a == 77 || a == 74 || a == 65 || a == 36 || a == 44 || a == 53 || a == 80 || a == 54 || a == 1 || a == 18 || a == 59 || a == 81): null

26-05-2025T09:37:45 - [TEST_STEP][PASSED] - path = dataFolder + "Table Data/" + typeOfData + " за отчётный период " + dzoNum: null

26-05-2025T09:37:45 - [TEST_STEP][PASSED] - println(path): null

26-05-2025T09:37:45 - [TEST_STEP][PASSED] - page = getText(findTestObject(path)): Text of object 'Object Repository/Выполнение бизнес-плана/Значения со страницы Выполнение бизнес-плана/Table Data/Факт Отпуск в сеть за отчётный период 5' is: '1 364 454'

26-05-2025T09:37:46 - [MESSAGE][PASSED] - Text of object 'Object Repository/Выполнение бизнес-плана/Значения со страницы Выполнение бизнес-плана/Table Data/Факт Отпуск в сеть за отчётный период 5' is: '1 364 454'

26-05-2025T09:37:46 - [TEST_STEP][PASSED] - if (page == "" || page == null): null

26-05-2025T09:37:46 - [TEST_STEP][PASSED] - else: null

26-05-2025T09:37:46 - [TEST_STEP][PASSED] - page = page.replaceAll("\s+", ""): null

26-05-2025T09:37:46 - [TEST_STEP][PASSED] - if (page == "undefined"): null

26-05-2025T09:37:46 - [TEST_STEP][PASSED] - fileOtpuskVSet = otpusk.toInteger(): null

26-05-2025T09:37:46 - [TEST_STEP][PASSED] - pageOtpuskVSet = page.toInteger(): null

26-05-2025T09:37:46 - [TEST_STEP][PASSED] - typeOfData = typeOfDataMain + " Потери": null

26-05-2025T09:37:46 - [TEST_STEP][PASSED] - if (a == 82): null

26-05-2025T09:37:46 - [TEST_STEP][PASSED] - else if (a == 84): null

26-05-2025T09:37:46 - [TEST_STEP][PASSED] - else if (a == 83 || a == 52 || a == 72 || a == 28 || a == 73 || a == 77 || a == 74 || a == 65 || a == 36 || a == 44 || a == 53 || a == 80 || a == 54 || a == 1 || a == 18 || a == 59 || a == 81): null

26-05-2025T09:37:46 - [TEST_STEP][PASSED] - path = dataFolder + "Table Data/" + typeOfData + " за отчётный период " + dzoNum: null

26-05-2025T09:37:46 - [TEST_STEP][PASSED] - page = getText(findTestObject(path)): Text of object 'Object Repository/Выполнение бизнес-плана/Значения со страницы Выполнение бизнес-плана/Table Data/Факт Потери за отчётный период 5' is: '144 015'

26-05-2025T09:37:46 - [MESSAGE][PASSED] - Text of object 'Object Repository/Выполнение бизнес-плана/Значения со страницы Выполнение бизнес-плана/Table Data/Факт Потери за отчётный период 5' is: '144 015'

26-05-2025T09:37:46 - [TEST_STEP][PASSED] - if (page == "" || page == null): null

26-05-2025T09:37:46 - [TEST_STEP][PASSED] - else: null

26-05-2025T09:37:46 - [TEST_STEP][PASSED] - page = page.replaceAll("\s+", ""): null

26-05-2025T09:37:46 - [TEST_STEP][PASSED] - if (page == "undefined"): null

26-05-2025T09:37:46 - [TEST_STEP][PASSED] - filePoteri = poteri.toInteger(): null

26-05-2025T09:37:46 - [TEST_STEP][PASSED] - pagePoteri = page.toInteger(): null

26-05-2025T09:37:46 - [TEST_STEP][PASSED] - compare = pageOtpuskVSet: null

26-05-2025T09:37:46 - [TEST_STEP][PASSED] - if (pageOtpuskVSet != null): null

26-05-2025T09:37:46 - [TEST_STEP][PASSED] - if (compare == fileOtpuskVSet): null

26-05-2025T09:37:46 - [TEST_STEP][PASSED] - if (compare == fileOtpuskVSet): null

26-05-2025T09:37:46 - [TEST_STEP][PASSED] - compare = pagePoteri: null

26-05-2025T09:37:46 - [TEST_STEP][PASSED] - if (pageOtpuskVSet != null): null

26-05-2025T09:37:46 - [TEST_STEP][PASSED] - if (compare == filePoteri): null

26-05-2025T09:37:46 - [TEST_STEP][PASSED] - if (compare == filePoteri): null

26-05-2025T09:37:46 - [TEST_STEP][PASSED] - if (planFact == 2): null

26-05-2025T09:37:46 - [TEST_STEP][PASSED] - if (planFact == 1): null

26-05-2025T09:37:46 - [TEST_STEP][PASSED] - else if (planFact == 2): null

26-05-2025T09:37:46 - [TEST_STEP][PASSED] - click(findTestObject("Выполнение бизнес-плана/Кнопка План")): Object: 'Object Repository/Выполнение бизнес-плана/Кнопка План' is clicked on

26-05-2025T09:37:46 - [MESSAGE][PASSED] - Object: 'Object Repository/Выполнение бизнес-плана/Кнопка План' is clicked on

26-05-2025T09:37:46 - [TEST_STEP][PASSED] - typeOfDataMain = "План": null

26-05-2025T09:37:46 - [TEST_STEP][PASSED] - otpusk = findTestData("PlanFact").getValue(2, a): null

26-05-2025T09:37:46 - [TEST_STEP][PASSED] - poteri = findTestData("PlanFact").getValue(3, a): null

26-05-2025T09:37:46 - [TEST_STEP][PASSED] - otpusk = otpusk.replaceAll("\s+", ""): null

26-05-2025T09:37:46 - [TEST_STEP][PASSED] - poteri = poteri.replaceAll("\s+", ""): null

26-05-2025T09:37:46 - [TEST_STEP][PASSED] - typeOfData = typeOfDataMain + " Отпуск в сеть": null

26-05-2025T09:37:46 - [TEST_STEP][PASSED] - if (a == 82): null

26-05-2025T09:37:46 - [TEST_STEP][PASSED] - else if (a == 84): null

26-05-2025T09:37:46 - [TEST_STEP][PASSED] - else if (a == 83 || a == 52 || a == 72 || a == 28 || a == 73 || a == 77 || a == 74 || a == 65 || a == 36 || a == 44 || a == 53 || a == 80 || a == 54 || a == 1 || a == 18 || a == 59 || a == 81): null

26-05-2025T09:37:46 - [TEST_STEP][PASSED] - path = dataFolder + "Table Data/" + typeOfData + " за отчётный период " + dzoNum: null

26-05-2025T09:37:46 - [TEST_STEP][PASSED] - println(path): null

26-05-2025T09:37:46 - [TEST_STEP][PASSED] - page = getText(findTestObject(path)): Text of object 'Object Repository/Выполнение бизнес-плана/Значения со страницы Выполнение бизнес-плана/Table Data/План Отпуск в сеть за отчётный период 5' is: '1 428 476'

26-05-2025T09:37:47 - [MESSAGE][PASSED] - Text of object 'Object Repository/Выполнение бизнес-плана/Значения со страницы Выполнение бизнес-плана/Table Data/План Отпуск в сеть за отчётный период 5' is: '1 428 476'

26-05-2025T09:37:47 - [TEST_STEP][PASSED] - if (page == "" || page == null): null

26-05-2025T09:37:47 - [TEST_STEP][PASSED] - else: null

26-05-2025T09:37:47 - [TEST_STEP][PASSED] - page = page.replaceAll("\s+", ""): null

26-05-2025T09:37:47 - [TEST_STEP][PASSED] - if (page == "undefined"): null

26-05-2025T09:37:47 - [TEST_STEP][PASSED] - fileOtpuskVSet = otpusk.toInteger(): null

26-05-2025T09:37:47 - [TEST_STEP][PASSED] - pageOtpuskVSet = page.toInteger(): null

26-05-2025T09:37:47 - [TEST_STEP][PASSED] - typeOfData = typeOfDataMain + " Потери": null

26-05-2025T09:37:47 - [TEST_STEP][PASSED] - if (a == 82): null

26-05-2025T09:37:47 - [TEST_STEP][PASSED] - else if (a == 84): null

26-05-2025T09:37:47 - [TEST_STEP][PASSED] - else if (a == 83 || a == 52 || a == 72 || a == 28 || a == 73 || a == 77 || a == 74 || a == 65 || a == 36 || a == 44 || a == 53 || a == 80 || a == 54 || a == 1 || a == 18 || a == 59 || a == 81): null

26-05-2025T09:37:47 - [TEST_STEP][PASSED] - path = dataFolder + "Table Data/" + typeOfData + " за отчётный период " + dzoNum: null

26-05-2025T09:37:47 - [TEST_STEP][PASSED] - page = getText(findTestObject(path)): Text of object 'Object Repository/Выполнение бизнес-плана/Значения со страницы Выполнение бизнес-плана/Table Data/План Потери за отчётный период 5' is: '153 416'

26-05-2025T09:37:47 - [MESSAGE][PASSED] - Text of object 'Object Repository/Выполнение бизнес-плана/Значения со страницы Выполнение бизнес-плана/Table Data/План Потери за отчётный период 5' is: '153 416'

26-05-2025T09:37:47 - [TEST_STEP][PASSED] - if (page == "" || page == null): null

26-05-2025T09:37:47 - [TEST_STEP][PASSED] - else: null

26-05-2025T09:37:47 - [TEST_STEP][PASSED] - page = page.replaceAll("\s+", ""): null

26-05-2025T09:37:47 - [TEST_STEP][PASSED] - if (page == "undefined"): null

26-05-2025T09:37:47 - [TEST_STEP][PASSED] - filePoteri = poteri.toInteger(): null

26-05-2025T09:37:47 - [TEST_STEP][PASSED] - pagePoteri = page.toInteger(): null

26-05-2025T09:37:47 - [TEST_STEP][PASSED] - compare = pageOtpuskVSet: null

26-05-2025T09:37:47 - [TEST_STEP][PASSED] - if (pageOtpuskVSet != null): null

26-05-2025T09:37:47 - [TEST_STEP][PASSED] - if (compare == fileOtpuskVSet): null

26-05-2025T09:37:47 - [TEST_STEP][PASSED] - if (compare == fileOtpuskVSet): null

26-05-2025T09:37:47 - [TEST_STEP][PASSED] - compare = pagePoteri: null

26-05-2025T09:37:47 - [TEST_STEP][PASSED] - if (pageOtpuskVSet != null): null

26-05-2025T09:37:47 - [TEST_STEP][PASSED] - if (compare == filePoteri): null

26-05-2025T09:37:47 - [TEST_STEP][PASSED] - if (compare == filePoteri): null

26-05-2025T09:37:47 - [TEST_STEP][PASSED] - if (planFact == 2): Object: 'Object Repository/Выполнение бизнес-плана/Кнопка Факт' is clicked on

26-05-2025T09:37:47 - [TEST_STEP][PASSED] - click(findTestObject("Выполнение бизнес-плана/Кнопка Факт")): Object: 'Object Repository/Выполнение бизнес-плана/Кнопка Факт' is clicked on

26-05-2025T09:37:47 - [MESSAGE][PASSED] - Object: 'Object Repository/Выполнение бизнес-плана/Кнопка Факт' is clicked on

26-05-2025T09:37:47 - [TEST_STEP][PASSED] - println("a=" + a): null

26-05-2025T09:37:47 - [TEST_STEP][PASSED] - if (a == 84 || a == 82): null

26-05-2025T09:37:47 - [TEST_STEP][PASSED] - else if (a == 83 || a == 52 || a == 72 || a == 28 || a == 73 || a == 77 || a == 74 || a == 65 || a == 36 || a == 44 || a == 53 || a == 80 || a == 54 || a == 1 || a == 18 || a == 59 || a == 81): null

26-05-2025T09:37:47 - [TEST_STEP][PASSED] - page1 = getText(findTestObject("Object Repository/Выполнение бизнес-плана/spanPlan" + dzoNum)): Text of object 'Object Repository/Выполнение бизнес-плана/spanPlan5' is: '10.74
|'

26-05-2025T09:37:48 - [MESSAGE][PASSED] - Text of object 'Object Repository/Выполнение бизнес-плана/spanPlan5' is: '10.74
|'

26-05-2025T09:37:48 - [TEST_STEP][PASSED] - page1 = page1.replace("|", ""): null

26-05-2025T09:37:48 - [TEST_STEP][PASSED] - page2 = getText(findTestObject("Object Repository/Выполнение бизнес-плана/spanFact" + dzoNum)): Text of object 'Object Repository/Выполнение бизнес-плана/spanFact5' is: '10.55'

26-05-2025T09:37:48 - [MESSAGE][PASSED] - Text of object 'Object Repository/Выполнение бизнес-плана/spanFact5' is: '10.55'

26-05-2025T09:37:48 - [TEST_STEP][PASSED] - page2 = page2.replace("|", ""): null

26-05-2025T09:37:48 - [TEST_STEP][PASSED] - println("page1: " + page1): null

26-05-2025T09:37:48 - [TEST_STEP][PASSED] - println("page2: " + page2): null

26-05-2025T09:37:48 - [TEST_STEP][PASSED] - file = findTestData("PlanFact").getValue(4, a): null

26-05-2025T09:37:48 - [TEST_STEP][PASSED] - file = file.replace(",", "."): null

26-05-2025T09:37:48 - [TEST_STEP][PASSED] - println("file Plan: " + file): null

26-05-2025T09:37:48 - [TEST_STEP][PASSED] - typeOfData = "План в процентах": null

26-05-2025T09:37:48 - [TEST_STEP][PASSED] - fileDouble = file.toDouble(): null

26-05-2025T09:37:48 - [TEST_STEP][PASSED] - pageDouble = page1.toDouble(): null

26-05-2025T09:37:48 - [TEST_STEP][PASSED] - if (fileDouble != pageDouble): null

26-05-2025T09:37:48 - [TEST_STEP][PASSED] - file = findTestData("PlanFact").getValue(7, a): null

26-05-2025T09:37:48 - [TEST_STEP][PASSED] - file = file.replace(",", "."): null

26-05-2025T09:37:48 - [TEST_STEP][PASSED] - println("file Fact: " + file): null

26-05-2025T09:37:48 - [TEST_STEP][PASSED] - fileDouble = file.toDouble(): null

26-05-2025T09:37:48 - [TEST_STEP][PASSED] - typeOfData = "Факт в процентах": null

26-05-2025T09:37:48 - [TEST_STEP][PASSED] - fileDouble = file.toDouble(): null

26-05-2025T09:37:48 - [TEST_STEP][PASSED] - pageDouble = page2.toDouble(): null

26-05-2025T09:37:48 - [TEST_STEP][PASSED] - if (fileDouble != pageDouble): null

26-05-2025T09:37:48 - [TEST_STEP][PASSED] - if (verifyEqual(numberOfErrors, 0) == false): Actual object '0' and expected object '0' are equal

26-05-2025T09:37:48 - [MESSAGE][PASSED] - Actual object '0' and expected object '0' are equal

26-05-2025T09:37:48 - [TEST_STEP][PASSED] - if (a == 82): null

26-05-2025T09:37:48 - [TEST_STEP][PASSED] - println(dzoNum): null

26-05-2025T09:37:48 - [TEST_STEP][PASSED] - dZO = "Россети Тюмень": null

26-05-2025T09:37:48 - [TEST_STEP][PASSED] - a = 80: null

26-05-2025T09:37:48 - [TEST_STEP][PASSED] - if (x1.contains("Тюмень")): null

26-05-2025T09:37:48 - [TEST_STEP][PASSED] - else: null

26-05-2025T09:37:48 - [TEST_STEP][PASSED] - Script1718980020443.NoData(a, typeOfData, todaysDate, fileInt, fileDouble, dZO): null

26-05-2025T09:37:48 - [TEST_STEP][PASSED] - println(a): null

26-05-2025T09:37:48 - [TEST_STEP][PASSED] - println(todaysDate): null

26-05-2025T09:37:48 - [TEST_STEP][PASSED] - println(fileInt): null

26-05-2025T09:37:48 - [TEST_STEP][PASSED] - println(fileDouble): null

26-05-2025T09:37:48 - [TEST_STEP][PASSED] - println(dZO): null

26-05-2025T09:37:48 - [TEST_STEP][PASSED] - typeOfData = "Факт Отпуск в сеть": null

26-05-2025T09:37:48 - [TEST_STEP][PASSED] - fileInt = replaceAll("\s+", "").toInteger(): null

26-05-2025T09:37:48 - [TEST_STEP][PASSED] - Script1718980020443.WriteToExcelNoData(a, typeOfData, todaysDate, fileInt, fileDouble, dZO): null

26-05-2025T09:37:48 - [TEST_STEP][PASSED] - sheetName = "Sheet1": null

26-05-2025T09:37:48 - [TEST_STEP][PASSED] - data = findTestData("PlanFact"): null

26-05-2025T09:37:48 - [TEST_STEP][PASSED] - n = data.getRowNumbers() + 1: null

26-05-2025T09:37:48 - [TEST_STEP][PASSED] - day = ")).toInteger(): null

26-05-2025T09:37:48 - [TEST_STEP][PASSED] - println(day): null

26-05-2025T09:37:48 - [TEST_STEP][PASSED] - month = ")).toInteger(): null

26-05-2025T09:37:48 - [TEST_STEP][PASSED] - println(month): null

26-05-2025T09:37:48 - [TEST_STEP][PASSED] - y = <not implemented yet for class: org.codehaus.groovy.ast.expr.EmptyExpression>: null

26-05-2025T09:37:48 - [TEST_STEP][PASSED] - iy = <not implemented yet for class: org.codehaus.groovy.ast.expr.EmptyExpression>: null

26-05-2025T09:37:48 - [TEST_STEP][PASSED] - m = getText(findTestObject("Выполнение бизнес-плана/Период")): Text of object 'Object Repository/Выполнение бизнес-плана/Период' is: '1 кв. 2025 года'

26-05-2025T09:37:48 - [MESSAGE][PASSED] - Text of object 'Object Repository/Выполнение бизнес-плана/Период' is: '1 кв. 2025 года'

26-05-2025T09:37:48 - [TEST_STEP][PASSED] - iy = m.indexOf("20"): null

26-05-2025T09:37:48 - [TEST_STEP][PASSED] - if (iy > -1): null

26-05-2025T09:37:48 - [TEST_STEP][PASSED] - y = substring(iy, iy + 4).toInteger(): null

26-05-2025T09:37:48 - [TEST_STEP][PASSED] - println(y): null

26-05-2025T09:37:48 - [TEST_STEP][PASSED] - if (toString().length() == 4): null

26-05-2025T09:37:48 - [TEST_STEP][PASSED] - m = m.substring(0, m.indexOf(y.toString())): null

26-05-2025T09:37:48 - [TEST_STEP][PASSED] - m = m.trim(): null

26-05-2025T09:37:48 - [TEST_STEP][PASSED] - if (m == ""): null

26-05-2025T09:37:48 - [TEST_STEP][PASSED] - dashboardName = "Выполнение бизнес-плана": null

26-05-2025T09:37:48 - [TEST_STEP][PASSED] - workbook01 = getWorkbook(excelFilePath): null

26-05-2025T09:37:48 - [TEST_STEP][PASSED] - sheet01 = getExcelSheet(workbook01, sheetName): null

26-05-2025T09:37:48 - [TEST_STEP][PASSED] - setValueToCellByIndex(sheet01, n, 0, dashboardName): null

26-05-2025T09:37:48 - [TEST_STEP][PASSED] - setValueToCellByIndex(sheet01, n, 1, dZO): null

26-05-2025T09:37:48 - [TEST_STEP][PASSED] - setValueToCellByIndex(sheet01, n, 2, typeOfData): null

26-05-2025T09:37:48 - [TEST_STEP][PASSED] - if (typeOfData == "Факт в процентах" || typeOfData == "План в процентах"): null

26-05-2025T09:37:48 - [TEST_STEP][PASSED] - else: null

26-05-2025T09:37:48 - [TEST_STEP][PASSED] - setValueToCellByIndex(sheet01, n, 3, fileInt): null

26-05-2025T09:37:48 - [TEST_STEP][PASSED] - setValueToCellByIndex(sheet01, n, 4, "нет данных"): null

26-05-2025T09:37:48 - [TEST_STEP][PASSED] - setValueToCellByIndex(sheet01, n, 5, m): null

26-05-2025T09:37:48 - [TEST_STEP][PASSED] - setValueToCellByIndex(sheet01, n, 6, y): null

26-05-2025T09:37:48 - [TEST_STEP][PASSED] - setValueToCellByIndex(sheet01, n, 7, todaysDate): null

26-05-2025T09:37:48 - [TEST_STEP][PASSED] - n = n + 1: null

26-05-2025T09:37:48 - [TEST_STEP][PASSED] - saveWorkbook(excelFilePath, workbook01): null

26-05-2025T09:37:49 - [TEST_STEP][PASSED] - typeOfData = "Факт Потери": null

26-05-2025T09:37:49 - [TEST_STEP][PASSED] - fileInt = replaceAll("\s+", "").toInteger(): null

26-05-2025T09:37:49 - [TEST_STEP][PASSED] - Script1718980020443.WriteToExcelNoData(a, typeOfData, todaysDate, fileInt, fileDouble, dZO): null

26-05-2025T09:37:49 - [TEST_STEP][PASSED] - sheetName = "Sheet1": null

26-05-2025T09:37:49 - [TEST_STEP][PASSED] - data = findTestData("PlanFact"): null

26-05-2025T09:37:49 - [TEST_STEP][PASSED] - n = data.getRowNumbers() + 1: null

26-05-2025T09:37:49 - [TEST_STEP][PASSED] - day = ")).toInteger(): null

26-05-2025T09:37:49 - [TEST_STEP][PASSED] - println(day): null

26-05-2025T09:37:49 - [TEST_STEP][PASSED] - month = ")).toInteger(): null

26-05-2025T09:37:49 - [TEST_STEP][PASSED] - println(month): null

26-05-2025T09:37:49 - [TEST_STEP][PASSED] - y = <not implemented yet for class: org.codehaus.groovy.ast.expr.EmptyExpression>: null

26-05-2025T09:37:49 - [TEST_STEP][PASSED] - iy = <not implemented yet for class: org.codehaus.groovy.ast.expr.EmptyExpression>: null

26-05-2025T09:37:49 - [TEST_STEP][PASSED] - m = getText(findTestObject("Выполнение бизнес-плана/Период")): Text of object 'Object Repository/Выполнение бизнес-плана/Период' is: '1 кв. 2025 года'

26-05-2025T09:37:49 - [MESSAGE][PASSED] - Text of object 'Object Repository/Выполнение бизнес-плана/Период' is: '1 кв. 2025 года'

26-05-2025T09:37:49 - [TEST_STEP][PASSED] - iy = m.indexOf("20"): null

26-05-2025T09:37:49 - [TEST_STEP][PASSED] - if (iy > -1): null

26-05-2025T09:37:49 - [TEST_STEP][PASSED] - y = substring(iy, iy + 4).toInteger(): null

26-05-2025T09:37:49 - [TEST_STEP][PASSED] - println(y): null

26-05-2025T09:37:49 - [TEST_STEP][PASSED] - if (toString().length() == 4): null

26-05-2025T09:37:49 - [TEST_STEP][PASSED] - m = m.substring(0, m.indexOf(y.toString())): null

26-05-2025T09:37:49 - [TEST_STEP][PASSED] - m = m.trim(): null

26-05-2025T09:37:49 - [TEST_STEP][PASSED] - if (m == ""): null

26-05-2025T09:37:49 - [TEST_STEP][PASSED] - dashboardName = "Выполнение бизнес-плана": null

26-05-2025T09:37:49 - [TEST_STEP][PASSED] - workbook01 = getWorkbook(excelFilePath): null

26-05-2025T09:37:49 - [TEST_STEP][PASSED] - sheet01 = getExcelSheet(workbook01, sheetName): null

26-05-2025T09:37:49 - [TEST_STEP][PASSED] - setValueToCellByIndex(sheet01, n, 0, dashboardName): null

26-05-2025T09:37:49 - [TEST_STEP][PASSED] - setValueToCellByIndex(sheet01, n, 1, dZO): null

26-05-2025T09:37:49 - [TEST_STEP][PASSED] - setValueToCellByIndex(sheet01, n, 2, typeOfData): null

26-05-2025T09:37:49 - [TEST_STEP][PASSED] - if (typeOfData == "Факт в процентах" || typeOfData == "План в процентах"): null

26-05-2025T09:37:49 - [TEST_STEP][PASSED] - else: null

26-05-2025T09:37:49 - [TEST_STEP][PASSED] - setValueToCellByIndex(sheet01, n, 3, fileInt): null

26-05-2025T09:37:49 - [TEST_STEP][PASSED] - setValueToCellByIndex(sheet01, n, 4, "нет данных"): null

26-05-2025T09:37:49 - [TEST_STEP][PASSED] - setValueToCellByIndex(sheet01, n, 5, m): null

26-05-2025T09:37:49 - [TEST_STEP][PASSED] - setValueToCellByIndex(sheet01, n, 6, y): null

26-05-2025T09:37:49 - [TEST_STEP][PASSED] - setValueToCellByIndex(sheet01, n, 7, todaysDate): null

26-05-2025T09:37:49 - [TEST_STEP][PASSED] - n = n + 1: null

26-05-2025T09:37:49 - [TEST_STEP][PASSED] - saveWorkbook(excelFilePath, workbook01): null

26-05-2025T09:37:49 - [TEST_STEP][PASSED] - typeOfData = "План Отпуск в сеть": null

26-05-2025T09:37:49 - [TEST_STEP][PASSED] - fileInt = replaceAll("\s+", "").toInteger(): null

26-05-2025T09:37:49 - [TEST_STEP][PASSED] - Script1718980020443.WriteToExcelNoData(a, typeOfData, todaysDate, fileInt, fileDouble, dZO): null

26-05-2025T09:37:49 - [TEST_STEP][PASSED] - sheetName = "Sheet1": null

26-05-2025T09:37:49 - [TEST_STEP][PASSED] - data = findTestData("PlanFact"): null

26-05-2025T09:37:49 - [TEST_STEP][PASSED] - n = data.getRowNumbers() + 1: null

26-05-2025T09:37:49 - [TEST_STEP][PASSED] - day = ")).toInteger(): null

26-05-2025T09:37:49 - [TEST_STEP][PASSED] - println(day): null

26-05-2025T09:37:49 - [TEST_STEP][PASSED] - month = ")).toInteger(): null

26-05-2025T09:37:49 - [TEST_STEP][PASSED] - println(month): null

26-05-2025T09:37:49 - [TEST_STEP][PASSED] - y = <not implemented yet for class: org.codehaus.groovy.ast.expr.EmptyExpression>: null

26-05-2025T09:37:49 - [TEST_STEP][PASSED] - iy = <not implemented yet for class: org.codehaus.groovy.ast.expr.EmptyExpression>: null

26-05-2025T09:37:49 - [TEST_STEP][PASSED] - m = getText(findTestObject("Выполнение бизнес-плана/Период")): Text of object 'Object Repository/Выполнение бизнес-плана/Период' is: '1 кв. 2025 года'

26-05-2025T09:37:50 - [MESSAGE][PASSED] - Text of object 'Object Repository/Выполнение бизнес-плана/Период' is: '1 кв. 2025 года'

26-05-2025T09:37:50 - [TEST_STEP][PASSED] - iy = m.indexOf("20"): null

26-05-2025T09:37:50 - [TEST_STEP][PASSED] - if (iy > -1): null

26-05-2025T09:37:50 - [TEST_STEP][PASSED] - y = substring(iy, iy + 4).toInteger(): null

26-05-2025T09:37:50 - [TEST_STEP][PASSED] - println(y): null

26-05-2025T09:37:50 - [TEST_STEP][PASSED] - if (toString().length() == 4): null

26-05-2025T09:37:50 - [TEST_STEP][PASSED] - m = m.substring(0, m.indexOf(y.toString())): null

26-05-2025T09:37:50 - [TEST_STEP][PASSED] - m = m.trim(): null

26-05-2025T09:37:50 - [TEST_STEP][PASSED] - if (m == ""): null

26-05-2025T09:37:50 - [TEST_STEP][PASSED] - dashboardName = "Выполнение бизнес-плана": null

26-05-2025T09:37:50 - [TEST_STEP][PASSED] - workbook01 = getWorkbook(excelFilePath): null

26-05-2025T09:37:50 - [TEST_STEP][PASSED] - sheet01 = getExcelSheet(workbook01, sheetName): null

26-05-2025T09:37:50 - [TEST_STEP][PASSED] - setValueToCellByIndex(sheet01, n, 0, dashboardName): null

26-05-2025T09:37:50 - [TEST_STEP][PASSED] - setValueToCellByIndex(sheet01, n, 1, dZO): null

26-05-2025T09:37:50 - [TEST_STEP][PASSED] - setValueToCellByIndex(sheet01, n, 2, typeOfData): null

26-05-2025T09:37:50 - [TEST_STEP][PASSED] - if (typeOfData == "Факт в процентах" || typeOfData == "План в процентах"): null

26-05-2025T09:37:50 - [TEST_STEP][PASSED] - else: null

26-05-2025T09:37:50 - [TEST_STEP][PASSED] - setValueToCellByIndex(sheet01, n, 3, fileInt): null

26-05-2025T09:37:50 - [TEST_STEP][PASSED] - setValueToCellByIndex(sheet01, n, 4, "нет данных"): null

26-05-2025T09:37:50 - [TEST_STEP][PASSED] - setValueToCellByIndex(sheet01, n, 5, m): null

26-05-2025T09:37:50 - [TEST_STEP][PASSED] - setValueToCellByIndex(sheet01, n, 6, y): null

26-05-2025T09:37:50 - [TEST_STEP][PASSED] - setValueToCellByIndex(sheet01, n, 7, todaysDate): null

26-05-2025T09:37:50 - [TEST_STEP][PASSED] - n = n + 1: null

26-05-2025T09:37:50 - [TEST_STEP][PASSED] - saveWorkbook(excelFilePath, workbook01): null

26-05-2025T09:37:50 - [TEST_STEP][PASSED] - typeOfData = "План Потери": null

26-05-2025T09:37:50 - [TEST_STEP][PASSED] - fileInt = replaceAll("\s+", "").toInteger(): null

26-05-2025T09:37:50 - [TEST_STEP][PASSED] - Script1718980020443.WriteToExcelNoData(a, typeOfData, todaysDate, fileInt, fileDouble, dZO): null

26-05-2025T09:37:50 - [TEST_STEP][PASSED] - sheetName = "Sheet1": null

26-05-2025T09:37:50 - [TEST_STEP][PASSED] - data = findTestData("PlanFact"): null

26-05-2025T09:37:50 - [TEST_STEP][PASSED] - n = data.getRowNumbers() + 1: null

26-05-2025T09:37:50 - [TEST_STEP][PASSED] - day = ")).toInteger(): null

26-05-2025T09:37:50 - [TEST_STEP][PASSED] - println(day): null

26-05-2025T09:37:50 - [TEST_STEP][PASSED] - month = ")).toInteger(): null

26-05-2025T09:37:50 - [TEST_STEP][PASSED] - println(month): null

26-05-2025T09:37:50 - [TEST_STEP][PASSED] - y = <not implemented yet for class: org.codehaus.groovy.ast.expr.EmptyExpression>: null

26-05-2025T09:37:50 - [TEST_STEP][PASSED] - iy = <not implemented yet for class: org.codehaus.groovy.ast.expr.EmptyExpression>: null

26-05-2025T09:37:50 - [TEST_STEP][PASSED] - m = getText(findTestObject("Выполнение бизнес-плана/Период")): Text of object 'Object Repository/Выполнение бизнес-плана/Период' is: '1 кв. 2025 года'

26-05-2025T09:37:50 - [MESSAGE][PASSED] - Text of object 'Object Repository/Выполнение бизнес-плана/Период' is: '1 кв. 2025 года'

26-05-2025T09:37:50 - [TEST_STEP][PASSED] - iy = m.indexOf("20"): null

26-05-2025T09:37:50 - [TEST_STEP][PASSED] - if (iy > -1): null

26-05-2025T09:37:50 - [TEST_STEP][PASSED] - y = substring(iy, iy + 4).toInteger(): null

26-05-2025T09:37:50 - [TEST_STEP][PASSED] - println(y): null

26-05-2025T09:37:50 - [TEST_STEP][PASSED] - if (toString().length() == 4): null

26-05-2025T09:37:50 - [TEST_STEP][PASSED] - m = m.substring(0, m.indexOf(y.toString())): null

26-05-2025T09:37:50 - [TEST_STEP][PASSED] - m = m.trim(): null

26-05-2025T09:37:50 - [TEST_STEP][PASSED] - if (m == ""): null

26-05-2025T09:37:50 - [TEST_STEP][PASSED] - dashboardName = "Выполнение бизнес-плана": null

26-05-2025T09:37:50 - [TEST_STEP][PASSED] - workbook01 = getWorkbook(excelFilePath): null

26-05-2025T09:37:50 - [TEST_STEP][PASSED] - sheet01 = getExcelSheet(workbook01, sheetName): null

26-05-2025T09:37:50 - [TEST_STEP][PASSED] - setValueToCellByIndex(sheet01, n, 0, dashboardName): null

26-05-2025T09:37:50 - [TEST_STEP][PASSED] - setValueToCellByIndex(sheet01, n, 1, dZO): null

26-05-2025T09:37:50 - [TEST_STEP][PASSED] - setValueToCellByIndex(sheet01, n, 2, typeOfData): null

26-05-2025T09:37:50 - [TEST_STEP][PASSED] - if (typeOfData == "Факт в процентах" || typeOfData == "План в процентах"): null

26-05-2025T09:37:50 - [TEST_STEP][PASSED] - else: null

26-05-2025T09:37:50 - [TEST_STEP][PASSED] - setValueToCellByIndex(sheet01, n, 3, fileInt): null

26-05-2025T09:37:50 - [TEST_STEP][PASSED] - setValueToCellByIndex(sheet01, n, 4, "нет данных"): null

26-05-2025T09:37:50 - [TEST_STEP][PASSED] - setValueToCellByIndex(sheet01, n, 5, m): null

26-05-2025T09:37:50 - [TEST_STEP][PASSED] - setValueToCellByIndex(sheet01, n, 6, y): null

26-05-2025T09:37:50 - [TEST_STEP][PASSED] - setValueToCellByIndex(sheet01, n, 7, todaysDate): null

26-05-2025T09:37:50 - [TEST_STEP][PASSED] - n = n + 1: null

26-05-2025T09:37:50 - [TEST_STEP][PASSED] - saveWorkbook(excelFilePath, workbook01): null

26-05-2025T09:37:51 - [TEST_STEP][PASSED] - typeOfData = "План в процентах": null

26-05-2025T09:37:51 - [TEST_STEP][PASSED] - fileDouble = ").toDouble(): null

26-05-2025T09:37:51 - [TEST_STEP][PASSED] - Script1718980020443.WriteToExcelNoData(a, typeOfData, todaysDate, fileInt, fileDouble, dZO): null

26-05-2025T09:37:51 - [TEST_STEP][PASSED] - sheetName = "Sheet1": null

26-05-2025T09:37:51 - [TEST_STEP][PASSED] - data = findTestData("PlanFact"): null

26-05-2025T09:37:51 - [TEST_STEP][PASSED] - n = data.getRowNumbers() + 1: null

26-05-2025T09:37:51 - [TEST_STEP][PASSED] - day = ")).toInteger(): null

26-05-2025T09:37:51 - [TEST_STEP][PASSED] - println(day): null

26-05-2025T09:37:51 - [TEST_STEP][PASSED] - month = ")).toInteger(): null

26-05-2025T09:37:51 - [TEST_STEP][PASSED] - println(month): null

26-05-2025T09:37:51 - [TEST_STEP][PASSED] - y = <not implemented yet for class: org.codehaus.groovy.ast.expr.EmptyExpression>: null

26-05-2025T09:37:51 - [TEST_STEP][PASSED] - iy = <not implemented yet for class: org.codehaus.groovy.ast.expr.EmptyExpression>: null

26-05-2025T09:37:51 - [TEST_STEP][PASSED] - m = getText(findTestObject("Выполнение бизнес-плана/Период")): Text of object 'Object Repository/Выполнение бизнес-плана/Период' is: '1 кв. 2025 года'

26-05-2025T09:37:51 - [MESSAGE][PASSED] - Text of object 'Object Repository/Выполнение бизнес-плана/Период' is: '1 кв. 2025 года'

26-05-2025T09:37:51 - [TEST_STEP][PASSED] - iy = m.indexOf("20"): null

26-05-2025T09:37:51 - [TEST_STEP][PASSED] - if (iy > -1): null

26-05-2025T09:37:51 - [TEST_STEP][PASSED] - y = substring(iy, iy + 4).toInteger(): null

26-05-2025T09:37:51 - [TEST_STEP][PASSED] - println(y): null

26-05-2025T09:37:51 - [TEST_STEP][PASSED] - if (toString().length() == 4): null

26-05-2025T09:37:51 - [TEST_STEP][PASSED] - m = m.substring(0, m.indexOf(y.toString())): null

26-05-2025T09:37:51 - [TEST_STEP][PASSED] - m = m.trim(): null

26-05-2025T09:37:51 - [TEST_STEP][PASSED] - if (m == ""): null

26-05-2025T09:37:51 - [TEST_STEP][PASSED] - dashboardName = "Выполнение бизнес-плана": null

26-05-2025T09:37:51 - [TEST_STEP][PASSED] - workbook01 = getWorkbook(excelFilePath): null

26-05-2025T09:37:51 - [TEST_STEP][PASSED] - sheet01 = getExcelSheet(workbook01, sheetName): null

26-05-2025T09:37:51 - [TEST_STEP][PASSED] - setValueToCellByIndex(sheet01, n, 0, dashboardName): null

26-05-2025T09:37:51 - [TEST_STEP][PASSED] - setValueToCellByIndex(sheet01, n, 1, dZO): null

26-05-2025T09:37:51 - [TEST_STEP][PASSED] - setValueToCellByIndex(sheet01, n, 2, typeOfData): null

26-05-2025T09:37:51 - [TEST_STEP][PASSED] - if (typeOfData == "Факт в процентах" || typeOfData == "План в процентах"): null

26-05-2025T09:37:51 - [TEST_STEP][PASSED] - setValueToCellByIndex(sheet01, n, 3, fileDouble): null

26-05-2025T09:37:51 - [TEST_STEP][PASSED] - setValueToCellByIndex(sheet01, n, 4, "нет данных"): null

26-05-2025T09:37:51 - [TEST_STEP][PASSED] - setValueToCellByIndex(sheet01, n, 5, m): null

26-05-2025T09:37:51 - [TEST_STEP][PASSED] - setValueToCellByIndex(sheet01, n, 6, y): null

26-05-2025T09:37:51 - [TEST_STEP][PASSED] - setValueToCellByIndex(sheet01, n, 7, todaysDate): null

26-05-2025T09:37:51 - [TEST_STEP][PASSED] - n = n + 1: null

26-05-2025T09:37:51 - [TEST_STEP][PASSED] - saveWorkbook(excelFilePath, workbook01): null

26-05-2025T09:37:51 - [TEST_STEP][PASSED] - typeOfData = "Факт в процентах": null

26-05-2025T09:37:51 - [TEST_STEP][PASSED] - fileDouble = ").toDouble(): null

26-05-2025T09:37:51 - [TEST_STEP][PASSED] - Script1718980020443.WriteToExcelNoData(a, typeOfData, todaysDate, fileInt, fileDouble, dZO): null

26-05-2025T09:37:51 - [TEST_STEP][PASSED] - sheetName = "Sheet1": null

26-05-2025T09:37:51 - [TEST_STEP][PASSED] - data = findTestData("PlanFact"): null

26-05-2025T09:37:51 - [TEST_STEP][PASSED] - n = data.getRowNumbers() + 1: null

26-05-2025T09:37:51 - [TEST_STEP][PASSED] - day = ")).toInteger(): null

26-05-2025T09:37:51 - [TEST_STEP][PASSED] - println(day): null

26-05-2025T09:37:51 - [TEST_STEP][PASSED] - month = ")).toInteger(): null

26-05-2025T09:37:51 - [TEST_STEP][PASSED] - println(month): null

26-05-2025T09:37:51 - [TEST_STEP][PASSED] - y = <not implemented yet for class: org.codehaus.groovy.ast.expr.EmptyExpression>: null

26-05-2025T09:37:51 - [TEST_STEP][PASSED] - iy = <not implemented yet for class: org.codehaus.groovy.ast.expr.EmptyExpression>: null

26-05-2025T09:37:51 - [TEST_STEP][PASSED] - m = getText(findTestObject("Выполнение бизнес-плана/Период")): Text of object 'Object Repository/Выполнение бизнес-плана/Период' is: '1 кв. 2025 года'

26-05-2025T09:37:52 - [MESSAGE][PASSED] - Text of object 'Object Repository/Выполнение бизнес-плана/Период' is: '1 кв. 2025 года'

26-05-2025T09:37:52 - [TEST_STEP][PASSED] - iy = m.indexOf("20"): null

26-05-2025T09:37:52 - [TEST_STEP][PASSED] - if (iy > -1): null

26-05-2025T09:37:52 - [TEST_STEP][PASSED] - y = substring(iy, iy + 4).toInteger(): null

26-05-2025T09:37:52 - [TEST_STEP][PASSED] - println(y): null

26-05-2025T09:37:52 - [TEST_STEP][PASSED] - if (toString().length() == 4): null

26-05-2025T09:37:52 - [TEST_STEP][PASSED] - m = m.substring(0, m.indexOf(y.toString())): null

26-05-2025T09:37:52 - [TEST_STEP][PASSED] - m = m.trim(): null

26-05-2025T09:37:52 - [TEST_STEP][PASSED] - if (m == ""): null

26-05-2025T09:37:52 - [TEST_STEP][PASSED] - dashboardName = "Выполнение бизнес-плана": null

26-05-2025T09:37:52 - [TEST_STEP][PASSED] - workbook01 = getWorkbook(excelFilePath): null

26-05-2025T09:37:52 - [TEST_STEP][PASSED] - sheet01 = getExcelSheet(workbook01, sheetName): null

26-05-2025T09:37:52 - [TEST_STEP][PASSED] - setValueToCellByIndex(sheet01, n, 0, dashboardName): null

26-05-2025T09:37:52 - [TEST_STEP][PASSED] - setValueToCellByIndex(sheet01, n, 1, dZO): null

26-05-2025T09:37:52 - [TEST_STEP][PASSED] - setValueToCellByIndex(sheet01, n, 2, typeOfData): null

26-05-2025T09:37:52 - [TEST_STEP][PASSED] - if (typeOfData == "Факт в процентах" || typeOfData == "План в процентах"): null

26-05-2025T09:37:52 - [TEST_STEP][PASSED] - setValueToCellByIndex(sheet01, n, 3, fileDouble): null

26-05-2025T09:37:52 - [TEST_STEP][PASSED] - setValueToCellByIndex(sheet01, n, 4, "нет данных"): null

26-05-2025T09:37:52 - [TEST_STEP][PASSED] - setValueToCellByIndex(sheet01, n, 5, m): null

26-05-2025T09:37:52 - [TEST_STEP][PASSED] - setValueToCellByIndex(sheet01, n, 6, y): null

26-05-2025T09:37:52 - [TEST_STEP][PASSED] - setValueToCellByIndex(sheet01, n, 7, todaysDate): null

26-05-2025T09:37:52 - [TEST_STEP][PASSED] - n = n + 1: null

26-05-2025T09:37:52 - [TEST_STEP][PASSED] - saveWorkbook(excelFilePath, workbook01): null

26-05-2025T09:37:52 - [TEST_STEP][PASSED] - println(dzoNum): null

26-05-2025T09:37:52 - [TEST_STEP][PASSED] - dZO = "Россети Урал (ГК)": null

26-05-2025T09:37:52 - [TEST_STEP][PASSED] - a = 54: null

26-05-2025T09:37:52 - [TEST_STEP][PASSED] - if (x1.contains("Урал")): null

26-05-2025T09:37:52 - [TEST_STEP][PASSED] - dzoNum = dzoNum + 1: null

26-05-2025T09:37:52 - [TEST_STEP][PASSED] - Script1718980020443.Numbers(a, typeOfData, todaysDate, pageInt, fileInt, pageDouble, fileDouble, dZO, dzoNum, filialNum): null

26-05-2025T09:37:52 - [TEST_STEP][PASSED] - println(dzoNum): null

26-05-2025T09:37:52 - [TEST_STEP][PASSED] - planFact = <not implemented yet for class: org.codehaus.groovy.ast.expr.EmptyExpression>: null

26-05-2025T09:37:52 - [TEST_STEP][PASSED] - page = <not implemented yet for class: org.codehaus.groovy.ast.expr.EmptyExpression>: null

26-05-2025T09:37:52 - [TEST_STEP][PASSED] - page1 = <not implemented yet for class: org.codehaus.groovy.ast.expr.EmptyExpression>: null

26-05-2025T09:37:52 - [TEST_STEP][PASSED] - page2 = <not implemented yet for class: org.codehaus.groovy.ast.expr.EmptyExpression>: null

26-05-2025T09:37:52 - [TEST_STEP][PASSED] - filialNumberInRow = <not implemented yet for class: org.codehaus.groovy.ast.expr.EmptyExpression>: null

26-05-2025T09:37:52 - [TEST_STEP][PASSED] - filialsDzoNames = <not implemented yet for class: org.codehaus.groovy.ast.expr.EmptyExpression>: null

26-05-2025T09:37:52 - [TEST_STEP][PASSED] - numberOfFilials = <not implemented yet for class: org.codehaus.groovy.ast.expr.EmptyExpression>: null

26-05-2025T09:37:52 - [TEST_STEP][PASSED] - numberOfSpaces = <not implemented yet for class: org.codehaus.groovy.ast.expr.EmptyExpression>: null

26-05-2025T09:37:52 - [TEST_STEP][PASSED] - file = <not implemented yet for class: org.codehaus.groovy.ast.expr.EmptyExpression>: null

26-05-2025T09:37:52 - [TEST_STEP][PASSED] - otpusk = <not implemented yet for class: org.codehaus.groovy.ast.expr.EmptyExpression>: null

26-05-2025T09:37:52 - [TEST_STEP][PASSED] - poteri = <not implemented yet for class: org.codehaus.groovy.ast.expr.EmptyExpression>: null

26-05-2025T09:37:52 - [TEST_STEP][PASSED] - dataFolder = "Выполнение бизнес-плана/Значения со страницы Выполнение бизнес-плана/": null

26-05-2025T09:37:52 - [TEST_STEP][PASSED] - path = <not implemented yet for class: org.codehaus.groovy.ast.expr.EmptyExpression>: null

26-05-2025T09:37:52 - [TEST_STEP][PASSED] - typeOfDataMain = <not implemented yet for class: org.codehaus.groovy.ast.expr.EmptyExpression>: null

26-05-2025T09:37:52 - [TEST_STEP][PASSED] - fileOtpuskVSet = <not implemented yet for class: org.codehaus.groovy.ast.expr.EmptyExpression>: null

26-05-2025T09:37:52 - [TEST_STEP][PASSED] - pageOtpuskVSet = <not implemented yet for class: org.codehaus.groovy.ast.expr.EmptyExpression>: null

26-05-2025T09:37:52 - [TEST_STEP][PASSED] - filePoteri = <not implemented yet for class: org.codehaus.groovy.ast.expr.EmptyExpression>: null

26-05-2025T09:37:52 - [TEST_STEP][PASSED] - pagePoteri = <not implemented yet for class: org.codehaus.groovy.ast.expr.EmptyExpression>: null

26-05-2025T09:37:52 - [TEST_STEP][PASSED] - compare = <not implemented yet for class: org.codehaus.groovy.ast.expr.EmptyExpression>: null

26-05-2025T09:37:52 - [TEST_STEP][PASSED] - b = <not implemented yet for class: org.codehaus.groovy.ast.expr.EmptyExpression>: null

26-05-2025T09:37:52 - [TEST_STEP][PASSED] - i = <not implemented yet for class: org.codehaus.groovy.ast.expr.EmptyExpression>: null

26-05-2025T09:37:52 - [TEST_STEP][PASSED] - ii = <not implemented yet for class: org.codehaus.groovy.ast.expr.EmptyExpression>: null

26-05-2025T09:37:52 - [TEST_STEP][PASSED] - c = <not implemented yet for class: org.codehaus.groovy.ast.expr.EmptyExpression>: null

26-05-2025T09:37:52 - [TEST_STEP][PASSED] - numberOfErrors = 0: null

26-05-2025T09:37:52 - [TEST_STEP][PASSED] - if (a == 82): null

26-05-2025T09:37:52 - [TEST_STEP][PASSED] - b = findTestData("PlanFact").getValue(1, a): null

26-05-2025T09:37:52 - [TEST_STEP][PASSED] - i = b.indexOf(" (ГК)"): null

26-05-2025T09:37:52 - [TEST_STEP][PASSED] - if (i > -1): null

26-05-2025T09:37:52 - [TEST_STEP][PASSED] - b = b.substring(0, i): null

26-05-2025T09:37:52 - [TEST_STEP][PASSED] - i = b.indexOf("О ""): null

26-05-2025T09:37:52 - [TEST_STEP][PASSED] - if (i > -1): null

26-05-2025T09:37:52 - [TEST_STEP][PASSED] - i = b.indexOf("О «"): null

26-05-2025T09:37:52 - [TEST_STEP][PASSED] - if (i > -1): null

26-05-2025T09:37:52 - [TEST_STEP][PASSED] - i = b.indexOf("г. "): null

26-05-2025T09:37:52 - [TEST_STEP][PASSED] - if (i > -1): null

26-05-2025T09:37:52 - [TEST_STEP][PASSED] - b = b.trim(): null

26-05-2025T09:37:52 - [TEST_STEP][PASSED] - println(b): null

26-05-2025T09:37:52 - [TEST_STEP][PASSED] - for ([planFact = 1, planFact < 3, (planFact++)]): null

26-05-2025T09:37:52 - [TEST_STEP][PASSED] - if (planFact == 1): null

26-05-2025T09:37:52 - [TEST_STEP][PASSED] - typeOfDataMain = "Факт": null

26-05-2025T09:37:52 - [TEST_STEP][PASSED] - otpusk = findTestData("PlanFact").getValue(5, a): null

26-05-2025T09:37:52 - [TEST_STEP][PASSED] - poteri = findTestData("PlanFact").getValue(6, a): null

26-05-2025T09:37:52 - [TEST_STEP][PASSED] - otpusk = otpusk.replaceAll("\s+", ""): null

26-05-2025T09:37:52 - [TEST_STEP][PASSED] - poteri = poteri.replaceAll("\s+", ""): null

26-05-2025T09:37:52 - [TEST_STEP][PASSED] - typeOfData = typeOfDataMain + " Отпуск в сеть": null

26-05-2025T09:37:52 - [TEST_STEP][PASSED] - if (a == 82): null

26-05-2025T09:37:52 - [TEST_STEP][PASSED] - else if (a == 84): null

26-05-2025T09:37:52 - [TEST_STEP][PASSED] - else if (a == 83 || a == 52 || a == 72 || a == 28 || a == 73 || a == 77 || a == 74 || a == 65 || a == 36 || a == 44 || a == 53 || a == 80 || a == 54 || a == 1 || a == 18 || a == 59 || a == 81): null

26-05-2025T09:37:52 - [TEST_STEP][PASSED] - path = dataFolder + "Table Data/" + typeOfData + " за отчётный период " + dzoNum: null

26-05-2025T09:37:52 - [TEST_STEP][PASSED] - println(path): null

26-05-2025T09:37:52 - [TEST_STEP][PASSED] - page = getText(findTestObject(path)): Text of object 'Object Repository/Выполнение бизнес-плана/Значения со страницы Выполнение бизнес-плана/Table Data/Факт Отпуск в сеть за отчётный период 6' is: '19 698 947'

26-05-2025T09:37:52 - [MESSAGE][PASSED] - Text of object 'Object Repository/Выполнение бизнес-плана/Значения со страницы Выполнение бизнес-плана/Table Data/Факт Отпуск в сеть за отчётный период 6' is: '19 698 947'

26-05-2025T09:37:52 - [TEST_STEP][PASSED] - if (page == "" || page == null): null

26-05-2025T09:37:52 - [TEST_STEP][PASSED] - else: null

26-05-2025T09:37:52 - [TEST_STEP][PASSED] - page = page.replaceAll("\s+", ""): null

26-05-2025T09:37:52 - [TEST_STEP][PASSED] - if (page == "undefined"): null

26-05-2025T09:37:52 - [TEST_STEP][PASSED] - fileOtpuskVSet = otpusk.toInteger(): null

26-05-2025T09:37:52 - [TEST_STEP][PASSED] - pageOtpuskVSet = page.toInteger(): null

26-05-2025T09:37:52 - [TEST_STEP][PASSED] - typeOfData = typeOfDataMain + " Потери": null

26-05-2025T09:37:52 - [TEST_STEP][PASSED] - if (a == 82): null

26-05-2025T09:37:52 - [TEST_STEP][PASSED] - else if (a == 84): null

26-05-2025T09:37:52 - [TEST_STEP][PASSED] - else if (a == 83 || a == 52 || a == 72 || a == 28 || a == 73 || a == 77 || a == 74 || a == 65 || a == 36 || a == 44 || a == 53 || a == 80 || a == 54 || a == 1 || a == 18 || a == 59 || a == 81): null

26-05-2025T09:37:52 - [TEST_STEP][PASSED] - path = dataFolder + "Table Data/" + typeOfData + " за отчётный период " + dzoNum: null

26-05-2025T09:37:52 - [TEST_STEP][PASSED] - page = getText(findTestObject(path)): Text of object 'Object Repository/Выполнение бизнес-плана/Значения со страницы Выполнение бизнес-плана/Table Data/Факт Потери за отчётный период 6' is: '1 305 803'

26-05-2025T09:37:53 - [MESSAGE][PASSED] - Text of object 'Object Repository/Выполнение бизнес-плана/Значения со страницы Выполнение бизнес-плана/Table Data/Факт Потери за отчётный период 6' is: '1 305 803'

26-05-2025T09:37:53 - [TEST_STEP][PASSED] - if (page == "" || page == null): null

26-05-2025T09:37:53 - [TEST_STEP][PASSED] - else: null

26-05-2025T09:37:53 - [TEST_STEP][PASSED] - page = page.replaceAll("\s+", ""): null

26-05-2025T09:37:53 - [TEST_STEP][PASSED] - if (page == "undefined"): null

26-05-2025T09:37:53 - [TEST_STEP][PASSED] - filePoteri = poteri.toInteger(): null

26-05-2025T09:37:53 - [TEST_STEP][PASSED] - pagePoteri = page.toInteger(): null

26-05-2025T09:37:53 - [TEST_STEP][PASSED] - compare = pageOtpuskVSet: null

26-05-2025T09:37:53 - [TEST_STEP][PASSED] - if (pageOtpuskVSet != null): null

26-05-2025T09:37:53 - [TEST_STEP][PASSED] - if (compare == fileOtpuskVSet): null

26-05-2025T09:37:53 - [TEST_STEP][PASSED] - if (compare == fileOtpuskVSet): null

26-05-2025T09:37:53 - [TEST_STEP][PASSED] - compare = pagePoteri: null

26-05-2025T09:37:53 - [TEST_STEP][PASSED] - if (pageOtpuskVSet != null): null

26-05-2025T09:37:53 - [TEST_STEP][PASSED] - if (compare == filePoteri): null

26-05-2025T09:37:53 - [TEST_STEP][PASSED] - if (compare == filePoteri): null

26-05-2025T09:37:53 - [TEST_STEP][PASSED] - if (planFact == 2): null

26-05-2025T09:37:53 - [TEST_STEP][PASSED] - if (planFact == 1): null

26-05-2025T09:37:53 - [TEST_STEP][PASSED] - else if (planFact == 2): null

26-05-2025T09:37:53 - [TEST_STEP][PASSED] - click(findTestObject("Выполнение бизнес-плана/Кнопка План")): Object: 'Object Repository/Выполнение бизнес-плана/Кнопка План' is clicked on

26-05-2025T09:37:53 - [MESSAGE][PASSED] - Object: 'Object Repository/Выполнение бизнес-плана/Кнопка План' is clicked on

26-05-2025T09:37:53 - [TEST_STEP][PASSED] - typeOfDataMain = "План": null

26-05-2025T09:37:53 - [TEST_STEP][PASSED] - otpusk = findTestData("PlanFact").getValue(2, a): null

26-05-2025T09:37:53 - [TEST_STEP][PASSED] - poteri = findTestData("PlanFact").getValue(3, a): null

26-05-2025T09:37:53 - [TEST_STEP][PASSED] - otpusk = otpusk.replaceAll("\s+", ""): null

26-05-2025T09:37:53 - [TEST_STEP][PASSED] - poteri = poteri.replaceAll("\s+", ""): null

26-05-2025T09:37:53 - [TEST_STEP][PASSED] - typeOfData = typeOfDataMain + " Отпуск в сеть": null

26-05-2025T09:37:53 - [TEST_STEP][PASSED] - if (a == 82): null

26-05-2025T09:37:53 - [TEST_STEP][PASSED] - else if (a == 84): null

26-05-2025T09:37:53 - [TEST_STEP][PASSED] - else if (a == 83 || a == 52 || a == 72 || a == 28 || a == 73 || a == 77 || a == 74 || a == 65 || a == 36 || a == 44 || a == 53 || a == 80 || a == 54 || a == 1 || a == 18 || a == 59 || a == 81): null

26-05-2025T09:37:53 - [TEST_STEP][PASSED] - path = dataFolder + "Table Data/" + typeOfData + " за отчётный период " + dzoNum: null

26-05-2025T09:37:53 - [TEST_STEP][PASSED] - println(path): null

26-05-2025T09:37:53 - [TEST_STEP][PASSED] - page = getText(findTestObject(path)): Text of object 'Object Repository/Выполнение бизнес-плана/Значения со страницы Выполнение бизнес-плана/Table Data/План Отпуск в сеть за отчётный период 6' is: '20 275 424'

26-05-2025T09:37:53 - [MESSAGE][PASSED] - Text of object 'Object Repository/Выполнение бизнес-плана/Значения со страницы Выполнение бизнес-плана/Table Data/План Отпуск в сеть за отчётный период 6' is: '20 275 424'

26-05-2025T09:37:53 - [TEST_STEP][PASSED] - if (page == "" || page == null): null

26-05-2025T09:37:53 - [TEST_STEP][PASSED] - else: null

26-05-2025T09:37:53 - [TEST_STEP][PASSED] - page = page.replaceAll("\s+", ""): null

26-05-2025T09:37:53 - [TEST_STEP][PASSED] - if (page == "undefined"): null

26-05-2025T09:37:53 - [TEST_STEP][PASSED] - fileOtpuskVSet = otpusk.toInteger(): null

26-05-2025T09:37:53 - [TEST_STEP][PASSED] - pageOtpuskVSet = page.toInteger(): null

26-05-2025T09:37:53 - [TEST_STEP][PASSED] - typeOfData = typeOfDataMain + " Потери": null

26-05-2025T09:37:53 - [TEST_STEP][PASSED] - if (a == 82): null

26-05-2025T09:37:53 - [TEST_STEP][PASSED] - else if (a == 84): null

26-05-2025T09:37:53 - [TEST_STEP][PASSED] - else if (a == 83 || a == 52 || a == 72 || a == 28 || a == 73 || a == 77 || a == 74 || a == 65 || a == 36 || a == 44 || a == 53 || a == 80 || a == 54 || a == 1 || a == 18 || a == 59 || a == 81): null

26-05-2025T09:37:53 - [TEST_STEP][PASSED] - path = dataFolder + "Table Data/" + typeOfData + " за отчётный период " + dzoNum: null

26-05-2025T09:37:53 - [TEST_STEP][PASSED] - page = getText(findTestObject(path)): Text of object 'Object Repository/Выполнение бизнес-плана/Значения со страницы Выполнение бизнес-плана/Table Data/План Потери за отчётный период 6' is: '1 395 088'

26-05-2025T09:37:54 - [MESSAGE][PASSED] - Text of object 'Object Repository/Выполнение бизнес-плана/Значения со страницы Выполнение бизнес-плана/Table Data/План Потери за отчётный период 6' is: '1 395 088'

26-05-2025T09:37:54 - [TEST_STEP][PASSED] - if (page == "" || page == null): null

26-05-2025T09:37:54 - [TEST_STEP][PASSED] - else: null

26-05-2025T09:37:54 - [TEST_STEP][PASSED] - page = page.replaceAll("\s+", ""): null

26-05-2025T09:37:54 - [TEST_STEP][PASSED] - if (page == "undefined"): null

26-05-2025T09:37:54 - [TEST_STEP][PASSED] - filePoteri = poteri.toInteger(): null

26-05-2025T09:37:54 - [TEST_STEP][PASSED] - pagePoteri = page.toInteger(): null

26-05-2025T09:37:54 - [TEST_STEP][PASSED] - compare = pageOtpuskVSet: null

26-05-2025T09:37:54 - [TEST_STEP][PASSED] - if (pageOtpuskVSet != null): null

26-05-2025T09:37:54 - [TEST_STEP][PASSED] - if (compare == fileOtpuskVSet): null

26-05-2025T09:37:54 - [TEST_STEP][PASSED] - if (compare == fileOtpuskVSet): null

26-05-2025T09:37:54 - [TEST_STEP][PASSED] - compare = pagePoteri: null

26-05-2025T09:37:54 - [TEST_STEP][PASSED] - if (pageOtpuskVSet != null): null

26-05-2025T09:37:54 - [TEST_STEP][PASSED] - if (compare == filePoteri): null

26-05-2025T09:37:54 - [TEST_STEP][PASSED] - else if (compare > filePoteri): null

26-05-2025T09:37:54 - [TEST_STEP][PASSED] - else if (compare < filePoteri): null

26-05-2025T09:37:54 - [TEST_STEP][PASSED] - compare = compare + 1: null

26-05-2025T09:37:54 - [TEST_STEP][PASSED] - if (compare == filePoteri): null

26-05-2025T09:37:54 - [TEST_STEP][PASSED] - else: null

26-05-2025T09:37:54 - [TEST_STEP][PASSED] - numberOfErrors = numberOfErrors + 1: null

26-05-2025T09:37:54 - [TEST_STEP][PASSED] - pageInt = pagePoteri: null

26-05-2025T09:37:54 - [TEST_STEP][PASSED] - fileInt = filePoteri: null

26-05-2025T09:37:54 - [TEST_STEP][PASSED] - typeOfData = typeOfDataMain + " Потери": null

26-05-2025T09:37:54 - [TEST_STEP][PASSED] - Script1718980020443.WriteToExcel(a, typeOfData, todaysDate, pageInt, fileInt, pageDouble, fileDouble, dZO): null

26-05-2025T09:37:54 - [TEST_STEP][PASSED] - sheetName = "Sheet1": null

26-05-2025T09:37:54 - [TEST_STEP][PASSED] - data = findTestData("PlanFact"): null

26-05-2025T09:37:54 - [TEST_STEP][PASSED] - n = data.getRowNumbers() + 1: null

26-05-2025T09:37:54 - [TEST_STEP][PASSED] - day = ")).toInteger(): null

26-05-2025T09:37:54 - [TEST_STEP][PASSED] - println(day): null

26-05-2025T09:37:54 - [TEST_STEP][PASSED] - month = ")).toInteger(): null

26-05-2025T09:37:54 - [TEST_STEP][PASSED] - println(month): null

26-05-2025T09:37:54 - [TEST_STEP][PASSED] - y = <not implemented yet for class: org.codehaus.groovy.ast.expr.EmptyExpression>: null

26-05-2025T09:37:54 - [TEST_STEP][PASSED] - iy = <not implemented yet for class: org.codehaus.groovy.ast.expr.EmptyExpression>: null

26-05-2025T09:37:54 - [TEST_STEP][PASSED] - m = getText(findTestObject("Выполнение бизнес-плана/Период")): Text of object 'Object Repository/Выполнение бизнес-плана/Период' is: '1 кв. 2025 года'

26-05-2025T09:37:54 - [MESSAGE][PASSED] - Text of object 'Object Repository/Выполнение бизнес-плана/Период' is: '1 кв. 2025 года'

26-05-2025T09:37:54 - [TEST_STEP][PASSED] - iy = m.indexOf("20"): null

26-05-2025T09:37:54 - [TEST_STEP][PASSED] - if (iy > -1): null

26-05-2025T09:37:54 - [TEST_STEP][PASSED] - y = substring(iy, iy + 4).toInteger(): null

26-05-2025T09:37:54 - [TEST_STEP][PASSED] - println(y): null

26-05-2025T09:37:54 - [TEST_STEP][PASSED] - if (toString().length() == 4): null

26-05-2025T09:37:54 - [TEST_STEP][PASSED] - m = m.substring(0, m.indexOf(y.toString())): null

26-05-2025T09:37:54 - [TEST_STEP][PASSED] - m = m.trim(): null

26-05-2025T09:37:54 - [TEST_STEP][PASSED] - if (m == ""): null

26-05-2025T09:37:54 - [TEST_STEP][PASSED] - dashboardName = "Выполнение бизнес-плана": null

26-05-2025T09:37:54 - [TEST_STEP][PASSED] - workbook01 = getWorkbook(excelFilePath): null

26-05-2025T09:37:54 - [TEST_STEP][PASSED] - sheet01 = getExcelSheet(workbook01, sheetName): null

26-05-2025T09:37:54 - [TEST_STEP][PASSED] - setValueToCellByIndex(sheet01, n, 0, dashboardName): null

26-05-2025T09:37:54 - [TEST_STEP][PASSED] - setValueToCellByIndex(sheet01, n, 1, dZO): null

26-05-2025T09:37:54 - [TEST_STEP][PASSED] - setValueToCellByIndex(sheet01, n, 2, typeOfData): null

26-05-2025T09:37:54 - [TEST_STEP][PASSED] - if (typeOfData == "Факт в процентах" || typeOfData == "План в процентах"): null

26-05-2025T09:37:54 - [TEST_STEP][PASSED] - else: null

26-05-2025T09:37:54 - [TEST_STEP][PASSED] - setValueToCellByIndex(sheet01, n, 3, fileInt): null

26-05-2025T09:37:54 - [TEST_STEP][PASSED] - setValueToCellByIndex(sheet01, n, 4, pageInt): null

26-05-2025T09:37:54 - [TEST_STEP][PASSED] - setValueToCellByIndex(sheet01, n, 5, m): null

26-05-2025T09:37:54 - [TEST_STEP][PASSED] - setValueToCellByIndex(sheet01, n, 6, y): null

26-05-2025T09:37:54 - [TEST_STEP][PASSED] - setValueToCellByIndex(sheet01, n, 7, todaysDate): null

26-05-2025T09:37:54 - [TEST_STEP][PASSED] - n = n + 1: null

26-05-2025T09:37:54 - [TEST_STEP][PASSED] - saveWorkbook(excelFilePath, workbook01): Object: 'Object Repository/Выполнение бизнес-плана/Кнопка Факт' is clicked on

26-05-2025T09:37:54 - [TEST_STEP][PASSED] - if (planFact == 2): Object: 'Object Repository/Выполнение бизнес-плана/Кнопка Факт' is clicked on

26-05-2025T09:37:54 - [TEST_STEP][PASSED] - click(findTestObject("Выполнение бизнес-плана/Кнопка Факт")): Object: 'Object Repository/Выполнение бизнес-плана/Кнопка Факт' is clicked on

26-05-2025T09:37:55 - [MESSAGE][PASSED] - Object: 'Object Repository/Выполнение бизнес-плана/Кнопка Факт' is clicked on

26-05-2025T09:37:55 - [TEST_STEP][PASSED] - println("a=" + a): null

26-05-2025T09:37:55 - [TEST_STEP][PASSED] - if (a == 84 || a == 82): null

26-05-2025T09:37:55 - [TEST_STEP][PASSED] - else if (a == 83 || a == 52 || a == 72 || a == 28 || a == 73 || a == 77 || a == 74 || a == 65 || a == 36 || a == 44 || a == 53 || a == 80 || a == 54 || a == 1 || a == 18 || a == 59 || a == 81): null

26-05-2025T09:37:55 - [TEST_STEP][PASSED] - page1 = getText(findTestObject("Object Repository/Выполнение бизнес-плана/spanPlan" + dzoNum)): Text of object 'Object Repository/Выполнение бизнес-плана/spanPlan6' is: '6.88
|'

26-05-2025T09:37:55 - [MESSAGE][PASSED] - Text of object 'Object Repository/Выполнение бизнес-плана/spanPlan6' is: '6.88
|'

26-05-2025T09:37:55 - [TEST_STEP][PASSED] - page1 = page1.replace("|", ""): null

26-05-2025T09:37:55 - [TEST_STEP][PASSED] - page2 = getText(findTestObject("Object Repository/Выполнение бизнес-плана/spanFact" + dzoNum)): Text of object 'Object Repository/Выполнение бизнес-плана/spanFact6' is: '6.63'

26-05-2025T09:37:55 - [MESSAGE][PASSED] - Text of object 'Object Repository/Выполнение бизнес-плана/spanFact6' is: '6.63'

26-05-2025T09:37:55 - [TEST_STEP][PASSED] - page2 = page2.replace("|", ""): null

26-05-2025T09:37:55 - [TEST_STEP][PASSED] - println("page1: " + page1): null

26-05-2025T09:37:55 - [TEST_STEP][PASSED] - println("page2: " + page2): null

26-05-2025T09:37:55 - [TEST_STEP][PASSED] - file = findTestData("PlanFact").getValue(4, a): null

26-05-2025T09:37:55 - [TEST_STEP][PASSED] - file = file.replace(",", "."): null

26-05-2025T09:37:55 - [TEST_STEP][PASSED] - println("file Plan: " + file): null

26-05-2025T09:37:55 - [TEST_STEP][PASSED] - typeOfData = "План в процентах": null

26-05-2025T09:37:55 - [TEST_STEP][PASSED] - fileDouble = file.toDouble(): null

26-05-2025T09:37:55 - [TEST_STEP][PASSED] - pageDouble = page1.toDouble(): null

26-05-2025T09:37:55 - [TEST_STEP][PASSED] - if (fileDouble != pageDouble): null

26-05-2025T09:37:55 - [TEST_STEP][PASSED] - numberOfErrors = numberOfErrors + 1: null

26-05-2025T09:37:55 - [TEST_STEP][PASSED] - Script1718980020443.WriteToExcel(a, typeOfData, todaysDate, pageInt, fileInt, pageDouble, fileDouble, dZO): null

26-05-2025T09:37:55 - [TEST_STEP][PASSED] - sheetName = "Sheet1": null

26-05-2025T09:37:55 - [TEST_STEP][PASSED] - data = findTestData("PlanFact"): null

26-05-2025T09:37:55 - [TEST_STEP][PASSED] - n = data.getRowNumbers() + 1: null

26-05-2025T09:37:55 - [TEST_STEP][PASSED] - day = ")).toInteger(): null

26-05-2025T09:37:55 - [TEST_STEP][PASSED] - println(day): null

26-05-2025T09:37:55 - [TEST_STEP][PASSED] - month = ")).toInteger(): null

26-05-2025T09:37:55 - [TEST_STEP][PASSED] - println(month): null

26-05-2025T09:37:55 - [TEST_STEP][PASSED] - y = <not implemented yet for class: org.codehaus.groovy.ast.expr.EmptyExpression>: null

26-05-2025T09:37:55 - [TEST_STEP][PASSED] - iy = <not implemented yet for class: org.codehaus.groovy.ast.expr.EmptyExpression>: null

26-05-2025T09:37:55 - [TEST_STEP][PASSED] - m = getText(findTestObject("Выполнение бизнес-плана/Период")): Text of object 'Object Repository/Выполнение бизнес-плана/Период' is: '1 кв. 2025 года'

26-05-2025T09:37:56 - [MESSAGE][PASSED] - Text of object 'Object Repository/Выполнение бизнес-плана/Период' is: '1 кв. 2025 года'

26-05-2025T09:37:56 - [TEST_STEP][PASSED] - iy = m.indexOf("20"): null

26-05-2025T09:37:56 - [TEST_STEP][PASSED] - if (iy > -1): null

26-05-2025T09:37:56 - [TEST_STEP][PASSED] - y = substring(iy, iy + 4).toInteger(): null

26-05-2025T09:37:56 - [TEST_STEP][PASSED] - println(y): null

26-05-2025T09:37:56 - [TEST_STEP][PASSED] - if (toString().length() == 4): null

26-05-2025T09:37:56 - [TEST_STEP][PASSED] - m = m.substring(0, m.indexOf(y.toString())): null

26-05-2025T09:37:56 - [TEST_STEP][PASSED] - m = m.trim(): null

26-05-2025T09:37:56 - [TEST_STEP][PASSED] - if (m == ""): null

26-05-2025T09:37:56 - [TEST_STEP][PASSED] - dashboardName = "Выполнение бизнес-плана": null

26-05-2025T09:37:56 - [TEST_STEP][PASSED] - workbook01 = getWorkbook(excelFilePath): null

26-05-2025T09:37:56 - [TEST_STEP][PASSED] - sheet01 = getExcelSheet(workbook01, sheetName): null

26-05-2025T09:37:56 - [TEST_STEP][PASSED] - setValueToCellByIndex(sheet01, n, 0, dashboardName): null

26-05-2025T09:37:56 - [TEST_STEP][PASSED] - setValueToCellByIndex(sheet01, n, 1, dZO): null

26-05-2025T09:37:56 - [TEST_STEP][PASSED] - setValueToCellByIndex(sheet01, n, 2, typeOfData): null

26-05-2025T09:37:56 - [TEST_STEP][PASSED] - if (typeOfData == "Факт в процентах" || typeOfData == "План в процентах"): null

26-05-2025T09:37:56 - [TEST_STEP][PASSED] - setValueToCellByIndex(sheet01, n, 3, fileDouble): null

26-05-2025T09:37:56 - [TEST_STEP][PASSED] - setValueToCellByIndex(sheet01, n, 4, pageDouble): null

26-05-2025T09:37:56 - [TEST_STEP][PASSED] - setValueToCellByIndex(sheet01, n, 5, m): null

26-05-2025T09:37:56 - [TEST_STEP][PASSED] - setValueToCellByIndex(sheet01, n, 6, y): null

26-05-2025T09:37:56 - [TEST_STEP][PASSED] - setValueToCellByIndex(sheet01, n, 7, todaysDate): null

26-05-2025T09:37:56 - [TEST_STEP][PASSED] - n = n + 1: null

26-05-2025T09:37:56 - [TEST_STEP][PASSED] - saveWorkbook(excelFilePath, workbook01): null

26-05-2025T09:37:56 - [TEST_STEP][PASSED] - file = findTestData("PlanFact").getValue(7, a): null

26-05-2025T09:37:56 - [TEST_STEP][PASSED] - file = file.replace(",", "."): null

26-05-2025T09:37:56 - [TEST_STEP][PASSED] - println("file Fact: " + file): null

26-05-2025T09:37:56 - [TEST_STEP][PASSED] - fileDouble = file.toDouble(): null

26-05-2025T09:37:56 - [TEST_STEP][PASSED] - typeOfData = "Факт в процентах": null

26-05-2025T09:37:56 - [TEST_STEP][PASSED] - fileDouble = file.toDouble(): null

26-05-2025T09:37:56 - [TEST_STEP][PASSED] - pageDouble = page2.toDouble(): null

26-05-2025T09:37:56 - [TEST_STEP][PASSED] - if (fileDouble != pageDouble): null

26-05-2025T09:37:56 - [TEST_STEP][FAILED] - if (verifyEqual(numberOfErrors, 0) == false): null

26-05-2025T09:37:56 - [MESSAGE][FAILED] - Unable to verify equal between actual object '2' and expected object '0' (Root cause: com.kms.katalon.core.exception.StepFailedException: Actual object '2' and expected object '0' are not equal
	at com.kms.katalon.core.keyword.builtin.VerifyEqualKeyword$_verifyEqual_closure1.doCall(VerifyEqualKeyword.groovy:58)
	at com.kms.katalon.core.keyword.builtin.VerifyEqualKeyword$_verifyEqual_closure1.call(VerifyEqualKeyword.groovy)
	at com.kms.katalon.core.keyword.internal.KeywordMain.runKeyword(KeywordMain.groovy:75)
	at com.kms.katalon.core.keyword.builtin.VerifyEqualKeyword.verifyEqual(VerifyEqualKeyword.groovy:63)
	at com.kms.katalon.core.keyword.builtin.VerifyEqualKeyword.execute(VerifyEqualKeyword.groovy:44)
	at com.kms.katalon.core.keyword.internal.KeywordExecutor.executeKeywordForPlatform(KeywordExecutor.groovy:74)
	at com.kms.katalon.core.keyword.BuiltinKeywords.verifyEqual(BuiltinKeywords.groovy:146)
	at jdk.internal.reflect.GeneratedMethodAccessor23.invoke(Unknown Source)
	at java.base/jdk.internal.reflect.DelegatingMethodAccessorImpl.invoke(DelegatingMethodAccessorImpl.java:43)
	at Выполнение бизнес-плана Сверка ПАО Россети все филиалы.Numbers(Выполнение бизнес-плана Сверка ПАО Россети все филиалы:749)
	at Выполнение бизнес-плана Сверка ПАО Россети все филиалы.run(Выполнение бизнес-плана Сверка ПАО Россети все филиалы:353)
	at com.kms.katalon.core.main.ScriptEngine.run(ScriptEngine.java:194)
	at com.kms.katalon.core.main.ScriptEngine.runScriptAsRawText(ScriptEngine.java:119)
	at com.kms.katalon.core.main.TestCaseExecutor.runScript(TestCaseExecutor.java:448)
	at com.kms.katalon.core.main.TestCaseExecutor.doExecute(TestCaseExecutor.java:439)
	at com.kms.katalon.core.main.TestCaseExecutor.processExecutionPhase(TestCaseExecutor.java:418)
	at com.kms.katalon.core.main.TestCaseExecutor.accessMainPhase(TestCaseExecutor.java:410)
	at com.kms.katalon.core.main.TestCaseExecutor.execute(TestCaseExecutor.java:285)
	at com.kms.katalon.core.common.CommonExecutor.accessTestCaseMainPhase(CommonExecutor.java:65)
	at com.kms.katalon.core.main.TestSuiteExecutor.accessTestSuiteMainPhase(TestSuiteExecutor.java:150)
	at com.kms.katalon.core.main.TestSuiteExecutor.execute(TestSuiteExecutor.java:106)
	at com.kms.katalon.core.main.TestCaseMain.startTestSuite(TestCaseMain.java:180)
	at TempTestSuite1748228991768.run(TempTestSuite1748228991768.groovy:35)
	at java.base/jdk.internal.reflect.NativeMethodAccessorImpl.invoke0(Native Method)
	at java.base/jdk.internal.reflect.NativeMethodAccessorImpl.invoke(NativeMethodAccessorImpl.java:77)
	at java.base/jdk.internal.reflect.DelegatingMethodAccessorImpl.invoke(DelegatingMethodAccessorImpl.java:43)
)

26-05-2025T09:37:56 - [TEST_STEP][PASSED] - println(numberOfErrors): null

26-05-2025T09:37:56 - [TEST_STEP][PASSED] - println("a=" + a): null

26-05-2025T09:37:56 - [TEST_STEP][PASSED] - if (a == 28 || a == 77 || a == 74 || a == 65 || a == 36 || a == 44 || a == 54 || a == 1 || a == 18 || a == 59): null

26-05-2025T09:37:56 - [TEST_STEP][PASSED] - Script1718980020443.Filials(a, typeOfData, todaysDate, pageInt, fileInt, pageDouble, fileDouble, dZO, dzoNum, filialNum): null

26-05-2025T09:37:56 - [TEST_STEP][PASSED] - i = <not implemented yet for class: org.codehaus.groovy.ast.expr.EmptyExpression>: null

26-05-2025T09:37:56 - [TEST_STEP][PASSED] - c = <not implemented yet for class: org.codehaus.groovy.ast.expr.EmptyExpression>: null

26-05-2025T09:37:56 - [TEST_STEP][PASSED] - page = <not implemented yet for class: org.codehaus.groovy.ast.expr.EmptyExpression>: null

26-05-2025T09:37:56 - [TEST_STEP][PASSED] - println(dZO): null

26-05-2025T09:37:56 - [TEST_STEP][PASSED] - reducedDZO = <not implemented yet for class: org.codehaus.groovy.ast.expr.EmptyExpression>: null

26-05-2025T09:37:56 - [TEST_STEP][PASSED] - reducedDZO = dZO.substring(dZO.indexOf(" ") + 1, dZO.length()): null

26-05-2025T09:37:56 - [TEST_STEP][PASSED] - if (reducedDZO.contains(" ")): null

26-05-2025T09:37:56 - [TEST_STEP][PASSED] - reducedDZO = reducedDZO.substring(reducedDZO.indexOf(" ") + 1, reducedDZO.length()): null

26-05-2025T09:37:56 - [TEST_STEP][PASSED] - if (reducedDZO.contains(" ")): null

26-05-2025T09:37:56 - [TEST_STEP][PASSED] - println(reducedDZO): null

26-05-2025T09:37:56 - [TEST_STEP][PASSED] - dzoCut = <not implemented yet for class: org.codehaus.groovy.ast.expr.EmptyExpression>: null

26-05-2025T09:37:56 - [TEST_STEP][PASSED] - Script1718980020443.DZO(a): null

26-05-2025T09:37:56 - [TEST_STEP][PASSED] - delay(30): Delayed 30 second(s)

26-05-2025T09:38:26 - [MESSAGE][PASSED] - Delayed 30 second(s)

26-05-2025T09:38:26 - [TEST_STEP][PASSED] - Script1718980020443.OpenFilter(): null

26-05-2025T09:38:26 - [TEST_STEP][PASSED] - click(findTestObject("Object Repository/Выполнение бизнес-плана/Фильтр ДЗО")): Object: 'Object Repository/Выполнение бизнес-плана/Фильтр ДЗО' is clicked on

26-05-2025T09:38:26 - [MESSAGE][PASSED] - Object: 'Object Repository/Выполнение бизнес-плана/Фильтр ДЗО' is clicked on

26-05-2025T09:38:26 - [TEST_STEP][PASSED] - click(findTestObject("Выполнение бизнес-плана/Снять выделение в фильтре ДЗО")): Object: 'Object Repository/Выполнение бизнес-плана/Снять выделение в фильтре ДЗО' is clicked on

26-05-2025T09:38:27 - [MESSAGE][PASSED] - Object: 'Object Repository/Выполнение бизнес-плана/Снять выделение в фильтре ДЗО' is clicked on

26-05-2025T09:38:27 - [TEST_STEP][PASSED] - Script1718980020443.OpenRSK(): null

26-05-2025T09:38:27 - [TEST_STEP][PASSED] - click(findTestObject("Выполнение бизнес-плана/Раскрыть список ПАО Россети в фильтре ДЗО")): Object: 'Object Repository/Выполнение бизнес-плана/Раскрыть список ПАО Россети в фильтре ДЗО' is clicked on

26-05-2025T09:38:27 - [MESSAGE][PASSED] - Object: 'Object Repository/Выполнение бизнес-плана/Раскрыть список ПАО Россети в фильтре ДЗО' is clicked on

26-05-2025T09:38:27 - [TEST_STEP][PASSED] - click(findTestObject("Выполнение бизнес-плана/Раскрыть список РаспредКомплекс в фильтре ДЗО")): Object: 'Object Repository/Выполнение бизнес-плана/Раскрыть список РаспредКомплекс в фильтре ДЗО' is clicked on

26-05-2025T09:38:28 - [MESSAGE][PASSED] - Object: 'Object Repository/Выполнение бизнес-плана/Раскрыть список РаспредКомплекс в фильтре ДЗО' is clicked on

26-05-2025T09:38:28 - [TEST_STEP][PASSED] - if (a == 28): null

26-05-2025T09:38:28 - [TEST_STEP][PASSED] - if (a == 77): null

26-05-2025T09:38:28 - [TEST_STEP][PASSED] - if (a == 74): null

26-05-2025T09:38:28 - [TEST_STEP][PASSED] - if (a == 65): null

26-05-2025T09:38:28 - [TEST_STEP][PASSED] - if (a == 36): null

26-05-2025T09:38:28 - [TEST_STEP][PASSED] - if (a == 44): null

26-05-2025T09:38:28 - [TEST_STEP][PASSED] - if (a == 54): Object: 'Object Repository/Выполнение бизнес-плана/Россети Урал' is clicked on

26-05-2025T09:38:28 - [TEST_STEP][PASSED] - scrollToElement(findTestObject("Общие объекты/Раскрыть список Россети Урал"), 30): Scroll to object 'Object Repository/Общие объекты/Раскрыть список Россети Урал' successfully

26-05-2025T09:38:28 - [MESSAGE][PASSED] - Scroll to object 'Object Repository/Общие объекты/Раскрыть список Россети Урал' successfully

26-05-2025T09:38:28 - [TEST_STEP][PASSED] - click(findTestObject("Выполнение бизнес-плана/Россети Урал")): Object: 'Object Repository/Выполнение бизнес-плана/Россети Урал' is clicked on

26-05-2025T09:38:28 - [MESSAGE][PASSED] - Object: 'Object Repository/Выполнение бизнес-плана/Россети Урал' is clicked on

26-05-2025T09:38:28 - [TEST_STEP][PASSED] - if (a == 1): null

26-05-2025T09:38:28 - [TEST_STEP][PASSED] - if (a == 18): null

26-05-2025T09:38:28 - [TEST_STEP][PASSED] - if (a == 59): null

26-05-2025T09:38:28 - [TEST_STEP][PASSED] - Script1718980020443.CloseFilter(): null

26-05-2025T09:38:28 - [TEST_STEP][PASSED] - scrollToElement(findTestObject("Выполнение бизнес-плана/Заголовок дашборда"), 30): Scroll to object 'Object Repository/Выполнение бизнес-плана/Заголовок дашборда' successfully

26-05-2025T09:38:29 - [MESSAGE][PASSED] - Scroll to object 'Object Repository/Выполнение бизнес-плана/Заголовок дашборда' successfully

26-05-2025T09:38:29 - [TEST_STEP][PASSED] - click(findTestObject("Object Repository/Выполнение бизнес-плана/Применить в фильтре ДЗО")): Object: 'Object Repository/Выполнение бизнес-плана/Применить в фильтре ДЗО' is clicked on

26-05-2025T09:38:30 - [MESSAGE][PASSED] - Object: 'Object Repository/Выполнение бизнес-плана/Применить в фильтре ДЗО' is clicked on

26-05-2025T09:38:30 - [TEST_STEP][PASSED] - delay(30): Delayed 30 second(s)

26-05-2025T09:39:00 - [MESSAGE][PASSED] - Delayed 30 second(s)

26-05-2025T09:39:00 - [TEST_STEP][PASSED] - Script1718980020443.ZakrytOpoveshenie(): null

26-05-2025T09:39:00 - [TEST_STEP][PASSED] - delay(10): Delayed 10 second(s)

26-05-2025T09:39:10 - [MESSAGE][PASSED] - Delayed 10 second(s)

26-05-2025T09:39:10 - [TEST_STEP][PASSED] - opoveshenie = getText(findTestObject("Выполнение бизнес-плана/Просьба обратить внимание")): Text of object 'Object Repository/Выполнение бизнес-плана/Просьба обратить внимание' is: ''

26-05-2025T09:39:10 - [MESSAGE][PASSED] - Text of object 'Object Repository/Выполнение бизнес-плана/Просьба обратить внимание' is: ''

26-05-2025T09:39:10 - [TEST_STEP][PASSED] - println(opoveshenie): null

26-05-2025T09:39:10 - [TEST_STEP][PASSED] - if (opoveshenie == "Просьба обратить внимание"): null

26-05-2025T09:39:10 - [TEST_STEP][PASSED] - page = getText(findTestObject("Object Repository/Выполнение бизнес-плана/Filials")): Text of object 'Object Repository/Выполнение бизнес-плана/Filials' is: 'Россети Урал (ГК)
0
10
20
30
40
50
60
70'

26-05-2025T09:39:10 - [MESSAGE][PASSED] - Text of object 'Object Repository/Выполнение бизнес-плана/Filials' is: 'Россети Урал (ГК)
0
10
20
30
40
50
60
70'

26-05-2025T09:39:10 - [TEST_STEP][PASSED] - println(page): null

26-05-2025T09:39:10 - [TEST_STEP][PASSED] - c = page.indexOf(reducedDZO): null

26-05-2025T09:39:10 - [TEST_STEP][PASSED] - if (c > -1): null

26-05-2025T09:39:10 - [TEST_STEP][PASSED] - click(findTestObject("Выполнение бизнес-плана/список")): Object: 'Object Repository/Выполнение бизнес-плана/список' is clicked on

26-05-2025T09:39:11 - [MESSAGE][PASSED] - Object: 'Object Repository/Выполнение бизнес-плана/список' is clicked on

26-05-2025T09:39:11 - [TEST_STEP][PASSED] - delay(10): Delayed 10 second(s)

26-05-2025T09:39:21 - [MESSAGE][PASSED] - Delayed 10 second(s)

26-05-2025T09:39:21 - [TEST_STEP][PASSED] - click(findTestObject("Выполнение бизнес-плана/Раскрытие списка")): Object: 'Object Repository/Выполнение бизнес-плана/Раскрытие списка' is clicked on

26-05-2025T09:39:21 - [MESSAGE][PASSED] - Object: 'Object Repository/Выполнение бизнес-плана/Раскрытие списка' is clicked on

26-05-2025T09:39:21 - [TEST_STEP][PASSED] - delay(10): Delayed 10 second(s)

26-05-2025T09:39:31 - [MESSAGE][PASSED] - Delayed 10 second(s)

26-05-2025T09:39:31 - [TEST_STEP][PASSED] - page = getText(findTestObject("Object Repository/Выполнение бизнес-плана/Filials")): Text of object 'Object Repository/Выполнение бизнес-плана/Filials' is: 'АО ЕЭСК
Пермэнерго
Свердловэнерго
Челябэнерго
0
10
20
30
40
50
60
70'

26-05-2025T09:39:32 - [MESSAGE][PASSED] - Text of object 'Object Repository/Выполнение бизнес-плана/Filials' is: 'АО ЕЭСК
Пермэнерго
Свердловэнерго
Челябэнерго
0
10
20
30
40
50
60
70'

26-05-2025T09:39:32 - [TEST_STEP][PASSED] - println(page): null

26-05-2025T09:39:32 - [TEST_STEP][PASSED] - c = page.indexOf(reducedDZO): null

26-05-2025T09:39:32 - [TEST_STEP][PASSED] - x2 = getText(findTestObject("Выполнение бизнес-плана/Отклонения за 1 месяц")): Text of object 'Object Repository/Выполнение бизнес-плана/Отклонения за 1 месяц' is: '-0.61
-0.09
-0.09
-0.49
АО ЕЭСК
Пермэнерго
Свердловэнерго
Челябэнерго
-2
0
2
4
6
8'

26-05-2025T09:39:32 - [MESSAGE][PASSED] - Text of object 'Object Repository/Выполнение бизнес-плана/Отклонения за 1 месяц' is: '-0.61
-0.09
-0.09
-0.49
АО ЕЭСК
Пермэнерго
Свердловэнерго
Челябэнерго
-2
0
2
4
6
8'

26-05-2025T09:39:32 - [TEST_STEP][PASSED] - if (a == 28): null

26-05-2025T09:39:32 - [TEST_STEP][PASSED] - if (a == 77): null

26-05-2025T09:39:32 - [TEST_STEP][PASSED] - if (a == 74): null

26-05-2025T09:39:32 - [TEST_STEP][PASSED] - if (a == 65): null

26-05-2025T09:39:32 - [TEST_STEP][PASSED] - if (a == 1): null

26-05-2025T09:39:32 - [TEST_STEP][PASSED] - if (a == 18): null

26-05-2025T09:39:32 - [TEST_STEP][PASSED] - if (a == 36): null

26-05-2025T09:39:32 - [TEST_STEP][PASSED] - if (a == 44): null

26-05-2025T09:39:32 - [TEST_STEP][PASSED] - if (a == 54): null

26-05-2025T09:39:32 - [TEST_STEP][PASSED] - dZO = "АО ЕЭСК": null

26-05-2025T09:39:32 - [TEST_STEP][PASSED] - a = 58: null

26-05-2025T09:39:32 - [TEST_STEP][PASSED] - dzoCut = dZO.substring(3, dZO.length()): null

26-05-2025T09:39:32 - [TEST_STEP][PASSED] - if (x2.contains(dzoCut)): null

26-05-2025T09:39:32 - [TEST_STEP][PASSED] - filialNum = filialNum + 1: null

26-05-2025T09:39:32 - [TEST_STEP][PASSED] - Script1718980020443.Numbers(a, typeOfData, todaysDate, pageInt, fileInt, pageDouble, fileDouble, dZO, dzoNum, filialNum): null

26-05-2025T09:39:32 - [TEST_STEP][PASSED] - println(dzoNum): null

26-05-2025T09:39:32 - [TEST_STEP][PASSED] - planFact = <not implemented yet for class: org.codehaus.groovy.ast.expr.EmptyExpression>: null

26-05-2025T09:39:32 - [TEST_STEP][PASSED] - page = <not implemented yet for class: org.codehaus.groovy.ast.expr.EmptyExpression>: null

26-05-2025T09:39:32 - [TEST_STEP][PASSED] - page1 = <not implemented yet for class: org.codehaus.groovy.ast.expr.EmptyExpression>: null

26-05-2025T09:39:32 - [TEST_STEP][PASSED] - page2 = <not implemented yet for class: org.codehaus.groovy.ast.expr.EmptyExpression>: null

26-05-2025T09:39:32 - [TEST_STEP][PASSED] - filialNumberInRow = <not implemented yet for class: org.codehaus.groovy.ast.expr.EmptyExpression>: null

26-05-2025T09:39:32 - [TEST_STEP][PASSED] - filialsDzoNames = <not implemented yet for class: org.codehaus.groovy.ast.expr.EmptyExpression>: null

26-05-2025T09:39:32 - [TEST_STEP][PASSED] - numberOfFilials = <not implemented yet for class: org.codehaus.groovy.ast.expr.EmptyExpression>: null

26-05-2025T09:39:32 - [TEST_STEP][PASSED] - numberOfSpaces = <not implemented yet for class: org.codehaus.groovy.ast.expr.EmptyExpression>: null

26-05-2025T09:39:32 - [TEST_STEP][PASSED] - file = <not implemented yet for class: org.codehaus.groovy.ast.expr.EmptyExpression>: null

26-05-2025T09:39:32 - [TEST_STEP][PASSED] - otpusk = <not implemented yet for class: org.codehaus.groovy.ast.expr.EmptyExpression>: null

26-05-2025T09:39:32 - [TEST_STEP][PASSED] - poteri = <not implemented yet for class: org.codehaus.groovy.ast.expr.EmptyExpression>: null

26-05-2025T09:39:32 - [TEST_STEP][PASSED] - dataFolder = "Выполнение бизнес-плана/Значения со страницы Выполнение бизнес-плана/": null

26-05-2025T09:39:32 - [TEST_STEP][PASSED] - path = <not implemented yet for class: org.codehaus.groovy.ast.expr.EmptyExpression>: null

26-05-2025T09:39:32 - [TEST_STEP][PASSED] - typeOfDataMain = <not implemented yet for class: org.codehaus.groovy.ast.expr.EmptyExpression>: null

26-05-2025T09:39:32 - [TEST_STEP][PASSED] - fileOtpuskVSet = <not implemented yet for class: org.codehaus.groovy.ast.expr.EmptyExpression>: null

26-05-2025T09:39:32 - [TEST_STEP][PASSED] - pageOtpuskVSet = <not implemented yet for class: org.codehaus.groovy.ast.expr.EmptyExpression>: null

26-05-2025T09:39:32 - [TEST_STEP][PASSED] - filePoteri = <not implemented yet for class: org.codehaus.groovy.ast.expr.EmptyExpression>: null

26-05-2025T09:39:32 - [TEST_STEP][PASSED] - pagePoteri = <not implemented yet for class: org.codehaus.groovy.ast.expr.EmptyExpression>: null

26-05-2025T09:39:32 - [TEST_STEP][PASSED] - compare = <not implemented yet for class: org.codehaus.groovy.ast.expr.EmptyExpression>: null

26-05-2025T09:39:32 - [TEST_STEP][PASSED] - b = <not implemented yet for class: org.codehaus.groovy.ast.expr.EmptyExpression>: null

26-05-2025T09:39:32 - [TEST_STEP][PASSED] - i = <not implemented yet for class: org.codehaus.groovy.ast.expr.EmptyExpression>: null

26-05-2025T09:39:32 - [TEST_STEP][PASSED] - ii = <not implemented yet for class: org.codehaus.groovy.ast.expr.EmptyExpression>: null

26-05-2025T09:39:32 - [TEST_STEP][PASSED] - c = <not implemented yet for class: org.codehaus.groovy.ast.expr.EmptyExpression>: null

26-05-2025T09:39:32 - [TEST_STEP][PASSED] - numberOfErrors = 0: null

26-05-2025T09:39:32 - [TEST_STEP][PASSED] - if (a == 82): null

26-05-2025T09:39:32 - [TEST_STEP][PASSED] - b = findTestData("PlanFact").getValue(1, a): null

26-05-2025T09:39:32 - [TEST_STEP][PASSED] - i = b.indexOf(" (ГК)"): null

26-05-2025T09:39:32 - [TEST_STEP][PASSED] - if (i > -1): null

26-05-2025T09:39:32 - [TEST_STEP][PASSED] - i = b.indexOf("О ""): null

26-05-2025T09:39:32 - [TEST_STEP][PASSED] - if (i > -1): null

26-05-2025T09:39:32 - [TEST_STEP][PASSED] - i = b.indexOf("О «"): null

26-05-2025T09:39:32 - [TEST_STEP][PASSED] - if (i > -1): null

26-05-2025T09:39:32 - [TEST_STEP][PASSED] - i = b.indexOf("г. "): null

26-05-2025T09:39:32 - [TEST_STEP][PASSED] - if (i > -1): null

26-05-2025T09:39:32 - [TEST_STEP][PASSED] - b = b.trim(): null

26-05-2025T09:39:32 - [TEST_STEP][PASSED] - println(b): null

26-05-2025T09:39:32 - [TEST_STEP][PASSED] - for ([planFact = 1, planFact < 3, (planFact++)]): Object: 'Object Repository/Выполнение бизнес-плана/Кнопка Факт' is clicked on

26-05-2025T09:39:32 - [TEST_STEP][PASSED] - if (planFact == 1): null

26-05-2025T09:39:32 - [TEST_STEP][PASSED] - typeOfDataMain = "Факт": null

26-05-2025T09:39:32 - [TEST_STEP][PASSED] - otpusk = findTestData("PlanFact").getValue(5, a): null

26-05-2025T09:39:32 - [TEST_STEP][PASSED] - poteri = findTestData("PlanFact").getValue(6, a): null

26-05-2025T09:39:32 - [TEST_STEP][PASSED] - otpusk = otpusk.replaceAll("\s+", ""): null

26-05-2025T09:39:32 - [TEST_STEP][PASSED] - poteri = poteri.replaceAll("\s+", ""): null

26-05-2025T09:39:32 - [TEST_STEP][PASSED] - typeOfData = typeOfDataMain + " Отпуск в сеть": null

26-05-2025T09:39:32 - [TEST_STEP][PASSED] - if (a == 82): null

26-05-2025T09:39:32 - [TEST_STEP][PASSED] - else if (a == 84): null

26-05-2025T09:39:32 - [TEST_STEP][PASSED] - else if (a == 83 || a == 52 || a == 72 || a == 28 || a == 73 || a == 77 || a == 74 || a == 65 || a == 36 || a == 44 || a == 53 || a == 80 || a == 54 || a == 1 || a == 18 || a == 59 || a == 81): null

26-05-2025T09:39:32 - [TEST_STEP][PASSED] - else: null

26-05-2025T09:39:32 - [TEST_STEP][PASSED] - path = dataFolder + typeOfData + " за отчётный период " + b: null

26-05-2025T09:39:32 - [TEST_STEP][PASSED] - println(path): null

26-05-2025T09:39:32 - [TEST_STEP][PASSED] - page = getText(findTestObject(path)): Text of object 'Object Repository/Выполнение бизнес-плана/Значения со страницы Выполнение бизнес-плана/Факт Отпуск в сеть за отчётный период АО ЕЭСК' is: '2 098 930'

26-05-2025T09:39:33 - [MESSAGE][PASSED] - Text of object 'Object Repository/Выполнение бизнес-плана/Значения со страницы Выполнение бизнес-плана/Факт Отпуск в сеть за отчётный период АО ЕЭСК' is: '2 098 930'

26-05-2025T09:39:33 - [TEST_STEP][PASSED] - if (page == "" || page == null): null

26-05-2025T09:39:33 - [TEST_STEP][PASSED] - else: null

26-05-2025T09:39:33 - [TEST_STEP][PASSED] - page = page.replaceAll("\s+", ""): null

26-05-2025T09:39:33 - [TEST_STEP][PASSED] - if (page == "undefined"): null

26-05-2025T09:39:33 - [TEST_STEP][PASSED] - fileOtpuskVSet = otpusk.toInteger(): null

26-05-2025T09:39:33 - [TEST_STEP][PASSED] - pageOtpuskVSet = page.toInteger(): null

26-05-2025T09:39:33 - [TEST_STEP][PASSED] - typeOfData = typeOfDataMain + " Потери": null

26-05-2025T09:39:33 - [TEST_STEP][PASSED] - if (a == 82): null

26-05-2025T09:39:33 - [TEST_STEP][PASSED] - else if (a == 84): null

26-05-2025T09:39:33 - [TEST_STEP][PASSED] - else if (a == 83 || a == 52 || a == 72 || a == 28 || a == 73 || a == 77 || a == 74 || a == 65 || a == 36 || a == 44 || a == 53 || a == 80 || a == 54 || a == 1 || a == 18 || a == 59 || a == 81): null

26-05-2025T09:39:33 - [TEST_STEP][PASSED] - else: null

26-05-2025T09:39:33 - [TEST_STEP][PASSED] - path = dataFolder + typeOfData + " за отчётный период " + b: null

26-05-2025T09:39:33 - [TEST_STEP][PASSED] - page = getText(findTestObject(path)): Text of object 'Object Repository/Выполнение бизнес-плана/Значения со страницы Выполнение бизнес-плана/Факт Потери за отчётный период АО ЕЭСК' is: '141 651'

26-05-2025T09:39:33 - [MESSAGE][PASSED] - Text of object 'Object Repository/Выполнение бизнес-плана/Значения со страницы Выполнение бизнес-плана/Факт Потери за отчётный период АО ЕЭСК' is: '141 651'

26-05-2025T09:39:33 - [TEST_STEP][PASSED] - if (page == "" || page == null): null

26-05-2025T09:39:33 - [TEST_STEP][PASSED] - else: null

26-05-2025T09:39:33 - [TEST_STEP][PASSED] - page = page.replaceAll("\s+", ""): null

26-05-2025T09:39:33 - [TEST_STEP][PASSED] - if (page == "undefined"): null

26-05-2025T09:39:33 - [TEST_STEP][PASSED] - filePoteri = poteri.toInteger(): null

26-05-2025T09:39:33 - [TEST_STEP][PASSED] - pagePoteri = page.toInteger(): null

26-05-2025T09:39:33 - [TEST_STEP][PASSED] - compare = pageOtpuskVSet: null

26-05-2025T09:39:33 - [TEST_STEP][PASSED] - if (pageOtpuskVSet != null): null

26-05-2025T09:39:33 - [TEST_STEP][PASSED] - if (compare == fileOtpuskVSet): null

26-05-2025T09:39:33 - [TEST_STEP][PASSED] - if (compare == fileOtpuskVSet): null

26-05-2025T09:39:33 - [TEST_STEP][PASSED] - compare = pagePoteri: null

26-05-2025T09:39:33 - [TEST_STEP][PASSED] - if (pageOtpuskVSet != null): null

26-05-2025T09:39:33 - [TEST_STEP][PASSED] - if (compare == filePoteri): null

26-05-2025T09:39:33 - [TEST_STEP][PASSED] - if (compare == filePoteri): null

26-05-2025T09:39:33 - [TEST_STEP][PASSED] - if (planFact == 2): null

26-05-2025T09:39:33 - [TEST_STEP][PASSED] - if (planFact == 1): null

26-05-2025T09:39:33 - [TEST_STEP][PASSED] - else if (planFact == 2): null

26-05-2025T09:39:33 - [TEST_STEP][PASSED] - click(findTestObject("Выполнение бизнес-плана/Кнопка План")): Object: 'Object Repository/Выполнение бизнес-плана/Кнопка План' is clicked on

26-05-2025T09:39:33 - [MESSAGE][PASSED] - Object: 'Object Repository/Выполнение бизнес-плана/Кнопка План' is clicked on

26-05-2025T09:39:33 - [TEST_STEP][PASSED] - typeOfDataMain = "План": null

26-05-2025T09:39:33 - [TEST_STEP][PASSED] - otpusk = findTestData("PlanFact").getValue(2, a): null

26-05-2025T09:39:33 - [TEST_STEP][PASSED] - poteri = findTestData("PlanFact").getValue(3, a): null

26-05-2025T09:39:33 - [TEST_STEP][PASSED] - otpusk = otpusk.replaceAll("\s+", ""): null

26-05-2025T09:39:33 - [TEST_STEP][PASSED] - poteri = poteri.replaceAll("\s+", ""): null

26-05-2025T09:39:33 - [TEST_STEP][PASSED] - typeOfData = typeOfDataMain + " Отпуск в сеть": null

26-05-2025T09:39:33 - [TEST_STEP][PASSED] - if (a == 82): null

26-05-2025T09:39:33 - [TEST_STEP][PASSED] - else if (a == 84): null

26-05-2025T09:39:33 - [TEST_STEP][PASSED] - else if (a == 83 || a == 52 || a == 72 || a == 28 || a == 73 || a == 77 || a == 74 || a == 65 || a == 36 || a == 44 || a == 53 || a == 80 || a == 54 || a == 1 || a == 18 || a == 59 || a == 81): null

26-05-2025T09:39:33 - [TEST_STEP][PASSED] - else: null

26-05-2025T09:39:33 - [TEST_STEP][PASSED] - path = dataFolder + typeOfData + " за отчётный период " + b: null

26-05-2025T09:39:33 - [TEST_STEP][PASSED] - println(path): null

26-05-2025T09:39:33 - [TEST_STEP][PASSED] - page = getText(findTestObject(path)): Text of object 'Object Repository/Выполнение бизнес-плана/Значения со страницы Выполнение бизнес-плана/План Отпуск в сеть за отчётный период АО ЕЭСК' is: '2 114 497'

26-05-2025T09:39:34 - [MESSAGE][PASSED] - Text of object 'Object Repository/Выполнение бизнес-плана/Значения со страницы Выполнение бизнес-плана/План Отпуск в сеть за отчётный период АО ЕЭСК' is: '2 114 497'

26-05-2025T09:39:34 - [TEST_STEP][PASSED] - if (page == "" || page == null): null

26-05-2025T09:39:34 - [TEST_STEP][PASSED] - else: null

26-05-2025T09:39:34 - [TEST_STEP][PASSED] - page = page.replaceAll("\s+", ""): null

26-05-2025T09:39:34 - [TEST_STEP][PASSED] - if (page == "undefined"): null

26-05-2025T09:39:34 - [TEST_STEP][PASSED] - fileOtpuskVSet = otpusk.toInteger(): null

26-05-2025T09:39:34 - [TEST_STEP][PASSED] - pageOtpuskVSet = page.toInteger(): null

26-05-2025T09:39:34 - [TEST_STEP][PASSED] - typeOfData = typeOfDataMain + " Потери": null

26-05-2025T09:39:34 - [TEST_STEP][PASSED] - if (a == 82): null

26-05-2025T09:39:34 - [TEST_STEP][PASSED] - else if (a == 84): null

26-05-2025T09:39:34 - [TEST_STEP][PASSED] - else if (a == 83 || a == 52 || a == 72 || a == 28 || a == 73 || a == 77 || a == 74 || a == 65 || a == 36 || a == 44 || a == 53 || a == 80 || a == 54 || a == 1 || a == 18 || a == 59 || a == 81): null

26-05-2025T09:39:34 - [TEST_STEP][PASSED] - else: null

26-05-2025T09:39:34 - [TEST_STEP][PASSED] - path = dataFolder + typeOfData + " за отчётный период " + b: null

26-05-2025T09:39:34 - [TEST_STEP][PASSED] - page = getText(findTestObject(path)): Text of object 'Object Repository/Выполнение бизнес-плана/Значения со страницы Выполнение бизнес-плана/План Потери за отчётный период АО ЕЭСК' is: '155 498'

26-05-2025T09:39:34 - [MESSAGE][PASSED] - Text of object 'Object Repository/Выполнение бизнес-плана/Значения со страницы Выполнение бизнес-плана/План Потери за отчётный период АО ЕЭСК' is: '155 498'

26-05-2025T09:39:34 - [TEST_STEP][PASSED] - if (page == "" || page == null): null

26-05-2025T09:39:34 - [TEST_STEP][PASSED] - else: null

26-05-2025T09:39:34 - [TEST_STEP][PASSED] - page = page.replaceAll("\s+", ""): null

26-05-2025T09:39:34 - [TEST_STEP][PASSED] - if (page == "undefined"): null

26-05-2025T09:39:34 - [TEST_STEP][PASSED] - filePoteri = poteri.toInteger(): null

26-05-2025T09:39:34 - [TEST_STEP][PASSED] - pagePoteri = page.toInteger(): null

26-05-2025T09:39:34 - [TEST_STEP][PASSED] - compare = pageOtpuskVSet: null

26-05-2025T09:39:34 - [TEST_STEP][PASSED] - if (pageOtpuskVSet != null): null

26-05-2025T09:39:34 - [TEST_STEP][PASSED] - if (compare == fileOtpuskVSet): null

26-05-2025T09:39:34 - [TEST_STEP][PASSED] - if (compare == fileOtpuskVSet): null

26-05-2025T09:39:34 - [TEST_STEP][PASSED] - compare = pagePoteri: null

26-05-2025T09:39:34 - [TEST_STEP][PASSED] - if (pageOtpuskVSet != null): null

26-05-2025T09:39:34 - [TEST_STEP][PASSED] - if (compare == filePoteri): null

26-05-2025T09:39:34 - [TEST_STEP][PASSED] - if (compare == filePoteri): null

26-05-2025T09:39:34 - [TEST_STEP][PASSED] - if (planFact == 2): Object: 'Object Repository/Выполнение бизнес-плана/Кнопка Факт' is clicked on

26-05-2025T09:39:34 - [TEST_STEP][PASSED] - click(findTestObject("Выполнение бизнес-плана/Кнопка Факт")): Object: 'Object Repository/Выполнение бизнес-плана/Кнопка Факт' is clicked on

26-05-2025T09:39:34 - [MESSAGE][PASSED] - Object: 'Object Repository/Выполнение бизнес-плана/Кнопка Факт' is clicked on

26-05-2025T09:39:34 - [TEST_STEP][PASSED] - println("a=" + a): null

26-05-2025T09:39:34 - [TEST_STEP][PASSED] - if (a == 84 || a == 82): null

26-05-2025T09:39:34 - [TEST_STEP][PASSED] - else if (a == 83 || a == 52 || a == 72 || a == 28 || a == 73 || a == 77 || a == 74 || a == 65 || a == 36 || a == 44 || a == 53 || a == 80 || a == 54 || a == 1 || a == 18 || a == 59 || a == 81): null

26-05-2025T09:39:34 - [TEST_STEP][PASSED] - else: null

26-05-2025T09:39:34 - [TEST_STEP][PASSED] - page1 = getText(findTestObject("Object Repository/Выполнение бизнес-плана/spanPlan" + filialNum)): Text of object 'Object Repository/Выполнение бизнес-плана/spanPlan1' is: '7.35
|'

26-05-2025T09:39:35 - [MESSAGE][PASSED] - Text of object 'Object Repository/Выполнение бизнес-плана/spanPlan1' is: '7.35
|'

26-05-2025T09:39:35 - [TEST_STEP][PASSED] - if (page1 == null): null

26-05-2025T09:39:35 - [TEST_STEP][PASSED] - else: null

26-05-2025T09:39:35 - [TEST_STEP][PASSED] - page1 = page1.replace("|", ""): null

26-05-2025T09:39:35 - [TEST_STEP][PASSED] - page2 = getText(findTestObject("Object Repository/Выполнение бизнес-плана/spanFact" + filialNum)): Text of object 'Object Repository/Выполнение бизнес-плана/spanFact1' is: '6.75
|'

26-05-2025T09:39:35 - [MESSAGE][PASSED] - Text of object 'Object Repository/Выполнение бизнес-плана/spanFact1' is: '6.75
|'

26-05-2025T09:39:35 - [TEST_STEP][PASSED] - if (page2 == null): null

26-05-2025T09:39:35 - [TEST_STEP][PASSED] - else: null

26-05-2025T09:39:35 - [TEST_STEP][PASSED] - page2 = page2.replace("|", ""): null

26-05-2025T09:39:35 - [TEST_STEP][PASSED] - println("page1: " + page1): null

26-05-2025T09:39:35 - [TEST_STEP][PASSED] - println("page2: " + page2): null

26-05-2025T09:39:35 - [TEST_STEP][PASSED] - file = findTestData("PlanFact").getValue(4, a): null

26-05-2025T09:39:35 - [TEST_STEP][PASSED] - file = file.replace(",", "."): null

26-05-2025T09:39:35 - [TEST_STEP][PASSED] - println("file Plan: " + file): null

26-05-2025T09:39:35 - [TEST_STEP][PASSED] - typeOfData = "План в процентах": null

26-05-2025T09:39:35 - [TEST_STEP][PASSED] - fileDouble = file.toDouble(): null

26-05-2025T09:39:35 - [TEST_STEP][PASSED] - pageDouble = page1.toDouble(): null

26-05-2025T09:39:35 - [TEST_STEP][PASSED] - if (fileDouble != pageDouble): null

26-05-2025T09:39:35 - [TEST_STEP][PASSED] - file = findTestData("PlanFact").getValue(7, a): null

26-05-2025T09:39:35 - [TEST_STEP][PASSED] - file = file.replace(",", "."): null

26-05-2025T09:39:35 - [TEST_STEP][PASSED] - println("file Fact: " + file): null

26-05-2025T09:39:35 - [TEST_STEP][PASSED] - fileDouble = file.toDouble(): null

26-05-2025T09:39:35 - [TEST_STEP][PASSED] - typeOfData = "Факт в процентах": null

26-05-2025T09:39:35 - [TEST_STEP][PASSED] - fileDouble = file.toDouble(): null

26-05-2025T09:39:35 - [TEST_STEP][PASSED] - pageDouble = page2.toDouble(): null

26-05-2025T09:39:35 - [TEST_STEP][PASSED] - if (fileDouble != pageDouble): null

26-05-2025T09:39:35 - [TEST_STEP][PASSED] - if (verifyEqual(numberOfErrors, 0) == false): Actual object '0' and expected object '0' are equal

26-05-2025T09:39:35 - [MESSAGE][PASSED] - Actual object '0' and expected object '0' are equal

26-05-2025T09:39:35 - [TEST_STEP][PASSED] - if (a == 82): null

26-05-2025T09:39:35 - [TEST_STEP][PASSED] - dZO = "Пермэнерго": null

26-05-2025T09:39:35 - [TEST_STEP][PASSED] - a = 55: null

26-05-2025T09:39:35 - [TEST_STEP][PASSED] - if (x2.contains(dZO)): null

26-05-2025T09:39:35 - [TEST_STEP][PASSED] - filialNum = filialNum + 1: null

26-05-2025T09:39:35 - [TEST_STEP][PASSED] - Script1718980020443.Numbers(a, typeOfData, todaysDate, pageInt, fileInt, pageDouble, fileDouble, dZO, dzoNum, filialNum): null

26-05-2025T09:39:35 - [TEST_STEP][PASSED] - println(dzoNum): null

26-05-2025T09:39:35 - [TEST_STEP][PASSED] - planFact = <not implemented yet for class: org.codehaus.groovy.ast.expr.EmptyExpression>: null

26-05-2025T09:39:35 - [TEST_STEP][PASSED] - page = <not implemented yet for class: org.codehaus.groovy.ast.expr.EmptyExpression>: null

26-05-2025T09:39:35 - [TEST_STEP][PASSED] - page1 = <not implemented yet for class: org.codehaus.groovy.ast.expr.EmptyExpression>: null

26-05-2025T09:39:35 - [TEST_STEP][PASSED] - page2 = <not implemented yet for class: org.codehaus.groovy.ast.expr.EmptyExpression>: null

26-05-2025T09:39:35 - [TEST_STEP][PASSED] - filialNumberInRow = <not implemented yet for class: org.codehaus.groovy.ast.expr.EmptyExpression>: null

26-05-2025T09:39:35 - [TEST_STEP][PASSED] - filialsDzoNames = <not implemented yet for class: org.codehaus.groovy.ast.expr.EmptyExpression>: null

26-05-2025T09:39:35 - [TEST_STEP][PASSED] - numberOfFilials = <not implemented yet for class: org.codehaus.groovy.ast.expr.EmptyExpression>: null

26-05-2025T09:39:35 - [TEST_STEP][PASSED] - numberOfSpaces = <not implemented yet for class: org.codehaus.groovy.ast.expr.EmptyExpression>: null

26-05-2025T09:39:35 - [TEST_STEP][PASSED] - file = <not implemented yet for class: org.codehaus.groovy.ast.expr.EmptyExpression>: null

26-05-2025T09:39:35 - [TEST_STEP][PASSED] - otpusk = <not implemented yet for class: org.codehaus.groovy.ast.expr.EmptyExpression>: null

26-05-2025T09:39:35 - [TEST_STEP][PASSED] - poteri = <not implemented yet for class: org.codehaus.groovy.ast.expr.EmptyExpression>: null

26-05-2025T09:39:35 - [TEST_STEP][PASSED] - dataFolder = "Выполнение бизнес-плана/Значения со страницы Выполнение бизнес-плана/": null

26-05-2025T09:39:35 - [TEST_STEP][PASSED] - path = <not implemented yet for class: org.codehaus.groovy.ast.expr.EmptyExpression>: null

26-05-2025T09:39:35 - [TEST_STEP][PASSED] - typeOfDataMain = <not implemented yet for class: org.codehaus.groovy.ast.expr.EmptyExpression>: null

26-05-2025T09:39:35 - [TEST_STEP][PASSED] - fileOtpuskVSet = <not implemented yet for class: org.codehaus.groovy.ast.expr.EmptyExpression>: null

26-05-2025T09:39:35 - [TEST_STEP][PASSED] - pageOtpuskVSet = <not implemented yet for class: org.codehaus.groovy.ast.expr.EmptyExpression>: null

26-05-2025T09:39:35 - [TEST_STEP][PASSED] - filePoteri = <not implemented yet for class: org.codehaus.groovy.ast.expr.EmptyExpression>: null

26-05-2025T09:39:35 - [TEST_STEP][PASSED] - pagePoteri = <not implemented yet for class: org.codehaus.groovy.ast.expr.EmptyExpression>: null

26-05-2025T09:39:35 - [TEST_STEP][PASSED] - compare = <not implemented yet for class: org.codehaus.groovy.ast.expr.EmptyExpression>: null

26-05-2025T09:39:35 - [TEST_STEP][PASSED] - b = <not implemented yet for class: org.codehaus.groovy.ast.expr.EmptyExpression>: null

26-05-2025T09:39:35 - [TEST_STEP][PASSED] - i = <not implemented yet for class: org.codehaus.groovy.ast.expr.EmptyExpression>: null

26-05-2025T09:39:35 - [TEST_STEP][PASSED] - ii = <not implemented yet for class: org.codehaus.groovy.ast.expr.EmptyExpression>: null

26-05-2025T09:39:35 - [TEST_STEP][PASSED] - c = <not implemented yet for class: org.codehaus.groovy.ast.expr.EmptyExpression>: null

26-05-2025T09:39:35 - [TEST_STEP][PASSED] - numberOfErrors = 0: null

26-05-2025T09:39:35 - [TEST_STEP][PASSED] - if (a == 82): null

26-05-2025T09:39:35 - [TEST_STEP][PASSED] - b = findTestData("PlanFact").getValue(1, a): null

26-05-2025T09:39:35 - [TEST_STEP][PASSED] - i = b.indexOf(" (ГК)"): null

26-05-2025T09:39:35 - [TEST_STEP][PASSED] - if (i > -1): null

26-05-2025T09:39:35 - [TEST_STEP][PASSED] - i = b.indexOf("О ""): null

26-05-2025T09:39:35 - [TEST_STEP][PASSED] - if (i > -1): null

26-05-2025T09:39:35 - [TEST_STEP][PASSED] - i = b.indexOf("О «"): null

26-05-2025T09:39:35 - [TEST_STEP][PASSED] - if (i > -1): null

26-05-2025T09:39:35 - [TEST_STEP][PASSED] - i = b.indexOf("г. "): null

26-05-2025T09:39:35 - [TEST_STEP][PASSED] - if (i > -1): null

26-05-2025T09:39:35 - [TEST_STEP][PASSED] - b = b.trim(): null

26-05-2025T09:39:35 - [TEST_STEP][PASSED] - println(b): null

26-05-2025T09:39:35 - [TEST_STEP][PASSED] - for ([planFact = 1, planFact < 3, (planFact++)]): Object: 'Object Repository/Выполнение бизнес-плана/Кнопка Факт' is clicked on

26-05-2025T09:39:35 - [TEST_STEP][PASSED] - if (planFact == 1): null

26-05-2025T09:39:35 - [TEST_STEP][PASSED] - typeOfDataMain = "Факт": null

26-05-2025T09:39:35 - [TEST_STEP][PASSED] - otpusk = findTestData("PlanFact").getValue(5, a): null

26-05-2025T09:39:35 - [TEST_STEP][PASSED] - poteri = findTestData("PlanFact").getValue(6, a): null

26-05-2025T09:39:35 - [TEST_STEP][PASSED] - otpusk = otpusk.replaceAll("\s+", ""): null

26-05-2025T09:39:35 - [TEST_STEP][PASSED] - poteri = poteri.replaceAll("\s+", ""): null

26-05-2025T09:39:35 - [TEST_STEP][PASSED] - typeOfData = typeOfDataMain + " Отпуск в сеть": null

26-05-2025T09:39:35 - [TEST_STEP][PASSED] - if (a == 82): null

26-05-2025T09:39:35 - [TEST_STEP][PASSED] - else if (a == 84): null

26-05-2025T09:39:35 - [TEST_STEP][PASSED] - else if (a == 83 || a == 52 || a == 72 || a == 28 || a == 73 || a == 77 || a == 74 || a == 65 || a == 36 || a == 44 || a == 53 || a == 80 || a == 54 || a == 1 || a == 18 || a == 59 || a == 81): null

26-05-2025T09:39:35 - [TEST_STEP][PASSED] - else: null

26-05-2025T09:39:35 - [TEST_STEP][PASSED] - path = dataFolder + typeOfData + " за отчётный период " + b: null

26-05-2025T09:39:35 - [TEST_STEP][PASSED] - println(path): null

26-05-2025T09:39:35 - [TEST_STEP][PASSED] - page = getText(findTestObject(path)): Text of object 'Object Repository/Выполнение бизнес-плана/Значения со страницы Выполнение бизнес-плана/Факт Отпуск в сеть за отчётный период Пермэнерго' is: '4 677 607'

26-05-2025T09:39:35 - [MESSAGE][PASSED] - Text of object 'Object Repository/Выполнение бизнес-плана/Значения со страницы Выполнение бизнес-плана/Факт Отпуск в сеть за отчётный период Пермэнерго' is: '4 677 607'

26-05-2025T09:39:35 - [TEST_STEP][PASSED] - if (page == "" || page == null): null

26-05-2025T09:39:35 - [TEST_STEP][PASSED] - else: null

26-05-2025T09:39:35 - [TEST_STEP][PASSED] - page = page.replaceAll("\s+", ""): null

26-05-2025T09:39:35 - [TEST_STEP][PASSED] - if (page == "undefined"): null

26-05-2025T09:39:35 - [TEST_STEP][PASSED] - fileOtpuskVSet = otpusk.toInteger(): null

26-05-2025T09:39:35 - [TEST_STEP][PASSED] - pageOtpuskVSet = page.toInteger(): null

26-05-2025T09:39:35 - [TEST_STEP][PASSED] - typeOfData = typeOfDataMain + " Потери": null

26-05-2025T09:39:35 - [TEST_STEP][PASSED] - if (a == 82): null

26-05-2025T09:39:35 - [TEST_STEP][PASSED] - else if (a == 84): null

26-05-2025T09:39:35 - [TEST_STEP][PASSED] - else if (a == 83 || a == 52 || a == 72 || a == 28 || a == 73 || a == 77 || a == 74 || a == 65 || a == 36 || a == 44 || a == 53 || a == 80 || a == 54 || a == 1 || a == 18 || a == 59 || a == 81): null

26-05-2025T09:39:35 - [TEST_STEP][PASSED] - else: null

26-05-2025T09:39:35 - [TEST_STEP][PASSED] - path = dataFolder + typeOfData + " за отчётный период " + b: null

26-05-2025T09:39:35 - [TEST_STEP][PASSED] - page = getText(findTestObject(path)): Text of object 'Object Repository/Выполнение бизнес-плана/Значения со страницы Выполнение бизнес-плана/Факт Потери за отчётный период Пермэнерго' is: '407 493'

26-05-2025T09:39:36 - [MESSAGE][PASSED] - Text of object 'Object Repository/Выполнение бизнес-плана/Значения со страницы Выполнение бизнес-плана/Факт Потери за отчётный период Пермэнерго' is: '407 493'

26-05-2025T09:39:36 - [TEST_STEP][PASSED] - if (page == "" || page == null): null

26-05-2025T09:39:36 - [TEST_STEP][PASSED] - else: null

26-05-2025T09:39:36 - [TEST_STEP][PASSED] - page = page.replaceAll("\s+", ""): null

26-05-2025T09:39:36 - [TEST_STEP][PASSED] - if (page == "undefined"): null

26-05-2025T09:39:36 - [TEST_STEP][PASSED] - filePoteri = poteri.toInteger(): null

26-05-2025T09:39:36 - [TEST_STEP][PASSED] - pagePoteri = page.toInteger(): null

26-05-2025T09:39:36 - [TEST_STEP][PASSED] - compare = pageOtpuskVSet: null

26-05-2025T09:39:36 - [TEST_STEP][PASSED] - if (pageOtpuskVSet != null): null

26-05-2025T09:39:36 - [TEST_STEP][PASSED] - if (compare == fileOtpuskVSet): null

26-05-2025T09:39:36 - [TEST_STEP][PASSED] - if (compare == fileOtpuskVSet): null

26-05-2025T09:39:36 - [TEST_STEP][PASSED] - compare = pagePoteri: null

26-05-2025T09:39:36 - [TEST_STEP][PASSED] - if (pageOtpuskVSet != null): null

26-05-2025T09:39:36 - [TEST_STEP][PASSED] - if (compare == filePoteri): null

26-05-2025T09:39:36 - [TEST_STEP][PASSED] - if (compare == filePoteri): null

26-05-2025T09:39:36 - [TEST_STEP][PASSED] - if (planFact == 2): null

26-05-2025T09:39:36 - [TEST_STEP][PASSED] - if (planFact == 1): null

26-05-2025T09:39:36 - [TEST_STEP][PASSED] - else if (planFact == 2): null

26-05-2025T09:39:36 - [TEST_STEP][PASSED] - click(findTestObject("Выполнение бизнес-плана/Кнопка План")): Object: 'Object Repository/Выполнение бизнес-плана/Кнопка План' is clicked on

26-05-2025T09:39:36 - [MESSAGE][PASSED] - Object: 'Object Repository/Выполнение бизнес-плана/Кнопка План' is clicked on

26-05-2025T09:39:36 - [TEST_STEP][PASSED] - typeOfDataMain = "План": null

26-05-2025T09:39:36 - [TEST_STEP][PASSED] - otpusk = findTestData("PlanFact").getValue(2, a): null

26-05-2025T09:39:36 - [TEST_STEP][PASSED] - poteri = findTestData("PlanFact").getValue(3, a): null

26-05-2025T09:39:36 - [TEST_STEP][PASSED] - otpusk = otpusk.replaceAll("\s+", ""): null

26-05-2025T09:39:36 - [TEST_STEP][PASSED] - poteri = poteri.replaceAll("\s+", ""): null

26-05-2025T09:39:36 - [TEST_STEP][PASSED] - typeOfData = typeOfDataMain + " Отпуск в сеть": null

26-05-2025T09:39:36 - [TEST_STEP][PASSED] - if (a == 82): null

26-05-2025T09:39:36 - [TEST_STEP][PASSED] - else if (a == 84): null

26-05-2025T09:39:36 - [TEST_STEP][PASSED] - else if (a == 83 || a == 52 || a == 72 || a == 28 || a == 73 || a == 77 || a == 74 || a == 65 || a == 36 || a == 44 || a == 53 || a == 80 || a == 54 || a == 1 || a == 18 || a == 59 || a == 81): null

26-05-2025T09:39:36 - [TEST_STEP][PASSED] - else: null

26-05-2025T09:39:36 - [TEST_STEP][PASSED] - path = dataFolder + typeOfData + " за отчётный период " + b: null

26-05-2025T09:39:36 - [TEST_STEP][PASSED] - println(path): null

26-05-2025T09:39:36 - [TEST_STEP][PASSED] - page = getText(findTestObject(path)): Text of object 'Object Repository/Выполнение бизнес-плана/Значения со страницы Выполнение бизнес-плана/План Отпуск в сеть за отчётный период Пермэнерго' is: '4 856 997'

26-05-2025T09:39:36 - [MESSAGE][PASSED] - Text of object 'Object Repository/Выполнение бизнес-плана/Значения со страницы Выполнение бизнес-плана/План Отпуск в сеть за отчётный период Пермэнерго' is: '4 856 997'

26-05-2025T09:39:36 - [TEST_STEP][PASSED] - if (page == "" || page == null): null

26-05-2025T09:39:36 - [TEST_STEP][PASSED] - else: null

26-05-2025T09:39:36 - [TEST_STEP][PASSED] - page = page.replaceAll("\s+", ""): null

26-05-2025T09:39:36 - [TEST_STEP][PASSED] - if (page == "undefined"): null

26-05-2025T09:39:36 - [TEST_STEP][PASSED] - fileOtpuskVSet = otpusk.toInteger(): null

26-05-2025T09:39:36 - [TEST_STEP][PASSED] - pageOtpuskVSet = page.toInteger(): null

26-05-2025T09:39:36 - [TEST_STEP][PASSED] - typeOfData = typeOfDataMain + " Потери": null

26-05-2025T09:39:36 - [TEST_STEP][PASSED] - if (a == 82): null

26-05-2025T09:39:36 - [TEST_STEP][PASSED] - else if (a == 84): null

26-05-2025T09:39:36 - [TEST_STEP][PASSED] - else if (a == 83 || a == 52 || a == 72 || a == 28 || a == 73 || a == 77 || a == 74 || a == 65 || a == 36 || a == 44 || a == 53 || a == 80 || a == 54 || a == 1 || a == 18 || a == 59 || a == 81): null

26-05-2025T09:39:36 - [TEST_STEP][PASSED] - else: null

26-05-2025T09:39:36 - [TEST_STEP][PASSED] - path = dataFolder + typeOfData + " за отчётный период " + b: null

26-05-2025T09:39:36 - [TEST_STEP][PASSED] - page = getText(findTestObject(path)): Text of object 'Object Repository/Выполнение бизнес-плана/Значения со страницы Выполнение бизнес-плана/План Потери за отчётный период Пермэнерго' is: '427 647'

26-05-2025T09:39:37 - [MESSAGE][PASSED] - Text of object 'Object Repository/Выполнение бизнес-плана/Значения со страницы Выполнение бизнес-плана/План Потери за отчётный период Пермэнерго' is: '427 647'

26-05-2025T09:39:37 - [TEST_STEP][PASSED] - if (page == "" || page == null): null

26-05-2025T09:39:37 - [TEST_STEP][PASSED] - else: null

26-05-2025T09:39:37 - [TEST_STEP][PASSED] - page = page.replaceAll("\s+", ""): null

26-05-2025T09:39:37 - [TEST_STEP][PASSED] - if (page == "undefined"): null

26-05-2025T09:39:37 - [TEST_STEP][PASSED] - filePoteri = poteri.toInteger(): null

26-05-2025T09:39:37 - [TEST_STEP][PASSED] - pagePoteri = page.toInteger(): null

26-05-2025T09:39:37 - [TEST_STEP][PASSED] - compare = pageOtpuskVSet: null

26-05-2025T09:39:37 - [TEST_STEP][PASSED] - if (pageOtpuskVSet != null): null

26-05-2025T09:39:37 - [TEST_STEP][PASSED] - if (compare == fileOtpuskVSet): null

26-05-2025T09:39:37 - [TEST_STEP][PASSED] - if (compare == fileOtpuskVSet): null

26-05-2025T09:39:37 - [TEST_STEP][PASSED] - compare = pagePoteri: null

26-05-2025T09:39:37 - [TEST_STEP][PASSED] - if (pageOtpuskVSet != null): null

26-05-2025T09:39:37 - [TEST_STEP][PASSED] - if (compare == filePoteri): null

26-05-2025T09:39:37 - [TEST_STEP][PASSED] - if (compare == filePoteri): null

26-05-2025T09:39:37 - [TEST_STEP][PASSED] - if (planFact == 2): Object: 'Object Repository/Выполнение бизнес-плана/Кнопка Факт' is clicked on

26-05-2025T09:39:37 - [TEST_STEP][PASSED] - click(findTestObject("Выполнение бизнес-плана/Кнопка Факт")): Object: 'Object Repository/Выполнение бизнес-плана/Кнопка Факт' is clicked on

26-05-2025T09:39:37 - [MESSAGE][PASSED] - Object: 'Object Repository/Выполнение бизнес-плана/Кнопка Факт' is clicked on

26-05-2025T09:39:37 - [TEST_STEP][PASSED] - println("a=" + a): null

26-05-2025T09:39:37 - [TEST_STEP][PASSED] - if (a == 84 || a == 82): null

26-05-2025T09:39:37 - [TEST_STEP][PASSED] - else if (a == 83 || a == 52 || a == 72 || a == 28 || a == 73 || a == 77 || a == 74 || a == 65 || a == 36 || a == 44 || a == 53 || a == 80 || a == 54 || a == 1 || a == 18 || a == 59 || a == 81): null

26-05-2025T09:39:37 - [TEST_STEP][PASSED] - else: null

26-05-2025T09:39:37 - [TEST_STEP][PASSED] - page1 = getText(findTestObject("Object Repository/Выполнение бизнес-плана/spanPlan" + filialNum)): Text of object 'Object Repository/Выполнение бизнес-плана/spanPlan2' is: '8.80
|'

26-05-2025T09:39:37 - [MESSAGE][PASSED] - Text of object 'Object Repository/Выполнение бизнес-плана/spanPlan2' is: '8.80
|'

26-05-2025T09:39:37 - [TEST_STEP][PASSED] - if (page1 == null): null

26-05-2025T09:39:37 - [TEST_STEP][PASSED] - else: null

26-05-2025T09:39:37 - [TEST_STEP][PASSED] - page1 = page1.replace("|", ""): null

26-05-2025T09:39:37 - [TEST_STEP][PASSED] - page2 = getText(findTestObject("Object Repository/Выполнение бизнес-плана/spanFact" + filialNum)): Text of object 'Object Repository/Выполнение бизнес-плана/spanFact2' is: '8.71
|'

26-05-2025T09:39:38 - [MESSAGE][PASSED] - Text of object 'Object Repository/Выполнение бизнес-плана/spanFact2' is: '8.71
|'

26-05-2025T09:39:38 - [TEST_STEP][PASSED] - if (page2 == null): null

26-05-2025T09:39:38 - [TEST_STEP][PASSED] - else: null

26-05-2025T09:39:38 - [TEST_STEP][PASSED] - page2 = page2.replace("|", ""): null

26-05-2025T09:39:38 - [TEST_STEP][PASSED] - println("page1: " + page1): null

26-05-2025T09:39:38 - [TEST_STEP][PASSED] - println("page2: " + page2): null

26-05-2025T09:39:38 - [TEST_STEP][PASSED] - file = findTestData("PlanFact").getValue(4, a): null

26-05-2025T09:39:38 - [TEST_STEP][PASSED] - file = file.replace(",", "."): null

26-05-2025T09:39:38 - [TEST_STEP][PASSED] - println("file Plan: " + file): null

26-05-2025T09:39:38 - [TEST_STEP][PASSED] - typeOfData = "План в процентах": null

26-05-2025T09:39:38 - [TEST_STEP][PASSED] - fileDouble = file.toDouble(): null

26-05-2025T09:39:38 - [TEST_STEP][PASSED] - pageDouble = page1.toDouble(): null

26-05-2025T09:39:38 - [TEST_STEP][PASSED] - if (fileDouble != pageDouble): null

26-05-2025T09:39:38 - [TEST_STEP][PASSED] - file = findTestData("PlanFact").getValue(7, a): null

26-05-2025T09:39:38 - [TEST_STEP][PASSED] - file = file.replace(",", "."): null

26-05-2025T09:39:38 - [TEST_STEP][PASSED] - println("file Fact: " + file): null

26-05-2025T09:39:38 - [TEST_STEP][PASSED] - fileDouble = file.toDouble(): null

26-05-2025T09:39:38 - [TEST_STEP][PASSED] - typeOfData = "Факт в процентах": null

26-05-2025T09:39:38 - [TEST_STEP][PASSED] - fileDouble = file.toDouble(): null

26-05-2025T09:39:38 - [TEST_STEP][PASSED] - pageDouble = page2.toDouble(): null

26-05-2025T09:39:38 - [TEST_STEP][PASSED] - if (fileDouble != pageDouble): null

26-05-2025T09:39:38 - [TEST_STEP][PASSED] - if (verifyEqual(numberOfErrors, 0) == false): Actual object '0' and expected object '0' are equal

26-05-2025T09:39:38 - [MESSAGE][PASSED] - Actual object '0' and expected object '0' are equal

26-05-2025T09:39:38 - [TEST_STEP][PASSED] - if (a == 82): null

26-05-2025T09:39:38 - [TEST_STEP][PASSED] - dZO = "Свердловэнерго": null

26-05-2025T09:39:38 - [TEST_STEP][PASSED] - a = 56: null

26-05-2025T09:39:38 - [TEST_STEP][PASSED] - if (x2.contains(dZO)): null

26-05-2025T09:39:38 - [TEST_STEP][PASSED] - filialNum = filialNum + 1: null

26-05-2025T09:39:38 - [TEST_STEP][PASSED] - Script1718980020443.Numbers(a, typeOfData, todaysDate, pageInt, fileInt, pageDouble, fileDouble, dZO, dzoNum, filialNum): null

26-05-2025T09:39:38 - [TEST_STEP][PASSED] - println(dzoNum): null

26-05-2025T09:39:38 - [TEST_STEP][PASSED] - planFact = <not implemented yet for class: org.codehaus.groovy.ast.expr.EmptyExpression>: null

26-05-2025T09:39:38 - [TEST_STEP][PASSED] - page = <not implemented yet for class: org.codehaus.groovy.ast.expr.EmptyExpression>: null

26-05-2025T09:39:38 - [TEST_STEP][PASSED] - page1 = <not implemented yet for class: org.codehaus.groovy.ast.expr.EmptyExpression>: null

26-05-2025T09:39:38 - [TEST_STEP][PASSED] - page2 = <not implemented yet for class: org.codehaus.groovy.ast.expr.EmptyExpression>: null

26-05-2025T09:39:38 - [TEST_STEP][PASSED] - filialNumberInRow = <not implemented yet for class: org.codehaus.groovy.ast.expr.EmptyExpression>: null

26-05-2025T09:39:38 - [TEST_STEP][PASSED] - filialsDzoNames = <not implemented yet for class: org.codehaus.groovy.ast.expr.EmptyExpression>: null

26-05-2025T09:39:38 - [TEST_STEP][PASSED] - numberOfFilials = <not implemented yet for class: org.codehaus.groovy.ast.expr.EmptyExpression>: null

26-05-2025T09:39:38 - [TEST_STEP][PASSED] - numberOfSpaces = <not implemented yet for class: org.codehaus.groovy.ast.expr.EmptyExpression>: null

26-05-2025T09:39:38 - [TEST_STEP][PASSED] - file = <not implemented yet for class: org.codehaus.groovy.ast.expr.EmptyExpression>: null

26-05-2025T09:39:38 - [TEST_STEP][PASSED] - otpusk = <not implemented yet for class: org.codehaus.groovy.ast.expr.EmptyExpression>: null

26-05-2025T09:39:38 - [TEST_STEP][PASSED] - poteri = <not implemented yet for class: org.codehaus.groovy.ast.expr.EmptyExpression>: null

26-05-2025T09:39:38 - [TEST_STEP][PASSED] - dataFolder = "Выполнение бизнес-плана/Значения со страницы Выполнение бизнес-плана/": null

26-05-2025T09:39:38 - [TEST_STEP][PASSED] - path = <not implemented yet for class: org.codehaus.groovy.ast.expr.EmptyExpression>: null

26-05-2025T09:39:38 - [TEST_STEP][PASSED] - typeOfDataMain = <not implemented yet for class: org.codehaus.groovy.ast.expr.EmptyExpression>: null

26-05-2025T09:39:38 - [TEST_STEP][PASSED] - fileOtpuskVSet = <not implemented yet for class: org.codehaus.groovy.ast.expr.EmptyExpression>: null

26-05-2025T09:39:38 - [TEST_STEP][PASSED] - pageOtpuskVSet = <not implemented yet for class: org.codehaus.groovy.ast.expr.EmptyExpression>: null

26-05-2025T09:39:38 - [TEST_STEP][PASSED] - filePoteri = <not implemented yet for class: org.codehaus.groovy.ast.expr.EmptyExpression>: null

26-05-2025T09:39:38 - [TEST_STEP][PASSED] - pagePoteri = <not implemented yet for class: org.codehaus.groovy.ast.expr.EmptyExpression>: null

26-05-2025T09:39:38 - [TEST_STEP][PASSED] - compare = <not implemented yet for class: org.codehaus.groovy.ast.expr.EmptyExpression>: null

26-05-2025T09:39:38 - [TEST_STEP][PASSED] - b = <not implemented yet for class: org.codehaus.groovy.ast.expr.EmptyExpression>: null

26-05-2025T09:39:38 - [TEST_STEP][PASSED] - i = <not implemented yet for class: org.codehaus.groovy.ast.expr.EmptyExpression>: null

26-05-2025T09:39:38 - [TEST_STEP][PASSED] - ii = <not implemented yet for class: org.codehaus.groovy.ast.expr.EmptyExpression>: null

26-05-2025T09:39:38 - [TEST_STEP][PASSED] - c = <not implemented yet for class: org.codehaus.groovy.ast.expr.EmptyExpression>: null

26-05-2025T09:39:38 - [TEST_STEP][PASSED] - numberOfErrors = 0: null

26-05-2025T09:39:38 - [TEST_STEP][PASSED] - if (a == 82): null

26-05-2025T09:39:38 - [TEST_STEP][PASSED] - b = findTestData("PlanFact").getValue(1, a): null

26-05-2025T09:39:38 - [TEST_STEP][PASSED] - i = b.indexOf(" (ГК)"): null

26-05-2025T09:39:38 - [TEST_STEP][PASSED] - if (i > -1): null

26-05-2025T09:39:38 - [TEST_STEP][PASSED] - i = b.indexOf("О ""): null

26-05-2025T09:39:38 - [TEST_STEP][PASSED] - if (i > -1): null

26-05-2025T09:39:38 - [TEST_STEP][PASSED] - i = b.indexOf("О «"): null

26-05-2025T09:39:38 - [TEST_STEP][PASSED] - if (i > -1): null

26-05-2025T09:39:38 - [TEST_STEP][PASSED] - i = b.indexOf("г. "): null

26-05-2025T09:39:38 - [TEST_STEP][PASSED] - if (i > -1): null

26-05-2025T09:39:38 - [TEST_STEP][PASSED] - b = b.trim(): null

26-05-2025T09:39:38 - [TEST_STEP][PASSED] - println(b): null

26-05-2025T09:39:38 - [TEST_STEP][PASSED] - for ([planFact = 1, planFact < 3, (planFact++)]): null

26-05-2025T09:39:38 - [TEST_STEP][PASSED] - if (planFact == 1): null

26-05-2025T09:39:38 - [TEST_STEP][PASSED] - typeOfDataMain = "Факт": null

26-05-2025T09:39:38 - [TEST_STEP][PASSED] - otpusk = findTestData("PlanFact").getValue(5, a): null

26-05-2025T09:39:38 - [TEST_STEP][PASSED] - poteri = findTestData("PlanFact").getValue(6, a): null

26-05-2025T09:39:38 - [TEST_STEP][PASSED] - otpusk = otpusk.replaceAll("\s+", ""): null

26-05-2025T09:39:38 - [TEST_STEP][PASSED] - poteri = poteri.replaceAll("\s+", ""): null

26-05-2025T09:39:38 - [TEST_STEP][PASSED] - typeOfData = typeOfDataMain + " Отпуск в сеть": null

26-05-2025T09:39:38 - [TEST_STEP][PASSED] - if (a == 82): null

26-05-2025T09:39:38 - [TEST_STEP][PASSED] - else if (a == 84): null

26-05-2025T09:39:38 - [TEST_STEP][PASSED] - else if (a == 83 || a == 52 || a == 72 || a == 28 || a == 73 || a == 77 || a == 74 || a == 65 || a == 36 || a == 44 || a == 53 || a == 80 || a == 54 || a == 1 || a == 18 || a == 59 || a == 81): null

26-05-2025T09:39:38 - [TEST_STEP][PASSED] - else: null

26-05-2025T09:39:38 - [TEST_STEP][PASSED] - path = dataFolder + typeOfData + " за отчётный период " + b: null

26-05-2025T09:39:38 - [TEST_STEP][PASSED] - println(path): null

26-05-2025T09:39:38 - [TEST_STEP][PASSED] - page = getText(findTestObject(path)): Text of object 'Object Repository/Выполнение бизнес-плана/Значения со страницы Выполнение бизнес-плана/Факт Отпуск в сеть за отчётный период Свердловэнерго' is: '8 083 853'

26-05-2025T09:39:38 - [MESSAGE][PASSED] - Text of object 'Object Repository/Выполнение бизнес-плана/Значения со страницы Выполнение бизнес-плана/Факт Отпуск в сеть за отчётный период Свердловэнерго' is: '8 083 853'

26-05-2025T09:39:38 - [TEST_STEP][PASSED] - if (page == "" || page == null): null

26-05-2025T09:39:38 - [TEST_STEP][PASSED] - else: null

26-05-2025T09:39:38 - [TEST_STEP][PASSED] - page = page.replaceAll("\s+", ""): null

26-05-2025T09:39:38 - [TEST_STEP][PASSED] - if (page == "undefined"): null

26-05-2025T09:39:38 - [TEST_STEP][PASSED] - fileOtpuskVSet = otpusk.toInteger(): null

26-05-2025T09:39:38 - [TEST_STEP][PASSED] - pageOtpuskVSet = page.toInteger(): null

26-05-2025T09:39:38 - [TEST_STEP][PASSED] - typeOfData = typeOfDataMain + " Потери": null

26-05-2025T09:39:38 - [TEST_STEP][PASSED] - if (a == 82): null

26-05-2025T09:39:38 - [TEST_STEP][PASSED] - else if (a == 84): null

26-05-2025T09:39:38 - [TEST_STEP][PASSED] - else if (a == 83 || a == 52 || a == 72 || a == 28 || a == 73 || a == 77 || a == 74 || a == 65 || a == 36 || a == 44 || a == 53 || a == 80 || a == 54 || a == 1 || a == 18 || a == 59 || a == 81): null

26-05-2025T09:39:38 - [TEST_STEP][PASSED] - else: null

26-05-2025T09:39:38 - [TEST_STEP][PASSED] - path = dataFolder + typeOfData + " за отчётный период " + b: null

26-05-2025T09:39:38 - [TEST_STEP][PASSED] - page = getText(findTestObject(path)): Text of object 'Object Repository/Выполнение бизнес-плана/Значения со страницы Выполнение бизнес-плана/Факт Потери за отчётный период Свердловэнерго' is: '393 329'

26-05-2025T09:39:39 - [MESSAGE][PASSED] - Text of object 'Object Repository/Выполнение бизнес-плана/Значения со страницы Выполнение бизнес-плана/Факт Потери за отчётный период Свердловэнерго' is: '393 329'

26-05-2025T09:39:39 - [TEST_STEP][PASSED] - if (page == "" || page == null): null

26-05-2025T09:39:39 - [TEST_STEP][PASSED] - else: null

26-05-2025T09:39:39 - [TEST_STEP][PASSED] - page = page.replaceAll("\s+", ""): null

26-05-2025T09:39:39 - [TEST_STEP][PASSED] - if (page == "undefined"): null

26-05-2025T09:39:39 - [TEST_STEP][PASSED] - filePoteri = poteri.toInteger(): null

26-05-2025T09:39:39 - [TEST_STEP][PASSED] - pagePoteri = page.toInteger(): null

26-05-2025T09:39:39 - [TEST_STEP][PASSED] - compare = pageOtpuskVSet: null

26-05-2025T09:39:39 - [TEST_STEP][PASSED] - if (pageOtpuskVSet != null): null

26-05-2025T09:39:39 - [TEST_STEP][PASSED] - if (compare == fileOtpuskVSet): null

26-05-2025T09:39:39 - [TEST_STEP][PASSED] - if (compare == fileOtpuskVSet): null

26-05-2025T09:39:39 - [TEST_STEP][PASSED] - compare = pagePoteri: null

26-05-2025T09:39:39 - [TEST_STEP][PASSED] - if (pageOtpuskVSet != null): null

26-05-2025T09:39:39 - [TEST_STEP][PASSED] - if (compare == filePoteri): null

26-05-2025T09:39:39 - [TEST_STEP][PASSED] - if (compare == filePoteri): null

26-05-2025T09:39:39 - [TEST_STEP][PASSED] - if (planFact == 2): null

26-05-2025T09:39:39 - [TEST_STEP][PASSED] - if (planFact == 1): null

26-05-2025T09:39:39 - [TEST_STEP][PASSED] - else if (planFact == 2): null

26-05-2025T09:39:39 - [TEST_STEP][PASSED] - click(findTestObject("Выполнение бизнес-плана/Кнопка План")): Object: 'Object Repository/Выполнение бизнес-плана/Кнопка План' is clicked on

26-05-2025T09:39:39 - [MESSAGE][PASSED] - Object: 'Object Repository/Выполнение бизнес-плана/Кнопка План' is clicked on

26-05-2025T09:39:39 - [TEST_STEP][PASSED] - typeOfDataMain = "План": null

26-05-2025T09:39:39 - [TEST_STEP][PASSED] - otpusk = findTestData("PlanFact").getValue(2, a): null

26-05-2025T09:39:39 - [TEST_STEP][PASSED] - poteri = findTestData("PlanFact").getValue(3, a): null

26-05-2025T09:39:39 - [TEST_STEP][PASSED] - otpusk = otpusk.replaceAll("\s+", ""): null

26-05-2025T09:39:39 - [TEST_STEP][PASSED] - poteri = poteri.replaceAll("\s+", ""): null

26-05-2025T09:39:39 - [TEST_STEP][PASSED] - typeOfData = typeOfDataMain + " Отпуск в сеть": null

26-05-2025T09:39:39 - [TEST_STEP][PASSED] - if (a == 82): null

26-05-2025T09:39:39 - [TEST_STEP][PASSED] - else if (a == 84): null

26-05-2025T09:39:39 - [TEST_STEP][PASSED] - else if (a == 83 || a == 52 || a == 72 || a == 28 || a == 73 || a == 77 || a == 74 || a == 65 || a == 36 || a == 44 || a == 53 || a == 80 || a == 54 || a == 1 || a == 18 || a == 59 || a == 81): null

26-05-2025T09:39:39 - [TEST_STEP][PASSED] - else: null

26-05-2025T09:39:39 - [TEST_STEP][PASSED] - path = dataFolder + typeOfData + " за отчётный период " + b: null

26-05-2025T09:39:39 - [TEST_STEP][PASSED] - println(path): null

26-05-2025T09:39:39 - [TEST_STEP][PASSED] - page = getText(findTestObject(path)): Text of object 'Object Repository/Выполнение бизнес-плана/Значения со страницы Выполнение бизнес-плана/План Отпуск в сеть за отчётный период Свердловэнерго' is: '8 275 763'

26-05-2025T09:39:39 - [MESSAGE][PASSED] - Text of object 'Object Repository/Выполнение бизнес-плана/Значения со страницы Выполнение бизнес-плана/План Отпуск в сеть за отчётный период Свердловэнерго' is: '8 275 763'

26-05-2025T09:39:39 - [TEST_STEP][PASSED] - if (page == "" || page == null): null

26-05-2025T09:39:39 - [TEST_STEP][PASSED] - else: null

26-05-2025T09:39:39 - [TEST_STEP][PASSED] - page = page.replaceAll("\s+", ""): null

26-05-2025T09:39:39 - [TEST_STEP][PASSED] - if (page == "undefined"): null

26-05-2025T09:39:39 - [TEST_STEP][PASSED] - fileOtpuskVSet = otpusk.toInteger(): null

26-05-2025T09:39:39 - [TEST_STEP][PASSED] - pageOtpuskVSet = page.toInteger(): null

26-05-2025T09:39:39 - [TEST_STEP][PASSED] - typeOfData = typeOfDataMain + " Потери": null

26-05-2025T09:39:39 - [TEST_STEP][PASSED] - if (a == 82): null

26-05-2025T09:39:39 - [TEST_STEP][PASSED] - else if (a == 84): null

26-05-2025T09:39:39 - [TEST_STEP][PASSED] - else if (a == 83 || a == 52 || a == 72 || a == 28 || a == 73 || a == 77 || a == 74 || a == 65 || a == 36 || a == 44 || a == 53 || a == 80 || a == 54 || a == 1 || a == 18 || a == 59 || a == 81): null

26-05-2025T09:39:39 - [TEST_STEP][PASSED] - else: null

26-05-2025T09:39:39 - [TEST_STEP][PASSED] - path = dataFolder + typeOfData + " за отчётный период " + b: null

26-05-2025T09:39:39 - [TEST_STEP][PASSED] - page = getText(findTestObject(path)): Text of object 'Object Repository/Выполнение бизнес-плана/Значения со страницы Выполнение бизнес-плана/План Потери за отчётный период Свердловэнерго' is: '409 844'

26-05-2025T09:39:40 - [MESSAGE][PASSED] - Text of object 'Object Repository/Выполнение бизнес-плана/Значения со страницы Выполнение бизнес-плана/План Потери за отчётный период Свердловэнерго' is: '409 844'

26-05-2025T09:39:40 - [TEST_STEP][PASSED] - if (page == "" || page == null): null

26-05-2025T09:39:40 - [TEST_STEP][PASSED] - else: null

26-05-2025T09:39:40 - [TEST_STEP][PASSED] - page = page.replaceAll("\s+", ""): null

26-05-2025T09:39:40 - [TEST_STEP][PASSED] - if (page == "undefined"): null

26-05-2025T09:39:40 - [TEST_STEP][PASSED] - filePoteri = poteri.toInteger(): null

26-05-2025T09:39:40 - [TEST_STEP][PASSED] - pagePoteri = page.toInteger(): null

26-05-2025T09:39:40 - [TEST_STEP][PASSED] - compare = pageOtpuskVSet: null

26-05-2025T09:39:40 - [TEST_STEP][PASSED] - if (pageOtpuskVSet != null): null

26-05-2025T09:39:40 - [TEST_STEP][PASSED] - if (compare == fileOtpuskVSet): null

26-05-2025T09:39:40 - [TEST_STEP][PASSED] - if (compare == fileOtpuskVSet): null

26-05-2025T09:39:40 - [TEST_STEP][PASSED] - compare = pagePoteri: null

26-05-2025T09:39:40 - [TEST_STEP][PASSED] - if (pageOtpuskVSet != null): null

26-05-2025T09:39:40 - [TEST_STEP][PASSED] - if (compare == filePoteri): null

26-05-2025T09:39:40 - [TEST_STEP][PASSED] - else if (compare > filePoteri): null

26-05-2025T09:39:40 - [TEST_STEP][PASSED] - else if (compare < filePoteri): null

26-05-2025T09:39:40 - [TEST_STEP][PASSED] - compare = compare + 1: null

26-05-2025T09:39:40 - [TEST_STEP][PASSED] - if (compare == filePoteri): null

26-05-2025T09:39:40 - [TEST_STEP][PASSED] - else: null

26-05-2025T09:39:40 - [TEST_STEP][PASSED] - numberOfErrors = numberOfErrors + 1: null

26-05-2025T09:39:40 - [TEST_STEP][PASSED] - pageInt = pagePoteri: null

26-05-2025T09:39:40 - [TEST_STEP][PASSED] - fileInt = filePoteri: null

26-05-2025T09:39:40 - [TEST_STEP][PASSED] - typeOfData = typeOfDataMain + " Потери": null

26-05-2025T09:39:40 - [TEST_STEP][PASSED] - Script1718980020443.WriteToExcel(a, typeOfData, todaysDate, pageInt, fileInt, pageDouble, fileDouble, dZO): null

26-05-2025T09:39:40 - [TEST_STEP][PASSED] - sheetName = "Sheet1": null

26-05-2025T09:39:40 - [TEST_STEP][PASSED] - data = findTestData("PlanFact"): null

26-05-2025T09:39:40 - [TEST_STEP][PASSED] - n = data.getRowNumbers() + 1: null

26-05-2025T09:39:40 - [TEST_STEP][PASSED] - day = ")).toInteger(): null

26-05-2025T09:39:40 - [TEST_STEP][PASSED] - println(day): null

26-05-2025T09:39:40 - [TEST_STEP][PASSED] - month = ")).toInteger(): null

26-05-2025T09:39:40 - [TEST_STEP][PASSED] - println(month): null

26-05-2025T09:39:40 - [TEST_STEP][PASSED] - y = <not implemented yet for class: org.codehaus.groovy.ast.expr.EmptyExpression>: null

26-05-2025T09:39:40 - [TEST_STEP][PASSED] - iy = <not implemented yet for class: org.codehaus.groovy.ast.expr.EmptyExpression>: null

26-05-2025T09:39:40 - [TEST_STEP][PASSED] - m = getText(findTestObject("Выполнение бизнес-плана/Период")): Text of object 'Object Repository/Выполнение бизнес-плана/Период' is: '1 кв. 2025 года'

26-05-2025T09:39:40 - [MESSAGE][PASSED] - Text of object 'Object Repository/Выполнение бизнес-плана/Период' is: '1 кв. 2025 года'

26-05-2025T09:39:40 - [TEST_STEP][PASSED] - iy = m.indexOf("20"): null

26-05-2025T09:39:40 - [TEST_STEP][PASSED] - if (iy > -1): null

26-05-2025T09:39:40 - [TEST_STEP][PASSED] - y = substring(iy, iy + 4).toInteger(): null

26-05-2025T09:39:40 - [TEST_STEP][PASSED] - println(y): null

26-05-2025T09:39:40 - [TEST_STEP][PASSED] - if (toString().length() == 4): null

26-05-2025T09:39:40 - [TEST_STEP][PASSED] - m = m.substring(0, m.indexOf(y.toString())): null

26-05-2025T09:39:40 - [TEST_STEP][PASSED] - m = m.trim(): null

26-05-2025T09:39:40 - [TEST_STEP][PASSED] - if (m == ""): null

26-05-2025T09:39:40 - [TEST_STEP][PASSED] - dashboardName = "Выполнение бизнес-плана": null

26-05-2025T09:39:40 - [TEST_STEP][PASSED] - workbook01 = getWorkbook(excelFilePath): null

26-05-2025T09:39:40 - [TEST_STEP][PASSED] - sheet01 = getExcelSheet(workbook01, sheetName): null

26-05-2025T09:39:40 - [TEST_STEP][PASSED] - setValueToCellByIndex(sheet01, n, 0, dashboardName): null

26-05-2025T09:39:40 - [TEST_STEP][PASSED] - setValueToCellByIndex(sheet01, n, 1, dZO): null

26-05-2025T09:39:40 - [TEST_STEP][PASSED] - setValueToCellByIndex(sheet01, n, 2, typeOfData): null

26-05-2025T09:39:40 - [TEST_STEP][PASSED] - if (typeOfData == "Факт в процентах" || typeOfData == "План в процентах"): null

26-05-2025T09:39:40 - [TEST_STEP][PASSED] - else: null

26-05-2025T09:39:40 - [TEST_STEP][PASSED] - setValueToCellByIndex(sheet01, n, 3, fileInt): null

26-05-2025T09:39:40 - [TEST_STEP][PASSED] - setValueToCellByIndex(sheet01, n, 4, pageInt): null

26-05-2025T09:39:40 - [TEST_STEP][PASSED] - setValueToCellByIndex(sheet01, n, 5, m): null

26-05-2025T09:39:40 - [TEST_STEP][PASSED] - setValueToCellByIndex(sheet01, n, 6, y): null

26-05-2025T09:39:40 - [TEST_STEP][PASSED] - setValueToCellByIndex(sheet01, n, 7, todaysDate): null

26-05-2025T09:39:40 - [TEST_STEP][PASSED] - n = n + 1: null

26-05-2025T09:39:40 - [TEST_STEP][PASSED] - saveWorkbook(excelFilePath, workbook01): Object: 'Object Repository/Выполнение бизнес-плана/Кнопка Факт' is clicked on

26-05-2025T09:39:40 - [TEST_STEP][PASSED] - if (planFact == 2): Object: 'Object Repository/Выполнение бизнес-плана/Кнопка Факт' is clicked on

26-05-2025T09:39:40 - [TEST_STEP][PASSED] - click(findTestObject("Выполнение бизнес-плана/Кнопка Факт")): Object: 'Object Repository/Выполнение бизнес-плана/Кнопка Факт' is clicked on

26-05-2025T09:39:41 - [MESSAGE][PASSED] - Object: 'Object Repository/Выполнение бизнес-плана/Кнопка Факт' is clicked on

26-05-2025T09:39:41 - [TEST_STEP][PASSED] - println("a=" + a): null

26-05-2025T09:39:41 - [TEST_STEP][PASSED] - if (a == 84 || a == 82): null

26-05-2025T09:39:41 - [TEST_STEP][PASSED] - else if (a == 83 || a == 52 || a == 72 || a == 28 || a == 73 || a == 77 || a == 74 || a == 65 || a == 36 || a == 44 || a == 53 || a == 80 || a == 54 || a == 1 || a == 18 || a == 59 || a == 81): null

26-05-2025T09:39:41 - [TEST_STEP][PASSED] - else: null

26-05-2025T09:39:41 - [TEST_STEP][PASSED] - page1 = getText(findTestObject("Object Repository/Выполнение бизнес-плана/spanPlan" + filialNum)): Text of object 'Object Repository/Выполнение бизнес-плана/spanPlan3' is: '4.95
|'

26-05-2025T09:39:41 - [MESSAGE][PASSED] - Text of object 'Object Repository/Выполнение бизнес-плана/spanPlan3' is: '4.95
|'

26-05-2025T09:39:41 - [TEST_STEP][PASSED] - if (page1 == null): null

26-05-2025T09:39:41 - [TEST_STEP][PASSED] - else: null

26-05-2025T09:39:41 - [TEST_STEP][PASSED] - page1 = page1.replace("|", ""): null

26-05-2025T09:39:41 - [TEST_STEP][PASSED] - page2 = getText(findTestObject("Object Repository/Выполнение бизнес-плана/spanFact" + filialNum)): Text of object 'Object Repository/Выполнение бизнес-плана/spanFact3' is: '4.87
|'

26-05-2025T09:39:41 - [MESSAGE][PASSED] - Text of object 'Object Repository/Выполнение бизнес-плана/spanFact3' is: '4.87
|'

26-05-2025T09:39:41 - [TEST_STEP][PASSED] - if (page2 == null): null

26-05-2025T09:39:41 - [TEST_STEP][PASSED] - else: null

26-05-2025T09:39:41 - [TEST_STEP][PASSED] - page2 = page2.replace("|", ""): null

26-05-2025T09:39:41 - [TEST_STEP][PASSED] - println("page1: " + page1): null

26-05-2025T09:39:41 - [TEST_STEP][PASSED] - println("page2: " + page2): null

26-05-2025T09:39:41 - [TEST_STEP][PASSED] - file = findTestData("PlanFact").getValue(4, a): null

26-05-2025T09:39:41 - [TEST_STEP][PASSED] - file = file.replace(",", "."): null

26-05-2025T09:39:41 - [TEST_STEP][PASSED] - println("file Plan: " + file): null

26-05-2025T09:39:41 - [TEST_STEP][PASSED] - typeOfData = "План в процентах": null

26-05-2025T09:39:41 - [TEST_STEP][PASSED] - fileDouble = file.toDouble(): null

26-05-2025T09:39:41 - [TEST_STEP][PASSED] - pageDouble = page1.toDouble(): null

26-05-2025T09:39:41 - [TEST_STEP][PASSED] - if (fileDouble != pageDouble): null

26-05-2025T09:39:41 - [TEST_STEP][PASSED] - numberOfErrors = numberOfErrors + 1: null

26-05-2025T09:39:41 - [TEST_STEP][PASSED] - Script1718980020443.WriteToExcel(a, typeOfData, todaysDate, pageInt, fileInt, pageDouble, fileDouble, dZO): null

26-05-2025T09:39:41 - [TEST_STEP][PASSED] - sheetName = "Sheet1": null

26-05-2025T09:39:41 - [TEST_STEP][PASSED] - data = findTestData("PlanFact"): null

26-05-2025T09:39:41 - [TEST_STEP][PASSED] - n = data.getRowNumbers() + 1: null

26-05-2025T09:39:41 - [TEST_STEP][PASSED] - day = ")).toInteger(): null

26-05-2025T09:39:41 - [TEST_STEP][PASSED] - println(day): null

26-05-2025T09:39:41 - [TEST_STEP][PASSED] - month = ")).toInteger(): null

26-05-2025T09:39:41 - [TEST_STEP][PASSED] - println(month): null

26-05-2025T09:39:41 - [TEST_STEP][PASSED] - y = <not implemented yet for class: org.codehaus.groovy.ast.expr.EmptyExpression>: null

26-05-2025T09:39:41 - [TEST_STEP][PASSED] - iy = <not implemented yet for class: org.codehaus.groovy.ast.expr.EmptyExpression>: null

26-05-2025T09:39:41 - [TEST_STEP][PASSED] - m = getText(findTestObject("Выполнение бизнес-плана/Период")): Text of object 'Object Repository/Выполнение бизнес-плана/Период' is: '1 кв. 2025 года'

26-05-2025T09:39:42 - [MESSAGE][PASSED] - Text of object 'Object Repository/Выполнение бизнес-плана/Период' is: '1 кв. 2025 года'

26-05-2025T09:39:42 - [TEST_STEP][PASSED] - iy = m.indexOf("20"): null

26-05-2025T09:39:42 - [TEST_STEP][PASSED] - if (iy > -1): null

26-05-2025T09:39:42 - [TEST_STEP][PASSED] - y = substring(iy, iy + 4).toInteger(): null

26-05-2025T09:39:42 - [TEST_STEP][PASSED] - println(y): null

26-05-2025T09:39:42 - [TEST_STEP][PASSED] - if (toString().length() == 4): null

26-05-2025T09:39:42 - [TEST_STEP][PASSED] - m = m.substring(0, m.indexOf(y.toString())): null

26-05-2025T09:39:42 - [TEST_STEP][PASSED] - m = m.trim(): null

26-05-2025T09:39:42 - [TEST_STEP][PASSED] - if (m == ""): null

26-05-2025T09:39:42 - [TEST_STEP][PASSED] - dashboardName = "Выполнение бизнес-плана": null

26-05-2025T09:39:42 - [TEST_STEP][PASSED] - workbook01 = getWorkbook(excelFilePath): null

26-05-2025T09:39:42 - [TEST_STEP][PASSED] - sheet01 = getExcelSheet(workbook01, sheetName): null

26-05-2025T09:39:42 - [TEST_STEP][PASSED] - setValueToCellByIndex(sheet01, n, 0, dashboardName): null

26-05-2025T09:39:42 - [TEST_STEP][PASSED] - setValueToCellByIndex(sheet01, n, 1, dZO): null

26-05-2025T09:39:42 - [TEST_STEP][PASSED] - setValueToCellByIndex(sheet01, n, 2, typeOfData): null

26-05-2025T09:39:42 - [TEST_STEP][PASSED] - if (typeOfData == "Факт в процентах" || typeOfData == "План в процентах"): null

26-05-2025T09:39:42 - [TEST_STEP][PASSED] - setValueToCellByIndex(sheet01, n, 3, fileDouble): null

26-05-2025T09:39:42 - [TEST_STEP][PASSED] - setValueToCellByIndex(sheet01, n, 4, pageDouble): null

26-05-2025T09:39:42 - [TEST_STEP][PASSED] - setValueToCellByIndex(sheet01, n, 5, m): null

26-05-2025T09:39:42 - [TEST_STEP][PASSED] - setValueToCellByIndex(sheet01, n, 6, y): null

26-05-2025T09:39:42 - [TEST_STEP][PASSED] - setValueToCellByIndex(sheet01, n, 7, todaysDate): null

26-05-2025T09:39:42 - [TEST_STEP][PASSED] - n = n + 1: null

26-05-2025T09:39:42 - [TEST_STEP][PASSED] - saveWorkbook(excelFilePath, workbook01): null

26-05-2025T09:39:42 - [TEST_STEP][PASSED] - file = findTestData("PlanFact").getValue(7, a): null

26-05-2025T09:39:42 - [TEST_STEP][PASSED] - file = file.replace(",", "."): null

26-05-2025T09:39:42 - [TEST_STEP][PASSED] - println("file Fact: " + file): null

26-05-2025T09:39:42 - [TEST_STEP][PASSED] - fileDouble = file.toDouble(): null

26-05-2025T09:39:42 - [TEST_STEP][PASSED] - typeOfData = "Факт в процентах": null

26-05-2025T09:39:42 - [TEST_STEP][PASSED] - fileDouble = file.toDouble(): null

26-05-2025T09:39:42 - [TEST_STEP][PASSED] - pageDouble = page2.toDouble(): null

26-05-2025T09:39:42 - [TEST_STEP][PASSED] - if (fileDouble != pageDouble): null

26-05-2025T09:39:42 - [TEST_STEP][FAILED] - if (verifyEqual(numberOfErrors, 0) == false): null

26-05-2025T09:39:42 - [MESSAGE][FAILED] - Unable to verify equal between actual object '2' and expected object '0' (Root cause: com.kms.katalon.core.exception.StepFailedException: Actual object '2' and expected object '0' are not equal
	at com.kms.katalon.core.keyword.builtin.VerifyEqualKeyword$_verifyEqual_closure1.doCall(VerifyEqualKeyword.groovy:58)
	at com.kms.katalon.core.keyword.builtin.VerifyEqualKeyword$_verifyEqual_closure1.call(VerifyEqualKeyword.groovy)
	at com.kms.katalon.core.keyword.internal.KeywordMain.runKeyword(KeywordMain.groovy:75)
	at com.kms.katalon.core.keyword.builtin.VerifyEqualKeyword.verifyEqual(VerifyEqualKeyword.groovy:63)
	at com.kms.katalon.core.keyword.builtin.VerifyEqualKeyword.execute(VerifyEqualKeyword.groovy:44)
	at com.kms.katalon.core.keyword.internal.KeywordExecutor.executeKeywordForPlatform(KeywordExecutor.groovy:74)
	at com.kms.katalon.core.keyword.BuiltinKeywords.verifyEqual(BuiltinKeywords.groovy:146)
	at jdk.internal.reflect.GeneratedMethodAccessor23.invoke(Unknown Source)
	at java.base/jdk.internal.reflect.DelegatingMethodAccessorImpl.invoke(DelegatingMethodAccessorImpl.java:43)
	at Выполнение бизнес-плана Сверка ПАО Россети все филиалы.Numbers(Выполнение бизнес-плана Сверка ПАО Россети все филиалы:749)
	at Выполнение бизнес-плана Сверка ПАО Россети все филиалы.Filials(Выполнение бизнес-плана Сверка ПАО Россети все филиалы:1690)
	at Выполнение бизнес-плана Сверка ПАО Россети все филиалы.Numbers(Выполнение бизнес-плана Сверка ПАО Россети все филиалы:756)
	at Выполнение бизнес-плана Сверка ПАО Россети все филиалы.run(Выполнение бизнес-плана Сверка ПАО Россети все филиалы:353)
	at com.kms.katalon.core.main.ScriptEngine.run(ScriptEngine.java:194)
	at com.kms.katalon.core.main.ScriptEngine.runScriptAsRawText(ScriptEngine.java:119)
	at com.kms.katalon.core.main.TestCaseExecutor.runScript(TestCaseExecutor.java:448)
	at com.kms.katalon.core.main.TestCaseExecutor.doExecute(TestCaseExecutor.java:439)
	at com.kms.katalon.core.main.TestCaseExecutor.processExecutionPhase(TestCaseExecutor.java:418)
	at com.kms.katalon.core.main.TestCaseExecutor.accessMainPhase(TestCaseExecutor.java:410)
	at com.kms.katalon.core.main.TestCaseExecutor.execute(TestCaseExecutor.java:285)
	at com.kms.katalon.core.common.CommonExecutor.accessTestCaseMainPhase(CommonExecutor.java:65)
	at com.kms.katalon.core.main.TestSuiteExecutor.accessTestSuiteMainPhase(TestSuiteExecutor.java:150)
	at com.kms.katalon.core.main.TestSuiteExecutor.execute(TestSuiteExecutor.java:106)
	at com.kms.katalon.core.main.TestCaseMain.startTestSuite(TestCaseMain.java:180)
	at TempTestSuite1748228991768.run(TempTestSuite1748228991768.groovy:35)
	at java.base/jdk.internal.reflect.NativeMethodAccessorImpl.invoke0(Native Method)
	at java.base/jdk.internal.reflect.NativeMethodAccessorImpl.invoke(NativeMethodAccessorImpl.java:77)
	at java.base/jdk.internal.reflect.DelegatingMethodAccessorImpl.invoke(DelegatingMethodAccessorImpl.java:43)
)

26-05-2025T09:39:42 - [TEST_STEP][PASSED] - println(numberOfErrors): null

26-05-2025T09:39:42 - [TEST_STEP][PASSED] - println("a=" + a): null

26-05-2025T09:39:42 - [TEST_STEP][PASSED] - if (a == 28 || a == 77 || a == 74 || a == 65 || a == 36 || a == 44 || a == 54 || a == 1 || a == 18 || a == 59): null

26-05-2025T09:39:42 - [TEST_STEP][PASSED] - if (a == 82): null

26-05-2025T09:39:42 - [TEST_STEP][PASSED] - dZO = "Челябэнерго": null

26-05-2025T09:39:42 - [TEST_STEP][PASSED] - a = 57: null

26-05-2025T09:39:42 - [TEST_STEP][PASSED] - if (x2.contains(dZO)): null

26-05-2025T09:39:42 - [TEST_STEP][PASSED] - filialNum = filialNum + 1: null

26-05-2025T09:39:42 - [TEST_STEP][PASSED] - Script1718980020443.Numbers(a, typeOfData, todaysDate, pageInt, fileInt, pageDouble, fileDouble, dZO, dzoNum, filialNum): null

26-05-2025T09:39:42 - [TEST_STEP][PASSED] - println(dzoNum): null

26-05-2025T09:39:42 - [TEST_STEP][PASSED] - planFact = <not implemented yet for class: org.codehaus.groovy.ast.expr.EmptyExpression>: null

26-05-2025T09:39:42 - [TEST_STEP][PASSED] - page = <not implemented yet for class: org.codehaus.groovy.ast.expr.EmptyExpression>: null

26-05-2025T09:39:42 - [TEST_STEP][PASSED] - page1 = <not implemented yet for class: org.codehaus.groovy.ast.expr.EmptyExpression>: null

26-05-2025T09:39:42 - [TEST_STEP][PASSED] - page2 = <not implemented yet for class: org.codehaus.groovy.ast.expr.EmptyExpression>: null

26-05-2025T09:39:42 - [TEST_STEP][PASSED] - filialNumberInRow = <not implemented yet for class: org.codehaus.groovy.ast.expr.EmptyExpression>: null

26-05-2025T09:39:42 - [TEST_STEP][PASSED] - filialsDzoNames = <not implemented yet for class: org.codehaus.groovy.ast.expr.EmptyExpression>: null

26-05-2025T09:39:42 - [TEST_STEP][PASSED] - numberOfFilials = <not implemented yet for class: org.codehaus.groovy.ast.expr.EmptyExpression>: null

26-05-2025T09:39:42 - [TEST_STEP][PASSED] - numberOfSpaces = <not implemented yet for class: org.codehaus.groovy.ast.expr.EmptyExpression>: null

26-05-2025T09:39:42 - [TEST_STEP][PASSED] - file = <not implemented yet for class: org.codehaus.groovy.ast.expr.EmptyExpression>: null

26-05-2025T09:39:42 - [TEST_STEP][PASSED] - otpusk = <not implemented yet for class: org.codehaus.groovy.ast.expr.EmptyExpression>: null

26-05-2025T09:39:42 - [TEST_STEP][PASSED] - poteri = <not implemented yet for class: org.codehaus.groovy.ast.expr.EmptyExpression>: null

26-05-2025T09:39:42 - [TEST_STEP][PASSED] - dataFolder = "Выполнение бизнес-плана/Значения со страницы Выполнение бизнес-плана/": null

26-05-2025T09:39:42 - [TEST_STEP][PASSED] - path = <not implemented yet for class: org.codehaus.groovy.ast.expr.EmptyExpression>: null

26-05-2025T09:39:42 - [TEST_STEP][PASSED] - typeOfDataMain = <not implemented yet for class: org.codehaus.groovy.ast.expr.EmptyExpression>: null

26-05-2025T09:39:42 - [TEST_STEP][PASSED] - fileOtpuskVSet = <not implemented yet for class: org.codehaus.groovy.ast.expr.EmptyExpression>: null

26-05-2025T09:39:42 - [TEST_STEP][PASSED] - pageOtpuskVSet = <not implemented yet for class: org.codehaus.groovy.ast.expr.EmptyExpression>: null

26-05-2025T09:39:42 - [TEST_STEP][PASSED] - filePoteri = <not implemented yet for class: org.codehaus.groovy.ast.expr.EmptyExpression>: null

26-05-2025T09:39:42 - [TEST_STEP][PASSED] - pagePoteri = <not implemented yet for class: org.codehaus.groovy.ast.expr.EmptyExpression>: null

26-05-2025T09:39:42 - [TEST_STEP][PASSED] - compare = <not implemented yet for class: org.codehaus.groovy.ast.expr.EmptyExpression>: null

26-05-2025T09:39:42 - [TEST_STEP][PASSED] - b = <not implemented yet for class: org.codehaus.groovy.ast.expr.EmptyExpression>: null

26-05-2025T09:39:42 - [TEST_STEP][PASSED] - i = <not implemented yet for class: org.codehaus.groovy.ast.expr.EmptyExpression>: null

26-05-2025T09:39:42 - [TEST_STEP][PASSED] - ii = <not implemented yet for class: org.codehaus.groovy.ast.expr.EmptyExpression>: null

26-05-2025T09:39:42 - [TEST_STEP][PASSED] - c = <not implemented yet for class: org.codehaus.groovy.ast.expr.EmptyExpression>: null

26-05-2025T09:39:42 - [TEST_STEP][PASSED] - numberOfErrors = 0: null

26-05-2025T09:39:42 - [TEST_STEP][PASSED] - if (a == 82): null

26-05-2025T09:39:42 - [TEST_STEP][PASSED] - b = findTestData("PlanFact").getValue(1, a): null

26-05-2025T09:39:42 - [TEST_STEP][PASSED] - i = b.indexOf(" (ГК)"): null

26-05-2025T09:39:42 - [TEST_STEP][PASSED] - if (i > -1): null

26-05-2025T09:39:42 - [TEST_STEP][PASSED] - i = b.indexOf("О ""): null

26-05-2025T09:39:42 - [TEST_STEP][PASSED] - if (i > -1): null

26-05-2025T09:39:42 - [TEST_STEP][PASSED] - i = b.indexOf("О «"): null

26-05-2025T09:39:42 - [TEST_STEP][PASSED] - if (i > -1): null

26-05-2025T09:39:42 - [TEST_STEP][PASSED] - i = b.indexOf("г. "): null

26-05-2025T09:39:42 - [TEST_STEP][PASSED] - if (i > -1): null

26-05-2025T09:39:42 - [TEST_STEP][PASSED] - b = b.trim(): null

26-05-2025T09:39:42 - [TEST_STEP][PASSED] - println(b): null

26-05-2025T09:39:42 - [TEST_STEP][PASSED] - for ([planFact = 1, planFact < 3, (planFact++)]): Object: 'Object Repository/Выполнение бизнес-плана/Кнопка Факт' is clicked on

26-05-2025T09:39:42 - [TEST_STEP][PASSED] - if (planFact == 1): null

26-05-2025T09:39:42 - [TEST_STEP][PASSED] - typeOfDataMain = "Факт": null

26-05-2025T09:39:42 - [TEST_STEP][PASSED] - otpusk = findTestData("PlanFact").getValue(5, a): null

26-05-2025T09:39:42 - [TEST_STEP][PASSED] - poteri = findTestData("PlanFact").getValue(6, a): null

26-05-2025T09:39:42 - [TEST_STEP][PASSED] - otpusk = otpusk.replaceAll("\s+", ""): null

26-05-2025T09:39:42 - [TEST_STEP][PASSED] - poteri = poteri.replaceAll("\s+", ""): null

26-05-2025T09:39:42 - [TEST_STEP][PASSED] - typeOfData = typeOfDataMain + " Отпуск в сеть": null

26-05-2025T09:39:42 - [TEST_STEP][PASSED] - if (a == 82): null

26-05-2025T09:39:42 - [TEST_STEP][PASSED] - else if (a == 84): null

26-05-2025T09:39:42 - [TEST_STEP][PASSED] - else if (a == 83 || a == 52 || a == 72 || a == 28 || a == 73 || a == 77 || a == 74 || a == 65 || a == 36 || a == 44 || a == 53 || a == 80 || a == 54 || a == 1 || a == 18 || a == 59 || a == 81): null

26-05-2025T09:39:42 - [TEST_STEP][PASSED] - else: null

26-05-2025T09:39:42 - [TEST_STEP][PASSED] - path = dataFolder + typeOfData + " за отчётный период " + b: null

26-05-2025T09:39:42 - [TEST_STEP][PASSED] - println(path): null

26-05-2025T09:39:42 - [TEST_STEP][PASSED] - page = getText(findTestObject(path)): Text of object 'Object Repository/Выполнение бизнес-плана/Значения со страницы Выполнение бизнес-плана/Факт Отпуск в сеть за отчётный период Челябэнерго' is: '4 838 556'

26-05-2025T09:39:43 - [MESSAGE][PASSED] - Text of object 'Object Repository/Выполнение бизнес-плана/Значения со страницы Выполнение бизнес-плана/Факт Отпуск в сеть за отчётный период Челябэнерго' is: '4 838 556'

26-05-2025T09:39:43 - [TEST_STEP][PASSED] - if (page == "" || page == null): null

26-05-2025T09:39:43 - [TEST_STEP][PASSED] - else: null

26-05-2025T09:39:43 - [TEST_STEP][PASSED] - page = page.replaceAll("\s+", ""): null

26-05-2025T09:39:43 - [TEST_STEP][PASSED] - if (page == "undefined"): null

26-05-2025T09:39:43 - [TEST_STEP][PASSED] - fileOtpuskVSet = otpusk.toInteger(): null

26-05-2025T09:39:43 - [TEST_STEP][PASSED] - pageOtpuskVSet = page.toInteger(): null

26-05-2025T09:39:43 - [TEST_STEP][PASSED] - typeOfData = typeOfDataMain + " Потери": null

26-05-2025T09:39:43 - [TEST_STEP][PASSED] - if (a == 82): null

26-05-2025T09:39:43 - [TEST_STEP][PASSED] - else if (a == 84): null

26-05-2025T09:39:43 - [TEST_STEP][PASSED] - else if (a == 83 || a == 52 || a == 72 || a == 28 || a == 73 || a == 77 || a == 74 || a == 65 || a == 36 || a == 44 || a == 53 || a == 80 || a == 54 || a == 1 || a == 18 || a == 59 || a == 81): null

26-05-2025T09:39:43 - [TEST_STEP][PASSED] - else: null

26-05-2025T09:39:43 - [TEST_STEP][PASSED] - path = dataFolder + typeOfData + " за отчётный период " + b: null

26-05-2025T09:39:43 - [TEST_STEP][PASSED] - page = getText(findTestObject(path)): Text of object 'Object Repository/Выполнение бизнес-плана/Значения со страницы Выполнение бизнес-плана/Факт Потери за отчётный период Челябэнерго' is: '363 330'

26-05-2025T09:39:43 - [MESSAGE][PASSED] - Text of object 'Object Repository/Выполнение бизнес-плана/Значения со страницы Выполнение бизнес-плана/Факт Потери за отчётный период Челябэнерго' is: '363 330'

26-05-2025T09:39:43 - [TEST_STEP][PASSED] - if (page == "" || page == null): null

26-05-2025T09:39:43 - [TEST_STEP][PASSED] - else: null

26-05-2025T09:39:43 - [TEST_STEP][PASSED] - page = page.replaceAll("\s+", ""): null

26-05-2025T09:39:43 - [TEST_STEP][PASSED] - if (page == "undefined"): null

26-05-2025T09:39:43 - [TEST_STEP][PASSED] - filePoteri = poteri.toInteger(): null

26-05-2025T09:39:43 - [TEST_STEP][PASSED] - pagePoteri = page.toInteger(): null

26-05-2025T09:39:43 - [TEST_STEP][PASSED] - compare = pageOtpuskVSet: null

26-05-2025T09:39:43 - [TEST_STEP][PASSED] - if (pageOtpuskVSet != null): null

26-05-2025T09:39:43 - [TEST_STEP][PASSED] - if (compare == fileOtpuskVSet): null

26-05-2025T09:39:43 - [TEST_STEP][PASSED] - if (compare == fileOtpuskVSet): null

26-05-2025T09:39:43 - [TEST_STEP][PASSED] - compare = pagePoteri: null

26-05-2025T09:39:43 - [TEST_STEP][PASSED] - if (pageOtpuskVSet != null): null

26-05-2025T09:39:43 - [TEST_STEP][PASSED] - if (compare == filePoteri): null

26-05-2025T09:39:43 - [TEST_STEP][PASSED] - if (compare == filePoteri): null

26-05-2025T09:39:43 - [TEST_STEP][PASSED] - if (planFact == 2): null

26-05-2025T09:39:43 - [TEST_STEP][PASSED] - if (planFact == 1): null

26-05-2025T09:39:43 - [TEST_STEP][PASSED] - else if (planFact == 2): null

26-05-2025T09:39:43 - [TEST_STEP][PASSED] - click(findTestObject("Выполнение бизнес-плана/Кнопка План")): Object: 'Object Repository/Выполнение бизнес-плана/Кнопка План' is clicked on

26-05-2025T09:39:43 - [MESSAGE][PASSED] - Object: 'Object Repository/Выполнение бизнес-плана/Кнопка План' is clicked on

26-05-2025T09:39:43 - [TEST_STEP][PASSED] - typeOfDataMain = "План": null

26-05-2025T09:39:43 - [TEST_STEP][PASSED] - otpusk = findTestData("PlanFact").getValue(2, a): null

26-05-2025T09:39:43 - [TEST_STEP][PASSED] - poteri = findTestData("PlanFact").getValue(3, a): null

26-05-2025T09:39:43 - [TEST_STEP][PASSED] - otpusk = otpusk.replaceAll("\s+", ""): null

26-05-2025T09:39:43 - [TEST_STEP][PASSED] - poteri = poteri.replaceAll("\s+", ""): null

26-05-2025T09:39:43 - [TEST_STEP][PASSED] - typeOfData = typeOfDataMain + " Отпуск в сеть": null

26-05-2025T09:39:43 - [TEST_STEP][PASSED] - if (a == 82): null

26-05-2025T09:39:43 - [TEST_STEP][PASSED] - else if (a == 84): null

26-05-2025T09:39:43 - [TEST_STEP][PASSED] - else if (a == 83 || a == 52 || a == 72 || a == 28 || a == 73 || a == 77 || a == 74 || a == 65 || a == 36 || a == 44 || a == 53 || a == 80 || a == 54 || a == 1 || a == 18 || a == 59 || a == 81): null

26-05-2025T09:39:43 - [TEST_STEP][PASSED] - else: null

26-05-2025T09:39:43 - [TEST_STEP][PASSED] - path = dataFolder + typeOfData + " за отчётный период " + b: null

26-05-2025T09:39:43 - [TEST_STEP][PASSED] - println(path): null

26-05-2025T09:39:43 - [TEST_STEP][PASSED] - page = getText(findTestObject(path)): Text of object 'Object Repository/Выполнение бизнес-плана/Значения со страницы Выполнение бизнес-плана/План Отпуск в сеть за отчётный период Челябэнерго' is: '5 028 167'

26-05-2025T09:39:44 - [MESSAGE][PASSED] - Text of object 'Object Repository/Выполнение бизнес-плана/Значения со страницы Выполнение бизнес-плана/План Отпуск в сеть за отчётный период Челябэнерго' is: '5 028 167'

26-05-2025T09:39:44 - [TEST_STEP][PASSED] - if (page == "" || page == null): null

26-05-2025T09:39:44 - [TEST_STEP][PASSED] - else: null

26-05-2025T09:39:44 - [TEST_STEP][PASSED] - page = page.replaceAll("\s+", ""): null

26-05-2025T09:39:44 - [TEST_STEP][PASSED] - if (page == "undefined"): null

26-05-2025T09:39:44 - [TEST_STEP][PASSED] - fileOtpuskVSet = otpusk.toInteger(): null

26-05-2025T09:39:44 - [TEST_STEP][PASSED] - pageOtpuskVSet = page.toInteger(): null

26-05-2025T09:39:44 - [TEST_STEP][PASSED] - typeOfData = typeOfDataMain + " Потери": null

26-05-2025T09:39:44 - [TEST_STEP][PASSED] - if (a == 82): null

26-05-2025T09:39:44 - [TEST_STEP][PASSED] - else if (a == 84): null

26-05-2025T09:39:44 - [TEST_STEP][PASSED] - else if (a == 83 || a == 52 || a == 72 || a == 28 || a == 73 || a == 77 || a == 74 || a == 65 || a == 36 || a == 44 || a == 53 || a == 80 || a == 54 || a == 1 || a == 18 || a == 59 || a == 81): null

26-05-2025T09:39:44 - [TEST_STEP][PASSED] - else: null

26-05-2025T09:39:44 - [TEST_STEP][PASSED] - path = dataFolder + typeOfData + " за отчётный период " + b: null

26-05-2025T09:39:44 - [TEST_STEP][PASSED] - page = getText(findTestObject(path)): Text of object 'Object Repository/Выполнение бизнес-плана/Значения со страницы Выполнение бизнес-плана/План Потери за отчётный период Челябэнерго' is: '402 099'

26-05-2025T09:39:44 - [MESSAGE][PASSED] - Text of object 'Object Repository/Выполнение бизнес-плана/Значения со страницы Выполнение бизнес-плана/План Потери за отчётный период Челябэнерго' is: '402 099'

26-05-2025T09:39:44 - [TEST_STEP][PASSED] - if (page == "" || page == null): null

26-05-2025T09:39:44 - [TEST_STEP][PASSED] - else: null

26-05-2025T09:39:44 - [TEST_STEP][PASSED] - page = page.replaceAll("\s+", ""): null

26-05-2025T09:39:44 - [TEST_STEP][PASSED] - if (page == "undefined"): null

26-05-2025T09:39:44 - [TEST_STEP][PASSED] - filePoteri = poteri.toInteger(): null

26-05-2025T09:39:44 - [TEST_STEP][PASSED] - pagePoteri = page.toInteger(): null

26-05-2025T09:39:44 - [TEST_STEP][PASSED] - compare = pageOtpuskVSet: null

26-05-2025T09:39:44 - [TEST_STEP][PASSED] - if (pageOtpuskVSet != null): null

26-05-2025T09:39:44 - [TEST_STEP][PASSED] - if (compare == fileOtpuskVSet): null

26-05-2025T09:39:44 - [TEST_STEP][PASSED] - if (compare == fileOtpuskVSet): null

26-05-2025T09:39:44 - [TEST_STEP][PASSED] - compare = pagePoteri: null

26-05-2025T09:39:44 - [TEST_STEP][PASSED] - if (pageOtpuskVSet != null): null

26-05-2025T09:39:44 - [TEST_STEP][PASSED] - if (compare == filePoteri): null

26-05-2025T09:39:44 - [TEST_STEP][PASSED] - if (compare == filePoteri): null

26-05-2025T09:39:44 - [TEST_STEP][PASSED] - if (planFact == 2): Object: 'Object Repository/Выполнение бизнес-плана/Кнопка Факт' is clicked on

26-05-2025T09:39:44 - [TEST_STEP][PASSED] - click(findTestObject("Выполнение бизнес-плана/Кнопка Факт")): Object: 'Object Repository/Выполнение бизнес-плана/Кнопка Факт' is clicked on

26-05-2025T09:39:44 - [MESSAGE][PASSED] - Object: 'Object Repository/Выполнение бизнес-плана/Кнопка Факт' is clicked on

26-05-2025T09:39:44 - [TEST_STEP][PASSED] - println("a=" + a): null

26-05-2025T09:39:44 - [TEST_STEP][PASSED] - if (a == 84 || a == 82): null

26-05-2025T09:39:44 - [TEST_STEP][PASSED] - else if (a == 83 || a == 52 || a == 72 || a == 28 || a == 73 || a == 77 || a == 74 || a == 65 || a == 36 || a == 44 || a == 53 || a == 80 || a == 54 || a == 1 || a == 18 || a == 59 || a == 81): null

26-05-2025T09:39:44 - [TEST_STEP][PASSED] - else: null

26-05-2025T09:39:44 - [TEST_STEP][PASSED] - page1 = getText(findTestObject("Object Repository/Выполнение бизнес-плана/spanPlan" + filialNum)): Text of object 'Object Repository/Выполнение бизнес-плана/spanPlan4' is: '8.00
|'

26-05-2025T09:39:45 - [MESSAGE][PASSED] - Text of object 'Object Repository/Выполнение бизнес-плана/spanPlan4' is: '8.00
|'

26-05-2025T09:39:45 - [TEST_STEP][PASSED] - if (page1 == null): null

26-05-2025T09:39:45 - [TEST_STEP][PASSED] - else: null

26-05-2025T09:39:45 - [TEST_STEP][PASSED] - page1 = page1.replace("|", ""): null

26-05-2025T09:39:45 - [TEST_STEP][PASSED] - page2 = getText(findTestObject("Object Repository/Выполнение бизнес-плана/spanFact" + filialNum)): Text of object 'Object Repository/Выполнение бизнес-плана/spanFact4' is: '7.51
|'

26-05-2025T09:39:45 - [MESSAGE][PASSED] - Text of object 'Object Repository/Выполнение бизнес-плана/spanFact4' is: '7.51
|'

26-05-2025T09:39:45 - [TEST_STEP][PASSED] - if (page2 == null): null

26-05-2025T09:39:45 - [TEST_STEP][PASSED] - else: null

26-05-2025T09:39:45 - [TEST_STEP][PASSED] - page2 = page2.replace("|", ""): null

26-05-2025T09:39:45 - [TEST_STEP][PASSED] - println("page1: " + page1): null

26-05-2025T09:39:45 - [TEST_STEP][PASSED] - println("page2: " + page2): null

26-05-2025T09:39:45 - [TEST_STEP][PASSED] - file = findTestData("PlanFact").getValue(4, a): null

26-05-2025T09:39:45 - [TEST_STEP][PASSED] - file = file.replace(",", "."): null

26-05-2025T09:39:45 - [TEST_STEP][PASSED] - println("file Plan: " + file): null

26-05-2025T09:39:45 - [TEST_STEP][PASSED] - typeOfData = "План в процентах": null

26-05-2025T09:39:45 - [TEST_STEP][PASSED] - fileDouble = file.toDouble(): null

26-05-2025T09:39:45 - [TEST_STEP][PASSED] - pageDouble = page1.toDouble(): null

26-05-2025T09:39:45 - [TEST_STEP][PASSED] - if (fileDouble != pageDouble): null

26-05-2025T09:39:45 - [TEST_STEP][PASSED] - file = findTestData("PlanFact").getValue(7, a): null

26-05-2025T09:39:45 - [TEST_STEP][PASSED] - file = file.replace(",", "."): null

26-05-2025T09:39:45 - [TEST_STEP][PASSED] - println("file Fact: " + file): null

26-05-2025T09:39:45 - [TEST_STEP][PASSED] - fileDouble = file.toDouble(): null

26-05-2025T09:39:45 - [TEST_STEP][PASSED] - typeOfData = "Факт в процентах": null

26-05-2025T09:39:45 - [TEST_STEP][PASSED] - fileDouble = file.toDouble(): null

26-05-2025T09:39:45 - [TEST_STEP][PASSED] - pageDouble = page2.toDouble(): null

26-05-2025T09:39:45 - [TEST_STEP][PASSED] - if (fileDouble != pageDouble): null

26-05-2025T09:39:45 - [TEST_STEP][PASSED] - if (verifyEqual(numberOfErrors, 0) == false): Actual object '0' and expected object '0' are equal

26-05-2025T09:39:45 - [MESSAGE][PASSED] - Actual object '0' and expected object '0' are equal

26-05-2025T09:39:45 - [TEST_STEP][PASSED] - if (a == 82): null

26-05-2025T09:39:45 - [TEST_STEP][PASSED] - filialNum = 0: null

26-05-2025T09:39:45 - [TEST_STEP][PASSED] - if (a == 59): null

26-05-2025T09:39:45 - [TEST_STEP][PASSED] - Script1718980020443.OpenFilter(): null

26-05-2025T09:39:45 - [TEST_STEP][PASSED] - click(findTestObject("Object Repository/Выполнение бизнес-плана/Фильтр ДЗО")): Object: 'Object Repository/Выполнение бизнес-плана/Фильтр ДЗО' is clicked on

26-05-2025T09:39:45 - [MESSAGE][PASSED] - Object: 'Object Repository/Выполнение бизнес-плана/Фильтр ДЗО' is clicked on

26-05-2025T09:39:45 - [TEST_STEP][PASSED] - click(findTestObject("Выполнение бизнес-плана/Снять выделение в фильтре ДЗО")): Object: 'Object Repository/Выполнение бизнес-плана/Снять выделение в фильтре ДЗО' is clicked on

26-05-2025T09:39:46 - [MESSAGE][PASSED] - Object: 'Object Repository/Выполнение бизнес-плана/Снять выделение в фильтре ДЗО' is clicked on

26-05-2025T09:39:46 - [TEST_STEP][PASSED] - Script1718980020443.CloseFilter(): null

26-05-2025T09:39:46 - [TEST_STEP][PASSED] - scrollToElement(findTestObject("Выполнение бизнес-плана/Заголовок дашборда"), 30): Scroll to object 'Object Repository/Выполнение бизнес-плана/Заголовок дашборда' successfully

26-05-2025T09:39:46 - [MESSAGE][PASSED] - Scroll to object 'Object Repository/Выполнение бизнес-плана/Заголовок дашборда' successfully

26-05-2025T09:39:46 - [TEST_STEP][PASSED] - click(findTestObject("Object Repository/Выполнение бизнес-плана/Применить в фильтре ДЗО")): Object: 'Object Repository/Выполнение бизнес-плана/Применить в фильтре ДЗО' is clicked on

26-05-2025T09:39:47 - [MESSAGE][PASSED] - Object: 'Object Repository/Выполнение бизнес-плана/Применить в фильтре ДЗО' is clicked on

26-05-2025T09:39:47 - [TEST_STEP][PASSED] - delay(20): Delayed 20 second(s)

26-05-2025T09:40:07 - [MESSAGE][PASSED] - Delayed 20 second(s)

26-05-2025T09:40:07 - [TEST_STEP][PASSED] - if (a == 82): null

26-05-2025T09:40:07 - [TEST_STEP][PASSED] - println(dzoNum): null

26-05-2025T09:40:07 - [TEST_STEP][PASSED] - dZO = "Россети Центр (ГК)": null

26-05-2025T09:40:07 - [TEST_STEP][PASSED] - a = 1: null

26-05-2025T09:40:07 - [TEST_STEP][PASSED] - if (x1.contains("Центр (ГК)") || x1.contains("Центр(ГК)")): null

26-05-2025T09:40:07 - [TEST_STEP][PASSED] - else: null

26-05-2025T09:40:07 - [TEST_STEP][PASSED] - Script1718980020443.NoData(a, typeOfData, todaysDate, fileInt, fileDouble, dZO): null

26-05-2025T09:40:07 - [TEST_STEP][PASSED] - println(a): null

26-05-2025T09:40:07 - [TEST_STEP][PASSED] - println(todaysDate): null

26-05-2025T09:40:07 - [TEST_STEP][PASSED] - println(fileInt): null

26-05-2025T09:40:07 - [TEST_STEP][PASSED] - println(fileDouble): null

26-05-2025T09:40:07 - [TEST_STEP][PASSED] - println(dZO): null

26-05-2025T09:40:07 - [TEST_STEP][PASSED] - typeOfData = "Факт Отпуск в сеть": null

26-05-2025T09:40:07 - [TEST_STEP][PASSED] - fileInt = replaceAll("\s+", "").toInteger(): null

26-05-2025T09:40:07 - [TEST_STEP][PASSED] - Script1718980020443.WriteToExcelNoData(a, typeOfData, todaysDate, fileInt, fileDouble, dZO): null

26-05-2025T09:40:07 - [TEST_STEP][PASSED] - sheetName = "Sheet1": null

26-05-2025T09:40:07 - [TEST_STEP][PASSED] - data = findTestData("PlanFact"): null

26-05-2025T09:40:07 - [TEST_STEP][PASSED] - n = data.getRowNumbers() + 1: null

26-05-2025T09:40:07 - [TEST_STEP][PASSED] - day = ")).toInteger(): null

26-05-2025T09:40:07 - [TEST_STEP][PASSED] - println(day): null

26-05-2025T09:40:07 - [TEST_STEP][PASSED] - month = ")).toInteger(): null

26-05-2025T09:40:07 - [TEST_STEP][PASSED] - println(month): null

26-05-2025T09:40:07 - [TEST_STEP][PASSED] - y = <not implemented yet for class: org.codehaus.groovy.ast.expr.EmptyExpression>: null

26-05-2025T09:40:07 - [TEST_STEP][PASSED] - iy = <not implemented yet for class: org.codehaus.groovy.ast.expr.EmptyExpression>: null

26-05-2025T09:40:07 - [TEST_STEP][PASSED] - m = getText(findTestObject("Выполнение бизнес-плана/Период")): Text of object 'Object Repository/Выполнение бизнес-плана/Период' is: '1 кв. 2025 года'

26-05-2025T09:40:08 - [MESSAGE][PASSED] - Text of object 'Object Repository/Выполнение бизнес-плана/Период' is: '1 кв. 2025 года'

26-05-2025T09:40:08 - [TEST_STEP][PASSED] - iy = m.indexOf("20"): null

26-05-2025T09:40:08 - [TEST_STEP][PASSED] - if (iy > -1): null

26-05-2025T09:40:08 - [TEST_STEP][PASSED] - y = substring(iy, iy + 4).toInteger(): null

26-05-2025T09:40:08 - [TEST_STEP][PASSED] - println(y): null

26-05-2025T09:40:08 - [TEST_STEP][PASSED] - if (toString().length() == 4): null

26-05-2025T09:40:08 - [TEST_STEP][PASSED] - m = m.substring(0, m.indexOf(y.toString())): null

26-05-2025T09:40:08 - [TEST_STEP][PASSED] - m = m.trim(): null

26-05-2025T09:40:08 - [TEST_STEP][PASSED] - if (m == ""): null

26-05-2025T09:40:08 - [TEST_STEP][PASSED] - dashboardName = "Выполнение бизнес-плана": null

26-05-2025T09:40:08 - [TEST_STEP][PASSED] - workbook01 = getWorkbook(excelFilePath): null

26-05-2025T09:40:08 - [TEST_STEP][PASSED] - sheet01 = getExcelSheet(workbook01, sheetName): null

26-05-2025T09:40:08 - [TEST_STEP][PASSED] - setValueToCellByIndex(sheet01, n, 0, dashboardName): null

26-05-2025T09:40:08 - [TEST_STEP][PASSED] - setValueToCellByIndex(sheet01, n, 1, dZO): null

26-05-2025T09:40:08 - [TEST_STEP][PASSED] - setValueToCellByIndex(sheet01, n, 2, typeOfData): null

26-05-2025T09:40:08 - [TEST_STEP][PASSED] - if (typeOfData == "Факт в процентах" || typeOfData == "План в процентах"): null

26-05-2025T09:40:08 - [TEST_STEP][PASSED] - else: null

26-05-2025T09:40:08 - [TEST_STEP][PASSED] - setValueToCellByIndex(sheet01, n, 3, fileInt): null

26-05-2025T09:40:08 - [TEST_STEP][PASSED] - setValueToCellByIndex(sheet01, n, 4, "нет данных"): null

26-05-2025T09:40:08 - [TEST_STEP][PASSED] - setValueToCellByIndex(sheet01, n, 5, m): null

26-05-2025T09:40:08 - [TEST_STEP][PASSED] - setValueToCellByIndex(sheet01, n, 6, y): null

26-05-2025T09:40:08 - [TEST_STEP][PASSED] - setValueToCellByIndex(sheet01, n, 7, todaysDate): null

26-05-2025T09:40:08 - [TEST_STEP][PASSED] - n = n + 1: null

26-05-2025T09:40:08 - [TEST_STEP][PASSED] - saveWorkbook(excelFilePath, workbook01): null

26-05-2025T09:40:08 - [TEST_STEP][PASSED] - typeOfData = "Факт Потери": null

26-05-2025T09:40:08 - [TEST_STEP][PASSED] - fileInt = replaceAll("\s+", "").toInteger(): null

26-05-2025T09:40:08 - [TEST_STEP][PASSED] - Script1718980020443.WriteToExcelNoData(a, typeOfData, todaysDate, fileInt, fileDouble, dZO): null

26-05-2025T09:40:08 - [TEST_STEP][PASSED] - sheetName = "Sheet1": null

26-05-2025T09:40:08 - [TEST_STEP][PASSED] - data = findTestData("PlanFact"): null

26-05-2025T09:40:08 - [TEST_STEP][PASSED] - n = data.getRowNumbers() + 1: null

26-05-2025T09:40:08 - [TEST_STEP][PASSED] - day = ")).toInteger(): null

26-05-2025T09:40:08 - [TEST_STEP][PASSED] - println(day): null

26-05-2025T09:40:08 - [TEST_STEP][PASSED] - month = ")).toInteger(): null

26-05-2025T09:40:08 - [TEST_STEP][PASSED] - println(month): null

26-05-2025T09:40:08 - [TEST_STEP][PASSED] - y = <not implemented yet for class: org.codehaus.groovy.ast.expr.EmptyExpression>: null

26-05-2025T09:40:08 - [TEST_STEP][PASSED] - iy = <not implemented yet for class: org.codehaus.groovy.ast.expr.EmptyExpression>: null

26-05-2025T09:40:08 - [TEST_STEP][PASSED] - m = getText(findTestObject("Выполнение бизнес-плана/Период")): Text of object 'Object Repository/Выполнение бизнес-плана/Период' is: '1 кв. 2025 года'

26-05-2025T09:40:08 - [MESSAGE][PASSED] - Text of object 'Object Repository/Выполнение бизнес-плана/Период' is: '1 кв. 2025 года'

26-05-2025T09:40:08 - [TEST_STEP][PASSED] - iy = m.indexOf("20"): null

26-05-2025T09:40:08 - [TEST_STEP][PASSED] - if (iy > -1): null

26-05-2025T09:40:08 - [TEST_STEP][PASSED] - y = substring(iy, iy + 4).toInteger(): null

26-05-2025T09:40:08 - [TEST_STEP][PASSED] - println(y): null

26-05-2025T09:40:08 - [TEST_STEP][PASSED] - if (toString().length() == 4): null

26-05-2025T09:40:08 - [TEST_STEP][PASSED] - m = m.substring(0, m.indexOf(y.toString())): null

26-05-2025T09:40:08 - [TEST_STEP][PASSED] - m = m.trim(): null

26-05-2025T09:40:08 - [TEST_STEP][PASSED] - if (m == ""): null

26-05-2025T09:40:08 - [TEST_STEP][PASSED] - dashboardName = "Выполнение бизнес-плана": null

26-05-2025T09:40:08 - [TEST_STEP][PASSED] - workbook01 = getWorkbook(excelFilePath): null

26-05-2025T09:40:08 - [TEST_STEP][PASSED] - sheet01 = getExcelSheet(workbook01, sheetName): null

26-05-2025T09:40:08 - [TEST_STEP][PASSED] - setValueToCellByIndex(sheet01, n, 0, dashboardName): null

26-05-2025T09:40:08 - [TEST_STEP][PASSED] - setValueToCellByIndex(sheet01, n, 1, dZO): null

26-05-2025T09:40:08 - [TEST_STEP][PASSED] - setValueToCellByIndex(sheet01, n, 2, typeOfData): null

26-05-2025T09:40:08 - [TEST_STEP][PASSED] - if (typeOfData == "Факт в процентах" || typeOfData == "План в процентах"): null

26-05-2025T09:40:08 - [TEST_STEP][PASSED] - else: null

26-05-2025T09:40:08 - [TEST_STEP][PASSED] - setValueToCellByIndex(sheet01, n, 3, fileInt): null

26-05-2025T09:40:08 - [TEST_STEP][PASSED] - setValueToCellByIndex(sheet01, n, 4, "нет данных"): null

26-05-2025T09:40:08 - [TEST_STEP][PASSED] - setValueToCellByIndex(sheet01, n, 5, m): null

26-05-2025T09:40:08 - [TEST_STEP][PASSED] - setValueToCellByIndex(sheet01, n, 6, y): null

26-05-2025T09:40:08 - [TEST_STEP][PASSED] - setValueToCellByIndex(sheet01, n, 7, todaysDate): null

26-05-2025T09:40:08 - [TEST_STEP][PASSED] - n = n + 1: null

26-05-2025T09:40:08 - [TEST_STEP][PASSED] - saveWorkbook(excelFilePath, workbook01): null

26-05-2025T09:40:08 - [TEST_STEP][PASSED] - typeOfData = "План Отпуск в сеть": null

26-05-2025T09:40:08 - [TEST_STEP][PASSED] - fileInt = replaceAll("\s+", "").toInteger(): null

26-05-2025T09:40:08 - [TEST_STEP][PASSED] - Script1718980020443.WriteToExcelNoData(a, typeOfData, todaysDate, fileInt, fileDouble, dZO): null

26-05-2025T09:40:08 - [TEST_STEP][PASSED] - sheetName = "Sheet1": null

26-05-2025T09:40:08 - [TEST_STEP][PASSED] - data = findTestData("PlanFact"): null

26-05-2025T09:40:09 - [TEST_STEP][PASSED] - n = data.getRowNumbers() + 1: null

26-05-2025T09:40:09 - [TEST_STEP][PASSED] - day = ")).toInteger(): null

26-05-2025T09:40:09 - [TEST_STEP][PASSED] - println(day): null

26-05-2025T09:40:09 - [TEST_STEP][PASSED] - month = ")).toInteger(): null

26-05-2025T09:40:09 - [TEST_STEP][PASSED] - println(month): null

26-05-2025T09:40:09 - [TEST_STEP][PASSED] - y = <not implemented yet for class: org.codehaus.groovy.ast.expr.EmptyExpression>: null

26-05-2025T09:40:09 - [TEST_STEP][PASSED] - iy = <not implemented yet for class: org.codehaus.groovy.ast.expr.EmptyExpression>: null

26-05-2025T09:40:09 - [TEST_STEP][PASSED] - m = getText(findTestObject("Выполнение бизнес-плана/Период")): Text of object 'Object Repository/Выполнение бизнес-плана/Период' is: '1 кв. 2025 года'

26-05-2025T09:40:09 - [MESSAGE][PASSED] - Text of object 'Object Repository/Выполнение бизнес-плана/Период' is: '1 кв. 2025 года'

26-05-2025T09:40:09 - [TEST_STEP][PASSED] - iy = m.indexOf("20"): null

26-05-2025T09:40:09 - [TEST_STEP][PASSED] - if (iy > -1): null

26-05-2025T09:40:09 - [TEST_STEP][PASSED] - y = substring(iy, iy + 4).toInteger(): null

26-05-2025T09:40:09 - [TEST_STEP][PASSED] - println(y): null

26-05-2025T09:40:09 - [TEST_STEP][PASSED] - if (toString().length() == 4): null

26-05-2025T09:40:09 - [TEST_STEP][PASSED] - m = m.substring(0, m.indexOf(y.toString())): null

26-05-2025T09:40:09 - [TEST_STEP][PASSED] - m = m.trim(): null

26-05-2025T09:40:09 - [TEST_STEP][PASSED] - if (m == ""): null

26-05-2025T09:40:09 - [TEST_STEP][PASSED] - dashboardName = "Выполнение бизнес-плана": null

26-05-2025T09:40:09 - [TEST_STEP][PASSED] - workbook01 = getWorkbook(excelFilePath): null

26-05-2025T09:40:09 - [TEST_STEP][PASSED] - sheet01 = getExcelSheet(workbook01, sheetName): null

26-05-2025T09:40:09 - [TEST_STEP][PASSED] - setValueToCellByIndex(sheet01, n, 0, dashboardName): null

26-05-2025T09:40:09 - [TEST_STEP][PASSED] - setValueToCellByIndex(sheet01, n, 1, dZO): null

26-05-2025T09:40:09 - [TEST_STEP][PASSED] - setValueToCellByIndex(sheet01, n, 2, typeOfData): null

26-05-2025T09:40:09 - [TEST_STEP][PASSED] - if (typeOfData == "Факт в процентах" || typeOfData == "План в процентах"): null

26-05-2025T09:40:09 - [TEST_STEP][PASSED] - else: null

26-05-2025T09:40:09 - [TEST_STEP][PASSED] - setValueToCellByIndex(sheet01, n, 3, fileInt): null

26-05-2025T09:40:09 - [TEST_STEP][PASSED] - setValueToCellByIndex(sheet01, n, 4, "нет данных"): null

26-05-2025T09:40:09 - [TEST_STEP][PASSED] - setValueToCellByIndex(sheet01, n, 5, m): null

26-05-2025T09:40:09 - [TEST_STEP][PASSED] - setValueToCellByIndex(sheet01, n, 6, y): null

26-05-2025T09:40:09 - [TEST_STEP][PASSED] - setValueToCellByIndex(sheet01, n, 7, todaysDate): null

26-05-2025T09:40:09 - [TEST_STEP][PASSED] - n = n + 1: null

26-05-2025T09:40:09 - [TEST_STEP][PASSED] - saveWorkbook(excelFilePath, workbook01): null

26-05-2025T09:40:09 - [TEST_STEP][PASSED] - typeOfData = "План Потери": null

26-05-2025T09:40:09 - [TEST_STEP][PASSED] - fileInt = replaceAll("\s+", "").toInteger(): null

26-05-2025T09:40:09 - [TEST_STEP][PASSED] - Script1718980020443.WriteToExcelNoData(a, typeOfData, todaysDate, fileInt, fileDouble, dZO): null

26-05-2025T09:40:09 - [TEST_STEP][PASSED] - sheetName = "Sheet1": null

26-05-2025T09:40:09 - [TEST_STEP][PASSED] - data = findTestData("PlanFact"): null

26-05-2025T09:40:09 - [TEST_STEP][PASSED] - n = data.getRowNumbers() + 1: null

26-05-2025T09:40:09 - [TEST_STEP][PASSED] - day = ")).toInteger(): null

26-05-2025T09:40:09 - [TEST_STEP][PASSED] - println(day): null

26-05-2025T09:40:09 - [TEST_STEP][PASSED] - month = ")).toInteger(): null

26-05-2025T09:40:09 - [TEST_STEP][PASSED] - println(month): null

26-05-2025T09:40:09 - [TEST_STEP][PASSED] - y = <not implemented yet for class: org.codehaus.groovy.ast.expr.EmptyExpression>: null

26-05-2025T09:40:09 - [TEST_STEP][PASSED] - iy = <not implemented yet for class: org.codehaus.groovy.ast.expr.EmptyExpression>: null

26-05-2025T09:40:09 - [TEST_STEP][PASSED] - m = getText(findTestObject("Выполнение бизнес-плана/Период")): Text of object 'Object Repository/Выполнение бизнес-плана/Период' is: '1 кв. 2025 года'

26-05-2025T09:40:09 - [MESSAGE][PASSED] - Text of object 'Object Repository/Выполнение бизнес-плана/Период' is: '1 кв. 2025 года'

26-05-2025T09:40:09 - [TEST_STEP][PASSED] - iy = m.indexOf("20"): null

26-05-2025T09:40:09 - [TEST_STEP][PASSED] - if (iy > -1): null

26-05-2025T09:40:09 - [TEST_STEP][PASSED] - y = substring(iy, iy + 4).toInteger(): null

26-05-2025T09:40:09 - [TEST_STEP][PASSED] - println(y): null

26-05-2025T09:40:09 - [TEST_STEP][PASSED] - if (toString().length() == 4): null

26-05-2025T09:40:09 - [TEST_STEP][PASSED] - m = m.substring(0, m.indexOf(y.toString())): null

26-05-2025T09:40:09 - [TEST_STEP][PASSED] - m = m.trim(): null

26-05-2025T09:40:09 - [TEST_STEP][PASSED] - if (m == ""): null

26-05-2025T09:40:09 - [TEST_STEP][PASSED] - dashboardName = "Выполнение бизнес-плана": null

26-05-2025T09:40:09 - [TEST_STEP][PASSED] - workbook01 = getWorkbook(excelFilePath): null

26-05-2025T09:40:09 - [TEST_STEP][PASSED] - sheet01 = getExcelSheet(workbook01, sheetName): null

26-05-2025T09:40:09 - [TEST_STEP][PASSED] - setValueToCellByIndex(sheet01, n, 0, dashboardName): null

26-05-2025T09:40:09 - [TEST_STEP][PASSED] - setValueToCellByIndex(sheet01, n, 1, dZO): null

26-05-2025T09:40:09 - [TEST_STEP][PASSED] - setValueToCellByIndex(sheet01, n, 2, typeOfData): null

26-05-2025T09:40:09 - [TEST_STEP][PASSED] - if (typeOfData == "Факт в процентах" || typeOfData == "План в процентах"): null

26-05-2025T09:40:09 - [TEST_STEP][PASSED] - else: null

26-05-2025T09:40:09 - [TEST_STEP][PASSED] - setValueToCellByIndex(sheet01, n, 3, fileInt): null

26-05-2025T09:40:09 - [TEST_STEP][PASSED] - setValueToCellByIndex(sheet01, n, 4, "нет данных"): null

26-05-2025T09:40:09 - [TEST_STEP][PASSED] - setValueToCellByIndex(sheet01, n, 5, m): null

26-05-2025T09:40:09 - [TEST_STEP][PASSED] - setValueToCellByIndex(sheet01, n, 6, y): null

26-05-2025T09:40:09 - [TEST_STEP][PASSED] - setValueToCellByIndex(sheet01, n, 7, todaysDate): null

26-05-2025T09:40:09 - [TEST_STEP][PASSED] - n = n + 1: null

26-05-2025T09:40:09 - [TEST_STEP][PASSED] - saveWorkbook(excelFilePath, workbook01): null

26-05-2025T09:40:10 - [TEST_STEP][PASSED] - typeOfData = "План в процентах": null

26-05-2025T09:40:10 - [TEST_STEP][PASSED] - fileDouble = ").toDouble(): null

26-05-2025T09:40:10 - [TEST_STEP][PASSED] - Script1718980020443.WriteToExcelNoData(a, typeOfData, todaysDate, fileInt, fileDouble, dZO): null

26-05-2025T09:40:10 - [TEST_STEP][PASSED] - sheetName = "Sheet1": null

26-05-2025T09:40:10 - [TEST_STEP][PASSED] - data = findTestData("PlanFact"): null

26-05-2025T09:40:10 - [TEST_STEP][PASSED] - n = data.getRowNumbers() + 1: null

26-05-2025T09:40:10 - [TEST_STEP][PASSED] - day = ")).toInteger(): null

26-05-2025T09:40:10 - [TEST_STEP][PASSED] - println(day): null

26-05-2025T09:40:10 - [TEST_STEP][PASSED] - month = ")).toInteger(): null

26-05-2025T09:40:10 - [TEST_STEP][PASSED] - println(month): null

26-05-2025T09:40:10 - [TEST_STEP][PASSED] - y = <not implemented yet for class: org.codehaus.groovy.ast.expr.EmptyExpression>: null

26-05-2025T09:40:10 - [TEST_STEP][PASSED] - iy = <not implemented yet for class: org.codehaus.groovy.ast.expr.EmptyExpression>: null

26-05-2025T09:40:10 - [TEST_STEP][PASSED] - m = getText(findTestObject("Выполнение бизнес-плана/Период")): Text of object 'Object Repository/Выполнение бизнес-плана/Период' is: '1 кв. 2025 года'

26-05-2025T09:40:10 - [MESSAGE][PASSED] - Text of object 'Object Repository/Выполнение бизнес-плана/Период' is: '1 кв. 2025 года'

26-05-2025T09:40:10 - [TEST_STEP][PASSED] - iy = m.indexOf("20"): null

26-05-2025T09:40:10 - [TEST_STEP][PASSED] - if (iy > -1): null

26-05-2025T09:40:10 - [TEST_STEP][PASSED] - y = substring(iy, iy + 4).toInteger(): null

26-05-2025T09:40:10 - [TEST_STEP][PASSED] - println(y): null

26-05-2025T09:40:10 - [TEST_STEP][PASSED] - if (toString().length() == 4): null

26-05-2025T09:40:10 - [TEST_STEP][PASSED] - m = m.substring(0, m.indexOf(y.toString())): null

26-05-2025T09:40:10 - [TEST_STEP][PASSED] - m = m.trim(): null

26-05-2025T09:40:10 - [TEST_STEP][PASSED] - if (m == ""): null

26-05-2025T09:40:10 - [TEST_STEP][PASSED] - dashboardName = "Выполнение бизнес-плана": null

26-05-2025T09:40:10 - [TEST_STEP][PASSED] - workbook01 = getWorkbook(excelFilePath): null

26-05-2025T09:40:10 - [TEST_STEP][PASSED] - sheet01 = getExcelSheet(workbook01, sheetName): null

26-05-2025T09:40:10 - [TEST_STEP][PASSED] - setValueToCellByIndex(sheet01, n, 0, dashboardName): null

26-05-2025T09:40:10 - [TEST_STEP][PASSED] - setValueToCellByIndex(sheet01, n, 1, dZO): null

26-05-2025T09:40:10 - [TEST_STEP][PASSED] - setValueToCellByIndex(sheet01, n, 2, typeOfData): null

26-05-2025T09:40:10 - [TEST_STEP][PASSED] - if (typeOfData == "Факт в процентах" || typeOfData == "План в процентах"): null

26-05-2025T09:40:10 - [TEST_STEP][PASSED] - setValueToCellByIndex(sheet01, n, 3, fileDouble): null

26-05-2025T09:40:10 - [TEST_STEP][PASSED] - setValueToCellByIndex(sheet01, n, 4, "нет данных"): null

26-05-2025T09:40:10 - [TEST_STEP][PASSED] - setValueToCellByIndex(sheet01, n, 5, m): null

26-05-2025T09:40:10 - [TEST_STEP][PASSED] - setValueToCellByIndex(sheet01, n, 6, y): null

26-05-2025T09:40:10 - [TEST_STEP][PASSED] - setValueToCellByIndex(sheet01, n, 7, todaysDate): null

26-05-2025T09:40:10 - [TEST_STEP][PASSED] - n = n + 1: null

26-05-2025T09:40:10 - [TEST_STEP][PASSED] - saveWorkbook(excelFilePath, workbook01): null

26-05-2025T09:40:10 - [TEST_STEP][PASSED] - typeOfData = "Факт в процентах": null

26-05-2025T09:40:10 - [TEST_STEP][PASSED] - fileDouble = ").toDouble(): null

26-05-2025T09:40:10 - [TEST_STEP][PASSED] - Script1718980020443.WriteToExcelNoData(a, typeOfData, todaysDate, fileInt, fileDouble, dZO): null

26-05-2025T09:40:10 - [TEST_STEP][PASSED] - sheetName = "Sheet1": null

26-05-2025T09:40:10 - [TEST_STEP][PASSED] - data = findTestData("PlanFact"): null

26-05-2025T09:40:10 - [TEST_STEP][PASSED] - n = data.getRowNumbers() + 1: null

26-05-2025T09:40:10 - [TEST_STEP][PASSED] - day = ")).toInteger(): null

26-05-2025T09:40:10 - [TEST_STEP][PASSED] - println(day): null

26-05-2025T09:40:10 - [TEST_STEP][PASSED] - month = ")).toInteger(): null

26-05-2025T09:40:10 - [TEST_STEP][PASSED] - println(month): null

26-05-2025T09:40:10 - [TEST_STEP][PASSED] - y = <not implemented yet for class: org.codehaus.groovy.ast.expr.EmptyExpression>: null

26-05-2025T09:40:10 - [TEST_STEP][PASSED] - iy = <not implemented yet for class: org.codehaus.groovy.ast.expr.EmptyExpression>: null

26-05-2025T09:40:10 - [TEST_STEP][PASSED] - m = getText(findTestObject("Выполнение бизнес-плана/Период")): Text of object 'Object Repository/Выполнение бизнес-плана/Период' is: '1 кв. 2025 года'

26-05-2025T09:40:11 - [MESSAGE][PASSED] - Text of object 'Object Repository/Выполнение бизнес-плана/Период' is: '1 кв. 2025 года'

26-05-2025T09:40:11 - [TEST_STEP][PASSED] - iy = m.indexOf("20"): null

26-05-2025T09:40:11 - [TEST_STEP][PASSED] - if (iy > -1): null

26-05-2025T09:40:11 - [TEST_STEP][PASSED] - y = substring(iy, iy + 4).toInteger(): null

26-05-2025T09:40:11 - [TEST_STEP][PASSED] - println(y): null

26-05-2025T09:40:11 - [TEST_STEP][PASSED] - if (toString().length() == 4): null

26-05-2025T09:40:11 - [TEST_STEP][PASSED] - m = m.substring(0, m.indexOf(y.toString())): null

26-05-2025T09:40:11 - [TEST_STEP][PASSED] - m = m.trim(): null

26-05-2025T09:40:11 - [TEST_STEP][PASSED] - if (m == ""): null

26-05-2025T09:40:11 - [TEST_STEP][PASSED] - dashboardName = "Выполнение бизнес-плана": null

26-05-2025T09:40:11 - [TEST_STEP][PASSED] - workbook01 = getWorkbook(excelFilePath): null

26-05-2025T09:40:11 - [TEST_STEP][PASSED] - sheet01 = getExcelSheet(workbook01, sheetName): null

26-05-2025T09:40:11 - [TEST_STEP][PASSED] - setValueToCellByIndex(sheet01, n, 0, dashboardName): null

26-05-2025T09:40:11 - [TEST_STEP][PASSED] - setValueToCellByIndex(sheet01, n, 1, dZO): null

26-05-2025T09:40:11 - [TEST_STEP][PASSED] - setValueToCellByIndex(sheet01, n, 2, typeOfData): null

26-05-2025T09:40:11 - [TEST_STEP][PASSED] - if (typeOfData == "Факт в процентах" || typeOfData == "План в процентах"): null

26-05-2025T09:40:11 - [TEST_STEP][PASSED] - setValueToCellByIndex(sheet01, n, 3, fileDouble): null

26-05-2025T09:40:11 - [TEST_STEP][PASSED] - setValueToCellByIndex(sheet01, n, 4, "нет данных"): null

26-05-2025T09:40:11 - [TEST_STEP][PASSED] - setValueToCellByIndex(sheet01, n, 5, m): null

26-05-2025T09:40:11 - [TEST_STEP][PASSED] - setValueToCellByIndex(sheet01, n, 6, y): null

26-05-2025T09:40:11 - [TEST_STEP][PASSED] - setValueToCellByIndex(sheet01, n, 7, todaysDate): null

26-05-2025T09:40:11 - [TEST_STEP][PASSED] - n = n + 1: null

26-05-2025T09:40:11 - [TEST_STEP][PASSED] - saveWorkbook(excelFilePath, workbook01): null

26-05-2025T09:40:11 - [TEST_STEP][PASSED] - println(dzoNum): null

26-05-2025T09:40:11 - [TEST_STEP][PASSED] - dZO = "Россети Центр и Приволжье (ГК)": null

26-05-2025T09:40:11 - [TEST_STEP][PASSED] - a = 18: null

26-05-2025T09:40:11 - [TEST_STEP][PASSED] - if (x1.contains("Приволжье")): null

26-05-2025T09:40:11 - [TEST_STEP][PASSED] - else: null

26-05-2025T09:40:11 - [TEST_STEP][PASSED] - Script1718980020443.NoData(a, typeOfData, todaysDate, fileInt, fileDouble, dZO): null

26-05-2025T09:40:11 - [TEST_STEP][PASSED] - println(a): null

26-05-2025T09:40:11 - [TEST_STEP][PASSED] - println(todaysDate): null

26-05-2025T09:40:11 - [TEST_STEP][PASSED] - println(fileInt): null

26-05-2025T09:40:11 - [TEST_STEP][PASSED] - println(fileDouble): null

26-05-2025T09:40:11 - [TEST_STEP][PASSED] - println(dZO): null

26-05-2025T09:40:11 - [TEST_STEP][PASSED] - typeOfData = "Факт Отпуск в сеть": null

26-05-2025T09:40:11 - [TEST_STEP][PASSED] - fileInt = replaceAll("\s+", "").toInteger(): null

26-05-2025T09:40:11 - [TEST_STEP][PASSED] - Script1718980020443.WriteToExcelNoData(a, typeOfData, todaysDate, fileInt, fileDouble, dZO): null

26-05-2025T09:40:11 - [TEST_STEP][PASSED] - sheetName = "Sheet1": null

26-05-2025T09:40:11 - [TEST_STEP][PASSED] - data = findTestData("PlanFact"): null

26-05-2025T09:40:11 - [TEST_STEP][PASSED] - n = data.getRowNumbers() + 1: null

26-05-2025T09:40:11 - [TEST_STEP][PASSED] - day = ")).toInteger(): null

26-05-2025T09:40:11 - [TEST_STEP][PASSED] - println(day): null

26-05-2025T09:40:11 - [TEST_STEP][PASSED] - month = ")).toInteger(): null

26-05-2025T09:40:11 - [TEST_STEP][PASSED] - println(month): null

26-05-2025T09:40:11 - [TEST_STEP][PASSED] - y = <not implemented yet for class: org.codehaus.groovy.ast.expr.EmptyExpression>: null

26-05-2025T09:40:11 - [TEST_STEP][PASSED] - iy = <not implemented yet for class: org.codehaus.groovy.ast.expr.EmptyExpression>: null

26-05-2025T09:40:11 - [TEST_STEP][PASSED] - m = getText(findTestObject("Выполнение бизнес-плана/Период")): Text of object 'Object Repository/Выполнение бизнес-плана/Период' is: '1 кв. 2025 года'

26-05-2025T09:40:11 - [MESSAGE][PASSED] - Text of object 'Object Repository/Выполнение бизнес-плана/Период' is: '1 кв. 2025 года'

26-05-2025T09:40:11 - [TEST_STEP][PASSED] - iy = m.indexOf("20"): null

26-05-2025T09:40:11 - [TEST_STEP][PASSED] - if (iy > -1): null

26-05-2025T09:40:11 - [TEST_STEP][PASSED] - y = substring(iy, iy + 4).toInteger(): null

26-05-2025T09:40:11 - [TEST_STEP][PASSED] - println(y): null

26-05-2025T09:40:11 - [TEST_STEP][PASSED] - if (toString().length() == 4): null

26-05-2025T09:40:11 - [TEST_STEP][PASSED] - m = m.substring(0, m.indexOf(y.toString())): null

26-05-2025T09:40:11 - [TEST_STEP][PASSED] - m = m.trim(): null

26-05-2025T09:40:11 - [TEST_STEP][PASSED] - if (m == ""): null

26-05-2025T09:40:11 - [TEST_STEP][PASSED] - dashboardName = "Выполнение бизнес-плана": null

26-05-2025T09:40:11 - [TEST_STEP][PASSED] - workbook01 = getWorkbook(excelFilePath): null

26-05-2025T09:40:11 - [TEST_STEP][PASSED] - sheet01 = getExcelSheet(workbook01, sheetName): null

26-05-2025T09:40:11 - [TEST_STEP][PASSED] - setValueToCellByIndex(sheet01, n, 0, dashboardName): null

26-05-2025T09:40:11 - [TEST_STEP][PASSED] - setValueToCellByIndex(sheet01, n, 1, dZO): null

26-05-2025T09:40:11 - [TEST_STEP][PASSED] - setValueToCellByIndex(sheet01, n, 2, typeOfData): null

26-05-2025T09:40:11 - [TEST_STEP][PASSED] - if (typeOfData == "Факт в процентах" || typeOfData == "План в процентах"): null

26-05-2025T09:40:11 - [TEST_STEP][PASSED] - else: null

26-05-2025T09:40:11 - [TEST_STEP][PASSED] - setValueToCellByIndex(sheet01, n, 3, fileInt): null

26-05-2025T09:40:11 - [TEST_STEP][PASSED] - setValueToCellByIndex(sheet01, n, 4, "нет данных"): null

26-05-2025T09:40:11 - [TEST_STEP][PASSED] - setValueToCellByIndex(sheet01, n, 5, m): null

26-05-2025T09:40:11 - [TEST_STEP][PASSED] - setValueToCellByIndex(sheet01, n, 6, y): null

26-05-2025T09:40:11 - [TEST_STEP][PASSED] - setValueToCellByIndex(sheet01, n, 7, todaysDate): null

26-05-2025T09:40:11 - [TEST_STEP][PASSED] - n = n + 1: null

26-05-2025T09:40:11 - [TEST_STEP][PASSED] - saveWorkbook(excelFilePath, workbook01): null

26-05-2025T09:40:12 - [TEST_STEP][PASSED] - typeOfData = "Факт Потери": null

26-05-2025T09:40:12 - [TEST_STEP][PASSED] - fileInt = replaceAll("\s+", "").toInteger(): null

26-05-2025T09:40:12 - [TEST_STEP][PASSED] - Script1718980020443.WriteToExcelNoData(a, typeOfData, todaysDate, fileInt, fileDouble, dZO): null

26-05-2025T09:40:12 - [TEST_STEP][PASSED] - sheetName = "Sheet1": null

26-05-2025T09:40:12 - [TEST_STEP][PASSED] - data = findTestData("PlanFact"): null

26-05-2025T09:40:12 - [TEST_STEP][PASSED] - n = data.getRowNumbers() + 1: null

26-05-2025T09:40:12 - [TEST_STEP][PASSED] - day = ")).toInteger(): null

26-05-2025T09:40:12 - [TEST_STEP][PASSED] - println(day): null

26-05-2025T09:40:12 - [TEST_STEP][PASSED] - month = ")).toInteger(): null

26-05-2025T09:40:12 - [TEST_STEP][PASSED] - println(month): null

26-05-2025T09:40:12 - [TEST_STEP][PASSED] - y = <not implemented yet for class: org.codehaus.groovy.ast.expr.EmptyExpression>: null

26-05-2025T09:40:12 - [TEST_STEP][PASSED] - iy = <not implemented yet for class: org.codehaus.groovy.ast.expr.EmptyExpression>: null

26-05-2025T09:40:12 - [TEST_STEP][PASSED] - m = getText(findTestObject("Выполнение бизнес-плана/Период")): Text of object 'Object Repository/Выполнение бизнес-плана/Период' is: '1 кв. 2025 года'

26-05-2025T09:40:12 - [MESSAGE][PASSED] - Text of object 'Object Repository/Выполнение бизнес-плана/Период' is: '1 кв. 2025 года'

26-05-2025T09:40:12 - [TEST_STEP][PASSED] - iy = m.indexOf("20"): null

26-05-2025T09:40:12 - [TEST_STEP][PASSED] - if (iy > -1): null

26-05-2025T09:40:12 - [TEST_STEP][PASSED] - y = substring(iy, iy + 4).toInteger(): null

26-05-2025T09:40:12 - [TEST_STEP][PASSED] - println(y): null

26-05-2025T09:40:12 - [TEST_STEP][PASSED] - if (toString().length() == 4): null

26-05-2025T09:40:12 - [TEST_STEP][PASSED] - m = m.substring(0, m.indexOf(y.toString())): null

26-05-2025T09:40:12 - [TEST_STEP][PASSED] - m = m.trim(): null

26-05-2025T09:40:12 - [TEST_STEP][PASSED] - if (m == ""): null

26-05-2025T09:40:12 - [TEST_STEP][PASSED] - dashboardName = "Выполнение бизнес-плана": null

26-05-2025T09:40:12 - [TEST_STEP][PASSED] - workbook01 = getWorkbook(excelFilePath): null

26-05-2025T09:40:12 - [TEST_STEP][PASSED] - sheet01 = getExcelSheet(workbook01, sheetName): null

26-05-2025T09:40:12 - [TEST_STEP][PASSED] - setValueToCellByIndex(sheet01, n, 0, dashboardName): null

26-05-2025T09:40:12 - [TEST_STEP][PASSED] - setValueToCellByIndex(sheet01, n, 1, dZO): null

26-05-2025T09:40:12 - [TEST_STEP][PASSED] - setValueToCellByIndex(sheet01, n, 2, typeOfData): null

26-05-2025T09:40:12 - [TEST_STEP][PASSED] - if (typeOfData == "Факт в процентах" || typeOfData == "План в процентах"): null

26-05-2025T09:40:12 - [TEST_STEP][PASSED] - else: null

26-05-2025T09:40:12 - [TEST_STEP][PASSED] - setValueToCellByIndex(sheet01, n, 3, fileInt): null

26-05-2025T09:40:12 - [TEST_STEP][PASSED] - setValueToCellByIndex(sheet01, n, 4, "нет данных"): null

26-05-2025T09:40:12 - [TEST_STEP][PASSED] - setValueToCellByIndex(sheet01, n, 5, m): null

26-05-2025T09:40:12 - [TEST_STEP][PASSED] - setValueToCellByIndex(sheet01, n, 6, y): null

26-05-2025T09:40:12 - [TEST_STEP][PASSED] - setValueToCellByIndex(sheet01, n, 7, todaysDate): null

26-05-2025T09:40:12 - [TEST_STEP][PASSED] - n = n + 1: null

26-05-2025T09:40:12 - [TEST_STEP][PASSED] - saveWorkbook(excelFilePath, workbook01): null

26-05-2025T09:40:12 - [TEST_STEP][PASSED] - typeOfData = "План Отпуск в сеть": null

26-05-2025T09:40:12 - [TEST_STEP][PASSED] - fileInt = replaceAll("\s+", "").toInteger(): null

26-05-2025T09:40:12 - [TEST_STEP][PASSED] - Script1718980020443.WriteToExcelNoData(a, typeOfData, todaysDate, fileInt, fileDouble, dZO): null

26-05-2025T09:40:12 - [TEST_STEP][PASSED] - sheetName = "Sheet1": null

26-05-2025T09:40:12 - [TEST_STEP][PASSED] - data = findTestData("PlanFact"): null

26-05-2025T09:40:12 - [TEST_STEP][PASSED] - n = data.getRowNumbers() + 1: null

26-05-2025T09:40:12 - [TEST_STEP][PASSED] - day = ")).toInteger(): null

26-05-2025T09:40:12 - [TEST_STEP][PASSED] - println(day): null

26-05-2025T09:40:12 - [TEST_STEP][PASSED] - month = ")).toInteger(): null

26-05-2025T09:40:12 - [TEST_STEP][PASSED] - println(month): null

26-05-2025T09:40:12 - [TEST_STEP][PASSED] - y = <not implemented yet for class: org.codehaus.groovy.ast.expr.EmptyExpression>: null

26-05-2025T09:40:12 - [TEST_STEP][PASSED] - iy = <not implemented yet for class: org.codehaus.groovy.ast.expr.EmptyExpression>: null

26-05-2025T09:40:12 - [TEST_STEP][PASSED] - m = getText(findTestObject("Выполнение бизнес-плана/Период")): Text of object 'Object Repository/Выполнение бизнес-плана/Период' is: '1 кв. 2025 года'

26-05-2025T09:40:13 - [MESSAGE][PASSED] - Text of object 'Object Repository/Выполнение бизнес-плана/Период' is: '1 кв. 2025 года'

26-05-2025T09:40:13 - [TEST_STEP][PASSED] - iy = m.indexOf("20"): null

26-05-2025T09:40:13 - [TEST_STEP][PASSED] - if (iy > -1): null

26-05-2025T09:40:13 - [TEST_STEP][PASSED] - y = substring(iy, iy + 4).toInteger(): null

26-05-2025T09:40:13 - [TEST_STEP][PASSED] - println(y): null

26-05-2025T09:40:13 - [TEST_STEP][PASSED] - if (toString().length() == 4): null

26-05-2025T09:40:13 - [TEST_STEP][PASSED] - m = m.substring(0, m.indexOf(y.toString())): null

26-05-2025T09:40:13 - [TEST_STEP][PASSED] - m = m.trim(): null

26-05-2025T09:40:13 - [TEST_STEP][PASSED] - if (m == ""): null

26-05-2025T09:40:13 - [TEST_STEP][PASSED] - dashboardName = "Выполнение бизнес-плана": null

26-05-2025T09:40:13 - [TEST_STEP][PASSED] - workbook01 = getWorkbook(excelFilePath): null

26-05-2025T09:40:13 - [TEST_STEP][PASSED] - sheet01 = getExcelSheet(workbook01, sheetName): null

26-05-2025T09:40:13 - [TEST_STEP][PASSED] - setValueToCellByIndex(sheet01, n, 0, dashboardName): null

26-05-2025T09:40:13 - [TEST_STEP][PASSED] - setValueToCellByIndex(sheet01, n, 1, dZO): null

26-05-2025T09:40:13 - [TEST_STEP][PASSED] - setValueToCellByIndex(sheet01, n, 2, typeOfData): null

26-05-2025T09:40:13 - [TEST_STEP][PASSED] - if (typeOfData == "Факт в процентах" || typeOfData == "План в процентах"): null

26-05-2025T09:40:13 - [TEST_STEP][PASSED] - else: null

26-05-2025T09:40:13 - [TEST_STEP][PASSED] - setValueToCellByIndex(sheet01, n, 3, fileInt): null

26-05-2025T09:40:13 - [TEST_STEP][PASSED] - setValueToCellByIndex(sheet01, n, 4, "нет данных"): null

26-05-2025T09:40:13 - [TEST_STEP][PASSED] - setValueToCellByIndex(sheet01, n, 5, m): null

26-05-2025T09:40:13 - [TEST_STEP][PASSED] - setValueToCellByIndex(sheet01, n, 6, y): null

26-05-2025T09:40:13 - [TEST_STEP][PASSED] - setValueToCellByIndex(sheet01, n, 7, todaysDate): null

26-05-2025T09:40:13 - [TEST_STEP][PASSED] - n = n + 1: null

26-05-2025T09:40:13 - [TEST_STEP][PASSED] - saveWorkbook(excelFilePath, workbook01): null

26-05-2025T09:40:13 - [TEST_STEP][PASSED] - typeOfData = "План Потери": null

26-05-2025T09:40:13 - [TEST_STEP][PASSED] - fileInt = replaceAll("\s+", "").toInteger(): null

26-05-2025T09:40:13 - [TEST_STEP][PASSED] - Script1718980020443.WriteToExcelNoData(a, typeOfData, todaysDate, fileInt, fileDouble, dZO): null

26-05-2025T09:40:13 - [TEST_STEP][PASSED] - sheetName = "Sheet1": null

26-05-2025T09:40:13 - [TEST_STEP][PASSED] - data = findTestData("PlanFact"): null

26-05-2025T09:40:13 - [TEST_STEP][PASSED] - n = data.getRowNumbers() + 1: null

26-05-2025T09:40:13 - [TEST_STEP][PASSED] - day = ")).toInteger(): null

26-05-2025T09:40:13 - [TEST_STEP][PASSED] - println(day): null

26-05-2025T09:40:13 - [TEST_STEP][PASSED] - month = ")).toInteger(): null

26-05-2025T09:40:13 - [TEST_STEP][PASSED] - println(month): null

26-05-2025T09:40:13 - [TEST_STEP][PASSED] - y = <not implemented yet for class: org.codehaus.groovy.ast.expr.EmptyExpression>: null

26-05-2025T09:40:13 - [TEST_STEP][PASSED] - iy = <not implemented yet for class: org.codehaus.groovy.ast.expr.EmptyExpression>: null

26-05-2025T09:40:13 - [TEST_STEP][PASSED] - m = getText(findTestObject("Выполнение бизнес-плана/Период")): Text of object 'Object Repository/Выполнение бизнес-плана/Период' is: '1 кв. 2025 года'

26-05-2025T09:40:13 - [MESSAGE][PASSED] - Text of object 'Object Repository/Выполнение бизнес-плана/Период' is: '1 кв. 2025 года'

26-05-2025T09:40:13 - [TEST_STEP][PASSED] - iy = m.indexOf("20"): null

26-05-2025T09:40:13 - [TEST_STEP][PASSED] - if (iy > -1): null

26-05-2025T09:40:13 - [TEST_STEP][PASSED] - y = substring(iy, iy + 4).toInteger(): null

26-05-2025T09:40:13 - [TEST_STEP][PASSED] - println(y): null

26-05-2025T09:40:13 - [TEST_STEP][PASSED] - if (toString().length() == 4): null

26-05-2025T09:40:13 - [TEST_STEP][PASSED] - m = m.substring(0, m.indexOf(y.toString())): null

26-05-2025T09:40:13 - [TEST_STEP][PASSED] - m = m.trim(): null

26-05-2025T09:40:13 - [TEST_STEP][PASSED] - if (m == ""): null

26-05-2025T09:40:13 - [TEST_STEP][PASSED] - dashboardName = "Выполнение бизнес-плана": null

26-05-2025T09:40:13 - [TEST_STEP][PASSED] - workbook01 = getWorkbook(excelFilePath): null

26-05-2025T09:40:13 - [TEST_STEP][PASSED] - sheet01 = getExcelSheet(workbook01, sheetName): null

26-05-2025T09:40:13 - [TEST_STEP][PASSED] - setValueToCellByIndex(sheet01, n, 0, dashboardName): null

26-05-2025T09:40:13 - [TEST_STEP][PASSED] - setValueToCellByIndex(sheet01, n, 1, dZO): null

26-05-2025T09:40:13 - [TEST_STEP][PASSED] - setValueToCellByIndex(sheet01, n, 2, typeOfData): null

26-05-2025T09:40:13 - [TEST_STEP][PASSED] - if (typeOfData == "Факт в процентах" || typeOfData == "План в процентах"): null

26-05-2025T09:40:13 - [TEST_STEP][PASSED] - else: null

26-05-2025T09:40:13 - [TEST_STEP][PASSED] - setValueToCellByIndex(sheet01, n, 3, fileInt): null

26-05-2025T09:40:13 - [TEST_STEP][PASSED] - setValueToCellByIndex(sheet01, n, 4, "нет данных"): null

26-05-2025T09:40:13 - [TEST_STEP][PASSED] - setValueToCellByIndex(sheet01, n, 5, m): null

26-05-2025T09:40:13 - [TEST_STEP][PASSED] - setValueToCellByIndex(sheet01, n, 6, y): null

26-05-2025T09:40:13 - [TEST_STEP][PASSED] - setValueToCellByIndex(sheet01, n, 7, todaysDate): null

26-05-2025T09:40:13 - [TEST_STEP][PASSED] - n = n + 1: null

26-05-2025T09:40:13 - [TEST_STEP][PASSED] - saveWorkbook(excelFilePath, workbook01): null

26-05-2025T09:40:14 - [TEST_STEP][PASSED] - typeOfData = "План в процентах": null

26-05-2025T09:40:14 - [TEST_STEP][PASSED] - fileDouble = ").toDouble(): null

26-05-2025T09:40:14 - [TEST_STEP][PASSED] - Script1718980020443.WriteToExcelNoData(a, typeOfData, todaysDate, fileInt, fileDouble, dZO): null

26-05-2025T09:40:14 - [TEST_STEP][PASSED] - sheetName = "Sheet1": null

26-05-2025T09:40:14 - [TEST_STEP][PASSED] - data = findTestData("PlanFact"): null

26-05-2025T09:40:14 - [TEST_STEP][PASSED] - n = data.getRowNumbers() + 1: null

26-05-2025T09:40:14 - [TEST_STEP][PASSED] - day = ")).toInteger(): null

26-05-2025T09:40:14 - [TEST_STEP][PASSED] - println(day): null

26-05-2025T09:40:14 - [TEST_STEP][PASSED] - month = ")).toInteger(): null

26-05-2025T09:40:14 - [TEST_STEP][PASSED] - println(month): null

26-05-2025T09:40:14 - [TEST_STEP][PASSED] - y = <not implemented yet for class: org.codehaus.groovy.ast.expr.EmptyExpression>: null

26-05-2025T09:40:14 - [TEST_STEP][PASSED] - iy = <not implemented yet for class: org.codehaus.groovy.ast.expr.EmptyExpression>: null

26-05-2025T09:40:14 - [TEST_STEP][PASSED] - m = getText(findTestObject("Выполнение бизнес-плана/Период")): Text of object 'Object Repository/Выполнение бизнес-плана/Период' is: '1 кв. 2025 года'

26-05-2025T09:40:14 - [MESSAGE][PASSED] - Text of object 'Object Repository/Выполнение бизнес-плана/Период' is: '1 кв. 2025 года'

26-05-2025T09:40:14 - [TEST_STEP][PASSED] - iy = m.indexOf("20"): null

26-05-2025T09:40:14 - [TEST_STEP][PASSED] - if (iy > -1): null

26-05-2025T09:40:14 - [TEST_STEP][PASSED] - y = substring(iy, iy + 4).toInteger(): null

26-05-2025T09:40:14 - [TEST_STEP][PASSED] - println(y): null

26-05-2025T09:40:14 - [TEST_STEP][PASSED] - if (toString().length() == 4): null

26-05-2025T09:40:14 - [TEST_STEP][PASSED] - m = m.substring(0, m.indexOf(y.toString())): null

26-05-2025T09:40:14 - [TEST_STEP][PASSED] - m = m.trim(): null

26-05-2025T09:40:14 - [TEST_STEP][PASSED] - if (m == ""): null

26-05-2025T09:40:14 - [TEST_STEP][PASSED] - dashboardName = "Выполнение бизнес-плана": null

26-05-2025T09:40:14 - [TEST_STEP][PASSED] - workbook01 = getWorkbook(excelFilePath): null

26-05-2025T09:40:14 - [TEST_STEP][PASSED] - sheet01 = getExcelSheet(workbook01, sheetName): null

26-05-2025T09:40:14 - [TEST_STEP][PASSED] - setValueToCellByIndex(sheet01, n, 0, dashboardName): null

26-05-2025T09:40:14 - [TEST_STEP][PASSED] - setValueToCellByIndex(sheet01, n, 1, dZO): null

26-05-2025T09:40:14 - [TEST_STEP][PASSED] - setValueToCellByIndex(sheet01, n, 2, typeOfData): null

26-05-2025T09:40:14 - [TEST_STEP][PASSED] - if (typeOfData == "Факт в процентах" || typeOfData == "План в процентах"): null

26-05-2025T09:40:14 - [TEST_STEP][PASSED] - setValueToCellByIndex(sheet01, n, 3, fileDouble): null

26-05-2025T09:40:14 - [TEST_STEP][PASSED] - setValueToCellByIndex(sheet01, n, 4, "нет данных"): null

26-05-2025T09:40:14 - [TEST_STEP][PASSED] - setValueToCellByIndex(sheet01, n, 5, m): null

26-05-2025T09:40:14 - [TEST_STEP][PASSED] - setValueToCellByIndex(sheet01, n, 6, y): null

26-05-2025T09:40:14 - [TEST_STEP][PASSED] - setValueToCellByIndex(sheet01, n, 7, todaysDate): null

26-05-2025T09:40:14 - [TEST_STEP][PASSED] - n = n + 1: null

26-05-2025T09:40:14 - [TEST_STEP][PASSED] - saveWorkbook(excelFilePath, workbook01): null

26-05-2025T09:40:14 - [TEST_STEP][PASSED] - typeOfData = "Факт в процентах": null

26-05-2025T09:40:14 - [TEST_STEP][PASSED] - fileDouble = ").toDouble(): null

26-05-2025T09:40:14 - [TEST_STEP][PASSED] - Script1718980020443.WriteToExcelNoData(a, typeOfData, todaysDate, fileInt, fileDouble, dZO): null

26-05-2025T09:40:14 - [TEST_STEP][PASSED] - sheetName = "Sheet1": null

26-05-2025T09:40:14 - [TEST_STEP][PASSED] - data = findTestData("PlanFact"): null

26-05-2025T09:40:14 - [TEST_STEP][PASSED] - n = data.getRowNumbers() + 1: null

26-05-2025T09:40:14 - [TEST_STEP][PASSED] - day = ")).toInteger(): null

26-05-2025T09:40:14 - [TEST_STEP][PASSED] - println(day): null

26-05-2025T09:40:14 - [TEST_STEP][PASSED] - month = ")).toInteger(): null

26-05-2025T09:40:14 - [TEST_STEP][PASSED] - println(month): null

26-05-2025T09:40:14 - [TEST_STEP][PASSED] - y = <not implemented yet for class: org.codehaus.groovy.ast.expr.EmptyExpression>: null

26-05-2025T09:40:14 - [TEST_STEP][PASSED] - iy = <not implemented yet for class: org.codehaus.groovy.ast.expr.EmptyExpression>: null

26-05-2025T09:40:14 - [TEST_STEP][PASSED] - m = getText(findTestObject("Выполнение бизнес-плана/Период")): Text of object 'Object Repository/Выполнение бизнес-плана/Период' is: '1 кв. 2025 года'

26-05-2025T09:40:15 - [MESSAGE][PASSED] - Text of object 'Object Repository/Выполнение бизнес-плана/Период' is: '1 кв. 2025 года'

26-05-2025T09:40:15 - [TEST_STEP][PASSED] - iy = m.indexOf("20"): null

26-05-2025T09:40:15 - [TEST_STEP][PASSED] - if (iy > -1): null

26-05-2025T09:40:15 - [TEST_STEP][PASSED] - y = substring(iy, iy + 4).toInteger(): null

26-05-2025T09:40:15 - [TEST_STEP][PASSED] - println(y): null

26-05-2025T09:40:15 - [TEST_STEP][PASSED] - if (toString().length() == 4): null

26-05-2025T09:40:15 - [TEST_STEP][PASSED] - m = m.substring(0, m.indexOf(y.toString())): null

26-05-2025T09:40:15 - [TEST_STEP][PASSED] - m = m.trim(): null

26-05-2025T09:40:15 - [TEST_STEP][PASSED] - if (m == ""): null

26-05-2025T09:40:15 - [TEST_STEP][PASSED] - dashboardName = "Выполнение бизнес-плана": null

26-05-2025T09:40:15 - [TEST_STEP][PASSED] - workbook01 = getWorkbook(excelFilePath): null

26-05-2025T09:40:15 - [TEST_STEP][PASSED] - sheet01 = getExcelSheet(workbook01, sheetName): null

26-05-2025T09:40:15 - [TEST_STEP][PASSED] - setValueToCellByIndex(sheet01, n, 0, dashboardName): null

26-05-2025T09:40:15 - [TEST_STEP][PASSED] - setValueToCellByIndex(sheet01, n, 1, dZO): null

26-05-2025T09:40:15 - [TEST_STEP][PASSED] - setValueToCellByIndex(sheet01, n, 2, typeOfData): null

26-05-2025T09:40:15 - [TEST_STEP][PASSED] - if (typeOfData == "Факт в процентах" || typeOfData == "План в процентах"): null

26-05-2025T09:40:15 - [TEST_STEP][PASSED] - setValueToCellByIndex(sheet01, n, 3, fileDouble): null

26-05-2025T09:40:15 - [TEST_STEP][PASSED] - setValueToCellByIndex(sheet01, n, 4, "нет данных"): null

26-05-2025T09:40:15 - [TEST_STEP][PASSED] - setValueToCellByIndex(sheet01, n, 5, m): null

26-05-2025T09:40:15 - [TEST_STEP][PASSED] - setValueToCellByIndex(sheet01, n, 6, y): null

26-05-2025T09:40:15 - [TEST_STEP][PASSED] - setValueToCellByIndex(sheet01, n, 7, todaysDate): null

26-05-2025T09:40:15 - [TEST_STEP][PASSED] - n = n + 1: null

26-05-2025T09:40:15 - [TEST_STEP][PASSED] - saveWorkbook(excelFilePath, workbook01): null

26-05-2025T09:40:15 - [TEST_STEP][PASSED] - println(dzoNum): null

26-05-2025T09:40:15 - [TEST_STEP][PASSED] - dZO = "Россети Юг": null

26-05-2025T09:40:15 - [TEST_STEP][PASSED] - a = 59: null

26-05-2025T09:40:15 - [TEST_STEP][PASSED] - if (x1.contains("Юг")): null

26-05-2025T09:40:15 - [TEST_STEP][PASSED] - dzoNum = dzoNum + 1: null

26-05-2025T09:40:15 - [TEST_STEP][PASSED] - Script1718980020443.Numbers(a, typeOfData, todaysDate, pageInt, fileInt, pageDouble, fileDouble, dZO, dzoNum, filialNum): null

26-05-2025T09:40:15 - [TEST_STEP][PASSED] - println(dzoNum): null

26-05-2025T09:40:15 - [TEST_STEP][PASSED] - planFact = <not implemented yet for class: org.codehaus.groovy.ast.expr.EmptyExpression>: null

26-05-2025T09:40:15 - [TEST_STEP][PASSED] - page = <not implemented yet for class: org.codehaus.groovy.ast.expr.EmptyExpression>: null

26-05-2025T09:40:15 - [TEST_STEP][PASSED] - page1 = <not implemented yet for class: org.codehaus.groovy.ast.expr.EmptyExpression>: null

26-05-2025T09:40:15 - [TEST_STEP][PASSED] - page2 = <not implemented yet for class: org.codehaus.groovy.ast.expr.EmptyExpression>: null

26-05-2025T09:40:15 - [TEST_STEP][PASSED] - filialNumberInRow = <not implemented yet for class: org.codehaus.groovy.ast.expr.EmptyExpression>: null

26-05-2025T09:40:15 - [TEST_STEP][PASSED] - filialsDzoNames = <not implemented yet for class: org.codehaus.groovy.ast.expr.EmptyExpression>: null

26-05-2025T09:40:15 - [TEST_STEP][PASSED] - numberOfFilials = <not implemented yet for class: org.codehaus.groovy.ast.expr.EmptyExpression>: null

26-05-2025T09:40:15 - [TEST_STEP][PASSED] - numberOfSpaces = <not implemented yet for class: org.codehaus.groovy.ast.expr.EmptyExpression>: null

26-05-2025T09:40:15 - [TEST_STEP][PASSED] - file = <not implemented yet for class: org.codehaus.groovy.ast.expr.EmptyExpression>: null

26-05-2025T09:40:15 - [TEST_STEP][PASSED] - otpusk = <not implemented yet for class: org.codehaus.groovy.ast.expr.EmptyExpression>: null

26-05-2025T09:40:15 - [TEST_STEP][PASSED] - poteri = <not implemented yet for class: org.codehaus.groovy.ast.expr.EmptyExpression>: null

26-05-2025T09:40:15 - [TEST_STEP][PASSED] - dataFolder = "Выполнение бизнес-плана/Значения со страницы Выполнение бизнес-плана/": null

26-05-2025T09:40:15 - [TEST_STEP][PASSED] - path = <not implemented yet for class: org.codehaus.groovy.ast.expr.EmptyExpression>: null

26-05-2025T09:40:15 - [TEST_STEP][PASSED] - typeOfDataMain = <not implemented yet for class: org.codehaus.groovy.ast.expr.EmptyExpression>: null

26-05-2025T09:40:15 - [TEST_STEP][PASSED] - fileOtpuskVSet = <not implemented yet for class: org.codehaus.groovy.ast.expr.EmptyExpression>: null

26-05-2025T09:40:15 - [TEST_STEP][PASSED] - pageOtpuskVSet = <not implemented yet for class: org.codehaus.groovy.ast.expr.EmptyExpression>: null

26-05-2025T09:40:15 - [TEST_STEP][PASSED] - filePoteri = <not implemented yet for class: org.codehaus.groovy.ast.expr.EmptyExpression>: null

26-05-2025T09:40:15 - [TEST_STEP][PASSED] - pagePoteri = <not implemented yet for class: org.codehaus.groovy.ast.expr.EmptyExpression>: null

26-05-2025T09:40:15 - [TEST_STEP][PASSED] - compare = <not implemented yet for class: org.codehaus.groovy.ast.expr.EmptyExpression>: null

26-05-2025T09:40:15 - [TEST_STEP][PASSED] - b = <not implemented yet for class: org.codehaus.groovy.ast.expr.EmptyExpression>: null

26-05-2025T09:40:15 - [TEST_STEP][PASSED] - i = <not implemented yet for class: org.codehaus.groovy.ast.expr.EmptyExpression>: null

26-05-2025T09:40:15 - [TEST_STEP][PASSED] - ii = <not implemented yet for class: org.codehaus.groovy.ast.expr.EmptyExpression>: null

26-05-2025T09:40:15 - [TEST_STEP][PASSED] - c = <not implemented yet for class: org.codehaus.groovy.ast.expr.EmptyExpression>: null

26-05-2025T09:40:15 - [TEST_STEP][PASSED] - numberOfErrors = 0: null

26-05-2025T09:40:15 - [TEST_STEP][PASSED] - if (a == 82): null

26-05-2025T09:40:15 - [TEST_STEP][PASSED] - b = findTestData("PlanFact").getValue(1, a): null

26-05-2025T09:40:15 - [TEST_STEP][PASSED] - i = b.indexOf(" (ГК)"): null

26-05-2025T09:40:15 - [TEST_STEP][PASSED] - if (i > -1): null

26-05-2025T09:40:15 - [TEST_STEP][PASSED] - b = b.substring(0, i): null

26-05-2025T09:40:15 - [TEST_STEP][PASSED] - i = b.indexOf("О ""): null

26-05-2025T09:40:15 - [TEST_STEP][PASSED] - if (i > -1): null

26-05-2025T09:40:15 - [TEST_STEP][PASSED] - i = b.indexOf("О «"): null

26-05-2025T09:40:15 - [TEST_STEP][PASSED] - if (i > -1): null

26-05-2025T09:40:15 - [TEST_STEP][PASSED] - i = b.indexOf("г. "): null

26-05-2025T09:40:15 - [TEST_STEP][PASSED] - if (i > -1): null

26-05-2025T09:40:15 - [TEST_STEP][PASSED] - b = b.trim(): null

26-05-2025T09:40:15 - [TEST_STEP][PASSED] - println(b): null

26-05-2025T09:40:15 - [TEST_STEP][PASSED] - for ([planFact = 1, planFact < 3, (planFact++)]): null

26-05-2025T09:40:15 - [TEST_STEP][PASSED] - if (planFact == 1): null

26-05-2025T09:40:15 - [TEST_STEP][PASSED] - typeOfDataMain = "Факт": null

26-05-2025T09:40:15 - [TEST_STEP][PASSED] - otpusk = findTestData("PlanFact").getValue(5, a): null

26-05-2025T09:40:15 - [TEST_STEP][PASSED] - poteri = findTestData("PlanFact").getValue(6, a): null

26-05-2025T09:40:15 - [TEST_STEP][PASSED] - otpusk = otpusk.replaceAll("\s+", ""): null

26-05-2025T09:40:15 - [TEST_STEP][PASSED] - poteri = poteri.replaceAll("\s+", ""): null

26-05-2025T09:40:15 - [TEST_STEP][PASSED] - typeOfData = typeOfDataMain + " Отпуск в сеть": null

26-05-2025T09:40:15 - [TEST_STEP][PASSED] - if (a == 82): null

26-05-2025T09:40:15 - [TEST_STEP][PASSED] - else if (a == 84): null

26-05-2025T09:40:15 - [TEST_STEP][PASSED] - else if (a == 83 || a == 52 || a == 72 || a == 28 || a == 73 || a == 77 || a == 74 || a == 65 || a == 36 || a == 44 || a == 53 || a == 80 || a == 54 || a == 1 || a == 18 || a == 59 || a == 81): null

26-05-2025T09:40:15 - [TEST_STEP][PASSED] - path = dataFolder + "Table Data/" + typeOfData + " за отчётный период " + dzoNum: null

26-05-2025T09:40:15 - [TEST_STEP][PASSED] - println(path): null

26-05-2025T09:40:15 - [TEST_STEP][PASSED] - page = getText(findTestObject(path)): Text of object 'Object Repository/Выполнение бизнес-плана/Значения со страницы Выполнение бизнес-плана/Table Data/Факт Отпуск в сеть за отчётный период 7' is: '3 467 484'

26-05-2025T09:40:15 - [MESSAGE][PASSED] - Text of object 'Object Repository/Выполнение бизнес-плана/Значения со страницы Выполнение бизнес-плана/Table Data/Факт Отпуск в сеть за отчётный период 7' is: '3 467 484'

26-05-2025T09:40:15 - [TEST_STEP][PASSED] - if (page == "" || page == null): null

26-05-2025T09:40:15 - [TEST_STEP][PASSED] - else: null

26-05-2025T09:40:15 - [TEST_STEP][PASSED] - page = page.replaceAll("\s+", ""): null

26-05-2025T09:40:15 - [TEST_STEP][PASSED] - if (page == "undefined"): null

26-05-2025T09:40:15 - [TEST_STEP][PASSED] - fileOtpuskVSet = otpusk.toInteger(): null

26-05-2025T09:40:15 - [TEST_STEP][PASSED] - pageOtpuskVSet = page.toInteger(): null

26-05-2025T09:40:15 - [TEST_STEP][PASSED] - typeOfData = typeOfDataMain + " Потери": null

26-05-2025T09:40:15 - [TEST_STEP][PASSED] - if (a == 82): null

26-05-2025T09:40:15 - [TEST_STEP][PASSED] - else if (a == 84): null

26-05-2025T09:40:15 - [TEST_STEP][PASSED] - else if (a == 83 || a == 52 || a == 72 || a == 28 || a == 73 || a == 77 || a == 74 || a == 65 || a == 36 || a == 44 || a == 53 || a == 80 || a == 54 || a == 1 || a == 18 || a == 59 || a == 81): null

26-05-2025T09:40:15 - [TEST_STEP][PASSED] - path = dataFolder + "Table Data/" + typeOfData + " за отчётный период " + dzoNum: null

26-05-2025T09:40:15 - [TEST_STEP][PASSED] - page = getText(findTestObject(path)): Text of object 'Object Repository/Выполнение бизнес-плана/Значения со страницы Выполнение бизнес-плана/Table Data/Факт Потери за отчётный период 7' is: '325 852'

26-05-2025T09:40:16 - [MESSAGE][PASSED] - Text of object 'Object Repository/Выполнение бизнес-плана/Значения со страницы Выполнение бизнес-плана/Table Data/Факт Потери за отчётный период 7' is: '325 852'

26-05-2025T09:40:16 - [TEST_STEP][PASSED] - if (page == "" || page == null): null

26-05-2025T09:40:16 - [TEST_STEP][PASSED] - else: null

26-05-2025T09:40:16 - [TEST_STEP][PASSED] - page = page.replaceAll("\s+", ""): null

26-05-2025T09:40:16 - [TEST_STEP][PASSED] - if (page == "undefined"): null

26-05-2025T09:40:16 - [TEST_STEP][PASSED] - filePoteri = poteri.toInteger(): null

26-05-2025T09:40:16 - [TEST_STEP][PASSED] - pagePoteri = page.toInteger(): null

26-05-2025T09:40:16 - [TEST_STEP][PASSED] - compare = pageOtpuskVSet: null

26-05-2025T09:40:16 - [TEST_STEP][PASSED] - if (pageOtpuskVSet != null): null

26-05-2025T09:40:16 - [TEST_STEP][PASSED] - if (compare == fileOtpuskVSet): null

26-05-2025T09:40:16 - [TEST_STEP][PASSED] - else if (compare > fileOtpuskVSet): null

26-05-2025T09:40:16 - [TEST_STEP][PASSED] - else if (compare < fileOtpuskVSet): null

26-05-2025T09:40:16 - [TEST_STEP][PASSED] - compare = compare + 1: null

26-05-2025T09:40:16 - [TEST_STEP][PASSED] - if (compare == fileOtpuskVSet): null

26-05-2025T09:40:16 - [TEST_STEP][PASSED] - else: null

26-05-2025T09:40:16 - [TEST_STEP][PASSED] - numberOfErrors = numberOfErrors + 1: null

26-05-2025T09:40:16 - [TEST_STEP][PASSED] - pageInt = pageOtpuskVSet: null

26-05-2025T09:40:16 - [TEST_STEP][PASSED] - fileInt = fileOtpuskVSet: null

26-05-2025T09:40:16 - [TEST_STEP][PASSED] - typeOfData = typeOfDataMain + " Отпуск в сеть": null

26-05-2025T09:40:16 - [TEST_STEP][PASSED] - Script1718980020443.WriteToExcel(a, typeOfData, todaysDate, pageInt, fileInt, pageDouble, fileDouble, dZO): null

26-05-2025T09:40:16 - [TEST_STEP][PASSED] - sheetName = "Sheet1": null

26-05-2025T09:40:16 - [TEST_STEP][PASSED] - data = findTestData("PlanFact"): null

26-05-2025T09:40:16 - [TEST_STEP][PASSED] - n = data.getRowNumbers() + 1: null

26-05-2025T09:40:16 - [TEST_STEP][PASSED] - day = ")).toInteger(): null

26-05-2025T09:40:16 - [TEST_STEP][PASSED] - println(day): null

26-05-2025T09:40:16 - [TEST_STEP][PASSED] - month = ")).toInteger(): null

26-05-2025T09:40:16 - [TEST_STEP][PASSED] - println(month): null

26-05-2025T09:40:16 - [TEST_STEP][PASSED] - y = <not implemented yet for class: org.codehaus.groovy.ast.expr.EmptyExpression>: null

26-05-2025T09:40:16 - [TEST_STEP][PASSED] - iy = <not implemented yet for class: org.codehaus.groovy.ast.expr.EmptyExpression>: null

26-05-2025T09:40:16 - [TEST_STEP][PASSED] - m = getText(findTestObject("Выполнение бизнес-плана/Период")): Text of object 'Object Repository/Выполнение бизнес-плана/Период' is: '1 кв. 2025 года'

26-05-2025T09:40:16 - [MESSAGE][PASSED] - Text of object 'Object Repository/Выполнение бизнес-плана/Период' is: '1 кв. 2025 года'

26-05-2025T09:40:16 - [TEST_STEP][PASSED] - iy = m.indexOf("20"): null

26-05-2025T09:40:16 - [TEST_STEP][PASSED] - if (iy > -1): null

26-05-2025T09:40:16 - [TEST_STEP][PASSED] - y = substring(iy, iy + 4).toInteger(): null

26-05-2025T09:40:16 - [TEST_STEP][PASSED] - println(y): null

26-05-2025T09:40:16 - [TEST_STEP][PASSED] - if (toString().length() == 4): null

26-05-2025T09:40:16 - [TEST_STEP][PASSED] - m = m.substring(0, m.indexOf(y.toString())): null

26-05-2025T09:40:16 - [TEST_STEP][PASSED] - m = m.trim(): null

26-05-2025T09:40:16 - [TEST_STEP][PASSED] - if (m == ""): null

26-05-2025T09:40:16 - [TEST_STEP][PASSED] - dashboardName = "Выполнение бизнес-плана": null

26-05-2025T09:40:16 - [TEST_STEP][PASSED] - workbook01 = getWorkbook(excelFilePath): null

26-05-2025T09:40:16 - [TEST_STEP][PASSED] - sheet01 = getExcelSheet(workbook01, sheetName): null

26-05-2025T09:40:16 - [TEST_STEP][PASSED] - setValueToCellByIndex(sheet01, n, 0, dashboardName): null

26-05-2025T09:40:16 - [TEST_STEP][PASSED] - setValueToCellByIndex(sheet01, n, 1, dZO): null

26-05-2025T09:40:16 - [TEST_STEP][PASSED] - setValueToCellByIndex(sheet01, n, 2, typeOfData): null

26-05-2025T09:40:16 - [TEST_STEP][PASSED] - if (typeOfData == "Факт в процентах" || typeOfData == "План в процентах"): null

26-05-2025T09:40:16 - [TEST_STEP][PASSED] - else: null

26-05-2025T09:40:16 - [TEST_STEP][PASSED] - setValueToCellByIndex(sheet01, n, 3, fileInt): null

26-05-2025T09:40:16 - [TEST_STEP][PASSED] - setValueToCellByIndex(sheet01, n, 4, pageInt): null

26-05-2025T09:40:16 - [TEST_STEP][PASSED] - setValueToCellByIndex(sheet01, n, 5, m): null

26-05-2025T09:40:16 - [TEST_STEP][PASSED] - setValueToCellByIndex(sheet01, n, 6, y): null

26-05-2025T09:40:16 - [TEST_STEP][PASSED] - setValueToCellByIndex(sheet01, n, 7, todaysDate): null

26-05-2025T09:40:16 - [TEST_STEP][PASSED] - n = n + 1: null

26-05-2025T09:40:16 - [TEST_STEP][PASSED] - saveWorkbook(excelFilePath, workbook01): null

26-05-2025T09:40:16 - [TEST_STEP][PASSED] - compare = pagePoteri: null

26-05-2025T09:40:16 - [TEST_STEP][PASSED] - if (pageOtpuskVSet != null): null

26-05-2025T09:40:16 - [TEST_STEP][PASSED] - if (compare == filePoteri): null

26-05-2025T09:40:16 - [TEST_STEP][PASSED] - else if (compare > filePoteri): null

26-05-2025T09:40:16 - [TEST_STEP][PASSED] - else if (compare < filePoteri): null

26-05-2025T09:40:16 - [TEST_STEP][PASSED] - compare = compare + 1: null

26-05-2025T09:40:16 - [TEST_STEP][PASSED] - if (compare == filePoteri): null

26-05-2025T09:40:16 - [TEST_STEP][PASSED] - else: null

26-05-2025T09:40:16 - [TEST_STEP][PASSED] - numberOfErrors = numberOfErrors + 1: null

26-05-2025T09:40:16 - [TEST_STEP][PASSED] - pageInt = pagePoteri: null

26-05-2025T09:40:16 - [TEST_STEP][PASSED] - fileInt = filePoteri: null

26-05-2025T09:40:16 - [TEST_STEP][PASSED] - typeOfData = typeOfDataMain + " Потери": null

26-05-2025T09:40:16 - [TEST_STEP][PASSED] - Script1718980020443.WriteToExcel(a, typeOfData, todaysDate, pageInt, fileInt, pageDouble, fileDouble, dZO): null

26-05-2025T09:40:16 - [TEST_STEP][PASSED] - sheetName = "Sheet1": null

26-05-2025T09:40:16 - [TEST_STEP][PASSED] - data = findTestData("PlanFact"): null

26-05-2025T09:40:16 - [TEST_STEP][PASSED] - n = data.getRowNumbers() + 1: null

26-05-2025T09:40:16 - [TEST_STEP][PASSED] - day = ")).toInteger(): null

26-05-2025T09:40:16 - [TEST_STEP][PASSED] - println(day): null

26-05-2025T09:40:16 - [TEST_STEP][PASSED] - month = ")).toInteger(): null

26-05-2025T09:40:16 - [TEST_STEP][PASSED] - println(month): null

26-05-2025T09:40:16 - [TEST_STEP][PASSED] - y = <not implemented yet for class: org.codehaus.groovy.ast.expr.EmptyExpression>: null

26-05-2025T09:40:16 - [TEST_STEP][PASSED] - iy = <not implemented yet for class: org.codehaus.groovy.ast.expr.EmptyExpression>: null

26-05-2025T09:40:16 - [TEST_STEP][PASSED] - m = getText(findTestObject("Выполнение бизнес-плана/Период")): Text of object 'Object Repository/Выполнение бизнес-плана/Период' is: '1 кв. 2025 года'

26-05-2025T09:40:17 - [MESSAGE][PASSED] - Text of object 'Object Repository/Выполнение бизнес-плана/Период' is: '1 кв. 2025 года'

26-05-2025T09:40:17 - [TEST_STEP][PASSED] - iy = m.indexOf("20"): null

26-05-2025T09:40:17 - [TEST_STEP][PASSED] - if (iy > -1): null

26-05-2025T09:40:17 - [TEST_STEP][PASSED] - y = substring(iy, iy + 4).toInteger(): null

26-05-2025T09:40:17 - [TEST_STEP][PASSED] - println(y): null

26-05-2025T09:40:17 - [TEST_STEP][PASSED] - if (toString().length() == 4): null

26-05-2025T09:40:17 - [TEST_STEP][PASSED] - m = m.substring(0, m.indexOf(y.toString())): null

26-05-2025T09:40:17 - [TEST_STEP][PASSED] - m = m.trim(): null

26-05-2025T09:40:17 - [TEST_STEP][PASSED] - if (m == ""): null

26-05-2025T09:40:17 - [TEST_STEP][PASSED] - dashboardName = "Выполнение бизнес-плана": null

26-05-2025T09:40:17 - [TEST_STEP][PASSED] - workbook01 = getWorkbook(excelFilePath): null

26-05-2025T09:40:17 - [TEST_STEP][PASSED] - sheet01 = getExcelSheet(workbook01, sheetName): null

26-05-2025T09:40:17 - [TEST_STEP][PASSED] - setValueToCellByIndex(sheet01, n, 0, dashboardName): null

26-05-2025T09:40:17 - [TEST_STEP][PASSED] - setValueToCellByIndex(sheet01, n, 1, dZO): null

26-05-2025T09:40:17 - [TEST_STEP][PASSED] - setValueToCellByIndex(sheet01, n, 2, typeOfData): null

26-05-2025T09:40:17 - [TEST_STEP][PASSED] - if (typeOfData == "Факт в процентах" || typeOfData == "План в процентах"): null

26-05-2025T09:40:17 - [TEST_STEP][PASSED] - else: null

26-05-2025T09:40:17 - [TEST_STEP][PASSED] - setValueToCellByIndex(sheet01, n, 3, fileInt): null

26-05-2025T09:40:17 - [TEST_STEP][PASSED] - setValueToCellByIndex(sheet01, n, 4, pageInt): null

26-05-2025T09:40:17 - [TEST_STEP][PASSED] - setValueToCellByIndex(sheet01, n, 5, m): null

26-05-2025T09:40:17 - [TEST_STEP][PASSED] - setValueToCellByIndex(sheet01, n, 6, y): null

26-05-2025T09:40:17 - [TEST_STEP][PASSED] - setValueToCellByIndex(sheet01, n, 7, todaysDate): null

26-05-2025T09:40:17 - [TEST_STEP][PASSED] - n = n + 1: null

26-05-2025T09:40:17 - [TEST_STEP][PASSED] - saveWorkbook(excelFilePath, workbook01): null

26-05-2025T09:40:17 - [TEST_STEP][PASSED] - if (planFact == 2): null

26-05-2025T09:40:17 - [TEST_STEP][PASSED] - if (planFact == 1): null

26-05-2025T09:40:17 - [TEST_STEP][PASSED] - else if (planFact == 2): null

26-05-2025T09:40:17 - [TEST_STEP][PASSED] - click(findTestObject("Выполнение бизнес-плана/Кнопка План")): Object: 'Object Repository/Выполнение бизнес-плана/Кнопка План' is clicked on

26-05-2025T09:40:17 - [MESSAGE][PASSED] - Object: 'Object Repository/Выполнение бизнес-плана/Кнопка План' is clicked on

26-05-2025T09:40:17 - [TEST_STEP][PASSED] - typeOfDataMain = "План": null

26-05-2025T09:40:17 - [TEST_STEP][PASSED] - otpusk = findTestData("PlanFact").getValue(2, a): null

26-05-2025T09:40:17 - [TEST_STEP][PASSED] - poteri = findTestData("PlanFact").getValue(3, a): null

26-05-2025T09:40:17 - [TEST_STEP][PASSED] - otpusk = otpusk.replaceAll("\s+", ""): null

26-05-2025T09:40:17 - [TEST_STEP][PASSED] - poteri = poteri.replaceAll("\s+", ""): null

26-05-2025T09:40:17 - [TEST_STEP][PASSED] - typeOfData = typeOfDataMain + " Отпуск в сеть": null

26-05-2025T09:40:17 - [TEST_STEP][PASSED] - if (a == 82): null

26-05-2025T09:40:17 - [TEST_STEP][PASSED] - else if (a == 84): null

26-05-2025T09:40:17 - [TEST_STEP][PASSED] - else if (a == 83 || a == 52 || a == 72 || a == 28 || a == 73 || a == 77 || a == 74 || a == 65 || a == 36 || a == 44 || a == 53 || a == 80 || a == 54 || a == 1 || a == 18 || a == 59 || a == 81): null

26-05-2025T09:40:17 - [TEST_STEP][PASSED] - path = dataFolder + "Table Data/" + typeOfData + " за отчётный период " + dzoNum: null

26-05-2025T09:40:17 - [TEST_STEP][PASSED] - println(path): null

26-05-2025T09:40:17 - [TEST_STEP][PASSED] - page = getText(findTestObject(path)): Text of object 'Object Repository/Выполнение бизнес-плана/Значения со страницы Выполнение бизнес-плана/Table Data/План Отпуск в сеть за отчётный период 7' is: '3 760 351'

26-05-2025T09:40:18 - [MESSAGE][PASSED] - Text of object 'Object Repository/Выполнение бизнес-плана/Значения со страницы Выполнение бизнес-плана/Table Data/План Отпуск в сеть за отчётный период 7' is: '3 760 351'

26-05-2025T09:40:18 - [TEST_STEP][PASSED] - if (page == "" || page == null): null

26-05-2025T09:40:18 - [TEST_STEP][PASSED] - else: null

26-05-2025T09:40:18 - [TEST_STEP][PASSED] - page = page.replaceAll("\s+", ""): null

26-05-2025T09:40:18 - [TEST_STEP][PASSED] - if (page == "undefined"): null

26-05-2025T09:40:18 - [TEST_STEP][PASSED] - fileOtpuskVSet = otpusk.toInteger(): null

26-05-2025T09:40:18 - [TEST_STEP][PASSED] - pageOtpuskVSet = page.toInteger(): null

26-05-2025T09:40:18 - [TEST_STEP][PASSED] - typeOfData = typeOfDataMain + " Потери": null

26-05-2025T09:40:18 - [TEST_STEP][PASSED] - if (a == 82): null

26-05-2025T09:40:18 - [TEST_STEP][PASSED] - else if (a == 84): null

26-05-2025T09:40:18 - [TEST_STEP][PASSED] - else if (a == 83 || a == 52 || a == 72 || a == 28 || a == 73 || a == 77 || a == 74 || a == 65 || a == 36 || a == 44 || a == 53 || a == 80 || a == 54 || a == 1 || a == 18 || a == 59 || a == 81): null

26-05-2025T09:40:18 - [TEST_STEP][PASSED] - path = dataFolder + "Table Data/" + typeOfData + " за отчётный период " + dzoNum: null

26-05-2025T09:40:18 - [TEST_STEP][PASSED] - page = getText(findTestObject(path)): Text of object 'Object Repository/Выполнение бизнес-плана/Значения со страницы Выполнение бизнес-плана/Table Data/План Потери за отчётный период 7' is: '407 485'

26-05-2025T09:40:18 - [MESSAGE][PASSED] - Text of object 'Object Repository/Выполнение бизнес-плана/Значения со страницы Выполнение бизнес-плана/Table Data/План Потери за отчётный период 7' is: '407 485'

26-05-2025T09:40:18 - [TEST_STEP][PASSED] - if (page == "" || page == null): null

26-05-2025T09:40:18 - [TEST_STEP][PASSED] - else: null

26-05-2025T09:40:18 - [TEST_STEP][PASSED] - page = page.replaceAll("\s+", ""): null

26-05-2025T09:40:18 - [TEST_STEP][PASSED] - if (page == "undefined"): null

26-05-2025T09:40:18 - [TEST_STEP][PASSED] - filePoteri = poteri.toInteger(): null

26-05-2025T09:40:18 - [TEST_STEP][PASSED] - pagePoteri = page.toInteger(): null

26-05-2025T09:40:18 - [TEST_STEP][PASSED] - compare = pageOtpuskVSet: null

26-05-2025T09:40:18 - [TEST_STEP][PASSED] - if (pageOtpuskVSet != null): null

26-05-2025T09:40:18 - [TEST_STEP][PASSED] - if (compare == fileOtpuskVSet): null

26-05-2025T09:40:18 - [TEST_STEP][PASSED] - else if (compare > fileOtpuskVSet): null

26-05-2025T09:40:18 - [TEST_STEP][PASSED] - else if (compare < fileOtpuskVSet): null

26-05-2025T09:40:18 - [TEST_STEP][PASSED] - compare = compare + 1: null

26-05-2025T09:40:18 - [TEST_STEP][PASSED] - if (compare == fileOtpuskVSet): null

26-05-2025T09:40:18 - [TEST_STEP][PASSED] - else: null

26-05-2025T09:40:18 - [TEST_STEP][PASSED] - numberOfErrors = numberOfErrors + 1: null

26-05-2025T09:40:18 - [TEST_STEP][PASSED] - pageInt = pageOtpuskVSet: null

26-05-2025T09:40:18 - [TEST_STEP][PASSED] - fileInt = fileOtpuskVSet: null

26-05-2025T09:40:18 - [TEST_STEP][PASSED] - typeOfData = typeOfDataMain + " Отпуск в сеть": null

26-05-2025T09:40:18 - [TEST_STEP][PASSED] - Script1718980020443.WriteToExcel(a, typeOfData, todaysDate, pageInt, fileInt, pageDouble, fileDouble, dZO): null

26-05-2025T09:40:18 - [TEST_STEP][PASSED] - sheetName = "Sheet1": null

26-05-2025T09:40:18 - [TEST_STEP][PASSED] - data = findTestData("PlanFact"): null

26-05-2025T09:40:18 - [TEST_STEP][PASSED] - n = data.getRowNumbers() + 1: null

26-05-2025T09:40:18 - [TEST_STEP][PASSED] - day = ")).toInteger(): null

26-05-2025T09:40:18 - [TEST_STEP][PASSED] - println(day): null

26-05-2025T09:40:18 - [TEST_STEP][PASSED] - month = ")).toInteger(): null

26-05-2025T09:40:18 - [TEST_STEP][PASSED] - println(month): null

26-05-2025T09:40:18 - [TEST_STEP][PASSED] - y = <not implemented yet for class: org.codehaus.groovy.ast.expr.EmptyExpression>: null

26-05-2025T09:40:18 - [TEST_STEP][PASSED] - iy = <not implemented yet for class: org.codehaus.groovy.ast.expr.EmptyExpression>: null

26-05-2025T09:40:18 - [TEST_STEP][PASSED] - m = getText(findTestObject("Выполнение бизнес-плана/Период")): Text of object 'Object Repository/Выполнение бизнес-плана/Период' is: '1 кв. 2025 года'

26-05-2025T09:40:18 - [MESSAGE][PASSED] - Text of object 'Object Repository/Выполнение бизнес-плана/Период' is: '1 кв. 2025 года'

26-05-2025T09:40:18 - [TEST_STEP][PASSED] - iy = m.indexOf("20"): null

26-05-2025T09:40:18 - [TEST_STEP][PASSED] - if (iy > -1): null

26-05-2025T09:40:18 - [TEST_STEP][PASSED] - y = substring(iy, iy + 4).toInteger(): null

26-05-2025T09:40:18 - [TEST_STEP][PASSED] - println(y): null

26-05-2025T09:40:18 - [TEST_STEP][PASSED] - if (toString().length() == 4): null

26-05-2025T09:40:18 - [TEST_STEP][PASSED] - m = m.substring(0, m.indexOf(y.toString())): null

26-05-2025T09:40:18 - [TEST_STEP][PASSED] - m = m.trim(): null

26-05-2025T09:40:18 - [TEST_STEP][PASSED] - if (m == ""): null

26-05-2025T09:40:18 - [TEST_STEP][PASSED] - dashboardName = "Выполнение бизнес-плана": null

26-05-2025T09:40:18 - [TEST_STEP][PASSED] - workbook01 = getWorkbook(excelFilePath): null

26-05-2025T09:40:18 - [TEST_STEP][PASSED] - sheet01 = getExcelSheet(workbook01, sheetName): null

26-05-2025T09:40:18 - [TEST_STEP][PASSED] - setValueToCellByIndex(sheet01, n, 0, dashboardName): null

26-05-2025T09:40:18 - [TEST_STEP][PASSED] - setValueToCellByIndex(sheet01, n, 1, dZO): null

26-05-2025T09:40:18 - [TEST_STEP][PASSED] - setValueToCellByIndex(sheet01, n, 2, typeOfData): null

26-05-2025T09:40:18 - [TEST_STEP][PASSED] - if (typeOfData == "Факт в процентах" || typeOfData == "План в процентах"): null

26-05-2025T09:40:18 - [TEST_STEP][PASSED] - else: null

26-05-2025T09:40:18 - [TEST_STEP][PASSED] - setValueToCellByIndex(sheet01, n, 3, fileInt): null

26-05-2025T09:40:18 - [TEST_STEP][PASSED] - setValueToCellByIndex(sheet01, n, 4, pageInt): null

26-05-2025T09:40:18 - [TEST_STEP][PASSED] - setValueToCellByIndex(sheet01, n, 5, m): null

26-05-2025T09:40:18 - [TEST_STEP][PASSED] - setValueToCellByIndex(sheet01, n, 6, y): null

26-05-2025T09:40:18 - [TEST_STEP][PASSED] - setValueToCellByIndex(sheet01, n, 7, todaysDate): null

26-05-2025T09:40:18 - [TEST_STEP][PASSED] - n = n + 1: null

26-05-2025T09:40:18 - [TEST_STEP][PASSED] - saveWorkbook(excelFilePath, workbook01): null

26-05-2025T09:40:19 - [TEST_STEP][PASSED] - compare = pagePoteri: null

26-05-2025T09:40:19 - [TEST_STEP][PASSED] - if (pageOtpuskVSet != null): null

26-05-2025T09:40:19 - [TEST_STEP][PASSED] - if (compare == filePoteri): null

26-05-2025T09:40:19 - [TEST_STEP][PASSED] - else if (compare > filePoteri): null

26-05-2025T09:40:19 - [TEST_STEP][PASSED] - else if (compare < filePoteri): null

26-05-2025T09:40:19 - [TEST_STEP][PASSED] - compare = compare + 1: null

26-05-2025T09:40:19 - [TEST_STEP][PASSED] - if (compare == filePoteri): null

26-05-2025T09:40:19 - [TEST_STEP][PASSED] - else: null

26-05-2025T09:40:19 - [TEST_STEP][PASSED] - numberOfErrors = numberOfErrors + 1: null

26-05-2025T09:40:19 - [TEST_STEP][PASSED] - pageInt = pagePoteri: null

26-05-2025T09:40:19 - [TEST_STEP][PASSED] - fileInt = filePoteri: null

26-05-2025T09:40:19 - [TEST_STEP][PASSED] - typeOfData = typeOfDataMain + " Потери": null

26-05-2025T09:40:19 - [TEST_STEP][PASSED] - Script1718980020443.WriteToExcel(a, typeOfData, todaysDate, pageInt, fileInt, pageDouble, fileDouble, dZO): null

26-05-2025T09:40:19 - [TEST_STEP][PASSED] - sheetName = "Sheet1": null

26-05-2025T09:40:19 - [TEST_STEP][PASSED] - data = findTestData("PlanFact"): null

26-05-2025T09:40:19 - [TEST_STEP][PASSED] - n = data.getRowNumbers() + 1: null

26-05-2025T09:40:19 - [TEST_STEP][PASSED] - day = ")).toInteger(): null

26-05-2025T09:40:19 - [TEST_STEP][PASSED] - println(day): null

26-05-2025T09:40:19 - [TEST_STEP][PASSED] - month = ")).toInteger(): null

26-05-2025T09:40:19 - [TEST_STEP][PASSED] - println(month): null

26-05-2025T09:40:19 - [TEST_STEP][PASSED] - y = <not implemented yet for class: org.codehaus.groovy.ast.expr.EmptyExpression>: null

26-05-2025T09:40:19 - [TEST_STEP][PASSED] - iy = <not implemented yet for class: org.codehaus.groovy.ast.expr.EmptyExpression>: null

26-05-2025T09:40:19 - [TEST_STEP][PASSED] - m = getText(findTestObject("Выполнение бизнес-плана/Период")): Text of object 'Object Repository/Выполнение бизнес-плана/Период' is: '1 кв. 2025 года'

26-05-2025T09:40:19 - [MESSAGE][PASSED] - Text of object 'Object Repository/Выполнение бизнес-плана/Период' is: '1 кв. 2025 года'

26-05-2025T09:40:19 - [TEST_STEP][PASSED] - iy = m.indexOf("20"): null

26-05-2025T09:40:19 - [TEST_STEP][PASSED] - if (iy > -1): null

26-05-2025T09:40:19 - [TEST_STEP][PASSED] - y = substring(iy, iy + 4).toInteger(): null

26-05-2025T09:40:19 - [TEST_STEP][PASSED] - println(y): null

26-05-2025T09:40:19 - [TEST_STEP][PASSED] - if (toString().length() == 4): null

26-05-2025T09:40:19 - [TEST_STEP][PASSED] - m = m.substring(0, m.indexOf(y.toString())): null

26-05-2025T09:40:19 - [TEST_STEP][PASSED] - m = m.trim(): null

26-05-2025T09:40:19 - [TEST_STEP][PASSED] - if (m == ""): null

26-05-2025T09:40:19 - [TEST_STEP][PASSED] - dashboardName = "Выполнение бизнес-плана": null

26-05-2025T09:40:19 - [TEST_STEP][PASSED] - workbook01 = getWorkbook(excelFilePath): null

26-05-2025T09:40:19 - [TEST_STEP][PASSED] - sheet01 = getExcelSheet(workbook01, sheetName): null

26-05-2025T09:40:19 - [TEST_STEP][PASSED] - setValueToCellByIndex(sheet01, n, 0, dashboardName): null

26-05-2025T09:40:19 - [TEST_STEP][PASSED] - setValueToCellByIndex(sheet01, n, 1, dZO): null

26-05-2025T09:40:19 - [TEST_STEP][PASSED] - setValueToCellByIndex(sheet01, n, 2, typeOfData): null

26-05-2025T09:40:19 - [TEST_STEP][PASSED] - if (typeOfData == "Факт в процентах" || typeOfData == "План в процентах"): null

26-05-2025T09:40:19 - [TEST_STEP][PASSED] - else: null

26-05-2025T09:40:19 - [TEST_STEP][PASSED] - setValueToCellByIndex(sheet01, n, 3, fileInt): null

26-05-2025T09:40:19 - [TEST_STEP][PASSED] - setValueToCellByIndex(sheet01, n, 4, pageInt): null

26-05-2025T09:40:19 - [TEST_STEP][PASSED] - setValueToCellByIndex(sheet01, n, 5, m): null

26-05-2025T09:40:19 - [TEST_STEP][PASSED] - setValueToCellByIndex(sheet01, n, 6, y): null

26-05-2025T09:40:19 - [TEST_STEP][PASSED] - setValueToCellByIndex(sheet01, n, 7, todaysDate): null

26-05-2025T09:40:19 - [TEST_STEP][PASSED] - n = n + 1: null

26-05-2025T09:40:19 - [TEST_STEP][PASSED] - saveWorkbook(excelFilePath, workbook01): Object: 'Object Repository/Выполнение бизнес-плана/Кнопка Факт' is clicked on

26-05-2025T09:40:19 - [TEST_STEP][PASSED] - if (planFact == 2): Object: 'Object Repository/Выполнение бизнес-плана/Кнопка Факт' is clicked on

26-05-2025T09:40:19 - [TEST_STEP][PASSED] - click(findTestObject("Выполнение бизнес-плана/Кнопка Факт")): Object: 'Object Repository/Выполнение бизнес-плана/Кнопка Факт' is clicked on

26-05-2025T09:40:20 - [MESSAGE][PASSED] - Object: 'Object Repository/Выполнение бизнес-плана/Кнопка Факт' is clicked on

26-05-2025T09:40:20 - [TEST_STEP][PASSED] - println("a=" + a): null

26-05-2025T09:40:20 - [TEST_STEP][PASSED] - if (a == 84 || a == 82): null

26-05-2025T09:40:20 - [TEST_STEP][PASSED] - else if (a == 83 || a == 52 || a == 72 || a == 28 || a == 73 || a == 77 || a == 74 || a == 65 || a == 36 || a == 44 || a == 53 || a == 80 || a == 54 || a == 1 || a == 18 || a == 59 || a == 81): null

26-05-2025T09:40:20 - [TEST_STEP][PASSED] - page1 = getText(findTestObject("Object Repository/Выполнение бизнес-плана/spanPlan" + dzoNum)): Text of object 'Object Repository/Выполнение бизнес-плана/spanPlan7' is: '10.84
|'

26-05-2025T09:40:20 - [MESSAGE][PASSED] - Text of object 'Object Repository/Выполнение бизнес-плана/spanPlan7' is: '10.84
|'

26-05-2025T09:40:20 - [TEST_STEP][PASSED] - page1 = page1.replace("|", ""): null

26-05-2025T09:40:20 - [TEST_STEP][PASSED] - page2 = getText(findTestObject("Object Repository/Выполнение бизнес-плана/spanFact" + dzoNum)): Text of object 'Object Repository/Выполнение бизнес-плана/spanFact7' is: '9.40'

26-05-2025T09:40:20 - [MESSAGE][PASSED] - Text of object 'Object Repository/Выполнение бизнес-плана/spanFact7' is: '9.40'

26-05-2025T09:40:20 - [TEST_STEP][PASSED] - page2 = page2.replace("|", ""): null

26-05-2025T09:40:20 - [TEST_STEP][PASSED] - println("page1: " + page1): null

26-05-2025T09:40:20 - [TEST_STEP][PASSED] - println("page2: " + page2): null

26-05-2025T09:40:20 - [TEST_STEP][PASSED] - file = findTestData("PlanFact").getValue(4, a): null

26-05-2025T09:40:20 - [TEST_STEP][PASSED] - file = file.replace(",", "."): null

26-05-2025T09:40:20 - [TEST_STEP][PASSED] - println("file Plan: " + file): null

26-05-2025T09:40:20 - [TEST_STEP][PASSED] - typeOfData = "План в процентах": null

26-05-2025T09:40:20 - [TEST_STEP][PASSED] - fileDouble = file.toDouble(): null

26-05-2025T09:40:20 - [TEST_STEP][PASSED] - pageDouble = page1.toDouble(): null

26-05-2025T09:40:20 - [TEST_STEP][PASSED] - if (fileDouble != pageDouble): null

26-05-2025T09:40:20 - [TEST_STEP][PASSED] - numberOfErrors = numberOfErrors + 1: null

26-05-2025T09:40:20 - [TEST_STEP][PASSED] - Script1718980020443.WriteToExcel(a, typeOfData, todaysDate, pageInt, fileInt, pageDouble, fileDouble, dZO): null

26-05-2025T09:40:20 - [TEST_STEP][PASSED] - sheetName = "Sheet1": null

26-05-2025T09:40:20 - [TEST_STEP][PASSED] - data = findTestData("PlanFact"): null

26-05-2025T09:40:20 - [TEST_STEP][PASSED] - n = data.getRowNumbers() + 1: null

26-05-2025T09:40:20 - [TEST_STEP][PASSED] - day = ")).toInteger(): null

26-05-2025T09:40:20 - [TEST_STEP][PASSED] - println(day): null

26-05-2025T09:40:20 - [TEST_STEP][PASSED] - month = ")).toInteger(): null

26-05-2025T09:40:20 - [TEST_STEP][PASSED] - println(month): null

26-05-2025T09:40:20 - [TEST_STEP][PASSED] - y = <not implemented yet for class: org.codehaus.groovy.ast.expr.EmptyExpression>: null

26-05-2025T09:40:20 - [TEST_STEP][PASSED] - iy = <not implemented yet for class: org.codehaus.groovy.ast.expr.EmptyExpression>: null

26-05-2025T09:40:20 - [TEST_STEP][PASSED] - m = getText(findTestObject("Выполнение бизнес-плана/Период")): Text of object 'Object Repository/Выполнение бизнес-плана/Период' is: '1 кв. 2025 года'

26-05-2025T09:40:21 - [MESSAGE][PASSED] - Text of object 'Object Repository/Выполнение бизнес-плана/Период' is: '1 кв. 2025 года'

26-05-2025T09:40:21 - [TEST_STEP][PASSED] - iy = m.indexOf("20"): null

26-05-2025T09:40:21 - [TEST_STEP][PASSED] - if (iy > -1): null

26-05-2025T09:40:21 - [TEST_STEP][PASSED] - y = substring(iy, iy + 4).toInteger(): null

26-05-2025T09:40:21 - [TEST_STEP][PASSED] - println(y): null

26-05-2025T09:40:21 - [TEST_STEP][PASSED] - if (toString().length() == 4): null

26-05-2025T09:40:21 - [TEST_STEP][PASSED] - m = m.substring(0, m.indexOf(y.toString())): null

26-05-2025T09:40:21 - [TEST_STEP][PASSED] - m = m.trim(): null

26-05-2025T09:40:21 - [TEST_STEP][PASSED] - if (m == ""): null

26-05-2025T09:40:21 - [TEST_STEP][PASSED] - dashboardName = "Выполнение бизнес-плана": null

26-05-2025T09:40:21 - [TEST_STEP][PASSED] - workbook01 = getWorkbook(excelFilePath): null

26-05-2025T09:40:21 - [TEST_STEP][PASSED] - sheet01 = getExcelSheet(workbook01, sheetName): null

26-05-2025T09:40:21 - [TEST_STEP][PASSED] - setValueToCellByIndex(sheet01, n, 0, dashboardName): null

26-05-2025T09:40:21 - [TEST_STEP][PASSED] - setValueToCellByIndex(sheet01, n, 1, dZO): null

26-05-2025T09:40:21 - [TEST_STEP][PASSED] - setValueToCellByIndex(sheet01, n, 2, typeOfData): null

26-05-2025T09:40:21 - [TEST_STEP][PASSED] - if (typeOfData == "Факт в процентах" || typeOfData == "План в процентах"): null

26-05-2025T09:40:21 - [TEST_STEP][PASSED] - setValueToCellByIndex(sheet01, n, 3, fileDouble): null

26-05-2025T09:40:21 - [TEST_STEP][PASSED] - setValueToCellByIndex(sheet01, n, 4, pageDouble): null

26-05-2025T09:40:21 - [TEST_STEP][PASSED] - setValueToCellByIndex(sheet01, n, 5, m): null

26-05-2025T09:40:21 - [TEST_STEP][PASSED] - setValueToCellByIndex(sheet01, n, 6, y): null

26-05-2025T09:40:21 - [TEST_STEP][PASSED] - setValueToCellByIndex(sheet01, n, 7, todaysDate): null

26-05-2025T09:40:21 - [TEST_STEP][PASSED] - n = n + 1: null

26-05-2025T09:40:21 - [TEST_STEP][PASSED] - saveWorkbook(excelFilePath, workbook01): null

26-05-2025T09:40:21 - [TEST_STEP][PASSED] - file = findTestData("PlanFact").getValue(7, a): null

26-05-2025T09:40:21 - [TEST_STEP][PASSED] - file = file.replace(",", "."): null

26-05-2025T09:40:21 - [TEST_STEP][PASSED] - println("file Fact: " + file): null

26-05-2025T09:40:21 - [TEST_STEP][PASSED] - fileDouble = file.toDouble(): null

26-05-2025T09:40:21 - [TEST_STEP][PASSED] - typeOfData = "Факт в процентах": null

26-05-2025T09:40:21 - [TEST_STEP][PASSED] - fileDouble = file.toDouble(): null

26-05-2025T09:40:21 - [TEST_STEP][PASSED] - pageDouble = page2.toDouble(): null

26-05-2025T09:40:21 - [TEST_STEP][PASSED] - if (fileDouble != pageDouble): null

26-05-2025T09:40:21 - [TEST_STEP][PASSED] - numberOfErrors = numberOfErrors + 1: null

26-05-2025T09:40:21 - [TEST_STEP][PASSED] - Script1718980020443.WriteToExcel(a, typeOfData, todaysDate, pageInt, fileInt, pageDouble, fileDouble, dZO): null

26-05-2025T09:40:21 - [TEST_STEP][PASSED] - sheetName = "Sheet1": null

26-05-2025T09:40:21 - [TEST_STEP][PASSED] - data = findTestData("PlanFact"): null

26-05-2025T09:40:21 - [TEST_STEP][PASSED] - n = data.getRowNumbers() + 1: null

26-05-2025T09:40:21 - [TEST_STEP][PASSED] - day = ")).toInteger(): null

26-05-2025T09:40:21 - [TEST_STEP][PASSED] - println(day): null

26-05-2025T09:40:21 - [TEST_STEP][PASSED] - month = ")).toInteger(): null

26-05-2025T09:40:21 - [TEST_STEP][PASSED] - println(month): null

26-05-2025T09:40:21 - [TEST_STEP][PASSED] - y = <not implemented yet for class: org.codehaus.groovy.ast.expr.EmptyExpression>: null

26-05-2025T09:40:21 - [TEST_STEP][PASSED] - iy = <not implemented yet for class: org.codehaus.groovy.ast.expr.EmptyExpression>: null

26-05-2025T09:40:21 - [TEST_STEP][PASSED] - m = getText(findTestObject("Выполнение бизнес-плана/Период")): Text of object 'Object Repository/Выполнение бизнес-плана/Период' is: '1 кв. 2025 года'

26-05-2025T09:40:21 - [MESSAGE][PASSED] - Text of object 'Object Repository/Выполнение бизнес-плана/Период' is: '1 кв. 2025 года'

26-05-2025T09:40:21 - [TEST_STEP][PASSED] - iy = m.indexOf("20"): null

26-05-2025T09:40:21 - [TEST_STEP][PASSED] - if (iy > -1): null

26-05-2025T09:40:21 - [TEST_STEP][PASSED] - y = substring(iy, iy + 4).toInteger(): null

26-05-2025T09:40:21 - [TEST_STEP][PASSED] - println(y): null

26-05-2025T09:40:21 - [TEST_STEP][PASSED] - if (toString().length() == 4): null

26-05-2025T09:40:21 - [TEST_STEP][PASSED] - m = m.substring(0, m.indexOf(y.toString())): null

26-05-2025T09:40:21 - [TEST_STEP][PASSED] - m = m.trim(): null

26-05-2025T09:40:21 - [TEST_STEP][PASSED] - if (m == ""): null

26-05-2025T09:40:21 - [TEST_STEP][PASSED] - dashboardName = "Выполнение бизнес-плана": null

26-05-2025T09:40:21 - [TEST_STEP][PASSED] - workbook01 = getWorkbook(excelFilePath): null

26-05-2025T09:40:21 - [TEST_STEP][PASSED] - sheet01 = getExcelSheet(workbook01, sheetName): null

26-05-2025T09:40:21 - [TEST_STEP][PASSED] - setValueToCellByIndex(sheet01, n, 0, dashboardName): null

26-05-2025T09:40:21 - [TEST_STEP][PASSED] - setValueToCellByIndex(sheet01, n, 1, dZO): null

26-05-2025T09:40:21 - [TEST_STEP][PASSED] - setValueToCellByIndex(sheet01, n, 2, typeOfData): null

26-05-2025T09:40:21 - [TEST_STEP][PASSED] - if (typeOfData == "Факт в процентах" || typeOfData == "План в процентах"): null

26-05-2025T09:40:21 - [TEST_STEP][PASSED] - setValueToCellByIndex(sheet01, n, 3, fileDouble): null

26-05-2025T09:40:21 - [TEST_STEP][PASSED] - setValueToCellByIndex(sheet01, n, 4, pageDouble): null

26-05-2025T09:40:21 - [TEST_STEP][PASSED] - setValueToCellByIndex(sheet01, n, 5, m): null

26-05-2025T09:40:21 - [TEST_STEP][PASSED] - setValueToCellByIndex(sheet01, n, 6, y): null

26-05-2025T09:40:21 - [TEST_STEP][PASSED] - setValueToCellByIndex(sheet01, n, 7, todaysDate): null

26-05-2025T09:40:21 - [TEST_STEP][PASSED] - n = n + 1: null

26-05-2025T09:40:21 - [TEST_STEP][PASSED] - saveWorkbook(excelFilePath, workbook01): null

26-05-2025T09:40:22 - [TEST_STEP][FAILED] - if (verifyEqual(numberOfErrors, 0) == false): null

26-05-2025T09:40:22 - [MESSAGE][FAILED] - Unable to verify equal between actual object '6' and expected object '0' (Root cause: com.kms.katalon.core.exception.StepFailedException: Actual object '6' and expected object '0' are not equal
	at com.kms.katalon.core.keyword.builtin.VerifyEqualKeyword$_verifyEqual_closure1.doCall(VerifyEqualKeyword.groovy:58)
	at com.kms.katalon.core.keyword.builtin.VerifyEqualKeyword$_verifyEqual_closure1.call(VerifyEqualKeyword.groovy)
	at com.kms.katalon.core.keyword.internal.KeywordMain.runKeyword(KeywordMain.groovy:75)
	at com.kms.katalon.core.keyword.builtin.VerifyEqualKeyword.verifyEqual(VerifyEqualKeyword.groovy:63)
	at com.kms.katalon.core.keyword.builtin.VerifyEqualKeyword.execute(VerifyEqualKeyword.groovy:44)
	at com.kms.katalon.core.keyword.internal.KeywordExecutor.executeKeywordForPlatform(KeywordExecutor.groovy:74)
	at com.kms.katalon.core.keyword.BuiltinKeywords.verifyEqual(BuiltinKeywords.groovy:146)
	at jdk.internal.reflect.GeneratedMethodAccessor23.invoke(Unknown Source)
	at java.base/jdk.internal.reflect.DelegatingMethodAccessorImpl.invoke(DelegatingMethodAccessorImpl.java:43)
	at Выполнение бизнес-плана Сверка ПАО Россети все филиалы.Numbers(Выполнение бизнес-плана Сверка ПАО Россети все филиалы:749)
	at Выполнение бизнес-плана Сверка ПАО Россети все филиалы.run(Выполнение бизнес-плана Сверка ПАО Россети все филиалы:395)
	at com.kms.katalon.core.main.ScriptEngine.run(ScriptEngine.java:194)
	at com.kms.katalon.core.main.ScriptEngine.runScriptAsRawText(ScriptEngine.java:119)
	at com.kms.katalon.core.main.TestCaseExecutor.runScript(TestCaseExecutor.java:448)
	at com.kms.katalon.core.main.TestCaseExecutor.doExecute(TestCaseExecutor.java:439)
	at com.kms.katalon.core.main.TestCaseExecutor.processExecutionPhase(TestCaseExecutor.java:418)
	at com.kms.katalon.core.main.TestCaseExecutor.accessMainPhase(TestCaseExecutor.java:410)
	at com.kms.katalon.core.main.TestCaseExecutor.execute(TestCaseExecutor.java:285)
	at com.kms.katalon.core.common.CommonExecutor.accessTestCaseMainPhase(CommonExecutor.java:65)
	at com.kms.katalon.core.main.TestSuiteExecutor.accessTestSuiteMainPhase(TestSuiteExecutor.java:150)
	at com.kms.katalon.core.main.TestSuiteExecutor.execute(TestSuiteExecutor.java:106)
	at com.kms.katalon.core.main.TestCaseMain.startTestSuite(TestCaseMain.java:180)
	at TempTestSuite1748228991768.run(TempTestSuite1748228991768.groovy:35)
	at java.base/jdk.internal.reflect.NativeMethodAccessorImpl.invoke0(Native Method)
	at java.base/jdk.internal.reflect.NativeMethodAccessorImpl.invoke(NativeMethodAccessorImpl.java:77)
	at java.base/jdk.internal.reflect.DelegatingMethodAccessorImpl.invoke(DelegatingMethodAccessorImpl.java:43)
)

26-05-2025T09:40:22 - [TEST_STEP][PASSED] - println(numberOfErrors): null

26-05-2025T09:40:22 - [TEST_STEP][PASSED] - println("a=" + a): null

26-05-2025T09:40:22 - [TEST_STEP][PASSED] - if (a == 28 || a == 77 || a == 74 || a == 65 || a == 36 || a == 44 || a == 54 || a == 1 || a == 18 || a == 59): null

26-05-2025T09:40:22 - [TEST_STEP][PASSED] - Script1718980020443.Filials(a, typeOfData, todaysDate, pageInt, fileInt, pageDouble, fileDouble, dZO, dzoNum, filialNum): null

26-05-2025T09:40:22 - [TEST_STEP][PASSED] - i = <not implemented yet for class: org.codehaus.groovy.ast.expr.EmptyExpression>: null

26-05-2025T09:40:22 - [TEST_STEP][PASSED] - c = <not implemented yet for class: org.codehaus.groovy.ast.expr.EmptyExpression>: null

26-05-2025T09:40:22 - [TEST_STEP][PASSED] - page = <not implemented yet for class: org.codehaus.groovy.ast.expr.EmptyExpression>: null

26-05-2025T09:40:22 - [TEST_STEP][PASSED] - println(dZO): null

26-05-2025T09:40:22 - [TEST_STEP][PASSED] - reducedDZO = <not implemented yet for class: org.codehaus.groovy.ast.expr.EmptyExpression>: null

26-05-2025T09:40:22 - [TEST_STEP][PASSED] - reducedDZO = dZO.substring(dZO.indexOf(" ") + 1, dZO.length()): null

26-05-2025T09:40:22 - [TEST_STEP][PASSED] - if (reducedDZO.contains(" ")): null

26-05-2025T09:40:22 - [TEST_STEP][PASSED] - println(reducedDZO): null

26-05-2025T09:40:22 - [TEST_STEP][PASSED] - dzoCut = <not implemented yet for class: org.codehaus.groovy.ast.expr.EmptyExpression>: null

26-05-2025T09:40:22 - [TEST_STEP][PASSED] - Script1718980020443.DZO(a): null

26-05-2025T09:40:22 - [TEST_STEP][PASSED] - delay(30): Delayed 30 second(s)

26-05-2025T09:40:52 - [MESSAGE][PASSED] - Delayed 30 second(s)

26-05-2025T09:40:52 - [TEST_STEP][PASSED] - Script1718980020443.OpenFilter(): null

26-05-2025T09:40:52 - [TEST_STEP][PASSED] - click(findTestObject("Object Repository/Выполнение бизнес-плана/Фильтр ДЗО")): Object: 'Object Repository/Выполнение бизнес-плана/Фильтр ДЗО' is clicked on

26-05-2025T09:40:52 - [MESSAGE][PASSED] - Object: 'Object Repository/Выполнение бизнес-плана/Фильтр ДЗО' is clicked on

26-05-2025T09:40:52 - [TEST_STEP][PASSED] - click(findTestObject("Выполнение бизнес-плана/Снять выделение в фильтре ДЗО")): Object: 'Object Repository/Выполнение бизнес-плана/Снять выделение в фильтре ДЗО' is clicked on

26-05-2025T09:40:52 - [MESSAGE][PASSED] - Object: 'Object Repository/Выполнение бизнес-плана/Снять выделение в фильтре ДЗО' is clicked on

26-05-2025T09:40:52 - [TEST_STEP][PASSED] - Script1718980020443.OpenRSK(): null

26-05-2025T09:40:52 - [TEST_STEP][PASSED] - click(findTestObject("Выполнение бизнес-плана/Раскрыть список ПАО Россети в фильтре ДЗО")): Object: 'Object Repository/Выполнение бизнес-плана/Раскрыть список ПАО Россети в фильтре ДЗО' is clicked on

26-05-2025T09:40:53 - [MESSAGE][PASSED] - Object: 'Object Repository/Выполнение бизнес-плана/Раскрыть список ПАО Россети в фильтре ДЗО' is clicked on

26-05-2025T09:40:53 - [TEST_STEP][PASSED] - click(findTestObject("Выполнение бизнес-плана/Раскрыть список РаспредКомплекс в фильтре ДЗО")): Object: 'Object Repository/Выполнение бизнес-плана/Раскрыть список РаспредКомплекс в фильтре ДЗО' is clicked on

26-05-2025T09:40:53 - [MESSAGE][PASSED] - Object: 'Object Repository/Выполнение бизнес-плана/Раскрыть список РаспредКомплекс в фильтре ДЗО' is clicked on

26-05-2025T09:40:53 - [TEST_STEP][PASSED] - if (a == 28): null

26-05-2025T09:40:53 - [TEST_STEP][PASSED] - if (a == 77): null

26-05-2025T09:40:53 - [TEST_STEP][PASSED] - if (a == 74): null

26-05-2025T09:40:53 - [TEST_STEP][PASSED] - if (a == 65): null

26-05-2025T09:40:53 - [TEST_STEP][PASSED] - if (a == 36): null

26-05-2025T09:40:53 - [TEST_STEP][PASSED] - if (a == 44): null

26-05-2025T09:40:53 - [TEST_STEP][PASSED] - if (a == 54): null

26-05-2025T09:40:53 - [TEST_STEP][PASSED] - if (a == 1): null

26-05-2025T09:40:53 - [TEST_STEP][PASSED] - if (a == 18): null

26-05-2025T09:40:53 - [TEST_STEP][PASSED] - if (a == 59): Object: 'Object Repository/Выполнение бизнес-плана/Россети Юг' is clicked on

26-05-2025T09:40:53 - [TEST_STEP][PASSED] - scrollToElement(findTestObject("Общие объекты/Раскрыть список Россети Юг"), 30): Scroll to object 'Object Repository/Общие объекты/Раскрыть список Россети Юг' successfully

26-05-2025T09:40:53 - [MESSAGE][PASSED] - Scroll to object 'Object Repository/Общие объекты/Раскрыть список Россети Юг' successfully

26-05-2025T09:40:53 - [TEST_STEP][PASSED] - click(findTestObject("Выполнение бизнес-плана/Россети Юг")): Object: 'Object Repository/Выполнение бизнес-плана/Россети Юг' is clicked on

26-05-2025T09:40:54 - [MESSAGE][PASSED] - Object: 'Object Repository/Выполнение бизнес-плана/Россети Юг' is clicked on

26-05-2025T09:40:54 - [TEST_STEP][PASSED] - Script1718980020443.CloseFilter(): null

26-05-2025T09:40:54 - [TEST_STEP][PASSED] - scrollToElement(findTestObject("Выполнение бизнес-плана/Заголовок дашборда"), 30): Scroll to object 'Object Repository/Выполнение бизнес-плана/Заголовок дашборда' successfully

26-05-2025T09:40:54 - [MESSAGE][PASSED] - Scroll to object 'Object Repository/Выполнение бизнес-плана/Заголовок дашборда' successfully

26-05-2025T09:40:54 - [TEST_STEP][PASSED] - click(findTestObject("Object Repository/Выполнение бизнес-плана/Применить в фильтре ДЗО")): Object: 'Object Repository/Выполнение бизнес-плана/Применить в фильтре ДЗО' is clicked on

26-05-2025T09:40:55 - [MESSAGE][PASSED] - Object: 'Object Repository/Выполнение бизнес-плана/Применить в фильтре ДЗО' is clicked on

26-05-2025T09:40:55 - [TEST_STEP][PASSED] - delay(30): Delayed 30 second(s)

26-05-2025T09:41:25 - [MESSAGE][PASSED] - Delayed 30 second(s)

26-05-2025T09:41:25 - [TEST_STEP][PASSED] - Script1718980020443.ZakrytOpoveshenie(): null

26-05-2025T09:41:25 - [TEST_STEP][PASSED] - delay(10): Delayed 10 second(s)

26-05-2025T09:41:35 - [MESSAGE][PASSED] - Delayed 10 second(s)

26-05-2025T09:41:35 - [TEST_STEP][PASSED] - opoveshenie = getText(findTestObject("Выполнение бизнес-плана/Просьба обратить внимание")): Text of object 'Object Repository/Выполнение бизнес-плана/Просьба обратить внимание' is: ''

26-05-2025T09:41:36 - [MESSAGE][PASSED] - Text of object 'Object Repository/Выполнение бизнес-плана/Просьба обратить внимание' is: ''

26-05-2025T09:41:36 - [TEST_STEP][PASSED] - println(opoveshenie): null

26-05-2025T09:41:36 - [TEST_STEP][PASSED] - if (opoveshenie == "Просьба обратить внимание"): null

26-05-2025T09:41:36 - [TEST_STEP][PASSED] - page = getText(findTestObject("Object Repository/Выполнение бизнес-плана/Filials")): Text of object 'Object Repository/Выполнение бизнес-плана/Filials' is: 'Россети Юг (ГК)
0
10
20
30
40
50
60
70'

26-05-2025T09:41:36 - [MESSAGE][PASSED] - Text of object 'Object Repository/Выполнение бизнес-плана/Filials' is: 'Россети Юг (ГК)
0
10
20
30
40
50
60
70'

26-05-2025T09:41:36 - [TEST_STEP][PASSED] - println(page): null

26-05-2025T09:41:36 - [TEST_STEP][PASSED] - c = page.indexOf(reducedDZO): null

26-05-2025T09:41:36 - [TEST_STEP][PASSED] - if (c > -1): null

26-05-2025T09:41:36 - [TEST_STEP][PASSED] - click(findTestObject("Выполнение бизнес-плана/список")): Object: 'Object Repository/Выполнение бизнес-плана/список' is clicked on

26-05-2025T09:41:36 - [MESSAGE][PASSED] - Object: 'Object Repository/Выполнение бизнес-плана/список' is clicked on

26-05-2025T09:41:36 - [TEST_STEP][PASSED] - delay(10): Delayed 10 second(s)

26-05-2025T09:41:46 - [MESSAGE][PASSED] - Delayed 10 second(s)

26-05-2025T09:41:46 - [TEST_STEP][PASSED] - click(findTestObject("Выполнение бизнес-плана/Раскрытие списка")): Object: 'Object Repository/Выполнение бизнес-плана/Раскрытие списка' is clicked on

26-05-2025T09:41:47 - [MESSAGE][PASSED] - Object: 'Object Repository/Выполнение бизнес-плана/Раскрытие списка' is clicked on

26-05-2025T09:41:47 - [TEST_STEP][PASSED] - delay(10): Delayed 10 second(s)

26-05-2025T09:41:57 - [MESSAGE][PASSED] - Delayed 10 second(s)

26-05-2025T09:41:57 - [TEST_STEP][PASSED] - page = getText(findTestObject("Object Repository/Выполнение бизнес-плана/Filials")): Text of object 'Object Repository/Выполнение бизнес-плана/Filials' is: 'АО «ВМЭС»
Астраханьэнерго
Волгоградэнерго
Калмэнерго
Ростовэнерго
0
10
20
30
40
50
60
70'

26-05-2025T09:41:57 - [MESSAGE][PASSED] - Text of object 'Object Repository/Выполнение бизнес-плана/Filials' is: 'АО «ВМЭС»
Астраханьэнерго
Волгоградэнерго
Калмэнерго
Ростовэнерго
0
10
20
30
40
50
60
70'

26-05-2025T09:41:57 - [TEST_STEP][PASSED] - println(page): null

26-05-2025T09:41:57 - [TEST_STEP][PASSED] - c = page.indexOf(reducedDZO): null

26-05-2025T09:41:57 - [TEST_STEP][PASSED] - x2 = getText(findTestObject("Выполнение бизнес-плана/Отклонения за 1 месяц")): Text of object 'Object Repository/Выполнение бизнес-плана/Отклонения за 1 месяц' is: '-4.20
-3.43
-1.13
-1.25
-1.07
АО «ВМЭС»
Астраханьэнерго
Волгоградэнерго
Калмэнерго
Ростовэнерго
-2
0
2
4
6
8
-6
-4'

26-05-2025T09:41:57 - [MESSAGE][PASSED] - Text of object 'Object Repository/Выполнение бизнес-плана/Отклонения за 1 месяц' is: '-4.20
-3.43
-1.13
-1.25
-1.07
АО «ВМЭС»
Астраханьэнерго
Волгоградэнерго
Калмэнерго
Ростовэнерго
-2
0
2
4
6
8
-6
-4'

26-05-2025T09:41:57 - [TEST_STEP][PASSED] - if (a == 28): null

26-05-2025T09:41:57 - [TEST_STEP][PASSED] - if (a == 77): null

26-05-2025T09:41:57 - [TEST_STEP][PASSED] - if (a == 74): null

26-05-2025T09:41:57 - [TEST_STEP][PASSED] - if (a == 65): null

26-05-2025T09:41:57 - [TEST_STEP][PASSED] - if (a == 1): null

26-05-2025T09:41:57 - [TEST_STEP][PASSED] - if (a == 18): null

26-05-2025T09:41:57 - [TEST_STEP][PASSED] - if (a == 36): null

26-05-2025T09:41:57 - [TEST_STEP][PASSED] - if (a == 44): null

26-05-2025T09:41:57 - [TEST_STEP][PASSED] - if (a == 54): null

26-05-2025T09:41:57 - [TEST_STEP][PASSED] - if (a == 59): null

26-05-2025T09:41:57 - [TEST_STEP][PASSED] - dZO = "АО "ВМЭС"": null

26-05-2025T09:41:57 - [TEST_STEP][PASSED] - a = 64: null

26-05-2025T09:41:57 - [TEST_STEP][PASSED] - i = dZO.length() - 1: null

26-05-2025T09:41:57 - [TEST_STEP][PASSED] - dzoCut = dZO.substring(4, i): null

26-05-2025T09:41:57 - [TEST_STEP][PASSED] - if (x2.contains(dzoCut)): null

26-05-2025T09:41:57 - [TEST_STEP][PASSED] - filialNum = filialNum + 1: null

26-05-2025T09:41:57 - [TEST_STEP][PASSED] - Script1718980020443.Numbers(a, typeOfData, todaysDate, pageInt, fileInt, pageDouble, fileDouble, dZO, dzoNum, filialNum): null

26-05-2025T09:41:57 - [TEST_STEP][PASSED] - println(dzoNum): null

26-05-2025T09:41:57 - [TEST_STEP][PASSED] - planFact = <not implemented yet for class: org.codehaus.groovy.ast.expr.EmptyExpression>: null

26-05-2025T09:41:57 - [TEST_STEP][PASSED] - page = <not implemented yet for class: org.codehaus.groovy.ast.expr.EmptyExpression>: null

26-05-2025T09:41:57 - [TEST_STEP][PASSED] - page1 = <not implemented yet for class: org.codehaus.groovy.ast.expr.EmptyExpression>: null

26-05-2025T09:41:57 - [TEST_STEP][PASSED] - page2 = <not implemented yet for class: org.codehaus.groovy.ast.expr.EmptyExpression>: null

26-05-2025T09:41:57 - [TEST_STEP][PASSED] - filialNumberInRow = <not implemented yet for class: org.codehaus.groovy.ast.expr.EmptyExpression>: null

26-05-2025T09:41:57 - [TEST_STEP][PASSED] - filialsDzoNames = <not implemented yet for class: org.codehaus.groovy.ast.expr.EmptyExpression>: null

26-05-2025T09:41:57 - [TEST_STEP][PASSED] - numberOfFilials = <not implemented yet for class: org.codehaus.groovy.ast.expr.EmptyExpression>: null

26-05-2025T09:41:57 - [TEST_STEP][PASSED] - numberOfSpaces = <not implemented yet for class: org.codehaus.groovy.ast.expr.EmptyExpression>: null

26-05-2025T09:41:57 - [TEST_STEP][PASSED] - file = <not implemented yet for class: org.codehaus.groovy.ast.expr.EmptyExpression>: null

26-05-2025T09:41:57 - [TEST_STEP][PASSED] - otpusk = <not implemented yet for class: org.codehaus.groovy.ast.expr.EmptyExpression>: null

26-05-2025T09:41:57 - [TEST_STEP][PASSED] - poteri = <not implemented yet for class: org.codehaus.groovy.ast.expr.EmptyExpression>: null

26-05-2025T09:41:57 - [TEST_STEP][PASSED] - dataFolder = "Выполнение бизнес-плана/Значения со страницы Выполнение бизнес-плана/": null

26-05-2025T09:41:57 - [TEST_STEP][PASSED] - path = <not implemented yet for class: org.codehaus.groovy.ast.expr.EmptyExpression>: null

26-05-2025T09:41:57 - [TEST_STEP][PASSED] - typeOfDataMain = <not implemented yet for class: org.codehaus.groovy.ast.expr.EmptyExpression>: null

26-05-2025T09:41:57 - [TEST_STEP][PASSED] - fileOtpuskVSet = <not implemented yet for class: org.codehaus.groovy.ast.expr.EmptyExpression>: null

26-05-2025T09:41:57 - [TEST_STEP][PASSED] - pageOtpuskVSet = <not implemented yet for class: org.codehaus.groovy.ast.expr.EmptyExpression>: null

26-05-2025T09:41:57 - [TEST_STEP][PASSED] - filePoteri = <not implemented yet for class: org.codehaus.groovy.ast.expr.EmptyExpression>: null

26-05-2025T09:41:57 - [TEST_STEP][PASSED] - pagePoteri = <not implemented yet for class: org.codehaus.groovy.ast.expr.EmptyExpression>: null

26-05-2025T09:41:57 - [TEST_STEP][PASSED] - compare = <not implemented yet for class: org.codehaus.groovy.ast.expr.EmptyExpression>: null

26-05-2025T09:41:57 - [TEST_STEP][PASSED] - b = <not implemented yet for class: org.codehaus.groovy.ast.expr.EmptyExpression>: null

26-05-2025T09:41:57 - [TEST_STEP][PASSED] - i = <not implemented yet for class: org.codehaus.groovy.ast.expr.EmptyExpression>: null

26-05-2025T09:41:57 - [TEST_STEP][PASSED] - ii = <not implemented yet for class: org.codehaus.groovy.ast.expr.EmptyExpression>: null

26-05-2025T09:41:57 - [TEST_STEP][PASSED] - c = <not implemented yet for class: org.codehaus.groovy.ast.expr.EmptyExpression>: null

26-05-2025T09:41:57 - [TEST_STEP][PASSED] - numberOfErrors = 0: null

26-05-2025T09:41:57 - [TEST_STEP][PASSED] - if (a == 82): null

26-05-2025T09:41:57 - [TEST_STEP][PASSED] - b = findTestData("PlanFact").getValue(1, a): null

26-05-2025T09:41:58 - [TEST_STEP][PASSED] - i = b.indexOf(" (ГК)"): null

26-05-2025T09:41:58 - [TEST_STEP][PASSED] - if (i > -1): null

26-05-2025T09:41:58 - [TEST_STEP][PASSED] - i = b.indexOf("О ""): null

26-05-2025T09:41:58 - [TEST_STEP][PASSED] - if (i > -1): null

26-05-2025T09:41:58 - [TEST_STEP][PASSED] - b = b.substring(i + 3, b.length()): null

26-05-2025T09:41:58 - [TEST_STEP][PASSED] - i = b.indexOf("""): null

26-05-2025T09:41:58 - [TEST_STEP][PASSED] - b = b.substring(0, i): null

26-05-2025T09:41:58 - [TEST_STEP][PASSED] - i = b.indexOf("О «"): null

26-05-2025T09:41:58 - [TEST_STEP][PASSED] - if (i > -1): null

26-05-2025T09:41:58 - [TEST_STEP][PASSED] - i = b.indexOf("г. "): null

26-05-2025T09:41:58 - [TEST_STEP][PASSED] - if (i > -1): null

26-05-2025T09:41:58 - [TEST_STEP][PASSED] - b = b.trim(): null

26-05-2025T09:41:58 - [TEST_STEP][PASSED] - println(b): null

26-05-2025T09:41:58 - [TEST_STEP][PASSED] - for ([planFact = 1, planFact < 3, (planFact++)]): null

26-05-2025T09:41:58 - [TEST_STEP][PASSED] - if (planFact == 1): null

26-05-2025T09:41:58 - [TEST_STEP][PASSED] - typeOfDataMain = "Факт": null

26-05-2025T09:41:58 - [TEST_STEP][PASSED] - otpusk = findTestData("PlanFact").getValue(5, a): null

26-05-2025T09:41:58 - [TEST_STEP][PASSED] - poteri = findTestData("PlanFact").getValue(6, a): null

26-05-2025T09:41:58 - [TEST_STEP][PASSED] - otpusk = otpusk.replaceAll("\s+", ""): null

26-05-2025T09:41:58 - [TEST_STEP][PASSED] - poteri = poteri.replaceAll("\s+", ""): null

26-05-2025T09:41:58 - [TEST_STEP][PASSED] - typeOfData = typeOfDataMain + " Отпуск в сеть": null

26-05-2025T09:41:58 - [TEST_STEP][PASSED] - if (a == 82): null

26-05-2025T09:41:58 - [TEST_STEP][PASSED] - else if (a == 84): null

26-05-2025T09:41:58 - [TEST_STEP][PASSED] - else if (a == 83 || a == 52 || a == 72 || a == 28 || a == 73 || a == 77 || a == 74 || a == 65 || a == 36 || a == 44 || a == 53 || a == 80 || a == 54 || a == 1 || a == 18 || a == 59 || a == 81): null

26-05-2025T09:41:58 - [TEST_STEP][PASSED] - else: null

26-05-2025T09:41:58 - [TEST_STEP][PASSED] - path = dataFolder + typeOfData + " за отчётный период " + b: null

26-05-2025T09:41:58 - [TEST_STEP][PASSED] - println(path): null

26-05-2025T09:41:58 - [TEST_STEP][PASSED] - page = getText(findTestObject(path)): Text of object 'Object Repository/Выполнение бизнес-плана/Значения со страницы Выполнение бизнес-плана/Факт Отпуск в сеть за отчётный период ВМЭС' is: '204 505'

26-05-2025T09:41:58 - [MESSAGE][PASSED] - Text of object 'Object Repository/Выполнение бизнес-плана/Значения со страницы Выполнение бизнес-плана/Факт Отпуск в сеть за отчётный период ВМЭС' is: '204 505'

26-05-2025T09:41:58 - [TEST_STEP][PASSED] - if (page == "" || page == null): null

26-05-2025T09:41:58 - [TEST_STEP][PASSED] - else: null

26-05-2025T09:41:58 - [TEST_STEP][PASSED] - page = page.replaceAll("\s+", ""): null

26-05-2025T09:41:58 - [TEST_STEP][PASSED] - if (page == "undefined"): null

26-05-2025T09:41:58 - [TEST_STEP][PASSED] - fileOtpuskVSet = otpusk.toInteger(): null

26-05-2025T09:41:58 - [TEST_STEP][PASSED] - pageOtpuskVSet = page.toInteger(): null

26-05-2025T09:41:58 - [TEST_STEP][PASSED] - typeOfData = typeOfDataMain + " Потери": null

26-05-2025T09:41:58 - [TEST_STEP][PASSED] - if (a == 82): null

26-05-2025T09:41:58 - [TEST_STEP][PASSED] - else if (a == 84): null

26-05-2025T09:41:58 - [TEST_STEP][PASSED] - else if (a == 83 || a == 52 || a == 72 || a == 28 || a == 73 || a == 77 || a == 74 || a == 65 || a == 36 || a == 44 || a == 53 || a == 80 || a == 54 || a == 1 || a == 18 || a == 59 || a == 81): null

26-05-2025T09:41:58 - [TEST_STEP][PASSED] - else: null

26-05-2025T09:41:58 - [TEST_STEP][PASSED] - path = dataFolder + typeOfData + " за отчётный период " + b: null

26-05-2025T09:41:58 - [TEST_STEP][PASSED] - page = getText(findTestObject(path)): Text of object 'Object Repository/Выполнение бизнес-плана/Значения со страницы Выполнение бизнес-плана/Факт Потери за отчётный период ВМЭС' is: '27 093'

26-05-2025T09:41:58 - [MESSAGE][PASSED] - Text of object 'Object Repository/Выполнение бизнес-плана/Значения со страницы Выполнение бизнес-плана/Факт Потери за отчётный период ВМЭС' is: '27 093'

26-05-2025T09:41:58 - [TEST_STEP][PASSED] - if (page == "" || page == null): null

26-05-2025T09:41:58 - [TEST_STEP][PASSED] - else: null

26-05-2025T09:41:58 - [TEST_STEP][PASSED] - page = page.replaceAll("\s+", ""): null

26-05-2025T09:41:58 - [TEST_STEP][PASSED] - if (page == "undefined"): null

26-05-2025T09:41:58 - [TEST_STEP][PASSED] - filePoteri = poteri.toInteger(): null

26-05-2025T09:41:58 - [TEST_STEP][PASSED] - pagePoteri = page.toInteger(): null

26-05-2025T09:41:58 - [TEST_STEP][PASSED] - compare = pageOtpuskVSet: null

26-05-2025T09:41:58 - [TEST_STEP][PASSED] - if (pageOtpuskVSet != null): null

26-05-2025T09:41:58 - [TEST_STEP][PASSED] - if (compare == fileOtpuskVSet): null

26-05-2025T09:41:58 - [TEST_STEP][PASSED] - else if (compare > fileOtpuskVSet): null

26-05-2025T09:41:58 - [TEST_STEP][PASSED] - else if (compare < fileOtpuskVSet): null

26-05-2025T09:41:58 - [TEST_STEP][PASSED] - compare = compare + 1: null

26-05-2025T09:41:58 - [TEST_STEP][PASSED] - if (compare == fileOtpuskVSet): null

26-05-2025T09:41:58 - [TEST_STEP][PASSED] - else: null

26-05-2025T09:41:58 - [TEST_STEP][PASSED] - numberOfErrors = numberOfErrors + 1: null

26-05-2025T09:41:58 - [TEST_STEP][PASSED] - pageInt = pageOtpuskVSet: null

26-05-2025T09:41:58 - [TEST_STEP][PASSED] - fileInt = fileOtpuskVSet: null

26-05-2025T09:41:58 - [TEST_STEP][PASSED] - typeOfData = typeOfDataMain + " Отпуск в сеть": null

26-05-2025T09:41:58 - [TEST_STEP][PASSED] - Script1718980020443.WriteToExcel(a, typeOfData, todaysDate, pageInt, fileInt, pageDouble, fileDouble, dZO): null

26-05-2025T09:41:58 - [TEST_STEP][PASSED] - sheetName = "Sheet1": null

26-05-2025T09:41:58 - [TEST_STEP][PASSED] - data = findTestData("PlanFact"): null

26-05-2025T09:41:58 - [TEST_STEP][PASSED] - n = data.getRowNumbers() + 1: null

26-05-2025T09:41:58 - [TEST_STEP][PASSED] - day = ")).toInteger(): null

26-05-2025T09:41:58 - [TEST_STEP][PASSED] - println(day): null

26-05-2025T09:41:58 - [TEST_STEP][PASSED] - month = ")).toInteger(): null

26-05-2025T09:41:58 - [TEST_STEP][PASSED] - println(month): null

26-05-2025T09:41:58 - [TEST_STEP][PASSED] - y = <not implemented yet for class: org.codehaus.groovy.ast.expr.EmptyExpression>: null

26-05-2025T09:41:58 - [TEST_STEP][PASSED] - iy = <not implemented yet for class: org.codehaus.groovy.ast.expr.EmptyExpression>: null

26-05-2025T09:41:58 - [TEST_STEP][PASSED] - m = getText(findTestObject("Выполнение бизнес-плана/Период")): Text of object 'Object Repository/Выполнение бизнес-плана/Период' is: '1 кв. 2025 года'

26-05-2025T09:41:59 - [MESSAGE][PASSED] - Text of object 'Object Repository/Выполнение бизнес-плана/Период' is: '1 кв. 2025 года'

26-05-2025T09:41:59 - [TEST_STEP][PASSED] - iy = m.indexOf("20"): null

26-05-2025T09:41:59 - [TEST_STEP][PASSED] - if (iy > -1): null

26-05-2025T09:41:59 - [TEST_STEP][PASSED] - y = substring(iy, iy + 4).toInteger(): null

26-05-2025T09:41:59 - [TEST_STEP][PASSED] - println(y): null

26-05-2025T09:41:59 - [TEST_STEP][PASSED] - if (toString().length() == 4): null

26-05-2025T09:41:59 - [TEST_STEP][PASSED] - m = m.substring(0, m.indexOf(y.toString())): null

26-05-2025T09:41:59 - [TEST_STEP][PASSED] - m = m.trim(): null

26-05-2025T09:41:59 - [TEST_STEP][PASSED] - if (m == ""): null

26-05-2025T09:41:59 - [TEST_STEP][PASSED] - dashboardName = "Выполнение бизнес-плана": null

26-05-2025T09:41:59 - [TEST_STEP][PASSED] - workbook01 = getWorkbook(excelFilePath): null

26-05-2025T09:41:59 - [TEST_STEP][PASSED] - sheet01 = getExcelSheet(workbook01, sheetName): null

26-05-2025T09:41:59 - [TEST_STEP][PASSED] - setValueToCellByIndex(sheet01, n, 0, dashboardName): null

26-05-2025T09:41:59 - [TEST_STEP][PASSED] - setValueToCellByIndex(sheet01, n, 1, dZO): null

26-05-2025T09:41:59 - [TEST_STEP][PASSED] - setValueToCellByIndex(sheet01, n, 2, typeOfData): null

26-05-2025T09:41:59 - [TEST_STEP][PASSED] - if (typeOfData == "Факт в процентах" || typeOfData == "План в процентах"): null

26-05-2025T09:41:59 - [TEST_STEP][PASSED] - else: null

26-05-2025T09:41:59 - [TEST_STEP][PASSED] - setValueToCellByIndex(sheet01, n, 3, fileInt): null

26-05-2025T09:41:59 - [TEST_STEP][PASSED] - setValueToCellByIndex(sheet01, n, 4, pageInt): null

26-05-2025T09:41:59 - [TEST_STEP][PASSED] - setValueToCellByIndex(sheet01, n, 5, m): null

26-05-2025T09:41:59 - [TEST_STEP][PASSED] - setValueToCellByIndex(sheet01, n, 6, y): null

26-05-2025T09:41:59 - [TEST_STEP][PASSED] - setValueToCellByIndex(sheet01, n, 7, todaysDate): null

26-05-2025T09:41:59 - [TEST_STEP][PASSED] - n = n + 1: null

26-05-2025T09:41:59 - [TEST_STEP][PASSED] - saveWorkbook(excelFilePath, workbook01): null

26-05-2025T09:41:59 - [TEST_STEP][PASSED] - compare = pagePoteri: null

26-05-2025T09:41:59 - [TEST_STEP][PASSED] - if (pageOtpuskVSet != null): null

26-05-2025T09:41:59 - [TEST_STEP][PASSED] - if (compare == filePoteri): null

26-05-2025T09:41:59 - [TEST_STEP][PASSED] - else if (compare > filePoteri): null

26-05-2025T09:41:59 - [TEST_STEP][PASSED] - else if (compare < filePoteri): null

26-05-2025T09:41:59 - [TEST_STEP][PASSED] - compare = compare + 1: null

26-05-2025T09:41:59 - [TEST_STEP][PASSED] - if (compare == filePoteri): null

26-05-2025T09:41:59 - [TEST_STEP][PASSED] - else: null

26-05-2025T09:41:59 - [TEST_STEP][PASSED] - numberOfErrors = numberOfErrors + 1: null

26-05-2025T09:41:59 - [TEST_STEP][PASSED] - pageInt = pagePoteri: null

26-05-2025T09:41:59 - [TEST_STEP][PASSED] - fileInt = filePoteri: null

26-05-2025T09:41:59 - [TEST_STEP][PASSED] - typeOfData = typeOfDataMain + " Потери": null

26-05-2025T09:41:59 - [TEST_STEP][PASSED] - Script1718980020443.WriteToExcel(a, typeOfData, todaysDate, pageInt, fileInt, pageDouble, fileDouble, dZO): null

26-05-2025T09:41:59 - [TEST_STEP][PASSED] - sheetName = "Sheet1": null

26-05-2025T09:41:59 - [TEST_STEP][PASSED] - data = findTestData("PlanFact"): null

26-05-2025T09:41:59 - [TEST_STEP][PASSED] - n = data.getRowNumbers() + 1: null

26-05-2025T09:41:59 - [TEST_STEP][PASSED] - day = ")).toInteger(): null

26-05-2025T09:41:59 - [TEST_STEP][PASSED] - println(day): null

26-05-2025T09:41:59 - [TEST_STEP][PASSED] - month = ")).toInteger(): null

26-05-2025T09:41:59 - [TEST_STEP][PASSED] - println(month): null

26-05-2025T09:41:59 - [TEST_STEP][PASSED] - y = <not implemented yet for class: org.codehaus.groovy.ast.expr.EmptyExpression>: null

26-05-2025T09:41:59 - [TEST_STEP][PASSED] - iy = <not implemented yet for class: org.codehaus.groovy.ast.expr.EmptyExpression>: null

26-05-2025T09:41:59 - [TEST_STEP][PASSED] - m = getText(findTestObject("Выполнение бизнес-плана/Период")): Text of object 'Object Repository/Выполнение бизнес-плана/Период' is: '1 кв. 2025 года'

26-05-2025T09:41:59 - [MESSAGE][PASSED] - Text of object 'Object Repository/Выполнение бизнес-плана/Период' is: '1 кв. 2025 года'

26-05-2025T09:41:59 - [TEST_STEP][PASSED] - iy = m.indexOf("20"): null

26-05-2025T09:41:59 - [TEST_STEP][PASSED] - if (iy > -1): null

26-05-2025T09:41:59 - [TEST_STEP][PASSED] - y = substring(iy, iy + 4).toInteger(): null

26-05-2025T09:41:59 - [TEST_STEP][PASSED] - println(y): null

26-05-2025T09:41:59 - [TEST_STEP][PASSED] - if (toString().length() == 4): null

26-05-2025T09:41:59 - [TEST_STEP][PASSED] - m = m.substring(0, m.indexOf(y.toString())): null

26-05-2025T09:41:59 - [TEST_STEP][PASSED] - m = m.trim(): null

26-05-2025T09:41:59 - [TEST_STEP][PASSED] - if (m == ""): null

26-05-2025T09:41:59 - [TEST_STEP][PASSED] - dashboardName = "Выполнение бизнес-плана": null

26-05-2025T09:41:59 - [TEST_STEP][PASSED] - workbook01 = getWorkbook(excelFilePath): null

26-05-2025T09:41:59 - [TEST_STEP][PASSED] - sheet01 = getExcelSheet(workbook01, sheetName): null

26-05-2025T09:41:59 - [TEST_STEP][PASSED] - setValueToCellByIndex(sheet01, n, 0, dashboardName): null

26-05-2025T09:41:59 - [TEST_STEP][PASSED] - setValueToCellByIndex(sheet01, n, 1, dZO): null

26-05-2025T09:41:59 - [TEST_STEP][PASSED] - setValueToCellByIndex(sheet01, n, 2, typeOfData): null

26-05-2025T09:41:59 - [TEST_STEP][PASSED] - if (typeOfData == "Факт в процентах" || typeOfData == "План в процентах"): null

26-05-2025T09:41:59 - [TEST_STEP][PASSED] - else: null

26-05-2025T09:41:59 - [TEST_STEP][PASSED] - setValueToCellByIndex(sheet01, n, 3, fileInt): null

26-05-2025T09:41:59 - [TEST_STEP][PASSED] - setValueToCellByIndex(sheet01, n, 4, pageInt): null

26-05-2025T09:41:59 - [TEST_STEP][PASSED] - setValueToCellByIndex(sheet01, n, 5, m): null

26-05-2025T09:41:59 - [TEST_STEP][PASSED] - setValueToCellByIndex(sheet01, n, 6, y): null

26-05-2025T09:41:59 - [TEST_STEP][PASSED] - setValueToCellByIndex(sheet01, n, 7, todaysDate): null

26-05-2025T09:41:59 - [TEST_STEP][PASSED] - n = n + 1: null

26-05-2025T09:41:59 - [TEST_STEP][PASSED] - saveWorkbook(excelFilePath, workbook01): null

26-05-2025T09:42:00 - [TEST_STEP][PASSED] - if (planFact == 2): null

26-05-2025T09:42:00 - [TEST_STEP][PASSED] - if (planFact == 1): null

26-05-2025T09:42:00 - [TEST_STEP][PASSED] - else if (planFact == 2): null

26-05-2025T09:42:00 - [TEST_STEP][PASSED] - click(findTestObject("Выполнение бизнес-плана/Кнопка План")): Object: 'Object Repository/Выполнение бизнес-плана/Кнопка План' is clicked on

26-05-2025T09:42:00 - [MESSAGE][PASSED] - Object: 'Object Repository/Выполнение бизнес-плана/Кнопка План' is clicked on

26-05-2025T09:42:00 - [TEST_STEP][PASSED] - typeOfDataMain = "План": null

26-05-2025T09:42:00 - [TEST_STEP][PASSED] - otpusk = findTestData("PlanFact").getValue(2, a): null

26-05-2025T09:42:00 - [TEST_STEP][PASSED] - poteri = findTestData("PlanFact").getValue(3, a): null

26-05-2025T09:42:00 - [TEST_STEP][PASSED] - otpusk = otpusk.replaceAll("\s+", ""): null

26-05-2025T09:42:00 - [TEST_STEP][PASSED] - poteri = poteri.replaceAll("\s+", ""): null

26-05-2025T09:42:00 - [TEST_STEP][PASSED] - typeOfData = typeOfDataMain + " Отпуск в сеть": null

26-05-2025T09:42:00 - [TEST_STEP][PASSED] - if (a == 82): null

26-05-2025T09:42:00 - [TEST_STEP][PASSED] - else if (a == 84): null

26-05-2025T09:42:00 - [TEST_STEP][PASSED] - else if (a == 83 || a == 52 || a == 72 || a == 28 || a == 73 || a == 77 || a == 74 || a == 65 || a == 36 || a == 44 || a == 53 || a == 80 || a == 54 || a == 1 || a == 18 || a == 59 || a == 81): null

26-05-2025T09:42:00 - [TEST_STEP][PASSED] - else: null

26-05-2025T09:42:00 - [TEST_STEP][PASSED] - path = dataFolder + typeOfData + " за отчётный период " + b: null

26-05-2025T09:42:00 - [TEST_STEP][PASSED] - println(path): null

26-05-2025T09:42:00 - [TEST_STEP][PASSED] - page = getText(findTestObject(path)): Text of object 'Object Repository/Выполнение бизнес-плана/Значения со страницы Выполнение бизнес-плана/План Отпуск в сеть за отчётный период ВМЭС' is: '222 588'

26-05-2025T09:42:00 - [MESSAGE][PASSED] - Text of object 'Object Repository/Выполнение бизнес-плана/Значения со страницы Выполнение бизнес-плана/План Отпуск в сеть за отчётный период ВМЭС' is: '222 588'

26-05-2025T09:42:00 - [TEST_STEP][PASSED] - if (page == "" || page == null): null

26-05-2025T09:42:00 - [TEST_STEP][PASSED] - else: null

26-05-2025T09:42:00 - [TEST_STEP][PASSED] - page = page.replaceAll("\s+", ""): null

26-05-2025T09:42:00 - [TEST_STEP][PASSED] - if (page == "undefined"): null

26-05-2025T09:42:00 - [TEST_STEP][PASSED] - fileOtpuskVSet = otpusk.toInteger(): null

26-05-2025T09:42:00 - [TEST_STEP][PASSED] - pageOtpuskVSet = page.toInteger(): null

26-05-2025T09:42:00 - [TEST_STEP][PASSED] - typeOfData = typeOfDataMain + " Потери": null

26-05-2025T09:42:00 - [TEST_STEP][PASSED] - if (a == 82): null

26-05-2025T09:42:00 - [TEST_STEP][PASSED] - else if (a == 84): null

26-05-2025T09:42:00 - [TEST_STEP][PASSED] - else if (a == 83 || a == 52 || a == 72 || a == 28 || a == 73 || a == 77 || a == 74 || a == 65 || a == 36 || a == 44 || a == 53 || a == 80 || a == 54 || a == 1 || a == 18 || a == 59 || a == 81): null

26-05-2025T09:42:00 - [TEST_STEP][PASSED] - else: null

26-05-2025T09:42:00 - [TEST_STEP][PASSED] - path = dataFolder + typeOfData + " за отчётный период " + b: null

26-05-2025T09:42:00 - [TEST_STEP][PASSED] - page = getText(findTestObject(path)): Text of object 'Object Repository/Выполнение бизнес-плана/Значения со страницы Выполнение бизнес-плана/План Потери за отчётный период ВМЭС' is: '38 831'

26-05-2025T09:42:01 - [MESSAGE][PASSED] - Text of object 'Object Repository/Выполнение бизнес-плана/Значения со страницы Выполнение бизнес-плана/План Потери за отчётный период ВМЭС' is: '38 831'

26-05-2025T09:42:01 - [TEST_STEP][PASSED] - if (page == "" || page == null): null

26-05-2025T09:42:01 - [TEST_STEP][PASSED] - else: null

26-05-2025T09:42:01 - [TEST_STEP][PASSED] - page = page.replaceAll("\s+", ""): null

26-05-2025T09:42:01 - [TEST_STEP][PASSED] - if (page == "undefined"): null

26-05-2025T09:42:01 - [TEST_STEP][PASSED] - filePoteri = poteri.toInteger(): null

26-05-2025T09:42:01 - [TEST_STEP][PASSED] - pagePoteri = page.toInteger(): null

26-05-2025T09:42:01 - [TEST_STEP][PASSED] - compare = pageOtpuskVSet: null

26-05-2025T09:42:01 - [TEST_STEP][PASSED] - if (pageOtpuskVSet != null): null

26-05-2025T09:42:01 - [TEST_STEP][PASSED] - if (compare == fileOtpuskVSet): null

26-05-2025T09:42:01 - [TEST_STEP][PASSED] - else if (compare > fileOtpuskVSet): null

26-05-2025T09:42:01 - [TEST_STEP][PASSED] - else if (compare < fileOtpuskVSet): null

26-05-2025T09:42:01 - [TEST_STEP][PASSED] - compare = compare + 1: null

26-05-2025T09:42:01 - [TEST_STEP][PASSED] - if (compare == fileOtpuskVSet): null

26-05-2025T09:42:01 - [TEST_STEP][PASSED] - else: null

26-05-2025T09:42:01 - [TEST_STEP][PASSED] - numberOfErrors = numberOfErrors + 1: null

26-05-2025T09:42:01 - [TEST_STEP][PASSED] - pageInt = pageOtpuskVSet: null

26-05-2025T09:42:01 - [TEST_STEP][PASSED] - fileInt = fileOtpuskVSet: null

26-05-2025T09:42:01 - [TEST_STEP][PASSED] - typeOfData = typeOfDataMain + " Отпуск в сеть": null

26-05-2025T09:42:01 - [TEST_STEP][PASSED] - Script1718980020443.WriteToExcel(a, typeOfData, todaysDate, pageInt, fileInt, pageDouble, fileDouble, dZO): null

26-05-2025T09:42:01 - [TEST_STEP][PASSED] - sheetName = "Sheet1": null

26-05-2025T09:42:01 - [TEST_STEP][PASSED] - data = findTestData("PlanFact"): null

26-05-2025T09:42:01 - [TEST_STEP][PASSED] - n = data.getRowNumbers() + 1: null

26-05-2025T09:42:01 - [TEST_STEP][PASSED] - day = ")).toInteger(): null

26-05-2025T09:42:01 - [TEST_STEP][PASSED] - println(day): null

26-05-2025T09:42:01 - [TEST_STEP][PASSED] - month = ")).toInteger(): null

26-05-2025T09:42:01 - [TEST_STEP][PASSED] - println(month): null

26-05-2025T09:42:01 - [TEST_STEP][PASSED] - y = <not implemented yet for class: org.codehaus.groovy.ast.expr.EmptyExpression>: null

26-05-2025T09:42:01 - [TEST_STEP][PASSED] - iy = <not implemented yet for class: org.codehaus.groovy.ast.expr.EmptyExpression>: null

26-05-2025T09:42:01 - [TEST_STEP][PASSED] - m = getText(findTestObject("Выполнение бизнес-плана/Период")): Text of object 'Object Repository/Выполнение бизнес-плана/Период' is: '1 кв. 2025 года'

26-05-2025T09:42:01 - [MESSAGE][PASSED] - Text of object 'Object Repository/Выполнение бизнес-плана/Период' is: '1 кв. 2025 года'

26-05-2025T09:42:01 - [TEST_STEP][PASSED] - iy = m.indexOf("20"): null

26-05-2025T09:42:01 - [TEST_STEP][PASSED] - if (iy > -1): null

26-05-2025T09:42:01 - [TEST_STEP][PASSED] - y = substring(iy, iy + 4).toInteger(): null

26-05-2025T09:42:01 - [TEST_STEP][PASSED] - println(y): null

26-05-2025T09:42:01 - [TEST_STEP][PASSED] - if (toString().length() == 4): null

26-05-2025T09:42:01 - [TEST_STEP][PASSED] - m = m.substring(0, m.indexOf(y.toString())): null

26-05-2025T09:42:01 - [TEST_STEP][PASSED] - m = m.trim(): null

26-05-2025T09:42:01 - [TEST_STEP][PASSED] - if (m == ""): null

26-05-2025T09:42:01 - [TEST_STEP][PASSED] - dashboardName = "Выполнение бизнес-плана": null

26-05-2025T09:42:01 - [TEST_STEP][PASSED] - workbook01 = getWorkbook(excelFilePath): null

26-05-2025T09:42:01 - [TEST_STEP][PASSED] - sheet01 = getExcelSheet(workbook01, sheetName): null

26-05-2025T09:42:01 - [TEST_STEP][PASSED] - setValueToCellByIndex(sheet01, n, 0, dashboardName): null

26-05-2025T09:42:01 - [TEST_STEP][PASSED] - setValueToCellByIndex(sheet01, n, 1, dZO): null

26-05-2025T09:42:01 - [TEST_STEP][PASSED] - setValueToCellByIndex(sheet01, n, 2, typeOfData): null

26-05-2025T09:42:01 - [TEST_STEP][PASSED] - if (typeOfData == "Факт в процентах" || typeOfData == "План в процентах"): null

26-05-2025T09:42:01 - [TEST_STEP][PASSED] - else: null

26-05-2025T09:42:01 - [TEST_STEP][PASSED] - setValueToCellByIndex(sheet01, n, 3, fileInt): null

26-05-2025T09:42:01 - [TEST_STEP][PASSED] - setValueToCellByIndex(sheet01, n, 4, pageInt): null

26-05-2025T09:42:01 - [TEST_STEP][PASSED] - setValueToCellByIndex(sheet01, n, 5, m): null

26-05-2025T09:42:01 - [TEST_STEP][PASSED] - setValueToCellByIndex(sheet01, n, 6, y): null

26-05-2025T09:42:01 - [TEST_STEP][PASSED] - setValueToCellByIndex(sheet01, n, 7, todaysDate): null

26-05-2025T09:42:01 - [TEST_STEP][PASSED] - n = n + 1: null

26-05-2025T09:42:01 - [TEST_STEP][PASSED] - saveWorkbook(excelFilePath, workbook01): null

26-05-2025T09:42:01 - [TEST_STEP][PASSED] - compare = pagePoteri: null

26-05-2025T09:42:01 - [TEST_STEP][PASSED] - if (pageOtpuskVSet != null): null

26-05-2025T09:42:01 - [TEST_STEP][PASSED] - if (compare == filePoteri): null

26-05-2025T09:42:01 - [TEST_STEP][PASSED] - else if (compare > filePoteri): null

26-05-2025T09:42:01 - [TEST_STEP][PASSED] - else if (compare < filePoteri): null

26-05-2025T09:42:01 - [TEST_STEP][PASSED] - compare = compare + 1: null

26-05-2025T09:42:01 - [TEST_STEP][PASSED] - if (compare == filePoteri): null

26-05-2025T09:42:01 - [TEST_STEP][PASSED] - else: null

26-05-2025T09:42:01 - [TEST_STEP][PASSED] - numberOfErrors = numberOfErrors + 1: null

26-05-2025T09:42:01 - [TEST_STEP][PASSED] - pageInt = pagePoteri: null

26-05-2025T09:42:01 - [TEST_STEP][PASSED] - fileInt = filePoteri: null

26-05-2025T09:42:01 - [TEST_STEP][PASSED] - typeOfData = typeOfDataMain + " Потери": null

26-05-2025T09:42:01 - [TEST_STEP][PASSED] - Script1718980020443.WriteToExcel(a, typeOfData, todaysDate, pageInt, fileInt, pageDouble, fileDouble, dZO): null

26-05-2025T09:42:01 - [TEST_STEP][PASSED] - sheetName = "Sheet1": null

26-05-2025T09:42:01 - [TEST_STEP][PASSED] - data = findTestData("PlanFact"): null

26-05-2025T09:42:02 - [TEST_STEP][PASSED] - n = data.getRowNumbers() + 1: null

26-05-2025T09:42:02 - [TEST_STEP][PASSED] - day = ")).toInteger(): null

26-05-2025T09:42:02 - [TEST_STEP][PASSED] - println(day): null

26-05-2025T09:42:02 - [TEST_STEP][PASSED] - month = ")).toInteger(): null

26-05-2025T09:42:02 - [TEST_STEP][PASSED] - println(month): null

26-05-2025T09:42:02 - [TEST_STEP][PASSED] - y = <not implemented yet for class: org.codehaus.groovy.ast.expr.EmptyExpression>: null

26-05-2025T09:42:02 - [TEST_STEP][PASSED] - iy = <not implemented yet for class: org.codehaus.groovy.ast.expr.EmptyExpression>: null

26-05-2025T09:42:02 - [TEST_STEP][PASSED] - m = getText(findTestObject("Выполнение бизнес-плана/Период")): Text of object 'Object Repository/Выполнение бизнес-плана/Период' is: '1 кв. 2025 года'

26-05-2025T09:42:02 - [MESSAGE][PASSED] - Text of object 'Object Repository/Выполнение бизнес-плана/Период' is: '1 кв. 2025 года'

26-05-2025T09:42:02 - [TEST_STEP][PASSED] - iy = m.indexOf("20"): null

26-05-2025T09:42:02 - [TEST_STEP][PASSED] - if (iy > -1): null

26-05-2025T09:42:02 - [TEST_STEP][PASSED] - y = substring(iy, iy + 4).toInteger(): null

26-05-2025T09:42:02 - [TEST_STEP][PASSED] - println(y): null

26-05-2025T09:42:02 - [TEST_STEP][PASSED] - if (toString().length() == 4): null

26-05-2025T09:42:02 - [TEST_STEP][PASSED] - m = m.substring(0, m.indexOf(y.toString())): null

26-05-2025T09:42:02 - [TEST_STEP][PASSED] - m = m.trim(): null

26-05-2025T09:42:02 - [TEST_STEP][PASSED] - if (m == ""): null

26-05-2025T09:42:02 - [TEST_STEP][PASSED] - dashboardName = "Выполнение бизнес-плана": null

26-05-2025T09:42:02 - [TEST_STEP][PASSED] - workbook01 = getWorkbook(excelFilePath): null

26-05-2025T09:42:02 - [TEST_STEP][PASSED] - sheet01 = getExcelSheet(workbook01, sheetName): null

26-05-2025T09:42:02 - [TEST_STEP][PASSED] - setValueToCellByIndex(sheet01, n, 0, dashboardName): null

26-05-2025T09:42:02 - [TEST_STEP][PASSED] - setValueToCellByIndex(sheet01, n, 1, dZO): null

26-05-2025T09:42:02 - [TEST_STEP][PASSED] - setValueToCellByIndex(sheet01, n, 2, typeOfData): null

26-05-2025T09:42:02 - [TEST_STEP][PASSED] - if (typeOfData == "Факт в процентах" || typeOfData == "План в процентах"): null

26-05-2025T09:42:02 - [TEST_STEP][PASSED] - else: null

26-05-2025T09:42:02 - [TEST_STEP][PASSED] - setValueToCellByIndex(sheet01, n, 3, fileInt): null

26-05-2025T09:42:02 - [TEST_STEP][PASSED] - setValueToCellByIndex(sheet01, n, 4, pageInt): null

26-05-2025T09:42:02 - [TEST_STEP][PASSED] - setValueToCellByIndex(sheet01, n, 5, m): null

26-05-2025T09:42:02 - [TEST_STEP][PASSED] - setValueToCellByIndex(sheet01, n, 6, y): null

26-05-2025T09:42:02 - [TEST_STEP][PASSED] - setValueToCellByIndex(sheet01, n, 7, todaysDate): null

26-05-2025T09:42:02 - [TEST_STEP][PASSED] - n = n + 1: null

26-05-2025T09:42:02 - [TEST_STEP][PASSED] - saveWorkbook(excelFilePath, workbook01): Object: 'Object Repository/Выполнение бизнес-плана/Кнопка Факт' is clicked on

26-05-2025T09:42:02 - [TEST_STEP][PASSED] - if (planFact == 2): Object: 'Object Repository/Выполнение бизнес-плана/Кнопка Факт' is clicked on

26-05-2025T09:42:02 - [TEST_STEP][PASSED] - click(findTestObject("Выполнение бизнес-плана/Кнопка Факт")): Object: 'Object Repository/Выполнение бизнес-плана/Кнопка Факт' is clicked on

26-05-2025T09:42:03 - [MESSAGE][PASSED] - Object: 'Object Repository/Выполнение бизнес-плана/Кнопка Факт' is clicked on

26-05-2025T09:42:03 - [TEST_STEP][PASSED] - println("a=" + a): null

26-05-2025T09:42:03 - [TEST_STEP][PASSED] - if (a == 84 || a == 82): null

26-05-2025T09:42:03 - [TEST_STEP][PASSED] - else if (a == 83 || a == 52 || a == 72 || a == 28 || a == 73 || a == 77 || a == 74 || a == 65 || a == 36 || a == 44 || a == 53 || a == 80 || a == 54 || a == 1 || a == 18 || a == 59 || a == 81): null

26-05-2025T09:42:03 - [TEST_STEP][PASSED] - else: null

26-05-2025T09:42:03 - [TEST_STEP][PASSED] - page1 = getText(findTestObject("Object Repository/Выполнение бизнес-плана/spanPlan" + filialNum)): Text of object 'Object Repository/Выполнение бизнес-плана/spanPlan1' is: '17.45
|'

26-05-2025T09:42:03 - [MESSAGE][PASSED] - Text of object 'Object Repository/Выполнение бизнес-плана/spanPlan1' is: '17.45
|'

26-05-2025T09:42:03 - [TEST_STEP][PASSED] - if (page1 == null): null

26-05-2025T09:42:03 - [TEST_STEP][PASSED] - else: null

26-05-2025T09:42:03 - [TEST_STEP][PASSED] - page1 = page1.replace("|", ""): null

26-05-2025T09:42:03 - [TEST_STEP][PASSED] - page2 = getText(findTestObject("Object Repository/Выполнение бизнес-плана/spanFact" + filialNum)): Text of object 'Object Repository/Выполнение бизнес-плана/spanFact1' is: '13.25
|'

26-05-2025T09:42:03 - [MESSAGE][PASSED] - Text of object 'Object Repository/Выполнение бизнес-плана/spanFact1' is: '13.25
|'

26-05-2025T09:42:03 - [TEST_STEP][PASSED] - if (page2 == null): null

26-05-2025T09:42:03 - [TEST_STEP][PASSED] - else: null

26-05-2025T09:42:03 - [TEST_STEP][PASSED] - page2 = page2.replace("|", ""): null

26-05-2025T09:42:03 - [TEST_STEP][PASSED] - println("page1: " + page1): null

26-05-2025T09:42:03 - [TEST_STEP][PASSED] - println("page2: " + page2): null

26-05-2025T09:42:03 - [TEST_STEP][PASSED] - file = findTestData("PlanFact").getValue(4, a): null

26-05-2025T09:42:03 - [TEST_STEP][PASSED] - file = file.replace(",", "."): null

26-05-2025T09:42:03 - [TEST_STEP][PASSED] - println("file Plan: " + file): null

26-05-2025T09:42:03 - [TEST_STEP][PASSED] - typeOfData = "План в процентах": null

26-05-2025T09:42:03 - [TEST_STEP][PASSED] - fileDouble = file.toDouble(): null

26-05-2025T09:42:03 - [TEST_STEP][PASSED] - pageDouble = page1.toDouble(): null

26-05-2025T09:42:03 - [TEST_STEP][PASSED] - if (fileDouble != pageDouble): null

26-05-2025T09:42:03 - [TEST_STEP][PASSED] - numberOfErrors = numberOfErrors + 1: null

26-05-2025T09:42:03 - [TEST_STEP][PASSED] - Script1718980020443.WriteToExcel(a, typeOfData, todaysDate, pageInt, fileInt, pageDouble, fileDouble, dZO): null

26-05-2025T09:42:03 - [TEST_STEP][PASSED] - sheetName = "Sheet1": null

26-05-2025T09:42:03 - [TEST_STEP][PASSED] - data = findTestData("PlanFact"): null

26-05-2025T09:42:03 - [TEST_STEP][PASSED] - n = data.getRowNumbers() + 1: null

26-05-2025T09:42:03 - [TEST_STEP][PASSED] - day = ")).toInteger(): null

26-05-2025T09:42:03 - [TEST_STEP][PASSED] - println(day): null

26-05-2025T09:42:03 - [TEST_STEP][PASSED] - month = ")).toInteger(): null

26-05-2025T09:42:03 - [TEST_STEP][PASSED] - println(month): null

26-05-2025T09:42:03 - [TEST_STEP][PASSED] - y = <not implemented yet for class: org.codehaus.groovy.ast.expr.EmptyExpression>: null

26-05-2025T09:42:03 - [TEST_STEP][PASSED] - iy = <not implemented yet for class: org.codehaus.groovy.ast.expr.EmptyExpression>: null

26-05-2025T09:42:03 - [TEST_STEP][PASSED] - m = getText(findTestObject("Выполнение бизнес-плана/Период")): Text of object 'Object Repository/Выполнение бизнес-плана/Период' is: '1 кв. 2025 года'

26-05-2025T09:42:04 - [MESSAGE][PASSED] - Text of object 'Object Repository/Выполнение бизнес-плана/Период' is: '1 кв. 2025 года'

26-05-2025T09:42:04 - [TEST_STEP][PASSED] - iy = m.indexOf("20"): null

26-05-2025T09:42:04 - [TEST_STEP][PASSED] - if (iy > -1): null

26-05-2025T09:42:04 - [TEST_STEP][PASSED] - y = substring(iy, iy + 4).toInteger(): null

26-05-2025T09:42:04 - [TEST_STEP][PASSED] - println(y): null

26-05-2025T09:42:04 - [TEST_STEP][PASSED] - if (toString().length() == 4): null

26-05-2025T09:42:04 - [TEST_STEP][PASSED] - m = m.substring(0, m.indexOf(y.toString())): null

26-05-2025T09:42:04 - [TEST_STEP][PASSED] - m = m.trim(): null

26-05-2025T09:42:04 - [TEST_STEP][PASSED] - if (m == ""): null

26-05-2025T09:42:04 - [TEST_STEP][PASSED] - dashboardName = "Выполнение бизнес-плана": null

26-05-2025T09:42:04 - [TEST_STEP][PASSED] - workbook01 = getWorkbook(excelFilePath): null

26-05-2025T09:42:04 - [TEST_STEP][PASSED] - sheet01 = getExcelSheet(workbook01, sheetName): null

26-05-2025T09:42:04 - [TEST_STEP][PASSED] - setValueToCellByIndex(sheet01, n, 0, dashboardName): null

26-05-2025T09:42:04 - [TEST_STEP][PASSED] - setValueToCellByIndex(sheet01, n, 1, dZO): null

26-05-2025T09:42:04 - [TEST_STEP][PASSED] - setValueToCellByIndex(sheet01, n, 2, typeOfData): null

26-05-2025T09:42:04 - [TEST_STEP][PASSED] - if (typeOfData == "Факт в процентах" || typeOfData == "План в процентах"): null

26-05-2025T09:42:04 - [TEST_STEP][PASSED] - setValueToCellByIndex(sheet01, n, 3, fileDouble): null

26-05-2025T09:42:04 - [TEST_STEP][PASSED] - setValueToCellByIndex(sheet01, n, 4, pageDouble): null

26-05-2025T09:42:04 - [TEST_STEP][PASSED] - setValueToCellByIndex(sheet01, n, 5, m): null

26-05-2025T09:42:04 - [TEST_STEP][PASSED] - setValueToCellByIndex(sheet01, n, 6, y): null

26-05-2025T09:42:04 - [TEST_STEP][PASSED] - setValueToCellByIndex(sheet01, n, 7, todaysDate): null

26-05-2025T09:42:04 - [TEST_STEP][PASSED] - n = n + 1: null

26-05-2025T09:42:04 - [TEST_STEP][PASSED] - saveWorkbook(excelFilePath, workbook01): null

26-05-2025T09:42:04 - [TEST_STEP][PASSED] - file = findTestData("PlanFact").getValue(7, a): null

26-05-2025T09:42:04 - [TEST_STEP][PASSED] - file = file.replace(",", "."): null

26-05-2025T09:42:04 - [TEST_STEP][PASSED] - println("file Fact: " + file): null

26-05-2025T09:42:04 - [TEST_STEP][PASSED] - fileDouble = file.toDouble(): null

26-05-2025T09:42:04 - [TEST_STEP][PASSED] - typeOfData = "Факт в процентах": null

26-05-2025T09:42:04 - [TEST_STEP][PASSED] - fileDouble = file.toDouble(): null

26-05-2025T09:42:04 - [TEST_STEP][PASSED] - pageDouble = page2.toDouble(): null

26-05-2025T09:42:04 - [TEST_STEP][PASSED] - if (fileDouble != pageDouble): null

26-05-2025T09:42:04 - [TEST_STEP][PASSED] - numberOfErrors = numberOfErrors + 1: null

26-05-2025T09:42:04 - [TEST_STEP][PASSED] - Script1718980020443.WriteToExcel(a, typeOfData, todaysDate, pageInt, fileInt, pageDouble, fileDouble, dZO): null

26-05-2025T09:42:04 - [TEST_STEP][PASSED] - sheetName = "Sheet1": null

26-05-2025T09:42:04 - [TEST_STEP][PASSED] - data = findTestData("PlanFact"): null

26-05-2025T09:42:04 - [TEST_STEP][PASSED] - n = data.getRowNumbers() + 1: null

26-05-2025T09:42:04 - [TEST_STEP][PASSED] - day = ")).toInteger(): null

26-05-2025T09:42:04 - [TEST_STEP][PASSED] - println(day): null

26-05-2025T09:42:04 - [TEST_STEP][PASSED] - month = ")).toInteger(): null

26-05-2025T09:42:04 - [TEST_STEP][PASSED] - println(month): null

26-05-2025T09:42:04 - [TEST_STEP][PASSED] - y = <not implemented yet for class: org.codehaus.groovy.ast.expr.EmptyExpression>: null

26-05-2025T09:42:04 - [TEST_STEP][PASSED] - iy = <not implemented yet for class: org.codehaus.groovy.ast.expr.EmptyExpression>: null

26-05-2025T09:42:04 - [TEST_STEP][PASSED] - m = getText(findTestObject("Выполнение бизнес-плана/Период")): Text of object 'Object Repository/Выполнение бизнес-плана/Период' is: '1 кв. 2025 года'

26-05-2025T09:42:04 - [MESSAGE][PASSED] - Text of object 'Object Repository/Выполнение бизнес-плана/Период' is: '1 кв. 2025 года'

26-05-2025T09:42:04 - [TEST_STEP][PASSED] - iy = m.indexOf("20"): null

26-05-2025T09:42:04 - [TEST_STEP][PASSED] - if (iy > -1): null

26-05-2025T09:42:04 - [TEST_STEP][PASSED] - y = substring(iy, iy + 4).toInteger(): null

26-05-2025T09:42:04 - [TEST_STEP][PASSED] - println(y): null

26-05-2025T09:42:04 - [TEST_STEP][PASSED] - if (toString().length() == 4): null

26-05-2025T09:42:04 - [TEST_STEP][PASSED] - m = m.substring(0, m.indexOf(y.toString())): null

26-05-2025T09:42:04 - [TEST_STEP][PASSED] - m = m.trim(): null

26-05-2025T09:42:04 - [TEST_STEP][PASSED] - if (m == ""): null

26-05-2025T09:42:04 - [TEST_STEP][PASSED] - dashboardName = "Выполнение бизнес-плана": null

26-05-2025T09:42:04 - [TEST_STEP][PASSED] - workbook01 = getWorkbook(excelFilePath): null

26-05-2025T09:42:04 - [TEST_STEP][PASSED] - sheet01 = getExcelSheet(workbook01, sheetName): null

26-05-2025T09:42:04 - [TEST_STEP][PASSED] - setValueToCellByIndex(sheet01, n, 0, dashboardName): null

26-05-2025T09:42:04 - [TEST_STEP][PASSED] - setValueToCellByIndex(sheet01, n, 1, dZO): null

26-05-2025T09:42:04 - [TEST_STEP][PASSED] - setValueToCellByIndex(sheet01, n, 2, typeOfData): null

26-05-2025T09:42:04 - [TEST_STEP][PASSED] - if (typeOfData == "Факт в процентах" || typeOfData == "План в процентах"): null

26-05-2025T09:42:04 - [TEST_STEP][PASSED] - setValueToCellByIndex(sheet01, n, 3, fileDouble): null

26-05-2025T09:42:04 - [TEST_STEP][PASSED] - setValueToCellByIndex(sheet01, n, 4, pageDouble): null

26-05-2025T09:42:04 - [TEST_STEP][PASSED] - setValueToCellByIndex(sheet01, n, 5, m): null

26-05-2025T09:42:04 - [TEST_STEP][PASSED] - setValueToCellByIndex(sheet01, n, 6, y): null

26-05-2025T09:42:04 - [TEST_STEP][PASSED] - setValueToCellByIndex(sheet01, n, 7, todaysDate): null

26-05-2025T09:42:04 - [TEST_STEP][PASSED] - n = n + 1: null

26-05-2025T09:42:04 - [TEST_STEP][PASSED] - saveWorkbook(excelFilePath, workbook01): null

26-05-2025T09:42:05 - [TEST_STEP][FAILED] - if (verifyEqual(numberOfErrors, 0) == false): null

26-05-2025T09:42:05 - [MESSAGE][FAILED] - Unable to verify equal between actual object '6' and expected object '0' (Root cause: com.kms.katalon.core.exception.StepFailedException: Actual object '6' and expected object '0' are not equal
	at com.kms.katalon.core.keyword.builtin.VerifyEqualKeyword$_verifyEqual_closure1.doCall(VerifyEqualKeyword.groovy:58)
	at com.kms.katalon.core.keyword.builtin.VerifyEqualKeyword$_verifyEqual_closure1.call(VerifyEqualKeyword.groovy)
	at com.kms.katalon.core.keyword.internal.KeywordMain.runKeyword(KeywordMain.groovy:75)
	at com.kms.katalon.core.keyword.builtin.VerifyEqualKeyword.verifyEqual(VerifyEqualKeyword.groovy:63)
	at com.kms.katalon.core.keyword.builtin.VerifyEqualKeyword.execute(VerifyEqualKeyword.groovy:44)
	at com.kms.katalon.core.keyword.internal.KeywordExecutor.executeKeywordForPlatform(KeywordExecutor.groovy:74)
	at com.kms.katalon.core.keyword.BuiltinKeywords.verifyEqual(BuiltinKeywords.groovy:146)
	at jdk.internal.reflect.GeneratedMethodAccessor23.invoke(Unknown Source)
	at java.base/jdk.internal.reflect.DelegatingMethodAccessorImpl.invoke(DelegatingMethodAccessorImpl.java:43)
	at Выполнение бизнес-плана Сверка ПАО Россети все филиалы.Numbers(Выполнение бизнес-плана Сверка ПАО Россети все филиалы:749)
	at Выполнение бизнес-плана Сверка ПАО Россети все филиалы.Filials(Выполнение бизнес-плана Сверка ПАО Россети все филиалы:1722)
	at Выполнение бизнес-плана Сверка ПАО Россети все филиалы.Numbers(Выполнение бизнес-плана Сверка ПАО Россети все филиалы:756)
	at Выполнение бизнес-плана Сверка ПАО Россети все филиалы.run(Выполнение бизнес-плана Сверка ПАО Россети все филиалы:395)
	at com.kms.katalon.core.main.ScriptEngine.run(ScriptEngine.java:194)
	at com.kms.katalon.core.main.ScriptEngine.runScriptAsRawText(ScriptEngine.java:119)
	at com.kms.katalon.core.main.TestCaseExecutor.runScript(TestCaseExecutor.java:448)
	at com.kms.katalon.core.main.TestCaseExecutor.doExecute(TestCaseExecutor.java:439)
	at com.kms.katalon.core.main.TestCaseExecutor.processExecutionPhase(TestCaseExecutor.java:418)
	at com.kms.katalon.core.main.TestCaseExecutor.accessMainPhase(TestCaseExecutor.java:410)
	at com.kms.katalon.core.main.TestCaseExecutor.execute(TestCaseExecutor.java:285)
	at com.kms.katalon.core.common.CommonExecutor.accessTestCaseMainPhase(CommonExecutor.java:65)
	at com.kms.katalon.core.main.TestSuiteExecutor.accessTestSuiteMainPhase(TestSuiteExecutor.java:150)
	at com.kms.katalon.core.main.TestSuiteExecutor.execute(TestSuiteExecutor.java:106)
	at com.kms.katalon.core.main.TestCaseMain.startTestSuite(TestCaseMain.java:180)
	at TempTestSuite1748228991768.run(TempTestSuite1748228991768.groovy:35)
	at java.base/jdk.internal.reflect.NativeMethodAccessorImpl.invoke0(Native Method)
	at java.base/jdk.internal.reflect.NativeMethodAccessorImpl.invoke(NativeMethodAccessorImpl.java:77)
	at java.base/jdk.internal.reflect.DelegatingMethodAccessorImpl.invoke(DelegatingMethodAccessorImpl.java:43)
)

26-05-2025T09:42:05 - [TEST_STEP][PASSED] - println(numberOfErrors): null

26-05-2025T09:42:05 - [TEST_STEP][PASSED] - println("a=" + a): null

26-05-2025T09:42:05 - [TEST_STEP][PASSED] - if (a == 28 || a == 77 || a == 74 || a == 65 || a == 36 || a == 44 || a == 54 || a == 1 || a == 18 || a == 59): null

26-05-2025T09:42:05 - [TEST_STEP][PASSED] - if (a == 82): null

26-05-2025T09:42:05 - [TEST_STEP][PASSED] - dZO = "Астраханьэнерго": null

26-05-2025T09:42:05 - [TEST_STEP][PASSED] - a = 60: null

26-05-2025T09:42:05 - [TEST_STEP][PASSED] - if (x2.contains(dZO)): null

26-05-2025T09:42:05 - [TEST_STEP][PASSED] - filialNum = filialNum + 1: null

26-05-2025T09:42:05 - [TEST_STEP][PASSED] - Script1718980020443.Numbers(a, typeOfData, todaysDate, pageInt, fileInt, pageDouble, fileDouble, dZO, dzoNum, filialNum): null

26-05-2025T09:42:05 - [TEST_STEP][PASSED] - println(dzoNum): null

26-05-2025T09:42:05 - [TEST_STEP][PASSED] - planFact = <not implemented yet for class: org.codehaus.groovy.ast.expr.EmptyExpression>: null

26-05-2025T09:42:05 - [TEST_STEP][PASSED] - page = <not implemented yet for class: org.codehaus.groovy.ast.expr.EmptyExpression>: null

26-05-2025T09:42:05 - [TEST_STEP][PASSED] - page1 = <not implemented yet for class: org.codehaus.groovy.ast.expr.EmptyExpression>: null

26-05-2025T09:42:05 - [TEST_STEP][PASSED] - page2 = <not implemented yet for class: org.codehaus.groovy.ast.expr.EmptyExpression>: null

26-05-2025T09:42:05 - [TEST_STEP][PASSED] - filialNumberInRow = <not implemented yet for class: org.codehaus.groovy.ast.expr.EmptyExpression>: null

26-05-2025T09:42:05 - [TEST_STEP][PASSED] - filialsDzoNames = <not implemented yet for class: org.codehaus.groovy.ast.expr.EmptyExpression>: null

26-05-2025T09:42:05 - [TEST_STEP][PASSED] - numberOfFilials = <not implemented yet for class: org.codehaus.groovy.ast.expr.EmptyExpression>: null

26-05-2025T09:42:05 - [TEST_STEP][PASSED] - numberOfSpaces = <not implemented yet for class: org.codehaus.groovy.ast.expr.EmptyExpression>: null

26-05-2025T09:42:05 - [TEST_STEP][PASSED] - file = <not implemented yet for class: org.codehaus.groovy.ast.expr.EmptyExpression>: null

26-05-2025T09:42:05 - [TEST_STEP][PASSED] - otpusk = <not implemented yet for class: org.codehaus.groovy.ast.expr.EmptyExpression>: null

26-05-2025T09:42:05 - [TEST_STEP][PASSED] - poteri = <not implemented yet for class: org.codehaus.groovy.ast.expr.EmptyExpression>: null

26-05-2025T09:42:05 - [TEST_STEP][PASSED] - dataFolder = "Выполнение бизнес-плана/Значения со страницы Выполнение бизнес-плана/": null

26-05-2025T09:42:05 - [TEST_STEP][PASSED] - path = <not implemented yet for class: org.codehaus.groovy.ast.expr.EmptyExpression>: null

26-05-2025T09:42:05 - [TEST_STEP][PASSED] - typeOfDataMain = <not implemented yet for class: org.codehaus.groovy.ast.expr.EmptyExpression>: null

26-05-2025T09:42:05 - [TEST_STEP][PASSED] - fileOtpuskVSet = <not implemented yet for class: org.codehaus.groovy.ast.expr.EmptyExpression>: null

26-05-2025T09:42:05 - [TEST_STEP][PASSED] - pageOtpuskVSet = <not implemented yet for class: org.codehaus.groovy.ast.expr.EmptyExpression>: null

26-05-2025T09:42:05 - [TEST_STEP][PASSED] - filePoteri = <not implemented yet for class: org.codehaus.groovy.ast.expr.EmptyExpression>: null

26-05-2025T09:42:05 - [TEST_STEP][PASSED] - pagePoteri = <not implemented yet for class: org.codehaus.groovy.ast.expr.EmptyExpression>: null

26-05-2025T09:42:05 - [TEST_STEP][PASSED] - compare = <not implemented yet for class: org.codehaus.groovy.ast.expr.EmptyExpression>: null

26-05-2025T09:42:05 - [TEST_STEP][PASSED] - b = <not implemented yet for class: org.codehaus.groovy.ast.expr.EmptyExpression>: null

26-05-2025T09:42:05 - [TEST_STEP][PASSED] - i = <not implemented yet for class: org.codehaus.groovy.ast.expr.EmptyExpression>: null

26-05-2025T09:42:05 - [TEST_STEP][PASSED] - ii = <not implemented yet for class: org.codehaus.groovy.ast.expr.EmptyExpression>: null

26-05-2025T09:42:05 - [TEST_STEP][PASSED] - c = <not implemented yet for class: org.codehaus.groovy.ast.expr.EmptyExpression>: null

26-05-2025T09:42:05 - [TEST_STEP][PASSED] - numberOfErrors = 0: null

26-05-2025T09:42:05 - [TEST_STEP][PASSED] - if (a == 82): null

26-05-2025T09:42:05 - [TEST_STEP][PASSED] - b = findTestData("PlanFact").getValue(1, a): null

26-05-2025T09:42:05 - [TEST_STEP][PASSED] - i = b.indexOf(" (ГК)"): null

26-05-2025T09:42:05 - [TEST_STEP][PASSED] - if (i > -1): null

26-05-2025T09:42:05 - [TEST_STEP][PASSED] - i = b.indexOf("О ""): null

26-05-2025T09:42:05 - [TEST_STEP][PASSED] - if (i > -1): null

26-05-2025T09:42:05 - [TEST_STEP][PASSED] - i = b.indexOf("О «"): null

26-05-2025T09:42:05 - [TEST_STEP][PASSED] - if (i > -1): null

26-05-2025T09:42:05 - [TEST_STEP][PASSED] - i = b.indexOf("г. "): null

26-05-2025T09:42:05 - [TEST_STEP][PASSED] - if (i > -1): null

26-05-2025T09:42:05 - [TEST_STEP][PASSED] - b = b.trim(): null

26-05-2025T09:42:05 - [TEST_STEP][PASSED] - println(b): null

26-05-2025T09:42:05 - [TEST_STEP][PASSED] - for ([planFact = 1, planFact < 3, (planFact++)]): null

26-05-2025T09:42:05 - [TEST_STEP][PASSED] - if (planFact == 1): null

26-05-2025T09:42:05 - [TEST_STEP][PASSED] - typeOfDataMain = "Факт": null

26-05-2025T09:42:05 - [TEST_STEP][PASSED] - otpusk = findTestData("PlanFact").getValue(5, a): null

26-05-2025T09:42:05 - [TEST_STEP][PASSED] - poteri = findTestData("PlanFact").getValue(6, a): null

26-05-2025T09:42:05 - [TEST_STEP][PASSED] - otpusk = otpusk.replaceAll("\s+", ""): null

26-05-2025T09:42:05 - [TEST_STEP][PASSED] - poteri = poteri.replaceAll("\s+", ""): null

26-05-2025T09:42:05 - [TEST_STEP][PASSED] - typeOfData = typeOfDataMain + " Отпуск в сеть": null

26-05-2025T09:42:05 - [TEST_STEP][PASSED] - if (a == 82): null

26-05-2025T09:42:05 - [TEST_STEP][PASSED] - else if (a == 84): null

26-05-2025T09:42:05 - [TEST_STEP][PASSED] - else if (a == 83 || a == 52 || a == 72 || a == 28 || a == 73 || a == 77 || a == 74 || a == 65 || a == 36 || a == 44 || a == 53 || a == 80 || a == 54 || a == 1 || a == 18 || a == 59 || a == 81): null

26-05-2025T09:42:05 - [TEST_STEP][PASSED] - else: null

26-05-2025T09:42:05 - [TEST_STEP][PASSED] - path = dataFolder + typeOfData + " за отчётный период " + b: null

26-05-2025T09:42:05 - [TEST_STEP][PASSED] - println(path): null

26-05-2025T09:42:05 - [TEST_STEP][PASSED] - page = getText(findTestObject(path)): Text of object 'Object Repository/Выполнение бизнес-плана/Значения со страницы Выполнение бизнес-плана/Факт Отпуск в сеть за отчётный период Астраханьэнерго' is: '312 576'

26-05-2025T09:42:05 - [MESSAGE][PASSED] - Text of object 'Object Repository/Выполнение бизнес-плана/Значения со страницы Выполнение бизнес-плана/Факт Отпуск в сеть за отчётный период Астраханьэнерго' is: '312 576'

26-05-2025T09:42:05 - [TEST_STEP][PASSED] - if (page == "" || page == null): null

26-05-2025T09:42:05 - [TEST_STEP][PASSED] - else: null

26-05-2025T09:42:05 - [TEST_STEP][PASSED] - page = page.replaceAll("\s+", ""): null

26-05-2025T09:42:05 - [TEST_STEP][PASSED] - if (page == "undefined"): null

26-05-2025T09:42:05 - [TEST_STEP][PASSED] - fileOtpuskVSet = otpusk.toInteger(): null

26-05-2025T09:42:05 - [TEST_STEP][PASSED] - pageOtpuskVSet = page.toInteger(): null

26-05-2025T09:42:05 - [TEST_STEP][PASSED] - typeOfData = typeOfDataMain + " Потери": null

26-05-2025T09:42:05 - [TEST_STEP][PASSED] - if (a == 82): null

26-05-2025T09:42:05 - [TEST_STEP][PASSED] - else if (a == 84): null

26-05-2025T09:42:05 - [TEST_STEP][PASSED] - else if (a == 83 || a == 52 || a == 72 || a == 28 || a == 73 || a == 77 || a == 74 || a == 65 || a == 36 || a == 44 || a == 53 || a == 80 || a == 54 || a == 1 || a == 18 || a == 59 || a == 81): null

26-05-2025T09:42:05 - [TEST_STEP][PASSED] - else: null

26-05-2025T09:42:05 - [TEST_STEP][PASSED] - path = dataFolder + typeOfData + " за отчётный период " + b: null

26-05-2025T09:42:05 - [TEST_STEP][PASSED] - page = getText(findTestObject(path)): Text of object 'Object Repository/Выполнение бизнес-плана/Значения со страницы Выполнение бизнес-плана/Факт Потери за отчётный период Астраханьэнерго' is: '55 661'

26-05-2025T09:42:05 - [MESSAGE][PASSED] - Text of object 'Object Repository/Выполнение бизнес-плана/Значения со страницы Выполнение бизнес-плана/Факт Потери за отчётный период Астраханьэнерго' is: '55 661'

26-05-2025T09:42:05 - [TEST_STEP][PASSED] - if (page == "" || page == null): null

26-05-2025T09:42:05 - [TEST_STEP][PASSED] - else: null

26-05-2025T09:42:05 - [TEST_STEP][PASSED] - page = page.replaceAll("\s+", ""): null

26-05-2025T09:42:05 - [TEST_STEP][PASSED] - if (page == "undefined"): null

26-05-2025T09:42:05 - [TEST_STEP][PASSED] - filePoteri = poteri.toInteger(): null

26-05-2025T09:42:05 - [TEST_STEP][PASSED] - pagePoteri = page.toInteger(): null

26-05-2025T09:42:05 - [TEST_STEP][PASSED] - compare = pageOtpuskVSet: null

26-05-2025T09:42:05 - [TEST_STEP][PASSED] - if (pageOtpuskVSet != null): null

26-05-2025T09:42:05 - [TEST_STEP][PASSED] - if (compare == fileOtpuskVSet): null

26-05-2025T09:42:05 - [TEST_STEP][PASSED] - else if (compare > fileOtpuskVSet): null

26-05-2025T09:42:05 - [TEST_STEP][PASSED] - else if (compare < fileOtpuskVSet): null

26-05-2025T09:42:05 - [TEST_STEP][PASSED] - compare = compare + 1: null

26-05-2025T09:42:05 - [TEST_STEP][PASSED] - if (compare == fileOtpuskVSet): null

26-05-2025T09:42:05 - [TEST_STEP][PASSED] - else: null

26-05-2025T09:42:05 - [TEST_STEP][PASSED] - numberOfErrors = numberOfErrors + 1: null

26-05-2025T09:42:05 - [TEST_STEP][PASSED] - pageInt = pageOtpuskVSet: null

26-05-2025T09:42:05 - [TEST_STEP][PASSED] - fileInt = fileOtpuskVSet: null

26-05-2025T09:42:05 - [TEST_STEP][PASSED] - typeOfData = typeOfDataMain + " Отпуск в сеть": null

26-05-2025T09:42:05 - [TEST_STEP][PASSED] - Script1718980020443.WriteToExcel(a, typeOfData, todaysDate, pageInt, fileInt, pageDouble, fileDouble, dZO): null

26-05-2025T09:42:05 - [TEST_STEP][PASSED] - sheetName = "Sheet1": null

26-05-2025T09:42:05 - [TEST_STEP][PASSED] - data = findTestData("PlanFact"): null

26-05-2025T09:42:05 - [TEST_STEP][PASSED] - n = data.getRowNumbers() + 1: null

26-05-2025T09:42:05 - [TEST_STEP][PASSED] - day = ")).toInteger(): null

26-05-2025T09:42:05 - [TEST_STEP][PASSED] - println(day): null

26-05-2025T09:42:05 - [TEST_STEP][PASSED] - month = ")).toInteger(): null

26-05-2025T09:42:05 - [TEST_STEP][PASSED] - println(month): null

26-05-2025T09:42:05 - [TEST_STEP][PASSED] - y = <not implemented yet for class: org.codehaus.groovy.ast.expr.EmptyExpression>: null

26-05-2025T09:42:05 - [TEST_STEP][PASSED] - iy = <not implemented yet for class: org.codehaus.groovy.ast.expr.EmptyExpression>: null

26-05-2025T09:42:05 - [TEST_STEP][PASSED] - m = getText(findTestObject("Выполнение бизнес-плана/Период")): Text of object 'Object Repository/Выполнение бизнес-плана/Период' is: '1 кв. 2025 года'

26-05-2025T09:42:06 - [MESSAGE][PASSED] - Text of object 'Object Repository/Выполнение бизнес-плана/Период' is: '1 кв. 2025 года'

26-05-2025T09:42:06 - [TEST_STEP][PASSED] - iy = m.indexOf("20"): null

26-05-2025T09:42:06 - [TEST_STEP][PASSED] - if (iy > -1): null

26-05-2025T09:42:06 - [TEST_STEP][PASSED] - y = substring(iy, iy + 4).toInteger(): null

26-05-2025T09:42:06 - [TEST_STEP][PASSED] - println(y): null

26-05-2025T09:42:06 - [TEST_STEP][PASSED] - if (toString().length() == 4): null

26-05-2025T09:42:06 - [TEST_STEP][PASSED] - m = m.substring(0, m.indexOf(y.toString())): null

26-05-2025T09:42:06 - [TEST_STEP][PASSED] - m = m.trim(): null

26-05-2025T09:42:06 - [TEST_STEP][PASSED] - if (m == ""): null

26-05-2025T09:42:06 - [TEST_STEP][PASSED] - dashboardName = "Выполнение бизнес-плана": null

26-05-2025T09:42:06 - [TEST_STEP][PASSED] - workbook01 = getWorkbook(excelFilePath): null

26-05-2025T09:42:06 - [TEST_STEP][PASSED] - sheet01 = getExcelSheet(workbook01, sheetName): null

26-05-2025T09:42:06 - [TEST_STEP][PASSED] - setValueToCellByIndex(sheet01, n, 0, dashboardName): null

26-05-2025T09:42:06 - [TEST_STEP][PASSED] - setValueToCellByIndex(sheet01, n, 1, dZO): null

26-05-2025T09:42:06 - [TEST_STEP][PASSED] - setValueToCellByIndex(sheet01, n, 2, typeOfData): null

26-05-2025T09:42:06 - [TEST_STEP][PASSED] - if (typeOfData == "Факт в процентах" || typeOfData == "План в процентах"): null

26-05-2025T09:42:06 - [TEST_STEP][PASSED] - else: null

26-05-2025T09:42:06 - [TEST_STEP][PASSED] - setValueToCellByIndex(sheet01, n, 3, fileInt): null

26-05-2025T09:42:06 - [TEST_STEP][PASSED] - setValueToCellByIndex(sheet01, n, 4, pageInt): null

26-05-2025T09:42:06 - [TEST_STEP][PASSED] - setValueToCellByIndex(sheet01, n, 5, m): null

26-05-2025T09:42:06 - [TEST_STEP][PASSED] - setValueToCellByIndex(sheet01, n, 6, y): null

26-05-2025T09:42:06 - [TEST_STEP][PASSED] - setValueToCellByIndex(sheet01, n, 7, todaysDate): null

26-05-2025T09:42:06 - [TEST_STEP][PASSED] - n = n + 1: null

26-05-2025T09:42:06 - [TEST_STEP][PASSED] - saveWorkbook(excelFilePath, workbook01): null

26-05-2025T09:42:06 - [TEST_STEP][PASSED] - compare = pagePoteri: null

26-05-2025T09:42:06 - [TEST_STEP][PASSED] - if (pageOtpuskVSet != null): null

26-05-2025T09:42:06 - [TEST_STEP][PASSED] - if (compare == filePoteri): null

26-05-2025T09:42:06 - [TEST_STEP][PASSED] - else if (compare > filePoteri): null

26-05-2025T09:42:06 - [TEST_STEP][PASSED] - else if (compare < filePoteri): null

26-05-2025T09:42:06 - [TEST_STEP][PASSED] - compare = compare + 1: null

26-05-2025T09:42:06 - [TEST_STEP][PASSED] - if (compare == filePoteri): null

26-05-2025T09:42:06 - [TEST_STEP][PASSED] - else: null

26-05-2025T09:42:06 - [TEST_STEP][PASSED] - numberOfErrors = numberOfErrors + 1: null

26-05-2025T09:42:06 - [TEST_STEP][PASSED] - pageInt = pagePoteri: null

26-05-2025T09:42:06 - [TEST_STEP][PASSED] - fileInt = filePoteri: null

26-05-2025T09:42:06 - [TEST_STEP][PASSED] - typeOfData = typeOfDataMain + " Потери": null

26-05-2025T09:42:06 - [TEST_STEP][PASSED] - Script1718980020443.WriteToExcel(a, typeOfData, todaysDate, pageInt, fileInt, pageDouble, fileDouble, dZO): null

26-05-2025T09:42:06 - [TEST_STEP][PASSED] - sheetName = "Sheet1": null

26-05-2025T09:42:06 - [TEST_STEP][PASSED] - data = findTestData("PlanFact"): null

26-05-2025T09:42:06 - [TEST_STEP][PASSED] - n = data.getRowNumbers() + 1: null

26-05-2025T09:42:06 - [TEST_STEP][PASSED] - day = ")).toInteger(): null

26-05-2025T09:42:06 - [TEST_STEP][PASSED] - println(day): null

26-05-2025T09:42:06 - [TEST_STEP][PASSED] - month = ")).toInteger(): null

26-05-2025T09:42:06 - [TEST_STEP][PASSED] - println(month): null

26-05-2025T09:42:06 - [TEST_STEP][PASSED] - y = <not implemented yet for class: org.codehaus.groovy.ast.expr.EmptyExpression>: null

26-05-2025T09:42:06 - [TEST_STEP][PASSED] - iy = <not implemented yet for class: org.codehaus.groovy.ast.expr.EmptyExpression>: null

26-05-2025T09:42:06 - [TEST_STEP][PASSED] - m = getText(findTestObject("Выполнение бизнес-плана/Период")): Text of object 'Object Repository/Выполнение бизнес-плана/Период' is: '1 кв. 2025 года'

26-05-2025T09:42:06 - [MESSAGE][PASSED] - Text of object 'Object Repository/Выполнение бизнес-плана/Период' is: '1 кв. 2025 года'

26-05-2025T09:42:06 - [TEST_STEP][PASSED] - iy = m.indexOf("20"): null

26-05-2025T09:42:06 - [TEST_STEP][PASSED] - if (iy > -1): null

26-05-2025T09:42:06 - [TEST_STEP][PASSED] - y = substring(iy, iy + 4).toInteger(): null

26-05-2025T09:42:06 - [TEST_STEP][PASSED] - println(y): null

26-05-2025T09:42:06 - [TEST_STEP][PASSED] - if (toString().length() == 4): null

26-05-2025T09:42:06 - [TEST_STEP][PASSED] - m = m.substring(0, m.indexOf(y.toString())): null

26-05-2025T09:42:06 - [TEST_STEP][PASSED] - m = m.trim(): null

26-05-2025T09:42:06 - [TEST_STEP][PASSED] - if (m == ""): null

26-05-2025T09:42:06 - [TEST_STEP][PASSED] - dashboardName = "Выполнение бизнес-плана": null

26-05-2025T09:42:06 - [TEST_STEP][PASSED] - workbook01 = getWorkbook(excelFilePath): null

26-05-2025T09:42:06 - [TEST_STEP][PASSED] - sheet01 = getExcelSheet(workbook01, sheetName): null

26-05-2025T09:42:06 - [TEST_STEP][PASSED] - setValueToCellByIndex(sheet01, n, 0, dashboardName): null

26-05-2025T09:42:06 - [TEST_STEP][PASSED] - setValueToCellByIndex(sheet01, n, 1, dZO): null

26-05-2025T09:42:06 - [TEST_STEP][PASSED] - setValueToCellByIndex(sheet01, n, 2, typeOfData): null

26-05-2025T09:42:06 - [TEST_STEP][PASSED] - if (typeOfData == "Факт в процентах" || typeOfData == "План в процентах"): null

26-05-2025T09:42:06 - [TEST_STEP][PASSED] - else: null

26-05-2025T09:42:06 - [TEST_STEP][PASSED] - setValueToCellByIndex(sheet01, n, 3, fileInt): null

26-05-2025T09:42:06 - [TEST_STEP][PASSED] - setValueToCellByIndex(sheet01, n, 4, pageInt): null

26-05-2025T09:42:06 - [TEST_STEP][PASSED] - setValueToCellByIndex(sheet01, n, 5, m): null

26-05-2025T09:42:06 - [TEST_STEP][PASSED] - setValueToCellByIndex(sheet01, n, 6, y): null

26-05-2025T09:42:06 - [TEST_STEP][PASSED] - setValueToCellByIndex(sheet01, n, 7, todaysDate): null

26-05-2025T09:42:06 - [TEST_STEP][PASSED] - n = n + 1: null

26-05-2025T09:42:06 - [TEST_STEP][PASSED] - saveWorkbook(excelFilePath, workbook01): null

26-05-2025T09:42:07 - [TEST_STEP][PASSED] - if (planFact == 2): null

26-05-2025T09:42:07 - [TEST_STEP][PASSED] - if (planFact == 1): null

26-05-2025T09:42:07 - [TEST_STEP][PASSED] - else if (planFact == 2): null

26-05-2025T09:42:07 - [TEST_STEP][PASSED] - click(findTestObject("Выполнение бизнес-плана/Кнопка План")): Object: 'Object Repository/Выполнение бизнес-плана/Кнопка План' is clicked on

26-05-2025T09:42:07 - [MESSAGE][PASSED] - Object: 'Object Repository/Выполнение бизнес-плана/Кнопка План' is clicked on

26-05-2025T09:42:07 - [TEST_STEP][PASSED] - typeOfDataMain = "План": null

26-05-2025T09:42:07 - [TEST_STEP][PASSED] - otpusk = findTestData("PlanFact").getValue(2, a): null

26-05-2025T09:42:07 - [TEST_STEP][PASSED] - poteri = findTestData("PlanFact").getValue(3, a): null

26-05-2025T09:42:07 - [TEST_STEP][PASSED] - otpusk = otpusk.replaceAll("\s+", ""): null

26-05-2025T09:42:07 - [TEST_STEP][PASSED] - poteri = poteri.replaceAll("\s+", ""): null

26-05-2025T09:42:07 - [TEST_STEP][PASSED] - typeOfData = typeOfDataMain + " Отпуск в сеть": null

26-05-2025T09:42:07 - [TEST_STEP][PASSED] - if (a == 82): null

26-05-2025T09:42:07 - [TEST_STEP][PASSED] - else if (a == 84): null

26-05-2025T09:42:07 - [TEST_STEP][PASSED] - else if (a == 83 || a == 52 || a == 72 || a == 28 || a == 73 || a == 77 || a == 74 || a == 65 || a == 36 || a == 44 || a == 53 || a == 80 || a == 54 || a == 1 || a == 18 || a == 59 || a == 81): null

26-05-2025T09:42:07 - [TEST_STEP][PASSED] - else: null

26-05-2025T09:42:07 - [TEST_STEP][PASSED] - path = dataFolder + typeOfData + " за отчётный период " + b: null

26-05-2025T09:42:07 - [TEST_STEP][PASSED] - println(path): null

26-05-2025T09:42:07 - [TEST_STEP][PASSED] - page = getText(findTestObject(path)): Text of object 'Object Repository/Выполнение бизнес-плана/Значения со страницы Выполнение бизнес-плана/План Отпуск в сеть за отчётный период Астраханьэнерго' is: '326 394'

26-05-2025T09:42:07 - [MESSAGE][PASSED] - Text of object 'Object Repository/Выполнение бизнес-плана/Значения со страницы Выполнение бизнес-плана/План Отпуск в сеть за отчётный период Астраханьэнерго' is: '326 394'

26-05-2025T09:42:07 - [TEST_STEP][PASSED] - if (page == "" || page == null): null

26-05-2025T09:42:07 - [TEST_STEP][PASSED] - else: null

26-05-2025T09:42:07 - [TEST_STEP][PASSED] - page = page.replaceAll("\s+", ""): null

26-05-2025T09:42:07 - [TEST_STEP][PASSED] - if (page == "undefined"): null

26-05-2025T09:42:07 - [TEST_STEP][PASSED] - fileOtpuskVSet = otpusk.toInteger(): null

26-05-2025T09:42:07 - [TEST_STEP][PASSED] - pageOtpuskVSet = page.toInteger(): null

26-05-2025T09:42:07 - [TEST_STEP][PASSED] - typeOfData = typeOfDataMain + " Потери": null

26-05-2025T09:42:07 - [TEST_STEP][PASSED] - if (a == 82): null

26-05-2025T09:42:07 - [TEST_STEP][PASSED] - else if (a == 84): null

26-05-2025T09:42:07 - [TEST_STEP][PASSED] - else if (a == 83 || a == 52 || a == 72 || a == 28 || a == 73 || a == 77 || a == 74 || a == 65 || a == 36 || a == 44 || a == 53 || a == 80 || a == 54 || a == 1 || a == 18 || a == 59 || a == 81): null

26-05-2025T09:42:07 - [TEST_STEP][PASSED] - else: null

26-05-2025T09:42:07 - [TEST_STEP][PASSED] - path = dataFolder + typeOfData + " за отчётный период " + b: null

26-05-2025T09:42:07 - [TEST_STEP][PASSED] - page = getText(findTestObject(path)): Text of object 'Object Repository/Выполнение бизнес-плана/Значения со страницы Выполнение бизнес-плана/План Потери за отчётный период Астраханьэнерго' is: '69 325'

26-05-2025T09:42:08 - [MESSAGE][PASSED] - Text of object 'Object Repository/Выполнение бизнес-плана/Значения со страницы Выполнение бизнес-плана/План Потери за отчётный период Астраханьэнерго' is: '69 325'

26-05-2025T09:42:08 - [TEST_STEP][PASSED] - if (page == "" || page == null): null

26-05-2025T09:42:08 - [TEST_STEP][PASSED] - else: null

26-05-2025T09:42:08 - [TEST_STEP][PASSED] - page = page.replaceAll("\s+", ""): null

26-05-2025T09:42:08 - [TEST_STEP][PASSED] - if (page == "undefined"): null

26-05-2025T09:42:08 - [TEST_STEP][PASSED] - filePoteri = poteri.toInteger(): null

26-05-2025T09:42:08 - [TEST_STEP][PASSED] - pagePoteri = page.toInteger(): null

26-05-2025T09:42:08 - [TEST_STEP][PASSED] - compare = pageOtpuskVSet: null

26-05-2025T09:42:08 - [TEST_STEP][PASSED] - if (pageOtpuskVSet != null): null

26-05-2025T09:42:08 - [TEST_STEP][PASSED] - if (compare == fileOtpuskVSet): null

26-05-2025T09:42:08 - [TEST_STEP][PASSED] - else if (compare > fileOtpuskVSet): null

26-05-2025T09:42:08 - [TEST_STEP][PASSED] - else if (compare < fileOtpuskVSet): null

26-05-2025T09:42:08 - [TEST_STEP][PASSED] - compare = compare + 1: null

26-05-2025T09:42:08 - [TEST_STEP][PASSED] - if (compare == fileOtpuskVSet): null

26-05-2025T09:42:08 - [TEST_STEP][PASSED] - else: null

26-05-2025T09:42:08 - [TEST_STEP][PASSED] - numberOfErrors = numberOfErrors + 1: null

26-05-2025T09:42:08 - [TEST_STEP][PASSED] - pageInt = pageOtpuskVSet: null

26-05-2025T09:42:08 - [TEST_STEP][PASSED] - fileInt = fileOtpuskVSet: null

26-05-2025T09:42:08 - [TEST_STEP][PASSED] - typeOfData = typeOfDataMain + " Отпуск в сеть": null

26-05-2025T09:42:08 - [TEST_STEP][PASSED] - Script1718980020443.WriteToExcel(a, typeOfData, todaysDate, pageInt, fileInt, pageDouble, fileDouble, dZO): null

26-05-2025T09:42:08 - [TEST_STEP][PASSED] - sheetName = "Sheet1": null

26-05-2025T09:42:08 - [TEST_STEP][PASSED] - data = findTestData("PlanFact"): null

26-05-2025T09:42:08 - [TEST_STEP][PASSED] - n = data.getRowNumbers() + 1: null

26-05-2025T09:42:08 - [TEST_STEP][PASSED] - day = ")).toInteger(): null

26-05-2025T09:42:08 - [TEST_STEP][PASSED] - println(day): null

26-05-2025T09:42:08 - [TEST_STEP][PASSED] - month = ")).toInteger(): null

26-05-2025T09:42:08 - [TEST_STEP][PASSED] - println(month): null

26-05-2025T09:42:08 - [TEST_STEP][PASSED] - y = <not implemented yet for class: org.codehaus.groovy.ast.expr.EmptyExpression>: null

26-05-2025T09:42:08 - [TEST_STEP][PASSED] - iy = <not implemented yet for class: org.codehaus.groovy.ast.expr.EmptyExpression>: null

26-05-2025T09:42:08 - [TEST_STEP][PASSED] - m = getText(findTestObject("Выполнение бизнес-плана/Период")): Text of object 'Object Repository/Выполнение бизнес-плана/Период' is: '1 кв. 2025 года'

26-05-2025T09:42:08 - [MESSAGE][PASSED] - Text of object 'Object Repository/Выполнение бизнес-плана/Период' is: '1 кв. 2025 года'

26-05-2025T09:42:08 - [TEST_STEP][PASSED] - iy = m.indexOf("20"): null

26-05-2025T09:42:08 - [TEST_STEP][PASSED] - if (iy > -1): null

26-05-2025T09:42:08 - [TEST_STEP][PASSED] - y = substring(iy, iy + 4).toInteger(): null

26-05-2025T09:42:08 - [TEST_STEP][PASSED] - println(y): null

26-05-2025T09:42:08 - [TEST_STEP][PASSED] - if (toString().length() == 4): null

26-05-2025T09:42:08 - [TEST_STEP][PASSED] - m = m.substring(0, m.indexOf(y.toString())): null

26-05-2025T09:42:08 - [TEST_STEP][PASSED] - m = m.trim(): null

26-05-2025T09:42:08 - [TEST_STEP][PASSED] - if (m == ""): null

26-05-2025T09:42:08 - [TEST_STEP][PASSED] - dashboardName = "Выполнение бизнес-плана": null

26-05-2025T09:42:08 - [TEST_STEP][PASSED] - workbook01 = getWorkbook(excelFilePath): null

26-05-2025T09:42:08 - [TEST_STEP][PASSED] - sheet01 = getExcelSheet(workbook01, sheetName): null

26-05-2025T09:42:08 - [TEST_STEP][PASSED] - setValueToCellByIndex(sheet01, n, 0, dashboardName): null

26-05-2025T09:42:08 - [TEST_STEP][PASSED] - setValueToCellByIndex(sheet01, n, 1, dZO): null

26-05-2025T09:42:08 - [TEST_STEP][PASSED] - setValueToCellByIndex(sheet01, n, 2, typeOfData): null

26-05-2025T09:42:08 - [TEST_STEP][PASSED] - if (typeOfData == "Факт в процентах" || typeOfData == "План в процентах"): null

26-05-2025T09:42:08 - [TEST_STEP][PASSED] - else: null

26-05-2025T09:42:08 - [TEST_STEP][PASSED] - setValueToCellByIndex(sheet01, n, 3, fileInt): null

26-05-2025T09:42:08 - [TEST_STEP][PASSED] - setValueToCellByIndex(sheet01, n, 4, pageInt): null

26-05-2025T09:42:08 - [TEST_STEP][PASSED] - setValueToCellByIndex(sheet01, n, 5, m): null

26-05-2025T09:42:08 - [TEST_STEP][PASSED] - setValueToCellByIndex(sheet01, n, 6, y): null

26-05-2025T09:42:08 - [TEST_STEP][PASSED] - setValueToCellByIndex(sheet01, n, 7, todaysDate): null

26-05-2025T09:42:08 - [TEST_STEP][PASSED] - n = n + 1: null

26-05-2025T09:42:08 - [TEST_STEP][PASSED] - saveWorkbook(excelFilePath, workbook01): null

26-05-2025T09:42:08 - [TEST_STEP][PASSED] - compare = pagePoteri: null

26-05-2025T09:42:08 - [TEST_STEP][PASSED] - if (pageOtpuskVSet != null): null

26-05-2025T09:42:08 - [TEST_STEP][PASSED] - if (compare == filePoteri): null

26-05-2025T09:42:08 - [TEST_STEP][PASSED] - else if (compare > filePoteri): null

26-05-2025T09:42:08 - [TEST_STEP][PASSED] - else if (compare < filePoteri): null

26-05-2025T09:42:08 - [TEST_STEP][PASSED] - compare = compare + 1: null

26-05-2025T09:42:08 - [TEST_STEP][PASSED] - if (compare == filePoteri): null

26-05-2025T09:42:08 - [TEST_STEP][PASSED] - else: null

26-05-2025T09:42:08 - [TEST_STEP][PASSED] - numberOfErrors = numberOfErrors + 1: null

26-05-2025T09:42:08 - [TEST_STEP][PASSED] - pageInt = pagePoteri: null

26-05-2025T09:42:08 - [TEST_STEP][PASSED] - fileInt = filePoteri: null

26-05-2025T09:42:08 - [TEST_STEP][PASSED] - typeOfData = typeOfDataMain + " Потери": null

26-05-2025T09:42:08 - [TEST_STEP][PASSED] - Script1718980020443.WriteToExcel(a, typeOfData, todaysDate, pageInt, fileInt, pageDouble, fileDouble, dZO): null

26-05-2025T09:42:08 - [TEST_STEP][PASSED] - sheetName = "Sheet1": null

26-05-2025T09:42:08 - [TEST_STEP][PASSED] - data = findTestData("PlanFact"): null

26-05-2025T09:42:08 - [TEST_STEP][PASSED] - n = data.getRowNumbers() + 1: null

26-05-2025T09:42:08 - [TEST_STEP][PASSED] - day = ")).toInteger(): null

26-05-2025T09:42:08 - [TEST_STEP][PASSED] - println(day): null

26-05-2025T09:42:08 - [TEST_STEP][PASSED] - month = ")).toInteger(): null

26-05-2025T09:42:08 - [TEST_STEP][PASSED] - println(month): null

26-05-2025T09:42:08 - [TEST_STEP][PASSED] - y = <not implemented yet for class: org.codehaus.groovy.ast.expr.EmptyExpression>: null

26-05-2025T09:42:08 - [TEST_STEP][PASSED] - iy = <not implemented yet for class: org.codehaus.groovy.ast.expr.EmptyExpression>: null

26-05-2025T09:42:08 - [TEST_STEP][PASSED] - m = getText(findTestObject("Выполнение бизнес-плана/Период")): Text of object 'Object Repository/Выполнение бизнес-плана/Период' is: '1 кв. 2025 года'

26-05-2025T09:42:09 - [MESSAGE][PASSED] - Text of object 'Object Repository/Выполнение бизнес-плана/Период' is: '1 кв. 2025 года'

26-05-2025T09:42:09 - [TEST_STEP][PASSED] - iy = m.indexOf("20"): null

26-05-2025T09:42:09 - [TEST_STEP][PASSED] - if (iy > -1): null

26-05-2025T09:42:09 - [TEST_STEP][PASSED] - y = substring(iy, iy + 4).toInteger(): null

26-05-2025T09:42:09 - [TEST_STEP][PASSED] - println(y): null

26-05-2025T09:42:09 - [TEST_STEP][PASSED] - if (toString().length() == 4): null

26-05-2025T09:42:09 - [TEST_STEP][PASSED] - m = m.substring(0, m.indexOf(y.toString())): null

26-05-2025T09:42:09 - [TEST_STEP][PASSED] - m = m.trim(): null

26-05-2025T09:42:09 - [TEST_STEP][PASSED] - if (m == ""): null

26-05-2025T09:42:09 - [TEST_STEP][PASSED] - dashboardName = "Выполнение бизнес-плана": null

26-05-2025T09:42:09 - [TEST_STEP][PASSED] - workbook01 = getWorkbook(excelFilePath): null

26-05-2025T09:42:09 - [TEST_STEP][PASSED] - sheet01 = getExcelSheet(workbook01, sheetName): null

26-05-2025T09:42:09 - [TEST_STEP][PASSED] - setValueToCellByIndex(sheet01, n, 0, dashboardName): null

26-05-2025T09:42:09 - [TEST_STEP][PASSED] - setValueToCellByIndex(sheet01, n, 1, dZO): null

26-05-2025T09:42:09 - [TEST_STEP][PASSED] - setValueToCellByIndex(sheet01, n, 2, typeOfData): null

26-05-2025T09:42:09 - [TEST_STEP][PASSED] - if (typeOfData == "Факт в процентах" || typeOfData == "План в процентах"): null

26-05-2025T09:42:09 - [TEST_STEP][PASSED] - else: null

26-05-2025T09:42:09 - [TEST_STEP][PASSED] - setValueToCellByIndex(sheet01, n, 3, fileInt): null

26-05-2025T09:42:09 - [TEST_STEP][PASSED] - setValueToCellByIndex(sheet01, n, 4, pageInt): null

26-05-2025T09:42:09 - [TEST_STEP][PASSED] - setValueToCellByIndex(sheet01, n, 5, m): null

26-05-2025T09:42:09 - [TEST_STEP][PASSED] - setValueToCellByIndex(sheet01, n, 6, y): null

26-05-2025T09:42:09 - [TEST_STEP][PASSED] - setValueToCellByIndex(sheet01, n, 7, todaysDate): null

26-05-2025T09:42:09 - [TEST_STEP][PASSED] - n = n + 1: null

26-05-2025T09:42:09 - [TEST_STEP][PASSED] - saveWorkbook(excelFilePath, workbook01): Object: 'Object Repository/Выполнение бизнес-плана/Кнопка Факт' is clicked on

26-05-2025T09:42:09 - [TEST_STEP][PASSED] - if (planFact == 2): Object: 'Object Repository/Выполнение бизнес-плана/Кнопка Факт' is clicked on

26-05-2025T09:42:09 - [TEST_STEP][PASSED] - click(findTestObject("Выполнение бизнес-плана/Кнопка Факт")): Object: 'Object Repository/Выполнение бизнес-плана/Кнопка Факт' is clicked on

26-05-2025T09:42:09 - [MESSAGE][PASSED] - Object: 'Object Repository/Выполнение бизнес-плана/Кнопка Факт' is clicked on

26-05-2025T09:42:09 - [TEST_STEP][PASSED] - println("a=" + a): null

26-05-2025T09:42:09 - [TEST_STEP][PASSED] - if (a == 84 || a == 82): null

26-05-2025T09:42:09 - [TEST_STEP][PASSED] - else if (a == 83 || a == 52 || a == 72 || a == 28 || a == 73 || a == 77 || a == 74 || a == 65 || a == 36 || a == 44 || a == 53 || a == 80 || a == 54 || a == 1 || a == 18 || a == 59 || a == 81): null

26-05-2025T09:42:09 - [TEST_STEP][PASSED] - else: null

26-05-2025T09:42:09 - [TEST_STEP][PASSED] - page1 = getText(findTestObject("Object Repository/Выполнение бизнес-плана/spanPlan" + filialNum)): Text of object 'Object Repository/Выполнение бизнес-плана/spanPlan2' is: '21.24
|'

26-05-2025T09:42:10 - [MESSAGE][PASSED] - Text of object 'Object Repository/Выполнение бизнес-плана/spanPlan2' is: '21.24
|'

26-05-2025T09:42:10 - [TEST_STEP][PASSED] - if (page1 == null): null

26-05-2025T09:42:10 - [TEST_STEP][PASSED] - else: null

26-05-2025T09:42:10 - [TEST_STEP][PASSED] - page1 = page1.replace("|", ""): null

26-05-2025T09:42:10 - [TEST_STEP][PASSED] - page2 = getText(findTestObject("Object Repository/Выполнение бизнес-плана/spanFact" + filialNum)): Text of object 'Object Repository/Выполнение бизнес-плана/spanFact2' is: '17.81
|'

26-05-2025T09:42:10 - [MESSAGE][PASSED] - Text of object 'Object Repository/Выполнение бизнес-плана/spanFact2' is: '17.81
|'

26-05-2025T09:42:10 - [TEST_STEP][PASSED] - if (page2 == null): null

26-05-2025T09:42:10 - [TEST_STEP][PASSED] - else: null

26-05-2025T09:42:10 - [TEST_STEP][PASSED] - page2 = page2.replace("|", ""): null

26-05-2025T09:42:10 - [TEST_STEP][PASSED] - println("page1: " + page1): null

26-05-2025T09:42:10 - [TEST_STEP][PASSED] - println("page2: " + page2): null

26-05-2025T09:42:10 - [TEST_STEP][PASSED] - file = findTestData("PlanFact").getValue(4, a): null

26-05-2025T09:42:10 - [TEST_STEP][PASSED] - file = file.replace(",", "."): null

26-05-2025T09:42:10 - [TEST_STEP][PASSED] - println("file Plan: " + file): null

26-05-2025T09:42:10 - [TEST_STEP][PASSED] - typeOfData = "План в процентах": null

26-05-2025T09:42:10 - [TEST_STEP][PASSED] - fileDouble = file.toDouble(): null

26-05-2025T09:42:10 - [TEST_STEP][PASSED] - pageDouble = page1.toDouble(): null

26-05-2025T09:42:10 - [TEST_STEP][PASSED] - if (fileDouble != pageDouble): null

26-05-2025T09:42:10 - [TEST_STEP][PASSED] - numberOfErrors = numberOfErrors + 1: null

26-05-2025T09:42:10 - [TEST_STEP][PASSED] - Script1718980020443.WriteToExcel(a, typeOfData, todaysDate, pageInt, fileInt, pageDouble, fileDouble, dZO): null

26-05-2025T09:42:10 - [TEST_STEP][PASSED] - sheetName = "Sheet1": null

26-05-2025T09:42:10 - [TEST_STEP][PASSED] - data = findTestData("PlanFact"): null

26-05-2025T09:42:10 - [TEST_STEP][PASSED] - n = data.getRowNumbers() + 1: null

26-05-2025T09:42:10 - [TEST_STEP][PASSED] - day = ")).toInteger(): null

26-05-2025T09:42:10 - [TEST_STEP][PASSED] - println(day): null

26-05-2025T09:42:10 - [TEST_STEP][PASSED] - month = ")).toInteger(): null

26-05-2025T09:42:10 - [TEST_STEP][PASSED] - println(month): null

26-05-2025T09:42:10 - [TEST_STEP][PASSED] - y = <not implemented yet for class: org.codehaus.groovy.ast.expr.EmptyExpression>: null

26-05-2025T09:42:10 - [TEST_STEP][PASSED] - iy = <not implemented yet for class: org.codehaus.groovy.ast.expr.EmptyExpression>: null

26-05-2025T09:42:10 - [TEST_STEP][PASSED] - m = getText(findTestObject("Выполнение бизнес-плана/Период")): Text of object 'Object Repository/Выполнение бизнес-плана/Период' is: '1 кв. 2025 года'

26-05-2025T09:42:10 - [MESSAGE][PASSED] - Text of object 'Object Repository/Выполнение бизнес-плана/Период' is: '1 кв. 2025 года'

26-05-2025T09:42:10 - [TEST_STEP][PASSED] - iy = m.indexOf("20"): null

26-05-2025T09:42:10 - [TEST_STEP][PASSED] - if (iy > -1): null

26-05-2025T09:42:10 - [TEST_STEP][PASSED] - y = substring(iy, iy + 4).toInteger(): null

26-05-2025T09:42:10 - [TEST_STEP][PASSED] - println(y): null

26-05-2025T09:42:10 - [TEST_STEP][PASSED] - if (toString().length() == 4): null

26-05-2025T09:42:10 - [TEST_STEP][PASSED] - m = m.substring(0, m.indexOf(y.toString())): null

26-05-2025T09:42:10 - [TEST_STEP][PASSED] - m = m.trim(): null

26-05-2025T09:42:10 - [TEST_STEP][PASSED] - if (m == ""): null

26-05-2025T09:42:10 - [TEST_STEP][PASSED] - dashboardName = "Выполнение бизнес-плана": null

26-05-2025T09:42:10 - [TEST_STEP][PASSED] - workbook01 = getWorkbook(excelFilePath): null

26-05-2025T09:42:10 - [TEST_STEP][PASSED] - sheet01 = getExcelSheet(workbook01, sheetName): null

26-05-2025T09:42:10 - [TEST_STEP][PASSED] - setValueToCellByIndex(sheet01, n, 0, dashboardName): null

26-05-2025T09:42:10 - [TEST_STEP][PASSED] - setValueToCellByIndex(sheet01, n, 1, dZO): null

26-05-2025T09:42:10 - [TEST_STEP][PASSED] - setValueToCellByIndex(sheet01, n, 2, typeOfData): null

26-05-2025T09:42:10 - [TEST_STEP][PASSED] - if (typeOfData == "Факт в процентах" || typeOfData == "План в процентах"): null

26-05-2025T09:42:10 - [TEST_STEP][PASSED] - setValueToCellByIndex(sheet01, n, 3, fileDouble): null

26-05-2025T09:42:10 - [TEST_STEP][PASSED] - setValueToCellByIndex(sheet01, n, 4, pageDouble): null

26-05-2025T09:42:10 - [TEST_STEP][PASSED] - setValueToCellByIndex(sheet01, n, 5, m): null

26-05-2025T09:42:10 - [TEST_STEP][PASSED] - setValueToCellByIndex(sheet01, n, 6, y): null

26-05-2025T09:42:10 - [TEST_STEP][PASSED] - setValueToCellByIndex(sheet01, n, 7, todaysDate): null

26-05-2025T09:42:10 - [TEST_STEP][PASSED] - n = n + 1: null

26-05-2025T09:42:10 - [TEST_STEP][PASSED] - saveWorkbook(excelFilePath, workbook01): null

26-05-2025T09:42:11 - [TEST_STEP][PASSED] - file = findTestData("PlanFact").getValue(7, a): null

26-05-2025T09:42:11 - [TEST_STEP][PASSED] - file = file.replace(",", "."): null

26-05-2025T09:42:11 - [TEST_STEP][PASSED] - println("file Fact: " + file): null

26-05-2025T09:42:11 - [TEST_STEP][PASSED] - fileDouble = file.toDouble(): null

26-05-2025T09:42:11 - [TEST_STEP][PASSED] - typeOfData = "Факт в процентах": null

26-05-2025T09:42:11 - [TEST_STEP][PASSED] - fileDouble = file.toDouble(): null

26-05-2025T09:42:11 - [TEST_STEP][PASSED] - pageDouble = page2.toDouble(): null

26-05-2025T09:42:11 - [TEST_STEP][PASSED] - if (fileDouble != pageDouble): null

26-05-2025T09:42:11 - [TEST_STEP][PASSED] - numberOfErrors = numberOfErrors + 1: null

26-05-2025T09:42:11 - [TEST_STEP][PASSED] - Script1718980020443.WriteToExcel(a, typeOfData, todaysDate, pageInt, fileInt, pageDouble, fileDouble, dZO): null

26-05-2025T09:42:11 - [TEST_STEP][PASSED] - sheetName = "Sheet1": null

26-05-2025T09:42:11 - [TEST_STEP][PASSED] - data = findTestData("PlanFact"): null

26-05-2025T09:42:11 - [TEST_STEP][PASSED] - n = data.getRowNumbers() + 1: null

26-05-2025T09:42:11 - [TEST_STEP][PASSED] - day = ")).toInteger(): null

26-05-2025T09:42:11 - [TEST_STEP][PASSED] - println(day): null

26-05-2025T09:42:11 - [TEST_STEP][PASSED] - month = ")).toInteger(): null

26-05-2025T09:42:11 - [TEST_STEP][PASSED] - println(month): null

26-05-2025T09:42:11 - [TEST_STEP][PASSED] - y = <not implemented yet for class: org.codehaus.groovy.ast.expr.EmptyExpression>: null

26-05-2025T09:42:11 - [TEST_STEP][PASSED] - iy = <not implemented yet for class: org.codehaus.groovy.ast.expr.EmptyExpression>: null

26-05-2025T09:42:11 - [TEST_STEP][PASSED] - m = getText(findTestObject("Выполнение бизнес-плана/Период")): Text of object 'Object Repository/Выполнение бизнес-плана/Период' is: '1 кв. 2025 года'

26-05-2025T09:42:11 - [MESSAGE][PASSED] - Text of object 'Object Repository/Выполнение бизнес-плана/Период' is: '1 кв. 2025 года'

26-05-2025T09:42:11 - [TEST_STEP][PASSED] - iy = m.indexOf("20"): null

26-05-2025T09:42:11 - [TEST_STEP][PASSED] - if (iy > -1): null

26-05-2025T09:42:11 - [TEST_STEP][PASSED] - y = substring(iy, iy + 4).toInteger(): null

26-05-2025T09:42:11 - [TEST_STEP][PASSED] - println(y): null

26-05-2025T09:42:11 - [TEST_STEP][PASSED] - if (toString().length() == 4): null

26-05-2025T09:42:11 - [TEST_STEP][PASSED] - m = m.substring(0, m.indexOf(y.toString())): null

26-05-2025T09:42:11 - [TEST_STEP][PASSED] - m = m.trim(): null

26-05-2025T09:42:11 - [TEST_STEP][PASSED] - if (m == ""): null

26-05-2025T09:42:11 - [TEST_STEP][PASSED] - dashboardName = "Выполнение бизнес-плана": null

26-05-2025T09:42:11 - [TEST_STEP][PASSED] - workbook01 = getWorkbook(excelFilePath): null

26-05-2025T09:42:11 - [TEST_STEP][PASSED] - sheet01 = getExcelSheet(workbook01, sheetName): null

26-05-2025T09:42:11 - [TEST_STEP][PASSED] - setValueToCellByIndex(sheet01, n, 0, dashboardName): null

26-05-2025T09:42:11 - [TEST_STEP][PASSED] - setValueToCellByIndex(sheet01, n, 1, dZO): null

26-05-2025T09:42:11 - [TEST_STEP][PASSED] - setValueToCellByIndex(sheet01, n, 2, typeOfData): null

26-05-2025T09:42:11 - [TEST_STEP][PASSED] - if (typeOfData == "Факт в процентах" || typeOfData == "План в процентах"): null

26-05-2025T09:42:11 - [TEST_STEP][PASSED] - setValueToCellByIndex(sheet01, n, 3, fileDouble): null

26-05-2025T09:42:11 - [TEST_STEP][PASSED] - setValueToCellByIndex(sheet01, n, 4, pageDouble): null

26-05-2025T09:42:11 - [TEST_STEP][PASSED] - setValueToCellByIndex(sheet01, n, 5, m): null

26-05-2025T09:42:11 - [TEST_STEP][PASSED] - setValueToCellByIndex(sheet01, n, 6, y): null

26-05-2025T09:42:11 - [TEST_STEP][PASSED] - setValueToCellByIndex(sheet01, n, 7, todaysDate): null

26-05-2025T09:42:11 - [TEST_STEP][PASSED] - n = n + 1: null

26-05-2025T09:42:11 - [TEST_STEP][PASSED] - saveWorkbook(excelFilePath, workbook01): null

26-05-2025T09:42:12 - [TEST_STEP][FAILED] - if (verifyEqual(numberOfErrors, 0) == false): null

26-05-2025T09:42:12 - [MESSAGE][FAILED] - Unable to verify equal between actual object '6' and expected object '0' (Root cause: com.kms.katalon.core.exception.StepFailedException: Actual object '6' and expected object '0' are not equal
	at com.kms.katalon.core.keyword.builtin.VerifyEqualKeyword$_verifyEqual_closure1.doCall(VerifyEqualKeyword.groovy:58)
	at com.kms.katalon.core.keyword.builtin.VerifyEqualKeyword$_verifyEqual_closure1.call(VerifyEqualKeyword.groovy)
	at com.kms.katalon.core.keyword.internal.KeywordMain.runKeyword(KeywordMain.groovy:75)
	at com.kms.katalon.core.keyword.builtin.VerifyEqualKeyword.verifyEqual(VerifyEqualKeyword.groovy:63)
	at com.kms.katalon.core.keyword.builtin.VerifyEqualKeyword.execute(VerifyEqualKeyword.groovy:44)
	at com.kms.katalon.core.keyword.internal.KeywordExecutor.executeKeywordForPlatform(KeywordExecutor.groovy:74)
	at com.kms.katalon.core.keyword.BuiltinKeywords.verifyEqual(BuiltinKeywords.groovy:146)
	at jdk.internal.reflect.GeneratedMethodAccessor23.invoke(Unknown Source)
	at java.base/jdk.internal.reflect.DelegatingMethodAccessorImpl.invoke(DelegatingMethodAccessorImpl.java:43)
	at Выполнение бизнес-плана Сверка ПАО Россети все филиалы.Numbers(Выполнение бизнес-плана Сверка ПАО Россети все филиалы:749)
	at Выполнение бизнес-плана Сверка ПАО Россети все филиалы.Filials(Выполнение бизнес-плана Сверка ПАО Россети все филиалы:1734)
	at Выполнение бизнес-плана Сверка ПАО Россети все филиалы.Numbers(Выполнение бизнес-плана Сверка ПАО Россети все филиалы:756)
	at Выполнение бизнес-плана Сверка ПАО Россети все филиалы.run(Выполнение бизнес-плана Сверка ПАО Россети все филиалы:395)
	at com.kms.katalon.core.main.ScriptEngine.run(ScriptEngine.java:194)
	at com.kms.katalon.core.main.ScriptEngine.runScriptAsRawText(ScriptEngine.java:119)
	at com.kms.katalon.core.main.TestCaseExecutor.runScript(TestCaseExecutor.java:448)
	at com.kms.katalon.core.main.TestCaseExecutor.doExecute(TestCaseExecutor.java:439)
	at com.kms.katalon.core.main.TestCaseExecutor.processExecutionPhase(TestCaseExecutor.java:418)
	at com.kms.katalon.core.main.TestCaseExecutor.accessMainPhase(TestCaseExecutor.java:410)
	at com.kms.katalon.core.main.TestCaseExecutor.execute(TestCaseExecutor.java:285)
	at com.kms.katalon.core.common.CommonExecutor.accessTestCaseMainPhase(CommonExecutor.java:65)
	at com.kms.katalon.core.main.TestSuiteExecutor.accessTestSuiteMainPhase(TestSuiteExecutor.java:150)
	at com.kms.katalon.core.main.TestSuiteExecutor.execute(TestSuiteExecutor.java:106)
	at com.kms.katalon.core.main.TestCaseMain.startTestSuite(TestCaseMain.java:180)
	at TempTestSuite1748228991768.run(TempTestSuite1748228991768.groovy:35)
	at java.base/jdk.internal.reflect.NativeMethodAccessorImpl.invoke0(Native Method)
	at java.base/jdk.internal.reflect.NativeMethodAccessorImpl.invoke(NativeMethodAccessorImpl.java:77)
	at java.base/jdk.internal.reflect.DelegatingMethodAccessorImpl.invoke(DelegatingMethodAccessorImpl.java:43)
)

26-05-2025T09:42:12 - [TEST_STEP][PASSED] - println(numberOfErrors): null

26-05-2025T09:42:12 - [TEST_STEP][PASSED] - println("a=" + a): null

26-05-2025T09:42:12 - [TEST_STEP][PASSED] - if (a == 28 || a == 77 || a == 74 || a == 65 || a == 36 || a == 44 || a == 54 || a == 1 || a == 18 || a == 59): null

26-05-2025T09:42:12 - [TEST_STEP][PASSED] - if (a == 82): null

26-05-2025T09:42:12 - [TEST_STEP][PASSED] - dZO = "Волгоградэнерго": null

26-05-2025T09:42:12 - [TEST_STEP][PASSED] - a = 61: null

26-05-2025T09:42:12 - [TEST_STEP][PASSED] - if (x2.contains(dZO)): null

26-05-2025T09:42:12 - [TEST_STEP][PASSED] - filialNum = filialNum + 1: null

26-05-2025T09:42:12 - [TEST_STEP][PASSED] - Script1718980020443.Numbers(a, typeOfData, todaysDate, pageInt, fileInt, pageDouble, fileDouble, dZO, dzoNum, filialNum): null

26-05-2025T09:42:12 - [TEST_STEP][PASSED] - println(dzoNum): null

26-05-2025T09:42:12 - [TEST_STEP][PASSED] - planFact = <not implemented yet for class: org.codehaus.groovy.ast.expr.EmptyExpression>: null

26-05-2025T09:42:12 - [TEST_STEP][PASSED] - page = <not implemented yet for class: org.codehaus.groovy.ast.expr.EmptyExpression>: null

26-05-2025T09:42:12 - [TEST_STEP][PASSED] - page1 = <not implemented yet for class: org.codehaus.groovy.ast.expr.EmptyExpression>: null

26-05-2025T09:42:12 - [TEST_STEP][PASSED] - page2 = <not implemented yet for class: org.codehaus.groovy.ast.expr.EmptyExpression>: null

26-05-2025T09:42:12 - [TEST_STEP][PASSED] - filialNumberInRow = <not implemented yet for class: org.codehaus.groovy.ast.expr.EmptyExpression>: null

26-05-2025T09:42:12 - [TEST_STEP][PASSED] - filialsDzoNames = <not implemented yet for class: org.codehaus.groovy.ast.expr.EmptyExpression>: null

26-05-2025T09:42:12 - [TEST_STEP][PASSED] - numberOfFilials = <not implemented yet for class: org.codehaus.groovy.ast.expr.EmptyExpression>: null

26-05-2025T09:42:12 - [TEST_STEP][PASSED] - numberOfSpaces = <not implemented yet for class: org.codehaus.groovy.ast.expr.EmptyExpression>: null

26-05-2025T09:42:12 - [TEST_STEP][PASSED] - file = <not implemented yet for class: org.codehaus.groovy.ast.expr.EmptyExpression>: null

26-05-2025T09:42:12 - [TEST_STEP][PASSED] - otpusk = <not implemented yet for class: org.codehaus.groovy.ast.expr.EmptyExpression>: null

26-05-2025T09:42:12 - [TEST_STEP][PASSED] - poteri = <not implemented yet for class: org.codehaus.groovy.ast.expr.EmptyExpression>: null

26-05-2025T09:42:12 - [TEST_STEP][PASSED] - dataFolder = "Выполнение бизнес-плана/Значения со страницы Выполнение бизнес-плана/": null

26-05-2025T09:42:12 - [TEST_STEP][PASSED] - path = <not implemented yet for class: org.codehaus.groovy.ast.expr.EmptyExpression>: null

26-05-2025T09:42:12 - [TEST_STEP][PASSED] - typeOfDataMain = <not implemented yet for class: org.codehaus.groovy.ast.expr.EmptyExpression>: null

26-05-2025T09:42:12 - [TEST_STEP][PASSED] - fileOtpuskVSet = <not implemented yet for class: org.codehaus.groovy.ast.expr.EmptyExpression>: null

26-05-2025T09:42:12 - [TEST_STEP][PASSED] - pageOtpuskVSet = <not implemented yet for class: org.codehaus.groovy.ast.expr.EmptyExpression>: null

26-05-2025T09:42:12 - [TEST_STEP][PASSED] - filePoteri = <not implemented yet for class: org.codehaus.groovy.ast.expr.EmptyExpression>: null

26-05-2025T09:42:12 - [TEST_STEP][PASSED] - pagePoteri = <not implemented yet for class: org.codehaus.groovy.ast.expr.EmptyExpression>: null

26-05-2025T09:42:12 - [TEST_STEP][PASSED] - compare = <not implemented yet for class: org.codehaus.groovy.ast.expr.EmptyExpression>: null

26-05-2025T09:42:12 - [TEST_STEP][PASSED] - b = <not implemented yet for class: org.codehaus.groovy.ast.expr.EmptyExpression>: null

26-05-2025T09:42:12 - [TEST_STEP][PASSED] - i = <not implemented yet for class: org.codehaus.groovy.ast.expr.EmptyExpression>: null

26-05-2025T09:42:12 - [TEST_STEP][PASSED] - ii = <not implemented yet for class: org.codehaus.groovy.ast.expr.EmptyExpression>: null

26-05-2025T09:42:12 - [TEST_STEP][PASSED] - c = <not implemented yet for class: org.codehaus.groovy.ast.expr.EmptyExpression>: null

26-05-2025T09:42:12 - [TEST_STEP][PASSED] - numberOfErrors = 0: null

26-05-2025T09:42:12 - [TEST_STEP][PASSED] - if (a == 82): null

26-05-2025T09:42:12 - [TEST_STEP][PASSED] - b = findTestData("PlanFact").getValue(1, a): null

26-05-2025T09:42:12 - [TEST_STEP][PASSED] - i = b.indexOf(" (ГК)"): null

26-05-2025T09:42:12 - [TEST_STEP][PASSED] - if (i > -1): null

26-05-2025T09:42:12 - [TEST_STEP][PASSED] - i = b.indexOf("О ""): null

26-05-2025T09:42:12 - [TEST_STEP][PASSED] - if (i > -1): null

26-05-2025T09:42:12 - [TEST_STEP][PASSED] - i = b.indexOf("О «"): null

26-05-2025T09:42:12 - [TEST_STEP][PASSED] - if (i > -1): null

26-05-2025T09:42:12 - [TEST_STEP][PASSED] - i = b.indexOf("г. "): null

26-05-2025T09:42:12 - [TEST_STEP][PASSED] - if (i > -1): null

26-05-2025T09:42:12 - [TEST_STEP][PASSED] - b = b.trim(): null

26-05-2025T09:42:12 - [TEST_STEP][PASSED] - println(b): null

26-05-2025T09:42:12 - [TEST_STEP][PASSED] - for ([planFact = 1, planFact < 3, (planFact++)]): null

26-05-2025T09:42:12 - [TEST_STEP][PASSED] - if (planFact == 1): null

26-05-2025T09:42:12 - [TEST_STEP][PASSED] - typeOfDataMain = "Факт": null

26-05-2025T09:42:12 - [TEST_STEP][PASSED] - otpusk = findTestData("PlanFact").getValue(5, a): null

26-05-2025T09:42:12 - [TEST_STEP][PASSED] - poteri = findTestData("PlanFact").getValue(6, a): null

26-05-2025T09:42:12 - [TEST_STEP][PASSED] - otpusk = otpusk.replaceAll("\s+", ""): null

26-05-2025T09:42:12 - [TEST_STEP][PASSED] - poteri = poteri.replaceAll("\s+", ""): null

26-05-2025T09:42:12 - [TEST_STEP][PASSED] - typeOfData = typeOfDataMain + " Отпуск в сеть": null

26-05-2025T09:42:12 - [TEST_STEP][PASSED] - if (a == 82): null

26-05-2025T09:42:12 - [TEST_STEP][PASSED] - else if (a == 84): null

26-05-2025T09:42:12 - [TEST_STEP][PASSED] - else if (a == 83 || a == 52 || a == 72 || a == 28 || a == 73 || a == 77 || a == 74 || a == 65 || a == 36 || a == 44 || a == 53 || a == 80 || a == 54 || a == 1 || a == 18 || a == 59 || a == 81): null

26-05-2025T09:42:12 - [TEST_STEP][PASSED] - else: null

26-05-2025T09:42:12 - [TEST_STEP][PASSED] - path = dataFolder + typeOfData + " за отчётный период " + b: null

26-05-2025T09:42:12 - [TEST_STEP][PASSED] - println(path): null

26-05-2025T09:42:12 - [TEST_STEP][PASSED] - page = getText(findTestObject(path)): Text of object 'Object Repository/Выполнение бизнес-плана/Значения со страницы Выполнение бизнес-плана/Факт Отпуск в сеть за отчётный период Волгоградэнерго' is: '1 529 424'

26-05-2025T09:42:12 - [MESSAGE][PASSED] - Text of object 'Object Repository/Выполнение бизнес-плана/Значения со страницы Выполнение бизнес-плана/Факт Отпуск в сеть за отчётный период Волгоградэнерго' is: '1 529 424'

26-05-2025T09:42:12 - [TEST_STEP][PASSED] - if (page == "" || page == null): null

26-05-2025T09:42:12 - [TEST_STEP][PASSED] - else: null

26-05-2025T09:42:12 - [TEST_STEP][PASSED] - page = page.replaceAll("\s+", ""): null

26-05-2025T09:42:12 - [TEST_STEP][PASSED] - if (page == "undefined"): null

26-05-2025T09:42:12 - [TEST_STEP][PASSED] - fileOtpuskVSet = otpusk.toInteger(): null

26-05-2025T09:42:12 - [TEST_STEP][PASSED] - pageOtpuskVSet = page.toInteger(): null

26-05-2025T09:42:12 - [TEST_STEP][PASSED] - typeOfData = typeOfDataMain + " Потери": null

26-05-2025T09:42:12 - [TEST_STEP][PASSED] - if (a == 82): null

26-05-2025T09:42:12 - [TEST_STEP][PASSED] - else if (a == 84): null

26-05-2025T09:42:12 - [TEST_STEP][PASSED] - else if (a == 83 || a == 52 || a == 72 || a == 28 || a == 73 || a == 77 || a == 74 || a == 65 || a == 36 || a == 44 || a == 53 || a == 80 || a == 54 || a == 1 || a == 18 || a == 59 || a == 81): null

26-05-2025T09:42:12 - [TEST_STEP][PASSED] - else: null

26-05-2025T09:42:12 - [TEST_STEP][PASSED] - path = dataFolder + typeOfData + " за отчётный период " + b: null

26-05-2025T09:42:12 - [TEST_STEP][PASSED] - page = getText(findTestObject(path)): Text of object 'Object Repository/Выполнение бизнес-плана/Значения со страницы Выполнение бизнес-плана/Факт Потери за отчётный период Волгоградэнерго' is: '112 811'

26-05-2025T09:42:12 - [MESSAGE][PASSED] - Text of object 'Object Repository/Выполнение бизнес-плана/Значения со страницы Выполнение бизнес-плана/Факт Потери за отчётный период Волгоградэнерго' is: '112 811'

26-05-2025T09:42:12 - [TEST_STEP][PASSED] - if (page == "" || page == null): null

26-05-2025T09:42:12 - [TEST_STEP][PASSED] - else: null

26-05-2025T09:42:12 - [TEST_STEP][PASSED] - page = page.replaceAll("\s+", ""): null

26-05-2025T09:42:12 - [TEST_STEP][PASSED] - if (page == "undefined"): null

26-05-2025T09:42:12 - [TEST_STEP][PASSED] - filePoteri = poteri.toInteger(): null

26-05-2025T09:42:12 - [TEST_STEP][PASSED] - pagePoteri = page.toInteger(): null

26-05-2025T09:42:12 - [TEST_STEP][PASSED] - compare = pageOtpuskVSet: null

26-05-2025T09:42:12 - [TEST_STEP][PASSED] - if (pageOtpuskVSet != null): null

26-05-2025T09:42:12 - [TEST_STEP][PASSED] - if (compare == fileOtpuskVSet): null

26-05-2025T09:42:12 - [TEST_STEP][PASSED] - else if (compare > fileOtpuskVSet): null

26-05-2025T09:42:12 - [TEST_STEP][PASSED] - else if (compare < fileOtpuskVSet): null

26-05-2025T09:42:12 - [TEST_STEP][PASSED] - compare = compare + 1: null

26-05-2025T09:42:12 - [TEST_STEP][PASSED] - if (compare == fileOtpuskVSet): null

26-05-2025T09:42:12 - [TEST_STEP][PASSED] - else: null

26-05-2025T09:42:12 - [TEST_STEP][PASSED] - numberOfErrors = numberOfErrors + 1: null

26-05-2025T09:42:12 - [TEST_STEP][PASSED] - pageInt = pageOtpuskVSet: null

26-05-2025T09:42:12 - [TEST_STEP][PASSED] - fileInt = fileOtpuskVSet: null

26-05-2025T09:42:12 - [TEST_STEP][PASSED] - typeOfData = typeOfDataMain + " Отпуск в сеть": null

26-05-2025T09:42:12 - [TEST_STEP][PASSED] - Script1718980020443.WriteToExcel(a, typeOfData, todaysDate, pageInt, fileInt, pageDouble, fileDouble, dZO): null

26-05-2025T09:42:12 - [TEST_STEP][PASSED] - sheetName = "Sheet1": null

26-05-2025T09:42:12 - [TEST_STEP][PASSED] - data = findTestData("PlanFact"): null

26-05-2025T09:42:13 - [TEST_STEP][PASSED] - n = data.getRowNumbers() + 1: null

26-05-2025T09:42:13 - [TEST_STEP][PASSED] - day = ")).toInteger(): null

26-05-2025T09:42:13 - [TEST_STEP][PASSED] - println(day): null

26-05-2025T09:42:13 - [TEST_STEP][PASSED] - month = ")).toInteger(): null

26-05-2025T09:42:13 - [TEST_STEP][PASSED] - println(month): null

26-05-2025T09:42:13 - [TEST_STEP][PASSED] - y = <not implemented yet for class: org.codehaus.groovy.ast.expr.EmptyExpression>: null

26-05-2025T09:42:13 - [TEST_STEP][PASSED] - iy = <not implemented yet for class: org.codehaus.groovy.ast.expr.EmptyExpression>: null

26-05-2025T09:42:13 - [TEST_STEP][PASSED] - m = getText(findTestObject("Выполнение бизнес-плана/Период")): Text of object 'Object Repository/Выполнение бизнес-плана/Период' is: '1 кв. 2025 года'

26-05-2025T09:42:13 - [MESSAGE][PASSED] - Text of object 'Object Repository/Выполнение бизнес-плана/Период' is: '1 кв. 2025 года'

26-05-2025T09:42:13 - [TEST_STEP][PASSED] - iy = m.indexOf("20"): null

26-05-2025T09:42:13 - [TEST_STEP][PASSED] - if (iy > -1): null

26-05-2025T09:42:13 - [TEST_STEP][PASSED] - y = substring(iy, iy + 4).toInteger(): null

26-05-2025T09:42:13 - [TEST_STEP][PASSED] - println(y): null

26-05-2025T09:42:13 - [TEST_STEP][PASSED] - if (toString().length() == 4): null

26-05-2025T09:42:13 - [TEST_STEP][PASSED] - m = m.substring(0, m.indexOf(y.toString())): null

26-05-2025T09:42:13 - [TEST_STEP][PASSED] - m = m.trim(): null

26-05-2025T09:42:13 - [TEST_STEP][PASSED] - if (m == ""): null

26-05-2025T09:42:13 - [TEST_STEP][PASSED] - dashboardName = "Выполнение бизнес-плана": null

26-05-2025T09:42:13 - [TEST_STEP][PASSED] - workbook01 = getWorkbook(excelFilePath): null

26-05-2025T09:42:13 - [TEST_STEP][PASSED] - sheet01 = getExcelSheet(workbook01, sheetName): null

26-05-2025T09:42:13 - [TEST_STEP][PASSED] - setValueToCellByIndex(sheet01, n, 0, dashboardName): null

26-05-2025T09:42:13 - [TEST_STEP][PASSED] - setValueToCellByIndex(sheet01, n, 1, dZO): null

26-05-2025T09:42:13 - [TEST_STEP][PASSED] - setValueToCellByIndex(sheet01, n, 2, typeOfData): null

26-05-2025T09:42:13 - [TEST_STEP][PASSED] - if (typeOfData == "Факт в процентах" || typeOfData == "План в процентах"): null

26-05-2025T09:42:13 - [TEST_STEP][PASSED] - else: null

26-05-2025T09:42:13 - [TEST_STEP][PASSED] - setValueToCellByIndex(sheet01, n, 3, fileInt): null

26-05-2025T09:42:13 - [TEST_STEP][PASSED] - setValueToCellByIndex(sheet01, n, 4, pageInt): null

26-05-2025T09:42:13 - [TEST_STEP][PASSED] - setValueToCellByIndex(sheet01, n, 5, m): null

26-05-2025T09:42:13 - [TEST_STEP][PASSED] - setValueToCellByIndex(sheet01, n, 6, y): null

26-05-2025T09:42:13 - [TEST_STEP][PASSED] - setValueToCellByIndex(sheet01, n, 7, todaysDate): null

26-05-2025T09:42:13 - [TEST_STEP][PASSED] - n = n + 1: null

26-05-2025T09:42:13 - [TEST_STEP][PASSED] - saveWorkbook(excelFilePath, workbook01): null

26-05-2025T09:42:13 - [TEST_STEP][PASSED] - compare = pagePoteri: null

26-05-2025T09:42:13 - [TEST_STEP][PASSED] - if (pageOtpuskVSet != null): null

26-05-2025T09:42:13 - [TEST_STEP][PASSED] - if (compare == filePoteri): null

26-05-2025T09:42:13 - [TEST_STEP][PASSED] - else if (compare > filePoteri): null

26-05-2025T09:42:13 - [TEST_STEP][PASSED] - else if (compare < filePoteri): null

26-05-2025T09:42:13 - [TEST_STEP][PASSED] - compare = compare + 1: null

26-05-2025T09:42:13 - [TEST_STEP][PASSED] - if (compare == filePoteri): null

26-05-2025T09:42:13 - [TEST_STEP][PASSED] - else: null

26-05-2025T09:42:13 - [TEST_STEP][PASSED] - numberOfErrors = numberOfErrors + 1: null

26-05-2025T09:42:13 - [TEST_STEP][PASSED] - pageInt = pagePoteri: null

26-05-2025T09:42:13 - [TEST_STEP][PASSED] - fileInt = filePoteri: null

26-05-2025T09:42:13 - [TEST_STEP][PASSED] - typeOfData = typeOfDataMain + " Потери": null

26-05-2025T09:42:13 - [TEST_STEP][PASSED] - Script1718980020443.WriteToExcel(a, typeOfData, todaysDate, pageInt, fileInt, pageDouble, fileDouble, dZO): null

26-05-2025T09:42:13 - [TEST_STEP][PASSED] - sheetName = "Sheet1": null

26-05-2025T09:42:13 - [TEST_STEP][PASSED] - data = findTestData("PlanFact"): null

26-05-2025T09:42:13 - [TEST_STEP][PASSED] - n = data.getRowNumbers() + 1: null

26-05-2025T09:42:13 - [TEST_STEP][PASSED] - day = ")).toInteger(): null

26-05-2025T09:42:13 - [TEST_STEP][PASSED] - println(day): null

26-05-2025T09:42:13 - [TEST_STEP][PASSED] - month = ")).toInteger(): null

26-05-2025T09:42:13 - [TEST_STEP][PASSED] - println(month): null

26-05-2025T09:42:13 - [TEST_STEP][PASSED] - y = <not implemented yet for class: org.codehaus.groovy.ast.expr.EmptyExpression>: null

26-05-2025T09:42:13 - [TEST_STEP][PASSED] - iy = <not implemented yet for class: org.codehaus.groovy.ast.expr.EmptyExpression>: null

26-05-2025T09:42:13 - [TEST_STEP][PASSED] - m = getText(findTestObject("Выполнение бизнес-плана/Период")): Text of object 'Object Repository/Выполнение бизнес-плана/Период' is: '1 кв. 2025 года'

26-05-2025T09:42:14 - [MESSAGE][PASSED] - Text of object 'Object Repository/Выполнение бизнес-плана/Период' is: '1 кв. 2025 года'

26-05-2025T09:42:14 - [TEST_STEP][PASSED] - iy = m.indexOf("20"): null

26-05-2025T09:42:14 - [TEST_STEP][PASSED] - if (iy > -1): null

26-05-2025T09:42:14 - [TEST_STEP][PASSED] - y = substring(iy, iy + 4).toInteger(): null

26-05-2025T09:42:14 - [TEST_STEP][PASSED] - println(y): null

26-05-2025T09:42:14 - [TEST_STEP][PASSED] - if (toString().length() == 4): null

26-05-2025T09:42:14 - [TEST_STEP][PASSED] - m = m.substring(0, m.indexOf(y.toString())): null

26-05-2025T09:42:14 - [TEST_STEP][PASSED] - m = m.trim(): null

26-05-2025T09:42:14 - [TEST_STEP][PASSED] - if (m == ""): null

26-05-2025T09:42:14 - [TEST_STEP][PASSED] - dashboardName = "Выполнение бизнес-плана": null

26-05-2025T09:42:14 - [TEST_STEP][PASSED] - workbook01 = getWorkbook(excelFilePath): null

26-05-2025T09:42:14 - [TEST_STEP][PASSED] - sheet01 = getExcelSheet(workbook01, sheetName): null

26-05-2025T09:42:14 - [TEST_STEP][PASSED] - setValueToCellByIndex(sheet01, n, 0, dashboardName): null

26-05-2025T09:42:14 - [TEST_STEP][PASSED] - setValueToCellByIndex(sheet01, n, 1, dZO): null

26-05-2025T09:42:14 - [TEST_STEP][PASSED] - setValueToCellByIndex(sheet01, n, 2, typeOfData): null

26-05-2025T09:42:14 - [TEST_STEP][PASSED] - if (typeOfData == "Факт в процентах" || typeOfData == "План в процентах"): null

26-05-2025T09:42:14 - [TEST_STEP][PASSED] - else: null

26-05-2025T09:42:14 - [TEST_STEP][PASSED] - setValueToCellByIndex(sheet01, n, 3, fileInt): null

26-05-2025T09:42:14 - [TEST_STEP][PASSED] - setValueToCellByIndex(sheet01, n, 4, pageInt): null

26-05-2025T09:42:14 - [TEST_STEP][PASSED] - setValueToCellByIndex(sheet01, n, 5, m): null

26-05-2025T09:42:14 - [TEST_STEP][PASSED] - setValueToCellByIndex(sheet01, n, 6, y): null

26-05-2025T09:42:14 - [TEST_STEP][PASSED] - setValueToCellByIndex(sheet01, n, 7, todaysDate): null

26-05-2025T09:42:14 - [TEST_STEP][PASSED] - n = n + 1: null

26-05-2025T09:42:14 - [TEST_STEP][PASSED] - saveWorkbook(excelFilePath, workbook01): null

26-05-2025T09:42:14 - [TEST_STEP][PASSED] - if (planFact == 2): null

26-05-2025T09:42:14 - [TEST_STEP][PASSED] - if (planFact == 1): null

26-05-2025T09:42:14 - [TEST_STEP][PASSED] - else if (planFact == 2): null

26-05-2025T09:42:14 - [TEST_STEP][PASSED] - click(findTestObject("Выполнение бизнес-плана/Кнопка План")): Object: 'Object Repository/Выполнение бизнес-плана/Кнопка План' is clicked on

26-05-2025T09:42:14 - [MESSAGE][PASSED] - Object: 'Object Repository/Выполнение бизнес-плана/Кнопка План' is clicked on

26-05-2025T09:42:14 - [TEST_STEP][PASSED] - typeOfDataMain = "План": null

26-05-2025T09:42:14 - [TEST_STEP][PASSED] - otpusk = findTestData("PlanFact").getValue(2, a): null

26-05-2025T09:42:14 - [TEST_STEP][PASSED] - poteri = findTestData("PlanFact").getValue(3, a): null

26-05-2025T09:42:14 - [TEST_STEP][PASSED] - otpusk = otpusk.replaceAll("\s+", ""): null

26-05-2025T09:42:14 - [TEST_STEP][PASSED] - poteri = poteri.replaceAll("\s+", ""): null

26-05-2025T09:42:14 - [TEST_STEP][PASSED] - typeOfData = typeOfDataMain + " Отпуск в сеть": null

26-05-2025T09:42:14 - [TEST_STEP][PASSED] - if (a == 82): null

26-05-2025T09:42:14 - [TEST_STEP][PASSED] - else if (a == 84): null

26-05-2025T09:42:14 - [TEST_STEP][PASSED] - else if (a == 83 || a == 52 || a == 72 || a == 28 || a == 73 || a == 77 || a == 74 || a == 65 || a == 36 || a == 44 || a == 53 || a == 80 || a == 54 || a == 1 || a == 18 || a == 59 || a == 81): null

26-05-2025T09:42:14 - [TEST_STEP][PASSED] - else: null

26-05-2025T09:42:14 - [TEST_STEP][PASSED] - path = dataFolder + typeOfData + " за отчётный период " + b: null

26-05-2025T09:42:14 - [TEST_STEP][PASSED] - println(path): null

26-05-2025T09:42:14 - [TEST_STEP][PASSED] - page = getText(findTestObject(path)): Text of object 'Object Repository/Выполнение бизнес-плана/Значения со страницы Выполнение бизнес-плана/План Отпуск в сеть за отчётный период Волгоградэнерго' is: '1 721 636'

26-05-2025T09:42:15 - [MESSAGE][PASSED] - Text of object 'Object Repository/Выполнение бизнес-плана/Значения со страницы Выполнение бизнес-плана/План Отпуск в сеть за отчётный период Волгоградэнерго' is: '1 721 636'

26-05-2025T09:42:15 - [TEST_STEP][PASSED] - if (page == "" || page == null): null

26-05-2025T09:42:15 - [TEST_STEP][PASSED] - else: null

26-05-2025T09:42:15 - [TEST_STEP][PASSED] - page = page.replaceAll("\s+", ""): null

26-05-2025T09:42:15 - [TEST_STEP][PASSED] - if (page == "undefined"): null

26-05-2025T09:42:15 - [TEST_STEP][PASSED] - fileOtpuskVSet = otpusk.toInteger(): null

26-05-2025T09:42:15 - [TEST_STEP][PASSED] - pageOtpuskVSet = page.toInteger(): null

26-05-2025T09:42:15 - [TEST_STEP][PASSED] - typeOfData = typeOfDataMain + " Потери": null

26-05-2025T09:42:15 - [TEST_STEP][PASSED] - if (a == 82): null

26-05-2025T09:42:15 - [TEST_STEP][PASSED] - else if (a == 84): null

26-05-2025T09:42:15 - [TEST_STEP][PASSED] - else if (a == 83 || a == 52 || a == 72 || a == 28 || a == 73 || a == 77 || a == 74 || a == 65 || a == 36 || a == 44 || a == 53 || a == 80 || a == 54 || a == 1 || a == 18 || a == 59 || a == 81): null

26-05-2025T09:42:15 - [TEST_STEP][PASSED] - else: null

26-05-2025T09:42:15 - [TEST_STEP][PASSED] - path = dataFolder + typeOfData + " за отчётный период " + b: null

26-05-2025T09:42:15 - [TEST_STEP][PASSED] - page = getText(findTestObject(path)): Text of object 'Object Repository/Выполнение бизнес-плана/Значения со страницы Выполнение бизнес-плана/План Потери за отчётный период Волгоградэнерго' is: '146 464'

26-05-2025T09:42:15 - [MESSAGE][PASSED] - Text of object 'Object Repository/Выполнение бизнес-плана/Значения со страницы Выполнение бизнес-плана/План Потери за отчётный период Волгоградэнерго' is: '146 464'

26-05-2025T09:42:15 - [TEST_STEP][PASSED] - if (page == "" || page == null): null

26-05-2025T09:42:15 - [TEST_STEP][PASSED] - else: null

26-05-2025T09:42:15 - [TEST_STEP][PASSED] - page = page.replaceAll("\s+", ""): null

26-05-2025T09:42:15 - [TEST_STEP][PASSED] - if (page == "undefined"): null

26-05-2025T09:42:15 - [TEST_STEP][PASSED] - filePoteri = poteri.toInteger(): null

26-05-2025T09:42:15 - [TEST_STEP][PASSED] - pagePoteri = page.toInteger(): null

26-05-2025T09:42:15 - [TEST_STEP][PASSED] - compare = pageOtpuskVSet: null

26-05-2025T09:42:15 - [TEST_STEP][PASSED] - if (pageOtpuskVSet != null): null

26-05-2025T09:42:15 - [TEST_STEP][PASSED] - if (compare == fileOtpuskVSet): null

26-05-2025T09:42:15 - [TEST_STEP][PASSED] - else if (compare > fileOtpuskVSet): null

26-05-2025T09:42:15 - [TEST_STEP][PASSED] - else if (compare < fileOtpuskVSet): null

26-05-2025T09:42:15 - [TEST_STEP][PASSED] - compare = compare + 1: null

26-05-2025T09:42:15 - [TEST_STEP][PASSED] - if (compare == fileOtpuskVSet): null

26-05-2025T09:42:15 - [TEST_STEP][PASSED] - else: null

26-05-2025T09:42:15 - [TEST_STEP][PASSED] - numberOfErrors = numberOfErrors + 1: null

26-05-2025T09:42:15 - [TEST_STEP][PASSED] - pageInt = pageOtpuskVSet: null

26-05-2025T09:42:15 - [TEST_STEP][PASSED] - fileInt = fileOtpuskVSet: null

26-05-2025T09:42:15 - [TEST_STEP][PASSED] - typeOfData = typeOfDataMain + " Отпуск в сеть": null

26-05-2025T09:42:15 - [TEST_STEP][PASSED] - Script1718980020443.WriteToExcel(a, typeOfData, todaysDate, pageInt, fileInt, pageDouble, fileDouble, dZO): null

26-05-2025T09:42:15 - [TEST_STEP][PASSED] - sheetName = "Sheet1": null

26-05-2025T09:42:15 - [TEST_STEP][PASSED] - data = findTestData("PlanFact"): null

26-05-2025T09:42:15 - [TEST_STEP][PASSED] - n = data.getRowNumbers() + 1: null

26-05-2025T09:42:15 - [TEST_STEP][PASSED] - day = ")).toInteger(): null

26-05-2025T09:42:15 - [TEST_STEP][PASSED] - println(day): null

26-05-2025T09:42:15 - [TEST_STEP][PASSED] - month = ")).toInteger(): null

26-05-2025T09:42:15 - [TEST_STEP][PASSED] - println(month): null

26-05-2025T09:42:15 - [TEST_STEP][PASSED] - y = <not implemented yet for class: org.codehaus.groovy.ast.expr.EmptyExpression>: null

26-05-2025T09:42:15 - [TEST_STEP][PASSED] - iy = <not implemented yet for class: org.codehaus.groovy.ast.expr.EmptyExpression>: null

26-05-2025T09:42:15 - [TEST_STEP][PASSED] - m = getText(findTestObject("Выполнение бизнес-плана/Период")): Text of object 'Object Repository/Выполнение бизнес-плана/Период' is: '1 кв. 2025 года'

26-05-2025T09:42:15 - [MESSAGE][PASSED] - Text of object 'Object Repository/Выполнение бизнес-плана/Период' is: '1 кв. 2025 года'

26-05-2025T09:42:15 - [TEST_STEP][PASSED] - iy = m.indexOf("20"): null

26-05-2025T09:42:15 - [TEST_STEP][PASSED] - if (iy > -1): null

26-05-2025T09:42:15 - [TEST_STEP][PASSED] - y = substring(iy, iy + 4).toInteger(): null

26-05-2025T09:42:15 - [TEST_STEP][PASSED] - println(y): null

26-05-2025T09:42:15 - [TEST_STEP][PASSED] - if (toString().length() == 4): null

26-05-2025T09:42:15 - [TEST_STEP][PASSED] - m = m.substring(0, m.indexOf(y.toString())): null

26-05-2025T09:42:15 - [TEST_STEP][PASSED] - m = m.trim(): null

26-05-2025T09:42:15 - [TEST_STEP][PASSED] - if (m == ""): null

26-05-2025T09:42:15 - [TEST_STEP][PASSED] - dashboardName = "Выполнение бизнес-плана": null

26-05-2025T09:42:15 - [TEST_STEP][PASSED] - workbook01 = getWorkbook(excelFilePath): null

26-05-2025T09:42:15 - [TEST_STEP][PASSED] - sheet01 = getExcelSheet(workbook01, sheetName): null

26-05-2025T09:42:15 - [TEST_STEP][PASSED] - setValueToCellByIndex(sheet01, n, 0, dashboardName): null

26-05-2025T09:42:15 - [TEST_STEP][PASSED] - setValueToCellByIndex(sheet01, n, 1, dZO): null

26-05-2025T09:42:15 - [TEST_STEP][PASSED] - setValueToCellByIndex(sheet01, n, 2, typeOfData): null

26-05-2025T09:42:15 - [TEST_STEP][PASSED] - if (typeOfData == "Факт в процентах" || typeOfData == "План в процентах"): null

26-05-2025T09:42:15 - [TEST_STEP][PASSED] - else: null

26-05-2025T09:42:15 - [TEST_STEP][PASSED] - setValueToCellByIndex(sheet01, n, 3, fileInt): null

26-05-2025T09:42:15 - [TEST_STEP][PASSED] - setValueToCellByIndex(sheet01, n, 4, pageInt): null

26-05-2025T09:42:15 - [TEST_STEP][PASSED] - setValueToCellByIndex(sheet01, n, 5, m): null

26-05-2025T09:42:15 - [TEST_STEP][PASSED] - setValueToCellByIndex(sheet01, n, 6, y): null

26-05-2025T09:42:15 - [TEST_STEP][PASSED] - setValueToCellByIndex(sheet01, n, 7, todaysDate): null

26-05-2025T09:42:15 - [TEST_STEP][PASSED] - n = n + 1: null

26-05-2025T09:42:15 - [TEST_STEP][PASSED] - saveWorkbook(excelFilePath, workbook01): null

26-05-2025T09:42:16 - [TEST_STEP][PASSED] - compare = pagePoteri: null

26-05-2025T09:42:16 - [TEST_STEP][PASSED] - if (pageOtpuskVSet != null): null

26-05-2025T09:42:16 - [TEST_STEP][PASSED] - if (compare == filePoteri): null

26-05-2025T09:42:16 - [TEST_STEP][PASSED] - else if (compare > filePoteri): null

26-05-2025T09:42:16 - [TEST_STEP][PASSED] - else if (compare < filePoteri): null

26-05-2025T09:42:16 - [TEST_STEP][PASSED] - compare = compare + 1: null

26-05-2025T09:42:16 - [TEST_STEP][PASSED] - if (compare == filePoteri): null

26-05-2025T09:42:16 - [TEST_STEP][PASSED] - else: null

26-05-2025T09:42:16 - [TEST_STEP][PASSED] - numberOfErrors = numberOfErrors + 1: null

26-05-2025T09:42:16 - [TEST_STEP][PASSED] - pageInt = pagePoteri: null

26-05-2025T09:42:16 - [TEST_STEP][PASSED] - fileInt = filePoteri: null

26-05-2025T09:42:16 - [TEST_STEP][PASSED] - typeOfData = typeOfDataMain + " Потери": null

26-05-2025T09:42:16 - [TEST_STEP][PASSED] - Script1718980020443.WriteToExcel(a, typeOfData, todaysDate, pageInt, fileInt, pageDouble, fileDouble, dZO): null

26-05-2025T09:42:16 - [TEST_STEP][PASSED] - sheetName = "Sheet1": null

26-05-2025T09:42:16 - [TEST_STEP][PASSED] - data = findTestData("PlanFact"): null

26-05-2025T09:42:16 - [TEST_STEP][PASSED] - n = data.getRowNumbers() + 1: null

26-05-2025T09:42:16 - [TEST_STEP][PASSED] - day = ")).toInteger(): null

26-05-2025T09:42:16 - [TEST_STEP][PASSED] - println(day): null

26-05-2025T09:42:16 - [TEST_STEP][PASSED] - month = ")).toInteger(): null

26-05-2025T09:42:16 - [TEST_STEP][PASSED] - println(month): null

26-05-2025T09:42:16 - [TEST_STEP][PASSED] - y = <not implemented yet for class: org.codehaus.groovy.ast.expr.EmptyExpression>: null

26-05-2025T09:42:16 - [TEST_STEP][PASSED] - iy = <not implemented yet for class: org.codehaus.groovy.ast.expr.EmptyExpression>: null

26-05-2025T09:42:16 - [TEST_STEP][PASSED] - m = getText(findTestObject("Выполнение бизнес-плана/Период")): Text of object 'Object Repository/Выполнение бизнес-плана/Период' is: '1 кв. 2025 года'

26-05-2025T09:42:16 - [MESSAGE][PASSED] - Text of object 'Object Repository/Выполнение бизнес-плана/Период' is: '1 кв. 2025 года'

26-05-2025T09:42:16 - [TEST_STEP][PASSED] - iy = m.indexOf("20"): null

26-05-2025T09:42:16 - [TEST_STEP][PASSED] - if (iy > -1): null

26-05-2025T09:42:16 - [TEST_STEP][PASSED] - y = substring(iy, iy + 4).toInteger(): null

26-05-2025T09:42:16 - [TEST_STEP][PASSED] - println(y): null

26-05-2025T09:42:16 - [TEST_STEP][PASSED] - if (toString().length() == 4): null

26-05-2025T09:42:16 - [TEST_STEP][PASSED] - m = m.substring(0, m.indexOf(y.toString())): null

26-05-2025T09:42:16 - [TEST_STEP][PASSED] - m = m.trim(): null

26-05-2025T09:42:16 - [TEST_STEP][PASSED] - if (m == ""): null

26-05-2025T09:42:16 - [TEST_STEP][PASSED] - dashboardName = "Выполнение бизнес-плана": null

26-05-2025T09:42:16 - [TEST_STEP][PASSED] - workbook01 = getWorkbook(excelFilePath): null

26-05-2025T09:42:16 - [TEST_STEP][PASSED] - sheet01 = getExcelSheet(workbook01, sheetName): null

26-05-2025T09:42:16 - [TEST_STEP][PASSED] - setValueToCellByIndex(sheet01, n, 0, dashboardName): null

26-05-2025T09:42:16 - [TEST_STEP][PASSED] - setValueToCellByIndex(sheet01, n, 1, dZO): null

26-05-2025T09:42:16 - [TEST_STEP][PASSED] - setValueToCellByIndex(sheet01, n, 2, typeOfData): null

26-05-2025T09:42:16 - [TEST_STEP][PASSED] - if (typeOfData == "Факт в процентах" || typeOfData == "План в процентах"): null

26-05-2025T09:42:16 - [TEST_STEP][PASSED] - else: null

26-05-2025T09:42:16 - [TEST_STEP][PASSED] - setValueToCellByIndex(sheet01, n, 3, fileInt): null

26-05-2025T09:42:16 - [TEST_STEP][PASSED] - setValueToCellByIndex(sheet01, n, 4, pageInt): null

26-05-2025T09:42:16 - [TEST_STEP][PASSED] - setValueToCellByIndex(sheet01, n, 5, m): null

26-05-2025T09:42:16 - [TEST_STEP][PASSED] - setValueToCellByIndex(sheet01, n, 6, y): null

26-05-2025T09:42:16 - [TEST_STEP][PASSED] - setValueToCellByIndex(sheet01, n, 7, todaysDate): null

26-05-2025T09:42:16 - [TEST_STEP][PASSED] - n = n + 1: null

26-05-2025T09:42:16 - [TEST_STEP][PASSED] - saveWorkbook(excelFilePath, workbook01): Object: 'Object Repository/Выполнение бизнес-плана/Кнопка Факт' is clicked on

26-05-2025T09:42:16 - [TEST_STEP][PASSED] - if (planFact == 2): Object: 'Object Repository/Выполнение бизнес-плана/Кнопка Факт' is clicked on

26-05-2025T09:42:16 - [TEST_STEP][PASSED] - click(findTestObject("Выполнение бизнес-плана/Кнопка Факт")): Object: 'Object Repository/Выполнение бизнес-плана/Кнопка Факт' is clicked on

26-05-2025T09:42:17 - [MESSAGE][PASSED] - Object: 'Object Repository/Выполнение бизнес-плана/Кнопка Факт' is clicked on

26-05-2025T09:42:17 - [TEST_STEP][PASSED] - println("a=" + a): null

26-05-2025T09:42:17 - [TEST_STEP][PASSED] - if (a == 84 || a == 82): null

26-05-2025T09:42:17 - [TEST_STEP][PASSED] - else if (a == 83 || a == 52 || a == 72 || a == 28 || a == 73 || a == 77 || a == 74 || a == 65 || a == 36 || a == 44 || a == 53 || a == 80 || a == 54 || a == 1 || a == 18 || a == 59 || a == 81): null

26-05-2025T09:42:17 - [TEST_STEP][PASSED] - else: null

26-05-2025T09:42:17 - [TEST_STEP][PASSED] - page1 = getText(findTestObject("Object Repository/Выполнение бизнес-плана/spanPlan" + filialNum)): Text of object 'Object Repository/Выполнение бизнес-плана/spanPlan3' is: '8.51
|'

26-05-2025T09:42:17 - [MESSAGE][PASSED] - Text of object 'Object Repository/Выполнение бизнес-плана/spanPlan3' is: '8.51
|'

26-05-2025T09:42:17 - [TEST_STEP][PASSED] - if (page1 == null): null

26-05-2025T09:42:17 - [TEST_STEP][PASSED] - else: null

26-05-2025T09:42:17 - [TEST_STEP][PASSED] - page1 = page1.replace("|", ""): null

26-05-2025T09:42:17 - [TEST_STEP][PASSED] - page2 = getText(findTestObject("Object Repository/Выполнение бизнес-плана/spanFact" + filialNum)): Text of object 'Object Repository/Выполнение бизнес-плана/spanFact3' is: '7.38
|'

26-05-2025T09:42:17 - [MESSAGE][PASSED] - Text of object 'Object Repository/Выполнение бизнес-плана/spanFact3' is: '7.38
|'

26-05-2025T09:42:17 - [TEST_STEP][PASSED] - if (page2 == null): null

26-05-2025T09:42:17 - [TEST_STEP][PASSED] - else: null

26-05-2025T09:42:17 - [TEST_STEP][PASSED] - page2 = page2.replace("|", ""): null

26-05-2025T09:42:17 - [TEST_STEP][PASSED] - println("page1: " + page1): null

26-05-2025T09:42:17 - [TEST_STEP][PASSED] - println("page2: " + page2): null

26-05-2025T09:42:17 - [TEST_STEP][PASSED] - file = findTestData("PlanFact").getValue(4, a): null

26-05-2025T09:42:17 - [TEST_STEP][PASSED] - file = file.replace(",", "."): null

26-05-2025T09:42:17 - [TEST_STEP][PASSED] - println("file Plan: " + file): null

26-05-2025T09:42:17 - [TEST_STEP][PASSED] - typeOfData = "План в процентах": null

26-05-2025T09:42:17 - [TEST_STEP][PASSED] - fileDouble = file.toDouble(): null

26-05-2025T09:42:17 - [TEST_STEP][PASSED] - pageDouble = page1.toDouble(): null

26-05-2025T09:42:17 - [TEST_STEP][PASSED] - if (fileDouble != pageDouble): null

26-05-2025T09:42:17 - [TEST_STEP][PASSED] - numberOfErrors = numberOfErrors + 1: null

26-05-2025T09:42:17 - [TEST_STEP][PASSED] - Script1718980020443.WriteToExcel(a, typeOfData, todaysDate, pageInt, fileInt, pageDouble, fileDouble, dZO): null

26-05-2025T09:42:17 - [TEST_STEP][PASSED] - sheetName = "Sheet1": null

26-05-2025T09:42:17 - [TEST_STEP][PASSED] - data = findTestData("PlanFact"): null

26-05-2025T09:42:17 - [TEST_STEP][PASSED] - n = data.getRowNumbers() + 1: null

26-05-2025T09:42:17 - [TEST_STEP][PASSED] - day = ")).toInteger(): null

26-05-2025T09:42:17 - [TEST_STEP][PASSED] - println(day): null

26-05-2025T09:42:17 - [TEST_STEP][PASSED] - month = ")).toInteger(): null

26-05-2025T09:42:17 - [TEST_STEP][PASSED] - println(month): null

26-05-2025T09:42:17 - [TEST_STEP][PASSED] - y = <not implemented yet for class: org.codehaus.groovy.ast.expr.EmptyExpression>: null

26-05-2025T09:42:17 - [TEST_STEP][PASSED] - iy = <not implemented yet for class: org.codehaus.groovy.ast.expr.EmptyExpression>: null

26-05-2025T09:42:17 - [TEST_STEP][PASSED] - m = getText(findTestObject("Выполнение бизнес-плана/Период")): Text of object 'Object Repository/Выполнение бизнес-плана/Период' is: '1 кв. 2025 года'

26-05-2025T09:42:18 - [MESSAGE][PASSED] - Text of object 'Object Repository/Выполнение бизнес-плана/Период' is: '1 кв. 2025 года'

26-05-2025T09:42:18 - [TEST_STEP][PASSED] - iy = m.indexOf("20"): null

26-05-2025T09:42:18 - [TEST_STEP][PASSED] - if (iy > -1): null

26-05-2025T09:42:18 - [TEST_STEP][PASSED] - y = substring(iy, iy + 4).toInteger(): null

26-05-2025T09:42:18 - [TEST_STEP][PASSED] - println(y): null

26-05-2025T09:42:18 - [TEST_STEP][PASSED] - if (toString().length() == 4): null

26-05-2025T09:42:18 - [TEST_STEP][PASSED] - m = m.substring(0, m.indexOf(y.toString())): null

26-05-2025T09:42:18 - [TEST_STEP][PASSED] - m = m.trim(): null

26-05-2025T09:42:18 - [TEST_STEP][PASSED] - if (m == ""): null

26-05-2025T09:42:18 - [TEST_STEP][PASSED] - dashboardName = "Выполнение бизнес-плана": null

26-05-2025T09:42:18 - [TEST_STEP][PASSED] - workbook01 = getWorkbook(excelFilePath): null

26-05-2025T09:42:18 - [TEST_STEP][PASSED] - sheet01 = getExcelSheet(workbook01, sheetName): null

26-05-2025T09:42:18 - [TEST_STEP][PASSED] - setValueToCellByIndex(sheet01, n, 0, dashboardName): null

26-05-2025T09:42:18 - [TEST_STEP][PASSED] - setValueToCellByIndex(sheet01, n, 1, dZO): null

26-05-2025T09:42:18 - [TEST_STEP][PASSED] - setValueToCellByIndex(sheet01, n, 2, typeOfData): null

26-05-2025T09:42:18 - [TEST_STEP][PASSED] - if (typeOfData == "Факт в процентах" || typeOfData == "План в процентах"): null

26-05-2025T09:42:18 - [TEST_STEP][PASSED] - setValueToCellByIndex(sheet01, n, 3, fileDouble): null

26-05-2025T09:42:18 - [TEST_STEP][PASSED] - setValueToCellByIndex(sheet01, n, 4, pageDouble): null

26-05-2025T09:42:18 - [TEST_STEP][PASSED] - setValueToCellByIndex(sheet01, n, 5, m): null

26-05-2025T09:42:18 - [TEST_STEP][PASSED] - setValueToCellByIndex(sheet01, n, 6, y): null

26-05-2025T09:42:18 - [TEST_STEP][PASSED] - setValueToCellByIndex(sheet01, n, 7, todaysDate): null

26-05-2025T09:42:18 - [TEST_STEP][PASSED] - n = n + 1: null

26-05-2025T09:42:18 - [TEST_STEP][PASSED] - saveWorkbook(excelFilePath, workbook01): null

26-05-2025T09:42:18 - [TEST_STEP][PASSED] - file = findTestData("PlanFact").getValue(7, a): null

26-05-2025T09:42:18 - [TEST_STEP][PASSED] - file = file.replace(",", "."): null

26-05-2025T09:42:18 - [TEST_STEP][PASSED] - println("file Fact: " + file): null

26-05-2025T09:42:18 - [TEST_STEP][PASSED] - fileDouble = file.toDouble(): null

26-05-2025T09:42:18 - [TEST_STEP][PASSED] - typeOfData = "Факт в процентах": null

26-05-2025T09:42:18 - [TEST_STEP][PASSED] - fileDouble = file.toDouble(): null

26-05-2025T09:42:18 - [TEST_STEP][PASSED] - pageDouble = page2.toDouble(): null

26-05-2025T09:42:18 - [TEST_STEP][PASSED] - if (fileDouble != pageDouble): null

26-05-2025T09:42:18 - [TEST_STEP][PASSED] - numberOfErrors = numberOfErrors + 1: null

26-05-2025T09:42:18 - [TEST_STEP][PASSED] - Script1718980020443.WriteToExcel(a, typeOfData, todaysDate, pageInt, fileInt, pageDouble, fileDouble, dZO): null

26-05-2025T09:42:18 - [TEST_STEP][PASSED] - sheetName = "Sheet1": null

26-05-2025T09:42:18 - [TEST_STEP][PASSED] - data = findTestData("PlanFact"): null

26-05-2025T09:42:18 - [TEST_STEP][PASSED] - n = data.getRowNumbers() + 1: null

26-05-2025T09:42:18 - [TEST_STEP][PASSED] - day = ")).toInteger(): null

26-05-2025T09:42:18 - [TEST_STEP][PASSED] - println(day): null

26-05-2025T09:42:18 - [TEST_STEP][PASSED] - month = ")).toInteger(): null

26-05-2025T09:42:18 - [TEST_STEP][PASSED] - println(month): null

26-05-2025T09:42:18 - [TEST_STEP][PASSED] - y = <not implemented yet for class: org.codehaus.groovy.ast.expr.EmptyExpression>: null

26-05-2025T09:42:18 - [TEST_STEP][PASSED] - iy = <not implemented yet for class: org.codehaus.groovy.ast.expr.EmptyExpression>: null

26-05-2025T09:42:18 - [TEST_STEP][PASSED] - m = getText(findTestObject("Выполнение бизнес-плана/Период")): Text of object 'Object Repository/Выполнение бизнес-плана/Период' is: '1 кв. 2025 года'

26-05-2025T09:42:18 - [MESSAGE][PASSED] - Text of object 'Object Repository/Выполнение бизнес-плана/Период' is: '1 кв. 2025 года'

26-05-2025T09:42:18 - [TEST_STEP][PASSED] - iy = m.indexOf("20"): null

26-05-2025T09:42:18 - [TEST_STEP][PASSED] - if (iy > -1): null

26-05-2025T09:42:18 - [TEST_STEP][PASSED] - y = substring(iy, iy + 4).toInteger(): null

26-05-2025T09:42:18 - [TEST_STEP][PASSED] - println(y): null

26-05-2025T09:42:18 - [TEST_STEP][PASSED] - if (toString().length() == 4): null

26-05-2025T09:42:18 - [TEST_STEP][PASSED] - m = m.substring(0, m.indexOf(y.toString())): null

26-05-2025T09:42:18 - [TEST_STEP][PASSED] - m = m.trim(): null

26-05-2025T09:42:18 - [TEST_STEP][PASSED] - if (m == ""): null

26-05-2025T09:42:18 - [TEST_STEP][PASSED] - dashboardName = "Выполнение бизнес-плана": null

26-05-2025T09:42:18 - [TEST_STEP][PASSED] - workbook01 = getWorkbook(excelFilePath): null

26-05-2025T09:42:19 - [TEST_STEP][PASSED] - sheet01 = getExcelSheet(workbook01, sheetName): null

26-05-2025T09:42:19 - [TEST_STEP][PASSED] - setValueToCellByIndex(sheet01, n, 0, dashboardName): null

26-05-2025T09:42:19 - [TEST_STEP][PASSED] - setValueToCellByIndex(sheet01, n, 1, dZO): null

26-05-2025T09:42:19 - [TEST_STEP][PASSED] - setValueToCellByIndex(sheet01, n, 2, typeOfData): null

26-05-2025T09:42:19 - [TEST_STEP][PASSED] - if (typeOfData == "Факт в процентах" || typeOfData == "План в процентах"): null

26-05-2025T09:42:19 - [TEST_STEP][PASSED] - setValueToCellByIndex(sheet01, n, 3, fileDouble): null

26-05-2025T09:42:19 - [TEST_STEP][PASSED] - setValueToCellByIndex(sheet01, n, 4, pageDouble): null

26-05-2025T09:42:19 - [TEST_STEP][PASSED] - setValueToCellByIndex(sheet01, n, 5, m): null

26-05-2025T09:42:19 - [TEST_STEP][PASSED] - setValueToCellByIndex(sheet01, n, 6, y): null

26-05-2025T09:42:19 - [TEST_STEP][PASSED] - setValueToCellByIndex(sheet01, n, 7, todaysDate): null

26-05-2025T09:42:19 - [TEST_STEP][PASSED] - n = n + 1: null

26-05-2025T09:42:19 - [TEST_STEP][PASSED] - saveWorkbook(excelFilePath, workbook01): null

26-05-2025T09:42:19 - [TEST_STEP][FAILED] - if (verifyEqual(numberOfErrors, 0) == false): null

26-05-2025T09:42:19 - [MESSAGE][FAILED] - Unable to verify equal between actual object '6' and expected object '0' (Root cause: com.kms.katalon.core.exception.StepFailedException: Actual object '6' and expected object '0' are not equal
	at com.kms.katalon.core.keyword.builtin.VerifyEqualKeyword$_verifyEqual_closure1.doCall(VerifyEqualKeyword.groovy:58)
	at com.kms.katalon.core.keyword.builtin.VerifyEqualKeyword$_verifyEqual_closure1.call(VerifyEqualKeyword.groovy)
	at com.kms.katalon.core.keyword.internal.KeywordMain.runKeyword(KeywordMain.groovy:75)
	at com.kms.katalon.core.keyword.builtin.VerifyEqualKeyword.verifyEqual(VerifyEqualKeyword.groovy:63)
	at com.kms.katalon.core.keyword.builtin.VerifyEqualKeyword.execute(VerifyEqualKeyword.groovy:44)
	at com.kms.katalon.core.keyword.internal.KeywordExecutor.executeKeywordForPlatform(KeywordExecutor.groovy:74)
	at com.kms.katalon.core.keyword.BuiltinKeywords.verifyEqual(BuiltinKeywords.groovy:146)
	at jdk.internal.reflect.GeneratedMethodAccessor23.invoke(Unknown Source)
	at java.base/jdk.internal.reflect.DelegatingMethodAccessorImpl.invoke(DelegatingMethodAccessorImpl.java:43)
	at Выполнение бизнес-плана Сверка ПАО Россети все филиалы.Numbers(Выполнение бизнес-плана Сверка ПАО Россети все филиалы:749)
	at Выполнение бизнес-плана Сверка ПАО Россети все филиалы.Filials(Выполнение бизнес-плана Сверка ПАО Россети все филиалы:1746)
	at Выполнение бизнес-плана Сверка ПАО Россети все филиалы.Numbers(Выполнение бизнес-плана Сверка ПАО Россети все филиалы:756)
	at Выполнение бизнес-плана Сверка ПАО Россети все филиалы.run(Выполнение бизнес-плана Сверка ПАО Россети все филиалы:395)
	at com.kms.katalon.core.main.ScriptEngine.run(ScriptEngine.java:194)
	at com.kms.katalon.core.main.ScriptEngine.runScriptAsRawText(ScriptEngine.java:119)
	at com.kms.katalon.core.main.TestCaseExecutor.runScript(TestCaseExecutor.java:448)
	at com.kms.katalon.core.main.TestCaseExecutor.doExecute(TestCaseExecutor.java:439)
	at com.kms.katalon.core.main.TestCaseExecutor.processExecutionPhase(TestCaseExecutor.java:418)
	at com.kms.katalon.core.main.TestCaseExecutor.accessMainPhase(TestCaseExecutor.java:410)
	at com.kms.katalon.core.main.TestCaseExecutor.execute(TestCaseExecutor.java:285)
	at com.kms.katalon.core.common.CommonExecutor.accessTestCaseMainPhase(CommonExecutor.java:65)
	at com.kms.katalon.core.main.TestSuiteExecutor.accessTestSuiteMainPhase(TestSuiteExecutor.java:150)
	at com.kms.katalon.core.main.TestSuiteExecutor.execute(TestSuiteExecutor.java:106)
	at com.kms.katalon.core.main.TestCaseMain.startTestSuite(TestCaseMain.java:180)
	at TempTestSuite1748228991768.run(TempTestSuite1748228991768.groovy:35)
	at java.base/jdk.internal.reflect.NativeMethodAccessorImpl.invoke0(Native Method)
	at java.base/jdk.internal.reflect.NativeMethodAccessorImpl.invoke(NativeMethodAccessorImpl.java:77)
	at java.base/jdk.internal.reflect.DelegatingMethodAccessorImpl.invoke(DelegatingMethodAccessorImpl.java:43)
)

26-05-2025T09:42:19 - [TEST_STEP][PASSED] - println(numberOfErrors): null

26-05-2025T09:42:19 - [TEST_STEP][PASSED] - println("a=" + a): null

26-05-2025T09:42:19 - [TEST_STEP][PASSED] - if (a == 28 || a == 77 || a == 74 || a == 65 || a == 36 || a == 44 || a == 54 || a == 1 || a == 18 || a == 59): null

26-05-2025T09:42:19 - [TEST_STEP][PASSED] - if (a == 82): null

26-05-2025T09:42:19 - [TEST_STEP][PASSED] - dZO = "Калмэнерго": null

26-05-2025T09:42:19 - [TEST_STEP][PASSED] - a = 62: null

26-05-2025T09:42:19 - [TEST_STEP][PASSED] - if (x2.contains(dZO)): null

26-05-2025T09:42:19 - [TEST_STEP][PASSED] - filialNum = filialNum + 1: null

26-05-2025T09:42:19 - [TEST_STEP][PASSED] - Script1718980020443.Numbers(a, typeOfData, todaysDate, pageInt, fileInt, pageDouble, fileDouble, dZO, dzoNum, filialNum): null

26-05-2025T09:42:19 - [TEST_STEP][PASSED] - println(dzoNum): null

26-05-2025T09:42:19 - [TEST_STEP][PASSED] - planFact = <not implemented yet for class: org.codehaus.groovy.ast.expr.EmptyExpression>: null

26-05-2025T09:42:19 - [TEST_STEP][PASSED] - page = <not implemented yet for class: org.codehaus.groovy.ast.expr.EmptyExpression>: null

26-05-2025T09:42:19 - [TEST_STEP][PASSED] - page1 = <not implemented yet for class: org.codehaus.groovy.ast.expr.EmptyExpression>: null

26-05-2025T09:42:19 - [TEST_STEP][PASSED] - page2 = <not implemented yet for class: org.codehaus.groovy.ast.expr.EmptyExpression>: null

26-05-2025T09:42:19 - [TEST_STEP][PASSED] - filialNumberInRow = <not implemented yet for class: org.codehaus.groovy.ast.expr.EmptyExpression>: null

26-05-2025T09:42:19 - [TEST_STEP][PASSED] - filialsDzoNames = <not implemented yet for class: org.codehaus.groovy.ast.expr.EmptyExpression>: null

26-05-2025T09:42:19 - [TEST_STEP][PASSED] - numberOfFilials = <not implemented yet for class: org.codehaus.groovy.ast.expr.EmptyExpression>: null

26-05-2025T09:42:19 - [TEST_STEP][PASSED] - numberOfSpaces = <not implemented yet for class: org.codehaus.groovy.ast.expr.EmptyExpression>: null

26-05-2025T09:42:19 - [TEST_STEP][PASSED] - file = <not implemented yet for class: org.codehaus.groovy.ast.expr.EmptyExpression>: null

26-05-2025T09:42:19 - [TEST_STEP][PASSED] - otpusk = <not implemented yet for class: org.codehaus.groovy.ast.expr.EmptyExpression>: null

26-05-2025T09:42:19 - [TEST_STEP][PASSED] - poteri = <not implemented yet for class: org.codehaus.groovy.ast.expr.EmptyExpression>: null

26-05-2025T09:42:19 - [TEST_STEP][PASSED] - dataFolder = "Выполнение бизнес-плана/Значения со страницы Выполнение бизнес-плана/": null

26-05-2025T09:42:19 - [TEST_STEP][PASSED] - path = <not implemented yet for class: org.codehaus.groovy.ast.expr.EmptyExpression>: null

26-05-2025T09:42:19 - [TEST_STEP][PASSED] - typeOfDataMain = <not implemented yet for class: org.codehaus.groovy.ast.expr.EmptyExpression>: null

26-05-2025T09:42:19 - [TEST_STEP][PASSED] - fileOtpuskVSet = <not implemented yet for class: org.codehaus.groovy.ast.expr.EmptyExpression>: null

26-05-2025T09:42:19 - [TEST_STEP][PASSED] - pageOtpuskVSet = <not implemented yet for class: org.codehaus.groovy.ast.expr.EmptyExpression>: null

26-05-2025T09:42:19 - [TEST_STEP][PASSED] - filePoteri = <not implemented yet for class: org.codehaus.groovy.ast.expr.EmptyExpression>: null

26-05-2025T09:42:19 - [TEST_STEP][PASSED] - pagePoteri = <not implemented yet for class: org.codehaus.groovy.ast.expr.EmptyExpression>: null

26-05-2025T09:42:19 - [TEST_STEP][PASSED] - compare = <not implemented yet for class: org.codehaus.groovy.ast.expr.EmptyExpression>: null

26-05-2025T09:42:19 - [TEST_STEP][PASSED] - b = <not implemented yet for class: org.codehaus.groovy.ast.expr.EmptyExpression>: null

26-05-2025T09:42:19 - [TEST_STEP][PASSED] - i = <not implemented yet for class: org.codehaus.groovy.ast.expr.EmptyExpression>: null

26-05-2025T09:42:19 - [TEST_STEP][PASSED] - ii = <not implemented yet for class: org.codehaus.groovy.ast.expr.EmptyExpression>: null

26-05-2025T09:42:19 - [TEST_STEP][PASSED] - c = <not implemented yet for class: org.codehaus.groovy.ast.expr.EmptyExpression>: null

26-05-2025T09:42:19 - [TEST_STEP][PASSED] - numberOfErrors = 0: null

26-05-2025T09:42:19 - [TEST_STEP][PASSED] - if (a == 82): null

26-05-2025T09:42:19 - [TEST_STEP][PASSED] - b = findTestData("PlanFact").getValue(1, a): null

26-05-2025T09:42:19 - [TEST_STEP][PASSED] - i = b.indexOf(" (ГК)"): null

26-05-2025T09:42:19 - [TEST_STEP][PASSED] - if (i > -1): null

26-05-2025T09:42:19 - [TEST_STEP][PASSED] - i = b.indexOf("О ""): null

26-05-2025T09:42:19 - [TEST_STEP][PASSED] - if (i > -1): null

26-05-2025T09:42:19 - [TEST_STEP][PASSED] - i = b.indexOf("О «"): null

26-05-2025T09:42:19 - [TEST_STEP][PASSED] - if (i > -1): null

26-05-2025T09:42:19 - [TEST_STEP][PASSED] - i = b.indexOf("г. "): null

26-05-2025T09:42:19 - [TEST_STEP][PASSED] - if (i > -1): null

26-05-2025T09:42:19 - [TEST_STEP][PASSED] - b = b.trim(): null

26-05-2025T09:42:19 - [TEST_STEP][PASSED] - println(b): null

26-05-2025T09:42:19 - [TEST_STEP][PASSED] - for ([planFact = 1, planFact < 3, (planFact++)]): null

26-05-2025T09:42:19 - [TEST_STEP][PASSED] - if (planFact == 1): null

26-05-2025T09:42:19 - [TEST_STEP][PASSED] - typeOfDataMain = "Факт": null

26-05-2025T09:42:19 - [TEST_STEP][PASSED] - otpusk = findTestData("PlanFact").getValue(5, a): null

26-05-2025T09:42:19 - [TEST_STEP][PASSED] - poteri = findTestData("PlanFact").getValue(6, a): null

26-05-2025T09:42:19 - [TEST_STEP][PASSED] - otpusk = otpusk.replaceAll("\s+", ""): null

26-05-2025T09:42:19 - [TEST_STEP][PASSED] - poteri = poteri.replaceAll("\s+", ""): null

26-05-2025T09:42:19 - [TEST_STEP][PASSED] - typeOfData = typeOfDataMain + " Отпуск в сеть": null

26-05-2025T09:42:19 - [TEST_STEP][PASSED] - if (a == 82): null

26-05-2025T09:42:19 - [TEST_STEP][PASSED] - else if (a == 84): null

26-05-2025T09:42:19 - [TEST_STEP][PASSED] - else if (a == 83 || a == 52 || a == 72 || a == 28 || a == 73 || a == 77 || a == 74 || a == 65 || a == 36 || a == 44 || a == 53 || a == 80 || a == 54 || a == 1 || a == 18 || a == 59 || a == 81): null

26-05-2025T09:42:19 - [TEST_STEP][PASSED] - else: null

26-05-2025T09:42:19 - [TEST_STEP][PASSED] - path = dataFolder + typeOfData + " за отчётный период " + b: null

26-05-2025T09:42:19 - [TEST_STEP][PASSED] - println(path): null

26-05-2025T09:42:19 - [TEST_STEP][PASSED] - page = getText(findTestObject(path)): Text of object 'Object Repository/Выполнение бизнес-плана/Значения со страницы Выполнение бизнес-плана/Факт Отпуск в сеть за отчётный период Калмэнерго' is: '81 664'

26-05-2025T09:42:19 - [MESSAGE][PASSED] - Text of object 'Object Repository/Выполнение бизнес-плана/Значения со страницы Выполнение бизнес-плана/Факт Отпуск в сеть за отчётный период Калмэнерго' is: '81 664'

26-05-2025T09:42:19 - [TEST_STEP][PASSED] - if (page == "" || page == null): null

26-05-2025T09:42:19 - [TEST_STEP][PASSED] - else: null

26-05-2025T09:42:19 - [TEST_STEP][PASSED] - page = page.replaceAll("\s+", ""): null

26-05-2025T09:42:19 - [TEST_STEP][PASSED] - if (page == "undefined"): null

26-05-2025T09:42:19 - [TEST_STEP][PASSED] - fileOtpuskVSet = otpusk.toInteger(): null

26-05-2025T09:42:19 - [TEST_STEP][PASSED] - pageOtpuskVSet = page.toInteger(): null

26-05-2025T09:42:19 - [TEST_STEP][PASSED] - typeOfData = typeOfDataMain + " Потери": null

26-05-2025T09:42:19 - [TEST_STEP][PASSED] - if (a == 82): null

26-05-2025T09:42:19 - [TEST_STEP][PASSED] - else if (a == 84): null

26-05-2025T09:42:19 - [TEST_STEP][PASSED] - else if (a == 83 || a == 52 || a == 72 || a == 28 || a == 73 || a == 77 || a == 74 || a == 65 || a == 36 || a == 44 || a == 53 || a == 80 || a == 54 || a == 1 || a == 18 || a == 59 || a == 81): null

26-05-2025T09:42:19 - [TEST_STEP][PASSED] - else: null

26-05-2025T09:42:19 - [TEST_STEP][PASSED] - path = dataFolder + typeOfData + " за отчётный период " + b: null

26-05-2025T09:42:19 - [TEST_STEP][PASSED] - page = getText(findTestObject(path)): Text of object 'Object Repository/Выполнение бизнес-плана/Значения со страницы Выполнение бизнес-плана/Факт Потери за отчётный период Калмэнерго' is: '21 020'

26-05-2025T09:42:20 - [MESSAGE][PASSED] - Text of object 'Object Repository/Выполнение бизнес-плана/Значения со страницы Выполнение бизнес-плана/Факт Потери за отчётный период Калмэнерго' is: '21 020'

26-05-2025T09:42:20 - [TEST_STEP][PASSED] - if (page == "" || page == null): null

26-05-2025T09:42:20 - [TEST_STEP][PASSED] - else: null

26-05-2025T09:42:20 - [TEST_STEP][PASSED] - page = page.replaceAll("\s+", ""): null

26-05-2025T09:42:20 - [TEST_STEP][PASSED] - if (page == "undefined"): null

26-05-2025T09:42:20 - [TEST_STEP][PASSED] - filePoteri = poteri.toInteger(): null

26-05-2025T09:42:20 - [TEST_STEP][PASSED] - pagePoteri = page.toInteger(): null

26-05-2025T09:42:20 - [TEST_STEP][PASSED] - compare = pageOtpuskVSet: null

26-05-2025T09:42:20 - [TEST_STEP][PASSED] - if (pageOtpuskVSet != null): null

26-05-2025T09:42:20 - [TEST_STEP][PASSED] - if (compare == fileOtpuskVSet): null

26-05-2025T09:42:20 - [TEST_STEP][PASSED] - else if (compare > fileOtpuskVSet): null

26-05-2025T09:42:20 - [TEST_STEP][PASSED] - else if (compare < fileOtpuskVSet): null

26-05-2025T09:42:20 - [TEST_STEP][PASSED] - compare = compare + 1: null

26-05-2025T09:42:20 - [TEST_STEP][PASSED] - if (compare == fileOtpuskVSet): null

26-05-2025T09:42:20 - [TEST_STEP][PASSED] - else: null

26-05-2025T09:42:20 - [TEST_STEP][PASSED] - numberOfErrors = numberOfErrors + 1: null

26-05-2025T09:42:20 - [TEST_STEP][PASSED] - pageInt = pageOtpuskVSet: null

26-05-2025T09:42:20 - [TEST_STEP][PASSED] - fileInt = fileOtpuskVSet: null

26-05-2025T09:42:20 - [TEST_STEP][PASSED] - typeOfData = typeOfDataMain + " Отпуск в сеть": null

26-05-2025T09:42:20 - [TEST_STEP][PASSED] - Script1718980020443.WriteToExcel(a, typeOfData, todaysDate, pageInt, fileInt, pageDouble, fileDouble, dZO): null

26-05-2025T09:42:20 - [TEST_STEP][PASSED] - sheetName = "Sheet1": null

26-05-2025T09:42:20 - [TEST_STEP][PASSED] - data = findTestData("PlanFact"): null

26-05-2025T09:42:20 - [TEST_STEP][PASSED] - n = data.getRowNumbers() + 1: null

26-05-2025T09:42:20 - [TEST_STEP][PASSED] - day = ")).toInteger(): null

26-05-2025T09:42:20 - [TEST_STEP][PASSED] - println(day): null

26-05-2025T09:42:20 - [TEST_STEP][PASSED] - month = ")).toInteger(): null

26-05-2025T09:42:20 - [TEST_STEP][PASSED] - println(month): null

26-05-2025T09:42:20 - [TEST_STEP][PASSED] - y = <not implemented yet for class: org.codehaus.groovy.ast.expr.EmptyExpression>: null

26-05-2025T09:42:20 - [TEST_STEP][PASSED] - iy = <not implemented yet for class: org.codehaus.groovy.ast.expr.EmptyExpression>: null

26-05-2025T09:42:20 - [TEST_STEP][PASSED] - m = getText(findTestObject("Выполнение бизнес-плана/Период")): Text of object 'Object Repository/Выполнение бизнес-плана/Период' is: '1 кв. 2025 года'

26-05-2025T09:42:20 - [MESSAGE][PASSED] - Text of object 'Object Repository/Выполнение бизнес-плана/Период' is: '1 кв. 2025 года'

26-05-2025T09:42:20 - [TEST_STEP][PASSED] - iy = m.indexOf("20"): null

26-05-2025T09:42:20 - [TEST_STEP][PASSED] - if (iy > -1): null

26-05-2025T09:42:20 - [TEST_STEP][PASSED] - y = substring(iy, iy + 4).toInteger(): null

26-05-2025T09:42:20 - [TEST_STEP][PASSED] - println(y): null

26-05-2025T09:42:20 - [TEST_STEP][PASSED] - if (toString().length() == 4): null

26-05-2025T09:42:20 - [TEST_STEP][PASSED] - m = m.substring(0, m.indexOf(y.toString())): null

26-05-2025T09:42:20 - [TEST_STEP][PASSED] - m = m.trim(): null

26-05-2025T09:42:20 - [TEST_STEP][PASSED] - if (m == ""): null

26-05-2025T09:42:20 - [TEST_STEP][PASSED] - dashboardName = "Выполнение бизнес-плана": null

26-05-2025T09:42:20 - [TEST_STEP][PASSED] - workbook01 = getWorkbook(excelFilePath): null

26-05-2025T09:42:20 - [TEST_STEP][PASSED] - sheet01 = getExcelSheet(workbook01, sheetName): null

26-05-2025T09:42:20 - [TEST_STEP][PASSED] - setValueToCellByIndex(sheet01, n, 0, dashboardName): null

26-05-2025T09:42:20 - [TEST_STEP][PASSED] - setValueToCellByIndex(sheet01, n, 1, dZO): null

26-05-2025T09:42:20 - [TEST_STEP][PASSED] - setValueToCellByIndex(sheet01, n, 2, typeOfData): null

26-05-2025T09:42:20 - [TEST_STEP][PASSED] - if (typeOfData == "Факт в процентах" || typeOfData == "План в процентах"): null

26-05-2025T09:42:20 - [TEST_STEP][PASSED] - else: null

26-05-2025T09:42:20 - [TEST_STEP][PASSED] - setValueToCellByIndex(sheet01, n, 3, fileInt): null

26-05-2025T09:42:20 - [TEST_STEP][PASSED] - setValueToCellByIndex(sheet01, n, 4, pageInt): null

26-05-2025T09:42:20 - [TEST_STEP][PASSED] - setValueToCellByIndex(sheet01, n, 5, m): null

26-05-2025T09:42:20 - [TEST_STEP][PASSED] - setValueToCellByIndex(sheet01, n, 6, y): null

26-05-2025T09:42:20 - [TEST_STEP][PASSED] - setValueToCellByIndex(sheet01, n, 7, todaysDate): null

26-05-2025T09:42:20 - [TEST_STEP][PASSED] - n = n + 1: null

26-05-2025T09:42:20 - [TEST_STEP][PASSED] - saveWorkbook(excelFilePath, workbook01): null

26-05-2025T09:42:20 - [TEST_STEP][PASSED] - compare = pagePoteri: null

26-05-2025T09:42:20 - [TEST_STEP][PASSED] - if (pageOtpuskVSet != null): null

26-05-2025T09:42:20 - [TEST_STEP][PASSED] - if (compare == filePoteri): null

26-05-2025T09:42:20 - [TEST_STEP][PASSED] - else if (compare > filePoteri): null

26-05-2025T09:42:20 - [TEST_STEP][PASSED] - else if (compare < filePoteri): null

26-05-2025T09:42:20 - [TEST_STEP][PASSED] - compare = compare + 1: null

26-05-2025T09:42:20 - [TEST_STEP][PASSED] - if (compare == filePoteri): null

26-05-2025T09:42:20 - [TEST_STEP][PASSED] - else: null

26-05-2025T09:42:20 - [TEST_STEP][PASSED] - numberOfErrors = numberOfErrors + 1: null

26-05-2025T09:42:20 - [TEST_STEP][PASSED] - pageInt = pagePoteri: null

26-05-2025T09:42:20 - [TEST_STEP][PASSED] - fileInt = filePoteri: null

26-05-2025T09:42:20 - [TEST_STEP][PASSED] - typeOfData = typeOfDataMain + " Потери": null

26-05-2025T09:42:20 - [TEST_STEP][PASSED] - Script1718980020443.WriteToExcel(a, typeOfData, todaysDate, pageInt, fileInt, pageDouble, fileDouble, dZO): null

26-05-2025T09:42:20 - [TEST_STEP][PASSED] - sheetName = "Sheet1": null

26-05-2025T09:42:20 - [TEST_STEP][PASSED] - data = findTestData("PlanFact"): null

26-05-2025T09:42:20 - [TEST_STEP][PASSED] - n = data.getRowNumbers() + 1: null

26-05-2025T09:42:20 - [TEST_STEP][PASSED] - day = ")).toInteger(): null

26-05-2025T09:42:20 - [TEST_STEP][PASSED] - println(day): null

26-05-2025T09:42:20 - [TEST_STEP][PASSED] - month = ")).toInteger(): null

26-05-2025T09:42:20 - [TEST_STEP][PASSED] - println(month): null

26-05-2025T09:42:20 - [TEST_STEP][PASSED] - y = <not implemented yet for class: org.codehaus.groovy.ast.expr.EmptyExpression>: null

26-05-2025T09:42:20 - [TEST_STEP][PASSED] - iy = <not implemented yet for class: org.codehaus.groovy.ast.expr.EmptyExpression>: null

26-05-2025T09:42:20 - [TEST_STEP][PASSED] - m = getText(findTestObject("Выполнение бизнес-плана/Период")): Text of object 'Object Repository/Выполнение бизнес-плана/Период' is: '1 кв. 2025 года'

26-05-2025T09:42:21 - [MESSAGE][PASSED] - Text of object 'Object Repository/Выполнение бизнес-плана/Период' is: '1 кв. 2025 года'

26-05-2025T09:42:21 - [TEST_STEP][PASSED] - iy = m.indexOf("20"): null

26-05-2025T09:42:21 - [TEST_STEP][PASSED] - if (iy > -1): null

26-05-2025T09:42:21 - [TEST_STEP][PASSED] - y = substring(iy, iy + 4).toInteger(): null

26-05-2025T09:42:21 - [TEST_STEP][PASSED] - println(y): null

26-05-2025T09:42:21 - [TEST_STEP][PASSED] - if (toString().length() == 4): null

26-05-2025T09:42:21 - [TEST_STEP][PASSED] - m = m.substring(0, m.indexOf(y.toString())): null

26-05-2025T09:42:21 - [TEST_STEP][PASSED] - m = m.trim(): null

26-05-2025T09:42:21 - [TEST_STEP][PASSED] - if (m == ""): null

26-05-2025T09:42:21 - [TEST_STEP][PASSED] - dashboardName = "Выполнение бизнес-плана": null

26-05-2025T09:42:21 - [TEST_STEP][PASSED] - workbook01 = getWorkbook(excelFilePath): null

26-05-2025T09:42:21 - [TEST_STEP][PASSED] - sheet01 = getExcelSheet(workbook01, sheetName): null

26-05-2025T09:42:21 - [TEST_STEP][PASSED] - setValueToCellByIndex(sheet01, n, 0, dashboardName): null

26-05-2025T09:42:21 - [TEST_STEP][PASSED] - setValueToCellByIndex(sheet01, n, 1, dZO): null

26-05-2025T09:42:21 - [TEST_STEP][PASSED] - setValueToCellByIndex(sheet01, n, 2, typeOfData): null

26-05-2025T09:42:21 - [TEST_STEP][PASSED] - if (typeOfData == "Факт в процентах" || typeOfData == "План в процентах"): null

26-05-2025T09:42:21 - [TEST_STEP][PASSED] - else: null

26-05-2025T09:42:21 - [TEST_STEP][PASSED] - setValueToCellByIndex(sheet01, n, 3, fileInt): null

26-05-2025T09:42:21 - [TEST_STEP][PASSED] - setValueToCellByIndex(sheet01, n, 4, pageInt): null

26-05-2025T09:42:21 - [TEST_STEP][PASSED] - setValueToCellByIndex(sheet01, n, 5, m): null

26-05-2025T09:42:21 - [TEST_STEP][PASSED] - setValueToCellByIndex(sheet01, n, 6, y): null

26-05-2025T09:42:21 - [TEST_STEP][PASSED] - setValueToCellByIndex(sheet01, n, 7, todaysDate): null

26-05-2025T09:42:21 - [TEST_STEP][PASSED] - n = n + 1: null

26-05-2025T09:42:21 - [TEST_STEP][PASSED] - saveWorkbook(excelFilePath, workbook01): null

26-05-2025T09:42:21 - [TEST_STEP][PASSED] - if (planFact == 2): null

26-05-2025T09:42:21 - [TEST_STEP][PASSED] - if (planFact == 1): null

26-05-2025T09:42:21 - [TEST_STEP][PASSED] - else if (planFact == 2): null

26-05-2025T09:42:21 - [TEST_STEP][PASSED] - click(findTestObject("Выполнение бизнес-плана/Кнопка План")): Object: 'Object Repository/Выполнение бизнес-плана/Кнопка План' is clicked on

26-05-2025T09:42:21 - [MESSAGE][PASSED] - Object: 'Object Repository/Выполнение бизнес-плана/Кнопка План' is clicked on

26-05-2025T09:42:21 - [TEST_STEP][PASSED] - typeOfDataMain = "План": null

26-05-2025T09:42:21 - [TEST_STEP][PASSED] - otpusk = findTestData("PlanFact").getValue(2, a): null

26-05-2025T09:42:21 - [TEST_STEP][PASSED] - poteri = findTestData("PlanFact").getValue(3, a): null

26-05-2025T09:42:21 - [TEST_STEP][PASSED] - otpusk = otpusk.replaceAll("\s+", ""): null

26-05-2025T09:42:21 - [TEST_STEP][PASSED] - poteri = poteri.replaceAll("\s+", ""): null

26-05-2025T09:42:21 - [TEST_STEP][PASSED] - typeOfData = typeOfDataMain + " Отпуск в сеть": null

26-05-2025T09:42:21 - [TEST_STEP][PASSED] - if (a == 82): null

26-05-2025T09:42:21 - [TEST_STEP][PASSED] - else if (a == 84): null

26-05-2025T09:42:21 - [TEST_STEP][PASSED] - else if (a == 83 || a == 52 || a == 72 || a == 28 || a == 73 || a == 77 || a == 74 || a == 65 || a == 36 || a == 44 || a == 53 || a == 80 || a == 54 || a == 1 || a == 18 || a == 59 || a == 81): null

26-05-2025T09:42:21 - [TEST_STEP][PASSED] - else: null

26-05-2025T09:42:21 - [TEST_STEP][PASSED] - path = dataFolder + typeOfData + " за отчётный период " + b: null

26-05-2025T09:42:21 - [TEST_STEP][PASSED] - println(path): null

26-05-2025T09:42:21 - [TEST_STEP][PASSED] - page = getText(findTestObject(path)): Text of object 'Object Repository/Выполнение бизнес-плана/Значения со страницы Выполнение бизнес-плана/План Отпуск в сеть за отчётный период Калмэнерго' is: '86 395'

26-05-2025T09:42:22 - [MESSAGE][PASSED] - Text of object 'Object Repository/Выполнение бизнес-плана/Значения со страницы Выполнение бизнес-плана/План Отпуск в сеть за отчётный период Калмэнерго' is: '86 395'

26-05-2025T09:42:22 - [TEST_STEP][PASSED] - if (page == "" || page == null): null

26-05-2025T09:42:22 - [TEST_STEP][PASSED] - else: null

26-05-2025T09:42:22 - [TEST_STEP][PASSED] - page = page.replaceAll("\s+", ""): null

26-05-2025T09:42:22 - [TEST_STEP][PASSED] - if (page == "undefined"): null

26-05-2025T09:42:22 - [TEST_STEP][PASSED] - fileOtpuskVSet = otpusk.toInteger(): null

26-05-2025T09:42:22 - [TEST_STEP][PASSED] - pageOtpuskVSet = page.toInteger(): null

26-05-2025T09:42:22 - [TEST_STEP][PASSED] - typeOfData = typeOfDataMain + " Потери": null

26-05-2025T09:42:22 - [TEST_STEP][PASSED] - if (a == 82): null

26-05-2025T09:42:22 - [TEST_STEP][PASSED] - else if (a == 84): null

26-05-2025T09:42:22 - [TEST_STEP][PASSED] - else if (a == 83 || a == 52 || a == 72 || a == 28 || a == 73 || a == 77 || a == 74 || a == 65 || a == 36 || a == 44 || a == 53 || a == 80 || a == 54 || a == 1 || a == 18 || a == 59 || a == 81): null

26-05-2025T09:42:22 - [TEST_STEP][PASSED] - else: null

26-05-2025T09:42:22 - [TEST_STEP][PASSED] - path = dataFolder + typeOfData + " за отчётный период " + b: null

26-05-2025T09:42:22 - [TEST_STEP][PASSED] - page = getText(findTestObject(path)): Text of object 'Object Repository/Выполнение бизнес-плана/Значения со страницы Выполнение бизнес-плана/План Потери за отчётный период Калмэнерго' is: '23 319'

26-05-2025T09:42:22 - [MESSAGE][PASSED] - Text of object 'Object Repository/Выполнение бизнес-плана/Значения со страницы Выполнение бизнес-плана/План Потери за отчётный период Калмэнерго' is: '23 319'

26-05-2025T09:42:22 - [TEST_STEP][PASSED] - if (page == "" || page == null): null

26-05-2025T09:42:22 - [TEST_STEP][PASSED] - else: null

26-05-2025T09:42:22 - [TEST_STEP][PASSED] - page = page.replaceAll("\s+", ""): null

26-05-2025T09:42:22 - [TEST_STEP][PASSED] - if (page == "undefined"): null

26-05-2025T09:42:22 - [TEST_STEP][PASSED] - filePoteri = poteri.toInteger(): null

26-05-2025T09:42:22 - [TEST_STEP][PASSED] - pagePoteri = page.toInteger(): null

26-05-2025T09:42:22 - [TEST_STEP][PASSED] - compare = pageOtpuskVSet: null

26-05-2025T09:42:22 - [TEST_STEP][PASSED] - if (pageOtpuskVSet != null): null

26-05-2025T09:42:22 - [TEST_STEP][PASSED] - if (compare == fileOtpuskVSet): null

26-05-2025T09:42:22 - [TEST_STEP][PASSED] - else if (compare > fileOtpuskVSet): null

26-05-2025T09:42:22 - [TEST_STEP][PASSED] - else if (compare < fileOtpuskVSet): null

26-05-2025T09:42:22 - [TEST_STEP][PASSED] - compare = compare + 1: null

26-05-2025T09:42:22 - [TEST_STEP][PASSED] - if (compare == fileOtpuskVSet): null

26-05-2025T09:42:22 - [TEST_STEP][PASSED] - else: null

26-05-2025T09:42:22 - [TEST_STEP][PASSED] - numberOfErrors = numberOfErrors + 1: null

26-05-2025T09:42:22 - [TEST_STEP][PASSED] - pageInt = pageOtpuskVSet: null

26-05-2025T09:42:22 - [TEST_STEP][PASSED] - fileInt = fileOtpuskVSet: null

26-05-2025T09:42:22 - [TEST_STEP][PASSED] - typeOfData = typeOfDataMain + " Отпуск в сеть": null

26-05-2025T09:42:22 - [TEST_STEP][PASSED] - Script1718980020443.WriteToExcel(a, typeOfData, todaysDate, pageInt, fileInt, pageDouble, fileDouble, dZO): null

26-05-2025T09:42:22 - [TEST_STEP][PASSED] - sheetName = "Sheet1": null

26-05-2025T09:42:22 - [TEST_STEP][PASSED] - data = findTestData("PlanFact"): null

26-05-2025T09:42:22 - [TEST_STEP][PASSED] - n = data.getRowNumbers() + 1: null

26-05-2025T09:42:22 - [TEST_STEP][PASSED] - day = ")).toInteger(): null

26-05-2025T09:42:22 - [TEST_STEP][PASSED] - println(day): null

26-05-2025T09:42:22 - [TEST_STEP][PASSED] - month = ")).toInteger(): null

26-05-2025T09:42:22 - [TEST_STEP][PASSED] - println(month): null

26-05-2025T09:42:22 - [TEST_STEP][PASSED] - y = <not implemented yet for class: org.codehaus.groovy.ast.expr.EmptyExpression>: null

26-05-2025T09:42:22 - [TEST_STEP][PASSED] - iy = <not implemented yet for class: org.codehaus.groovy.ast.expr.EmptyExpression>: null

26-05-2025T09:42:22 - [TEST_STEP][PASSED] - m = getText(findTestObject("Выполнение бизнес-плана/Период")): Text of object 'Object Repository/Выполнение бизнес-плана/Период' is: '1 кв. 2025 года'

26-05-2025T09:42:22 - [MESSAGE][PASSED] - Text of object 'Object Repository/Выполнение бизнес-плана/Период' is: '1 кв. 2025 года'

26-05-2025T09:42:22 - [TEST_STEP][PASSED] - iy = m.indexOf("20"): null

26-05-2025T09:42:22 - [TEST_STEP][PASSED] - if (iy > -1): null

26-05-2025T09:42:22 - [TEST_STEP][PASSED] - y = substring(iy, iy + 4).toInteger(): null

26-05-2025T09:42:22 - [TEST_STEP][PASSED] - println(y): null

26-05-2025T09:42:22 - [TEST_STEP][PASSED] - if (toString().length() == 4): null

26-05-2025T09:42:22 - [TEST_STEP][PASSED] - m = m.substring(0, m.indexOf(y.toString())): null

26-05-2025T09:42:22 - [TEST_STEP][PASSED] - m = m.trim(): null

26-05-2025T09:42:22 - [TEST_STEP][PASSED] - if (m == ""): null

26-05-2025T09:42:22 - [TEST_STEP][PASSED] - dashboardName = "Выполнение бизнес-плана": null

26-05-2025T09:42:22 - [TEST_STEP][PASSED] - workbook01 = getWorkbook(excelFilePath): null

26-05-2025T09:42:22 - [TEST_STEP][PASSED] - sheet01 = getExcelSheet(workbook01, sheetName): null

26-05-2025T09:42:22 - [TEST_STEP][PASSED] - setValueToCellByIndex(sheet01, n, 0, dashboardName): null

26-05-2025T09:42:22 - [TEST_STEP][PASSED] - setValueToCellByIndex(sheet01, n, 1, dZO): null

26-05-2025T09:42:22 - [TEST_STEP][PASSED] - setValueToCellByIndex(sheet01, n, 2, typeOfData): null

26-05-2025T09:42:22 - [TEST_STEP][PASSED] - if (typeOfData == "Факт в процентах" || typeOfData == "План в процентах"): null

26-05-2025T09:42:22 - [TEST_STEP][PASSED] - else: null

26-05-2025T09:42:22 - [TEST_STEP][PASSED] - setValueToCellByIndex(sheet01, n, 3, fileInt): null

26-05-2025T09:42:22 - [TEST_STEP][PASSED] - setValueToCellByIndex(sheet01, n, 4, pageInt): null

26-05-2025T09:42:22 - [TEST_STEP][PASSED] - setValueToCellByIndex(sheet01, n, 5, m): null

26-05-2025T09:42:22 - [TEST_STEP][PASSED] - setValueToCellByIndex(sheet01, n, 6, y): null

26-05-2025T09:42:22 - [TEST_STEP][PASSED] - setValueToCellByIndex(sheet01, n, 7, todaysDate): null

26-05-2025T09:42:22 - [TEST_STEP][PASSED] - n = n + 1: null

26-05-2025T09:42:22 - [TEST_STEP][PASSED] - saveWorkbook(excelFilePath, workbook01): null

26-05-2025T09:42:23 - [TEST_STEP][PASSED] - compare = pagePoteri: null

26-05-2025T09:42:23 - [TEST_STEP][PASSED] - if (pageOtpuskVSet != null): null

26-05-2025T09:42:23 - [TEST_STEP][PASSED] - if (compare == filePoteri): null

26-05-2025T09:42:23 - [TEST_STEP][PASSED] - else if (compare > filePoteri): null

26-05-2025T09:42:23 - [TEST_STEP][PASSED] - else if (compare < filePoteri): null

26-05-2025T09:42:23 - [TEST_STEP][PASSED] - compare = compare + 1: null

26-05-2025T09:42:23 - [TEST_STEP][PASSED] - if (compare == filePoteri): null

26-05-2025T09:42:23 - [TEST_STEP][PASSED] - else: null

26-05-2025T09:42:23 - [TEST_STEP][PASSED] - numberOfErrors = numberOfErrors + 1: null

26-05-2025T09:42:23 - [TEST_STEP][PASSED] - pageInt = pagePoteri: null

26-05-2025T09:42:23 - [TEST_STEP][PASSED] - fileInt = filePoteri: null

26-05-2025T09:42:23 - [TEST_STEP][PASSED] - typeOfData = typeOfDataMain + " Потери": null

26-05-2025T09:42:23 - [TEST_STEP][PASSED] - Script1718980020443.WriteToExcel(a, typeOfData, todaysDate, pageInt, fileInt, pageDouble, fileDouble, dZO): null

26-05-2025T09:42:23 - [TEST_STEP][PASSED] - sheetName = "Sheet1": null

26-05-2025T09:42:23 - [TEST_STEP][PASSED] - data = findTestData("PlanFact"): null

26-05-2025T09:42:23 - [TEST_STEP][PASSED] - n = data.getRowNumbers() + 1: null

26-05-2025T09:42:23 - [TEST_STEP][PASSED] - day = ")).toInteger(): null

26-05-2025T09:42:23 - [TEST_STEP][PASSED] - println(day): null

26-05-2025T09:42:23 - [TEST_STEP][PASSED] - month = ")).toInteger(): null

26-05-2025T09:42:23 - [TEST_STEP][PASSED] - println(month): null

26-05-2025T09:42:23 - [TEST_STEP][PASSED] - y = <not implemented yet for class: org.codehaus.groovy.ast.expr.EmptyExpression>: null

26-05-2025T09:42:23 - [TEST_STEP][PASSED] - iy = <not implemented yet for class: org.codehaus.groovy.ast.expr.EmptyExpression>: null

26-05-2025T09:42:23 - [TEST_STEP][PASSED] - m = getText(findTestObject("Выполнение бизнес-плана/Период")): Text of object 'Object Repository/Выполнение бизнес-плана/Период' is: '1 кв. 2025 года'

26-05-2025T09:42:23 - [MESSAGE][PASSED] - Text of object 'Object Repository/Выполнение бизнес-плана/Период' is: '1 кв. 2025 года'

26-05-2025T09:42:23 - [TEST_STEP][PASSED] - iy = m.indexOf("20"): null

26-05-2025T09:42:23 - [TEST_STEP][PASSED] - if (iy > -1): null

26-05-2025T09:42:23 - [TEST_STEP][PASSED] - y = substring(iy, iy + 4).toInteger(): null

26-05-2025T09:42:23 - [TEST_STEP][PASSED] - println(y): null

26-05-2025T09:42:23 - [TEST_STEP][PASSED] - if (toString().length() == 4): null

26-05-2025T09:42:23 - [TEST_STEP][PASSED] - m = m.substring(0, m.indexOf(y.toString())): null

26-05-2025T09:42:23 - [TEST_STEP][PASSED] - m = m.trim(): null

26-05-2025T09:42:23 - [TEST_STEP][PASSED] - if (m == ""): null

26-05-2025T09:42:23 - [TEST_STEP][PASSED] - dashboardName = "Выполнение бизнес-плана": null

26-05-2025T09:42:23 - [TEST_STEP][PASSED] - workbook01 = getWorkbook(excelFilePath): null

26-05-2025T09:42:23 - [TEST_STEP][PASSED] - sheet01 = getExcelSheet(workbook01, sheetName): null

26-05-2025T09:42:23 - [TEST_STEP][PASSED] - setValueToCellByIndex(sheet01, n, 0, dashboardName): null

26-05-2025T09:42:23 - [TEST_STEP][PASSED] - setValueToCellByIndex(sheet01, n, 1, dZO): null

26-05-2025T09:42:23 - [TEST_STEP][PASSED] - setValueToCellByIndex(sheet01, n, 2, typeOfData): null

26-05-2025T09:42:23 - [TEST_STEP][PASSED] - if (typeOfData == "Факт в процентах" || typeOfData == "План в процентах"): null

26-05-2025T09:42:23 - [TEST_STEP][PASSED] - else: null

26-05-2025T09:42:23 - [TEST_STEP][PASSED] - setValueToCellByIndex(sheet01, n, 3, fileInt): null

26-05-2025T09:42:23 - [TEST_STEP][PASSED] - setValueToCellByIndex(sheet01, n, 4, pageInt): null

26-05-2025T09:42:23 - [TEST_STEP][PASSED] - setValueToCellByIndex(sheet01, n, 5, m): null

26-05-2025T09:42:23 - [TEST_STEP][PASSED] - setValueToCellByIndex(sheet01, n, 6, y): null

26-05-2025T09:42:23 - [TEST_STEP][PASSED] - setValueToCellByIndex(sheet01, n, 7, todaysDate): null

26-05-2025T09:42:23 - [TEST_STEP][PASSED] - n = n + 1: null

26-05-2025T09:42:23 - [TEST_STEP][PASSED] - saveWorkbook(excelFilePath, workbook01): Object: 'Object Repository/Выполнение бизнес-плана/Кнопка Факт' is clicked on

26-05-2025T09:42:23 - [TEST_STEP][PASSED] - if (planFact == 2): Object: 'Object Repository/Выполнение бизнес-плана/Кнопка Факт' is clicked on

26-05-2025T09:42:23 - [TEST_STEP][PASSED] - click(findTestObject("Выполнение бизнес-плана/Кнопка Факт")): Object: 'Object Repository/Выполнение бизнес-плана/Кнопка Факт' is clicked on

26-05-2025T09:42:24 - [MESSAGE][PASSED] - Object: 'Object Repository/Выполнение бизнес-плана/Кнопка Факт' is clicked on

26-05-2025T09:42:24 - [TEST_STEP][PASSED] - println("a=" + a): null

26-05-2025T09:42:24 - [TEST_STEP][PASSED] - if (a == 84 || a == 82): null

26-05-2025T09:42:24 - [TEST_STEP][PASSED] - else if (a == 83 || a == 52 || a == 72 || a == 28 || a == 73 || a == 77 || a == 74 || a == 65 || a == 36 || a == 44 || a == 53 || a == 80 || a == 54 || a == 1 || a == 18 || a == 59 || a == 81): null

26-05-2025T09:42:24 - [TEST_STEP][PASSED] - else: null

26-05-2025T09:42:24 - [TEST_STEP][PASSED] - page1 = getText(findTestObject("Object Repository/Выполнение бизнес-плана/spanPlan" + filialNum)): Text of object 'Object Repository/Выполнение бизнес-плана/spanPlan4' is: '26.99
|'

26-05-2025T09:42:24 - [MESSAGE][PASSED] - Text of object 'Object Repository/Выполнение бизнес-плана/spanPlan4' is: '26.99
|'

26-05-2025T09:42:24 - [TEST_STEP][PASSED] - if (page1 == null): null

26-05-2025T09:42:24 - [TEST_STEP][PASSED] - else: null

26-05-2025T09:42:24 - [TEST_STEP][PASSED] - page1 = page1.replace("|", ""): null

26-05-2025T09:42:24 - [TEST_STEP][PASSED] - page2 = getText(findTestObject("Object Repository/Выполнение бизнес-плана/spanFact" + filialNum)): Text of object 'Object Repository/Выполнение бизнес-плана/spanFact4' is: '25.74
|'

26-05-2025T09:42:24 - [MESSAGE][PASSED] - Text of object 'Object Repository/Выполнение бизнес-плана/spanFact4' is: '25.74
|'

26-05-2025T09:42:24 - [TEST_STEP][PASSED] - if (page2 == null): null

26-05-2025T09:42:24 - [TEST_STEP][PASSED] - else: null

26-05-2025T09:42:24 - [TEST_STEP][PASSED] - page2 = page2.replace("|", ""): null

26-05-2025T09:42:24 - [TEST_STEP][PASSED] - println("page1: " + page1): null

26-05-2025T09:42:24 - [TEST_STEP][PASSED] - println("page2: " + page2): null

26-05-2025T09:42:24 - [TEST_STEP][PASSED] - file = findTestData("PlanFact").getValue(4, a): null

26-05-2025T09:42:24 - [TEST_STEP][PASSED] - file = file.replace(",", "."): null

26-05-2025T09:42:24 - [TEST_STEP][PASSED] - println("file Plan: " + file): null

26-05-2025T09:42:24 - [TEST_STEP][PASSED] - typeOfData = "План в процентах": null

26-05-2025T09:42:24 - [TEST_STEP][PASSED] - fileDouble = file.toDouble(): null

26-05-2025T09:42:24 - [TEST_STEP][PASSED] - pageDouble = page1.toDouble(): null

26-05-2025T09:42:24 - [TEST_STEP][PASSED] - if (fileDouble != pageDouble): null

26-05-2025T09:42:24 - [TEST_STEP][PASSED] - numberOfErrors = numberOfErrors + 1: null

26-05-2025T09:42:24 - [TEST_STEP][PASSED] - Script1718980020443.WriteToExcel(a, typeOfData, todaysDate, pageInt, fileInt, pageDouble, fileDouble, dZO): null

26-05-2025T09:42:24 - [TEST_STEP][PASSED] - sheetName = "Sheet1": null

26-05-2025T09:42:24 - [TEST_STEP][PASSED] - data = findTestData("PlanFact"): null

26-05-2025T09:42:24 - [TEST_STEP][PASSED] - n = data.getRowNumbers() + 1: null

26-05-2025T09:42:24 - [TEST_STEP][PASSED] - day = ")).toInteger(): null

26-05-2025T09:42:24 - [TEST_STEP][PASSED] - println(day): null

26-05-2025T09:42:24 - [TEST_STEP][PASSED] - month = ")).toInteger(): null

26-05-2025T09:42:24 - [TEST_STEP][PASSED] - println(month): null

26-05-2025T09:42:24 - [TEST_STEP][PASSED] - y = <not implemented yet for class: org.codehaus.groovy.ast.expr.EmptyExpression>: null

26-05-2025T09:42:24 - [TEST_STEP][PASSED] - iy = <not implemented yet for class: org.codehaus.groovy.ast.expr.EmptyExpression>: null

26-05-2025T09:42:24 - [TEST_STEP][PASSED] - m = getText(findTestObject("Выполнение бизнес-плана/Период")): Text of object 'Object Repository/Выполнение бизнес-плана/Период' is: '1 кв. 2025 года'

26-05-2025T09:42:25 - [MESSAGE][PASSED] - Text of object 'Object Repository/Выполнение бизнес-плана/Период' is: '1 кв. 2025 года'

26-05-2025T09:42:25 - [TEST_STEP][PASSED] - iy = m.indexOf("20"): null

26-05-2025T09:42:25 - [TEST_STEP][PASSED] - if (iy > -1): null

26-05-2025T09:42:25 - [TEST_STEP][PASSED] - y = substring(iy, iy + 4).toInteger(): null

26-05-2025T09:42:25 - [TEST_STEP][PASSED] - println(y): null

26-05-2025T09:42:25 - [TEST_STEP][PASSED] - if (toString().length() == 4): null

26-05-2025T09:42:25 - [TEST_STEP][PASSED] - m = m.substring(0, m.indexOf(y.toString())): null

26-05-2025T09:42:25 - [TEST_STEP][PASSED] - m = m.trim(): null

26-05-2025T09:42:25 - [TEST_STEP][PASSED] - if (m == ""): null

26-05-2025T09:42:25 - [TEST_STEP][PASSED] - dashboardName = "Выполнение бизнес-плана": null

26-05-2025T09:42:25 - [TEST_STEP][PASSED] - workbook01 = getWorkbook(excelFilePath): null

26-05-2025T09:42:25 - [TEST_STEP][PASSED] - sheet01 = getExcelSheet(workbook01, sheetName): null

26-05-2025T09:42:25 - [TEST_STEP][PASSED] - setValueToCellByIndex(sheet01, n, 0, dashboardName): null

26-05-2025T09:42:25 - [TEST_STEP][PASSED] - setValueToCellByIndex(sheet01, n, 1, dZO): null

26-05-2025T09:42:25 - [TEST_STEP][PASSED] - setValueToCellByIndex(sheet01, n, 2, typeOfData): null

26-05-2025T09:42:25 - [TEST_STEP][PASSED] - if (typeOfData == "Факт в процентах" || typeOfData == "План в процентах"): null

26-05-2025T09:42:25 - [TEST_STEP][PASSED] - setValueToCellByIndex(sheet01, n, 3, fileDouble): null

26-05-2025T09:42:25 - [TEST_STEP][PASSED] - setValueToCellByIndex(sheet01, n, 4, pageDouble): null

26-05-2025T09:42:25 - [TEST_STEP][PASSED] - setValueToCellByIndex(sheet01, n, 5, m): null

26-05-2025T09:42:25 - [TEST_STEP][PASSED] - setValueToCellByIndex(sheet01, n, 6, y): null

26-05-2025T09:42:25 - [TEST_STEP][PASSED] - setValueToCellByIndex(sheet01, n, 7, todaysDate): null

26-05-2025T09:42:25 - [TEST_STEP][PASSED] - n = n + 1: null

26-05-2025T09:42:25 - [TEST_STEP][PASSED] - saveWorkbook(excelFilePath, workbook01): null

26-05-2025T09:42:25 - [TEST_STEP][PASSED] - file = findTestData("PlanFact").getValue(7, a): null

26-05-2025T09:42:25 - [TEST_STEP][PASSED] - file = file.replace(",", "."): null

26-05-2025T09:42:25 - [TEST_STEP][PASSED] - println("file Fact: " + file): null

26-05-2025T09:42:25 - [TEST_STEP][PASSED] - fileDouble = file.toDouble(): null

26-05-2025T09:42:25 - [TEST_STEP][PASSED] - typeOfData = "Факт в процентах": null

26-05-2025T09:42:25 - [TEST_STEP][PASSED] - fileDouble = file.toDouble(): null

26-05-2025T09:42:25 - [TEST_STEP][PASSED] - pageDouble = page2.toDouble(): null

26-05-2025T09:42:25 - [TEST_STEP][PASSED] - if (fileDouble != pageDouble): null

26-05-2025T09:42:25 - [TEST_STEP][PASSED] - numberOfErrors = numberOfErrors + 1: null

26-05-2025T09:42:25 - [TEST_STEP][PASSED] - Script1718980020443.WriteToExcel(a, typeOfData, todaysDate, pageInt, fileInt, pageDouble, fileDouble, dZO): null

26-05-2025T09:42:25 - [TEST_STEP][PASSED] - sheetName = "Sheet1": null

26-05-2025T09:42:25 - [TEST_STEP][PASSED] - data = findTestData("PlanFact"): null

26-05-2025T09:42:25 - [TEST_STEP][PASSED] - n = data.getRowNumbers() + 1: null

26-05-2025T09:42:25 - [TEST_STEP][PASSED] - day = ")).toInteger(): null

26-05-2025T09:42:25 - [TEST_STEP][PASSED] - println(day): null

26-05-2025T09:42:25 - [TEST_STEP][PASSED] - month = ")).toInteger(): null

26-05-2025T09:42:25 - [TEST_STEP][PASSED] - println(month): null

26-05-2025T09:42:25 - [TEST_STEP][PASSED] - y = <not implemented yet for class: org.codehaus.groovy.ast.expr.EmptyExpression>: null

26-05-2025T09:42:25 - [TEST_STEP][PASSED] - iy = <not implemented yet for class: org.codehaus.groovy.ast.expr.EmptyExpression>: null

26-05-2025T09:42:25 - [TEST_STEP][PASSED] - m = getText(findTestObject("Выполнение бизнес-плана/Период")): Text of object 'Object Repository/Выполнение бизнес-плана/Период' is: '1 кв. 2025 года'

26-05-2025T09:42:25 - [MESSAGE][PASSED] - Text of object 'Object Repository/Выполнение бизнес-плана/Период' is: '1 кв. 2025 года'

26-05-2025T09:42:25 - [TEST_STEP][PASSED] - iy = m.indexOf("20"): null

26-05-2025T09:42:25 - [TEST_STEP][PASSED] - if (iy > -1): null

26-05-2025T09:42:25 - [TEST_STEP][PASSED] - y = substring(iy, iy + 4).toInteger(): null

26-05-2025T09:42:25 - [TEST_STEP][PASSED] - println(y): null

26-05-2025T09:42:25 - [TEST_STEP][PASSED] - if (toString().length() == 4): null

26-05-2025T09:42:25 - [TEST_STEP][PASSED] - m = m.substring(0, m.indexOf(y.toString())): null

26-05-2025T09:42:25 - [TEST_STEP][PASSED] - m = m.trim(): null

26-05-2025T09:42:25 - [TEST_STEP][PASSED] - if (m == ""): null

26-05-2025T09:42:25 - [TEST_STEP][PASSED] - dashboardName = "Выполнение бизнес-плана": null

26-05-2025T09:42:25 - [TEST_STEP][PASSED] - workbook01 = getWorkbook(excelFilePath): null

26-05-2025T09:42:25 - [TEST_STEP][PASSED] - sheet01 = getExcelSheet(workbook01, sheetName): null

26-05-2025T09:42:25 - [TEST_STEP][PASSED] - setValueToCellByIndex(sheet01, n, 0, dashboardName): null

26-05-2025T09:42:25 - [TEST_STEP][PASSED] - setValueToCellByIndex(sheet01, n, 1, dZO): null

26-05-2025T09:42:25 - [TEST_STEP][PASSED] - setValueToCellByIndex(sheet01, n, 2, typeOfData): null

26-05-2025T09:42:25 - [TEST_STEP][PASSED] - if (typeOfData == "Факт в процентах" || typeOfData == "План в процентах"): null

26-05-2025T09:42:25 - [TEST_STEP][PASSED] - setValueToCellByIndex(sheet01, n, 3, fileDouble): null

26-05-2025T09:42:25 - [TEST_STEP][PASSED] - setValueToCellByIndex(sheet01, n, 4, pageDouble): null

26-05-2025T09:42:25 - [TEST_STEP][PASSED] - setValueToCellByIndex(sheet01, n, 5, m): null

26-05-2025T09:42:25 - [TEST_STEP][PASSED] - setValueToCellByIndex(sheet01, n, 6, y): null

26-05-2025T09:42:25 - [TEST_STEP][PASSED] - setValueToCellByIndex(sheet01, n, 7, todaysDate): null

26-05-2025T09:42:25 - [TEST_STEP][PASSED] - n = n + 1: null

26-05-2025T09:42:25 - [TEST_STEP][PASSED] - saveWorkbook(excelFilePath, workbook01): null

26-05-2025T09:42:26 - [TEST_STEP][FAILED] - if (verifyEqual(numberOfErrors, 0) == false): null

26-05-2025T09:42:26 - [MESSAGE][FAILED] - Unable to verify equal between actual object '6' and expected object '0' (Root cause: com.kms.katalon.core.exception.StepFailedException: Actual object '6' and expected object '0' are not equal
	at com.kms.katalon.core.keyword.builtin.VerifyEqualKeyword$_verifyEqual_closure1.doCall(VerifyEqualKeyword.groovy:58)
	at com.kms.katalon.core.keyword.builtin.VerifyEqualKeyword$_verifyEqual_closure1.call(VerifyEqualKeyword.groovy)
	at com.kms.katalon.core.keyword.internal.KeywordMain.runKeyword(KeywordMain.groovy:75)
	at com.kms.katalon.core.keyword.builtin.VerifyEqualKeyword.verifyEqual(VerifyEqualKeyword.groovy:63)
	at com.kms.katalon.core.keyword.builtin.VerifyEqualKeyword.execute(VerifyEqualKeyword.groovy:44)
	at com.kms.katalon.core.keyword.internal.KeywordExecutor.executeKeywordForPlatform(KeywordExecutor.groovy:74)
	at com.kms.katalon.core.keyword.BuiltinKeywords.verifyEqual(BuiltinKeywords.groovy:146)
	at jdk.internal.reflect.GeneratedMethodAccessor23.invoke(Unknown Source)
	at java.base/jdk.internal.reflect.DelegatingMethodAccessorImpl.invoke(DelegatingMethodAccessorImpl.java:43)
	at Выполнение бизнес-плана Сверка ПАО Россети все филиалы.Numbers(Выполнение бизнес-плана Сверка ПАО Россети все филиалы:749)
	at Выполнение бизнес-плана Сверка ПАО Россети все филиалы.Filials(Выполнение бизнес-плана Сверка ПАО Россети все филиалы:1758)
	at Выполнение бизнес-плана Сверка ПАО Россети все филиалы.Numbers(Выполнение бизнес-плана Сверка ПАО Россети все филиалы:756)
	at Выполнение бизнес-плана Сверка ПАО Россети все филиалы.run(Выполнение бизнес-плана Сверка ПАО Россети все филиалы:395)
	at com.kms.katalon.core.main.ScriptEngine.run(ScriptEngine.java:194)
	at com.kms.katalon.core.main.ScriptEngine.runScriptAsRawText(ScriptEngine.java:119)
	at com.kms.katalon.core.main.TestCaseExecutor.runScript(TestCaseExecutor.java:448)
	at com.kms.katalon.core.main.TestCaseExecutor.doExecute(TestCaseExecutor.java:439)
	at com.kms.katalon.core.main.TestCaseExecutor.processExecutionPhase(TestCaseExecutor.java:418)
	at com.kms.katalon.core.main.TestCaseExecutor.accessMainPhase(TestCaseExecutor.java:410)
	at com.kms.katalon.core.main.TestCaseExecutor.execute(TestCaseExecutor.java:285)
	at com.kms.katalon.core.common.CommonExecutor.accessTestCaseMainPhase(CommonExecutor.java:65)
	at com.kms.katalon.core.main.TestSuiteExecutor.accessTestSuiteMainPhase(TestSuiteExecutor.java:150)
	at com.kms.katalon.core.main.TestSuiteExecutor.execute(TestSuiteExecutor.java:106)
	at com.kms.katalon.core.main.TestCaseMain.startTestSuite(TestCaseMain.java:180)
	at TempTestSuite1748228991768.run(TempTestSuite1748228991768.groovy:35)
	at java.base/jdk.internal.reflect.NativeMethodAccessorImpl.invoke0(Native Method)
	at java.base/jdk.internal.reflect.NativeMethodAccessorImpl.invoke(NativeMethodAccessorImpl.java:77)
	at java.base/jdk.internal.reflect.DelegatingMethodAccessorImpl.invoke(DelegatingMethodAccessorImpl.java:43)
)

26-05-2025T09:42:26 - [TEST_STEP][PASSED] - println(numberOfErrors): null

26-05-2025T09:42:26 - [TEST_STEP][PASSED] - println("a=" + a): null

26-05-2025T09:42:26 - [TEST_STEP][PASSED] - if (a == 28 || a == 77 || a == 74 || a == 65 || a == 36 || a == 44 || a == 54 || a == 1 || a == 18 || a == 59): null

26-05-2025T09:42:26 - [TEST_STEP][PASSED] - if (a == 82): null

26-05-2025T09:42:26 - [TEST_STEP][PASSED] - dZO = "Ростовэнерго": null

26-05-2025T09:42:26 - [TEST_STEP][PASSED] - a = 63: null

26-05-2025T09:42:26 - [TEST_STEP][PASSED] - if (x2.contains(dZO)): null

26-05-2025T09:42:26 - [TEST_STEP][PASSED] - filialNum = filialNum + 1: null

26-05-2025T09:42:26 - [TEST_STEP][PASSED] - Script1718980020443.Numbers(a, typeOfData, todaysDate, pageInt, fileInt, pageDouble, fileDouble, dZO, dzoNum, filialNum): null

26-05-2025T09:42:26 - [TEST_STEP][PASSED] - println(dzoNum): null

26-05-2025T09:42:26 - [TEST_STEP][PASSED] - planFact = <not implemented yet for class: org.codehaus.groovy.ast.expr.EmptyExpression>: null

26-05-2025T09:42:26 - [TEST_STEP][PASSED] - page = <not implemented yet for class: org.codehaus.groovy.ast.expr.EmptyExpression>: null

26-05-2025T09:42:26 - [TEST_STEP][PASSED] - page1 = <not implemented yet for class: org.codehaus.groovy.ast.expr.EmptyExpression>: null

26-05-2025T09:42:26 - [TEST_STEP][PASSED] - page2 = <not implemented yet for class: org.codehaus.groovy.ast.expr.EmptyExpression>: null

26-05-2025T09:42:26 - [TEST_STEP][PASSED] - filialNumberInRow = <not implemented yet for class: org.codehaus.groovy.ast.expr.EmptyExpression>: null

26-05-2025T09:42:26 - [TEST_STEP][PASSED] - filialsDzoNames = <not implemented yet for class: org.codehaus.groovy.ast.expr.EmptyExpression>: null

26-05-2025T09:42:26 - [TEST_STEP][PASSED] - numberOfFilials = <not implemented yet for class: org.codehaus.groovy.ast.expr.EmptyExpression>: null

26-05-2025T09:42:26 - [TEST_STEP][PASSED] - numberOfSpaces = <not implemented yet for class: org.codehaus.groovy.ast.expr.EmptyExpression>: null

26-05-2025T09:42:26 - [TEST_STEP][PASSED] - file = <not implemented yet for class: org.codehaus.groovy.ast.expr.EmptyExpression>: null

26-05-2025T09:42:26 - [TEST_STEP][PASSED] - otpusk = <not implemented yet for class: org.codehaus.groovy.ast.expr.EmptyExpression>: null

26-05-2025T09:42:26 - [TEST_STEP][PASSED] - poteri = <not implemented yet for class: org.codehaus.groovy.ast.expr.EmptyExpression>: null

26-05-2025T09:42:26 - [TEST_STEP][PASSED] - dataFolder = "Выполнение бизнес-плана/Значения со страницы Выполнение бизнес-плана/": null

26-05-2025T09:42:26 - [TEST_STEP][PASSED] - path = <not implemented yet for class: org.codehaus.groovy.ast.expr.EmptyExpression>: null

26-05-2025T09:42:26 - [TEST_STEP][PASSED] - typeOfDataMain = <not implemented yet for class: org.codehaus.groovy.ast.expr.EmptyExpression>: null

26-05-2025T09:42:26 - [TEST_STEP][PASSED] - fileOtpuskVSet = <not implemented yet for class: org.codehaus.groovy.ast.expr.EmptyExpression>: null

26-05-2025T09:42:26 - [TEST_STEP][PASSED] - pageOtpuskVSet = <not implemented yet for class: org.codehaus.groovy.ast.expr.EmptyExpression>: null

26-05-2025T09:42:26 - [TEST_STEP][PASSED] - filePoteri = <not implemented yet for class: org.codehaus.groovy.ast.expr.EmptyExpression>: null

26-05-2025T09:42:26 - [TEST_STEP][PASSED] - pagePoteri = <not implemented yet for class: org.codehaus.groovy.ast.expr.EmptyExpression>: null

26-05-2025T09:42:26 - [TEST_STEP][PASSED] - compare = <not implemented yet for class: org.codehaus.groovy.ast.expr.EmptyExpression>: null

26-05-2025T09:42:26 - [TEST_STEP][PASSED] - b = <not implemented yet for class: org.codehaus.groovy.ast.expr.EmptyExpression>: null

26-05-2025T09:42:26 - [TEST_STEP][PASSED] - i = <not implemented yet for class: org.codehaus.groovy.ast.expr.EmptyExpression>: null

26-05-2025T09:42:26 - [TEST_STEP][PASSED] - ii = <not implemented yet for class: org.codehaus.groovy.ast.expr.EmptyExpression>: null

26-05-2025T09:42:26 - [TEST_STEP][PASSED] - c = <not implemented yet for class: org.codehaus.groovy.ast.expr.EmptyExpression>: null

26-05-2025T09:42:26 - [TEST_STEP][PASSED] - numberOfErrors = 0: null

26-05-2025T09:42:26 - [TEST_STEP][PASSED] - if (a == 82): null

26-05-2025T09:42:26 - [TEST_STEP][PASSED] - b = findTestData("PlanFact").getValue(1, a): null

26-05-2025T09:42:26 - [TEST_STEP][PASSED] - i = b.indexOf(" (ГК)"): null

26-05-2025T09:42:26 - [TEST_STEP][PASSED] - if (i > -1): null

26-05-2025T09:42:26 - [TEST_STEP][PASSED] - i = b.indexOf("О ""): null

26-05-2025T09:42:26 - [TEST_STEP][PASSED] - if (i > -1): null

26-05-2025T09:42:26 - [TEST_STEP][PASSED] - i = b.indexOf("О «"): null

26-05-2025T09:42:26 - [TEST_STEP][PASSED] - if (i > -1): null

26-05-2025T09:42:26 - [TEST_STEP][PASSED] - i = b.indexOf("г. "): null

26-05-2025T09:42:26 - [TEST_STEP][PASSED] - if (i > -1): null

26-05-2025T09:42:26 - [TEST_STEP][PASSED] - b = b.trim(): null

26-05-2025T09:42:26 - [TEST_STEP][PASSED] - println(b): null

26-05-2025T09:42:26 - [TEST_STEP][PASSED] - for ([planFact = 1, planFact < 3, (planFact++)]): null

26-05-2025T09:42:26 - [TEST_STEP][PASSED] - if (planFact == 1): null

26-05-2025T09:42:26 - [TEST_STEP][PASSED] - typeOfDataMain = "Факт": null

26-05-2025T09:42:26 - [TEST_STEP][PASSED] - otpusk = findTestData("PlanFact").getValue(5, a): null

26-05-2025T09:42:26 - [TEST_STEP][PASSED] - poteri = findTestData("PlanFact").getValue(6, a): null

26-05-2025T09:42:26 - [TEST_STEP][PASSED] - otpusk = otpusk.replaceAll("\s+", ""): null

26-05-2025T09:42:26 - [TEST_STEP][PASSED] - poteri = poteri.replaceAll("\s+", ""): null

26-05-2025T09:42:26 - [TEST_STEP][PASSED] - typeOfData = typeOfDataMain + " Отпуск в сеть": null

26-05-2025T09:42:26 - [TEST_STEP][PASSED] - if (a == 82): null

26-05-2025T09:42:26 - [TEST_STEP][PASSED] - else if (a == 84): null

26-05-2025T09:42:26 - [TEST_STEP][PASSED] - else if (a == 83 || a == 52 || a == 72 || a == 28 || a == 73 || a == 77 || a == 74 || a == 65 || a == 36 || a == 44 || a == 53 || a == 80 || a == 54 || a == 1 || a == 18 || a == 59 || a == 81): null

26-05-2025T09:42:26 - [TEST_STEP][PASSED] - else: null

26-05-2025T09:42:26 - [TEST_STEP][PASSED] - path = dataFolder + typeOfData + " за отчётный период " + b: null

26-05-2025T09:42:26 - [TEST_STEP][PASSED] - println(path): null

26-05-2025T09:42:26 - [TEST_STEP][PASSED] - page = getText(findTestObject(path)): Text of object 'Object Repository/Выполнение бизнес-плана/Значения со страницы Выполнение бизнес-плана/Факт Отпуск в сеть за отчётный период Ростовэнерго' is: '1 339 315'

26-05-2025T09:42:26 - [MESSAGE][PASSED] - Text of object 'Object Repository/Выполнение бизнес-плана/Значения со страницы Выполнение бизнес-плана/Факт Отпуск в сеть за отчётный период Ростовэнерго' is: '1 339 315'

26-05-2025T09:42:26 - [TEST_STEP][PASSED] - if (page == "" || page == null): null

26-05-2025T09:42:26 - [TEST_STEP][PASSED] - else: null

26-05-2025T09:42:26 - [TEST_STEP][PASSED] - page = page.replaceAll("\s+", ""): null

26-05-2025T09:42:26 - [TEST_STEP][PASSED] - if (page == "undefined"): null

26-05-2025T09:42:26 - [TEST_STEP][PASSED] - fileOtpuskVSet = otpusk.toInteger(): null

26-05-2025T09:42:26 - [TEST_STEP][PASSED] - pageOtpuskVSet = page.toInteger(): null

26-05-2025T09:42:26 - [TEST_STEP][PASSED] - typeOfData = typeOfDataMain + " Потери": null

26-05-2025T09:42:26 - [TEST_STEP][PASSED] - if (a == 82): null

26-05-2025T09:42:26 - [TEST_STEP][PASSED] - else if (a == 84): null

26-05-2025T09:42:26 - [TEST_STEP][PASSED] - else if (a == 83 || a == 52 || a == 72 || a == 28 || a == 73 || a == 77 || a == 74 || a == 65 || a == 36 || a == 44 || a == 53 || a == 80 || a == 54 || a == 1 || a == 18 || a == 59 || a == 81): null

26-05-2025T09:42:26 - [TEST_STEP][PASSED] - else: null

26-05-2025T09:42:26 - [TEST_STEP][PASSED] - path = dataFolder + typeOfData + " за отчётный период " + b: null

26-05-2025T09:42:26 - [TEST_STEP][PASSED] - page = getText(findTestObject(path)): Text of object 'Object Repository/Выполнение бизнес-плана/Значения со страницы Выполнение бизнес-плана/Факт Потери за отчётный период Ростовэнерго' is: '109 266'

26-05-2025T09:42:26 - [MESSAGE][PASSED] - Text of object 'Object Repository/Выполнение бизнес-плана/Значения со страницы Выполнение бизнес-плана/Факт Потери за отчётный период Ростовэнерго' is: '109 266'

26-05-2025T09:42:26 - [TEST_STEP][PASSED] - if (page == "" || page == null): null

26-05-2025T09:42:26 - [TEST_STEP][PASSED] - else: null

26-05-2025T09:42:26 - [TEST_STEP][PASSED] - page = page.replaceAll("\s+", ""): null

26-05-2025T09:42:26 - [TEST_STEP][PASSED] - if (page == "undefined"): null

26-05-2025T09:42:26 - [TEST_STEP][PASSED] - filePoteri = poteri.toInteger(): null

26-05-2025T09:42:26 - [TEST_STEP][PASSED] - pagePoteri = page.toInteger(): null

26-05-2025T09:42:26 - [TEST_STEP][PASSED] - compare = pageOtpuskVSet: null

26-05-2025T09:42:26 - [TEST_STEP][PASSED] - if (pageOtpuskVSet != null): null

26-05-2025T09:42:26 - [TEST_STEP][PASSED] - if (compare == fileOtpuskVSet): null

26-05-2025T09:42:26 - [TEST_STEP][PASSED] - else if (compare > fileOtpuskVSet): null

26-05-2025T09:42:26 - [TEST_STEP][PASSED] - else if (compare < fileOtpuskVSet): null

26-05-2025T09:42:26 - [TEST_STEP][PASSED] - compare = compare + 1: null

26-05-2025T09:42:26 - [TEST_STEP][PASSED] - if (compare == fileOtpuskVSet): null

26-05-2025T09:42:26 - [TEST_STEP][PASSED] - else: null

26-05-2025T09:42:26 - [TEST_STEP][PASSED] - numberOfErrors = numberOfErrors + 1: null

26-05-2025T09:42:26 - [TEST_STEP][PASSED] - pageInt = pageOtpuskVSet: null

26-05-2025T09:42:26 - [TEST_STEP][PASSED] - fileInt = fileOtpuskVSet: null

26-05-2025T09:42:26 - [TEST_STEP][PASSED] - typeOfData = typeOfDataMain + " Отпуск в сеть": null

26-05-2025T09:42:26 - [TEST_STEP][PASSED] - Script1718980020443.WriteToExcel(a, typeOfData, todaysDate, pageInt, fileInt, pageDouble, fileDouble, dZO): null

26-05-2025T09:42:26 - [TEST_STEP][PASSED] - sheetName = "Sheet1": null

26-05-2025T09:42:26 - [TEST_STEP][PASSED] - data = findTestData("PlanFact"): null

26-05-2025T09:42:27 - [TEST_STEP][PASSED] - n = data.getRowNumbers() + 1: null

26-05-2025T09:42:27 - [TEST_STEP][PASSED] - day = ")).toInteger(): null

26-05-2025T09:42:27 - [TEST_STEP][PASSED] - println(day): null

26-05-2025T09:42:27 - [TEST_STEP][PASSED] - month = ")).toInteger(): null

26-05-2025T09:42:27 - [TEST_STEP][PASSED] - println(month): null

26-05-2025T09:42:27 - [TEST_STEP][PASSED] - y = <not implemented yet for class: org.codehaus.groovy.ast.expr.EmptyExpression>: null

26-05-2025T09:42:27 - [TEST_STEP][PASSED] - iy = <not implemented yet for class: org.codehaus.groovy.ast.expr.EmptyExpression>: null

26-05-2025T09:42:27 - [TEST_STEP][PASSED] - m = getText(findTestObject("Выполнение бизнес-плана/Период")): Text of object 'Object Repository/Выполнение бизнес-плана/Период' is: '1 кв. 2025 года'

26-05-2025T09:42:27 - [MESSAGE][PASSED] - Text of object 'Object Repository/Выполнение бизнес-плана/Период' is: '1 кв. 2025 года'

26-05-2025T09:42:27 - [TEST_STEP][PASSED] - iy = m.indexOf("20"): null

26-05-2025T09:42:27 - [TEST_STEP][PASSED] - if (iy > -1): null

26-05-2025T09:42:27 - [TEST_STEP][PASSED] - y = substring(iy, iy + 4).toInteger(): null

26-05-2025T09:42:27 - [TEST_STEP][PASSED] - println(y): null

26-05-2025T09:42:27 - [TEST_STEP][PASSED] - if (toString().length() == 4): null

26-05-2025T09:42:27 - [TEST_STEP][PASSED] - m = m.substring(0, m.indexOf(y.toString())): null

26-05-2025T09:42:27 - [TEST_STEP][PASSED] - m = m.trim(): null

26-05-2025T09:42:27 - [TEST_STEP][PASSED] - if (m == ""): null

26-05-2025T09:42:27 - [TEST_STEP][PASSED] - dashboardName = "Выполнение бизнес-плана": null

26-05-2025T09:42:27 - [TEST_STEP][PASSED] - workbook01 = getWorkbook(excelFilePath): null

26-05-2025T09:42:27 - [TEST_STEP][PASSED] - sheet01 = getExcelSheet(workbook01, sheetName): null

26-05-2025T09:42:27 - [TEST_STEP][PASSED] - setValueToCellByIndex(sheet01, n, 0, dashboardName): null

26-05-2025T09:42:27 - [TEST_STEP][PASSED] - setValueToCellByIndex(sheet01, n, 1, dZO): null

26-05-2025T09:42:27 - [TEST_STEP][PASSED] - setValueToCellByIndex(sheet01, n, 2, typeOfData): null

26-05-2025T09:42:27 - [TEST_STEP][PASSED] - if (typeOfData == "Факт в процентах" || typeOfData == "План в процентах"): null

26-05-2025T09:42:27 - [TEST_STEP][PASSED] - else: null

26-05-2025T09:42:27 - [TEST_STEP][PASSED] - setValueToCellByIndex(sheet01, n, 3, fileInt): null

26-05-2025T09:42:27 - [TEST_STEP][PASSED] - setValueToCellByIndex(sheet01, n, 4, pageInt): null

26-05-2025T09:42:27 - [TEST_STEP][PASSED] - setValueToCellByIndex(sheet01, n, 5, m): null

26-05-2025T09:42:27 - [TEST_STEP][PASSED] - setValueToCellByIndex(sheet01, n, 6, y): null

26-05-2025T09:42:27 - [TEST_STEP][PASSED] - setValueToCellByIndex(sheet01, n, 7, todaysDate): null

26-05-2025T09:42:27 - [TEST_STEP][PASSED] - n = n + 1: null

26-05-2025T09:42:27 - [TEST_STEP][PASSED] - saveWorkbook(excelFilePath, workbook01): null

26-05-2025T09:42:27 - [TEST_STEP][PASSED] - compare = pagePoteri: null

26-05-2025T09:42:27 - [TEST_STEP][PASSED] - if (pageOtpuskVSet != null): null

26-05-2025T09:42:27 - [TEST_STEP][PASSED] - if (compare == filePoteri): null

26-05-2025T09:42:27 - [TEST_STEP][PASSED] - else if (compare > filePoteri): null

26-05-2025T09:42:27 - [TEST_STEP][PASSED] - else if (compare < filePoteri): null

26-05-2025T09:42:27 - [TEST_STEP][PASSED] - compare = compare + 1: null

26-05-2025T09:42:27 - [TEST_STEP][PASSED] - if (compare == filePoteri): null

26-05-2025T09:42:27 - [TEST_STEP][PASSED] - else: null

26-05-2025T09:42:27 - [TEST_STEP][PASSED] - numberOfErrors = numberOfErrors + 1: null

26-05-2025T09:42:27 - [TEST_STEP][PASSED] - pageInt = pagePoteri: null

26-05-2025T09:42:27 - [TEST_STEP][PASSED] - fileInt = filePoteri: null

26-05-2025T09:42:27 - [TEST_STEP][PASSED] - typeOfData = typeOfDataMain + " Потери": null

26-05-2025T09:42:27 - [TEST_STEP][PASSED] - Script1718980020443.WriteToExcel(a, typeOfData, todaysDate, pageInt, fileInt, pageDouble, fileDouble, dZO): null

26-05-2025T09:42:27 - [TEST_STEP][PASSED] - sheetName = "Sheet1": null

26-05-2025T09:42:27 - [TEST_STEP][PASSED] - data = findTestData("PlanFact"): null

26-05-2025T09:42:27 - [TEST_STEP][PASSED] - n = data.getRowNumbers() + 1: null

26-05-2025T09:42:27 - [TEST_STEP][PASSED] - day = ")).toInteger(): null

26-05-2025T09:42:27 - [TEST_STEP][PASSED] - println(day): null

26-05-2025T09:42:27 - [TEST_STEP][PASSED] - month = ")).toInteger(): null

26-05-2025T09:42:27 - [TEST_STEP][PASSED] - println(month): null

26-05-2025T09:42:27 - [TEST_STEP][PASSED] - y = <not implemented yet for class: org.codehaus.groovy.ast.expr.EmptyExpression>: null

26-05-2025T09:42:27 - [TEST_STEP][PASSED] - iy = <not implemented yet for class: org.codehaus.groovy.ast.expr.EmptyExpression>: null

26-05-2025T09:42:27 - [TEST_STEP][PASSED] - m = getText(findTestObject("Выполнение бизнес-плана/Период")): Text of object 'Object Repository/Выполнение бизнес-плана/Период' is: '1 кв. 2025 года'

26-05-2025T09:42:28 - [MESSAGE][PASSED] - Text of object 'Object Repository/Выполнение бизнес-плана/Период' is: '1 кв. 2025 года'

26-05-2025T09:42:28 - [TEST_STEP][PASSED] - iy = m.indexOf("20"): null

26-05-2025T09:42:28 - [TEST_STEP][PASSED] - if (iy > -1): null

26-05-2025T09:42:28 - [TEST_STEP][PASSED] - y = substring(iy, iy + 4).toInteger(): null

26-05-2025T09:42:28 - [TEST_STEP][PASSED] - println(y): null

26-05-2025T09:42:28 - [TEST_STEP][PASSED] - if (toString().length() == 4): null

26-05-2025T09:42:28 - [TEST_STEP][PASSED] - m = m.substring(0, m.indexOf(y.toString())): null

26-05-2025T09:42:28 - [TEST_STEP][PASSED] - m = m.trim(): null

26-05-2025T09:42:28 - [TEST_STEP][PASSED] - if (m == ""): null

26-05-2025T09:42:28 - [TEST_STEP][PASSED] - dashboardName = "Выполнение бизнес-плана": null

26-05-2025T09:42:28 - [TEST_STEP][PASSED] - workbook01 = getWorkbook(excelFilePath): null

26-05-2025T09:42:28 - [TEST_STEP][PASSED] - sheet01 = getExcelSheet(workbook01, sheetName): null

26-05-2025T09:42:28 - [TEST_STEP][PASSED] - setValueToCellByIndex(sheet01, n, 0, dashboardName): null

26-05-2025T09:42:28 - [TEST_STEP][PASSED] - setValueToCellByIndex(sheet01, n, 1, dZO): null

26-05-2025T09:42:28 - [TEST_STEP][PASSED] - setValueToCellByIndex(sheet01, n, 2, typeOfData): null

26-05-2025T09:42:28 - [TEST_STEP][PASSED] - if (typeOfData == "Факт в процентах" || typeOfData == "План в процентах"): null

26-05-2025T09:42:28 - [TEST_STEP][PASSED] - else: null

26-05-2025T09:42:28 - [TEST_STEP][PASSED] - setValueToCellByIndex(sheet01, n, 3, fileInt): null

26-05-2025T09:42:28 - [TEST_STEP][PASSED] - setValueToCellByIndex(sheet01, n, 4, pageInt): null

26-05-2025T09:42:28 - [TEST_STEP][PASSED] - setValueToCellByIndex(sheet01, n, 5, m): null

26-05-2025T09:42:28 - [TEST_STEP][PASSED] - setValueToCellByIndex(sheet01, n, 6, y): null

26-05-2025T09:42:28 - [TEST_STEP][PASSED] - setValueToCellByIndex(sheet01, n, 7, todaysDate): null

26-05-2025T09:42:28 - [TEST_STEP][PASSED] - n = n + 1: null

26-05-2025T09:42:28 - [TEST_STEP][PASSED] - saveWorkbook(excelFilePath, workbook01): null

26-05-2025T09:42:28 - [TEST_STEP][PASSED] - if (planFact == 2): null

26-05-2025T09:42:28 - [TEST_STEP][PASSED] - if (planFact == 1): null

26-05-2025T09:42:28 - [TEST_STEP][PASSED] - else if (planFact == 2): null

26-05-2025T09:42:28 - [TEST_STEP][PASSED] - click(findTestObject("Выполнение бизнес-плана/Кнопка План")): Object: 'Object Repository/Выполнение бизнес-плана/Кнопка План' is clicked on

26-05-2025T09:42:28 - [MESSAGE][PASSED] - Object: 'Object Repository/Выполнение бизнес-плана/Кнопка План' is clicked on

26-05-2025T09:42:28 - [TEST_STEP][PASSED] - typeOfDataMain = "План": null

26-05-2025T09:42:28 - [TEST_STEP][PASSED] - otpusk = findTestData("PlanFact").getValue(2, a): null

26-05-2025T09:42:28 - [TEST_STEP][PASSED] - poteri = findTestData("PlanFact").getValue(3, a): null

26-05-2025T09:42:28 - [TEST_STEP][PASSED] - otpusk = otpusk.replaceAll("\s+", ""): null

26-05-2025T09:42:28 - [TEST_STEP][PASSED] - poteri = poteri.replaceAll("\s+", ""): null

26-05-2025T09:42:28 - [TEST_STEP][PASSED] - typeOfData = typeOfDataMain + " Отпуск в сеть": null

26-05-2025T09:42:28 - [TEST_STEP][PASSED] - if (a == 82): null

26-05-2025T09:42:28 - [TEST_STEP][PASSED] - else if (a == 84): null

26-05-2025T09:42:28 - [TEST_STEP][PASSED] - else if (a == 83 || a == 52 || a == 72 || a == 28 || a == 73 || a == 77 || a == 74 || a == 65 || a == 36 || a == 44 || a == 53 || a == 80 || a == 54 || a == 1 || a == 18 || a == 59 || a == 81): null

26-05-2025T09:42:28 - [TEST_STEP][PASSED] - else: null

26-05-2025T09:42:28 - [TEST_STEP][PASSED] - path = dataFolder + typeOfData + " за отчётный период " + b: null

26-05-2025T09:42:28 - [TEST_STEP][PASSED] - println(path): null

26-05-2025T09:42:28 - [TEST_STEP][PASSED] - page = getText(findTestObject(path)): Text of object 'Object Repository/Выполнение бизнес-плана/Значения со страницы Выполнение бизнес-плана/План Отпуск в сеть за отчётный период Ростовэнерго' is: '1 403 337'

26-05-2025T09:42:29 - [MESSAGE][PASSED] - Text of object 'Object Repository/Выполнение бизнес-плана/Значения со страницы Выполнение бизнес-плана/План Отпуск в сеть за отчётный период Ростовэнерго' is: '1 403 337'

26-05-2025T09:42:29 - [TEST_STEP][PASSED] - if (page == "" || page == null): null

26-05-2025T09:42:29 - [TEST_STEP][PASSED] - else: null

26-05-2025T09:42:29 - [TEST_STEP][PASSED] - page = page.replaceAll("\s+", ""): null

26-05-2025T09:42:29 - [TEST_STEP][PASSED] - if (page == "undefined"): null

26-05-2025T09:42:29 - [TEST_STEP][PASSED] - fileOtpuskVSet = otpusk.toInteger(): null

26-05-2025T09:42:29 - [TEST_STEP][PASSED] - pageOtpuskVSet = page.toInteger(): null

26-05-2025T09:42:29 - [TEST_STEP][PASSED] - typeOfData = typeOfDataMain + " Потери": null

26-05-2025T09:42:29 - [TEST_STEP][PASSED] - if (a == 82): null

26-05-2025T09:42:29 - [TEST_STEP][PASSED] - else if (a == 84): null

26-05-2025T09:42:29 - [TEST_STEP][PASSED] - else if (a == 83 || a == 52 || a == 72 || a == 28 || a == 73 || a == 77 || a == 74 || a == 65 || a == 36 || a == 44 || a == 53 || a == 80 || a == 54 || a == 1 || a == 18 || a == 59 || a == 81): null

26-05-2025T09:42:29 - [TEST_STEP][PASSED] - else: null

26-05-2025T09:42:29 - [TEST_STEP][PASSED] - path = dataFolder + typeOfData + " за отчётный период " + b: null

26-05-2025T09:42:29 - [TEST_STEP][PASSED] - page = getText(findTestObject(path)): Text of object 'Object Repository/Выполнение бизнес-плана/Значения со страницы Выполнение бизнес-плана/План Потери за отчётный период Ростовэнерго' is: '129 545'

26-05-2025T09:42:29 - [MESSAGE][PASSED] - Text of object 'Object Repository/Выполнение бизнес-плана/Значения со страницы Выполнение бизнес-плана/План Потери за отчётный период Ростовэнерго' is: '129 545'

26-05-2025T09:42:29 - [TEST_STEP][PASSED] - if (page == "" || page == null): null

26-05-2025T09:42:29 - [TEST_STEP][PASSED] - else: null

26-05-2025T09:42:29 - [TEST_STEP][PASSED] - page = page.replaceAll("\s+", ""): null

26-05-2025T09:42:29 - [TEST_STEP][PASSED] - if (page == "undefined"): null

26-05-2025T09:42:29 - [TEST_STEP][PASSED] - filePoteri = poteri.toInteger(): null

26-05-2025T09:42:29 - [TEST_STEP][PASSED] - pagePoteri = page.toInteger(): null

26-05-2025T09:42:29 - [TEST_STEP][PASSED] - compare = pageOtpuskVSet: null

26-05-2025T09:42:29 - [TEST_STEP][PASSED] - if (pageOtpuskVSet != null): null

26-05-2025T09:42:29 - [TEST_STEP][PASSED] - if (compare == fileOtpuskVSet): null

26-05-2025T09:42:29 - [TEST_STEP][PASSED] - else if (compare > fileOtpuskVSet): null

26-05-2025T09:42:29 - [TEST_STEP][PASSED] - else if (compare < fileOtpuskVSet): null

26-05-2025T09:42:29 - [TEST_STEP][PASSED] - compare = compare + 1: null

26-05-2025T09:42:29 - [TEST_STEP][PASSED] - if (compare == fileOtpuskVSet): null

26-05-2025T09:42:29 - [TEST_STEP][PASSED] - else: null

26-05-2025T09:42:29 - [TEST_STEP][PASSED] - numberOfErrors = numberOfErrors + 1: null

26-05-2025T09:42:29 - [TEST_STEP][PASSED] - pageInt = pageOtpuskVSet: null

26-05-2025T09:42:29 - [TEST_STEP][PASSED] - fileInt = fileOtpuskVSet: null

26-05-2025T09:42:29 - [TEST_STEP][PASSED] - typeOfData = typeOfDataMain + " Отпуск в сеть": null

26-05-2025T09:42:29 - [TEST_STEP][PASSED] - Script1718980020443.WriteToExcel(a, typeOfData, todaysDate, pageInt, fileInt, pageDouble, fileDouble, dZO): null

26-05-2025T09:42:29 - [TEST_STEP][PASSED] - sheetName = "Sheet1": null

26-05-2025T09:42:29 - [TEST_STEP][PASSED] - data = findTestData("PlanFact"): null

26-05-2025T09:42:29 - [TEST_STEP][PASSED] - n = data.getRowNumbers() + 1: null

26-05-2025T09:42:29 - [TEST_STEP][PASSED] - day = ")).toInteger(): null

26-05-2025T09:42:29 - [TEST_STEP][PASSED] - println(day): null

26-05-2025T09:42:29 - [TEST_STEP][PASSED] - month = ")).toInteger(): null

26-05-2025T09:42:29 - [TEST_STEP][PASSED] - println(month): null

26-05-2025T09:42:29 - [TEST_STEP][PASSED] - y = <not implemented yet for class: org.codehaus.groovy.ast.expr.EmptyExpression>: null

26-05-2025T09:42:29 - [TEST_STEP][PASSED] - iy = <not implemented yet for class: org.codehaus.groovy.ast.expr.EmptyExpression>: null

26-05-2025T09:42:29 - [TEST_STEP][PASSED] - m = getText(findTestObject("Выполнение бизнес-плана/Период")): Text of object 'Object Repository/Выполнение бизнес-плана/Период' is: '1 кв. 2025 года'

26-05-2025T09:42:29 - [MESSAGE][PASSED] - Text of object 'Object Repository/Выполнение бизнес-плана/Период' is: '1 кв. 2025 года'

26-05-2025T09:42:29 - [TEST_STEP][PASSED] - iy = m.indexOf("20"): null

26-05-2025T09:42:29 - [TEST_STEP][PASSED] - if (iy > -1): null

26-05-2025T09:42:29 - [TEST_STEP][PASSED] - y = substring(iy, iy + 4).toInteger(): null

26-05-2025T09:42:29 - [TEST_STEP][PASSED] - println(y): null

26-05-2025T09:42:29 - [TEST_STEP][PASSED] - if (toString().length() == 4): null

26-05-2025T09:42:29 - [TEST_STEP][PASSED] - m = m.substring(0, m.indexOf(y.toString())): null

26-05-2025T09:42:29 - [TEST_STEP][PASSED] - m = m.trim(): null

26-05-2025T09:42:29 - [TEST_STEP][PASSED] - if (m == ""): null

26-05-2025T09:42:29 - [TEST_STEP][PASSED] - dashboardName = "Выполнение бизнес-плана": null

26-05-2025T09:42:29 - [TEST_STEP][PASSED] - workbook01 = getWorkbook(excelFilePath): null

26-05-2025T09:42:29 - [TEST_STEP][PASSED] - sheet01 = getExcelSheet(workbook01, sheetName): null

26-05-2025T09:42:29 - [TEST_STEP][PASSED] - setValueToCellByIndex(sheet01, n, 0, dashboardName): null

26-05-2025T09:42:29 - [TEST_STEP][PASSED] - setValueToCellByIndex(sheet01, n, 1, dZO): null

26-05-2025T09:42:29 - [TEST_STEP][PASSED] - setValueToCellByIndex(sheet01, n, 2, typeOfData): null

26-05-2025T09:42:29 - [TEST_STEP][PASSED] - if (typeOfData == "Факт в процентах" || typeOfData == "План в процентах"): null

26-05-2025T09:42:29 - [TEST_STEP][PASSED] - else: null

26-05-2025T09:42:29 - [TEST_STEP][PASSED] - setValueToCellByIndex(sheet01, n, 3, fileInt): null

26-05-2025T09:42:29 - [TEST_STEP][PASSED] - setValueToCellByIndex(sheet01, n, 4, pageInt): null

26-05-2025T09:42:29 - [TEST_STEP][PASSED] - setValueToCellByIndex(sheet01, n, 5, m): null

26-05-2025T09:42:29 - [TEST_STEP][PASSED] - setValueToCellByIndex(sheet01, n, 6, y): null

26-05-2025T09:42:29 - [TEST_STEP][PASSED] - setValueToCellByIndex(sheet01, n, 7, todaysDate): null

26-05-2025T09:42:29 - [TEST_STEP][PASSED] - n = n + 1: null

26-05-2025T09:42:29 - [TEST_STEP][PASSED] - saveWorkbook(excelFilePath, workbook01): null

26-05-2025T09:42:30 - [TEST_STEP][PASSED] - compare = pagePoteri: null

26-05-2025T09:42:30 - [TEST_STEP][PASSED] - if (pageOtpuskVSet != null): null

26-05-2025T09:42:30 - [TEST_STEP][PASSED] - if (compare == filePoteri): null

26-05-2025T09:42:30 - [TEST_STEP][PASSED] - else if (compare > filePoteri): null

26-05-2025T09:42:30 - [TEST_STEP][PASSED] - else if (compare < filePoteri): null

26-05-2025T09:42:30 - [TEST_STEP][PASSED] - compare = compare + 1: null

26-05-2025T09:42:30 - [TEST_STEP][PASSED] - if (compare == filePoteri): null

26-05-2025T09:42:30 - [TEST_STEP][PASSED] - else: null

26-05-2025T09:42:30 - [TEST_STEP][PASSED] - numberOfErrors = numberOfErrors + 1: null

26-05-2025T09:42:30 - [TEST_STEP][PASSED] - pageInt = pagePoteri: null

26-05-2025T09:42:30 - [TEST_STEP][PASSED] - fileInt = filePoteri: null

26-05-2025T09:42:30 - [TEST_STEP][PASSED] - typeOfData = typeOfDataMain + " Потери": null

26-05-2025T09:42:30 - [TEST_STEP][PASSED] - Script1718980020443.WriteToExcel(a, typeOfData, todaysDate, pageInt, fileInt, pageDouble, fileDouble, dZO): null

26-05-2025T09:42:30 - [TEST_STEP][PASSED] - sheetName = "Sheet1": null

26-05-2025T09:42:30 - [TEST_STEP][PASSED] - data = findTestData("PlanFact"): null

26-05-2025T09:42:30 - [TEST_STEP][PASSED] - n = data.getRowNumbers() + 1: null

26-05-2025T09:42:30 - [TEST_STEP][PASSED] - day = ")).toInteger(): null

26-05-2025T09:42:30 - [TEST_STEP][PASSED] - println(day): null

26-05-2025T09:42:30 - [TEST_STEP][PASSED] - month = ")).toInteger(): null

26-05-2025T09:42:30 - [TEST_STEP][PASSED] - println(month): null

26-05-2025T09:42:30 - [TEST_STEP][PASSED] - y = <not implemented yet for class: org.codehaus.groovy.ast.expr.EmptyExpression>: null

26-05-2025T09:42:30 - [TEST_STEP][PASSED] - iy = <not implemented yet for class: org.codehaus.groovy.ast.expr.EmptyExpression>: null

26-05-2025T09:42:30 - [TEST_STEP][PASSED] - m = getText(findTestObject("Выполнение бизнес-плана/Период")): Text of object 'Object Repository/Выполнение бизнес-плана/Период' is: '1 кв. 2025 года'

26-05-2025T09:42:30 - [MESSAGE][PASSED] - Text of object 'Object Repository/Выполнение бизнес-плана/Период' is: '1 кв. 2025 года'

26-05-2025T09:42:30 - [TEST_STEP][PASSED] - iy = m.indexOf("20"): null

26-05-2025T09:42:30 - [TEST_STEP][PASSED] - if (iy > -1): null

26-05-2025T09:42:30 - [TEST_STEP][PASSED] - y = substring(iy, iy + 4).toInteger(): null

26-05-2025T09:42:30 - [TEST_STEP][PASSED] - println(y): null

26-05-2025T09:42:30 - [TEST_STEP][PASSED] - if (toString().length() == 4): null

26-05-2025T09:42:30 - [TEST_STEP][PASSED] - m = m.substring(0, m.indexOf(y.toString())): null

26-05-2025T09:42:30 - [TEST_STEP][PASSED] - m = m.trim(): null

26-05-2025T09:42:30 - [TEST_STEP][PASSED] - if (m == ""): null

26-05-2025T09:42:30 - [TEST_STEP][PASSED] - dashboardName = "Выполнение бизнес-плана": null

26-05-2025T09:42:30 - [TEST_STEP][PASSED] - workbook01 = getWorkbook(excelFilePath): null

26-05-2025T09:42:30 - [TEST_STEP][PASSED] - sheet01 = getExcelSheet(workbook01, sheetName): null

26-05-2025T09:42:30 - [TEST_STEP][PASSED] - setValueToCellByIndex(sheet01, n, 0, dashboardName): null

26-05-2025T09:42:30 - [TEST_STEP][PASSED] - setValueToCellByIndex(sheet01, n, 1, dZO): null

26-05-2025T09:42:30 - [TEST_STEP][PASSED] - setValueToCellByIndex(sheet01, n, 2, typeOfData): null

26-05-2025T09:42:30 - [TEST_STEP][PASSED] - if (typeOfData == "Факт в процентах" || typeOfData == "План в процентах"): null

26-05-2025T09:42:30 - [TEST_STEP][PASSED] - else: null

26-05-2025T09:42:30 - [TEST_STEP][PASSED] - setValueToCellByIndex(sheet01, n, 3, fileInt): null

26-05-2025T09:42:30 - [TEST_STEP][PASSED] - setValueToCellByIndex(sheet01, n, 4, pageInt): null

26-05-2025T09:42:30 - [TEST_STEP][PASSED] - setValueToCellByIndex(sheet01, n, 5, m): null

26-05-2025T09:42:30 - [TEST_STEP][PASSED] - setValueToCellByIndex(sheet01, n, 6, y): null

26-05-2025T09:42:30 - [TEST_STEP][PASSED] - setValueToCellByIndex(sheet01, n, 7, todaysDate): null

26-05-2025T09:42:30 - [TEST_STEP][PASSED] - n = n + 1: null

26-05-2025T09:42:30 - [TEST_STEP][PASSED] - saveWorkbook(excelFilePath, workbook01): Object: 'Object Repository/Выполнение бизнес-плана/Кнопка Факт' is clicked on

26-05-2025T09:42:30 - [TEST_STEP][PASSED] - if (planFact == 2): Object: 'Object Repository/Выполнение бизнес-плана/Кнопка Факт' is clicked on

26-05-2025T09:42:30 - [TEST_STEP][PASSED] - click(findTestObject("Выполнение бизнес-плана/Кнопка Факт")): Object: 'Object Repository/Выполнение бизнес-плана/Кнопка Факт' is clicked on

26-05-2025T09:42:31 - [MESSAGE][PASSED] - Object: 'Object Repository/Выполнение бизнес-плана/Кнопка Факт' is clicked on

26-05-2025T09:42:31 - [TEST_STEP][PASSED] - println("a=" + a): null

26-05-2025T09:42:31 - [TEST_STEP][PASSED] - if (a == 84 || a == 82): null

26-05-2025T09:42:31 - [TEST_STEP][PASSED] - else if (a == 83 || a == 52 || a == 72 || a == 28 || a == 73 || a == 77 || a == 74 || a == 65 || a == 36 || a == 44 || a == 53 || a == 80 || a == 54 || a == 1 || a == 18 || a == 59 || a == 81): null

26-05-2025T09:42:31 - [TEST_STEP][PASSED] - else: null

26-05-2025T09:42:31 - [TEST_STEP][PASSED] - page1 = getText(findTestObject("Object Repository/Выполнение бизнес-плана/spanPlan" + filialNum)): Text of object 'Object Repository/Выполнение бизнес-плана/spanPlan5' is: '9.23
|'

26-05-2025T09:42:31 - [MESSAGE][PASSED] - Text of object 'Object Repository/Выполнение бизнес-плана/spanPlan5' is: '9.23
|'

26-05-2025T09:42:31 - [TEST_STEP][PASSED] - if (page1 == null): null

26-05-2025T09:42:31 - [TEST_STEP][PASSED] - else: null

26-05-2025T09:42:31 - [TEST_STEP][PASSED] - page1 = page1.replace("|", ""): null

26-05-2025T09:42:31 - [TEST_STEP][PASSED] - page2 = getText(findTestObject("Object Repository/Выполнение бизнес-плана/spanFact" + filialNum)): Text of object 'Object Repository/Выполнение бизнес-плана/spanFact5' is: '8.16
|'

26-05-2025T09:42:31 - [MESSAGE][PASSED] - Text of object 'Object Repository/Выполнение бизнес-плана/spanFact5' is: '8.16
|'

26-05-2025T09:42:31 - [TEST_STEP][PASSED] - if (page2 == null): null

26-05-2025T09:42:31 - [TEST_STEP][PASSED] - else: null

26-05-2025T09:42:31 - [TEST_STEP][PASSED] - page2 = page2.replace("|", ""): null

26-05-2025T09:42:31 - [TEST_STEP][PASSED] - println("page1: " + page1): null

26-05-2025T09:42:31 - [TEST_STEP][PASSED] - println("page2: " + page2): null

26-05-2025T09:42:31 - [TEST_STEP][PASSED] - file = findTestData("PlanFact").getValue(4, a): null

26-05-2025T09:42:31 - [TEST_STEP][PASSED] - file = file.replace(",", "."): null

26-05-2025T09:42:31 - [TEST_STEP][PASSED] - println("file Plan: " + file): null

26-05-2025T09:42:31 - [TEST_STEP][PASSED] - typeOfData = "План в процентах": null

26-05-2025T09:42:31 - [TEST_STEP][PASSED] - fileDouble = file.toDouble(): null

26-05-2025T09:42:31 - [TEST_STEP][PASSED] - pageDouble = page1.toDouble(): null

26-05-2025T09:42:31 - [TEST_STEP][PASSED] - if (fileDouble != pageDouble): null

26-05-2025T09:42:31 - [TEST_STEP][PASSED] - numberOfErrors = numberOfErrors + 1: null

26-05-2025T09:42:31 - [TEST_STEP][PASSED] - Script1718980020443.WriteToExcel(a, typeOfData, todaysDate, pageInt, fileInt, pageDouble, fileDouble, dZO): null

26-05-2025T09:42:31 - [TEST_STEP][PASSED] - sheetName = "Sheet1": null

26-05-2025T09:42:31 - [TEST_STEP][PASSED] - data = findTestData("PlanFact"): null

26-05-2025T09:42:31 - [TEST_STEP][PASSED] - n = data.getRowNumbers() + 1: null

26-05-2025T09:42:31 - [TEST_STEP][PASSED] - day = ")).toInteger(): null

26-05-2025T09:42:31 - [TEST_STEP][PASSED] - println(day): null

26-05-2025T09:42:31 - [TEST_STEP][PASSED] - month = ")).toInteger(): null

26-05-2025T09:42:31 - [TEST_STEP][PASSED] - println(month): null

26-05-2025T09:42:31 - [TEST_STEP][PASSED] - y = <not implemented yet for class: org.codehaus.groovy.ast.expr.EmptyExpression>: null

26-05-2025T09:42:31 - [TEST_STEP][PASSED] - iy = <not implemented yet for class: org.codehaus.groovy.ast.expr.EmptyExpression>: null

26-05-2025T09:42:31 - [TEST_STEP][PASSED] - m = getText(findTestObject("Выполнение бизнес-плана/Период")): Text of object 'Object Repository/Выполнение бизнес-плана/Период' is: '1 кв. 2025 года'

26-05-2025T09:42:32 - [MESSAGE][PASSED] - Text of object 'Object Repository/Выполнение бизнес-плана/Период' is: '1 кв. 2025 года'

26-05-2025T09:42:32 - [TEST_STEP][PASSED] - iy = m.indexOf("20"): null

26-05-2025T09:42:32 - [TEST_STEP][PASSED] - if (iy > -1): null

26-05-2025T09:42:32 - [TEST_STEP][PASSED] - y = substring(iy, iy + 4).toInteger(): null

26-05-2025T09:42:32 - [TEST_STEP][PASSED] - println(y): null

26-05-2025T09:42:32 - [TEST_STEP][PASSED] - if (toString().length() == 4): null

26-05-2025T09:42:32 - [TEST_STEP][PASSED] - m = m.substring(0, m.indexOf(y.toString())): null

26-05-2025T09:42:32 - [TEST_STEP][PASSED] - m = m.trim(): null

26-05-2025T09:42:32 - [TEST_STEP][PASSED] - if (m == ""): null

26-05-2025T09:42:32 - [TEST_STEP][PASSED] - dashboardName = "Выполнение бизнес-плана": null

26-05-2025T09:42:32 - [TEST_STEP][PASSED] - workbook01 = getWorkbook(excelFilePath): null

26-05-2025T09:42:32 - [TEST_STEP][PASSED] - sheet01 = getExcelSheet(workbook01, sheetName): null

26-05-2025T09:42:32 - [TEST_STEP][PASSED] - setValueToCellByIndex(sheet01, n, 0, dashboardName): null

26-05-2025T09:42:32 - [TEST_STEP][PASSED] - setValueToCellByIndex(sheet01, n, 1, dZO): null

26-05-2025T09:42:32 - [TEST_STEP][PASSED] - setValueToCellByIndex(sheet01, n, 2, typeOfData): null

26-05-2025T09:42:32 - [TEST_STEP][PASSED] - if (typeOfData == "Факт в процентах" || typeOfData == "План в процентах"): null

26-05-2025T09:42:32 - [TEST_STEP][PASSED] - setValueToCellByIndex(sheet01, n, 3, fileDouble): null

26-05-2025T09:42:32 - [TEST_STEP][PASSED] - setValueToCellByIndex(sheet01, n, 4, pageDouble): null

26-05-2025T09:42:32 - [TEST_STEP][PASSED] - setValueToCellByIndex(sheet01, n, 5, m): null

26-05-2025T09:42:32 - [TEST_STEP][PASSED] - setValueToCellByIndex(sheet01, n, 6, y): null

26-05-2025T09:42:32 - [TEST_STEP][PASSED] - setValueToCellByIndex(sheet01, n, 7, todaysDate): null

26-05-2025T09:42:32 - [TEST_STEP][PASSED] - n = n + 1: null

26-05-2025T09:42:32 - [TEST_STEP][PASSED] - saveWorkbook(excelFilePath, workbook01): null

26-05-2025T09:42:32 - [TEST_STEP][PASSED] - file = findTestData("PlanFact").getValue(7, a): null

26-05-2025T09:42:32 - [TEST_STEP][PASSED] - file = file.replace(",", "."): null

26-05-2025T09:42:32 - [TEST_STEP][PASSED] - println("file Fact: " + file): null

26-05-2025T09:42:32 - [TEST_STEP][PASSED] - fileDouble = file.toDouble(): null

26-05-2025T09:42:32 - [TEST_STEP][PASSED] - typeOfData = "Факт в процентах": null

26-05-2025T09:42:32 - [TEST_STEP][PASSED] - fileDouble = file.toDouble(): null

26-05-2025T09:42:32 - [TEST_STEP][PASSED] - pageDouble = page2.toDouble(): null

26-05-2025T09:42:32 - [TEST_STEP][PASSED] - if (fileDouble != pageDouble): null

26-05-2025T09:42:32 - [TEST_STEP][PASSED] - numberOfErrors = numberOfErrors + 1: null

26-05-2025T09:42:32 - [TEST_STEP][PASSED] - Script1718980020443.WriteToExcel(a, typeOfData, todaysDate, pageInt, fileInt, pageDouble, fileDouble, dZO): null

26-05-2025T09:42:32 - [TEST_STEP][PASSED] - sheetName = "Sheet1": null

26-05-2025T09:42:32 - [TEST_STEP][PASSED] - data = findTestData("PlanFact"): null

26-05-2025T09:42:32 - [TEST_STEP][PASSED] - n = data.getRowNumbers() + 1: null

26-05-2025T09:42:32 - [TEST_STEP][PASSED] - day = ")).toInteger(): null

26-05-2025T09:42:32 - [TEST_STEP][PASSED] - println(day): null

26-05-2025T09:42:32 - [TEST_STEP][PASSED] - month = ")).toInteger(): null

26-05-2025T09:42:32 - [TEST_STEP][PASSED] - println(month): null

26-05-2025T09:42:32 - [TEST_STEP][PASSED] - y = <not implemented yet for class: org.codehaus.groovy.ast.expr.EmptyExpression>: null

26-05-2025T09:42:32 - [TEST_STEP][PASSED] - iy = <not implemented yet for class: org.codehaus.groovy.ast.expr.EmptyExpression>: null

26-05-2025T09:42:32 - [TEST_STEP][PASSED] - m = getText(findTestObject("Выполнение бизнес-плана/Период")): Text of object 'Object Repository/Выполнение бизнес-плана/Период' is: '1 кв. 2025 года'

26-05-2025T09:42:32 - [MESSAGE][PASSED] - Text of object 'Object Repository/Выполнение бизнес-плана/Период' is: '1 кв. 2025 года'

26-05-2025T09:42:32 - [TEST_STEP][PASSED] - iy = m.indexOf("20"): null

26-05-2025T09:42:32 - [TEST_STEP][PASSED] - if (iy > -1): null

26-05-2025T09:42:32 - [TEST_STEP][PASSED] - y = substring(iy, iy + 4).toInteger(): null

26-05-2025T09:42:32 - [TEST_STEP][PASSED] - println(y): null

26-05-2025T09:42:32 - [TEST_STEP][PASSED] - if (toString().length() == 4): null

26-05-2025T09:42:32 - [TEST_STEP][PASSED] - m = m.substring(0, m.indexOf(y.toString())): null

26-05-2025T09:42:32 - [TEST_STEP][PASSED] - m = m.trim(): null

26-05-2025T09:42:32 - [TEST_STEP][PASSED] - if (m == ""): null

26-05-2025T09:42:32 - [TEST_STEP][PASSED] - dashboardName = "Выполнение бизнес-плана": null

26-05-2025T09:42:32 - [TEST_STEP][PASSED] - workbook01 = getWorkbook(excelFilePath): null

26-05-2025T09:42:32 - [TEST_STEP][PASSED] - sheet01 = getExcelSheet(workbook01, sheetName): null

26-05-2025T09:42:32 - [TEST_STEP][PASSED] - setValueToCellByIndex(sheet01, n, 0, dashboardName): null

26-05-2025T09:42:32 - [TEST_STEP][PASSED] - setValueToCellByIndex(sheet01, n, 1, dZO): null

26-05-2025T09:42:32 - [TEST_STEP][PASSED] - setValueToCellByIndex(sheet01, n, 2, typeOfData): null

26-05-2025T09:42:32 - [TEST_STEP][PASSED] - if (typeOfData == "Факт в процентах" || typeOfData == "План в процентах"): null

26-05-2025T09:42:32 - [TEST_STEP][PASSED] - setValueToCellByIndex(sheet01, n, 3, fileDouble): null

26-05-2025T09:42:32 - [TEST_STEP][PASSED] - setValueToCellByIndex(sheet01, n, 4, pageDouble): null

26-05-2025T09:42:32 - [TEST_STEP][PASSED] - setValueToCellByIndex(sheet01, n, 5, m): null

26-05-2025T09:42:32 - [TEST_STEP][PASSED] - setValueToCellByIndex(sheet01, n, 6, y): null

26-05-2025T09:42:32 - [TEST_STEP][PASSED] - setValueToCellByIndex(sheet01, n, 7, todaysDate): null

26-05-2025T09:42:32 - [TEST_STEP][PASSED] - n = n + 1: null

26-05-2025T09:42:32 - [TEST_STEP][PASSED] - saveWorkbook(excelFilePath, workbook01): null

26-05-2025T09:42:33 - [TEST_STEP][FAILED] - if (verifyEqual(numberOfErrors, 0) == false): null

26-05-2025T09:42:33 - [MESSAGE][FAILED] - Unable to verify equal between actual object '6' and expected object '0' (Root cause: com.kms.katalon.core.exception.StepFailedException: Actual object '6' and expected object '0' are not equal
	at com.kms.katalon.core.keyword.builtin.VerifyEqualKeyword$_verifyEqual_closure1.doCall(VerifyEqualKeyword.groovy:58)
	at com.kms.katalon.core.keyword.builtin.VerifyEqualKeyword$_verifyEqual_closure1.call(VerifyEqualKeyword.groovy)
	at com.kms.katalon.core.keyword.internal.KeywordMain.runKeyword(KeywordMain.groovy:75)
	at com.kms.katalon.core.keyword.builtin.VerifyEqualKeyword.verifyEqual(VerifyEqualKeyword.groovy:63)
	at com.kms.katalon.core.keyword.builtin.VerifyEqualKeyword.execute(VerifyEqualKeyword.groovy:44)
	at com.kms.katalon.core.keyword.internal.KeywordExecutor.executeKeywordForPlatform(KeywordExecutor.groovy:74)
	at com.kms.katalon.core.keyword.BuiltinKeywords.verifyEqual(BuiltinKeywords.groovy:146)
	at jdk.internal.reflect.GeneratedMethodAccessor23.invoke(Unknown Source)
	at java.base/jdk.internal.reflect.DelegatingMethodAccessorImpl.invoke(DelegatingMethodAccessorImpl.java:43)
	at Выполнение бизнес-плана Сверка ПАО Россети все филиалы.Numbers(Выполнение бизнес-плана Сверка ПАО Россети все филиалы:749)
	at Выполнение бизнес-плана Сверка ПАО Россети все филиалы.Filials(Выполнение бизнес-плана Сверка ПАО Россети все филиалы:1770)
	at Выполнение бизнес-плана Сверка ПАО Россети все филиалы.Numbers(Выполнение бизнес-плана Сверка ПАО Россети все филиалы:756)
	at Выполнение бизнес-плана Сверка ПАО Россети все филиалы.run(Выполнение бизнес-плана Сверка ПАО Россети все филиалы:395)
	at com.kms.katalon.core.main.ScriptEngine.run(ScriptEngine.java:194)
	at com.kms.katalon.core.main.ScriptEngine.runScriptAsRawText(ScriptEngine.java:119)
	at com.kms.katalon.core.main.TestCaseExecutor.runScript(TestCaseExecutor.java:448)
	at com.kms.katalon.core.main.TestCaseExecutor.doExecute(TestCaseExecutor.java:439)
	at com.kms.katalon.core.main.TestCaseExecutor.processExecutionPhase(TestCaseExecutor.java:418)
	at com.kms.katalon.core.main.TestCaseExecutor.accessMainPhase(TestCaseExecutor.java:410)
	at com.kms.katalon.core.main.TestCaseExecutor.execute(TestCaseExecutor.java:285)
	at com.kms.katalon.core.common.CommonExecutor.accessTestCaseMainPhase(CommonExecutor.java:65)
	at com.kms.katalon.core.main.TestSuiteExecutor.accessTestSuiteMainPhase(TestSuiteExecutor.java:150)
	at com.kms.katalon.core.main.TestSuiteExecutor.execute(TestSuiteExecutor.java:106)
	at com.kms.katalon.core.main.TestCaseMain.startTestSuite(TestCaseMain.java:180)
	at TempTestSuite1748228991768.run(TempTestSuite1748228991768.groovy:35)
	at java.base/jdk.internal.reflect.NativeMethodAccessorImpl.invoke0(Native Method)
	at java.base/jdk.internal.reflect.NativeMethodAccessorImpl.invoke(NativeMethodAccessorImpl.java:77)
	at java.base/jdk.internal.reflect.DelegatingMethodAccessorImpl.invoke(DelegatingMethodAccessorImpl.java:43)
)

26-05-2025T09:42:33 - [TEST_STEP][PASSED] - println(numberOfErrors): null

26-05-2025T09:42:33 - [TEST_STEP][PASSED] - println("a=" + a): null

26-05-2025T09:42:33 - [TEST_STEP][PASSED] - if (a == 28 || a == 77 || a == 74 || a == 65 || a == 36 || a == 44 || a == 54 || a == 1 || a == 18 || a == 59): null

26-05-2025T09:42:33 - [TEST_STEP][PASSED] - if (a == 82): null

26-05-2025T09:42:33 - [TEST_STEP][PASSED] - filialNum = 0: null

26-05-2025T09:42:33 - [TEST_STEP][PASSED] - Script1718980020443.OpenFilter(): null

26-05-2025T09:42:33 - [TEST_STEP][PASSED] - click(findTestObject("Object Repository/Выполнение бизнес-плана/Фильтр ДЗО")): Object: 'Object Repository/Выполнение бизнес-плана/Фильтр ДЗО' is clicked on

26-05-2025T09:42:33 - [MESSAGE][PASSED] - Object: 'Object Repository/Выполнение бизнес-плана/Фильтр ДЗО' is clicked on

26-05-2025T09:42:33 - [TEST_STEP][PASSED] - click(findTestObject("Выполнение бизнес-плана/Снять выделение в фильтре ДЗО")): Object: 'Object Repository/Выполнение бизнес-плана/Снять выделение в фильтре ДЗО' is clicked on

26-05-2025T09:42:34 - [MESSAGE][PASSED] - Object: 'Object Repository/Выполнение бизнес-плана/Снять выделение в фильтре ДЗО' is clicked on

26-05-2025T09:42:34 - [TEST_STEP][PASSED] - Script1718980020443.CloseFilter(): null

26-05-2025T09:42:34 - [TEST_STEP][PASSED] - scrollToElement(findTestObject("Выполнение бизнес-плана/Заголовок дашборда"), 30): Scroll to object 'Object Repository/Выполнение бизнес-плана/Заголовок дашборда' successfully

26-05-2025T09:42:34 - [MESSAGE][PASSED] - Scroll to object 'Object Repository/Выполнение бизнес-плана/Заголовок дашборда' successfully

26-05-2025T09:42:34 - [TEST_STEP][PASSED] - click(findTestObject("Object Repository/Выполнение бизнес-плана/Применить в фильтре ДЗО")): Object: 'Object Repository/Выполнение бизнес-плана/Применить в фильтре ДЗО' is clicked on

26-05-2025T09:42:35 - [MESSAGE][PASSED] - Object: 'Object Repository/Выполнение бизнес-плана/Применить в фильтре ДЗО' is clicked on

26-05-2025T09:42:35 - [TEST_STEP][PASSED] - delay(20): Delayed 20 second(s)

26-05-2025T09:42:55 - [MESSAGE][PASSED] - Delayed 20 second(s)

26-05-2025T09:42:55 - [TEST_STEP][PASSED] - if (a == 82): null

26-05-2025T09:42:55 - [TEST_STEP][PASSED] - println(dzoNum): null

26-05-2025T09:42:55 - [TEST_STEP][PASSED] - dZO = "Россети Янтарь": null

26-05-2025T09:42:55 - [TEST_STEP][PASSED] - a = 81: null

26-05-2025T09:42:55 - [TEST_STEP][PASSED] - if (x1.contains("Янтарь")): null

26-05-2025T09:42:55 - [TEST_STEP][PASSED] - dzoNum = dzoNum + 1: null

26-05-2025T09:42:55 - [TEST_STEP][PASSED] - Script1718980020443.Numbers(a, typeOfData, todaysDate, pageInt, fileInt, pageDouble, fileDouble, dZO, dzoNum, filialNum): null

26-05-2025T09:42:55 - [TEST_STEP][PASSED] - println(dzoNum): null

26-05-2025T09:42:55 - [TEST_STEP][PASSED] - planFact = <not implemented yet for class: org.codehaus.groovy.ast.expr.EmptyExpression>: null

26-05-2025T09:42:55 - [TEST_STEP][PASSED] - page = <not implemented yet for class: org.codehaus.groovy.ast.expr.EmptyExpression>: null

26-05-2025T09:42:55 - [TEST_STEP][PASSED] - page1 = <not implemented yet for class: org.codehaus.groovy.ast.expr.EmptyExpression>: null

26-05-2025T09:42:55 - [TEST_STEP][PASSED] - page2 = <not implemented yet for class: org.codehaus.groovy.ast.expr.EmptyExpression>: null

26-05-2025T09:42:55 - [TEST_STEP][PASSED] - filialNumberInRow = <not implemented yet for class: org.codehaus.groovy.ast.expr.EmptyExpression>: null

26-05-2025T09:42:55 - [TEST_STEP][PASSED] - filialsDzoNames = <not implemented yet for class: org.codehaus.groovy.ast.expr.EmptyExpression>: null

26-05-2025T09:42:55 - [TEST_STEP][PASSED] - numberOfFilials = <not implemented yet for class: org.codehaus.groovy.ast.expr.EmptyExpression>: null

26-05-2025T09:42:55 - [TEST_STEP][PASSED] - numberOfSpaces = <not implemented yet for class: org.codehaus.groovy.ast.expr.EmptyExpression>: null

26-05-2025T09:42:55 - [TEST_STEP][PASSED] - file = <not implemented yet for class: org.codehaus.groovy.ast.expr.EmptyExpression>: null

26-05-2025T09:42:55 - [TEST_STEP][PASSED] - otpusk = <not implemented yet for class: org.codehaus.groovy.ast.expr.EmptyExpression>: null

26-05-2025T09:42:55 - [TEST_STEP][PASSED] - poteri = <not implemented yet for class: org.codehaus.groovy.ast.expr.EmptyExpression>: null

26-05-2025T09:42:55 - [TEST_STEP][PASSED] - dataFolder = "Выполнение бизнес-плана/Значения со страницы Выполнение бизнес-плана/": null

26-05-2025T09:42:55 - [TEST_STEP][PASSED] - path = <not implemented yet for class: org.codehaus.groovy.ast.expr.EmptyExpression>: null

26-05-2025T09:42:55 - [TEST_STEP][PASSED] - typeOfDataMain = <not implemented yet for class: org.codehaus.groovy.ast.expr.EmptyExpression>: null

26-05-2025T09:42:55 - [TEST_STEP][PASSED] - fileOtpuskVSet = <not implemented yet for class: org.codehaus.groovy.ast.expr.EmptyExpression>: null

26-05-2025T09:42:55 - [TEST_STEP][PASSED] - pageOtpuskVSet = <not implemented yet for class: org.codehaus.groovy.ast.expr.EmptyExpression>: null

26-05-2025T09:42:55 - [TEST_STEP][PASSED] - filePoteri = <not implemented yet for class: org.codehaus.groovy.ast.expr.EmptyExpression>: null

26-05-2025T09:42:55 - [TEST_STEP][PASSED] - pagePoteri = <not implemented yet for class: org.codehaus.groovy.ast.expr.EmptyExpression>: null

26-05-2025T09:42:55 - [TEST_STEP][PASSED] - compare = <not implemented yet for class: org.codehaus.groovy.ast.expr.EmptyExpression>: null

26-05-2025T09:42:55 - [TEST_STEP][PASSED] - b = <not implemented yet for class: org.codehaus.groovy.ast.expr.EmptyExpression>: null

26-05-2025T09:42:55 - [TEST_STEP][PASSED] - i = <not implemented yet for class: org.codehaus.groovy.ast.expr.EmptyExpression>: null

26-05-2025T09:42:55 - [TEST_STEP][PASSED] - ii = <not implemented yet for class: org.codehaus.groovy.ast.expr.EmptyExpression>: null

26-05-2025T09:42:55 - [TEST_STEP][PASSED] - c = <not implemented yet for class: org.codehaus.groovy.ast.expr.EmptyExpression>: null

26-05-2025T09:42:55 - [TEST_STEP][PASSED] - numberOfErrors = 0: null

26-05-2025T09:42:55 - [TEST_STEP][PASSED] - if (a == 82): null

26-05-2025T09:42:55 - [TEST_STEP][PASSED] - b = findTestData("PlanFact").getValue(1, a): null

26-05-2025T09:42:55 - [TEST_STEP][PASSED] - i = b.indexOf(" (ГК)"): null

26-05-2025T09:42:55 - [TEST_STEP][PASSED] - if (i > -1): null

26-05-2025T09:42:55 - [TEST_STEP][PASSED] - i = b.indexOf("О ""): null

26-05-2025T09:42:55 - [TEST_STEP][PASSED] - if (i > -1): null

26-05-2025T09:42:55 - [TEST_STEP][PASSED] - i = b.indexOf("О «"): null

26-05-2025T09:42:55 - [TEST_STEP][PASSED] - if (i > -1): null

26-05-2025T09:42:55 - [TEST_STEP][PASSED] - i = b.indexOf("г. "): null

26-05-2025T09:42:55 - [TEST_STEP][PASSED] - if (i > -1): null

26-05-2025T09:42:55 - [TEST_STEP][PASSED] - b = b.trim(): null

26-05-2025T09:42:55 - [TEST_STEP][PASSED] - println(b): null

26-05-2025T09:42:55 - [TEST_STEP][PASSED] - for ([planFact = 1, planFact < 3, (planFact++)]): null

26-05-2025T09:42:55 - [TEST_STEP][PASSED] - if (planFact == 1): null

26-05-2025T09:42:55 - [TEST_STEP][PASSED] - typeOfDataMain = "Факт": null

26-05-2025T09:42:55 - [TEST_STEP][PASSED] - otpusk = findTestData("PlanFact").getValue(5, a): null

26-05-2025T09:42:55 - [TEST_STEP][PASSED] - poteri = findTestData("PlanFact").getValue(6, a): null

26-05-2025T09:42:55 - [TEST_STEP][PASSED] - otpusk = otpusk.replaceAll("\s+", ""): null

26-05-2025T09:42:55 - [TEST_STEP][PASSED] - poteri = poteri.replaceAll("\s+", ""): null

26-05-2025T09:42:55 - [TEST_STEP][PASSED] - typeOfData = typeOfDataMain + " Отпуск в сеть": null

26-05-2025T09:42:55 - [TEST_STEP][PASSED] - if (a == 82): null

26-05-2025T09:42:55 - [TEST_STEP][PASSED] - else if (a == 84): null

26-05-2025T09:42:55 - [TEST_STEP][PASSED] - else if (a == 83 || a == 52 || a == 72 || a == 28 || a == 73 || a == 77 || a == 74 || a == 65 || a == 36 || a == 44 || a == 53 || a == 80 || a == 54 || a == 1 || a == 18 || a == 59 || a == 81): null

26-05-2025T09:42:55 - [TEST_STEP][PASSED] - path = dataFolder + "Table Data/" + typeOfData + " за отчётный период " + dzoNum: null

26-05-2025T09:42:55 - [TEST_STEP][PASSED] - println(path): null

26-05-2025T09:42:55 - [TEST_STEP][PASSED] - page = getText(findTestObject(path)): Text of object 'Object Repository/Выполнение бизнес-плана/Значения со страницы Выполнение бизнес-плана/Table Data/Факт Отпуск в сеть за отчётный период 8' is: '901 140'

26-05-2025T09:42:55 - [MESSAGE][PASSED] - Text of object 'Object Repository/Выполнение бизнес-плана/Значения со страницы Выполнение бизнес-плана/Table Data/Факт Отпуск в сеть за отчётный период 8' is: '901 140'

26-05-2025T09:42:55 - [TEST_STEP][PASSED] - if (page == "" || page == null): null

26-05-2025T09:42:55 - [TEST_STEP][PASSED] - else: null

26-05-2025T09:42:55 - [TEST_STEP][PASSED] - page = page.replaceAll("\s+", ""): null

26-05-2025T09:42:55 - [TEST_STEP][PASSED] - if (page == "undefined"): null

26-05-2025T09:42:55 - [TEST_STEP][PASSED] - fileOtpuskVSet = otpusk.toInteger(): null

26-05-2025T09:42:55 - [TEST_STEP][PASSED] - pageOtpuskVSet = page.toInteger(): null

26-05-2025T09:42:55 - [TEST_STEP][PASSED] - typeOfData = typeOfDataMain + " Потери": null

26-05-2025T09:42:55 - [TEST_STEP][PASSED] - if (a == 82): null

26-05-2025T09:42:55 - [TEST_STEP][PASSED] - else if (a == 84): null

26-05-2025T09:42:55 - [TEST_STEP][PASSED] - else if (a == 83 || a == 52 || a == 72 || a == 28 || a == 73 || a == 77 || a == 74 || a == 65 || a == 36 || a == 44 || a == 53 || a == 80 || a == 54 || a == 1 || a == 18 || a == 59 || a == 81): null

26-05-2025T09:42:55 - [TEST_STEP][PASSED] - path = dataFolder + "Table Data/" + typeOfData + " за отчётный период " + dzoNum: null

26-05-2025T09:42:55 - [TEST_STEP][PASSED] - page = getText(findTestObject(path)): Text of object 'Object Repository/Выполнение бизнес-плана/Значения со страницы Выполнение бизнес-плана/Table Data/Факт Потери за отчётный период 8' is: '79 959'

26-05-2025T09:42:56 - [MESSAGE][PASSED] - Text of object 'Object Repository/Выполнение бизнес-плана/Значения со страницы Выполнение бизнес-плана/Table Data/Факт Потери за отчётный период 8' is: '79 959'

26-05-2025T09:42:56 - [TEST_STEP][PASSED] - if (page == "" || page == null): null

26-05-2025T09:42:56 - [TEST_STEP][PASSED] - else: null

26-05-2025T09:42:56 - [TEST_STEP][PASSED] - page = page.replaceAll("\s+", ""): null

26-05-2025T09:42:56 - [TEST_STEP][PASSED] - if (page == "undefined"): null

26-05-2025T09:42:56 - [TEST_STEP][PASSED] - filePoteri = poteri.toInteger(): null

26-05-2025T09:42:56 - [TEST_STEP][PASSED] - pagePoteri = page.toInteger(): null

26-05-2025T09:42:56 - [TEST_STEP][PASSED] - compare = pageOtpuskVSet: null

26-05-2025T09:42:56 - [TEST_STEP][PASSED] - if (pageOtpuskVSet != null): null

26-05-2025T09:42:56 - [TEST_STEP][PASSED] - if (compare == fileOtpuskVSet): null

26-05-2025T09:42:56 - [TEST_STEP][PASSED] - else if (compare > fileOtpuskVSet): null

26-05-2025T09:42:56 - [TEST_STEP][PASSED] - else if (compare < fileOtpuskVSet): null

26-05-2025T09:42:56 - [TEST_STEP][PASSED] - compare = compare + 1: null

26-05-2025T09:42:56 - [TEST_STEP][PASSED] - if (compare == fileOtpuskVSet): null

26-05-2025T09:42:56 - [TEST_STEP][PASSED] - else: null

26-05-2025T09:42:56 - [TEST_STEP][PASSED] - numberOfErrors = numberOfErrors + 1: null

26-05-2025T09:42:56 - [TEST_STEP][PASSED] - pageInt = pageOtpuskVSet: null

26-05-2025T09:42:56 - [TEST_STEP][PASSED] - fileInt = fileOtpuskVSet: null

26-05-2025T09:42:56 - [TEST_STEP][PASSED] - typeOfData = typeOfDataMain + " Отпуск в сеть": null

26-05-2025T09:42:56 - [TEST_STEP][PASSED] - Script1718980020443.WriteToExcel(a, typeOfData, todaysDate, pageInt, fileInt, pageDouble, fileDouble, dZO): null

26-05-2025T09:42:56 - [TEST_STEP][PASSED] - sheetName = "Sheet1": null

26-05-2025T09:42:56 - [TEST_STEP][PASSED] - data = findTestData("PlanFact"): null

26-05-2025T09:42:56 - [TEST_STEP][PASSED] - n = data.getRowNumbers() + 1: null

26-05-2025T09:42:56 - [TEST_STEP][PASSED] - day = ")).toInteger(): null

26-05-2025T09:42:56 - [TEST_STEP][PASSED] - println(day): null

26-05-2025T09:42:56 - [TEST_STEP][PASSED] - month = ")).toInteger(): null

26-05-2025T09:42:56 - [TEST_STEP][PASSED] - println(month): null

26-05-2025T09:42:56 - [TEST_STEP][PASSED] - y = <not implemented yet for class: org.codehaus.groovy.ast.expr.EmptyExpression>: null

26-05-2025T09:42:56 - [TEST_STEP][PASSED] - iy = <not implemented yet for class: org.codehaus.groovy.ast.expr.EmptyExpression>: null

26-05-2025T09:42:56 - [TEST_STEP][PASSED] - m = getText(findTestObject("Выполнение бизнес-плана/Период")): Text of object 'Object Repository/Выполнение бизнес-плана/Период' is: '1 кв. 2025 года'

26-05-2025T09:42:56 - [MESSAGE][PASSED] - Text of object 'Object Repository/Выполнение бизнес-плана/Период' is: '1 кв. 2025 года'

26-05-2025T09:42:56 - [TEST_STEP][PASSED] - iy = m.indexOf("20"): null

26-05-2025T09:42:56 - [TEST_STEP][PASSED] - if (iy > -1): null

26-05-2025T09:42:56 - [TEST_STEP][PASSED] - y = substring(iy, iy + 4).toInteger(): null

26-05-2025T09:42:56 - [TEST_STEP][PASSED] - println(y): null

26-05-2025T09:42:56 - [TEST_STEP][PASSED] - if (toString().length() == 4): null

26-05-2025T09:42:56 - [TEST_STEP][PASSED] - m = m.substring(0, m.indexOf(y.toString())): null

26-05-2025T09:42:56 - [TEST_STEP][PASSED] - m = m.trim(): null

26-05-2025T09:42:56 - [TEST_STEP][PASSED] - if (m == ""): null

26-05-2025T09:42:56 - [TEST_STEP][PASSED] - dashboardName = "Выполнение бизнес-плана": null

26-05-2025T09:42:56 - [TEST_STEP][PASSED] - workbook01 = getWorkbook(excelFilePath): null

26-05-2025T09:42:56 - [TEST_STEP][PASSED] - sheet01 = getExcelSheet(workbook01, sheetName): null

26-05-2025T09:42:56 - [TEST_STEP][PASSED] - setValueToCellByIndex(sheet01, n, 0, dashboardName): null

26-05-2025T09:42:56 - [TEST_STEP][PASSED] - setValueToCellByIndex(sheet01, n, 1, dZO): null

26-05-2025T09:42:56 - [TEST_STEP][PASSED] - setValueToCellByIndex(sheet01, n, 2, typeOfData): null

26-05-2025T09:42:56 - [TEST_STEP][PASSED] - if (typeOfData == "Факт в процентах" || typeOfData == "План в процентах"): null

26-05-2025T09:42:56 - [TEST_STEP][PASSED] - else: null

26-05-2025T09:42:56 - [TEST_STEP][PASSED] - setValueToCellByIndex(sheet01, n, 3, fileInt): null

26-05-2025T09:42:56 - [TEST_STEP][PASSED] - setValueToCellByIndex(sheet01, n, 4, pageInt): null

26-05-2025T09:42:56 - [TEST_STEP][PASSED] - setValueToCellByIndex(sheet01, n, 5, m): null

26-05-2025T09:42:56 - [TEST_STEP][PASSED] - setValueToCellByIndex(sheet01, n, 6, y): null

26-05-2025T09:42:56 - [TEST_STEP][PASSED] - setValueToCellByIndex(sheet01, n, 7, todaysDate): null

26-05-2025T09:42:56 - [TEST_STEP][PASSED] - n = n + 1: null

26-05-2025T09:42:56 - [TEST_STEP][PASSED] - saveWorkbook(excelFilePath, workbook01): null

26-05-2025T09:42:56 - [TEST_STEP][PASSED] - compare = pagePoteri: null

26-05-2025T09:42:56 - [TEST_STEP][PASSED] - if (pageOtpuskVSet != null): null

26-05-2025T09:42:56 - [TEST_STEP][PASSED] - if (compare == filePoteri): null

26-05-2025T09:42:56 - [TEST_STEP][PASSED] - else if (compare > filePoteri): null

26-05-2025T09:42:56 - [TEST_STEP][PASSED] - else if (compare < filePoteri): null

26-05-2025T09:42:56 - [TEST_STEP][PASSED] - compare = compare + 1: null

26-05-2025T09:42:56 - [TEST_STEP][PASSED] - if (compare == filePoteri): null

26-05-2025T09:42:56 - [TEST_STEP][PASSED] - else: null

26-05-2025T09:42:56 - [TEST_STEP][PASSED] - numberOfErrors = numberOfErrors + 1: null

26-05-2025T09:42:56 - [TEST_STEP][PASSED] - pageInt = pagePoteri: null

26-05-2025T09:42:56 - [TEST_STEP][PASSED] - fileInt = filePoteri: null

26-05-2025T09:42:56 - [TEST_STEP][PASSED] - typeOfData = typeOfDataMain + " Потери": null

26-05-2025T09:42:56 - [TEST_STEP][PASSED] - Script1718980020443.WriteToExcel(a, typeOfData, todaysDate, pageInt, fileInt, pageDouble, fileDouble, dZO): null

26-05-2025T09:42:56 - [TEST_STEP][PASSED] - sheetName = "Sheet1": null

26-05-2025T09:42:56 - [TEST_STEP][PASSED] - data = findTestData("PlanFact"): null

26-05-2025T09:42:56 - [TEST_STEP][PASSED] - n = data.getRowNumbers() + 1: null

26-05-2025T09:42:56 - [TEST_STEP][PASSED] - day = ")).toInteger(): null

26-05-2025T09:42:56 - [TEST_STEP][PASSED] - println(day): null

26-05-2025T09:42:56 - [TEST_STEP][PASSED] - month = ")).toInteger(): null

26-05-2025T09:42:56 - [TEST_STEP][PASSED] - println(month): null

26-05-2025T09:42:56 - [TEST_STEP][PASSED] - y = <not implemented yet for class: org.codehaus.groovy.ast.expr.EmptyExpression>: null

26-05-2025T09:42:56 - [TEST_STEP][PASSED] - iy = <not implemented yet for class: org.codehaus.groovy.ast.expr.EmptyExpression>: null

26-05-2025T09:42:56 - [TEST_STEP][PASSED] - m = getText(findTestObject("Выполнение бизнес-плана/Период")): Text of object 'Object Repository/Выполнение бизнес-плана/Период' is: '1 кв. 2025 года'

26-05-2025T09:42:57 - [MESSAGE][PASSED] - Text of object 'Object Repository/Выполнение бизнес-плана/Период' is: '1 кв. 2025 года'

26-05-2025T09:42:57 - [TEST_STEP][PASSED] - iy = m.indexOf("20"): null

26-05-2025T09:42:57 - [TEST_STEP][PASSED] - if (iy > -1): null

26-05-2025T09:42:57 - [TEST_STEP][PASSED] - y = substring(iy, iy + 4).toInteger(): null

26-05-2025T09:42:57 - [TEST_STEP][PASSED] - println(y): null

26-05-2025T09:42:57 - [TEST_STEP][PASSED] - if (toString().length() == 4): null

26-05-2025T09:42:57 - [TEST_STEP][PASSED] - m = m.substring(0, m.indexOf(y.toString())): null

26-05-2025T09:42:57 - [TEST_STEP][PASSED] - m = m.trim(): null

26-05-2025T09:42:57 - [TEST_STEP][PASSED] - if (m == ""): null

26-05-2025T09:42:57 - [TEST_STEP][PASSED] - dashboardName = "Выполнение бизнес-плана": null

26-05-2025T09:42:57 - [TEST_STEP][PASSED] - workbook01 = getWorkbook(excelFilePath): null

26-05-2025T09:42:57 - [TEST_STEP][PASSED] - sheet01 = getExcelSheet(workbook01, sheetName): null

26-05-2025T09:42:57 - [TEST_STEP][PASSED] - setValueToCellByIndex(sheet01, n, 0, dashboardName): null

26-05-2025T09:42:57 - [TEST_STEP][PASSED] - setValueToCellByIndex(sheet01, n, 1, dZO): null

26-05-2025T09:42:57 - [TEST_STEP][PASSED] - setValueToCellByIndex(sheet01, n, 2, typeOfData): null

26-05-2025T09:42:57 - [TEST_STEP][PASSED] - if (typeOfData == "Факт в процентах" || typeOfData == "План в процентах"): null

26-05-2025T09:42:57 - [TEST_STEP][PASSED] - else: null

26-05-2025T09:42:57 - [TEST_STEP][PASSED] - setValueToCellByIndex(sheet01, n, 3, fileInt): null

26-05-2025T09:42:57 - [TEST_STEP][PASSED] - setValueToCellByIndex(sheet01, n, 4, pageInt): null

26-05-2025T09:42:57 - [TEST_STEP][PASSED] - setValueToCellByIndex(sheet01, n, 5, m): null

26-05-2025T09:42:57 - [TEST_STEP][PASSED] - setValueToCellByIndex(sheet01, n, 6, y): null

26-05-2025T09:42:57 - [TEST_STEP][PASSED] - setValueToCellByIndex(sheet01, n, 7, todaysDate): null

26-05-2025T09:42:57 - [TEST_STEP][PASSED] - n = n + 1: null

26-05-2025T09:42:57 - [TEST_STEP][PASSED] - saveWorkbook(excelFilePath, workbook01): null

26-05-2025T09:42:57 - [TEST_STEP][PASSED] - if (planFact == 2): null

26-05-2025T09:42:57 - [TEST_STEP][PASSED] - if (planFact == 1): null

26-05-2025T09:42:57 - [TEST_STEP][PASSED] - else if (planFact == 2): null

26-05-2025T09:42:57 - [TEST_STEP][PASSED] - click(findTestObject("Выполнение бизнес-плана/Кнопка План")): Object: 'Object Repository/Выполнение бизнес-плана/Кнопка План' is clicked on

26-05-2025T09:42:57 - [MESSAGE][PASSED] - Object: 'Object Repository/Выполнение бизнес-плана/Кнопка План' is clicked on

26-05-2025T09:42:57 - [TEST_STEP][PASSED] - typeOfDataMain = "План": null

26-05-2025T09:42:57 - [TEST_STEP][PASSED] - otpusk = findTestData("PlanFact").getValue(2, a): null

26-05-2025T09:42:57 - [TEST_STEP][PASSED] - poteri = findTestData("PlanFact").getValue(3, a): null

26-05-2025T09:42:57 - [TEST_STEP][PASSED] - otpusk = otpusk.replaceAll("\s+", ""): null

26-05-2025T09:42:57 - [TEST_STEP][PASSED] - poteri = poteri.replaceAll("\s+", ""): null

26-05-2025T09:42:57 - [TEST_STEP][PASSED] - typeOfData = typeOfDataMain + " Отпуск в сеть": null

26-05-2025T09:42:57 - [TEST_STEP][PASSED] - if (a == 82): null

26-05-2025T09:42:57 - [TEST_STEP][PASSED] - else if (a == 84): null

26-05-2025T09:42:57 - [TEST_STEP][PASSED] - else if (a == 83 || a == 52 || a == 72 || a == 28 || a == 73 || a == 77 || a == 74 || a == 65 || a == 36 || a == 44 || a == 53 || a == 80 || a == 54 || a == 1 || a == 18 || a == 59 || a == 81): null

26-05-2025T09:42:57 - [TEST_STEP][PASSED] - path = dataFolder + "Table Data/" + typeOfData + " за отчётный период " + dzoNum: null

26-05-2025T09:42:57 - [TEST_STEP][PASSED] - println(path): null

26-05-2025T09:42:57 - [TEST_STEP][PASSED] - page = getText(findTestObject(path)): Text of object 'Object Repository/Выполнение бизнес-плана/Значения со страницы Выполнение бизнес-плана/Table Data/План Отпуск в сеть за отчётный период 8' is: '908 608'

26-05-2025T09:42:58 - [MESSAGE][PASSED] - Text of object 'Object Repository/Выполнение бизнес-плана/Значения со страницы Выполнение бизнес-плана/Table Data/План Отпуск в сеть за отчётный период 8' is: '908 608'

26-05-2025T09:42:58 - [TEST_STEP][PASSED] - if (page == "" || page == null): null

26-05-2025T09:42:58 - [TEST_STEP][PASSED] - else: null

26-05-2025T09:42:58 - [TEST_STEP][PASSED] - page = page.replaceAll("\s+", ""): null

26-05-2025T09:42:58 - [TEST_STEP][PASSED] - if (page == "undefined"): null

26-05-2025T09:42:58 - [TEST_STEP][PASSED] - fileOtpuskVSet = otpusk.toInteger(): null

26-05-2025T09:42:58 - [TEST_STEP][PASSED] - pageOtpuskVSet = page.toInteger(): null

26-05-2025T09:42:58 - [TEST_STEP][PASSED] - typeOfData = typeOfDataMain + " Потери": null

26-05-2025T09:42:58 - [TEST_STEP][PASSED] - if (a == 82): null

26-05-2025T09:42:58 - [TEST_STEP][PASSED] - else if (a == 84): null

26-05-2025T09:42:58 - [TEST_STEP][PASSED] - else if (a == 83 || a == 52 || a == 72 || a == 28 || a == 73 || a == 77 || a == 74 || a == 65 || a == 36 || a == 44 || a == 53 || a == 80 || a == 54 || a == 1 || a == 18 || a == 59 || a == 81): null

26-05-2025T09:42:58 - [TEST_STEP][PASSED] - path = dataFolder + "Table Data/" + typeOfData + " за отчётный период " + dzoNum: null

26-05-2025T09:42:58 - [TEST_STEP][PASSED] - page = getText(findTestObject(path)): Text of object 'Object Repository/Выполнение бизнес-плана/Значения со страницы Выполнение бизнес-плана/Table Data/План Потери за отчётный период 8' is: '94 420'

26-05-2025T09:42:58 - [MESSAGE][PASSED] - Text of object 'Object Repository/Выполнение бизнес-плана/Значения со страницы Выполнение бизнес-плана/Table Data/План Потери за отчётный период 8' is: '94 420'

26-05-2025T09:42:58 - [TEST_STEP][PASSED] - if (page == "" || page == null): null

26-05-2025T09:42:58 - [TEST_STEP][PASSED] - else: null

26-05-2025T09:42:58 - [TEST_STEP][PASSED] - page = page.replaceAll("\s+", ""): null

26-05-2025T09:42:58 - [TEST_STEP][PASSED] - if (page == "undefined"): null

26-05-2025T09:42:58 - [TEST_STEP][PASSED] - filePoteri = poteri.toInteger(): null

26-05-2025T09:42:58 - [TEST_STEP][PASSED] - pagePoteri = page.toInteger(): null

26-05-2025T09:42:58 - [TEST_STEP][PASSED] - compare = pageOtpuskVSet: null

26-05-2025T09:42:58 - [TEST_STEP][PASSED] - if (pageOtpuskVSet != null): null

26-05-2025T09:42:58 - [TEST_STEP][PASSED] - if (compare == fileOtpuskVSet): null

26-05-2025T09:42:58 - [TEST_STEP][PASSED] - else if (compare > fileOtpuskVSet): null

26-05-2025T09:42:58 - [TEST_STEP][PASSED] - else if (compare < fileOtpuskVSet): null

26-05-2025T09:42:58 - [TEST_STEP][PASSED] - compare = compare + 1: null

26-05-2025T09:42:58 - [TEST_STEP][PASSED] - if (compare == fileOtpuskVSet): null

26-05-2025T09:42:58 - [TEST_STEP][PASSED] - else: null

26-05-2025T09:42:58 - [TEST_STEP][PASSED] - numberOfErrors = numberOfErrors + 1: null

26-05-2025T09:42:58 - [TEST_STEP][PASSED] - pageInt = pageOtpuskVSet: null

26-05-2025T09:42:58 - [TEST_STEP][PASSED] - fileInt = fileOtpuskVSet: null

26-05-2025T09:42:58 - [TEST_STEP][PASSED] - typeOfData = typeOfDataMain + " Отпуск в сеть": null

26-05-2025T09:42:58 - [TEST_STEP][PASSED] - Script1718980020443.WriteToExcel(a, typeOfData, todaysDate, pageInt, fileInt, pageDouble, fileDouble, dZO): null

26-05-2025T09:42:58 - [TEST_STEP][PASSED] - sheetName = "Sheet1": null

26-05-2025T09:42:58 - [TEST_STEP][PASSED] - data = findTestData("PlanFact"): null

26-05-2025T09:42:58 - [TEST_STEP][PASSED] - n = data.getRowNumbers() + 1: null

26-05-2025T09:42:58 - [TEST_STEP][PASSED] - day = ")).toInteger(): null

26-05-2025T09:42:58 - [TEST_STEP][PASSED] - println(day): null

26-05-2025T09:42:58 - [TEST_STEP][PASSED] - month = ")).toInteger(): null

26-05-2025T09:42:58 - [TEST_STEP][PASSED] - println(month): null

26-05-2025T09:42:58 - [TEST_STEP][PASSED] - y = <not implemented yet for class: org.codehaus.groovy.ast.expr.EmptyExpression>: null

26-05-2025T09:42:58 - [TEST_STEP][PASSED] - iy = <not implemented yet for class: org.codehaus.groovy.ast.expr.EmptyExpression>: null

26-05-2025T09:42:58 - [TEST_STEP][PASSED] - m = getText(findTestObject("Выполнение бизнес-плана/Период")): Text of object 'Object Repository/Выполнение бизнес-плана/Период' is: '1 кв. 2025 года'

26-05-2025T09:42:58 - [MESSAGE][PASSED] - Text of object 'Object Repository/Выполнение бизнес-плана/Период' is: '1 кв. 2025 года'

26-05-2025T09:42:58 - [TEST_STEP][PASSED] - iy = m.indexOf("20"): null

26-05-2025T09:42:58 - [TEST_STEP][PASSED] - if (iy > -1): null

26-05-2025T09:42:58 - [TEST_STEP][PASSED] - y = substring(iy, iy + 4).toInteger(): null

26-05-2025T09:42:58 - [TEST_STEP][PASSED] - println(y): null

26-05-2025T09:42:58 - [TEST_STEP][PASSED] - if (toString().length() == 4): null

26-05-2025T09:42:58 - [TEST_STEP][PASSED] - m = m.substring(0, m.indexOf(y.toString())): null

26-05-2025T09:42:58 - [TEST_STEP][PASSED] - m = m.trim(): null

26-05-2025T09:42:58 - [TEST_STEP][PASSED] - if (m == ""): null

26-05-2025T09:42:58 - [TEST_STEP][PASSED] - dashboardName = "Выполнение бизнес-плана": null

26-05-2025T09:42:58 - [TEST_STEP][PASSED] - workbook01 = getWorkbook(excelFilePath): null

26-05-2025T09:42:58 - [TEST_STEP][PASSED] - sheet01 = getExcelSheet(workbook01, sheetName): null

26-05-2025T09:42:58 - [TEST_STEP][PASSED] - setValueToCellByIndex(sheet01, n, 0, dashboardName): null

26-05-2025T09:42:58 - [TEST_STEP][PASSED] - setValueToCellByIndex(sheet01, n, 1, dZO): null

26-05-2025T09:42:58 - [TEST_STEP][PASSED] - setValueToCellByIndex(sheet01, n, 2, typeOfData): null

26-05-2025T09:42:58 - [TEST_STEP][PASSED] - if (typeOfData == "Факт в процентах" || typeOfData == "План в процентах"): null

26-05-2025T09:42:58 - [TEST_STEP][PASSED] - else: null

26-05-2025T09:42:58 - [TEST_STEP][PASSED] - setValueToCellByIndex(sheet01, n, 3, fileInt): null

26-05-2025T09:42:58 - [TEST_STEP][PASSED] - setValueToCellByIndex(sheet01, n, 4, pageInt): null

26-05-2025T09:42:58 - [TEST_STEP][PASSED] - setValueToCellByIndex(sheet01, n, 5, m): null

26-05-2025T09:42:58 - [TEST_STEP][PASSED] - setValueToCellByIndex(sheet01, n, 6, y): null

26-05-2025T09:42:58 - [TEST_STEP][PASSED] - setValueToCellByIndex(sheet01, n, 7, todaysDate): null

26-05-2025T09:42:58 - [TEST_STEP][PASSED] - n = n + 1: null

26-05-2025T09:42:58 - [TEST_STEP][PASSED] - saveWorkbook(excelFilePath, workbook01): null

26-05-2025T09:42:59 - [TEST_STEP][PASSED] - compare = pagePoteri: null

26-05-2025T09:42:59 - [TEST_STEP][PASSED] - if (pageOtpuskVSet != null): null

26-05-2025T09:42:59 - [TEST_STEP][PASSED] - if (compare == filePoteri): null

26-05-2025T09:42:59 - [TEST_STEP][PASSED] - else if (compare > filePoteri): null

26-05-2025T09:42:59 - [TEST_STEP][PASSED] - else if (compare < filePoteri): null

26-05-2025T09:42:59 - [TEST_STEP][PASSED] - compare = compare + 1: null

26-05-2025T09:42:59 - [TEST_STEP][PASSED] - if (compare == filePoteri): null

26-05-2025T09:42:59 - [TEST_STEP][PASSED] - else: null

26-05-2025T09:42:59 - [TEST_STEP][PASSED] - numberOfErrors = numberOfErrors + 1: null

26-05-2025T09:42:59 - [TEST_STEP][PASSED] - pageInt = pagePoteri: null

26-05-2025T09:42:59 - [TEST_STEP][PASSED] - fileInt = filePoteri: null

26-05-2025T09:42:59 - [TEST_STEP][PASSED] - typeOfData = typeOfDataMain + " Потери": null

26-05-2025T09:42:59 - [TEST_STEP][PASSED] - Script1718980020443.WriteToExcel(a, typeOfData, todaysDate, pageInt, fileInt, pageDouble, fileDouble, dZO): null

26-05-2025T09:42:59 - [TEST_STEP][PASSED] - sheetName = "Sheet1": null

26-05-2025T09:42:59 - [TEST_STEP][PASSED] - data = findTestData("PlanFact"): null

26-05-2025T09:42:59 - [TEST_STEP][PASSED] - n = data.getRowNumbers() + 1: null

26-05-2025T09:42:59 - [TEST_STEP][PASSED] - day = ")).toInteger(): null

26-05-2025T09:42:59 - [TEST_STEP][PASSED] - println(day): null

26-05-2025T09:42:59 - [TEST_STEP][PASSED] - month = ")).toInteger(): null

26-05-2025T09:42:59 - [TEST_STEP][PASSED] - println(month): null

26-05-2025T09:42:59 - [TEST_STEP][PASSED] - y = <not implemented yet for class: org.codehaus.groovy.ast.expr.EmptyExpression>: null

26-05-2025T09:42:59 - [TEST_STEP][PASSED] - iy = <not implemented yet for class: org.codehaus.groovy.ast.expr.EmptyExpression>: null

26-05-2025T09:42:59 - [TEST_STEP][PASSED] - m = getText(findTestObject("Выполнение бизнес-плана/Период")): Text of object 'Object Repository/Выполнение бизнес-плана/Период' is: '1 кв. 2025 года'

26-05-2025T09:42:59 - [MESSAGE][PASSED] - Text of object 'Object Repository/Выполнение бизнес-плана/Период' is: '1 кв. 2025 года'

26-05-2025T09:42:59 - [TEST_STEP][PASSED] - iy = m.indexOf("20"): null

26-05-2025T09:42:59 - [TEST_STEP][PASSED] - if (iy > -1): null

26-05-2025T09:42:59 - [TEST_STEP][PASSED] - y = substring(iy, iy + 4).toInteger(): null

26-05-2025T09:42:59 - [TEST_STEP][PASSED] - println(y): null

26-05-2025T09:42:59 - [TEST_STEP][PASSED] - if (toString().length() == 4): null

26-05-2025T09:42:59 - [TEST_STEP][PASSED] - m = m.substring(0, m.indexOf(y.toString())): null

26-05-2025T09:42:59 - [TEST_STEP][PASSED] - m = m.trim(): null

26-05-2025T09:42:59 - [TEST_STEP][PASSED] - if (m == ""): null

26-05-2025T09:42:59 - [TEST_STEP][PASSED] - dashboardName = "Выполнение бизнес-плана": null

26-05-2025T09:42:59 - [TEST_STEP][PASSED] - workbook01 = getWorkbook(excelFilePath): null

26-05-2025T09:42:59 - [TEST_STEP][PASSED] - sheet01 = getExcelSheet(workbook01, sheetName): null

26-05-2025T09:42:59 - [TEST_STEP][PASSED] - setValueToCellByIndex(sheet01, n, 0, dashboardName): null

26-05-2025T09:42:59 - [TEST_STEP][PASSED] - setValueToCellByIndex(sheet01, n, 1, dZO): null

26-05-2025T09:42:59 - [TEST_STEP][PASSED] - setValueToCellByIndex(sheet01, n, 2, typeOfData): null

26-05-2025T09:42:59 - [TEST_STEP][PASSED] - if (typeOfData == "Факт в процентах" || typeOfData == "План в процентах"): null

26-05-2025T09:42:59 - [TEST_STEP][PASSED] - else: null

26-05-2025T09:42:59 - [TEST_STEP][PASSED] - setValueToCellByIndex(sheet01, n, 3, fileInt): null

26-05-2025T09:42:59 - [TEST_STEP][PASSED] - setValueToCellByIndex(sheet01, n, 4, pageInt): null

26-05-2025T09:42:59 - [TEST_STEP][PASSED] - setValueToCellByIndex(sheet01, n, 5, m): null

26-05-2025T09:42:59 - [TEST_STEP][PASSED] - setValueToCellByIndex(sheet01, n, 6, y): null

26-05-2025T09:42:59 - [TEST_STEP][PASSED] - setValueToCellByIndex(sheet01, n, 7, todaysDate): null

26-05-2025T09:42:59 - [TEST_STEP][PASSED] - n = n + 1: null

26-05-2025T09:42:59 - [TEST_STEP][PASSED] - saveWorkbook(excelFilePath, workbook01): Object: 'Object Repository/Выполнение бизнес-плана/Кнопка Факт' is clicked on

26-05-2025T09:42:59 - [TEST_STEP][PASSED] - if (planFact == 2): Object: 'Object Repository/Выполнение бизнес-плана/Кнопка Факт' is clicked on

26-05-2025T09:42:59 - [TEST_STEP][PASSED] - click(findTestObject("Выполнение бизнес-плана/Кнопка Факт")): Object: 'Object Repository/Выполнение бизнес-плана/Кнопка Факт' is clicked on

26-05-2025T09:42:59 - [MESSAGE][PASSED] - Object: 'Object Repository/Выполнение бизнес-плана/Кнопка Факт' is clicked on

26-05-2025T09:42:59 - [TEST_STEP][PASSED] - println("a=" + a): null

26-05-2025T09:42:59 - [TEST_STEP][PASSED] - if (a == 84 || a == 82): null

26-05-2025T09:42:59 - [TEST_STEP][PASSED] - else if (a == 83 || a == 52 || a == 72 || a == 28 || a == 73 || a == 77 || a == 74 || a == 65 || a == 36 || a == 44 || a == 53 || a == 80 || a == 54 || a == 1 || a == 18 || a == 59 || a == 81): null

26-05-2025T09:42:59 - [TEST_STEP][PASSED] - page1 = getText(findTestObject("Object Repository/Выполнение бизнес-плана/spanPlan" + dzoNum)): Text of object 'Object Repository/Выполнение бизнес-плана/spanPlan8' is: '10.39
|'

26-05-2025T09:43:00 - [MESSAGE][PASSED] - Text of object 'Object Repository/Выполнение бизнес-плана/spanPlan8' is: '10.39
|'

26-05-2025T09:43:00 - [TEST_STEP][PASSED] - page1 = page1.replace("|", ""): null

26-05-2025T09:43:00 - [TEST_STEP][PASSED] - page2 = getText(findTestObject("Object Repository/Выполнение бизнес-плана/spanFact" + dzoNum)): Text of object 'Object Repository/Выполнение бизнес-плана/spanFact8' is: '8.87'

26-05-2025T09:43:00 - [MESSAGE][PASSED] - Text of object 'Object Repository/Выполнение бизнес-плана/spanFact8' is: '8.87'

26-05-2025T09:43:00 - [TEST_STEP][PASSED] - page2 = page2.replace("|", ""): null

26-05-2025T09:43:00 - [TEST_STEP][PASSED] - println("page1: " + page1): null

26-05-2025T09:43:00 - [TEST_STEP][PASSED] - println("page2: " + page2): null

26-05-2025T09:43:00 - [TEST_STEP][PASSED] - file = findTestData("PlanFact").getValue(4, a): null

26-05-2025T09:43:00 - [TEST_STEP][PASSED] - file = file.replace(",", "."): null

26-05-2025T09:43:00 - [TEST_STEP][PASSED] - println("file Plan: " + file): null

26-05-2025T09:43:00 - [TEST_STEP][PASSED] - typeOfData = "План в процентах": null

26-05-2025T09:43:00 - [TEST_STEP][PASSED] - fileDouble = file.toDouble(): null

26-05-2025T09:43:00 - [TEST_STEP][PASSED] - pageDouble = page1.toDouble(): null

26-05-2025T09:43:00 - [TEST_STEP][PASSED] - if (fileDouble != pageDouble): null

26-05-2025T09:43:00 - [TEST_STEP][PASSED] - numberOfErrors = numberOfErrors + 1: null

26-05-2025T09:43:00 - [TEST_STEP][PASSED] - Script1718980020443.WriteToExcel(a, typeOfData, todaysDate, pageInt, fileInt, pageDouble, fileDouble, dZO): null

26-05-2025T09:43:00 - [TEST_STEP][PASSED] - sheetName = "Sheet1": null

26-05-2025T09:43:00 - [TEST_STEP][PASSED] - data = findTestData("PlanFact"): null

26-05-2025T09:43:00 - [TEST_STEP][PASSED] - n = data.getRowNumbers() + 1: null

26-05-2025T09:43:00 - [TEST_STEP][PASSED] - day = ")).toInteger(): null

26-05-2025T09:43:00 - [TEST_STEP][PASSED] - println(day): null

26-05-2025T09:43:00 - [TEST_STEP][PASSED] - month = ")).toInteger(): null

26-05-2025T09:43:00 - [TEST_STEP][PASSED] - println(month): null

26-05-2025T09:43:00 - [TEST_STEP][PASSED] - y = <not implemented yet for class: org.codehaus.groovy.ast.expr.EmptyExpression>: null

26-05-2025T09:43:00 - [TEST_STEP][PASSED] - iy = <not implemented yet for class: org.codehaus.groovy.ast.expr.EmptyExpression>: null

26-05-2025T09:43:00 - [TEST_STEP][PASSED] - m = getText(findTestObject("Выполнение бизнес-плана/Период")): Text of object 'Object Repository/Выполнение бизнес-плана/Период' is: '1 кв. 2025 года'

26-05-2025T09:43:01 - [MESSAGE][PASSED] - Text of object 'Object Repository/Выполнение бизнес-плана/Период' is: '1 кв. 2025 года'

26-05-2025T09:43:01 - [TEST_STEP][PASSED] - iy = m.indexOf("20"): null

26-05-2025T09:43:01 - [TEST_STEP][PASSED] - if (iy > -1): null

26-05-2025T09:43:01 - [TEST_STEP][PASSED] - y = substring(iy, iy + 4).toInteger(): null

26-05-2025T09:43:01 - [TEST_STEP][PASSED] - println(y): null

26-05-2025T09:43:01 - [TEST_STEP][PASSED] - if (toString().length() == 4): null

26-05-2025T09:43:01 - [TEST_STEP][PASSED] - m = m.substring(0, m.indexOf(y.toString())): null

26-05-2025T09:43:01 - [TEST_STEP][PASSED] - m = m.trim(): null

26-05-2025T09:43:01 - [TEST_STEP][PASSED] - if (m == ""): null

26-05-2025T09:43:01 - [TEST_STEP][PASSED] - dashboardName = "Выполнение бизнес-плана": null

26-05-2025T09:43:01 - [TEST_STEP][PASSED] - workbook01 = getWorkbook(excelFilePath): null

26-05-2025T09:43:01 - [TEST_STEP][PASSED] - sheet01 = getExcelSheet(workbook01, sheetName): null

26-05-2025T09:43:01 - [TEST_STEP][PASSED] - setValueToCellByIndex(sheet01, n, 0, dashboardName): null

26-05-2025T09:43:01 - [TEST_STEP][PASSED] - setValueToCellByIndex(sheet01, n, 1, dZO): null

26-05-2025T09:43:01 - [TEST_STEP][PASSED] - setValueToCellByIndex(sheet01, n, 2, typeOfData): null

26-05-2025T09:43:01 - [TEST_STEP][PASSED] - if (typeOfData == "Факт в процентах" || typeOfData == "План в процентах"): null

26-05-2025T09:43:01 - [TEST_STEP][PASSED] - setValueToCellByIndex(sheet01, n, 3, fileDouble): null

26-05-2025T09:43:01 - [TEST_STEP][PASSED] - setValueToCellByIndex(sheet01, n, 4, pageDouble): null

26-05-2025T09:43:01 - [TEST_STEP][PASSED] - setValueToCellByIndex(sheet01, n, 5, m): null

26-05-2025T09:43:01 - [TEST_STEP][PASSED] - setValueToCellByIndex(sheet01, n, 6, y): null

26-05-2025T09:43:01 - [TEST_STEP][PASSED] - setValueToCellByIndex(sheet01, n, 7, todaysDate): null

26-05-2025T09:43:01 - [TEST_STEP][PASSED] - n = n + 1: null

26-05-2025T09:43:01 - [TEST_STEP][PASSED] - saveWorkbook(excelFilePath, workbook01): null

26-05-2025T09:43:01 - [TEST_STEP][PASSED] - file = findTestData("PlanFact").getValue(7, a): null

26-05-2025T09:43:01 - [TEST_STEP][PASSED] - file = file.replace(",", "."): null

26-05-2025T09:43:01 - [TEST_STEP][PASSED] - println("file Fact: " + file): null

26-05-2025T09:43:01 - [TEST_STEP][PASSED] - fileDouble = file.toDouble(): null

26-05-2025T09:43:01 - [TEST_STEP][PASSED] - typeOfData = "Факт в процентах": null

26-05-2025T09:43:01 - [TEST_STEP][PASSED] - fileDouble = file.toDouble(): null

26-05-2025T09:43:01 - [TEST_STEP][PASSED] - pageDouble = page2.toDouble(): null

26-05-2025T09:43:01 - [TEST_STEP][PASSED] - if (fileDouble != pageDouble): null

26-05-2025T09:43:01 - [TEST_STEP][PASSED] - numberOfErrors = numberOfErrors + 1: null

26-05-2025T09:43:01 - [TEST_STEP][PASSED] - Script1718980020443.WriteToExcel(a, typeOfData, todaysDate, pageInt, fileInt, pageDouble, fileDouble, dZO): null

26-05-2025T09:43:01 - [TEST_STEP][PASSED] - sheetName = "Sheet1": null

26-05-2025T09:43:01 - [TEST_STEP][PASSED] - data = findTestData("PlanFact"): null

26-05-2025T09:43:01 - [TEST_STEP][PASSED] - n = data.getRowNumbers() + 1: null

26-05-2025T09:43:01 - [TEST_STEP][PASSED] - day = ")).toInteger(): null

26-05-2025T09:43:01 - [TEST_STEP][PASSED] - println(day): null

26-05-2025T09:43:01 - [TEST_STEP][PASSED] - month = ")).toInteger(): null

26-05-2025T09:43:01 - [TEST_STEP][PASSED] - println(month): null

26-05-2025T09:43:01 - [TEST_STEP][PASSED] - y = <not implemented yet for class: org.codehaus.groovy.ast.expr.EmptyExpression>: null

26-05-2025T09:43:01 - [TEST_STEP][PASSED] - iy = <not implemented yet for class: org.codehaus.groovy.ast.expr.EmptyExpression>: null

26-05-2025T09:43:01 - [TEST_STEP][PASSED] - m = getText(findTestObject("Выполнение бизнес-плана/Период")): Text of object 'Object Repository/Выполнение бизнес-плана/Период' is: '1 кв. 2025 года'

26-05-2025T09:43:01 - [MESSAGE][PASSED] - Text of object 'Object Repository/Выполнение бизнес-плана/Период' is: '1 кв. 2025 года'

26-05-2025T09:43:01 - [TEST_STEP][PASSED] - iy = m.indexOf("20"): null

26-05-2025T09:43:01 - [TEST_STEP][PASSED] - if (iy > -1): null

26-05-2025T09:43:01 - [TEST_STEP][PASSED] - y = substring(iy, iy + 4).toInteger(): null

26-05-2025T09:43:01 - [TEST_STEP][PASSED] - println(y): null

26-05-2025T09:43:01 - [TEST_STEP][PASSED] - if (toString().length() == 4): null

26-05-2025T09:43:01 - [TEST_STEP][PASSED] - m = m.substring(0, m.indexOf(y.toString())): null

26-05-2025T09:43:01 - [TEST_STEP][PASSED] - m = m.trim(): null

26-05-2025T09:43:01 - [TEST_STEP][PASSED] - if (m == ""): null

26-05-2025T09:43:01 - [TEST_STEP][PASSED] - dashboardName = "Выполнение бизнес-плана": null

26-05-2025T09:43:01 - [TEST_STEP][PASSED] - workbook01 = getWorkbook(excelFilePath): null

26-05-2025T09:43:01 - [TEST_STEP][PASSED] - sheet01 = getExcelSheet(workbook01, sheetName): null

26-05-2025T09:43:01 - [TEST_STEP][PASSED] - setValueToCellByIndex(sheet01, n, 0, dashboardName): null

26-05-2025T09:43:01 - [TEST_STEP][PASSED] - setValueToCellByIndex(sheet01, n, 1, dZO): null

26-05-2025T09:43:01 - [TEST_STEP][PASSED] - setValueToCellByIndex(sheet01, n, 2, typeOfData): null

26-05-2025T09:43:01 - [TEST_STEP][PASSED] - if (typeOfData == "Факт в процентах" || typeOfData == "План в процентах"): null

26-05-2025T09:43:01 - [TEST_STEP][PASSED] - setValueToCellByIndex(sheet01, n, 3, fileDouble): null

26-05-2025T09:43:01 - [TEST_STEP][PASSED] - setValueToCellByIndex(sheet01, n, 4, pageDouble): null

26-05-2025T09:43:01 - [TEST_STEP][PASSED] - setValueToCellByIndex(sheet01, n, 5, m): null

26-05-2025T09:43:01 - [TEST_STEP][PASSED] - setValueToCellByIndex(sheet01, n, 6, y): null

26-05-2025T09:43:01 - [TEST_STEP][PASSED] - setValueToCellByIndex(sheet01, n, 7, todaysDate): null

26-05-2025T09:43:01 - [TEST_STEP][PASSED] - n = n + 1: null

26-05-2025T09:43:01 - [TEST_STEP][PASSED] - saveWorkbook(excelFilePath, workbook01): null

26-05-2025T09:43:01 - [TEST_STEP][FAILED] - if (verifyEqual(numberOfErrors, 0) == false): null

26-05-2025T09:43:01 - [MESSAGE][FAILED] - Unable to verify equal between actual object '6' and expected object '0' (Root cause: com.kms.katalon.core.exception.StepFailedException: Actual object '6' and expected object '0' are not equal
	at com.kms.katalon.core.keyword.builtin.VerifyEqualKeyword$_verifyEqual_closure1.doCall(VerifyEqualKeyword.groovy:58)
	at com.kms.katalon.core.keyword.builtin.VerifyEqualKeyword$_verifyEqual_closure1.call(VerifyEqualKeyword.groovy)
	at com.kms.katalon.core.keyword.internal.KeywordMain.runKeyword(KeywordMain.groovy:75)
	at com.kms.katalon.core.keyword.builtin.VerifyEqualKeyword.verifyEqual(VerifyEqualKeyword.groovy:63)
	at com.kms.katalon.core.keyword.builtin.VerifyEqualKeyword.execute(VerifyEqualKeyword.groovy:44)
	at com.kms.katalon.core.keyword.internal.KeywordExecutor.executeKeywordForPlatform(KeywordExecutor.groovy:74)
	at com.kms.katalon.core.keyword.BuiltinKeywords.verifyEqual(BuiltinKeywords.groovy:146)
	at jdk.internal.reflect.GeneratedMethodAccessor23.invoke(Unknown Source)
	at java.base/jdk.internal.reflect.DelegatingMethodAccessorImpl.invoke(DelegatingMethodAccessorImpl.java:43)
	at Выполнение бизнес-плана Сверка ПАО Россети все филиалы.Numbers(Выполнение бизнес-плана Сверка ПАО Россети все филиалы:749)
	at Выполнение бизнес-плана Сверка ПАО Россети все филиалы.run(Выполнение бизнес-плана Сверка ПАО Россети все филиалы:409)
	at com.kms.katalon.core.main.ScriptEngine.run(ScriptEngine.java:194)
	at com.kms.katalon.core.main.ScriptEngine.runScriptAsRawText(ScriptEngine.java:119)
	at com.kms.katalon.core.main.TestCaseExecutor.runScript(TestCaseExecutor.java:448)
	at com.kms.katalon.core.main.TestCaseExecutor.doExecute(TestCaseExecutor.java:439)
	at com.kms.katalon.core.main.TestCaseExecutor.processExecutionPhase(TestCaseExecutor.java:418)
	at com.kms.katalon.core.main.TestCaseExecutor.accessMainPhase(TestCaseExecutor.java:410)
	at com.kms.katalon.core.main.TestCaseExecutor.execute(TestCaseExecutor.java:285)
	at com.kms.katalon.core.common.CommonExecutor.accessTestCaseMainPhase(CommonExecutor.java:65)
	at com.kms.katalon.core.main.TestSuiteExecutor.accessTestSuiteMainPhase(TestSuiteExecutor.java:150)
	at com.kms.katalon.core.main.TestSuiteExecutor.execute(TestSuiteExecutor.java:106)
	at com.kms.katalon.core.main.TestCaseMain.startTestSuite(TestCaseMain.java:180)
	at TempTestSuite1748228991768.run(TempTestSuite1748228991768.groovy:35)
	at java.base/jdk.internal.reflect.NativeMethodAccessorImpl.invoke0(Native Method)
	at java.base/jdk.internal.reflect.NativeMethodAccessorImpl.invoke(NativeMethodAccessorImpl.java:77)
	at java.base/jdk.internal.reflect.DelegatingMethodAccessorImpl.invoke(DelegatingMethodAccessorImpl.java:43)
)

26-05-2025T09:43:01 - [TEST_STEP][PASSED] - println(numberOfErrors): null

26-05-2025T09:43:01 - [TEST_STEP][PASSED] - println("a=" + a): null

26-05-2025T09:43:01 - [TEST_STEP][PASSED] - if (a == 28 || a == 77 || a == 74 || a == 65 || a == 36 || a == 44 || a == 54 || a == 1 || a == 18 || a == 59): null

26-05-2025T09:43:01 - [TEST_STEP][PASSED] - if (a == 82): null

26-05-2025T09:43:01 - [TEST_STEP][PASSED] - println(dzoNum): null

26-05-2025T09:43:01 - [TEST_STEP][PASSED] - closeBrowser(): Browser is closed

26-05-2025T09:43:02 - [MESSAGE][PASSED] - Browser is closed]]></system-out>
         <system-err><![CDATA[26-05-2025T09:25:46 - [TEST_CASE][FAILED] - Test Cases/Выполнение бизнес-плана/Выполнение бизнес-плана Сверка ПАО Россети все филиалы: Test Cases/Выполнение бизнес-плана/Выполнение бизнес-плана Сверка ПАО Россети все филиалы FAILED.
Reason:
com.kms.katalon.core.exception.StepFailedException: Unable to verify equal between actual object '6' and expected object '0' (Root cause: com.kms.katalon.core.exception.StepFailedException: Actual object '6' and expected object '0' are not equal
	at com.kms.katalon.core.keyword.builtin.VerifyEqualKeyword$_verifyEqual_closure1.doCall(VerifyEqualKeyword.groovy:58)
	at com.kms.katalon.core.keyword.builtin.VerifyEqualKeyword$_verifyEqual_closure1.call(VerifyEqualKeyword.groovy)
	at com.kms.katalon.core.keyword.internal.KeywordMain.runKeyword(KeywordMain.groovy:75)
	at com.kms.katalon.core.keyword.builtin.VerifyEqualKeyword.verifyEqual(VerifyEqualKeyword.groovy:63)
	at com.kms.katalon.core.keyword.builtin.VerifyEqualKeyword.execute(VerifyEqualKeyword.groovy:44)
	at com.kms.katalon.core.keyword.internal.KeywordExecutor.executeKeywordForPlatform(KeywordExecutor.groovy:74)
	at com.kms.katalon.core.keyword.BuiltinKeywords.verifyEqual(BuiltinKeywords.groovy:146)
	at jdk.internal.reflect.GeneratedMethodAccessor23.invoke(Unknown Source)
	at java.base/jdk.internal.reflect.DelegatingMethodAccessorImpl.invoke(DelegatingMethodAccessorImpl.java:43)
	at Выполнение бизнес-плана Сверка ПАО Россети все филиалы.Numbers(Выполнение бизнес-плана Сверка ПАО Россети все филиалы:749)
	at Выполнение бизнес-плана Сверка ПАО Россети все филиалы.run(Выполнение бизнес-плана Сверка ПАО Россети все филиалы:168)
	at com.kms.katalon.core.main.ScriptEngine.run(ScriptEngine.java:194)
	at com.kms.katalon.core.main.ScriptEngine.runScriptAsRawText(ScriptEngine.java:119)
	at com.kms.katalon.core.main.TestCaseExecutor.runScript(TestCaseExecutor.java:448)
	at com.kms.katalon.core.main.TestCaseExecutor.doExecute(TestCaseExecutor.java:439)
	at com.kms.katalon.core.main.TestCaseExecutor.processExecutionPhase(TestCaseExecutor.java:418)
	at com.kms.katalon.core.main.TestCaseExecutor.accessMainPhase(TestCaseExecutor.java:410)
	at com.kms.katalon.core.main.TestCaseExecutor.execute(TestCaseExecutor.java:285)
	at com.kms.katalon.core.common.CommonExecutor.accessTestCaseMainPhase(CommonExecutor.java:65)
	at com.kms.katalon.core.main.TestSuiteExecutor.accessTestSuiteMainPhase(TestSuiteExecutor.java:150)
	at com.kms.katalon.core.main.TestSuiteExecutor.execute(TestSuiteExecutor.java:106)
	at com.kms.katalon.core.main.TestCaseMain.startTestSuite(TestCaseMain.java:180)
	at TempTestSuite1748228991768.run(TempTestSuite1748228991768.groovy:35)
	at java.base/jdk.internal.reflect.NativeMethodAccessorImpl.invoke0(Native Method)
	at java.base/jdk.internal.reflect.NativeMethodAccessorImpl.invoke(NativeMethodAccessorImpl.java:77)
	at java.base/jdk.internal.reflect.DelegatingMethodAccessorImpl.invoke(DelegatingMethodAccessorImpl.java:43)
)
	at com.kms.katalon.core.keyword.internal.KeywordMain.stepFailed(KeywordMain.groovy:39)
	at com.kms.katalon.core.keyword.internal.KeywordMain.stepFailed(KeywordMain.groovy)
	at com.kms.katalon.core.keyword.internal.KeywordMain.runKeyword(KeywordMain.groovy:77)
	at com.kms.katalon.core.keyword.builtin.VerifyEqualKeyword.verifyEqual(VerifyEqualKeyword.groovy:63)
	at com.kms.katalon.core.keyword.builtin.VerifyEqualKeyword.execute(VerifyEqualKeyword.groovy:44)
	at com.kms.katalon.core.keyword.internal.KeywordExecutor.executeKeywordForPlatform(KeywordExecutor.groovy:74)
	at com.kms.katalon.core.keyword.BuiltinKeywords.verifyEqual(BuiltinKeywords.groovy:146)
	at jdk.internal.reflect.GeneratedMethodAccessor23.invoke(Unknown Source)
	at java.base/jdk.internal.reflect.DelegatingMethodAccessorImpl.invoke(DelegatingMethodAccessorImpl.java:43)
	at Выполнение бизнес-плана Сверка ПАО Россети все филиалы.Numbers(Выполнение бизнес-плана Сверка ПАО Россети все филиалы:749)
	at Выполнение бизнес-плана Сверка ПАО Россети все филиалы.run(Выполнение бизнес-плана Сверка ПАО Россети все филиалы:168)
	at com.kms.katalon.core.main.ScriptEngine.run(ScriptEngine.java:194)
	at com.kms.katalon.core.main.ScriptEngine.runScriptAsRawText(ScriptEngine.java:119)
	at com.kms.katalon.core.main.TestCaseExecutor.runScript(TestCaseExecutor.java:448)
	at com.kms.katalon.core.main.TestCaseExecutor.doExecute(TestCaseExecutor.java:439)
	at com.kms.katalon.core.main.TestCaseExecutor.processExecutionPhase(TestCaseExecutor.java:418)
	at com.kms.katalon.core.main.TestCaseExecutor.accessMainPhase(TestCaseExecutor.java:410)
	at com.kms.katalon.core.main.TestCaseExecutor.execute(TestCaseExecutor.java:285)
	at com.kms.katalon.core.common.CommonExecutor.accessTestCaseMainPhase(CommonExecutor.java:65)
	at com.kms.katalon.core.main.TestSuiteExecutor.accessTestSuiteMainPhase(TestSuiteExecutor.java:150)
	at com.kms.katalon.core.main.TestSuiteExecutor.execute(TestSuiteExecutor.java:106)
	at com.kms.katalon.core.main.TestCaseMain.startTestSuite(TestCaseMain.java:180)
	at TempTestSuite1748228991768.run(TempTestSuite1748228991768.groovy:35)
	at java.base/jdk.internal.reflect.NativeMethodAccessorImpl.invoke0(Native Method)
	at java.base/jdk.internal.reflect.NativeMethodAccessorImpl.invoke(NativeMethodAccessorImpl.java:77)
	at java.base/jdk.internal.reflect.DelegatingMethodAccessorImpl.invoke(DelegatingMethodAccessorImpl.java:43)
Caused by: com.kms.katalon.core.exception.StepFailedException: Actual object '6' and expected object '0' are not equal
	at com.kms.katalon.core.keyword.builtin.VerifyEqualKeyword$_verifyEqual_closure1.doCall(VerifyEqualKeyword.groovy:58)
	at com.kms.katalon.core.keyword.builtin.VerifyEqualKeyword$_verifyEqual_closure1.call(VerifyEqualKeyword.groovy)
	at com.kms.katalon.core.keyword.internal.KeywordMain.runKeyword(KeywordMain.groovy:75)
	... 23 more]]></system-err>
      </testcase>
      <system-out><![CDATA[26-05-2025T06:09:56 - [TEST_SUITE][FAILED] - Сверка дашбордов из разных блоков: Test Cases/Сверки дашбордов/Выполнение бизнес-плана сверка дашбордов FAILED.
Reason:
com.kms.katalon.core.exception.StepFailedException: Unable to verify object is present (Root cause: com.kms.katalon.core.exception.StepFailedException: Unable to verify object is present
	at com.kms.katalon.core.webui.keyword.internal.WebUIKeywordMain.stepFailed(WebUIKeywordMain.groovy:64)
	at com.kms.katalon.core.webui.keyword.internal.WebUIKeywordMain.runKeyword(WebUIKeywordMain.groovy:26)
	at com.kms.katalon.core.webui.keyword.builtin.VerifyElementPresentKeyword.verifyElementPresent(VerifyElementPresentKeyword.groovy:92)
	at com.kms.katalon.core.webui.keyword.builtin.VerifyElementPresentKeyword.execute(VerifyElementPresentKeyword.groovy:68)
	at com.kms.katalon.core.keyword.internal.KeywordExecutor.executeKeywordForPlatform(KeywordExecutor.groovy:74)
	at com.kms.katalon.core.webui.keyword.WebUiBuiltInKeywords.verifyElementPresent(WebUiBuiltInKeywords.groovy:1503)
	at Выполнение бизнес-плана сверка дашбордов.GetAllPAOData(Выполнение бизнес-плана сверка дашбордов:862)
	at Выполнение бизнес-плана сверка дашбордов.run(Выполнение бизнес-плана сверка дашбордов:362)
	at com.kms.katalon.core.main.ScriptEngine.run(ScriptEngine.java:194)
	at com.kms.katalon.core.main.ScriptEngine.runScriptAsRawText(ScriptEngine.java:119)
	at com.kms.katalon.core.main.TestCaseExecutor.runScript(TestCaseExecutor.java:448)
	at com.kms.katalon.core.main.TestCaseExecutor.doExecute(TestCaseExecutor.java:439)
	at com.kms.katalon.core.main.TestCaseExecutor.processExecutionPhase(TestCaseExecutor.java:418)
	at com.kms.katalon.core.main.TestCaseExecutor.accessMainPhase(TestCaseExecutor.java:410)
	at com.kms.katalon.core.main.TestCaseExecutor.execute(TestCaseExecutor.java:285)
	at com.kms.katalon.core.common.CommonExecutor.accessTestCaseMainPhase(CommonExecutor.java:65)
	at com.kms.katalon.core.main.TestSuiteExecutor.accessTestSuiteMainPhase(TestSuiteExecutor.java:150)
	at com.kms.katalon.core.main.TestSuiteExecutor.execute(TestSuiteExecutor.java:106)
	at com.kms.katalon.core.main.TestCaseMain.startTestSuite(TestCaseMain.java:180)
	at TempTestSuite1748228991768.run(TempTestSuite1748228991768.groovy:35)
	at java.base/jdk.internal.reflect.NativeMethodAccessorImpl.invoke0(Native Method)
	at java.base/jdk.internal.reflect.NativeMethodAccessorImpl.invoke(NativeMethodAccessorImpl.java:77)
	at java.base/jdk.internal.reflect.DelegatingMethodAccessorImpl.invoke(DelegatingMethodAccessorImpl.java:43)
Caused by: java.lang.IllegalArgumentException: Object is null
	at com.kms.katalon.core.helper.KeywordHelper.checkTestObjectParameter(KeywordHelper.java:33)
	at com.kms.katalon.core.webui.keyword.builtin.VerifyElementPresentKeyword$_verifyElementPresent_closure1.doCall(VerifyElementPresentKeyword.groovy:76)
	at com.kms.katalon.core.webui.keyword.builtin.VerifyElementPresentKeyword$_verifyElementPresent_closure1.call(VerifyElementPresentKeyword.groovy)
	at com.kms.katalon.core.webui.keyword.internal.WebUIKeywordMain.runKeyword(WebUIKeywordMain.groovy:20)
	at com.kms.katalon.core.webui.keyword.builtin.VerifyElementPresentKeyword.verifyElementPresent(VerifyElementPresentKeyword.groovy:92)
	at com.kms.katalon.core.webui.keyword.builtin.VerifyElementPresentKeyword.execute(VerifyElementPresentKeyword.groovy:68)
	at com.kms.katalon.core.keyword.internal.KeywordExecutor.executeKeywordForPlatform(KeywordExecutor.groovy:74)
	at com.kms.katalon.core.webui.keyword.WebUiBuiltInKeywords.verifyElementPresent(WebUiBuiltInKeywords.groovy:1503)
	at Script1719299571342.GetAllPAOData(Script1719299571342.groovy:862)
	at Script1719299571342.run(Script1719299571342.groovy:362)
	... 15 more
)
	at com.kms.katalon.core.keyword.internal.KeywordMain.stepFailed(KeywordMain.groovy:39)
	at com.kms.katalon.core.webui.keyword.internal.WebUIKeywordMain.stepFailed(WebUIKeywordMain.groovy:64)
	at com.kms.katalon.core.webui.keyword.internal.WebUIKeywordMain.runKeyword(WebUIKeywordMain.groovy:26)
	at com.kms.katalon.core.webui.keyword.builtin.VerifyElementPresentKeyword.verifyElementPresent(VerifyElementPresentKeyword.groovy:92)
	at com.kms.katalon.core.webui.keyword.builtin.VerifyElementPresentKeyword.execute(VerifyElementPresentKeyword.groovy:68)
	at com.kms.katalon.core.keyword.internal.KeywordExecutor.executeKeywordForPlatform(KeywordExecutor.groovy:74)
	at com.kms.katalon.core.webui.keyword.WebUiBuiltInKeywords.verifyElementPresent(WebUiBuiltInKeywords.groovy:1503)
	at Выполнение бизнес-плана сверка дашбордов.GetAllPAOData(Выполнение бизнес-плана сверка дашбордов:862)
	at Выполнение бизнес-плана сверка дашбордов.run(Выполнение бизнес-плана сверка дашбордов:362)
	at com.kms.katalon.core.main.ScriptEngine.run(ScriptEngine.java:194)
	at com.kms.katalon.core.main.ScriptEngine.runScriptAsRawText(ScriptEngine.java:119)
	at com.kms.katalon.core.main.TestCaseExecutor.runScript(TestCaseExecutor.java:448)
	at com.kms.katalon.core.main.TestCaseExecutor.doExecute(TestCaseExecutor.java:439)
	at com.kms.katalon.core.main.TestCaseExecutor.processExecutionPhase(TestCaseExecutor.java:418)
	at com.kms.katalon.core.main.TestCaseExecutor.accessMainPhase(TestCaseExecutor.java:410)
	at com.kms.katalon.core.main.TestCaseExecutor.execute(TestCaseExecutor.java:285)
	at com.kms.katalon.core.common.CommonExecutor.accessTestCaseMainPhase(CommonExecutor.java:65)
	at com.kms.katalon.core.main.TestSuiteExecutor.accessTestSuiteMainPhase(TestSuiteExecutor.java:150)
	at com.kms.katalon.core.main.TestSuiteExecutor.execute(TestSuiteExecutor.java:106)
	at com.kms.katalon.core.main.TestCaseMain.startTestSuite(TestCaseMain.java:180)
	at TempTestSuite1748228991768.run(TempTestSuite1748228991768.groovy:35)
	at java.base/jdk.internal.reflect.NativeMethodAccessorImpl.invoke0(Native Method)
	at java.base/jdk.internal.reflect.NativeMethodAccessorImpl.invoke(NativeMethodAccessorImpl.java:77)
	at java.base/jdk.internal.reflect.DelegatingMethodAccessorImpl.invoke(DelegatingMethodAccessorImpl.java:43)
Caused by: com.kms.katalon.core.exception.StepFailedException: Unable to verify object is present
	... 23 more
Caused by: java.lang.IllegalArgumentException: Object is null
	at com.kms.katalon.core.helper.KeywordHelper.checkTestObjectParameter(KeywordHelper.java:33)
	at com.kms.katalon.core.webui.keyword.builtin.VerifyElementPresentKeyword$_verifyElementPresent_closure1.doCall(VerifyElementPresentKeyword.groovy:76)
	at com.kms.katalon.core.webui.keyword.builtin.VerifyElementPresentKeyword$_verifyElementPresent_closure1.call(VerifyElementPresentKeyword.groovy)
	at com.kms.katalon.core.webui.keyword.internal.WebUIKeywordMain.runKeyword(WebUIKeywordMain.groovy:20)
	... 21 more]]></system-out>
      <system-err><![CDATA[26-05-2025T06:09:56 - [TEST_SUITE][FAILED] - Сверка дашбордов из разных блоков: Test Cases/Сверки дашбордов/Выполнение бизнес-плана сверка дашбордов FAILED.
Reason:
com.kms.katalon.core.exception.StepFailedException: Unable to verify object is present (Root cause: com.kms.katalon.core.exception.StepFailedException: Unable to verify object is present
	at com.kms.katalon.core.webui.keyword.internal.WebUIKeywordMain.stepFailed(WebUIKeywordMain.groovy:64)
	at com.kms.katalon.core.webui.keyword.internal.WebUIKeywordMain.runKeyword(WebUIKeywordMain.groovy:26)
	at com.kms.katalon.core.webui.keyword.builtin.VerifyElementPresentKeyword.verifyElementPresent(VerifyElementPresentKeyword.groovy:92)
	at com.kms.katalon.core.webui.keyword.builtin.VerifyElementPresentKeyword.execute(VerifyElementPresentKeyword.groovy:68)
	at com.kms.katalon.core.keyword.internal.KeywordExecutor.executeKeywordForPlatform(KeywordExecutor.groovy:74)
	at com.kms.katalon.core.webui.keyword.WebUiBuiltInKeywords.verifyElementPresent(WebUiBuiltInKeywords.groovy:1503)
	at Выполнение бизнес-плана сверка дашбордов.GetAllPAOData(Выполнение бизнес-плана сверка дашбордов:862)
	at Выполнение бизнес-плана сверка дашбордов.run(Выполнение бизнес-плана сверка дашбордов:362)
	at com.kms.katalon.core.main.ScriptEngine.run(ScriptEngine.java:194)
	at com.kms.katalon.core.main.ScriptEngine.runScriptAsRawText(ScriptEngine.java:119)
	at com.kms.katalon.core.main.TestCaseExecutor.runScript(TestCaseExecutor.java:448)
	at com.kms.katalon.core.main.TestCaseExecutor.doExecute(TestCaseExecutor.java:439)
	at com.kms.katalon.core.main.TestCaseExecutor.processExecutionPhase(TestCaseExecutor.java:418)
	at com.kms.katalon.core.main.TestCaseExecutor.accessMainPhase(TestCaseExecutor.java:410)
	at com.kms.katalon.core.main.TestCaseExecutor.execute(TestCaseExecutor.java:285)
	at com.kms.katalon.core.common.CommonExecutor.accessTestCaseMainPhase(CommonExecutor.java:65)
	at com.kms.katalon.core.main.TestSuiteExecutor.accessTestSuiteMainPhase(TestSuiteExecutor.java:150)
	at com.kms.katalon.core.main.TestSuiteExecutor.execute(TestSuiteExecutor.java:106)
	at com.kms.katalon.core.main.TestCaseMain.startTestSuite(TestCaseMain.java:180)
	at TempTestSuite1748228991768.run(TempTestSuite1748228991768.groovy:35)
	at java.base/jdk.internal.reflect.NativeMethodAccessorImpl.invoke0(Native Method)
	at java.base/jdk.internal.reflect.NativeMethodAccessorImpl.invoke(NativeMethodAccessorImpl.java:77)
	at java.base/jdk.internal.reflect.DelegatingMethodAccessorImpl.invoke(DelegatingMethodAccessorImpl.java:43)
Caused by: java.lang.IllegalArgumentException: Object is null
	at com.kms.katalon.core.helper.KeywordHelper.checkTestObjectParameter(KeywordHelper.java:33)
	at com.kms.katalon.core.webui.keyword.builtin.VerifyElementPresentKeyword$_verifyElementPresent_closure1.doCall(VerifyElementPresentKeyword.groovy:76)
	at com.kms.katalon.core.webui.keyword.builtin.VerifyElementPresentKeyword$_verifyElementPresent_closure1.call(VerifyElementPresentKeyword.groovy)
	at com.kms.katalon.core.webui.keyword.internal.WebUIKeywordMain.runKeyword(WebUIKeywordMain.groovy:20)
	at com.kms.katalon.core.webui.keyword.builtin.VerifyElementPresentKeyword.verifyElementPresent(VerifyElementPresentKeyword.groovy:92)
	at com.kms.katalon.core.webui.keyword.builtin.VerifyElementPresentKeyword.execute(VerifyElementPresentKeyword.groovy:68)
	at com.kms.katalon.core.keyword.internal.KeywordExecutor.executeKeywordForPlatform(KeywordExecutor.groovy:74)
	at com.kms.katalon.core.webui.keyword.WebUiBuiltInKeywords.verifyElementPresent(WebUiBuiltInKeywords.groovy:1503)
	at Script1719299571342.GetAllPAOData(Script1719299571342.groovy:862)
	at Script1719299571342.run(Script1719299571342.groovy:362)
	... 15 more
)
	at com.kms.katalon.core.keyword.internal.KeywordMain.stepFailed(KeywordMain.groovy:39)
	at com.kms.katalon.core.webui.keyword.internal.WebUIKeywordMain.stepFailed(WebUIKeywordMain.groovy:64)
	at com.kms.katalon.core.webui.keyword.internal.WebUIKeywordMain.runKeyword(WebUIKeywordMain.groovy:26)
	at com.kms.katalon.core.webui.keyword.builtin.VerifyElementPresentKeyword.verifyElementPresent(VerifyElementPresentKeyword.groovy:92)
	at com.kms.katalon.core.webui.keyword.builtin.VerifyElementPresentKeyword.execute(VerifyElementPresentKeyword.groovy:68)
	at com.kms.katalon.core.keyword.internal.KeywordExecutor.executeKeywordForPlatform(KeywordExecutor.groovy:74)
	at com.kms.katalon.core.webui.keyword.WebUiBuiltInKeywords.verifyElementPresent(WebUiBuiltInKeywords.groovy:1503)
	at Выполнение бизнес-плана сверка дашбордов.GetAllPAOData(Выполнение бизнес-плана сверка дашбордов:862)
	at Выполнение бизнес-плана сверка дашбордов.run(Выполнение бизнес-плана сверка дашбордов:362)
	at com.kms.katalon.core.main.ScriptEngine.run(ScriptEngine.java:194)
	at com.kms.katalon.core.main.ScriptEngine.runScriptAsRawText(ScriptEngine.java:119)
	at com.kms.katalon.core.main.TestCaseExecutor.runScript(TestCaseExecutor.java:448)
	at com.kms.katalon.core.main.TestCaseExecutor.doExecute(TestCaseExecutor.java:439)
	at com.kms.katalon.core.main.TestCaseExecutor.processExecutionPhase(TestCaseExecutor.java:418)
	at com.kms.katalon.core.main.TestCaseExecutor.accessMainPhase(TestCaseExecutor.java:410)
	at com.kms.katalon.core.main.TestCaseExecutor.execute(TestCaseExecutor.java:285)
	at com.kms.katalon.core.common.CommonExecutor.accessTestCaseMainPhase(CommonExecutor.java:65)
	at com.kms.katalon.core.main.TestSuiteExecutor.accessTestSuiteMainPhase(TestSuiteExecutor.java:150)
	at com.kms.katalon.core.main.TestSuiteExecutor.execute(TestSuiteExecutor.java:106)
	at com.kms.katalon.core.main.TestCaseMain.startTestSuite(TestCaseMain.java:180)
	at TempTestSuite1748228991768.run(TempTestSuite1748228991768.groovy:35)
	at java.base/jdk.internal.reflect.NativeMethodAccessorImpl.invoke0(Native Method)
	at java.base/jdk.internal.reflect.NativeMethodAccessorImpl.invoke(NativeMethodAccessorImpl.java:77)
	at java.base/jdk.internal.reflect.DelegatingMethodAccessorImpl.invoke(DelegatingMethodAccessorImpl.java:43)
Caused by: com.kms.katalon.core.exception.StepFailedException: Unable to verify object is present
	... 23 more
Caused by: java.lang.IllegalArgumentException: Object is null
	at com.kms.katalon.core.helper.KeywordHelper.checkTestObjectParameter(KeywordHelper.java:33)
	at com.kms.katalon.core.webui.keyword.builtin.VerifyElementPresentKeyword$_verifyElementPresent_closure1.doCall(VerifyElementPresentKeyword.groovy:76)
	at com.kms.katalon.core.webui.keyword.builtin.VerifyElementPresentKeyword$_verifyElementPresent_closure1.call(VerifyElementPresentKeyword.groovy)
	at com.kms.katalon.core.webui.keyword.internal.WebUIKeywordMain.runKeyword(WebUIKeywordMain.groovy:20)
	... 21 more]]></system-err>
   </testsuite>
</testsuites>
