<?xml version="1.0" encoding="UTF-8"?>
<testsuites name="Сверка дашбордов из разных блоков" time="3320.196" tests="3" failures="3" errors="0">
   <testsuite name="Сверка дашбордов из разных блоков" tests="3" failures="3" errors="0" time="3320.196" skipped="0" timestamp="29-11-2024T10:53:17" hostname="liazgina-di - UVV-WS904-D.ot.ru" id="Test Suites/Пн-Ср-Пт/Сверка дашбордов из разных блоков">
      <properties>
         <property name="deviceName" value=""/>
         <property name="devicePlatform"/>
         <property name="logFolder" value="C:\\Users\\LIAZGINA-DI\\git\\SPORU\\Reports\\20241129_105313\\\u041F\u043D-\u0421\u0440-\u041F\u0442\\\u0421\u0432\u0435\u0440\u043A\u0430 \u0434\u0430\u0448\u0431\u043E\u0440\u0434\u043E\u0432 \u0438\u0437 \u0440\u0430\u0437\u043D\u044B\u0445 \u0431\u043B\u043E\u043A\u043E\u0432\\20241129_105313"/>
         <property name="logFiles" value="C:\\Users\\LIAZGINA-DI\\git\\SPORU\\Reports\\20241129_105313\\\u041F\u043D-\u0421\u0440-\u041F\u0442\\\u0421\u0432\u0435\u0440\u043A\u0430 \u0434\u0430\u0448\u0431\u043E\u0440\u0434\u043E\u0432 \u0438\u0437 \u0440\u0430\u0437\u043D\u044B\u0445 \u0431\u043B\u043E\u043A\u043E\u0432\\20241129_105313\\execution0.log"/>
         <property name="attachments" value="C:\\Users\\LIAZGINA-DI\\git\\SPORU\\Reports\\20241129_105313\\\u041F\u043D-\u0421\u0440-\u041F\u0442\\\u0421\u0432\u0435\u0440\u043A\u0430 \u0434\u0430\u0448\u0431\u043E\u0440\u0434\u043E\u0432 \u0438\u0437 \u0440\u0430\u0437\u043D\u044B\u0445 \u0431\u043B\u043E\u043A\u043E\u0432\\20241129_105313\\1732868044348.png, C:\\Users\\LIAZGINA-DI\\git\\SPORU\\Reports\\20241129_105313\\\u041F\u043D-\u0421\u0440-\u041F\u0442\\\u0421\u0432\u0435\u0440\u043A\u0430 \u0434\u0430\u0448\u0431\u043E\u0440\u0434\u043E\u0432 \u0438\u0437 \u0440\u0430\u0437\u043D\u044B\u0445 \u0431\u043B\u043E\u043A\u043E\u0432\\20241129_105313\\1732868618193.png"/>
         <property name="hostName" value="liazgina-di - UVV-WS904-D.ot.ru"/>
         <property name="os" value="Windows 10 64bit"/>
         <property name="katalonVersion" value="9.5.0.217"/>
         <property name="browser" value="Chrome 131.0.0.0"/>
         <property name="hostAddress" value="192.168.0.19"/>
         <property name="sessionId" value="d231de9a71c58df602d73e8b8c4204ba"/>
         <property name="seleniumVersion" value="3.141.59"/>
         <property name="proxyInformation" value="ProxyInformation { proxyOption=NO_PROXY, proxyServerType=HTTP, username=, password=********, proxyServerAddress=, proxyServerPort=0, executionList=&quot;&quot;, isApplyToDesiredCapabilities=true }"/>
         <property name="platform" value="Windows 10"/>
      </properties>
      <testcase name="Test Cases/Сверки дашбордов/Выручка в рублях сверка дашбордов ПАО Россети" time="1820.458" classname="Test Cases/Сверки дашбордов/Выручка в рублях сверка дашбордов ПАО Россети" status="FAILED">
         <failure type="FAILED" message="Test Cases/Сверки дашбордов/Выручка в рублях сверка дашбордов ПАО Россети FAILED.&#xa;Reason:&#xa;com.kms.katalon.core.exception.StepFailedException: Unable to navigate to 'https://bi.rosseti.digital/viewer?dashboardGuid=2301950b23be4ed89c1df75f2020051e&amp;sheetGuid=b723206f698544fb87299f3095c00435&amp;fit=true' (Root cause: com.kms.katalon.core.exception.StepFailedException: Unable to navigate to 'https://bi.rosseti.digital/viewer?dashboardGuid=2301950b23be4ed89c1df75f2020051e&amp;sheetGuid=b723206f698544fb87299f3095c00435&amp;fit=true'&#xa;	at com.kms.katalon.core.webui.keyword.internal.WebUIKeywordMain.stepFailed(WebUIKeywordMain.groovy:64)&#xa;	at com.kms.katalon.core.webui.keyword.internal.WebUIKeywordMain.runKeyword(WebUIKeywordMain.groovy:26)&#xa;	at com.kms.katalon.core.webui.keyword.builtin.NavigateToUrlKeyword.navigateToUrl(NavigateToUrlKeyword.groovy:83)&#xa;	at com.kms.katalon.core.webui.keyword.builtin.NavigateToUrlKeyword.execute(NavigateToUrlKeyword.groovy:67)&#xa;	at com.kms.katalon.core.keyword.internal.KeywordExecutor.executeKeywordForPlatform(KeywordExecutor.groovy:74)&#xa;	at com.kms.katalon.core.webui.keyword.WebUiBuiltInKeywords.navigateToUrl(WebUiBuiltInKeywords.groovy:187)&#xa;	at Выручка в рублях сверка дашбордов ПАО Россети.Autorization(Выручка в рублях сверка дашбордов ПАО Россети:674)&#xa;	at Выручка в рублях сверка дашбордов ПАО Россети.PreSettings(Выручка в рублях сверка дашбордов ПАО Россети:573)&#xa;	at Выручка в рублях сверка дашбордов ПАО Россети.Blocks(Выручка в рублях сверка дашбордов ПАО Россети:153)&#xa;	at Выручка в рублях сверка дашбордов ПАО Россети.ViruchkaChange(Выручка в рублях сверка дашбордов ПАО Россети:60)&#xa;	at Выручка в рублях сверка дашбордов ПАО Россети.run(Выручка в рублях сверка дашбордов ПАО Россети:55)&#xa;	at com.kms.katalon.core.main.ScriptEngine.run(ScriptEngine.java:194)&#xa;	at com.kms.katalon.core.main.ScriptEngine.runScriptAsRawText(ScriptEngine.java:119)&#xa;	at com.kms.katalon.core.main.TestCaseExecutor.runScript(TestCaseExecutor.java:448)&#xa;	at com.kms.katalon.core.main.TestCaseExecutor.doExecute(TestCaseExecutor.java:439)&#xa;	at com.kms.katalon.core.main.TestCaseExecutor.processExecutionPhase(TestCaseExecutor.java:418)&#xa;	at com.kms.katalon.core.main.TestCaseExecutor.accessMainPhase(TestCaseExecutor.java:410)&#xa;	at com.kms.katalon.core.main.TestCaseExecutor.execute(TestCaseExecutor.java:285)&#xa;	at com.kms.katalon.core.common.CommonExecutor.accessTestCaseMainPhase(CommonExecutor.java:65)&#xa;	at com.kms.katalon.core.main.TestSuiteExecutor.accessTestSuiteMainPhase(TestSuiteExecutor.java:150)&#xa;	at com.kms.katalon.core.main.TestSuiteExecutor.execute(TestSuiteExecutor.java:106)&#xa;	at com.kms.katalon.core.main.TestCaseMain.startTestSuite(TestCaseMain.java:180)&#xa;	at TempTestSuite1732866793142.run(TempTestSuite1732866793142.groovy:35)&#xa;	at java.base/jdk.internal.reflect.NativeMethodAccessorImpl.invoke0(Native Method)&#xa;	at java.base/jdk.internal.reflect.NativeMethodAccessorImpl.invoke(NativeMethodAccessorImpl.java:77)&#xa;	at java.base/jdk.internal.reflect.DelegatingMethodAccessorImpl.invoke(DelegatingMethodAccessorImpl.java:43)&#xa;Caused by: org.openqa.selenium.TimeoutException: timeout: Timed out receiving message from renderer: 299.172&#xa;  (Session info: chrome=131.0.6778.86)&#xa;Build info: version: '3.141.59', revision: 'unknown', time: 'unknown'&#xa;System info: host: 'UVV-WS904-D', ip: '192.168.0.19', os.name: 'Windows 10', os.arch: 'amd64', os.version: '10.0', java.version: '17.0.7'&#xa;Driver info: com.kms.katalon.selenium.driver.CChromeDriver&#xa;Capabilities {acceptInsecureCerts: false, browserName: chrome, browserVersion: 131.0.6778.86, chrome: {chromedriverVersion: 131.0.6778.69 (77e2244bbcda..., userDataDir: C:\Users\LIAZGI~1\AppData\L...}, fedcm:accounts: true, goog:chromeOptions: {debuggerAddress: localhost:63519}, javascriptEnabled: true, networkConnectionEnabled: false, pageLoadStrategy: normal, platform: WINDOWS, platformName: WINDOWS, proxy: Proxy(), setWindowRect: true, strictFileInteractability: false, timeouts: {implicit: 0, pageLoad: 300000, script: 30000}, unhandledPromptBehavior: dismiss and notify, webauthn:extension:credBlob: true, webauthn:extension:largeBlob: true, webauthn:extension:minPinLength: true, webauthn:extension:prf: true, webauthn:virtualAuthenticators: true}&#xa;Session ID: 6428f965c29e06897a1ccfc9aeb264aa&#xa;	at java.base/jdk.internal.reflect.NativeConstructorAccessorImpl.newInstance0(Native Method)&#xa;	at java.base/jdk.internal.reflect.NativeConstructorAccessorImpl.newInstance(NativeConstructorAccessorImpl.java:77)&#xa;	at java.base/jdk.internal.reflect.DelegatingConstructorAccessorImpl.newInstance(DelegatingConstructorAccessorImpl.java:45)&#xa;	at org.openqa.selenium.remote.http.W3CHttpResponseCodec.createException(W3CHttpResponseCodec.java:187)&#xa;	at org.openqa.selenium.remote.http.W3CHttpResponseCodec.decode(W3CHttpResponseCodec.java:122)&#xa;	at org.openqa.selenium.remote.http.W3CHttpResponseCodec.decode(W3CHttpResponseCodec.java:49)&#xa;	at org.openqa.selenium.remote.HttpCommandExecutor.execute(HttpCommandExecutor.java:158)&#xa;	at org.openqa.selenium.remote.service.DriverCommandExecutor.execute(DriverCommandExecutor.java:83)&#xa;	at org.openqa.selenium.remote.RemoteWebDriver.execute(RemoteWebDriver.java:552)&#xa;	at com.kms.katalon.selenium.driver.CChromeDriver.execute(CChromeDriver.java:19)&#xa;	at org.openqa.selenium.remote.RemoteWebDriver.get(RemoteWebDriver.java:277)&#xa;	at org.openqa.selenium.remote.RemoteWebDriver$RemoteNavigation.to(RemoteWebDriver.java:857)&#xa;	at org.openqa.selenium.support.events.EventFiringWebDriver$EventFiringNavigation.to(EventFiringWebDriver.java:569)&#xa;	at com.kms.katalon.core.webui.keyword.builtin.NavigateToUrlKeyword$_navigateToUrl_closure1.doCall(NavigateToUrlKeyword.groovy:81)&#xa;	at com.kms.katalon.core.webui.keyword.builtin.NavigateToUrlKeyword$_navigateToUrl_closure1.call(NavigateToUrlKeyword.groovy)&#xa;	at com.kms.katalon.core.webui.keyword.internal.WebUIKeywordMain.runKeyword(WebUIKeywordMain.groovy:20)&#xa;	at com.kms.katalon.core.webui.keyword.builtin.NavigateToUrlKeyword.navigateToUrl(NavigateToUrlKeyword.groovy:83)&#xa;	at com.kms.katalon.core.webui.keyword.builtin.NavigateToUrlKeyword.execute(NavigateToUrlKeyword.groovy:67)&#xa;	at com.kms.katalon.core.keyword.internal.KeywordExecutor.executeKeywordForPlatform(KeywordExecutor.groovy:74)&#xa;	at com.kms.katalon.core.webui.keyword.WebUiBuiltInKeywords.navigateToUrl(WebUiBuiltInKeywords.groovy:187)&#xa;	at Script1710234207206.Autorization(Script1710234207206.groovy:674)&#xa;	at Script1710234207206.PreSettings(Script1710234207206.groovy:573)&#xa;	at Script1710234207206.Blocks(Script1710234207206.groovy:153)&#xa;	at Script1710234207206.ViruchkaChange(Script1710234207206.groovy:60)&#xa;	at Script1710234207206.run(Script1710234207206.groovy:55)&#xa;	... 15 more&#xa;)&#xa;	at com.kms.katalon.core.keyword.internal.KeywordMain.stepFailed(KeywordMain.groovy:39)&#xa;	at com.kms.katalon.core.webui.keyword.internal.WebUIKeywordMain.stepFailed(WebUIKeywordMain.groovy:64)&#xa;	at com.kms.katalon.core.webui.keyword.internal.WebUIKeywordMain.runKeyword(WebUIKeywordMain.groovy:26)&#xa;	at com.kms.katalon.core.webui.keyword.builtin.NavigateToUrlKeyword.navigateToUrl(NavigateToUrlKeyword.groovy:83)&#xa;	at com.kms.katalon.core.webui.keyword.builtin.NavigateToUrlKeyword.execute(NavigateToUrlKeyword.groovy:67)&#xa;	at com.kms.katalon.core.keyword.internal.KeywordExecutor.executeKeywordForPlatform(KeywordExecutor.groovy:74)&#xa;	at com.kms.katalon.core.webui.keyword.WebUiBuiltInKeywords.navigateToUrl(WebUiBuiltInKeywords.groovy:187)&#xa;	at Выручка в рублях сверка дашбордов ПАО Россети.Autorization(Выручка в рублях сверка дашбордов ПАО Россети:674)&#xa;	at Выручка в рублях сверка дашбордов ПАО Россети.PreSettings(Выручка в рублях сверка дашбордов ПАО Россети:573)&#xa;	at Выручка в рублях сверка дашбордов ПАО Россети.Blocks(Выручка в рублях сверка дашбордов ПАО Россети:153)&#xa;	at Выручка в рублях сверка дашбордов ПАО Россети.ViruchkaChange(Выручка в рублях сверка дашбордов ПАО Россети:60)&#xa;	at Выручка в рублях сверка дашбордов ПАО Россети.run(Выручка в рублях сверка дашбордов ПАО Россети:55)&#xa;	at com.kms.katalon.core.main.ScriptEngine.run(ScriptEngine.java:194)&#xa;	at com.kms.katalon.core.main.ScriptEngine.runScriptAsRawText(ScriptEngine.java:119)&#xa;	at com.kms.katalon.core.main.TestCaseExecutor.runScript(TestCaseExecutor.java:448)&#xa;	at com.kms.katalon.core.main.TestCaseExecutor.doExecute(TestCaseExecutor.java:439)&#xa;	at com.kms.katalon.core.main.TestCaseExecutor.processExecutionPhase(TestCaseExecutor.java:418)&#xa;	at com.kms.katalon.core.main.TestCaseExecutor.accessMainPhase(TestCaseExecutor.java:410)&#xa;	at com.kms.katalon.core.main.TestCaseExecutor.execute(TestCaseExecutor.java:285)&#xa;	at com.kms.katalon.core.common.CommonExecutor.accessTestCaseMainPhase(CommonExecutor.java:65)&#xa;	at com.kms.katalon.core.main.TestSuiteExecutor.accessTestSuiteMainPhase(TestSuiteExecutor.java:150)&#xa;	at com.kms.katalon.core.main.TestSuiteExecutor.execute(TestSuiteExecutor.java:106)&#xa;	at com.kms.katalon.core.main.TestCaseMain.startTestSuite(TestCaseMain.java:180)&#xa;	at TempTestSuite1732866793142.run(TempTestSuite1732866793142.groovy:35)&#xa;	at java.base/jdk.internal.reflect.NativeMethodAccessorImpl.invoke0(Native Method)&#xa;	at java.base/jdk.internal.reflect.NativeMethodAccessorImpl.invoke(NativeMethodAccessorImpl.java:77)&#xa;	at java.base/jdk.internal.reflect.DelegatingMethodAccessorImpl.invoke(DelegatingMethodAccessorImpl.java:43)&#xa;Caused by: com.kms.katalon.core.exception.StepFailedException: Unable to navigate to 'https://bi.rosseti.digital/viewer?dashboardGuid=2301950b23be4ed89c1df75f2020051e&amp;sheetGuid=b723206f698544fb87299f3095c00435&amp;fit=true'&#xa;	... 26 more&#xa;Caused by: org.openqa.selenium.TimeoutException: timeout: Timed out receiving message from renderer: 299.172&#xa;  (Session info: chrome=131.0.6778.86)&#xa;Build info: version: '3.141.59', revision: 'unknown', time: 'unknown'&#xa;System info: host: 'UVV-WS904-D', ip: '192.168.0.19', os.name: 'Windows 10', os.arch: 'amd64', os.version: '10.0', java.version: '17.0.7'&#xa;Driver info: com.kms.katalon.selenium.driver.CChromeDriver&#xa;Capabilities {acceptInsecureCerts: false, browserName: chrome, browserVersion: 131.0.6778.86, chrome: {chromedriverVersion: 131.0.6778.69 (77e2244bbcda..., userDataDir: C:\Users\LIAZGI~1\AppData\L...}, fedcm:accounts: true, goog:chromeOptions: {debuggerAddress: localhost:63519}, javascriptEnabled: true, networkConnectionEnabled: false, pageLoadStrategy: normal, platform: WINDOWS, platformName: WINDOWS, proxy: Proxy(), setWindowRect: true, strictFileInteractability: false, timeouts: {implicit: 0, pageLoad: 300000, script: 30000}, unhandledPromptBehavior: dismiss and notify, webauthn:extension:credBlob: true, webauthn:extension:largeBlob: true, webauthn:extension:minPinLength: true, webauthn:extension:prf: true, webauthn:virtualAuthenticators: true}&#xa;Session ID: 6428f965c29e06897a1ccfc9aeb264aa&#xa;	at java.base/jdk.internal.reflect.NativeConstructorAccessorImpl.newInstance0(Native Method)&#xa;	at java.base/jdk.internal.reflect.NativeConstructorAccessorImpl.newInstance(NativeConstructorAccessorImpl.java:77)&#xa;	at java.base/jdk.internal.reflect.DelegatingConstructorAccessorImpl.newInstance(DelegatingConstructorAccessorImpl.java:45)&#xa;	at org.openqa.selenium.remote.http.W3CHttpResponseCodec.createException(W3CHttpResponseCodec.java:187)&#xa;	at org.openqa.selenium.remote.http.W3CHttpResponseCodec.decode(W3CHttpResponseCodec.java:122)&#xa;	at org.openqa.selenium.remote.http.W3CHttpResponseCodec.decode(W3CHttpResponseCodec.java:49)&#xa;	at org.openqa.selenium.remote.HttpCommandExecutor.execute(HttpCommandExecutor.java:158)&#xa;	at org.openqa.selenium.remote.service.DriverCommandExecutor.execute(DriverCommandExecutor.java:83)&#xa;	at org.openqa.selenium.remote.RemoteWebDriver.execute(RemoteWebDriver.java:552)&#xa;	at com.kms.katalon.selenium.driver.CChromeDriver.execute(CChromeDriver.java:19)&#xa;	at org.openqa.selenium.remote.RemoteWebDriver.get(RemoteWebDriver.java:277)&#xa;	at org.openqa.selenium.remote.RemoteWebDriver$RemoteNavigation.to(RemoteWebDriver.java:857)&#xa;	at org.openqa.selenium.support.events.EventFiringWebDriver$EventFiringNavigation.to(EventFiringWebDriver.java:569)&#xa;	at com.kms.katalon.core.webui.keyword.builtin.NavigateToUrlKeyword$_navigateToUrl_closure1.doCall(NavigateToUrlKeyword.groovy:81)&#xa;	at com.kms.katalon.core.webui.keyword.builtin.NavigateToUrlKeyword$_navigateToUrl_closure1.call(NavigateToUrlKeyword.groovy)&#xa;	at com.kms.katalon.core.webui.keyword.internal.WebUIKeywordMain.runKeyword(WebUIKeywordMain.groovy:20)&#xa;	... 24 more&#xa;"/>
         <system-out><![CDATA[29-11-2024T10:53:17 - [TEST_CASE][FAILED] - Test Cases/Сверки дашбордов/Выручка в рублях сверка дашбордов ПАО Россети: Test Cases/Сверки дашбордов/Выручка в рублях сверка дашбордов ПАО Россети FAILED.
Reason:
com.kms.katalon.core.exception.StepFailedException: Unable to navigate to 'https://bi.rosseti.digital/viewer?dashboardGuid=2301950b23be4ed89c1df75f2020051e&sheetGuid=b723206f698544fb87299f3095c00435&fit=true' (Root cause: com.kms.katalon.core.exception.StepFailedException: Unable to navigate to 'https://bi.rosseti.digital/viewer?dashboardGuid=2301950b23be4ed89c1df75f2020051e&sheetGuid=b723206f698544fb87299f3095c00435&fit=true'
	at com.kms.katalon.core.webui.keyword.internal.WebUIKeywordMain.stepFailed(WebUIKeywordMain.groovy:64)
	at com.kms.katalon.core.webui.keyword.internal.WebUIKeywordMain.runKeyword(WebUIKeywordMain.groovy:26)
	at com.kms.katalon.core.webui.keyword.builtin.NavigateToUrlKeyword.navigateToUrl(NavigateToUrlKeyword.groovy:83)
	at com.kms.katalon.core.webui.keyword.builtin.NavigateToUrlKeyword.execute(NavigateToUrlKeyword.groovy:67)
	at com.kms.katalon.core.keyword.internal.KeywordExecutor.executeKeywordForPlatform(KeywordExecutor.groovy:74)
	at com.kms.katalon.core.webui.keyword.WebUiBuiltInKeywords.navigateToUrl(WebUiBuiltInKeywords.groovy:187)
	at Выручка в рублях сверка дашбордов ПАО Россети.Autorization(Выручка в рублях сверка дашбордов ПАО Россети:674)
	at Выручка в рублях сверка дашбордов ПАО Россети.PreSettings(Выручка в рублях сверка дашбордов ПАО Россети:573)
	at Выручка в рублях сверка дашбордов ПАО Россети.Blocks(Выручка в рублях сверка дашбордов ПАО Россети:153)
	at Выручка в рублях сверка дашбордов ПАО Россети.ViruchkaChange(Выручка в рублях сверка дашбордов ПАО Россети:60)
	at Выручка в рублях сверка дашбордов ПАО Россети.run(Выручка в рублях сверка дашбордов ПАО Россети:55)
	at com.kms.katalon.core.main.ScriptEngine.run(ScriptEngine.java:194)
	at com.kms.katalon.core.main.ScriptEngine.runScriptAsRawText(ScriptEngine.java:119)
	at com.kms.katalon.core.main.TestCaseExecutor.runScript(TestCaseExecutor.java:448)
	at com.kms.katalon.core.main.TestCaseExecutor.doExecute(TestCaseExecutor.java:439)
	at com.kms.katalon.core.main.TestCaseExecutor.processExecutionPhase(TestCaseExecutor.java:418)
	at com.kms.katalon.core.main.TestCaseExecutor.accessMainPhase(TestCaseExecutor.java:410)
	at com.kms.katalon.core.main.TestCaseExecutor.execute(TestCaseExecutor.java:285)
	at com.kms.katalon.core.common.CommonExecutor.accessTestCaseMainPhase(CommonExecutor.java:65)
	at com.kms.katalon.core.main.TestSuiteExecutor.accessTestSuiteMainPhase(TestSuiteExecutor.java:150)
	at com.kms.katalon.core.main.TestSuiteExecutor.execute(TestSuiteExecutor.java:106)
	at com.kms.katalon.core.main.TestCaseMain.startTestSuite(TestCaseMain.java:180)
	at TempTestSuite1732866793142.run(TempTestSuite1732866793142.groovy:35)
	at java.base/jdk.internal.reflect.NativeMethodAccessorImpl.invoke0(Native Method)
	at java.base/jdk.internal.reflect.NativeMethodAccessorImpl.invoke(NativeMethodAccessorImpl.java:77)
	at java.base/jdk.internal.reflect.DelegatingMethodAccessorImpl.invoke(DelegatingMethodAccessorImpl.java:43)
Caused by: org.openqa.selenium.TimeoutException: timeout: Timed out receiving message from renderer: 299.172
  (Session info: chrome=131.0.6778.86)
Build info: version: '3.141.59', revision: 'unknown', time: 'unknown'
System info: host: 'UVV-WS904-D', ip: '192.168.0.19', os.name: 'Windows 10', os.arch: 'amd64', os.version: '10.0', java.version: '17.0.7'
Driver info: com.kms.katalon.selenium.driver.CChromeDriver
Capabilities {acceptInsecureCerts: false, browserName: chrome, browserVersion: 131.0.6778.86, chrome: {chromedriverVersion: 131.0.6778.69 (77e2244bbcda..., userDataDir: C:\Users\LIAZGI~1\AppData\L...}, fedcm:accounts: true, goog:chromeOptions: {debuggerAddress: localhost:63519}, javascriptEnabled: true, networkConnectionEnabled: false, pageLoadStrategy: normal, platform: WINDOWS, platformName: WINDOWS, proxy: Proxy(), setWindowRect: true, strictFileInteractability: false, timeouts: {implicit: 0, pageLoad: 300000, script: 30000}, unhandledPromptBehavior: dismiss and notify, webauthn:extension:credBlob: true, webauthn:extension:largeBlob: true, webauthn:extension:minPinLength: true, webauthn:extension:prf: true, webauthn:virtualAuthenticators: true}
Session ID: 6428f965c29e06897a1ccfc9aeb264aa
	at java.base/jdk.internal.reflect.NativeConstructorAccessorImpl.newInstance0(Native Method)
	at java.base/jdk.internal.reflect.NativeConstructorAccessorImpl.newInstance(NativeConstructorAccessorImpl.java:77)
	at java.base/jdk.internal.reflect.DelegatingConstructorAccessorImpl.newInstance(DelegatingConstructorAccessorImpl.java:45)
	at org.openqa.selenium.remote.http.W3CHttpResponseCodec.createException(W3CHttpResponseCodec.java:187)
	at org.openqa.selenium.remote.http.W3CHttpResponseCodec.decode(W3CHttpResponseCodec.java:122)
	at org.openqa.selenium.remote.http.W3CHttpResponseCodec.decode(W3CHttpResponseCodec.java:49)
	at org.openqa.selenium.remote.HttpCommandExecutor.execute(HttpCommandExecutor.java:158)
	at org.openqa.selenium.remote.service.DriverCommandExecutor.execute(DriverCommandExecutor.java:83)
	at org.openqa.selenium.remote.RemoteWebDriver.execute(RemoteWebDriver.java:552)
	at com.kms.katalon.selenium.driver.CChromeDriver.execute(CChromeDriver.java:19)
	at org.openqa.selenium.remote.RemoteWebDriver.get(RemoteWebDriver.java:277)
	at org.openqa.selenium.remote.RemoteWebDriver$RemoteNavigation.to(RemoteWebDriver.java:857)
	at org.openqa.selenium.support.events.EventFiringWebDriver$EventFiringNavigation.to(EventFiringWebDriver.java:569)
	at com.kms.katalon.core.webui.keyword.builtin.NavigateToUrlKeyword$_navigateToUrl_closure1.doCall(NavigateToUrlKeyword.groovy:81)
	at com.kms.katalon.core.webui.keyword.builtin.NavigateToUrlKeyword$_navigateToUrl_closure1.call(NavigateToUrlKeyword.groovy)
	at com.kms.katalon.core.webui.keyword.internal.WebUIKeywordMain.runKeyword(WebUIKeywordMain.groovy:20)
	at com.kms.katalon.core.webui.keyword.builtin.NavigateToUrlKeyword.navigateToUrl(NavigateToUrlKeyword.groovy:83)
	at com.kms.katalon.core.webui.keyword.builtin.NavigateToUrlKeyword.execute(NavigateToUrlKeyword.groovy:67)
	at com.kms.katalon.core.keyword.internal.KeywordExecutor.executeKeywordForPlatform(KeywordExecutor.groovy:74)
	at com.kms.katalon.core.webui.keyword.WebUiBuiltInKeywords.navigateToUrl(WebUiBuiltInKeywords.groovy:187)
	at Script1710234207206.Autorization(Script1710234207206.groovy:674)
	at Script1710234207206.PreSettings(Script1710234207206.groovy:573)
	at Script1710234207206.Blocks(Script1710234207206.groovy:153)
	at Script1710234207206.ViruchkaChange(Script1710234207206.groovy:60)
	at Script1710234207206.run(Script1710234207206.groovy:55)
	... 15 more
)
	at com.kms.katalon.core.keyword.internal.KeywordMain.stepFailed(KeywordMain.groovy:39)
	at com.kms.katalon.core.webui.keyword.internal.WebUIKeywordMain.stepFailed(WebUIKeywordMain.groovy:64)
	at com.kms.katalon.core.webui.keyword.internal.WebUIKeywordMain.runKeyword(WebUIKeywordMain.groovy:26)
	at com.kms.katalon.core.webui.keyword.builtin.NavigateToUrlKeyword.navigateToUrl(NavigateToUrlKeyword.groovy:83)
	at com.kms.katalon.core.webui.keyword.builtin.NavigateToUrlKeyword.execute(NavigateToUrlKeyword.groovy:67)
	at com.kms.katalon.core.keyword.internal.KeywordExecutor.executeKeywordForPlatform(KeywordExecutor.groovy:74)
	at com.kms.katalon.core.webui.keyword.WebUiBuiltInKeywords.navigateToUrl(WebUiBuiltInKeywords.groovy:187)
	at Выручка в рублях сверка дашбордов ПАО Россети.Autorization(Выручка в рублях сверка дашбордов ПАО Россети:674)
	at Выручка в рублях сверка дашбордов ПАО Россети.PreSettings(Выручка в рублях сверка дашбордов ПАО Россети:573)
	at Выручка в рублях сверка дашбордов ПАО Россети.Blocks(Выручка в рублях сверка дашбордов ПАО Россети:153)
	at Выручка в рублях сверка дашбордов ПАО Россети.ViruchkaChange(Выручка в рублях сверка дашбордов ПАО Россети:60)
	at Выручка в рублях сверка дашбордов ПАО Россети.run(Выручка в рублях сверка дашбордов ПАО Россети:55)
	at com.kms.katalon.core.main.ScriptEngine.run(ScriptEngine.java:194)
	at com.kms.katalon.core.main.ScriptEngine.runScriptAsRawText(ScriptEngine.java:119)
	at com.kms.katalon.core.main.TestCaseExecutor.runScript(TestCaseExecutor.java:448)
	at com.kms.katalon.core.main.TestCaseExecutor.doExecute(TestCaseExecutor.java:439)
	at com.kms.katalon.core.main.TestCaseExecutor.processExecutionPhase(TestCaseExecutor.java:418)
	at com.kms.katalon.core.main.TestCaseExecutor.accessMainPhase(TestCaseExecutor.java:410)
	at com.kms.katalon.core.main.TestCaseExecutor.execute(TestCaseExecutor.java:285)
	at com.kms.katalon.core.common.CommonExecutor.accessTestCaseMainPhase(CommonExecutor.java:65)
	at com.kms.katalon.core.main.TestSuiteExecutor.accessTestSuiteMainPhase(TestSuiteExecutor.java:150)
	at com.kms.katalon.core.main.TestSuiteExecutor.execute(TestSuiteExecutor.java:106)
	at com.kms.katalon.core.main.TestCaseMain.startTestSuite(TestCaseMain.java:180)
	at TempTestSuite1732866793142.run(TempTestSuite1732866793142.groovy:35)
	at java.base/jdk.internal.reflect.NativeMethodAccessorImpl.invoke0(Native Method)
	at java.base/jdk.internal.reflect.NativeMethodAccessorImpl.invoke(NativeMethodAccessorImpl.java:77)
	at java.base/jdk.internal.reflect.DelegatingMethodAccessorImpl.invoke(DelegatingMethodAccessorImpl.java:43)
Caused by: com.kms.katalon.core.exception.StepFailedException: Unable to navigate to 'https://bi.rosseti.digital/viewer?dashboardGuid=2301950b23be4ed89c1df75f2020051e&sheetGuid=b723206f698544fb87299f3095c00435&fit=true'
	... 26 more
Caused by: org.openqa.selenium.TimeoutException: timeout: Timed out receiving message from renderer: 299.172
  (Session info: chrome=131.0.6778.86)
Build info: version: '3.141.59', revision: 'unknown', time: 'unknown'
System info: host: 'UVV-WS904-D', ip: '192.168.0.19', os.name: 'Windows 10', os.arch: 'amd64', os.version: '10.0', java.version: '17.0.7'
Driver info: com.kms.katalon.selenium.driver.CChromeDriver
Capabilities {acceptInsecureCerts: false, browserName: chrome, browserVersion: 131.0.6778.86, chrome: {chromedriverVersion: 131.0.6778.69 (77e2244bbcda..., userDataDir: C:\Users\LIAZGI~1\AppData\L...}, fedcm:accounts: true, goog:chromeOptions: {debuggerAddress: localhost:63519}, javascriptEnabled: true, networkConnectionEnabled: false, pageLoadStrategy: normal, platform: WINDOWS, platformName: WINDOWS, proxy: Proxy(), setWindowRect: true, strictFileInteractability: false, timeouts: {implicit: 0, pageLoad: 300000, script: 30000}, unhandledPromptBehavior: dismiss and notify, webauthn:extension:credBlob: true, webauthn:extension:largeBlob: true, webauthn:extension:minPinLength: true, webauthn:extension:prf: true, webauthn:virtualAuthenticators: true}
Session ID: 6428f965c29e06897a1ccfc9aeb264aa
	at java.base/jdk.internal.reflect.NativeConstructorAccessorImpl.newInstance0(Native Method)
	at java.base/jdk.internal.reflect.NativeConstructorAccessorImpl.newInstance(NativeConstructorAccessorImpl.java:77)
	at java.base/jdk.internal.reflect.DelegatingConstructorAccessorImpl.newInstance(DelegatingConstructorAccessorImpl.java:45)
	at org.openqa.selenium.remote.http.W3CHttpResponseCodec.createException(W3CHttpResponseCodec.java:187)
	at org.openqa.selenium.remote.http.W3CHttpResponseCodec.decode(W3CHttpResponseCodec.java:122)
	at org.openqa.selenium.remote.http.W3CHttpResponseCodec.decode(W3CHttpResponseCodec.java:49)
	at org.openqa.selenium.remote.HttpCommandExecutor.execute(HttpCommandExecutor.java:158)
	at org.openqa.selenium.remote.service.DriverCommandExecutor.execute(DriverCommandExecutor.java:83)
	at org.openqa.selenium.remote.RemoteWebDriver.execute(RemoteWebDriver.java:552)
	at com.kms.katalon.selenium.driver.CChromeDriver.execute(CChromeDriver.java:19)
	at org.openqa.selenium.remote.RemoteWebDriver.get(RemoteWebDriver.java:277)
	at org.openqa.selenium.remote.RemoteWebDriver$RemoteNavigation.to(RemoteWebDriver.java:857)
	at org.openqa.selenium.support.events.EventFiringWebDriver$EventFiringNavigation.to(EventFiringWebDriver.java:569)
	at com.kms.katalon.core.webui.keyword.builtin.NavigateToUrlKeyword$_navigateToUrl_closure1.doCall(NavigateToUrlKeyword.groovy:81)
	at com.kms.katalon.core.webui.keyword.builtin.NavigateToUrlKeyword$_navigateToUrl_closure1.call(NavigateToUrlKeyword.groovy)
	at com.kms.katalon.core.webui.keyword.internal.WebUIKeywordMain.runKeyword(WebUIKeywordMain.groovy:20)
	... 24 more


29-11-2024T10:53:18 - [TEST_STEP][PASSED] - date = new java.util.Date(): null

29-11-2024T10:53:18 - [TEST_STEP][PASSED] - todaysDate = date.format("dd.MM.yyyy"): null

29-11-2024T10:53:18 - [TEST_STEP][PASSED] - println(todaysDate): null

29-11-2024T10:53:18 - [TEST_STEP][PASSED] - run = 1: null

29-11-2024T10:53:18 - [TEST_STEP][PASSED] - vir = 1: null

29-11-2024T10:53:18 - [TEST_STEP][PASSED] - block = 1: null

29-11-2024T10:53:18 - [TEST_STEP][PASSED] - vidget = <not implemented yet for class: org.codehaus.groovy.ast.expr.EmptyExpression>: null

29-11-2024T10:53:18 - [TEST_STEP][PASSED] - nameOfBlock = <not implemented yet for class: org.codehaus.groovy.ast.expr.EmptyExpression>: null

29-11-2024T10:53:18 - [TEST_STEP][PASSED] - typeOfData = <not implemented yet for class: org.codehaus.groovy.ast.expr.EmptyExpression>: null

29-11-2024T10:53:18 - [TEST_STEP][PASSED] - viruchka = <not implemented yet for class: org.codehaus.groovy.ast.expr.EmptyExpression>: null

29-11-2024T10:53:18 - [TEST_STEP][PASSED] - a = <not implemented yet for class: org.codehaus.groovy.ast.expr.EmptyExpression>: null

29-11-2024T10:53:18 - [TEST_STEP][PASSED] - b = <not implemented yet for class: org.codehaus.groovy.ast.expr.EmptyExpression>: null

29-11-2024T10:53:18 - [TEST_STEP][PASSED] - x = <not implemented yet for class: org.codehaus.groovy.ast.expr.EmptyExpression>: null

29-11-2024T10:53:18 - [TEST_STEP][PASSED] - y = <not implemented yet for class: org.codehaus.groovy.ast.expr.EmptyExpression>: null

29-11-2024T10:53:18 - [TEST_STEP][PASSED] - dZO = "ПАО Россети": null

29-11-2024T10:53:18 - [TEST_STEP][PASSED] - for ([run = 1, run < 3, (run++)]): null

29-11-2024T10:53:18 - [TEST_STEP][PASSED] - Script1710234207206.ViruchkaChange(run, vir, block, nameOfBlock, typeOfData, viruchka, vidget, todaysDate, a, b, dZO, x, y): null

29-11-2024T10:53:19 - [TEST_STEP][PASSED] - for ([vir = 1, vir < 4, (vir++)]): null

29-11-2024T10:53:19 - [TEST_STEP][PASSED] - Script1710234207206.Blocks(run, vir, block, nameOfBlock, typeOfData, viruchka, vidget, todaysDate, a, b, dZO, x, y): null

29-11-2024T10:53:19 - [TEST_STEP][PASSED] - i = <not implemented yet for class: org.codehaus.groovy.ast.expr.EmptyExpression>: null

29-11-2024T10:53:19 - [TEST_STEP][PASSED] - perc = "": null

29-11-2024T10:53:19 - [TEST_STEP][PASSED] - a1 = <not implemented yet for class: org.codehaus.groovy.ast.expr.EmptyExpression>: null

29-11-2024T10:53:19 - [TEST_STEP][PASSED] - a2 = <not implemented yet for class: org.codehaus.groovy.ast.expr.EmptyExpression>: null

29-11-2024T10:53:19 - [TEST_STEP][PASSED] - a30 = <not implemented yet for class: org.codehaus.groovy.ast.expr.EmptyExpression>: null

29-11-2024T10:53:19 - [TEST_STEP][PASSED] - a31 = <not implemented yet for class: org.codehaus.groovy.ast.expr.EmptyExpression>: null

29-11-2024T10:53:19 - [TEST_STEP][PASSED] - a32 = <not implemented yet for class: org.codehaus.groovy.ast.expr.EmptyExpression>: null

29-11-2024T10:53:19 - [TEST_STEP][PASSED] - a33 = <not implemented yet for class: org.codehaus.groovy.ast.expr.EmptyExpression>: null

29-11-2024T10:53:19 - [TEST_STEP][PASSED] - a34 = <not implemented yet for class: org.codehaus.groovy.ast.expr.EmptyExpression>: null

29-11-2024T10:53:19 - [TEST_STEP][PASSED] - a35 = <not implemented yet for class: org.codehaus.groovy.ast.expr.EmptyExpression>: null

29-11-2024T10:53:19 - [TEST_STEP][PASSED] - a36 = <not implemented yet for class: org.codehaus.groovy.ast.expr.EmptyExpression>: null

29-11-2024T10:53:19 - [TEST_STEP][PASSED] - a37 = <not implemented yet for class: org.codehaus.groovy.ast.expr.EmptyExpression>: null

29-11-2024T10:53:19 - [TEST_STEP][PASSED] - a38 = <not implemented yet for class: org.codehaus.groovy.ast.expr.EmptyExpression>: null

29-11-2024T10:53:19 - [TEST_STEP][PASSED] - a39 = <not implemented yet for class: org.codehaus.groovy.ast.expr.EmptyExpression>: null

29-11-2024T10:53:19 - [TEST_STEP][PASSED] - a310 = <not implemented yet for class: org.codehaus.groovy.ast.expr.EmptyExpression>: null

29-11-2024T10:53:19 - [TEST_STEP][PASSED] - a311 = <not implemented yet for class: org.codehaus.groovy.ast.expr.EmptyExpression>: null

29-11-2024T10:53:19 - [TEST_STEP][PASSED] - a312 = <not implemented yet for class: org.codehaus.groovy.ast.expr.EmptyExpression>: null

29-11-2024T10:53:19 - [TEST_STEP][PASSED] - a313 = <not implemented yet for class: org.codehaus.groovy.ast.expr.EmptyExpression>: null

29-11-2024T10:53:19 - [TEST_STEP][PASSED] - a314 = <not implemented yet for class: org.codehaus.groovy.ast.expr.EmptyExpression>: null

29-11-2024T10:53:19 - [TEST_STEP][PASSED] - a315 = <not implemented yet for class: org.codehaus.groovy.ast.expr.EmptyExpression>: null

29-11-2024T10:53:19 - [TEST_STEP][PASSED] - a316 = <not implemented yet for class: org.codehaus.groovy.ast.expr.EmptyExpression>: null

29-11-2024T10:53:19 - [TEST_STEP][PASSED] - a317 = <not implemented yet for class: org.codehaus.groovy.ast.expr.EmptyExpression>: null

29-11-2024T10:53:19 - [TEST_STEP][PASSED] - b1 = <not implemented yet for class: org.codehaus.groovy.ast.expr.EmptyExpression>: null

29-11-2024T10:53:19 - [TEST_STEP][PASSED] - b2 = <not implemented yet for class: org.codehaus.groovy.ast.expr.EmptyExpression>: null

29-11-2024T10:53:19 - [TEST_STEP][PASSED] - b30 = <not implemented yet for class: org.codehaus.groovy.ast.expr.EmptyExpression>: null

29-11-2024T10:53:19 - [TEST_STEP][PASSED] - b31 = <not implemented yet for class: org.codehaus.groovy.ast.expr.EmptyExpression>: null

29-11-2024T10:53:19 - [TEST_STEP][PASSED] - b32 = <not implemented yet for class: org.codehaus.groovy.ast.expr.EmptyExpression>: null

29-11-2024T10:53:19 - [TEST_STEP][PASSED] - b33 = <not implemented yet for class: org.codehaus.groovy.ast.expr.EmptyExpression>: null

29-11-2024T10:53:19 - [TEST_STEP][PASSED] - b34 = <not implemented yet for class: org.codehaus.groovy.ast.expr.EmptyExpression>: null

29-11-2024T10:53:19 - [TEST_STEP][PASSED] - b35 = <not implemented yet for class: org.codehaus.groovy.ast.expr.EmptyExpression>: null

29-11-2024T10:53:19 - [TEST_STEP][PASSED] - b36 = <not implemented yet for class: org.codehaus.groovy.ast.expr.EmptyExpression>: null

29-11-2024T10:53:19 - [TEST_STEP][PASSED] - b37 = <not implemented yet for class: org.codehaus.groovy.ast.expr.EmptyExpression>: null

29-11-2024T10:53:19 - [TEST_STEP][PASSED] - b38 = <not implemented yet for class: org.codehaus.groovy.ast.expr.EmptyExpression>: null

29-11-2024T10:53:19 - [TEST_STEP][PASSED] - b39 = <not implemented yet for class: org.codehaus.groovy.ast.expr.EmptyExpression>: null

29-11-2024T10:53:19 - [TEST_STEP][PASSED] - b310 = <not implemented yet for class: org.codehaus.groovy.ast.expr.EmptyExpression>: null

29-11-2024T10:53:19 - [TEST_STEP][PASSED] - b311 = <not implemented yet for class: org.codehaus.groovy.ast.expr.EmptyExpression>: null

29-11-2024T10:53:19 - [TEST_STEP][PASSED] - b312 = <not implemented yet for class: org.codehaus.groovy.ast.expr.EmptyExpression>: null

29-11-2024T10:53:19 - [TEST_STEP][PASSED] - b313 = <not implemented yet for class: org.codehaus.groovy.ast.expr.EmptyExpression>: null

29-11-2024T10:53:19 - [TEST_STEP][PASSED] - b314 = <not implemented yet for class: org.codehaus.groovy.ast.expr.EmptyExpression>: null

29-11-2024T10:53:19 - [TEST_STEP][PASSED] - b315 = <not implemented yet for class: org.codehaus.groovy.ast.expr.EmptyExpression>: null

29-11-2024T10:53:19 - [TEST_STEP][PASSED] - b316 = <not implemented yet for class: org.codehaus.groovy.ast.expr.EmptyExpression>: null

29-11-2024T10:53:19 - [TEST_STEP][PASSED] - b317 = <not implemented yet for class: org.codehaus.groovy.ast.expr.EmptyExpression>: null

29-11-2024T10:53:19 - [TEST_STEP][PASSED] - block = 1: null

29-11-2024T10:53:19 - [TEST_STEP][PASSED] - nameOfBlock = "": null

29-11-2024T10:53:19 - [TEST_STEP][PASSED] - Script1710234207206.PreSettings(run, vir, block, nameOfBlock, typeOfData, todaysDate): null

29-11-2024T10:53:19 - [TEST_STEP][PASSED] - openBrowser(""): Browser is opened with url: ''

29-11-2024T10:53:19 - [MESSAGE][INFO] - Starting 'Chrome' driver

29-11-2024T10:53:19 - [MESSAGE][INFO] - Action delay is set to 0 milliseconds

29-11-2024T10:53:21 - [MESSAGE][PASSED] - Browser is opened with url: ''

29-11-2024T10:53:21 - [TEST_STEP][PASSED] - refresh(): Refresh successfully

29-11-2024T10:53:21 - [MESSAGE][PASSED] - Refresh successfully

29-11-2024T10:53:21 - [TEST_STEP][PASSED] - delay(50): Delayed 50 second(s)

29-11-2024T10:54:11 - [MESSAGE][PASSED] - Delayed 50 second(s)

29-11-2024T10:54:11 - [TEST_STEP][PASSED] - println("run:" + run): null

29-11-2024T10:54:11 - [TEST_STEP][PASSED] - println("vir:" + vir): null

29-11-2024T10:54:11 - [TEST_STEP][PASSED] - println("block:" + block): null

29-11-2024T10:54:11 - [TEST_STEP][PASSED] - if (block == 1): null

29-11-2024T10:54:11 - [TEST_STEP][PASSED] - nameOfBlock = "": null

29-11-2024T10:54:11 - [TEST_STEP][PASSED] - println("nameOfBlock:" + nameOfBlock): null

29-11-2024T10:54:11 - [TEST_STEP][PASSED] - println("typeOfData:" + typeOfData): null

29-11-2024T10:54:11 - [TEST_STEP][PASSED] - println("todaysDate:" + todaysDate): null

29-11-2024T10:54:11 - [TEST_STEP][PASSED] - Script1710234207206.Autorization(block, nameOfBlock): null

29-11-2024T10:54:11 - [TEST_STEP][PASSED] - i = <not implemented yet for class: org.codehaus.groovy.ast.expr.EmptyExpression>: null

29-11-2024T10:54:11 - [TEST_STEP][PASSED] - ii = <not implemented yet for class: org.codehaus.groovy.ast.expr.EmptyExpression>: null

29-11-2024T10:54:11 - [TEST_STEP][PASSED] - urlData = <not implemented yet for class: org.codehaus.groovy.ast.expr.EmptyExpression>: null

29-11-2024T10:54:11 - [TEST_STEP][PASSED] - searchWord = <not implemented yet for class: org.codehaus.groovy.ast.expr.EmptyExpression>: null

29-11-2024T10:54:11 - [TEST_STEP][PASSED] - urlText = <not implemented yet for class: org.codehaus.groovy.ast.expr.EmptyExpression>: null

29-11-2024T10:54:11 - [TEST_STEP][PASSED] - println("block:" + block): null

29-11-2024T10:54:11 - [TEST_STEP][PASSED] - if (block == 1): null

29-11-2024T10:54:11 - [TEST_STEP][PASSED] - nameOfBlock = "": null

29-11-2024T10:54:11 - [TEST_STEP][PASSED] - println("nameOfBlock:" + nameOfBlock): null

29-11-2024T10:54:11 - [TEST_STEP][PASSED] - if (block == 1): Delayed 45 second(s)

29-11-2024T10:54:11 - [TEST_STEP][PASSED] - urlData = 2: null

29-11-2024T10:54:11 - [TEST_STEP][PASSED] - delay(45): Delayed 45 second(s)

29-11-2024T10:54:56 - [MESSAGE][PASSED] - Delayed 45 second(s)

29-11-2024T10:54:56 - [TEST_STEP][PASSED] - navigateToUrl(findTestData("PlanFact").getValue(10, urlData)): Navigate to 'https://bi.rosseti.digital/viewer?dashboardGuid=2301950b23be4ed89c1df75f2020051e&sheetGuid=b723206f698544fb87299f3095c00435&fit=true' successfully

29-11-2024T10:55:03 - [MESSAGE][PASSED] - Navigate to 'https://bi.rosseti.digital/viewer?dashboardGuid=2301950b23be4ed89c1df75f2020051e&sheetGuid=b723206f698544fb87299f3095c00435&fit=true' successfully

29-11-2024T10:55:03 - [TEST_STEP][PASSED] - urlText = getText(findTestObject("Страница авторизации/Text")): Text of object 'Object Repository/Страница авторизации/Text' is: 'Вход'

29-11-2024T10:55:07 - [MESSAGE][PASSED] - Text of object 'Object Repository/Страница авторизации/Text' is: 'Вход'

29-11-2024T10:55:07 - [TEST_STEP][PASSED] - searchWord = "Вход": null

29-11-2024T10:55:07 - [TEST_STEP][PASSED] - if (urlText == null || urlText.contains("ошибка") || urlText.contains(searchWord) == false): null

29-11-2024T10:55:07 - [TEST_STEP][PASSED] - if (verifyElementPresent(findTestObject("Страница авторизации/button_"), 30) == true): null

29-11-2024T10:55:07 - [MESSAGE][PASSED] - Object 'Object Repository/Страница авторизации/button_' is present

29-11-2024T10:55:07 - [TEST_STEP][PASSED] - setText(findTestObject("Страница авторизации/input__username"), findTestData("PlanFact").getValue(8, 1)): Text 'liazgina-di' is set on object 'Object Repository/Страница авторизации/input__username'

29-11-2024T10:55:08 - [MESSAGE][PASSED] - Text 'liazgina-di' is set on object 'Object Repository/Страница авторизации/input__username'

29-11-2024T10:55:08 - [TEST_STEP][PASSED] - setText(findTestObject("Страница авторизации/input__password"), findTestData("PlanFact").getValue(9, 1)): Text ')$%5srZ8o688Dm#q' is set on object 'Object Repository/Страница авторизации/input__password'

29-11-2024T10:55:08 - [MESSAGE][PASSED] - Text ')$%5srZ8o688Dm#q' is set on object 'Object Repository/Страница авторизации/input__password'

29-11-2024T10:55:08 - [TEST_STEP][PASSED] - click(findTestObject("Страница авторизации/button_")): Object: 'Object Repository/Страница авторизации/button_' is clicked on

29-11-2024T10:55:12 - [MESSAGE][PASSED] - Object: 'Object Repository/Страница авторизации/button_' is clicked on

29-11-2024T10:55:12 - [TEST_STEP][PASSED] - delay(45): Delayed 45 second(s)

29-11-2024T10:55:57 - [MESSAGE][PASSED] - Delayed 45 second(s)

29-11-2024T10:55:57 - [TEST_STEP][PASSED] - urlText = getText(findTestObject("Страница авторизации/Text")): Text of object 'Object Repository/Страница авторизации/Text' is: 'Период
1, 2, 3 кв., Октябрь 2024 года
Выручка
Все
Выполнение плановых показателей по ПАО Россети за 1, 2, 3 кв., Октябрь 2024 года
План
Факт
Динамика
2024 год
0 млн.руб.
100 000 млн.руб.
200 000 млн.руб.
300 000 млн.руб.
400 000 млн.руб.
500 000 млн.руб.
600 000 млн.руб.
700 000 млн.руб.
800 000 млн.руб.
900 000 млн.руб.
1 000 000 млн.руб.
1 100 000 млн.руб.
1 200 000 млн.руб.
1 300 000 млн.руб.
1 400 000 млн.руб.
1 180 677
1 175 831
↓
ДЗО 
Все
Внутренний оборот - выручка за услуги по передаче электрической энергии, учтенная в выручке за электроэнергию для конечных потребителей, при выполнении ДЗО функций гарантирующего поставщика
Подписи данных
⬤Отклонение
АО «Тываэнерго»
АО «Чеченэнерго»
Россети Волга
Россети Кубань
Россети Ленэнерго (ГК)
Россети Московский регион
Россети Северный Кавказ (ГК)
Россети Северо-Запад
Россети Сибирь (ГК)
Россети Томск
Россети Тюмень
Россети Урал (ГК)
Россети ФСК ЕЭС
Россети Центр
Россети Центр и Приволжье (ГК)
Россети Юг (ГК)
Россети Янтарь
-25 000млн.руб.
-20 000млн.руб.
-15 000млн.руб.
-10 000млн.руб.
-5 000млн.руб.
0млн.руб.
5 000млн.руб.
10 …
-30 000млн.руб.
74
101
156
3 953
4 462
7 500
888
878
-4 128
238
-5 106
1 955
-24 344
2 435
4 419
1 357
318
млн.
%
Выручка
Отклонение выручки по ПАО Россети за 1, 2, 3 кв., Октябрь 2024 года (факт/план, млн. руб)
ПАО Россети
-4 845.8 млн.руб.
 '

29-11-2024T10:55:57 - [MESSAGE][PASSED] - Text of object 'Object Repository/Страница авторизации/Text' is: 'Период
1, 2, 3 кв., Октябрь 2024 года
Выручка
Все
Выполнение плановых показателей по ПАО Россети за 1, 2, 3 кв., Октябрь 2024 года
План
Факт
Динамика
2024 год
0 млн.руб.
100 000 млн.руб.
200 000 млн.руб.
300 000 млн.руб.
400 000 млн.руб.
500 000 млн.руб.
600 000 млн.руб.
700 000 млн.руб.
800 000 млн.руб.
900 000 млн.руб.
1 000 000 млн.руб.
1 100 000 млн.руб.
1 200 000 млн.руб.
1 300 000 млн.руб.
1 400 000 млн.руб.
1 180 677
1 175 831
↓
ДЗО 
Все
Внутренний оборот - выручка за услуги по передаче электрической энергии, учтенная в выручке за электроэнергию для конечных потребителей, при выполнении ДЗО функций гарантирующего поставщика
Подписи данных
⬤Отклонение
АО «Тываэнерго»
АО «Чеченэнерго»
Россети Волга
Россети Кубань
Россети Ленэнерго (ГК)
Россети Московский регион
Россети Северный Кавказ (ГК)
Россети Северо-Запад
Россети Сибирь (ГК)
Россети Томск
Россети Тюмень
Россети Урал (ГК)
Россети ФСК ЕЭС
Россети Центр
Россети Центр и Приволжье (ГК)
Россети Юг (ГК)
Россети Янтарь
-25 000млн.руб.
-20 000млн.руб.
-15 000млн.руб.
-10 000млн.руб.
-5 000млн.руб.
0млн.руб.
5 000млн.руб.
10 …
-30 000млн.руб.
74
101
156
3 953
4 462
7 500
888
878
-4 128
238
-5 106
1 955
-24 344
2 435
4 419
1 357
318
млн.
%
Выручка
Отклонение выручки по ПАО Россети за 1, 2, 3 кв., Октябрь 2024 года (факт/план, млн. руб)
ПАО Россети
-4 845.8 млн.руб.
 '

29-11-2024T10:55:57 - [TEST_STEP][PASSED] - searchWord = "а": null

29-11-2024T10:55:57 - [TEST_STEP][PASSED] - if (urlText.contains("ошибка") || urlText.contains(searchWord) == false): null

29-11-2024T10:55:57 - [TEST_STEP][PASSED] - delay(45): Delayed 45 second(s)

29-11-2024T10:56:42 - [MESSAGE][PASSED] - Delayed 45 second(s)

29-11-2024T10:56:42 - [TEST_STEP][PASSED] - if (block == 2): null

29-11-2024T10:56:42 - [TEST_STEP][PASSED] - click(findTestObject("Выручка в рублях/Фильтр Период" + nameOfBlock)): Object: 'Object Repository/Выручка в рублях/Фильтр Период' is clicked on

29-11-2024T10:56:43 - [MESSAGE][PASSED] - Object: 'Object Repository/Выручка в рублях/Фильтр Период' is clicked on

29-11-2024T10:56:43 - [TEST_STEP][PASSED] - click(findTestObject("Выручка в рублях/Снять выделение в фильтре Дата" + nameOfBlock)): Object: 'Object Repository/Выручка в рублях/Снять выделение в фильтре Дата' is clicked on

29-11-2024T10:56:43 - [MESSAGE][PASSED] - Object: 'Object Repository/Выручка в рублях/Снять выделение в фильтре Дата' is clicked on

29-11-2024T10:56:43 - [TEST_STEP][PASSED] - click(findTestObject("Выручка в рублях/Применить в фильтре Дата" + nameOfBlock)): Object: 'Object Repository/Выручка в рублях/Применить в фильтре Дата' is clicked on

29-11-2024T10:56:44 - [MESSAGE][PASSED] - Object: 'Object Repository/Выручка в рублях/Применить в фильтре Дата' is clicked on

29-11-2024T10:56:44 - [TEST_STEP][PASSED] - delay(50): Delayed 50 second(s)

29-11-2024T10:57:34 - [MESSAGE][PASSED] - Delayed 50 second(s)

29-11-2024T10:57:34 - [TEST_STEP][PASSED] - click(findTestObject("Выручка в рублях/Фильтр Период" + nameOfBlock)): Object: 'Object Repository/Выручка в рублях/Фильтр Период' is clicked on

29-11-2024T10:57:34 - [MESSAGE][PASSED] - Object: 'Object Repository/Выручка в рублях/Фильтр Период' is clicked on

29-11-2024T10:57:34 - [TEST_STEP][PASSED] - click(findTestObject("Выручка в рублях/Снять выделение в фильтре Дата" + nameOfBlock)): Object: 'Object Repository/Выручка в рублях/Снять выделение в фильтре Дата' is clicked on

29-11-2024T10:57:35 - [MESSAGE][PASSED] - Object: 'Object Repository/Выручка в рублях/Снять выделение в фильтре Дата' is clicked on

29-11-2024T10:57:35 - [TEST_STEP][PASSED] - scrollToElement(findTestObject("Выручка в рублях/2024 список" + nameOfBlock), 30): Scroll to object 'Object Repository/Выручка в рублях/2024 список' successfully

29-11-2024T10:57:35 - [MESSAGE][PASSED] - Scroll to object 'Object Repository/Выручка в рублях/2024 список' successfully

29-11-2024T10:57:35 - [TEST_STEP][PASSED] - click(findTestObject("Выручка в рублях/2024 список" + nameOfBlock)): Object: 'Object Repository/Выручка в рублях/2024 список' is clicked on

29-11-2024T10:57:35 - [MESSAGE][PASSED] - Object: 'Object Repository/Выручка в рублях/2024 список' is clicked on

29-11-2024T10:57:35 - [TEST_STEP][PASSED] - scrollToElement(findTestObject("Выручка в рублях/1 квартал 2024 выбрать" + nameOfBlock), 30): Scroll to object 'Object Repository/Выручка в рублях/1 квартал 2024 выбрать' successfully

29-11-2024T10:57:36 - [MESSAGE][PASSED] - Scroll to object 'Object Repository/Выручка в рублях/1 квартал 2024 выбрать' successfully

29-11-2024T10:57:36 - [TEST_STEP][PASSED] - click(findTestObject("Выручка в рублях/1 квартал 2024 выбрать" + nameOfBlock)): Object: 'Object Repository/Выручка в рублях/1 квартал 2024 выбрать' is clicked on

29-11-2024T10:57:36 - [MESSAGE][PASSED] - Object: 'Object Repository/Выручка в рублях/1 квартал 2024 выбрать' is clicked on

29-11-2024T10:57:36 - [TEST_STEP][PASSED] - scrollToElement(findTestObject("Выручка в рублях/2 квартал 2024 выбрать" + nameOfBlock), 30): Scroll to object 'Object Repository/Выручка в рублях/2 квартал 2024 выбрать' successfully

29-11-2024T10:57:37 - [MESSAGE][PASSED] - Scroll to object 'Object Repository/Выручка в рублях/2 квартал 2024 выбрать' successfully

29-11-2024T10:57:37 - [TEST_STEP][PASSED] - click(findTestObject("Выручка в рублях/2 квартал 2024 выбрать" + nameOfBlock)): Object: 'Object Repository/Выручка в рублях/2 квартал 2024 выбрать' is clicked on

29-11-2024T10:57:37 - [MESSAGE][PASSED] - Object: 'Object Repository/Выручка в рублях/2 квартал 2024 выбрать' is clicked on

29-11-2024T10:57:37 - [TEST_STEP][PASSED] - scrollToElement(findTestObject("Выручка в рублях/3 квартал 2024 список" + nameOfBlock), 30): Scroll to object 'Object Repository/Выручка в рублях/3 квартал 2024 список' successfully

29-11-2024T10:57:38 - [MESSAGE][PASSED] - Scroll to object 'Object Repository/Выручка в рублях/3 квартал 2024 список' successfully

29-11-2024T10:57:38 - [TEST_STEP][PASSED] - click(findTestObject("Выручка в рублях/3 квартал 2024" + nameOfBlock)): Object: 'Object Repository/Выручка в рублях/3 квартал 2024' is clicked on

29-11-2024T10:57:38 - [MESSAGE][PASSED] - Object: 'Object Repository/Выручка в рублях/3 квартал 2024' is clicked on

29-11-2024T10:57:38 - [TEST_STEP][PASSED] - scrollToElement(findTestObject("Выручка в рублях/4 квартал 2024 список" + nameOfBlock), 30): Scroll to object 'Object Repository/Выручка в рублях/4 квартал 2024 список' successfully

29-11-2024T10:57:39 - [MESSAGE][PASSED] - Scroll to object 'Object Repository/Выручка в рублях/4 квартал 2024 список' successfully

29-11-2024T10:57:39 - [TEST_STEP][PASSED] - click(findTestObject("Выручка в рублях/4 квартал 2024 список" + nameOfBlock)): Object: 'Object Repository/Выручка в рублях/4 квартал 2024 список' is clicked on

29-11-2024T10:57:39 - [MESSAGE][PASSED] - Object: 'Object Repository/Выручка в рублях/4 квартал 2024 список' is clicked on

29-11-2024T10:57:39 - [TEST_STEP][PASSED] - scrollToElement(findTestObject("Выручка в рублях/Октябрь 2024" + nameOfBlock), 30): Scroll to object 'Object Repository/Выручка в рублях/Октябрь 2024' successfully

29-11-2024T10:57:39 - [MESSAGE][PASSED] - Scroll to object 'Object Repository/Выручка в рублях/Октябрь 2024' successfully

29-11-2024T10:57:39 - [TEST_STEP][PASSED] - click(findTestObject("Выручка в рублях/Октябрь 2024" + nameOfBlock)): Object: 'Object Repository/Выручка в рублях/Октябрь 2024' is clicked on

29-11-2024T10:57:40 - [MESSAGE][PASSED] - Object: 'Object Repository/Выручка в рублях/Октябрь 2024' is clicked on

29-11-2024T10:57:40 - [TEST_STEP][PASSED] - scrollToElement(findTestObject("Выручка в рублях/Заголовок дашборда" + nameOfBlock), 30): Scroll to object 'Object Repository/Выручка в рублях/Заголовок дашборда' successfully

29-11-2024T10:57:40 - [MESSAGE][PASSED] - Scroll to object 'Object Repository/Выручка в рублях/Заголовок дашборда' successfully

29-11-2024T10:57:40 - [TEST_STEP][PASSED] - click(findTestObject("Выручка в рублях/Применить в фильтре Дата" + nameOfBlock)): Object: 'Object Repository/Выручка в рублях/Применить в фильтре Дата' is clicked on

29-11-2024T10:57:41 - [MESSAGE][PASSED] - Object: 'Object Repository/Выручка в рублях/Применить в фильтре Дата' is clicked on

29-11-2024T10:57:41 - [TEST_STEP][PASSED] - delay(55): Delayed 55 second(s)

29-11-2024T10:58:36 - [MESSAGE][PASSED] - Delayed 55 second(s)

29-11-2024T10:58:36 - [TEST_STEP][PASSED] - click(findTestObject("Выручка в рублях/Фильтр ДЗО" + nameOfBlock)): Object: 'Object Repository/Выручка в рублях/Фильтр ДЗО' is clicked on

29-11-2024T10:58:36 - [MESSAGE][PASSED] - Object: 'Object Repository/Выручка в рублях/Фильтр ДЗО' is clicked on

29-11-2024T10:58:36 - [TEST_STEP][PASSED] - click(findTestObject("Выручка в рублях/Снять выделение в фильтре ДЗО" + nameOfBlock)): Object: 'Object Repository/Выручка в рублях/Снять выделение в фильтре ДЗО' is clicked on

29-11-2024T10:58:37 - [MESSAGE][PASSED] - Object: 'Object Repository/Выручка в рублях/Снять выделение в фильтре ДЗО' is clicked on

29-11-2024T10:58:37 - [TEST_STEP][PASSED] - click(findTestObject("Выручка в рублях/Применить в фильтре ДЗО" + nameOfBlock)): Object: 'Object Repository/Выручка в рублях/Применить в фильтре ДЗО' is clicked on

29-11-2024T10:58:37 - [MESSAGE][PASSED] - Object: 'Object Repository/Выручка в рублях/Применить в фильтре ДЗО' is clicked on

29-11-2024T10:58:37 - [TEST_STEP][PASSED] - delay(50): Delayed 50 second(s)

29-11-2024T10:59:27 - [MESSAGE][PASSED] - Delayed 50 second(s)

29-11-2024T10:59:27 - [TEST_STEP][PASSED] - Script1710234207206.Tumbler(run, vir, block, nameOfBlock): null

29-11-2024T10:59:27 - [TEST_STEP][PASSED] - println("run:" + run): null

29-11-2024T10:59:27 - [TEST_STEP][PASSED] - println("vir:" + vir): null

29-11-2024T10:59:27 - [TEST_STEP][PASSED] - println("block:" + block): null

29-11-2024T10:59:27 - [TEST_STEP][PASSED] - println("nameOfBlock:" + nameOfBlock): null

29-11-2024T10:59:27 - [TEST_STEP][PASSED] - if (vir == 1): null

29-11-2024T10:59:27 - [TEST_STEP][PASSED] - if (run == 2): null

29-11-2024T10:59:27 - [TEST_STEP][PASSED] - click(findTestObject("Выручка в рублях/Фильтр ДЗО" + nameOfBlock)): Object: 'Object Repository/Выручка в рублях/Фильтр ДЗО' is clicked on

29-11-2024T10:59:27 - [MESSAGE][PASSED] - Object: 'Object Repository/Выручка в рублях/Фильтр ДЗО' is clicked on

29-11-2024T10:59:27 - [TEST_STEP][PASSED] - Script1710234207206.Rosseti(nameOfBlock): null

29-11-2024T10:59:27 - [TEST_STEP][PASSED] - println("nameOfBlock:" + nameOfBlock): null

29-11-2024T10:59:27 - [TEST_STEP][PASSED] - click(findTestObject("Выручка в рублях/ПАО Россети" + nameOfBlock)): Object: 'Object Repository/Выручка в рублях/ПАО Россети' is clicked on

29-11-2024T10:59:28 - [MESSAGE][PASSED] - Object: 'Object Repository/Выручка в рублях/ПАО Россети' is clicked on

29-11-2024T10:59:28 - [TEST_STEP][PASSED] - click(findTestObject("Выручка в рублях/Применить в фильтре ДЗО" + nameOfBlock)): Object: 'Object Repository/Выручка в рублях/Применить в фильтре ДЗО' is clicked on

29-11-2024T10:59:29 - [MESSAGE][PASSED] - Object: 'Object Repository/Выручка в рублях/Применить в фильтре ДЗО' is clicked on

29-11-2024T10:59:29 - [TEST_STEP][PASSED] - if (run == 2): null

29-11-2024T10:59:29 - [TEST_STEP][PASSED] - if (vir == 1 || vir == 2): Text of object 'Object Repository/Выручка в рублях/График План' is: '1 180 677'

29-11-2024T10:59:29 - [TEST_STEP][PASSED] - a1 = getText(findTestObject("Выручка в рублях/График План")): Text of object 'Object Repository/Выручка в рублях/График План' is: '1 180 677'

29-11-2024T10:59:31 - [MESSAGE][PASSED] - Text of object 'Object Repository/Выручка в рублях/График План' is: '1 180 677'

29-11-2024T10:59:31 - [TEST_STEP][PASSED] - if (vir == 1 || vir == 2): Text of object 'Object Repository/Выручка в рублях/График Факт' is: '1 175 831'

29-11-2024T10:59:31 - [TEST_STEP][PASSED] - a2 = getText(findTestObject("Выручка в рублях/График Факт")): Text of object 'Object Repository/Выручка в рублях/График Факт' is: '1 175 831'

29-11-2024T10:59:32 - [MESSAGE][PASSED] - Text of object 'Object Repository/Выручка в рублях/График Факт' is: '1 175 831'

29-11-2024T10:59:32 - [TEST_STEP][PASSED] - a30 = getText(findTestObject("Выручка в рублях/span1" + perc)): Text of object 'Object Repository/Выручка в рублях/span1' is: '-4 845.8 млн.руб.'

29-11-2024T10:59:32 - [MESSAGE][PASSED] - Text of object 'Object Repository/Выручка в рублях/span1' is: '-4 845.8 млн.руб.'

29-11-2024T10:59:32 - [TEST_STEP][PASSED] - i = a30.indexOf("млн.руб."): null

29-11-2024T10:59:32 - [TEST_STEP][PASSED] - if (i > -1): null

29-11-2024T10:59:32 - [TEST_STEP][PASSED] - a30 = a30.substring(0, i): null

29-11-2024T10:59:32 - [TEST_STEP][PASSED] - a30 = a30.replaceAll(" ", ""): null

29-11-2024T10:59:32 - [TEST_STEP][PASSED] - if (a30.contains("%")): null

29-11-2024T10:59:32 - [TEST_STEP][PASSED] - a30 = ").trim(): null

29-11-2024T10:59:32 - [TEST_STEP][PASSED] - println("a30: " + a30): null

29-11-2024T10:59:32 - [TEST_STEP][PASSED] - if (vir == 1 || vir == 2): Text of object 'Object Repository/Выручка в рублях/span2' is: '74'

29-11-2024T10:59:32 - [TEST_STEP][PASSED] - a31 = ").trim(): Text of object 'Object Repository/Выручка в рублях/span2' is: '74'

29-11-2024T10:59:32 - [MESSAGE][PASSED] - Text of object 'Object Repository/Выручка в рублях/span2' is: '74'

29-11-2024T10:59:32 - [TEST_STEP][PASSED] - if (vir == 1 || vir == 2): Text of object 'Object Repository/Выручка в рублях/span3' is: '101'

29-11-2024T10:59:32 - [TEST_STEP][PASSED] - a32 = ").trim(): Text of object 'Object Repository/Выручка в рублях/span3' is: '101'

29-11-2024T10:59:32 - [MESSAGE][PASSED] - Text of object 'Object Repository/Выручка в рублях/span3' is: '101'

29-11-2024T10:59:32 - [TEST_STEP][PASSED] - if (vir == 1 || vir == 2): Text of object 'Object Repository/Выручка в рублях/span8' is: '888'

29-11-2024T10:59:32 - [TEST_STEP][PASSED] - a33 = ").trim(): Text of object 'Object Repository/Выручка в рублях/span4' is: '156'

29-11-2024T10:59:33 - [MESSAGE][PASSED] - Text of object 'Object Repository/Выручка в рублях/span4' is: '156'

29-11-2024T10:59:33 - [TEST_STEP][PASSED] - a34 = ").trim(): Text of object 'Object Repository/Выручка в рублях/span5' is: '3 953'

29-11-2024T10:59:33 - [MESSAGE][PASSED] - Text of object 'Object Repository/Выручка в рублях/span5' is: '3 953'

29-11-2024T10:59:33 - [TEST_STEP][PASSED] - a35 = ").trim(): Text of object 'Object Repository/Выручка в рублях/span6' is: '4 462'

29-11-2024T10:59:33 - [MESSAGE][PASSED] - Text of object 'Object Repository/Выручка в рублях/span6' is: '4 462'

29-11-2024T10:59:33 - [TEST_STEP][PASSED] - a36 = ").trim(): Text of object 'Object Repository/Выручка в рублях/span7' is: '7 500'

29-11-2024T10:59:34 - [MESSAGE][PASSED] - Text of object 'Object Repository/Выручка в рублях/span7' is: '7 500'

29-11-2024T10:59:34 - [TEST_STEP][PASSED] - a37 = ").trim(): Text of object 'Object Repository/Выручка в рублях/span8' is: '888'

29-11-2024T10:59:34 - [MESSAGE][PASSED] - Text of object 'Object Repository/Выручка в рублях/span8' is: '888'

29-11-2024T10:59:34 - [TEST_STEP][PASSED] - if (vir == 1 || vir == 2): Text of object 'Object Repository/Выручка в рублях/span17' is: '1 357'

29-11-2024T10:59:34 - [TEST_STEP][PASSED] - a38 = ").trim(): Text of object 'Object Repository/Выручка в рублях/span9' is: '878'

29-11-2024T10:59:34 - [MESSAGE][PASSED] - Text of object 'Object Repository/Выручка в рублях/span9' is: '878'

29-11-2024T10:59:34 - [TEST_STEP][PASSED] - a39 = ").trim(): Text of object 'Object Repository/Выручка в рублях/span10' is: '-4 128'

29-11-2024T10:59:35 - [MESSAGE][PASSED] - Text of object 'Object Repository/Выручка в рублях/span10' is: '-4 128'

29-11-2024T10:59:35 - [TEST_STEP][PASSED] - a310 = ").trim(): Text of object 'Object Repository/Выручка в рублях/span11' is: '238'

29-11-2024T10:59:35 - [MESSAGE][PASSED] - Text of object 'Object Repository/Выручка в рублях/span11' is: '238'

29-11-2024T10:59:35 - [TEST_STEP][PASSED] - a311 = ").trim(): Text of object 'Object Repository/Выручка в рублях/span12' is: '-5 106'

29-11-2024T10:59:35 - [MESSAGE][PASSED] - Text of object 'Object Repository/Выручка в рублях/span12' is: '-5 106'

29-11-2024T10:59:35 - [TEST_STEP][PASSED] - a312 = ").trim(): Text of object 'Object Repository/Выручка в рублях/span13' is: '1 955'

29-11-2024T10:59:35 - [MESSAGE][PASSED] - Text of object 'Object Repository/Выручка в рублях/span13' is: '1 955'

29-11-2024T10:59:35 - [TEST_STEP][PASSED] - a313 = ").trim(): Text of object 'Object Repository/Выручка в рублях/span14' is: '-24 344'

29-11-2024T10:59:36 - [MESSAGE][PASSED] - Text of object 'Object Repository/Выручка в рублях/span14' is: '-24 344'

29-11-2024T10:59:36 - [TEST_STEP][PASSED] - a314 = ").trim(): Text of object 'Object Repository/Выручка в рублях/span15' is: '2 435'

29-11-2024T10:59:36 - [MESSAGE][PASSED] - Text of object 'Object Repository/Выручка в рублях/span15' is: '2 435'

29-11-2024T10:59:36 - [TEST_STEP][PASSED] - a315 = ").trim(): Text of object 'Object Repository/Выручка в рублях/span16' is: '4 419'

29-11-2024T10:59:36 - [MESSAGE][PASSED] - Text of object 'Object Repository/Выручка в рублях/span16' is: '4 419'

29-11-2024T10:59:36 - [TEST_STEP][PASSED] - a316 = ").trim(): Text of object 'Object Repository/Выручка в рублях/span17' is: '1 357'

29-11-2024T10:59:37 - [MESSAGE][PASSED] - Text of object 'Object Repository/Выручка в рублях/span17' is: '1 357'

29-11-2024T10:59:37 - [TEST_STEP][PASSED] - if (vir == 1 || vir == 2): Text of object 'Object Repository/Выручка в рублях/span18' is: '318'

29-11-2024T10:59:37 - [TEST_STEP][PASSED] - a317 = ").trim(): Text of object 'Object Repository/Выручка в рублях/span18' is: '318'

29-11-2024T10:59:37 - [MESSAGE][PASSED] - Text of object 'Object Repository/Выручка в рублях/span18' is: '318'

29-11-2024T10:59:37 - [TEST_STEP][PASSED] - block = 2: null

29-11-2024T10:59:37 - [TEST_STEP][PASSED] - nameOfBlock = " Выручка": null

29-11-2024T10:59:37 - [TEST_STEP][PASSED] - Script1710234207206.PreSettings(run, vir, block, nameOfBlock, typeOfData, todaysDate): null

29-11-2024T10:59:37 - [TEST_STEP][PASSED] - openBrowser(""): Browser is opened with url: ''

29-11-2024T10:59:37 - [MESSAGE][WARNING] - A browser is already opened. Closing browser and opening a new one

29-11-2024T10:59:37 - [MESSAGE][INFO] - Starting 'Chrome' driver

29-11-2024T10:59:37 - [MESSAGE][INFO] - Action delay is set to 0 milliseconds

29-11-2024T10:59:38 - [MESSAGE][PASSED] - Browser is opened with url: ''

29-11-2024T10:59:38 - [TEST_STEP][PASSED] - refresh(): Refresh successfully

29-11-2024T10:59:38 - [MESSAGE][PASSED] - Refresh successfully

29-11-2024T10:59:38 - [TEST_STEP][PASSED] - delay(50): Delayed 50 second(s)

29-11-2024T11:00:28 - [MESSAGE][PASSED] - Delayed 50 second(s)

29-11-2024T11:00:28 - [TEST_STEP][PASSED] - println("run:" + run): null

29-11-2024T11:00:28 - [TEST_STEP][PASSED] - println("vir:" + vir): null

29-11-2024T11:00:28 - [TEST_STEP][PASSED] - println("block:" + block): null

29-11-2024T11:00:28 - [TEST_STEP][PASSED] - if (block == 1): null

29-11-2024T11:00:28 - [TEST_STEP][PASSED] - else: null

29-11-2024T11:00:28 - [TEST_STEP][PASSED] - nameOfBlock = " Выручка": null

29-11-2024T11:00:28 - [TEST_STEP][PASSED] - println("nameOfBlock:" + nameOfBlock): null

29-11-2024T11:00:28 - [TEST_STEP][PASSED] - println("typeOfData:" + typeOfData): null

29-11-2024T11:00:28 - [TEST_STEP][PASSED] - println("todaysDate:" + todaysDate): null

29-11-2024T11:00:28 - [TEST_STEP][PASSED] - Script1710234207206.Autorization(block, nameOfBlock): null

29-11-2024T11:00:28 - [TEST_STEP][PASSED] - i = <not implemented yet for class: org.codehaus.groovy.ast.expr.EmptyExpression>: null

29-11-2024T11:00:28 - [TEST_STEP][PASSED] - ii = <not implemented yet for class: org.codehaus.groovy.ast.expr.EmptyExpression>: null

29-11-2024T11:00:28 - [TEST_STEP][PASSED] - urlData = <not implemented yet for class: org.codehaus.groovy.ast.expr.EmptyExpression>: null

29-11-2024T11:00:28 - [TEST_STEP][PASSED] - searchWord = <not implemented yet for class: org.codehaus.groovy.ast.expr.EmptyExpression>: null

29-11-2024T11:00:28 - [TEST_STEP][PASSED] - urlText = <not implemented yet for class: org.codehaus.groovy.ast.expr.EmptyExpression>: null

29-11-2024T11:00:28 - [TEST_STEP][PASSED] - println("block:" + block): null

29-11-2024T11:00:28 - [TEST_STEP][PASSED] - if (block == 1): null

29-11-2024T11:00:28 - [TEST_STEP][PASSED] - else: null

29-11-2024T11:00:28 - [TEST_STEP][PASSED] - delay(45): Delayed 45 second(s)

29-11-2024T11:01:13 - [MESSAGE][PASSED] - Delayed 45 second(s)

29-11-2024T11:01:13 - [TEST_STEP][PASSED] - nameOfBlock = " Выручка": null

29-11-2024T11:01:13 - [TEST_STEP][PASSED] - println("nameOfBlock:" + nameOfBlock): null

29-11-2024T11:01:13 - [TEST_STEP][PASSED] - if (block == 1): null

29-11-2024T11:01:13 - [TEST_STEP][PASSED] - else: Delayed 45 second(s)

29-11-2024T11:01:13 - [TEST_STEP][PASSED] - urlData = 9: null

29-11-2024T11:01:13 - [TEST_STEP][PASSED] - delay(45): Delayed 45 second(s)

29-11-2024T11:01:58 - [MESSAGE][PASSED] - Delayed 45 second(s)

29-11-2024T11:01:58 - [TEST_STEP][PASSED] - navigateToUrl(findTestData("PlanFact").getValue(10, urlData)): Navigate to 'https://bi.rosseti.digital/viewer?dashboardGuid=a1fd28b3785d443cbc4d7690a1d78e31&sheetGuid=86092a20c5984827a0c87b24cac76a50&fit=true' successfully

29-11-2024T11:02:04 - [MESSAGE][PASSED] - Navigate to 'https://bi.rosseti.digital/viewer?dashboardGuid=a1fd28b3785d443cbc4d7690a1d78e31&sheetGuid=86092a20c5984827a0c87b24cac76a50&fit=true' successfully

29-11-2024T11:02:04 - [TEST_STEP][PASSED] - urlText = getText(findTestObject("Страница авторизации/Text")): Text of object 'Object Repository/Страница авторизации/Text' is: 'Вход'

29-11-2024T11:02:07 - [MESSAGE][PASSED] - Text of object 'Object Repository/Страница авторизации/Text' is: 'Вход'

29-11-2024T11:02:07 - [TEST_STEP][PASSED] - searchWord = "Вход": null

29-11-2024T11:02:07 - [TEST_STEP][PASSED] - if (urlText == null || urlText.contains("ошибка") || urlText.contains(searchWord) == false): null

29-11-2024T11:02:07 - [TEST_STEP][PASSED] - if (verifyElementPresent(findTestObject("Страница авторизации/button_"), 30) == true): null

29-11-2024T11:02:08 - [MESSAGE][PASSED] - Object 'Object Repository/Страница авторизации/button_' is present

29-11-2024T11:02:08 - [TEST_STEP][PASSED] - setText(findTestObject("Страница авторизации/input__username"), findTestData("PlanFact").getValue(8, 1)): Text 'liazgina-di' is set on object 'Object Repository/Страница авторизации/input__username'

29-11-2024T11:02:08 - [MESSAGE][PASSED] - Text 'liazgina-di' is set on object 'Object Repository/Страница авторизации/input__username'

29-11-2024T11:02:08 - [TEST_STEP][PASSED] - setText(findTestObject("Страница авторизации/input__password"), findTestData("PlanFact").getValue(9, 1)): Text ')$%5srZ8o688Dm#q' is set on object 'Object Repository/Страница авторизации/input__password'

29-11-2024T11:02:09 - [MESSAGE][PASSED] - Text ')$%5srZ8o688Dm#q' is set on object 'Object Repository/Страница авторизации/input__password'

29-11-2024T11:02:09 - [TEST_STEP][PASSED] - click(findTestObject("Страница авторизации/button_")): Object: 'Object Repository/Страница авторизации/button_' is clicked on

29-11-2024T11:02:12 - [MESSAGE][PASSED] - Object: 'Object Repository/Страница авторизации/button_' is clicked on

29-11-2024T11:02:12 - [TEST_STEP][PASSED] - delay(45): Delayed 45 second(s)

29-11-2024T11:02:57 - [MESSAGE][PASSED] - Delayed 45 second(s)

29-11-2024T11:02:57 - [TEST_STEP][PASSED] - urlText = getText(findTestObject("Страница авторизации/Text")): Text of object 'Object Repository/Страница авторизации/Text' is: 'Период
Январь, Февраль, Март, Апрель, Май, Июнь, Июль, Август, Сентябрь, Октябрь 2024 года
Выручка
Все
Выполнение плановых показателей, млн.руб.
План
Факт
Динамика
2024 год
0 млн.руб.
100 000 млн.руб.
200 000 млн.руб.
300 000 млн.руб.
400 000 млн.руб.
500 000 млн.руб.
600 000 млн.руб.
700 000 млн.руб.
800 000 млн.руб.
900 000 млн.руб.
1 000 000 млн.руб.
1 100 000 млн.руб.
1 200 000 млн.руб.
1 300 000 млн.руб.
1 400 000 млн.руб.
1 180 677
1 175 831
↓
ДЗО 
Все
Подписи данных
⬤Отклонение
АО «Тываэнерго»
АО «Чеченэнерго»
Россети Волга
Россети Кубань
Россети Ленэнерго (ГК)
Россети Московский регион
Россети Северный Кавказ (ГК)
Россети Северо-Запад
Россети Сибирь (ГК)
Россети Томск
Россети Тюмень
Россети Урал (ГК)
Россети ФСК ЕЭС
Россети Центр
Россети Центр и Приволжье (ГК)
Россети Юг (ГК)
Россети Янтарь
-27 500 млн.руб.
-25 000 млн.руб.
-22 500 млн.руб.
-20 000 млн.руб.
-17 500 млн.руб.
-15 000 млн.руб.
-12 500 млн.руб.
-10 000 млн.руб.
-7 500 млн.руб.
-5 000 млн.руб.
-2 500 млн.руб.
0 млн.руб.
2 500 млн.руб.
5 000 млн.руб.
7 500 млн.руб.
10 000 млн.руб.
74
101
156
3 953
4 462
7 500
888
878
-4 128
238
-5 106
1 955
-24 344
2 435
4 419
1 357
318
млн.
%
Выручка
Отклонение выручки (факт/план, млн. руб) 
ПАО Россети
-4 845.8 млн.руб.
Статус данных
×
Просьба обратить внимание
Данные занесены не полностью
ВЫБРАННЫЕ ЗНАЧЕНИЯ ФИЛЬТРОВ
ДЗО | ПЕРИОД
ПАО Россети: [«Выбраны все филиалы по всем ДЗО по всем категориям»]
2024: [Янв, Фев, Мар, Апр, Май, Июн, Июл, Авг, Сен, Окт]
*Внутренний оборот'

29-11-2024T11:02:58 - [MESSAGE][PASSED] - Text of object 'Object Repository/Страница авторизации/Text' is: 'Период
Январь, Февраль, Март, Апрель, Май, Июнь, Июль, Август, Сентябрь, Октябрь 2024 года
Выручка
Все
Выполнение плановых показателей, млн.руб.
План
Факт
Динамика
2024 год
0 млн.руб.
100 000 млн.руб.
200 000 млн.руб.
300 000 млн.руб.
400 000 млн.руб.
500 000 млн.руб.
600 000 млн.руб.
700 000 млн.руб.
800 000 млн.руб.
900 000 млн.руб.
1 000 000 млн.руб.
1 100 000 млн.руб.
1 200 000 млн.руб.
1 300 000 млн.руб.
1 400 000 млн.руб.
1 180 677
1 175 831
↓
ДЗО 
Все
Подписи данных
⬤Отклонение
АО «Тываэнерго»
АО «Чеченэнерго»
Россети Волга
Россети Кубань
Россети Ленэнерго (ГК)
Россети Московский регион
Россети Северный Кавказ (ГК)
Россети Северо-Запад
Россети Сибирь (ГК)
Россети Томск
Россети Тюмень
Россети Урал (ГК)
Россети ФСК ЕЭС
Россети Центр
Россети Центр и Приволжье (ГК)
Россети Юг (ГК)
Россети Янтарь
-27 500 млн.руб.
-25 000 млн.руб.
-22 500 млн.руб.
-20 000 млн.руб.
-17 500 млн.руб.
-15 000 млн.руб.
-12 500 млн.руб.
-10 000 млн.руб.
-7 500 млн.руб.
-5 000 млн.руб.
-2 500 млн.руб.
0 млн.руб.
2 500 млн.руб.
5 000 млн.руб.
7 500 млн.руб.
10 000 млн.руб.
74
101
156
3 953
4 462
7 500
888
878
-4 128
238
-5 106
1 955
-24 344
2 435
4 419
1 357
318
млн.
%
Выручка
Отклонение выручки (факт/план, млн. руб) 
ПАО Россети
-4 845.8 млн.руб.
Статус данных
×
Просьба обратить внимание
Данные занесены не полностью
ВЫБРАННЫЕ ЗНАЧЕНИЯ ФИЛЬТРОВ
ДЗО | ПЕРИОД
ПАО Россети: [«Выбраны все филиалы по всем ДЗО по всем категориям»]
2024: [Янв, Фев, Мар, Апр, Май, Июн, Июл, Авг, Сен, Окт]
*Внутренний оборот'

29-11-2024T11:02:58 - [TEST_STEP][PASSED] - searchWord = "а": null

29-11-2024T11:02:58 - [TEST_STEP][PASSED] - if (urlText.contains("ошибка") || urlText.contains(searchWord) == false): null

29-11-2024T11:02:58 - [TEST_STEP][PASSED] - delay(45): Delayed 45 second(s)

29-11-2024T11:03:43 - [MESSAGE][PASSED] - Delayed 45 second(s)

29-11-2024T11:03:43 - [TEST_STEP][PASSED] - if (block == 2): Delayed 50 second(s)

29-11-2024T11:03:43 - [TEST_STEP][PASSED] - opoveshenie = getText(findTestObject("Выручка в рублях/Просьба обратить внимание")): Text of object 'Object Repository/Выручка в рублях/Просьба обратить внимание' is: 'Просьба обратить внимание'

29-11-2024T11:03:43 - [MESSAGE][PASSED] - Text of object 'Object Repository/Выручка в рублях/Просьба обратить внимание' is: 'Просьба обратить внимание'

29-11-2024T11:03:43 - [TEST_STEP][PASSED] - if (opoveshenie == "Просьба обратить внимание"): Delayed 50 second(s)

29-11-2024T11:03:43 - [TEST_STEP][PASSED] - click(findTestObject("Выручка в рублях/Закрыть оповещение")): Object: 'Object Repository/Выручка в рублях/Закрыть оповещение' is clicked on

29-11-2024T11:03:43 - [MESSAGE][PASSED] - Object: 'Object Repository/Выручка в рублях/Закрыть оповещение' is clicked on

29-11-2024T11:03:43 - [TEST_STEP][PASSED] - delay(50): Delayed 50 second(s)

29-11-2024T11:04:33 - [MESSAGE][PASSED] - Delayed 50 second(s)

29-11-2024T11:04:33 - [TEST_STEP][PASSED] - click(findTestObject("Выручка в рублях/Фильтр Период" + nameOfBlock)): Object: 'Object Repository/Выручка в рублях/Фильтр Период Выручка' is clicked on

29-11-2024T11:04:34 - [MESSAGE][PASSED] - Object: 'Object Repository/Выручка в рублях/Фильтр Период Выручка' is clicked on

29-11-2024T11:04:34 - [TEST_STEP][PASSED] - click(findTestObject("Выручка в рублях/Снять выделение в фильтре Дата" + nameOfBlock)): Object: 'Object Repository/Выручка в рублях/Снять выделение в фильтре Дата Выручка' is clicked on

29-11-2024T11:04:34 - [MESSAGE][PASSED] - Object: 'Object Repository/Выручка в рублях/Снять выделение в фильтре Дата Выручка' is clicked on

29-11-2024T11:04:34 - [TEST_STEP][PASSED] - click(findTestObject("Выручка в рублях/Применить в фильтре Дата" + nameOfBlock)): Object: 'Object Repository/Выручка в рублях/Применить в фильтре Дата Выручка' is clicked on

29-11-2024T11:04:35 - [MESSAGE][PASSED] - Object: 'Object Repository/Выручка в рублях/Применить в фильтре Дата Выручка' is clicked on

29-11-2024T11:04:35 - [TEST_STEP][PASSED] - delay(50): Delayed 50 second(s)

29-11-2024T11:05:25 - [MESSAGE][PASSED] - Delayed 50 second(s)

29-11-2024T11:05:25 - [TEST_STEP][PASSED] - click(findTestObject("Выручка в рублях/Фильтр Период" + nameOfBlock)): Object: 'Object Repository/Выручка в рублях/Фильтр Период Выручка' is clicked on

29-11-2024T11:05:25 - [MESSAGE][PASSED] - Object: 'Object Repository/Выручка в рублях/Фильтр Период Выручка' is clicked on

29-11-2024T11:05:25 - [TEST_STEP][PASSED] - click(findTestObject("Выручка в рублях/Снять выделение в фильтре Дата" + nameOfBlock)): Object: 'Object Repository/Выручка в рублях/Снять выделение в фильтре Дата Выручка' is clicked on

29-11-2024T11:05:26 - [MESSAGE][PASSED] - Object: 'Object Repository/Выручка в рублях/Снять выделение в фильтре Дата Выручка' is clicked on

29-11-2024T11:05:26 - [TEST_STEP][PASSED] - scrollToElement(findTestObject("Выручка в рублях/2024 список" + nameOfBlock), 30): Scroll to object 'Object Repository/Выручка в рублях/2024 список Выручка' successfully

29-11-2024T11:05:26 - [MESSAGE][PASSED] - Scroll to object 'Object Repository/Выручка в рублях/2024 список Выручка' successfully

29-11-2024T11:05:26 - [TEST_STEP][PASSED] - click(findTestObject("Выручка в рублях/2024 список" + nameOfBlock)): Object: 'Object Repository/Выручка в рублях/2024 список Выручка' is clicked on

29-11-2024T11:05:26 - [MESSAGE][PASSED] - Object: 'Object Repository/Выручка в рублях/2024 список Выручка' is clicked on

29-11-2024T11:05:26 - [TEST_STEP][PASSED] - scrollToElement(findTestObject("Выручка в рублях/1 квартал 2024 выбрать" + nameOfBlock), 30): Scroll to object 'Object Repository/Выручка в рублях/1 квартал 2024 выбрать Выручка' successfully

29-11-2024T11:05:27 - [MESSAGE][PASSED] - Scroll to object 'Object Repository/Выручка в рублях/1 квартал 2024 выбрать Выручка' successfully

29-11-2024T11:05:27 - [TEST_STEP][PASSED] - click(findTestObject("Выручка в рублях/1 квартал 2024 выбрать" + nameOfBlock)): Object: 'Object Repository/Выручка в рублях/1 квартал 2024 выбрать Выручка' is clicked on

29-11-2024T11:05:27 - [MESSAGE][PASSED] - Object: 'Object Repository/Выручка в рублях/1 квартал 2024 выбрать Выручка' is clicked on

29-11-2024T11:05:27 - [TEST_STEP][PASSED] - scrollToElement(findTestObject("Выручка в рублях/2 квартал 2024 выбрать" + nameOfBlock), 30): Scroll to object 'Object Repository/Выручка в рублях/2 квартал 2024 выбрать Выручка' successfully

29-11-2024T11:05:28 - [MESSAGE][PASSED] - Scroll to object 'Object Repository/Выручка в рублях/2 квартал 2024 выбрать Выручка' successfully

29-11-2024T11:05:28 - [TEST_STEP][PASSED] - click(findTestObject("Выручка в рублях/2 квартал 2024 выбрать" + nameOfBlock)): Object: 'Object Repository/Выручка в рублях/2 квартал 2024 выбрать Выручка' is clicked on

29-11-2024T11:05:28 - [MESSAGE][PASSED] - Object: 'Object Repository/Выручка в рублях/2 квартал 2024 выбрать Выручка' is clicked on

29-11-2024T11:05:28 - [TEST_STEP][PASSED] - scrollToElement(findTestObject("Выручка в рублях/3 квартал 2024 список" + nameOfBlock), 30): Scroll to object 'Object Repository/Выручка в рублях/3 квартал 2024 список Выручка' successfully

29-11-2024T11:05:29 - [MESSAGE][PASSED] - Scroll to object 'Object Repository/Выручка в рублях/3 квартал 2024 список Выручка' successfully

29-11-2024T11:05:29 - [TEST_STEP][PASSED] - click(findTestObject("Выручка в рублях/3 квартал 2024" + nameOfBlock)): Object: 'Object Repository/Выручка в рублях/3 квартал 2024 Выручка' is clicked on

29-11-2024T11:05:29 - [MESSAGE][PASSED] - Object: 'Object Repository/Выручка в рублях/3 квартал 2024 Выручка' is clicked on

29-11-2024T11:05:29 - [TEST_STEP][PASSED] - scrollToElement(findTestObject("Выручка в рублях/4 квартал 2024 список" + nameOfBlock), 30): Scroll to object 'Object Repository/Выручка в рублях/4 квартал 2024 список Выручка' successfully

29-11-2024T11:05:30 - [MESSAGE][PASSED] - Scroll to object 'Object Repository/Выручка в рублях/4 квартал 2024 список Выручка' successfully

29-11-2024T11:05:30 - [TEST_STEP][PASSED] - click(findTestObject("Выручка в рублях/4 квартал 2024 список" + nameOfBlock)): Object: 'Object Repository/Выручка в рублях/4 квартал 2024 список Выручка' is clicked on

29-11-2024T11:05:30 - [MESSAGE][PASSED] - Object: 'Object Repository/Выручка в рублях/4 квартал 2024 список Выручка' is clicked on

29-11-2024T11:05:30 - [TEST_STEP][PASSED] - scrollToElement(findTestObject("Выручка в рублях/Октябрь 2024" + nameOfBlock), 30): Scroll to object 'Object Repository/Выручка в рублях/Октябрь 2024 Выручка' successfully

29-11-2024T11:05:30 - [MESSAGE][PASSED] - Scroll to object 'Object Repository/Выручка в рублях/Октябрь 2024 Выручка' successfully

29-11-2024T11:05:30 - [TEST_STEP][PASSED] - click(findTestObject("Выручка в рублях/Октябрь 2024" + nameOfBlock)): Object: 'Object Repository/Выручка в рублях/Октябрь 2024 Выручка' is clicked on

29-11-2024T11:05:30 - [MESSAGE][PASSED] - Object: 'Object Repository/Выручка в рублях/Октябрь 2024 Выручка' is clicked on

29-11-2024T11:05:30 - [TEST_STEP][PASSED] - scrollToElement(findTestObject("Выручка в рублях/Заголовок дашборда" + nameOfBlock), 30): Scroll to object 'Object Repository/Выручка в рублях/Заголовок дашборда Выручка' successfully

29-11-2024T11:05:31 - [MESSAGE][PASSED] - Scroll to object 'Object Repository/Выручка в рублях/Заголовок дашборда Выручка' successfully

29-11-2024T11:05:31 - [TEST_STEP][PASSED] - click(findTestObject("Выручка в рублях/Применить в фильтре Дата" + nameOfBlock)): Object: 'Object Repository/Выручка в рублях/Применить в фильтре Дата Выручка' is clicked on

29-11-2024T11:05:32 - [MESSAGE][PASSED] - Object: 'Object Repository/Выручка в рублях/Применить в фильтре Дата Выручка' is clicked on

29-11-2024T11:05:32 - [TEST_STEP][PASSED] - delay(55): Delayed 55 second(s)

29-11-2024T11:06:27 - [MESSAGE][PASSED] - Delayed 55 second(s)

29-11-2024T11:06:27 - [TEST_STEP][PASSED] - click(findTestObject("Выручка в рублях/Фильтр ДЗО" + nameOfBlock)): Object: 'Object Repository/Выручка в рублях/Фильтр ДЗО Выручка' is clicked on

29-11-2024T11:06:27 - [MESSAGE][PASSED] - Object: 'Object Repository/Выручка в рублях/Фильтр ДЗО Выручка' is clicked on

29-11-2024T11:06:27 - [TEST_STEP][PASSED] - click(findTestObject("Выручка в рублях/Снять выделение в фильтре ДЗО" + nameOfBlock)): Object: 'Object Repository/Выручка в рублях/Снять выделение в фильтре ДЗО Выручка' is clicked on

29-11-2024T11:06:27 - [MESSAGE][PASSED] - Object: 'Object Repository/Выручка в рублях/Снять выделение в фильтре ДЗО Выручка' is clicked on

29-11-2024T11:06:27 - [TEST_STEP][PASSED] - click(findTestObject("Выручка в рублях/Применить в фильтре ДЗО" + nameOfBlock)): Object: 'Object Repository/Выручка в рублях/Применить в фильтре ДЗО Выручка' is clicked on

29-11-2024T11:06:28 - [MESSAGE][PASSED] - Object: 'Object Repository/Выручка в рублях/Применить в фильтре ДЗО Выручка' is clicked on

29-11-2024T11:06:28 - [TEST_STEP][PASSED] - delay(50): Delayed 50 second(s)

29-11-2024T11:07:18 - [MESSAGE][PASSED] - Delayed 50 second(s)

29-11-2024T11:07:18 - [TEST_STEP][PASSED] - Script1710234207206.Tumbler(run, vir, block, nameOfBlock): null

29-11-2024T11:07:18 - [TEST_STEP][PASSED] - println("run:" + run): null

29-11-2024T11:07:18 - [TEST_STEP][PASSED] - println("vir:" + vir): null

29-11-2024T11:07:18 - [TEST_STEP][PASSED] - println("block:" + block): null

29-11-2024T11:07:18 - [TEST_STEP][PASSED] - println("nameOfBlock:" + nameOfBlock): null

29-11-2024T11:07:18 - [TEST_STEP][PASSED] - if (vir == 1): null

29-11-2024T11:07:18 - [TEST_STEP][PASSED] - if (run == 2): null

29-11-2024T11:07:18 - [TEST_STEP][PASSED] - click(findTestObject("Выручка в рублях/Фильтр ДЗО" + nameOfBlock)): Object: 'Object Repository/Выручка в рублях/Фильтр ДЗО Выручка' is clicked on

29-11-2024T11:07:18 - [MESSAGE][PASSED] - Object: 'Object Repository/Выручка в рублях/Фильтр ДЗО Выручка' is clicked on

29-11-2024T11:07:18 - [TEST_STEP][PASSED] - Script1710234207206.Rosseti(nameOfBlock): null

29-11-2024T11:07:18 - [TEST_STEP][PASSED] - println("nameOfBlock:" + nameOfBlock): null

29-11-2024T11:07:18 - [TEST_STEP][PASSED] - click(findTestObject("Выручка в рублях/ПАО Россети" + nameOfBlock)): Object: 'Object Repository/Выручка в рублях/ПАО Россети Выручка' is clicked on

29-11-2024T11:07:19 - [MESSAGE][PASSED] - Object: 'Object Repository/Выручка в рублях/ПАО Россети Выручка' is clicked on

29-11-2024T11:07:19 - [TEST_STEP][PASSED] - click(findTestObject("Выручка в рублях/Применить в фильтре ДЗО" + nameOfBlock)): Object: 'Object Repository/Выручка в рублях/Применить в фильтре ДЗО Выручка' is clicked on

29-11-2024T11:07:20 - [MESSAGE][PASSED] - Object: 'Object Repository/Выручка в рублях/Применить в фильтре ДЗО Выручка' is clicked on

29-11-2024T11:07:20 - [TEST_STEP][PASSED] - if (vir == 1 || vir == 2): Text of object 'Object Repository/Выручка в рублях/График План Выручка' is: '1 180 677'

29-11-2024T11:07:20 - [TEST_STEP][PASSED] - b1 = getText(findTestObject("Выручка в рублях/График План Выручка")): Text of object 'Object Repository/Выручка в рублях/График План Выручка' is: '1 180 677'

29-11-2024T11:07:22 - [MESSAGE][PASSED] - Text of object 'Object Repository/Выручка в рублях/График План Выручка' is: '1 180 677'

29-11-2024T11:07:22 - [TEST_STEP][PASSED] - if (vir == 1 || vir == 2): Text of object 'Object Repository/Выручка в рублях/График Факт Выручка' is: '1 175 831'

29-11-2024T11:07:22 - [TEST_STEP][PASSED] - b2 = getText(findTestObject("Выручка в рублях/График Факт Выручка")): Text of object 'Object Repository/Выручка в рублях/График Факт Выручка' is: '1 175 831'

29-11-2024T11:07:22 - [MESSAGE][PASSED] - Text of object 'Object Repository/Выручка в рублях/График Факт Выручка' is: '1 175 831'

29-11-2024T11:07:22 - [TEST_STEP][PASSED] - b30 = getText(findTestObject("Выручка в рублях/span1" + perc)): Text of object 'Object Repository/Выручка в рублях/span1' is: '-4 845.8 млн.руб.'

29-11-2024T11:07:22 - [MESSAGE][PASSED] - Text of object 'Object Repository/Выручка в рублях/span1' is: '-4 845.8 млн.руб.'

29-11-2024T11:07:22 - [TEST_STEP][PASSED] - i = b30.indexOf("млн.руб."): null

29-11-2024T11:07:22 - [TEST_STEP][PASSED] - if (i > -1): null

29-11-2024T11:07:22 - [TEST_STEP][PASSED] - b30 = b30.substring(0, i): null

29-11-2024T11:07:22 - [TEST_STEP][PASSED] - b30 = b30.replaceAll(" ", ""): null

29-11-2024T11:07:22 - [TEST_STEP][PASSED] - if (b30.contains("%")): null

29-11-2024T11:07:22 - [TEST_STEP][PASSED] - b30 = ").trim(): null

29-11-2024T11:07:22 - [TEST_STEP][PASSED] - println("b30: " + b30): null

29-11-2024T11:07:22 - [TEST_STEP][PASSED] - if (vir == 1 || vir == 2): Text of object 'Object Repository/Выручка в рублях/span2' is: '74'

29-11-2024T11:07:22 - [TEST_STEP][PASSED] - b31 = ").trim(): Text of object 'Object Repository/Выручка в рублях/span2' is: '74'

29-11-2024T11:07:23 - [MESSAGE][PASSED] - Text of object 'Object Repository/Выручка в рублях/span2' is: '74'

29-11-2024T11:07:23 - [TEST_STEP][PASSED] - if (vir == 1 || vir == 2): Text of object 'Object Repository/Выручка в рублях/span3' is: '101'

29-11-2024T11:07:23 - [TEST_STEP][PASSED] - b32 = ").trim(): Text of object 'Object Repository/Выручка в рублях/span3' is: '101'

29-11-2024T11:07:23 - [MESSAGE][PASSED] - Text of object 'Object Repository/Выручка в рублях/span3' is: '101'

29-11-2024T11:07:23 - [TEST_STEP][PASSED] - if (vir == 1 || vir == 2): Text of object 'Object Repository/Выручка в рублях/span8' is: '888'

29-11-2024T11:07:23 - [TEST_STEP][PASSED] - b33 = ").trim(): Text of object 'Object Repository/Выручка в рублях/span4' is: '156'

29-11-2024T11:07:23 - [MESSAGE][PASSED] - Text of object 'Object Repository/Выручка в рублях/span4' is: '156'

29-11-2024T11:07:23 - [TEST_STEP][PASSED] - b34 = ").trim(): Text of object 'Object Repository/Выручка в рублях/span5' is: '3 953'

29-11-2024T11:07:24 - [MESSAGE][PASSED] - Text of object 'Object Repository/Выручка в рублях/span5' is: '3 953'

29-11-2024T11:07:24 - [TEST_STEP][PASSED] - b35 = ").trim(): Text of object 'Object Repository/Выручка в рублях/span6' is: '4 462'

29-11-2024T11:07:24 - [MESSAGE][PASSED] - Text of object 'Object Repository/Выручка в рублях/span6' is: '4 462'

29-11-2024T11:07:24 - [TEST_STEP][PASSED] - b36 = ").trim(): Text of object 'Object Repository/Выручка в рублях/span7' is: '7 500'

29-11-2024T11:07:24 - [MESSAGE][PASSED] - Text of object 'Object Repository/Выручка в рублях/span7' is: '7 500'

29-11-2024T11:07:24 - [TEST_STEP][PASSED] - b37 = ").trim(): Text of object 'Object Repository/Выручка в рублях/span8' is: '888'

29-11-2024T11:07:24 - [MESSAGE][PASSED] - Text of object 'Object Repository/Выручка в рублях/span8' is: '888'

29-11-2024T11:07:24 - [TEST_STEP][PASSED] - if (vir == 1 || vir == 2): Text of object 'Object Repository/Выручка в рублях/span17' is: '1 357'

29-11-2024T11:07:24 - [TEST_STEP][PASSED] - b38 = ").trim(): Text of object 'Object Repository/Выручка в рублях/span9' is: '878'

29-11-2024T11:07:25 - [MESSAGE][PASSED] - Text of object 'Object Repository/Выручка в рублях/span9' is: '878'

29-11-2024T11:07:25 - [TEST_STEP][PASSED] - b39 = ").trim(): Text of object 'Object Repository/Выручка в рублях/span10' is: '-4 128'

29-11-2024T11:07:25 - [MESSAGE][PASSED] - Text of object 'Object Repository/Выручка в рублях/span10' is: '-4 128'

29-11-2024T11:07:25 - [TEST_STEP][PASSED] - b310 = ").trim(): Text of object 'Object Repository/Выручка в рублях/span11' is: '238'

29-11-2024T11:07:25 - [MESSAGE][PASSED] - Text of object 'Object Repository/Выручка в рублях/span11' is: '238'

29-11-2024T11:07:25 - [TEST_STEP][PASSED] - b311 = ").trim(): Text of object 'Object Repository/Выручка в рублях/span12' is: '-5 106'

29-11-2024T11:07:26 - [MESSAGE][PASSED] - Text of object 'Object Repository/Выручка в рублях/span12' is: '-5 106'

29-11-2024T11:07:26 - [TEST_STEP][PASSED] - b312 = ").trim(): Text of object 'Object Repository/Выручка в рублях/span13' is: '1 955'

29-11-2024T11:07:26 - [MESSAGE][PASSED] - Text of object 'Object Repository/Выручка в рублях/span13' is: '1 955'

29-11-2024T11:07:26 - [TEST_STEP][PASSED] - b313 = ").trim(): Text of object 'Object Repository/Выручка в рублях/span14' is: '-24 344'

29-11-2024T11:07:26 - [MESSAGE][PASSED] - Text of object 'Object Repository/Выручка в рублях/span14' is: '-24 344'

29-11-2024T11:07:26 - [TEST_STEP][PASSED] - b314 = ").trim(): Text of object 'Object Repository/Выручка в рублях/span15' is: '2 435'

29-11-2024T11:07:27 - [MESSAGE][PASSED] - Text of object 'Object Repository/Выручка в рублях/span15' is: '2 435'

29-11-2024T11:07:27 - [TEST_STEP][PASSED] - b315 = ").trim(): Text of object 'Object Repository/Выручка в рублях/span16' is: '4 419'

29-11-2024T11:07:27 - [MESSAGE][PASSED] - Text of object 'Object Repository/Выручка в рублях/span16' is: '4 419'

29-11-2024T11:07:27 - [TEST_STEP][PASSED] - b316 = ").trim(): Text of object 'Object Repository/Выручка в рублях/span17' is: '1 357'

29-11-2024T11:07:27 - [MESSAGE][PASSED] - Text of object 'Object Repository/Выручка в рублях/span17' is: '1 357'

29-11-2024T11:07:27 - [TEST_STEP][PASSED] - if (vir == 1 || vir == 2): Text of object 'Object Repository/Выручка в рублях/span18' is: '318'

29-11-2024T11:07:27 - [TEST_STEP][PASSED] - b317 = ").trim(): Text of object 'Object Repository/Выручка в рублях/span18' is: '318'

29-11-2024T11:07:27 - [MESSAGE][PASSED] - Text of object 'Object Repository/Выручка в рублях/span18' is: '318'

29-11-2024T11:07:27 - [TEST_STEP][PASSED] - dZO = "ПАО Россети": null

29-11-2024T11:07:27 - [TEST_STEP][PASSED] - if (verifyEqual(a1, b1) == false): Actual object '1 180 677' and expected object '1 180 677' are equal

29-11-2024T11:07:27 - [MESSAGE][PASSED] - Actual object '1 180 677' and expected object '1 180 677' are equal

29-11-2024T11:07:27 - [TEST_STEP][PASSED] - if (verifyEqual(a2, b2) == false): Actual object '1 175 831' and expected object '1 175 831' are equal

29-11-2024T11:07:27 - [MESSAGE][PASSED] - Actual object '1 175 831' and expected object '1 175 831' are equal

29-11-2024T11:07:27 - [TEST_STEP][PASSED] - vidget = "Отклонения": null

29-11-2024T11:07:27 - [TEST_STEP][PASSED] - if (verifyEqual(a30, b30) == false): Actual object '-4845.8' and expected object '-4845.8' are equal

29-11-2024T11:07:27 - [MESSAGE][PASSED] - Actual object '-4845.8' and expected object '-4845.8' are equal

29-11-2024T11:07:27 - [TEST_STEP][PASSED] - dZO = "АО «Тываэнерго»": null

29-11-2024T11:07:27 - [TEST_STEP][PASSED] - if (verifyEqual(a31, b31) == false): Actual object '74' and expected object '74' are equal

29-11-2024T11:07:27 - [MESSAGE][PASSED] - Actual object '74' and expected object '74' are equal

29-11-2024T11:07:27 - [TEST_STEP][PASSED] - dZO = "АО «Чеченэнерго»": null

29-11-2024T11:07:27 - [TEST_STEP][PASSED] - if (verifyEqual(a32, b32) == false): Actual object '101' and expected object '101' are equal

29-11-2024T11:07:27 - [MESSAGE][PASSED] - Actual object '101' and expected object '101' are equal

29-11-2024T11:07:27 - [TEST_STEP][PASSED] - dZO = "Россети Волга": null

29-11-2024T11:07:27 - [TEST_STEP][PASSED] - if (verifyEqual(a33, b33) == false): Actual object '156' and expected object '156' are equal

29-11-2024T11:07:27 - [MESSAGE][PASSED] - Actual object '156' and expected object '156' are equal

29-11-2024T11:07:27 - [TEST_STEP][PASSED] - dZO = "Россети Кубань": null

29-11-2024T11:07:27 - [TEST_STEP][PASSED] - if (verifyEqual(a34, b34) == false): Actual object '3 953' and expected object '3 953' are equal

29-11-2024T11:07:27 - [MESSAGE][PASSED] - Actual object '3 953' and expected object '3 953' are equal

29-11-2024T11:07:27 - [TEST_STEP][PASSED] - dZO = "Россети Ленэнерго (ГК)": null

29-11-2024T11:07:27 - [TEST_STEP][PASSED] - if (verifyEqual(a35, b35) == false): Actual object '4 462' and expected object '4 462' are equal

29-11-2024T11:07:27 - [MESSAGE][PASSED] - Actual object '4 462' and expected object '4 462' are equal

29-11-2024T11:07:27 - [TEST_STEP][PASSED] - dZO = "Россети Московский регион": null

29-11-2024T11:07:27 - [TEST_STEP][PASSED] - if (verifyEqual(a36, b36) == false): Actual object '7 500' and expected object '7 500' are equal

29-11-2024T11:07:27 - [MESSAGE][PASSED] - Actual object '7 500' and expected object '7 500' are equal

29-11-2024T11:07:27 - [TEST_STEP][PASSED] - dZO = "Россети Северный Кавказ (ГК)": null

29-11-2024T11:07:27 - [TEST_STEP][PASSED] - if (verifyEqual(a37, b37) == false): Actual object '888' and expected object '888' are equal

29-11-2024T11:07:27 - [MESSAGE][PASSED] - Actual object '888' and expected object '888' are equal

29-11-2024T11:07:27 - [TEST_STEP][PASSED] - dZO = "Россети Северо-Запад": null

29-11-2024T11:07:27 - [TEST_STEP][PASSED] - if (verifyEqual(a38, b38) == false): Actual object '878' and expected object '878' are equal

29-11-2024T11:07:27 - [MESSAGE][PASSED] - Actual object '878' and expected object '878' are equal

29-11-2024T11:07:27 - [TEST_STEP][PASSED] - dZO = "Россети Сибирь (ГК)": null

29-11-2024T11:07:27 - [TEST_STEP][PASSED] - if (verifyEqual(a39, b39) == false): Actual object '-4 128' and expected object '-4 128' are equal

29-11-2024T11:07:27 - [MESSAGE][PASSED] - Actual object '-4 128' and expected object '-4 128' are equal

29-11-2024T11:07:27 - [TEST_STEP][PASSED] - dZO = "Россети Томск": null

29-11-2024T11:07:27 - [TEST_STEP][PASSED] - if (verifyEqual(a310, b310) == false): Actual object '238' and expected object '238' are equal

29-11-2024T11:07:27 - [MESSAGE][PASSED] - Actual object '238' and expected object '238' are equal

29-11-2024T11:07:27 - [TEST_STEP][PASSED] - dZO = "Россети Тюмень": null

29-11-2024T11:07:27 - [TEST_STEP][PASSED] - if (verifyEqual(a311, b311) == false): Actual object '-5 106' and expected object '-5 106' are equal

29-11-2024T11:07:27 - [MESSAGE][PASSED] - Actual object '-5 106' and expected object '-5 106' are equal

29-11-2024T11:07:27 - [TEST_STEP][PASSED] - dZO = "Россети Урал (ГК)": null

29-11-2024T11:07:27 - [TEST_STEP][PASSED] - if (verifyEqual(a312, b312) == false): Actual object '1 955' and expected object '1 955' are equal

29-11-2024T11:07:27 - [MESSAGE][PASSED] - Actual object '1 955' and expected object '1 955' are equal

29-11-2024T11:07:27 - [TEST_STEP][PASSED] - dZO = "Россети ФСК ЕЭС": null

29-11-2024T11:07:27 - [TEST_STEP][PASSED] - if (verifyEqual(a313, b313) == false): Actual object '-24 344' and expected object '-24 344' are equal

29-11-2024T11:07:27 - [MESSAGE][PASSED] - Actual object '-24 344' and expected object '-24 344' are equal

29-11-2024T11:07:27 - [TEST_STEP][PASSED] - dZO = "Россети Центр": null

29-11-2024T11:07:27 - [TEST_STEP][PASSED] - if (verifyEqual(a314, b314) == false): Actual object '2 435' and expected object '2 435' are equal

29-11-2024T11:07:28 - [MESSAGE][PASSED] - Actual object '2 435' and expected object '2 435' are equal

29-11-2024T11:07:28 - [TEST_STEP][PASSED] - dZO = "Россети Центр и Приволжье (ГК)": null

29-11-2024T11:07:28 - [TEST_STEP][PASSED] - if (verifyEqual(a315, b315) == false): Actual object '4 419' and expected object '4 419' are equal

29-11-2024T11:07:28 - [MESSAGE][PASSED] - Actual object '4 419' and expected object '4 419' are equal

29-11-2024T11:07:28 - [TEST_STEP][PASSED] - dZO = "Россети Юг (ГК)": null

29-11-2024T11:07:28 - [TEST_STEP][PASSED] - if (verifyEqual(a316, b316) == false): Actual object '1 357' and expected object '1 357' are equal

29-11-2024T11:07:28 - [MESSAGE][PASSED] - Actual object '1 357' and expected object '1 357' are equal

29-11-2024T11:07:28 - [TEST_STEP][PASSED] - dZO = "Россети Янтарь": null

29-11-2024T11:07:28 - [TEST_STEP][PASSED] - if (verifyEqual(a317, b317) == false): Actual object '318' and expected object '318' are equal

29-11-2024T11:07:28 - [MESSAGE][PASSED] - Actual object '318' and expected object '318' are equal

29-11-2024T11:07:28 - [TEST_STEP][PASSED] - closeBrowser(): null

29-11-2024T11:07:28 - [MESSAGE][PASSED] - Browser is closed

29-11-2024T11:07:28 - [TEST_STEP][PASSED] - Script1710234207206.Blocks(run, vir, block, nameOfBlock, typeOfData, viruchka, vidget, todaysDate, a, b, dZO, x, y): null

29-11-2024T11:07:28 - [TEST_STEP][PASSED] - i = <not implemented yet for class: org.codehaus.groovy.ast.expr.EmptyExpression>: null

29-11-2024T11:07:28 - [TEST_STEP][PASSED] - perc = "": null

29-11-2024T11:07:28 - [TEST_STEP][PASSED] - a1 = <not implemented yet for class: org.codehaus.groovy.ast.expr.EmptyExpression>: null

29-11-2024T11:07:28 - [TEST_STEP][PASSED] - a2 = <not implemented yet for class: org.codehaus.groovy.ast.expr.EmptyExpression>: null

29-11-2024T11:07:28 - [TEST_STEP][PASSED] - a30 = <not implemented yet for class: org.codehaus.groovy.ast.expr.EmptyExpression>: null

29-11-2024T11:07:28 - [TEST_STEP][PASSED] - a31 = <not implemented yet for class: org.codehaus.groovy.ast.expr.EmptyExpression>: null

29-11-2024T11:07:28 - [TEST_STEP][PASSED] - a32 = <not implemented yet for class: org.codehaus.groovy.ast.expr.EmptyExpression>: null

29-11-2024T11:07:28 - [TEST_STEP][PASSED] - a33 = <not implemented yet for class: org.codehaus.groovy.ast.expr.EmptyExpression>: null

29-11-2024T11:07:28 - [TEST_STEP][PASSED] - a34 = <not implemented yet for class: org.codehaus.groovy.ast.expr.EmptyExpression>: null

29-11-2024T11:07:28 - [TEST_STEP][PASSED] - a35 = <not implemented yet for class: org.codehaus.groovy.ast.expr.EmptyExpression>: null

29-11-2024T11:07:28 - [TEST_STEP][PASSED] - a36 = <not implemented yet for class: org.codehaus.groovy.ast.expr.EmptyExpression>: null

29-11-2024T11:07:28 - [TEST_STEP][PASSED] - a37 = <not implemented yet for class: org.codehaus.groovy.ast.expr.EmptyExpression>: null

29-11-2024T11:07:28 - [TEST_STEP][PASSED] - a38 = <not implemented yet for class: org.codehaus.groovy.ast.expr.EmptyExpression>: null

29-11-2024T11:07:28 - [TEST_STEP][PASSED] - a39 = <not implemented yet for class: org.codehaus.groovy.ast.expr.EmptyExpression>: null

29-11-2024T11:07:28 - [TEST_STEP][PASSED] - a310 = <not implemented yet for class: org.codehaus.groovy.ast.expr.EmptyExpression>: null

29-11-2024T11:07:28 - [TEST_STEP][PASSED] - a311 = <not implemented yet for class: org.codehaus.groovy.ast.expr.EmptyExpression>: null

29-11-2024T11:07:28 - [TEST_STEP][PASSED] - a312 = <not implemented yet for class: org.codehaus.groovy.ast.expr.EmptyExpression>: null

29-11-2024T11:07:28 - [TEST_STEP][PASSED] - a313 = <not implemented yet for class: org.codehaus.groovy.ast.expr.EmptyExpression>: null

29-11-2024T11:07:28 - [TEST_STEP][PASSED] - a314 = <not implemented yet for class: org.codehaus.groovy.ast.expr.EmptyExpression>: null

29-11-2024T11:07:28 - [TEST_STEP][PASSED] - a315 = <not implemented yet for class: org.codehaus.groovy.ast.expr.EmptyExpression>: null

29-11-2024T11:07:28 - [TEST_STEP][PASSED] - a316 = <not implemented yet for class: org.codehaus.groovy.ast.expr.EmptyExpression>: null

29-11-2024T11:07:28 - [TEST_STEP][PASSED] - a317 = <not implemented yet for class: org.codehaus.groovy.ast.expr.EmptyExpression>: null

29-11-2024T11:07:28 - [TEST_STEP][PASSED] - b1 = <not implemented yet for class: org.codehaus.groovy.ast.expr.EmptyExpression>: null

29-11-2024T11:07:28 - [TEST_STEP][PASSED] - b2 = <not implemented yet for class: org.codehaus.groovy.ast.expr.EmptyExpression>: null

29-11-2024T11:07:28 - [TEST_STEP][PASSED] - b30 = <not implemented yet for class: org.codehaus.groovy.ast.expr.EmptyExpression>: null

29-11-2024T11:07:28 - [TEST_STEP][PASSED] - b31 = <not implemented yet for class: org.codehaus.groovy.ast.expr.EmptyExpression>: null

29-11-2024T11:07:28 - [TEST_STEP][PASSED] - b32 = <not implemented yet for class: org.codehaus.groovy.ast.expr.EmptyExpression>: null

29-11-2024T11:07:28 - [TEST_STEP][PASSED] - b33 = <not implemented yet for class: org.codehaus.groovy.ast.expr.EmptyExpression>: null

29-11-2024T11:07:28 - [TEST_STEP][PASSED] - b34 = <not implemented yet for class: org.codehaus.groovy.ast.expr.EmptyExpression>: null

29-11-2024T11:07:28 - [TEST_STEP][PASSED] - b35 = <not implemented yet for class: org.codehaus.groovy.ast.expr.EmptyExpression>: null

29-11-2024T11:07:28 - [TEST_STEP][PASSED] - b36 = <not implemented yet for class: org.codehaus.groovy.ast.expr.EmptyExpression>: null

29-11-2024T11:07:28 - [TEST_STEP][PASSED] - b37 = <not implemented yet for class: org.codehaus.groovy.ast.expr.EmptyExpression>: null

29-11-2024T11:07:28 - [TEST_STEP][PASSED] - b38 = <not implemented yet for class: org.codehaus.groovy.ast.expr.EmptyExpression>: null

29-11-2024T11:07:28 - [TEST_STEP][PASSED] - b39 = <not implemented yet for class: org.codehaus.groovy.ast.expr.EmptyExpression>: null

29-11-2024T11:07:28 - [TEST_STEP][PASSED] - b310 = <not implemented yet for class: org.codehaus.groovy.ast.expr.EmptyExpression>: null

29-11-2024T11:07:28 - [TEST_STEP][PASSED] - b311 = <not implemented yet for class: org.codehaus.groovy.ast.expr.EmptyExpression>: null

29-11-2024T11:07:28 - [TEST_STEP][PASSED] - b312 = <not implemented yet for class: org.codehaus.groovy.ast.expr.EmptyExpression>: null

29-11-2024T11:07:28 - [TEST_STEP][PASSED] - b313 = <not implemented yet for class: org.codehaus.groovy.ast.expr.EmptyExpression>: null

29-11-2024T11:07:28 - [TEST_STEP][PASSED] - b314 = <not implemented yet for class: org.codehaus.groovy.ast.expr.EmptyExpression>: null

29-11-2024T11:07:28 - [TEST_STEP][PASSED] - b315 = <not implemented yet for class: org.codehaus.groovy.ast.expr.EmptyExpression>: null

29-11-2024T11:07:28 - [TEST_STEP][PASSED] - b316 = <not implemented yet for class: org.codehaus.groovy.ast.expr.EmptyExpression>: null

29-11-2024T11:07:28 - [TEST_STEP][PASSED] - b317 = <not implemented yet for class: org.codehaus.groovy.ast.expr.EmptyExpression>: null

29-11-2024T11:07:28 - [TEST_STEP][PASSED] - block = 1: null

29-11-2024T11:07:28 - [TEST_STEP][PASSED] - nameOfBlock = "": null

29-11-2024T11:07:28 - [TEST_STEP][PASSED] - Script1710234207206.PreSettings(run, vir, block, nameOfBlock, typeOfData, todaysDate): null

29-11-2024T11:07:28 - [TEST_STEP][PASSED] - openBrowser(""): Browser is opened with url: ''

29-11-2024T11:07:28 - [MESSAGE][INFO] - Starting 'Chrome' driver

29-11-2024T11:07:28 - [MESSAGE][INFO] - Action delay is set to 0 milliseconds

29-11-2024T11:07:29 - [MESSAGE][PASSED] - Browser is opened with url: ''

29-11-2024T11:07:29 - [TEST_STEP][PASSED] - refresh(): Refresh successfully

29-11-2024T11:07:29 - [MESSAGE][PASSED] - Refresh successfully

29-11-2024T11:07:29 - [TEST_STEP][PASSED] - delay(50): Delayed 50 second(s)

29-11-2024T11:08:19 - [MESSAGE][PASSED] - Delayed 50 second(s)

29-11-2024T11:08:19 - [TEST_STEP][PASSED] - println("run:" + run): null

29-11-2024T11:08:19 - [TEST_STEP][PASSED] - println("vir:" + vir): null

29-11-2024T11:08:19 - [TEST_STEP][PASSED] - println("block:" + block): null

29-11-2024T11:08:19 - [TEST_STEP][PASSED] - if (block == 1): null

29-11-2024T11:08:19 - [TEST_STEP][PASSED] - nameOfBlock = "": null

29-11-2024T11:08:19 - [TEST_STEP][PASSED] - println("nameOfBlock:" + nameOfBlock): null

29-11-2024T11:08:19 - [TEST_STEP][PASSED] - println("typeOfData:" + typeOfData): null

29-11-2024T11:08:19 - [TEST_STEP][PASSED] - println("todaysDate:" + todaysDate): null

29-11-2024T11:08:19 - [TEST_STEP][PASSED] - Script1710234207206.Autorization(block, nameOfBlock): null

29-11-2024T11:08:19 - [TEST_STEP][PASSED] - i = <not implemented yet for class: org.codehaus.groovy.ast.expr.EmptyExpression>: null

29-11-2024T11:08:19 - [TEST_STEP][PASSED] - ii = <not implemented yet for class: org.codehaus.groovy.ast.expr.EmptyExpression>: null

29-11-2024T11:08:19 - [TEST_STEP][PASSED] - urlData = <not implemented yet for class: org.codehaus.groovy.ast.expr.EmptyExpression>: null

29-11-2024T11:08:19 - [TEST_STEP][PASSED] - searchWord = <not implemented yet for class: org.codehaus.groovy.ast.expr.EmptyExpression>: null

29-11-2024T11:08:19 - [TEST_STEP][PASSED] - urlText = <not implemented yet for class: org.codehaus.groovy.ast.expr.EmptyExpression>: null

29-11-2024T11:08:19 - [TEST_STEP][PASSED] - println("block:" + block): null

29-11-2024T11:08:19 - [TEST_STEP][PASSED] - if (block == 1): null

29-11-2024T11:08:19 - [TEST_STEP][PASSED] - nameOfBlock = "": null

29-11-2024T11:08:19 - [TEST_STEP][PASSED] - println("nameOfBlock:" + nameOfBlock): null

29-11-2024T11:08:19 - [TEST_STEP][PASSED] - if (block == 1): Delayed 45 second(s)

29-11-2024T11:08:19 - [TEST_STEP][PASSED] - urlData = 2: null

29-11-2024T11:08:19 - [TEST_STEP][PASSED] - delay(45): Delayed 45 second(s)

29-11-2024T11:09:04 - [MESSAGE][PASSED] - Delayed 45 second(s)

29-11-2024T11:09:04 - [TEST_STEP][FAILED] - navigateToUrl(findTestData("PlanFact").getValue(10, urlData)): Unable to navigate to 'https://bi.rosseti.digital/viewer?dashboardGuid=2301950b23be4ed89c1df75f2020051e&sheetGuid=b723206f698544fb87299f3095c00435&fit=true' (Root cause: com.kms.katalon.core.exception.StepFailedException: Unable to navigate to 'https://bi.rosseti.digital/viewer?dashboardGuid=2301950b23be4ed89c1df75f2020051e&sheetGuid=b723206f698544fb87299f3095c00435&fit=true'
	at com.kms.katalon.core.webui.keyword.internal.WebUIKeywordMain.stepFailed(WebUIKeywordMain.groovy:64)
	at com.kms.katalon.core.webui.keyword.internal.WebUIKeywordMain.runKeyword(WebUIKeywordMain.groovy:26)
	at com.kms.katalon.core.webui.keyword.builtin.NavigateToUrlKeyword.navigateToUrl(NavigateToUrlKeyword.groovy:83)
	at com.kms.katalon.core.webui.keyword.builtin.NavigateToUrlKeyword.execute(NavigateToUrlKeyword.groovy:67)
	at com.kms.katalon.core.keyword.internal.KeywordExecutor.executeKeywordForPlatform(KeywordExecutor.groovy:74)
	at com.kms.katalon.core.webui.keyword.WebUiBuiltInKeywords.navigateToUrl(WebUiBuiltInKeywords.groovy:187)
	at Выручка в рублях сверка дашбордов ПАО Россети.Autorization(Выручка в рублях сверка дашбордов ПАО Россети:674)
	at Выручка в рублях сверка дашбордов ПАО Россети.PreSettings(Выручка в рублях сверка дашбордов ПАО Россети:573)
	at Выручка в рублях сверка дашбордов ПАО Россети.Blocks(Выручка в рублях сверка дашбордов ПАО Россети:153)
	at Выручка в рублях сверка дашбордов ПАО Россети.ViruchkaChange(Выручка в рублях сверка дашбордов ПАО Россети:60)
	at Выручка в рублях сверка дашбордов ПАО Россети.run(Выручка в рублях сверка дашбордов ПАО Россети:55)
	at com.kms.katalon.core.main.ScriptEngine.run(ScriptEngine.java:194)
	at com.kms.katalon.core.main.ScriptEngine.runScriptAsRawText(ScriptEngine.java:119)
	at com.kms.katalon.core.main.TestCaseExecutor.runScript(TestCaseExecutor.java:448)
	at com.kms.katalon.core.main.TestCaseExecutor.doExecute(TestCaseExecutor.java:439)
	at com.kms.katalon.core.main.TestCaseExecutor.processExecutionPhase(TestCaseExecutor.java:418)
	at com.kms.katalon.core.main.TestCaseExecutor.accessMainPhase(TestCaseExecutor.java:410)
	at com.kms.katalon.core.main.TestCaseExecutor.execute(TestCaseExecutor.java:285)
	at com.kms.katalon.core.common.CommonExecutor.accessTestCaseMainPhase(CommonExecutor.java:65)
	at com.kms.katalon.core.main.TestSuiteExecutor.accessTestSuiteMainPhase(TestSuiteExecutor.java:150)
	at com.kms.katalon.core.main.TestSuiteExecutor.execute(TestSuiteExecutor.java:106)
	at com.kms.katalon.core.main.TestCaseMain.startTestSuite(TestCaseMain.java:180)
	at TempTestSuite1732866793142.run(TempTestSuite1732866793142.groovy:35)
	at java.base/jdk.internal.reflect.NativeMethodAccessorImpl.invoke0(Native Method)
	at java.base/jdk.internal.reflect.NativeMethodAccessorImpl.invoke(NativeMethodAccessorImpl.java:77)
	at java.base/jdk.internal.reflect.DelegatingMethodAccessorImpl.invoke(DelegatingMethodAccessorImpl.java:43)
Caused by: org.openqa.selenium.TimeoutException: timeout: Timed out receiving message from renderer: 299.172
  (Session info: chrome=131.0.6778.86)
Build info: version: '3.141.59', revision: 'unknown', time: 'unknown'
System info: host: 'UVV-WS904-D', ip: '192.168.0.19', os.name: 'Windows 10', os.arch: 'amd64', os.version: '10.0', java.version: '17.0.7'
Driver info: com.kms.katalon.selenium.driver.CChromeDriver
Capabilities {acceptInsecureCerts: false, browserName: chrome, browserVersion: 131.0.6778.86, chrome: {chromedriverVersion: 131.0.6778.69 (77e2244bbcda..., userDataDir: C:\Users\LIAZGI~1\AppData\L...}, fedcm:accounts: true, goog:chromeOptions: {debuggerAddress: localhost:63519}, javascriptEnabled: true, networkConnectionEnabled: false, pageLoadStrategy: normal, platform: WINDOWS, platformName: WINDOWS, proxy: Proxy(), setWindowRect: true, strictFileInteractability: false, timeouts: {implicit: 0, pageLoad: 300000, script: 30000}, unhandledPromptBehavior: dismiss and notify, webauthn:extension:credBlob: true, webauthn:extension:largeBlob: true, webauthn:extension:minPinLength: true, webauthn:extension:prf: true, webauthn:virtualAuthenticators: true}
Session ID: 6428f965c29e06897a1ccfc9aeb264aa
	at java.base/jdk.internal.reflect.NativeConstructorAccessorImpl.newInstance0(Native Method)
	at java.base/jdk.internal.reflect.NativeConstructorAccessorImpl.newInstance(NativeConstructorAccessorImpl.java:77)
	at java.base/jdk.internal.reflect.DelegatingConstructorAccessorImpl.newInstance(DelegatingConstructorAccessorImpl.java:45)
	at org.openqa.selenium.remote.http.W3CHttpResponseCodec.createException(W3CHttpResponseCodec.java:187)
	at org.openqa.selenium.remote.http.W3CHttpResponseCodec.decode(W3CHttpResponseCodec.java:122)
	at org.openqa.selenium.remote.http.W3CHttpResponseCodec.decode(W3CHttpResponseCodec.java:49)
	at org.openqa.selenium.remote.HttpCommandExecutor.execute(HttpCommandExecutor.java:158)
	at org.openqa.selenium.remote.service.DriverCommandExecutor.execute(DriverCommandExecutor.java:83)
	at org.openqa.selenium.remote.RemoteWebDriver.execute(RemoteWebDriver.java:552)
	at com.kms.katalon.selenium.driver.CChromeDriver.execute(CChromeDriver.java:19)
	at org.openqa.selenium.remote.RemoteWebDriver.get(RemoteWebDriver.java:277)
	at org.openqa.selenium.remote.RemoteWebDriver$RemoteNavigation.to(RemoteWebDriver.java:857)
	at org.openqa.selenium.support.events.EventFiringWebDriver$EventFiringNavigation.to(EventFiringWebDriver.java:569)
	at com.kms.katalon.core.webui.keyword.builtin.NavigateToUrlKeyword$_navigateToUrl_closure1.doCall(NavigateToUrlKeyword.groovy:81)
	at com.kms.katalon.core.webui.keyword.builtin.NavigateToUrlKeyword$_navigateToUrl_closure1.call(NavigateToUrlKeyword.groovy)
	at com.kms.katalon.core.webui.keyword.internal.WebUIKeywordMain.runKeyword(WebUIKeywordMain.groovy:20)
	at com.kms.katalon.core.webui.keyword.builtin.NavigateToUrlKeyword.navigateToUrl(NavigateToUrlKeyword.groovy:83)
	at com.kms.katalon.core.webui.keyword.builtin.NavigateToUrlKeyword.execute(NavigateToUrlKeyword.groovy:67)
	at com.kms.katalon.core.keyword.internal.KeywordExecutor.executeKeywordForPlatform(KeywordExecutor.groovy:74)
	at com.kms.katalon.core.webui.keyword.WebUiBuiltInKeywords.navigateToUrl(WebUiBuiltInKeywords.groovy:187)
	at Script1710234207206.Autorization(Script1710234207206.groovy:674)
	at Script1710234207206.PreSettings(Script1710234207206.groovy:573)
	at Script1710234207206.Blocks(Script1710234207206.groovy:153)
	at Script1710234207206.ViruchkaChange(Script1710234207206.groovy:60)
	at Script1710234207206.run(Script1710234207206.groovy:55)
	... 15 more
)

29-11-2024T11:14:25 - [MESSAGE][FAILED] - Unable to navigate to 'https://bi.rosseti.digital/viewer?dashboardGuid=2301950b23be4ed89c1df75f2020051e&sheetGuid=b723206f698544fb87299f3095c00435&fit=true' (Root cause: com.kms.katalon.core.exception.StepFailedException: Unable to navigate to 'https://bi.rosseti.digital/viewer?dashboardGuid=2301950b23be4ed89c1df75f2020051e&sheetGuid=b723206f698544fb87299f3095c00435&fit=true'
	at com.kms.katalon.core.webui.keyword.internal.WebUIKeywordMain.stepFailed(WebUIKeywordMain.groovy:64)
	at com.kms.katalon.core.webui.keyword.internal.WebUIKeywordMain.runKeyword(WebUIKeywordMain.groovy:26)
	at com.kms.katalon.core.webui.keyword.builtin.NavigateToUrlKeyword.navigateToUrl(NavigateToUrlKeyword.groovy:83)
	at com.kms.katalon.core.webui.keyword.builtin.NavigateToUrlKeyword.execute(NavigateToUrlKeyword.groovy:67)
	at com.kms.katalon.core.keyword.internal.KeywordExecutor.executeKeywordForPlatform(KeywordExecutor.groovy:74)
	at com.kms.katalon.core.webui.keyword.WebUiBuiltInKeywords.navigateToUrl(WebUiBuiltInKeywords.groovy:187)
	at Выручка в рублях сверка дашбордов ПАО Россети.Autorization(Выручка в рублях сверка дашбордов ПАО Россети:674)
	at Выручка в рублях сверка дашбордов ПАО Россети.PreSettings(Выручка в рублях сверка дашбордов ПАО Россети:573)
	at Выручка в рублях сверка дашбордов ПАО Россети.Blocks(Выручка в рублях сверка дашбордов ПАО Россети:153)
	at Выручка в рублях сверка дашбордов ПАО Россети.ViruchkaChange(Выручка в рублях сверка дашбордов ПАО Россети:60)
	at Выручка в рублях сверка дашбордов ПАО Россети.run(Выручка в рублях сверка дашбордов ПАО Россети:55)
	at com.kms.katalon.core.main.ScriptEngine.run(ScriptEngine.java:194)
	at com.kms.katalon.core.main.ScriptEngine.runScriptAsRawText(ScriptEngine.java:119)
	at com.kms.katalon.core.main.TestCaseExecutor.runScript(TestCaseExecutor.java:448)
	at com.kms.katalon.core.main.TestCaseExecutor.doExecute(TestCaseExecutor.java:439)
	at com.kms.katalon.core.main.TestCaseExecutor.processExecutionPhase(TestCaseExecutor.java:418)
	at com.kms.katalon.core.main.TestCaseExecutor.accessMainPhase(TestCaseExecutor.java:410)
	at com.kms.katalon.core.main.TestCaseExecutor.execute(TestCaseExecutor.java:285)
	at com.kms.katalon.core.common.CommonExecutor.accessTestCaseMainPhase(CommonExecutor.java:65)
	at com.kms.katalon.core.main.TestSuiteExecutor.accessTestSuiteMainPhase(TestSuiteExecutor.java:150)
	at com.kms.katalon.core.main.TestSuiteExecutor.execute(TestSuiteExecutor.java:106)
	at com.kms.katalon.core.main.TestCaseMain.startTestSuite(TestCaseMain.java:180)
	at TempTestSuite1732866793142.run(TempTestSuite1732866793142.groovy:35)
	at java.base/jdk.internal.reflect.NativeMethodAccessorImpl.invoke0(Native Method)
	at java.base/jdk.internal.reflect.NativeMethodAccessorImpl.invoke(NativeMethodAccessorImpl.java:77)
	at java.base/jdk.internal.reflect.DelegatingMethodAccessorImpl.invoke(DelegatingMethodAccessorImpl.java:43)
Caused by: org.openqa.selenium.TimeoutException: timeout: Timed out receiving message from renderer: 299.172
  (Session info: chrome=131.0.6778.86)
Build info: version: '3.141.59', revision: 'unknown', time: 'unknown'
System info: host: 'UVV-WS904-D', ip: '192.168.0.19', os.name: 'Windows 10', os.arch: 'amd64', os.version: '10.0', java.version: '17.0.7'
Driver info: com.kms.katalon.selenium.driver.CChromeDriver
Capabilities {acceptInsecureCerts: false, browserName: chrome, browserVersion: 131.0.6778.86, chrome: {chromedriverVersion: 131.0.6778.69 (77e2244bbcda..., userDataDir: C:\Users\LIAZGI~1\AppData\L...}, fedcm:accounts: true, goog:chromeOptions: {debuggerAddress: localhost:63519}, javascriptEnabled: true, networkConnectionEnabled: false, pageLoadStrategy: normal, platform: WINDOWS, platformName: WINDOWS, proxy: Proxy(), setWindowRect: true, strictFileInteractability: false, timeouts: {implicit: 0, pageLoad: 300000, script: 30000}, unhandledPromptBehavior: dismiss and notify, webauthn:extension:credBlob: true, webauthn:extension:largeBlob: true, webauthn:extension:minPinLength: true, webauthn:extension:prf: true, webauthn:virtualAuthenticators: true}
Session ID: 6428f965c29e06897a1ccfc9aeb264aa
	at java.base/jdk.internal.reflect.NativeConstructorAccessorImpl.newInstance0(Native Method)
	at java.base/jdk.internal.reflect.NativeConstructorAccessorImpl.newInstance(NativeConstructorAccessorImpl.java:77)
	at java.base/jdk.internal.reflect.DelegatingConstructorAccessorImpl.newInstance(DelegatingConstructorAccessorImpl.java:45)
	at org.openqa.selenium.remote.http.W3CHttpResponseCodec.createException(W3CHttpResponseCodec.java:187)
	at org.openqa.selenium.remote.http.W3CHttpResponseCodec.decode(W3CHttpResponseCodec.java:122)
	at org.openqa.selenium.remote.http.W3CHttpResponseCodec.decode(W3CHttpResponseCodec.java:49)
	at org.openqa.selenium.remote.HttpCommandExecutor.execute(HttpCommandExecutor.java:158)
	at org.openqa.selenium.remote.service.DriverCommandExecutor.execute(DriverCommandExecutor.java:83)
	at org.openqa.selenium.remote.RemoteWebDriver.execute(RemoteWebDriver.java:552)
	at com.kms.katalon.selenium.driver.CChromeDriver.execute(CChromeDriver.java:19)
	at org.openqa.selenium.remote.RemoteWebDriver.get(RemoteWebDriver.java:277)
	at org.openqa.selenium.remote.RemoteWebDriver$RemoteNavigation.to(RemoteWebDriver.java:857)
	at org.openqa.selenium.support.events.EventFiringWebDriver$EventFiringNavigation.to(EventFiringWebDriver.java:569)
	at com.kms.katalon.core.webui.keyword.builtin.NavigateToUrlKeyword$_navigateToUrl_closure1.doCall(NavigateToUrlKeyword.groovy:81)
	at com.kms.katalon.core.webui.keyword.builtin.NavigateToUrlKeyword$_navigateToUrl_closure1.call(NavigateToUrlKeyword.groovy)
	at com.kms.katalon.core.webui.keyword.internal.WebUIKeywordMain.runKeyword(WebUIKeywordMain.groovy:20)
	at com.kms.katalon.core.webui.keyword.builtin.NavigateToUrlKeyword.navigateToUrl(NavigateToUrlKeyword.groovy:83)
	at com.kms.katalon.core.webui.keyword.builtin.NavigateToUrlKeyword.execute(NavigateToUrlKeyword.groovy:67)
	at com.kms.katalon.core.keyword.internal.KeywordExecutor.executeKeywordForPlatform(KeywordExecutor.groovy:74)
	at com.kms.katalon.core.webui.keyword.WebUiBuiltInKeywords.navigateToUrl(WebUiBuiltInKeywords.groovy:187)
	at Script1710234207206.Autorization(Script1710234207206.groovy:674)
	at Script1710234207206.PreSettings(Script1710234207206.groovy:573)
	at Script1710234207206.Blocks(Script1710234207206.groovy:153)
	at Script1710234207206.ViruchkaChange(Script1710234207206.groovy:60)
	at Script1710234207206.run(Script1710234207206.groovy:55)
	... 15 more
)
[[ATTACHMENT|C:\\Users\\LIAZGINA-DI\\git\\SPORU\\Reports\\20241129_105313\\\u041F\u043D-\u0421\u0440-\u041F\u0442\\\u0421\u0432\u0435\u0440\u043A\u0430 \u0434\u0430\u0448\u0431\u043E\u0440\u0434\u043E\u0432 \u0438\u0437 \u0440\u0430\u0437\u043D\u044B\u0445 \u0431\u043B\u043E\u043A\u043E\u0432\\20241129_105313\\1732868044348.png]]

29-11-2024T11:14:25 - [TEST_STEP][PASSED] - urlText = getText(findTestObject("Страница авторизации/Text")): Text of object 'Object Repository/Страница авторизации/Text' is: 'Вход'

29-11-2024T11:14:25 - [MESSAGE][PASSED] - Text of object 'Object Repository/Страница авторизации/Text' is: 'Вход'

29-11-2024T11:14:25 - [TEST_STEP][PASSED] - searchWord = "Вход": null

29-11-2024T11:14:25 - [TEST_STEP][PASSED] - if (urlText == null || urlText.contains("ошибка") || urlText.contains(searchWord) == false): null

29-11-2024T11:14:25 - [TEST_STEP][PASSED] - if (verifyElementPresent(findTestObject("Страница авторизации/button_"), 30) == true): null

29-11-2024T11:14:25 - [MESSAGE][PASSED] - Object 'Object Repository/Страница авторизации/button_' is present

29-11-2024T11:14:25 - [TEST_STEP][PASSED] - setText(findTestObject("Страница авторизации/input__username"), findTestData("PlanFact").getValue(8, 1)): Text 'liazgina-di' is set on object 'Object Repository/Страница авторизации/input__username'

29-11-2024T11:14:26 - [MESSAGE][PASSED] - Text 'liazgina-di' is set on object 'Object Repository/Страница авторизации/input__username'

29-11-2024T11:14:26 - [TEST_STEP][PASSED] - setText(findTestObject("Страница авторизации/input__password"), findTestData("PlanFact").getValue(9, 1)): Text ')$%5srZ8o688Dm#q' is set on object 'Object Repository/Страница авторизации/input__password'

29-11-2024T11:14:27 - [MESSAGE][PASSED] - Text ')$%5srZ8o688Dm#q' is set on object 'Object Repository/Страница авторизации/input__password'

29-11-2024T11:14:27 - [TEST_STEP][PASSED] - click(findTestObject("Страница авторизации/button_")): Object: 'Object Repository/Страница авторизации/button_' is clicked on

29-11-2024T11:14:30 - [MESSAGE][PASSED] - Object: 'Object Repository/Страница авторизации/button_' is clicked on

29-11-2024T11:14:30 - [TEST_STEP][PASSED] - delay(45): Delayed 45 second(s)

29-11-2024T11:15:15 - [MESSAGE][PASSED] - Delayed 45 second(s)

29-11-2024T11:15:15 - [TEST_STEP][PASSED] - urlText = getText(findTestObject("Страница авторизации/Text")): Text of object 'Object Repository/Страница авторизации/Text' is: 'Период
1, 2, 3 кв., Октябрь 2024 года
Выручка
Все
Выполнение плановых показателей по ПАО Россети за 1, 2, 3 кв., Октябрь 2024 года
План
Факт
Динамика
2024 год
0 млн.руб.
100 000 млн.руб.
200 000 млн.руб.
300 000 млн.руб.
400 000 млн.руб.
500 000 млн.руб.
600 000 млн.руб.
700 000 млн.руб.
800 000 млн.руб.
900 000 млн.руб.
1 000 000 млн.руб.
1 100 000 млн.руб.
1 200 000 млн.руб.
1 300 000 млн.руб.
1 400 000 млн.руб.
1 180 677
1 175 831
↓
ДЗО 
Все
Внутренний оборот - выручка за услуги по передаче электрической энергии, учтенная в выручке за электроэнергию для конечных потребителей, при выполнении ДЗО функций гарантирующего поставщика
Подписи данных
⬤Отклонение
АО «Тываэнерго»
АО «Чеченэнерго»
Россети Волга
Россети Кубань
Россети Ленэнерго (ГК)
Россети Московский регион
Россети Северный Кавказ (ГК)
Россети Северо-Запад
Россети Сибирь (ГК)
Россети Томск
Россети Тюмень
Россети Урал (ГК)
Россети ФСК ЕЭС
Россети Центр
Россети Центр и Приволжье (ГК)
Россети Юг (ГК)
Россети Янтарь
-25 000млн.руб.
-20 000млн.руб.
-15 000млн.руб.
-10 000млн.руб.
-5 000млн.руб.
0млн.руб.
5 000млн.руб.
10 …
-30 000млн.руб.
74
101
156
3 953
4 462
7 500
888
878
-4 128
238
-5 106
1 955
-24 344
2 435
4 419
1 357
318
млн.
%
Выручка
Отклонение выручки по ПАО Россети за 1, 2, 3 кв., Октябрь 2024 года (факт/план, млн. руб)
ПАО Россети
-4 845.8 млн.руб.
 '

29-11-2024T11:15:37 - [MESSAGE][PASSED] - Text of object 'Object Repository/Страница авторизации/Text' is: 'Период
1, 2, 3 кв., Октябрь 2024 года
Выручка
Все
Выполнение плановых показателей по ПАО Россети за 1, 2, 3 кв., Октябрь 2024 года
План
Факт
Динамика
2024 год
0 млн.руб.
100 000 млн.руб.
200 000 млн.руб.
300 000 млн.руб.
400 000 млн.руб.
500 000 млн.руб.
600 000 млн.руб.
700 000 млн.руб.
800 000 млн.руб.
900 000 млн.руб.
1 000 000 млн.руб.
1 100 000 млн.руб.
1 200 000 млн.руб.
1 300 000 млн.руб.
1 400 000 млн.руб.
1 180 677
1 175 831
↓
ДЗО 
Все
Внутренний оборот - выручка за услуги по передаче электрической энергии, учтенная в выручке за электроэнергию для конечных потребителей, при выполнении ДЗО функций гарантирующего поставщика
Подписи данных
⬤Отклонение
АО «Тываэнерго»
АО «Чеченэнерго»
Россети Волга
Россети Кубань
Россети Ленэнерго (ГК)
Россети Московский регион
Россети Северный Кавказ (ГК)
Россети Северо-Запад
Россети Сибирь (ГК)
Россети Томск
Россети Тюмень
Россети Урал (ГК)
Россети ФСК ЕЭС
Россети Центр
Россети Центр и Приволжье (ГК)
Россети Юг (ГК)
Россети Янтарь
-25 000млн.руб.
-20 000млн.руб.
-15 000млн.руб.
-10 000млн.руб.
-5 000млн.руб.
0млн.руб.
5 000млн.руб.
10 …
-30 000млн.руб.
74
101
156
3 953
4 462
7 500
888
878
-4 128
238
-5 106
1 955
-24 344
2 435
4 419
1 357
318
млн.
%
Выручка
Отклонение выручки по ПАО Россети за 1, 2, 3 кв., Октябрь 2024 года (факт/план, млн. руб)
ПАО Россети
-4 845.8 млн.руб.
 '

29-11-2024T11:15:37 - [TEST_STEP][PASSED] - searchWord = "а": null

29-11-2024T11:15:37 - [TEST_STEP][PASSED] - if (urlText.contains("ошибка") || urlText.contains(searchWord) == false): null

29-11-2024T11:15:37 - [TEST_STEP][PASSED] - delay(45): Delayed 45 second(s)

29-11-2024T11:16:22 - [MESSAGE][PASSED] - Delayed 45 second(s)

29-11-2024T11:16:22 - [TEST_STEP][PASSED] - if (block == 2): null

29-11-2024T11:16:22 - [TEST_STEP][PASSED] - click(findTestObject("Выручка в рублях/Фильтр Период" + nameOfBlock)): Object: 'Object Repository/Выручка в рублях/Фильтр Период' is clicked on

29-11-2024T11:16:22 - [MESSAGE][PASSED] - Object: 'Object Repository/Выручка в рублях/Фильтр Период' is clicked on

29-11-2024T11:16:22 - [TEST_STEP][PASSED] - click(findTestObject("Выручка в рублях/Снять выделение в фильтре Дата" + nameOfBlock)): Object: 'Object Repository/Выручка в рублях/Снять выделение в фильтре Дата' is clicked on

29-11-2024T11:16:23 - [MESSAGE][PASSED] - Object: 'Object Repository/Выручка в рублях/Снять выделение в фильтре Дата' is clicked on

29-11-2024T11:16:23 - [TEST_STEP][PASSED] - click(findTestObject("Выручка в рублях/Применить в фильтре Дата" + nameOfBlock)): Object: 'Object Repository/Выручка в рублях/Применить в фильтре Дата' is clicked on

29-11-2024T11:16:23 - [MESSAGE][PASSED] - Object: 'Object Repository/Выручка в рублях/Применить в фильтре Дата' is clicked on

29-11-2024T11:16:23 - [TEST_STEP][PASSED] - delay(50): Delayed 50 second(s)

29-11-2024T11:17:13 - [MESSAGE][PASSED] - Delayed 50 second(s)

29-11-2024T11:17:13 - [TEST_STEP][PASSED] - click(findTestObject("Выручка в рублях/Фильтр Период" + nameOfBlock)): Object: 'Object Repository/Выручка в рублях/Фильтр Период' is clicked on

29-11-2024T11:17:13 - [MESSAGE][PASSED] - Object: 'Object Repository/Выручка в рублях/Фильтр Период' is clicked on

29-11-2024T11:17:13 - [TEST_STEP][PASSED] - click(findTestObject("Выручка в рублях/Снять выделение в фильтре Дата" + nameOfBlock)): Object: 'Object Repository/Выручка в рублях/Снять выделение в фильтре Дата' is clicked on

29-11-2024T11:17:14 - [MESSAGE][PASSED] - Object: 'Object Repository/Выручка в рублях/Снять выделение в фильтре Дата' is clicked on

29-11-2024T11:17:14 - [TEST_STEP][PASSED] - scrollToElement(findTestObject("Выручка в рублях/2024 список" + nameOfBlock), 30): Scroll to object 'Object Repository/Выручка в рублях/2024 список' successfully

29-11-2024T11:17:14 - [MESSAGE][PASSED] - Scroll to object 'Object Repository/Выручка в рублях/2024 список' successfully

29-11-2024T11:17:14 - [TEST_STEP][PASSED] - click(findTestObject("Выручка в рублях/2024 список" + nameOfBlock)): Object: 'Object Repository/Выручка в рублях/2024 список' is clicked on

29-11-2024T11:17:15 - [MESSAGE][PASSED] - Object: 'Object Repository/Выручка в рублях/2024 список' is clicked on

29-11-2024T11:17:15 - [TEST_STEP][PASSED] - scrollToElement(findTestObject("Выручка в рублях/1 квартал 2024 выбрать" + nameOfBlock), 30): Scroll to object 'Object Repository/Выручка в рублях/1 квартал 2024 выбрать' successfully

29-11-2024T11:17:15 - [MESSAGE][PASSED] - Scroll to object 'Object Repository/Выручка в рублях/1 квартал 2024 выбрать' successfully

29-11-2024T11:17:15 - [TEST_STEP][PASSED] - click(findTestObject("Выручка в рублях/1 квартал 2024 выбрать" + nameOfBlock)): Object: 'Object Repository/Выручка в рублях/1 квартал 2024 выбрать' is clicked on

29-11-2024T11:17:15 - [MESSAGE][PASSED] - Object: 'Object Repository/Выручка в рублях/1 квартал 2024 выбрать' is clicked on

29-11-2024T11:17:15 - [TEST_STEP][PASSED] - scrollToElement(findTestObject("Выручка в рублях/2 квартал 2024 выбрать" + nameOfBlock), 30): Scroll to object 'Object Repository/Выручка в рублях/2 квартал 2024 выбрать' successfully

29-11-2024T11:17:16 - [MESSAGE][PASSED] - Scroll to object 'Object Repository/Выручка в рублях/2 квартал 2024 выбрать' successfully

29-11-2024T11:17:16 - [TEST_STEP][PASSED] - click(findTestObject("Выручка в рублях/2 квартал 2024 выбрать" + nameOfBlock)): Object: 'Object Repository/Выручка в рублях/2 квартал 2024 выбрать' is clicked on

29-11-2024T11:17:16 - [MESSAGE][PASSED] - Object: 'Object Repository/Выручка в рублях/2 квартал 2024 выбрать' is clicked on

29-11-2024T11:17:16 - [TEST_STEP][PASSED] - scrollToElement(findTestObject("Выручка в рублях/3 квартал 2024 список" + nameOfBlock), 30): Scroll to object 'Object Repository/Выручка в рублях/3 квартал 2024 список' successfully

29-11-2024T11:17:17 - [MESSAGE][PASSED] - Scroll to object 'Object Repository/Выручка в рублях/3 квартал 2024 список' successfully

29-11-2024T11:17:17 - [TEST_STEP][PASSED] - click(findTestObject("Выручка в рублях/3 квартал 2024" + nameOfBlock)): Object: 'Object Repository/Выручка в рублях/3 квартал 2024' is clicked on

29-11-2024T11:17:17 - [MESSAGE][PASSED] - Object: 'Object Repository/Выручка в рублях/3 квартал 2024' is clicked on

29-11-2024T11:17:17 - [TEST_STEP][PASSED] - scrollToElement(findTestObject("Выручка в рублях/4 квартал 2024 список" + nameOfBlock), 30): Scroll to object 'Object Repository/Выручка в рублях/4 квартал 2024 список' successfully

29-11-2024T11:17:18 - [MESSAGE][PASSED] - Scroll to object 'Object Repository/Выручка в рублях/4 квартал 2024 список' successfully

29-11-2024T11:17:18 - [TEST_STEP][PASSED] - click(findTestObject("Выручка в рублях/4 квартал 2024 список" + nameOfBlock)): Object: 'Object Repository/Выручка в рублях/4 квартал 2024 список' is clicked on

29-11-2024T11:17:18 - [MESSAGE][PASSED] - Object: 'Object Repository/Выручка в рублях/4 квартал 2024 список' is clicked on

29-11-2024T11:17:18 - [TEST_STEP][PASSED] - scrollToElement(findTestObject("Выручка в рублях/Октябрь 2024" + nameOfBlock), 30): Scroll to object 'Object Repository/Выручка в рублях/Октябрь 2024' successfully

29-11-2024T11:17:18 - [MESSAGE][PASSED] - Scroll to object 'Object Repository/Выручка в рублях/Октябрь 2024' successfully

29-11-2024T11:17:18 - [TEST_STEP][PASSED] - click(findTestObject("Выручка в рублях/Октябрь 2024" + nameOfBlock)): Object: 'Object Repository/Выручка в рублях/Октябрь 2024' is clicked on

29-11-2024T11:17:19 - [MESSAGE][PASSED] - Object: 'Object Repository/Выручка в рублях/Октябрь 2024' is clicked on

29-11-2024T11:17:19 - [TEST_STEP][PASSED] - scrollToElement(findTestObject("Выручка в рублях/Заголовок дашборда" + nameOfBlock), 30): Scroll to object 'Object Repository/Выручка в рублях/Заголовок дашборда' successfully

29-11-2024T11:17:19 - [MESSAGE][PASSED] - Scroll to object 'Object Repository/Выручка в рублях/Заголовок дашборда' successfully

29-11-2024T11:17:19 - [TEST_STEP][PASSED] - click(findTestObject("Выручка в рублях/Применить в фильтре Дата" + nameOfBlock)): Object: 'Object Repository/Выручка в рублях/Применить в фильтре Дата' is clicked on

29-11-2024T11:17:20 - [MESSAGE][PASSED] - Object: 'Object Repository/Выручка в рублях/Применить в фильтре Дата' is clicked on

29-11-2024T11:17:20 - [TEST_STEP][PASSED] - delay(55): Delayed 55 second(s)

29-11-2024T11:18:15 - [MESSAGE][PASSED] - Delayed 55 second(s)

29-11-2024T11:18:15 - [TEST_STEP][PASSED] - click(findTestObject("Выручка в рублях/Фильтр ДЗО" + nameOfBlock)): Object: 'Object Repository/Выручка в рублях/Фильтр ДЗО' is clicked on

29-11-2024T11:18:15 - [MESSAGE][PASSED] - Object: 'Object Repository/Выручка в рублях/Фильтр ДЗО' is clicked on

29-11-2024T11:18:15 - [TEST_STEP][PASSED] - click(findTestObject("Выручка в рублях/Снять выделение в фильтре ДЗО" + nameOfBlock)): Object: 'Object Repository/Выручка в рублях/Снять выделение в фильтре ДЗО' is clicked on

29-11-2024T11:18:16 - [MESSAGE][PASSED] - Object: 'Object Repository/Выручка в рублях/Снять выделение в фильтре ДЗО' is clicked on

29-11-2024T11:18:16 - [TEST_STEP][PASSED] - click(findTestObject("Выручка в рублях/Применить в фильтре ДЗО" + nameOfBlock)): Object: 'Object Repository/Выручка в рублях/Применить в фильтре ДЗО' is clicked on

29-11-2024T11:18:16 - [MESSAGE][PASSED] - Object: 'Object Repository/Выручка в рублях/Применить в фильтре ДЗО' is clicked on

29-11-2024T11:18:16 - [TEST_STEP][PASSED] - delay(50): Delayed 50 second(s)

29-11-2024T11:19:06 - [MESSAGE][PASSED] - Delayed 50 second(s)

29-11-2024T11:19:06 - [TEST_STEP][PASSED] - Script1710234207206.Tumbler(run, vir, block, nameOfBlock): null

29-11-2024T11:19:06 - [TEST_STEP][PASSED] - println("run:" + run): null

29-11-2024T11:19:06 - [TEST_STEP][PASSED] - println("vir:" + vir): null

29-11-2024T11:19:06 - [TEST_STEP][PASSED] - println("block:" + block): null

29-11-2024T11:19:06 - [TEST_STEP][PASSED] - println("nameOfBlock:" + nameOfBlock): null

29-11-2024T11:19:06 - [TEST_STEP][PASSED] - if (vir == 1): null

29-11-2024T11:19:06 - [TEST_STEP][PASSED] - else if (vir == 2): Object: 'Object Repository/Выручка в рублях/Применить в фильтре Выручка' is clicked on

29-11-2024T11:19:06 - [TEST_STEP][PASSED] - if (run == 2): null

29-11-2024T11:19:06 - [TEST_STEP][PASSED] - click(findTestObject("Выручка в рублях/Фильтр Выручка" + nameOfBlock)): Object: 'Object Repository/Выручка в рублях/Фильтр Выручка' is clicked on

29-11-2024T11:19:06 - [MESSAGE][PASSED] - Object: 'Object Repository/Выручка в рублях/Фильтр Выручка' is clicked on

29-11-2024T11:19:06 - [TEST_STEP][PASSED] - click(findTestObject("Выручка в рублях/Итого в фильтре Выручка" + nameOfBlock)): Object: 'Object Repository/Выручка в рублях/Итого в фильтре Выручка' is clicked on

29-11-2024T11:19:07 - [MESSAGE][PASSED] - Object: 'Object Repository/Выручка в рублях/Итого в фильтре Выручка' is clicked on

29-11-2024T11:19:07 - [TEST_STEP][PASSED] - click(findTestObject("Выручка в рублях/Применить в фильтре Выручка" + nameOfBlock)): Object: 'Object Repository/Выручка в рублях/Применить в фильтре Выручка' is clicked on

29-11-2024T11:19:08 - [MESSAGE][PASSED] - Object: 'Object Repository/Выручка в рублях/Применить в фильтре Выручка' is clicked on

29-11-2024T11:19:08 - [TEST_STEP][PASSED] - click(findTestObject("Выручка в рублях/Фильтр ДЗО" + nameOfBlock)): Object: 'Object Repository/Выручка в рублях/Фильтр ДЗО' is clicked on

29-11-2024T11:19:10 - [MESSAGE][PASSED] - Object: 'Object Repository/Выручка в рублях/Фильтр ДЗО' is clicked on

29-11-2024T11:19:10 - [TEST_STEP][PASSED] - Script1710234207206.Rosseti(nameOfBlock): null

29-11-2024T11:19:10 - [TEST_STEP][PASSED] - println("nameOfBlock:" + nameOfBlock): null

29-11-2024T11:19:10 - [TEST_STEP][PASSED] - click(findTestObject("Выручка в рублях/ПАО Россети" + nameOfBlock)): Object: 'Object Repository/Выручка в рублях/ПАО Россети' is clicked on

29-11-2024T11:19:10 - [MESSAGE][PASSED] - Object: 'Object Repository/Выручка в рублях/ПАО Россети' is clicked on

29-11-2024T11:19:10 - [TEST_STEP][PASSED] - click(findTestObject("Выручка в рублях/Применить в фильтре ДЗО" + nameOfBlock)): Object: 'Object Repository/Выручка в рублях/Применить в фильтре ДЗО' is clicked on

29-11-2024T11:19:11 - [MESSAGE][PASSED] - Object: 'Object Repository/Выручка в рублях/Применить в фильтре ДЗО' is clicked on

29-11-2024T11:19:11 - [TEST_STEP][PASSED] - if (run == 2): null

29-11-2024T11:19:11 - [TEST_STEP][PASSED] - if (vir == 1 || vir == 2): Text of object 'Object Repository/Выручка в рублях/График План' is: '1 160 716'

29-11-2024T11:19:11 - [TEST_STEP][PASSED] - a1 = getText(findTestObject("Выручка в рублях/График План")): Text of object 'Object Repository/Выручка в рублях/График План' is: '1 160 716'

29-11-2024T11:19:13 - [MESSAGE][PASSED] - Text of object 'Object Repository/Выручка в рублях/График План' is: '1 160 716'

29-11-2024T11:19:13 - [TEST_STEP][PASSED] - if (vir == 1 || vir == 2): Text of object 'Object Repository/Выручка в рублях/График Факт' is: '1 155 293'

29-11-2024T11:19:13 - [TEST_STEP][PASSED] - a2 = getText(findTestObject("Выручка в рублях/График Факт")): Text of object 'Object Repository/Выручка в рублях/График Факт' is: '1 155 293'

29-11-2024T11:19:13 - [MESSAGE][PASSED] - Text of object 'Object Repository/Выручка в рублях/График Факт' is: '1 155 293'

29-11-2024T11:19:13 - [TEST_STEP][PASSED] - a30 = getText(findTestObject("Выручка в рублях/span1" + perc)): Text of object 'Object Repository/Выручка в рублях/span1' is: '-5 422.2 млн.руб.'

29-11-2024T11:19:13 - [MESSAGE][PASSED] - Text of object 'Object Repository/Выручка в рублях/span1' is: '-5 422.2 млн.руб.'

29-11-2024T11:19:13 - [TEST_STEP][PASSED] - i = a30.indexOf("млн.руб."): null

29-11-2024T11:19:13 - [TEST_STEP][PASSED] - if (i > -1): null

29-11-2024T11:19:13 - [TEST_STEP][PASSED] - a30 = a30.substring(0, i): null

29-11-2024T11:19:13 - [TEST_STEP][PASSED] - a30 = a30.replaceAll(" ", ""): null

29-11-2024T11:19:13 - [TEST_STEP][PASSED] - if (a30.contains("%")): null

29-11-2024T11:19:13 - [TEST_STEP][PASSED] - a30 = ").trim(): null

29-11-2024T11:19:13 - [TEST_STEP][PASSED] - println("a30: " + a30): null

29-11-2024T11:19:13 - [TEST_STEP][PASSED] - if (vir == 1 || vir == 2): Text of object 'Object Repository/Выручка в рублях/span2' is: '273'

29-11-2024T11:19:13 - [TEST_STEP][PASSED] - a31 = ").trim(): Text of object 'Object Repository/Выручка в рублях/span2' is: '273'

29-11-2024T11:19:13 - [MESSAGE][PASSED] - Text of object 'Object Repository/Выручка в рублях/span2' is: '273'

29-11-2024T11:19:13 - [TEST_STEP][PASSED] - if (vir == 1 || vir == 2): Text of object 'Object Repository/Выручка в рублях/span3' is: '-12'

29-11-2024T11:19:13 - [TEST_STEP][PASSED] - a32 = ").trim(): Text of object 'Object Repository/Выручка в рублях/span3' is: '-12'

29-11-2024T11:19:14 - [MESSAGE][PASSED] - Text of object 'Object Repository/Выручка в рублях/span3' is: '-12'

29-11-2024T11:19:14 - [TEST_STEP][PASSED] - if (vir == 1 || vir == 2): Text of object 'Object Repository/Выручка в рублях/span8' is: '263'

29-11-2024T11:19:14 - [TEST_STEP][PASSED] - a33 = ").trim(): Text of object 'Object Repository/Выручка в рублях/span4' is: '156'

29-11-2024T11:19:14 - [MESSAGE][PASSED] - Text of object 'Object Repository/Выручка в рублях/span4' is: '156'

29-11-2024T11:19:14 - [TEST_STEP][PASSED] - a34 = ").trim(): Text of object 'Object Repository/Выручка в рублях/span5' is: '3 953'

29-11-2024T11:19:14 - [MESSAGE][PASSED] - Text of object 'Object Repository/Выручка в рублях/span5' is: '3 953'

29-11-2024T11:19:14 - [TEST_STEP][PASSED] - a35 = ").trim(): Text of object 'Object Repository/Выручка в рублях/span6' is: '4 462'

29-11-2024T11:19:15 - [MESSAGE][PASSED] - Text of object 'Object Repository/Выручка в рублях/span6' is: '4 462'

29-11-2024T11:19:15 - [TEST_STEP][PASSED] - a36 = ").trim(): Text of object 'Object Repository/Выручка в рублях/span7' is: '7 500'

29-11-2024T11:19:15 - [MESSAGE][PASSED] - Text of object 'Object Repository/Выручка в рублях/span7' is: '7 500'

29-11-2024T11:19:15 - [TEST_STEP][PASSED] - a37 = ").trim(): Text of object 'Object Repository/Выручка в рублях/span8' is: '263'

29-11-2024T11:19:15 - [MESSAGE][PASSED] - Text of object 'Object Repository/Выручка в рублях/span8' is: '263'

29-11-2024T11:19:15 - [TEST_STEP][PASSED] - if (vir == 1 || vir == 2): Text of object 'Object Repository/Выручка в рублях/span17' is: '1 319'

29-11-2024T11:19:15 - [TEST_STEP][PASSED] - a38 = ").trim(): Text of object 'Object Repository/Выручка в рублях/span9' is: '878'

29-11-2024T11:19:16 - [MESSAGE][PASSED] - Text of object 'Object Repository/Выручка в рублях/span9' is: '878'

29-11-2024T11:19:16 - [TEST_STEP][PASSED] - a39 = ").trim(): Text of object 'Object Repository/Выручка в рублях/span10' is: '-4 128'

29-11-2024T11:19:16 - [MESSAGE][PASSED] - Text of object 'Object Repository/Выручка в рублях/span10' is: '-4 128'

29-11-2024T11:19:16 - [TEST_STEP][PASSED] - a310 = ").trim(): Text of object 'Object Repository/Выручка в рублях/span11' is: '238'

29-11-2024T11:19:16 - [MESSAGE][PASSED] - Text of object 'Object Repository/Выручка в рублях/span11' is: '238'

29-11-2024T11:19:16 - [TEST_STEP][PASSED] - a311 = ").trim(): Text of object 'Object Repository/Выручка в рублях/span12' is: '-5 106'

29-11-2024T11:19:16 - [MESSAGE][PASSED] - Text of object 'Object Repository/Выручка в рублях/span12' is: '-5 106'

29-11-2024T11:19:16 - [TEST_STEP][PASSED] - a312 = ").trim(): Text of object 'Object Repository/Выручка в рублях/span13' is: '1 955'

29-11-2024T11:19:17 - [MESSAGE][PASSED] - Text of object 'Object Repository/Выручка в рублях/span13' is: '1 955'

29-11-2024T11:19:17 - [TEST_STEP][PASSED] - a313 = ").trim(): Text of object 'Object Repository/Выручка в рублях/span14' is: '-24 344'

29-11-2024T11:19:17 - [MESSAGE][PASSED] - Text of object 'Object Repository/Выручка в рублях/span14' is: '-24 344'

29-11-2024T11:19:17 - [TEST_STEP][PASSED] - a314 = ").trim(): Text of object 'Object Repository/Выручка в рублях/span15' is: '2 435'

29-11-2024T11:19:17 - [MESSAGE][PASSED] - Text of object 'Object Repository/Выручка в рублях/span15' is: '2 435'

29-11-2024T11:19:17 - [TEST_STEP][PASSED] - a315 = ").trim(): Text of object 'Object Repository/Выручка в рублях/span16' is: '4 419'

29-11-2024T11:19:18 - [MESSAGE][PASSED] - Text of object 'Object Repository/Выручка в рублях/span16' is: '4 419'

29-11-2024T11:19:18 - [TEST_STEP][PASSED] - a316 = ").trim(): Text of object 'Object Repository/Выручка в рублях/span17' is: '1 319'

29-11-2024T11:19:18 - [MESSAGE][PASSED] - Text of object 'Object Repository/Выручка в рублях/span17' is: '1 319'

29-11-2024T11:19:18 - [TEST_STEP][PASSED] - if (vir == 1 || vir == 2): Text of object 'Object Repository/Выручка в рублях/span18' is: '318'

29-11-2024T11:19:18 - [TEST_STEP][PASSED] - a317 = ").trim(): Text of object 'Object Repository/Выручка в рублях/span18' is: '318'

29-11-2024T11:19:18 - [MESSAGE][PASSED] - Text of object 'Object Repository/Выручка в рублях/span18' is: '318'

29-11-2024T11:19:18 - [TEST_STEP][PASSED] - block = 2: null

29-11-2024T11:19:18 - [TEST_STEP][PASSED] - nameOfBlock = " Выручка": null

29-11-2024T11:19:18 - [TEST_STEP][PASSED] - Script1710234207206.PreSettings(run, vir, block, nameOfBlock, typeOfData, todaysDate): null

29-11-2024T11:19:18 - [TEST_STEP][PASSED] - openBrowser(""): Browser is opened with url: ''

29-11-2024T11:19:18 - [MESSAGE][WARNING] - A browser is already opened. Closing browser and opening a new one

29-11-2024T11:19:18 - [MESSAGE][INFO] - Starting 'Chrome' driver

29-11-2024T11:19:18 - [MESSAGE][INFO] - Action delay is set to 0 milliseconds

29-11-2024T11:19:19 - [MESSAGE][PASSED] - Browser is opened with url: ''

29-11-2024T11:19:19 - [TEST_STEP][PASSED] - refresh(): Refresh successfully

29-11-2024T11:19:19 - [MESSAGE][PASSED] - Refresh successfully

29-11-2024T11:19:19 - [TEST_STEP][PASSED] - delay(50): Delayed 50 second(s)

29-11-2024T11:20:09 - [MESSAGE][PASSED] - Delayed 50 second(s)

29-11-2024T11:20:09 - [TEST_STEP][PASSED] - println("run:" + run): null

29-11-2024T11:20:09 - [TEST_STEP][PASSED] - println("vir:" + vir): null

29-11-2024T11:20:09 - [TEST_STEP][PASSED] - println("block:" + block): null

29-11-2024T11:20:09 - [TEST_STEP][PASSED] - if (block == 1): null

29-11-2024T11:20:09 - [TEST_STEP][PASSED] - else: null

29-11-2024T11:20:09 - [TEST_STEP][PASSED] - nameOfBlock = " Выручка": null

29-11-2024T11:20:09 - [TEST_STEP][PASSED] - println("nameOfBlock:" + nameOfBlock): null

29-11-2024T11:20:09 - [TEST_STEP][PASSED] - println("typeOfData:" + typeOfData): null

29-11-2024T11:20:09 - [TEST_STEP][PASSED] - println("todaysDate:" + todaysDate): null

29-11-2024T11:20:09 - [TEST_STEP][PASSED] - Script1710234207206.Autorization(block, nameOfBlock): null

29-11-2024T11:20:09 - [TEST_STEP][PASSED] - i = <not implemented yet for class: org.codehaus.groovy.ast.expr.EmptyExpression>: null

29-11-2024T11:20:09 - [TEST_STEP][PASSED] - ii = <not implemented yet for class: org.codehaus.groovy.ast.expr.EmptyExpression>: null

29-11-2024T11:20:09 - [TEST_STEP][PASSED] - urlData = <not implemented yet for class: org.codehaus.groovy.ast.expr.EmptyExpression>: null

29-11-2024T11:20:09 - [TEST_STEP][PASSED] - searchWord = <not implemented yet for class: org.codehaus.groovy.ast.expr.EmptyExpression>: null

29-11-2024T11:20:09 - [TEST_STEP][PASSED] - urlText = <not implemented yet for class: org.codehaus.groovy.ast.expr.EmptyExpression>: null

29-11-2024T11:20:09 - [TEST_STEP][PASSED] - println("block:" + block): null

29-11-2024T11:20:09 - [TEST_STEP][PASSED] - if (block == 1): null

29-11-2024T11:20:09 - [TEST_STEP][PASSED] - else: null

29-11-2024T11:20:09 - [TEST_STEP][PASSED] - delay(45): Delayed 45 second(s)

29-11-2024T11:20:54 - [MESSAGE][PASSED] - Delayed 45 second(s)

29-11-2024T11:20:54 - [TEST_STEP][PASSED] - nameOfBlock = " Выручка": null

29-11-2024T11:20:54 - [TEST_STEP][PASSED] - println("nameOfBlock:" + nameOfBlock): null

29-11-2024T11:20:54 - [TEST_STEP][PASSED] - if (block == 1): null

29-11-2024T11:20:54 - [TEST_STEP][PASSED] - else: Delayed 45 second(s)

29-11-2024T11:20:54 - [TEST_STEP][PASSED] - urlData = 9: null

29-11-2024T11:20:54 - [TEST_STEP][PASSED] - delay(45): Delayed 45 second(s)

29-11-2024T11:21:39 - [MESSAGE][PASSED] - Delayed 45 second(s)

29-11-2024T11:21:39 - [TEST_STEP][PASSED] - navigateToUrl(findTestData("PlanFact").getValue(10, urlData)): Navigate to 'https://bi.rosseti.digital/viewer?dashboardGuid=a1fd28b3785d443cbc4d7690a1d78e31&sheetGuid=86092a20c5984827a0c87b24cac76a50&fit=true' successfully

29-11-2024T11:21:45 - [MESSAGE][PASSED] - Navigate to 'https://bi.rosseti.digital/viewer?dashboardGuid=a1fd28b3785d443cbc4d7690a1d78e31&sheetGuid=86092a20c5984827a0c87b24cac76a50&fit=true' successfully

29-11-2024T11:21:45 - [TEST_STEP][PASSED] - urlText = getText(findTestObject("Страница авторизации/Text")): Text of object 'Object Repository/Страница авторизации/Text' is: 'Вход'

29-11-2024T11:21:48 - [MESSAGE][PASSED] - Text of object 'Object Repository/Страница авторизации/Text' is: 'Вход'

29-11-2024T11:21:48 - [TEST_STEP][PASSED] - searchWord = "Вход": null

29-11-2024T11:21:48 - [TEST_STEP][PASSED] - if (urlText == null || urlText.contains("ошибка") || urlText.contains(searchWord) == false): null

29-11-2024T11:21:48 - [TEST_STEP][PASSED] - if (verifyElementPresent(findTestObject("Страница авторизации/button_"), 30) == true): null

29-11-2024T11:21:48 - [MESSAGE][PASSED] - Object 'Object Repository/Страница авторизации/button_' is present

29-11-2024T11:21:48 - [TEST_STEP][PASSED] - setText(findTestObject("Страница авторизации/input__username"), findTestData("PlanFact").getValue(8, 1)): Text 'liazgina-di' is set on object 'Object Repository/Страница авторизации/input__username'

29-11-2024T11:21:49 - [MESSAGE][PASSED] - Text 'liazgina-di' is set on object 'Object Repository/Страница авторизации/input__username'

29-11-2024T11:21:49 - [TEST_STEP][PASSED] - setText(findTestObject("Страница авторизации/input__password"), findTestData("PlanFact").getValue(9, 1)): Text ')$%5srZ8o688Dm#q' is set on object 'Object Repository/Страница авторизации/input__password'

29-11-2024T11:21:50 - [MESSAGE][PASSED] - Text ')$%5srZ8o688Dm#q' is set on object 'Object Repository/Страница авторизации/input__password'

29-11-2024T11:21:50 - [TEST_STEP][PASSED] - click(findTestObject("Страница авторизации/button_")): Object: 'Object Repository/Страница авторизации/button_' is clicked on

29-11-2024T11:21:53 - [MESSAGE][PASSED] - Object: 'Object Repository/Страница авторизации/button_' is clicked on

29-11-2024T11:21:53 - [TEST_STEP][PASSED] - delay(45): Delayed 45 second(s)

29-11-2024T11:22:38 - [MESSAGE][PASSED] - Delayed 45 second(s)

29-11-2024T11:22:38 - [TEST_STEP][FAILED] - urlText = getText(findTestObject("Страница авторизации/Text")): Unable to get text of object 'Object Repository/Страница авторизации/Text' (Root cause: com.kms.katalon.core.exception.StepFailedException: Unable to get text of object 'Object Repository/Страница авторизации/Text'
	at com.kms.katalon.core.webui.keyword.internal.WebUIKeywordMain.stepFailed(WebUIKeywordMain.groovy:64)
	at com.kms.katalon.core.webui.keyword.internal.WebUIKeywordMain.runKeyword(WebUIKeywordMain.groovy:26)
	at com.kms.katalon.core.webui.keyword.builtin.GetTextKeyword.getText(GetTextKeyword.groovy:88)
	at com.kms.katalon.core.webui.keyword.builtin.GetTextKeyword.execute(GetTextKeyword.groovy:67)
	at com.kms.katalon.core.keyword.internal.KeywordExecutor.executeKeywordForPlatform(KeywordExecutor.groovy:74)
	at com.kms.katalon.core.webui.keyword.WebUiBuiltInKeywords.getText(WebUiBuiltInKeywords.groovy:957)
	at Выручка в рублях сверка дашбордов ПАО Россети.Autorization(Выручка в рублях сверка дашбордов ПАО Россети:706)
	at Выручка в рублях сверка дашбордов ПАО Россети.PreSettings(Выручка в рублях сверка дашбордов ПАО Россети:573)
	at Выручка в рублях сверка дашбордов ПАО Россети.Blocks(Выручка в рублях сверка дашбордов ПАО Россети:247)
	at Выручка в рублях сверка дашбордов ПАО Россети.ViruchkaChange(Выручка в рублях сверка дашбордов ПАО Россети:60)
	at Выручка в рублях сверка дашбордов ПАО Россети.run(Выручка в рублях сверка дашбордов ПАО Россети:55)
	at com.kms.katalon.core.main.ScriptEngine.run(ScriptEngine.java:194)
	at com.kms.katalon.core.main.ScriptEngine.runScriptAsRawText(ScriptEngine.java:119)
	at com.kms.katalon.core.main.TestCaseExecutor.runScript(TestCaseExecutor.java:448)
	at com.kms.katalon.core.main.TestCaseExecutor.doExecute(TestCaseExecutor.java:439)
	at com.kms.katalon.core.main.TestCaseExecutor.processExecutionPhase(TestCaseExecutor.java:418)
	at com.kms.katalon.core.main.TestCaseExecutor.accessMainPhase(TestCaseExecutor.java:410)
	at com.kms.katalon.core.main.TestCaseExecutor.execute(TestCaseExecutor.java:285)
	at com.kms.katalon.core.common.CommonExecutor.accessTestCaseMainPhase(CommonExecutor.java:65)
	at com.kms.katalon.core.main.TestSuiteExecutor.accessTestSuiteMainPhase(TestSuiteExecutor.java:150)
	at com.kms.katalon.core.main.TestSuiteExecutor.execute(TestSuiteExecutor.java:106)
	at com.kms.katalon.core.main.TestCaseMain.startTestSuite(TestCaseMain.java:180)
	at TempTestSuite1732866793142.run(TempTestSuite1732866793142.groovy:35)
	at java.base/jdk.internal.reflect.NativeMethodAccessorImpl.invoke0(Native Method)
	at java.base/jdk.internal.reflect.NativeMethodAccessorImpl.invoke(NativeMethodAccessorImpl.java:77)
	at java.base/jdk.internal.reflect.DelegatingMethodAccessorImpl.invoke(DelegatingMethodAccessorImpl.java:43)
Caused by: com.kms.katalon.core.webui.exception.WebElementNotFoundException: Web element with id: 'Object Repository/Страница авторизации/Text' located by '//div' not found
	at com.kms.katalon.core.webui.common.WebUiCommonHelper.findWebElement(WebUiCommonHelper.java:1426)
	at com.kms.katalon.core.webui.keyword.internal.WebUIAbstractKeyword.findWebElement(WebUIAbstractKeyword.groovy:27)
	at com.kms.katalon.core.webui.keyword.internal.WebUIAbstractKeyword.findWebElement(WebUIAbstractKeyword.groovy:26)
	at com.kms.katalon.core.webui.keyword.builtin.GetTextKeyword$_getText_closure1.doCall(GetTextKeyword.groovy:78)
	at com.kms.katalon.core.webui.keyword.builtin.GetTextKeyword$_getText_closure1.call(GetTextKeyword.groovy)
	at com.kms.katalon.core.webui.keyword.internal.WebUIKeywordMain.runKeyword(WebUIKeywordMain.groovy:20)
	at com.kms.katalon.core.webui.keyword.builtin.GetTextKeyword.getText(GetTextKeyword.groovy:88)
	at com.kms.katalon.core.webui.keyword.builtin.GetTextKeyword.execute(GetTextKeyword.groovy:67)
	at com.kms.katalon.core.keyword.internal.KeywordExecutor.executeKeywordForPlatform(KeywordExecutor.groovy:74)
	at com.kms.katalon.core.webui.keyword.WebUiBuiltInKeywords.getText(WebUiBuiltInKeywords.groovy:957)
	at Script1710234207206.Autorization(Script1710234207206.groovy:706)
	at Script1710234207206.PreSettings(Script1710234207206.groovy:573)
	at Script1710234207206.Blocks(Script1710234207206.groovy:247)
	at Script1710234207206.ViruchkaChange(Script1710234207206.groovy:60)
	at Script1710234207206.run(Script1710234207206.groovy:55)
	... 15 more
)

29-11-2024T11:23:38 - [MESSAGE][INFO] - Unable to find the element located by 'By.xpath: //div'. Please recheck the objects properties to make sure the desired element is located. 

29-11-2024T11:23:38 - [MESSAGE][FAILED] - Unable to get text of object 'Object Repository/Страница авторизации/Text' (Root cause: com.kms.katalon.core.exception.StepFailedException: Unable to get text of object 'Object Repository/Страница авторизации/Text'
	at com.kms.katalon.core.webui.keyword.internal.WebUIKeywordMain.stepFailed(WebUIKeywordMain.groovy:64)
	at com.kms.katalon.core.webui.keyword.internal.WebUIKeywordMain.runKeyword(WebUIKeywordMain.groovy:26)
	at com.kms.katalon.core.webui.keyword.builtin.GetTextKeyword.getText(GetTextKeyword.groovy:88)
	at com.kms.katalon.core.webui.keyword.builtin.GetTextKeyword.execute(GetTextKeyword.groovy:67)
	at com.kms.katalon.core.keyword.internal.KeywordExecutor.executeKeywordForPlatform(KeywordExecutor.groovy:74)
	at com.kms.katalon.core.webui.keyword.WebUiBuiltInKeywords.getText(WebUiBuiltInKeywords.groovy:957)
	at Выручка в рублях сверка дашбордов ПАО Россети.Autorization(Выручка в рублях сверка дашбордов ПАО Россети:706)
	at Выручка в рублях сверка дашбордов ПАО Россети.PreSettings(Выручка в рублях сверка дашбордов ПАО Россети:573)
	at Выручка в рублях сверка дашбордов ПАО Россети.Blocks(Выручка в рублях сверка дашбордов ПАО Россети:247)
	at Выручка в рублях сверка дашбордов ПАО Россети.ViruchkaChange(Выручка в рублях сверка дашбордов ПАО Россети:60)
	at Выручка в рублях сверка дашбордов ПАО Россети.run(Выручка в рублях сверка дашбордов ПАО Россети:55)
	at com.kms.katalon.core.main.ScriptEngine.run(ScriptEngine.java:194)
	at com.kms.katalon.core.main.ScriptEngine.runScriptAsRawText(ScriptEngine.java:119)
	at com.kms.katalon.core.main.TestCaseExecutor.runScript(TestCaseExecutor.java:448)
	at com.kms.katalon.core.main.TestCaseExecutor.doExecute(TestCaseExecutor.java:439)
	at com.kms.katalon.core.main.TestCaseExecutor.processExecutionPhase(TestCaseExecutor.java:418)
	at com.kms.katalon.core.main.TestCaseExecutor.accessMainPhase(TestCaseExecutor.java:410)
	at com.kms.katalon.core.main.TestCaseExecutor.execute(TestCaseExecutor.java:285)
	at com.kms.katalon.core.common.CommonExecutor.accessTestCaseMainPhase(CommonExecutor.java:65)
	at com.kms.katalon.core.main.TestSuiteExecutor.accessTestSuiteMainPhase(TestSuiteExecutor.java:150)
	at com.kms.katalon.core.main.TestSuiteExecutor.execute(TestSuiteExecutor.java:106)
	at com.kms.katalon.core.main.TestCaseMain.startTestSuite(TestCaseMain.java:180)
	at TempTestSuite1732866793142.run(TempTestSuite1732866793142.groovy:35)
	at java.base/jdk.internal.reflect.NativeMethodAccessorImpl.invoke0(Native Method)
	at java.base/jdk.internal.reflect.NativeMethodAccessorImpl.invoke(NativeMethodAccessorImpl.java:77)
	at java.base/jdk.internal.reflect.DelegatingMethodAccessorImpl.invoke(DelegatingMethodAccessorImpl.java:43)
Caused by: com.kms.katalon.core.webui.exception.WebElementNotFoundException: Web element with id: 'Object Repository/Страница авторизации/Text' located by '//div' not found
	at com.kms.katalon.core.webui.common.WebUiCommonHelper.findWebElement(WebUiCommonHelper.java:1426)
	at com.kms.katalon.core.webui.keyword.internal.WebUIAbstractKeyword.findWebElement(WebUIAbstractKeyword.groovy:27)
	at com.kms.katalon.core.webui.keyword.internal.WebUIAbstractKeyword.findWebElement(WebUIAbstractKeyword.groovy:26)
	at com.kms.katalon.core.webui.keyword.builtin.GetTextKeyword$_getText_closure1.doCall(GetTextKeyword.groovy:78)
	at com.kms.katalon.core.webui.keyword.builtin.GetTextKeyword$_getText_closure1.call(GetTextKeyword.groovy)
	at com.kms.katalon.core.webui.keyword.internal.WebUIKeywordMain.runKeyword(WebUIKeywordMain.groovy:20)
	at com.kms.katalon.core.webui.keyword.builtin.GetTextKeyword.getText(GetTextKeyword.groovy:88)
	at com.kms.katalon.core.webui.keyword.builtin.GetTextKeyword.execute(GetTextKeyword.groovy:67)
	at com.kms.katalon.core.keyword.internal.KeywordExecutor.executeKeywordForPlatform(KeywordExecutor.groovy:74)
	at com.kms.katalon.core.webui.keyword.WebUiBuiltInKeywords.getText(WebUiBuiltInKeywords.groovy:957)
	at Script1710234207206.Autorization(Script1710234207206.groovy:706)
	at Script1710234207206.PreSettings(Script1710234207206.groovy:573)
	at Script1710234207206.Blocks(Script1710234207206.groovy:247)
	at Script1710234207206.ViruchkaChange(Script1710234207206.groovy:60)
	at Script1710234207206.run(Script1710234207206.groovy:55)
	... 15 more
)
[[ATTACHMENT|C:\\Users\\LIAZGINA-DI\\git\\SPORU\\Reports\\20241129_105313\\\u041F\u043D-\u0421\u0440-\u041F\u0442\\\u0421\u0432\u0435\u0440\u043A\u0430 \u0434\u0430\u0448\u0431\u043E\u0440\u0434\u043E\u0432 \u0438\u0437 \u0440\u0430\u0437\u043D\u044B\u0445 \u0431\u043B\u043E\u043A\u043E\u0432\\20241129_105313\\1732868618193.png]]

29-11-2024T11:23:38 - [TEST_STEP][PASSED] - searchWord = "а": null

29-11-2024T11:23:38 - [TEST_STEP][ERROR] - if (urlText.contains("ошибка") || urlText.contains(searchWord) == false): Test Cases/Сверки дашбордов/Выручка в рублях сверка дашбордов ПАО Россети FAILED.
Reason:
java.lang.NullPointerException: Cannot invoke method contains() on null object
	at Выручка в рублях сверка дашбордов ПАО Россети.Autorization(Выручка в рублях сверка дашбордов ПАО Россети:710)
	at Выручка в рублях сверка дашбордов ПАО Россети.PreSettings(Выручка в рублях сверка дашбордов ПАО Россети:573)
	at Выручка в рублях сверка дашбордов ПАО Россети.Blocks(Выручка в рублях сверка дашбордов ПАО Россети:247)
	at Выручка в рублях сверка дашбордов ПАО Россети.ViruchkaChange(Выручка в рублях сверка дашбордов ПАО Россети:60)
	at Выручка в рублях сверка дашбордов ПАО Россети.run(Выручка в рублях сверка дашбордов ПАО Россети:55)
	at com.kms.katalon.core.main.ScriptEngine.run(ScriptEngine.java:194)
	at com.kms.katalon.core.main.ScriptEngine.runScriptAsRawText(ScriptEngine.java:119)
	at com.kms.katalon.core.main.TestCaseExecutor.runScript(TestCaseExecutor.java:448)
	at com.kms.katalon.core.main.TestCaseExecutor.doExecute(TestCaseExecutor.java:439)
	at com.kms.katalon.core.main.TestCaseExecutor.processExecutionPhase(TestCaseExecutor.java:418)
	at com.kms.katalon.core.main.TestCaseExecutor.accessMainPhase(TestCaseExecutor.java:410)
	at com.kms.katalon.core.main.TestCaseExecutor.execute(TestCaseExecutor.java:285)
	at com.kms.katalon.core.common.CommonExecutor.accessTestCaseMainPhase(CommonExecutor.java:65)
	at com.kms.katalon.core.main.TestSuiteExecutor.accessTestSuiteMainPhase(TestSuiteExecutor.java:150)
	at com.kms.katalon.core.main.TestSuiteExecutor.execute(TestSuiteExecutor.java:106)
	at com.kms.katalon.core.main.TestCaseMain.startTestSuite(TestCaseMain.java:180)
	at TempTestSuite1732866793142.run(TempTestSuite1732866793142.groovy:35)
	at java.base/jdk.internal.reflect.NativeMethodAccessorImpl.invoke0(Native Method)
	at java.base/jdk.internal.reflect.NativeMethodAccessorImpl.invoke(NativeMethodAccessorImpl.java:77)
	at java.base/jdk.internal.reflect.DelegatingMethodAccessorImpl.invoke(DelegatingMethodAccessorImpl.java:43)


29-11-2024T11:23:38 - [MESSAGE][ERROR] - Test Cases/Сверки дашбордов/Выручка в рублях сверка дашбордов ПАО Россети FAILED.
Reason:
java.lang.NullPointerException: Cannot invoke method contains() on null object
	at Выручка в рублях сверка дашбордов ПАО Россети.Autorization(Выручка в рублях сверка дашбордов ПАО Россети:710)
	at Выручка в рублях сверка дашбордов ПАО Россети.PreSettings(Выручка в рублях сверка дашбордов ПАО Россети:573)
	at Выручка в рублях сверка дашбордов ПАО Россети.Blocks(Выручка в рублях сверка дашбордов ПАО Россети:247)
	at Выручка в рублях сверка дашбордов ПАО Россети.ViruchkaChange(Выручка в рублях сверка дашбордов ПАО Россети:60)
	at Выручка в рублях сверка дашбордов ПАО Россети.run(Выручка в рублях сверка дашбордов ПАО Россети:55)
	at com.kms.katalon.core.main.ScriptEngine.run(ScriptEngine.java:194)
	at com.kms.katalon.core.main.ScriptEngine.runScriptAsRawText(ScriptEngine.java:119)
	at com.kms.katalon.core.main.TestCaseExecutor.runScript(TestCaseExecutor.java:448)
	at com.kms.katalon.core.main.TestCaseExecutor.doExecute(TestCaseExecutor.java:439)
	at com.kms.katalon.core.main.TestCaseExecutor.processExecutionPhase(TestCaseExecutor.java:418)
	at com.kms.katalon.core.main.TestCaseExecutor.accessMainPhase(TestCaseExecutor.java:410)
	at com.kms.katalon.core.main.TestCaseExecutor.execute(TestCaseExecutor.java:285)
	at com.kms.katalon.core.common.CommonExecutor.accessTestCaseMainPhase(CommonExecutor.java:65)
	at com.kms.katalon.core.main.TestSuiteExecutor.accessTestSuiteMainPhase(TestSuiteExecutor.java:150)
	at com.kms.katalon.core.main.TestSuiteExecutor.execute(TestSuiteExecutor.java:106)
	at com.kms.katalon.core.main.TestCaseMain.startTestSuite(TestCaseMain.java:180)
	at TempTestSuite1732866793142.run(TempTestSuite1732866793142.groovy:35)
	at java.base/jdk.internal.reflect.NativeMethodAccessorImpl.invoke0(Native Method)
	at java.base/jdk.internal.reflect.NativeMethodAccessorImpl.invoke(NativeMethodAccessorImpl.java:77)
	at java.base/jdk.internal.reflect.DelegatingMethodAccessorImpl.invoke(DelegatingMethodAccessorImpl.java:43)]]></system-out>
         <system-err><![CDATA[29-11-2024T10:53:17 - [TEST_CASE][FAILED] - Test Cases/Сверки дашбордов/Выручка в рублях сверка дашбордов ПАО Россети: Test Cases/Сверки дашбордов/Выручка в рублях сверка дашбордов ПАО Россети FAILED.
Reason:
com.kms.katalon.core.exception.StepFailedException: Unable to navigate to 'https://bi.rosseti.digital/viewer?dashboardGuid=2301950b23be4ed89c1df75f2020051e&sheetGuid=b723206f698544fb87299f3095c00435&fit=true' (Root cause: com.kms.katalon.core.exception.StepFailedException: Unable to navigate to 'https://bi.rosseti.digital/viewer?dashboardGuid=2301950b23be4ed89c1df75f2020051e&sheetGuid=b723206f698544fb87299f3095c00435&fit=true'
	at com.kms.katalon.core.webui.keyword.internal.WebUIKeywordMain.stepFailed(WebUIKeywordMain.groovy:64)
	at com.kms.katalon.core.webui.keyword.internal.WebUIKeywordMain.runKeyword(WebUIKeywordMain.groovy:26)
	at com.kms.katalon.core.webui.keyword.builtin.NavigateToUrlKeyword.navigateToUrl(NavigateToUrlKeyword.groovy:83)
	at com.kms.katalon.core.webui.keyword.builtin.NavigateToUrlKeyword.execute(NavigateToUrlKeyword.groovy:67)
	at com.kms.katalon.core.keyword.internal.KeywordExecutor.executeKeywordForPlatform(KeywordExecutor.groovy:74)
	at com.kms.katalon.core.webui.keyword.WebUiBuiltInKeywords.navigateToUrl(WebUiBuiltInKeywords.groovy:187)
	at Выручка в рублях сверка дашбордов ПАО Россети.Autorization(Выручка в рублях сверка дашбордов ПАО Россети:674)
	at Выручка в рублях сверка дашбордов ПАО Россети.PreSettings(Выручка в рублях сверка дашбордов ПАО Россети:573)
	at Выручка в рублях сверка дашбордов ПАО Россети.Blocks(Выручка в рублях сверка дашбордов ПАО Россети:153)
	at Выручка в рублях сверка дашбордов ПАО Россети.ViruchkaChange(Выручка в рублях сверка дашбордов ПАО Россети:60)
	at Выручка в рублях сверка дашбордов ПАО Россети.run(Выручка в рублях сверка дашбордов ПАО Россети:55)
	at com.kms.katalon.core.main.ScriptEngine.run(ScriptEngine.java:194)
	at com.kms.katalon.core.main.ScriptEngine.runScriptAsRawText(ScriptEngine.java:119)
	at com.kms.katalon.core.main.TestCaseExecutor.runScript(TestCaseExecutor.java:448)
	at com.kms.katalon.core.main.TestCaseExecutor.doExecute(TestCaseExecutor.java:439)
	at com.kms.katalon.core.main.TestCaseExecutor.processExecutionPhase(TestCaseExecutor.java:418)
	at com.kms.katalon.core.main.TestCaseExecutor.accessMainPhase(TestCaseExecutor.java:410)
	at com.kms.katalon.core.main.TestCaseExecutor.execute(TestCaseExecutor.java:285)
	at com.kms.katalon.core.common.CommonExecutor.accessTestCaseMainPhase(CommonExecutor.java:65)
	at com.kms.katalon.core.main.TestSuiteExecutor.accessTestSuiteMainPhase(TestSuiteExecutor.java:150)
	at com.kms.katalon.core.main.TestSuiteExecutor.execute(TestSuiteExecutor.java:106)
	at com.kms.katalon.core.main.TestCaseMain.startTestSuite(TestCaseMain.java:180)
	at TempTestSuite1732866793142.run(TempTestSuite1732866793142.groovy:35)
	at java.base/jdk.internal.reflect.NativeMethodAccessorImpl.invoke0(Native Method)
	at java.base/jdk.internal.reflect.NativeMethodAccessorImpl.invoke(NativeMethodAccessorImpl.java:77)
	at java.base/jdk.internal.reflect.DelegatingMethodAccessorImpl.invoke(DelegatingMethodAccessorImpl.java:43)
Caused by: org.openqa.selenium.TimeoutException: timeout: Timed out receiving message from renderer: 299.172
  (Session info: chrome=131.0.6778.86)
Build info: version: '3.141.59', revision: 'unknown', time: 'unknown'
System info: host: 'UVV-WS904-D', ip: '192.168.0.19', os.name: 'Windows 10', os.arch: 'amd64', os.version: '10.0', java.version: '17.0.7'
Driver info: com.kms.katalon.selenium.driver.CChromeDriver
Capabilities {acceptInsecureCerts: false, browserName: chrome, browserVersion: 131.0.6778.86, chrome: {chromedriverVersion: 131.0.6778.69 (77e2244bbcda..., userDataDir: C:\Users\LIAZGI~1\AppData\L...}, fedcm:accounts: true, goog:chromeOptions: {debuggerAddress: localhost:63519}, javascriptEnabled: true, networkConnectionEnabled: false, pageLoadStrategy: normal, platform: WINDOWS, platformName: WINDOWS, proxy: Proxy(), setWindowRect: true, strictFileInteractability: false, timeouts: {implicit: 0, pageLoad: 300000, script: 30000}, unhandledPromptBehavior: dismiss and notify, webauthn:extension:credBlob: true, webauthn:extension:largeBlob: true, webauthn:extension:minPinLength: true, webauthn:extension:prf: true, webauthn:virtualAuthenticators: true}
Session ID: 6428f965c29e06897a1ccfc9aeb264aa
	at java.base/jdk.internal.reflect.NativeConstructorAccessorImpl.newInstance0(Native Method)
	at java.base/jdk.internal.reflect.NativeConstructorAccessorImpl.newInstance(NativeConstructorAccessorImpl.java:77)
	at java.base/jdk.internal.reflect.DelegatingConstructorAccessorImpl.newInstance(DelegatingConstructorAccessorImpl.java:45)
	at org.openqa.selenium.remote.http.W3CHttpResponseCodec.createException(W3CHttpResponseCodec.java:187)
	at org.openqa.selenium.remote.http.W3CHttpResponseCodec.decode(W3CHttpResponseCodec.java:122)
	at org.openqa.selenium.remote.http.W3CHttpResponseCodec.decode(W3CHttpResponseCodec.java:49)
	at org.openqa.selenium.remote.HttpCommandExecutor.execute(HttpCommandExecutor.java:158)
	at org.openqa.selenium.remote.service.DriverCommandExecutor.execute(DriverCommandExecutor.java:83)
	at org.openqa.selenium.remote.RemoteWebDriver.execute(RemoteWebDriver.java:552)
	at com.kms.katalon.selenium.driver.CChromeDriver.execute(CChromeDriver.java:19)
	at org.openqa.selenium.remote.RemoteWebDriver.get(RemoteWebDriver.java:277)
	at org.openqa.selenium.remote.RemoteWebDriver$RemoteNavigation.to(RemoteWebDriver.java:857)
	at org.openqa.selenium.support.events.EventFiringWebDriver$EventFiringNavigation.to(EventFiringWebDriver.java:569)
	at com.kms.katalon.core.webui.keyword.builtin.NavigateToUrlKeyword$_navigateToUrl_closure1.doCall(NavigateToUrlKeyword.groovy:81)
	at com.kms.katalon.core.webui.keyword.builtin.NavigateToUrlKeyword$_navigateToUrl_closure1.call(NavigateToUrlKeyword.groovy)
	at com.kms.katalon.core.webui.keyword.internal.WebUIKeywordMain.runKeyword(WebUIKeywordMain.groovy:20)
	at com.kms.katalon.core.webui.keyword.builtin.NavigateToUrlKeyword.navigateToUrl(NavigateToUrlKeyword.groovy:83)
	at com.kms.katalon.core.webui.keyword.builtin.NavigateToUrlKeyword.execute(NavigateToUrlKeyword.groovy:67)
	at com.kms.katalon.core.keyword.internal.KeywordExecutor.executeKeywordForPlatform(KeywordExecutor.groovy:74)
	at com.kms.katalon.core.webui.keyword.WebUiBuiltInKeywords.navigateToUrl(WebUiBuiltInKeywords.groovy:187)
	at Script1710234207206.Autorization(Script1710234207206.groovy:674)
	at Script1710234207206.PreSettings(Script1710234207206.groovy:573)
	at Script1710234207206.Blocks(Script1710234207206.groovy:153)
	at Script1710234207206.ViruchkaChange(Script1710234207206.groovy:60)
	at Script1710234207206.run(Script1710234207206.groovy:55)
	... 15 more
)
	at com.kms.katalon.core.keyword.internal.KeywordMain.stepFailed(KeywordMain.groovy:39)
	at com.kms.katalon.core.webui.keyword.internal.WebUIKeywordMain.stepFailed(WebUIKeywordMain.groovy:64)
	at com.kms.katalon.core.webui.keyword.internal.WebUIKeywordMain.runKeyword(WebUIKeywordMain.groovy:26)
	at com.kms.katalon.core.webui.keyword.builtin.NavigateToUrlKeyword.navigateToUrl(NavigateToUrlKeyword.groovy:83)
	at com.kms.katalon.core.webui.keyword.builtin.NavigateToUrlKeyword.execute(NavigateToUrlKeyword.groovy:67)
	at com.kms.katalon.core.keyword.internal.KeywordExecutor.executeKeywordForPlatform(KeywordExecutor.groovy:74)
	at com.kms.katalon.core.webui.keyword.WebUiBuiltInKeywords.navigateToUrl(WebUiBuiltInKeywords.groovy:187)
	at Выручка в рублях сверка дашбордов ПАО Россети.Autorization(Выручка в рублях сверка дашбордов ПАО Россети:674)
	at Выручка в рублях сверка дашбордов ПАО Россети.PreSettings(Выручка в рублях сверка дашбордов ПАО Россети:573)
	at Выручка в рублях сверка дашбордов ПАО Россети.Blocks(Выручка в рублях сверка дашбордов ПАО Россети:153)
	at Выручка в рублях сверка дашбордов ПАО Россети.ViruchkaChange(Выручка в рублях сверка дашбордов ПАО Россети:60)
	at Выручка в рублях сверка дашбордов ПАО Россети.run(Выручка в рублях сверка дашбордов ПАО Россети:55)
	at com.kms.katalon.core.main.ScriptEngine.run(ScriptEngine.java:194)
	at com.kms.katalon.core.main.ScriptEngine.runScriptAsRawText(ScriptEngine.java:119)
	at com.kms.katalon.core.main.TestCaseExecutor.runScript(TestCaseExecutor.java:448)
	at com.kms.katalon.core.main.TestCaseExecutor.doExecute(TestCaseExecutor.java:439)
	at com.kms.katalon.core.main.TestCaseExecutor.processExecutionPhase(TestCaseExecutor.java:418)
	at com.kms.katalon.core.main.TestCaseExecutor.accessMainPhase(TestCaseExecutor.java:410)
	at com.kms.katalon.core.main.TestCaseExecutor.execute(TestCaseExecutor.java:285)
	at com.kms.katalon.core.common.CommonExecutor.accessTestCaseMainPhase(CommonExecutor.java:65)
	at com.kms.katalon.core.main.TestSuiteExecutor.accessTestSuiteMainPhase(TestSuiteExecutor.java:150)
	at com.kms.katalon.core.main.TestSuiteExecutor.execute(TestSuiteExecutor.java:106)
	at com.kms.katalon.core.main.TestCaseMain.startTestSuite(TestCaseMain.java:180)
	at TempTestSuite1732866793142.run(TempTestSuite1732866793142.groovy:35)
	at java.base/jdk.internal.reflect.NativeMethodAccessorImpl.invoke0(Native Method)
	at java.base/jdk.internal.reflect.NativeMethodAccessorImpl.invoke(NativeMethodAccessorImpl.java:77)
	at java.base/jdk.internal.reflect.DelegatingMethodAccessorImpl.invoke(DelegatingMethodAccessorImpl.java:43)
Caused by: com.kms.katalon.core.exception.StepFailedException: Unable to navigate to 'https://bi.rosseti.digital/viewer?dashboardGuid=2301950b23be4ed89c1df75f2020051e&sheetGuid=b723206f698544fb87299f3095c00435&fit=true'
	... 26 more
Caused by: org.openqa.selenium.TimeoutException: timeout: Timed out receiving message from renderer: 299.172
  (Session info: chrome=131.0.6778.86)
Build info: version: '3.141.59', revision: 'unknown', time: 'unknown'
System info: host: 'UVV-WS904-D', ip: '192.168.0.19', os.name: 'Windows 10', os.arch: 'amd64', os.version: '10.0', java.version: '17.0.7'
Driver info: com.kms.katalon.selenium.driver.CChromeDriver
Capabilities {acceptInsecureCerts: false, browserName: chrome, browserVersion: 131.0.6778.86, chrome: {chromedriverVersion: 131.0.6778.69 (77e2244bbcda..., userDataDir: C:\Users\LIAZGI~1\AppData\L...}, fedcm:accounts: true, goog:chromeOptions: {debuggerAddress: localhost:63519}, javascriptEnabled: true, networkConnectionEnabled: false, pageLoadStrategy: normal, platform: WINDOWS, platformName: WINDOWS, proxy: Proxy(), setWindowRect: true, strictFileInteractability: false, timeouts: {implicit: 0, pageLoad: 300000, script: 30000}, unhandledPromptBehavior: dismiss and notify, webauthn:extension:credBlob: true, webauthn:extension:largeBlob: true, webauthn:extension:minPinLength: true, webauthn:extension:prf: true, webauthn:virtualAuthenticators: true}
Session ID: 6428f965c29e06897a1ccfc9aeb264aa
	at java.base/jdk.internal.reflect.NativeConstructorAccessorImpl.newInstance0(Native Method)
	at java.base/jdk.internal.reflect.NativeConstructorAccessorImpl.newInstance(NativeConstructorAccessorImpl.java:77)
	at java.base/jdk.internal.reflect.DelegatingConstructorAccessorImpl.newInstance(DelegatingConstructorAccessorImpl.java:45)
	at org.openqa.selenium.remote.http.W3CHttpResponseCodec.createException(W3CHttpResponseCodec.java:187)
	at org.openqa.selenium.remote.http.W3CHttpResponseCodec.decode(W3CHttpResponseCodec.java:122)
	at org.openqa.selenium.remote.http.W3CHttpResponseCodec.decode(W3CHttpResponseCodec.java:49)
	at org.openqa.selenium.remote.HttpCommandExecutor.execute(HttpCommandExecutor.java:158)
	at org.openqa.selenium.remote.service.DriverCommandExecutor.execute(DriverCommandExecutor.java:83)
	at org.openqa.selenium.remote.RemoteWebDriver.execute(RemoteWebDriver.java:552)
	at com.kms.katalon.selenium.driver.CChromeDriver.execute(CChromeDriver.java:19)
	at org.openqa.selenium.remote.RemoteWebDriver.get(RemoteWebDriver.java:277)
	at org.openqa.selenium.remote.RemoteWebDriver$RemoteNavigation.to(RemoteWebDriver.java:857)
	at org.openqa.selenium.support.events.EventFiringWebDriver$EventFiringNavigation.to(EventFiringWebDriver.java:569)
	at com.kms.katalon.core.webui.keyword.builtin.NavigateToUrlKeyword$_navigateToUrl_closure1.doCall(NavigateToUrlKeyword.groovy:81)
	at com.kms.katalon.core.webui.keyword.builtin.NavigateToUrlKeyword$_navigateToUrl_closure1.call(NavigateToUrlKeyword.groovy)
	at com.kms.katalon.core.webui.keyword.internal.WebUIKeywordMain.runKeyword(WebUIKeywordMain.groovy:20)
	... 24 more]]></system-err>
      </testcase>
      <testcase name="Test Cases/Сверки дашбордов/Прогноз по отраслям сверка дашбордов" time="1262.968" classname="Test Cases/Сверки дашбордов/Прогноз по отраслям сверка дашбордов" status="FAILED">
         <failure type="FAILED" message="Test Cases/Сверки дашбордов/Прогноз по отраслям сверка дашбордов FAILED.&#xa;Reason:&#xa;com.kms.katalon.core.exception.StepFailedException: Unable to verify equal between actual object '202320234922492271651716516893689333271733271798649864593859387640764067046704592459243088308894099409196041196041202379497949121950121950972797276180396180394222342223121812186662666287328732580965809613426134264463244632183755183755202310101901903636141499141444171780801919828258858810101971973737484810101515441818808019198282608608202355319319818116161616202022565621521567672182182392396633133182827777202020203357572202206868214214258258' and expected object '202320232263522635110546110546128021280219475194759099093845038450416214162165176517472774727725652565723972394292342923202379497949121950121950972797276180396180394222342223121812186662666287328732580965809613426134264463244632183755183755202310101901903636141499141444171780801919828258858810101971973737484810101515441818808019198282608608202355319319818116161616202022565621521567672182182392396633133182827777202020203357572202206868214214258258' (Root cause: com.kms.katalon.core.exception.StepFailedException: Actual object '202320234922492271651716516893689333271733271798649864593859387640764067046704592459243088308894099409196041196041202379497949121950121950972797276180396180394222342223121812186662666287328732580965809613426134264463244632183755183755202310101901903636141499141444171780801919828258858810101971973737484810101515441818808019198282608608202355319319818116161616202022565621521567672182182392396633133182827777202020203357572202206868214214258258' and expected object '202320232263522635110546110546128021280219475194759099093845038450416214162165176517472774727725652565723972394292342923202379497949121950121950972797276180396180394222342223121812186662666287328732580965809613426134264463244632183755183755202310101901903636141499141444171780801919828258858810101971973737484810101515441818808019198282608608202355319319818116161616202022565621521567672182182392396633133182827777202020203357572202206868214214258258' are not equal&#xa;	at com.kms.katalon.core.keyword.builtin.VerifyEqualKeyword$_verifyEqual_closure1.doCall(VerifyEqualKeyword.groovy:58)&#xa;	at com.kms.katalon.core.keyword.builtin.VerifyEqualKeyword$_verifyEqual_closure1.call(VerifyEqualKeyword.groovy)&#xa;	at com.kms.katalon.core.keyword.internal.KeywordMain.runKeyword(KeywordMain.groovy:75)&#xa;	at com.kms.katalon.core.keyword.builtin.VerifyEqualKeyword.verifyEqual(VerifyEqualKeyword.groovy:63)&#xa;	at com.kms.katalon.core.keyword.builtin.VerifyEqualKeyword.execute(VerifyEqualKeyword.groovy:44)&#xa;	at com.kms.katalon.core.keyword.internal.KeywordExecutor.executeKeywordForPlatform(KeywordExecutor.groovy:74)&#xa;	at com.kms.katalon.core.keyword.BuiltinKeywords.verifyEqual(BuiltinKeywords.groovy:146)&#xa;	at jdk.internal.reflect.GeneratedMethodAccessor22.invoke(Unknown Source)&#xa;	at java.base/jdk.internal.reflect.DelegatingMethodAccessorImpl.invoke(DelegatingMethodAccessorImpl.java:43)&#xa;	at Прогноз по отраслям сверка дашбордов.run(Прогноз по отраслям сверка дашбордов:474)&#xa;	at com.kms.katalon.core.main.ScriptEngine.run(ScriptEngine.java:194)&#xa;	at com.kms.katalon.core.main.ScriptEngine.runScriptAsRawText(ScriptEngine.java:119)&#xa;	at com.kms.katalon.core.main.TestCaseExecutor.runScript(TestCaseExecutor.java:448)&#xa;	at com.kms.katalon.core.main.TestCaseExecutor.doExecute(TestCaseExecutor.java:439)&#xa;	at com.kms.katalon.core.main.TestCaseExecutor.processExecutionPhase(TestCaseExecutor.java:418)&#xa;	at com.kms.katalon.core.main.TestCaseExecutor.accessMainPhase(TestCaseExecutor.java:410)&#xa;	at com.kms.katalon.core.main.TestCaseExecutor.execute(TestCaseExecutor.java:285)&#xa;	at com.kms.katalon.core.common.CommonExecutor.accessTestCaseMainPhase(CommonExecutor.java:65)&#xa;	at com.kms.katalon.core.main.TestSuiteExecutor.accessTestSuiteMainPhase(TestSuiteExecutor.java:150)&#xa;	at com.kms.katalon.core.main.TestSuiteExecutor.execute(TestSuiteExecutor.java:106)&#xa;	at com.kms.katalon.core.main.TestCaseMain.startTestSuite(TestCaseMain.java:180)&#xa;	at TempTestSuite1732866793142.run(TempTestSuite1732866793142.groovy:35)&#xa;	at java.base/jdk.internal.reflect.NativeMethodAccessorImpl.invoke0(Native Method)&#xa;	at java.base/jdk.internal.reflect.NativeMethodAccessorImpl.invoke(NativeMethodAccessorImpl.java:77)&#xa;	at java.base/jdk.internal.reflect.DelegatingMethodAccessorImpl.invoke(DelegatingMethodAccessorImpl.java:43)&#xa;)&#xa;	at com.kms.katalon.core.keyword.internal.KeywordMain.stepFailed(KeywordMain.groovy:39)&#xa;	at com.kms.katalon.core.keyword.internal.KeywordMain.stepFailed(KeywordMain.groovy)&#xa;	at com.kms.katalon.core.keyword.internal.KeywordMain.runKeyword(KeywordMain.groovy:77)&#xa;	at com.kms.katalon.core.keyword.builtin.VerifyEqualKeyword.verifyEqual(VerifyEqualKeyword.groovy:63)&#xa;	at com.kms.katalon.core.keyword.builtin.VerifyEqualKeyword.execute(VerifyEqualKeyword.groovy:44)&#xa;	at com.kms.katalon.core.keyword.internal.KeywordExecutor.executeKeywordForPlatform(KeywordExecutor.groovy:74)&#xa;	at com.kms.katalon.core.keyword.BuiltinKeywords.verifyEqual(BuiltinKeywords.groovy:146)&#xa;	at jdk.internal.reflect.GeneratedMethodAccessor22.invoke(Unknown Source)&#xa;	at java.base/jdk.internal.reflect.DelegatingMethodAccessorImpl.invoke(DelegatingMethodAccessorImpl.java:43)&#xa;	at Прогноз по отраслям сверка дашбордов.run(Прогноз по отраслям сверка дашбордов:474)&#xa;	at com.kms.katalon.core.main.ScriptEngine.run(ScriptEngine.java:194)&#xa;	at com.kms.katalon.core.main.ScriptEngine.runScriptAsRawText(ScriptEngine.java:119)&#xa;	at com.kms.katalon.core.main.TestCaseExecutor.runScript(TestCaseExecutor.java:448)&#xa;	at com.kms.katalon.core.main.TestCaseExecutor.doExecute(TestCaseExecutor.java:439)&#xa;	at com.kms.katalon.core.main.TestCaseExecutor.processExecutionPhase(TestCaseExecutor.java:418)&#xa;	at com.kms.katalon.core.main.TestCaseExecutor.accessMainPhase(TestCaseExecutor.java:410)&#xa;	at com.kms.katalon.core.main.TestCaseExecutor.execute(TestCaseExecutor.java:285)&#xa;	at com.kms.katalon.core.common.CommonExecutor.accessTestCaseMainPhase(CommonExecutor.java:65)&#xa;	at com.kms.katalon.core.main.TestSuiteExecutor.accessTestSuiteMainPhase(TestSuiteExecutor.java:150)&#xa;	at com.kms.katalon.core.main.TestSuiteExecutor.execute(TestSuiteExecutor.java:106)&#xa;	at com.kms.katalon.core.main.TestCaseMain.startTestSuite(TestCaseMain.java:180)&#xa;	at TempTestSuite1732866793142.run(TempTestSuite1732866793142.groovy:35)&#xa;	at java.base/jdk.internal.reflect.NativeMethodAccessorImpl.invoke0(Native Method)&#xa;	at java.base/jdk.internal.reflect.NativeMethodAccessorImpl.invoke(NativeMethodAccessorImpl.java:77)&#xa;	at java.base/jdk.internal.reflect.DelegatingMethodAccessorImpl.invoke(DelegatingMethodAccessorImpl.java:43)&#xa;Caused by: com.kms.katalon.core.exception.StepFailedException: Actual object '202320234922492271651716516893689333271733271798649864593859387640764067046704592459243088308894099409196041196041202379497949121950121950972797276180396180394222342223121812186662666287328732580965809613426134264463244632183755183755202310101901903636141499141444171780801919828258858810101971973737484810101515441818808019198282608608202355319319818116161616202022565621521567672182182392396633133182827777202020203357572202206868214214258258' and expected object '202320232263522635110546110546128021280219475194759099093845038450416214162165176517472774727725652565723972394292342923202379497949121950121950972797276180396180394222342223121812186662666287328732580965809613426134264463244632183755183755202310101901903636141499141444171780801919828258858810101971973737484810101515441818808019198282608608202355319319818116161616202022565621521567672182182392396633133182827777202020203357572202206868214214258258' are not equal&#xa;	at com.kms.katalon.core.keyword.builtin.VerifyEqualKeyword$_verifyEqual_closure1.doCall(VerifyEqualKeyword.groovy:58)&#xa;	at com.kms.katalon.core.keyword.builtin.VerifyEqualKeyword$_verifyEqual_closure1.call(VerifyEqualKeyword.groovy)&#xa;	at com.kms.katalon.core.keyword.internal.KeywordMain.runKeyword(KeywordMain.groovy:75)&#xa;	... 22 more&#xa;"/>
         <system-out><![CDATA[29-11-2024T11:23:38 - [TEST_CASE][FAILED] - Test Cases/Сверки дашбордов/Прогноз по отраслям сверка дашбордов: Test Cases/Сверки дашбордов/Прогноз по отраслям сверка дашбордов FAILED.
Reason:
com.kms.katalon.core.exception.StepFailedException: Unable to verify equal between actual object '202320234922492271651716516893689333271733271798649864593859387640764067046704592459243088308894099409196041196041202379497949121950121950972797276180396180394222342223121812186662666287328732580965809613426134264463244632183755183755202310101901903636141499141444171780801919828258858810101971973737484810101515441818808019198282608608202355319319818116161616202022565621521567672182182392396633133182827777202020203357572202206868214214258258' and expected object '202320232263522635110546110546128021280219475194759099093845038450416214162165176517472774727725652565723972394292342923202379497949121950121950972797276180396180394222342223121812186662666287328732580965809613426134264463244632183755183755202310101901903636141499141444171780801919828258858810101971973737484810101515441818808019198282608608202355319319818116161616202022565621521567672182182392396633133182827777202020203357572202206868214214258258' (Root cause: com.kms.katalon.core.exception.StepFailedException: Actual object '202320234922492271651716516893689333271733271798649864593859387640764067046704592459243088308894099409196041196041202379497949121950121950972797276180396180394222342223121812186662666287328732580965809613426134264463244632183755183755202310101901903636141499141444171780801919828258858810101971973737484810101515441818808019198282608608202355319319818116161616202022565621521567672182182392396633133182827777202020203357572202206868214214258258' and expected object '202320232263522635110546110546128021280219475194759099093845038450416214162165176517472774727725652565723972394292342923202379497949121950121950972797276180396180394222342223121812186662666287328732580965809613426134264463244632183755183755202310101901903636141499141444171780801919828258858810101971973737484810101515441818808019198282608608202355319319818116161616202022565621521567672182182392396633133182827777202020203357572202206868214214258258' are not equal
	at com.kms.katalon.core.keyword.builtin.VerifyEqualKeyword$_verifyEqual_closure1.doCall(VerifyEqualKeyword.groovy:58)
	at com.kms.katalon.core.keyword.builtin.VerifyEqualKeyword$_verifyEqual_closure1.call(VerifyEqualKeyword.groovy)
	at com.kms.katalon.core.keyword.internal.KeywordMain.runKeyword(KeywordMain.groovy:75)
	at com.kms.katalon.core.keyword.builtin.VerifyEqualKeyword.verifyEqual(VerifyEqualKeyword.groovy:63)
	at com.kms.katalon.core.keyword.builtin.VerifyEqualKeyword.execute(VerifyEqualKeyword.groovy:44)
	at com.kms.katalon.core.keyword.internal.KeywordExecutor.executeKeywordForPlatform(KeywordExecutor.groovy:74)
	at com.kms.katalon.core.keyword.BuiltinKeywords.verifyEqual(BuiltinKeywords.groovy:146)
	at jdk.internal.reflect.GeneratedMethodAccessor22.invoke(Unknown Source)
	at java.base/jdk.internal.reflect.DelegatingMethodAccessorImpl.invoke(DelegatingMethodAccessorImpl.java:43)
	at Прогноз по отраслям сверка дашбордов.run(Прогноз по отраслям сверка дашбордов:474)
	at com.kms.katalon.core.main.ScriptEngine.run(ScriptEngine.java:194)
	at com.kms.katalon.core.main.ScriptEngine.runScriptAsRawText(ScriptEngine.java:119)
	at com.kms.katalon.core.main.TestCaseExecutor.runScript(TestCaseExecutor.java:448)
	at com.kms.katalon.core.main.TestCaseExecutor.doExecute(TestCaseExecutor.java:439)
	at com.kms.katalon.core.main.TestCaseExecutor.processExecutionPhase(TestCaseExecutor.java:418)
	at com.kms.katalon.core.main.TestCaseExecutor.accessMainPhase(TestCaseExecutor.java:410)
	at com.kms.katalon.core.main.TestCaseExecutor.execute(TestCaseExecutor.java:285)
	at com.kms.katalon.core.common.CommonExecutor.accessTestCaseMainPhase(CommonExecutor.java:65)
	at com.kms.katalon.core.main.TestSuiteExecutor.accessTestSuiteMainPhase(TestSuiteExecutor.java:150)
	at com.kms.katalon.core.main.TestSuiteExecutor.execute(TestSuiteExecutor.java:106)
	at com.kms.katalon.core.main.TestCaseMain.startTestSuite(TestCaseMain.java:180)
	at TempTestSuite1732866793142.run(TempTestSuite1732866793142.groovy:35)
	at java.base/jdk.internal.reflect.NativeMethodAccessorImpl.invoke0(Native Method)
	at java.base/jdk.internal.reflect.NativeMethodAccessorImpl.invoke(NativeMethodAccessorImpl.java:77)
	at java.base/jdk.internal.reflect.DelegatingMethodAccessorImpl.invoke(DelegatingMethodAccessorImpl.java:43)
)
	at com.kms.katalon.core.keyword.internal.KeywordMain.stepFailed(KeywordMain.groovy:39)
	at com.kms.katalon.core.keyword.internal.KeywordMain.stepFailed(KeywordMain.groovy)
	at com.kms.katalon.core.keyword.internal.KeywordMain.runKeyword(KeywordMain.groovy:77)
	at com.kms.katalon.core.keyword.builtin.VerifyEqualKeyword.verifyEqual(VerifyEqualKeyword.groovy:63)
	at com.kms.katalon.core.keyword.builtin.VerifyEqualKeyword.execute(VerifyEqualKeyword.groovy:44)
	at com.kms.katalon.core.keyword.internal.KeywordExecutor.executeKeywordForPlatform(KeywordExecutor.groovy:74)
	at com.kms.katalon.core.keyword.BuiltinKeywords.verifyEqual(BuiltinKeywords.groovy:146)
	at jdk.internal.reflect.GeneratedMethodAccessor22.invoke(Unknown Source)
	at java.base/jdk.internal.reflect.DelegatingMethodAccessorImpl.invoke(DelegatingMethodAccessorImpl.java:43)
	at Прогноз по отраслям сверка дашбордов.run(Прогноз по отраслям сверка дашбордов:474)
	at com.kms.katalon.core.main.ScriptEngine.run(ScriptEngine.java:194)
	at com.kms.katalon.core.main.ScriptEngine.runScriptAsRawText(ScriptEngine.java:119)
	at com.kms.katalon.core.main.TestCaseExecutor.runScript(TestCaseExecutor.java:448)
	at com.kms.katalon.core.main.TestCaseExecutor.doExecute(TestCaseExecutor.java:439)
	at com.kms.katalon.core.main.TestCaseExecutor.processExecutionPhase(TestCaseExecutor.java:418)
	at com.kms.katalon.core.main.TestCaseExecutor.accessMainPhase(TestCaseExecutor.java:410)
	at com.kms.katalon.core.main.TestCaseExecutor.execute(TestCaseExecutor.java:285)
	at com.kms.katalon.core.common.CommonExecutor.accessTestCaseMainPhase(CommonExecutor.java:65)
	at com.kms.katalon.core.main.TestSuiteExecutor.accessTestSuiteMainPhase(TestSuiteExecutor.java:150)
	at com.kms.katalon.core.main.TestSuiteExecutor.execute(TestSuiteExecutor.java:106)
	at com.kms.katalon.core.main.TestCaseMain.startTestSuite(TestCaseMain.java:180)
	at TempTestSuite1732866793142.run(TempTestSuite1732866793142.groovy:35)
	at java.base/jdk.internal.reflect.NativeMethodAccessorImpl.invoke0(Native Method)
	at java.base/jdk.internal.reflect.NativeMethodAccessorImpl.invoke(NativeMethodAccessorImpl.java:77)
	at java.base/jdk.internal.reflect.DelegatingMethodAccessorImpl.invoke(DelegatingMethodAccessorImpl.java:43)
Caused by: com.kms.katalon.core.exception.StepFailedException: Actual object '202320234922492271651716516893689333271733271798649864593859387640764067046704592459243088308894099409196041196041202379497949121950121950972797276180396180394222342223121812186662666287328732580965809613426134264463244632183755183755202310101901903636141499141444171780801919828258858810101971973737484810101515441818808019198282608608202355319319818116161616202022565621521567672182182392396633133182827777202020203357572202206868214214258258' and expected object '202320232263522635110546110546128021280219475194759099093845038450416214162165176517472774727725652565723972394292342923202379497949121950121950972797276180396180394222342223121812186662666287328732580965809613426134264463244632183755183755202310101901903636141499141444171780801919828258858810101971973737484810101515441818808019198282608608202355319319818116161616202022565621521567672182182392396633133182827777202020203357572202206868214214258258' are not equal
	at com.kms.katalon.core.keyword.builtin.VerifyEqualKeyword$_verifyEqual_closure1.doCall(VerifyEqualKeyword.groovy:58)
	at com.kms.katalon.core.keyword.builtin.VerifyEqualKeyword$_verifyEqual_closure1.call(VerifyEqualKeyword.groovy)
	at com.kms.katalon.core.keyword.internal.KeywordMain.runKeyword(KeywordMain.groovy:75)
	... 22 more


29-11-2024T11:23:38 - [TEST_STEP][PASSED] - date = new java.util.Date(): null

29-11-2024T11:23:38 - [TEST_STEP][PASSED] - todaysDate = date.format("dd.MM.yyyy"): null

29-11-2024T11:23:38 - [TEST_STEP][PASSED] - println(todaysDate): null

29-11-2024T11:23:38 - [TEST_STEP][PASSED] - typeOfData = <not implemented yet for class: org.codehaus.groovy.ast.expr.EmptyExpression>: null

29-11-2024T11:23:38 - [TEST_STEP][PASSED] - filterSravnenie = <not implemented yet for class: org.codehaus.groovy.ast.expr.EmptyExpression>: null

29-11-2024T11:23:38 - [TEST_STEP][PASSED] - kpoOtpusk = <not implemented yet for class: org.codehaus.groovy.ast.expr.EmptyExpression>: null

29-11-2024T11:23:38 - [TEST_STEP][PASSED] - openBrowser(""): Browser is opened with url: ''

29-11-2024T11:23:38 - [MESSAGE][WARNING] - A browser is already opened. Closing browser and opening a new one

29-11-2024T11:23:38 - [MESSAGE][INFO] - Starting 'Chrome' driver

29-11-2024T11:23:38 - [MESSAGE][INFO] - Action delay is set to 0 milliseconds

29-11-2024T11:23:39 - [MESSAGE][PASSED] - Browser is opened with url: ''

29-11-2024T11:23:39 - [TEST_STEP][PASSED] - navigateToUrl(findTestData("PlanFact").getValue(10, 6)): Navigate to 'https://bi.rosseti.digital/viewer?dashboardGuid=d6acb5b1a7114a9791b34de39263106e&sheetGuid=0b6d261d7f7b4424a967aa8f3a724189&fit=true' successfully

29-11-2024T11:23:46 - [MESSAGE][PASSED] - Navigate to 'https://bi.rosseti.digital/viewer?dashboardGuid=d6acb5b1a7114a9791b34de39263106e&sheetGuid=0b6d261d7f7b4424a967aa8f3a724189&fit=true' successfully

29-11-2024T11:23:46 - [TEST_STEP][PASSED] - setText(findTestObject("Страница авторизации/input__username"), findTestData("PlanFact").getValue(8, 1)): Text 'liazgina-di' is set on object 'Object Repository/Страница авторизации/input__username'

29-11-2024T11:23:50 - [MESSAGE][PASSED] - Text 'liazgina-di' is set on object 'Object Repository/Страница авторизации/input__username'

29-11-2024T11:23:50 - [TEST_STEP][PASSED] - setText(findTestObject("Страница авторизации/input__password"), findTestData("PlanFact").getValue(9, 1)): Text ')$%5srZ8o688Dm#q' is set on object 'Object Repository/Страница авторизации/input__password'

29-11-2024T11:23:51 - [MESSAGE][PASSED] - Text ')$%5srZ8o688Dm#q' is set on object 'Object Repository/Страница авторизации/input__password'

29-11-2024T11:23:51 - [TEST_STEP][PASSED] - click(findTestObject("Страница авторизации/button_")): Object: 'Object Repository/Страница авторизации/button_' is clicked on

29-11-2024T11:23:54 - [MESSAGE][PASSED] - Object: 'Object Repository/Страница авторизации/button_' is clicked on

29-11-2024T11:23:54 - [TEST_STEP][PASSED] - delay(50): Delayed 50 second(s)

29-11-2024T11:24:44 - [MESSAGE][PASSED] - Delayed 50 second(s)

29-11-2024T11:24:44 - [TEST_STEP][PASSED] - click(findTestObject("Прогноз по отраслям/Фильтр Месяц")): Object: 'Object Repository/Прогноз по отраслям/Фильтр Месяц' is clicked on

29-11-2024T11:24:44 - [MESSAGE][PASSED] - Object: 'Object Repository/Прогноз по отраслям/Фильтр Месяц' is clicked on

29-11-2024T11:24:44 - [TEST_STEP][PASSED] - scrollToElement(findTestObject("Прогноз по отраслям/Ноябрь"), 30): Scroll to object 'Object Repository/Прогноз по отраслям/Ноябрь' successfully

29-11-2024T11:24:45 - [MESSAGE][PASSED] - Scroll to object 'Object Repository/Прогноз по отраслям/Ноябрь' successfully

29-11-2024T11:24:45 - [TEST_STEP][PASSED] - click(findTestObject("Прогноз по отраслям/Ноябрь"), CONTINUE_ON_FAILURE): Object: 'Object Repository/Прогноз по отраслям/Ноябрь' is clicked on

29-11-2024T11:24:46 - [MESSAGE][PASSED] - Object: 'Object Repository/Прогноз по отраслям/Ноябрь' is clicked on

29-11-2024T11:24:46 - [TEST_STEP][PASSED] - scrollToElement(findTestObject("Прогноз по отраслям/Заголовок дашборда"), 30): Scroll to object 'Object Repository/Прогноз по отраслям/Заголовок дашборда' successfully

29-11-2024T11:24:48 - [MESSAGE][PASSED] - Scroll to object 'Object Repository/Прогноз по отраслям/Заголовок дашборда' successfully

29-11-2024T11:24:48 - [TEST_STEP][PASSED] - click(findTestObject("Прогноз по отраслям/Фильтр Сравнение с")): Object: 'Object Repository/Прогноз по отраслям/Фильтр Сравнение с' is clicked on

29-11-2024T11:24:48 - [MESSAGE][PASSED] - Object: 'Object Repository/Прогноз по отраслям/Фильтр Сравнение с' is clicked on

29-11-2024T11:24:48 - [TEST_STEP][PASSED] - click(findTestObject("Прогноз по отраслям/Факт прошлого года")): Object: 'Object Repository/Прогноз по отраслям/Факт прошлого года' is clicked on

29-11-2024T11:24:49 - [MESSAGE][PASSED] - Object: 'Object Repository/Прогноз по отраслям/Факт прошлого года' is clicked on

29-11-2024T11:24:49 - [TEST_STEP][PASSED] - click(findTestObject("Прогноз по отраслям/Фильтр КПО-Отпуск")): Object: 'Object Repository/Прогноз по отраслям/Фильтр КПО-Отпуск' is clicked on

29-11-2024T11:24:51 - [MESSAGE][PASSED] - Object: 'Object Repository/Прогноз по отраслям/Фильтр КПО-Отпуск' is clicked on

29-11-2024T11:24:51 - [TEST_STEP][PASSED] - click(findTestObject("Прогноз по отраслям/Отпуск")): Object: 'Object Repository/Прогноз по отраслям/Отпуск' is clicked on

29-11-2024T11:24:52 - [MESSAGE][PASSED] - Object: 'Object Repository/Прогноз по отраслям/Отпуск' is clicked on

29-11-2024T11:24:52 - [TEST_STEP][PASSED] - delay(40): Delayed 40 second(s)

29-11-2024T11:25:32 - [MESSAGE][PASSED] - Delayed 40 second(s)

29-11-2024T11:25:32 - [TEST_STEP][PASSED] - a1 = getText(findTestObject("Прогноз по отраслям/Виджеты дашборда")): Text of object 'Object Repository/Прогноз по отраслям/Виджеты дашборда' is: 'Год 
2023 год
Сравнение с 
Факт прошлого года
Динамика электропотребления, млрд. кВт.ч. по ПАО Россети на 2023 год
12 12
186 186
36 36
50 50
10 10
19 19
0 0
17 17
85 85
19 19
82 82
604 604
10 10
197 197
37 37
48 48
10 10
15 15
4 4
18 18
80 80
19 19
82 82
608 608
Факт прошлого года
Ожидаемое (прогноз по конца года)
Интер РАО (дляФСК)
Промышленныепотребители
Транспорт
Нефтедобыча
Нефтепереработка
Нефтепроводы
Газопроводы
Сельскоехозяйство ипищеваяпромышленность
Непромышленныепотребители
Государственные(муниципальные)организации ипрочиебюджетныепотребители
Население иприравненныегруппыпотребителей
Территориальныесетевыеорганизации
Выручка по ПАО Россети на 2023 год
5 5
285 285
72 72
72 72
18 18
22 22
0 0
50 50
201 201
61 61
190 190
227 227
6 6
331 331
82 82
77 77
20 20
20 20
3 3
57 57
220 220
68 68
214 214
258 258
Факт прошлого года
Ожидаемое (прогноз по конца года)
Интер РАО (дляФСК)
Промышленныепотребители
Транспорт
Нефтедобыча
Нефтепереработка
Нефтепроводы
Газопроводы
Сельскоехозяйство ипищеваяпромышленность
Непромышленныепотребители
Государственные(муниципальные)организации ипрочиебюджетныепотребители
Население иприравненныегруппыпотребителей
Территориальныесетевыеорганизации
Отклонения по ПАО Россети на 2023 год
-18.5% -18.5%
5.9% 5.9%
3.6% 3.6%
-3.9% -3.9%
0.9% 0.9%
-20.7% -20.7%
3 313.2% 3 313.2%
3.8% 3.8%
-5.6% -5.6%
1.3% 1.3%
-0.9% -0.9%
0.7% 0.7%
⬤ Отклонение, %
Интер РАО (для ФСК)
Промышленные потребители
Транспорт
Нефтедобыча
Нефтепереработка
Нефтепроводы
Газопроводы
Сельское хозяйство и пищевая пр…
Непромышленные потребители
Государственные (муниципальные…
Население и приравненные групп…
Территориальные сетевые органи…
Выручка отклонения по ПАО Россети на 2023 год
7.7% 7.7%
16.0% 16.0%
13.2% 13.2%
6.7% 6.7%
13.3% 13.3%
-7.7% -7.7%
1 331.5% 1 331.5%
14.2% 14.2%
9.9% 9.9%
12.0% 12.0%
12.4% 12.4%
13.7% 13.7%
⬤ Отклонение, %
Интер РАО (для ФСК)
Промышленные потребители
Транспорт
Нефтедобыча
Нефтепереработка
Нефтепроводы
Газопроводы
Сельское хозяйство и пищевая пр…
Непромышленные потребители
Государственные (муниципальные…
Население и приравненные групп…
Территориальные сетевые органи…
абс.
%
Прогноз на месяц 
Ноябрь
КПО/Отпуск из сети 
Отпуск из сети, млн. кВт.ч
Организация 
Все
Прогноз электропотребления и выручки за услуги по передаче в разрезе отраслей'

29-11-2024T11:25:32 - [MESSAGE][PASSED] - Text of object 'Object Repository/Прогноз по отраслям/Виджеты дашборда' is: 'Год 
2023 год
Сравнение с 
Факт прошлого года
Динамика электропотребления, млрд. кВт.ч. по ПАО Россети на 2023 год
12 12
186 186
36 36
50 50
10 10
19 19
0 0
17 17
85 85
19 19
82 82
604 604
10 10
197 197
37 37
48 48
10 10
15 15
4 4
18 18
80 80
19 19
82 82
608 608
Факт прошлого года
Ожидаемое (прогноз по конца года)
Интер РАО (дляФСК)
Промышленныепотребители
Транспорт
Нефтедобыча
Нефтепереработка
Нефтепроводы
Газопроводы
Сельскоехозяйство ипищеваяпромышленность
Непромышленныепотребители
Государственные(муниципальные)организации ипрочиебюджетныепотребители
Население иприравненныегруппыпотребителей
Территориальныесетевыеорганизации
Выручка по ПАО Россети на 2023 год
5 5
285 285
72 72
72 72
18 18
22 22
0 0
50 50
201 201
61 61
190 190
227 227
6 6
331 331
82 82
77 77
20 20
20 20
3 3
57 57
220 220
68 68
214 214
258 258
Факт прошлого года
Ожидаемое (прогноз по конца года)
Интер РАО (дляФСК)
Промышленныепотребители
Транспорт
Нефтедобыча
Нефтепереработка
Нефтепроводы
Газопроводы
Сельскоехозяйство ипищеваяпромышленность
Непромышленныепотребители
Государственные(муниципальные)организации ипрочиебюджетныепотребители
Население иприравненныегруппыпотребителей
Территориальныесетевыеорганизации
Отклонения по ПАО Россети на 2023 год
-18.5% -18.5%
5.9% 5.9%
3.6% 3.6%
-3.9% -3.9%
0.9% 0.9%
-20.7% -20.7%
3 313.2% 3 313.2%
3.8% 3.8%
-5.6% -5.6%
1.3% 1.3%
-0.9% -0.9%
0.7% 0.7%
⬤ Отклонение, %
Интер РАО (для ФСК)
Промышленные потребители
Транспорт
Нефтедобыча
Нефтепереработка
Нефтепроводы
Газопроводы
Сельское хозяйство и пищевая пр…
Непромышленные потребители
Государственные (муниципальные…
Население и приравненные групп…
Территориальные сетевые органи…
Выручка отклонения по ПАО Россети на 2023 год
7.7% 7.7%
16.0% 16.0%
13.2% 13.2%
6.7% 6.7%
13.3% 13.3%
-7.7% -7.7%
1 331.5% 1 331.5%
14.2% 14.2%
9.9% 9.9%
12.0% 12.0%
12.4% 12.4%
13.7% 13.7%
⬤ Отклонение, %
Интер РАО (для ФСК)
Промышленные потребители
Транспорт
Нефтедобыча
Нефтепереработка
Нефтепроводы
Газопроводы
Сельское хозяйство и пищевая пр…
Непромышленные потребители
Государственные (муниципальные…
Население и приравненные групп…
Территориальные сетевые органи…
абс.
%
Прогноз на месяц 
Ноябрь
КПО/Отпуск из сети 
Отпуск из сети, млн. кВт.ч
Организация 
Все
Прогноз электропотребления и выручки за услуги по передаче в разрезе отраслей'

29-11-2024T11:25:32 - [TEST_STEP][PASSED] - a1 = a1.replaceAll("[^0-9]", ""): null

29-11-2024T11:25:32 - [TEST_STEP][PASSED] - println("a1:" + a1): null

29-11-2024T11:25:32 - [TEST_STEP][PASSED] - click(findTestObject("Прогноз по отраслям/Фильтр Сравнение с")): Object: 'Object Repository/Прогноз по отраслям/Фильтр Сравнение с' is clicked on

29-11-2024T11:25:33 - [MESSAGE][PASSED] - Object: 'Object Repository/Прогноз по отраслям/Фильтр Сравнение с' is clicked on

29-11-2024T11:25:33 - [TEST_STEP][PASSED] - click(findTestObject("Прогноз по отраслям/План")): Object: 'Object Repository/Прогноз по отраслям/План' is clicked on

29-11-2024T11:25:34 - [MESSAGE][PASSED] - Object: 'Object Repository/Прогноз по отраслям/План' is clicked on

29-11-2024T11:25:34 - [TEST_STEP][PASSED] - delay(40): Delayed 40 second(s)

29-11-2024T11:26:14 - [MESSAGE][PASSED] - Delayed 40 second(s)

29-11-2024T11:26:14 - [TEST_STEP][PASSED] - a2 = getText(findTestObject("Прогноз по отраслям/Виджеты дашборда")): Text of object 'Object Repository/Прогноз по отраслям/Виджеты дашборда' is: 'Год 
2023 год
Сравнение с 
План
Динамика электропотребления, млрд. кВт.ч. по ПАО Россети на 2023 год
10 10
190 190
36 36
14 14
9 9
14 14
4 4
17 17
80 80
19 19
82 82
588 588
10 10
197 197
37 37
48 48
10 10
15 15
4 4
18 18
80 80
19 19
82 82
608 608
План
Ожидаемое (прогноз по конца года)
Интер РАО (дляФСК)
Промышленныепотребители
Транспорт
Нефтедобыча
Нефтепереработка
Нефтепроводы
Газопроводы
Сельскоехозяйство ипищеваяпромышленность
Непромышленныепотребители
Государственные(муниципальные)организации ипрочиебюджетныепотребители
Население иприравненныегруппыпотребителей
Территориальныесетевыеорганизации
Выручка по ПАО Россети на 2023 год
5 5
319 319
81 81
16 16
16 16
20 20
2 2
56 56
215 215
67 67
218 218
239 239
6 6
331 331
82 82
77 77
20 20
20 20
3 3
57 57
220 220
68 68
214 214
258 258
План
Ожидаемое (прогноз по конца года)
Интер РАО (дляФСК)
Промышленныепотребители
Транспорт
Нефтедобыча
Нефтепереработка
Нефтепроводы
Газопроводы
Сельскоехозяйство ипищеваяпромышленность
Непромышленныепотребители
Государственные(муниципальные)организации ипрочиебюджетныепотребители
Население иприравненныегруппыпотребителей
Территориальныесетевыеорганизации
Отклонения по ПАО Россети на 2023 год
-4.7% -4.7%
3.8% 3.8%
1.9% 1.9%
230.3% 230.3%
10.9% 10.9%
4.2% 4.2%
21.7% 21.7%
3.9% 3.9%
-0.6% -0.6%
1.6% 1.6%
-1.0% -1.0%
3.3% 3.3%
⬤ Отклонение, %
Интер РАО (для ФСК)
Промышленные потребители
Транспорт
Нефтедобыча
Нефтепереработка
Нефтепроводы
Газопроводы
Сельское хозяйство и пищевая пр…
Непромышленные потребители
Государственные (муниципальные…
Население и приравненные групп…
Территориальные сетевые органи…
Выручка отклонения по ПАО Россети на 2023 год
15.6% 15.6%
3.8% 3.8%
1.2% 1.2%
398.2% 398.2%
26.9% 26.9%
-0.6% -0.6%
26.9% 26.9%
1.5% 1.5%
2.7% 2.7%
2.0% 2.0%
-2.0% -2.0%
7.9% 7.9%
⬤ Отклонение, %
Интер РАО (для ФСК)
Промышленные потребители
Транспорт
Нефтедобыча
Нефтепереработка
Нефтепроводы
Газопроводы
Сельское хозяйство и пищевая пр…
Непромышленные потребители
Государственные (муниципальные…
Население и приравненные групп…
Территориальные сетевые органи…
абс.
%
Прогноз на месяц 
Ноябрь
КПО/Отпуск из сети 
Отпуск из сети, млн. кВт.ч
Организация 
Все
Прогноз электропотребления и выручки за услуги по передаче в разрезе отраслей'

29-11-2024T11:26:14 - [MESSAGE][PASSED] - Text of object 'Object Repository/Прогноз по отраслям/Виджеты дашборда' is: 'Год 
2023 год
Сравнение с 
План
Динамика электропотребления, млрд. кВт.ч. по ПАО Россети на 2023 год
10 10
190 190
36 36
14 14
9 9
14 14
4 4
17 17
80 80
19 19
82 82
588 588
10 10
197 197
37 37
48 48
10 10
15 15
4 4
18 18
80 80
19 19
82 82
608 608
План
Ожидаемое (прогноз по конца года)
Интер РАО (дляФСК)
Промышленныепотребители
Транспорт
Нефтедобыча
Нефтепереработка
Нефтепроводы
Газопроводы
Сельскоехозяйство ипищеваяпромышленность
Непромышленныепотребители
Государственные(муниципальные)организации ипрочиебюджетныепотребители
Население иприравненныегруппыпотребителей
Территориальныесетевыеорганизации
Выручка по ПАО Россети на 2023 год
5 5
319 319
81 81
16 16
16 16
20 20
2 2
56 56
215 215
67 67
218 218
239 239
6 6
331 331
82 82
77 77
20 20
20 20
3 3
57 57
220 220
68 68
214 214
258 258
План
Ожидаемое (прогноз по конца года)
Интер РАО (дляФСК)
Промышленныепотребители
Транспорт
Нефтедобыча
Нефтепереработка
Нефтепроводы
Газопроводы
Сельскоехозяйство ипищеваяпромышленность
Непромышленныепотребители
Государственные(муниципальные)организации ипрочиебюджетныепотребители
Население иприравненныегруппыпотребителей
Территориальныесетевыеорганизации
Отклонения по ПАО Россети на 2023 год
-4.7% -4.7%
3.8% 3.8%
1.9% 1.9%
230.3% 230.3%
10.9% 10.9%
4.2% 4.2%
21.7% 21.7%
3.9% 3.9%
-0.6% -0.6%
1.6% 1.6%
-1.0% -1.0%
3.3% 3.3%
⬤ Отклонение, %
Интер РАО (для ФСК)
Промышленные потребители
Транспорт
Нефтедобыча
Нефтепереработка
Нефтепроводы
Газопроводы
Сельское хозяйство и пищевая пр…
Непромышленные потребители
Государственные (муниципальные…
Население и приравненные групп…
Территориальные сетевые органи…
Выручка отклонения по ПАО Россети на 2023 год
15.6% 15.6%
3.8% 3.8%
1.2% 1.2%
398.2% 398.2%
26.9% 26.9%
-0.6% -0.6%
26.9% 26.9%
1.5% 1.5%
2.7% 2.7%
2.0% 2.0%
-2.0% -2.0%
7.9% 7.9%
⬤ Отклонение, %
Интер РАО (для ФСК)
Промышленные потребители
Транспорт
Нефтедобыча
Нефтепереработка
Нефтепроводы
Газопроводы
Сельское хозяйство и пищевая пр…
Непромышленные потребители
Государственные (муниципальные…
Население и приравненные групп…
Территориальные сетевые органи…
абс.
%
Прогноз на месяц 
Ноябрь
КПО/Отпуск из сети 
Отпуск из сети, млн. кВт.ч
Организация 
Все
Прогноз электропотребления и выручки за услуги по передаче в разрезе отраслей'

29-11-2024T11:26:14 - [TEST_STEP][PASSED] - a2 = a2.replaceAll("[^0-9]", ""): null

29-11-2024T11:26:14 - [TEST_STEP][PASSED] - println("a2:" + a2): null

29-11-2024T11:26:14 - [TEST_STEP][PASSED] - click(findTestObject("Прогноз по отраслям/Фильтр Сравнение с")): Object: 'Object Repository/Прогноз по отраслям/Фильтр Сравнение с' is clicked on

29-11-2024T11:26:14 - [MESSAGE][PASSED] - Object: 'Object Repository/Прогноз по отраслям/Фильтр Сравнение с' is clicked on

29-11-2024T11:26:14 - [TEST_STEP][PASSED] - click(findTestObject("Прогноз по отраслям/План СУ")): Object: 'Object Repository/Прогноз по отраслям/План СУ' is clicked on

29-11-2024T11:26:15 - [MESSAGE][PASSED] - Object: 'Object Repository/Прогноз по отраслям/План СУ' is clicked on

29-11-2024T11:26:15 - [TEST_STEP][PASSED] - delay(40): Delayed 40 second(s)

29-11-2024T11:26:55 - [MESSAGE][PASSED] - Delayed 40 second(s)

29-11-2024T11:26:55 - [TEST_STEP][PASSED] - a3 = getText(findTestObject("Прогноз по отраслям/Виджеты дашборда")): Text of object 'Object Repository/Прогноз по отраслям/Виджеты дашборда' is: 'Год 
2023 год
Сравнение с 
План/СУ
Динамика электропотребления, млрд. кВт.ч. по ПАО Россети на 2023 год
10 10
186 186
36 36
15 15
9 9
14 14
4 4
17 17
88 88
19 19
83 83
597 597
10 10
197 197
37 37
48 48
10 10
15 15
4 4
18 18
80 80
19 19
82 82
608 608
СУ
Ожидаемое (прогноз по конца года)
Интер РАО (дляФСК)
Промышленныепотребители
Транспорт
Нефтедобыча
Нефтепереработка
Нефтепроводы
Газопроводы
Сельскоехозяйство ипищеваяпромышленность
Непромышленныепотребители
Государственные(муниципальные)организации ипрочиебюджетныепотребители
Население иприравненныегруппыпотребителей
Территориальныесетевыеорганизации
Выручка по ПАО Россети на 2023 год
6 6
331 331
82 82
77 77
20 20
20 20
3 3
57 57
220 220
68 68
214 214
258 258
Ожидаемое (прогноз по конца года)
Интер РАО (дляФСК)
Промышленныепотребители
Транспорт
Нефтедобыча
Нефтепереработка
Нефтепроводы
Газопроводы
Сельскоехозяйство ипищеваяпромышленность
Непромышленныепотребители
Государственные(муниципальные)организации ипрочиебюджетныепотребители
Население иприравненныегруппыпотребителей
Территориальныесетевыеорганизации
Отклонения по ПАО Россети на 2023 год
2.5% 2.5%
5.9% 5.9%
1.9% 1.9%
219.1% 219.1%
11.7% 11.7%
1.9% 1.9%
13.1% 13.1%
3.5% 3.5%
-8.7% -8.7%
0.2% 0.2%
-1.6% -1.6%
1.8% 1.8%
⬤ Отклонение, %
Интер РАО (для ФСК)
Промышленные потребители
Транспорт
Нефтедобыча
Нефтепереработка
Нефтепроводы
Газопроводы
Сельское хозяйство и пищевая пр…
Непромышленные потребители
Государственные (муниципальные…
Население и приравненные групп…
Территориальные сетевые органи…
Выручка отклонения по ПАО Россети на 2023 год
⬤ Отклонение, %
Интер РАО (для ФСК)
Промышленные потребители
Транспорт
Нефтедобыча
Нефтепереработка
Нефтепроводы
Газопроводы
Сельское хозяйство и пищевая пр…
Непромышленные потребители
Государственные (муниципальные…
Население и приравненные групп…
Территориальные сетевые органи…
абс.
%
Прогноз на месяц 
Ноябрь
КПО/Отпуск из сети 
Отпуск из сети, млн. кВт.ч
Организация 
Все
Прогноз электропотребления и выручки за услуги по передаче в разрезе отраслей'

29-11-2024T11:26:56 - [MESSAGE][PASSED] - Text of object 'Object Repository/Прогноз по отраслям/Виджеты дашборда' is: 'Год 
2023 год
Сравнение с 
План/СУ
Динамика электропотребления, млрд. кВт.ч. по ПАО Россети на 2023 год
10 10
186 186
36 36
15 15
9 9
14 14
4 4
17 17
88 88
19 19
83 83
597 597
10 10
197 197
37 37
48 48
10 10
15 15
4 4
18 18
80 80
19 19
82 82
608 608
СУ
Ожидаемое (прогноз по конца года)
Интер РАО (дляФСК)
Промышленныепотребители
Транспорт
Нефтедобыча
Нефтепереработка
Нефтепроводы
Газопроводы
Сельскоехозяйство ипищеваяпромышленность
Непромышленныепотребители
Государственные(муниципальные)организации ипрочиебюджетныепотребители
Население иприравненныегруппыпотребителей
Территориальныесетевыеорганизации
Выручка по ПАО Россети на 2023 год
6 6
331 331
82 82
77 77
20 20
20 20
3 3
57 57
220 220
68 68
214 214
258 258
Ожидаемое (прогноз по конца года)
Интер РАО (дляФСК)
Промышленныепотребители
Транспорт
Нефтедобыча
Нефтепереработка
Нефтепроводы
Газопроводы
Сельскоехозяйство ипищеваяпромышленность
Непромышленныепотребители
Государственные(муниципальные)организации ипрочиебюджетныепотребители
Население иприравненныегруппыпотребителей
Территориальныесетевыеорганизации
Отклонения по ПАО Россети на 2023 год
2.5% 2.5%
5.9% 5.9%
1.9% 1.9%
219.1% 219.1%
11.7% 11.7%
1.9% 1.9%
13.1% 13.1%
3.5% 3.5%
-8.7% -8.7%
0.2% 0.2%
-1.6% -1.6%
1.8% 1.8%
⬤ Отклонение, %
Интер РАО (для ФСК)
Промышленные потребители
Транспорт
Нефтедобыча
Нефтепереработка
Нефтепроводы
Газопроводы
Сельское хозяйство и пищевая пр…
Непромышленные потребители
Государственные (муниципальные…
Население и приравненные групп…
Территориальные сетевые органи…
Выручка отклонения по ПАО Россети на 2023 год
⬤ Отклонение, %
Интер РАО (для ФСК)
Промышленные потребители
Транспорт
Нефтедобыча
Нефтепереработка
Нефтепроводы
Газопроводы
Сельское хозяйство и пищевая пр…
Непромышленные потребители
Государственные (муниципальные…
Население и приравненные групп…
Территориальные сетевые органи…
абс.
%
Прогноз на месяц 
Ноябрь
КПО/Отпуск из сети 
Отпуск из сети, млн. кВт.ч
Организация 
Все
Прогноз электропотребления и выручки за услуги по передаче в разрезе отраслей'

29-11-2024T11:26:56 - [TEST_STEP][PASSED] - a3 = a3.replaceAll("[^0-9]", ""): null

29-11-2024T11:26:56 - [TEST_STEP][PASSED] - println("a3:" + a3): null

29-11-2024T11:26:56 - [TEST_STEP][PASSED] - click(findTestObject("Прогноз по отраслям/Фильтр Сравнение с")): Object: 'Object Repository/Прогноз по отраслям/Фильтр Сравнение с' is clicked on

29-11-2024T11:26:56 - [MESSAGE][PASSED] - Object: 'Object Repository/Прогноз по отраслям/Фильтр Сравнение с' is clicked on

29-11-2024T11:26:56 - [TEST_STEP][PASSED] - click(findTestObject("Прогноз по отраслям/Факт прошлого года")): Object: 'Object Repository/Прогноз по отраслям/Факт прошлого года' is clicked on

29-11-2024T11:26:57 - [MESSAGE][PASSED] - Object: 'Object Repository/Прогноз по отраслям/Факт прошлого года' is clicked on

29-11-2024T11:26:57 - [TEST_STEP][PASSED] - click(findTestObject("Прогноз по отраслям/Фильтр КПО-Отпуск")): Object: 'Object Repository/Прогноз по отраслям/Фильтр КПО-Отпуск' is clicked on

29-11-2024T11:27:00 - [MESSAGE][PASSED] - Object: 'Object Repository/Прогноз по отраслям/Фильтр КПО-Отпуск' is clicked on

29-11-2024T11:27:00 - [TEST_STEP][PASSED] - click(findTestObject("Прогноз по отраслям/КПО")): Object: 'Object Repository/Прогноз по отраслям/КПО' is clicked on

29-11-2024T11:27:01 - [MESSAGE][PASSED] - Object: 'Object Repository/Прогноз по отраслям/КПО' is clicked on

29-11-2024T11:27:01 - [TEST_STEP][PASSED] - delay(40): Delayed 40 second(s)

29-11-2024T11:27:41 - [MESSAGE][PASSED] - Delayed 40 second(s)

29-11-2024T11:27:41 - [TEST_STEP][PASSED] - a4 = getText(findTestObject("Прогноз по отраслям/Виджеты дашборда")): Text of object 'Object Repository/Прогноз по отраслям/Виджеты дашборда' is: 'Год 
2023 год
Сравнение с 
Факт прошлого года
Динамика электропотребления, млрд. кВт.ч. по ПАО Россети на 2023 год
0 0
120 120
38 38
41 41
8 8
10 10
0 0
19 19
77 77
25 25
122 122
61 61
0 0
120 120
39 39
39 39
8 8
8 8
1 1
20 20
78 78
26 26
121 121
60 60
Факт прошлого года
Ожидаемое (прогноз по конца года)
Интер РАО (дляФСК)
Промышленныепотребители
Транспорт
Нефтедобыча
Нефтепереработка
Нефтепроводы
Газопроводы
Сельскоехозяйство ипищеваяпромышленность
Непромышленныепотребители
Государственные(муниципальные)организации ипрочиебюджетныепотребители
Население иприравненныегруппыпотребителей
Территориальныесетевыеорганизации
Выручка по ПАО Россети на 2023 год
5 5
285 285
72 72
72 72
18 18
22 22
0 0
50 50
201 201
61 61
190 190
227 227
6 6
331 331
82 82
77 77
20 20
20 20
3 3
57 57
220 220
68 68
214 214
258 258
Факт прошлого года
Ожидаемое (прогноз по конца года)
Интер РАО (дляФСК)
Промышленныепотребители
Транспорт
Нефтедобыча
Нефтепереработка
Нефтепроводы
Газопроводы
Сельскоехозяйство ипищеваяпромышленность
Непромышленныепотребители
Государственные(муниципальные)организации ипрочиебюджетныепотребители
Население иприравненныегруппыпотребителей
Территориальныесетевыеорганизации
Отклонения по ПАО Россети на 2023 год
0.5% 0.5%
0.9% 0.9%
-5.9% -5.9%
3.1% 3.1%
-17.9% -17.9%
578.4% 578.4%
2.3% 2.3%
1.8% 1.8%
2.1% 2.1%
-0.9% -0.9%
-0.2% -0.2%
⬤ Отклонение, %
Интер РАО (для ФСК)
Промышленные потребители
Транспорт
Нефтедобыча
Нефтепереработка
Нефтепроводы
Газопроводы
Сельское хозяйство и пищевая пр…
Непромышленные потребители
Государственные (муниципальные…
Население и приравненные групп…
Территориальные сетевые органи…
Выручка отклонения по ПАО Россети на 2023 год
7.7% 7.7%
16.0% 16.0%
13.2% 13.2%
6.7% 6.7%
13.3% 13.3%
-7.7% -7.7%
1 331.5% 1 331.5%
14.2% 14.2%
9.9% 9.9%
12.0% 12.0%
12.4% 12.4%
13.7% 13.7%
⬤ Отклонение, %
Интер РАО (для ФСК)
Промышленные потребители
Транспорт
Нефтедобыча
Нефтепереработка
Нефтепроводы
Газопроводы
Сельское хозяйство и пищевая пр…
Непромышленные потребители
Государственные (муниципальные…
Население и приравненные групп…
Территориальные сетевые органи…
абс.
%
Прогноз на месяц 
Ноябрь
КПО/Отпуск из сети 
Котловой полезный отпуск, млн. кВт.ч
Организация 
Все
Прогноз электропотребления и выручки за услуги по передаче в разрезе отраслей'

29-11-2024T11:27:42 - [MESSAGE][PASSED] - Text of object 'Object Repository/Прогноз по отраслям/Виджеты дашборда' is: 'Год 
2023 год
Сравнение с 
Факт прошлого года
Динамика электропотребления, млрд. кВт.ч. по ПАО Россети на 2023 год
0 0
120 120
38 38
41 41
8 8
10 10
0 0
19 19
77 77
25 25
122 122
61 61
0 0
120 120
39 39
39 39
8 8
8 8
1 1
20 20
78 78
26 26
121 121
60 60
Факт прошлого года
Ожидаемое (прогноз по конца года)
Интер РАО (дляФСК)
Промышленныепотребители
Транспорт
Нефтедобыча
Нефтепереработка
Нефтепроводы
Газопроводы
Сельскоехозяйство ипищеваяпромышленность
Непромышленныепотребители
Государственные(муниципальные)организации ипрочиебюджетныепотребители
Население иприравненныегруппыпотребителей
Территориальныесетевыеорганизации
Выручка по ПАО Россети на 2023 год
5 5
285 285
72 72
72 72
18 18
22 22
0 0
50 50
201 201
61 61
190 190
227 227
6 6
331 331
82 82
77 77
20 20
20 20
3 3
57 57
220 220
68 68
214 214
258 258
Факт прошлого года
Ожидаемое (прогноз по конца года)
Интер РАО (дляФСК)
Промышленныепотребители
Транспорт
Нефтедобыча
Нефтепереработка
Нефтепроводы
Газопроводы
Сельскоехозяйство ипищеваяпромышленность
Непромышленныепотребители
Государственные(муниципальные)организации ипрочиебюджетныепотребители
Население иприравненныегруппыпотребителей
Территориальныесетевыеорганизации
Отклонения по ПАО Россети на 2023 год
0.5% 0.5%
0.9% 0.9%
-5.9% -5.9%
3.1% 3.1%
-17.9% -17.9%
578.4% 578.4%
2.3% 2.3%
1.8% 1.8%
2.1% 2.1%
-0.9% -0.9%
-0.2% -0.2%
⬤ Отклонение, %
Интер РАО (для ФСК)
Промышленные потребители
Транспорт
Нефтедобыча
Нефтепереработка
Нефтепроводы
Газопроводы
Сельское хозяйство и пищевая пр…
Непромышленные потребители
Государственные (муниципальные…
Население и приравненные групп…
Территориальные сетевые органи…
Выручка отклонения по ПАО Россети на 2023 год
7.7% 7.7%
16.0% 16.0%
13.2% 13.2%
6.7% 6.7%
13.3% 13.3%
-7.7% -7.7%
1 331.5% 1 331.5%
14.2% 14.2%
9.9% 9.9%
12.0% 12.0%
12.4% 12.4%
13.7% 13.7%
⬤ Отклонение, %
Интер РАО (для ФСК)
Промышленные потребители
Транспорт
Нефтедобыча
Нефтепереработка
Нефтепроводы
Газопроводы
Сельское хозяйство и пищевая пр…
Непромышленные потребители
Государственные (муниципальные…
Население и приравненные групп…
Территориальные сетевые органи…
абс.
%
Прогноз на месяц 
Ноябрь
КПО/Отпуск из сети 
Котловой полезный отпуск, млн. кВт.ч
Организация 
Все
Прогноз электропотребления и выручки за услуги по передаче в разрезе отраслей'

29-11-2024T11:27:42 - [TEST_STEP][PASSED] - a4 = a4.replaceAll("[^0-9]", ""): null

29-11-2024T11:27:42 - [TEST_STEP][PASSED] - println("a4:" + a4): null

29-11-2024T11:27:42 - [TEST_STEP][PASSED] - click(findTestObject("Прогноз по отраслям/Фильтр Сравнение с")): Object: 'Object Repository/Прогноз по отраслям/Фильтр Сравнение с' is clicked on

29-11-2024T11:27:42 - [MESSAGE][PASSED] - Object: 'Object Repository/Прогноз по отраслям/Фильтр Сравнение с' is clicked on

29-11-2024T11:27:42 - [TEST_STEP][PASSED] - click(findTestObject("Прогноз по отраслям/План")): Object: 'Object Repository/Прогноз по отраслям/План' is clicked on

29-11-2024T11:27:43 - [MESSAGE][PASSED] - Object: 'Object Repository/Прогноз по отраслям/План' is clicked on

29-11-2024T11:27:43 - [TEST_STEP][PASSED] - delay(40): Delayed 40 second(s)

29-11-2024T11:28:23 - [MESSAGE][PASSED] - Delayed 40 second(s)

29-11-2024T11:28:23 - [TEST_STEP][PASSED] - a5 = getText(findTestObject("Прогноз по отраслям/Виджеты дашборда")): Text of object 'Object Repository/Прогноз по отраслям/Виджеты дашборда' is: 'Год 
2023 год
Сравнение с 
План
Динамика электропотребления, млрд. кВт.ч. по ПАО Россети на 2023 год
0 0
119 119
37 37
7 7
7 7
8 8
1 1
19 19
75 75
25 25
123 123
55 55
0 0
120 120
39 39
39 39
8 8
8 8
1 1
20 20
78 78
26 26
121 121
60 60
План
Ожидаемое (прогноз по конца года)
Интер РАО (дляФСК)
Промышленныепотребители
Транспорт
Нефтедобыча
Нефтепереработка
Нефтепроводы
Газопроводы
Сельскоехозяйство ипищеваяпромышленность
Непромышленныепотребители
Государственные(муниципальные)организации ипрочиебюджетныепотребители
Население иприравненныегруппыпотребителей
Территориальныесетевыеорганизации
Выручка по ПАО Россети на 2023 год
5 5
319 319
81 81
16 16
16 16
20 20
2 2
56 56
215 215
67 67
218 218
239 239
6 6
331 331
82 82
77 77
20 20
20 20
3 3
57 57
220 220
68 68
214 214
258 258
План
Ожидаемое (прогноз по конца года)
Интер РАО (дляФСК)
Промышленныепотребители
Транспорт
Нефтедобыча
Нефтепереработка
Нефтепроводы
Газопроводы
Сельскоехозяйство ипищеваяпромышленность
Непромышленныепотребители
Государственные(муниципальные)организации ипрочиебюджетныепотребители
Население иприравненныегруппыпотребителей
Территориальныесетевыеорганизации
Отклонения по ПАО Россети на 2023 год
1.2% 1.2%
3.2% 3.2%
492.1% 492.1%
18.1% 18.1%
4.4% 4.4%
11.9% 11.9%
1.2% 1.2%
4.1% 4.1%
2.4% 2.4%
-1.4% -1.4%
9.7% 9.7%
⬤ Отклонение, %
Интер РАО (для ФСК)
Промышленные потребители
Транспорт
Нефтедобыча
Нефтепереработка
Нефтепроводы
Газопроводы
Сельское хозяйство и пищевая пр…
Непромышленные потребители
Государственные (муниципальные…
Население и приравненные групп…
Территориальные сетевые органи…
Выручка отклонения по ПАО Россети на 2023 год
15.6% 15.6%
3.8% 3.8%
1.2% 1.2%
398.2% 398.2%
26.9% 26.9%
-0.6% -0.6%
26.9% 26.9%
1.5% 1.5%
2.7% 2.7%
2.0% 2.0%
-2.0% -2.0%
7.9% 7.9%
⬤ Отклонение, %
Интер РАО (для ФСК)
Промышленные потребители
Транспорт
Нефтедобыча
Нефтепереработка
Нефтепроводы
Газопроводы
Сельское хозяйство и пищевая пр…
Непромышленные потребители
Государственные (муниципальные…
Население и приравненные групп…
Территориальные сетевые органи…
абс.
%
Прогноз на месяц 
Ноябрь
КПО/Отпуск из сети 
Котловой полезный отпуск, млн. кВт.ч
Организация 
Все
Прогноз электропотребления и выручки за услуги по передаче в разрезе отраслей'

29-11-2024T11:28:24 - [MESSAGE][PASSED] - Text of object 'Object Repository/Прогноз по отраслям/Виджеты дашборда' is: 'Год 
2023 год
Сравнение с 
План
Динамика электропотребления, млрд. кВт.ч. по ПАО Россети на 2023 год
0 0
119 119
37 37
7 7
7 7
8 8
1 1
19 19
75 75
25 25
123 123
55 55
0 0
120 120
39 39
39 39
8 8
8 8
1 1
20 20
78 78
26 26
121 121
60 60
План
Ожидаемое (прогноз по конца года)
Интер РАО (дляФСК)
Промышленныепотребители
Транспорт
Нефтедобыча
Нефтепереработка
Нефтепроводы
Газопроводы
Сельскоехозяйство ипищеваяпромышленность
Непромышленныепотребители
Государственные(муниципальные)организации ипрочиебюджетныепотребители
Население иприравненныегруппыпотребителей
Территориальныесетевыеорганизации
Выручка по ПАО Россети на 2023 год
5 5
319 319
81 81
16 16
16 16
20 20
2 2
56 56
215 215
67 67
218 218
239 239
6 6
331 331
82 82
77 77
20 20
20 20
3 3
57 57
220 220
68 68
214 214
258 258
План
Ожидаемое (прогноз по конца года)
Интер РАО (дляФСК)
Промышленныепотребители
Транспорт
Нефтедобыча
Нефтепереработка
Нефтепроводы
Газопроводы
Сельскоехозяйство ипищеваяпромышленность
Непромышленныепотребители
Государственные(муниципальные)организации ипрочиебюджетныепотребители
Население иприравненныегруппыпотребителей
Территориальныесетевыеорганизации
Отклонения по ПАО Россети на 2023 год
1.2% 1.2%
3.2% 3.2%
492.1% 492.1%
18.1% 18.1%
4.4% 4.4%
11.9% 11.9%
1.2% 1.2%
4.1% 4.1%
2.4% 2.4%
-1.4% -1.4%
9.7% 9.7%
⬤ Отклонение, %
Интер РАО (для ФСК)
Промышленные потребители
Транспорт
Нефтедобыча
Нефтепереработка
Нефтепроводы
Газопроводы
Сельское хозяйство и пищевая пр…
Непромышленные потребители
Государственные (муниципальные…
Население и приравненные групп…
Территориальные сетевые органи…
Выручка отклонения по ПАО Россети на 2023 год
15.6% 15.6%
3.8% 3.8%
1.2% 1.2%
398.2% 398.2%
26.9% 26.9%
-0.6% -0.6%
26.9% 26.9%
1.5% 1.5%
2.7% 2.7%
2.0% 2.0%
-2.0% -2.0%
7.9% 7.9%
⬤ Отклонение, %
Интер РАО (для ФСК)
Промышленные потребители
Транспорт
Нефтедобыча
Нефтепереработка
Нефтепроводы
Газопроводы
Сельское хозяйство и пищевая пр…
Непромышленные потребители
Государственные (муниципальные…
Население и приравненные групп…
Территориальные сетевые органи…
абс.
%
Прогноз на месяц 
Ноябрь
КПО/Отпуск из сети 
Котловой полезный отпуск, млн. кВт.ч
Организация 
Все
Прогноз электропотребления и выручки за услуги по передаче в разрезе отраслей'

29-11-2024T11:28:24 - [TEST_STEP][PASSED] - println("a5:" + a5): null

29-11-2024T11:28:24 - [TEST_STEP][PASSED] - a5 = a5.replaceAll("[^0-9]", ""): null

29-11-2024T11:28:24 - [TEST_STEP][PASSED] - println("a5:" + a5): null

29-11-2024T11:28:24 - [TEST_STEP][PASSED] - click(findTestObject("Прогноз по отраслям/Фильтр Сравнение с")): Object: 'Object Repository/Прогноз по отраслям/Фильтр Сравнение с' is clicked on

29-11-2024T11:28:24 - [MESSAGE][PASSED] - Object: 'Object Repository/Прогноз по отраслям/Фильтр Сравнение с' is clicked on

29-11-2024T11:28:24 - [TEST_STEP][PASSED] - click(findTestObject("Прогноз по отраслям/План СУ")): Object: 'Object Repository/Прогноз по отраслям/План СУ' is clicked on

29-11-2024T11:28:25 - [MESSAGE][PASSED] - Object: 'Object Repository/Прогноз по отраслям/План СУ' is clicked on

29-11-2024T11:28:25 - [TEST_STEP][PASSED] - delay(40): Delayed 40 second(s)

29-11-2024T11:29:05 - [MESSAGE][PASSED] - Delayed 40 second(s)

29-11-2024T11:29:05 - [TEST_STEP][PASSED] - a6 = getText(findTestObject("Прогноз по отраслям/Виджеты дашборда")): Text of object 'Object Repository/Прогноз по отраслям/Виджеты дашборда' is: 'Год 
2023 год
Сравнение с 
План/СУ
Динамика электропотребления, млрд. кВт.ч. по ПАО Россети на 2023 год
0 0
0 0
0 0
0 0
0 0
0 0
0 0
0 0
0 0
0 0
0 0
0 0
0 0
120 120
39 39
39 39
8 8
8 8
1 1
20 20
78 78
26 26
121 121
60 60
СУ
Ожидаемое (прогноз по конца года)
Интер РАО (дляФСК)
Промышленныепотребители
Транспорт
Нефтедобыча
Нефтепереработка
Нефтепроводы
Газопроводы
Сельскоехозяйство ипищеваяпромышленность
Непромышленныепотребители
Государственные(муниципальные)организации ипрочиебюджетныепотребители
Население иприравненныегруппыпотребителей
Территориальныесетевыеорганизации
Выручка по ПАО Россети на 2023 год
6 6
331 331
82 82
77 77
20 20
20 20
3 3
57 57
220 220
68 68
214 214
258 258
Ожидаемое (прогноз по конца года)
Интер РАО (дляФСК)
Промышленныепотребители
Транспорт
Нефтедобыча
Нефтепереработка
Нефтепроводы
Газопроводы
Сельскоехозяйство ипищеваяпромышленность
Непромышленныепотребители
Государственные(муниципальные)организации ипрочиебюджетныепотребители
Население иприравненныегруппыпотребителей
Территориальныесетевыеорганизации
Отклонения по ПАО Россети на 2023 год
⬤ Отклонение, %
Интер РАО (для ФСК)
Промышленные потребители
Транспорт
Нефтедобыча
Нефтепереработка
Нефтепроводы
Газопроводы
Сельское хозяйство и пищевая пр…
Непромышленные потребители
Государственные (муниципальные…
Население и приравненные групп…
Территориальные сетевые органи…
Выручка отклонения по ПАО Россети на 2023 год
⬤ Отклонение, %
Интер РАО (для ФСК)
Промышленные потребители
Транспорт
Нефтедобыча
Нефтепереработка
Нефтепроводы
Газопроводы
Сельское хозяйство и пищевая пр…
Непромышленные потребители
Государственные (муниципальные…
Население и приравненные групп…
Территориальные сетевые органи…
абс.
%
Прогноз на месяц 
Ноябрь
КПО/Отпуск из сети 
Котловой полезный отпуск, млн. кВт.ч
Организация 
Все
Прогноз электропотребления и выручки за услуги по передаче в разрезе отраслей'

29-11-2024T11:29:05 - [MESSAGE][PASSED] - Text of object 'Object Repository/Прогноз по отраслям/Виджеты дашборда' is: 'Год 
2023 год
Сравнение с 
План/СУ
Динамика электропотребления, млрд. кВт.ч. по ПАО Россети на 2023 год
0 0
0 0
0 0
0 0
0 0
0 0
0 0
0 0
0 0
0 0
0 0
0 0
0 0
120 120
39 39
39 39
8 8
8 8
1 1
20 20
78 78
26 26
121 121
60 60
СУ
Ожидаемое (прогноз по конца года)
Интер РАО (дляФСК)
Промышленныепотребители
Транспорт
Нефтедобыча
Нефтепереработка
Нефтепроводы
Газопроводы
Сельскоехозяйство ипищеваяпромышленность
Непромышленныепотребители
Государственные(муниципальные)организации ипрочиебюджетныепотребители
Население иприравненныегруппыпотребителей
Территориальныесетевыеорганизации
Выручка по ПАО Россети на 2023 год
6 6
331 331
82 82
77 77
20 20
20 20
3 3
57 57
220 220
68 68
214 214
258 258
Ожидаемое (прогноз по конца года)
Интер РАО (дляФСК)
Промышленныепотребители
Транспорт
Нефтедобыча
Нефтепереработка
Нефтепроводы
Газопроводы
Сельскоехозяйство ипищеваяпромышленность
Непромышленныепотребители
Государственные(муниципальные)организации ипрочиебюджетныепотребители
Население иприравненныегруппыпотребителей
Территориальныесетевыеорганизации
Отклонения по ПАО Россети на 2023 год
⬤ Отклонение, %
Интер РАО (для ФСК)
Промышленные потребители
Транспорт
Нефтедобыча
Нефтепереработка
Нефтепроводы
Газопроводы
Сельское хозяйство и пищевая пр…
Непромышленные потребители
Государственные (муниципальные…
Население и приравненные групп…
Территориальные сетевые органи…
Выручка отклонения по ПАО Россети на 2023 год
⬤ Отклонение, %
Интер РАО (для ФСК)
Промышленные потребители
Транспорт
Нефтедобыча
Нефтепереработка
Нефтепроводы
Газопроводы
Сельское хозяйство и пищевая пр…
Непромышленные потребители
Государственные (муниципальные…
Население и приравненные групп…
Территориальные сетевые органи…
абс.
%
Прогноз на месяц 
Ноябрь
КПО/Отпуск из сети 
Котловой полезный отпуск, млн. кВт.ч
Организация 
Все
Прогноз электропотребления и выручки за услуги по передаче в разрезе отраслей'

29-11-2024T11:29:05 - [TEST_STEP][PASSED] - a6 = a6.replaceAll("[^0-9]", ""): null

29-11-2024T11:29:05 - [TEST_STEP][PASSED] - println("a6:" + a6): null

29-11-2024T11:29:05 - [TEST_STEP][PASSED] - click(findTestObject("Прогноз по отраслям/Переключить отображение с процентов на абс Блок руководителя")): Object: 'Object Repository/Прогноз по отраслям/Переключить отображение с процентов на абс Блок руководителя' is clicked on

29-11-2024T11:29:06 - [MESSAGE][PASSED] - Object: 'Object Repository/Прогноз по отраслям/Переключить отображение с процентов на абс Блок руководителя' is clicked on

29-11-2024T11:29:06 - [TEST_STEP][PASSED] - click(findTestObject("Прогноз по отраслям/Фильтр Сравнение с")): Object: 'Object Repository/Прогноз по отраслям/Фильтр Сравнение с' is clicked on

29-11-2024T11:29:06 - [MESSAGE][PASSED] - Object: 'Object Repository/Прогноз по отраслям/Фильтр Сравнение с' is clicked on

29-11-2024T11:29:06 - [TEST_STEP][PASSED] - click(findTestObject("Прогноз по отраслям/Факт прошлого года")): Object: 'Object Repository/Прогноз по отраслям/Факт прошлого года' is clicked on

29-11-2024T11:29:07 - [MESSAGE][PASSED] - Object: 'Object Repository/Прогноз по отраслям/Факт прошлого года' is clicked on

29-11-2024T11:29:07 - [TEST_STEP][PASSED] - click(findTestObject("Прогноз по отраслям/Фильтр КПО-Отпуск")): Object: 'Object Repository/Прогноз по отраслям/Фильтр КПО-Отпуск' is clicked on

29-11-2024T11:29:09 - [MESSAGE][PASSED] - Object: 'Object Repository/Прогноз по отраслям/Фильтр КПО-Отпуск' is clicked on

29-11-2024T11:29:09 - [TEST_STEP][PASSED] - click(findTestObject("Прогноз по отраслям/Отпуск")): Object: 'Object Repository/Прогноз по отраслям/Отпуск' is clicked on

29-11-2024T11:29:10 - [MESSAGE][PASSED] - Object: 'Object Repository/Прогноз по отраслям/Отпуск' is clicked on

29-11-2024T11:29:10 - [TEST_STEP][PASSED] - delay(40): Delayed 40 second(s)

29-11-2024T11:29:50 - [MESSAGE][PASSED] - Delayed 40 second(s)

29-11-2024T11:29:50 - [TEST_STEP][PASSED] - a7 = getText(findTestObject("Прогноз по отраслям/Виджеты дашборда")): Text of object 'Object Repository/Прогноз по отраслям/Виджеты дашборда' is: 'Год 
2023 год
Сравнение с 
Факт прошлого года
Отклонения по ПАО Россети на 2023 год
-2 263.5 -2 263.5
11 054.6 11 054.6
1 280.2 1 280.2
-1 947.5 -1 947.5
90.9 90.9
-3 845.0 -3 845.0
4 162.1 4 162.1
651.7 651.7
-4 727.7 -4 727.7
256.5 256.5
-723.9 -723.9
4 292.3 4 292.3
⬤ Отклонение, млн. кВт.ч
Интер РАО (для ФСК)
Промышленные потребители
Транспорт
Нефтедобыча
Нефтепереработка
Нефтепроводы
Газопроводы
Сельское хозяйство и пищевая пр…
Непромышленные потребители
Государственные (муниципальные…
Население и приравненные групп…
Территориальные сетевые органи…
Выручка отклонения по ПАО Россети на 2023 год
421.3 421.3
45 574.9 45 574.9
9 547.5 9 547.5
4 889.3 4 889.3
2 337.4 2 337.4
-1 682.6 -1 682.6
2 919.4 2 919.4
7 110.2 7 110.2
19 840.8 19 840.8
7 289.5 7 289.5
23 664.8 23 664.8
31 028.3 31 028.3
⬤ Отклонение, млн. руб.
Интер РАО (для ФСК)
Промышленные потребители
Транспорт
Нефтедобыча
Нефтепереработка
Нефтепроводы
Газопроводы
Сельское хозяйство и пищевая пр…
Непромышленные потребители
Государственные (муниципальные…
Население и приравненные групп…
Территориальные сетевые органи…
Динамика электропотребления, млрд. кВт.ч. по ПАО Россети на 2023 год
12 12
186 186
36 36
50 50
10 10
19 19
0 0
17 17
85 85
19 19
82 82
604 604
10 10
197 197
37 37
48 48
10 10
15 15
4 4
18 18
80 80
19 19
82 82
608 608
Факт прошлого года
Ожидаемое (прогноз по конца года)
Интер РАО (дляФСК)
Промышленныепотребители
Транспорт
Нефтедобыча
Нефтепереработка
Нефтепроводы
Газопроводы
Сельскоехозяйство ипищеваяпромышленность
Непромышленныепотребители
Государственные(муниципальные)организации ипрочиебюджетныепотребители
Население иприравненныегруппыпотребителей
Территориальныесетевыеорганизации
Выручка по ПАО Россети на 2023 год
5 5
285 285
72 72
72 72
18 18
22 22
0 0
50 50
201 201
61 61
190 190
227 227
6 6
331 331
82 82
77 77
20 20
20 20
3 3
57 57
220 220
68 68
214 214
258 258
Факт прошлого года
Ожидаемое (прогноз по конца года)
Интер РАО (дляФСК)
Промышленныепотребители
Транспорт
Нефтедобыча
Нефтепереработка
Нефтепроводы
Газопроводы
Сельскоехозяйство ипищеваяпромышленность
Непромышленныепотребители
Государственные(муниципальные)организации ипрочиебюджетныепотребители
Население иприравненныегруппыпотребителей
Территориальныесетевыеорганизации
абс.
%
Прогноз на месяц 
Ноябрь
КПО/Отпуск из сети 
Отпуск из сети, млн. кВт.ч
Организация 
Все
Прогноз электропотребления и выручки за услуги по передаче в разрезе отраслей'

29-11-2024T11:29:50 - [MESSAGE][PASSED] - Text of object 'Object Repository/Прогноз по отраслям/Виджеты дашборда' is: 'Год 
2023 год
Сравнение с 
Факт прошлого года
Отклонения по ПАО Россети на 2023 год
-2 263.5 -2 263.5
11 054.6 11 054.6
1 280.2 1 280.2
-1 947.5 -1 947.5
90.9 90.9
-3 845.0 -3 845.0
4 162.1 4 162.1
651.7 651.7
-4 727.7 -4 727.7
256.5 256.5
-723.9 -723.9
4 292.3 4 292.3
⬤ Отклонение, млн. кВт.ч
Интер РАО (для ФСК)
Промышленные потребители
Транспорт
Нефтедобыча
Нефтепереработка
Нефтепроводы
Газопроводы
Сельское хозяйство и пищевая пр…
Непромышленные потребители
Государственные (муниципальные…
Население и приравненные групп…
Территориальные сетевые органи…
Выручка отклонения по ПАО Россети на 2023 год
421.3 421.3
45 574.9 45 574.9
9 547.5 9 547.5
4 889.3 4 889.3
2 337.4 2 337.4
-1 682.6 -1 682.6
2 919.4 2 919.4
7 110.2 7 110.2
19 840.8 19 840.8
7 289.5 7 289.5
23 664.8 23 664.8
31 028.3 31 028.3
⬤ Отклонение, млн. руб.
Интер РАО (для ФСК)
Промышленные потребители
Транспорт
Нефтедобыча
Нефтепереработка
Нефтепроводы
Газопроводы
Сельское хозяйство и пищевая пр…
Непромышленные потребители
Государственные (муниципальные…
Население и приравненные групп…
Территориальные сетевые органи…
Динамика электропотребления, млрд. кВт.ч. по ПАО Россети на 2023 год
12 12
186 186
36 36
50 50
10 10
19 19
0 0
17 17
85 85
19 19
82 82
604 604
10 10
197 197
37 37
48 48
10 10
15 15
4 4
18 18
80 80
19 19
82 82
608 608
Факт прошлого года
Ожидаемое (прогноз по конца года)
Интер РАО (дляФСК)
Промышленныепотребители
Транспорт
Нефтедобыча
Нефтепереработка
Нефтепроводы
Газопроводы
Сельскоехозяйство ипищеваяпромышленность
Непромышленныепотребители
Государственные(муниципальные)организации ипрочиебюджетныепотребители
Население иприравненныегруппыпотребителей
Территориальныесетевыеорганизации
Выручка по ПАО Россети на 2023 год
5 5
285 285
72 72
72 72
18 18
22 22
0 0
50 50
201 201
61 61
190 190
227 227
6 6
331 331
82 82
77 77
20 20
20 20
3 3
57 57
220 220
68 68
214 214
258 258
Факт прошлого года
Ожидаемое (прогноз по конца года)
Интер РАО (дляФСК)
Промышленныепотребители
Транспорт
Нефтедобыча
Нефтепереработка
Нефтепроводы
Газопроводы
Сельскоехозяйство ипищеваяпромышленность
Непромышленныепотребители
Государственные(муниципальные)организации ипрочиебюджетныепотребители
Население иприравненныегруппыпотребителей
Территориальныесетевыеорганизации
абс.
%
Прогноз на месяц 
Ноябрь
КПО/Отпуск из сети 
Отпуск из сети, млн. кВт.ч
Организация 
Все
Прогноз электропотребления и выручки за услуги по передаче в разрезе отраслей'

29-11-2024T11:29:50 - [TEST_STEP][PASSED] - a7 = a7.replaceAll("[^0-9]", ""): null

29-11-2024T11:29:50 - [TEST_STEP][PASSED] - println("a7:" + a7): null

29-11-2024T11:29:50 - [TEST_STEP][PASSED] - click(findTestObject("Прогноз по отраслям/Фильтр Сравнение с")): Object: 'Object Repository/Прогноз по отраслям/Фильтр Сравнение с' is clicked on

29-11-2024T11:29:51 - [MESSAGE][PASSED] - Object: 'Object Repository/Прогноз по отраслям/Фильтр Сравнение с' is clicked on

29-11-2024T11:29:51 - [TEST_STEP][PASSED] - click(findTestObject("Прогноз по отраслям/План")): Object: 'Object Repository/Прогноз по отраслям/План' is clicked on

29-11-2024T11:29:52 - [MESSAGE][PASSED] - Object: 'Object Repository/Прогноз по отраслям/План' is clicked on

29-11-2024T11:29:52 - [TEST_STEP][PASSED] - delay(40): Delayed 40 second(s)

29-11-2024T11:30:32 - [MESSAGE][PASSED] - Delayed 40 second(s)

29-11-2024T11:30:32 - [TEST_STEP][PASSED] - a8 = getText(findTestObject("Прогноз по отраслям/Виджеты дашборда")): Text of object 'Object Repository/Прогноз по отраслям/Виджеты дашборда' is: 'Год 
2023 год
Сравнение с 
План
Отклонения по ПАО Россети на 2023 год
-492.2 -492.2
7 165.1 7 165.1
689.3 689.3
33 271.7 33 271.7
986.4 986.4
593.8 593.8
764.0 764.0
670.4 670.4
-592.4 -592.4
308.8 308.8
-940.9 -940.9
19 604.1 19 604.1
⬤ Отклонение, млн. кВт.ч
Интер РАО (для ФСК)
Промышленные потребители
Транспорт
Нефтедобыча
Нефтепереработка
Нефтепроводы
Газопроводы
Сельское хозяйство и пищевая пр…
Непромышленные потребители
Государственные (муниципальные…
Население и приравненные групп…
Территориальные сетевые органи…
Выручка отклонения по ПАО Россети на 2023 год
794.9 794.9
12 195.0 12 195.0
972.7 972.7
61 803.9 61 803.9
4 222.3 4 222.3
-121.8 -121.8
666.2 666.2
873.2 873.2
5 809.6 5 809.6
1 342.6 1 342.6
-4 463.2 -4 463.2
18 375.5 18 375.5
⬤ Отклонение, млн. руб.
Интер РАО (для ФСК)
Промышленные потребители
Транспорт
Нефтедобыча
Нефтепереработка
Нефтепроводы
Газопроводы
Сельское хозяйство и пищевая пр…
Непромышленные потребители
Государственные (муниципальные…
Население и приравненные групп…
Территориальные сетевые органи…
Динамика электропотребления, млрд. кВт.ч. по ПАО Россети на 2023 год
10 10
190 190
36 36
14 14
9 9
14 14
4 4
17 17
80 80
19 19
82 82
588 588
10 10
197 197
37 37
48 48
10 10
15 15
4 4
18 18
80 80
19 19
82 82
608 608
План
Ожидаемое (прогноз по конца года)
Интер РАО (дляФСК)
Промышленныепотребители
Транспорт
Нефтедобыча
Нефтепереработка
Нефтепроводы
Газопроводы
Сельскоехозяйство ипищеваяпромышленность
Непромышленныепотребители
Государственные(муниципальные)организации ипрочиебюджетныепотребители
Население иприравненныегруппыпотребителей
Территориальныесетевыеорганизации
Выручка по ПАО Россети на 2023 год
5 5
319 319
81 81
16 16
16 16
20 20
2 2
56 56
215 215
67 67
218 218
239 239
6 6
331 331
82 82
77 77
20 20
20 20
3 3
57 57
220 220
68 68
214 214
258 258
План
Ожидаемое (прогноз по конца года)
Интер РАО (дляФСК)
Промышленныепотребители
Транспорт
Нефтедобыча
Нефтепереработка
Нефтепроводы
Газопроводы
Сельскоехозяйство ипищеваяпромышленность
Непромышленныепотребители
Государственные(муниципальные)организации ипрочиебюджетныепотребители
Население иприравненныегруппыпотребителей
Территориальныесетевыеорганизации
абс.
%
Прогноз на месяц 
Ноябрь
КПО/Отпуск из сети 
Отпуск из сети, млн. кВт.ч
Организация 
Все
Прогноз электропотребления и выручки за услуги по передаче в разрезе отраслей'

29-11-2024T11:30:40 - [MESSAGE][PASSED] - Text of object 'Object Repository/Прогноз по отраслям/Виджеты дашборда' is: 'Год 
2023 год
Сравнение с 
План
Отклонения по ПАО Россети на 2023 год
-492.2 -492.2
7 165.1 7 165.1
689.3 689.3
33 271.7 33 271.7
986.4 986.4
593.8 593.8
764.0 764.0
670.4 670.4
-592.4 -592.4
308.8 308.8
-940.9 -940.9
19 604.1 19 604.1
⬤ Отклонение, млн. кВт.ч
Интер РАО (для ФСК)
Промышленные потребители
Транспорт
Нефтедобыча
Нефтепереработка
Нефтепроводы
Газопроводы
Сельское хозяйство и пищевая пр…
Непромышленные потребители
Государственные (муниципальные…
Население и приравненные групп…
Территориальные сетевые органи…
Выручка отклонения по ПАО Россети на 2023 год
794.9 794.9
12 195.0 12 195.0
972.7 972.7
61 803.9 61 803.9
4 222.3 4 222.3
-121.8 -121.8
666.2 666.2
873.2 873.2
5 809.6 5 809.6
1 342.6 1 342.6
-4 463.2 -4 463.2
18 375.5 18 375.5
⬤ Отклонение, млн. руб.
Интер РАО (для ФСК)
Промышленные потребители
Транспорт
Нефтедобыча
Нефтепереработка
Нефтепроводы
Газопроводы
Сельское хозяйство и пищевая пр…
Непромышленные потребители
Государственные (муниципальные…
Население и приравненные групп…
Территориальные сетевые органи…
Динамика электропотребления, млрд. кВт.ч. по ПАО Россети на 2023 год
10 10
190 190
36 36
14 14
9 9
14 14
4 4
17 17
80 80
19 19
82 82
588 588
10 10
197 197
37 37
48 48
10 10
15 15
4 4
18 18
80 80
19 19
82 82
608 608
План
Ожидаемое (прогноз по конца года)
Интер РАО (дляФСК)
Промышленныепотребители
Транспорт
Нефтедобыча
Нефтепереработка
Нефтепроводы
Газопроводы
Сельскоехозяйство ипищеваяпромышленность
Непромышленныепотребители
Государственные(муниципальные)организации ипрочиебюджетныепотребители
Население иприравненныегруппыпотребителей
Территориальныесетевыеорганизации
Выручка по ПАО Россети на 2023 год
5 5
319 319
81 81
16 16
16 16
20 20
2 2
56 56
215 215
67 67
218 218
239 239
6 6
331 331
82 82
77 77
20 20
20 20
3 3
57 57
220 220
68 68
214 214
258 258
План
Ожидаемое (прогноз по конца года)
Интер РАО (дляФСК)
Промышленныепотребители
Транспорт
Нефтедобыча
Нефтепереработка
Нефтепроводы
Газопроводы
Сельскоехозяйство ипищеваяпромышленность
Непромышленныепотребители
Государственные(муниципальные)организации ипрочиебюджетныепотребители
Население иприравненныегруппыпотребителей
Территориальныесетевыеорганизации
абс.
%
Прогноз на месяц 
Ноябрь
КПО/Отпуск из сети 
Отпуск из сети, млн. кВт.ч
Организация 
Все
Прогноз электропотребления и выручки за услуги по передаче в разрезе отраслей'

29-11-2024T11:30:40 - [TEST_STEP][PASSED] - a8 = a8.replaceAll("[^0-9]", ""): null

29-11-2024T11:30:40 - [TEST_STEP][PASSED] - println("a8:" + a8): null

29-11-2024T11:30:40 - [TEST_STEP][PASSED] - click(findTestObject("Прогноз по отраслям/Фильтр Сравнение с")): Object: 'Object Repository/Прогноз по отраслям/Фильтр Сравнение с' is clicked on

29-11-2024T11:30:41 - [MESSAGE][PASSED] - Object: 'Object Repository/Прогноз по отраслям/Фильтр Сравнение с' is clicked on

29-11-2024T11:30:41 - [TEST_STEP][PASSED] - click(findTestObject("Прогноз по отраслям/План СУ")): Object: 'Object Repository/Прогноз по отраслям/План СУ' is clicked on

29-11-2024T11:30:42 - [MESSAGE][PASSED] - Object: 'Object Repository/Прогноз по отраслям/План СУ' is clicked on

29-11-2024T11:30:42 - [TEST_STEP][PASSED] - delay(40): Delayed 40 second(s)

29-11-2024T11:31:22 - [MESSAGE][PASSED] - Delayed 40 second(s)

29-11-2024T11:31:22 - [TEST_STEP][PASSED] - a9 = getText(findTestObject("Прогноз по отраслям/Виджеты дашборда")): Text of object 'Object Repository/Прогноз по отраслям/Виджеты дашборда' is: 'Год 
2023 год
Сравнение с 
План/СУ
Отклонения по ПАО Россети на 2023 год
243.5 243.5
11 013.5 11 013.5
674.8 674.8
32 765.3 32 765.3
1 049.4 1 049.4
271.8 271.8
495.2 495.2
588.7 588.7
-7 607.7 -7 607.7
31.9 31.9
-1 318.1 -1 318.1
10 906.5 10 906.5
⬤ Отклонение, млн. кВт.ч
Интер РАО (для ФСК)
Промышленные потребители
Транспорт
Нефтедобыча
Нефтепереработка
Нефтепроводы
Газопроводы
Сельское хозяйство и пищевая пр…
Непромышленные потребители
Государственные (муниципальные…
Население и приравненные групп…
Территориальные сетевые органи…
Выручка отклонения по ПАО Россети на 2023 год
⬤ Отклонение, млн. руб.
Интер РАО (для ФСК)
Промышленные потребители
Транспорт
Нефтедобыча
Нефтепереработка
Нефтепроводы
Газопроводы
Сельское хозяйство и пищевая пр…
Непромышленные потребители
Государственные (муниципальные…
Население и приравненные групп…
Территориальные сетевые органи…
Динамика электропотребления, млрд. кВт.ч. по ПАО Россети на 2023 год
10 10
186 186
36 36
15 15
9 9
14 14
4 4
17 17
88 88
19 19
83 83
597 597
10 10
197 197
37 37
48 48
10 10
15 15
4 4
18 18
80 80
19 19
82 82
608 608
СУ
Ожидаемое (прогноз по конца года)
Интер РАО (дляФСК)
Промышленныепотребители
Транспорт
Нефтедобыча
Нефтепереработка
Нефтепроводы
Газопроводы
Сельскоехозяйство ипищеваяпромышленность
Непромышленныепотребители
Государственные(муниципальные)организации ипрочиебюджетныепотребители
Население иприравненныегруппыпотребителей
Территориальныесетевыеорганизации
Выручка по ПАО Россети на 2023 год
6 6
331 331
82 82
77 77
20 20
20 20
3 3
57 57
220 220
68 68
214 214
258 258
Ожидаемое (прогноз по конца года)
Интер РАО (дляФСК)
Промышленныепотребители
Транспорт
Нефтедобыча
Нефтепереработка
Нефтепроводы
Газопроводы
Сельскоехозяйство ипищеваяпромышленность
Непромышленныепотребители
Государственные(муниципальные)организации ипрочиебюджетныепотребители
Население иприравненныегруппыпотребителей
Территориальныесетевыеорганизации
абс.
%
Прогноз на месяц 
Ноябрь
КПО/Отпуск из сети 
Отпуск из сети, млн. кВт.ч
Организация 
Все
Прогноз электропотребления и выручки за услуги по передаче в разрезе отраслей'

29-11-2024T11:31:22 - [MESSAGE][PASSED] - Text of object 'Object Repository/Прогноз по отраслям/Виджеты дашборда' is: 'Год 
2023 год
Сравнение с 
План/СУ
Отклонения по ПАО Россети на 2023 год
243.5 243.5
11 013.5 11 013.5
674.8 674.8
32 765.3 32 765.3
1 049.4 1 049.4
271.8 271.8
495.2 495.2
588.7 588.7
-7 607.7 -7 607.7
31.9 31.9
-1 318.1 -1 318.1
10 906.5 10 906.5
⬤ Отклонение, млн. кВт.ч
Интер РАО (для ФСК)
Промышленные потребители
Транспорт
Нефтедобыча
Нефтепереработка
Нефтепроводы
Газопроводы
Сельское хозяйство и пищевая пр…
Непромышленные потребители
Государственные (муниципальные…
Население и приравненные групп…
Территориальные сетевые органи…
Выручка отклонения по ПАО Россети на 2023 год
⬤ Отклонение, млн. руб.
Интер РАО (для ФСК)
Промышленные потребители
Транспорт
Нефтедобыча
Нефтепереработка
Нефтепроводы
Газопроводы
Сельское хозяйство и пищевая пр…
Непромышленные потребители
Государственные (муниципальные…
Население и приравненные групп…
Территориальные сетевые органи…
Динамика электропотребления, млрд. кВт.ч. по ПАО Россети на 2023 год
10 10
186 186
36 36
15 15
9 9
14 14
4 4
17 17
88 88
19 19
83 83
597 597
10 10
197 197
37 37
48 48
10 10
15 15
4 4
18 18
80 80
19 19
82 82
608 608
СУ
Ожидаемое (прогноз по конца года)
Интер РАО (дляФСК)
Промышленныепотребители
Транспорт
Нефтедобыча
Нефтепереработка
Нефтепроводы
Газопроводы
Сельскоехозяйство ипищеваяпромышленность
Непромышленныепотребители
Государственные(муниципальные)организации ипрочиебюджетныепотребители
Население иприравненныегруппыпотребителей
Территориальныесетевыеорганизации
Выручка по ПАО Россети на 2023 год
6 6
331 331
82 82
77 77
20 20
20 20
3 3
57 57
220 220
68 68
214 214
258 258
Ожидаемое (прогноз по конца года)
Интер РАО (дляФСК)
Промышленныепотребители
Транспорт
Нефтедобыча
Нефтепереработка
Нефтепроводы
Газопроводы
Сельскоехозяйство ипищеваяпромышленность
Непромышленныепотребители
Государственные(муниципальные)организации ипрочиебюджетныепотребители
Население иприравненныегруппыпотребителей
Территориальныесетевыеорганизации
абс.
%
Прогноз на месяц 
Ноябрь
КПО/Отпуск из сети 
Отпуск из сети, млн. кВт.ч
Организация 
Все
Прогноз электропотребления и выручки за услуги по передаче в разрезе отраслей'

29-11-2024T11:31:22 - [TEST_STEP][PASSED] - a9 = a9.replaceAll("[^0-9]", ""): null

29-11-2024T11:31:22 - [TEST_STEP][PASSED] - println("a9:" + a9): null

29-11-2024T11:31:22 - [TEST_STEP][PASSED] - click(findTestObject("Прогноз по отраслям/Фильтр Сравнение с")): Object: 'Object Repository/Прогноз по отраслям/Фильтр Сравнение с' is clicked on

29-11-2024T11:31:22 - [MESSAGE][PASSED] - Object: 'Object Repository/Прогноз по отраслям/Фильтр Сравнение с' is clicked on

29-11-2024T11:31:22 - [TEST_STEP][PASSED] - click(findTestObject("Прогноз по отраслям/Факт прошлого года")): Object: 'Object Repository/Прогноз по отраслям/Факт прошлого года' is clicked on

29-11-2024T11:31:23 - [MESSAGE][PASSED] - Object: 'Object Repository/Прогноз по отраслям/Факт прошлого года' is clicked on

29-11-2024T11:31:23 - [TEST_STEP][PASSED] - click(findTestObject("Прогноз по отраслям/Фильтр КПО-Отпуск")): Object: 'Object Repository/Прогноз по отраслям/Фильтр КПО-Отпуск' is clicked on

29-11-2024T11:31:25 - [MESSAGE][PASSED] - Object: 'Object Repository/Прогноз по отраслям/Фильтр КПО-Отпуск' is clicked on

29-11-2024T11:31:25 - [TEST_STEP][PASSED] - click(findTestObject("Прогноз по отраслям/КПО")): Object: 'Object Repository/Прогноз по отраслям/КПО' is clicked on

29-11-2024T11:31:26 - [MESSAGE][PASSED] - Object: 'Object Repository/Прогноз по отраслям/КПО' is clicked on

29-11-2024T11:31:26 - [TEST_STEP][PASSED] - delay(40): Delayed 40 second(s)

29-11-2024T11:32:06 - [MESSAGE][PASSED] - Delayed 40 second(s)

29-11-2024T11:32:06 - [TEST_STEP][PASSED] - a10 = getText(findTestObject("Прогноз по отраслям/Виджеты дашборда")): Text of object 'Object Repository/Прогноз по отраслям/Виджеты дашборда' is: 'Год 
2023 год
Сравнение с 
Факт прошлого года
Отклонения по ПАО Россети на 2023 год
0.0 0.0
646.5 646.5
341.1 341.1
-2 455.6 -2 455.6
245.6 245.6
-1 796.0 -1 796.0
676.2 676.2
452.4 452.4
1 386.2 1 386.2
527.5 527.5
-1 130.4 -1 130.4
-128.7 -128.7
⬤ Отклонение, млн. кВт.ч
Интер РАО (для ФСК)
Промышленные потребители
Транспорт
Нефтедобыча
Нефтепереработка
Нефтепроводы
Газопроводы
Сельское хозяйство и пищевая пр…
Непромышленные потребители
Государственные (муниципальные…
Население и приравненные групп…
Территориальные сетевые органи…
Выручка отклонения по ПАО Россети на 2023 год
421.3 421.3
45 574.9 45 574.9
9 547.5 9 547.5
4 889.3 4 889.3
2 337.4 2 337.4
-1 682.6 -1 682.6
2 919.4 2 919.4
7 110.2 7 110.2
19 840.8 19 840.8
7 289.5 7 289.5
23 664.8 23 664.8
31 028.3 31 028.3
⬤ Отклонение, млн. руб.
Интер РАО (для ФСК)
Промышленные потребители
Транспорт
Нефтедобыча
Нефтепереработка
Нефтепроводы
Газопроводы
Сельское хозяйство и пищевая пр…
Непромышленные потребители
Государственные (муниципальные…
Население и приравненные групп…
Территориальные сетевые органи…
Динамика электропотребления, млрд. кВт.ч. по ПАО Россети на 2023 год
0 0
120 120
38 38
41 41
8 8
10 10
0 0
19 19
77 77
25 25
122 122
61 61
0 0
120 120
39 39
39 39
8 8
8 8
1 1
20 20
78 78
26 26
121 121
60 60
Факт прошлого года
Ожидаемое (прогноз по конца года)
Интер РАО (дляФСК)
Промышленныепотребители
Транспорт
Нефтедобыча
Нефтепереработка
Нефтепроводы
Газопроводы
Сельскоехозяйство ипищеваяпромышленность
Непромышленныепотребители
Государственные(муниципальные)организации ипрочиебюджетныепотребители
Население иприравненныегруппыпотребителей
Территориальныесетевыеорганизации
Выручка по ПАО Россети на 2023 год
5 5
285 285
72 72
72 72
18 18
22 22
0 0
50 50
201 201
61 61
190 190
227 227
6 6
331 331
82 82
77 77
20 20
20 20
3 3
57 57
220 220
68 68
214 214
258 258
Факт прошлого года
Ожидаемое (прогноз по конца года)
Интер РАО (дляФСК)
Промышленныепотребители
Транспорт
Нефтедобыча
Нефтепереработка
Нефтепроводы
Газопроводы
Сельскоехозяйство ипищеваяпромышленность
Непромышленныепотребители
Государственные(муниципальные)организации ипрочиебюджетныепотребители
Население иприравненныегруппыпотребителей
Территориальныесетевыеорганизации
абс.
%
Прогноз на месяц 
Ноябрь
КПО/Отпуск из сети 
Котловой полезный отпуск, млн. кВт.ч
Организация 
Все
Прогноз электропотребления и выручки за услуги по передаче в разрезе отраслей'

29-11-2024T11:32:07 - [MESSAGE][PASSED] - Text of object 'Object Repository/Прогноз по отраслям/Виджеты дашборда' is: 'Год 
2023 год
Сравнение с 
Факт прошлого года
Отклонения по ПАО Россети на 2023 год
0.0 0.0
646.5 646.5
341.1 341.1
-2 455.6 -2 455.6
245.6 245.6
-1 796.0 -1 796.0
676.2 676.2
452.4 452.4
1 386.2 1 386.2
527.5 527.5
-1 130.4 -1 130.4
-128.7 -128.7
⬤ Отклонение, млн. кВт.ч
Интер РАО (для ФСК)
Промышленные потребители
Транспорт
Нефтедобыча
Нефтепереработка
Нефтепроводы
Газопроводы
Сельское хозяйство и пищевая пр…
Непромышленные потребители
Государственные (муниципальные…
Население и приравненные групп…
Территориальные сетевые органи…
Выручка отклонения по ПАО Россети на 2023 год
421.3 421.3
45 574.9 45 574.9
9 547.5 9 547.5
4 889.3 4 889.3
2 337.4 2 337.4
-1 682.6 -1 682.6
2 919.4 2 919.4
7 110.2 7 110.2
19 840.8 19 840.8
7 289.5 7 289.5
23 664.8 23 664.8
31 028.3 31 028.3
⬤ Отклонение, млн. руб.
Интер РАО (для ФСК)
Промышленные потребители
Транспорт
Нефтедобыча
Нефтепереработка
Нефтепроводы
Газопроводы
Сельское хозяйство и пищевая пр…
Непромышленные потребители
Государственные (муниципальные…
Население и приравненные групп…
Территориальные сетевые органи…
Динамика электропотребления, млрд. кВт.ч. по ПАО Россети на 2023 год
0 0
120 120
38 38
41 41
8 8
10 10
0 0
19 19
77 77
25 25
122 122
61 61
0 0
120 120
39 39
39 39
8 8
8 8
1 1
20 20
78 78
26 26
121 121
60 60
Факт прошлого года
Ожидаемое (прогноз по конца года)
Интер РАО (дляФСК)
Промышленныепотребители
Транспорт
Нефтедобыча
Нефтепереработка
Нефтепроводы
Газопроводы
Сельскоехозяйство ипищеваяпромышленность
Непромышленныепотребители
Государственные(муниципальные)организации ипрочиебюджетныепотребители
Население иприравненныегруппыпотребителей
Территориальныесетевыеорганизации
Выручка по ПАО Россети на 2023 год
5 5
285 285
72 72
72 72
18 18
22 22
0 0
50 50
201 201
61 61
190 190
227 227
6 6
331 331
82 82
77 77
20 20
20 20
3 3
57 57
220 220
68 68
214 214
258 258
Факт прошлого года
Ожидаемое (прогноз по конца года)
Интер РАО (дляФСК)
Промышленныепотребители
Транспорт
Нефтедобыча
Нефтепереработка
Нефтепроводы
Газопроводы
Сельскоехозяйство ипищеваяпромышленность
Непромышленныепотребители
Государственные(муниципальные)организации ипрочиебюджетныепотребители
Население иприравненныегруппыпотребителей
Территориальныесетевыеорганизации
абс.
%
Прогноз на месяц 
Ноябрь
КПО/Отпуск из сети 
Котловой полезный отпуск, млн. кВт.ч
Организация 
Все
Прогноз электропотребления и выручки за услуги по передаче в разрезе отраслей'

29-11-2024T11:32:07 - [TEST_STEP][PASSED] - a10 = a10.replaceAll("[^0-9]", ""): null

29-11-2024T11:32:07 - [TEST_STEP][PASSED] - println("a10:" + a10): null

29-11-2024T11:32:07 - [TEST_STEP][PASSED] - click(findTestObject("Прогноз по отраслям/Фильтр Сравнение с")): Object: 'Object Repository/Прогноз по отраслям/Фильтр Сравнение с' is clicked on

29-11-2024T11:32:07 - [MESSAGE][PASSED] - Object: 'Object Repository/Прогноз по отраслям/Фильтр Сравнение с' is clicked on

29-11-2024T11:32:07 - [TEST_STEP][PASSED] - click(findTestObject("Прогноз по отраслям/План")): Object: 'Object Repository/Прогноз по отраслям/План' is clicked on

29-11-2024T11:32:08 - [MESSAGE][PASSED] - Object: 'Object Repository/Прогноз по отраслям/План' is clicked on

29-11-2024T11:32:08 - [TEST_STEP][PASSED] - delay(40): Delayed 40 second(s)

29-11-2024T11:32:48 - [MESSAGE][PASSED] - Delayed 40 second(s)

29-11-2024T11:32:48 - [TEST_STEP][PASSED] - a11 = getText(findTestObject("Прогноз по отраслям/Виджеты дашборда")): Text of object 'Object Repository/Прогноз по отраслям/Виджеты дашборда' is: 'Год 
2023 год
Сравнение с 
План
Отклонения по ПАО Россети на 2023 год
0.0 0.0
1 471.7 1 471.7
1 186.5 1 186.5
32 445.2 32 445.2
1 268.3 1 268.3
349.4 349.4
84.3 84.3
239.8 239.8
2 969.4 2 969.4
589.2 589.2
-1 798.4 -1 798.4
5 359.3 5 359.3
⬤ Отклонение, млн. кВт.ч
Интер РАО (для ФСК)
Промышленные потребители
Транспорт
Нефтедобыча
Нефтепереработка
Нефтепроводы
Газопроводы
Сельское хозяйство и пищевая пр…
Непромышленные потребители
Государственные (муниципальные…
Население и приравненные групп…
Территориальные сетевые органи…
Выручка отклонения по ПАО Россети на 2023 год
794.9 794.9
12 195.0 12 195.0
972.7 972.7
61 803.9 61 803.9
4 222.3 4 222.3
-121.8 -121.8
666.2 666.2
873.2 873.2
5 809.6 5 809.6
1 342.6 1 342.6
-4 463.2 -4 463.2
18 375.5 18 375.5
⬤ Отклонение, млн. руб.
Интер РАО (для ФСК)
Промышленные потребители
Транспорт
Нефтедобыча
Нефтепереработка
Нефтепроводы
Газопроводы
Сельское хозяйство и пищевая пр…
Непромышленные потребители
Государственные (муниципальные…
Население и приравненные групп…
Территориальные сетевые органи…
Динамика электропотребления, млрд. кВт.ч. по ПАО Россети на 2023 год
0 0
119 119
37 37
7 7
7 7
8 8
1 1
19 19
75 75
25 25
123 123
55 55
0 0
120 120
39 39
39 39
8 8
8 8
1 1
20 20
78 78
26 26
121 121
60 60
План
Ожидаемое (прогноз по конца года)
Интер РАО (дляФСК)
Промышленныепотребители
Транспорт
Нефтедобыча
Нефтепереработка
Нефтепроводы
Газопроводы
Сельскоехозяйство ипищеваяпромышленность
Непромышленныепотребители
Государственные(муниципальные)организации ипрочиебюджетныепотребители
Население иприравненныегруппыпотребителей
Территориальныесетевыеорганизации
Выручка по ПАО Россети на 2023 год
5 5
319 319
81 81
16 16
16 16
20 20
2 2
56 56
215 215
67 67
218 218
239 239
6 6
331 331
82 82
77 77
20 20
20 20
3 3
57 57
220 220
68 68
214 214
258 258
План
Ожидаемое (прогноз по конца года)
Интер РАО (дляФСК)
Промышленныепотребители
Транспорт
Нефтедобыча
Нефтепереработка
Нефтепроводы
Газопроводы
Сельскоехозяйство ипищеваяпромышленность
Непромышленныепотребители
Государственные(муниципальные)организации ипрочиебюджетныепотребители
Население иприравненныегруппыпотребителей
Территориальныесетевыеорганизации
абс.
%
Прогноз на месяц 
Ноябрь
КПО/Отпуск из сети 
Котловой полезный отпуск, млн. кВт.ч
Организация 
Все
Прогноз электропотребления и выручки за услуги по передаче в разрезе отраслей'

29-11-2024T11:32:49 - [MESSAGE][PASSED] - Text of object 'Object Repository/Прогноз по отраслям/Виджеты дашборда' is: 'Год 
2023 год
Сравнение с 
План
Отклонения по ПАО Россети на 2023 год
0.0 0.0
1 471.7 1 471.7
1 186.5 1 186.5
32 445.2 32 445.2
1 268.3 1 268.3
349.4 349.4
84.3 84.3
239.8 239.8
2 969.4 2 969.4
589.2 589.2
-1 798.4 -1 798.4
5 359.3 5 359.3
⬤ Отклонение, млн. кВт.ч
Интер РАО (для ФСК)
Промышленные потребители
Транспорт
Нефтедобыча
Нефтепереработка
Нефтепроводы
Газопроводы
Сельское хозяйство и пищевая пр…
Непромышленные потребители
Государственные (муниципальные…
Население и приравненные групп…
Территориальные сетевые органи…
Выручка отклонения по ПАО Россети на 2023 год
794.9 794.9
12 195.0 12 195.0
972.7 972.7
61 803.9 61 803.9
4 222.3 4 222.3
-121.8 -121.8
666.2 666.2
873.2 873.2
5 809.6 5 809.6
1 342.6 1 342.6
-4 463.2 -4 463.2
18 375.5 18 375.5
⬤ Отклонение, млн. руб.
Интер РАО (для ФСК)
Промышленные потребители
Транспорт
Нефтедобыча
Нефтепереработка
Нефтепроводы
Газопроводы
Сельское хозяйство и пищевая пр…
Непромышленные потребители
Государственные (муниципальные…
Население и приравненные групп…
Территориальные сетевые органи…
Динамика электропотребления, млрд. кВт.ч. по ПАО Россети на 2023 год
0 0
119 119
37 37
7 7
7 7
8 8
1 1
19 19
75 75
25 25
123 123
55 55
0 0
120 120
39 39
39 39
8 8
8 8
1 1
20 20
78 78
26 26
121 121
60 60
План
Ожидаемое (прогноз по конца года)
Интер РАО (дляФСК)
Промышленныепотребители
Транспорт
Нефтедобыча
Нефтепереработка
Нефтепроводы
Газопроводы
Сельскоехозяйство ипищеваяпромышленность
Непромышленныепотребители
Государственные(муниципальные)организации ипрочиебюджетныепотребители
Население иприравненныегруппыпотребителей
Территориальныесетевыеорганизации
Выручка по ПАО Россети на 2023 год
5 5
319 319
81 81
16 16
16 16
20 20
2 2
56 56
215 215
67 67
218 218
239 239
6 6
331 331
82 82
77 77
20 20
20 20
3 3
57 57
220 220
68 68
214 214
258 258
План
Ожидаемое (прогноз по конца года)
Интер РАО (дляФСК)
Промышленныепотребители
Транспорт
Нефтедобыча
Нефтепереработка
Нефтепроводы
Газопроводы
Сельскоехозяйство ипищеваяпромышленность
Непромышленныепотребители
Государственные(муниципальные)организации ипрочиебюджетныепотребители
Население иприравненныегруппыпотребителей
Территориальныесетевыеорганизации
абс.
%
Прогноз на месяц 
Ноябрь
КПО/Отпуск из сети 
Котловой полезный отпуск, млн. кВт.ч
Организация 
Все
Прогноз электропотребления и выручки за услуги по передаче в разрезе отраслей'

29-11-2024T11:32:49 - [TEST_STEP][PASSED] - println("a11:" + a11): null

29-11-2024T11:32:49 - [TEST_STEP][PASSED] - a11 = a11.replaceAll("[^0-9]", ""): null

29-11-2024T11:32:49 - [TEST_STEP][PASSED] - println("a11:" + a11): null

29-11-2024T11:32:49 - [TEST_STEP][PASSED] - click(findTestObject("Прогноз по отраслям/Фильтр Сравнение с")): Object: 'Object Repository/Прогноз по отраслям/Фильтр Сравнение с' is clicked on

29-11-2024T11:32:49 - [MESSAGE][PASSED] - Object: 'Object Repository/Прогноз по отраслям/Фильтр Сравнение с' is clicked on

29-11-2024T11:32:49 - [TEST_STEP][PASSED] - click(findTestObject("Прогноз по отраслям/План СУ")): Object: 'Object Repository/Прогноз по отраслям/План СУ' is clicked on

29-11-2024T11:32:50 - [MESSAGE][PASSED] - Object: 'Object Repository/Прогноз по отраслям/План СУ' is clicked on

29-11-2024T11:32:50 - [TEST_STEP][PASSED] - delay(40): Delayed 40 second(s)

29-11-2024T11:33:30 - [MESSAGE][PASSED] - Delayed 40 second(s)

29-11-2024T11:33:30 - [TEST_STEP][PASSED] - a12 = getText(findTestObject("Прогноз по отраслям/Виджеты дашборда")): Text of object 'Object Repository/Прогноз по отраслям/Виджеты дашборда' is: 'Год 
2023 год
Сравнение с 
План/СУ
Отклонения по ПАО Россети на 2023 год
0.0 0.0
120 322.6 120 322.6
38 655.4 38 655.4
39 037.8 39 037.8
8 291.7 8 291.7
8 259.5 8 259.5
793.1 793.1
19 706.6 19 706.6
78 310.2 78 310.2
25 579.5 25 579.5
121 219.7 121 219.7
60 414.9 60 414.9
⬤ Отклонение, млн. кВт.ч
Интер РАО (для ФСК)
Промышленные потребители
Транспорт
Нефтедобыча
Нефтепереработка
Нефтепроводы
Газопроводы
Сельское хозяйство и пищевая пр…
Непромышленные потребители
Государственные (муниципальные…
Население и приравненные групп…
Территориальные сетевые органи…
Выручка отклонения по ПАО Россети на 2023 год
⬤ Отклонение, млн. руб.
Интер РАО (для ФСК)
Промышленные потребители
Транспорт
Нефтедобыча
Нефтепереработка
Нефтепроводы
Газопроводы
Сельское хозяйство и пищевая пр…
Непромышленные потребители
Государственные (муниципальные…
Население и приравненные групп…
Территориальные сетевые органи…
Динамика электропотребления, млрд. кВт.ч. по ПАО Россети на 2023 год
0 0
0 0
0 0
0 0
0 0
0 0
0 0
0 0
0 0
0 0
0 0
0 0
0 0
120 120
39 39
39 39
8 8
8 8
1 1
20 20
78 78
26 26
121 121
60 60
СУ
Ожидаемое (прогноз по конца года)
Интер РАО (дляФСК)
Промышленныепотребители
Транспорт
Нефтедобыча
Нефтепереработка
Нефтепроводы
Газопроводы
Сельскоехозяйство ипищеваяпромышленность
Непромышленныепотребители
Государственные(муниципальные)организации ипрочиебюджетныепотребители
Население иприравненныегруппыпотребителей
Территориальныесетевыеорганизации
Выручка по ПАО Россети на 2023 год
6 6
331 331
82 82
77 77
20 20
20 20
3 3
57 57
220 220
68 68
214 214
258 258
Ожидаемое (прогноз по конца года)
Интер РАО (дляФСК)
Промышленныепотребители
Транспорт
Нефтедобыча
Нефтепереработка
Нефтепроводы
Газопроводы
Сельскоехозяйство ипищеваяпромышленность
Непромышленныепотребители
Государственные(муниципальные)организации ипрочиебюджетныепотребители
Население иприравненныегруппыпотребителей
Территориальныесетевыеорганизации
абс.
%
Прогноз на месяц 
Ноябрь
КПО/Отпуск из сети 
Котловой полезный отпуск, млн. кВт.ч
Организация 
Все
Прогноз электропотребления и выручки за услуги по передаче в разрезе отраслей'

29-11-2024T11:33:30 - [MESSAGE][PASSED] - Text of object 'Object Repository/Прогноз по отраслям/Виджеты дашборда' is: 'Год 
2023 год
Сравнение с 
План/СУ
Отклонения по ПАО Россети на 2023 год
0.0 0.0
120 322.6 120 322.6
38 655.4 38 655.4
39 037.8 39 037.8
8 291.7 8 291.7
8 259.5 8 259.5
793.1 793.1
19 706.6 19 706.6
78 310.2 78 310.2
25 579.5 25 579.5
121 219.7 121 219.7
60 414.9 60 414.9
⬤ Отклонение, млн. кВт.ч
Интер РАО (для ФСК)
Промышленные потребители
Транспорт
Нефтедобыча
Нефтепереработка
Нефтепроводы
Газопроводы
Сельское хозяйство и пищевая пр…
Непромышленные потребители
Государственные (муниципальные…
Население и приравненные групп…
Территориальные сетевые органи…
Выручка отклонения по ПАО Россети на 2023 год
⬤ Отклонение, млн. руб.
Интер РАО (для ФСК)
Промышленные потребители
Транспорт
Нефтедобыча
Нефтепереработка
Нефтепроводы
Газопроводы
Сельское хозяйство и пищевая пр…
Непромышленные потребители
Государственные (муниципальные…
Население и приравненные групп…
Территориальные сетевые органи…
Динамика электропотребления, млрд. кВт.ч. по ПАО Россети на 2023 год
0 0
0 0
0 0
0 0
0 0
0 0
0 0
0 0
0 0
0 0
0 0
0 0
0 0
120 120
39 39
39 39
8 8
8 8
1 1
20 20
78 78
26 26
121 121
60 60
СУ
Ожидаемое (прогноз по конца года)
Интер РАО (дляФСК)
Промышленныепотребители
Транспорт
Нефтедобыча
Нефтепереработка
Нефтепроводы
Газопроводы
Сельскоехозяйство ипищеваяпромышленность
Непромышленныепотребители
Государственные(муниципальные)организации ипрочиебюджетныепотребители
Население иприравненныегруппыпотребителей
Территориальныесетевыеорганизации
Выручка по ПАО Россети на 2023 год
6 6
331 331
82 82
77 77
20 20
20 20
3 3
57 57
220 220
68 68
214 214
258 258
Ожидаемое (прогноз по конца года)
Интер РАО (дляФСК)
Промышленныепотребители
Транспорт
Нефтедобыча
Нефтепереработка
Нефтепроводы
Газопроводы
Сельскоехозяйство ипищеваяпромышленность
Непромышленныепотребители
Государственные(муниципальные)организации ипрочиебюджетныепотребители
Население иприравненныегруппыпотребителей
Территориальныесетевыеорганизации
абс.
%
Прогноз на месяц 
Ноябрь
КПО/Отпуск из сети 
Котловой полезный отпуск, млн. кВт.ч
Организация 
Все
Прогноз электропотребления и выручки за услуги по передаче в разрезе отраслей'

29-11-2024T11:33:30 - [TEST_STEP][PASSED] - a12 = a12.replaceAll("[^0-9]", ""): null

29-11-2024T11:33:30 - [TEST_STEP][PASSED] - println("a12:" + a12): null

29-11-2024T11:33:30 - [TEST_STEP][PASSED] - navigateToUrl(findTestData("PlanFact").getValue(10, 12)): Navigate to 'https://bi.rosseti.digital/viewer?dashboardGuid=d218b6eb1b7845df8f1994d6a65c072b&sheetGuid=3059d1e0f28043ee8c80901707e9c246&fit=true' successfully

29-11-2024T11:33:32 - [MESSAGE][PASSED] - Navigate to 'https://bi.rosseti.digital/viewer?dashboardGuid=d218b6eb1b7845df8f1994d6a65c072b&sheetGuid=3059d1e0f28043ee8c80901707e9c246&fit=true' successfully

29-11-2024T11:33:32 - [TEST_STEP][PASSED] - delay(50): Delayed 50 second(s)

29-11-2024T11:34:22 - [MESSAGE][PASSED] - Delayed 50 second(s)

29-11-2024T11:34:22 - [TEST_STEP][PASSED] - click(findTestObject("Прогноз по отраслям/Фильтр месяц Стресс")): Object: 'Object Repository/Прогноз по отраслям/Фильтр месяц Стресс' is clicked on

29-11-2024T11:34:22 - [MESSAGE][PASSED] - Object: 'Object Repository/Прогноз по отраслям/Фильтр месяц Стресс' is clicked on

29-11-2024T11:34:22 - [TEST_STEP][PASSED] - scrollToElement(findTestObject("Прогноз по отраслям/Ноябрь Стресс"), 30): Scroll to object 'Object Repository/Прогноз по отраслям/Ноябрь Стресс' successfully

29-11-2024T11:34:22 - [MESSAGE][PASSED] - Scroll to object 'Object Repository/Прогноз по отраслям/Ноябрь Стресс' successfully

29-11-2024T11:34:22 - [TEST_STEP][PASSED] - click(findTestObject("Прогноз по отраслям/Ноябрь Стресс")): Object: 'Object Repository/Прогноз по отраслям/Ноябрь Стресс' is clicked on

29-11-2024T11:34:24 - [MESSAGE][PASSED] - Object: 'Object Repository/Прогноз по отраслям/Ноябрь Стресс' is clicked on

29-11-2024T11:34:24 - [TEST_STEP][PASSED] - scrollToElement(findTestObject("Прогноз по отраслям/Заголовок дашборда Стресс"), 30): Scroll to object 'Object Repository/Прогноз по отраслям/Заголовок дашборда Стресс' successfully

29-11-2024T11:34:26 - [MESSAGE][PASSED] - Scroll to object 'Object Repository/Прогноз по отраслям/Заголовок дашборда Стресс' successfully

29-11-2024T11:34:26 - [TEST_STEP][PASSED] - click(findTestObject("Прогноз по отраслям/Фильтр Сравнение с Стресс")): Object: 'Object Repository/Прогноз по отраслям/Фильтр Сравнение с Стресс' is clicked on

29-11-2024T11:34:27 - [MESSAGE][PASSED] - Object: 'Object Repository/Прогноз по отраслям/Фильтр Сравнение с Стресс' is clicked on

29-11-2024T11:34:27 - [TEST_STEP][PASSED] - click(findTestObject("Прогноз по отраслям/Факт прошлого года Стресс")): Object: 'Object Repository/Прогноз по отраслям/Факт прошлого года Стресс' is clicked on

29-11-2024T11:34:28 - [MESSAGE][PASSED] - Object: 'Object Repository/Прогноз по отраслям/Факт прошлого года Стресс' is clicked on

29-11-2024T11:34:28 - [TEST_STEP][PASSED] - click(findTestObject("Прогноз по отраслям/Фильтр КПО-Отпуск Стресс")): Object: 'Object Repository/Прогноз по отраслям/Фильтр КПО-Отпуск Стресс' is clicked on

29-11-2024T11:34:30 - [MESSAGE][PASSED] - Object: 'Object Repository/Прогноз по отраслям/Фильтр КПО-Отпуск Стресс' is clicked on

29-11-2024T11:34:30 - [TEST_STEP][PASSED] - click(findTestObject("Прогноз по отраслям/Отпуск Стресс")): Object: 'Object Repository/Прогноз по отраслям/Отпуск Стресс' is clicked on

29-11-2024T11:34:31 - [MESSAGE][PASSED] - Object: 'Object Repository/Прогноз по отраслям/Отпуск Стресс' is clicked on

29-11-2024T11:34:31 - [TEST_STEP][PASSED] - delay(40): Delayed 40 second(s)

29-11-2024T11:35:11 - [MESSAGE][PASSED] - Delayed 40 second(s)

29-11-2024T11:35:11 - [TEST_STEP][PASSED] - b1 = getText(findTestObject("Прогноз по отраслям/Виджеты дашборда")): Text of object 'Object Repository/Прогноз по отраслям/Виджеты дашборда' is: 'Год 
2023 год
Сравнение с 
Факт прошлого года
Динамика электропотребления, млрд. кВт.ч., по ПАО Россети на 2023 год
12 12
186 186
36 36
50 50
10 10
19 19
0 0
17 17
85 85
19 19
82 82
604 604
10 10
197 197
37 37
48 48
10 10
15 15
4 4
18 18
80 80
19 19
82 82
608 608
Факт прошлого года
Ожидаемое (прогноз до конца года)
Интер РАО(для ФСК)
Промышленныепотребители
Транспорт
Нефтедобыча
Нефтеперераб…
Нефтепроводы
Газопроводы
Сельское хозя…
Непромышлен…
Государственн…
Население иприравненныегруппыпотребителей
Территориальн…
Выручка, млрд. руб, по ПАО Россети на 2023 год
5 5
285 285
72 72
72 72
18 18
22 22
0 0
50 50
201 201
61 61
190 190
227 227
6 6
331 331
82 82
77 77
20 20
20 20
3 3
57 57
220 220
68 68
214 214
258 258
Факт прошлого года
Ожидаемое (прогноз до конца года)
Интер РАО(для ФСК)
Промышленныепотребители
Транспорт
Нефтедобыча
Нефтеперераб…
Нефтепроводы
Газопроводы
Сельское хозя…
Непромышлен…
Государственн…
Население иприравненныегруппыпотребителей
Территориальн…
Отклонения по ПАО Россети на 2023 год
-18.5% -18.5%
5.9% 5.9%
3.6% 3.6%
-3.9% -3.9%
0.9% 0.9%
-20.7% -20.7%
3 313.2% 3 313.2%
3.8% 3.8%
-5.6% -5.6%
1.3% 1.3%
-0.9% -0.9%
0.7% 0.7%
⬤ Отклонение, %
Интер РАО (для ФСК)
Промышленные потребители
Транспорт
Нефтедобыча
Нефтепереработка
Нефтепроводы
Газопроводы
Сельское хозяйство и пищевая про…
Непромышленные потребители
Государственные (муниципальные)…
Население и приравненные группы…
Территориальные сетевые организ…
Выручка отклонения по ПАО Россети на 2023 год
7.7% 7.7%
16.0% 16.0%
13.2% 13.2%
6.7% 6.7%
13.3% 13.3%
-7.7% -7.7%
1 331.5% 1 331.5%
14.2% 14.2%
9.9% 9.9%
12.0% 12.0%
12.4% 12.4%
13.7% 13.7%
⬤ Отклонение, %
Интер РАО (для ФСК)
Промышленные потребители
Транспорт
Нефтедобыча
Нефтепереработка
Нефтепроводы
Газопроводы
Сельское хозяйство и пищевая про…
Непромышленные потребители
Государственные (муниципальные)…
Население и приравненные группы…
Территориальные сетевые организ…
абс.
%
Прогноз на месяц 
Ноябрь
КПО/Отпуск из сети 
Отпуск из сети, млн. кВт.ч
Организация 
Все
Прогноз электропотребления и выручки за услуги по передаче в разрезе отраслей'

29-11-2024T11:35:12 - [MESSAGE][PASSED] - Text of object 'Object Repository/Прогноз по отраслям/Виджеты дашборда' is: 'Год 
2023 год
Сравнение с 
Факт прошлого года
Динамика электропотребления, млрд. кВт.ч., по ПАО Россети на 2023 год
12 12
186 186
36 36
50 50
10 10
19 19
0 0
17 17
85 85
19 19
82 82
604 604
10 10
197 197
37 37
48 48
10 10
15 15
4 4
18 18
80 80
19 19
82 82
608 608
Факт прошлого года
Ожидаемое (прогноз до конца года)
Интер РАО(для ФСК)
Промышленныепотребители
Транспорт
Нефтедобыча
Нефтеперераб…
Нефтепроводы
Газопроводы
Сельское хозя…
Непромышлен…
Государственн…
Население иприравненныегруппыпотребителей
Территориальн…
Выручка, млрд. руб, по ПАО Россети на 2023 год
5 5
285 285
72 72
72 72
18 18
22 22
0 0
50 50
201 201
61 61
190 190
227 227
6 6
331 331
82 82
77 77
20 20
20 20
3 3
57 57
220 220
68 68
214 214
258 258
Факт прошлого года
Ожидаемое (прогноз до конца года)
Интер РАО(для ФСК)
Промышленныепотребители
Транспорт
Нефтедобыча
Нефтеперераб…
Нефтепроводы
Газопроводы
Сельское хозя…
Непромышлен…
Государственн…
Население иприравненныегруппыпотребителей
Территориальн…
Отклонения по ПАО Россети на 2023 год
-18.5% -18.5%
5.9% 5.9%
3.6% 3.6%
-3.9% -3.9%
0.9% 0.9%
-20.7% -20.7%
3 313.2% 3 313.2%
3.8% 3.8%
-5.6% -5.6%
1.3% 1.3%
-0.9% -0.9%
0.7% 0.7%
⬤ Отклонение, %
Интер РАО (для ФСК)
Промышленные потребители
Транспорт
Нефтедобыча
Нефтепереработка
Нефтепроводы
Газопроводы
Сельское хозяйство и пищевая про…
Непромышленные потребители
Государственные (муниципальные)…
Население и приравненные группы…
Территориальные сетевые организ…
Выручка отклонения по ПАО Россети на 2023 год
7.7% 7.7%
16.0% 16.0%
13.2% 13.2%
6.7% 6.7%
13.3% 13.3%
-7.7% -7.7%
1 331.5% 1 331.5%
14.2% 14.2%
9.9% 9.9%
12.0% 12.0%
12.4% 12.4%
13.7% 13.7%
⬤ Отклонение, %
Интер РАО (для ФСК)
Промышленные потребители
Транспорт
Нефтедобыча
Нефтепереработка
Нефтепроводы
Газопроводы
Сельское хозяйство и пищевая про…
Непромышленные потребители
Государственные (муниципальные)…
Население и приравненные группы…
Территориальные сетевые организ…
абс.
%
Прогноз на месяц 
Ноябрь
КПО/Отпуск из сети 
Отпуск из сети, млн. кВт.ч
Организация 
Все
Прогноз электропотребления и выручки за услуги по передаче в разрезе отраслей'

29-11-2024T11:35:12 - [TEST_STEP][PASSED] - b1 = b1.replaceAll("[^0-9]", ""): null

29-11-2024T11:35:12 - [TEST_STEP][PASSED] - println("b1:" + b1): null

29-11-2024T11:35:12 - [TEST_STEP][PASSED] - click(findTestObject("Прогноз по отраслям/Фильтр Сравнение с Стресс")): Object: 'Object Repository/Прогноз по отраслям/Фильтр Сравнение с Стресс' is clicked on

29-11-2024T11:35:12 - [MESSAGE][PASSED] - Object: 'Object Repository/Прогноз по отраслям/Фильтр Сравнение с Стресс' is clicked on

29-11-2024T11:35:12 - [TEST_STEP][PASSED] - click(findTestObject("Прогноз по отраслям/План Стресс")): Object: 'Object Repository/Прогноз по отраслям/План Стресс' is clicked on

29-11-2024T11:35:14 - [MESSAGE][PASSED] - Object: 'Object Repository/Прогноз по отраслям/План Стресс' is clicked on

29-11-2024T11:35:14 - [TEST_STEP][PASSED] - delay(40): Delayed 40 second(s)

29-11-2024T11:35:54 - [MESSAGE][PASSED] - Delayed 40 second(s)

29-11-2024T11:35:54 - [TEST_STEP][PASSED] - b2 = getText(findTestObject("Прогноз по отраслям/Виджеты дашборда")): Text of object 'Object Repository/Прогноз по отраслям/Виджеты дашборда' is: 'Год 
2023 год
Сравнение с 
План
Динамика электропотребления, млрд. кВт.ч., по ПАО Россети на 2023 год
10 10
190 190
36 36
14 14
9 9
14 14
4 4
17 17
80 80
19 19
82 82
588 588
10 10
197 197
37 37
48 48
10 10
15 15
4 4
18 18
80 80
19 19
82 82
608 608
План
Ожидаемое (прогноз до конца года)
Интер РАО(для ФСК)
Промышленныепотребители
Транспорт
Нефтедобыча
Нефтеперераб…
Нефтепроводы
Газопроводы
Сельское хозя…
Непромышлен…
Государственн…
Население иприравненныегруппыпотребителей
Территориальн…
Выручка, млрд. руб, по ПАО Россети на 2023 год
5 5
319 319
81 81
16 16
16 16
20 20
2 2
56 56
215 215
67 67
218 218
239 239
6 6
331 331
82 82
77 77
20 20
20 20
3 3
57 57
220 220
68 68
214 214
258 258
План
Ожидаемое (прогноз до конца года)
Интер РАО(для ФСК)
Промышленныепотребители
Транспорт
Нефтедобыча
Нефтеперераб…
Нефтепроводы
Газопроводы
Сельское хозя…
Непромышлен…
Государственн…
Население иприравненныегруппыпотребителей
Территориальн…
Отклонения по ПАО Россети на 2023 год
-4.7% -4.7%
3.8% 3.8%
1.9% 1.9%
230.3% 230.3%
10.9% 10.9%
4.2% 4.2%
21.7% 21.7%
3.9% 3.9%
-0.6% -0.6%
1.6% 1.6%
-1.0% -1.0%
3.3% 3.3%
⬤ Отклонение, %
Интер РАО (для ФСК)
Промышленные потребители
Транспорт
Нефтедобыча
Нефтепереработка
Нефтепроводы
Газопроводы
Сельское хозяйство и пищевая про…
Непромышленные потребители
Государственные (муниципальные)…
Население и приравненные группы…
Территориальные сетевые организ…
Выручка отклонения по ПАО Россети на 2023 год
15.6% 15.6%
3.8% 3.8%
1.2% 1.2%
398.2% 398.2%
26.9% 26.9%
-0.6% -0.6%
26.9% 26.9%
1.5% 1.5%
2.7% 2.7%
2.0% 2.0%
-2.0% -2.0%
7.9% 7.9%
⬤ Отклонение, %
Интер РАО (для ФСК)
Промышленные потребители
Транспорт
Нефтедобыча
Нефтепереработка
Нефтепроводы
Газопроводы
Сельское хозяйство и пищевая про…
Непромышленные потребители
Государственные (муниципальные)…
Население и приравненные группы…
Территориальные сетевые организ…
абс.
%
Прогноз на месяц 
Ноябрь
КПО/Отпуск из сети 
Отпуск из сети, млн. кВт.ч
Организация 
Все
Прогноз электропотребления и выручки за услуги по передаче в разрезе отраслей'

29-11-2024T11:35:54 - [MESSAGE][PASSED] - Text of object 'Object Repository/Прогноз по отраслям/Виджеты дашборда' is: 'Год 
2023 год
Сравнение с 
План
Динамика электропотребления, млрд. кВт.ч., по ПАО Россети на 2023 год
10 10
190 190
36 36
14 14
9 9
14 14
4 4
17 17
80 80
19 19
82 82
588 588
10 10
197 197
37 37
48 48
10 10
15 15
4 4
18 18
80 80
19 19
82 82
608 608
План
Ожидаемое (прогноз до конца года)
Интер РАО(для ФСК)
Промышленныепотребители
Транспорт
Нефтедобыча
Нефтеперераб…
Нефтепроводы
Газопроводы
Сельское хозя…
Непромышлен…
Государственн…
Население иприравненныегруппыпотребителей
Территориальн…
Выручка, млрд. руб, по ПАО Россети на 2023 год
5 5
319 319
81 81
16 16
16 16
20 20
2 2
56 56
215 215
67 67
218 218
239 239
6 6
331 331
82 82
77 77
20 20
20 20
3 3
57 57
220 220
68 68
214 214
258 258
План
Ожидаемое (прогноз до конца года)
Интер РАО(для ФСК)
Промышленныепотребители
Транспорт
Нефтедобыча
Нефтеперераб…
Нефтепроводы
Газопроводы
Сельское хозя…
Непромышлен…
Государственн…
Население иприравненныегруппыпотребителей
Территориальн…
Отклонения по ПАО Россети на 2023 год
-4.7% -4.7%
3.8% 3.8%
1.9% 1.9%
230.3% 230.3%
10.9% 10.9%
4.2% 4.2%
21.7% 21.7%
3.9% 3.9%
-0.6% -0.6%
1.6% 1.6%
-1.0% -1.0%
3.3% 3.3%
⬤ Отклонение, %
Интер РАО (для ФСК)
Промышленные потребители
Транспорт
Нефтедобыча
Нефтепереработка
Нефтепроводы
Газопроводы
Сельское хозяйство и пищевая про…
Непромышленные потребители
Государственные (муниципальные)…
Население и приравненные группы…
Территориальные сетевые организ…
Выручка отклонения по ПАО Россети на 2023 год
15.6% 15.6%
3.8% 3.8%
1.2% 1.2%
398.2% 398.2%
26.9% 26.9%
-0.6% -0.6%
26.9% 26.9%
1.5% 1.5%
2.7% 2.7%
2.0% 2.0%
-2.0% -2.0%
7.9% 7.9%
⬤ Отклонение, %
Интер РАО (для ФСК)
Промышленные потребители
Транспорт
Нефтедобыча
Нефтепереработка
Нефтепроводы
Газопроводы
Сельское хозяйство и пищевая про…
Непромышленные потребители
Государственные (муниципальные)…
Население и приравненные группы…
Территориальные сетевые организ…
абс.
%
Прогноз на месяц 
Ноябрь
КПО/Отпуск из сети 
Отпуск из сети, млн. кВт.ч
Организация 
Все
Прогноз электропотребления и выручки за услуги по передаче в разрезе отраслей'

29-11-2024T11:35:54 - [TEST_STEP][PASSED] - b2 = b2.replaceAll("[^0-9]", ""): null

29-11-2024T11:35:54 - [TEST_STEP][PASSED] - println("b2:" + b2): null

29-11-2024T11:35:54 - [TEST_STEP][PASSED] - click(findTestObject("Прогноз по отраслям/Фильтр Сравнение с Стресс")): Object: 'Object Repository/Прогноз по отраслям/Фильтр Сравнение с Стресс' is clicked on

29-11-2024T11:35:55 - [MESSAGE][PASSED] - Object: 'Object Repository/Прогноз по отраслям/Фильтр Сравнение с Стресс' is clicked on

29-11-2024T11:35:55 - [TEST_STEP][PASSED] - click(findTestObject("Прогноз по отраслям/План СУ Стресс")): Object: 'Object Repository/Прогноз по отраслям/План СУ Стресс' is clicked on

29-11-2024T11:35:56 - [MESSAGE][PASSED] - Object: 'Object Repository/Прогноз по отраслям/План СУ Стресс' is clicked on

29-11-2024T11:35:56 - [TEST_STEP][PASSED] - delay(40): Delayed 40 second(s)

29-11-2024T11:36:36 - [MESSAGE][PASSED] - Delayed 40 second(s)

29-11-2024T11:36:36 - [TEST_STEP][PASSED] - b3 = getText(findTestObject("Прогноз по отраслям/Виджеты дашборда")): Text of object 'Object Repository/Прогноз по отраслям/Виджеты дашборда' is: 'Год 
2023 год
Сравнение с 
План/СУ
Динамика электропотребления, млрд. кВт.ч., по ПАО Россети на 2023 год
10 10
186 186
36 36
15 15
9 9
14 14
4 4
17 17
88 88
19 19
83 83
597 597
10 10
197 197
37 37
48 48
10 10
15 15
4 4
18 18
80 80
19 19
82 82
608 608
СУ
Ожидаемое (прогноз до конца года)
Интер РАО(для ФСК)
Промышленныепотребители
Транспорт
Нефтедобыча
Нефтеперераб…
Нефтепроводы
Газопроводы
Сельское хозя…
Непромышлен…
Государственн…
Население иприравненныегруппыпотребителей
Территориальн…
Выручка, млрд. руб, по ПАО Россети на 2023 год
6 6
331 331
82 82
77 77
20 20
20 20
3 3
57 57
220 220
68 68
214 214
258 258
Ожидаемое (прогноз до конца года)
Интер РАО(для ФСК)
Промышленныепотребители
Транспорт
Нефтедобыча
Нефтеперераб…
Нефтепроводы
Газопроводы
Сельское хозя…
Непромышлен…
Государственн…
Население иприравненныегруппыпотребителей
Территориальн…
Отклонения по ПАО Россети на 2023 год
2.5% 2.5%
5.9% 5.9%
1.9% 1.9%
219.1% 219.1%
11.7% 11.7%
1.9% 1.9%
13.1% 13.1%
3.5% 3.5%
-8.7% -8.7%
0.2% 0.2%
-1.6% -1.6%
1.8% 1.8%
⬤ Отклонение, %
Интер РАО (для ФСК)
Промышленные потребители
Транспорт
Нефтедобыча
Нефтепереработка
Нефтепроводы
Газопроводы
Сельское хозяйство и пищевая про…
Непромышленные потребители
Государственные (муниципальные)…
Население и приравненные группы…
Территориальные сетевые организ…
Выручка отклонения по ПАО Россети на 2023 год
⬤ Отклонение, %
Интер РАО (для ФСК)
Промышленные потребители
Транспорт
Нефтедобыча
Нефтепереработка
Нефтепроводы
Газопроводы
Сельское хозяйство и пищевая про…
Непромышленные потребители
Государственные (муниципальные)…
Население и приравненные группы…
Территориальные сетевые организ…
абс.
%
Прогноз на месяц 
Ноябрь
КПО/Отпуск из сети 
Отпуск из сети, млн. кВт.ч
Организация 
Все
Прогноз электропотребления и выручки за услуги по передаче в разрезе отраслей'

29-11-2024T11:36:37 - [MESSAGE][PASSED] - Text of object 'Object Repository/Прогноз по отраслям/Виджеты дашборда' is: 'Год 
2023 год
Сравнение с 
План/СУ
Динамика электропотребления, млрд. кВт.ч., по ПАО Россети на 2023 год
10 10
186 186
36 36
15 15
9 9
14 14
4 4
17 17
88 88
19 19
83 83
597 597
10 10
197 197
37 37
48 48
10 10
15 15
4 4
18 18
80 80
19 19
82 82
608 608
СУ
Ожидаемое (прогноз до конца года)
Интер РАО(для ФСК)
Промышленныепотребители
Транспорт
Нефтедобыча
Нефтеперераб…
Нефтепроводы
Газопроводы
Сельское хозя…
Непромышлен…
Государственн…
Население иприравненныегруппыпотребителей
Территориальн…
Выручка, млрд. руб, по ПАО Россети на 2023 год
6 6
331 331
82 82
77 77
20 20
20 20
3 3
57 57
220 220
68 68
214 214
258 258
Ожидаемое (прогноз до конца года)
Интер РАО(для ФСК)
Промышленныепотребители
Транспорт
Нефтедобыча
Нефтеперераб…
Нефтепроводы
Газопроводы
Сельское хозя…
Непромышлен…
Государственн…
Население иприравненныегруппыпотребителей
Территориальн…
Отклонения по ПАО Россети на 2023 год
2.5% 2.5%
5.9% 5.9%
1.9% 1.9%
219.1% 219.1%
11.7% 11.7%
1.9% 1.9%
13.1% 13.1%
3.5% 3.5%
-8.7% -8.7%
0.2% 0.2%
-1.6% -1.6%
1.8% 1.8%
⬤ Отклонение, %
Интер РАО (для ФСК)
Промышленные потребители
Транспорт
Нефтедобыча
Нефтепереработка
Нефтепроводы
Газопроводы
Сельское хозяйство и пищевая про…
Непромышленные потребители
Государственные (муниципальные)…
Население и приравненные группы…
Территориальные сетевые организ…
Выручка отклонения по ПАО Россети на 2023 год
⬤ Отклонение, %
Интер РАО (для ФСК)
Промышленные потребители
Транспорт
Нефтедобыча
Нефтепереработка
Нефтепроводы
Газопроводы
Сельское хозяйство и пищевая про…
Непромышленные потребители
Государственные (муниципальные)…
Население и приравненные группы…
Территориальные сетевые организ…
абс.
%
Прогноз на месяц 
Ноябрь
КПО/Отпуск из сети 
Отпуск из сети, млн. кВт.ч
Организация 
Все
Прогноз электропотребления и выручки за услуги по передаче в разрезе отраслей'

29-11-2024T11:36:37 - [TEST_STEP][PASSED] - b3 = b3.replaceAll("[^0-9]", ""): null

29-11-2024T11:36:37 - [TEST_STEP][PASSED] - println("b3:" + b3): null

29-11-2024T11:36:37 - [TEST_STEP][PASSED] - click(findTestObject("Прогноз по отраслям/Фильтр Сравнение с Стресс")): Object: 'Object Repository/Прогноз по отраслям/Фильтр Сравнение с Стресс' is clicked on

29-11-2024T11:36:37 - [MESSAGE][PASSED] - Object: 'Object Repository/Прогноз по отраслям/Фильтр Сравнение с Стресс' is clicked on

29-11-2024T11:36:37 - [TEST_STEP][PASSED] - click(findTestObject("Прогноз по отраслям/Факт прошлого года Стресс")): Object: 'Object Repository/Прогноз по отраслям/Факт прошлого года Стресс' is clicked on

29-11-2024T11:36:38 - [MESSAGE][PASSED] - Object: 'Object Repository/Прогноз по отраслям/Факт прошлого года Стресс' is clicked on

29-11-2024T11:36:38 - [TEST_STEP][PASSED] - click(findTestObject("Прогноз по отраслям/Фильтр КПО-Отпуск Стресс")): Object: 'Object Repository/Прогноз по отраслям/Фильтр КПО-Отпуск Стресс' is clicked on

29-11-2024T11:36:42 - [MESSAGE][PASSED] - Object: 'Object Repository/Прогноз по отраслям/Фильтр КПО-Отпуск Стресс' is clicked on

29-11-2024T11:36:42 - [TEST_STEP][PASSED] - click(findTestObject("Прогноз по отраслям/КПО Стресс")): Object: 'Object Repository/Прогноз по отраслям/КПО Стресс' is clicked on

29-11-2024T11:36:43 - [MESSAGE][PASSED] - Object: 'Object Repository/Прогноз по отраслям/КПО Стресс' is clicked on

29-11-2024T11:36:43 - [TEST_STEP][PASSED] - delay(40): Delayed 40 second(s)

29-11-2024T11:37:23 - [MESSAGE][PASSED] - Delayed 40 second(s)

29-11-2024T11:37:23 - [TEST_STEP][PASSED] - b4 = getText(findTestObject("Прогноз по отраслям/Виджеты дашборда")): Text of object 'Object Repository/Прогноз по отраслям/Виджеты дашборда' is: 'Год 
2023 год
Сравнение с 
Факт прошлого года
Динамика электропотребления, млрд. кВт.ч., по ПАО Россети на 2023 год
0 0
120 120
38 38
41 41
8 8
10 10
0 0
19 19
77 77
25 25
122 122
61 61
0 0
120 120
39 39
39 39
8 8
8 8
1 1
20 20
78 78
26 26
121 121
60 60
Факт прошлого года
Ожидаемое (прогноз до конца года)
Интер РАО(для ФСК)
Промышленныепотребители
Транспорт
Нефтедобыча
Нефтеперераб…
Нефтепроводы
Газопроводы
Сельское хозя…
Непромышлен…
Государственн…
Население иприравненныегруппыпотребителей
Территориальн…
Выручка, млрд. руб, по ПАО Россети на 2023 год
5 5
285 285
72 72
72 72
18 18
22 22
0 0
50 50
201 201
61 61
190 190
227 227
6 6
331 331
82 82
77 77
20 20
20 20
3 3
57 57
220 220
68 68
214 214
258 258
Факт прошлого года
Ожидаемое (прогноз до конца года)
Интер РАО(для ФСК)
Промышленныепотребители
Транспорт
Нефтедобыча
Нефтеперераб…
Нефтепроводы
Газопроводы
Сельское хозя…
Непромышлен…
Государственн…
Население иприравненныегруппыпотребителей
Территориальн…
Отклонения по ПАО Россети на 2023 год
0.5% 0.5%
0.9% 0.9%
-5.9% -5.9%
3.1% 3.1%
-17.9% -17.9%
578.4% 578.4%
2.3% 2.3%
1.8% 1.8%
2.1% 2.1%
-0.9% -0.9%
-0.2% -0.2%
⬤ Отклонение, %
Интер РАО (для ФСК)
Промышленные потребители
Транспорт
Нефтедобыча
Нефтепереработка
Нефтепроводы
Газопроводы
Сельское хозяйство и пищевая про…
Непромышленные потребители
Государственные (муниципальные)…
Население и приравненные группы…
Территориальные сетевые организ…
Выручка отклонения по ПАО Россети на 2023 год
7.7% 7.7%
16.0% 16.0%
13.2% 13.2%
6.7% 6.7%
13.3% 13.3%
-7.7% -7.7%
1 331.5% 1 331.5%
14.2% 14.2%
9.9% 9.9%
12.0% 12.0%
12.4% 12.4%
13.7% 13.7%
⬤ Отклонение, %
Интер РАО (для ФСК)
Промышленные потребители
Транспорт
Нефтедобыча
Нефтепереработка
Нефтепроводы
Газопроводы
Сельское хозяйство и пищевая про…
Непромышленные потребители
Государственные (муниципальные)…
Население и приравненные группы…
Территориальные сетевые организ…
абс.
%
Прогноз на месяц 
Ноябрь
КПО/Отпуск из сети 
Котловой полезный отпуск, млн. кВт.ч
Организация 
Все
Прогноз электропотребления и выручки за услуги по передаче в разрезе отраслей'

29-11-2024T11:37:24 - [MESSAGE][PASSED] - Text of object 'Object Repository/Прогноз по отраслям/Виджеты дашборда' is: 'Год 
2023 год
Сравнение с 
Факт прошлого года
Динамика электропотребления, млрд. кВт.ч., по ПАО Россети на 2023 год
0 0
120 120
38 38
41 41
8 8
10 10
0 0
19 19
77 77
25 25
122 122
61 61
0 0
120 120
39 39
39 39
8 8
8 8
1 1
20 20
78 78
26 26
121 121
60 60
Факт прошлого года
Ожидаемое (прогноз до конца года)
Интер РАО(для ФСК)
Промышленныепотребители
Транспорт
Нефтедобыча
Нефтеперераб…
Нефтепроводы
Газопроводы
Сельское хозя…
Непромышлен…
Государственн…
Население иприравненныегруппыпотребителей
Территориальн…
Выручка, млрд. руб, по ПАО Россети на 2023 год
5 5
285 285
72 72
72 72
18 18
22 22
0 0
50 50
201 201
61 61
190 190
227 227
6 6
331 331
82 82
77 77
20 20
20 20
3 3
57 57
220 220
68 68
214 214
258 258
Факт прошлого года
Ожидаемое (прогноз до конца года)
Интер РАО(для ФСК)
Промышленныепотребители
Транспорт
Нефтедобыча
Нефтеперераб…
Нефтепроводы
Газопроводы
Сельское хозя…
Непромышлен…
Государственн…
Население иприравненныегруппыпотребителей
Территориальн…
Отклонения по ПАО Россети на 2023 год
0.5% 0.5%
0.9% 0.9%
-5.9% -5.9%
3.1% 3.1%
-17.9% -17.9%
578.4% 578.4%
2.3% 2.3%
1.8% 1.8%
2.1% 2.1%
-0.9% -0.9%
-0.2% -0.2%
⬤ Отклонение, %
Интер РАО (для ФСК)
Промышленные потребители
Транспорт
Нефтедобыча
Нефтепереработка
Нефтепроводы
Газопроводы
Сельское хозяйство и пищевая про…
Непромышленные потребители
Государственные (муниципальные)…
Население и приравненные группы…
Территориальные сетевые организ…
Выручка отклонения по ПАО Россети на 2023 год
7.7% 7.7%
16.0% 16.0%
13.2% 13.2%
6.7% 6.7%
13.3% 13.3%
-7.7% -7.7%
1 331.5% 1 331.5%
14.2% 14.2%
9.9% 9.9%
12.0% 12.0%
12.4% 12.4%
13.7% 13.7%
⬤ Отклонение, %
Интер РАО (для ФСК)
Промышленные потребители
Транспорт
Нефтедобыча
Нефтепереработка
Нефтепроводы
Газопроводы
Сельское хозяйство и пищевая про…
Непромышленные потребители
Государственные (муниципальные)…
Население и приравненные группы…
Территориальные сетевые организ…
абс.
%
Прогноз на месяц 
Ноябрь
КПО/Отпуск из сети 
Котловой полезный отпуск, млн. кВт.ч
Организация 
Все
Прогноз электропотребления и выручки за услуги по передаче в разрезе отраслей'

29-11-2024T11:37:24 - [TEST_STEP][PASSED] - b4 = b4.replaceAll("[^0-9]", ""): null

29-11-2024T11:37:24 - [TEST_STEP][PASSED] - println("b4:" + b4): null

29-11-2024T11:37:24 - [TEST_STEP][PASSED] - click(findTestObject("Прогноз по отраслям/Фильтр Сравнение с Стресс")): Object: 'Object Repository/Прогноз по отраслям/Фильтр Сравнение с Стресс' is clicked on

29-11-2024T11:37:24 - [MESSAGE][PASSED] - Object: 'Object Repository/Прогноз по отраслям/Фильтр Сравнение с Стресс' is clicked on

29-11-2024T11:37:24 - [TEST_STEP][PASSED] - click(findTestObject("Прогноз по отраслям/План Стресс")): Object: 'Object Repository/Прогноз по отраслям/План Стресс' is clicked on

29-11-2024T11:37:25 - [MESSAGE][PASSED] - Object: 'Object Repository/Прогноз по отраслям/План Стресс' is clicked on

29-11-2024T11:37:25 - [TEST_STEP][PASSED] - delay(40): Delayed 40 second(s)

29-11-2024T11:38:05 - [MESSAGE][PASSED] - Delayed 40 second(s)

29-11-2024T11:38:05 - [TEST_STEP][PASSED] - b5 = getText(findTestObject("Прогноз по отраслям/Виджеты дашборда")): Text of object 'Object Repository/Прогноз по отраслям/Виджеты дашборда' is: 'Год 
2023 год
Сравнение с 
План
Динамика электропотребления, млрд. кВт.ч., по ПАО Россети на 2023 год
0 0
119 119
37 37
7 7
7 7
8 8
1 1
19 19
75 75
25 25
123 123
55 55
0 0
120 120
39 39
39 39
8 8
8 8
1 1
20 20
78 78
26 26
121 121
60 60
План
Ожидаемое (прогноз до конца года)
Интер РАО(для ФСК)
Промышленныепотребители
Транспорт
Нефтедобыча
Нефтеперераб…
Нефтепроводы
Газопроводы
Сельское хозя…
Непромышлен…
Государственн…
Население иприравненныегруппыпотребителей
Территориальн…
Выручка, млрд. руб, по ПАО Россети на 2023 год
5 5
319 319
81 81
16 16
16 16
20 20
2 2
56 56
215 215
67 67
218 218
239 239
6 6
331 331
82 82
77 77
20 20
20 20
3 3
57 57
220 220
68 68
214 214
258 258
План
Ожидаемое (прогноз до конца года)
Интер РАО(для ФСК)
Промышленныепотребители
Транспорт
Нефтедобыча
Нефтеперераб…
Нефтепроводы
Газопроводы
Сельское хозя…
Непромышлен…
Государственн…
Население иприравненныегруппыпотребителей
Территориальн…
Отклонения по ПАО Россети на 2023 год
1.2% 1.2%
3.2% 3.2%
492.1% 492.1%
18.1% 18.1%
4.4% 4.4%
11.9% 11.9%
1.2% 1.2%
4.1% 4.1%
2.4% 2.4%
-1.4% -1.4%
9.7% 9.7%
⬤ Отклонение, %
Интер РАО (для ФСК)
Промышленные потребители
Транспорт
Нефтедобыча
Нефтепереработка
Нефтепроводы
Газопроводы
Сельское хозяйство и пищевая про…
Непромышленные потребители
Государственные (муниципальные)…
Население и приравненные группы…
Территориальные сетевые организ…
Выручка отклонения по ПАО Россети на 2023 год
15.6% 15.6%
3.8% 3.8%
1.2% 1.2%
398.2% 398.2%
26.9% 26.9%
-0.6% -0.6%
26.9% 26.9%
1.5% 1.5%
2.7% 2.7%
2.0% 2.0%
-2.0% -2.0%
7.9% 7.9%
⬤ Отклонение, %
Интер РАО (для ФСК)
Промышленные потребители
Транспорт
Нефтедобыча
Нефтепереработка
Нефтепроводы
Газопроводы
Сельское хозяйство и пищевая про…
Непромышленные потребители
Государственные (муниципальные)…
Население и приравненные группы…
Территориальные сетевые организ…
абс.
%
Прогноз на месяц 
Ноябрь
КПО/Отпуск из сети 
Котловой полезный отпуск, млн. кВт.ч
Организация 
Все
Прогноз электропотребления и выручки за услуги по передаче в разрезе отраслей'

29-11-2024T11:38:06 - [MESSAGE][PASSED] - Text of object 'Object Repository/Прогноз по отраслям/Виджеты дашборда' is: 'Год 
2023 год
Сравнение с 
План
Динамика электропотребления, млрд. кВт.ч., по ПАО Россети на 2023 год
0 0
119 119
37 37
7 7
7 7
8 8
1 1
19 19
75 75
25 25
123 123
55 55
0 0
120 120
39 39
39 39
8 8
8 8
1 1
20 20
78 78
26 26
121 121
60 60
План
Ожидаемое (прогноз до конца года)
Интер РАО(для ФСК)
Промышленныепотребители
Транспорт
Нефтедобыча
Нефтеперераб…
Нефтепроводы
Газопроводы
Сельское хозя…
Непромышлен…
Государственн…
Население иприравненныегруппыпотребителей
Территориальн…
Выручка, млрд. руб, по ПАО Россети на 2023 год
5 5
319 319
81 81
16 16
16 16
20 20
2 2
56 56
215 215
67 67
218 218
239 239
6 6
331 331
82 82
77 77
20 20
20 20
3 3
57 57
220 220
68 68
214 214
258 258
План
Ожидаемое (прогноз до конца года)
Интер РАО(для ФСК)
Промышленныепотребители
Транспорт
Нефтедобыча
Нефтеперераб…
Нефтепроводы
Газопроводы
Сельское хозя…
Непромышлен…
Государственн…
Население иприравненныегруппыпотребителей
Территориальн…
Отклонения по ПАО Россети на 2023 год
1.2% 1.2%
3.2% 3.2%
492.1% 492.1%
18.1% 18.1%
4.4% 4.4%
11.9% 11.9%
1.2% 1.2%
4.1% 4.1%
2.4% 2.4%
-1.4% -1.4%
9.7% 9.7%
⬤ Отклонение, %
Интер РАО (для ФСК)
Промышленные потребители
Транспорт
Нефтедобыча
Нефтепереработка
Нефтепроводы
Газопроводы
Сельское хозяйство и пищевая про…
Непромышленные потребители
Государственные (муниципальные)…
Население и приравненные группы…
Территориальные сетевые организ…
Выручка отклонения по ПАО Россети на 2023 год
15.6% 15.6%
3.8% 3.8%
1.2% 1.2%
398.2% 398.2%
26.9% 26.9%
-0.6% -0.6%
26.9% 26.9%
1.5% 1.5%
2.7% 2.7%
2.0% 2.0%
-2.0% -2.0%
7.9% 7.9%
⬤ Отклонение, %
Интер РАО (для ФСК)
Промышленные потребители
Транспорт
Нефтедобыча
Нефтепереработка
Нефтепроводы
Газопроводы
Сельское хозяйство и пищевая про…
Непромышленные потребители
Государственные (муниципальные)…
Население и приравненные группы…
Территориальные сетевые организ…
абс.
%
Прогноз на месяц 
Ноябрь
КПО/Отпуск из сети 
Котловой полезный отпуск, млн. кВт.ч
Организация 
Все
Прогноз электропотребления и выручки за услуги по передаче в разрезе отраслей'

29-11-2024T11:38:06 - [TEST_STEP][PASSED] - println("b5:" + b5): null

29-11-2024T11:38:06 - [TEST_STEP][PASSED] - b5 = b5.replaceAll("[^0-9]", ""): null

29-11-2024T11:38:06 - [TEST_STEP][PASSED] - println("b5:" + b5): null

29-11-2024T11:38:06 - [TEST_STEP][PASSED] - click(findTestObject("Прогноз по отраслям/Фильтр Сравнение с Стресс")): Object: 'Object Repository/Прогноз по отраслям/Фильтр Сравнение с Стресс' is clicked on

29-11-2024T11:38:06 - [MESSAGE][PASSED] - Object: 'Object Repository/Прогноз по отраслям/Фильтр Сравнение с Стресс' is clicked on

29-11-2024T11:38:06 - [TEST_STEP][PASSED] - click(findTestObject("Прогноз по отраслям/План СУ Стресс")): Object: 'Object Repository/Прогноз по отраслям/План СУ Стресс' is clicked on

29-11-2024T11:38:08 - [MESSAGE][PASSED] - Object: 'Object Repository/Прогноз по отраслям/План СУ Стресс' is clicked on

29-11-2024T11:38:08 - [TEST_STEP][PASSED] - delay(40): Delayed 40 second(s)

29-11-2024T11:38:48 - [MESSAGE][PASSED] - Delayed 40 second(s)

29-11-2024T11:38:48 - [TEST_STEP][PASSED] - b6 = getText(findTestObject("Прогноз по отраслям/Виджеты дашборда")): Text of object 'Object Repository/Прогноз по отраслям/Виджеты дашборда' is: 'Год 
2023 год
Сравнение с 
План/СУ
Динамика электропотребления, млрд. кВт.ч., по ПАО Россети на 2023 год
0 0
0 0
0 0
0 0
0 0
0 0
0 0
0 0
0 0
0 0
0 0
0 0
0 0
120 120
39 39
39 39
8 8
8 8
1 1
20 20
78 78
26 26
121 121
60 60
СУ
Ожидаемое (прогноз до конца года)
Интер РАО(для ФСК)
Промышленныепотребители
Транспорт
Нефтедобыча
Нефтеперераб…
Нефтепроводы
Газопроводы
Сельское хозя…
Непромышлен…
Государственн…
Население иприравненныегруппыпотребителей
Территориальн…
Выручка, млрд. руб, по ПАО Россети на 2023 год
6 6
331 331
82 82
77 77
20 20
20 20
3 3
57 57
220 220
68 68
214 214
258 258
Ожидаемое (прогноз до конца года)
Интер РАО(для ФСК)
Промышленныепотребители
Транспорт
Нефтедобыча
Нефтеперераб…
Нефтепроводы
Газопроводы
Сельское хозя…
Непромышлен…
Государственн…
Население иприравненныегруппыпотребителей
Территориальн…
Отклонения по ПАО Россети на 2023 год
⬤ Отклонение, %
Интер РАО (для ФСК)
Промышленные потребители
Транспорт
Нефтедобыча
Нефтепереработка
Нефтепроводы
Газопроводы
Сельское хозяйство и пищевая про…
Непромышленные потребители
Государственные (муниципальные)…
Население и приравненные группы…
Территориальные сетевые организ…
Выручка отклонения по ПАО Россети на 2023 год
⬤ Отклонение, %
Интер РАО (для ФСК)
Промышленные потребители
Транспорт
Нефтедобыча
Нефтепереработка
Нефтепроводы
Газопроводы
Сельское хозяйство и пищевая про…
Непромышленные потребители
Государственные (муниципальные)…
Население и приравненные группы…
Территориальные сетевые организ…
абс.
%
Прогноз на месяц 
Ноябрь
КПО/Отпуск из сети 
Котловой полезный отпуск, млн. кВт.ч
Организация 
Все
Прогноз электропотребления и выручки за услуги по передаче в разрезе отраслей'

29-11-2024T11:38:49 - [MESSAGE][PASSED] - Text of object 'Object Repository/Прогноз по отраслям/Виджеты дашборда' is: 'Год 
2023 год
Сравнение с 
План/СУ
Динамика электропотребления, млрд. кВт.ч., по ПАО Россети на 2023 год
0 0
0 0
0 0
0 0
0 0
0 0
0 0
0 0
0 0
0 0
0 0
0 0
0 0
120 120
39 39
39 39
8 8
8 8
1 1
20 20
78 78
26 26
121 121
60 60
СУ
Ожидаемое (прогноз до конца года)
Интер РАО(для ФСК)
Промышленныепотребители
Транспорт
Нефтедобыча
Нефтеперераб…
Нефтепроводы
Газопроводы
Сельское хозя…
Непромышлен…
Государственн…
Население иприравненныегруппыпотребителей
Территориальн…
Выручка, млрд. руб, по ПАО Россети на 2023 год
6 6
331 331
82 82
77 77
20 20
20 20
3 3
57 57
220 220
68 68
214 214
258 258
Ожидаемое (прогноз до конца года)
Интер РАО(для ФСК)
Промышленныепотребители
Транспорт
Нефтедобыча
Нефтеперераб…
Нефтепроводы
Газопроводы
Сельское хозя…
Непромышлен…
Государственн…
Население иприравненныегруппыпотребителей
Территориальн…
Отклонения по ПАО Россети на 2023 год
⬤ Отклонение, %
Интер РАО (для ФСК)
Промышленные потребители
Транспорт
Нефтедобыча
Нефтепереработка
Нефтепроводы
Газопроводы
Сельское хозяйство и пищевая про…
Непромышленные потребители
Государственные (муниципальные)…
Население и приравненные группы…
Территориальные сетевые организ…
Выручка отклонения по ПАО Россети на 2023 год
⬤ Отклонение, %
Интер РАО (для ФСК)
Промышленные потребители
Транспорт
Нефтедобыча
Нефтепереработка
Нефтепроводы
Газопроводы
Сельское хозяйство и пищевая про…
Непромышленные потребители
Государственные (муниципальные)…
Население и приравненные группы…
Территориальные сетевые организ…
абс.
%
Прогноз на месяц 
Ноябрь
КПО/Отпуск из сети 
Котловой полезный отпуск, млн. кВт.ч
Организация 
Все
Прогноз электропотребления и выручки за услуги по передаче в разрезе отраслей'

29-11-2024T11:38:49 - [TEST_STEP][PASSED] - b6 = b6.replaceAll("[^0-9]", ""): null

29-11-2024T11:38:49 - [TEST_STEP][PASSED] - println("b6:" + b6): null

29-11-2024T11:38:49 - [TEST_STEP][PASSED] - click(findTestObject("Прогноз по отраслям/Переключить отображение с процентов на абс Стресс-сценарий")): Object: 'Object Repository/Прогноз по отраслям/Переключить отображение с процентов на абс Стресс-сценарий' is clicked on

29-11-2024T11:38:49 - [MESSAGE][PASSED] - Object: 'Object Repository/Прогноз по отраслям/Переключить отображение с процентов на абс Стресс-сценарий' is clicked on

29-11-2024T11:38:49 - [TEST_STEP][PASSED] - click(findTestObject("Прогноз по отраслям/Фильтр Сравнение с Стресс")): Object: 'Object Repository/Прогноз по отраслям/Фильтр Сравнение с Стресс' is clicked on

29-11-2024T11:38:49 - [MESSAGE][PASSED] - Object: 'Object Repository/Прогноз по отраслям/Фильтр Сравнение с Стресс' is clicked on

29-11-2024T11:38:49 - [TEST_STEP][PASSED] - click(findTestObject("Прогноз по отраслям/Факт прошлого года Стресс")): Object: 'Object Repository/Прогноз по отраслям/Факт прошлого года Стресс' is clicked on

29-11-2024T11:38:51 - [MESSAGE][PASSED] - Object: 'Object Repository/Прогноз по отраслям/Факт прошлого года Стресс' is clicked on

29-11-2024T11:38:51 - [TEST_STEP][PASSED] - click(findTestObject("Прогноз по отраслям/Фильтр КПО-Отпуск Стресс")): Object: 'Object Repository/Прогноз по отраслям/Фильтр КПО-Отпуск Стресс' is clicked on

29-11-2024T11:38:53 - [MESSAGE][PASSED] - Object: 'Object Repository/Прогноз по отраслям/Фильтр КПО-Отпуск Стресс' is clicked on

29-11-2024T11:38:53 - [TEST_STEP][PASSED] - click(findTestObject("Прогноз по отраслям/Отпуск Стресс")): Object: 'Object Repository/Прогноз по отраслям/Отпуск Стресс' is clicked on

29-11-2024T11:38:54 - [MESSAGE][PASSED] - Object: 'Object Repository/Прогноз по отраслям/Отпуск Стресс' is clicked on

29-11-2024T11:38:54 - [TEST_STEP][PASSED] - delay(40): Delayed 40 second(s)

29-11-2024T11:39:34 - [MESSAGE][PASSED] - Delayed 40 second(s)

29-11-2024T11:39:34 - [TEST_STEP][PASSED] - b7 = getText(findTestObject("Прогноз по отраслям/Виджеты дашборда")): Text of object 'Object Repository/Прогноз по отраслям/Виджеты дашборда' is: 'Год 
2023 год
Сравнение с 
Факт прошлого года
Отклонения по ПАО Россети на 2023 год
-2 263.5 -2 263.5
11 054.6 11 054.6
1 280.2 1 280.2
-1 947.5 -1 947.5
90.9 90.9
-3 845.0 -3 845.0
4 162.1 4 162.1
651.7 651.7
-4 727.7 -4 727.7
256.5 256.5
-723.9 -723.9
4 292.3 4 292.3
⬤ Отклонение, млн. кВт.ч
Интер РАО (для ФСК)
Промышленные потребители
Транспорт
Нефтедобыча
Нефтепереработка
Нефтепроводы
Газопроводы
Сельское хозяйство и пищевая про…
Непромышленные потребители
Государственные (муниципальные…
Население и приравненные группы…
Территориальные сетевые организ…
Выручка отклонения по ПАО Россети на 2023 год
421.3 421.3
45 574.9 45 574.9
9 547.5 9 547.5
4 889.3 4 889.3
2 337.4 2 337.4
-1 682.6 -1 682.6
2 919.4 2 919.4
7 110.2 7 110.2
19 840.8 19 840.8
7 289.5 7 289.5
23 664.8 23 664.8
31 028.3 31 028.3
⬤ Отклонение, млн. руб
Интер РАО (для ФСК)
Промышленные потребители
Транспорт
Нефтедобыча
Нефтепереработка
Нефтепроводы
Газопроводы
Сельское хозяйство и пищевая про…
Непромышленные потребители
Государственные (муниципальные…
Население и приравненные группы…
Территориальные сетевые организ…
Динамика электропотребления, млрд. кВт.ч., по ПАО Россети на 2023 год
12 12
186 186
36 36
50 50
10 10
19 19
0 0
17 17
85 85
19 19
82 82
604 604
10 10
197 197
37 37
48 48
10 10
15 15
4 4
18 18
80 80
19 19
82 82
608 608
Факт прошлого года
Ожидаемое (прогноз до конца года)
Интер РАО(для ФСК)
Промышленныепотребители
Транспорт
Нефтедобыча
Нефтеперераб…
Нефтепроводы
Газопроводы
Сельское хозя…
Непромышлен…
Государственн…
Население иприравненныегруппыпотребителей
Территориальн…
Выручка, млрд. руб, по ПАО Россети на 2023 год
5 5
285 285
72 72
72 72
18 18
22 22
0 0
50 50
201 201
61 61
190 190
227 227
6 6
331 331
82 82
77 77
20 20
20 20
3 3
57 57
220 220
68 68
214 214
258 258
Факт прошлого года
Ожидаемое (прогноз до конца года)
Интер РАО(для ФСК)
Промышленныепотребители
Транспорт
Нефтедобыча
Нефтеперераб…
Нефтепроводы
Газопроводы
Сельское хозя…
Непромышлен…
Государственн…
Население иприравненныегруппыпотребителей
Территориальн…
абс.
%
Прогноз на месяц 
Ноябрь
КПО/Отпуск из сети 
Отпуск из сети, млн. кВт.ч
Организация 
Все
Прогноз электропотребления и выручки за услуги по передаче в разрезе отраслей'

29-11-2024T11:39:35 - [MESSAGE][PASSED] - Text of object 'Object Repository/Прогноз по отраслям/Виджеты дашборда' is: 'Год 
2023 год
Сравнение с 
Факт прошлого года
Отклонения по ПАО Россети на 2023 год
-2 263.5 -2 263.5
11 054.6 11 054.6
1 280.2 1 280.2
-1 947.5 -1 947.5
90.9 90.9
-3 845.0 -3 845.0
4 162.1 4 162.1
651.7 651.7
-4 727.7 -4 727.7
256.5 256.5
-723.9 -723.9
4 292.3 4 292.3
⬤ Отклонение, млн. кВт.ч
Интер РАО (для ФСК)
Промышленные потребители
Транспорт
Нефтедобыча
Нефтепереработка
Нефтепроводы
Газопроводы
Сельское хозяйство и пищевая про…
Непромышленные потребители
Государственные (муниципальные…
Население и приравненные группы…
Территориальные сетевые организ…
Выручка отклонения по ПАО Россети на 2023 год
421.3 421.3
45 574.9 45 574.9
9 547.5 9 547.5
4 889.3 4 889.3
2 337.4 2 337.4
-1 682.6 -1 682.6
2 919.4 2 919.4
7 110.2 7 110.2
19 840.8 19 840.8
7 289.5 7 289.5
23 664.8 23 664.8
31 028.3 31 028.3
⬤ Отклонение, млн. руб
Интер РАО (для ФСК)
Промышленные потребители
Транспорт
Нефтедобыча
Нефтепереработка
Нефтепроводы
Газопроводы
Сельское хозяйство и пищевая про…
Непромышленные потребители
Государственные (муниципальные…
Население и приравненные группы…
Территориальные сетевые организ…
Динамика электропотребления, млрд. кВт.ч., по ПАО Россети на 2023 год
12 12
186 186
36 36
50 50
10 10
19 19
0 0
17 17
85 85
19 19
82 82
604 604
10 10
197 197
37 37
48 48
10 10
15 15
4 4
18 18
80 80
19 19
82 82
608 608
Факт прошлого года
Ожидаемое (прогноз до конца года)
Интер РАО(для ФСК)
Промышленныепотребители
Транспорт
Нефтедобыча
Нефтеперераб…
Нефтепроводы
Газопроводы
Сельское хозя…
Непромышлен…
Государственн…
Население иприравненныегруппыпотребителей
Территориальн…
Выручка, млрд. руб, по ПАО Россети на 2023 год
5 5
285 285
72 72
72 72
18 18
22 22
0 0
50 50
201 201
61 61
190 190
227 227
6 6
331 331
82 82
77 77
20 20
20 20
3 3
57 57
220 220
68 68
214 214
258 258
Факт прошлого года
Ожидаемое (прогноз до конца года)
Интер РАО(для ФСК)
Промышленныепотребители
Транспорт
Нефтедобыча
Нефтеперераб…
Нефтепроводы
Газопроводы
Сельское хозя…
Непромышлен…
Государственн…
Население иприравненныегруппыпотребителей
Территориальн…
абс.
%
Прогноз на месяц 
Ноябрь
КПО/Отпуск из сети 
Отпуск из сети, млн. кВт.ч
Организация 
Все
Прогноз электропотребления и выручки за услуги по передаче в разрезе отраслей'

29-11-2024T11:39:35 - [TEST_STEP][PASSED] - b7 = b7.replaceAll("[^0-9]", ""): null

29-11-2024T11:39:35 - [TEST_STEP][PASSED] - println("b7:" + b7): null

29-11-2024T11:39:35 - [TEST_STEP][PASSED] - click(findTestObject("Прогноз по отраслям/Фильтр Сравнение с Стресс")): Object: 'Object Repository/Прогноз по отраслям/Фильтр Сравнение с Стресс' is clicked on

29-11-2024T11:39:35 - [MESSAGE][PASSED] - Object: 'Object Repository/Прогноз по отраслям/Фильтр Сравнение с Стресс' is clicked on

29-11-2024T11:39:35 - [TEST_STEP][PASSED] - click(findTestObject("Прогноз по отраслям/План Стресс")): Object: 'Object Repository/Прогноз по отраслям/План Стресс' is clicked on

29-11-2024T11:39:36 - [MESSAGE][PASSED] - Object: 'Object Repository/Прогноз по отраслям/План Стресс' is clicked on

29-11-2024T11:39:36 - [TEST_STEP][PASSED] - delay(40): Delayed 40 second(s)

29-11-2024T11:40:16 - [MESSAGE][PASSED] - Delayed 40 second(s)

29-11-2024T11:40:16 - [TEST_STEP][PASSED] - b8 = getText(findTestObject("Прогноз по отраслям/Виджеты дашборда")): Text of object 'Object Repository/Прогноз по отраслям/Виджеты дашборда' is: 'Год 
2023 год
Сравнение с 
План
Отклонения по ПАО Россети на 2023 год
-2 263.5 -2 263.5
11 054.6 11 054.6
1 280.2 1 280.2
-1 947.5 -1 947.5
90.9 90.9
-3 845.0 -3 845.0
4 162.1 4 162.1
651.7 651.7
-4 727.7 -4 727.7
256.5 256.5
-723.9 -723.9
4 292.3 4 292.3
⬤ Отклонение, млн. кВт.ч
Интер РАО (для ФСК)
Промышленные потребители
Транспорт
Нефтедобыча
Нефтепереработка
Нефтепроводы
Газопроводы
Сельское хозяйство и пищевая про…
Непромышленные потребители
Государственные (муниципальные…
Население и приравненные группы…
Территориальные сетевые организ…
Выручка отклонения по ПАО Россети на 2023 год
794.9 794.9
12 195.0 12 195.0
972.7 972.7
61 803.9 61 803.9
4 222.3 4 222.3
-121.8 -121.8
666.2 666.2
873.2 873.2
5 809.6 5 809.6
1 342.6 1 342.6
-4 463.2 -4 463.2
18 375.5 18 375.5
⬤ Отклонение, млн. руб
Интер РАО (для ФСК)
Промышленные потребители
Транспорт
Нефтедобыча
Нефтепереработка
Нефтепроводы
Газопроводы
Сельское хозяйство и пищевая про…
Непромышленные потребители
Государственные (муниципальные…
Население и приравненные группы…
Территориальные сетевые организ…
Динамика электропотребления, млрд. кВт.ч., по ПАО Россети на 2023 год
10 10
190 190
36 36
14 14
9 9
14 14
4 4
17 17
80 80
19 19
82 82
588 588
10 10
197 197
37 37
48 48
10 10
15 15
4 4
18 18
80 80
19 19
82 82
608 608
План
Ожидаемое (прогноз до конца года)
Интер РАО(для ФСК)
Промышленныепотребители
Транспорт
Нефтедобыча
Нефтеперераб…
Нефтепроводы
Газопроводы
Сельское хозя…
Непромышлен…
Государственн…
Население иприравненныегруппыпотребителей
Территориальн…
Выручка, млрд. руб, по ПАО Россети на 2023 год
5 5
319 319
81 81
16 16
16 16
20 20
2 2
56 56
215 215
67 67
218 218
239 239
6 6
331 331
82 82
77 77
20 20
20 20
3 3
57 57
220 220
68 68
214 214
258 258
План
Ожидаемое (прогноз до конца года)
Интер РАО(для ФСК)
Промышленныепотребители
Транспорт
Нефтедобыча
Нефтеперераб…
Нефтепроводы
Газопроводы
Сельское хозя…
Непромышлен…
Государственн…
Население иприравненныегруппыпотребителей
Территориальн…
абс.
%
Прогноз на месяц 
Ноябрь
КПО/Отпуск из сети 
Отпуск из сети, млн. кВт.ч
Организация 
Все
Прогноз электропотребления и выручки за услуги по передаче в разрезе отраслей'

29-11-2024T11:40:47 - [MESSAGE][PASSED] - Text of object 'Object Repository/Прогноз по отраслям/Виджеты дашборда' is: 'Год 
2023 год
Сравнение с 
План
Отклонения по ПАО Россети на 2023 год
-2 263.5 -2 263.5
11 054.6 11 054.6
1 280.2 1 280.2
-1 947.5 -1 947.5
90.9 90.9
-3 845.0 -3 845.0
4 162.1 4 162.1
651.7 651.7
-4 727.7 -4 727.7
256.5 256.5
-723.9 -723.9
4 292.3 4 292.3
⬤ Отклонение, млн. кВт.ч
Интер РАО (для ФСК)
Промышленные потребители
Транспорт
Нефтедобыча
Нефтепереработка
Нефтепроводы
Газопроводы
Сельское хозяйство и пищевая про…
Непромышленные потребители
Государственные (муниципальные…
Население и приравненные группы…
Территориальные сетевые организ…
Выручка отклонения по ПАО Россети на 2023 год
794.9 794.9
12 195.0 12 195.0
972.7 972.7
61 803.9 61 803.9
4 222.3 4 222.3
-121.8 -121.8
666.2 666.2
873.2 873.2
5 809.6 5 809.6
1 342.6 1 342.6
-4 463.2 -4 463.2
18 375.5 18 375.5
⬤ Отклонение, млн. руб
Интер РАО (для ФСК)
Промышленные потребители
Транспорт
Нефтедобыча
Нефтепереработка
Нефтепроводы
Газопроводы
Сельское хозяйство и пищевая про…
Непромышленные потребители
Государственные (муниципальные…
Население и приравненные группы…
Территориальные сетевые организ…
Динамика электропотребления, млрд. кВт.ч., по ПАО Россети на 2023 год
10 10
190 190
36 36
14 14
9 9
14 14
4 4
17 17
80 80
19 19
82 82
588 588
10 10
197 197
37 37
48 48
10 10
15 15
4 4
18 18
80 80
19 19
82 82
608 608
План
Ожидаемое (прогноз до конца года)
Интер РАО(для ФСК)
Промышленныепотребители
Транспорт
Нефтедобыча
Нефтеперераб…
Нефтепроводы
Газопроводы
Сельское хозя…
Непромышлен…
Государственн…
Население иприравненныегруппыпотребителей
Территориальн…
Выручка, млрд. руб, по ПАО Россети на 2023 год
5 5
319 319
81 81
16 16
16 16
20 20
2 2
56 56
215 215
67 67
218 218
239 239
6 6
331 331
82 82
77 77
20 20
20 20
3 3
57 57
220 220
68 68
214 214
258 258
План
Ожидаемое (прогноз до конца года)
Интер РАО(для ФСК)
Промышленныепотребители
Транспорт
Нефтедобыча
Нефтеперераб…
Нефтепроводы
Газопроводы
Сельское хозя…
Непромышлен…
Государственн…
Население иприравненныегруппыпотребителей
Территориальн…
абс.
%
Прогноз на месяц 
Ноябрь
КПО/Отпуск из сети 
Отпуск из сети, млн. кВт.ч
Организация 
Все
Прогноз электропотребления и выручки за услуги по передаче в разрезе отраслей'

29-11-2024T11:40:47 - [TEST_STEP][PASSED] - b8 = b8.replaceAll("[^0-9]", ""): null

29-11-2024T11:40:47 - [TEST_STEP][PASSED] - println("b8:" + b8): null

29-11-2024T11:40:47 - [TEST_STEP][PASSED] - click(findTestObject("Прогноз по отраслям/Фильтр Сравнение с Стресс")): Object: 'Object Repository/Прогноз по отраслям/Фильтр Сравнение с Стресс' is clicked on

29-11-2024T11:41:17 - [MESSAGE][PASSED] - Object: 'Object Repository/Прогноз по отраслям/Фильтр Сравнение с Стресс' is clicked on

29-11-2024T11:41:17 - [TEST_STEP][PASSED] - click(findTestObject("Прогноз по отраслям/План СУ Стресс")): Object: 'Object Repository/Прогноз по отраслям/План СУ Стресс' is clicked on

29-11-2024T11:41:48 - [MESSAGE][PASSED] - Object: 'Object Repository/Прогноз по отраслям/План СУ Стресс' is clicked on

29-11-2024T11:41:48 - [TEST_STEP][PASSED] - delay(40): Delayed 40 second(s)

29-11-2024T11:42:28 - [MESSAGE][PASSED] - Delayed 40 second(s)

29-11-2024T11:42:28 - [TEST_STEP][PASSED] - b9 = getText(findTestObject("Прогноз по отраслям/Виджеты дашборда")): Text of object 'Object Repository/Прогноз по отраслям/Виджеты дашборда' is: 'Год 
2023 год
Сравнение с 
План/СУ
Отклонения по ПАО Россети на 2023 год
243.5 243.5
11 013.5 11 013.5
674.8 674.8
32 765.3 32 765.3
1 049.4 1 049.4
271.8 271.8
495.2 495.2
588.7 588.7
-7 607.7 -7 607.7
31.9 31.9
-1 318.1 -1 318.1
10 906.5 10 906.5
⬤ Отклонение, млн. кВт.ч
Интер РАО (для ФСК)
Промышленные потребители
Транспорт
Нефтедобыча
Нефтепереработка
Нефтепроводы
Газопроводы
Сельское хозяйство и пищевая про…
Непромышленные потребители
Государственные (муниципальные…
Население и приравненные группы…
Территориальные сетевые организ…
Выручка отклонения по ПАО Россети на 2023 год
⬤ Отклонение, млн. руб
Интер РАО (для ФСК)
Промышленные потребители
Транспорт
Нефтедобыча
Нефтепереработка
Нефтепроводы
Газопроводы
Сельское хозяйство и пищевая про…
Непромышленные потребители
Государственные (муниципальные…
Население и приравненные группы…
Территориальные сетевые организ…
Динамика электропотребления, млрд. кВт.ч., по ПАО Россети на 2023 год
10 10
186 186
36 36
15 15
9 9
14 14
4 4
17 17
88 88
19 19
83 83
597 597
10 10
197 197
37 37
48 48
10 10
15 15
4 4
18 18
80 80
19 19
82 82
608 608
СУ
Ожидаемое (прогноз до конца года)
Интер РАО(для ФСК)
Промышленныепотребители
Транспорт
Нефтедобыча
Нефтеперераб…
Нефтепроводы
Газопроводы
Сельское хозя…
Непромышлен…
Государственн…
Население иприравненныегруппыпотребителей
Территориальн…
Выручка, млрд. руб, по ПАО Россети на 2023 год
6 6
331 331
82 82
77 77
20 20
20 20
3 3
57 57
220 220
68 68
214 214
258 258
Ожидаемое (прогноз до конца года)
Интер РАО(для ФСК)
Промышленныепотребители
Транспорт
Нефтедобыча
Нефтеперераб…
Нефтепроводы
Газопроводы
Сельское хозя…
Непромышлен…
Государственн…
Население иприравненныегруппыпотребителей
Территориальн…
абс.
%
Прогноз на месяц 
Ноябрь
КПО/Отпуск из сети 
Отпуск из сети, млн. кВт.ч
Организация 
Все
Прогноз электропотребления и выручки за услуги по передаче в разрезе отраслей'

29-11-2024T11:42:29 - [MESSAGE][PASSED] - Text of object 'Object Repository/Прогноз по отраслям/Виджеты дашборда' is: 'Год 
2023 год
Сравнение с 
План/СУ
Отклонения по ПАО Россети на 2023 год
243.5 243.5
11 013.5 11 013.5
674.8 674.8
32 765.3 32 765.3
1 049.4 1 049.4
271.8 271.8
495.2 495.2
588.7 588.7
-7 607.7 -7 607.7
31.9 31.9
-1 318.1 -1 318.1
10 906.5 10 906.5
⬤ Отклонение, млн. кВт.ч
Интер РАО (для ФСК)
Промышленные потребители
Транспорт
Нефтедобыча
Нефтепереработка
Нефтепроводы
Газопроводы
Сельское хозяйство и пищевая про…
Непромышленные потребители
Государственные (муниципальные…
Население и приравненные группы…
Территориальные сетевые организ…
Выручка отклонения по ПАО Россети на 2023 год
⬤ Отклонение, млн. руб
Интер РАО (для ФСК)
Промышленные потребители
Транспорт
Нефтедобыча
Нефтепереработка
Нефтепроводы
Газопроводы
Сельское хозяйство и пищевая про…
Непромышленные потребители
Государственные (муниципальные…
Население и приравненные группы…
Территориальные сетевые организ…
Динамика электропотребления, млрд. кВт.ч., по ПАО Россети на 2023 год
10 10
186 186
36 36
15 15
9 9
14 14
4 4
17 17
88 88
19 19
83 83
597 597
10 10
197 197
37 37
48 48
10 10
15 15
4 4
18 18
80 80
19 19
82 82
608 608
СУ
Ожидаемое (прогноз до конца года)
Интер РАО(для ФСК)
Промышленныепотребители
Транспорт
Нефтедобыча
Нефтеперераб…
Нефтепроводы
Газопроводы
Сельское хозя…
Непромышлен…
Государственн…
Население иприравненныегруппыпотребителей
Территориальн…
Выручка, млрд. руб, по ПАО Россети на 2023 год
6 6
331 331
82 82
77 77
20 20
20 20
3 3
57 57
220 220
68 68
214 214
258 258
Ожидаемое (прогноз до конца года)
Интер РАО(для ФСК)
Промышленныепотребители
Транспорт
Нефтедобыча
Нефтеперераб…
Нефтепроводы
Газопроводы
Сельское хозя…
Непромышлен…
Государственн…
Население иприравненныегруппыпотребителей
Территориальн…
абс.
%
Прогноз на месяц 
Ноябрь
КПО/Отпуск из сети 
Отпуск из сети, млн. кВт.ч
Организация 
Все
Прогноз электропотребления и выручки за услуги по передаче в разрезе отраслей'

29-11-2024T11:42:29 - [TEST_STEP][PASSED] - b9 = b9.replaceAll("[^0-9]", ""): null

29-11-2024T11:42:29 - [TEST_STEP][PASSED] - println("b9:" + b9): null

29-11-2024T11:42:29 - [TEST_STEP][PASSED] - click(findTestObject("Прогноз по отраслям/Фильтр Сравнение с Стресс")): Object: 'Object Repository/Прогноз по отраслям/Фильтр Сравнение с Стресс' is clicked on

29-11-2024T11:42:29 - [MESSAGE][PASSED] - Object: 'Object Repository/Прогноз по отраслям/Фильтр Сравнение с Стресс' is clicked on

29-11-2024T11:42:29 - [TEST_STEP][PASSED] - click(findTestObject("Прогноз по отраслям/Факт прошлого года Стресс")): Object: 'Object Repository/Прогноз по отраслям/Факт прошлого года Стресс' is clicked on

29-11-2024T11:42:30 - [MESSAGE][PASSED] - Object: 'Object Repository/Прогноз по отраслям/Факт прошлого года Стресс' is clicked on

29-11-2024T11:42:30 - [TEST_STEP][PASSED] - click(findTestObject("Прогноз по отраслям/Фильтр КПО-Отпуск Стресс")): Object: 'Object Repository/Прогноз по отраслям/Фильтр КПО-Отпуск Стресс' is clicked on

29-11-2024T11:42:33 - [MESSAGE][PASSED] - Object: 'Object Repository/Прогноз по отраслям/Фильтр КПО-Отпуск Стресс' is clicked on

29-11-2024T11:42:33 - [TEST_STEP][PASSED] - click(findTestObject("Прогноз по отраслям/КПО Стресс")): Object: 'Object Repository/Прогноз по отраслям/КПО Стресс' is clicked on

29-11-2024T11:42:34 - [MESSAGE][PASSED] - Object: 'Object Repository/Прогноз по отраслям/КПО Стресс' is clicked on

29-11-2024T11:42:34 - [TEST_STEP][PASSED] - delay(40): Delayed 40 second(s)

29-11-2024T11:43:14 - [MESSAGE][PASSED] - Delayed 40 second(s)

29-11-2024T11:43:14 - [TEST_STEP][PASSED] - b10 = getText(findTestObject("Прогноз по отраслям/Виджеты дашборда")): Text of object 'Object Repository/Прогноз по отраслям/Виджеты дашборда' is: 'Год 
2023 год
Сравнение с 
Факт прошлого года
Отклонения по ПАО Россети на 2023 год
0.0 0.0
646.5 646.5
341.1 341.1
-2 455.6 -2 455.6
245.6 245.6
-1 796.0 -1 796.0
676.2 676.2
452.4 452.4
1 386.2 1 386.2
527.5 527.5
-1 130.4 -1 130.4
-128.7 -128.7
⬤ Отклонение, млн. кВт.ч
Интер РАО (для ФСК)
Промышленные потребители
Транспорт
Нефтедобыча
Нефтепереработка
Нефтепроводы
Газопроводы
Сельское хозяйство и пищевая про…
Непромышленные потребители
Государственные (муниципальные…
Население и приравненные группы…
Территориальные сетевые организ…
Выручка отклонения по ПАО Россети на 2023 год
421.3 421.3
45 574.9 45 574.9
9 547.5 9 547.5
4 889.3 4 889.3
2 337.4 2 337.4
-1 682.6 -1 682.6
2 919.4 2 919.4
7 110.2 7 110.2
19 840.8 19 840.8
7 289.5 7 289.5
23 664.8 23 664.8
31 028.3 31 028.3
⬤ Отклонение, млн. руб
Интер РАО (для ФСК)
Промышленные потребители
Транспорт
Нефтедобыча
Нефтепереработка
Нефтепроводы
Газопроводы
Сельское хозяйство и пищевая про…
Непромышленные потребители
Государственные (муниципальные…
Население и приравненные группы…
Территориальные сетевые организ…
Динамика электропотребления, млрд. кВт.ч., по ПАО Россети на 2023 год
0 0
120 120
38 38
41 41
8 8
10 10
0 0
19 19
77 77
25 25
122 122
61 61
0 0
120 120
39 39
39 39
8 8
8 8
1 1
20 20
78 78
26 26
121 121
60 60
Факт прошлого года
Ожидаемое (прогноз до конца года)
Интер РАО(для ФСК)
Промышленныепотребители
Транспорт
Нефтедобыча
Нефтеперераб…
Нефтепроводы
Газопроводы
Сельское хозя…
Непромышлен…
Государственн…
Население иприравненныегруппыпотребителей
Территориальн…
Выручка, млрд. руб, по ПАО Россети на 2023 год
5 5
285 285
72 72
72 72
18 18
22 22
0 0
50 50
201 201
61 61
190 190
227 227
6 6
331 331
82 82
77 77
20 20
20 20
3 3
57 57
220 220
68 68
214 214
258 258
Факт прошлого года
Ожидаемое (прогноз до конца года)
Интер РАО(для ФСК)
Промышленныепотребители
Транспорт
Нефтедобыча
Нефтеперераб…
Нефтепроводы
Газопроводы
Сельское хозя…
Непромышлен…
Государственн…
Население иприравненныегруппыпотребителей
Территориальн…
абс.
%
Прогноз на месяц 
Ноябрь
КПО/Отпуск из сети 
Котловой полезный отпуск, млн. кВт.ч
Организация 
Все
Прогноз электропотребления и выручки за услуги по передаче в разрезе отраслей'

29-11-2024T11:43:14 - [MESSAGE][PASSED] - Text of object 'Object Repository/Прогноз по отраслям/Виджеты дашборда' is: 'Год 
2023 год
Сравнение с 
Факт прошлого года
Отклонения по ПАО Россети на 2023 год
0.0 0.0
646.5 646.5
341.1 341.1
-2 455.6 -2 455.6
245.6 245.6
-1 796.0 -1 796.0
676.2 676.2
452.4 452.4
1 386.2 1 386.2
527.5 527.5
-1 130.4 -1 130.4
-128.7 -128.7
⬤ Отклонение, млн. кВт.ч
Интер РАО (для ФСК)
Промышленные потребители
Транспорт
Нефтедобыча
Нефтепереработка
Нефтепроводы
Газопроводы
Сельское хозяйство и пищевая про…
Непромышленные потребители
Государственные (муниципальные…
Население и приравненные группы…
Территориальные сетевые организ…
Выручка отклонения по ПАО Россети на 2023 год
421.3 421.3
45 574.9 45 574.9
9 547.5 9 547.5
4 889.3 4 889.3
2 337.4 2 337.4
-1 682.6 -1 682.6
2 919.4 2 919.4
7 110.2 7 110.2
19 840.8 19 840.8
7 289.5 7 289.5
23 664.8 23 664.8
31 028.3 31 028.3
⬤ Отклонение, млн. руб
Интер РАО (для ФСК)
Промышленные потребители
Транспорт
Нефтедобыча
Нефтепереработка
Нефтепроводы
Газопроводы
Сельское хозяйство и пищевая про…
Непромышленные потребители
Государственные (муниципальные…
Население и приравненные группы…
Территориальные сетевые организ…
Динамика электропотребления, млрд. кВт.ч., по ПАО Россети на 2023 год
0 0
120 120
38 38
41 41
8 8
10 10
0 0
19 19
77 77
25 25
122 122
61 61
0 0
120 120
39 39
39 39
8 8
8 8
1 1
20 20
78 78
26 26
121 121
60 60
Факт прошлого года
Ожидаемое (прогноз до конца года)
Интер РАО(для ФСК)
Промышленныепотребители
Транспорт
Нефтедобыча
Нефтеперераб…
Нефтепроводы
Газопроводы
Сельское хозя…
Непромышлен…
Государственн…
Население иприравненныегруппыпотребителей
Территориальн…
Выручка, млрд. руб, по ПАО Россети на 2023 год
5 5
285 285
72 72
72 72
18 18
22 22
0 0
50 50
201 201
61 61
190 190
227 227
6 6
331 331
82 82
77 77
20 20
20 20
3 3
57 57
220 220
68 68
214 214
258 258
Факт прошлого года
Ожидаемое (прогноз до конца года)
Интер РАО(для ФСК)
Промышленныепотребители
Транспорт
Нефтедобыча
Нефтеперераб…
Нефтепроводы
Газопроводы
Сельское хозя…
Непромышлен…
Государственн…
Население иприравненныегруппыпотребителей
Территориальн…
абс.
%
Прогноз на месяц 
Ноябрь
КПО/Отпуск из сети 
Котловой полезный отпуск, млн. кВт.ч
Организация 
Все
Прогноз электропотребления и выручки за услуги по передаче в разрезе отраслей'

29-11-2024T11:43:14 - [TEST_STEP][PASSED] - b10 = b10.replaceAll("[^0-9]", ""): null

29-11-2024T11:43:14 - [TEST_STEP][PASSED] - println("b10:" + b10): null

29-11-2024T11:43:14 - [TEST_STEP][PASSED] - click(findTestObject("Прогноз по отраслям/Фильтр Сравнение с Стресс")): Object: 'Object Repository/Прогноз по отраслям/Фильтр Сравнение с Стресс' is clicked on

29-11-2024T11:43:15 - [MESSAGE][PASSED] - Object: 'Object Repository/Прогноз по отраслям/Фильтр Сравнение с Стресс' is clicked on

29-11-2024T11:43:15 - [TEST_STEP][PASSED] - click(findTestObject("Прогноз по отраслям/План Стресс")): Object: 'Object Repository/Прогноз по отраслям/План Стресс' is clicked on

29-11-2024T11:43:16 - [MESSAGE][PASSED] - Object: 'Object Repository/Прогноз по отраслям/План Стресс' is clicked on

29-11-2024T11:43:16 - [TEST_STEP][PASSED] - delay(40): Delayed 40 second(s)

29-11-2024T11:43:56 - [MESSAGE][PASSED] - Delayed 40 second(s)

29-11-2024T11:43:56 - [TEST_STEP][PASSED] - b11 = getText(findTestObject("Прогноз по отраслям/Виджеты дашборда")): Text of object 'Object Repository/Прогноз по отраслям/Виджеты дашборда' is: 'Год 
2023 год
Сравнение с 
План
Отклонения по ПАО Россети на 2023 год
0.0 0.0
1 471.7 1 471.7
1 186.5 1 186.5
32 445.2 32 445.2
1 268.3 1 268.3
349.4 349.4
84.3 84.3
239.8 239.8
2 969.4 2 969.4
589.2 589.2
-1 798.4 -1 798.4
5 359.3 5 359.3
⬤ Отклонение, млн. кВт.ч
Интер РАО (для ФСК)
Промышленные потребители
Транспорт
Нефтедобыча
Нефтепереработка
Нефтепроводы
Газопроводы
Сельское хозяйство и пищевая про…
Непромышленные потребители
Государственные (муниципальные…
Население и приравненные группы…
Территориальные сетевые организ…
Выручка отклонения по ПАО Россети на 2023 год
794.9 794.9
12 195.0 12 195.0
972.7 972.7
61 803.9 61 803.9
4 222.3 4 222.3
-121.8 -121.8
666.2 666.2
873.2 873.2
5 809.6 5 809.6
1 342.6 1 342.6
-4 463.2 -4 463.2
18 375.5 18 375.5
⬤ Отклонение, млн. руб
Интер РАО (для ФСК)
Промышленные потребители
Транспорт
Нефтедобыча
Нефтепереработка
Нефтепроводы
Газопроводы
Сельское хозяйство и пищевая про…
Непромышленные потребители
Государственные (муниципальные…
Население и приравненные группы…
Территориальные сетевые организ…
Динамика электропотребления, млрд. кВт.ч., по ПАО Россети на 2023 год
0 0
119 119
37 37
7 7
7 7
8 8
1 1
19 19
75 75
25 25
123 123
55 55
0 0
120 120
39 39
39 39
8 8
8 8
1 1
20 20
78 78
26 26
121 121
60 60
План
Ожидаемое (прогноз до конца года)
Интер РАО(для ФСК)
Промышленныепотребители
Транспорт
Нефтедобыча
Нефтеперераб…
Нефтепроводы
Газопроводы
Сельское хозя…
Непромышлен…
Государственн…
Население иприравненныегруппыпотребителей
Территориальн…
Выручка, млрд. руб, по ПАО Россети на 2023 год
5 5
319 319
81 81
16 16
16 16
20 20
2 2
56 56
215 215
67 67
218 218
239 239
6 6
331 331
82 82
77 77
20 20
20 20
3 3
57 57
220 220
68 68
214 214
258 258
План
Ожидаемое (прогноз до конца года)
Интер РАО(для ФСК)
Промышленныепотребители
Транспорт
Нефтедобыча
Нефтеперераб…
Нефтепроводы
Газопроводы
Сельское хозя…
Непромышлен…
Государственн…
Население иприравненныегруппыпотребителей
Территориальн…
абс.
%
Прогноз на месяц 
Ноябрь
КПО/Отпуск из сети 
Котловой полезный отпуск, млн. кВт.ч
Организация 
Все
Прогноз электропотребления и выручки за услуги по передаче в разрезе отраслей'

29-11-2024T11:43:57 - [MESSAGE][PASSED] - Text of object 'Object Repository/Прогноз по отраслям/Виджеты дашборда' is: 'Год 
2023 год
Сравнение с 
План
Отклонения по ПАО Россети на 2023 год
0.0 0.0
1 471.7 1 471.7
1 186.5 1 186.5
32 445.2 32 445.2
1 268.3 1 268.3
349.4 349.4
84.3 84.3
239.8 239.8
2 969.4 2 969.4
589.2 589.2
-1 798.4 -1 798.4
5 359.3 5 359.3
⬤ Отклонение, млн. кВт.ч
Интер РАО (для ФСК)
Промышленные потребители
Транспорт
Нефтедобыча
Нефтепереработка
Нефтепроводы
Газопроводы
Сельское хозяйство и пищевая про…
Непромышленные потребители
Государственные (муниципальные…
Население и приравненные группы…
Территориальные сетевые организ…
Выручка отклонения по ПАО Россети на 2023 год
794.9 794.9
12 195.0 12 195.0
972.7 972.7
61 803.9 61 803.9
4 222.3 4 222.3
-121.8 -121.8
666.2 666.2
873.2 873.2
5 809.6 5 809.6
1 342.6 1 342.6
-4 463.2 -4 463.2
18 375.5 18 375.5
⬤ Отклонение, млн. руб
Интер РАО (для ФСК)
Промышленные потребители
Транспорт
Нефтедобыча
Нефтепереработка
Нефтепроводы
Газопроводы
Сельское хозяйство и пищевая про…
Непромышленные потребители
Государственные (муниципальные…
Население и приравненные группы…
Территориальные сетевые организ…
Динамика электропотребления, млрд. кВт.ч., по ПАО Россети на 2023 год
0 0
119 119
37 37
7 7
7 7
8 8
1 1
19 19
75 75
25 25
123 123
55 55
0 0
120 120
39 39
39 39
8 8
8 8
1 1
20 20
78 78
26 26
121 121
60 60
План
Ожидаемое (прогноз до конца года)
Интер РАО(для ФСК)
Промышленныепотребители
Транспорт
Нефтедобыча
Нефтеперераб…
Нефтепроводы
Газопроводы
Сельское хозя…
Непромышлен…
Государственн…
Население иприравненныегруппыпотребителей
Территориальн…
Выручка, млрд. руб, по ПАО Россети на 2023 год
5 5
319 319
81 81
16 16
16 16
20 20
2 2
56 56
215 215
67 67
218 218
239 239
6 6
331 331
82 82
77 77
20 20
20 20
3 3
57 57
220 220
68 68
214 214
258 258
План
Ожидаемое (прогноз до конца года)
Интер РАО(для ФСК)
Промышленныепотребители
Транспорт
Нефтедобыча
Нефтеперераб…
Нефтепроводы
Газопроводы
Сельское хозя…
Непромышлен…
Государственн…
Население иприравненныегруппыпотребителей
Территориальн…
абс.
%
Прогноз на месяц 
Ноябрь
КПО/Отпуск из сети 
Котловой полезный отпуск, млн. кВт.ч
Организация 
Все
Прогноз электропотребления и выручки за услуги по передаче в разрезе отраслей'

29-11-2024T11:43:57 - [TEST_STEP][PASSED] - println("b11:" + b11): null

29-11-2024T11:43:57 - [TEST_STEP][PASSED] - b11 = b11.replaceAll("[^0-9]", ""): null

29-11-2024T11:43:57 - [TEST_STEP][PASSED] - println("b11:" + b11): null

29-11-2024T11:43:57 - [TEST_STEP][PASSED] - click(findTestObject("Прогноз по отраслям/Фильтр Сравнение с Стресс")): Object: 'Object Repository/Прогноз по отраслям/Фильтр Сравнение с Стресс' is clicked on

29-11-2024T11:43:57 - [MESSAGE][PASSED] - Object: 'Object Repository/Прогноз по отраслям/Фильтр Сравнение с Стресс' is clicked on

29-11-2024T11:43:57 - [TEST_STEP][PASSED] - click(findTestObject("Прогноз по отраслям/План СУ Стресс")): Object: 'Object Repository/Прогноз по отраслям/План СУ Стресс' is clicked on

29-11-2024T11:43:59 - [MESSAGE][PASSED] - Object: 'Object Repository/Прогноз по отраслям/План СУ Стресс' is clicked on

29-11-2024T11:43:59 - [TEST_STEP][PASSED] - delay(40): Delayed 40 second(s)

29-11-2024T11:44:39 - [MESSAGE][PASSED] - Delayed 40 second(s)

29-11-2024T11:44:39 - [TEST_STEP][PASSED] - b12 = getText(findTestObject("Прогноз по отраслям/Виджеты дашборда")): Text of object 'Object Repository/Прогноз по отраслям/Виджеты дашборда' is: 'Год 
2023 год
Сравнение с 
План/СУ
Отклонения по ПАО Россети на 2023 год
0.0 0.0
120 322.6 120 322.6
38 655.4 38 655.4
39 037.8 39 037.8
8 291.7 8 291.7
8 259.5 8 259.5
793.1 793.1
19 706.6 19 706.6
78 310.2 78 310.2
25 579.5 25 579.5
121 219.7 121 219.7
60 414.9 60 414.9
⬤ Отклонение, млн. кВт.ч
Интер РАО (для ФСК)
Промышленные потребители
Транспорт
Нефтедобыча
Нефтепереработка
Нефтепроводы
Газопроводы
Сельское хозяйство и пищевая про…
Непромышленные потребители
Государственные (муниципальные…
Население и приравненные группы…
Территориальные сетевые организ…
Выручка отклонения по ПАО Россети на 2023 год
⬤ Отклонение, млн. руб
Интер РАО (для ФСК)
Промышленные потребители
Транспорт
Нефтедобыча
Нефтепереработка
Нефтепроводы
Газопроводы
Сельское хозяйство и пищевая про…
Непромышленные потребители
Государственные (муниципальные…
Население и приравненные группы…
Территориальные сетевые организ…
Динамика электропотребления, млрд. кВт.ч., по ПАО Россети на 2023 год
0 0
0 0
0 0
0 0
0 0
0 0
0 0
0 0
0 0
0 0
0 0
0 0
0 0
120 120
39 39
39 39
8 8
8 8
1 1
20 20
78 78
26 26
121 121
60 60
СУ
Ожидаемое (прогноз до конца года)
Интер РАО(для ФСК)
Промышленныепотребители
Транспорт
Нефтедобыча
Нефтеперераб…
Нефтепроводы
Газопроводы
Сельское хозя…
Непромышлен…
Государственн…
Население иприравненныегруппыпотребителей
Территориальн…
Выручка, млрд. руб, по ПАО Россети на 2023 год
6 6
331 331
82 82
77 77
20 20
20 20
3 3
57 57
220 220
68 68
214 214
258 258
Ожидаемое (прогноз до конца года)
Интер РАО(для ФСК)
Промышленныепотребители
Транспорт
Нефтедобыча
Нефтеперераб…
Нефтепроводы
Газопроводы
Сельское хозя…
Непромышлен…
Государственн…
Население иприравненныегруппыпотребителей
Территориальн…
абс.
%
Прогноз на месяц 
Ноябрь
КПО/Отпуск из сети 
Котловой полезный отпуск, млн. кВт.ч
Организация 
Все
Прогноз электропотребления и выручки за услуги по передаче в разрезе отраслей'

29-11-2024T11:44:39 - [MESSAGE][PASSED] - Text of object 'Object Repository/Прогноз по отраслям/Виджеты дашборда' is: 'Год 
2023 год
Сравнение с 
План/СУ
Отклонения по ПАО Россети на 2023 год
0.0 0.0
120 322.6 120 322.6
38 655.4 38 655.4
39 037.8 39 037.8
8 291.7 8 291.7
8 259.5 8 259.5
793.1 793.1
19 706.6 19 706.6
78 310.2 78 310.2
25 579.5 25 579.5
121 219.7 121 219.7
60 414.9 60 414.9
⬤ Отклонение, млн. кВт.ч
Интер РАО (для ФСК)
Промышленные потребители
Транспорт
Нефтедобыча
Нефтепереработка
Нефтепроводы
Газопроводы
Сельское хозяйство и пищевая про…
Непромышленные потребители
Государственные (муниципальные…
Население и приравненные группы…
Территориальные сетевые организ…
Выручка отклонения по ПАО Россети на 2023 год
⬤ Отклонение, млн. руб
Интер РАО (для ФСК)
Промышленные потребители
Транспорт
Нефтедобыча
Нефтепереработка
Нефтепроводы
Газопроводы
Сельское хозяйство и пищевая про…
Непромышленные потребители
Государственные (муниципальные…
Население и приравненные группы…
Территориальные сетевые организ…
Динамика электропотребления, млрд. кВт.ч., по ПАО Россети на 2023 год
0 0
0 0
0 0
0 0
0 0
0 0
0 0
0 0
0 0
0 0
0 0
0 0
0 0
120 120
39 39
39 39
8 8
8 8
1 1
20 20
78 78
26 26
121 121
60 60
СУ
Ожидаемое (прогноз до конца года)
Интер РАО(для ФСК)
Промышленныепотребители
Транспорт
Нефтедобыча
Нефтеперераб…
Нефтепроводы
Газопроводы
Сельское хозя…
Непромышлен…
Государственн…
Население иприравненныегруппыпотребителей
Территориальн…
Выручка, млрд. руб, по ПАО Россети на 2023 год
6 6
331 331
82 82
77 77
20 20
20 20
3 3
57 57
220 220
68 68
214 214
258 258
Ожидаемое (прогноз до конца года)
Интер РАО(для ФСК)
Промышленныепотребители
Транспорт
Нефтедобыча
Нефтеперераб…
Нефтепроводы
Газопроводы
Сельское хозя…
Непромышлен…
Государственн…
Население иприравненныегруппыпотребителей
Территориальн…
абс.
%
Прогноз на месяц 
Ноябрь
КПО/Отпуск из сети 
Котловой полезный отпуск, млн. кВт.ч
Организация 
Все
Прогноз электропотребления и выручки за услуги по передаче в разрезе отраслей'

29-11-2024T11:44:39 - [TEST_STEP][PASSED] - b12 = b12.replaceAll("[^0-9]", ""): null

29-11-2024T11:44:39 - [TEST_STEP][PASSED] - println("b12:" + b12): null

29-11-2024T11:44:39 - [TEST_STEP][PASSED] - if (verifyEqual(a1, b1) == true): Actual object '20232023121218618636365050101019190017178585191982826046041010197197373748481010151544181880801919828260860820235528528572727272181822220050502012016161190190227227663313318282777720202020335757220220686821421425825820231851855959363639390909207207331323313238385656131309090707202377771601601321326767133133777713315133151421429999120120124124137137' and expected object '20232023121218618636365050101019190017178585191982826046041010197197373748481010151544181880801919828260860820235528528572727272181822220050502012016161190190227227663313318282777720202020335757220220686821421425825820231851855959363639390909207207331323313238385656131309090707202377771601601321326767133133777713315133151421429999120120124124137137' are equal

29-11-2024T11:44:39 - [MESSAGE][PASSED] - Actual object '20232023121218618636365050101019190017178585191982826046041010197197373748481010151544181880801919828260860820235528528572727272181822220050502012016161190190227227663313318282777720202020335757220220686821421425825820231851855959363639390909207207331323313238385656131309090707202377771601601321326767133133777713315133151421429999120120124124137137' and expected object '20232023121218618636365050101019190017178585191982826046041010197197373748481010151544181880801919828260860820235528528572727272181822220050502012016161190190227227663313318282777720202020335757220220686821421425825820231851855959363639390909207207331323313238385656131309090707202377771601601321326767133133777713315133151421429999120120124124137137' are equal

29-11-2024T11:44:39 - [TEST_STEP][PASSED] - if (verifyEqual(a2, b2) == true): Actual object '202320231010190190363614149914144417178080191982825885881010197197373748481010151544181880801919828260860820235531931981811616161620202256562152156767218218239239663313318282777720202020335757220220686821421425825820234747383819192303230310910942422172173939060616161010333320231561563838121239823982269269060626926915152727202020207979' and expected object '202320231010190190363614149914144417178080191982825885881010197197373748481010151544181880801919828260860820235531931981811616161620202256562152156767218218239239663313318282777720202020335757220220686821421425825820234747383819192303230310910942422172173939060616161010333320231561563838121239823982269269060626926915152727202020207979' are equal

29-11-2024T11:44:39 - [MESSAGE][PASSED] - Actual object '202320231010190190363614149914144417178080191982825885881010197197373748481010151544181880801919828260860820235531931981811616161620202256562152156767218218239239663313318282777720202020335757220220686821421425825820234747383819192303230310910942422172173939060616161010333320231561563838121239823982269269060626926915152727202020207979' and expected object '202320231010190190363614149914144417178080191982825885881010197197373748481010151544181880801919828260860820235531931981811616161620202256562152156767218218239239663313318282777720202020335757220220686821421425825820234747383819192303230310910942422172173939060616161010333320231561563838121239823982269269060626926915152727202020207979' are equal

29-11-2024T11:44:39 - [TEST_STEP][PASSED] - if (verifyEqual(a3, b3) == true): Actual object '2023202310101861863636151599141444171788881919838359759710101971973737484810101515441818808019198282608608202366331331828277772020202033575722022068682142142582582023252559591919219121911171171919131131353587870202161618182023' and expected object '2023202310101861863636151599141444171788881919838359759710101971973737484810101515441818808019198282608608202366331331828277772020202033575722022068682142142582582023252559591919219121911171171919131131353587870202161618182023' are equal

29-11-2024T11:44:39 - [MESSAGE][PASSED] - Actual object '2023202310101861863636151599141444171788881919838359759710101971973737484810101515441818808019198282608608202366331331828277772020202033575722022068682142142582582023252559591919219121911171171919131131353587870202161618182023' and expected object '2023202310101861863636151599141444171788881919838359759710101971973737484810101515441818808019198282608608202366331331828277772020202033575722022068682142142582582023252559591919219121911171171919131131353587870202161618182023' are equal

29-11-2024T11:44:39 - [TEST_STEP][PASSED] - if (verifyEqual(a4, b4) == true): Actual object '20232023001201203838414188101000191977772525122122616100120120393939398888112020787826261211216060202355285285727272721818222200505020120161611901902272276633133182827777202020203357572202206868214214258258202305050909595931311791795784578423231818212109090202202377771601601321326767133133777713315133151421429999120120124124137137' and expected object '20232023001201203838414188101000191977772525122122616100120120393939398888112020787826261211216060202355285285727272721818222200505020120161611901902272276633133182827777202020203357572202206868214214258258202305050909595931311791795784578423231818212109090202202377771601601321326767133133777713315133151421429999120120124124137137' are equal

29-11-2024T11:44:39 - [MESSAGE][PASSED] - Actual object '20232023001201203838414188101000191977772525122122616100120120393939398888112020787826261211216060202355285285727272721818222200505020120161611901902272276633133182827777202020203357572202206868214214258258202305050909595931311791795784578423231818212109090202202377771601601321326767133133777713315133151421429999120120124124137137' and expected object '20232023001201203838414188101000191977772525122122616100120120393939398888112020787826261211216060202355285285727272721818222200505020120161611901902272276633133182827777202020203357572202206868214214258258202305050909595931311791795784578423231818212109090202202377771601601321326767133133777713315133151421429999120120124124137137' are equal

29-11-2024T11:44:39 - [TEST_STEP][PASSED] - if (verifyEqual(a5, b5) == true): Actual object '20232023001191193737777788111919757525251231235555001201203939393988881120207878262612112160602023553193198181161616162020225656215215676721821823923966331331828277772020202033575722022068682142142582582023121232324921492118118144441191191212414124241414979720231561563838121239823982269269060626926915152727202020207979' and expected object '20232023001191193737777788111919757525251231235555001201203939393988881120207878262612112160602023553193198181161616162020225656215215676721821823923966331331828277772020202033575722022068682142142582582023121232324921492118118144441191191212414124241414979720231561563838121239823982269269060626926915152727202020207979' are equal

29-11-2024T11:44:39 - [MESSAGE][PASSED] - Actual object '20232023001191193737777788111919757525251231235555001201203939393988881120207878262612112160602023553193198181161616162020225656215215676721821823923966331331828277772020202033575722022068682142142582582023121232324921492118118144441191191212414124241414979720231561563838121239823982269269060626926915152727202020207979' and expected object '20232023001191193737777788111919757525251231235555001201203939393988881120207878262612112160602023553193198181161616162020225656215215676721821823923966331331828277772020202033575722022068682142142582582023121232324921492118118144441191191212414124241414979720231561563838121239823982269269060626926915152727202020207979' are equal

29-11-2024T11:44:39 - [TEST_STEP][PASSED] - if (verifyEqual(a6, b6) == true): Actual object '20232023000000000000000000000000001201203939393988881120207878262612112160602023663313318282777720202020335757220220686821421425825820232023' and expected object '20232023000000000000000000000000001201203939393988881120207878262612112160602023663313318282777720202020335757220220686821421425825820232023' are equal

29-11-2024T11:44:39 - [MESSAGE][PASSED] - Actual object '20232023000000000000000000000000001201203939393988881120207878262612112160602023663313318282777720202020335757220220686821421425825820232023' and expected object '20232023000000000000000000000000001201203939393988881120207878262612112160602023663313318282777720202020335757220220686821421425825820232023' are equal

29-11-2024T11:44:39 - [TEST_STEP][PASSED] - if (verifyEqual(a7, b7) == true): Actual object '202320232263522635110546110546128021280219475194759099093845038450416214162165176517472774727725652565723972394292342923202342134213455749455749954759547548893488932337423374168261682629194291947110271102198408198408728957289523664823664831028331028320231212186186363650501010191900171785851919828260460410101971973737484810101515441818808019198282608608202355285285727272721818222200505020120161611901902272276633133182827777202020203357572202206868214214258258' and expected object '202320232263522635110546110546128021280219475194759099093845038450416214162165176517472774727725652565723972394292342923202342134213455749455749954759547548893488932337423374168261682629194291947110271102198408198408728957289523664823664831028331028320231212186186363650501010191900171785851919828260460410101971973737484810101515441818808019198282608608202355285285727272721818222200505020120161611901902272276633133182827777202020203357572202206868214214258258' are equal

29-11-2024T11:44:39 - [MESSAGE][PASSED] - Actual object '202320232263522635110546110546128021280219475194759099093845038450416214162165176517472774727725652565723972394292342923202342134213455749455749954759547548893488932337423374168261682629194291947110271102198408198408728957289523664823664831028331028320231212186186363650501010191900171785851919828260460410101971973737484810101515441818808019198282608608202355285285727272721818222200505020120161611901902272276633133182827777202020203357572202206868214214258258' and expected object '202320232263522635110546110546128021280219475194759099093845038450416214162165176517472774727725652565723972394292342923202342134213455749455749954759547548893488932337423374168261682629194291947110271102198408198408728957289523664823664831028331028320231212186186363650501010191900171785851919828260460410101971973737484810101515441818808019198282608608202355285285727272721818222200505020120161611901902272276633133182827777202020203357572202206868214214258258' are equal

29-11-2024T11:44:39 - [TEST_STEP][FAILED] - if (verifyEqual(a8, b8) == true): Unable to verify equal between actual object '202320234922492271651716516893689333271733271798649864593859387640764067046704592459243088308894099409196041196041202379497949121950121950972797276180396180394222342223121812186662666287328732580965809613426134264463244632183755183755202310101901903636141499141444171780801919828258858810101971973737484810101515441818808019198282608608202355319319818116161616202022565621521567672182182392396633133182827777202020203357572202206868214214258258' and expected object '202320232263522635110546110546128021280219475194759099093845038450416214162165176517472774727725652565723972394292342923202379497949121950121950972797276180396180394222342223121812186662666287328732580965809613426134264463244632183755183755202310101901903636141499141444171780801919828258858810101971973737484810101515441818808019198282608608202355319319818116161616202022565621521567672182182392396633133182827777202020203357572202206868214214258258' (Root cause: com.kms.katalon.core.exception.StepFailedException: Actual object '202320234922492271651716516893689333271733271798649864593859387640764067046704592459243088308894099409196041196041202379497949121950121950972797276180396180394222342223121812186662666287328732580965809613426134264463244632183755183755202310101901903636141499141444171780801919828258858810101971973737484810101515441818808019198282608608202355319319818116161616202022565621521567672182182392396633133182827777202020203357572202206868214214258258' and expected object '202320232263522635110546110546128021280219475194759099093845038450416214162165176517472774727725652565723972394292342923202379497949121950121950972797276180396180394222342223121812186662666287328732580965809613426134264463244632183755183755202310101901903636141499141444171780801919828258858810101971973737484810101515441818808019198282608608202355319319818116161616202022565621521567672182182392396633133182827777202020203357572202206868214214258258' are not equal
	at com.kms.katalon.core.keyword.builtin.VerifyEqualKeyword$_verifyEqual_closure1.doCall(VerifyEqualKeyword.groovy:58)
	at com.kms.katalon.core.keyword.builtin.VerifyEqualKeyword$_verifyEqual_closure1.call(VerifyEqualKeyword.groovy)
	at com.kms.katalon.core.keyword.internal.KeywordMain.runKeyword(KeywordMain.groovy:75)
	at com.kms.katalon.core.keyword.builtin.VerifyEqualKeyword.verifyEqual(VerifyEqualKeyword.groovy:63)
	at com.kms.katalon.core.keyword.builtin.VerifyEqualKeyword.execute(VerifyEqualKeyword.groovy:44)
	at com.kms.katalon.core.keyword.internal.KeywordExecutor.executeKeywordForPlatform(KeywordExecutor.groovy:74)
	at com.kms.katalon.core.keyword.BuiltinKeywords.verifyEqual(BuiltinKeywords.groovy:146)
	at jdk.internal.reflect.GeneratedMethodAccessor22.invoke(Unknown Source)
	at java.base/jdk.internal.reflect.DelegatingMethodAccessorImpl.invoke(DelegatingMethodAccessorImpl.java:43)
	at Прогноз по отраслям сверка дашбордов.run(Прогноз по отраслям сверка дашбордов:474)
	at com.kms.katalon.core.main.ScriptEngine.run(ScriptEngine.java:194)
	at com.kms.katalon.core.main.ScriptEngine.runScriptAsRawText(ScriptEngine.java:119)
	at com.kms.katalon.core.main.TestCaseExecutor.runScript(TestCaseExecutor.java:448)
	at com.kms.katalon.core.main.TestCaseExecutor.doExecute(TestCaseExecutor.java:439)
	at com.kms.katalon.core.main.TestCaseExecutor.processExecutionPhase(TestCaseExecutor.java:418)
	at com.kms.katalon.core.main.TestCaseExecutor.accessMainPhase(TestCaseExecutor.java:410)
	at com.kms.katalon.core.main.TestCaseExecutor.execute(TestCaseExecutor.java:285)
	at com.kms.katalon.core.common.CommonExecutor.accessTestCaseMainPhase(CommonExecutor.java:65)
	at com.kms.katalon.core.main.TestSuiteExecutor.accessTestSuiteMainPhase(TestSuiteExecutor.java:150)
	at com.kms.katalon.core.main.TestSuiteExecutor.execute(TestSuiteExecutor.java:106)
	at com.kms.katalon.core.main.TestCaseMain.startTestSuite(TestCaseMain.java:180)
	at TempTestSuite1732866793142.run(TempTestSuite1732866793142.groovy:35)
	at java.base/jdk.internal.reflect.NativeMethodAccessorImpl.invoke0(Native Method)
	at java.base/jdk.internal.reflect.NativeMethodAccessorImpl.invoke(NativeMethodAccessorImpl.java:77)
	at java.base/jdk.internal.reflect.DelegatingMethodAccessorImpl.invoke(DelegatingMethodAccessorImpl.java:43)
)

29-11-2024T11:44:39 - [MESSAGE][FAILED] - Unable to verify equal between actual object '202320234922492271651716516893689333271733271798649864593859387640764067046704592459243088308894099409196041196041202379497949121950121950972797276180396180394222342223121812186662666287328732580965809613426134264463244632183755183755202310101901903636141499141444171780801919828258858810101971973737484810101515441818808019198282608608202355319319818116161616202022565621521567672182182392396633133182827777202020203357572202206868214214258258' and expected object '202320232263522635110546110546128021280219475194759099093845038450416214162165176517472774727725652565723972394292342923202379497949121950121950972797276180396180394222342223121812186662666287328732580965809613426134264463244632183755183755202310101901903636141499141444171780801919828258858810101971973737484810101515441818808019198282608608202355319319818116161616202022565621521567672182182392396633133182827777202020203357572202206868214214258258' (Root cause: com.kms.katalon.core.exception.StepFailedException: Actual object '202320234922492271651716516893689333271733271798649864593859387640764067046704592459243088308894099409196041196041202379497949121950121950972797276180396180394222342223121812186662666287328732580965809613426134264463244632183755183755202310101901903636141499141444171780801919828258858810101971973737484810101515441818808019198282608608202355319319818116161616202022565621521567672182182392396633133182827777202020203357572202206868214214258258' and expected object '202320232263522635110546110546128021280219475194759099093845038450416214162165176517472774727725652565723972394292342923202379497949121950121950972797276180396180394222342223121812186662666287328732580965809613426134264463244632183755183755202310101901903636141499141444171780801919828258858810101971973737484810101515441818808019198282608608202355319319818116161616202022565621521567672182182392396633133182827777202020203357572202206868214214258258' are not equal
	at com.kms.katalon.core.keyword.builtin.VerifyEqualKeyword$_verifyEqual_closure1.doCall(VerifyEqualKeyword.groovy:58)
	at com.kms.katalon.core.keyword.builtin.VerifyEqualKeyword$_verifyEqual_closure1.call(VerifyEqualKeyword.groovy)
	at com.kms.katalon.core.keyword.internal.KeywordMain.runKeyword(KeywordMain.groovy:75)
	at com.kms.katalon.core.keyword.builtin.VerifyEqualKeyword.verifyEqual(VerifyEqualKeyword.groovy:63)
	at com.kms.katalon.core.keyword.builtin.VerifyEqualKeyword.execute(VerifyEqualKeyword.groovy:44)
	at com.kms.katalon.core.keyword.internal.KeywordExecutor.executeKeywordForPlatform(KeywordExecutor.groovy:74)
	at com.kms.katalon.core.keyword.BuiltinKeywords.verifyEqual(BuiltinKeywords.groovy:146)
	at jdk.internal.reflect.GeneratedMethodAccessor22.invoke(Unknown Source)
	at java.base/jdk.internal.reflect.DelegatingMethodAccessorImpl.invoke(DelegatingMethodAccessorImpl.java:43)
	at Прогноз по отраслям сверка дашбордов.run(Прогноз по отраслям сверка дашбордов:474)
	at com.kms.katalon.core.main.ScriptEngine.run(ScriptEngine.java:194)
	at com.kms.katalon.core.main.ScriptEngine.runScriptAsRawText(ScriptEngine.java:119)
	at com.kms.katalon.core.main.TestCaseExecutor.runScript(TestCaseExecutor.java:448)
	at com.kms.katalon.core.main.TestCaseExecutor.doExecute(TestCaseExecutor.java:439)
	at com.kms.katalon.core.main.TestCaseExecutor.processExecutionPhase(TestCaseExecutor.java:418)
	at com.kms.katalon.core.main.TestCaseExecutor.accessMainPhase(TestCaseExecutor.java:410)
	at com.kms.katalon.core.main.TestCaseExecutor.execute(TestCaseExecutor.java:285)
	at com.kms.katalon.core.common.CommonExecutor.accessTestCaseMainPhase(CommonExecutor.java:65)
	at com.kms.katalon.core.main.TestSuiteExecutor.accessTestSuiteMainPhase(TestSuiteExecutor.java:150)
	at com.kms.katalon.core.main.TestSuiteExecutor.execute(TestSuiteExecutor.java:106)
	at com.kms.katalon.core.main.TestCaseMain.startTestSuite(TestCaseMain.java:180)
	at TempTestSuite1732866793142.run(TempTestSuite1732866793142.groovy:35)
	at java.base/jdk.internal.reflect.NativeMethodAccessorImpl.invoke0(Native Method)
	at java.base/jdk.internal.reflect.NativeMethodAccessorImpl.invoke(NativeMethodAccessorImpl.java:77)
	at java.base/jdk.internal.reflect.DelegatingMethodAccessorImpl.invoke(DelegatingMethodAccessorImpl.java:43)
)

29-11-2024T11:44:39 - [TEST_STEP][PASSED] - else: null

29-11-2024T11:44:39 - [TEST_STEP][PASSED] - typeOfData = "абс": null

29-11-2024T11:44:39 - [TEST_STEP][PASSED] - filterSravnenie = "План": null

29-11-2024T11:44:39 - [TEST_STEP][PASSED] - kpoOtpusk = "Отпуск": null

29-11-2024T11:44:39 - [TEST_STEP][PASSED] - Script1693826440839.WriteToExcel(todaysDate, typeOfData, filterSravnenie, kpoOtpusk): null

29-11-2024T11:44:39 - [TEST_STEP][PASSED] - sheetName = "Sheet1": null

29-11-2024T11:44:39 - [TEST_STEP][PASSED] - data = findTestData("PlanFact"): null

29-11-2024T11:44:39 - [TEST_STEP][PASSED] - n = data.getRowNumbers() + 1: null

29-11-2024T11:44:39 - [TEST_STEP][PASSED] - dZO = getText(findTestObject("Прогноз по отраслям/Фильтр Организация")): Text of object 'Object Repository/Прогноз по отраслям/Фильтр Организация' is: 'Все'

29-11-2024T11:44:40 - [MESSAGE][PASSED] - Text of object 'Object Repository/Прогноз по отраслям/Фильтр Организация' is: 'Все'

29-11-2024T11:44:40 - [TEST_STEP][PASSED] - period = getText(findTestObject("Прогноз по отраслям/Фильтр Месяц")): Text of object 'Object Repository/Прогноз по отраслям/Фильтр Месяц' is: 'Котловой полезный отпуск, млн. кВт.ч'

29-11-2024T11:44:40 - [MESSAGE][PASSED] - Text of object 'Object Repository/Прогноз по отраслям/Фильтр Месяц' is: 'Котловой полезный отпуск, млн. кВт.ч'

29-11-2024T11:44:40 - [TEST_STEP][PASSED] - println(period): null

29-11-2024T11:44:40 - [TEST_STEP][PASSED] - dashboardName = "Прогноз по отраслям": null

29-11-2024T11:44:40 - [TEST_STEP][PASSED] - workbook01 = getWorkbook(excelFilePath): null

29-11-2024T11:44:40 - [TEST_STEP][PASSED] - sheet01 = getExcelSheet(workbook01, sheetName): null

29-11-2024T11:44:40 - [TEST_STEP][PASSED] - setValueToCellByIndex(sheet01, n, 0, dashboardName): null

29-11-2024T11:44:40 - [TEST_STEP][PASSED] - setValueToCellByIndex(sheet01, n, 1, dZO): null

29-11-2024T11:44:40 - [TEST_STEP][PASSED] - setValueToCellByIndex(sheet01, n, 2, period): null

29-11-2024T11:44:40 - [TEST_STEP][PASSED] - setValueToCellByIndex(sheet01, n, 3, typeOfData): null

29-11-2024T11:44:40 - [TEST_STEP][PASSED] - setValueToCellByIndex(sheet01, n, 4, filterSravnenie): null

29-11-2024T11:44:40 - [TEST_STEP][PASSED] - setValueToCellByIndex(sheet01, n, 5, kpoOtpusk): null

29-11-2024T11:44:40 - [TEST_STEP][PASSED] - setValueToCellByIndex(sheet01, n, 6, todaysDate): null

29-11-2024T11:44:40 - [TEST_STEP][PASSED] - n = n + 1: null

29-11-2024T11:44:40 - [TEST_STEP][PASSED] - saveWorkbook(excelFilePath, workbook01): null

29-11-2024T11:44:41 - [TEST_STEP][PASSED] - if (verifyEqual(a9, b9) == true): Actual object '202320232435243511013511013567486748327653327653104941049427182718495249525887588776077760773193191318113181109065109065202320231010186186363615159914144417178888191983835975971010197197373748481010151544181880801919828260860820236633133182827777202020203357572202206868214214258258' and expected object '202320232435243511013511013567486748327653327653104941049427182718495249525887588776077760773193191318113181109065109065202320231010186186363615159914144417178888191983835975971010197197373748481010151544181880801919828260860820236633133182827777202020203357572202206868214214258258' are equal

29-11-2024T11:44:41 - [MESSAGE][PASSED] - Actual object '202320232435243511013511013567486748327653327653104941049427182718495249525887588776077760773193191318113181109065109065202320231010186186363615159914144417178888191983835975971010197197373748481010151544181880801919828260860820236633133182827777202020203357572202206868214214258258' and expected object '202320232435243511013511013567486748327653327653104941049427182718495249525887588776077760773193191318113181109065109065202320231010186186363615159914144417178888191983835975971010197197373748481010151544181880801919828260860820236633133182827777202020203357572202206868214214258258' are equal

29-11-2024T11:44:41 - [TEST_STEP][PASSED] - if (verifyEqual(a10, b10) == true): Actual object '20232023000064656465341134112455624556245624561796017960676267624524452413862138625275527511304113041287128720234213421345574945574995475954754889348893233742337416826168262919429194711027110219840819840872895728952366482366483102833102832023001201203838414188101000191977772525122122616100120120393939398888112020787826261211216060202355285285727272721818222200505020120161611901902272276633133182827777202020203357572202206868214214258258' and expected object '20232023000064656465341134112455624556245624561796017960676267624524452413862138625275527511304113041287128720234213421345574945574995475954754889348893233742337416826168262919429194711027110219840819840872895728952366482366483102833102832023001201203838414188101000191977772525122122616100120120393939398888112020787826261211216060202355285285727272721818222200505020120161611901902272276633133182827777202020203357572202206868214214258258' are equal

29-11-2024T11:44:41 - [MESSAGE][PASSED] - Actual object '20232023000064656465341134112455624556245624561796017960676267624524452413862138625275527511304113041287128720234213421345574945574995475954754889348893233742337416826168262919429194711027110219840819840872895728952366482366483102833102832023001201203838414188101000191977772525122122616100120120393939398888112020787826261211216060202355285285727272721818222200505020120161611901902272276633133182827777202020203357572202206868214214258258' and expected object '20232023000064656465341134112455624556245624561796017960676267624524452413862138625275527511304113041287128720234213421345574945574995475954754889348893233742337416826168262919429194711027110219840819840872895728952366482366483102833102832023001201203838414188101000191977772525122122616100120120393939398888112020787826261211216060202355285285727272721818222200505020120161611901902272276633133182827777202020203357572202206868214214258258' are equal

29-11-2024T11:44:41 - [TEST_STEP][PASSED] - if (verifyEqual(a11, b11) == true): Actual object '202320230000147171471711865118653244523244521268312683349434948438432398239829694296945892589217984179845359353593202379497949121950121950972797276180396180394222342223121812186662666287328732580965809613426134264463244632183755183755202300119119373777778811191975752525123123555500120120393939398888112020787826261211216060202355319319818116161616202022565621521567672182182392396633133182827777202020203357572202206868214214258258' and expected object '202320230000147171471711865118653244523244521268312683349434948438432398239829694296945892589217984179845359353593202379497949121950121950972797276180396180394222342223121812186662666287328732580965809613426134264463244632183755183755202300119119373777778811191975752525123123555500120120393939398888112020787826261211216060202355319319818116161616202022565621521567672182182392396633133182827777202020203357572202206868214214258258' are equal

29-11-2024T11:44:41 - [MESSAGE][PASSED] - Actual object '202320230000147171471711865118653244523244521268312683349434948438432398239829694296945892589217984179845359353593202379497949121950121950972797276180396180394222342223121812186662666287328732580965809613426134264463244632183755183755202300119119373777778811191975752525123123555500120120393939398888112020787826261211216060202355319319818116161616202022565621521567672182182392396633133182827777202020203357572202206868214214258258' and expected object '202320230000147171471711865118653244523244521268312683349434948438432398239829694296945892589217984179845359353593202379497949121950121950972797276180396180394222342223121812186662666287328732580965809613426134264463244632183755183755202300119119373777778811191975752525123123555500120120393939398888112020787826261211216060202355319319818116161616202022565621521567672182182392396633133182827777202020203357572202206868214214258258' are equal

29-11-2024T11:44:41 - [TEST_STEP][PASSED] - if (verifyEqual(a12, b12) == true): Actual object '20232023000012032261203226386554386554390378390378829178291782595825957931793119706619706678310278310225579525579512121971212197604149604149202320230000000000000000000000000012012039393939888811202078782626121121606020236633133182827777202020203357572202206868214214258258' and expected object '20232023000012032261203226386554386554390378390378829178291782595825957931793119706619706678310278310225579525579512121971212197604149604149202320230000000000000000000000000012012039393939888811202078782626121121606020236633133182827777202020203357572202206868214214258258' are equal

29-11-2024T11:44:41 - [MESSAGE][PASSED] - Actual object '20232023000012032261203226386554386554390378390378829178291782595825957931793119706619706678310278310225579525579512121971212197604149604149202320230000000000000000000000000012012039393939888811202078782626121121606020236633133182827777202020203357572202206868214214258258' and expected object '20232023000012032261203226386554386554390378390378829178291782595825957931793119706619706678310278310225579525579512121971212197604149604149202320230000000000000000000000000012012039393939888811202078782626121121606020236633133182827777202020203357572202206868214214258258' are equal

29-11-2024T11:44:41 - [TEST_STEP][PASSED] - closeBrowser(): Browser is closed

29-11-2024T11:44:41 - [MESSAGE][PASSED] - Browser is closed]]></system-out>
         <system-err><![CDATA[29-11-2024T11:23:38 - [TEST_CASE][FAILED] - Test Cases/Сверки дашбордов/Прогноз по отраслям сверка дашбордов: Test Cases/Сверки дашбордов/Прогноз по отраслям сверка дашбордов FAILED.
Reason:
com.kms.katalon.core.exception.StepFailedException: Unable to verify equal between actual object '202320234922492271651716516893689333271733271798649864593859387640764067046704592459243088308894099409196041196041202379497949121950121950972797276180396180394222342223121812186662666287328732580965809613426134264463244632183755183755202310101901903636141499141444171780801919828258858810101971973737484810101515441818808019198282608608202355319319818116161616202022565621521567672182182392396633133182827777202020203357572202206868214214258258' and expected object '202320232263522635110546110546128021280219475194759099093845038450416214162165176517472774727725652565723972394292342923202379497949121950121950972797276180396180394222342223121812186662666287328732580965809613426134264463244632183755183755202310101901903636141499141444171780801919828258858810101971973737484810101515441818808019198282608608202355319319818116161616202022565621521567672182182392396633133182827777202020203357572202206868214214258258' (Root cause: com.kms.katalon.core.exception.StepFailedException: Actual object '202320234922492271651716516893689333271733271798649864593859387640764067046704592459243088308894099409196041196041202379497949121950121950972797276180396180394222342223121812186662666287328732580965809613426134264463244632183755183755202310101901903636141499141444171780801919828258858810101971973737484810101515441818808019198282608608202355319319818116161616202022565621521567672182182392396633133182827777202020203357572202206868214214258258' and expected object '202320232263522635110546110546128021280219475194759099093845038450416214162165176517472774727725652565723972394292342923202379497949121950121950972797276180396180394222342223121812186662666287328732580965809613426134264463244632183755183755202310101901903636141499141444171780801919828258858810101971973737484810101515441818808019198282608608202355319319818116161616202022565621521567672182182392396633133182827777202020203357572202206868214214258258' are not equal
	at com.kms.katalon.core.keyword.builtin.VerifyEqualKeyword$_verifyEqual_closure1.doCall(VerifyEqualKeyword.groovy:58)
	at com.kms.katalon.core.keyword.builtin.VerifyEqualKeyword$_verifyEqual_closure1.call(VerifyEqualKeyword.groovy)
	at com.kms.katalon.core.keyword.internal.KeywordMain.runKeyword(KeywordMain.groovy:75)
	at com.kms.katalon.core.keyword.builtin.VerifyEqualKeyword.verifyEqual(VerifyEqualKeyword.groovy:63)
	at com.kms.katalon.core.keyword.builtin.VerifyEqualKeyword.execute(VerifyEqualKeyword.groovy:44)
	at com.kms.katalon.core.keyword.internal.KeywordExecutor.executeKeywordForPlatform(KeywordExecutor.groovy:74)
	at com.kms.katalon.core.keyword.BuiltinKeywords.verifyEqual(BuiltinKeywords.groovy:146)
	at jdk.internal.reflect.GeneratedMethodAccessor22.invoke(Unknown Source)
	at java.base/jdk.internal.reflect.DelegatingMethodAccessorImpl.invoke(DelegatingMethodAccessorImpl.java:43)
	at Прогноз по отраслям сверка дашбордов.run(Прогноз по отраслям сверка дашбордов:474)
	at com.kms.katalon.core.main.ScriptEngine.run(ScriptEngine.java:194)
	at com.kms.katalon.core.main.ScriptEngine.runScriptAsRawText(ScriptEngine.java:119)
	at com.kms.katalon.core.main.TestCaseExecutor.runScript(TestCaseExecutor.java:448)
	at com.kms.katalon.core.main.TestCaseExecutor.doExecute(TestCaseExecutor.java:439)
	at com.kms.katalon.core.main.TestCaseExecutor.processExecutionPhase(TestCaseExecutor.java:418)
	at com.kms.katalon.core.main.TestCaseExecutor.accessMainPhase(TestCaseExecutor.java:410)
	at com.kms.katalon.core.main.TestCaseExecutor.execute(TestCaseExecutor.java:285)
	at com.kms.katalon.core.common.CommonExecutor.accessTestCaseMainPhase(CommonExecutor.java:65)
	at com.kms.katalon.core.main.TestSuiteExecutor.accessTestSuiteMainPhase(TestSuiteExecutor.java:150)
	at com.kms.katalon.core.main.TestSuiteExecutor.execute(TestSuiteExecutor.java:106)
	at com.kms.katalon.core.main.TestCaseMain.startTestSuite(TestCaseMain.java:180)
	at TempTestSuite1732866793142.run(TempTestSuite1732866793142.groovy:35)
	at java.base/jdk.internal.reflect.NativeMethodAccessorImpl.invoke0(Native Method)
	at java.base/jdk.internal.reflect.NativeMethodAccessorImpl.invoke(NativeMethodAccessorImpl.java:77)
	at java.base/jdk.internal.reflect.DelegatingMethodAccessorImpl.invoke(DelegatingMethodAccessorImpl.java:43)
)
	at com.kms.katalon.core.keyword.internal.KeywordMain.stepFailed(KeywordMain.groovy:39)
	at com.kms.katalon.core.keyword.internal.KeywordMain.stepFailed(KeywordMain.groovy)
	at com.kms.katalon.core.keyword.internal.KeywordMain.runKeyword(KeywordMain.groovy:77)
	at com.kms.katalon.core.keyword.builtin.VerifyEqualKeyword.verifyEqual(VerifyEqualKeyword.groovy:63)
	at com.kms.katalon.core.keyword.builtin.VerifyEqualKeyword.execute(VerifyEqualKeyword.groovy:44)
	at com.kms.katalon.core.keyword.internal.KeywordExecutor.executeKeywordForPlatform(KeywordExecutor.groovy:74)
	at com.kms.katalon.core.keyword.BuiltinKeywords.verifyEqual(BuiltinKeywords.groovy:146)
	at jdk.internal.reflect.GeneratedMethodAccessor22.invoke(Unknown Source)
	at java.base/jdk.internal.reflect.DelegatingMethodAccessorImpl.invoke(DelegatingMethodAccessorImpl.java:43)
	at Прогноз по отраслям сверка дашбордов.run(Прогноз по отраслям сверка дашбордов:474)
	at com.kms.katalon.core.main.ScriptEngine.run(ScriptEngine.java:194)
	at com.kms.katalon.core.main.ScriptEngine.runScriptAsRawText(ScriptEngine.java:119)
	at com.kms.katalon.core.main.TestCaseExecutor.runScript(TestCaseExecutor.java:448)
	at com.kms.katalon.core.main.TestCaseExecutor.doExecute(TestCaseExecutor.java:439)
	at com.kms.katalon.core.main.TestCaseExecutor.processExecutionPhase(TestCaseExecutor.java:418)
	at com.kms.katalon.core.main.TestCaseExecutor.accessMainPhase(TestCaseExecutor.java:410)
	at com.kms.katalon.core.main.TestCaseExecutor.execute(TestCaseExecutor.java:285)
	at com.kms.katalon.core.common.CommonExecutor.accessTestCaseMainPhase(CommonExecutor.java:65)
	at com.kms.katalon.core.main.TestSuiteExecutor.accessTestSuiteMainPhase(TestSuiteExecutor.java:150)
	at com.kms.katalon.core.main.TestSuiteExecutor.execute(TestSuiteExecutor.java:106)
	at com.kms.katalon.core.main.TestCaseMain.startTestSuite(TestCaseMain.java:180)
	at TempTestSuite1732866793142.run(TempTestSuite1732866793142.groovy:35)
	at java.base/jdk.internal.reflect.NativeMethodAccessorImpl.invoke0(Native Method)
	at java.base/jdk.internal.reflect.NativeMethodAccessorImpl.invoke(NativeMethodAccessorImpl.java:77)
	at java.base/jdk.internal.reflect.DelegatingMethodAccessorImpl.invoke(DelegatingMethodAccessorImpl.java:43)
Caused by: com.kms.katalon.core.exception.StepFailedException: Actual object '202320234922492271651716516893689333271733271798649864593859387640764067046704592459243088308894099409196041196041202379497949121950121950972797276180396180394222342223121812186662666287328732580965809613426134264463244632183755183755202310101901903636141499141444171780801919828258858810101971973737484810101515441818808019198282608608202355319319818116161616202022565621521567672182182392396633133182827777202020203357572202206868214214258258' and expected object '202320232263522635110546110546128021280219475194759099093845038450416214162165176517472774727725652565723972394292342923202379497949121950121950972797276180396180394222342223121812186662666287328732580965809613426134264463244632183755183755202310101901903636141499141444171780801919828258858810101971973737484810101515441818808019198282608608202355319319818116161616202022565621521567672182182392396633133182827777202020203357572202206868214214258258' are not equal
	at com.kms.katalon.core.keyword.builtin.VerifyEqualKeyword$_verifyEqual_closure1.doCall(VerifyEqualKeyword.groovy:58)
	at com.kms.katalon.core.keyword.builtin.VerifyEqualKeyword$_verifyEqual_closure1.call(VerifyEqualKeyword.groovy)
	at com.kms.katalon.core.keyword.internal.KeywordMain.runKeyword(KeywordMain.groovy:75)
	... 22 more]]></system-err>
      </testcase>
      <testcase name="Test Cases/Сверки дашбордов/Факторный анализ сверка дашбордов" time="236.572" classname="Test Cases/Сверки дашбордов/Факторный анализ сверка дашбордов" status="FAILED">
         <failure type="FAILED" message="Test Cases/Сверки дашбордов/Факторный анализ сверка дашбордов FAILED.&#xa;Reason:&#xa;com.kms.katalon.core.exception.StepFailedException: Unable to verify equal between actual object '-404356' and expected object '2896' (Root cause: com.kms.katalon.core.exception.StepFailedException: Actual object '-404356' and expected object '2896' are not equal&#xa;	at com.kms.katalon.core.keyword.builtin.VerifyEqualKeyword$_verifyEqual_closure1.doCall(VerifyEqualKeyword.groovy:58)&#xa;	at com.kms.katalon.core.keyword.builtin.VerifyEqualKeyword$_verifyEqual_closure1.call(VerifyEqualKeyword.groovy)&#xa;	at com.kms.katalon.core.keyword.internal.KeywordMain.runKeyword(KeywordMain.groovy:75)&#xa;	at com.kms.katalon.core.keyword.builtin.VerifyEqualKeyword.verifyEqual(VerifyEqualKeyword.groovy:63)&#xa;	at com.kms.katalon.core.keyword.builtin.VerifyEqualKeyword.execute(VerifyEqualKeyword.groovy:44)&#xa;	at com.kms.katalon.core.keyword.internal.KeywordExecutor.executeKeywordForPlatform(KeywordExecutor.groovy:74)&#xa;	at com.kms.katalon.core.keyword.BuiltinKeywords.verifyEqual(BuiltinKeywords.groovy:146)&#xa;	at jdk.internal.reflect.GeneratedMethodAccessor22.invoke(Unknown Source)&#xa;	at java.base/jdk.internal.reflect.DelegatingMethodAccessorImpl.invoke(DelegatingMethodAccessorImpl.java:43)&#xa;	at Факторный анализ сверка дашбордов.Compare(Факторный анализ сверка дашбордов:674)&#xa;	at Факторный анализ сверка дашбордов.Test(Факторный анализ сверка дашбордов:438)&#xa;	at Факторный анализ сверка дашбордов.run(Факторный анализ сверка дашбордов:44)&#xa;	at com.kms.katalon.core.main.ScriptEngine.run(ScriptEngine.java:194)&#xa;	at com.kms.katalon.core.main.ScriptEngine.runScriptAsRawText(ScriptEngine.java:119)&#xa;	at com.kms.katalon.core.main.TestCaseExecutor.runScript(TestCaseExecutor.java:448)&#xa;	at com.kms.katalon.core.main.TestCaseExecutor.doExecute(TestCaseExecutor.java:439)&#xa;	at com.kms.katalon.core.main.TestCaseExecutor.processExecutionPhase(TestCaseExecutor.java:418)&#xa;	at com.kms.katalon.core.main.TestCaseExecutor.accessMainPhase(TestCaseExecutor.java:410)&#xa;	at com.kms.katalon.core.main.TestCaseExecutor.execute(TestCaseExecutor.java:285)&#xa;	at com.kms.katalon.core.common.CommonExecutor.accessTestCaseMainPhase(CommonExecutor.java:65)&#xa;	at com.kms.katalon.core.main.TestSuiteExecutor.accessTestSuiteMainPhase(TestSuiteExecutor.java:150)&#xa;	at com.kms.katalon.core.main.TestSuiteExecutor.execute(TestSuiteExecutor.java:106)&#xa;	at com.kms.katalon.core.main.TestCaseMain.startTestSuite(TestCaseMain.java:180)&#xa;	at TempTestSuite1732866793142.run(TempTestSuite1732866793142.groovy:35)&#xa;	at java.base/jdk.internal.reflect.NativeMethodAccessorImpl.invoke0(Native Method)&#xa;	at java.base/jdk.internal.reflect.NativeMethodAccessorImpl.invoke(NativeMethodAccessorImpl.java:77)&#xa;	at java.base/jdk.internal.reflect.DelegatingMethodAccessorImpl.invoke(DelegatingMethodAccessorImpl.java:43)&#xa;)&#xa;	at com.kms.katalon.core.keyword.internal.KeywordMain.stepFailed(KeywordMain.groovy:39)&#xa;	at com.kms.katalon.core.keyword.internal.KeywordMain.stepFailed(KeywordMain.groovy)&#xa;	at com.kms.katalon.core.keyword.internal.KeywordMain.runKeyword(KeywordMain.groovy:77)&#xa;	at com.kms.katalon.core.keyword.builtin.VerifyEqualKeyword.verifyEqual(VerifyEqualKeyword.groovy:63)&#xa;	at com.kms.katalon.core.keyword.builtin.VerifyEqualKeyword.execute(VerifyEqualKeyword.groovy:44)&#xa;	at com.kms.katalon.core.keyword.internal.KeywordExecutor.executeKeywordForPlatform(KeywordExecutor.groovy:74)&#xa;	at com.kms.katalon.core.keyword.BuiltinKeywords.verifyEqual(BuiltinKeywords.groovy:146)&#xa;	at jdk.internal.reflect.GeneratedMethodAccessor22.invoke(Unknown Source)&#xa;	at java.base/jdk.internal.reflect.DelegatingMethodAccessorImpl.invoke(DelegatingMethodAccessorImpl.java:43)&#xa;	at Факторный анализ сверка дашбордов.Compare(Факторный анализ сверка дашбордов:674)&#xa;	at Факторный анализ сверка дашбордов.Test(Факторный анализ сверка дашбордов:438)&#xa;	at Факторный анализ сверка дашбордов.run(Факторный анализ сверка дашбордов:44)&#xa;	at com.kms.katalon.core.main.ScriptEngine.run(ScriptEngine.java:194)&#xa;	at com.kms.katalon.core.main.ScriptEngine.runScriptAsRawText(ScriptEngine.java:119)&#xa;	at com.kms.katalon.core.main.TestCaseExecutor.runScript(TestCaseExecutor.java:448)&#xa;	at com.kms.katalon.core.main.TestCaseExecutor.doExecute(TestCaseExecutor.java:439)&#xa;	at com.kms.katalon.core.main.TestCaseExecutor.processExecutionPhase(TestCaseExecutor.java:418)&#xa;	at com.kms.katalon.core.main.TestCaseExecutor.accessMainPhase(TestCaseExecutor.java:410)&#xa;	at com.kms.katalon.core.main.TestCaseExecutor.execute(TestCaseExecutor.java:285)&#xa;	at com.kms.katalon.core.common.CommonExecutor.accessTestCaseMainPhase(CommonExecutor.java:65)&#xa;	at com.kms.katalon.core.main.TestSuiteExecutor.accessTestSuiteMainPhase(TestSuiteExecutor.java:150)&#xa;	at com.kms.katalon.core.main.TestSuiteExecutor.execute(TestSuiteExecutor.java:106)&#xa;	at com.kms.katalon.core.main.TestCaseMain.startTestSuite(TestCaseMain.java:180)&#xa;	at TempTestSuite1732866793142.run(TempTestSuite1732866793142.groovy:35)&#xa;	at java.base/jdk.internal.reflect.NativeMethodAccessorImpl.invoke0(Native Method)&#xa;	at java.base/jdk.internal.reflect.NativeMethodAccessorImpl.invoke(NativeMethodAccessorImpl.java:77)&#xa;	at java.base/jdk.internal.reflect.DelegatingMethodAccessorImpl.invoke(DelegatingMethodAccessorImpl.java:43)&#xa;Caused by: com.kms.katalon.core.exception.StepFailedException: Actual object '-404356' and expected object '2896' are not equal&#xa;	at com.kms.katalon.core.keyword.builtin.VerifyEqualKeyword$_verifyEqual_closure1.doCall(VerifyEqualKeyword.groovy:58)&#xa;	at com.kms.katalon.core.keyword.builtin.VerifyEqualKeyword$_verifyEqual_closure1.call(VerifyEqualKeyword.groovy)&#xa;	at com.kms.katalon.core.keyword.internal.KeywordMain.runKeyword(KeywordMain.groovy:75)&#xa;	... 24 more&#xa;"/>
         <system-out><![CDATA[29-11-2024T11:44:41 - [TEST_CASE][FAILED] - Test Cases/Сверки дашбордов/Факторный анализ сверка дашбордов: Test Cases/Сверки дашбордов/Факторный анализ сверка дашбордов FAILED.
Reason:
com.kms.katalon.core.exception.StepFailedException: Unable to verify equal between actual object '-404356' and expected object '2896' (Root cause: com.kms.katalon.core.exception.StepFailedException: Actual object '-404356' and expected object '2896' are not equal
	at com.kms.katalon.core.keyword.builtin.VerifyEqualKeyword$_verifyEqual_closure1.doCall(VerifyEqualKeyword.groovy:58)
	at com.kms.katalon.core.keyword.builtin.VerifyEqualKeyword$_verifyEqual_closure1.call(VerifyEqualKeyword.groovy)
	at com.kms.katalon.core.keyword.internal.KeywordMain.runKeyword(KeywordMain.groovy:75)
	at com.kms.katalon.core.keyword.builtin.VerifyEqualKeyword.verifyEqual(VerifyEqualKeyword.groovy:63)
	at com.kms.katalon.core.keyword.builtin.VerifyEqualKeyword.execute(VerifyEqualKeyword.groovy:44)
	at com.kms.katalon.core.keyword.internal.KeywordExecutor.executeKeywordForPlatform(KeywordExecutor.groovy:74)
	at com.kms.katalon.core.keyword.BuiltinKeywords.verifyEqual(BuiltinKeywords.groovy:146)
	at jdk.internal.reflect.GeneratedMethodAccessor22.invoke(Unknown Source)
	at java.base/jdk.internal.reflect.DelegatingMethodAccessorImpl.invoke(DelegatingMethodAccessorImpl.java:43)
	at Факторный анализ сверка дашбордов.Compare(Факторный анализ сверка дашбордов:674)
	at Факторный анализ сверка дашбордов.Test(Факторный анализ сверка дашбордов:438)
	at Факторный анализ сверка дашбордов.run(Факторный анализ сверка дашбордов:44)
	at com.kms.katalon.core.main.ScriptEngine.run(ScriptEngine.java:194)
	at com.kms.katalon.core.main.ScriptEngine.runScriptAsRawText(ScriptEngine.java:119)
	at com.kms.katalon.core.main.TestCaseExecutor.runScript(TestCaseExecutor.java:448)
	at com.kms.katalon.core.main.TestCaseExecutor.doExecute(TestCaseExecutor.java:439)
	at com.kms.katalon.core.main.TestCaseExecutor.processExecutionPhase(TestCaseExecutor.java:418)
	at com.kms.katalon.core.main.TestCaseExecutor.accessMainPhase(TestCaseExecutor.java:410)
	at com.kms.katalon.core.main.TestCaseExecutor.execute(TestCaseExecutor.java:285)
	at com.kms.katalon.core.common.CommonExecutor.accessTestCaseMainPhase(CommonExecutor.java:65)
	at com.kms.katalon.core.main.TestSuiteExecutor.accessTestSuiteMainPhase(TestSuiteExecutor.java:150)
	at com.kms.katalon.core.main.TestSuiteExecutor.execute(TestSuiteExecutor.java:106)
	at com.kms.katalon.core.main.TestCaseMain.startTestSuite(TestCaseMain.java:180)
	at TempTestSuite1732866793142.run(TempTestSuite1732866793142.groovy:35)
	at java.base/jdk.internal.reflect.NativeMethodAccessorImpl.invoke0(Native Method)
	at java.base/jdk.internal.reflect.NativeMethodAccessorImpl.invoke(NativeMethodAccessorImpl.java:77)
	at java.base/jdk.internal.reflect.DelegatingMethodAccessorImpl.invoke(DelegatingMethodAccessorImpl.java:43)
)
	at com.kms.katalon.core.keyword.internal.KeywordMain.stepFailed(KeywordMain.groovy:39)
	at com.kms.katalon.core.keyword.internal.KeywordMain.stepFailed(KeywordMain.groovy)
	at com.kms.katalon.core.keyword.internal.KeywordMain.runKeyword(KeywordMain.groovy:77)
	at com.kms.katalon.core.keyword.builtin.VerifyEqualKeyword.verifyEqual(VerifyEqualKeyword.groovy:63)
	at com.kms.katalon.core.keyword.builtin.VerifyEqualKeyword.execute(VerifyEqualKeyword.groovy:44)
	at com.kms.katalon.core.keyword.internal.KeywordExecutor.executeKeywordForPlatform(KeywordExecutor.groovy:74)
	at com.kms.katalon.core.keyword.BuiltinKeywords.verifyEqual(BuiltinKeywords.groovy:146)
	at jdk.internal.reflect.GeneratedMethodAccessor22.invoke(Unknown Source)
	at java.base/jdk.internal.reflect.DelegatingMethodAccessorImpl.invoke(DelegatingMethodAccessorImpl.java:43)
	at Факторный анализ сверка дашбордов.Compare(Факторный анализ сверка дашбордов:674)
	at Факторный анализ сверка дашбордов.Test(Факторный анализ сверка дашбордов:438)
	at Факторный анализ сверка дашбордов.run(Факторный анализ сверка дашбордов:44)
	at com.kms.katalon.core.main.ScriptEngine.run(ScriptEngine.java:194)
	at com.kms.katalon.core.main.ScriptEngine.runScriptAsRawText(ScriptEngine.java:119)
	at com.kms.katalon.core.main.TestCaseExecutor.runScript(TestCaseExecutor.java:448)
	at com.kms.katalon.core.main.TestCaseExecutor.doExecute(TestCaseExecutor.java:439)
	at com.kms.katalon.core.main.TestCaseExecutor.processExecutionPhase(TestCaseExecutor.java:418)
	at com.kms.katalon.core.main.TestCaseExecutor.accessMainPhase(TestCaseExecutor.java:410)
	at com.kms.katalon.core.main.TestCaseExecutor.execute(TestCaseExecutor.java:285)
	at com.kms.katalon.core.common.CommonExecutor.accessTestCaseMainPhase(CommonExecutor.java:65)
	at com.kms.katalon.core.main.TestSuiteExecutor.accessTestSuiteMainPhase(TestSuiteExecutor.java:150)
	at com.kms.katalon.core.main.TestSuiteExecutor.execute(TestSuiteExecutor.java:106)
	at com.kms.katalon.core.main.TestCaseMain.startTestSuite(TestCaseMain.java:180)
	at TempTestSuite1732866793142.run(TempTestSuite1732866793142.groovy:35)
	at java.base/jdk.internal.reflect.NativeMethodAccessorImpl.invoke0(Native Method)
	at java.base/jdk.internal.reflect.NativeMethodAccessorImpl.invoke(NativeMethodAccessorImpl.java:77)
	at java.base/jdk.internal.reflect.DelegatingMethodAccessorImpl.invoke(DelegatingMethodAccessorImpl.java:43)
Caused by: com.kms.katalon.core.exception.StepFailedException: Actual object '-404356' and expected object '2896' are not equal
	at com.kms.katalon.core.keyword.builtin.VerifyEqualKeyword$_verifyEqual_closure1.doCall(VerifyEqualKeyword.groovy:58)
	at com.kms.katalon.core.keyword.builtin.VerifyEqualKeyword$_verifyEqual_closure1.call(VerifyEqualKeyword.groovy)
	at com.kms.katalon.core.keyword.internal.KeywordMain.runKeyword(KeywordMain.groovy:75)
	... 24 more


29-11-2024T11:44:41 - [TEST_STEP][PASSED] - date = new java.util.Date(): null

29-11-2024T11:44:41 - [TEST_STEP][PASSED] - todaysDate = date.format("dd.MM.yyyy"): null

29-11-2024T11:44:41 - [TEST_STEP][PASSED] - typeOfData = <not implemented yet for class: org.codehaus.groovy.ast.expr.EmptyExpression>: null

29-11-2024T11:44:41 - [TEST_STEP][PASSED] - otobrajeniyeDannyh = <not implemented yet for class: org.codehaus.groovy.ast.expr.EmptyExpression>: null

29-11-2024T11:44:41 - [TEST_STEP][PASSED] - println(todaysDate): null

29-11-2024T11:44:41 - [TEST_STEP][PASSED] - vidget = <not implemented yet for class: org.codehaus.groovy.ast.expr.EmptyExpression>: null

29-11-2024T11:44:41 - [TEST_STEP][PASSED] - x = <not implemented yet for class: org.codehaus.groovy.ast.expr.EmptyExpression>: null

29-11-2024T11:44:41 - [TEST_STEP][PASSED] - y = <not implemented yet for class: org.codehaus.groovy.ast.expr.EmptyExpression>: null

29-11-2024T11:44:41 - [TEST_STEP][PASSED] - DZO = <not implemented yet for class: org.codehaus.groovy.ast.expr.EmptyExpression>: null

29-11-2024T11:44:41 - [TEST_STEP][PASSED] - openBrowser(""): Browser is opened with url: ''

29-11-2024T11:44:41 - [MESSAGE][INFO] - Starting 'Chrome' driver

29-11-2024T11:44:41 - [MESSAGE][INFO] - Action delay is set to 0 milliseconds

29-11-2024T11:44:42 - [MESSAGE][PASSED] - Browser is opened with url: ''

29-11-2024T11:44:42 - [TEST_STEP][PASSED] - run = 1: null

29-11-2024T11:44:42 - [TEST_STEP][PASSED] - for ([run = 1, run < 3, (run++)]): null

29-11-2024T11:44:42 - [TEST_STEP][PASSED] - Script1719551244403.Test(run, todaysDate, typeOfData, otobrajeniyeDannyh, x, y, vidget, DZO): null

29-11-2024T11:44:42 - [TEST_STEP][PASSED] - navigateToUrl(findTestData("PlanFact").getValue(10, 3)): Navigate to 'https://bi.rosseti.digital/viewer?dashboardGuid=2301950b23be4ed89c1df75f2020051e&sheetGuid=ccd7d7486b3d4e6fa0ee9b1eaebed46c&fit=true' successfully

29-11-2024T11:44:55 - [MESSAGE][PASSED] - Navigate to 'https://bi.rosseti.digital/viewer?dashboardGuid=2301950b23be4ed89c1df75f2020051e&sheetGuid=ccd7d7486b3d4e6fa0ee9b1eaebed46c&fit=true' successfully

29-11-2024T11:44:55 - [TEST_STEP][PASSED] - Script1719551244403.Autorization(run): null

29-11-2024T11:44:55 - [TEST_STEP][PASSED] - delay(10): Delayed 10 second(s)

29-11-2024T11:45:05 - [MESSAGE][PASSED] - Delayed 10 second(s)

29-11-2024T11:45:05 - [TEST_STEP][PASSED] - if (run == 1): Delayed 10 second(s)

29-11-2024T11:45:05 - [TEST_STEP][PASSED] - setText(findTestObject("Страница авторизации/input__username"), findTestData("PlanFact").getValue(8, 1)): Text 'liazgina-di' is set on object 'Object Repository/Страница авторизации/input__username'

29-11-2024T11:45:05 - [MESSAGE][PASSED] - Text 'liazgina-di' is set on object 'Object Repository/Страница авторизации/input__username'

29-11-2024T11:45:05 - [TEST_STEP][PASSED] - setText(findTestObject("Страница авторизации/input__password"), findTestData("PlanFact").getValue(9, 1)): Text ')$%5srZ8o688Dm#q' is set on object 'Object Repository/Страница авторизации/input__password'

29-11-2024T11:45:06 - [MESSAGE][PASSED] - Text ')$%5srZ8o688Dm#q' is set on object 'Object Repository/Страница авторизации/input__password'

29-11-2024T11:45:06 - [TEST_STEP][PASSED] - click(findTestObject("Страница авторизации/button_")): Object: 'Object Repository/Страница авторизации/button_' is clicked on

29-11-2024T11:45:09 - [MESSAGE][PASSED] - Object: 'Object Repository/Страница авторизации/button_' is clicked on

29-11-2024T11:45:09 - [TEST_STEP][PASSED] - delay(10): Delayed 10 second(s)

29-11-2024T11:45:19 - [MESSAGE][PASSED] - Delayed 10 second(s)

29-11-2024T11:45:19 - [TEST_STEP][PASSED] - i = <not implemented yet for class: org.codehaus.groovy.ast.expr.EmptyExpression>: null

29-11-2024T11:45:19 - [TEST_STEP][PASSED] - ii = <not implemented yet for class: org.codehaus.groovy.ast.expr.EmptyExpression>: null

29-11-2024T11:45:19 - [TEST_STEP][PASSED] - a = <not implemented yet for class: org.codehaus.groovy.ast.expr.EmptyExpression>: null

29-11-2024T11:45:19 - [TEST_STEP][PASSED] - a1 = <not implemented yet for class: org.codehaus.groovy.ast.expr.EmptyExpression>: null

29-11-2024T11:45:19 - [TEST_STEP][PASSED] - a2 = <not implemented yet for class: org.codehaus.groovy.ast.expr.EmptyExpression>: null

29-11-2024T11:45:19 - [TEST_STEP][PASSED] - click(findTestObject("Факторный анализ/Фильтр Период")): Object: 'Object Repository/Факторный анализ/Фильтр Период' is clicked on

29-11-2024T11:45:29 - [MESSAGE][PASSED] - Object: 'Object Repository/Факторный анализ/Фильтр Период' is clicked on

29-11-2024T11:45:29 - [TEST_STEP][PASSED] - click(findTestObject("Факторный анализ/Снять выделение в фильтре Дата")): Object: 'Object Repository/Факторный анализ/Снять выделение в фильтре Дата' is clicked on

29-11-2024T11:45:30 - [MESSAGE][PASSED] - Object: 'Object Repository/Факторный анализ/Снять выделение в фильтре Дата' is clicked on

29-11-2024T11:45:30 - [TEST_STEP][PASSED] - click(findTestObject("Факторный анализ/Применить в фильтре Дата")): Object: 'Object Repository/Факторный анализ/Применить в фильтре Дата' is clicked on

29-11-2024T11:45:31 - [MESSAGE][PASSED] - Object: 'Object Repository/Факторный анализ/Применить в фильтре Дата' is clicked on

29-11-2024T11:45:31 - [TEST_STEP][PASSED] - delay(10): Delayed 10 second(s)

29-11-2024T11:45:41 - [MESSAGE][PASSED] - Delayed 10 second(s)

29-11-2024T11:45:41 - [TEST_STEP][PASSED] - click(findTestObject("Факторный анализ/Фильтр Период")): Object: 'Object Repository/Факторный анализ/Фильтр Период' is clicked on

29-11-2024T11:45:41 - [MESSAGE][PASSED] - Object: 'Object Repository/Факторный анализ/Фильтр Период' is clicked on

29-11-2024T11:45:41 - [TEST_STEP][PASSED] - click(findTestObject("Факторный анализ/Снять выделение в фильтре Дата")): Object: 'Object Repository/Факторный анализ/Снять выделение в фильтре Дата' is clicked on

29-11-2024T11:45:42 - [MESSAGE][PASSED] - Object: 'Object Repository/Факторный анализ/Снять выделение в фильтре Дата' is clicked on

29-11-2024T11:45:42 - [TEST_STEP][PASSED] - scrollToElement(findTestObject("Факторный анализ/2024 список"), 30): Scroll to object 'Object Repository/Факторный анализ/2024 список' successfully

29-11-2024T11:45:42 - [MESSAGE][PASSED] - Scroll to object 'Object Repository/Факторный анализ/2024 список' successfully

29-11-2024T11:45:42 - [TEST_STEP][PASSED] - click(findTestObject("Факторный анализ/2024 список")): Object: 'Object Repository/Факторный анализ/2024 список' is clicked on

29-11-2024T11:45:42 - [MESSAGE][PASSED] - Object: 'Object Repository/Факторный анализ/2024 список' is clicked on

29-11-2024T11:45:42 - [TEST_STEP][PASSED] - scrollToElement(findTestObject("Факторный анализ/1 квартал 2024 выбрать"), 30): Scroll to object 'Object Repository/Факторный анализ/1 квартал 2024 выбрать' successfully

29-11-2024T11:45:43 - [MESSAGE][PASSED] - Scroll to object 'Object Repository/Факторный анализ/1 квартал 2024 выбрать' successfully

29-11-2024T11:45:43 - [TEST_STEP][PASSED] - click(findTestObject("Факторный анализ/1 квартал 2024 выбрать")): Object: 'Object Repository/Факторный анализ/1 квартал 2024 выбрать' is clicked on

29-11-2024T11:45:43 - [MESSAGE][PASSED] - Object: 'Object Repository/Факторный анализ/1 квартал 2024 выбрать' is clicked on

29-11-2024T11:45:43 - [TEST_STEP][PASSED] - scrollToElement(findTestObject("Факторный анализ/1 квартал 2024 выбрать"), 30): Scroll to object 'Object Repository/Факторный анализ/1 квартал 2024 выбрать' successfully

29-11-2024T11:45:44 - [MESSAGE][PASSED] - Scroll to object 'Object Repository/Факторный анализ/1 квартал 2024 выбрать' successfully

29-11-2024T11:45:44 - [TEST_STEP][PASSED] - click(findTestObject("Факторный анализ/2 квартал 2024 выбрать"), CONTINUE_ON_FAILURE): Object: 'Object Repository/Факторный анализ/2 квартал 2024 выбрать' is clicked on

29-11-2024T11:45:44 - [MESSAGE][PASSED] - Object: 'Object Repository/Факторный анализ/2 квартал 2024 выбрать' is clicked on

29-11-2024T11:45:44 - [TEST_STEP][PASSED] - click(findTestObject("Факторный анализ/3 квартал 2024 выбрать"), CONTINUE_ON_FAILURE): Object: 'Object Repository/Факторный анализ/3 квартал 2024 выбрать' is clicked on

29-11-2024T11:45:45 - [MESSAGE][PASSED] - Object: 'Object Repository/Факторный анализ/3 квартал 2024 выбрать' is clicked on

29-11-2024T11:45:45 - [TEST_STEP][PASSED] - scrollToElement(findTestObject("Факторный анализ/4 квартал 2024 список"), 30): Scroll to object 'Object Repository/Факторный анализ/4 квартал 2024 список' successfully

29-11-2024T11:45:45 - [MESSAGE][PASSED] - Scroll to object 'Object Repository/Факторный анализ/4 квартал 2024 список' successfully

29-11-2024T11:45:45 - [TEST_STEP][PASSED] - click(findTestObject("Факторный анализ/4 квартал 2024 список"), CONTINUE_ON_FAILURE): Object: 'Object Repository/Факторный анализ/4 квартал 2024 список' is clicked on

29-11-2024T11:45:45 - [MESSAGE][PASSED] - Object: 'Object Repository/Факторный анализ/4 квартал 2024 список' is clicked on

29-11-2024T11:45:45 - [TEST_STEP][PASSED] - scrollToElement(findTestObject("Факторный анализ/Октябрь 2024"), 30): Scroll to object 'Object Repository/Факторный анализ/Октябрь 2024' successfully

29-11-2024T11:45:46 - [MESSAGE][PASSED] - Scroll to object 'Object Repository/Факторный анализ/Октябрь 2024' successfully

29-11-2024T11:45:46 - [TEST_STEP][PASSED] - click(findTestObject("Факторный анализ/Октябрь 2024"), CONTINUE_ON_FAILURE): Object: 'Object Repository/Факторный анализ/Октябрь 2024' is clicked on

29-11-2024T11:45:46 - [MESSAGE][PASSED] - Object: 'Object Repository/Факторный анализ/Октябрь 2024' is clicked on

29-11-2024T11:45:46 - [TEST_STEP][PASSED] - scrollToElement(findTestObject("Факторный анализ/Заголовок дашборда"), 30): Scroll to object 'Object Repository/Факторный анализ/Заголовок дашборда' successfully

29-11-2024T11:45:47 - [MESSAGE][PASSED] - Scroll to object 'Object Repository/Факторный анализ/Заголовок дашборда' successfully

29-11-2024T11:45:47 - [TEST_STEP][PASSED] - click(findTestObject("Факторный анализ/Применить в фильтре Дата")): Object: 'Object Repository/Факторный анализ/Применить в фильтре Дата' is clicked on

29-11-2024T11:45:47 - [MESSAGE][PASSED] - Object: 'Object Repository/Факторный анализ/Применить в фильтре Дата' is clicked on

29-11-2024T11:45:47 - [TEST_STEP][PASSED] - if (run == 1): null

29-11-2024T11:45:47 - [TEST_STEP][PASSED] - a = getText(findTestObject("Факторный анализ/Отклонения выручки по факторам Блок руководителя")): Text of object 'Object Repository/Факторный анализ/Отклонения выручки по факторам Блок руководителя' is: '-404 356-404 356
-8 183-8 183
Отклонение (объём услуг)
Отклонение (средний тариф)
ПАО Россети'

29-11-2024T11:45:53 - [MESSAGE][PASSED] - Text of object 'Object Repository/Факторный анализ/Отклонения выручки по факторам Блок руководителя' is: '-404 356-404 356
-8 183-8 183
Отклонение (объём услуг)
Отклонение (средний тариф)
ПАО Россети'

29-11-2024T11:45:53 - [TEST_STEP][PASSED] - a = a.replaceAll("[\r?
|
]", "/"): null

29-11-2024T11:45:53 - [TEST_STEP][PASSED] - i = a.indexOf("Отклонение"): null

29-11-2024T11:45:53 - [TEST_STEP][PASSED] - if (i > -1): null

29-11-2024T11:45:53 - [TEST_STEP][PASSED] - i = i: null

29-11-2024T11:45:53 - [TEST_STEP][PASSED] - a = substring(0, i).trim(): null

29-11-2024T11:45:53 - [TEST_STEP][PASSED] - println("a: " + a): null

29-11-2024T11:45:53 - [TEST_STEP][PASSED] - i = a.indexOf("/"): null

29-11-2024T11:45:53 - [TEST_STEP][PASSED] - if (i > -1): null

29-11-2024T11:45:53 - [TEST_STEP][PASSED] - a1 = a.substring(0, i): null

29-11-2024T11:45:53 - [TEST_STEP][PASSED] - println("a1: " + a1): null

29-11-2024T11:45:53 - [TEST_STEP][PASSED] - a2 = a.substring(a1.length() + 1, a.length()): null

29-11-2024T11:45:53 - [TEST_STEP][PASSED] - println("a2: " + a2): null

29-11-2024T11:45:53 - [TEST_STEP][PASSED] - i = a1.length() / 2: null

29-11-2024T11:45:53 - [TEST_STEP][PASSED] - if (i > -1): null

29-11-2024T11:45:53 - [TEST_STEP][PASSED] - a1 = replaceAll("\s+", "").trim(): null

29-11-2024T11:45:53 - [TEST_STEP][PASSED] - println("a1: " + a1): null

29-11-2024T11:45:53 - [TEST_STEP][PASSED] - i = a2.length() / 2: null

29-11-2024T11:45:53 - [TEST_STEP][PASSED] - if (i > -1): null

29-11-2024T11:45:53 - [TEST_STEP][PASSED] - a2 = replaceAll("\s+", "").trim(): null

29-11-2024T11:45:53 - [TEST_STEP][PASSED] - println("a2: " + a2): null

29-11-2024T11:45:53 - [TEST_STEP][PASSED] - tableA = getText(findTestObject("Факторный анализ/AllTable1")).replaceAll("[\r?
|
]", "/"): Text of object 'Object Repository/Факторный анализ/AllTable1' is: 'ДЗО
Филиал
Отклонение (объём услуг)
Отклонение (средний тариф)
АО «Тываэнерго» АО "Тываэнерго" 118 -44
АО «Чеченэнерго» АО «Чеченэнерго» -3 688 26
Россети Волга Мордовэнерго -3 164 -87
Оренбургэнерго -12 384 - 140
Пензаэнерго -7 568 -65
Самарские РС -14 726 -1 123
Саратовские РС -14 917 - 495
Ульяновские РС -5 446 - 209
Чувашэнерго -4 717 137
Россети Кубань Кубаньэнерго -58 965 411
Россети Ленэнерго (ГК) Ленинградская область -33 086 831
г. Санкт-Петербург -46 070 - 104
Россети Московский регион Московская область 4 745 - 627
г. Москва 3 358 23
Россети Северный Кавказ (ГК) Дагестанская энергосбытовая компания - 111 69
Дагэнерго -7 161 537
Ингушэнерго -1 584 122
Каббалкэнерго -2 966 50
Карачаево-Черкесскэнерго -1 924 0
Севкавказэнерго -3 380 144
Ставропольэнерго -9 375 - 200
Россети Северо-Запад Архангельский филиал 80 -86
Вологодский филиал 264 2
Карельский филиал -67 185
Мурманский филиал 111 57
Новгородский филиал 216 -48
Псковский филиал 161 -20
филиал в Республике Коми -16 41
Россети Сибирь (ГК) Алтайэнерго - 545 222
Бурятэнерго - 831 242
ГАЭС -4 -24
Красноярскэнерго - 438 - 493
Кузбассэнерго-РЭС - 611 153
Омскэнерго - 586 - 165
Хакасэнерго 34 - 383
Читаэнерго - 799 101
Россети Томск Томская распределительная компания -7 417 - 135
Россети Тюмень Россети Тюмень -73 665 - 565
Россети Урал (ГК) Пермэнерго 631 - 215
Свердловэнерго 891 277
Челябэнерго 1 051 - 680
Россети ФСК ЕЭС Итого по ФСК ЕЭС -18 111 -6 233
Россети Центр Белгородэнерго 321 125
Брянскэнерго -5 112 27
Воронежэнерго -13 856 181
Костромаэнерго 102 -4
Курскэнерго -2 444 151
Липецкэнерго 805 - 346
Орелэнерго -4 049 -34
Смоленскэнерго -7 617 42
Тамбовэнерго -5 959 -2
Тверьэнерго - 740 57
Ярэнерго -6 294 65
Россети Центр и Приволжье (ГК) Владимирэнерго 562 52
Ивэнерго 195 55
Калугаэнерго 625 -50
Кировэнерго 464 20
Мариэнерго 173 23
Нижновэнерго 751 319
Рязаньэнерго 246 50
Тулэнерго 791 - 235
Удмуртэнерго 362 13
Россети Юг (ГК) АО «ВМЭС» -3 789 51
Астраханьэнерго -5 702 100
Волгоградэнерго -9 960 - 352
Калмэнерго -1 662 -3
Ростовэнерго -20 264 66
Россети Янтарь Россети Янтарь 360 -42'

29-11-2024T11:45:53 - [MESSAGE][PASSED] - Text of object 'Object Repository/Факторный анализ/AllTable1' is: 'ДЗО
Филиал
Отклонение (объём услуг)
Отклонение (средний тариф)
АО «Тываэнерго» АО "Тываэнерго" 118 -44
АО «Чеченэнерго» АО «Чеченэнерго» -3 688 26
Россети Волга Мордовэнерго -3 164 -87
Оренбургэнерго -12 384 - 140
Пензаэнерго -7 568 -65
Самарские РС -14 726 -1 123
Саратовские РС -14 917 - 495
Ульяновские РС -5 446 - 209
Чувашэнерго -4 717 137
Россети Кубань Кубаньэнерго -58 965 411
Россети Ленэнерго (ГК) Ленинградская область -33 086 831
г. Санкт-Петербург -46 070 - 104
Россети Московский регион Московская область 4 745 - 627
г. Москва 3 358 23
Россети Северный Кавказ (ГК) Дагестанская энергосбытовая компания - 111 69
Дагэнерго -7 161 537
Ингушэнерго -1 584 122
Каббалкэнерго -2 966 50
Карачаево-Черкесскэнерго -1 924 0
Севкавказэнерго -3 380 144
Ставропольэнерго -9 375 - 200
Россети Северо-Запад Архангельский филиал 80 -86
Вологодский филиал 264 2
Карельский филиал -67 185
Мурманский филиал 111 57
Новгородский филиал 216 -48
Псковский филиал 161 -20
филиал в Республике Коми -16 41
Россети Сибирь (ГК) Алтайэнерго - 545 222
Бурятэнерго - 831 242
ГАЭС -4 -24
Красноярскэнерго - 438 - 493
Кузбассэнерго-РЭС - 611 153
Омскэнерго - 586 - 165
Хакасэнерго 34 - 383
Читаэнерго - 799 101
Россети Томск Томская распределительная компания -7 417 - 135
Россети Тюмень Россети Тюмень -73 665 - 565
Россети Урал (ГК) Пермэнерго 631 - 215
Свердловэнерго 891 277
Челябэнерго 1 051 - 680
Россети ФСК ЕЭС Итого по ФСК ЕЭС -18 111 -6 233
Россети Центр Белгородэнерго 321 125
Брянскэнерго -5 112 27
Воронежэнерго -13 856 181
Костромаэнерго 102 -4
Курскэнерго -2 444 151
Липецкэнерго 805 - 346
Орелэнерго -4 049 -34
Смоленскэнерго -7 617 42
Тамбовэнерго -5 959 -2
Тверьэнерго - 740 57
Ярэнерго -6 294 65
Россети Центр и Приволжье (ГК) Владимирэнерго 562 52
Ивэнерго 195 55
Калугаэнерго 625 -50
Кировэнерго 464 20
Мариэнерго 173 23
Нижновэнерго 751 319
Рязаньэнерго 246 50
Тулэнерго 791 - 235
Удмуртэнерго 362 13
Россети Юг (ГК) АО «ВМЭС» -3 789 51
Астраханьэнерго -5 702 100
Волгоградэнерго -9 960 - 352
Калмэнерго -1 662 -3
Ростовэнерго -20 264 66
Россети Янтарь Россети Янтарь 360 -42'

29-11-2024T11:45:53 - [TEST_STEP][PASSED] - println("tableA: " + tableA): null

29-11-2024T11:45:53 - [TEST_STEP][PASSED] - for ([i = 1, i < 5, (i++)]): null

29-11-2024T11:45:53 - [TEST_STEP][PASSED] - ii = tableA.indexOf("/") + 1: null

29-11-2024T11:45:53 - [TEST_STEP][PASSED] - tableA = tableA.substring(ii, tableA.length()): null

29-11-2024T11:45:53 - [TEST_STEP][PASSED] - ii = tableA.indexOf("/") + 1: null

29-11-2024T11:45:53 - [TEST_STEP][PASSED] - tableA = tableA.substring(ii, tableA.length()): null

29-11-2024T11:45:53 - [TEST_STEP][PASSED] - ii = tableA.indexOf("/") + 1: null

29-11-2024T11:45:53 - [TEST_STEP][PASSED] - tableA = tableA.substring(ii, tableA.length()): null

29-11-2024T11:45:53 - [TEST_STEP][PASSED] - ii = tableA.indexOf("/") + 1: null

29-11-2024T11:45:53 - [TEST_STEP][PASSED] - tableA = tableA.substring(ii, tableA.length()): null

29-11-2024T11:45:53 - [TEST_STEP][PASSED] - println("tableA: " + tableA): null

29-11-2024T11:45:53 - [TEST_STEP][PASSED] - TyA = Script1719551244403.GetData(x = tableA): null

29-11-2024T11:45:53 - [TEST_STEP][PASSED] - i2 = <not implemented yet for class: org.codehaus.groovy.ast.expr.EmptyExpression>: null

29-11-2024T11:45:53 - [TEST_STEP][PASSED] - i2 = x.indexOf("/") + 1: null

29-11-2024T11:45:53 - [TEST_STEP][PASSED] - x = replaceAll("\p{P}", "").trim(): null

29-11-2024T11:45:53 - [TEST_STEP][PASSED] - return x: null

29-11-2024T11:45:53 - [TEST_STEP][PASSED] - println("TyA: " + TyA): null

29-11-2024T11:45:53 - [TEST_STEP][PASSED] - tableA = Script1719551244403.NewDZO(x = tableA): null

29-11-2024T11:45:53 - [TEST_STEP][PASSED] - i3 = <not implemented yet for class: org.codehaus.groovy.ast.expr.EmptyExpression>: null

29-11-2024T11:45:53 - [TEST_STEP][PASSED] - i3 = x.indexOf("/") + 1: null

29-11-2024T11:45:53 - [TEST_STEP][PASSED] - x = x.substring(i3, x.length()): null

29-11-2024T11:45:53 - [TEST_STEP][PASSED] - return x: null

29-11-2024T11:45:53 - [TEST_STEP][PASSED] - ChA = Script1719551244403.GetData(x = tableA): null

29-11-2024T11:45:53 - [TEST_STEP][PASSED] - i2 = <not implemented yet for class: org.codehaus.groovy.ast.expr.EmptyExpression>: null

29-11-2024T11:45:53 - [TEST_STEP][PASSED] - i2 = x.indexOf("/") + 1: null

29-11-2024T11:45:53 - [TEST_STEP][PASSED] - x = replaceAll("\p{P}", "").trim(): null

29-11-2024T11:45:53 - [TEST_STEP][PASSED] - return x: null

29-11-2024T11:45:53 - [TEST_STEP][PASSED] - println("ChA: " + ChA): null

29-11-2024T11:45:53 - [TEST_STEP][PASSED] - tableA = Script1719551244403.NewDZO(x = tableA): null

29-11-2024T11:45:53 - [TEST_STEP][PASSED] - i3 = <not implemented yet for class: org.codehaus.groovy.ast.expr.EmptyExpression>: null

29-11-2024T11:45:53 - [TEST_STEP][PASSED] - i3 = x.indexOf("/") + 1: null

29-11-2024T11:45:53 - [TEST_STEP][PASSED] - x = x.substring(i3, x.length()): null

29-11-2024T11:45:53 - [TEST_STEP][PASSED] - return x: null

29-11-2024T11:45:53 - [TEST_STEP][PASSED] - i = tableA.indexOf("Кубань"): null

29-11-2024T11:45:53 - [TEST_STEP][PASSED] - VA = replaceAll("\p{P}", "").trim(): null

29-11-2024T11:45:53 - [TEST_STEP][PASSED] - println("VA: " + VA): null

29-11-2024T11:45:53 - [TEST_STEP][PASSED] - for ([i = 1, i < 8, (i++)]): null

29-11-2024T11:45:53 - [TEST_STEP][PASSED] - tableA = Script1719551244403.NewDZO(x = tableA): null

29-11-2024T11:45:53 - [TEST_STEP][PASSED] - i3 = <not implemented yet for class: org.codehaus.groovy.ast.expr.EmptyExpression>: null

29-11-2024T11:45:53 - [TEST_STEP][PASSED] - i3 = x.indexOf("/") + 1: null

29-11-2024T11:45:53 - [TEST_STEP][PASSED] - x = x.substring(i3, x.length()): null

29-11-2024T11:45:53 - [TEST_STEP][PASSED] - return x: null

29-11-2024T11:45:53 - [TEST_STEP][PASSED] - tableA = Script1719551244403.NewDZO(x = tableA): null

29-11-2024T11:45:53 - [TEST_STEP][PASSED] - i3 = <not implemented yet for class: org.codehaus.groovy.ast.expr.EmptyExpression>: null

29-11-2024T11:45:53 - [TEST_STEP][PASSED] - i3 = x.indexOf("/") + 1: null

29-11-2024T11:45:53 - [TEST_STEP][PASSED] - x = x.substring(i3, x.length()): null

29-11-2024T11:45:53 - [TEST_STEP][PASSED] - return x: null

29-11-2024T11:45:53 - [TEST_STEP][PASSED] - tableA = Script1719551244403.NewDZO(x = tableA): null

29-11-2024T11:45:53 - [TEST_STEP][PASSED] - i3 = <not implemented yet for class: org.codehaus.groovy.ast.expr.EmptyExpression>: null

29-11-2024T11:45:53 - [TEST_STEP][PASSED] - i3 = x.indexOf("/") + 1: null

29-11-2024T11:45:53 - [TEST_STEP][PASSED] - x = x.substring(i3, x.length()): null

29-11-2024T11:45:53 - [TEST_STEP][PASSED] - return x: null

29-11-2024T11:45:53 - [TEST_STEP][PASSED] - tableA = Script1719551244403.NewDZO(x = tableA): null

29-11-2024T11:45:53 - [TEST_STEP][PASSED] - i3 = <not implemented yet for class: org.codehaus.groovy.ast.expr.EmptyExpression>: null

29-11-2024T11:45:53 - [TEST_STEP][PASSED] - i3 = x.indexOf("/") + 1: null

29-11-2024T11:45:53 - [TEST_STEP][PASSED] - x = x.substring(i3, x.length()): null

29-11-2024T11:45:53 - [TEST_STEP][PASSED] - return x: null

29-11-2024T11:45:53 - [TEST_STEP][PASSED] - tableA = Script1719551244403.NewDZO(x = tableA): null

29-11-2024T11:45:53 - [TEST_STEP][PASSED] - i3 = <not implemented yet for class: org.codehaus.groovy.ast.expr.EmptyExpression>: null

29-11-2024T11:45:53 - [TEST_STEP][PASSED] - i3 = x.indexOf("/") + 1: null

29-11-2024T11:45:53 - [TEST_STEP][PASSED] - x = x.substring(i3, x.length()): null

29-11-2024T11:45:53 - [TEST_STEP][PASSED] - return x: null

29-11-2024T11:45:53 - [TEST_STEP][PASSED] - tableA = Script1719551244403.NewDZO(x = tableA): null

29-11-2024T11:45:53 - [TEST_STEP][PASSED] - i3 = <not implemented yet for class: org.codehaus.groovy.ast.expr.EmptyExpression>: null

29-11-2024T11:45:53 - [TEST_STEP][PASSED] - i3 = x.indexOf("/") + 1: null

29-11-2024T11:45:53 - [TEST_STEP][PASSED] - x = x.substring(i3, x.length()): null

29-11-2024T11:45:53 - [TEST_STEP][PASSED] - return x: null

29-11-2024T11:45:53 - [TEST_STEP][PASSED] - tableA = Script1719551244403.NewDZO(x = tableA): null

29-11-2024T11:45:53 - [TEST_STEP][PASSED] - i3 = <not implemented yet for class: org.codehaus.groovy.ast.expr.EmptyExpression>: null

29-11-2024T11:45:53 - [TEST_STEP][PASSED] - i3 = x.indexOf("/") + 1: null

29-11-2024T11:45:53 - [TEST_STEP][PASSED] - x = x.substring(i3, x.length()): null

29-11-2024T11:45:53 - [TEST_STEP][PASSED] - return x: null

29-11-2024T11:45:53 - [TEST_STEP][PASSED] - i = tableA.indexOf("Ленэнерго"): null

29-11-2024T11:45:53 - [TEST_STEP][PASSED] - KuA = Script1719551244403.GetData(x = tableA): null

29-11-2024T11:45:53 - [TEST_STEP][PASSED] - i2 = <not implemented yet for class: org.codehaus.groovy.ast.expr.EmptyExpression>: null

29-11-2024T11:45:53 - [TEST_STEP][PASSED] - i2 = x.indexOf("/") + 1: null

29-11-2024T11:45:53 - [TEST_STEP][PASSED] - x = replaceAll("\p{P}", "").trim(): null

29-11-2024T11:45:53 - [TEST_STEP][PASSED] - return x: null

29-11-2024T11:45:53 - [TEST_STEP][PASSED] - println("KuA: " + KuA): null

29-11-2024T11:45:53 - [TEST_STEP][PASSED] - tableA = Script1719551244403.NewDZO(x = tableA): null

29-11-2024T11:45:53 - [TEST_STEP][PASSED] - i3 = <not implemented yet for class: org.codehaus.groovy.ast.expr.EmptyExpression>: null

29-11-2024T11:45:53 - [TEST_STEP][PASSED] - i3 = x.indexOf("/") + 1: null

29-11-2024T11:45:53 - [TEST_STEP][PASSED] - x = x.substring(i3, x.length()): null

29-11-2024T11:45:53 - [TEST_STEP][PASSED] - return x: null

29-11-2024T11:45:53 - [TEST_STEP][PASSED] - i = tableA.indexOf("Московский"): null

29-11-2024T11:45:53 - [TEST_STEP][PASSED] - LenA = replaceAll("\p{P}", "").trim(): null

29-11-2024T11:45:53 - [TEST_STEP][PASSED] - println("LenA: " + LenA): null

29-11-2024T11:45:53 - [TEST_STEP][PASSED] - tableA = Script1719551244403.NewDZO(x = tableA): null

29-11-2024T11:45:53 - [TEST_STEP][PASSED] - i3 = <not implemented yet for class: org.codehaus.groovy.ast.expr.EmptyExpression>: null

29-11-2024T11:45:53 - [TEST_STEP][PASSED] - i3 = x.indexOf("/") + 1: null

29-11-2024T11:45:53 - [TEST_STEP][PASSED] - x = x.substring(i3, x.length()): null

29-11-2024T11:45:53 - [TEST_STEP][PASSED] - return x: null

29-11-2024T11:45:53 - [TEST_STEP][PASSED] - tableA = Script1719551244403.NewDZO(x = tableA): null

29-11-2024T11:45:53 - [TEST_STEP][PASSED] - i3 = <not implemented yet for class: org.codehaus.groovy.ast.expr.EmptyExpression>: null

29-11-2024T11:45:53 - [TEST_STEP][PASSED] - i3 = x.indexOf("/") + 1: null

29-11-2024T11:45:53 - [TEST_STEP][PASSED] - x = x.substring(i3, x.length()): null

29-11-2024T11:45:53 - [TEST_STEP][PASSED] - return x: null

29-11-2024T11:45:53 - [TEST_STEP][PASSED] - i = tableA.indexOf("Кавказ"): null

29-11-2024T11:45:53 - [TEST_STEP][PASSED] - MosA = replaceAll("\p{P}", "").trim(): null

29-11-2024T11:45:53 - [TEST_STEP][PASSED] - println("MosA: " + MosA): null

29-11-2024T11:45:53 - [TEST_STEP][PASSED] - for ([i = 1, i < 3, (i++)]): null

29-11-2024T11:45:53 - [TEST_STEP][PASSED] - tableA = Script1719551244403.NewDZO(x = tableA): null

29-11-2024T11:45:53 - [TEST_STEP][PASSED] - i3 = <not implemented yet for class: org.codehaus.groovy.ast.expr.EmptyExpression>: null

29-11-2024T11:45:53 - [TEST_STEP][PASSED] - i3 = x.indexOf("/") + 1: null

29-11-2024T11:45:53 - [TEST_STEP][PASSED] - x = x.substring(i3, x.length()): null

29-11-2024T11:45:53 - [TEST_STEP][PASSED] - return x: null

29-11-2024T11:45:53 - [TEST_STEP][PASSED] - tableA = Script1719551244403.NewDZO(x = tableA): null

29-11-2024T11:45:53 - [TEST_STEP][PASSED] - i3 = <not implemented yet for class: org.codehaus.groovy.ast.expr.EmptyExpression>: null

29-11-2024T11:45:53 - [TEST_STEP][PASSED] - i3 = x.indexOf("/") + 1: null

29-11-2024T11:45:53 - [TEST_STEP][PASSED] - x = x.substring(i3, x.length()): null

29-11-2024T11:45:53 - [TEST_STEP][PASSED] - return x: null

29-11-2024T11:45:53 - [TEST_STEP][PASSED] - i = tableA.indexOf("Запад"): null

29-11-2024T11:45:53 - [TEST_STEP][PASSED] - SKA = replaceAll("\p{P}", "").trim(): null

29-11-2024T11:45:53 - [TEST_STEP][PASSED] - println("SKA: " + SKA): null

29-11-2024T11:45:53 - [TEST_STEP][PASSED] - for ([i = 1, i < 7, (i++)]): null

29-11-2024T11:45:53 - [TEST_STEP][PASSED] - tableA = Script1719551244403.NewDZO(x = tableA): null

29-11-2024T11:45:53 - [TEST_STEP][PASSED] - i3 = <not implemented yet for class: org.codehaus.groovy.ast.expr.EmptyExpression>: null

29-11-2024T11:45:53 - [TEST_STEP][PASSED] - i3 = x.indexOf("/") + 1: null

29-11-2024T11:45:53 - [TEST_STEP][PASSED] - x = x.substring(i3, x.length()): null

29-11-2024T11:45:53 - [TEST_STEP][PASSED] - return x: null

29-11-2024T11:45:53 - [TEST_STEP][PASSED] - tableA = Script1719551244403.NewDZO(x = tableA): null

29-11-2024T11:45:53 - [TEST_STEP][PASSED] - i3 = <not implemented yet for class: org.codehaus.groovy.ast.expr.EmptyExpression>: null

29-11-2024T11:45:53 - [TEST_STEP][PASSED] - i3 = x.indexOf("/") + 1: null

29-11-2024T11:45:53 - [TEST_STEP][PASSED] - x = x.substring(i3, x.length()): null

29-11-2024T11:45:53 - [TEST_STEP][PASSED] - return x: null

29-11-2024T11:45:53 - [TEST_STEP][PASSED] - tableA = Script1719551244403.NewDZO(x = tableA): null

29-11-2024T11:45:53 - [TEST_STEP][PASSED] - i3 = <not implemented yet for class: org.codehaus.groovy.ast.expr.EmptyExpression>: null

29-11-2024T11:45:53 - [TEST_STEP][PASSED] - i3 = x.indexOf("/") + 1: null

29-11-2024T11:45:53 - [TEST_STEP][PASSED] - x = x.substring(i3, x.length()): null

29-11-2024T11:45:53 - [TEST_STEP][PASSED] - return x: null

29-11-2024T11:45:53 - [TEST_STEP][PASSED] - tableA = Script1719551244403.NewDZO(x = tableA): null

29-11-2024T11:45:53 - [TEST_STEP][PASSED] - i3 = <not implemented yet for class: org.codehaus.groovy.ast.expr.EmptyExpression>: null

29-11-2024T11:45:53 - [TEST_STEP][PASSED] - i3 = x.indexOf("/") + 1: null

29-11-2024T11:45:53 - [TEST_STEP][PASSED] - x = x.substring(i3, x.length()): null

29-11-2024T11:45:53 - [TEST_STEP][PASSED] - return x: null

29-11-2024T11:45:53 - [TEST_STEP][PASSED] - tableA = Script1719551244403.NewDZO(x = tableA): null

29-11-2024T11:45:53 - [TEST_STEP][PASSED] - i3 = <not implemented yet for class: org.codehaus.groovy.ast.expr.EmptyExpression>: null

29-11-2024T11:45:53 - [TEST_STEP][PASSED] - i3 = x.indexOf("/") + 1: null

29-11-2024T11:45:53 - [TEST_STEP][PASSED] - x = x.substring(i3, x.length()): null

29-11-2024T11:45:53 - [TEST_STEP][PASSED] - return x: null

29-11-2024T11:45:53 - [TEST_STEP][PASSED] - tableA = Script1719551244403.NewDZO(x = tableA): null

29-11-2024T11:45:53 - [TEST_STEP][PASSED] - i3 = <not implemented yet for class: org.codehaus.groovy.ast.expr.EmptyExpression>: null

29-11-2024T11:45:53 - [TEST_STEP][PASSED] - i3 = x.indexOf("/") + 1: null

29-11-2024T11:45:53 - [TEST_STEP][PASSED] - x = x.substring(i3, x.length()): null

29-11-2024T11:45:53 - [TEST_STEP][PASSED] - return x: null

29-11-2024T11:45:53 - [TEST_STEP][PASSED] - i = tableA.indexOf("Сибирь"): null

29-11-2024T11:45:53 - [TEST_STEP][PASSED] - SZA = replaceAll("\p{P}", "").trim(): null

29-11-2024T11:45:53 - [TEST_STEP][PASSED] - println("SZA: " + SZA): null

29-11-2024T11:45:53 - [TEST_STEP][PASSED] - for ([i = 1, i < 8, (i++)]): null

29-11-2024T11:45:53 - [TEST_STEP][PASSED] - tableA = Script1719551244403.NewDZO(x = tableA): null

29-11-2024T11:45:53 - [TEST_STEP][PASSED] - i3 = <not implemented yet for class: org.codehaus.groovy.ast.expr.EmptyExpression>: null

29-11-2024T11:45:53 - [TEST_STEP][PASSED] - i3 = x.indexOf("/") + 1: null

29-11-2024T11:45:53 - [TEST_STEP][PASSED] - x = x.substring(i3, x.length()): null

29-11-2024T11:45:53 - [TEST_STEP][PASSED] - return x: null

29-11-2024T11:45:53 - [TEST_STEP][PASSED] - tableA = Script1719551244403.NewDZO(x = tableA): null

29-11-2024T11:45:53 - [TEST_STEP][PASSED] - i3 = <not implemented yet for class: org.codehaus.groovy.ast.expr.EmptyExpression>: null

29-11-2024T11:45:53 - [TEST_STEP][PASSED] - i3 = x.indexOf("/") + 1: null

29-11-2024T11:45:53 - [TEST_STEP][PASSED] - x = x.substring(i3, x.length()): null

29-11-2024T11:45:53 - [TEST_STEP][PASSED] - return x: null

29-11-2024T11:45:53 - [TEST_STEP][PASSED] - tableA = Script1719551244403.NewDZO(x = tableA): null

29-11-2024T11:45:53 - [TEST_STEP][PASSED] - i3 = <not implemented yet for class: org.codehaus.groovy.ast.expr.EmptyExpression>: null

29-11-2024T11:45:53 - [TEST_STEP][PASSED] - i3 = x.indexOf("/") + 1: null

29-11-2024T11:45:53 - [TEST_STEP][PASSED] - x = x.substring(i3, x.length()): null

29-11-2024T11:45:53 - [TEST_STEP][PASSED] - return x: null

29-11-2024T11:45:53 - [TEST_STEP][PASSED] - tableA = Script1719551244403.NewDZO(x = tableA): null

29-11-2024T11:45:53 - [TEST_STEP][PASSED] - i3 = <not implemented yet for class: org.codehaus.groovy.ast.expr.EmptyExpression>: null

29-11-2024T11:45:53 - [TEST_STEP][PASSED] - i3 = x.indexOf("/") + 1: null

29-11-2024T11:45:53 - [TEST_STEP][PASSED] - x = x.substring(i3, x.length()): null

29-11-2024T11:45:53 - [TEST_STEP][PASSED] - return x: null

29-11-2024T11:45:53 - [TEST_STEP][PASSED] - tableA = Script1719551244403.NewDZO(x = tableA): null

29-11-2024T11:45:53 - [TEST_STEP][PASSED] - i3 = <not implemented yet for class: org.codehaus.groovy.ast.expr.EmptyExpression>: null

29-11-2024T11:45:53 - [TEST_STEP][PASSED] - i3 = x.indexOf("/") + 1: null

29-11-2024T11:45:53 - [TEST_STEP][PASSED] - x = x.substring(i3, x.length()): null

29-11-2024T11:45:53 - [TEST_STEP][PASSED] - return x: null

29-11-2024T11:45:53 - [TEST_STEP][PASSED] - tableA = Script1719551244403.NewDZO(x = tableA): null

29-11-2024T11:45:53 - [TEST_STEP][PASSED] - i3 = <not implemented yet for class: org.codehaus.groovy.ast.expr.EmptyExpression>: null

29-11-2024T11:45:53 - [TEST_STEP][PASSED] - i3 = x.indexOf("/") + 1: null

29-11-2024T11:45:53 - [TEST_STEP][PASSED] - x = x.substring(i3, x.length()): null

29-11-2024T11:45:53 - [TEST_STEP][PASSED] - return x: null

29-11-2024T11:45:53 - [TEST_STEP][PASSED] - tableA = Script1719551244403.NewDZO(x = tableA): null

29-11-2024T11:45:53 - [TEST_STEP][PASSED] - i3 = <not implemented yet for class: org.codehaus.groovy.ast.expr.EmptyExpression>: null

29-11-2024T11:45:53 - [TEST_STEP][PASSED] - i3 = x.indexOf("/") + 1: null

29-11-2024T11:45:53 - [TEST_STEP][PASSED] - x = x.substring(i3, x.length()): null

29-11-2024T11:45:53 - [TEST_STEP][PASSED] - return x: null

29-11-2024T11:45:53 - [TEST_STEP][PASSED] - i = tableA.indexOf("Томск"): null

29-11-2024T11:45:53 - [TEST_STEP][PASSED] - SiA = replaceAll("\p{P}", "").trim(): null

29-11-2024T11:45:53 - [TEST_STEP][PASSED] - println("SiA: " + SiA): null

29-11-2024T11:45:53 - [TEST_STEP][PASSED] - for ([i = 1, i < 9, (i++)]): null

29-11-2024T11:45:53 - [TEST_STEP][PASSED] - tableA = Script1719551244403.NewDZO(x = tableA): null

29-11-2024T11:45:53 - [TEST_STEP][PASSED] - i3 = <not implemented yet for class: org.codehaus.groovy.ast.expr.EmptyExpression>: null

29-11-2024T11:45:53 - [TEST_STEP][PASSED] - i3 = x.indexOf("/") + 1: null

29-11-2024T11:45:53 - [TEST_STEP][PASSED] - x = x.substring(i3, x.length()): null

29-11-2024T11:45:53 - [TEST_STEP][PASSED] - return x: null

29-11-2024T11:45:53 - [TEST_STEP][PASSED] - tableA = Script1719551244403.NewDZO(x = tableA): null

29-11-2024T11:45:53 - [TEST_STEP][PASSED] - i3 = <not implemented yet for class: org.codehaus.groovy.ast.expr.EmptyExpression>: null

29-11-2024T11:45:53 - [TEST_STEP][PASSED] - i3 = x.indexOf("/") + 1: null

29-11-2024T11:45:53 - [TEST_STEP][PASSED] - x = x.substring(i3, x.length()): null

29-11-2024T11:45:53 - [TEST_STEP][PASSED] - return x: null

29-11-2024T11:45:53 - [TEST_STEP][PASSED] - tableA = Script1719551244403.NewDZO(x = tableA): null

29-11-2024T11:45:53 - [TEST_STEP][PASSED] - i3 = <not implemented yet for class: org.codehaus.groovy.ast.expr.EmptyExpression>: null

29-11-2024T11:45:53 - [TEST_STEP][PASSED] - i3 = x.indexOf("/") + 1: null

29-11-2024T11:45:53 - [TEST_STEP][PASSED] - x = x.substring(i3, x.length()): null

29-11-2024T11:45:53 - [TEST_STEP][PASSED] - return x: null

29-11-2024T11:45:53 - [TEST_STEP][PASSED] - tableA = Script1719551244403.NewDZO(x = tableA): null

29-11-2024T11:45:53 - [TEST_STEP][PASSED] - i3 = <not implemented yet for class: org.codehaus.groovy.ast.expr.EmptyExpression>: null

29-11-2024T11:45:53 - [TEST_STEP][PASSED] - i3 = x.indexOf("/") + 1: null

29-11-2024T11:45:53 - [TEST_STEP][PASSED] - x = x.substring(i3, x.length()): null

29-11-2024T11:45:53 - [TEST_STEP][PASSED] - return x: null

29-11-2024T11:45:53 - [TEST_STEP][PASSED] - tableA = Script1719551244403.NewDZO(x = tableA): null

29-11-2024T11:45:53 - [TEST_STEP][PASSED] - i3 = <not implemented yet for class: org.codehaus.groovy.ast.expr.EmptyExpression>: null

29-11-2024T11:45:53 - [TEST_STEP][PASSED] - i3 = x.indexOf("/") + 1: null

29-11-2024T11:45:53 - [TEST_STEP][PASSED] - x = x.substring(i3, x.length()): null

29-11-2024T11:45:53 - [TEST_STEP][PASSED] - return x: null

29-11-2024T11:45:53 - [TEST_STEP][PASSED] - tableA = Script1719551244403.NewDZO(x = tableA): null

29-11-2024T11:45:53 - [TEST_STEP][PASSED] - i3 = <not implemented yet for class: org.codehaus.groovy.ast.expr.EmptyExpression>: null

29-11-2024T11:45:53 - [TEST_STEP][PASSED] - i3 = x.indexOf("/") + 1: null

29-11-2024T11:45:53 - [TEST_STEP][PASSED] - x = x.substring(i3, x.length()): null

29-11-2024T11:45:53 - [TEST_STEP][PASSED] - return x: null

29-11-2024T11:45:53 - [TEST_STEP][PASSED] - tableA = Script1719551244403.NewDZO(x = tableA): null

29-11-2024T11:45:53 - [TEST_STEP][PASSED] - i3 = <not implemented yet for class: org.codehaus.groovy.ast.expr.EmptyExpression>: null

29-11-2024T11:45:53 - [TEST_STEP][PASSED] - i3 = x.indexOf("/") + 1: null

29-11-2024T11:45:53 - [TEST_STEP][PASSED] - x = x.substring(i3, x.length()): null

29-11-2024T11:45:53 - [TEST_STEP][PASSED] - return x: null

29-11-2024T11:45:53 - [TEST_STEP][PASSED] - tableA = Script1719551244403.NewDZO(x = tableA): null

29-11-2024T11:45:53 - [TEST_STEP][PASSED] - i3 = <not implemented yet for class: org.codehaus.groovy.ast.expr.EmptyExpression>: null

29-11-2024T11:45:53 - [TEST_STEP][PASSED] - i3 = x.indexOf("/") + 1: null

29-11-2024T11:45:53 - [TEST_STEP][PASSED] - x = x.substring(i3, x.length()): null

29-11-2024T11:45:53 - [TEST_STEP][PASSED] - return x: null

29-11-2024T11:45:53 - [TEST_STEP][PASSED] - i = tableA.indexOf("Тюмень"): null

29-11-2024T11:45:53 - [TEST_STEP][PASSED] - ToA = replaceAll("\p{P}", "").trim(): null

29-11-2024T11:45:53 - [TEST_STEP][PASSED] - println("ToA: " + ToA): null

29-11-2024T11:45:53 - [TEST_STEP][PASSED] - tableA = Script1719551244403.NewDZO(x = tableA): null

29-11-2024T11:45:53 - [TEST_STEP][PASSED] - i3 = <not implemented yet for class: org.codehaus.groovy.ast.expr.EmptyExpression>: null

29-11-2024T11:45:53 - [TEST_STEP][PASSED] - i3 = x.indexOf("/") + 1: null

29-11-2024T11:45:53 - [TEST_STEP][PASSED] - x = x.substring(i3, x.length()): null

29-11-2024T11:45:53 - [TEST_STEP][PASSED] - return x: null

29-11-2024T11:45:53 - [TEST_STEP][PASSED] - TyuA = replaceAll("\p{P}", "").trim(): null

29-11-2024T11:45:53 - [TEST_STEP][PASSED] - println("TyuA: " + TyuA): null

29-11-2024T11:45:53 - [TEST_STEP][PASSED] - tableA = Script1719551244403.NewDZO(x = tableA): null

29-11-2024T11:45:53 - [TEST_STEP][PASSED] - i3 = <not implemented yet for class: org.codehaus.groovy.ast.expr.EmptyExpression>: null

29-11-2024T11:45:53 - [TEST_STEP][PASSED] - i3 = x.indexOf("/") + 1: null

29-11-2024T11:45:53 - [TEST_STEP][PASSED] - x = x.substring(i3, x.length()): null

29-11-2024T11:45:53 - [TEST_STEP][PASSED] - return x: null

29-11-2024T11:45:53 - [TEST_STEP][PASSED] - i = tableA.indexOf("ЕЭС"): null

29-11-2024T11:45:53 - [TEST_STEP][PASSED] - UrA = replaceAll("\p{P}", "").trim(): null

29-11-2024T11:45:53 - [TEST_STEP][PASSED] - println("UrA: " + UrA): null

29-11-2024T11:45:53 - [TEST_STEP][PASSED] - for ([i = 1, i < 4, (i++)]): null

29-11-2024T11:45:53 - [TEST_STEP][PASSED] - tableA = Script1719551244403.NewDZO(x = tableA): null

29-11-2024T11:45:53 - [TEST_STEP][PASSED] - i3 = <not implemented yet for class: org.codehaus.groovy.ast.expr.EmptyExpression>: null

29-11-2024T11:45:53 - [TEST_STEP][PASSED] - i3 = x.indexOf("/") + 1: null

29-11-2024T11:45:53 - [TEST_STEP][PASSED] - x = x.substring(i3, x.length()): null

29-11-2024T11:45:53 - [TEST_STEP][PASSED] - return x: null

29-11-2024T11:45:53 - [TEST_STEP][PASSED] - tableA = Script1719551244403.NewDZO(x = tableA): null

29-11-2024T11:45:53 - [TEST_STEP][PASSED] - i3 = <not implemented yet for class: org.codehaus.groovy.ast.expr.EmptyExpression>: null

29-11-2024T11:45:53 - [TEST_STEP][PASSED] - i3 = x.indexOf("/") + 1: null

29-11-2024T11:45:53 - [TEST_STEP][PASSED] - x = x.substring(i3, x.length()): null

29-11-2024T11:45:53 - [TEST_STEP][PASSED] - return x: null

29-11-2024T11:45:53 - [TEST_STEP][PASSED] - tableA = Script1719551244403.NewDZO(x = tableA): null

29-11-2024T11:45:53 - [TEST_STEP][PASSED] - i3 = <not implemented yet for class: org.codehaus.groovy.ast.expr.EmptyExpression>: null

29-11-2024T11:45:53 - [TEST_STEP][PASSED] - i3 = x.indexOf("/") + 1: null

29-11-2024T11:45:53 - [TEST_STEP][PASSED] - x = x.substring(i3, x.length()): null

29-11-2024T11:45:53 - [TEST_STEP][PASSED] - return x: null

29-11-2024T11:45:53 - [TEST_STEP][PASSED] - i = tableA.indexOf("Центр"): null

29-11-2024T11:45:53 - [TEST_STEP][PASSED] - FSKA = replaceAll("\p{P}", "").trim(): null

29-11-2024T11:45:53 - [TEST_STEP][PASSED] - println("FSKA: " + FSKA): null

29-11-2024T11:45:53 - [TEST_STEP][PASSED] - tableA = Script1719551244403.NewDZO(x = tableA): null

29-11-2024T11:45:53 - [TEST_STEP][PASSED] - i3 = <not implemented yet for class: org.codehaus.groovy.ast.expr.EmptyExpression>: null

29-11-2024T11:45:53 - [TEST_STEP][PASSED] - i3 = x.indexOf("/") + 1: null

29-11-2024T11:45:53 - [TEST_STEP][PASSED] - x = x.substring(i3, x.length()): null

29-11-2024T11:45:53 - [TEST_STEP][PASSED] - return x: null

29-11-2024T11:45:53 - [TEST_STEP][PASSED] - i = tableA.indexOf("Приволжье"): null

29-11-2024T11:45:53 - [TEST_STEP][PASSED] - CenA = replaceAll("\p{P}", "").trim(): null

29-11-2024T11:45:53 - [TEST_STEP][PASSED] - println("CenA: " + CenA): null

29-11-2024T11:45:53 - [TEST_STEP][PASSED] - for ([i = 1, i < 12, (i++)]): null

29-11-2024T11:45:53 - [TEST_STEP][PASSED] - tableA = Script1719551244403.NewDZO(x = tableA): null

29-11-2024T11:45:53 - [TEST_STEP][PASSED] - i3 = <not implemented yet for class: org.codehaus.groovy.ast.expr.EmptyExpression>: null

29-11-2024T11:45:53 - [TEST_STEP][PASSED] - i3 = x.indexOf("/") + 1: null

29-11-2024T11:45:53 - [TEST_STEP][PASSED] - x = x.substring(i3, x.length()): null

29-11-2024T11:45:53 - [TEST_STEP][PASSED] - return x: null

29-11-2024T11:45:53 - [TEST_STEP][PASSED] - tableA = Script1719551244403.NewDZO(x = tableA): null

29-11-2024T11:45:53 - [TEST_STEP][PASSED] - i3 = <not implemented yet for class: org.codehaus.groovy.ast.expr.EmptyExpression>: null

29-11-2024T11:45:53 - [TEST_STEP][PASSED] - i3 = x.indexOf("/") + 1: null

29-11-2024T11:45:53 - [TEST_STEP][PASSED] - x = x.substring(i3, x.length()): null

29-11-2024T11:45:53 - [TEST_STEP][PASSED] - return x: null

29-11-2024T11:45:53 - [TEST_STEP][PASSED] - tableA = Script1719551244403.NewDZO(x = tableA): null

29-11-2024T11:45:53 - [TEST_STEP][PASSED] - i3 = <not implemented yet for class: org.codehaus.groovy.ast.expr.EmptyExpression>: null

29-11-2024T11:45:53 - [TEST_STEP][PASSED] - i3 = x.indexOf("/") + 1: null

29-11-2024T11:45:53 - [TEST_STEP][PASSED] - x = x.substring(i3, x.length()): null

29-11-2024T11:45:53 - [TEST_STEP][PASSED] - return x: null

29-11-2024T11:45:53 - [TEST_STEP][PASSED] - tableA = Script1719551244403.NewDZO(x = tableA): null

29-11-2024T11:45:53 - [TEST_STEP][PASSED] - i3 = <not implemented yet for class: org.codehaus.groovy.ast.expr.EmptyExpression>: null

29-11-2024T11:45:53 - [TEST_STEP][PASSED] - i3 = x.indexOf("/") + 1: null

29-11-2024T11:45:53 - [TEST_STEP][PASSED] - x = x.substring(i3, x.length()): null

29-11-2024T11:45:53 - [TEST_STEP][PASSED] - return x: null

29-11-2024T11:45:53 - [TEST_STEP][PASSED] - tableA = Script1719551244403.NewDZO(x = tableA): null

29-11-2024T11:45:53 - [TEST_STEP][PASSED] - i3 = <not implemented yet for class: org.codehaus.groovy.ast.expr.EmptyExpression>: null

29-11-2024T11:45:53 - [TEST_STEP][PASSED] - i3 = x.indexOf("/") + 1: null

29-11-2024T11:45:53 - [TEST_STEP][PASSED] - x = x.substring(i3, x.length()): null

29-11-2024T11:45:53 - [TEST_STEP][PASSED] - return x: null

29-11-2024T11:45:53 - [TEST_STEP][PASSED] - tableA = Script1719551244403.NewDZO(x = tableA): null

29-11-2024T11:45:53 - [TEST_STEP][PASSED] - i3 = <not implemented yet for class: org.codehaus.groovy.ast.expr.EmptyExpression>: null

29-11-2024T11:45:53 - [TEST_STEP][PASSED] - i3 = x.indexOf("/") + 1: null

29-11-2024T11:45:53 - [TEST_STEP][PASSED] - x = x.substring(i3, x.length()): null

29-11-2024T11:45:53 - [TEST_STEP][PASSED] - return x: null

29-11-2024T11:45:53 - [TEST_STEP][PASSED] - tableA = Script1719551244403.NewDZO(x = tableA): null

29-11-2024T11:45:53 - [TEST_STEP][PASSED] - i3 = <not implemented yet for class: org.codehaus.groovy.ast.expr.EmptyExpression>: null

29-11-2024T11:45:53 - [TEST_STEP][PASSED] - i3 = x.indexOf("/") + 1: null

29-11-2024T11:45:53 - [TEST_STEP][PASSED] - x = x.substring(i3, x.length()): null

29-11-2024T11:45:53 - [TEST_STEP][PASSED] - return x: null

29-11-2024T11:45:53 - [TEST_STEP][PASSED] - tableA = Script1719551244403.NewDZO(x = tableA): null

29-11-2024T11:45:53 - [TEST_STEP][PASSED] - i3 = <not implemented yet for class: org.codehaus.groovy.ast.expr.EmptyExpression>: null

29-11-2024T11:45:53 - [TEST_STEP][PASSED] - i3 = x.indexOf("/") + 1: null

29-11-2024T11:45:53 - [TEST_STEP][PASSED] - x = x.substring(i3, x.length()): null

29-11-2024T11:45:53 - [TEST_STEP][PASSED] - return x: null

29-11-2024T11:45:53 - [TEST_STEP][PASSED] - tableA = Script1719551244403.NewDZO(x = tableA): null

29-11-2024T11:45:53 - [TEST_STEP][PASSED] - i3 = <not implemented yet for class: org.codehaus.groovy.ast.expr.EmptyExpression>: null

29-11-2024T11:45:53 - [TEST_STEP][PASSED] - i3 = x.indexOf("/") + 1: null

29-11-2024T11:45:53 - [TEST_STEP][PASSED] - x = x.substring(i3, x.length()): null

29-11-2024T11:45:53 - [TEST_STEP][PASSED] - return x: null

29-11-2024T11:45:53 - [TEST_STEP][PASSED] - tableA = Script1719551244403.NewDZO(x = tableA): null

29-11-2024T11:45:53 - [TEST_STEP][PASSED] - i3 = <not implemented yet for class: org.codehaus.groovy.ast.expr.EmptyExpression>: null

29-11-2024T11:45:53 - [TEST_STEP][PASSED] - i3 = x.indexOf("/") + 1: null

29-11-2024T11:45:53 - [TEST_STEP][PASSED] - x = x.substring(i3, x.length()): null

29-11-2024T11:45:53 - [TEST_STEP][PASSED] - return x: null

29-11-2024T11:45:53 - [TEST_STEP][PASSED] - tableA = Script1719551244403.NewDZO(x = tableA): null

29-11-2024T11:45:53 - [TEST_STEP][PASSED] - i3 = <not implemented yet for class: org.codehaus.groovy.ast.expr.EmptyExpression>: null

29-11-2024T11:45:53 - [TEST_STEP][PASSED] - i3 = x.indexOf("/") + 1: null

29-11-2024T11:45:53 - [TEST_STEP][PASSED] - x = x.substring(i3, x.length()): null

29-11-2024T11:45:53 - [TEST_STEP][PASSED] - return x: null

29-11-2024T11:45:53 - [TEST_STEP][PASSED] - i = tableA.indexOf("Юг"): null

29-11-2024T11:45:53 - [TEST_STEP][PASSED] - CiPA = replaceAll("\p{P}", "").trim(): null

29-11-2024T11:45:53 - [TEST_STEP][PASSED] - println("CiPA: " + CiPA): null

29-11-2024T11:45:53 - [TEST_STEP][PASSED] - for ([i = 1, i < 10, (i++)]): null

29-11-2024T11:45:53 - [TEST_STEP][PASSED] - tableA = Script1719551244403.NewDZO(x = tableA): null

29-11-2024T11:45:53 - [TEST_STEP][PASSED] - i3 = <not implemented yet for class: org.codehaus.groovy.ast.expr.EmptyExpression>: null

29-11-2024T11:45:53 - [TEST_STEP][PASSED] - i3 = x.indexOf("/") + 1: null

29-11-2024T11:45:53 - [TEST_STEP][PASSED] - x = x.substring(i3, x.length()): null

29-11-2024T11:45:53 - [TEST_STEP][PASSED] - return x: null

29-11-2024T11:45:53 - [TEST_STEP][PASSED] - tableA = Script1719551244403.NewDZO(x = tableA): null

29-11-2024T11:45:53 - [TEST_STEP][PASSED] - i3 = <not implemented yet for class: org.codehaus.groovy.ast.expr.EmptyExpression>: null

29-11-2024T11:45:53 - [TEST_STEP][PASSED] - i3 = x.indexOf("/") + 1: null

29-11-2024T11:45:53 - [TEST_STEP][PASSED] - x = x.substring(i3, x.length()): null

29-11-2024T11:45:53 - [TEST_STEP][PASSED] - return x: null

29-11-2024T11:45:53 - [TEST_STEP][PASSED] - tableA = Script1719551244403.NewDZO(x = tableA): null

29-11-2024T11:45:53 - [TEST_STEP][PASSED] - i3 = <not implemented yet for class: org.codehaus.groovy.ast.expr.EmptyExpression>: null

29-11-2024T11:45:53 - [TEST_STEP][PASSED] - i3 = x.indexOf("/") + 1: null

29-11-2024T11:45:53 - [TEST_STEP][PASSED] - x = x.substring(i3, x.length()): null

29-11-2024T11:45:53 - [TEST_STEP][PASSED] - return x: null

29-11-2024T11:45:53 - [TEST_STEP][PASSED] - tableA = Script1719551244403.NewDZO(x = tableA): null

29-11-2024T11:45:53 - [TEST_STEP][PASSED] - i3 = <not implemented yet for class: org.codehaus.groovy.ast.expr.EmptyExpression>: null

29-11-2024T11:45:53 - [TEST_STEP][PASSED] - i3 = x.indexOf("/") + 1: null

29-11-2024T11:45:53 - [TEST_STEP][PASSED] - x = x.substring(i3, x.length()): null

29-11-2024T11:45:53 - [TEST_STEP][PASSED] - return x: null

29-11-2024T11:45:53 - [TEST_STEP][PASSED] - tableA = Script1719551244403.NewDZO(x = tableA): null

29-11-2024T11:45:53 - [TEST_STEP][PASSED] - i3 = <not implemented yet for class: org.codehaus.groovy.ast.expr.EmptyExpression>: null

29-11-2024T11:45:53 - [TEST_STEP][PASSED] - i3 = x.indexOf("/") + 1: null

29-11-2024T11:45:53 - [TEST_STEP][PASSED] - x = x.substring(i3, x.length()): null

29-11-2024T11:45:53 - [TEST_STEP][PASSED] - return x: null

29-11-2024T11:45:53 - [TEST_STEP][PASSED] - tableA = Script1719551244403.NewDZO(x = tableA): null

29-11-2024T11:45:53 - [TEST_STEP][PASSED] - i3 = <not implemented yet for class: org.codehaus.groovy.ast.expr.EmptyExpression>: null

29-11-2024T11:45:53 - [TEST_STEP][PASSED] - i3 = x.indexOf("/") + 1: null

29-11-2024T11:45:53 - [TEST_STEP][PASSED] - x = x.substring(i3, x.length()): null

29-11-2024T11:45:53 - [TEST_STEP][PASSED] - return x: null

29-11-2024T11:45:53 - [TEST_STEP][PASSED] - tableA = Script1719551244403.NewDZO(x = tableA): null

29-11-2024T11:45:53 - [TEST_STEP][PASSED] - i3 = <not implemented yet for class: org.codehaus.groovy.ast.expr.EmptyExpression>: null

29-11-2024T11:45:53 - [TEST_STEP][PASSED] - i3 = x.indexOf("/") + 1: null

29-11-2024T11:45:53 - [TEST_STEP][PASSED] - x = x.substring(i3, x.length()): null

29-11-2024T11:45:53 - [TEST_STEP][PASSED] - return x: null

29-11-2024T11:45:53 - [TEST_STEP][PASSED] - tableA = Script1719551244403.NewDZO(x = tableA): null

29-11-2024T11:45:53 - [TEST_STEP][PASSED] - i3 = <not implemented yet for class: org.codehaus.groovy.ast.expr.EmptyExpression>: null

29-11-2024T11:45:53 - [TEST_STEP][PASSED] - i3 = x.indexOf("/") + 1: null

29-11-2024T11:45:53 - [TEST_STEP][PASSED] - x = x.substring(i3, x.length()): null

29-11-2024T11:45:53 - [TEST_STEP][PASSED] - return x: null

29-11-2024T11:45:53 - [TEST_STEP][PASSED] - tableA = Script1719551244403.NewDZO(x = tableA): null

29-11-2024T11:45:53 - [TEST_STEP][PASSED] - i3 = <not implemented yet for class: org.codehaus.groovy.ast.expr.EmptyExpression>: null

29-11-2024T11:45:53 - [TEST_STEP][PASSED] - i3 = x.indexOf("/") + 1: null

29-11-2024T11:45:53 - [TEST_STEP][PASSED] - x = x.substring(i3, x.length()): null

29-11-2024T11:45:53 - [TEST_STEP][PASSED] - return x: null

29-11-2024T11:45:53 - [TEST_STEP][PASSED] - i = tableA.indexOf("Янтарь"): null

29-11-2024T11:45:53 - [TEST_STEP][PASSED] - UgA = replaceAll("\p{P}", "").trim(): null

29-11-2024T11:45:53 - [TEST_STEP][PASSED] - println("UgA: " + UgA): null

29-11-2024T11:45:53 - [TEST_STEP][PASSED] - i = tableA.lastIndexOf("/"): null

29-11-2024T11:45:53 - [TEST_STEP][PASSED] - YaA = replaceAll("\p{P}", "").trim(): null

29-11-2024T11:45:53 - [TEST_STEP][PASSED] - println("YaA: " + YaA): null

29-11-2024T11:45:53 - [TEST_STEP][PASSED] - delay(10): Delayed 10 second(s)

29-11-2024T11:46:03 - [MESSAGE][PASSED] - Delayed 10 second(s)

29-11-2024T11:46:03 - [TEST_STEP][PASSED] - navigateToUrl(findTestData("PlanFact").getValue(10, 11)): Navigate to 'https://bi.rosseti.digital/viewer?dashboardGuid=a1fd28b3785d443cbc4d7690a1d78e31&sheetGuid=d3a0ddec2e914cb380b20dca74903099&fit=true' successfully

29-11-2024T11:46:04 - [MESSAGE][PASSED] - Navigate to 'https://bi.rosseti.digital/viewer?dashboardGuid=a1fd28b3785d443cbc4d7690a1d78e31&sheetGuid=d3a0ddec2e914cb380b20dca74903099&fit=true' successfully

29-11-2024T11:46:04 - [TEST_STEP][PASSED] - b = <not implemented yet for class: org.codehaus.groovy.ast.expr.EmptyExpression>: null

29-11-2024T11:46:04 - [TEST_STEP][PASSED] - b1 = <not implemented yet for class: org.codehaus.groovy.ast.expr.EmptyExpression>: null

29-11-2024T11:46:04 - [TEST_STEP][PASSED] - b2 = <not implemented yet for class: org.codehaus.groovy.ast.expr.EmptyExpression>: null

29-11-2024T11:46:04 - [TEST_STEP][PASSED] - click(findTestObject("Факторный анализ/Фильтр Дата Выручка")): Object: 'Object Repository/Факторный анализ/Фильтр Дата Выручка' is clicked on

29-11-2024T11:46:24 - [MESSAGE][PASSED] - Object: 'Object Repository/Факторный анализ/Фильтр Дата Выручка' is clicked on

29-11-2024T11:46:24 - [TEST_STEP][PASSED] - click(findTestObject("Факторный анализ/Снять выделение в фильтре Дата Выручка")): Object: 'Object Repository/Факторный анализ/Снять выделение в фильтре Дата Выручка' is clicked on

29-11-2024T11:46:24 - [MESSAGE][PASSED] - Object: 'Object Repository/Факторный анализ/Снять выделение в фильтре Дата Выручка' is clicked on

29-11-2024T11:46:24 - [TEST_STEP][PASSED] - click(findTestObject("Факторный анализ/Применить в фильтре Дата Выручка")): Object: 'Object Repository/Факторный анализ/Применить в фильтре Дата Выручка' is clicked on

29-11-2024T11:46:24 - [MESSAGE][PASSED] - Object: 'Object Repository/Факторный анализ/Применить в фильтре Дата Выручка' is clicked on

29-11-2024T11:46:24 - [TEST_STEP][PASSED] - delay(10): Delayed 10 second(s)

29-11-2024T11:46:34 - [MESSAGE][PASSED] - Delayed 10 second(s)

29-11-2024T11:46:34 - [TEST_STEP][PASSED] - click(findTestObject("Факторный анализ/Фильтр Дата Выручка")): Object: 'Object Repository/Факторный анализ/Фильтр Дата Выручка' is clicked on

29-11-2024T11:46:35 - [MESSAGE][PASSED] - Object: 'Object Repository/Факторный анализ/Фильтр Дата Выручка' is clicked on

29-11-2024T11:46:35 - [TEST_STEP][PASSED] - click(findTestObject("Факторный анализ/Снять выделение в фильтре Дата Выручка")): Object: 'Object Repository/Факторный анализ/Снять выделение в фильтре Дата Выручка' is clicked on

29-11-2024T11:46:35 - [MESSAGE][PASSED] - Object: 'Object Repository/Факторный анализ/Снять выделение в фильтре Дата Выручка' is clicked on

29-11-2024T11:46:35 - [TEST_STEP][PASSED] - scrollToElement(findTestObject("Факторный анализ/2024 список Выручка"), 30): Scroll to object 'Object Repository/Факторный анализ/2024 список Выручка' successfully

29-11-2024T11:46:36 - [MESSAGE][PASSED] - Scroll to object 'Object Repository/Факторный анализ/2024 список Выручка' successfully

29-11-2024T11:46:36 - [TEST_STEP][PASSED] - click(findTestObject("Факторный анализ/2024 список Выручка")): Object: 'Object Repository/Факторный анализ/2024 список Выручка' is clicked on

29-11-2024T11:46:36 - [MESSAGE][PASSED] - Object: 'Object Repository/Факторный анализ/2024 список Выручка' is clicked on

29-11-2024T11:46:36 - [TEST_STEP][PASSED] - scrollToElement(findTestObject("Факторный анализ/1 квартал 2024 выбрать Выручка"), 30): Scroll to object 'Object Repository/Факторный анализ/1 квартал 2024 выбрать Выручка' successfully

29-11-2024T11:46:36 - [MESSAGE][PASSED] - Scroll to object 'Object Repository/Факторный анализ/1 квартал 2024 выбрать Выручка' successfully

29-11-2024T11:46:36 - [TEST_STEP][PASSED] - click(findTestObject("Факторный анализ/1 квартал 2024 выбрать Выручка")): Object: 'Object Repository/Факторный анализ/1 квартал 2024 выбрать Выручка' is clicked on

29-11-2024T11:46:37 - [MESSAGE][PASSED] - Object: 'Object Repository/Факторный анализ/1 квартал 2024 выбрать Выручка' is clicked on

29-11-2024T11:46:37 - [TEST_STEP][PASSED] - scrollToElement(findTestObject("Факторный анализ/2 квартал 2024 выбрать Выручка"), 30): Scroll to object 'Object Repository/Факторный анализ/2 квартал 2024 выбрать Выручка' successfully

29-11-2024T11:46:37 - [MESSAGE][PASSED] - Scroll to object 'Object Repository/Факторный анализ/2 квартал 2024 выбрать Выручка' successfully

29-11-2024T11:46:37 - [TEST_STEP][PASSED] - click(findTestObject("Факторный анализ/2 квартал 2024 выбрать Выручка"), CONTINUE_ON_FAILURE): Object: 'Object Repository/Факторный анализ/2 квартал 2024 выбрать Выручка' is clicked on

29-11-2024T11:46:38 - [MESSAGE][PASSED] - Object: 'Object Repository/Факторный анализ/2 квартал 2024 выбрать Выручка' is clicked on

29-11-2024T11:46:38 - [TEST_STEP][PASSED] - click(findTestObject("Факторный анализ/3 квартал 2024 выбрать Выручка"), CONTINUE_ON_FAILURE): Object: 'Object Repository/Факторный анализ/3 квартал 2024 выбрать Выручка' is clicked on

29-11-2024T11:46:38 - [MESSAGE][PASSED] - Object: 'Object Repository/Факторный анализ/3 квартал 2024 выбрать Выручка' is clicked on

29-11-2024T11:46:38 - [TEST_STEP][PASSED] - scrollToElement(findTestObject("Факторный анализ/4 квартал 2024 список Выручка"), 30): Scroll to object 'Object Repository/Факторный анализ/4 квартал 2024 список Выручка' successfully

29-11-2024T11:46:39 - [MESSAGE][PASSED] - Scroll to object 'Object Repository/Факторный анализ/4 квартал 2024 список Выручка' successfully

29-11-2024T11:46:39 - [TEST_STEP][PASSED] - click(findTestObject("Факторный анализ/4 квартал 2024 список Выручка"), CONTINUE_ON_FAILURE): Object: 'Object Repository/Факторный анализ/4 квартал 2024 список Выручка' is clicked on

29-11-2024T11:46:39 - [MESSAGE][PASSED] - Object: 'Object Repository/Факторный анализ/4 квартал 2024 список Выручка' is clicked on

29-11-2024T11:46:39 - [TEST_STEP][PASSED] - scrollToElement(findTestObject("Факторный анализ/Октябрь 2024 Выручка"), 30): Scroll to object 'Object Repository/Факторный анализ/Октябрь 2024 Выручка' successfully

29-11-2024T11:46:39 - [MESSAGE][PASSED] - Scroll to object 'Object Repository/Факторный анализ/Октябрь 2024 Выручка' successfully

29-11-2024T11:46:39 - [TEST_STEP][PASSED] - click(findTestObject("Факторный анализ/Октябрь 2024 Выручка"), CONTINUE_ON_FAILURE): Object: 'Object Repository/Факторный анализ/Октябрь 2024 Выручка' is clicked on

29-11-2024T11:46:40 - [MESSAGE][PASSED] - Object: 'Object Repository/Факторный анализ/Октябрь 2024 Выручка' is clicked on

29-11-2024T11:46:40 - [TEST_STEP][PASSED] - scrollToElement(findTestObject("Факторный анализ/Заголовок дашборда Выручка"), 30): Scroll to object 'Object Repository/Факторный анализ/Заголовок дашборда Выручка' successfully

29-11-2024T11:46:40 - [MESSAGE][PASSED] - Scroll to object 'Object Repository/Факторный анализ/Заголовок дашборда Выручка' successfully

29-11-2024T11:46:40 - [TEST_STEP][PASSED] - click(findTestObject("Факторный анализ/Применить в фильтре Дата Выручка")): Object: 'Object Repository/Факторный анализ/Применить в фильтре Дата Выручка' is clicked on

29-11-2024T11:46:41 - [MESSAGE][PASSED] - Object: 'Object Repository/Факторный анализ/Применить в фильтре Дата Выручка' is clicked on

29-11-2024T11:46:41 - [TEST_STEP][PASSED] - if (run == 1): null

29-11-2024T11:46:41 - [TEST_STEP][PASSED] - b = getText(findTestObject("Факторный анализ/Отклонения выручки по факторам Выручка")): Text of object 'Object Repository/Факторный анализ/Отклонения выручки по факторам Выручка' is: '2 8962 896
-8 411-8 411
Отклонение (объём услуг) филиал без Nan
Отклонение (средний тариф) филиал без Nan
ПАО Россети'

29-11-2024T11:46:45 - [MESSAGE][PASSED] - Text of object 'Object Repository/Факторный анализ/Отклонения выручки по факторам Выручка' is: '2 8962 896
-8 411-8 411
Отклонение (объём услуг) филиал без Nan
Отклонение (средний тариф) филиал без Nan
ПАО Россети'

29-11-2024T11:46:45 - [TEST_STEP][PASSED] - b = b.replaceAll("[\r?
|
]", "/"): null

29-11-2024T11:46:45 - [TEST_STEP][PASSED] - println("b: " + b): null

29-11-2024T11:46:45 - [TEST_STEP][PASSED] - i = b.indexOf("Отклонение"): null

29-11-2024T11:46:45 - [TEST_STEP][PASSED] - if (i > -1): null

29-11-2024T11:46:45 - [TEST_STEP][PASSED] - i = i: null

29-11-2024T11:46:45 - [TEST_STEP][PASSED] - b = substring(0, i).trim(): null

29-11-2024T11:46:45 - [TEST_STEP][PASSED] - println("b: " + b): null

29-11-2024T11:46:45 - [TEST_STEP][PASSED] - i = b.indexOf("/"): null

29-11-2024T11:46:45 - [TEST_STEP][PASSED] - if (i > -1): null

29-11-2024T11:46:45 - [TEST_STEP][PASSED] - b1 = b.substring(0, i): null

29-11-2024T11:46:45 - [TEST_STEP][PASSED] - println("b1: " + b1): null

29-11-2024T11:46:45 - [TEST_STEP][PASSED] - b2 = b.substring(b1.length() + 1, b.length()): null

29-11-2024T11:46:45 - [TEST_STEP][PASSED] - println("b2: " + b2): null

29-11-2024T11:46:45 - [TEST_STEP][PASSED] - i = b1.length() / 2: null

29-11-2024T11:46:45 - [TEST_STEP][PASSED] - if (i > -1): null

29-11-2024T11:46:45 - [TEST_STEP][PASSED] - b1 = replaceAll("\s+", "").trim(): null

29-11-2024T11:46:45 - [TEST_STEP][PASSED] - println("b1: " + b1): null

29-11-2024T11:46:45 - [TEST_STEP][PASSED] - i = b2.length() / 2: null

29-11-2024T11:46:45 - [TEST_STEP][PASSED] - if (i > -1): null

29-11-2024T11:46:45 - [TEST_STEP][PASSED] - b2 = replaceAll("\s+", "").trim(): null

29-11-2024T11:46:45 - [TEST_STEP][PASSED] - println("b2: " + b2): null

29-11-2024T11:46:45 - [TEST_STEP][PASSED] - vidget = "Отклонения выручки по факторам": null

29-11-2024T11:46:45 - [TEST_STEP][PASSED] - DZO = "ПАО Россети": null

29-11-2024T11:46:45 - [TEST_STEP][PASSED] - typeOfData = "Отклонение (объём услуг)": null

29-11-2024T11:46:45 - [TEST_STEP][PASSED] - Script1719551244403.Compare(x = a1, y = b1, run, typeOfData, otobrajeniyeDannyh, todaysDate, vidget, DZO): null

29-11-2024T11:46:45 - [TEST_STEP][FAILED] - if (verifyEqual(x, y) == true): Unable to verify equal between actual object '-404356' and expected object '2896' (Root cause: com.kms.katalon.core.exception.StepFailedException: Actual object '-404356' and expected object '2896' are not equal
	at com.kms.katalon.core.keyword.builtin.VerifyEqualKeyword$_verifyEqual_closure1.doCall(VerifyEqualKeyword.groovy:58)
	at com.kms.katalon.core.keyword.builtin.VerifyEqualKeyword$_verifyEqual_closure1.call(VerifyEqualKeyword.groovy)
	at com.kms.katalon.core.keyword.internal.KeywordMain.runKeyword(KeywordMain.groovy:75)
	at com.kms.katalon.core.keyword.builtin.VerifyEqualKeyword.verifyEqual(VerifyEqualKeyword.groovy:63)
	at com.kms.katalon.core.keyword.builtin.VerifyEqualKeyword.execute(VerifyEqualKeyword.groovy:44)
	at com.kms.katalon.core.keyword.internal.KeywordExecutor.executeKeywordForPlatform(KeywordExecutor.groovy:74)
	at com.kms.katalon.core.keyword.BuiltinKeywords.verifyEqual(BuiltinKeywords.groovy:146)
	at jdk.internal.reflect.GeneratedMethodAccessor22.invoke(Unknown Source)
	at java.base/jdk.internal.reflect.DelegatingMethodAccessorImpl.invoke(DelegatingMethodAccessorImpl.java:43)
	at Факторный анализ сверка дашбордов.Compare(Факторный анализ сверка дашбордов:674)
	at Факторный анализ сверка дашбордов.Test(Факторный анализ сверка дашбордов:438)
	at Факторный анализ сверка дашбордов.run(Факторный анализ сверка дашбордов:44)
	at com.kms.katalon.core.main.ScriptEngine.run(ScriptEngine.java:194)
	at com.kms.katalon.core.main.ScriptEngine.runScriptAsRawText(ScriptEngine.java:119)
	at com.kms.katalon.core.main.TestCaseExecutor.runScript(TestCaseExecutor.java:448)
	at com.kms.katalon.core.main.TestCaseExecutor.doExecute(TestCaseExecutor.java:439)
	at com.kms.katalon.core.main.TestCaseExecutor.processExecutionPhase(TestCaseExecutor.java:418)
	at com.kms.katalon.core.main.TestCaseExecutor.accessMainPhase(TestCaseExecutor.java:410)
	at com.kms.katalon.core.main.TestCaseExecutor.execute(TestCaseExecutor.java:285)
	at com.kms.katalon.core.common.CommonExecutor.accessTestCaseMainPhase(CommonExecutor.java:65)
	at com.kms.katalon.core.main.TestSuiteExecutor.accessTestSuiteMainPhase(TestSuiteExecutor.java:150)
	at com.kms.katalon.core.main.TestSuiteExecutor.execute(TestSuiteExecutor.java:106)
	at com.kms.katalon.core.main.TestCaseMain.startTestSuite(TestCaseMain.java:180)
	at TempTestSuite1732866793142.run(TempTestSuite1732866793142.groovy:35)
	at java.base/jdk.internal.reflect.NativeMethodAccessorImpl.invoke0(Native Method)
	at java.base/jdk.internal.reflect.NativeMethodAccessorImpl.invoke(NativeMethodAccessorImpl.java:77)
	at java.base/jdk.internal.reflect.DelegatingMethodAccessorImpl.invoke(DelegatingMethodAccessorImpl.java:43)
)

29-11-2024T11:46:45 - [MESSAGE][FAILED] - Unable to verify equal between actual object '-404356' and expected object '2896' (Root cause: com.kms.katalon.core.exception.StepFailedException: Actual object '-404356' and expected object '2896' are not equal
	at com.kms.katalon.core.keyword.builtin.VerifyEqualKeyword$_verifyEqual_closure1.doCall(VerifyEqualKeyword.groovy:58)
	at com.kms.katalon.core.keyword.builtin.VerifyEqualKeyword$_verifyEqual_closure1.call(VerifyEqualKeyword.groovy)
	at com.kms.katalon.core.keyword.internal.KeywordMain.runKeyword(KeywordMain.groovy:75)
	at com.kms.katalon.core.keyword.builtin.VerifyEqualKeyword.verifyEqual(VerifyEqualKeyword.groovy:63)
	at com.kms.katalon.core.keyword.builtin.VerifyEqualKeyword.execute(VerifyEqualKeyword.groovy:44)
	at com.kms.katalon.core.keyword.internal.KeywordExecutor.executeKeywordForPlatform(KeywordExecutor.groovy:74)
	at com.kms.katalon.core.keyword.BuiltinKeywords.verifyEqual(BuiltinKeywords.groovy:146)
	at jdk.internal.reflect.GeneratedMethodAccessor22.invoke(Unknown Source)
	at java.base/jdk.internal.reflect.DelegatingMethodAccessorImpl.invoke(DelegatingMethodAccessorImpl.java:43)
	at Факторный анализ сверка дашбордов.Compare(Факторный анализ сверка дашбордов:674)
	at Факторный анализ сверка дашбордов.Test(Факторный анализ сверка дашбордов:438)
	at Факторный анализ сверка дашбордов.run(Факторный анализ сверка дашбордов:44)
	at com.kms.katalon.core.main.ScriptEngine.run(ScriptEngine.java:194)
	at com.kms.katalon.core.main.ScriptEngine.runScriptAsRawText(ScriptEngine.java:119)
	at com.kms.katalon.core.main.TestCaseExecutor.runScript(TestCaseExecutor.java:448)
	at com.kms.katalon.core.main.TestCaseExecutor.doExecute(TestCaseExecutor.java:439)
	at com.kms.katalon.core.main.TestCaseExecutor.processExecutionPhase(TestCaseExecutor.java:418)
	at com.kms.katalon.core.main.TestCaseExecutor.accessMainPhase(TestCaseExecutor.java:410)
	at com.kms.katalon.core.main.TestCaseExecutor.execute(TestCaseExecutor.java:285)
	at com.kms.katalon.core.common.CommonExecutor.accessTestCaseMainPhase(CommonExecutor.java:65)
	at com.kms.katalon.core.main.TestSuiteExecutor.accessTestSuiteMainPhase(TestSuiteExecutor.java:150)
	at com.kms.katalon.core.main.TestSuiteExecutor.execute(TestSuiteExecutor.java:106)
	at com.kms.katalon.core.main.TestCaseMain.startTestSuite(TestCaseMain.java:180)
	at TempTestSuite1732866793142.run(TempTestSuite1732866793142.groovy:35)
	at java.base/jdk.internal.reflect.NativeMethodAccessorImpl.invoke0(Native Method)
	at java.base/jdk.internal.reflect.NativeMethodAccessorImpl.invoke(NativeMethodAccessorImpl.java:77)
	at java.base/jdk.internal.reflect.DelegatingMethodAccessorImpl.invoke(DelegatingMethodAccessorImpl.java:43)
)

29-11-2024T11:46:45 - [TEST_STEP][PASSED] - else: null

29-11-2024T11:46:45 - [TEST_STEP][PASSED] - if (run == 1): null

29-11-2024T11:46:45 - [TEST_STEP][PASSED] - otobrajeniyeDannyh = "Филиал": null

29-11-2024T11:46:45 - [TEST_STEP][PASSED] - Script1719551244403.WriteToExcel(todaysDate, typeOfData, otobrajeniyeDannyh, x, y, vidget, DZO): null

29-11-2024T11:46:45 - [TEST_STEP][PASSED] - sheetName = "Sheet1": null

29-11-2024T11:46:45 - [TEST_STEP][PASSED] - data = findTestData("PlanFact"): null

29-11-2024T11:46:45 - [TEST_STEP][PASSED] - n = data.getRowNumbers() + 1: null

29-11-2024T11:46:45 - [TEST_STEP][PASSED] - period = getText(findTestObject("Факторный анализ/Фильтр Период")): Text of object 'Object Repository/Факторный анализ/Фильтр Период' is: 'Октябрь и 1, 2, 3 кв. 2024 года'

29-11-2024T11:46:46 - [MESSAGE][PASSED] - Text of object 'Object Repository/Факторный анализ/Фильтр Период' is: 'Октябрь и 1, 2, 3 кв. 2024 года'

29-11-2024T11:46:46 - [TEST_STEP][PASSED] - println(period): null

29-11-2024T11:46:46 - [TEST_STEP][PASSED] - dashboardName = "Факторный анализ": null

29-11-2024T11:46:46 - [TEST_STEP][PASSED] - workbook01 = getWorkbook(excelFilePath): null

29-11-2024T11:46:46 - [TEST_STEP][PASSED] - sheet01 = getExcelSheet(workbook01, sheetName): null

29-11-2024T11:46:46 - [TEST_STEP][PASSED] - setValueToCellByIndex(sheet01, n, 0, dashboardName): null

29-11-2024T11:46:46 - [TEST_STEP][PASSED] - setValueToCellByIndex(sheet01, n, 1, DZO): null

29-11-2024T11:46:46 - [TEST_STEP][PASSED] - setValueToCellByIndex(sheet01, n, 2, vidget): null

29-11-2024T11:46:46 - [TEST_STEP][PASSED] - setValueToCellByIndex(sheet01, n, 3, typeOfData): null

29-11-2024T11:46:46 - [TEST_STEP][PASSED] - setValueToCellByIndex(sheet01, n, 4, otobrajeniyeDannyh): null

29-11-2024T11:46:46 - [TEST_STEP][PASSED] - setValueToCellByIndex(sheet01, n, 5, period): null

29-11-2024T11:46:46 - [TEST_STEP][PASSED] - setValueToCellByIndex(sheet01, n, 6, todaysDate): null

29-11-2024T11:46:46 - [TEST_STEP][PASSED] - n = n + 1: null

29-11-2024T11:46:46 - [TEST_STEP][PASSED] - saveWorkbook(excelFilePath, workbook01): null

29-11-2024T11:46:46 - [TEST_STEP][PASSED] - typeOfData = "Отклонение (средний тариф)": null

29-11-2024T11:46:46 - [TEST_STEP][PASSED] - Script1719551244403.Compare(x = a2, y = b2, run, typeOfData, otobrajeniyeDannyh, todaysDate, vidget, DZO): null

29-11-2024T11:46:46 - [TEST_STEP][FAILED] - if (verifyEqual(x, y) == true): Unable to verify equal between actual object '-8183' and expected object '-8411' (Root cause: com.kms.katalon.core.exception.StepFailedException: Actual object '-8183' and expected object '-8411' are not equal
	at com.kms.katalon.core.keyword.builtin.VerifyEqualKeyword$_verifyEqual_closure1.doCall(VerifyEqualKeyword.groovy:58)
	at com.kms.katalon.core.keyword.builtin.VerifyEqualKeyword$_verifyEqual_closure1.call(VerifyEqualKeyword.groovy)
	at com.kms.katalon.core.keyword.internal.KeywordMain.runKeyword(KeywordMain.groovy:75)
	at com.kms.katalon.core.keyword.builtin.VerifyEqualKeyword.verifyEqual(VerifyEqualKeyword.groovy:63)
	at com.kms.katalon.core.keyword.builtin.VerifyEqualKeyword.execute(VerifyEqualKeyword.groovy:44)
	at com.kms.katalon.core.keyword.internal.KeywordExecutor.executeKeywordForPlatform(KeywordExecutor.groovy:74)
	at com.kms.katalon.core.keyword.BuiltinKeywords.verifyEqual(BuiltinKeywords.groovy:146)
	at jdk.internal.reflect.GeneratedMethodAccessor22.invoke(Unknown Source)
	at java.base/jdk.internal.reflect.DelegatingMethodAccessorImpl.invoke(DelegatingMethodAccessorImpl.java:43)
	at Факторный анализ сверка дашбордов.Compare(Факторный анализ сверка дашбордов:674)
	at Факторный анализ сверка дашбордов.Test(Факторный анализ сверка дашбордов:442)
	at Факторный анализ сверка дашбордов.run(Факторный анализ сверка дашбордов:44)
	at com.kms.katalon.core.main.ScriptEngine.run(ScriptEngine.java:194)
	at com.kms.katalon.core.main.ScriptEngine.runScriptAsRawText(ScriptEngine.java:119)
	at com.kms.katalon.core.main.TestCaseExecutor.runScript(TestCaseExecutor.java:448)
	at com.kms.katalon.core.main.TestCaseExecutor.doExecute(TestCaseExecutor.java:439)
	at com.kms.katalon.core.main.TestCaseExecutor.processExecutionPhase(TestCaseExecutor.java:418)
	at com.kms.katalon.core.main.TestCaseExecutor.accessMainPhase(TestCaseExecutor.java:410)
	at com.kms.katalon.core.main.TestCaseExecutor.execute(TestCaseExecutor.java:285)
	at com.kms.katalon.core.common.CommonExecutor.accessTestCaseMainPhase(CommonExecutor.java:65)
	at com.kms.katalon.core.main.TestSuiteExecutor.accessTestSuiteMainPhase(TestSuiteExecutor.java:150)
	at com.kms.katalon.core.main.TestSuiteExecutor.execute(TestSuiteExecutor.java:106)
	at com.kms.katalon.core.main.TestCaseMain.startTestSuite(TestCaseMain.java:180)
	at TempTestSuite1732866793142.run(TempTestSuite1732866793142.groovy:35)
	at java.base/jdk.internal.reflect.NativeMethodAccessorImpl.invoke0(Native Method)
	at java.base/jdk.internal.reflect.NativeMethodAccessorImpl.invoke(NativeMethodAccessorImpl.java:77)
	at java.base/jdk.internal.reflect.DelegatingMethodAccessorImpl.invoke(DelegatingMethodAccessorImpl.java:43)
)

29-11-2024T11:46:46 - [MESSAGE][FAILED] - Unable to verify equal between actual object '-8183' and expected object '-8411' (Root cause: com.kms.katalon.core.exception.StepFailedException: Actual object '-8183' and expected object '-8411' are not equal
	at com.kms.katalon.core.keyword.builtin.VerifyEqualKeyword$_verifyEqual_closure1.doCall(VerifyEqualKeyword.groovy:58)
	at com.kms.katalon.core.keyword.builtin.VerifyEqualKeyword$_verifyEqual_closure1.call(VerifyEqualKeyword.groovy)
	at com.kms.katalon.core.keyword.internal.KeywordMain.runKeyword(KeywordMain.groovy:75)
	at com.kms.katalon.core.keyword.builtin.VerifyEqualKeyword.verifyEqual(VerifyEqualKeyword.groovy:63)
	at com.kms.katalon.core.keyword.builtin.VerifyEqualKeyword.execute(VerifyEqualKeyword.groovy:44)
	at com.kms.katalon.core.keyword.internal.KeywordExecutor.executeKeywordForPlatform(KeywordExecutor.groovy:74)
	at com.kms.katalon.core.keyword.BuiltinKeywords.verifyEqual(BuiltinKeywords.groovy:146)
	at jdk.internal.reflect.GeneratedMethodAccessor22.invoke(Unknown Source)
	at java.base/jdk.internal.reflect.DelegatingMethodAccessorImpl.invoke(DelegatingMethodAccessorImpl.java:43)
	at Факторный анализ сверка дашбордов.Compare(Факторный анализ сверка дашбордов:674)
	at Факторный анализ сверка дашбордов.Test(Факторный анализ сверка дашбордов:442)
	at Факторный анализ сверка дашбордов.run(Факторный анализ сверка дашбордов:44)
	at com.kms.katalon.core.main.ScriptEngine.run(ScriptEngine.java:194)
	at com.kms.katalon.core.main.ScriptEngine.runScriptAsRawText(ScriptEngine.java:119)
	at com.kms.katalon.core.main.TestCaseExecutor.runScript(TestCaseExecutor.java:448)
	at com.kms.katalon.core.main.TestCaseExecutor.doExecute(TestCaseExecutor.java:439)
	at com.kms.katalon.core.main.TestCaseExecutor.processExecutionPhase(TestCaseExecutor.java:418)
	at com.kms.katalon.core.main.TestCaseExecutor.accessMainPhase(TestCaseExecutor.java:410)
	at com.kms.katalon.core.main.TestCaseExecutor.execute(TestCaseExecutor.java:285)
	at com.kms.katalon.core.common.CommonExecutor.accessTestCaseMainPhase(CommonExecutor.java:65)
	at com.kms.katalon.core.main.TestSuiteExecutor.accessTestSuiteMainPhase(TestSuiteExecutor.java:150)
	at com.kms.katalon.core.main.TestSuiteExecutor.execute(TestSuiteExecutor.java:106)
	at com.kms.katalon.core.main.TestCaseMain.startTestSuite(TestCaseMain.java:180)
	at TempTestSuite1732866793142.run(TempTestSuite1732866793142.groovy:35)
	at java.base/jdk.internal.reflect.NativeMethodAccessorImpl.invoke0(Native Method)
	at java.base/jdk.internal.reflect.NativeMethodAccessorImpl.invoke(NativeMethodAccessorImpl.java:77)
	at java.base/jdk.internal.reflect.DelegatingMethodAccessorImpl.invoke(DelegatingMethodAccessorImpl.java:43)
)

29-11-2024T11:46:46 - [TEST_STEP][PASSED] - else: null

29-11-2024T11:46:46 - [TEST_STEP][PASSED] - if (run == 1): null

29-11-2024T11:46:46 - [TEST_STEP][PASSED] - otobrajeniyeDannyh = "Филиал": null

29-11-2024T11:46:46 - [TEST_STEP][PASSED] - Script1719551244403.WriteToExcel(todaysDate, typeOfData, otobrajeniyeDannyh, x, y, vidget, DZO): null

29-11-2024T11:46:46 - [TEST_STEP][PASSED] - sheetName = "Sheet1": null

29-11-2024T11:46:46 - [TEST_STEP][PASSED] - data = findTestData("PlanFact"): null

29-11-2024T11:46:46 - [TEST_STEP][PASSED] - n = data.getRowNumbers() + 1: null

29-11-2024T11:46:46 - [TEST_STEP][PASSED] - period = getText(findTestObject("Факторный анализ/Фильтр Период")): Text of object 'Object Repository/Факторный анализ/Фильтр Период' is: 'Октябрь и 1, 2, 3 кв. 2024 года'

29-11-2024T11:46:46 - [MESSAGE][PASSED] - Text of object 'Object Repository/Факторный анализ/Фильтр Период' is: 'Октябрь и 1, 2, 3 кв. 2024 года'

29-11-2024T11:46:46 - [TEST_STEP][PASSED] - println(period): null

29-11-2024T11:46:46 - [TEST_STEP][PASSED] - dashboardName = "Факторный анализ": null

29-11-2024T11:46:46 - [TEST_STEP][PASSED] - workbook01 = getWorkbook(excelFilePath): null

29-11-2024T11:46:46 - [TEST_STEP][PASSED] - sheet01 = getExcelSheet(workbook01, sheetName): null

29-11-2024T11:46:46 - [TEST_STEP][PASSED] - setValueToCellByIndex(sheet01, n, 0, dashboardName): null

29-11-2024T11:46:46 - [TEST_STEP][PASSED] - setValueToCellByIndex(sheet01, n, 1, DZO): null

29-11-2024T11:46:46 - [TEST_STEP][PASSED] - setValueToCellByIndex(sheet01, n, 2, vidget): null

29-11-2024T11:46:46 - [TEST_STEP][PASSED] - setValueToCellByIndex(sheet01, n, 3, typeOfData): null

29-11-2024T11:46:46 - [TEST_STEP][PASSED] - setValueToCellByIndex(sheet01, n, 4, otobrajeniyeDannyh): null

29-11-2024T11:46:46 - [TEST_STEP][PASSED] - setValueToCellByIndex(sheet01, n, 5, period): null

29-11-2024T11:46:46 - [TEST_STEP][PASSED] - setValueToCellByIndex(sheet01, n, 6, todaysDate): null

29-11-2024T11:46:46 - [TEST_STEP][PASSED] - n = n + 1: null

29-11-2024T11:46:46 - [TEST_STEP][PASSED] - saveWorkbook(excelFilePath, workbook01): null

29-11-2024T11:46:47 - [TEST_STEP][PASSED] - tableB = getText(findTestObject("Факторный анализ/AllTable1 Выручка")).replaceAll("[\r?
|
]", "/"): Text of object 'Object Repository/Факторный анализ/AllTable1 Выручка' is: 'ДЗО
Филиал
Отклонение (объём услуг) филиал без Nan
Отклонение (средний тариф) филиал без Nan
АО «Тываэнерго» АО "Тываэнерго" 118 -44
АО «Чеченэнерго» АО «Чеченэнерго» 75 26
Россети Волга Мордовэнерго 200 -87
Оренбургэнерго 703 - 140
Пензаэнерго 299 -65
Самарские РС 378 -1 123
Саратовские РС 438 - 495
Ульяновские РС 261 - 209
Чувашэнерго - 140 137
Россети Кубань Кубаньэнерго 3 542 411
Россети Ленэнерго (ГК) Ленинградская область 1 283 831
г. Санкт-Петербург 2 452 - 104
Россети Московский регион Московская область 4 745 - 627
г. Москва 3 358 23
Россети Северный Кавказ (ГК) Дагестанская энергосбытовая компания 0 0
Дагэнерго - 543 537
Ингушэнерго - 177 122
Каббалкэнерго 254 50
Карачаево-Черкесскэнерго 131 0
Севкавказэнерго - 356 144
Ставропольэнерго 257 - 200
Россети Северо-Запад Архангельский филиал 80 -86
Вологодский филиал 264 2
Карельский филиал -67 185
Мурманский филиал 111 57
Новгородский филиал 216 -48
Псковский филиал 161 -20
филиал в Республике Коми -16 41
Россети Сибирь (ГК) Алтайэнерго - 545 222
Бурятэнерго - 831 242
ГАЭС -4 -24
Красноярскэнерго - 438 - 493
Кузбассэнерго-РЭС - 611 153
Омскэнерго - 586 - 165
Хакасэнерго 34 - 383
Читаэнерго - 799 101
Россети Томск Томская распределительная компания 373 - 135
Россети Тюмень Россети Тюмень -4 542 - 565
Россети Урал (ГК) Пермэнерго 631 - 215
Свердловэнерго 891 277
Челябэнерго 1 051 - 680
Россети ФСК ЕЭС Итого по ФСК ЕЭС -18 111 -6 233
Россети Центр Белгородэнерго 321 125
Брянскэнерго 72 19
Воронежэнерго 633 138
Костромаэнерго 102 -4
Курскэнерго 45 92
Липецкэнерго 805 - 346
Орелэнерго 160 -31
Смоленскэнерго 54 42
Тамбовэнерго 298 -2
Тверьэнерго - 740 57
Ярэнерго 584 12
Россети Центр и Приволжье (ГК) Владимирэнерго 562 52
Ивэнерго 195 55
Калугаэнерго 625 -50
Кировэнерго 464 20
Мариэнерго 173 23
Нижновэнерго 751 319
Рязаньэнерго 246 50
Тулэнерго 791 - 235
Удмуртэнерго 362 13
Россети Юг (ГК) АО «ВМЭС» 146 51
Астраханьэнерго 77 100
Волгоградэнерго 422 - 352
Калмэнерго 37 -3
Ростовэнерго 813 66
Россети Янтарь Россети Янтарь 360 -42'

29-11-2024T11:46:47 - [MESSAGE][PASSED] - Text of object 'Object Repository/Факторный анализ/AllTable1 Выручка' is: 'ДЗО
Филиал
Отклонение (объём услуг) филиал без Nan
Отклонение (средний тариф) филиал без Nan
АО «Тываэнерго» АО "Тываэнерго" 118 -44
АО «Чеченэнерго» АО «Чеченэнерго» 75 26
Россети Волга Мордовэнерго 200 -87
Оренбургэнерго 703 - 140
Пензаэнерго 299 -65
Самарские РС 378 -1 123
Саратовские РС 438 - 495
Ульяновские РС 261 - 209
Чувашэнерго - 140 137
Россети Кубань Кубаньэнерго 3 542 411
Россети Ленэнерго (ГК) Ленинградская область 1 283 831
г. Санкт-Петербург 2 452 - 104
Россети Московский регион Московская область 4 745 - 627
г. Москва 3 358 23
Россети Северный Кавказ (ГК) Дагестанская энергосбытовая компания 0 0
Дагэнерго - 543 537
Ингушэнерго - 177 122
Каббалкэнерго 254 50
Карачаево-Черкесскэнерго 131 0
Севкавказэнерго - 356 144
Ставропольэнерго 257 - 200
Россети Северо-Запад Архангельский филиал 80 -86
Вологодский филиал 264 2
Карельский филиал -67 185
Мурманский филиал 111 57
Новгородский филиал 216 -48
Псковский филиал 161 -20
филиал в Республике Коми -16 41
Россети Сибирь (ГК) Алтайэнерго - 545 222
Бурятэнерго - 831 242
ГАЭС -4 -24
Красноярскэнерго - 438 - 493
Кузбассэнерго-РЭС - 611 153
Омскэнерго - 586 - 165
Хакасэнерго 34 - 383
Читаэнерго - 799 101
Россети Томск Томская распределительная компания 373 - 135
Россети Тюмень Россети Тюмень -4 542 - 565
Россети Урал (ГК) Пермэнерго 631 - 215
Свердловэнерго 891 277
Челябэнерго 1 051 - 680
Россети ФСК ЕЭС Итого по ФСК ЕЭС -18 111 -6 233
Россети Центр Белгородэнерго 321 125
Брянскэнерго 72 19
Воронежэнерго 633 138
Костромаэнерго 102 -4
Курскэнерго 45 92
Липецкэнерго 805 - 346
Орелэнерго 160 -31
Смоленскэнерго 54 42
Тамбовэнерго 298 -2
Тверьэнерго - 740 57
Ярэнерго 584 12
Россети Центр и Приволжье (ГК) Владимирэнерго 562 52
Ивэнерго 195 55
Калугаэнерго 625 -50
Кировэнерго 464 20
Мариэнерго 173 23
Нижновэнерго 751 319
Рязаньэнерго 246 50
Тулэнерго 791 - 235
Удмуртэнерго 362 13
Россети Юг (ГК) АО «ВМЭС» 146 51
Астраханьэнерго 77 100
Волгоградэнерго 422 - 352
Калмэнерго 37 -3
Ростовэнерго 813 66
Россети Янтарь Россети Янтарь 360 -42'

29-11-2024T11:46:47 - [TEST_STEP][PASSED] - println("tableB: " + tableB): null

29-11-2024T11:46:47 - [TEST_STEP][PASSED] - for ([i = 1, i < 5, (i++)]): null

29-11-2024T11:46:47 - [TEST_STEP][PASSED] - ii = tableB.indexOf("/") + 1: null

29-11-2024T11:46:47 - [TEST_STEP][PASSED] - tableB = tableB.substring(ii, tableB.length()): null

29-11-2024T11:46:47 - [TEST_STEP][PASSED] - ii = tableB.indexOf("/") + 1: null

29-11-2024T11:46:47 - [TEST_STEP][PASSED] - tableB = tableB.substring(ii, tableB.length()): null

29-11-2024T11:46:47 - [TEST_STEP][PASSED] - ii = tableB.indexOf("/") + 1: null

29-11-2024T11:46:47 - [TEST_STEP][PASSED] - tableB = tableB.substring(ii, tableB.length()): null

29-11-2024T11:46:47 - [TEST_STEP][PASSED] - ii = tableB.indexOf("/") + 1: null

29-11-2024T11:46:47 - [TEST_STEP][PASSED] - tableB = tableB.substring(ii, tableB.length()): null

29-11-2024T11:46:47 - [TEST_STEP][PASSED] - println("tableB: " + tableB): null

29-11-2024T11:46:47 - [TEST_STEP][PASSED] - TyB = Script1719551244403.GetData(x = tableB): null

29-11-2024T11:46:47 - [TEST_STEP][PASSED] - i2 = <not implemented yet for class: org.codehaus.groovy.ast.expr.EmptyExpression>: null

29-11-2024T11:46:47 - [TEST_STEP][PASSED] - i2 = x.indexOf("/") + 1: null

29-11-2024T11:46:47 - [TEST_STEP][PASSED] - x = replaceAll("\p{P}", "").trim(): null

29-11-2024T11:46:47 - [TEST_STEP][PASSED] - return x: null

29-11-2024T11:46:47 - [TEST_STEP][PASSED] - println("TyB: " + TyB): null

29-11-2024T11:46:47 - [TEST_STEP][PASSED] - tableB = Script1719551244403.NewDZO(x = tableB): null

29-11-2024T11:46:47 - [TEST_STEP][PASSED] - i3 = <not implemented yet for class: org.codehaus.groovy.ast.expr.EmptyExpression>: null

29-11-2024T11:46:47 - [TEST_STEP][PASSED] - i3 = x.indexOf("/") + 1: null

29-11-2024T11:46:47 - [TEST_STEP][PASSED] - x = x.substring(i3, x.length()): null

29-11-2024T11:46:47 - [TEST_STEP][PASSED] - return x: null

29-11-2024T11:46:47 - [TEST_STEP][PASSED] - ChB = Script1719551244403.GetData(x = tableB): null

29-11-2024T11:46:47 - [TEST_STEP][PASSED] - i2 = <not implemented yet for class: org.codehaus.groovy.ast.expr.EmptyExpression>: null

29-11-2024T11:46:47 - [TEST_STEP][PASSED] - i2 = x.indexOf("/") + 1: null

29-11-2024T11:46:47 - [TEST_STEP][PASSED] - x = replaceAll("\p{P}", "").trim(): null

29-11-2024T11:46:47 - [TEST_STEP][PASSED] - return x: null

29-11-2024T11:46:47 - [TEST_STEP][PASSED] - println("ChB: " + ChB): null

29-11-2024T11:46:47 - [TEST_STEP][PASSED] - tableB = Script1719551244403.NewDZO(x = tableB): null

29-11-2024T11:46:47 - [TEST_STEP][PASSED] - i3 = <not implemented yet for class: org.codehaus.groovy.ast.expr.EmptyExpression>: null

29-11-2024T11:46:47 - [TEST_STEP][PASSED] - i3 = x.indexOf("/") + 1: null

29-11-2024T11:46:47 - [TEST_STEP][PASSED] - x = x.substring(i3, x.length()): null

29-11-2024T11:46:47 - [TEST_STEP][PASSED] - return x: null

29-11-2024T11:46:47 - [TEST_STEP][PASSED] - i = tableB.indexOf("Кубань"): null

29-11-2024T11:46:47 - [TEST_STEP][PASSED] - VB = replaceAll("\p{P}", "").trim(): null

29-11-2024T11:46:47 - [TEST_STEP][PASSED] - println("VB: " + VB): null

29-11-2024T11:46:47 - [TEST_STEP][PASSED] - for ([i = 1, i < 8, (i++)]): null

29-11-2024T11:46:47 - [TEST_STEP][PASSED] - tableB = Script1719551244403.NewDZO(x = tableB): null

29-11-2024T11:46:47 - [TEST_STEP][PASSED] - i3 = <not implemented yet for class: org.codehaus.groovy.ast.expr.EmptyExpression>: null

29-11-2024T11:46:47 - [TEST_STEP][PASSED] - i3 = x.indexOf("/") + 1: null

29-11-2024T11:46:47 - [TEST_STEP][PASSED] - x = x.substring(i3, x.length()): null

29-11-2024T11:46:47 - [TEST_STEP][PASSED] - return x: null

29-11-2024T11:46:47 - [TEST_STEP][PASSED] - tableB = Script1719551244403.NewDZO(x = tableB): null

29-11-2024T11:46:47 - [TEST_STEP][PASSED] - i3 = <not implemented yet for class: org.codehaus.groovy.ast.expr.EmptyExpression>: null

29-11-2024T11:46:47 - [TEST_STEP][PASSED] - i3 = x.indexOf("/") + 1: null

29-11-2024T11:46:47 - [TEST_STEP][PASSED] - x = x.substring(i3, x.length()): null

29-11-2024T11:46:47 - [TEST_STEP][PASSED] - return x: null

29-11-2024T11:46:47 - [TEST_STEP][PASSED] - tableB = Script1719551244403.NewDZO(x = tableB): null

29-11-2024T11:46:47 - [TEST_STEP][PASSED] - i3 = <not implemented yet for class: org.codehaus.groovy.ast.expr.EmptyExpression>: null

29-11-2024T11:46:47 - [TEST_STEP][PASSED] - i3 = x.indexOf("/") + 1: null

29-11-2024T11:46:47 - [TEST_STEP][PASSED] - x = x.substring(i3, x.length()): null

29-11-2024T11:46:47 - [TEST_STEP][PASSED] - return x: null

29-11-2024T11:46:47 - [TEST_STEP][PASSED] - tableB = Script1719551244403.NewDZO(x = tableB): null

29-11-2024T11:46:47 - [TEST_STEP][PASSED] - i3 = <not implemented yet for class: org.codehaus.groovy.ast.expr.EmptyExpression>: null

29-11-2024T11:46:47 - [TEST_STEP][PASSED] - i3 = x.indexOf("/") + 1: null

29-11-2024T11:46:47 - [TEST_STEP][PASSED] - x = x.substring(i3, x.length()): null

29-11-2024T11:46:47 - [TEST_STEP][PASSED] - return x: null

29-11-2024T11:46:47 - [TEST_STEP][PASSED] - tableB = Script1719551244403.NewDZO(x = tableB): null

29-11-2024T11:46:47 - [TEST_STEP][PASSED] - i3 = <not implemented yet for class: org.codehaus.groovy.ast.expr.EmptyExpression>: null

29-11-2024T11:46:47 - [TEST_STEP][PASSED] - i3 = x.indexOf("/") + 1: null

29-11-2024T11:46:47 - [TEST_STEP][PASSED] - x = x.substring(i3, x.length()): null

29-11-2024T11:46:47 - [TEST_STEP][PASSED] - return x: null

29-11-2024T11:46:47 - [TEST_STEP][PASSED] - tableB = Script1719551244403.NewDZO(x = tableB): null

29-11-2024T11:46:47 - [TEST_STEP][PASSED] - i3 = <not implemented yet for class: org.codehaus.groovy.ast.expr.EmptyExpression>: null

29-11-2024T11:46:47 - [TEST_STEP][PASSED] - i3 = x.indexOf("/") + 1: null

29-11-2024T11:46:47 - [TEST_STEP][PASSED] - x = x.substring(i3, x.length()): null

29-11-2024T11:46:47 - [TEST_STEP][PASSED] - return x: null

29-11-2024T11:46:47 - [TEST_STEP][PASSED] - tableB = Script1719551244403.NewDZO(x = tableB): null

29-11-2024T11:46:47 - [TEST_STEP][PASSED] - i3 = <not implemented yet for class: org.codehaus.groovy.ast.expr.EmptyExpression>: null

29-11-2024T11:46:47 - [TEST_STEP][PASSED] - i3 = x.indexOf("/") + 1: null

29-11-2024T11:46:47 - [TEST_STEP][PASSED] - x = x.substring(i3, x.length()): null

29-11-2024T11:46:47 - [TEST_STEP][PASSED] - return x: null

29-11-2024T11:46:47 - [TEST_STEP][PASSED] - i = tableB.indexOf("Ленэнерго"): null

29-11-2024T11:46:47 - [TEST_STEP][PASSED] - KuB = Script1719551244403.GetData(x = tableB): null

29-11-2024T11:46:47 - [TEST_STEP][PASSED] - i2 = <not implemented yet for class: org.codehaus.groovy.ast.expr.EmptyExpression>: null

29-11-2024T11:46:47 - [TEST_STEP][PASSED] - i2 = x.indexOf("/") + 1: null

29-11-2024T11:46:47 - [TEST_STEP][PASSED] - x = replaceAll("\p{P}", "").trim(): null

29-11-2024T11:46:47 - [TEST_STEP][PASSED] - return x: null

29-11-2024T11:46:47 - [TEST_STEP][PASSED] - println("KuB: " + KuB): null

29-11-2024T11:46:47 - [TEST_STEP][PASSED] - tableB = Script1719551244403.NewDZO(x = tableB): null

29-11-2024T11:46:47 - [TEST_STEP][PASSED] - i3 = <not implemented yet for class: org.codehaus.groovy.ast.expr.EmptyExpression>: null

29-11-2024T11:46:47 - [TEST_STEP][PASSED] - i3 = x.indexOf("/") + 1: null

29-11-2024T11:46:47 - [TEST_STEP][PASSED] - x = x.substring(i3, x.length()): null

29-11-2024T11:46:47 - [TEST_STEP][PASSED] - return x: null

29-11-2024T11:46:47 - [TEST_STEP][PASSED] - i = tableB.indexOf("Московский"): null

29-11-2024T11:46:47 - [TEST_STEP][PASSED] - LenB = replaceAll("\p{P}", "").trim(): null

29-11-2024T11:46:47 - [TEST_STEP][PASSED] - println("LenB: " + LenB): null

29-11-2024T11:46:47 - [TEST_STEP][PASSED] - tableB = Script1719551244403.NewDZO(x = tableB): null

29-11-2024T11:46:47 - [TEST_STEP][PASSED] - i3 = <not implemented yet for class: org.codehaus.groovy.ast.expr.EmptyExpression>: null

29-11-2024T11:46:47 - [TEST_STEP][PASSED] - i3 = x.indexOf("/") + 1: null

29-11-2024T11:46:47 - [TEST_STEP][PASSED] - x = x.substring(i3, x.length()): null

29-11-2024T11:46:47 - [TEST_STEP][PASSED] - return x: null

29-11-2024T11:46:47 - [TEST_STEP][PASSED] - tableB = Script1719551244403.NewDZO(x = tableB): null

29-11-2024T11:46:47 - [TEST_STEP][PASSED] - i3 = <not implemented yet for class: org.codehaus.groovy.ast.expr.EmptyExpression>: null

29-11-2024T11:46:47 - [TEST_STEP][PASSED] - i3 = x.indexOf("/") + 1: null

29-11-2024T11:46:47 - [TEST_STEP][PASSED] - x = x.substring(i3, x.length()): null

29-11-2024T11:46:47 - [TEST_STEP][PASSED] - return x: null

29-11-2024T11:46:47 - [TEST_STEP][PASSED] - i = tableB.indexOf("Кавказ"): null

29-11-2024T11:46:47 - [TEST_STEP][PASSED] - MosB = replaceAll("\p{P}", "").trim(): null

29-11-2024T11:46:47 - [TEST_STEP][PASSED] - println("MosB: " + MosB): null

29-11-2024T11:46:47 - [TEST_STEP][PASSED] - for ([i = 1, i < 3, (i++)]): null

29-11-2024T11:46:47 - [TEST_STEP][PASSED] - tableB = Script1719551244403.NewDZO(x = tableB): null

29-11-2024T11:46:47 - [TEST_STEP][PASSED] - i3 = <not implemented yet for class: org.codehaus.groovy.ast.expr.EmptyExpression>: null

29-11-2024T11:46:47 - [TEST_STEP][PASSED] - i3 = x.indexOf("/") + 1: null

29-11-2024T11:46:47 - [TEST_STEP][PASSED] - x = x.substring(i3, x.length()): null

29-11-2024T11:46:47 - [TEST_STEP][PASSED] - return x: null

29-11-2024T11:46:47 - [TEST_STEP][PASSED] - tableB = Script1719551244403.NewDZO(x = tableB): null

29-11-2024T11:46:47 - [TEST_STEP][PASSED] - i3 = <not implemented yet for class: org.codehaus.groovy.ast.expr.EmptyExpression>: null

29-11-2024T11:46:47 - [TEST_STEP][PASSED] - i3 = x.indexOf("/") + 1: null

29-11-2024T11:46:47 - [TEST_STEP][PASSED] - x = x.substring(i3, x.length()): null

29-11-2024T11:46:47 - [TEST_STEP][PASSED] - return x: null

29-11-2024T11:46:47 - [TEST_STEP][PASSED] - i = tableB.indexOf("Запад"): null

29-11-2024T11:46:47 - [TEST_STEP][PASSED] - SKB = replaceAll("\p{P}", "").trim(): null

29-11-2024T11:46:47 - [TEST_STEP][PASSED] - println("SKB: " + SKB): null

29-11-2024T11:46:47 - [TEST_STEP][PASSED] - for ([i = 1, i < 7, (i++)]): null

29-11-2024T11:46:47 - [TEST_STEP][PASSED] - tableB = Script1719551244403.NewDZO(x = tableB): null

29-11-2024T11:46:47 - [TEST_STEP][PASSED] - i3 = <not implemented yet for class: org.codehaus.groovy.ast.expr.EmptyExpression>: null

29-11-2024T11:46:47 - [TEST_STEP][PASSED] - i3 = x.indexOf("/") + 1: null

29-11-2024T11:46:47 - [TEST_STEP][PASSED] - x = x.substring(i3, x.length()): null

29-11-2024T11:46:47 - [TEST_STEP][PASSED] - return x: null

29-11-2024T11:46:47 - [TEST_STEP][PASSED] - tableB = Script1719551244403.NewDZO(x = tableB): null

29-11-2024T11:46:47 - [TEST_STEP][PASSED] - i3 = <not implemented yet for class: org.codehaus.groovy.ast.expr.EmptyExpression>: null

29-11-2024T11:46:47 - [TEST_STEP][PASSED] - i3 = x.indexOf("/") + 1: null

29-11-2024T11:46:47 - [TEST_STEP][PASSED] - x = x.substring(i3, x.length()): null

29-11-2024T11:46:47 - [TEST_STEP][PASSED] - return x: null

29-11-2024T11:46:47 - [TEST_STEP][PASSED] - tableB = Script1719551244403.NewDZO(x = tableB): null

29-11-2024T11:46:47 - [TEST_STEP][PASSED] - i3 = <not implemented yet for class: org.codehaus.groovy.ast.expr.EmptyExpression>: null

29-11-2024T11:46:47 - [TEST_STEP][PASSED] - i3 = x.indexOf("/") + 1: null

29-11-2024T11:46:47 - [TEST_STEP][PASSED] - x = x.substring(i3, x.length()): null

29-11-2024T11:46:47 - [TEST_STEP][PASSED] - return x: null

29-11-2024T11:46:47 - [TEST_STEP][PASSED] - tableB = Script1719551244403.NewDZO(x = tableB): null

29-11-2024T11:46:47 - [TEST_STEP][PASSED] - i3 = <not implemented yet for class: org.codehaus.groovy.ast.expr.EmptyExpression>: null

29-11-2024T11:46:47 - [TEST_STEP][PASSED] - i3 = x.indexOf("/") + 1: null

29-11-2024T11:46:47 - [TEST_STEP][PASSED] - x = x.substring(i3, x.length()): null

29-11-2024T11:46:47 - [TEST_STEP][PASSED] - return x: null

29-11-2024T11:46:47 - [TEST_STEP][PASSED] - tableB = Script1719551244403.NewDZO(x = tableB): null

29-11-2024T11:46:47 - [TEST_STEP][PASSED] - i3 = <not implemented yet for class: org.codehaus.groovy.ast.expr.EmptyExpression>: null

29-11-2024T11:46:47 - [TEST_STEP][PASSED] - i3 = x.indexOf("/") + 1: null

29-11-2024T11:46:47 - [TEST_STEP][PASSED] - x = x.substring(i3, x.length()): null

29-11-2024T11:46:47 - [TEST_STEP][PASSED] - return x: null

29-11-2024T11:46:47 - [TEST_STEP][PASSED] - tableB = Script1719551244403.NewDZO(x = tableB): null

29-11-2024T11:46:47 - [TEST_STEP][PASSED] - i3 = <not implemented yet for class: org.codehaus.groovy.ast.expr.EmptyExpression>: null

29-11-2024T11:46:47 - [TEST_STEP][PASSED] - i3 = x.indexOf("/") + 1: null

29-11-2024T11:46:47 - [TEST_STEP][PASSED] - x = x.substring(i3, x.length()): null

29-11-2024T11:46:47 - [TEST_STEP][PASSED] - return x: null

29-11-2024T11:46:47 - [TEST_STEP][PASSED] - i = tableB.indexOf("Сибирь"): null

29-11-2024T11:46:47 - [TEST_STEP][PASSED] - SZB = replaceAll("\p{P}", "").trim(): null

29-11-2024T11:46:47 - [TEST_STEP][PASSED] - println("SZB: " + SZB): null

29-11-2024T11:46:47 - [TEST_STEP][PASSED] - for ([i = 1, i < 8, (i++)]): null

29-11-2024T11:46:47 - [TEST_STEP][PASSED] - tableB = Script1719551244403.NewDZO(x = tableB): null

29-11-2024T11:46:47 - [TEST_STEP][PASSED] - i3 = <not implemented yet for class: org.codehaus.groovy.ast.expr.EmptyExpression>: null

29-11-2024T11:46:47 - [TEST_STEP][PASSED] - i3 = x.indexOf("/") + 1: null

29-11-2024T11:46:47 - [TEST_STEP][PASSED] - x = x.substring(i3, x.length()): null

29-11-2024T11:46:47 - [TEST_STEP][PASSED] - return x: null

29-11-2024T11:46:47 - [TEST_STEP][PASSED] - tableB = Script1719551244403.NewDZO(x = tableB): null

29-11-2024T11:46:47 - [TEST_STEP][PASSED] - i3 = <not implemented yet for class: org.codehaus.groovy.ast.expr.EmptyExpression>: null

29-11-2024T11:46:47 - [TEST_STEP][PASSED] - i3 = x.indexOf("/") + 1: null

29-11-2024T11:46:47 - [TEST_STEP][PASSED] - x = x.substring(i3, x.length()): null

29-11-2024T11:46:47 - [TEST_STEP][PASSED] - return x: null

29-11-2024T11:46:47 - [TEST_STEP][PASSED] - tableB = Script1719551244403.NewDZO(x = tableB): null

29-11-2024T11:46:47 - [TEST_STEP][PASSED] - i3 = <not implemented yet for class: org.codehaus.groovy.ast.expr.EmptyExpression>: null

29-11-2024T11:46:47 - [TEST_STEP][PASSED] - i3 = x.indexOf("/") + 1: null

29-11-2024T11:46:47 - [TEST_STEP][PASSED] - x = x.substring(i3, x.length()): null

29-11-2024T11:46:47 - [TEST_STEP][PASSED] - return x: null

29-11-2024T11:46:47 - [TEST_STEP][PASSED] - tableB = Script1719551244403.NewDZO(x = tableB): null

29-11-2024T11:46:47 - [TEST_STEP][PASSED] - i3 = <not implemented yet for class: org.codehaus.groovy.ast.expr.EmptyExpression>: null

29-11-2024T11:46:47 - [TEST_STEP][PASSED] - i3 = x.indexOf("/") + 1: null

29-11-2024T11:46:47 - [TEST_STEP][PASSED] - x = x.substring(i3, x.length()): null

29-11-2024T11:46:47 - [TEST_STEP][PASSED] - return x: null

29-11-2024T11:46:47 - [TEST_STEP][PASSED] - tableB = Script1719551244403.NewDZO(x = tableB): null

29-11-2024T11:46:47 - [TEST_STEP][PASSED] - i3 = <not implemented yet for class: org.codehaus.groovy.ast.expr.EmptyExpression>: null

29-11-2024T11:46:47 - [TEST_STEP][PASSED] - i3 = x.indexOf("/") + 1: null

29-11-2024T11:46:47 - [TEST_STEP][PASSED] - x = x.substring(i3, x.length()): null

29-11-2024T11:46:47 - [TEST_STEP][PASSED] - return x: null

29-11-2024T11:46:47 - [TEST_STEP][PASSED] - tableB = Script1719551244403.NewDZO(x = tableB): null

29-11-2024T11:46:47 - [TEST_STEP][PASSED] - i3 = <not implemented yet for class: org.codehaus.groovy.ast.expr.EmptyExpression>: null

29-11-2024T11:46:47 - [TEST_STEP][PASSED] - i3 = x.indexOf("/") + 1: null

29-11-2024T11:46:47 - [TEST_STEP][PASSED] - x = x.substring(i3, x.length()): null

29-11-2024T11:46:47 - [TEST_STEP][PASSED] - return x: null

29-11-2024T11:46:47 - [TEST_STEP][PASSED] - tableB = Script1719551244403.NewDZO(x = tableB): null

29-11-2024T11:46:47 - [TEST_STEP][PASSED] - i3 = <not implemented yet for class: org.codehaus.groovy.ast.expr.EmptyExpression>: null

29-11-2024T11:46:47 - [TEST_STEP][PASSED] - i3 = x.indexOf("/") + 1: null

29-11-2024T11:46:47 - [TEST_STEP][PASSED] - x = x.substring(i3, x.length()): null

29-11-2024T11:46:47 - [TEST_STEP][PASSED] - return x: null

29-11-2024T11:46:47 - [TEST_STEP][PASSED] - i = tableB.indexOf("Томск"): null

29-11-2024T11:46:47 - [TEST_STEP][PASSED] - SiB = replaceAll("\p{P}", "").trim(): null

29-11-2024T11:46:47 - [TEST_STEP][PASSED] - println("SiB: " + SiB): null

29-11-2024T11:46:47 - [TEST_STEP][PASSED] - for ([i = 1, i < 9, (i++)]): null

29-11-2024T11:46:47 - [TEST_STEP][PASSED] - tableB = Script1719551244403.NewDZO(x = tableB): null

29-11-2024T11:46:47 - [TEST_STEP][PASSED] - i3 = <not implemented yet for class: org.codehaus.groovy.ast.expr.EmptyExpression>: null

29-11-2024T11:46:47 - [TEST_STEP][PASSED] - i3 = x.indexOf("/") + 1: null

29-11-2024T11:46:47 - [TEST_STEP][PASSED] - x = x.substring(i3, x.length()): null

29-11-2024T11:46:47 - [TEST_STEP][PASSED] - return x: null

29-11-2024T11:46:47 - [TEST_STEP][PASSED] - tableB = Script1719551244403.NewDZO(x = tableB): null

29-11-2024T11:46:47 - [TEST_STEP][PASSED] - i3 = <not implemented yet for class: org.codehaus.groovy.ast.expr.EmptyExpression>: null

29-11-2024T11:46:47 - [TEST_STEP][PASSED] - i3 = x.indexOf("/") + 1: null

29-11-2024T11:46:47 - [TEST_STEP][PASSED] - x = x.substring(i3, x.length()): null

29-11-2024T11:46:47 - [TEST_STEP][PASSED] - return x: null

29-11-2024T11:46:47 - [TEST_STEP][PASSED] - tableB = Script1719551244403.NewDZO(x = tableB): null

29-11-2024T11:46:47 - [TEST_STEP][PASSED] - i3 = <not implemented yet for class: org.codehaus.groovy.ast.expr.EmptyExpression>: null

29-11-2024T11:46:47 - [TEST_STEP][PASSED] - i3 = x.indexOf("/") + 1: null

29-11-2024T11:46:47 - [TEST_STEP][PASSED] - x = x.substring(i3, x.length()): null

29-11-2024T11:46:47 - [TEST_STEP][PASSED] - return x: null

29-11-2024T11:46:47 - [TEST_STEP][PASSED] - tableB = Script1719551244403.NewDZO(x = tableB): null

29-11-2024T11:46:47 - [TEST_STEP][PASSED] - i3 = <not implemented yet for class: org.codehaus.groovy.ast.expr.EmptyExpression>: null

29-11-2024T11:46:47 - [TEST_STEP][PASSED] - i3 = x.indexOf("/") + 1: null

29-11-2024T11:46:47 - [TEST_STEP][PASSED] - x = x.substring(i3, x.length()): null

29-11-2024T11:46:47 - [TEST_STEP][PASSED] - return x: null

29-11-2024T11:46:47 - [TEST_STEP][PASSED] - tableB = Script1719551244403.NewDZO(x = tableB): null

29-11-2024T11:46:47 - [TEST_STEP][PASSED] - i3 = <not implemented yet for class: org.codehaus.groovy.ast.expr.EmptyExpression>: null

29-11-2024T11:46:47 - [TEST_STEP][PASSED] - i3 = x.indexOf("/") + 1: null

29-11-2024T11:46:47 - [TEST_STEP][PASSED] - x = x.substring(i3, x.length()): null

29-11-2024T11:46:47 - [TEST_STEP][PASSED] - return x: null

29-11-2024T11:46:47 - [TEST_STEP][PASSED] - tableB = Script1719551244403.NewDZO(x = tableB): null

29-11-2024T11:46:47 - [TEST_STEP][PASSED] - i3 = <not implemented yet for class: org.codehaus.groovy.ast.expr.EmptyExpression>: null

29-11-2024T11:46:47 - [TEST_STEP][PASSED] - i3 = x.indexOf("/") + 1: null

29-11-2024T11:46:47 - [TEST_STEP][PASSED] - x = x.substring(i3, x.length()): null

29-11-2024T11:46:47 - [TEST_STEP][PASSED] - return x: null

29-11-2024T11:46:47 - [TEST_STEP][PASSED] - tableB = Script1719551244403.NewDZO(x = tableB): null

29-11-2024T11:46:47 - [TEST_STEP][PASSED] - i3 = <not implemented yet for class: org.codehaus.groovy.ast.expr.EmptyExpression>: null

29-11-2024T11:46:47 - [TEST_STEP][PASSED] - i3 = x.indexOf("/") + 1: null

29-11-2024T11:46:47 - [TEST_STEP][PASSED] - x = x.substring(i3, x.length()): null

29-11-2024T11:46:47 - [TEST_STEP][PASSED] - return x: null

29-11-2024T11:46:47 - [TEST_STEP][PASSED] - tableB = Script1719551244403.NewDZO(x = tableB): null

29-11-2024T11:46:47 - [TEST_STEP][PASSED] - i3 = <not implemented yet for class: org.codehaus.groovy.ast.expr.EmptyExpression>: null

29-11-2024T11:46:47 - [TEST_STEP][PASSED] - i3 = x.indexOf("/") + 1: null

29-11-2024T11:46:47 - [TEST_STEP][PASSED] - x = x.substring(i3, x.length()): null

29-11-2024T11:46:47 - [TEST_STEP][PASSED] - return x: null

29-11-2024T11:46:47 - [TEST_STEP][PASSED] - i = tableB.indexOf("Тюмень"): null

29-11-2024T11:46:47 - [TEST_STEP][PASSED] - ToB = replaceAll("\p{P}", "").trim(): null

29-11-2024T11:46:47 - [TEST_STEP][PASSED] - println("ToB: " + ToB): null

29-11-2024T11:46:47 - [TEST_STEP][PASSED] - tableB = Script1719551244403.NewDZO(x = tableB): null

29-11-2024T11:46:47 - [TEST_STEP][PASSED] - i3 = <not implemented yet for class: org.codehaus.groovy.ast.expr.EmptyExpression>: null

29-11-2024T11:46:47 - [TEST_STEP][PASSED] - i3 = x.indexOf("/") + 1: null

29-11-2024T11:46:47 - [TEST_STEP][PASSED] - x = x.substring(i3, x.length()): null

29-11-2024T11:46:47 - [TEST_STEP][PASSED] - return x: null

29-11-2024T11:46:47 - [TEST_STEP][PASSED] - TyuB = replaceAll("\p{P}", "").trim(): null

29-11-2024T11:46:47 - [TEST_STEP][PASSED] - println("TyuB: " + TyuB): null

29-11-2024T11:46:47 - [TEST_STEP][PASSED] - tableB = Script1719551244403.NewDZO(x = tableB): null

29-11-2024T11:46:47 - [TEST_STEP][PASSED] - i3 = <not implemented yet for class: org.codehaus.groovy.ast.expr.EmptyExpression>: null

29-11-2024T11:46:47 - [TEST_STEP][PASSED] - i3 = x.indexOf("/") + 1: null

29-11-2024T11:46:47 - [TEST_STEP][PASSED] - x = x.substring(i3, x.length()): null

29-11-2024T11:46:47 - [TEST_STEP][PASSED] - return x: null

29-11-2024T11:46:47 - [TEST_STEP][PASSED] - i = tableB.indexOf("ЕЭС"): null

29-11-2024T11:46:47 - [TEST_STEP][PASSED] - UrB = replaceAll("\p{P}", "").trim(): null

29-11-2024T11:46:47 - [TEST_STEP][PASSED] - println("UrB: " + UrB): null

29-11-2024T11:46:47 - [TEST_STEP][PASSED] - for ([i = 1, i < 4, (i++)]): null

29-11-2024T11:46:47 - [TEST_STEP][PASSED] - tableB = Script1719551244403.NewDZO(x = tableB): null

29-11-2024T11:46:47 - [TEST_STEP][PASSED] - i3 = <not implemented yet for class: org.codehaus.groovy.ast.expr.EmptyExpression>: null

29-11-2024T11:46:47 - [TEST_STEP][PASSED] - i3 = x.indexOf("/") + 1: null

29-11-2024T11:46:47 - [TEST_STEP][PASSED] - x = x.substring(i3, x.length()): null

29-11-2024T11:46:47 - [TEST_STEP][PASSED] - return x: null

29-11-2024T11:46:47 - [TEST_STEP][PASSED] - tableB = Script1719551244403.NewDZO(x = tableB): null

29-11-2024T11:46:47 - [TEST_STEP][PASSED] - i3 = <not implemented yet for class: org.codehaus.groovy.ast.expr.EmptyExpression>: null

29-11-2024T11:46:47 - [TEST_STEP][PASSED] - i3 = x.indexOf("/") + 1: null

29-11-2024T11:46:47 - [TEST_STEP][PASSED] - x = x.substring(i3, x.length()): null

29-11-2024T11:46:47 - [TEST_STEP][PASSED] - return x: null

29-11-2024T11:46:47 - [TEST_STEP][PASSED] - tableB = Script1719551244403.NewDZO(x = tableB): null

29-11-2024T11:46:47 - [TEST_STEP][PASSED] - i3 = <not implemented yet for class: org.codehaus.groovy.ast.expr.EmptyExpression>: null

29-11-2024T11:46:47 - [TEST_STEP][PASSED] - i3 = x.indexOf("/") + 1: null

29-11-2024T11:46:47 - [TEST_STEP][PASSED] - x = x.substring(i3, x.length()): null

29-11-2024T11:46:47 - [TEST_STEP][PASSED] - return x: null

29-11-2024T11:46:47 - [TEST_STEP][PASSED] - i = tableB.indexOf("Центр"): null

29-11-2024T11:46:47 - [TEST_STEP][PASSED] - FSKB = replaceAll("\p{P}", "").trim(): null

29-11-2024T11:46:47 - [TEST_STEP][PASSED] - println("FSKB: " + FSKB): null

29-11-2024T11:46:47 - [TEST_STEP][PASSED] - tableB = Script1719551244403.NewDZO(x = tableB): null

29-11-2024T11:46:47 - [TEST_STEP][PASSED] - i3 = <not implemented yet for class: org.codehaus.groovy.ast.expr.EmptyExpression>: null

29-11-2024T11:46:47 - [TEST_STEP][PASSED] - i3 = x.indexOf("/") + 1: null

29-11-2024T11:46:47 - [TEST_STEP][PASSED] - x = x.substring(i3, x.length()): null

29-11-2024T11:46:47 - [TEST_STEP][PASSED] - return x: null

29-11-2024T11:46:47 - [TEST_STEP][PASSED] - i = tableB.indexOf("Приволжье"): null

29-11-2024T11:46:47 - [TEST_STEP][PASSED] - CenB = replaceAll("\p{P}", "").trim(): null

29-11-2024T11:46:47 - [TEST_STEP][PASSED] - println("CenB: " + CenB): null

29-11-2024T11:46:47 - [TEST_STEP][PASSED] - for ([i = 1, i < 12, (i++)]): null

29-11-2024T11:46:47 - [TEST_STEP][PASSED] - tableB = Script1719551244403.NewDZO(x = tableB): null

29-11-2024T11:46:47 - [TEST_STEP][PASSED] - i3 = <not implemented yet for class: org.codehaus.groovy.ast.expr.EmptyExpression>: null

29-11-2024T11:46:47 - [TEST_STEP][PASSED] - i3 = x.indexOf("/") + 1: null

29-11-2024T11:46:47 - [TEST_STEP][PASSED] - x = x.substring(i3, x.length()): null

29-11-2024T11:46:47 - [TEST_STEP][PASSED] - return x: null

29-11-2024T11:46:47 - [TEST_STEP][PASSED] - tableB = Script1719551244403.NewDZO(x = tableB): null

29-11-2024T11:46:47 - [TEST_STEP][PASSED] - i3 = <not implemented yet for class: org.codehaus.groovy.ast.expr.EmptyExpression>: null

29-11-2024T11:46:47 - [TEST_STEP][PASSED] - i3 = x.indexOf("/") + 1: null

29-11-2024T11:46:47 - [TEST_STEP][PASSED] - x = x.substring(i3, x.length()): null

29-11-2024T11:46:47 - [TEST_STEP][PASSED] - return x: null

29-11-2024T11:46:47 - [TEST_STEP][PASSED] - tableB = Script1719551244403.NewDZO(x = tableB): null

29-11-2024T11:46:47 - [TEST_STEP][PASSED] - i3 = <not implemented yet for class: org.codehaus.groovy.ast.expr.EmptyExpression>: null

29-11-2024T11:46:47 - [TEST_STEP][PASSED] - i3 = x.indexOf("/") + 1: null

29-11-2024T11:46:47 - [TEST_STEP][PASSED] - x = x.substring(i3, x.length()): null

29-11-2024T11:46:47 - [TEST_STEP][PASSED] - return x: null

29-11-2024T11:46:47 - [TEST_STEP][PASSED] - tableB = Script1719551244403.NewDZO(x = tableB): null

29-11-2024T11:46:47 - [TEST_STEP][PASSED] - i3 = <not implemented yet for class: org.codehaus.groovy.ast.expr.EmptyExpression>: null

29-11-2024T11:46:47 - [TEST_STEP][PASSED] - i3 = x.indexOf("/") + 1: null

29-11-2024T11:46:47 - [TEST_STEP][PASSED] - x = x.substring(i3, x.length()): null

29-11-2024T11:46:47 - [TEST_STEP][PASSED] - return x: null

29-11-2024T11:46:47 - [TEST_STEP][PASSED] - tableB = Script1719551244403.NewDZO(x = tableB): null

29-11-2024T11:46:47 - [TEST_STEP][PASSED] - i3 = <not implemented yet for class: org.codehaus.groovy.ast.expr.EmptyExpression>: null

29-11-2024T11:46:47 - [TEST_STEP][PASSED] - i3 = x.indexOf("/") + 1: null

29-11-2024T11:46:47 - [TEST_STEP][PASSED] - x = x.substring(i3, x.length()): null

29-11-2024T11:46:47 - [TEST_STEP][PASSED] - return x: null

29-11-2024T11:46:47 - [TEST_STEP][PASSED] - tableB = Script1719551244403.NewDZO(x = tableB): null

29-11-2024T11:46:47 - [TEST_STEP][PASSED] - i3 = <not implemented yet for class: org.codehaus.groovy.ast.expr.EmptyExpression>: null

29-11-2024T11:46:47 - [TEST_STEP][PASSED] - i3 = x.indexOf("/") + 1: null

29-11-2024T11:46:47 - [TEST_STEP][PASSED] - x = x.substring(i3, x.length()): null

29-11-2024T11:46:47 - [TEST_STEP][PASSED] - return x: null

29-11-2024T11:46:47 - [TEST_STEP][PASSED] - tableB = Script1719551244403.NewDZO(x = tableB): null

29-11-2024T11:46:47 - [TEST_STEP][PASSED] - i3 = <not implemented yet for class: org.codehaus.groovy.ast.expr.EmptyExpression>: null

29-11-2024T11:46:47 - [TEST_STEP][PASSED] - i3 = x.indexOf("/") + 1: null

29-11-2024T11:46:47 - [TEST_STEP][PASSED] - x = x.substring(i3, x.length()): null

29-11-2024T11:46:47 - [TEST_STEP][PASSED] - return x: null

29-11-2024T11:46:47 - [TEST_STEP][PASSED] - tableB = Script1719551244403.NewDZO(x = tableB): null

29-11-2024T11:46:47 - [TEST_STEP][PASSED] - i3 = <not implemented yet for class: org.codehaus.groovy.ast.expr.EmptyExpression>: null

29-11-2024T11:46:47 - [TEST_STEP][PASSED] - i3 = x.indexOf("/") + 1: null

29-11-2024T11:46:47 - [TEST_STEP][PASSED] - x = x.substring(i3, x.length()): null

29-11-2024T11:46:47 - [TEST_STEP][PASSED] - return x: null

29-11-2024T11:46:47 - [TEST_STEP][PASSED] - tableB = Script1719551244403.NewDZO(x = tableB): null

29-11-2024T11:46:47 - [TEST_STEP][PASSED] - i3 = <not implemented yet for class: org.codehaus.groovy.ast.expr.EmptyExpression>: null

29-11-2024T11:46:47 - [TEST_STEP][PASSED] - i3 = x.indexOf("/") + 1: null

29-11-2024T11:46:47 - [TEST_STEP][PASSED] - x = x.substring(i3, x.length()): null

29-11-2024T11:46:47 - [TEST_STEP][PASSED] - return x: null

29-11-2024T11:46:47 - [TEST_STEP][PASSED] - tableB = Script1719551244403.NewDZO(x = tableB): null

29-11-2024T11:46:47 - [TEST_STEP][PASSED] - i3 = <not implemented yet for class: org.codehaus.groovy.ast.expr.EmptyExpression>: null

29-11-2024T11:46:47 - [TEST_STEP][PASSED] - i3 = x.indexOf("/") + 1: null

29-11-2024T11:46:47 - [TEST_STEP][PASSED] - x = x.substring(i3, x.length()): null

29-11-2024T11:46:47 - [TEST_STEP][PASSED] - return x: null

29-11-2024T11:46:47 - [TEST_STEP][PASSED] - tableB = Script1719551244403.NewDZO(x = tableB): null

29-11-2024T11:46:47 - [TEST_STEP][PASSED] - i3 = <not implemented yet for class: org.codehaus.groovy.ast.expr.EmptyExpression>: null

29-11-2024T11:46:47 - [TEST_STEP][PASSED] - i3 = x.indexOf("/") + 1: null

29-11-2024T11:46:47 - [TEST_STEP][PASSED] - x = x.substring(i3, x.length()): null

29-11-2024T11:46:47 - [TEST_STEP][PASSED] - return x: null

29-11-2024T11:46:47 - [TEST_STEP][PASSED] - i = tableB.indexOf("Юг"): null

29-11-2024T11:46:47 - [TEST_STEP][PASSED] - CiPB = replaceAll("\p{P}", "").trim(): null

29-11-2024T11:46:47 - [TEST_STEP][PASSED] - println("CiPB: " + CiPB): null

29-11-2024T11:46:47 - [TEST_STEP][PASSED] - for ([i = 1, i < 10, (i++)]): null

29-11-2024T11:46:47 - [TEST_STEP][PASSED] - tableB = Script1719551244403.NewDZO(x = tableB): null

29-11-2024T11:46:47 - [TEST_STEP][PASSED] - i3 = <not implemented yet for class: org.codehaus.groovy.ast.expr.EmptyExpression>: null

29-11-2024T11:46:47 - [TEST_STEP][PASSED] - i3 = x.indexOf("/") + 1: null

29-11-2024T11:46:47 - [TEST_STEP][PASSED] - x = x.substring(i3, x.length()): null

29-11-2024T11:46:47 - [TEST_STEP][PASSED] - return x: null

29-11-2024T11:46:47 - [TEST_STEP][PASSED] - tableB = Script1719551244403.NewDZO(x = tableB): null

29-11-2024T11:46:47 - [TEST_STEP][PASSED] - i3 = <not implemented yet for class: org.codehaus.groovy.ast.expr.EmptyExpression>: null

29-11-2024T11:46:47 - [TEST_STEP][PASSED] - i3 = x.indexOf("/") + 1: null

29-11-2024T11:46:47 - [TEST_STEP][PASSED] - x = x.substring(i3, x.length()): null

29-11-2024T11:46:47 - [TEST_STEP][PASSED] - return x: null

29-11-2024T11:46:47 - [TEST_STEP][PASSED] - tableB = Script1719551244403.NewDZO(x = tableB): null

29-11-2024T11:46:47 - [TEST_STEP][PASSED] - i3 = <not implemented yet for class: org.codehaus.groovy.ast.expr.EmptyExpression>: null

29-11-2024T11:46:47 - [TEST_STEP][PASSED] - i3 = x.indexOf("/") + 1: null

29-11-2024T11:46:47 - [TEST_STEP][PASSED] - x = x.substring(i3, x.length()): null

29-11-2024T11:46:47 - [TEST_STEP][PASSED] - return x: null

29-11-2024T11:46:47 - [TEST_STEP][PASSED] - tableB = Script1719551244403.NewDZO(x = tableB): null

29-11-2024T11:46:47 - [TEST_STEP][PASSED] - i3 = <not implemented yet for class: org.codehaus.groovy.ast.expr.EmptyExpression>: null

29-11-2024T11:46:47 - [TEST_STEP][PASSED] - i3 = x.indexOf("/") + 1: null

29-11-2024T11:46:47 - [TEST_STEP][PASSED] - x = x.substring(i3, x.length()): null

29-11-2024T11:46:47 - [TEST_STEP][PASSED] - return x: null

29-11-2024T11:46:47 - [TEST_STEP][PASSED] - tableB = Script1719551244403.NewDZO(x = tableB): null

29-11-2024T11:46:47 - [TEST_STEP][PASSED] - i3 = <not implemented yet for class: org.codehaus.groovy.ast.expr.EmptyExpression>: null

29-11-2024T11:46:47 - [TEST_STEP][PASSED] - i3 = x.indexOf("/") + 1: null

29-11-2024T11:46:47 - [TEST_STEP][PASSED] - x = x.substring(i3, x.length()): null

29-11-2024T11:46:47 - [TEST_STEP][PASSED] - return x: null

29-11-2024T11:46:47 - [TEST_STEP][PASSED] - tableB = Script1719551244403.NewDZO(x = tableB): null

29-11-2024T11:46:47 - [TEST_STEP][PASSED] - i3 = <not implemented yet for class: org.codehaus.groovy.ast.expr.EmptyExpression>: null

29-11-2024T11:46:47 - [TEST_STEP][PASSED] - i3 = x.indexOf("/") + 1: null

29-11-2024T11:46:47 - [TEST_STEP][PASSED] - x = x.substring(i3, x.length()): null

29-11-2024T11:46:47 - [TEST_STEP][PASSED] - return x: null

29-11-2024T11:46:47 - [TEST_STEP][PASSED] - tableB = Script1719551244403.NewDZO(x = tableB): null

29-11-2024T11:46:47 - [TEST_STEP][PASSED] - i3 = <not implemented yet for class: org.codehaus.groovy.ast.expr.EmptyExpression>: null

29-11-2024T11:46:47 - [TEST_STEP][PASSED] - i3 = x.indexOf("/") + 1: null

29-11-2024T11:46:47 - [TEST_STEP][PASSED] - x = x.substring(i3, x.length()): null

29-11-2024T11:46:47 - [TEST_STEP][PASSED] - return x: null

29-11-2024T11:46:47 - [TEST_STEP][PASSED] - tableB = Script1719551244403.NewDZO(x = tableB): null

29-11-2024T11:46:47 - [TEST_STEP][PASSED] - i3 = <not implemented yet for class: org.codehaus.groovy.ast.expr.EmptyExpression>: null

29-11-2024T11:46:47 - [TEST_STEP][PASSED] - i3 = x.indexOf("/") + 1: null

29-11-2024T11:46:47 - [TEST_STEP][PASSED] - x = x.substring(i3, x.length()): null

29-11-2024T11:46:47 - [TEST_STEP][PASSED] - return x: null

29-11-2024T11:46:47 - [TEST_STEP][PASSED] - tableB = Script1719551244403.NewDZO(x = tableB): null

29-11-2024T11:46:47 - [TEST_STEP][PASSED] - i3 = <not implemented yet for class: org.codehaus.groovy.ast.expr.EmptyExpression>: null

29-11-2024T11:46:47 - [TEST_STEP][PASSED] - i3 = x.indexOf("/") + 1: null

29-11-2024T11:46:47 - [TEST_STEP][PASSED] - x = x.substring(i3, x.length()): null

29-11-2024T11:46:47 - [TEST_STEP][PASSED] - return x: null

29-11-2024T11:46:47 - [TEST_STEP][PASSED] - i = tableB.indexOf("Янтарь"): null

29-11-2024T11:46:47 - [TEST_STEP][PASSED] - UgB = replaceAll("\p{P}", "").trim(): null

29-11-2024T11:46:47 - [TEST_STEP][PASSED] - println("UgB: " + UgB): null

29-11-2024T11:46:47 - [TEST_STEP][PASSED] - i = tableB.lastIndexOf("/"): null

29-11-2024T11:46:47 - [TEST_STEP][PASSED] - YaB = replaceAll("\p{P}", "").trim(): null

29-11-2024T11:46:47 - [TEST_STEP][PASSED] - println("YaB: " + YaB): null

29-11-2024T11:46:47 - [TEST_STEP][PASSED] - vidget = "Отклонения выручки по факторам": null

29-11-2024T11:46:47 - [TEST_STEP][PASSED] - if (run == 2): null

29-11-2024T11:46:47 - [TEST_STEP][PASSED] - Script1719551244403.Test(run, todaysDate, typeOfData, otobrajeniyeDannyh, x, y, vidget, DZO): null

29-11-2024T11:46:47 - [TEST_STEP][PASSED] - navigateToUrl(findTestData("PlanFact").getValue(10, 3)): Navigate to 'https://bi.rosseti.digital/viewer?dashboardGuid=2301950b23be4ed89c1df75f2020051e&sheetGuid=ccd7d7486b3d4e6fa0ee9b1eaebed46c&fit=true' successfully

29-11-2024T11:46:50 - [MESSAGE][PASSED] - Navigate to 'https://bi.rosseti.digital/viewer?dashboardGuid=2301950b23be4ed89c1df75f2020051e&sheetGuid=ccd7d7486b3d4e6fa0ee9b1eaebed46c&fit=true' successfully

29-11-2024T11:46:50 - [TEST_STEP][PASSED] - Script1719551244403.Autorization(run): null

29-11-2024T11:46:50 - [TEST_STEP][PASSED] - delay(10): Delayed 10 second(s)

29-11-2024T11:47:00 - [MESSAGE][PASSED] - Delayed 10 second(s)

29-11-2024T11:47:00 - [TEST_STEP][PASSED] - if (run == 1): null

29-11-2024T11:47:00 - [TEST_STEP][PASSED] - i = <not implemented yet for class: org.codehaus.groovy.ast.expr.EmptyExpression>: null

29-11-2024T11:47:00 - [TEST_STEP][PASSED] - ii = <not implemented yet for class: org.codehaus.groovy.ast.expr.EmptyExpression>: null

29-11-2024T11:47:00 - [TEST_STEP][PASSED] - a = <not implemented yet for class: org.codehaus.groovy.ast.expr.EmptyExpression>: null

29-11-2024T11:47:00 - [TEST_STEP][PASSED] - a1 = <not implemented yet for class: org.codehaus.groovy.ast.expr.EmptyExpression>: null

29-11-2024T11:47:00 - [TEST_STEP][PASSED] - a2 = <not implemented yet for class: org.codehaus.groovy.ast.expr.EmptyExpression>: null

29-11-2024T11:47:00 - [TEST_STEP][PASSED] - click(findTestObject("Факторный анализ/Фильтр Период")): Object: 'Object Repository/Факторный анализ/Фильтр Период' is clicked on

29-11-2024T11:47:12 - [MESSAGE][PASSED] - Object: 'Object Repository/Факторный анализ/Фильтр Период' is clicked on

29-11-2024T11:47:12 - [TEST_STEP][PASSED] - click(findTestObject("Факторный анализ/Снять выделение в фильтре Дата")): Object: 'Object Repository/Факторный анализ/Снять выделение в фильтре Дата' is clicked on

29-11-2024T11:47:13 - [MESSAGE][PASSED] - Object: 'Object Repository/Факторный анализ/Снять выделение в фильтре Дата' is clicked on

29-11-2024T11:47:13 - [TEST_STEP][PASSED] - click(findTestObject("Факторный анализ/Применить в фильтре Дата")): Object: 'Object Repository/Факторный анализ/Применить в фильтре Дата' is clicked on

29-11-2024T11:47:13 - [MESSAGE][PASSED] - Object: 'Object Repository/Факторный анализ/Применить в фильтре Дата' is clicked on

29-11-2024T11:47:13 - [TEST_STEP][PASSED] - delay(10): Delayed 10 second(s)

29-11-2024T11:47:23 - [MESSAGE][PASSED] - Delayed 10 second(s)

29-11-2024T11:47:23 - [TEST_STEP][PASSED] - click(findTestObject("Факторный анализ/Фильтр Период")): Object: 'Object Repository/Факторный анализ/Фильтр Период' is clicked on

29-11-2024T11:47:23 - [MESSAGE][PASSED] - Object: 'Object Repository/Факторный анализ/Фильтр Период' is clicked on

29-11-2024T11:47:23 - [TEST_STEP][PASSED] - click(findTestObject("Факторный анализ/Снять выделение в фильтре Дата")): Object: 'Object Repository/Факторный анализ/Снять выделение в фильтре Дата' is clicked on

29-11-2024T11:47:24 - [MESSAGE][PASSED] - Object: 'Object Repository/Факторный анализ/Снять выделение в фильтре Дата' is clicked on

29-11-2024T11:47:24 - [TEST_STEP][PASSED] - scrollToElement(findTestObject("Факторный анализ/2024 список"), 30): Scroll to object 'Object Repository/Факторный анализ/2024 список' successfully

29-11-2024T11:47:24 - [MESSAGE][PASSED] - Scroll to object 'Object Repository/Факторный анализ/2024 список' successfully

29-11-2024T11:47:24 - [TEST_STEP][PASSED] - click(findTestObject("Факторный анализ/2024 список")): Object: 'Object Repository/Факторный анализ/2024 список' is clicked on

29-11-2024T11:47:25 - [MESSAGE][PASSED] - Object: 'Object Repository/Факторный анализ/2024 список' is clicked on

29-11-2024T11:47:25 - [TEST_STEP][PASSED] - scrollToElement(findTestObject("Факторный анализ/1 квартал 2024 выбрать"), 30): Scroll to object 'Object Repository/Факторный анализ/1 квартал 2024 выбрать' successfully

29-11-2024T11:47:25 - [MESSAGE][PASSED] - Scroll to object 'Object Repository/Факторный анализ/1 квартал 2024 выбрать' successfully

29-11-2024T11:47:25 - [TEST_STEP][PASSED] - click(findTestObject("Факторный анализ/1 квартал 2024 выбрать")): Object: 'Object Repository/Факторный анализ/1 квартал 2024 выбрать' is clicked on

29-11-2024T11:47:25 - [MESSAGE][PASSED] - Object: 'Object Repository/Факторный анализ/1 квартал 2024 выбрать' is clicked on

29-11-2024T11:47:25 - [TEST_STEP][PASSED] - scrollToElement(findTestObject("Факторный анализ/1 квартал 2024 выбрать"), 30): Scroll to object 'Object Repository/Факторный анализ/1 квартал 2024 выбрать' successfully

29-11-2024T11:47:26 - [MESSAGE][PASSED] - Scroll to object 'Object Repository/Факторный анализ/1 квартал 2024 выбрать' successfully

29-11-2024T11:47:26 - [TEST_STEP][PASSED] - click(findTestObject("Факторный анализ/2 квартал 2024 выбрать"), CONTINUE_ON_FAILURE): Object: 'Object Repository/Факторный анализ/2 квартал 2024 выбрать' is clicked on

29-11-2024T11:47:26 - [MESSAGE][PASSED] - Object: 'Object Repository/Факторный анализ/2 квартал 2024 выбрать' is clicked on

29-11-2024T11:47:26 - [TEST_STEP][PASSED] - click(findTestObject("Факторный анализ/3 квартал 2024 выбрать"), CONTINUE_ON_FAILURE): Object: 'Object Repository/Факторный анализ/3 квартал 2024 выбрать' is clicked on

29-11-2024T11:47:27 - [MESSAGE][PASSED] - Object: 'Object Repository/Факторный анализ/3 квартал 2024 выбрать' is clicked on

29-11-2024T11:47:27 - [TEST_STEP][PASSED] - scrollToElement(findTestObject("Факторный анализ/4 квартал 2024 список"), 30): Scroll to object 'Object Repository/Факторный анализ/4 квартал 2024 список' successfully

29-11-2024T11:47:27 - [MESSAGE][PASSED] - Scroll to object 'Object Repository/Факторный анализ/4 квартал 2024 список' successfully

29-11-2024T11:47:27 - [TEST_STEP][PASSED] - click(findTestObject("Факторный анализ/4 квартал 2024 список"), CONTINUE_ON_FAILURE): Object: 'Object Repository/Факторный анализ/4 квартал 2024 список' is clicked on

29-11-2024T11:47:28 - [MESSAGE][PASSED] - Object: 'Object Repository/Факторный анализ/4 квартал 2024 список' is clicked on

29-11-2024T11:47:28 - [TEST_STEP][PASSED] - scrollToElement(findTestObject("Факторный анализ/Октябрь 2024"), 30): Scroll to object 'Object Repository/Факторный анализ/Октябрь 2024' successfully

29-11-2024T11:47:28 - [MESSAGE][PASSED] - Scroll to object 'Object Repository/Факторный анализ/Октябрь 2024' successfully

29-11-2024T11:47:28 - [TEST_STEP][PASSED] - click(findTestObject("Факторный анализ/Октябрь 2024"), CONTINUE_ON_FAILURE): Object: 'Object Repository/Факторный анализ/Октябрь 2024' is clicked on

29-11-2024T11:47:28 - [MESSAGE][PASSED] - Object: 'Object Repository/Факторный анализ/Октябрь 2024' is clicked on

29-11-2024T11:47:28 - [TEST_STEP][PASSED] - scrollToElement(findTestObject("Факторный анализ/Заголовок дашборда"), 30): Scroll to object 'Object Repository/Факторный анализ/Заголовок дашборда' successfully

29-11-2024T11:47:29 - [MESSAGE][PASSED] - Scroll to object 'Object Repository/Факторный анализ/Заголовок дашборда' successfully

29-11-2024T11:47:29 - [TEST_STEP][PASSED] - click(findTestObject("Факторный анализ/Применить в фильтре Дата")): Object: 'Object Repository/Факторный анализ/Применить в фильтре Дата' is clicked on

29-11-2024T11:47:29 - [MESSAGE][PASSED] - Object: 'Object Repository/Факторный анализ/Применить в фильтре Дата' is clicked on

29-11-2024T11:47:29 - [TEST_STEP][PASSED] - if (run == 1): null

29-11-2024T11:47:29 - [TEST_STEP][PASSED] - else: null

29-11-2024T11:47:29 - [TEST_STEP][PASSED] - click(findTestObject("Факторный анализ/Переключить отображение с филиала на месяц")): Object: 'Object Repository/Факторный анализ/Переключить отображение с филиала на месяц' is clicked on

29-11-2024T11:47:33 - [MESSAGE][PASSED] - Object: 'Object Repository/Факторный анализ/Переключить отображение с филиала на месяц' is clicked on

29-11-2024T11:47:33 - [TEST_STEP][PASSED] - a1 = replaceAll("\s+", "").trim(): Text of object 'Object Repository/Факторный анализ/span1 Блок руководителя' is: '-441 650'

29-11-2024T11:47:33 - [MESSAGE][PASSED] - Text of object 'Object Repository/Факторный анализ/span1 Блок руководителя' is: '-441 650'

29-11-2024T11:47:33 - [TEST_STEP][PASSED] - a2 = replaceAll("\s+", "").trim(): Text of object 'Object Repository/Факторный анализ/span2 Блок руководителя' is: '29 073'

29-11-2024T11:47:34 - [MESSAGE][PASSED] - Text of object 'Object Repository/Факторный анализ/span2 Блок руководителя' is: '29 073'

29-11-2024T11:47:34 - [TEST_STEP][PASSED] - println("a1: " + a1): null

29-11-2024T11:47:34 - [TEST_STEP][PASSED] - println("a2: " + a2): null

29-11-2024T11:47:34 - [TEST_STEP][PASSED] - tableA = getText(findTestObject("Факторный анализ/AllTable1")).replaceAll("[\r?
|
]", "/"): Text of object 'Object Repository/Факторный анализ/AllTable1' is: 'ДЗО
Филиал
Отклонение (объём услуг)
Отклонение (средний тариф)
АО «Тываэнерго» АО "Тываэнерго" 118 -44
АО «Чеченэнерго» АО «Чеченэнерго» -3 688 26
Россети Волга Мордовэнерго -3 164 -87
Оренбургэнерго -12 384 - 140
Пензаэнерго -7 568 -65
Самарские РС -14 726 -1 123
Саратовские РС -14 917 - 495
Ульяновские РС -5 446 - 209
Чувашэнерго -4 717 137
Россети Кубань Кубаньэнерго -58 965 411
Россети Ленэнерго (ГК) Ленинградская область -33 086 831
г. Санкт-Петербург -46 070 - 104
Россети Московский регион Московская область 4 745 - 627
г. Москва 3 358 23
Россети Северный Кавказ (ГК) Дагестанская энергосбытовая компания - 111 69
Дагэнерго -7 161 537
Ингушэнерго -1 584 122
Каббалкэнерго -2 966 50
Карачаево-Черкесскэнерго -1 924 0
Севкавказэнерго -3 380 144
Ставропольэнерго -9 375 - 200
Россети Северо-Запад Архангельский филиал 80 -86
Вологодский филиал 264 2
Карельский филиал -67 185
Мурманский филиал 111 57
Новгородский филиал 216 -48
Псковский филиал 161 -20
филиал в Республике Коми -16 41
Россети Сибирь (ГК) Алтайэнерго - 545 222
Бурятэнерго - 831 242
ГАЭС -4 -24
Красноярскэнерго - 438 - 493
Кузбассэнерго-РЭС - 611 153
Омскэнерго - 586 - 165
Хакасэнерго 34 - 383
Читаэнерго - 799 101
Россети Томск Томская распределительная компания -7 417 - 135
Россети Тюмень Россети Тюмень -73 665 - 565
Россети Урал (ГК) Пермэнерго 631 - 215
Свердловэнерго 891 277
Челябэнерго 1 051 - 680
Россети ФСК ЕЭС Итого по ФСК ЕЭС -18 111 -6 233
Россети Центр Белгородэнерго 321 125
Брянскэнерго -5 112 27
Воронежэнерго -13 856 181
Костромаэнерго 102 -4
Курскэнерго -2 444 151
Липецкэнерго 805 - 346
Орелэнерго -4 049 -34
Смоленскэнерго -7 617 42
Тамбовэнерго -5 959 -2
Тверьэнерго - 740 57
Ярэнерго -6 294 65
Россети Центр и Приволжье (ГК) Владимирэнерго 562 52
Ивэнерго 195 55
Калугаэнерго 625 -50
Кировэнерго 464 20
Мариэнерго 173 23
Нижновэнерго 751 319
Рязаньэнерго 246 50
Тулэнерго 791 - 235
Удмуртэнерго 362 13
Россети Юг (ГК) АО «ВМЭС» -3 789 51
Астраханьэнерго -5 702 100
Волгоградэнерго -9 960 - 352
Калмэнерго -1 662 -3
Ростовэнерго -20 264 66
Россети Янтарь Россети Янтарь 360 -42'

29-11-2024T11:47:34 - [MESSAGE][PASSED] - Text of object 'Object Repository/Факторный анализ/AllTable1' is: 'ДЗО
Филиал
Отклонение (объём услуг)
Отклонение (средний тариф)
АО «Тываэнерго» АО "Тываэнерго" 118 -44
АО «Чеченэнерго» АО «Чеченэнерго» -3 688 26
Россети Волга Мордовэнерго -3 164 -87
Оренбургэнерго -12 384 - 140
Пензаэнерго -7 568 -65
Самарские РС -14 726 -1 123
Саратовские РС -14 917 - 495
Ульяновские РС -5 446 - 209
Чувашэнерго -4 717 137
Россети Кубань Кубаньэнерго -58 965 411
Россети Ленэнерго (ГК) Ленинградская область -33 086 831
г. Санкт-Петербург -46 070 - 104
Россети Московский регион Московская область 4 745 - 627
г. Москва 3 358 23
Россети Северный Кавказ (ГК) Дагестанская энергосбытовая компания - 111 69
Дагэнерго -7 161 537
Ингушэнерго -1 584 122
Каббалкэнерго -2 966 50
Карачаево-Черкесскэнерго -1 924 0
Севкавказэнерго -3 380 144
Ставропольэнерго -9 375 - 200
Россети Северо-Запад Архангельский филиал 80 -86
Вологодский филиал 264 2
Карельский филиал -67 185
Мурманский филиал 111 57
Новгородский филиал 216 -48
Псковский филиал 161 -20
филиал в Республике Коми -16 41
Россети Сибирь (ГК) Алтайэнерго - 545 222
Бурятэнерго - 831 242
ГАЭС -4 -24
Красноярскэнерго - 438 - 493
Кузбассэнерго-РЭС - 611 153
Омскэнерго - 586 - 165
Хакасэнерго 34 - 383
Читаэнерго - 799 101
Россети Томск Томская распределительная компания -7 417 - 135
Россети Тюмень Россети Тюмень -73 665 - 565
Россети Урал (ГК) Пермэнерго 631 - 215
Свердловэнерго 891 277
Челябэнерго 1 051 - 680
Россети ФСК ЕЭС Итого по ФСК ЕЭС -18 111 -6 233
Россети Центр Белгородэнерго 321 125
Брянскэнерго -5 112 27
Воронежэнерго -13 856 181
Костромаэнерго 102 -4
Курскэнерго -2 444 151
Липецкэнерго 805 - 346
Орелэнерго -4 049 -34
Смоленскэнерго -7 617 42
Тамбовэнерго -5 959 -2
Тверьэнерго - 740 57
Ярэнерго -6 294 65
Россети Центр и Приволжье (ГК) Владимирэнерго 562 52
Ивэнерго 195 55
Калугаэнерго 625 -50
Кировэнерго 464 20
Мариэнерго 173 23
Нижновэнерго 751 319
Рязаньэнерго 246 50
Тулэнерго 791 - 235
Удмуртэнерго 362 13
Россети Юг (ГК) АО «ВМЭС» -3 789 51
Астраханьэнерго -5 702 100
Волгоградэнерго -9 960 - 352
Калмэнерго -1 662 -3
Ростовэнерго -20 264 66
Россети Янтарь Россети Янтарь 360 -42'

29-11-2024T11:47:34 - [TEST_STEP][PASSED] - println("tableA: " + tableA): null

29-11-2024T11:47:34 - [TEST_STEP][PASSED] - for ([i = 1, i < 5, (i++)]): null

29-11-2024T11:47:34 - [TEST_STEP][PASSED] - ii = tableA.indexOf("/") + 1: null

29-11-2024T11:47:34 - [TEST_STEP][PASSED] - tableA = tableA.substring(ii, tableA.length()): null

29-11-2024T11:47:34 - [TEST_STEP][PASSED] - ii = tableA.indexOf("/") + 1: null

29-11-2024T11:47:34 - [TEST_STEP][PASSED] - tableA = tableA.substring(ii, tableA.length()): null

29-11-2024T11:47:34 - [TEST_STEP][PASSED] - ii = tableA.indexOf("/") + 1: null

29-11-2024T11:47:34 - [TEST_STEP][PASSED] - tableA = tableA.substring(ii, tableA.length()): null

29-11-2024T11:47:34 - [TEST_STEP][PASSED] - ii = tableA.indexOf("/") + 1: null

29-11-2024T11:47:34 - [TEST_STEP][PASSED] - tableA = tableA.substring(ii, tableA.length()): null

29-11-2024T11:47:34 - [TEST_STEP][PASSED] - println("tableA: " + tableA): null

29-11-2024T11:47:34 - [TEST_STEP][PASSED] - TyA = Script1719551244403.GetData(x = tableA): null

29-11-2024T11:47:34 - [TEST_STEP][PASSED] - i2 = <not implemented yet for class: org.codehaus.groovy.ast.expr.EmptyExpression>: null

29-11-2024T11:47:34 - [TEST_STEP][PASSED] - i2 = x.indexOf("/") + 1: null

29-11-2024T11:47:34 - [TEST_STEP][PASSED] - x = replaceAll("\p{P}", "").trim(): null

29-11-2024T11:47:34 - [TEST_STEP][PASSED] - return x: null

29-11-2024T11:47:34 - [TEST_STEP][PASSED] - println("TyA: " + TyA): null

29-11-2024T11:47:34 - [TEST_STEP][PASSED] - tableA = Script1719551244403.NewDZO(x = tableA): null

29-11-2024T11:47:34 - [TEST_STEP][PASSED] - i3 = <not implemented yet for class: org.codehaus.groovy.ast.expr.EmptyExpression>: null

29-11-2024T11:47:34 - [TEST_STEP][PASSED] - i3 = x.indexOf("/") + 1: null

29-11-2024T11:47:34 - [TEST_STEP][PASSED] - x = x.substring(i3, x.length()): null

29-11-2024T11:47:34 - [TEST_STEP][PASSED] - return x: null

29-11-2024T11:47:34 - [TEST_STEP][PASSED] - ChA = Script1719551244403.GetData(x = tableA): null

29-11-2024T11:47:34 - [TEST_STEP][PASSED] - i2 = <not implemented yet for class: org.codehaus.groovy.ast.expr.EmptyExpression>: null

29-11-2024T11:47:34 - [TEST_STEP][PASSED] - i2 = x.indexOf("/") + 1: null

29-11-2024T11:47:34 - [TEST_STEP][PASSED] - x = replaceAll("\p{P}", "").trim(): null

29-11-2024T11:47:34 - [TEST_STEP][PASSED] - return x: null

29-11-2024T11:47:34 - [TEST_STEP][PASSED] - println("ChA: " + ChA): null

29-11-2024T11:47:34 - [TEST_STEP][PASSED] - tableA = Script1719551244403.NewDZO(x = tableA): null

29-11-2024T11:47:34 - [TEST_STEP][PASSED] - i3 = <not implemented yet for class: org.codehaus.groovy.ast.expr.EmptyExpression>: null

29-11-2024T11:47:34 - [TEST_STEP][PASSED] - i3 = x.indexOf("/") + 1: null

29-11-2024T11:47:34 - [TEST_STEP][PASSED] - x = x.substring(i3, x.length()): null

29-11-2024T11:47:34 - [TEST_STEP][PASSED] - return x: null

29-11-2024T11:47:34 - [TEST_STEP][PASSED] - i = tableA.indexOf("Кубань"): null

29-11-2024T11:47:34 - [TEST_STEP][PASSED] - VA = replaceAll("\p{P}", "").trim(): null

29-11-2024T11:47:34 - [TEST_STEP][PASSED] - println("VA: " + VA): null

29-11-2024T11:47:34 - [TEST_STEP][PASSED] - for ([i = 1, i < 8, (i++)]): null

29-11-2024T11:47:34 - [TEST_STEP][PASSED] - tableA = Script1719551244403.NewDZO(x = tableA): null

29-11-2024T11:47:34 - [TEST_STEP][PASSED] - i3 = <not implemented yet for class: org.codehaus.groovy.ast.expr.EmptyExpression>: null

29-11-2024T11:47:34 - [TEST_STEP][PASSED] - i3 = x.indexOf("/") + 1: null

29-11-2024T11:47:34 - [TEST_STEP][PASSED] - x = x.substring(i3, x.length()): null

29-11-2024T11:47:34 - [TEST_STEP][PASSED] - return x: null

29-11-2024T11:47:34 - [TEST_STEP][PASSED] - tableA = Script1719551244403.NewDZO(x = tableA): null

29-11-2024T11:47:34 - [TEST_STEP][PASSED] - i3 = <not implemented yet for class: org.codehaus.groovy.ast.expr.EmptyExpression>: null

29-11-2024T11:47:34 - [TEST_STEP][PASSED] - i3 = x.indexOf("/") + 1: null

29-11-2024T11:47:34 - [TEST_STEP][PASSED] - x = x.substring(i3, x.length()): null

29-11-2024T11:47:34 - [TEST_STEP][PASSED] - return x: null

29-11-2024T11:47:34 - [TEST_STEP][PASSED] - tableA = Script1719551244403.NewDZO(x = tableA): null

29-11-2024T11:47:34 - [TEST_STEP][PASSED] - i3 = <not implemented yet for class: org.codehaus.groovy.ast.expr.EmptyExpression>: null

29-11-2024T11:47:34 - [TEST_STEP][PASSED] - i3 = x.indexOf("/") + 1: null

29-11-2024T11:47:34 - [TEST_STEP][PASSED] - x = x.substring(i3, x.length()): null

29-11-2024T11:47:34 - [TEST_STEP][PASSED] - return x: null

29-11-2024T11:47:34 - [TEST_STEP][PASSED] - tableA = Script1719551244403.NewDZO(x = tableA): null

29-11-2024T11:47:34 - [TEST_STEP][PASSED] - i3 = <not implemented yet for class: org.codehaus.groovy.ast.expr.EmptyExpression>: null

29-11-2024T11:47:34 - [TEST_STEP][PASSED] - i3 = x.indexOf("/") + 1: null

29-11-2024T11:47:34 - [TEST_STEP][PASSED] - x = x.substring(i3, x.length()): null

29-11-2024T11:47:34 - [TEST_STEP][PASSED] - return x: null

29-11-2024T11:47:34 - [TEST_STEP][PASSED] - tableA = Script1719551244403.NewDZO(x = tableA): null

29-11-2024T11:47:34 - [TEST_STEP][PASSED] - i3 = <not implemented yet for class: org.codehaus.groovy.ast.expr.EmptyExpression>: null

29-11-2024T11:47:34 - [TEST_STEP][PASSED] - i3 = x.indexOf("/") + 1: null

29-11-2024T11:47:34 - [TEST_STEP][PASSED] - x = x.substring(i3, x.length()): null

29-11-2024T11:47:34 - [TEST_STEP][PASSED] - return x: null

29-11-2024T11:47:34 - [TEST_STEP][PASSED] - tableA = Script1719551244403.NewDZO(x = tableA): null

29-11-2024T11:47:34 - [TEST_STEP][PASSED] - i3 = <not implemented yet for class: org.codehaus.groovy.ast.expr.EmptyExpression>: null

29-11-2024T11:47:34 - [TEST_STEP][PASSED] - i3 = x.indexOf("/") + 1: null

29-11-2024T11:47:34 - [TEST_STEP][PASSED] - x = x.substring(i3, x.length()): null

29-11-2024T11:47:34 - [TEST_STEP][PASSED] - return x: null

29-11-2024T11:47:34 - [TEST_STEP][PASSED] - tableA = Script1719551244403.NewDZO(x = tableA): null

29-11-2024T11:47:34 - [TEST_STEP][PASSED] - i3 = <not implemented yet for class: org.codehaus.groovy.ast.expr.EmptyExpression>: null

29-11-2024T11:47:34 - [TEST_STEP][PASSED] - i3 = x.indexOf("/") + 1: null

29-11-2024T11:47:34 - [TEST_STEP][PASSED] - x = x.substring(i3, x.length()): null

29-11-2024T11:47:34 - [TEST_STEP][PASSED] - return x: null

29-11-2024T11:47:34 - [TEST_STEP][PASSED] - i = tableA.indexOf("Ленэнерго"): null

29-11-2024T11:47:34 - [TEST_STEP][PASSED] - KuA = Script1719551244403.GetData(x = tableA): null

29-11-2024T11:47:34 - [TEST_STEP][PASSED] - i2 = <not implemented yet for class: org.codehaus.groovy.ast.expr.EmptyExpression>: null

29-11-2024T11:47:34 - [TEST_STEP][PASSED] - i2 = x.indexOf("/") + 1: null

29-11-2024T11:47:34 - [TEST_STEP][PASSED] - x = replaceAll("\p{P}", "").trim(): null

29-11-2024T11:47:34 - [TEST_STEP][PASSED] - return x: null

29-11-2024T11:47:34 - [TEST_STEP][PASSED] - println("KuA: " + KuA): null

29-11-2024T11:47:34 - [TEST_STEP][PASSED] - tableA = Script1719551244403.NewDZO(x = tableA): null

29-11-2024T11:47:34 - [TEST_STEP][PASSED] - i3 = <not implemented yet for class: org.codehaus.groovy.ast.expr.EmptyExpression>: null

29-11-2024T11:47:34 - [TEST_STEP][PASSED] - i3 = x.indexOf("/") + 1: null

29-11-2024T11:47:34 - [TEST_STEP][PASSED] - x = x.substring(i3, x.length()): null

29-11-2024T11:47:34 - [TEST_STEP][PASSED] - return x: null

29-11-2024T11:47:34 - [TEST_STEP][PASSED] - i = tableA.indexOf("Московский"): null

29-11-2024T11:47:34 - [TEST_STEP][PASSED] - LenA = replaceAll("\p{P}", "").trim(): null

29-11-2024T11:47:34 - [TEST_STEP][PASSED] - println("LenA: " + LenA): null

29-11-2024T11:47:34 - [TEST_STEP][PASSED] - tableA = Script1719551244403.NewDZO(x = tableA): null

29-11-2024T11:47:34 - [TEST_STEP][PASSED] - i3 = <not implemented yet for class: org.codehaus.groovy.ast.expr.EmptyExpression>: null

29-11-2024T11:47:34 - [TEST_STEP][PASSED] - i3 = x.indexOf("/") + 1: null

29-11-2024T11:47:34 - [TEST_STEP][PASSED] - x = x.substring(i3, x.length()): null

29-11-2024T11:47:34 - [TEST_STEP][PASSED] - return x: null

29-11-2024T11:47:34 - [TEST_STEP][PASSED] - tableA = Script1719551244403.NewDZO(x = tableA): null

29-11-2024T11:47:34 - [TEST_STEP][PASSED] - i3 = <not implemented yet for class: org.codehaus.groovy.ast.expr.EmptyExpression>: null

29-11-2024T11:47:34 - [TEST_STEP][PASSED] - i3 = x.indexOf("/") + 1: null

29-11-2024T11:47:34 - [TEST_STEP][PASSED] - x = x.substring(i3, x.length()): null

29-11-2024T11:47:34 - [TEST_STEP][PASSED] - return x: null

29-11-2024T11:47:34 - [TEST_STEP][PASSED] - i = tableA.indexOf("Кавказ"): null

29-11-2024T11:47:34 - [TEST_STEP][PASSED] - MosA = replaceAll("\p{P}", "").trim(): null

29-11-2024T11:47:34 - [TEST_STEP][PASSED] - println("MosA: " + MosA): null

29-11-2024T11:47:34 - [TEST_STEP][PASSED] - for ([i = 1, i < 3, (i++)]): null

29-11-2024T11:47:34 - [TEST_STEP][PASSED] - tableA = Script1719551244403.NewDZO(x = tableA): null

29-11-2024T11:47:34 - [TEST_STEP][PASSED] - i3 = <not implemented yet for class: org.codehaus.groovy.ast.expr.EmptyExpression>: null

29-11-2024T11:47:34 - [TEST_STEP][PASSED] - i3 = x.indexOf("/") + 1: null

29-11-2024T11:47:34 - [TEST_STEP][PASSED] - x = x.substring(i3, x.length()): null

29-11-2024T11:47:34 - [TEST_STEP][PASSED] - return x: null

29-11-2024T11:47:34 - [TEST_STEP][PASSED] - tableA = Script1719551244403.NewDZO(x = tableA): null

29-11-2024T11:47:34 - [TEST_STEP][PASSED] - i3 = <not implemented yet for class: org.codehaus.groovy.ast.expr.EmptyExpression>: null

29-11-2024T11:47:34 - [TEST_STEP][PASSED] - i3 = x.indexOf("/") + 1: null

29-11-2024T11:47:34 - [TEST_STEP][PASSED] - x = x.substring(i3, x.length()): null

29-11-2024T11:47:34 - [TEST_STEP][PASSED] - return x: null

29-11-2024T11:47:34 - [TEST_STEP][PASSED] - i = tableA.indexOf("Запад"): null

29-11-2024T11:47:34 - [TEST_STEP][PASSED] - SKA = replaceAll("\p{P}", "").trim(): null

29-11-2024T11:47:34 - [TEST_STEP][PASSED] - println("SKA: " + SKA): null

29-11-2024T11:47:34 - [TEST_STEP][PASSED] - for ([i = 1, i < 7, (i++)]): null

29-11-2024T11:47:34 - [TEST_STEP][PASSED] - tableA = Script1719551244403.NewDZO(x = tableA): null

29-11-2024T11:47:34 - [TEST_STEP][PASSED] - i3 = <not implemented yet for class: org.codehaus.groovy.ast.expr.EmptyExpression>: null

29-11-2024T11:47:34 - [TEST_STEP][PASSED] - i3 = x.indexOf("/") + 1: null

29-11-2024T11:47:34 - [TEST_STEP][PASSED] - x = x.substring(i3, x.length()): null

29-11-2024T11:47:34 - [TEST_STEP][PASSED] - return x: null

29-11-2024T11:47:34 - [TEST_STEP][PASSED] - tableA = Script1719551244403.NewDZO(x = tableA): null

29-11-2024T11:47:34 - [TEST_STEP][PASSED] - i3 = <not implemented yet for class: org.codehaus.groovy.ast.expr.EmptyExpression>: null

29-11-2024T11:47:34 - [TEST_STEP][PASSED] - i3 = x.indexOf("/") + 1: null

29-11-2024T11:47:34 - [TEST_STEP][PASSED] - x = x.substring(i3, x.length()): null

29-11-2024T11:47:34 - [TEST_STEP][PASSED] - return x: null

29-11-2024T11:47:34 - [TEST_STEP][PASSED] - tableA = Script1719551244403.NewDZO(x = tableA): null

29-11-2024T11:47:34 - [TEST_STEP][PASSED] - i3 = <not implemented yet for class: org.codehaus.groovy.ast.expr.EmptyExpression>: null

29-11-2024T11:47:34 - [TEST_STEP][PASSED] - i3 = x.indexOf("/") + 1: null

29-11-2024T11:47:34 - [TEST_STEP][PASSED] - x = x.substring(i3, x.length()): null

29-11-2024T11:47:34 - [TEST_STEP][PASSED] - return x: null

29-11-2024T11:47:34 - [TEST_STEP][PASSED] - tableA = Script1719551244403.NewDZO(x = tableA): null

29-11-2024T11:47:34 - [TEST_STEP][PASSED] - i3 = <not implemented yet for class: org.codehaus.groovy.ast.expr.EmptyExpression>: null

29-11-2024T11:47:34 - [TEST_STEP][PASSED] - i3 = x.indexOf("/") + 1: null

29-11-2024T11:47:34 - [TEST_STEP][PASSED] - x = x.substring(i3, x.length()): null

29-11-2024T11:47:34 - [TEST_STEP][PASSED] - return x: null

29-11-2024T11:47:34 - [TEST_STEP][PASSED] - tableA = Script1719551244403.NewDZO(x = tableA): null

29-11-2024T11:47:34 - [TEST_STEP][PASSED] - i3 = <not implemented yet for class: org.codehaus.groovy.ast.expr.EmptyExpression>: null

29-11-2024T11:47:34 - [TEST_STEP][PASSED] - i3 = x.indexOf("/") + 1: null

29-11-2024T11:47:34 - [TEST_STEP][PASSED] - x = x.substring(i3, x.length()): null

29-11-2024T11:47:34 - [TEST_STEP][PASSED] - return x: null

29-11-2024T11:47:34 - [TEST_STEP][PASSED] - tableA = Script1719551244403.NewDZO(x = tableA): null

29-11-2024T11:47:34 - [TEST_STEP][PASSED] - i3 = <not implemented yet for class: org.codehaus.groovy.ast.expr.EmptyExpression>: null

29-11-2024T11:47:34 - [TEST_STEP][PASSED] - i3 = x.indexOf("/") + 1: null

29-11-2024T11:47:34 - [TEST_STEP][PASSED] - x = x.substring(i3, x.length()): null

29-11-2024T11:47:34 - [TEST_STEP][PASSED] - return x: null

29-11-2024T11:47:34 - [TEST_STEP][PASSED] - i = tableA.indexOf("Сибирь"): null

29-11-2024T11:47:34 - [TEST_STEP][PASSED] - SZA = replaceAll("\p{P}", "").trim(): null

29-11-2024T11:47:34 - [TEST_STEP][PASSED] - println("SZA: " + SZA): null

29-11-2024T11:47:34 - [TEST_STEP][PASSED] - for ([i = 1, i < 8, (i++)]): null

29-11-2024T11:47:34 - [TEST_STEP][PASSED] - tableA = Script1719551244403.NewDZO(x = tableA): null

29-11-2024T11:47:34 - [TEST_STEP][PASSED] - i3 = <not implemented yet for class: org.codehaus.groovy.ast.expr.EmptyExpression>: null

29-11-2024T11:47:34 - [TEST_STEP][PASSED] - i3 = x.indexOf("/") + 1: null

29-11-2024T11:47:34 - [TEST_STEP][PASSED] - x = x.substring(i3, x.length()): null

29-11-2024T11:47:34 - [TEST_STEP][PASSED] - return x: null

29-11-2024T11:47:34 - [TEST_STEP][PASSED] - tableA = Script1719551244403.NewDZO(x = tableA): null

29-11-2024T11:47:34 - [TEST_STEP][PASSED] - i3 = <not implemented yet for class: org.codehaus.groovy.ast.expr.EmptyExpression>: null

29-11-2024T11:47:34 - [TEST_STEP][PASSED] - i3 = x.indexOf("/") + 1: null

29-11-2024T11:47:34 - [TEST_STEP][PASSED] - x = x.substring(i3, x.length()): null

29-11-2024T11:47:34 - [TEST_STEP][PASSED] - return x: null

29-11-2024T11:47:34 - [TEST_STEP][PASSED] - tableA = Script1719551244403.NewDZO(x = tableA): null

29-11-2024T11:47:34 - [TEST_STEP][PASSED] - i3 = <not implemented yet for class: org.codehaus.groovy.ast.expr.EmptyExpression>: null

29-11-2024T11:47:34 - [TEST_STEP][PASSED] - i3 = x.indexOf("/") + 1: null

29-11-2024T11:47:34 - [TEST_STEP][PASSED] - x = x.substring(i3, x.length()): null

29-11-2024T11:47:34 - [TEST_STEP][PASSED] - return x: null

29-11-2024T11:47:34 - [TEST_STEP][PASSED] - tableA = Script1719551244403.NewDZO(x = tableA): null

29-11-2024T11:47:34 - [TEST_STEP][PASSED] - i3 = <not implemented yet for class: org.codehaus.groovy.ast.expr.EmptyExpression>: null

29-11-2024T11:47:34 - [TEST_STEP][PASSED] - i3 = x.indexOf("/") + 1: null

29-11-2024T11:47:34 - [TEST_STEP][PASSED] - x = x.substring(i3, x.length()): null

29-11-2024T11:47:34 - [TEST_STEP][PASSED] - return x: null

29-11-2024T11:47:34 - [TEST_STEP][PASSED] - tableA = Script1719551244403.NewDZO(x = tableA): null

29-11-2024T11:47:34 - [TEST_STEP][PASSED] - i3 = <not implemented yet for class: org.codehaus.groovy.ast.expr.EmptyExpression>: null

29-11-2024T11:47:34 - [TEST_STEP][PASSED] - i3 = x.indexOf("/") + 1: null

29-11-2024T11:47:34 - [TEST_STEP][PASSED] - x = x.substring(i3, x.length()): null

29-11-2024T11:47:34 - [TEST_STEP][PASSED] - return x: null

29-11-2024T11:47:34 - [TEST_STEP][PASSED] - tableA = Script1719551244403.NewDZO(x = tableA): null

29-11-2024T11:47:34 - [TEST_STEP][PASSED] - i3 = <not implemented yet for class: org.codehaus.groovy.ast.expr.EmptyExpression>: null

29-11-2024T11:47:34 - [TEST_STEP][PASSED] - i3 = x.indexOf("/") + 1: null

29-11-2024T11:47:34 - [TEST_STEP][PASSED] - x = x.substring(i3, x.length()): null

29-11-2024T11:47:34 - [TEST_STEP][PASSED] - return x: null

29-11-2024T11:47:34 - [TEST_STEP][PASSED] - tableA = Script1719551244403.NewDZO(x = tableA): null

29-11-2024T11:47:34 - [TEST_STEP][PASSED] - i3 = <not implemented yet for class: org.codehaus.groovy.ast.expr.EmptyExpression>: null

29-11-2024T11:47:34 - [TEST_STEP][PASSED] - i3 = x.indexOf("/") + 1: null

29-11-2024T11:47:34 - [TEST_STEP][PASSED] - x = x.substring(i3, x.length()): null

29-11-2024T11:47:34 - [TEST_STEP][PASSED] - return x: null

29-11-2024T11:47:34 - [TEST_STEP][PASSED] - i = tableA.indexOf("Томск"): null

29-11-2024T11:47:34 - [TEST_STEP][PASSED] - SiA = replaceAll("\p{P}", "").trim(): null

29-11-2024T11:47:34 - [TEST_STEP][PASSED] - println("SiA: " + SiA): null

29-11-2024T11:47:34 - [TEST_STEP][PASSED] - for ([i = 1, i < 9, (i++)]): null

29-11-2024T11:47:34 - [TEST_STEP][PASSED] - tableA = Script1719551244403.NewDZO(x = tableA): null

29-11-2024T11:47:34 - [TEST_STEP][PASSED] - i3 = <not implemented yet for class: org.codehaus.groovy.ast.expr.EmptyExpression>: null

29-11-2024T11:47:34 - [TEST_STEP][PASSED] - i3 = x.indexOf("/") + 1: null

29-11-2024T11:47:34 - [TEST_STEP][PASSED] - x = x.substring(i3, x.length()): null

29-11-2024T11:47:34 - [TEST_STEP][PASSED] - return x: null

29-11-2024T11:47:34 - [TEST_STEP][PASSED] - tableA = Script1719551244403.NewDZO(x = tableA): null

29-11-2024T11:47:34 - [TEST_STEP][PASSED] - i3 = <not implemented yet for class: org.codehaus.groovy.ast.expr.EmptyExpression>: null

29-11-2024T11:47:34 - [TEST_STEP][PASSED] - i3 = x.indexOf("/") + 1: null

29-11-2024T11:47:34 - [TEST_STEP][PASSED] - x = x.substring(i3, x.length()): null

29-11-2024T11:47:34 - [TEST_STEP][PASSED] - return x: null

29-11-2024T11:47:34 - [TEST_STEP][PASSED] - tableA = Script1719551244403.NewDZO(x = tableA): null

29-11-2024T11:47:34 - [TEST_STEP][PASSED] - i3 = <not implemented yet for class: org.codehaus.groovy.ast.expr.EmptyExpression>: null

29-11-2024T11:47:34 - [TEST_STEP][PASSED] - i3 = x.indexOf("/") + 1: null

29-11-2024T11:47:34 - [TEST_STEP][PASSED] - x = x.substring(i3, x.length()): null

29-11-2024T11:47:34 - [TEST_STEP][PASSED] - return x: null

29-11-2024T11:47:34 - [TEST_STEP][PASSED] - tableA = Script1719551244403.NewDZO(x = tableA): null

29-11-2024T11:47:34 - [TEST_STEP][PASSED] - i3 = <not implemented yet for class: org.codehaus.groovy.ast.expr.EmptyExpression>: null

29-11-2024T11:47:34 - [TEST_STEP][PASSED] - i3 = x.indexOf("/") + 1: null

29-11-2024T11:47:34 - [TEST_STEP][PASSED] - x = x.substring(i3, x.length()): null

29-11-2024T11:47:34 - [TEST_STEP][PASSED] - return x: null

29-11-2024T11:47:34 - [TEST_STEP][PASSED] - tableA = Script1719551244403.NewDZO(x = tableA): null

29-11-2024T11:47:34 - [TEST_STEP][PASSED] - i3 = <not implemented yet for class: org.codehaus.groovy.ast.expr.EmptyExpression>: null

29-11-2024T11:47:34 - [TEST_STEP][PASSED] - i3 = x.indexOf("/") + 1: null

29-11-2024T11:47:34 - [TEST_STEP][PASSED] - x = x.substring(i3, x.length()): null

29-11-2024T11:47:34 - [TEST_STEP][PASSED] - return x: null

29-11-2024T11:47:34 - [TEST_STEP][PASSED] - tableA = Script1719551244403.NewDZO(x = tableA): null

29-11-2024T11:47:34 - [TEST_STEP][PASSED] - i3 = <not implemented yet for class: org.codehaus.groovy.ast.expr.EmptyExpression>: null

29-11-2024T11:47:34 - [TEST_STEP][PASSED] - i3 = x.indexOf("/") + 1: null

29-11-2024T11:47:34 - [TEST_STEP][PASSED] - x = x.substring(i3, x.length()): null

29-11-2024T11:47:34 - [TEST_STEP][PASSED] - return x: null

29-11-2024T11:47:34 - [TEST_STEP][PASSED] - tableA = Script1719551244403.NewDZO(x = tableA): null

29-11-2024T11:47:34 - [TEST_STEP][PASSED] - i3 = <not implemented yet for class: org.codehaus.groovy.ast.expr.EmptyExpression>: null

29-11-2024T11:47:34 - [TEST_STEP][PASSED] - i3 = x.indexOf("/") + 1: null

29-11-2024T11:47:34 - [TEST_STEP][PASSED] - x = x.substring(i3, x.length()): null

29-11-2024T11:47:34 - [TEST_STEP][PASSED] - return x: null

29-11-2024T11:47:34 - [TEST_STEP][PASSED] - tableA = Script1719551244403.NewDZO(x = tableA): null

29-11-2024T11:47:34 - [TEST_STEP][PASSED] - i3 = <not implemented yet for class: org.codehaus.groovy.ast.expr.EmptyExpression>: null

29-11-2024T11:47:34 - [TEST_STEP][PASSED] - i3 = x.indexOf("/") + 1: null

29-11-2024T11:47:34 - [TEST_STEP][PASSED] - x = x.substring(i3, x.length()): null

29-11-2024T11:47:34 - [TEST_STEP][PASSED] - return x: null

29-11-2024T11:47:34 - [TEST_STEP][PASSED] - i = tableA.indexOf("Тюмень"): null

29-11-2024T11:47:34 - [TEST_STEP][PASSED] - ToA = replaceAll("\p{P}", "").trim(): null

29-11-2024T11:47:34 - [TEST_STEP][PASSED] - println("ToA: " + ToA): null

29-11-2024T11:47:34 - [TEST_STEP][PASSED] - tableA = Script1719551244403.NewDZO(x = tableA): null

29-11-2024T11:47:34 - [TEST_STEP][PASSED] - i3 = <not implemented yet for class: org.codehaus.groovy.ast.expr.EmptyExpression>: null

29-11-2024T11:47:34 - [TEST_STEP][PASSED] - i3 = x.indexOf("/") + 1: null

29-11-2024T11:47:34 - [TEST_STEP][PASSED] - x = x.substring(i3, x.length()): null

29-11-2024T11:47:34 - [TEST_STEP][PASSED] - return x: null

29-11-2024T11:47:34 - [TEST_STEP][PASSED] - TyuA = replaceAll("\p{P}", "").trim(): null

29-11-2024T11:47:34 - [TEST_STEP][PASSED] - println("TyuA: " + TyuA): null

29-11-2024T11:47:34 - [TEST_STEP][PASSED] - tableA = Script1719551244403.NewDZO(x = tableA): null

29-11-2024T11:47:34 - [TEST_STEP][PASSED] - i3 = <not implemented yet for class: org.codehaus.groovy.ast.expr.EmptyExpression>: null

29-11-2024T11:47:34 - [TEST_STEP][PASSED] - i3 = x.indexOf("/") + 1: null

29-11-2024T11:47:34 - [TEST_STEP][PASSED] - x = x.substring(i3, x.length()): null

29-11-2024T11:47:34 - [TEST_STEP][PASSED] - return x: null

29-11-2024T11:47:34 - [TEST_STEP][PASSED] - i = tableA.indexOf("ЕЭС"): null

29-11-2024T11:47:34 - [TEST_STEP][PASSED] - UrA = replaceAll("\p{P}", "").trim(): null

29-11-2024T11:47:34 - [TEST_STEP][PASSED] - println("UrA: " + UrA): null

29-11-2024T11:47:34 - [TEST_STEP][PASSED] - for ([i = 1, i < 4, (i++)]): null

29-11-2024T11:47:34 - [TEST_STEP][PASSED] - tableA = Script1719551244403.NewDZO(x = tableA): null

29-11-2024T11:47:34 - [TEST_STEP][PASSED] - i3 = <not implemented yet for class: org.codehaus.groovy.ast.expr.EmptyExpression>: null

29-11-2024T11:47:34 - [TEST_STEP][PASSED] - i3 = x.indexOf("/") + 1: null

29-11-2024T11:47:34 - [TEST_STEP][PASSED] - x = x.substring(i3, x.length()): null

29-11-2024T11:47:34 - [TEST_STEP][PASSED] - return x: null

29-11-2024T11:47:34 - [TEST_STEP][PASSED] - tableA = Script1719551244403.NewDZO(x = tableA): null

29-11-2024T11:47:34 - [TEST_STEP][PASSED] - i3 = <not implemented yet for class: org.codehaus.groovy.ast.expr.EmptyExpression>: null

29-11-2024T11:47:34 - [TEST_STEP][PASSED] - i3 = x.indexOf("/") + 1: null

29-11-2024T11:47:34 - [TEST_STEP][PASSED] - x = x.substring(i3, x.length()): null

29-11-2024T11:47:34 - [TEST_STEP][PASSED] - return x: null

29-11-2024T11:47:34 - [TEST_STEP][PASSED] - tableA = Script1719551244403.NewDZO(x = tableA): null

29-11-2024T11:47:34 - [TEST_STEP][PASSED] - i3 = <not implemented yet for class: org.codehaus.groovy.ast.expr.EmptyExpression>: null

29-11-2024T11:47:34 - [TEST_STEP][PASSED] - i3 = x.indexOf("/") + 1: null

29-11-2024T11:47:34 - [TEST_STEP][PASSED] - x = x.substring(i3, x.length()): null

29-11-2024T11:47:34 - [TEST_STEP][PASSED] - return x: null

29-11-2024T11:47:34 - [TEST_STEP][PASSED] - i = tableA.indexOf("Центр"): null

29-11-2024T11:47:34 - [TEST_STEP][PASSED] - FSKA = replaceAll("\p{P}", "").trim(): null

29-11-2024T11:47:34 - [TEST_STEP][PASSED] - println("FSKA: " + FSKA): null

29-11-2024T11:47:34 - [TEST_STEP][PASSED] - tableA = Script1719551244403.NewDZO(x = tableA): null

29-11-2024T11:47:34 - [TEST_STEP][PASSED] - i3 = <not implemented yet for class: org.codehaus.groovy.ast.expr.EmptyExpression>: null

29-11-2024T11:47:34 - [TEST_STEP][PASSED] - i3 = x.indexOf("/") + 1: null

29-11-2024T11:47:34 - [TEST_STEP][PASSED] - x = x.substring(i3, x.length()): null

29-11-2024T11:47:34 - [TEST_STEP][PASSED] - return x: null

29-11-2024T11:47:34 - [TEST_STEP][PASSED] - i = tableA.indexOf("Приволжье"): null

29-11-2024T11:47:34 - [TEST_STEP][PASSED] - CenA = replaceAll("\p{P}", "").trim(): null

29-11-2024T11:47:34 - [TEST_STEP][PASSED] - println("CenA: " + CenA): null

29-11-2024T11:47:34 - [TEST_STEP][PASSED] - for ([i = 1, i < 12, (i++)]): null

29-11-2024T11:47:34 - [TEST_STEP][PASSED] - tableA = Script1719551244403.NewDZO(x = tableA): null

29-11-2024T11:47:34 - [TEST_STEP][PASSED] - i3 = <not implemented yet for class: org.codehaus.groovy.ast.expr.EmptyExpression>: null

29-11-2024T11:47:34 - [TEST_STEP][PASSED] - i3 = x.indexOf("/") + 1: null

29-11-2024T11:47:34 - [TEST_STEP][PASSED] - x = x.substring(i3, x.length()): null

29-11-2024T11:47:34 - [TEST_STEP][PASSED] - return x: null

29-11-2024T11:47:34 - [TEST_STEP][PASSED] - tableA = Script1719551244403.NewDZO(x = tableA): null

29-11-2024T11:47:34 - [TEST_STEP][PASSED] - i3 = <not implemented yet for class: org.codehaus.groovy.ast.expr.EmptyExpression>: null

29-11-2024T11:47:34 - [TEST_STEP][PASSED] - i3 = x.indexOf("/") + 1: null

29-11-2024T11:47:34 - [TEST_STEP][PASSED] - x = x.substring(i3, x.length()): null

29-11-2024T11:47:34 - [TEST_STEP][PASSED] - return x: null

29-11-2024T11:47:34 - [TEST_STEP][PASSED] - tableA = Script1719551244403.NewDZO(x = tableA): null

29-11-2024T11:47:34 - [TEST_STEP][PASSED] - i3 = <not implemented yet for class: org.codehaus.groovy.ast.expr.EmptyExpression>: null

29-11-2024T11:47:34 - [TEST_STEP][PASSED] - i3 = x.indexOf("/") + 1: null

29-11-2024T11:47:34 - [TEST_STEP][PASSED] - x = x.substring(i3, x.length()): null

29-11-2024T11:47:34 - [TEST_STEP][PASSED] - return x: null

29-11-2024T11:47:34 - [TEST_STEP][PASSED] - tableA = Script1719551244403.NewDZO(x = tableA): null

29-11-2024T11:47:34 - [TEST_STEP][PASSED] - i3 = <not implemented yet for class: org.codehaus.groovy.ast.expr.EmptyExpression>: null

29-11-2024T11:47:34 - [TEST_STEP][PASSED] - i3 = x.indexOf("/") + 1: null

29-11-2024T11:47:34 - [TEST_STEP][PASSED] - x = x.substring(i3, x.length()): null

29-11-2024T11:47:34 - [TEST_STEP][PASSED] - return x: null

29-11-2024T11:47:34 - [TEST_STEP][PASSED] - tableA = Script1719551244403.NewDZO(x = tableA): null

29-11-2024T11:47:34 - [TEST_STEP][PASSED] - i3 = <not implemented yet for class: org.codehaus.groovy.ast.expr.EmptyExpression>: null

29-11-2024T11:47:34 - [TEST_STEP][PASSED] - i3 = x.indexOf("/") + 1: null

29-11-2024T11:47:34 - [TEST_STEP][PASSED] - x = x.substring(i3, x.length()): null

29-11-2024T11:47:34 - [TEST_STEP][PASSED] - return x: null

29-11-2024T11:47:34 - [TEST_STEP][PASSED] - tableA = Script1719551244403.NewDZO(x = tableA): null

29-11-2024T11:47:34 - [TEST_STEP][PASSED] - i3 = <not implemented yet for class: org.codehaus.groovy.ast.expr.EmptyExpression>: null

29-11-2024T11:47:34 - [TEST_STEP][PASSED] - i3 = x.indexOf("/") + 1: null

29-11-2024T11:47:34 - [TEST_STEP][PASSED] - x = x.substring(i3, x.length()): null

29-11-2024T11:47:34 - [TEST_STEP][PASSED] - return x: null

29-11-2024T11:47:34 - [TEST_STEP][PASSED] - tableA = Script1719551244403.NewDZO(x = tableA): null

29-11-2024T11:47:34 - [TEST_STEP][PASSED] - i3 = <not implemented yet for class: org.codehaus.groovy.ast.expr.EmptyExpression>: null

29-11-2024T11:47:34 - [TEST_STEP][PASSED] - i3 = x.indexOf("/") + 1: null

29-11-2024T11:47:34 - [TEST_STEP][PASSED] - x = x.substring(i3, x.length()): null

29-11-2024T11:47:34 - [TEST_STEP][PASSED] - return x: null

29-11-2024T11:47:34 - [TEST_STEP][PASSED] - tableA = Script1719551244403.NewDZO(x = tableA): null

29-11-2024T11:47:34 - [TEST_STEP][PASSED] - i3 = <not implemented yet for class: org.codehaus.groovy.ast.expr.EmptyExpression>: null

29-11-2024T11:47:34 - [TEST_STEP][PASSED] - i3 = x.indexOf("/") + 1: null

29-11-2024T11:47:34 - [TEST_STEP][PASSED] - x = x.substring(i3, x.length()): null

29-11-2024T11:47:34 - [TEST_STEP][PASSED] - return x: null

29-11-2024T11:47:34 - [TEST_STEP][PASSED] - tableA = Script1719551244403.NewDZO(x = tableA): null

29-11-2024T11:47:34 - [TEST_STEP][PASSED] - i3 = <not implemented yet for class: org.codehaus.groovy.ast.expr.EmptyExpression>: null

29-11-2024T11:47:34 - [TEST_STEP][PASSED] - i3 = x.indexOf("/") + 1: null

29-11-2024T11:47:34 - [TEST_STEP][PASSED] - x = x.substring(i3, x.length()): null

29-11-2024T11:47:34 - [TEST_STEP][PASSED] - return x: null

29-11-2024T11:47:34 - [TEST_STEP][PASSED] - tableA = Script1719551244403.NewDZO(x = tableA): null

29-11-2024T11:47:34 - [TEST_STEP][PASSED] - i3 = <not implemented yet for class: org.codehaus.groovy.ast.expr.EmptyExpression>: null

29-11-2024T11:47:34 - [TEST_STEP][PASSED] - i3 = x.indexOf("/") + 1: null

29-11-2024T11:47:34 - [TEST_STEP][PASSED] - x = x.substring(i3, x.length()): null

29-11-2024T11:47:34 - [TEST_STEP][PASSED] - return x: null

29-11-2024T11:47:34 - [TEST_STEP][PASSED] - tableA = Script1719551244403.NewDZO(x = tableA): null

29-11-2024T11:47:34 - [TEST_STEP][PASSED] - i3 = <not implemented yet for class: org.codehaus.groovy.ast.expr.EmptyExpression>: null

29-11-2024T11:47:34 - [TEST_STEP][PASSED] - i3 = x.indexOf("/") + 1: null

29-11-2024T11:47:34 - [TEST_STEP][PASSED] - x = x.substring(i3, x.length()): null

29-11-2024T11:47:34 - [TEST_STEP][PASSED] - return x: null

29-11-2024T11:47:34 - [TEST_STEP][PASSED] - i = tableA.indexOf("Юг"): null

29-11-2024T11:47:34 - [TEST_STEP][PASSED] - CiPA = replaceAll("\p{P}", "").trim(): null

29-11-2024T11:47:34 - [TEST_STEP][PASSED] - println("CiPA: " + CiPA): null

29-11-2024T11:47:34 - [TEST_STEP][PASSED] - for ([i = 1, i < 10, (i++)]): null

29-11-2024T11:47:34 - [TEST_STEP][PASSED] - tableA = Script1719551244403.NewDZO(x = tableA): null

29-11-2024T11:47:34 - [TEST_STEP][PASSED] - i3 = <not implemented yet for class: org.codehaus.groovy.ast.expr.EmptyExpression>: null

29-11-2024T11:47:34 - [TEST_STEP][PASSED] - i3 = x.indexOf("/") + 1: null

29-11-2024T11:47:34 - [TEST_STEP][PASSED] - x = x.substring(i3, x.length()): null

29-11-2024T11:47:34 - [TEST_STEP][PASSED] - return x: null

29-11-2024T11:47:34 - [TEST_STEP][PASSED] - tableA = Script1719551244403.NewDZO(x = tableA): null

29-11-2024T11:47:34 - [TEST_STEP][PASSED] - i3 = <not implemented yet for class: org.codehaus.groovy.ast.expr.EmptyExpression>: null

29-11-2024T11:47:34 - [TEST_STEP][PASSED] - i3 = x.indexOf("/") + 1: null

29-11-2024T11:47:34 - [TEST_STEP][PASSED] - x = x.substring(i3, x.length()): null

29-11-2024T11:47:34 - [TEST_STEP][PASSED] - return x: null

29-11-2024T11:47:34 - [TEST_STEP][PASSED] - tableA = Script1719551244403.NewDZO(x = tableA): null

29-11-2024T11:47:34 - [TEST_STEP][PASSED] - i3 = <not implemented yet for class: org.codehaus.groovy.ast.expr.EmptyExpression>: null

29-11-2024T11:47:34 - [TEST_STEP][PASSED] - i3 = x.indexOf("/") + 1: null

29-11-2024T11:47:34 - [TEST_STEP][PASSED] - x = x.substring(i3, x.length()): null

29-11-2024T11:47:34 - [TEST_STEP][PASSED] - return x: null

29-11-2024T11:47:34 - [TEST_STEP][PASSED] - tableA = Script1719551244403.NewDZO(x = tableA): null

29-11-2024T11:47:34 - [TEST_STEP][PASSED] - i3 = <not implemented yet for class: org.codehaus.groovy.ast.expr.EmptyExpression>: null

29-11-2024T11:47:34 - [TEST_STEP][PASSED] - i3 = x.indexOf("/") + 1: null

29-11-2024T11:47:34 - [TEST_STEP][PASSED] - x = x.substring(i3, x.length()): null

29-11-2024T11:47:34 - [TEST_STEP][PASSED] - return x: null

29-11-2024T11:47:34 - [TEST_STEP][PASSED] - tableA = Script1719551244403.NewDZO(x = tableA): null

29-11-2024T11:47:34 - [TEST_STEP][PASSED] - i3 = <not implemented yet for class: org.codehaus.groovy.ast.expr.EmptyExpression>: null

29-11-2024T11:47:34 - [TEST_STEP][PASSED] - i3 = x.indexOf("/") + 1: null

29-11-2024T11:47:34 - [TEST_STEP][PASSED] - x = x.substring(i3, x.length()): null

29-11-2024T11:47:34 - [TEST_STEP][PASSED] - return x: null

29-11-2024T11:47:34 - [TEST_STEP][PASSED] - tableA = Script1719551244403.NewDZO(x = tableA): null

29-11-2024T11:47:34 - [TEST_STEP][PASSED] - i3 = <not implemented yet for class: org.codehaus.groovy.ast.expr.EmptyExpression>: null

29-11-2024T11:47:34 - [TEST_STEP][PASSED] - i3 = x.indexOf("/") + 1: null

29-11-2024T11:47:34 - [TEST_STEP][PASSED] - x = x.substring(i3, x.length()): null

29-11-2024T11:47:34 - [TEST_STEP][PASSED] - return x: null

29-11-2024T11:47:34 - [TEST_STEP][PASSED] - tableA = Script1719551244403.NewDZO(x = tableA): null

29-11-2024T11:47:34 - [TEST_STEP][PASSED] - i3 = <not implemented yet for class: org.codehaus.groovy.ast.expr.EmptyExpression>: null

29-11-2024T11:47:34 - [TEST_STEP][PASSED] - i3 = x.indexOf("/") + 1: null

29-11-2024T11:47:34 - [TEST_STEP][PASSED] - x = x.substring(i3, x.length()): null

29-11-2024T11:47:34 - [TEST_STEP][PASSED] - return x: null

29-11-2024T11:47:34 - [TEST_STEP][PASSED] - tableA = Script1719551244403.NewDZO(x = tableA): null

29-11-2024T11:47:34 - [TEST_STEP][PASSED] - i3 = <not implemented yet for class: org.codehaus.groovy.ast.expr.EmptyExpression>: null

29-11-2024T11:47:34 - [TEST_STEP][PASSED] - i3 = x.indexOf("/") + 1: null

29-11-2024T11:47:34 - [TEST_STEP][PASSED] - x = x.substring(i3, x.length()): null

29-11-2024T11:47:34 - [TEST_STEP][PASSED] - return x: null

29-11-2024T11:47:34 - [TEST_STEP][PASSED] - tableA = Script1719551244403.NewDZO(x = tableA): null

29-11-2024T11:47:34 - [TEST_STEP][PASSED] - i3 = <not implemented yet for class: org.codehaus.groovy.ast.expr.EmptyExpression>: null

29-11-2024T11:47:34 - [TEST_STEP][PASSED] - i3 = x.indexOf("/") + 1: null

29-11-2024T11:47:34 - [TEST_STEP][PASSED] - x = x.substring(i3, x.length()): null

29-11-2024T11:47:34 - [TEST_STEP][PASSED] - return x: null

29-11-2024T11:47:34 - [TEST_STEP][PASSED] - i = tableA.indexOf("Янтарь"): null

29-11-2024T11:47:34 - [TEST_STEP][PASSED] - UgA = replaceAll("\p{P}", "").trim(): null

29-11-2024T11:47:34 - [TEST_STEP][PASSED] - println("UgA: " + UgA): null

29-11-2024T11:47:34 - [TEST_STEP][PASSED] - i = tableA.lastIndexOf("/"): null

29-11-2024T11:47:34 - [TEST_STEP][PASSED] - YaA = replaceAll("\p{P}", "").trim(): null

29-11-2024T11:47:34 - [TEST_STEP][PASSED] - println("YaA: " + YaA): null

29-11-2024T11:47:34 - [TEST_STEP][PASSED] - delay(10): Delayed 10 second(s)

29-11-2024T11:47:44 - [MESSAGE][PASSED] - Delayed 10 second(s)

29-11-2024T11:47:44 - [TEST_STEP][PASSED] - navigateToUrl(findTestData("PlanFact").getValue(10, 11)): Navigate to 'https://bi.rosseti.digital/viewer?dashboardGuid=a1fd28b3785d443cbc4d7690a1d78e31&sheetGuid=d3a0ddec2e914cb380b20dca74903099&fit=true' successfully

29-11-2024T11:47:45 - [MESSAGE][PASSED] - Navigate to 'https://bi.rosseti.digital/viewer?dashboardGuid=a1fd28b3785d443cbc4d7690a1d78e31&sheetGuid=d3a0ddec2e914cb380b20dca74903099&fit=true' successfully

29-11-2024T11:47:45 - [TEST_STEP][PASSED] - b = <not implemented yet for class: org.codehaus.groovy.ast.expr.EmptyExpression>: null

29-11-2024T11:47:45 - [TEST_STEP][PASSED] - b1 = <not implemented yet for class: org.codehaus.groovy.ast.expr.EmptyExpression>: null

29-11-2024T11:47:45 - [TEST_STEP][PASSED] - b2 = <not implemented yet for class: org.codehaus.groovy.ast.expr.EmptyExpression>: null

29-11-2024T11:47:45 - [TEST_STEP][PASSED] - click(findTestObject("Факторный анализ/Фильтр Дата Выручка")): Object: 'Object Repository/Факторный анализ/Фильтр Дата Выручка' is clicked on

29-11-2024T11:48:05 - [MESSAGE][PASSED] - Object: 'Object Repository/Факторный анализ/Фильтр Дата Выручка' is clicked on

29-11-2024T11:48:05 - [TEST_STEP][PASSED] - click(findTestObject("Факторный анализ/Снять выделение в фильтре Дата Выручка")): Object: 'Object Repository/Факторный анализ/Снять выделение в фильтре Дата Выручка' is clicked on

29-11-2024T11:48:06 - [MESSAGE][PASSED] - Object: 'Object Repository/Факторный анализ/Снять выделение в фильтре Дата Выручка' is clicked on

29-11-2024T11:48:06 - [TEST_STEP][PASSED] - click(findTestObject("Факторный анализ/Применить в фильтре Дата Выручка")): Object: 'Object Repository/Факторный анализ/Применить в фильтре Дата Выручка' is clicked on

29-11-2024T11:48:06 - [MESSAGE][PASSED] - Object: 'Object Repository/Факторный анализ/Применить в фильтре Дата Выручка' is clicked on

29-11-2024T11:48:06 - [TEST_STEP][PASSED] - delay(10): Delayed 10 second(s)

29-11-2024T11:48:16 - [MESSAGE][PASSED] - Delayed 10 second(s)

29-11-2024T11:48:16 - [TEST_STEP][PASSED] - click(findTestObject("Факторный анализ/Фильтр Дата Выручка")): Object: 'Object Repository/Факторный анализ/Фильтр Дата Выручка' is clicked on

29-11-2024T11:48:17 - [MESSAGE][PASSED] - Object: 'Object Repository/Факторный анализ/Фильтр Дата Выручка' is clicked on

29-11-2024T11:48:17 - [TEST_STEP][PASSED] - click(findTestObject("Факторный анализ/Снять выделение в фильтре Дата Выручка")): Object: 'Object Repository/Факторный анализ/Снять выделение в фильтре Дата Выручка' is clicked on

29-11-2024T11:48:17 - [MESSAGE][PASSED] - Object: 'Object Repository/Факторный анализ/Снять выделение в фильтре Дата Выручка' is clicked on

29-11-2024T11:48:17 - [TEST_STEP][PASSED] - scrollToElement(findTestObject("Факторный анализ/2024 список Выручка"), 30): Scroll to object 'Object Repository/Факторный анализ/2024 список Выручка' successfully

29-11-2024T11:48:17 - [MESSAGE][PASSED] - Scroll to object 'Object Repository/Факторный анализ/2024 список Выручка' successfully

29-11-2024T11:48:17 - [TEST_STEP][PASSED] - click(findTestObject("Факторный анализ/2024 список Выручка")): Object: 'Object Repository/Факторный анализ/2024 список Выручка' is clicked on

29-11-2024T11:48:18 - [MESSAGE][PASSED] - Object: 'Object Repository/Факторный анализ/2024 список Выручка' is clicked on

29-11-2024T11:48:18 - [TEST_STEP][PASSED] - scrollToElement(findTestObject("Факторный анализ/1 квартал 2024 выбрать Выручка"), 30): Scroll to object 'Object Repository/Факторный анализ/1 квартал 2024 выбрать Выручка' successfully

29-11-2024T11:48:18 - [MESSAGE][PASSED] - Scroll to object 'Object Repository/Факторный анализ/1 квартал 2024 выбрать Выручка' successfully

29-11-2024T11:48:18 - [TEST_STEP][PASSED] - click(findTestObject("Факторный анализ/1 квартал 2024 выбрать Выручка")): Object: 'Object Repository/Факторный анализ/1 квартал 2024 выбрать Выручка' is clicked on

29-11-2024T11:48:19 - [MESSAGE][PASSED] - Object: 'Object Repository/Факторный анализ/1 квартал 2024 выбрать Выручка' is clicked on

29-11-2024T11:48:19 - [TEST_STEP][PASSED] - scrollToElement(findTestObject("Факторный анализ/2 квартал 2024 выбрать Выручка"), 30): Scroll to object 'Object Repository/Факторный анализ/2 квартал 2024 выбрать Выручка' successfully

29-11-2024T11:48:19 - [MESSAGE][PASSED] - Scroll to object 'Object Repository/Факторный анализ/2 квартал 2024 выбрать Выручка' successfully

29-11-2024T11:48:19 - [TEST_STEP][PASSED] - click(findTestObject("Факторный анализ/2 квартал 2024 выбрать Выручка"), CONTINUE_ON_FAILURE): Object: 'Object Repository/Факторный анализ/2 квартал 2024 выбрать Выручка' is clicked on

29-11-2024T11:48:19 - [MESSAGE][PASSED] - Object: 'Object Repository/Факторный анализ/2 квартал 2024 выбрать Выручка' is clicked on

29-11-2024T11:48:19 - [TEST_STEP][PASSED] - click(findTestObject("Факторный анализ/3 квартал 2024 выбрать Выручка"), CONTINUE_ON_FAILURE): Object: 'Object Repository/Факторный анализ/3 квартал 2024 выбрать Выручка' is clicked on

29-11-2024T11:48:20 - [MESSAGE][PASSED] - Object: 'Object Repository/Факторный анализ/3 квартал 2024 выбрать Выручка' is clicked on

29-11-2024T11:48:20 - [TEST_STEP][PASSED] - scrollToElement(findTestObject("Факторный анализ/4 квартал 2024 список Выручка"), 30): Scroll to object 'Object Repository/Факторный анализ/4 квартал 2024 список Выручка' successfully

29-11-2024T11:48:20 - [MESSAGE][PASSED] - Scroll to object 'Object Repository/Факторный анализ/4 квартал 2024 список Выручка' successfully

29-11-2024T11:48:20 - [TEST_STEP][PASSED] - click(findTestObject("Факторный анализ/4 квартал 2024 список Выручка"), CONTINUE_ON_FAILURE): Object: 'Object Repository/Факторный анализ/4 квартал 2024 список Выручка' is clicked on

29-11-2024T11:48:21 - [MESSAGE][PASSED] - Object: 'Object Repository/Факторный анализ/4 квартал 2024 список Выручка' is clicked on

29-11-2024T11:48:21 - [TEST_STEP][PASSED] - scrollToElement(findTestObject("Факторный анализ/Октябрь 2024 Выручка"), 30): Scroll to object 'Object Repository/Факторный анализ/Октябрь 2024 Выручка' successfully

29-11-2024T11:48:21 - [MESSAGE][PASSED] - Scroll to object 'Object Repository/Факторный анализ/Октябрь 2024 Выручка' successfully

29-11-2024T11:48:21 - [TEST_STEP][PASSED] - click(findTestObject("Факторный анализ/Октябрь 2024 Выручка"), CONTINUE_ON_FAILURE): Object: 'Object Repository/Факторный анализ/Октябрь 2024 Выручка' is clicked on

29-11-2024T11:48:21 - [MESSAGE][PASSED] - Object: 'Object Repository/Факторный анализ/Октябрь 2024 Выручка' is clicked on

29-11-2024T11:48:21 - [TEST_STEP][PASSED] - scrollToElement(findTestObject("Факторный анализ/Заголовок дашборда Выручка"), 30): Scroll to object 'Object Repository/Факторный анализ/Заголовок дашборда Выручка' successfully

29-11-2024T11:48:22 - [MESSAGE][PASSED] - Scroll to object 'Object Repository/Факторный анализ/Заголовок дашборда Выручка' successfully

29-11-2024T11:48:22 - [TEST_STEP][PASSED] - click(findTestObject("Факторный анализ/Применить в фильтре Дата Выручка")): Object: 'Object Repository/Факторный анализ/Применить в фильтре Дата Выручка' is clicked on

29-11-2024T11:48:22 - [MESSAGE][PASSED] - Object: 'Object Repository/Факторный анализ/Применить в фильтре Дата Выручка' is clicked on

29-11-2024T11:48:22 - [TEST_STEP][PASSED] - if (run == 1): null

29-11-2024T11:48:22 - [TEST_STEP][PASSED] - else: null

29-11-2024T11:48:22 - [TEST_STEP][PASSED] - click(findTestObject("Факторный анализ/Переключить отображение с филиала на месяц")): Object: 'Object Repository/Факторный анализ/Переключить отображение с филиала на месяц' is clicked on

29-11-2024T11:48:28 - [MESSAGE][PASSED] - Object: 'Object Repository/Факторный анализ/Переключить отображение с филиала на месяц' is clicked on

29-11-2024T11:48:28 - [TEST_STEP][PASSED] - b1 = replaceAll("\s+", "").trim(): Text of object 'Object Repository/Факторный анализ/span1 Выручка' is: '-441 650'

29-11-2024T11:48:28 - [MESSAGE][PASSED] - Text of object 'Object Repository/Факторный анализ/span1 Выручка' is: '-441 650'

29-11-2024T11:48:28 - [TEST_STEP][PASSED] - b2 = replaceAll("\s+", "").trim(): Text of object 'Object Repository/Факторный анализ/span2 Выручка' is: '29 073'

29-11-2024T11:48:29 - [MESSAGE][PASSED] - Text of object 'Object Repository/Факторный анализ/span2 Выручка' is: '29 073'

29-11-2024T11:48:29 - [TEST_STEP][PASSED] - println("b1: " + b1): null

29-11-2024T11:48:29 - [TEST_STEP][PASSED] - println("b2: " + b2): null

29-11-2024T11:48:29 - [TEST_STEP][PASSED] - vidget = "Отклонения выручки по факторам": null

29-11-2024T11:48:29 - [TEST_STEP][PASSED] - DZO = "ПАО Россети": null

29-11-2024T11:48:29 - [TEST_STEP][PASSED] - typeOfData = "Отклонение (объём услуг)": null

29-11-2024T11:48:29 - [TEST_STEP][PASSED] - Script1719551244403.Compare(x = a1, y = b1, run, typeOfData, otobrajeniyeDannyh, todaysDate, vidget, DZO): null

29-11-2024T11:48:29 - [TEST_STEP][PASSED] - if (verifyEqual(x, y) == true): Actual object '-441650' and expected object '-441650' are equal

29-11-2024T11:48:29 - [MESSAGE][PASSED] - Actual object '-441650' and expected object '-441650' are equal

29-11-2024T11:48:29 - [TEST_STEP][PASSED] - typeOfData = "Отклонение (средний тариф)": null

29-11-2024T11:48:29 - [TEST_STEP][PASSED] - Script1719551244403.Compare(x = a2, y = b2, run, typeOfData, otobrajeniyeDannyh, todaysDate, vidget, DZO): null

29-11-2024T11:48:29 - [TEST_STEP][PASSED] - if (verifyEqual(x, y) == true): Actual object '29073' and expected object '29073' are equal

29-11-2024T11:48:29 - [MESSAGE][PASSED] - Actual object '29073' and expected object '29073' are equal

29-11-2024T11:48:29 - [TEST_STEP][PASSED] - tableB = getText(findTestObject("Факторный анализ/AllTable1 Выручка")).replaceAll("[\r?
|
]", "/"): Text of object 'Object Repository/Факторный анализ/AllTable1 Выручка' is: 'ДЗО
Филиал
Отклонение (объём услуг) филиал без Nan
Отклонение (средний тариф) филиал без Nan
АО «Тываэнерго» АО "Тываэнерго" 118 -44
АО «Чеченэнерго» АО «Чеченэнерго» 75 26
Россети Волга Мордовэнерго 200 -87
Оренбургэнерго 703 - 140
Пензаэнерго 299 -65
Самарские РС 378 -1 123
Саратовские РС 438 - 495
Ульяновские РС 261 - 209
Чувашэнерго - 140 137
Россети Кубань Кубаньэнерго 3 542 411
Россети Ленэнерго (ГК) Ленинградская область 1 283 831
г. Санкт-Петербург 2 452 - 104
Россети Московский регион Московская область 4 745 - 627
г. Москва 3 358 23
Россети Северный Кавказ (ГК) Дагестанская энергосбытовая компания 0 0
Дагэнерго - 543 537
Ингушэнерго - 177 122
Каббалкэнерго 254 50
Карачаево-Черкесскэнерго 131 0
Севкавказэнерго - 356 144
Ставропольэнерго 257 - 200
Россети Северо-Запад Архангельский филиал 80 -86
Вологодский филиал 264 2
Карельский филиал -67 185
Мурманский филиал 111 57
Новгородский филиал 216 -48
Псковский филиал 161 -20
филиал в Республике Коми -16 41
Россети Сибирь (ГК) Алтайэнерго - 545 222
Бурятэнерго - 831 242
ГАЭС -4 -24
Красноярскэнерго - 438 - 493
Кузбассэнерго-РЭС - 611 153
Омскэнерго - 586 - 165
Хакасэнерго 34 - 383
Читаэнерго - 799 101
Россети Томск Томская распределительная компания 373 - 135
Россети Тюмень Россети Тюмень -4 542 - 565
Россети Урал (ГК) Пермэнерго 631 - 215
Свердловэнерго 891 277
Челябэнерго 1 051 - 680
Россети ФСК ЕЭС Итого по ФСК ЕЭС -18 111 -6 233
Россети Центр Белгородэнерго 321 125
Брянскэнерго 72 19
Воронежэнерго 633 138
Костромаэнерго 102 -4
Курскэнерго 45 92
Липецкэнерго 805 - 346
Орелэнерго 160 -31
Смоленскэнерго 54 42
Тамбовэнерго 298 -2
Тверьэнерго - 740 57
Ярэнерго 584 12
Россети Центр и Приволжье (ГК) Владимирэнерго 562 52
Ивэнерго 195 55
Калугаэнерго 625 -50
Кировэнерго 464 20
Мариэнерго 173 23
Нижновэнерго 751 319
Рязаньэнерго 246 50
Тулэнерго 791 - 235
Удмуртэнерго 362 13
Россети Юг (ГК) АО «ВМЭС» 146 51
Астраханьэнерго 77 100
Волгоградэнерго 422 - 352
Калмэнерго 37 -3
Ростовэнерго 813 66
Россети Янтарь Россети Янтарь 360 -42'

29-11-2024T11:48:29 - [MESSAGE][PASSED] - Text of object 'Object Repository/Факторный анализ/AllTable1 Выручка' is: 'ДЗО
Филиал
Отклонение (объём услуг) филиал без Nan
Отклонение (средний тариф) филиал без Nan
АО «Тываэнерго» АО "Тываэнерго" 118 -44
АО «Чеченэнерго» АО «Чеченэнерго» 75 26
Россети Волга Мордовэнерго 200 -87
Оренбургэнерго 703 - 140
Пензаэнерго 299 -65
Самарские РС 378 -1 123
Саратовские РС 438 - 495
Ульяновские РС 261 - 209
Чувашэнерго - 140 137
Россети Кубань Кубаньэнерго 3 542 411
Россети Ленэнерго (ГК) Ленинградская область 1 283 831
г. Санкт-Петербург 2 452 - 104
Россети Московский регион Московская область 4 745 - 627
г. Москва 3 358 23
Россети Северный Кавказ (ГК) Дагестанская энергосбытовая компания 0 0
Дагэнерго - 543 537
Ингушэнерго - 177 122
Каббалкэнерго 254 50
Карачаево-Черкесскэнерго 131 0
Севкавказэнерго - 356 144
Ставропольэнерго 257 - 200
Россети Северо-Запад Архангельский филиал 80 -86
Вологодский филиал 264 2
Карельский филиал -67 185
Мурманский филиал 111 57
Новгородский филиал 216 -48
Псковский филиал 161 -20
филиал в Республике Коми -16 41
Россети Сибирь (ГК) Алтайэнерго - 545 222
Бурятэнерго - 831 242
ГАЭС -4 -24
Красноярскэнерго - 438 - 493
Кузбассэнерго-РЭС - 611 153
Омскэнерго - 586 - 165
Хакасэнерго 34 - 383
Читаэнерго - 799 101
Россети Томск Томская распределительная компания 373 - 135
Россети Тюмень Россети Тюмень -4 542 - 565
Россети Урал (ГК) Пермэнерго 631 - 215
Свердловэнерго 891 277
Челябэнерго 1 051 - 680
Россети ФСК ЕЭС Итого по ФСК ЕЭС -18 111 -6 233
Россети Центр Белгородэнерго 321 125
Брянскэнерго 72 19
Воронежэнерго 633 138
Костромаэнерго 102 -4
Курскэнерго 45 92
Липецкэнерго 805 - 346
Орелэнерго 160 -31
Смоленскэнерго 54 42
Тамбовэнерго 298 -2
Тверьэнерго - 740 57
Ярэнерго 584 12
Россети Центр и Приволжье (ГК) Владимирэнерго 562 52
Ивэнерго 195 55
Калугаэнерго 625 -50
Кировэнерго 464 20
Мариэнерго 173 23
Нижновэнерго 751 319
Рязаньэнерго 246 50
Тулэнерго 791 - 235
Удмуртэнерго 362 13
Россети Юг (ГК) АО «ВМЭС» 146 51
Астраханьэнерго 77 100
Волгоградэнерго 422 - 352
Калмэнерго 37 -3
Ростовэнерго 813 66
Россети Янтарь Россети Янтарь 360 -42'

29-11-2024T11:48:29 - [TEST_STEP][PASSED] - println("tableB: " + tableB): null

29-11-2024T11:48:29 - [TEST_STEP][PASSED] - for ([i = 1, i < 5, (i++)]): null

29-11-2024T11:48:29 - [TEST_STEP][PASSED] - ii = tableB.indexOf("/") + 1: null

29-11-2024T11:48:29 - [TEST_STEP][PASSED] - tableB = tableB.substring(ii, tableB.length()): null

29-11-2024T11:48:29 - [TEST_STEP][PASSED] - ii = tableB.indexOf("/") + 1: null

29-11-2024T11:48:29 - [TEST_STEP][PASSED] - tableB = tableB.substring(ii, tableB.length()): null

29-11-2024T11:48:29 - [TEST_STEP][PASSED] - ii = tableB.indexOf("/") + 1: null

29-11-2024T11:48:29 - [TEST_STEP][PASSED] - tableB = tableB.substring(ii, tableB.length()): null

29-11-2024T11:48:29 - [TEST_STEP][PASSED] - ii = tableB.indexOf("/") + 1: null

29-11-2024T11:48:29 - [TEST_STEP][PASSED] - tableB = tableB.substring(ii, tableB.length()): null

29-11-2024T11:48:29 - [TEST_STEP][PASSED] - println("tableB: " + tableB): null

29-11-2024T11:48:29 - [TEST_STEP][PASSED] - TyB = Script1719551244403.GetData(x = tableB): null

29-11-2024T11:48:29 - [TEST_STEP][PASSED] - i2 = <not implemented yet for class: org.codehaus.groovy.ast.expr.EmptyExpression>: null

29-11-2024T11:48:29 - [TEST_STEP][PASSED] - i2 = x.indexOf("/") + 1: null

29-11-2024T11:48:29 - [TEST_STEP][PASSED] - x = replaceAll("\p{P}", "").trim(): null

29-11-2024T11:48:29 - [TEST_STEP][PASSED] - return x: null

29-11-2024T11:48:29 - [TEST_STEP][PASSED] - println("TyB: " + TyB): null

29-11-2024T11:48:29 - [TEST_STEP][PASSED] - tableB = Script1719551244403.NewDZO(x = tableB): null

29-11-2024T11:48:29 - [TEST_STEP][PASSED] - i3 = <not implemented yet for class: org.codehaus.groovy.ast.expr.EmptyExpression>: null

29-11-2024T11:48:29 - [TEST_STEP][PASSED] - i3 = x.indexOf("/") + 1: null

29-11-2024T11:48:29 - [TEST_STEP][PASSED] - x = x.substring(i3, x.length()): null

29-11-2024T11:48:29 - [TEST_STEP][PASSED] - return x: null

29-11-2024T11:48:29 - [TEST_STEP][PASSED] - ChB = Script1719551244403.GetData(x = tableB): null

29-11-2024T11:48:29 - [TEST_STEP][PASSED] - i2 = <not implemented yet for class: org.codehaus.groovy.ast.expr.EmptyExpression>: null

29-11-2024T11:48:29 - [TEST_STEP][PASSED] - i2 = x.indexOf("/") + 1: null

29-11-2024T11:48:29 - [TEST_STEP][PASSED] - x = replaceAll("\p{P}", "").trim(): null

29-11-2024T11:48:29 - [TEST_STEP][PASSED] - return x: null

29-11-2024T11:48:29 - [TEST_STEP][PASSED] - println("ChB: " + ChB): null

29-11-2024T11:48:29 - [TEST_STEP][PASSED] - tableB = Script1719551244403.NewDZO(x = tableB): null

29-11-2024T11:48:29 - [TEST_STEP][PASSED] - i3 = <not implemented yet for class: org.codehaus.groovy.ast.expr.EmptyExpression>: null

29-11-2024T11:48:29 - [TEST_STEP][PASSED] - i3 = x.indexOf("/") + 1: null

29-11-2024T11:48:29 - [TEST_STEP][PASSED] - x = x.substring(i3, x.length()): null

29-11-2024T11:48:29 - [TEST_STEP][PASSED] - return x: null

29-11-2024T11:48:29 - [TEST_STEP][PASSED] - i = tableB.indexOf("Кубань"): null

29-11-2024T11:48:29 - [TEST_STEP][PASSED] - VB = replaceAll("\p{P}", "").trim(): null

29-11-2024T11:48:29 - [TEST_STEP][PASSED] - println("VB: " + VB): null

29-11-2024T11:48:29 - [TEST_STEP][PASSED] - for ([i = 1, i < 8, (i++)]): null

29-11-2024T11:48:29 - [TEST_STEP][PASSED] - tableB = Script1719551244403.NewDZO(x = tableB): null

29-11-2024T11:48:29 - [TEST_STEP][PASSED] - i3 = <not implemented yet for class: org.codehaus.groovy.ast.expr.EmptyExpression>: null

29-11-2024T11:48:29 - [TEST_STEP][PASSED] - i3 = x.indexOf("/") + 1: null

29-11-2024T11:48:29 - [TEST_STEP][PASSED] - x = x.substring(i3, x.length()): null

29-11-2024T11:48:29 - [TEST_STEP][PASSED] - return x: null

29-11-2024T11:48:29 - [TEST_STEP][PASSED] - tableB = Script1719551244403.NewDZO(x = tableB): null

29-11-2024T11:48:29 - [TEST_STEP][PASSED] - i3 = <not implemented yet for class: org.codehaus.groovy.ast.expr.EmptyExpression>: null

29-11-2024T11:48:29 - [TEST_STEP][PASSED] - i3 = x.indexOf("/") + 1: null

29-11-2024T11:48:29 - [TEST_STEP][PASSED] - x = x.substring(i3, x.length()): null

29-11-2024T11:48:29 - [TEST_STEP][PASSED] - return x: null

29-11-2024T11:48:29 - [TEST_STEP][PASSED] - tableB = Script1719551244403.NewDZO(x = tableB): null

29-11-2024T11:48:29 - [TEST_STEP][PASSED] - i3 = <not implemented yet for class: org.codehaus.groovy.ast.expr.EmptyExpression>: null

29-11-2024T11:48:29 - [TEST_STEP][PASSED] - i3 = x.indexOf("/") + 1: null

29-11-2024T11:48:29 - [TEST_STEP][PASSED] - x = x.substring(i3, x.length()): null

29-11-2024T11:48:29 - [TEST_STEP][PASSED] - return x: null

29-11-2024T11:48:29 - [TEST_STEP][PASSED] - tableB = Script1719551244403.NewDZO(x = tableB): null

29-11-2024T11:48:29 - [TEST_STEP][PASSED] - i3 = <not implemented yet for class: org.codehaus.groovy.ast.expr.EmptyExpression>: null

29-11-2024T11:48:29 - [TEST_STEP][PASSED] - i3 = x.indexOf("/") + 1: null

29-11-2024T11:48:29 - [TEST_STEP][PASSED] - x = x.substring(i3, x.length()): null

29-11-2024T11:48:29 - [TEST_STEP][PASSED] - return x: null

29-11-2024T11:48:29 - [TEST_STEP][PASSED] - tableB = Script1719551244403.NewDZO(x = tableB): null

29-11-2024T11:48:29 - [TEST_STEP][PASSED] - i3 = <not implemented yet for class: org.codehaus.groovy.ast.expr.EmptyExpression>: null

29-11-2024T11:48:29 - [TEST_STEP][PASSED] - i3 = x.indexOf("/") + 1: null

29-11-2024T11:48:29 - [TEST_STEP][PASSED] - x = x.substring(i3, x.length()): null

29-11-2024T11:48:29 - [TEST_STEP][PASSED] - return x: null

29-11-2024T11:48:29 - [TEST_STEP][PASSED] - tableB = Script1719551244403.NewDZO(x = tableB): null

29-11-2024T11:48:29 - [TEST_STEP][PASSED] - i3 = <not implemented yet for class: org.codehaus.groovy.ast.expr.EmptyExpression>: null

29-11-2024T11:48:29 - [TEST_STEP][PASSED] - i3 = x.indexOf("/") + 1: null

29-11-2024T11:48:29 - [TEST_STEP][PASSED] - x = x.substring(i3, x.length()): null

29-11-2024T11:48:29 - [TEST_STEP][PASSED] - return x: null

29-11-2024T11:48:29 - [TEST_STEP][PASSED] - tableB = Script1719551244403.NewDZO(x = tableB): null

29-11-2024T11:48:29 - [TEST_STEP][PASSED] - i3 = <not implemented yet for class: org.codehaus.groovy.ast.expr.EmptyExpression>: null

29-11-2024T11:48:29 - [TEST_STEP][PASSED] - i3 = x.indexOf("/") + 1: null

29-11-2024T11:48:29 - [TEST_STEP][PASSED] - x = x.substring(i3, x.length()): null

29-11-2024T11:48:29 - [TEST_STEP][PASSED] - return x: null

29-11-2024T11:48:29 - [TEST_STEP][PASSED] - i = tableB.indexOf("Ленэнерго"): null

29-11-2024T11:48:29 - [TEST_STEP][PASSED] - KuB = Script1719551244403.GetData(x = tableB): null

29-11-2024T11:48:29 - [TEST_STEP][PASSED] - i2 = <not implemented yet for class: org.codehaus.groovy.ast.expr.EmptyExpression>: null

29-11-2024T11:48:29 - [TEST_STEP][PASSED] - i2 = x.indexOf("/") + 1: null

29-11-2024T11:48:29 - [TEST_STEP][PASSED] - x = replaceAll("\p{P}", "").trim(): null

29-11-2024T11:48:29 - [TEST_STEP][PASSED] - return x: null

29-11-2024T11:48:29 - [TEST_STEP][PASSED] - println("KuB: " + KuB): null

29-11-2024T11:48:29 - [TEST_STEP][PASSED] - tableB = Script1719551244403.NewDZO(x = tableB): null

29-11-2024T11:48:29 - [TEST_STEP][PASSED] - i3 = <not implemented yet for class: org.codehaus.groovy.ast.expr.EmptyExpression>: null

29-11-2024T11:48:29 - [TEST_STEP][PASSED] - i3 = x.indexOf("/") + 1: null

29-11-2024T11:48:29 - [TEST_STEP][PASSED] - x = x.substring(i3, x.length()): null

29-11-2024T11:48:29 - [TEST_STEP][PASSED] - return x: null

29-11-2024T11:48:29 - [TEST_STEP][PASSED] - i = tableB.indexOf("Московский"): null

29-11-2024T11:48:29 - [TEST_STEP][PASSED] - LenB = replaceAll("\p{P}", "").trim(): null

29-11-2024T11:48:29 - [TEST_STEP][PASSED] - println("LenB: " + LenB): null

29-11-2024T11:48:29 - [TEST_STEP][PASSED] - tableB = Script1719551244403.NewDZO(x = tableB): null

29-11-2024T11:48:29 - [TEST_STEP][PASSED] - i3 = <not implemented yet for class: org.codehaus.groovy.ast.expr.EmptyExpression>: null

29-11-2024T11:48:29 - [TEST_STEP][PASSED] - i3 = x.indexOf("/") + 1: null

29-11-2024T11:48:29 - [TEST_STEP][PASSED] - x = x.substring(i3, x.length()): null

29-11-2024T11:48:29 - [TEST_STEP][PASSED] - return x: null

29-11-2024T11:48:29 - [TEST_STEP][PASSED] - tableB = Script1719551244403.NewDZO(x = tableB): null

29-11-2024T11:48:29 - [TEST_STEP][PASSED] - i3 = <not implemented yet for class: org.codehaus.groovy.ast.expr.EmptyExpression>: null

29-11-2024T11:48:29 - [TEST_STEP][PASSED] - i3 = x.indexOf("/") + 1: null

29-11-2024T11:48:29 - [TEST_STEP][PASSED] - x = x.substring(i3, x.length()): null

29-11-2024T11:48:29 - [TEST_STEP][PASSED] - return x: null

29-11-2024T11:48:29 - [TEST_STEP][PASSED] - i = tableB.indexOf("Кавказ"): null

29-11-2024T11:48:29 - [TEST_STEP][PASSED] - MosB = replaceAll("\p{P}", "").trim(): null

29-11-2024T11:48:29 - [TEST_STEP][PASSED] - println("MosB: " + MosB): null

29-11-2024T11:48:29 - [TEST_STEP][PASSED] - for ([i = 1, i < 3, (i++)]): null

29-11-2024T11:48:29 - [TEST_STEP][PASSED] - tableB = Script1719551244403.NewDZO(x = tableB): null

29-11-2024T11:48:29 - [TEST_STEP][PASSED] - i3 = <not implemented yet for class: org.codehaus.groovy.ast.expr.EmptyExpression>: null

29-11-2024T11:48:29 - [TEST_STEP][PASSED] - i3 = x.indexOf("/") + 1: null

29-11-2024T11:48:29 - [TEST_STEP][PASSED] - x = x.substring(i3, x.length()): null

29-11-2024T11:48:29 - [TEST_STEP][PASSED] - return x: null

29-11-2024T11:48:29 - [TEST_STEP][PASSED] - tableB = Script1719551244403.NewDZO(x = tableB): null

29-11-2024T11:48:29 - [TEST_STEP][PASSED] - i3 = <not implemented yet for class: org.codehaus.groovy.ast.expr.EmptyExpression>: null

29-11-2024T11:48:29 - [TEST_STEP][PASSED] - i3 = x.indexOf("/") + 1: null

29-11-2024T11:48:29 - [TEST_STEP][PASSED] - x = x.substring(i3, x.length()): null

29-11-2024T11:48:29 - [TEST_STEP][PASSED] - return x: null

29-11-2024T11:48:29 - [TEST_STEP][PASSED] - i = tableB.indexOf("Запад"): null

29-11-2024T11:48:29 - [TEST_STEP][PASSED] - SKB = replaceAll("\p{P}", "").trim(): null

29-11-2024T11:48:29 - [TEST_STEP][PASSED] - println("SKB: " + SKB): null

29-11-2024T11:48:29 - [TEST_STEP][PASSED] - for ([i = 1, i < 7, (i++)]): null

29-11-2024T11:48:29 - [TEST_STEP][PASSED] - tableB = Script1719551244403.NewDZO(x = tableB): null

29-11-2024T11:48:29 - [TEST_STEP][PASSED] - i3 = <not implemented yet for class: org.codehaus.groovy.ast.expr.EmptyExpression>: null

29-11-2024T11:48:29 - [TEST_STEP][PASSED] - i3 = x.indexOf("/") + 1: null

29-11-2024T11:48:29 - [TEST_STEP][PASSED] - x = x.substring(i3, x.length()): null

29-11-2024T11:48:29 - [TEST_STEP][PASSED] - return x: null

29-11-2024T11:48:29 - [TEST_STEP][PASSED] - tableB = Script1719551244403.NewDZO(x = tableB): null

29-11-2024T11:48:29 - [TEST_STEP][PASSED] - i3 = <not implemented yet for class: org.codehaus.groovy.ast.expr.EmptyExpression>: null

29-11-2024T11:48:29 - [TEST_STEP][PASSED] - i3 = x.indexOf("/") + 1: null

29-11-2024T11:48:29 - [TEST_STEP][PASSED] - x = x.substring(i3, x.length()): null

29-11-2024T11:48:29 - [TEST_STEP][PASSED] - return x: null

29-11-2024T11:48:29 - [TEST_STEP][PASSED] - tableB = Script1719551244403.NewDZO(x = tableB): null

29-11-2024T11:48:29 - [TEST_STEP][PASSED] - i3 = <not implemented yet for class: org.codehaus.groovy.ast.expr.EmptyExpression>: null

29-11-2024T11:48:29 - [TEST_STEP][PASSED] - i3 = x.indexOf("/") + 1: null

29-11-2024T11:48:29 - [TEST_STEP][PASSED] - x = x.substring(i3, x.length()): null

29-11-2024T11:48:29 - [TEST_STEP][PASSED] - return x: null

29-11-2024T11:48:29 - [TEST_STEP][PASSED] - tableB = Script1719551244403.NewDZO(x = tableB): null

29-11-2024T11:48:29 - [TEST_STEP][PASSED] - i3 = <not implemented yet for class: org.codehaus.groovy.ast.expr.EmptyExpression>: null

29-11-2024T11:48:29 - [TEST_STEP][PASSED] - i3 = x.indexOf("/") + 1: null

29-11-2024T11:48:29 - [TEST_STEP][PASSED] - x = x.substring(i3, x.length()): null

29-11-2024T11:48:29 - [TEST_STEP][PASSED] - return x: null

29-11-2024T11:48:29 - [TEST_STEP][PASSED] - tableB = Script1719551244403.NewDZO(x = tableB): null

29-11-2024T11:48:29 - [TEST_STEP][PASSED] - i3 = <not implemented yet for class: org.codehaus.groovy.ast.expr.EmptyExpression>: null

29-11-2024T11:48:29 - [TEST_STEP][PASSED] - i3 = x.indexOf("/") + 1: null

29-11-2024T11:48:29 - [TEST_STEP][PASSED] - x = x.substring(i3, x.length()): null

29-11-2024T11:48:29 - [TEST_STEP][PASSED] - return x: null

29-11-2024T11:48:29 - [TEST_STEP][PASSED] - tableB = Script1719551244403.NewDZO(x = tableB): null

29-11-2024T11:48:29 - [TEST_STEP][PASSED] - i3 = <not implemented yet for class: org.codehaus.groovy.ast.expr.EmptyExpression>: null

29-11-2024T11:48:29 - [TEST_STEP][PASSED] - i3 = x.indexOf("/") + 1: null

29-11-2024T11:48:29 - [TEST_STEP][PASSED] - x = x.substring(i3, x.length()): null

29-11-2024T11:48:29 - [TEST_STEP][PASSED] - return x: null

29-11-2024T11:48:29 - [TEST_STEP][PASSED] - i = tableB.indexOf("Сибирь"): null

29-11-2024T11:48:29 - [TEST_STEP][PASSED] - SZB = replaceAll("\p{P}", "").trim(): null

29-11-2024T11:48:29 - [TEST_STEP][PASSED] - println("SZB: " + SZB): null

29-11-2024T11:48:29 - [TEST_STEP][PASSED] - for ([i = 1, i < 8, (i++)]): null

29-11-2024T11:48:29 - [TEST_STEP][PASSED] - tableB = Script1719551244403.NewDZO(x = tableB): null

29-11-2024T11:48:29 - [TEST_STEP][PASSED] - i3 = <not implemented yet for class: org.codehaus.groovy.ast.expr.EmptyExpression>: null

29-11-2024T11:48:29 - [TEST_STEP][PASSED] - i3 = x.indexOf("/") + 1: null

29-11-2024T11:48:29 - [TEST_STEP][PASSED] - x = x.substring(i3, x.length()): null

29-11-2024T11:48:29 - [TEST_STEP][PASSED] - return x: null

29-11-2024T11:48:29 - [TEST_STEP][PASSED] - tableB = Script1719551244403.NewDZO(x = tableB): null

29-11-2024T11:48:29 - [TEST_STEP][PASSED] - i3 = <not implemented yet for class: org.codehaus.groovy.ast.expr.EmptyExpression>: null

29-11-2024T11:48:29 - [TEST_STEP][PASSED] - i3 = x.indexOf("/") + 1: null

29-11-2024T11:48:29 - [TEST_STEP][PASSED] - x = x.substring(i3, x.length()): null

29-11-2024T11:48:29 - [TEST_STEP][PASSED] - return x: null

29-11-2024T11:48:29 - [TEST_STEP][PASSED] - tableB = Script1719551244403.NewDZO(x = tableB): null

29-11-2024T11:48:29 - [TEST_STEP][PASSED] - i3 = <not implemented yet for class: org.codehaus.groovy.ast.expr.EmptyExpression>: null

29-11-2024T11:48:29 - [TEST_STEP][PASSED] - i3 = x.indexOf("/") + 1: null

29-11-2024T11:48:29 - [TEST_STEP][PASSED] - x = x.substring(i3, x.length()): null

29-11-2024T11:48:29 - [TEST_STEP][PASSED] - return x: null

29-11-2024T11:48:29 - [TEST_STEP][PASSED] - tableB = Script1719551244403.NewDZO(x = tableB): null

29-11-2024T11:48:29 - [TEST_STEP][PASSED] - i3 = <not implemented yet for class: org.codehaus.groovy.ast.expr.EmptyExpression>: null

29-11-2024T11:48:29 - [TEST_STEP][PASSED] - i3 = x.indexOf("/") + 1: null

29-11-2024T11:48:29 - [TEST_STEP][PASSED] - x = x.substring(i3, x.length()): null

29-11-2024T11:48:29 - [TEST_STEP][PASSED] - return x: null

29-11-2024T11:48:29 - [TEST_STEP][PASSED] - tableB = Script1719551244403.NewDZO(x = tableB): null

29-11-2024T11:48:29 - [TEST_STEP][PASSED] - i3 = <not implemented yet for class: org.codehaus.groovy.ast.expr.EmptyExpression>: null

29-11-2024T11:48:29 - [TEST_STEP][PASSED] - i3 = x.indexOf("/") + 1: null

29-11-2024T11:48:29 - [TEST_STEP][PASSED] - x = x.substring(i3, x.length()): null

29-11-2024T11:48:29 - [TEST_STEP][PASSED] - return x: null

29-11-2024T11:48:29 - [TEST_STEP][PASSED] - tableB = Script1719551244403.NewDZO(x = tableB): null

29-11-2024T11:48:29 - [TEST_STEP][PASSED] - i3 = <not implemented yet for class: org.codehaus.groovy.ast.expr.EmptyExpression>: null

29-11-2024T11:48:29 - [TEST_STEP][PASSED] - i3 = x.indexOf("/") + 1: null

29-11-2024T11:48:29 - [TEST_STEP][PASSED] - x = x.substring(i3, x.length()): null

29-11-2024T11:48:29 - [TEST_STEP][PASSED] - return x: null

29-11-2024T11:48:29 - [TEST_STEP][PASSED] - tableB = Script1719551244403.NewDZO(x = tableB): null

29-11-2024T11:48:29 - [TEST_STEP][PASSED] - i3 = <not implemented yet for class: org.codehaus.groovy.ast.expr.EmptyExpression>: null

29-11-2024T11:48:29 - [TEST_STEP][PASSED] - i3 = x.indexOf("/") + 1: null

29-11-2024T11:48:29 - [TEST_STEP][PASSED] - x = x.substring(i3, x.length()): null

29-11-2024T11:48:29 - [TEST_STEP][PASSED] - return x: null

29-11-2024T11:48:29 - [TEST_STEP][PASSED] - i = tableB.indexOf("Томск"): null

29-11-2024T11:48:29 - [TEST_STEP][PASSED] - SiB = replaceAll("\p{P}", "").trim(): null

29-11-2024T11:48:29 - [TEST_STEP][PASSED] - println("SiB: " + SiB): null

29-11-2024T11:48:29 - [TEST_STEP][PASSED] - for ([i = 1, i < 9, (i++)]): null

29-11-2024T11:48:29 - [TEST_STEP][PASSED] - tableB = Script1719551244403.NewDZO(x = tableB): null

29-11-2024T11:48:29 - [TEST_STEP][PASSED] - i3 = <not implemented yet for class: org.codehaus.groovy.ast.expr.EmptyExpression>: null

29-11-2024T11:48:29 - [TEST_STEP][PASSED] - i3 = x.indexOf("/") + 1: null

29-11-2024T11:48:29 - [TEST_STEP][PASSED] - x = x.substring(i3, x.length()): null

29-11-2024T11:48:29 - [TEST_STEP][PASSED] - return x: null

29-11-2024T11:48:29 - [TEST_STEP][PASSED] - tableB = Script1719551244403.NewDZO(x = tableB): null

29-11-2024T11:48:29 - [TEST_STEP][PASSED] - i3 = <not implemented yet for class: org.codehaus.groovy.ast.expr.EmptyExpression>: null

29-11-2024T11:48:29 - [TEST_STEP][PASSED] - i3 = x.indexOf("/") + 1: null

29-11-2024T11:48:29 - [TEST_STEP][PASSED] - x = x.substring(i3, x.length()): null

29-11-2024T11:48:29 - [TEST_STEP][PASSED] - return x: null

29-11-2024T11:48:29 - [TEST_STEP][PASSED] - tableB = Script1719551244403.NewDZO(x = tableB): null

29-11-2024T11:48:29 - [TEST_STEP][PASSED] - i3 = <not implemented yet for class: org.codehaus.groovy.ast.expr.EmptyExpression>: null

29-11-2024T11:48:29 - [TEST_STEP][PASSED] - i3 = x.indexOf("/") + 1: null

29-11-2024T11:48:29 - [TEST_STEP][PASSED] - x = x.substring(i3, x.length()): null

29-11-2024T11:48:29 - [TEST_STEP][PASSED] - return x: null

29-11-2024T11:48:29 - [TEST_STEP][PASSED] - tableB = Script1719551244403.NewDZO(x = tableB): null

29-11-2024T11:48:29 - [TEST_STEP][PASSED] - i3 = <not implemented yet for class: org.codehaus.groovy.ast.expr.EmptyExpression>: null

29-11-2024T11:48:29 - [TEST_STEP][PASSED] - i3 = x.indexOf("/") + 1: null

29-11-2024T11:48:29 - [TEST_STEP][PASSED] - x = x.substring(i3, x.length()): null

29-11-2024T11:48:29 - [TEST_STEP][PASSED] - return x: null

29-11-2024T11:48:29 - [TEST_STEP][PASSED] - tableB = Script1719551244403.NewDZO(x = tableB): null

29-11-2024T11:48:29 - [TEST_STEP][PASSED] - i3 = <not implemented yet for class: org.codehaus.groovy.ast.expr.EmptyExpression>: null

29-11-2024T11:48:29 - [TEST_STEP][PASSED] - i3 = x.indexOf("/") + 1: null

29-11-2024T11:48:29 - [TEST_STEP][PASSED] - x = x.substring(i3, x.length()): null

29-11-2024T11:48:29 - [TEST_STEP][PASSED] - return x: null

29-11-2024T11:48:29 - [TEST_STEP][PASSED] - tableB = Script1719551244403.NewDZO(x = tableB): null

29-11-2024T11:48:29 - [TEST_STEP][PASSED] - i3 = <not implemented yet for class: org.codehaus.groovy.ast.expr.EmptyExpression>: null

29-11-2024T11:48:29 - [TEST_STEP][PASSED] - i3 = x.indexOf("/") + 1: null

29-11-2024T11:48:29 - [TEST_STEP][PASSED] - x = x.substring(i3, x.length()): null

29-11-2024T11:48:29 - [TEST_STEP][PASSED] - return x: null

29-11-2024T11:48:29 - [TEST_STEP][PASSED] - tableB = Script1719551244403.NewDZO(x = tableB): null

29-11-2024T11:48:29 - [TEST_STEP][PASSED] - i3 = <not implemented yet for class: org.codehaus.groovy.ast.expr.EmptyExpression>: null

29-11-2024T11:48:29 - [TEST_STEP][PASSED] - i3 = x.indexOf("/") + 1: null

29-11-2024T11:48:29 - [TEST_STEP][PASSED] - x = x.substring(i3, x.length()): null

29-11-2024T11:48:29 - [TEST_STEP][PASSED] - return x: null

29-11-2024T11:48:29 - [TEST_STEP][PASSED] - tableB = Script1719551244403.NewDZO(x = tableB): null

29-11-2024T11:48:29 - [TEST_STEP][PASSED] - i3 = <not implemented yet for class: org.codehaus.groovy.ast.expr.EmptyExpression>: null

29-11-2024T11:48:29 - [TEST_STEP][PASSED] - i3 = x.indexOf("/") + 1: null

29-11-2024T11:48:29 - [TEST_STEP][PASSED] - x = x.substring(i3, x.length()): null

29-11-2024T11:48:29 - [TEST_STEP][PASSED] - return x: null

29-11-2024T11:48:29 - [TEST_STEP][PASSED] - i = tableB.indexOf("Тюмень"): null

29-11-2024T11:48:29 - [TEST_STEP][PASSED] - ToB = replaceAll("\p{P}", "").trim(): null

29-11-2024T11:48:29 - [TEST_STEP][PASSED] - println("ToB: " + ToB): null

29-11-2024T11:48:29 - [TEST_STEP][PASSED] - tableB = Script1719551244403.NewDZO(x = tableB): null

29-11-2024T11:48:29 - [TEST_STEP][PASSED] - i3 = <not implemented yet for class: org.codehaus.groovy.ast.expr.EmptyExpression>: null

29-11-2024T11:48:29 - [TEST_STEP][PASSED] - i3 = x.indexOf("/") + 1: null

29-11-2024T11:48:29 - [TEST_STEP][PASSED] - x = x.substring(i3, x.length()): null

29-11-2024T11:48:29 - [TEST_STEP][PASSED] - return x: null

29-11-2024T11:48:29 - [TEST_STEP][PASSED] - TyuB = replaceAll("\p{P}", "").trim(): null

29-11-2024T11:48:29 - [TEST_STEP][PASSED] - println("TyuB: " + TyuB): null

29-11-2024T11:48:29 - [TEST_STEP][PASSED] - tableB = Script1719551244403.NewDZO(x = tableB): null

29-11-2024T11:48:29 - [TEST_STEP][PASSED] - i3 = <not implemented yet for class: org.codehaus.groovy.ast.expr.EmptyExpression>: null

29-11-2024T11:48:29 - [TEST_STEP][PASSED] - i3 = x.indexOf("/") + 1: null

29-11-2024T11:48:29 - [TEST_STEP][PASSED] - x = x.substring(i3, x.length()): null

29-11-2024T11:48:29 - [TEST_STEP][PASSED] - return x: null

29-11-2024T11:48:29 - [TEST_STEP][PASSED] - i = tableB.indexOf("ЕЭС"): null

29-11-2024T11:48:29 - [TEST_STEP][PASSED] - UrB = replaceAll("\p{P}", "").trim(): null

29-11-2024T11:48:29 - [TEST_STEP][PASSED] - println("UrB: " + UrB): null

29-11-2024T11:48:29 - [TEST_STEP][PASSED] - for ([i = 1, i < 4, (i++)]): null

29-11-2024T11:48:29 - [TEST_STEP][PASSED] - tableB = Script1719551244403.NewDZO(x = tableB): null

29-11-2024T11:48:29 - [TEST_STEP][PASSED] - i3 = <not implemented yet for class: org.codehaus.groovy.ast.expr.EmptyExpression>: null

29-11-2024T11:48:29 - [TEST_STEP][PASSED] - i3 = x.indexOf("/") + 1: null

29-11-2024T11:48:29 - [TEST_STEP][PASSED] - x = x.substring(i3, x.length()): null

29-11-2024T11:48:29 - [TEST_STEP][PASSED] - return x: null

29-11-2024T11:48:29 - [TEST_STEP][PASSED] - tableB = Script1719551244403.NewDZO(x = tableB): null

29-11-2024T11:48:29 - [TEST_STEP][PASSED] - i3 = <not implemented yet for class: org.codehaus.groovy.ast.expr.EmptyExpression>: null

29-11-2024T11:48:29 - [TEST_STEP][PASSED] - i3 = x.indexOf("/") + 1: null

29-11-2024T11:48:29 - [TEST_STEP][PASSED] - x = x.substring(i3, x.length()): null

29-11-2024T11:48:29 - [TEST_STEP][PASSED] - return x: null

29-11-2024T11:48:29 - [TEST_STEP][PASSED] - tableB = Script1719551244403.NewDZO(x = tableB): null

29-11-2024T11:48:29 - [TEST_STEP][PASSED] - i3 = <not implemented yet for class: org.codehaus.groovy.ast.expr.EmptyExpression>: null

29-11-2024T11:48:29 - [TEST_STEP][PASSED] - i3 = x.indexOf("/") + 1: null

29-11-2024T11:48:29 - [TEST_STEP][PASSED] - x = x.substring(i3, x.length()): null

29-11-2024T11:48:29 - [TEST_STEP][PASSED] - return x: null

29-11-2024T11:48:29 - [TEST_STEP][PASSED] - i = tableB.indexOf("Центр"): null

29-11-2024T11:48:29 - [TEST_STEP][PASSED] - FSKB = replaceAll("\p{P}", "").trim(): null

29-11-2024T11:48:29 - [TEST_STEP][PASSED] - println("FSKB: " + FSKB): null

29-11-2024T11:48:29 - [TEST_STEP][PASSED] - tableB = Script1719551244403.NewDZO(x = tableB): null

29-11-2024T11:48:29 - [TEST_STEP][PASSED] - i3 = <not implemented yet for class: org.codehaus.groovy.ast.expr.EmptyExpression>: null

29-11-2024T11:48:29 - [TEST_STEP][PASSED] - i3 = x.indexOf("/") + 1: null

29-11-2024T11:48:29 - [TEST_STEP][PASSED] - x = x.substring(i3, x.length()): null

29-11-2024T11:48:29 - [TEST_STEP][PASSED] - return x: null

29-11-2024T11:48:29 - [TEST_STEP][PASSED] - i = tableB.indexOf("Приволжье"): null

29-11-2024T11:48:29 - [TEST_STEP][PASSED] - CenB = replaceAll("\p{P}", "").trim(): null

29-11-2024T11:48:29 - [TEST_STEP][PASSED] - println("CenB: " + CenB): null

29-11-2024T11:48:29 - [TEST_STEP][PASSED] - for ([i = 1, i < 12, (i++)]): null

29-11-2024T11:48:29 - [TEST_STEP][PASSED] - tableB = Script1719551244403.NewDZO(x = tableB): null

29-11-2024T11:48:29 - [TEST_STEP][PASSED] - i3 = <not implemented yet for class: org.codehaus.groovy.ast.expr.EmptyExpression>: null

29-11-2024T11:48:29 - [TEST_STEP][PASSED] - i3 = x.indexOf("/") + 1: null

29-11-2024T11:48:29 - [TEST_STEP][PASSED] - x = x.substring(i3, x.length()): null

29-11-2024T11:48:29 - [TEST_STEP][PASSED] - return x: null

29-11-2024T11:48:29 - [TEST_STEP][PASSED] - tableB = Script1719551244403.NewDZO(x = tableB): null

29-11-2024T11:48:29 - [TEST_STEP][PASSED] - i3 = <not implemented yet for class: org.codehaus.groovy.ast.expr.EmptyExpression>: null

29-11-2024T11:48:29 - [TEST_STEP][PASSED] - i3 = x.indexOf("/") + 1: null

29-11-2024T11:48:29 - [TEST_STEP][PASSED] - x = x.substring(i3, x.length()): null

29-11-2024T11:48:29 - [TEST_STEP][PASSED] - return x: null

29-11-2024T11:48:29 - [TEST_STEP][PASSED] - tableB = Script1719551244403.NewDZO(x = tableB): null

29-11-2024T11:48:29 - [TEST_STEP][PASSED] - i3 = <not implemented yet for class: org.codehaus.groovy.ast.expr.EmptyExpression>: null

29-11-2024T11:48:29 - [TEST_STEP][PASSED] - i3 = x.indexOf("/") + 1: null

29-11-2024T11:48:29 - [TEST_STEP][PASSED] - x = x.substring(i3, x.length()): null

29-11-2024T11:48:29 - [TEST_STEP][PASSED] - return x: null

29-11-2024T11:48:29 - [TEST_STEP][PASSED] - tableB = Script1719551244403.NewDZO(x = tableB): null

29-11-2024T11:48:29 - [TEST_STEP][PASSED] - i3 = <not implemented yet for class: org.codehaus.groovy.ast.expr.EmptyExpression>: null

29-11-2024T11:48:29 - [TEST_STEP][PASSED] - i3 = x.indexOf("/") + 1: null

29-11-2024T11:48:29 - [TEST_STEP][PASSED] - x = x.substring(i3, x.length()): null

29-11-2024T11:48:29 - [TEST_STEP][PASSED] - return x: null

29-11-2024T11:48:29 - [TEST_STEP][PASSED] - tableB = Script1719551244403.NewDZO(x = tableB): null

29-11-2024T11:48:29 - [TEST_STEP][PASSED] - i3 = <not implemented yet for class: org.codehaus.groovy.ast.expr.EmptyExpression>: null

29-11-2024T11:48:29 - [TEST_STEP][PASSED] - i3 = x.indexOf("/") + 1: null

29-11-2024T11:48:29 - [TEST_STEP][PASSED] - x = x.substring(i3, x.length()): null

29-11-2024T11:48:29 - [TEST_STEP][PASSED] - return x: null

29-11-2024T11:48:29 - [TEST_STEP][PASSED] - tableB = Script1719551244403.NewDZO(x = tableB): null

29-11-2024T11:48:29 - [TEST_STEP][PASSED] - i3 = <not implemented yet for class: org.codehaus.groovy.ast.expr.EmptyExpression>: null

29-11-2024T11:48:29 - [TEST_STEP][PASSED] - i3 = x.indexOf("/") + 1: null

29-11-2024T11:48:29 - [TEST_STEP][PASSED] - x = x.substring(i3, x.length()): null

29-11-2024T11:48:29 - [TEST_STEP][PASSED] - return x: null

29-11-2024T11:48:29 - [TEST_STEP][PASSED] - tableB = Script1719551244403.NewDZO(x = tableB): null

29-11-2024T11:48:29 - [TEST_STEP][PASSED] - i3 = <not implemented yet for class: org.codehaus.groovy.ast.expr.EmptyExpression>: null

29-11-2024T11:48:29 - [TEST_STEP][PASSED] - i3 = x.indexOf("/") + 1: null

29-11-2024T11:48:29 - [TEST_STEP][PASSED] - x = x.substring(i3, x.length()): null

29-11-2024T11:48:29 - [TEST_STEP][PASSED] - return x: null

29-11-2024T11:48:29 - [TEST_STEP][PASSED] - tableB = Script1719551244403.NewDZO(x = tableB): null

29-11-2024T11:48:29 - [TEST_STEP][PASSED] - i3 = <not implemented yet for class: org.codehaus.groovy.ast.expr.EmptyExpression>: null

29-11-2024T11:48:29 - [TEST_STEP][PASSED] - i3 = x.indexOf("/") + 1: null

29-11-2024T11:48:29 - [TEST_STEP][PASSED] - x = x.substring(i3, x.length()): null

29-11-2024T11:48:29 - [TEST_STEP][PASSED] - return x: null

29-11-2024T11:48:29 - [TEST_STEP][PASSED] - tableB = Script1719551244403.NewDZO(x = tableB): null

29-11-2024T11:48:29 - [TEST_STEP][PASSED] - i3 = <not implemented yet for class: org.codehaus.groovy.ast.expr.EmptyExpression>: null

29-11-2024T11:48:29 - [TEST_STEP][PASSED] - i3 = x.indexOf("/") + 1: null

29-11-2024T11:48:29 - [TEST_STEP][PASSED] - x = x.substring(i3, x.length()): null

29-11-2024T11:48:29 - [TEST_STEP][PASSED] - return x: null

29-11-2024T11:48:29 - [TEST_STEP][PASSED] - tableB = Script1719551244403.NewDZO(x = tableB): null

29-11-2024T11:48:29 - [TEST_STEP][PASSED] - i3 = <not implemented yet for class: org.codehaus.groovy.ast.expr.EmptyExpression>: null

29-11-2024T11:48:29 - [TEST_STEP][PASSED] - i3 = x.indexOf("/") + 1: null

29-11-2024T11:48:29 - [TEST_STEP][PASSED] - x = x.substring(i3, x.length()): null

29-11-2024T11:48:29 - [TEST_STEP][PASSED] - return x: null

29-11-2024T11:48:29 - [TEST_STEP][PASSED] - tableB = Script1719551244403.NewDZO(x = tableB): null

29-11-2024T11:48:29 - [TEST_STEP][PASSED] - i3 = <not implemented yet for class: org.codehaus.groovy.ast.expr.EmptyExpression>: null

29-11-2024T11:48:29 - [TEST_STEP][PASSED] - i3 = x.indexOf("/") + 1: null

29-11-2024T11:48:29 - [TEST_STEP][PASSED] - x = x.substring(i3, x.length()): null

29-11-2024T11:48:29 - [TEST_STEP][PASSED] - return x: null

29-11-2024T11:48:29 - [TEST_STEP][PASSED] - i = tableB.indexOf("Юг"): null

29-11-2024T11:48:29 - [TEST_STEP][PASSED] - CiPB = replaceAll("\p{P}", "").trim(): null

29-11-2024T11:48:29 - [TEST_STEP][PASSED] - println("CiPB: " + CiPB): null

29-11-2024T11:48:29 - [TEST_STEP][PASSED] - for ([i = 1, i < 10, (i++)]): null

29-11-2024T11:48:29 - [TEST_STEP][PASSED] - tableB = Script1719551244403.NewDZO(x = tableB): null

29-11-2024T11:48:29 - [TEST_STEP][PASSED] - i3 = <not implemented yet for class: org.codehaus.groovy.ast.expr.EmptyExpression>: null

29-11-2024T11:48:29 - [TEST_STEP][PASSED] - i3 = x.indexOf("/") + 1: null

29-11-2024T11:48:29 - [TEST_STEP][PASSED] - x = x.substring(i3, x.length()): null

29-11-2024T11:48:29 - [TEST_STEP][PASSED] - return x: null

29-11-2024T11:48:29 - [TEST_STEP][PASSED] - tableB = Script1719551244403.NewDZO(x = tableB): null

29-11-2024T11:48:29 - [TEST_STEP][PASSED] - i3 = <not implemented yet for class: org.codehaus.groovy.ast.expr.EmptyExpression>: null

29-11-2024T11:48:29 - [TEST_STEP][PASSED] - i3 = x.indexOf("/") + 1: null

29-11-2024T11:48:29 - [TEST_STEP][PASSED] - x = x.substring(i3, x.length()): null

29-11-2024T11:48:29 - [TEST_STEP][PASSED] - return x: null

29-11-2024T11:48:29 - [TEST_STEP][PASSED] - tableB = Script1719551244403.NewDZO(x = tableB): null

29-11-2024T11:48:29 - [TEST_STEP][PASSED] - i3 = <not implemented yet for class: org.codehaus.groovy.ast.expr.EmptyExpression>: null

29-11-2024T11:48:29 - [TEST_STEP][PASSED] - i3 = x.indexOf("/") + 1: null

29-11-2024T11:48:29 - [TEST_STEP][PASSED] - x = x.substring(i3, x.length()): null

29-11-2024T11:48:29 - [TEST_STEP][PASSED] - return x: null

29-11-2024T11:48:29 - [TEST_STEP][PASSED] - tableB = Script1719551244403.NewDZO(x = tableB): null

29-11-2024T11:48:29 - [TEST_STEP][PASSED] - i3 = <not implemented yet for class: org.codehaus.groovy.ast.expr.EmptyExpression>: null

29-11-2024T11:48:29 - [TEST_STEP][PASSED] - i3 = x.indexOf("/") + 1: null

29-11-2024T11:48:29 - [TEST_STEP][PASSED] - x = x.substring(i3, x.length()): null

29-11-2024T11:48:29 - [TEST_STEP][PASSED] - return x: null

29-11-2024T11:48:29 - [TEST_STEP][PASSED] - tableB = Script1719551244403.NewDZO(x = tableB): null

29-11-2024T11:48:29 - [TEST_STEP][PASSED] - i3 = <not implemented yet for class: org.codehaus.groovy.ast.expr.EmptyExpression>: null

29-11-2024T11:48:29 - [TEST_STEP][PASSED] - i3 = x.indexOf("/") + 1: null

29-11-2024T11:48:29 - [TEST_STEP][PASSED] - x = x.substring(i3, x.length()): null

29-11-2024T11:48:29 - [TEST_STEP][PASSED] - return x: null

29-11-2024T11:48:29 - [TEST_STEP][PASSED] - tableB = Script1719551244403.NewDZO(x = tableB): null

29-11-2024T11:48:29 - [TEST_STEP][PASSED] - i3 = <not implemented yet for class: org.codehaus.groovy.ast.expr.EmptyExpression>: null

29-11-2024T11:48:29 - [TEST_STEP][PASSED] - i3 = x.indexOf("/") + 1: null

29-11-2024T11:48:29 - [TEST_STEP][PASSED] - x = x.substring(i3, x.length()): null

29-11-2024T11:48:29 - [TEST_STEP][PASSED] - return x: null

29-11-2024T11:48:29 - [TEST_STEP][PASSED] - tableB = Script1719551244403.NewDZO(x = tableB): null

29-11-2024T11:48:29 - [TEST_STEP][PASSED] - i3 = <not implemented yet for class: org.codehaus.groovy.ast.expr.EmptyExpression>: null

29-11-2024T11:48:29 - [TEST_STEP][PASSED] - i3 = x.indexOf("/") + 1: null

29-11-2024T11:48:29 - [TEST_STEP][PASSED] - x = x.substring(i3, x.length()): null

29-11-2024T11:48:29 - [TEST_STEP][PASSED] - return x: null

29-11-2024T11:48:29 - [TEST_STEP][PASSED] - tableB = Script1719551244403.NewDZO(x = tableB): null

29-11-2024T11:48:29 - [TEST_STEP][PASSED] - i3 = <not implemented yet for class: org.codehaus.groovy.ast.expr.EmptyExpression>: null

29-11-2024T11:48:29 - [TEST_STEP][PASSED] - i3 = x.indexOf("/") + 1: null

29-11-2024T11:48:29 - [TEST_STEP][PASSED] - x = x.substring(i3, x.length()): null

29-11-2024T11:48:29 - [TEST_STEP][PASSED] - return x: null

29-11-2024T11:48:29 - [TEST_STEP][PASSED] - tableB = Script1719551244403.NewDZO(x = tableB): null

29-11-2024T11:48:29 - [TEST_STEP][PASSED] - i3 = <not implemented yet for class: org.codehaus.groovy.ast.expr.EmptyExpression>: null

29-11-2024T11:48:29 - [TEST_STEP][PASSED] - i3 = x.indexOf("/") + 1: null

29-11-2024T11:48:29 - [TEST_STEP][PASSED] - x = x.substring(i3, x.length()): null

29-11-2024T11:48:29 - [TEST_STEP][PASSED] - return x: null

29-11-2024T11:48:29 - [TEST_STEP][PASSED] - i = tableB.indexOf("Янтарь"): null

29-11-2024T11:48:29 - [TEST_STEP][PASSED] - UgB = replaceAll("\p{P}", "").trim(): null

29-11-2024T11:48:29 - [TEST_STEP][PASSED] - println("UgB: " + UgB): null

29-11-2024T11:48:29 - [TEST_STEP][PASSED] - i = tableB.lastIndexOf("/"): null

29-11-2024T11:48:29 - [TEST_STEP][PASSED] - YaB = replaceAll("\p{P}", "").trim(): null

29-11-2024T11:48:29 - [TEST_STEP][PASSED] - println("YaB: " + YaB): null

29-11-2024T11:48:29 - [TEST_STEP][PASSED] - vidget = "Отклонения выручки по факторам": null

29-11-2024T11:48:29 - [TEST_STEP][PASSED] - if (run == 2): null

29-11-2024T11:48:29 - [TEST_STEP][PASSED] - DZO = "АО «Тываэнерго»": null

29-11-2024T11:48:29 - [TEST_STEP][PASSED] - Script1719551244403.CompareDZO(x = TyA, y = TyB, run, typeOfData, otobrajeniyeDannyh, todaysDate, vidget, DZO): null

29-11-2024T11:48:29 - [TEST_STEP][PASSED] - x1 = x: null

29-11-2024T11:48:29 - [TEST_STEP][PASSED] - y1 = y: null

29-11-2024T11:48:29 - [TEST_STEP][PASSED] - i1 = <not implemented yet for class: org.codehaus.groovy.ast.expr.EmptyExpression>: null

29-11-2024T11:48:29 - [TEST_STEP][PASSED] - if (verifyEqual(x, y) == true): null

29-11-2024T11:48:29 - [MESSAGE][PASSED] - Actual object '118 44' and expected object '118 44' are equal

29-11-2024T11:48:29 - [TEST_STEP][PASSED] - DZO = "АО «Чеченэнерго»": null

29-11-2024T11:48:29 - [TEST_STEP][PASSED] - Script1719551244403.CompareDZO(x = ChA, y = ChB, run, typeOfData, otobrajeniyeDannyh, todaysDate, vidget, DZO): null

29-11-2024T11:48:29 - [TEST_STEP][PASSED] - x1 = x: null

29-11-2024T11:48:29 - [TEST_STEP][PASSED] - y1 = y: null

29-11-2024T11:48:29 - [TEST_STEP][PASSED] - i1 = <not implemented yet for class: org.codehaus.groovy.ast.expr.EmptyExpression>: null

29-11-2024T11:48:29 - [TEST_STEP][FAILED] - if (verifyEqual(x, y) == true): Unable to verify equal between actual object '3 688 26' and expected object '75 26' (Root cause: com.kms.katalon.core.exception.StepFailedException: Actual object '3 688 26' and expected object '75 26' are not equal
	at com.kms.katalon.core.keyword.builtin.VerifyEqualKeyword$_verifyEqual_closure1.doCall(VerifyEqualKeyword.groovy:58)
	at com.kms.katalon.core.keyword.builtin.VerifyEqualKeyword$_verifyEqual_closure1.call(VerifyEqualKeyword.groovy)
	at com.kms.katalon.core.keyword.internal.KeywordMain.runKeyword(KeywordMain.groovy:75)
	at com.kms.katalon.core.keyword.builtin.VerifyEqualKeyword.verifyEqual(VerifyEqualKeyword.groovy:63)
	at com.kms.katalon.core.keyword.builtin.VerifyEqualKeyword.execute(VerifyEqualKeyword.groovy:44)
	at com.kms.katalon.core.keyword.internal.KeywordExecutor.executeKeywordForPlatform(KeywordExecutor.groovy:74)
	at com.kms.katalon.core.keyword.BuiltinKeywords.verifyEqual(BuiltinKeywords.groovy:146)
	at jdk.internal.reflect.GeneratedMethodAccessor22.invoke(Unknown Source)
	at java.base/jdk.internal.reflect.DelegatingMethodAccessorImpl.invoke(DelegatingMethodAccessorImpl.java:43)
	at Факторный анализ сверка дашбордов.CompareDZO(Факторный анализ сверка дашбордов:695)
	at Факторный анализ сверка дашбордов.Test(Факторный анализ сверка дашбордов:609)
	at Факторный анализ сверка дашбордов.run(Факторный анализ сверка дашбордов:44)
	at com.kms.katalon.core.main.ScriptEngine.run(ScriptEngine.java:194)
	at com.kms.katalon.core.main.ScriptEngine.runScriptAsRawText(ScriptEngine.java:119)
	at com.kms.katalon.core.main.TestCaseExecutor.runScript(TestCaseExecutor.java:448)
	at com.kms.katalon.core.main.TestCaseExecutor.doExecute(TestCaseExecutor.java:439)
	at com.kms.katalon.core.main.TestCaseExecutor.processExecutionPhase(TestCaseExecutor.java:418)
	at com.kms.katalon.core.main.TestCaseExecutor.accessMainPhase(TestCaseExecutor.java:410)
	at com.kms.katalon.core.main.TestCaseExecutor.execute(TestCaseExecutor.java:285)
	at com.kms.katalon.core.common.CommonExecutor.accessTestCaseMainPhase(CommonExecutor.java:65)
	at com.kms.katalon.core.main.TestSuiteExecutor.accessTestSuiteMainPhase(TestSuiteExecutor.java:150)
	at com.kms.katalon.core.main.TestSuiteExecutor.execute(TestSuiteExecutor.java:106)
	at com.kms.katalon.core.main.TestCaseMain.startTestSuite(TestCaseMain.java:180)
	at TempTestSuite1732866793142.run(TempTestSuite1732866793142.groovy:35)
	at java.base/jdk.internal.reflect.NativeMethodAccessorImpl.invoke0(Native Method)
	at java.base/jdk.internal.reflect.NativeMethodAccessorImpl.invoke(NativeMethodAccessorImpl.java:77)
	at java.base/jdk.internal.reflect.DelegatingMethodAccessorImpl.invoke(DelegatingMethodAccessorImpl.java:43)
)

29-11-2024T11:48:29 - [MESSAGE][FAILED] - Unable to verify equal between actual object '3 688 26' and expected object '75 26' (Root cause: com.kms.katalon.core.exception.StepFailedException: Actual object '3 688 26' and expected object '75 26' are not equal
	at com.kms.katalon.core.keyword.builtin.VerifyEqualKeyword$_verifyEqual_closure1.doCall(VerifyEqualKeyword.groovy:58)
	at com.kms.katalon.core.keyword.builtin.VerifyEqualKeyword$_verifyEqual_closure1.call(VerifyEqualKeyword.groovy)
	at com.kms.katalon.core.keyword.internal.KeywordMain.runKeyword(KeywordMain.groovy:75)
	at com.kms.katalon.core.keyword.builtin.VerifyEqualKeyword.verifyEqual(VerifyEqualKeyword.groovy:63)
	at com.kms.katalon.core.keyword.builtin.VerifyEqualKeyword.execute(VerifyEqualKeyword.groovy:44)
	at com.kms.katalon.core.keyword.internal.KeywordExecutor.executeKeywordForPlatform(KeywordExecutor.groovy:74)
	at com.kms.katalon.core.keyword.BuiltinKeywords.verifyEqual(BuiltinKeywords.groovy:146)
	at jdk.internal.reflect.GeneratedMethodAccessor22.invoke(Unknown Source)
	at java.base/jdk.internal.reflect.DelegatingMethodAccessorImpl.invoke(DelegatingMethodAccessorImpl.java:43)
	at Факторный анализ сверка дашбордов.CompareDZO(Факторный анализ сверка дашбордов:695)
	at Факторный анализ сверка дашбордов.Test(Факторный анализ сверка дашбордов:609)
	at Факторный анализ сверка дашбордов.run(Факторный анализ сверка дашбордов:44)
	at com.kms.katalon.core.main.ScriptEngine.run(ScriptEngine.java:194)
	at com.kms.katalon.core.main.ScriptEngine.runScriptAsRawText(ScriptEngine.java:119)
	at com.kms.katalon.core.main.TestCaseExecutor.runScript(TestCaseExecutor.java:448)
	at com.kms.katalon.core.main.TestCaseExecutor.doExecute(TestCaseExecutor.java:439)
	at com.kms.katalon.core.main.TestCaseExecutor.processExecutionPhase(TestCaseExecutor.java:418)
	at com.kms.katalon.core.main.TestCaseExecutor.accessMainPhase(TestCaseExecutor.java:410)
	at com.kms.katalon.core.main.TestCaseExecutor.execute(TestCaseExecutor.java:285)
	at com.kms.katalon.core.common.CommonExecutor.accessTestCaseMainPhase(CommonExecutor.java:65)
	at com.kms.katalon.core.main.TestSuiteExecutor.accessTestSuiteMainPhase(TestSuiteExecutor.java:150)
	at com.kms.katalon.core.main.TestSuiteExecutor.execute(TestSuiteExecutor.java:106)
	at com.kms.katalon.core.main.TestCaseMain.startTestSuite(TestCaseMain.java:180)
	at TempTestSuite1732866793142.run(TempTestSuite1732866793142.groovy:35)
	at java.base/jdk.internal.reflect.NativeMethodAccessorImpl.invoke0(Native Method)
	at java.base/jdk.internal.reflect.NativeMethodAccessorImpl.invoke(NativeMethodAccessorImpl.java:77)
	at java.base/jdk.internal.reflect.DelegatingMethodAccessorImpl.invoke(DelegatingMethodAccessorImpl.java:43)
)

29-11-2024T11:48:29 - [TEST_STEP][PASSED] - else: null

29-11-2024T11:48:29 - [TEST_STEP][PASSED] - otobrajeniyeDannyh = "Все": null

29-11-2024T11:48:29 - [TEST_STEP][PASSED] - vidget = "Всего отклонения по факторам": null

29-11-2024T11:48:29 - [TEST_STEP][PASSED] - Script1719551244403.WriteToExcel(todaysDate, typeOfData, otobrajeniyeDannyh, x, y, vidget, DZO): null

29-11-2024T11:48:29 - [TEST_STEP][PASSED] - sheetName = "Sheet1": null

29-11-2024T11:48:29 - [TEST_STEP][PASSED] - data = findTestData("PlanFact"): null

29-11-2024T11:48:29 - [TEST_STEP][PASSED] - n = data.getRowNumbers() + 1: null

29-11-2024T11:48:29 - [TEST_STEP][PASSED] - period = getText(findTestObject("Факторный анализ/Фильтр Период")): Text of object 'Object Repository/Факторный анализ/Фильтр Период' is: 'Октябрь и 1, 2, 3 кв. 2024 года'

29-11-2024T11:48:29 - [MESSAGE][PASSED] - Text of object 'Object Repository/Факторный анализ/Фильтр Период' is: 'Октябрь и 1, 2, 3 кв. 2024 года'

29-11-2024T11:48:29 - [TEST_STEP][PASSED] - println(period): null

29-11-2024T11:48:29 - [TEST_STEP][PASSED] - dashboardName = "Факторный анализ": null

29-11-2024T11:48:29 - [TEST_STEP][PASSED] - workbook01 = getWorkbook(excelFilePath): null

29-11-2024T11:48:30 - [TEST_STEP][PASSED] - sheet01 = getExcelSheet(workbook01, sheetName): null

29-11-2024T11:48:30 - [TEST_STEP][PASSED] - setValueToCellByIndex(sheet01, n, 0, dashboardName): null

29-11-2024T11:48:30 - [TEST_STEP][PASSED] - setValueToCellByIndex(sheet01, n, 1, DZO): null

29-11-2024T11:48:30 - [TEST_STEP][PASSED] - setValueToCellByIndex(sheet01, n, 2, vidget): null

29-11-2024T11:48:30 - [TEST_STEP][PASSED] - setValueToCellByIndex(sheet01, n, 3, typeOfData): null

29-11-2024T11:48:30 - [TEST_STEP][PASSED] - setValueToCellByIndex(sheet01, n, 4, otobrajeniyeDannyh): null

29-11-2024T11:48:30 - [TEST_STEP][PASSED] - setValueToCellByIndex(sheet01, n, 5, period): null

29-11-2024T11:48:30 - [TEST_STEP][PASSED] - setValueToCellByIndex(sheet01, n, 6, todaysDate): null

29-11-2024T11:48:30 - [TEST_STEP][PASSED] - n = n + 1: null

29-11-2024T11:48:30 - [TEST_STEP][PASSED] - saveWorkbook(excelFilePath, workbook01): null

29-11-2024T11:48:30 - [TEST_STEP][PASSED] - DZO = "Россети Волга": null

29-11-2024T11:48:30 - [TEST_STEP][PASSED] - Script1719551244403.CompareDZO(x = VA, y = VB, run, typeOfData, otobrajeniyeDannyh, todaysDate, vidget, DZO): null

29-11-2024T11:48:30 - [TEST_STEP][PASSED] - x1 = x: null

29-11-2024T11:48:30 - [TEST_STEP][PASSED] - y1 = y: null

29-11-2024T11:48:30 - [TEST_STEP][PASSED] - i1 = <not implemented yet for class: org.codehaus.groovy.ast.expr.EmptyExpression>: null

29-11-2024T11:48:30 - [TEST_STEP][FAILED] - if (verifyEqual(x, y) == true): Unable to verify equal between actual object '3 164 87 12 384  140 7 568 65  14 726 1 123  14 917  495  5 446  209 4 717 137' and expected object '200 87 703  140 299 65  378 1 123  438  495  261  209  140 137' (Root cause: com.kms.katalon.core.exception.StepFailedException: Actual object '3 164 87 12 384  140 7 568 65  14 726 1 123  14 917  495  5 446  209 4 717 137' and expected object '200 87 703  140 299 65  378 1 123  438  495  261  209  140 137' are not equal
	at com.kms.katalon.core.keyword.builtin.VerifyEqualKeyword$_verifyEqual_closure1.doCall(VerifyEqualKeyword.groovy:58)
	at com.kms.katalon.core.keyword.builtin.VerifyEqualKeyword$_verifyEqual_closure1.call(VerifyEqualKeyword.groovy)
	at com.kms.katalon.core.keyword.internal.KeywordMain.runKeyword(KeywordMain.groovy:75)
	at com.kms.katalon.core.keyword.builtin.VerifyEqualKeyword.verifyEqual(VerifyEqualKeyword.groovy:63)
	at com.kms.katalon.core.keyword.builtin.VerifyEqualKeyword.execute(VerifyEqualKeyword.groovy:44)
	at com.kms.katalon.core.keyword.internal.KeywordExecutor.executeKeywordForPlatform(KeywordExecutor.groovy:74)
	at com.kms.katalon.core.keyword.BuiltinKeywords.verifyEqual(BuiltinKeywords.groovy:146)
	at jdk.internal.reflect.GeneratedMethodAccessor22.invoke(Unknown Source)
	at java.base/jdk.internal.reflect.DelegatingMethodAccessorImpl.invoke(DelegatingMethodAccessorImpl.java:43)
	at Факторный анализ сверка дашбордов.CompareDZO(Факторный анализ сверка дашбордов:695)
	at Факторный анализ сверка дашбордов.Test(Факторный анализ сверка дашбордов:613)
	at Факторный анализ сверка дашбордов.run(Факторный анализ сверка дашбордов:44)
	at com.kms.katalon.core.main.ScriptEngine.run(ScriptEngine.java:194)
	at com.kms.katalon.core.main.ScriptEngine.runScriptAsRawText(ScriptEngine.java:119)
	at com.kms.katalon.core.main.TestCaseExecutor.runScript(TestCaseExecutor.java:448)
	at com.kms.katalon.core.main.TestCaseExecutor.doExecute(TestCaseExecutor.java:439)
	at com.kms.katalon.core.main.TestCaseExecutor.processExecutionPhase(TestCaseExecutor.java:418)
	at com.kms.katalon.core.main.TestCaseExecutor.accessMainPhase(TestCaseExecutor.java:410)
	at com.kms.katalon.core.main.TestCaseExecutor.execute(TestCaseExecutor.java:285)
	at com.kms.katalon.core.common.CommonExecutor.accessTestCaseMainPhase(CommonExecutor.java:65)
	at com.kms.katalon.core.main.TestSuiteExecutor.accessTestSuiteMainPhase(TestSuiteExecutor.java:150)
	at com.kms.katalon.core.main.TestSuiteExecutor.execute(TestSuiteExecutor.java:106)
	at com.kms.katalon.core.main.TestCaseMain.startTestSuite(TestCaseMain.java:180)
	at TempTestSuite1732866793142.run(TempTestSuite1732866793142.groovy:35)
	at java.base/jdk.internal.reflect.NativeMethodAccessorImpl.invoke0(Native Method)
	at java.base/jdk.internal.reflect.NativeMethodAccessorImpl.invoke(NativeMethodAccessorImpl.java:77)
	at java.base/jdk.internal.reflect.DelegatingMethodAccessorImpl.invoke(DelegatingMethodAccessorImpl.java:43)
)

29-11-2024T11:48:30 - [MESSAGE][FAILED] - Unable to verify equal between actual object '3 164 87 12 384  140 7 568 65  14 726 1 123  14 917  495  5 446  209 4 717 137' and expected object '200 87 703  140 299 65  378 1 123  438  495  261  209  140 137' (Root cause: com.kms.katalon.core.exception.StepFailedException: Actual object '3 164 87 12 384  140 7 568 65  14 726 1 123  14 917  495  5 446  209 4 717 137' and expected object '200 87 703  140 299 65  378 1 123  438  495  261  209  140 137' are not equal
	at com.kms.katalon.core.keyword.builtin.VerifyEqualKeyword$_verifyEqual_closure1.doCall(VerifyEqualKeyword.groovy:58)
	at com.kms.katalon.core.keyword.builtin.VerifyEqualKeyword$_verifyEqual_closure1.call(VerifyEqualKeyword.groovy)
	at com.kms.katalon.core.keyword.internal.KeywordMain.runKeyword(KeywordMain.groovy:75)
	at com.kms.katalon.core.keyword.builtin.VerifyEqualKeyword.verifyEqual(VerifyEqualKeyword.groovy:63)
	at com.kms.katalon.core.keyword.builtin.VerifyEqualKeyword.execute(VerifyEqualKeyword.groovy:44)
	at com.kms.katalon.core.keyword.internal.KeywordExecutor.executeKeywordForPlatform(KeywordExecutor.groovy:74)
	at com.kms.katalon.core.keyword.BuiltinKeywords.verifyEqual(BuiltinKeywords.groovy:146)
	at jdk.internal.reflect.GeneratedMethodAccessor22.invoke(Unknown Source)
	at java.base/jdk.internal.reflect.DelegatingMethodAccessorImpl.invoke(DelegatingMethodAccessorImpl.java:43)
	at Факторный анализ сверка дашбордов.CompareDZO(Факторный анализ сверка дашбордов:695)
	at Факторный анализ сверка дашбордов.Test(Факторный анализ сверка дашбордов:613)
	at Факторный анализ сверка дашбордов.run(Факторный анализ сверка дашбордов:44)
	at com.kms.katalon.core.main.ScriptEngine.run(ScriptEngine.java:194)
	at com.kms.katalon.core.main.ScriptEngine.runScriptAsRawText(ScriptEngine.java:119)
	at com.kms.katalon.core.main.TestCaseExecutor.runScript(TestCaseExecutor.java:448)
	at com.kms.katalon.core.main.TestCaseExecutor.doExecute(TestCaseExecutor.java:439)
	at com.kms.katalon.core.main.TestCaseExecutor.processExecutionPhase(TestCaseExecutor.java:418)
	at com.kms.katalon.core.main.TestCaseExecutor.accessMainPhase(TestCaseExecutor.java:410)
	at com.kms.katalon.core.main.TestCaseExecutor.execute(TestCaseExecutor.java:285)
	at com.kms.katalon.core.common.CommonExecutor.accessTestCaseMainPhase(CommonExecutor.java:65)
	at com.kms.katalon.core.main.TestSuiteExecutor.accessTestSuiteMainPhase(TestSuiteExecutor.java:150)
	at com.kms.katalon.core.main.TestSuiteExecutor.execute(TestSuiteExecutor.java:106)
	at com.kms.katalon.core.main.TestCaseMain.startTestSuite(TestCaseMain.java:180)
	at TempTestSuite1732866793142.run(TempTestSuite1732866793142.groovy:35)
	at java.base/jdk.internal.reflect.NativeMethodAccessorImpl.invoke0(Native Method)
	at java.base/jdk.internal.reflect.NativeMethodAccessorImpl.invoke(NativeMethodAccessorImpl.java:77)
	at java.base/jdk.internal.reflect.DelegatingMethodAccessorImpl.invoke(DelegatingMethodAccessorImpl.java:43)
)

29-11-2024T11:48:30 - [TEST_STEP][PASSED] - else: null

29-11-2024T11:48:30 - [TEST_STEP][PASSED] - otobrajeniyeDannyh = "Все": null

29-11-2024T11:48:30 - [TEST_STEP][PASSED] - vidget = "Всего отклонения по факторам": null

29-11-2024T11:48:30 - [TEST_STEP][PASSED] - Script1719551244403.WriteToExcel(todaysDate, typeOfData, otobrajeniyeDannyh, x, y, vidget, DZO): null

29-11-2024T11:48:30 - [TEST_STEP][PASSED] - sheetName = "Sheet1": null

29-11-2024T11:48:30 - [TEST_STEP][PASSED] - data = findTestData("PlanFact"): null

29-11-2024T11:48:30 - [TEST_STEP][PASSED] - n = data.getRowNumbers() + 1: null

29-11-2024T11:48:30 - [TEST_STEP][PASSED] - period = getText(findTestObject("Факторный анализ/Фильтр Период")): Text of object 'Object Repository/Факторный анализ/Фильтр Период' is: 'Октябрь и 1, 2, 3 кв. 2024 года'

29-11-2024T11:48:30 - [MESSAGE][PASSED] - Text of object 'Object Repository/Факторный анализ/Фильтр Период' is: 'Октябрь и 1, 2, 3 кв. 2024 года'

29-11-2024T11:48:30 - [TEST_STEP][PASSED] - println(period): null

29-11-2024T11:48:30 - [TEST_STEP][PASSED] - dashboardName = "Факторный анализ": null

29-11-2024T11:48:30 - [TEST_STEP][PASSED] - workbook01 = getWorkbook(excelFilePath): null

29-11-2024T11:48:30 - [TEST_STEP][PASSED] - sheet01 = getExcelSheet(workbook01, sheetName): null

29-11-2024T11:48:30 - [TEST_STEP][PASSED] - setValueToCellByIndex(sheet01, n, 0, dashboardName): null

29-11-2024T11:48:30 - [TEST_STEP][PASSED] - setValueToCellByIndex(sheet01, n, 1, DZO): null

29-11-2024T11:48:30 - [TEST_STEP][PASSED] - setValueToCellByIndex(sheet01, n, 2, vidget): null

29-11-2024T11:48:30 - [TEST_STEP][PASSED] - setValueToCellByIndex(sheet01, n, 3, typeOfData): null

29-11-2024T11:48:30 - [TEST_STEP][PASSED] - setValueToCellByIndex(sheet01, n, 4, otobrajeniyeDannyh): null

29-11-2024T11:48:30 - [TEST_STEP][PASSED] - setValueToCellByIndex(sheet01, n, 5, period): null

29-11-2024T11:48:30 - [TEST_STEP][PASSED] - setValueToCellByIndex(sheet01, n, 6, todaysDate): null

29-11-2024T11:48:30 - [TEST_STEP][PASSED] - n = n + 1: null

29-11-2024T11:48:30 - [TEST_STEP][PASSED] - saveWorkbook(excelFilePath, workbook01): null

29-11-2024T11:48:30 - [TEST_STEP][PASSED] - DZO = "Россети Кубань": null

29-11-2024T11:48:30 - [TEST_STEP][PASSED] - Script1719551244403.CompareDZO(x = KuA, y = KuB, run, typeOfData, otobrajeniyeDannyh, todaysDate, vidget, DZO): null

29-11-2024T11:48:30 - [TEST_STEP][PASSED] - x1 = x: null

29-11-2024T11:48:30 - [TEST_STEP][PASSED] - y1 = y: null

29-11-2024T11:48:30 - [TEST_STEP][PASSED] - i1 = <not implemented yet for class: org.codehaus.groovy.ast.expr.EmptyExpression>: null

29-11-2024T11:48:30 - [TEST_STEP][FAILED] - if (verifyEqual(x, y) == true): Unable to verify equal between actual object '58 965 411' and expected object '3 542 411' (Root cause: com.kms.katalon.core.exception.StepFailedException: Actual object '58 965 411' and expected object '3 542 411' are not equal
	at com.kms.katalon.core.keyword.builtin.VerifyEqualKeyword$_verifyEqual_closure1.doCall(VerifyEqualKeyword.groovy:58)
	at com.kms.katalon.core.keyword.builtin.VerifyEqualKeyword$_verifyEqual_closure1.call(VerifyEqualKeyword.groovy)
	at com.kms.katalon.core.keyword.internal.KeywordMain.runKeyword(KeywordMain.groovy:75)
	at com.kms.katalon.core.keyword.builtin.VerifyEqualKeyword.verifyEqual(VerifyEqualKeyword.groovy:63)
	at com.kms.katalon.core.keyword.builtin.VerifyEqualKeyword.execute(VerifyEqualKeyword.groovy:44)
	at com.kms.katalon.core.keyword.internal.KeywordExecutor.executeKeywordForPlatform(KeywordExecutor.groovy:74)
	at com.kms.katalon.core.keyword.BuiltinKeywords.verifyEqual(BuiltinKeywords.groovy:146)
	at jdk.internal.reflect.GeneratedMethodAccessor22.invoke(Unknown Source)
	at java.base/jdk.internal.reflect.DelegatingMethodAccessorImpl.invoke(DelegatingMethodAccessorImpl.java:43)
	at Факторный анализ сверка дашбордов.CompareDZO(Факторный анализ сверка дашбордов:695)
	at Факторный анализ сверка дашбордов.Test(Факторный анализ сверка дашбордов:617)
	at Факторный анализ сверка дашбордов.run(Факторный анализ сверка дашбордов:44)
	at com.kms.katalon.core.main.ScriptEngine.run(ScriptEngine.java:194)
	at com.kms.katalon.core.main.ScriptEngine.runScriptAsRawText(ScriptEngine.java:119)
	at com.kms.katalon.core.main.TestCaseExecutor.runScript(TestCaseExecutor.java:448)
	at com.kms.katalon.core.main.TestCaseExecutor.doExecute(TestCaseExecutor.java:439)
	at com.kms.katalon.core.main.TestCaseExecutor.processExecutionPhase(TestCaseExecutor.java:418)
	at com.kms.katalon.core.main.TestCaseExecutor.accessMainPhase(TestCaseExecutor.java:410)
	at com.kms.katalon.core.main.TestCaseExecutor.execute(TestCaseExecutor.java:285)
	at com.kms.katalon.core.common.CommonExecutor.accessTestCaseMainPhase(CommonExecutor.java:65)
	at com.kms.katalon.core.main.TestSuiteExecutor.accessTestSuiteMainPhase(TestSuiteExecutor.java:150)
	at com.kms.katalon.core.main.TestSuiteExecutor.execute(TestSuiteExecutor.java:106)
	at com.kms.katalon.core.main.TestCaseMain.startTestSuite(TestCaseMain.java:180)
	at TempTestSuite1732866793142.run(TempTestSuite1732866793142.groovy:35)
	at java.base/jdk.internal.reflect.NativeMethodAccessorImpl.invoke0(Native Method)
	at java.base/jdk.internal.reflect.NativeMethodAccessorImpl.invoke(NativeMethodAccessorImpl.java:77)
	at java.base/jdk.internal.reflect.DelegatingMethodAccessorImpl.invoke(DelegatingMethodAccessorImpl.java:43)
)

29-11-2024T11:48:30 - [MESSAGE][FAILED] - Unable to verify equal between actual object '58 965 411' and expected object '3 542 411' (Root cause: com.kms.katalon.core.exception.StepFailedException: Actual object '58 965 411' and expected object '3 542 411' are not equal
	at com.kms.katalon.core.keyword.builtin.VerifyEqualKeyword$_verifyEqual_closure1.doCall(VerifyEqualKeyword.groovy:58)
	at com.kms.katalon.core.keyword.builtin.VerifyEqualKeyword$_verifyEqual_closure1.call(VerifyEqualKeyword.groovy)
	at com.kms.katalon.core.keyword.internal.KeywordMain.runKeyword(KeywordMain.groovy:75)
	at com.kms.katalon.core.keyword.builtin.VerifyEqualKeyword.verifyEqual(VerifyEqualKeyword.groovy:63)
	at com.kms.katalon.core.keyword.builtin.VerifyEqualKeyword.execute(VerifyEqualKeyword.groovy:44)
	at com.kms.katalon.core.keyword.internal.KeywordExecutor.executeKeywordForPlatform(KeywordExecutor.groovy:74)
	at com.kms.katalon.core.keyword.BuiltinKeywords.verifyEqual(BuiltinKeywords.groovy:146)
	at jdk.internal.reflect.GeneratedMethodAccessor22.invoke(Unknown Source)
	at java.base/jdk.internal.reflect.DelegatingMethodAccessorImpl.invoke(DelegatingMethodAccessorImpl.java:43)
	at Факторный анализ сверка дашбордов.CompareDZO(Факторный анализ сверка дашбордов:695)
	at Факторный анализ сверка дашбордов.Test(Факторный анализ сверка дашбордов:617)
	at Факторный анализ сверка дашбордов.run(Факторный анализ сверка дашбордов:44)
	at com.kms.katalon.core.main.ScriptEngine.run(ScriptEngine.java:194)
	at com.kms.katalon.core.main.ScriptEngine.runScriptAsRawText(ScriptEngine.java:119)
	at com.kms.katalon.core.main.TestCaseExecutor.runScript(TestCaseExecutor.java:448)
	at com.kms.katalon.core.main.TestCaseExecutor.doExecute(TestCaseExecutor.java:439)
	at com.kms.katalon.core.main.TestCaseExecutor.processExecutionPhase(TestCaseExecutor.java:418)
	at com.kms.katalon.core.main.TestCaseExecutor.accessMainPhase(TestCaseExecutor.java:410)
	at com.kms.katalon.core.main.TestCaseExecutor.execute(TestCaseExecutor.java:285)
	at com.kms.katalon.core.common.CommonExecutor.accessTestCaseMainPhase(CommonExecutor.java:65)
	at com.kms.katalon.core.main.TestSuiteExecutor.accessTestSuiteMainPhase(TestSuiteExecutor.java:150)
	at com.kms.katalon.core.main.TestSuiteExecutor.execute(TestSuiteExecutor.java:106)
	at com.kms.katalon.core.main.TestCaseMain.startTestSuite(TestCaseMain.java:180)
	at TempTestSuite1732866793142.run(TempTestSuite1732866793142.groovy:35)
	at java.base/jdk.internal.reflect.NativeMethodAccessorImpl.invoke0(Native Method)
	at java.base/jdk.internal.reflect.NativeMethodAccessorImpl.invoke(NativeMethodAccessorImpl.java:77)
	at java.base/jdk.internal.reflect.DelegatingMethodAccessorImpl.invoke(DelegatingMethodAccessorImpl.java:43)
)

29-11-2024T11:48:30 - [TEST_STEP][PASSED] - else: null

29-11-2024T11:48:30 - [TEST_STEP][PASSED] - otobrajeniyeDannyh = "Все": null

29-11-2024T11:48:30 - [TEST_STEP][PASSED] - vidget = "Всего отклонения по факторам": null

29-11-2024T11:48:30 - [TEST_STEP][PASSED] - Script1719551244403.WriteToExcel(todaysDate, typeOfData, otobrajeniyeDannyh, x, y, vidget, DZO): null

29-11-2024T11:48:30 - [TEST_STEP][PASSED] - sheetName = "Sheet1": null

29-11-2024T11:48:30 - [TEST_STEP][PASSED] - data = findTestData("PlanFact"): null

29-11-2024T11:48:30 - [TEST_STEP][PASSED] - n = data.getRowNumbers() + 1: null

29-11-2024T11:48:30 - [TEST_STEP][PASSED] - period = getText(findTestObject("Факторный анализ/Фильтр Период")): Text of object 'Object Repository/Факторный анализ/Фильтр Период' is: 'Октябрь и 1, 2, 3 кв. 2024 года'

29-11-2024T11:48:31 - [MESSAGE][PASSED] - Text of object 'Object Repository/Факторный анализ/Фильтр Период' is: 'Октябрь и 1, 2, 3 кв. 2024 года'

29-11-2024T11:48:31 - [TEST_STEP][PASSED] - println(period): null

29-11-2024T11:48:31 - [TEST_STEP][PASSED] - dashboardName = "Факторный анализ": null

29-11-2024T11:48:31 - [TEST_STEP][PASSED] - workbook01 = getWorkbook(excelFilePath): null

29-11-2024T11:48:31 - [TEST_STEP][PASSED] - sheet01 = getExcelSheet(workbook01, sheetName): null

29-11-2024T11:48:31 - [TEST_STEP][PASSED] - setValueToCellByIndex(sheet01, n, 0, dashboardName): null

29-11-2024T11:48:31 - [TEST_STEP][PASSED] - setValueToCellByIndex(sheet01, n, 1, DZO): null

29-11-2024T11:48:31 - [TEST_STEP][PASSED] - setValueToCellByIndex(sheet01, n, 2, vidget): null

29-11-2024T11:48:31 - [TEST_STEP][PASSED] - setValueToCellByIndex(sheet01, n, 3, typeOfData): null

29-11-2024T11:48:31 - [TEST_STEP][PASSED] - setValueToCellByIndex(sheet01, n, 4, otobrajeniyeDannyh): null

29-11-2024T11:48:31 - [TEST_STEP][PASSED] - setValueToCellByIndex(sheet01, n, 5, period): null

29-11-2024T11:48:31 - [TEST_STEP][PASSED] - setValueToCellByIndex(sheet01, n, 6, todaysDate): null

29-11-2024T11:48:31 - [TEST_STEP][PASSED] - n = n + 1: null

29-11-2024T11:48:31 - [TEST_STEP][PASSED] - saveWorkbook(excelFilePath, workbook01): null

29-11-2024T11:48:31 - [TEST_STEP][PASSED] - DZO = "Московский регион": null

29-11-2024T11:48:31 - [TEST_STEP][PASSED] - Script1719551244403.CompareDZO(x = MosA, y = MosB, run, typeOfData, otobrajeniyeDannyh, todaysDate, vidget, DZO): null

29-11-2024T11:48:31 - [TEST_STEP][PASSED] - x1 = x: null

29-11-2024T11:48:31 - [TEST_STEP][PASSED] - y1 = y: null

29-11-2024T11:48:31 - [TEST_STEP][PASSED] - i1 = <not implemented yet for class: org.codehaus.groovy.ast.expr.EmptyExpression>: null

29-11-2024T11:48:31 - [TEST_STEP][PASSED] - if (verifyEqual(x, y) == true): null

29-11-2024T11:48:31 - [MESSAGE][PASSED] - Actual object '4 745  627  3 358 23' and expected object '4 745  627  3 358 23' are equal

29-11-2024T11:48:31 - [TEST_STEP][PASSED] - DZO = "Россети Ленэнерго (ГК)": null

29-11-2024T11:48:31 - [TEST_STEP][PASSED] - Script1719551244403.CompareDZO(x = LenA, y = LenB, run, typeOfData, otobrajeniyeDannyh, todaysDate, vidget, DZO): null

29-11-2024T11:48:31 - [TEST_STEP][PASSED] - x1 = x: null

29-11-2024T11:48:31 - [TEST_STEP][PASSED] - y1 = y: null

29-11-2024T11:48:31 - [TEST_STEP][PASSED] - i1 = <not implemented yet for class: org.codehaus.groovy.ast.expr.EmptyExpression>: null

29-11-2024T11:48:31 - [TEST_STEP][FAILED] - if (verifyEqual(x, y) == true): Unable to verify equal between actual object '33 086 831  46 070  104' and expected object '1 283 831  2 452  104' (Root cause: com.kms.katalon.core.exception.StepFailedException: Actual object '33 086 831  46 070  104' and expected object '1 283 831  2 452  104' are not equal
	at com.kms.katalon.core.keyword.builtin.VerifyEqualKeyword$_verifyEqual_closure1.doCall(VerifyEqualKeyword.groovy:58)
	at com.kms.katalon.core.keyword.builtin.VerifyEqualKeyword$_verifyEqual_closure1.call(VerifyEqualKeyword.groovy)
	at com.kms.katalon.core.keyword.internal.KeywordMain.runKeyword(KeywordMain.groovy:75)
	at com.kms.katalon.core.keyword.builtin.VerifyEqualKeyword.verifyEqual(VerifyEqualKeyword.groovy:63)
	at com.kms.katalon.core.keyword.builtin.VerifyEqualKeyword.execute(VerifyEqualKeyword.groovy:44)
	at com.kms.katalon.core.keyword.internal.KeywordExecutor.executeKeywordForPlatform(KeywordExecutor.groovy:74)
	at com.kms.katalon.core.keyword.BuiltinKeywords.verifyEqual(BuiltinKeywords.groovy:146)
	at jdk.internal.reflect.GeneratedMethodAccessor22.invoke(Unknown Source)
	at java.base/jdk.internal.reflect.DelegatingMethodAccessorImpl.invoke(DelegatingMethodAccessorImpl.java:43)
	at Факторный анализ сверка дашбордов.CompareDZO(Факторный анализ сверка дашбордов:695)
	at Факторный анализ сверка дашбордов.Test(Факторный анализ сверка дашбордов:625)
	at Факторный анализ сверка дашбордов.run(Факторный анализ сверка дашбордов:44)
	at com.kms.katalon.core.main.ScriptEngine.run(ScriptEngine.java:194)
	at com.kms.katalon.core.main.ScriptEngine.runScriptAsRawText(ScriptEngine.java:119)
	at com.kms.katalon.core.main.TestCaseExecutor.runScript(TestCaseExecutor.java:448)
	at com.kms.katalon.core.main.TestCaseExecutor.doExecute(TestCaseExecutor.java:439)
	at com.kms.katalon.core.main.TestCaseExecutor.processExecutionPhase(TestCaseExecutor.java:418)
	at com.kms.katalon.core.main.TestCaseExecutor.accessMainPhase(TestCaseExecutor.java:410)
	at com.kms.katalon.core.main.TestCaseExecutor.execute(TestCaseExecutor.java:285)
	at com.kms.katalon.core.common.CommonExecutor.accessTestCaseMainPhase(CommonExecutor.java:65)
	at com.kms.katalon.core.main.TestSuiteExecutor.accessTestSuiteMainPhase(TestSuiteExecutor.java:150)
	at com.kms.katalon.core.main.TestSuiteExecutor.execute(TestSuiteExecutor.java:106)
	at com.kms.katalon.core.main.TestCaseMain.startTestSuite(TestCaseMain.java:180)
	at TempTestSuite1732866793142.run(TempTestSuite1732866793142.groovy:35)
	at java.base/jdk.internal.reflect.NativeMethodAccessorImpl.invoke0(Native Method)
	at java.base/jdk.internal.reflect.NativeMethodAccessorImpl.invoke(NativeMethodAccessorImpl.java:77)
	at java.base/jdk.internal.reflect.DelegatingMethodAccessorImpl.invoke(DelegatingMethodAccessorImpl.java:43)
)

29-11-2024T11:48:31 - [MESSAGE][FAILED] - Unable to verify equal between actual object '33 086 831  46 070  104' and expected object '1 283 831  2 452  104' (Root cause: com.kms.katalon.core.exception.StepFailedException: Actual object '33 086 831  46 070  104' and expected object '1 283 831  2 452  104' are not equal
	at com.kms.katalon.core.keyword.builtin.VerifyEqualKeyword$_verifyEqual_closure1.doCall(VerifyEqualKeyword.groovy:58)
	at com.kms.katalon.core.keyword.builtin.VerifyEqualKeyword$_verifyEqual_closure1.call(VerifyEqualKeyword.groovy)
	at com.kms.katalon.core.keyword.internal.KeywordMain.runKeyword(KeywordMain.groovy:75)
	at com.kms.katalon.core.keyword.builtin.VerifyEqualKeyword.verifyEqual(VerifyEqualKeyword.groovy:63)
	at com.kms.katalon.core.keyword.builtin.VerifyEqualKeyword.execute(VerifyEqualKeyword.groovy:44)
	at com.kms.katalon.core.keyword.internal.KeywordExecutor.executeKeywordForPlatform(KeywordExecutor.groovy:74)
	at com.kms.katalon.core.keyword.BuiltinKeywords.verifyEqual(BuiltinKeywords.groovy:146)
	at jdk.internal.reflect.GeneratedMethodAccessor22.invoke(Unknown Source)
	at java.base/jdk.internal.reflect.DelegatingMethodAccessorImpl.invoke(DelegatingMethodAccessorImpl.java:43)
	at Факторный анализ сверка дашбордов.CompareDZO(Факторный анализ сверка дашбордов:695)
	at Факторный анализ сверка дашбордов.Test(Факторный анализ сверка дашбордов:625)
	at Факторный анализ сверка дашбордов.run(Факторный анализ сверка дашбордов:44)
	at com.kms.katalon.core.main.ScriptEngine.run(ScriptEngine.java:194)
	at com.kms.katalon.core.main.ScriptEngine.runScriptAsRawText(ScriptEngine.java:119)
	at com.kms.katalon.core.main.TestCaseExecutor.runScript(TestCaseExecutor.java:448)
	at com.kms.katalon.core.main.TestCaseExecutor.doExecute(TestCaseExecutor.java:439)
	at com.kms.katalon.core.main.TestCaseExecutor.processExecutionPhase(TestCaseExecutor.java:418)
	at com.kms.katalon.core.main.TestCaseExecutor.accessMainPhase(TestCaseExecutor.java:410)
	at com.kms.katalon.core.main.TestCaseExecutor.execute(TestCaseExecutor.java:285)
	at com.kms.katalon.core.common.CommonExecutor.accessTestCaseMainPhase(CommonExecutor.java:65)
	at com.kms.katalon.core.main.TestSuiteExecutor.accessTestSuiteMainPhase(TestSuiteExecutor.java:150)
	at com.kms.katalon.core.main.TestSuiteExecutor.execute(TestSuiteExecutor.java:106)
	at com.kms.katalon.core.main.TestCaseMain.startTestSuite(TestCaseMain.java:180)
	at TempTestSuite1732866793142.run(TempTestSuite1732866793142.groovy:35)
	at java.base/jdk.internal.reflect.NativeMethodAccessorImpl.invoke0(Native Method)
	at java.base/jdk.internal.reflect.NativeMethodAccessorImpl.invoke(NativeMethodAccessorImpl.java:77)
	at java.base/jdk.internal.reflect.DelegatingMethodAccessorImpl.invoke(DelegatingMethodAccessorImpl.java:43)
)

29-11-2024T11:48:31 - [TEST_STEP][PASSED] - else: null

29-11-2024T11:48:31 - [TEST_STEP][PASSED] - otobrajeniyeDannyh = "Все": null

29-11-2024T11:48:31 - [TEST_STEP][PASSED] - vidget = "Всего отклонения по факторам": null

29-11-2024T11:48:31 - [TEST_STEP][PASSED] - Script1719551244403.WriteToExcel(todaysDate, typeOfData, otobrajeniyeDannyh, x, y, vidget, DZO): null

29-11-2024T11:48:31 - [TEST_STEP][PASSED] - sheetName = "Sheet1": null

29-11-2024T11:48:31 - [TEST_STEP][PASSED] - data = findTestData("PlanFact"): null

29-11-2024T11:48:31 - [TEST_STEP][PASSED] - n = data.getRowNumbers() + 1: null

29-11-2024T11:48:31 - [TEST_STEP][PASSED] - period = getText(findTestObject("Факторный анализ/Фильтр Период")): Text of object 'Object Repository/Факторный анализ/Фильтр Период' is: 'Октябрь и 1, 2, 3 кв. 2024 года'

29-11-2024T11:48:31 - [MESSAGE][PASSED] - Text of object 'Object Repository/Факторный анализ/Фильтр Период' is: 'Октябрь и 1, 2, 3 кв. 2024 года'

29-11-2024T11:48:31 - [TEST_STEP][PASSED] - println(period): null

29-11-2024T11:48:31 - [TEST_STEP][PASSED] - dashboardName = "Факторный анализ": null

29-11-2024T11:48:31 - [TEST_STEP][PASSED] - workbook01 = getWorkbook(excelFilePath): null

29-11-2024T11:48:31 - [TEST_STEP][PASSED] - sheet01 = getExcelSheet(workbook01, sheetName): null

29-11-2024T11:48:31 - [TEST_STEP][PASSED] - setValueToCellByIndex(sheet01, n, 0, dashboardName): null

29-11-2024T11:48:31 - [TEST_STEP][PASSED] - setValueToCellByIndex(sheet01, n, 1, DZO): null

29-11-2024T11:48:31 - [TEST_STEP][PASSED] - setValueToCellByIndex(sheet01, n, 2, vidget): null

29-11-2024T11:48:31 - [TEST_STEP][PASSED] - setValueToCellByIndex(sheet01, n, 3, typeOfData): null

29-11-2024T11:48:31 - [TEST_STEP][PASSED] - setValueToCellByIndex(sheet01, n, 4, otobrajeniyeDannyh): null

29-11-2024T11:48:31 - [TEST_STEP][PASSED] - setValueToCellByIndex(sheet01, n, 5, period): null

29-11-2024T11:48:31 - [TEST_STEP][PASSED] - setValueToCellByIndex(sheet01, n, 6, todaysDate): null

29-11-2024T11:48:31 - [TEST_STEP][PASSED] - n = n + 1: null

29-11-2024T11:48:31 - [TEST_STEP][PASSED] - saveWorkbook(excelFilePath, workbook01): null

29-11-2024T11:48:32 - [TEST_STEP][PASSED] - DZO = "Россети Северный Кавказ (ГК)": null

29-11-2024T11:48:32 - [TEST_STEP][PASSED] - Script1719551244403.CompareDZO(x = SKA, y = SKB, run, typeOfData, otobrajeniyeDannyh, todaysDate, vidget, DZO): null

29-11-2024T11:48:32 - [TEST_STEP][PASSED] - x1 = x: null

29-11-2024T11:48:32 - [TEST_STEP][PASSED] - y1 = y: null

29-11-2024T11:48:32 - [TEST_STEP][PASSED] - i1 = <not implemented yet for class: org.codehaus.groovy.ast.expr.EmptyExpression>: null

29-11-2024T11:48:32 - [TEST_STEP][FAILED] - if (verifyEqual(x, y) == true): Unable to verify equal between actual object '111 69 7 161 537 1 584 122 2 966 50 1 924 0 3 380 144 9 375  200' and expected object '0 0  543 537  177 122 254 50 131 0  356 144 257  200' (Root cause: com.kms.katalon.core.exception.StepFailedException: Actual object '111 69 7 161 537 1 584 122 2 966 50 1 924 0 3 380 144 9 375  200' and expected object '0 0  543 537  177 122 254 50 131 0  356 144 257  200' are not equal
	at com.kms.katalon.core.keyword.builtin.VerifyEqualKeyword$_verifyEqual_closure1.doCall(VerifyEqualKeyword.groovy:58)
	at com.kms.katalon.core.keyword.builtin.VerifyEqualKeyword$_verifyEqual_closure1.call(VerifyEqualKeyword.groovy)
	at com.kms.katalon.core.keyword.internal.KeywordMain.runKeyword(KeywordMain.groovy:75)
	at com.kms.katalon.core.keyword.builtin.VerifyEqualKeyword.verifyEqual(VerifyEqualKeyword.groovy:63)
	at com.kms.katalon.core.keyword.builtin.VerifyEqualKeyword.execute(VerifyEqualKeyword.groovy:44)
	at com.kms.katalon.core.keyword.internal.KeywordExecutor.executeKeywordForPlatform(KeywordExecutor.groovy:74)
	at com.kms.katalon.core.keyword.BuiltinKeywords.verifyEqual(BuiltinKeywords.groovy:146)
	at jdk.internal.reflect.GeneratedMethodAccessor22.invoke(Unknown Source)
	at java.base/jdk.internal.reflect.DelegatingMethodAccessorImpl.invoke(DelegatingMethodAccessorImpl.java:43)
	at Факторный анализ сверка дашбордов.CompareDZO(Факторный анализ сверка дашбордов:695)
	at Факторный анализ сверка дашбордов.Test(Факторный анализ сверка дашбордов:629)
	at Факторный анализ сверка дашбордов.run(Факторный анализ сверка дашбордов:44)
	at com.kms.katalon.core.main.ScriptEngine.run(ScriptEngine.java:194)
	at com.kms.katalon.core.main.ScriptEngine.runScriptAsRawText(ScriptEngine.java:119)
	at com.kms.katalon.core.main.TestCaseExecutor.runScript(TestCaseExecutor.java:448)
	at com.kms.katalon.core.main.TestCaseExecutor.doExecute(TestCaseExecutor.java:439)
	at com.kms.katalon.core.main.TestCaseExecutor.processExecutionPhase(TestCaseExecutor.java:418)
	at com.kms.katalon.core.main.TestCaseExecutor.accessMainPhase(TestCaseExecutor.java:410)
	at com.kms.katalon.core.main.TestCaseExecutor.execute(TestCaseExecutor.java:285)
	at com.kms.katalon.core.common.CommonExecutor.accessTestCaseMainPhase(CommonExecutor.java:65)
	at com.kms.katalon.core.main.TestSuiteExecutor.accessTestSuiteMainPhase(TestSuiteExecutor.java:150)
	at com.kms.katalon.core.main.TestSuiteExecutor.execute(TestSuiteExecutor.java:106)
	at com.kms.katalon.core.main.TestCaseMain.startTestSuite(TestCaseMain.java:180)
	at TempTestSuite1732866793142.run(TempTestSuite1732866793142.groovy:35)
	at java.base/jdk.internal.reflect.NativeMethodAccessorImpl.invoke0(Native Method)
	at java.base/jdk.internal.reflect.NativeMethodAccessorImpl.invoke(NativeMethodAccessorImpl.java:77)
	at java.base/jdk.internal.reflect.DelegatingMethodAccessorImpl.invoke(DelegatingMethodAccessorImpl.java:43)
)

29-11-2024T11:48:32 - [MESSAGE][FAILED] - Unable to verify equal between actual object '111 69 7 161 537 1 584 122 2 966 50 1 924 0 3 380 144 9 375  200' and expected object '0 0  543 537  177 122 254 50 131 0  356 144 257  200' (Root cause: com.kms.katalon.core.exception.StepFailedException: Actual object '111 69 7 161 537 1 584 122 2 966 50 1 924 0 3 380 144 9 375  200' and expected object '0 0  543 537  177 122 254 50 131 0  356 144 257  200' are not equal
	at com.kms.katalon.core.keyword.builtin.VerifyEqualKeyword$_verifyEqual_closure1.doCall(VerifyEqualKeyword.groovy:58)
	at com.kms.katalon.core.keyword.builtin.VerifyEqualKeyword$_verifyEqual_closure1.call(VerifyEqualKeyword.groovy)
	at com.kms.katalon.core.keyword.internal.KeywordMain.runKeyword(KeywordMain.groovy:75)
	at com.kms.katalon.core.keyword.builtin.VerifyEqualKeyword.verifyEqual(VerifyEqualKeyword.groovy:63)
	at com.kms.katalon.core.keyword.builtin.VerifyEqualKeyword.execute(VerifyEqualKeyword.groovy:44)
	at com.kms.katalon.core.keyword.internal.KeywordExecutor.executeKeywordForPlatform(KeywordExecutor.groovy:74)
	at com.kms.katalon.core.keyword.BuiltinKeywords.verifyEqual(BuiltinKeywords.groovy:146)
	at jdk.internal.reflect.GeneratedMethodAccessor22.invoke(Unknown Source)
	at java.base/jdk.internal.reflect.DelegatingMethodAccessorImpl.invoke(DelegatingMethodAccessorImpl.java:43)
	at Факторный анализ сверка дашбордов.CompareDZO(Факторный анализ сверка дашбордов:695)
	at Факторный анализ сверка дашбордов.Test(Факторный анализ сверка дашбордов:629)
	at Факторный анализ сверка дашбордов.run(Факторный анализ сверка дашбордов:44)
	at com.kms.katalon.core.main.ScriptEngine.run(ScriptEngine.java:194)
	at com.kms.katalon.core.main.ScriptEngine.runScriptAsRawText(ScriptEngine.java:119)
	at com.kms.katalon.core.main.TestCaseExecutor.runScript(TestCaseExecutor.java:448)
	at com.kms.katalon.core.main.TestCaseExecutor.doExecute(TestCaseExecutor.java:439)
	at com.kms.katalon.core.main.TestCaseExecutor.processExecutionPhase(TestCaseExecutor.java:418)
	at com.kms.katalon.core.main.TestCaseExecutor.accessMainPhase(TestCaseExecutor.java:410)
	at com.kms.katalon.core.main.TestCaseExecutor.execute(TestCaseExecutor.java:285)
	at com.kms.katalon.core.common.CommonExecutor.accessTestCaseMainPhase(CommonExecutor.java:65)
	at com.kms.katalon.core.main.TestSuiteExecutor.accessTestSuiteMainPhase(TestSuiteExecutor.java:150)
	at com.kms.katalon.core.main.TestSuiteExecutor.execute(TestSuiteExecutor.java:106)
	at com.kms.katalon.core.main.TestCaseMain.startTestSuite(TestCaseMain.java:180)
	at TempTestSuite1732866793142.run(TempTestSuite1732866793142.groovy:35)
	at java.base/jdk.internal.reflect.NativeMethodAccessorImpl.invoke0(Native Method)
	at java.base/jdk.internal.reflect.NativeMethodAccessorImpl.invoke(NativeMethodAccessorImpl.java:77)
	at java.base/jdk.internal.reflect.DelegatingMethodAccessorImpl.invoke(DelegatingMethodAccessorImpl.java:43)
)

29-11-2024T11:48:32 - [TEST_STEP][PASSED] - else: null

29-11-2024T11:48:32 - [TEST_STEP][PASSED] - otobrajeniyeDannyh = "Все": null

29-11-2024T11:48:32 - [TEST_STEP][PASSED] - vidget = "Всего отклонения по факторам": null

29-11-2024T11:48:32 - [TEST_STEP][PASSED] - Script1719551244403.WriteToExcel(todaysDate, typeOfData, otobrajeniyeDannyh, x, y, vidget, DZO): null

29-11-2024T11:48:32 - [TEST_STEP][PASSED] - sheetName = "Sheet1": null

29-11-2024T11:48:32 - [TEST_STEP][PASSED] - data = findTestData("PlanFact"): null

29-11-2024T11:48:32 - [TEST_STEP][PASSED] - n = data.getRowNumbers() + 1: null

29-11-2024T11:48:32 - [TEST_STEP][PASSED] - period = getText(findTestObject("Факторный анализ/Фильтр Период")): Text of object 'Object Repository/Факторный анализ/Фильтр Период' is: 'Октябрь и 1, 2, 3 кв. 2024 года'

29-11-2024T11:48:32 - [MESSAGE][PASSED] - Text of object 'Object Repository/Факторный анализ/Фильтр Период' is: 'Октябрь и 1, 2, 3 кв. 2024 года'

29-11-2024T11:48:32 - [TEST_STEP][PASSED] - println(period): null

29-11-2024T11:48:32 - [TEST_STEP][PASSED] - dashboardName = "Факторный анализ": null

29-11-2024T11:48:32 - [TEST_STEP][PASSED] - workbook01 = getWorkbook(excelFilePath): null

29-11-2024T11:48:32 - [TEST_STEP][PASSED] - sheet01 = getExcelSheet(workbook01, sheetName): null

29-11-2024T11:48:32 - [TEST_STEP][PASSED] - setValueToCellByIndex(sheet01, n, 0, dashboardName): null

29-11-2024T11:48:32 - [TEST_STEP][PASSED] - setValueToCellByIndex(sheet01, n, 1, DZO): null

29-11-2024T11:48:32 - [TEST_STEP][PASSED] - setValueToCellByIndex(sheet01, n, 2, vidget): null

29-11-2024T11:48:32 - [TEST_STEP][PASSED] - setValueToCellByIndex(sheet01, n, 3, typeOfData): null

29-11-2024T11:48:32 - [TEST_STEP][PASSED] - setValueToCellByIndex(sheet01, n, 4, otobrajeniyeDannyh): null

29-11-2024T11:48:32 - [TEST_STEP][PASSED] - setValueToCellByIndex(sheet01, n, 5, period): null

29-11-2024T11:48:32 - [TEST_STEP][PASSED] - setValueToCellByIndex(sheet01, n, 6, todaysDate): null

29-11-2024T11:48:32 - [TEST_STEP][PASSED] - n = n + 1: null

29-11-2024T11:48:32 - [TEST_STEP][PASSED] - saveWorkbook(excelFilePath, workbook01): null

29-11-2024T11:48:32 - [TEST_STEP][PASSED] - DZO = "Россети Северо-Запад": null

29-11-2024T11:48:32 - [TEST_STEP][PASSED] - Script1719551244403.CompareDZO(x = SZA, y = SZB, run, typeOfData, otobrajeniyeDannyh, todaysDate, vidget, DZO): null

29-11-2024T11:48:32 - [TEST_STEP][PASSED] - x1 = x: null

29-11-2024T11:48:32 - [TEST_STEP][PASSED] - y1 = y: null

29-11-2024T11:48:32 - [TEST_STEP][PASSED] - i1 = <not implemented yet for class: org.codehaus.groovy.ast.expr.EmptyExpression>: null

29-11-2024T11:48:32 - [TEST_STEP][FAILED] - if (verifyEqual(x, y) == true): Unable to verify equal between actual object '9 375  200    80 86  264 2  67 185  111 57  216 48  161 20    16 41' and expected object '257  200    80 86  264 2  67 185  111 57  216 48  161 20    16 41' (Root cause: com.kms.katalon.core.exception.StepFailedException: Actual object '9 375  200    80 86  264 2  67 185  111 57  216 48  161 20    16 41' and expected object '257  200    80 86  264 2  67 185  111 57  216 48  161 20    16 41' are not equal
	at com.kms.katalon.core.keyword.builtin.VerifyEqualKeyword$_verifyEqual_closure1.doCall(VerifyEqualKeyword.groovy:58)
	at com.kms.katalon.core.keyword.builtin.VerifyEqualKeyword$_verifyEqual_closure1.call(VerifyEqualKeyword.groovy)
	at com.kms.katalon.core.keyword.internal.KeywordMain.runKeyword(KeywordMain.groovy:75)
	at com.kms.katalon.core.keyword.builtin.VerifyEqualKeyword.verifyEqual(VerifyEqualKeyword.groovy:63)
	at com.kms.katalon.core.keyword.builtin.VerifyEqualKeyword.execute(VerifyEqualKeyword.groovy:44)
	at com.kms.katalon.core.keyword.internal.KeywordExecutor.executeKeywordForPlatform(KeywordExecutor.groovy:74)
	at com.kms.katalon.core.keyword.BuiltinKeywords.verifyEqual(BuiltinKeywords.groovy:146)
	at jdk.internal.reflect.GeneratedMethodAccessor22.invoke(Unknown Source)
	at java.base/jdk.internal.reflect.DelegatingMethodAccessorImpl.invoke(DelegatingMethodAccessorImpl.java:43)
	at Факторный анализ сверка дашбордов.CompareDZO(Факторный анализ сверка дашбордов:695)
	at Факторный анализ сверка дашбордов.Test(Факторный анализ сверка дашбордов:633)
	at Факторный анализ сверка дашбордов.run(Факторный анализ сверка дашбордов:44)
	at com.kms.katalon.core.main.ScriptEngine.run(ScriptEngine.java:194)
	at com.kms.katalon.core.main.ScriptEngine.runScriptAsRawText(ScriptEngine.java:119)
	at com.kms.katalon.core.main.TestCaseExecutor.runScript(TestCaseExecutor.java:448)
	at com.kms.katalon.core.main.TestCaseExecutor.doExecute(TestCaseExecutor.java:439)
	at com.kms.katalon.core.main.TestCaseExecutor.processExecutionPhase(TestCaseExecutor.java:418)
	at com.kms.katalon.core.main.TestCaseExecutor.accessMainPhase(TestCaseExecutor.java:410)
	at com.kms.katalon.core.main.TestCaseExecutor.execute(TestCaseExecutor.java:285)
	at com.kms.katalon.core.common.CommonExecutor.accessTestCaseMainPhase(CommonExecutor.java:65)
	at com.kms.katalon.core.main.TestSuiteExecutor.accessTestSuiteMainPhase(TestSuiteExecutor.java:150)
	at com.kms.katalon.core.main.TestSuiteExecutor.execute(TestSuiteExecutor.java:106)
	at com.kms.katalon.core.main.TestCaseMain.startTestSuite(TestCaseMain.java:180)
	at TempTestSuite1732866793142.run(TempTestSuite1732866793142.groovy:35)
	at java.base/jdk.internal.reflect.NativeMethodAccessorImpl.invoke0(Native Method)
	at java.base/jdk.internal.reflect.NativeMethodAccessorImpl.invoke(NativeMethodAccessorImpl.java:77)
	at java.base/jdk.internal.reflect.DelegatingMethodAccessorImpl.invoke(DelegatingMethodAccessorImpl.java:43)
)

29-11-2024T11:48:32 - [MESSAGE][FAILED] - Unable to verify equal between actual object '9 375  200    80 86  264 2  67 185  111 57  216 48  161 20    16 41' and expected object '257  200    80 86  264 2  67 185  111 57  216 48  161 20    16 41' (Root cause: com.kms.katalon.core.exception.StepFailedException: Actual object '9 375  200    80 86  264 2  67 185  111 57  216 48  161 20    16 41' and expected object '257  200    80 86  264 2  67 185  111 57  216 48  161 20    16 41' are not equal
	at com.kms.katalon.core.keyword.builtin.VerifyEqualKeyword$_verifyEqual_closure1.doCall(VerifyEqualKeyword.groovy:58)
	at com.kms.katalon.core.keyword.builtin.VerifyEqualKeyword$_verifyEqual_closure1.call(VerifyEqualKeyword.groovy)
	at com.kms.katalon.core.keyword.internal.KeywordMain.runKeyword(KeywordMain.groovy:75)
	at com.kms.katalon.core.keyword.builtin.VerifyEqualKeyword.verifyEqual(VerifyEqualKeyword.groovy:63)
	at com.kms.katalon.core.keyword.builtin.VerifyEqualKeyword.execute(VerifyEqualKeyword.groovy:44)
	at com.kms.katalon.core.keyword.internal.KeywordExecutor.executeKeywordForPlatform(KeywordExecutor.groovy:74)
	at com.kms.katalon.core.keyword.BuiltinKeywords.verifyEqual(BuiltinKeywords.groovy:146)
	at jdk.internal.reflect.GeneratedMethodAccessor22.invoke(Unknown Source)
	at java.base/jdk.internal.reflect.DelegatingMethodAccessorImpl.invoke(DelegatingMethodAccessorImpl.java:43)
	at Факторный анализ сверка дашбордов.CompareDZO(Факторный анализ сверка дашбордов:695)
	at Факторный анализ сверка дашбордов.Test(Факторный анализ сверка дашбордов:633)
	at Факторный анализ сверка дашбордов.run(Факторный анализ сверка дашбордов:44)
	at com.kms.katalon.core.main.ScriptEngine.run(ScriptEngine.java:194)
	at com.kms.katalon.core.main.ScriptEngine.runScriptAsRawText(ScriptEngine.java:119)
	at com.kms.katalon.core.main.TestCaseExecutor.runScript(TestCaseExecutor.java:448)
	at com.kms.katalon.core.main.TestCaseExecutor.doExecute(TestCaseExecutor.java:439)
	at com.kms.katalon.core.main.TestCaseExecutor.processExecutionPhase(TestCaseExecutor.java:418)
	at com.kms.katalon.core.main.TestCaseExecutor.accessMainPhase(TestCaseExecutor.java:410)
	at com.kms.katalon.core.main.TestCaseExecutor.execute(TestCaseExecutor.java:285)
	at com.kms.katalon.core.common.CommonExecutor.accessTestCaseMainPhase(CommonExecutor.java:65)
	at com.kms.katalon.core.main.TestSuiteExecutor.accessTestSuiteMainPhase(TestSuiteExecutor.java:150)
	at com.kms.katalon.core.main.TestSuiteExecutor.execute(TestSuiteExecutor.java:106)
	at com.kms.katalon.core.main.TestCaseMain.startTestSuite(TestCaseMain.java:180)
	at TempTestSuite1732866793142.run(TempTestSuite1732866793142.groovy:35)
	at java.base/jdk.internal.reflect.NativeMethodAccessorImpl.invoke0(Native Method)
	at java.base/jdk.internal.reflect.NativeMethodAccessorImpl.invoke(NativeMethodAccessorImpl.java:77)
	at java.base/jdk.internal.reflect.DelegatingMethodAccessorImpl.invoke(DelegatingMethodAccessorImpl.java:43)
)

29-11-2024T11:48:32 - [TEST_STEP][PASSED] - else: null

29-11-2024T11:48:32 - [TEST_STEP][PASSED] - otobrajeniyeDannyh = "Все": null

29-11-2024T11:48:32 - [TEST_STEP][PASSED] - vidget = "Всего отклонения по факторам": null

29-11-2024T11:48:32 - [TEST_STEP][PASSED] - Script1719551244403.WriteToExcel(todaysDate, typeOfData, otobrajeniyeDannyh, x, y, vidget, DZO): null

29-11-2024T11:48:32 - [TEST_STEP][PASSED] - sheetName = "Sheet1": null

29-11-2024T11:48:32 - [TEST_STEP][PASSED] - data = findTestData("PlanFact"): null

29-11-2024T11:48:32 - [TEST_STEP][PASSED] - n = data.getRowNumbers() + 1: null

29-11-2024T11:48:32 - [TEST_STEP][PASSED] - period = getText(findTestObject("Факторный анализ/Фильтр Период")): Text of object 'Object Repository/Факторный анализ/Фильтр Период' is: 'Октябрь и 1, 2, 3 кв. 2024 года'

29-11-2024T11:48:33 - [MESSAGE][PASSED] - Text of object 'Object Repository/Факторный анализ/Фильтр Период' is: 'Октябрь и 1, 2, 3 кв. 2024 года'

29-11-2024T11:48:33 - [TEST_STEP][PASSED] - println(period): null

29-11-2024T11:48:33 - [TEST_STEP][PASSED] - dashboardName = "Факторный анализ": null

29-11-2024T11:48:33 - [TEST_STEP][PASSED] - workbook01 = getWorkbook(excelFilePath): null

29-11-2024T11:48:33 - [TEST_STEP][PASSED] - sheet01 = getExcelSheet(workbook01, sheetName): null

29-11-2024T11:48:33 - [TEST_STEP][PASSED] - setValueToCellByIndex(sheet01, n, 0, dashboardName): null

29-11-2024T11:48:33 - [TEST_STEP][PASSED] - setValueToCellByIndex(sheet01, n, 1, DZO): null

29-11-2024T11:48:33 - [TEST_STEP][PASSED] - setValueToCellByIndex(sheet01, n, 2, vidget): null

29-11-2024T11:48:33 - [TEST_STEP][PASSED] - setValueToCellByIndex(sheet01, n, 3, typeOfData): null

29-11-2024T11:48:33 - [TEST_STEP][PASSED] - setValueToCellByIndex(sheet01, n, 4, otobrajeniyeDannyh): null

29-11-2024T11:48:33 - [TEST_STEP][PASSED] - setValueToCellByIndex(sheet01, n, 5, period): null

29-11-2024T11:48:33 - [TEST_STEP][PASSED] - setValueToCellByIndex(sheet01, n, 6, todaysDate): null

29-11-2024T11:48:33 - [TEST_STEP][PASSED] - n = n + 1: null

29-11-2024T11:48:33 - [TEST_STEP][PASSED] - saveWorkbook(excelFilePath, workbook01): null

29-11-2024T11:48:33 - [TEST_STEP][PASSED] - DZO = "Россети Сибирь (ГК)": null

29-11-2024T11:48:33 - [TEST_STEP][PASSED] - Script1719551244403.CompareDZO(x = SiA, y = SiB, run, typeOfData, otobrajeniyeDannyh, todaysDate, vidget, DZO): null

29-11-2024T11:48:33 - [TEST_STEP][PASSED] - x1 = x: null

29-11-2024T11:48:33 - [TEST_STEP][PASSED] - y1 = y: null

29-11-2024T11:48:33 - [TEST_STEP][PASSED] - i1 = <not implemented yet for class: org.codehaus.groovy.ast.expr.EmptyExpression>: null

29-11-2024T11:48:33 - [TEST_STEP][PASSED] - if (verifyEqual(x, y) == true): null

29-11-2024T11:48:33 - [MESSAGE][PASSED] - Actual object '16 41     545 222  831 242 4 24  438  493  611 153  586  165 34  383  799 101' and expected object '16 41     545 222  831 242 4 24  438  493  611 153  586  165 34  383  799 101' are equal

29-11-2024T11:48:33 - [TEST_STEP][PASSED] - DZO = "Россети Томск": null

29-11-2024T11:48:33 - [TEST_STEP][PASSED] - Script1719551244403.CompareDZO(x = ToA, y = ToB, run, typeOfData, otobrajeniyeDannyh, todaysDate, vidget, DZO): null

29-11-2024T11:48:33 - [TEST_STEP][PASSED] - x1 = x: null

29-11-2024T11:48:33 - [TEST_STEP][PASSED] - y1 = y: null

29-11-2024T11:48:33 - [TEST_STEP][PASSED] - i1 = <not implemented yet for class: org.codehaus.groovy.ast.expr.EmptyExpression>: null

29-11-2024T11:48:33 - [TEST_STEP][FAILED] - if (verifyEqual(x, y) == true): Unable to verify equal between actual object '799 101     7 417  135' and expected object '799 101     373  135' (Root cause: com.kms.katalon.core.exception.StepFailedException: Actual object '799 101     7 417  135' and expected object '799 101     373  135' are not equal
	at com.kms.katalon.core.keyword.builtin.VerifyEqualKeyword$_verifyEqual_closure1.doCall(VerifyEqualKeyword.groovy:58)
	at com.kms.katalon.core.keyword.builtin.VerifyEqualKeyword$_verifyEqual_closure1.call(VerifyEqualKeyword.groovy)
	at com.kms.katalon.core.keyword.internal.KeywordMain.runKeyword(KeywordMain.groovy:75)
	at com.kms.katalon.core.keyword.builtin.VerifyEqualKeyword.verifyEqual(VerifyEqualKeyword.groovy:63)
	at com.kms.katalon.core.keyword.builtin.VerifyEqualKeyword.execute(VerifyEqualKeyword.groovy:44)
	at com.kms.katalon.core.keyword.internal.KeywordExecutor.executeKeywordForPlatform(KeywordExecutor.groovy:74)
	at com.kms.katalon.core.keyword.BuiltinKeywords.verifyEqual(BuiltinKeywords.groovy:146)
	at jdk.internal.reflect.GeneratedMethodAccessor22.invoke(Unknown Source)
	at java.base/jdk.internal.reflect.DelegatingMethodAccessorImpl.invoke(DelegatingMethodAccessorImpl.java:43)
	at Факторный анализ сверка дашбордов.CompareDZO(Факторный анализ сверка дашбордов:695)
	at Факторный анализ сверка дашбордов.Test(Факторный анализ сверка дашбордов:641)
	at Факторный анализ сверка дашбордов.run(Факторный анализ сверка дашбордов:44)
	at com.kms.katalon.core.main.ScriptEngine.run(ScriptEngine.java:194)
	at com.kms.katalon.core.main.ScriptEngine.runScriptAsRawText(ScriptEngine.java:119)
	at com.kms.katalon.core.main.TestCaseExecutor.runScript(TestCaseExecutor.java:448)
	at com.kms.katalon.core.main.TestCaseExecutor.doExecute(TestCaseExecutor.java:439)
	at com.kms.katalon.core.main.TestCaseExecutor.processExecutionPhase(TestCaseExecutor.java:418)
	at com.kms.katalon.core.main.TestCaseExecutor.accessMainPhase(TestCaseExecutor.java:410)
	at com.kms.katalon.core.main.TestCaseExecutor.execute(TestCaseExecutor.java:285)
	at com.kms.katalon.core.common.CommonExecutor.accessTestCaseMainPhase(CommonExecutor.java:65)
	at com.kms.katalon.core.main.TestSuiteExecutor.accessTestSuiteMainPhase(TestSuiteExecutor.java:150)
	at com.kms.katalon.core.main.TestSuiteExecutor.execute(TestSuiteExecutor.java:106)
	at com.kms.katalon.core.main.TestCaseMain.startTestSuite(TestCaseMain.java:180)
	at TempTestSuite1732866793142.run(TempTestSuite1732866793142.groovy:35)
	at java.base/jdk.internal.reflect.NativeMethodAccessorImpl.invoke0(Native Method)
	at java.base/jdk.internal.reflect.NativeMethodAccessorImpl.invoke(NativeMethodAccessorImpl.java:77)
	at java.base/jdk.internal.reflect.DelegatingMethodAccessorImpl.invoke(DelegatingMethodAccessorImpl.java:43)
)

29-11-2024T11:48:33 - [MESSAGE][FAILED] - Unable to verify equal between actual object '799 101     7 417  135' and expected object '799 101     373  135' (Root cause: com.kms.katalon.core.exception.StepFailedException: Actual object '799 101     7 417  135' and expected object '799 101     373  135' are not equal
	at com.kms.katalon.core.keyword.builtin.VerifyEqualKeyword$_verifyEqual_closure1.doCall(VerifyEqualKeyword.groovy:58)
	at com.kms.katalon.core.keyword.builtin.VerifyEqualKeyword$_verifyEqual_closure1.call(VerifyEqualKeyword.groovy)
	at com.kms.katalon.core.keyword.internal.KeywordMain.runKeyword(KeywordMain.groovy:75)
	at com.kms.katalon.core.keyword.builtin.VerifyEqualKeyword.verifyEqual(VerifyEqualKeyword.groovy:63)
	at com.kms.katalon.core.keyword.builtin.VerifyEqualKeyword.execute(VerifyEqualKeyword.groovy:44)
	at com.kms.katalon.core.keyword.internal.KeywordExecutor.executeKeywordForPlatform(KeywordExecutor.groovy:74)
	at com.kms.katalon.core.keyword.BuiltinKeywords.verifyEqual(BuiltinKeywords.groovy:146)
	at jdk.internal.reflect.GeneratedMethodAccessor22.invoke(Unknown Source)
	at java.base/jdk.internal.reflect.DelegatingMethodAccessorImpl.invoke(DelegatingMethodAccessorImpl.java:43)
	at Факторный анализ сверка дашбордов.CompareDZO(Факторный анализ сверка дашбордов:695)
	at Факторный анализ сверка дашбордов.Test(Факторный анализ сверка дашбордов:641)
	at Факторный анализ сверка дашбордов.run(Факторный анализ сверка дашбордов:44)
	at com.kms.katalon.core.main.ScriptEngine.run(ScriptEngine.java:194)
	at com.kms.katalon.core.main.ScriptEngine.runScriptAsRawText(ScriptEngine.java:119)
	at com.kms.katalon.core.main.TestCaseExecutor.runScript(TestCaseExecutor.java:448)
	at com.kms.katalon.core.main.TestCaseExecutor.doExecute(TestCaseExecutor.java:439)
	at com.kms.katalon.core.main.TestCaseExecutor.processExecutionPhase(TestCaseExecutor.java:418)
	at com.kms.katalon.core.main.TestCaseExecutor.accessMainPhase(TestCaseExecutor.java:410)
	at com.kms.katalon.core.main.TestCaseExecutor.execute(TestCaseExecutor.java:285)
	at com.kms.katalon.core.common.CommonExecutor.accessTestCaseMainPhase(CommonExecutor.java:65)
	at com.kms.katalon.core.main.TestSuiteExecutor.accessTestSuiteMainPhase(TestSuiteExecutor.java:150)
	at com.kms.katalon.core.main.TestSuiteExecutor.execute(TestSuiteExecutor.java:106)
	at com.kms.katalon.core.main.TestCaseMain.startTestSuite(TestCaseMain.java:180)
	at TempTestSuite1732866793142.run(TempTestSuite1732866793142.groovy:35)
	at java.base/jdk.internal.reflect.NativeMethodAccessorImpl.invoke0(Native Method)
	at java.base/jdk.internal.reflect.NativeMethodAccessorImpl.invoke(NativeMethodAccessorImpl.java:77)
	at java.base/jdk.internal.reflect.DelegatingMethodAccessorImpl.invoke(DelegatingMethodAccessorImpl.java:43)
)

29-11-2024T11:48:33 - [TEST_STEP][PASSED] - else: null

29-11-2024T11:48:33 - [TEST_STEP][PASSED] - otobrajeniyeDannyh = "Все": null

29-11-2024T11:48:33 - [TEST_STEP][PASSED] - vidget = "Всего отклонения по факторам": null

29-11-2024T11:48:33 - [TEST_STEP][PASSED] - Script1719551244403.WriteToExcel(todaysDate, typeOfData, otobrajeniyeDannyh, x, y, vidget, DZO): null

29-11-2024T11:48:33 - [TEST_STEP][PASSED] - sheetName = "Sheet1": null

29-11-2024T11:48:33 - [TEST_STEP][PASSED] - data = findTestData("PlanFact"): null

29-11-2024T11:48:33 - [TEST_STEP][PASSED] - n = data.getRowNumbers() + 1: null

29-11-2024T11:48:33 - [TEST_STEP][PASSED] - period = getText(findTestObject("Факторный анализ/Фильтр Период")): Text of object 'Object Repository/Факторный анализ/Фильтр Период' is: 'Октябрь и 1, 2, 3 кв. 2024 года'

29-11-2024T11:48:33 - [MESSAGE][PASSED] - Text of object 'Object Repository/Факторный анализ/Фильтр Период' is: 'Октябрь и 1, 2, 3 кв. 2024 года'

29-11-2024T11:48:33 - [TEST_STEP][PASSED] - println(period): null

29-11-2024T11:48:33 - [TEST_STEP][PASSED] - dashboardName = "Факторный анализ": null

29-11-2024T11:48:33 - [TEST_STEP][PASSED] - workbook01 = getWorkbook(excelFilePath): null

29-11-2024T11:48:33 - [TEST_STEP][PASSED] - sheet01 = getExcelSheet(workbook01, sheetName): null

29-11-2024T11:48:33 - [TEST_STEP][PASSED] - setValueToCellByIndex(sheet01, n, 0, dashboardName): null

29-11-2024T11:48:33 - [TEST_STEP][PASSED] - setValueToCellByIndex(sheet01, n, 1, DZO): null

29-11-2024T11:48:33 - [TEST_STEP][PASSED] - setValueToCellByIndex(sheet01, n, 2, vidget): null

29-11-2024T11:48:33 - [TEST_STEP][PASSED] - setValueToCellByIndex(sheet01, n, 3, typeOfData): null

29-11-2024T11:48:33 - [TEST_STEP][PASSED] - setValueToCellByIndex(sheet01, n, 4, otobrajeniyeDannyh): null

29-11-2024T11:48:33 - [TEST_STEP][PASSED] - setValueToCellByIndex(sheet01, n, 5, period): null

29-11-2024T11:48:33 - [TEST_STEP][PASSED] - setValueToCellByIndex(sheet01, n, 6, todaysDate): null

29-11-2024T11:48:33 - [TEST_STEP][PASSED] - n = n + 1: null

29-11-2024T11:48:33 - [TEST_STEP][PASSED] - saveWorkbook(excelFilePath, workbook01): null

29-11-2024T11:48:34 - [TEST_STEP][PASSED] - DZO = "Россети Тюмень": null

29-11-2024T11:48:34 - [TEST_STEP][PASSED] - Script1719551244403.CompareDZO(x = TyuA, y = TyuB, run, typeOfData, otobrajeniyeDannyh, todaysDate, vidget, DZO): null

29-11-2024T11:48:34 - [TEST_STEP][PASSED] - x1 = x: null

29-11-2024T11:48:34 - [TEST_STEP][PASSED] - y1 = y: null

29-11-2024T11:48:34 - [TEST_STEP][PASSED] - i1 = <not implemented yet for class: org.codehaus.groovy.ast.expr.EmptyExpression>: null

29-11-2024T11:48:34 - [TEST_STEP][FAILED] - if (verifyEqual(x, y) == true): Unable to verify equal between actual object '7 417  135' and expected object '373  135' (Root cause: com.kms.katalon.core.exception.StepFailedException: Actual object '7 417  135' and expected object '373  135' are not equal
	at com.kms.katalon.core.keyword.builtin.VerifyEqualKeyword$_verifyEqual_closure1.doCall(VerifyEqualKeyword.groovy:58)
	at com.kms.katalon.core.keyword.builtin.VerifyEqualKeyword$_verifyEqual_closure1.call(VerifyEqualKeyword.groovy)
	at com.kms.katalon.core.keyword.internal.KeywordMain.runKeyword(KeywordMain.groovy:75)
	at com.kms.katalon.core.keyword.builtin.VerifyEqualKeyword.verifyEqual(VerifyEqualKeyword.groovy:63)
	at com.kms.katalon.core.keyword.builtin.VerifyEqualKeyword.execute(VerifyEqualKeyword.groovy:44)
	at com.kms.katalon.core.keyword.internal.KeywordExecutor.executeKeywordForPlatform(KeywordExecutor.groovy:74)
	at com.kms.katalon.core.keyword.BuiltinKeywords.verifyEqual(BuiltinKeywords.groovy:146)
	at jdk.internal.reflect.GeneratedMethodAccessor22.invoke(Unknown Source)
	at java.base/jdk.internal.reflect.DelegatingMethodAccessorImpl.invoke(DelegatingMethodAccessorImpl.java:43)
	at Факторный анализ сверка дашбордов.CompareDZO(Факторный анализ сверка дашбордов:695)
	at Факторный анализ сверка дашбордов.Test(Факторный анализ сверка дашбордов:645)
	at Факторный анализ сверка дашбордов.run(Факторный анализ сверка дашбордов:44)
	at com.kms.katalon.core.main.ScriptEngine.run(ScriptEngine.java:194)
	at com.kms.katalon.core.main.ScriptEngine.runScriptAsRawText(ScriptEngine.java:119)
	at com.kms.katalon.core.main.TestCaseExecutor.runScript(TestCaseExecutor.java:448)
	at com.kms.katalon.core.main.TestCaseExecutor.doExecute(TestCaseExecutor.java:439)
	at com.kms.katalon.core.main.TestCaseExecutor.processExecutionPhase(TestCaseExecutor.java:418)
	at com.kms.katalon.core.main.TestCaseExecutor.accessMainPhase(TestCaseExecutor.java:410)
	at com.kms.katalon.core.main.TestCaseExecutor.execute(TestCaseExecutor.java:285)
	at com.kms.katalon.core.common.CommonExecutor.accessTestCaseMainPhase(CommonExecutor.java:65)
	at com.kms.katalon.core.main.TestSuiteExecutor.accessTestSuiteMainPhase(TestSuiteExecutor.java:150)
	at com.kms.katalon.core.main.TestSuiteExecutor.execute(TestSuiteExecutor.java:106)
	at com.kms.katalon.core.main.TestCaseMain.startTestSuite(TestCaseMain.java:180)
	at TempTestSuite1732866793142.run(TempTestSuite1732866793142.groovy:35)
	at java.base/jdk.internal.reflect.NativeMethodAccessorImpl.invoke0(Native Method)
	at java.base/jdk.internal.reflect.NativeMethodAccessorImpl.invoke(NativeMethodAccessorImpl.java:77)
	at java.base/jdk.internal.reflect.DelegatingMethodAccessorImpl.invoke(DelegatingMethodAccessorImpl.java:43)
)

29-11-2024T11:48:34 - [MESSAGE][FAILED] - Unable to verify equal between actual object '7 417  135' and expected object '373  135' (Root cause: com.kms.katalon.core.exception.StepFailedException: Actual object '7 417  135' and expected object '373  135' are not equal
	at com.kms.katalon.core.keyword.builtin.VerifyEqualKeyword$_verifyEqual_closure1.doCall(VerifyEqualKeyword.groovy:58)
	at com.kms.katalon.core.keyword.builtin.VerifyEqualKeyword$_verifyEqual_closure1.call(VerifyEqualKeyword.groovy)
	at com.kms.katalon.core.keyword.internal.KeywordMain.runKeyword(KeywordMain.groovy:75)
	at com.kms.katalon.core.keyword.builtin.VerifyEqualKeyword.verifyEqual(VerifyEqualKeyword.groovy:63)
	at com.kms.katalon.core.keyword.builtin.VerifyEqualKeyword.execute(VerifyEqualKeyword.groovy:44)
	at com.kms.katalon.core.keyword.internal.KeywordExecutor.executeKeywordForPlatform(KeywordExecutor.groovy:74)
	at com.kms.katalon.core.keyword.BuiltinKeywords.verifyEqual(BuiltinKeywords.groovy:146)
	at jdk.internal.reflect.GeneratedMethodAccessor22.invoke(Unknown Source)
	at java.base/jdk.internal.reflect.DelegatingMethodAccessorImpl.invoke(DelegatingMethodAccessorImpl.java:43)
	at Факторный анализ сверка дашбордов.CompareDZO(Факторный анализ сверка дашбордов:695)
	at Факторный анализ сверка дашбордов.Test(Факторный анализ сверка дашбордов:645)
	at Факторный анализ сверка дашбордов.run(Факторный анализ сверка дашбордов:44)
	at com.kms.katalon.core.main.ScriptEngine.run(ScriptEngine.java:194)
	at com.kms.katalon.core.main.ScriptEngine.runScriptAsRawText(ScriptEngine.java:119)
	at com.kms.katalon.core.main.TestCaseExecutor.runScript(TestCaseExecutor.java:448)
	at com.kms.katalon.core.main.TestCaseExecutor.doExecute(TestCaseExecutor.java:439)
	at com.kms.katalon.core.main.TestCaseExecutor.processExecutionPhase(TestCaseExecutor.java:418)
	at com.kms.katalon.core.main.TestCaseExecutor.accessMainPhase(TestCaseExecutor.java:410)
	at com.kms.katalon.core.main.TestCaseExecutor.execute(TestCaseExecutor.java:285)
	at com.kms.katalon.core.common.CommonExecutor.accessTestCaseMainPhase(CommonExecutor.java:65)
	at com.kms.katalon.core.main.TestSuiteExecutor.accessTestSuiteMainPhase(TestSuiteExecutor.java:150)
	at com.kms.katalon.core.main.TestSuiteExecutor.execute(TestSuiteExecutor.java:106)
	at com.kms.katalon.core.main.TestCaseMain.startTestSuite(TestCaseMain.java:180)
	at TempTestSuite1732866793142.run(TempTestSuite1732866793142.groovy:35)
	at java.base/jdk.internal.reflect.NativeMethodAccessorImpl.invoke0(Native Method)
	at java.base/jdk.internal.reflect.NativeMethodAccessorImpl.invoke(NativeMethodAccessorImpl.java:77)
	at java.base/jdk.internal.reflect.DelegatingMethodAccessorImpl.invoke(DelegatingMethodAccessorImpl.java:43)
)

29-11-2024T11:48:34 - [TEST_STEP][PASSED] - else: null

29-11-2024T11:48:34 - [TEST_STEP][PASSED] - otobrajeniyeDannyh = "Все": null

29-11-2024T11:48:34 - [TEST_STEP][PASSED] - vidget = "Всего отклонения по факторам": null

29-11-2024T11:48:34 - [TEST_STEP][PASSED] - Script1719551244403.WriteToExcel(todaysDate, typeOfData, otobrajeniyeDannyh, x, y, vidget, DZO): null

29-11-2024T11:48:34 - [TEST_STEP][PASSED] - sheetName = "Sheet1": null

29-11-2024T11:48:34 - [TEST_STEP][PASSED] - data = findTestData("PlanFact"): null

29-11-2024T11:48:34 - [TEST_STEP][PASSED] - n = data.getRowNumbers() + 1: null

29-11-2024T11:48:34 - [TEST_STEP][PASSED] - period = getText(findTestObject("Факторный анализ/Фильтр Период")): Text of object 'Object Repository/Факторный анализ/Фильтр Период' is: 'Октябрь и 1, 2, 3 кв. 2024 года'

29-11-2024T11:48:34 - [MESSAGE][PASSED] - Text of object 'Object Repository/Факторный анализ/Фильтр Период' is: 'Октябрь и 1, 2, 3 кв. 2024 года'

29-11-2024T11:48:34 - [TEST_STEP][PASSED] - println(period): null

29-11-2024T11:48:34 - [TEST_STEP][PASSED] - dashboardName = "Факторный анализ": null

29-11-2024T11:48:34 - [TEST_STEP][PASSED] - workbook01 = getWorkbook(excelFilePath): null

29-11-2024T11:48:34 - [TEST_STEP][PASSED] - sheet01 = getExcelSheet(workbook01, sheetName): null

29-11-2024T11:48:34 - [TEST_STEP][PASSED] - setValueToCellByIndex(sheet01, n, 0, dashboardName): null

29-11-2024T11:48:34 - [TEST_STEP][PASSED] - setValueToCellByIndex(sheet01, n, 1, DZO): null

29-11-2024T11:48:34 - [TEST_STEP][PASSED] - setValueToCellByIndex(sheet01, n, 2, vidget): null

29-11-2024T11:48:34 - [TEST_STEP][PASSED] - setValueToCellByIndex(sheet01, n, 3, typeOfData): null

29-11-2024T11:48:34 - [TEST_STEP][PASSED] - setValueToCellByIndex(sheet01, n, 4, otobrajeniyeDannyh): null

29-11-2024T11:48:34 - [TEST_STEP][PASSED] - setValueToCellByIndex(sheet01, n, 5, period): null

29-11-2024T11:48:34 - [TEST_STEP][PASSED] - setValueToCellByIndex(sheet01, n, 6, todaysDate): null

29-11-2024T11:48:34 - [TEST_STEP][PASSED] - n = n + 1: null

29-11-2024T11:48:34 - [TEST_STEP][PASSED] - saveWorkbook(excelFilePath, workbook01): null

29-11-2024T11:48:34 - [TEST_STEP][PASSED] - DZO = "Россети Урал (ГК)": null

29-11-2024T11:48:34 - [TEST_STEP][PASSED] - Script1719551244403.CompareDZO(x = UrA, y = UrB, run, typeOfData, otobrajeniyeDannyh, todaysDate, vidget, DZO): null

29-11-2024T11:48:34 - [TEST_STEP][PASSED] - x1 = x: null

29-11-2024T11:48:34 - [TEST_STEP][PASSED] - y1 = y: null

29-11-2024T11:48:34 - [TEST_STEP][PASSED] - i1 = <not implemented yet for class: org.codehaus.groovy.ast.expr.EmptyExpression>: null

29-11-2024T11:48:34 - [TEST_STEP][FAILED] - if (verifyEqual(x, y) == true): Unable to verify equal between actual object '73 665  565    631  215 891 277 1 051  680' and expected object '4 542  565    631  215 891 277 1 051  680' (Root cause: com.kms.katalon.core.exception.StepFailedException: Actual object '73 665  565    631  215 891 277 1 051  680' and expected object '4 542  565    631  215 891 277 1 051  680' are not equal
	at com.kms.katalon.core.keyword.builtin.VerifyEqualKeyword$_verifyEqual_closure1.doCall(VerifyEqualKeyword.groovy:58)
	at com.kms.katalon.core.keyword.builtin.VerifyEqualKeyword$_verifyEqual_closure1.call(VerifyEqualKeyword.groovy)
	at com.kms.katalon.core.keyword.internal.KeywordMain.runKeyword(KeywordMain.groovy:75)
	at com.kms.katalon.core.keyword.builtin.VerifyEqualKeyword.verifyEqual(VerifyEqualKeyword.groovy:63)
	at com.kms.katalon.core.keyword.builtin.VerifyEqualKeyword.execute(VerifyEqualKeyword.groovy:44)
	at com.kms.katalon.core.keyword.internal.KeywordExecutor.executeKeywordForPlatform(KeywordExecutor.groovy:74)
	at com.kms.katalon.core.keyword.BuiltinKeywords.verifyEqual(BuiltinKeywords.groovy:146)
	at jdk.internal.reflect.GeneratedMethodAccessor22.invoke(Unknown Source)
	at java.base/jdk.internal.reflect.DelegatingMethodAccessorImpl.invoke(DelegatingMethodAccessorImpl.java:43)
	at Факторный анализ сверка дашбордов.CompareDZO(Факторный анализ сверка дашбордов:695)
	at Факторный анализ сверка дашбордов.Test(Факторный анализ сверка дашбордов:649)
	at Факторный анализ сверка дашбордов.run(Факторный анализ сверка дашбордов:44)
	at com.kms.katalon.core.main.ScriptEngine.run(ScriptEngine.java:194)
	at com.kms.katalon.core.main.ScriptEngine.runScriptAsRawText(ScriptEngine.java:119)
	at com.kms.katalon.core.main.TestCaseExecutor.runScript(TestCaseExecutor.java:448)
	at com.kms.katalon.core.main.TestCaseExecutor.doExecute(TestCaseExecutor.java:439)
	at com.kms.katalon.core.main.TestCaseExecutor.processExecutionPhase(TestCaseExecutor.java:418)
	at com.kms.katalon.core.main.TestCaseExecutor.accessMainPhase(TestCaseExecutor.java:410)
	at com.kms.katalon.core.main.TestCaseExecutor.execute(TestCaseExecutor.java:285)
	at com.kms.katalon.core.common.CommonExecutor.accessTestCaseMainPhase(CommonExecutor.java:65)
	at com.kms.katalon.core.main.TestSuiteExecutor.accessTestSuiteMainPhase(TestSuiteExecutor.java:150)
	at com.kms.katalon.core.main.TestSuiteExecutor.execute(TestSuiteExecutor.java:106)
	at com.kms.katalon.core.main.TestCaseMain.startTestSuite(TestCaseMain.java:180)
	at TempTestSuite1732866793142.run(TempTestSuite1732866793142.groovy:35)
	at java.base/jdk.internal.reflect.NativeMethodAccessorImpl.invoke0(Native Method)
	at java.base/jdk.internal.reflect.NativeMethodAccessorImpl.invoke(NativeMethodAccessorImpl.java:77)
	at java.base/jdk.internal.reflect.DelegatingMethodAccessorImpl.invoke(DelegatingMethodAccessorImpl.java:43)
)

29-11-2024T11:48:34 - [MESSAGE][FAILED] - Unable to verify equal between actual object '73 665  565    631  215 891 277 1 051  680' and expected object '4 542  565    631  215 891 277 1 051  680' (Root cause: com.kms.katalon.core.exception.StepFailedException: Actual object '73 665  565    631  215 891 277 1 051  680' and expected object '4 542  565    631  215 891 277 1 051  680' are not equal
	at com.kms.katalon.core.keyword.builtin.VerifyEqualKeyword$_verifyEqual_closure1.doCall(VerifyEqualKeyword.groovy:58)
	at com.kms.katalon.core.keyword.builtin.VerifyEqualKeyword$_verifyEqual_closure1.call(VerifyEqualKeyword.groovy)
	at com.kms.katalon.core.keyword.internal.KeywordMain.runKeyword(KeywordMain.groovy:75)
	at com.kms.katalon.core.keyword.builtin.VerifyEqualKeyword.verifyEqual(VerifyEqualKeyword.groovy:63)
	at com.kms.katalon.core.keyword.builtin.VerifyEqualKeyword.execute(VerifyEqualKeyword.groovy:44)
	at com.kms.katalon.core.keyword.internal.KeywordExecutor.executeKeywordForPlatform(KeywordExecutor.groovy:74)
	at com.kms.katalon.core.keyword.BuiltinKeywords.verifyEqual(BuiltinKeywords.groovy:146)
	at jdk.internal.reflect.GeneratedMethodAccessor22.invoke(Unknown Source)
	at java.base/jdk.internal.reflect.DelegatingMethodAccessorImpl.invoke(DelegatingMethodAccessorImpl.java:43)
	at Факторный анализ сверка дашбордов.CompareDZO(Факторный анализ сверка дашбордов:695)
	at Факторный анализ сверка дашбордов.Test(Факторный анализ сверка дашбордов:649)
	at Факторный анализ сверка дашбордов.run(Факторный анализ сверка дашбордов:44)
	at com.kms.katalon.core.main.ScriptEngine.run(ScriptEngine.java:194)
	at com.kms.katalon.core.main.ScriptEngine.runScriptAsRawText(ScriptEngine.java:119)
	at com.kms.katalon.core.main.TestCaseExecutor.runScript(TestCaseExecutor.java:448)
	at com.kms.katalon.core.main.TestCaseExecutor.doExecute(TestCaseExecutor.java:439)
	at com.kms.katalon.core.main.TestCaseExecutor.processExecutionPhase(TestCaseExecutor.java:418)
	at com.kms.katalon.core.main.TestCaseExecutor.accessMainPhase(TestCaseExecutor.java:410)
	at com.kms.katalon.core.main.TestCaseExecutor.execute(TestCaseExecutor.java:285)
	at com.kms.katalon.core.common.CommonExecutor.accessTestCaseMainPhase(CommonExecutor.java:65)
	at com.kms.katalon.core.main.TestSuiteExecutor.accessTestSuiteMainPhase(TestSuiteExecutor.java:150)
	at com.kms.katalon.core.main.TestSuiteExecutor.execute(TestSuiteExecutor.java:106)
	at com.kms.katalon.core.main.TestCaseMain.startTestSuite(TestCaseMain.java:180)
	at TempTestSuite1732866793142.run(TempTestSuite1732866793142.groovy:35)
	at java.base/jdk.internal.reflect.NativeMethodAccessorImpl.invoke0(Native Method)
	at java.base/jdk.internal.reflect.NativeMethodAccessorImpl.invoke(NativeMethodAccessorImpl.java:77)
	at java.base/jdk.internal.reflect.DelegatingMethodAccessorImpl.invoke(DelegatingMethodAccessorImpl.java:43)
)

29-11-2024T11:48:34 - [TEST_STEP][PASSED] - else: null

29-11-2024T11:48:34 - [TEST_STEP][PASSED] - otobrajeniyeDannyh = "Все": null

29-11-2024T11:48:34 - [TEST_STEP][PASSED] - vidget = "Всего отклонения по факторам": null

29-11-2024T11:48:34 - [TEST_STEP][PASSED] - Script1719551244403.WriteToExcel(todaysDate, typeOfData, otobrajeniyeDannyh, x, y, vidget, DZO): null

29-11-2024T11:48:34 - [TEST_STEP][PASSED] - sheetName = "Sheet1": null

29-11-2024T11:48:34 - [TEST_STEP][PASSED] - data = findTestData("PlanFact"): null

29-11-2024T11:48:34 - [TEST_STEP][PASSED] - n = data.getRowNumbers() + 1: null

29-11-2024T11:48:34 - [TEST_STEP][PASSED] - period = getText(findTestObject("Факторный анализ/Фильтр Период")): Text of object 'Object Repository/Факторный анализ/Фильтр Период' is: 'Октябрь и 1, 2, 3 кв. 2024 года'

29-11-2024T11:48:35 - [MESSAGE][PASSED] - Text of object 'Object Repository/Факторный анализ/Фильтр Период' is: 'Октябрь и 1, 2, 3 кв. 2024 года'

29-11-2024T11:48:35 - [TEST_STEP][PASSED] - println(period): null

29-11-2024T11:48:35 - [TEST_STEP][PASSED] - dashboardName = "Факторный анализ": null

29-11-2024T11:48:35 - [TEST_STEP][PASSED] - workbook01 = getWorkbook(excelFilePath): null

29-11-2024T11:48:35 - [TEST_STEP][PASSED] - sheet01 = getExcelSheet(workbook01, sheetName): null

29-11-2024T11:48:35 - [TEST_STEP][PASSED] - setValueToCellByIndex(sheet01, n, 0, dashboardName): null

29-11-2024T11:48:35 - [TEST_STEP][PASSED] - setValueToCellByIndex(sheet01, n, 1, DZO): null

29-11-2024T11:48:35 - [TEST_STEP][PASSED] - setValueToCellByIndex(sheet01, n, 2, vidget): null

29-11-2024T11:48:35 - [TEST_STEP][PASSED] - setValueToCellByIndex(sheet01, n, 3, typeOfData): null

29-11-2024T11:48:35 - [TEST_STEP][PASSED] - setValueToCellByIndex(sheet01, n, 4, otobrajeniyeDannyh): null

29-11-2024T11:48:35 - [TEST_STEP][PASSED] - setValueToCellByIndex(sheet01, n, 5, period): null

29-11-2024T11:48:35 - [TEST_STEP][PASSED] - setValueToCellByIndex(sheet01, n, 6, todaysDate): null

29-11-2024T11:48:35 - [TEST_STEP][PASSED] - n = n + 1: null

29-11-2024T11:48:35 - [TEST_STEP][PASSED] - saveWorkbook(excelFilePath, workbook01): null

29-11-2024T11:48:35 - [TEST_STEP][PASSED] - DZO = "Россети ФСК ЕЭС": null

29-11-2024T11:48:35 - [TEST_STEP][PASSED] - Script1719551244403.CompareDZO(x = FSKA, y = FSKB, run, typeOfData, otobrajeniyeDannyh, todaysDate, vidget, DZO): null

29-11-2024T11:48:35 - [TEST_STEP][PASSED] - x1 = x: null

29-11-2024T11:48:35 - [TEST_STEP][PASSED] - y1 = y: null

29-11-2024T11:48:35 - [TEST_STEP][PASSED] - i1 = <not implemented yet for class: org.codehaus.groovy.ast.expr.EmptyExpression>: null

29-11-2024T11:48:35 - [TEST_STEP][PASSED] - if (verifyEqual(x, y) == true): null

29-11-2024T11:48:35 - [MESSAGE][PASSED] - Actual object '1 051  680       18 111 6 233' and expected object '1 051  680       18 111 6 233' are equal

29-11-2024T11:48:35 - [TEST_STEP][PASSED] - DZO = "Центр": null

29-11-2024T11:48:35 - [TEST_STEP][PASSED] - Script1719551244403.CompareDZO(x = CenA, y = CenB, run, typeOfData, otobrajeniyeDannyh, todaysDate, vidget, DZO): null

29-11-2024T11:48:35 - [TEST_STEP][PASSED] - x1 = x: null

29-11-2024T11:48:35 - [TEST_STEP][PASSED] - y1 = y: null

29-11-2024T11:48:35 - [TEST_STEP][PASSED] - i1 = <not implemented yet for class: org.codehaus.groovy.ast.expr.EmptyExpression>: null

29-11-2024T11:48:35 - [TEST_STEP][FAILED] - if (verifyEqual(x, y) == true): Unable to verify equal between actual object '18 111 6 233   321 125 5 112 27 13 856 181 102 4 2 444 151 805  346 4 049 34 7 617 42 5 959 2  740 57 6 294 65' and expected object '18 111 6 233   321 125 72 19 633 138 102 4 45 92 805  346 160 31 54 42 298 2  740 57 584 12' (Root cause: com.kms.katalon.core.exception.StepFailedException: Actual object '18 111 6 233   321 125 5 112 27 13 856 181 102 4 2 444 151 805  346 4 049 34 7 617 42 5 959 2  740 57 6 294 65' and expected object '18 111 6 233   321 125 72 19 633 138 102 4 45 92 805  346 160 31 54 42 298 2  740 57 584 12' are not equal
	at com.kms.katalon.core.keyword.builtin.VerifyEqualKeyword$_verifyEqual_closure1.doCall(VerifyEqualKeyword.groovy:58)
	at com.kms.katalon.core.keyword.builtin.VerifyEqualKeyword$_verifyEqual_closure1.call(VerifyEqualKeyword.groovy)
	at com.kms.katalon.core.keyword.internal.KeywordMain.runKeyword(KeywordMain.groovy:75)
	at com.kms.katalon.core.keyword.builtin.VerifyEqualKeyword.verifyEqual(VerifyEqualKeyword.groovy:63)
	at com.kms.katalon.core.keyword.builtin.VerifyEqualKeyword.execute(VerifyEqualKeyword.groovy:44)
	at com.kms.katalon.core.keyword.internal.KeywordExecutor.executeKeywordForPlatform(KeywordExecutor.groovy:74)
	at com.kms.katalon.core.keyword.BuiltinKeywords.verifyEqual(BuiltinKeywords.groovy:146)
	at jdk.internal.reflect.GeneratedMethodAccessor22.invoke(Unknown Source)
	at java.base/jdk.internal.reflect.DelegatingMethodAccessorImpl.invoke(DelegatingMethodAccessorImpl.java:43)
	at Факторный анализ сверка дашбордов.CompareDZO(Факторный анализ сверка дашбордов:695)
	at Факторный анализ сверка дашбордов.Test(Факторный анализ сверка дашбордов:657)
	at Факторный анализ сверка дашбордов.run(Факторный анализ сверка дашбордов:44)
	at com.kms.katalon.core.main.ScriptEngine.run(ScriptEngine.java:194)
	at com.kms.katalon.core.main.ScriptEngine.runScriptAsRawText(ScriptEngine.java:119)
	at com.kms.katalon.core.main.TestCaseExecutor.runScript(TestCaseExecutor.java:448)
	at com.kms.katalon.core.main.TestCaseExecutor.doExecute(TestCaseExecutor.java:439)
	at com.kms.katalon.core.main.TestCaseExecutor.processExecutionPhase(TestCaseExecutor.java:418)
	at com.kms.katalon.core.main.TestCaseExecutor.accessMainPhase(TestCaseExecutor.java:410)
	at com.kms.katalon.core.main.TestCaseExecutor.execute(TestCaseExecutor.java:285)
	at com.kms.katalon.core.common.CommonExecutor.accessTestCaseMainPhase(CommonExecutor.java:65)
	at com.kms.katalon.core.main.TestSuiteExecutor.accessTestSuiteMainPhase(TestSuiteExecutor.java:150)
	at com.kms.katalon.core.main.TestSuiteExecutor.execute(TestSuiteExecutor.java:106)
	at com.kms.katalon.core.main.TestCaseMain.startTestSuite(TestCaseMain.java:180)
	at TempTestSuite1732866793142.run(TempTestSuite1732866793142.groovy:35)
	at java.base/jdk.internal.reflect.NativeMethodAccessorImpl.invoke0(Native Method)
	at java.base/jdk.internal.reflect.NativeMethodAccessorImpl.invoke(NativeMethodAccessorImpl.java:77)
	at java.base/jdk.internal.reflect.DelegatingMethodAccessorImpl.invoke(DelegatingMethodAccessorImpl.java:43)
)

29-11-2024T11:48:35 - [MESSAGE][FAILED] - Unable to verify equal between actual object '18 111 6 233   321 125 5 112 27 13 856 181 102 4 2 444 151 805  346 4 049 34 7 617 42 5 959 2  740 57 6 294 65' and expected object '18 111 6 233   321 125 72 19 633 138 102 4 45 92 805  346 160 31 54 42 298 2  740 57 584 12' (Root cause: com.kms.katalon.core.exception.StepFailedException: Actual object '18 111 6 233   321 125 5 112 27 13 856 181 102 4 2 444 151 805  346 4 049 34 7 617 42 5 959 2  740 57 6 294 65' and expected object '18 111 6 233   321 125 72 19 633 138 102 4 45 92 805  346 160 31 54 42 298 2  740 57 584 12' are not equal
	at com.kms.katalon.core.keyword.builtin.VerifyEqualKeyword$_verifyEqual_closure1.doCall(VerifyEqualKeyword.groovy:58)
	at com.kms.katalon.core.keyword.builtin.VerifyEqualKeyword$_verifyEqual_closure1.call(VerifyEqualKeyword.groovy)
	at com.kms.katalon.core.keyword.internal.KeywordMain.runKeyword(KeywordMain.groovy:75)
	at com.kms.katalon.core.keyword.builtin.VerifyEqualKeyword.verifyEqual(VerifyEqualKeyword.groovy:63)
	at com.kms.katalon.core.keyword.builtin.VerifyEqualKeyword.execute(VerifyEqualKeyword.groovy:44)
	at com.kms.katalon.core.keyword.internal.KeywordExecutor.executeKeywordForPlatform(KeywordExecutor.groovy:74)
	at com.kms.katalon.core.keyword.BuiltinKeywords.verifyEqual(BuiltinKeywords.groovy:146)
	at jdk.internal.reflect.GeneratedMethodAccessor22.invoke(Unknown Source)
	at java.base/jdk.internal.reflect.DelegatingMethodAccessorImpl.invoke(DelegatingMethodAccessorImpl.java:43)
	at Факторный анализ сверка дашбордов.CompareDZO(Факторный анализ сверка дашбордов:695)
	at Факторный анализ сверка дашбордов.Test(Факторный анализ сверка дашбордов:657)
	at Факторный анализ сверка дашбордов.run(Факторный анализ сверка дашбордов:44)
	at com.kms.katalon.core.main.ScriptEngine.run(ScriptEngine.java:194)
	at com.kms.katalon.core.main.ScriptEngine.runScriptAsRawText(ScriptEngine.java:119)
	at com.kms.katalon.core.main.TestCaseExecutor.runScript(TestCaseExecutor.java:448)
	at com.kms.katalon.core.main.TestCaseExecutor.doExecute(TestCaseExecutor.java:439)
	at com.kms.katalon.core.main.TestCaseExecutor.processExecutionPhase(TestCaseExecutor.java:418)
	at com.kms.katalon.core.main.TestCaseExecutor.accessMainPhase(TestCaseExecutor.java:410)
	at com.kms.katalon.core.main.TestCaseExecutor.execute(TestCaseExecutor.java:285)
	at com.kms.katalon.core.common.CommonExecutor.accessTestCaseMainPhase(CommonExecutor.java:65)
	at com.kms.katalon.core.main.TestSuiteExecutor.accessTestSuiteMainPhase(TestSuiteExecutor.java:150)
	at com.kms.katalon.core.main.TestSuiteExecutor.execute(TestSuiteExecutor.java:106)
	at com.kms.katalon.core.main.TestCaseMain.startTestSuite(TestCaseMain.java:180)
	at TempTestSuite1732866793142.run(TempTestSuite1732866793142.groovy:35)
	at java.base/jdk.internal.reflect.NativeMethodAccessorImpl.invoke0(Native Method)
	at java.base/jdk.internal.reflect.NativeMethodAccessorImpl.invoke(NativeMethodAccessorImpl.java:77)
	at java.base/jdk.internal.reflect.DelegatingMethodAccessorImpl.invoke(DelegatingMethodAccessorImpl.java:43)
)

29-11-2024T11:48:35 - [TEST_STEP][PASSED] - else: null

29-11-2024T11:48:35 - [TEST_STEP][PASSED] - otobrajeniyeDannyh = "Все": null

29-11-2024T11:48:35 - [TEST_STEP][PASSED] - vidget = "Всего отклонения по факторам": null

29-11-2024T11:48:35 - [TEST_STEP][PASSED] - Script1719551244403.WriteToExcel(todaysDate, typeOfData, otobrajeniyeDannyh, x, y, vidget, DZO): null

29-11-2024T11:48:35 - [TEST_STEP][PASSED] - sheetName = "Sheet1": null

29-11-2024T11:48:35 - [TEST_STEP][PASSED] - data = findTestData("PlanFact"): null

29-11-2024T11:48:35 - [TEST_STEP][PASSED] - n = data.getRowNumbers() + 1: null

29-11-2024T11:48:35 - [TEST_STEP][PASSED] - period = getText(findTestObject("Факторный анализ/Фильтр Период")): Text of object 'Object Repository/Факторный анализ/Фильтр Период' is: 'Октябрь и 1, 2, 3 кв. 2024 года'

29-11-2024T11:48:35 - [MESSAGE][PASSED] - Text of object 'Object Repository/Факторный анализ/Фильтр Период' is: 'Октябрь и 1, 2, 3 кв. 2024 года'

29-11-2024T11:48:35 - [TEST_STEP][PASSED] - println(period): null

29-11-2024T11:48:35 - [TEST_STEP][PASSED] - dashboardName = "Факторный анализ": null

29-11-2024T11:48:35 - [TEST_STEP][PASSED] - workbook01 = getWorkbook(excelFilePath): null

29-11-2024T11:48:36 - [TEST_STEP][PASSED] - sheet01 = getExcelSheet(workbook01, sheetName): null

29-11-2024T11:48:36 - [TEST_STEP][PASSED] - setValueToCellByIndex(sheet01, n, 0, dashboardName): null

29-11-2024T11:48:36 - [TEST_STEP][PASSED] - setValueToCellByIndex(sheet01, n, 1, DZO): null

29-11-2024T11:48:36 - [TEST_STEP][PASSED] - setValueToCellByIndex(sheet01, n, 2, vidget): null

29-11-2024T11:48:36 - [TEST_STEP][PASSED] - setValueToCellByIndex(sheet01, n, 3, typeOfData): null

29-11-2024T11:48:36 - [TEST_STEP][PASSED] - setValueToCellByIndex(sheet01, n, 4, otobrajeniyeDannyh): null

29-11-2024T11:48:36 - [TEST_STEP][PASSED] - setValueToCellByIndex(sheet01, n, 5, period): null

29-11-2024T11:48:36 - [TEST_STEP][PASSED] - setValueToCellByIndex(sheet01, n, 6, todaysDate): null

29-11-2024T11:48:36 - [TEST_STEP][PASSED] - n = n + 1: null

29-11-2024T11:48:36 - [TEST_STEP][PASSED] - saveWorkbook(excelFilePath, workbook01): null

29-11-2024T11:48:36 - [TEST_STEP][PASSED] - DZO = "Центр и Приволжье (ГК)": null

29-11-2024T11:48:36 - [TEST_STEP][PASSED] - Script1719551244403.CompareDZO(x = CiPA, y = CiPB, run, typeOfData, otobrajeniyeDannyh, todaysDate, vidget, DZO): null

29-11-2024T11:48:36 - [TEST_STEP][PASSED] - x1 = x: null

29-11-2024T11:48:36 - [TEST_STEP][PASSED] - y1 = y: null

29-11-2024T11:48:36 - [TEST_STEP][PASSED] - i1 = <not implemented yet for class: org.codehaus.groovy.ast.expr.EmptyExpression>: null

29-11-2024T11:48:36 - [TEST_STEP][FAILED] - if (verifyEqual(x, y) == true): Unable to verify equal between actual object '6 294 65      562 52 195 55 625 50 464 20 173 23 751 319 246 50 791  235 362 13' and expected object '584 12      562 52 195 55 625 50 464 20 173 23 751 319 246 50 791  235 362 13' (Root cause: com.kms.katalon.core.exception.StepFailedException: Actual object '6 294 65      562 52 195 55 625 50 464 20 173 23 751 319 246 50 791  235 362 13' and expected object '584 12      562 52 195 55 625 50 464 20 173 23 751 319 246 50 791  235 362 13' are not equal
	at com.kms.katalon.core.keyword.builtin.VerifyEqualKeyword$_verifyEqual_closure1.doCall(VerifyEqualKeyword.groovy:58)
	at com.kms.katalon.core.keyword.builtin.VerifyEqualKeyword$_verifyEqual_closure1.call(VerifyEqualKeyword.groovy)
	at com.kms.katalon.core.keyword.internal.KeywordMain.runKeyword(KeywordMain.groovy:75)
	at com.kms.katalon.core.keyword.builtin.VerifyEqualKeyword.verifyEqual(VerifyEqualKeyword.groovy:63)
	at com.kms.katalon.core.keyword.builtin.VerifyEqualKeyword.execute(VerifyEqualKeyword.groovy:44)
	at com.kms.katalon.core.keyword.internal.KeywordExecutor.executeKeywordForPlatform(KeywordExecutor.groovy:74)
	at com.kms.katalon.core.keyword.BuiltinKeywords.verifyEqual(BuiltinKeywords.groovy:146)
	at jdk.internal.reflect.GeneratedMethodAccessor22.invoke(Unknown Source)
	at java.base/jdk.internal.reflect.DelegatingMethodAccessorImpl.invoke(DelegatingMethodAccessorImpl.java:43)
	at Факторный анализ сверка дашбордов.CompareDZO(Факторный анализ сверка дашбордов:695)
	at Факторный анализ сверка дашбордов.Test(Факторный анализ сверка дашбордов:661)
	at Факторный анализ сверка дашбордов.run(Факторный анализ сверка дашбордов:44)
	at com.kms.katalon.core.main.ScriptEngine.run(ScriptEngine.java:194)
	at com.kms.katalon.core.main.ScriptEngine.runScriptAsRawText(ScriptEngine.java:119)
	at com.kms.katalon.core.main.TestCaseExecutor.runScript(TestCaseExecutor.java:448)
	at com.kms.katalon.core.main.TestCaseExecutor.doExecute(TestCaseExecutor.java:439)
	at com.kms.katalon.core.main.TestCaseExecutor.processExecutionPhase(TestCaseExecutor.java:418)
	at com.kms.katalon.core.main.TestCaseExecutor.accessMainPhase(TestCaseExecutor.java:410)
	at com.kms.katalon.core.main.TestCaseExecutor.execute(TestCaseExecutor.java:285)
	at com.kms.katalon.core.common.CommonExecutor.accessTestCaseMainPhase(CommonExecutor.java:65)
	at com.kms.katalon.core.main.TestSuiteExecutor.accessTestSuiteMainPhase(TestSuiteExecutor.java:150)
	at com.kms.katalon.core.main.TestSuiteExecutor.execute(TestSuiteExecutor.java:106)
	at com.kms.katalon.core.main.TestCaseMain.startTestSuite(TestCaseMain.java:180)
	at TempTestSuite1732866793142.run(TempTestSuite1732866793142.groovy:35)
	at java.base/jdk.internal.reflect.NativeMethodAccessorImpl.invoke0(Native Method)
	at java.base/jdk.internal.reflect.NativeMethodAccessorImpl.invoke(NativeMethodAccessorImpl.java:77)
	at java.base/jdk.internal.reflect.DelegatingMethodAccessorImpl.invoke(DelegatingMethodAccessorImpl.java:43)
)

29-11-2024T11:48:36 - [MESSAGE][FAILED] - Unable to verify equal between actual object '6 294 65      562 52 195 55 625 50 464 20 173 23 751 319 246 50 791  235 362 13' and expected object '584 12      562 52 195 55 625 50 464 20 173 23 751 319 246 50 791  235 362 13' (Root cause: com.kms.katalon.core.exception.StepFailedException: Actual object '6 294 65      562 52 195 55 625 50 464 20 173 23 751 319 246 50 791  235 362 13' and expected object '584 12      562 52 195 55 625 50 464 20 173 23 751 319 246 50 791  235 362 13' are not equal
	at com.kms.katalon.core.keyword.builtin.VerifyEqualKeyword$_verifyEqual_closure1.doCall(VerifyEqualKeyword.groovy:58)
	at com.kms.katalon.core.keyword.builtin.VerifyEqualKeyword$_verifyEqual_closure1.call(VerifyEqualKeyword.groovy)
	at com.kms.katalon.core.keyword.internal.KeywordMain.runKeyword(KeywordMain.groovy:75)
	at com.kms.katalon.core.keyword.builtin.VerifyEqualKeyword.verifyEqual(VerifyEqualKeyword.groovy:63)
	at com.kms.katalon.core.keyword.builtin.VerifyEqualKeyword.execute(VerifyEqualKeyword.groovy:44)
	at com.kms.katalon.core.keyword.internal.KeywordExecutor.executeKeywordForPlatform(KeywordExecutor.groovy:74)
	at com.kms.katalon.core.keyword.BuiltinKeywords.verifyEqual(BuiltinKeywords.groovy:146)
	at jdk.internal.reflect.GeneratedMethodAccessor22.invoke(Unknown Source)
	at java.base/jdk.internal.reflect.DelegatingMethodAccessorImpl.invoke(DelegatingMethodAccessorImpl.java:43)
	at Факторный анализ сверка дашбордов.CompareDZO(Факторный анализ сверка дашбордов:695)
	at Факторный анализ сверка дашбордов.Test(Факторный анализ сверка дашбордов:661)
	at Факторный анализ сверка дашбордов.run(Факторный анализ сверка дашбордов:44)
	at com.kms.katalon.core.main.ScriptEngine.run(ScriptEngine.java:194)
	at com.kms.katalon.core.main.ScriptEngine.runScriptAsRawText(ScriptEngine.java:119)
	at com.kms.katalon.core.main.TestCaseExecutor.runScript(TestCaseExecutor.java:448)
	at com.kms.katalon.core.main.TestCaseExecutor.doExecute(TestCaseExecutor.java:439)
	at com.kms.katalon.core.main.TestCaseExecutor.processExecutionPhase(TestCaseExecutor.java:418)
	at com.kms.katalon.core.main.TestCaseExecutor.accessMainPhase(TestCaseExecutor.java:410)
	at com.kms.katalon.core.main.TestCaseExecutor.execute(TestCaseExecutor.java:285)
	at com.kms.katalon.core.common.CommonExecutor.accessTestCaseMainPhase(CommonExecutor.java:65)
	at com.kms.katalon.core.main.TestSuiteExecutor.accessTestSuiteMainPhase(TestSuiteExecutor.java:150)
	at com.kms.katalon.core.main.TestSuiteExecutor.execute(TestSuiteExecutor.java:106)
	at com.kms.katalon.core.main.TestCaseMain.startTestSuite(TestCaseMain.java:180)
	at TempTestSuite1732866793142.run(TempTestSuite1732866793142.groovy:35)
	at java.base/jdk.internal.reflect.NativeMethodAccessorImpl.invoke0(Native Method)
	at java.base/jdk.internal.reflect.NativeMethodAccessorImpl.invoke(NativeMethodAccessorImpl.java:77)
	at java.base/jdk.internal.reflect.DelegatingMethodAccessorImpl.invoke(DelegatingMethodAccessorImpl.java:43)
)

29-11-2024T11:48:36 - [TEST_STEP][PASSED] - else: null

29-11-2024T11:48:36 - [TEST_STEP][PASSED] - otobrajeniyeDannyh = "Все": null

29-11-2024T11:48:36 - [TEST_STEP][PASSED] - vidget = "Всего отклонения по факторам": null

29-11-2024T11:48:36 - [TEST_STEP][PASSED] - Script1719551244403.WriteToExcel(todaysDate, typeOfData, otobrajeniyeDannyh, x, y, vidget, DZO): null

29-11-2024T11:48:36 - [TEST_STEP][PASSED] - sheetName = "Sheet1": null

29-11-2024T11:48:36 - [TEST_STEP][PASSED] - data = findTestData("PlanFact"): null

29-11-2024T11:48:36 - [TEST_STEP][PASSED] - n = data.getRowNumbers() + 1: null

29-11-2024T11:48:36 - [TEST_STEP][PASSED] - period = getText(findTestObject("Факторный анализ/Фильтр Период")): Text of object 'Object Repository/Факторный анализ/Фильтр Период' is: 'Октябрь и 1, 2, 3 кв. 2024 года'

29-11-2024T11:48:36 - [MESSAGE][PASSED] - Text of object 'Object Repository/Факторный анализ/Фильтр Период' is: 'Октябрь и 1, 2, 3 кв. 2024 года'

29-11-2024T11:48:36 - [TEST_STEP][PASSED] - println(period): null

29-11-2024T11:48:36 - [TEST_STEP][PASSED] - dashboardName = "Факторный анализ": null

29-11-2024T11:48:36 - [TEST_STEP][PASSED] - workbook01 = getWorkbook(excelFilePath): null

29-11-2024T11:48:36 - [TEST_STEP][PASSED] - sheet01 = getExcelSheet(workbook01, sheetName): null

29-11-2024T11:48:36 - [TEST_STEP][PASSED] - setValueToCellByIndex(sheet01, n, 0, dashboardName): null

29-11-2024T11:48:36 - [TEST_STEP][PASSED] - setValueToCellByIndex(sheet01, n, 1, DZO): null

29-11-2024T11:48:36 - [TEST_STEP][PASSED] - setValueToCellByIndex(sheet01, n, 2, vidget): null

29-11-2024T11:48:36 - [TEST_STEP][PASSED] - setValueToCellByIndex(sheet01, n, 3, typeOfData): null

29-11-2024T11:48:36 - [TEST_STEP][PASSED] - setValueToCellByIndex(sheet01, n, 4, otobrajeniyeDannyh): null

29-11-2024T11:48:36 - [TEST_STEP][PASSED] - setValueToCellByIndex(sheet01, n, 5, period): null

29-11-2024T11:48:36 - [TEST_STEP][PASSED] - setValueToCellByIndex(sheet01, n, 6, todaysDate): null

29-11-2024T11:48:36 - [TEST_STEP][PASSED] - n = n + 1: null

29-11-2024T11:48:36 - [TEST_STEP][PASSED] - saveWorkbook(excelFilePath, workbook01): null

29-11-2024T11:48:36 - [TEST_STEP][PASSED] - DZO = "Россети Юг (ГК)": null

29-11-2024T11:48:36 - [TEST_STEP][PASSED] - Script1719551244403.CompareDZO(x = UgA, y = UgB, run, typeOfData, otobrajeniyeDannyh, todaysDate, vidget, DZO): null

29-11-2024T11:48:36 - [TEST_STEP][PASSED] - x1 = x: null

29-11-2024T11:48:36 - [TEST_STEP][PASSED] - y1 = y: null

29-11-2024T11:48:36 - [TEST_STEP][PASSED] - i1 = <not implemented yet for class: org.codehaus.groovy.ast.expr.EmptyExpression>: null

29-11-2024T11:48:36 - [TEST_STEP][FAILED] - if (verifyEqual(x, y) == true): Unable to verify equal between actual object '362 13     3 789 51 5 702 100 9 960  352 1 662 3 20 264 66' and expected object '362 13     146 51 77 100 422  352 37 3 813 66' (Root cause: com.kms.katalon.core.exception.StepFailedException: Actual object '362 13     3 789 51 5 702 100 9 960  352 1 662 3 20 264 66' and expected object '362 13     146 51 77 100 422  352 37 3 813 66' are not equal
	at com.kms.katalon.core.keyword.builtin.VerifyEqualKeyword$_verifyEqual_closure1.doCall(VerifyEqualKeyword.groovy:58)
	at com.kms.katalon.core.keyword.builtin.VerifyEqualKeyword$_verifyEqual_closure1.call(VerifyEqualKeyword.groovy)
	at com.kms.katalon.core.keyword.internal.KeywordMain.runKeyword(KeywordMain.groovy:75)
	at com.kms.katalon.core.keyword.builtin.VerifyEqualKeyword.verifyEqual(VerifyEqualKeyword.groovy:63)
	at com.kms.katalon.core.keyword.builtin.VerifyEqualKeyword.execute(VerifyEqualKeyword.groovy:44)
	at com.kms.katalon.core.keyword.internal.KeywordExecutor.executeKeywordForPlatform(KeywordExecutor.groovy:74)
	at com.kms.katalon.core.keyword.BuiltinKeywords.verifyEqual(BuiltinKeywords.groovy:146)
	at jdk.internal.reflect.GeneratedMethodAccessor22.invoke(Unknown Source)
	at java.base/jdk.internal.reflect.DelegatingMethodAccessorImpl.invoke(DelegatingMethodAccessorImpl.java:43)
	at Факторный анализ сверка дашбордов.CompareDZO(Факторный анализ сверка дашбордов:695)
	at Факторный анализ сверка дашбордов.Test(Факторный анализ сверка дашбордов:665)
	at Факторный анализ сверка дашбордов.run(Факторный анализ сверка дашбордов:44)
	at com.kms.katalon.core.main.ScriptEngine.run(ScriptEngine.java:194)
	at com.kms.katalon.core.main.ScriptEngine.runScriptAsRawText(ScriptEngine.java:119)
	at com.kms.katalon.core.main.TestCaseExecutor.runScript(TestCaseExecutor.java:448)
	at com.kms.katalon.core.main.TestCaseExecutor.doExecute(TestCaseExecutor.java:439)
	at com.kms.katalon.core.main.TestCaseExecutor.processExecutionPhase(TestCaseExecutor.java:418)
	at com.kms.katalon.core.main.TestCaseExecutor.accessMainPhase(TestCaseExecutor.java:410)
	at com.kms.katalon.core.main.TestCaseExecutor.execute(TestCaseExecutor.java:285)
	at com.kms.katalon.core.common.CommonExecutor.accessTestCaseMainPhase(CommonExecutor.java:65)
	at com.kms.katalon.core.main.TestSuiteExecutor.accessTestSuiteMainPhase(TestSuiteExecutor.java:150)
	at com.kms.katalon.core.main.TestSuiteExecutor.execute(TestSuiteExecutor.java:106)
	at com.kms.katalon.core.main.TestCaseMain.startTestSuite(TestCaseMain.java:180)
	at TempTestSuite1732866793142.run(TempTestSuite1732866793142.groovy:35)
	at java.base/jdk.internal.reflect.NativeMethodAccessorImpl.invoke0(Native Method)
	at java.base/jdk.internal.reflect.NativeMethodAccessorImpl.invoke(NativeMethodAccessorImpl.java:77)
	at java.base/jdk.internal.reflect.DelegatingMethodAccessorImpl.invoke(DelegatingMethodAccessorImpl.java:43)
)

29-11-2024T11:48:36 - [MESSAGE][FAILED] - Unable to verify equal between actual object '362 13     3 789 51 5 702 100 9 960  352 1 662 3 20 264 66' and expected object '362 13     146 51 77 100 422  352 37 3 813 66' (Root cause: com.kms.katalon.core.exception.StepFailedException: Actual object '362 13     3 789 51 5 702 100 9 960  352 1 662 3 20 264 66' and expected object '362 13     146 51 77 100 422  352 37 3 813 66' are not equal
	at com.kms.katalon.core.keyword.builtin.VerifyEqualKeyword$_verifyEqual_closure1.doCall(VerifyEqualKeyword.groovy:58)
	at com.kms.katalon.core.keyword.builtin.VerifyEqualKeyword$_verifyEqual_closure1.call(VerifyEqualKeyword.groovy)
	at com.kms.katalon.core.keyword.internal.KeywordMain.runKeyword(KeywordMain.groovy:75)
	at com.kms.katalon.core.keyword.builtin.VerifyEqualKeyword.verifyEqual(VerifyEqualKeyword.groovy:63)
	at com.kms.katalon.core.keyword.builtin.VerifyEqualKeyword.execute(VerifyEqualKeyword.groovy:44)
	at com.kms.katalon.core.keyword.internal.KeywordExecutor.executeKeywordForPlatform(KeywordExecutor.groovy:74)
	at com.kms.katalon.core.keyword.BuiltinKeywords.verifyEqual(BuiltinKeywords.groovy:146)
	at jdk.internal.reflect.GeneratedMethodAccessor22.invoke(Unknown Source)
	at java.base/jdk.internal.reflect.DelegatingMethodAccessorImpl.invoke(DelegatingMethodAccessorImpl.java:43)
	at Факторный анализ сверка дашбордов.CompareDZO(Факторный анализ сверка дашбордов:695)
	at Факторный анализ сверка дашбордов.Test(Факторный анализ сверка дашбордов:665)
	at Факторный анализ сверка дашбордов.run(Факторный анализ сверка дашбордов:44)
	at com.kms.katalon.core.main.ScriptEngine.run(ScriptEngine.java:194)
	at com.kms.katalon.core.main.ScriptEngine.runScriptAsRawText(ScriptEngine.java:119)
	at com.kms.katalon.core.main.TestCaseExecutor.runScript(TestCaseExecutor.java:448)
	at com.kms.katalon.core.main.TestCaseExecutor.doExecute(TestCaseExecutor.java:439)
	at com.kms.katalon.core.main.TestCaseExecutor.processExecutionPhase(TestCaseExecutor.java:418)
	at com.kms.katalon.core.main.TestCaseExecutor.accessMainPhase(TestCaseExecutor.java:410)
	at com.kms.katalon.core.main.TestCaseExecutor.execute(TestCaseExecutor.java:285)
	at com.kms.katalon.core.common.CommonExecutor.accessTestCaseMainPhase(CommonExecutor.java:65)
	at com.kms.katalon.core.main.TestSuiteExecutor.accessTestSuiteMainPhase(TestSuiteExecutor.java:150)
	at com.kms.katalon.core.main.TestSuiteExecutor.execute(TestSuiteExecutor.java:106)
	at com.kms.katalon.core.main.TestCaseMain.startTestSuite(TestCaseMain.java:180)
	at TempTestSuite1732866793142.run(TempTestSuite1732866793142.groovy:35)
	at java.base/jdk.internal.reflect.NativeMethodAccessorImpl.invoke0(Native Method)
	at java.base/jdk.internal.reflect.NativeMethodAccessorImpl.invoke(NativeMethodAccessorImpl.java:77)
	at java.base/jdk.internal.reflect.DelegatingMethodAccessorImpl.invoke(DelegatingMethodAccessorImpl.java:43)
)

29-11-2024T11:48:36 - [TEST_STEP][PASSED] - else: null

29-11-2024T11:48:36 - [TEST_STEP][PASSED] - otobrajeniyeDannyh = "Все": null

29-11-2024T11:48:36 - [TEST_STEP][PASSED] - vidget = "Всего отклонения по факторам": null

29-11-2024T11:48:36 - [TEST_STEP][PASSED] - Script1719551244403.WriteToExcel(todaysDate, typeOfData, otobrajeniyeDannyh, x, y, vidget, DZO): null

29-11-2024T11:48:36 - [TEST_STEP][PASSED] - sheetName = "Sheet1": null

29-11-2024T11:48:36 - [TEST_STEP][PASSED] - data = findTestData("PlanFact"): null

29-11-2024T11:48:36 - [TEST_STEP][PASSED] - n = data.getRowNumbers() + 1: null

29-11-2024T11:48:36 - [TEST_STEP][PASSED] - period = getText(findTestObject("Факторный анализ/Фильтр Период")): Text of object 'Object Repository/Факторный анализ/Фильтр Период' is: 'Октябрь и 1, 2, 3 кв. 2024 года'

29-11-2024T11:48:37 - [MESSAGE][PASSED] - Text of object 'Object Repository/Факторный анализ/Фильтр Период' is: 'Октябрь и 1, 2, 3 кв. 2024 года'

29-11-2024T11:48:37 - [TEST_STEP][PASSED] - println(period): null

29-11-2024T11:48:37 - [TEST_STEP][PASSED] - dashboardName = "Факторный анализ": null

29-11-2024T11:48:37 - [TEST_STEP][PASSED] - workbook01 = getWorkbook(excelFilePath): null

29-11-2024T11:48:37 - [TEST_STEP][PASSED] - sheet01 = getExcelSheet(workbook01, sheetName): null

29-11-2024T11:48:37 - [TEST_STEP][PASSED] - setValueToCellByIndex(sheet01, n, 0, dashboardName): null

29-11-2024T11:48:37 - [TEST_STEP][PASSED] - setValueToCellByIndex(sheet01, n, 1, DZO): null

29-11-2024T11:48:37 - [TEST_STEP][PASSED] - setValueToCellByIndex(sheet01, n, 2, vidget): null

29-11-2024T11:48:37 - [TEST_STEP][PASSED] - setValueToCellByIndex(sheet01, n, 3, typeOfData): null

29-11-2024T11:48:37 - [TEST_STEP][PASSED] - setValueToCellByIndex(sheet01, n, 4, otobrajeniyeDannyh): null

29-11-2024T11:48:37 - [TEST_STEP][PASSED] - setValueToCellByIndex(sheet01, n, 5, period): null

29-11-2024T11:48:37 - [TEST_STEP][PASSED] - setValueToCellByIndex(sheet01, n, 6, todaysDate): null

29-11-2024T11:48:37 - [TEST_STEP][PASSED] - n = n + 1: null

29-11-2024T11:48:37 - [TEST_STEP][PASSED] - saveWorkbook(excelFilePath, workbook01): null

29-11-2024T11:48:37 - [TEST_STEP][PASSED] - DZO = "Россети Янтарь": null

29-11-2024T11:48:37 - [TEST_STEP][PASSED] - Script1719551244403.CompareDZO(x = YaA, y = YaB, run, typeOfData, otobrajeniyeDannyh, todaysDate, vidget, DZO): null

29-11-2024T11:48:37 - [TEST_STEP][PASSED] - x1 = x: null

29-11-2024T11:48:37 - [TEST_STEP][PASSED] - y1 = y: null

29-11-2024T11:48:37 - [TEST_STEP][PASSED] - i1 = <not implemented yet for class: org.codehaus.groovy.ast.expr.EmptyExpression>: null

29-11-2024T11:48:37 - [TEST_STEP][PASSED] - if (verifyEqual(x, y) == true): Actual object '360 42' and expected object '360 42' are equal

29-11-2024T11:48:37 - [MESSAGE][PASSED] - Actual object '360 42' and expected object '360 42' are equal

29-11-2024T11:48:37 - [TEST_STEP][PASSED] - closeBrowser(): Browser is closed

29-11-2024T11:48:37 - [MESSAGE][PASSED] - Browser is closed]]></system-out>
         <system-err><![CDATA[29-11-2024T11:44:41 - [TEST_CASE][FAILED] - Test Cases/Сверки дашбордов/Факторный анализ сверка дашбордов: Test Cases/Сверки дашбордов/Факторный анализ сверка дашбордов FAILED.
Reason:
com.kms.katalon.core.exception.StepFailedException: Unable to verify equal between actual object '-404356' and expected object '2896' (Root cause: com.kms.katalon.core.exception.StepFailedException: Actual object '-404356' and expected object '2896' are not equal
	at com.kms.katalon.core.keyword.builtin.VerifyEqualKeyword$_verifyEqual_closure1.doCall(VerifyEqualKeyword.groovy:58)
	at com.kms.katalon.core.keyword.builtin.VerifyEqualKeyword$_verifyEqual_closure1.call(VerifyEqualKeyword.groovy)
	at com.kms.katalon.core.keyword.internal.KeywordMain.runKeyword(KeywordMain.groovy:75)
	at com.kms.katalon.core.keyword.builtin.VerifyEqualKeyword.verifyEqual(VerifyEqualKeyword.groovy:63)
	at com.kms.katalon.core.keyword.builtin.VerifyEqualKeyword.execute(VerifyEqualKeyword.groovy:44)
	at com.kms.katalon.core.keyword.internal.KeywordExecutor.executeKeywordForPlatform(KeywordExecutor.groovy:74)
	at com.kms.katalon.core.keyword.BuiltinKeywords.verifyEqual(BuiltinKeywords.groovy:146)
	at jdk.internal.reflect.GeneratedMethodAccessor22.invoke(Unknown Source)
	at java.base/jdk.internal.reflect.DelegatingMethodAccessorImpl.invoke(DelegatingMethodAccessorImpl.java:43)
	at Факторный анализ сверка дашбордов.Compare(Факторный анализ сверка дашбордов:674)
	at Факторный анализ сверка дашбордов.Test(Факторный анализ сверка дашбордов:438)
	at Факторный анализ сверка дашбордов.run(Факторный анализ сверка дашбордов:44)
	at com.kms.katalon.core.main.ScriptEngine.run(ScriptEngine.java:194)
	at com.kms.katalon.core.main.ScriptEngine.runScriptAsRawText(ScriptEngine.java:119)
	at com.kms.katalon.core.main.TestCaseExecutor.runScript(TestCaseExecutor.java:448)
	at com.kms.katalon.core.main.TestCaseExecutor.doExecute(TestCaseExecutor.java:439)
	at com.kms.katalon.core.main.TestCaseExecutor.processExecutionPhase(TestCaseExecutor.java:418)
	at com.kms.katalon.core.main.TestCaseExecutor.accessMainPhase(TestCaseExecutor.java:410)
	at com.kms.katalon.core.main.TestCaseExecutor.execute(TestCaseExecutor.java:285)
	at com.kms.katalon.core.common.CommonExecutor.accessTestCaseMainPhase(CommonExecutor.java:65)
	at com.kms.katalon.core.main.TestSuiteExecutor.accessTestSuiteMainPhase(TestSuiteExecutor.java:150)
	at com.kms.katalon.core.main.TestSuiteExecutor.execute(TestSuiteExecutor.java:106)
	at com.kms.katalon.core.main.TestCaseMain.startTestSuite(TestCaseMain.java:180)
	at TempTestSuite1732866793142.run(TempTestSuite1732866793142.groovy:35)
	at java.base/jdk.internal.reflect.NativeMethodAccessorImpl.invoke0(Native Method)
	at java.base/jdk.internal.reflect.NativeMethodAccessorImpl.invoke(NativeMethodAccessorImpl.java:77)
	at java.base/jdk.internal.reflect.DelegatingMethodAccessorImpl.invoke(DelegatingMethodAccessorImpl.java:43)
)
	at com.kms.katalon.core.keyword.internal.KeywordMain.stepFailed(KeywordMain.groovy:39)
	at com.kms.katalon.core.keyword.internal.KeywordMain.stepFailed(KeywordMain.groovy)
	at com.kms.katalon.core.keyword.internal.KeywordMain.runKeyword(KeywordMain.groovy:77)
	at com.kms.katalon.core.keyword.builtin.VerifyEqualKeyword.verifyEqual(VerifyEqualKeyword.groovy:63)
	at com.kms.katalon.core.keyword.builtin.VerifyEqualKeyword.execute(VerifyEqualKeyword.groovy:44)
	at com.kms.katalon.core.keyword.internal.KeywordExecutor.executeKeywordForPlatform(KeywordExecutor.groovy:74)
	at com.kms.katalon.core.keyword.BuiltinKeywords.verifyEqual(BuiltinKeywords.groovy:146)
	at jdk.internal.reflect.GeneratedMethodAccessor22.invoke(Unknown Source)
	at java.base/jdk.internal.reflect.DelegatingMethodAccessorImpl.invoke(DelegatingMethodAccessorImpl.java:43)
	at Факторный анализ сверка дашбордов.Compare(Факторный анализ сверка дашбордов:674)
	at Факторный анализ сверка дашбордов.Test(Факторный анализ сверка дашбордов:438)
	at Факторный анализ сверка дашбордов.run(Факторный анализ сверка дашбордов:44)
	at com.kms.katalon.core.main.ScriptEngine.run(ScriptEngine.java:194)
	at com.kms.katalon.core.main.ScriptEngine.runScriptAsRawText(ScriptEngine.java:119)
	at com.kms.katalon.core.main.TestCaseExecutor.runScript(TestCaseExecutor.java:448)
	at com.kms.katalon.core.main.TestCaseExecutor.doExecute(TestCaseExecutor.java:439)
	at com.kms.katalon.core.main.TestCaseExecutor.processExecutionPhase(TestCaseExecutor.java:418)
	at com.kms.katalon.core.main.TestCaseExecutor.accessMainPhase(TestCaseExecutor.java:410)
	at com.kms.katalon.core.main.TestCaseExecutor.execute(TestCaseExecutor.java:285)
	at com.kms.katalon.core.common.CommonExecutor.accessTestCaseMainPhase(CommonExecutor.java:65)
	at com.kms.katalon.core.main.TestSuiteExecutor.accessTestSuiteMainPhase(TestSuiteExecutor.java:150)
	at com.kms.katalon.core.main.TestSuiteExecutor.execute(TestSuiteExecutor.java:106)
	at com.kms.katalon.core.main.TestCaseMain.startTestSuite(TestCaseMain.java:180)
	at TempTestSuite1732866793142.run(TempTestSuite1732866793142.groovy:35)
	at java.base/jdk.internal.reflect.NativeMethodAccessorImpl.invoke0(Native Method)
	at java.base/jdk.internal.reflect.NativeMethodAccessorImpl.invoke(NativeMethodAccessorImpl.java:77)
	at java.base/jdk.internal.reflect.DelegatingMethodAccessorImpl.invoke(DelegatingMethodAccessorImpl.java:43)
Caused by: com.kms.katalon.core.exception.StepFailedException: Actual object '-404356' and expected object '2896' are not equal
	at com.kms.katalon.core.keyword.builtin.VerifyEqualKeyword$_verifyEqual_closure1.doCall(VerifyEqualKeyword.groovy:58)
	at com.kms.katalon.core.keyword.builtin.VerifyEqualKeyword$_verifyEqual_closure1.call(VerifyEqualKeyword.groovy)
	at com.kms.katalon.core.keyword.internal.KeywordMain.runKeyword(KeywordMain.groovy:75)
	... 24 more]]></system-err>
      </testcase>
      <system-out><![CDATA[29-11-2024T10:53:17 - [TEST_SUITE][FAILED] - Сверка дашбордов из разных блоков: Test Cases/Сверки дашбордов/Выручка в рублях сверка дашбордов ПАО Россети FAILED.
Reason:
com.kms.katalon.core.exception.StepFailedException: Unable to navigate to 'https://bi.rosseti.digital/viewer?dashboardGuid=2301950b23be4ed89c1df75f2020051e&sheetGuid=b723206f698544fb87299f3095c00435&fit=true' (Root cause: com.kms.katalon.core.exception.StepFailedException: Unable to navigate to 'https://bi.rosseti.digital/viewer?dashboardGuid=2301950b23be4ed89c1df75f2020051e&sheetGuid=b723206f698544fb87299f3095c00435&fit=true'
	at com.kms.katalon.core.webui.keyword.internal.WebUIKeywordMain.stepFailed(WebUIKeywordMain.groovy:64)
	at com.kms.katalon.core.webui.keyword.internal.WebUIKeywordMain.runKeyword(WebUIKeywordMain.groovy:26)
	at com.kms.katalon.core.webui.keyword.builtin.NavigateToUrlKeyword.navigateToUrl(NavigateToUrlKeyword.groovy:83)
	at com.kms.katalon.core.webui.keyword.builtin.NavigateToUrlKeyword.execute(NavigateToUrlKeyword.groovy:67)
	at com.kms.katalon.core.keyword.internal.KeywordExecutor.executeKeywordForPlatform(KeywordExecutor.groovy:74)
	at com.kms.katalon.core.webui.keyword.WebUiBuiltInKeywords.navigateToUrl(WebUiBuiltInKeywords.groovy:187)
	at Выручка в рублях сверка дашбордов ПАО Россети.Autorization(Выручка в рублях сверка дашбордов ПАО Россети:674)
	at Выручка в рублях сверка дашбордов ПАО Россети.PreSettings(Выручка в рублях сверка дашбордов ПАО Россети:573)
	at Выручка в рублях сверка дашбордов ПАО Россети.Blocks(Выручка в рублях сверка дашбордов ПАО Россети:153)
	at Выручка в рублях сверка дашбордов ПАО Россети.ViruchkaChange(Выручка в рублях сверка дашбордов ПАО Россети:60)
	at Выручка в рублях сверка дашбордов ПАО Россети.run(Выручка в рублях сверка дашбордов ПАО Россети:55)
	at com.kms.katalon.core.main.ScriptEngine.run(ScriptEngine.java:194)
	at com.kms.katalon.core.main.ScriptEngine.runScriptAsRawText(ScriptEngine.java:119)
	at com.kms.katalon.core.main.TestCaseExecutor.runScript(TestCaseExecutor.java:448)
	at com.kms.katalon.core.main.TestCaseExecutor.doExecute(TestCaseExecutor.java:439)
	at com.kms.katalon.core.main.TestCaseExecutor.processExecutionPhase(TestCaseExecutor.java:418)
	at com.kms.katalon.core.main.TestCaseExecutor.accessMainPhase(TestCaseExecutor.java:410)
	at com.kms.katalon.core.main.TestCaseExecutor.execute(TestCaseExecutor.java:285)
	at com.kms.katalon.core.common.CommonExecutor.accessTestCaseMainPhase(CommonExecutor.java:65)
	at com.kms.katalon.core.main.TestSuiteExecutor.accessTestSuiteMainPhase(TestSuiteExecutor.java:150)
	at com.kms.katalon.core.main.TestSuiteExecutor.execute(TestSuiteExecutor.java:106)
	at com.kms.katalon.core.main.TestCaseMain.startTestSuite(TestCaseMain.java:180)
	at TempTestSuite1732866793142.run(TempTestSuite1732866793142.groovy:35)
	at java.base/jdk.internal.reflect.NativeMethodAccessorImpl.invoke0(Native Method)
	at java.base/jdk.internal.reflect.NativeMethodAccessorImpl.invoke(NativeMethodAccessorImpl.java:77)
	at java.base/jdk.internal.reflect.DelegatingMethodAccessorImpl.invoke(DelegatingMethodAccessorImpl.java:43)
Caused by: org.openqa.selenium.TimeoutException: timeout: Timed out receiving message from renderer: 299.172
  (Session info: chrome=131.0.6778.86)
Build info: version: '3.141.59', revision: 'unknown', time: 'unknown'
System info: host: 'UVV-WS904-D', ip: '192.168.0.19', os.name: 'Windows 10', os.arch: 'amd64', os.version: '10.0', java.version: '17.0.7'
Driver info: com.kms.katalon.selenium.driver.CChromeDriver
Capabilities {acceptInsecureCerts: false, browserName: chrome, browserVersion: 131.0.6778.86, chrome: {chromedriverVersion: 131.0.6778.69 (77e2244bbcda..., userDataDir: C:\Users\LIAZGI~1\AppData\L...}, fedcm:accounts: true, goog:chromeOptions: {debuggerAddress: localhost:63519}, javascriptEnabled: true, networkConnectionEnabled: false, pageLoadStrategy: normal, platform: WINDOWS, platformName: WINDOWS, proxy: Proxy(), setWindowRect: true, strictFileInteractability: false, timeouts: {implicit: 0, pageLoad: 300000, script: 30000}, unhandledPromptBehavior: dismiss and notify, webauthn:extension:credBlob: true, webauthn:extension:largeBlob: true, webauthn:extension:minPinLength: true, webauthn:extension:prf: true, webauthn:virtualAuthenticators: true}
Session ID: 6428f965c29e06897a1ccfc9aeb264aa
	at java.base/jdk.internal.reflect.NativeConstructorAccessorImpl.newInstance0(Native Method)
	at java.base/jdk.internal.reflect.NativeConstructorAccessorImpl.newInstance(NativeConstructorAccessorImpl.java:77)
	at java.base/jdk.internal.reflect.DelegatingConstructorAccessorImpl.newInstance(DelegatingConstructorAccessorImpl.java:45)
	at org.openqa.selenium.remote.http.W3CHttpResponseCodec.createException(W3CHttpResponseCodec.java:187)
	at org.openqa.selenium.remote.http.W3CHttpResponseCodec.decode(W3CHttpResponseCodec.java:122)
	at org.openqa.selenium.remote.http.W3CHttpResponseCodec.decode(W3CHttpResponseCodec.java:49)
	at org.openqa.selenium.remote.HttpCommandExecutor.execute(HttpCommandExecutor.java:158)
	at org.openqa.selenium.remote.service.DriverCommandExecutor.execute(DriverCommandExecutor.java:83)
	at org.openqa.selenium.remote.RemoteWebDriver.execute(RemoteWebDriver.java:552)
	at com.kms.katalon.selenium.driver.CChromeDriver.execute(CChromeDriver.java:19)
	at org.openqa.selenium.remote.RemoteWebDriver.get(RemoteWebDriver.java:277)
	at org.openqa.selenium.remote.RemoteWebDriver$RemoteNavigation.to(RemoteWebDriver.java:857)
	at org.openqa.selenium.support.events.EventFiringWebDriver$EventFiringNavigation.to(EventFiringWebDriver.java:569)
	at com.kms.katalon.core.webui.keyword.builtin.NavigateToUrlKeyword$_navigateToUrl_closure1.doCall(NavigateToUrlKeyword.groovy:81)
	at com.kms.katalon.core.webui.keyword.builtin.NavigateToUrlKeyword$_navigateToUrl_closure1.call(NavigateToUrlKeyword.groovy)
	at com.kms.katalon.core.webui.keyword.internal.WebUIKeywordMain.runKeyword(WebUIKeywordMain.groovy:20)
	at com.kms.katalon.core.webui.keyword.builtin.NavigateToUrlKeyword.navigateToUrl(NavigateToUrlKeyword.groovy:83)
	at com.kms.katalon.core.webui.keyword.builtin.NavigateToUrlKeyword.execute(NavigateToUrlKeyword.groovy:67)
	at com.kms.katalon.core.keyword.internal.KeywordExecutor.executeKeywordForPlatform(KeywordExecutor.groovy:74)
	at com.kms.katalon.core.webui.keyword.WebUiBuiltInKeywords.navigateToUrl(WebUiBuiltInKeywords.groovy:187)
	at Script1710234207206.Autorization(Script1710234207206.groovy:674)
	at Script1710234207206.PreSettings(Script1710234207206.groovy:573)
	at Script1710234207206.Blocks(Script1710234207206.groovy:153)
	at Script1710234207206.ViruchkaChange(Script1710234207206.groovy:60)
	at Script1710234207206.run(Script1710234207206.groovy:55)
	... 15 more
)
	at com.kms.katalon.core.keyword.internal.KeywordMain.stepFailed(KeywordMain.groovy:39)
	at com.kms.katalon.core.webui.keyword.internal.WebUIKeywordMain.stepFailed(WebUIKeywordMain.groovy:64)
	at com.kms.katalon.core.webui.keyword.internal.WebUIKeywordMain.runKeyword(WebUIKeywordMain.groovy:26)
	at com.kms.katalon.core.webui.keyword.builtin.NavigateToUrlKeyword.navigateToUrl(NavigateToUrlKeyword.groovy:83)
	at com.kms.katalon.core.webui.keyword.builtin.NavigateToUrlKeyword.execute(NavigateToUrlKeyword.groovy:67)
	at com.kms.katalon.core.keyword.internal.KeywordExecutor.executeKeywordForPlatform(KeywordExecutor.groovy:74)
	at com.kms.katalon.core.webui.keyword.WebUiBuiltInKeywords.navigateToUrl(WebUiBuiltInKeywords.groovy:187)
	at Выручка в рублях сверка дашбордов ПАО Россети.Autorization(Выручка в рублях сверка дашбордов ПАО Россети:674)
	at Выручка в рублях сверка дашбордов ПАО Россети.PreSettings(Выручка в рублях сверка дашбордов ПАО Россети:573)
	at Выручка в рублях сверка дашбордов ПАО Россети.Blocks(Выручка в рублях сверка дашбордов ПАО Россети:153)
	at Выручка в рублях сверка дашбордов ПАО Россети.ViruchkaChange(Выручка в рублях сверка дашбордов ПАО Россети:60)
	at Выручка в рублях сверка дашбордов ПАО Россети.run(Выручка в рублях сверка дашбордов ПАО Россети:55)
	at com.kms.katalon.core.main.ScriptEngine.run(ScriptEngine.java:194)
	at com.kms.katalon.core.main.ScriptEngine.runScriptAsRawText(ScriptEngine.java:119)
	at com.kms.katalon.core.main.TestCaseExecutor.runScript(TestCaseExecutor.java:448)
	at com.kms.katalon.core.main.TestCaseExecutor.doExecute(TestCaseExecutor.java:439)
	at com.kms.katalon.core.main.TestCaseExecutor.processExecutionPhase(TestCaseExecutor.java:418)
	at com.kms.katalon.core.main.TestCaseExecutor.accessMainPhase(TestCaseExecutor.java:410)
	at com.kms.katalon.core.main.TestCaseExecutor.execute(TestCaseExecutor.java:285)
	at com.kms.katalon.core.common.CommonExecutor.accessTestCaseMainPhase(CommonExecutor.java:65)
	at com.kms.katalon.core.main.TestSuiteExecutor.accessTestSuiteMainPhase(TestSuiteExecutor.java:150)
	at com.kms.katalon.core.main.TestSuiteExecutor.execute(TestSuiteExecutor.java:106)
	at com.kms.katalon.core.main.TestCaseMain.startTestSuite(TestCaseMain.java:180)
	at TempTestSuite1732866793142.run(TempTestSuite1732866793142.groovy:35)
	at java.base/jdk.internal.reflect.NativeMethodAccessorImpl.invoke0(Native Method)
	at java.base/jdk.internal.reflect.NativeMethodAccessorImpl.invoke(NativeMethodAccessorImpl.java:77)
	at java.base/jdk.internal.reflect.DelegatingMethodAccessorImpl.invoke(DelegatingMethodAccessorImpl.java:43)
Caused by: com.kms.katalon.core.exception.StepFailedException: Unable to navigate to 'https://bi.rosseti.digital/viewer?dashboardGuid=2301950b23be4ed89c1df75f2020051e&sheetGuid=b723206f698544fb87299f3095c00435&fit=true'
	... 26 more
Caused by: org.openqa.selenium.TimeoutException: timeout: Timed out receiving message from renderer: 299.172
  (Session info: chrome=131.0.6778.86)
Build info: version: '3.141.59', revision: 'unknown', time: 'unknown'
System info: host: 'UVV-WS904-D', ip: '192.168.0.19', os.name: 'Windows 10', os.arch: 'amd64', os.version: '10.0', java.version: '17.0.7'
Driver info: com.kms.katalon.selenium.driver.CChromeDriver
Capabilities {acceptInsecureCerts: false, browserName: chrome, browserVersion: 131.0.6778.86, chrome: {chromedriverVersion: 131.0.6778.69 (77e2244bbcda..., userDataDir: C:\Users\LIAZGI~1\AppData\L...}, fedcm:accounts: true, goog:chromeOptions: {debuggerAddress: localhost:63519}, javascriptEnabled: true, networkConnectionEnabled: false, pageLoadStrategy: normal, platform: WINDOWS, platformName: WINDOWS, proxy: Proxy(), setWindowRect: true, strictFileInteractability: false, timeouts: {implicit: 0, pageLoad: 300000, script: 30000}, unhandledPromptBehavior: dismiss and notify, webauthn:extension:credBlob: true, webauthn:extension:largeBlob: true, webauthn:extension:minPinLength: true, webauthn:extension:prf: true, webauthn:virtualAuthenticators: true}
Session ID: 6428f965c29e06897a1ccfc9aeb264aa
	at java.base/jdk.internal.reflect.NativeConstructorAccessorImpl.newInstance0(Native Method)
	at java.base/jdk.internal.reflect.NativeConstructorAccessorImpl.newInstance(NativeConstructorAccessorImpl.java:77)
	at java.base/jdk.internal.reflect.DelegatingConstructorAccessorImpl.newInstance(DelegatingConstructorAccessorImpl.java:45)
	at org.openqa.selenium.remote.http.W3CHttpResponseCodec.createException(W3CHttpResponseCodec.java:187)
	at org.openqa.selenium.remote.http.W3CHttpResponseCodec.decode(W3CHttpResponseCodec.java:122)
	at org.openqa.selenium.remote.http.W3CHttpResponseCodec.decode(W3CHttpResponseCodec.java:49)
	at org.openqa.selenium.remote.HttpCommandExecutor.execute(HttpCommandExecutor.java:158)
	at org.openqa.selenium.remote.service.DriverCommandExecutor.execute(DriverCommandExecutor.java:83)
	at org.openqa.selenium.remote.RemoteWebDriver.execute(RemoteWebDriver.java:552)
	at com.kms.katalon.selenium.driver.CChromeDriver.execute(CChromeDriver.java:19)
	at org.openqa.selenium.remote.RemoteWebDriver.get(RemoteWebDriver.java:277)
	at org.openqa.selenium.remote.RemoteWebDriver$RemoteNavigation.to(RemoteWebDriver.java:857)
	at org.openqa.selenium.support.events.EventFiringWebDriver$EventFiringNavigation.to(EventFiringWebDriver.java:569)
	at com.kms.katalon.core.webui.keyword.builtin.NavigateToUrlKeyword$_navigateToUrl_closure1.doCall(NavigateToUrlKeyword.groovy:81)
	at com.kms.katalon.core.webui.keyword.builtin.NavigateToUrlKeyword$_navigateToUrl_closure1.call(NavigateToUrlKeyword.groovy)
	at com.kms.katalon.core.webui.keyword.internal.WebUIKeywordMain.runKeyword(WebUIKeywordMain.groovy:20)
	... 24 more]]></system-out>
      <system-err><![CDATA[29-11-2024T10:53:17 - [TEST_SUITE][FAILED] - Сверка дашбордов из разных блоков: Test Cases/Сверки дашбордов/Выручка в рублях сверка дашбордов ПАО Россети FAILED.
Reason:
com.kms.katalon.core.exception.StepFailedException: Unable to navigate to 'https://bi.rosseti.digital/viewer?dashboardGuid=2301950b23be4ed89c1df75f2020051e&sheetGuid=b723206f698544fb87299f3095c00435&fit=true' (Root cause: com.kms.katalon.core.exception.StepFailedException: Unable to navigate to 'https://bi.rosseti.digital/viewer?dashboardGuid=2301950b23be4ed89c1df75f2020051e&sheetGuid=b723206f698544fb87299f3095c00435&fit=true'
	at com.kms.katalon.core.webui.keyword.internal.WebUIKeywordMain.stepFailed(WebUIKeywordMain.groovy:64)
	at com.kms.katalon.core.webui.keyword.internal.WebUIKeywordMain.runKeyword(WebUIKeywordMain.groovy:26)
	at com.kms.katalon.core.webui.keyword.builtin.NavigateToUrlKeyword.navigateToUrl(NavigateToUrlKeyword.groovy:83)
	at com.kms.katalon.core.webui.keyword.builtin.NavigateToUrlKeyword.execute(NavigateToUrlKeyword.groovy:67)
	at com.kms.katalon.core.keyword.internal.KeywordExecutor.executeKeywordForPlatform(KeywordExecutor.groovy:74)
	at com.kms.katalon.core.webui.keyword.WebUiBuiltInKeywords.navigateToUrl(WebUiBuiltInKeywords.groovy:187)
	at Выручка в рублях сверка дашбордов ПАО Россети.Autorization(Выручка в рублях сверка дашбордов ПАО Россети:674)
	at Выручка в рублях сверка дашбордов ПАО Россети.PreSettings(Выручка в рублях сверка дашбордов ПАО Россети:573)
	at Выручка в рублях сверка дашбордов ПАО Россети.Blocks(Выручка в рублях сверка дашбордов ПАО Россети:153)
	at Выручка в рублях сверка дашбордов ПАО Россети.ViruchkaChange(Выручка в рублях сверка дашбордов ПАО Россети:60)
	at Выручка в рублях сверка дашбордов ПАО Россети.run(Выручка в рублях сверка дашбордов ПАО Россети:55)
	at com.kms.katalon.core.main.ScriptEngine.run(ScriptEngine.java:194)
	at com.kms.katalon.core.main.ScriptEngine.runScriptAsRawText(ScriptEngine.java:119)
	at com.kms.katalon.core.main.TestCaseExecutor.runScript(TestCaseExecutor.java:448)
	at com.kms.katalon.core.main.TestCaseExecutor.doExecute(TestCaseExecutor.java:439)
	at com.kms.katalon.core.main.TestCaseExecutor.processExecutionPhase(TestCaseExecutor.java:418)
	at com.kms.katalon.core.main.TestCaseExecutor.accessMainPhase(TestCaseExecutor.java:410)
	at com.kms.katalon.core.main.TestCaseExecutor.execute(TestCaseExecutor.java:285)
	at com.kms.katalon.core.common.CommonExecutor.accessTestCaseMainPhase(CommonExecutor.java:65)
	at com.kms.katalon.core.main.TestSuiteExecutor.accessTestSuiteMainPhase(TestSuiteExecutor.java:150)
	at com.kms.katalon.core.main.TestSuiteExecutor.execute(TestSuiteExecutor.java:106)
	at com.kms.katalon.core.main.TestCaseMain.startTestSuite(TestCaseMain.java:180)
	at TempTestSuite1732866793142.run(TempTestSuite1732866793142.groovy:35)
	at java.base/jdk.internal.reflect.NativeMethodAccessorImpl.invoke0(Native Method)
	at java.base/jdk.internal.reflect.NativeMethodAccessorImpl.invoke(NativeMethodAccessorImpl.java:77)
	at java.base/jdk.internal.reflect.DelegatingMethodAccessorImpl.invoke(DelegatingMethodAccessorImpl.java:43)
Caused by: org.openqa.selenium.TimeoutException: timeout: Timed out receiving message from renderer: 299.172
  (Session info: chrome=131.0.6778.86)
Build info: version: '3.141.59', revision: 'unknown', time: 'unknown'
System info: host: 'UVV-WS904-D', ip: '192.168.0.19', os.name: 'Windows 10', os.arch: 'amd64', os.version: '10.0', java.version: '17.0.7'
Driver info: com.kms.katalon.selenium.driver.CChromeDriver
Capabilities {acceptInsecureCerts: false, browserName: chrome, browserVersion: 131.0.6778.86, chrome: {chromedriverVersion: 131.0.6778.69 (77e2244bbcda..., userDataDir: C:\Users\LIAZGI~1\AppData\L...}, fedcm:accounts: true, goog:chromeOptions: {debuggerAddress: localhost:63519}, javascriptEnabled: true, networkConnectionEnabled: false, pageLoadStrategy: normal, platform: WINDOWS, platformName: WINDOWS, proxy: Proxy(), setWindowRect: true, strictFileInteractability: false, timeouts: {implicit: 0, pageLoad: 300000, script: 30000}, unhandledPromptBehavior: dismiss and notify, webauthn:extension:credBlob: true, webauthn:extension:largeBlob: true, webauthn:extension:minPinLength: true, webauthn:extension:prf: true, webauthn:virtualAuthenticators: true}
Session ID: 6428f965c29e06897a1ccfc9aeb264aa
	at java.base/jdk.internal.reflect.NativeConstructorAccessorImpl.newInstance0(Native Method)
	at java.base/jdk.internal.reflect.NativeConstructorAccessorImpl.newInstance(NativeConstructorAccessorImpl.java:77)
	at java.base/jdk.internal.reflect.DelegatingConstructorAccessorImpl.newInstance(DelegatingConstructorAccessorImpl.java:45)
	at org.openqa.selenium.remote.http.W3CHttpResponseCodec.createException(W3CHttpResponseCodec.java:187)
	at org.openqa.selenium.remote.http.W3CHttpResponseCodec.decode(W3CHttpResponseCodec.java:122)
	at org.openqa.selenium.remote.http.W3CHttpResponseCodec.decode(W3CHttpResponseCodec.java:49)
	at org.openqa.selenium.remote.HttpCommandExecutor.execute(HttpCommandExecutor.java:158)
	at org.openqa.selenium.remote.service.DriverCommandExecutor.execute(DriverCommandExecutor.java:83)
	at org.openqa.selenium.remote.RemoteWebDriver.execute(RemoteWebDriver.java:552)
	at com.kms.katalon.selenium.driver.CChromeDriver.execute(CChromeDriver.java:19)
	at org.openqa.selenium.remote.RemoteWebDriver.get(RemoteWebDriver.java:277)
	at org.openqa.selenium.remote.RemoteWebDriver$RemoteNavigation.to(RemoteWebDriver.java:857)
	at org.openqa.selenium.support.events.EventFiringWebDriver$EventFiringNavigation.to(EventFiringWebDriver.java:569)
	at com.kms.katalon.core.webui.keyword.builtin.NavigateToUrlKeyword$_navigateToUrl_closure1.doCall(NavigateToUrlKeyword.groovy:81)
	at com.kms.katalon.core.webui.keyword.builtin.NavigateToUrlKeyword$_navigateToUrl_closure1.call(NavigateToUrlKeyword.groovy)
	at com.kms.katalon.core.webui.keyword.internal.WebUIKeywordMain.runKeyword(WebUIKeywordMain.groovy:20)
	at com.kms.katalon.core.webui.keyword.builtin.NavigateToUrlKeyword.navigateToUrl(NavigateToUrlKeyword.groovy:83)
	at com.kms.katalon.core.webui.keyword.builtin.NavigateToUrlKeyword.execute(NavigateToUrlKeyword.groovy:67)
	at com.kms.katalon.core.keyword.internal.KeywordExecutor.executeKeywordForPlatform(KeywordExecutor.groovy:74)
	at com.kms.katalon.core.webui.keyword.WebUiBuiltInKeywords.navigateToUrl(WebUiBuiltInKeywords.groovy:187)
	at Script1710234207206.Autorization(Script1710234207206.groovy:674)
	at Script1710234207206.PreSettings(Script1710234207206.groovy:573)
	at Script1710234207206.Blocks(Script1710234207206.groovy:153)
	at Script1710234207206.ViruchkaChange(Script1710234207206.groovy:60)
	at Script1710234207206.run(Script1710234207206.groovy:55)
	... 15 more
)
	at com.kms.katalon.core.keyword.internal.KeywordMain.stepFailed(KeywordMain.groovy:39)
	at com.kms.katalon.core.webui.keyword.internal.WebUIKeywordMain.stepFailed(WebUIKeywordMain.groovy:64)
	at com.kms.katalon.core.webui.keyword.internal.WebUIKeywordMain.runKeyword(WebUIKeywordMain.groovy:26)
	at com.kms.katalon.core.webui.keyword.builtin.NavigateToUrlKeyword.navigateToUrl(NavigateToUrlKeyword.groovy:83)
	at com.kms.katalon.core.webui.keyword.builtin.NavigateToUrlKeyword.execute(NavigateToUrlKeyword.groovy:67)
	at com.kms.katalon.core.keyword.internal.KeywordExecutor.executeKeywordForPlatform(KeywordExecutor.groovy:74)
	at com.kms.katalon.core.webui.keyword.WebUiBuiltInKeywords.navigateToUrl(WebUiBuiltInKeywords.groovy:187)
	at Выручка в рублях сверка дашбордов ПАО Россети.Autorization(Выручка в рублях сверка дашбордов ПАО Россети:674)
	at Выручка в рублях сверка дашбордов ПАО Россети.PreSettings(Выручка в рублях сверка дашбордов ПАО Россети:573)
	at Выручка в рублях сверка дашбордов ПАО Россети.Blocks(Выручка в рублях сверка дашбордов ПАО Россети:153)
	at Выручка в рублях сверка дашбордов ПАО Россети.ViruchkaChange(Выручка в рублях сверка дашбордов ПАО Россети:60)
	at Выручка в рублях сверка дашбордов ПАО Россети.run(Выручка в рублях сверка дашбордов ПАО Россети:55)
	at com.kms.katalon.core.main.ScriptEngine.run(ScriptEngine.java:194)
	at com.kms.katalon.core.main.ScriptEngine.runScriptAsRawText(ScriptEngine.java:119)
	at com.kms.katalon.core.main.TestCaseExecutor.runScript(TestCaseExecutor.java:448)
	at com.kms.katalon.core.main.TestCaseExecutor.doExecute(TestCaseExecutor.java:439)
	at com.kms.katalon.core.main.TestCaseExecutor.processExecutionPhase(TestCaseExecutor.java:418)
	at com.kms.katalon.core.main.TestCaseExecutor.accessMainPhase(TestCaseExecutor.java:410)
	at com.kms.katalon.core.main.TestCaseExecutor.execute(TestCaseExecutor.java:285)
	at com.kms.katalon.core.common.CommonExecutor.accessTestCaseMainPhase(CommonExecutor.java:65)
	at com.kms.katalon.core.main.TestSuiteExecutor.accessTestSuiteMainPhase(TestSuiteExecutor.java:150)
	at com.kms.katalon.core.main.TestSuiteExecutor.execute(TestSuiteExecutor.java:106)
	at com.kms.katalon.core.main.TestCaseMain.startTestSuite(TestCaseMain.java:180)
	at TempTestSuite1732866793142.run(TempTestSuite1732866793142.groovy:35)
	at java.base/jdk.internal.reflect.NativeMethodAccessorImpl.invoke0(Native Method)
	at java.base/jdk.internal.reflect.NativeMethodAccessorImpl.invoke(NativeMethodAccessorImpl.java:77)
	at java.base/jdk.internal.reflect.DelegatingMethodAccessorImpl.invoke(DelegatingMethodAccessorImpl.java:43)
Caused by: com.kms.katalon.core.exception.StepFailedException: Unable to navigate to 'https://bi.rosseti.digital/viewer?dashboardGuid=2301950b23be4ed89c1df75f2020051e&sheetGuid=b723206f698544fb87299f3095c00435&fit=true'
	... 26 more
Caused by: org.openqa.selenium.TimeoutException: timeout: Timed out receiving message from renderer: 299.172
  (Session info: chrome=131.0.6778.86)
Build info: version: '3.141.59', revision: 'unknown', time: 'unknown'
System info: host: 'UVV-WS904-D', ip: '192.168.0.19', os.name: 'Windows 10', os.arch: 'amd64', os.version: '10.0', java.version: '17.0.7'
Driver info: com.kms.katalon.selenium.driver.CChromeDriver
Capabilities {acceptInsecureCerts: false, browserName: chrome, browserVersion: 131.0.6778.86, chrome: {chromedriverVersion: 131.0.6778.69 (77e2244bbcda..., userDataDir: C:\Users\LIAZGI~1\AppData\L...}, fedcm:accounts: true, goog:chromeOptions: {debuggerAddress: localhost:63519}, javascriptEnabled: true, networkConnectionEnabled: false, pageLoadStrategy: normal, platform: WINDOWS, platformName: WINDOWS, proxy: Proxy(), setWindowRect: true, strictFileInteractability: false, timeouts: {implicit: 0, pageLoad: 300000, script: 30000}, unhandledPromptBehavior: dismiss and notify, webauthn:extension:credBlob: true, webauthn:extension:largeBlob: true, webauthn:extension:minPinLength: true, webauthn:extension:prf: true, webauthn:virtualAuthenticators: true}
Session ID: 6428f965c29e06897a1ccfc9aeb264aa
	at java.base/jdk.internal.reflect.NativeConstructorAccessorImpl.newInstance0(Native Method)
	at java.base/jdk.internal.reflect.NativeConstructorAccessorImpl.newInstance(NativeConstructorAccessorImpl.java:77)
	at java.base/jdk.internal.reflect.DelegatingConstructorAccessorImpl.newInstance(DelegatingConstructorAccessorImpl.java:45)
	at org.openqa.selenium.remote.http.W3CHttpResponseCodec.createException(W3CHttpResponseCodec.java:187)
	at org.openqa.selenium.remote.http.W3CHttpResponseCodec.decode(W3CHttpResponseCodec.java:122)
	at org.openqa.selenium.remote.http.W3CHttpResponseCodec.decode(W3CHttpResponseCodec.java:49)
	at org.openqa.selenium.remote.HttpCommandExecutor.execute(HttpCommandExecutor.java:158)
	at org.openqa.selenium.remote.service.DriverCommandExecutor.execute(DriverCommandExecutor.java:83)
	at org.openqa.selenium.remote.RemoteWebDriver.execute(RemoteWebDriver.java:552)
	at com.kms.katalon.selenium.driver.CChromeDriver.execute(CChromeDriver.java:19)
	at org.openqa.selenium.remote.RemoteWebDriver.get(RemoteWebDriver.java:277)
	at org.openqa.selenium.remote.RemoteWebDriver$RemoteNavigation.to(RemoteWebDriver.java:857)
	at org.openqa.selenium.support.events.EventFiringWebDriver$EventFiringNavigation.to(EventFiringWebDriver.java:569)
	at com.kms.katalon.core.webui.keyword.builtin.NavigateToUrlKeyword$_navigateToUrl_closure1.doCall(NavigateToUrlKeyword.groovy:81)
	at com.kms.katalon.core.webui.keyword.builtin.NavigateToUrlKeyword$_navigateToUrl_closure1.call(NavigateToUrlKeyword.groovy)
	at com.kms.katalon.core.webui.keyword.internal.WebUIKeywordMain.runKeyword(WebUIKeywordMain.groovy:20)
	... 24 more]]></system-err>
   </testsuite>
</testsuites>
